<?xml version="1.0" encoding="UTF-8"?>
<testsuites tests="48" failures="0" errors="0" skipped="0">
  <testsuite timestamp="2025-04-28T17:17:49" time="1038.371" tests="12" failures="0" errors="0" skipped="0">
    <properties>
      <property name="specId" value="0" />
      <property name="suiteName" value="Billing Transfer - Master data &amp; Intercompany US127250" />
      <property name="capabilities" value="chrome.135_0_7049_96.windows" />
      <property name="file" value="file:///D:/a/1/s/test/specs/BTS/billing-transfer-intercompany.spec.js" />
    </properties>
    <testcase classname="chrome.135_0_7049_96.windows.Billing_Transfer_-_Master_data_&amp;_Intercompany_US127250" name="Should create a new yard" time="105.995">
      <system-out><![CDATA[
COMMAND: POST /session/f8b17aff14ace713329ed2ba9e517e88/window/fullscreen - {}
RESULT: {}
COMMAND: POST /session/f8b17aff14ace713329ed2ba9e517e88/execute/async - {"script":"<script> [1562 bytes]","args":[{"selector":{"controlType":"sap.m.GenericTile","properties":{"header":"Manage Yards"}},"wdio_ui5_key":"sapm.GenericTile{\"header\":\"Manage Yards\"}"}]}
RESULT: {"script":"<script> [1562 bytes]","args":[{"selector":{"controlType":"sap.m.GenericTile","properties":{"header":"Manage Yards"}},"wdio_ui5_key":"sapm.GenericTile{\"header\":\"Manage Yards\"}"}]}
RESULT: undefined
COMMAND: POST /session/f8b17aff14ace713329ed2ba9e517e88/element - {"using":"xpath","value":"//*[@id=\"__tile41\"]"}
RESULT: {"using":"xpath","value":"//*[@id=\"__tile41\"]"}
COMMAND: POST /session/f8b17aff14ace713329ed2ba9e517e88/element/f.8F60F7CA831AD576036D3680DB46BD22.d.361EAF65D954AFCC19FA8EF5A0E1B078.e.159/click - {}
RESULT: {}
COMMAND: POST /session/f8b17aff14ace713329ed2ba9e517e88/element - {"using":"xpath","value":"//button[@data-kt=\"addNewYardOverflowToolbarButton\"]"}
COMMAND: GET /session/f8b17aff14ace713329ed2ba9e517e88/screenshot - {}
RESULT: {"using":"xpath","value":"//button[@data-kt=\"addNewYardOverflowToolbarButton\"]"}
COMMAND: POST /session/f8b17aff14ace713329ed2ba9e517e88/elements - {"using":"xpath","value":"//button[@data-kt=\"addNewYardOverflowToolbarButton\"]"}
RESULT: {}
RESULT: {"using":"xpath","value":"//button[@data-kt=\"addNewYardOverflowToolbarButton\"]"}
COMMAND: POST /session/f8b17aff14ace713329ed2ba9e517e88/elements - {"using":"xpath","value":"//button[@data-kt=\"addNewYardOverflowToolbarButton\"]"}
RESULT: {"using":"xpath","value":"//button[@data-kt=\"addNewYardOverflowToolbarButton\"]"}
COMMAND: POST /session/f8b17aff14ace713329ed2ba9e517e88/elements - {"using":"xpath","value":"//button[@data-kt=\"addNewYardOverflowToolbarButton\"]"}
RESULT: {"using":"xpath","value":"//button[@data-kt=\"addNewYardOverflowToolbarButton\"]"}
COMMAND: POST /session/f8b17aff14ace713329ed2ba9e517e88/elements - {"using":"xpath","value":"//button[@data-kt=\"addNewYardOverflowToolbarButton\"]"}
RESULT: {"using":"xpath","value":"//button[@data-kt=\"addNewYardOverflowToolbarButton\"]"}
COMMAND: POST /session/f8b17aff14ace713329ed2ba9e517e88/elements - {"using":"xpath","value":"//button[@data-kt=\"addNewYardOverflowToolbarButton\"]"}
RESULT: {"using":"xpath","value":"//button[@data-kt=\"addNewYardOverflowToolbarButton\"]"}
COMMAND: POST /session/f8b17aff14ace713329ed2ba9e517e88/elements - {"using":"xpath","value":"//button[@data-kt=\"addNewYardOverflowToolbarButton\"]"}
RESULT: {"using":"xpath","value":"//button[@data-kt=\"addNewYardOverflowToolbarButton\"]"}
COMMAND: POST /session/f8b17aff14ace713329ed2ba9e517e88/elements - {"using":"xpath","value":"//button[@data-kt=\"addNewYardOverflowToolbarButton\"]"}
RESULT: {"using":"xpath","value":"//button[@data-kt=\"addNewYardOverflowToolbarButton\"]"}
COMMAND: POST /session/f8b17aff14ace713329ed2ba9e517e88/elements - {"using":"xpath","value":"//button[@data-kt=\"addNewYardOverflowToolbarButton\"]"}
RESULT: {"using":"xpath","value":"//button[@data-kt=\"addNewYardOverflowToolbarButton\"]"}
COMMAND: POST /session/f8b17aff14ace713329ed2ba9e517e88/elements - {"using":"xpath","value":"//button[@data-kt=\"addNewYardOverflowToolbarButton\"]"}
RESULT: {"using":"xpath","value":"//button[@data-kt=\"addNewYardOverflowToolbarButton\"]"}
COMMAND: POST /session/f8b17aff14ace713329ed2ba9e517e88/elements - {"using":"xpath","value":"//button[@data-kt=\"addNewYardOverflowToolbarButton\"]"}
RESULT: {"using":"xpath","value":"//button[@data-kt=\"addNewYardOverflowToolbarButton\"]"}
COMMAND: POST /session/f8b17aff14ace713329ed2ba9e517e88/elements - {"using":"xpath","value":"//button[@data-kt=\"addNewYardOverflowToolbarButton\"]"}
RESULT: {"using":"xpath","value":"//button[@data-kt=\"addNewYardOverflowToolbarButton\"]"}
COMMAND: POST /session/f8b17aff14ace713329ed2ba9e517e88/elements - {"using":"xpath","value":"//button[@data-kt=\"addNewYardOverflowToolbarButton\"]"}
RESULT: {"using":"xpath","value":"//button[@data-kt=\"addNewYardOverflowToolbarButton\"]"}
COMMAND: POST /session/f8b17aff14ace713329ed2ba9e517e88/elements - {"using":"xpath","value":"//button[@data-kt=\"addNewYardOverflowToolbarButton\"]"}
RESULT: {"using":"xpath","value":"//button[@data-kt=\"addNewYardOverflowToolbarButton\"]"}
COMMAND: POST /session/f8b17aff14ace713329ed2ba9e517e88/elements - {"using":"xpath","value":"//button[@data-kt=\"addNewYardOverflowToolbarButton\"]"}
RESULT: {"using":"xpath","value":"//button[@data-kt=\"addNewYardOverflowToolbarButton\"]"}
COMMAND: POST /session/f8b17aff14ace713329ed2ba9e517e88/elements - {"using":"xpath","value":"//button[@data-kt=\"addNewYardOverflowToolbarButton\"]"}
RESULT: {"using":"xpath","value":"//button[@data-kt=\"addNewYardOverflowToolbarButton\"]"}
COMMAND: POST /session/f8b17aff14ace713329ed2ba9e517e88/elements - {"using":"xpath","value":"//button[@data-kt=\"addNewYardOverflowToolbarButton\"]"}
RESULT: {"using":"xpath","value":"//button[@data-kt=\"addNewYardOverflowToolbarButton\"]"}
COMMAND: POST /session/f8b17aff14ace713329ed2ba9e517e88/elements - {"using":"xpath","value":"//button[@data-kt=\"addNewYardOverflowToolbarButton\"]"}
RESULT: {"using":"xpath","value":"//button[@data-kt=\"addNewYardOverflowToolbarButton\"]"}
COMMAND: POST /session/f8b17aff14ace713329ed2ba9e517e88/elements - {"using":"xpath","value":"//button[@data-kt=\"addNewYardOverflowToolbarButton\"]"}
RESULT: {"using":"xpath","value":"//button[@data-kt=\"addNewYardOverflowToolbarButton\"]"}
COMMAND: POST /session/f8b17aff14ace713329ed2ba9e517e88/elements - {"using":"xpath","value":"//button[@data-kt=\"addNewYardOverflowToolbarButton\"]"}
RESULT: {"using":"xpath","value":"//button[@data-kt=\"addNewYardOverflowToolbarButton\"]"}
COMMAND: POST /session/f8b17aff14ace713329ed2ba9e517e88/elements - {"using":"xpath","value":"//button[@data-kt=\"addNewYardOverflowToolbarButton\"]"}
RESULT: {"using":"xpath","value":"//button[@data-kt=\"addNewYardOverflowToolbarButton\"]"}
COMMAND: POST /session/f8b17aff14ace713329ed2ba9e517e88/elements - {"using":"xpath","value":"//button[@data-kt=\"addNewYardOverflowToolbarButton\"]"}
RESULT: {"using":"xpath","value":"//button[@data-kt=\"addNewYardOverflowToolbarButton\"]"}
COMMAND: POST /session/f8b17aff14ace713329ed2ba9e517e88/elements - {"using":"xpath","value":"//button[@data-kt=\"addNewYardOverflowToolbarButton\"]"}
RESULT: {"using":"xpath","value":"//button[@data-kt=\"addNewYardOverflowToolbarButton\"]"}
COMMAND: POST /session/f8b17aff14ace713329ed2ba9e517e88/elements - {"using":"xpath","value":"//button[@data-kt=\"addNewYardOverflowToolbarButton\"]"}
RESULT: {"using":"xpath","value":"//button[@data-kt=\"addNewYardOverflowToolbarButton\"]"}
COMMAND: POST /session/f8b17aff14ace713329ed2ba9e517e88/elements - {"using":"xpath","value":"//button[@data-kt=\"addNewYardOverflowToolbarButton\"]"}
RESULT: {"using":"xpath","value":"//button[@data-kt=\"addNewYardOverflowToolbarButton\"]"}
COMMAND: POST /session/f8b17aff14ace713329ed2ba9e517e88/element - {"using":"xpath","value":"//button[@data-kt=\"addNewYardOverflowToolbarButton\"]"}
RESULT: {"using":"xpath","value":"//button[@data-kt=\"addNewYardOverflowToolbarButton\"]"}
COMMAND: POST /session/f8b17aff14ace713329ed2ba9e517e88/execute/sync - {"script":"<script> [8489 bytes]","args":[{"element-6066-11e4-a52e-4f735466cecf":"f.8F60F7CA831AD576036D3680DB46BD22.d.361EAF65D954AFCC19FA8EF5A0E1B078.e.287","ELEMENT":"f.8F60F7CA831AD576036D3680DB46BD22.d.361EAF65D954AFCC19FA8EF5A0E1B078.e.287"}]}
RESULT: {"script":"<script> [8489 bytes]","args":[{"element-6066-11e4-a52e-4f735466cecf":"f.8F60F7CA831AD576036D3680DB46BD22.d.361EAF65D954AFCC19FA8EF5A0E1B078.e.287","ELEMENT":"f.8F60F7CA831AD576036D3680DB46BD22.d.361EAF65D954AFCC19FA8EF5A0E1B078.e.287"}]}
COMMAND: GET /session/f8b17aff14ace713329ed2ba9e517e88/element/f.8F60F7CA831AD576036D3680DB46BD22.d.361EAF65D954AFCC19FA8EF5A0E1B078.e.287/enabled - {}
COMMAND: GET /session/f8b17aff14ace713329ed2ba9e517e88/screenshot - {}
RESULT: {}
COMMAND: POST /session/f8b17aff14ace713329ed2ba9e517e88/execute/sync - {"script":"<script> [8489 bytes]","args":[{"element-6066-11e4-a52e-4f735466cecf":"f.8F60F7CA831AD576036D3680DB46BD22.d.361EAF65D954AFCC19FA8EF5A0E1B078.e.287","ELEMENT":"f.8F60F7CA831AD576036D3680DB46BD22.d.361EAF65D954AFCC19FA8EF5A0E1B078.e.287"}]}
COMMAND: GET /session/f8b17aff14ace713329ed2ba9e517e88/screenshot - {}
RESULT: {}
RESULT: {"script":"<script> [8489 bytes]","args":[{"element-6066-11e4-a52e-4f735466cecf":"f.8F60F7CA831AD576036D3680DB46BD22.d.361EAF65D954AFCC19FA8EF5A0E1B078.e.287","ELEMENT":"f.8F60F7CA831AD576036D3680DB46BD22.d.361EAF65D954AFCC19FA8EF5A0E1B078.e.287"}]}
COMMAND: POST /session/f8b17aff14ace713329ed2ba9e517e88/execute/sync - {"script":"<script> [5351 bytes]","args":[{"element-6066-11e4-a52e-4f735466cecf":"f.8F60F7CA831AD576036D3680DB46BD22.d.361EAF65D954AFCC19FA8EF5A0E1B078.e.287","ELEMENT":"f.8F60F7CA831AD576036D3680DB46BD22.d.361EAF65D954AFCC19FA8EF5A0E1B078.e.287"}]}
COMMAND: GET /session/f8b17aff14ace713329ed2ba9e517e88/screenshot - {}
RESULT: {}
RESULT: {"script":"<script> [5351 bytes]","args":[{"element-6066-11e4-a52e-4f735466cecf":"f.8F60F7CA831AD576036D3680DB46BD22.d.361EAF65D954AFCC19FA8EF5A0E1B078.e.287","ELEMENT":"f.8F60F7CA831AD576036D3680DB46BD22.d.361EAF65D954AFCC19FA8EF5A0E1B078.e.287"}]}
COMMAND: POST /session/f8b17aff14ace713329ed2ba9e517e88/element/f.8F60F7CA831AD576036D3680DB46BD22.d.361EAF65D954AFCC19FA8EF5A0E1B078.e.287/click - {}
COMMAND: GET /session/f8b17aff14ace713329ed2ba9e517e88/screenshot - {}
RESULT: {}
RESULT: {}
COMMAND: GET /session/f8b17aff14ace713329ed2ba9e517e88/screenshot - {}
COMMAND: POST /session/f8b17aff14ace713329ed2ba9e517e88/element - {"using":"xpath","value":"//input[@id=\"application-manageyards-display-component---NewYard--yardId-inner\"]"}
RESULT: {}
RESULT: {}
RESULT: {"using":"xpath","value":"//input[@id=\"application-manageyards-display-component---NewYard--yardId-inner\"]"}
COMMAND: POST /session/f8b17aff14ace713329ed2ba9e517e88/element - {"using":"xpath","value":"//input[@id=\"application-manageyards-display-component---NewYard--yardId-inner\"]"}
RESULT: {"using":"xpath","value":"//input[@id=\"application-manageyards-display-component---NewYard--yardId-inner\"]"}
COMMAND: POST /session/f8b17aff14ace713329ed2ba9e517e88/execute/async - {"script":"<script> [1562 bytes]","args":[{"selector":{"id":"application-manageyards-display-component---NewYard--addressDetailDetailsName1","interaction":{"idSuffix":"inner"}},"wdio_ui5_key":"applicationmanageyards-display-component---NewYard--addressDetailDetailsName1"}]}
RESULT: {"script":"<script> [1562 bytes]","args":[{"selector":{"id":"application-manageyards-display-component---NewYard--addressDetailDetailsName1","interaction":{"idSuffix":"inner"}},"wdio_ui5_key":"applicationmanageyards-display-component---NewYard--addressDetailDetailsName1"}]}
RESULT: undefined
COMMAND: POST /session/f8b17aff14ace713329ed2ba9e517e88/execute/async - {"script":"<script> [776 bytes]","args":[{"enterText":"Intercompany Yard wdIO","selector":{"id":"application-manageyards-display-component---NewYard--addressDetailDetailsName1","interaction":{"idSuffix":"inner"}},"clearTextFirst":true,"interactionType":"ENTER_TEXT"}]}
RESULT: {"script":"<script> [776 bytes]","args":[{"enterText":"Intercompany Yard wdIO","selector":{"id":"application-manageyards-display-component---NewYard--addressDetailDetailsName1","interaction":{"idSuffix":"inner"}},"clearTextFirst":true,"interactionType":"ENTER_TEXT"}]}
COMMAND: POST /session/f8b17aff14ace713329ed2ba9e517e88/execute/async - {"script":"<script> [1562 bytes]","args":[{"selector":{"id":"application-manageyards-display-component---NewYard--addressDetailDetailsLanguage-arrow"},"wdio_ui5_key":"applicationmanageyards-display-component---NewYard--addressDetailDetailsLanguage-arrow"}]}
RESULT: {"script":"<script> [1562 bytes]","args":[{"selector":{"id":"application-manageyards-display-component---NewYard--addressDetailDetailsLanguage-arrow"},"wdio_ui5_key":"applicationmanageyards-display-component---NewYard--addressDetailDetailsLanguage-arrow"}]}
RESULT: undefined
COMMAND: POST /session/f8b17aff14ace713329ed2ba9e517e88/element - {"using":"xpath","value":"//*[@id=\"application-manageyards-display-component---NewYard--addressDetailDetailsLanguage-arrow\"]"}
RESULT: {"using":"xpath","value":"//*[@id=\"application-manageyards-display-component---NewYard--addressDetailDetailsLanguage-arrow\"]"}
COMMAND: POST /session/f8b17aff14ace713329ed2ba9e517e88/element/f.8F60F7CA831AD576036D3680DB46BD22.d.361EAF65D954AFCC19FA8EF5A0E1B078.e.725/click - {}
RESULT: {}
COMMAND: POST /session/f8b17aff14ace713329ed2ba9e517e88/element - {"using":"xpath","value":"//span[contains(text(), \"English\")]"}
COMMAND: GET /session/f8b17aff14ace713329ed2ba9e517e88/screenshot - {}
RESULT: {"using":"xpath","value":"//span[contains(text(), \"English\")]"}
COMMAND: POST /session/f8b17aff14ace713329ed2ba9e517e88/element/f.8F60F7CA831AD576036D3680DB46BD22.d.361EAF65D954AFCC19FA8EF5A0E1B078.e.726/click - {}
RESULT: {}
RESULT: {}
COMMAND: POST /session/f8b17aff14ace713329ed2ba9e517e88/execute/async - {"script":"<script> [1562 bytes]","args":[{"selector":{"id":"application-manageyards-display-component---NewYard--addressDetailDetailsCity1","interaction":{"idSuffix":"inner"}},"wdio_ui5_key":"applicationmanageyards-display-component---NewYard--addressDetailDetailsCity1"}]}
COMMAND: GET /session/f8b17aff14ace713329ed2ba9e517e88/screenshot - {}
RESULT: {"script":"<script> [1562 bytes]","args":[{"selector":{"id":"application-manageyards-display-component---NewYard--addressDetailDetailsCity1","interaction":{"idSuffix":"inner"}},"wdio_ui5_key":"applicationmanageyards-display-component---NewYard--addressDetailDetailsCity1"}]}
RESULT: undefined
COMMAND: POST /session/f8b17aff14ace713329ed2ba9e517e88/execute/async - {"script":"<script> [776 bytes]","args":[{"enterText":"Rosario","selector":{"id":"application-manageyards-display-component---NewYard--addressDetailDetailsCity1","interaction":{"idSuffix":"inner"}},"clearTextFirst":true,"interactionType":"ENTER_TEXT"}]}
RESULT: {}
RESULT: {"script":"<script> [776 bytes]","args":[{"enterText":"Rosario","selector":{"id":"application-manageyards-display-component---NewYard--addressDetailDetailsCity1","interaction":{"idSuffix":"inner"}},"clearTextFirst":true,"interactionType":"ENTER_TEXT"}]}
COMMAND: POST /session/f8b17aff14ace713329ed2ba9e517e88/execute/async - {"script":"<script> [1562 bytes]","args":[{"selector":{"id":"application-manageyards-display-component---NewYard--addressDetailDetailsCountry-arrow"},"wdio_ui5_key":"applicationmanageyards-display-component---NewYard--addressDetailDetailsCountry-arrow"}]}
RESULT: {"script":"<script> [1562 bytes]","args":[{"selector":{"id":"application-manageyards-display-component---NewYard--addressDetailDetailsCountry-arrow"},"wdio_ui5_key":"applicationmanageyards-display-component---NewYard--addressDetailDetailsCountry-arrow"}]}
RESULT: undefined
COMMAND: POST /session/f8b17aff14ace713329ed2ba9e517e88/element - {"using":"xpath","value":"//*[@id=\"application-manageyards-display-component---NewYard--addressDetailDetailsCountry-arrow\"]"}
RESULT: {"using":"xpath","value":"//*[@id=\"application-manageyards-display-component---NewYard--addressDetailDetailsCountry-arrow\"]"}
COMMAND: POST /session/f8b17aff14ace713329ed2ba9e517e88/element/f.8F60F7CA831AD576036D3680DB46BD22.d.361EAF65D954AFCC19FA8EF5A0E1B078.e.728/click - {}
RESULT: {}
COMMAND: POST /session/f8b17aff14ace713329ed2ba9e517e88/element - {"using":"xpath","value":"//span[contains(text(), \"Argentina\")]"}
COMMAND: GET /session/f8b17aff14ace713329ed2ba9e517e88/screenshot - {}
RESULT: {"using":"xpath","value":"//span[contains(text(), \"Argentina\")]"}
COMMAND: POST /session/f8b17aff14ace713329ed2ba9e517e88/element/f.8F60F7CA831AD576036D3680DB46BD22.d.361EAF65D954AFCC19FA8EF5A0E1B078.e.729/click - {}
RESULT: {}
RESULT: {}
COMMAND: POST /session/f8b17aff14ace713329ed2ba9e517e88/execute/async - {"script":"<script> [1562 bytes]","args":[{"selector":{"id":"application-manageyards-display-component---NewYard--addressEditDetailsCostObjectCstType-arrow"},"wdio_ui5_key":"applicationmanageyards-display-component---NewYard--addressEditDetailsCostObjectCstType-arrow"}]}
COMMAND: GET /session/f8b17aff14ace713329ed2ba9e517e88/screenshot - {}
RESULT: {"script":"<script> [1562 bytes]","args":[{"selector":{"id":"application-manageyards-display-component---NewYard--addressEditDetailsCostObjectCstType-arrow"},"wdio_ui5_key":"applicationmanageyards-display-component---NewYard--addressEditDetailsCostObjectCstType-arrow"}]}
RESULT: undefined
COMMAND: POST /session/f8b17aff14ace713329ed2ba9e517e88/element - {"using":"xpath","value":"//*[@id=\"application-manageyards-display-component---NewYard--addressEditDetailsCostObjectCstType-arrow\"]"}
RESULT: {}
RESULT: {"using":"xpath","value":"//*[@id=\"application-manageyards-display-component---NewYard--addressEditDetailsCostObjectCstType-arrow\"]"}
COMMAND: POST /session/f8b17aff14ace713329ed2ba9e517e88/element/f.8F60F7CA831AD576036D3680DB46BD22.d.361EAF65D954AFCC19FA8EF5A0E1B078.e.731/click - {}
RESULT: {}
COMMAND: POST /session/f8b17aff14ace713329ed2ba9e517e88/element - {"using":"xpath","value":"//span[contains(text(), \"Cost Center\")]"}
COMMAND: GET /session/f8b17aff14ace713329ed2ba9e517e88/screenshot - {}
RESULT: {"using":"xpath","value":"//span[contains(text(), \"Cost Center\")]"}
COMMAND: POST /session/f8b17aff14ace713329ed2ba9e517e88/element/f.8F60F7CA831AD576036D3680DB46BD22.d.361EAF65D954AFCC19FA8EF5A0E1B078.e.732/click - {}
RESULT: {}
RESULT: {}
COMMAND: GET /session/f8b17aff14ace713329ed2ba9e517e88/screenshot - {}
RESULT: {}
COMMAND: POST /session/f8b17aff14ace713329ed2ba9e517e88/element - {"using":"xpath","value":"//span[@id=\"application-manageyards-display-component---NewYard--addressNewCostObjectCstID-vhi\"]"}
RESULT: {"using":"xpath","value":"//span[@id=\"application-manageyards-display-component---NewYard--addressNewCostObjectCstID-vhi\"]"}
COMMAND: POST /session/f8b17aff14ace713329ed2ba9e517e88/execute/sync - {"script":"<script> [8489 bytes]","args":[{"element-6066-11e4-a52e-4f735466cecf":"f.8F60F7CA831AD576036D3680DB46BD22.d.361EAF65D954AFCC19FA8EF5A0E1B078.e.736","ELEMENT":"f.8F60F7CA831AD576036D3680DB46BD22.d.361EAF65D954AFCC19FA8EF5A0E1B078.e.736"}]}
RESULT: {"script":"<script> [8489 bytes]","args":[{"element-6066-11e4-a52e-4f735466cecf":"f.8F60F7CA831AD576036D3680DB46BD22.d.361EAF65D954AFCC19FA8EF5A0E1B078.e.736","ELEMENT":"f.8F60F7CA831AD576036D3680DB46BD22.d.361EAF65D954AFCC19FA8EF5A0E1B078.e.736"}]}
COMMAND: POST /session/f8b17aff14ace713329ed2ba9e517e88/execute/async - {"script":"<script> [1562 bytes]","args":[{"selector":{"id":"application-manageyards-display-component---NewYard--addressNewCostObjectCstID-vhi"},"wdio_ui5_key":"applicationmanageyards-display-component---NewYard--addressNewCostObjectCstID-vhi"}]}
COMMAND: GET /session/f8b17aff14ace713329ed2ba9e517e88/screenshot - {}
RESULT: {}
RESULT: {"script":"<script> [1562 bytes]","args":[{"selector":{"id":"application-manageyards-display-component---NewYard--addressNewCostObjectCstID-vhi"},"wdio_ui5_key":"applicationmanageyards-display-component---NewYard--addressNewCostObjectCstID-vhi"}]}
RESULT: undefined
COMMAND: POST /session/f8b17aff14ace713329ed2ba9e517e88/element - {"using":"xpath","value":"//*[@id=\"application-manageyards-display-component---NewYard--addressNewCostObjectCstID-vhi\"]"}
RESULT: {"using":"xpath","value":"//*[@id=\"application-manageyards-display-component---NewYard--addressNewCostObjectCstID-vhi\"]"}
COMMAND: POST /session/f8b17aff14ace713329ed2ba9e517e88/element/f.8F60F7CA831AD576036D3680DB46BD22.d.361EAF65D954AFCC19FA8EF5A0E1B078.e.736/click - {}
RESULT: {}
COMMAND: GET /session/f8b17aff14ace713329ed2ba9e517e88/screenshot - {}
RESULT: {}
COMMAND: POST /session/f8b17aff14ace713329ed2ba9e517e88/execute/async - {"script":"<script> [1562 bytes]","args":[{"selector":{"controlType":"sap.m.SearchField","properties":{"placeholder":"Search"},"searchOpenDialogs":true,"interaction":{"idSuffix":"I"}},"wdio_ui5_key":"sapm.SearchField{\"placeholder\":\"Search\"}"}]}
RESULT: {"script":"<script> [1562 bytes]","args":[{"selector":{"controlType":"sap.m.SearchField","properties":{"placeholder":"Search"},"searchOpenDialogs":true,"interaction":{"idSuffix":"I"}},"wdio_ui5_key":"sapm.SearchField{\"placeholder\":\"Search\"}"}]}
RESULT: undefined
COMMAND: POST /session/f8b17aff14ace713329ed2ba9e517e88/execute/async - {"script":"<script> [776 bytes]","args":[{"enterText":"10001013","selector":{"controlType":"sap.m.SearchField","properties":{"placeholder":"Search"},"searchOpenDialogs":true,"interaction":{"idSuffix":"I"}},"clearTextFirst":true,"interactionType":"ENTER_TEXT"}]}
RESULT: {"script":"<script> [776 bytes]","args":[{"enterText":"10001013","selector":{"controlType":"sap.m.SearchField","properties":{"placeholder":"Search"},"searchOpenDialogs":true,"interaction":{"idSuffix":"I"}},"clearTextFirst":true,"interactionType":"ENTER_TEXT"}]}
COMMAND: POST /session/f8b17aff14ace713329ed2ba9e517e88/actions - {"actions":[{"id":"action1","type":"key","parameters":{},"actions":[{"type":"keyDown","value":"î€‡"},{"type":"pause","duration":10},{"type":"keyUp","value":"î€‡"}]}]}
RESULT: {"actions":[{"id":"action1","type":"key","parameters":{},"actions":[{"type":"keyDown","value":"î€‡"},{"type":"pause","duration":10},{"type":"keyUp","value":"î€‡"}]}]}
COMMAND: GET /session/f8b17aff14ace713329ed2ba9e517e88/screenshot - {}
RESULT: {}
COMMAND: POST /session/f8b17aff14ace713329ed2ba9e517e88/element - {"using":"xpath","value":"//span[contains(text(), \"General Management\")]"}
RESULT: {"using":"xpath","value":"//span[contains(text(), \"General Management\")]"}
COMMAND: POST /session/f8b17aff14ace713329ed2ba9e517e88/element/f.8F60F7CA831AD576036D3680DB46BD22.d.361EAF65D954AFCC19FA8EF5A0E1B078.e.777/click - {}
RESULT: {}
COMMAND: GET /session/f8b17aff14ace713329ed2ba9e517e88/screenshot - {}
RESULT: {}
COMMAND: POST /session/f8b17aff14ace713329ed2ba9e517e88/element - {"using":"xpath","value":"//bdi[contains(text(), \"OK\")]"}
RESULT: {"using":"xpath","value":"//bdi[contains(text(), \"OK\")]"}
COMMAND: POST /session/f8b17aff14ace713329ed2ba9e517e88/element/f.8F60F7CA831AD576036D3680DB46BD22.d.361EAF65D954AFCC19FA8EF5A0E1B078.e.778/click - {}
RESULT: {}
COMMAND: GET /session/f8b17aff14ace713329ed2ba9e517e88/screenshot - {}
RESULT: {}
COMMAND: POST /session/f8b17aff14ace713329ed2ba9e517e88/execute/async - {"script":"<script> [1562 bytes]","args":[{"selector":{"id":"application-manageyards-display-component---NewYard--addressEditDetailsCurrency-arrow"},"wdio_ui5_key":"applicationmanageyards-display-component---NewYard--addressEditDetailsCurrency-arrow"}]}
RESULT: {"script":"<script> [1562 bytes]","args":[{"selector":{"id":"application-manageyards-display-component---NewYard--addressEditDetailsCurrency-arrow"},"wdio_ui5_key":"applicationmanageyards-display-component---NewYard--addressEditDetailsCurrency-arrow"}]}
RESULT: undefined
COMMAND: POST /session/f8b17aff14ace713329ed2ba9e517e88/element - {"using":"xpath","value":"//*[@id=\"application-manageyards-display-component---NewYard--addressEditDetailsCurrency-arrow\"]"}
RESULT: {"using":"xpath","value":"//*[@id=\"application-manageyards-display-component---NewYard--addressEditDetailsCurrency-arrow\"]"}
COMMAND: POST /session/f8b17aff14ace713329ed2ba9e517e88/element/f.8F60F7CA831AD576036D3680DB46BD22.d.361EAF65D954AFCC19FA8EF5A0E1B078.e.781/click - {}
RESULT: {}
COMMAND: POST /session/f8b17aff14ace713329ed2ba9e517e88/element - {"using":"xpath","value":"//span[contains(text(), \"Euro\")]"}
COMMAND: GET /session/f8b17aff14ace713329ed2ba9e517e88/screenshot - {}
RESULT: {"using":"xpath","value":"//span[contains(text(), \"Euro\")]"}
COMMAND: POST /session/f8b17aff14ace713329ed2ba9e517e88/element/f.8F60F7CA831AD576036D3680DB46BD22.d.361EAF65D954AFCC19FA8EF5A0E1B078.e.782/click - {}
RESULT: {}
RESULT: {}
COMMAND: POST /session/f8b17aff14ace713329ed2ba9e517e88/execute/async - {"script":"<script> [1562 bytes]","args":[{"selector":{"controlType":"sap.m.Input","viewName":"etm.portal.ui.manageyards.view.New","viewId":"application-manageyards-display-component---NewYard","bindingPath":{"path":"","propertyPath":"/CONTROLLING_AREA","modelName":"NewYardModel"},"interaction":{"idSuffix":"inner"}},"wdio_ui5_key":"etmportal.ui.manageyards.view.Newsap.m.Input{\"path\":\"\",\"propertyPath\":\"/CONTROLLING_AREA\",\"modelName\":\"NewYardModel\"}"}]}
COMMAND: GET /session/f8b17aff14ace713329ed2ba9e517e88/screenshot - {}
RESULT: {"script":"<script> [1562 bytes]","args":[{"selector":{"controlType":"sap.m.Input","viewName":"etm.portal.ui.manageyards.view.New","viewId":"application-manageyards-display-component---NewYard","bindingPath":{"path":"","propertyPath":"/CONTROLLING_AREA","modelName":"NewYardModel"},"interaction":{"idSuffix":"inner"}},"wdio_ui5_key":"etmportal.ui.manageyards.view.Newsap.m.Input{\"path\":\"\",\"propertyPath\":\"/CONTROLLING_AREA\",\"modelName\":\"NewYardModel\"}"}]}
RESULT: undefined
COMMAND: POST /session/f8b17aff14ace713329ed2ba9e517e88/execute/async - {"script":"<script> [776 bytes]","args":[{"enterText":"Z001","selector":{"controlType":"sap.m.Input","viewName":"etm.portal.ui.manageyards.view.New","viewId":"application-manageyards-display-component---NewYard","bindingPath":{"path":"","propertyPath":"/CONTROLLING_AREA","modelName":"NewYardModel"},"interaction":{"idSuffix":"inner"}},"clearTextFirst":true,"interactionType":"ENTER_TEXT"}]}
RESULT: {}
RESULT: {"script":"<script> [776 bytes]","args":[{"enterText":"Z001","selector":{"controlType":"sap.m.Input","viewName":"etm.portal.ui.manageyards.view.New","viewId":"application-manageyards-display-component---NewYard","bindingPath":{"path":"","propertyPath":"/CONTROLLING_AREA","modelName":"NewYardModel"},"interaction":{"idSuffix":"inner"}},"clearTextFirst":true,"interactionType":"ENTER_TEXT"}]}
COMMAND: POST /session/f8b17aff14ace713329ed2ba9e517e88/execute/async - {"script":"<script> [1562 bytes]","args":[{"selector":{"id":"application-manageyards-display-component---NewYard--companyCodeComboBox","interaction":{"idSuffix":"inner"}},"wdio_ui5_key":"applicationmanageyards-display-component---NewYard--companyCodeComboBox"}]}
RESULT: {"script":"<script> [1562 bytes]","args":[{"selector":{"id":"application-manageyards-display-component---NewYard--companyCodeComboBox","interaction":{"idSuffix":"inner"}},"wdio_ui5_key":"applicationmanageyards-display-component---NewYard--companyCodeComboBox"}]}
RESULT: undefined
COMMAND: POST /session/f8b17aff14ace713329ed2ba9e517e88/execute/async - {"script":"<script> [776 bytes]","args":[{"enterText":"1000","selector":{"id":"application-manageyards-display-component---NewYard--companyCodeComboBox","interaction":{"idSuffix":"inner"}},"clearTextFirst":true,"interactionType":"ENTER_TEXT"}]}
RESULT: {"script":"<script> [776 bytes]","args":[{"enterText":"1000","selector":{"id":"application-manageyards-display-component---NewYard--companyCodeComboBox","interaction":{"idSuffix":"inner"}},"clearTextFirst":true,"interactionType":"ENTER_TEXT"}]}
COMMAND: POST /session/f8b17aff14ace713329ed2ba9e517e88/execute/async - {"script":"<script> [1562 bytes]","args":[{"selector":{"controlType":"sap.m.Input","viewName":"etm.portal.ui.manageyards.view.New","viewId":"application-manageyards-display-component---NewYard","bindingPath":{"path":"","propertyPath":"/PLANT","modelName":"NewYardModel"},"interaction":{"idSuffix":"inner"}},"wdio_ui5_key":"etmportal.ui.manageyards.view.Newsap.m.Input{\"path\":\"\",\"propertyPath\":\"/PLANT\",\"modelName\":\"NewYardModel\"}"}]}
RESULT: {"script":"<script> [1562 bytes]","args":[{"selector":{"controlType":"sap.m.Input","viewName":"etm.portal.ui.manageyards.view.New","viewId":"application-manageyards-display-component---NewYard","bindingPath":{"path":"","propertyPath":"/PLANT","modelName":"NewYardModel"},"interaction":{"idSuffix":"inner"}},"wdio_ui5_key":"etmportal.ui.manageyards.view.Newsap.m.Input{\"path\":\"\",\"propertyPath\":\"/PLANT\",\"modelName\":\"NewYardModel\"}"}]}
RESULT: undefined
COMMAND: POST /session/f8b17aff14ace713329ed2ba9e517e88/execute/async - {"script":"<script> [776 bytes]","args":[{"enterText":"1001","selector":{"controlType":"sap.m.Input","viewName":"etm.portal.ui.manageyards.view.New","viewId":"application-manageyards-display-component---NewYard","bindingPath":{"path":"","propertyPath":"/PLANT","modelName":"NewYardModel"},"interaction":{"idSuffix":"inner"}},"clearTextFirst":true,"interactionType":"ENTER_TEXT"}]}
RESULT: {"script":"<script> [776 bytes]","args":[{"enterText":"1001","selector":{"controlType":"sap.m.Input","viewName":"etm.portal.ui.manageyards.view.New","viewId":"application-manageyards-display-component---NewYard","bindingPath":{"path":"","propertyPath":"/PLANT","modelName":"NewYardModel"},"interaction":{"idSuffix":"inner"}},"clearTextFirst":true,"interactionType":"ENTER_TEXT"}]}
COMMAND: POST /session/f8b17aff14ace713329ed2ba9e517e88/execute/async - {"script":"<script> [1562 bytes]","args":[{"selector":{"controlType":"sap.m.Input","viewName":"etm.portal.ui.manageyards.view.New","viewId":"application-manageyards-display-component---NewYard","bindingPath":{"path":"","propertyPath":"/SALES_AREA_VKORG","modelName":"NewYardModel"},"interaction":{"idSuffix":"inner"}},"wdio_ui5_key":"etmportal.ui.manageyards.view.Newsap.m.Input{\"path\":\"\",\"propertyPath\":\"/SALES_AREA_VKORG\",\"modelName\":\"NewYardModel\"}"}]}
RESULT: {"script":"<script> [1562 bytes]","args":[{"selector":{"controlType":"sap.m.Input","viewName":"etm.portal.ui.manageyards.view.New","viewId":"application-manageyards-display-component---NewYard","bindingPath":{"path":"","propertyPath":"/SALES_AREA_VKORG","modelName":"NewYardModel"},"interaction":{"idSuffix":"inner"}},"wdio_ui5_key":"etmportal.ui.manageyards.view.Newsap.m.Input{\"path\":\"\",\"propertyPath\":\"/SALES_AREA_VKORG\",\"modelName\":\"NewYardModel\"}"}]}
RESULT: undefined
COMMAND: POST /session/f8b17aff14ace713329ed2ba9e517e88/execute/async - {"script":"<script> [776 bytes]","args":[{"enterText":"C002","selector":{"controlType":"sap.m.Input","viewName":"etm.portal.ui.manageyards.view.New","viewId":"application-manageyards-display-component---NewYard","bindingPath":{"path":"","propertyPath":"/SALES_AREA_VKORG","modelName":"NewYardModel"},"interaction":{"idSuffix":"inner"}},"clearTextFirst":true,"interactionType":"ENTER_TEXT"}]}
RESULT: {"script":"<script> [776 bytes]","args":[{"enterText":"C002","selector":{"controlType":"sap.m.Input","viewName":"etm.portal.ui.manageyards.view.New","viewId":"application-manageyards-display-component---NewYard","bindingPath":{"path":"","propertyPath":"/SALES_AREA_VKORG","modelName":"NewYardModel"},"interaction":{"idSuffix":"inner"}},"clearTextFirst":true,"interactionType":"ENTER_TEXT"}]}
COMMAND: POST /session/f8b17aff14ace713329ed2ba9e517e88/execute/async - {"script":"<script> [1562 bytes]","args":[{"selector":{"controlType":"sap.m.Input","viewName":"etm.portal.ui.manageyards.view.New","viewId":"application-manageyards-display-component---NewYard","bindingPath":{"path":"","propertyPath":"/SALES_AREA_VTWEG","modelName":"NewYardModel"},"interaction":{"idSuffix":"inner"}},"wdio_ui5_key":"etmportal.ui.manageyards.view.Newsap.m.Input{\"path\":\"\",\"propertyPath\":\"/SALES_AREA_VTWEG\",\"modelName\":\"NewYardModel\"}"}]}
RESULT: {"script":"<script> [1562 bytes]","args":[{"selector":{"controlType":"sap.m.Input","viewName":"etm.portal.ui.manageyards.view.New","viewId":"application-manageyards-display-component---NewYard","bindingPath":{"path":"","propertyPath":"/SALES_AREA_VTWEG","modelName":"NewYardModel"},"interaction":{"idSuffix":"inner"}},"wdio_ui5_key":"etmportal.ui.manageyards.view.Newsap.m.Input{\"path\":\"\",\"propertyPath\":\"/SALES_AREA_VTWEG\",\"modelName\":\"NewYardModel\"}"}]}
RESULT: undefined
COMMAND: POST /session/f8b17aff14ace713329ed2ba9e517e88/execute/async - {"script":"<script> [776 bytes]","args":[{"enterText":"C2","selector":{"controlType":"sap.m.Input","viewName":"etm.portal.ui.manageyards.view.New","viewId":"application-manageyards-display-component---NewYard","bindingPath":{"path":"","propertyPath":"/SALES_AREA_VTWEG","modelName":"NewYardModel"},"interaction":{"idSuffix":"inner"}},"clearTextFirst":true,"interactionType":"ENTER_TEXT"}]}
RESULT: {"script":"<script> [776 bytes]","args":[{"enterText":"C2","selector":{"controlType":"sap.m.Input","viewName":"etm.portal.ui.manageyards.view.New","viewId":"application-manageyards-display-component---NewYard","bindingPath":{"path":"","propertyPath":"/SALES_AREA_VTWEG","modelName":"NewYardModel"},"interaction":{"idSuffix":"inner"}},"clearTextFirst":true,"interactionType":"ENTER_TEXT"}]}
COMMAND: POST /session/f8b17aff14ace713329ed2ba9e517e88/execute/async - {"script":"<script> [1562 bytes]","args":[{"selector":{"controlType":"sap.m.Input","viewName":"etm.portal.ui.manageyards.view.New","viewId":"application-manageyards-display-component---NewYard","bindingPath":{"path":"","propertyPath":"/SALES_AREA_SPART","modelName":"NewYardModel"},"interaction":{"idSuffix":"inner"}},"wdio_ui5_key":"etmportal.ui.manageyards.view.Newsap.m.Input{\"path\":\"\",\"propertyPath\":\"/SALES_AREA_SPART\",\"modelName\":\"NewYardModel\"}"}]}
RESULT: {"script":"<script> [1562 bytes]","args":[{"selector":{"controlType":"sap.m.Input","viewName":"etm.portal.ui.manageyards.view.New","viewId":"application-manageyards-display-component---NewYard","bindingPath":{"path":"","propertyPath":"/SALES_AREA_SPART","modelName":"NewYardModel"},"interaction":{"idSuffix":"inner"}},"wdio_ui5_key":"etmportal.ui.manageyards.view.Newsap.m.Input{\"path\":\"\",\"propertyPath\":\"/SALES_AREA_SPART\",\"modelName\":\"NewYardModel\"}"}]}
RESULT: undefined
COMMAND: POST /session/f8b17aff14ace713329ed2ba9e517e88/execute/async - {"script":"<script> [776 bytes]","args":[{"enterText":"C2","selector":{"controlType":"sap.m.Input","viewName":"etm.portal.ui.manageyards.view.New","viewId":"application-manageyards-display-component---NewYard","bindingPath":{"path":"","propertyPath":"/SALES_AREA_SPART","modelName":"NewYardModel"},"interaction":{"idSuffix":"inner"}},"clearTextFirst":true,"interactionType":"ENTER_TEXT"}]}
RESULT: {"script":"<script> [776 bytes]","args":[{"enterText":"C2","selector":{"controlType":"sap.m.Input","viewName":"etm.portal.ui.manageyards.view.New","viewId":"application-manageyards-display-component---NewYard","bindingPath":{"path":"","propertyPath":"/SALES_AREA_SPART","modelName":"NewYardModel"},"interaction":{"idSuffix":"inner"}},"clearTextFirst":true,"interactionType":"ENTER_TEXT"}]}
COMMAND: POST /session/f8b17aff14ace713329ed2ba9e517e88/execute/async - {"script":"<script> [1562 bytes]","args":[{"selector":{"controlType":"sap.m.Input","viewName":"etm.portal.ui.manageyards.view.New","viewId":"application-manageyards-display-component---NewYard","bindingPath":{"path":"","propertyPath":"/SHIP_POINT","modelName":"NewYardModel"},"interaction":{"idSuffix":"inner"}},"wdio_ui5_key":"etmportal.ui.manageyards.view.Newsap.m.Input{\"path\":\"\",\"propertyPath\":\"/SHIP_POINT\",\"modelName\":\"NewYardModel\"}"}]}
RESULT: {"script":"<script> [1562 bytes]","args":[{"selector":{"controlType":"sap.m.Input","viewName":"etm.portal.ui.manageyards.view.New","viewId":"application-manageyards-display-component---NewYard","bindingPath":{"path":"","propertyPath":"/SHIP_POINT","modelName":"NewYardModel"},"interaction":{"idSuffix":"inner"}},"wdio_ui5_key":"etmportal.ui.manageyards.view.Newsap.m.Input{\"path\":\"\",\"propertyPath\":\"/SHIP_POINT\",\"modelName\":\"NewYardModel\"}"}]}
RESULT: undefined
COMMAND: POST /session/f8b17aff14ace713329ed2ba9e517e88/execute/async - {"script":"<script> [776 bytes]","args":[{"enterText":"1710","selector":{"controlType":"sap.m.Input","viewName":"etm.portal.ui.manageyards.view.New","viewId":"application-manageyards-display-component---NewYard","bindingPath":{"path":"","propertyPath":"/SHIP_POINT","modelName":"NewYardModel"},"interaction":{"idSuffix":"inner"}},"clearTextFirst":true,"interactionType":"ENTER_TEXT"}]}
RESULT: {"script":"<script> [776 bytes]","args":[{"enterText":"1710","selector":{"controlType":"sap.m.Input","viewName":"etm.portal.ui.manageyards.view.New","viewId":"application-manageyards-display-component---NewYard","bindingPath":{"path":"","propertyPath":"/SHIP_POINT","modelName":"NewYardModel"},"interaction":{"idSuffix":"inner"}},"clearTextFirst":true,"interactionType":"ENTER_TEXT"}]}
COMMAND: POST /session/f8b17aff14ace713329ed2ba9e517e88/execute/async - {"script":"<script> [1562 bytes]","args":[{"selector":{"controlType":"sap.m.Input","viewName":"etm.portal.ui.manageyards.view.New","viewId":"application-manageyards-display-component---NewYard","bindingPath":{"path":"","propertyPath":"/DELIVERY_TYPE","modelName":"NewYardModel"},"interaction":{"idSuffix":"inner"}},"wdio_ui5_key":"etmportal.ui.manageyards.view.Newsap.m.Input{\"path\":\"\",\"propertyPath\":\"/DELIVERY_TYPE\",\"modelName\":\"NewYardModel\"}"}]}
RESULT: {"script":"<script> [1562 bytes]","args":[{"selector":{"controlType":"sap.m.Input","viewName":"etm.portal.ui.manageyards.view.New","viewId":"application-manageyards-display-component---NewYard","bindingPath":{"path":"","propertyPath":"/DELIVERY_TYPE","modelName":"NewYardModel"},"interaction":{"idSuffix":"inner"}},"wdio_ui5_key":"etmportal.ui.manageyards.view.Newsap.m.Input{\"path\":\"\",\"propertyPath\":\"/DELIVERY_TYPE\",\"modelName\":\"NewYardModel\"}"}]}
RESULT: undefined
COMMAND: POST /session/f8b17aff14ace713329ed2ba9e517e88/execute/async - {"script":"<script> [776 bytes]","args":[{"enterText":"ZL01","selector":{"controlType":"sap.m.Input","viewName":"etm.portal.ui.manageyards.view.New","viewId":"application-manageyards-display-component---NewYard","bindingPath":{"path":"","propertyPath":"/DELIVERY_TYPE","modelName":"NewYardModel"},"interaction":{"idSuffix":"inner"}},"clearTextFirst":true,"interactionType":"ENTER_TEXT"}]}
RESULT: {"script":"<script> [776 bytes]","args":[{"enterText":"ZL01","selector":{"controlType":"sap.m.Input","viewName":"etm.portal.ui.manageyards.view.New","viewId":"application-manageyards-display-component---NewYard","bindingPath":{"path":"","propertyPath":"/DELIVERY_TYPE","modelName":"NewYardModel"},"interaction":{"idSuffix":"inner"}},"clearTextFirst":true,"interactionType":"ENTER_TEXT"}]}
COMMAND: POST /session/f8b17aff14ace713329ed2ba9e517e88/execute/async - {"script":"<script> [1562 bytes]","args":[{"selector":{"controlType":"sap.m.Input","viewName":"etm.portal.ui.manageyards.view.New","viewId":"application-manageyards-display-component---NewYard","bindingPath":{"path":"","propertyPath":"/AUART","modelName":"NewYardModel"},"interaction":{"idSuffix":"inner"}},"wdio_ui5_key":"etmportal.ui.manageyards.view.Newsap.m.Input{\"path\":\"\",\"propertyPath\":\"/AUART\",\"modelName\":\"NewYardModel\"}"}]}
RESULT: {"script":"<script> [1562 bytes]","args":[{"selector":{"controlType":"sap.m.Input","viewName":"etm.portal.ui.manageyards.view.New","viewId":"application-manageyards-display-component---NewYard","bindingPath":{"path":"","propertyPath":"/AUART","modelName":"NewYardModel"},"interaction":{"idSuffix":"inner"}},"wdio_ui5_key":"etmportal.ui.manageyards.view.Newsap.m.Input{\"path\":\"\",\"propertyPath\":\"/AUART\",\"modelName\":\"NewYardModel\"}"}]}
RESULT: undefined
COMMAND: POST /session/f8b17aff14ace713329ed2ba9e517e88/execute/async - {"script":"<script> [776 bytes]","args":[{"enterText":"TA","selector":{"controlType":"sap.m.Input","viewName":"etm.portal.ui.manageyards.view.New","viewId":"application-manageyards-display-component---NewYard","bindingPath":{"path":"","propertyPath":"/AUART","modelName":"NewYardModel"},"interaction":{"idSuffix":"inner"}},"clearTextFirst":true,"interactionType":"ENTER_TEXT"}]}
RESULT: {"script":"<script> [776 bytes]","args":[{"enterText":"TA","selector":{"controlType":"sap.m.Input","viewName":"etm.portal.ui.manageyards.view.New","viewId":"application-manageyards-display-component---NewYard","bindingPath":{"path":"","propertyPath":"/AUART","modelName":"NewYardModel"},"interaction":{"idSuffix":"inner"}},"clearTextFirst":true,"interactionType":"ENTER_TEXT"}]}
COMMAND: POST /session/f8b17aff14ace713329ed2ba9e517e88/element - {"using":"xpath","value":"//button[@data-kt=\"newYardSaveButton\"]"}
RESULT: {"using":"xpath","value":"//button[@data-kt=\"newYardSaveButton\"]"}
COMMAND: POST /session/f8b17aff14ace713329ed2ba9e517e88/element/f.8F60F7CA831AD576036D3680DB46BD22.d.361EAF65D954AFCC19FA8EF5A0E1B078.e.708/click - {}
RESULT: {}
COMMAND: GET /session/f8b17aff14ace713329ed2ba9e517e88/screenshot - {}
RESULT: {}
COMMAND: POST /session/f8b17aff14ace713329ed2ba9e517e88/element - {"using":"xpath","value":"//header[contains(@id, 'ObjectPageLayout-headerTitle')]/div[1]/div[2]/div[1]/span[1]"}
RESULT: {"using":"xpath","value":"//header[contains(@id, 'ObjectPageLayout-headerTitle')]/div[1]/div[2]/div[1]/span[1]"}
COMMAND: POST /session/f8b17aff14ace713329ed2ba9e517e88/elements - {"using":"xpath","value":"//header[contains(@id, 'ObjectPageLayout-headerTitle')]/div[1]/div[2]/div[1]/span[1]"}
RESULT: {"using":"xpath","value":"//header[contains(@id, 'ObjectPageLayout-headerTitle')]/div[1]/div[2]/div[1]/span[1]"}
COMMAND: POST /session/f8b17aff14ace713329ed2ba9e517e88/execute/sync - {"script":"<script> [56 bytes]","args":[{"element-6066-11e4-a52e-4f735466cecf":"f.8F60F7CA831AD576036D3680DB46BD22.d.361EAF65D954AFCC19FA8EF5A0E1B078.e.1011","ELEMENT":"f.8F60F7CA831AD576036D3680DB46BD22.d.361EAF65D954AFCC19FA8EF5A0E1B078.e.1011"}]}
RESULT: {"script":"<script> [56 bytes]","args":[{"element-6066-11e4-a52e-4f735466cecf":"f.8F60F7CA831AD576036D3680DB46BD22.d.361EAF65D954AFCC19FA8EF5A0E1B078.e.1011","ELEMENT":"f.8F60F7CA831AD576036D3680DB46BD22.d.361EAF65D954AFCC19FA8EF5A0E1B078.e.1011"}]}
COMMAND: GET /session/f8b17aff14ace713329ed2ba9e517e88/screenshot - {}
RESULT: {}
COMMAND: POST /session/f8b17aff14ace713329ed2ba9e517e88/element - {"using":"css selector","value":"#shell-header-logo"}
RESULT: {"using":"css selector","value":"#shell-header-logo"}
COMMAND: POST /session/f8b17aff14ace713329ed2ba9e517e88/element/f.8F60F7CA831AD576036D3680DB46BD22.d.361EAF65D954AFCC19FA8EF5A0E1B078.e.257/click - {}
RESULT: {}
COMMAND: GET /session/f8b17aff14ace713329ed2ba9e517e88/screenshot - {}
RESULT: {}
COMMAND: POST /session/f8b17aff14ace713329ed2ba9e517e88/execute/sync - {"script":"<script> [299 bytes]","args":[["getModel","getResource"]]}
RESULT: {"script":"<script> [299 bytes]","args":[["getModel","getResource"]]}
]]></system-out>
    </testcase>
    <testcase classname="chrome.135_0_7049_96.windows.Billing_Transfer_-_Master_data_&amp;_Intercompany_US127250" name="Should create a new partner" time="130.463">
      <system-out><![CDATA[
COMMAND: GET /session/f8b17aff14ace713329ed2ba9e517e88/screenshot - {}
COMMAND: POST /session/f8b17aff14ace713329ed2ba9e517e88/window/fullscreen - {}
RESULT: {}
RESULT: {}
COMMAND: POST /session/f8b17aff14ace713329ed2ba9e517e88/execute/async - {"script":"<script> [1562 bytes]","args":[{"selector":{"controlType":"sap.m.GenericTile","properties":{"header":"Manage Partners"}},"wdio_ui5_key":"sapm.GenericTile{\"header\":\"Manage Partners\"}"}]}
RESULT: {"script":"<script> [1562 bytes]","args":[{"selector":{"controlType":"sap.m.GenericTile","properties":{"header":"Manage Partners"}},"wdio_ui5_key":"sapm.GenericTile{\"header\":\"Manage Partners\"}"}]}
RESULT: undefined
COMMAND: POST /session/f8b17aff14ace713329ed2ba9e517e88/element - {"using":"xpath","value":"//*[@id=\"__tile38\"]"}
RESULT: {"using":"xpath","value":"//*[@id=\"__tile38\"]"}
COMMAND: POST /session/f8b17aff14ace713329ed2ba9e517e88/element/f.8F60F7CA831AD576036D3680DB46BD22.d.361EAF65D954AFCC19FA8EF5A0E1B078.e.150/click - {}
RESULT: {}
COMMAND: POST /session/f8b17aff14ace713329ed2ba9e517e88/element - {"using":"xpath","value":"//button[@data-kt=\"addButton\"]"}
COMMAND: GET /session/f8b17aff14ace713329ed2ba9e517e88/screenshot - {}
RESULT: {}
RESULT: {"using":"xpath","value":"//button[@data-kt=\"addButton\"]"}
COMMAND: POST /session/f8b17aff14ace713329ed2ba9e517e88/elements - {"using":"xpath","value":"//button[@data-kt=\"addButton\"]"}
RESULT: {"using":"xpath","value":"//button[@data-kt=\"addButton\"]"}
COMMAND: POST /session/f8b17aff14ace713329ed2ba9e517e88/elements - {"using":"xpath","value":"//button[@data-kt=\"addButton\"]"}
RESULT: {"using":"xpath","value":"//button[@data-kt=\"addButton\"]"}
COMMAND: POST /session/f8b17aff14ace713329ed2ba9e517e88/elements - {"using":"xpath","value":"//button[@data-kt=\"addButton\"]"}
RESULT: {"using":"xpath","value":"//button[@data-kt=\"addButton\"]"}
COMMAND: POST /session/f8b17aff14ace713329ed2ba9e517e88/elements - {"using":"xpath","value":"//button[@data-kt=\"addButton\"]"}
RESULT: {"using":"xpath","value":"//button[@data-kt=\"addButton\"]"}
COMMAND: POST /session/f8b17aff14ace713329ed2ba9e517e88/elements - {"using":"xpath","value":"//button[@data-kt=\"addButton\"]"}
RESULT: {"using":"xpath","value":"//button[@data-kt=\"addButton\"]"}
COMMAND: POST /session/f8b17aff14ace713329ed2ba9e517e88/elements - {"using":"xpath","value":"//button[@data-kt=\"addButton\"]"}
RESULT: {"using":"xpath","value":"//button[@data-kt=\"addButton\"]"}
COMMAND: POST /session/f8b17aff14ace713329ed2ba9e517e88/elements - {"using":"xpath","value":"//button[@data-kt=\"addButton\"]"}
RESULT: {"using":"xpath","value":"//button[@data-kt=\"addButton\"]"}
COMMAND: POST /session/f8b17aff14ace713329ed2ba9e517e88/elements - {"using":"xpath","value":"//button[@data-kt=\"addButton\"]"}
RESULT: {"using":"xpath","value":"//button[@data-kt=\"addButton\"]"}
COMMAND: POST /session/f8b17aff14ace713329ed2ba9e517e88/elements - {"using":"xpath","value":"//button[@data-kt=\"addButton\"]"}
RESULT: {"using":"xpath","value":"//button[@data-kt=\"addButton\"]"}
COMMAND: POST /session/f8b17aff14ace713329ed2ba9e517e88/elements - {"using":"xpath","value":"//button[@data-kt=\"addButton\"]"}
RESULT: {"using":"xpath","value":"//button[@data-kt=\"addButton\"]"}
COMMAND: POST /session/f8b17aff14ace713329ed2ba9e517e88/elements - {"using":"xpath","value":"//button[@data-kt=\"addButton\"]"}
RESULT: {"using":"xpath","value":"//button[@data-kt=\"addButton\"]"}
COMMAND: POST /session/f8b17aff14ace713329ed2ba9e517e88/elements - {"using":"xpath","value":"//button[@data-kt=\"addButton\"]"}
RESULT: {"using":"xpath","value":"//button[@data-kt=\"addButton\"]"}
COMMAND: POST /session/f8b17aff14ace713329ed2ba9e517e88/elements - {"using":"xpath","value":"//button[@data-kt=\"addButton\"]"}
RESULT: {"using":"xpath","value":"//button[@data-kt=\"addButton\"]"}
COMMAND: POST /session/f8b17aff14ace713329ed2ba9e517e88/elements - {"using":"xpath","value":"//button[@data-kt=\"addButton\"]"}
RESULT: {"using":"xpath","value":"//button[@data-kt=\"addButton\"]"}
COMMAND: POST /session/f8b17aff14ace713329ed2ba9e517e88/elements - {"using":"xpath","value":"//button[@data-kt=\"addButton\"]"}
RESULT: {"using":"xpath","value":"//button[@data-kt=\"addButton\"]"}
COMMAND: POST /session/f8b17aff14ace713329ed2ba9e517e88/elements - {"using":"xpath","value":"//button[@data-kt=\"addButton\"]"}
RESULT: {"using":"xpath","value":"//button[@data-kt=\"addButton\"]"}
COMMAND: POST /session/f8b17aff14ace713329ed2ba9e517e88/elements - {"using":"xpath","value":"//button[@data-kt=\"addButton\"]"}
RESULT: {"using":"xpath","value":"//button[@data-kt=\"addButton\"]"}
COMMAND: POST /session/f8b17aff14ace713329ed2ba9e517e88/elements - {"using":"xpath","value":"//button[@data-kt=\"addButton\"]"}
RESULT: {"using":"xpath","value":"//button[@data-kt=\"addButton\"]"}
COMMAND: POST /session/f8b17aff14ace713329ed2ba9e517e88/elements - {"using":"xpath","value":"//button[@data-kt=\"addButton\"]"}
RESULT: {"using":"xpath","value":"//button[@data-kt=\"addButton\"]"}
COMMAND: POST /session/f8b17aff14ace713329ed2ba9e517e88/elements - {"using":"xpath","value":"//button[@data-kt=\"addButton\"]"}
RESULT: {"using":"xpath","value":"//button[@data-kt=\"addButton\"]"}
COMMAND: POST /session/f8b17aff14ace713329ed2ba9e517e88/element - {"using":"xpath","value":"//button[@data-kt=\"addButton\"]"}
RESULT: {"using":"xpath","value":"//button[@data-kt=\"addButton\"]"}
COMMAND: POST /session/f8b17aff14ace713329ed2ba9e517e88/execute/sync - {"script":"<script> [8489 bytes]","args":[{"element-6066-11e4-a52e-4f735466cecf":"f.8F60F7CA831AD576036D3680DB46BD22.d.361EAF65D954AFCC19FA8EF5A0E1B078.e.1061","ELEMENT":"f.8F60F7CA831AD576036D3680DB46BD22.d.361EAF65D954AFCC19FA8EF5A0E1B078.e.1061"}]}
RESULT: {"script":"<script> [8489 bytes]","args":[{"element-6066-11e4-a52e-4f735466cecf":"f.8F60F7CA831AD576036D3680DB46BD22.d.361EAF65D954AFCC19FA8EF5A0E1B078.e.1061","ELEMENT":"f.8F60F7CA831AD576036D3680DB46BD22.d.361EAF65D954AFCC19FA8EF5A0E1B078.e.1061"}]}
COMMAND: GET /session/f8b17aff14ace713329ed2ba9e517e88/element/f.8F60F7CA831AD576036D3680DB46BD22.d.361EAF65D954AFCC19FA8EF5A0E1B078.e.1061/enabled - {}
COMMAND: GET /session/f8b17aff14ace713329ed2ba9e517e88/screenshot - {}
RESULT: {}
COMMAND: POST /session/f8b17aff14ace713329ed2ba9e517e88/execute/sync - {"script":"<script> [8489 bytes]","args":[{"element-6066-11e4-a52e-4f735466cecf":"f.8F60F7CA831AD576036D3680DB46BD22.d.361EAF65D954AFCC19FA8EF5A0E1B078.e.1061","ELEMENT":"f.8F60F7CA831AD576036D3680DB46BD22.d.361EAF65D954AFCC19FA8EF5A0E1B078.e.1061"}]}
COMMAND: GET /session/f8b17aff14ace713329ed2ba9e517e88/screenshot - {}
RESULT: {}
RESULT: {"script":"<script> [8489 bytes]","args":[{"element-6066-11e4-a52e-4f735466cecf":"f.8F60F7CA831AD576036D3680DB46BD22.d.361EAF65D954AFCC19FA8EF5A0E1B078.e.1061","ELEMENT":"f.8F60F7CA831AD576036D3680DB46BD22.d.361EAF65D954AFCC19FA8EF5A0E1B078.e.1061"}]}
COMMAND: POST /session/f8b17aff14ace713329ed2ba9e517e88/execute/sync - {"script":"<script> [5351 bytes]","args":[{"element-6066-11e4-a52e-4f735466cecf":"f.8F60F7CA831AD576036D3680DB46BD22.d.361EAF65D954AFCC19FA8EF5A0E1B078.e.1061","ELEMENT":"f.8F60F7CA831AD576036D3680DB46BD22.d.361EAF65D954AFCC19FA8EF5A0E1B078.e.1061"}]}
COMMAND: GET /session/f8b17aff14ace713329ed2ba9e517e88/screenshot - {}
RESULT: {}
RESULT: {"script":"<script> [5351 bytes]","args":[{"element-6066-11e4-a52e-4f735466cecf":"f.8F60F7CA831AD576036D3680DB46BD22.d.361EAF65D954AFCC19FA8EF5A0E1B078.e.1061","ELEMENT":"f.8F60F7CA831AD576036D3680DB46BD22.d.361EAF65D954AFCC19FA8EF5A0E1B078.e.1061"}]}
COMMAND: POST /session/f8b17aff14ace713329ed2ba9e517e88/element/f.8F60F7CA831AD576036D3680DB46BD22.d.361EAF65D954AFCC19FA8EF5A0E1B078.e.1061/click - {}
COMMAND: GET /session/f8b17aff14ace713329ed2ba9e517e88/screenshot - {}
RESULT: {}
RESULT: {}
COMMAND: GET /session/f8b17aff14ace713329ed2ba9e517e88/screenshot - {}
COMMAND: POST /session/f8b17aff14ace713329ed2ba9e517e88/execute/async - {"script":"<script> [1562 bytes]","args":[{"selector":{"id":"application-managepartners-display-component---NewPartner--addressDetailDetailsName1","interaction":{"idSuffix":"inner"}},"wdio_ui5_key":"applicationmanagepartners-display-component---NewPartner--addressDetailDetailsName1"}]}
RESULT: {}
RESULT: {}
RESULT: {"script":"<script> [1562 bytes]","args":[{"selector":{"id":"application-managepartners-display-component---NewPartner--addressDetailDetailsName1","interaction":{"idSuffix":"inner"}},"wdio_ui5_key":"applicationmanagepartners-display-component---NewPartner--addressDetailDetailsName1"}]}
RESULT: undefined
COMMAND: POST /session/f8b17aff14ace713329ed2ba9e517e88/execute/async - {"script":"<script> [776 bytes]","args":[{"enterText":"Intercompany Partner WDIO","selector":{"id":"application-managepartners-display-component---NewPartner--addressDetailDetailsName1","interaction":{"idSuffix":"inner"}},"clearTextFirst":true,"interactionType":"ENTER_TEXT"}]}
RESULT: {"script":"<script> [776 bytes]","args":[{"enterText":"Intercompany Partner WDIO","selector":{"id":"application-managepartners-display-component---NewPartner--addressDetailDetailsName1","interaction":{"idSuffix":"inner"}},"clearTextFirst":true,"interactionType":"ENTER_TEXT"}]}
COMMAND: POST /session/f8b17aff14ace713329ed2ba9e517e88/execute/async - {"script":"<script> [1562 bytes]","args":[{"selector":{"id":"application-managepartners-display-component---NewPartner--addressDetailDetailsLanguage-arrow"},"wdio_ui5_key":"applicationmanagepartners-display-component---NewPartner--addressDetailDetailsLanguage-arrow"}]}
RESULT: {"script":"<script> [1562 bytes]","args":[{"selector":{"id":"application-managepartners-display-component---NewPartner--addressDetailDetailsLanguage-arrow"},"wdio_ui5_key":"applicationmanagepartners-display-component---NewPartner--addressDetailDetailsLanguage-arrow"}]}
RESULT: undefined
COMMAND: POST /session/f8b17aff14ace713329ed2ba9e517e88/element - {"using":"xpath","value":"//*[@id=\"application-managepartners-display-component---NewPartner--addressDetailDetailsLanguage-arrow\"]"}
RESULT: {"using":"xpath","value":"//*[@id=\"application-managepartners-display-component---NewPartner--addressDetailDetailsLanguage-arrow\"]"}
COMMAND: POST /session/f8b17aff14ace713329ed2ba9e517e88/element/f.8F60F7CA831AD576036D3680DB46BD22.d.361EAF65D954AFCC19FA8EF5A0E1B078.e.1492/click - {}
RESULT: {}
COMMAND: POST /session/f8b17aff14ace713329ed2ba9e517e88/element - {"using":"xpath","value":"//span[contains(text(), \"English\")]"}
COMMAND: GET /session/f8b17aff14ace713329ed2ba9e517e88/screenshot - {}
RESULT: {"using":"xpath","value":"//span[contains(text(), \"English\")]"}
COMMAND: POST /session/f8b17aff14ace713329ed2ba9e517e88/element/f.8F60F7CA831AD576036D3680DB46BD22.d.361EAF65D954AFCC19FA8EF5A0E1B078.e.1493/click - {}
RESULT: {}
RESULT: {}
COMMAND: GET /session/f8b17aff14ace713329ed2ba9e517e88/screenshot - {}
RESULT: {}
COMMAND: POST /session/f8b17aff14ace713329ed2ba9e517e88/execute/async - {"script":"<script> [1562 bytes]","args":[{"selector":{"id":"application-managepartners-display-component---NewPartner--addressDetailDetailsCity1","interaction":{"idSuffix":"inner"}},"wdio_ui5_key":"applicationmanagepartners-display-component---NewPartner--addressDetailDetailsCity1"}]}
RESULT: {"script":"<script> [1562 bytes]","args":[{"selector":{"id":"application-managepartners-display-component---NewPartner--addressDetailDetailsCity1","interaction":{"idSuffix":"inner"}},"wdio_ui5_key":"applicationmanagepartners-display-component---NewPartner--addressDetailDetailsCity1"}]}
RESULT: undefined
COMMAND: POST /session/f8b17aff14ace713329ed2ba9e517e88/execute/async - {"script":"<script> [776 bytes]","args":[{"enterText":"Rosario","selector":{"id":"application-managepartners-display-component---NewPartner--addressDetailDetailsCity1","interaction":{"idSuffix":"inner"}},"clearTextFirst":true,"interactionType":"ENTER_TEXT"}]}
RESULT: {"script":"<script> [776 bytes]","args":[{"enterText":"Rosario","selector":{"id":"application-managepartners-display-component---NewPartner--addressDetailDetailsCity1","interaction":{"idSuffix":"inner"}},"clearTextFirst":true,"interactionType":"ENTER_TEXT"}]}
COMMAND: POST /session/f8b17aff14ace713329ed2ba9e517e88/execute/async - {"script":"<script> [1562 bytes]","args":[{"selector":{"id":"application-managepartners-display-component---NewPartner--addressDetailDetailsCountry-arrow"},"wdio_ui5_key":"applicationmanagepartners-display-component---NewPartner--addressDetailDetailsCountry-arrow"}]}
RESULT: {"script":"<script> [1562 bytes]","args":[{"selector":{"id":"application-managepartners-display-component---NewPartner--addressDetailDetailsCountry-arrow"},"wdio_ui5_key":"applicationmanagepartners-display-component---NewPartner--addressDetailDetailsCountry-arrow"}]}
RESULT: undefined
COMMAND: POST /session/f8b17aff14ace713329ed2ba9e517e88/element - {"using":"xpath","value":"//*[@id=\"application-managepartners-display-component---NewPartner--addressDetailDetailsCountry-arrow\"]"}
RESULT: {"using":"xpath","value":"//*[@id=\"application-managepartners-display-component---NewPartner--addressDetailDetailsCountry-arrow\"]"}
COMMAND: POST /session/f8b17aff14ace713329ed2ba9e517e88/element/f.8F60F7CA831AD576036D3680DB46BD22.d.361EAF65D954AFCC19FA8EF5A0E1B078.e.1456/click - {}
RESULT: {}
COMMAND: POST /session/f8b17aff14ace713329ed2ba9e517e88/element - {"using":"xpath","value":"//span[contains(text(), \"Argentina\")]"}
COMMAND: GET /session/f8b17aff14ace713329ed2ba9e517e88/screenshot - {}
RESULT: {"using":"xpath","value":"//span[contains(text(), \"Argentina\")]"}
COMMAND: POST /session/f8b17aff14ace713329ed2ba9e517e88/element/f.8F60F7CA831AD576036D3680DB46BD22.d.361EAF65D954AFCC19FA8EF5A0E1B078.e.1495/click - {}
RESULT: {}
RESULT: {}
COMMAND: GET /session/f8b17aff14ace713329ed2ba9e517e88/screenshot - {}
RESULT: {}
COMMAND: POST /session/f8b17aff14ace713329ed2ba9e517e88/element - {"using":"xpath","value":"//bdi[contains(text(), \"Commercial\")]"}
RESULT: {"using":"xpath","value":"//bdi[contains(text(), \"Commercial\")]"}
COMMAND: POST /session/f8b17aff14ace713329ed2ba9e517e88/element/f.8F60F7CA831AD576036D3680DB46BD22.d.361EAF65D954AFCC19FA8EF5A0E1B078.e.1496/click - {}
RESULT: {}
COMMAND: GET /session/f8b17aff14ace713329ed2ba9e517e88/screenshot - {}
RESULT: {}
COMMAND: POST /session/f8b17aff14ace713329ed2ba9e517e88/execute/async - {"script":"<script> [1562 bytes]","args":[{"selector":{"id":"application-managepartners-display-component---NewPartner--partnerDetailInternal-arrow"},"wdio_ui5_key":"applicationmanagepartners-display-component---NewPartner--partnerDetailInternal-arrow"}]}
RESULT: {"script":"<script> [1562 bytes]","args":[{"selector":{"id":"application-managepartners-display-component---NewPartner--partnerDetailInternal-arrow"},"wdio_ui5_key":"applicationmanagepartners-display-component---NewPartner--partnerDetailInternal-arrow"}]}
RESULT: undefined
COMMAND: POST /session/f8b17aff14ace713329ed2ba9e517e88/element - {"using":"xpath","value":"//*[@id=\"application-managepartners-display-component---NewPartner--partnerDetailInternal-arrow\"]"}
RESULT: {"using":"xpath","value":"//*[@id=\"application-managepartners-display-component---NewPartner--partnerDetailInternal-arrow\"]"}
COMMAND: POST /session/f8b17aff14ace713329ed2ba9e517e88/element/f.8F60F7CA831AD576036D3680DB46BD22.d.361EAF65D954AFCC19FA8EF5A0E1B078.e.1502/click - {}
RESULT: {}
COMMAND: POST /session/f8b17aff14ace713329ed2ba9e517e88/element - {"using":"xpath","value":"//span[contains(text(), \"Affiliated company\")]"}
COMMAND: GET /session/f8b17aff14ace713329ed2ba9e517e88/screenshot - {}
RESULT: {"using":"xpath","value":"//span[contains(text(), \"Affiliated company\")]"}
COMMAND: POST /session/f8b17aff14ace713329ed2ba9e517e88/element/f.8F60F7CA831AD576036D3680DB46BD22.d.361EAF65D954AFCC19FA8EF5A0E1B078.e.1505/click - {}
RESULT: {}
RESULT: {}
COMMAND: POST /session/f8b17aff14ace713329ed2ba9e517e88/execute/async - {"script":"<script> [1562 bytes]","args":[{"selector":{"id":"application-managepartners-display-component---NewPartner--partnerDetailsCurrency-arrow"},"wdio_ui5_key":"applicationmanagepartners-display-component---NewPartner--partnerDetailsCurrency-arrow"}]}
COMMAND: GET /session/f8b17aff14ace713329ed2ba9e517e88/screenshot - {}
RESULT: {"script":"<script> [1562 bytes]","args":[{"selector":{"id":"application-managepartners-display-component---NewPartner--partnerDetailsCurrency-arrow"},"wdio_ui5_key":"applicationmanagepartners-display-component---NewPartner--partnerDetailsCurrency-arrow"}]}
RESULT: undefined
COMMAND: POST /session/f8b17aff14ace713329ed2ba9e517e88/element - {"using":"xpath","value":"//*[@id=\"application-managepartners-display-component---NewPartner--partnerDetailsCurrency-arrow\"]"}
RESULT: {}
RESULT: {"using":"xpath","value":"//*[@id=\"application-managepartners-display-component---NewPartner--partnerDetailsCurrency-arrow\"]"}
COMMAND: POST /session/f8b17aff14ace713329ed2ba9e517e88/element/f.8F60F7CA831AD576036D3680DB46BD22.d.361EAF65D954AFCC19FA8EF5A0E1B078.e.1512/click - {}
RESULT: {}
COMMAND: POST /session/f8b17aff14ace713329ed2ba9e517e88/element - {"using":"xpath","value":"//span[contains(text(), \"Euro\")]"}
COMMAND: GET /session/f8b17aff14ace713329ed2ba9e517e88/screenshot - {}
RESULT: {"using":"xpath","value":"//span[contains(text(), \"Euro\")]"}
COMMAND: POST /session/f8b17aff14ace713329ed2ba9e517e88/element/f.8F60F7CA831AD576036D3680DB46BD22.d.361EAF65D954AFCC19FA8EF5A0E1B078.e.1513/click - {}
RESULT: {}
RESULT: {}
COMMAND: POST /session/f8b17aff14ace713329ed2ba9e517e88/execute/async - {"script":"<script> [1562 bytes]","args":[{"selector":{"id":"application-managepartners-display-component---NewPartner--addressEditDetailsCostObjectCstType-arrow"},"wdio_ui5_key":"applicationmanagepartners-display-component---NewPartner--addressEditDetailsCostObjectCstType-arrow"}]}
COMMAND: GET /session/f8b17aff14ace713329ed2ba9e517e88/screenshot - {}
RESULT: {"script":"<script> [1562 bytes]","args":[{"selector":{"id":"application-managepartners-display-component---NewPartner--addressEditDetailsCostObjectCstType-arrow"},"wdio_ui5_key":"applicationmanagepartners-display-component---NewPartner--addressEditDetailsCostObjectCstType-arrow"}]}
RESULT: undefined
COMMAND: POST /session/f8b17aff14ace713329ed2ba9e517e88/element - {"using":"xpath","value":"//*[@id=\"application-managepartners-display-component---NewPartner--addressEditDetailsCostObjectCstType-arrow\"]"}
RESULT: {}
RESULT: {"using":"xpath","value":"//*[@id=\"application-managepartners-display-component---NewPartner--addressEditDetailsCostObjectCstType-arrow\"]"}
COMMAND: POST /session/f8b17aff14ace713329ed2ba9e517e88/element/f.8F60F7CA831AD576036D3680DB46BD22.d.361EAF65D954AFCC19FA8EF5A0E1B078.e.1514/click - {}
RESULT: {}
COMMAND: POST /session/f8b17aff14ace713329ed2ba9e517e88/element - {"using":"xpath","value":"//span[contains(text(), \"Cost Center\")]"}
COMMAND: GET /session/f8b17aff14ace713329ed2ba9e517e88/screenshot - {}
RESULT: {"using":"xpath","value":"//span[contains(text(), \"Cost Center\")]"}
COMMAND: POST /session/f8b17aff14ace713329ed2ba9e517e88/element/f.8F60F7CA831AD576036D3680DB46BD22.d.361EAF65D954AFCC19FA8EF5A0E1B078.e.1515/click - {}
RESULT: {}
RESULT: {}
COMMAND: GET /session/f8b17aff14ace713329ed2ba9e517e88/screenshot - {}
RESULT: {}
COMMAND: POST /session/f8b17aff14ace713329ed2ba9e517e88/element - {"using":"xpath","value":"//span[@id=\"application-managepartners-display-component---NewPartner--addressNewCostObjectCstID-vhi\"]"}
RESULT: {"using":"xpath","value":"//span[@id=\"application-managepartners-display-component---NewPartner--addressNewCostObjectCstID-vhi\"]"}
COMMAND: POST /session/f8b17aff14ace713329ed2ba9e517e88/execute/sync - {"script":"<script> [8489 bytes]","args":[{"element-6066-11e4-a52e-4f735466cecf":"f.8F60F7CA831AD576036D3680DB46BD22.d.361EAF65D954AFCC19FA8EF5A0E1B078.e.1519","ELEMENT":"f.8F60F7CA831AD576036D3680DB46BD22.d.361EAF65D954AFCC19FA8EF5A0E1B078.e.1519"}]}
RESULT: {"script":"<script> [8489 bytes]","args":[{"element-6066-11e4-a52e-4f735466cecf":"f.8F60F7CA831AD576036D3680DB46BD22.d.361EAF65D954AFCC19FA8EF5A0E1B078.e.1519","ELEMENT":"f.8F60F7CA831AD576036D3680DB46BD22.d.361EAF65D954AFCC19FA8EF5A0E1B078.e.1519"}]}
COMMAND: POST /session/f8b17aff14ace713329ed2ba9e517e88/execute/async - {"script":"<script> [1562 bytes]","args":[{"selector":{"id":"application-managepartners-display-component---NewPartner--addressNewCostObjectCstID-vhi"},"wdio_ui5_key":"applicationmanagepartners-display-component---NewPartner--addressNewCostObjectCstID-vhi"}]}
COMMAND: GET /session/f8b17aff14ace713329ed2ba9e517e88/screenshot - {}
RESULT: {"script":"<script> [1562 bytes]","args":[{"selector":{"id":"application-managepartners-display-component---NewPartner--addressNewCostObjectCstID-vhi"},"wdio_ui5_key":"applicationmanagepartners-display-component---NewPartner--addressNewCostObjectCstID-vhi"}]}
RESULT: undefined
COMMAND: POST /session/f8b17aff14ace713329ed2ba9e517e88/element - {"using":"xpath","value":"//*[@id=\"application-managepartners-display-component---NewPartner--addressNewCostObjectCstID-vhi\"]"}
RESULT: {}
RESULT: {"using":"xpath","value":"//*[@id=\"application-managepartners-display-component---NewPartner--addressNewCostObjectCstID-vhi\"]"}
COMMAND: POST /session/f8b17aff14ace713329ed2ba9e517e88/element/f.8F60F7CA831AD576036D3680DB46BD22.d.361EAF65D954AFCC19FA8EF5A0E1B078.e.1519/click - {}
RESULT: {}
COMMAND: GET /session/f8b17aff14ace713329ed2ba9e517e88/screenshot - {}
RESULT: {}
RESULT: undefined
COMMAND: POST /session/f8b17aff14ace713329ed2ba9e517e88/execute/async - {"script":"<script> [776 bytes]","args":[{"enterText":"10001013","selector":{"controlType":"sap.m.SearchField","properties":{"placeholder":"Search"},"searchOpenDialogs":true,"interaction":{"idSuffix":"I"}},"clearTextFirst":true,"interactionType":"ENTER_TEXT"}]}
RESULT: {"script":"<script> [776 bytes]","args":[{"enterText":"10001013","selector":{"controlType":"sap.m.SearchField","properties":{"placeholder":"Search"},"searchOpenDialogs":true,"interaction":{"idSuffix":"I"}},"clearTextFirst":true,"interactionType":"ENTER_TEXT"}]}
COMMAND: POST /session/f8b17aff14ace713329ed2ba9e517e88/actions - {"actions":[{"id":"action2","type":"key","parameters":{},"actions":[{"type":"keyDown","value":"î€‡"},{"type":"pause","duration":10},{"type":"keyUp","value":"î€‡"}]}]}
RESULT: {"actions":[{"id":"action2","type":"key","parameters":{},"actions":[{"type":"keyDown","value":"î€‡"},{"type":"pause","duration":10},{"type":"keyUp","value":"î€‡"}]}]}
COMMAND: GET /session/f8b17aff14ace713329ed2ba9e517e88/screenshot - {}
RESULT: {}
COMMAND: POST /session/f8b17aff14ace713329ed2ba9e517e88/element - {"using":"xpath","value":"//span[contains(text(), \"General Management\")]"}
RESULT: {"using":"xpath","value":"//span[contains(text(), \"General Management\")]"}
COMMAND: POST /session/f8b17aff14ace713329ed2ba9e517e88/element/f.8F60F7CA831AD576036D3680DB46BD22.d.361EAF65D954AFCC19FA8EF5A0E1B078.e.1557/click - {}
RESULT: {}
COMMAND: GET /session/f8b17aff14ace713329ed2ba9e517e88/screenshot - {}
RESULT: {}
COMMAND: POST /session/f8b17aff14ace713329ed2ba9e517e88/element - {"using":"xpath","value":"//bdi[contains(text(), \"OK\")]"}
RESULT: {"using":"xpath","value":"//bdi[contains(text(), \"OK\")]"}
COMMAND: POST /session/f8b17aff14ace713329ed2ba9e517e88/element/f.8F60F7CA831AD576036D3680DB46BD22.d.361EAF65D954AFCC19FA8EF5A0E1B078.e.1558/click - {}
RESULT: {}
COMMAND: GET /session/f8b17aff14ace713329ed2ba9e517e88/screenshot - {}
RESULT: {}
COMMAND: POST /session/f8b17aff14ace713329ed2ba9e517e88/element - {"using":"xpath","value":"//input[@id=\"application-managepartners-display-component---NewPartner--companyCodeComboBox-inner\"]"}
RESULT: {"using":"xpath","value":"//input[@id=\"application-managepartners-display-component---NewPartner--companyCodeComboBox-inner\"]"}
COMMAND: POST /session/f8b17aff14ace713329ed2ba9e517e88/element/f.8F60F7CA831AD576036D3680DB46BD22.d.361EAF65D954AFCC19FA8EF5A0E1B078.e.1398/clear - {}
RESULT: {}
COMMAND: POST /session/f8b17aff14ace713329ed2ba9e517e88/element/f.8F60F7CA831AD576036D3680DB46BD22.d.361EAF65D954AFCC19FA8EF5A0E1B078.e.1398/value - {"text":"C002"}
COMMAND: GET /session/f8b17aff14ace713329ed2ba9e517e88/screenshot - {}
RESULT: {"text":"C002"}
COMMAND: GET /session/f8b17aff14ace713329ed2ba9e517e88/screenshot - {}
RESULT: {}
RESULT: {}
COMMAND: POST /session/f8b17aff14ace713329ed2ba9e517e88/element - {"using":"xpath","value":"//span[contains(text(), \"C002\")]"}
RESULT: {"using":"xpath","value":"//span[contains(text(), \"C002\")]"}
COMMAND: POST /session/f8b17aff14ace713329ed2ba9e517e88/element/f.8F60F7CA831AD576036D3680DB46BD22.d.361EAF65D954AFCC19FA8EF5A0E1B078.e.1564/click - {}
RESULT: {}
COMMAND: GET /session/f8b17aff14ace713329ed2ba9e517e88/screenshot - {}
RESULT: {}
COMMAND: POST /session/f8b17aff14ace713329ed2ba9e517e88/execute/async - {"script":"<script> [1562 bytes]","args":[{"selector":{"id":"application-managepartners-display-component---NewPartner--btnAddTableRow-img"},"wdio_ui5_key":"applicationmanagepartners-display-component---NewPartner--btnAddTableRow-img"}]}
RESULT: {"script":"<script> [1562 bytes]","args":[{"selector":{"id":"application-managepartners-display-component---NewPartner--btnAddTableRow-img"},"wdio_ui5_key":"applicationmanagepartners-display-component---NewPartner--btnAddTableRow-img"}]}
RESULT: undefined
COMMAND: POST /session/f8b17aff14ace713329ed2ba9e517e88/element - {"using":"xpath","value":"//*[@id=\"application-managepartners-display-component---NewPartner--btnAddTableRow-img\"]"}
RESULT: {"using":"xpath","value":"//*[@id=\"application-managepartners-display-component---NewPartner--btnAddTableRow-img\"]"}
COMMAND: POST /session/f8b17aff14ace713329ed2ba9e517e88/element/f.8F60F7CA831AD576036D3680DB46BD22.d.361EAF65D954AFCC19FA8EF5A0E1B078.e.1565/click - {}
RESULT: {}
COMMAND: GET /session/f8b17aff14ace713329ed2ba9e517e88/screenshot - {}
RESULT: {}
COMMAND: POST /session/f8b17aff14ace713329ed2ba9e517e88/element - {"using":"xpath","value":"//input[@id=\"application-managepartners-display-component---NewPartner--assignmentYard-application-managepartners-display-component---NewPartner--assignmentsTable-0-inner\"]"}
RESULT: {"using":"xpath","value":"//input[@id=\"application-managepartners-display-component---NewPartner--assignmentYard-application-managepartners-display-component---NewPartner--assignmentsTable-0-inner\"]"}
COMMAND: POST /session/f8b17aff14ace713329ed2ba9e517e88/element/f.8F60F7CA831AD576036D3680DB46BD22.d.361EAF65D954AFCC19FA8EF5A0E1B078.e.1568/clear - {}
RESULT: {}
COMMAND: POST /session/f8b17aff14ace713329ed2ba9e517e88/element/f.8F60F7CA831AD576036D3680DB46BD22.d.361EAF65D954AFCC19FA8EF5A0E1B078.e.1568/value - {"text":"345"}
COMMAND: GET /session/f8b17aff14ace713329ed2ba9e517e88/screenshot - {}
RESULT: {"text":"345"}
COMMAND: GET /session/f8b17aff14ace713329ed2ba9e517e88/screenshot - {}
RESULT: {}
RESULT: {}
COMMAND: POST /session/f8b17aff14ace713329ed2ba9e517e88/element - {"using":"xpath","value":"//li[.//span[text()='345']]"}
RESULT: {"using":"xpath","value":"//li[.//span[text()='345']]"}
COMMAND: POST /session/f8b17aff14ace713329ed2ba9e517e88/element/f.8F60F7CA831AD576036D3680DB46BD22.d.361EAF65D954AFCC19FA8EF5A0E1B078.e.1577/click - {}
RESULT: {}
COMMAND: GET /session/f8b17aff14ace713329ed2ba9e517e88/screenshot - {}
RESULT: {}
COMMAND: POST /session/f8b17aff14ace713329ed2ba9e517e88/actions - {"actions":[{"id":"action3","type":"key","parameters":{},"actions":[{"type":"keyDown","value":"î€‡"},{"type":"pause","duration":10},{"type":"keyUp","value":"î€‡"}]}]}
RESULT: {"actions":[{"id":"action3","type":"key","parameters":{},"actions":[{"type":"keyDown","value":"î€‡"},{"type":"pause","duration":10},{"type":"keyUp","value":"î€‡"}]}]}
COMMAND: POST /session/f8b17aff14ace713329ed2ba9e517e88/execute/async - {"script":"<script> [1562 bytes]","args":[{"selector":{"id":"application-managepartners-display-component---NewPartner--externalCustomerComboBox-application-managepartners-display-component---NewPartner--assignmentsTable-0-vhi"},"wdio_ui5_key":"applicationmanagepartners-display-component---NewPartner--externalCustomerComboBox-application-managepartners-display-component---NewPartner--assignmentsTable-0-vhi"}]}
COMMAND: GET /session/f8b17aff14ace713329ed2ba9e517e88/screenshot - {}
RESULT: {"script":"<script> [1562 bytes]","args":[{"selector":{"id":"application-managepartners-display-component---NewPartner--externalCustomerComboBox-application-managepartners-display-component---NewPartner--assignmentsTable-0-vhi"},"wdio_ui5_key":"applicationmanagepartners-display-component---NewPartner--externalCustomerComboBox-application-managepartners-display-component---NewPartner--assignmentsTable-0-vhi"}]}
RESULT: undefined
COMMAND: POST /session/f8b17aff14ace713329ed2ba9e517e88/element - {"using":"xpath","value":"//*[@id=\"application-managepartners-display-component---NewPartner--externalCustomerComboBox-application-managepartners-display-component---NewPartner--assignmentsTable-0-vhi\"]"}
RESULT: {}
RESULT: {"using":"xpath","value":"//*[@id=\"application-managepartners-display-component---NewPartner--externalCustomerComboBox-application-managepartners-display-component---NewPartner--assignmentsTable-0-vhi\"]"}
COMMAND: POST /session/f8b17aff14ace713329ed2ba9e517e88/element/f.8F60F7CA831AD576036D3680DB46BD22.d.361EAF65D954AFCC19FA8EF5A0E1B078.e.1581/click - {}
RESULT: {}
RESULT: undefined
COMMAND: POST /session/f8b17aff14ace713329ed2ba9e517e88/execute/async - {"script":"<script> [776 bytes]","args":[{"enterText":"300003","selector":{"controlType":"sap.m.SearchField","properties":{"placeholder":"Search"},"searchOpenDialogs":true,"interaction":{"idSuffix":"I"}},"clearTextFirst":true,"interactionType":"ENTER_TEXT"}]}
COMMAND: GET /session/f8b17aff14ace713329ed2ba9e517e88/screenshot - {}
RESULT: {"script":"<script> [776 bytes]","args":[{"enterText":"300003","selector":{"controlType":"sap.m.SearchField","properties":{"placeholder":"Search"},"searchOpenDialogs":true,"interaction":{"idSuffix":"I"}},"clearTextFirst":true,"interactionType":"ENTER_TEXT"}]}
COMMAND: POST /session/f8b17aff14ace713329ed2ba9e517e88/actions - {"actions":[{"id":"action4","type":"key","parameters":{},"actions":[{"type":"keyDown","value":"î€‡"},{"type":"pause","duration":10},{"type":"keyUp","value":"î€‡"}]}]}
RESULT: {}
RESULT: {"actions":[{"id":"action4","type":"key","parameters":{},"actions":[{"type":"keyDown","value":"î€‡"},{"type":"pause","duration":10},{"type":"keyUp","value":"î€‡"}]}]}
COMMAND: GET /session/f8b17aff14ace713329ed2ba9e517e88/screenshot - {}
RESULT: {}
COMMAND: POST /session/f8b17aff14ace713329ed2ba9e517e88/element - {"using":"xpath","value":"//span[contains(text(), \"300003\")]"}
RESULT: {"using":"xpath","value":"//span[contains(text(), \"300003\")]"}
COMMAND: POST /session/f8b17aff14ace713329ed2ba9e517e88/element/f.8F60F7CA831AD576036D3680DB46BD22.d.361EAF65D954AFCC19FA8EF5A0E1B078.e.1599/click - {}
RESULT: {}
COMMAND: GET /session/f8b17aff14ace713329ed2ba9e517e88/screenshot - {}
RESULT: {}
COMMAND: POST /session/f8b17aff14ace713329ed2ba9e517e88/element - {"using":"xpath","value":"//bdi[contains(text(), \"OK\")]"}
RESULT: {"using":"xpath","value":"//bdi[contains(text(), \"OK\")]"}
COMMAND: POST /session/f8b17aff14ace713329ed2ba9e517e88/element/f.8F60F7CA831AD576036D3680DB46BD22.d.361EAF65D954AFCC19FA8EF5A0E1B078.e.1601/click - {}
RESULT: {}
COMMAND: GET /session/f8b17aff14ace713329ed2ba9e517e88/screenshot - {}
RESULT: {}
COMMAND: POST /session/f8b17aff14ace713329ed2ba9e517e88/execute/async - {"script":"<script> [1562 bytes]","args":[{"selector":{"id":"application-managepartners-display-component---NewPartner--intercompVendorComboBox-application-managepartners-display-component---NewPartner--assignmentsTable-0-vhi"},"wdio_ui5_key":"applicationmanagepartners-display-component---NewPartner--intercompVendorComboBox-application-managepartners-display-component---NewPartner--assignmentsTable-0-vhi"}]}
RESULT: {"script":"<script> [1562 bytes]","args":[{"selector":{"id":"application-managepartners-display-component---NewPartner--intercompVendorComboBox-application-managepartners-display-component---NewPartner--assignmentsTable-0-vhi"},"wdio_ui5_key":"applicationmanagepartners-display-component---NewPartner--intercompVendorComboBox-application-managepartners-display-component---NewPartner--assignmentsTable-0-vhi"}]}
RESULT: undefined
COMMAND: POST /session/f8b17aff14ace713329ed2ba9e517e88/element - {"using":"xpath","value":"//*[@id=\"application-managepartners-display-component---NewPartner--intercompVendorComboBox-application-managepartners-display-component---NewPartner--assignmentsTable-0-vhi\"]"}
RESULT: {"using":"xpath","value":"//*[@id=\"application-managepartners-display-component---NewPartner--intercompVendorComboBox-application-managepartners-display-component---NewPartner--assignmentsTable-0-vhi\"]"}
COMMAND: POST /session/f8b17aff14ace713329ed2ba9e517e88/element/f.8F60F7CA831AD576036D3680DB46BD22.d.361EAF65D954AFCC19FA8EF5A0E1B078.e.1604/click - {}
RESULT: {}
RESULT: undefined
COMMAND: POST /session/f8b17aff14ace713329ed2ba9e517e88/execute/async - {"script":"<script> [776 bytes]","args":[{"enterText":"100005","selector":{"controlType":"sap.m.SearchField","properties":{"placeholder":"Search"},"searchOpenDialogs":true,"interaction":{"idSuffix":"I"}},"clearTextFirst":true,"interactionType":"ENTER_TEXT"}]}
COMMAND: GET /session/f8b17aff14ace713329ed2ba9e517e88/screenshot - {}
RESULT: {"script":"<script> [776 bytes]","args":[{"enterText":"100005","selector":{"controlType":"sap.m.SearchField","properties":{"placeholder":"Search"},"searchOpenDialogs":true,"interaction":{"idSuffix":"I"}},"clearTextFirst":true,"interactionType":"ENTER_TEXT"}]}
COMMAND: POST /session/f8b17aff14ace713329ed2ba9e517e88/actions - {"actions":[{"id":"action5","type":"key","parameters":{},"actions":[{"type":"keyDown","value":"î€‡"},{"type":"pause","duration":10},{"type":"keyUp","value":"î€‡"}]}]}
RESULT: {}
RESULT: {"actions":[{"id":"action5","type":"key","parameters":{},"actions":[{"type":"keyDown","value":"î€‡"},{"type":"pause","duration":10},{"type":"keyUp","value":"î€‡"}]}]}
COMMAND: GET /session/f8b17aff14ace713329ed2ba9e517e88/screenshot - {}
RESULT: {}
COMMAND: POST /session/f8b17aff14ace713329ed2ba9e517e88/element - {"using":"xpath","value":"//span[contains(text(), \"Penguins - Field/12345 Berlin\")]"}
RESULT: {"using":"xpath","value":"//span[contains(text(), \"Penguins - Field/12345 Berlin\")]"}
COMMAND: POST /session/f8b17aff14ace713329ed2ba9e517e88/element/f.8F60F7CA831AD576036D3680DB46BD22.d.361EAF65D954AFCC19FA8EF5A0E1B078.e.1621/click - {}
RESULT: {}
COMMAND: GET /session/f8b17aff14ace713329ed2ba9e517e88/screenshot - {}
RESULT: {}
COMMAND: POST /session/f8b17aff14ace713329ed2ba9e517e88/element - {"using":"xpath","value":"//bdi[contains(text(), \"OK\")]"}
RESULT: {"using":"xpath","value":"//bdi[contains(text(), \"OK\")]"}
COMMAND: POST /session/f8b17aff14ace713329ed2ba9e517e88/element/f.8F60F7CA831AD576036D3680DB46BD22.d.361EAF65D954AFCC19FA8EF5A0E1B078.e.1622/click - {}
RESULT: {}
COMMAND: GET /session/f8b17aff14ace713329ed2ba9e517e88/screenshot - {}
RESULT: {}
COMMAND: POST /session/f8b17aff14ace713329ed2ba9e517e88/element - {"using":"xpath","value":"//button[@data-kt=\"saveButton\"]"}
RESULT: {"using":"xpath","value":"//button[@data-kt=\"saveButton\"]"}
COMMAND: POST /session/f8b17aff14ace713329ed2ba9e517e88/element/f.8F60F7CA831AD576036D3680DB46BD22.d.361EAF65D954AFCC19FA8EF5A0E1B078.e.1477/click - {}
RESULT: {}
COMMAND: GET /session/f8b17aff14ace713329ed2ba9e517e88/screenshot - {}
RESULT: {}
COMMAND: POST /session/f8b17aff14ace713329ed2ba9e517e88/element - {"using":"xpath","value":"//header[contains(@id, 'ObjectPageLayout-headerTitle')]/div[1]/div[2]/div[2]/span[1]"}
RESULT: {"using":"xpath","value":"//header[contains(@id, 'ObjectPageLayout-headerTitle')]/div[1]/div[2]/div[2]/span[1]"}
COMMAND: POST /session/f8b17aff14ace713329ed2ba9e517e88/elements - {"using":"xpath","value":"//header[contains(@id, 'ObjectPageLayout-headerTitle')]/div[1]/div[2]/div[2]/span[1]"}
RESULT: {"using":"xpath","value":"//header[contains(@id, 'ObjectPageLayout-headerTitle')]/div[1]/div[2]/div[2]/span[1]"}
COMMAND: POST /session/f8b17aff14ace713329ed2ba9e517e88/execute/sync - {"script":"<script> [56 bytes]","args":[{"element-6066-11e4-a52e-4f735466cecf":"f.8F60F7CA831AD576036D3680DB46BD22.d.361EAF65D954AFCC19FA8EF5A0E1B078.e.1786","ELEMENT":"f.8F60F7CA831AD576036D3680DB46BD22.d.361EAF65D954AFCC19FA8EF5A0E1B078.e.1786"}]}
RESULT: {"script":"<script> [56 bytes]","args":[{"element-6066-11e4-a52e-4f735466cecf":"f.8F60F7CA831AD576036D3680DB46BD22.d.361EAF65D954AFCC19FA8EF5A0E1B078.e.1786","ELEMENT":"f.8F60F7CA831AD576036D3680DB46BD22.d.361EAF65D954AFCC19FA8EF5A0E1B078.e.1786"}]}
COMMAND: POST /session/f8b17aff14ace713329ed2ba9e517e88/element - {"using":"css selector","value":"#shell-header-logo"}
COMMAND: GET /session/f8b17aff14ace713329ed2ba9e517e88/screenshot - {}
RESULT: {"using":"css selector","value":"#shell-header-logo"}
COMMAND: POST /session/f8b17aff14ace713329ed2ba9e517e88/element/f.8F60F7CA831AD576036D3680DB46BD22.d.361EAF65D954AFCC19FA8EF5A0E1B078.e.1016/click - {}
RESULT: {}
RESULT: {}
COMMAND: GET /session/f8b17aff14ace713329ed2ba9e517e88/screenshot - {}
RESULT: {}
COMMAND: POST /session/f8b17aff14ace713329ed2ba9e517e88/execute/sync - {"script":"<script> [299 bytes]","args":[["getModel","getResource"]]}
RESULT: {"script":"<script> [299 bytes]","args":[["getModel","getResource"]]}
]]></system-out>
    </testcase>
    <testcase classname="chrome.135_0_7049_96.windows.Billing_Transfer_-_Master_data_&amp;_Intercompany_US127250" name="Should create a new site" time="87.422">
      <system-out><![CDATA[
COMMAND: GET /session/f8b17aff14ace713329ed2ba9e517e88/screenshot - {}
COMMAND: POST /session/f8b17aff14ace713329ed2ba9e517e88/execute/async - {"script":"<script> [1562 bytes]","args":[{"selector":{"controlType":"sap.m.TileContent","bindingPath":{"path":"","propertyPath":"/properties/info"},"ancestor":{"controlType":"sap.m.GenericTile","properties":{"header":"Manage Sites"}}},"wdio_ui5_key":"sapm.TileContent{\"path\":\"\",\"propertyPath\":\"/properties/info\"}{\"controlType\":\"sap.m.GenericTile\",\"properties\":{\"header\":\"Manage Sites\"}}"}]}
RESULT: {}
RESULT: {"script":"<script> [1562 bytes]","args":[{"selector":{"controlType":"sap.m.TileContent","bindingPath":{"path":"","propertyPath":"/properties/info"},"ancestor":{"controlType":"sap.m.GenericTile","properties":{"header":"Manage Sites"}}},"wdio_ui5_key":"sapm.TileContent{\"path\":\"\",\"propertyPath\":\"/properties/info\"}{\"controlType\":\"sap.m.GenericTile\",\"properties\":{\"header\":\"Manage Sites\"}}"}]}
RESULT: undefined
COMMAND: POST /session/f8b17aff14ace713329ed2ba9e517e88/element - {"using":"xpath","value":"//*[@id=\"__xmlview7--numericTileContent\"]"}
RESULT: {"using":"xpath","value":"//*[@id=\"__xmlview7--numericTileContent\"]"}
COMMAND: POST /session/f8b17aff14ace713329ed2ba9e517e88/element/f.8F60F7CA831AD576036D3680DB46BD22.d.361EAF65D954AFCC19FA8EF5A0E1B078.e.1788/click - {}
RESULT: {}
COMMAND: POST /session/f8b17aff14ace713329ed2ba9e517e88/element - {"using":"xpath","value":"//button[@data-kt=\"addOverflowToolbarButton\"]"}
COMMAND: GET /session/f8b17aff14ace713329ed2ba9e517e88/screenshot - {}
RESULT: {"using":"xpath","value":"//button[@data-kt=\"addOverflowToolbarButton\"]"}
COMMAND: POST /session/f8b17aff14ace713329ed2ba9e517e88/elements - {"using":"xpath","value":"//button[@data-kt=\"addOverflowToolbarButton\"]"}
RESULT: {}
RESULT: {"using":"xpath","value":"//button[@data-kt=\"addOverflowToolbarButton\"]"}
COMMAND: POST /session/f8b17aff14ace713329ed2ba9e517e88/elements - {"using":"xpath","value":"//button[@data-kt=\"addOverflowToolbarButton\"]"}
RESULT: {"using":"xpath","value":"//button[@data-kt=\"addOverflowToolbarButton\"]"}
COMMAND: POST /session/f8b17aff14ace713329ed2ba9e517e88/elements - {"using":"xpath","value":"//button[@data-kt=\"addOverflowToolbarButton\"]"}
RESULT: {"using":"xpath","value":"//button[@data-kt=\"addOverflowToolbarButton\"]"}
COMMAND: POST /session/f8b17aff14ace713329ed2ba9e517e88/element - {"using":"xpath","value":"//button[@data-kt=\"addOverflowToolbarButton\"]"}
RESULT: {"using":"xpath","value":"//button[@data-kt=\"addOverflowToolbarButton\"]"}
COMMAND: POST /session/f8b17aff14ace713329ed2ba9e517e88/execute/sync - {"script":"<script> [8489 bytes]","args":[{"element-6066-11e4-a52e-4f735466cecf":"f.8F60F7CA831AD576036D3680DB46BD22.d.361EAF65D954AFCC19FA8EF5A0E1B078.e.1834","ELEMENT":"f.8F60F7CA831AD576036D3680DB46BD22.d.361EAF65D954AFCC19FA8EF5A0E1B078.e.1834"}]}
RESULT: {"script":"<script> [8489 bytes]","args":[{"element-6066-11e4-a52e-4f735466cecf":"f.8F60F7CA831AD576036D3680DB46BD22.d.361EAF65D954AFCC19FA8EF5A0E1B078.e.1834","ELEMENT":"f.8F60F7CA831AD576036D3680DB46BD22.d.361EAF65D954AFCC19FA8EF5A0E1B078.e.1834"}]}
COMMAND: GET /session/f8b17aff14ace713329ed2ba9e517e88/element/f.8F60F7CA831AD576036D3680DB46BD22.d.361EAF65D954AFCC19FA8EF5A0E1B078.e.1834/enabled - {}
COMMAND: GET /session/f8b17aff14ace713329ed2ba9e517e88/screenshot - {}
RESULT: {}
COMMAND: POST /session/f8b17aff14ace713329ed2ba9e517e88/execute/sync - {"script":"<script> [8489 bytes]","args":[{"element-6066-11e4-a52e-4f735466cecf":"f.8F60F7CA831AD576036D3680DB46BD22.d.361EAF65D954AFCC19FA8EF5A0E1B078.e.1834","ELEMENT":"f.8F60F7CA831AD576036D3680DB46BD22.d.361EAF65D954AFCC19FA8EF5A0E1B078.e.1834"}]}
COMMAND: GET /session/f8b17aff14ace713329ed2ba9e517e88/screenshot - {}
RESULT: {}
RESULT: {"script":"<script> [8489 bytes]","args":[{"element-6066-11e4-a52e-4f735466cecf":"f.8F60F7CA831AD576036D3680DB46BD22.d.361EAF65D954AFCC19FA8EF5A0E1B078.e.1834","ELEMENT":"f.8F60F7CA831AD576036D3680DB46BD22.d.361EAF65D954AFCC19FA8EF5A0E1B078.e.1834"}]}
COMMAND: POST /session/f8b17aff14ace713329ed2ba9e517e88/execute/sync - {"script":"<script> [5351 bytes]","args":[{"element-6066-11e4-a52e-4f735466cecf":"f.8F60F7CA831AD576036D3680DB46BD22.d.361EAF65D954AFCC19FA8EF5A0E1B078.e.1834","ELEMENT":"f.8F60F7CA831AD576036D3680DB46BD22.d.361EAF65D954AFCC19FA8EF5A0E1B078.e.1834"}]}
COMMAND: GET /session/f8b17aff14ace713329ed2ba9e517e88/screenshot - {}
RESULT: {}
RESULT: {"script":"<script> [5351 bytes]","args":[{"element-6066-11e4-a52e-4f735466cecf":"f.8F60F7CA831AD576036D3680DB46BD22.d.361EAF65D954AFCC19FA8EF5A0E1B078.e.1834","ELEMENT":"f.8F60F7CA831AD576036D3680DB46BD22.d.361EAF65D954AFCC19FA8EF5A0E1B078.e.1834"}]}
COMMAND: POST /session/f8b17aff14ace713329ed2ba9e517e88/element/f.8F60F7CA831AD576036D3680DB46BD22.d.361EAF65D954AFCC19FA8EF5A0E1B078.e.1834/click - {}
COMMAND: GET /session/f8b17aff14ace713329ed2ba9e517e88/screenshot - {}
RESULT: {}
RESULT: {}
COMMAND: GET /session/f8b17aff14ace713329ed2ba9e517e88/screenshot - {}
COMMAND: POST /session/f8b17aff14ace713329ed2ba9e517e88/execute/async - {"script":"<script> [1562 bytes]","args":[{"selector":{"id":"application-managesites-display-component---NewSite--addressDetailDetailsName1","interaction":{"idSuffix":"inner"}},"wdio_ui5_key":"applicationmanagesites-display-component---NewSite--addressDetailDetailsName1"}]}
RESULT: {}
RESULT: {}
RESULT: {"script":"<script> [1562 bytes]","args":[{"selector":{"id":"application-managesites-display-component---NewSite--addressDetailDetailsName1","interaction":{"idSuffix":"inner"}},"wdio_ui5_key":"applicationmanagesites-display-component---NewSite--addressDetailDetailsName1"}]}
RESULT: undefined
COMMAND: POST /session/f8b17aff14ace713329ed2ba9e517e88/execute/async - {"script":"<script> [776 bytes]","args":[{"enterText":"Intercompany Site wdIO","selector":{"id":"application-managesites-display-component---NewSite--addressDetailDetailsName1","interaction":{"idSuffix":"inner"}},"clearTextFirst":true,"interactionType":"ENTER_TEXT"}]}
RESULT: {"script":"<script> [776 bytes]","args":[{"enterText":"Intercompany Site wdIO","selector":{"id":"application-managesites-display-component---NewSite--addressDetailDetailsName1","interaction":{"idSuffix":"inner"}},"clearTextFirst":true,"interactionType":"ENTER_TEXT"}]}
COMMAND: POST /session/f8b17aff14ace713329ed2ba9e517e88/execute/async - {"script":"<script> [1562 bytes]","args":[{"selector":{"id":"application-managesites-display-component---NewSite--addressDetailDetailsLanguage-arrow"},"wdio_ui5_key":"applicationmanagesites-display-component---NewSite--addressDetailDetailsLanguage-arrow"}]}
RESULT: {"script":"<script> [1562 bytes]","args":[{"selector":{"id":"application-managesites-display-component---NewSite--addressDetailDetailsLanguage-arrow"},"wdio_ui5_key":"applicationmanagesites-display-component---NewSite--addressDetailDetailsLanguage-arrow"}]}
RESULT: undefined
COMMAND: POST /session/f8b17aff14ace713329ed2ba9e517e88/element - {"using":"xpath","value":"//*[@id=\"application-managesites-display-component---NewSite--addressDetailDetailsLanguage-arrow\"]"}
RESULT: {"using":"xpath","value":"//*[@id=\"application-managesites-display-component---NewSite--addressDetailDetailsLanguage-arrow\"]"}
COMMAND: POST /session/f8b17aff14ace713329ed2ba9e517e88/element/f.8F60F7CA831AD576036D3680DB46BD22.d.361EAF65D954AFCC19FA8EF5A0E1B078.e.2229/click - {}
RESULT: {}
COMMAND: POST /session/f8b17aff14ace713329ed2ba9e517e88/element - {"using":"xpath","value":"//span[contains(text(), \"English\")]"}
COMMAND: GET /session/f8b17aff14ace713329ed2ba9e517e88/screenshot - {}
RESULT: {"using":"xpath","value":"//span[contains(text(), \"English\")]"}
COMMAND: POST /session/f8b17aff14ace713329ed2ba9e517e88/element/f.8F60F7CA831AD576036D3680DB46BD22.d.361EAF65D954AFCC19FA8EF5A0E1B078.e.2230/click - {}
RESULT: {}
RESULT: {}
COMMAND: POST /session/f8b17aff14ace713329ed2ba9e517e88/execute/async - {"script":"<script> [1562 bytes]","args":[{"selector":{"id":"application-managesites-display-component---NewSite--addressDetailDetailsCity1","interaction":{"idSuffix":"inner"}},"wdio_ui5_key":"applicationmanagesites-display-component---NewSite--addressDetailDetailsCity1"}]}
COMMAND: GET /session/f8b17aff14ace713329ed2ba9e517e88/screenshot - {}
RESULT: {"script":"<script> [1562 bytes]","args":[{"selector":{"id":"application-managesites-display-component---NewSite--addressDetailDetailsCity1","interaction":{"idSuffix":"inner"}},"wdio_ui5_key":"applicationmanagesites-display-component---NewSite--addressDetailDetailsCity1"}]}
RESULT: undefined
COMMAND: POST /session/f8b17aff14ace713329ed2ba9e517e88/execute/async - {"script":"<script> [776 bytes]","args":[{"enterText":"Rosario","selector":{"id":"application-managesites-display-component---NewSite--addressDetailDetailsCity1","interaction":{"idSuffix":"inner"}},"clearTextFirst":true,"interactionType":"ENTER_TEXT"}]}
RESULT: {}
RESULT: {"script":"<script> [776 bytes]","args":[{"enterText":"Rosario","selector":{"id":"application-managesites-display-component---NewSite--addressDetailDetailsCity1","interaction":{"idSuffix":"inner"}},"clearTextFirst":true,"interactionType":"ENTER_TEXT"}]}
COMMAND: POST /session/f8b17aff14ace713329ed2ba9e517e88/execute/async - {"script":"<script> [1562 bytes]","args":[{"selector":{"id":"application-managesites-display-component---NewSite--addressDetailDetailsCountry-arrow"},"wdio_ui5_key":"applicationmanagesites-display-component---NewSite--addressDetailDetailsCountry-arrow"}]}
RESULT: {"script":"<script> [1562 bytes]","args":[{"selector":{"id":"application-managesites-display-component---NewSite--addressDetailDetailsCountry-arrow"},"wdio_ui5_key":"applicationmanagesites-display-component---NewSite--addressDetailDetailsCountry-arrow"}]}
RESULT: undefined
COMMAND: POST /session/f8b17aff14ace713329ed2ba9e517e88/element - {"using":"xpath","value":"//*[@id=\"application-managesites-display-component---NewSite--addressDetailDetailsCountry-arrow\"]"}
RESULT: {"using":"xpath","value":"//*[@id=\"application-managesites-display-component---NewSite--addressDetailDetailsCountry-arrow\"]"}
COMMAND: POST /session/f8b17aff14ace713329ed2ba9e517e88/element/f.8F60F7CA831AD576036D3680DB46BD22.d.361EAF65D954AFCC19FA8EF5A0E1B078.e.2232/click - {}
RESULT: {}
COMMAND: POST /session/f8b17aff14ace713329ed2ba9e517e88/element - {"using":"xpath","value":"//span[contains(text(), \"Argentina\")]"}
COMMAND: GET /session/f8b17aff14ace713329ed2ba9e517e88/screenshot - {}
RESULT: {"using":"xpath","value":"//span[contains(text(), \"Argentina\")]"}
COMMAND: POST /session/f8b17aff14ace713329ed2ba9e517e88/element/f.8F60F7CA831AD576036D3680DB46BD22.d.361EAF65D954AFCC19FA8EF5A0E1B078.e.2233/click - {}
RESULT: {}
RESULT: {}
COMMAND: GET /session/f8b17aff14ace713329ed2ba9e517e88/screenshot - {}
RESULT: {}
COMMAND: POST /session/f8b17aff14ace713329ed2ba9e517e88/execute/async - {"script":"<script> [1562 bytes]","args":[{"selector":{"id":"application-managesites-display-component---NewSite--addressEditDetailsCostObjectCstType-arrow"},"wdio_ui5_key":"applicationmanagesites-display-component---NewSite--addressEditDetailsCostObjectCstType-arrow"}]}
RESULT: {"script":"<script> [1562 bytes]","args":[{"selector":{"id":"application-managesites-display-component---NewSite--addressEditDetailsCostObjectCstType-arrow"},"wdio_ui5_key":"applicationmanagesites-display-component---NewSite--addressEditDetailsCostObjectCstType-arrow"}]}
RESULT: undefined
COMMAND: POST /session/f8b17aff14ace713329ed2ba9e517e88/element - {"using":"xpath","value":"//*[@id=\"application-managesites-display-component---NewSite--addressEditDetailsCostObjectCstType-arrow\"]"}
RESULT: {"using":"xpath","value":"//*[@id=\"application-managesites-display-component---NewSite--addressEditDetailsCostObjectCstType-arrow\"]"}
COMMAND: POST /session/f8b17aff14ace713329ed2ba9e517e88/element/f.8F60F7CA831AD576036D3680DB46BD22.d.361EAF65D954AFCC19FA8EF5A0E1B078.e.2235/click - {}
RESULT: {}
COMMAND: POST /session/f8b17aff14ace713329ed2ba9e517e88/element - {"using":"xpath","value":"//span[contains(text(), \"Cost Center\")]"}
COMMAND: GET /session/f8b17aff14ace713329ed2ba9e517e88/screenshot - {}
RESULT: {"using":"xpath","value":"//span[contains(text(), \"Cost Center\")]"}
COMMAND: POST /session/f8b17aff14ace713329ed2ba9e517e88/element/f.8F60F7CA831AD576036D3680DB46BD22.d.361EAF65D954AFCC19FA8EF5A0E1B078.e.2236/click - {}
RESULT: {}
RESULT: {}
COMMAND: GET /session/f8b17aff14ace713329ed2ba9e517e88/screenshot - {}
RESULT: {}
COMMAND: POST /session/f8b17aff14ace713329ed2ba9e517e88/element - {"using":"xpath","value":"//span[@id=\"application-managesites-display-component---NewSite--addressNewCostObjectCstID-vhi\"]"}
RESULT: {"using":"xpath","value":"//span[@id=\"application-managesites-display-component---NewSite--addressNewCostObjectCstID-vhi\"]"}
COMMAND: POST /session/f8b17aff14ace713329ed2ba9e517e88/execute/sync - {"script":"<script> [8489 bytes]","args":[{"element-6066-11e4-a52e-4f735466cecf":"f.8F60F7CA831AD576036D3680DB46BD22.d.361EAF65D954AFCC19FA8EF5A0E1B078.e.2241","ELEMENT":"f.8F60F7CA831AD576036D3680DB46BD22.d.361EAF65D954AFCC19FA8EF5A0E1B078.e.2241"}]}
RESULT: {"script":"<script> [8489 bytes]","args":[{"element-6066-11e4-a52e-4f735466cecf":"f.8F60F7CA831AD576036D3680DB46BD22.d.361EAF65D954AFCC19FA8EF5A0E1B078.e.2241","ELEMENT":"f.8F60F7CA831AD576036D3680DB46BD22.d.361EAF65D954AFCC19FA8EF5A0E1B078.e.2241"}]}
COMMAND: POST /session/f8b17aff14ace713329ed2ba9e517e88/execute/async - {"script":"<script> [1562 bytes]","args":[{"selector":{"id":"application-managesites-display-component---NewSite--addressNewCostObjectCstID-vhi"},"wdio_ui5_key":"applicationmanagesites-display-component---NewSite--addressNewCostObjectCstID-vhi"}]}
COMMAND: GET /session/f8b17aff14ace713329ed2ba9e517e88/screenshot - {}
RESULT: {"script":"<script> [1562 bytes]","args":[{"selector":{"id":"application-managesites-display-component---NewSite--addressNewCostObjectCstID-vhi"},"wdio_ui5_key":"applicationmanagesites-display-component---NewSite--addressNewCostObjectCstID-vhi"}]}
RESULT: undefined
COMMAND: POST /session/f8b17aff14ace713329ed2ba9e517e88/element - {"using":"xpath","value":"//*[@id=\"application-managesites-display-component---NewSite--addressNewCostObjectCstID-vhi\"]"}
RESULT: {}
RESULT: {"using":"xpath","value":"//*[@id=\"application-managesites-display-component---NewSite--addressNewCostObjectCstID-vhi\"]"}
COMMAND: POST /session/f8b17aff14ace713329ed2ba9e517e88/element/f.8F60F7CA831AD576036D3680DB46BD22.d.361EAF65D954AFCC19FA8EF5A0E1B078.e.2241/click - {}
RESULT: {}
COMMAND: GET /session/f8b17aff14ace713329ed2ba9e517e88/screenshot - {}
RESULT: {}
RESULT: undefined
COMMAND: POST /session/f8b17aff14ace713329ed2ba9e517e88/execute/async - {"script":"<script> [776 bytes]","args":[{"enterText":"10001013","selector":{"controlType":"sap.m.SearchField","properties":{"placeholder":"Search"},"searchOpenDialogs":true,"interaction":{"idSuffix":"I"}},"clearTextFirst":true,"interactionType":"ENTER_TEXT"}]}
RESULT: {"script":"<script> [776 bytes]","args":[{"enterText":"10001013","selector":{"controlType":"sap.m.SearchField","properties":{"placeholder":"Search"},"searchOpenDialogs":true,"interaction":{"idSuffix":"I"}},"clearTextFirst":true,"interactionType":"ENTER_TEXT"}]}
COMMAND: POST /session/f8b17aff14ace713329ed2ba9e517e88/actions - {"actions":[{"id":"action6","type":"key","parameters":{},"actions":[{"type":"keyDown","value":"î€‡"},{"type":"pause","duration":10},{"type":"keyUp","value":"î€‡"}]}]}
RESULT: {"actions":[{"id":"action6","type":"key","parameters":{},"actions":[{"type":"keyDown","value":"î€‡"},{"type":"pause","duration":10},{"type":"keyUp","value":"î€‡"}]}]}
COMMAND: GET /session/f8b17aff14ace713329ed2ba9e517e88/screenshot - {}
RESULT: {}
COMMAND: POST /session/f8b17aff14ace713329ed2ba9e517e88/element - {"using":"xpath","value":"//span[contains(text(), \"General Management\")]"}
RESULT: {"using":"xpath","value":"//span[contains(text(), \"General Management\")]"}
COMMAND: POST /session/f8b17aff14ace713329ed2ba9e517e88/element/f.8F60F7CA831AD576036D3680DB46BD22.d.361EAF65D954AFCC19FA8EF5A0E1B078.e.2280/click - {}
RESULT: {}
COMMAND: GET /session/f8b17aff14ace713329ed2ba9e517e88/screenshot - {}
RESULT: {}
COMMAND: POST /session/f8b17aff14ace713329ed2ba9e517e88/element - {"using":"xpath","value":"//bdi[contains(text(), \"OK\")]"}
RESULT: {"using":"xpath","value":"//bdi[contains(text(), \"OK\")]"}
COMMAND: POST /session/f8b17aff14ace713329ed2ba9e517e88/element/f.8F60F7CA831AD576036D3680DB46BD22.d.361EAF65D954AFCC19FA8EF5A0E1B078.e.2281/click - {}
RESULT: {}
COMMAND: GET /session/f8b17aff14ace713329ed2ba9e517e88/screenshot - {}
RESULT: {}
COMMAND: POST /session/f8b17aff14ace713329ed2ba9e517e88/element - {"using":"xpath","value":"//input[@id=\"application-managesites-display-component---NewSite--addressDetailDetailsCalendar-inner\"]"}
RESULT: {"using":"xpath","value":"//input[@id=\"application-managesites-display-component---NewSite--addressDetailDetailsCalendar-inner\"]"}
COMMAND: POST /session/f8b17aff14ace713329ed2ba9e517e88/element/f.8F60F7CA831AD576036D3680DB46BD22.d.361EAF65D954AFCC19FA8EF5A0E1B078.e.2031/clear - {}
RESULT: {}
COMMAND: POST /session/f8b17aff14ace713329ed2ba9e517e88/element/f.8F60F7CA831AD576036D3680DB46BD22.d.361EAF65D954AFCC19FA8EF5A0E1B078.e.2031/value - {"text":"Unit"}
COMMAND: GET /session/f8b17aff14ace713329ed2ba9e517e88/screenshot - {}
RESULT: {"text":"Unit"}
COMMAND: GET /session/f8b17aff14ace713329ed2ba9e517e88/screenshot - {}
RESULT: {}
RESULT: {}
COMMAND: POST /session/f8b17aff14ace713329ed2ba9e517e88/actions - {"actions":[{"id":"action7","type":"key","parameters":{},"actions":[{"type":"keyDown","value":"î€‡"},{"type":"pause","duration":10},{"type":"keyUp","value":"î€‡"}]}]}
RESULT: {"actions":[{"id":"action7","type":"key","parameters":{},"actions":[{"type":"keyDown","value":"î€‡"},{"type":"pause","duration":10},{"type":"keyUp","value":"î€‡"}]}]}
COMMAND: POST /session/f8b17aff14ace713329ed2ba9e517e88/element - {"using":"xpath","value":"//input[@id=\"application-managesites-display-component---NewSite--addressDetailDetailsYard-inner\"]"}
COMMAND: GET /session/f8b17aff14ace713329ed2ba9e517e88/screenshot - {}
RESULT: {"using":"xpath","value":"//input[@id=\"application-managesites-display-component---NewSite--addressDetailDetailsYard-inner\"]"}
COMMAND: POST /session/f8b17aff14ace713329ed2ba9e517e88/element/f.8F60F7CA831AD576036D3680DB46BD22.d.361EAF65D954AFCC19FA8EF5A0E1B078.e.2032/clear - {}
RESULT: {}
RESULT: {}
COMMAND: POST /session/f8b17aff14ace713329ed2ba9e517e88/element/f.8F60F7CA831AD576036D3680DB46BD22.d.361EAF65D954AFCC19FA8EF5A0E1B078.e.2032/value - {"text":"345"}
COMMAND: GET /session/f8b17aff14ace713329ed2ba9e517e88/screenshot - {}
RESULT: {"text":"345"}
COMMAND: GET /session/f8b17aff14ace713329ed2ba9e517e88/screenshot - {}
RESULT: {}
RESULT: {}
COMMAND: POST /session/f8b17aff14ace713329ed2ba9e517e88/element - {"using":"xpath","value":"//li[.//span[text()='345']]"}
RESULT: {"using":"xpath","value":"//li[.//span[text()='345']]"}
COMMAND: POST /session/f8b17aff14ace713329ed2ba9e517e88/element/f.8F60F7CA831AD576036D3680DB46BD22.d.361EAF65D954AFCC19FA8EF5A0E1B078.e.2289/click - {}
RESULT: {}
COMMAND: GET /session/f8b17aff14ace713329ed2ba9e517e88/screenshot - {}
RESULT: {}
COMMAND: POST /session/f8b17aff14ace713329ed2ba9e517e88/element - {"using":"xpath","value":"//input[@id=\"application-managesites-display-component---NewSite--addressDetailDetailsPartner-inner\"]"}
RESULT: {"using":"xpath","value":"//input[@id=\"application-managesites-display-component---NewSite--addressDetailDetailsPartner-inner\"]"}
COMMAND: POST /session/f8b17aff14ace713329ed2ba9e517e88/element - {"using":"xpath","value":"//input[@id=\"application-managesites-display-component---NewSite--addressDetailDetailsPartner-inner\"]"}
RESULT: {"using":"xpath","value":"//input[@id=\"application-managesites-display-component---NewSite--addressDetailDetailsPartner-inner\"]"}
COMMAND: POST /session/f8b17aff14ace713329ed2ba9e517e88/element - {"using":"xpath","value":"//button[@data-kt=\"saveButton\"]"}
RESULT: {"using":"xpath","value":"//button[@data-kt=\"saveButton\"]"}
COMMAND: POST /session/f8b17aff14ace713329ed2ba9e517e88/element/f.8F60F7CA831AD576036D3680DB46BD22.d.361EAF65D954AFCC19FA8EF5A0E1B078.e.2209/click - {}
RESULT: {}
COMMAND: GET /session/f8b17aff14ace713329ed2ba9e517e88/screenshot - {}
RESULT: {}
COMMAND: POST /session/f8b17aff14ace713329ed2ba9e517e88/element - {"using":"xpath","value":"//header[contains(@id, 'ObjectPageLayout-headerTitle')]/div[1]/div[2]/div[2]/span[1]"}
RESULT: {"using":"xpath","value":"//header[contains(@id, 'ObjectPageLayout-headerTitle')]/div[1]/div[2]/div[2]/span[1]"}
COMMAND: POST /session/f8b17aff14ace713329ed2ba9e517e88/elements - {"using":"xpath","value":"//header[contains(@id, 'ObjectPageLayout-headerTitle')]/div[1]/div[2]/div[2]/span[1]"}
RESULT: {"using":"xpath","value":"//header[contains(@id, 'ObjectPageLayout-headerTitle')]/div[1]/div[2]/div[2]/span[1]"}
COMMAND: POST /session/f8b17aff14ace713329ed2ba9e517e88/execute/sync - {"script":"<script> [56 bytes]","args":[{"element-6066-11e4-a52e-4f735466cecf":"f.8F60F7CA831AD576036D3680DB46BD22.d.361EAF65D954AFCC19FA8EF5A0E1B078.e.2491","ELEMENT":"f.8F60F7CA831AD576036D3680DB46BD22.d.361EAF65D954AFCC19FA8EF5A0E1B078.e.2491"}]}
RESULT: {"script":"<script> [56 bytes]","args":[{"element-6066-11e4-a52e-4f735466cecf":"f.8F60F7CA831AD576036D3680DB46BD22.d.361EAF65D954AFCC19FA8EF5A0E1B078.e.2491","ELEMENT":"f.8F60F7CA831AD576036D3680DB46BD22.d.361EAF65D954AFCC19FA8EF5A0E1B078.e.2491"}]}
COMMAND: POST /session/f8b17aff14ace713329ed2ba9e517e88/element - {"using":"css selector","value":"#shell-header-logo"}
COMMAND: GET /session/f8b17aff14ace713329ed2ba9e517e88/screenshot - {}
RESULT: {"using":"css selector","value":"#shell-header-logo"}
COMMAND: POST /session/f8b17aff14ace713329ed2ba9e517e88/element/f.8F60F7CA831AD576036D3680DB46BD22.d.361EAF65D954AFCC19FA8EF5A0E1B078.e.1791/click - {}
RESULT: {}
RESULT: {}
COMMAND: GET /session/f8b17aff14ace713329ed2ba9e517e88/screenshot - {}
RESULT: {}
COMMAND: POST /session/f8b17aff14ace713329ed2ba9e517e88/execute/sync - {"script":"<script> [299 bytes]","args":[["getModel","getResource"]]}
RESULT: {"script":"<script> [299 bytes]","args":[["getModel","getResource"]]}
]]></system-out>
    </testcase>
    <testcase classname="chrome.135_0_7049_96.windows.Billing_Transfer_-_Master_data_&amp;_Intercompany_US127250" name="Should create a new equipment" time="127.299">
      <system-out><![CDATA[
COMMAND: GET /session/f8b17aff14ace713329ed2ba9e517e88/screenshot - {}
COMMAND: POST /session/f8b17aff14ace713329ed2ba9e517e88/execute/async - {"script":"<script> [1562 bytes]","args":[{"selector":{"controlType":"sap.m.GenericTile","properties":{"header":"Manage Resources"}},"wdio_ui5_key":"sapm.GenericTile{\"header\":\"Manage Resources\"}"}]}
RESULT: {"script":"<script> [1562 bytes]","args":[{"selector":{"controlType":"sap.m.GenericTile","properties":{"header":"Manage Resources"}},"wdio_ui5_key":"sapm.GenericTile{\"header\":\"Manage Resources\"}"}]}
RESULT: undefined
COMMAND: POST /session/f8b17aff14ace713329ed2ba9e517e88/element - {"using":"xpath","value":"//*[@id=\"__tile39\"]"}
RESULT: {}
RESULT: {"using":"xpath","value":"//*[@id=\"__tile39\"]"}
COMMAND: POST /session/f8b17aff14ace713329ed2ba9e517e88/element/f.8F60F7CA831AD576036D3680DB46BD22.d.361EAF65D954AFCC19FA8EF5A0E1B078.e.153/click - {}
RESULT: {}
COMMAND: POST /session/f8b17aff14ace713329ed2ba9e517e88/element - {"using":"xpath","value":"//button[@data-kt=\"addNewRUOverflowToolbarButton\"]"}
COMMAND: GET /session/f8b17aff14ace713329ed2ba9e517e88/screenshot - {}
RESULT: {"using":"xpath","value":"//button[@data-kt=\"addNewRUOverflowToolbarButton\"]"}
COMMAND: POST /session/f8b17aff14ace713329ed2ba9e517e88/elements - {"using":"xpath","value":"//button[@data-kt=\"addNewRUOverflowToolbarButton\"]"}
RESULT: {}
RESULT: {"using":"xpath","value":"//button[@data-kt=\"addNewRUOverflowToolbarButton\"]"}
COMMAND: POST /session/f8b17aff14ace713329ed2ba9e517e88/elements - {"using":"xpath","value":"//button[@data-kt=\"addNewRUOverflowToolbarButton\"]"}
RESULT: {"using":"xpath","value":"//button[@data-kt=\"addNewRUOverflowToolbarButton\"]"}
COMMAND: POST /session/f8b17aff14ace713329ed2ba9e517e88/elements - {"using":"xpath","value":"//button[@data-kt=\"addNewRUOverflowToolbarButton\"]"}
RESULT: {"using":"xpath","value":"//button[@data-kt=\"addNewRUOverflowToolbarButton\"]"}
COMMAND: POST /session/f8b17aff14ace713329ed2ba9e517e88/elements - {"using":"xpath","value":"//button[@data-kt=\"addNewRUOverflowToolbarButton\"]"}
RESULT: {"using":"xpath","value":"//button[@data-kt=\"addNewRUOverflowToolbarButton\"]"}
COMMAND: POST /session/f8b17aff14ace713329ed2ba9e517e88/element - {"using":"xpath","value":"//button[@data-kt=\"addNewRUOverflowToolbarButton\"]"}
RESULT: {"using":"xpath","value":"//button[@data-kt=\"addNewRUOverflowToolbarButton\"]"}
COMMAND: POST /session/f8b17aff14ace713329ed2ba9e517e88/execute/sync - {"script":"<script> [8489 bytes]","args":[{"element-6066-11e4-a52e-4f735466cecf":"f.8F60F7CA831AD576036D3680DB46BD22.d.361EAF65D954AFCC19FA8EF5A0E1B078.e.2522","ELEMENT":"f.8F60F7CA831AD576036D3680DB46BD22.d.361EAF65D954AFCC19FA8EF5A0E1B078.e.2522"}]}
RESULT: {"script":"<script> [8489 bytes]","args":[{"element-6066-11e4-a52e-4f735466cecf":"f.8F60F7CA831AD576036D3680DB46BD22.d.361EAF65D954AFCC19FA8EF5A0E1B078.e.2522","ELEMENT":"f.8F60F7CA831AD576036D3680DB46BD22.d.361EAF65D954AFCC19FA8EF5A0E1B078.e.2522"}]}
COMMAND: GET /session/f8b17aff14ace713329ed2ba9e517e88/element/f.8F60F7CA831AD576036D3680DB46BD22.d.361EAF65D954AFCC19FA8EF5A0E1B078.e.2522/enabled - {}
COMMAND: GET /session/f8b17aff14ace713329ed2ba9e517e88/screenshot - {}
RESULT: {}
COMMAND: POST /session/f8b17aff14ace713329ed2ba9e517e88/execute/sync - {"script":"<script> [8489 bytes]","args":[{"element-6066-11e4-a52e-4f735466cecf":"f.8F60F7CA831AD576036D3680DB46BD22.d.361EAF65D954AFCC19FA8EF5A0E1B078.e.2522","ELEMENT":"f.8F60F7CA831AD576036D3680DB46BD22.d.361EAF65D954AFCC19FA8EF5A0E1B078.e.2522"}]}
COMMAND: GET /session/f8b17aff14ace713329ed2ba9e517e88/screenshot - {}
RESULT: {}
RESULT: {"script":"<script> [8489 bytes]","args":[{"element-6066-11e4-a52e-4f735466cecf":"f.8F60F7CA831AD576036D3680DB46BD22.d.361EAF65D954AFCC19FA8EF5A0E1B078.e.2522","ELEMENT":"f.8F60F7CA831AD576036D3680DB46BD22.d.361EAF65D954AFCC19FA8EF5A0E1B078.e.2522"}]}
COMMAND: POST /session/f8b17aff14ace713329ed2ba9e517e88/execute/sync - {"script":"<script> [5351 bytes]","args":[{"element-6066-11e4-a52e-4f735466cecf":"f.8F60F7CA831AD576036D3680DB46BD22.d.361EAF65D954AFCC19FA8EF5A0E1B078.e.2522","ELEMENT":"f.8F60F7CA831AD576036D3680DB46BD22.d.361EAF65D954AFCC19FA8EF5A0E1B078.e.2522"}]}
COMMAND: GET /session/f8b17aff14ace713329ed2ba9e517e88/screenshot - {}
RESULT: {}
RESULT: {"script":"<script> [5351 bytes]","args":[{"element-6066-11e4-a52e-4f735466cecf":"f.8F60F7CA831AD576036D3680DB46BD22.d.361EAF65D954AFCC19FA8EF5A0E1B078.e.2522","ELEMENT":"f.8F60F7CA831AD576036D3680DB46BD22.d.361EAF65D954AFCC19FA8EF5A0E1B078.e.2522"}]}
COMMAND: POST /session/f8b17aff14ace713329ed2ba9e517e88/element/f.8F60F7CA831AD576036D3680DB46BD22.d.361EAF65D954AFCC19FA8EF5A0E1B078.e.2522/click - {}
COMMAND: GET /session/f8b17aff14ace713329ed2ba9e517e88/screenshot - {}
RESULT: {}
RESULT: {}
COMMAND: GET /session/f8b17aff14ace713329ed2ba9e517e88/screenshot - {}
RESULT: {}
RESULT: {}
COMMAND: POST /session/f8b17aff14ace713329ed2ba9e517e88/execute/async - {"script":"<script> [1562 bytes]","args":[{"selector":{"id":"application-manageresources-display-component---newResourceUnit--TYPE-arrow"},"wdio_ui5_key":"applicationmanageresources-display-component---newResourceUnit--TYPE-arrow"}]}
RESULT: {"script":"<script> [1562 bytes]","args":[{"selector":{"id":"application-manageresources-display-component---newResourceUnit--TYPE-arrow"},"wdio_ui5_key":"applicationmanageresources-display-component---newResourceUnit--TYPE-arrow"}]}
RESULT: undefined
COMMAND: POST /session/f8b17aff14ace713329ed2ba9e517e88/element - {"using":"xpath","value":"//*[@id=\"application-manageresources-display-component---newResourceUnit--TYPE-arrow\"]"}
RESULT: {"using":"xpath","value":"//*[@id=\"application-manageresources-display-component---newResourceUnit--TYPE-arrow\"]"}
COMMAND: POST /session/f8b17aff14ace713329ed2ba9e517e88/element/f.8F60F7CA831AD576036D3680DB46BD22.d.361EAF65D954AFCC19FA8EF5A0E1B078.e.2887/click - {}
RESULT: {}
COMMAND: POST /session/f8b17aff14ace713329ed2ba9e517e88/element - {"using":"xpath","value":"//input[@id=\"application-manageresources-display-component---newResourceUnit--TYPE-inner\"]"}
COMMAND: GET /session/f8b17aff14ace713329ed2ba9e517e88/screenshot - {}
RESULT: {"using":"xpath","value":"//input[@id=\"application-manageresources-display-component---newResourceUnit--TYPE-inner\"]"}
COMMAND: POST /session/f8b17aff14ace713329ed2ba9e517e88/element/f.8F60F7CA831AD576036D3680DB46BD22.d.361EAF65D954AFCC19FA8EF5A0E1B078.e.2874/clear - {}
RESULT: {}
RESULT: {}
COMMAND: POST /session/f8b17aff14ace713329ed2ba9e517e88/element/f.8F60F7CA831AD576036D3680DB46BD22.d.361EAF65D954AFCC19FA8EF5A0E1B078.e.2874/value - {"text":"Equipment"}
COMMAND: GET /session/f8b17aff14ace713329ed2ba9e517e88/screenshot - {}
RESULT: {}
RESULT: {"text":"Equipment"}
COMMAND: GET /session/f8b17aff14ace713329ed2ba9e517e88/screenshot - {}
RESULT: {}
COMMAND: POST /session/f8b17aff14ace713329ed2ba9e517e88/actions - {"actions":[{"id":"action8","type":"key","parameters":{},"actions":[{"type":"keyDown","value":"î€‡"},{"type":"pause","duration":10},{"type":"keyUp","value":"î€‡"}]}]}
RESULT: {"actions":[{"id":"action8","type":"key","parameters":{},"actions":[{"type":"keyDown","value":"î€‡"},{"type":"pause","duration":10},{"type":"keyUp","value":"î€‡"}]}]}
COMMAND: POST /session/f8b17aff14ace713329ed2ba9e517e88/execute/async - {"script":"<script> [1562 bytes]","args":[{"selector":{"id":"application-manageresources-display-component---newResourceUnit--resourceId","interaction":{"idSuffix":"inner"}},"wdio_ui5_key":"applicationmanageresources-display-component---newResourceUnit--resourceId"}]}
COMMAND: GET /session/f8b17aff14ace713329ed2ba9e517e88/screenshot - {}
RESULT: {"script":"<script> [1562 bytes]","args":[{"selector":{"id":"application-manageresources-display-component---newResourceUnit--resourceId","interaction":{"idSuffix":"inner"}},"wdio_ui5_key":"applicationmanageresources-display-component---newResourceUnit--resourceId"}]}
RESULT: undefined
COMMAND: POST /session/f8b17aff14ace713329ed2ba9e517e88/execute/async - {"script":"<script> [776 bytes]","args":[{"enterText":"Te6hDa9U2M","selector":{"id":"application-manageresources-display-component---newResourceUnit--resourceId","interaction":{"idSuffix":"inner"}},"clearTextFirst":true,"interactionType":"ENTER_TEXT"}]}
RESULT: {}
RESULT: {"script":"<script> [776 bytes]","args":[{"enterText":"Te6hDa9U2M","selector":{"id":"application-manageresources-display-component---newResourceUnit--resourceId","interaction":{"idSuffix":"inner"}},"clearTextFirst":true,"interactionType":"ENTER_TEXT"}]}
COMMAND: POST /session/f8b17aff14ace713329ed2ba9e517e88/execute/async - {"script":"<script> [1562 bytes]","args":[{"selector":{"id":"application-manageresources-display-component---newResourceUnit--SHORT_TEXT","interaction":{"idSuffix":"inner"}},"wdio_ui5_key":"applicationmanageresources-display-component---newResourceUnit--SHORT_TEXT"}]}
RESULT: {"script":"<script> [1562 bytes]","args":[{"selector":{"id":"application-manageresources-display-component---newResourceUnit--SHORT_TEXT","interaction":{"idSuffix":"inner"}},"wdio_ui5_key":"applicationmanageresources-display-component---newResourceUnit--SHORT_TEXT"}]}
RESULT: undefined
COMMAND: POST /session/f8b17aff14ace713329ed2ba9e517e88/execute/async - {"script":"<script> [776 bytes]","args":[{"enterText":"Intercompany Equipment WDIO","selector":{"id":"application-manageresources-display-component---newResourceUnit--SHORT_TEXT","interaction":{"idSuffix":"inner"}},"clearTextFirst":true,"interactionType":"ENTER_TEXT"}]}
RESULT: {"script":"<script> [776 bytes]","args":[{"enterText":"Intercompany Equipment WDIO","selector":{"id":"application-manageresources-display-component---newResourceUnit--SHORT_TEXT","interaction":{"idSuffix":"inner"}},"clearTextFirst":true,"interactionType":"ENTER_TEXT"}]}
COMMAND: POST /session/f8b17aff14ace713329ed2ba9e517e88/execute/async - {"script":"<script> [1562 bytes]","args":[{"selector":{"id":"application-manageresources-display-component---newResourceUnit--BASE_UNIT_OF_MEASURE","interaction":{"idSuffix":"inner"}},"wdio_ui5_key":"applicationmanageresources-display-component---newResourceUnit--BASE_UNIT_OF_MEASURE"}]}
RESULT: {"script":"<script> [1562 bytes]","args":[{"selector":{"id":"application-manageresources-display-component---newResourceUnit--BASE_UNIT_OF_MEASURE","interaction":{"idSuffix":"inner"}},"wdio_ui5_key":"applicationmanageresources-display-component---newResourceUnit--BASE_UNIT_OF_MEASURE"}]}
RESULT: undefined
COMMAND: POST /session/f8b17aff14ace713329ed2ba9e517e88/execute/async - {"script":"<script> [776 bytes]","args":[{"enterText":"Piece","selector":{"id":"application-manageresources-display-component---newResourceUnit--BASE_UNIT_OF_MEASURE","interaction":{"idSuffix":"inner"}},"clearTextFirst":true,"interactionType":"ENTER_TEXT"}]}
RESULT: {"script":"<script> [776 bytes]","args":[{"enterText":"Piece","selector":{"id":"application-manageresources-display-component---newResourceUnit--BASE_UNIT_OF_MEASURE","interaction":{"idSuffix":"inner"}},"clearTextFirst":true,"interactionType":"ENTER_TEXT"}]}
COMMAND: POST /session/f8b17aff14ace713329ed2ba9e517e88/execute/async - {"script":"<script> [1562 bytes]","args":[{"selector":{"id":"application-manageresources-display-component---newResourceUnit--WEIGHT_UNIT","interaction":{"idSuffix":"inner"}},"wdio_ui5_key":"applicationmanageresources-display-component---newResourceUnit--WEIGHT_UNIT"}]}
RESULT: {"script":"<script> [1562 bytes]","args":[{"selector":{"id":"application-manageresources-display-component---newResourceUnit--WEIGHT_UNIT","interaction":{"idSuffix":"inner"}},"wdio_ui5_key":"applicationmanageresources-display-component---newResourceUnit--WEIGHT_UNIT"}]}
RESULT: undefined
COMMAND: POST /session/f8b17aff14ace713329ed2ba9e517e88/execute/async - {"script":"<script> [776 bytes]","args":[{"enterText":"Gram","selector":{"id":"application-manageresources-display-component---newResourceUnit--WEIGHT_UNIT","interaction":{"idSuffix":"inner"}},"clearTextFirst":true,"interactionType":"ENTER_TEXT"}]}
RESULT: {"script":"<script> [776 bytes]","args":[{"enterText":"Gram","selector":{"id":"application-manageresources-display-component---newResourceUnit--WEIGHT_UNIT","interaction":{"idSuffix":"inner"}},"clearTextFirst":true,"interactionType":"ENTER_TEXT"}]}
COMMAND: POST /session/f8b17aff14ace713329ed2ba9e517e88/execute/async - {"script":"<script> [1562 bytes]","args":[{"selector":{"id":"application-manageresources-display-component---newResourceUnit--DIMENSION_UNIT","interaction":{"idSuffix":"inner"}},"wdio_ui5_key":"applicationmanageresources-display-component---newResourceUnit--DIMENSION_UNIT"}]}
RESULT: {"script":"<script> [1562 bytes]","args":[{"selector":{"id":"application-manageresources-display-component---newResourceUnit--DIMENSION_UNIT","interaction":{"idSuffix":"inner"}},"wdio_ui5_key":"applicationmanageresources-display-component---newResourceUnit--DIMENSION_UNIT"}]}
RESULT: undefined
COMMAND: POST /session/f8b17aff14ace713329ed2ba9e517e88/execute/async - {"script":"<script> [776 bytes]","args":[{"enterText":"Meter","selector":{"id":"application-manageresources-display-component---newResourceUnit--DIMENSION_UNIT","interaction":{"idSuffix":"inner"}},"clearTextFirst":true,"interactionType":"ENTER_TEXT"}]}
RESULT: {"script":"<script> [776 bytes]","args":[{"enterText":"Meter","selector":{"id":"application-manageresources-display-component---newResourceUnit--DIMENSION_UNIT","interaction":{"idSuffix":"inner"}},"clearTextFirst":true,"interactionType":"ENTER_TEXT"}]}
COMMAND: POST /session/f8b17aff14ace713329ed2ba9e517e88/execute/async - {"script":"<script> [1562 bytes]","args":[{"selector":{"id":"application-manageresources-display-component---newResourceUnit--newRRUPage-anchBar-application-manageresources-display-component---newResourceUnit--control-anchor","interaction":{"idSuffix":"BDI-content"}},"wdio_ui5_key":"applicationmanageresources-display-component---newResourceUnit--newRRUPage-anchBar-application-manageresources-display-component---newResourceUnit--control-anchor"}]}
RESULT: {"script":"<script> [1562 bytes]","args":[{"selector":{"id":"application-manageresources-display-component---newResourceUnit--newRRUPage-anchBar-application-manageresources-display-component---newResourceUnit--control-anchor","interaction":{"idSuffix":"BDI-content"}},"wdio_ui5_key":"applicationmanageresources-display-component---newResourceUnit--newRRUPage-anchBar-application-manageresources-display-component---newResourceUnit--control-anchor"}]}
RESULT: undefined
COMMAND: POST /session/f8b17aff14ace713329ed2ba9e517e88/element - {"using":"xpath","value":"//*[@id=\"application-manageresources-display-component---newResourceUnit--newRRUPage-anchBar-application-manageresources-display-component---newResourceUnit--control-anchor\"]"}
RESULT: {"using":"xpath","value":"//*[@id=\"application-manageresources-display-component---newResourceUnit--newRRUPage-anchBar-application-manageresources-display-component---newResourceUnit--control-anchor\"]"}
COMMAND: POST /session/f8b17aff14ace713329ed2ba9e517e88/element/f.8F60F7CA831AD576036D3680DB46BD22.d.361EAF65D954AFCC19FA8EF5A0E1B078.e.3020/click - {}
RESULT: {}
COMMAND: POST /session/f8b17aff14ace713329ed2ba9e517e88/execute/async - {"script":"<script> [1562 bytes]","args":[{"selector":{"id":"application-manageresources-display-component---newResourceUnit--PLANNING_GROUP","interaction":{"idSuffix":"inner"}},"wdio_ui5_key":"applicationmanageresources-display-component---newResourceUnit--PLANNING_GROUP"}]}
COMMAND: GET /session/f8b17aff14ace713329ed2ba9e517e88/screenshot - {}
RESULT: {"script":"<script> [1562 bytes]","args":[{"selector":{"id":"application-manageresources-display-component---newResourceUnit--PLANNING_GROUP","interaction":{"idSuffix":"inner"}},"wdio_ui5_key":"applicationmanageresources-display-component---newResourceUnit--PLANNING_GROUP"}]}
RESULT: undefined
COMMAND: POST /session/f8b17aff14ace713329ed2ba9e517e88/execute/async - {"script":"<script> [776 bytes]","args":[{"enterText":"Heavy Equi","selector":{"id":"application-manageresources-display-component---newResourceUnit--PLANNING_GROUP","interaction":{"idSuffix":"inner"}},"clearTextFirst":true,"interactionType":"ENTER_TEXT"}]}
RESULT: {}
RESULT: {"script":"<script> [776 bytes]","args":[{"enterText":"Heavy Equi","selector":{"id":"application-manageresources-display-component---newResourceUnit--PLANNING_GROUP","interaction":{"idSuffix":"inner"}},"clearTextFirst":true,"interactionType":"ENTER_TEXT"}]}
COMMAND: POST /session/f8b17aff14ace713329ed2ba9e517e88/execute/async - {"script":"<script> [1562 bytes]","args":[{"selector":{"id":"application-manageresources-display-component---newResourceUnit--ITEM_TYPE-arrow"},"wdio_ui5_key":"applicationmanageresources-display-component---newResourceUnit--ITEM_TYPE-arrow"}]}
RESULT: {"script":"<script> [1562 bytes]","args":[{"selector":{"id":"application-manageresources-display-component---newResourceUnit--ITEM_TYPE-arrow"},"wdio_ui5_key":"applicationmanageresources-display-component---newResourceUnit--ITEM_TYPE-arrow"}]}
RESULT: undefined
COMMAND: POST /session/f8b17aff14ace713329ed2ba9e517e88/element - {"using":"xpath","value":"//*[@id=\"application-manageresources-display-component---newResourceUnit--ITEM_TYPE-arrow\"]"}
RESULT: {"using":"xpath","value":"//*[@id=\"application-manageresources-display-component---newResourceUnit--ITEM_TYPE-arrow\"]"}
COMMAND: POST /session/f8b17aff14ace713329ed2ba9e517e88/element/f.8F60F7CA831AD576036D3680DB46BD22.d.361EAF65D954AFCC19FA8EF5A0E1B078.e.3029/click - {}
RESULT: {}
COMMAND: POST /session/f8b17aff14ace713329ed2ba9e517e88/element - {"using":"xpath","value":"(//span[contains(text(), \"Resource Unit\")])[2]"}
COMMAND: GET /session/f8b17aff14ace713329ed2ba9e517e88/screenshot - {}
RESULT: {"using":"xpath","value":"(//span[contains(text(), \"Resource Unit\")])[2]"}
COMMAND: POST /session/f8b17aff14ace713329ed2ba9e517e88/element/f.8F60F7CA831AD576036D3680DB46BD22.d.361EAF65D954AFCC19FA8EF5A0E1B078.e.3030/click - {}
RESULT: {}
RESULT: {}
COMMAND: GET /session/f8b17aff14ace713329ed2ba9e517e88/screenshot - {}
RESULT: {}
COMMAND: POST /session/f8b17aff14ace713329ed2ba9e517e88/element - {"using":"css selector","value":"#application-manageresources-display-component---newResourceUnit--btnAddTimeSegment"}
RESULT: {"using":"css selector","value":"#application-manageresources-display-component---newResourceUnit--btnAddTimeSegment"}
COMMAND: GET /session/f8b17aff14ace713329ed2ba9e517e88/element/f.8F60F7CA831AD576036D3680DB46BD22.d.361EAF65D954AFCC19FA8EF5A0E1B078.e.3031/rect - {}
RESULT: {}
COMMAND: GET /session/f8b17aff14ace713329ed2ba9e517e88/window/rect - {}
RESULT: {}
COMMAND: POST /session/f8b17aff14ace713329ed2ba9e517e88/execute/sync - {"script":"<script> [92 bytes]","args":[]}
RESULT: {"script":"<script> [92 bytes]","args":[]}
COMMAND: POST /session/f8b17aff14ace713329ed2ba9e517e88/actions - {"actions":[{"id":"action9","type":"wheel","parameters":{},"actions":[{"type":"scroll","x":-1888,"y":-32,"deltaX":0,"deltaY":0,"duration":0,"origin":{"element-6066-11e4-a52e-4f735466cecf":"f.8F60F7CA831AD576036D3680DB46BD22.d.361EAF65D954AFCC19FA8EF5A0E1B078.e.3031"}}]}]}
COMMAND: GET /session/f8b17aff14ace713329ed2ba9e517e88/screenshot - {}
RESULT: {}
COMMAND: POST /session/f8b17aff14ace713329ed2ba9e517e88/execute/sync - {"script":"<script> [79 bytes]","args":[{"element-6066-11e4-a52e-4f735466cecf":"f.8F60F7CA831AD576036D3680DB46BD22.d.361EAF65D954AFCC19FA8EF5A0E1B078.e.3031","ELEMENT":"f.8F60F7CA831AD576036D3680DB46BD22.d.361EAF65D954AFCC19FA8EF5A0E1B078.e.3031"},{"block":"start","inline":"nearest"}]}
RESULT: {"script":"<script> [79 bytes]","args":[{"element-6066-11e4-a52e-4f735466cecf":"f.8F60F7CA831AD576036D3680DB46BD22.d.361EAF65D954AFCC19FA8EF5A0E1B078.e.3031","ELEMENT":"f.8F60F7CA831AD576036D3680DB46BD22.d.361EAF65D954AFCC19FA8EF5A0E1B078.e.3031"},{"block":"start","inline":"nearest"}]}
COMMAND: POST /session/f8b17aff14ace713329ed2ba9e517e88/execute/async - {"script":"<script> [1562 bytes]","args":[{"selector":{"id":"application-manageresources-display-component---newResourceUnit--btnAddTimeSegment","interaction":{"idSuffix":"inner"}},"wdio_ui5_key":"applicationmanageresources-display-component---newResourceUnit--btnAddTimeSegment"}]}
COMMAND: GET /session/f8b17aff14ace713329ed2ba9e517e88/screenshot - {}
RESULT: {"script":"<script> [1562 bytes]","args":[{"selector":{"id":"application-manageresources-display-component---newResourceUnit--btnAddTimeSegment","interaction":{"idSuffix":"inner"}},"wdio_ui5_key":"applicationmanageresources-display-component---newResourceUnit--btnAddTimeSegment"}]}
RESULT: undefined
COMMAND: POST /session/f8b17aff14ace713329ed2ba9e517e88/element - {"using":"xpath","value":"//*[@id=\"application-manageresources-display-component---newResourceUnit--btnAddTimeSegment\"]"}
RESULT: {}
RESULT: {"using":"xpath","value":"//*[@id=\"application-manageresources-display-component---newResourceUnit--btnAddTimeSegment\"]"}
COMMAND: POST /session/f8b17aff14ace713329ed2ba9e517e88/element/f.8F60F7CA831AD576036D3680DB46BD22.d.361EAF65D954AFCC19FA8EF5A0E1B078.e.3031/click - {}
RESULT: {}
COMMAND: GET /session/f8b17aff14ace713329ed2ba9e517e88/screenshot - {}
RESULT: {}
COMMAND: POST /session/f8b17aff14ace713329ed2ba9e517e88/element - {"using":"xpath","value":"//input[@id=\"application-manageresources-display-component---newResourceUnit--idRuTSAdmin-application-manageresources-display-component---newResourceUnit--RUTimeSegment-0-inner\"]"}
RESULT: {"using":"xpath","value":"//input[@id=\"application-manageresources-display-component---newResourceUnit--idRuTSAdmin-application-manageresources-display-component---newResourceUnit--RUTimeSegment-0-inner\"]"}
COMMAND: POST /session/f8b17aff14ace713329ed2ba9e517e88/element/f.8F60F7CA831AD576036D3680DB46BD22.d.361EAF65D954AFCC19FA8EF5A0E1B078.e.3037/clear - {}
RESULT: {}
COMMAND: POST /session/f8b17aff14ace713329ed2ba9e517e88/element/f.8F60F7CA831AD576036D3680DB46BD22.d.361EAF65D954AFCC19FA8EF5A0E1B078.e.3037/value - {"text":"345"}
COMMAND: GET /session/f8b17aff14ace713329ed2ba9e517e88/screenshot - {}
RESULT: {"text":"345"}
COMMAND: GET /session/f8b17aff14ace713329ed2ba9e517e88/screenshot - {}
RESULT: {}
RESULT: {}
COMMAND: POST /session/f8b17aff14ace713329ed2ba9e517e88/element - {"using":"xpath","value":"//li[.//span[text()='345']]"}
RESULT: {"using":"xpath","value":"//li[.//span[text()='345']]"}
COMMAND: POST /session/f8b17aff14ace713329ed2ba9e517e88/element/f.8F60F7CA831AD576036D3680DB46BD22.d.361EAF65D954AFCC19FA8EF5A0E1B078.e.3049/click - {}
RESULT: {}
COMMAND: GET /session/f8b17aff14ace713329ed2ba9e517e88/screenshot - {}
RESULT: {}
COMMAND: POST /session/f8b17aff14ace713329ed2ba9e517e88/element - {"using":"xpath","value":"(//span[contains(@id, \"-application-manageresources-display-component---newResourceUnit--RUTimeSegment-0-arrow\")])[6]"}
RESULT: {"using":"xpath","value":"(//span[contains(@id, \"-application-manageresources-display-component---newResourceUnit--RUTimeSegment-0-arrow\")])[6]"}
COMMAND: POST /session/f8b17aff14ace713329ed2ba9e517e88/element/f.8F60F7CA831AD576036D3680DB46BD22.d.361EAF65D954AFCC19FA8EF5A0E1B078.e.3050/click - {}
RESULT: {}
COMMAND: POST /session/f8b17aff14ace713329ed2ba9e517e88/element - {"using":"xpath","value":"//span[contains(text(), \"PM Order\")]"}
COMMAND: GET /session/f8b17aff14ace713329ed2ba9e517e88/screenshot - {}
RESULT: {"using":"xpath","value":"//span[contains(text(), \"PM Order\")]"}
COMMAND: POST /session/f8b17aff14ace713329ed2ba9e517e88/element/f.8F60F7CA831AD576036D3680DB46BD22.d.361EAF65D954AFCC19FA8EF5A0E1B078.e.3053/click - {}
RESULT: {}
RESULT: {}
COMMAND: GET /session/f8b17aff14ace713329ed2ba9e517e88/screenshot - {}
RESULT: {}
COMMAND: POST /session/f8b17aff14ace713329ed2ba9e517e88/element - {"using":"xpath","value":"(//span[contains(@id ,\"manageresources-display-component---newResourceUnit--RUTimeSegment-0-vhi\")])[1]"}
RESULT: {"using":"xpath","value":"(//span[contains(@id ,\"manageresources-display-component---newResourceUnit--RUTimeSegment-0-vhi\")])[1]"}
COMMAND: GET /session/f8b17aff14ace713329ed2ba9e517e88/element/f.8F60F7CA831AD576036D3680DB46BD22.d.361EAF65D954AFCC19FA8EF5A0E1B078.e.3057/rect - {}
RESULT: {}
COMMAND: GET /session/f8b17aff14ace713329ed2ba9e517e88/window/rect - {}
RESULT: {}
COMMAND: POST /session/f8b17aff14ace713329ed2ba9e517e88/execute/sync - {"script":"<script> [92 bytes]","args":[]}
RESULT: {"script":"<script> [92 bytes]","args":[]}
COMMAND: POST /session/f8b17aff14ace713329ed2ba9e517e88/actions - {"actions":[{"id":"action10","type":"wheel","parameters":{},"actions":[{"type":"scroll","x":-869,"y":-24,"deltaX":0,"deltaY":0,"duration":0,"origin":{"element-6066-11e4-a52e-4f735466cecf":"f.8F60F7CA831AD576036D3680DB46BD22.d.361EAF65D954AFCC19FA8EF5A0E1B078.e.3057"}}]}]}
COMMAND: GET /session/f8b17aff14ace713329ed2ba9e517e88/screenshot - {}
RESULT: {"actions":[{"id":"action10","type":"wheel","parameters":{},"actions":[{"type":"scroll","x":-869,"y":-24,"deltaX":0,"deltaY":0,"duration":0,"origin":{"element-6066-11e4-a52e-4f735466cecf":"f.8F60F7CA831AD576036D3680DB46BD22.d.361EAF65D954AFCC19FA8EF5A0E1B078.e.3057"}}]}]}
COMMAND: DELETE /session/f8b17aff14ace713329ed2ba9e517e88/actions - {}
COMMAND: GET /session/f8b17aff14ace713329ed2ba9e517e88/screenshot - {}
RESULT: {}
RESULT: {}
COMMAND: GET /session/f8b17aff14ace713329ed2ba9e517e88/screenshot - {}
RESULT: {}
RESULT: {}
COMMAND: POST /session/f8b17aff14ace713329ed2ba9e517e88/element/f.8F60F7CA831AD576036D3680DB46BD22.d.361EAF65D954AFCC19FA8EF5A0E1B078.e.3057/click - {}
RESULT: {}
COMMAND: GET /session/f8b17aff14ace713329ed2ba9e517e88/screenshot - {}
RESULT: {}
RESULT: undefined
COMMAND: POST /session/f8b17aff14ace713329ed2ba9e517e88/execute/async - {"script":"<script> [776 bytes]","args":[{"enterText":"4000360","selector":{"controlType":"sap.m.SearchField","properties":{"placeholder":"Search"},"searchOpenDialogs":true,"interaction":{"idSuffix":"I"}},"clearTextFirst":true,"interactionType":"ENTER_TEXT"}]}
RESULT: {"script":"<script> [776 bytes]","args":[{"enterText":"4000360","selector":{"controlType":"sap.m.SearchField","properties":{"placeholder":"Search"},"searchOpenDialogs":true,"interaction":{"idSuffix":"I"}},"clearTextFirst":true,"interactionType":"ENTER_TEXT"}]}
COMMAND: POST /session/f8b17aff14ace713329ed2ba9e517e88/actions - {"actions":[{"id":"action11","type":"key","parameters":{},"actions":[{"type":"keyDown","value":"î€‡"},{"type":"pause","duration":10},{"type":"keyUp","value":"î€‡"}]}]}
RESULT: {"actions":[{"id":"action11","type":"key","parameters":{},"actions":[{"type":"keyDown","value":"î€‡"},{"type":"pause","duration":10},{"type":"keyUp","value":"î€‡"}]}]}
COMMAND: GET /session/f8b17aff14ace713329ed2ba9e517e88/screenshot - {}
RESULT: {}
COMMAND: POST /session/f8b17aff14ace713329ed2ba9e517e88/element - {"using":"xpath","value":"//td/div/span[contains(text(), \"BGL Vehicles\")]"}
RESULT: {"using":"xpath","value":"//td/div/span[contains(text(), \"BGL Vehicles\")]"}
COMMAND: POST /session/f8b17aff14ace713329ed2ba9e517e88/element/f.8F60F7CA831AD576036D3680DB46BD22.d.361EAF65D954AFCC19FA8EF5A0E1B078.e.3077/click - {}
RESULT: {}
COMMAND: GET /session/f8b17aff14ace713329ed2ba9e517e88/screenshot - {}
RESULT: {}
COMMAND: POST /session/f8b17aff14ace713329ed2ba9e517e88/element - {"using":"xpath","value":"//bdi[contains(text(), \"OK\")]"}
RESULT: {"using":"xpath","value":"//bdi[contains(text(), \"OK\")]"}
COMMAND: POST /session/f8b17aff14ace713329ed2ba9e517e88/element/f.8F60F7CA831AD576036D3680DB46BD22.d.361EAF65D954AFCC19FA8EF5A0E1B078.e.3078/click - {}
RESULT: {}
COMMAND: GET /session/f8b17aff14ace713329ed2ba9e517e88/screenshot - {}
RESULT: {}
COMMAND: POST /session/f8b17aff14ace713329ed2ba9e517e88/execute/async - {"script":"<script> [1562 bytes]","args":[{"selector":{"id":"application-manageresources-display-component---newResourceUnit--newRRUPage-anchBar-application-manageresources-display-component---newResourceUnit--resource-anchor","interaction":{"idSuffix":"BDI-content"}},"wdio_ui5_key":"applicationmanageresources-display-component---newResourceUnit--newRRUPage-anchBar-application-manageresources-display-component---newResourceUnit--resource-anchor"}]}
RESULT: {"script":"<script> [1562 bytes]","args":[{"selector":{"id":"application-manageresources-display-component---newResourceUnit--newRRUPage-anchBar-application-manageresources-display-component---newResourceUnit--resource-anchor","interaction":{"idSuffix":"BDI-content"}},"wdio_ui5_key":"applicationmanageresources-display-component---newResourceUnit--newRRUPage-anchBar-application-manageresources-display-component---newResourceUnit--resource-anchor"}]}
RESULT: undefined
COMMAND: POST /session/f8b17aff14ace713329ed2ba9e517e88/element - {"using":"xpath","value":"//*[@id=\"application-manageresources-display-component---newResourceUnit--newRRUPage-anchBar-application-manageresources-display-component---newResourceUnit--resource-anchor\"]"}
RESULT: {"using":"xpath","value":"//*[@id=\"application-manageresources-display-component---newResourceUnit--newRRUPage-anchBar-application-manageresources-display-component---newResourceUnit--resource-anchor\"]"}
COMMAND: POST /session/f8b17aff14ace713329ed2ba9e517e88/element/f.8F60F7CA831AD576036D3680DB46BD22.d.361EAF65D954AFCC19FA8EF5A0E1B078.e.3082/click - {}
RESULT: {}
COMMAND: POST /session/f8b17aff14ace713329ed2ba9e517e88/execute/async - {"script":"<script> [1562 bytes]","args":[{"selector":{"id":"application-manageresources-display-component---newResourceUnit--PLANNED_DELIVERY_DATE","interaction":{"idSuffix":"inner"}},"wdio_ui5_key":"applicationmanageresources-display-component---newResourceUnit--PLANNED_DELIVERY_DATE"}]}
COMMAND: GET /session/f8b17aff14ace713329ed2ba9e517e88/screenshot - {}
RESULT: {"script":"<script> [1562 bytes]","args":[{"selector":{"id":"application-manageresources-display-component---newResourceUnit--PLANNED_DELIVERY_DATE","interaction":{"idSuffix":"inner"}},"wdio_ui5_key":"applicationmanageresources-display-component---newResourceUnit--PLANNED_DELIVERY_DATE"}]}
RESULT: undefined
COMMAND: POST /session/f8b17aff14ace713329ed2ba9e517e88/execute/async - {"script":"<script> [6424 bytes]","args":[{"element-6066-11e4-a52e-4f735466cecf":"f.8F60F7CA831AD576036D3680DB46BD22.d.361EAF65D954AFCC19FA8EF5A0E1B078.e.2943"},"setValue",["4/28/25"]]}
RESULT: {}
RESULT: {"script":"<script> [6424 bytes]","args":[{"element-6066-11e4-a52e-4f735466cecf":"f.8F60F7CA831AD576036D3680DB46BD22.d.361EAF65D954AFCC19FA8EF5A0E1B078.e.2943"},"setValue",["4/28/25"]]}
COMMAND: POST /session/f8b17aff14ace713329ed2ba9e517e88/element - {"using":"xpath","value":"//button[@data-kt=\"resourceUnitSaveButton\"]"}
RESULT: {"using":"xpath","value":"//button[@data-kt=\"resourceUnitSaveButton\"]"}
COMMAND: POST /session/f8b17aff14ace713329ed2ba9e517e88/element/f.8F60F7CA831AD576036D3680DB46BD22.d.361EAF65D954AFCC19FA8EF5A0E1B078.e.2904/click - {}
RESULT: {}
COMMAND: GET /session/f8b17aff14ace713329ed2ba9e517e88/screenshot - {}
RESULT: {}
COMMAND: POST /session/f8b17aff14ace713329ed2ba9e517e88/element - {"using":"xpath","value":"//bdi[contains(text(), \"Close\")]"}
RESULT: {"using":"xpath","value":"//bdi[contains(text(), \"Close\")]"}
COMMAND: POST /session/f8b17aff14ace713329ed2ba9e517e88/element/f.8F60F7CA831AD576036D3680DB46BD22.d.361EAF65D954AFCC19FA8EF5A0E1B078.e.3090/click - {}
RESULT: {}
COMMAND: GET /session/f8b17aff14ace713329ed2ba9e517e88/screenshot - {}
RESULT: {}
COMMAND: POST /session/f8b17aff14ace713329ed2ba9e517e88/element - {"using":"xpath","value":"(//button[contains(@id ,\"actionsToolbar-overflowButton\")])[1]"}
RESULT: {"using":"xpath","value":"(//button[contains(@id ,\"actionsToolbar-overflowButton\")])[1]"}
COMMAND: POST /session/f8b17aff14ace713329ed2ba9e517e88/element/f.8F60F7CA831AD576036D3680DB46BD22.d.361EAF65D954AFCC19FA8EF5A0E1B078.e.3124/click - {}
RESULT: {}
COMMAND: GET /session/f8b17aff14ace713329ed2ba9e517e88/screenshot - {}
RESULT: {}
COMMAND: POST /session/f8b17aff14ace713329ed2ba9e517e88/element - {"using":"xpath","value":"//button[@data-kt=\"priceInfoButton\"]"}
RESULT: {"using":"xpath","value":"//button[@data-kt=\"priceInfoButton\"]"}
COMMAND: POST /session/f8b17aff14ace713329ed2ba9e517e88/element/f.8F60F7CA831AD576036D3680DB46BD22.d.361EAF65D954AFCC19FA8EF5A0E1B078.e.3126/click - {}
RESULT: {}
COMMAND: GET /session/f8b17aff14ace713329ed2ba9e517e88/screenshot - {}
RESULT: {}
]]></system-out>
    </testcase>
    <testcase classname="chrome.135_0_7049_96.windows.Billing_Transfer_-_Master_data_&amp;_Intercompany_US127250" name="Should create new pricing rule TB on the equipment TB" time="57.776">
      <system-out><![CDATA[
COMMAND: POST /session/f8b17aff14ace713329ed2ba9e517e88/element - {"using":"xpath","value":"//button[@data-kt=\"addButton\"]"}
RESULT: {"using":"xpath","value":"//button[@data-kt=\"addButton\"]"}
COMMAND: POST /session/f8b17aff14ace713329ed2ba9e517e88/elements - {"using":"xpath","value":"//button[@data-kt=\"addButton\"]"}
RESULT: {"using":"xpath","value":"//button[@data-kt=\"addButton\"]"}
COMMAND: POST /session/f8b17aff14ace713329ed2ba9e517e88/execute/sync - {"script":"<script> [8489 bytes]","args":[{"element-6066-11e4-a52e-4f735466cecf":"f.8F60F7CA831AD576036D3680DB46BD22.d.361EAF65D954AFCC19FA8EF5A0E1B078.e.3162","ELEMENT":"f.8F60F7CA831AD576036D3680DB46BD22.d.361EAF65D954AFCC19FA8EF5A0E1B078.e.3162"}]}
RESULT: {"script":"<script> [8489 bytes]","args":[{"element-6066-11e4-a52e-4f735466cecf":"f.8F60F7CA831AD576036D3680DB46BD22.d.361EAF65D954AFCC19FA8EF5A0E1B078.e.3162","ELEMENT":"f.8F60F7CA831AD576036D3680DB46BD22.d.361EAF65D954AFCC19FA8EF5A0E1B078.e.3162"}]}
COMMAND: GET /session/f8b17aff14ace713329ed2ba9e517e88/element/f.8F60F7CA831AD576036D3680DB46BD22.d.361EAF65D954AFCC19FA8EF5A0E1B078.e.3162/enabled - {}
COMMAND: GET /session/f8b17aff14ace713329ed2ba9e517e88/screenshot - {}
RESULT: {}
COMMAND: POST /session/f8b17aff14ace713329ed2ba9e517e88/execute/sync - {"script":"<script> [8489 bytes]","args":[{"element-6066-11e4-a52e-4f735466cecf":"f.8F60F7CA831AD576036D3680DB46BD22.d.361EAF65D954AFCC19FA8EF5A0E1B078.e.3162","ELEMENT":"f.8F60F7CA831AD576036D3680DB46BD22.d.361EAF65D954AFCC19FA8EF5A0E1B078.e.3162"}]}
COMMAND: GET /session/f8b17aff14ace713329ed2ba9e517e88/screenshot - {}
RESULT: {}
RESULT: {"script":"<script> [8489 bytes]","args":[{"element-6066-11e4-a52e-4f735466cecf":"f.8F60F7CA831AD576036D3680DB46BD22.d.361EAF65D954AFCC19FA8EF5A0E1B078.e.3162","ELEMENT":"f.8F60F7CA831AD576036D3680DB46BD22.d.361EAF65D954AFCC19FA8EF5A0E1B078.e.3162"}]}
COMMAND: POST /session/f8b17aff14ace713329ed2ba9e517e88/execute/sync - {"script":"<script> [5351 bytes]","args":[{"element-6066-11e4-a52e-4f735466cecf":"f.8F60F7CA831AD576036D3680DB46BD22.d.361EAF65D954AFCC19FA8EF5A0E1B078.e.3162","ELEMENT":"f.8F60F7CA831AD576036D3680DB46BD22.d.361EAF65D954AFCC19FA8EF5A0E1B078.e.3162"}]}
COMMAND: GET /session/f8b17aff14ace713329ed2ba9e517e88/screenshot - {}
RESULT: {}
RESULT: {"script":"<script> [5351 bytes]","args":[{"element-6066-11e4-a52e-4f735466cecf":"f.8F60F7CA831AD576036D3680DB46BD22.d.361EAF65D954AFCC19FA8EF5A0E1B078.e.3162","ELEMENT":"f.8F60F7CA831AD576036D3680DB46BD22.d.361EAF65D954AFCC19FA8EF5A0E1B078.e.3162"}]}
COMMAND: POST /session/f8b17aff14ace713329ed2ba9e517e88/element/f.8F60F7CA831AD576036D3680DB46BD22.d.361EAF65D954AFCC19FA8EF5A0E1B078.e.3162/click - {}
COMMAND: GET /session/f8b17aff14ace713329ed2ba9e517e88/screenshot - {}
RESULT: {}
RESULT: {}
COMMAND: GET /session/f8b17aff14ace713329ed2ba9e517e88/screenshot - {}
RESULT: {}
RESULT: {}
COMMAND: POST /session/f8b17aff14ace713329ed2ba9e517e88/execute/async - {"script":"<script> [1562 bytes]","args":[{"selector":{"controlType":"sap.m.Title","viewName":"etm.portal.ui.managepricingrules.view.NewItem","viewId":"application-managepricingrules-display-component---newInfoPriceItem","properties":{"text":"New Pricing Rules - Item Level"}},"wdio_ui5_key":"etmportal.ui.managepricingrules.view.NewItemsap.m.Title{\"text\":\"New Pricing Rules - Item Level\"}"}]}
RESULT: {"script":"<script> [1562 bytes]","args":[{"selector":{"controlType":"sap.m.Title","viewName":"etm.portal.ui.managepricingrules.view.NewItem","viewId":"application-managepricingrules-display-component---newInfoPriceItem","properties":{"text":"New Pricing Rules - Item Level"}},"wdio_ui5_key":"etmportal.ui.managepricingrules.view.NewItemsap.m.Title{\"text\":\"New Pricing Rules - Item Level\"}"}]}
RESULT: undefined
COMMAND: POST /session/f8b17aff14ace713329ed2ba9e517e88/execute/async - {"script":"<script> [6424 bytes]","args":[{"element-6066-11e4-a52e-4f735466cecf":"f.8F60F7CA831AD576036D3680DB46BD22.d.361EAF65D954AFCC19FA8EF5A0E1B078.e.3334"},"getText",[]]}
RESULT: {"script":"<script> [6424 bytes]","args":[{"element-6066-11e4-a52e-4f735466cecf":"f.8F60F7CA831AD576036D3680DB46BD22.d.361EAF65D954AFCC19FA8EF5A0E1B078.e.3334"},"getText",[]]}
COMMAND: POST /session/f8b17aff14ace713329ed2ba9e517e88/execute/async - {"script":"<script> [1562 bytes]","args":[{"selector":{"id":"application-managepricingrules-display-component---newInfoPriceItem--condValidTo","interaction":{"idSuffix":"inner"}},"wdio_ui5_key":"applicationmanagepricingrules-display-component---newInfoPriceItem--condValidTo"}]}
RESULT: {"script":"<script> [1562 bytes]","args":[{"selector":{"id":"application-managepricingrules-display-component---newInfoPriceItem--condValidTo","interaction":{"idSuffix":"inner"}},"wdio_ui5_key":"applicationmanagepricingrules-display-component---newInfoPriceItem--condValidTo"}]}
RESULT: undefined
COMMAND: POST /session/f8b17aff14ace713329ed2ba9e517e88/execute/async - {"script":"<script> [776 bytes]","args":[{"enterText":"12/28/25","selector":{"id":"application-managepricingrules-display-component---newInfoPriceItem--condValidTo","interaction":{"idSuffix":"inner"}},"clearTextFirst":true,"interactionType":"ENTER_TEXT"}]}
RESULT: {"script":"<script> [776 bytes]","args":[{"enterText":"12/28/25","selector":{"id":"application-managepricingrules-display-component---newInfoPriceItem--condValidTo","interaction":{"idSuffix":"inner"}},"clearTextFirst":true,"interactionType":"ENTER_TEXT"}]}
COMMAND: POST /session/f8b17aff14ace713329ed2ba9e517e88/execute/async - {"script":"<script> [1562 bytes]","args":[{"selector":{"id":"application-managepricingrules-display-component---newInfoPriceItem--billType-arrow"},"wdio_ui5_key":"applicationmanagepricingrules-display-component---newInfoPriceItem--billType-arrow"}]}
RESULT: {"script":"<script> [1562 bytes]","args":[{"selector":{"id":"application-managepricingrules-display-component---newInfoPriceItem--billType-arrow"},"wdio_ui5_key":"applicationmanagepricingrules-display-component---newInfoPriceItem--billType-arrow"}]}
RESULT: undefined
COMMAND: POST /session/f8b17aff14ace713329ed2ba9e517e88/element - {"using":"xpath","value":"//*[@id=\"application-managepricingrules-display-component---newInfoPriceItem--billType-arrow\"]"}
RESULT: {"using":"xpath","value":"//*[@id=\"application-managepricingrules-display-component---newInfoPriceItem--billType-arrow\"]"}
COMMAND: POST /session/f8b17aff14ace713329ed2ba9e517e88/element/f.8F60F7CA831AD576036D3680DB46BD22.d.361EAF65D954AFCC19FA8EF5A0E1B078.e.3294/click - {}
RESULT: {}
COMMAND: POST /session/f8b17aff14ace713329ed2ba9e517e88/element - {"using":"xpath","value":"//span[contains(text(), \"TB - Time based\")]"}
COMMAND: GET /session/f8b17aff14ace713329ed2ba9e517e88/screenshot - {}
RESULT: {"using":"xpath","value":"//span[contains(text(), \"TB - Time based\")]"}
COMMAND: POST /session/f8b17aff14ace713329ed2ba9e517e88/element/f.8F60F7CA831AD576036D3680DB46BD22.d.361EAF65D954AFCC19FA8EF5A0E1B078.e.3336/click - {}
RESULT: {}
RESULT: {}
COMMAND: POST /session/f8b17aff14ace713329ed2ba9e517e88/execute/async - {"script":"<script> [1562 bytes]","args":[{"selector":{"id":"application-managepricingrules-display-component---newInfoPriceItem--priceProc-arrow"},"wdio_ui5_key":"applicationmanagepricingrules-display-component---newInfoPriceItem--priceProc-arrow"}]}
COMMAND: GET /session/f8b17aff14ace713329ed2ba9e517e88/screenshot - {}
RESULT: {"script":"<script> [1562 bytes]","args":[{"selector":{"id":"application-managepricingrules-display-component---newInfoPriceItem--priceProc-arrow"},"wdio_ui5_key":"applicationmanagepricingrules-display-component---newInfoPriceItem--priceProc-arrow"}]}
RESULT: undefined
COMMAND: POST /session/f8b17aff14ace713329ed2ba9e517e88/element - {"using":"xpath","value":"//*[@id=\"application-managepricingrules-display-component---newInfoPriceItem--priceProc-arrow\"]"}
RESULT: {}
RESULT: {"using":"xpath","value":"//*[@id=\"application-managepricingrules-display-component---newInfoPriceItem--priceProc-arrow\"]"}
COMMAND: POST /session/f8b17aff14ace713329ed2ba9e517e88/element/f.8F60F7CA831AD576036D3680DB46BD22.d.361EAF65D954AFCC19FA8EF5A0E1B078.e.3301/click - {}
RESULT: {}
COMMAND: POST /session/f8b17aff14ace713329ed2ba9e517e88/element - {"using":"xpath","value":"//span[contains(text(), \"TBS - Time based standard\")]"}
COMMAND: GET /session/f8b17aff14ace713329ed2ba9e517e88/screenshot - {}
RESULT: {"using":"xpath","value":"//span[contains(text(), \"TBS - Time based standard\")]"}
COMMAND: POST /session/f8b17aff14ace713329ed2ba9e517e88/element/f.8F60F7CA831AD576036D3680DB46BD22.d.361EAF65D954AFCC19FA8EF5A0E1B078.e.3337/click - {}
RESULT: {}
RESULT: {}
COMMAND: POST /session/f8b17aff14ace713329ed2ba9e517e88/execute/async - {"script":"<script> [1562 bytes]","args":[{"selector":{"id":"application-managepricingrules-display-component---newInfoPriceItem--calcBase-arrow"},"wdio_ui5_key":"applicationmanagepricingrules-display-component---newInfoPriceItem--calcBase-arrow"}]}
COMMAND: GET /session/f8b17aff14ace713329ed2ba9e517e88/screenshot - {}
RESULT: {"script":"<script> [1562 bytes]","args":[{"selector":{"id":"application-managepricingrules-display-component---newInfoPriceItem--calcBase-arrow"},"wdio_ui5_key":"applicationmanagepricingrules-display-component---newInfoPriceItem--calcBase-arrow"}]}
RESULT: undefined
COMMAND: POST /session/f8b17aff14ace713329ed2ba9e517e88/element - {"using":"xpath","value":"//*[@id=\"application-managepricingrules-display-component---newInfoPriceItem--calcBase-arrow\"]"}
RESULT: {}
RESULT: {"using":"xpath","value":"//*[@id=\"application-managepricingrules-display-component---newInfoPriceItem--calcBase-arrow\"]"}
COMMAND: POST /session/f8b17aff14ace713329ed2ba9e517e88/element/f.8F60F7CA831AD576036D3680DB46BD22.d.361EAF65D954AFCC19FA8EF5A0E1B078.e.3308/click - {}
RESULT: {}
COMMAND: GET /session/f8b17aff14ace713329ed2ba9e517e88/screenshot - {}
RESULT: {}
COMMAND: POST /session/f8b17aff14ace713329ed2ba9e517e88/element - {"using":"xpath","value":"//span[contains(text(), \"0006 - TB(calendar days)\")]"}
RESULT: {"using":"xpath","value":"//span[contains(text(), \"0006 - TB(calendar days)\")]"}
COMMAND: POST /session/f8b17aff14ace713329ed2ba9e517e88/element/f.8F60F7CA831AD576036D3680DB46BD22.d.361EAF65D954AFCC19FA8EF5A0E1B078.e.3338/click - {}
RESULT: {}
COMMAND: GET /session/f8b17aff14ace713329ed2ba9e517e88/screenshot - {}
RESULT: {}
COMMAND: POST /session/f8b17aff14ace713329ed2ba9e517e88/execute/async - {"script":"<script> [1562 bytes]","args":[{"selector":{"id":"application-managepricingrules-display-component---newInfoPriceItem--daysMonth","interaction":{"idSuffix":"inner"}},"wdio_ui5_key":"applicationmanagepricingrules-display-component---newInfoPriceItem--daysMonth"}]}
RESULT: {"script":"<script> [1562 bytes]","args":[{"selector":{"id":"application-managepricingrules-display-component---newInfoPriceItem--daysMonth","interaction":{"idSuffix":"inner"}},"wdio_ui5_key":"applicationmanagepricingrules-display-component---newInfoPriceItem--daysMonth"}]}
RESULT: undefined
COMMAND: POST /session/f8b17aff14ace713329ed2ba9e517e88/execute/async - {"script":"<script> [776 bytes]","args":[{"enterText":"30","selector":{"id":"application-managepricingrules-display-component---newInfoPriceItem--daysMonth","interaction":{"idSuffix":"inner"}},"clearTextFirst":true,"interactionType":"ENTER_TEXT"}]}
RESULT: {"script":"<script> [776 bytes]","args":[{"enterText":"30","selector":{"id":"application-managepricingrules-display-component---newInfoPriceItem--daysMonth","interaction":{"idSuffix":"inner"}},"clearTextFirst":true,"interactionType":"ENTER_TEXT"}]}
COMMAND: POST /session/f8b17aff14ace713329ed2ba9e517e88/element - {"using":"xpath","value":"//button[@data-kt=\"saveNewRuleButton\"]"}
RESULT: {"using":"xpath","value":"//button[@data-kt=\"saveNewRuleButton\"]"}
COMMAND: POST /session/f8b17aff14ace713329ed2ba9e517e88/element/f.8F60F7CA831AD576036D3680DB46BD22.d.361EAF65D954AFCC19FA8EF5A0E1B078.e.3328/click - {}
RESULT: {}
COMMAND: GET /session/f8b17aff14ace713329ed2ba9e517e88/screenshot - {}
RESULT: {}
COMMAND: POST /session/f8b17aff14ace713329ed2ba9e517e88/execute/async - {"script":"<script> [1562 bytes]","args":[{"selector":{"id":"application-managepricingrules-display-component---priceInfoItem--smartFilterBar-btnBasicSearch","interaction":{"idSuffix":"I"}},"wdio_ui5_key":"applicationmanagepricingrules-display-component---priceInfoItem--smartFilterBar-btnBasicSearch"}]}
RESULT: {"script":"<script> [1562 bytes]","args":[{"selector":{"id":"application-managepricingrules-display-component---priceInfoItem--smartFilterBar-btnBasicSearch","interaction":{"idSuffix":"I"}},"wdio_ui5_key":"applicationmanagepricingrules-display-component---priceInfoItem--smartFilterBar-btnBasicSearch"}]}
RESULT: undefined
COMMAND: POST /session/f8b17aff14ace713329ed2ba9e517e88/execute/async - {"script":"<script> [776 bytes]","args":[{"enterText":"Te6hDa9U2M","selector":{"id":"application-managepricingrules-display-component---priceInfoItem--smartFilterBar-btnBasicSearch","interaction":{"idSuffix":"I"}},"clearTextFirst":true,"interactionType":"ENTER_TEXT"}]}
RESULT: {"script":"<script> [776 bytes]","args":[{"enterText":"Te6hDa9U2M","selector":{"id":"application-managepricingrules-display-component---priceInfoItem--smartFilterBar-btnBasicSearch","interaction":{"idSuffix":"I"}},"clearTextFirst":true,"interactionType":"ENTER_TEXT"}]}
COMMAND: POST /session/f8b17aff14ace713329ed2ba9e517e88/actions - {"actions":[{"id":"action12","type":"key","parameters":{},"actions":[{"type":"keyDown","value":"î€‡"},{"type":"pause","duration":10},{"type":"keyUp","value":"î€‡"}]}]}
RESULT: {"actions":[{"id":"action12","type":"key","parameters":{},"actions":[{"type":"keyDown","value":"î€‡"},{"type":"pause","duration":10},{"type":"keyUp","value":"î€‡"}]}]}
COMMAND: GET /session/f8b17aff14ace713329ed2ba9e517e88/screenshot - {}
RESULT: {}
COMMAND: POST /session/f8b17aff14ace713329ed2ba9e517e88/element - {"using":"xpath","value":"//span[@id=\"application-managepricingrules-display-component---priceInfoItem--smartTable-header-inner\"]"}
RESULT: {"using":"xpath","value":"//span[@id=\"application-managepricingrules-display-component---priceInfoItem--smartTable-header-inner\"]"}
COMMAND: POST /session/f8b17aff14ace713329ed2ba9e517e88/elements - {"using":"xpath","value":"//span[@id=\"application-managepricingrules-display-component---priceInfoItem--smartTable-header-inner\"]"}
RESULT: {"using":"xpath","value":"//span[@id=\"application-managepricingrules-display-component---priceInfoItem--smartTable-header-inner\"]"}
COMMAND: POST /session/f8b17aff14ace713329ed2ba9e517e88/execute/sync - {"script":"<script> [56 bytes]","args":[{"element-6066-11e4-a52e-4f735466cecf":"f.8F60F7CA831AD576036D3680DB46BD22.d.361EAF65D954AFCC19FA8EF5A0E1B078.e.3352","ELEMENT":"f.8F60F7CA831AD576036D3680DB46BD22.d.361EAF65D954AFCC19FA8EF5A0E1B078.e.3352"}]}
RESULT: {"script":"<script> [56 bytes]","args":[{"element-6066-11e4-a52e-4f735466cecf":"f.8F60F7CA831AD576036D3680DB46BD22.d.361EAF65D954AFCC19FA8EF5A0E1B078.e.3352","ELEMENT":"f.8F60F7CA831AD576036D3680DB46BD22.d.361EAF65D954AFCC19FA8EF5A0E1B078.e.3352"}]}
COMMAND: POST /session/f8b17aff14ace713329ed2ba9e517e88/element - {"using":"css selector","value":"#shell-header-logo"}
COMMAND: GET /session/f8b17aff14ace713329ed2ba9e517e88/screenshot - {}
RESULT: {"using":"css selector","value":"#shell-header-logo"}
COMMAND: POST /session/f8b17aff14ace713329ed2ba9e517e88/element/f.8F60F7CA831AD576036D3680DB46BD22.d.361EAF65D954AFCC19FA8EF5A0E1B078.e.2494/click - {}
RESULT: {}
RESULT: {}
COMMAND: GET /session/f8b17aff14ace713329ed2ba9e517e88/screenshot - {}
RESULT: {}
]]></system-out>
    </testcase>
    <testcase classname="chrome.135_0_7049_96.windows.Billing_Transfer_-_Master_data_&amp;_Intercompany_US127250" name="Should create new condition for equipment TB" time="69.336">
      <system-out><![CDATA[
COMMAND: POST /session/f8b17aff14ace713329ed2ba9e517e88/execute/async - {"script":"<script> [1562 bytes]","args":[{"selector":{"controlType":"sap.m.Text","properties":{"text":"Manage Conditions & Prices"},"interaction":{"idSuffix":"inner"}},"wdio_ui5_key":"sapm.Text{\"text\":\"Manage Conditions & Prices\"}"}]}
RESULT: {"script":"<script> [1562 bytes]","args":[{"selector":{"controlType":"sap.m.Text","properties":{"text":"Manage Conditions & Prices"},"interaction":{"idSuffix":"inner"}},"wdio_ui5_key":"sapm.Text{\"text\":\"Manage Conditions & Prices\"}"}]}
RESULT: undefined
COMMAND: POST /session/f8b17aff14ace713329ed2ba9e517e88/element - {"using":"xpath","value":"//*[@id=\"__tile53-title\"]"}
RESULT: {"using":"xpath","value":"//*[@id=\"__tile53-title\"]"}
COMMAND: POST /session/f8b17aff14ace713329ed2ba9e517e88/element/f.8F60F7CA831AD576036D3680DB46BD22.d.361EAF65D954AFCC19FA8EF5A0E1B078.e.3355/click - {}
RESULT: {}
COMMAND: POST /session/f8b17aff14ace713329ed2ba9e517e88/element - {"using":"xpath","value":"//button[@aria-label=\"Create\"]"}
COMMAND: GET /session/f8b17aff14ace713329ed2ba9e517e88/screenshot - {}
RESULT: {"using":"xpath","value":"//button[@aria-label=\"Create\"]"}
COMMAND: POST /session/f8b17aff14ace713329ed2ba9e517e88/elements - {"using":"xpath","value":"//button[@aria-label=\"Create\"]"}
RESULT: {}
RESULT: {"using":"xpath","value":"//button[@aria-label=\"Create\"]"}
COMMAND: POST /session/f8b17aff14ace713329ed2ba9e517e88/elements - {"using":"xpath","value":"//button[@aria-label=\"Create\"]"}
RESULT: {"using":"xpath","value":"//button[@aria-label=\"Create\"]"}
COMMAND: POST /session/f8b17aff14ace713329ed2ba9e517e88/elements - {"using":"xpath","value":"//button[@aria-label=\"Create\"]"}
RESULT: {"using":"xpath","value":"//button[@aria-label=\"Create\"]"}
COMMAND: POST /session/f8b17aff14ace713329ed2ba9e517e88/elements - {"using":"xpath","value":"//button[@aria-label=\"Create\"]"}
RESULT: {"using":"xpath","value":"//button[@aria-label=\"Create\"]"}
COMMAND: POST /session/f8b17aff14ace713329ed2ba9e517e88/element - {"using":"xpath","value":"//button[@aria-label=\"Create\"]"}
RESULT: {"using":"xpath","value":"//button[@aria-label=\"Create\"]"}
COMMAND: POST /session/f8b17aff14ace713329ed2ba9e517e88/execute/sync - {"script":"<script> [8489 bytes]","args":[{"element-6066-11e4-a52e-4f735466cecf":"f.8F60F7CA831AD576036D3680DB46BD22.d.361EAF65D954AFCC19FA8EF5A0E1B078.e.3390","ELEMENT":"f.8F60F7CA831AD576036D3680DB46BD22.d.361EAF65D954AFCC19FA8EF5A0E1B078.e.3390"}]}
RESULT: {"script":"<script> [8489 bytes]","args":[{"element-6066-11e4-a52e-4f735466cecf":"f.8F60F7CA831AD576036D3680DB46BD22.d.361EAF65D954AFCC19FA8EF5A0E1B078.e.3390","ELEMENT":"f.8F60F7CA831AD576036D3680DB46BD22.d.361EAF65D954AFCC19FA8EF5A0E1B078.e.3390"}]}
COMMAND: GET /session/f8b17aff14ace713329ed2ba9e517e88/element/f.8F60F7CA831AD576036D3680DB46BD22.d.361EAF65D954AFCC19FA8EF5A0E1B078.e.3390/enabled - {}
COMMAND: GET /session/f8b17aff14ace713329ed2ba9e517e88/screenshot - {}
RESULT: {}
COMMAND: POST /session/f8b17aff14ace713329ed2ba9e517e88/execute/sync - {"script":"<script> [8489 bytes]","args":[{"element-6066-11e4-a52e-4f735466cecf":"f.8F60F7CA831AD576036D3680DB46BD22.d.361EAF65D954AFCC19FA8EF5A0E1B078.e.3390","ELEMENT":"f.8F60F7CA831AD576036D3680DB46BD22.d.361EAF65D954AFCC19FA8EF5A0E1B078.e.3390"}]}
COMMAND: GET /session/f8b17aff14ace713329ed2ba9e517e88/screenshot - {}
RESULT: {}
RESULT: {"script":"<script> [8489 bytes]","args":[{"element-6066-11e4-a52e-4f735466cecf":"f.8F60F7CA831AD576036D3680DB46BD22.d.361EAF65D954AFCC19FA8EF5A0E1B078.e.3390","ELEMENT":"f.8F60F7CA831AD576036D3680DB46BD22.d.361EAF65D954AFCC19FA8EF5A0E1B078.e.3390"}]}
COMMAND: POST /session/f8b17aff14ace713329ed2ba9e517e88/execute/sync - {"script":"<script> [5351 bytes]","args":[{"element-6066-11e4-a52e-4f735466cecf":"f.8F60F7CA831AD576036D3680DB46BD22.d.361EAF65D954AFCC19FA8EF5A0E1B078.e.3390","ELEMENT":"f.8F60F7CA831AD576036D3680DB46BD22.d.361EAF65D954AFCC19FA8EF5A0E1B078.e.3390"}]}
COMMAND: GET /session/f8b17aff14ace713329ed2ba9e517e88/screenshot - {}
RESULT: {}
RESULT: {"script":"<script> [5351 bytes]","args":[{"element-6066-11e4-a52e-4f735466cecf":"f.8F60F7CA831AD576036D3680DB46BD22.d.361EAF65D954AFCC19FA8EF5A0E1B078.e.3390","ELEMENT":"f.8F60F7CA831AD576036D3680DB46BD22.d.361EAF65D954AFCC19FA8EF5A0E1B078.e.3390"}]}
COMMAND: POST /session/f8b17aff14ace713329ed2ba9e517e88/element/f.8F60F7CA831AD576036D3680DB46BD22.d.361EAF65D954AFCC19FA8EF5A0E1B078.e.3390/click - {}
COMMAND: GET /session/f8b17aff14ace713329ed2ba9e517e88/screenshot - {}
RESULT: {}
RESULT: {}
COMMAND: GET /session/f8b17aff14ace713329ed2ba9e517e88/screenshot - {}
RESULT: {}
RESULT: {}
COMMAND: POST /session/f8b17aff14ace713329ed2ba9e517e88/actions - {"actions":[{"id":"action13","type":"key","parameters":{},"actions":[{"type":"keyDown","value":"î€‡"},{"type":"pause","duration":10},{"type":"keyUp","value":"î€‡"}]}]}
RESULT: {"actions":[{"id":"action13","type":"key","parameters":{},"actions":[{"type":"keyDown","value":"î€‡"},{"type":"pause","duration":10},{"type":"keyUp","value":"î€‡"}]}]}
COMMAND: GET /session/f8b17aff14ace713329ed2ba9e517e88/screenshot - {}
RESULT: {}
COMMAND: POST /session/f8b17aff14ace713329ed2ba9e517e88/execute/async - {"script":"<script> [1562 bytes]","args":[{"selector":{"id":"application-manageconditionprice-display-component---newCondition--condBillCond-arrow"},"wdio_ui5_key":"applicationmanageconditionprice-display-component---newCondition--condBillCond-arrow"}]}
RESULT: {"script":"<script> [1562 bytes]","args":[{"selector":{"id":"application-manageconditionprice-display-component---newCondition--condBillCond-arrow"},"wdio_ui5_key":"applicationmanageconditionprice-display-component---newCondition--condBillCond-arrow"}]}
RESULT: undefined
COMMAND: POST /session/f8b17aff14ace713329ed2ba9e517e88/element - {"using":"xpath","value":"//*[@id=\"application-manageconditionprice-display-component---newCondition--condBillCond-arrow\"]"}
RESULT: {"using":"xpath","value":"//*[@id=\"application-manageconditionprice-display-component---newCondition--condBillCond-arrow\"]"}
COMMAND: POST /session/f8b17aff14ace713329ed2ba9e517e88/element/f.8F60F7CA831AD576036D3680DB46BD22.d.361EAF65D954AFCC19FA8EF5A0E1B078.e.3568/click - {}
RESULT: {}
COMMAND: GET /session/f8b17aff14ace713329ed2ba9e517e88/screenshot - {}
RESULT: {}
COMMAND: POST /session/f8b17aff14ace713329ed2ba9e517e88/element - {"using":"xpath","value":"//li[.//span[contains(text(), \"DISP - D&I special price\")]]"}
RESULT: {"using":"xpath","value":"//li[.//span[contains(text(), \"DISP - D&I special price\")]]"}
COMMAND: POST /session/f8b17aff14ace713329ed2ba9e517e88/element/f.8F60F7CA831AD576036D3680DB46BD22.d.361EAF65D954AFCC19FA8EF5A0E1B078.e.3571/click - {}
RESULT: {}
COMMAND: GET /session/f8b17aff14ace713329ed2ba9e517e88/screenshot - {}
RESULT: {}
COMMAND: POST /session/f8b17aff14ace713329ed2ba9e517e88/execute/async - {"script":"<script> [1562 bytes]","args":[{"selector":{"id":"application-manageconditionprice-display-component---newCondition--condValidTo","interaction":{"idSuffix":"inner"}},"wdio_ui5_key":"applicationmanageconditionprice-display-component---newCondition--condValidTo"}]}
RESULT: {"script":"<script> [1562 bytes]","args":[{"selector":{"id":"application-manageconditionprice-display-component---newCondition--condValidTo","interaction":{"idSuffix":"inner"}},"wdio_ui5_key":"applicationmanageconditionprice-display-component---newCondition--condValidTo"}]}
RESULT: undefined
COMMAND: POST /session/f8b17aff14ace713329ed2ba9e517e88/execute/async - {"script":"<script> [776 bytes]","args":[{"enterText":"12/28/25","selector":{"id":"application-manageconditionprice-display-component---newCondition--condValidTo","interaction":{"idSuffix":"inner"}},"clearTextFirst":true,"interactionType":"ENTER_TEXT"}]}
RESULT: {"script":"<script> [776 bytes]","args":[{"enterText":"12/28/25","selector":{"id":"application-manageconditionprice-display-component---newCondition--condValidTo","interaction":{"idSuffix":"inner"}},"clearTextFirst":true,"interactionType":"ENTER_TEXT"}]}
COMMAND: POST /session/f8b17aff14ace713329ed2ba9e517e88/element - {"using":"xpath","value":"//input[@id=\"application-manageconditionprice-display-component---newCondition--condRU-inner\"]"}
RESULT: {"using":"xpath","value":"//input[@id=\"application-manageconditionprice-display-component---newCondition--condRU-inner\"]"}
COMMAND: POST /session/f8b17aff14ace713329ed2ba9e517e88/element/f.8F60F7CA831AD576036D3680DB46BD22.d.361EAF65D954AFCC19FA8EF5A0E1B078.e.3433/clear - {}
RESULT: {}
COMMAND: POST /session/f8b17aff14ace713329ed2ba9e517e88/element/f.8F60F7CA831AD576036D3680DB46BD22.d.361EAF65D954AFCC19FA8EF5A0E1B078.e.3433/value - {"text":"Te6hDa9U2M"}
COMMAND: GET /session/f8b17aff14ace713329ed2ba9e517e88/screenshot - {}
RESULT: {"text":"Te6hDa9U2M"}
COMMAND: GET /session/f8b17aff14ace713329ed2ba9e517e88/screenshot - {}
RESULT: {}
RESULT: {}
COMMAND: POST /session/f8b17aff14ace713329ed2ba9e517e88/actions - {"actions":[{"id":"action14","type":"key","parameters":{},"actions":[{"type":"keyDown","value":"î€‡"},{"type":"pause","duration":10},{"type":"keyUp","value":"î€‡"}]}]}
RESULT: {"actions":[{"id":"action14","type":"key","parameters":{},"actions":[{"type":"keyDown","value":"î€‡"},{"type":"pause","duration":10},{"type":"keyUp","value":"î€‡"}]}]}
COMMAND: POST /session/f8b17aff14ace713329ed2ba9e517e88/execute/async - {"script":"<script> [1562 bytes]","args":[{"selector":{"id":"application-manageconditionprice-display-component---newCondition--condBaseQty","interaction":{"idSuffix":"inner"}},"wdio_ui5_key":"applicationmanageconditionprice-display-component---newCondition--condBaseQty"}]}
COMMAND: GET /session/f8b17aff14ace713329ed2ba9e517e88/screenshot - {}
RESULT: {"script":"<script> [1562 bytes]","args":[{"selector":{"id":"application-manageconditionprice-display-component---newCondition--condBaseQty","interaction":{"idSuffix":"inner"}},"wdio_ui5_key":"applicationmanageconditionprice-display-component---newCondition--condBaseQty"}]}
RESULT: undefined
COMMAND: POST /session/f8b17aff14ace713329ed2ba9e517e88/execute/async - {"script":"<script> [776 bytes]","args":[{"enterText":"1","selector":{"id":"application-manageconditionprice-display-component---newCondition--condBaseQty","interaction":{"idSuffix":"inner"}},"clearTextFirst":true,"interactionType":"ENTER_TEXT"}]}
RESULT: {}
RESULT: {"script":"<script> [776 bytes]","args":[{"enterText":"1","selector":{"id":"application-manageconditionprice-display-component---newCondition--condBaseQty","interaction":{"idSuffix":"inner"}},"clearTextFirst":true,"interactionType":"ENTER_TEXT"}]}
COMMAND: POST /session/f8b17aff14ace713329ed2ba9e517e88/execute/async - {"script":"<script> [1562 bytes]","args":[{"selector":{"id":"application-manageconditionprice-display-component---newCondition--condValue","interaction":{"idSuffix":"inner"}},"wdio_ui5_key":"applicationmanageconditionprice-display-component---newCondition--condValue"}]}
RESULT: {"script":"<script> [1562 bytes]","args":[{"selector":{"id":"application-manageconditionprice-display-component---newCondition--condValue","interaction":{"idSuffix":"inner"}},"wdio_ui5_key":"applicationmanageconditionprice-display-component---newCondition--condValue"}]}
RESULT: undefined
COMMAND: POST /session/f8b17aff14ace713329ed2ba9e517e88/execute/async - {"script":"<script> [776 bytes]","args":[{"enterText":"100","selector":{"id":"application-manageconditionprice-display-component---newCondition--condValue","interaction":{"idSuffix":"inner"}},"clearTextFirst":true,"interactionType":"ENTER_TEXT"}]}
RESULT: {"script":"<script> [776 bytes]","args":[{"enterText":"100","selector":{"id":"application-manageconditionprice-display-component---newCondition--condValue","interaction":{"idSuffix":"inner"}},"clearTextFirst":true,"interactionType":"ENTER_TEXT"}]}
COMMAND: POST /session/f8b17aff14ace713329ed2ba9e517e88/execute/async - {"script":"<script> [1562 bytes]","args":[{"selector":{"id":"application-manageconditionprice-display-component---newCondition--condCurr-arrow"},"wdio_ui5_key":"applicationmanageconditionprice-display-component---newCondition--condCurr-arrow"}]}
RESULT: {"script":"<script> [1562 bytes]","args":[{"selector":{"id":"application-manageconditionprice-display-component---newCondition--condCurr-arrow"},"wdio_ui5_key":"applicationmanageconditionprice-display-component---newCondition--condCurr-arrow"}]}
RESULT: undefined
COMMAND: POST /session/f8b17aff14ace713329ed2ba9e517e88/element - {"using":"xpath","value":"//*[@id=\"application-manageconditionprice-display-component---newCondition--condCurr-arrow\"]"}
RESULT: {"using":"xpath","value":"//*[@id=\"application-manageconditionprice-display-component---newCondition--condCurr-arrow\"]"}
COMMAND: POST /session/f8b17aff14ace713329ed2ba9e517e88/element/f.8F60F7CA831AD576036D3680DB46BD22.d.361EAF65D954AFCC19FA8EF5A0E1B078.e.3535/click - {}
RESULT: {}
COMMAND: POST /session/f8b17aff14ace713329ed2ba9e517e88/element - {"using":"xpath","value":"//span[contains(text(), \"Euro\")]"}
COMMAND: GET /session/f8b17aff14ace713329ed2ba9e517e88/screenshot - {}
RESULT: {"using":"xpath","value":"//span[contains(text(), \"Euro\")]"}
COMMAND: POST /session/f8b17aff14ace713329ed2ba9e517e88/element/f.8F60F7CA831AD576036D3680DB46BD22.d.361EAF65D954AFCC19FA8EF5A0E1B078.e.3608/click - {}
RESULT: {}
RESULT: {}
COMMAND: POST /session/f8b17aff14ace713329ed2ba9e517e88/element - {"using":"xpath","value":"//button[@data-kt=\"saveButton\"]"}
COMMAND: GET /session/f8b17aff14ace713329ed2ba9e517e88/screenshot - {}
RESULT: {"using":"xpath","value":"//button[@data-kt=\"saveButton\"]"}
COMMAND: POST /session/f8b17aff14ace713329ed2ba9e517e88/element/f.8F60F7CA831AD576036D3680DB46BD22.d.361EAF65D954AFCC19FA8EF5A0E1B078.e.3536/click - {}
RESULT: {}
RESULT: {}
COMMAND: GET /session/f8b17aff14ace713329ed2ba9e517e88/screenshot - {}
RESULT: {}
COMMAND: POST /session/f8b17aff14ace713329ed2ba9e517e88/execute/async - {"script":"<script> [1562 bytes]","args":[{"selector":{"id":"application-manageconditionprice-display-component---conditions--smartFilterBar-btnBasicSearch","interaction":{"idSuffix":"I"}},"wdio_ui5_key":"applicationmanageconditionprice-display-component---conditions--smartFilterBar-btnBasicSearch"}]}
RESULT: {"script":"<script> [1562 bytes]","args":[{"selector":{"id":"application-manageconditionprice-display-component---conditions--smartFilterBar-btnBasicSearch","interaction":{"idSuffix":"I"}},"wdio_ui5_key":"applicationmanageconditionprice-display-component---conditions--smartFilterBar-btnBasicSearch"}]}
RESULT: undefined
COMMAND: POST /session/f8b17aff14ace713329ed2ba9e517e88/execute/async - {"script":"<script> [776 bytes]","args":[{"enterText":"Te6hDa9U2M","selector":{"id":"application-manageconditionprice-display-component---conditions--smartFilterBar-btnBasicSearch","interaction":{"idSuffix":"I"}},"clearTextFirst":true,"interactionType":"ENTER_TEXT"}]}
RESULT: {"script":"<script> [776 bytes]","args":[{"enterText":"Te6hDa9U2M","selector":{"id":"application-manageconditionprice-display-component---conditions--smartFilterBar-btnBasicSearch","interaction":{"idSuffix":"I"}},"clearTextFirst":true,"interactionType":"ENTER_TEXT"}]}
COMMAND: POST /session/f8b17aff14ace713329ed2ba9e517e88/actions - {"actions":[{"id":"action15","type":"key","parameters":{},"actions":[{"type":"keyDown","value":"î€‡"},{"type":"pause","duration":10},{"type":"keyUp","value":"î€‡"}]}]}
RESULT: {"actions":[{"id":"action15","type":"key","parameters":{},"actions":[{"type":"keyDown","value":"î€‡"},{"type":"pause","duration":10},{"type":"keyUp","value":"î€‡"}]}]}
COMMAND: GET /session/f8b17aff14ace713329ed2ba9e517e88/screenshot - {}
RESULT: {}
COMMAND: POST /session/f8b17aff14ace713329ed2ba9e517e88/execute/async - {"script":"<script> [1562 bytes]","args":[{"selector":{"id":"application-manageconditionprice-display-component---conditions--smartFilterBar-filterItemControl_BASIC-BILL_TYPES-vhi"},"wdio_ui5_key":"applicationmanageconditionprice-display-component---conditions--smartFilterBar-filterItemControl_BASIC-BILL_TYPES-vhi"}]}
RESULT: {"script":"<script> [1562 bytes]","args":[{"selector":{"id":"application-manageconditionprice-display-component---conditions--smartFilterBar-filterItemControl_BASIC-BILL_TYPES-vhi"},"wdio_ui5_key":"applicationmanageconditionprice-display-component---conditions--smartFilterBar-filterItemControl_BASIC-BILL_TYPES-vhi"}]}
RESULT: undefined
COMMAND: POST /session/f8b17aff14ace713329ed2ba9e517e88/element - {"using":"xpath","value":"//*[@id=\"application-manageconditionprice-display-component---conditions--smartFilterBar-filterItemControl_BASIC-BILL_TYPES-vhi\"]"}
RESULT: {"using":"xpath","value":"//*[@id=\"application-manageconditionprice-display-component---conditions--smartFilterBar-filterItemControl_BASIC-BILL_TYPES-vhi\"]"}
COMMAND: POST /session/f8b17aff14ace713329ed2ba9e517e88/element/f.8F60F7CA831AD576036D3680DB46BD22.d.361EAF65D954AFCC19FA8EF5A0E1B078.e.3624/click - {}
RESULT: {}
COMMAND: POST /session/f8b17aff14ace713329ed2ba9e517e88/execute/async - {"script":"<script> [1562 bytes]","args":[{"selector":{"id":"application-manageconditionprice-display-component---conditions--smartFilterBar-filterItemControl_BASIC-BILL_TYPES-valueHelpDialog-smartFilterBar-btnBasicSearch","searchOpenDialogs":true,"interaction":{"idSuffix":"I"}},"wdio_ui5_key":"applicationmanageconditionprice-display-component---conditions--smartFilterBar-filterItemControl_BASIC-BILL_TYPES-valueHelpDialog-smartFilterBar-btnBasicSearch"}]}
COMMAND: GET /session/f8b17aff14ace713329ed2ba9e517e88/screenshot - {}
RESULT: {"script":"<script> [1562 bytes]","args":[{"selector":{"id":"application-manageconditionprice-display-component---conditions--smartFilterBar-filterItemControl_BASIC-BILL_TYPES-valueHelpDialog-smartFilterBar-btnBasicSearch","searchOpenDialogs":true,"interaction":{"idSuffix":"I"}},"wdio_ui5_key":"applicationmanageconditionprice-display-component---conditions--smartFilterBar-filterItemControl_BASIC-BILL_TYPES-valueHelpDialog-smartFilterBar-btnBasicSearch"}]}
RESULT: undefined
COMMAND: POST /session/f8b17aff14ace713329ed2ba9e517e88/execute/async - {"script":"<script> [776 bytes]","args":[{"enterText":"TB","selector":{"id":"application-manageconditionprice-display-component---conditions--smartFilterBar-filterItemControl_BASIC-BILL_TYPES-valueHelpDialog-smartFilterBar-btnBasicSearch","searchOpenDialogs":true,"interaction":{"idSuffix":"I"}},"clearTextFirst":true,"interactionType":"ENTER_TEXT"}]}
RESULT: {}
RESULT: {"script":"<script> [776 bytes]","args":[{"enterText":"TB","selector":{"id":"application-manageconditionprice-display-component---conditions--smartFilterBar-filterItemControl_BASIC-BILL_TYPES-valueHelpDialog-smartFilterBar-btnBasicSearch","searchOpenDialogs":true,"interaction":{"idSuffix":"I"}},"clearTextFirst":true,"interactionType":"ENTER_TEXT"}]}
COMMAND: POST /session/f8b17aff14ace713329ed2ba9e517e88/actions - {"actions":[{"id":"action16","type":"key","parameters":{},"actions":[{"type":"keyDown","value":"î€‡"},{"type":"pause","duration":10},{"type":"keyUp","value":"î€‡"}]}]}
RESULT: {"actions":[{"id":"action16","type":"key","parameters":{},"actions":[{"type":"keyDown","value":"î€‡"},{"type":"pause","duration":10},{"type":"keyUp","value":"î€‡"}]}]}
COMMAND: GET /session/f8b17aff14ace713329ed2ba9e517e88/screenshot - {}
RESULT: {}
COMMAND: POST /session/f8b17aff14ace713329ed2ba9e517e88/element - {"using":"xpath","value":"//div[contains(@id, 'application-manageconditionprice-display-component---conditions--smartFilterBar-filterItemControl_BASIC-BILL_TYPES-valueHelpDialog-table-rowsel0')]"}
RESULT: {"using":"xpath","value":"//div[contains(@id, 'application-manageconditionprice-display-component---conditions--smartFilterBar-filterItemControl_BASIC-BILL_TYPES-valueHelpDialog-table-rowsel0')]"}
COMMAND: POST /session/f8b17aff14ace713329ed2ba9e517e88/element/f.8F60F7CA831AD576036D3680DB46BD22.d.361EAF65D954AFCC19FA8EF5A0E1B078.e.3634/click - {}
RESULT: {}
COMMAND: GET /session/f8b17aff14ace713329ed2ba9e517e88/screenshot - {}
RESULT: {}
COMMAND: POST /session/f8b17aff14ace713329ed2ba9e517e88/element - {"using":"xpath","value":"//bdi[contains(text(), \"OK\")]"}
RESULT: {"using":"xpath","value":"//bdi[contains(text(), \"OK\")]"}
COMMAND: POST /session/f8b17aff14ace713329ed2ba9e517e88/element/f.8F60F7CA831AD576036D3680DB46BD22.d.361EAF65D954AFCC19FA8EF5A0E1B078.e.3636/click - {}
RESULT: {}
COMMAND: GET /session/f8b17aff14ace713329ed2ba9e517e88/screenshot - {}
RESULT: {}
COMMAND: POST /session/f8b17aff14ace713329ed2ba9e517e88/element - {"using":"xpath","value":"//span[@id=\"application-manageconditionprice-display-component---conditions--smartTable-header-inner\"]"}
RESULT: {"using":"xpath","value":"//span[@id=\"application-manageconditionprice-display-component---conditions--smartTable-header-inner\"]"}
COMMAND: POST /session/f8b17aff14ace713329ed2ba9e517e88/elements - {"using":"xpath","value":"//span[@id=\"application-manageconditionprice-display-component---conditions--smartTable-header-inner\"]"}
RESULT: {"using":"xpath","value":"//span[@id=\"application-manageconditionprice-display-component---conditions--smartTable-header-inner\"]"}
COMMAND: POST /session/f8b17aff14ace713329ed2ba9e517e88/execute/sync - {"script":"<script> [56 bytes]","args":[{"element-6066-11e4-a52e-4f735466cecf":"f.8F60F7CA831AD576036D3680DB46BD22.d.361EAF65D954AFCC19FA8EF5A0E1B078.e.3639","ELEMENT":"f.8F60F7CA831AD576036D3680DB46BD22.d.361EAF65D954AFCC19FA8EF5A0E1B078.e.3639"}]}
RESULT: {"script":"<script> [56 bytes]","args":[{"element-6066-11e4-a52e-4f735466cecf":"f.8F60F7CA831AD576036D3680DB46BD22.d.361EAF65D954AFCC19FA8EF5A0E1B078.e.3639","ELEMENT":"f.8F60F7CA831AD576036D3680DB46BD22.d.361EAF65D954AFCC19FA8EF5A0E1B078.e.3639"}]}
COMMAND: POST /session/f8b17aff14ace713329ed2ba9e517e88/element - {"using":"css selector","value":"#shell-header-logo"}
COMMAND: GET /session/f8b17aff14ace713329ed2ba9e517e88/screenshot - {}
RESULT: {"using":"css selector","value":"#shell-header-logo"}
COMMAND: POST /session/f8b17aff14ace713329ed2ba9e517e88/element/f.8F60F7CA831AD576036D3680DB46BD22.d.361EAF65D954AFCC19FA8EF5A0E1B078.e.3357/click - {}
RESULT: {}
RESULT: {}
COMMAND: GET /session/f8b17aff14ace713329ed2ba9e517e88/screenshot - {}
RESULT: {}
]]></system-out>
    </testcase>
    <testcase classname="chrome.135_0_7049_96.windows.Billing_Transfer_-_Master_data_&amp;_Intercompany_US127250" name="Should do a stock increase" time="86.241">
      <system-out><![CDATA[
COMMAND: POST /session/f8b17aff14ace713329ed2ba9e517e88/execute/async - {"script":"<script> [1562 bytes]","args":[{"selector":{"controlType":"sap.m.Text","viewName":"etm.portal.ui.managehandoverstile.view.Master","properties":{"text":"Manage Handovers"},"interaction":{"idSuffix":"inner"}},"wdio_ui5_key":"etmportal.ui.managehandoverstile.view.Mastersap.m.Text{\"text\":\"Manage Handovers\"}"}]}
RESULT: {"script":"<script> [1562 bytes]","args":[{"selector":{"controlType":"sap.m.Text","viewName":"etm.portal.ui.managehandoverstile.view.Master","properties":{"text":"Manage Handovers"},"interaction":{"idSuffix":"inner"}},"wdio_ui5_key":"etmportal.ui.managehandoverstile.view.Mastersap.m.Text{\"text\":\"Manage Handovers\"}"}]}
RESULT: undefined
COMMAND: POST /session/f8b17aff14ace713329ed2ba9e517e88/element - {"using":"xpath","value":"//*[@id=\"__tile133-title\"]"}
RESULT: {"using":"xpath","value":"//*[@id=\"__tile133-title\"]"}
COMMAND: POST /session/f8b17aff14ace713329ed2ba9e517e88/element/f.8F60F7CA831AD576036D3680DB46BD22.d.361EAF65D954AFCC19FA8EF5A0E1B078.e.3644/click - {}
RESULT: {}
COMMAND: POST /session/f8b17aff14ace713329ed2ba9e517e88/element - {"using":"xpath","value":"//button[@data-kt=\"masterHOAddButton\"]"}
COMMAND: GET /session/f8b17aff14ace713329ed2ba9e517e88/screenshot - {}
RESULT: {"using":"xpath","value":"//button[@data-kt=\"masterHOAddButton\"]"}
COMMAND: POST /session/f8b17aff14ace713329ed2ba9e517e88/elements - {"using":"xpath","value":"//button[@data-kt=\"masterHOAddButton\"]"}
RESULT: {}
RESULT: {"using":"xpath","value":"//button[@data-kt=\"masterHOAddButton\"]"}
COMMAND: POST /session/f8b17aff14ace713329ed2ba9e517e88/elements - {"using":"xpath","value":"//button[@data-kt=\"masterHOAddButton\"]"}
RESULT: {"using":"xpath","value":"//button[@data-kt=\"masterHOAddButton\"]"}
COMMAND: POST /session/f8b17aff14ace713329ed2ba9e517e88/elements - {"using":"xpath","value":"//button[@data-kt=\"masterHOAddButton\"]"}
RESULT: {"using":"xpath","value":"//button[@data-kt=\"masterHOAddButton\"]"}
COMMAND: POST /session/f8b17aff14ace713329ed2ba9e517e88/elements - {"using":"xpath","value":"//button[@data-kt=\"masterHOAddButton\"]"}
RESULT: {"using":"xpath","value":"//button[@data-kt=\"masterHOAddButton\"]"}
COMMAND: POST /session/f8b17aff14ace713329ed2ba9e517e88/elements - {"using":"xpath","value":"//button[@data-kt=\"masterHOAddButton\"]"}
RESULT: {"using":"xpath","value":"//button[@data-kt=\"masterHOAddButton\"]"}
COMMAND: POST /session/f8b17aff14ace713329ed2ba9e517e88/elements - {"using":"xpath","value":"//button[@data-kt=\"masterHOAddButton\"]"}
RESULT: {"using":"xpath","value":"//button[@data-kt=\"masterHOAddButton\"]"}
COMMAND: POST /session/f8b17aff14ace713329ed2ba9e517e88/elements - {"using":"xpath","value":"//button[@data-kt=\"masterHOAddButton\"]"}
RESULT: {"using":"xpath","value":"//button[@data-kt=\"masterHOAddButton\"]"}
COMMAND: POST /session/f8b17aff14ace713329ed2ba9e517e88/elements - {"using":"xpath","value":"//button[@data-kt=\"masterHOAddButton\"]"}
RESULT: {"using":"xpath","value":"//button[@data-kt=\"masterHOAddButton\"]"}
COMMAND: POST /session/f8b17aff14ace713329ed2ba9e517e88/elements - {"using":"xpath","value":"//button[@data-kt=\"masterHOAddButton\"]"}
RESULT: {"using":"xpath","value":"//button[@data-kt=\"masterHOAddButton\"]"}
COMMAND: POST /session/f8b17aff14ace713329ed2ba9e517e88/elements - {"using":"xpath","value":"//button[@data-kt=\"masterHOAddButton\"]"}
RESULT: {"using":"xpath","value":"//button[@data-kt=\"masterHOAddButton\"]"}
COMMAND: POST /session/f8b17aff14ace713329ed2ba9e517e88/elements - {"using":"xpath","value":"//button[@data-kt=\"masterHOAddButton\"]"}
RESULT: {"using":"xpath","value":"//button[@data-kt=\"masterHOAddButton\"]"}
COMMAND: POST /session/f8b17aff14ace713329ed2ba9e517e88/elements - {"using":"xpath","value":"//button[@data-kt=\"masterHOAddButton\"]"}
RESULT: {"using":"xpath","value":"//button[@data-kt=\"masterHOAddButton\"]"}
COMMAND: POST /session/f8b17aff14ace713329ed2ba9e517e88/elements - {"using":"xpath","value":"//button[@data-kt=\"masterHOAddButton\"]"}
RESULT: {"using":"xpath","value":"//button[@data-kt=\"masterHOAddButton\"]"}
COMMAND: POST /session/f8b17aff14ace713329ed2ba9e517e88/elements - {"using":"xpath","value":"//button[@data-kt=\"masterHOAddButton\"]"}
RESULT: {"using":"xpath","value":"//button[@data-kt=\"masterHOAddButton\"]"}
COMMAND: POST /session/f8b17aff14ace713329ed2ba9e517e88/element - {"using":"xpath","value":"//button[@data-kt=\"masterHOAddButton\"]"}
RESULT: {"using":"xpath","value":"//button[@data-kt=\"masterHOAddButton\"]"}
COMMAND: POST /session/f8b17aff14ace713329ed2ba9e517e88/execute/sync - {"script":"<script> [8489 bytes]","args":[{"element-6066-11e4-a52e-4f735466cecf":"f.8F60F7CA831AD576036D3680DB46BD22.d.361EAF65D954AFCC19FA8EF5A0E1B078.e.3680","ELEMENT":"f.8F60F7CA831AD576036D3680DB46BD22.d.361EAF65D954AFCC19FA8EF5A0E1B078.e.3680"}]}
RESULT: {"script":"<script> [8489 bytes]","args":[{"element-6066-11e4-a52e-4f735466cecf":"f.8F60F7CA831AD576036D3680DB46BD22.d.361EAF65D954AFCC19FA8EF5A0E1B078.e.3680","ELEMENT":"f.8F60F7CA831AD576036D3680DB46BD22.d.361EAF65D954AFCC19FA8EF5A0E1B078.e.3680"}]}
COMMAND: GET /session/f8b17aff14ace713329ed2ba9e517e88/element/f.8F60F7CA831AD576036D3680DB46BD22.d.361EAF65D954AFCC19FA8EF5A0E1B078.e.3680/enabled - {}
COMMAND: GET /session/f8b17aff14ace713329ed2ba9e517e88/screenshot - {}
RESULT: {}
COMMAND: POST /session/f8b17aff14ace713329ed2ba9e517e88/execute/sync - {"script":"<script> [8489 bytes]","args":[{"element-6066-11e4-a52e-4f735466cecf":"f.8F60F7CA831AD576036D3680DB46BD22.d.361EAF65D954AFCC19FA8EF5A0E1B078.e.3680","ELEMENT":"f.8F60F7CA831AD576036D3680DB46BD22.d.361EAF65D954AFCC19FA8EF5A0E1B078.e.3680"}]}
COMMAND: GET /session/f8b17aff14ace713329ed2ba9e517e88/screenshot - {}
RESULT: {}
RESULT: {"script":"<script> [8489 bytes]","args":[{"element-6066-11e4-a52e-4f735466cecf":"f.8F60F7CA831AD576036D3680DB46BD22.d.361EAF65D954AFCC19FA8EF5A0E1B078.e.3680","ELEMENT":"f.8F60F7CA831AD576036D3680DB46BD22.d.361EAF65D954AFCC19FA8EF5A0E1B078.e.3680"}]}
COMMAND: POST /session/f8b17aff14ace713329ed2ba9e517e88/execute/sync - {"script":"<script> [5351 bytes]","args":[{"element-6066-11e4-a52e-4f735466cecf":"f.8F60F7CA831AD576036D3680DB46BD22.d.361EAF65D954AFCC19FA8EF5A0E1B078.e.3680","ELEMENT":"f.8F60F7CA831AD576036D3680DB46BD22.d.361EAF65D954AFCC19FA8EF5A0E1B078.e.3680"}]}
COMMAND: GET /session/f8b17aff14ace713329ed2ba9e517e88/screenshot - {}
RESULT: {}
RESULT: {"script":"<script> [5351 bytes]","args":[{"element-6066-11e4-a52e-4f735466cecf":"f.8F60F7CA831AD576036D3680DB46BD22.d.361EAF65D954AFCC19FA8EF5A0E1B078.e.3680","ELEMENT":"f.8F60F7CA831AD576036D3680DB46BD22.d.361EAF65D954AFCC19FA8EF5A0E1B078.e.3680"}]}
COMMAND: POST /session/f8b17aff14ace713329ed2ba9e517e88/element/f.8F60F7CA831AD576036D3680DB46BD22.d.361EAF65D954AFCC19FA8EF5A0E1B078.e.3680/click - {}
COMMAND: GET /session/f8b17aff14ace713329ed2ba9e517e88/screenshot - {}
RESULT: {}
RESULT: {}
COMMAND: GET /session/f8b17aff14ace713329ed2ba9e517e88/screenshot - {}
RESULT: {}
COMMAND: POST /session/f8b17aff14ace713329ed2ba9e517e88/element - {"using":"xpath","value":"//span[contains(@id ,\"AddNewHO--typeSelect-arrow\")]"}
RESULT: {}
RESULT: {"using":"xpath","value":"//span[contains(@id ,\"AddNewHO--typeSelect-arrow\")]"}
COMMAND: POST /session/f8b17aff14ace713329ed2ba9e517e88/element/f.8F60F7CA831AD576036D3680DB46BD22.d.361EAF65D954AFCC19FA8EF5A0E1B078.e.4022/click - {}
RESULT: {}
COMMAND: GET /session/f8b17aff14ace713329ed2ba9e517e88/screenshot - {}
RESULT: {}
COMMAND: POST /session/f8b17aff14ace713329ed2ba9e517e88/element - {"using":"xpath","value":"(//li[contains(text(), \"stock increase yard\")])[1]"}
RESULT: {"using":"xpath","value":"(//li[contains(text(), \"stock increase yard\")])[1]"}
COMMAND: POST /session/f8b17aff14ace713329ed2ba9e517e88/element/f.8F60F7CA831AD576036D3680DB46BD22.d.361EAF65D954AFCC19FA8EF5A0E1B078.e.4023/click - {}
RESULT: {}
COMMAND: GET /session/f8b17aff14ace713329ed2ba9e517e88/screenshot - {}
RESULT: {}
COMMAND: POST /session/f8b17aff14ace713329ed2ba9e517e88/execute/async - {"script":"<script> [1562 bytes]","args":[{"selector":{"id":"application-managehandovers-display-component---AddNewHO--dueDate","interaction":{"idSuffix":"inner"}},"wdio_ui5_key":"applicationmanagehandovers-display-component---AddNewHO--dueDate"}]}
RESULT: {"script":"<script> [1562 bytes]","args":[{"selector":{"id":"application-managehandovers-display-component---AddNewHO--dueDate","interaction":{"idSuffix":"inner"}},"wdio_ui5_key":"applicationmanagehandovers-display-component---AddNewHO--dueDate"}]}
RESULT: undefined
COMMAND: POST /session/f8b17aff14ace713329ed2ba9e517e88/execute/async - {"script":"<script> [6424 bytes]","args":[{"element-6066-11e4-a52e-4f735466cecf":"f.8F60F7CA831AD576036D3680DB46BD22.d.361EAF65D954AFCC19FA8EF5A0E1B078.e.4025"},"setValue",["04/28/2025"]]}
RESULT: {"script":"<script> [6424 bytes]","args":[{"element-6066-11e4-a52e-4f735466cecf":"f.8F60F7CA831AD576036D3680DB46BD22.d.361EAF65D954AFCC19FA8EF5A0E1B078.e.4025"},"setValue",["04/28/2025"]]}
COMMAND: POST /session/f8b17aff14ace713329ed2ba9e517e88/element - {"using":"xpath","value":"//input[@id=\"generalSectionFrg--receiveYard-inner\"]"}
RESULT: {"using":"xpath","value":"//input[@id=\"generalSectionFrg--receiveYard-inner\"]"}
COMMAND: POST /session/f8b17aff14ace713329ed2ba9e517e88/element/f.8F60F7CA831AD576036D3680DB46BD22.d.361EAF65D954AFCC19FA8EF5A0E1B078.e.4031/clear - {}
RESULT: {}
COMMAND: POST /session/f8b17aff14ace713329ed2ba9e517e88/element/f.8F60F7CA831AD576036D3680DB46BD22.d.361EAF65D954AFCC19FA8EF5A0E1B078.e.4031/value - {"text":"345"}
COMMAND: GET /session/f8b17aff14ace713329ed2ba9e517e88/screenshot - {}
RESULT: {"text":"345"}
COMMAND: GET /session/f8b17aff14ace713329ed2ba9e517e88/screenshot - {}
RESULT: {}
RESULT: {}
COMMAND: POST /session/f8b17aff14ace713329ed2ba9e517e88/element - {"using":"xpath","value":"//li[.//span[text()='345']]"}
RESULT: {"using":"xpath","value":"//li[.//span[text()='345']]"}
COMMAND: POST /session/f8b17aff14ace713329ed2ba9e517e88/element/f.8F60F7CA831AD576036D3680DB46BD22.d.361EAF65D954AFCC19FA8EF5A0E1B078.e.4049/click - {}
RESULT: {}
COMMAND: GET /session/f8b17aff14ace713329ed2ba9e517e88/screenshot - {}
RESULT: {}
COMMAND: POST /session/f8b17aff14ace713329ed2ba9e517e88/execute/async - {"script":"<script> [1562 bytes]","args":[{"selector":{"id":"application-managehandovers-display-component---AddNewHO--ObjectPageLayout-anchBar-application-managehandovers-display-component---AddNewHO--section4-anchor","interaction":{"idSuffix":"BDI-content"}},"wdio_ui5_key":"applicationmanagehandovers-display-component---AddNewHO--ObjectPageLayout-anchBar-application-managehandovers-display-component---AddNewHO--section4-anchor"}]}
RESULT: {"script":"<script> [1562 bytes]","args":[{"selector":{"id":"application-managehandovers-display-component---AddNewHO--ObjectPageLayout-anchBar-application-managehandovers-display-component---AddNewHO--section4-anchor","interaction":{"idSuffix":"BDI-content"}},"wdio_ui5_key":"applicationmanagehandovers-display-component---AddNewHO--ObjectPageLayout-anchBar-application-managehandovers-display-component---AddNewHO--section4-anchor"}]}
RESULT: undefined
COMMAND: POST /session/f8b17aff14ace713329ed2ba9e517e88/element - {"using":"xpath","value":"//*[@id=\"application-managehandovers-display-component---AddNewHO--ObjectPageLayout-anchBar-application-managehandovers-display-component---AddNewHO--section4-anchor\"]"}
RESULT: {"using":"xpath","value":"//*[@id=\"application-managehandovers-display-component---AddNewHO--ObjectPageLayout-anchBar-application-managehandovers-display-component---AddNewHO--section4-anchor\"]"}
COMMAND: POST /session/f8b17aff14ace713329ed2ba9e517e88/element/f.8F60F7CA831AD576036D3680DB46BD22.d.361EAF65D954AFCC19FA8EF5A0E1B078.e.4051/click - {}
RESULT: {}
COMMAND: POST /session/f8b17aff14ace713329ed2ba9e517e88/element - {"using":"xpath","value":"//button[@aria-label=\"Add\"]"}
COMMAND: GET /session/f8b17aff14ace713329ed2ba9e517e88/screenshot - {}
RESULT: {"using":"xpath","value":"//button[@aria-label=\"Add\"]"}
COMMAND: POST /session/f8b17aff14ace713329ed2ba9e517e88/element/f.8F60F7CA831AD576036D3680DB46BD22.d.361EAF65D954AFCC19FA8EF5A0E1B078.e.4053/click - {}
RESULT: {}
RESULT: {}
COMMAND: GET /session/f8b17aff14ace713329ed2ba9e517e88/screenshot - {}
RESULT: {}
COMMAND: POST /session/f8b17aff14ace713329ed2ba9e517e88/execute/async - {"script":"<script> [1562 bytes]","args":[{"selector":{"id":"application-managehandovers-display-component---AddNewHO--smartFilterBar-btnBasicSearch","searchOpenDialogs":true,"interaction":{"idSuffix":"I"}},"wdio_ui5_key":"applicationmanagehandovers-display-component---AddNewHO--smartFilterBar-btnBasicSearch"}]}
RESULT: {"script":"<script> [1562 bytes]","args":[{"selector":{"id":"application-managehandovers-display-component---AddNewHO--smartFilterBar-btnBasicSearch","searchOpenDialogs":true,"interaction":{"idSuffix":"I"}},"wdio_ui5_key":"applicationmanagehandovers-display-component---AddNewHO--smartFilterBar-btnBasicSearch"}]}
RESULT: undefined
COMMAND: POST /session/f8b17aff14ace713329ed2ba9e517e88/execute/async - {"script":"<script> [776 bytes]","args":[{"enterText":"Te6hDa9U2M","selector":{"id":"application-managehandovers-display-component---AddNewHO--smartFilterBar-btnBasicSearch","searchOpenDialogs":true,"interaction":{"idSuffix":"I"}},"clearTextFirst":true,"interactionType":"ENTER_TEXT"}]}
RESULT: {"script":"<script> [776 bytes]","args":[{"enterText":"Te6hDa9U2M","selector":{"id":"application-managehandovers-display-component---AddNewHO--smartFilterBar-btnBasicSearch","searchOpenDialogs":true,"interaction":{"idSuffix":"I"}},"clearTextFirst":true,"interactionType":"ENTER_TEXT"}]}
COMMAND: POST /session/f8b17aff14ace713329ed2ba9e517e88/actions - {"actions":[{"id":"action17","type":"key","parameters":{},"actions":[{"type":"keyDown","value":"î€‡"},{"type":"pause","duration":10},{"type":"keyUp","value":"î€‡"}]}]}
RESULT: {"actions":[{"id":"action17","type":"key","parameters":{},"actions":[{"type":"keyDown","value":"î€‡"},{"type":"pause","duration":10},{"type":"keyUp","value":"î€‡"}]}]}
COMMAND: GET /session/f8b17aff14ace713329ed2ba9e517e88/screenshot - {}
RESULT: {}
COMMAND: POST /session/f8b17aff14ace713329ed2ba9e517e88/execute/async - {"script":"<script> [1562 bytes]","args":[{"selector":{"id":"application-managehandovers-display-component---AddNewHO--popup-sa","searchOpenDialogs":true,"interaction":{"idSuffix":"CbBg"}},"wdio_ui5_key":"applicationmanagehandovers-display-component---AddNewHO--popup-sa"}]}
RESULT: {"script":"<script> [1562 bytes]","args":[{"selector":{"id":"application-managehandovers-display-component---AddNewHO--popup-sa","searchOpenDialogs":true,"interaction":{"idSuffix":"CbBg"}},"wdio_ui5_key":"applicationmanagehandovers-display-component---AddNewHO--popup-sa"}]}
RESULT: undefined
COMMAND: POST /session/f8b17aff14ace713329ed2ba9e517e88/element - {"using":"xpath","value":"//*[@id=\"application-managehandovers-display-component---AddNewHO--popup-sa\"]"}
RESULT: {"using":"xpath","value":"//*[@id=\"application-managehandovers-display-component---AddNewHO--popup-sa\"]"}
COMMAND: POST /session/f8b17aff14ace713329ed2ba9e517e88/element/f.8F60F7CA831AD576036D3680DB46BD22.d.361EAF65D954AFCC19FA8EF5A0E1B078.e.4207/click - {}
RESULT: {}
COMMAND: GET /session/f8b17aff14ace713329ed2ba9e517e88/screenshot - {}
RESULT: {}
COMMAND: POST /session/f8b17aff14ace713329ed2ba9e517e88/element - {"using":"xpath","value":"//bdi[contains(text(), \"Select\")]"}
RESULT: {"using":"xpath","value":"//bdi[contains(text(), \"Select\")]"}
COMMAND: POST /session/f8b17aff14ace713329ed2ba9e517e88/element/f.8F60F7CA831AD576036D3680DB46BD22.d.361EAF65D954AFCC19FA8EF5A0E1B078.e.4208/click - {}
RESULT: {}
COMMAND: GET /session/f8b17aff14ace713329ed2ba9e517e88/screenshot - {}
RESULT: {}
COMMAND: POST /session/f8b17aff14ace713329ed2ba9e517e88/element - {"using":"xpath","value":"//button[@data-kt=\"AddNewHOSaveButton\"]"}
RESULT: {"using":"xpath","value":"//button[@data-kt=\"AddNewHOSaveButton\"]"}
COMMAND: POST /session/f8b17aff14ace713329ed2ba9e517e88/element/f.8F60F7CA831AD576036D3680DB46BD22.d.361EAF65D954AFCC19FA8EF5A0E1B078.e.4212/click - {}
RESULT: {}
COMMAND: GET /session/f8b17aff14ace713329ed2ba9e517e88/screenshot - {}
RESULT: {}
COMMAND: POST /session/f8b17aff14ace713329ed2ba9e517e88/execute/async - {"script":"<script> [1562 bytes]","args":[{"selector":{"id":"receiptDatePicker","viewName":"etm.portal.ui.managehandovers.view.DetailExecuteHO","interaction":{"idSuffix":"inner"}},"wdio_ui5_key":"receiptDatePickeretmportal.ui.managehandovers.view.DetailExecuteHO"}]}
RESULT: {"script":"<script> [1562 bytes]","args":[{"selector":{"id":"receiptDatePicker","viewName":"etm.portal.ui.managehandovers.view.DetailExecuteHO","interaction":{"idSuffix":"inner"}},"wdio_ui5_key":"receiptDatePickeretmportal.ui.managehandovers.view.DetailExecuteHO"}]}
RESULT: undefined
COMMAND: POST /session/f8b17aff14ace713329ed2ba9e517e88/execute/async - {"script":"<script> [6424 bytes]","args":[{"element-6066-11e4-a52e-4f735466cecf":"f.8F60F7CA831AD576036D3680DB46BD22.d.361EAF65D954AFCC19FA8EF5A0E1B078.e.4239"},"setValue",["04/28/2025"]]}
RESULT: {"script":"<script> [6424 bytes]","args":[{"element-6066-11e4-a52e-4f735466cecf":"f.8F60F7CA831AD576036D3680DB46BD22.d.361EAF65D954AFCC19FA8EF5A0E1B078.e.4239"},"setValue",["04/28/2025"]]}
COMMAND: POST /session/f8b17aff14ace713329ed2ba9e517e88/element - {"using":"xpath","value":"//button[@data-kt=\"PickingTableConfirmAllButton\"]"}
RESULT: {"using":"xpath","value":"//button[@data-kt=\"PickingTableConfirmAllButton\"]"}
COMMAND: POST /session/f8b17aff14ace713329ed2ba9e517e88/element/f.8F60F7CA831AD576036D3680DB46BD22.d.361EAF65D954AFCC19FA8EF5A0E1B078.e.4254/click - {}
RESULT: {}
COMMAND: GET /session/f8b17aff14ace713329ed2ba9e517e88/screenshot - {}
RESULT: {}
COMMAND: POST /session/f8b17aff14ace713329ed2ba9e517e88/element - {"using":"xpath","value":"//bdi[contains(text(), \"OK\")]"}
RESULT: {"using":"xpath","value":"//bdi[contains(text(), \"OK\")]"}
COMMAND: POST /session/f8b17aff14ace713329ed2ba9e517e88/element/f.8F60F7CA831AD576036D3680DB46BD22.d.361EAF65D954AFCC19FA8EF5A0E1B078.e.4256/click - {}
RESULT: {}
COMMAND: GET /session/f8b17aff14ace713329ed2ba9e517e88/screenshot - {}
RESULT: {}
COMMAND: POST /session/f8b17aff14ace713329ed2ba9e517e88/element - {"using":"xpath","value":"(//bdi[contains(text(), \"Receive\")])[2]"}
RESULT: {"using":"xpath","value":"(//bdi[contains(text(), \"Receive\")])[2]"}
COMMAND: POST /session/f8b17aff14ace713329ed2ba9e517e88/element/f.8F60F7CA831AD576036D3680DB46BD22.d.361EAF65D954AFCC19FA8EF5A0E1B078.e.4258/click - {}
RESULT: {}
COMMAND: GET /session/f8b17aff14ace713329ed2ba9e517e88/screenshot - {}
RESULT: {}
COMMAND: POST /session/f8b17aff14ace713329ed2ba9e517e88/element - {"using":"css selector","value":"#shell-header-logo"}
RESULT: {"using":"css selector","value":"#shell-header-logo"}
COMMAND: POST /session/f8b17aff14ace713329ed2ba9e517e88/element/f.8F60F7CA831AD576036D3680DB46BD22.d.361EAF65D954AFCC19FA8EF5A0E1B078.e.3647/click - {}
RESULT: {}
COMMAND: GET /session/f8b17aff14ace713329ed2ba9e517e88/screenshot - {}
RESULT: {}
]]></system-out>
    </testcase>
    <testcase classname="chrome.135_0_7049_96.windows.Billing_Transfer_-_Master_data_&amp;_Intercompany_US127250" name="Should create a new contract" time="60.732">
      <system-out><![CDATA[
COMMAND: POST /session/f8b17aff14ace713329ed2ba9e517e88/execute/async - {"script":"<script> [1562 bytes]","args":[{"selector":{"controlType":"sap.m.Text","viewName":"etm.portal.ui.managecontractstile.view.Master","properties":{"text":"Manage Contracts"},"interaction":{"idSuffix":"inner"}},"wdio_ui5_key":"etmportal.ui.managecontractstile.view.Mastersap.m.Text{\"text\":\"Manage Contracts\"}"}]}
RESULT: {"script":"<script> [1562 bytes]","args":[{"selector":{"controlType":"sap.m.Text","viewName":"etm.portal.ui.managecontractstile.view.Master","properties":{"text":"Manage Contracts"},"interaction":{"idSuffix":"inner"}},"wdio_ui5_key":"etmportal.ui.managecontractstile.view.Mastersap.m.Text{\"text\":\"Manage Contracts\"}"}]}
RESULT: undefined
COMMAND: POST /session/f8b17aff14ace713329ed2ba9e517e88/element - {"using":"xpath","value":"//*[@id=\"__tile131-title\"]"}
RESULT: {"using":"xpath","value":"//*[@id=\"__tile131-title\"]"}
COMMAND: POST /session/f8b17aff14ace713329ed2ba9e517e88/element/f.8F60F7CA831AD576036D3680DB46BD22.d.361EAF65D954AFCC19FA8EF5A0E1B078.e.4426/click - {}
RESULT: {}
COMMAND: GET /session/f8b17aff14ace713329ed2ba9e517e88/screenshot - {}
RESULT: {}
COMMAND: POST /session/f8b17aff14ace713329ed2ba9e517e88/element - {"using":"xpath","value":"//button[@data-kt=\"addButton\"]"}
RESULT: {"using":"xpath","value":"//button[@data-kt=\"addButton\"]"}
COMMAND: POST /session/f8b17aff14ace713329ed2ba9e517e88/elements - {"using":"xpath","value":"//button[@data-kt=\"addButton\"]"}
RESULT: {"using":"xpath","value":"//button[@data-kt=\"addButton\"]"}
COMMAND: POST /session/f8b17aff14ace713329ed2ba9e517e88/execute/sync - {"script":"<script> [8489 bytes]","args":[{"element-6066-11e4-a52e-4f735466cecf":"f.8F60F7CA831AD576036D3680DB46BD22.d.361EAF65D954AFCC19FA8EF5A0E1B078.e.4498","ELEMENT":"f.8F60F7CA831AD576036D3680DB46BD22.d.361EAF65D954AFCC19FA8EF5A0E1B078.e.4498"}]}
RESULT: {"script":"<script> [8489 bytes]","args":[{"element-6066-11e4-a52e-4f735466cecf":"f.8F60F7CA831AD576036D3680DB46BD22.d.361EAF65D954AFCC19FA8EF5A0E1B078.e.4498","ELEMENT":"f.8F60F7CA831AD576036D3680DB46BD22.d.361EAF65D954AFCC19FA8EF5A0E1B078.e.4498"}]}
COMMAND: GET /session/f8b17aff14ace713329ed2ba9e517e88/element/f.8F60F7CA831AD576036D3680DB46BD22.d.361EAF65D954AFCC19FA8EF5A0E1B078.e.4498/enabled - {}
COMMAND: GET /session/f8b17aff14ace713329ed2ba9e517e88/screenshot - {}
RESULT: {}
COMMAND: POST /session/f8b17aff14ace713329ed2ba9e517e88/execute/sync - {"script":"<script> [8489 bytes]","args":[{"element-6066-11e4-a52e-4f735466cecf":"f.8F60F7CA831AD576036D3680DB46BD22.d.361EAF65D954AFCC19FA8EF5A0E1B078.e.4498","ELEMENT":"f.8F60F7CA831AD576036D3680DB46BD22.d.361EAF65D954AFCC19FA8EF5A0E1B078.e.4498"}]}
COMMAND: GET /session/f8b17aff14ace713329ed2ba9e517e88/screenshot - {}
RESULT: {}
RESULT: {"script":"<script> [8489 bytes]","args":[{"element-6066-11e4-a52e-4f735466cecf":"f.8F60F7CA831AD576036D3680DB46BD22.d.361EAF65D954AFCC19FA8EF5A0E1B078.e.4498","ELEMENT":"f.8F60F7CA831AD576036D3680DB46BD22.d.361EAF65D954AFCC19FA8EF5A0E1B078.e.4498"}]}
COMMAND: POST /session/f8b17aff14ace713329ed2ba9e517e88/execute/sync - {"script":"<script> [5351 bytes]","args":[{"element-6066-11e4-a52e-4f735466cecf":"f.8F60F7CA831AD576036D3680DB46BD22.d.361EAF65D954AFCC19FA8EF5A0E1B078.e.4498","ELEMENT":"f.8F60F7CA831AD576036D3680DB46BD22.d.361EAF65D954AFCC19FA8EF5A0E1B078.e.4498"}]}
COMMAND: GET /session/f8b17aff14ace713329ed2ba9e517e88/screenshot - {}
RESULT: {}
RESULT: {"script":"<script> [5351 bytes]","args":[{"element-6066-11e4-a52e-4f735466cecf":"f.8F60F7CA831AD576036D3680DB46BD22.d.361EAF65D954AFCC19FA8EF5A0E1B078.e.4498","ELEMENT":"f.8F60F7CA831AD576036D3680DB46BD22.d.361EAF65D954AFCC19FA8EF5A0E1B078.e.4498"}]}
COMMAND: GET /session/f8b17aff14ace713329ed2ba9e517e88/screenshot - {}
RESULT: {}
RESULT: {}
COMMAND: POST /session/f8b17aff14ace713329ed2ba9e517e88/element/f.8F60F7CA831AD576036D3680DB46BD22.d.361EAF65D954AFCC19FA8EF5A0E1B078.e.4498/click - {}
RESULT: {}
COMMAND: GET /session/f8b17aff14ace713329ed2ba9e517e88/screenshot - {}
RESULT: {}
COMMAND: POST /session/f8b17aff14ace713329ed2ba9e517e88/execute/async - {"script":"<script> [1562 bytes]","args":[{"selector":{"id":"application-managecontracts-display-component---AddNewContract--projectDescription","interaction":{"idSuffix":"inner"}},"wdio_ui5_key":"applicationmanagecontracts-display-component---AddNewContract--projectDescription"}]}
RESULT: {"script":"<script> [1562 bytes]","args":[{"selector":{"id":"application-managecontracts-display-component---AddNewContract--projectDescription","interaction":{"idSuffix":"inner"}},"wdio_ui5_key":"applicationmanagecontracts-display-component---AddNewContract--projectDescription"}]}
RESULT: undefined
COMMAND: POST /session/f8b17aff14ace713329ed2ba9e517e88/execute/async - {"script":"<script> [776 bytes]","args":[{"enterText":"Intercompany Contract WDIO","selector":{"id":"application-managecontracts-display-component---AddNewContract--projectDescription","interaction":{"idSuffix":"inner"}},"clearTextFirst":true,"interactionType":"ENTER_TEXT"}]}
RESULT: {"script":"<script> [776 bytes]","args":[{"enterText":"Intercompany Contract WDIO","selector":{"id":"application-managecontracts-display-component---AddNewContract--projectDescription","interaction":{"idSuffix":"inner"}},"clearTextFirst":true,"interactionType":"ENTER_TEXT"}]}
COMMAND: POST /session/f8b17aff14ace713329ed2ba9e517e88/element - {"using":"xpath","value":"//input[@id=\"application-managecontracts-display-component---AddNewContract--site-inner\"]"}
RESULT: {"using":"xpath","value":"//input[@id=\"application-managecontracts-display-component---AddNewContract--site-inner\"]"}
COMMAND: POST /session/f8b17aff14ace713329ed2ba9e517e88/element/f.8F60F7CA831AD576036D3680DB46BD22.d.361EAF65D954AFCC19FA8EF5A0E1B078.e.4792/clear - {}
RESULT: {}
COMMAND: POST /session/f8b17aff14ace713329ed2ba9e517e88/element/f.8F60F7CA831AD576036D3680DB46BD22.d.361EAF65D954AFCC19FA8EF5A0E1B078.e.4792/value - {"text":"2193"}
COMMAND: GET /session/f8b17aff14ace713329ed2ba9e517e88/screenshot - {}
RESULT: {"text":"2193"}
COMMAND: GET /session/f8b17aff14ace713329ed2ba9e517e88/screenshot - {}
RESULT: {}
RESULT: {}
COMMAND: POST /session/f8b17aff14ace713329ed2ba9e517e88/element - {"using":"xpath","value":"//li[.//span[text()='2193']]"}
RESULT: {"using":"xpath","value":"//li[.//span[text()='2193']]"}
COMMAND: POST /session/f8b17aff14ace713329ed2ba9e517e88/element/f.8F60F7CA831AD576036D3680DB46BD22.d.361EAF65D954AFCC19FA8EF5A0E1B078.e.4814/click - {}
RESULT: {}
COMMAND: GET /session/f8b17aff14ace713329ed2ba9e517e88/screenshot - {}
RESULT: {}
COMMAND: POST /session/f8b17aff14ace713329ed2ba9e517e88/element - {"using":"xpath","value":"//input[@id=\"application-managecontracts-display-component---AddNewContract--yardId-inner\"]"}
RESULT: {"using":"xpath","value":"//input[@id=\"application-managecontracts-display-component---AddNewContract--yardId-inner\"]"}
COMMAND: GET /session/f8b17aff14ace713329ed2ba9e517e88/element/f.8F60F7CA831AD576036D3680DB46BD22.d.361EAF65D954AFCC19FA8EF5A0E1B078.e.4793/property/value - {}
RESULT: {}
COMMAND: POST /session/f8b17aff14ace713329ed2ba9e517e88/element - {"using":"xpath","value":"//input[@id=\"application-managecontracts-display-component---AddNewContract--customerSelect-inner\"]"}
RESULT: {"using":"xpath","value":"//input[@id=\"application-managecontracts-display-component---AddNewContract--customerSelect-inner\"]"}
COMMAND: POST /session/f8b17aff14ace713329ed2ba9e517e88/element/f.8F60F7CA831AD576036D3680DB46BD22.d.361EAF65D954AFCC19FA8EF5A0E1B078.e.4791/clear - {}
COMMAND: GET /session/f8b17aff14ace713329ed2ba9e517e88/screenshot - {}
RESULT: {}
COMMAND: POST /session/f8b17aff14ace713329ed2ba9e517e88/element/f.8F60F7CA831AD576036D3680DB46BD22.d.361EAF65D954AFCC19FA8EF5A0E1B078.e.4791/value - {"text":"1205"}
COMMAND: GET /session/f8b17aff14ace713329ed2ba9e517e88/screenshot - {}
RESULT: {}
RESULT: {"text":"1205"}
RESULT: {}
COMMAND: GET /session/f8b17aff14ace713329ed2ba9e517e88/screenshot - {}
RESULT: {}
COMMAND: POST /session/f8b17aff14ace713329ed2ba9e517e88/element - {"using":"xpath","value":"//li[.//span[text()='1205']]"}
RESULT: {"using":"xpath","value":"//li[.//span[text()='1205']]"}
COMMAND: POST /session/f8b17aff14ace713329ed2ba9e517e88/element/f.8F60F7CA831AD576036D3680DB46BD22.d.361EAF65D954AFCC19FA8EF5A0E1B078.e.4817/click - {}
RESULT: {}
COMMAND: GET /session/f8b17aff14ace713329ed2ba9e517e88/screenshot - {}
RESULT: {}
COMMAND: POST /session/f8b17aff14ace713329ed2ba9e517e88/element - {"using":"xpath","value":"//button[@data-kt=\"saveButton\"]"}
RESULT: {"using":"xpath","value":"//button[@data-kt=\"saveButton\"]"}
COMMAND: POST /session/f8b17aff14ace713329ed2ba9e517e88/element/f.8F60F7CA831AD576036D3680DB46BD22.d.361EAF65D954AFCC19FA8EF5A0E1B078.e.4807/click - {}
RESULT: {}
COMMAND: GET /session/f8b17aff14ace713329ed2ba9e517e88/screenshot - {}
RESULT: {}
COMMAND: POST /session/f8b17aff14ace713329ed2ba9e517e88/element - {"using":"xpath","value":"//span[contains(@id ,\"contractDetailTitleNoExpanded\")]"}
RESULT: {"using":"xpath","value":"//span[contains(@id ,\"contractDetailTitleNoExpanded\")]"}
COMMAND: POST /session/f8b17aff14ace713329ed2ba9e517e88/elements - {"using":"xpath","value":"//span[contains(@id ,\"contractDetailTitleNoExpanded\")]"}
RESULT: {"using":"xpath","value":"//span[contains(@id ,\"contractDetailTitleNoExpanded\")]"}
COMMAND: POST /session/f8b17aff14ace713329ed2ba9e517e88/execute/sync - {"script":"<script> [56 bytes]","args":[{"element-6066-11e4-a52e-4f735466cecf":"f.8F60F7CA831AD576036D3680DB46BD22.d.361EAF65D954AFCC19FA8EF5A0E1B078.e.4830","ELEMENT":"f.8F60F7CA831AD576036D3680DB46BD22.d.361EAF65D954AFCC19FA8EF5A0E1B078.e.4830"}]}
RESULT: {"script":"<script> [56 bytes]","args":[{"element-6066-11e4-a52e-4f735466cecf":"f.8F60F7CA831AD576036D3680DB46BD22.d.361EAF65D954AFCC19FA8EF5A0E1B078.e.4830","ELEMENT":"f.8F60F7CA831AD576036D3680DB46BD22.d.361EAF65D954AFCC19FA8EF5A0E1B078.e.4830"}]}
COMMAND: GET /session/f8b17aff14ace713329ed2ba9e517e88/screenshot - {}
RESULT: {}
]]></system-out>
    </testcase>
    <testcase classname="chrome.135_0_7049_96.windows.Billing_Transfer_-_Master_data_&amp;_Intercompany_US127250" name="Should add equipment to the contract" time="52.482">
      <system-out><![CDATA[
COMMAND: POST /session/f8b17aff14ace713329ed2ba9e517e88/element - {"using":"xpath","value":"//button[@data-kt=\"contractDetailEditBtnButton\"]"}
RESULT: {"using":"xpath","value":"//button[@data-kt=\"contractDetailEditBtnButton\"]"}
COMMAND: POST /session/f8b17aff14ace713329ed2ba9e517e88/element/f.8F60F7CA831AD576036D3680DB46BD22.d.361EAF65D954AFCC19FA8EF5A0E1B078.e.4832/click - {}
RESULT: {}
COMMAND: GET /session/f8b17aff14ace713329ed2ba9e517e88/screenshot - {}
RESULT: {}
COMMAND: POST /session/f8b17aff14ace713329ed2ba9e517e88/element - {"using":"xpath","value":"(//span[contains(text(), \"Additional Addresses\")])[2]"}
RESULT: {"using":"xpath","value":"(//span[contains(text(), \"Additional Addresses\")])[2]"}
COMMAND: POST /session/f8b17aff14ace713329ed2ba9e517e88/element/f.8F60F7CA831AD576036D3680DB46BD22.d.361EAF65D954AFCC19FA8EF5A0E1B078.e.4887/click - {}
RESULT: {}
COMMAND: GET /session/f8b17aff14ace713329ed2ba9e517e88/screenshot - {}
RESULT: {}
COMMAND: POST /session/f8b17aff14ace713329ed2ba9e517e88/element - {"using":"xpath","value":"//button[@data-kt=\"btnAddTableRowOverflowToolbarButton\"]"}
RESULT: {"using":"xpath","value":"//button[@data-kt=\"btnAddTableRowOverflowToolbarButton\"]"}
COMMAND: POST /session/f8b17aff14ace713329ed2ba9e517e88/element/f.8F60F7CA831AD576036D3680DB46BD22.d.361EAF65D954AFCC19FA8EF5A0E1B078.e.4889/click - {}
RESULT: {}
COMMAND: GET /session/f8b17aff14ace713329ed2ba9e517e88/screenshot - {}
RESULT: {}
COMMAND: POST /session/f8b17aff14ace713329ed2ba9e517e88/element - {"using":"xpath","value":"//div[(text() = 'Standard Entry' or . = 'Standard Entry')]"}
RESULT: {"using":"xpath","value":"//div[(text() = 'Standard Entry' or . = 'Standard Entry')]"}
COMMAND: POST /session/f8b17aff14ace713329ed2ba9e517e88/element/f.8F60F7CA831AD576036D3680DB46BD22.d.361EAF65D954AFCC19FA8EF5A0E1B078.e.4891/click - {}
RESULT: {}
COMMAND: GET /session/f8b17aff14ace713329ed2ba9e517e88/screenshot - {}
RESULT: {}
COMMAND: POST /session/f8b17aff14ace713329ed2ba9e517e88/element - {"using":"xpath","value":"//td[7]/div/div/input"}
RESULT: {"using":"xpath","value":"//td[7]/div/div/input"}
COMMAND: POST /session/f8b17aff14ace713329ed2ba9e517e88/element/f.8F60F7CA831AD576036D3680DB46BD22.d.361EAF65D954AFCC19FA8EF5A0E1B078.e.4900/clear - {}
RESULT: {}
COMMAND: POST /session/f8b17aff14ace713329ed2ba9e517e88/element/f.8F60F7CA831AD576036D3680DB46BD22.d.361EAF65D954AFCC19FA8EF5A0E1B078.e.4900/value - {"text":"Te6hDa9U2M"}
COMMAND: GET /session/f8b17aff14ace713329ed2ba9e517e88/screenshot - {}
RESULT: {"text":"Te6hDa9U2M"}
COMMAND: GET /session/f8b17aff14ace713329ed2ba9e517e88/screenshot - {}
RESULT: {}
RESULT: {}
COMMAND: POST /session/f8b17aff14ace713329ed2ba9e517e88/actions - {"actions":[{"id":"action18","type":"key","parameters":{},"actions":[{"type":"keyDown","value":"î€‡"},{"type":"pause","duration":10},{"type":"keyUp","value":"î€‡"}]}]}
RESULT: {"actions":[{"id":"action18","type":"key","parameters":{},"actions":[{"type":"keyDown","value":"î€‡"},{"type":"pause","duration":10},{"type":"keyUp","value":"î€‡"}]}]}
COMMAND: GET /session/f8b17aff14ace713329ed2ba9e517e88/screenshot - {}
RESULT: {}
COMMAND: POST /session/f8b17aff14ace713329ed2ba9e517e88/element - {"using":"xpath","value":"(//button[@data-kt=\"saveButton\"])[2]"}
RESULT: {"using":"xpath","value":"(//button[@data-kt=\"saveButton\"])[2]"}
COMMAND: POST /session/f8b17aff14ace713329ed2ba9e517e88/element/f.8F60F7CA831AD576036D3680DB46BD22.d.361EAF65D954AFCC19FA8EF5A0E1B078.e.4915/click - {}
RESULT: {}
COMMAND: GET /session/f8b17aff14ace713329ed2ba9e517e88/screenshot - {}
RESULT: {}
COMMAND: POST /session/f8b17aff14ace713329ed2ba9e517e88/element - {"using":"xpath","value":"//span[contains(@id ,\"contractItemsSmartTable-header-inner\")]"}
RESULT: {"using":"xpath","value":"//span[contains(@id ,\"contractItemsSmartTable-header-inner\")]"}
COMMAND: POST /session/f8b17aff14ace713329ed2ba9e517e88/elements - {"using":"xpath","value":"//span[contains(@id ,\"contractItemsSmartTable-header-inner\")]"}
RESULT: {"using":"xpath","value":"//span[contains(@id ,\"contractItemsSmartTable-header-inner\")]"}
COMMAND: POST /session/f8b17aff14ace713329ed2ba9e517e88/execute/sync - {"script":"<script> [56 bytes]","args":[{"element-6066-11e4-a52e-4f735466cecf":"f.8F60F7CA831AD576036D3680DB46BD22.d.361EAF65D954AFCC19FA8EF5A0E1B078.e.4918","ELEMENT":"f.8F60F7CA831AD576036D3680DB46BD22.d.361EAF65D954AFCC19FA8EF5A0E1B078.e.4918"}]}
RESULT: {"script":"<script> [56 bytes]","args":[{"element-6066-11e4-a52e-4f735466cecf":"f.8F60F7CA831AD576036D3680DB46BD22.d.361EAF65D954AFCC19FA8EF5A0E1B078.e.4918","ELEMENT":"f.8F60F7CA831AD576036D3680DB46BD22.d.361EAF65D954AFCC19FA8EF5A0E1B078.e.4918"}]}
]]></system-out>
    </testcase>
    <testcase classname="chrome.135_0_7049_96.windows.Billing_Transfer_-_Master_data_&amp;_Intercompany_US127250" name="Should do a provide to site handover" time="57.721">
      <system-out><![CDATA[
COMMAND: GET /session/f8b17aff14ace713329ed2ba9e517e88/screenshot - {}
COMMAND: POST /session/f8b17aff14ace713329ed2ba9e517e88/element - {"using":"xpath","value":"//button[@data-kt=\"provideButton\"]"}
RESULT: {}
RESULT: {"using":"xpath","value":"//button[@data-kt=\"provideButton\"]"}
COMMAND: POST /session/f8b17aff14ace713329ed2ba9e517e88/element/f.8F60F7CA831AD576036D3680DB46BD22.d.361EAF65D954AFCC19FA8EF5A0E1B078.e.4921/click - {}
RESULT: {}
COMMAND: GET /session/f8b17aff14ace713329ed2ba9e517e88/screenshot - {}
RESULT: undefined
COMMAND: POST /session/f8b17aff14ace713329ed2ba9e517e88/execute/async - {"script":"<script> [6424 bytes]","args":[{"element-6066-11e4-a52e-4f735466cecf":"f.8F60F7CA831AD576036D3680DB46BD22.d.361EAF65D954AFCC19FA8EF5A0E1B078.e.4025"},"setValue",["04/28/2025"]]}
RESULT: {}
COMMAND: POST /session/f8b17aff14ace713329ed2ba9e517e88/execute/async - {"script":"<script> [1562 bytes]","args":[{"selector":{"id":"application-managehandovers-display-component---AddNewHO--dueDate","interaction":{"idSuffix":"inner"}},"wdio_ui5_key":"applicationmanagehandovers-display-component---AddNewHO--dueDate"}]}
RESULT: {"script":"<script> [1562 bytes]","args":[{"selector":{"id":"application-managehandovers-display-component---AddNewHO--dueDate","interaction":{"idSuffix":"inner"}},"wdio_ui5_key":"applicationmanagehandovers-display-component---AddNewHO--dueDate"}]}
COMMAND: POST /session/f8b17aff14ace713329ed2ba9e517e88/execute/async - {"script":"<script> [6424 bytes]","args":[{"element-6066-11e4-a52e-4f735466cecf":"f.8F60F7CA831AD576036D3680DB46BD22.d.361EAF65D954AFCC19FA8EF5A0E1B078.e.4997"},"setValue",["04/28/2025"]]}
RESULT: {"script":"<script> [6424 bytes]","args":[{"element-6066-11e4-a52e-4f735466cecf":"f.8F60F7CA831AD576036D3680DB46BD22.d.361EAF65D954AFCC19FA8EF5A0E1B078.e.4997"},"setValue",["04/28/2025"]]}
COMMAND: POST /session/f8b17aff14ace713329ed2ba9e517e88/element - {"using":"xpath","value":"//bdi[contains(text(), \"Instructions\")]"}
RESULT: {"using":"xpath","value":"//bdi[contains(text(), \"Instructions\")]"}
COMMAND: POST /session/f8b17aff14ace713329ed2ba9e517e88/element/f.8F60F7CA831AD576036D3680DB46BD22.d.361EAF65D954AFCC19FA8EF5A0E1B078.e.5234/click - {}
RESULT: {}
COMMAND: GET /session/f8b17aff14ace713329ed2ba9e517e88/screenshot - {}
RESULT: {}
COMMAND: POST /session/f8b17aff14ace713329ed2ba9e517e88/element - {"using":"xpath","value":"//button[@data-kt=\"AddNewHOProvideAddItemsButton\"]"}
RESULT: {"using":"xpath","value":"//button[@data-kt=\"AddNewHOProvideAddItemsButton\"]"}
COMMAND: POST /session/f8b17aff14ace713329ed2ba9e517e88/element/f.8F60F7CA831AD576036D3680DB46BD22.d.361EAF65D954AFCC19FA8EF5A0E1B078.e.5238/click - {}
RESULT: {}
COMMAND: GET /session/f8b17aff14ace713329ed2ba9e517e88/screenshot - {}
RESULT: {}
RESULT: undefined
COMMAND: POST /session/f8b17aff14ace713329ed2ba9e517e88/element - {"using":"xpath","value":"//*[@id=\"application-managehandovers-display-component---AddNewHO--popup-sa\"]"}
RESULT: {"using":"xpath","value":"//*[@id=\"application-managehandovers-display-component---AddNewHO--popup-sa\"]"}
COMMAND: POST /session/f8b17aff14ace713329ed2ba9e517e88/element/f.8F60F7CA831AD576036D3680DB46BD22.d.361EAF65D954AFCC19FA8EF5A0E1B078.e.5253/click - {}
RESULT: {}
COMMAND: GET /session/f8b17aff14ace713329ed2ba9e517e88/screenshot - {}
RESULT: {}
COMMAND: POST /session/f8b17aff14ace713329ed2ba9e517e88/element - {"using":"xpath","value":"//*[contains(@id ,\"BDI-content\")][contains(text(), \"Select\")]"}
RESULT: {"using":"xpath","value":"//*[contains(@id ,\"BDI-content\")][contains(text(), \"Select\")]"}
COMMAND: POST /session/f8b17aff14ace713329ed2ba9e517e88/element/f.8F60F7CA831AD576036D3680DB46BD22.d.361EAF65D954AFCC19FA8EF5A0E1B078.e.5255/click - {}
RESULT: {}
COMMAND: GET /session/f8b17aff14ace713329ed2ba9e517e88/screenshot - {}
RESULT: {}
COMMAND: POST /session/f8b17aff14ace713329ed2ba9e517e88/execute/async - {"script":"<script> [1562 bytes]","args":[{"selector":{"id":"application-managehandovers-display-component---AddNewHO--confirmCreationButton","interaction":{"idSuffix":"BDI-content"}},"wdio_ui5_key":"applicationmanagehandovers-display-component---AddNewHO--confirmCreationButton"}]}
RESULT: {"script":"<script> [1562 bytes]","args":[{"selector":{"id":"application-managehandovers-display-component---AddNewHO--confirmCreationButton","interaction":{"idSuffix":"BDI-content"}},"wdio_ui5_key":"applicationmanagehandovers-display-component---AddNewHO--confirmCreationButton"}]}
RESULT: undefined
COMMAND: POST /session/f8b17aff14ace713329ed2ba9e517e88/element - {"using":"xpath","value":"//*[@id=\"application-managehandovers-display-component---AddNewHO--confirmCreationButton\"]"}
RESULT: {"using":"xpath","value":"//*[@id=\"application-managehandovers-display-component---AddNewHO--confirmCreationButton\"]"}
COMMAND: POST /session/f8b17aff14ace713329ed2ba9e517e88/element/f.8F60F7CA831AD576036D3680DB46BD22.d.361EAF65D954AFCC19FA8EF5A0E1B078.e.5044/click - {}
RESULT: {}
COMMAND: GET /session/f8b17aff14ace713329ed2ba9e517e88/screenshot - {}
RESULT: {}
COMMAND: POST /session/f8b17aff14ace713329ed2ba9e517e88/element - {"using":"xpath","value":"//button[@data-kt=\"PickingTableConfirmAllButton\"]"}
RESULT: {"using":"xpath","value":"//button[@data-kt=\"PickingTableConfirmAllButton\"]"}
COMMAND: POST /session/f8b17aff14ace713329ed2ba9e517e88/elements - {"using":"xpath","value":"//button[@data-kt=\"PickingTableConfirmAllButton\"]"}
RESULT: {"using":"xpath","value":"//button[@data-kt=\"PickingTableConfirmAllButton\"]"}
COMMAND: POST /session/f8b17aff14ace713329ed2ba9e517e88/elements - {"using":"xpath","value":"//button[@data-kt=\"PickingTableConfirmAllButton\"]"}
RESULT: {"using":"xpath","value":"//button[@data-kt=\"PickingTableConfirmAllButton\"]"}
COMMAND: POST /session/f8b17aff14ace713329ed2ba9e517e88/element - {"using":"xpath","value":"//button[@data-kt=\"PickingTableConfirmAllButton\"]"}
RESULT: {"using":"xpath","value":"//button[@data-kt=\"PickingTableConfirmAllButton\"]"}
COMMAND: POST /session/f8b17aff14ace713329ed2ba9e517e88/element/f.8F60F7CA831AD576036D3680DB46BD22.d.361EAF65D954AFCC19FA8EF5A0E1B078.e.5292/click - {}
COMMAND: POST /session/f8b17aff14ace713329ed2ba9e517e88/element - {"using":"xpath","value":"//button[@data-kt=\"PickingTableConfirmAllButton\"]"}
RESULT: {"using":"xpath","value":"//button[@data-kt=\"PickingTableConfirmAllButton\"]"}
COMMAND: POST /session/f8b17aff14ace713329ed2ba9e517e88/element/f.8F60F7CA831AD576036D3680DB46BD22.d.361EAF65D954AFCC19FA8EF5A0E1B078.e.5292/click - {}
COMMAND: POST /session/f8b17aff14ace713329ed2ba9e517e88/element - {"using":"xpath","value":"//button[@data-kt=\"PickingTableConfirmAllButton\"]"}
RESULT: {"using":"xpath","value":"//button[@data-kt=\"PickingTableConfirmAllButton\"]"}
COMMAND: POST /session/f8b17aff14ace713329ed2ba9e517e88/element/f.8F60F7CA831AD576036D3680DB46BD22.d.361EAF65D954AFCC19FA8EF5A0E1B078.e.5314/click - {}
RESULT: {}
COMMAND: GET /session/f8b17aff14ace713329ed2ba9e517e88/screenshot - {}
RESULT: {}
COMMAND: POST /session/f8b17aff14ace713329ed2ba9e517e88/element - {"using":"xpath","value":"//bdi[contains(text(), \"OK\")]"}
RESULT: {"using":"xpath","value":"//bdi[contains(text(), \"OK\")]"}
COMMAND: POST /session/f8b17aff14ace713329ed2ba9e517e88/element/f.8F60F7CA831AD576036D3680DB46BD22.d.361EAF65D954AFCC19FA8EF5A0E1B078.e.5318/click - {}
RESULT: {}
COMMAND: GET /session/f8b17aff14ace713329ed2ba9e517e88/screenshot - {}
RESULT: {}
COMMAND: POST /session/f8b17aff14ace713329ed2ba9e517e88/element - {"using":"xpath","value":"//bdi[contains(text(), \"Issue\")]"}
RESULT: {"using":"xpath","value":"//bdi[contains(text(), \"Issue\")]"}
COMMAND: POST /session/f8b17aff14ace713329ed2ba9e517e88/element/f.8F60F7CA831AD576036D3680DB46BD22.d.361EAF65D954AFCC19FA8EF5A0E1B078.e.5320/click - {}
RESULT: {}
COMMAND: GET /session/f8b17aff14ace713329ed2ba9e517e88/screenshot - {}
RESULT: {}
COMMAND: POST /session/f8b17aff14ace713329ed2ba9e517e88/element - {"using":"css selector","value":"#shell-header-logo"}
RESULT: {"using":"css selector","value":"#shell-header-logo"}
COMMAND: POST /session/f8b17aff14ace713329ed2ba9e517e88/element/f.8F60F7CA831AD576036D3680DB46BD22.d.361EAF65D954AFCC19FA8EF5A0E1B078.e.4430/click - {}
RESULT: {}
COMMAND: GET /session/f8b17aff14ace713329ed2ba9e517e88/screenshot - {}
RESULT: {}
]]></system-out>
    </testcase>
    <testcase classname="chrome.135_0_7049_96.windows.Billing_Transfer_-_Master_data_&amp;_Intercompany_US127250" name="Should go navigate to Manage Billings and trigger contract calculation check result" time="67.427">
      <system-out><![CDATA[
COMMAND: POST /session/f8b17aff14ace713329ed2ba9e517e88/execute/async - {"script":"<script> [1562 bytes]","args":[{"selector":{"controlType":"sap.m.GenericTile","properties":{"header":"Manage Billings"}},"wdio_ui5_key":"sapm.GenericTile{\"header\":\"Manage Billings\"}"}]}
RESULT: {"script":"<script> [1562 bytes]","args":[{"selector":{"controlType":"sap.m.GenericTile","properties":{"header":"Manage Billings"}},"wdio_ui5_key":"sapm.GenericTile{\"header\":\"Manage Billings\"}"}]}
RESULT: undefined
COMMAND: POST /session/f8b17aff14ace713329ed2ba9e517e88/element - {"using":"xpath","value":"//*[@id=\"__tile51\"]"}
RESULT: {"using":"xpath","value":"//*[@id=\"__tile51\"]"}
COMMAND: POST /session/f8b17aff14ace713329ed2ba9e517e88/element/f.8F60F7CA831AD576036D3680DB46BD22.d.361EAF65D954AFCC19FA8EF5A0E1B078.e.196/click - {}
RESULT: {}
COMMAND: GET /session/f8b17aff14ace713329ed2ba9e517e88/screenshot - {}
RESULT: {}
COMMAND: POST /session/f8b17aff14ace713329ed2ba9e517e88/execute/async - {"script":"<script> [1562 bytes]","args":[{"selector":{"id":"application-managebillings-display-component---billRunCalcResult--smartFilterBar-btnBasicSearch","interaction":{"idSuffix":"I"}},"wdio_ui5_key":"applicationmanagebillings-display-component---billRunCalcResult--smartFilterBar-btnBasicSearch"}]}
RESULT: {"script":"<script> [1562 bytes]","args":[{"selector":{"id":"application-managebillings-display-component---billRunCalcResult--smartFilterBar-btnBasicSearch","interaction":{"idSuffix":"I"}},"wdio_ui5_key":"applicationmanagebillings-display-component---billRunCalcResult--smartFilterBar-btnBasicSearch"}]}
RESULT: undefined
COMMAND: POST /session/f8b17aff14ace713329ed2ba9e517e88/execute/async - {"script":"<script> [776 bytes]","args":[{"enterText":"10283","selector":{"id":"application-managebillings-display-component---billRunCalcResult--smartFilterBar-btnBasicSearch","interaction":{"idSuffix":"I"}},"clearTextFirst":true,"interactionType":"ENTER_TEXT"}]}
RESULT: {"script":"<script> [776 bytes]","args":[{"enterText":"10283","selector":{"id":"application-managebillings-display-component---billRunCalcResult--smartFilterBar-btnBasicSearch","interaction":{"idSuffix":"I"}},"clearTextFirst":true,"interactionType":"ENTER_TEXT"}]}
COMMAND: POST /session/f8b17aff14ace713329ed2ba9e517e88/actions - {"actions":[{"id":"action19","type":"key","parameters":{},"actions":[{"type":"keyDown","value":"î€‡"},{"type":"pause","duration":10},{"type":"keyUp","value":"î€‡"}]}]}
RESULT: {"actions":[{"id":"action19","type":"key","parameters":{},"actions":[{"type":"keyDown","value":"î€‡"},{"type":"pause","duration":10},{"type":"keyUp","value":"î€‡"}]}]}
COMMAND: GET /session/f8b17aff14ace713329ed2ba9e517e88/screenshot - {}
RESULT: {}
COMMAND: POST /session/f8b17aff14ace713329ed2ba9e517e88/element - {"using":"xpath","value":"//td[@aria-colindex=\"1\"]/div/div[contains(@class, \"sapMCbBg\")]"}
RESULT: {"using":"xpath","value":"//td[@aria-colindex=\"1\"]/div/div[contains(@class, \"sapMCbBg\")]"}
COMMAND: POST /session/f8b17aff14ace713329ed2ba9e517e88/element/f.8F60F7CA831AD576036D3680DB46BD22.d.361EAF65D954AFCC19FA8EF5A0E1B078.e.5852/click - {}
RESULT: {}
COMMAND: GET /session/f8b17aff14ace713329ed2ba9e517e88/screenshot - {}
RESULT: {}
COMMAND: POST /session/f8b17aff14ace713329ed2ba9e517e88/execute/async - {"script":"<script> [1562 bytes]","args":[{"selector":{"id":"application-managebillings-display-component---billRunCalcResult--contractBillRunDate","interaction":{"idSuffix":"inner"}},"wdio_ui5_key":"applicationmanagebillings-display-component---billRunCalcResult--contractBillRunDate"}]}
RESULT: {"script":"<script> [1562 bytes]","args":[{"selector":{"id":"application-managebillings-display-component---billRunCalcResult--contractBillRunDate","interaction":{"idSuffix":"inner"}},"wdio_ui5_key":"applicationmanagebillings-display-component---billRunCalcResult--contractBillRunDate"}]}
RESULT: undefined
COMMAND: POST /session/f8b17aff14ace713329ed2ba9e517e88/execute/async - {"script":"<script> [776 bytes]","args":[{"enterText":"05/28/25","selector":{"id":"application-managebillings-display-component---billRunCalcResult--contractBillRunDate","interaction":{"idSuffix":"inner"}},"clearTextFirst":true,"interactionType":"ENTER_TEXT"}]}
RESULT: {"script":"<script> [776 bytes]","args":[{"enterText":"05/28/25","selector":{"id":"application-managebillings-display-component---billRunCalcResult--contractBillRunDate","interaction":{"idSuffix":"inner"}},"clearTextFirst":true,"interactionType":"ENTER_TEXT"}]}
COMMAND: POST /session/f8b17aff14ace713329ed2ba9e517e88/element - {"using":"xpath","value":"//bdi[contains(text(), \"Trigger Calculation\")]"}
RESULT: {"using":"xpath","value":"//bdi[contains(text(), \"Trigger Calculation\")]"}
COMMAND: POST /session/f8b17aff14ace713329ed2ba9e517e88/element/f.8F60F7CA831AD576036D3680DB46BD22.d.361EAF65D954AFCC19FA8EF5A0E1B078.e.5874/click - {}
RESULT: {}
COMMAND: GET /session/f8b17aff14ace713329ed2ba9e517e88/screenshot - {}
RESULT: {}
COMMAND: POST /session/f8b17aff14ace713329ed2ba9e517e88/element - {"using":"xpath","value":"(//span[contains(@id, \"imgNav\")])[1]"}
RESULT: {"using":"xpath","value":"(//span[contains(@id, \"imgNav\")])[1]"}
COMMAND: POST /session/f8b17aff14ace713329ed2ba9e517e88/element/f.8F60F7CA831AD576036D3680DB46BD22.d.361EAF65D954AFCC19FA8EF5A0E1B078.e.5866/click - {}
RESULT: {}
COMMAND: GET /session/f8b17aff14ace713329ed2ba9e517e88/screenshot - {}
RESULT: {}
COMMAND: POST /session/f8b17aff14ace713329ed2ba9e517e88/element - {"using":"xpath","value":"//tr/td[6]/div[1]/span[1]/span[1]"}
RESULT: {"using":"xpath","value":"//tr/td[6]/div[1]/span[1]/span[1]"}
COMMAND: GET /session/f8b17aff14ace713329ed2ba9e517e88/element/f.8F60F7CA831AD576036D3680DB46BD22.d.361EAF65D954AFCC19FA8EF5A0E1B078.e.5879/text - {}
RESULT: {}
COMMAND: POST /session/f8b17aff14ace713329ed2ba9e517e88/element - {"using":"xpath","value":"(//span[contains(@id, \"imgNav\")])[2]"}
RESULT: {"using":"xpath","value":"(//span[contains(@id, \"imgNav\")])[2]"}
COMMAND: POST /session/f8b17aff14ace713329ed2ba9e517e88/element/f.8F60F7CA831AD576036D3680DB46BD22.d.361EAF65D954AFCC19FA8EF5A0E1B078.e.5880/click - {}
RESULT: {}
COMMAND: POST /session/f8b17aff14ace713329ed2ba9e517e88/element - {"using":"xpath","value":"//bdi[contains(text(), \"Business Confirm\")]"}
COMMAND: GET /session/f8b17aff14ace713329ed2ba9e517e88/screenshot - {}
RESULT: {"using":"xpath","value":"//bdi[contains(text(), \"Business Confirm\")]"}
COMMAND: POST /session/f8b17aff14ace713329ed2ba9e517e88/elements - {"using":"xpath","value":"//bdi[contains(text(), \"Business Confirm\")]"}
RESULT: {}
RESULT: {"using":"xpath","value":"//bdi[contains(text(), \"Business Confirm\")]"}
COMMAND: POST /session/f8b17aff14ace713329ed2ba9e517e88/element - {"using":"xpath","value":"//bdi[contains(text(), \"Business Confirm\")]"}
RESULT: {"using":"xpath","value":"//bdi[contains(text(), \"Business Confirm\")]"}
COMMAND: POST /session/f8b17aff14ace713329ed2ba9e517e88/element/f.8F60F7CA831AD576036D3680DB46BD22.d.361EAF65D954AFCC19FA8EF5A0E1B078.e.5884/click - {}
RESULT: {}
COMMAND: POST /session/f8b17aff14ace713329ed2ba9e517e88/element - {"using":"css selector","value":"#shell-header-logo"}
COMMAND: GET /session/f8b17aff14ace713329ed2ba9e517e88/screenshot - {}
RESULT: {"using":"css selector","value":"#shell-header-logo"}
COMMAND: POST /session/f8b17aff14ace713329ed2ba9e517e88/element/f.8F60F7CA831AD576036D3680DB46BD22.d.361EAF65D954AFCC19FA8EF5A0E1B078.e.5504/click - {}
RESULT: {}
RESULT: {}
COMMAND: GET /session/f8b17aff14ace713329ed2ba9e517e88/screenshot - {}
RESULT: {}
]]></system-out>
    </testcase>
    <testcase classname="chrome.135_0_7049_96.windows.Billing_Transfer_-_Master_data_&amp;_Intercompany_US127250" name="Should do Billing Transfer all the way into invoice open for intercompany case" time="77.907">
      <system-out><![CDATA[
COMMAND: POST /session/f8b17aff14ace713329ed2ba9e517e88/execute/async - {"script":"<script> [1562 bytes]","args":[{"selector":{"controlType":"sap.m.GenericTile","properties":{"header":"Billing Transfer"}},"wdio_ui5_key":"sapm.GenericTile{\"header\":\"Billing Transfer\"}"}]}
RESULT: {"script":"<script> [1562 bytes]","args":[{"selector":{"controlType":"sap.m.GenericTile","properties":{"header":"Billing Transfer"}},"wdio_ui5_key":"sapm.GenericTile{\"header\":\"Billing Transfer\"}"}]}
RESULT: undefined
COMMAND: POST /session/f8b17aff14ace713329ed2ba9e517e88/element - {"using":"xpath","value":"//*[@id=\"__tile50\"]"}
RESULT: {"using":"xpath","value":"//*[@id=\"__tile50\"]"}
COMMAND: POST /session/f8b17aff14ace713329ed2ba9e517e88/element/f.8F60F7CA831AD576036D3680DB46BD22.d.361EAF65D954AFCC19FA8EF5A0E1B078.e.194/click - {}
RESULT: {}
COMMAND: POST /session/f8b17aff14ace713329ed2ba9e517e88/element - {"using":"xpath","value":"//input[contains(@id ,\"application-billingtransfer-display-component---billingWorkbench--smartFilterBar-btnBasicSearch\")]"}
COMMAND: GET /session/f8b17aff14ace713329ed2ba9e517e88/screenshot - {}
RESULT: {"using":"xpath","value":"//input[contains(@id ,\"application-billingtransfer-display-component---billingWorkbench--smartFilterBar-btnBasicSearch\")]"}
COMMAND: POST /session/f8b17aff14ace713329ed2ba9e517e88/elements - {"using":"xpath","value":"//input[contains(@id ,\"application-billingtransfer-display-component---billingWorkbench--smartFilterBar-btnBasicSearch\")]"}
RESULT: {}
RESULT: {"using":"xpath","value":"//input[contains(@id ,\"application-billingtransfer-display-component---billingWorkbench--smartFilterBar-btnBasicSearch\")]"}
COMMAND: POST /session/f8b17aff14ace713329ed2ba9e517e88/elements - {"using":"xpath","value":"//input[contains(@id ,\"application-billingtransfer-display-component---billingWorkbench--smartFilterBar-btnBasicSearch\")]"}
RESULT: {"using":"xpath","value":"//input[contains(@id ,\"application-billingtransfer-display-component---billingWorkbench--smartFilterBar-btnBasicSearch\")]"}
COMMAND: POST /session/f8b17aff14ace713329ed2ba9e517e88/elements - {"using":"xpath","value":"//input[contains(@id ,\"application-billingtransfer-display-component---billingWorkbench--smartFilterBar-btnBasicSearch\")]"}
RESULT: {"using":"xpath","value":"//input[contains(@id ,\"application-billingtransfer-display-component---billingWorkbench--smartFilterBar-btnBasicSearch\")]"}
COMMAND: POST /session/f8b17aff14ace713329ed2ba9e517e88/elements - {"using":"xpath","value":"//input[contains(@id ,\"application-billingtransfer-display-component---billingWorkbench--smartFilterBar-btnBasicSearch\")]"}
RESULT: {"using":"xpath","value":"//input[contains(@id ,\"application-billingtransfer-display-component---billingWorkbench--smartFilterBar-btnBasicSearch\")]"}
COMMAND: POST /session/f8b17aff14ace713329ed2ba9e517e88/element - {"using":"xpath","value":"//input[contains(@id ,\"application-billingtransfer-display-component---billingWorkbench--smartFilterBar-btnBasicSearch\")]"}
RESULT: {"using":"xpath","value":"//input[contains(@id ,\"application-billingtransfer-display-component---billingWorkbench--smartFilterBar-btnBasicSearch\")]"}
COMMAND: POST /session/f8b17aff14ace713329ed2ba9e517e88/execute/sync - {"script":"<script> [8489 bytes]","args":[{"element-6066-11e4-a52e-4f735466cecf":"f.8F60F7CA831AD576036D3680DB46BD22.d.361EAF65D954AFCC19FA8EF5A0E1B078.e.5954","ELEMENT":"f.8F60F7CA831AD576036D3680DB46BD22.d.361EAF65D954AFCC19FA8EF5A0E1B078.e.5954"}]}
RESULT: {"script":"<script> [8489 bytes]","args":[{"element-6066-11e4-a52e-4f735466cecf":"f.8F60F7CA831AD576036D3680DB46BD22.d.361EAF65D954AFCC19FA8EF5A0E1B078.e.5954","ELEMENT":"f.8F60F7CA831AD576036D3680DB46BD22.d.361EAF65D954AFCC19FA8EF5A0E1B078.e.5954"}]}
COMMAND: GET /session/f8b17aff14ace713329ed2ba9e517e88/element/f.8F60F7CA831AD576036D3680DB46BD22.d.361EAF65D954AFCC19FA8EF5A0E1B078.e.5954/enabled - {}
COMMAND: GET /session/f8b17aff14ace713329ed2ba9e517e88/screenshot - {}
RESULT: {}
COMMAND: POST /session/f8b17aff14ace713329ed2ba9e517e88/element/f.8F60F7CA831AD576036D3680DB46BD22.d.361EAF65D954AFCC19FA8EF5A0E1B078.e.5954/click - {}
COMMAND: GET /session/f8b17aff14ace713329ed2ba9e517e88/screenshot - {}
RESULT: {}
RESULT: {}
COMMAND: GET /session/f8b17aff14ace713329ed2ba9e517e88/screenshot - {}
RESULT: {}
RESULT: {}
COMMAND: POST /session/f8b17aff14ace713329ed2ba9e517e88/element/f.8F60F7CA831AD576036D3680DB46BD22.d.361EAF65D954AFCC19FA8EF5A0E1B078.e.5954/clear - {}
RESULT: {}
COMMAND: POST /session/f8b17aff14ace713329ed2ba9e517e88/element/f.8F60F7CA831AD576036D3680DB46BD22.d.361EAF65D954AFCC19FA8EF5A0E1B078.e.5954/value - {"text":"10283"}
COMMAND: GET /session/f8b17aff14ace713329ed2ba9e517e88/screenshot - {}
RESULT: {"text":"10283"}
COMMAND: POST /session/f8b17aff14ace713329ed2ba9e517e88/actions - {"actions":[{"id":"action20","type":"key","parameters":{},"actions":[{"type":"keyDown","value":"î€‡"},{"type":"pause","duration":10},{"type":"keyUp","value":"î€‡"}]}]}
COMMAND: GET /session/f8b17aff14ace713329ed2ba9e517e88/screenshot - {}
RESULT: {}
RESULT: {"actions":[{"id":"action20","type":"key","parameters":{},"actions":[{"type":"keyDown","value":"î€‡"},{"type":"pause","duration":10},{"type":"keyUp","value":"î€‡"}]}]}
COMMAND: GET /session/f8b17aff14ace713329ed2ba9e517e88/screenshot - {}
RESULT: {}
RESULT: {}
COMMAND: POST /session/f8b17aff14ace713329ed2ba9e517e88/element - {"using":"xpath","value":"//span[contains(@id ,\"application-billingtransfer-display-component---billingWorkbench--smartTableBillingRuns-header-inner\")]"}
RESULT: {"using":"xpath","value":"//span[contains(@id ,\"application-billingtransfer-display-component---billingWorkbench--smartTableBillingRuns-header-inner\")]"}
COMMAND: POST /session/f8b17aff14ace713329ed2ba9e517e88/elements - {"using":"xpath","value":"//span[contains(@id ,\"application-billingtransfer-display-component---billingWorkbench--smartTableBillingRuns-header-inner\")]"}
RESULT: {"using":"xpath","value":"//span[contains(@id ,\"application-billingtransfer-display-component---billingWorkbench--smartTableBillingRuns-header-inner\")]"}
COMMAND: POST /session/f8b17aff14ace713329ed2ba9e517e88/execute/sync - {"script":"<script> [56 bytes]","args":[{"element-6066-11e4-a52e-4f735466cecf":"f.8F60F7CA831AD576036D3680DB46BD22.d.361EAF65D954AFCC19FA8EF5A0E1B078.e.6253","ELEMENT":"f.8F60F7CA831AD576036D3680DB46BD22.d.361EAF65D954AFCC19FA8EF5A0E1B078.e.6253"}]}
RESULT: {"script":"<script> [56 bytes]","args":[{"element-6066-11e4-a52e-4f735466cecf":"f.8F60F7CA831AD576036D3680DB46BD22.d.361EAF65D954AFCC19FA8EF5A0E1B078.e.6253","ELEMENT":"f.8F60F7CA831AD576036D3680DB46BD22.d.361EAF65D954AFCC19FA8EF5A0E1B078.e.6253"}]}
COMMAND: POST /session/f8b17aff14ace713329ed2ba9e517e88/element - {"using":"xpath","value":"//td[@aria-colindex=\"1\"]/div/div[contains(@class, \"sapMCbBg\")]"}
COMMAND: GET /session/f8b17aff14ace713329ed2ba9e517e88/screenshot - {}
RESULT: {"using":"xpath","value":"//td[@aria-colindex=\"1\"]/div/div[contains(@class, \"sapMCbBg\")]"}
COMMAND: POST /session/f8b17aff14ace713329ed2ba9e517e88/element/f.8F60F7CA831AD576036D3680DB46BD22.d.361EAF65D954AFCC19FA8EF5A0E1B078.e.6122/click - {}
RESULT: {}
RESULT: {}
COMMAND: GET /session/f8b17aff14ace713329ed2ba9e517e88/screenshot - {}
RESULT: {}
COMMAND: POST /session/f8b17aff14ace713329ed2ba9e517e88/element - {"using":"xpath","value":"//bdi[contains(text(), \"Check\")]"}
RESULT: {"using":"xpath","value":"//bdi[contains(text(), \"Check\")]"}
COMMAND: POST /session/f8b17aff14ace713329ed2ba9e517e88/element/f.8F60F7CA831AD576036D3680DB46BD22.d.361EAF65D954AFCC19FA8EF5A0E1B078.e.6254/click - {}
RESULT: {}
COMMAND: GET /session/f8b17aff14ace713329ed2ba9e517e88/screenshot - {}
RESULT: {}
COMMAND: POST /session/f8b17aff14ace713329ed2ba9e517e88/element - {"using":"xpath","value":"//bdi[contains(text(), \"OK\")]"}
RESULT: {"using":"xpath","value":"//bdi[contains(text(), \"OK\")]"}
COMMAND: POST /session/f8b17aff14ace713329ed2ba9e517e88/element/f.8F60F7CA831AD576036D3680DB46BD22.d.361EAF65D954AFCC19FA8EF5A0E1B078.e.6257/click - {}
RESULT: {}
COMMAND: GET /session/f8b17aff14ace713329ed2ba9e517e88/screenshot - {}
RESULT: {}
COMMAND: POST /session/f8b17aff14ace713329ed2ba9e517e88/element - {"using":"xpath","value":"(//span[contains(text(), \"CO/SD checked\")]/parent::div/preceding-sibling::div/span)[1]"}
RESULT: {"using":"xpath","value":"(//span[contains(text(), \"CO/SD checked\")]/parent::div/preceding-sibling::div/span)[1]"}
COMMAND: POST /session/f8b17aff14ace713329ed2ba9e517e88/element/f.8F60F7CA831AD576036D3680DB46BD22.d.361EAF65D954AFCC19FA8EF5A0E1B078.e.6258/click - {}
RESULT: {}
COMMAND: GET /session/f8b17aff14ace713329ed2ba9e517e88/screenshot - {}
RESULT: {}
COMMAND: POST /session/f8b17aff14ace713329ed2ba9e517e88/element - {"using":"xpath","value":"//input[contains(@id ,\"application-billingtransfer-display-component---billingWorkbench--smartFilterBar-btnBasicSearch\")]"}
RESULT: {"using":"xpath","value":"//input[contains(@id ,\"application-billingtransfer-display-component---billingWorkbench--smartFilterBar-btnBasicSearch\")]"}
COMMAND: POST /session/f8b17aff14ace713329ed2ba9e517e88/elements - {"using":"xpath","value":"//input[contains(@id ,\"application-billingtransfer-display-component---billingWorkbench--smartFilterBar-btnBasicSearch\")]"}
RESULT: {"using":"xpath","value":"//input[contains(@id ,\"application-billingtransfer-display-component---billingWorkbench--smartFilterBar-btnBasicSearch\")]"}
COMMAND: POST /session/f8b17aff14ace713329ed2ba9e517e88/execute/sync - {"script":"<script> [8489 bytes]","args":[{"element-6066-11e4-a52e-4f735466cecf":"f.8F60F7CA831AD576036D3680DB46BD22.d.361EAF65D954AFCC19FA8EF5A0E1B078.e.5954","ELEMENT":"f.8F60F7CA831AD576036D3680DB46BD22.d.361EAF65D954AFCC19FA8EF5A0E1B078.e.5954"}]}
RESULT: {"script":"<script> [8489 bytes]","args":[{"element-6066-11e4-a52e-4f735466cecf":"f.8F60F7CA831AD576036D3680DB46BD22.d.361EAF65D954AFCC19FA8EF5A0E1B078.e.5954","ELEMENT":"f.8F60F7CA831AD576036D3680DB46BD22.d.361EAF65D954AFCC19FA8EF5A0E1B078.e.5954"}]}
COMMAND: GET /session/f8b17aff14ace713329ed2ba9e517e88/element/f.8F60F7CA831AD576036D3680DB46BD22.d.361EAF65D954AFCC19FA8EF5A0E1B078.e.5954/enabled - {}
COMMAND: GET /session/f8b17aff14ace713329ed2ba9e517e88/screenshot - {}
RESULT: {}
COMMAND: POST /session/f8b17aff14ace713329ed2ba9e517e88/element/f.8F60F7CA831AD576036D3680DB46BD22.d.361EAF65D954AFCC19FA8EF5A0E1B078.e.5954/click - {}
COMMAND: GET /session/f8b17aff14ace713329ed2ba9e517e88/screenshot - {}
RESULT: {}
RESULT: {}
COMMAND: GET /session/f8b17aff14ace713329ed2ba9e517e88/screenshot - {}
RESULT: {}
RESULT: {}
COMMAND: POST /session/f8b17aff14ace713329ed2ba9e517e88/element/f.8F60F7CA831AD576036D3680DB46BD22.d.361EAF65D954AFCC19FA8EF5A0E1B078.e.5954/clear - {}
RESULT: {}
COMMAND: POST /session/f8b17aff14ace713329ed2ba9e517e88/element/f.8F60F7CA831AD576036D3680DB46BD22.d.361EAF65D954AFCC19FA8EF5A0E1B078.e.5954/value - {"text":"10283"}
COMMAND: GET /session/f8b17aff14ace713329ed2ba9e517e88/screenshot - {}
RESULT: {"text":"10283"}
COMMAND: POST /session/f8b17aff14ace713329ed2ba9e517e88/actions - {"actions":[{"id":"action21","type":"key","parameters":{},"actions":[{"type":"keyDown","value":"î€‡"},{"type":"pause","duration":10},{"type":"keyUp","value":"î€‡"}]}]}
COMMAND: GET /session/f8b17aff14ace713329ed2ba9e517e88/screenshot - {}
RESULT: {}
RESULT: {"actions":[{"id":"action21","type":"key","parameters":{},"actions":[{"type":"keyDown","value":"î€‡"},{"type":"pause","duration":10},{"type":"keyUp","value":"î€‡"}]}]}
COMMAND: GET /session/f8b17aff14ace713329ed2ba9e517e88/screenshot - {}
RESULT: {}
RESULT: {}
COMMAND: POST /session/f8b17aff14ace713329ed2ba9e517e88/element - {"using":"xpath","value":"//span[contains(@id ,\"application-billingtransfer-display-component---billingWorkbench--smartTableBillingRuns-header-inner\")]"}
RESULT: {"using":"xpath","value":"//span[contains(@id ,\"application-billingtransfer-display-component---billingWorkbench--smartTableBillingRuns-header-inner\")]"}
COMMAND: POST /session/f8b17aff14ace713329ed2ba9e517e88/elements - {"using":"xpath","value":"//span[contains(@id ,\"application-billingtransfer-display-component---billingWorkbench--smartTableBillingRuns-header-inner\")]"}
RESULT: {"using":"xpath","value":"//span[contains(@id ,\"application-billingtransfer-display-component---billingWorkbench--smartTableBillingRuns-header-inner\")]"}
COMMAND: POST /session/f8b17aff14ace713329ed2ba9e517e88/execute/sync - {"script":"<script> [56 bytes]","args":[{"element-6066-11e4-a52e-4f735466cecf":"f.8F60F7CA831AD576036D3680DB46BD22.d.361EAF65D954AFCC19FA8EF5A0E1B078.e.6253","ELEMENT":"f.8F60F7CA831AD576036D3680DB46BD22.d.361EAF65D954AFCC19FA8EF5A0E1B078.e.6253"}]}
RESULT: {"script":"<script> [56 bytes]","args":[{"element-6066-11e4-a52e-4f735466cecf":"f.8F60F7CA831AD576036D3680DB46BD22.d.361EAF65D954AFCC19FA8EF5A0E1B078.e.6253","ELEMENT":"f.8F60F7CA831AD576036D3680DB46BD22.d.361EAF65D954AFCC19FA8EF5A0E1B078.e.6253"}]}
COMMAND: POST /session/f8b17aff14ace713329ed2ba9e517e88/element - {"using":"xpath","value":"//td[@aria-colindex=\"1\"]/div/div[contains(@class, \"sapMCbBg\")]"}
COMMAND: GET /session/f8b17aff14ace713329ed2ba9e517e88/screenshot - {}
RESULT: {"using":"xpath","value":"//td[@aria-colindex=\"1\"]/div/div[contains(@class, \"sapMCbBg\")]"}
COMMAND: POST /session/f8b17aff14ace713329ed2ba9e517e88/element/f.8F60F7CA831AD576036D3680DB46BD22.d.361EAF65D954AFCC19FA8EF5A0E1B078.e.6262/click - {}
RESULT: {}
RESULT: {}
COMMAND: GET /session/f8b17aff14ace713329ed2ba9e517e88/screenshot - {}
RESULT: {}
COMMAND: POST /session/f8b17aff14ace713329ed2ba9e517e88/element - {"using":"xpath","value":"//bdi[text()=\"Transfer\"]"}
RESULT: {"using":"xpath","value":"//bdi[text()=\"Transfer\"]"}
COMMAND: POST /session/f8b17aff14ace713329ed2ba9e517e88/element/f.8F60F7CA831AD576036D3680DB46BD22.d.361EAF65D954AFCC19FA8EF5A0E1B078.e.6263/click - {}
RESULT: {}
COMMAND: GET /session/f8b17aff14ace713329ed2ba9e517e88/screenshot - {}
RESULT: {}
COMMAND: POST /session/f8b17aff14ace713329ed2ba9e517e88/element - {"using":"xpath","value":"//bdi[contains(text(), \"OK\")]"}
RESULT: {"using":"xpath","value":"//bdi[contains(text(), \"OK\")]"}
COMMAND: POST /session/f8b17aff14ace713329ed2ba9e517e88/element/f.8F60F7CA831AD576036D3680DB46BD22.d.361EAF65D954AFCC19FA8EF5A0E1B078.e.6266/click - {}
RESULT: {}
COMMAND: GET /session/f8b17aff14ace713329ed2ba9e517e88/screenshot - {}
COMMAND: POST /session/f8b17aff14ace713329ed2ba9e517e88/element - {"using":"xpath","value":"(//span[contains(text(), \"Invoice open\")]/parent::div/preceding-sibling::div/span)[1]"}
RESULT: {}
RESULT: {"using":"xpath","value":"(//span[contains(text(), \"Invoice open\")]/parent::div/preceding-sibling::div/span)[1]"}
COMMAND: POST /session/f8b17aff14ace713329ed2ba9e517e88/element/f.8F60F7CA831AD576036D3680DB46BD22.d.361EAF65D954AFCC19FA8EF5A0E1B078.e.6274/click - {}
RESULT: {}
COMMAND: GET /session/f8b17aff14ace713329ed2ba9e517e88/screenshot - {}
RESULT: {}
COMMAND: POST /session/f8b17aff14ace713329ed2ba9e517e88/element - {"using":"xpath","value":"//input[contains(@id ,\"application-billingtransfer-display-component---billingWorkbench--smartFilterBar-btnBasicSearch\")]"}
RESULT: {"using":"xpath","value":"//input[contains(@id ,\"application-billingtransfer-display-component---billingWorkbench--smartFilterBar-btnBasicSearch\")]"}
COMMAND: POST /session/f8b17aff14ace713329ed2ba9e517e88/elements - {"using":"xpath","value":"//input[contains(@id ,\"application-billingtransfer-display-component---billingWorkbench--smartFilterBar-btnBasicSearch\")]"}
RESULT: {"using":"xpath","value":"//input[contains(@id ,\"application-billingtransfer-display-component---billingWorkbench--smartFilterBar-btnBasicSearch\")]"}
COMMAND: POST /session/f8b17aff14ace713329ed2ba9e517e88/execute/sync - {"script":"<script> [8489 bytes]","args":[{"element-6066-11e4-a52e-4f735466cecf":"f.8F60F7CA831AD576036D3680DB46BD22.d.361EAF65D954AFCC19FA8EF5A0E1B078.e.5954","ELEMENT":"f.8F60F7CA831AD576036D3680DB46BD22.d.361EAF65D954AFCC19FA8EF5A0E1B078.e.5954"}]}
RESULT: {"script":"<script> [8489 bytes]","args":[{"element-6066-11e4-a52e-4f735466cecf":"f.8F60F7CA831AD576036D3680DB46BD22.d.361EAF65D954AFCC19FA8EF5A0E1B078.e.5954","ELEMENT":"f.8F60F7CA831AD576036D3680DB46BD22.d.361EAF65D954AFCC19FA8EF5A0E1B078.e.5954"}]}
COMMAND: GET /session/f8b17aff14ace713329ed2ba9e517e88/element/f.8F60F7CA831AD576036D3680DB46BD22.d.361EAF65D954AFCC19FA8EF5A0E1B078.e.5954/enabled - {}
COMMAND: GET /session/f8b17aff14ace713329ed2ba9e517e88/screenshot - {}
RESULT: {}
COMMAND: POST /session/f8b17aff14ace713329ed2ba9e517e88/element/f.8F60F7CA831AD576036D3680DB46BD22.d.361EAF65D954AFCC19FA8EF5A0E1B078.e.5954/click - {}
COMMAND: GET /session/f8b17aff14ace713329ed2ba9e517e88/screenshot - {}
RESULT: {}
RESULT: {}
COMMAND: GET /session/f8b17aff14ace713329ed2ba9e517e88/screenshot - {}
RESULT: {}
RESULT: {}
COMMAND: POST /session/f8b17aff14ace713329ed2ba9e517e88/element/f.8F60F7CA831AD576036D3680DB46BD22.d.361EAF65D954AFCC19FA8EF5A0E1B078.e.5954/clear - {}
RESULT: {}
COMMAND: POST /session/f8b17aff14ace713329ed2ba9e517e88/element/f.8F60F7CA831AD576036D3680DB46BD22.d.361EAF65D954AFCC19FA8EF5A0E1B078.e.5954/value - {"text":"10283"}
COMMAND: GET /session/f8b17aff14ace713329ed2ba9e517e88/screenshot - {}
RESULT: {"text":"10283"}
COMMAND: POST /session/f8b17aff14ace713329ed2ba9e517e88/actions - {"actions":[{"id":"action22","type":"key","parameters":{},"actions":[{"type":"keyDown","value":"î€‡"},{"type":"pause","duration":10},{"type":"keyUp","value":"î€‡"}]}]}
COMMAND: GET /session/f8b17aff14ace713329ed2ba9e517e88/screenshot - {}
RESULT: {}
RESULT: {"actions":[{"id":"action22","type":"key","parameters":{},"actions":[{"type":"keyDown","value":"î€‡"},{"type":"pause","duration":10},{"type":"keyUp","value":"î€‡"}]}]}
COMMAND: GET /session/f8b17aff14ace713329ed2ba9e517e88/screenshot - {}
RESULT: {}
RESULT: {}
COMMAND: POST /session/f8b17aff14ace713329ed2ba9e517e88/element - {"using":"xpath","value":"//span[contains(@id ,\"application-billingtransfer-display-component---billingWorkbench--smartTableBillingRuns-header-inner\")]"}
RESULT: {"using":"xpath","value":"//span[contains(@id ,\"application-billingtransfer-display-component---billingWorkbench--smartTableBillingRuns-header-inner\")]"}
COMMAND: POST /session/f8b17aff14ace713329ed2ba9e517e88/elements - {"using":"xpath","value":"//span[contains(@id ,\"application-billingtransfer-display-component---billingWorkbench--smartTableBillingRuns-header-inner\")]"}
RESULT: {"using":"xpath","value":"//span[contains(@id ,\"application-billingtransfer-display-component---billingWorkbench--smartTableBillingRuns-header-inner\")]"}
COMMAND: POST /session/f8b17aff14ace713329ed2ba9e517e88/execute/sync - {"script":"<script> [56 bytes]","args":[{"element-6066-11e4-a52e-4f735466cecf":"f.8F60F7CA831AD576036D3680DB46BD22.d.361EAF65D954AFCC19FA8EF5A0E1B078.e.6253","ELEMENT":"f.8F60F7CA831AD576036D3680DB46BD22.d.361EAF65D954AFCC19FA8EF5A0E1B078.e.6253"}]}
RESULT: {"script":"<script> [56 bytes]","args":[{"element-6066-11e4-a52e-4f735466cecf":"f.8F60F7CA831AD576036D3680DB46BD22.d.361EAF65D954AFCC19FA8EF5A0E1B078.e.6253","ELEMENT":"f.8F60F7CA831AD576036D3680DB46BD22.d.361EAF65D954AFCC19FA8EF5A0E1B078.e.6253"}]}
COMMAND: POST /session/f8b17aff14ace713329ed2ba9e517e88/element - {"using":"css selector","value":"#shell-header-logo"}
COMMAND: GET /session/f8b17aff14ace713329ed2ba9e517e88/screenshot - {}
RESULT: {"using":"css selector","value":"#shell-header-logo"}
COMMAND: POST /session/f8b17aff14ace713329ed2ba9e517e88/element/f.8F60F7CA831AD576036D3680DB46BD22.d.361EAF65D954AFCC19FA8EF5A0E1B078.e.5952/click - {}
RESULT: {}
RESULT: {}
COMMAND: GET /session/f8b17aff14ace713329ed2ba9e517e88/screenshot - {}
RESULT: {}
COMMAND: POST /session/f8b17aff14ace713329ed2ba9e517e88/element - {"using":"css selector","value":"#j_username"}
COMMAND: POST /session/f8b17aff14ace713329ed2ba9e517e88/url - {"url":"https://qa-testing-00-live-etm-ui.cfapps.eu10-004.hana.ondemand.com/"}
RESULT: {"using":"css selector","value":"#j_username"}
COMMAND: POST /session/f8b17aff14ace713329ed2ba9e517e88/element - {"using":"css selector","value":"#j_username"}
RESULT: {"url":"https://qa-testing-00-live-etm-ui.cfapps.eu10-004.hana.ondemand.com/"}
RESULT: undefined
COMMAND: GET /session/f8b17aff14ace713329ed2ba9e517e88/screenshot - {}
RESULT: {"using":"css selector","value":"#j_username"}
COMMAND: POST /session/f8b17aff14ace713329ed2ba9e517e88/element - {"using":"css selector","value":"#shell-header-logo"}
RESULT: {}
RESULT: {"using":"css selector","value":"#shell-header-logo"}
COMMAND: POST /session/f8b17aff14ace713329ed2ba9e517e88/execute/sync - {"script":"<script> [8489 bytes]","args":[{"element-6066-11e4-a52e-4f735466cecf":"f.8F60F7CA831AD576036D3680DB46BD22.d.2644E555F5BA8EF876979F71C1EB61A0.e.6285","ELEMENT":"f.8F60F7CA831AD576036D3680DB46BD22.d.2644E555F5BA8EF876979F71C1EB61A0.e.6285"}]}
RESULT: {"script":"<script> [8489 bytes]","args":[{"element-6066-11e4-a52e-4f735466cecf":"f.8F60F7CA831AD576036D3680DB46BD22.d.2644E555F5BA8EF876979F71C1EB61A0.e.6285","ELEMENT":"f.8F60F7CA831AD576036D3680DB46BD22.d.2644E555F5BA8EF876979F71C1EB61A0.e.6285"}]}
COMMAND: POST /session/f8b17aff14ace713329ed2ba9e517e88/element - {"using":"css selector","value":"#shell-header-logo"}
COMMAND: GET /session/f8b17aff14ace713329ed2ba9e517e88/screenshot - {}
RESULT: {"using":"css selector","value":"#shell-header-logo"}
COMMAND: POST /session/f8b17aff14ace713329ed2ba9e517e88/execute/sync - {"script":"<script> [8489 bytes]","args":[{"element-6066-11e4-a52e-4f735466cecf":"f.8F60F7CA831AD576036D3680DB46BD22.d.2644E555F5BA8EF876979F71C1EB61A0.e.6285","ELEMENT":"f.8F60F7CA831AD576036D3680DB46BD22.d.2644E555F5BA8EF876979F71C1EB61A0.e.6285"}]}
RESULT: {}
RESULT: {"script":"<script> [8489 bytes]","args":[{"element-6066-11e4-a52e-4f735466cecf":"f.8F60F7CA831AD576036D3680DB46BD22.d.2644E555F5BA8EF876979F71C1EB61A0.e.6285","ELEMENT":"f.8F60F7CA831AD576036D3680DB46BD22.d.2644E555F5BA8EF876979F71C1EB61A0.e.6285"}]}
COMMAND: POST /session/f8b17aff14ace713329ed2ba9e517e88/execute/sync - {"script":"<script> [5351 bytes]","args":[{"element-6066-11e4-a52e-4f735466cecf":"f.8F60F7CA831AD576036D3680DB46BD22.d.2644E555F5BA8EF876979F71C1EB61A0.e.6285","ELEMENT":"f.8F60F7CA831AD576036D3680DB46BD22.d.2644E555F5BA8EF876979F71C1EB61A0.e.6285"}]}
COMMAND: GET /session/f8b17aff14ace713329ed2ba9e517e88/screenshot - {}
RESULT: {"script":"<script> [5351 bytes]","args":[{"element-6066-11e4-a52e-4f735466cecf":"f.8F60F7CA831AD576036D3680DB46BD22.d.2644E555F5BA8EF876979F71C1EB61A0.e.6285","ELEMENT":"f.8F60F7CA831AD576036D3680DB46BD22.d.2644E555F5BA8EF876979F71C1EB61A0.e.6285"}]}
COMMAND: POST /session/f8b17aff14ace713329ed2ba9e517e88/element - {"using":"css selector","value":"#shell-header-logo"}
COMMAND: GET /session/f8b17aff14ace713329ed2ba9e517e88/screenshot - {}
RESULT: {}
RESULT: {"using":"css selector","value":"#shell-header-logo"}
COMMAND: POST /session/f8b17aff14ace713329ed2ba9e517e88/element/f.8F60F7CA831AD576036D3680DB46BD22.d.2644E555F5BA8EF876979F71C1EB61A0.e.6285/click - {}
RESULT: {}
RESULT: {}
COMMAND: GET /session/f8b17aff14ace713329ed2ba9e517e88/screenshot - {}
RESULT: {}
COMMAND: POST /session/f8b17aff14ace713329ed2ba9e517e88/execute/async - {"script":"<script> [189 bytes]","args":[]}
RESULT: {"script":"<script> [189 bytes]","args":[]}
COMMAND: POST /session/f8b17aff14ace713329ed2ba9e517e88/execute/async - {"script":"<script> [123 bytes]","args":[]}
RESULT: {"script":"<script> [123 bytes]","args":[]}
COMMAND: POST /session/f8b17aff14ace713329ed2ba9e517e88/timeouts - {"script":"<number>"}
RESULT: {"script":"<number>"}
COMMAND: GET /session/f8b17aff14ace713329ed2ba9e517e88/timeouts - {}
RESULT: {}
RESULT: undefined
COMMAND: POST /session/f8b17aff14ace713329ed2ba9e517e88/execute/async - {"script":"<script> [2676 bytes]","args":[]}
RESULT: {"script":"<script> [2676 bytes]","args":[]}
COMMAND: POST /session/f8b17aff14ace713329ed2ba9e517e88/execute/async - {"script":"<script> [2342 bytes]","args":[{"protocol":"http","hostname":"0.0.0.0","path":"/","capabilities":{"browserName":"chrome","goog:chromeOptions":{"binary":"C:\\Program Files\\Google\\Chrome\\Application\\chrome.exe","args":["--start-maximized"]}},"logLevel":"warn","connectionRetryTimeout":120000,"connectionRetryCount":3,"logLevels":{},"enableDirectConnect":true,"strictSSL":true,"_":"65 more keys: [\"cacheDir\",\"port\",\"requestedCapabilities\",\"automationProtocol\",\"baseUrl\",\"waitforInterval\",\"waitforTimeout\",\"onReload\",\"beforeCommand\",\"afterCommand\",\"rootDir\",\"specs\",\"suites\",\"exclude\",\"groupLogsByTestSpec\",\"excludeDriverLogs\",\"bail\",\"framework\",\"reporters\",\"services\",\"maxInstances\",\"maxInstancesPerCapability\",\"injectGlobals\",\"filesToWatch\",\"execArgv\",\"runnerEnv\",\"runner\",\"shard\",\"specFileRetries\",\"specFileRetriesDelay\",\"specFileRetriesDeferred\",\"reporterSyncInterval\",\"reporterSyncTimeout\",\"cucumberFeaturesWithLineNumbers\",\"autoCompileOpts\",\"mochaOpts\",\"jasmineOpts\",\"cucumberOpts\",\"onPrepare\",\"onWorkerStart\",\"onWorkerEnd\",\"before\",\"beforeSession\",\"beforeSuite\",\"beforeHook\",\"beforeTest\",\"afterTest\",\"afterHook\",\"afterSuite\",\"afterSession\",\"after\",\"onComplete\",\"beforeAssertion\",\"afterAssertion\",\"beforeFeature\",\"beforeScenario\",\"beforeStep\",\"afterStep\",\"afterScenario\",\"afterFeature\",\"_\",\"suite\",\"$0\",\"ignoredWorkerServices\",\"wdi5\"]"}]}
RESULT: {"script":"<script> [2342 bytes]","args":[{"protocol":"http","hostname":"0.0.0.0","path":"/","capabilities":{"browserName":"chrome","goog:chromeOptions":{"binary":"C:\\Program Files\\Google\\Chrome\\Application\\chrome.exe","args":["--start-maximized"]}},"logLevel":"warn","connectionRetryTimeout":120000,"connectionRetryCount":3,"logLevels":{},"enableDirectConnect":true,"strictSSL":true,"_":"65 more keys: [\"cacheDir\",\"port\",\"requestedCapabilities\",\"automationProtocol\",\"baseUrl\",\"waitforInterval\",\"waitforTimeout\",\"onReload\",\"beforeCommand\",\"afterCommand\",\"rootDir\",\"specs\",\"suites\",\"exclude\",\"groupLogsByTestSpec\",\"excludeDriverLogs\",\"bail\",\"framework\",\"reporters\",\"services\",\"maxInstances\",\"maxInstancesPerCapability\",\"injectGlobals\",\"filesToWatch\",\"execArgv\",\"runnerEnv\",\"runner\",\"shard\",\"specFileRetries\",\"specFileRetriesDelay\",\"specFileRetriesDeferred\",\"reporterSyncInterval\",\"reporterSyncTimeout\",\"cucumberFeaturesWithLineNumbers\",\"autoCompileOpts\",\"mochaOpts\",\"jasmineOpts\",\"cucumberOpts\",\"onPrepare\",\"onWorkerStart\",\"onWorkerEnd\",\"before\",\"beforeSession\",\"beforeSuite\",\"beforeHook\",\"beforeTest\",\"afterTest\",\"afterHook\",\"afterSuite\",\"afterSession\",\"after\",\"onComplete\",\"beforeAssertion\",\"afterAssertion\",\"beforeFeature\",\"beforeScenario\",\"beforeStep\",\"afterStep\",\"afterScenario\",\"afterFeature\",\"_\",\"suite\",\"$0\",\"ignoredWorkerServices\",\"wdi5\"]"}]}
COMMAND: POST /session/f8b17aff14ace713329ed2ba9e517e88/execute/async - {"script":"<script> [21126 bytes]","args":[35000]}
RESULT: {"script":"<script> [21126 bytes]","args":[35000]}
COMMAND: POST /session/f8b17aff14ace713329ed2ba9e517e88/window/maximize - {}
RESULT: {}
COMMAND: POST /session/f8b17aff14ace713329ed2ba9e517e88/execute/async - {"script":"<script> [1562 bytes]","args":[{"selector":{"id":"shell-header","interaction":{"idSuffix":"icon"}},"wdio_ui5_key":"shellheader"}]}
COMMAND: GET /session/f8b17aff14ace713329ed2ba9e517e88/screenshot - {}
RESULT: {"script":"<script> [1562 bytes]","args":[{"selector":{"id":"shell-header","interaction":{"idSuffix":"icon"}},"wdio_ui5_key":"shellheader"}]}
RESULT: undefined
COMMAND: POST /session/f8b17aff14ace713329ed2ba9e517e88/refresh - {}
RESULT: {}
RESULT: {}
COMMAND: GET /session/f8b17aff14ace713329ed2ba9e517e88/screenshot - {}
RESULT: {}
COMMAND: POST /session/f8b17aff14ace713329ed2ba9e517e88/refresh - {}
RESULT: {}
COMMAND: GET /session/f8b17aff14ace713329ed2ba9e517e88/screenshot - {}
RESULT: {}
COMMAND: POST /session/f8b17aff14ace713329ed2ba9e517e88/window/fullscreen - {}
RESULT: {}
COMMAND: POST /session/f8b17aff14ace713329ed2ba9e517e88/execute/async - {"script":"<script> [189 bytes]","args":[]}
RESULT: {"script":"<script> [189 bytes]","args":[]}
COMMAND: POST /session/f8b17aff14ace713329ed2ba9e517e88/execute/async - {"script":"<script> [123 bytes]","args":[]}
RESULT: {"script":"<script> [123 bytes]","args":[]}
COMMAND: POST /session/f8b17aff14ace713329ed2ba9e517e88/timeouts - {"script":"<number>"}
RESULT: {"script":"<number>"}
COMMAND: GET /session/f8b17aff14ace713329ed2ba9e517e88/timeouts - {}
RESULT: {}
RESULT: undefined
COMMAND: POST /session/f8b17aff14ace713329ed2ba9e517e88/execute/async - {"script":"<script> [2676 bytes]","args":[]}
RESULT: {"script":"<script> [2676 bytes]","args":[]}
COMMAND: POST /session/f8b17aff14ace713329ed2ba9e517e88/execute/async - {"script":"<script> [2342 bytes]","args":[{"protocol":"http","hostname":"0.0.0.0","path":"/","capabilities":{"browserName":"chrome","goog:chromeOptions":{"binary":"C:\\Program Files\\Google\\Chrome\\Application\\chrome.exe","args":["--start-maximized"]}},"logLevel":"warn","connectionRetryTimeout":120000,"connectionRetryCount":3,"logLevels":{},"enableDirectConnect":true,"strictSSL":true,"_":"65 more keys: [\"cacheDir\",\"port\",\"requestedCapabilities\",\"automationProtocol\",\"baseUrl\",\"waitforInterval\",\"waitforTimeout\",\"onReload\",\"beforeCommand\",\"afterCommand\",\"rootDir\",\"specs\",\"suites\",\"exclude\",\"groupLogsByTestSpec\",\"excludeDriverLogs\",\"bail\",\"framework\",\"reporters\",\"services\",\"maxInstances\",\"maxInstancesPerCapability\",\"injectGlobals\",\"filesToWatch\",\"execArgv\",\"runnerEnv\",\"runner\",\"shard\",\"specFileRetries\",\"specFileRetriesDelay\",\"specFileRetriesDeferred\",\"reporterSyncInterval\",\"reporterSyncTimeout\",\"cucumberFeaturesWithLineNumbers\",\"autoCompileOpts\",\"mochaOpts\",\"jasmineOpts\",\"cucumberOpts\",\"onPrepare\",\"onWorkerStart\",\"onWorkerEnd\",\"before\",\"beforeSession\",\"beforeSuite\",\"beforeHook\",\"beforeTest\",\"afterTest\",\"afterHook\",\"afterSuite\",\"afterSession\",\"after\",\"onComplete\",\"beforeAssertion\",\"afterAssertion\",\"beforeFeature\",\"beforeScenario\",\"beforeStep\",\"afterStep\",\"afterScenario\",\"afterFeature\",\"_\",\"suite\",\"$0\",\"ignoredWorkerServices\",\"wdi5\"]"}]}
RESULT: {"script":"<script> [2342 bytes]","args":[{"protocol":"http","hostname":"0.0.0.0","path":"/","capabilities":{"browserName":"chrome","goog:chromeOptions":{"binary":"C:\\Program Files\\Google\\Chrome\\Application\\chrome.exe","args":["--start-maximized"]}},"logLevel":"warn","connectionRetryTimeout":120000,"connectionRetryCount":3,"logLevels":{},"enableDirectConnect":true,"strictSSL":true,"_":"65 more keys: [\"cacheDir\",\"port\",\"requestedCapabilities\",\"automationProtocol\",\"baseUrl\",\"waitforInterval\",\"waitforTimeout\",\"onReload\",\"beforeCommand\",\"afterCommand\",\"rootDir\",\"specs\",\"suites\",\"exclude\",\"groupLogsByTestSpec\",\"excludeDriverLogs\",\"bail\",\"framework\",\"reporters\",\"services\",\"maxInstances\",\"maxInstancesPerCapability\",\"injectGlobals\",\"filesToWatch\",\"execArgv\",\"runnerEnv\",\"runner\",\"shard\",\"specFileRetries\",\"specFileRetriesDelay\",\"specFileRetriesDeferred\",\"reporterSyncInterval\",\"reporterSyncTimeout\",\"cucumberFeaturesWithLineNumbers\",\"autoCompileOpts\",\"mochaOpts\",\"jasmineOpts\",\"cucumberOpts\",\"onPrepare\",\"onWorkerStart\",\"onWorkerEnd\",\"before\",\"beforeSession\",\"beforeSuite\",\"beforeHook\",\"beforeTest\",\"afterTest\",\"afterHook\",\"afterSuite\",\"afterSession\",\"after\",\"onComplete\",\"beforeAssertion\",\"afterAssertion\",\"beforeFeature\",\"beforeScenario\",\"beforeStep\",\"afterStep\",\"afterScenario\",\"afterFeature\",\"_\",\"suite\",\"$0\",\"ignoredWorkerServices\",\"wdi5\"]"}]}
COMMAND: POST /session/f8b17aff14ace713329ed2ba9e517e88/execute/async - {"script":"<script> [21126 bytes]","args":[35000]}
RESULT: {"script":"<script> [21126 bytes]","args":[35000]}
]]></system-out>
    </testcase>
  </testsuite>
  <testsuite timestamp="2025-04-28T17:35:08" time="1043.537" tests="12" failures="0" errors="0" skipped="0">
    <properties>
      <property name="specId" value="0" />
      <property name="suiteName" value="Billing Transfer - Intracompany US127249" />
      <property name="capabilities" value="chrome.135_0_7049_96.windows" />
      <property name="file" value="file:///D:/a/1/s/test/specs/BTS/billing-transfer-intracompany.spec.js" />
    </properties>
    <testcase classname="chrome.135_0_7049_96.windows.Billing_Transfer_-_Intracompany_US127249" name="Should create a new yard" time="105.21">
      <system-out><![CDATA[
COMMAND: POST /session/f8b17aff14ace713329ed2ba9e517e88/window/fullscreen - {}
RESULT: {}
COMMAND: POST /session/f8b17aff14ace713329ed2ba9e517e88/execute/async - {"script":"<script> [1562 bytes]","args":[{"selector":{"controlType":"sap.m.GenericTile","properties":{"header":"Manage Yards"}},"wdio_ui5_key":"sapm.GenericTile{\"header\":\"Manage Yards\"}"}]}
RESULT: {"script":"<script> [1562 bytes]","args":[{"selector":{"controlType":"sap.m.GenericTile","properties":{"header":"Manage Yards"}},"wdio_ui5_key":"sapm.GenericTile{\"header\":\"Manage Yards\"}"}]}
RESULT: undefined
COMMAND: POST /session/f8b17aff14ace713329ed2ba9e517e88/element - {"using":"xpath","value":"//*[@id=\"__tile41\"]"}
RESULT: {"using":"xpath","value":"//*[@id=\"__tile41\"]"}
COMMAND: POST /session/f8b17aff14ace713329ed2ba9e517e88/element/f.8F60F7CA831AD576036D3680DB46BD22.d.656429FA51A0B92753D06EBC5603A331.e.6449/click - {}
RESULT: {}
COMMAND: POST /session/f8b17aff14ace713329ed2ba9e517e88/element - {"using":"xpath","value":"//button[@data-kt=\"addNewYardOverflowToolbarButton\"]"}
COMMAND: GET /session/f8b17aff14ace713329ed2ba9e517e88/screenshot - {}
RESULT: {"using":"xpath","value":"//button[@data-kt=\"addNewYardOverflowToolbarButton\"]"}
COMMAND: POST /session/f8b17aff14ace713329ed2ba9e517e88/elements - {"using":"xpath","value":"//button[@data-kt=\"addNewYardOverflowToolbarButton\"]"}
RESULT: {}
RESULT: {"using":"xpath","value":"//button[@data-kt=\"addNewYardOverflowToolbarButton\"]"}
COMMAND: POST /session/f8b17aff14ace713329ed2ba9e517e88/elements - {"using":"xpath","value":"//button[@data-kt=\"addNewYardOverflowToolbarButton\"]"}
RESULT: {"using":"xpath","value":"//button[@data-kt=\"addNewYardOverflowToolbarButton\"]"}
COMMAND: POST /session/f8b17aff14ace713329ed2ba9e517e88/elements - {"using":"xpath","value":"//button[@data-kt=\"addNewYardOverflowToolbarButton\"]"}
RESULT: {"using":"xpath","value":"//button[@data-kt=\"addNewYardOverflowToolbarButton\"]"}
COMMAND: POST /session/f8b17aff14ace713329ed2ba9e517e88/elements - {"using":"xpath","value":"//button[@data-kt=\"addNewYardOverflowToolbarButton\"]"}
RESULT: {"using":"xpath","value":"//button[@data-kt=\"addNewYardOverflowToolbarButton\"]"}
COMMAND: POST /session/f8b17aff14ace713329ed2ba9e517e88/elements - {"using":"xpath","value":"//button[@data-kt=\"addNewYardOverflowToolbarButton\"]"}
RESULT: {"using":"xpath","value":"//button[@data-kt=\"addNewYardOverflowToolbarButton\"]"}
COMMAND: POST /session/f8b17aff14ace713329ed2ba9e517e88/elements - {"using":"xpath","value":"//button[@data-kt=\"addNewYardOverflowToolbarButton\"]"}
RESULT: {"using":"xpath","value":"//button[@data-kt=\"addNewYardOverflowToolbarButton\"]"}
COMMAND: POST /session/f8b17aff14ace713329ed2ba9e517e88/elements - {"using":"xpath","value":"//button[@data-kt=\"addNewYardOverflowToolbarButton\"]"}
RESULT: {"using":"xpath","value":"//button[@data-kt=\"addNewYardOverflowToolbarButton\"]"}
COMMAND: POST /session/f8b17aff14ace713329ed2ba9e517e88/elements - {"using":"xpath","value":"//button[@data-kt=\"addNewYardOverflowToolbarButton\"]"}
RESULT: {"using":"xpath","value":"//button[@data-kt=\"addNewYardOverflowToolbarButton\"]"}
COMMAND: POST /session/f8b17aff14ace713329ed2ba9e517e88/elements - {"using":"xpath","value":"//button[@data-kt=\"addNewYardOverflowToolbarButton\"]"}
RESULT: {"using":"xpath","value":"//button[@data-kt=\"addNewYardOverflowToolbarButton\"]"}
COMMAND: POST /session/f8b17aff14ace713329ed2ba9e517e88/elements - {"using":"xpath","value":"//button[@data-kt=\"addNewYardOverflowToolbarButton\"]"}
RESULT: {"using":"xpath","value":"//button[@data-kt=\"addNewYardOverflowToolbarButton\"]"}
COMMAND: POST /session/f8b17aff14ace713329ed2ba9e517e88/elements - {"using":"xpath","value":"//button[@data-kt=\"addNewYardOverflowToolbarButton\"]"}
RESULT: {"using":"xpath","value":"//button[@data-kt=\"addNewYardOverflowToolbarButton\"]"}
COMMAND: POST /session/f8b17aff14ace713329ed2ba9e517e88/elements - {"using":"xpath","value":"//button[@data-kt=\"addNewYardOverflowToolbarButton\"]"}
RESULT: {"using":"xpath","value":"//button[@data-kt=\"addNewYardOverflowToolbarButton\"]"}
COMMAND: POST /session/f8b17aff14ace713329ed2ba9e517e88/elements - {"using":"xpath","value":"//button[@data-kt=\"addNewYardOverflowToolbarButton\"]"}
RESULT: {"using":"xpath","value":"//button[@data-kt=\"addNewYardOverflowToolbarButton\"]"}
COMMAND: POST /session/f8b17aff14ace713329ed2ba9e517e88/elements - {"using":"xpath","value":"//button[@data-kt=\"addNewYardOverflowToolbarButton\"]"}
RESULT: {"using":"xpath","value":"//button[@data-kt=\"addNewYardOverflowToolbarButton\"]"}
COMMAND: POST /session/f8b17aff14ace713329ed2ba9e517e88/elements - {"using":"xpath","value":"//button[@data-kt=\"addNewYardOverflowToolbarButton\"]"}
RESULT: {"using":"xpath","value":"//button[@data-kt=\"addNewYardOverflowToolbarButton\"]"}
COMMAND: POST /session/f8b17aff14ace713329ed2ba9e517e88/elements - {"using":"xpath","value":"//button[@data-kt=\"addNewYardOverflowToolbarButton\"]"}
RESULT: {"using":"xpath","value":"//button[@data-kt=\"addNewYardOverflowToolbarButton\"]"}
COMMAND: POST /session/f8b17aff14ace713329ed2ba9e517e88/elements - {"using":"xpath","value":"//button[@data-kt=\"addNewYardOverflowToolbarButton\"]"}
RESULT: {"using":"xpath","value":"//button[@data-kt=\"addNewYardOverflowToolbarButton\"]"}
COMMAND: POST /session/f8b17aff14ace713329ed2ba9e517e88/elements - {"using":"xpath","value":"//button[@data-kt=\"addNewYardOverflowToolbarButton\"]"}
RESULT: {"using":"xpath","value":"//button[@data-kt=\"addNewYardOverflowToolbarButton\"]"}
COMMAND: POST /session/f8b17aff14ace713329ed2ba9e517e88/elements - {"using":"xpath","value":"//button[@data-kt=\"addNewYardOverflowToolbarButton\"]"}
RESULT: {"using":"xpath","value":"//button[@data-kt=\"addNewYardOverflowToolbarButton\"]"}
COMMAND: POST /session/f8b17aff14ace713329ed2ba9e517e88/elements - {"using":"xpath","value":"//button[@data-kt=\"addNewYardOverflowToolbarButton\"]"}
RESULT: {"using":"xpath","value":"//button[@data-kt=\"addNewYardOverflowToolbarButton\"]"}
COMMAND: POST /session/f8b17aff14ace713329ed2ba9e517e88/elements - {"using":"xpath","value":"//button[@data-kt=\"addNewYardOverflowToolbarButton\"]"}
RESULT: {"using":"xpath","value":"//button[@data-kt=\"addNewYardOverflowToolbarButton\"]"}
COMMAND: POST /session/f8b17aff14ace713329ed2ba9e517e88/elements - {"using":"xpath","value":"//button[@data-kt=\"addNewYardOverflowToolbarButton\"]"}
RESULT: {"using":"xpath","value":"//button[@data-kt=\"addNewYardOverflowToolbarButton\"]"}
COMMAND: POST /session/f8b17aff14ace713329ed2ba9e517e88/elements - {"using":"xpath","value":"//button[@data-kt=\"addNewYardOverflowToolbarButton\"]"}
RESULT: {"using":"xpath","value":"//button[@data-kt=\"addNewYardOverflowToolbarButton\"]"}
COMMAND: POST /session/f8b17aff14ace713329ed2ba9e517e88/elements - {"using":"xpath","value":"//button[@data-kt=\"addNewYardOverflowToolbarButton\"]"}
RESULT: {"using":"xpath","value":"//button[@data-kt=\"addNewYardOverflowToolbarButton\"]"}
COMMAND: POST /session/f8b17aff14ace713329ed2ba9e517e88/elements - {"using":"xpath","value":"//button[@data-kt=\"addNewYardOverflowToolbarButton\"]"}
RESULT: {"using":"xpath","value":"//button[@data-kt=\"addNewYardOverflowToolbarButton\"]"}
COMMAND: POST /session/f8b17aff14ace713329ed2ba9e517e88/element - {"using":"xpath","value":"//button[@data-kt=\"addNewYardOverflowToolbarButton\"]"}
RESULT: {"using":"xpath","value":"//button[@data-kt=\"addNewYardOverflowToolbarButton\"]"}
COMMAND: POST /session/f8b17aff14ace713329ed2ba9e517e88/execute/sync - {"script":"<script> [8489 bytes]","args":[{"element-6066-11e4-a52e-4f735466cecf":"f.8F60F7CA831AD576036D3680DB46BD22.d.656429FA51A0B92753D06EBC5603A331.e.6573","ELEMENT":"f.8F60F7CA831AD576036D3680DB46BD22.d.656429FA51A0B92753D06EBC5603A331.e.6573"}]}
RESULT: {"script":"<script> [8489 bytes]","args":[{"element-6066-11e4-a52e-4f735466cecf":"f.8F60F7CA831AD576036D3680DB46BD22.d.656429FA51A0B92753D06EBC5603A331.e.6573","ELEMENT":"f.8F60F7CA831AD576036D3680DB46BD22.d.656429FA51A0B92753D06EBC5603A331.e.6573"}]}
COMMAND: GET /session/f8b17aff14ace713329ed2ba9e517e88/element/f.8F60F7CA831AD576036D3680DB46BD22.d.656429FA51A0B92753D06EBC5603A331.e.6573/enabled - {}
COMMAND: GET /session/f8b17aff14ace713329ed2ba9e517e88/screenshot - {}
RESULT: {}
COMMAND: POST /session/f8b17aff14ace713329ed2ba9e517e88/execute/sync - {"script":"<script> [8489 bytes]","args":[{"element-6066-11e4-a52e-4f735466cecf":"f.8F60F7CA831AD576036D3680DB46BD22.d.656429FA51A0B92753D06EBC5603A331.e.6573","ELEMENT":"f.8F60F7CA831AD576036D3680DB46BD22.d.656429FA51A0B92753D06EBC5603A331.e.6573"}]}
COMMAND: GET /session/f8b17aff14ace713329ed2ba9e517e88/screenshot - {}
RESULT: {}
RESULT: {"script":"<script> [8489 bytes]","args":[{"element-6066-11e4-a52e-4f735466cecf":"f.8F60F7CA831AD576036D3680DB46BD22.d.656429FA51A0B92753D06EBC5603A331.e.6573","ELEMENT":"f.8F60F7CA831AD576036D3680DB46BD22.d.656429FA51A0B92753D06EBC5603A331.e.6573"}]}
COMMAND: POST /session/f8b17aff14ace713329ed2ba9e517e88/execute/sync - {"script":"<script> [5351 bytes]","args":[{"element-6066-11e4-a52e-4f735466cecf":"f.8F60F7CA831AD576036D3680DB46BD22.d.656429FA51A0B92753D06EBC5603A331.e.6573","ELEMENT":"f.8F60F7CA831AD576036D3680DB46BD22.d.656429FA51A0B92753D06EBC5603A331.e.6573"}]}
COMMAND: GET /session/f8b17aff14ace713329ed2ba9e517e88/screenshot - {}
RESULT: {}
RESULT: {"script":"<script> [5351 bytes]","args":[{"element-6066-11e4-a52e-4f735466cecf":"f.8F60F7CA831AD576036D3680DB46BD22.d.656429FA51A0B92753D06EBC5603A331.e.6573","ELEMENT":"f.8F60F7CA831AD576036D3680DB46BD22.d.656429FA51A0B92753D06EBC5603A331.e.6573"}]}
COMMAND: POST /session/f8b17aff14ace713329ed2ba9e517e88/element/f.8F60F7CA831AD576036D3680DB46BD22.d.656429FA51A0B92753D06EBC5603A331.e.6573/click - {}
COMMAND: GET /session/f8b17aff14ace713329ed2ba9e517e88/screenshot - {}
RESULT: {}
RESULT: {}
COMMAND: GET /session/f8b17aff14ace713329ed2ba9e517e88/screenshot - {}
RESULT: {}
COMMAND: POST /session/f8b17aff14ace713329ed2ba9e517e88/element - {"using":"xpath","value":"//input[@id=\"application-manageyards-display-component---NewYard--yardId-inner\"]"}
RESULT: {}
RESULT: {"using":"xpath","value":"//input[@id=\"application-manageyards-display-component---NewYard--yardId-inner\"]"}
COMMAND: POST /session/f8b17aff14ace713329ed2ba9e517e88/element - {"using":"xpath","value":"//input[@id=\"application-manageyards-display-component---NewYard--yardId-inner\"]"}
RESULT: {"using":"xpath","value":"//input[@id=\"application-manageyards-display-component---NewYard--yardId-inner\"]"}
COMMAND: POST /session/f8b17aff14ace713329ed2ba9e517e88/execute/async - {"script":"<script> [1562 bytes]","args":[{"selector":{"id":"application-manageyards-display-component---NewYard--addressDetailDetailsName1","interaction":{"idSuffix":"inner"}},"wdio_ui5_key":"applicationmanageyards-display-component---NewYard--addressDetailDetailsName1"}]}
RESULT: {"script":"<script> [1562 bytes]","args":[{"selector":{"id":"application-manageyards-display-component---NewYard--addressDetailDetailsName1","interaction":{"idSuffix":"inner"}},"wdio_ui5_key":"applicationmanageyards-display-component---NewYard--addressDetailDetailsName1"}]}
RESULT: undefined
COMMAND: POST /session/f8b17aff14ace713329ed2ba9e517e88/execute/async - {"script":"<script> [776 bytes]","args":[{"enterText":"Intracompany Yard wdIO","selector":{"id":"application-manageyards-display-component---NewYard--addressDetailDetailsName1","interaction":{"idSuffix":"inner"}},"clearTextFirst":true,"interactionType":"ENTER_TEXT"}]}
RESULT: {"script":"<script> [776 bytes]","args":[{"enterText":"Intracompany Yard wdIO","selector":{"id":"application-manageyards-display-component---NewYard--addressDetailDetailsName1","interaction":{"idSuffix":"inner"}},"clearTextFirst":true,"interactionType":"ENTER_TEXT"}]}
COMMAND: POST /session/f8b17aff14ace713329ed2ba9e517e88/execute/async - {"script":"<script> [1562 bytes]","args":[{"selector":{"id":"application-manageyards-display-component---NewYard--addressDetailDetailsLanguage-arrow"},"wdio_ui5_key":"applicationmanageyards-display-component---NewYard--addressDetailDetailsLanguage-arrow"}]}
RESULT: {"script":"<script> [1562 bytes]","args":[{"selector":{"id":"application-manageyards-display-component---NewYard--addressDetailDetailsLanguage-arrow"},"wdio_ui5_key":"applicationmanageyards-display-component---NewYard--addressDetailDetailsLanguage-arrow"}]}
RESULT: undefined
COMMAND: POST /session/f8b17aff14ace713329ed2ba9e517e88/element - {"using":"xpath","value":"//*[@id=\"application-manageyards-display-component---NewYard--addressDetailDetailsLanguage-arrow\"]"}
RESULT: {"using":"xpath","value":"//*[@id=\"application-manageyards-display-component---NewYard--addressDetailDetailsLanguage-arrow\"]"}
COMMAND: POST /session/f8b17aff14ace713329ed2ba9e517e88/element/f.8F60F7CA831AD576036D3680DB46BD22.d.656429FA51A0B92753D06EBC5603A331.e.6839/click - {}
RESULT: {}
COMMAND: POST /session/f8b17aff14ace713329ed2ba9e517e88/element - {"using":"xpath","value":"//span[contains(text(), \"English\")]"}
COMMAND: GET /session/f8b17aff14ace713329ed2ba9e517e88/screenshot - {}
RESULT: {"using":"xpath","value":"//span[contains(text(), \"English\")]"}
COMMAND: POST /session/f8b17aff14ace713329ed2ba9e517e88/element/f.8F60F7CA831AD576036D3680DB46BD22.d.656429FA51A0B92753D06EBC5603A331.e.6840/click - {}
RESULT: {}
RESULT: {}
COMMAND: POST /session/f8b17aff14ace713329ed2ba9e517e88/execute/async - {"script":"<script> [1562 bytes]","args":[{"selector":{"id":"application-manageyards-display-component---NewYard--addressDetailDetailsCity1","interaction":{"idSuffix":"inner"}},"wdio_ui5_key":"applicationmanageyards-display-component---NewYard--addressDetailDetailsCity1"}]}
COMMAND: GET /session/f8b17aff14ace713329ed2ba9e517e88/screenshot - {}
RESULT: {"script":"<script> [1562 bytes]","args":[{"selector":{"id":"application-manageyards-display-component---NewYard--addressDetailDetailsCity1","interaction":{"idSuffix":"inner"}},"wdio_ui5_key":"applicationmanageyards-display-component---NewYard--addressDetailDetailsCity1"}]}
RESULT: undefined
COMMAND: POST /session/f8b17aff14ace713329ed2ba9e517e88/execute/async - {"script":"<script> [776 bytes]","args":[{"enterText":"Rosario","selector":{"id":"application-manageyards-display-component---NewYard--addressDetailDetailsCity1","interaction":{"idSuffix":"inner"}},"clearTextFirst":true,"interactionType":"ENTER_TEXT"}]}
RESULT: {}
RESULT: {"script":"<script> [776 bytes]","args":[{"enterText":"Rosario","selector":{"id":"application-manageyards-display-component---NewYard--addressDetailDetailsCity1","interaction":{"idSuffix":"inner"}},"clearTextFirst":true,"interactionType":"ENTER_TEXT"}]}
COMMAND: POST /session/f8b17aff14ace713329ed2ba9e517e88/execute/async - {"script":"<script> [1562 bytes]","args":[{"selector":{"id":"application-manageyards-display-component---NewYard--addressDetailDetailsCountry-arrow"},"wdio_ui5_key":"applicationmanageyards-display-component---NewYard--addressDetailDetailsCountry-arrow"}]}
RESULT: {"script":"<script> [1562 bytes]","args":[{"selector":{"id":"application-manageyards-display-component---NewYard--addressDetailDetailsCountry-arrow"},"wdio_ui5_key":"applicationmanageyards-display-component---NewYard--addressDetailDetailsCountry-arrow"}]}
RESULT: undefined
COMMAND: POST /session/f8b17aff14ace713329ed2ba9e517e88/element - {"using":"xpath","value":"//*[@id=\"application-manageyards-display-component---NewYard--addressDetailDetailsCountry-arrow\"]"}
RESULT: {"using":"xpath","value":"//*[@id=\"application-manageyards-display-component---NewYard--addressDetailDetailsCountry-arrow\"]"}
COMMAND: POST /session/f8b17aff14ace713329ed2ba9e517e88/element/f.8F60F7CA831AD576036D3680DB46BD22.d.656429FA51A0B92753D06EBC5603A331.e.6842/click - {}
RESULT: {}
COMMAND: POST /session/f8b17aff14ace713329ed2ba9e517e88/element - {"using":"xpath","value":"//span[contains(text(), \"Argentina\")]"}
COMMAND: GET /session/f8b17aff14ace713329ed2ba9e517e88/screenshot - {}
RESULT: {"using":"xpath","value":"//span[contains(text(), \"Argentina\")]"}
COMMAND: POST /session/f8b17aff14ace713329ed2ba9e517e88/element/f.8F60F7CA831AD576036D3680DB46BD22.d.656429FA51A0B92753D06EBC5603A331.e.6844/click - {}
RESULT: {}
RESULT: {}
COMMAND: POST /session/f8b17aff14ace713329ed2ba9e517e88/execute/async - {"script":"<script> [1562 bytes]","args":[{"selector":{"id":"application-manageyards-display-component---NewYard--addressEditDetailsCostObjectCstType-arrow"},"wdio_ui5_key":"applicationmanageyards-display-component---NewYard--addressEditDetailsCostObjectCstType-arrow"}]}
COMMAND: GET /session/f8b17aff14ace713329ed2ba9e517e88/screenshot - {}
RESULT: {"script":"<script> [1562 bytes]","args":[{"selector":{"id":"application-manageyards-display-component---NewYard--addressEditDetailsCostObjectCstType-arrow"},"wdio_ui5_key":"applicationmanageyards-display-component---NewYard--addressEditDetailsCostObjectCstType-arrow"}]}
RESULT: undefined
COMMAND: POST /session/f8b17aff14ace713329ed2ba9e517e88/element - {"using":"xpath","value":"//*[@id=\"application-manageyards-display-component---NewYard--addressEditDetailsCostObjectCstType-arrow\"]"}
RESULT: {}
RESULT: {"using":"xpath","value":"//*[@id=\"application-manageyards-display-component---NewYard--addressEditDetailsCostObjectCstType-arrow\"]"}
COMMAND: POST /session/f8b17aff14ace713329ed2ba9e517e88/element/f.8F60F7CA831AD576036D3680DB46BD22.d.656429FA51A0B92753D06EBC5603A331.e.6845/click - {}
RESULT: {}
COMMAND: POST /session/f8b17aff14ace713329ed2ba9e517e88/element - {"using":"xpath","value":"//span[contains(text(), \"Cost Center\")]"}
COMMAND: GET /session/f8b17aff14ace713329ed2ba9e517e88/screenshot - {}
RESULT: {"using":"xpath","value":"//span[contains(text(), \"Cost Center\")]"}
COMMAND: POST /session/f8b17aff14ace713329ed2ba9e517e88/element/f.8F60F7CA831AD576036D3680DB46BD22.d.656429FA51A0B92753D06EBC5603A331.e.6846/click - {}
RESULT: {}
RESULT: {}
COMMAND: GET /session/f8b17aff14ace713329ed2ba9e517e88/screenshot - {}
RESULT: {}
COMMAND: POST /session/f8b17aff14ace713329ed2ba9e517e88/element - {"using":"xpath","value":"//span[@id=\"application-manageyards-display-component---NewYard--addressNewCostObjectCstID-vhi\"]"}
RESULT: {"using":"xpath","value":"//span[@id=\"application-manageyards-display-component---NewYard--addressNewCostObjectCstID-vhi\"]"}
COMMAND: POST /session/f8b17aff14ace713329ed2ba9e517e88/execute/sync - {"script":"<script> [8489 bytes]","args":[{"element-6066-11e4-a52e-4f735466cecf":"f.8F60F7CA831AD576036D3680DB46BD22.d.656429FA51A0B92753D06EBC5603A331.e.6850","ELEMENT":"f.8F60F7CA831AD576036D3680DB46BD22.d.656429FA51A0B92753D06EBC5603A331.e.6850"}]}
RESULT: {"script":"<script> [8489 bytes]","args":[{"element-6066-11e4-a52e-4f735466cecf":"f.8F60F7CA831AD576036D3680DB46BD22.d.656429FA51A0B92753D06EBC5603A331.e.6850","ELEMENT":"f.8F60F7CA831AD576036D3680DB46BD22.d.656429FA51A0B92753D06EBC5603A331.e.6850"}]}
COMMAND: POST /session/f8b17aff14ace713329ed2ba9e517e88/execute/async - {"script":"<script> [1562 bytes]","args":[{"selector":{"id":"application-manageyards-display-component---NewYard--addressNewCostObjectCstID-vhi"},"wdio_ui5_key":"applicationmanageyards-display-component---NewYard--addressNewCostObjectCstID-vhi"}]}
COMMAND: GET /session/f8b17aff14ace713329ed2ba9e517e88/screenshot - {}
RESULT: {"script":"<script> [1562 bytes]","args":[{"selector":{"id":"application-manageyards-display-component---NewYard--addressNewCostObjectCstID-vhi"},"wdio_ui5_key":"applicationmanageyards-display-component---NewYard--addressNewCostObjectCstID-vhi"}]}
RESULT: undefined
COMMAND: POST /session/f8b17aff14ace713329ed2ba9e517e88/element - {"using":"xpath","value":"//*[@id=\"application-manageyards-display-component---NewYard--addressNewCostObjectCstID-vhi\"]"}
RESULT: {}
RESULT: {"using":"xpath","value":"//*[@id=\"application-manageyards-display-component---NewYard--addressNewCostObjectCstID-vhi\"]"}
COMMAND: POST /session/f8b17aff14ace713329ed2ba9e517e88/element/f.8F60F7CA831AD576036D3680DB46BD22.d.656429FA51A0B92753D06EBC5603A331.e.6850/click - {}
RESULT: {}
COMMAND: GET /session/f8b17aff14ace713329ed2ba9e517e88/screenshot - {}
RESULT: {}
COMMAND: POST /session/f8b17aff14ace713329ed2ba9e517e88/execute/async - {"script":"<script> [1562 bytes]","args":[{"selector":{"controlType":"sap.m.SearchField","properties":{"placeholder":"Search"},"searchOpenDialogs":true,"interaction":{"idSuffix":"I"}},"wdio_ui5_key":"sapm.SearchField{\"placeholder\":\"Search\"}"}]}
RESULT: {"script":"<script> [1562 bytes]","args":[{"selector":{"controlType":"sap.m.SearchField","properties":{"placeholder":"Search"},"searchOpenDialogs":true,"interaction":{"idSuffix":"I"}},"wdio_ui5_key":"sapm.SearchField{\"placeholder\":\"Search\"}"}]}
RESULT: undefined
COMMAND: POST /session/f8b17aff14ace713329ed2ba9e517e88/execute/async - {"script":"<script> [776 bytes]","args":[{"enterText":"10001013","selector":{"controlType":"sap.m.SearchField","properties":{"placeholder":"Search"},"searchOpenDialogs":true,"interaction":{"idSuffix":"I"}},"clearTextFirst":true,"interactionType":"ENTER_TEXT"}]}
RESULT: {"script":"<script> [776 bytes]","args":[{"enterText":"10001013","selector":{"controlType":"sap.m.SearchField","properties":{"placeholder":"Search"},"searchOpenDialogs":true,"interaction":{"idSuffix":"I"}},"clearTextFirst":true,"interactionType":"ENTER_TEXT"}]}
COMMAND: POST /session/f8b17aff14ace713329ed2ba9e517e88/actions - {"actions":[{"id":"action23","type":"key","parameters":{},"actions":[{"type":"keyDown","value":"î€‡"},{"type":"pause","duration":10},{"type":"keyUp","value":"î€‡"}]}]}
RESULT: {"actions":[{"id":"action23","type":"key","parameters":{},"actions":[{"type":"keyDown","value":"î€‡"},{"type":"pause","duration":10},{"type":"keyUp","value":"î€‡"}]}]}
COMMAND: GET /session/f8b17aff14ace713329ed2ba9e517e88/screenshot - {}
RESULT: {}
COMMAND: POST /session/f8b17aff14ace713329ed2ba9e517e88/element - {"using":"xpath","value":"//span[contains(text(), \"General Management\")]"}
RESULT: {"using":"xpath","value":"//span[contains(text(), \"General Management\")]"}
COMMAND: POST /session/f8b17aff14ace713329ed2ba9e517e88/element/f.8F60F7CA831AD576036D3680DB46BD22.d.656429FA51A0B92753D06EBC5603A331.e.6892/click - {}
RESULT: {}
COMMAND: GET /session/f8b17aff14ace713329ed2ba9e517e88/screenshot - {}
RESULT: {}
COMMAND: POST /session/f8b17aff14ace713329ed2ba9e517e88/element - {"using":"xpath","value":"//bdi[contains(text(), \"OK\")]"}
RESULT: {"using":"xpath","value":"//bdi[contains(text(), \"OK\")]"}
COMMAND: POST /session/f8b17aff14ace713329ed2ba9e517e88/element/f.8F60F7CA831AD576036D3680DB46BD22.d.656429FA51A0B92753D06EBC5603A331.e.6893/click - {}
RESULT: {}
COMMAND: GET /session/f8b17aff14ace713329ed2ba9e517e88/screenshot - {}
RESULT: {}
COMMAND: POST /session/f8b17aff14ace713329ed2ba9e517e88/execute/async - {"script":"<script> [1562 bytes]","args":[{"selector":{"id":"application-manageyards-display-component---NewYard--addressEditDetailsCurrency-arrow"},"wdio_ui5_key":"applicationmanageyards-display-component---NewYard--addressEditDetailsCurrency-arrow"}]}
RESULT: {"script":"<script> [1562 bytes]","args":[{"selector":{"id":"application-manageyards-display-component---NewYard--addressEditDetailsCurrency-arrow"},"wdio_ui5_key":"applicationmanageyards-display-component---NewYard--addressEditDetailsCurrency-arrow"}]}
RESULT: undefined
COMMAND: POST /session/f8b17aff14ace713329ed2ba9e517e88/element - {"using":"xpath","value":"//*[@id=\"application-manageyards-display-component---NewYard--addressEditDetailsCurrency-arrow\"]"}
RESULT: {"using":"xpath","value":"//*[@id=\"application-manageyards-display-component---NewYard--addressEditDetailsCurrency-arrow\"]"}
COMMAND: POST /session/f8b17aff14ace713329ed2ba9e517e88/element/f.8F60F7CA831AD576036D3680DB46BD22.d.656429FA51A0B92753D06EBC5603A331.e.6896/click - {}
RESULT: {}
COMMAND: POST /session/f8b17aff14ace713329ed2ba9e517e88/element - {"using":"xpath","value":"//span[contains(text(), \"Euro\")]"}
COMMAND: GET /session/f8b17aff14ace713329ed2ba9e517e88/screenshot - {}
RESULT: {"using":"xpath","value":"//span[contains(text(), \"Euro\")]"}
COMMAND: POST /session/f8b17aff14ace713329ed2ba9e517e88/element/f.8F60F7CA831AD576036D3680DB46BD22.d.656429FA51A0B92753D06EBC5603A331.e.6897/click - {}
RESULT: {}
RESULT: {}
COMMAND: POST /session/f8b17aff14ace713329ed2ba9e517e88/execute/async - {"script":"<script> [1562 bytes]","args":[{"selector":{"controlType":"sap.m.Input","viewName":"etm.portal.ui.manageyards.view.New","viewId":"application-manageyards-display-component---NewYard","bindingPath":{"path":"","propertyPath":"/CONTROLLING_AREA","modelName":"NewYardModel"},"interaction":{"idSuffix":"inner"}},"wdio_ui5_key":"etmportal.ui.manageyards.view.Newsap.m.Input{\"path\":\"\",\"propertyPath\":\"/CONTROLLING_AREA\",\"modelName\":\"NewYardModel\"}"}]}
COMMAND: GET /session/f8b17aff14ace713329ed2ba9e517e88/screenshot - {}
RESULT: {"script":"<script> [1562 bytes]","args":[{"selector":{"controlType":"sap.m.Input","viewName":"etm.portal.ui.manageyards.view.New","viewId":"application-manageyards-display-component---NewYard","bindingPath":{"path":"","propertyPath":"/CONTROLLING_AREA","modelName":"NewYardModel"},"interaction":{"idSuffix":"inner"}},"wdio_ui5_key":"etmportal.ui.manageyards.view.Newsap.m.Input{\"path\":\"\",\"propertyPath\":\"/CONTROLLING_AREA\",\"modelName\":\"NewYardModel\"}"}]}
RESULT: undefined
COMMAND: POST /session/f8b17aff14ace713329ed2ba9e517e88/execute/async - {"script":"<script> [776 bytes]","args":[{"enterText":"Z001","selector":{"controlType":"sap.m.Input","viewName":"etm.portal.ui.manageyards.view.New","viewId":"application-manageyards-display-component---NewYard","bindingPath":{"path":"","propertyPath":"/CONTROLLING_AREA","modelName":"NewYardModel"},"interaction":{"idSuffix":"inner"}},"clearTextFirst":true,"interactionType":"ENTER_TEXT"}]}
RESULT: {}
RESULT: {"script":"<script> [776 bytes]","args":[{"enterText":"Z001","selector":{"controlType":"sap.m.Input","viewName":"etm.portal.ui.manageyards.view.New","viewId":"application-manageyards-display-component---NewYard","bindingPath":{"path":"","propertyPath":"/CONTROLLING_AREA","modelName":"NewYardModel"},"interaction":{"idSuffix":"inner"}},"clearTextFirst":true,"interactionType":"ENTER_TEXT"}]}
COMMAND: POST /session/f8b17aff14ace713329ed2ba9e517e88/execute/async - {"script":"<script> [1562 bytes]","args":[{"selector":{"id":"application-manageyards-display-component---NewYard--companyCodeComboBox","interaction":{"idSuffix":"inner"}},"wdio_ui5_key":"applicationmanageyards-display-component---NewYard--companyCodeComboBox"}]}
RESULT: {"script":"<script> [1562 bytes]","args":[{"selector":{"id":"application-manageyards-display-component---NewYard--companyCodeComboBox","interaction":{"idSuffix":"inner"}},"wdio_ui5_key":"applicationmanageyards-display-component---NewYard--companyCodeComboBox"}]}
RESULT: undefined
COMMAND: POST /session/f8b17aff14ace713329ed2ba9e517e88/execute/async - {"script":"<script> [776 bytes]","args":[{"enterText":"1000","selector":{"id":"application-manageyards-display-component---NewYard--companyCodeComboBox","interaction":{"idSuffix":"inner"}},"clearTextFirst":true,"interactionType":"ENTER_TEXT"}]}
RESULT: {"script":"<script> [776 bytes]","args":[{"enterText":"1000","selector":{"id":"application-manageyards-display-component---NewYard--companyCodeComboBox","interaction":{"idSuffix":"inner"}},"clearTextFirst":true,"interactionType":"ENTER_TEXT"}]}
COMMAND: POST /session/f8b17aff14ace713329ed2ba9e517e88/execute/async - {"script":"<script> [1562 bytes]","args":[{"selector":{"controlType":"sap.m.Input","viewName":"etm.portal.ui.manageyards.view.New","viewId":"application-manageyards-display-component---NewYard","bindingPath":{"path":"","propertyPath":"/PLANT","modelName":"NewYardModel"},"interaction":{"idSuffix":"inner"}},"wdio_ui5_key":"etmportal.ui.manageyards.view.Newsap.m.Input{\"path\":\"\",\"propertyPath\":\"/PLANT\",\"modelName\":\"NewYardModel\"}"}]}
RESULT: {"script":"<script> [1562 bytes]","args":[{"selector":{"controlType":"sap.m.Input","viewName":"etm.portal.ui.manageyards.view.New","viewId":"application-manageyards-display-component---NewYard","bindingPath":{"path":"","propertyPath":"/PLANT","modelName":"NewYardModel"},"interaction":{"idSuffix":"inner"}},"wdio_ui5_key":"etmportal.ui.manageyards.view.Newsap.m.Input{\"path\":\"\",\"propertyPath\":\"/PLANT\",\"modelName\":\"NewYardModel\"}"}]}
RESULT: undefined
COMMAND: POST /session/f8b17aff14ace713329ed2ba9e517e88/execute/async - {"script":"<script> [776 bytes]","args":[{"enterText":"1001","selector":{"controlType":"sap.m.Input","viewName":"etm.portal.ui.manageyards.view.New","viewId":"application-manageyards-display-component---NewYard","bindingPath":{"path":"","propertyPath":"/PLANT","modelName":"NewYardModel"},"interaction":{"idSuffix":"inner"}},"clearTextFirst":true,"interactionType":"ENTER_TEXT"}]}
RESULT: {"script":"<script> [776 bytes]","args":[{"enterText":"1001","selector":{"controlType":"sap.m.Input","viewName":"etm.portal.ui.manageyards.view.New","viewId":"application-manageyards-display-component---NewYard","bindingPath":{"path":"","propertyPath":"/PLANT","modelName":"NewYardModel"},"interaction":{"idSuffix":"inner"}},"clearTextFirst":true,"interactionType":"ENTER_TEXT"}]}
COMMAND: POST /session/f8b17aff14ace713329ed2ba9e517e88/execute/async - {"script":"<script> [1562 bytes]","args":[{"selector":{"controlType":"sap.m.Input","viewName":"etm.portal.ui.manageyards.view.New","viewId":"application-manageyards-display-component---NewYard","bindingPath":{"path":"","propertyPath":"/SALES_AREA_VKORG","modelName":"NewYardModel"},"interaction":{"idSuffix":"inner"}},"wdio_ui5_key":"etmportal.ui.manageyards.view.Newsap.m.Input{\"path\":\"\",\"propertyPath\":\"/SALES_AREA_VKORG\",\"modelName\":\"NewYardModel\"}"}]}
RESULT: {"script":"<script> [1562 bytes]","args":[{"selector":{"controlType":"sap.m.Input","viewName":"etm.portal.ui.manageyards.view.New","viewId":"application-manageyards-display-component---NewYard","bindingPath":{"path":"","propertyPath":"/SALES_AREA_VKORG","modelName":"NewYardModel"},"interaction":{"idSuffix":"inner"}},"wdio_ui5_key":"etmportal.ui.manageyards.view.Newsap.m.Input{\"path\":\"\",\"propertyPath\":\"/SALES_AREA_VKORG\",\"modelName\":\"NewYardModel\"}"}]}
RESULT: undefined
COMMAND: POST /session/f8b17aff14ace713329ed2ba9e517e88/execute/async - {"script":"<script> [776 bytes]","args":[{"enterText":"C002","selector":{"controlType":"sap.m.Input","viewName":"etm.portal.ui.manageyards.view.New","viewId":"application-manageyards-display-component---NewYard","bindingPath":{"path":"","propertyPath":"/SALES_AREA_VKORG","modelName":"NewYardModel"},"interaction":{"idSuffix":"inner"}},"clearTextFirst":true,"interactionType":"ENTER_TEXT"}]}
RESULT: {"script":"<script> [776 bytes]","args":[{"enterText":"C002","selector":{"controlType":"sap.m.Input","viewName":"etm.portal.ui.manageyards.view.New","viewId":"application-manageyards-display-component---NewYard","bindingPath":{"path":"","propertyPath":"/SALES_AREA_VKORG","modelName":"NewYardModel"},"interaction":{"idSuffix":"inner"}},"clearTextFirst":true,"interactionType":"ENTER_TEXT"}]}
COMMAND: POST /session/f8b17aff14ace713329ed2ba9e517e88/execute/async - {"script":"<script> [1562 bytes]","args":[{"selector":{"controlType":"sap.m.Input","viewName":"etm.portal.ui.manageyards.view.New","viewId":"application-manageyards-display-component---NewYard","bindingPath":{"path":"","propertyPath":"/SALES_AREA_VTWEG","modelName":"NewYardModel"},"interaction":{"idSuffix":"inner"}},"wdio_ui5_key":"etmportal.ui.manageyards.view.Newsap.m.Input{\"path\":\"\",\"propertyPath\":\"/SALES_AREA_VTWEG\",\"modelName\":\"NewYardModel\"}"}]}
RESULT: {"script":"<script> [1562 bytes]","args":[{"selector":{"controlType":"sap.m.Input","viewName":"etm.portal.ui.manageyards.view.New","viewId":"application-manageyards-display-component---NewYard","bindingPath":{"path":"","propertyPath":"/SALES_AREA_VTWEG","modelName":"NewYardModel"},"interaction":{"idSuffix":"inner"}},"wdio_ui5_key":"etmportal.ui.manageyards.view.Newsap.m.Input{\"path\":\"\",\"propertyPath\":\"/SALES_AREA_VTWEG\",\"modelName\":\"NewYardModel\"}"}]}
RESULT: undefined
COMMAND: POST /session/f8b17aff14ace713329ed2ba9e517e88/execute/async - {"script":"<script> [776 bytes]","args":[{"enterText":"C2","selector":{"controlType":"sap.m.Input","viewName":"etm.portal.ui.manageyards.view.New","viewId":"application-manageyards-display-component---NewYard","bindingPath":{"path":"","propertyPath":"/SALES_AREA_VTWEG","modelName":"NewYardModel"},"interaction":{"idSuffix":"inner"}},"clearTextFirst":true,"interactionType":"ENTER_TEXT"}]}
RESULT: {"script":"<script> [776 bytes]","args":[{"enterText":"C2","selector":{"controlType":"sap.m.Input","viewName":"etm.portal.ui.manageyards.view.New","viewId":"application-manageyards-display-component---NewYard","bindingPath":{"path":"","propertyPath":"/SALES_AREA_VTWEG","modelName":"NewYardModel"},"interaction":{"idSuffix":"inner"}},"clearTextFirst":true,"interactionType":"ENTER_TEXT"}]}
COMMAND: POST /session/f8b17aff14ace713329ed2ba9e517e88/execute/async - {"script":"<script> [1562 bytes]","args":[{"selector":{"controlType":"sap.m.Input","viewName":"etm.portal.ui.manageyards.view.New","viewId":"application-manageyards-display-component---NewYard","bindingPath":{"path":"","propertyPath":"/SALES_AREA_SPART","modelName":"NewYardModel"},"interaction":{"idSuffix":"inner"}},"wdio_ui5_key":"etmportal.ui.manageyards.view.Newsap.m.Input{\"path\":\"\",\"propertyPath\":\"/SALES_AREA_SPART\",\"modelName\":\"NewYardModel\"}"}]}
RESULT: {"script":"<script> [1562 bytes]","args":[{"selector":{"controlType":"sap.m.Input","viewName":"etm.portal.ui.manageyards.view.New","viewId":"application-manageyards-display-component---NewYard","bindingPath":{"path":"","propertyPath":"/SALES_AREA_SPART","modelName":"NewYardModel"},"interaction":{"idSuffix":"inner"}},"wdio_ui5_key":"etmportal.ui.manageyards.view.Newsap.m.Input{\"path\":\"\",\"propertyPath\":\"/SALES_AREA_SPART\",\"modelName\":\"NewYardModel\"}"}]}
RESULT: undefined
COMMAND: POST /session/f8b17aff14ace713329ed2ba9e517e88/execute/async - {"script":"<script> [776 bytes]","args":[{"enterText":"C2","selector":{"controlType":"sap.m.Input","viewName":"etm.portal.ui.manageyards.view.New","viewId":"application-manageyards-display-component---NewYard","bindingPath":{"path":"","propertyPath":"/SALES_AREA_SPART","modelName":"NewYardModel"},"interaction":{"idSuffix":"inner"}},"clearTextFirst":true,"interactionType":"ENTER_TEXT"}]}
RESULT: {"script":"<script> [776 bytes]","args":[{"enterText":"C2","selector":{"controlType":"sap.m.Input","viewName":"etm.portal.ui.manageyards.view.New","viewId":"application-manageyards-display-component---NewYard","bindingPath":{"path":"","propertyPath":"/SALES_AREA_SPART","modelName":"NewYardModel"},"interaction":{"idSuffix":"inner"}},"clearTextFirst":true,"interactionType":"ENTER_TEXT"}]}
COMMAND: POST /session/f8b17aff14ace713329ed2ba9e517e88/execute/async - {"script":"<script> [1562 bytes]","args":[{"selector":{"controlType":"sap.m.Input","viewName":"etm.portal.ui.manageyards.view.New","viewId":"application-manageyards-display-component---NewYard","bindingPath":{"path":"","propertyPath":"/SHIP_POINT","modelName":"NewYardModel"},"interaction":{"idSuffix":"inner"}},"wdio_ui5_key":"etmportal.ui.manageyards.view.Newsap.m.Input{\"path\":\"\",\"propertyPath\":\"/SHIP_POINT\",\"modelName\":\"NewYardModel\"}"}]}
RESULT: {"script":"<script> [1562 bytes]","args":[{"selector":{"controlType":"sap.m.Input","viewName":"etm.portal.ui.manageyards.view.New","viewId":"application-manageyards-display-component---NewYard","bindingPath":{"path":"","propertyPath":"/SHIP_POINT","modelName":"NewYardModel"},"interaction":{"idSuffix":"inner"}},"wdio_ui5_key":"etmportal.ui.manageyards.view.Newsap.m.Input{\"path\":\"\",\"propertyPath\":\"/SHIP_POINT\",\"modelName\":\"NewYardModel\"}"}]}
RESULT: undefined
COMMAND: POST /session/f8b17aff14ace713329ed2ba9e517e88/execute/async - {"script":"<script> [776 bytes]","args":[{"enterText":"1710","selector":{"controlType":"sap.m.Input","viewName":"etm.portal.ui.manageyards.view.New","viewId":"application-manageyards-display-component---NewYard","bindingPath":{"path":"","propertyPath":"/SHIP_POINT","modelName":"NewYardModel"},"interaction":{"idSuffix":"inner"}},"clearTextFirst":true,"interactionType":"ENTER_TEXT"}]}
RESULT: {"script":"<script> [776 bytes]","args":[{"enterText":"1710","selector":{"controlType":"sap.m.Input","viewName":"etm.portal.ui.manageyards.view.New","viewId":"application-manageyards-display-component---NewYard","bindingPath":{"path":"","propertyPath":"/SHIP_POINT","modelName":"NewYardModel"},"interaction":{"idSuffix":"inner"}},"clearTextFirst":true,"interactionType":"ENTER_TEXT"}]}
COMMAND: POST /session/f8b17aff14ace713329ed2ba9e517e88/execute/async - {"script":"<script> [1562 bytes]","args":[{"selector":{"controlType":"sap.m.Input","viewName":"etm.portal.ui.manageyards.view.New","viewId":"application-manageyards-display-component---NewYard","bindingPath":{"path":"","propertyPath":"/DELIVERY_TYPE","modelName":"NewYardModel"},"interaction":{"idSuffix":"inner"}},"wdio_ui5_key":"etmportal.ui.manageyards.view.Newsap.m.Input{\"path\":\"\",\"propertyPath\":\"/DELIVERY_TYPE\",\"modelName\":\"NewYardModel\"}"}]}
RESULT: {"script":"<script> [1562 bytes]","args":[{"selector":{"controlType":"sap.m.Input","viewName":"etm.portal.ui.manageyards.view.New","viewId":"application-manageyards-display-component---NewYard","bindingPath":{"path":"","propertyPath":"/DELIVERY_TYPE","modelName":"NewYardModel"},"interaction":{"idSuffix":"inner"}},"wdio_ui5_key":"etmportal.ui.manageyards.view.Newsap.m.Input{\"path\":\"\",\"propertyPath\":\"/DELIVERY_TYPE\",\"modelName\":\"NewYardModel\"}"}]}
RESULT: undefined
COMMAND: POST /session/f8b17aff14ace713329ed2ba9e517e88/execute/async - {"script":"<script> [776 bytes]","args":[{"enterText":"ZL01","selector":{"controlType":"sap.m.Input","viewName":"etm.portal.ui.manageyards.view.New","viewId":"application-manageyards-display-component---NewYard","bindingPath":{"path":"","propertyPath":"/DELIVERY_TYPE","modelName":"NewYardModel"},"interaction":{"idSuffix":"inner"}},"clearTextFirst":true,"interactionType":"ENTER_TEXT"}]}
RESULT: {"script":"<script> [776 bytes]","args":[{"enterText":"ZL01","selector":{"controlType":"sap.m.Input","viewName":"etm.portal.ui.manageyards.view.New","viewId":"application-manageyards-display-component---NewYard","bindingPath":{"path":"","propertyPath":"/DELIVERY_TYPE","modelName":"NewYardModel"},"interaction":{"idSuffix":"inner"}},"clearTextFirst":true,"interactionType":"ENTER_TEXT"}]}
COMMAND: POST /session/f8b17aff14ace713329ed2ba9e517e88/execute/async - {"script":"<script> [1562 bytes]","args":[{"selector":{"controlType":"sap.m.Input","viewName":"etm.portal.ui.manageyards.view.New","viewId":"application-manageyards-display-component---NewYard","bindingPath":{"path":"","propertyPath":"/AUART","modelName":"NewYardModel"},"interaction":{"idSuffix":"inner"}},"wdio_ui5_key":"etmportal.ui.manageyards.view.Newsap.m.Input{\"path\":\"\",\"propertyPath\":\"/AUART\",\"modelName\":\"NewYardModel\"}"}]}
RESULT: {"script":"<script> [1562 bytes]","args":[{"selector":{"controlType":"sap.m.Input","viewName":"etm.portal.ui.manageyards.view.New","viewId":"application-manageyards-display-component---NewYard","bindingPath":{"path":"","propertyPath":"/AUART","modelName":"NewYardModel"},"interaction":{"idSuffix":"inner"}},"wdio_ui5_key":"etmportal.ui.manageyards.view.Newsap.m.Input{\"path\":\"\",\"propertyPath\":\"/AUART\",\"modelName\":\"NewYardModel\"}"}]}
RESULT: undefined
COMMAND: POST /session/f8b17aff14ace713329ed2ba9e517e88/execute/async - {"script":"<script> [776 bytes]","args":[{"enterText":"TA","selector":{"controlType":"sap.m.Input","viewName":"etm.portal.ui.manageyards.view.New","viewId":"application-manageyards-display-component---NewYard","bindingPath":{"path":"","propertyPath":"/AUART","modelName":"NewYardModel"},"interaction":{"idSuffix":"inner"}},"clearTextFirst":true,"interactionType":"ENTER_TEXT"}]}
RESULT: {"script":"<script> [776 bytes]","args":[{"enterText":"TA","selector":{"controlType":"sap.m.Input","viewName":"etm.portal.ui.manageyards.view.New","viewId":"application-manageyards-display-component---NewYard","bindingPath":{"path":"","propertyPath":"/AUART","modelName":"NewYardModel"},"interaction":{"idSuffix":"inner"}},"clearTextFirst":true,"interactionType":"ENTER_TEXT"}]}
COMMAND: POST /session/f8b17aff14ace713329ed2ba9e517e88/element - {"using":"xpath","value":"//button[@data-kt=\"newYardSaveButton\"]"}
RESULT: {"using":"xpath","value":"//button[@data-kt=\"newYardSaveButton\"]"}
COMMAND: POST /session/f8b17aff14ace713329ed2ba9e517e88/element/f.8F60F7CA831AD576036D3680DB46BD22.d.656429FA51A0B92753D06EBC5603A331.e.6789/click - {}
RESULT: {}
COMMAND: GET /session/f8b17aff14ace713329ed2ba9e517e88/screenshot - {}
RESULT: {}
COMMAND: POST /session/f8b17aff14ace713329ed2ba9e517e88/element - {"using":"xpath","value":"//header[contains(@id, 'ObjectPageLayout-headerTitle')]/div[1]/div[2]/div[1]/span[1]"}
RESULT: {"using":"xpath","value":"//header[contains(@id, 'ObjectPageLayout-headerTitle')]/div[1]/div[2]/div[1]/span[1]"}
COMMAND: POST /session/f8b17aff14ace713329ed2ba9e517e88/elements - {"using":"xpath","value":"//header[contains(@id, 'ObjectPageLayout-headerTitle')]/div[1]/div[2]/div[1]/span[1]"}
RESULT: {"using":"xpath","value":"//header[contains(@id, 'ObjectPageLayout-headerTitle')]/div[1]/div[2]/div[1]/span[1]"}
COMMAND: POST /session/f8b17aff14ace713329ed2ba9e517e88/execute/sync - {"script":"<script> [56 bytes]","args":[{"element-6066-11e4-a52e-4f735466cecf":"f.8F60F7CA831AD576036D3680DB46BD22.d.656429FA51A0B92753D06EBC5603A331.e.7127","ELEMENT":"f.8F60F7CA831AD576036D3680DB46BD22.d.656429FA51A0B92753D06EBC5603A331.e.7127"}]}
RESULT: {"script":"<script> [56 bytes]","args":[{"element-6066-11e4-a52e-4f735466cecf":"f.8F60F7CA831AD576036D3680DB46BD22.d.656429FA51A0B92753D06EBC5603A331.e.7127","ELEMENT":"f.8F60F7CA831AD576036D3680DB46BD22.d.656429FA51A0B92753D06EBC5603A331.e.7127"}]}
COMMAND: GET /session/f8b17aff14ace713329ed2ba9e517e88/screenshot - {}
RESULT: {}
COMMAND: POST /session/f8b17aff14ace713329ed2ba9e517e88/element - {"using":"css selector","value":"#shell-header-logo"}
RESULT: {"using":"css selector","value":"#shell-header-logo"}
COMMAND: POST /session/f8b17aff14ace713329ed2ba9e517e88/element/f.8F60F7CA831AD576036D3680DB46BD22.d.656429FA51A0B92753D06EBC5603A331.e.6542/click - {}
RESULT: {}
COMMAND: GET /session/f8b17aff14ace713329ed2ba9e517e88/screenshot - {}
RESULT: {}
COMMAND: POST /session/f8b17aff14ace713329ed2ba9e517e88/execute/sync - {"script":"<script> [299 bytes]","args":[["getModel","getResource"]]}
RESULT: {"script":"<script> [299 bytes]","args":[["getModel","getResource"]]}
]]></system-out>
    </testcase>
    <testcase classname="chrome.135_0_7049_96.windows.Billing_Transfer_-_Intracompany_US127249" name="Should create a new partner" time="121.598">
      <system-out><![CDATA[
COMMAND: GET /session/f8b17aff14ace713329ed2ba9e517e88/screenshot - {}
COMMAND: POST /session/f8b17aff14ace713329ed2ba9e517e88/window/fullscreen - {}
RESULT: {}
RESULT: {}
COMMAND: POST /session/f8b17aff14ace713329ed2ba9e517e88/execute/async - {"script":"<script> [1562 bytes]","args":[{"selector":{"controlType":"sap.m.GenericTile","properties":{"header":"Manage Partners"}},"wdio_ui5_key":"sapm.GenericTile{\"header\":\"Manage Partners\"}"}]}
RESULT: {"script":"<script> [1562 bytes]","args":[{"selector":{"controlType":"sap.m.GenericTile","properties":{"header":"Manage Partners"}},"wdio_ui5_key":"sapm.GenericTile{\"header\":\"Manage Partners\"}"}]}
RESULT: undefined
COMMAND: POST /session/f8b17aff14ace713329ed2ba9e517e88/element - {"using":"xpath","value":"//*[@id=\"__tile38\"]"}
RESULT: {"using":"xpath","value":"//*[@id=\"__tile38\"]"}
COMMAND: POST /session/f8b17aff14ace713329ed2ba9e517e88/element/f.8F60F7CA831AD576036D3680DB46BD22.d.656429FA51A0B92753D06EBC5603A331.e.6440/click - {}
RESULT: {}
COMMAND: POST /session/f8b17aff14ace713329ed2ba9e517e88/element - {"using":"xpath","value":"//button[@data-kt=\"addButton\"]"}
COMMAND: GET /session/f8b17aff14ace713329ed2ba9e517e88/screenshot - {}
RESULT: {"using":"xpath","value":"//button[@data-kt=\"addButton\"]"}
COMMAND: POST /session/f8b17aff14ace713329ed2ba9e517e88/elements - {"using":"xpath","value":"//button[@data-kt=\"addButton\"]"}
RESULT: {}
RESULT: {"using":"xpath","value":"//button[@data-kt=\"addButton\"]"}
COMMAND: POST /session/f8b17aff14ace713329ed2ba9e517e88/elements - {"using":"xpath","value":"//button[@data-kt=\"addButton\"]"}
RESULT: {"using":"xpath","value":"//button[@data-kt=\"addButton\"]"}
COMMAND: POST /session/f8b17aff14ace713329ed2ba9e517e88/elements - {"using":"xpath","value":"//button[@data-kt=\"addButton\"]"}
RESULT: {"using":"xpath","value":"//button[@data-kt=\"addButton\"]"}
COMMAND: POST /session/f8b17aff14ace713329ed2ba9e517e88/elements - {"using":"xpath","value":"//button[@data-kt=\"addButton\"]"}
RESULT: {"using":"xpath","value":"//button[@data-kt=\"addButton\"]"}
COMMAND: POST /session/f8b17aff14ace713329ed2ba9e517e88/elements - {"using":"xpath","value":"//button[@data-kt=\"addButton\"]"}
RESULT: {"using":"xpath","value":"//button[@data-kt=\"addButton\"]"}
COMMAND: POST /session/f8b17aff14ace713329ed2ba9e517e88/elements - {"using":"xpath","value":"//button[@data-kt=\"addButton\"]"}
RESULT: {"using":"xpath","value":"//button[@data-kt=\"addButton\"]"}
COMMAND: POST /session/f8b17aff14ace713329ed2ba9e517e88/elements - {"using":"xpath","value":"//button[@data-kt=\"addButton\"]"}
RESULT: {"using":"xpath","value":"//button[@data-kt=\"addButton\"]"}
COMMAND: POST /session/f8b17aff14ace713329ed2ba9e517e88/elements - {"using":"xpath","value":"//button[@data-kt=\"addButton\"]"}
RESULT: {"using":"xpath","value":"//button[@data-kt=\"addButton\"]"}
COMMAND: POST /session/f8b17aff14ace713329ed2ba9e517e88/elements - {"using":"xpath","value":"//button[@data-kt=\"addButton\"]"}
RESULT: {"using":"xpath","value":"//button[@data-kt=\"addButton\"]"}
COMMAND: POST /session/f8b17aff14ace713329ed2ba9e517e88/elements - {"using":"xpath","value":"//button[@data-kt=\"addButton\"]"}
RESULT: {"using":"xpath","value":"//button[@data-kt=\"addButton\"]"}
COMMAND: POST /session/f8b17aff14ace713329ed2ba9e517e88/elements - {"using":"xpath","value":"//button[@data-kt=\"addButton\"]"}
RESULT: {"using":"xpath","value":"//button[@data-kt=\"addButton\"]"}
COMMAND: POST /session/f8b17aff14ace713329ed2ba9e517e88/elements - {"using":"xpath","value":"//button[@data-kt=\"addButton\"]"}
RESULT: {"using":"xpath","value":"//button[@data-kt=\"addButton\"]"}
COMMAND: POST /session/f8b17aff14ace713329ed2ba9e517e88/elements - {"using":"xpath","value":"//button[@data-kt=\"addButton\"]"}
RESULT: {"using":"xpath","value":"//button[@data-kt=\"addButton\"]"}
COMMAND: POST /session/f8b17aff14ace713329ed2ba9e517e88/elements - {"using":"xpath","value":"//button[@data-kt=\"addButton\"]"}
RESULT: {"using":"xpath","value":"//button[@data-kt=\"addButton\"]"}
COMMAND: POST /session/f8b17aff14ace713329ed2ba9e517e88/elements - {"using":"xpath","value":"//button[@data-kt=\"addButton\"]"}
RESULT: {"using":"xpath","value":"//button[@data-kt=\"addButton\"]"}
COMMAND: POST /session/f8b17aff14ace713329ed2ba9e517e88/elements - {"using":"xpath","value":"//button[@data-kt=\"addButton\"]"}
RESULT: {"using":"xpath","value":"//button[@data-kt=\"addButton\"]"}
COMMAND: POST /session/f8b17aff14ace713329ed2ba9e517e88/elements - {"using":"xpath","value":"//button[@data-kt=\"addButton\"]"}
RESULT: {"using":"xpath","value":"//button[@data-kt=\"addButton\"]"}
COMMAND: POST /session/f8b17aff14ace713329ed2ba9e517e88/elements - {"using":"xpath","value":"//button[@data-kt=\"addButton\"]"}
RESULT: {"using":"xpath","value":"//button[@data-kt=\"addButton\"]"}
COMMAND: POST /session/f8b17aff14ace713329ed2ba9e517e88/elements - {"using":"xpath","value":"//button[@data-kt=\"addButton\"]"}
RESULT: {"using":"xpath","value":"//button[@data-kt=\"addButton\"]"}
COMMAND: POST /session/f8b17aff14ace713329ed2ba9e517e88/elements - {"using":"xpath","value":"//button[@data-kt=\"addButton\"]"}
RESULT: {"using":"xpath","value":"//button[@data-kt=\"addButton\"]"}
COMMAND: POST /session/f8b17aff14ace713329ed2ba9e517e88/elements - {"using":"xpath","value":"//button[@data-kt=\"addButton\"]"}
RESULT: {"using":"xpath","value":"//button[@data-kt=\"addButton\"]"}
COMMAND: POST /session/f8b17aff14ace713329ed2ba9e517e88/elements - {"using":"xpath","value":"//button[@data-kt=\"addButton\"]"}
RESULT: {"using":"xpath","value":"//button[@data-kt=\"addButton\"]"}
COMMAND: POST /session/f8b17aff14ace713329ed2ba9e517e88/elements - {"using":"xpath","value":"//button[@data-kt=\"addButton\"]"}
RESULT: {"using":"xpath","value":"//button[@data-kt=\"addButton\"]"}
COMMAND: POST /session/f8b17aff14ace713329ed2ba9e517e88/elements - {"using":"xpath","value":"//button[@data-kt=\"addButton\"]"}
RESULT: {"using":"xpath","value":"//button[@data-kt=\"addButton\"]"}
COMMAND: POST /session/f8b17aff14ace713329ed2ba9e517e88/elements - {"using":"xpath","value":"//button[@data-kt=\"addButton\"]"}
RESULT: {"using":"xpath","value":"//button[@data-kt=\"addButton\"]"}
COMMAND: POST /session/f8b17aff14ace713329ed2ba9e517e88/element - {"using":"xpath","value":"//button[@data-kt=\"addButton\"]"}
RESULT: {"using":"xpath","value":"//button[@data-kt=\"addButton\"]"}
COMMAND: POST /session/f8b17aff14ace713329ed2ba9e517e88/execute/sync - {"script":"<script> [8489 bytes]","args":[{"element-6066-11e4-a52e-4f735466cecf":"f.8F60F7CA831AD576036D3680DB46BD22.d.656429FA51A0B92753D06EBC5603A331.e.7176","ELEMENT":"f.8F60F7CA831AD576036D3680DB46BD22.d.656429FA51A0B92753D06EBC5603A331.e.7176"}]}
RESULT: {"script":"<script> [8489 bytes]","args":[{"element-6066-11e4-a52e-4f735466cecf":"f.8F60F7CA831AD576036D3680DB46BD22.d.656429FA51A0B92753D06EBC5603A331.e.7176","ELEMENT":"f.8F60F7CA831AD576036D3680DB46BD22.d.656429FA51A0B92753D06EBC5603A331.e.7176"}]}
COMMAND: GET /session/f8b17aff14ace713329ed2ba9e517e88/element/f.8F60F7CA831AD576036D3680DB46BD22.d.656429FA51A0B92753D06EBC5603A331.e.7176/enabled - {}
COMMAND: GET /session/f8b17aff14ace713329ed2ba9e517e88/screenshot - {}
RESULT: {}
COMMAND: POST /session/f8b17aff14ace713329ed2ba9e517e88/execute/sync - {"script":"<script> [8489 bytes]","args":[{"element-6066-11e4-a52e-4f735466cecf":"f.8F60F7CA831AD576036D3680DB46BD22.d.656429FA51A0B92753D06EBC5603A331.e.7176","ELEMENT":"f.8F60F7CA831AD576036D3680DB46BD22.d.656429FA51A0B92753D06EBC5603A331.e.7176"}]}
COMMAND: GET /session/f8b17aff14ace713329ed2ba9e517e88/screenshot - {}
RESULT: {}
RESULT: {"script":"<script> [8489 bytes]","args":[{"element-6066-11e4-a52e-4f735466cecf":"f.8F60F7CA831AD576036D3680DB46BD22.d.656429FA51A0B92753D06EBC5603A331.e.7176","ELEMENT":"f.8F60F7CA831AD576036D3680DB46BD22.d.656429FA51A0B92753D06EBC5603A331.e.7176"}]}
COMMAND: POST /session/f8b17aff14ace713329ed2ba9e517e88/execute/sync - {"script":"<script> [5351 bytes]","args":[{"element-6066-11e4-a52e-4f735466cecf":"f.8F60F7CA831AD576036D3680DB46BD22.d.656429FA51A0B92753D06EBC5603A331.e.7176","ELEMENT":"f.8F60F7CA831AD576036D3680DB46BD22.d.656429FA51A0B92753D06EBC5603A331.e.7176"}]}
COMMAND: GET /session/f8b17aff14ace713329ed2ba9e517e88/screenshot - {}
RESULT: {}
RESULT: {"script":"<script> [5351 bytes]","args":[{"element-6066-11e4-a52e-4f735466cecf":"f.8F60F7CA831AD576036D3680DB46BD22.d.656429FA51A0B92753D06EBC5603A331.e.7176","ELEMENT":"f.8F60F7CA831AD576036D3680DB46BD22.d.656429FA51A0B92753D06EBC5603A331.e.7176"}]}
COMMAND: POST /session/f8b17aff14ace713329ed2ba9e517e88/element/f.8F60F7CA831AD576036D3680DB46BD22.d.656429FA51A0B92753D06EBC5603A331.e.7176/click - {}
COMMAND: GET /session/f8b17aff14ace713329ed2ba9e517e88/screenshot - {}
RESULT: {}
RESULT: {}
COMMAND: GET /session/f8b17aff14ace713329ed2ba9e517e88/screenshot - {}
RESULT: {}
COMMAND: POST /session/f8b17aff14ace713329ed2ba9e517e88/execute/async - {"script":"<script> [1562 bytes]","args":[{"selector":{"id":"application-managepartners-display-component---NewPartner--addressDetailDetailsName1","interaction":{"idSuffix":"inner"}},"wdio_ui5_key":"applicationmanagepartners-display-component---NewPartner--addressDetailDetailsName1"}]}
RESULT: {}
RESULT: {"script":"<script> [1562 bytes]","args":[{"selector":{"id":"application-managepartners-display-component---NewPartner--addressDetailDetailsName1","interaction":{"idSuffix":"inner"}},"wdio_ui5_key":"applicationmanagepartners-display-component---NewPartner--addressDetailDetailsName1"}]}
RESULT: undefined
COMMAND: POST /session/f8b17aff14ace713329ed2ba9e517e88/execute/async - {"script":"<script> [776 bytes]","args":[{"enterText":"Intracompany Partner WDIO","selector":{"id":"application-managepartners-display-component---NewPartner--addressDetailDetailsName1","interaction":{"idSuffix":"inner"}},"clearTextFirst":true,"interactionType":"ENTER_TEXT"}]}
RESULT: {"script":"<script> [776 bytes]","args":[{"enterText":"Intracompany Partner WDIO","selector":{"id":"application-managepartners-display-component---NewPartner--addressDetailDetailsName1","interaction":{"idSuffix":"inner"}},"clearTextFirst":true,"interactionType":"ENTER_TEXT"}]}
COMMAND: POST /session/f8b17aff14ace713329ed2ba9e517e88/execute/async - {"script":"<script> [1562 bytes]","args":[{"selector":{"id":"application-managepartners-display-component---NewPartner--addressDetailDetailsLanguage-arrow"},"wdio_ui5_key":"applicationmanagepartners-display-component---NewPartner--addressDetailDetailsLanguage-arrow"}]}
RESULT: {"script":"<script> [1562 bytes]","args":[{"selector":{"id":"application-managepartners-display-component---NewPartner--addressDetailDetailsLanguage-arrow"},"wdio_ui5_key":"applicationmanagepartners-display-component---NewPartner--addressDetailDetailsLanguage-arrow"}]}
RESULT: undefined
COMMAND: POST /session/f8b17aff14ace713329ed2ba9e517e88/element - {"using":"xpath","value":"//*[@id=\"application-managepartners-display-component---NewPartner--addressDetailDetailsLanguage-arrow\"]"}
RESULT: {"using":"xpath","value":"//*[@id=\"application-managepartners-display-component---NewPartner--addressDetailDetailsLanguage-arrow\"]"}
COMMAND: POST /session/f8b17aff14ace713329ed2ba9e517e88/element/f.8F60F7CA831AD576036D3680DB46BD22.d.656429FA51A0B92753D06EBC5603A331.e.7607/click - {}
RESULT: {}
COMMAND: POST /session/f8b17aff14ace713329ed2ba9e517e88/element - {"using":"xpath","value":"//span[contains(text(), \"English\")]"}
COMMAND: GET /session/f8b17aff14ace713329ed2ba9e517e88/screenshot - {}
RESULT: {"using":"xpath","value":"//span[contains(text(), \"English\")]"}
COMMAND: POST /session/f8b17aff14ace713329ed2ba9e517e88/element/f.8F60F7CA831AD576036D3680DB46BD22.d.656429FA51A0B92753D06EBC5603A331.e.7608/click - {}
RESULT: {}
RESULT: {}
COMMAND: GET /session/f8b17aff14ace713329ed2ba9e517e88/screenshot - {}
RESULT: {}
COMMAND: POST /session/f8b17aff14ace713329ed2ba9e517e88/execute/async - {"script":"<script> [1562 bytes]","args":[{"selector":{"id":"application-managepartners-display-component---NewPartner--addressDetailDetailsCity1","interaction":{"idSuffix":"inner"}},"wdio_ui5_key":"applicationmanagepartners-display-component---NewPartner--addressDetailDetailsCity1"}]}
RESULT: {"script":"<script> [1562 bytes]","args":[{"selector":{"id":"application-managepartners-display-component---NewPartner--addressDetailDetailsCity1","interaction":{"idSuffix":"inner"}},"wdio_ui5_key":"applicationmanagepartners-display-component---NewPartner--addressDetailDetailsCity1"}]}
RESULT: undefined
COMMAND: POST /session/f8b17aff14ace713329ed2ba9e517e88/execute/async - {"script":"<script> [776 bytes]","args":[{"enterText":"Rosario","selector":{"id":"application-managepartners-display-component---NewPartner--addressDetailDetailsCity1","interaction":{"idSuffix":"inner"}},"clearTextFirst":true,"interactionType":"ENTER_TEXT"}]}
RESULT: {"script":"<script> [776 bytes]","args":[{"enterText":"Rosario","selector":{"id":"application-managepartners-display-component---NewPartner--addressDetailDetailsCity1","interaction":{"idSuffix":"inner"}},"clearTextFirst":true,"interactionType":"ENTER_TEXT"}]}
COMMAND: POST /session/f8b17aff14ace713329ed2ba9e517e88/execute/async - {"script":"<script> [1562 bytes]","args":[{"selector":{"id":"application-managepartners-display-component---NewPartner--addressDetailDetailsCountry-arrow"},"wdio_ui5_key":"applicationmanagepartners-display-component---NewPartner--addressDetailDetailsCountry-arrow"}]}
RESULT: {"script":"<script> [1562 bytes]","args":[{"selector":{"id":"application-managepartners-display-component---NewPartner--addressDetailDetailsCountry-arrow"},"wdio_ui5_key":"applicationmanagepartners-display-component---NewPartner--addressDetailDetailsCountry-arrow"}]}
RESULT: undefined
COMMAND: POST /session/f8b17aff14ace713329ed2ba9e517e88/element - {"using":"xpath","value":"//*[@id=\"application-managepartners-display-component---NewPartner--addressDetailDetailsCountry-arrow\"]"}
RESULT: {"using":"xpath","value":"//*[@id=\"application-managepartners-display-component---NewPartner--addressDetailDetailsCountry-arrow\"]"}
COMMAND: POST /session/f8b17aff14ace713329ed2ba9e517e88/element/f.8F60F7CA831AD576036D3680DB46BD22.d.656429FA51A0B92753D06EBC5603A331.e.7583/click - {}
RESULT: {}
COMMAND: POST /session/f8b17aff14ace713329ed2ba9e517e88/element - {"using":"xpath","value":"//span[contains(text(), \"Argentina\")]"}
COMMAND: GET /session/f8b17aff14ace713329ed2ba9e517e88/screenshot - {}
RESULT: {"using":"xpath","value":"//span[contains(text(), \"Argentina\")]"}
COMMAND: POST /session/f8b17aff14ace713329ed2ba9e517e88/element/f.8F60F7CA831AD576036D3680DB46BD22.d.656429FA51A0B92753D06EBC5603A331.e.7610/click - {}
RESULT: {}
RESULT: {}
COMMAND: GET /session/f8b17aff14ace713329ed2ba9e517e88/screenshot - {}
RESULT: {}
COMMAND: POST /session/f8b17aff14ace713329ed2ba9e517e88/element - {"using":"xpath","value":"//bdi[contains(text(), \"Commercial\")]"}
RESULT: {"using":"xpath","value":"//bdi[contains(text(), \"Commercial\")]"}
COMMAND: POST /session/f8b17aff14ace713329ed2ba9e517e88/element/f.8F60F7CA831AD576036D3680DB46BD22.d.656429FA51A0B92753D06EBC5603A331.e.7611/click - {}
RESULT: {}
COMMAND: GET /session/f8b17aff14ace713329ed2ba9e517e88/screenshot - {}
RESULT: {}
COMMAND: POST /session/f8b17aff14ace713329ed2ba9e517e88/execute/async - {"script":"<script> [1562 bytes]","args":[{"selector":{"id":"application-managepartners-display-component---NewPartner--partnerDetailInternal-arrow"},"wdio_ui5_key":"applicationmanagepartners-display-component---NewPartner--partnerDetailInternal-arrow"}]}
RESULT: {"script":"<script> [1562 bytes]","args":[{"selector":{"id":"application-managepartners-display-component---NewPartner--partnerDetailInternal-arrow"},"wdio_ui5_key":"applicationmanagepartners-display-component---NewPartner--partnerDetailInternal-arrow"}]}
RESULT: undefined
COMMAND: POST /session/f8b17aff14ace713329ed2ba9e517e88/element - {"using":"xpath","value":"//*[@id=\"application-managepartners-display-component---NewPartner--partnerDetailInternal-arrow\"]"}
RESULT: {"using":"xpath","value":"//*[@id=\"application-managepartners-display-component---NewPartner--partnerDetailInternal-arrow\"]"}
COMMAND: POST /session/f8b17aff14ace713329ed2ba9e517e88/element/f.8F60F7CA831AD576036D3680DB46BD22.d.656429FA51A0B92753D06EBC5603A331.e.7616/click - {}
RESULT: {}
COMMAND: POST /session/f8b17aff14ace713329ed2ba9e517e88/element - {"using":"xpath","value":"//span[contains(text(), \"Affiliated company\")]"}
COMMAND: GET /session/f8b17aff14ace713329ed2ba9e517e88/screenshot - {}
RESULT: {"using":"xpath","value":"//span[contains(text(), \"Affiliated company\")]"}
COMMAND: POST /session/f8b17aff14ace713329ed2ba9e517e88/element/f.8F60F7CA831AD576036D3680DB46BD22.d.656429FA51A0B92753D06EBC5603A331.e.7619/click - {}
RESULT: {}
RESULT: {}
COMMAND: POST /session/f8b17aff14ace713329ed2ba9e517e88/execute/async - {"script":"<script> [1562 bytes]","args":[{"selector":{"id":"application-managepartners-display-component---NewPartner--partnerDetailsCurrency-arrow"},"wdio_ui5_key":"applicationmanagepartners-display-component---NewPartner--partnerDetailsCurrency-arrow"}]}
COMMAND: GET /session/f8b17aff14ace713329ed2ba9e517e88/screenshot - {}
RESULT: {"script":"<script> [1562 bytes]","args":[{"selector":{"id":"application-managepartners-display-component---NewPartner--partnerDetailsCurrency-arrow"},"wdio_ui5_key":"applicationmanagepartners-display-component---NewPartner--partnerDetailsCurrency-arrow"}]}
RESULT: undefined
COMMAND: POST /session/f8b17aff14ace713329ed2ba9e517e88/element - {"using":"xpath","value":"//*[@id=\"application-managepartners-display-component---NewPartner--partnerDetailsCurrency-arrow\"]"}
RESULT: {}
RESULT: {"using":"xpath","value":"//*[@id=\"application-managepartners-display-component---NewPartner--partnerDetailsCurrency-arrow\"]"}
COMMAND: POST /session/f8b17aff14ace713329ed2ba9e517e88/element/f.8F60F7CA831AD576036D3680DB46BD22.d.656429FA51A0B92753D06EBC5603A331.e.7626/click - {}
RESULT: {}
COMMAND: POST /session/f8b17aff14ace713329ed2ba9e517e88/element - {"using":"xpath","value":"//span[contains(text(), \"Euro\")]"}
COMMAND: GET /session/f8b17aff14ace713329ed2ba9e517e88/screenshot - {}
RESULT: {"using":"xpath","value":"//span[contains(text(), \"Euro\")]"}
COMMAND: POST /session/f8b17aff14ace713329ed2ba9e517e88/element/f.8F60F7CA831AD576036D3680DB46BD22.d.656429FA51A0B92753D06EBC5603A331.e.7627/click - {}
RESULT: {}
RESULT: {}
COMMAND: POST /session/f8b17aff14ace713329ed2ba9e517e88/execute/async - {"script":"<script> [1562 bytes]","args":[{"selector":{"id":"application-managepartners-display-component---NewPartner--addressEditDetailsCostObjectCstType-arrow"},"wdio_ui5_key":"applicationmanagepartners-display-component---NewPartner--addressEditDetailsCostObjectCstType-arrow"}]}
COMMAND: GET /session/f8b17aff14ace713329ed2ba9e517e88/screenshot - {}
RESULT: {"script":"<script> [1562 bytes]","args":[{"selector":{"id":"application-managepartners-display-component---NewPartner--addressEditDetailsCostObjectCstType-arrow"},"wdio_ui5_key":"applicationmanagepartners-display-component---NewPartner--addressEditDetailsCostObjectCstType-arrow"}]}
RESULT: undefined
COMMAND: POST /session/f8b17aff14ace713329ed2ba9e517e88/element - {"using":"xpath","value":"//*[@id=\"application-managepartners-display-component---NewPartner--addressEditDetailsCostObjectCstType-arrow\"]"}
RESULT: {}
RESULT: {"using":"xpath","value":"//*[@id=\"application-managepartners-display-component---NewPartner--addressEditDetailsCostObjectCstType-arrow\"]"}
COMMAND: POST /session/f8b17aff14ace713329ed2ba9e517e88/element/f.8F60F7CA831AD576036D3680DB46BD22.d.656429FA51A0B92753D06EBC5603A331.e.7628/click - {}
RESULT: {}
COMMAND: POST /session/f8b17aff14ace713329ed2ba9e517e88/element - {"using":"xpath","value":"//span[contains(text(), \"Cost Center\")]"}
COMMAND: GET /session/f8b17aff14ace713329ed2ba9e517e88/screenshot - {}
RESULT: {"using":"xpath","value":"//span[contains(text(), \"Cost Center\")]"}
COMMAND: POST /session/f8b17aff14ace713329ed2ba9e517e88/element/f.8F60F7CA831AD576036D3680DB46BD22.d.656429FA51A0B92753D06EBC5603A331.e.7629/click - {}
RESULT: {}
RESULT: {}
COMMAND: GET /session/f8b17aff14ace713329ed2ba9e517e88/screenshot - {}
RESULT: {}
COMMAND: POST /session/f8b17aff14ace713329ed2ba9e517e88/element - {"using":"xpath","value":"//span[@id=\"application-managepartners-display-component---NewPartner--addressNewCostObjectCstID-vhi\"]"}
RESULT: {"using":"xpath","value":"//span[@id=\"application-managepartners-display-component---NewPartner--addressNewCostObjectCstID-vhi\"]"}
COMMAND: POST /session/f8b17aff14ace713329ed2ba9e517e88/execute/sync - {"script":"<script> [8489 bytes]","args":[{"element-6066-11e4-a52e-4f735466cecf":"f.8F60F7CA831AD576036D3680DB46BD22.d.656429FA51A0B92753D06EBC5603A331.e.7633","ELEMENT":"f.8F60F7CA831AD576036D3680DB46BD22.d.656429FA51A0B92753D06EBC5603A331.e.7633"}]}
RESULT: {"script":"<script> [8489 bytes]","args":[{"element-6066-11e4-a52e-4f735466cecf":"f.8F60F7CA831AD576036D3680DB46BD22.d.656429FA51A0B92753D06EBC5603A331.e.7633","ELEMENT":"f.8F60F7CA831AD576036D3680DB46BD22.d.656429FA51A0B92753D06EBC5603A331.e.7633"}]}
COMMAND: POST /session/f8b17aff14ace713329ed2ba9e517e88/execute/async - {"script":"<script> [1562 bytes]","args":[{"selector":{"id":"application-managepartners-display-component---NewPartner--addressNewCostObjectCstID-vhi"},"wdio_ui5_key":"applicationmanagepartners-display-component---NewPartner--addressNewCostObjectCstID-vhi"}]}
COMMAND: GET /session/f8b17aff14ace713329ed2ba9e517e88/screenshot - {}
RESULT: {"script":"<script> [1562 bytes]","args":[{"selector":{"id":"application-managepartners-display-component---NewPartner--addressNewCostObjectCstID-vhi"},"wdio_ui5_key":"applicationmanagepartners-display-component---NewPartner--addressNewCostObjectCstID-vhi"}]}
RESULT: undefined
COMMAND: POST /session/f8b17aff14ace713329ed2ba9e517e88/element - {"using":"xpath","value":"//*[@id=\"application-managepartners-display-component---NewPartner--addressNewCostObjectCstID-vhi\"]"}
RESULT: {}
RESULT: {"using":"xpath","value":"//*[@id=\"application-managepartners-display-component---NewPartner--addressNewCostObjectCstID-vhi\"]"}
COMMAND: POST /session/f8b17aff14ace713329ed2ba9e517e88/element/f.8F60F7CA831AD576036D3680DB46BD22.d.656429FA51A0B92753D06EBC5603A331.e.7633/click - {}
RESULT: {}
COMMAND: GET /session/f8b17aff14ace713329ed2ba9e517e88/screenshot - {}
RESULT: {}
RESULT: undefined
COMMAND: POST /session/f8b17aff14ace713329ed2ba9e517e88/execute/async - {"script":"<script> [776 bytes]","args":[{"enterText":"10001013","selector":{"controlType":"sap.m.SearchField","properties":{"placeholder":"Search"},"searchOpenDialogs":true,"interaction":{"idSuffix":"I"}},"clearTextFirst":true,"interactionType":"ENTER_TEXT"}]}
RESULT: {"script":"<script> [776 bytes]","args":[{"enterText":"10001013","selector":{"controlType":"sap.m.SearchField","properties":{"placeholder":"Search"},"searchOpenDialogs":true,"interaction":{"idSuffix":"I"}},"clearTextFirst":true,"interactionType":"ENTER_TEXT"}]}
COMMAND: POST /session/f8b17aff14ace713329ed2ba9e517e88/actions - {"actions":[{"id":"action24","type":"key","parameters":{},"actions":[{"type":"keyDown","value":"î€‡"},{"type":"pause","duration":10},{"type":"keyUp","value":"î€‡"}]}]}
RESULT: {"actions":[{"id":"action24","type":"key","parameters":{},"actions":[{"type":"keyDown","value":"î€‡"},{"type":"pause","duration":10},{"type":"keyUp","value":"î€‡"}]}]}
COMMAND: GET /session/f8b17aff14ace713329ed2ba9e517e88/screenshot - {}
RESULT: {}
COMMAND: POST /session/f8b17aff14ace713329ed2ba9e517e88/element - {"using":"xpath","value":"//span[contains(text(), \"General Management\")]"}
RESULT: {"using":"xpath","value":"//span[contains(text(), \"General Management\")]"}
COMMAND: POST /session/f8b17aff14ace713329ed2ba9e517e88/element/f.8F60F7CA831AD576036D3680DB46BD22.d.656429FA51A0B92753D06EBC5603A331.e.7673/click - {}
RESULT: {}
COMMAND: GET /session/f8b17aff14ace713329ed2ba9e517e88/screenshot - {}
RESULT: {}
COMMAND: POST /session/f8b17aff14ace713329ed2ba9e517e88/element - {"using":"xpath","value":"//bdi[contains(text(), \"OK\")]"}
RESULT: {"using":"xpath","value":"//bdi[contains(text(), \"OK\")]"}
COMMAND: POST /session/f8b17aff14ace713329ed2ba9e517e88/element/f.8F60F7CA831AD576036D3680DB46BD22.d.656429FA51A0B92753D06EBC5603A331.e.7674/click - {}
RESULT: {}
COMMAND: GET /session/f8b17aff14ace713329ed2ba9e517e88/screenshot - {}
RESULT: {}
COMMAND: POST /session/f8b17aff14ace713329ed2ba9e517e88/element - {"using":"xpath","value":"//input[@id=\"application-managepartners-display-component---NewPartner--companyCodeComboBox-inner\"]"}
RESULT: {"using":"xpath","value":"//input[@id=\"application-managepartners-display-component---NewPartner--companyCodeComboBox-inner\"]"}
COMMAND: POST /session/f8b17aff14ace713329ed2ba9e517e88/element/f.8F60F7CA831AD576036D3680DB46BD22.d.656429FA51A0B92753D06EBC5603A331.e.7478/clear - {}
RESULT: {}
COMMAND: POST /session/f8b17aff14ace713329ed2ba9e517e88/element/f.8F60F7CA831AD576036D3680DB46BD22.d.656429FA51A0B92753D06EBC5603A331.e.7478/value - {"text":"1000"}
COMMAND: GET /session/f8b17aff14ace713329ed2ba9e517e88/screenshot - {}
RESULT: {"text":"1000"}
COMMAND: GET /session/f8b17aff14ace713329ed2ba9e517e88/screenshot - {}
RESULT: {}
RESULT: {}
COMMAND: POST /session/f8b17aff14ace713329ed2ba9e517e88/element - {"using":"xpath","value":"//span[contains(text(), \"1000\")]"}
RESULT: {"using":"xpath","value":"//span[contains(text(), \"1000\")]"}
COMMAND: POST /session/f8b17aff14ace713329ed2ba9e517e88/element/f.8F60F7CA831AD576036D3680DB46BD22.d.656429FA51A0B92753D06EBC5603A331.e.7680/click - {}
RESULT: {}
COMMAND: GET /session/f8b17aff14ace713329ed2ba9e517e88/screenshot - {}
RESULT: {}
COMMAND: POST /session/f8b17aff14ace713329ed2ba9e517e88/execute/async - {"script":"<script> [1562 bytes]","args":[{"selector":{"id":"application-managepartners-display-component---NewPartner--btnAddTableRow-img"},"wdio_ui5_key":"applicationmanagepartners-display-component---NewPartner--btnAddTableRow-img"}]}
RESULT: {"script":"<script> [1562 bytes]","args":[{"selector":{"id":"application-managepartners-display-component---NewPartner--btnAddTableRow-img"},"wdio_ui5_key":"applicationmanagepartners-display-component---NewPartner--btnAddTableRow-img"}]}
RESULT: undefined
COMMAND: POST /session/f8b17aff14ace713329ed2ba9e517e88/element - {"using":"xpath","value":"//*[@id=\"application-managepartners-display-component---NewPartner--btnAddTableRow-img\"]"}
RESULT: {"using":"xpath","value":"//*[@id=\"application-managepartners-display-component---NewPartner--btnAddTableRow-img\"]"}
COMMAND: POST /session/f8b17aff14ace713329ed2ba9e517e88/element/f.8F60F7CA831AD576036D3680DB46BD22.d.656429FA51A0B92753D06EBC5603A331.e.7681/click - {}
RESULT: {}
COMMAND: GET /session/f8b17aff14ace713329ed2ba9e517e88/screenshot - {}
RESULT: {}
COMMAND: POST /session/f8b17aff14ace713329ed2ba9e517e88/element - {"using":"xpath","value":"//input[@id=\"application-managepartners-display-component---NewPartner--assignmentYard-application-managepartners-display-component---NewPartner--assignmentsTable-0-inner\"]"}
RESULT: {"using":"xpath","value":"//input[@id=\"application-managepartners-display-component---NewPartner--assignmentYard-application-managepartners-display-component---NewPartner--assignmentsTable-0-inner\"]"}
COMMAND: POST /session/f8b17aff14ace713329ed2ba9e517e88/element/f.8F60F7CA831AD576036D3680DB46BD22.d.656429FA51A0B92753D06EBC5603A331.e.7684/clear - {}
RESULT: {}
COMMAND: POST /session/f8b17aff14ace713329ed2ba9e517e88/element/f.8F60F7CA831AD576036D3680DB46BD22.d.656429FA51A0B92753D06EBC5603A331.e.7684/value - {"text":"349"}
COMMAND: GET /session/f8b17aff14ace713329ed2ba9e517e88/screenshot - {}
RESULT: {"text":"349"}
COMMAND: GET /session/f8b17aff14ace713329ed2ba9e517e88/screenshot - {}
RESULT: {}
RESULT: {}
COMMAND: POST /session/f8b17aff14ace713329ed2ba9e517e88/element - {"using":"xpath","value":"//li[.//span[text()='349']]"}
RESULT: {"using":"xpath","value":"//li[.//span[text()='349']]"}
COMMAND: POST /session/f8b17aff14ace713329ed2ba9e517e88/element/f.8F60F7CA831AD576036D3680DB46BD22.d.656429FA51A0B92753D06EBC5603A331.e.7693/click - {}
RESULT: {}
COMMAND: GET /session/f8b17aff14ace713329ed2ba9e517e88/screenshot - {}
RESULT: {}
COMMAND: POST /session/f8b17aff14ace713329ed2ba9e517e88/actions - {"actions":[{"id":"action25","type":"key","parameters":{},"actions":[{"type":"keyDown","value":"î€‡"},{"type":"pause","duration":10},{"type":"keyUp","value":"î€‡"}]}]}
RESULT: {"actions":[{"id":"action25","type":"key","parameters":{},"actions":[{"type":"keyDown","value":"î€‡"},{"type":"pause","duration":10},{"type":"keyUp","value":"î€‡"}]}]}
COMMAND: POST /session/f8b17aff14ace713329ed2ba9e517e88/execute/async - {"script":"<script> [1562 bytes]","args":[{"selector":{"id":"application-managepartners-display-component---NewPartner--externalCustomerComboBox-application-managepartners-display-component---NewPartner--assignmentsTable-0-vhi"},"wdio_ui5_key":"applicationmanagepartners-display-component---NewPartner--externalCustomerComboBox-application-managepartners-display-component---NewPartner--assignmentsTable-0-vhi"}]}
COMMAND: GET /session/f8b17aff14ace713329ed2ba9e517e88/screenshot - {}
RESULT: {"script":"<script> [1562 bytes]","args":[{"selector":{"id":"application-managepartners-display-component---NewPartner--externalCustomerComboBox-application-managepartners-display-component---NewPartner--assignmentsTable-0-vhi"},"wdio_ui5_key":"applicationmanagepartners-display-component---NewPartner--externalCustomerComboBox-application-managepartners-display-component---NewPartner--assignmentsTable-0-vhi"}]}
RESULT: undefined
COMMAND: POST /session/f8b17aff14ace713329ed2ba9e517e88/element - {"using":"xpath","value":"//*[@id=\"application-managepartners-display-component---NewPartner--externalCustomerComboBox-application-managepartners-display-component---NewPartner--assignmentsTable-0-vhi\"]"}
RESULT: {}
RESULT: {"using":"xpath","value":"//*[@id=\"application-managepartners-display-component---NewPartner--externalCustomerComboBox-application-managepartners-display-component---NewPartner--assignmentsTable-0-vhi\"]"}
COMMAND: POST /session/f8b17aff14ace713329ed2ba9e517e88/element/f.8F60F7CA831AD576036D3680DB46BD22.d.656429FA51A0B92753D06EBC5603A331.e.7697/click - {}
RESULT: {}
RESULT: undefined
COMMAND: POST /session/f8b17aff14ace713329ed2ba9e517e88/execute/async - {"script":"<script> [776 bytes]","args":[{"enterText":"300003","selector":{"controlType":"sap.m.SearchField","properties":{"placeholder":"Search"},"searchOpenDialogs":true,"interaction":{"idSuffix":"I"}},"clearTextFirst":true,"interactionType":"ENTER_TEXT"}]}
COMMAND: GET /session/f8b17aff14ace713329ed2ba9e517e88/screenshot - {}
RESULT: {"script":"<script> [776 bytes]","args":[{"enterText":"300003","selector":{"controlType":"sap.m.SearchField","properties":{"placeholder":"Search"},"searchOpenDialogs":true,"interaction":{"idSuffix":"I"}},"clearTextFirst":true,"interactionType":"ENTER_TEXT"}]}
COMMAND: POST /session/f8b17aff14ace713329ed2ba9e517e88/actions - {"actions":[{"id":"action26","type":"key","parameters":{},"actions":[{"type":"keyDown","value":"î€‡"},{"type":"pause","duration":10},{"type":"keyUp","value":"î€‡"}]}]}
RESULT: {}
RESULT: {"actions":[{"id":"action26","type":"key","parameters":{},"actions":[{"type":"keyDown","value":"î€‡"},{"type":"pause","duration":10},{"type":"keyUp","value":"î€‡"}]}]}
COMMAND: GET /session/f8b17aff14ace713329ed2ba9e517e88/screenshot - {}
RESULT: {}
COMMAND: POST /session/f8b17aff14ace713329ed2ba9e517e88/element - {"using":"xpath","value":"//span[contains(text(), \"300003\")]"}
RESULT: {"using":"xpath","value":"//span[contains(text(), \"300003\")]"}
COMMAND: POST /session/f8b17aff14ace713329ed2ba9e517e88/element/f.8F60F7CA831AD576036D3680DB46BD22.d.656429FA51A0B92753D06EBC5603A331.e.7716/click - {}
RESULT: {}
COMMAND: GET /session/f8b17aff14ace713329ed2ba9e517e88/screenshot - {}
RESULT: {}
COMMAND: POST /session/f8b17aff14ace713329ed2ba9e517e88/element - {"using":"xpath","value":"//bdi[contains(text(), \"OK\")]"}
RESULT: {"using":"xpath","value":"//bdi[contains(text(), \"OK\")]"}
COMMAND: POST /session/f8b17aff14ace713329ed2ba9e517e88/element/f.8F60F7CA831AD576036D3680DB46BD22.d.656429FA51A0B92753D06EBC5603A331.e.7718/click - {}
RESULT: {}
COMMAND: GET /session/f8b17aff14ace713329ed2ba9e517e88/screenshot - {}
RESULT: {}
COMMAND: POST /session/f8b17aff14ace713329ed2ba9e517e88/execute/async - {"script":"<script> [1562 bytes]","args":[{"selector":{"id":"application-managepartners-display-component---NewPartner--intercompVendorComboBox-application-managepartners-display-component---NewPartner--assignmentsTable-0-vhi"},"wdio_ui5_key":"applicationmanagepartners-display-component---NewPartner--intercompVendorComboBox-application-managepartners-display-component---NewPartner--assignmentsTable-0-vhi"}]}
RESULT: {"script":"<script> [1562 bytes]","args":[{"selector":{"id":"application-managepartners-display-component---NewPartner--intercompVendorComboBox-application-managepartners-display-component---NewPartner--assignmentsTable-0-vhi"},"wdio_ui5_key":"applicationmanagepartners-display-component---NewPartner--intercompVendorComboBox-application-managepartners-display-component---NewPartner--assignmentsTable-0-vhi"}]}
RESULT: undefined
COMMAND: POST /session/f8b17aff14ace713329ed2ba9e517e88/element - {"using":"xpath","value":"//*[@id=\"application-managepartners-display-component---NewPartner--intercompVendorComboBox-application-managepartners-display-component---NewPartner--assignmentsTable-0-vhi\"]"}
RESULT: {"using":"xpath","value":"//*[@id=\"application-managepartners-display-component---NewPartner--intercompVendorComboBox-application-managepartners-display-component---NewPartner--assignmentsTable-0-vhi\"]"}
COMMAND: POST /session/f8b17aff14ace713329ed2ba9e517e88/element/f.8F60F7CA831AD576036D3680DB46BD22.d.656429FA51A0B92753D06EBC5603A331.e.7722/click - {}
RESULT: {}
RESULT: undefined
COMMAND: POST /session/f8b17aff14ace713329ed2ba9e517e88/execute/async - {"script":"<script> [776 bytes]","args":[{"enterText":"100005","selector":{"controlType":"sap.m.SearchField","properties":{"placeholder":"Search"},"searchOpenDialogs":true,"interaction":{"idSuffix":"I"}},"clearTextFirst":true,"interactionType":"ENTER_TEXT"}]}
COMMAND: GET /session/f8b17aff14ace713329ed2ba9e517e88/screenshot - {}
RESULT: {"script":"<script> [776 bytes]","args":[{"enterText":"100005","selector":{"controlType":"sap.m.SearchField","properties":{"placeholder":"Search"},"searchOpenDialogs":true,"interaction":{"idSuffix":"I"}},"clearTextFirst":true,"interactionType":"ENTER_TEXT"}]}
COMMAND: POST /session/f8b17aff14ace713329ed2ba9e517e88/actions - {"actions":[{"id":"action27","type":"key","parameters":{},"actions":[{"type":"keyDown","value":"î€‡"},{"type":"pause","duration":10},{"type":"keyUp","value":"î€‡"}]}]}
RESULT: {}
RESULT: {"actions":[{"id":"action27","type":"key","parameters":{},"actions":[{"type":"keyDown","value":"î€‡"},{"type":"pause","duration":10},{"type":"keyUp","value":"î€‡"}]}]}
COMMAND: GET /session/f8b17aff14ace713329ed2ba9e517e88/screenshot - {}
RESULT: {}
COMMAND: POST /session/f8b17aff14ace713329ed2ba9e517e88/element - {"using":"xpath","value":"//span[contains(text(), \"Penguins - Field/12345 Berlin\")]"}
RESULT: {"using":"xpath","value":"//span[contains(text(), \"Penguins - Field/12345 Berlin\")]"}
COMMAND: POST /session/f8b17aff14ace713329ed2ba9e517e88/element/f.8F60F7CA831AD576036D3680DB46BD22.d.656429FA51A0B92753D06EBC5603A331.e.7739/click - {}
RESULT: {}
COMMAND: GET /session/f8b17aff14ace713329ed2ba9e517e88/screenshot - {}
RESULT: {}
COMMAND: POST /session/f8b17aff14ace713329ed2ba9e517e88/element - {"using":"xpath","value":"//bdi[contains(text(), \"OK\")]"}
RESULT: {"using":"xpath","value":"//bdi[contains(text(), \"OK\")]"}
COMMAND: POST /session/f8b17aff14ace713329ed2ba9e517e88/element/f.8F60F7CA831AD576036D3680DB46BD22.d.656429FA51A0B92753D06EBC5603A331.e.7740/click - {}
RESULT: {}
COMMAND: GET /session/f8b17aff14ace713329ed2ba9e517e88/screenshot - {}
RESULT: {}
COMMAND: POST /session/f8b17aff14ace713329ed2ba9e517e88/element - {"using":"xpath","value":"//button[@data-kt=\"saveButton\"]"}
RESULT: {"using":"xpath","value":"//button[@data-kt=\"saveButton\"]"}
COMMAND: POST /session/f8b17aff14ace713329ed2ba9e517e88/element/f.8F60F7CA831AD576036D3680DB46BD22.d.656429FA51A0B92753D06EBC5603A331.e.7585/click - {}
RESULT: {}
COMMAND: GET /session/f8b17aff14ace713329ed2ba9e517e88/screenshot - {}
RESULT: {}
COMMAND: POST /session/f8b17aff14ace713329ed2ba9e517e88/element - {"using":"xpath","value":"//header[contains(@id, 'ObjectPageLayout-headerTitle')]/div[1]/div[2]/div[2]/span[1]"}
RESULT: {"using":"xpath","value":"//header[contains(@id, 'ObjectPageLayout-headerTitle')]/div[1]/div[2]/div[2]/span[1]"}
COMMAND: POST /session/f8b17aff14ace713329ed2ba9e517e88/elements - {"using":"xpath","value":"//header[contains(@id, 'ObjectPageLayout-headerTitle')]/div[1]/div[2]/div[2]/span[1]"}
RESULT: {"using":"xpath","value":"//header[contains(@id, 'ObjectPageLayout-headerTitle')]/div[1]/div[2]/div[2]/span[1]"}
COMMAND: POST /session/f8b17aff14ace713329ed2ba9e517e88/execute/sync - {"script":"<script> [56 bytes]","args":[{"element-6066-11e4-a52e-4f735466cecf":"f.8F60F7CA831AD576036D3680DB46BD22.d.656429FA51A0B92753D06EBC5603A331.e.7904","ELEMENT":"f.8F60F7CA831AD576036D3680DB46BD22.d.656429FA51A0B92753D06EBC5603A331.e.7904"}]}
RESULT: {"script":"<script> [56 bytes]","args":[{"element-6066-11e4-a52e-4f735466cecf":"f.8F60F7CA831AD576036D3680DB46BD22.d.656429FA51A0B92753D06EBC5603A331.e.7904","ELEMENT":"f.8F60F7CA831AD576036D3680DB46BD22.d.656429FA51A0B92753D06EBC5603A331.e.7904"}]}
COMMAND: POST /session/f8b17aff14ace713329ed2ba9e517e88/element - {"using":"css selector","value":"#shell-header-logo"}
COMMAND: GET /session/f8b17aff14ace713329ed2ba9e517e88/screenshot - {}
RESULT: {"using":"css selector","value":"#shell-header-logo"}
COMMAND: POST /session/f8b17aff14ace713329ed2ba9e517e88/element/f.8F60F7CA831AD576036D3680DB46BD22.d.656429FA51A0B92753D06EBC5603A331.e.7132/click - {}
RESULT: {}
RESULT: {}
COMMAND: GET /session/f8b17aff14ace713329ed2ba9e517e88/screenshot - {}
RESULT: {}
COMMAND: POST /session/f8b17aff14ace713329ed2ba9e517e88/execute/sync - {"script":"<script> [299 bytes]","args":[["getModel","getResource"]]}
RESULT: {"script":"<script> [299 bytes]","args":[["getModel","getResource"]]}
]]></system-out>
    </testcase>
    <testcase classname="chrome.135_0_7049_96.windows.Billing_Transfer_-_Intracompany_US127249" name="Should create a new site" time="133.154">
      <system-out><![CDATA[
COMMAND: GET /session/f8b17aff14ace713329ed2ba9e517e88/screenshot - {}
COMMAND: POST /session/f8b17aff14ace713329ed2ba9e517e88/execute/async - {"script":"<script> [1562 bytes]","args":[{"selector":{"controlType":"sap.m.TileContent","bindingPath":{"path":"","propertyPath":"/properties/info"},"ancestor":{"controlType":"sap.m.GenericTile","properties":{"header":"Manage Sites"}}},"wdio_ui5_key":"sapm.TileContent{\"path\":\"\",\"propertyPath\":\"/properties/info\"}{\"controlType\":\"sap.m.GenericTile\",\"properties\":{\"header\":\"Manage Sites\"}}"}]}
RESULT: {}
RESULT: {"script":"<script> [1562 bytes]","args":[{"selector":{"controlType":"sap.m.TileContent","bindingPath":{"path":"","propertyPath":"/properties/info"},"ancestor":{"controlType":"sap.m.GenericTile","properties":{"header":"Manage Sites"}}},"wdio_ui5_key":"sapm.TileContent{\"path\":\"\",\"propertyPath\":\"/properties/info\"}{\"controlType\":\"sap.m.GenericTile\",\"properties\":{\"header\":\"Manage Sites\"}}"}]}
RESULT: undefined
COMMAND: POST /session/f8b17aff14ace713329ed2ba9e517e88/element - {"using":"xpath","value":"//*[@id=\"__xmlview7--numericTileContent\"]"}
RESULT: {"using":"xpath","value":"//*[@id=\"__xmlview7--numericTileContent\"]"}
COMMAND: POST /session/f8b17aff14ace713329ed2ba9e517e88/element/f.8F60F7CA831AD576036D3680DB46BD22.d.656429FA51A0B92753D06EBC5603A331.e.7906/click - {}
RESULT: {}
COMMAND: POST /session/f8b17aff14ace713329ed2ba9e517e88/element - {"using":"xpath","value":"//button[@data-kt=\"addOverflowToolbarButton\"]"}
COMMAND: GET /session/f8b17aff14ace713329ed2ba9e517e88/screenshot - {}
RESULT: {"using":"xpath","value":"//button[@data-kt=\"addOverflowToolbarButton\"]"}
COMMAND: POST /session/f8b17aff14ace713329ed2ba9e517e88/elements - {"using":"xpath","value":"//button[@data-kt=\"addOverflowToolbarButton\"]"}
RESULT: {}
RESULT: {"using":"xpath","value":"//button[@data-kt=\"addOverflowToolbarButton\"]"}
COMMAND: POST /session/f8b17aff14ace713329ed2ba9e517e88/elements - {"using":"xpath","value":"//button[@data-kt=\"addOverflowToolbarButton\"]"}
RESULT: {"using":"xpath","value":"//button[@data-kt=\"addOverflowToolbarButton\"]"}
COMMAND: POST /session/f8b17aff14ace713329ed2ba9e517e88/element - {"using":"xpath","value":"//button[@data-kt=\"addOverflowToolbarButton\"]"}
RESULT: {"using":"xpath","value":"//button[@data-kt=\"addOverflowToolbarButton\"]"}
COMMAND: POST /session/f8b17aff14ace713329ed2ba9e517e88/execute/sync - {"script":"<script> [8489 bytes]","args":[{"element-6066-11e4-a52e-4f735466cecf":"f.8F60F7CA831AD576036D3680DB46BD22.d.656429FA51A0B92753D06EBC5603A331.e.7953","ELEMENT":"f.8F60F7CA831AD576036D3680DB46BD22.d.656429FA51A0B92753D06EBC5603A331.e.7953"}]}
RESULT: {"script":"<script> [8489 bytes]","args":[{"element-6066-11e4-a52e-4f735466cecf":"f.8F60F7CA831AD576036D3680DB46BD22.d.656429FA51A0B92753D06EBC5603A331.e.7953","ELEMENT":"f.8F60F7CA831AD576036D3680DB46BD22.d.656429FA51A0B92753D06EBC5603A331.e.7953"}]}
COMMAND: GET /session/f8b17aff14ace713329ed2ba9e517e88/element/f.8F60F7CA831AD576036D3680DB46BD22.d.656429FA51A0B92753D06EBC5603A331.e.7953/enabled - {}
COMMAND: GET /session/f8b17aff14ace713329ed2ba9e517e88/screenshot - {}
RESULT: {}
COMMAND: POST /session/f8b17aff14ace713329ed2ba9e517e88/execute/sync - {"script":"<script> [8489 bytes]","args":[{"element-6066-11e4-a52e-4f735466cecf":"f.8F60F7CA831AD576036D3680DB46BD22.d.656429FA51A0B92753D06EBC5603A331.e.7953","ELEMENT":"f.8F60F7CA831AD576036D3680DB46BD22.d.656429FA51A0B92753D06EBC5603A331.e.7953"}]}
COMMAND: GET /session/f8b17aff14ace713329ed2ba9e517e88/screenshot - {}
RESULT: {}
RESULT: {"script":"<script> [8489 bytes]","args":[{"element-6066-11e4-a52e-4f735466cecf":"f.8F60F7CA831AD576036D3680DB46BD22.d.656429FA51A0B92753D06EBC5603A331.e.7953","ELEMENT":"f.8F60F7CA831AD576036D3680DB46BD22.d.656429FA51A0B92753D06EBC5603A331.e.7953"}]}
COMMAND: POST /session/f8b17aff14ace713329ed2ba9e517e88/execute/sync - {"script":"<script> [5351 bytes]","args":[{"element-6066-11e4-a52e-4f735466cecf":"f.8F60F7CA831AD576036D3680DB46BD22.d.656429FA51A0B92753D06EBC5603A331.e.7953","ELEMENT":"f.8F60F7CA831AD576036D3680DB46BD22.d.656429FA51A0B92753D06EBC5603A331.e.7953"}]}
COMMAND: GET /session/f8b17aff14ace713329ed2ba9e517e88/screenshot - {}
RESULT: {}
RESULT: {"script":"<script> [5351 bytes]","args":[{"element-6066-11e4-a52e-4f735466cecf":"f.8F60F7CA831AD576036D3680DB46BD22.d.656429FA51A0B92753D06EBC5603A331.e.7953","ELEMENT":"f.8F60F7CA831AD576036D3680DB46BD22.d.656429FA51A0B92753D06EBC5603A331.e.7953"}]}
COMMAND: POST /session/f8b17aff14ace713329ed2ba9e517e88/element/f.8F60F7CA831AD576036D3680DB46BD22.d.656429FA51A0B92753D06EBC5603A331.e.7953/click - {}
COMMAND: GET /session/f8b17aff14ace713329ed2ba9e517e88/screenshot - {}
RESULT: {}
RESULT: {}
COMMAND: GET /session/f8b17aff14ace713329ed2ba9e517e88/screenshot - {}
COMMAND: POST /session/f8b17aff14ace713329ed2ba9e517e88/execute/async - {"script":"<script> [1562 bytes]","args":[{"selector":{"id":"application-managesites-display-component---NewSite--addressDetailDetailsName1","interaction":{"idSuffix":"inner"}},"wdio_ui5_key":"applicationmanagesites-display-component---NewSite--addressDetailDetailsName1"}]}
RESULT: {}
RESULT: {}
RESULT: {"script":"<script> [1562 bytes]","args":[{"selector":{"id":"application-managesites-display-component---NewSite--addressDetailDetailsName1","interaction":{"idSuffix":"inner"}},"wdio_ui5_key":"applicationmanagesites-display-component---NewSite--addressDetailDetailsName1"}]}
RESULT: undefined
COMMAND: POST /session/f8b17aff14ace713329ed2ba9e517e88/execute/async - {"script":"<script> [776 bytes]","args":[{"enterText":"Intracompany Site wdIO","selector":{"id":"application-managesites-display-component---NewSite--addressDetailDetailsName1","interaction":{"idSuffix":"inner"}},"clearTextFirst":true,"interactionType":"ENTER_TEXT"}]}
RESULT: {"script":"<script> [776 bytes]","args":[{"enterText":"Intracompany Site wdIO","selector":{"id":"application-managesites-display-component---NewSite--addressDetailDetailsName1","interaction":{"idSuffix":"inner"}},"clearTextFirst":true,"interactionType":"ENTER_TEXT"}]}
COMMAND: POST /session/f8b17aff14ace713329ed2ba9e517e88/execute/async - {"script":"<script> [1562 bytes]","args":[{"selector":{"id":"application-managesites-display-component---NewSite--addressDetailDetailsLanguage-arrow"},"wdio_ui5_key":"applicationmanagesites-display-component---NewSite--addressDetailDetailsLanguage-arrow"}]}
RESULT: {"script":"<script> [1562 bytes]","args":[{"selector":{"id":"application-managesites-display-component---NewSite--addressDetailDetailsLanguage-arrow"},"wdio_ui5_key":"applicationmanagesites-display-component---NewSite--addressDetailDetailsLanguage-arrow"}]}
RESULT: undefined
COMMAND: POST /session/f8b17aff14ace713329ed2ba9e517e88/element - {"using":"xpath","value":"//*[@id=\"application-managesites-display-component---NewSite--addressDetailDetailsLanguage-arrow\"]"}
RESULT: {"using":"xpath","value":"//*[@id=\"application-managesites-display-component---NewSite--addressDetailDetailsLanguage-arrow\"]"}
COMMAND: POST /session/f8b17aff14ace713329ed2ba9e517e88/element/f.8F60F7CA831AD576036D3680DB46BD22.d.656429FA51A0B92753D06EBC5603A331.e.8357/click - {}
RESULT: {}
COMMAND: POST /session/f8b17aff14ace713329ed2ba9e517e88/element - {"using":"xpath","value":"//span[contains(text(), \"English\")]"}
COMMAND: GET /session/f8b17aff14ace713329ed2ba9e517e88/screenshot - {}
RESULT: {"using":"xpath","value":"//span[contains(text(), \"English\")]"}
COMMAND: POST /session/f8b17aff14ace713329ed2ba9e517e88/element/f.8F60F7CA831AD576036D3680DB46BD22.d.656429FA51A0B92753D06EBC5603A331.e.8358/click - {}
RESULT: {}
RESULT: {}
COMMAND: POST /session/f8b17aff14ace713329ed2ba9e517e88/execute/async - {"script":"<script> [1562 bytes]","args":[{"selector":{"id":"application-managesites-display-component---NewSite--addressDetailDetailsCity1","interaction":{"idSuffix":"inner"}},"wdio_ui5_key":"applicationmanagesites-display-component---NewSite--addressDetailDetailsCity1"}]}
COMMAND: GET /session/f8b17aff14ace713329ed2ba9e517e88/screenshot - {}
RESULT: {"script":"<script> [1562 bytes]","args":[{"selector":{"id":"application-managesites-display-component---NewSite--addressDetailDetailsCity1","interaction":{"idSuffix":"inner"}},"wdio_ui5_key":"applicationmanagesites-display-component---NewSite--addressDetailDetailsCity1"}]}
RESULT: undefined
COMMAND: POST /session/f8b17aff14ace713329ed2ba9e517e88/execute/async - {"script":"<script> [776 bytes]","args":[{"enterText":"Rosario","selector":{"id":"application-managesites-display-component---NewSite--addressDetailDetailsCity1","interaction":{"idSuffix":"inner"}},"clearTextFirst":true,"interactionType":"ENTER_TEXT"}]}
RESULT: {}
RESULT: {"script":"<script> [776 bytes]","args":[{"enterText":"Rosario","selector":{"id":"application-managesites-display-component---NewSite--addressDetailDetailsCity1","interaction":{"idSuffix":"inner"}},"clearTextFirst":true,"interactionType":"ENTER_TEXT"}]}
COMMAND: POST /session/f8b17aff14ace713329ed2ba9e517e88/execute/async - {"script":"<script> [1562 bytes]","args":[{"selector":{"id":"application-managesites-display-component---NewSite--addressDetailDetailsCountry-arrow"},"wdio_ui5_key":"applicationmanagesites-display-component---NewSite--addressDetailDetailsCountry-arrow"}]}
RESULT: {"script":"<script> [1562 bytes]","args":[{"selector":{"id":"application-managesites-display-component---NewSite--addressDetailDetailsCountry-arrow"},"wdio_ui5_key":"applicationmanagesites-display-component---NewSite--addressDetailDetailsCountry-arrow"}]}
RESULT: undefined
COMMAND: POST /session/f8b17aff14ace713329ed2ba9e517e88/element - {"using":"xpath","value":"//*[@id=\"application-managesites-display-component---NewSite--addressDetailDetailsCountry-arrow\"]"}
RESULT: {"using":"xpath","value":"//*[@id=\"application-managesites-display-component---NewSite--addressDetailDetailsCountry-arrow\"]"}
COMMAND: POST /session/f8b17aff14ace713329ed2ba9e517e88/element/f.8F60F7CA831AD576036D3680DB46BD22.d.656429FA51A0B92753D06EBC5603A331.e.8360/click - {}
RESULT: {}
COMMAND: POST /session/f8b17aff14ace713329ed2ba9e517e88/element - {"using":"xpath","value":"//span[contains(text(), \"Argentina\")]"}
COMMAND: GET /session/f8b17aff14ace713329ed2ba9e517e88/screenshot - {}
RESULT: {"using":"xpath","value":"//span[contains(text(), \"Argentina\")]"}
COMMAND: POST /session/f8b17aff14ace713329ed2ba9e517e88/element/f.8F60F7CA831AD576036D3680DB46BD22.d.656429FA51A0B92753D06EBC5603A331.e.8361/click - {}
RESULT: {}
RESULT: {}
COMMAND: GET /session/f8b17aff14ace713329ed2ba9e517e88/screenshot - {}
RESULT: {}
COMMAND: POST /session/f8b17aff14ace713329ed2ba9e517e88/execute/async - {"script":"<script> [1562 bytes]","args":[{"selector":{"id":"application-managesites-display-component---NewSite--addressEditDetailsCostObjectCstType-arrow"},"wdio_ui5_key":"applicationmanagesites-display-component---NewSite--addressEditDetailsCostObjectCstType-arrow"}]}
RESULT: {"script":"<script> [1562 bytes]","args":[{"selector":{"id":"application-managesites-display-component---NewSite--addressEditDetailsCostObjectCstType-arrow"},"wdio_ui5_key":"applicationmanagesites-display-component---NewSite--addressEditDetailsCostObjectCstType-arrow"}]}
RESULT: undefined
COMMAND: POST /session/f8b17aff14ace713329ed2ba9e517e88/element - {"using":"xpath","value":"//*[@id=\"application-managesites-display-component---NewSite--addressEditDetailsCostObjectCstType-arrow\"]"}
RESULT: {"using":"xpath","value":"//*[@id=\"application-managesites-display-component---NewSite--addressEditDetailsCostObjectCstType-arrow\"]"}
COMMAND: POST /session/f8b17aff14ace713329ed2ba9e517e88/element/f.8F60F7CA831AD576036D3680DB46BD22.d.656429FA51A0B92753D06EBC5603A331.e.8362/click - {}
RESULT: {}
COMMAND: POST /session/f8b17aff14ace713329ed2ba9e517e88/element - {"using":"xpath","value":"//span[contains(text(), \"Cost Center\")]"}
COMMAND: GET /session/f8b17aff14ace713329ed2ba9e517e88/screenshot - {}
RESULT: {"using":"xpath","value":"//span[contains(text(), \"Cost Center\")]"}
COMMAND: POST /session/f8b17aff14ace713329ed2ba9e517e88/element/f.8F60F7CA831AD576036D3680DB46BD22.d.656429FA51A0B92753D06EBC5603A331.e.8363/click - {}
RESULT: {}
RESULT: {}
COMMAND: GET /session/f8b17aff14ace713329ed2ba9e517e88/screenshot - {}
RESULT: {}
COMMAND: POST /session/f8b17aff14ace713329ed2ba9e517e88/element - {"using":"xpath","value":"//span[@id=\"application-managesites-display-component---NewSite--addressNewCostObjectCstID-vhi\"]"}
RESULT: {"using":"xpath","value":"//span[@id=\"application-managesites-display-component---NewSite--addressNewCostObjectCstID-vhi\"]"}
COMMAND: POST /session/f8b17aff14ace713329ed2ba9e517e88/execute/sync - {"script":"<script> [8489 bytes]","args":[{"element-6066-11e4-a52e-4f735466cecf":"f.8F60F7CA831AD576036D3680DB46BD22.d.656429FA51A0B92753D06EBC5603A331.e.8368","ELEMENT":"f.8F60F7CA831AD576036D3680DB46BD22.d.656429FA51A0B92753D06EBC5603A331.e.8368"}]}
RESULT: {"script":"<script> [8489 bytes]","args":[{"element-6066-11e4-a52e-4f735466cecf":"f.8F60F7CA831AD576036D3680DB46BD22.d.656429FA51A0B92753D06EBC5603A331.e.8368","ELEMENT":"f.8F60F7CA831AD576036D3680DB46BD22.d.656429FA51A0B92753D06EBC5603A331.e.8368"}]}
COMMAND: POST /session/f8b17aff14ace713329ed2ba9e517e88/execute/async - {"script":"<script> [1562 bytes]","args":[{"selector":{"id":"application-managesites-display-component---NewSite--addressNewCostObjectCstID-vhi"},"wdio_ui5_key":"applicationmanagesites-display-component---NewSite--addressNewCostObjectCstID-vhi"}]}
COMMAND: GET /session/f8b17aff14ace713329ed2ba9e517e88/screenshot - {}
RESULT: {"script":"<script> [1562 bytes]","args":[{"selector":{"id":"application-managesites-display-component---NewSite--addressNewCostObjectCstID-vhi"},"wdio_ui5_key":"applicationmanagesites-display-component---NewSite--addressNewCostObjectCstID-vhi"}]}
RESULT: undefined
COMMAND: POST /session/f8b17aff14ace713329ed2ba9e517e88/element - {"using":"xpath","value":"//*[@id=\"application-managesites-display-component---NewSite--addressNewCostObjectCstID-vhi\"]"}
RESULT: {}
RESULT: {"using":"xpath","value":"//*[@id=\"application-managesites-display-component---NewSite--addressNewCostObjectCstID-vhi\"]"}
COMMAND: POST /session/f8b17aff14ace713329ed2ba9e517e88/element/f.8F60F7CA831AD576036D3680DB46BD22.d.656429FA51A0B92753D06EBC5603A331.e.8368/click - {}
RESULT: {}
COMMAND: GET /session/f8b17aff14ace713329ed2ba9e517e88/screenshot - {}
RESULT: {}
RESULT: undefined
COMMAND: POST /session/f8b17aff14ace713329ed2ba9e517e88/execute/async - {"script":"<script> [776 bytes]","args":[{"enterText":"10001013","selector":{"controlType":"sap.m.SearchField","properties":{"placeholder":"Search"},"searchOpenDialogs":true,"interaction":{"idSuffix":"I"}},"clearTextFirst":true,"interactionType":"ENTER_TEXT"}]}
RESULT: {"script":"<script> [776 bytes]","args":[{"enterText":"10001013","selector":{"controlType":"sap.m.SearchField","properties":{"placeholder":"Search"},"searchOpenDialogs":true,"interaction":{"idSuffix":"I"}},"clearTextFirst":true,"interactionType":"ENTER_TEXT"}]}
COMMAND: POST /session/f8b17aff14ace713329ed2ba9e517e88/actions - {"actions":[{"id":"action28","type":"key","parameters":{},"actions":[{"type":"keyDown","value":"î€‡"},{"type":"pause","duration":10},{"type":"keyUp","value":"î€‡"}]}]}
RESULT: {"actions":[{"id":"action28","type":"key","parameters":{},"actions":[{"type":"keyDown","value":"î€‡"},{"type":"pause","duration":10},{"type":"keyUp","value":"î€‡"}]}]}
COMMAND: GET /session/f8b17aff14ace713329ed2ba9e517e88/screenshot - {}
RESULT: {}
COMMAND: POST /session/f8b17aff14ace713329ed2ba9e517e88/element - {"using":"xpath","value":"//span[contains(text(), \"General Management\")]"}
RESULT: {"using":"xpath","value":"//span[contains(text(), \"General Management\")]"}
COMMAND: POST /session/f8b17aff14ace713329ed2ba9e517e88/element/f.8F60F7CA831AD576036D3680DB46BD22.d.656429FA51A0B92753D06EBC5603A331.e.8408/click - {}
RESULT: {}
COMMAND: GET /session/f8b17aff14ace713329ed2ba9e517e88/screenshot - {}
RESULT: {}
COMMAND: POST /session/f8b17aff14ace713329ed2ba9e517e88/element - {"using":"xpath","value":"//bdi[contains(text(), \"OK\")]"}
RESULT: {"using":"xpath","value":"//bdi[contains(text(), \"OK\")]"}
COMMAND: POST /session/f8b17aff14ace713329ed2ba9e517e88/element/f.8F60F7CA831AD576036D3680DB46BD22.d.656429FA51A0B92753D06EBC5603A331.e.8409/click - {}
RESULT: {}
COMMAND: GET /session/f8b17aff14ace713329ed2ba9e517e88/screenshot - {}
RESULT: {}
COMMAND: POST /session/f8b17aff14ace713329ed2ba9e517e88/element - {"using":"xpath","value":"//input[@id=\"application-managesites-display-component---NewSite--addressDetailDetailsCalendar-inner\"]"}
RESULT: {"using":"xpath","value":"//input[@id=\"application-managesites-display-component---NewSite--addressDetailDetailsCalendar-inner\"]"}
COMMAND: POST /session/f8b17aff14ace713329ed2ba9e517e88/element/f.8F60F7CA831AD576036D3680DB46BD22.d.656429FA51A0B92753D06EBC5603A331.e.8150/clear - {}
RESULT: {}
COMMAND: POST /session/f8b17aff14ace713329ed2ba9e517e88/element/f.8F60F7CA831AD576036D3680DB46BD22.d.656429FA51A0B92753D06EBC5603A331.e.8150/value - {"text":"Unit"}
COMMAND: GET /session/f8b17aff14ace713329ed2ba9e517e88/screenshot - {}
RESULT: {"text":"Unit"}
COMMAND: GET /session/f8b17aff14ace713329ed2ba9e517e88/screenshot - {}
RESULT: {}
RESULT: {}
COMMAND: POST /session/f8b17aff14ace713329ed2ba9e517e88/actions - {"actions":[{"id":"action29","type":"key","parameters":{},"actions":[{"type":"keyDown","value":"î€‡"},{"type":"pause","duration":10},{"type":"keyUp","value":"î€‡"}]}]}
RESULT: {"actions":[{"id":"action29","type":"key","parameters":{},"actions":[{"type":"keyDown","value":"î€‡"},{"type":"pause","duration":10},{"type":"keyUp","value":"î€‡"}]}]}
COMMAND: POST /session/f8b17aff14ace713329ed2ba9e517e88/element - {"using":"xpath","value":"//input[@id=\"application-managesites-display-component---NewSite--addressDetailDetailsYard-inner\"]"}
COMMAND: GET /session/f8b17aff14ace713329ed2ba9e517e88/screenshot - {}
RESULT: {"using":"xpath","value":"//input[@id=\"application-managesites-display-component---NewSite--addressDetailDetailsYard-inner\"]"}
COMMAND: POST /session/f8b17aff14ace713329ed2ba9e517e88/element/f.8F60F7CA831AD576036D3680DB46BD22.d.656429FA51A0B92753D06EBC5603A331.e.8151/clear - {}
RESULT: {}
RESULT: {}
COMMAND: POST /session/f8b17aff14ace713329ed2ba9e517e88/element/f.8F60F7CA831AD576036D3680DB46BD22.d.656429FA51A0B92753D06EBC5603A331.e.8151/value - {"text":"349"}
COMMAND: GET /session/f8b17aff14ace713329ed2ba9e517e88/screenshot - {}
RESULT: {"text":"349"}
COMMAND: GET /session/f8b17aff14ace713329ed2ba9e517e88/screenshot - {}
RESULT: {}
RESULT: {}
COMMAND: POST /session/f8b17aff14ace713329ed2ba9e517e88/element - {"using":"xpath","value":"//li[.//span[text()='349']]"}
RESULT: {"using":"xpath","value":"//li[.//span[text()='349']]"}
COMMAND: POST /session/f8b17aff14ace713329ed2ba9e517e88/element/f.8F60F7CA831AD576036D3680DB46BD22.d.656429FA51A0B92753D06EBC5603A331.e.8417/click - {}
RESULT: {}
COMMAND: GET /session/f8b17aff14ace713329ed2ba9e517e88/screenshot - {}
RESULT: {}
COMMAND: POST /session/f8b17aff14ace713329ed2ba9e517e88/element - {"using":"xpath","value":"//input[@id=\"application-managesites-display-component---NewSite--addressDetailDetailsPartner-inner\"]"}
RESULT: {"using":"xpath","value":"//input[@id=\"application-managesites-display-component---NewSite--addressDetailDetailsPartner-inner\"]"}
COMMAND: POST /session/f8b17aff14ace713329ed2ba9e517e88/element - {"using":"xpath","value":"//input[@id=\"application-managesites-display-component---NewSite--addressDetailDetailsPartner-inner\"]"}
RESULT: {"using":"xpath","value":"//input[@id=\"application-managesites-display-component---NewSite--addressDetailDetailsPartner-inner\"]"}
COMMAND: POST /session/f8b17aff14ace713329ed2ba9e517e88/element - {"using":"xpath","value":"//button[@data-kt=\"saveButton\"]"}
RESULT: {"using":"xpath","value":"//button[@data-kt=\"saveButton\"]"}
COMMAND: POST /session/f8b17aff14ace713329ed2ba9e517e88/element/f.8F60F7CA831AD576036D3680DB46BD22.d.656429FA51A0B92753D06EBC5603A331.e.8350/click - {}
RESULT: {}
COMMAND: GET /session/f8b17aff14ace713329ed2ba9e517e88/screenshot - {}
RESULT: {}
COMMAND: POST /session/f8b17aff14ace713329ed2ba9e517e88/element - {"using":"xpath","value":"//header[contains(@id, 'ObjectPageLayout-headerTitle')]/div[1]/div[2]/div[2]/span[1]"}
RESULT: {"using":"xpath","value":"//header[contains(@id, 'ObjectPageLayout-headerTitle')]/div[1]/div[2]/div[2]/span[1]"}
COMMAND: POST /session/f8b17aff14ace713329ed2ba9e517e88/elements - {"using":"xpath","value":"//header[contains(@id, 'ObjectPageLayout-headerTitle')]/div[1]/div[2]/div[2]/span[1]"}
RESULT: {"using":"xpath","value":"//header[contains(@id, 'ObjectPageLayout-headerTitle')]/div[1]/div[2]/div[2]/span[1]"}
COMMAND: POST /session/f8b17aff14ace713329ed2ba9e517e88/execute/sync - {"script":"<script> [56 bytes]","args":[{"element-6066-11e4-a52e-4f735466cecf":"f.8F60F7CA831AD576036D3680DB46BD22.d.656429FA51A0B92753D06EBC5603A331.e.8621","ELEMENT":"f.8F60F7CA831AD576036D3680DB46BD22.d.656429FA51A0B92753D06EBC5603A331.e.8621"}]}
RESULT: {"script":"<script> [56 bytes]","args":[{"element-6066-11e4-a52e-4f735466cecf":"f.8F60F7CA831AD576036D3680DB46BD22.d.656429FA51A0B92753D06EBC5603A331.e.8621","ELEMENT":"f.8F60F7CA831AD576036D3680DB46BD22.d.656429FA51A0B92753D06EBC5603A331.e.8621"}]}
COMMAND: POST /session/f8b17aff14ace713329ed2ba9e517e88/element - {"using":"css selector","value":"#shell-header-logo"}
COMMAND: GET /session/f8b17aff14ace713329ed2ba9e517e88/screenshot - {}
RESULT: {"using":"css selector","value":"#shell-header-logo"}
COMMAND: POST /session/f8b17aff14ace713329ed2ba9e517e88/element/f.8F60F7CA831AD576036D3680DB46BD22.d.656429FA51A0B92753D06EBC5603A331.e.7911/click - {}
RESULT: {}
RESULT: {}
COMMAND: GET /session/f8b17aff14ace713329ed2ba9e517e88/screenshot - {}
RESULT: {}
COMMAND: POST /session/f8b17aff14ace713329ed2ba9e517e88/execute/sync - {"script":"<script> [299 bytes]","args":[["getModel","getResource"]]}
RESULT: {"script":"<script> [299 bytes]","args":[["getModel","getResource"]]}
COMMAND: POST /session/f8b17aff14ace713329ed2ba9e517e88/element - {"using":"xpath","value":"//button[.//bdi[contains(text(), \"Close\")]]"}
COMMAND: GET /session/f8b17aff14ace713329ed2ba9e517e88/screenshot - {}
RESULT: {"using":"xpath","value":"//button[.//bdi[contains(text(), \"Close\")]]"}
COMMAND: POST /session/f8b17aff14ace713329ed2ba9e517e88/element/f.8F60F7CA831AD576036D3680DB46BD22.d.656429FA51A0B92753D06EBC5603A331.e.8624/click - {}
RESULT: {}
RESULT: {}
COMMAND: GET /session/f8b17aff14ace713329ed2ba9e517e88/screenshot - {}
RESULT: {}
COMMAND: POST /session/f8b17aff14ace713329ed2ba9e517e88/refresh - {}
RESULT: {}
COMMAND: GET /session/f8b17aff14ace713329ed2ba9e517e88/screenshot - {}
RESULT: {}
COMMAND: POST /session/f8b17aff14ace713329ed2ba9e517e88/refresh - {}
RESULT: {}
COMMAND: GET /session/f8b17aff14ace713329ed2ba9e517e88/screenshot - {}
RESULT: {}
COMMAND: POST /session/f8b17aff14ace713329ed2ba9e517e88/window/fullscreen - {}
RESULT: {}
COMMAND: POST /session/f8b17aff14ace713329ed2ba9e517e88/execute/async - {"script":"<script> [189 bytes]","args":[]}
RESULT: {"script":"<script> [189 bytes]","args":[]}
COMMAND: POST /session/f8b17aff14ace713329ed2ba9e517e88/execute/async - {"script":"<script> [123 bytes]","args":[]}
RESULT: {"script":"<script> [123 bytes]","args":[]}
COMMAND: POST /session/f8b17aff14ace713329ed2ba9e517e88/timeouts - {"script":"<number>"}
RESULT: {"script":"<number>"}
COMMAND: GET /session/f8b17aff14ace713329ed2ba9e517e88/timeouts - {}
RESULT: {}
RESULT: undefined
COMMAND: POST /session/f8b17aff14ace713329ed2ba9e517e88/execute/async - {"script":"<script> [2676 bytes]","args":[]}
RESULT: {"script":"<script> [2676 bytes]","args":[]}
COMMAND: POST /session/f8b17aff14ace713329ed2ba9e517e88/execute/async - {"script":"<script> [2342 bytes]","args":[{"protocol":"http","hostname":"0.0.0.0","path":"/","capabilities":{"browserName":"chrome","goog:chromeOptions":{"binary":"C:\\Program Files\\Google\\Chrome\\Application\\chrome.exe","args":["--start-maximized"]}},"logLevel":"warn","connectionRetryTimeout":120000,"connectionRetryCount":3,"logLevels":{},"enableDirectConnect":true,"strictSSL":true,"_":"65 more keys: [\"cacheDir\",\"port\",\"requestedCapabilities\",\"automationProtocol\",\"baseUrl\",\"waitforInterval\",\"waitforTimeout\",\"onReload\",\"beforeCommand\",\"afterCommand\",\"rootDir\",\"specs\",\"suites\",\"exclude\",\"groupLogsByTestSpec\",\"excludeDriverLogs\",\"bail\",\"framework\",\"reporters\",\"services\",\"maxInstances\",\"maxInstancesPerCapability\",\"injectGlobals\",\"filesToWatch\",\"execArgv\",\"runnerEnv\",\"runner\",\"shard\",\"specFileRetries\",\"specFileRetriesDelay\",\"specFileRetriesDeferred\",\"reporterSyncInterval\",\"reporterSyncTimeout\",\"cucumberFeaturesWithLineNumbers\",\"autoCompileOpts\",\"mochaOpts\",\"jasmineOpts\",\"cucumberOpts\",\"onPrepare\",\"onWorkerStart\",\"onWorkerEnd\",\"before\",\"beforeSession\",\"beforeSuite\",\"beforeHook\",\"beforeTest\",\"afterTest\",\"afterHook\",\"afterSuite\",\"afterSession\",\"after\",\"onComplete\",\"beforeAssertion\",\"afterAssertion\",\"beforeFeature\",\"beforeScenario\",\"beforeStep\",\"afterStep\",\"afterScenario\",\"afterFeature\",\"_\",\"suite\",\"$0\",\"ignoredWorkerServices\",\"wdi5\"]"}]}
RESULT: {"script":"<script> [2342 bytes]","args":[{"protocol":"http","hostname":"0.0.0.0","path":"/","capabilities":{"browserName":"chrome","goog:chromeOptions":{"binary":"C:\\Program Files\\Google\\Chrome\\Application\\chrome.exe","args":["--start-maximized"]}},"logLevel":"warn","connectionRetryTimeout":120000,"connectionRetryCount":3,"logLevels":{},"enableDirectConnect":true,"strictSSL":true,"_":"65 more keys: [\"cacheDir\",\"port\",\"requestedCapabilities\",\"automationProtocol\",\"baseUrl\",\"waitforInterval\",\"waitforTimeout\",\"onReload\",\"beforeCommand\",\"afterCommand\",\"rootDir\",\"specs\",\"suites\",\"exclude\",\"groupLogsByTestSpec\",\"excludeDriverLogs\",\"bail\",\"framework\",\"reporters\",\"services\",\"maxInstances\",\"maxInstancesPerCapability\",\"injectGlobals\",\"filesToWatch\",\"execArgv\",\"runnerEnv\",\"runner\",\"shard\",\"specFileRetries\",\"specFileRetriesDelay\",\"specFileRetriesDeferred\",\"reporterSyncInterval\",\"reporterSyncTimeout\",\"cucumberFeaturesWithLineNumbers\",\"autoCompileOpts\",\"mochaOpts\",\"jasmineOpts\",\"cucumberOpts\",\"onPrepare\",\"onWorkerStart\",\"onWorkerEnd\",\"before\",\"beforeSession\",\"beforeSuite\",\"beforeHook\",\"beforeTest\",\"afterTest\",\"afterHook\",\"afterSuite\",\"afterSession\",\"after\",\"onComplete\",\"beforeAssertion\",\"afterAssertion\",\"beforeFeature\",\"beforeScenario\",\"beforeStep\",\"afterStep\",\"afterScenario\",\"afterFeature\",\"_\",\"suite\",\"$0\",\"ignoredWorkerServices\",\"wdi5\"]"}]}
COMMAND: POST /session/f8b17aff14ace713329ed2ba9e517e88/execute/async - {"script":"<script> [21126 bytes]","args":[35000]}
RESULT: {"script":"<script> [21126 bytes]","args":[35000]}
COMMAND: POST /session/f8b17aff14ace713329ed2ba9e517e88/window/fullscreen - {}
RESULT: {}
]]></system-out>
    </testcase>
    <testcase classname="chrome.135_0_7049_96.windows.Billing_Transfer_-_Intracompany_US127249" name="Should create a new equipment" time="124.333">
      <system-out><![CDATA[
COMMAND: POST /session/f8b17aff14ace713329ed2ba9e517e88/execute/async - {"script":"<script> [1562 bytes]","args":[{"selector":{"controlType":"sap.m.GenericTile","properties":{"header":"Manage Resources"}},"wdio_ui5_key":"sapm.GenericTile{\"header\":\"Manage Resources\"}"}]}
RESULT: {"script":"<script> [1562 bytes]","args":[{"selector":{"controlType":"sap.m.GenericTile","properties":{"header":"Manage Resources"}},"wdio_ui5_key":"sapm.GenericTile{\"header\":\"Manage Resources\"}"}]}
RESULT: undefined
COMMAND: POST /session/f8b17aff14ace713329ed2ba9e517e88/element - {"using":"xpath","value":"//*[@id=\"__tile31\"]"}
RESULT: {"using":"xpath","value":"//*[@id=\"__tile31\"]"}
COMMAND: POST /session/f8b17aff14ace713329ed2ba9e517e88/element/f.8F60F7CA831AD576036D3680DB46BD22.d.876CBB912941B9229E7212FBAB61DB5B.e.8696/click - {}
RESULT: {}
COMMAND: POST /session/f8b17aff14ace713329ed2ba9e517e88/element - {"using":"xpath","value":"//button[@data-kt=\"addNewRUOverflowToolbarButton\"]"}
COMMAND: GET /session/f8b17aff14ace713329ed2ba9e517e88/screenshot - {}
RESULT: {"using":"xpath","value":"//button[@data-kt=\"addNewRUOverflowToolbarButton\"]"}
COMMAND: POST /session/f8b17aff14ace713329ed2ba9e517e88/elements - {"using":"xpath","value":"//button[@data-kt=\"addNewRUOverflowToolbarButton\"]"}
RESULT: {}
RESULT: {"using":"xpath","value":"//button[@data-kt=\"addNewRUOverflowToolbarButton\"]"}
COMMAND: POST /session/f8b17aff14ace713329ed2ba9e517e88/elements - {"using":"xpath","value":"//button[@data-kt=\"addNewRUOverflowToolbarButton\"]"}
RESULT: {"using":"xpath","value":"//button[@data-kt=\"addNewRUOverflowToolbarButton\"]"}
COMMAND: POST /session/f8b17aff14ace713329ed2ba9e517e88/elements - {"using":"xpath","value":"//button[@data-kt=\"addNewRUOverflowToolbarButton\"]"}
RESULT: {"using":"xpath","value":"//button[@data-kt=\"addNewRUOverflowToolbarButton\"]"}
COMMAND: POST /session/f8b17aff14ace713329ed2ba9e517e88/elements - {"using":"xpath","value":"//button[@data-kt=\"addNewRUOverflowToolbarButton\"]"}
RESULT: {"using":"xpath","value":"//button[@data-kt=\"addNewRUOverflowToolbarButton\"]"}
COMMAND: POST /session/f8b17aff14ace713329ed2ba9e517e88/elements - {"using":"xpath","value":"//button[@data-kt=\"addNewRUOverflowToolbarButton\"]"}
RESULT: {"using":"xpath","value":"//button[@data-kt=\"addNewRUOverflowToolbarButton\"]"}
COMMAND: POST /session/f8b17aff14ace713329ed2ba9e517e88/elements - {"using":"xpath","value":"//button[@data-kt=\"addNewRUOverflowToolbarButton\"]"}
RESULT: {"using":"xpath","value":"//button[@data-kt=\"addNewRUOverflowToolbarButton\"]"}
COMMAND: POST /session/f8b17aff14ace713329ed2ba9e517e88/elements - {"using":"xpath","value":"//button[@data-kt=\"addNewRUOverflowToolbarButton\"]"}
RESULT: {"using":"xpath","value":"//button[@data-kt=\"addNewRUOverflowToolbarButton\"]"}
COMMAND: POST /session/f8b17aff14ace713329ed2ba9e517e88/elements - {"using":"xpath","value":"//button[@data-kt=\"addNewRUOverflowToolbarButton\"]"}
RESULT: {"using":"xpath","value":"//button[@data-kt=\"addNewRUOverflowToolbarButton\"]"}
COMMAND: POST /session/f8b17aff14ace713329ed2ba9e517e88/elements - {"using":"xpath","value":"//button[@data-kt=\"addNewRUOverflowToolbarButton\"]"}
RESULT: {"using":"xpath","value":"//button[@data-kt=\"addNewRUOverflowToolbarButton\"]"}
COMMAND: POST /session/f8b17aff14ace713329ed2ba9e517e88/elements - {"using":"xpath","value":"//button[@data-kt=\"addNewRUOverflowToolbarButton\"]"}
RESULT: {"using":"xpath","value":"//button[@data-kt=\"addNewRUOverflowToolbarButton\"]"}
COMMAND: POST /session/f8b17aff14ace713329ed2ba9e517e88/elements - {"using":"xpath","value":"//button[@data-kt=\"addNewRUOverflowToolbarButton\"]"}
RESULT: {"using":"xpath","value":"//button[@data-kt=\"addNewRUOverflowToolbarButton\"]"}
COMMAND: POST /session/f8b17aff14ace713329ed2ba9e517e88/elements - {"using":"xpath","value":"//button[@data-kt=\"addNewRUOverflowToolbarButton\"]"}
RESULT: {"using":"xpath","value":"//button[@data-kt=\"addNewRUOverflowToolbarButton\"]"}
COMMAND: POST /session/f8b17aff14ace713329ed2ba9e517e88/elements - {"using":"xpath","value":"//button[@data-kt=\"addNewRUOverflowToolbarButton\"]"}
RESULT: {"using":"xpath","value":"//button[@data-kt=\"addNewRUOverflowToolbarButton\"]"}
COMMAND: POST /session/f8b17aff14ace713329ed2ba9e517e88/elements - {"using":"xpath","value":"//button[@data-kt=\"addNewRUOverflowToolbarButton\"]"}
RESULT: {"using":"xpath","value":"//button[@data-kt=\"addNewRUOverflowToolbarButton\"]"}
COMMAND: POST /session/f8b17aff14ace713329ed2ba9e517e88/elements - {"using":"xpath","value":"//button[@data-kt=\"addNewRUOverflowToolbarButton\"]"}
RESULT: {"using":"xpath","value":"//button[@data-kt=\"addNewRUOverflowToolbarButton\"]"}
COMMAND: POST /session/f8b17aff14ace713329ed2ba9e517e88/elements - {"using":"xpath","value":"//button[@data-kt=\"addNewRUOverflowToolbarButton\"]"}
RESULT: {"using":"xpath","value":"//button[@data-kt=\"addNewRUOverflowToolbarButton\"]"}
COMMAND: POST /session/f8b17aff14ace713329ed2ba9e517e88/elements - {"using":"xpath","value":"//button[@data-kt=\"addNewRUOverflowToolbarButton\"]"}
RESULT: {"using":"xpath","value":"//button[@data-kt=\"addNewRUOverflowToolbarButton\"]"}
COMMAND: POST /session/f8b17aff14ace713329ed2ba9e517e88/elements - {"using":"xpath","value":"//button[@data-kt=\"addNewRUOverflowToolbarButton\"]"}
RESULT: {"using":"xpath","value":"//button[@data-kt=\"addNewRUOverflowToolbarButton\"]"}
COMMAND: POST /session/f8b17aff14ace713329ed2ba9e517e88/elements - {"using":"xpath","value":"//button[@data-kt=\"addNewRUOverflowToolbarButton\"]"}
RESULT: {"using":"xpath","value":"//button[@data-kt=\"addNewRUOverflowToolbarButton\"]"}
COMMAND: POST /session/f8b17aff14ace713329ed2ba9e517e88/elements - {"using":"xpath","value":"//button[@data-kt=\"addNewRUOverflowToolbarButton\"]"}
RESULT: {"using":"xpath","value":"//button[@data-kt=\"addNewRUOverflowToolbarButton\"]"}
COMMAND: POST /session/f8b17aff14ace713329ed2ba9e517e88/elements - {"using":"xpath","value":"//button[@data-kt=\"addNewRUOverflowToolbarButton\"]"}
RESULT: {"using":"xpath","value":"//button[@data-kt=\"addNewRUOverflowToolbarButton\"]"}
COMMAND: POST /session/f8b17aff14ace713329ed2ba9e517e88/elements - {"using":"xpath","value":"//button[@data-kt=\"addNewRUOverflowToolbarButton\"]"}
RESULT: {"using":"xpath","value":"//button[@data-kt=\"addNewRUOverflowToolbarButton\"]"}
COMMAND: POST /session/f8b17aff14ace713329ed2ba9e517e88/elements - {"using":"xpath","value":"//button[@data-kt=\"addNewRUOverflowToolbarButton\"]"}
RESULT: {"using":"xpath","value":"//button[@data-kt=\"addNewRUOverflowToolbarButton\"]"}
COMMAND: POST /session/f8b17aff14ace713329ed2ba9e517e88/elements - {"using":"xpath","value":"//button[@data-kt=\"addNewRUOverflowToolbarButton\"]"}
RESULT: {"using":"xpath","value":"//button[@data-kt=\"addNewRUOverflowToolbarButton\"]"}
COMMAND: POST /session/f8b17aff14ace713329ed2ba9e517e88/elements - {"using":"xpath","value":"//button[@data-kt=\"addNewRUOverflowToolbarButton\"]"}
RESULT: {"using":"xpath","value":"//button[@data-kt=\"addNewRUOverflowToolbarButton\"]"}
COMMAND: POST /session/f8b17aff14ace713329ed2ba9e517e88/elements - {"using":"xpath","value":"//button[@data-kt=\"addNewRUOverflowToolbarButton\"]"}
RESULT: {"using":"xpath","value":"//button[@data-kt=\"addNewRUOverflowToolbarButton\"]"}
COMMAND: POST /session/f8b17aff14ace713329ed2ba9e517e88/elements - {"using":"xpath","value":"//button[@data-kt=\"addNewRUOverflowToolbarButton\"]"}
RESULT: {"using":"xpath","value":"//button[@data-kt=\"addNewRUOverflowToolbarButton\"]"}
COMMAND: POST /session/f8b17aff14ace713329ed2ba9e517e88/elements - {"using":"xpath","value":"//button[@data-kt=\"addNewRUOverflowToolbarButton\"]"}
RESULT: {"using":"xpath","value":"//button[@data-kt=\"addNewRUOverflowToolbarButton\"]"}
COMMAND: POST /session/f8b17aff14ace713329ed2ba9e517e88/element - {"using":"xpath","value":"//button[@data-kt=\"addNewRUOverflowToolbarButton\"]"}
RESULT: {"using":"xpath","value":"//button[@data-kt=\"addNewRUOverflowToolbarButton\"]"}
COMMAND: POST /session/f8b17aff14ace713329ed2ba9e517e88/execute/sync - {"script":"<script> [8489 bytes]","args":[{"element-6066-11e4-a52e-4f735466cecf":"f.8F60F7CA831AD576036D3680DB46BD22.d.876CBB912941B9229E7212FBAB61DB5B.e.8803","ELEMENT":"f.8F60F7CA831AD576036D3680DB46BD22.d.876CBB912941B9229E7212FBAB61DB5B.e.8803"}]}
RESULT: {"script":"<script> [8489 bytes]","args":[{"element-6066-11e4-a52e-4f735466cecf":"f.8F60F7CA831AD576036D3680DB46BD22.d.876CBB912941B9229E7212FBAB61DB5B.e.8803","ELEMENT":"f.8F60F7CA831AD576036D3680DB46BD22.d.876CBB912941B9229E7212FBAB61DB5B.e.8803"}]}
COMMAND: GET /session/f8b17aff14ace713329ed2ba9e517e88/element/f.8F60F7CA831AD576036D3680DB46BD22.d.876CBB912941B9229E7212FBAB61DB5B.e.8803/enabled - {}
COMMAND: GET /session/f8b17aff14ace713329ed2ba9e517e88/screenshot - {}
RESULT: {}
COMMAND: POST /session/f8b17aff14ace713329ed2ba9e517e88/execute/sync - {"script":"<script> [8489 bytes]","args":[{"element-6066-11e4-a52e-4f735466cecf":"f.8F60F7CA831AD576036D3680DB46BD22.d.876CBB912941B9229E7212FBAB61DB5B.e.8803","ELEMENT":"f.8F60F7CA831AD576036D3680DB46BD22.d.876CBB912941B9229E7212FBAB61DB5B.e.8803"}]}
COMMAND: GET /session/f8b17aff14ace713329ed2ba9e517e88/screenshot - {}
RESULT: {}
RESULT: {"script":"<script> [8489 bytes]","args":[{"element-6066-11e4-a52e-4f735466cecf":"f.8F60F7CA831AD576036D3680DB46BD22.d.876CBB912941B9229E7212FBAB61DB5B.e.8803","ELEMENT":"f.8F60F7CA831AD576036D3680DB46BD22.d.876CBB912941B9229E7212FBAB61DB5B.e.8803"}]}
COMMAND: POST /session/f8b17aff14ace713329ed2ba9e517e88/execute/sync - {"script":"<script> [5351 bytes]","args":[{"element-6066-11e4-a52e-4f735466cecf":"f.8F60F7CA831AD576036D3680DB46BD22.d.876CBB912941B9229E7212FBAB61DB5B.e.8803","ELEMENT":"f.8F60F7CA831AD576036D3680DB46BD22.d.876CBB912941B9229E7212FBAB61DB5B.e.8803"}]}
COMMAND: GET /session/f8b17aff14ace713329ed2ba9e517e88/screenshot - {}
RESULT: {}
RESULT: {"script":"<script> [5351 bytes]","args":[{"element-6066-11e4-a52e-4f735466cecf":"f.8F60F7CA831AD576036D3680DB46BD22.d.876CBB912941B9229E7212FBAB61DB5B.e.8803","ELEMENT":"f.8F60F7CA831AD576036D3680DB46BD22.d.876CBB912941B9229E7212FBAB61DB5B.e.8803"}]}
COMMAND: POST /session/f8b17aff14ace713329ed2ba9e517e88/element/f.8F60F7CA831AD576036D3680DB46BD22.d.876CBB912941B9229E7212FBAB61DB5B.e.8803/click - {}
COMMAND: GET /session/f8b17aff14ace713329ed2ba9e517e88/screenshot - {}
RESULT: {}
RESULT: {}
COMMAND: GET /session/f8b17aff14ace713329ed2ba9e517e88/screenshot - {}
RESULT: {}
RESULT: {}
COMMAND: POST /session/f8b17aff14ace713329ed2ba9e517e88/execute/async - {"script":"<script> [1562 bytes]","args":[{"selector":{"id":"application-manageresources-display-component---newResourceUnit--TYPE-arrow"},"wdio_ui5_key":"applicationmanageresources-display-component---newResourceUnit--TYPE-arrow"}]}
RESULT: {"script":"<script> [1562 bytes]","args":[{"selector":{"id":"application-manageresources-display-component---newResourceUnit--TYPE-arrow"},"wdio_ui5_key":"applicationmanageresources-display-component---newResourceUnit--TYPE-arrow"}]}
RESULT: undefined
COMMAND: POST /session/f8b17aff14ace713329ed2ba9e517e88/element - {"using":"xpath","value":"//*[@id=\"application-manageresources-display-component---newResourceUnit--TYPE-arrow\"]"}
RESULT: {"using":"xpath","value":"//*[@id=\"application-manageresources-display-component---newResourceUnit--TYPE-arrow\"]"}
COMMAND: POST /session/f8b17aff14ace713329ed2ba9e517e88/element/f.8F60F7CA831AD576036D3680DB46BD22.d.876CBB912941B9229E7212FBAB61DB5B.e.8973/click - {}
RESULT: {}
COMMAND: POST /session/f8b17aff14ace713329ed2ba9e517e88/element - {"using":"xpath","value":"//input[@id=\"application-manageresources-display-component---newResourceUnit--TYPE-inner\"]"}
COMMAND: GET /session/f8b17aff14ace713329ed2ba9e517e88/screenshot - {}
RESULT: {"using":"xpath","value":"//input[@id=\"application-manageresources-display-component---newResourceUnit--TYPE-inner\"]"}
COMMAND: POST /session/f8b17aff14ace713329ed2ba9e517e88/element/f.8F60F7CA831AD576036D3680DB46BD22.d.876CBB912941B9229E7212FBAB61DB5B.e.8840/clear - {}
RESULT: {}
RESULT: {}
COMMAND: POST /session/f8b17aff14ace713329ed2ba9e517e88/element/f.8F60F7CA831AD576036D3680DB46BD22.d.876CBB912941B9229E7212FBAB61DB5B.e.8840/value - {"text":"Equipment"}
COMMAND: GET /session/f8b17aff14ace713329ed2ba9e517e88/screenshot - {}
RESULT: {"text":"Equipment"}
COMMAND: GET /session/f8b17aff14ace713329ed2ba9e517e88/screenshot - {}
RESULT: {}
RESULT: {}
COMMAND: POST /session/f8b17aff14ace713329ed2ba9e517e88/actions - {"actions":[{"id":"action30","type":"key","parameters":{},"actions":[{"type":"keyDown","value":"î€‡"},{"type":"pause","duration":10},{"type":"keyUp","value":"î€‡"}]}]}
RESULT: {"actions":[{"id":"action30","type":"key","parameters":{},"actions":[{"type":"keyDown","value":"î€‡"},{"type":"pause","duration":10},{"type":"keyUp","value":"î€‡"}]}]}
COMMAND: POST /session/f8b17aff14ace713329ed2ba9e517e88/execute/async - {"script":"<script> [1562 bytes]","args":[{"selector":{"id":"application-manageresources-display-component---newResourceUnit--resourceId","interaction":{"idSuffix":"inner"}},"wdio_ui5_key":"applicationmanageresources-display-component---newResourceUnit--resourceId"}]}
COMMAND: GET /session/f8b17aff14ace713329ed2ba9e517e88/screenshot - {}
RESULT: {"script":"<script> [1562 bytes]","args":[{"selector":{"id":"application-manageresources-display-component---newResourceUnit--resourceId","interaction":{"idSuffix":"inner"}},"wdio_ui5_key":"applicationmanageresources-display-component---newResourceUnit--resourceId"}]}
RESULT: undefined
COMMAND: POST /session/f8b17aff14ace713329ed2ba9e517e88/execute/async - {"script":"<script> [776 bytes]","args":[{"enterText":"U32owKHv8M","selector":{"id":"application-manageresources-display-component---newResourceUnit--resourceId","interaction":{"idSuffix":"inner"}},"clearTextFirst":true,"interactionType":"ENTER_TEXT"}]}
RESULT: {}
RESULT: {"script":"<script> [776 bytes]","args":[{"enterText":"U32owKHv8M","selector":{"id":"application-manageresources-display-component---newResourceUnit--resourceId","interaction":{"idSuffix":"inner"}},"clearTextFirst":true,"interactionType":"ENTER_TEXT"}]}
COMMAND: POST /session/f8b17aff14ace713329ed2ba9e517e88/execute/async - {"script":"<script> [1562 bytes]","args":[{"selector":{"id":"application-manageresources-display-component---newResourceUnit--SHORT_TEXT","interaction":{"idSuffix":"inner"}},"wdio_ui5_key":"applicationmanageresources-display-component---newResourceUnit--SHORT_TEXT"}]}
RESULT: {"script":"<script> [1562 bytes]","args":[{"selector":{"id":"application-manageresources-display-component---newResourceUnit--SHORT_TEXT","interaction":{"idSuffix":"inner"}},"wdio_ui5_key":"applicationmanageresources-display-component---newResourceUnit--SHORT_TEXT"}]}
RESULT: undefined
COMMAND: POST /session/f8b17aff14ace713329ed2ba9e517e88/execute/async - {"script":"<script> [776 bytes]","args":[{"enterText":"Intercompany Equipment WDIO","selector":{"id":"application-manageresources-display-component---newResourceUnit--SHORT_TEXT","interaction":{"idSuffix":"inner"}},"clearTextFirst":true,"interactionType":"ENTER_TEXT"}]}
RESULT: {"script":"<script> [776 bytes]","args":[{"enterText":"Intercompany Equipment WDIO","selector":{"id":"application-manageresources-display-component---newResourceUnit--SHORT_TEXT","interaction":{"idSuffix":"inner"}},"clearTextFirst":true,"interactionType":"ENTER_TEXT"}]}
COMMAND: POST /session/f8b17aff14ace713329ed2ba9e517e88/execute/async - {"script":"<script> [1562 bytes]","args":[{"selector":{"id":"application-manageresources-display-component---newResourceUnit--BASE_UNIT_OF_MEASURE","interaction":{"idSuffix":"inner"}},"wdio_ui5_key":"applicationmanageresources-display-component---newResourceUnit--BASE_UNIT_OF_MEASURE"}]}
RESULT: {"script":"<script> [1562 bytes]","args":[{"selector":{"id":"application-manageresources-display-component---newResourceUnit--BASE_UNIT_OF_MEASURE","interaction":{"idSuffix":"inner"}},"wdio_ui5_key":"applicationmanageresources-display-component---newResourceUnit--BASE_UNIT_OF_MEASURE"}]}
RESULT: undefined
COMMAND: POST /session/f8b17aff14ace713329ed2ba9e517e88/execute/async - {"script":"<script> [776 bytes]","args":[{"enterText":"Piece","selector":{"id":"application-manageresources-display-component---newResourceUnit--BASE_UNIT_OF_MEASURE","interaction":{"idSuffix":"inner"}},"clearTextFirst":true,"interactionType":"ENTER_TEXT"}]}
RESULT: {"script":"<script> [776 bytes]","args":[{"enterText":"Piece","selector":{"id":"application-manageresources-display-component---newResourceUnit--BASE_UNIT_OF_MEASURE","interaction":{"idSuffix":"inner"}},"clearTextFirst":true,"interactionType":"ENTER_TEXT"}]}
COMMAND: POST /session/f8b17aff14ace713329ed2ba9e517e88/execute/async - {"script":"<script> [1562 bytes]","args":[{"selector":{"id":"application-manageresources-display-component---newResourceUnit--WEIGHT_UNIT","interaction":{"idSuffix":"inner"}},"wdio_ui5_key":"applicationmanageresources-display-component---newResourceUnit--WEIGHT_UNIT"}]}
RESULT: {"script":"<script> [1562 bytes]","args":[{"selector":{"id":"application-manageresources-display-component---newResourceUnit--WEIGHT_UNIT","interaction":{"idSuffix":"inner"}},"wdio_ui5_key":"applicationmanageresources-display-component---newResourceUnit--WEIGHT_UNIT"}]}
RESULT: undefined
COMMAND: POST /session/f8b17aff14ace713329ed2ba9e517e88/execute/async - {"script":"<script> [776 bytes]","args":[{"enterText":"Gram","selector":{"id":"application-manageresources-display-component---newResourceUnit--WEIGHT_UNIT","interaction":{"idSuffix":"inner"}},"clearTextFirst":true,"interactionType":"ENTER_TEXT"}]}
RESULT: {"script":"<script> [776 bytes]","args":[{"enterText":"Gram","selector":{"id":"application-manageresources-display-component---newResourceUnit--WEIGHT_UNIT","interaction":{"idSuffix":"inner"}},"clearTextFirst":true,"interactionType":"ENTER_TEXT"}]}
COMMAND: POST /session/f8b17aff14ace713329ed2ba9e517e88/execute/async - {"script":"<script> [1562 bytes]","args":[{"selector":{"id":"application-manageresources-display-component---newResourceUnit--DIMENSION_UNIT","interaction":{"idSuffix":"inner"}},"wdio_ui5_key":"applicationmanageresources-display-component---newResourceUnit--DIMENSION_UNIT"}]}
RESULT: {"script":"<script> [1562 bytes]","args":[{"selector":{"id":"application-manageresources-display-component---newResourceUnit--DIMENSION_UNIT","interaction":{"idSuffix":"inner"}},"wdio_ui5_key":"applicationmanageresources-display-component---newResourceUnit--DIMENSION_UNIT"}]}
RESULT: undefined
COMMAND: POST /session/f8b17aff14ace713329ed2ba9e517e88/execute/async - {"script":"<script> [776 bytes]","args":[{"enterText":"Meter","selector":{"id":"application-manageresources-display-component---newResourceUnit--DIMENSION_UNIT","interaction":{"idSuffix":"inner"}},"clearTextFirst":true,"interactionType":"ENTER_TEXT"}]}
RESULT: {"script":"<script> [776 bytes]","args":[{"enterText":"Meter","selector":{"id":"application-manageresources-display-component---newResourceUnit--DIMENSION_UNIT","interaction":{"idSuffix":"inner"}},"clearTextFirst":true,"interactionType":"ENTER_TEXT"}]}
COMMAND: POST /session/f8b17aff14ace713329ed2ba9e517e88/execute/async - {"script":"<script> [1562 bytes]","args":[{"selector":{"id":"application-manageresources-display-component---newResourceUnit--newRRUPage-anchBar-application-manageresources-display-component---newResourceUnit--control-anchor","interaction":{"idSuffix":"BDI-content"}},"wdio_ui5_key":"applicationmanageresources-display-component---newResourceUnit--newRRUPage-anchBar-application-manageresources-display-component---newResourceUnit--control-anchor"}]}
RESULT: {"script":"<script> [1562 bytes]","args":[{"selector":{"id":"application-manageresources-display-component---newResourceUnit--newRRUPage-anchBar-application-manageresources-display-component---newResourceUnit--control-anchor","interaction":{"idSuffix":"BDI-content"}},"wdio_ui5_key":"applicationmanageresources-display-component---newResourceUnit--newRRUPage-anchBar-application-manageresources-display-component---newResourceUnit--control-anchor"}]}
RESULT: undefined
COMMAND: POST /session/f8b17aff14ace713329ed2ba9e517e88/element - {"using":"xpath","value":"//*[@id=\"application-manageresources-display-component---newResourceUnit--newRRUPage-anchBar-application-manageresources-display-component---newResourceUnit--control-anchor\"]"}
RESULT: {"using":"xpath","value":"//*[@id=\"application-manageresources-display-component---newResourceUnit--newRRUPage-anchBar-application-manageresources-display-component---newResourceUnit--control-anchor\"]"}
COMMAND: POST /session/f8b17aff14ace713329ed2ba9e517e88/element/f.8F60F7CA831AD576036D3680DB46BD22.d.876CBB912941B9229E7212FBAB61DB5B.e.9108/click - {}
RESULT: {}
COMMAND: POST /session/f8b17aff14ace713329ed2ba9e517e88/execute/async - {"script":"<script> [1562 bytes]","args":[{"selector":{"id":"application-manageresources-display-component---newResourceUnit--PLANNING_GROUP","interaction":{"idSuffix":"inner"}},"wdio_ui5_key":"applicationmanageresources-display-component---newResourceUnit--PLANNING_GROUP"}]}
COMMAND: GET /session/f8b17aff14ace713329ed2ba9e517e88/screenshot - {}
RESULT: {"script":"<script> [1562 bytes]","args":[{"selector":{"id":"application-manageresources-display-component---newResourceUnit--PLANNING_GROUP","interaction":{"idSuffix":"inner"}},"wdio_ui5_key":"applicationmanageresources-display-component---newResourceUnit--PLANNING_GROUP"}]}
RESULT: undefined
COMMAND: POST /session/f8b17aff14ace713329ed2ba9e517e88/execute/async - {"script":"<script> [776 bytes]","args":[{"enterText":"Heavy Equi","selector":{"id":"application-manageresources-display-component---newResourceUnit--PLANNING_GROUP","interaction":{"idSuffix":"inner"}},"clearTextFirst":true,"interactionType":"ENTER_TEXT"}]}
RESULT: {}
RESULT: {"script":"<script> [776 bytes]","args":[{"enterText":"Heavy Equi","selector":{"id":"application-manageresources-display-component---newResourceUnit--PLANNING_GROUP","interaction":{"idSuffix":"inner"}},"clearTextFirst":true,"interactionType":"ENTER_TEXT"}]}
COMMAND: POST /session/f8b17aff14ace713329ed2ba9e517e88/execute/async - {"script":"<script> [1562 bytes]","args":[{"selector":{"id":"application-manageresources-display-component---newResourceUnit--ITEM_TYPE-arrow"},"wdio_ui5_key":"applicationmanageresources-display-component---newResourceUnit--ITEM_TYPE-arrow"}]}
RESULT: {"script":"<script> [1562 bytes]","args":[{"selector":{"id":"application-manageresources-display-component---newResourceUnit--ITEM_TYPE-arrow"},"wdio_ui5_key":"applicationmanageresources-display-component---newResourceUnit--ITEM_TYPE-arrow"}]}
RESULT: undefined
COMMAND: POST /session/f8b17aff14ace713329ed2ba9e517e88/element - {"using":"xpath","value":"//*[@id=\"application-manageresources-display-component---newResourceUnit--ITEM_TYPE-arrow\"]"}
RESULT: {"using":"xpath","value":"//*[@id=\"application-manageresources-display-component---newResourceUnit--ITEM_TYPE-arrow\"]"}
COMMAND: POST /session/f8b17aff14ace713329ed2ba9e517e88/element/f.8F60F7CA831AD576036D3680DB46BD22.d.876CBB912941B9229E7212FBAB61DB5B.e.9115/click - {}
RESULT: {}
COMMAND: POST /session/f8b17aff14ace713329ed2ba9e517e88/element - {"using":"xpath","value":"(//span[contains(text(), \"Resource Unit\")])[2]"}
COMMAND: GET /session/f8b17aff14ace713329ed2ba9e517e88/screenshot - {}
RESULT: {"using":"xpath","value":"(//span[contains(text(), \"Resource Unit\")])[2]"}
COMMAND: POST /session/f8b17aff14ace713329ed2ba9e517e88/element/f.8F60F7CA831AD576036D3680DB46BD22.d.876CBB912941B9229E7212FBAB61DB5B.e.9116/click - {}
RESULT: {}
RESULT: {}
COMMAND: GET /session/f8b17aff14ace713329ed2ba9e517e88/screenshot - {}
RESULT: {}
COMMAND: POST /session/f8b17aff14ace713329ed2ba9e517e88/element - {"using":"css selector","value":"#application-manageresources-display-component---newResourceUnit--btnAddTimeSegment"}
RESULT: {"using":"css selector","value":"#application-manageresources-display-component---newResourceUnit--btnAddTimeSegment"}
COMMAND: GET /session/f8b17aff14ace713329ed2ba9e517e88/element/f.8F60F7CA831AD576036D3680DB46BD22.d.876CBB912941B9229E7212FBAB61DB5B.e.9117/rect - {}
RESULT: {}
COMMAND: GET /session/f8b17aff14ace713329ed2ba9e517e88/window/rect - {}
RESULT: {}
COMMAND: POST /session/f8b17aff14ace713329ed2ba9e517e88/execute/sync - {"script":"<script> [92 bytes]","args":[]}
RESULT: {"script":"<script> [92 bytes]","args":[]}
COMMAND: POST /session/f8b17aff14ace713329ed2ba9e517e88/actions - {"actions":[{"id":"action31","type":"wheel","parameters":{},"actions":[{"type":"scroll","x":-1888,"y":-32,"deltaX":0,"deltaY":0,"duration":0,"origin":{"element-6066-11e4-a52e-4f735466cecf":"f.8F60F7CA831AD576036D3680DB46BD22.d.876CBB912941B9229E7212FBAB61DB5B.e.9117"}}]}]}
COMMAND: GET /session/f8b17aff14ace713329ed2ba9e517e88/screenshot - {}
RESULT: {}
COMMAND: POST /session/f8b17aff14ace713329ed2ba9e517e88/execute/sync - {"script":"<script> [79 bytes]","args":[{"element-6066-11e4-a52e-4f735466cecf":"f.8F60F7CA831AD576036D3680DB46BD22.d.876CBB912941B9229E7212FBAB61DB5B.e.9117","ELEMENT":"f.8F60F7CA831AD576036D3680DB46BD22.d.876CBB912941B9229E7212FBAB61DB5B.e.9117"},{"block":"start","inline":"nearest"}]}
RESULT: {"script":"<script> [79 bytes]","args":[{"element-6066-11e4-a52e-4f735466cecf":"f.8F60F7CA831AD576036D3680DB46BD22.d.876CBB912941B9229E7212FBAB61DB5B.e.9117","ELEMENT":"f.8F60F7CA831AD576036D3680DB46BD22.d.876CBB912941B9229E7212FBAB61DB5B.e.9117"},{"block":"start","inline":"nearest"}]}
COMMAND: POST /session/f8b17aff14ace713329ed2ba9e517e88/execute/async - {"script":"<script> [1562 bytes]","args":[{"selector":{"id":"application-manageresources-display-component---newResourceUnit--btnAddTimeSegment","interaction":{"idSuffix":"inner"}},"wdio_ui5_key":"applicationmanageresources-display-component---newResourceUnit--btnAddTimeSegment"}]}
COMMAND: GET /session/f8b17aff14ace713329ed2ba9e517e88/screenshot - {}
RESULT: {"script":"<script> [1562 bytes]","args":[{"selector":{"id":"application-manageresources-display-component---newResourceUnit--btnAddTimeSegment","interaction":{"idSuffix":"inner"}},"wdio_ui5_key":"applicationmanageresources-display-component---newResourceUnit--btnAddTimeSegment"}]}
RESULT: undefined
COMMAND: POST /session/f8b17aff14ace713329ed2ba9e517e88/element - {"using":"xpath","value":"//*[@id=\"application-manageresources-display-component---newResourceUnit--btnAddTimeSegment\"]"}
RESULT: {}
RESULT: {"using":"xpath","value":"//*[@id=\"application-manageresources-display-component---newResourceUnit--btnAddTimeSegment\"]"}
COMMAND: POST /session/f8b17aff14ace713329ed2ba9e517e88/element/f.8F60F7CA831AD576036D3680DB46BD22.d.876CBB912941B9229E7212FBAB61DB5B.e.9117/click - {}
RESULT: {}
COMMAND: GET /session/f8b17aff14ace713329ed2ba9e517e88/screenshot - {}
RESULT: {}
COMMAND: POST /session/f8b17aff14ace713329ed2ba9e517e88/element - {"using":"xpath","value":"//input[@id=\"application-manageresources-display-component---newResourceUnit--idRuTSAdmin-application-manageresources-display-component---newResourceUnit--RUTimeSegment-0-inner\"]"}
RESULT: {"using":"xpath","value":"//input[@id=\"application-manageresources-display-component---newResourceUnit--idRuTSAdmin-application-manageresources-display-component---newResourceUnit--RUTimeSegment-0-inner\"]"}
COMMAND: POST /session/f8b17aff14ace713329ed2ba9e517e88/element/f.8F60F7CA831AD576036D3680DB46BD22.d.876CBB912941B9229E7212FBAB61DB5B.e.9123/clear - {}
RESULT: {}
COMMAND: POST /session/f8b17aff14ace713329ed2ba9e517e88/element/f.8F60F7CA831AD576036D3680DB46BD22.d.876CBB912941B9229E7212FBAB61DB5B.e.9123/value - {"text":"349"}
COMMAND: GET /session/f8b17aff14ace713329ed2ba9e517e88/screenshot - {}
RESULT: {"text":"349"}
COMMAND: GET /session/f8b17aff14ace713329ed2ba9e517e88/screenshot - {}
RESULT: {}
RESULT: {}
COMMAND: POST /session/f8b17aff14ace713329ed2ba9e517e88/element - {"using":"xpath","value":"//li[.//span[text()='349']]"}
RESULT: {"using":"xpath","value":"//li[.//span[text()='349']]"}
COMMAND: POST /session/f8b17aff14ace713329ed2ba9e517e88/element/f.8F60F7CA831AD576036D3680DB46BD22.d.876CBB912941B9229E7212FBAB61DB5B.e.9135/click - {}
RESULT: {}
COMMAND: GET /session/f8b17aff14ace713329ed2ba9e517e88/screenshot - {}
RESULT: {}
COMMAND: POST /session/f8b17aff14ace713329ed2ba9e517e88/element - {"using":"xpath","value":"(//span[contains(@id, \"-application-manageresources-display-component---newResourceUnit--RUTimeSegment-0-arrow\")])[6]"}
RESULT: {"using":"xpath","value":"(//span[contains(@id, \"-application-manageresources-display-component---newResourceUnit--RUTimeSegment-0-arrow\")])[6]"}
COMMAND: POST /session/f8b17aff14ace713329ed2ba9e517e88/element/f.8F60F7CA831AD576036D3680DB46BD22.d.876CBB912941B9229E7212FBAB61DB5B.e.9136/click - {}
RESULT: {}
COMMAND: POST /session/f8b17aff14ace713329ed2ba9e517e88/element - {"using":"xpath","value":"//span[contains(text(), \"PM Order\")]"}
COMMAND: GET /session/f8b17aff14ace713329ed2ba9e517e88/screenshot - {}
RESULT: {"using":"xpath","value":"//span[contains(text(), \"PM Order\")]"}
COMMAND: POST /session/f8b17aff14ace713329ed2ba9e517e88/element/f.8F60F7CA831AD576036D3680DB46BD22.d.876CBB912941B9229E7212FBAB61DB5B.e.9139/click - {}
RESULT: {}
RESULT: {}
COMMAND: GET /session/f8b17aff14ace713329ed2ba9e517e88/screenshot - {}
RESULT: {}
COMMAND: POST /session/f8b17aff14ace713329ed2ba9e517e88/element - {"using":"xpath","value":"(//span[contains(@id ,\"manageresources-display-component---newResourceUnit--RUTimeSegment-0-vhi\")])[1]"}
RESULT: {"using":"xpath","value":"(//span[contains(@id ,\"manageresources-display-component---newResourceUnit--RUTimeSegment-0-vhi\")])[1]"}
COMMAND: GET /session/f8b17aff14ace713329ed2ba9e517e88/element/f.8F60F7CA831AD576036D3680DB46BD22.d.876CBB912941B9229E7212FBAB61DB5B.e.9143/rect - {}
RESULT: {}
COMMAND: GET /session/f8b17aff14ace713329ed2ba9e517e88/window/rect - {}
RESULT: {}
COMMAND: POST /session/f8b17aff14ace713329ed2ba9e517e88/execute/sync - {"script":"<script> [92 bytes]","args":[]}
RESULT: {"script":"<script> [92 bytes]","args":[]}
COMMAND: POST /session/f8b17aff14ace713329ed2ba9e517e88/actions - {"actions":[{"id":"action32","type":"wheel","parameters":{},"actions":[{"type":"scroll","x":-869,"y":-24,"deltaX":0,"deltaY":0,"duration":0,"origin":{"element-6066-11e4-a52e-4f735466cecf":"f.8F60F7CA831AD576036D3680DB46BD22.d.876CBB912941B9229E7212FBAB61DB5B.e.9143"}}]}]}
COMMAND: GET /session/f8b17aff14ace713329ed2ba9e517e88/screenshot - {}
RESULT: {"actions":[{"id":"action32","type":"wheel","parameters":{},"actions":[{"type":"scroll","x":-869,"y":-24,"deltaX":0,"deltaY":0,"duration":0,"origin":{"element-6066-11e4-a52e-4f735466cecf":"f.8F60F7CA831AD576036D3680DB46BD22.d.876CBB912941B9229E7212FBAB61DB5B.e.9143"}}]}]}
COMMAND: DELETE /session/f8b17aff14ace713329ed2ba9e517e88/actions - {}
COMMAND: GET /session/f8b17aff14ace713329ed2ba9e517e88/screenshot - {}
RESULT: {}
RESULT: {}
COMMAND: GET /session/f8b17aff14ace713329ed2ba9e517e88/screenshot - {}
RESULT: {}
RESULT: {}
COMMAND: POST /session/f8b17aff14ace713329ed2ba9e517e88/element/f.8F60F7CA831AD576036D3680DB46BD22.d.876CBB912941B9229E7212FBAB61DB5B.e.9143/click - {}
RESULT: {}
COMMAND: GET /session/f8b17aff14ace713329ed2ba9e517e88/screenshot - {}
RESULT: {}
COMMAND: POST /session/f8b17aff14ace713329ed2ba9e517e88/execute/async - {"script":"<script> [1562 bytes]","args":[{"selector":{"controlType":"sap.m.SearchField","properties":{"placeholder":"Search"},"searchOpenDialogs":true,"interaction":{"idSuffix":"I"}},"wdio_ui5_key":"sapm.SearchField{\"placeholder\":\"Search\"}"}]}
RESULT: {"script":"<script> [1562 bytes]","args":[{"selector":{"controlType":"sap.m.SearchField","properties":{"placeholder":"Search"},"searchOpenDialogs":true,"interaction":{"idSuffix":"I"}},"wdio_ui5_key":"sapm.SearchField{\"placeholder\":\"Search\"}"}]}
RESULT: undefined
COMMAND: POST /session/f8b17aff14ace713329ed2ba9e517e88/execute/async - {"script":"<script> [776 bytes]","args":[{"enterText":"4000360","selector":{"controlType":"sap.m.SearchField","properties":{"placeholder":"Search"},"searchOpenDialogs":true,"interaction":{"idSuffix":"I"}},"clearTextFirst":true,"interactionType":"ENTER_TEXT"}]}
RESULT: {"script":"<script> [776 bytes]","args":[{"enterText":"4000360","selector":{"controlType":"sap.m.SearchField","properties":{"placeholder":"Search"},"searchOpenDialogs":true,"interaction":{"idSuffix":"I"}},"clearTextFirst":true,"interactionType":"ENTER_TEXT"}]}
COMMAND: POST /session/f8b17aff14ace713329ed2ba9e517e88/actions - {"actions":[{"id":"action33","type":"key","parameters":{},"actions":[{"type":"keyDown","value":"î€‡"},{"type":"pause","duration":10},{"type":"keyUp","value":"î€‡"}]}]}
RESULT: {"actions":[{"id":"action33","type":"key","parameters":{},"actions":[{"type":"keyDown","value":"î€‡"},{"type":"pause","duration":10},{"type":"keyUp","value":"î€‡"}]}]}
COMMAND: GET /session/f8b17aff14ace713329ed2ba9e517e88/screenshot - {}
RESULT: {}
COMMAND: POST /session/f8b17aff14ace713329ed2ba9e517e88/element - {"using":"xpath","value":"//td/div/span[contains(text(), \"BGL Vehicles\")]"}
RESULT: {"using":"xpath","value":"//td/div/span[contains(text(), \"BGL Vehicles\")]"}
COMMAND: POST /session/f8b17aff14ace713329ed2ba9e517e88/element/f.8F60F7CA831AD576036D3680DB46BD22.d.876CBB912941B9229E7212FBAB61DB5B.e.9166/click - {}
RESULT: {}
COMMAND: GET /session/f8b17aff14ace713329ed2ba9e517e88/screenshot - {}
RESULT: {}
COMMAND: POST /session/f8b17aff14ace713329ed2ba9e517e88/element - {"using":"xpath","value":"//bdi[contains(text(), \"OK\")]"}
RESULT: {"using":"xpath","value":"//bdi[contains(text(), \"OK\")]"}
COMMAND: POST /session/f8b17aff14ace713329ed2ba9e517e88/element/f.8F60F7CA831AD576036D3680DB46BD22.d.876CBB912941B9229E7212FBAB61DB5B.e.9167/click - {}
RESULT: {}
COMMAND: GET /session/f8b17aff14ace713329ed2ba9e517e88/screenshot - {}
RESULT: {}
COMMAND: POST /session/f8b17aff14ace713329ed2ba9e517e88/execute/async - {"script":"<script> [1562 bytes]","args":[{"selector":{"id":"application-manageresources-display-component---newResourceUnit--newRRUPage-anchBar-application-manageresources-display-component---newResourceUnit--resource-anchor","interaction":{"idSuffix":"BDI-content"}},"wdio_ui5_key":"applicationmanageresources-display-component---newResourceUnit--newRRUPage-anchBar-application-manageresources-display-component---newResourceUnit--resource-anchor"}]}
RESULT: {"script":"<script> [1562 bytes]","args":[{"selector":{"id":"application-manageresources-display-component---newResourceUnit--newRRUPage-anchBar-application-manageresources-display-component---newResourceUnit--resource-anchor","interaction":{"idSuffix":"BDI-content"}},"wdio_ui5_key":"applicationmanageresources-display-component---newResourceUnit--newRRUPage-anchBar-application-manageresources-display-component---newResourceUnit--resource-anchor"}]}
RESULT: undefined
COMMAND: POST /session/f8b17aff14ace713329ed2ba9e517e88/element - {"using":"xpath","value":"//*[@id=\"application-manageresources-display-component---newResourceUnit--newRRUPage-anchBar-application-manageresources-display-component---newResourceUnit--resource-anchor\"]"}
RESULT: {"using":"xpath","value":"//*[@id=\"application-manageresources-display-component---newResourceUnit--newRRUPage-anchBar-application-manageresources-display-component---newResourceUnit--resource-anchor\"]"}
COMMAND: POST /session/f8b17aff14ace713329ed2ba9e517e88/element/f.8F60F7CA831AD576036D3680DB46BD22.d.876CBB912941B9229E7212FBAB61DB5B.e.9171/click - {}
RESULT: {}
COMMAND: POST /session/f8b17aff14ace713329ed2ba9e517e88/execute/async - {"script":"<script> [1562 bytes]","args":[{"selector":{"id":"application-manageresources-display-component---newResourceUnit--PLANNED_DELIVERY_DATE","interaction":{"idSuffix":"inner"}},"wdio_ui5_key":"applicationmanageresources-display-component---newResourceUnit--PLANNED_DELIVERY_DATE"}]}
COMMAND: GET /session/f8b17aff14ace713329ed2ba9e517e88/screenshot - {}
RESULT: {"script":"<script> [1562 bytes]","args":[{"selector":{"id":"application-manageresources-display-component---newResourceUnit--PLANNED_DELIVERY_DATE","interaction":{"idSuffix":"inner"}},"wdio_ui5_key":"applicationmanageresources-display-component---newResourceUnit--PLANNED_DELIVERY_DATE"}]}
RESULT: undefined
COMMAND: POST /session/f8b17aff14ace713329ed2ba9e517e88/execute/async - {"script":"<script> [6424 bytes]","args":[{"element-6066-11e4-a52e-4f735466cecf":"f.8F60F7CA831AD576036D3680DB46BD22.d.876CBB912941B9229E7212FBAB61DB5B.e.9031"},"setValue",["4/28/25"]]}
RESULT: {}
RESULT: {"script":"<script> [6424 bytes]","args":[{"element-6066-11e4-a52e-4f735466cecf":"f.8F60F7CA831AD576036D3680DB46BD22.d.876CBB912941B9229E7212FBAB61DB5B.e.9031"},"setValue",["4/28/25"]]}
COMMAND: POST /session/f8b17aff14ace713329ed2ba9e517e88/element - {"using":"xpath","value":"//button[@data-kt=\"resourceUnitSaveButton\"]"}
RESULT: {"using":"xpath","value":"//button[@data-kt=\"resourceUnitSaveButton\"]"}
COMMAND: POST /session/f8b17aff14ace713329ed2ba9e517e88/element/f.8F60F7CA831AD576036D3680DB46BD22.d.876CBB912941B9229E7212FBAB61DB5B.e.8991/click - {}
RESULT: {}
COMMAND: GET /session/f8b17aff14ace713329ed2ba9e517e88/screenshot - {}
RESULT: {}
COMMAND: POST /session/f8b17aff14ace713329ed2ba9e517e88/element - {"using":"xpath","value":"//bdi[contains(text(), \"Close\")]"}
RESULT: {"using":"xpath","value":"//bdi[contains(text(), \"Close\")]"}
COMMAND: POST /session/f8b17aff14ace713329ed2ba9e517e88/element/f.8F60F7CA831AD576036D3680DB46BD22.d.876CBB912941B9229E7212FBAB61DB5B.e.9181/click - {}
RESULT: {}
COMMAND: GET /session/f8b17aff14ace713329ed2ba9e517e88/screenshot - {}
RESULT: {}
COMMAND: POST /session/f8b17aff14ace713329ed2ba9e517e88/element - {"using":"xpath","value":"(//button[contains(@id ,\"actionsToolbar-overflowButton\")])[1]"}
RESULT: {"using":"xpath","value":"(//button[contains(@id ,\"actionsToolbar-overflowButton\")])[1]"}
COMMAND: POST /session/f8b17aff14ace713329ed2ba9e517e88/element/f.8F60F7CA831AD576036D3680DB46BD22.d.876CBB912941B9229E7212FBAB61DB5B.e.9238/click - {}
RESULT: {}
COMMAND: GET /session/f8b17aff14ace713329ed2ba9e517e88/screenshot - {}
RESULT: {}
COMMAND: POST /session/f8b17aff14ace713329ed2ba9e517e88/element - {"using":"xpath","value":"//button[@data-kt=\"priceInfoButton\"]"}
RESULT: {"using":"xpath","value":"//button[@data-kt=\"priceInfoButton\"]"}
COMMAND: POST /session/f8b17aff14ace713329ed2ba9e517e88/element/f.8F60F7CA831AD576036D3680DB46BD22.d.876CBB912941B9229E7212FBAB61DB5B.e.9240/click - {}
RESULT: {}
COMMAND: GET /session/f8b17aff14ace713329ed2ba9e517e88/screenshot - {}
RESULT: {}
]]></system-out>
    </testcase>
    <testcase classname="chrome.135_0_7049_96.windows.Billing_Transfer_-_Intracompany_US127249" name="Should create a pricing procedure" time="53.256">
      <system-out><![CDATA[
COMMAND: POST /session/f8b17aff14ace713329ed2ba9e517e88/element - {"using":"xpath","value":"//button[@data-kt=\"addButton\"]"}
RESULT: {"using":"xpath","value":"//button[@data-kt=\"addButton\"]"}
COMMAND: POST /session/f8b17aff14ace713329ed2ba9e517e88/elements - {"using":"xpath","value":"//button[@data-kt=\"addButton\"]"}
RESULT: {"using":"xpath","value":"//button[@data-kt=\"addButton\"]"}
COMMAND: POST /session/f8b17aff14ace713329ed2ba9e517e88/elements - {"using":"xpath","value":"//button[@data-kt=\"addButton\"]"}
RESULT: {"using":"xpath","value":"//button[@data-kt=\"addButton\"]"}
COMMAND: POST /session/f8b17aff14ace713329ed2ba9e517e88/element - {"using":"xpath","value":"//button[@data-kt=\"addButton\"]"}
RESULT: {"using":"xpath","value":"//button[@data-kt=\"addButton\"]"}
COMMAND: POST /session/f8b17aff14ace713329ed2ba9e517e88/execute/sync - {"script":"<script> [8489 bytes]","args":[{"element-6066-11e4-a52e-4f735466cecf":"f.8F60F7CA831AD576036D3680DB46BD22.d.876CBB912941B9229E7212FBAB61DB5B.e.9276","ELEMENT":"f.8F60F7CA831AD576036D3680DB46BD22.d.876CBB912941B9229E7212FBAB61DB5B.e.9276"}]}
RESULT: {"script":"<script> [8489 bytes]","args":[{"element-6066-11e4-a52e-4f735466cecf":"f.8F60F7CA831AD576036D3680DB46BD22.d.876CBB912941B9229E7212FBAB61DB5B.e.9276","ELEMENT":"f.8F60F7CA831AD576036D3680DB46BD22.d.876CBB912941B9229E7212FBAB61DB5B.e.9276"}]}
COMMAND: GET /session/f8b17aff14ace713329ed2ba9e517e88/element/f.8F60F7CA831AD576036D3680DB46BD22.d.876CBB912941B9229E7212FBAB61DB5B.e.9276/enabled - {}
COMMAND: GET /session/f8b17aff14ace713329ed2ba9e517e88/screenshot - {}
RESULT: {}
COMMAND: POST /session/f8b17aff14ace713329ed2ba9e517e88/execute/sync - {"script":"<script> [8489 bytes]","args":[{"element-6066-11e4-a52e-4f735466cecf":"f.8F60F7CA831AD576036D3680DB46BD22.d.876CBB912941B9229E7212FBAB61DB5B.e.9276","ELEMENT":"f.8F60F7CA831AD576036D3680DB46BD22.d.876CBB912941B9229E7212FBAB61DB5B.e.9276"}]}
COMMAND: GET /session/f8b17aff14ace713329ed2ba9e517e88/screenshot - {}
RESULT: {}
RESULT: {"script":"<script> [8489 bytes]","args":[{"element-6066-11e4-a52e-4f735466cecf":"f.8F60F7CA831AD576036D3680DB46BD22.d.876CBB912941B9229E7212FBAB61DB5B.e.9276","ELEMENT":"f.8F60F7CA831AD576036D3680DB46BD22.d.876CBB912941B9229E7212FBAB61DB5B.e.9276"}]}
COMMAND: POST /session/f8b17aff14ace713329ed2ba9e517e88/execute/sync - {"script":"<script> [5351 bytes]","args":[{"element-6066-11e4-a52e-4f735466cecf":"f.8F60F7CA831AD576036D3680DB46BD22.d.876CBB912941B9229E7212FBAB61DB5B.e.9276","ELEMENT":"f.8F60F7CA831AD576036D3680DB46BD22.d.876CBB912941B9229E7212FBAB61DB5B.e.9276"}]}
COMMAND: GET /session/f8b17aff14ace713329ed2ba9e517e88/screenshot - {}
RESULT: {}
RESULT: {"script":"<script> [5351 bytes]","args":[{"element-6066-11e4-a52e-4f735466cecf":"f.8F60F7CA831AD576036D3680DB46BD22.d.876CBB912941B9229E7212FBAB61DB5B.e.9276","ELEMENT":"f.8F60F7CA831AD576036D3680DB46BD22.d.876CBB912941B9229E7212FBAB61DB5B.e.9276"}]}
COMMAND: POST /session/f8b17aff14ace713329ed2ba9e517e88/element/f.8F60F7CA831AD576036D3680DB46BD22.d.876CBB912941B9229E7212FBAB61DB5B.e.9276/click - {}
COMMAND: GET /session/f8b17aff14ace713329ed2ba9e517e88/screenshot - {}
RESULT: {}
RESULT: {}
COMMAND: GET /session/f8b17aff14ace713329ed2ba9e517e88/screenshot - {}
RESULT: {}
RESULT: {}
COMMAND: POST /session/f8b17aff14ace713329ed2ba9e517e88/execute/async - {"script":"<script> [1562 bytes]","args":[{"selector":{"controlType":"sap.m.Title","viewName":"etm.portal.ui.managepricingrules.view.NewItem","viewId":"application-managepricingrules-display-component---newInfoPriceItem","properties":{"text":"New Pricing Rules - Item Level"}},"wdio_ui5_key":"etmportal.ui.managepricingrules.view.NewItemsap.m.Title{\"text\":\"New Pricing Rules - Item Level\"}"}]}
RESULT: {"script":"<script> [1562 bytes]","args":[{"selector":{"controlType":"sap.m.Title","viewName":"etm.portal.ui.managepricingrules.view.NewItem","viewId":"application-managepricingrules-display-component---newInfoPriceItem","properties":{"text":"New Pricing Rules - Item Level"}},"wdio_ui5_key":"etmportal.ui.managepricingrules.view.NewItemsap.m.Title{\"text\":\"New Pricing Rules - Item Level\"}"}]}
RESULT: undefined
COMMAND: POST /session/f8b17aff14ace713329ed2ba9e517e88/execute/async - {"script":"<script> [6424 bytes]","args":[{"element-6066-11e4-a52e-4f735466cecf":"f.8F60F7CA831AD576036D3680DB46BD22.d.876CBB912941B9229E7212FBAB61DB5B.e.9435"},"getText",[]]}
RESULT: {"script":"<script> [6424 bytes]","args":[{"element-6066-11e4-a52e-4f735466cecf":"f.8F60F7CA831AD576036D3680DB46BD22.d.876CBB912941B9229E7212FBAB61DB5B.e.9435"},"getText",[]]}
COMMAND: POST /session/f8b17aff14ace713329ed2ba9e517e88/execute/async - {"script":"<script> [1562 bytes]","args":[{"selector":{"id":"application-managepricingrules-display-component---newInfoPriceItem--condValidTo","interaction":{"idSuffix":"inner"}},"wdio_ui5_key":"applicationmanagepricingrules-display-component---newInfoPriceItem--condValidTo"}]}
RESULT: {"script":"<script> [1562 bytes]","args":[{"selector":{"id":"application-managepricingrules-display-component---newInfoPriceItem--condValidTo","interaction":{"idSuffix":"inner"}},"wdio_ui5_key":"applicationmanagepricingrules-display-component---newInfoPriceItem--condValidTo"}]}
RESULT: undefined
COMMAND: POST /session/f8b17aff14ace713329ed2ba9e517e88/execute/async - {"script":"<script> [776 bytes]","args":[{"enterText":"12/28/25","selector":{"id":"application-managepricingrules-display-component---newInfoPriceItem--condValidTo","interaction":{"idSuffix":"inner"}},"clearTextFirst":true,"interactionType":"ENTER_TEXT"}]}
RESULT: {"script":"<script> [776 bytes]","args":[{"enterText":"12/28/25","selector":{"id":"application-managepricingrules-display-component---newInfoPriceItem--condValidTo","interaction":{"idSuffix":"inner"}},"clearTextFirst":true,"interactionType":"ENTER_TEXT"}]}
COMMAND: POST /session/f8b17aff14ace713329ed2ba9e517e88/execute/async - {"script":"<script> [1562 bytes]","args":[{"selector":{"id":"application-managepricingrules-display-component---newInfoPriceItem--billType-arrow"},"wdio_ui5_key":"applicationmanagepricingrules-display-component---newInfoPriceItem--billType-arrow"}]}
RESULT: {"script":"<script> [1562 bytes]","args":[{"selector":{"id":"application-managepricingrules-display-component---newInfoPriceItem--billType-arrow"},"wdio_ui5_key":"applicationmanagepricingrules-display-component---newInfoPriceItem--billType-arrow"}]}
RESULT: undefined
COMMAND: POST /session/f8b17aff14ace713329ed2ba9e517e88/element - {"using":"xpath","value":"//*[@id=\"application-managepricingrules-display-component---newInfoPriceItem--billType-arrow\"]"}
RESULT: {"using":"xpath","value":"//*[@id=\"application-managepricingrules-display-component---newInfoPriceItem--billType-arrow\"]"}
COMMAND: POST /session/f8b17aff14ace713329ed2ba9e517e88/element/f.8F60F7CA831AD576036D3680DB46BD22.d.876CBB912941B9229E7212FBAB61DB5B.e.9437/click - {}
RESULT: {}
COMMAND: POST /session/f8b17aff14ace713329ed2ba9e517e88/element - {"using":"xpath","value":"//span[contains(text(), \"TB - Time based\")]"}
COMMAND: GET /session/f8b17aff14ace713329ed2ba9e517e88/screenshot - {}
RESULT: {"using":"xpath","value":"//span[contains(text(), \"TB - Time based\")]"}
COMMAND: POST /session/f8b17aff14ace713329ed2ba9e517e88/element/f.8F60F7CA831AD576036D3680DB46BD22.d.876CBB912941B9229E7212FBAB61DB5B.e.9438/click - {}
RESULT: {}
RESULT: {}
COMMAND: POST /session/f8b17aff14ace713329ed2ba9e517e88/execute/async - {"script":"<script> [1562 bytes]","args":[{"selector":{"id":"application-managepricingrules-display-component---newInfoPriceItem--priceProc-arrow"},"wdio_ui5_key":"applicationmanagepricingrules-display-component---newInfoPriceItem--priceProc-arrow"}]}
COMMAND: GET /session/f8b17aff14ace713329ed2ba9e517e88/screenshot - {}
RESULT: {"script":"<script> [1562 bytes]","args":[{"selector":{"id":"application-managepricingrules-display-component---newInfoPriceItem--priceProc-arrow"},"wdio_ui5_key":"applicationmanagepricingrules-display-component---newInfoPriceItem--priceProc-arrow"}]}
RESULT: undefined
COMMAND: POST /session/f8b17aff14ace713329ed2ba9e517e88/element - {"using":"xpath","value":"//*[@id=\"application-managepricingrules-display-component---newInfoPriceItem--priceProc-arrow\"]"}
RESULT: {}
RESULT: {"using":"xpath","value":"//*[@id=\"application-managepricingrules-display-component---newInfoPriceItem--priceProc-arrow\"]"}
COMMAND: POST /session/f8b17aff14ace713329ed2ba9e517e88/element/f.8F60F7CA831AD576036D3680DB46BD22.d.876CBB912941B9229E7212FBAB61DB5B.e.9403/click - {}
RESULT: {}
COMMAND: POST /session/f8b17aff14ace713329ed2ba9e517e88/element - {"using":"xpath","value":"//span[contains(text(), \"TBS - Time based standard\")]"}
COMMAND: GET /session/f8b17aff14ace713329ed2ba9e517e88/screenshot - {}
RESULT: {"using":"xpath","value":"//span[contains(text(), \"TBS - Time based standard\")]"}
COMMAND: POST /session/f8b17aff14ace713329ed2ba9e517e88/element/f.8F60F7CA831AD576036D3680DB46BD22.d.876CBB912941B9229E7212FBAB61DB5B.e.9439/click - {}
RESULT: {}
RESULT: {}
COMMAND: POST /session/f8b17aff14ace713329ed2ba9e517e88/execute/async - {"script":"<script> [1562 bytes]","args":[{"selector":{"id":"application-managepricingrules-display-component---newInfoPriceItem--calcBase-arrow"},"wdio_ui5_key":"applicationmanagepricingrules-display-component---newInfoPriceItem--calcBase-arrow"}]}
COMMAND: GET /session/f8b17aff14ace713329ed2ba9e517e88/screenshot - {}
RESULT: {"script":"<script> [1562 bytes]","args":[{"selector":{"id":"application-managepricingrules-display-component---newInfoPriceItem--calcBase-arrow"},"wdio_ui5_key":"applicationmanagepricingrules-display-component---newInfoPriceItem--calcBase-arrow"}]}
RESULT: undefined
COMMAND: POST /session/f8b17aff14ace713329ed2ba9e517e88/element - {"using":"xpath","value":"//*[@id=\"application-managepricingrules-display-component---newInfoPriceItem--calcBase-arrow\"]"}
RESULT: {}
RESULT: {"using":"xpath","value":"//*[@id=\"application-managepricingrules-display-component---newInfoPriceItem--calcBase-arrow\"]"}
COMMAND: POST /session/f8b17aff14ace713329ed2ba9e517e88/element/f.8F60F7CA831AD576036D3680DB46BD22.d.876CBB912941B9229E7212FBAB61DB5B.e.9410/click - {}
RESULT: {}
COMMAND: GET /session/f8b17aff14ace713329ed2ba9e517e88/screenshot - {}
RESULT: {}
COMMAND: POST /session/f8b17aff14ace713329ed2ba9e517e88/element - {"using":"xpath","value":"//span[contains(text(), \"0006 - TB(calendar days)\")]"}
RESULT: {"using":"xpath","value":"//span[contains(text(), \"0006 - TB(calendar days)\")]"}
COMMAND: POST /session/f8b17aff14ace713329ed2ba9e517e88/element/f.8F60F7CA831AD576036D3680DB46BD22.d.876CBB912941B9229E7212FBAB61DB5B.e.9440/click - {}
RESULT: {}
COMMAND: GET /session/f8b17aff14ace713329ed2ba9e517e88/screenshot - {}
RESULT: {}
COMMAND: POST /session/f8b17aff14ace713329ed2ba9e517e88/execute/async - {"script":"<script> [1562 bytes]","args":[{"selector":{"id":"application-managepricingrules-display-component---newInfoPriceItem--daysMonth","interaction":{"idSuffix":"inner"}},"wdio_ui5_key":"applicationmanagepricingrules-display-component---newInfoPriceItem--daysMonth"}]}
RESULT: {"script":"<script> [1562 bytes]","args":[{"selector":{"id":"application-managepricingrules-display-component---newInfoPriceItem--daysMonth","interaction":{"idSuffix":"inner"}},"wdio_ui5_key":"applicationmanagepricingrules-display-component---newInfoPriceItem--daysMonth"}]}
RESULT: undefined
COMMAND: POST /session/f8b17aff14ace713329ed2ba9e517e88/execute/async - {"script":"<script> [776 bytes]","args":[{"enterText":"30","selector":{"id":"application-managepricingrules-display-component---newInfoPriceItem--daysMonth","interaction":{"idSuffix":"inner"}},"clearTextFirst":true,"interactionType":"ENTER_TEXT"}]}
RESULT: {"script":"<script> [776 bytes]","args":[{"enterText":"30","selector":{"id":"application-managepricingrules-display-component---newInfoPriceItem--daysMonth","interaction":{"idSuffix":"inner"}},"clearTextFirst":true,"interactionType":"ENTER_TEXT"}]}
COMMAND: POST /session/f8b17aff14ace713329ed2ba9e517e88/element - {"using":"xpath","value":"//button[@data-kt=\"saveNewRuleButton\"]"}
RESULT: {"using":"xpath","value":"//button[@data-kt=\"saveNewRuleButton\"]"}
COMMAND: POST /session/f8b17aff14ace713329ed2ba9e517e88/element/f.8F60F7CA831AD576036D3680DB46BD22.d.876CBB912941B9229E7212FBAB61DB5B.e.9426/click - {}
RESULT: {}
COMMAND: GET /session/f8b17aff14ace713329ed2ba9e517e88/screenshot - {}
RESULT: {}
COMMAND: POST /session/f8b17aff14ace713329ed2ba9e517e88/execute/async - {"script":"<script> [1562 bytes]","args":[{"selector":{"id":"application-managepricingrules-display-component---priceInfoItem--smartFilterBar-btnBasicSearch","interaction":{"idSuffix":"I"}},"wdio_ui5_key":"applicationmanagepricingrules-display-component---priceInfoItem--smartFilterBar-btnBasicSearch"}]}
RESULT: {"script":"<script> [1562 bytes]","args":[{"selector":{"id":"application-managepricingrules-display-component---priceInfoItem--smartFilterBar-btnBasicSearch","interaction":{"idSuffix":"I"}},"wdio_ui5_key":"applicationmanagepricingrules-display-component---priceInfoItem--smartFilterBar-btnBasicSearch"}]}
RESULT: undefined
COMMAND: POST /session/f8b17aff14ace713329ed2ba9e517e88/execute/async - {"script":"<script> [776 bytes]","args":[{"enterText":"U32owKHv8M","selector":{"id":"application-managepricingrules-display-component---priceInfoItem--smartFilterBar-btnBasicSearch","interaction":{"idSuffix":"I"}},"clearTextFirst":true,"interactionType":"ENTER_TEXT"}]}
RESULT: {"script":"<script> [776 bytes]","args":[{"enterText":"U32owKHv8M","selector":{"id":"application-managepricingrules-display-component---priceInfoItem--smartFilterBar-btnBasicSearch","interaction":{"idSuffix":"I"}},"clearTextFirst":true,"interactionType":"ENTER_TEXT"}]}
COMMAND: POST /session/f8b17aff14ace713329ed2ba9e517e88/actions - {"actions":[{"id":"action34","type":"key","parameters":{},"actions":[{"type":"keyDown","value":"î€‡"},{"type":"pause","duration":10},{"type":"keyUp","value":"î€‡"}]}]}
RESULT: {"actions":[{"id":"action34","type":"key","parameters":{},"actions":[{"type":"keyDown","value":"î€‡"},{"type":"pause","duration":10},{"type":"keyUp","value":"î€‡"}]}]}
COMMAND: GET /session/f8b17aff14ace713329ed2ba9e517e88/screenshot - {}
RESULT: {}
COMMAND: POST /session/f8b17aff14ace713329ed2ba9e517e88/element - {"using":"xpath","value":"//span[@id=\"application-managepricingrules-display-component---priceInfoItem--smartTable-header-inner\"]"}
RESULT: {"using":"xpath","value":"//span[@id=\"application-managepricingrules-display-component---priceInfoItem--smartTable-header-inner\"]"}
COMMAND: POST /session/f8b17aff14ace713329ed2ba9e517e88/elements - {"using":"xpath","value":"//span[@id=\"application-managepricingrules-display-component---priceInfoItem--smartTable-header-inner\"]"}
RESULT: {"using":"xpath","value":"//span[@id=\"application-managepricingrules-display-component---priceInfoItem--smartTable-header-inner\"]"}
COMMAND: POST /session/f8b17aff14ace713329ed2ba9e517e88/execute/sync - {"script":"<script> [56 bytes]","args":[{"element-6066-11e4-a52e-4f735466cecf":"f.8F60F7CA831AD576036D3680DB46BD22.d.876CBB912941B9229E7212FBAB61DB5B.e.9453","ELEMENT":"f.8F60F7CA831AD576036D3680DB46BD22.d.876CBB912941B9229E7212FBAB61DB5B.e.9453"}]}
RESULT: {"script":"<script> [56 bytes]","args":[{"element-6066-11e4-a52e-4f735466cecf":"f.8F60F7CA831AD576036D3680DB46BD22.d.876CBB912941B9229E7212FBAB61DB5B.e.9453","ELEMENT":"f.8F60F7CA831AD576036D3680DB46BD22.d.876CBB912941B9229E7212FBAB61DB5B.e.9453"}]}
COMMAND: POST /session/f8b17aff14ace713329ed2ba9e517e88/element - {"using":"css selector","value":"#shell-header-logo"}
COMMAND: GET /session/f8b17aff14ace713329ed2ba9e517e88/screenshot - {}
RESULT: {"using":"css selector","value":"#shell-header-logo"}
COMMAND: POST /session/f8b17aff14ace713329ed2ba9e517e88/element/f.8F60F7CA831AD576036D3680DB46BD22.d.876CBB912941B9229E7212FBAB61DB5B.e.8772/click - {}
RESULT: {}
RESULT: {}
COMMAND: GET /session/f8b17aff14ace713329ed2ba9e517e88/screenshot - {}
RESULT: {}
]]></system-out>
    </testcase>
    <testcase classname="chrome.135_0_7049_96.windows.Billing_Transfer_-_Intracompany_US127249" name="Should manage conditions" time="68.363">
      <system-out><![CDATA[
COMMAND: POST /session/f8b17aff14ace713329ed2ba9e517e88/execute/async - {"script":"<script> [1562 bytes]","args":[{"selector":{"controlType":"sap.m.Text","properties":{"text":"Manage Conditions & Prices"},"interaction":{"idSuffix":"inner"}},"wdio_ui5_key":"sapm.Text{\"text\":\"Manage Conditions & Prices\"}"}]}
RESULT: {"script":"<script> [1562 bytes]","args":[{"selector":{"controlType":"sap.m.Text","properties":{"text":"Manage Conditions & Prices"},"interaction":{"idSuffix":"inner"}},"wdio_ui5_key":"sapm.Text{\"text\":\"Manage Conditions & Prices\"}"}]}
RESULT: undefined
COMMAND: POST /session/f8b17aff14ace713329ed2ba9e517e88/element - {"using":"xpath","value":"//*[@id=\"__tile93-title\"]"}
RESULT: {"using":"xpath","value":"//*[@id=\"__tile93-title\"]"}
COMMAND: POST /session/f8b17aff14ace713329ed2ba9e517e88/element/f.8F60F7CA831AD576036D3680DB46BD22.d.876CBB912941B9229E7212FBAB61DB5B.e.9456/click - {}
RESULT: {}
COMMAND: POST /session/f8b17aff14ace713329ed2ba9e517e88/element - {"using":"xpath","value":"//button[@aria-label=\"Create\"]"}
COMMAND: GET /session/f8b17aff14ace713329ed2ba9e517e88/screenshot - {}
RESULT: {"using":"xpath","value":"//button[@aria-label=\"Create\"]"}
COMMAND: POST /session/f8b17aff14ace713329ed2ba9e517e88/elements - {"using":"xpath","value":"//button[@aria-label=\"Create\"]"}
RESULT: {}
RESULT: {"using":"xpath","value":"//button[@aria-label=\"Create\"]"}
COMMAND: POST /session/f8b17aff14ace713329ed2ba9e517e88/elements - {"using":"xpath","value":"//button[@aria-label=\"Create\"]"}
RESULT: {"using":"xpath","value":"//button[@aria-label=\"Create\"]"}
COMMAND: POST /session/f8b17aff14ace713329ed2ba9e517e88/elements - {"using":"xpath","value":"//button[@aria-label=\"Create\"]"}
RESULT: {"using":"xpath","value":"//button[@aria-label=\"Create\"]"}
COMMAND: POST /session/f8b17aff14ace713329ed2ba9e517e88/elements - {"using":"xpath","value":"//button[@aria-label=\"Create\"]"}
RESULT: {"using":"xpath","value":"//button[@aria-label=\"Create\"]"}
COMMAND: POST /session/f8b17aff14ace713329ed2ba9e517e88/elements - {"using":"xpath","value":"//button[@aria-label=\"Create\"]"}
RESULT: {"using":"xpath","value":"//button[@aria-label=\"Create\"]"}
COMMAND: POST /session/f8b17aff14ace713329ed2ba9e517e88/elements - {"using":"xpath","value":"//button[@aria-label=\"Create\"]"}
RESULT: {"using":"xpath","value":"//button[@aria-label=\"Create\"]"}
COMMAND: POST /session/f8b17aff14ace713329ed2ba9e517e88/elements - {"using":"xpath","value":"//button[@aria-label=\"Create\"]"}
RESULT: {"using":"xpath","value":"//button[@aria-label=\"Create\"]"}
COMMAND: POST /session/f8b17aff14ace713329ed2ba9e517e88/elements - {"using":"xpath","value":"//button[@aria-label=\"Create\"]"}
RESULT: {"using":"xpath","value":"//button[@aria-label=\"Create\"]"}
COMMAND: POST /session/f8b17aff14ace713329ed2ba9e517e88/elements - {"using":"xpath","value":"//button[@aria-label=\"Create\"]"}
RESULT: {"using":"xpath","value":"//button[@aria-label=\"Create\"]"}
COMMAND: POST /session/f8b17aff14ace713329ed2ba9e517e88/elements - {"using":"xpath","value":"//button[@aria-label=\"Create\"]"}
RESULT: {"using":"xpath","value":"//button[@aria-label=\"Create\"]"}
COMMAND: POST /session/f8b17aff14ace713329ed2ba9e517e88/elements - {"using":"xpath","value":"//button[@aria-label=\"Create\"]"}
RESULT: {"using":"xpath","value":"//button[@aria-label=\"Create\"]"}
COMMAND: POST /session/f8b17aff14ace713329ed2ba9e517e88/elements - {"using":"xpath","value":"//button[@aria-label=\"Create\"]"}
RESULT: {"using":"xpath","value":"//button[@aria-label=\"Create\"]"}
COMMAND: POST /session/f8b17aff14ace713329ed2ba9e517e88/elements - {"using":"xpath","value":"//button[@aria-label=\"Create\"]"}
RESULT: {"using":"xpath","value":"//button[@aria-label=\"Create\"]"}
COMMAND: POST /session/f8b17aff14ace713329ed2ba9e517e88/elements - {"using":"xpath","value":"//button[@aria-label=\"Create\"]"}
RESULT: {"using":"xpath","value":"//button[@aria-label=\"Create\"]"}
COMMAND: POST /session/f8b17aff14ace713329ed2ba9e517e88/elements - {"using":"xpath","value":"//button[@aria-label=\"Create\"]"}
RESULT: {"using":"xpath","value":"//button[@aria-label=\"Create\"]"}
COMMAND: POST /session/f8b17aff14ace713329ed2ba9e517e88/element - {"using":"xpath","value":"//button[@aria-label=\"Create\"]"}
RESULT: {"using":"xpath","value":"//button[@aria-label=\"Create\"]"}
COMMAND: POST /session/f8b17aff14ace713329ed2ba9e517e88/execute/sync - {"script":"<script> [8489 bytes]","args":[{"element-6066-11e4-a52e-4f735466cecf":"f.8F60F7CA831AD576036D3680DB46BD22.d.876CBB912941B9229E7212FBAB61DB5B.e.9490","ELEMENT":"f.8F60F7CA831AD576036D3680DB46BD22.d.876CBB912941B9229E7212FBAB61DB5B.e.9490"}]}
RESULT: {"script":"<script> [8489 bytes]","args":[{"element-6066-11e4-a52e-4f735466cecf":"f.8F60F7CA831AD576036D3680DB46BD22.d.876CBB912941B9229E7212FBAB61DB5B.e.9490","ELEMENT":"f.8F60F7CA831AD576036D3680DB46BD22.d.876CBB912941B9229E7212FBAB61DB5B.e.9490"}]}
COMMAND: GET /session/f8b17aff14ace713329ed2ba9e517e88/element/f.8F60F7CA831AD576036D3680DB46BD22.d.876CBB912941B9229E7212FBAB61DB5B.e.9490/enabled - {}
COMMAND: GET /session/f8b17aff14ace713329ed2ba9e517e88/screenshot - {}
RESULT: {}
COMMAND: POST /session/f8b17aff14ace713329ed2ba9e517e88/execute/sync - {"script":"<script> [8489 bytes]","args":[{"element-6066-11e4-a52e-4f735466cecf":"f.8F60F7CA831AD576036D3680DB46BD22.d.876CBB912941B9229E7212FBAB61DB5B.e.9490","ELEMENT":"f.8F60F7CA831AD576036D3680DB46BD22.d.876CBB912941B9229E7212FBAB61DB5B.e.9490"}]}
COMMAND: GET /session/f8b17aff14ace713329ed2ba9e517e88/screenshot - {}
RESULT: {}
RESULT: {"script":"<script> [8489 bytes]","args":[{"element-6066-11e4-a52e-4f735466cecf":"f.8F60F7CA831AD576036D3680DB46BD22.d.876CBB912941B9229E7212FBAB61DB5B.e.9490","ELEMENT":"f.8F60F7CA831AD576036D3680DB46BD22.d.876CBB912941B9229E7212FBAB61DB5B.e.9490"}]}
COMMAND: POST /session/f8b17aff14ace713329ed2ba9e517e88/execute/sync - {"script":"<script> [5351 bytes]","args":[{"element-6066-11e4-a52e-4f735466cecf":"f.8F60F7CA831AD576036D3680DB46BD22.d.876CBB912941B9229E7212FBAB61DB5B.e.9490","ELEMENT":"f.8F60F7CA831AD576036D3680DB46BD22.d.876CBB912941B9229E7212FBAB61DB5B.e.9490"}]}
COMMAND: GET /session/f8b17aff14ace713329ed2ba9e517e88/screenshot - {}
RESULT: {}
RESULT: {"script":"<script> [5351 bytes]","args":[{"element-6066-11e4-a52e-4f735466cecf":"f.8F60F7CA831AD576036D3680DB46BD22.d.876CBB912941B9229E7212FBAB61DB5B.e.9490","ELEMENT":"f.8F60F7CA831AD576036D3680DB46BD22.d.876CBB912941B9229E7212FBAB61DB5B.e.9490"}]}
COMMAND: POST /session/f8b17aff14ace713329ed2ba9e517e88/element/f.8F60F7CA831AD576036D3680DB46BD22.d.876CBB912941B9229E7212FBAB61DB5B.e.9490/click - {}
COMMAND: GET /session/f8b17aff14ace713329ed2ba9e517e88/screenshot - {}
RESULT: {}
RESULT: {}
COMMAND: GET /session/f8b17aff14ace713329ed2ba9e517e88/screenshot - {}
RESULT: {}
RESULT: {}
COMMAND: POST /session/f8b17aff14ace713329ed2ba9e517e88/actions - {"actions":[{"id":"action35","type":"key","parameters":{},"actions":[{"type":"keyDown","value":"î€‡"},{"type":"pause","duration":10},{"type":"keyUp","value":"î€‡"}]}]}
RESULT: {"actions":[{"id":"action35","type":"key","parameters":{},"actions":[{"type":"keyDown","value":"î€‡"},{"type":"pause","duration":10},{"type":"keyUp","value":"î€‡"}]}]}
COMMAND: GET /session/f8b17aff14ace713329ed2ba9e517e88/screenshot - {}
RESULT: {}
COMMAND: POST /session/f8b17aff14ace713329ed2ba9e517e88/execute/async - {"script":"<script> [1562 bytes]","args":[{"selector":{"id":"application-manageconditionprice-display-component---newCondition--condBillCond-arrow"},"wdio_ui5_key":"applicationmanageconditionprice-display-component---newCondition--condBillCond-arrow"}]}
RESULT: {"script":"<script> [1562 bytes]","args":[{"selector":{"id":"application-manageconditionprice-display-component---newCondition--condBillCond-arrow"},"wdio_ui5_key":"applicationmanageconditionprice-display-component---newCondition--condBillCond-arrow"}]}
RESULT: undefined
COMMAND: POST /session/f8b17aff14ace713329ed2ba9e517e88/element - {"using":"xpath","value":"//*[@id=\"application-manageconditionprice-display-component---newCondition--condBillCond-arrow\"]"}
RESULT: {"using":"xpath","value":"//*[@id=\"application-manageconditionprice-display-component---newCondition--condBillCond-arrow\"]"}
COMMAND: POST /session/f8b17aff14ace713329ed2ba9e517e88/element/f.8F60F7CA831AD576036D3680DB46BD22.d.876CBB912941B9229E7212FBAB61DB5B.e.9669/click - {}
RESULT: {}
COMMAND: GET /session/f8b17aff14ace713329ed2ba9e517e88/screenshot - {}
RESULT: {}
COMMAND: POST /session/f8b17aff14ace713329ed2ba9e517e88/element - {"using":"xpath","value":"//li[.//span[contains(text(), \"DISP - D&I special price\")]]"}
RESULT: {"using":"xpath","value":"//li[.//span[contains(text(), \"DISP - D&I special price\")]]"}
COMMAND: POST /session/f8b17aff14ace713329ed2ba9e517e88/element/f.8F60F7CA831AD576036D3680DB46BD22.d.876CBB912941B9229E7212FBAB61DB5B.e.9673/click - {}
RESULT: {}
COMMAND: GET /session/f8b17aff14ace713329ed2ba9e517e88/screenshot - {}
RESULT: {}
COMMAND: POST /session/f8b17aff14ace713329ed2ba9e517e88/execute/async - {"script":"<script> [1562 bytes]","args":[{"selector":{"id":"application-manageconditionprice-display-component---newCondition--condValidTo","interaction":{"idSuffix":"inner"}},"wdio_ui5_key":"applicationmanageconditionprice-display-component---newCondition--condValidTo"}]}
RESULT: {"script":"<script> [1562 bytes]","args":[{"selector":{"id":"application-manageconditionprice-display-component---newCondition--condValidTo","interaction":{"idSuffix":"inner"}},"wdio_ui5_key":"applicationmanageconditionprice-display-component---newCondition--condValidTo"}]}
RESULT: undefined
COMMAND: POST /session/f8b17aff14ace713329ed2ba9e517e88/execute/async - {"script":"<script> [776 bytes]","args":[{"enterText":"12/28/25","selector":{"id":"application-manageconditionprice-display-component---newCondition--condValidTo","interaction":{"idSuffix":"inner"}},"clearTextFirst":true,"interactionType":"ENTER_TEXT"}]}
RESULT: {"script":"<script> [776 bytes]","args":[{"enterText":"12/28/25","selector":{"id":"application-manageconditionprice-display-component---newCondition--condValidTo","interaction":{"idSuffix":"inner"}},"clearTextFirst":true,"interactionType":"ENTER_TEXT"}]}
COMMAND: POST /session/f8b17aff14ace713329ed2ba9e517e88/element - {"using":"xpath","value":"//input[@id=\"application-manageconditionprice-display-component---newCondition--condRU-inner\"]"}
RESULT: {"using":"xpath","value":"//input[@id=\"application-manageconditionprice-display-component---newCondition--condRU-inner\"]"}
COMMAND: POST /session/f8b17aff14ace713329ed2ba9e517e88/element/f.8F60F7CA831AD576036D3680DB46BD22.d.876CBB912941B9229E7212FBAB61DB5B.e.9534/clear - {}
RESULT: {}
COMMAND: POST /session/f8b17aff14ace713329ed2ba9e517e88/element/f.8F60F7CA831AD576036D3680DB46BD22.d.876CBB912941B9229E7212FBAB61DB5B.e.9534/value - {"text":"U32owKHv8M"}
COMMAND: GET /session/f8b17aff14ace713329ed2ba9e517e88/screenshot - {}
RESULT: {"text":"U32owKHv8M"}
COMMAND: GET /session/f8b17aff14ace713329ed2ba9e517e88/screenshot - {}
RESULT: {}
RESULT: {}
COMMAND: POST /session/f8b17aff14ace713329ed2ba9e517e88/actions - {"actions":[{"id":"action36","type":"key","parameters":{},"actions":[{"type":"keyDown","value":"î€‡"},{"type":"pause","duration":10},{"type":"keyUp","value":"î€‡"}]}]}
RESULT: {"actions":[{"id":"action36","type":"key","parameters":{},"actions":[{"type":"keyDown","value":"î€‡"},{"type":"pause","duration":10},{"type":"keyUp","value":"î€‡"}]}]}
COMMAND: POST /session/f8b17aff14ace713329ed2ba9e517e88/execute/async - {"script":"<script> [1562 bytes]","args":[{"selector":{"id":"application-manageconditionprice-display-component---newCondition--condBaseQty","interaction":{"idSuffix":"inner"}},"wdio_ui5_key":"applicationmanageconditionprice-display-component---newCondition--condBaseQty"}]}
COMMAND: GET /session/f8b17aff14ace713329ed2ba9e517e88/screenshot - {}
RESULT: {"script":"<script> [1562 bytes]","args":[{"selector":{"id":"application-manageconditionprice-display-component---newCondition--condBaseQty","interaction":{"idSuffix":"inner"}},"wdio_ui5_key":"applicationmanageconditionprice-display-component---newCondition--condBaseQty"}]}
RESULT: undefined
COMMAND: POST /session/f8b17aff14ace713329ed2ba9e517e88/execute/async - {"script":"<script> [776 bytes]","args":[{"enterText":"1","selector":{"id":"application-manageconditionprice-display-component---newCondition--condBaseQty","interaction":{"idSuffix":"inner"}},"clearTextFirst":true,"interactionType":"ENTER_TEXT"}]}
RESULT: {}
RESULT: {"script":"<script> [776 bytes]","args":[{"enterText":"1","selector":{"id":"application-manageconditionprice-display-component---newCondition--condBaseQty","interaction":{"idSuffix":"inner"}},"clearTextFirst":true,"interactionType":"ENTER_TEXT"}]}
COMMAND: POST /session/f8b17aff14ace713329ed2ba9e517e88/execute/async - {"script":"<script> [1562 bytes]","args":[{"selector":{"id":"application-manageconditionprice-display-component---newCondition--condValue","interaction":{"idSuffix":"inner"}},"wdio_ui5_key":"applicationmanageconditionprice-display-component---newCondition--condValue"}]}
RESULT: {"script":"<script> [1562 bytes]","args":[{"selector":{"id":"application-manageconditionprice-display-component---newCondition--condValue","interaction":{"idSuffix":"inner"}},"wdio_ui5_key":"applicationmanageconditionprice-display-component---newCondition--condValue"}]}
RESULT: undefined
COMMAND: POST /session/f8b17aff14ace713329ed2ba9e517e88/execute/async - {"script":"<script> [776 bytes]","args":[{"enterText":"200","selector":{"id":"application-manageconditionprice-display-component---newCondition--condValue","interaction":{"idSuffix":"inner"}},"clearTextFirst":true,"interactionType":"ENTER_TEXT"}]}
RESULT: {"script":"<script> [776 bytes]","args":[{"enterText":"200","selector":{"id":"application-manageconditionprice-display-component---newCondition--condValue","interaction":{"idSuffix":"inner"}},"clearTextFirst":true,"interactionType":"ENTER_TEXT"}]}
COMMAND: POST /session/f8b17aff14ace713329ed2ba9e517e88/execute/async - {"script":"<script> [1562 bytes]","args":[{"selector":{"id":"application-manageconditionprice-display-component---newCondition--condCurr-arrow"},"wdio_ui5_key":"applicationmanageconditionprice-display-component---newCondition--condCurr-arrow"}]}
RESULT: {"script":"<script> [1562 bytes]","args":[{"selector":{"id":"application-manageconditionprice-display-component---newCondition--condCurr-arrow"},"wdio_ui5_key":"applicationmanageconditionprice-display-component---newCondition--condCurr-arrow"}]}
RESULT: undefined
COMMAND: POST /session/f8b17aff14ace713329ed2ba9e517e88/element - {"using":"xpath","value":"//*[@id=\"application-manageconditionprice-display-component---newCondition--condCurr-arrow\"]"}
RESULT: {"using":"xpath","value":"//*[@id=\"application-manageconditionprice-display-component---newCondition--condCurr-arrow\"]"}
COMMAND: POST /session/f8b17aff14ace713329ed2ba9e517e88/element/f.8F60F7CA831AD576036D3680DB46BD22.d.876CBB912941B9229E7212FBAB61DB5B.e.9652/click - {}
RESULT: {}
COMMAND: POST /session/f8b17aff14ace713329ed2ba9e517e88/element - {"using":"xpath","value":"//span[contains(text(), \"Euro\")]"}
COMMAND: GET /session/f8b17aff14ace713329ed2ba9e517e88/screenshot - {}
RESULT: {"using":"xpath","value":"//span[contains(text(), \"Euro\")]"}
COMMAND: POST /session/f8b17aff14ace713329ed2ba9e517e88/element/f.8F60F7CA831AD576036D3680DB46BD22.d.876CBB912941B9229E7212FBAB61DB5B.e.9710/click - {}
RESULT: {}
RESULT: {}
COMMAND: POST /session/f8b17aff14ace713329ed2ba9e517e88/element - {"using":"xpath","value":"//button[@data-kt=\"saveButton\"]"}
COMMAND: GET /session/f8b17aff14ace713329ed2ba9e517e88/screenshot - {}
RESULT: {"using":"xpath","value":"//button[@data-kt=\"saveButton\"]"}
COMMAND: POST /session/f8b17aff14ace713329ed2ba9e517e88/element/f.8F60F7CA831AD576036D3680DB46BD22.d.876CBB912941B9229E7212FBAB61DB5B.e.9653/click - {}
RESULT: {}
RESULT: {}
COMMAND: GET /session/f8b17aff14ace713329ed2ba9e517e88/screenshot - {}
RESULT: {}
COMMAND: POST /session/f8b17aff14ace713329ed2ba9e517e88/execute/async - {"script":"<script> [1562 bytes]","args":[{"selector":{"id":"application-manageconditionprice-display-component---conditions--smartFilterBar-btnBasicSearch","interaction":{"idSuffix":"I"}},"wdio_ui5_key":"applicationmanageconditionprice-display-component---conditions--smartFilterBar-btnBasicSearch"}]}
RESULT: {"script":"<script> [1562 bytes]","args":[{"selector":{"id":"application-manageconditionprice-display-component---conditions--smartFilterBar-btnBasicSearch","interaction":{"idSuffix":"I"}},"wdio_ui5_key":"applicationmanageconditionprice-display-component---conditions--smartFilterBar-btnBasicSearch"}]}
RESULT: undefined
COMMAND: POST /session/f8b17aff14ace713329ed2ba9e517e88/execute/async - {"script":"<script> [776 bytes]","args":[{"enterText":"U32owKHv8M","selector":{"id":"application-manageconditionprice-display-component---conditions--smartFilterBar-btnBasicSearch","interaction":{"idSuffix":"I"}},"clearTextFirst":true,"interactionType":"ENTER_TEXT"}]}
RESULT: {"script":"<script> [776 bytes]","args":[{"enterText":"U32owKHv8M","selector":{"id":"application-manageconditionprice-display-component---conditions--smartFilterBar-btnBasicSearch","interaction":{"idSuffix":"I"}},"clearTextFirst":true,"interactionType":"ENTER_TEXT"}]}
COMMAND: POST /session/f8b17aff14ace713329ed2ba9e517e88/actions - {"actions":[{"id":"action37","type":"key","parameters":{},"actions":[{"type":"keyDown","value":"î€‡"},{"type":"pause","duration":10},{"type":"keyUp","value":"î€‡"}]}]}
RESULT: {"actions":[{"id":"action37","type":"key","parameters":{},"actions":[{"type":"keyDown","value":"î€‡"},{"type":"pause","duration":10},{"type":"keyUp","value":"î€‡"}]}]}
COMMAND: GET /session/f8b17aff14ace713329ed2ba9e517e88/screenshot - {}
RESULT: {}
COMMAND: POST /session/f8b17aff14ace713329ed2ba9e517e88/execute/async - {"script":"<script> [1562 bytes]","args":[{"selector":{"id":"application-manageconditionprice-display-component---conditions--smartFilterBar-filterItemControl_BASIC-BILL_TYPES-vhi"},"wdio_ui5_key":"applicationmanageconditionprice-display-component---conditions--smartFilterBar-filterItemControl_BASIC-BILL_TYPES-vhi"}]}
RESULT: {"script":"<script> [1562 bytes]","args":[{"selector":{"id":"application-manageconditionprice-display-component---conditions--smartFilterBar-filterItemControl_BASIC-BILL_TYPES-vhi"},"wdio_ui5_key":"applicationmanageconditionprice-display-component---conditions--smartFilterBar-filterItemControl_BASIC-BILL_TYPES-vhi"}]}
RESULT: undefined
COMMAND: POST /session/f8b17aff14ace713329ed2ba9e517e88/element - {"using":"xpath","value":"//*[@id=\"application-manageconditionprice-display-component---conditions--smartFilterBar-filterItemControl_BASIC-BILL_TYPES-vhi\"]"}
RESULT: {"using":"xpath","value":"//*[@id=\"application-manageconditionprice-display-component---conditions--smartFilterBar-filterItemControl_BASIC-BILL_TYPES-vhi\"]"}
COMMAND: POST /session/f8b17aff14ace713329ed2ba9e517e88/element/f.8F60F7CA831AD576036D3680DB46BD22.d.876CBB912941B9229E7212FBAB61DB5B.e.9726/click - {}
RESULT: {}
COMMAND: POST /session/f8b17aff14ace713329ed2ba9e517e88/execute/async - {"script":"<script> [1562 bytes]","args":[{"selector":{"id":"application-manageconditionprice-display-component---conditions--smartFilterBar-filterItemControl_BASIC-BILL_TYPES-valueHelpDialog-smartFilterBar-btnBasicSearch","searchOpenDialogs":true,"interaction":{"idSuffix":"I"}},"wdio_ui5_key":"applicationmanageconditionprice-display-component---conditions--smartFilterBar-filterItemControl_BASIC-BILL_TYPES-valueHelpDialog-smartFilterBar-btnBasicSearch"}]}
COMMAND: GET /session/f8b17aff14ace713329ed2ba9e517e88/screenshot - {}
RESULT: {"script":"<script> [1562 bytes]","args":[{"selector":{"id":"application-manageconditionprice-display-component---conditions--smartFilterBar-filterItemControl_BASIC-BILL_TYPES-valueHelpDialog-smartFilterBar-btnBasicSearch","searchOpenDialogs":true,"interaction":{"idSuffix":"I"}},"wdio_ui5_key":"applicationmanageconditionprice-display-component---conditions--smartFilterBar-filterItemControl_BASIC-BILL_TYPES-valueHelpDialog-smartFilterBar-btnBasicSearch"}]}
RESULT: undefined
COMMAND: POST /session/f8b17aff14ace713329ed2ba9e517e88/execute/async - {"script":"<script> [776 bytes]","args":[{"enterText":"TB","selector":{"id":"application-manageconditionprice-display-component---conditions--smartFilterBar-filterItemControl_BASIC-BILL_TYPES-valueHelpDialog-smartFilterBar-btnBasicSearch","searchOpenDialogs":true,"interaction":{"idSuffix":"I"}},"clearTextFirst":true,"interactionType":"ENTER_TEXT"}]}
RESULT: {}
RESULT: {"script":"<script> [776 bytes]","args":[{"enterText":"TB","selector":{"id":"application-manageconditionprice-display-component---conditions--smartFilterBar-filterItemControl_BASIC-BILL_TYPES-valueHelpDialog-smartFilterBar-btnBasicSearch","searchOpenDialogs":true,"interaction":{"idSuffix":"I"}},"clearTextFirst":true,"interactionType":"ENTER_TEXT"}]}
COMMAND: POST /session/f8b17aff14ace713329ed2ba9e517e88/actions - {"actions":[{"id":"action38","type":"key","parameters":{},"actions":[{"type":"keyDown","value":"î€‡"},{"type":"pause","duration":10},{"type":"keyUp","value":"î€‡"}]}]}
RESULT: {"actions":[{"id":"action38","type":"key","parameters":{},"actions":[{"type":"keyDown","value":"î€‡"},{"type":"pause","duration":10},{"type":"keyUp","value":"î€‡"}]}]}
COMMAND: GET /session/f8b17aff14ace713329ed2ba9e517e88/screenshot - {}
RESULT: {}
COMMAND: POST /session/f8b17aff14ace713329ed2ba9e517e88/element - {"using":"xpath","value":"//div[contains(@id, 'application-manageconditionprice-display-component---conditions--smartFilterBar-filterItemControl_BASIC-BILL_TYPES-valueHelpDialog-table-rowsel0')]"}
RESULT: {"using":"xpath","value":"//div[contains(@id, 'application-manageconditionprice-display-component---conditions--smartFilterBar-filterItemControl_BASIC-BILL_TYPES-valueHelpDialog-table-rowsel0')]"}
COMMAND: POST /session/f8b17aff14ace713329ed2ba9e517e88/element/f.8F60F7CA831AD576036D3680DB46BD22.d.876CBB912941B9229E7212FBAB61DB5B.e.9735/click - {}
RESULT: {}
COMMAND: GET /session/f8b17aff14ace713329ed2ba9e517e88/screenshot - {}
RESULT: {}
COMMAND: POST /session/f8b17aff14ace713329ed2ba9e517e88/element - {"using":"xpath","value":"//bdi[contains(text(), \"OK\")]"}
RESULT: {"using":"xpath","value":"//bdi[contains(text(), \"OK\")]"}
COMMAND: POST /session/f8b17aff14ace713329ed2ba9e517e88/element/f.8F60F7CA831AD576036D3680DB46BD22.d.876CBB912941B9229E7212FBAB61DB5B.e.9737/click - {}
RESULT: {}
COMMAND: GET /session/f8b17aff14ace713329ed2ba9e517e88/screenshot - {}
RESULT: {}
COMMAND: POST /session/f8b17aff14ace713329ed2ba9e517e88/element - {"using":"xpath","value":"//span[@id=\"application-manageconditionprice-display-component---conditions--smartTable-header-inner\"]"}
RESULT: {"using":"xpath","value":"//span[@id=\"application-manageconditionprice-display-component---conditions--smartTable-header-inner\"]"}
COMMAND: POST /session/f8b17aff14ace713329ed2ba9e517e88/elements - {"using":"xpath","value":"//span[@id=\"application-manageconditionprice-display-component---conditions--smartTable-header-inner\"]"}
RESULT: {"using":"xpath","value":"//span[@id=\"application-manageconditionprice-display-component---conditions--smartTable-header-inner\"]"}
COMMAND: POST /session/f8b17aff14ace713329ed2ba9e517e88/execute/sync - {"script":"<script> [56 bytes]","args":[{"element-6066-11e4-a52e-4f735466cecf":"f.8F60F7CA831AD576036D3680DB46BD22.d.876CBB912941B9229E7212FBAB61DB5B.e.9740","ELEMENT":"f.8F60F7CA831AD576036D3680DB46BD22.d.876CBB912941B9229E7212FBAB61DB5B.e.9740"}]}
RESULT: {"script":"<script> [56 bytes]","args":[{"element-6066-11e4-a52e-4f735466cecf":"f.8F60F7CA831AD576036D3680DB46BD22.d.876CBB912941B9229E7212FBAB61DB5B.e.9740","ELEMENT":"f.8F60F7CA831AD576036D3680DB46BD22.d.876CBB912941B9229E7212FBAB61DB5B.e.9740"}]}
COMMAND: POST /session/f8b17aff14ace713329ed2ba9e517e88/element - {"using":"css selector","value":"#shell-header-logo"}
COMMAND: GET /session/f8b17aff14ace713329ed2ba9e517e88/screenshot - {}
RESULT: {"using":"css selector","value":"#shell-header-logo"}
COMMAND: POST /session/f8b17aff14ace713329ed2ba9e517e88/element/f.8F60F7CA831AD576036D3680DB46BD22.d.876CBB912941B9229E7212FBAB61DB5B.e.9458/click - {}
RESULT: {}
RESULT: {}
COMMAND: GET /session/f8b17aff14ace713329ed2ba9e517e88/screenshot - {}
RESULT: {}
]]></system-out>
    </testcase>
    <testcase classname="chrome.135_0_7049_96.windows.Billing_Transfer_-_Intracompany_US127249" name="Should do a stock increase handover" time="84.538">
      <system-out><![CDATA[
COMMAND: POST /session/f8b17aff14ace713329ed2ba9e517e88/execute/async - {"script":"<script> [1562 bytes]","args":[{"selector":{"controlType":"sap.m.Text","viewName":"etm.portal.ui.managehandoverstile.view.Master","properties":{"text":"Manage Handovers"},"interaction":{"idSuffix":"inner"}},"wdio_ui5_key":"etmportal.ui.managehandoverstile.view.Mastersap.m.Text{\"text\":\"Manage Handovers\"}"}]}
RESULT: {"script":"<script> [1562 bytes]","args":[{"selector":{"controlType":"sap.m.Text","viewName":"etm.portal.ui.managehandoverstile.view.Master","properties":{"text":"Manage Handovers"},"interaction":{"idSuffix":"inner"}},"wdio_ui5_key":"etmportal.ui.managehandoverstile.view.Mastersap.m.Text{\"text\":\"Manage Handovers\"}"}]}
RESULT: undefined
COMMAND: POST /session/f8b17aff14ace713329ed2ba9e517e88/element - {"using":"xpath","value":"//*[@id=\"__tile132-title\"]"}
RESULT: {"using":"xpath","value":"//*[@id=\"__tile132-title\"]"}
COMMAND: POST /session/f8b17aff14ace713329ed2ba9e517e88/element/f.8F60F7CA831AD576036D3680DB46BD22.d.876CBB912941B9229E7212FBAB61DB5B.e.9745/click - {}
RESULT: {}
COMMAND: POST /session/f8b17aff14ace713329ed2ba9e517e88/element - {"using":"xpath","value":"//button[@data-kt=\"masterHOAddButton\"]"}
COMMAND: GET /session/f8b17aff14ace713329ed2ba9e517e88/screenshot - {}
RESULT: {"using":"xpath","value":"//button[@data-kt=\"masterHOAddButton\"]"}
COMMAND: POST /session/f8b17aff14ace713329ed2ba9e517e88/elements - {"using":"xpath","value":"//button[@data-kt=\"masterHOAddButton\"]"}
RESULT: {}
RESULT: {"using":"xpath","value":"//button[@data-kt=\"masterHOAddButton\"]"}
COMMAND: POST /session/f8b17aff14ace713329ed2ba9e517e88/elements - {"using":"xpath","value":"//button[@data-kt=\"masterHOAddButton\"]"}
RESULT: {"using":"xpath","value":"//button[@data-kt=\"masterHOAddButton\"]"}
COMMAND: POST /session/f8b17aff14ace713329ed2ba9e517e88/elements - {"using":"xpath","value":"//button[@data-kt=\"masterHOAddButton\"]"}
RESULT: {"using":"xpath","value":"//button[@data-kt=\"masterHOAddButton\"]"}
COMMAND: POST /session/f8b17aff14ace713329ed2ba9e517e88/elements - {"using":"xpath","value":"//button[@data-kt=\"masterHOAddButton\"]"}
RESULT: {"using":"xpath","value":"//button[@data-kt=\"masterHOAddButton\"]"}
COMMAND: POST /session/f8b17aff14ace713329ed2ba9e517e88/elements - {"using":"xpath","value":"//button[@data-kt=\"masterHOAddButton\"]"}
RESULT: {"using":"xpath","value":"//button[@data-kt=\"masterHOAddButton\"]"}
COMMAND: POST /session/f8b17aff14ace713329ed2ba9e517e88/elements - {"using":"xpath","value":"//button[@data-kt=\"masterHOAddButton\"]"}
RESULT: {"using":"xpath","value":"//button[@data-kt=\"masterHOAddButton\"]"}
COMMAND: POST /session/f8b17aff14ace713329ed2ba9e517e88/elements - {"using":"xpath","value":"//button[@data-kt=\"masterHOAddButton\"]"}
RESULT: {"using":"xpath","value":"//button[@data-kt=\"masterHOAddButton\"]"}
COMMAND: POST /session/f8b17aff14ace713329ed2ba9e517e88/elements - {"using":"xpath","value":"//button[@data-kt=\"masterHOAddButton\"]"}
RESULT: {"using":"xpath","value":"//button[@data-kt=\"masterHOAddButton\"]"}
COMMAND: POST /session/f8b17aff14ace713329ed2ba9e517e88/elements - {"using":"xpath","value":"//button[@data-kt=\"masterHOAddButton\"]"}
RESULT: {"using":"xpath","value":"//button[@data-kt=\"masterHOAddButton\"]"}
COMMAND: POST /session/f8b17aff14ace713329ed2ba9e517e88/elements - {"using":"xpath","value":"//button[@data-kt=\"masterHOAddButton\"]"}
RESULT: {"using":"xpath","value":"//button[@data-kt=\"masterHOAddButton\"]"}
COMMAND: POST /session/f8b17aff14ace713329ed2ba9e517e88/elements - {"using":"xpath","value":"//button[@data-kt=\"masterHOAddButton\"]"}
RESULT: {"using":"xpath","value":"//button[@data-kt=\"masterHOAddButton\"]"}
COMMAND: POST /session/f8b17aff14ace713329ed2ba9e517e88/elements - {"using":"xpath","value":"//button[@data-kt=\"masterHOAddButton\"]"}
RESULT: {"using":"xpath","value":"//button[@data-kt=\"masterHOAddButton\"]"}
COMMAND: POST /session/f8b17aff14ace713329ed2ba9e517e88/elements - {"using":"xpath","value":"//button[@data-kt=\"masterHOAddButton\"]"}
RESULT: {"using":"xpath","value":"//button[@data-kt=\"masterHOAddButton\"]"}
COMMAND: POST /session/f8b17aff14ace713329ed2ba9e517e88/elements - {"using":"xpath","value":"//button[@data-kt=\"masterHOAddButton\"]"}
RESULT: {"using":"xpath","value":"//button[@data-kt=\"masterHOAddButton\"]"}
COMMAND: POST /session/f8b17aff14ace713329ed2ba9e517e88/element - {"using":"xpath","value":"//button[@data-kt=\"masterHOAddButton\"]"}
RESULT: {"using":"xpath","value":"//button[@data-kt=\"masterHOAddButton\"]"}
COMMAND: POST /session/f8b17aff14ace713329ed2ba9e517e88/execute/sync - {"script":"<script> [8489 bytes]","args":[{"element-6066-11e4-a52e-4f735466cecf":"f.8F60F7CA831AD576036D3680DB46BD22.d.876CBB912941B9229E7212FBAB61DB5B.e.9784","ELEMENT":"f.8F60F7CA831AD576036D3680DB46BD22.d.876CBB912941B9229E7212FBAB61DB5B.e.9784"}]}
RESULT: {"script":"<script> [8489 bytes]","args":[{"element-6066-11e4-a52e-4f735466cecf":"f.8F60F7CA831AD576036D3680DB46BD22.d.876CBB912941B9229E7212FBAB61DB5B.e.9784","ELEMENT":"f.8F60F7CA831AD576036D3680DB46BD22.d.876CBB912941B9229E7212FBAB61DB5B.e.9784"}]}
COMMAND: GET /session/f8b17aff14ace713329ed2ba9e517e88/element/f.8F60F7CA831AD576036D3680DB46BD22.d.876CBB912941B9229E7212FBAB61DB5B.e.9784/enabled - {}
COMMAND: GET /session/f8b17aff14ace713329ed2ba9e517e88/screenshot - {}
RESULT: {}
RESULT: {}
COMMAND: POST /session/f8b17aff14ace713329ed2ba9e517e88/execute/sync - {"script":"<script> [8489 bytes]","args":[{"element-6066-11e4-a52e-4f735466cecf":"f.8F60F7CA831AD576036D3680DB46BD22.d.876CBB912941B9229E7212FBAB61DB5B.e.9784","ELEMENT":"f.8F60F7CA831AD576036D3680DB46BD22.d.876CBB912941B9229E7212FBAB61DB5B.e.9784"}]}
COMMAND: GET /session/f8b17aff14ace713329ed2ba9e517e88/screenshot - {}
RESULT: {"script":"<script> [8489 bytes]","args":[{"element-6066-11e4-a52e-4f735466cecf":"f.8F60F7CA831AD576036D3680DB46BD22.d.876CBB912941B9229E7212FBAB61DB5B.e.9784","ELEMENT":"f.8F60F7CA831AD576036D3680DB46BD22.d.876CBB912941B9229E7212FBAB61DB5B.e.9784"}]}
COMMAND: POST /session/f8b17aff14ace713329ed2ba9e517e88/execute/sync - {"script":"<script> [5351 bytes]","args":[{"element-6066-11e4-a52e-4f735466cecf":"f.8F60F7CA831AD576036D3680DB46BD22.d.876CBB912941B9229E7212FBAB61DB5B.e.9784","ELEMENT":"f.8F60F7CA831AD576036D3680DB46BD22.d.876CBB912941B9229E7212FBAB61DB5B.e.9784"}]}
COMMAND: GET /session/f8b17aff14ace713329ed2ba9e517e88/screenshot - {}
RESULT: {}
RESULT: {"script":"<script> [5351 bytes]","args":[{"element-6066-11e4-a52e-4f735466cecf":"f.8F60F7CA831AD576036D3680DB46BD22.d.876CBB912941B9229E7212FBAB61DB5B.e.9784","ELEMENT":"f.8F60F7CA831AD576036D3680DB46BD22.d.876CBB912941B9229E7212FBAB61DB5B.e.9784"}]}
COMMAND: POST /session/f8b17aff14ace713329ed2ba9e517e88/element/f.8F60F7CA831AD576036D3680DB46BD22.d.876CBB912941B9229E7212FBAB61DB5B.e.9784/click - {}
COMMAND: GET /session/f8b17aff14ace713329ed2ba9e517e88/screenshot - {}
RESULT: {}
RESULT: {}
COMMAND: GET /session/f8b17aff14ace713329ed2ba9e517e88/screenshot - {}
COMMAND: POST /session/f8b17aff14ace713329ed2ba9e517e88/element - {"using":"xpath","value":"//span[contains(@id ,\"AddNewHO--typeSelect-arrow\")]"}
RESULT: {}
RESULT: {}
RESULT: {"using":"xpath","value":"//span[contains(@id ,\"AddNewHO--typeSelect-arrow\")]"}
COMMAND: POST /session/f8b17aff14ace713329ed2ba9e517e88/element/f.8F60F7CA831AD576036D3680DB46BD22.d.876CBB912941B9229E7212FBAB61DB5B.e.10122/click - {}
RESULT: {}
COMMAND: GET /session/f8b17aff14ace713329ed2ba9e517e88/screenshot - {}
RESULT: {}
COMMAND: POST /session/f8b17aff14ace713329ed2ba9e517e88/element - {"using":"xpath","value":"(//li[contains(text(), \"stock increase yard\")])[1]"}
RESULT: {"using":"xpath","value":"(//li[contains(text(), \"stock increase yard\")])[1]"}
COMMAND: POST /session/f8b17aff14ace713329ed2ba9e517e88/element/f.8F60F7CA831AD576036D3680DB46BD22.d.876CBB912941B9229E7212FBAB61DB5B.e.10123/click - {}
RESULT: {}
COMMAND: GET /session/f8b17aff14ace713329ed2ba9e517e88/screenshot - {}
RESULT: {}
COMMAND: POST /session/f8b17aff14ace713329ed2ba9e517e88/execute/async - {"script":"<script> [1562 bytes]","args":[{"selector":{"id":"application-managehandovers-display-component---AddNewHO--dueDate","interaction":{"idSuffix":"inner"}},"wdio_ui5_key":"applicationmanagehandovers-display-component---AddNewHO--dueDate"}]}
RESULT: {"script":"<script> [1562 bytes]","args":[{"selector":{"id":"application-managehandovers-display-component---AddNewHO--dueDate","interaction":{"idSuffix":"inner"}},"wdio_ui5_key":"applicationmanagehandovers-display-component---AddNewHO--dueDate"}]}
RESULT: undefined
COMMAND: POST /session/f8b17aff14ace713329ed2ba9e517e88/execute/async - {"script":"<script> [6424 bytes]","args":[{"element-6066-11e4-a52e-4f735466cecf":"f.8F60F7CA831AD576036D3680DB46BD22.d.876CBB912941B9229E7212FBAB61DB5B.e.10125"},"setValue",["04/28/2025"]]}
RESULT: {"script":"<script> [6424 bytes]","args":[{"element-6066-11e4-a52e-4f735466cecf":"f.8F60F7CA831AD576036D3680DB46BD22.d.876CBB912941B9229E7212FBAB61DB5B.e.10125"},"setValue",["04/28/2025"]]}
COMMAND: POST /session/f8b17aff14ace713329ed2ba9e517e88/element - {"using":"xpath","value":"//input[@id=\"generalSectionFrg--receiveYard-inner\"]"}
RESULT: {"using":"xpath","value":"//input[@id=\"generalSectionFrg--receiveYard-inner\"]"}
COMMAND: POST /session/f8b17aff14ace713329ed2ba9e517e88/element/f.8F60F7CA831AD576036D3680DB46BD22.d.876CBB912941B9229E7212FBAB61DB5B.e.10131/clear - {}
RESULT: {}
COMMAND: POST /session/f8b17aff14ace713329ed2ba9e517e88/element/f.8F60F7CA831AD576036D3680DB46BD22.d.876CBB912941B9229E7212FBAB61DB5B.e.10131/value - {"text":"349"}
COMMAND: GET /session/f8b17aff14ace713329ed2ba9e517e88/screenshot - {}
RESULT: {"text":"349"}
COMMAND: GET /session/f8b17aff14ace713329ed2ba9e517e88/screenshot - {}
RESULT: {}
RESULT: {}
COMMAND: POST /session/f8b17aff14ace713329ed2ba9e517e88/element - {"using":"xpath","value":"//li[.//span[text()='349']]"}
RESULT: {"using":"xpath","value":"//li[.//span[text()='349']]"}
COMMAND: POST /session/f8b17aff14ace713329ed2ba9e517e88/element/f.8F60F7CA831AD576036D3680DB46BD22.d.876CBB912941B9229E7212FBAB61DB5B.e.10149/click - {}
RESULT: {}
COMMAND: GET /session/f8b17aff14ace713329ed2ba9e517e88/screenshot - {}
RESULT: {}
COMMAND: POST /session/f8b17aff14ace713329ed2ba9e517e88/execute/async - {"script":"<script> [1562 bytes]","args":[{"selector":{"id":"application-managehandovers-display-component---AddNewHO--ObjectPageLayout-anchBar-application-managehandovers-display-component---AddNewHO--section4-anchor","interaction":{"idSuffix":"BDI-content"}},"wdio_ui5_key":"applicationmanagehandovers-display-component---AddNewHO--ObjectPageLayout-anchBar-application-managehandovers-display-component---AddNewHO--section4-anchor"}]}
RESULT: {"script":"<script> [1562 bytes]","args":[{"selector":{"id":"application-managehandovers-display-component---AddNewHO--ObjectPageLayout-anchBar-application-managehandovers-display-component---AddNewHO--section4-anchor","interaction":{"idSuffix":"BDI-content"}},"wdio_ui5_key":"applicationmanagehandovers-display-component---AddNewHO--ObjectPageLayout-anchBar-application-managehandovers-display-component---AddNewHO--section4-anchor"}]}
RESULT: undefined
COMMAND: POST /session/f8b17aff14ace713329ed2ba9e517e88/element - {"using":"xpath","value":"//*[@id=\"application-managehandovers-display-component---AddNewHO--ObjectPageLayout-anchBar-application-managehandovers-display-component---AddNewHO--section4-anchor\"]"}
RESULT: {"using":"xpath","value":"//*[@id=\"application-managehandovers-display-component---AddNewHO--ObjectPageLayout-anchBar-application-managehandovers-display-component---AddNewHO--section4-anchor\"]"}
COMMAND: POST /session/f8b17aff14ace713329ed2ba9e517e88/element/f.8F60F7CA831AD576036D3680DB46BD22.d.876CBB912941B9229E7212FBAB61DB5B.e.10151/click - {}
RESULT: {}
COMMAND: POST /session/f8b17aff14ace713329ed2ba9e517e88/element - {"using":"xpath","value":"//button[@aria-label=\"Add\"]"}
COMMAND: GET /session/f8b17aff14ace713329ed2ba9e517e88/screenshot - {}
RESULT: {"using":"xpath","value":"//button[@aria-label=\"Add\"]"}
COMMAND: POST /session/f8b17aff14ace713329ed2ba9e517e88/element/f.8F60F7CA831AD576036D3680DB46BD22.d.876CBB912941B9229E7212FBAB61DB5B.e.10153/click - {}
RESULT: {}
RESULT: {}
COMMAND: GET /session/f8b17aff14ace713329ed2ba9e517e88/screenshot - {}
RESULT: {}
COMMAND: POST /session/f8b17aff14ace713329ed2ba9e517e88/execute/async - {"script":"<script> [1562 bytes]","args":[{"selector":{"id":"application-managehandovers-display-component---AddNewHO--smartFilterBar-btnBasicSearch","searchOpenDialogs":true,"interaction":{"idSuffix":"I"}},"wdio_ui5_key":"applicationmanagehandovers-display-component---AddNewHO--smartFilterBar-btnBasicSearch"}]}
RESULT: {"script":"<script> [1562 bytes]","args":[{"selector":{"id":"application-managehandovers-display-component---AddNewHO--smartFilterBar-btnBasicSearch","searchOpenDialogs":true,"interaction":{"idSuffix":"I"}},"wdio_ui5_key":"applicationmanagehandovers-display-component---AddNewHO--smartFilterBar-btnBasicSearch"}]}
RESULT: undefined
COMMAND: POST /session/f8b17aff14ace713329ed2ba9e517e88/execute/async - {"script":"<script> [776 bytes]","args":[{"enterText":"U32owKHv8M","selector":{"id":"application-managehandovers-display-component---AddNewHO--smartFilterBar-btnBasicSearch","searchOpenDialogs":true,"interaction":{"idSuffix":"I"}},"clearTextFirst":true,"interactionType":"ENTER_TEXT"}]}
RESULT: {"script":"<script> [776 bytes]","args":[{"enterText":"U32owKHv8M","selector":{"id":"application-managehandovers-display-component---AddNewHO--smartFilterBar-btnBasicSearch","searchOpenDialogs":true,"interaction":{"idSuffix":"I"}},"clearTextFirst":true,"interactionType":"ENTER_TEXT"}]}
COMMAND: POST /session/f8b17aff14ace713329ed2ba9e517e88/actions - {"actions":[{"id":"action39","type":"key","parameters":{},"actions":[{"type":"keyDown","value":"î€‡"},{"type":"pause","duration":10},{"type":"keyUp","value":"î€‡"}]}]}
RESULT: {"actions":[{"id":"action39","type":"key","parameters":{},"actions":[{"type":"keyDown","value":"î€‡"},{"type":"pause","duration":10},{"type":"keyUp","value":"î€‡"}]}]}
COMMAND: GET /session/f8b17aff14ace713329ed2ba9e517e88/screenshot - {}
RESULT: {}
COMMAND: POST /session/f8b17aff14ace713329ed2ba9e517e88/execute/async - {"script":"<script> [1562 bytes]","args":[{"selector":{"id":"application-managehandovers-display-component---AddNewHO--popup-sa","searchOpenDialogs":true,"interaction":{"idSuffix":"CbBg"}},"wdio_ui5_key":"applicationmanagehandovers-display-component---AddNewHO--popup-sa"}]}
RESULT: {"script":"<script> [1562 bytes]","args":[{"selector":{"id":"application-managehandovers-display-component---AddNewHO--popup-sa","searchOpenDialogs":true,"interaction":{"idSuffix":"CbBg"}},"wdio_ui5_key":"applicationmanagehandovers-display-component---AddNewHO--popup-sa"}]}
RESULT: undefined
COMMAND: POST /session/f8b17aff14ace713329ed2ba9e517e88/element - {"using":"xpath","value":"//*[@id=\"application-managehandovers-display-component---AddNewHO--popup-sa\"]"}
RESULT: {"using":"xpath","value":"//*[@id=\"application-managehandovers-display-component---AddNewHO--popup-sa\"]"}
COMMAND: POST /session/f8b17aff14ace713329ed2ba9e517e88/element/f.8F60F7CA831AD576036D3680DB46BD22.d.876CBB912941B9229E7212FBAB61DB5B.e.10306/click - {}
RESULT: {}
COMMAND: GET /session/f8b17aff14ace713329ed2ba9e517e88/screenshot - {}
RESULT: {}
COMMAND: POST /session/f8b17aff14ace713329ed2ba9e517e88/element - {"using":"xpath","value":"//bdi[contains(text(), \"Select\")]"}
RESULT: {"using":"xpath","value":"//bdi[contains(text(), \"Select\")]"}
COMMAND: POST /session/f8b17aff14ace713329ed2ba9e517e88/element/f.8F60F7CA831AD576036D3680DB46BD22.d.876CBB912941B9229E7212FBAB61DB5B.e.10307/click - {}
RESULT: {}
COMMAND: GET /session/f8b17aff14ace713329ed2ba9e517e88/screenshot - {}
RESULT: {}
COMMAND: POST /session/f8b17aff14ace713329ed2ba9e517e88/element - {"using":"xpath","value":"//button[@data-kt=\"AddNewHOSaveButton\"]"}
RESULT: {"using":"xpath","value":"//button[@data-kt=\"AddNewHOSaveButton\"]"}
COMMAND: POST /session/f8b17aff14ace713329ed2ba9e517e88/element/f.8F60F7CA831AD576036D3680DB46BD22.d.876CBB912941B9229E7212FBAB61DB5B.e.10311/click - {}
RESULT: {}
COMMAND: GET /session/f8b17aff14ace713329ed2ba9e517e88/screenshot - {}
RESULT: {}
COMMAND: POST /session/f8b17aff14ace713329ed2ba9e517e88/execute/async - {"script":"<script> [1562 bytes]","args":[{"selector":{"id":"receiptDatePicker","viewName":"etm.portal.ui.managehandovers.view.DetailExecuteHO","interaction":{"idSuffix":"inner"}},"wdio_ui5_key":"receiptDatePickeretmportal.ui.managehandovers.view.DetailExecuteHO"}]}
RESULT: {"script":"<script> [1562 bytes]","args":[{"selector":{"id":"receiptDatePicker","viewName":"etm.portal.ui.managehandovers.view.DetailExecuteHO","interaction":{"idSuffix":"inner"}},"wdio_ui5_key":"receiptDatePickeretmportal.ui.managehandovers.view.DetailExecuteHO"}]}
RESULT: undefined
COMMAND: POST /session/f8b17aff14ace713329ed2ba9e517e88/execute/async - {"script":"<script> [6424 bytes]","args":[{"element-6066-11e4-a52e-4f735466cecf":"f.8F60F7CA831AD576036D3680DB46BD22.d.876CBB912941B9229E7212FBAB61DB5B.e.10341"},"setValue",["04/28/2025"]]}
RESULT: {"script":"<script> [6424 bytes]","args":[{"element-6066-11e4-a52e-4f735466cecf":"f.8F60F7CA831AD576036D3680DB46BD22.d.876CBB912941B9229E7212FBAB61DB5B.e.10341"},"setValue",["04/28/2025"]]}
COMMAND: POST /session/f8b17aff14ace713329ed2ba9e517e88/element - {"using":"xpath","value":"//button[@data-kt=\"PickingTableConfirmAllButton\"]"}
RESULT: {"using":"xpath","value":"//button[@data-kt=\"PickingTableConfirmAllButton\"]"}
COMMAND: POST /session/f8b17aff14ace713329ed2ba9e517e88/element/f.8F60F7CA831AD576036D3680DB46BD22.d.876CBB912941B9229E7212FBAB61DB5B.e.10357/click - {}
RESULT: {}
COMMAND: GET /session/f8b17aff14ace713329ed2ba9e517e88/screenshot - {}
RESULT: {}
COMMAND: POST /session/f8b17aff14ace713329ed2ba9e517e88/element - {"using":"xpath","value":"//bdi[contains(text(), \"OK\")]"}
RESULT: {"using":"xpath","value":"//bdi[contains(text(), \"OK\")]"}
COMMAND: POST /session/f8b17aff14ace713329ed2ba9e517e88/element/f.8F60F7CA831AD576036D3680DB46BD22.d.876CBB912941B9229E7212FBAB61DB5B.e.10360/click - {}
RESULT: {}
COMMAND: GET /session/f8b17aff14ace713329ed2ba9e517e88/screenshot - {}
RESULT: {}
COMMAND: POST /session/f8b17aff14ace713329ed2ba9e517e88/element - {"using":"xpath","value":"(//bdi[contains(text(), \"Receive\")])[2]"}
RESULT: {"using":"xpath","value":"(//bdi[contains(text(), \"Receive\")])[2]"}
COMMAND: POST /session/f8b17aff14ace713329ed2ba9e517e88/element/f.8F60F7CA831AD576036D3680DB46BD22.d.876CBB912941B9229E7212FBAB61DB5B.e.10361/click - {}
RESULT: {}
COMMAND: GET /session/f8b17aff14ace713329ed2ba9e517e88/screenshot - {}
RESULT: {}
COMMAND: POST /session/f8b17aff14ace713329ed2ba9e517e88/element - {"using":"css selector","value":"#shell-header-logo"}
RESULT: {"using":"css selector","value":"#shell-header-logo"}
COMMAND: POST /session/f8b17aff14ace713329ed2ba9e517e88/element/f.8F60F7CA831AD576036D3680DB46BD22.d.876CBB912941B9229E7212FBAB61DB5B.e.9747/click - {}
RESULT: {}
COMMAND: GET /session/f8b17aff14ace713329ed2ba9e517e88/screenshot - {}
RESULT: {}
]]></system-out>
    </testcase>
    <testcase classname="chrome.135_0_7049_96.windows.Billing_Transfer_-_Intracompany_US127249" name="Should create a new contract" time="57.338">
      <system-out><![CDATA[
COMMAND: POST /session/f8b17aff14ace713329ed2ba9e517e88/execute/async - {"script":"<script> [1562 bytes]","args":[{"selector":{"controlType":"sap.m.Text","viewName":"etm.portal.ui.managecontractstile.view.Master","properties":{"text":"Manage Contracts"},"interaction":{"idSuffix":"inner"}},"wdio_ui5_key":"etmportal.ui.managecontractstile.view.Mastersap.m.Text{\"text\":\"Manage Contracts\"}"}]}
RESULT: {"script":"<script> [1562 bytes]","args":[{"selector":{"controlType":"sap.m.Text","viewName":"etm.portal.ui.managecontractstile.view.Master","properties":{"text":"Manage Contracts"},"interaction":{"idSuffix":"inner"}},"wdio_ui5_key":"etmportal.ui.managecontractstile.view.Mastersap.m.Text{\"text\":\"Manage Contracts\"}"}]}
RESULT: undefined
COMMAND: POST /session/f8b17aff14ace713329ed2ba9e517e88/element - {"using":"xpath","value":"//*[@id=\"__tile130-title\"]"}
RESULT: {"using":"xpath","value":"//*[@id=\"__tile130-title\"]"}
COMMAND: POST /session/f8b17aff14ace713329ed2ba9e517e88/element/f.8F60F7CA831AD576036D3680DB46BD22.d.876CBB912941B9229E7212FBAB61DB5B.e.10532/click - {}
RESULT: {}
COMMAND: GET /session/f8b17aff14ace713329ed2ba9e517e88/screenshot - {}
RESULT: {}
COMMAND: POST /session/f8b17aff14ace713329ed2ba9e517e88/element - {"using":"xpath","value":"//button[@data-kt=\"addButton\"]"}
RESULT: {"using":"xpath","value":"//button[@data-kt=\"addButton\"]"}
COMMAND: POST /session/f8b17aff14ace713329ed2ba9e517e88/elements - {"using":"xpath","value":"//button[@data-kt=\"addButton\"]"}
RESULT: {"using":"xpath","value":"//button[@data-kt=\"addButton\"]"}
COMMAND: POST /session/f8b17aff14ace713329ed2ba9e517e88/elements - {"using":"xpath","value":"//button[@data-kt=\"addButton\"]"}
RESULT: {"using":"xpath","value":"//button[@data-kt=\"addButton\"]"}
COMMAND: POST /session/f8b17aff14ace713329ed2ba9e517e88/elements - {"using":"xpath","value":"//button[@data-kt=\"addButton\"]"}
RESULT: {"using":"xpath","value":"//button[@data-kt=\"addButton\"]"}
COMMAND: POST /session/f8b17aff14ace713329ed2ba9e517e88/element - {"using":"xpath","value":"//button[@data-kt=\"addButton\"]"}
RESULT: {"using":"xpath","value":"//button[@data-kt=\"addButton\"]"}
COMMAND: POST /session/f8b17aff14ace713329ed2ba9e517e88/execute/sync - {"script":"<script> [8489 bytes]","args":[{"element-6066-11e4-a52e-4f735466cecf":"f.8F60F7CA831AD576036D3680DB46BD22.d.876CBB912941B9229E7212FBAB61DB5B.e.10605","ELEMENT":"f.8F60F7CA831AD576036D3680DB46BD22.d.876CBB912941B9229E7212FBAB61DB5B.e.10605"}]}
RESULT: {"script":"<script> [8489 bytes]","args":[{"element-6066-11e4-a52e-4f735466cecf":"f.8F60F7CA831AD576036D3680DB46BD22.d.876CBB912941B9229E7212FBAB61DB5B.e.10605","ELEMENT":"f.8F60F7CA831AD576036D3680DB46BD22.d.876CBB912941B9229E7212FBAB61DB5B.e.10605"}]}
COMMAND: GET /session/f8b17aff14ace713329ed2ba9e517e88/element/f.8F60F7CA831AD576036D3680DB46BD22.d.876CBB912941B9229E7212FBAB61DB5B.e.10605/enabled - {}
COMMAND: GET /session/f8b17aff14ace713329ed2ba9e517e88/screenshot - {}
RESULT: {}
COMMAND: POST /session/f8b17aff14ace713329ed2ba9e517e88/execute/sync - {"script":"<script> [8489 bytes]","args":[{"element-6066-11e4-a52e-4f735466cecf":"f.8F60F7CA831AD576036D3680DB46BD22.d.876CBB912941B9229E7212FBAB61DB5B.e.10605","ELEMENT":"f.8F60F7CA831AD576036D3680DB46BD22.d.876CBB912941B9229E7212FBAB61DB5B.e.10605"}]}
COMMAND: GET /session/f8b17aff14ace713329ed2ba9e517e88/screenshot - {}
RESULT: {}
RESULT: {"script":"<script> [8489 bytes]","args":[{"element-6066-11e4-a52e-4f735466cecf":"f.8F60F7CA831AD576036D3680DB46BD22.d.876CBB912941B9229E7212FBAB61DB5B.e.10605","ELEMENT":"f.8F60F7CA831AD576036D3680DB46BD22.d.876CBB912941B9229E7212FBAB61DB5B.e.10605"}]}
COMMAND: POST /session/f8b17aff14ace713329ed2ba9e517e88/execute/sync - {"script":"<script> [5351 bytes]","args":[{"element-6066-11e4-a52e-4f735466cecf":"f.8F60F7CA831AD576036D3680DB46BD22.d.876CBB912941B9229E7212FBAB61DB5B.e.10605","ELEMENT":"f.8F60F7CA831AD576036D3680DB46BD22.d.876CBB912941B9229E7212FBAB61DB5B.e.10605"}]}
COMMAND: GET /session/f8b17aff14ace713329ed2ba9e517e88/screenshot - {}
RESULT: {}
RESULT: {"script":"<script> [5351 bytes]","args":[{"element-6066-11e4-a52e-4f735466cecf":"f.8F60F7CA831AD576036D3680DB46BD22.d.876CBB912941B9229E7212FBAB61DB5B.e.10605","ELEMENT":"f.8F60F7CA831AD576036D3680DB46BD22.d.876CBB912941B9229E7212FBAB61DB5B.e.10605"}]}
COMMAND: GET /session/f8b17aff14ace713329ed2ba9e517e88/screenshot - {}
RESULT: {}
RESULT: {}
COMMAND: POST /session/f8b17aff14ace713329ed2ba9e517e88/element/f.8F60F7CA831AD576036D3680DB46BD22.d.876CBB912941B9229E7212FBAB61DB5B.e.10605/click - {}
RESULT: {}
COMMAND: GET /session/f8b17aff14ace713329ed2ba9e517e88/screenshot - {}
RESULT: {}
COMMAND: POST /session/f8b17aff14ace713329ed2ba9e517e88/execute/async - {"script":"<script> [1562 bytes]","args":[{"selector":{"id":"application-managecontracts-display-component---AddNewContract--projectDescription","interaction":{"idSuffix":"inner"}},"wdio_ui5_key":"applicationmanagecontracts-display-component---AddNewContract--projectDescription"}]}
RESULT: {"script":"<script> [1562 bytes]","args":[{"selector":{"id":"application-managecontracts-display-component---AddNewContract--projectDescription","interaction":{"idSuffix":"inner"}},"wdio_ui5_key":"applicationmanagecontracts-display-component---AddNewContract--projectDescription"}]}
RESULT: undefined
COMMAND: POST /session/f8b17aff14ace713329ed2ba9e517e88/execute/async - {"script":"<script> [776 bytes]","args":[{"enterText":"Contract WDIO","selector":{"id":"application-managecontracts-display-component---AddNewContract--projectDescription","interaction":{"idSuffix":"inner"}},"clearTextFirst":true,"interactionType":"ENTER_TEXT"}]}
RESULT: {"script":"<script> [776 bytes]","args":[{"enterText":"Contract WDIO","selector":{"id":"application-managecontracts-display-component---AddNewContract--projectDescription","interaction":{"idSuffix":"inner"}},"clearTextFirst":true,"interactionType":"ENTER_TEXT"}]}
COMMAND: POST /session/f8b17aff14ace713329ed2ba9e517e88/element - {"using":"xpath","value":"//input[@id=\"application-managecontracts-display-component---AddNewContract--site-inner\"]"}
RESULT: {"using":"xpath","value":"//input[@id=\"application-managecontracts-display-component---AddNewContract--site-inner\"]"}
COMMAND: POST /session/f8b17aff14ace713329ed2ba9e517e88/element/f.8F60F7CA831AD576036D3680DB46BD22.d.876CBB912941B9229E7212FBAB61DB5B.e.10906/clear - {}
RESULT: {}
COMMAND: POST /session/f8b17aff14ace713329ed2ba9e517e88/element/f.8F60F7CA831AD576036D3680DB46BD22.d.876CBB912941B9229E7212FBAB61DB5B.e.10906/value - {"text":"2196"}
COMMAND: GET /session/f8b17aff14ace713329ed2ba9e517e88/screenshot - {}
RESULT: {"text":"2196"}
COMMAND: GET /session/f8b17aff14ace713329ed2ba9e517e88/screenshot - {}
RESULT: {}
RESULT: {}
COMMAND: POST /session/f8b17aff14ace713329ed2ba9e517e88/element - {"using":"xpath","value":"//li[.//span[text()='2196']]"}
RESULT: {"using":"xpath","value":"//li[.//span[text()='2196']]"}
COMMAND: POST /session/f8b17aff14ace713329ed2ba9e517e88/element/f.8F60F7CA831AD576036D3680DB46BD22.d.876CBB912941B9229E7212FBAB61DB5B.e.10929/click - {}
RESULT: {}
COMMAND: GET /session/f8b17aff14ace713329ed2ba9e517e88/screenshot - {}
RESULT: {}
COMMAND: POST /session/f8b17aff14ace713329ed2ba9e517e88/element - {"using":"xpath","value":"//input[@id=\"application-managecontracts-display-component---AddNewContract--yardId-inner\"]"}
RESULT: {"using":"xpath","value":"//input[@id=\"application-managecontracts-display-component---AddNewContract--yardId-inner\"]"}
COMMAND: GET /session/f8b17aff14ace713329ed2ba9e517e88/element/f.8F60F7CA831AD576036D3680DB46BD22.d.876CBB912941B9229E7212FBAB61DB5B.e.10907/property/value - {}
RESULT: {}
COMMAND: POST /session/f8b17aff14ace713329ed2ba9e517e88/element - {"using":"xpath","value":"//input[@id=\"application-managecontracts-display-component---AddNewContract--customerSelect-inner\"]"}
COMMAND: GET /session/f8b17aff14ace713329ed2ba9e517e88/screenshot - {}
RESULT: {"using":"xpath","value":"//input[@id=\"application-managecontracts-display-component---AddNewContract--customerSelect-inner\"]"}
COMMAND: POST /session/f8b17aff14ace713329ed2ba9e517e88/element/f.8F60F7CA831AD576036D3680DB46BD22.d.876CBB912941B9229E7212FBAB61DB5B.e.10905/clear - {}
RESULT: {}
RESULT: {}
COMMAND: POST /session/f8b17aff14ace713329ed2ba9e517e88/element/f.8F60F7CA831AD576036D3680DB46BD22.d.876CBB912941B9229E7212FBAB61DB5B.e.10905/value - {"text":"1210"}
COMMAND: GET /session/f8b17aff14ace713329ed2ba9e517e88/screenshot - {}
RESULT: {"text":"1210"}
COMMAND: GET /session/f8b17aff14ace713329ed2ba9e517e88/screenshot - {}
RESULT: {}
RESULT: {}
COMMAND: POST /session/f8b17aff14ace713329ed2ba9e517e88/element - {"using":"xpath","value":"//li[.//span[text()='1210']]"}
RESULT: {"using":"xpath","value":"//li[.//span[text()='1210']]"}
COMMAND: POST /session/f8b17aff14ace713329ed2ba9e517e88/element/f.8F60F7CA831AD576036D3680DB46BD22.d.876CBB912941B9229E7212FBAB61DB5B.e.10932/click - {}
RESULT: {}
COMMAND: GET /session/f8b17aff14ace713329ed2ba9e517e88/screenshot - {}
RESULT: {}
COMMAND: POST /session/f8b17aff14ace713329ed2ba9e517e88/element - {"using":"xpath","value":"//button[@data-kt=\"saveButton\"]"}
RESULT: {"using":"xpath","value":"//button[@data-kt=\"saveButton\"]"}
COMMAND: POST /session/f8b17aff14ace713329ed2ba9e517e88/element/f.8F60F7CA831AD576036D3680DB46BD22.d.876CBB912941B9229E7212FBAB61DB5B.e.10922/click - {}
RESULT: {}
COMMAND: GET /session/f8b17aff14ace713329ed2ba9e517e88/screenshot - {}
RESULT: {}
COMMAND: POST /session/f8b17aff14ace713329ed2ba9e517e88/element - {"using":"xpath","value":"//span[contains(@id ,\"contractDetailTitleNoExpanded\")]"}
RESULT: {"using":"xpath","value":"//span[contains(@id ,\"contractDetailTitleNoExpanded\")]"}
COMMAND: POST /session/f8b17aff14ace713329ed2ba9e517e88/elements - {"using":"xpath","value":"//span[contains(@id ,\"contractDetailTitleNoExpanded\")]"}
RESULT: {"using":"xpath","value":"//span[contains(@id ,\"contractDetailTitleNoExpanded\")]"}
COMMAND: POST /session/f8b17aff14ace713329ed2ba9e517e88/execute/sync - {"script":"<script> [56 bytes]","args":[{"element-6066-11e4-a52e-4f735466cecf":"f.8F60F7CA831AD576036D3680DB46BD22.d.876CBB912941B9229E7212FBAB61DB5B.e.11003","ELEMENT":"f.8F60F7CA831AD576036D3680DB46BD22.d.876CBB912941B9229E7212FBAB61DB5B.e.11003"}]}
RESULT: {"script":"<script> [56 bytes]","args":[{"element-6066-11e4-a52e-4f735466cecf":"f.8F60F7CA831AD576036D3680DB46BD22.d.876CBB912941B9229E7212FBAB61DB5B.e.11003","ELEMENT":"f.8F60F7CA831AD576036D3680DB46BD22.d.876CBB912941B9229E7212FBAB61DB5B.e.11003"}]}
COMMAND: GET /session/f8b17aff14ace713329ed2ba9e517e88/screenshot - {}
RESULT: {}
]]></system-out>
    </testcase>
    <testcase classname="chrome.135_0_7049_96.windows.Billing_Transfer_-_Intracompany_US127249" name="Should add equipment to the contract" time="51.936">
      <system-out><![CDATA[
COMMAND: POST /session/f8b17aff14ace713329ed2ba9e517e88/element - {"using":"xpath","value":"//button[@data-kt=\"contractDetailEditBtnButton\"]"}
RESULT: {"using":"xpath","value":"//button[@data-kt=\"contractDetailEditBtnButton\"]"}
COMMAND: POST /session/f8b17aff14ace713329ed2ba9e517e88/element/f.8F60F7CA831AD576036D3680DB46BD22.d.876CBB912941B9229E7212FBAB61DB5B.e.11004/click - {}
RESULT: {}
COMMAND: GET /session/f8b17aff14ace713329ed2ba9e517e88/screenshot - {}
RESULT: {}
COMMAND: POST /session/f8b17aff14ace713329ed2ba9e517e88/element - {"using":"xpath","value":"(//span[contains(text(), \"Additional Addresses\")])[2]"}
RESULT: {"using":"xpath","value":"(//span[contains(text(), \"Additional Addresses\")])[2]"}
COMMAND: POST /session/f8b17aff14ace713329ed2ba9e517e88/element/f.8F60F7CA831AD576036D3680DB46BD22.d.876CBB912941B9229E7212FBAB61DB5B.e.11059/click - {}
RESULT: {}
COMMAND: GET /session/f8b17aff14ace713329ed2ba9e517e88/screenshot - {}
RESULT: {}
COMMAND: POST /session/f8b17aff14ace713329ed2ba9e517e88/element - {"using":"xpath","value":"//button[@data-kt=\"btnAddTableRowOverflowToolbarButton\"]"}
RESULT: {"using":"xpath","value":"//button[@data-kt=\"btnAddTableRowOverflowToolbarButton\"]"}
COMMAND: POST /session/f8b17aff14ace713329ed2ba9e517e88/element/f.8F60F7CA831AD576036D3680DB46BD22.d.876CBB912941B9229E7212FBAB61DB5B.e.11063/click - {}
RESULT: {}
COMMAND: GET /session/f8b17aff14ace713329ed2ba9e517e88/screenshot - {}
RESULT: {}
COMMAND: POST /session/f8b17aff14ace713329ed2ba9e517e88/element - {"using":"xpath","value":"//div[(text() = 'Standard Entry' or . = 'Standard Entry')]"}
RESULT: {"using":"xpath","value":"//div[(text() = 'Standard Entry' or . = 'Standard Entry')]"}
COMMAND: POST /session/f8b17aff14ace713329ed2ba9e517e88/element/f.8F60F7CA831AD576036D3680DB46BD22.d.876CBB912941B9229E7212FBAB61DB5B.e.11065/click - {}
RESULT: {}
COMMAND: GET /session/f8b17aff14ace713329ed2ba9e517e88/screenshot - {}
RESULT: {}
COMMAND: POST /session/f8b17aff14ace713329ed2ba9e517e88/element - {"using":"xpath","value":"//td[7]/div/div/input"}
RESULT: {"using":"xpath","value":"//td[7]/div/div/input"}
COMMAND: POST /session/f8b17aff14ace713329ed2ba9e517e88/element/f.8F60F7CA831AD576036D3680DB46BD22.d.876CBB912941B9229E7212FBAB61DB5B.e.11074/clear - {}
RESULT: {}
COMMAND: POST /session/f8b17aff14ace713329ed2ba9e517e88/element/f.8F60F7CA831AD576036D3680DB46BD22.d.876CBB912941B9229E7212FBAB61DB5B.e.11074/value - {"text":"U32owKHv8M"}
COMMAND: GET /session/f8b17aff14ace713329ed2ba9e517e88/screenshot - {}
RESULT: {"text":"U32owKHv8M"}
COMMAND: GET /session/f8b17aff14ace713329ed2ba9e517e88/screenshot - {}
RESULT: {}
RESULT: {}
COMMAND: POST /session/f8b17aff14ace713329ed2ba9e517e88/actions - {"actions":[{"id":"action40","type":"key","parameters":{},"actions":[{"type":"keyDown","value":"î€‡"},{"type":"pause","duration":10},{"type":"keyUp","value":"î€‡"}]}]}
RESULT: {"actions":[{"id":"action40","type":"key","parameters":{},"actions":[{"type":"keyDown","value":"î€‡"},{"type":"pause","duration":10},{"type":"keyUp","value":"î€‡"}]}]}
COMMAND: GET /session/f8b17aff14ace713329ed2ba9e517e88/screenshot - {}
RESULT: {}
COMMAND: POST /session/f8b17aff14ace713329ed2ba9e517e88/element - {"using":"xpath","value":"(//button[@data-kt=\"saveButton\"])[2]"}
RESULT: {"using":"xpath","value":"(//button[@data-kt=\"saveButton\"])[2]"}
COMMAND: POST /session/f8b17aff14ace713329ed2ba9e517e88/element/f.8F60F7CA831AD576036D3680DB46BD22.d.876CBB912941B9229E7212FBAB61DB5B.e.11089/click - {}
RESULT: {}
COMMAND: GET /session/f8b17aff14ace713329ed2ba9e517e88/screenshot - {}
RESULT: {}
COMMAND: POST /session/f8b17aff14ace713329ed2ba9e517e88/element - {"using":"xpath","value":"//span[contains(@id ,\"contractItemsSmartTable-header-inner\")]"}
RESULT: {"using":"xpath","value":"//span[contains(@id ,\"contractItemsSmartTable-header-inner\")]"}
COMMAND: POST /session/f8b17aff14ace713329ed2ba9e517e88/elements - {"using":"xpath","value":"//span[contains(@id ,\"contractItemsSmartTable-header-inner\")]"}
RESULT: {"using":"xpath","value":"//span[contains(@id ,\"contractItemsSmartTable-header-inner\")]"}
COMMAND: POST /session/f8b17aff14ace713329ed2ba9e517e88/execute/sync - {"script":"<script> [56 bytes]","args":[{"element-6066-11e4-a52e-4f735466cecf":"f.8F60F7CA831AD576036D3680DB46BD22.d.876CBB912941B9229E7212FBAB61DB5B.e.11092","ELEMENT":"f.8F60F7CA831AD576036D3680DB46BD22.d.876CBB912941B9229E7212FBAB61DB5B.e.11092"}]}
RESULT: {"script":"<script> [56 bytes]","args":[{"element-6066-11e4-a52e-4f735466cecf":"f.8F60F7CA831AD576036D3680DB46BD22.d.876CBB912941B9229E7212FBAB61DB5B.e.11092","ELEMENT":"f.8F60F7CA831AD576036D3680DB46BD22.d.876CBB912941B9229E7212FBAB61DB5B.e.11092"}]}
COMMAND: GET /session/f8b17aff14ace713329ed2ba9e517e88/screenshot - {}
]]></system-out>
    </testcase>
    <testcase classname="chrome.135_0_7049_96.windows.Billing_Transfer_-_Intracompany_US127249" name="Should do a provide to site handover" time="61.846">
      <system-out><![CDATA[
COMMAND: POST /session/f8b17aff14ace713329ed2ba9e517e88/element - {"using":"xpath","value":"//button[@data-kt=\"provideButton\"]"}
RESULT: {}
RESULT: {"using":"xpath","value":"//button[@data-kt=\"provideButton\"]"}
COMMAND: POST /session/f8b17aff14ace713329ed2ba9e517e88/element/f.8F60F7CA831AD576036D3680DB46BD22.d.876CBB912941B9229E7212FBAB61DB5B.e.11095/click - {}
RESULT: {}
COMMAND: GET /session/f8b17aff14ace713329ed2ba9e517e88/screenshot - {}
RESULT: {}
RESULT: undefined
COMMAND: POST /session/f8b17aff14ace713329ed2ba9e517e88/execute/async - {"script":"<script> [6424 bytes]","args":[{"element-6066-11e4-a52e-4f735466cecf":"f.8F60F7CA831AD576036D3680DB46BD22.d.876CBB912941B9229E7212FBAB61DB5B.e.10125"},"setValue",["04/28/2025"]]}
COMMAND: POST /session/f8b17aff14ace713329ed2ba9e517e88/execute/async - {"script":"<script> [1562 bytes]","args":[{"selector":{"id":"application-managehandovers-display-component---AddNewHO--dueDate","interaction":{"idSuffix":"inner"}},"wdio_ui5_key":"applicationmanagehandovers-display-component---AddNewHO--dueDate"}]}
RESULT: {"script":"<script> [1562 bytes]","args":[{"selector":{"id":"application-managehandovers-display-component---AddNewHO--dueDate","interaction":{"idSuffix":"inner"}},"wdio_ui5_key":"applicationmanagehandovers-display-component---AddNewHO--dueDate"}]}
COMMAND: POST /session/f8b17aff14ace713329ed2ba9e517e88/execute/async - {"script":"<script> [6424 bytes]","args":[{"element-6066-11e4-a52e-4f735466cecf":"f.8F60F7CA831AD576036D3680DB46BD22.d.876CBB912941B9229E7212FBAB61DB5B.e.11169"},"setValue",["04/28/2025"]]}
RESULT: {"script":"<script> [6424 bytes]","args":[{"element-6066-11e4-a52e-4f735466cecf":"f.8F60F7CA831AD576036D3680DB46BD22.d.876CBB912941B9229E7212FBAB61DB5B.e.11169"},"setValue",["04/28/2025"]]}
COMMAND: POST /session/f8b17aff14ace713329ed2ba9e517e88/element - {"using":"xpath","value":"//bdi[contains(text(), \"Instructions\")]"}
RESULT: {"using":"xpath","value":"//bdi[contains(text(), \"Instructions\")]"}
COMMAND: POST /session/f8b17aff14ace713329ed2ba9e517e88/element/f.8F60F7CA831AD576036D3680DB46BD22.d.876CBB912941B9229E7212FBAB61DB5B.e.11420/click - {}
RESULT: {}
COMMAND: GET /session/f8b17aff14ace713329ed2ba9e517e88/screenshot - {}
RESULT: {}
COMMAND: POST /session/f8b17aff14ace713329ed2ba9e517e88/element - {"using":"xpath","value":"//button[@data-kt=\"AddNewHOProvideAddItemsButton\"]"}
RESULT: {"using":"xpath","value":"//button[@data-kt=\"AddNewHOProvideAddItemsButton\"]"}
COMMAND: POST /session/f8b17aff14ace713329ed2ba9e517e88/element/f.8F60F7CA831AD576036D3680DB46BD22.d.876CBB912941B9229E7212FBAB61DB5B.e.11424/click - {}
RESULT: {}
COMMAND: GET /session/f8b17aff14ace713329ed2ba9e517e88/screenshot - {}
RESULT: {}
RESULT: undefined
COMMAND: POST /session/f8b17aff14ace713329ed2ba9e517e88/element - {"using":"xpath","value":"//*[@id=\"application-managehandovers-display-component---AddNewHO--popup-sa\"]"}
RESULT: {"using":"xpath","value":"//*[@id=\"application-managehandovers-display-component---AddNewHO--popup-sa\"]"}
COMMAND: POST /session/f8b17aff14ace713329ed2ba9e517e88/element/f.8F60F7CA831AD576036D3680DB46BD22.d.876CBB912941B9229E7212FBAB61DB5B.e.11434/click - {}
RESULT: {}
COMMAND: GET /session/f8b17aff14ace713329ed2ba9e517e88/screenshot - {}
RESULT: {}
COMMAND: POST /session/f8b17aff14ace713329ed2ba9e517e88/element - {"using":"xpath","value":"//*[contains(@id ,\"BDI-content\")][contains(text(), \"Select\")]"}
RESULT: {"using":"xpath","value":"//*[contains(@id ,\"BDI-content\")][contains(text(), \"Select\")]"}
COMMAND: POST /session/f8b17aff14ace713329ed2ba9e517e88/element/f.8F60F7CA831AD576036D3680DB46BD22.d.876CBB912941B9229E7212FBAB61DB5B.e.11436/click - {}
RESULT: {}
COMMAND: GET /session/f8b17aff14ace713329ed2ba9e517e88/screenshot - {}
RESULT: {}
COMMAND: POST /session/f8b17aff14ace713329ed2ba9e517e88/execute/async - {"script":"<script> [1562 bytes]","args":[{"selector":{"id":"application-managehandovers-display-component---AddNewHO--confirmCreationButton","interaction":{"idSuffix":"BDI-content"}},"wdio_ui5_key":"applicationmanagehandovers-display-component---AddNewHO--confirmCreationButton"}]}
RESULT: {"script":"<script> [1562 bytes]","args":[{"selector":{"id":"application-managehandovers-display-component---AddNewHO--confirmCreationButton","interaction":{"idSuffix":"BDI-content"}},"wdio_ui5_key":"applicationmanagehandovers-display-component---AddNewHO--confirmCreationButton"}]}
RESULT: undefined
COMMAND: POST /session/f8b17aff14ace713329ed2ba9e517e88/element - {"using":"xpath","value":"//*[@id=\"application-managehandovers-display-component---AddNewHO--confirmCreationButton\"]"}
RESULT: {"using":"xpath","value":"//*[@id=\"application-managehandovers-display-component---AddNewHO--confirmCreationButton\"]"}
COMMAND: POST /session/f8b17aff14ace713329ed2ba9e517e88/element/f.8F60F7CA831AD576036D3680DB46BD22.d.876CBB912941B9229E7212FBAB61DB5B.e.11219/click - {}
RESULT: {}
COMMAND: GET /session/f8b17aff14ace713329ed2ba9e517e88/screenshot - {}
RESULT: {}
COMMAND: POST /session/f8b17aff14ace713329ed2ba9e517e88/element - {"using":"xpath","value":"//button[@data-kt=\"PickingTableConfirmAllButton\"]"}
RESULT: {"using":"xpath","value":"//button[@data-kt=\"PickingTableConfirmAllButton\"]"}
COMMAND: POST /session/f8b17aff14ace713329ed2ba9e517e88/elements - {"using":"xpath","value":"//button[@data-kt=\"PickingTableConfirmAllButton\"]"}
RESULT: {"using":"xpath","value":"//button[@data-kt=\"PickingTableConfirmAllButton\"]"}
COMMAND: POST /session/f8b17aff14ace713329ed2ba9e517e88/elements - {"using":"xpath","value":"//button[@data-kt=\"PickingTableConfirmAllButton\"]"}
RESULT: {"using":"xpath","value":"//button[@data-kt=\"PickingTableConfirmAllButton\"]"}
COMMAND: POST /session/f8b17aff14ace713329ed2ba9e517e88/element - {"using":"xpath","value":"//button[@data-kt=\"PickingTableConfirmAllButton\"]"}
RESULT: {"using":"xpath","value":"//button[@data-kt=\"PickingTableConfirmAllButton\"]"}
COMMAND: POST /session/f8b17aff14ace713329ed2ba9e517e88/element/f.8F60F7CA831AD576036D3680DB46BD22.d.876CBB912941B9229E7212FBAB61DB5B.e.11475/click - {}
COMMAND: POST /session/f8b17aff14ace713329ed2ba9e517e88/element - {"using":"xpath","value":"//button[@data-kt=\"PickingTableConfirmAllButton\"]"}
RESULT: {"using":"xpath","value":"//button[@data-kt=\"PickingTableConfirmAllButton\"]"}
COMMAND: POST /session/f8b17aff14ace713329ed2ba9e517e88/element/f.8F60F7CA831AD576036D3680DB46BD22.d.876CBB912941B9229E7212FBAB61DB5B.e.11475/click - {}
COMMAND: POST /session/f8b17aff14ace713329ed2ba9e517e88/element - {"using":"xpath","value":"//button[@data-kt=\"PickingTableConfirmAllButton\"]"}
RESULT: {"using":"xpath","value":"//button[@data-kt=\"PickingTableConfirmAllButton\"]"}
COMMAND: POST /session/f8b17aff14ace713329ed2ba9e517e88/element/f.8F60F7CA831AD576036D3680DB46BD22.d.876CBB912941B9229E7212FBAB61DB5B.e.11495/click - {}
RESULT: {}
COMMAND: GET /session/f8b17aff14ace713329ed2ba9e517e88/screenshot - {}
RESULT: {}
COMMAND: POST /session/f8b17aff14ace713329ed2ba9e517e88/element - {"using":"xpath","value":"//bdi[contains(text(), \"OK\")]"}
RESULT: {"using":"xpath","value":"//bdi[contains(text(), \"OK\")]"}
COMMAND: POST /session/f8b17aff14ace713329ed2ba9e517e88/element/f.8F60F7CA831AD576036D3680DB46BD22.d.876CBB912941B9229E7212FBAB61DB5B.e.11498/click - {}
RESULT: {}
COMMAND: GET /session/f8b17aff14ace713329ed2ba9e517e88/screenshot - {}
RESULT: {}
COMMAND: POST /session/f8b17aff14ace713329ed2ba9e517e88/element - {"using":"xpath","value":"//bdi[contains(text(), \"Issue\")]"}
RESULT: {"using":"xpath","value":"//bdi[contains(text(), \"Issue\")]"}
COMMAND: POST /session/f8b17aff14ace713329ed2ba9e517e88/element/f.8F60F7CA831AD576036D3680DB46BD22.d.876CBB912941B9229E7212FBAB61DB5B.e.11500/click - {}
RESULT: {}
COMMAND: GET /session/f8b17aff14ace713329ed2ba9e517e88/screenshot - {}
RESULT: {}
COMMAND: POST /session/f8b17aff14ace713329ed2ba9e517e88/element - {"using":"css selector","value":"#shell-header-logo"}
RESULT: {"using":"css selector","value":"#shell-header-logo"}
COMMAND: POST /session/f8b17aff14ace713329ed2ba9e517e88/element/f.8F60F7CA831AD576036D3680DB46BD22.d.876CBB912941B9229E7212FBAB61DB5B.e.10536/click - {}
RESULT: {}
COMMAND: GET /session/f8b17aff14ace713329ed2ba9e517e88/screenshot - {}
RESULT: {}
]]></system-out>
    </testcase>
    <testcase classname="chrome.135_0_7049_96.windows.Billing_Transfer_-_Intracompany_US127249" name="Should go navigate to Manage Billings and trigger contract calculation check result" time="58.606">
      <system-out><![CDATA[
COMMAND: POST /session/f8b17aff14ace713329ed2ba9e517e88/execute/async - {"script":"<script> [1562 bytes]","args":[{"selector":{"controlType":"sap.m.GenericTile","properties":{"header":"Manage Billings"}},"wdio_ui5_key":"sapm.GenericTile{\"header\":\"Manage Billings\"}"}]}
RESULT: {"script":"<script> [1562 bytes]","args":[{"selector":{"controlType":"sap.m.GenericTile","properties":{"header":"Manage Billings"}},"wdio_ui5_key":"sapm.GenericTile{\"header\":\"Manage Billings\"}"}]}
RESULT: undefined
COMMAND: POST /session/f8b17aff14ace713329ed2ba9e517e88/element - {"using":"xpath","value":"//*[@id=\"__tile91\"]"}
RESULT: {"using":"xpath","value":"//*[@id=\"__tile91\"]"}
COMMAND: POST /session/f8b17aff14ace713329ed2ba9e517e88/element/f.8F60F7CA831AD576036D3680DB46BD22.d.876CBB912941B9229E7212FBAB61DB5B.e.8752/click - {}
RESULT: {}
COMMAND: GET /session/f8b17aff14ace713329ed2ba9e517e88/screenshot - {}
COMMAND: POST /session/f8b17aff14ace713329ed2ba9e517e88/execute/async - {"script":"<script> [1562 bytes]","args":[{"selector":{"id":"application-managebillings-display-component---billRunCalcResult--smartFilterBar-btnBasicSearch","interaction":{"idSuffix":"I"}},"wdio_ui5_key":"applicationmanagebillings-display-component---billRunCalcResult--smartFilterBar-btnBasicSearch"}]}
RESULT: {}
RESULT: {"script":"<script> [1562 bytes]","args":[{"selector":{"id":"application-managebillings-display-component---billRunCalcResult--smartFilterBar-btnBasicSearch","interaction":{"idSuffix":"I"}},"wdio_ui5_key":"applicationmanagebillings-display-component---billRunCalcResult--smartFilterBar-btnBasicSearch"}]}
RESULT: undefined
COMMAND: POST /session/f8b17aff14ace713329ed2ba9e517e88/execute/async - {"script":"<script> [776 bytes]","args":[{"enterText":"10285","selector":{"id":"application-managebillings-display-component---billRunCalcResult--smartFilterBar-btnBasicSearch","interaction":{"idSuffix":"I"}},"clearTextFirst":true,"interactionType":"ENTER_TEXT"}]}
RESULT: {"script":"<script> [776 bytes]","args":[{"enterText":"10285","selector":{"id":"application-managebillings-display-component---billRunCalcResult--smartFilterBar-btnBasicSearch","interaction":{"idSuffix":"I"}},"clearTextFirst":true,"interactionType":"ENTER_TEXT"}]}
COMMAND: POST /session/f8b17aff14ace713329ed2ba9e517e88/actions - {"actions":[{"id":"action41","type":"key","parameters":{},"actions":[{"type":"keyDown","value":"î€‡"},{"type":"pause","duration":10},{"type":"keyUp","value":"î€‡"}]}]}
RESULT: {"actions":[{"id":"action41","type":"key","parameters":{},"actions":[{"type":"keyDown","value":"î€‡"},{"type":"pause","duration":10},{"type":"keyUp","value":"î€‡"}]}]}
COMMAND: GET /session/f8b17aff14ace713329ed2ba9e517e88/screenshot - {}
RESULT: {}
COMMAND: POST /session/f8b17aff14ace713329ed2ba9e517e88/element - {"using":"xpath","value":"//td[@aria-colindex=\"1\"]/div/div[contains(@class, \"sapMCbBg\")]"}
RESULT: {"using":"xpath","value":"//td[@aria-colindex=\"1\"]/div/div[contains(@class, \"sapMCbBg\")]"}
COMMAND: POST /session/f8b17aff14ace713329ed2ba9e517e88/element/f.8F60F7CA831AD576036D3680DB46BD22.d.876CBB912941B9229E7212FBAB61DB5B.e.11929/click - {}
RESULT: {}
COMMAND: GET /session/f8b17aff14ace713329ed2ba9e517e88/screenshot - {}
RESULT: {}
COMMAND: POST /session/f8b17aff14ace713329ed2ba9e517e88/execute/async - {"script":"<script> [1562 bytes]","args":[{"selector":{"id":"application-managebillings-display-component---billRunCalcResult--contractBillRunDate","interaction":{"idSuffix":"inner"}},"wdio_ui5_key":"applicationmanagebillings-display-component---billRunCalcResult--contractBillRunDate"}]}
RESULT: {"script":"<script> [1562 bytes]","args":[{"selector":{"id":"application-managebillings-display-component---billRunCalcResult--contractBillRunDate","interaction":{"idSuffix":"inner"}},"wdio_ui5_key":"applicationmanagebillings-display-component---billRunCalcResult--contractBillRunDate"}]}
RESULT: undefined
COMMAND: POST /session/f8b17aff14ace713329ed2ba9e517e88/execute/async - {"script":"<script> [776 bytes]","args":[{"enterText":"04/28/25","selector":{"id":"application-managebillings-display-component---billRunCalcResult--contractBillRunDate","interaction":{"idSuffix":"inner"}},"clearTextFirst":true,"interactionType":"ENTER_TEXT"}]}
RESULT: {"script":"<script> [776 bytes]","args":[{"enterText":"04/28/25","selector":{"id":"application-managebillings-display-component---billRunCalcResult--contractBillRunDate","interaction":{"idSuffix":"inner"}},"clearTextFirst":true,"interactionType":"ENTER_TEXT"}]}
COMMAND: POST /session/f8b17aff14ace713329ed2ba9e517e88/element - {"using":"xpath","value":"//bdi[contains(text(), \"Trigger Calculation\")]"}
RESULT: {"using":"xpath","value":"//bdi[contains(text(), \"Trigger Calculation\")]"}
COMMAND: POST /session/f8b17aff14ace713329ed2ba9e517e88/element/f.8F60F7CA831AD576036D3680DB46BD22.d.876CBB912941B9229E7212FBAB61DB5B.e.11950/click - {}
RESULT: {}
COMMAND: GET /session/f8b17aff14ace713329ed2ba9e517e88/screenshot - {}
RESULT: {}
COMMAND: POST /session/f8b17aff14ace713329ed2ba9e517e88/element - {"using":"xpath","value":"(//span[contains(@id, \"imgNav\")])[1]"}
RESULT: {"using":"xpath","value":"(//span[contains(@id, \"imgNav\")])[1]"}
COMMAND: POST /session/f8b17aff14ace713329ed2ba9e517e88/element/f.8F60F7CA831AD576036D3680DB46BD22.d.876CBB912941B9229E7212FBAB61DB5B.e.11943/click - {}
RESULT: {}
COMMAND: GET /session/f8b17aff14ace713329ed2ba9e517e88/screenshot - {}
RESULT: {}
COMMAND: POST /session/f8b17aff14ace713329ed2ba9e517e88/element - {"using":"xpath","value":"//tr/td[6]/div[1]/span[1]/span[1]"}
RESULT: {"using":"xpath","value":"//tr/td[6]/div[1]/span[1]/span[1]"}
COMMAND: GET /session/f8b17aff14ace713329ed2ba9e517e88/element/f.8F60F7CA831AD576036D3680DB46BD22.d.876CBB912941B9229E7212FBAB61DB5B.e.11955/text - {}
RESULT: {}
COMMAND: POST /session/f8b17aff14ace713329ed2ba9e517e88/element - {"using":"xpath","value":"(//span[contains(@id, \"imgNav\")])[2]"}
RESULT: {"using":"xpath","value":"(//span[contains(@id, \"imgNav\")])[2]"}
COMMAND: POST /session/f8b17aff14ace713329ed2ba9e517e88/element/f.8F60F7CA831AD576036D3680DB46BD22.d.876CBB912941B9229E7212FBAB61DB5B.e.11956/click - {}
RESULT: {}
COMMAND: POST /session/f8b17aff14ace713329ed2ba9e517e88/element - {"using":"xpath","value":"//bdi[contains(text(), \"Business Confirm\")]"}
COMMAND: GET /session/f8b17aff14ace713329ed2ba9e517e88/screenshot - {}
RESULT: {"using":"xpath","value":"//bdi[contains(text(), \"Business Confirm\")]"}
COMMAND: POST /session/f8b17aff14ace713329ed2ba9e517e88/elements - {"using":"xpath","value":"//bdi[contains(text(), \"Business Confirm\")]"}
RESULT: {}
RESULT: {"using":"xpath","value":"//bdi[contains(text(), \"Business Confirm\")]"}
COMMAND: POST /session/f8b17aff14ace713329ed2ba9e517e88/element - {"using":"xpath","value":"//bdi[contains(text(), \"Business Confirm\")]"}
RESULT: {"using":"xpath","value":"//bdi[contains(text(), \"Business Confirm\")]"}
COMMAND: POST /session/f8b17aff14ace713329ed2ba9e517e88/element/f.8F60F7CA831AD576036D3680DB46BD22.d.876CBB912941B9229E7212FBAB61DB5B.e.12004/click - {}
RESULT: {}
COMMAND: POST /session/f8b17aff14ace713329ed2ba9e517e88/element - {"using":"css selector","value":"#shell-header-logo"}
COMMAND: GET /session/f8b17aff14ace713329ed2ba9e517e88/screenshot - {}
RESULT: {"using":"css selector","value":"#shell-header-logo"}
COMMAND: POST /session/f8b17aff14ace713329ed2ba9e517e88/element/f.8F60F7CA831AD576036D3680DB46BD22.d.876CBB912941B9229E7212FBAB61DB5B.e.11685/click - {}
RESULT: {}
RESULT: {}
COMMAND: GET /session/f8b17aff14ace713329ed2ba9e517e88/screenshot - {}
RESULT: {}
]]></system-out>
    </testcase>
    <testcase classname="chrome.135_0_7049_96.windows.Billing_Transfer_-_Intracompany_US127249" name="Should navigate to billing transfer and invoice the contract" time="74.466">
      <system-out><![CDATA[
COMMAND: POST /session/f8b17aff14ace713329ed2ba9e517e88/execute/async - {"script":"<script> [1562 bytes]","args":[{"selector":{"controlType":"sap.m.GenericTile","properties":{"header":"Billing Transfer"}},"wdio_ui5_key":"sapm.GenericTile{\"header\":\"Billing Transfer\"}"}]}
RESULT: {"script":"<script> [1562 bytes]","args":[{"selector":{"controlType":"sap.m.GenericTile","properties":{"header":"Billing Transfer"}},"wdio_ui5_key":"sapm.GenericTile{\"header\":\"Billing Transfer\"}"}]}
RESULT: undefined
COMMAND: POST /session/f8b17aff14ace713329ed2ba9e517e88/element - {"using":"xpath","value":"//*[@id=\"__tile90\"]"}
RESULT: {"using":"xpath","value":"//*[@id=\"__tile90\"]"}
COMMAND: POST /session/f8b17aff14ace713329ed2ba9e517e88/element/f.8F60F7CA831AD576036D3680DB46BD22.d.876CBB912941B9229E7212FBAB61DB5B.e.8749/click - {}
RESULT: {}
COMMAND: POST /session/f8b17aff14ace713329ed2ba9e517e88/element - {"using":"xpath","value":"//input[contains(@id ,\"application-billingtransfer-display-component---billingWorkbench--smartFilterBar-btnBasicSearch\")]"}
COMMAND: GET /session/f8b17aff14ace713329ed2ba9e517e88/screenshot - {}
RESULT: {"using":"xpath","value":"//input[contains(@id ,\"application-billingtransfer-display-component---billingWorkbench--smartFilterBar-btnBasicSearch\")]"}
COMMAND: POST /session/f8b17aff14ace713329ed2ba9e517e88/elements - {"using":"xpath","value":"//input[contains(@id ,\"application-billingtransfer-display-component---billingWorkbench--smartFilterBar-btnBasicSearch\")]"}
RESULT: {}
RESULT: {"using":"xpath","value":"//input[contains(@id ,\"application-billingtransfer-display-component---billingWorkbench--smartFilterBar-btnBasicSearch\")]"}
COMMAND: POST /session/f8b17aff14ace713329ed2ba9e517e88/element - {"using":"xpath","value":"//input[contains(@id ,\"application-billingtransfer-display-component---billingWorkbench--smartFilterBar-btnBasicSearch\")]"}
RESULT: {"using":"xpath","value":"//input[contains(@id ,\"application-billingtransfer-display-component---billingWorkbench--smartFilterBar-btnBasicSearch\")]"}
COMMAND: POST /session/f8b17aff14ace713329ed2ba9e517e88/execute/sync - {"script":"<script> [8489 bytes]","args":[{"element-6066-11e4-a52e-4f735466cecf":"f.8F60F7CA831AD576036D3680DB46BD22.d.876CBB912941B9229E7212FBAB61DB5B.e.12014","ELEMENT":"f.8F60F7CA831AD576036D3680DB46BD22.d.876CBB912941B9229E7212FBAB61DB5B.e.12014"}]}
RESULT: {"script":"<script> [8489 bytes]","args":[{"element-6066-11e4-a52e-4f735466cecf":"f.8F60F7CA831AD576036D3680DB46BD22.d.876CBB912941B9229E7212FBAB61DB5B.e.12014","ELEMENT":"f.8F60F7CA831AD576036D3680DB46BD22.d.876CBB912941B9229E7212FBAB61DB5B.e.12014"}]}
COMMAND: GET /session/f8b17aff14ace713329ed2ba9e517e88/element/f.8F60F7CA831AD576036D3680DB46BD22.d.876CBB912941B9229E7212FBAB61DB5B.e.12014/enabled - {}
COMMAND: GET /session/f8b17aff14ace713329ed2ba9e517e88/screenshot - {}
RESULT: {}
COMMAND: POST /session/f8b17aff14ace713329ed2ba9e517e88/element/f.8F60F7CA831AD576036D3680DB46BD22.d.876CBB912941B9229E7212FBAB61DB5B.e.12014/click - {}
COMMAND: GET /session/f8b17aff14ace713329ed2ba9e517e88/screenshot - {}
RESULT: {}
RESULT: {}
COMMAND: GET /session/f8b17aff14ace713329ed2ba9e517e88/screenshot - {}
RESULT: {}
RESULT: {}
COMMAND: POST /session/f8b17aff14ace713329ed2ba9e517e88/element/f.8F60F7CA831AD576036D3680DB46BD22.d.876CBB912941B9229E7212FBAB61DB5B.e.12014/clear - {}
RESULT: {}
COMMAND: POST /session/f8b17aff14ace713329ed2ba9e517e88/element/f.8F60F7CA831AD576036D3680DB46BD22.d.876CBB912941B9229E7212FBAB61DB5B.e.12014/value - {"text":"10285"}
COMMAND: GET /session/f8b17aff14ace713329ed2ba9e517e88/screenshot - {}
RESULT: {"text":"10285"}
COMMAND: POST /session/f8b17aff14ace713329ed2ba9e517e88/actions - {"actions":[{"id":"action42","type":"key","parameters":{},"actions":[{"type":"keyDown","value":"î€‡"},{"type":"pause","duration":10},{"type":"keyUp","value":"î€‡"}]}]}
COMMAND: GET /session/f8b17aff14ace713329ed2ba9e517e88/screenshot - {}
RESULT: {}
RESULT: {"actions":[{"id":"action42","type":"key","parameters":{},"actions":[{"type":"keyDown","value":"î€‡"},{"type":"pause","duration":10},{"type":"keyUp","value":"î€‡"}]}]}
COMMAND: GET /session/f8b17aff14ace713329ed2ba9e517e88/screenshot - {}
RESULT: {}
RESULT: {}
COMMAND: POST /session/f8b17aff14ace713329ed2ba9e517e88/element - {"using":"xpath","value":"//span[contains(@id ,\"application-billingtransfer-display-component---billingWorkbench--smartTableBillingRuns-header-inner\")]"}
RESULT: {"using":"xpath","value":"//span[contains(@id ,\"application-billingtransfer-display-component---billingWorkbench--smartTableBillingRuns-header-inner\")]"}
COMMAND: POST /session/f8b17aff14ace713329ed2ba9e517e88/elements - {"using":"xpath","value":"//span[contains(@id ,\"application-billingtransfer-display-component---billingWorkbench--smartTableBillingRuns-header-inner\")]"}
RESULT: {"using":"xpath","value":"//span[contains(@id ,\"application-billingtransfer-display-component---billingWorkbench--smartTableBillingRuns-header-inner\")]"}
COMMAND: POST /session/f8b17aff14ace713329ed2ba9e517e88/execute/sync - {"script":"<script> [56 bytes]","args":[{"element-6066-11e4-a52e-4f735466cecf":"f.8F60F7CA831AD576036D3680DB46BD22.d.876CBB912941B9229E7212FBAB61DB5B.e.12207","ELEMENT":"f.8F60F7CA831AD576036D3680DB46BD22.d.876CBB912941B9229E7212FBAB61DB5B.e.12207"}]}
RESULT: {"script":"<script> [56 bytes]","args":[{"element-6066-11e4-a52e-4f735466cecf":"f.8F60F7CA831AD576036D3680DB46BD22.d.876CBB912941B9229E7212FBAB61DB5B.e.12207","ELEMENT":"f.8F60F7CA831AD576036D3680DB46BD22.d.876CBB912941B9229E7212FBAB61DB5B.e.12207"}]}
COMMAND: POST /session/f8b17aff14ace713329ed2ba9e517e88/element - {"using":"xpath","value":"//td[@aria-colindex=\"1\"]/div/div[contains(@class, \"sapMCbBg\")]"}
COMMAND: GET /session/f8b17aff14ace713329ed2ba9e517e88/screenshot - {}
RESULT: {"using":"xpath","value":"//td[@aria-colindex=\"1\"]/div/div[contains(@class, \"sapMCbBg\")]"}
COMMAND: POST /session/f8b17aff14ace713329ed2ba9e517e88/element/f.8F60F7CA831AD576036D3680DB46BD22.d.876CBB912941B9229E7212FBAB61DB5B.e.12145/click - {}
RESULT: {}
RESULT: {}
COMMAND: GET /session/f8b17aff14ace713329ed2ba9e517e88/screenshot - {}
RESULT: {}
COMMAND: POST /session/f8b17aff14ace713329ed2ba9e517e88/element - {"using":"xpath","value":"//bdi[contains(text(), \"Check\")]"}
RESULT: {"using":"xpath","value":"//bdi[contains(text(), \"Check\")]"}
COMMAND: POST /session/f8b17aff14ace713329ed2ba9e517e88/element/f.8F60F7CA831AD576036D3680DB46BD22.d.876CBB912941B9229E7212FBAB61DB5B.e.12208/click - {}
RESULT: {}
COMMAND: GET /session/f8b17aff14ace713329ed2ba9e517e88/screenshot - {}
RESULT: {}
COMMAND: POST /session/f8b17aff14ace713329ed2ba9e517e88/element - {"using":"xpath","value":"//bdi[contains(text(), \"OK\")]"}
RESULT: {"using":"xpath","value":"//bdi[contains(text(), \"OK\")]"}
COMMAND: POST /session/f8b17aff14ace713329ed2ba9e517e88/element/f.8F60F7CA831AD576036D3680DB46BD22.d.876CBB912941B9229E7212FBAB61DB5B.e.12211/click - {}
RESULT: {}
COMMAND: GET /session/f8b17aff14ace713329ed2ba9e517e88/screenshot - {}
RESULT: {}
COMMAND: POST /session/f8b17aff14ace713329ed2ba9e517e88/element - {"using":"xpath","value":"(//span[contains(text(), \"CO/SD checked\")]/parent::div/preceding-sibling::div/span)[1]"}
RESULT: {"using":"xpath","value":"(//span[contains(text(), \"CO/SD checked\")]/parent::div/preceding-sibling::div/span)[1]"}
COMMAND: POST /session/f8b17aff14ace713329ed2ba9e517e88/element/f.8F60F7CA831AD576036D3680DB46BD22.d.876CBB912941B9229E7212FBAB61DB5B.e.12213/click - {}
RESULT: {}
COMMAND: GET /session/f8b17aff14ace713329ed2ba9e517e88/screenshot - {}
RESULT: {}
COMMAND: POST /session/f8b17aff14ace713329ed2ba9e517e88/element - {"using":"xpath","value":"//input[contains(@id ,\"application-billingtransfer-display-component---billingWorkbench--smartFilterBar-btnBasicSearch\")]"}
RESULT: {"using":"xpath","value":"//input[contains(@id ,\"application-billingtransfer-display-component---billingWorkbench--smartFilterBar-btnBasicSearch\")]"}
COMMAND: POST /session/f8b17aff14ace713329ed2ba9e517e88/elements - {"using":"xpath","value":"//input[contains(@id ,\"application-billingtransfer-display-component---billingWorkbench--smartFilterBar-btnBasicSearch\")]"}
RESULT: {"using":"xpath","value":"//input[contains(@id ,\"application-billingtransfer-display-component---billingWorkbench--smartFilterBar-btnBasicSearch\")]"}
COMMAND: POST /session/f8b17aff14ace713329ed2ba9e517e88/execute/sync - {"script":"<script> [8489 bytes]","args":[{"element-6066-11e4-a52e-4f735466cecf":"f.8F60F7CA831AD576036D3680DB46BD22.d.876CBB912941B9229E7212FBAB61DB5B.e.12014","ELEMENT":"f.8F60F7CA831AD576036D3680DB46BD22.d.876CBB912941B9229E7212FBAB61DB5B.e.12014"}]}
RESULT: {"script":"<script> [8489 bytes]","args":[{"element-6066-11e4-a52e-4f735466cecf":"f.8F60F7CA831AD576036D3680DB46BD22.d.876CBB912941B9229E7212FBAB61DB5B.e.12014","ELEMENT":"f.8F60F7CA831AD576036D3680DB46BD22.d.876CBB912941B9229E7212FBAB61DB5B.e.12014"}]}
COMMAND: GET /session/f8b17aff14ace713329ed2ba9e517e88/element/f.8F60F7CA831AD576036D3680DB46BD22.d.876CBB912941B9229E7212FBAB61DB5B.e.12014/enabled - {}
COMMAND: GET /session/f8b17aff14ace713329ed2ba9e517e88/screenshot - {}
RESULT: {}
COMMAND: POST /session/f8b17aff14ace713329ed2ba9e517e88/element/f.8F60F7CA831AD576036D3680DB46BD22.d.876CBB912941B9229E7212FBAB61DB5B.e.12014/click - {}
COMMAND: GET /session/f8b17aff14ace713329ed2ba9e517e88/screenshot - {}
RESULT: {}
RESULT: {}
COMMAND: GET /session/f8b17aff14ace713329ed2ba9e517e88/screenshot - {}
RESULT: {}
RESULT: {}
COMMAND: POST /session/f8b17aff14ace713329ed2ba9e517e88/element/f.8F60F7CA831AD576036D3680DB46BD22.d.876CBB912941B9229E7212FBAB61DB5B.e.12014/clear - {}
RESULT: {}
COMMAND: POST /session/f8b17aff14ace713329ed2ba9e517e88/element/f.8F60F7CA831AD576036D3680DB46BD22.d.876CBB912941B9229E7212FBAB61DB5B.e.12014/value - {"text":"10285"}
COMMAND: GET /session/f8b17aff14ace713329ed2ba9e517e88/screenshot - {}
RESULT: {"text":"10285"}
COMMAND: POST /session/f8b17aff14ace713329ed2ba9e517e88/actions - {"actions":[{"id":"action43","type":"key","parameters":{},"actions":[{"type":"keyDown","value":"î€‡"},{"type":"pause","duration":10},{"type":"keyUp","value":"î€‡"}]}]}
COMMAND: GET /session/f8b17aff14ace713329ed2ba9e517e88/screenshot - {}
RESULT: {}
RESULT: {"actions":[{"id":"action43","type":"key","parameters":{},"actions":[{"type":"keyDown","value":"î€‡"},{"type":"pause","duration":10},{"type":"keyUp","value":"î€‡"}]}]}
COMMAND: GET /session/f8b17aff14ace713329ed2ba9e517e88/screenshot - {}
RESULT: {}
RESULT: {}
COMMAND: POST /session/f8b17aff14ace713329ed2ba9e517e88/element - {"using":"xpath","value":"//span[contains(@id ,\"application-billingtransfer-display-component---billingWorkbench--smartTableBillingRuns-header-inner\")]"}
RESULT: {"using":"xpath","value":"//span[contains(@id ,\"application-billingtransfer-display-component---billingWorkbench--smartTableBillingRuns-header-inner\")]"}
COMMAND: POST /session/f8b17aff14ace713329ed2ba9e517e88/elements - {"using":"xpath","value":"//span[contains(@id ,\"application-billingtransfer-display-component---billingWorkbench--smartTableBillingRuns-header-inner\")]"}
RESULT: {"using":"xpath","value":"//span[contains(@id ,\"application-billingtransfer-display-component---billingWorkbench--smartTableBillingRuns-header-inner\")]"}
COMMAND: POST /session/f8b17aff14ace713329ed2ba9e517e88/execute/sync - {"script":"<script> [56 bytes]","args":[{"element-6066-11e4-a52e-4f735466cecf":"f.8F60F7CA831AD576036D3680DB46BD22.d.876CBB912941B9229E7212FBAB61DB5B.e.12207","ELEMENT":"f.8F60F7CA831AD576036D3680DB46BD22.d.876CBB912941B9229E7212FBAB61DB5B.e.12207"}]}
RESULT: {"script":"<script> [56 bytes]","args":[{"element-6066-11e4-a52e-4f735466cecf":"f.8F60F7CA831AD576036D3680DB46BD22.d.876CBB912941B9229E7212FBAB61DB5B.e.12207","ELEMENT":"f.8F60F7CA831AD576036D3680DB46BD22.d.876CBB912941B9229E7212FBAB61DB5B.e.12207"}]}
COMMAND: POST /session/f8b17aff14ace713329ed2ba9e517e88/element - {"using":"xpath","value":"//td[@aria-colindex=\"1\"]/div/div[contains(@class, \"sapMCbBg\")]"}
COMMAND: GET /session/f8b17aff14ace713329ed2ba9e517e88/screenshot - {}
RESULT: {"using":"xpath","value":"//td[@aria-colindex=\"1\"]/div/div[contains(@class, \"sapMCbBg\")]"}
COMMAND: POST /session/f8b17aff14ace713329ed2ba9e517e88/element/f.8F60F7CA831AD576036D3680DB46BD22.d.876CBB912941B9229E7212FBAB61DB5B.e.12217/click - {}
RESULT: {}
RESULT: {}
COMMAND: GET /session/f8b17aff14ace713329ed2ba9e517e88/screenshot - {}
RESULT: {}
COMMAND: POST /session/f8b17aff14ace713329ed2ba9e517e88/element - {"using":"xpath","value":"//bdi[text()=\"Transfer\"]"}
RESULT: {"using":"xpath","value":"//bdi[text()=\"Transfer\"]"}
COMMAND: POST /session/f8b17aff14ace713329ed2ba9e517e88/element/f.8F60F7CA831AD576036D3680DB46BD22.d.876CBB912941B9229E7212FBAB61DB5B.e.12218/click - {}
RESULT: {}
COMMAND: GET /session/f8b17aff14ace713329ed2ba9e517e88/screenshot - {}
RESULT: {}
COMMAND: POST /session/f8b17aff14ace713329ed2ba9e517e88/element - {"using":"xpath","value":"//bdi[contains(text(), \"OK\")]"}
RESULT: {"using":"xpath","value":"//bdi[contains(text(), \"OK\")]"}
COMMAND: POST /session/f8b17aff14ace713329ed2ba9e517e88/element/f.8F60F7CA831AD576036D3680DB46BD22.d.876CBB912941B9229E7212FBAB61DB5B.e.12221/click - {}
RESULT: {}
COMMAND: GET /session/f8b17aff14ace713329ed2ba9e517e88/screenshot - {}
RESULT: {}
COMMAND: POST /session/f8b17aff14ace713329ed2ba9e517e88/element - {"using":"xpath","value":"(//span[contains(text(), \"Completed\")]/parent::div/preceding-sibling::div/span)[1]"}
RESULT: {"using":"xpath","value":"(//span[contains(text(), \"Completed\")]/parent::div/preceding-sibling::div/span)[1]"}
COMMAND: POST /session/f8b17aff14ace713329ed2ba9e517e88/element/f.8F60F7CA831AD576036D3680DB46BD22.d.876CBB912941B9229E7212FBAB61DB5B.e.12230/click - {}
RESULT: {}
COMMAND: POST /session/f8b17aff14ace713329ed2ba9e517e88/element - {"using":"xpath","value":"//input[contains(@id ,\"application-billingtransfer-display-component---billingWorkbench--smartFilterBar-btnBasicSearch\")]"}
COMMAND: GET /session/f8b17aff14ace713329ed2ba9e517e88/screenshot - {}
RESULT: {"using":"xpath","value":"//input[contains(@id ,\"application-billingtransfer-display-component---billingWorkbench--smartFilterBar-btnBasicSearch\")]"}
COMMAND: POST /session/f8b17aff14ace713329ed2ba9e517e88/elements - {"using":"xpath","value":"//input[contains(@id ,\"application-billingtransfer-display-component---billingWorkbench--smartFilterBar-btnBasicSearch\")]"}
RESULT: {}
RESULT: {"using":"xpath","value":"//input[contains(@id ,\"application-billingtransfer-display-component---billingWorkbench--smartFilterBar-btnBasicSearch\")]"}
COMMAND: POST /session/f8b17aff14ace713329ed2ba9e517e88/execute/sync - {"script":"<script> [8489 bytes]","args":[{"element-6066-11e4-a52e-4f735466cecf":"f.8F60F7CA831AD576036D3680DB46BD22.d.876CBB912941B9229E7212FBAB61DB5B.e.12014","ELEMENT":"f.8F60F7CA831AD576036D3680DB46BD22.d.876CBB912941B9229E7212FBAB61DB5B.e.12014"}]}
RESULT: {"script":"<script> [8489 bytes]","args":[{"element-6066-11e4-a52e-4f735466cecf":"f.8F60F7CA831AD576036D3680DB46BD22.d.876CBB912941B9229E7212FBAB61DB5B.e.12014","ELEMENT":"f.8F60F7CA831AD576036D3680DB46BD22.d.876CBB912941B9229E7212FBAB61DB5B.e.12014"}]}
COMMAND: GET /session/f8b17aff14ace713329ed2ba9e517e88/element/f.8F60F7CA831AD576036D3680DB46BD22.d.876CBB912941B9229E7212FBAB61DB5B.e.12014/enabled - {}
COMMAND: GET /session/f8b17aff14ace713329ed2ba9e517e88/screenshot - {}
RESULT: {}
COMMAND: POST /session/f8b17aff14ace713329ed2ba9e517e88/element/f.8F60F7CA831AD576036D3680DB46BD22.d.876CBB912941B9229E7212FBAB61DB5B.e.12014/click - {}
COMMAND: GET /session/f8b17aff14ace713329ed2ba9e517e88/screenshot - {}
RESULT: {}
RESULT: {}
COMMAND: GET /session/f8b17aff14ace713329ed2ba9e517e88/screenshot - {}
RESULT: {}
RESULT: {}
COMMAND: POST /session/f8b17aff14ace713329ed2ba9e517e88/element/f.8F60F7CA831AD576036D3680DB46BD22.d.876CBB912941B9229E7212FBAB61DB5B.e.12014/clear - {}
RESULT: {}
COMMAND: POST /session/f8b17aff14ace713329ed2ba9e517e88/element/f.8F60F7CA831AD576036D3680DB46BD22.d.876CBB912941B9229E7212FBAB61DB5B.e.12014/value - {"text":"10285"}
COMMAND: GET /session/f8b17aff14ace713329ed2ba9e517e88/screenshot - {}
RESULT: {"text":"10285"}
COMMAND: POST /session/f8b17aff14ace713329ed2ba9e517e88/actions - {"actions":[{"id":"action44","type":"key","parameters":{},"actions":[{"type":"keyDown","value":"î€‡"},{"type":"pause","duration":10},{"type":"keyUp","value":"î€‡"}]}]}
COMMAND: GET /session/f8b17aff14ace713329ed2ba9e517e88/screenshot - {}
RESULT: {}
RESULT: {"actions":[{"id":"action44","type":"key","parameters":{},"actions":[{"type":"keyDown","value":"î€‡"},{"type":"pause","duration":10},{"type":"keyUp","value":"î€‡"}]}]}
COMMAND: GET /session/f8b17aff14ace713329ed2ba9e517e88/screenshot - {}
RESULT: {}
RESULT: {}
COMMAND: POST /session/f8b17aff14ace713329ed2ba9e517e88/element - {"using":"xpath","value":"//span[contains(@id ,\"application-billingtransfer-display-component---billingWorkbench--smartTableBillingRuns-header-inner\")]"}
RESULT: {"using":"xpath","value":"//span[contains(@id ,\"application-billingtransfer-display-component---billingWorkbench--smartTableBillingRuns-header-inner\")]"}
COMMAND: POST /session/f8b17aff14ace713329ed2ba9e517e88/elements - {"using":"xpath","value":"//span[contains(@id ,\"application-billingtransfer-display-component---billingWorkbench--smartTableBillingRuns-header-inner\")]"}
RESULT: {"using":"xpath","value":"//span[contains(@id ,\"application-billingtransfer-display-component---billingWorkbench--smartTableBillingRuns-header-inner\")]"}
COMMAND: POST /session/f8b17aff14ace713329ed2ba9e517e88/execute/sync - {"script":"<script> [56 bytes]","args":[{"element-6066-11e4-a52e-4f735466cecf":"f.8F60F7CA831AD576036D3680DB46BD22.d.876CBB912941B9229E7212FBAB61DB5B.e.12207","ELEMENT":"f.8F60F7CA831AD576036D3680DB46BD22.d.876CBB912941B9229E7212FBAB61DB5B.e.12207"}]}
RESULT: {"script":"<script> [56 bytes]","args":[{"element-6066-11e4-a52e-4f735466cecf":"f.8F60F7CA831AD576036D3680DB46BD22.d.876CBB912941B9229E7212FBAB61DB5B.e.12207","ELEMENT":"f.8F60F7CA831AD576036D3680DB46BD22.d.876CBB912941B9229E7212FBAB61DB5B.e.12207"}]}
COMMAND: POST /session/f8b17aff14ace713329ed2ba9e517e88/element - {"using":"css selector","value":"#shell-header-logo"}
COMMAND: GET /session/f8b17aff14ace713329ed2ba9e517e88/screenshot - {}
RESULT: {"using":"css selector","value":"#shell-header-logo"}
COMMAND: POST /session/f8b17aff14ace713329ed2ba9e517e88/element/f.8F60F7CA831AD576036D3680DB46BD22.d.876CBB912941B9229E7212FBAB61DB5B.e.12012/click - {}
RESULT: {}
RESULT: {}
COMMAND: GET /session/f8b17aff14ace713329ed2ba9e517e88/screenshot - {}
RESULT: {}
COMMAND: POST /session/f8b17aff14ace713329ed2ba9e517e88/element - {"using":"css selector","value":"#j_username"}
COMMAND: POST /session/f8b17aff14ace713329ed2ba9e517e88/url - {"url":"https://qa-testing-00-live-etm-ui.cfapps.eu10-004.hana.ondemand.com/"}
RESULT: {"using":"css selector","value":"#j_username"}
COMMAND: POST /session/f8b17aff14ace713329ed2ba9e517e88/element - {"using":"css selector","value":"#j_username"}
RESULT: {"url":"https://qa-testing-00-live-etm-ui.cfapps.eu10-004.hana.ondemand.com/"}
RESULT: undefined
COMMAND: GET /session/f8b17aff14ace713329ed2ba9e517e88/screenshot - {}
RESULT: {"using":"css selector","value":"#j_username"}
COMMAND: POST /session/f8b17aff14ace713329ed2ba9e517e88/element - {"using":"css selector","value":"#shell-header-logo"}
RESULT: {}
RESULT: {"using":"css selector","value":"#shell-header-logo"}
COMMAND: POST /session/f8b17aff14ace713329ed2ba9e517e88/execute/sync - {"script":"<script> [8489 bytes]","args":[{"element-6066-11e4-a52e-4f735466cecf":"f.8F60F7CA831AD576036D3680DB46BD22.d.D64B640EE51D9DA57C117A1148636CD7.e.12245","ELEMENT":"f.8F60F7CA831AD576036D3680DB46BD22.d.D64B640EE51D9DA57C117A1148636CD7.e.12245"}]}
RESULT: {"script":"<script> [8489 bytes]","args":[{"element-6066-11e4-a52e-4f735466cecf":"f.8F60F7CA831AD576036D3680DB46BD22.d.D64B640EE51D9DA57C117A1148636CD7.e.12245","ELEMENT":"f.8F60F7CA831AD576036D3680DB46BD22.d.D64B640EE51D9DA57C117A1148636CD7.e.12245"}]}
COMMAND: POST /session/f8b17aff14ace713329ed2ba9e517e88/element - {"using":"css selector","value":"#shell-header-logo"}
COMMAND: GET /session/f8b17aff14ace713329ed2ba9e517e88/screenshot - {}
RESULT: {"using":"css selector","value":"#shell-header-logo"}
COMMAND: POST /session/f8b17aff14ace713329ed2ba9e517e88/execute/sync - {"script":"<script> [8489 bytes]","args":[{"element-6066-11e4-a52e-4f735466cecf":"f.8F60F7CA831AD576036D3680DB46BD22.d.D64B640EE51D9DA57C117A1148636CD7.e.12245","ELEMENT":"f.8F60F7CA831AD576036D3680DB46BD22.d.D64B640EE51D9DA57C117A1148636CD7.e.12245"}]}
RESULT: {}
RESULT: {"script":"<script> [8489 bytes]","args":[{"element-6066-11e4-a52e-4f735466cecf":"f.8F60F7CA831AD576036D3680DB46BD22.d.D64B640EE51D9DA57C117A1148636CD7.e.12245","ELEMENT":"f.8F60F7CA831AD576036D3680DB46BD22.d.D64B640EE51D9DA57C117A1148636CD7.e.12245"}]}
COMMAND: POST /session/f8b17aff14ace713329ed2ba9e517e88/execute/sync - {"script":"<script> [5351 bytes]","args":[{"element-6066-11e4-a52e-4f735466cecf":"f.8F60F7CA831AD576036D3680DB46BD22.d.D64B640EE51D9DA57C117A1148636CD7.e.12245","ELEMENT":"f.8F60F7CA831AD576036D3680DB46BD22.d.D64B640EE51D9DA57C117A1148636CD7.e.12245"}]}
COMMAND: GET /session/f8b17aff14ace713329ed2ba9e517e88/screenshot - {}
RESULT: {"script":"<script> [5351 bytes]","args":[{"element-6066-11e4-a52e-4f735466cecf":"f.8F60F7CA831AD576036D3680DB46BD22.d.D64B640EE51D9DA57C117A1148636CD7.e.12245","ELEMENT":"f.8F60F7CA831AD576036D3680DB46BD22.d.D64B640EE51D9DA57C117A1148636CD7.e.12245"}]}
COMMAND: POST /session/f8b17aff14ace713329ed2ba9e517e88/element - {"using":"css selector","value":"#shell-header-logo"}
COMMAND: GET /session/f8b17aff14ace713329ed2ba9e517e88/screenshot - {}
RESULT: {}
RESULT: {"using":"css selector","value":"#shell-header-logo"}
COMMAND: POST /session/f8b17aff14ace713329ed2ba9e517e88/element/f.8F60F7CA831AD576036D3680DB46BD22.d.D64B640EE51D9DA57C117A1148636CD7.e.12245/click - {}
RESULT: {}
RESULT: {}
COMMAND: GET /session/f8b17aff14ace713329ed2ba9e517e88/screenshot - {}
RESULT: {}
COMMAND: POST /session/f8b17aff14ace713329ed2ba9e517e88/execute/async - {"script":"<script> [189 bytes]","args":[]}
RESULT: {"script":"<script> [189 bytes]","args":[]}
COMMAND: POST /session/f8b17aff14ace713329ed2ba9e517e88/execute/async - {"script":"<script> [123 bytes]","args":[]}
RESULT: {"script":"<script> [123 bytes]","args":[]}
COMMAND: POST /session/f8b17aff14ace713329ed2ba9e517e88/timeouts - {"script":"<number>"}
RESULT: {"script":"<number>"}
COMMAND: GET /session/f8b17aff14ace713329ed2ba9e517e88/timeouts - {}
RESULT: {}
RESULT: undefined
COMMAND: POST /session/f8b17aff14ace713329ed2ba9e517e88/execute/async - {"script":"<script> [2676 bytes]","args":[]}
RESULT: {"script":"<script> [2676 bytes]","args":[]}
COMMAND: POST /session/f8b17aff14ace713329ed2ba9e517e88/execute/async - {"script":"<script> [2342 bytes]","args":[{"protocol":"http","hostname":"0.0.0.0","path":"/","capabilities":{"browserName":"chrome","goog:chromeOptions":{"binary":"C:\\Program Files\\Google\\Chrome\\Application\\chrome.exe","args":["--start-maximized"]}},"logLevel":"warn","connectionRetryTimeout":120000,"connectionRetryCount":3,"logLevels":{},"enableDirectConnect":true,"strictSSL":true,"_":"65 more keys: [\"cacheDir\",\"port\",\"requestedCapabilities\",\"automationProtocol\",\"baseUrl\",\"waitforInterval\",\"waitforTimeout\",\"onReload\",\"beforeCommand\",\"afterCommand\",\"rootDir\",\"specs\",\"suites\",\"exclude\",\"groupLogsByTestSpec\",\"excludeDriverLogs\",\"bail\",\"framework\",\"reporters\",\"services\",\"maxInstances\",\"maxInstancesPerCapability\",\"injectGlobals\",\"filesToWatch\",\"execArgv\",\"runnerEnv\",\"runner\",\"shard\",\"specFileRetries\",\"specFileRetriesDelay\",\"specFileRetriesDeferred\",\"reporterSyncInterval\",\"reporterSyncTimeout\",\"cucumberFeaturesWithLineNumbers\",\"autoCompileOpts\",\"mochaOpts\",\"jasmineOpts\",\"cucumberOpts\",\"onPrepare\",\"onWorkerStart\",\"onWorkerEnd\",\"before\",\"beforeSession\",\"beforeSuite\",\"beforeHook\",\"beforeTest\",\"afterTest\",\"afterHook\",\"afterSuite\",\"afterSession\",\"after\",\"onComplete\",\"beforeAssertion\",\"afterAssertion\",\"beforeFeature\",\"beforeScenario\",\"beforeStep\",\"afterStep\",\"afterScenario\",\"afterFeature\",\"_\",\"suite\",\"$0\",\"ignoredWorkerServices\",\"wdi5\"]"}]}
RESULT: {"script":"<script> [2342 bytes]","args":[{"protocol":"http","hostname":"0.0.0.0","path":"/","capabilities":{"browserName":"chrome","goog:chromeOptions":{"binary":"C:\\Program Files\\Google\\Chrome\\Application\\chrome.exe","args":["--start-maximized"]}},"logLevel":"warn","connectionRetryTimeout":120000,"connectionRetryCount":3,"logLevels":{},"enableDirectConnect":true,"strictSSL":true,"_":"65 more keys: [\"cacheDir\",\"port\",\"requestedCapabilities\",\"automationProtocol\",\"baseUrl\",\"waitforInterval\",\"waitforTimeout\",\"onReload\",\"beforeCommand\",\"afterCommand\",\"rootDir\",\"specs\",\"suites\",\"exclude\",\"groupLogsByTestSpec\",\"excludeDriverLogs\",\"bail\",\"framework\",\"reporters\",\"services\",\"maxInstances\",\"maxInstancesPerCapability\",\"injectGlobals\",\"filesToWatch\",\"execArgv\",\"runnerEnv\",\"runner\",\"shard\",\"specFileRetries\",\"specFileRetriesDelay\",\"specFileRetriesDeferred\",\"reporterSyncInterval\",\"reporterSyncTimeout\",\"cucumberFeaturesWithLineNumbers\",\"autoCompileOpts\",\"mochaOpts\",\"jasmineOpts\",\"cucumberOpts\",\"onPrepare\",\"onWorkerStart\",\"onWorkerEnd\",\"before\",\"beforeSession\",\"beforeSuite\",\"beforeHook\",\"beforeTest\",\"afterTest\",\"afterHook\",\"afterSuite\",\"afterSession\",\"after\",\"onComplete\",\"beforeAssertion\",\"afterAssertion\",\"beforeFeature\",\"beforeScenario\",\"beforeStep\",\"afterStep\",\"afterScenario\",\"afterFeature\",\"_\",\"suite\",\"$0\",\"ignoredWorkerServices\",\"wdi5\"]"}]}
COMMAND: POST /session/f8b17aff14ace713329ed2ba9e517e88/execute/async - {"script":"<script> [21126 bytes]","args":[35000]}
RESULT: {"script":"<script> [21126 bytes]","args":[35000]}
COMMAND: POST /session/f8b17aff14ace713329ed2ba9e517e88/window/maximize - {}
RESULT: {}
COMMAND: POST /session/f8b17aff14ace713329ed2ba9e517e88/execute/async - {"script":"<script> [1562 bytes]","args":[{"selector":{"id":"shell-header","interaction":{"idSuffix":"icon"}},"wdio_ui5_key":"shellheader"}]}
COMMAND: GET /session/f8b17aff14ace713329ed2ba9e517e88/screenshot - {}
RESULT: {"script":"<script> [1562 bytes]","args":[{"selector":{"id":"shell-header","interaction":{"idSuffix":"icon"}},"wdio_ui5_key":"shellheader"}]}
RESULT: undefined
COMMAND: POST /session/f8b17aff14ace713329ed2ba9e517e88/refresh - {}
RESULT: {}
RESULT: {}
COMMAND: GET /session/f8b17aff14ace713329ed2ba9e517e88/screenshot - {}
RESULT: {}
COMMAND: POST /session/f8b17aff14ace713329ed2ba9e517e88/refresh - {}
RESULT: {}
COMMAND: GET /session/f8b17aff14ace713329ed2ba9e517e88/screenshot - {}
RESULT: {}
COMMAND: POST /session/f8b17aff14ace713329ed2ba9e517e88/window/fullscreen - {}
RESULT: {}
COMMAND: POST /session/f8b17aff14ace713329ed2ba9e517e88/execute/async - {"script":"<script> [189 bytes]","args":[]}
RESULT: {"script":"<script> [189 bytes]","args":[]}
COMMAND: POST /session/f8b17aff14ace713329ed2ba9e517e88/execute/async - {"script":"<script> [123 bytes]","args":[]}
RESULT: {"script":"<script> [123 bytes]","args":[]}
COMMAND: POST /session/f8b17aff14ace713329ed2ba9e517e88/timeouts - {"script":"<number>"}
RESULT: {"script":"<number>"}
COMMAND: GET /session/f8b17aff14ace713329ed2ba9e517e88/timeouts - {}
RESULT: {}
RESULT: undefined
COMMAND: POST /session/f8b17aff14ace713329ed2ba9e517e88/execute/async - {"script":"<script> [2676 bytes]","args":[]}
RESULT: {"script":"<script> [2676 bytes]","args":[]}
COMMAND: POST /session/f8b17aff14ace713329ed2ba9e517e88/execute/async - {"script":"<script> [2342 bytes]","args":[{"protocol":"http","hostname":"0.0.0.0","path":"/","capabilities":{"browserName":"chrome","goog:chromeOptions":{"binary":"C:\\Program Files\\Google\\Chrome\\Application\\chrome.exe","args":["--start-maximized"]}},"logLevel":"warn","connectionRetryTimeout":120000,"connectionRetryCount":3,"logLevels":{},"enableDirectConnect":true,"strictSSL":true,"_":"65 more keys: [\"cacheDir\",\"port\",\"requestedCapabilities\",\"automationProtocol\",\"baseUrl\",\"waitforInterval\",\"waitforTimeout\",\"onReload\",\"beforeCommand\",\"afterCommand\",\"rootDir\",\"specs\",\"suites\",\"exclude\",\"groupLogsByTestSpec\",\"excludeDriverLogs\",\"bail\",\"framework\",\"reporters\",\"services\",\"maxInstances\",\"maxInstancesPerCapability\",\"injectGlobals\",\"filesToWatch\",\"execArgv\",\"runnerEnv\",\"runner\",\"shard\",\"specFileRetries\",\"specFileRetriesDelay\",\"specFileRetriesDeferred\",\"reporterSyncInterval\",\"reporterSyncTimeout\",\"cucumberFeaturesWithLineNumbers\",\"autoCompileOpts\",\"mochaOpts\",\"jasmineOpts\",\"cucumberOpts\",\"onPrepare\",\"onWorkerStart\",\"onWorkerEnd\",\"before\",\"beforeSession\",\"beforeSuite\",\"beforeHook\",\"beforeTest\",\"afterTest\",\"afterHook\",\"afterSuite\",\"afterSession\",\"after\",\"onComplete\",\"beforeAssertion\",\"afterAssertion\",\"beforeFeature\",\"beforeScenario\",\"beforeStep\",\"afterStep\",\"afterScenario\",\"afterFeature\",\"_\",\"suite\",\"$0\",\"ignoredWorkerServices\",\"wdi5\"]"}]}
RESULT: {"script":"<script> [2342 bytes]","args":[{"protocol":"http","hostname":"0.0.0.0","path":"/","capabilities":{"browserName":"chrome","goog:chromeOptions":{"binary":"C:\\Program Files\\Google\\Chrome\\Application\\chrome.exe","args":["--start-maximized"]}},"logLevel":"warn","connectionRetryTimeout":120000,"connectionRetryCount":3,"logLevels":{},"enableDirectConnect":true,"strictSSL":true,"_":"65 more keys: [\"cacheDir\",\"port\",\"requestedCapabilities\",\"automationProtocol\",\"baseUrl\",\"waitforInterval\",\"waitforTimeout\",\"onReload\",\"beforeCommand\",\"afterCommand\",\"rootDir\",\"specs\",\"suites\",\"exclude\",\"groupLogsByTestSpec\",\"excludeDriverLogs\",\"bail\",\"framework\",\"reporters\",\"services\",\"maxInstances\",\"maxInstancesPerCapability\",\"injectGlobals\",\"filesToWatch\",\"execArgv\",\"runnerEnv\",\"runner\",\"shard\",\"specFileRetries\",\"specFileRetriesDelay\",\"specFileRetriesDeferred\",\"reporterSyncInterval\",\"reporterSyncTimeout\",\"cucumberFeaturesWithLineNumbers\",\"autoCompileOpts\",\"mochaOpts\",\"jasmineOpts\",\"cucumberOpts\",\"onPrepare\",\"onWorkerStart\",\"onWorkerEnd\",\"before\",\"beforeSession\",\"beforeSuite\",\"beforeHook\",\"beforeTest\",\"afterTest\",\"afterHook\",\"afterSuite\",\"afterSession\",\"after\",\"onComplete\",\"beforeAssertion\",\"afterAssertion\",\"beforeFeature\",\"beforeScenario\",\"beforeStep\",\"afterStep\",\"afterScenario\",\"afterFeature\",\"_\",\"suite\",\"$0\",\"ignoredWorkerServices\",\"wdi5\"]"}]}
COMMAND: POST /session/f8b17aff14ace713329ed2ba9e517e88/execute/async - {"script":"<script> [21126 bytes]","args":[35000]}
RESULT: {"script":"<script> [21126 bytes]","args":[35000]}
]]></system-out>
    </testcase>
  </testsuite>
  <testsuite timestamp="2025-04-28T17:52:31" time="694.033" tests="12" failures="0" errors="0" skipped="0">
    <properties>
      <property name="specId" value="0" />
      <property name="suiteName" value="Billing transfer US117289" />
      <property name="capabilities" value="chrome.135_0_7049_96.windows" />
      <property name="file" value="file:///D:/a/1/s/test/specs/BTS/billing-transfer.spec.js" />
    </properties>
    <testcase classname="chrome.135_0_7049_96.windows.Billing_transfer_US117289" name="Should create a new yard" time="0.911">
      <system-out><![CDATA[
COMMAND: POST /session/f8b17aff14ace713329ed2ba9e517e88/window/fullscreen - {}
RESULT: {}
]]></system-out>
    </testcase>
    <testcase classname="chrome.135_0_7049_96.windows.Billing_transfer_US117289" name="Should create a new partner" time="0.004" />
    <testcase classname="chrome.135_0_7049_96.windows.Billing_transfer_US117289" name="Should create a new site" time="0.004" />
    <testcase classname="chrome.135_0_7049_96.windows.Billing_transfer_US117289" name="Should create a new equipment" time="134.973">
      <system-out><![CDATA[
COMMAND: POST /session/f8b17aff14ace713329ed2ba9e517e88/execute/async - {"script":"<script> [1562 bytes]","args":[{"selector":{"controlType":"sap.m.GenericTile","properties":{"header":"Manage Resources"}},"wdio_ui5_key":"sapm.GenericTile{\"header\":\"Manage Resources\"}"}]}
RESULT: {"script":"<script> [1562 bytes]","args":[{"selector":{"controlType":"sap.m.GenericTile","properties":{"header":"Manage Resources"}},"wdio_ui5_key":"sapm.GenericTile{\"header\":\"Manage Resources\"}"}]}
RESULT: undefined
COMMAND: POST /session/f8b17aff14ace713329ed2ba9e517e88/element - {"using":"xpath","value":"//*[@id=\"__tile39\"]"}
RESULT: {"using":"xpath","value":"//*[@id=\"__tile39\"]"}
COMMAND: POST /session/f8b17aff14ace713329ed2ba9e517e88/element/f.8F60F7CA831AD576036D3680DB46BD22.d.57F01CF7A3908D7ABA0DDF02296CF901.e.12397/click - {}
RESULT: {}
COMMAND: POST /session/f8b17aff14ace713329ed2ba9e517e88/element - {"using":"xpath","value":"//button[@data-kt=\"addNewRUOverflowToolbarButton\"]"}
COMMAND: GET /session/f8b17aff14ace713329ed2ba9e517e88/screenshot - {}
RESULT: {"using":"xpath","value":"//button[@data-kt=\"addNewRUOverflowToolbarButton\"]"}
COMMAND: POST /session/f8b17aff14ace713329ed2ba9e517e88/elements - {"using":"xpath","value":"//button[@data-kt=\"addNewRUOverflowToolbarButton\"]"}
RESULT: {}
RESULT: {"using":"xpath","value":"//button[@data-kt=\"addNewRUOverflowToolbarButton\"]"}
COMMAND: POST /session/f8b17aff14ace713329ed2ba9e517e88/elements - {"using":"xpath","value":"//button[@data-kt=\"addNewRUOverflowToolbarButton\"]"}
RESULT: {"using":"xpath","value":"//button[@data-kt=\"addNewRUOverflowToolbarButton\"]"}
COMMAND: POST /session/f8b17aff14ace713329ed2ba9e517e88/elements - {"using":"xpath","value":"//button[@data-kt=\"addNewRUOverflowToolbarButton\"]"}
RESULT: {"using":"xpath","value":"//button[@data-kt=\"addNewRUOverflowToolbarButton\"]"}
COMMAND: POST /session/f8b17aff14ace713329ed2ba9e517e88/elements - {"using":"xpath","value":"//button[@data-kt=\"addNewRUOverflowToolbarButton\"]"}
RESULT: {"using":"xpath","value":"//button[@data-kt=\"addNewRUOverflowToolbarButton\"]"}
COMMAND: POST /session/f8b17aff14ace713329ed2ba9e517e88/elements - {"using":"xpath","value":"//button[@data-kt=\"addNewRUOverflowToolbarButton\"]"}
RESULT: {"using":"xpath","value":"//button[@data-kt=\"addNewRUOverflowToolbarButton\"]"}
COMMAND: POST /session/f8b17aff14ace713329ed2ba9e517e88/elements - {"using":"xpath","value":"//button[@data-kt=\"addNewRUOverflowToolbarButton\"]"}
RESULT: {"using":"xpath","value":"//button[@data-kt=\"addNewRUOverflowToolbarButton\"]"}
COMMAND: POST /session/f8b17aff14ace713329ed2ba9e517e88/elements - {"using":"xpath","value":"//button[@data-kt=\"addNewRUOverflowToolbarButton\"]"}
RESULT: {"using":"xpath","value":"//button[@data-kt=\"addNewRUOverflowToolbarButton\"]"}
COMMAND: POST /session/f8b17aff14ace713329ed2ba9e517e88/elements - {"using":"xpath","value":"//button[@data-kt=\"addNewRUOverflowToolbarButton\"]"}
RESULT: {"using":"xpath","value":"//button[@data-kt=\"addNewRUOverflowToolbarButton\"]"}
COMMAND: POST /session/f8b17aff14ace713329ed2ba9e517e88/elements - {"using":"xpath","value":"//button[@data-kt=\"addNewRUOverflowToolbarButton\"]"}
RESULT: {"using":"xpath","value":"//button[@data-kt=\"addNewRUOverflowToolbarButton\"]"}
COMMAND: POST /session/f8b17aff14ace713329ed2ba9e517e88/elements - {"using":"xpath","value":"//button[@data-kt=\"addNewRUOverflowToolbarButton\"]"}
RESULT: {"using":"xpath","value":"//button[@data-kt=\"addNewRUOverflowToolbarButton\"]"}
COMMAND: POST /session/f8b17aff14ace713329ed2ba9e517e88/elements - {"using":"xpath","value":"//button[@data-kt=\"addNewRUOverflowToolbarButton\"]"}
RESULT: {"using":"xpath","value":"//button[@data-kt=\"addNewRUOverflowToolbarButton\"]"}
COMMAND: POST /session/f8b17aff14ace713329ed2ba9e517e88/elements - {"using":"xpath","value":"//button[@data-kt=\"addNewRUOverflowToolbarButton\"]"}
RESULT: {"using":"xpath","value":"//button[@data-kt=\"addNewRUOverflowToolbarButton\"]"}
COMMAND: POST /session/f8b17aff14ace713329ed2ba9e517e88/elements - {"using":"xpath","value":"//button[@data-kt=\"addNewRUOverflowToolbarButton\"]"}
RESULT: {"using":"xpath","value":"//button[@data-kt=\"addNewRUOverflowToolbarButton\"]"}
COMMAND: POST /session/f8b17aff14ace713329ed2ba9e517e88/elements - {"using":"xpath","value":"//button[@data-kt=\"addNewRUOverflowToolbarButton\"]"}
RESULT: {"using":"xpath","value":"//button[@data-kt=\"addNewRUOverflowToolbarButton\"]"}
COMMAND: POST /session/f8b17aff14ace713329ed2ba9e517e88/elements - {"using":"xpath","value":"//button[@data-kt=\"addNewRUOverflowToolbarButton\"]"}
RESULT: {"using":"xpath","value":"//button[@data-kt=\"addNewRUOverflowToolbarButton\"]"}
COMMAND: POST /session/f8b17aff14ace713329ed2ba9e517e88/elements - {"using":"xpath","value":"//button[@data-kt=\"addNewRUOverflowToolbarButton\"]"}
RESULT: {"using":"xpath","value":"//button[@data-kt=\"addNewRUOverflowToolbarButton\"]"}
COMMAND: POST /session/f8b17aff14ace713329ed2ba9e517e88/elements - {"using":"xpath","value":"//button[@data-kt=\"addNewRUOverflowToolbarButton\"]"}
RESULT: {"using":"xpath","value":"//button[@data-kt=\"addNewRUOverflowToolbarButton\"]"}
COMMAND: POST /session/f8b17aff14ace713329ed2ba9e517e88/elements - {"using":"xpath","value":"//button[@data-kt=\"addNewRUOverflowToolbarButton\"]"}
RESULT: {"using":"xpath","value":"//button[@data-kt=\"addNewRUOverflowToolbarButton\"]"}
COMMAND: POST /session/f8b17aff14ace713329ed2ba9e517e88/elements - {"using":"xpath","value":"//button[@data-kt=\"addNewRUOverflowToolbarButton\"]"}
RESULT: {"using":"xpath","value":"//button[@data-kt=\"addNewRUOverflowToolbarButton\"]"}
COMMAND: POST /session/f8b17aff14ace713329ed2ba9e517e88/elements - {"using":"xpath","value":"//button[@data-kt=\"addNewRUOverflowToolbarButton\"]"}
RESULT: {"using":"xpath","value":"//button[@data-kt=\"addNewRUOverflowToolbarButton\"]"}
COMMAND: POST /session/f8b17aff14ace713329ed2ba9e517e88/elements - {"using":"xpath","value":"//button[@data-kt=\"addNewRUOverflowToolbarButton\"]"}
RESULT: {"using":"xpath","value":"//button[@data-kt=\"addNewRUOverflowToolbarButton\"]"}
COMMAND: POST /session/f8b17aff14ace713329ed2ba9e517e88/element - {"using":"xpath","value":"//button[@data-kt=\"addNewRUOverflowToolbarButton\"]"}
RESULT: {"using":"xpath","value":"//button[@data-kt=\"addNewRUOverflowToolbarButton\"]"}
COMMAND: POST /session/f8b17aff14ace713329ed2ba9e517e88/execute/sync - {"script":"<script> [8489 bytes]","args":[{"element-6066-11e4-a52e-4f735466cecf":"f.8F60F7CA831AD576036D3680DB46BD22.d.57F01CF7A3908D7ABA0DDF02296CF901.e.12545","ELEMENT":"f.8F60F7CA831AD576036D3680DB46BD22.d.57F01CF7A3908D7ABA0DDF02296CF901.e.12545"}]}
RESULT: {"script":"<script> [8489 bytes]","args":[{"element-6066-11e4-a52e-4f735466cecf":"f.8F60F7CA831AD576036D3680DB46BD22.d.57F01CF7A3908D7ABA0DDF02296CF901.e.12545","ELEMENT":"f.8F60F7CA831AD576036D3680DB46BD22.d.57F01CF7A3908D7ABA0DDF02296CF901.e.12545"}]}
COMMAND: GET /session/f8b17aff14ace713329ed2ba9e517e88/element/f.8F60F7CA831AD576036D3680DB46BD22.d.57F01CF7A3908D7ABA0DDF02296CF901.e.12545/enabled - {}
COMMAND: GET /session/f8b17aff14ace713329ed2ba9e517e88/screenshot - {}
RESULT: {}
COMMAND: POST /session/f8b17aff14ace713329ed2ba9e517e88/execute/sync - {"script":"<script> [8489 bytes]","args":[{"element-6066-11e4-a52e-4f735466cecf":"f.8F60F7CA831AD576036D3680DB46BD22.d.57F01CF7A3908D7ABA0DDF02296CF901.e.12545","ELEMENT":"f.8F60F7CA831AD576036D3680DB46BD22.d.57F01CF7A3908D7ABA0DDF02296CF901.e.12545"}]}
COMMAND: GET /session/f8b17aff14ace713329ed2ba9e517e88/screenshot - {}
RESULT: {}
RESULT: {"script":"<script> [8489 bytes]","args":[{"element-6066-11e4-a52e-4f735466cecf":"f.8F60F7CA831AD576036D3680DB46BD22.d.57F01CF7A3908D7ABA0DDF02296CF901.e.12545","ELEMENT":"f.8F60F7CA831AD576036D3680DB46BD22.d.57F01CF7A3908D7ABA0DDF02296CF901.e.12545"}]}
COMMAND: POST /session/f8b17aff14ace713329ed2ba9e517e88/execute/sync - {"script":"<script> [5351 bytes]","args":[{"element-6066-11e4-a52e-4f735466cecf":"f.8F60F7CA831AD576036D3680DB46BD22.d.57F01CF7A3908D7ABA0DDF02296CF901.e.12545","ELEMENT":"f.8F60F7CA831AD576036D3680DB46BD22.d.57F01CF7A3908D7ABA0DDF02296CF901.e.12545"}]}
COMMAND: GET /session/f8b17aff14ace713329ed2ba9e517e88/screenshot - {}
RESULT: {}
RESULT: {"script":"<script> [5351 bytes]","args":[{"element-6066-11e4-a52e-4f735466cecf":"f.8F60F7CA831AD576036D3680DB46BD22.d.57F01CF7A3908D7ABA0DDF02296CF901.e.12545","ELEMENT":"f.8F60F7CA831AD576036D3680DB46BD22.d.57F01CF7A3908D7ABA0DDF02296CF901.e.12545"}]}
COMMAND: POST /session/f8b17aff14ace713329ed2ba9e517e88/element/f.8F60F7CA831AD576036D3680DB46BD22.d.57F01CF7A3908D7ABA0DDF02296CF901.e.12545/click - {}
COMMAND: GET /session/f8b17aff14ace713329ed2ba9e517e88/screenshot - {}
RESULT: {}
RESULT: {}
RESULT: {}
COMMAND: GET /session/f8b17aff14ace713329ed2ba9e517e88/screenshot - {}
RESULT: {}
COMMAND: POST /session/f8b17aff14ace713329ed2ba9e517e88/execute/async - {"script":"<script> [1562 bytes]","args":[{"selector":{"id":"application-manageresources-display-component---newResourceUnit--TYPE-arrow"},"wdio_ui5_key":"applicationmanageresources-display-component---newResourceUnit--TYPE-arrow"}]}
RESULT: {"script":"<script> [1562 bytes]","args":[{"selector":{"id":"application-manageresources-display-component---newResourceUnit--TYPE-arrow"},"wdio_ui5_key":"applicationmanageresources-display-component---newResourceUnit--TYPE-arrow"}]}
RESULT: undefined
COMMAND: POST /session/f8b17aff14ace713329ed2ba9e517e88/element - {"using":"xpath","value":"//*[@id=\"application-manageresources-display-component---newResourceUnit--TYPE-arrow\"]"}
RESULT: {"using":"xpath","value":"//*[@id=\"application-manageresources-display-component---newResourceUnit--TYPE-arrow\"]"}
COMMAND: POST /session/f8b17aff14ace713329ed2ba9e517e88/element/f.8F60F7CA831AD576036D3680DB46BD22.d.57F01CF7A3908D7ABA0DDF02296CF901.e.12894/click - {}
RESULT: {}
COMMAND: POST /session/f8b17aff14ace713329ed2ba9e517e88/element - {"using":"xpath","value":"//input[@id=\"application-manageresources-display-component---newResourceUnit--TYPE-inner\"]"}
COMMAND: GET /session/f8b17aff14ace713329ed2ba9e517e88/screenshot - {}
RESULT: {"using":"xpath","value":"//input[@id=\"application-manageresources-display-component---newResourceUnit--TYPE-inner\"]"}
COMMAND: POST /session/f8b17aff14ace713329ed2ba9e517e88/element/f.8F60F7CA831AD576036D3680DB46BD22.d.57F01CF7A3908D7ABA0DDF02296CF901.e.12884/clear - {}
RESULT: {}
RESULT: {}
COMMAND: POST /session/f8b17aff14ace713329ed2ba9e517e88/element/f.8F60F7CA831AD576036D3680DB46BD22.d.57F01CF7A3908D7ABA0DDF02296CF901.e.12884/value - {"text":"Equipment"}
COMMAND: GET /session/f8b17aff14ace713329ed2ba9e517e88/screenshot - {}
RESULT: {"text":"Equipment"}
COMMAND: GET /session/f8b17aff14ace713329ed2ba9e517e88/screenshot - {}
RESULT: {}
RESULT: {}
COMMAND: POST /session/f8b17aff14ace713329ed2ba9e517e88/actions - {"actions":[{"id":"action45","type":"key","parameters":{},"actions":[{"type":"keyDown","value":"î€‡"},{"type":"pause","duration":10},{"type":"keyUp","value":"î€‡"}]}]}
RESULT: {"actions":[{"id":"action45","type":"key","parameters":{},"actions":[{"type":"keyDown","value":"î€‡"},{"type":"pause","duration":10},{"type":"keyUp","value":"î€‡"}]}]}
COMMAND: POST /session/f8b17aff14ace713329ed2ba9e517e88/execute/async - {"script":"<script> [1562 bytes]","args":[{"selector":{"id":"application-manageresources-display-component---newResourceUnit--resourceId","interaction":{"idSuffix":"inner"}},"wdio_ui5_key":"applicationmanageresources-display-component---newResourceUnit--resourceId"}]}
COMMAND: GET /session/f8b17aff14ace713329ed2ba9e517e88/screenshot - {}
RESULT: {"script":"<script> [1562 bytes]","args":[{"selector":{"id":"application-manageresources-display-component---newResourceUnit--resourceId","interaction":{"idSuffix":"inner"}},"wdio_ui5_key":"applicationmanageresources-display-component---newResourceUnit--resourceId"}]}
RESULT: undefined
COMMAND: POST /session/f8b17aff14ace713329ed2ba9e517e88/execute/async - {"script":"<script> [776 bytes]","args":[{"enterText":"2hiBn2je6L","selector":{"id":"application-manageresources-display-component---newResourceUnit--resourceId","interaction":{"idSuffix":"inner"}},"clearTextFirst":true,"interactionType":"ENTER_TEXT"}]}
RESULT: {}
RESULT: {"script":"<script> [776 bytes]","args":[{"enterText":"2hiBn2je6L","selector":{"id":"application-manageresources-display-component---newResourceUnit--resourceId","interaction":{"idSuffix":"inner"}},"clearTextFirst":true,"interactionType":"ENTER_TEXT"}]}
COMMAND: POST /session/f8b17aff14ace713329ed2ba9e517e88/execute/async - {"script":"<script> [1562 bytes]","args":[{"selector":{"id":"application-manageresources-display-component---newResourceUnit--SHORT_TEXT","interaction":{"idSuffix":"inner"}},"wdio_ui5_key":"applicationmanageresources-display-component---newResourceUnit--SHORT_TEXT"}]}
RESULT: {"script":"<script> [1562 bytes]","args":[{"selector":{"id":"application-manageresources-display-component---newResourceUnit--SHORT_TEXT","interaction":{"idSuffix":"inner"}},"wdio_ui5_key":"applicationmanageresources-display-component---newResourceUnit--SHORT_TEXT"}]}
RESULT: undefined
COMMAND: POST /session/f8b17aff14ace713329ed2ba9e517e88/execute/async - {"script":"<script> [776 bytes]","args":[{"enterText":"Intercompany Equipment WDIO","selector":{"id":"application-manageresources-display-component---newResourceUnit--SHORT_TEXT","interaction":{"idSuffix":"inner"}},"clearTextFirst":true,"interactionType":"ENTER_TEXT"}]}
RESULT: {"script":"<script> [776 bytes]","args":[{"enterText":"Intercompany Equipment WDIO","selector":{"id":"application-manageresources-display-component---newResourceUnit--SHORT_TEXT","interaction":{"idSuffix":"inner"}},"clearTextFirst":true,"interactionType":"ENTER_TEXT"}]}
COMMAND: POST /session/f8b17aff14ace713329ed2ba9e517e88/execute/async - {"script":"<script> [1562 bytes]","args":[{"selector":{"id":"application-manageresources-display-component---newResourceUnit--BASE_UNIT_OF_MEASURE","interaction":{"idSuffix":"inner"}},"wdio_ui5_key":"applicationmanageresources-display-component---newResourceUnit--BASE_UNIT_OF_MEASURE"}]}
RESULT: {"script":"<script> [1562 bytes]","args":[{"selector":{"id":"application-manageresources-display-component---newResourceUnit--BASE_UNIT_OF_MEASURE","interaction":{"idSuffix":"inner"}},"wdio_ui5_key":"applicationmanageresources-display-component---newResourceUnit--BASE_UNIT_OF_MEASURE"}]}
RESULT: undefined
COMMAND: POST /session/f8b17aff14ace713329ed2ba9e517e88/execute/async - {"script":"<script> [776 bytes]","args":[{"enterText":"Piece","selector":{"id":"application-manageresources-display-component---newResourceUnit--BASE_UNIT_OF_MEASURE","interaction":{"idSuffix":"inner"}},"clearTextFirst":true,"interactionType":"ENTER_TEXT"}]}
RESULT: {"script":"<script> [776 bytes]","args":[{"enterText":"Piece","selector":{"id":"application-manageresources-display-component---newResourceUnit--BASE_UNIT_OF_MEASURE","interaction":{"idSuffix":"inner"}},"clearTextFirst":true,"interactionType":"ENTER_TEXT"}]}
COMMAND: POST /session/f8b17aff14ace713329ed2ba9e517e88/execute/async - {"script":"<script> [1562 bytes]","args":[{"selector":{"id":"application-manageresources-display-component---newResourceUnit--WEIGHT_UNIT","interaction":{"idSuffix":"inner"}},"wdio_ui5_key":"applicationmanageresources-display-component---newResourceUnit--WEIGHT_UNIT"}]}
RESULT: {"script":"<script> [1562 bytes]","args":[{"selector":{"id":"application-manageresources-display-component---newResourceUnit--WEIGHT_UNIT","interaction":{"idSuffix":"inner"}},"wdio_ui5_key":"applicationmanageresources-display-component---newResourceUnit--WEIGHT_UNIT"}]}
RESULT: undefined
COMMAND: POST /session/f8b17aff14ace713329ed2ba9e517e88/execute/async - {"script":"<script> [776 bytes]","args":[{"enterText":"Gram","selector":{"id":"application-manageresources-display-component---newResourceUnit--WEIGHT_UNIT","interaction":{"idSuffix":"inner"}},"clearTextFirst":true,"interactionType":"ENTER_TEXT"}]}
RESULT: {"script":"<script> [776 bytes]","args":[{"enterText":"Gram","selector":{"id":"application-manageresources-display-component---newResourceUnit--WEIGHT_UNIT","interaction":{"idSuffix":"inner"}},"clearTextFirst":true,"interactionType":"ENTER_TEXT"}]}
COMMAND: POST /session/f8b17aff14ace713329ed2ba9e517e88/execute/async - {"script":"<script> [1562 bytes]","args":[{"selector":{"id":"application-manageresources-display-component---newResourceUnit--DIMENSION_UNIT","interaction":{"idSuffix":"inner"}},"wdio_ui5_key":"applicationmanageresources-display-component---newResourceUnit--DIMENSION_UNIT"}]}
RESULT: {"script":"<script> [1562 bytes]","args":[{"selector":{"id":"application-manageresources-display-component---newResourceUnit--DIMENSION_UNIT","interaction":{"idSuffix":"inner"}},"wdio_ui5_key":"applicationmanageresources-display-component---newResourceUnit--DIMENSION_UNIT"}]}
RESULT: undefined
COMMAND: POST /session/f8b17aff14ace713329ed2ba9e517e88/execute/async - {"script":"<script> [776 bytes]","args":[{"enterText":"Meter","selector":{"id":"application-manageresources-display-component---newResourceUnit--DIMENSION_UNIT","interaction":{"idSuffix":"inner"}},"clearTextFirst":true,"interactionType":"ENTER_TEXT"}]}
RESULT: {"script":"<script> [776 bytes]","args":[{"enterText":"Meter","selector":{"id":"application-manageresources-display-component---newResourceUnit--DIMENSION_UNIT","interaction":{"idSuffix":"inner"}},"clearTextFirst":true,"interactionType":"ENTER_TEXT"}]}
COMMAND: POST /session/f8b17aff14ace713329ed2ba9e517e88/execute/async - {"script":"<script> [1562 bytes]","args":[{"selector":{"id":"application-manageresources-display-component---newResourceUnit--newRRUPage-anchBar-application-manageresources-display-component---newResourceUnit--control-anchor","interaction":{"idSuffix":"BDI-content"}},"wdio_ui5_key":"applicationmanageresources-display-component---newResourceUnit--newRRUPage-anchBar-application-manageresources-display-component---newResourceUnit--control-anchor"}]}
RESULT: {"script":"<script> [1562 bytes]","args":[{"selector":{"id":"application-manageresources-display-component---newResourceUnit--newRRUPage-anchBar-application-manageresources-display-component---newResourceUnit--control-anchor","interaction":{"idSuffix":"BDI-content"}},"wdio_ui5_key":"applicationmanageresources-display-component---newResourceUnit--newRRUPage-anchBar-application-manageresources-display-component---newResourceUnit--control-anchor"}]}
RESULT: undefined
COMMAND: POST /session/f8b17aff14ace713329ed2ba9e517e88/element - {"using":"xpath","value":"//*[@id=\"application-manageresources-display-component---newResourceUnit--newRRUPage-anchBar-application-manageresources-display-component---newResourceUnit--control-anchor\"]"}
RESULT: {"using":"xpath","value":"//*[@id=\"application-manageresources-display-component---newResourceUnit--newRRUPage-anchBar-application-manageresources-display-component---newResourceUnit--control-anchor\"]"}
COMMAND: POST /session/f8b17aff14ace713329ed2ba9e517e88/element/f.8F60F7CA831AD576036D3680DB46BD22.d.57F01CF7A3908D7ABA0DDF02296CF901.e.13027/click - {}
RESULT: {}
COMMAND: POST /session/f8b17aff14ace713329ed2ba9e517e88/execute/async - {"script":"<script> [1562 bytes]","args":[{"selector":{"id":"application-manageresources-display-component---newResourceUnit--PLANNING_GROUP","interaction":{"idSuffix":"inner"}},"wdio_ui5_key":"applicationmanageresources-display-component---newResourceUnit--PLANNING_GROUP"}]}
COMMAND: GET /session/f8b17aff14ace713329ed2ba9e517e88/screenshot - {}
RESULT: {"script":"<script> [1562 bytes]","args":[{"selector":{"id":"application-manageresources-display-component---newResourceUnit--PLANNING_GROUP","interaction":{"idSuffix":"inner"}},"wdio_ui5_key":"applicationmanageresources-display-component---newResourceUnit--PLANNING_GROUP"}]}
RESULT: undefined
COMMAND: POST /session/f8b17aff14ace713329ed2ba9e517e88/execute/async - {"script":"<script> [776 bytes]","args":[{"enterText":"Heavy Equi","selector":{"id":"application-manageresources-display-component---newResourceUnit--PLANNING_GROUP","interaction":{"idSuffix":"inner"}},"clearTextFirst":true,"interactionType":"ENTER_TEXT"}]}
RESULT: {}
RESULT: {"script":"<script> [776 bytes]","args":[{"enterText":"Heavy Equi","selector":{"id":"application-manageresources-display-component---newResourceUnit--PLANNING_GROUP","interaction":{"idSuffix":"inner"}},"clearTextFirst":true,"interactionType":"ENTER_TEXT"}]}
COMMAND: POST /session/f8b17aff14ace713329ed2ba9e517e88/execute/async - {"script":"<script> [1562 bytes]","args":[{"selector":{"id":"application-manageresources-display-component---newResourceUnit--ITEM_TYPE-arrow"},"wdio_ui5_key":"applicationmanageresources-display-component---newResourceUnit--ITEM_TYPE-arrow"}]}
RESULT: {"script":"<script> [1562 bytes]","args":[{"selector":{"id":"application-manageresources-display-component---newResourceUnit--ITEM_TYPE-arrow"},"wdio_ui5_key":"applicationmanageresources-display-component---newResourceUnit--ITEM_TYPE-arrow"}]}
RESULT: undefined
COMMAND: POST /session/f8b17aff14ace713329ed2ba9e517e88/element - {"using":"xpath","value":"//*[@id=\"application-manageresources-display-component---newResourceUnit--ITEM_TYPE-arrow\"]"}
RESULT: {"using":"xpath","value":"//*[@id=\"application-manageresources-display-component---newResourceUnit--ITEM_TYPE-arrow\"]"}
COMMAND: POST /session/f8b17aff14ace713329ed2ba9e517e88/element/f.8F60F7CA831AD576036D3680DB46BD22.d.57F01CF7A3908D7ABA0DDF02296CF901.e.13034/click - {}
RESULT: {}
COMMAND: POST /session/f8b17aff14ace713329ed2ba9e517e88/element - {"using":"xpath","value":"(//span[contains(text(), \"Resource Unit\")])[2]"}
COMMAND: GET /session/f8b17aff14ace713329ed2ba9e517e88/screenshot - {}
RESULT: {"using":"xpath","value":"(//span[contains(text(), \"Resource Unit\")])[2]"}
COMMAND: POST /session/f8b17aff14ace713329ed2ba9e517e88/element/f.8F60F7CA831AD576036D3680DB46BD22.d.57F01CF7A3908D7ABA0DDF02296CF901.e.13035/click - {}
RESULT: {}
RESULT: {}
COMMAND: GET /session/f8b17aff14ace713329ed2ba9e517e88/screenshot - {}
RESULT: {}
COMMAND: POST /session/f8b17aff14ace713329ed2ba9e517e88/element - {"using":"css selector","value":"#application-manageresources-display-component---newResourceUnit--btnAddTimeSegment"}
RESULT: {"using":"css selector","value":"#application-manageresources-display-component---newResourceUnit--btnAddTimeSegment"}
COMMAND: GET /session/f8b17aff14ace713329ed2ba9e517e88/element/f.8F60F7CA831AD576036D3680DB46BD22.d.57F01CF7A3908D7ABA0DDF02296CF901.e.13036/rect - {}
RESULT: {}
COMMAND: GET /session/f8b17aff14ace713329ed2ba9e517e88/window/rect - {}
RESULT: {}
COMMAND: POST /session/f8b17aff14ace713329ed2ba9e517e88/execute/sync - {"script":"<script> [92 bytes]","args":[]}
RESULT: {"script":"<script> [92 bytes]","args":[]}
COMMAND: POST /session/f8b17aff14ace713329ed2ba9e517e88/actions - {"actions":[{"id":"action46","type":"wheel","parameters":{},"actions":[{"type":"scroll","x":-1888,"y":-32,"deltaX":0,"deltaY":0,"duration":0,"origin":{"element-6066-11e4-a52e-4f735466cecf":"f.8F60F7CA831AD576036D3680DB46BD22.d.57F01CF7A3908D7ABA0DDF02296CF901.e.13036"}}]}]}
COMMAND: GET /session/f8b17aff14ace713329ed2ba9e517e88/screenshot - {}
COMMAND: POST /session/f8b17aff14ace713329ed2ba9e517e88/execute/sync - {"script":"<script> [79 bytes]","args":[{"element-6066-11e4-a52e-4f735466cecf":"f.8F60F7CA831AD576036D3680DB46BD22.d.57F01CF7A3908D7ABA0DDF02296CF901.e.13036","ELEMENT":"f.8F60F7CA831AD576036D3680DB46BD22.d.57F01CF7A3908D7ABA0DDF02296CF901.e.13036"},{"block":"start","inline":"nearest"}]}
RESULT: {}
RESULT: {"script":"<script> [79 bytes]","args":[{"element-6066-11e4-a52e-4f735466cecf":"f.8F60F7CA831AD576036D3680DB46BD22.d.57F01CF7A3908D7ABA0DDF02296CF901.e.13036","ELEMENT":"f.8F60F7CA831AD576036D3680DB46BD22.d.57F01CF7A3908D7ABA0DDF02296CF901.e.13036"},{"block":"start","inline":"nearest"}]}
COMMAND: POST /session/f8b17aff14ace713329ed2ba9e517e88/execute/async - {"script":"<script> [1562 bytes]","args":[{"selector":{"id":"application-manageresources-display-component---newResourceUnit--btnAddTimeSegment","interaction":{"idSuffix":"inner"}},"wdio_ui5_key":"applicationmanageresources-display-component---newResourceUnit--btnAddTimeSegment"}]}
COMMAND: GET /session/f8b17aff14ace713329ed2ba9e517e88/screenshot - {}
RESULT: {"script":"<script> [1562 bytes]","args":[{"selector":{"id":"application-manageresources-display-component---newResourceUnit--btnAddTimeSegment","interaction":{"idSuffix":"inner"}},"wdio_ui5_key":"applicationmanageresources-display-component---newResourceUnit--btnAddTimeSegment"}]}
RESULT: undefined
COMMAND: POST /session/f8b17aff14ace713329ed2ba9e517e88/element - {"using":"xpath","value":"//*[@id=\"application-manageresources-display-component---newResourceUnit--btnAddTimeSegment\"]"}
RESULT: {}
RESULT: {"using":"xpath","value":"//*[@id=\"application-manageresources-display-component---newResourceUnit--btnAddTimeSegment\"]"}
COMMAND: POST /session/f8b17aff14ace713329ed2ba9e517e88/element/f.8F60F7CA831AD576036D3680DB46BD22.d.57F01CF7A3908D7ABA0DDF02296CF901.e.13036/click - {}
RESULT: {}
COMMAND: GET /session/f8b17aff14ace713329ed2ba9e517e88/screenshot - {}
RESULT: {}
COMMAND: POST /session/f8b17aff14ace713329ed2ba9e517e88/element - {"using":"xpath","value":"//input[@id=\"application-manageresources-display-component---newResourceUnit--idRuTSAdmin-application-manageresources-display-component---newResourceUnit--RUTimeSegment-0-inner\"]"}
RESULT: {"using":"xpath","value":"//input[@id=\"application-manageresources-display-component---newResourceUnit--idRuTSAdmin-application-manageresources-display-component---newResourceUnit--RUTimeSegment-0-inner\"]"}
COMMAND: POST /session/f8b17aff14ace713329ed2ba9e517e88/element/f.8F60F7CA831AD576036D3680DB46BD22.d.57F01CF7A3908D7ABA0DDF02296CF901.e.13042/clear - {}
RESULT: {}
COMMAND: POST /session/f8b17aff14ace713329ed2ba9e517e88/element/f.8F60F7CA831AD576036D3680DB46BD22.d.57F01CF7A3908D7ABA0DDF02296CF901.e.13042/value - {"text":"349"}
COMMAND: GET /session/f8b17aff14ace713329ed2ba9e517e88/screenshot - {}
RESULT: {"text":"349"}
COMMAND: GET /session/f8b17aff14ace713329ed2ba9e517e88/screenshot - {}
RESULT: {}
RESULT: {}
COMMAND: POST /session/f8b17aff14ace713329ed2ba9e517e88/element - {"using":"xpath","value":"//li[.//span[text()='349']]"}
RESULT: {"using":"xpath","value":"//li[.//span[text()='349']]"}
COMMAND: POST /session/f8b17aff14ace713329ed2ba9e517e88/element/f.8F60F7CA831AD576036D3680DB46BD22.d.57F01CF7A3908D7ABA0DDF02296CF901.e.13054/click - {}
RESULT: {}
COMMAND: GET /session/f8b17aff14ace713329ed2ba9e517e88/screenshot - {}
RESULT: {}
COMMAND: POST /session/f8b17aff14ace713329ed2ba9e517e88/element - {"using":"xpath","value":"(//span[contains(@id, \"-application-manageresources-display-component---newResourceUnit--RUTimeSegment-0-arrow\")])[6]"}
RESULT: {"using":"xpath","value":"(//span[contains(@id, \"-application-manageresources-display-component---newResourceUnit--RUTimeSegment-0-arrow\")])[6]"}
COMMAND: POST /session/f8b17aff14ace713329ed2ba9e517e88/element/f.8F60F7CA831AD576036D3680DB46BD22.d.57F01CF7A3908D7ABA0DDF02296CF901.e.13055/click - {}
RESULT: {}
COMMAND: POST /session/f8b17aff14ace713329ed2ba9e517e88/element - {"using":"xpath","value":"//span[contains(text(), \"PM Order\")]"}
COMMAND: GET /session/f8b17aff14ace713329ed2ba9e517e88/screenshot - {}
RESULT: {"using":"xpath","value":"//span[contains(text(), \"PM Order\")]"}
COMMAND: POST /session/f8b17aff14ace713329ed2ba9e517e88/element/f.8F60F7CA831AD576036D3680DB46BD22.d.57F01CF7A3908D7ABA0DDF02296CF901.e.13058/click - {}
RESULT: {}
RESULT: {}
COMMAND: GET /session/f8b17aff14ace713329ed2ba9e517e88/screenshot - {}
RESULT: {}
COMMAND: POST /session/f8b17aff14ace713329ed2ba9e517e88/element - {"using":"xpath","value":"(//span[contains(@id ,\"manageresources-display-component---newResourceUnit--RUTimeSegment-0-vhi\")])[1]"}
RESULT: {"using":"xpath","value":"(//span[contains(@id ,\"manageresources-display-component---newResourceUnit--RUTimeSegment-0-vhi\")])[1]"}
COMMAND: GET /session/f8b17aff14ace713329ed2ba9e517e88/element/f.8F60F7CA831AD576036D3680DB46BD22.d.57F01CF7A3908D7ABA0DDF02296CF901.e.13062/rect - {}
RESULT: {}
COMMAND: GET /session/f8b17aff14ace713329ed2ba9e517e88/window/rect - {}
RESULT: {}
COMMAND: POST /session/f8b17aff14ace713329ed2ba9e517e88/execute/sync - {"script":"<script> [92 bytes]","args":[]}
RESULT: {"script":"<script> [92 bytes]","args":[]}
COMMAND: POST /session/f8b17aff14ace713329ed2ba9e517e88/actions - {"actions":[{"id":"action47","type":"wheel","parameters":{},"actions":[{"type":"scroll","x":-869,"y":-24,"deltaX":0,"deltaY":0,"duration":0,"origin":{"element-6066-11e4-a52e-4f735466cecf":"f.8F60F7CA831AD576036D3680DB46BD22.d.57F01CF7A3908D7ABA0DDF02296CF901.e.13062"}}]}]}
COMMAND: GET /session/f8b17aff14ace713329ed2ba9e517e88/screenshot - {}
RESULT: {"actions":[{"id":"action47","type":"wheel","parameters":{},"actions":[{"type":"scroll","x":-869,"y":-24,"deltaX":0,"deltaY":0,"duration":0,"origin":{"element-6066-11e4-a52e-4f735466cecf":"f.8F60F7CA831AD576036D3680DB46BD22.d.57F01CF7A3908D7ABA0DDF02296CF901.e.13062"}}]}]}
COMMAND: DELETE /session/f8b17aff14ace713329ed2ba9e517e88/actions - {}
COMMAND: GET /session/f8b17aff14ace713329ed2ba9e517e88/screenshot - {}
RESULT: {}
RESULT: {}
COMMAND: GET /session/f8b17aff14ace713329ed2ba9e517e88/screenshot - {}
RESULT: {}
RESULT: {}
COMMAND: POST /session/f8b17aff14ace713329ed2ba9e517e88/element/f.8F60F7CA831AD576036D3680DB46BD22.d.57F01CF7A3908D7ABA0DDF02296CF901.e.13062/click - {}
RESULT: {}
COMMAND: GET /session/f8b17aff14ace713329ed2ba9e517e88/screenshot - {}
RESULT: {}
COMMAND: POST /session/f8b17aff14ace713329ed2ba9e517e88/execute/async - {"script":"<script> [1562 bytes]","args":[{"selector":{"controlType":"sap.m.SearchField","properties":{"placeholder":"Search"},"searchOpenDialogs":true,"interaction":{"idSuffix":"I"}},"wdio_ui5_key":"sapm.SearchField{\"placeholder\":\"Search\"}"}]}
RESULT: {"script":"<script> [1562 bytes]","args":[{"selector":{"controlType":"sap.m.SearchField","properties":{"placeholder":"Search"},"searchOpenDialogs":true,"interaction":{"idSuffix":"I"}},"wdio_ui5_key":"sapm.SearchField{\"placeholder\":\"Search\"}"}]}
RESULT: undefined
COMMAND: POST /session/f8b17aff14ace713329ed2ba9e517e88/execute/async - {"script":"<script> [776 bytes]","args":[{"enterText":"4000360","selector":{"controlType":"sap.m.SearchField","properties":{"placeholder":"Search"},"searchOpenDialogs":true,"interaction":{"idSuffix":"I"}},"clearTextFirst":true,"interactionType":"ENTER_TEXT"}]}
RESULT: {"script":"<script> [776 bytes]","args":[{"enterText":"4000360","selector":{"controlType":"sap.m.SearchField","properties":{"placeholder":"Search"},"searchOpenDialogs":true,"interaction":{"idSuffix":"I"}},"clearTextFirst":true,"interactionType":"ENTER_TEXT"}]}
COMMAND: POST /session/f8b17aff14ace713329ed2ba9e517e88/actions - {"actions":[{"id":"action48","type":"key","parameters":{},"actions":[{"type":"keyDown","value":"î€‡"},{"type":"pause","duration":10},{"type":"keyUp","value":"î€‡"}]}]}
RESULT: {"actions":[{"id":"action48","type":"key","parameters":{},"actions":[{"type":"keyDown","value":"î€‡"},{"type":"pause","duration":10},{"type":"keyUp","value":"î€‡"}]}]}
COMMAND: GET /session/f8b17aff14ace713329ed2ba9e517e88/screenshot - {}
RESULT: {}
COMMAND: POST /session/f8b17aff14ace713329ed2ba9e517e88/element - {"using":"xpath","value":"//td/div/span[contains(text(), \"BGL Vehicles\")]"}
RESULT: {"using":"xpath","value":"//td/div/span[contains(text(), \"BGL Vehicles\")]"}
COMMAND: POST /session/f8b17aff14ace713329ed2ba9e517e88/element/f.8F60F7CA831AD576036D3680DB46BD22.d.57F01CF7A3908D7ABA0DDF02296CF901.e.13083/click - {}
RESULT: {}
COMMAND: GET /session/f8b17aff14ace713329ed2ba9e517e88/screenshot - {}
RESULT: {}
COMMAND: POST /session/f8b17aff14ace713329ed2ba9e517e88/element - {"using":"xpath","value":"//bdi[contains(text(), \"OK\")]"}
RESULT: {"using":"xpath","value":"//bdi[contains(text(), \"OK\")]"}
COMMAND: POST /session/f8b17aff14ace713329ed2ba9e517e88/element/f.8F60F7CA831AD576036D3680DB46BD22.d.57F01CF7A3908D7ABA0DDF02296CF901.e.13084/click - {}
RESULT: {}
COMMAND: GET /session/f8b17aff14ace713329ed2ba9e517e88/screenshot - {}
RESULT: {}
COMMAND: POST /session/f8b17aff14ace713329ed2ba9e517e88/execute/async - {"script":"<script> [1562 bytes]","args":[{"selector":{"id":"application-manageresources-display-component---newResourceUnit--newRRUPage-anchBar-application-manageresources-display-component---newResourceUnit--resource-anchor","interaction":{"idSuffix":"BDI-content"}},"wdio_ui5_key":"applicationmanageresources-display-component---newResourceUnit--newRRUPage-anchBar-application-manageresources-display-component---newResourceUnit--resource-anchor"}]}
RESULT: {"script":"<script> [1562 bytes]","args":[{"selector":{"id":"application-manageresources-display-component---newResourceUnit--newRRUPage-anchBar-application-manageresources-display-component---newResourceUnit--resource-anchor","interaction":{"idSuffix":"BDI-content"}},"wdio_ui5_key":"applicationmanageresources-display-component---newResourceUnit--newRRUPage-anchBar-application-manageresources-display-component---newResourceUnit--resource-anchor"}]}
RESULT: undefined
COMMAND: POST /session/f8b17aff14ace713329ed2ba9e517e88/element - {"using":"xpath","value":"//*[@id=\"application-manageresources-display-component---newResourceUnit--newRRUPage-anchBar-application-manageresources-display-component---newResourceUnit--resource-anchor\"]"}
RESULT: {"using":"xpath","value":"//*[@id=\"application-manageresources-display-component---newResourceUnit--newRRUPage-anchBar-application-manageresources-display-component---newResourceUnit--resource-anchor\"]"}
COMMAND: POST /session/f8b17aff14ace713329ed2ba9e517e88/element/f.8F60F7CA831AD576036D3680DB46BD22.d.57F01CF7A3908D7ABA0DDF02296CF901.e.13088/click - {}
RESULT: {}
COMMAND: POST /session/f8b17aff14ace713329ed2ba9e517e88/execute/async - {"script":"<script> [1562 bytes]","args":[{"selector":{"id":"application-manageresources-display-component---newResourceUnit--PLANNED_DELIVERY_DATE","interaction":{"idSuffix":"inner"}},"wdio_ui5_key":"applicationmanageresources-display-component---newResourceUnit--PLANNED_DELIVERY_DATE"}]}
COMMAND: GET /session/f8b17aff14ace713329ed2ba9e517e88/screenshot - {}
RESULT: {"script":"<script> [1562 bytes]","args":[{"selector":{"id":"application-manageresources-display-component---newResourceUnit--PLANNED_DELIVERY_DATE","interaction":{"idSuffix":"inner"}},"wdio_ui5_key":"applicationmanageresources-display-component---newResourceUnit--PLANNED_DELIVERY_DATE"}]}
RESULT: undefined
COMMAND: POST /session/f8b17aff14ace713329ed2ba9e517e88/execute/async - {"script":"<script> [6424 bytes]","args":[{"element-6066-11e4-a52e-4f735466cecf":"f.8F60F7CA831AD576036D3680DB46BD22.d.57F01CF7A3908D7ABA0DDF02296CF901.e.12950"},"setValue",["4/28/25"]]}
RESULT: {}
RESULT: {"script":"<script> [6424 bytes]","args":[{"element-6066-11e4-a52e-4f735466cecf":"f.8F60F7CA831AD576036D3680DB46BD22.d.57F01CF7A3908D7ABA0DDF02296CF901.e.12950"},"setValue",["4/28/25"]]}
COMMAND: POST /session/f8b17aff14ace713329ed2ba9e517e88/element - {"using":"xpath","value":"//button[@data-kt=\"resourceUnitSaveButton\"]"}
RESULT: {"using":"xpath","value":"//button[@data-kt=\"resourceUnitSaveButton\"]"}
COMMAND: POST /session/f8b17aff14ace713329ed2ba9e517e88/element/f.8F60F7CA831AD576036D3680DB46BD22.d.57F01CF7A3908D7ABA0DDF02296CF901.e.12910/click - {}
RESULT: {}
COMMAND: GET /session/f8b17aff14ace713329ed2ba9e517e88/screenshot - {}
RESULT: {}
COMMAND: POST /session/f8b17aff14ace713329ed2ba9e517e88/element - {"using":"xpath","value":"//bdi[contains(text(), \"Close\")]"}
RESULT: {"using":"xpath","value":"//bdi[contains(text(), \"Close\")]"}
COMMAND: POST /session/f8b17aff14ace713329ed2ba9e517e88/element/f.8F60F7CA831AD576036D3680DB46BD22.d.57F01CF7A3908D7ABA0DDF02296CF901.e.13097/click - {}
RESULT: {}
COMMAND: GET /session/f8b17aff14ace713329ed2ba9e517e88/screenshot - {}
RESULT: {}
COMMAND: POST /session/f8b17aff14ace713329ed2ba9e517e88/element - {"using":"xpath","value":"(//button[contains(@id ,\"actionsToolbar-overflowButton\")])[1]"}
RESULT: {"using":"xpath","value":"(//button[contains(@id ,\"actionsToolbar-overflowButton\")])[1]"}
COMMAND: POST /session/f8b17aff14ace713329ed2ba9e517e88/element/f.8F60F7CA831AD576036D3680DB46BD22.d.57F01CF7A3908D7ABA0DDF02296CF901.e.13151/click - {}
RESULT: {}
COMMAND: GET /session/f8b17aff14ace713329ed2ba9e517e88/screenshot - {}
RESULT: {}
COMMAND: POST /session/f8b17aff14ace713329ed2ba9e517e88/element - {"using":"xpath","value":"//button[@data-kt=\"priceInfoButton\"]"}
RESULT: {"using":"xpath","value":"//button[@data-kt=\"priceInfoButton\"]"}
COMMAND: POST /session/f8b17aff14ace713329ed2ba9e517e88/element/f.8F60F7CA831AD576036D3680DB46BD22.d.57F01CF7A3908D7ABA0DDF02296CF901.e.13153/click - {}
RESULT: {}
COMMAND: GET /session/f8b17aff14ace713329ed2ba9e517e88/screenshot - {}
]]></system-out>
    </testcase>
    <testcase classname="chrome.135_0_7049_96.windows.Billing_transfer_US117289" name="Should create new pricing rule" time="53.695">
      <system-out><![CDATA[
COMMAND: POST /session/f8b17aff14ace713329ed2ba9e517e88/element - {"using":"xpath","value":"//button[@data-kt=\"addButton\"]"}
RESULT: {}
RESULT: {"using":"xpath","value":"//button[@data-kt=\"addButton\"]"}
COMMAND: POST /session/f8b17aff14ace713329ed2ba9e517e88/elements - {"using":"xpath","value":"//button[@data-kt=\"addButton\"]"}
RESULT: {"using":"xpath","value":"//button[@data-kt=\"addButton\"]"}
COMMAND: POST /session/f8b17aff14ace713329ed2ba9e517e88/execute/sync - {"script":"<script> [8489 bytes]","args":[{"element-6066-11e4-a52e-4f735466cecf":"f.8F60F7CA831AD576036D3680DB46BD22.d.57F01CF7A3908D7ABA0DDF02296CF901.e.13189","ELEMENT":"f.8F60F7CA831AD576036D3680DB46BD22.d.57F01CF7A3908D7ABA0DDF02296CF901.e.13189"}]}
RESULT: {"script":"<script> [8489 bytes]","args":[{"element-6066-11e4-a52e-4f735466cecf":"f.8F60F7CA831AD576036D3680DB46BD22.d.57F01CF7A3908D7ABA0DDF02296CF901.e.13189","ELEMENT":"f.8F60F7CA831AD576036D3680DB46BD22.d.57F01CF7A3908D7ABA0DDF02296CF901.e.13189"}]}
COMMAND: GET /session/f8b17aff14ace713329ed2ba9e517e88/element/f.8F60F7CA831AD576036D3680DB46BD22.d.57F01CF7A3908D7ABA0DDF02296CF901.e.13189/enabled - {}
COMMAND: GET /session/f8b17aff14ace713329ed2ba9e517e88/screenshot - {}
RESULT: {}
COMMAND: POST /session/f8b17aff14ace713329ed2ba9e517e88/execute/sync - {"script":"<script> [8489 bytes]","args":[{"element-6066-11e4-a52e-4f735466cecf":"f.8F60F7CA831AD576036D3680DB46BD22.d.57F01CF7A3908D7ABA0DDF02296CF901.e.13189","ELEMENT":"f.8F60F7CA831AD576036D3680DB46BD22.d.57F01CF7A3908D7ABA0DDF02296CF901.e.13189"}]}
COMMAND: GET /session/f8b17aff14ace713329ed2ba9e517e88/screenshot - {}
RESULT: {}
RESULT: {"script":"<script> [8489 bytes]","args":[{"element-6066-11e4-a52e-4f735466cecf":"f.8F60F7CA831AD576036D3680DB46BD22.d.57F01CF7A3908D7ABA0DDF02296CF901.e.13189","ELEMENT":"f.8F60F7CA831AD576036D3680DB46BD22.d.57F01CF7A3908D7ABA0DDF02296CF901.e.13189"}]}
COMMAND: POST /session/f8b17aff14ace713329ed2ba9e517e88/execute/sync - {"script":"<script> [5351 bytes]","args":[{"element-6066-11e4-a52e-4f735466cecf":"f.8F60F7CA831AD576036D3680DB46BD22.d.57F01CF7A3908D7ABA0DDF02296CF901.e.13189","ELEMENT":"f.8F60F7CA831AD576036D3680DB46BD22.d.57F01CF7A3908D7ABA0DDF02296CF901.e.13189"}]}
COMMAND: GET /session/f8b17aff14ace713329ed2ba9e517e88/screenshot - {}
RESULT: {}
RESULT: {"script":"<script> [5351 bytes]","args":[{"element-6066-11e4-a52e-4f735466cecf":"f.8F60F7CA831AD576036D3680DB46BD22.d.57F01CF7A3908D7ABA0DDF02296CF901.e.13189","ELEMENT":"f.8F60F7CA831AD576036D3680DB46BD22.d.57F01CF7A3908D7ABA0DDF02296CF901.e.13189"}]}
COMMAND: POST /session/f8b17aff14ace713329ed2ba9e517e88/element/f.8F60F7CA831AD576036D3680DB46BD22.d.57F01CF7A3908D7ABA0DDF02296CF901.e.13189/click - {}
COMMAND: GET /session/f8b17aff14ace713329ed2ba9e517e88/screenshot - {}
RESULT: {}
RESULT: {}
COMMAND: GET /session/f8b17aff14ace713329ed2ba9e517e88/screenshot - {}
RESULT: {}
RESULT: {}
COMMAND: POST /session/f8b17aff14ace713329ed2ba9e517e88/execute/async - {"script":"<script> [1562 bytes]","args":[{"selector":{"controlType":"sap.m.Title","viewName":"etm.portal.ui.managepricingrules.view.NewItem","viewId":"application-managepricingrules-display-component---newInfoPriceItem","properties":{"text":"New Pricing Rules - Item Level"}},"wdio_ui5_key":"etmportal.ui.managepricingrules.view.NewItemsap.m.Title{\"text\":\"New Pricing Rules - Item Level\"}"}]}
RESULT: {"script":"<script> [1562 bytes]","args":[{"selector":{"controlType":"sap.m.Title","viewName":"etm.portal.ui.managepricingrules.view.NewItem","viewId":"application-managepricingrules-display-component---newInfoPriceItem","properties":{"text":"New Pricing Rules - Item Level"}},"wdio_ui5_key":"etmportal.ui.managepricingrules.view.NewItemsap.m.Title{\"text\":\"New Pricing Rules - Item Level\"}"}]}
RESULT: undefined
COMMAND: POST /session/f8b17aff14ace713329ed2ba9e517e88/execute/async - {"script":"<script> [6424 bytes]","args":[{"element-6066-11e4-a52e-4f735466cecf":"f.8F60F7CA831AD576036D3680DB46BD22.d.57F01CF7A3908D7ABA0DDF02296CF901.e.13349"},"getText",[]]}
RESULT: {"script":"<script> [6424 bytes]","args":[{"element-6066-11e4-a52e-4f735466cecf":"f.8F60F7CA831AD576036D3680DB46BD22.d.57F01CF7A3908D7ABA0DDF02296CF901.e.13349"},"getText",[]]}
COMMAND: POST /session/f8b17aff14ace713329ed2ba9e517e88/execute/async - {"script":"<script> [1562 bytes]","args":[{"selector":{"id":"application-managepricingrules-display-component---newInfoPriceItem--condValidTo","interaction":{"idSuffix":"inner"}},"wdio_ui5_key":"applicationmanagepricingrules-display-component---newInfoPriceItem--condValidTo"}]}
RESULT: {"script":"<script> [1562 bytes]","args":[{"selector":{"id":"application-managepricingrules-display-component---newInfoPriceItem--condValidTo","interaction":{"idSuffix":"inner"}},"wdio_ui5_key":"applicationmanagepricingrules-display-component---newInfoPriceItem--condValidTo"}]}
RESULT: undefined
COMMAND: POST /session/f8b17aff14ace713329ed2ba9e517e88/execute/async - {"script":"<script> [776 bytes]","args":[{"enterText":"12/28/25","selector":{"id":"application-managepricingrules-display-component---newInfoPriceItem--condValidTo","interaction":{"idSuffix":"inner"}},"clearTextFirst":true,"interactionType":"ENTER_TEXT"}]}
RESULT: {"script":"<script> [776 bytes]","args":[{"enterText":"12/28/25","selector":{"id":"application-managepricingrules-display-component---newInfoPriceItem--condValidTo","interaction":{"idSuffix":"inner"}},"clearTextFirst":true,"interactionType":"ENTER_TEXT"}]}
COMMAND: POST /session/f8b17aff14ace713329ed2ba9e517e88/execute/async - {"script":"<script> [1562 bytes]","args":[{"selector":{"id":"application-managepricingrules-display-component---newInfoPriceItem--billType-arrow"},"wdio_ui5_key":"applicationmanagepricingrules-display-component---newInfoPriceItem--billType-arrow"}]}
RESULT: {"script":"<script> [1562 bytes]","args":[{"selector":{"id":"application-managepricingrules-display-component---newInfoPriceItem--billType-arrow"},"wdio_ui5_key":"applicationmanagepricingrules-display-component---newInfoPriceItem--billType-arrow"}]}
RESULT: undefined
COMMAND: POST /session/f8b17aff14ace713329ed2ba9e517e88/element - {"using":"xpath","value":"//*[@id=\"application-managepricingrules-display-component---newInfoPriceItem--billType-arrow\"]"}
RESULT: {"using":"xpath","value":"//*[@id=\"application-managepricingrules-display-component---newInfoPriceItem--billType-arrow\"]"}
COMMAND: POST /session/f8b17aff14ace713329ed2ba9e517e88/element/f.8F60F7CA831AD576036D3680DB46BD22.d.57F01CF7A3908D7ABA0DDF02296CF901.e.13351/click - {}
RESULT: {}
COMMAND: POST /session/f8b17aff14ace713329ed2ba9e517e88/element - {"using":"xpath","value":"//span[contains(text(), \"TB - Time based\")]"}
COMMAND: GET /session/f8b17aff14ace713329ed2ba9e517e88/screenshot - {}
RESULT: {"using":"xpath","value":"//span[contains(text(), \"TB - Time based\")]"}
COMMAND: POST /session/f8b17aff14ace713329ed2ba9e517e88/element/f.8F60F7CA831AD576036D3680DB46BD22.d.57F01CF7A3908D7ABA0DDF02296CF901.e.13352/click - {}
RESULT: {}
RESULT: {}
COMMAND: POST /session/f8b17aff14ace713329ed2ba9e517e88/execute/async - {"script":"<script> [1562 bytes]","args":[{"selector":{"id":"application-managepricingrules-display-component---newInfoPriceItem--priceProc-arrow"},"wdio_ui5_key":"applicationmanagepricingrules-display-component---newInfoPriceItem--priceProc-arrow"}]}
COMMAND: GET /session/f8b17aff14ace713329ed2ba9e517e88/screenshot - {}
RESULT: {"script":"<script> [1562 bytes]","args":[{"selector":{"id":"application-managepricingrules-display-component---newInfoPriceItem--priceProc-arrow"},"wdio_ui5_key":"applicationmanagepricingrules-display-component---newInfoPriceItem--priceProc-arrow"}]}
RESULT: undefined
COMMAND: POST /session/f8b17aff14ace713329ed2ba9e517e88/element - {"using":"xpath","value":"//*[@id=\"application-managepricingrules-display-component---newInfoPriceItem--priceProc-arrow\"]"}
RESULT: {}
RESULT: {"using":"xpath","value":"//*[@id=\"application-managepricingrules-display-component---newInfoPriceItem--priceProc-arrow\"]"}
COMMAND: POST /session/f8b17aff14ace713329ed2ba9e517e88/element/f.8F60F7CA831AD576036D3680DB46BD22.d.57F01CF7A3908D7ABA0DDF02296CF901.e.13318/click - {}
RESULT: {}
COMMAND: POST /session/f8b17aff14ace713329ed2ba9e517e88/element - {"using":"xpath","value":"//span[contains(text(), \"TBS - Time based standard\")]"}
COMMAND: GET /session/f8b17aff14ace713329ed2ba9e517e88/screenshot - {}
RESULT: {"using":"xpath","value":"//span[contains(text(), \"TBS - Time based standard\")]"}
COMMAND: POST /session/f8b17aff14ace713329ed2ba9e517e88/element/f.8F60F7CA831AD576036D3680DB46BD22.d.57F01CF7A3908D7ABA0DDF02296CF901.e.13353/click - {}
RESULT: {}
RESULT: {}
COMMAND: POST /session/f8b17aff14ace713329ed2ba9e517e88/execute/async - {"script":"<script> [1562 bytes]","args":[{"selector":{"id":"application-managepricingrules-display-component---newInfoPriceItem--calcBase-arrow"},"wdio_ui5_key":"applicationmanagepricingrules-display-component---newInfoPriceItem--calcBase-arrow"}]}
COMMAND: GET /session/f8b17aff14ace713329ed2ba9e517e88/screenshot - {}
RESULT: {"script":"<script> [1562 bytes]","args":[{"selector":{"id":"application-managepricingrules-display-component---newInfoPriceItem--calcBase-arrow"},"wdio_ui5_key":"applicationmanagepricingrules-display-component---newInfoPriceItem--calcBase-arrow"}]}
RESULT: undefined
COMMAND: POST /session/f8b17aff14ace713329ed2ba9e517e88/element - {"using":"xpath","value":"//*[@id=\"application-managepricingrules-display-component---newInfoPriceItem--calcBase-arrow\"]"}
RESULT: {}
RESULT: {"using":"xpath","value":"//*[@id=\"application-managepricingrules-display-component---newInfoPriceItem--calcBase-arrow\"]"}
COMMAND: POST /session/f8b17aff14ace713329ed2ba9e517e88/element/f.8F60F7CA831AD576036D3680DB46BD22.d.57F01CF7A3908D7ABA0DDF02296CF901.e.13325/click - {}
RESULT: {}
COMMAND: GET /session/f8b17aff14ace713329ed2ba9e517e88/screenshot - {}
RESULT: {}
COMMAND: POST /session/f8b17aff14ace713329ed2ba9e517e88/element - {"using":"xpath","value":"//span[contains(text(), \"0006 - TB(calendar days)\")]"}
RESULT: {"using":"xpath","value":"//span[contains(text(), \"0006 - TB(calendar days)\")]"}
COMMAND: POST /session/f8b17aff14ace713329ed2ba9e517e88/element/f.8F60F7CA831AD576036D3680DB46BD22.d.57F01CF7A3908D7ABA0DDF02296CF901.e.13354/click - {}
RESULT: {}
COMMAND: GET /session/f8b17aff14ace713329ed2ba9e517e88/screenshot - {}
RESULT: {}
COMMAND: POST /session/f8b17aff14ace713329ed2ba9e517e88/execute/async - {"script":"<script> [1562 bytes]","args":[{"selector":{"id":"application-managepricingrules-display-component---newInfoPriceItem--daysMonth","interaction":{"idSuffix":"inner"}},"wdio_ui5_key":"applicationmanagepricingrules-display-component---newInfoPriceItem--daysMonth"}]}
RESULT: {"script":"<script> [1562 bytes]","args":[{"selector":{"id":"application-managepricingrules-display-component---newInfoPriceItem--daysMonth","interaction":{"idSuffix":"inner"}},"wdio_ui5_key":"applicationmanagepricingrules-display-component---newInfoPriceItem--daysMonth"}]}
RESULT: undefined
COMMAND: POST /session/f8b17aff14ace713329ed2ba9e517e88/execute/async - {"script":"<script> [776 bytes]","args":[{"enterText":"30","selector":{"id":"application-managepricingrules-display-component---newInfoPriceItem--daysMonth","interaction":{"idSuffix":"inner"}},"clearTextFirst":true,"interactionType":"ENTER_TEXT"}]}
RESULT: {"script":"<script> [776 bytes]","args":[{"enterText":"30","selector":{"id":"application-managepricingrules-display-component---newInfoPriceItem--daysMonth","interaction":{"idSuffix":"inner"}},"clearTextFirst":true,"interactionType":"ENTER_TEXT"}]}
COMMAND: POST /session/f8b17aff14ace713329ed2ba9e517e88/element - {"using":"xpath","value":"//button[@data-kt=\"saveNewRuleButton\"]"}
RESULT: {"using":"xpath","value":"//button[@data-kt=\"saveNewRuleButton\"]"}
COMMAND: POST /session/f8b17aff14ace713329ed2ba9e517e88/element/f.8F60F7CA831AD576036D3680DB46BD22.d.57F01CF7A3908D7ABA0DDF02296CF901.e.13341/click - {}
RESULT: {}
COMMAND: GET /session/f8b17aff14ace713329ed2ba9e517e88/screenshot - {}
RESULT: {}
COMMAND: POST /session/f8b17aff14ace713329ed2ba9e517e88/execute/async - {"script":"<script> [1562 bytes]","args":[{"selector":{"id":"application-managepricingrules-display-component---priceInfoItem--smartFilterBar-btnBasicSearch","interaction":{"idSuffix":"I"}},"wdio_ui5_key":"applicationmanagepricingrules-display-component---priceInfoItem--smartFilterBar-btnBasicSearch"}]}
RESULT: {"script":"<script> [1562 bytes]","args":[{"selector":{"id":"application-managepricingrules-display-component---priceInfoItem--smartFilterBar-btnBasicSearch","interaction":{"idSuffix":"I"}},"wdio_ui5_key":"applicationmanagepricingrules-display-component---priceInfoItem--smartFilterBar-btnBasicSearch"}]}
RESULT: undefined
COMMAND: POST /session/f8b17aff14ace713329ed2ba9e517e88/execute/async - {"script":"<script> [776 bytes]","args":[{"enterText":"2hiBn2je6L","selector":{"id":"application-managepricingrules-display-component---priceInfoItem--smartFilterBar-btnBasicSearch","interaction":{"idSuffix":"I"}},"clearTextFirst":true,"interactionType":"ENTER_TEXT"}]}
RESULT: {"script":"<script> [776 bytes]","args":[{"enterText":"2hiBn2je6L","selector":{"id":"application-managepricingrules-display-component---priceInfoItem--smartFilterBar-btnBasicSearch","interaction":{"idSuffix":"I"}},"clearTextFirst":true,"interactionType":"ENTER_TEXT"}]}
COMMAND: POST /session/f8b17aff14ace713329ed2ba9e517e88/actions - {"actions":[{"id":"action49","type":"key","parameters":{},"actions":[{"type":"keyDown","value":"î€‡"},{"type":"pause","duration":10},{"type":"keyUp","value":"î€‡"}]}]}
RESULT: {"actions":[{"id":"action49","type":"key","parameters":{},"actions":[{"type":"keyDown","value":"î€‡"},{"type":"pause","duration":10},{"type":"keyUp","value":"î€‡"}]}]}
COMMAND: GET /session/f8b17aff14ace713329ed2ba9e517e88/screenshot - {}
RESULT: {}
COMMAND: POST /session/f8b17aff14ace713329ed2ba9e517e88/element - {"using":"xpath","value":"//span[@id=\"application-managepricingrules-display-component---priceInfoItem--smartTable-header-inner\"]"}
RESULT: {"using":"xpath","value":"//span[@id=\"application-managepricingrules-display-component---priceInfoItem--smartTable-header-inner\"]"}
COMMAND: POST /session/f8b17aff14ace713329ed2ba9e517e88/elements - {"using":"xpath","value":"//span[@id=\"application-managepricingrules-display-component---priceInfoItem--smartTable-header-inner\"]"}
RESULT: {"using":"xpath","value":"//span[@id=\"application-managepricingrules-display-component---priceInfoItem--smartTable-header-inner\"]"}
COMMAND: POST /session/f8b17aff14ace713329ed2ba9e517e88/execute/sync - {"script":"<script> [56 bytes]","args":[{"element-6066-11e4-a52e-4f735466cecf":"f.8F60F7CA831AD576036D3680DB46BD22.d.57F01CF7A3908D7ABA0DDF02296CF901.e.13379","ELEMENT":"f.8F60F7CA831AD576036D3680DB46BD22.d.57F01CF7A3908D7ABA0DDF02296CF901.e.13379"}]}
RESULT: {"script":"<script> [56 bytes]","args":[{"element-6066-11e4-a52e-4f735466cecf":"f.8F60F7CA831AD576036D3680DB46BD22.d.57F01CF7A3908D7ABA0DDF02296CF901.e.13379","ELEMENT":"f.8F60F7CA831AD576036D3680DB46BD22.d.57F01CF7A3908D7ABA0DDF02296CF901.e.13379"}]}
COMMAND: POST /session/f8b17aff14ace713329ed2ba9e517e88/element - {"using":"css selector","value":"#shell-header-logo"}
COMMAND: GET /session/f8b17aff14ace713329ed2ba9e517e88/screenshot - {}
RESULT: {"using":"css selector","value":"#shell-header-logo"}
COMMAND: POST /session/f8b17aff14ace713329ed2ba9e517e88/element/f.8F60F7CA831AD576036D3680DB46BD22.d.57F01CF7A3908D7ABA0DDF02296CF901.e.12503/click - {}
RESULT: {}
RESULT: {}
COMMAND: GET /session/f8b17aff14ace713329ed2ba9e517e88/screenshot - {}
RESULT: {}
]]></system-out>
    </testcase>
    <testcase classname="chrome.135_0_7049_96.windows.Billing_transfer_US117289" name="Should create new condition for equipment" time="70.276">
      <system-out><![CDATA[
COMMAND: POST /session/f8b17aff14ace713329ed2ba9e517e88/execute/async - {"script":"<script> [1562 bytes]","args":[{"selector":{"controlType":"sap.m.Text","properties":{"text":"Manage Conditions & Prices"},"interaction":{"idSuffix":"inner"}},"wdio_ui5_key":"sapm.Text{\"text\":\"Manage Conditions & Prices\"}"}]}
RESULT: {"script":"<script> [1562 bytes]","args":[{"selector":{"controlType":"sap.m.Text","properties":{"text":"Manage Conditions & Prices"},"interaction":{"idSuffix":"inner"}},"wdio_ui5_key":"sapm.Text{\"text\":\"Manage Conditions & Prices\"}"}]}
RESULT: undefined
COMMAND: POST /session/f8b17aff14ace713329ed2ba9e517e88/element - {"using":"xpath","value":"//*[@id=\"__tile53-title\"]"}
RESULT: {"using":"xpath","value":"//*[@id=\"__tile53-title\"]"}
COMMAND: POST /session/f8b17aff14ace713329ed2ba9e517e88/element/f.8F60F7CA831AD576036D3680DB46BD22.d.57F01CF7A3908D7ABA0DDF02296CF901.e.13382/click - {}
RESULT: {}
COMMAND: POST /session/f8b17aff14ace713329ed2ba9e517e88/element - {"using":"xpath","value":"//button[@aria-label=\"Create\"]"}
COMMAND: GET /session/f8b17aff14ace713329ed2ba9e517e88/screenshot - {}
RESULT: {"using":"xpath","value":"//button[@aria-label=\"Create\"]"}
COMMAND: POST /session/f8b17aff14ace713329ed2ba9e517e88/elements - {"using":"xpath","value":"//button[@aria-label=\"Create\"]"}
RESULT: {}
RESULT: {"using":"xpath","value":"//button[@aria-label=\"Create\"]"}
COMMAND: POST /session/f8b17aff14ace713329ed2ba9e517e88/elements - {"using":"xpath","value":"//button[@aria-label=\"Create\"]"}
RESULT: {"using":"xpath","value":"//button[@aria-label=\"Create\"]"}
COMMAND: POST /session/f8b17aff14ace713329ed2ba9e517e88/elements - {"using":"xpath","value":"//button[@aria-label=\"Create\"]"}
RESULT: {"using":"xpath","value":"//button[@aria-label=\"Create\"]"}
COMMAND: POST /session/f8b17aff14ace713329ed2ba9e517e88/element - {"using":"xpath","value":"//button[@aria-label=\"Create\"]"}
RESULT: {"using":"xpath","value":"//button[@aria-label=\"Create\"]"}
COMMAND: POST /session/f8b17aff14ace713329ed2ba9e517e88/execute/sync - {"script":"<script> [8489 bytes]","args":[{"element-6066-11e4-a52e-4f735466cecf":"f.8F60F7CA831AD576036D3680DB46BD22.d.57F01CF7A3908D7ABA0DDF02296CF901.e.13416","ELEMENT":"f.8F60F7CA831AD576036D3680DB46BD22.d.57F01CF7A3908D7ABA0DDF02296CF901.e.13416"}]}
RESULT: {"script":"<script> [8489 bytes]","args":[{"element-6066-11e4-a52e-4f735466cecf":"f.8F60F7CA831AD576036D3680DB46BD22.d.57F01CF7A3908D7ABA0DDF02296CF901.e.13416","ELEMENT":"f.8F60F7CA831AD576036D3680DB46BD22.d.57F01CF7A3908D7ABA0DDF02296CF901.e.13416"}]}
COMMAND: GET /session/f8b17aff14ace713329ed2ba9e517e88/element/f.8F60F7CA831AD576036D3680DB46BD22.d.57F01CF7A3908D7ABA0DDF02296CF901.e.13416/enabled - {}
COMMAND: GET /session/f8b17aff14ace713329ed2ba9e517e88/screenshot - {}
RESULT: {}
COMMAND: POST /session/f8b17aff14ace713329ed2ba9e517e88/execute/sync - {"script":"<script> [8489 bytes]","args":[{"element-6066-11e4-a52e-4f735466cecf":"f.8F60F7CA831AD576036D3680DB46BD22.d.57F01CF7A3908D7ABA0DDF02296CF901.e.13416","ELEMENT":"f.8F60F7CA831AD576036D3680DB46BD22.d.57F01CF7A3908D7ABA0DDF02296CF901.e.13416"}]}
COMMAND: GET /session/f8b17aff14ace713329ed2ba9e517e88/screenshot - {}
RESULT: {}
RESULT: {"script":"<script> [8489 bytes]","args":[{"element-6066-11e4-a52e-4f735466cecf":"f.8F60F7CA831AD576036D3680DB46BD22.d.57F01CF7A3908D7ABA0DDF02296CF901.e.13416","ELEMENT":"f.8F60F7CA831AD576036D3680DB46BD22.d.57F01CF7A3908D7ABA0DDF02296CF901.e.13416"}]}
COMMAND: POST /session/f8b17aff14ace713329ed2ba9e517e88/execute/sync - {"script":"<script> [5351 bytes]","args":[{"element-6066-11e4-a52e-4f735466cecf":"f.8F60F7CA831AD576036D3680DB46BD22.d.57F01CF7A3908D7ABA0DDF02296CF901.e.13416","ELEMENT":"f.8F60F7CA831AD576036D3680DB46BD22.d.57F01CF7A3908D7ABA0DDF02296CF901.e.13416"}]}
COMMAND: GET /session/f8b17aff14ace713329ed2ba9e517e88/screenshot - {}
RESULT: {}
RESULT: {"script":"<script> [5351 bytes]","args":[{"element-6066-11e4-a52e-4f735466cecf":"f.8F60F7CA831AD576036D3680DB46BD22.d.57F01CF7A3908D7ABA0DDF02296CF901.e.13416","ELEMENT":"f.8F60F7CA831AD576036D3680DB46BD22.d.57F01CF7A3908D7ABA0DDF02296CF901.e.13416"}]}
COMMAND: POST /session/f8b17aff14ace713329ed2ba9e517e88/element/f.8F60F7CA831AD576036D3680DB46BD22.d.57F01CF7A3908D7ABA0DDF02296CF901.e.13416/click - {}
COMMAND: GET /session/f8b17aff14ace713329ed2ba9e517e88/screenshot - {}
RESULT: {}
RESULT: {}
COMMAND: GET /session/f8b17aff14ace713329ed2ba9e517e88/screenshot - {}
RESULT: {}
RESULT: {}
COMMAND: POST /session/f8b17aff14ace713329ed2ba9e517e88/actions - {"actions":[{"id":"action50","type":"key","parameters":{},"actions":[{"type":"keyDown","value":"î€‡"},{"type":"pause","duration":10},{"type":"keyUp","value":"î€‡"}]}]}
RESULT: {"actions":[{"id":"action50","type":"key","parameters":{},"actions":[{"type":"keyDown","value":"î€‡"},{"type":"pause","duration":10},{"type":"keyUp","value":"î€‡"}]}]}
COMMAND: GET /session/f8b17aff14ace713329ed2ba9e517e88/screenshot - {}
RESULT: {}
COMMAND: POST /session/f8b17aff14ace713329ed2ba9e517e88/execute/async - {"script":"<script> [1562 bytes]","args":[{"selector":{"id":"application-manageconditionprice-display-component---newCondition--condBillCond-arrow"},"wdio_ui5_key":"applicationmanageconditionprice-display-component---newCondition--condBillCond-arrow"}]}
RESULT: {"script":"<script> [1562 bytes]","args":[{"selector":{"id":"application-manageconditionprice-display-component---newCondition--condBillCond-arrow"},"wdio_ui5_key":"applicationmanageconditionprice-display-component---newCondition--condBillCond-arrow"}]}
RESULT: undefined
COMMAND: POST /session/f8b17aff14ace713329ed2ba9e517e88/element - {"using":"xpath","value":"//*[@id=\"application-manageconditionprice-display-component---newCondition--condBillCond-arrow\"]"}
RESULT: {"using":"xpath","value":"//*[@id=\"application-manageconditionprice-display-component---newCondition--condBillCond-arrow\"]"}
COMMAND: POST /session/f8b17aff14ace713329ed2ba9e517e88/element/f.8F60F7CA831AD576036D3680DB46BD22.d.57F01CF7A3908D7ABA0DDF02296CF901.e.13593/click - {}
RESULT: {}
COMMAND: GET /session/f8b17aff14ace713329ed2ba9e517e88/screenshot - {}
RESULT: {}
COMMAND: POST /session/f8b17aff14ace713329ed2ba9e517e88/element - {"using":"xpath","value":"//li[.//span[contains(text(), \"DISP - D&I special price\")]]"}
RESULT: {"using":"xpath","value":"//li[.//span[contains(text(), \"DISP - D&I special price\")]]"}
COMMAND: POST /session/f8b17aff14ace713329ed2ba9e517e88/element/f.8F60F7CA831AD576036D3680DB46BD22.d.57F01CF7A3908D7ABA0DDF02296CF901.e.13596/click - {}
RESULT: {}
COMMAND: GET /session/f8b17aff14ace713329ed2ba9e517e88/screenshot - {}
RESULT: {}
COMMAND: POST /session/f8b17aff14ace713329ed2ba9e517e88/execute/async - {"script":"<script> [1562 bytes]","args":[{"selector":{"id":"application-manageconditionprice-display-component---newCondition--condValidTo","interaction":{"idSuffix":"inner"}},"wdio_ui5_key":"applicationmanageconditionprice-display-component---newCondition--condValidTo"}]}
RESULT: {"script":"<script> [1562 bytes]","args":[{"selector":{"id":"application-manageconditionprice-display-component---newCondition--condValidTo","interaction":{"idSuffix":"inner"}},"wdio_ui5_key":"applicationmanageconditionprice-display-component---newCondition--condValidTo"}]}
RESULT: undefined
COMMAND: POST /session/f8b17aff14ace713329ed2ba9e517e88/execute/async - {"script":"<script> [776 bytes]","args":[{"enterText":"12/28/25","selector":{"id":"application-manageconditionprice-display-component---newCondition--condValidTo","interaction":{"idSuffix":"inner"}},"clearTextFirst":true,"interactionType":"ENTER_TEXT"}]}
RESULT: {"script":"<script> [776 bytes]","args":[{"enterText":"12/28/25","selector":{"id":"application-manageconditionprice-display-component---newCondition--condValidTo","interaction":{"idSuffix":"inner"}},"clearTextFirst":true,"interactionType":"ENTER_TEXT"}]}
COMMAND: POST /session/f8b17aff14ace713329ed2ba9e517e88/element - {"using":"xpath","value":"//input[@id=\"application-manageconditionprice-display-component---newCondition--condRU-inner\"]"}
RESULT: {"using":"xpath","value":"//input[@id=\"application-manageconditionprice-display-component---newCondition--condRU-inner\"]"}
COMMAND: POST /session/f8b17aff14ace713329ed2ba9e517e88/element/f.8F60F7CA831AD576036D3680DB46BD22.d.57F01CF7A3908D7ABA0DDF02296CF901.e.13458/clear - {}
RESULT: {}
COMMAND: POST /session/f8b17aff14ace713329ed2ba9e517e88/element/f.8F60F7CA831AD576036D3680DB46BD22.d.57F01CF7A3908D7ABA0DDF02296CF901.e.13458/value - {"text":"2hiBn2je6L"}
COMMAND: GET /session/f8b17aff14ace713329ed2ba9e517e88/screenshot - {}
RESULT: {}
RESULT: {"text":"2hiBn2je6L"}
COMMAND: GET /session/f8b17aff14ace713329ed2ba9e517e88/screenshot - {}
RESULT: {}
COMMAND: POST /session/f8b17aff14ace713329ed2ba9e517e88/actions - {"actions":[{"id":"action51","type":"key","parameters":{},"actions":[{"type":"keyDown","value":"î€‡"},{"type":"pause","duration":10},{"type":"keyUp","value":"î€‡"}]}]}
RESULT: {"actions":[{"id":"action51","type":"key","parameters":{},"actions":[{"type":"keyDown","value":"î€‡"},{"type":"pause","duration":10},{"type":"keyUp","value":"î€‡"}]}]}
COMMAND: POST /session/f8b17aff14ace713329ed2ba9e517e88/execute/async - {"script":"<script> [1562 bytes]","args":[{"selector":{"id":"application-manageconditionprice-display-component---newCondition--condBaseQty","interaction":{"idSuffix":"inner"}},"wdio_ui5_key":"applicationmanageconditionprice-display-component---newCondition--condBaseQty"}]}
COMMAND: GET /session/f8b17aff14ace713329ed2ba9e517e88/screenshot - {}
RESULT: {"script":"<script> [1562 bytes]","args":[{"selector":{"id":"application-manageconditionprice-display-component---newCondition--condBaseQty","interaction":{"idSuffix":"inner"}},"wdio_ui5_key":"applicationmanageconditionprice-display-component---newCondition--condBaseQty"}]}
RESULT: undefined
COMMAND: POST /session/f8b17aff14ace713329ed2ba9e517e88/execute/async - {"script":"<script> [776 bytes]","args":[{"enterText":"1","selector":{"id":"application-manageconditionprice-display-component---newCondition--condBaseQty","interaction":{"idSuffix":"inner"}},"clearTextFirst":true,"interactionType":"ENTER_TEXT"}]}
RESULT: {}
RESULT: {"script":"<script> [776 bytes]","args":[{"enterText":"1","selector":{"id":"application-manageconditionprice-display-component---newCondition--condBaseQty","interaction":{"idSuffix":"inner"}},"clearTextFirst":true,"interactionType":"ENTER_TEXT"}]}
COMMAND: POST /session/f8b17aff14ace713329ed2ba9e517e88/execute/async - {"script":"<script> [1562 bytes]","args":[{"selector":{"id":"application-manageconditionprice-display-component---newCondition--condValue","interaction":{"idSuffix":"inner"}},"wdio_ui5_key":"applicationmanageconditionprice-display-component---newCondition--condValue"}]}
RESULT: {"script":"<script> [1562 bytes]","args":[{"selector":{"id":"application-manageconditionprice-display-component---newCondition--condValue","interaction":{"idSuffix":"inner"}},"wdio_ui5_key":"applicationmanageconditionprice-display-component---newCondition--condValue"}]}
RESULT: undefined
COMMAND: POST /session/f8b17aff14ace713329ed2ba9e517e88/execute/async - {"script":"<script> [776 bytes]","args":[{"enterText":"100","selector":{"id":"application-manageconditionprice-display-component---newCondition--condValue","interaction":{"idSuffix":"inner"}},"clearTextFirst":true,"interactionType":"ENTER_TEXT"}]}
RESULT: {"script":"<script> [776 bytes]","args":[{"enterText":"100","selector":{"id":"application-manageconditionprice-display-component---newCondition--condValue","interaction":{"idSuffix":"inner"}},"clearTextFirst":true,"interactionType":"ENTER_TEXT"}]}
COMMAND: POST /session/f8b17aff14ace713329ed2ba9e517e88/execute/async - {"script":"<script> [1562 bytes]","args":[{"selector":{"id":"application-manageconditionprice-display-component---newCondition--condCurr-arrow"},"wdio_ui5_key":"applicationmanageconditionprice-display-component---newCondition--condCurr-arrow"}]}
RESULT: {"script":"<script> [1562 bytes]","args":[{"selector":{"id":"application-manageconditionprice-display-component---newCondition--condCurr-arrow"},"wdio_ui5_key":"applicationmanageconditionprice-display-component---newCondition--condCurr-arrow"}]}
RESULT: undefined
COMMAND: POST /session/f8b17aff14ace713329ed2ba9e517e88/element - {"using":"xpath","value":"//*[@id=\"application-manageconditionprice-display-component---newCondition--condCurr-arrow\"]"}
RESULT: {"using":"xpath","value":"//*[@id=\"application-manageconditionprice-display-component---newCondition--condCurr-arrow\"]"}
COMMAND: POST /session/f8b17aff14ace713329ed2ba9e517e88/element/f.8F60F7CA831AD576036D3680DB46BD22.d.57F01CF7A3908D7ABA0DDF02296CF901.e.13557/click - {}
RESULT: {}
COMMAND: POST /session/f8b17aff14ace713329ed2ba9e517e88/element - {"using":"xpath","value":"//span[contains(text(), \"Euro\")]"}
COMMAND: GET /session/f8b17aff14ace713329ed2ba9e517e88/screenshot - {}
RESULT: {"using":"xpath","value":"//span[contains(text(), \"Euro\")]"}
COMMAND: POST /session/f8b17aff14ace713329ed2ba9e517e88/element/f.8F60F7CA831AD576036D3680DB46BD22.d.57F01CF7A3908D7ABA0DDF02296CF901.e.13634/click - {}
RESULT: {}
RESULT: {}
COMMAND: POST /session/f8b17aff14ace713329ed2ba9e517e88/element - {"using":"xpath","value":"//button[@data-kt=\"saveButton\"]"}
COMMAND: GET /session/f8b17aff14ace713329ed2ba9e517e88/screenshot - {}
RESULT: {"using":"xpath","value":"//button[@data-kt=\"saveButton\"]"}
COMMAND: POST /session/f8b17aff14ace713329ed2ba9e517e88/element/f.8F60F7CA831AD576036D3680DB46BD22.d.57F01CF7A3908D7ABA0DDF02296CF901.e.13558/click - {}
RESULT: {}
RESULT: {}
COMMAND: GET /session/f8b17aff14ace713329ed2ba9e517e88/screenshot - {}
RESULT: {}
COMMAND: POST /session/f8b17aff14ace713329ed2ba9e517e88/execute/async - {"script":"<script> [1562 bytes]","args":[{"selector":{"id":"application-manageconditionprice-display-component---conditions--smartFilterBar-btnBasicSearch","interaction":{"idSuffix":"I"}},"wdio_ui5_key":"applicationmanageconditionprice-display-component---conditions--smartFilterBar-btnBasicSearch"}]}
RESULT: {"script":"<script> [1562 bytes]","args":[{"selector":{"id":"application-manageconditionprice-display-component---conditions--smartFilterBar-btnBasicSearch","interaction":{"idSuffix":"I"}},"wdio_ui5_key":"applicationmanageconditionprice-display-component---conditions--smartFilterBar-btnBasicSearch"}]}
RESULT: undefined
COMMAND: POST /session/f8b17aff14ace713329ed2ba9e517e88/execute/async - {"script":"<script> [776 bytes]","args":[{"enterText":"2hiBn2je6L","selector":{"id":"application-manageconditionprice-display-component---conditions--smartFilterBar-btnBasicSearch","interaction":{"idSuffix":"I"}},"clearTextFirst":true,"interactionType":"ENTER_TEXT"}]}
RESULT: {"script":"<script> [776 bytes]","args":[{"enterText":"2hiBn2je6L","selector":{"id":"application-manageconditionprice-display-component---conditions--smartFilterBar-btnBasicSearch","interaction":{"idSuffix":"I"}},"clearTextFirst":true,"interactionType":"ENTER_TEXT"}]}
COMMAND: POST /session/f8b17aff14ace713329ed2ba9e517e88/actions - {"actions":[{"id":"action52","type":"key","parameters":{},"actions":[{"type":"keyDown","value":"î€‡"},{"type":"pause","duration":10},{"type":"keyUp","value":"î€‡"}]}]}
RESULT: {"actions":[{"id":"action52","type":"key","parameters":{},"actions":[{"type":"keyDown","value":"î€‡"},{"type":"pause","duration":10},{"type":"keyUp","value":"î€‡"}]}]}
COMMAND: GET /session/f8b17aff14ace713329ed2ba9e517e88/screenshot - {}
RESULT: {}
COMMAND: POST /session/f8b17aff14ace713329ed2ba9e517e88/execute/async - {"script":"<script> [1562 bytes]","args":[{"selector":{"id":"application-manageconditionprice-display-component---conditions--smartFilterBar-filterItemControl_BASIC-BILL_TYPES-vhi"},"wdio_ui5_key":"applicationmanageconditionprice-display-component---conditions--smartFilterBar-filterItemControl_BASIC-BILL_TYPES-vhi"}]}
RESULT: {"script":"<script> [1562 bytes]","args":[{"selector":{"id":"application-manageconditionprice-display-component---conditions--smartFilterBar-filterItemControl_BASIC-BILL_TYPES-vhi"},"wdio_ui5_key":"applicationmanageconditionprice-display-component---conditions--smartFilterBar-filterItemControl_BASIC-BILL_TYPES-vhi"}]}
RESULT: undefined
COMMAND: POST /session/f8b17aff14ace713329ed2ba9e517e88/element - {"using":"xpath","value":"//*[@id=\"application-manageconditionprice-display-component---conditions--smartFilterBar-filterItemControl_BASIC-BILL_TYPES-vhi\"]"}
RESULT: {"using":"xpath","value":"//*[@id=\"application-manageconditionprice-display-component---conditions--smartFilterBar-filterItemControl_BASIC-BILL_TYPES-vhi\"]"}
COMMAND: POST /session/f8b17aff14ace713329ed2ba9e517e88/element/f.8F60F7CA831AD576036D3680DB46BD22.d.57F01CF7A3908D7ABA0DDF02296CF901.e.13740/click - {}
RESULT: {}
COMMAND: POST /session/f8b17aff14ace713329ed2ba9e517e88/execute/async - {"script":"<script> [1562 bytes]","args":[{"selector":{"id":"application-manageconditionprice-display-component---conditions--smartFilterBar-filterItemControl_BASIC-BILL_TYPES-valueHelpDialog-smartFilterBar-btnBasicSearch","searchOpenDialogs":true,"interaction":{"idSuffix":"I"}},"wdio_ui5_key":"applicationmanageconditionprice-display-component---conditions--smartFilterBar-filterItemControl_BASIC-BILL_TYPES-valueHelpDialog-smartFilterBar-btnBasicSearch"}]}
COMMAND: GET /session/f8b17aff14ace713329ed2ba9e517e88/screenshot - {}
RESULT: {"script":"<script> [1562 bytes]","args":[{"selector":{"id":"application-manageconditionprice-display-component---conditions--smartFilterBar-filterItemControl_BASIC-BILL_TYPES-valueHelpDialog-smartFilterBar-btnBasicSearch","searchOpenDialogs":true,"interaction":{"idSuffix":"I"}},"wdio_ui5_key":"applicationmanageconditionprice-display-component---conditions--smartFilterBar-filterItemControl_BASIC-BILL_TYPES-valueHelpDialog-smartFilterBar-btnBasicSearch"}]}
RESULT: undefined
COMMAND: POST /session/f8b17aff14ace713329ed2ba9e517e88/execute/async - {"script":"<script> [776 bytes]","args":[{"enterText":"TB","selector":{"id":"application-manageconditionprice-display-component---conditions--smartFilterBar-filterItemControl_BASIC-BILL_TYPES-valueHelpDialog-smartFilterBar-btnBasicSearch","searchOpenDialogs":true,"interaction":{"idSuffix":"I"}},"clearTextFirst":true,"interactionType":"ENTER_TEXT"}]}
RESULT: {}
RESULT: {"script":"<script> [776 bytes]","args":[{"enterText":"TB","selector":{"id":"application-manageconditionprice-display-component---conditions--smartFilterBar-filterItemControl_BASIC-BILL_TYPES-valueHelpDialog-smartFilterBar-btnBasicSearch","searchOpenDialogs":true,"interaction":{"idSuffix":"I"}},"clearTextFirst":true,"interactionType":"ENTER_TEXT"}]}
COMMAND: POST /session/f8b17aff14ace713329ed2ba9e517e88/actions - {"actions":[{"id":"action53","type":"key","parameters":{},"actions":[{"type":"keyDown","value":"î€‡"},{"type":"pause","duration":10},{"type":"keyUp","value":"î€‡"}]}]}
RESULT: {"actions":[{"id":"action53","type":"key","parameters":{},"actions":[{"type":"keyDown","value":"î€‡"},{"type":"pause","duration":10},{"type":"keyUp","value":"î€‡"}]}]}
COMMAND: GET /session/f8b17aff14ace713329ed2ba9e517e88/screenshot - {}
RESULT: {}
COMMAND: POST /session/f8b17aff14ace713329ed2ba9e517e88/element - {"using":"xpath","value":"//div[contains(@id, 'application-manageconditionprice-display-component---conditions--smartFilterBar-filterItemControl_BASIC-BILL_TYPES-valueHelpDialog-table-rowsel0')]"}
RESULT: {"using":"xpath","value":"//div[contains(@id, 'application-manageconditionprice-display-component---conditions--smartFilterBar-filterItemControl_BASIC-BILL_TYPES-valueHelpDialog-table-rowsel0')]"}
COMMAND: POST /session/f8b17aff14ace713329ed2ba9e517e88/element/f.8F60F7CA831AD576036D3680DB46BD22.d.57F01CF7A3908D7ABA0DDF02296CF901.e.13750/click - {}
RESULT: {}
COMMAND: GET /session/f8b17aff14ace713329ed2ba9e517e88/screenshot - {}
RESULT: {}
COMMAND: POST /session/f8b17aff14ace713329ed2ba9e517e88/element - {"using":"xpath","value":"//bdi[contains(text(), \"OK\")]"}
RESULT: {"using":"xpath","value":"//bdi[contains(text(), \"OK\")]"}
COMMAND: POST /session/f8b17aff14ace713329ed2ba9e517e88/element/f.8F60F7CA831AD576036D3680DB46BD22.d.57F01CF7A3908D7ABA0DDF02296CF901.e.13752/click - {}
RESULT: {}
COMMAND: GET /session/f8b17aff14ace713329ed2ba9e517e88/screenshot - {}
RESULT: {}
COMMAND: POST /session/f8b17aff14ace713329ed2ba9e517e88/element - {"using":"xpath","value":"//span[@id=\"application-manageconditionprice-display-component---conditions--smartTable-header-inner\"]"}
RESULT: {"using":"xpath","value":"//span[@id=\"application-manageconditionprice-display-component---conditions--smartTable-header-inner\"]"}
COMMAND: POST /session/f8b17aff14ace713329ed2ba9e517e88/elements - {"using":"xpath","value":"//span[@id=\"application-manageconditionprice-display-component---conditions--smartTable-header-inner\"]"}
RESULT: {"using":"xpath","value":"//span[@id=\"application-manageconditionprice-display-component---conditions--smartTable-header-inner\"]"}
COMMAND: POST /session/f8b17aff14ace713329ed2ba9e517e88/execute/sync - {"script":"<script> [56 bytes]","args":[{"element-6066-11e4-a52e-4f735466cecf":"f.8F60F7CA831AD576036D3680DB46BD22.d.57F01CF7A3908D7ABA0DDF02296CF901.e.13755","ELEMENT":"f.8F60F7CA831AD576036D3680DB46BD22.d.57F01CF7A3908D7ABA0DDF02296CF901.e.13755"}]}
RESULT: {"script":"<script> [56 bytes]","args":[{"element-6066-11e4-a52e-4f735466cecf":"f.8F60F7CA831AD576036D3680DB46BD22.d.57F01CF7A3908D7ABA0DDF02296CF901.e.13755","ELEMENT":"f.8F60F7CA831AD576036D3680DB46BD22.d.57F01CF7A3908D7ABA0DDF02296CF901.e.13755"}]}
COMMAND: POST /session/f8b17aff14ace713329ed2ba9e517e88/element - {"using":"css selector","value":"#shell-header-logo"}
COMMAND: GET /session/f8b17aff14ace713329ed2ba9e517e88/screenshot - {}
RESULT: {"using":"css selector","value":"#shell-header-logo"}
COMMAND: POST /session/f8b17aff14ace713329ed2ba9e517e88/element/f.8F60F7CA831AD576036D3680DB46BD22.d.57F01CF7A3908D7ABA0DDF02296CF901.e.13384/click - {}
RESULT: {}
RESULT: {}
COMMAND: GET /session/f8b17aff14ace713329ed2ba9e517e88/screenshot - {}
RESULT: {}
]]></system-out>
    </testcase>
    <testcase classname="chrome.135_0_7049_96.windows.Billing_transfer_US117289" name="Should do a stock increase" time="85.595">
      <system-out><![CDATA[
COMMAND: POST /session/f8b17aff14ace713329ed2ba9e517e88/execute/async - {"script":"<script> [1562 bytes]","args":[{"selector":{"controlType":"sap.m.Text","viewName":"etm.portal.ui.managehandoverstile.view.Master","properties":{"text":"Manage Handovers"},"interaction":{"idSuffix":"inner"}},"wdio_ui5_key":"etmportal.ui.managehandoverstile.view.Mastersap.m.Text{\"text\":\"Manage Handovers\"}"}]}
RESULT: {"script":"<script> [1562 bytes]","args":[{"selector":{"controlType":"sap.m.Text","viewName":"etm.portal.ui.managehandoverstile.view.Master","properties":{"text":"Manage Handovers"},"interaction":{"idSuffix":"inner"}},"wdio_ui5_key":"etmportal.ui.managehandoverstile.view.Mastersap.m.Text{\"text\":\"Manage Handovers\"}"}]}
RESULT: undefined
COMMAND: POST /session/f8b17aff14ace713329ed2ba9e517e88/element - {"using":"xpath","value":"//*[@id=\"__tile133-title\"]"}
RESULT: {"using":"xpath","value":"//*[@id=\"__tile133-title\"]"}
COMMAND: POST /session/f8b17aff14ace713329ed2ba9e517e88/element/f.8F60F7CA831AD576036D3680DB46BD22.d.57F01CF7A3908D7ABA0DDF02296CF901.e.13760/click - {}
RESULT: {}
COMMAND: POST /session/f8b17aff14ace713329ed2ba9e517e88/element - {"using":"xpath","value":"//button[@data-kt=\"masterHOAddButton\"]"}
COMMAND: GET /session/f8b17aff14ace713329ed2ba9e517e88/screenshot - {}
RESULT: {"using":"xpath","value":"//button[@data-kt=\"masterHOAddButton\"]"}
COMMAND: POST /session/f8b17aff14ace713329ed2ba9e517e88/elements - {"using":"xpath","value":"//button[@data-kt=\"masterHOAddButton\"]"}
RESULT: {}
RESULT: {"using":"xpath","value":"//button[@data-kt=\"masterHOAddButton\"]"}
COMMAND: POST /session/f8b17aff14ace713329ed2ba9e517e88/elements - {"using":"xpath","value":"//button[@data-kt=\"masterHOAddButton\"]"}
RESULT: {"using":"xpath","value":"//button[@data-kt=\"masterHOAddButton\"]"}
COMMAND: POST /session/f8b17aff14ace713329ed2ba9e517e88/elements - {"using":"xpath","value":"//button[@data-kt=\"masterHOAddButton\"]"}
RESULT: {"using":"xpath","value":"//button[@data-kt=\"masterHOAddButton\"]"}
COMMAND: POST /session/f8b17aff14ace713329ed2ba9e517e88/elements - {"using":"xpath","value":"//button[@data-kt=\"masterHOAddButton\"]"}
RESULT: {"using":"xpath","value":"//button[@data-kt=\"masterHOAddButton\"]"}
COMMAND: POST /session/f8b17aff14ace713329ed2ba9e517e88/elements - {"using":"xpath","value":"//button[@data-kt=\"masterHOAddButton\"]"}
RESULT: {"using":"xpath","value":"//button[@data-kt=\"masterHOAddButton\"]"}
COMMAND: POST /session/f8b17aff14ace713329ed2ba9e517e88/elements - {"using":"xpath","value":"//button[@data-kt=\"masterHOAddButton\"]"}
RESULT: {"using":"xpath","value":"//button[@data-kt=\"masterHOAddButton\"]"}
COMMAND: POST /session/f8b17aff14ace713329ed2ba9e517e88/elements - {"using":"xpath","value":"//button[@data-kt=\"masterHOAddButton\"]"}
RESULT: {"using":"xpath","value":"//button[@data-kt=\"masterHOAddButton\"]"}
COMMAND: POST /session/f8b17aff14ace713329ed2ba9e517e88/elements - {"using":"xpath","value":"//button[@data-kt=\"masterHOAddButton\"]"}
RESULT: {"using":"xpath","value":"//button[@data-kt=\"masterHOAddButton\"]"}
COMMAND: POST /session/f8b17aff14ace713329ed2ba9e517e88/elements - {"using":"xpath","value":"//button[@data-kt=\"masterHOAddButton\"]"}
RESULT: {"using":"xpath","value":"//button[@data-kt=\"masterHOAddButton\"]"}
COMMAND: POST /session/f8b17aff14ace713329ed2ba9e517e88/elements - {"using":"xpath","value":"//button[@data-kt=\"masterHOAddButton\"]"}
RESULT: {"using":"xpath","value":"//button[@data-kt=\"masterHOAddButton\"]"}
COMMAND: POST /session/f8b17aff14ace713329ed2ba9e517e88/elements - {"using":"xpath","value":"//button[@data-kt=\"masterHOAddButton\"]"}
RESULT: {"using":"xpath","value":"//button[@data-kt=\"masterHOAddButton\"]"}
COMMAND: POST /session/f8b17aff14ace713329ed2ba9e517e88/element - {"using":"xpath","value":"//button[@data-kt=\"masterHOAddButton\"]"}
RESULT: {"using":"xpath","value":"//button[@data-kt=\"masterHOAddButton\"]"}
COMMAND: POST /session/f8b17aff14ace713329ed2ba9e517e88/execute/sync - {"script":"<script> [8489 bytes]","args":[{"element-6066-11e4-a52e-4f735466cecf":"f.8F60F7CA831AD576036D3680DB46BD22.d.57F01CF7A3908D7ABA0DDF02296CF901.e.13799","ELEMENT":"f.8F60F7CA831AD576036D3680DB46BD22.d.57F01CF7A3908D7ABA0DDF02296CF901.e.13799"}]}
RESULT: {"script":"<script> [8489 bytes]","args":[{"element-6066-11e4-a52e-4f735466cecf":"f.8F60F7CA831AD576036D3680DB46BD22.d.57F01CF7A3908D7ABA0DDF02296CF901.e.13799","ELEMENT":"f.8F60F7CA831AD576036D3680DB46BD22.d.57F01CF7A3908D7ABA0DDF02296CF901.e.13799"}]}
COMMAND: GET /session/f8b17aff14ace713329ed2ba9e517e88/element/f.8F60F7CA831AD576036D3680DB46BD22.d.57F01CF7A3908D7ABA0DDF02296CF901.e.13799/enabled - {}
COMMAND: GET /session/f8b17aff14ace713329ed2ba9e517e88/screenshot - {}
RESULT: {}
COMMAND: POST /session/f8b17aff14ace713329ed2ba9e517e88/execute/sync - {"script":"<script> [8489 bytes]","args":[{"element-6066-11e4-a52e-4f735466cecf":"f.8F60F7CA831AD576036D3680DB46BD22.d.57F01CF7A3908D7ABA0DDF02296CF901.e.13799","ELEMENT":"f.8F60F7CA831AD576036D3680DB46BD22.d.57F01CF7A3908D7ABA0DDF02296CF901.e.13799"}]}
COMMAND: GET /session/f8b17aff14ace713329ed2ba9e517e88/screenshot - {}
RESULT: {}
RESULT: {"script":"<script> [8489 bytes]","args":[{"element-6066-11e4-a52e-4f735466cecf":"f.8F60F7CA831AD576036D3680DB46BD22.d.57F01CF7A3908D7ABA0DDF02296CF901.e.13799","ELEMENT":"f.8F60F7CA831AD576036D3680DB46BD22.d.57F01CF7A3908D7ABA0DDF02296CF901.e.13799"}]}
COMMAND: POST /session/f8b17aff14ace713329ed2ba9e517e88/execute/sync - {"script":"<script> [5351 bytes]","args":[{"element-6066-11e4-a52e-4f735466cecf":"f.8F60F7CA831AD576036D3680DB46BD22.d.57F01CF7A3908D7ABA0DDF02296CF901.e.13799","ELEMENT":"f.8F60F7CA831AD576036D3680DB46BD22.d.57F01CF7A3908D7ABA0DDF02296CF901.e.13799"}]}
COMMAND: GET /session/f8b17aff14ace713329ed2ba9e517e88/screenshot - {}
RESULT: {}
RESULT: {"script":"<script> [5351 bytes]","args":[{"element-6066-11e4-a52e-4f735466cecf":"f.8F60F7CA831AD576036D3680DB46BD22.d.57F01CF7A3908D7ABA0DDF02296CF901.e.13799","ELEMENT":"f.8F60F7CA831AD576036D3680DB46BD22.d.57F01CF7A3908D7ABA0DDF02296CF901.e.13799"}]}
COMMAND: POST /session/f8b17aff14ace713329ed2ba9e517e88/element/f.8F60F7CA831AD576036D3680DB46BD22.d.57F01CF7A3908D7ABA0DDF02296CF901.e.13799/click - {}
COMMAND: GET /session/f8b17aff14ace713329ed2ba9e517e88/screenshot - {}
RESULT: {}
RESULT: {}
COMMAND: GET /session/f8b17aff14ace713329ed2ba9e517e88/screenshot - {}
RESULT: {}
COMMAND: POST /session/f8b17aff14ace713329ed2ba9e517e88/element - {"using":"xpath","value":"//span[contains(@id ,\"AddNewHO--typeSelect-arrow\")]"}
RESULT: {}
RESULT: {"using":"xpath","value":"//span[contains(@id ,\"AddNewHO--typeSelect-arrow\")]"}
COMMAND: POST /session/f8b17aff14ace713329ed2ba9e517e88/element/f.8F60F7CA831AD576036D3680DB46BD22.d.57F01CF7A3908D7ABA0DDF02296CF901.e.14137/click - {}
RESULT: {}
COMMAND: GET /session/f8b17aff14ace713329ed2ba9e517e88/screenshot - {}
RESULT: {}
COMMAND: POST /session/f8b17aff14ace713329ed2ba9e517e88/element - {"using":"xpath","value":"(//li[contains(text(), \"stock increase yard\")])[1]"}
RESULT: {"using":"xpath","value":"(//li[contains(text(), \"stock increase yard\")])[1]"}
COMMAND: POST /session/f8b17aff14ace713329ed2ba9e517e88/element/f.8F60F7CA831AD576036D3680DB46BD22.d.57F01CF7A3908D7ABA0DDF02296CF901.e.14138/click - {}
RESULT: {}
COMMAND: GET /session/f8b17aff14ace713329ed2ba9e517e88/screenshot - {}
RESULT: {}
COMMAND: POST /session/f8b17aff14ace713329ed2ba9e517e88/execute/async - {"script":"<script> [1562 bytes]","args":[{"selector":{"id":"application-managehandovers-display-component---AddNewHO--dueDate","interaction":{"idSuffix":"inner"}},"wdio_ui5_key":"applicationmanagehandovers-display-component---AddNewHO--dueDate"}]}
RESULT: {"script":"<script> [1562 bytes]","args":[{"selector":{"id":"application-managehandovers-display-component---AddNewHO--dueDate","interaction":{"idSuffix":"inner"}},"wdio_ui5_key":"applicationmanagehandovers-display-component---AddNewHO--dueDate"}]}
RESULT: undefined
COMMAND: POST /session/f8b17aff14ace713329ed2ba9e517e88/execute/async - {"script":"<script> [6424 bytes]","args":[{"element-6066-11e4-a52e-4f735466cecf":"f.8F60F7CA831AD576036D3680DB46BD22.d.57F01CF7A3908D7ABA0DDF02296CF901.e.14140"},"setValue",["04/28/2025"]]}
RESULT: {"script":"<script> [6424 bytes]","args":[{"element-6066-11e4-a52e-4f735466cecf":"f.8F60F7CA831AD576036D3680DB46BD22.d.57F01CF7A3908D7ABA0DDF02296CF901.e.14140"},"setValue",["04/28/2025"]]}
COMMAND: POST /session/f8b17aff14ace713329ed2ba9e517e88/element - {"using":"xpath","value":"//input[@id=\"generalSectionFrg--receiveYard-inner\"]"}
RESULT: {"using":"xpath","value":"//input[@id=\"generalSectionFrg--receiveYard-inner\"]"}
COMMAND: POST /session/f8b17aff14ace713329ed2ba9e517e88/element/f.8F60F7CA831AD576036D3680DB46BD22.d.57F01CF7A3908D7ABA0DDF02296CF901.e.14146/clear - {}
RESULT: {}
COMMAND: POST /session/f8b17aff14ace713329ed2ba9e517e88/element/f.8F60F7CA831AD576036D3680DB46BD22.d.57F01CF7A3908D7ABA0DDF02296CF901.e.14146/value - {"text":"349"}
COMMAND: GET /session/f8b17aff14ace713329ed2ba9e517e88/screenshot - {}
RESULT: {"text":"349"}
COMMAND: GET /session/f8b17aff14ace713329ed2ba9e517e88/screenshot - {}
RESULT: {}
RESULT: {}
COMMAND: POST /session/f8b17aff14ace713329ed2ba9e517e88/element - {"using":"xpath","value":"//li[.//span[text()='349']]"}
RESULT: {"using":"xpath","value":"//li[.//span[text()='349']]"}
COMMAND: POST /session/f8b17aff14ace713329ed2ba9e517e88/element/f.8F60F7CA831AD576036D3680DB46BD22.d.57F01CF7A3908D7ABA0DDF02296CF901.e.14164/click - {}
RESULT: {}
COMMAND: GET /session/f8b17aff14ace713329ed2ba9e517e88/screenshot - {}
RESULT: {}
COMMAND: POST /session/f8b17aff14ace713329ed2ba9e517e88/execute/async - {"script":"<script> [1562 bytes]","args":[{"selector":{"id":"application-managehandovers-display-component---AddNewHO--ObjectPageLayout-anchBar-application-managehandovers-display-component---AddNewHO--section4-anchor","interaction":{"idSuffix":"BDI-content"}},"wdio_ui5_key":"applicationmanagehandovers-display-component---AddNewHO--ObjectPageLayout-anchBar-application-managehandovers-display-component---AddNewHO--section4-anchor"}]}
RESULT: {"script":"<script> [1562 bytes]","args":[{"selector":{"id":"application-managehandovers-display-component---AddNewHO--ObjectPageLayout-anchBar-application-managehandovers-display-component---AddNewHO--section4-anchor","interaction":{"idSuffix":"BDI-content"}},"wdio_ui5_key":"applicationmanagehandovers-display-component---AddNewHO--ObjectPageLayout-anchBar-application-managehandovers-display-component---AddNewHO--section4-anchor"}]}
RESULT: undefined
COMMAND: POST /session/f8b17aff14ace713329ed2ba9e517e88/element - {"using":"xpath","value":"//*[@id=\"application-managehandovers-display-component---AddNewHO--ObjectPageLayout-anchBar-application-managehandovers-display-component---AddNewHO--section4-anchor\"]"}
RESULT: {"using":"xpath","value":"//*[@id=\"application-managehandovers-display-component---AddNewHO--ObjectPageLayout-anchBar-application-managehandovers-display-component---AddNewHO--section4-anchor\"]"}
COMMAND: POST /session/f8b17aff14ace713329ed2ba9e517e88/element/f.8F60F7CA831AD576036D3680DB46BD22.d.57F01CF7A3908D7ABA0DDF02296CF901.e.14166/click - {}
RESULT: {}
COMMAND: POST /session/f8b17aff14ace713329ed2ba9e517e88/element - {"using":"xpath","value":"//button[@aria-label=\"Add\"]"}
COMMAND: GET /session/f8b17aff14ace713329ed2ba9e517e88/screenshot - {}
RESULT: {"using":"xpath","value":"//button[@aria-label=\"Add\"]"}
COMMAND: POST /session/f8b17aff14ace713329ed2ba9e517e88/element/f.8F60F7CA831AD576036D3680DB46BD22.d.57F01CF7A3908D7ABA0DDF02296CF901.e.14168/click - {}
RESULT: {}
RESULT: {}
COMMAND: GET /session/f8b17aff14ace713329ed2ba9e517e88/screenshot - {}
RESULT: {}
COMMAND: POST /session/f8b17aff14ace713329ed2ba9e517e88/execute/async - {"script":"<script> [1562 bytes]","args":[{"selector":{"id":"application-managehandovers-display-component---AddNewHO--smartFilterBar-btnBasicSearch","searchOpenDialogs":true,"interaction":{"idSuffix":"I"}},"wdio_ui5_key":"applicationmanagehandovers-display-component---AddNewHO--smartFilterBar-btnBasicSearch"}]}
RESULT: {"script":"<script> [1562 bytes]","args":[{"selector":{"id":"application-managehandovers-display-component---AddNewHO--smartFilterBar-btnBasicSearch","searchOpenDialogs":true,"interaction":{"idSuffix":"I"}},"wdio_ui5_key":"applicationmanagehandovers-display-component---AddNewHO--smartFilterBar-btnBasicSearch"}]}
RESULT: undefined
COMMAND: POST /session/f8b17aff14ace713329ed2ba9e517e88/execute/async - {"script":"<script> [776 bytes]","args":[{"enterText":"2hiBn2je6L","selector":{"id":"application-managehandovers-display-component---AddNewHO--smartFilterBar-btnBasicSearch","searchOpenDialogs":true,"interaction":{"idSuffix":"I"}},"clearTextFirst":true,"interactionType":"ENTER_TEXT"}]}
RESULT: {"script":"<script> [776 bytes]","args":[{"enterText":"2hiBn2je6L","selector":{"id":"application-managehandovers-display-component---AddNewHO--smartFilterBar-btnBasicSearch","searchOpenDialogs":true,"interaction":{"idSuffix":"I"}},"clearTextFirst":true,"interactionType":"ENTER_TEXT"}]}
COMMAND: POST /session/f8b17aff14ace713329ed2ba9e517e88/actions - {"actions":[{"id":"action54","type":"key","parameters":{},"actions":[{"type":"keyDown","value":"î€‡"},{"type":"pause","duration":10},{"type":"keyUp","value":"î€‡"}]}]}
RESULT: {"actions":[{"id":"action54","type":"key","parameters":{},"actions":[{"type":"keyDown","value":"î€‡"},{"type":"pause","duration":10},{"type":"keyUp","value":"î€‡"}]}]}
COMMAND: GET /session/f8b17aff14ace713329ed2ba9e517e88/screenshot - {}
RESULT: {}
COMMAND: POST /session/f8b17aff14ace713329ed2ba9e517e88/execute/async - {"script":"<script> [1562 bytes]","args":[{"selector":{"id":"application-managehandovers-display-component---AddNewHO--popup-sa","searchOpenDialogs":true,"interaction":{"idSuffix":"CbBg"}},"wdio_ui5_key":"applicationmanagehandovers-display-component---AddNewHO--popup-sa"}]}
RESULT: {"script":"<script> [1562 bytes]","args":[{"selector":{"id":"application-managehandovers-display-component---AddNewHO--popup-sa","searchOpenDialogs":true,"interaction":{"idSuffix":"CbBg"}},"wdio_ui5_key":"applicationmanagehandovers-display-component---AddNewHO--popup-sa"}]}
RESULT: undefined
COMMAND: POST /session/f8b17aff14ace713329ed2ba9e517e88/element - {"using":"xpath","value":"//*[@id=\"application-managehandovers-display-component---AddNewHO--popup-sa\"]"}
RESULT: {"using":"xpath","value":"//*[@id=\"application-managehandovers-display-component---AddNewHO--popup-sa\"]"}
COMMAND: POST /session/f8b17aff14ace713329ed2ba9e517e88/element/f.8F60F7CA831AD576036D3680DB46BD22.d.57F01CF7A3908D7ABA0DDF02296CF901.e.14321/click - {}
RESULT: {}
COMMAND: GET /session/f8b17aff14ace713329ed2ba9e517e88/screenshot - {}
RESULT: {}
COMMAND: POST /session/f8b17aff14ace713329ed2ba9e517e88/element - {"using":"xpath","value":"//bdi[contains(text(), \"Select\")]"}
RESULT: {"using":"xpath","value":"//bdi[contains(text(), \"Select\")]"}
COMMAND: POST /session/f8b17aff14ace713329ed2ba9e517e88/element/f.8F60F7CA831AD576036D3680DB46BD22.d.57F01CF7A3908D7ABA0DDF02296CF901.e.14322/click - {}
RESULT: {}
COMMAND: GET /session/f8b17aff14ace713329ed2ba9e517e88/screenshot - {}
RESULT: {}
COMMAND: POST /session/f8b17aff14ace713329ed2ba9e517e88/element - {"using":"xpath","value":"//button[@data-kt=\"AddNewHOSaveButton\"]"}
RESULT: {"using":"xpath","value":"//button[@data-kt=\"AddNewHOSaveButton\"]"}
COMMAND: POST /session/f8b17aff14ace713329ed2ba9e517e88/element/f.8F60F7CA831AD576036D3680DB46BD22.d.57F01CF7A3908D7ABA0DDF02296CF901.e.14326/click - {}
RESULT: {}
COMMAND: GET /session/f8b17aff14ace713329ed2ba9e517e88/screenshot - {}
RESULT: {}
COMMAND: POST /session/f8b17aff14ace713329ed2ba9e517e88/execute/async - {"script":"<script> [1562 bytes]","args":[{"selector":{"id":"receiptDatePicker","viewName":"etm.portal.ui.managehandovers.view.DetailExecuteHO","interaction":{"idSuffix":"inner"}},"wdio_ui5_key":"receiptDatePickeretmportal.ui.managehandovers.view.DetailExecuteHO"}]}
RESULT: {"script":"<script> [1562 bytes]","args":[{"selector":{"id":"receiptDatePicker","viewName":"etm.portal.ui.managehandovers.view.DetailExecuteHO","interaction":{"idSuffix":"inner"}},"wdio_ui5_key":"receiptDatePickeretmportal.ui.managehandovers.view.DetailExecuteHO"}]}
RESULT: undefined
COMMAND: POST /session/f8b17aff14ace713329ed2ba9e517e88/execute/async - {"script":"<script> [6424 bytes]","args":[{"element-6066-11e4-a52e-4f735466cecf":"f.8F60F7CA831AD576036D3680DB46BD22.d.57F01CF7A3908D7ABA0DDF02296CF901.e.14353"},"setValue",["04/28/2025"]]}
RESULT: {"script":"<script> [6424 bytes]","args":[{"element-6066-11e4-a52e-4f735466cecf":"f.8F60F7CA831AD576036D3680DB46BD22.d.57F01CF7A3908D7ABA0DDF02296CF901.e.14353"},"setValue",["04/28/2025"]]}
COMMAND: POST /session/f8b17aff14ace713329ed2ba9e517e88/element - {"using":"xpath","value":"//button[@data-kt=\"PickingTableConfirmAllButton\"]"}
RESULT: {"using":"xpath","value":"//button[@data-kt=\"PickingTableConfirmAllButton\"]"}
COMMAND: POST /session/f8b17aff14ace713329ed2ba9e517e88/element/f.8F60F7CA831AD576036D3680DB46BD22.d.57F01CF7A3908D7ABA0DDF02296CF901.e.14369/click - {}
RESULT: {}
COMMAND: GET /session/f8b17aff14ace713329ed2ba9e517e88/screenshot - {}
RESULT: {}
COMMAND: POST /session/f8b17aff14ace713329ed2ba9e517e88/element - {"using":"xpath","value":"//bdi[contains(text(), \"OK\")]"}
RESULT: {"using":"xpath","value":"//bdi[contains(text(), \"OK\")]"}
COMMAND: POST /session/f8b17aff14ace713329ed2ba9e517e88/element/f.8F60F7CA831AD576036D3680DB46BD22.d.57F01CF7A3908D7ABA0DDF02296CF901.e.14371/click - {}
RESULT: {}
COMMAND: GET /session/f8b17aff14ace713329ed2ba9e517e88/screenshot - {}
RESULT: {}
COMMAND: POST /session/f8b17aff14ace713329ed2ba9e517e88/element - {"using":"xpath","value":"(//bdi[contains(text(), \"Receive\")])[2]"}
RESULT: {"using":"xpath","value":"(//bdi[contains(text(), \"Receive\")])[2]"}
COMMAND: POST /session/f8b17aff14ace713329ed2ba9e517e88/element/f.8F60F7CA831AD576036D3680DB46BD22.d.57F01CF7A3908D7ABA0DDF02296CF901.e.14373/click - {}
RESULT: {}
COMMAND: GET /session/f8b17aff14ace713329ed2ba9e517e88/screenshot - {}
RESULT: {}
COMMAND: POST /session/f8b17aff14ace713329ed2ba9e517e88/element - {"using":"css selector","value":"#shell-header-logo"}
RESULT: {"using":"css selector","value":"#shell-header-logo"}
COMMAND: POST /session/f8b17aff14ace713329ed2ba9e517e88/element/f.8F60F7CA831AD576036D3680DB46BD22.d.57F01CF7A3908D7ABA0DDF02296CF901.e.13762/click - {}
RESULT: {}
COMMAND: GET /session/f8b17aff14ace713329ed2ba9e517e88/screenshot - {}
RESULT: {}
]]></system-out>
    </testcase>
    <testcase classname="chrome.135_0_7049_96.windows.Billing_transfer_US117289" name="Should create a new contract" time="56.919">
      <system-out><![CDATA[
COMMAND: POST /session/f8b17aff14ace713329ed2ba9e517e88/execute/async - {"script":"<script> [1562 bytes]","args":[{"selector":{"controlType":"sap.m.Text","viewName":"etm.portal.ui.managecontractstile.view.Master","properties":{"text":"Manage Contracts"},"interaction":{"idSuffix":"inner"}},"wdio_ui5_key":"etmportal.ui.managecontractstile.view.Mastersap.m.Text{\"text\":\"Manage Contracts\"}"}]}
RESULT: {"script":"<script> [1562 bytes]","args":[{"selector":{"controlType":"sap.m.Text","viewName":"etm.portal.ui.managecontractstile.view.Master","properties":{"text":"Manage Contracts"},"interaction":{"idSuffix":"inner"}},"wdio_ui5_key":"etmportal.ui.managecontractstile.view.Mastersap.m.Text{\"text\":\"Manage Contracts\"}"}]}
RESULT: undefined
COMMAND: POST /session/f8b17aff14ace713329ed2ba9e517e88/element - {"using":"xpath","value":"//*[@id=\"__tile130-title\"]"}
RESULT: {"using":"xpath","value":"//*[@id=\"__tile130-title\"]"}
COMMAND: POST /session/f8b17aff14ace713329ed2ba9e517e88/element/f.8F60F7CA831AD576036D3680DB46BD22.d.57F01CF7A3908D7ABA0DDF02296CF901.e.14545/click - {}
RESULT: {}
COMMAND: GET /session/f8b17aff14ace713329ed2ba9e517e88/screenshot - {}
COMMAND: POST /session/f8b17aff14ace713329ed2ba9e517e88/element - {"using":"xpath","value":"//button[@data-kt=\"addButton\"]"}
RESULT: {}
RESULT: {"using":"xpath","value":"//button[@data-kt=\"addButton\"]"}
COMMAND: POST /session/f8b17aff14ace713329ed2ba9e517e88/elements - {"using":"xpath","value":"//button[@data-kt=\"addButton\"]"}
RESULT: {"using":"xpath","value":"//button[@data-kt=\"addButton\"]"}
COMMAND: POST /session/f8b17aff14ace713329ed2ba9e517e88/execute/sync - {"script":"<script> [8489 bytes]","args":[{"element-6066-11e4-a52e-4f735466cecf":"f.8F60F7CA831AD576036D3680DB46BD22.d.57F01CF7A3908D7ABA0DDF02296CF901.e.14615","ELEMENT":"f.8F60F7CA831AD576036D3680DB46BD22.d.57F01CF7A3908D7ABA0DDF02296CF901.e.14615"}]}
RESULT: {"script":"<script> [8489 bytes]","args":[{"element-6066-11e4-a52e-4f735466cecf":"f.8F60F7CA831AD576036D3680DB46BD22.d.57F01CF7A3908D7ABA0DDF02296CF901.e.14615","ELEMENT":"f.8F60F7CA831AD576036D3680DB46BD22.d.57F01CF7A3908D7ABA0DDF02296CF901.e.14615"}]}
COMMAND: GET /session/f8b17aff14ace713329ed2ba9e517e88/element/f.8F60F7CA831AD576036D3680DB46BD22.d.57F01CF7A3908D7ABA0DDF02296CF901.e.14615/enabled - {}
COMMAND: GET /session/f8b17aff14ace713329ed2ba9e517e88/screenshot - {}
RESULT: {}
COMMAND: POST /session/f8b17aff14ace713329ed2ba9e517e88/execute/sync - {"script":"<script> [8489 bytes]","args":[{"element-6066-11e4-a52e-4f735466cecf":"f.8F60F7CA831AD576036D3680DB46BD22.d.57F01CF7A3908D7ABA0DDF02296CF901.e.14615","ELEMENT":"f.8F60F7CA831AD576036D3680DB46BD22.d.57F01CF7A3908D7ABA0DDF02296CF901.e.14615"}]}
COMMAND: GET /session/f8b17aff14ace713329ed2ba9e517e88/screenshot - {}
RESULT: {}
RESULT: {"script":"<script> [8489 bytes]","args":[{"element-6066-11e4-a52e-4f735466cecf":"f.8F60F7CA831AD576036D3680DB46BD22.d.57F01CF7A3908D7ABA0DDF02296CF901.e.14615","ELEMENT":"f.8F60F7CA831AD576036D3680DB46BD22.d.57F01CF7A3908D7ABA0DDF02296CF901.e.14615"}]}
COMMAND: POST /session/f8b17aff14ace713329ed2ba9e517e88/execute/sync - {"script":"<script> [5351 bytes]","args":[{"element-6066-11e4-a52e-4f735466cecf":"f.8F60F7CA831AD576036D3680DB46BD22.d.57F01CF7A3908D7ABA0DDF02296CF901.e.14615","ELEMENT":"f.8F60F7CA831AD576036D3680DB46BD22.d.57F01CF7A3908D7ABA0DDF02296CF901.e.14615"}]}
COMMAND: GET /session/f8b17aff14ace713329ed2ba9e517e88/screenshot - {}
RESULT: {}
RESULT: {"script":"<script> [5351 bytes]","args":[{"element-6066-11e4-a52e-4f735466cecf":"f.8F60F7CA831AD576036D3680DB46BD22.d.57F01CF7A3908D7ABA0DDF02296CF901.e.14615","ELEMENT":"f.8F60F7CA831AD576036D3680DB46BD22.d.57F01CF7A3908D7ABA0DDF02296CF901.e.14615"}]}
COMMAND: GET /session/f8b17aff14ace713329ed2ba9e517e88/screenshot - {}
RESULT: {}
RESULT: {}
COMMAND: POST /session/f8b17aff14ace713329ed2ba9e517e88/element/f.8F60F7CA831AD576036D3680DB46BD22.d.57F01CF7A3908D7ABA0DDF02296CF901.e.14615/click - {}
RESULT: {}
COMMAND: GET /session/f8b17aff14ace713329ed2ba9e517e88/screenshot - {}
RESULT: {}
COMMAND: POST /session/f8b17aff14ace713329ed2ba9e517e88/execute/async - {"script":"<script> [1562 bytes]","args":[{"selector":{"id":"application-managecontracts-display-component---AddNewContract--projectDescription","interaction":{"idSuffix":"inner"}},"wdio_ui5_key":"applicationmanagecontracts-display-component---AddNewContract--projectDescription"}]}
RESULT: {"script":"<script> [1562 bytes]","args":[{"selector":{"id":"application-managecontracts-display-component---AddNewContract--projectDescription","interaction":{"idSuffix":"inner"}},"wdio_ui5_key":"applicationmanagecontracts-display-component---AddNewContract--projectDescription"}]}
RESULT: undefined
COMMAND: POST /session/f8b17aff14ace713329ed2ba9e517e88/execute/async - {"script":"<script> [776 bytes]","args":[{"enterText":"Contract WDIO","selector":{"id":"application-managecontracts-display-component---AddNewContract--projectDescription","interaction":{"idSuffix":"inner"}},"clearTextFirst":true,"interactionType":"ENTER_TEXT"}]}
RESULT: {"script":"<script> [776 bytes]","args":[{"enterText":"Contract WDIO","selector":{"id":"application-managecontracts-display-component---AddNewContract--projectDescription","interaction":{"idSuffix":"inner"}},"clearTextFirst":true,"interactionType":"ENTER_TEXT"}]}
COMMAND: POST /session/f8b17aff14ace713329ed2ba9e517e88/element - {"using":"xpath","value":"//input[@id=\"application-managecontracts-display-component---AddNewContract--site-inner\"]"}
RESULT: {"using":"xpath","value":"//input[@id=\"application-managecontracts-display-component---AddNewContract--site-inner\"]"}
COMMAND: POST /session/f8b17aff14ace713329ed2ba9e517e88/element/f.8F60F7CA831AD576036D3680DB46BD22.d.57F01CF7A3908D7ABA0DDF02296CF901.e.14909/clear - {}
RESULT: {}
COMMAND: POST /session/f8b17aff14ace713329ed2ba9e517e88/element/f.8F60F7CA831AD576036D3680DB46BD22.d.57F01CF7A3908D7ABA0DDF02296CF901.e.14909/value - {"text":"2196"}
COMMAND: GET /session/f8b17aff14ace713329ed2ba9e517e88/screenshot - {}
RESULT: {"text":"2196"}
COMMAND: GET /session/f8b17aff14ace713329ed2ba9e517e88/screenshot - {}
RESULT: {}
RESULT: {}
COMMAND: POST /session/f8b17aff14ace713329ed2ba9e517e88/element - {"using":"xpath","value":"//li[.//span[text()='2196']]"}
RESULT: {"using":"xpath","value":"//li[.//span[text()='2196']]"}
COMMAND: POST /session/f8b17aff14ace713329ed2ba9e517e88/element/f.8F60F7CA831AD576036D3680DB46BD22.d.57F01CF7A3908D7ABA0DDF02296CF901.e.14934/click - {}
RESULT: {}
COMMAND: GET /session/f8b17aff14ace713329ed2ba9e517e88/screenshot - {}
RESULT: {}
COMMAND: POST /session/f8b17aff14ace713329ed2ba9e517e88/element - {"using":"xpath","value":"//input[@id=\"application-managecontracts-display-component---AddNewContract--yardId-inner\"]"}
RESULT: {"using":"xpath","value":"//input[@id=\"application-managecontracts-display-component---AddNewContract--yardId-inner\"]"}
COMMAND: GET /session/f8b17aff14ace713329ed2ba9e517e88/element/f.8F60F7CA831AD576036D3680DB46BD22.d.57F01CF7A3908D7ABA0DDF02296CF901.e.14910/property/value - {}
RESULT: {}
COMMAND: POST /session/f8b17aff14ace713329ed2ba9e517e88/element - {"using":"xpath","value":"//input[@id=\"application-managecontracts-display-component---AddNewContract--customerSelect-inner\"]"}
COMMAND: GET /session/f8b17aff14ace713329ed2ba9e517e88/screenshot - {}
RESULT: {"using":"xpath","value":"//input[@id=\"application-managecontracts-display-component---AddNewContract--customerSelect-inner\"]"}
COMMAND: POST /session/f8b17aff14ace713329ed2ba9e517e88/element/f.8F60F7CA831AD576036D3680DB46BD22.d.57F01CF7A3908D7ABA0DDF02296CF901.e.14908/clear - {}
RESULT: {}
RESULT: {}
COMMAND: POST /session/f8b17aff14ace713329ed2ba9e517e88/element/f.8F60F7CA831AD576036D3680DB46BD22.d.57F01CF7A3908D7ABA0DDF02296CF901.e.14908/value - {"text":"1210"}
COMMAND: GET /session/f8b17aff14ace713329ed2ba9e517e88/screenshot - {}
RESULT: {"text":"1210"}
COMMAND: GET /session/f8b17aff14ace713329ed2ba9e517e88/screenshot - {}
RESULT: {}
RESULT: {}
COMMAND: POST /session/f8b17aff14ace713329ed2ba9e517e88/element - {"using":"xpath","value":"//li[.//span[text()='1210']]"}
RESULT: {"using":"xpath","value":"//li[.//span[text()='1210']]"}
COMMAND: POST /session/f8b17aff14ace713329ed2ba9e517e88/element/f.8F60F7CA831AD576036D3680DB46BD22.d.57F01CF7A3908D7ABA0DDF02296CF901.e.14937/click - {}
RESULT: {}
COMMAND: GET /session/f8b17aff14ace713329ed2ba9e517e88/screenshot - {}
RESULT: {}
COMMAND: POST /session/f8b17aff14ace713329ed2ba9e517e88/element - {"using":"xpath","value":"//button[@data-kt=\"saveButton\"]"}
RESULT: {"using":"xpath","value":"//button[@data-kt=\"saveButton\"]"}
COMMAND: POST /session/f8b17aff14ace713329ed2ba9e517e88/element/f.8F60F7CA831AD576036D3680DB46BD22.d.57F01CF7A3908D7ABA0DDF02296CF901.e.14927/click - {}
RESULT: {}
COMMAND: GET /session/f8b17aff14ace713329ed2ba9e517e88/screenshot - {}
RESULT: {}
COMMAND: POST /session/f8b17aff14ace713329ed2ba9e517e88/element - {"using":"xpath","value":"//span[contains(@id ,\"contractDetailTitleNoExpanded\")]"}
RESULT: {"using":"xpath","value":"//span[contains(@id ,\"contractDetailTitleNoExpanded\")]"}
COMMAND: POST /session/f8b17aff14ace713329ed2ba9e517e88/elements - {"using":"xpath","value":"//span[contains(@id ,\"contractDetailTitleNoExpanded\")]"}
RESULT: {"using":"xpath","value":"//span[contains(@id ,\"contractDetailTitleNoExpanded\")]"}
COMMAND: POST /session/f8b17aff14ace713329ed2ba9e517e88/execute/sync - {"script":"<script> [56 bytes]","args":[{"element-6066-11e4-a52e-4f735466cecf":"f.8F60F7CA831AD576036D3680DB46BD22.d.57F01CF7A3908D7ABA0DDF02296CF901.e.15008","ELEMENT":"f.8F60F7CA831AD576036D3680DB46BD22.d.57F01CF7A3908D7ABA0DDF02296CF901.e.15008"}]}
RESULT: {"script":"<script> [56 bytes]","args":[{"element-6066-11e4-a52e-4f735466cecf":"f.8F60F7CA831AD576036D3680DB46BD22.d.57F01CF7A3908D7ABA0DDF02296CF901.e.15008","ELEMENT":"f.8F60F7CA831AD576036D3680DB46BD22.d.57F01CF7A3908D7ABA0DDF02296CF901.e.15008"}]}
COMMAND: GET /session/f8b17aff14ace713329ed2ba9e517e88/screenshot - {}
RESULT: {}
]]></system-out>
    </testcase>
    <testcase classname="chrome.135_0_7049_96.windows.Billing_transfer_US117289" name="Should add created equipment to contract" time="50.692">
      <system-out><![CDATA[
COMMAND: POST /session/f8b17aff14ace713329ed2ba9e517e88/element - {"using":"xpath","value":"//button[@data-kt=\"contractDetailEditBtnButton\"]"}
RESULT: {"using":"xpath","value":"//button[@data-kt=\"contractDetailEditBtnButton\"]"}
COMMAND: POST /session/f8b17aff14ace713329ed2ba9e517e88/element/f.8F60F7CA831AD576036D3680DB46BD22.d.57F01CF7A3908D7ABA0DDF02296CF901.e.15010/click - {}
RESULT: {}
COMMAND: GET /session/f8b17aff14ace713329ed2ba9e517e88/screenshot - {}
RESULT: {}
COMMAND: POST /session/f8b17aff14ace713329ed2ba9e517e88/element - {"using":"xpath","value":"(//span[contains(text(), \"Additional Addresses\")])[2]"}
RESULT: {"using":"xpath","value":"(//span[contains(text(), \"Additional Addresses\")])[2]"}
COMMAND: POST /session/f8b17aff14ace713329ed2ba9e517e88/element/f.8F60F7CA831AD576036D3680DB46BD22.d.57F01CF7A3908D7ABA0DDF02296CF901.e.15066/click - {}
RESULT: {}
COMMAND: GET /session/f8b17aff14ace713329ed2ba9e517e88/screenshot - {}
RESULT: {}
COMMAND: POST /session/f8b17aff14ace713329ed2ba9e517e88/element - {"using":"xpath","value":"//button[@data-kt=\"btnAddTableRowOverflowToolbarButton\"]"}
RESULT: {"using":"xpath","value":"//button[@data-kt=\"btnAddTableRowOverflowToolbarButton\"]"}
COMMAND: POST /session/f8b17aff14ace713329ed2ba9e517e88/element/f.8F60F7CA831AD576036D3680DB46BD22.d.57F01CF7A3908D7ABA0DDF02296CF901.e.15068/click - {}
RESULT: {}
COMMAND: GET /session/f8b17aff14ace713329ed2ba9e517e88/screenshot - {}
RESULT: {}
COMMAND: POST /session/f8b17aff14ace713329ed2ba9e517e88/element - {"using":"xpath","value":"//div[(text() = 'Standard Entry' or . = 'Standard Entry')]"}
RESULT: {"using":"xpath","value":"//div[(text() = 'Standard Entry' or . = 'Standard Entry')]"}
COMMAND: POST /session/f8b17aff14ace713329ed2ba9e517e88/element/f.8F60F7CA831AD576036D3680DB46BD22.d.57F01CF7A3908D7ABA0DDF02296CF901.e.15070/click - {}
RESULT: {}
COMMAND: GET /session/f8b17aff14ace713329ed2ba9e517e88/screenshot - {}
RESULT: {}
COMMAND: POST /session/f8b17aff14ace713329ed2ba9e517e88/element - {"using":"xpath","value":"//td[7]/div/div/input"}
RESULT: {"using":"xpath","value":"//td[7]/div/div/input"}
COMMAND: POST /session/f8b17aff14ace713329ed2ba9e517e88/element/f.8F60F7CA831AD576036D3680DB46BD22.d.57F01CF7A3908D7ABA0DDF02296CF901.e.15079/clear - {}
RESULT: {}
COMMAND: POST /session/f8b17aff14ace713329ed2ba9e517e88/element/f.8F60F7CA831AD576036D3680DB46BD22.d.57F01CF7A3908D7ABA0DDF02296CF901.e.15079/value - {"text":"2hiBn2je6L"}
COMMAND: GET /session/f8b17aff14ace713329ed2ba9e517e88/screenshot - {}
RESULT: {"text":"2hiBn2je6L"}
COMMAND: GET /session/f8b17aff14ace713329ed2ba9e517e88/screenshot - {}
RESULT: {}
RESULT: {}
COMMAND: POST /session/f8b17aff14ace713329ed2ba9e517e88/actions - {"actions":[{"id":"action55","type":"key","parameters":{},"actions":[{"type":"keyDown","value":"î€‡"},{"type":"pause","duration":10},{"type":"keyUp","value":"î€‡"}]}]}
RESULT: {"actions":[{"id":"action55","type":"key","parameters":{},"actions":[{"type":"keyDown","value":"î€‡"},{"type":"pause","duration":10},{"type":"keyUp","value":"î€‡"}]}]}
COMMAND: GET /session/f8b17aff14ace713329ed2ba9e517e88/screenshot - {}
RESULT: {}
COMMAND: POST /session/f8b17aff14ace713329ed2ba9e517e88/element - {"using":"xpath","value":"(//button[@data-kt=\"saveButton\"])[2]"}
RESULT: {"using":"xpath","value":"(//button[@data-kt=\"saveButton\"])[2]"}
COMMAND: POST /session/f8b17aff14ace713329ed2ba9e517e88/element/f.8F60F7CA831AD576036D3680DB46BD22.d.57F01CF7A3908D7ABA0DDF02296CF901.e.15094/click - {}
RESULT: {}
COMMAND: GET /session/f8b17aff14ace713329ed2ba9e517e88/screenshot - {}
RESULT: {}
COMMAND: POST /session/f8b17aff14ace713329ed2ba9e517e88/element - {"using":"xpath","value":"//span[contains(@id ,\"contractItemsSmartTable-header-inner\")]"}
RESULT: {"using":"xpath","value":"//span[contains(@id ,\"contractItemsSmartTable-header-inner\")]"}
COMMAND: POST /session/f8b17aff14ace713329ed2ba9e517e88/elements - {"using":"xpath","value":"//span[contains(@id ,\"contractItemsSmartTable-header-inner\")]"}
RESULT: {"using":"xpath","value":"//span[contains(@id ,\"contractItemsSmartTable-header-inner\")]"}
COMMAND: POST /session/f8b17aff14ace713329ed2ba9e517e88/execute/sync - {"script":"<script> [56 bytes]","args":[{"element-6066-11e4-a52e-4f735466cecf":"f.8F60F7CA831AD576036D3680DB46BD22.d.57F01CF7A3908D7ABA0DDF02296CF901.e.15099","ELEMENT":"f.8F60F7CA831AD576036D3680DB46BD22.d.57F01CF7A3908D7ABA0DDF02296CF901.e.15099"}]}
RESULT: {"script":"<script> [56 bytes]","args":[{"element-6066-11e4-a52e-4f735466cecf":"f.8F60F7CA831AD576036D3680DB46BD22.d.57F01CF7A3908D7ABA0DDF02296CF901.e.15099","ELEMENT":"f.8F60F7CA831AD576036D3680DB46BD22.d.57F01CF7A3908D7ABA0DDF02296CF901.e.15099"}]}
]]></system-out>
    </testcase>
    <testcase classname="chrome.135_0_7049_96.windows.Billing_transfer_US117289" name="Should do a provide to site handover" time="55.319">
      <system-out><![CDATA[
COMMAND: POST /session/f8b17aff14ace713329ed2ba9e517e88/element - {"using":"xpath","value":"//button[@data-kt=\"provideButton\"]"}
COMMAND: GET /session/f8b17aff14ace713329ed2ba9e517e88/screenshot - {}
RESULT: {"using":"xpath","value":"//button[@data-kt=\"provideButton\"]"}
COMMAND: POST /session/f8b17aff14ace713329ed2ba9e517e88/element/f.8F60F7CA831AD576036D3680DB46BD22.d.57F01CF7A3908D7ABA0DDF02296CF901.e.15100/click - {}
RESULT: {}
RESULT: {}
COMMAND: GET /session/f8b17aff14ace713329ed2ba9e517e88/screenshot - {}
RESULT: undefined
COMMAND: POST /session/f8b17aff14ace713329ed2ba9e517e88/execute/async - {"script":"<script> [6424 bytes]","args":[{"element-6066-11e4-a52e-4f735466cecf":"f.8F60F7CA831AD576036D3680DB46BD22.d.57F01CF7A3908D7ABA0DDF02296CF901.e.14140"},"setValue",["04/28/2025"]]}
RESULT: {}
COMMAND: POST /session/f8b17aff14ace713329ed2ba9e517e88/execute/async - {"script":"<script> [1562 bytes]","args":[{"selector":{"id":"application-managehandovers-display-component---AddNewHO--dueDate","interaction":{"idSuffix":"inner"}},"wdio_ui5_key":"applicationmanagehandovers-display-component---AddNewHO--dueDate"}]}
RESULT: {"script":"<script> [1562 bytes]","args":[{"selector":{"id":"application-managehandovers-display-component---AddNewHO--dueDate","interaction":{"idSuffix":"inner"}},"wdio_ui5_key":"applicationmanagehandovers-display-component---AddNewHO--dueDate"}]}
COMMAND: POST /session/f8b17aff14ace713329ed2ba9e517e88/execute/async - {"script":"<script> [6424 bytes]","args":[{"element-6066-11e4-a52e-4f735466cecf":"f.8F60F7CA831AD576036D3680DB46BD22.d.57F01CF7A3908D7ABA0DDF02296CF901.e.15176"},"setValue",["04/28/2025"]]}
RESULT: {"script":"<script> [6424 bytes]","args":[{"element-6066-11e4-a52e-4f735466cecf":"f.8F60F7CA831AD576036D3680DB46BD22.d.57F01CF7A3908D7ABA0DDF02296CF901.e.15176"},"setValue",["04/28/2025"]]}
COMMAND: POST /session/f8b17aff14ace713329ed2ba9e517e88/element - {"using":"xpath","value":"//bdi[contains(text(), \"Instructions\")]"}
RESULT: {"using":"xpath","value":"//bdi[contains(text(), \"Instructions\")]"}
COMMAND: POST /session/f8b17aff14ace713329ed2ba9e517e88/element/f.8F60F7CA831AD576036D3680DB46BD22.d.57F01CF7A3908D7ABA0DDF02296CF901.e.15420/click - {}
RESULT: {}
COMMAND: GET /session/f8b17aff14ace713329ed2ba9e517e88/screenshot - {}
RESULT: {}
COMMAND: POST /session/f8b17aff14ace713329ed2ba9e517e88/element - {"using":"xpath","value":"//button[@data-kt=\"AddNewHOProvideAddItemsButton\"]"}
RESULT: {"using":"xpath","value":"//button[@data-kt=\"AddNewHOProvideAddItemsButton\"]"}
COMMAND: POST /session/f8b17aff14ace713329ed2ba9e517e88/element/f.8F60F7CA831AD576036D3680DB46BD22.d.57F01CF7A3908D7ABA0DDF02296CF901.e.15424/click - {}
RESULT: {}
COMMAND: GET /session/f8b17aff14ace713329ed2ba9e517e88/screenshot - {}
RESULT: {}
RESULT: undefined
COMMAND: POST /session/f8b17aff14ace713329ed2ba9e517e88/element - {"using":"xpath","value":"//*[@id=\"application-managehandovers-display-component---AddNewHO--popup-sa\"]"}
RESULT: {"using":"xpath","value":"//*[@id=\"application-managehandovers-display-component---AddNewHO--popup-sa\"]"}
COMMAND: POST /session/f8b17aff14ace713329ed2ba9e517e88/element/f.8F60F7CA831AD576036D3680DB46BD22.d.57F01CF7A3908D7ABA0DDF02296CF901.e.15433/click - {}
RESULT: {}
COMMAND: GET /session/f8b17aff14ace713329ed2ba9e517e88/screenshot - {}
RESULT: {}
COMMAND: POST /session/f8b17aff14ace713329ed2ba9e517e88/element - {"using":"xpath","value":"//*[contains(@id ,\"BDI-content\")][contains(text(), \"Select\")]"}
RESULT: {"using":"xpath","value":"//*[contains(@id ,\"BDI-content\")][contains(text(), \"Select\")]"}
COMMAND: POST /session/f8b17aff14ace713329ed2ba9e517e88/element/f.8F60F7CA831AD576036D3680DB46BD22.d.57F01CF7A3908D7ABA0DDF02296CF901.e.15435/click - {}
RESULT: {}
COMMAND: GET /session/f8b17aff14ace713329ed2ba9e517e88/screenshot - {}
RESULT: {}
COMMAND: POST /session/f8b17aff14ace713329ed2ba9e517e88/execute/async - {"script":"<script> [1562 bytes]","args":[{"selector":{"id":"application-managehandovers-display-component---AddNewHO--confirmCreationButton","interaction":{"idSuffix":"BDI-content"}},"wdio_ui5_key":"applicationmanagehandovers-display-component---AddNewHO--confirmCreationButton"}]}
RESULT: {"script":"<script> [1562 bytes]","args":[{"selector":{"id":"application-managehandovers-display-component---AddNewHO--confirmCreationButton","interaction":{"idSuffix":"BDI-content"}},"wdio_ui5_key":"applicationmanagehandovers-display-component---AddNewHO--confirmCreationButton"}]}
RESULT: undefined
COMMAND: POST /session/f8b17aff14ace713329ed2ba9e517e88/element - {"using":"xpath","value":"//*[@id=\"application-managehandovers-display-component---AddNewHO--confirmCreationButton\"]"}
RESULT: {"using":"xpath","value":"//*[@id=\"application-managehandovers-display-component---AddNewHO--confirmCreationButton\"]"}
COMMAND: POST /session/f8b17aff14ace713329ed2ba9e517e88/element/f.8F60F7CA831AD576036D3680DB46BD22.d.57F01CF7A3908D7ABA0DDF02296CF901.e.15223/click - {}
RESULT: {}
COMMAND: GET /session/f8b17aff14ace713329ed2ba9e517e88/screenshot - {}
RESULT: {}
COMMAND: POST /session/f8b17aff14ace713329ed2ba9e517e88/element - {"using":"xpath","value":"//button[@data-kt=\"PickingTableConfirmAllButton\"]"}
RESULT: {"using":"xpath","value":"//button[@data-kt=\"PickingTableConfirmAllButton\"]"}
COMMAND: POST /session/f8b17aff14ace713329ed2ba9e517e88/element/f.8F60F7CA831AD576036D3680DB46BD22.d.57F01CF7A3908D7ABA0DDF02296CF901.e.15493/click - {}
RESULT: {}
COMMAND: GET /session/f8b17aff14ace713329ed2ba9e517e88/screenshot - {}
RESULT: {}
COMMAND: POST /session/f8b17aff14ace713329ed2ba9e517e88/element - {"using":"xpath","value":"//bdi[contains(text(), \"OK\")]"}
RESULT: {"using":"xpath","value":"//bdi[contains(text(), \"OK\")]"}
COMMAND: POST /session/f8b17aff14ace713329ed2ba9e517e88/element/f.8F60F7CA831AD576036D3680DB46BD22.d.57F01CF7A3908D7ABA0DDF02296CF901.e.15496/click - {}
RESULT: {}
COMMAND: GET /session/f8b17aff14ace713329ed2ba9e517e88/screenshot - {}
RESULT: {}
COMMAND: POST /session/f8b17aff14ace713329ed2ba9e517e88/element - {"using":"xpath","value":"//bdi[contains(text(), \"Issue\")]"}
RESULT: {"using":"xpath","value":"//bdi[contains(text(), \"Issue\")]"}
COMMAND: POST /session/f8b17aff14ace713329ed2ba9e517e88/element/f.8F60F7CA831AD576036D3680DB46BD22.d.57F01CF7A3908D7ABA0DDF02296CF901.e.15498/click - {}
RESULT: {}
COMMAND: GET /session/f8b17aff14ace713329ed2ba9e517e88/screenshot - {}
RESULT: {}
COMMAND: POST /session/f8b17aff14ace713329ed2ba9e517e88/element - {"using":"css selector","value":"#shell-header-logo"}
RESULT: {"using":"css selector","value":"#shell-header-logo"}
COMMAND: POST /session/f8b17aff14ace713329ed2ba9e517e88/element/f.8F60F7CA831AD576036D3680DB46BD22.d.57F01CF7A3908D7ABA0DDF02296CF901.e.14548/click - {}
RESULT: {}
COMMAND: GET /session/f8b17aff14ace713329ed2ba9e517e88/screenshot - {}
RESULT: {}
]]></system-out>
    </testcase>
    <testcase classname="chrome.135_0_7049_96.windows.Billing_transfer_US117289" name="Should navigate to Manage Billings and trigger contract calculation business confirm it" time="58.115">
      <system-out><![CDATA[
COMMAND: POST /session/f8b17aff14ace713329ed2ba9e517e88/execute/async - {"script":"<script> [1562 bytes]","args":[{"selector":{"controlType":"sap.m.GenericTile","properties":{"header":"Manage Billings"}},"wdio_ui5_key":"sapm.GenericTile{\"header\":\"Manage Billings\"}"}]}
RESULT: {"script":"<script> [1562 bytes]","args":[{"selector":{"controlType":"sap.m.GenericTile","properties":{"header":"Manage Billings"}},"wdio_ui5_key":"sapm.GenericTile{\"header\":\"Manage Billings\"}"}]}
RESULT: undefined
COMMAND: POST /session/f8b17aff14ace713329ed2ba9e517e88/element - {"using":"xpath","value":"//*[@id=\"__tile51\"]"}
RESULT: {"using":"xpath","value":"//*[@id=\"__tile51\"]"}
COMMAND: POST /session/f8b17aff14ace713329ed2ba9e517e88/element/f.8F60F7CA831AD576036D3680DB46BD22.d.57F01CF7A3908D7ABA0DDF02296CF901.e.12439/click - {}
RESULT: {}
COMMAND: GET /session/f8b17aff14ace713329ed2ba9e517e88/screenshot - {}
COMMAND: POST /session/f8b17aff14ace713329ed2ba9e517e88/execute/async - {"script":"<script> [1562 bytes]","args":[{"selector":{"id":"application-managebillings-display-component---billRunCalcResult--smartFilterBar-btnBasicSearch","interaction":{"idSuffix":"I"}},"wdio_ui5_key":"applicationmanagebillings-display-component---billRunCalcResult--smartFilterBar-btnBasicSearch"}]}
RESULT: {}
RESULT: {"script":"<script> [1562 bytes]","args":[{"selector":{"id":"application-managebillings-display-component---billRunCalcResult--smartFilterBar-btnBasicSearch","interaction":{"idSuffix":"I"}},"wdio_ui5_key":"applicationmanagebillings-display-component---billRunCalcResult--smartFilterBar-btnBasicSearch"}]}
RESULT: undefined
COMMAND: POST /session/f8b17aff14ace713329ed2ba9e517e88/execute/async - {"script":"<script> [776 bytes]","args":[{"enterText":"10288","selector":{"id":"application-managebillings-display-component---billRunCalcResult--smartFilterBar-btnBasicSearch","interaction":{"idSuffix":"I"}},"clearTextFirst":true,"interactionType":"ENTER_TEXT"}]}
RESULT: {"script":"<script> [776 bytes]","args":[{"enterText":"10288","selector":{"id":"application-managebillings-display-component---billRunCalcResult--smartFilterBar-btnBasicSearch","interaction":{"idSuffix":"I"}},"clearTextFirst":true,"interactionType":"ENTER_TEXT"}]}
COMMAND: POST /session/f8b17aff14ace713329ed2ba9e517e88/actions - {"actions":[{"id":"action56","type":"key","parameters":{},"actions":[{"type":"keyDown","value":"î€‡"},{"type":"pause","duration":10},{"type":"keyUp","value":"î€‡"}]}]}
RESULT: {"actions":[{"id":"action56","type":"key","parameters":{},"actions":[{"type":"keyDown","value":"î€‡"},{"type":"pause","duration":10},{"type":"keyUp","value":"î€‡"}]}]}
COMMAND: GET /session/f8b17aff14ace713329ed2ba9e517e88/screenshot - {}
COMMAND: POST /session/f8b17aff14ace713329ed2ba9e517e88/element - {"using":"xpath","value":"//td[@aria-colindex=\"1\"]/div/div[contains(@class, \"sapMCbBg\")]"}
RESULT: {}
RESULT: {"using":"xpath","value":"//td[@aria-colindex=\"1\"]/div/div[contains(@class, \"sapMCbBg\")]"}
COMMAND: POST /session/f8b17aff14ace713329ed2ba9e517e88/element/f.8F60F7CA831AD576036D3680DB46BD22.d.57F01CF7A3908D7ABA0DDF02296CF901.e.15924/click - {}
RESULT: {}
COMMAND: GET /session/f8b17aff14ace713329ed2ba9e517e88/screenshot - {}
RESULT: {}
COMMAND: POST /session/f8b17aff14ace713329ed2ba9e517e88/execute/async - {"script":"<script> [1562 bytes]","args":[{"selector":{"id":"application-managebillings-display-component---billRunCalcResult--contractBillRunDate","interaction":{"idSuffix":"inner"}},"wdio_ui5_key":"applicationmanagebillings-display-component---billRunCalcResult--contractBillRunDate"}]}
RESULT: {"script":"<script> [1562 bytes]","args":[{"selector":{"id":"application-managebillings-display-component---billRunCalcResult--contractBillRunDate","interaction":{"idSuffix":"inner"}},"wdio_ui5_key":"applicationmanagebillings-display-component---billRunCalcResult--contractBillRunDate"}]}
RESULT: undefined
COMMAND: POST /session/f8b17aff14ace713329ed2ba9e517e88/execute/async - {"script":"<script> [776 bytes]","args":[{"enterText":"05/28/25","selector":{"id":"application-managebillings-display-component---billRunCalcResult--contractBillRunDate","interaction":{"idSuffix":"inner"}},"clearTextFirst":true,"interactionType":"ENTER_TEXT"}]}
RESULT: {"script":"<script> [776 bytes]","args":[{"enterText":"05/28/25","selector":{"id":"application-managebillings-display-component---billRunCalcResult--contractBillRunDate","interaction":{"idSuffix":"inner"}},"clearTextFirst":true,"interactionType":"ENTER_TEXT"}]}
COMMAND: POST /session/f8b17aff14ace713329ed2ba9e517e88/element - {"using":"xpath","value":"//bdi[contains(text(), \"Trigger Calculation\")]"}
RESULT: {"using":"xpath","value":"//bdi[contains(text(), \"Trigger Calculation\")]"}
COMMAND: POST /session/f8b17aff14ace713329ed2ba9e517e88/element/f.8F60F7CA831AD576036D3680DB46BD22.d.57F01CF7A3908D7ABA0DDF02296CF901.e.15944/click - {}
RESULT: {}
COMMAND: GET /session/f8b17aff14ace713329ed2ba9e517e88/screenshot - {}
RESULT: {}
COMMAND: POST /session/f8b17aff14ace713329ed2ba9e517e88/element - {"using":"xpath","value":"(//span[contains(@id, \"imgNav\")])[1]"}
RESULT: {"using":"xpath","value":"(//span[contains(@id, \"imgNav\")])[1]"}
COMMAND: POST /session/f8b17aff14ace713329ed2ba9e517e88/element/f.8F60F7CA831AD576036D3680DB46BD22.d.57F01CF7A3908D7ABA0DDF02296CF901.e.15938/click - {}
RESULT: {}
COMMAND: GET /session/f8b17aff14ace713329ed2ba9e517e88/screenshot - {}
RESULT: {}
COMMAND: POST /session/f8b17aff14ace713329ed2ba9e517e88/execute/async - {"script":"<script> [1562 bytes]","args":[{"selector":{"controlType":"sap.ui.core.Icon","viewName":"etm.portal.ui.managebillings.view.Master","viewId":"application-managebillings-display-component---billRunCalcResult","properties":{"src":{"regex":{"source":"slim\\-arrow\\-right"}}}},"wdio_ui5_key":"etmportal.ui.managebillings.view.Mastersap.ui.core.Icon{\"src\":{\"regex\":{\"source\":\"slim\\\\-arrow\\\\-right\"}}}"}]}
RESULT: {"script":"<script> [1562 bytes]","args":[{"selector":{"controlType":"sap.ui.core.Icon","viewName":"etm.portal.ui.managebillings.view.Master","viewId":"application-managebillings-display-component---billRunCalcResult","properties":{"src":{"regex":{"source":"slim\\-arrow\\-right"}}}},"wdio_ui5_key":"etmportal.ui.managebillings.view.Mastersap.ui.core.Icon{\"src\":{\"regex\":{\"source\":\"slim\\\\-arrow\\\\-right\"}}}"}]}
RESULT: undefined
COMMAND: POST /session/f8b17aff14ace713329ed2ba9e517e88/element - {"using":"xpath","value":"//*[@id=\"__item1648-application-managebillings-display-component---billRunCalcResult--billingRunsTable-0-imgNav\"]"}
RESULT: {"using":"xpath","value":"//*[@id=\"__item1648-application-managebillings-display-component---billRunCalcResult--billingRunsTable-0-imgNav\"]"}
COMMAND: POST /session/f8b17aff14ace713329ed2ba9e517e88/element/f.8F60F7CA831AD576036D3680DB46BD22.d.57F01CF7A3908D7ABA0DDF02296CF901.e.15949/click - {}
RESULT: {}
COMMAND: POST /session/f8b17aff14ace713329ed2ba9e517e88/execute/async - {"script":"<script> [1562 bytes]","args":[{"selector":{"id":"application-managebillings-display-component---billRunCalcResult--btnConf","interaction":{"idSuffix":"BDI-content"}},"wdio_ui5_key":"applicationmanagebillings-display-component---billRunCalcResult--btnConf"}]}
COMMAND: GET /session/f8b17aff14ace713329ed2ba9e517e88/screenshot - {}
RESULT: {"script":"<script> [1562 bytes]","args":[{"selector":{"id":"application-managebillings-display-component---billRunCalcResult--btnConf","interaction":{"idSuffix":"BDI-content"}},"wdio_ui5_key":"applicationmanagebillings-display-component---billRunCalcResult--btnConf"}]}
RESULT: undefined
COMMAND: POST /session/f8b17aff14ace713329ed2ba9e517e88/element - {"using":"xpath","value":"//*[@id=\"application-managebillings-display-component---billRunCalcResult--btnConf\"]"}
RESULT: {}
RESULT: {"using":"xpath","value":"//*[@id=\"application-managebillings-display-component---billRunCalcResult--btnConf\"]"}
COMMAND: POST /session/f8b17aff14ace713329ed2ba9e517e88/element/f.8F60F7CA831AD576036D3680DB46BD22.d.57F01CF7A3908D7ABA0DDF02296CF901.e.15991/click - {}
RESULT: {}
COMMAND: POST /session/f8b17aff14ace713329ed2ba9e517e88/element - {"using":"css selector","value":"#shell-header-logo"}
COMMAND: GET /session/f8b17aff14ace713329ed2ba9e517e88/screenshot - {}
RESULT: {"using":"css selector","value":"#shell-header-logo"}
COMMAND: POST /session/f8b17aff14ace713329ed2ba9e517e88/element/f.8F60F7CA831AD576036D3680DB46BD22.d.57F01CF7A3908D7ABA0DDF02296CF901.e.15678/click - {}
RESULT: {}
RESULT: {}
COMMAND: GET /session/f8b17aff14ace713329ed2ba9e517e88/screenshot - {}
RESULT: {}
]]></system-out>
    </testcase>
    <testcase classname="chrome.135_0_7049_96.windows.Billing_transfer_US117289" name="Should trigger Billing Transfer process all the way to completion" time="71.385">
      <system-out><![CDATA[
COMMAND: POST /session/f8b17aff14ace713329ed2ba9e517e88/execute/async - {"script":"<script> [1562 bytes]","args":[{"selector":{"controlType":"sap.m.GenericTile","properties":{"header":"Billing Transfer"}},"wdio_ui5_key":"sapm.GenericTile{\"header\":\"Billing Transfer\"}"}]}
RESULT: {"script":"<script> [1562 bytes]","args":[{"selector":{"controlType":"sap.m.GenericTile","properties":{"header":"Billing Transfer"}},"wdio_ui5_key":"sapm.GenericTile{\"header\":\"Billing Transfer\"}"}]}
RESULT: undefined
COMMAND: POST /session/f8b17aff14ace713329ed2ba9e517e88/element - {"using":"xpath","value":"//*[@id=\"__tile50\"]"}
RESULT: {"using":"xpath","value":"//*[@id=\"__tile50\"]"}
COMMAND: POST /session/f8b17aff14ace713329ed2ba9e517e88/element/f.8F60F7CA831AD576036D3680DB46BD22.d.57F01CF7A3908D7ABA0DDF02296CF901.e.12437/click - {}
RESULT: {}
COMMAND: POST /session/f8b17aff14ace713329ed2ba9e517e88/element - {"using":"xpath","value":"//input[contains(@id ,\"application-billingtransfer-display-component---billingWorkbench--smartFilterBar-btnBasicSearch\")]"}
COMMAND: GET /session/f8b17aff14ace713329ed2ba9e517e88/screenshot - {}
RESULT: {"using":"xpath","value":"//input[contains(@id ,\"application-billingtransfer-display-component---billingWorkbench--smartFilterBar-btnBasicSearch\")]"}
COMMAND: POST /session/f8b17aff14ace713329ed2ba9e517e88/elements - {"using":"xpath","value":"//input[contains(@id ,\"application-billingtransfer-display-component---billingWorkbench--smartFilterBar-btnBasicSearch\")]"}
RESULT: {}
RESULT: {"using":"xpath","value":"//input[contains(@id ,\"application-billingtransfer-display-component---billingWorkbench--smartFilterBar-btnBasicSearch\")]"}
COMMAND: POST /session/f8b17aff14ace713329ed2ba9e517e88/element - {"using":"xpath","value":"//input[contains(@id ,\"application-billingtransfer-display-component---billingWorkbench--smartFilterBar-btnBasicSearch\")]"}
RESULT: {"using":"xpath","value":"//input[contains(@id ,\"application-billingtransfer-display-component---billingWorkbench--smartFilterBar-btnBasicSearch\")]"}
COMMAND: POST /session/f8b17aff14ace713329ed2ba9e517e88/execute/sync - {"script":"<script> [8489 bytes]","args":[{"element-6066-11e4-a52e-4f735466cecf":"f.8F60F7CA831AD576036D3680DB46BD22.d.57F01CF7A3908D7ABA0DDF02296CF901.e.16026","ELEMENT":"f.8F60F7CA831AD576036D3680DB46BD22.d.57F01CF7A3908D7ABA0DDF02296CF901.e.16026"}]}
RESULT: {"script":"<script> [8489 bytes]","args":[{"element-6066-11e4-a52e-4f735466cecf":"f.8F60F7CA831AD576036D3680DB46BD22.d.57F01CF7A3908D7ABA0DDF02296CF901.e.16026","ELEMENT":"f.8F60F7CA831AD576036D3680DB46BD22.d.57F01CF7A3908D7ABA0DDF02296CF901.e.16026"}]}
COMMAND: GET /session/f8b17aff14ace713329ed2ba9e517e88/element/f.8F60F7CA831AD576036D3680DB46BD22.d.57F01CF7A3908D7ABA0DDF02296CF901.e.16026/enabled - {}
COMMAND: GET /session/f8b17aff14ace713329ed2ba9e517e88/screenshot - {}
RESULT: {}
COMMAND: POST /session/f8b17aff14ace713329ed2ba9e517e88/element/f.8F60F7CA831AD576036D3680DB46BD22.d.57F01CF7A3908D7ABA0DDF02296CF901.e.16026/click - {}
COMMAND: GET /session/f8b17aff14ace713329ed2ba9e517e88/screenshot - {}
RESULT: {}
RESULT: {}
COMMAND: GET /session/f8b17aff14ace713329ed2ba9e517e88/screenshot - {}
RESULT: {}
RESULT: {}
COMMAND: POST /session/f8b17aff14ace713329ed2ba9e517e88/element/f.8F60F7CA831AD576036D3680DB46BD22.d.57F01CF7A3908D7ABA0DDF02296CF901.e.16026/clear - {}
RESULT: {}
COMMAND: POST /session/f8b17aff14ace713329ed2ba9e517e88/element/f.8F60F7CA831AD576036D3680DB46BD22.d.57F01CF7A3908D7ABA0DDF02296CF901.e.16026/value - {"text":"10288"}
COMMAND: GET /session/f8b17aff14ace713329ed2ba9e517e88/screenshot - {}
RESULT: {"text":"10288"}
COMMAND: POST /session/f8b17aff14ace713329ed2ba9e517e88/actions - {"actions":[{"id":"action57","type":"key","parameters":{},"actions":[{"type":"keyDown","value":"î€‡"},{"type":"pause","duration":10},{"type":"keyUp","value":"î€‡"}]}]}
COMMAND: GET /session/f8b17aff14ace713329ed2ba9e517e88/screenshot - {}
RESULT: {}
RESULT: {"actions":[{"id":"action57","type":"key","parameters":{},"actions":[{"type":"keyDown","value":"î€‡"},{"type":"pause","duration":10},{"type":"keyUp","value":"î€‡"}]}]}
COMMAND: GET /session/f8b17aff14ace713329ed2ba9e517e88/screenshot - {}
RESULT: {}
RESULT: {}
COMMAND: POST /session/f8b17aff14ace713329ed2ba9e517e88/element - {"using":"xpath","value":"//span[contains(@id ,\"application-billingtransfer-display-component---billingWorkbench--smartTableBillingRuns-header-inner\")]"}
RESULT: {"using":"xpath","value":"//span[contains(@id ,\"application-billingtransfer-display-component---billingWorkbench--smartTableBillingRuns-header-inner\")]"}
COMMAND: POST /session/f8b17aff14ace713329ed2ba9e517e88/elements - {"using":"xpath","value":"//span[contains(@id ,\"application-billingtransfer-display-component---billingWorkbench--smartTableBillingRuns-header-inner\")]"}
RESULT: {"using":"xpath","value":"//span[contains(@id ,\"application-billingtransfer-display-component---billingWorkbench--smartTableBillingRuns-header-inner\")]"}
COMMAND: POST /session/f8b17aff14ace713329ed2ba9e517e88/execute/sync - {"script":"<script> [56 bytes]","args":[{"element-6066-11e4-a52e-4f735466cecf":"f.8F60F7CA831AD576036D3680DB46BD22.d.57F01CF7A3908D7ABA0DDF02296CF901.e.16230","ELEMENT":"f.8F60F7CA831AD576036D3680DB46BD22.d.57F01CF7A3908D7ABA0DDF02296CF901.e.16230"}]}
RESULT: {"script":"<script> [56 bytes]","args":[{"element-6066-11e4-a52e-4f735466cecf":"f.8F60F7CA831AD576036D3680DB46BD22.d.57F01CF7A3908D7ABA0DDF02296CF901.e.16230","ELEMENT":"f.8F60F7CA831AD576036D3680DB46BD22.d.57F01CF7A3908D7ABA0DDF02296CF901.e.16230"}]}
COMMAND: POST /session/f8b17aff14ace713329ed2ba9e517e88/element - {"using":"xpath","value":"//td[@aria-colindex=\"1\"]/div/div[contains(@class, \"sapMCbBg\")]"}
COMMAND: GET /session/f8b17aff14ace713329ed2ba9e517e88/screenshot - {}
RESULT: {"using":"xpath","value":"//td[@aria-colindex=\"1\"]/div/div[contains(@class, \"sapMCbBg\")]"}
COMMAND: POST /session/f8b17aff14ace713329ed2ba9e517e88/element/f.8F60F7CA831AD576036D3680DB46BD22.d.57F01CF7A3908D7ABA0DDF02296CF901.e.16210/click - {}
RESULT: {}
RESULT: {}
COMMAND: GET /session/f8b17aff14ace713329ed2ba9e517e88/screenshot - {}
RESULT: {}
COMMAND: POST /session/f8b17aff14ace713329ed2ba9e517e88/element - {"using":"xpath","value":"//bdi[contains(text(), \"Check\")]"}
RESULT: {"using":"xpath","value":"//bdi[contains(text(), \"Check\")]"}
COMMAND: POST /session/f8b17aff14ace713329ed2ba9e517e88/element/f.8F60F7CA831AD576036D3680DB46BD22.d.57F01CF7A3908D7ABA0DDF02296CF901.e.16231/click - {}
RESULT: {}
COMMAND: GET /session/f8b17aff14ace713329ed2ba9e517e88/screenshot - {}
RESULT: {}
COMMAND: POST /session/f8b17aff14ace713329ed2ba9e517e88/element - {"using":"xpath","value":"//bdi[contains(text(), \"OK\")]"}
RESULT: {"using":"xpath","value":"//bdi[contains(text(), \"OK\")]"}
COMMAND: POST /session/f8b17aff14ace713329ed2ba9e517e88/element/f.8F60F7CA831AD576036D3680DB46BD22.d.57F01CF7A3908D7ABA0DDF02296CF901.e.16234/click - {}
RESULT: {}
COMMAND: GET /session/f8b17aff14ace713329ed2ba9e517e88/screenshot - {}
RESULT: {}
COMMAND: POST /session/f8b17aff14ace713329ed2ba9e517e88/element - {"using":"xpath","value":"(//span[contains(text(), \"CO/SD checked\")]/parent::div/preceding-sibling::div/span)[1]"}
RESULT: {"using":"xpath","value":"(//span[contains(text(), \"CO/SD checked\")]/parent::div/preceding-sibling::div/span)[1]"}
COMMAND: POST /session/f8b17aff14ace713329ed2ba9e517e88/element/f.8F60F7CA831AD576036D3680DB46BD22.d.57F01CF7A3908D7ABA0DDF02296CF901.e.16236/click - {}
RESULT: {}
COMMAND: GET /session/f8b17aff14ace713329ed2ba9e517e88/screenshot - {}
RESULT: {}
COMMAND: POST /session/f8b17aff14ace713329ed2ba9e517e88/element - {"using":"xpath","value":"//input[contains(@id ,\"application-billingtransfer-display-component---billingWorkbench--smartFilterBar-btnBasicSearch\")]"}
RESULT: {"using":"xpath","value":"//input[contains(@id ,\"application-billingtransfer-display-component---billingWorkbench--smartFilterBar-btnBasicSearch\")]"}
COMMAND: POST /session/f8b17aff14ace713329ed2ba9e517e88/elements - {"using":"xpath","value":"//input[contains(@id ,\"application-billingtransfer-display-component---billingWorkbench--smartFilterBar-btnBasicSearch\")]"}
RESULT: {"using":"xpath","value":"//input[contains(@id ,\"application-billingtransfer-display-component---billingWorkbench--smartFilterBar-btnBasicSearch\")]"}
COMMAND: POST /session/f8b17aff14ace713329ed2ba9e517e88/execute/sync - {"script":"<script> [8489 bytes]","args":[{"element-6066-11e4-a52e-4f735466cecf":"f.8F60F7CA831AD576036D3680DB46BD22.d.57F01CF7A3908D7ABA0DDF02296CF901.e.16026","ELEMENT":"f.8F60F7CA831AD576036D3680DB46BD22.d.57F01CF7A3908D7ABA0DDF02296CF901.e.16026"}]}
RESULT: {"script":"<script> [8489 bytes]","args":[{"element-6066-11e4-a52e-4f735466cecf":"f.8F60F7CA831AD576036D3680DB46BD22.d.57F01CF7A3908D7ABA0DDF02296CF901.e.16026","ELEMENT":"f.8F60F7CA831AD576036D3680DB46BD22.d.57F01CF7A3908D7ABA0DDF02296CF901.e.16026"}]}
COMMAND: GET /session/f8b17aff14ace713329ed2ba9e517e88/element/f.8F60F7CA831AD576036D3680DB46BD22.d.57F01CF7A3908D7ABA0DDF02296CF901.e.16026/enabled - {}
COMMAND: GET /session/f8b17aff14ace713329ed2ba9e517e88/screenshot - {}
RESULT: {}
COMMAND: POST /session/f8b17aff14ace713329ed2ba9e517e88/element/f.8F60F7CA831AD576036D3680DB46BD22.d.57F01CF7A3908D7ABA0DDF02296CF901.e.16026/click - {}
COMMAND: GET /session/f8b17aff14ace713329ed2ba9e517e88/screenshot - {}
RESULT: {}
RESULT: {}
COMMAND: GET /session/f8b17aff14ace713329ed2ba9e517e88/screenshot - {}
RESULT: {}
RESULT: {}
COMMAND: POST /session/f8b17aff14ace713329ed2ba9e517e88/element/f.8F60F7CA831AD576036D3680DB46BD22.d.57F01CF7A3908D7ABA0DDF02296CF901.e.16026/clear - {}
RESULT: {}
COMMAND: POST /session/f8b17aff14ace713329ed2ba9e517e88/element/f.8F60F7CA831AD576036D3680DB46BD22.d.57F01CF7A3908D7ABA0DDF02296CF901.e.16026/value - {"text":"10288"}
COMMAND: GET /session/f8b17aff14ace713329ed2ba9e517e88/screenshot - {}
RESULT: {"text":"10288"}
COMMAND: POST /session/f8b17aff14ace713329ed2ba9e517e88/actions - {"actions":[{"id":"action58","type":"key","parameters":{},"actions":[{"type":"keyDown","value":"î€‡"},{"type":"pause","duration":10},{"type":"keyUp","value":"î€‡"}]}]}
COMMAND: GET /session/f8b17aff14ace713329ed2ba9e517e88/screenshot - {}
RESULT: {}
RESULT: {"actions":[{"id":"action58","type":"key","parameters":{},"actions":[{"type":"keyDown","value":"î€‡"},{"type":"pause","duration":10},{"type":"keyUp","value":"î€‡"}]}]}
COMMAND: GET /session/f8b17aff14ace713329ed2ba9e517e88/screenshot - {}
RESULT: {}
RESULT: {}
COMMAND: POST /session/f8b17aff14ace713329ed2ba9e517e88/element - {"using":"xpath","value":"//span[contains(@id ,\"application-billingtransfer-display-component---billingWorkbench--smartTableBillingRuns-header-inner\")]"}
RESULT: {"using":"xpath","value":"//span[contains(@id ,\"application-billingtransfer-display-component---billingWorkbench--smartTableBillingRuns-header-inner\")]"}
COMMAND: POST /session/f8b17aff14ace713329ed2ba9e517e88/elements - {"using":"xpath","value":"//span[contains(@id ,\"application-billingtransfer-display-component---billingWorkbench--smartTableBillingRuns-header-inner\")]"}
RESULT: {"using":"xpath","value":"//span[contains(@id ,\"application-billingtransfer-display-component---billingWorkbench--smartTableBillingRuns-header-inner\")]"}
COMMAND: POST /session/f8b17aff14ace713329ed2ba9e517e88/execute/sync - {"script":"<script> [56 bytes]","args":[{"element-6066-11e4-a52e-4f735466cecf":"f.8F60F7CA831AD576036D3680DB46BD22.d.57F01CF7A3908D7ABA0DDF02296CF901.e.16230","ELEMENT":"f.8F60F7CA831AD576036D3680DB46BD22.d.57F01CF7A3908D7ABA0DDF02296CF901.e.16230"}]}
RESULT: {"script":"<script> [56 bytes]","args":[{"element-6066-11e4-a52e-4f735466cecf":"f.8F60F7CA831AD576036D3680DB46BD22.d.57F01CF7A3908D7ABA0DDF02296CF901.e.16230","ELEMENT":"f.8F60F7CA831AD576036D3680DB46BD22.d.57F01CF7A3908D7ABA0DDF02296CF901.e.16230"}]}
COMMAND: POST /session/f8b17aff14ace713329ed2ba9e517e88/element - {"using":"xpath","value":"//td[@aria-colindex=\"1\"]/div/div[contains(@class, \"sapMCbBg\")]"}
COMMAND: GET /session/f8b17aff14ace713329ed2ba9e517e88/screenshot - {}
RESULT: {"using":"xpath","value":"//td[@aria-colindex=\"1\"]/div/div[contains(@class, \"sapMCbBg\")]"}
COMMAND: POST /session/f8b17aff14ace713329ed2ba9e517e88/element/f.8F60F7CA831AD576036D3680DB46BD22.d.57F01CF7A3908D7ABA0DDF02296CF901.e.16240/click - {}
RESULT: {}
RESULT: {}
COMMAND: GET /session/f8b17aff14ace713329ed2ba9e517e88/screenshot - {}
RESULT: {}
COMMAND: POST /session/f8b17aff14ace713329ed2ba9e517e88/element - {"using":"xpath","value":"//bdi[text()=\"Transfer\"]"}
RESULT: {"using":"xpath","value":"//bdi[text()=\"Transfer\"]"}
COMMAND: POST /session/f8b17aff14ace713329ed2ba9e517e88/element/f.8F60F7CA831AD576036D3680DB46BD22.d.57F01CF7A3908D7ABA0DDF02296CF901.e.16241/click - {}
RESULT: {}
COMMAND: GET /session/f8b17aff14ace713329ed2ba9e517e88/screenshot - {}
RESULT: {}
COMMAND: POST /session/f8b17aff14ace713329ed2ba9e517e88/element - {"using":"xpath","value":"//bdi[contains(text(), \"OK\")]"}
RESULT: {"using":"xpath","value":"//bdi[contains(text(), \"OK\")]"}
COMMAND: POST /session/f8b17aff14ace713329ed2ba9e517e88/element/f.8F60F7CA831AD576036D3680DB46BD22.d.57F01CF7A3908D7ABA0DDF02296CF901.e.16244/click - {}
RESULT: {}
COMMAND: GET /session/f8b17aff14ace713329ed2ba9e517e88/screenshot - {}
RESULT: {}
COMMAND: POST /session/f8b17aff14ace713329ed2ba9e517e88/element - {"using":"xpath","value":"(//span[contains(text(), \"Completed\")]/parent::div/preceding-sibling::div/span)[1]"}
RESULT: {"using":"xpath","value":"(//span[contains(text(), \"Completed\")]/parent::div/preceding-sibling::div/span)[1]"}
COMMAND: POST /session/f8b17aff14ace713329ed2ba9e517e88/element/f.8F60F7CA831AD576036D3680DB46BD22.d.57F01CF7A3908D7ABA0DDF02296CF901.e.16252/click - {}
RESULT: {}
COMMAND: POST /session/f8b17aff14ace713329ed2ba9e517e88/element - {"using":"xpath","value":"//input[contains(@id ,\"application-billingtransfer-display-component---billingWorkbench--smartFilterBar-btnBasicSearch\")]"}
COMMAND: GET /session/f8b17aff14ace713329ed2ba9e517e88/screenshot - {}
RESULT: {}
RESULT: {"using":"xpath","value":"//input[contains(@id ,\"application-billingtransfer-display-component---billingWorkbench--smartFilterBar-btnBasicSearch\")]"}
COMMAND: POST /session/f8b17aff14ace713329ed2ba9e517e88/elements - {"using":"xpath","value":"//input[contains(@id ,\"application-billingtransfer-display-component---billingWorkbench--smartFilterBar-btnBasicSearch\")]"}
RESULT: {"using":"xpath","value":"//input[contains(@id ,\"application-billingtransfer-display-component---billingWorkbench--smartFilterBar-btnBasicSearch\")]"}
COMMAND: POST /session/f8b17aff14ace713329ed2ba9e517e88/execute/sync - {"script":"<script> [8489 bytes]","args":[{"element-6066-11e4-a52e-4f735466cecf":"f.8F60F7CA831AD576036D3680DB46BD22.d.57F01CF7A3908D7ABA0DDF02296CF901.e.16026","ELEMENT":"f.8F60F7CA831AD576036D3680DB46BD22.d.57F01CF7A3908D7ABA0DDF02296CF901.e.16026"}]}
RESULT: {"script":"<script> [8489 bytes]","args":[{"element-6066-11e4-a52e-4f735466cecf":"f.8F60F7CA831AD576036D3680DB46BD22.d.57F01CF7A3908D7ABA0DDF02296CF901.e.16026","ELEMENT":"f.8F60F7CA831AD576036D3680DB46BD22.d.57F01CF7A3908D7ABA0DDF02296CF901.e.16026"}]}
COMMAND: GET /session/f8b17aff14ace713329ed2ba9e517e88/element/f.8F60F7CA831AD576036D3680DB46BD22.d.57F01CF7A3908D7ABA0DDF02296CF901.e.16026/enabled - {}
COMMAND: GET /session/f8b17aff14ace713329ed2ba9e517e88/screenshot - {}
RESULT: {}
COMMAND: POST /session/f8b17aff14ace713329ed2ba9e517e88/element/f.8F60F7CA831AD576036D3680DB46BD22.d.57F01CF7A3908D7ABA0DDF02296CF901.e.16026/click - {}
COMMAND: GET /session/f8b17aff14ace713329ed2ba9e517e88/screenshot - {}
RESULT: {}
RESULT: {}
COMMAND: GET /session/f8b17aff14ace713329ed2ba9e517e88/screenshot - {}
RESULT: {}
RESULT: {}
COMMAND: POST /session/f8b17aff14ace713329ed2ba9e517e88/element/f.8F60F7CA831AD576036D3680DB46BD22.d.57F01CF7A3908D7ABA0DDF02296CF901.e.16026/clear - {}
RESULT: {}
COMMAND: POST /session/f8b17aff14ace713329ed2ba9e517e88/element/f.8F60F7CA831AD576036D3680DB46BD22.d.57F01CF7A3908D7ABA0DDF02296CF901.e.16026/value - {"text":"10288"}
COMMAND: GET /session/f8b17aff14ace713329ed2ba9e517e88/screenshot - {}
RESULT: {"text":"10288"}
COMMAND: POST /session/f8b17aff14ace713329ed2ba9e517e88/actions - {"actions":[{"id":"action59","type":"key","parameters":{},"actions":[{"type":"keyDown","value":"î€‡"},{"type":"pause","duration":10},{"type":"keyUp","value":"î€‡"}]}]}
COMMAND: GET /session/f8b17aff14ace713329ed2ba9e517e88/screenshot - {}
RESULT: {}
RESULT: {"actions":[{"id":"action59","type":"key","parameters":{},"actions":[{"type":"keyDown","value":"î€‡"},{"type":"pause","duration":10},{"type":"keyUp","value":"î€‡"}]}]}
COMMAND: GET /session/f8b17aff14ace713329ed2ba9e517e88/screenshot - {}
RESULT: {}
RESULT: {}
COMMAND: POST /session/f8b17aff14ace713329ed2ba9e517e88/element - {"using":"xpath","value":"//span[contains(@id ,\"application-billingtransfer-display-component---billingWorkbench--smartTableBillingRuns-header-inner\")]"}
RESULT: {"using":"xpath","value":"//span[contains(@id ,\"application-billingtransfer-display-component---billingWorkbench--smartTableBillingRuns-header-inner\")]"}
COMMAND: POST /session/f8b17aff14ace713329ed2ba9e517e88/elements - {"using":"xpath","value":"//span[contains(@id ,\"application-billingtransfer-display-component---billingWorkbench--smartTableBillingRuns-header-inner\")]"}
RESULT: {"using":"xpath","value":"//span[contains(@id ,\"application-billingtransfer-display-component---billingWorkbench--smartTableBillingRuns-header-inner\")]"}
COMMAND: POST /session/f8b17aff14ace713329ed2ba9e517e88/execute/sync - {"script":"<script> [56 bytes]","args":[{"element-6066-11e4-a52e-4f735466cecf":"f.8F60F7CA831AD576036D3680DB46BD22.d.57F01CF7A3908D7ABA0DDF02296CF901.e.16230","ELEMENT":"f.8F60F7CA831AD576036D3680DB46BD22.d.57F01CF7A3908D7ABA0DDF02296CF901.e.16230"}]}
RESULT: {"script":"<script> [56 bytes]","args":[{"element-6066-11e4-a52e-4f735466cecf":"f.8F60F7CA831AD576036D3680DB46BD22.d.57F01CF7A3908D7ABA0DDF02296CF901.e.16230","ELEMENT":"f.8F60F7CA831AD576036D3680DB46BD22.d.57F01CF7A3908D7ABA0DDF02296CF901.e.16230"}]}
COMMAND: POST /session/f8b17aff14ace713329ed2ba9e517e88/element - {"using":"css selector","value":"#shell-header-logo"}
COMMAND: GET /session/f8b17aff14ace713329ed2ba9e517e88/screenshot - {}
RESULT: {"using":"css selector","value":"#shell-header-logo"}
COMMAND: POST /session/f8b17aff14ace713329ed2ba9e517e88/element/f.8F60F7CA831AD576036D3680DB46BD22.d.57F01CF7A3908D7ABA0DDF02296CF901.e.16024/click - {}
RESULT: {}
RESULT: {}
COMMAND: GET /session/f8b17aff14ace713329ed2ba9e517e88/screenshot - {}
RESULT: {}
COMMAND: POST /session/f8b17aff14ace713329ed2ba9e517e88/element - {"using":"css selector","value":"#j_username"}
COMMAND: POST /session/f8b17aff14ace713329ed2ba9e517e88/url - {"url":"https://qa-testing-00-live-etm-ui.cfapps.eu10-004.hana.ondemand.com/"}
RESULT: {"using":"css selector","value":"#j_username"}
COMMAND: POST /session/f8b17aff14ace713329ed2ba9e517e88/element - {"using":"css selector","value":"#j_username"}
RESULT: {"url":"https://qa-testing-00-live-etm-ui.cfapps.eu10-004.hana.ondemand.com/"}
RESULT: undefined
COMMAND: GET /session/f8b17aff14ace713329ed2ba9e517e88/screenshot - {}
RESULT: {"using":"css selector","value":"#j_username"}
COMMAND: POST /session/f8b17aff14ace713329ed2ba9e517e88/element - {"using":"css selector","value":"#shell-header-logo"}
RESULT: {}
RESULT: {"using":"css selector","value":"#shell-header-logo"}
COMMAND: POST /session/f8b17aff14ace713329ed2ba9e517e88/execute/sync - {"script":"<script> [8489 bytes]","args":[{"element-6066-11e4-a52e-4f735466cecf":"f.8F60F7CA831AD576036D3680DB46BD22.d.1994684B9BCDBEE385DE0AED4FDFFEBB.e.16269","ELEMENT":"f.8F60F7CA831AD576036D3680DB46BD22.d.1994684B9BCDBEE385DE0AED4FDFFEBB.e.16269"}]}
RESULT: {"script":"<script> [8489 bytes]","args":[{"element-6066-11e4-a52e-4f735466cecf":"f.8F60F7CA831AD576036D3680DB46BD22.d.1994684B9BCDBEE385DE0AED4FDFFEBB.e.16269","ELEMENT":"f.8F60F7CA831AD576036D3680DB46BD22.d.1994684B9BCDBEE385DE0AED4FDFFEBB.e.16269"}]}
COMMAND: POST /session/f8b17aff14ace713329ed2ba9e517e88/element - {"using":"css selector","value":"#shell-header-logo"}
COMMAND: GET /session/f8b17aff14ace713329ed2ba9e517e88/screenshot - {}
RESULT: {}
RESULT: {"using":"css selector","value":"#shell-header-logo"}
COMMAND: POST /session/f8b17aff14ace713329ed2ba9e517e88/execute/sync - {"script":"<script> [8489 bytes]","args":[{"element-6066-11e4-a52e-4f735466cecf":"f.8F60F7CA831AD576036D3680DB46BD22.d.1994684B9BCDBEE385DE0AED4FDFFEBB.e.16269","ELEMENT":"f.8F60F7CA831AD576036D3680DB46BD22.d.1994684B9BCDBEE385DE0AED4FDFFEBB.e.16269"}]}
RESULT: {"script":"<script> [8489 bytes]","args":[{"element-6066-11e4-a52e-4f735466cecf":"f.8F60F7CA831AD576036D3680DB46BD22.d.1994684B9BCDBEE385DE0AED4FDFFEBB.e.16269","ELEMENT":"f.8F60F7CA831AD576036D3680DB46BD22.d.1994684B9BCDBEE385DE0AED4FDFFEBB.e.16269"}]}
COMMAND: POST /session/f8b17aff14ace713329ed2ba9e517e88/execute/sync - {"script":"<script> [5351 bytes]","args":[{"element-6066-11e4-a52e-4f735466cecf":"f.8F60F7CA831AD576036D3680DB46BD22.d.1994684B9BCDBEE385DE0AED4FDFFEBB.e.16269","ELEMENT":"f.8F60F7CA831AD576036D3680DB46BD22.d.1994684B9BCDBEE385DE0AED4FDFFEBB.e.16269"}]}
COMMAND: GET /session/f8b17aff14ace713329ed2ba9e517e88/screenshot - {}
RESULT: {"script":"<script> [5351 bytes]","args":[{"element-6066-11e4-a52e-4f735466cecf":"f.8F60F7CA831AD576036D3680DB46BD22.d.1994684B9BCDBEE385DE0AED4FDFFEBB.e.16269","ELEMENT":"f.8F60F7CA831AD576036D3680DB46BD22.d.1994684B9BCDBEE385DE0AED4FDFFEBB.e.16269"}]}
COMMAND: POST /session/f8b17aff14ace713329ed2ba9e517e88/element - {"using":"css selector","value":"#shell-header-logo"}
COMMAND: GET /session/f8b17aff14ace713329ed2ba9e517e88/screenshot - {}
RESULT: {}
RESULT: {"using":"css selector","value":"#shell-header-logo"}
COMMAND: POST /session/f8b17aff14ace713329ed2ba9e517e88/element/f.8F60F7CA831AD576036D3680DB46BD22.d.1994684B9BCDBEE385DE0AED4FDFFEBB.e.16269/click - {}
RESULT: {}
RESULT: {}
COMMAND: GET /session/f8b17aff14ace713329ed2ba9e517e88/screenshot - {}
RESULT: {}
COMMAND: POST /session/f8b17aff14ace713329ed2ba9e517e88/execute/async - {"script":"<script> [189 bytes]","args":[]}
RESULT: {"script":"<script> [189 bytes]","args":[]}
COMMAND: POST /session/f8b17aff14ace713329ed2ba9e517e88/execute/async - {"script":"<script> [123 bytes]","args":[]}
RESULT: {"script":"<script> [123 bytes]","args":[]}
COMMAND: POST /session/f8b17aff14ace713329ed2ba9e517e88/timeouts - {"script":"<number>"}
RESULT: {"script":"<number>"}
COMMAND: GET /session/f8b17aff14ace713329ed2ba9e517e88/timeouts - {}
RESULT: {}
RESULT: undefined
COMMAND: POST /session/f8b17aff14ace713329ed2ba9e517e88/execute/async - {"script":"<script> [2676 bytes]","args":[]}
RESULT: {"script":"<script> [2676 bytes]","args":[]}
COMMAND: POST /session/f8b17aff14ace713329ed2ba9e517e88/execute/async - {"script":"<script> [2342 bytes]","args":[{"protocol":"http","hostname":"0.0.0.0","path":"/","capabilities":{"browserName":"chrome","goog:chromeOptions":{"binary":"C:\\Program Files\\Google\\Chrome\\Application\\chrome.exe","args":["--start-maximized"]}},"logLevel":"warn","connectionRetryTimeout":120000,"connectionRetryCount":3,"logLevels":{},"enableDirectConnect":true,"strictSSL":true,"_":"65 more keys: [\"cacheDir\",\"port\",\"requestedCapabilities\",\"automationProtocol\",\"baseUrl\",\"waitforInterval\",\"waitforTimeout\",\"onReload\",\"beforeCommand\",\"afterCommand\",\"rootDir\",\"specs\",\"suites\",\"exclude\",\"groupLogsByTestSpec\",\"excludeDriverLogs\",\"bail\",\"framework\",\"reporters\",\"services\",\"maxInstances\",\"maxInstancesPerCapability\",\"injectGlobals\",\"filesToWatch\",\"execArgv\",\"runnerEnv\",\"runner\",\"shard\",\"specFileRetries\",\"specFileRetriesDelay\",\"specFileRetriesDeferred\",\"reporterSyncInterval\",\"reporterSyncTimeout\",\"cucumberFeaturesWithLineNumbers\",\"autoCompileOpts\",\"mochaOpts\",\"jasmineOpts\",\"cucumberOpts\",\"onPrepare\",\"onWorkerStart\",\"onWorkerEnd\",\"before\",\"beforeSession\",\"beforeSuite\",\"beforeHook\",\"beforeTest\",\"afterTest\",\"afterHook\",\"afterSuite\",\"afterSession\",\"after\",\"onComplete\",\"beforeAssertion\",\"afterAssertion\",\"beforeFeature\",\"beforeScenario\",\"beforeStep\",\"afterStep\",\"afterScenario\",\"afterFeature\",\"_\",\"suite\",\"$0\",\"ignoredWorkerServices\",\"wdi5\"]"}]}
RESULT: {"script":"<script> [2342 bytes]","args":[{"protocol":"http","hostname":"0.0.0.0","path":"/","capabilities":{"browserName":"chrome","goog:chromeOptions":{"binary":"C:\\Program Files\\Google\\Chrome\\Application\\chrome.exe","args":["--start-maximized"]}},"logLevel":"warn","connectionRetryTimeout":120000,"connectionRetryCount":3,"logLevels":{},"enableDirectConnect":true,"strictSSL":true,"_":"65 more keys: [\"cacheDir\",\"port\",\"requestedCapabilities\",\"automationProtocol\",\"baseUrl\",\"waitforInterval\",\"waitforTimeout\",\"onReload\",\"beforeCommand\",\"afterCommand\",\"rootDir\",\"specs\",\"suites\",\"exclude\",\"groupLogsByTestSpec\",\"excludeDriverLogs\",\"bail\",\"framework\",\"reporters\",\"services\",\"maxInstances\",\"maxInstancesPerCapability\",\"injectGlobals\",\"filesToWatch\",\"execArgv\",\"runnerEnv\",\"runner\",\"shard\",\"specFileRetries\",\"specFileRetriesDelay\",\"specFileRetriesDeferred\",\"reporterSyncInterval\",\"reporterSyncTimeout\",\"cucumberFeaturesWithLineNumbers\",\"autoCompileOpts\",\"mochaOpts\",\"jasmineOpts\",\"cucumberOpts\",\"onPrepare\",\"onWorkerStart\",\"onWorkerEnd\",\"before\",\"beforeSession\",\"beforeSuite\",\"beforeHook\",\"beforeTest\",\"afterTest\",\"afterHook\",\"afterSuite\",\"afterSession\",\"after\",\"onComplete\",\"beforeAssertion\",\"afterAssertion\",\"beforeFeature\",\"beforeScenario\",\"beforeStep\",\"afterStep\",\"afterScenario\",\"afterFeature\",\"_\",\"suite\",\"$0\",\"ignoredWorkerServices\",\"wdi5\"]"}]}
COMMAND: POST /session/f8b17aff14ace713329ed2ba9e517e88/execute/async - {"script":"<script> [21126 bytes]","args":[35000]}
RESULT: {"script":"<script> [21126 bytes]","args":[35000]}
COMMAND: POST /session/f8b17aff14ace713329ed2ba9e517e88/window/maximize - {}
RESULT: {}
COMMAND: POST /session/f8b17aff14ace713329ed2ba9e517e88/execute/async - {"script":"<script> [1562 bytes]","args":[{"selector":{"id":"shell-header","interaction":{"idSuffix":"icon"}},"wdio_ui5_key":"shellheader"}]}
COMMAND: GET /session/f8b17aff14ace713329ed2ba9e517e88/screenshot - {}
RESULT: {"script":"<script> [1562 bytes]","args":[{"selector":{"id":"shell-header","interaction":{"idSuffix":"icon"}},"wdio_ui5_key":"shellheader"}]}
RESULT: undefined
COMMAND: POST /session/f8b17aff14ace713329ed2ba9e517e88/refresh - {}
RESULT: {}
RESULT: {}
COMMAND: GET /session/f8b17aff14ace713329ed2ba9e517e88/screenshot - {}
RESULT: {}
COMMAND: POST /session/f8b17aff14ace713329ed2ba9e517e88/refresh - {}
RESULT: {}
COMMAND: GET /session/f8b17aff14ace713329ed2ba9e517e88/screenshot - {}
RESULT: {}
COMMAND: POST /session/f8b17aff14ace713329ed2ba9e517e88/window/fullscreen - {}
RESULT: {}
COMMAND: POST /session/f8b17aff14ace713329ed2ba9e517e88/execute/async - {"script":"<script> [189 bytes]","args":[]}
RESULT: {"script":"<script> [189 bytes]","args":[]}
COMMAND: POST /session/f8b17aff14ace713329ed2ba9e517e88/execute/async - {"script":"<script> [123 bytes]","args":[]}
RESULT: {"script":"<script> [123 bytes]","args":[]}
COMMAND: POST /session/f8b17aff14ace713329ed2ba9e517e88/timeouts - {"script":"<number>"}
RESULT: {"script":"<number>"}
COMMAND: GET /session/f8b17aff14ace713329ed2ba9e517e88/timeouts - {}
RESULT: {}
RESULT: undefined
COMMAND: POST /session/f8b17aff14ace713329ed2ba9e517e88/execute/async - {"script":"<script> [2676 bytes]","args":[]}
RESULT: {"script":"<script> [2676 bytes]","args":[]}
COMMAND: POST /session/f8b17aff14ace713329ed2ba9e517e88/execute/async - {"script":"<script> [2342 bytes]","args":[{"protocol":"http","hostname":"0.0.0.0","path":"/","capabilities":{"browserName":"chrome","goog:chromeOptions":{"binary":"C:\\Program Files\\Google\\Chrome\\Application\\chrome.exe","args":["--start-maximized"]}},"logLevel":"warn","connectionRetryTimeout":120000,"connectionRetryCount":3,"logLevels":{},"enableDirectConnect":true,"strictSSL":true,"_":"65 more keys: [\"cacheDir\",\"port\",\"requestedCapabilities\",\"automationProtocol\",\"baseUrl\",\"waitforInterval\",\"waitforTimeout\",\"onReload\",\"beforeCommand\",\"afterCommand\",\"rootDir\",\"specs\",\"suites\",\"exclude\",\"groupLogsByTestSpec\",\"excludeDriverLogs\",\"bail\",\"framework\",\"reporters\",\"services\",\"maxInstances\",\"maxInstancesPerCapability\",\"injectGlobals\",\"filesToWatch\",\"execArgv\",\"runnerEnv\",\"runner\",\"shard\",\"specFileRetries\",\"specFileRetriesDelay\",\"specFileRetriesDeferred\",\"reporterSyncInterval\",\"reporterSyncTimeout\",\"cucumberFeaturesWithLineNumbers\",\"autoCompileOpts\",\"mochaOpts\",\"jasmineOpts\",\"cucumberOpts\",\"onPrepare\",\"onWorkerStart\",\"onWorkerEnd\",\"before\",\"beforeSession\",\"beforeSuite\",\"beforeHook\",\"beforeTest\",\"afterTest\",\"afterHook\",\"afterSuite\",\"afterSession\",\"after\",\"onComplete\",\"beforeAssertion\",\"afterAssertion\",\"beforeFeature\",\"beforeScenario\",\"beforeStep\",\"afterStep\",\"afterScenario\",\"afterFeature\",\"_\",\"suite\",\"$0\",\"ignoredWorkerServices\",\"wdi5\"]"}]}
RESULT: {"script":"<script> [2342 bytes]","args":[{"protocol":"http","hostname":"0.0.0.0","path":"/","capabilities":{"browserName":"chrome","goog:chromeOptions":{"binary":"C:\\Program Files\\Google\\Chrome\\Application\\chrome.exe","args":["--start-maximized"]}},"logLevel":"warn","connectionRetryTimeout":120000,"connectionRetryCount":3,"logLevels":{},"enableDirectConnect":true,"strictSSL":true,"_":"65 more keys: [\"cacheDir\",\"port\",\"requestedCapabilities\",\"automationProtocol\",\"baseUrl\",\"waitforInterval\",\"waitforTimeout\",\"onReload\",\"beforeCommand\",\"afterCommand\",\"rootDir\",\"specs\",\"suites\",\"exclude\",\"groupLogsByTestSpec\",\"excludeDriverLogs\",\"bail\",\"framework\",\"reporters\",\"services\",\"maxInstances\",\"maxInstancesPerCapability\",\"injectGlobals\",\"filesToWatch\",\"execArgv\",\"runnerEnv\",\"runner\",\"shard\",\"specFileRetries\",\"specFileRetriesDelay\",\"specFileRetriesDeferred\",\"reporterSyncInterval\",\"reporterSyncTimeout\",\"cucumberFeaturesWithLineNumbers\",\"autoCompileOpts\",\"mochaOpts\",\"jasmineOpts\",\"cucumberOpts\",\"onPrepare\",\"onWorkerStart\",\"onWorkerEnd\",\"before\",\"beforeSession\",\"beforeSuite\",\"beforeHook\",\"beforeTest\",\"afterTest\",\"afterHook\",\"afterSuite\",\"afterSession\",\"after\",\"onComplete\",\"beforeAssertion\",\"afterAssertion\",\"beforeFeature\",\"beforeScenario\",\"beforeStep\",\"afterStep\",\"afterScenario\",\"afterFeature\",\"_\",\"suite\",\"$0\",\"ignoredWorkerServices\",\"wdi5\"]"}]}
COMMAND: POST /session/f8b17aff14ace713329ed2ba9e517e88/execute/async - {"script":"<script> [21126 bytes]","args":[35000]}
RESULT: {"script":"<script> [21126 bytes]","args":[35000]}
]]></system-out>
    </testcase>
  </testsuite>
  <testsuite timestamp="2025-04-28T18:04:05" time="666.193" tests="12" failures="0" errors="0" skipped="0">
    <properties>
      <property name="specId" value="0" />
      <property name="suiteName" value="Create Reverse Billing US127248" />
      <property name="capabilities" value="chrome.135_0_7049_96.windows" />
      <property name="file" value="file:///D:/a/1/s/test/specs/BTS/reverse-billing.spec.js" />
    </properties>
    <testcase classname="chrome.135_0_7049_96.windows.Create_Reverse_Billing_US127248" name="Should create a new yard" time="0.013">
      <system-out><![CDATA[
COMMAND: POST /session/f8b17aff14ace713329ed2ba9e517e88/window/fullscreen - {}
RESULT: {}
]]></system-out>
    </testcase>
    <testcase classname="chrome.135_0_7049_96.windows.Create_Reverse_Billing_US127248" name="Should create a new partner" time="0.01" />
    <testcase classname="chrome.135_0_7049_96.windows.Create_Reverse_Billing_US127248" name="Should create a new site" time="0.005" />
    <testcase classname="chrome.135_0_7049_96.windows.Create_Reverse_Billing_US127248" name="Should create a resource" time="128.471">
      <system-out><![CDATA[
COMMAND: POST /session/f8b17aff14ace713329ed2ba9e517e88/execute/async - {"script":"<script> [1562 bytes]","args":[{"selector":{"controlType":"sap.m.GenericTile","properties":{"header":"Manage Resources"}},"wdio_ui5_key":"sapm.GenericTile{\"header\":\"Manage Resources\"}"}]}
RESULT: {"script":"<script> [1562 bytes]","args":[{"selector":{"controlType":"sap.m.GenericTile","properties":{"header":"Manage Resources"}},"wdio_ui5_key":"sapm.GenericTile{\"header\":\"Manage Resources\"}"}]}
RESULT: undefined
COMMAND: POST /session/f8b17aff14ace713329ed2ba9e517e88/element - {"using":"xpath","value":"//*[@id=\"__tile39\"]"}
RESULT: {"using":"xpath","value":"//*[@id=\"__tile39\"]"}
COMMAND: POST /session/f8b17aff14ace713329ed2ba9e517e88/element/f.8F60F7CA831AD576036D3680DB46BD22.d.35F571C43325C7E1BC39B4C295831345.e.16425/click - {}
RESULT: {}
COMMAND: POST /session/f8b17aff14ace713329ed2ba9e517e88/element - {"using":"xpath","value":"//button[@data-kt=\"addNewRUOverflowToolbarButton\"]"}
COMMAND: GET /session/f8b17aff14ace713329ed2ba9e517e88/screenshot - {}
RESULT: {"using":"xpath","value":"//button[@data-kt=\"addNewRUOverflowToolbarButton\"]"}
COMMAND: POST /session/f8b17aff14ace713329ed2ba9e517e88/elements - {"using":"xpath","value":"//button[@data-kt=\"addNewRUOverflowToolbarButton\"]"}
RESULT: {}
RESULT: {"using":"xpath","value":"//button[@data-kt=\"addNewRUOverflowToolbarButton\"]"}
COMMAND: POST /session/f8b17aff14ace713329ed2ba9e517e88/elements - {"using":"xpath","value":"//button[@data-kt=\"addNewRUOverflowToolbarButton\"]"}
RESULT: {"using":"xpath","value":"//button[@data-kt=\"addNewRUOverflowToolbarButton\"]"}
COMMAND: POST /session/f8b17aff14ace713329ed2ba9e517e88/elements - {"using":"xpath","value":"//button[@data-kt=\"addNewRUOverflowToolbarButton\"]"}
RESULT: {"using":"xpath","value":"//button[@data-kt=\"addNewRUOverflowToolbarButton\"]"}
COMMAND: POST /session/f8b17aff14ace713329ed2ba9e517e88/elements - {"using":"xpath","value":"//button[@data-kt=\"addNewRUOverflowToolbarButton\"]"}
RESULT: {"using":"xpath","value":"//button[@data-kt=\"addNewRUOverflowToolbarButton\"]"}
COMMAND: POST /session/f8b17aff14ace713329ed2ba9e517e88/elements - {"using":"xpath","value":"//button[@data-kt=\"addNewRUOverflowToolbarButton\"]"}
RESULT: {"using":"xpath","value":"//button[@data-kt=\"addNewRUOverflowToolbarButton\"]"}
COMMAND: POST /session/f8b17aff14ace713329ed2ba9e517e88/elements - {"using":"xpath","value":"//button[@data-kt=\"addNewRUOverflowToolbarButton\"]"}
RESULT: {"using":"xpath","value":"//button[@data-kt=\"addNewRUOverflowToolbarButton\"]"}
COMMAND: POST /session/f8b17aff14ace713329ed2ba9e517e88/elements - {"using":"xpath","value":"//button[@data-kt=\"addNewRUOverflowToolbarButton\"]"}
RESULT: {"using":"xpath","value":"//button[@data-kt=\"addNewRUOverflowToolbarButton\"]"}
COMMAND: POST /session/f8b17aff14ace713329ed2ba9e517e88/elements - {"using":"xpath","value":"//button[@data-kt=\"addNewRUOverflowToolbarButton\"]"}
RESULT: {"using":"xpath","value":"//button[@data-kt=\"addNewRUOverflowToolbarButton\"]"}
COMMAND: POST /session/f8b17aff14ace713329ed2ba9e517e88/elements - {"using":"xpath","value":"//button[@data-kt=\"addNewRUOverflowToolbarButton\"]"}
RESULT: {"using":"xpath","value":"//button[@data-kt=\"addNewRUOverflowToolbarButton\"]"}
COMMAND: POST /session/f8b17aff14ace713329ed2ba9e517e88/elements - {"using":"xpath","value":"//button[@data-kt=\"addNewRUOverflowToolbarButton\"]"}
RESULT: {"using":"xpath","value":"//button[@data-kt=\"addNewRUOverflowToolbarButton\"]"}
COMMAND: POST /session/f8b17aff14ace713329ed2ba9e517e88/elements - {"using":"xpath","value":"//button[@data-kt=\"addNewRUOverflowToolbarButton\"]"}
RESULT: {"using":"xpath","value":"//button[@data-kt=\"addNewRUOverflowToolbarButton\"]"}
COMMAND: POST /session/f8b17aff14ace713329ed2ba9e517e88/elements - {"using":"xpath","value":"//button[@data-kt=\"addNewRUOverflowToolbarButton\"]"}
RESULT: {"using":"xpath","value":"//button[@data-kt=\"addNewRUOverflowToolbarButton\"]"}
COMMAND: POST /session/f8b17aff14ace713329ed2ba9e517e88/elements - {"using":"xpath","value":"//button[@data-kt=\"addNewRUOverflowToolbarButton\"]"}
RESULT: {"using":"xpath","value":"//button[@data-kt=\"addNewRUOverflowToolbarButton\"]"}
COMMAND: POST /session/f8b17aff14ace713329ed2ba9e517e88/elements - {"using":"xpath","value":"//button[@data-kt=\"addNewRUOverflowToolbarButton\"]"}
RESULT: {"using":"xpath","value":"//button[@data-kt=\"addNewRUOverflowToolbarButton\"]"}
COMMAND: POST /session/f8b17aff14ace713329ed2ba9e517e88/elements - {"using":"xpath","value":"//button[@data-kt=\"addNewRUOverflowToolbarButton\"]"}
RESULT: {"using":"xpath","value":"//button[@data-kt=\"addNewRUOverflowToolbarButton\"]"}
COMMAND: POST /session/f8b17aff14ace713329ed2ba9e517e88/elements - {"using":"xpath","value":"//button[@data-kt=\"addNewRUOverflowToolbarButton\"]"}
RESULT: {"using":"xpath","value":"//button[@data-kt=\"addNewRUOverflowToolbarButton\"]"}
COMMAND: POST /session/f8b17aff14ace713329ed2ba9e517e88/elements - {"using":"xpath","value":"//button[@data-kt=\"addNewRUOverflowToolbarButton\"]"}
RESULT: {"using":"xpath","value":"//button[@data-kt=\"addNewRUOverflowToolbarButton\"]"}
COMMAND: POST /session/f8b17aff14ace713329ed2ba9e517e88/elements - {"using":"xpath","value":"//button[@data-kt=\"addNewRUOverflowToolbarButton\"]"}
RESULT: {"using":"xpath","value":"//button[@data-kt=\"addNewRUOverflowToolbarButton\"]"}
COMMAND: POST /session/f8b17aff14ace713329ed2ba9e517e88/elements - {"using":"xpath","value":"//button[@data-kt=\"addNewRUOverflowToolbarButton\"]"}
RESULT: {"using":"xpath","value":"//button[@data-kt=\"addNewRUOverflowToolbarButton\"]"}
COMMAND: POST /session/f8b17aff14ace713329ed2ba9e517e88/elements - {"using":"xpath","value":"//button[@data-kt=\"addNewRUOverflowToolbarButton\"]"}
RESULT: {"using":"xpath","value":"//button[@data-kt=\"addNewRUOverflowToolbarButton\"]"}
COMMAND: POST /session/f8b17aff14ace713329ed2ba9e517e88/elements - {"using":"xpath","value":"//button[@data-kt=\"addNewRUOverflowToolbarButton\"]"}
RESULT: {"using":"xpath","value":"//button[@data-kt=\"addNewRUOverflowToolbarButton\"]"}
COMMAND: POST /session/f8b17aff14ace713329ed2ba9e517e88/elements - {"using":"xpath","value":"//button[@data-kt=\"addNewRUOverflowToolbarButton\"]"}
RESULT: {"using":"xpath","value":"//button[@data-kt=\"addNewRUOverflowToolbarButton\"]"}
COMMAND: POST /session/f8b17aff14ace713329ed2ba9e517e88/elements - {"using":"xpath","value":"//button[@data-kt=\"addNewRUOverflowToolbarButton\"]"}
RESULT: {"using":"xpath","value":"//button[@data-kt=\"addNewRUOverflowToolbarButton\"]"}
COMMAND: POST /session/f8b17aff14ace713329ed2ba9e517e88/elements - {"using":"xpath","value":"//button[@data-kt=\"addNewRUOverflowToolbarButton\"]"}
RESULT: {"using":"xpath","value":"//button[@data-kt=\"addNewRUOverflowToolbarButton\"]"}
COMMAND: POST /session/f8b17aff14ace713329ed2ba9e517e88/elements - {"using":"xpath","value":"//button[@data-kt=\"addNewRUOverflowToolbarButton\"]"}
RESULT: {"using":"xpath","value":"//button[@data-kt=\"addNewRUOverflowToolbarButton\"]"}
COMMAND: POST /session/f8b17aff14ace713329ed2ba9e517e88/elements - {"using":"xpath","value":"//button[@data-kt=\"addNewRUOverflowToolbarButton\"]"}
RESULT: {"using":"xpath","value":"//button[@data-kt=\"addNewRUOverflowToolbarButton\"]"}
COMMAND: POST /session/f8b17aff14ace713329ed2ba9e517e88/elements - {"using":"xpath","value":"//button[@data-kt=\"addNewRUOverflowToolbarButton\"]"}
RESULT: {"using":"xpath","value":"//button[@data-kt=\"addNewRUOverflowToolbarButton\"]"}
COMMAND: POST /session/f8b17aff14ace713329ed2ba9e517e88/element - {"using":"xpath","value":"//button[@data-kt=\"addNewRUOverflowToolbarButton\"]"}
RESULT: {"using":"xpath","value":"//button[@data-kt=\"addNewRUOverflowToolbarButton\"]"}
COMMAND: POST /session/f8b17aff14ace713329ed2ba9e517e88/execute/sync - {"script":"<script> [8489 bytes]","args":[{"element-6066-11e4-a52e-4f735466cecf":"f.8F60F7CA831AD576036D3680DB46BD22.d.35F571C43325C7E1BC39B4C295831345.e.16565","ELEMENT":"f.8F60F7CA831AD576036D3680DB46BD22.d.35F571C43325C7E1BC39B4C295831345.e.16565"}]}
RESULT: {"script":"<script> [8489 bytes]","args":[{"element-6066-11e4-a52e-4f735466cecf":"f.8F60F7CA831AD576036D3680DB46BD22.d.35F571C43325C7E1BC39B4C295831345.e.16565","ELEMENT":"f.8F60F7CA831AD576036D3680DB46BD22.d.35F571C43325C7E1BC39B4C295831345.e.16565"}]}
COMMAND: GET /session/f8b17aff14ace713329ed2ba9e517e88/element/f.8F60F7CA831AD576036D3680DB46BD22.d.35F571C43325C7E1BC39B4C295831345.e.16565/enabled - {}
COMMAND: GET /session/f8b17aff14ace713329ed2ba9e517e88/screenshot - {}
RESULT: {}
COMMAND: POST /session/f8b17aff14ace713329ed2ba9e517e88/execute/sync - {"script":"<script> [8489 bytes]","args":[{"element-6066-11e4-a52e-4f735466cecf":"f.8F60F7CA831AD576036D3680DB46BD22.d.35F571C43325C7E1BC39B4C295831345.e.16565","ELEMENT":"f.8F60F7CA831AD576036D3680DB46BD22.d.35F571C43325C7E1BC39B4C295831345.e.16565"}]}
COMMAND: GET /session/f8b17aff14ace713329ed2ba9e517e88/screenshot - {}
RESULT: {}
RESULT: {"script":"<script> [8489 bytes]","args":[{"element-6066-11e4-a52e-4f735466cecf":"f.8F60F7CA831AD576036D3680DB46BD22.d.35F571C43325C7E1BC39B4C295831345.e.16565","ELEMENT":"f.8F60F7CA831AD576036D3680DB46BD22.d.35F571C43325C7E1BC39B4C295831345.e.16565"}]}
COMMAND: POST /session/f8b17aff14ace713329ed2ba9e517e88/execute/sync - {"script":"<script> [5351 bytes]","args":[{"element-6066-11e4-a52e-4f735466cecf":"f.8F60F7CA831AD576036D3680DB46BD22.d.35F571C43325C7E1BC39B4C295831345.e.16565","ELEMENT":"f.8F60F7CA831AD576036D3680DB46BD22.d.35F571C43325C7E1BC39B4C295831345.e.16565"}]}
COMMAND: GET /session/f8b17aff14ace713329ed2ba9e517e88/screenshot - {}
RESULT: {}
RESULT: {"script":"<script> [5351 bytes]","args":[{"element-6066-11e4-a52e-4f735466cecf":"f.8F60F7CA831AD576036D3680DB46BD22.d.35F571C43325C7E1BC39B4C295831345.e.16565","ELEMENT":"f.8F60F7CA831AD576036D3680DB46BD22.d.35F571C43325C7E1BC39B4C295831345.e.16565"}]}
COMMAND: POST /session/f8b17aff14ace713329ed2ba9e517e88/element/f.8F60F7CA831AD576036D3680DB46BD22.d.35F571C43325C7E1BC39B4C295831345.e.16565/click - {}
COMMAND: GET /session/f8b17aff14ace713329ed2ba9e517e88/screenshot - {}
RESULT: {}
RESULT: {}
COMMAND: GET /session/f8b17aff14ace713329ed2ba9e517e88/screenshot - {}
RESULT: {}
COMMAND: POST /session/f8b17aff14ace713329ed2ba9e517e88/execute/async - {"script":"<script> [1562 bytes]","args":[{"selector":{"id":"application-manageresources-display-component---newResourceUnit--TYPE-arrow"},"wdio_ui5_key":"applicationmanageresources-display-component---newResourceUnit--TYPE-arrow"}]}
RESULT: {}
RESULT: {"script":"<script> [1562 bytes]","args":[{"selector":{"id":"application-manageresources-display-component---newResourceUnit--TYPE-arrow"},"wdio_ui5_key":"applicationmanageresources-display-component---newResourceUnit--TYPE-arrow"}]}
RESULT: undefined
COMMAND: POST /session/f8b17aff14ace713329ed2ba9e517e88/element - {"using":"xpath","value":"//*[@id=\"application-manageresources-display-component---newResourceUnit--TYPE-arrow\"]"}
RESULT: {"using":"xpath","value":"//*[@id=\"application-manageresources-display-component---newResourceUnit--TYPE-arrow\"]"}
COMMAND: POST /session/f8b17aff14ace713329ed2ba9e517e88/element/f.8F60F7CA831AD576036D3680DB46BD22.d.35F571C43325C7E1BC39B4C295831345.e.16924/click - {}
RESULT: {}
COMMAND: POST /session/f8b17aff14ace713329ed2ba9e517e88/element - {"using":"xpath","value":"//input[@id=\"application-manageresources-display-component---newResourceUnit--TYPE-inner\"]"}
COMMAND: GET /session/f8b17aff14ace713329ed2ba9e517e88/screenshot - {}
RESULT: {"using":"xpath","value":"//input[@id=\"application-manageresources-display-component---newResourceUnit--TYPE-inner\"]"}
COMMAND: POST /session/f8b17aff14ace713329ed2ba9e517e88/element/f.8F60F7CA831AD576036D3680DB46BD22.d.35F571C43325C7E1BC39B4C295831345.e.16916/clear - {}
RESULT: {}
RESULT: {}
COMMAND: POST /session/f8b17aff14ace713329ed2ba9e517e88/element/f.8F60F7CA831AD576036D3680DB46BD22.d.35F571C43325C7E1BC39B4C295831345.e.16916/value - {"text":"Equipment"}
COMMAND: GET /session/f8b17aff14ace713329ed2ba9e517e88/screenshot - {}
RESULT: {"text":"Equipment"}
COMMAND: GET /session/f8b17aff14ace713329ed2ba9e517e88/screenshot - {}
RESULT: {}
RESULT: {}
COMMAND: POST /session/f8b17aff14ace713329ed2ba9e517e88/actions - {"actions":[{"id":"action60","type":"key","parameters":{},"actions":[{"type":"keyDown","value":"î€‡"},{"type":"pause","duration":10},{"type":"keyUp","value":"î€‡"}]}]}
RESULT: {"actions":[{"id":"action60","type":"key","parameters":{},"actions":[{"type":"keyDown","value":"î€‡"},{"type":"pause","duration":10},{"type":"keyUp","value":"î€‡"}]}]}
COMMAND: POST /session/f8b17aff14ace713329ed2ba9e517e88/execute/async - {"script":"<script> [1562 bytes]","args":[{"selector":{"id":"application-manageresources-display-component---newResourceUnit--resourceId","interaction":{"idSuffix":"inner"}},"wdio_ui5_key":"applicationmanageresources-display-component---newResourceUnit--resourceId"}]}
COMMAND: GET /session/f8b17aff14ace713329ed2ba9e517e88/screenshot - {}
RESULT: {"script":"<script> [1562 bytes]","args":[{"selector":{"id":"application-manageresources-display-component---newResourceUnit--resourceId","interaction":{"idSuffix":"inner"}},"wdio_ui5_key":"applicationmanageresources-display-component---newResourceUnit--resourceId"}]}
RESULT: undefined
COMMAND: POST /session/f8b17aff14ace713329ed2ba9e517e88/execute/async - {"script":"<script> [776 bytes]","args":[{"enterText":"sx5dkY1t7i","selector":{"id":"application-manageresources-display-component---newResourceUnit--resourceId","interaction":{"idSuffix":"inner"}},"clearTextFirst":true,"interactionType":"ENTER_TEXT"}]}
RESULT: {}
RESULT: {"script":"<script> [776 bytes]","args":[{"enterText":"sx5dkY1t7i","selector":{"id":"application-manageresources-display-component---newResourceUnit--resourceId","interaction":{"idSuffix":"inner"}},"clearTextFirst":true,"interactionType":"ENTER_TEXT"}]}
COMMAND: POST /session/f8b17aff14ace713329ed2ba9e517e88/execute/async - {"script":"<script> [1562 bytes]","args":[{"selector":{"id":"application-manageresources-display-component---newResourceUnit--SHORT_TEXT","interaction":{"idSuffix":"inner"}},"wdio_ui5_key":"applicationmanageresources-display-component---newResourceUnit--SHORT_TEXT"}]}
RESULT: {"script":"<script> [1562 bytes]","args":[{"selector":{"id":"application-manageresources-display-component---newResourceUnit--SHORT_TEXT","interaction":{"idSuffix":"inner"}},"wdio_ui5_key":"applicationmanageresources-display-component---newResourceUnit--SHORT_TEXT"}]}
RESULT: undefined
COMMAND: POST /session/f8b17aff14ace713329ed2ba9e517e88/execute/async - {"script":"<script> [776 bytes]","args":[{"enterText":"Intercompany Equipment WDIO","selector":{"id":"application-manageresources-display-component---newResourceUnit--SHORT_TEXT","interaction":{"idSuffix":"inner"}},"clearTextFirst":true,"interactionType":"ENTER_TEXT"}]}
RESULT: {"script":"<script> [776 bytes]","args":[{"enterText":"Intercompany Equipment WDIO","selector":{"id":"application-manageresources-display-component---newResourceUnit--SHORT_TEXT","interaction":{"idSuffix":"inner"}},"clearTextFirst":true,"interactionType":"ENTER_TEXT"}]}
COMMAND: POST /session/f8b17aff14ace713329ed2ba9e517e88/execute/async - {"script":"<script> [1562 bytes]","args":[{"selector":{"id":"application-manageresources-display-component---newResourceUnit--BASE_UNIT_OF_MEASURE","interaction":{"idSuffix":"inner"}},"wdio_ui5_key":"applicationmanageresources-display-component---newResourceUnit--BASE_UNIT_OF_MEASURE"}]}
RESULT: {"script":"<script> [1562 bytes]","args":[{"selector":{"id":"application-manageresources-display-component---newResourceUnit--BASE_UNIT_OF_MEASURE","interaction":{"idSuffix":"inner"}},"wdio_ui5_key":"applicationmanageresources-display-component---newResourceUnit--BASE_UNIT_OF_MEASURE"}]}
RESULT: undefined
COMMAND: POST /session/f8b17aff14ace713329ed2ba9e517e88/execute/async - {"script":"<script> [776 bytes]","args":[{"enterText":"Piece","selector":{"id":"application-manageresources-display-component---newResourceUnit--BASE_UNIT_OF_MEASURE","interaction":{"idSuffix":"inner"}},"clearTextFirst":true,"interactionType":"ENTER_TEXT"}]}
RESULT: {"script":"<script> [776 bytes]","args":[{"enterText":"Piece","selector":{"id":"application-manageresources-display-component---newResourceUnit--BASE_UNIT_OF_MEASURE","interaction":{"idSuffix":"inner"}},"clearTextFirst":true,"interactionType":"ENTER_TEXT"}]}
COMMAND: POST /session/f8b17aff14ace713329ed2ba9e517e88/execute/async - {"script":"<script> [1562 bytes]","args":[{"selector":{"id":"application-manageresources-display-component---newResourceUnit--WEIGHT_UNIT","interaction":{"idSuffix":"inner"}},"wdio_ui5_key":"applicationmanageresources-display-component---newResourceUnit--WEIGHT_UNIT"}]}
RESULT: {"script":"<script> [1562 bytes]","args":[{"selector":{"id":"application-manageresources-display-component---newResourceUnit--WEIGHT_UNIT","interaction":{"idSuffix":"inner"}},"wdio_ui5_key":"applicationmanageresources-display-component---newResourceUnit--WEIGHT_UNIT"}]}
RESULT: undefined
COMMAND: POST /session/f8b17aff14ace713329ed2ba9e517e88/execute/async - {"script":"<script> [776 bytes]","args":[{"enterText":"Gram","selector":{"id":"application-manageresources-display-component---newResourceUnit--WEIGHT_UNIT","interaction":{"idSuffix":"inner"}},"clearTextFirst":true,"interactionType":"ENTER_TEXT"}]}
RESULT: {"script":"<script> [776 bytes]","args":[{"enterText":"Gram","selector":{"id":"application-manageresources-display-component---newResourceUnit--WEIGHT_UNIT","interaction":{"idSuffix":"inner"}},"clearTextFirst":true,"interactionType":"ENTER_TEXT"}]}
COMMAND: POST /session/f8b17aff14ace713329ed2ba9e517e88/execute/async - {"script":"<script> [1562 bytes]","args":[{"selector":{"id":"application-manageresources-display-component---newResourceUnit--DIMENSION_UNIT","interaction":{"idSuffix":"inner"}},"wdio_ui5_key":"applicationmanageresources-display-component---newResourceUnit--DIMENSION_UNIT"}]}
RESULT: {"script":"<script> [1562 bytes]","args":[{"selector":{"id":"application-manageresources-display-component---newResourceUnit--DIMENSION_UNIT","interaction":{"idSuffix":"inner"}},"wdio_ui5_key":"applicationmanageresources-display-component---newResourceUnit--DIMENSION_UNIT"}]}
RESULT: undefined
COMMAND: POST /session/f8b17aff14ace713329ed2ba9e517e88/execute/async - {"script":"<script> [776 bytes]","args":[{"enterText":"Meter","selector":{"id":"application-manageresources-display-component---newResourceUnit--DIMENSION_UNIT","interaction":{"idSuffix":"inner"}},"clearTextFirst":true,"interactionType":"ENTER_TEXT"}]}
RESULT: {"script":"<script> [776 bytes]","args":[{"enterText":"Meter","selector":{"id":"application-manageresources-display-component---newResourceUnit--DIMENSION_UNIT","interaction":{"idSuffix":"inner"}},"clearTextFirst":true,"interactionType":"ENTER_TEXT"}]}
COMMAND: POST /session/f8b17aff14ace713329ed2ba9e517e88/execute/async - {"script":"<script> [1562 bytes]","args":[{"selector":{"id":"application-manageresources-display-component---newResourceUnit--newRRUPage-anchBar-application-manageresources-display-component---newResourceUnit--control-anchor","interaction":{"idSuffix":"BDI-content"}},"wdio_ui5_key":"applicationmanageresources-display-component---newResourceUnit--newRRUPage-anchBar-application-manageresources-display-component---newResourceUnit--control-anchor"}]}
RESULT: {"script":"<script> [1562 bytes]","args":[{"selector":{"id":"application-manageresources-display-component---newResourceUnit--newRRUPage-anchBar-application-manageresources-display-component---newResourceUnit--control-anchor","interaction":{"idSuffix":"BDI-content"}},"wdio_ui5_key":"applicationmanageresources-display-component---newResourceUnit--newRRUPage-anchBar-application-manageresources-display-component---newResourceUnit--control-anchor"}]}
RESULT: undefined
COMMAND: POST /session/f8b17aff14ace713329ed2ba9e517e88/element - {"using":"xpath","value":"//*[@id=\"application-manageresources-display-component---newResourceUnit--newRRUPage-anchBar-application-manageresources-display-component---newResourceUnit--control-anchor\"]"}
RESULT: {"using":"xpath","value":"//*[@id=\"application-manageresources-display-component---newResourceUnit--newRRUPage-anchBar-application-manageresources-display-component---newResourceUnit--control-anchor\"]"}
COMMAND: POST /session/f8b17aff14ace713329ed2ba9e517e88/element/f.8F60F7CA831AD576036D3680DB46BD22.d.35F571C43325C7E1BC39B4C295831345.e.17059/click - {}
RESULT: {}
COMMAND: POST /session/f8b17aff14ace713329ed2ba9e517e88/execute/async - {"script":"<script> [1562 bytes]","args":[{"selector":{"id":"application-manageresources-display-component---newResourceUnit--PLANNING_GROUP","interaction":{"idSuffix":"inner"}},"wdio_ui5_key":"applicationmanageresources-display-component---newResourceUnit--PLANNING_GROUP"}]}
COMMAND: GET /session/f8b17aff14ace713329ed2ba9e517e88/screenshot - {}
RESULT: {"script":"<script> [1562 bytes]","args":[{"selector":{"id":"application-manageresources-display-component---newResourceUnit--PLANNING_GROUP","interaction":{"idSuffix":"inner"}},"wdio_ui5_key":"applicationmanageresources-display-component---newResourceUnit--PLANNING_GROUP"}]}
RESULT: undefined
COMMAND: POST /session/f8b17aff14ace713329ed2ba9e517e88/execute/async - {"script":"<script> [776 bytes]","args":[{"enterText":"Heavy Equi","selector":{"id":"application-manageresources-display-component---newResourceUnit--PLANNING_GROUP","interaction":{"idSuffix":"inner"}},"clearTextFirst":true,"interactionType":"ENTER_TEXT"}]}
RESULT: {}
RESULT: {"script":"<script> [776 bytes]","args":[{"enterText":"Heavy Equi","selector":{"id":"application-manageresources-display-component---newResourceUnit--PLANNING_GROUP","interaction":{"idSuffix":"inner"}},"clearTextFirst":true,"interactionType":"ENTER_TEXT"}]}
COMMAND: POST /session/f8b17aff14ace713329ed2ba9e517e88/execute/async - {"script":"<script> [1562 bytes]","args":[{"selector":{"id":"application-manageresources-display-component---newResourceUnit--ITEM_TYPE-arrow"},"wdio_ui5_key":"applicationmanageresources-display-component---newResourceUnit--ITEM_TYPE-arrow"}]}
RESULT: {"script":"<script> [1562 bytes]","args":[{"selector":{"id":"application-manageresources-display-component---newResourceUnit--ITEM_TYPE-arrow"},"wdio_ui5_key":"applicationmanageresources-display-component---newResourceUnit--ITEM_TYPE-arrow"}]}
RESULT: undefined
COMMAND: POST /session/f8b17aff14ace713329ed2ba9e517e88/element - {"using":"xpath","value":"//*[@id=\"application-manageresources-display-component---newResourceUnit--ITEM_TYPE-arrow\"]"}
RESULT: {"using":"xpath","value":"//*[@id=\"application-manageresources-display-component---newResourceUnit--ITEM_TYPE-arrow\"]"}
COMMAND: POST /session/f8b17aff14ace713329ed2ba9e517e88/element/f.8F60F7CA831AD576036D3680DB46BD22.d.35F571C43325C7E1BC39B4C295831345.e.17066/click - {}
RESULT: {}
COMMAND: POST /session/f8b17aff14ace713329ed2ba9e517e88/element - {"using":"xpath","value":"(//span[contains(text(), \"Resource Unit\")])[2]"}
COMMAND: GET /session/f8b17aff14ace713329ed2ba9e517e88/screenshot - {}
RESULT: {"using":"xpath","value":"(//span[contains(text(), \"Resource Unit\")])[2]"}
COMMAND: POST /session/f8b17aff14ace713329ed2ba9e517e88/element/f.8F60F7CA831AD576036D3680DB46BD22.d.35F571C43325C7E1BC39B4C295831345.e.17067/click - {}
RESULT: {}
RESULT: {}
COMMAND: GET /session/f8b17aff14ace713329ed2ba9e517e88/screenshot - {}
RESULT: {}
COMMAND: POST /session/f8b17aff14ace713329ed2ba9e517e88/element - {"using":"css selector","value":"#application-manageresources-display-component---newResourceUnit--btnAddTimeSegment"}
RESULT: {"using":"css selector","value":"#application-manageresources-display-component---newResourceUnit--btnAddTimeSegment"}
COMMAND: GET /session/f8b17aff14ace713329ed2ba9e517e88/element/f.8F60F7CA831AD576036D3680DB46BD22.d.35F571C43325C7E1BC39B4C295831345.e.17068/rect - {}
RESULT: {}
COMMAND: GET /session/f8b17aff14ace713329ed2ba9e517e88/window/rect - {}
RESULT: {}
COMMAND: POST /session/f8b17aff14ace713329ed2ba9e517e88/execute/sync - {"script":"<script> [92 bytes]","args":[]}
RESULT: {"script":"<script> [92 bytes]","args":[]}
COMMAND: POST /session/f8b17aff14ace713329ed2ba9e517e88/actions - {"actions":[{"id":"action61","type":"wheel","parameters":{},"actions":[{"type":"scroll","x":-1888,"y":-32,"deltaX":0,"deltaY":0,"duration":0,"origin":{"element-6066-11e4-a52e-4f735466cecf":"f.8F60F7CA831AD576036D3680DB46BD22.d.35F571C43325C7E1BC39B4C295831345.e.17068"}}]}]}
COMMAND: GET /session/f8b17aff14ace713329ed2ba9e517e88/screenshot - {}
RESULT: {}
COMMAND: POST /session/f8b17aff14ace713329ed2ba9e517e88/execute/sync - {"script":"<script> [79 bytes]","args":[{"element-6066-11e4-a52e-4f735466cecf":"f.8F60F7CA831AD576036D3680DB46BD22.d.35F571C43325C7E1BC39B4C295831345.e.17068","ELEMENT":"f.8F60F7CA831AD576036D3680DB46BD22.d.35F571C43325C7E1BC39B4C295831345.e.17068"},{"block":"start","inline":"nearest"}]}
RESULT: {"script":"<script> [79 bytes]","args":[{"element-6066-11e4-a52e-4f735466cecf":"f.8F60F7CA831AD576036D3680DB46BD22.d.35F571C43325C7E1BC39B4C295831345.e.17068","ELEMENT":"f.8F60F7CA831AD576036D3680DB46BD22.d.35F571C43325C7E1BC39B4C295831345.e.17068"},{"block":"start","inline":"nearest"}]}
COMMAND: POST /session/f8b17aff14ace713329ed2ba9e517e88/execute/async - {"script":"<script> [1562 bytes]","args":[{"selector":{"id":"application-manageresources-display-component---newResourceUnit--btnAddTimeSegment","interaction":{"idSuffix":"inner"}},"wdio_ui5_key":"applicationmanageresources-display-component---newResourceUnit--btnAddTimeSegment"}]}
COMMAND: GET /session/f8b17aff14ace713329ed2ba9e517e88/screenshot - {}
RESULT: {"script":"<script> [1562 bytes]","args":[{"selector":{"id":"application-manageresources-display-component---newResourceUnit--btnAddTimeSegment","interaction":{"idSuffix":"inner"}},"wdio_ui5_key":"applicationmanageresources-display-component---newResourceUnit--btnAddTimeSegment"}]}
RESULT: undefined
COMMAND: POST /session/f8b17aff14ace713329ed2ba9e517e88/element - {"using":"xpath","value":"//*[@id=\"application-manageresources-display-component---newResourceUnit--btnAddTimeSegment\"]"}
RESULT: {}
RESULT: {"using":"xpath","value":"//*[@id=\"application-manageresources-display-component---newResourceUnit--btnAddTimeSegment\"]"}
COMMAND: POST /session/f8b17aff14ace713329ed2ba9e517e88/element/f.8F60F7CA831AD576036D3680DB46BD22.d.35F571C43325C7E1BC39B4C295831345.e.17068/click - {}
RESULT: {}
COMMAND: GET /session/f8b17aff14ace713329ed2ba9e517e88/screenshot - {}
RESULT: {}
COMMAND: POST /session/f8b17aff14ace713329ed2ba9e517e88/element - {"using":"xpath","value":"//input[@id=\"application-manageresources-display-component---newResourceUnit--idRuTSAdmin-application-manageresources-display-component---newResourceUnit--RUTimeSegment-0-inner\"]"}
RESULT: {"using":"xpath","value":"//input[@id=\"application-manageresources-display-component---newResourceUnit--idRuTSAdmin-application-manageresources-display-component---newResourceUnit--RUTimeSegment-0-inner\"]"}
COMMAND: POST /session/f8b17aff14ace713329ed2ba9e517e88/element/f.8F60F7CA831AD576036D3680DB46BD22.d.35F571C43325C7E1BC39B4C295831345.e.17074/clear - {}
RESULT: {}
COMMAND: POST /session/f8b17aff14ace713329ed2ba9e517e88/element/f.8F60F7CA831AD576036D3680DB46BD22.d.35F571C43325C7E1BC39B4C295831345.e.17074/value - {"text":"349"}
COMMAND: GET /session/f8b17aff14ace713329ed2ba9e517e88/screenshot - {}
RESULT: {"text":"349"}
COMMAND: GET /session/f8b17aff14ace713329ed2ba9e517e88/screenshot - {}
RESULT: {}
RESULT: {}
COMMAND: POST /session/f8b17aff14ace713329ed2ba9e517e88/element - {"using":"xpath","value":"//li[.//span[text()='349']]"}
RESULT: {"using":"xpath","value":"//li[.//span[text()='349']]"}
COMMAND: POST /session/f8b17aff14ace713329ed2ba9e517e88/element/f.8F60F7CA831AD576036D3680DB46BD22.d.35F571C43325C7E1BC39B4C295831345.e.17086/click - {}
RESULT: {}
COMMAND: GET /session/f8b17aff14ace713329ed2ba9e517e88/screenshot - {}
RESULT: {}
COMMAND: POST /session/f8b17aff14ace713329ed2ba9e517e88/element - {"using":"xpath","value":"(//span[contains(@id, \"-application-manageresources-display-component---newResourceUnit--RUTimeSegment-0-arrow\")])[6]"}
RESULT: {"using":"xpath","value":"(//span[contains(@id, \"-application-manageresources-display-component---newResourceUnit--RUTimeSegment-0-arrow\")])[6]"}
COMMAND: POST /session/f8b17aff14ace713329ed2ba9e517e88/element/f.8F60F7CA831AD576036D3680DB46BD22.d.35F571C43325C7E1BC39B4C295831345.e.17087/click - {}
RESULT: {}
COMMAND: POST /session/f8b17aff14ace713329ed2ba9e517e88/element - {"using":"xpath","value":"//span[contains(text(), \"PM Order\")]"}
COMMAND: GET /session/f8b17aff14ace713329ed2ba9e517e88/screenshot - {}
RESULT: {"using":"xpath","value":"//span[contains(text(), \"PM Order\")]"}
COMMAND: POST /session/f8b17aff14ace713329ed2ba9e517e88/element/f.8F60F7CA831AD576036D3680DB46BD22.d.35F571C43325C7E1BC39B4C295831345.e.17090/click - {}
RESULT: {}
RESULT: {}
COMMAND: GET /session/f8b17aff14ace713329ed2ba9e517e88/screenshot - {}
RESULT: {}
COMMAND: POST /session/f8b17aff14ace713329ed2ba9e517e88/element - {"using":"xpath","value":"(//span[contains(@id ,\"manageresources-display-component---newResourceUnit--RUTimeSegment-0-vhi\")])[1]"}
RESULT: {"using":"xpath","value":"(//span[contains(@id ,\"manageresources-display-component---newResourceUnit--RUTimeSegment-0-vhi\")])[1]"}
COMMAND: GET /session/f8b17aff14ace713329ed2ba9e517e88/element/f.8F60F7CA831AD576036D3680DB46BD22.d.35F571C43325C7E1BC39B4C295831345.e.17094/rect - {}
RESULT: {}
COMMAND: GET /session/f8b17aff14ace713329ed2ba9e517e88/window/rect - {}
RESULT: {}
COMMAND: POST /session/f8b17aff14ace713329ed2ba9e517e88/execute/sync - {"script":"<script> [92 bytes]","args":[]}
RESULT: {"script":"<script> [92 bytes]","args":[]}
COMMAND: POST /session/f8b17aff14ace713329ed2ba9e517e88/actions - {"actions":[{"id":"action62","type":"wheel","parameters":{},"actions":[{"type":"scroll","x":-869,"y":-24,"deltaX":0,"deltaY":0,"duration":0,"origin":{"element-6066-11e4-a52e-4f735466cecf":"f.8F60F7CA831AD576036D3680DB46BD22.d.35F571C43325C7E1BC39B4C295831345.e.17094"}}]}]}
COMMAND: GET /session/f8b17aff14ace713329ed2ba9e517e88/screenshot - {}
RESULT: {"actions":[{"id":"action62","type":"wheel","parameters":{},"actions":[{"type":"scroll","x":-869,"y":-24,"deltaX":0,"deltaY":0,"duration":0,"origin":{"element-6066-11e4-a52e-4f735466cecf":"f.8F60F7CA831AD576036D3680DB46BD22.d.35F571C43325C7E1BC39B4C295831345.e.17094"}}]}]}
COMMAND: DELETE /session/f8b17aff14ace713329ed2ba9e517e88/actions - {}
COMMAND: GET /session/f8b17aff14ace713329ed2ba9e517e88/screenshot - {}
RESULT: {}
RESULT: {}
COMMAND: GET /session/f8b17aff14ace713329ed2ba9e517e88/screenshot - {}
RESULT: {}
RESULT: {}
COMMAND: POST /session/f8b17aff14ace713329ed2ba9e517e88/element/f.8F60F7CA831AD576036D3680DB46BD22.d.35F571C43325C7E1BC39B4C295831345.e.17094/click - {}
RESULT: {}
COMMAND: GET /session/f8b17aff14ace713329ed2ba9e517e88/screenshot - {}
RESULT: {}
COMMAND: POST /session/f8b17aff14ace713329ed2ba9e517e88/execute/async - {"script":"<script> [1562 bytes]","args":[{"selector":{"controlType":"sap.m.SearchField","properties":{"placeholder":"Search"},"searchOpenDialogs":true,"interaction":{"idSuffix":"I"}},"wdio_ui5_key":"sapm.SearchField{\"placeholder\":\"Search\"}"}]}
RESULT: {"script":"<script> [1562 bytes]","args":[{"selector":{"controlType":"sap.m.SearchField","properties":{"placeholder":"Search"},"searchOpenDialogs":true,"interaction":{"idSuffix":"I"}},"wdio_ui5_key":"sapm.SearchField{\"placeholder\":\"Search\"}"}]}
RESULT: undefined
COMMAND: POST /session/f8b17aff14ace713329ed2ba9e517e88/execute/async - {"script":"<script> [776 bytes]","args":[{"enterText":"4000360","selector":{"controlType":"sap.m.SearchField","properties":{"placeholder":"Search"},"searchOpenDialogs":true,"interaction":{"idSuffix":"I"}},"clearTextFirst":true,"interactionType":"ENTER_TEXT"}]}
RESULT: {"script":"<script> [776 bytes]","args":[{"enterText":"4000360","selector":{"controlType":"sap.m.SearchField","properties":{"placeholder":"Search"},"searchOpenDialogs":true,"interaction":{"idSuffix":"I"}},"clearTextFirst":true,"interactionType":"ENTER_TEXT"}]}
COMMAND: POST /session/f8b17aff14ace713329ed2ba9e517e88/actions - {"actions":[{"id":"action63","type":"key","parameters":{},"actions":[{"type":"keyDown","value":"î€‡"},{"type":"pause","duration":10},{"type":"keyUp","value":"î€‡"}]}]}
RESULT: {"actions":[{"id":"action63","type":"key","parameters":{},"actions":[{"type":"keyDown","value":"î€‡"},{"type":"pause","duration":10},{"type":"keyUp","value":"î€‡"}]}]}
COMMAND: GET /session/f8b17aff14ace713329ed2ba9e517e88/screenshot - {}
RESULT: {}
COMMAND: POST /session/f8b17aff14ace713329ed2ba9e517e88/element - {"using":"xpath","value":"//td/div/span[contains(text(), \"BGL Vehicles\")]"}
RESULT: {"using":"xpath","value":"//td/div/span[contains(text(), \"BGL Vehicles\")]"}
COMMAND: POST /session/f8b17aff14ace713329ed2ba9e517e88/element/f.8F60F7CA831AD576036D3680DB46BD22.d.35F571C43325C7E1BC39B4C295831345.e.17117/click - {}
RESULT: {}
COMMAND: GET /session/f8b17aff14ace713329ed2ba9e517e88/screenshot - {}
RESULT: {}
COMMAND: POST /session/f8b17aff14ace713329ed2ba9e517e88/element - {"using":"xpath","value":"//bdi[contains(text(), \"OK\")]"}
RESULT: {"using":"xpath","value":"//bdi[contains(text(), \"OK\")]"}
COMMAND: POST /session/f8b17aff14ace713329ed2ba9e517e88/element/f.8F60F7CA831AD576036D3680DB46BD22.d.35F571C43325C7E1BC39B4C295831345.e.17118/click - {}
RESULT: {}
COMMAND: GET /session/f8b17aff14ace713329ed2ba9e517e88/screenshot - {}
RESULT: {}
COMMAND: POST /session/f8b17aff14ace713329ed2ba9e517e88/execute/async - {"script":"<script> [1562 bytes]","args":[{"selector":{"id":"application-manageresources-display-component---newResourceUnit--newRRUPage-anchBar-application-manageresources-display-component---newResourceUnit--resource-anchor","interaction":{"idSuffix":"BDI-content"}},"wdio_ui5_key":"applicationmanageresources-display-component---newResourceUnit--newRRUPage-anchBar-application-manageresources-display-component---newResourceUnit--resource-anchor"}]}
RESULT: {"script":"<script> [1562 bytes]","args":[{"selector":{"id":"application-manageresources-display-component---newResourceUnit--newRRUPage-anchBar-application-manageresources-display-component---newResourceUnit--resource-anchor","interaction":{"idSuffix":"BDI-content"}},"wdio_ui5_key":"applicationmanageresources-display-component---newResourceUnit--newRRUPage-anchBar-application-manageresources-display-component---newResourceUnit--resource-anchor"}]}
RESULT: undefined
COMMAND: POST /session/f8b17aff14ace713329ed2ba9e517e88/element - {"using":"xpath","value":"//*[@id=\"application-manageresources-display-component---newResourceUnit--newRRUPage-anchBar-application-manageresources-display-component---newResourceUnit--resource-anchor\"]"}
RESULT: {"using":"xpath","value":"//*[@id=\"application-manageresources-display-component---newResourceUnit--newRRUPage-anchBar-application-manageresources-display-component---newResourceUnit--resource-anchor\"]"}
COMMAND: POST /session/f8b17aff14ace713329ed2ba9e517e88/element/f.8F60F7CA831AD576036D3680DB46BD22.d.35F571C43325C7E1BC39B4C295831345.e.17122/click - {}
RESULT: {}
COMMAND: POST /session/f8b17aff14ace713329ed2ba9e517e88/execute/async - {"script":"<script> [1562 bytes]","args":[{"selector":{"id":"application-manageresources-display-component---newResourceUnit--PLANNED_DELIVERY_DATE","interaction":{"idSuffix":"inner"}},"wdio_ui5_key":"applicationmanageresources-display-component---newResourceUnit--PLANNED_DELIVERY_DATE"}]}
COMMAND: GET /session/f8b17aff14ace713329ed2ba9e517e88/screenshot - {}
RESULT: {"script":"<script> [1562 bytes]","args":[{"selector":{"id":"application-manageresources-display-component---newResourceUnit--PLANNED_DELIVERY_DATE","interaction":{"idSuffix":"inner"}},"wdio_ui5_key":"applicationmanageresources-display-component---newResourceUnit--PLANNED_DELIVERY_DATE"}]}
RESULT: undefined
COMMAND: POST /session/f8b17aff14ace713329ed2ba9e517e88/execute/async - {"script":"<script> [6424 bytes]","args":[{"element-6066-11e4-a52e-4f735466cecf":"f.8F60F7CA831AD576036D3680DB46BD22.d.35F571C43325C7E1BC39B4C295831345.e.16982"},"setValue",["4/28/25"]]}
RESULT: {}
RESULT: {"script":"<script> [6424 bytes]","args":[{"element-6066-11e4-a52e-4f735466cecf":"f.8F60F7CA831AD576036D3680DB46BD22.d.35F571C43325C7E1BC39B4C295831345.e.16982"},"setValue",["4/28/25"]]}
COMMAND: POST /session/f8b17aff14ace713329ed2ba9e517e88/element - {"using":"xpath","value":"//button[@data-kt=\"resourceUnitSaveButton\"]"}
RESULT: {"using":"xpath","value":"//button[@data-kt=\"resourceUnitSaveButton\"]"}
COMMAND: POST /session/f8b17aff14ace713329ed2ba9e517e88/element/f.8F60F7CA831AD576036D3680DB46BD22.d.35F571C43325C7E1BC39B4C295831345.e.16942/click - {}
RESULT: {}
COMMAND: GET /session/f8b17aff14ace713329ed2ba9e517e88/screenshot - {}
RESULT: {}
COMMAND: POST /session/f8b17aff14ace713329ed2ba9e517e88/element - {"using":"xpath","value":"//bdi[contains(text(), \"Close\")]"}
RESULT: {"using":"xpath","value":"//bdi[contains(text(), \"Close\")]"}
COMMAND: POST /session/f8b17aff14ace713329ed2ba9e517e88/element/f.8F60F7CA831AD576036D3680DB46BD22.d.35F571C43325C7E1BC39B4C295831345.e.17130/click - {}
RESULT: {}
COMMAND: GET /session/f8b17aff14ace713329ed2ba9e517e88/screenshot - {}
RESULT: {}
COMMAND: POST /session/f8b17aff14ace713329ed2ba9e517e88/element - {"using":"xpath","value":"(//button[contains(@id ,\"actionsToolbar-overflowButton\")])[1]"}
RESULT: {"using":"xpath","value":"(//button[contains(@id ,\"actionsToolbar-overflowButton\")])[1]"}
COMMAND: POST /session/f8b17aff14ace713329ed2ba9e517e88/element/f.8F60F7CA831AD576036D3680DB46BD22.d.35F571C43325C7E1BC39B4C295831345.e.17183/click - {}
RESULT: {}
COMMAND: GET /session/f8b17aff14ace713329ed2ba9e517e88/screenshot - {}
RESULT: {}
COMMAND: POST /session/f8b17aff14ace713329ed2ba9e517e88/element - {"using":"xpath","value":"//button[@data-kt=\"priceInfoButton\"]"}
RESULT: {"using":"xpath","value":"//button[@data-kt=\"priceInfoButton\"]"}
COMMAND: POST /session/f8b17aff14ace713329ed2ba9e517e88/element/f.8F60F7CA831AD576036D3680DB46BD22.d.35F571C43325C7E1BC39B4C295831345.e.17185/click - {}
RESULT: {}
COMMAND: GET /session/f8b17aff14ace713329ed2ba9e517e88/screenshot - {}
RESULT: {}
]]></system-out>
    </testcase>
    <testcase classname="chrome.135_0_7049_96.windows.Create_Reverse_Billing_US127248" name="Should create a pricing procedure" time="56.178">
      <system-out><![CDATA[
COMMAND: POST /session/f8b17aff14ace713329ed2ba9e517e88/element - {"using":"xpath","value":"//button[@data-kt=\"addButton\"]"}
RESULT: {"using":"xpath","value":"//button[@data-kt=\"addButton\"]"}
COMMAND: POST /session/f8b17aff14ace713329ed2ba9e517e88/elements - {"using":"xpath","value":"//button[@data-kt=\"addButton\"]"}
RESULT: {"using":"xpath","value":"//button[@data-kt=\"addButton\"]"}
COMMAND: POST /session/f8b17aff14ace713329ed2ba9e517e88/elements - {"using":"xpath","value":"//button[@data-kt=\"addButton\"]"}
RESULT: {"using":"xpath","value":"//button[@data-kt=\"addButton\"]"}
COMMAND: POST /session/f8b17aff14ace713329ed2ba9e517e88/element - {"using":"xpath","value":"//button[@data-kt=\"addButton\"]"}
RESULT: {"using":"xpath","value":"//button[@data-kt=\"addButton\"]"}
COMMAND: POST /session/f8b17aff14ace713329ed2ba9e517e88/execute/sync - {"script":"<script> [8489 bytes]","args":[{"element-6066-11e4-a52e-4f735466cecf":"f.8F60F7CA831AD576036D3680DB46BD22.d.35F571C43325C7E1BC39B4C295831345.e.17222","ELEMENT":"f.8F60F7CA831AD576036D3680DB46BD22.d.35F571C43325C7E1BC39B4C295831345.e.17222"}]}
RESULT: {"script":"<script> [8489 bytes]","args":[{"element-6066-11e4-a52e-4f735466cecf":"f.8F60F7CA831AD576036D3680DB46BD22.d.35F571C43325C7E1BC39B4C295831345.e.17222","ELEMENT":"f.8F60F7CA831AD576036D3680DB46BD22.d.35F571C43325C7E1BC39B4C295831345.e.17222"}]}
COMMAND: GET /session/f8b17aff14ace713329ed2ba9e517e88/element/f.8F60F7CA831AD576036D3680DB46BD22.d.35F571C43325C7E1BC39B4C295831345.e.17222/enabled - {}
COMMAND: GET /session/f8b17aff14ace713329ed2ba9e517e88/screenshot - {}
RESULT: {}
COMMAND: POST /session/f8b17aff14ace713329ed2ba9e517e88/execute/sync - {"script":"<script> [8489 bytes]","args":[{"element-6066-11e4-a52e-4f735466cecf":"f.8F60F7CA831AD576036D3680DB46BD22.d.35F571C43325C7E1BC39B4C295831345.e.17222","ELEMENT":"f.8F60F7CA831AD576036D3680DB46BD22.d.35F571C43325C7E1BC39B4C295831345.e.17222"}]}
COMMAND: GET /session/f8b17aff14ace713329ed2ba9e517e88/screenshot - {}
RESULT: {}
RESULT: {"script":"<script> [8489 bytes]","args":[{"element-6066-11e4-a52e-4f735466cecf":"f.8F60F7CA831AD576036D3680DB46BD22.d.35F571C43325C7E1BC39B4C295831345.e.17222","ELEMENT":"f.8F60F7CA831AD576036D3680DB46BD22.d.35F571C43325C7E1BC39B4C295831345.e.17222"}]}
COMMAND: POST /session/f8b17aff14ace713329ed2ba9e517e88/execute/sync - {"script":"<script> [5351 bytes]","args":[{"element-6066-11e4-a52e-4f735466cecf":"f.8F60F7CA831AD576036D3680DB46BD22.d.35F571C43325C7E1BC39B4C295831345.e.17222","ELEMENT":"f.8F60F7CA831AD576036D3680DB46BD22.d.35F571C43325C7E1BC39B4C295831345.e.17222"}]}
COMMAND: GET /session/f8b17aff14ace713329ed2ba9e517e88/screenshot - {}
RESULT: {}
RESULT: {"script":"<script> [5351 bytes]","args":[{"element-6066-11e4-a52e-4f735466cecf":"f.8F60F7CA831AD576036D3680DB46BD22.d.35F571C43325C7E1BC39B4C295831345.e.17222","ELEMENT":"f.8F60F7CA831AD576036D3680DB46BD22.d.35F571C43325C7E1BC39B4C295831345.e.17222"}]}
COMMAND: POST /session/f8b17aff14ace713329ed2ba9e517e88/element/f.8F60F7CA831AD576036D3680DB46BD22.d.35F571C43325C7E1BC39B4C295831345.e.17222/click - {}
COMMAND: GET /session/f8b17aff14ace713329ed2ba9e517e88/screenshot - {}
RESULT: {}
RESULT: {}
COMMAND: GET /session/f8b17aff14ace713329ed2ba9e517e88/screenshot - {}
RESULT: {}
RESULT: {}
COMMAND: POST /session/f8b17aff14ace713329ed2ba9e517e88/execute/async - {"script":"<script> [1562 bytes]","args":[{"selector":{"controlType":"sap.m.Title","viewName":"etm.portal.ui.managepricingrules.view.NewItem","viewId":"application-managepricingrules-display-component---newInfoPriceItem","properties":{"text":"New Pricing Rules - Item Level"}},"wdio_ui5_key":"etmportal.ui.managepricingrules.view.NewItemsap.m.Title{\"text\":\"New Pricing Rules - Item Level\"}"}]}
RESULT: {"script":"<script> [1562 bytes]","args":[{"selector":{"controlType":"sap.m.Title","viewName":"etm.portal.ui.managepricingrules.view.NewItem","viewId":"application-managepricingrules-display-component---newInfoPriceItem","properties":{"text":"New Pricing Rules - Item Level"}},"wdio_ui5_key":"etmportal.ui.managepricingrules.view.NewItemsap.m.Title{\"text\":\"New Pricing Rules - Item Level\"}"}]}
RESULT: undefined
COMMAND: POST /session/f8b17aff14ace713329ed2ba9e517e88/execute/async - {"script":"<script> [6424 bytes]","args":[{"element-6066-11e4-a52e-4f735466cecf":"f.8F60F7CA831AD576036D3680DB46BD22.d.35F571C43325C7E1BC39B4C295831345.e.17381"},"getText",[]]}
RESULT: {"script":"<script> [6424 bytes]","args":[{"element-6066-11e4-a52e-4f735466cecf":"f.8F60F7CA831AD576036D3680DB46BD22.d.35F571C43325C7E1BC39B4C295831345.e.17381"},"getText",[]]}
COMMAND: POST /session/f8b17aff14ace713329ed2ba9e517e88/execute/async - {"script":"<script> [1562 bytes]","args":[{"selector":{"id":"application-managepricingrules-display-component---newInfoPriceItem--condValidTo","interaction":{"idSuffix":"inner"}},"wdio_ui5_key":"applicationmanagepricingrules-display-component---newInfoPriceItem--condValidTo"}]}
RESULT: {"script":"<script> [1562 bytes]","args":[{"selector":{"id":"application-managepricingrules-display-component---newInfoPriceItem--condValidTo","interaction":{"idSuffix":"inner"}},"wdio_ui5_key":"applicationmanagepricingrules-display-component---newInfoPriceItem--condValidTo"}]}
RESULT: undefined
COMMAND: POST /session/f8b17aff14ace713329ed2ba9e517e88/execute/async - {"script":"<script> [776 bytes]","args":[{"enterText":"12/28/25","selector":{"id":"application-managepricingrules-display-component---newInfoPriceItem--condValidTo","interaction":{"idSuffix":"inner"}},"clearTextFirst":true,"interactionType":"ENTER_TEXT"}]}
RESULT: {"script":"<script> [776 bytes]","args":[{"enterText":"12/28/25","selector":{"id":"application-managepricingrules-display-component---newInfoPriceItem--condValidTo","interaction":{"idSuffix":"inner"}},"clearTextFirst":true,"interactionType":"ENTER_TEXT"}]}
COMMAND: POST /session/f8b17aff14ace713329ed2ba9e517e88/execute/async - {"script":"<script> [1562 bytes]","args":[{"selector":{"id":"application-managepricingrules-display-component---newInfoPriceItem--billType-arrow"},"wdio_ui5_key":"applicationmanagepricingrules-display-component---newInfoPriceItem--billType-arrow"}]}
RESULT: {"script":"<script> [1562 bytes]","args":[{"selector":{"id":"application-managepricingrules-display-component---newInfoPriceItem--billType-arrow"},"wdio_ui5_key":"applicationmanagepricingrules-display-component---newInfoPriceItem--billType-arrow"}]}
RESULT: undefined
COMMAND: POST /session/f8b17aff14ace713329ed2ba9e517e88/element - {"using":"xpath","value":"//*[@id=\"application-managepricingrules-display-component---newInfoPriceItem--billType-arrow\"]"}
RESULT: {"using":"xpath","value":"//*[@id=\"application-managepricingrules-display-component---newInfoPriceItem--billType-arrow\"]"}
COMMAND: POST /session/f8b17aff14ace713329ed2ba9e517e88/element/f.8F60F7CA831AD576036D3680DB46BD22.d.35F571C43325C7E1BC39B4C295831345.e.17383/click - {}
RESULT: {}
COMMAND: POST /session/f8b17aff14ace713329ed2ba9e517e88/element - {"using":"xpath","value":"//span[contains(text(), \"TB - Time based\")]"}
COMMAND: GET /session/f8b17aff14ace713329ed2ba9e517e88/screenshot - {}
RESULT: {"using":"xpath","value":"//span[contains(text(), \"TB - Time based\")]"}
COMMAND: POST /session/f8b17aff14ace713329ed2ba9e517e88/element/f.8F60F7CA831AD576036D3680DB46BD22.d.35F571C43325C7E1BC39B4C295831345.e.17384/click - {}
RESULT: {}
RESULT: {}
COMMAND: POST /session/f8b17aff14ace713329ed2ba9e517e88/execute/async - {"script":"<script> [1562 bytes]","args":[{"selector":{"id":"application-managepricingrules-display-component---newInfoPriceItem--priceProc-arrow"},"wdio_ui5_key":"applicationmanagepricingrules-display-component---newInfoPriceItem--priceProc-arrow"}]}
COMMAND: GET /session/f8b17aff14ace713329ed2ba9e517e88/screenshot - {}
RESULT: {"script":"<script> [1562 bytes]","args":[{"selector":{"id":"application-managepricingrules-display-component---newInfoPriceItem--priceProc-arrow"},"wdio_ui5_key":"applicationmanagepricingrules-display-component---newInfoPriceItem--priceProc-arrow"}]}
RESULT: undefined
COMMAND: POST /session/f8b17aff14ace713329ed2ba9e517e88/element - {"using":"xpath","value":"//*[@id=\"application-managepricingrules-display-component---newInfoPriceItem--priceProc-arrow\"]"}
RESULT: {}
RESULT: {"using":"xpath","value":"//*[@id=\"application-managepricingrules-display-component---newInfoPriceItem--priceProc-arrow\"]"}
COMMAND: POST /session/f8b17aff14ace713329ed2ba9e517e88/element/f.8F60F7CA831AD576036D3680DB46BD22.d.35F571C43325C7E1BC39B4C295831345.e.17349/click - {}
RESULT: {}
COMMAND: POST /session/f8b17aff14ace713329ed2ba9e517e88/element - {"using":"xpath","value":"//span[contains(text(), \"TBS - Time based standard\")]"}
COMMAND: GET /session/f8b17aff14ace713329ed2ba9e517e88/screenshot - {}
RESULT: {"using":"xpath","value":"//span[contains(text(), \"TBS - Time based standard\")]"}
COMMAND: POST /session/f8b17aff14ace713329ed2ba9e517e88/element/f.8F60F7CA831AD576036D3680DB46BD22.d.35F571C43325C7E1BC39B4C295831345.e.17385/click - {}
RESULT: {}
RESULT: {}
COMMAND: POST /session/f8b17aff14ace713329ed2ba9e517e88/execute/async - {"script":"<script> [1562 bytes]","args":[{"selector":{"id":"application-managepricingrules-display-component---newInfoPriceItem--calcBase-arrow"},"wdio_ui5_key":"applicationmanagepricingrules-display-component---newInfoPriceItem--calcBase-arrow"}]}
COMMAND: GET /session/f8b17aff14ace713329ed2ba9e517e88/screenshot - {}
RESULT: {"script":"<script> [1562 bytes]","args":[{"selector":{"id":"application-managepricingrules-display-component---newInfoPriceItem--calcBase-arrow"},"wdio_ui5_key":"applicationmanagepricingrules-display-component---newInfoPriceItem--calcBase-arrow"}]}
RESULT: undefined
COMMAND: POST /session/f8b17aff14ace713329ed2ba9e517e88/element - {"using":"xpath","value":"//*[@id=\"application-managepricingrules-display-component---newInfoPriceItem--calcBase-arrow\"]"}
RESULT: {}
RESULT: {"using":"xpath","value":"//*[@id=\"application-managepricingrules-display-component---newInfoPriceItem--calcBase-arrow\"]"}
COMMAND: POST /session/f8b17aff14ace713329ed2ba9e517e88/element/f.8F60F7CA831AD576036D3680DB46BD22.d.35F571C43325C7E1BC39B4C295831345.e.17356/click - {}
RESULT: {}
COMMAND: GET /session/f8b17aff14ace713329ed2ba9e517e88/screenshot - {}
RESULT: {}
COMMAND: POST /session/f8b17aff14ace713329ed2ba9e517e88/element - {"using":"xpath","value":"//span[contains(text(), \"0006 - TB(calendar days)\")]"}
RESULT: {"using":"xpath","value":"//span[contains(text(), \"0006 - TB(calendar days)\")]"}
COMMAND: POST /session/f8b17aff14ace713329ed2ba9e517e88/element/f.8F60F7CA831AD576036D3680DB46BD22.d.35F571C43325C7E1BC39B4C295831345.e.17386/click - {}
RESULT: {}
COMMAND: GET /session/f8b17aff14ace713329ed2ba9e517e88/screenshot - {}
RESULT: {}
COMMAND: POST /session/f8b17aff14ace713329ed2ba9e517e88/execute/async - {"script":"<script> [1562 bytes]","args":[{"selector":{"id":"application-managepricingrules-display-component---newInfoPriceItem--daysMonth","interaction":{"idSuffix":"inner"}},"wdio_ui5_key":"applicationmanagepricingrules-display-component---newInfoPriceItem--daysMonth"}]}
RESULT: {"script":"<script> [1562 bytes]","args":[{"selector":{"id":"application-managepricingrules-display-component---newInfoPriceItem--daysMonth","interaction":{"idSuffix":"inner"}},"wdio_ui5_key":"applicationmanagepricingrules-display-component---newInfoPriceItem--daysMonth"}]}
RESULT: undefined
COMMAND: POST /session/f8b17aff14ace713329ed2ba9e517e88/execute/async - {"script":"<script> [776 bytes]","args":[{"enterText":"30","selector":{"id":"application-managepricingrules-display-component---newInfoPriceItem--daysMonth","interaction":{"idSuffix":"inner"}},"clearTextFirst":true,"interactionType":"ENTER_TEXT"}]}
RESULT: {"script":"<script> [776 bytes]","args":[{"enterText":"30","selector":{"id":"application-managepricingrules-display-component---newInfoPriceItem--daysMonth","interaction":{"idSuffix":"inner"}},"clearTextFirst":true,"interactionType":"ENTER_TEXT"}]}
COMMAND: POST /session/f8b17aff14ace713329ed2ba9e517e88/element - {"using":"xpath","value":"//button[@data-kt=\"saveNewRuleButton\"]"}
RESULT: {"using":"xpath","value":"//button[@data-kt=\"saveNewRuleButton\"]"}
COMMAND: POST /session/f8b17aff14ace713329ed2ba9e517e88/element/f.8F60F7CA831AD576036D3680DB46BD22.d.35F571C43325C7E1BC39B4C295831345.e.17372/click - {}
RESULT: {}
COMMAND: GET /session/f8b17aff14ace713329ed2ba9e517e88/screenshot - {}
RESULT: {}
COMMAND: POST /session/f8b17aff14ace713329ed2ba9e517e88/execute/async - {"script":"<script> [1562 bytes]","args":[{"selector":{"id":"application-managepricingrules-display-component---priceInfoItem--smartFilterBar-btnBasicSearch","interaction":{"idSuffix":"I"}},"wdio_ui5_key":"applicationmanagepricingrules-display-component---priceInfoItem--smartFilterBar-btnBasicSearch"}]}
RESULT: {"script":"<script> [1562 bytes]","args":[{"selector":{"id":"application-managepricingrules-display-component---priceInfoItem--smartFilterBar-btnBasicSearch","interaction":{"idSuffix":"I"}},"wdio_ui5_key":"applicationmanagepricingrules-display-component---priceInfoItem--smartFilterBar-btnBasicSearch"}]}
RESULT: undefined
COMMAND: POST /session/f8b17aff14ace713329ed2ba9e517e88/execute/async - {"script":"<script> [776 bytes]","args":[{"enterText":"sx5dkY1t7i","selector":{"id":"application-managepricingrules-display-component---priceInfoItem--smartFilterBar-btnBasicSearch","interaction":{"idSuffix":"I"}},"clearTextFirst":true,"interactionType":"ENTER_TEXT"}]}
RESULT: {"script":"<script> [776 bytes]","args":[{"enterText":"sx5dkY1t7i","selector":{"id":"application-managepricingrules-display-component---priceInfoItem--smartFilterBar-btnBasicSearch","interaction":{"idSuffix":"I"}},"clearTextFirst":true,"interactionType":"ENTER_TEXT"}]}
COMMAND: POST /session/f8b17aff14ace713329ed2ba9e517e88/actions - {"actions":[{"id":"action64","type":"key","parameters":{},"actions":[{"type":"keyDown","value":"î€‡"},{"type":"pause","duration":10},{"type":"keyUp","value":"î€‡"}]}]}
RESULT: {"actions":[{"id":"action64","type":"key","parameters":{},"actions":[{"type":"keyDown","value":"î€‡"},{"type":"pause","duration":10},{"type":"keyUp","value":"î€‡"}]}]}
COMMAND: GET /session/f8b17aff14ace713329ed2ba9e517e88/screenshot - {}
RESULT: {}
COMMAND: POST /session/f8b17aff14ace713329ed2ba9e517e88/element - {"using":"xpath","value":"//span[@id=\"application-managepricingrules-display-component---priceInfoItem--smartTable-header-inner\"]"}
RESULT: {"using":"xpath","value":"//span[@id=\"application-managepricingrules-display-component---priceInfoItem--smartTable-header-inner\"]"}
COMMAND: POST /session/f8b17aff14ace713329ed2ba9e517e88/elements - {"using":"xpath","value":"//span[@id=\"application-managepricingrules-display-component---priceInfoItem--smartTable-header-inner\"]"}
RESULT: {"using":"xpath","value":"//span[@id=\"application-managepricingrules-display-component---priceInfoItem--smartTable-header-inner\"]"}
COMMAND: POST /session/f8b17aff14ace713329ed2ba9e517e88/execute/sync - {"script":"<script> [56 bytes]","args":[{"element-6066-11e4-a52e-4f735466cecf":"f.8F60F7CA831AD576036D3680DB46BD22.d.35F571C43325C7E1BC39B4C295831345.e.17399","ELEMENT":"f.8F60F7CA831AD576036D3680DB46BD22.d.35F571C43325C7E1BC39B4C295831345.e.17399"}]}
RESULT: {"script":"<script> [56 bytes]","args":[{"element-6066-11e4-a52e-4f735466cecf":"f.8F60F7CA831AD576036D3680DB46BD22.d.35F571C43325C7E1BC39B4C295831345.e.17399","ELEMENT":"f.8F60F7CA831AD576036D3680DB46BD22.d.35F571C43325C7E1BC39B4C295831345.e.17399"}]}
COMMAND: POST /session/f8b17aff14ace713329ed2ba9e517e88/element - {"using":"css selector","value":"#shell-header-logo"}
COMMAND: GET /session/f8b17aff14ace713329ed2ba9e517e88/screenshot - {}
RESULT: {"using":"css selector","value":"#shell-header-logo"}
COMMAND: POST /session/f8b17aff14ace713329ed2ba9e517e88/element/f.8F60F7CA831AD576036D3680DB46BD22.d.35F571C43325C7E1BC39B4C295831345.e.16534/click - {}
RESULT: {}
RESULT: {}
COMMAND: GET /session/f8b17aff14ace713329ed2ba9e517e88/screenshot - {}
RESULT: {}
]]></system-out>
    </testcase>
    <testcase classname="chrome.135_0_7049_96.windows.Create_Reverse_Billing_US127248" name="Should manage conditions" time="68.075">
      <system-out><![CDATA[
COMMAND: POST /session/f8b17aff14ace713329ed2ba9e517e88/execute/async - {"script":"<script> [1562 bytes]","args":[{"selector":{"controlType":"sap.m.Text","properties":{"text":"Manage Conditions & Prices"},"interaction":{"idSuffix":"inner"}},"wdio_ui5_key":"sapm.Text{\"text\":\"Manage Conditions & Prices\"}"}]}
RESULT: {"script":"<script> [1562 bytes]","args":[{"selector":{"controlType":"sap.m.Text","properties":{"text":"Manage Conditions & Prices"},"interaction":{"idSuffix":"inner"}},"wdio_ui5_key":"sapm.Text{\"text\":\"Manage Conditions & Prices\"}"}]}
RESULT: undefined
COMMAND: POST /session/f8b17aff14ace713329ed2ba9e517e88/element - {"using":"xpath","value":"//*[@id=\"__tile53-title\"]"}
RESULT: {"using":"xpath","value":"//*[@id=\"__tile53-title\"]"}
COMMAND: POST /session/f8b17aff14ace713329ed2ba9e517e88/element/f.8F60F7CA831AD576036D3680DB46BD22.d.35F571C43325C7E1BC39B4C295831345.e.17402/click - {}
RESULT: {}
COMMAND: POST /session/f8b17aff14ace713329ed2ba9e517e88/element - {"using":"xpath","value":"//button[@aria-label=\"Create\"]"}
COMMAND: GET /session/f8b17aff14ace713329ed2ba9e517e88/screenshot - {}
RESULT: {"using":"xpath","value":"//button[@aria-label=\"Create\"]"}
COMMAND: POST /session/f8b17aff14ace713329ed2ba9e517e88/elements - {"using":"xpath","value":"//button[@aria-label=\"Create\"]"}
RESULT: {}
RESULT: {"using":"xpath","value":"//button[@aria-label=\"Create\"]"}
COMMAND: POST /session/f8b17aff14ace713329ed2ba9e517e88/elements - {"using":"xpath","value":"//button[@aria-label=\"Create\"]"}
RESULT: {"using":"xpath","value":"//button[@aria-label=\"Create\"]"}
COMMAND: POST /session/f8b17aff14ace713329ed2ba9e517e88/elements - {"using":"xpath","value":"//button[@aria-label=\"Create\"]"}
RESULT: {"using":"xpath","value":"//button[@aria-label=\"Create\"]"}
COMMAND: POST /session/f8b17aff14ace713329ed2ba9e517e88/elements - {"using":"xpath","value":"//button[@aria-label=\"Create\"]"}
RESULT: {"using":"xpath","value":"//button[@aria-label=\"Create\"]"}
COMMAND: POST /session/f8b17aff14ace713329ed2ba9e517e88/elements - {"using":"xpath","value":"//button[@aria-label=\"Create\"]"}
RESULT: {"using":"xpath","value":"//button[@aria-label=\"Create\"]"}
COMMAND: POST /session/f8b17aff14ace713329ed2ba9e517e88/elements - {"using":"xpath","value":"//button[@aria-label=\"Create\"]"}
RESULT: {"using":"xpath","value":"//button[@aria-label=\"Create\"]"}
COMMAND: POST /session/f8b17aff14ace713329ed2ba9e517e88/elements - {"using":"xpath","value":"//button[@aria-label=\"Create\"]"}
RESULT: {"using":"xpath","value":"//button[@aria-label=\"Create\"]"}
COMMAND: POST /session/f8b17aff14ace713329ed2ba9e517e88/elements - {"using":"xpath","value":"//button[@aria-label=\"Create\"]"}
RESULT: {"using":"xpath","value":"//button[@aria-label=\"Create\"]"}
COMMAND: POST /session/f8b17aff14ace713329ed2ba9e517e88/elements - {"using":"xpath","value":"//button[@aria-label=\"Create\"]"}
RESULT: {"using":"xpath","value":"//button[@aria-label=\"Create\"]"}
COMMAND: POST /session/f8b17aff14ace713329ed2ba9e517e88/elements - {"using":"xpath","value":"//button[@aria-label=\"Create\"]"}
RESULT: {"using":"xpath","value":"//button[@aria-label=\"Create\"]"}
COMMAND: POST /session/f8b17aff14ace713329ed2ba9e517e88/elements - {"using":"xpath","value":"//button[@aria-label=\"Create\"]"}
RESULT: {"using":"xpath","value":"//button[@aria-label=\"Create\"]"}
COMMAND: POST /session/f8b17aff14ace713329ed2ba9e517e88/elements - {"using":"xpath","value":"//button[@aria-label=\"Create\"]"}
RESULT: {"using":"xpath","value":"//button[@aria-label=\"Create\"]"}
COMMAND: POST /session/f8b17aff14ace713329ed2ba9e517e88/elements - {"using":"xpath","value":"//button[@aria-label=\"Create\"]"}
RESULT: {"using":"xpath","value":"//button[@aria-label=\"Create\"]"}
COMMAND: POST /session/f8b17aff14ace713329ed2ba9e517e88/element - {"using":"xpath","value":"//button[@aria-label=\"Create\"]"}
RESULT: {"using":"xpath","value":"//button[@aria-label=\"Create\"]"}
COMMAND: POST /session/f8b17aff14ace713329ed2ba9e517e88/execute/sync - {"script":"<script> [8489 bytes]","args":[{"element-6066-11e4-a52e-4f735466cecf":"f.8F60F7CA831AD576036D3680DB46BD22.d.35F571C43325C7E1BC39B4C295831345.e.17436","ELEMENT":"f.8F60F7CA831AD576036D3680DB46BD22.d.35F571C43325C7E1BC39B4C295831345.e.17436"}]}
RESULT: {"script":"<script> [8489 bytes]","args":[{"element-6066-11e4-a52e-4f735466cecf":"f.8F60F7CA831AD576036D3680DB46BD22.d.35F571C43325C7E1BC39B4C295831345.e.17436","ELEMENT":"f.8F60F7CA831AD576036D3680DB46BD22.d.35F571C43325C7E1BC39B4C295831345.e.17436"}]}
COMMAND: GET /session/f8b17aff14ace713329ed2ba9e517e88/element/f.8F60F7CA831AD576036D3680DB46BD22.d.35F571C43325C7E1BC39B4C295831345.e.17436/enabled - {}
COMMAND: GET /session/f8b17aff14ace713329ed2ba9e517e88/screenshot - {}
RESULT: {}
COMMAND: POST /session/f8b17aff14ace713329ed2ba9e517e88/execute/sync - {"script":"<script> [8489 bytes]","args":[{"element-6066-11e4-a52e-4f735466cecf":"f.8F60F7CA831AD576036D3680DB46BD22.d.35F571C43325C7E1BC39B4C295831345.e.17436","ELEMENT":"f.8F60F7CA831AD576036D3680DB46BD22.d.35F571C43325C7E1BC39B4C295831345.e.17436"}]}
COMMAND: GET /session/f8b17aff14ace713329ed2ba9e517e88/screenshot - {}
RESULT: {}
RESULT: {"script":"<script> [8489 bytes]","args":[{"element-6066-11e4-a52e-4f735466cecf":"f.8F60F7CA831AD576036D3680DB46BD22.d.35F571C43325C7E1BC39B4C295831345.e.17436","ELEMENT":"f.8F60F7CA831AD576036D3680DB46BD22.d.35F571C43325C7E1BC39B4C295831345.e.17436"}]}
COMMAND: POST /session/f8b17aff14ace713329ed2ba9e517e88/execute/sync - {"script":"<script> [5351 bytes]","args":[{"element-6066-11e4-a52e-4f735466cecf":"f.8F60F7CA831AD576036D3680DB46BD22.d.35F571C43325C7E1BC39B4C295831345.e.17436","ELEMENT":"f.8F60F7CA831AD576036D3680DB46BD22.d.35F571C43325C7E1BC39B4C295831345.e.17436"}]}
COMMAND: GET /session/f8b17aff14ace713329ed2ba9e517e88/screenshot - {}
RESULT: {}
RESULT: {"script":"<script> [5351 bytes]","args":[{"element-6066-11e4-a52e-4f735466cecf":"f.8F60F7CA831AD576036D3680DB46BD22.d.35F571C43325C7E1BC39B4C295831345.e.17436","ELEMENT":"f.8F60F7CA831AD576036D3680DB46BD22.d.35F571C43325C7E1BC39B4C295831345.e.17436"}]}
COMMAND: POST /session/f8b17aff14ace713329ed2ba9e517e88/element/f.8F60F7CA831AD576036D3680DB46BD22.d.35F571C43325C7E1BC39B4C295831345.e.17436/click - {}
COMMAND: GET /session/f8b17aff14ace713329ed2ba9e517e88/screenshot - {}
RESULT: {}
RESULT: {}
COMMAND: GET /session/f8b17aff14ace713329ed2ba9e517e88/screenshot - {}
RESULT: {}
RESULT: {}
COMMAND: POST /session/f8b17aff14ace713329ed2ba9e517e88/actions - {"actions":[{"id":"action65","type":"key","parameters":{},"actions":[{"type":"keyDown","value":"î€‡"},{"type":"pause","duration":10},{"type":"keyUp","value":"î€‡"}]}]}
RESULT: {"actions":[{"id":"action65","type":"key","parameters":{},"actions":[{"type":"keyDown","value":"î€‡"},{"type":"pause","duration":10},{"type":"keyUp","value":"î€‡"}]}]}
COMMAND: GET /session/f8b17aff14ace713329ed2ba9e517e88/screenshot - {}
RESULT: {}
COMMAND: POST /session/f8b17aff14ace713329ed2ba9e517e88/execute/async - {"script":"<script> [1562 bytes]","args":[{"selector":{"id":"application-manageconditionprice-display-component---newCondition--condBillCond-arrow"},"wdio_ui5_key":"applicationmanageconditionprice-display-component---newCondition--condBillCond-arrow"}]}
RESULT: {"script":"<script> [1562 bytes]","args":[{"selector":{"id":"application-manageconditionprice-display-component---newCondition--condBillCond-arrow"},"wdio_ui5_key":"applicationmanageconditionprice-display-component---newCondition--condBillCond-arrow"}]}
RESULT: undefined
COMMAND: POST /session/f8b17aff14ace713329ed2ba9e517e88/element - {"using":"xpath","value":"//*[@id=\"application-manageconditionprice-display-component---newCondition--condBillCond-arrow\"]"}
RESULT: {"using":"xpath","value":"//*[@id=\"application-manageconditionprice-display-component---newCondition--condBillCond-arrow\"]"}
COMMAND: POST /session/f8b17aff14ace713329ed2ba9e517e88/element/f.8F60F7CA831AD576036D3680DB46BD22.d.35F571C43325C7E1BC39B4C295831345.e.17613/click - {}
RESULT: {}
COMMAND: GET /session/f8b17aff14ace713329ed2ba9e517e88/screenshot - {}
RESULT: {}
COMMAND: POST /session/f8b17aff14ace713329ed2ba9e517e88/element - {"using":"xpath","value":"//li[.//span[contains(text(), \"DISP - D&I special price\")]]"}
RESULT: {"using":"xpath","value":"//li[.//span[contains(text(), \"DISP - D&I special price\")]]"}
COMMAND: POST /session/f8b17aff14ace713329ed2ba9e517e88/element/f.8F60F7CA831AD576036D3680DB46BD22.d.35F571C43325C7E1BC39B4C295831345.e.17616/click - {}
RESULT: {}
COMMAND: GET /session/f8b17aff14ace713329ed2ba9e517e88/screenshot - {}
RESULT: {}
COMMAND: POST /session/f8b17aff14ace713329ed2ba9e517e88/execute/async - {"script":"<script> [1562 bytes]","args":[{"selector":{"id":"application-manageconditionprice-display-component---newCondition--condValidTo","interaction":{"idSuffix":"inner"}},"wdio_ui5_key":"applicationmanageconditionprice-display-component---newCondition--condValidTo"}]}
RESULT: {"script":"<script> [1562 bytes]","args":[{"selector":{"id":"application-manageconditionprice-display-component---newCondition--condValidTo","interaction":{"idSuffix":"inner"}},"wdio_ui5_key":"applicationmanageconditionprice-display-component---newCondition--condValidTo"}]}
RESULT: undefined
COMMAND: POST /session/f8b17aff14ace713329ed2ba9e517e88/execute/async - {"script":"<script> [776 bytes]","args":[{"enterText":"12/28/25","selector":{"id":"application-manageconditionprice-display-component---newCondition--condValidTo","interaction":{"idSuffix":"inner"}},"clearTextFirst":true,"interactionType":"ENTER_TEXT"}]}
RESULT: {"script":"<script> [776 bytes]","args":[{"enterText":"12/28/25","selector":{"id":"application-manageconditionprice-display-component---newCondition--condValidTo","interaction":{"idSuffix":"inner"}},"clearTextFirst":true,"interactionType":"ENTER_TEXT"}]}
COMMAND: POST /session/f8b17aff14ace713329ed2ba9e517e88/element - {"using":"xpath","value":"//input[@id=\"application-manageconditionprice-display-component---newCondition--condRU-inner\"]"}
RESULT: {"using":"xpath","value":"//input[@id=\"application-manageconditionprice-display-component---newCondition--condRU-inner\"]"}
COMMAND: POST /session/f8b17aff14ace713329ed2ba9e517e88/element/f.8F60F7CA831AD576036D3680DB46BD22.d.35F571C43325C7E1BC39B4C295831345.e.17478/clear - {}
RESULT: {}
COMMAND: POST /session/f8b17aff14ace713329ed2ba9e517e88/element/f.8F60F7CA831AD576036D3680DB46BD22.d.35F571C43325C7E1BC39B4C295831345.e.17478/value - {"text":"sx5dkY1t7i"}
COMMAND: GET /session/f8b17aff14ace713329ed2ba9e517e88/screenshot - {}
RESULT: {"text":"sx5dkY1t7i"}
COMMAND: GET /session/f8b17aff14ace713329ed2ba9e517e88/screenshot - {}
RESULT: {}
RESULT: {}
COMMAND: POST /session/f8b17aff14ace713329ed2ba9e517e88/actions - {"actions":[{"id":"action66","type":"key","parameters":{},"actions":[{"type":"keyDown","value":"î€‡"},{"type":"pause","duration":10},{"type":"keyUp","value":"î€‡"}]}]}
RESULT: {"actions":[{"id":"action66","type":"key","parameters":{},"actions":[{"type":"keyDown","value":"î€‡"},{"type":"pause","duration":10},{"type":"keyUp","value":"î€‡"}]}]}
COMMAND: POST /session/f8b17aff14ace713329ed2ba9e517e88/execute/async - {"script":"<script> [1562 bytes]","args":[{"selector":{"id":"application-manageconditionprice-display-component---newCondition--condBaseQty","interaction":{"idSuffix":"inner"}},"wdio_ui5_key":"applicationmanageconditionprice-display-component---newCondition--condBaseQty"}]}
COMMAND: GET /session/f8b17aff14ace713329ed2ba9e517e88/screenshot - {}
RESULT: {"script":"<script> [1562 bytes]","args":[{"selector":{"id":"application-manageconditionprice-display-component---newCondition--condBaseQty","interaction":{"idSuffix":"inner"}},"wdio_ui5_key":"applicationmanageconditionprice-display-component---newCondition--condBaseQty"}]}
RESULT: undefined
COMMAND: POST /session/f8b17aff14ace713329ed2ba9e517e88/execute/async - {"script":"<script> [776 bytes]","args":[{"enterText":"1","selector":{"id":"application-manageconditionprice-display-component---newCondition--condBaseQty","interaction":{"idSuffix":"inner"}},"clearTextFirst":true,"interactionType":"ENTER_TEXT"}]}
RESULT: {}
RESULT: {"script":"<script> [776 bytes]","args":[{"enterText":"1","selector":{"id":"application-manageconditionprice-display-component---newCondition--condBaseQty","interaction":{"idSuffix":"inner"}},"clearTextFirst":true,"interactionType":"ENTER_TEXT"}]}
COMMAND: POST /session/f8b17aff14ace713329ed2ba9e517e88/execute/async - {"script":"<script> [1562 bytes]","args":[{"selector":{"id":"application-manageconditionprice-display-component---newCondition--condValue","interaction":{"idSuffix":"inner"}},"wdio_ui5_key":"applicationmanageconditionprice-display-component---newCondition--condValue"}]}
RESULT: {"script":"<script> [1562 bytes]","args":[{"selector":{"id":"application-manageconditionprice-display-component---newCondition--condValue","interaction":{"idSuffix":"inner"}},"wdio_ui5_key":"applicationmanageconditionprice-display-component---newCondition--condValue"}]}
RESULT: undefined
COMMAND: POST /session/f8b17aff14ace713329ed2ba9e517e88/execute/async - {"script":"<script> [776 bytes]","args":[{"enterText":"200","selector":{"id":"application-manageconditionprice-display-component---newCondition--condValue","interaction":{"idSuffix":"inner"}},"clearTextFirst":true,"interactionType":"ENTER_TEXT"}]}
RESULT: {"script":"<script> [776 bytes]","args":[{"enterText":"200","selector":{"id":"application-manageconditionprice-display-component---newCondition--condValue","interaction":{"idSuffix":"inner"}},"clearTextFirst":true,"interactionType":"ENTER_TEXT"}]}
COMMAND: POST /session/f8b17aff14ace713329ed2ba9e517e88/execute/async - {"script":"<script> [1562 bytes]","args":[{"selector":{"id":"application-manageconditionprice-display-component---newCondition--condCurr-arrow"},"wdio_ui5_key":"applicationmanageconditionprice-display-component---newCondition--condCurr-arrow"}]}
RESULT: {"script":"<script> [1562 bytes]","args":[{"selector":{"id":"application-manageconditionprice-display-component---newCondition--condCurr-arrow"},"wdio_ui5_key":"applicationmanageconditionprice-display-component---newCondition--condCurr-arrow"}]}
RESULT: undefined
COMMAND: POST /session/f8b17aff14ace713329ed2ba9e517e88/element - {"using":"xpath","value":"//*[@id=\"application-manageconditionprice-display-component---newCondition--condCurr-arrow\"]"}
RESULT: {"using":"xpath","value":"//*[@id=\"application-manageconditionprice-display-component---newCondition--condCurr-arrow\"]"}
COMMAND: POST /session/f8b17aff14ace713329ed2ba9e517e88/element/f.8F60F7CA831AD576036D3680DB46BD22.d.35F571C43325C7E1BC39B4C295831345.e.17580/click - {}
RESULT: {}
COMMAND: POST /session/f8b17aff14ace713329ed2ba9e517e88/element - {"using":"xpath","value":"//span[contains(text(), \"Euro\")]"}
COMMAND: GET /session/f8b17aff14ace713329ed2ba9e517e88/screenshot - {}
RESULT: {"using":"xpath","value":"//span[contains(text(), \"Euro\")]"}
COMMAND: POST /session/f8b17aff14ace713329ed2ba9e517e88/element/f.8F60F7CA831AD576036D3680DB46BD22.d.35F571C43325C7E1BC39B4C295831345.e.17654/click - {}
RESULT: {}
RESULT: {}
COMMAND: POST /session/f8b17aff14ace713329ed2ba9e517e88/element - {"using":"xpath","value":"//button[@data-kt=\"saveButton\"]"}
COMMAND: GET /session/f8b17aff14ace713329ed2ba9e517e88/screenshot - {}
RESULT: {"using":"xpath","value":"//button[@data-kt=\"saveButton\"]"}
COMMAND: POST /session/f8b17aff14ace713329ed2ba9e517e88/element/f.8F60F7CA831AD576036D3680DB46BD22.d.35F571C43325C7E1BC39B4C295831345.e.17581/click - {}
RESULT: {}
RESULT: {}
COMMAND: GET /session/f8b17aff14ace713329ed2ba9e517e88/screenshot - {}
RESULT: {}
COMMAND: POST /session/f8b17aff14ace713329ed2ba9e517e88/execute/async - {"script":"<script> [1562 bytes]","args":[{"selector":{"id":"application-manageconditionprice-display-component---conditions--smartFilterBar-btnBasicSearch","interaction":{"idSuffix":"I"}},"wdio_ui5_key":"applicationmanageconditionprice-display-component---conditions--smartFilterBar-btnBasicSearch"}]}
RESULT: {"script":"<script> [1562 bytes]","args":[{"selector":{"id":"application-manageconditionprice-display-component---conditions--smartFilterBar-btnBasicSearch","interaction":{"idSuffix":"I"}},"wdio_ui5_key":"applicationmanageconditionprice-display-component---conditions--smartFilterBar-btnBasicSearch"}]}
RESULT: undefined
COMMAND: POST /session/f8b17aff14ace713329ed2ba9e517e88/execute/async - {"script":"<script> [776 bytes]","args":[{"enterText":"sx5dkY1t7i","selector":{"id":"application-manageconditionprice-display-component---conditions--smartFilterBar-btnBasicSearch","interaction":{"idSuffix":"I"}},"clearTextFirst":true,"interactionType":"ENTER_TEXT"}]}
RESULT: {"script":"<script> [776 bytes]","args":[{"enterText":"sx5dkY1t7i","selector":{"id":"application-manageconditionprice-display-component---conditions--smartFilterBar-btnBasicSearch","interaction":{"idSuffix":"I"}},"clearTextFirst":true,"interactionType":"ENTER_TEXT"}]}
COMMAND: POST /session/f8b17aff14ace713329ed2ba9e517e88/actions - {"actions":[{"id":"action67","type":"key","parameters":{},"actions":[{"type":"keyDown","value":"î€‡"},{"type":"pause","duration":10},{"type":"keyUp","value":"î€‡"}]}]}
RESULT: {"actions":[{"id":"action67","type":"key","parameters":{},"actions":[{"type":"keyDown","value":"î€‡"},{"type":"pause","duration":10},{"type":"keyUp","value":"î€‡"}]}]}
COMMAND: GET /session/f8b17aff14ace713329ed2ba9e517e88/screenshot - {}
RESULT: {}
COMMAND: POST /session/f8b17aff14ace713329ed2ba9e517e88/execute/async - {"script":"<script> [1562 bytes]","args":[{"selector":{"id":"application-manageconditionprice-display-component---conditions--smartFilterBar-filterItemControl_BASIC-BILL_TYPES-vhi"},"wdio_ui5_key":"applicationmanageconditionprice-display-component---conditions--smartFilterBar-filterItemControl_BASIC-BILL_TYPES-vhi"}]}
RESULT: {"script":"<script> [1562 bytes]","args":[{"selector":{"id":"application-manageconditionprice-display-component---conditions--smartFilterBar-filterItemControl_BASIC-BILL_TYPES-vhi"},"wdio_ui5_key":"applicationmanageconditionprice-display-component---conditions--smartFilterBar-filterItemControl_BASIC-BILL_TYPES-vhi"}]}
RESULT: undefined
COMMAND: POST /session/f8b17aff14ace713329ed2ba9e517e88/element - {"using":"xpath","value":"//*[@id=\"application-manageconditionprice-display-component---conditions--smartFilterBar-filterItemControl_BASIC-BILL_TYPES-vhi\"]"}
RESULT: {"using":"xpath","value":"//*[@id=\"application-manageconditionprice-display-component---conditions--smartFilterBar-filterItemControl_BASIC-BILL_TYPES-vhi\"]"}
COMMAND: POST /session/f8b17aff14ace713329ed2ba9e517e88/element/f.8F60F7CA831AD576036D3680DB46BD22.d.35F571C43325C7E1BC39B4C295831345.e.17671/click - {}
RESULT: {}
COMMAND: POST /session/f8b17aff14ace713329ed2ba9e517e88/execute/async - {"script":"<script> [1562 bytes]","args":[{"selector":{"id":"application-manageconditionprice-display-component---conditions--smartFilterBar-filterItemControl_BASIC-BILL_TYPES-valueHelpDialog-smartFilterBar-btnBasicSearch","searchOpenDialogs":true,"interaction":{"idSuffix":"I"}},"wdio_ui5_key":"applicationmanageconditionprice-display-component---conditions--smartFilterBar-filterItemControl_BASIC-BILL_TYPES-valueHelpDialog-smartFilterBar-btnBasicSearch"}]}
COMMAND: GET /session/f8b17aff14ace713329ed2ba9e517e88/screenshot - {}
RESULT: {"script":"<script> [1562 bytes]","args":[{"selector":{"id":"application-manageconditionprice-display-component---conditions--smartFilterBar-filterItemControl_BASIC-BILL_TYPES-valueHelpDialog-smartFilterBar-btnBasicSearch","searchOpenDialogs":true,"interaction":{"idSuffix":"I"}},"wdio_ui5_key":"applicationmanageconditionprice-display-component---conditions--smartFilterBar-filterItemControl_BASIC-BILL_TYPES-valueHelpDialog-smartFilterBar-btnBasicSearch"}]}
RESULT: undefined
COMMAND: POST /session/f8b17aff14ace713329ed2ba9e517e88/execute/async - {"script":"<script> [776 bytes]","args":[{"enterText":"TB","selector":{"id":"application-manageconditionprice-display-component---conditions--smartFilterBar-filterItemControl_BASIC-BILL_TYPES-valueHelpDialog-smartFilterBar-btnBasicSearch","searchOpenDialogs":true,"interaction":{"idSuffix":"I"}},"clearTextFirst":true,"interactionType":"ENTER_TEXT"}]}
RESULT: {}
RESULT: {"script":"<script> [776 bytes]","args":[{"enterText":"TB","selector":{"id":"application-manageconditionprice-display-component---conditions--smartFilterBar-filterItemControl_BASIC-BILL_TYPES-valueHelpDialog-smartFilterBar-btnBasicSearch","searchOpenDialogs":true,"interaction":{"idSuffix":"I"}},"clearTextFirst":true,"interactionType":"ENTER_TEXT"}]}
COMMAND: POST /session/f8b17aff14ace713329ed2ba9e517e88/actions - {"actions":[{"id":"action68","type":"key","parameters":{},"actions":[{"type":"keyDown","value":"î€‡"},{"type":"pause","duration":10},{"type":"keyUp","value":"î€‡"}]}]}
RESULT: {"actions":[{"id":"action68","type":"key","parameters":{},"actions":[{"type":"keyDown","value":"î€‡"},{"type":"pause","duration":10},{"type":"keyUp","value":"î€‡"}]}]}
COMMAND: GET /session/f8b17aff14ace713329ed2ba9e517e88/screenshot - {}
RESULT: {}
COMMAND: POST /session/f8b17aff14ace713329ed2ba9e517e88/element - {"using":"xpath","value":"//div[contains(@id, 'application-manageconditionprice-display-component---conditions--smartFilterBar-filterItemControl_BASIC-BILL_TYPES-valueHelpDialog-table-rowsel0')]"}
RESULT: {"using":"xpath","value":"//div[contains(@id, 'application-manageconditionprice-display-component---conditions--smartFilterBar-filterItemControl_BASIC-BILL_TYPES-valueHelpDialog-table-rowsel0')]"}
COMMAND: POST /session/f8b17aff14ace713329ed2ba9e517e88/element/f.8F60F7CA831AD576036D3680DB46BD22.d.35F571C43325C7E1BC39B4C295831345.e.17682/click - {}
RESULT: {}
COMMAND: GET /session/f8b17aff14ace713329ed2ba9e517e88/screenshot - {}
RESULT: {}
COMMAND: POST /session/f8b17aff14ace713329ed2ba9e517e88/element - {"using":"xpath","value":"//bdi[contains(text(), \"OK\")]"}
RESULT: {"using":"xpath","value":"//bdi[contains(text(), \"OK\")]"}
COMMAND: POST /session/f8b17aff14ace713329ed2ba9e517e88/element/f.8F60F7CA831AD576036D3680DB46BD22.d.35F571C43325C7E1BC39B4C295831345.e.17684/click - {}
RESULT: {}
COMMAND: GET /session/f8b17aff14ace713329ed2ba9e517e88/screenshot - {}
RESULT: {}
COMMAND: POST /session/f8b17aff14ace713329ed2ba9e517e88/element - {"using":"xpath","value":"//span[@id=\"application-manageconditionprice-display-component---conditions--smartTable-header-inner\"]"}
RESULT: {"using":"xpath","value":"//span[@id=\"application-manageconditionprice-display-component---conditions--smartTable-header-inner\"]"}
COMMAND: POST /session/f8b17aff14ace713329ed2ba9e517e88/elements - {"using":"xpath","value":"//span[@id=\"application-manageconditionprice-display-component---conditions--smartTable-header-inner\"]"}
RESULT: {"using":"xpath","value":"//span[@id=\"application-manageconditionprice-display-component---conditions--smartTable-header-inner\"]"}
COMMAND: POST /session/f8b17aff14ace713329ed2ba9e517e88/execute/sync - {"script":"<script> [56 bytes]","args":[{"element-6066-11e4-a52e-4f735466cecf":"f.8F60F7CA831AD576036D3680DB46BD22.d.35F571C43325C7E1BC39B4C295831345.e.17687","ELEMENT":"f.8F60F7CA831AD576036D3680DB46BD22.d.35F571C43325C7E1BC39B4C295831345.e.17687"}]}
RESULT: {"script":"<script> [56 bytes]","args":[{"element-6066-11e4-a52e-4f735466cecf":"f.8F60F7CA831AD576036D3680DB46BD22.d.35F571C43325C7E1BC39B4C295831345.e.17687","ELEMENT":"f.8F60F7CA831AD576036D3680DB46BD22.d.35F571C43325C7E1BC39B4C295831345.e.17687"}]}
COMMAND: POST /session/f8b17aff14ace713329ed2ba9e517e88/element - {"using":"css selector","value":"#shell-header-logo"}
COMMAND: GET /session/f8b17aff14ace713329ed2ba9e517e88/screenshot - {}
RESULT: {}
RESULT: {"using":"css selector","value":"#shell-header-logo"}
COMMAND: POST /session/f8b17aff14ace713329ed2ba9e517e88/element/f.8F60F7CA831AD576036D3680DB46BD22.d.35F571C43325C7E1BC39B4C295831345.e.17404/click - {}
RESULT: {}
COMMAND: GET /session/f8b17aff14ace713329ed2ba9e517e88/screenshot - {}
RESULT: {}
]]></system-out>
    </testcase>
    <testcase classname="chrome.135_0_7049_96.windows.Create_Reverse_Billing_US127248" name="Should do a stock increase handover" time="85.958">
      <system-out><![CDATA[
COMMAND: POST /session/f8b17aff14ace713329ed2ba9e517e88/execute/async - {"script":"<script> [1562 bytes]","args":[{"selector":{"controlType":"sap.m.Text","viewName":"etm.portal.ui.managehandoverstile.view.Master","properties":{"text":"Manage Handovers"},"interaction":{"idSuffix":"inner"}},"wdio_ui5_key":"etmportal.ui.managehandoverstile.view.Mastersap.m.Text{\"text\":\"Manage Handovers\"}"}]}
RESULT: {"script":"<script> [1562 bytes]","args":[{"selector":{"controlType":"sap.m.Text","viewName":"etm.portal.ui.managehandoverstile.view.Master","properties":{"text":"Manage Handovers"},"interaction":{"idSuffix":"inner"}},"wdio_ui5_key":"etmportal.ui.managehandoverstile.view.Mastersap.m.Text{\"text\":\"Manage Handovers\"}"}]}
RESULT: undefined
COMMAND: POST /session/f8b17aff14ace713329ed2ba9e517e88/element - {"using":"xpath","value":"//*[@id=\"__tile132-title\"]"}
RESULT: {"using":"xpath","value":"//*[@id=\"__tile132-title\"]"}
COMMAND: POST /session/f8b17aff14ace713329ed2ba9e517e88/element/f.8F60F7CA831AD576036D3680DB46BD22.d.35F571C43325C7E1BC39B4C295831345.e.17692/click - {}
RESULT: {}
COMMAND: POST /session/f8b17aff14ace713329ed2ba9e517e88/element - {"using":"xpath","value":"//button[@data-kt=\"masterHOAddButton\"]"}
COMMAND: GET /session/f8b17aff14ace713329ed2ba9e517e88/screenshot - {}
RESULT: {"using":"xpath","value":"//button[@data-kt=\"masterHOAddButton\"]"}
COMMAND: POST /session/f8b17aff14ace713329ed2ba9e517e88/elements - {"using":"xpath","value":"//button[@data-kt=\"masterHOAddButton\"]"}
RESULT: {}
RESULT: {"using":"xpath","value":"//button[@data-kt=\"masterHOAddButton\"]"}
COMMAND: POST /session/f8b17aff14ace713329ed2ba9e517e88/elements - {"using":"xpath","value":"//button[@data-kt=\"masterHOAddButton\"]"}
RESULT: {"using":"xpath","value":"//button[@data-kt=\"masterHOAddButton\"]"}
COMMAND: POST /session/f8b17aff14ace713329ed2ba9e517e88/elements - {"using":"xpath","value":"//button[@data-kt=\"masterHOAddButton\"]"}
RESULT: {"using":"xpath","value":"//button[@data-kt=\"masterHOAddButton\"]"}
COMMAND: POST /session/f8b17aff14ace713329ed2ba9e517e88/elements - {"using":"xpath","value":"//button[@data-kt=\"masterHOAddButton\"]"}
RESULT: {"using":"xpath","value":"//button[@data-kt=\"masterHOAddButton\"]"}
COMMAND: POST /session/f8b17aff14ace713329ed2ba9e517e88/elements - {"using":"xpath","value":"//button[@data-kt=\"masterHOAddButton\"]"}
RESULT: {"using":"xpath","value":"//button[@data-kt=\"masterHOAddButton\"]"}
COMMAND: POST /session/f8b17aff14ace713329ed2ba9e517e88/elements - {"using":"xpath","value":"//button[@data-kt=\"masterHOAddButton\"]"}
RESULT: {"using":"xpath","value":"//button[@data-kt=\"masterHOAddButton\"]"}
COMMAND: POST /session/f8b17aff14ace713329ed2ba9e517e88/elements - {"using":"xpath","value":"//button[@data-kt=\"masterHOAddButton\"]"}
RESULT: {"using":"xpath","value":"//button[@data-kt=\"masterHOAddButton\"]"}
COMMAND: POST /session/f8b17aff14ace713329ed2ba9e517e88/element - {"using":"xpath","value":"//button[@data-kt=\"masterHOAddButton\"]"}
RESULT: {"using":"xpath","value":"//button[@data-kt=\"masterHOAddButton\"]"}
COMMAND: POST /session/f8b17aff14ace713329ed2ba9e517e88/execute/sync - {"script":"<script> [8489 bytes]","args":[{"element-6066-11e4-a52e-4f735466cecf":"f.8F60F7CA831AD576036D3680DB46BD22.d.35F571C43325C7E1BC39B4C295831345.e.17731","ELEMENT":"f.8F60F7CA831AD576036D3680DB46BD22.d.35F571C43325C7E1BC39B4C295831345.e.17731"}]}
RESULT: {"script":"<script> [8489 bytes]","args":[{"element-6066-11e4-a52e-4f735466cecf":"f.8F60F7CA831AD576036D3680DB46BD22.d.35F571C43325C7E1BC39B4C295831345.e.17731","ELEMENT":"f.8F60F7CA831AD576036D3680DB46BD22.d.35F571C43325C7E1BC39B4C295831345.e.17731"}]}
COMMAND: GET /session/f8b17aff14ace713329ed2ba9e517e88/element/f.8F60F7CA831AD576036D3680DB46BD22.d.35F571C43325C7E1BC39B4C295831345.e.17731/enabled - {}
COMMAND: GET /session/f8b17aff14ace713329ed2ba9e517e88/screenshot - {}
RESULT: {}
COMMAND: POST /session/f8b17aff14ace713329ed2ba9e517e88/execute/sync - {"script":"<script> [8489 bytes]","args":[{"element-6066-11e4-a52e-4f735466cecf":"f.8F60F7CA831AD576036D3680DB46BD22.d.35F571C43325C7E1BC39B4C295831345.e.17731","ELEMENT":"f.8F60F7CA831AD576036D3680DB46BD22.d.35F571C43325C7E1BC39B4C295831345.e.17731"}]}
COMMAND: GET /session/f8b17aff14ace713329ed2ba9e517e88/screenshot - {}
RESULT: {}
RESULT: {"script":"<script> [8489 bytes]","args":[{"element-6066-11e4-a52e-4f735466cecf":"f.8F60F7CA831AD576036D3680DB46BD22.d.35F571C43325C7E1BC39B4C295831345.e.17731","ELEMENT":"f.8F60F7CA831AD576036D3680DB46BD22.d.35F571C43325C7E1BC39B4C295831345.e.17731"}]}
COMMAND: POST /session/f8b17aff14ace713329ed2ba9e517e88/execute/sync - {"script":"<script> [5351 bytes]","args":[{"element-6066-11e4-a52e-4f735466cecf":"f.8F60F7CA831AD576036D3680DB46BD22.d.35F571C43325C7E1BC39B4C295831345.e.17731","ELEMENT":"f.8F60F7CA831AD576036D3680DB46BD22.d.35F571C43325C7E1BC39B4C295831345.e.17731"}]}
COMMAND: GET /session/f8b17aff14ace713329ed2ba9e517e88/screenshot - {}
RESULT: {}
RESULT: {"script":"<script> [5351 bytes]","args":[{"element-6066-11e4-a52e-4f735466cecf":"f.8F60F7CA831AD576036D3680DB46BD22.d.35F571C43325C7E1BC39B4C295831345.e.17731","ELEMENT":"f.8F60F7CA831AD576036D3680DB46BD22.d.35F571C43325C7E1BC39B4C295831345.e.17731"}]}
COMMAND: POST /session/f8b17aff14ace713329ed2ba9e517e88/element/f.8F60F7CA831AD576036D3680DB46BD22.d.35F571C43325C7E1BC39B4C295831345.e.17731/click - {}
COMMAND: GET /session/f8b17aff14ace713329ed2ba9e517e88/screenshot - {}
RESULT: {}
RESULT: {}
COMMAND: GET /session/f8b17aff14ace713329ed2ba9e517e88/screenshot - {}
COMMAND: POST /session/f8b17aff14ace713329ed2ba9e517e88/element - {"using":"xpath","value":"//span[contains(@id ,\"AddNewHO--typeSelect-arrow\")]"}
RESULT: {}
RESULT: {}
RESULT: {"using":"xpath","value":"//span[contains(@id ,\"AddNewHO--typeSelect-arrow\")]"}
COMMAND: POST /session/f8b17aff14ace713329ed2ba9e517e88/element/f.8F60F7CA831AD576036D3680DB46BD22.d.35F571C43325C7E1BC39B4C295831345.e.18068/click - {}
RESULT: {}
COMMAND: GET /session/f8b17aff14ace713329ed2ba9e517e88/screenshot - {}
RESULT: {}
COMMAND: POST /session/f8b17aff14ace713329ed2ba9e517e88/element - {"using":"xpath","value":"(//li[contains(text(), \"stock increase yard\")])[1]"}
RESULT: {"using":"xpath","value":"(//li[contains(text(), \"stock increase yard\")])[1]"}
COMMAND: POST /session/f8b17aff14ace713329ed2ba9e517e88/element/f.8F60F7CA831AD576036D3680DB46BD22.d.35F571C43325C7E1BC39B4C295831345.e.18069/click - {}
RESULT: {}
COMMAND: GET /session/f8b17aff14ace713329ed2ba9e517e88/screenshot - {}
RESULT: {}
COMMAND: POST /session/f8b17aff14ace713329ed2ba9e517e88/execute/async - {"script":"<script> [1562 bytes]","args":[{"selector":{"id":"application-managehandovers-display-component---AddNewHO--dueDate","interaction":{"idSuffix":"inner"}},"wdio_ui5_key":"applicationmanagehandovers-display-component---AddNewHO--dueDate"}]}
RESULT: {"script":"<script> [1562 bytes]","args":[{"selector":{"id":"application-managehandovers-display-component---AddNewHO--dueDate","interaction":{"idSuffix":"inner"}},"wdio_ui5_key":"applicationmanagehandovers-display-component---AddNewHO--dueDate"}]}
RESULT: undefined
COMMAND: POST /session/f8b17aff14ace713329ed2ba9e517e88/execute/async - {"script":"<script> [6424 bytes]","args":[{"element-6066-11e4-a52e-4f735466cecf":"f.8F60F7CA831AD576036D3680DB46BD22.d.35F571C43325C7E1BC39B4C295831345.e.18071"},"setValue",["04/28/2025"]]}
RESULT: {"script":"<script> [6424 bytes]","args":[{"element-6066-11e4-a52e-4f735466cecf":"f.8F60F7CA831AD576036D3680DB46BD22.d.35F571C43325C7E1BC39B4C295831345.e.18071"},"setValue",["04/28/2025"]]}
COMMAND: POST /session/f8b17aff14ace713329ed2ba9e517e88/element - {"using":"xpath","value":"//input[@id=\"generalSectionFrg--receiveYard-inner\"]"}
RESULT: {"using":"xpath","value":"//input[@id=\"generalSectionFrg--receiveYard-inner\"]"}
COMMAND: POST /session/f8b17aff14ace713329ed2ba9e517e88/element/f.8F60F7CA831AD576036D3680DB46BD22.d.35F571C43325C7E1BC39B4C295831345.e.18077/clear - {}
RESULT: {}
COMMAND: POST /session/f8b17aff14ace713329ed2ba9e517e88/element/f.8F60F7CA831AD576036D3680DB46BD22.d.35F571C43325C7E1BC39B4C295831345.e.18077/value - {"text":"349"}
COMMAND: GET /session/f8b17aff14ace713329ed2ba9e517e88/screenshot - {}
RESULT: {"text":"349"}
COMMAND: GET /session/f8b17aff14ace713329ed2ba9e517e88/screenshot - {}
RESULT: {}
RESULT: {}
COMMAND: POST /session/f8b17aff14ace713329ed2ba9e517e88/element - {"using":"xpath","value":"//li[.//span[text()='349']]"}
RESULT: {"using":"xpath","value":"//li[.//span[text()='349']]"}
COMMAND: POST /session/f8b17aff14ace713329ed2ba9e517e88/element/f.8F60F7CA831AD576036D3680DB46BD22.d.35F571C43325C7E1BC39B4C295831345.e.18095/click - {}
RESULT: {}
COMMAND: GET /session/f8b17aff14ace713329ed2ba9e517e88/screenshot - {}
RESULT: {}
COMMAND: POST /session/f8b17aff14ace713329ed2ba9e517e88/execute/async - {"script":"<script> [1562 bytes]","args":[{"selector":{"id":"application-managehandovers-display-component---AddNewHO--ObjectPageLayout-anchBar-application-managehandovers-display-component---AddNewHO--section4-anchor","interaction":{"idSuffix":"BDI-content"}},"wdio_ui5_key":"applicationmanagehandovers-display-component---AddNewHO--ObjectPageLayout-anchBar-application-managehandovers-display-component---AddNewHO--section4-anchor"}]}
RESULT: {"script":"<script> [1562 bytes]","args":[{"selector":{"id":"application-managehandovers-display-component---AddNewHO--ObjectPageLayout-anchBar-application-managehandovers-display-component---AddNewHO--section4-anchor","interaction":{"idSuffix":"BDI-content"}},"wdio_ui5_key":"applicationmanagehandovers-display-component---AddNewHO--ObjectPageLayout-anchBar-application-managehandovers-display-component---AddNewHO--section4-anchor"}]}
RESULT: undefined
COMMAND: POST /session/f8b17aff14ace713329ed2ba9e517e88/element - {"using":"xpath","value":"//*[@id=\"application-managehandovers-display-component---AddNewHO--ObjectPageLayout-anchBar-application-managehandovers-display-component---AddNewHO--section4-anchor\"]"}
RESULT: {"using":"xpath","value":"//*[@id=\"application-managehandovers-display-component---AddNewHO--ObjectPageLayout-anchBar-application-managehandovers-display-component---AddNewHO--section4-anchor\"]"}
COMMAND: POST /session/f8b17aff14ace713329ed2ba9e517e88/element/f.8F60F7CA831AD576036D3680DB46BD22.d.35F571C43325C7E1BC39B4C295831345.e.18097/click - {}
RESULT: {}
COMMAND: POST /session/f8b17aff14ace713329ed2ba9e517e88/element - {"using":"xpath","value":"//button[@aria-label=\"Add\"]"}
COMMAND: GET /session/f8b17aff14ace713329ed2ba9e517e88/screenshot - {}
RESULT: {"using":"xpath","value":"//button[@aria-label=\"Add\"]"}
COMMAND: POST /session/f8b17aff14ace713329ed2ba9e517e88/element/f.8F60F7CA831AD576036D3680DB46BD22.d.35F571C43325C7E1BC39B4C295831345.e.18099/click - {}
RESULT: {}
RESULT: {}
COMMAND: GET /session/f8b17aff14ace713329ed2ba9e517e88/screenshot - {}
RESULT: {}
COMMAND: POST /session/f8b17aff14ace713329ed2ba9e517e88/execute/async - {"script":"<script> [1562 bytes]","args":[{"selector":{"id":"application-managehandovers-display-component---AddNewHO--smartFilterBar-btnBasicSearch","searchOpenDialogs":true,"interaction":{"idSuffix":"I"}},"wdio_ui5_key":"applicationmanagehandovers-display-component---AddNewHO--smartFilterBar-btnBasicSearch"}]}
RESULT: {"script":"<script> [1562 bytes]","args":[{"selector":{"id":"application-managehandovers-display-component---AddNewHO--smartFilterBar-btnBasicSearch","searchOpenDialogs":true,"interaction":{"idSuffix":"I"}},"wdio_ui5_key":"applicationmanagehandovers-display-component---AddNewHO--smartFilterBar-btnBasicSearch"}]}
RESULT: undefined
COMMAND: POST /session/f8b17aff14ace713329ed2ba9e517e88/execute/async - {"script":"<script> [776 bytes]","args":[{"enterText":"sx5dkY1t7i","selector":{"id":"application-managehandovers-display-component---AddNewHO--smartFilterBar-btnBasicSearch","searchOpenDialogs":true,"interaction":{"idSuffix":"I"}},"clearTextFirst":true,"interactionType":"ENTER_TEXT"}]}
RESULT: {"script":"<script> [776 bytes]","args":[{"enterText":"sx5dkY1t7i","selector":{"id":"application-managehandovers-display-component---AddNewHO--smartFilterBar-btnBasicSearch","searchOpenDialogs":true,"interaction":{"idSuffix":"I"}},"clearTextFirst":true,"interactionType":"ENTER_TEXT"}]}
COMMAND: POST /session/f8b17aff14ace713329ed2ba9e517e88/actions - {"actions":[{"id":"action69","type":"key","parameters":{},"actions":[{"type":"keyDown","value":"î€‡"},{"type":"pause","duration":10},{"type":"keyUp","value":"î€‡"}]}]}
RESULT: {"actions":[{"id":"action69","type":"key","parameters":{},"actions":[{"type":"keyDown","value":"î€‡"},{"type":"pause","duration":10},{"type":"keyUp","value":"î€‡"}]}]}
COMMAND: GET /session/f8b17aff14ace713329ed2ba9e517e88/screenshot - {}
RESULT: {}
COMMAND: POST /session/f8b17aff14ace713329ed2ba9e517e88/execute/async - {"script":"<script> [1562 bytes]","args":[{"selector":{"id":"application-managehandovers-display-component---AddNewHO--popup-sa","searchOpenDialogs":true,"interaction":{"idSuffix":"CbBg"}},"wdio_ui5_key":"applicationmanagehandovers-display-component---AddNewHO--popup-sa"}]}
RESULT: {"script":"<script> [1562 bytes]","args":[{"selector":{"id":"application-managehandovers-display-component---AddNewHO--popup-sa","searchOpenDialogs":true,"interaction":{"idSuffix":"CbBg"}},"wdio_ui5_key":"applicationmanagehandovers-display-component---AddNewHO--popup-sa"}]}
RESULT: undefined
COMMAND: POST /session/f8b17aff14ace713329ed2ba9e517e88/element - {"using":"xpath","value":"//*[@id=\"application-managehandovers-display-component---AddNewHO--popup-sa\"]"}
RESULT: {"using":"xpath","value":"//*[@id=\"application-managehandovers-display-component---AddNewHO--popup-sa\"]"}
COMMAND: POST /session/f8b17aff14ace713329ed2ba9e517e88/element/f.8F60F7CA831AD576036D3680DB46BD22.d.35F571C43325C7E1BC39B4C295831345.e.18252/click - {}
RESULT: {}
COMMAND: GET /session/f8b17aff14ace713329ed2ba9e517e88/screenshot - {}
RESULT: {}
COMMAND: POST /session/f8b17aff14ace713329ed2ba9e517e88/element - {"using":"xpath","value":"//bdi[contains(text(), \"Select\")]"}
RESULT: {"using":"xpath","value":"//bdi[contains(text(), \"Select\")]"}
COMMAND: POST /session/f8b17aff14ace713329ed2ba9e517e88/element/f.8F60F7CA831AD576036D3680DB46BD22.d.35F571C43325C7E1BC39B4C295831345.e.18253/click - {}
RESULT: {}
COMMAND: GET /session/f8b17aff14ace713329ed2ba9e517e88/screenshot - {}
RESULT: {}
COMMAND: POST /session/f8b17aff14ace713329ed2ba9e517e88/element - {"using":"xpath","value":"//button[@data-kt=\"AddNewHOSaveButton\"]"}
RESULT: {"using":"xpath","value":"//button[@data-kt=\"AddNewHOSaveButton\"]"}
COMMAND: POST /session/f8b17aff14ace713329ed2ba9e517e88/element/f.8F60F7CA831AD576036D3680DB46BD22.d.35F571C43325C7E1BC39B4C295831345.e.18257/click - {}
RESULT: {}
COMMAND: GET /session/f8b17aff14ace713329ed2ba9e517e88/screenshot - {}
RESULT: {}
COMMAND: POST /session/f8b17aff14ace713329ed2ba9e517e88/execute/async - {"script":"<script> [1562 bytes]","args":[{"selector":{"id":"receiptDatePicker","viewName":"etm.portal.ui.managehandovers.view.DetailExecuteHO","interaction":{"idSuffix":"inner"}},"wdio_ui5_key":"receiptDatePickeretmportal.ui.managehandovers.view.DetailExecuteHO"}]}
RESULT: {"script":"<script> [1562 bytes]","args":[{"selector":{"id":"receiptDatePicker","viewName":"etm.portal.ui.managehandovers.view.DetailExecuteHO","interaction":{"idSuffix":"inner"}},"wdio_ui5_key":"receiptDatePickeretmportal.ui.managehandovers.view.DetailExecuteHO"}]}
RESULT: undefined
COMMAND: POST /session/f8b17aff14ace713329ed2ba9e517e88/execute/async - {"script":"<script> [6424 bytes]","args":[{"element-6066-11e4-a52e-4f735466cecf":"f.8F60F7CA831AD576036D3680DB46BD22.d.35F571C43325C7E1BC39B4C295831345.e.18286"},"setValue",["04/28/2025"]]}
RESULT: {"script":"<script> [6424 bytes]","args":[{"element-6066-11e4-a52e-4f735466cecf":"f.8F60F7CA831AD576036D3680DB46BD22.d.35F571C43325C7E1BC39B4C295831345.e.18286"},"setValue",["04/28/2025"]]}
COMMAND: POST /session/f8b17aff14ace713329ed2ba9e517e88/element - {"using":"xpath","value":"//button[@data-kt=\"PickingTableConfirmAllButton\"]"}
RESULT: {"using":"xpath","value":"//button[@data-kt=\"PickingTableConfirmAllButton\"]"}
COMMAND: POST /session/f8b17aff14ace713329ed2ba9e517e88/element/f.8F60F7CA831AD576036D3680DB46BD22.d.35F571C43325C7E1BC39B4C295831345.e.18302/click - {}
RESULT: {}
COMMAND: GET /session/f8b17aff14ace713329ed2ba9e517e88/screenshot - {}
RESULT: {}
COMMAND: POST /session/f8b17aff14ace713329ed2ba9e517e88/element - {"using":"xpath","value":"//bdi[contains(text(), \"OK\")]"}
RESULT: {"using":"xpath","value":"//bdi[contains(text(), \"OK\")]"}
COMMAND: POST /session/f8b17aff14ace713329ed2ba9e517e88/element/f.8F60F7CA831AD576036D3680DB46BD22.d.35F571C43325C7E1BC39B4C295831345.e.18304/click - {}
RESULT: {}
COMMAND: GET /session/f8b17aff14ace713329ed2ba9e517e88/screenshot - {}
RESULT: {}
COMMAND: POST /session/f8b17aff14ace713329ed2ba9e517e88/element - {"using":"xpath","value":"(//bdi[contains(text(), \"Receive\")])[2]"}
RESULT: {"using":"xpath","value":"(//bdi[contains(text(), \"Receive\")])[2]"}
COMMAND: POST /session/f8b17aff14ace713329ed2ba9e517e88/element/f.8F60F7CA831AD576036D3680DB46BD22.d.35F571C43325C7E1BC39B4C295831345.e.18306/click - {}
RESULT: {}
COMMAND: GET /session/f8b17aff14ace713329ed2ba9e517e88/screenshot - {}
RESULT: {}
COMMAND: POST /session/f8b17aff14ace713329ed2ba9e517e88/element - {"using":"css selector","value":"#shell-header-logo"}
RESULT: {"using":"css selector","value":"#shell-header-logo"}
COMMAND: POST /session/f8b17aff14ace713329ed2ba9e517e88/element/f.8F60F7CA831AD576036D3680DB46BD22.d.35F571C43325C7E1BC39B4C295831345.e.17694/click - {}
RESULT: {}
COMMAND: GET /session/f8b17aff14ace713329ed2ba9e517e88/screenshot - {}
RESULT: {}
]]></system-out>
    </testcase>
    <testcase classname="chrome.135_0_7049_96.windows.Create_Reverse_Billing_US127248" name="Should create a new contract" time="64.345">
      <system-out><![CDATA[
COMMAND: POST /session/f8b17aff14ace713329ed2ba9e517e88/execute/async - {"script":"<script> [1562 bytes]","args":[{"selector":{"controlType":"sap.m.Text","viewName":"etm.portal.ui.managecontractstile.view.Master","properties":{"text":"Manage Contracts"},"interaction":{"idSuffix":"inner"}},"wdio_ui5_key":"etmportal.ui.managecontractstile.view.Mastersap.m.Text{\"text\":\"Manage Contracts\"}"}]}
RESULT: {"script":"<script> [1562 bytes]","args":[{"selector":{"controlType":"sap.m.Text","viewName":"etm.portal.ui.managecontractstile.view.Master","properties":{"text":"Manage Contracts"},"interaction":{"idSuffix":"inner"}},"wdio_ui5_key":"etmportal.ui.managecontractstile.view.Mastersap.m.Text{\"text\":\"Manage Contracts\"}"}]}
RESULT: undefined
COMMAND: POST /session/f8b17aff14ace713329ed2ba9e517e88/element - {"using":"xpath","value":"//*[@id=\"__tile130-title\"]"}
RESULT: {"using":"xpath","value":"//*[@id=\"__tile130-title\"]"}
COMMAND: POST /session/f8b17aff14ace713329ed2ba9e517e88/element/f.8F60F7CA831AD576036D3680DB46BD22.d.35F571C43325C7E1BC39B4C295831345.e.18589/click - {}
RESULT: {}
COMMAND: GET /session/f8b17aff14ace713329ed2ba9e517e88/screenshot - {}
RESULT: {}
COMMAND: POST /session/f8b17aff14ace713329ed2ba9e517e88/element - {"using":"xpath","value":"//button[@data-kt=\"addButton\"]"}
RESULT: {"using":"xpath","value":"//button[@data-kt=\"addButton\"]"}
COMMAND: POST /session/f8b17aff14ace713329ed2ba9e517e88/elements - {"using":"xpath","value":"//button[@data-kt=\"addButton\"]"}
RESULT: {"using":"xpath","value":"//button[@data-kt=\"addButton\"]"}
COMMAND: POST /session/f8b17aff14ace713329ed2ba9e517e88/execute/sync - {"script":"<script> [8489 bytes]","args":[{"element-6066-11e4-a52e-4f735466cecf":"f.8F60F7CA831AD576036D3680DB46BD22.d.35F571C43325C7E1BC39B4C295831345.e.18660","ELEMENT":"f.8F60F7CA831AD576036D3680DB46BD22.d.35F571C43325C7E1BC39B4C295831345.e.18660"}]}
RESULT: {"script":"<script> [8489 bytes]","args":[{"element-6066-11e4-a52e-4f735466cecf":"f.8F60F7CA831AD576036D3680DB46BD22.d.35F571C43325C7E1BC39B4C295831345.e.18660","ELEMENT":"f.8F60F7CA831AD576036D3680DB46BD22.d.35F571C43325C7E1BC39B4C295831345.e.18660"}]}
COMMAND: GET /session/f8b17aff14ace713329ed2ba9e517e88/element/f.8F60F7CA831AD576036D3680DB46BD22.d.35F571C43325C7E1BC39B4C295831345.e.18660/enabled - {}
COMMAND: GET /session/f8b17aff14ace713329ed2ba9e517e88/screenshot - {}
RESULT: {}
COMMAND: POST /session/f8b17aff14ace713329ed2ba9e517e88/execute/sync - {"script":"<script> [8489 bytes]","args":[{"element-6066-11e4-a52e-4f735466cecf":"f.8F60F7CA831AD576036D3680DB46BD22.d.35F571C43325C7E1BC39B4C295831345.e.18660","ELEMENT":"f.8F60F7CA831AD576036D3680DB46BD22.d.35F571C43325C7E1BC39B4C295831345.e.18660"}]}
COMMAND: GET /session/f8b17aff14ace713329ed2ba9e517e88/screenshot - {}
RESULT: {}
RESULT: {"script":"<script> [8489 bytes]","args":[{"element-6066-11e4-a52e-4f735466cecf":"f.8F60F7CA831AD576036D3680DB46BD22.d.35F571C43325C7E1BC39B4C295831345.e.18660","ELEMENT":"f.8F60F7CA831AD576036D3680DB46BD22.d.35F571C43325C7E1BC39B4C295831345.e.18660"}]}
COMMAND: POST /session/f8b17aff14ace713329ed2ba9e517e88/execute/sync - {"script":"<script> [5351 bytes]","args":[{"element-6066-11e4-a52e-4f735466cecf":"f.8F60F7CA831AD576036D3680DB46BD22.d.35F571C43325C7E1BC39B4C295831345.e.18660","ELEMENT":"f.8F60F7CA831AD576036D3680DB46BD22.d.35F571C43325C7E1BC39B4C295831345.e.18660"}]}
COMMAND: GET /session/f8b17aff14ace713329ed2ba9e517e88/screenshot - {}
RESULT: {}
RESULT: {"script":"<script> [5351 bytes]","args":[{"element-6066-11e4-a52e-4f735466cecf":"f.8F60F7CA831AD576036D3680DB46BD22.d.35F571C43325C7E1BC39B4C295831345.e.18660","ELEMENT":"f.8F60F7CA831AD576036D3680DB46BD22.d.35F571C43325C7E1BC39B4C295831345.e.18660"}]}
COMMAND: GET /session/f8b17aff14ace713329ed2ba9e517e88/screenshot - {}
RESULT: {}
RESULT: {}
COMMAND: POST /session/f8b17aff14ace713329ed2ba9e517e88/element/f.8F60F7CA831AD576036D3680DB46BD22.d.35F571C43325C7E1BC39B4C295831345.e.18660/click - {}
RESULT: {}
COMMAND: GET /session/f8b17aff14ace713329ed2ba9e517e88/screenshot - {}
COMMAND: POST /session/f8b17aff14ace713329ed2ba9e517e88/execute/async - {"script":"<script> [1562 bytes]","args":[{"selector":{"id":"application-managecontracts-display-component---AddNewContract--projectDescription","interaction":{"idSuffix":"inner"}},"wdio_ui5_key":"applicationmanagecontracts-display-component---AddNewContract--projectDescription"}]}
RESULT: {}
RESULT: {"script":"<script> [1562 bytes]","args":[{"selector":{"id":"application-managecontracts-display-component---AddNewContract--projectDescription","interaction":{"idSuffix":"inner"}},"wdio_ui5_key":"applicationmanagecontracts-display-component---AddNewContract--projectDescription"}]}
RESULT: undefined
COMMAND: POST /session/f8b17aff14ace713329ed2ba9e517e88/execute/async - {"script":"<script> [776 bytes]","args":[{"enterText":"Contract WDIO","selector":{"id":"application-managecontracts-display-component---AddNewContract--projectDescription","interaction":{"idSuffix":"inner"}},"clearTextFirst":true,"interactionType":"ENTER_TEXT"}]}
RESULT: {"script":"<script> [776 bytes]","args":[{"enterText":"Contract WDIO","selector":{"id":"application-managecontracts-display-component---AddNewContract--projectDescription","interaction":{"idSuffix":"inner"}},"clearTextFirst":true,"interactionType":"ENTER_TEXT"}]}
COMMAND: POST /session/f8b17aff14ace713329ed2ba9e517e88/element - {"using":"xpath","value":"//input[@id=\"application-managecontracts-display-component---AddNewContract--site-inner\"]"}
RESULT: {"using":"xpath","value":"//input[@id=\"application-managecontracts-display-component---AddNewContract--site-inner\"]"}
COMMAND: POST /session/f8b17aff14ace713329ed2ba9e517e88/element/f.8F60F7CA831AD576036D3680DB46BD22.d.35F571C43325C7E1BC39B4C295831345.e.18955/clear - {}
RESULT: {}
COMMAND: POST /session/f8b17aff14ace713329ed2ba9e517e88/element/f.8F60F7CA831AD576036D3680DB46BD22.d.35F571C43325C7E1BC39B4C295831345.e.18955/value - {"text":"2196"}
COMMAND: GET /session/f8b17aff14ace713329ed2ba9e517e88/screenshot - {}
RESULT: {"text":"2196"}
COMMAND: GET /session/f8b17aff14ace713329ed2ba9e517e88/screenshot - {}
RESULT: {}
RESULT: {}
COMMAND: POST /session/f8b17aff14ace713329ed2ba9e517e88/element - {"using":"xpath","value":"//li[.//span[text()='2196']]"}
RESULT: {"using":"xpath","value":"//li[.//span[text()='2196']]"}
COMMAND: POST /session/f8b17aff14ace713329ed2ba9e517e88/element/f.8F60F7CA831AD576036D3680DB46BD22.d.35F571C43325C7E1BC39B4C295831345.e.18977/click - {}
RESULT: {}
COMMAND: GET /session/f8b17aff14ace713329ed2ba9e517e88/screenshot - {}
RESULT: {}
COMMAND: POST /session/f8b17aff14ace713329ed2ba9e517e88/element - {"using":"xpath","value":"//input[@id=\"application-managecontracts-display-component---AddNewContract--yardId-inner\"]"}
RESULT: {"using":"xpath","value":"//input[@id=\"application-managecontracts-display-component---AddNewContract--yardId-inner\"]"}
COMMAND: GET /session/f8b17aff14ace713329ed2ba9e517e88/element/f.8F60F7CA831AD576036D3680DB46BD22.d.35F571C43325C7E1BC39B4C295831345.e.18956/property/value - {}
RESULT: {}
COMMAND: POST /session/f8b17aff14ace713329ed2ba9e517e88/element - {"using":"xpath","value":"//input[@id=\"application-managecontracts-display-component---AddNewContract--customerSelect-inner\"]"}
COMMAND: GET /session/f8b17aff14ace713329ed2ba9e517e88/screenshot - {}
RESULT: {"using":"xpath","value":"//input[@id=\"application-managecontracts-display-component---AddNewContract--customerSelect-inner\"]"}
COMMAND: POST /session/f8b17aff14ace713329ed2ba9e517e88/element/f.8F60F7CA831AD576036D3680DB46BD22.d.35F571C43325C7E1BC39B4C295831345.e.18954/clear - {}
RESULT: {}
RESULT: {}
COMMAND: POST /session/f8b17aff14ace713329ed2ba9e517e88/element/f.8F60F7CA831AD576036D3680DB46BD22.d.35F571C43325C7E1BC39B4C295831345.e.18954/value - {"text":"1210"}
COMMAND: GET /session/f8b17aff14ace713329ed2ba9e517e88/screenshot - {}
RESULT: {"text":"1210"}
COMMAND: GET /session/f8b17aff14ace713329ed2ba9e517e88/screenshot - {}
RESULT: {}
RESULT: {}
COMMAND: POST /session/f8b17aff14ace713329ed2ba9e517e88/element - {"using":"xpath","value":"//li[.//span[text()='1210']]"}
RESULT: {"using":"xpath","value":"//li[.//span[text()='1210']]"}
COMMAND: POST /session/f8b17aff14ace713329ed2ba9e517e88/element/f.8F60F7CA831AD576036D3680DB46BD22.d.35F571C43325C7E1BC39B4C295831345.e.18980/click - {}
RESULT: {}
COMMAND: GET /session/f8b17aff14ace713329ed2ba9e517e88/screenshot - {}
RESULT: {}
COMMAND: POST /session/f8b17aff14ace713329ed2ba9e517e88/element - {"using":"xpath","value":"//button[@data-kt=\"saveButton\"]"}
RESULT: {"using":"xpath","value":"//button[@data-kt=\"saveButton\"]"}
COMMAND: POST /session/f8b17aff14ace713329ed2ba9e517e88/element/f.8F60F7CA831AD576036D3680DB46BD22.d.35F571C43325C7E1BC39B4C295831345.e.18970/click - {}
RESULT: {}
COMMAND: GET /session/f8b17aff14ace713329ed2ba9e517e88/screenshot - {}
RESULT: {}
COMMAND: POST /session/f8b17aff14ace713329ed2ba9e517e88/element - {"using":"xpath","value":"//span[contains(@id ,\"contractDetailTitleNoExpanded\")]"}
RESULT: {"using":"xpath","value":"//span[contains(@id ,\"contractDetailTitleNoExpanded\")]"}
COMMAND: POST /session/f8b17aff14ace713329ed2ba9e517e88/elements - {"using":"xpath","value":"//span[contains(@id ,\"contractDetailTitleNoExpanded\")]"}
RESULT: {"using":"xpath","value":"//span[contains(@id ,\"contractDetailTitleNoExpanded\")]"}
COMMAND: POST /session/f8b17aff14ace713329ed2ba9e517e88/execute/sync - {"script":"<script> [56 bytes]","args":[{"element-6066-11e4-a52e-4f735466cecf":"f.8F60F7CA831AD576036D3680DB46BD22.d.35F571C43325C7E1BC39B4C295831345.e.19049","ELEMENT":"f.8F60F7CA831AD576036D3680DB46BD22.d.35F571C43325C7E1BC39B4C295831345.e.19049"}]}
RESULT: {"script":"<script> [56 bytes]","args":[{"element-6066-11e4-a52e-4f735466cecf":"f.8F60F7CA831AD576036D3680DB46BD22.d.35F571C43325C7E1BC39B4C295831345.e.19049","ELEMENT":"f.8F60F7CA831AD576036D3680DB46BD22.d.35F571C43325C7E1BC39B4C295831345.e.19049"}]}
COMMAND: GET /session/f8b17aff14ace713329ed2ba9e517e88/screenshot - {}
RESULT: {}
]]></system-out>
    </testcase>
    <testcase classname="chrome.135_0_7049_96.windows.Create_Reverse_Billing_US127248" name="Should add equipment to the contract" time="53.963">
      <system-out><![CDATA[
COMMAND: POST /session/f8b17aff14ace713329ed2ba9e517e88/element - {"using":"xpath","value":"//button[@data-kt=\"contractDetailEditBtnButton\"]"}
RESULT: {"using":"xpath","value":"//button[@data-kt=\"contractDetailEditBtnButton\"]"}
COMMAND: POST /session/f8b17aff14ace713329ed2ba9e517e88/element/f.8F60F7CA831AD576036D3680DB46BD22.d.35F571C43325C7E1BC39B4C295831345.e.19052/click - {}
RESULT: {}
COMMAND: GET /session/f8b17aff14ace713329ed2ba9e517e88/screenshot - {}
RESULT: {}
COMMAND: POST /session/f8b17aff14ace713329ed2ba9e517e88/element - {"using":"xpath","value":"(//span[contains(text(), \"Additional Addresses\")])[2]"}
RESULT: {"using":"xpath","value":"(//span[contains(text(), \"Additional Addresses\")])[2]"}
COMMAND: POST /session/f8b17aff14ace713329ed2ba9e517e88/element/f.8F60F7CA831AD576036D3680DB46BD22.d.35F571C43325C7E1BC39B4C295831345.e.19108/click - {}
RESULT: {}
COMMAND: GET /session/f8b17aff14ace713329ed2ba9e517e88/screenshot - {}
RESULT: {}
COMMAND: POST /session/f8b17aff14ace713329ed2ba9e517e88/element - {"using":"xpath","value":"//button[@data-kt=\"btnAddTableRowOverflowToolbarButton\"]"}
RESULT: {"using":"xpath","value":"//button[@data-kt=\"btnAddTableRowOverflowToolbarButton\"]"}
COMMAND: POST /session/f8b17aff14ace713329ed2ba9e517e88/element/f.8F60F7CA831AD576036D3680DB46BD22.d.35F571C43325C7E1BC39B4C295831345.e.19110/click - {}
RESULT: {}
COMMAND: GET /session/f8b17aff14ace713329ed2ba9e517e88/screenshot - {}
RESULT: {}
COMMAND: POST /session/f8b17aff14ace713329ed2ba9e517e88/element - {"using":"xpath","value":"//div[(text() = 'Standard Entry' or . = 'Standard Entry')]"}
RESULT: {"using":"xpath","value":"//div[(text() = 'Standard Entry' or . = 'Standard Entry')]"}
COMMAND: POST /session/f8b17aff14ace713329ed2ba9e517e88/element/f.8F60F7CA831AD576036D3680DB46BD22.d.35F571C43325C7E1BC39B4C295831345.e.19112/click - {}
RESULT: {}
COMMAND: GET /session/f8b17aff14ace713329ed2ba9e517e88/screenshot - {}
RESULT: {}
COMMAND: POST /session/f8b17aff14ace713329ed2ba9e517e88/element - {"using":"xpath","value":"//td[7]/div/div/input"}
RESULT: {"using":"xpath","value":"//td[7]/div/div/input"}
COMMAND: POST /session/f8b17aff14ace713329ed2ba9e517e88/element/f.8F60F7CA831AD576036D3680DB46BD22.d.35F571C43325C7E1BC39B4C295831345.e.19121/clear - {}
RESULT: {}
COMMAND: POST /session/f8b17aff14ace713329ed2ba9e517e88/element/f.8F60F7CA831AD576036D3680DB46BD22.d.35F571C43325C7E1BC39B4C295831345.e.19121/value - {"text":"sx5dkY1t7i"}
COMMAND: GET /session/f8b17aff14ace713329ed2ba9e517e88/screenshot - {}
RESULT: {"text":"sx5dkY1t7i"}
COMMAND: GET /session/f8b17aff14ace713329ed2ba9e517e88/screenshot - {}
RESULT: {}
RESULT: {}
COMMAND: POST /session/f8b17aff14ace713329ed2ba9e517e88/actions - {"actions":[{"id":"action70","type":"key","parameters":{},"actions":[{"type":"keyDown","value":"î€‡"},{"type":"pause","duration":10},{"type":"keyUp","value":"î€‡"}]}]}
RESULT: {"actions":[{"id":"action70","type":"key","parameters":{},"actions":[{"type":"keyDown","value":"î€‡"},{"type":"pause","duration":10},{"type":"keyUp","value":"î€‡"}]}]}
COMMAND: GET /session/f8b17aff14ace713329ed2ba9e517e88/screenshot - {}
RESULT: {}
COMMAND: POST /session/f8b17aff14ace713329ed2ba9e517e88/element - {"using":"xpath","value":"(//button[@data-kt=\"saveButton\"])[2]"}
RESULT: {"using":"xpath","value":"(//button[@data-kt=\"saveButton\"])[2]"}
COMMAND: POST /session/f8b17aff14ace713329ed2ba9e517e88/element/f.8F60F7CA831AD576036D3680DB46BD22.d.35F571C43325C7E1BC39B4C295831345.e.19136/click - {}
RESULT: {}
COMMAND: GET /session/f8b17aff14ace713329ed2ba9e517e88/screenshot - {}
RESULT: {}
COMMAND: POST /session/f8b17aff14ace713329ed2ba9e517e88/element - {"using":"xpath","value":"//span[contains(@id ,\"contractItemsSmartTable-header-inner\")]"}
RESULT: {"using":"xpath","value":"//span[contains(@id ,\"contractItemsSmartTable-header-inner\")]"}
COMMAND: POST /session/f8b17aff14ace713329ed2ba9e517e88/elements - {"using":"xpath","value":"//span[contains(@id ,\"contractItemsSmartTable-header-inner\")]"}
RESULT: {"using":"xpath","value":"//span[contains(@id ,\"contractItemsSmartTable-header-inner\")]"}
COMMAND: POST /session/f8b17aff14ace713329ed2ba9e517e88/execute/sync - {"script":"<script> [56 bytes]","args":[{"element-6066-11e4-a52e-4f735466cecf":"f.8F60F7CA831AD576036D3680DB46BD22.d.35F571C43325C7E1BC39B4C295831345.e.19141","ELEMENT":"f.8F60F7CA831AD576036D3680DB46BD22.d.35F571C43325C7E1BC39B4C295831345.e.19141"}]}
RESULT: {"script":"<script> [56 bytes]","args":[{"element-6066-11e4-a52e-4f735466cecf":"f.8F60F7CA831AD576036D3680DB46BD22.d.35F571C43325C7E1BC39B4C295831345.e.19141","ELEMENT":"f.8F60F7CA831AD576036D3680DB46BD22.d.35F571C43325C7E1BC39B4C295831345.e.19141"}]}
]]></system-out>
    </testcase>
    <testcase classname="chrome.135_0_7049_96.windows.Create_Reverse_Billing_US127248" name="Should do a provide to site handover" time="56.064">
      <system-out><![CDATA[
COMMAND: POST /session/f8b17aff14ace713329ed2ba9e517e88/element - {"using":"xpath","value":"//button[@data-kt=\"provideButton\"]"}
COMMAND: GET /session/f8b17aff14ace713329ed2ba9e517e88/screenshot - {}
RESULT: {"using":"xpath","value":"//button[@data-kt=\"provideButton\"]"}
COMMAND: POST /session/f8b17aff14ace713329ed2ba9e517e88/element/f.8F60F7CA831AD576036D3680DB46BD22.d.35F571C43325C7E1BC39B4C295831345.e.19142/click - {}
RESULT: {}
RESULT: {}
COMMAND: GET /session/f8b17aff14ace713329ed2ba9e517e88/screenshot - {}
RESULT: undefined
COMMAND: POST /session/f8b17aff14ace713329ed2ba9e517e88/execute/async - {"script":"<script> [6424 bytes]","args":[{"element-6066-11e4-a52e-4f735466cecf":"f.8F60F7CA831AD576036D3680DB46BD22.d.35F571C43325C7E1BC39B4C295831345.e.18071"},"setValue",["04/28/2025"]]}
RESULT: {}
COMMAND: POST /session/f8b17aff14ace713329ed2ba9e517e88/execute/async - {"script":"<script> [1562 bytes]","args":[{"selector":{"id":"application-managehandovers-display-component---AddNewHO--dueDate","interaction":{"idSuffix":"inner"}},"wdio_ui5_key":"applicationmanagehandovers-display-component---AddNewHO--dueDate"}]}
RESULT: {"script":"<script> [1562 bytes]","args":[{"selector":{"id":"application-managehandovers-display-component---AddNewHO--dueDate","interaction":{"idSuffix":"inner"}},"wdio_ui5_key":"applicationmanagehandovers-display-component---AddNewHO--dueDate"}]}
COMMAND: POST /session/f8b17aff14ace713329ed2ba9e517e88/execute/async - {"script":"<script> [6424 bytes]","args":[{"element-6066-11e4-a52e-4f735466cecf":"f.8F60F7CA831AD576036D3680DB46BD22.d.35F571C43325C7E1BC39B4C295831345.e.19216"},"setValue",["04/28/2025"]]}
RESULT: {"script":"<script> [6424 bytes]","args":[{"element-6066-11e4-a52e-4f735466cecf":"f.8F60F7CA831AD576036D3680DB46BD22.d.35F571C43325C7E1BC39B4C295831345.e.19216"},"setValue",["04/28/2025"]]}
COMMAND: POST /session/f8b17aff14ace713329ed2ba9e517e88/element - {"using":"xpath","value":"//bdi[contains(text(), \"Instructions\")]"}
RESULT: {"using":"xpath","value":"//bdi[contains(text(), \"Instructions\")]"}
COMMAND: POST /session/f8b17aff14ace713329ed2ba9e517e88/element/f.8F60F7CA831AD576036D3680DB46BD22.d.35F571C43325C7E1BC39B4C295831345.e.19458/click - {}
RESULT: {}
COMMAND: GET /session/f8b17aff14ace713329ed2ba9e517e88/screenshot - {}
RESULT: {}
COMMAND: POST /session/f8b17aff14ace713329ed2ba9e517e88/element - {"using":"xpath","value":"//button[@data-kt=\"AddNewHOProvideAddItemsButton\"]"}
RESULT: {"using":"xpath","value":"//button[@data-kt=\"AddNewHOProvideAddItemsButton\"]"}
COMMAND: POST /session/f8b17aff14ace713329ed2ba9e517e88/element/f.8F60F7CA831AD576036D3680DB46BD22.d.35F571C43325C7E1BC39B4C295831345.e.19462/click - {}
RESULT: {}
COMMAND: GET /session/f8b17aff14ace713329ed2ba9e517e88/screenshot - {}
RESULT: {}
RESULT: undefined
COMMAND: POST /session/f8b17aff14ace713329ed2ba9e517e88/element - {"using":"xpath","value":"//*[@id=\"application-managehandovers-display-component---AddNewHO--popup-sa\"]"}
RESULT: {"using":"xpath","value":"//*[@id=\"application-managehandovers-display-component---AddNewHO--popup-sa\"]"}
COMMAND: POST /session/f8b17aff14ace713329ed2ba9e517e88/element/f.8F60F7CA831AD576036D3680DB46BD22.d.35F571C43325C7E1BC39B4C295831345.e.19472/click - {}
RESULT: {}
COMMAND: GET /session/f8b17aff14ace713329ed2ba9e517e88/screenshot - {}
RESULT: {}
COMMAND: POST /session/f8b17aff14ace713329ed2ba9e517e88/element - {"using":"xpath","value":"//*[contains(@id ,\"BDI-content\")][contains(text(), \"Select\")]"}
RESULT: {"using":"xpath","value":"//*[contains(@id ,\"BDI-content\")][contains(text(), \"Select\")]"}
COMMAND: POST /session/f8b17aff14ace713329ed2ba9e517e88/element/f.8F60F7CA831AD576036D3680DB46BD22.d.35F571C43325C7E1BC39B4C295831345.e.19473/click - {}
RESULT: {}
COMMAND: GET /session/f8b17aff14ace713329ed2ba9e517e88/screenshot - {}
RESULT: {}
COMMAND: POST /session/f8b17aff14ace713329ed2ba9e517e88/execute/async - {"script":"<script> [1562 bytes]","args":[{"selector":{"id":"application-managehandovers-display-component---AddNewHO--confirmCreationButton","interaction":{"idSuffix":"BDI-content"}},"wdio_ui5_key":"applicationmanagehandovers-display-component---AddNewHO--confirmCreationButton"}]}
RESULT: {"script":"<script> [1562 bytes]","args":[{"selector":{"id":"application-managehandovers-display-component---AddNewHO--confirmCreationButton","interaction":{"idSuffix":"BDI-content"}},"wdio_ui5_key":"applicationmanagehandovers-display-component---AddNewHO--confirmCreationButton"}]}
RESULT: undefined
COMMAND: POST /session/f8b17aff14ace713329ed2ba9e517e88/element - {"using":"xpath","value":"//*[@id=\"application-managehandovers-display-component---AddNewHO--confirmCreationButton\"]"}
RESULT: {"using":"xpath","value":"//*[@id=\"application-managehandovers-display-component---AddNewHO--confirmCreationButton\"]"}
COMMAND: POST /session/f8b17aff14ace713329ed2ba9e517e88/element/f.8F60F7CA831AD576036D3680DB46BD22.d.35F571C43325C7E1BC39B4C295831345.e.19260/click - {}
RESULT: {}
COMMAND: GET /session/f8b17aff14ace713329ed2ba9e517e88/screenshot - {}
RESULT: {}
COMMAND: POST /session/f8b17aff14ace713329ed2ba9e517e88/element - {"using":"xpath","value":"//button[@data-kt=\"PickingTableConfirmAllButton\"]"}
RESULT: {"using":"xpath","value":"//button[@data-kt=\"PickingTableConfirmAllButton\"]"}
COMMAND: POST /session/f8b17aff14ace713329ed2ba9e517e88/elements - {"using":"xpath","value":"//button[@data-kt=\"PickingTableConfirmAllButton\"]"}
RESULT: {"using":"xpath","value":"//button[@data-kt=\"PickingTableConfirmAllButton\"]"}
COMMAND: POST /session/f8b17aff14ace713329ed2ba9e517e88/elements - {"using":"xpath","value":"//button[@data-kt=\"PickingTableConfirmAllButton\"]"}
RESULT: {"using":"xpath","value":"//button[@data-kt=\"PickingTableConfirmAllButton\"]"}
COMMAND: POST /session/f8b17aff14ace713329ed2ba9e517e88/element - {"using":"xpath","value":"//button[@data-kt=\"PickingTableConfirmAllButton\"]"}
RESULT: {"using":"xpath","value":"//button[@data-kt=\"PickingTableConfirmAllButton\"]"}
COMMAND: POST /session/f8b17aff14ace713329ed2ba9e517e88/element/f.8F60F7CA831AD576036D3680DB46BD22.d.35F571C43325C7E1BC39B4C295831345.e.19512/click - {}
COMMAND: POST /session/f8b17aff14ace713329ed2ba9e517e88/element - {"using":"xpath","value":"//button[@data-kt=\"PickingTableConfirmAllButton\"]"}
RESULT: {"using":"xpath","value":"//button[@data-kt=\"PickingTableConfirmAllButton\"]"}
COMMAND: POST /session/f8b17aff14ace713329ed2ba9e517e88/element/f.8F60F7CA831AD576036D3680DB46BD22.d.35F571C43325C7E1BC39B4C295831345.e.19512/click - {}
COMMAND: POST /session/f8b17aff14ace713329ed2ba9e517e88/element - {"using":"xpath","value":"//button[@data-kt=\"PickingTableConfirmAllButton\"]"}
RESULT: {"using":"xpath","value":"//button[@data-kt=\"PickingTableConfirmAllButton\"]"}
COMMAND: POST /session/f8b17aff14ace713329ed2ba9e517e88/element/f.8F60F7CA831AD576036D3680DB46BD22.d.35F571C43325C7E1BC39B4C295831345.e.19532/click - {}
RESULT: {}
COMMAND: GET /session/f8b17aff14ace713329ed2ba9e517e88/screenshot - {}
RESULT: {}
COMMAND: POST /session/f8b17aff14ace713329ed2ba9e517e88/element - {"using":"xpath","value":"//bdi[contains(text(), \"OK\")]"}
RESULT: {"using":"xpath","value":"//bdi[contains(text(), \"OK\")]"}
COMMAND: POST /session/f8b17aff14ace713329ed2ba9e517e88/element/f.8F60F7CA831AD576036D3680DB46BD22.d.35F571C43325C7E1BC39B4C295831345.e.19535/click - {}
RESULT: {}
COMMAND: GET /session/f8b17aff14ace713329ed2ba9e517e88/screenshot - {}
RESULT: {}
COMMAND: POST /session/f8b17aff14ace713329ed2ba9e517e88/element - {"using":"xpath","value":"//bdi[contains(text(), \"Issue\")]"}
RESULT: {"using":"xpath","value":"//bdi[contains(text(), \"Issue\")]"}
COMMAND: POST /session/f8b17aff14ace713329ed2ba9e517e88/element/f.8F60F7CA831AD576036D3680DB46BD22.d.35F571C43325C7E1BC39B4C295831345.e.19537/click - {}
RESULT: {}
COMMAND: GET /session/f8b17aff14ace713329ed2ba9e517e88/screenshot - {}
RESULT: {}
COMMAND: POST /session/f8b17aff14ace713329ed2ba9e517e88/element - {"using":"css selector","value":"#shell-header-logo"}
RESULT: {"using":"css selector","value":"#shell-header-logo"}
COMMAND: POST /session/f8b17aff14ace713329ed2ba9e517e88/element/f.8F60F7CA831AD576036D3680DB46BD22.d.35F571C43325C7E1BC39B4C295831345.e.18592/click - {}
RESULT: {}
COMMAND: GET /session/f8b17aff14ace713329ed2ba9e517e88/screenshot - {}
RESULT: {}
]]></system-out>
    </testcase>
    <testcase classname="chrome.135_0_7049_96.windows.Create_Reverse_Billing_US127248" name="Should go navigate to Manage Billings and trigger contract calculation check result" time="57.992">
      <system-out><![CDATA[
COMMAND: POST /session/f8b17aff14ace713329ed2ba9e517e88/execute/async - {"script":"<script> [1562 bytes]","args":[{"selector":{"controlType":"sap.m.GenericTile","properties":{"header":"Manage Billings"}},"wdio_ui5_key":"sapm.GenericTile{\"header\":\"Manage Billings\"}"}]}
RESULT: {"script":"<script> [1562 bytes]","args":[{"selector":{"controlType":"sap.m.GenericTile","properties":{"header":"Manage Billings"}},"wdio_ui5_key":"sapm.GenericTile{\"header\":\"Manage Billings\"}"}]}
RESULT: undefined
COMMAND: POST /session/f8b17aff14ace713329ed2ba9e517e88/element - {"using":"xpath","value":"//*[@id=\"__tile51\"]"}
RESULT: {"using":"xpath","value":"//*[@id=\"__tile51\"]"}
COMMAND: POST /session/f8b17aff14ace713329ed2ba9e517e88/element/f.8F60F7CA831AD576036D3680DB46BD22.d.35F571C43325C7E1BC39B4C295831345.e.16467/click - {}
RESULT: {}
COMMAND: GET /session/f8b17aff14ace713329ed2ba9e517e88/screenshot - {}
RESULT: {}
COMMAND: POST /session/f8b17aff14ace713329ed2ba9e517e88/execute/async - {"script":"<script> [1562 bytes]","args":[{"selector":{"id":"application-managebillings-display-component---billRunCalcResult--smartFilterBar-btnBasicSearch","interaction":{"idSuffix":"I"}},"wdio_ui5_key":"applicationmanagebillings-display-component---billRunCalcResult--smartFilterBar-btnBasicSearch"}]}
RESULT: {"script":"<script> [1562 bytes]","args":[{"selector":{"id":"application-managebillings-display-component---billRunCalcResult--smartFilterBar-btnBasicSearch","interaction":{"idSuffix":"I"}},"wdio_ui5_key":"applicationmanagebillings-display-component---billRunCalcResult--smartFilterBar-btnBasicSearch"}]}
RESULT: undefined
COMMAND: POST /session/f8b17aff14ace713329ed2ba9e517e88/execute/async - {"script":"<script> [776 bytes]","args":[{"enterText":"10292","selector":{"id":"application-managebillings-display-component---billRunCalcResult--smartFilterBar-btnBasicSearch","interaction":{"idSuffix":"I"}},"clearTextFirst":true,"interactionType":"ENTER_TEXT"}]}
RESULT: {"script":"<script> [776 bytes]","args":[{"enterText":"10292","selector":{"id":"application-managebillings-display-component---billRunCalcResult--smartFilterBar-btnBasicSearch","interaction":{"idSuffix":"I"}},"clearTextFirst":true,"interactionType":"ENTER_TEXT"}]}
COMMAND: POST /session/f8b17aff14ace713329ed2ba9e517e88/actions - {"actions":[{"id":"action71","type":"key","parameters":{},"actions":[{"type":"keyDown","value":"î€‡"},{"type":"pause","duration":10},{"type":"keyUp","value":"î€‡"}]}]}
RESULT: {"actions":[{"id":"action71","type":"key","parameters":{},"actions":[{"type":"keyDown","value":"î€‡"},{"type":"pause","duration":10},{"type":"keyUp","value":"î€‡"}]}]}
COMMAND: GET /session/f8b17aff14ace713329ed2ba9e517e88/screenshot - {}
RESULT: {}
COMMAND: POST /session/f8b17aff14ace713329ed2ba9e517e88/element - {"using":"xpath","value":"//td[@aria-colindex=\"1\"]/div/div[contains(@class, \"sapMCbBg\")]"}
RESULT: {"using":"xpath","value":"//td[@aria-colindex=\"1\"]/div/div[contains(@class, \"sapMCbBg\")]"}
COMMAND: POST /session/f8b17aff14ace713329ed2ba9e517e88/element/f.8F60F7CA831AD576036D3680DB46BD22.d.35F571C43325C7E1BC39B4C295831345.e.19964/click - {}
RESULT: {}
COMMAND: GET /session/f8b17aff14ace713329ed2ba9e517e88/screenshot - {}
RESULT: {}
COMMAND: POST /session/f8b17aff14ace713329ed2ba9e517e88/execute/async - {"script":"<script> [1562 bytes]","args":[{"selector":{"id":"application-managebillings-display-component---billRunCalcResult--contractBillRunDate","interaction":{"idSuffix":"inner"}},"wdio_ui5_key":"applicationmanagebillings-display-component---billRunCalcResult--contractBillRunDate"}]}
RESULT: {"script":"<script> [1562 bytes]","args":[{"selector":{"id":"application-managebillings-display-component---billRunCalcResult--contractBillRunDate","interaction":{"idSuffix":"inner"}},"wdio_ui5_key":"applicationmanagebillings-display-component---billRunCalcResult--contractBillRunDate"}]}
RESULT: undefined
COMMAND: POST /session/f8b17aff14ace713329ed2ba9e517e88/execute/async - {"script":"<script> [776 bytes]","args":[{"enterText":"05/28/25","selector":{"id":"application-managebillings-display-component---billRunCalcResult--contractBillRunDate","interaction":{"idSuffix":"inner"}},"clearTextFirst":true,"interactionType":"ENTER_TEXT"}]}
RESULT: {"script":"<script> [776 bytes]","args":[{"enterText":"05/28/25","selector":{"id":"application-managebillings-display-component---billRunCalcResult--contractBillRunDate","interaction":{"idSuffix":"inner"}},"clearTextFirst":true,"interactionType":"ENTER_TEXT"}]}
COMMAND: POST /session/f8b17aff14ace713329ed2ba9e517e88/element - {"using":"xpath","value":"//bdi[contains(text(), \"Trigger Calculation\")]"}
RESULT: {"using":"xpath","value":"//bdi[contains(text(), \"Trigger Calculation\")]"}
COMMAND: POST /session/f8b17aff14ace713329ed2ba9e517e88/element/f.8F60F7CA831AD576036D3680DB46BD22.d.35F571C43325C7E1BC39B4C295831345.e.19985/click - {}
RESULT: {}
COMMAND: GET /session/f8b17aff14ace713329ed2ba9e517e88/screenshot - {}
RESULT: {}
COMMAND: POST /session/f8b17aff14ace713329ed2ba9e517e88/element - {"using":"xpath","value":"(//span[contains(@id, \"imgNav\")])[1]"}
RESULT: {"using":"xpath","value":"(//span[contains(@id, \"imgNav\")])[1]"}
COMMAND: POST /session/f8b17aff14ace713329ed2ba9e517e88/element/f.8F60F7CA831AD576036D3680DB46BD22.d.35F571C43325C7E1BC39B4C295831345.e.19978/click - {}
RESULT: {}
COMMAND: GET /session/f8b17aff14ace713329ed2ba9e517e88/screenshot - {}
RESULT: {}
COMMAND: POST /session/f8b17aff14ace713329ed2ba9e517e88/element - {"using":"xpath","value":"//tr/td[6]/div[1]/span[1]/span[1]"}
RESULT: {"using":"xpath","value":"//tr/td[6]/div[1]/span[1]/span[1]"}
COMMAND: GET /session/f8b17aff14ace713329ed2ba9e517e88/element/f.8F60F7CA831AD576036D3680DB46BD22.d.35F571C43325C7E1BC39B4C295831345.e.19990/text - {}
RESULT: {}
COMMAND: POST /session/f8b17aff14ace713329ed2ba9e517e88/element - {"using":"xpath","value":"(//span[contains(@id, \"imgNav\")])[2]"}
RESULT: {"using":"xpath","value":"(//span[contains(@id, \"imgNav\")])[2]"}
COMMAND: POST /session/f8b17aff14ace713329ed2ba9e517e88/element/f.8F60F7CA831AD576036D3680DB46BD22.d.35F571C43325C7E1BC39B4C295831345.e.19991/click - {}
RESULT: {}
COMMAND: POST /session/f8b17aff14ace713329ed2ba9e517e88/element - {"using":"xpath","value":"//bdi[contains(text(), \"Business Confirm\")]"}
COMMAND: GET /session/f8b17aff14ace713329ed2ba9e517e88/screenshot - {}
RESULT: {"using":"xpath","value":"//bdi[contains(text(), \"Business Confirm\")]"}
COMMAND: POST /session/f8b17aff14ace713329ed2ba9e517e88/elements - {"using":"xpath","value":"//bdi[contains(text(), \"Business Confirm\")]"}
RESULT: {}
RESULT: {"using":"xpath","value":"//bdi[contains(text(), \"Business Confirm\")]"}
COMMAND: POST /session/f8b17aff14ace713329ed2ba9e517e88/element - {"using":"xpath","value":"//bdi[contains(text(), \"Business Confirm\")]"}
RESULT: {"using":"xpath","value":"//bdi[contains(text(), \"Business Confirm\")]"}
COMMAND: POST /session/f8b17aff14ace713329ed2ba9e517e88/element/f.8F60F7CA831AD576036D3680DB46BD22.d.35F571C43325C7E1BC39B4C295831345.e.19993/click - {}
COMMAND: POST /session/f8b17aff14ace713329ed2ba9e517e88/element - {"using":"xpath","value":"//bdi[contains(text(), \"Business Confirm\")]"}
RESULT: {"using":"xpath","value":"//bdi[contains(text(), \"Business Confirm\")]"}
COMMAND: POST /session/f8b17aff14ace713329ed2ba9e517e88/element/f.8F60F7CA831AD576036D3680DB46BD22.d.35F571C43325C7E1BC39B4C295831345.e.19993/click - {}
COMMAND: POST /session/f8b17aff14ace713329ed2ba9e517e88/element - {"using":"xpath","value":"//bdi[contains(text(), \"Business Confirm\")]"}
RESULT: {"using":"xpath","value":"//bdi[contains(text(), \"Business Confirm\")]"}
COMMAND: POST /session/f8b17aff14ace713329ed2ba9e517e88/element/f.8F60F7CA831AD576036D3680DB46BD22.d.35F571C43325C7E1BC39B4C295831345.e.20061/click - {}
RESULT: {}
COMMAND: POST /session/f8b17aff14ace713329ed2ba9e517e88/element - {"using":"css selector","value":"#shell-header-logo"}
COMMAND: GET /session/f8b17aff14ace713329ed2ba9e517e88/screenshot - {}
RESULT: {"using":"css selector","value":"#shell-header-logo"}
COMMAND: POST /session/f8b17aff14ace713329ed2ba9e517e88/element/f.8F60F7CA831AD576036D3680DB46BD22.d.35F571C43325C7E1BC39B4C295831345.e.19722/click - {}
RESULT: {}
RESULT: {}
COMMAND: GET /session/f8b17aff14ace713329ed2ba9e517e88/screenshot - {}
RESULT: {}
]]></system-out>
    </testcase>
    <testcase classname="chrome.135_0_7049_96.windows.Create_Reverse_Billing_US127248" name="Should go into Billing Transfer and reverse the billing" time="40.17">
      <system-out><![CDATA[
COMMAND: POST /session/f8b17aff14ace713329ed2ba9e517e88/execute/async - {"script":"<script> [1562 bytes]","args":[{"selector":{"controlType":"sap.m.GenericTile","properties":{"header":"Billing Transfer"}},"wdio_ui5_key":"sapm.GenericTile{\"header\":\"Billing Transfer\"}"}]}
RESULT: {"script":"<script> [1562 bytes]","args":[{"selector":{"controlType":"sap.m.GenericTile","properties":{"header":"Billing Transfer"}},"wdio_ui5_key":"sapm.GenericTile{\"header\":\"Billing Transfer\"}"}]}
RESULT: undefined
COMMAND: POST /session/f8b17aff14ace713329ed2ba9e517e88/element - {"using":"xpath","value":"//*[@id=\"__tile50\"]"}
RESULT: {"using":"xpath","value":"//*[@id=\"__tile50\"]"}
COMMAND: POST /session/f8b17aff14ace713329ed2ba9e517e88/element/f.8F60F7CA831AD576036D3680DB46BD22.d.35F571C43325C7E1BC39B4C295831345.e.16465/click - {}
RESULT: {}
COMMAND: POST /session/f8b17aff14ace713329ed2ba9e517e88/element - {"using":"xpath","value":"//input[contains(@id ,\"application-billingtransfer-display-component---billingWorkbench--smartFilterBar-btnBasicSearch\")]"}
COMMAND: GET /session/f8b17aff14ace713329ed2ba9e517e88/screenshot - {}
RESULT: {"using":"xpath","value":"//input[contains(@id ,\"application-billingtransfer-display-component---billingWorkbench--smartFilterBar-btnBasicSearch\")]"}
COMMAND: POST /session/f8b17aff14ace713329ed2ba9e517e88/elements - {"using":"xpath","value":"//input[contains(@id ,\"application-billingtransfer-display-component---billingWorkbench--smartFilterBar-btnBasicSearch\")]"}
RESULT: {}
RESULT: {"using":"xpath","value":"//input[contains(@id ,\"application-billingtransfer-display-component---billingWorkbench--smartFilterBar-btnBasicSearch\")]"}
COMMAND: POST /session/f8b17aff14ace713329ed2ba9e517e88/elements - {"using":"xpath","value":"//input[contains(@id ,\"application-billingtransfer-display-component---billingWorkbench--smartFilterBar-btnBasicSearch\")]"}
RESULT: {"using":"xpath","value":"//input[contains(@id ,\"application-billingtransfer-display-component---billingWorkbench--smartFilterBar-btnBasicSearch\")]"}
COMMAND: POST /session/f8b17aff14ace713329ed2ba9e517e88/element - {"using":"xpath","value":"//input[contains(@id ,\"application-billingtransfer-display-component---billingWorkbench--smartFilterBar-btnBasicSearch\")]"}
RESULT: {"using":"xpath","value":"//input[contains(@id ,\"application-billingtransfer-display-component---billingWorkbench--smartFilterBar-btnBasicSearch\")]"}
COMMAND: POST /session/f8b17aff14ace713329ed2ba9e517e88/execute/sync - {"script":"<script> [8489 bytes]","args":[{"element-6066-11e4-a52e-4f735466cecf":"f.8F60F7CA831AD576036D3680DB46BD22.d.35F571C43325C7E1BC39B4C295831345.e.20072","ELEMENT":"f.8F60F7CA831AD576036D3680DB46BD22.d.35F571C43325C7E1BC39B4C295831345.e.20072"}]}
RESULT: {"script":"<script> [8489 bytes]","args":[{"element-6066-11e4-a52e-4f735466cecf":"f.8F60F7CA831AD576036D3680DB46BD22.d.35F571C43325C7E1BC39B4C295831345.e.20072","ELEMENT":"f.8F60F7CA831AD576036D3680DB46BD22.d.35F571C43325C7E1BC39B4C295831345.e.20072"}]}
COMMAND: GET /session/f8b17aff14ace713329ed2ba9e517e88/element/f.8F60F7CA831AD576036D3680DB46BD22.d.35F571C43325C7E1BC39B4C295831345.e.20072/enabled - {}
COMMAND: GET /session/f8b17aff14ace713329ed2ba9e517e88/screenshot - {}
RESULT: {}
COMMAND: POST /session/f8b17aff14ace713329ed2ba9e517e88/element/f.8F60F7CA831AD576036D3680DB46BD22.d.35F571C43325C7E1BC39B4C295831345.e.20072/click - {}
COMMAND: GET /session/f8b17aff14ace713329ed2ba9e517e88/screenshot - {}
RESULT: {}
RESULT: {}
COMMAND: GET /session/f8b17aff14ace713329ed2ba9e517e88/screenshot - {}
RESULT: {}
RESULT: {}
COMMAND: POST /session/f8b17aff14ace713329ed2ba9e517e88/element/f.8F60F7CA831AD576036D3680DB46BD22.d.35F571C43325C7E1BC39B4C295831345.e.20072/clear - {}
RESULT: {}
COMMAND: POST /session/f8b17aff14ace713329ed2ba9e517e88/element/f.8F60F7CA831AD576036D3680DB46BD22.d.35F571C43325C7E1BC39B4C295831345.e.20072/value - {"text":"10292"}
COMMAND: GET /session/f8b17aff14ace713329ed2ba9e517e88/screenshot - {}
RESULT: {"text":"10292"}
COMMAND: POST /session/f8b17aff14ace713329ed2ba9e517e88/actions - {"actions":[{"id":"action72","type":"key","parameters":{},"actions":[{"type":"keyDown","value":"î€‡"},{"type":"pause","duration":10},{"type":"keyUp","value":"î€‡"}]}]}
COMMAND: GET /session/f8b17aff14ace713329ed2ba9e517e88/screenshot - {}
RESULT: {}
RESULT: {"actions":[{"id":"action72","type":"key","parameters":{},"actions":[{"type":"keyDown","value":"î€‡"},{"type":"pause","duration":10},{"type":"keyUp","value":"î€‡"}]}]}
COMMAND: GET /session/f8b17aff14ace713329ed2ba9e517e88/screenshot - {}
RESULT: {}
RESULT: {}
COMMAND: POST /session/f8b17aff14ace713329ed2ba9e517e88/element - {"using":"xpath","value":"//span[contains(@id ,\"application-billingtransfer-display-component---billingWorkbench--smartTableBillingRuns-header-inner\")]"}
RESULT: {"using":"xpath","value":"//span[contains(@id ,\"application-billingtransfer-display-component---billingWorkbench--smartTableBillingRuns-header-inner\")]"}
COMMAND: POST /session/f8b17aff14ace713329ed2ba9e517e88/elements - {"using":"xpath","value":"//span[contains(@id ,\"application-billingtransfer-display-component---billingWorkbench--smartTableBillingRuns-header-inner\")]"}
RESULT: {"using":"xpath","value":"//span[contains(@id ,\"application-billingtransfer-display-component---billingWorkbench--smartTableBillingRuns-header-inner\")]"}
COMMAND: POST /session/f8b17aff14ace713329ed2ba9e517e88/execute/sync - {"script":"<script> [56 bytes]","args":[{"element-6066-11e4-a52e-4f735466cecf":"f.8F60F7CA831AD576036D3680DB46BD22.d.35F571C43325C7E1BC39B4C295831345.e.20283","ELEMENT":"f.8F60F7CA831AD576036D3680DB46BD22.d.35F571C43325C7E1BC39B4C295831345.e.20283"}]}
RESULT: {"script":"<script> [56 bytes]","args":[{"element-6066-11e4-a52e-4f735466cecf":"f.8F60F7CA831AD576036D3680DB46BD22.d.35F571C43325C7E1BC39B4C295831345.e.20283","ELEMENT":"f.8F60F7CA831AD576036D3680DB46BD22.d.35F571C43325C7E1BC39B4C295831345.e.20283"}]}
COMMAND: POST /session/f8b17aff14ace713329ed2ba9e517e88/element - {"using":"xpath","value":"//td[@aria-colindex=\"1\"]/div/div[contains(@class, \"sapMCbBg\")]"}
COMMAND: GET /session/f8b17aff14ace713329ed2ba9e517e88/screenshot - {}
RESULT: {"using":"xpath","value":"//td[@aria-colindex=\"1\"]/div/div[contains(@class, \"sapMCbBg\")]"}
COMMAND: POST /session/f8b17aff14ace713329ed2ba9e517e88/element/f.8F60F7CA831AD576036D3680DB46BD22.d.35F571C43325C7E1BC39B4C295831345.e.20174/click - {}
RESULT: {}
RESULT: {}
COMMAND: GET /session/f8b17aff14ace713329ed2ba9e517e88/screenshot - {}
RESULT: {}
COMMAND: POST /session/f8b17aff14ace713329ed2ba9e517e88/element - {"using":"xpath","value":"//bdi[contains(text(), \"Reverse\")]"}
RESULT: {"using":"xpath","value":"//bdi[contains(text(), \"Reverse\")]"}
COMMAND: POST /session/f8b17aff14ace713329ed2ba9e517e88/element/f.8F60F7CA831AD576036D3680DB46BD22.d.35F571C43325C7E1BC39B4C295831345.e.20284/click - {}
RESULT: {}
COMMAND: GET /session/f8b17aff14ace713329ed2ba9e517e88/screenshot - {}
RESULT: {}
COMMAND: POST /session/f8b17aff14ace713329ed2ba9e517e88/element - {"using":"xpath","value":"//input[contains(@id ,\"application-billingtransfer-display-component---billingWorkbench--smartFilterBar-btnBasicSearch\")]"}
RESULT: {"using":"xpath","value":"//input[contains(@id ,\"application-billingtransfer-display-component---billingWorkbench--smartFilterBar-btnBasicSearch\")]"}
COMMAND: POST /session/f8b17aff14ace713329ed2ba9e517e88/elements - {"using":"xpath","value":"//input[contains(@id ,\"application-billingtransfer-display-component---billingWorkbench--smartFilterBar-btnBasicSearch\")]"}
RESULT: {"using":"xpath","value":"//input[contains(@id ,\"application-billingtransfer-display-component---billingWorkbench--smartFilterBar-btnBasicSearch\")]"}
COMMAND: POST /session/f8b17aff14ace713329ed2ba9e517e88/execute/sync - {"script":"<script> [8489 bytes]","args":[{"element-6066-11e4-a52e-4f735466cecf":"f.8F60F7CA831AD576036D3680DB46BD22.d.35F571C43325C7E1BC39B4C295831345.e.20072","ELEMENT":"f.8F60F7CA831AD576036D3680DB46BD22.d.35F571C43325C7E1BC39B4C295831345.e.20072"}]}
RESULT: {"script":"<script> [8489 bytes]","args":[{"element-6066-11e4-a52e-4f735466cecf":"f.8F60F7CA831AD576036D3680DB46BD22.d.35F571C43325C7E1BC39B4C295831345.e.20072","ELEMENT":"f.8F60F7CA831AD576036D3680DB46BD22.d.35F571C43325C7E1BC39B4C295831345.e.20072"}]}
COMMAND: GET /session/f8b17aff14ace713329ed2ba9e517e88/element/f.8F60F7CA831AD576036D3680DB46BD22.d.35F571C43325C7E1BC39B4C295831345.e.20072/enabled - {}
COMMAND: GET /session/f8b17aff14ace713329ed2ba9e517e88/screenshot - {}
RESULT: {}
COMMAND: POST /session/f8b17aff14ace713329ed2ba9e517e88/element/f.8F60F7CA831AD576036D3680DB46BD22.d.35F571C43325C7E1BC39B4C295831345.e.20072/click - {}
COMMAND: GET /session/f8b17aff14ace713329ed2ba9e517e88/screenshot - {}
RESULT: {}
RESULT: {}
COMMAND: GET /session/f8b17aff14ace713329ed2ba9e517e88/screenshot - {}
RESULT: {}
RESULT: {}
COMMAND: POST /session/f8b17aff14ace713329ed2ba9e517e88/element/f.8F60F7CA831AD576036D3680DB46BD22.d.35F571C43325C7E1BC39B4C295831345.e.20072/clear - {}
RESULT: {}
COMMAND: POST /session/f8b17aff14ace713329ed2ba9e517e88/element/f.8F60F7CA831AD576036D3680DB46BD22.d.35F571C43325C7E1BC39B4C295831345.e.20072/value - {"text":"10292"}
COMMAND: GET /session/f8b17aff14ace713329ed2ba9e517e88/screenshot - {}
RESULT: {"text":"10292"}
COMMAND: POST /session/f8b17aff14ace713329ed2ba9e517e88/actions - {"actions":[{"id":"action73","type":"key","parameters":{},"actions":[{"type":"keyDown","value":"î€‡"},{"type":"pause","duration":10},{"type":"keyUp","value":"î€‡"}]}]}
COMMAND: GET /session/f8b17aff14ace713329ed2ba9e517e88/screenshot - {}
RESULT: {}
RESULT: {"actions":[{"id":"action73","type":"key","parameters":{},"actions":[{"type":"keyDown","value":"î€‡"},{"type":"pause","duration":10},{"type":"keyUp","value":"î€‡"}]}]}
COMMAND: GET /session/f8b17aff14ace713329ed2ba9e517e88/screenshot - {}
RESULT: {}
RESULT: {}
COMMAND: POST /session/f8b17aff14ace713329ed2ba9e517e88/element - {"using":"xpath","value":"//span[contains(@id ,\"application-billingtransfer-display-component---billingWorkbench--smartTableBillingRuns-header-inner\")]"}
RESULT: {"using":"xpath","value":"//span[contains(@id ,\"application-billingtransfer-display-component---billingWorkbench--smartTableBillingRuns-header-inner\")]"}
COMMAND: POST /session/f8b17aff14ace713329ed2ba9e517e88/elements - {"using":"xpath","value":"//span[contains(@id ,\"application-billingtransfer-display-component---billingWorkbench--smartTableBillingRuns-header-inner\")]"}
RESULT: {"using":"xpath","value":"//span[contains(@id ,\"application-billingtransfer-display-component---billingWorkbench--smartTableBillingRuns-header-inner\")]"}
COMMAND: POST /session/f8b17aff14ace713329ed2ba9e517e88/execute/sync - {"script":"<script> [56 bytes]","args":[{"element-6066-11e4-a52e-4f735466cecf":"f.8F60F7CA831AD576036D3680DB46BD22.d.35F571C43325C7E1BC39B4C295831345.e.20283","ELEMENT":"f.8F60F7CA831AD576036D3680DB46BD22.d.35F571C43325C7E1BC39B4C295831345.e.20283"}]}
RESULT: {"script":"<script> [56 bytes]","args":[{"element-6066-11e4-a52e-4f735466cecf":"f.8F60F7CA831AD576036D3680DB46BD22.d.35F571C43325C7E1BC39B4C295831345.e.20283","ELEMENT":"f.8F60F7CA831AD576036D3680DB46BD22.d.35F571C43325C7E1BC39B4C295831345.e.20283"}]}
COMMAND: POST /session/f8b17aff14ace713329ed2ba9e517e88/element - {"using":"css selector","value":"#shell-header-logo"}
COMMAND: GET /session/f8b17aff14ace713329ed2ba9e517e88/screenshot - {}
RESULT: {"using":"css selector","value":"#shell-header-logo"}
COMMAND: POST /session/f8b17aff14ace713329ed2ba9e517e88/element/f.8F60F7CA831AD576036D3680DB46BD22.d.35F571C43325C7E1BC39B4C295831345.e.20070/click - {}
RESULT: {}
RESULT: {}
COMMAND: GET /session/f8b17aff14ace713329ed2ba9e517e88/screenshot - {}
RESULT: {}
COMMAND: DELETE /session/f8b17aff14ace713329ed2ba9e517e88 - {}
RESULT: {}
]]></system-out>
    </testcase>
  </testsuite>
</testsuites>