<?xml version="1.0" encoding="UTF-8"?>
<testsuites tests="5" failures="2" errors="2" skipped="0">
  <testsuite timestamp="2025-05-14T06:05:33" time="360.506" tests="5" failures="2" errors="2" skipped="0">
    <properties>
      <property name="specId" value="0" />
      <property name="suiteName" value="Address Management Tests US151165 US151160" />
      <property name="capabilities" value="chrome.136_0_7103_49.windows" />
      <property name="file" value="file:///D:/a/1/s/test/specs/BTS/address-management.spec.js" />
    </properties>
    <testcase classname="chrome.136_0_7103_49.windows.Address_Management_Tests_US151165_US151160" name="Step 1 Will check existence of address created with generated name if none then we create" time="56.608">
      <system-out><![CDATA[
COMMAND: POST /session/182083f90ffd4e1f41203b08bcf05ba6/execute/async - {"script":"<script> [1562 bytes]","args":[{"selector":{"controlType":"sap.m.GenericTile","properties":{"header":"Address Management"}},"wdio_ui5_key":"sapm.GenericTile{\"header\":\"Address Management\"}"}]}
RESULT: {"script":"<script> [1562 bytes]","args":[{"selector":{"controlType":"sap.m.GenericTile","properties":{"header":"Address Management"}},"wdio_ui5_key":"sapm.GenericTile{\"header\":\"Address Management\"}"}]}
RESULT: undefined
COMMAND: POST /session/182083f90ffd4e1f41203b08bcf05ba6/element - {"using":"xpath","value":"//*[@id=\"__tile33\"]"}
RESULT: {"using":"xpath","value":"//*[@id=\"__tile33\"]"}
COMMAND: POST /session/182083f90ffd4e1f41203b08bcf05ba6/element/f.9E9033AC553CC0B85A95563BC71A2932.d.DD726767F1B40FE540082841F81F8E70.e.216/click - {}
RESULT: {}
COMMAND: POST /session/182083f90ffd4e1f41203b08bcf05ba6/element - {"using":"xpath","value":"//button[@data-kt=\"addButton\"]"}
COMMAND: GET /session/182083f90ffd4e1f41203b08bcf05ba6/screenshot - {}
RESULT: {"using":"xpath","value":"//button[@data-kt=\"addButton\"]"}
COMMAND: POST /session/182083f90ffd4e1f41203b08bcf05ba6/elements - {"using":"xpath","value":"//button[@data-kt=\"addButton\"]"}
RESULT: {}
RESULT: {"using":"xpath","value":"//button[@data-kt=\"addButton\"]"}
COMMAND: POST /session/182083f90ffd4e1f41203b08bcf05ba6/elements - {"using":"xpath","value":"//button[@data-kt=\"addButton\"]"}
RESULT: {"using":"xpath","value":"//button[@data-kt=\"addButton\"]"}
COMMAND: POST /session/182083f90ffd4e1f41203b08bcf05ba6/elements - {"using":"xpath","value":"//button[@data-kt=\"addButton\"]"}
RESULT: {"using":"xpath","value":"//button[@data-kt=\"addButton\"]"}
COMMAND: POST /session/182083f90ffd4e1f41203b08bcf05ba6/elements - {"using":"xpath","value":"//button[@data-kt=\"addButton\"]"}
RESULT: {"using":"xpath","value":"//button[@data-kt=\"addButton\"]"}
COMMAND: POST /session/182083f90ffd4e1f41203b08bcf05ba6/elements - {"using":"xpath","value":"//button[@data-kt=\"addButton\"]"}
RESULT: {"using":"xpath","value":"//button[@data-kt=\"addButton\"]"}
COMMAND: POST /session/182083f90ffd4e1f41203b08bcf05ba6/elements - {"using":"xpath","value":"//button[@data-kt=\"addButton\"]"}
RESULT: {"using":"xpath","value":"//button[@data-kt=\"addButton\"]"}
COMMAND: POST /session/182083f90ffd4e1f41203b08bcf05ba6/elements - {"using":"xpath","value":"//button[@data-kt=\"addButton\"]"}
RESULT: {"using":"xpath","value":"//button[@data-kt=\"addButton\"]"}
COMMAND: POST /session/182083f90ffd4e1f41203b08bcf05ba6/elements - {"using":"xpath","value":"//button[@data-kt=\"addButton\"]"}
RESULT: {"using":"xpath","value":"//button[@data-kt=\"addButton\"]"}
COMMAND: POST /session/182083f90ffd4e1f41203b08bcf05ba6/elements - {"using":"xpath","value":"//button[@data-kt=\"addButton\"]"}
RESULT: {"using":"xpath","value":"//button[@data-kt=\"addButton\"]"}
COMMAND: POST /session/182083f90ffd4e1f41203b08bcf05ba6/elements - {"using":"xpath","value":"//button[@data-kt=\"addButton\"]"}
RESULT: {"using":"xpath","value":"//button[@data-kt=\"addButton\"]"}
COMMAND: POST /session/182083f90ffd4e1f41203b08bcf05ba6/elements - {"using":"xpath","value":"//button[@data-kt=\"addButton\"]"}
RESULT: {"using":"xpath","value":"//button[@data-kt=\"addButton\"]"}
COMMAND: POST /session/182083f90ffd4e1f41203b08bcf05ba6/elements - {"using":"xpath","value":"//button[@data-kt=\"addButton\"]"}
RESULT: {"using":"xpath","value":"//button[@data-kt=\"addButton\"]"}
COMMAND: POST /session/182083f90ffd4e1f41203b08bcf05ba6/elements - {"using":"xpath","value":"//button[@data-kt=\"addButton\"]"}
RESULT: {"using":"xpath","value":"//button[@data-kt=\"addButton\"]"}
COMMAND: POST /session/182083f90ffd4e1f41203b08bcf05ba6/elements - {"using":"xpath","value":"//button[@data-kt=\"addButton\"]"}
RESULT: {"using":"xpath","value":"//button[@data-kt=\"addButton\"]"}
COMMAND: POST /session/182083f90ffd4e1f41203b08bcf05ba6/elements - {"using":"xpath","value":"//button[@data-kt=\"addButton\"]"}
RESULT: {"using":"xpath","value":"//button[@data-kt=\"addButton\"]"}
COMMAND: POST /session/182083f90ffd4e1f41203b08bcf05ba6/elements - {"using":"xpath","value":"//button[@data-kt=\"addButton\"]"}
RESULT: {"using":"xpath","value":"//button[@data-kt=\"addButton\"]"}
COMMAND: POST /session/182083f90ffd4e1f41203b08bcf05ba6/elements - {"using":"xpath","value":"//button[@data-kt=\"addButton\"]"}
RESULT: {"using":"xpath","value":"//button[@data-kt=\"addButton\"]"}
COMMAND: POST /session/182083f90ffd4e1f41203b08bcf05ba6/elements - {"using":"xpath","value":"//button[@data-kt=\"addButton\"]"}
RESULT: {"using":"xpath","value":"//button[@data-kt=\"addButton\"]"}
COMMAND: POST /session/182083f90ffd4e1f41203b08bcf05ba6/elements - {"using":"xpath","value":"//button[@data-kt=\"addButton\"]"}
RESULT: {"using":"xpath","value":"//button[@data-kt=\"addButton\"]"}
COMMAND: POST /session/182083f90ffd4e1f41203b08bcf05ba6/elements - {"using":"xpath","value":"//button[@data-kt=\"addButton\"]"}
RESULT: {"using":"xpath","value":"//button[@data-kt=\"addButton\"]"}
COMMAND: POST /session/182083f90ffd4e1f41203b08bcf05ba6/elements - {"using":"xpath","value":"//button[@data-kt=\"addButton\"]"}
RESULT: {"using":"xpath","value":"//button[@data-kt=\"addButton\"]"}
COMMAND: POST /session/182083f90ffd4e1f41203b08bcf05ba6/element - {"using":"xpath","value":"//button[@data-kt=\"addButton\"]"}
RESULT: {"using":"xpath","value":"//button[@data-kt=\"addButton\"]"}
COMMAND: POST /session/182083f90ffd4e1f41203b08bcf05ba6/execute/sync - {"script":"<script> [8489 bytes]","args":[{"element-6066-11e4-a52e-4f735466cecf":"f.9E9033AC553CC0B85A95563BC71A2932.d.DD726767F1B40FE540082841F81F8E70.e.292","ELEMENT":"f.9E9033AC553CC0B85A95563BC71A2932.d.DD726767F1B40FE540082841F81F8E70.e.292"}]}
RESULT: {"script":"<script> [8489 bytes]","args":[{"element-6066-11e4-a52e-4f735466cecf":"f.9E9033AC553CC0B85A95563BC71A2932.d.DD726767F1B40FE540082841F81F8E70.e.292","ELEMENT":"f.9E9033AC553CC0B85A95563BC71A2932.d.DD726767F1B40FE540082841F81F8E70.e.292"}]}
COMMAND: GET /session/182083f90ffd4e1f41203b08bcf05ba6/element/f.9E9033AC553CC0B85A95563BC71A2932.d.DD726767F1B40FE540082841F81F8E70.e.292/enabled - {}
COMMAND: GET /session/182083f90ffd4e1f41203b08bcf05ba6/screenshot - {}
RESULT: {}
COMMAND: POST /session/182083f90ffd4e1f41203b08bcf05ba6/execute/sync - {"script":"<script> [8489 bytes]","args":[{"element-6066-11e4-a52e-4f735466cecf":"f.9E9033AC553CC0B85A95563BC71A2932.d.DD726767F1B40FE540082841F81F8E70.e.292","ELEMENT":"f.9E9033AC553CC0B85A95563BC71A2932.d.DD726767F1B40FE540082841F81F8E70.e.292"}]}
COMMAND: GET /session/182083f90ffd4e1f41203b08bcf05ba6/screenshot - {}
RESULT: {}
RESULT: {"script":"<script> [8489 bytes]","args":[{"element-6066-11e4-a52e-4f735466cecf":"f.9E9033AC553CC0B85A95563BC71A2932.d.DD726767F1B40FE540082841F81F8E70.e.292","ELEMENT":"f.9E9033AC553CC0B85A95563BC71A2932.d.DD726767F1B40FE540082841F81F8E70.e.292"}]}
COMMAND: POST /session/182083f90ffd4e1f41203b08bcf05ba6/execute/sync - {"script":"<script> [5351 bytes]","args":[{"element-6066-11e4-a52e-4f735466cecf":"f.9E9033AC553CC0B85A95563BC71A2932.d.DD726767F1B40FE540082841F81F8E70.e.292","ELEMENT":"f.9E9033AC553CC0B85A95563BC71A2932.d.DD726767F1B40FE540082841F81F8E70.e.292"}]}
COMMAND: GET /session/182083f90ffd4e1f41203b08bcf05ba6/screenshot - {}
RESULT: {}
RESULT: {"script":"<script> [5351 bytes]","args":[{"element-6066-11e4-a52e-4f735466cecf":"f.9E9033AC553CC0B85A95563BC71A2932.d.DD726767F1B40FE540082841F81F8E70.e.292","ELEMENT":"f.9E9033AC553CC0B85A95563BC71A2932.d.DD726767F1B40FE540082841F81F8E70.e.292"}]}
COMMAND: GET /session/182083f90ffd4e1f41203b08bcf05ba6/screenshot - {}
RESULT: {}
RESULT: {}
COMMAND: POST /session/182083f90ffd4e1f41203b08bcf05ba6/execute/async - {"script":"<script> [1562 bytes]","args":[{"selector":{"id":"application-addressmanagement-display-component---masterAdm--smartFilterBar-btnBasicSearch","interaction":{"idSuffix":"I"}},"wdio_ui5_key":"applicationaddressmanagement-display-component---masterAdm--smartFilterBar-btnBasicSearch"}]}
RESULT: {"script":"<script> [1562 bytes]","args":[{"selector":{"id":"application-addressmanagement-display-component---masterAdm--smartFilterBar-btnBasicSearch","interaction":{"idSuffix":"I"}},"wdio_ui5_key":"applicationaddressmanagement-display-component---masterAdm--smartFilterBar-btnBasicSearch"}]}
RESULT: undefined
COMMAND: POST /session/182083f90ffd4e1f41203b08bcf05ba6/execute/async - {"script":"<script> [776 bytes]","args":[{"enterText":"q0HDb7fxqY","selector":{"id":"application-addressmanagement-display-component---masterAdm--smartFilterBar-btnBasicSearch","interaction":{"idSuffix":"I"}},"clearTextFirst":true,"interactionType":"ENTER_TEXT"}]}
RESULT: {"script":"<script> [776 bytes]","args":[{"enterText":"q0HDb7fxqY","selector":{"id":"application-addressmanagement-display-component---masterAdm--smartFilterBar-btnBasicSearch","interaction":{"idSuffix":"I"}},"clearTextFirst":true,"interactionType":"ENTER_TEXT"}]}
COMMAND: POST /session/182083f90ffd4e1f41203b08bcf05ba6/actions - {"actions":[{"id":"action1","type":"key","parameters":{},"actions":[{"type":"keyDown","value":"î€‡"},{"type":"pause","duration":10},{"type":"keyUp","value":"î€‡"}]}]}
RESULT: {"actions":[{"id":"action1","type":"key","parameters":{},"actions":[{"type":"keyDown","value":"î€‡"},{"type":"pause","duration":10},{"type":"keyUp","value":"î€‡"}]}]}
COMMAND: GET /session/182083f90ffd4e1f41203b08bcf05ba6/screenshot - {}
RESULT: {}
COMMAND: POST /session/182083f90ffd4e1f41203b08bcf05ba6/elements - {"using":"xpath","value":"//table[contains(@id, \"customPersonsAddressesTable-listUl\")]/tbody/tr"}
RESULT: {"using":"xpath","value":"//table[contains(@id, \"customPersonsAddressesTable-listUl\")]/tbody/tr"}
COMMAND: POST /session/182083f90ffd4e1f41203b08bcf05ba6/element - {"using":"xpath","value":"//table[contains(@id, \"customPersonsAddressesTable-listUl\")]/tbody/tr[1]/td[5]/span/span"}
RESULT: {"using":"xpath","value":"//table[contains(@id, \"customPersonsAddressesTable-listUl\")]/tbody/tr[1]/td[5]/span/span"}
COMMAND: POST /session/182083f90ffd4e1f41203b08bcf05ba6/element - {"using":"xpath","value":"//table[contains(@id, \"customPersonsAddressesTable-listUl\")]/tbody/tr[1]/td[3]/span"}
RESULT: {"using":"xpath","value":"//table[contains(@id, \"customPersonsAddressesTable-listUl\")]/tbody/tr[1]/td[3]/span"}
COMMAND: POST /session/182083f90ffd4e1f41203b08bcf05ba6/elements - {"using":"xpath","value":"//table[contains(@id, \"customPersonsAddressesTable-listUl\")]/tbody/tr[1]/td[5]/span/span"}
RESULT: {"using":"xpath","value":"//table[contains(@id, \"customPersonsAddressesTable-listUl\")]/tbody/tr[1]/td[5]/span/span"}
COMMAND: POST /session/182083f90ffd4e1f41203b08bcf05ba6/element - {"using":"xpath","value":"//span[@id=\"application-addressmanagement-display-component---masterAdm--smartTable-header-inner\"]"}
RESULT: {"using":"xpath","value":"//span[@id=\"application-addressmanagement-display-component---masterAdm--smartTable-header-inner\"]"}
COMMAND: POST /session/182083f90ffd4e1f41203b08bcf05ba6/elements - {"using":"xpath","value":"//span[@id=\"application-addressmanagement-display-component---masterAdm--smartTable-header-inner\"]"}
RESULT: {"using":"xpath","value":"//span[@id=\"application-addressmanagement-display-component---masterAdm--smartTable-header-inner\"]"}
COMMAND: POST /session/182083f90ffd4e1f41203b08bcf05ba6/execute/sync - {"script":"<script> [56 bytes]","args":[{"element-6066-11e4-a52e-4f735466cecf":"f.9E9033AC553CC0B85A95563BC71A2932.d.DD726767F1B40FE540082841F81F8E70.e.433","ELEMENT":"f.9E9033AC553CC0B85A95563BC71A2932.d.DD726767F1B40FE540082841F81F8E70.e.433"}]}
RESULT: {"script":"<script> [56 bytes]","args":[{"element-6066-11e4-a52e-4f735466cecf":"f.9E9033AC553CC0B85A95563BC71A2932.d.DD726767F1B40FE540082841F81F8E70.e.433","ELEMENT":"f.9E9033AC553CC0B85A95563BC71A2932.d.DD726767F1B40FE540082841F81F8E70.e.433"}]}
COMMAND: POST /session/182083f90ffd4e1f41203b08bcf05ba6/element - {"using":"xpath","value":"//button[@data-kt=\"addButton\"]"}
COMMAND: GET /session/182083f90ffd4e1f41203b08bcf05ba6/screenshot - {}
RESULT: {"using":"xpath","value":"//button[@data-kt=\"addButton\"]"}
COMMAND: POST /session/182083f90ffd4e1f41203b08bcf05ba6/element/f.9E9033AC553CC0B85A95563BC71A2932.d.DD726767F1B40FE540082841F81F8E70.e.292/click - {}
RESULT: {}
RESULT: {}
COMMAND: GET /session/182083f90ffd4e1f41203b08bcf05ba6/screenshot - {}
RESULT: {}
COMMAND: POST /session/182083f90ffd4e1f41203b08bcf05ba6/execute/async - {"script":"<script> [1562 bytes]","args":[{"selector":{"controlType":"sap.ui.core.Icon","viewName":"etm.portal.ui.addressmanagement.view.NewAddress","properties":{"src":{"regex":{"source":"slim\\-arrow\\-down"}}},"ancestor":{"id":"addressTitle","viewName":"etm.portal.ui.addressmanagement.view.NewAddress"}},"wdio_ui5_key":"etmportal.ui.addressmanagement.view.NewAddresssap.ui.core.Icon{\"src\":{\"regex\":{\"source\":\"slim\\\\-arrow\\\\-down\"}}}{\"id\":\"addressTitle\",\"viewName\":\"etm.portal.ui.addressmanagement.view.NewAddress\"}"}]}
RESULT: {"script":"<script> [1562 bytes]","args":[{"selector":{"controlType":"sap.ui.core.Icon","viewName":"etm.portal.ui.addressmanagement.view.NewAddress","properties":{"src":{"regex":{"source":"slim\\-arrow\\-down"}}},"ancestor":{"id":"addressTitle","viewName":"etm.portal.ui.addressmanagement.view.NewAddress"}},"wdio_ui5_key":"etmportal.ui.addressmanagement.view.NewAddresssap.ui.core.Icon{\"src\":{\"regex\":{\"source\":\"slim\\\\-arrow\\\\-down\"}}}{\"id\":\"addressTitle\",\"viewName\":\"etm.portal.ui.addressmanagement.view.NewAddress\"}"}]}
RESULT: undefined
COMMAND: POST /session/182083f90ffd4e1f41203b08bcf05ba6/element - {"using":"xpath","value":"//*[@id=\"__xmlview58--addressTitle-arrow\"]"}
RESULT: {"using":"xpath","value":"//*[@id=\"__xmlview58--addressTitle-arrow\"]"}
COMMAND: POST /session/182083f90ffd4e1f41203b08bcf05ba6/element/f.9E9033AC553CC0B85A95563BC71A2932.d.DD726767F1B40FE540082841F81F8E70.e.565/click - {}
RESULT: {}
COMMAND: GET /session/182083f90ffd4e1f41203b08bcf05ba6/screenshot - {}
RESULT: {}
COMMAND: POST /session/182083f90ffd4e1f41203b08bcf05ba6/element - {"using":"xpath","value":"//li[.//span[text()=\"Dr.\"]]"}
RESULT: {"using":"xpath","value":"//li[.//span[text()=\"Dr.\"]]"}
COMMAND: POST /session/182083f90ffd4e1f41203b08bcf05ba6/element/f.9E9033AC553CC0B85A95563BC71A2932.d.DD726767F1B40FE540082841F81F8E70.e.566/click - {}
RESULT: {}
COMMAND: POST /session/182083f90ffd4e1f41203b08bcf05ba6/execute/async - {"script":"<script> [1562 bytes]","args":[{"selector":{"controlType":"sap.ui.core.Icon","viewName":"etm.portal.ui.addressmanagement.view.NewAddress","properties":{"src":{"regex":{"source":"slim\\-arrow\\-down"}}},"ancestor":{"id":"addressDetailDetailsLanguage","viewName":"etm.portal.ui.addressmanagement.view.NewAddress"}},"wdio_ui5_key":"etmportal.ui.addressmanagement.view.NewAddresssap.ui.core.Icon{\"src\":{\"regex\":{\"source\":\"slim\\\\-arrow\\\\-down\"}}}{\"id\":\"addressDetailDetailsLanguage\",\"viewName\":\"etm.portal.ui.addressmanagement.view.NewAddress\"}"}]}
COMMAND: GET /session/182083f90ffd4e1f41203b08bcf05ba6/screenshot - {}
RESULT: {"script":"<script> [1562 bytes]","args":[{"selector":{"controlType":"sap.ui.core.Icon","viewName":"etm.portal.ui.addressmanagement.view.NewAddress","properties":{"src":{"regex":{"source":"slim\\-arrow\\-down"}}},"ancestor":{"id":"addressDetailDetailsLanguage","viewName":"etm.portal.ui.addressmanagement.view.NewAddress"}},"wdio_ui5_key":"etmportal.ui.addressmanagement.view.NewAddresssap.ui.core.Icon{\"src\":{\"regex\":{\"source\":\"slim\\\\-arrow\\\\-down\"}}}{\"id\":\"addressDetailDetailsLanguage\",\"viewName\":\"etm.portal.ui.addressmanagement.view.NewAddress\"}"}]}
RESULT: undefined
COMMAND: POST /session/182083f90ffd4e1f41203b08bcf05ba6/element - {"using":"xpath","value":"//*[@id=\"__xmlview58--addressDetailDetailsLanguage-arrow\"]"}
RESULT: {}
RESULT: {"using":"xpath","value":"//*[@id=\"__xmlview58--addressDetailDetailsLanguage-arrow\"]"}
COMMAND: POST /session/182083f90ffd4e1f41203b08bcf05ba6/element/f.9E9033AC553CC0B85A95563BC71A2932.d.DD726767F1B40FE540082841F81F8E70.e.495/click - {}
RESULT: {}
COMMAND: GET /session/182083f90ffd4e1f41203b08bcf05ba6/screenshot - {}
RESULT: {}
COMMAND: POST /session/182083f90ffd4e1f41203b08bcf05ba6/element - {"using":"xpath","value":"//span[contains(text(), \"English\")]"}
RESULT: {"using":"xpath","value":"//span[contains(text(), \"English\")]"}
COMMAND: POST /session/182083f90ffd4e1f41203b08bcf05ba6/element/f.9E9033AC553CC0B85A95563BC71A2932.d.DD726767F1B40FE540082841F81F8E70.e.567/click - {}
RESULT: {}
COMMAND: POST /session/182083f90ffd4e1f41203b08bcf05ba6/execute/async - {"script":"<script> [1562 bytes]","args":[{"selector":{"controlType":"sap.m.Input","viewName":"etm.portal.ui.addressmanagement.view.NewAddress","labelFor":{"text":"Name"},"interaction":{"idSuffix":"inner"}},"wdio_ui5_key":"etmportal.ui.addressmanagement.view.NewAddresssap.m.Input{\"text\":\"Name\"}"}]}
COMMAND: GET /session/182083f90ffd4e1f41203b08bcf05ba6/screenshot - {}
RESULT: {"script":"<script> [1562 bytes]","args":[{"selector":{"controlType":"sap.m.Input","viewName":"etm.portal.ui.addressmanagement.view.NewAddress","labelFor":{"text":"Name"},"interaction":{"idSuffix":"inner"}},"wdio_ui5_key":"etmportal.ui.addressmanagement.view.NewAddresssap.m.Input{\"text\":\"Name\"}"}]}
RESULT: undefined
COMMAND: POST /session/182083f90ffd4e1f41203b08bcf05ba6/execute/async - {"script":"<script> [776 bytes]","args":[{"enterText":"q0HDb7fxqY","selector":{"controlType":"sap.m.Input","viewName":"etm.portal.ui.addressmanagement.view.NewAddress","labelFor":{"text":"Name"},"interaction":{"idSuffix":"inner"}},"clearTextFirst":true,"interactionType":"ENTER_TEXT"}]}
RESULT: {}
RESULT: {"script":"<script> [776 bytes]","args":[{"enterText":"q0HDb7fxqY","selector":{"controlType":"sap.m.Input","viewName":"etm.portal.ui.addressmanagement.view.NewAddress","labelFor":{"text":"Name"},"interaction":{"idSuffix":"inner"}},"clearTextFirst":true,"interactionType":"ENTER_TEXT"}]}
COMMAND: POST /session/182083f90ffd4e1f41203b08bcf05ba6/element - {"using":"xpath","value":"//button[@title=\"Save\"]"}
RESULT: {"using":"xpath","value":"//button[@title=\"Save\"]"}
COMMAND: POST /session/182083f90ffd4e1f41203b08bcf05ba6/element/f.9E9033AC553CC0B85A95563BC71A2932.d.DD726767F1B40FE540082841F81F8E70.e.555/click - {}
RESULT: {}
COMMAND: GET /session/182083f90ffd4e1f41203b08bcf05ba6/screenshot - {}
RESULT: {}
COMMAND: POST /session/182083f90ffd4e1f41203b08bcf05ba6/element - {"using":"xpath","value":"//header[contains(@id, \"application-addressmanagement-display-component---detailAdm--ObjectPageLayout-headerTitle\")]/div[1]/div[3]/div[2]/span"}
RESULT: {"using":"xpath","value":"//header[contains(@id, \"application-addressmanagement-display-component---detailAdm--ObjectPageLayout-headerTitle\")]/div[1]/div[3]/div[2]/span"}
COMMAND: POST /session/182083f90ffd4e1f41203b08bcf05ba6/elements - {"using":"xpath","value":"//header[contains(@id, \"application-addressmanagement-display-component---detailAdm--ObjectPageLayout-headerTitle\")]/div[1]/div[3]/div[2]/span"}
RESULT: {"using":"xpath","value":"//header[contains(@id, \"application-addressmanagement-display-component---detailAdm--ObjectPageLayout-headerTitle\")]/div[1]/div[3]/div[2]/span"}
COMMAND: POST /session/182083f90ffd4e1f41203b08bcf05ba6/execute/sync - {"script":"<script> [56 bytes]","args":[{"element-6066-11e4-a52e-4f735466cecf":"f.9E9033AC553CC0B85A95563BC71A2932.d.DD726767F1B40FE540082841F81F8E70.e.590","ELEMENT":"f.9E9033AC553CC0B85A95563BC71A2932.d.DD726767F1B40FE540082841F81F8E70.e.590"}]}
RESULT: {"script":"<script> [56 bytes]","args":[{"element-6066-11e4-a52e-4f735466cecf":"f.9E9033AC553CC0B85A95563BC71A2932.d.DD726767F1B40FE540082841F81F8E70.e.590","ELEMENT":"f.9E9033AC553CC0B85A95563BC71A2932.d.DD726767F1B40FE540082841F81F8E70.e.590"}]}
COMMAND: GET /session/182083f90ffd4e1f41203b08bcf05ba6/screenshot - {}
RESULT: {}
COMMAND: POST /session/182083f90ffd4e1f41203b08bcf05ba6/element - {"using":"css selector","value":"#shell-header-logo"}
RESULT: {"using":"css selector","value":"#shell-header-logo"}
COMMAND: POST /session/182083f90ffd4e1f41203b08bcf05ba6/element/f.9E9033AC553CC0B85A95563BC71A2932.d.DD726767F1B40FE540082841F81F8E70.e.255/click - {}
RESULT: {}
COMMAND: GET /session/182083f90ffd4e1f41203b08bcf05ba6/screenshot - {}
RESULT: {}
]]></system-out>
    </testcase>
    <testcase classname="chrome.136_0_7103_49.windows.Address_Management_Tests_US151165_US151160" name="Step 2 Should deactivate the created address in earlier step US151165" time="37.327">
      <system-out><![CDATA[
RESULT: undefined
COMMAND: POST /session/182083f90ffd4e1f41203b08bcf05ba6/element - {"using":"xpath","value":"//*[@id=\"__tile33\"]"}
RESULT: {"using":"xpath","value":"//*[@id=\"__tile33\"]"}
COMMAND: POST /session/182083f90ffd4e1f41203b08bcf05ba6/element/f.9E9033AC553CC0B85A95563BC71A2932.d.DD726767F1B40FE540082841F81F8E70.e.216/click - {}
RESULT: {}
COMMAND: POST /session/182083f90ffd4e1f41203b08bcf05ba6/element - {"using":"xpath","value":"//button[@data-kt=\"addButton\"]"}
COMMAND: GET /session/182083f90ffd4e1f41203b08bcf05ba6/screenshot - {}
RESULT: {"using":"xpath","value":"//button[@data-kt=\"addButton\"]"}
COMMAND: POST /session/182083f90ffd4e1f41203b08bcf05ba6/elements - {"using":"xpath","value":"//button[@data-kt=\"addButton\"]"}
RESULT: {}
RESULT: {"using":"xpath","value":"//button[@data-kt=\"addButton\"]"}
COMMAND: POST /session/182083f90ffd4e1f41203b08bcf05ba6/element - {"using":"xpath","value":"//button[@data-kt=\"addButton\"]"}
RESULT: {"using":"xpath","value":"//button[@data-kt=\"addButton\"]"}
COMMAND: POST /session/182083f90ffd4e1f41203b08bcf05ba6/execute/sync - {"script":"<script> [8489 bytes]","args":[{"element-6066-11e4-a52e-4f735466cecf":"f.9E9033AC553CC0B85A95563BC71A2932.d.DD726767F1B40FE540082841F81F8E70.e.657","ELEMENT":"f.9E9033AC553CC0B85A95563BC71A2932.d.DD726767F1B40FE540082841F81F8E70.e.657"}]}
RESULT: {"script":"<script> [8489 bytes]","args":[{"element-6066-11e4-a52e-4f735466cecf":"f.9E9033AC553CC0B85A95563BC71A2932.d.DD726767F1B40FE540082841F81F8E70.e.657","ELEMENT":"f.9E9033AC553CC0B85A95563BC71A2932.d.DD726767F1B40FE540082841F81F8E70.e.657"}]}
COMMAND: GET /session/182083f90ffd4e1f41203b08bcf05ba6/element/f.9E9033AC553CC0B85A95563BC71A2932.d.DD726767F1B40FE540082841F81F8E70.e.657/enabled - {}
COMMAND: GET /session/182083f90ffd4e1f41203b08bcf05ba6/screenshot - {}
RESULT: {}
COMMAND: POST /session/182083f90ffd4e1f41203b08bcf05ba6/execute/sync - {"script":"<script> [8489 bytes]","args":[{"element-6066-11e4-a52e-4f735466cecf":"f.9E9033AC553CC0B85A95563BC71A2932.d.DD726767F1B40FE540082841F81F8E70.e.657","ELEMENT":"f.9E9033AC553CC0B85A95563BC71A2932.d.DD726767F1B40FE540082841F81F8E70.e.657"}]}
COMMAND: GET /session/182083f90ffd4e1f41203b08bcf05ba6/screenshot - {}
RESULT: {}
RESULT: {"script":"<script> [8489 bytes]","args":[{"element-6066-11e4-a52e-4f735466cecf":"f.9E9033AC553CC0B85A95563BC71A2932.d.DD726767F1B40FE540082841F81F8E70.e.657","ELEMENT":"f.9E9033AC553CC0B85A95563BC71A2932.d.DD726767F1B40FE540082841F81F8E70.e.657"}]}
COMMAND: POST /session/182083f90ffd4e1f41203b08bcf05ba6/execute/sync - {"script":"<script> [5351 bytes]","args":[{"element-6066-11e4-a52e-4f735466cecf":"f.9E9033AC553CC0B85A95563BC71A2932.d.DD726767F1B40FE540082841F81F8E70.e.657","ELEMENT":"f.9E9033AC553CC0B85A95563BC71A2932.d.DD726767F1B40FE540082841F81F8E70.e.657"}]}
COMMAND: GET /session/182083f90ffd4e1f41203b08bcf05ba6/screenshot - {}
RESULT: {}
RESULT: {"script":"<script> [5351 bytes]","args":[{"element-6066-11e4-a52e-4f735466cecf":"f.9E9033AC553CC0B85A95563BC71A2932.d.DD726767F1B40FE540082841F81F8E70.e.657","ELEMENT":"f.9E9033AC553CC0B85A95563BC71A2932.d.DD726767F1B40FE540082841F81F8E70.e.657"}]}
COMMAND: GET /session/182083f90ffd4e1f41203b08bcf05ba6/screenshot - {}
RESULT: {}
RESULT: {}
RESULT: undefined
COMMAND: POST /session/182083f90ffd4e1f41203b08bcf05ba6/execute/async - {"script":"<script> [776 bytes]","args":[{"enterText":"q0HDb7fxqY","selector":{"id":"application-addressmanagement-display-component---masterAdm--smartFilterBar-btnBasicSearch","interaction":{"idSuffix":"I"}},"clearTextFirst":true,"interactionType":"ENTER_TEXT"}]}
RESULT: {"script":"<script> [776 bytes]","args":[{"enterText":"q0HDb7fxqY","selector":{"id":"application-addressmanagement-display-component---masterAdm--smartFilterBar-btnBasicSearch","interaction":{"idSuffix":"I"}},"clearTextFirst":true,"interactionType":"ENTER_TEXT"}]}
COMMAND: POST /session/182083f90ffd4e1f41203b08bcf05ba6/actions - {"actions":[{"id":"action2","type":"key","parameters":{},"actions":[{"type":"keyDown","value":"î€‡"},{"type":"pause","duration":10},{"type":"keyUp","value":"î€‡"}]}]}
RESULT: {"actions":[{"id":"action2","type":"key","parameters":{},"actions":[{"type":"keyDown","value":"î€‡"},{"type":"pause","duration":10},{"type":"keyUp","value":"î€‡"}]}]}
COMMAND: GET /session/182083f90ffd4e1f41203b08bcf05ba6/screenshot - {}
RESULT: {}
COMMAND: POST /session/182083f90ffd4e1f41203b08bcf05ba6/elements - {"using":"xpath","value":"//table[contains(@id, \"customPersonsAddressesTable-listUl\")]/tbody/tr"}
RESULT: {"using":"xpath","value":"//table[contains(@id, \"customPersonsAddressesTable-listUl\")]/tbody/tr"}
COMMAND: POST /session/182083f90ffd4e1f41203b08bcf05ba6/element - {"using":"xpath","value":"//table[contains(@id, \"customPersonsAddressesTable-listUl\")]/tbody/tr[1]/td[5]/span/span"}
RESULT: {"using":"xpath","value":"//table[contains(@id, \"customPersonsAddressesTable-listUl\")]/tbody/tr[1]/td[5]/span/span"}
COMMAND: POST /session/182083f90ffd4e1f41203b08bcf05ba6/element - {"using":"xpath","value":"//table[contains(@id, \"customPersonsAddressesTable-listUl\")]/tbody/tr[1]/td[3]/span"}
RESULT: {"using":"xpath","value":"//table[contains(@id, \"customPersonsAddressesTable-listUl\")]/tbody/tr[1]/td[3]/span"}
COMMAND: POST /session/182083f90ffd4e1f41203b08bcf05ba6/elements - {"using":"xpath","value":"//table[contains(@id, \"customPersonsAddressesTable-listUl\")]/tbody/tr[1]/td[5]/span/span"}
RESULT: {"using":"xpath","value":"//table[contains(@id, \"customPersonsAddressesTable-listUl\")]/tbody/tr[1]/td[5]/span/span"}
COMMAND: POST /session/182083f90ffd4e1f41203b08bcf05ba6/execute/sync - {"script":"<script> [56 bytes]","args":[{"element-6066-11e4-a52e-4f735466cecf":"f.9E9033AC553CC0B85A95563BC71A2932.d.DD726767F1B40FE540082841F81F8E70.e.800","ELEMENT":"f.9E9033AC553CC0B85A95563BC71A2932.d.DD726767F1B40FE540082841F81F8E70.e.800"}]}
RESULT: {"script":"<script> [56 bytes]","args":[{"element-6066-11e4-a52e-4f735466cecf":"f.9E9033AC553CC0B85A95563BC71A2932.d.DD726767F1B40FE540082841F81F8E70.e.800","ELEMENT":"f.9E9033AC553CC0B85A95563BC71A2932.d.DD726767F1B40FE540082841F81F8E70.e.800"}]}
COMMAND: POST /session/182083f90ffd4e1f41203b08bcf05ba6/execute/sync - {"script":"<script> [56 bytes]","args":[{"element-6066-11e4-a52e-4f735466cecf":"f.9E9033AC553CC0B85A95563BC71A2932.d.DD726767F1B40FE540082841F81F8E70.e.801","ELEMENT":"f.9E9033AC553CC0B85A95563BC71A2932.d.DD726767F1B40FE540082841F81F8E70.e.801"}]}
COMMAND: GET /session/182083f90ffd4e1f41203b08bcf05ba6/screenshot - {}
RESULT: {"script":"<script> [56 bytes]","args":[{"element-6066-11e4-a52e-4f735466cecf":"f.9E9033AC553CC0B85A95563BC71A2932.d.DD726767F1B40FE540082841F81F8E70.e.801","ELEMENT":"f.9E9033AC553CC0B85A95563BC71A2932.d.DD726767F1B40FE540082841F81F8E70.e.801"}]}
COMMAND: POST /session/182083f90ffd4e1f41203b08bcf05ba6/element - {"using":"xpath","value":"//table[contains(@id, \"customPersonsAddressesTable-listUl\")]/tbody/tr[1]/td[10]/div/span"}
COMMAND: GET /session/182083f90ffd4e1f41203b08bcf05ba6/screenshot - {}
RESULT: {}
RESULT: {"using":"xpath","value":"//table[contains(@id, \"customPersonsAddressesTable-listUl\")]/tbody/tr[1]/td[10]/div/span"}
COMMAND: POST /session/182083f90ffd4e1f41203b08bcf05ba6/execute/sync - {"script":"<script> [56 bytes]","args":[{"element-6066-11e4-a52e-4f735466cecf":"f.9E9033AC553CC0B85A95563BC71A2932.d.DD726767F1B40FE540082841F81F8E70.e.802","ELEMENT":"f.9E9033AC553CC0B85A95563BC71A2932.d.DD726767F1B40FE540082841F81F8E70.e.802"}]}
RESULT: {}
RESULT: {"script":"<script> [56 bytes]","args":[{"element-6066-11e4-a52e-4f735466cecf":"f.9E9033AC553CC0B85A95563BC71A2932.d.DD726767F1B40FE540082841F81F8E70.e.802","ELEMENT":"f.9E9033AC553CC0B85A95563BC71A2932.d.DD726767F1B40FE540082841F81F8E70.e.802"}]}
COMMAND: POST /session/182083f90ffd4e1f41203b08bcf05ba6/element - {"using":"xpath","value":"//table[contains(@id, \"customPersonsAddressesTable-listUl\")]/tbody/tr[1]/td[2]/div/div"}
COMMAND: GET /session/182083f90ffd4e1f41203b08bcf05ba6/screenshot - {}
RESULT: {"using":"xpath","value":"//table[contains(@id, \"customPersonsAddressesTable-listUl\")]/tbody/tr[1]/td[2]/div/div"}
COMMAND: POST /session/182083f90ffd4e1f41203b08bcf05ba6/element/f.9E9033AC553CC0B85A95563BC71A2932.d.DD726767F1B40FE540082841F81F8E70.e.803/click - {}
RESULT: {}
RESULT: {}
COMMAND: GET /session/182083f90ffd4e1f41203b08bcf05ba6/screenshot - {}
RESULT: {}
COMMAND: POST /session/182083f90ffd4e1f41203b08bcf05ba6/element - {"using":"xpath","value":"//bdi[contains(text(), \"Deactivate\")]"}
RESULT: {"using":"xpath","value":"//bdi[contains(text(), \"Deactivate\")]"}
COMMAND: POST /session/182083f90ffd4e1f41203b08bcf05ba6/element/f.9E9033AC553CC0B85A95563BC71A2932.d.DD726767F1B40FE540082841F81F8E70.e.804/click - {}
RESULT: {}
COMMAND: GET /session/182083f90ffd4e1f41203b08bcf05ba6/screenshot - {}
RESULT: {}
COMMAND: POST /session/182083f90ffd4e1f41203b08bcf05ba6/element - {"using":"xpath","value":"//bdi[contains(text(), \"Yes\")]"}
RESULT: {"using":"xpath","value":"//bdi[contains(text(), \"Yes\")]"}
COMMAND: POST /session/182083f90ffd4e1f41203b08bcf05ba6/element/f.9E9033AC553CC0B85A95563BC71A2932.d.DD726767F1B40FE540082841F81F8E70.e.806/click - {}
RESULT: {}
COMMAND: GET /session/182083f90ffd4e1f41203b08bcf05ba6/screenshot - {}
RESULT: {}
COMMAND: POST /session/182083f90ffd4e1f41203b08bcf05ba6/element - {"using":"xpath","value":"//table[contains(@id, \"customPersonsAddressesTable-listUl\")]/tbody/tr[1]/td[10]/div/span"}
RESULT: {"using":"xpath","value":"//table[contains(@id, \"customPersonsAddressesTable-listUl\")]/tbody/tr[1]/td[10]/div/span"}
COMMAND: POST /session/182083f90ffd4e1f41203b08bcf05ba6/execute/sync - {"script":"<script> [56 bytes]","args":[{"element-6066-11e4-a52e-4f735466cecf":"f.9E9033AC553CC0B85A95563BC71A2932.d.DD726767F1B40FE540082841F81F8E70.e.802","ELEMENT":"f.9E9033AC553CC0B85A95563BC71A2932.d.DD726767F1B40FE540082841F81F8E70.e.802"}]}
RESULT: {"script":"<script> [56 bytes]","args":[{"element-6066-11e4-a52e-4f735466cecf":"f.9E9033AC553CC0B85A95563BC71A2932.d.DD726767F1B40FE540082841F81F8E70.e.802","ELEMENT":"f.9E9033AC553CC0B85A95563BC71A2932.d.DD726767F1B40FE540082841F81F8E70.e.802"}]}
COMMAND: GET /session/182083f90ffd4e1f41203b08bcf05ba6/screenshot - {}
RESULT: {}
COMMAND: POST /session/182083f90ffd4e1f41203b08bcf05ba6/element - {"using":"css selector","value":"#shell-header-logo"}
RESULT: {"using":"css selector","value":"#shell-header-logo"}
COMMAND: POST /session/182083f90ffd4e1f41203b08bcf05ba6/element/f.9E9033AC553CC0B85A95563BC71A2932.d.DD726767F1B40FE540082841F81F8E70.e.595/click - {}
RESULT: {}
COMMAND: GET /session/182083f90ffd4e1f41203b08bcf05ba6/screenshot - {}
RESULT: {}
]]></system-out>
    </testcase>
    <testcase classname="chrome.136_0_7103_49.windows.Address_Management_Tests_US151165_US151160" name="Step 3 Should activate the created address back again US151160" time="39.214">
      <system-out><![CDATA[
RESULT: undefined
COMMAND: POST /session/182083f90ffd4e1f41203b08bcf05ba6/element - {"using":"xpath","value":"//*[@id=\"__tile33\"]"}
RESULT: {"using":"xpath","value":"//*[@id=\"__tile33\"]"}
COMMAND: POST /session/182083f90ffd4e1f41203b08bcf05ba6/element/f.9E9033AC553CC0B85A95563BC71A2932.d.DD726767F1B40FE540082841F81F8E70.e.216/click - {}
RESULT: {}
COMMAND: POST /session/182083f90ffd4e1f41203b08bcf05ba6/element - {"using":"xpath","value":"//button[@data-kt=\"addButton\"]"}
COMMAND: GET /session/182083f90ffd4e1f41203b08bcf05ba6/screenshot - {}
RESULT: {"using":"xpath","value":"//button[@data-kt=\"addButton\"]"}
COMMAND: POST /session/182083f90ffd4e1f41203b08bcf05ba6/elements - {"using":"xpath","value":"//button[@data-kt=\"addButton\"]"}
RESULT: {}
RESULT: {"using":"xpath","value":"//button[@data-kt=\"addButton\"]"}
COMMAND: POST /session/182083f90ffd4e1f41203b08bcf05ba6/execute/sync - {"script":"<script> [8489 bytes]","args":[{"element-6066-11e4-a52e-4f735466cecf":"f.9E9033AC553CC0B85A95563BC71A2932.d.DD726767F1B40FE540082841F81F8E70.e.868","ELEMENT":"f.9E9033AC553CC0B85A95563BC71A2932.d.DD726767F1B40FE540082841F81F8E70.e.868"}]}
RESULT: {"script":"<script> [8489 bytes]","args":[{"element-6066-11e4-a52e-4f735466cecf":"f.9E9033AC553CC0B85A95563BC71A2932.d.DD726767F1B40FE540082841F81F8E70.e.868","ELEMENT":"f.9E9033AC553CC0B85A95563BC71A2932.d.DD726767F1B40FE540082841F81F8E70.e.868"}]}
COMMAND: GET /session/182083f90ffd4e1f41203b08bcf05ba6/element/f.9E9033AC553CC0B85A95563BC71A2932.d.DD726767F1B40FE540082841F81F8E70.e.868/enabled - {}
COMMAND: GET /session/182083f90ffd4e1f41203b08bcf05ba6/screenshot - {}
RESULT: {}
COMMAND: POST /session/182083f90ffd4e1f41203b08bcf05ba6/execute/sync - {"script":"<script> [8489 bytes]","args":[{"element-6066-11e4-a52e-4f735466cecf":"f.9E9033AC553CC0B85A95563BC71A2932.d.DD726767F1B40FE540082841F81F8E70.e.868","ELEMENT":"f.9E9033AC553CC0B85A95563BC71A2932.d.DD726767F1B40FE540082841F81F8E70.e.868"}]}
COMMAND: GET /session/182083f90ffd4e1f41203b08bcf05ba6/screenshot - {}
RESULT: {}
RESULT: {"script":"<script> [8489 bytes]","args":[{"element-6066-11e4-a52e-4f735466cecf":"f.9E9033AC553CC0B85A95563BC71A2932.d.DD726767F1B40FE540082841F81F8E70.e.868","ELEMENT":"f.9E9033AC553CC0B85A95563BC71A2932.d.DD726767F1B40FE540082841F81F8E70.e.868"}]}
COMMAND: POST /session/182083f90ffd4e1f41203b08bcf05ba6/execute/sync - {"script":"<script> [5351 bytes]","args":[{"element-6066-11e4-a52e-4f735466cecf":"f.9E9033AC553CC0B85A95563BC71A2932.d.DD726767F1B40FE540082841F81F8E70.e.868","ELEMENT":"f.9E9033AC553CC0B85A95563BC71A2932.d.DD726767F1B40FE540082841F81F8E70.e.868"}]}
COMMAND: GET /session/182083f90ffd4e1f41203b08bcf05ba6/screenshot - {}
RESULT: {}
RESULT: {"script":"<script> [5351 bytes]","args":[{"element-6066-11e4-a52e-4f735466cecf":"f.9E9033AC553CC0B85A95563BC71A2932.d.DD726767F1B40FE540082841F81F8E70.e.868","ELEMENT":"f.9E9033AC553CC0B85A95563BC71A2932.d.DD726767F1B40FE540082841F81F8E70.e.868"}]}
COMMAND: GET /session/182083f90ffd4e1f41203b08bcf05ba6/screenshot - {}
RESULT: {}
RESULT: {}
RESULT: undefined
COMMAND: POST /session/182083f90ffd4e1f41203b08bcf05ba6/execute/async - {"script":"<script> [776 bytes]","args":[{"enterText":"q0HDb7fxqY","selector":{"id":"application-addressmanagement-display-component---masterAdm--smartFilterBar-btnBasicSearch","interaction":{"idSuffix":"I"}},"clearTextFirst":true,"interactionType":"ENTER_TEXT"}]}
RESULT: {"script":"<script> [776 bytes]","args":[{"enterText":"q0HDb7fxqY","selector":{"id":"application-addressmanagement-display-component---masterAdm--smartFilterBar-btnBasicSearch","interaction":{"idSuffix":"I"}},"clearTextFirst":true,"interactionType":"ENTER_TEXT"}]}
COMMAND: POST /session/182083f90ffd4e1f41203b08bcf05ba6/actions - {"actions":[{"id":"action3","type":"key","parameters":{},"actions":[{"type":"keyDown","value":"î€‡"},{"type":"pause","duration":10},{"type":"keyUp","value":"î€‡"}]}]}
RESULT: {"actions":[{"id":"action3","type":"key","parameters":{},"actions":[{"type":"keyDown","value":"î€‡"},{"type":"pause","duration":10},{"type":"keyUp","value":"î€‡"}]}]}
COMMAND: GET /session/182083f90ffd4e1f41203b08bcf05ba6/screenshot - {}
RESULT: {}
COMMAND: POST /session/182083f90ffd4e1f41203b08bcf05ba6/elements - {"using":"xpath","value":"//table[contains(@id, \"customPersonsAddressesTable-listUl\")]/tbody/tr"}
RESULT: {"using":"xpath","value":"//table[contains(@id, \"customPersonsAddressesTable-listUl\")]/tbody/tr"}
COMMAND: POST /session/182083f90ffd4e1f41203b08bcf05ba6/element - {"using":"xpath","value":"//table[contains(@id, \"customPersonsAddressesTable-listUl\")]/tbody/tr[1]/td[5]/span/span"}
RESULT: {"using":"xpath","value":"//table[contains(@id, \"customPersonsAddressesTable-listUl\")]/tbody/tr[1]/td[5]/span/span"}
COMMAND: POST /session/182083f90ffd4e1f41203b08bcf05ba6/element - {"using":"xpath","value":"//table[contains(@id, \"customPersonsAddressesTable-listUl\")]/tbody/tr[1]/td[3]/span"}
RESULT: {"using":"xpath","value":"//table[contains(@id, \"customPersonsAddressesTable-listUl\")]/tbody/tr[1]/td[3]/span"}
COMMAND: POST /session/182083f90ffd4e1f41203b08bcf05ba6/elements - {"using":"xpath","value":"//table[contains(@id, \"customPersonsAddressesTable-listUl\")]/tbody/tr[1]/td[5]/span/span"}
RESULT: {"using":"xpath","value":"//table[contains(@id, \"customPersonsAddressesTable-listUl\")]/tbody/tr[1]/td[5]/span/span"}
COMMAND: POST /session/182083f90ffd4e1f41203b08bcf05ba6/execute/sync - {"script":"<script> [56 bytes]","args":[{"element-6066-11e4-a52e-4f735466cecf":"f.9E9033AC553CC0B85A95563BC71A2932.d.DD726767F1B40FE540082841F81F8E70.e.1010","ELEMENT":"f.9E9033AC553CC0B85A95563BC71A2932.d.DD726767F1B40FE540082841F81F8E70.e.1010"}]}
RESULT: {"script":"<script> [56 bytes]","args":[{"element-6066-11e4-a52e-4f735466cecf":"f.9E9033AC553CC0B85A95563BC71A2932.d.DD726767F1B40FE540082841F81F8E70.e.1010","ELEMENT":"f.9E9033AC553CC0B85A95563BC71A2932.d.DD726767F1B40FE540082841F81F8E70.e.1010"}]}
COMMAND: POST /session/182083f90ffd4e1f41203b08bcf05ba6/execute/sync - {"script":"<script> [56 bytes]","args":[{"element-6066-11e4-a52e-4f735466cecf":"f.9E9033AC553CC0B85A95563BC71A2932.d.DD726767F1B40FE540082841F81F8E70.e.1011","ELEMENT":"f.9E9033AC553CC0B85A95563BC71A2932.d.DD726767F1B40FE540082841F81F8E70.e.1011"}]}
COMMAND: GET /session/182083f90ffd4e1f41203b08bcf05ba6/screenshot - {}
RESULT: {"script":"<script> [56 bytes]","args":[{"element-6066-11e4-a52e-4f735466cecf":"f.9E9033AC553CC0B85A95563BC71A2932.d.DD726767F1B40FE540082841F81F8E70.e.1011","ELEMENT":"f.9E9033AC553CC0B85A95563BC71A2932.d.DD726767F1B40FE540082841F81F8E70.e.1011"}]}
COMMAND: POST /session/182083f90ffd4e1f41203b08bcf05ba6/element - {"using":"xpath","value":"//table[contains(@id, \"customPersonsAddressesTable-listUl\")]/tbody/tr[1]/td[10]/div/span"}
COMMAND: GET /session/182083f90ffd4e1f41203b08bcf05ba6/screenshot - {}
RESULT: {}
RESULT: {"using":"xpath","value":"//table[contains(@id, \"customPersonsAddressesTable-listUl\")]/tbody/tr[1]/td[10]/div/span"}
COMMAND: POST /session/182083f90ffd4e1f41203b08bcf05ba6/execute/sync - {"script":"<script> [56 bytes]","args":[{"element-6066-11e4-a52e-4f735466cecf":"f.9E9033AC553CC0B85A95563BC71A2932.d.DD726767F1B40FE540082841F81F8E70.e.1012","ELEMENT":"f.9E9033AC553CC0B85A95563BC71A2932.d.DD726767F1B40FE540082841F81F8E70.e.1012"}]}
RESULT: {}
RESULT: {"script":"<script> [56 bytes]","args":[{"element-6066-11e4-a52e-4f735466cecf":"f.9E9033AC553CC0B85A95563BC71A2932.d.DD726767F1B40FE540082841F81F8E70.e.1012","ELEMENT":"f.9E9033AC553CC0B85A95563BC71A2932.d.DD726767F1B40FE540082841F81F8E70.e.1012"}]}
COMMAND: POST /session/182083f90ffd4e1f41203b08bcf05ba6/element - {"using":"xpath","value":"//table[contains(@id, \"customPersonsAddressesTable-listUl\")]/tbody/tr[1]/td[2]/div/div"}
COMMAND: GET /session/182083f90ffd4e1f41203b08bcf05ba6/screenshot - {}
RESULT: {"using":"xpath","value":"//table[contains(@id, \"customPersonsAddressesTable-listUl\")]/tbody/tr[1]/td[2]/div/div"}
COMMAND: POST /session/182083f90ffd4e1f41203b08bcf05ba6/element/f.9E9033AC553CC0B85A95563BC71A2932.d.DD726767F1B40FE540082841F81F8E70.e.1013/click - {}
RESULT: {}
RESULT: {}
COMMAND: GET /session/182083f90ffd4e1f41203b08bcf05ba6/screenshot - {}
RESULT: {}
COMMAND: POST /session/182083f90ffd4e1f41203b08bcf05ba6/element - {"using":"xpath","value":"//bdi[contains(text(), \"Activate\")]"}
RESULT: {"using":"xpath","value":"//bdi[contains(text(), \"Activate\")]"}
COMMAND: POST /session/182083f90ffd4e1f41203b08bcf05ba6/element/f.9E9033AC553CC0B85A95563BC71A2932.d.DD726767F1B40FE540082841F81F8E70.e.1014/click - {}
RESULT: {}
COMMAND: GET /session/182083f90ffd4e1f41203b08bcf05ba6/screenshot - {}
RESULT: {}
COMMAND: POST /session/182083f90ffd4e1f41203b08bcf05ba6/element - {"using":"xpath","value":"//bdi[contains(text(), \"Yes\")]"}
RESULT: {"using":"xpath","value":"//bdi[contains(text(), \"Yes\")]"}
COMMAND: POST /session/182083f90ffd4e1f41203b08bcf05ba6/element/f.9E9033AC553CC0B85A95563BC71A2932.d.DD726767F1B40FE540082841F81F8E70.e.1016/click - {}
RESULT: {}
COMMAND: GET /session/182083f90ffd4e1f41203b08bcf05ba6/screenshot - {}
RESULT: {}
COMMAND: POST /session/182083f90ffd4e1f41203b08bcf05ba6/element - {"using":"xpath","value":"//table[contains(@id, \"customPersonsAddressesTable-listUl\")]/tbody/tr[1]/td[10]/div/span"}
RESULT: {"using":"xpath","value":"//table[contains(@id, \"customPersonsAddressesTable-listUl\")]/tbody/tr[1]/td[10]/div/span"}
COMMAND: POST /session/182083f90ffd4e1f41203b08bcf05ba6/execute/sync - {"script":"<script> [56 bytes]","args":[{"element-6066-11e4-a52e-4f735466cecf":"f.9E9033AC553CC0B85A95563BC71A2932.d.DD726767F1B40FE540082841F81F8E70.e.1012","ELEMENT":"f.9E9033AC553CC0B85A95563BC71A2932.d.DD726767F1B40FE540082841F81F8E70.e.1012"}]}
RESULT: {"script":"<script> [56 bytes]","args":[{"element-6066-11e4-a52e-4f735466cecf":"f.9E9033AC553CC0B85A95563BC71A2932.d.DD726767F1B40FE540082841F81F8E70.e.1012","ELEMENT":"f.9E9033AC553CC0B85A95563BC71A2932.d.DD726767F1B40FE540082841F81F8E70.e.1012"}]}
COMMAND: GET /session/182083f90ffd4e1f41203b08bcf05ba6/screenshot - {}
RESULT: {}
COMMAND: POST /session/182083f90ffd4e1f41203b08bcf05ba6/element - {"using":"css selector","value":"#shell-header-logo"}
RESULT: {"using":"css selector","value":"#shell-header-logo"}
COMMAND: POST /session/182083f90ffd4e1f41203b08bcf05ba6/element/f.9E9033AC553CC0B85A95563BC71A2932.d.DD726767F1B40FE540082841F81F8E70.e.814/click - {}
RESULT: {}
COMMAND: GET /session/182083f90ffd4e1f41203b08bcf05ba6/screenshot - {}
RESULT: {}
]]></system-out>
    </testcase>
  </testsuite>
</testsuites>