<?xml version="1.0" encoding="UTF-8"?>
<testsuites tests="5" failures="4" errors="4" skipped="0">
  <testsuite timestamp="2025-06-12T16:54:58" time="368.181" tests="4" failures="3" errors="3" skipped="0">
    <properties>
      <property name="specId" value="0" />
      <property name="suiteName" value="ISC Template - Time schedule US156099" />
      <property name="capabilities" value="chrome.137_0_7151_69.windows" />
      <property name="file" value="file:///D:/a/1/s/test/specs/ISC/isc-template-time-schedule.spec.js" />
    </properties>
    <testcase classname="chrome.137_0_7151_69.windows.ISC_Template_-_Time_schedule_US156099" name="Should verify if the yard has the currency and the storage location assigned" time="94.084">
      <system-out><![CDATA[
COMMAND: POST /session/9506305a0bab01169232377fda603954/execute/async - {"script":"<script> [1562 bytes]","args":[{"selector":{"controlType":"sap.m.GenericTile","properties":{"header":"Manage Yards"}},"wdio_ui5_key":"sapm.GenericTile{\"header\":\"Manage Yards\"}"}]}
RESULT: {"script":"<script> [1562 bytes]","args":[{"selector":{"controlType":"sap.m.GenericTile","properties":{"header":"Manage Yards"}},"wdio_ui5_key":"sapm.GenericTile{\"header\":\"Manage Yards\"}"}]}
RESULT: undefined
COMMAND: POST /session/9506305a0bab01169232377fda603954/element - {"using":"xpath","value":"//*[@id=\"__tile42\"]"}
RESULT: {"using":"xpath","value":"//*[@id=\"__tile42\"]"}
COMMAND: POST /session/9506305a0bab01169232377fda603954/element/f.37EDB5F4B4A40ECA6B07F2C3C8BCFB04.d.AFEF185D809FEA2D5DB78D6DB0E334CC.e.130/click - {}
RESULT: {}
COMMAND: GET /session/9506305a0bab01169232377fda603954/screenshot - {}
RESULT: {}
COMMAND: POST /session/9506305a0bab01169232377fda603954/elements - {"using":"xpath","value":"//span[text()='Error']"}
RESULT: {"using":"xpath","value":"//span[text()='Error']"}
COMMAND: POST /session/9506305a0bab01169232377fda603954/element - {"using":"xpath","value":"//input[contains(@id ,\"application-manageyards-display-component---masterYard--smartFilterBar-btnBasicSearch\")]"}
RESULT: {"using":"xpath","value":"//input[contains(@id ,\"application-manageyards-display-component---masterYard--smartFilterBar-btnBasicSearch\")]"}
COMMAND: POST /session/9506305a0bab01169232377fda603954/element/f.37EDB5F4B4A40ECA6B07F2C3C8BCFB04.d.AFEF185D809FEA2D5DB78D6DB0E334CC.e.153/clear - {}
RESULT: {}
COMMAND: POST /session/9506305a0bab01169232377fda603954/element/f.37EDB5F4B4A40ECA6B07F2C3C8BCFB04.d.AFEF185D809FEA2D5DB78D6DB0E334CC.e.153/value - {"text":"109"}
COMMAND: GET /session/9506305a0bab01169232377fda603954/screenshot - {}
RESULT: {"text":"109"}
COMMAND: POST /session/9506305a0bab01169232377fda603954/actions - {"actions":[{"id":"action1","type":"key","parameters":{},"actions":[{"type":"keyDown","value":"î€‡"},{"type":"pause","duration":10},{"type":"keyUp","value":"î€‡"}]}]}
COMMAND: GET /session/9506305a0bab01169232377fda603954/screenshot - {}
RESULT: {}
RESULT: {"actions":[{"id":"action1","type":"key","parameters":{},"actions":[{"type":"keyDown","value":"î€‡"},{"type":"pause","duration":10},{"type":"keyUp","value":"î€‡"}]}]}
COMMAND: GET /session/9506305a0bab01169232377fda603954/screenshot - {}
RESULT: {}
RESULT: {}
COMMAND: POST /session/9506305a0bab01169232377fda603954/execute/async - {"script":"<script> [1562 bytes]","args":[{"selector":{"controlType":"sap.ui.core.Icon","viewName":"etm.portal.ui.manageyards.view.Master","viewId":"application-manageyards-display-component---masterYard","properties":{"src":{"regex":{"source":"slim\\-arrow\\-right"}}}},"wdio_ui5_key":"etmportal.ui.manageyards.view.Mastersap.ui.core.Icon{\"src\":{\"regex\":{\"source\":\"slim\\\\-arrow\\\\-right\"}}}"}]}
RESULT: {"script":"<script> [1562 bytes]","args":[{"selector":{"controlType":"sap.ui.core.Icon","viewName":"etm.portal.ui.manageyards.view.Master","viewId":"application-manageyards-display-component---masterYard","properties":{"src":{"regex":{"source":"slim\\-arrow\\-right"}}}},"wdio_ui5_key":"etmportal.ui.manageyards.view.Mastersap.ui.core.Icon{\"src\":{\"regex\":{\"source\":\"slim\\\\-arrow\\\\-right\"}}}"}]}
RESULT: undefined
COMMAND: POST /session/9506305a0bab01169232377fda603954/element - {"using":"xpath","value":"//*[@id=\"__item22-__clone18-imgNav\"]"}
RESULT: {"using":"xpath","value":"//*[@id=\"__item22-__clone18-imgNav\"]"}
COMMAND: POST /session/9506305a0bab01169232377fda603954/element/f.37EDB5F4B4A40ECA6B07F2C3C8BCFB04.d.AFEF185D809FEA2D5DB78D6DB0E334CC.e.304/click - {}
RESULT: {}
COMMAND: GET /session/9506305a0bab01169232377fda603954/screenshot - {}
RESULT: {}
COMMAND: POST /session/9506305a0bab01169232377fda603954/execute/async - {"script":"<script> [1562 bytes]","args":[{"selector":{"controlType":"sap.m.Button","viewName":"etm.portal.ui.manageyards.view.Detail","viewId":"application-manageyards-display-component---detailYard","properties":{"text":"Commercial"},"interaction":{"idSuffix":"BDI-content"}},"wdio_ui5_key":"etmportal.ui.manageyards.view.Detailsap.m.Button{\"text\":\"Commercial\"}"}]}
RESULT: {"script":"<script> [1562 bytes]","args":[{"selector":{"controlType":"sap.m.Button","viewName":"etm.portal.ui.manageyards.view.Detail","viewId":"application-manageyards-display-component---detailYard","properties":{"text":"Commercial"},"interaction":{"idSuffix":"BDI-content"}},"wdio_ui5_key":"etmportal.ui.manageyards.view.Detailsap.m.Button{\"text\":\"Commercial\"}"}]}
RESULT: undefined
COMMAND: POST /session/9506305a0bab01169232377fda603954/element - {"using":"xpath","value":"//*[@id=\"application-manageyards-display-component---detailYard--ObjectPageLayout-anchBar-__section5-anchor\"]"}
RESULT: {"using":"xpath","value":"//*[@id=\"application-manageyards-display-component---detailYard--ObjectPageLayout-anchBar-__section5-anchor\"]"}
COMMAND: POST /session/9506305a0bab01169232377fda603954/element/f.37EDB5F4B4A40ECA6B07F2C3C8BCFB04.d.AFEF185D809FEA2D5DB78D6DB0E334CC.e.431/click - {}
RESULT: {}
COMMAND: GET /session/9506305a0bab01169232377fda603954/screenshot - {}
RESULT: {}
COMMAND: POST /session/9506305a0bab01169232377fda603954/element - {"using":"xpath","value":"//span[contains(text(), \"Euro\")]"}
RESULT: {"using":"xpath","value":"//span[contains(text(), \"Euro\")]"}
COMMAND: POST /session/9506305a0bab01169232377fda603954/element - {"using":"xpath","value":"//span[contains(text(), \"0010\")]"}
RESULT: {"using":"xpath","value":"//span[contains(text(), \"0010\")]"}
COMMAND: POST /session/9506305a0bab01169232377fda603954/element - {"using":"xpath","value":"//span[contains(text(), \"Euro\")]"}
RESULT: {"using":"xpath","value":"//span[contains(text(), \"Euro\")]"}
COMMAND: POST /session/9506305a0bab01169232377fda603954/execute/async - {"script":"<script> [1562 bytes]","args":[{"selector":{"controlType":"sap.m.Button","viewName":"etm.portal.ui.manageyards.view.Detail","viewId":"application-manageyards-display-component---detailYard","i18NText":{"propertyName":"text","key":"edit"},"interaction":{"idSuffix":"BDI-content"}},"wdio_ui5_key":"etmportal.ui.manageyards.view.Detailsap.m.Button{\"propertyName\":\"text\",\"key\":\"edit\"}"}]}
RESULT: {"script":"<script> [1562 bytes]","args":[{"selector":{"controlType":"sap.m.Button","viewName":"etm.portal.ui.manageyards.view.Detail","viewId":"application-manageyards-display-component---detailYard","i18NText":{"propertyName":"text","key":"edit"},"interaction":{"idSuffix":"BDI-content"}},"wdio_ui5_key":"etmportal.ui.manageyards.view.Detailsap.m.Button{\"propertyName\":\"text\",\"key\":\"edit\"}"}]}
RESULT: undefined
COMMAND: POST /session/9506305a0bab01169232377fda603954/element - {"using":"xpath","value":"//*[@id=\"__button10\"]"}
RESULT: {"using":"xpath","value":"//*[@id=\"__button10\"]"}
COMMAND: POST /session/9506305a0bab01169232377fda603954/element/f.37EDB5F4B4A40ECA6B07F2C3C8BCFB04.d.AFEF185D809FEA2D5DB78D6DB0E334CC.e.332/click - {}
RESULT: {}
COMMAND: GET /session/9506305a0bab01169232377fda603954/screenshot - {}
RESULT: {}
COMMAND: POST /session/9506305a0bab01169232377fda603954/element - {"using":"xpath","value":"//div[contains(@id ,\"section\")][contains(text(), \"Commercial\")]"}
RESULT: {"using":"xpath","value":"//div[contains(@id ,\"section\")][contains(text(), \"Commercial\")]"}
COMMAND: GET /session/9506305a0bab01169232377fda603954/element/f.37EDB5F4B4A40ECA6B07F2C3C8BCFB04.d.AFEF185D809FEA2D5DB78D6DB0E334CC.e.519/rect - {}
RESULT: {}
COMMAND: GET /session/9506305a0bab01169232377fda603954/window/rect - {}
RESULT: {}
COMMAND: POST /session/9506305a0bab01169232377fda603954/execute/sync - {"script":"<script> [92 bytes]","args":[]}
RESULT: {"script":"<script> [92 bytes]","args":[]}
COMMAND: POST /session/9506305a0bab01169232377fda603954/actions - {"actions":[{"id":"action2","type":"wheel","parameters":{},"actions":[{"type":"scroll","x":-1841,"y":-44,"deltaX":0,"deltaY":0,"duration":0,"origin":{"element-6066-11e4-a52e-4f735466cecf":"f.37EDB5F4B4A40ECA6B07F2C3C8BCFB04.d.AFEF185D809FEA2D5DB78D6DB0E334CC.e.519"}}]}]}
COMMAND: GET /session/9506305a0bab01169232377fda603954/screenshot - {}
RESULT: {}
COMMAND: POST /session/9506305a0bab01169232377fda603954/execute/sync - {"script":"<script> [79 bytes]","args":[{"element-6066-11e4-a52e-4f735466cecf":"f.37EDB5F4B4A40ECA6B07F2C3C8BCFB04.d.AFEF185D809FEA2D5DB78D6DB0E334CC.e.519","ELEMENT":"f.37EDB5F4B4A40ECA6B07F2C3C8BCFB04.d.AFEF185D809FEA2D5DB78D6DB0E334CC.e.519"},{"block":"start","inline":"nearest"}]}
RESULT: {"script":"<script> [79 bytes]","args":[{"element-6066-11e4-a52e-4f735466cecf":"f.37EDB5F4B4A40ECA6B07F2C3C8BCFB04.d.AFEF185D809FEA2D5DB78D6DB0E334CC.e.519","ELEMENT":"f.37EDB5F4B4A40ECA6B07F2C3C8BCFB04.d.AFEF185D809FEA2D5DB78D6DB0E334CC.e.519"},{"block":"start","inline":"nearest"}]}
COMMAND: GET /session/9506305a0bab01169232377fda603954/screenshot - {}
RESULT: {}
COMMAND: POST /session/9506305a0bab01169232377fda603954/execute/async - {"script":"<script> [1562 bytes]","args":[{"selector":{"id":"application-manageyards-display-component---editYard--addressEditDetailsCurrency-arrow"},"wdio_ui5_key":"applicationmanageyards-display-component---editYard--addressEditDetailsCurrency-arrow"}]}
RESULT: {"script":"<script> [1562 bytes]","args":[{"selector":{"id":"application-manageyards-display-component---editYard--addressEditDetailsCurrency-arrow"},"wdio_ui5_key":"applicationmanageyards-display-component---editYard--addressEditDetailsCurrency-arrow"}]}
RESULT: undefined
COMMAND: POST /session/9506305a0bab01169232377fda603954/element - {"using":"xpath","value":"//*[@id=\"application-manageyards-display-component---editYard--addressEditDetailsCurrency-arrow\"]"}
RESULT: {"using":"xpath","value":"//*[@id=\"application-manageyards-display-component---editYard--addressEditDetailsCurrency-arrow\"]"}
COMMAND: POST /session/9506305a0bab01169232377fda603954/element/f.37EDB5F4B4A40ECA6B07F2C3C8BCFB04.d.AFEF185D809FEA2D5DB78D6DB0E334CC.e.525/click - {}
RESULT: {}
COMMAND: POST /session/9506305a0bab01169232377fda603954/execute/async - {"script":"<script> [1562 bytes]","args":[{"selector":{"controlType":"sap.m.StandardListItem","viewName":"etm.portal.ui.manageyards.view.Edit","viewId":"application-manageyards-display-component---editYard","properties":{"title":"Euro"},"searchOpenDialogs":true,"interaction":{"idSuffix":"titleText"}},"wdio_ui5_key":"etmportal.ui.manageyards.view.Editsap.m.StandardListItem{\"title\":\"Euro\"}"}]}
COMMAND: GET /session/9506305a0bab01169232377fda603954/screenshot - {}
RESULT: {"script":"<script> [1562 bytes]","args":[{"selector":{"controlType":"sap.m.StandardListItem","viewName":"etm.portal.ui.manageyards.view.Edit","viewId":"application-manageyards-display-component---editYard","properties":{"title":"Euro"},"searchOpenDialogs":true,"interaction":{"idSuffix":"titleText"}},"wdio_ui5_key":"etmportal.ui.manageyards.view.Editsap.m.StandardListItem{\"title\":\"Euro\"}"}]}
RESULT: undefined
COMMAND: POST /session/9506305a0bab01169232377fda603954/element - {"using":"xpath","value":"//*[@id=\"__item140\"]"}
RESULT: {}
RESULT: {"using":"xpath","value":"//*[@id=\"__item140\"]"}
COMMAND: POST /session/9506305a0bab01169232377fda603954/element/f.37EDB5F4B4A40ECA6B07F2C3C8BCFB04.d.AFEF185D809FEA2D5DB78D6DB0E334CC.e.529/click - {}
RESULT: {}
COMMAND: POST /session/9506305a0bab01169232377fda603954/execute/async - {"script":"<script> [1562 bytes]","args":[{"selector":{"controlType":"sap.m.Input","viewName":"etm.portal.ui.manageyards.view.Edit","viewId":"application-manageyards-display-component---editYard","bindingPath":{"path":"/Yards('109')","propertyPath":"STORAGE_LOCATION","modelName":"catalogModel"},"interaction":{"idSuffix":"inner"}},"wdio_ui5_key":"etmportal.ui.manageyards.view.Editsap.m.Input{\"path\":\"/Yards('109')\",\"propertyPath\":\"STORAGE_LOCATION\",\"modelName\":\"catalogModel\"}"}]}
COMMAND: GET /session/9506305a0bab01169232377fda603954/screenshot - {}
RESULT: {"script":"<script> [1562 bytes]","args":[{"selector":{"controlType":"sap.m.Input","viewName":"etm.portal.ui.manageyards.view.Edit","viewId":"application-manageyards-display-component---editYard","bindingPath":{"path":"/Yards('109')","propertyPath":"STORAGE_LOCATION","modelName":"catalogModel"},"interaction":{"idSuffix":"inner"}},"wdio_ui5_key":"etmportal.ui.manageyards.view.Editsap.m.Input{\"path\":\"/Yards('109')\",\"propertyPath\":\"STORAGE_LOCATION\",\"modelName\":\"catalogModel\"}"}]}
RESULT: undefined
COMMAND: POST /session/9506305a0bab01169232377fda603954/execute/async - {"script":"<script> [776 bytes]","args":[{"enterText":"0010","selector":{"controlType":"sap.m.Input","viewName":"etm.portal.ui.manageyards.view.Edit","viewId":"application-manageyards-display-component---editYard","bindingPath":{"path":"/Yards('109')","propertyPath":"STORAGE_LOCATION","modelName":"catalogModel"},"interaction":{"idSuffix":"inner"}},"clearTextFirst":true,"interactionType":"ENTER_TEXT"}]}
RESULT: {}
RESULT: {"script":"<script> [776 bytes]","args":[{"enterText":"0010","selector":{"controlType":"sap.m.Input","viewName":"etm.portal.ui.manageyards.view.Edit","viewId":"application-manageyards-display-component---editYard","bindingPath":{"path":"/Yards('109')","propertyPath":"STORAGE_LOCATION","modelName":"catalogModel"},"interaction":{"idSuffix":"inner"}},"clearTextFirst":true,"interactionType":"ENTER_TEXT"}]}
COMMAND: POST /session/9506305a0bab01169232377fda603954/element - {"using":"xpath","value":"//button[contains(@data-kt ,\"saveEditButton\")]"}
RESULT: {"using":"xpath","value":"//button[contains(@data-kt ,\"saveEditButton\")]"}
COMMAND: POST /session/9506305a0bab01169232377fda603954/element/f.37EDB5F4B4A40ECA6B07F2C3C8BCFB04.d.AFEF185D809FEA2D5DB78D6DB0E334CC.e.508/click - {}
RESULT: {}
COMMAND: GET /session/9506305a0bab01169232377fda603954/screenshot - {}
RESULT: {}
COMMAND: POST /session/9506305a0bab01169232377fda603954/element - {"using":"css selector","value":"#shell-header-logo"}
RESULT: {"using":"css selector","value":"#shell-header-logo"}
COMMAND: POST /session/9506305a0bab01169232377fda603954/element/f.37EDB5F4B4A40ECA6B07F2C3C8BCFB04.d.AFEF185D809FEA2D5DB78D6DB0E334CC.e.132/click - {}
RESULT: {}
COMMAND: GET /session/9506305a0bab01169232377fda603954/screenshot - {}
RESULT: {}
COMMAND: POST /session/9506305a0bab01169232377fda603954/refresh - {}
RESULT: {}
COMMAND: GET /session/9506305a0bab01169232377fda603954/screenshot - {}
RESULT: {}
COMMAND: POST /session/9506305a0bab01169232377fda603954/execute/async - {"script":"<script> [189 bytes]","args":[]}
RESULT: {"script":"<script> [189 bytes]","args":[]}
COMMAND: POST /session/9506305a0bab01169232377fda603954/execute/async - {"script":"<script> [123 bytes]","args":[]}
RESULT: {"script":"<script> [123 bytes]","args":[]}
COMMAND: POST /session/9506305a0bab01169232377fda603954/timeouts - {"script":"<number>"}
RESULT: {"script":"<number>"}
COMMAND: GET /session/9506305a0bab01169232377fda603954/timeouts - {}
RESULT: {}
RESULT: undefined
COMMAND: POST /session/9506305a0bab01169232377fda603954/execute/async - {"script":"<script> [2676 bytes]","args":[]}
RESULT: {"script":"<script> [2676 bytes]","args":[]}
COMMAND: POST /session/9506305a0bab01169232377fda603954/execute/async - {"script":"<script> [2342 bytes]","args":[{"protocol":"http","hostname":"0.0.0.0","path":"/","capabilities":{"browserName":"chrome","goog:chromeOptions":{"binary":"C:\\Program Files\\Google\\Chrome\\Application\\chrome.exe","args":["--start-maximized"]}},"logLevel":"warn","connectionRetryTimeout":120000,"connectionRetryCount":3,"logLevels":{},"enableDirectConnect":true,"strictSSL":true,"_":"65 more keys: [\"cacheDir\",\"port\",\"requestedCapabilities\",\"automationProtocol\",\"baseUrl\",\"waitforInterval\",\"waitforTimeout\",\"onReload\",\"beforeCommand\",\"afterCommand\",\"rootDir\",\"specs\",\"suites\",\"exclude\",\"groupLogsByTestSpec\",\"excludeDriverLogs\",\"bail\",\"framework\",\"reporters\",\"services\",\"maxInstances\",\"maxInstancesPerCapability\",\"injectGlobals\",\"filesToWatch\",\"execArgv\",\"runnerEnv\",\"runner\",\"shard\",\"specFileRetries\",\"specFileRetriesDelay\",\"specFileRetriesDeferred\",\"reporterSyncInterval\",\"reporterSyncTimeout\",\"cucumberFeaturesWithLineNumbers\",\"autoCompileOpts\",\"mochaOpts\",\"jasmineOpts\",\"cucumberOpts\",\"onPrepare\",\"onWorkerStart\",\"onWorkerEnd\",\"before\",\"beforeSession\",\"beforeSuite\",\"beforeHook\",\"beforeTest\",\"afterTest\",\"afterHook\",\"afterSuite\",\"afterSession\",\"after\",\"onComplete\",\"beforeAssertion\",\"afterAssertion\",\"beforeFeature\",\"beforeScenario\",\"beforeStep\",\"afterStep\",\"afterScenario\",\"afterFeature\",\"_\",\"suite\",\"$0\",\"ignoredWorkerServices\",\"wdi5\"]"}]}
RESULT: {"script":"<script> [2342 bytes]","args":[{"protocol":"http","hostname":"0.0.0.0","path":"/","capabilities":{"browserName":"chrome","goog:chromeOptions":{"binary":"C:\\Program Files\\Google\\Chrome\\Application\\chrome.exe","args":["--start-maximized"]}},"logLevel":"warn","connectionRetryTimeout":120000,"connectionRetryCount":3,"logLevels":{},"enableDirectConnect":true,"strictSSL":true,"_":"65 more keys: [\"cacheDir\",\"port\",\"requestedCapabilities\",\"automationProtocol\",\"baseUrl\",\"waitforInterval\",\"waitforTimeout\",\"onReload\",\"beforeCommand\",\"afterCommand\",\"rootDir\",\"specs\",\"suites\",\"exclude\",\"groupLogsByTestSpec\",\"excludeDriverLogs\",\"bail\",\"framework\",\"reporters\",\"services\",\"maxInstances\",\"maxInstancesPerCapability\",\"injectGlobals\",\"filesToWatch\",\"execArgv\",\"runnerEnv\",\"runner\",\"shard\",\"specFileRetries\",\"specFileRetriesDelay\",\"specFileRetriesDeferred\",\"reporterSyncInterval\",\"reporterSyncTimeout\",\"cucumberFeaturesWithLineNumbers\",\"autoCompileOpts\",\"mochaOpts\",\"jasmineOpts\",\"cucumberOpts\",\"onPrepare\",\"onWorkerStart\",\"onWorkerEnd\",\"before\",\"beforeSession\",\"beforeSuite\",\"beforeHook\",\"beforeTest\",\"afterTest\",\"afterHook\",\"afterSuite\",\"afterSession\",\"after\",\"onComplete\",\"beforeAssertion\",\"afterAssertion\",\"beforeFeature\",\"beforeScenario\",\"beforeStep\",\"afterStep\",\"afterScenario\",\"afterFeature\",\"_\",\"suite\",\"$0\",\"ignoredWorkerServices\",\"wdi5\"]"}]}
COMMAND: POST /session/9506305a0bab01169232377fda603954/execute/async - {"script":"<script> [21126 bytes]","args":[35000]}
RESULT: {"script":"<script> [21126 bytes]","args":[35000]}
]]></system-out>
    </testcase>
  </testsuite>
  <testsuite timestamp="2025-06-12T17:01:06" time="5.366" tests="1" failures="1" errors="1" skipped="0">
    <properties>
      <property name="specId" value="0" />
      <property name="suiteName" value="ISC Schedule - Time schedule US156838" />
      <property name="capabilities" value="chrome.137_0_7151_69.windows" />
      <property name="file" value="file:///D:/a/1/s/test/specs/ISC/isc-schedule-time-schedule.spec.js" />
    </properties>
  </testsuite>
</testsuites>