<?xml version="1.0" encoding="UTF-8"?>
<testsuites tests="24" failures="2" errors="2" skipped="0">
  <testsuite timestamp="2025-04-24T15:38:35" time="556.324" tests="5" failures="0" errors="0" skipped="0">
    <properties>
      <property name="specId" value="0" />
      <property name="suiteName" value="Manage Requests Tags Tests US120163" />
      <property name="capabilities" value="chrome.135_0_7049_96.windows" />
      <property name="file" value="file:///D:/a/1/s/test/specs/R2C/create-request-Tags.spec.js" />
    </properties>
    <testcase classname="chrome.135_0_7049_96.windows.Manage_Requests_Tags_Tests_US120163" name="Should create a new yard" time="115.698">
      <system-out><![CDATA[
COMMAND: POST /session/d94fe9d023155d3f6895aef5421fa61d/execute/async - {"script":"<script> [1562 bytes]","args":[{"selector":{"controlType":"sap.m.GenericTile","properties":{"header":"Manage Yards"}},"wdio_ui5_key":"sapm.GenericTile{\"header\":\"Manage Yards\"}"}]}
RESULT: {"script":"<script> [1562 bytes]","args":[{"selector":{"controlType":"sap.m.GenericTile","properties":{"header":"Manage Yards"}},"wdio_ui5_key":"sapm.GenericTile{\"header\":\"Manage Yards\"}"}]}
RESULT: undefined
COMMAND: POST /session/d94fe9d023155d3f6895aef5421fa61d/element - {"using":"xpath","value":"//*[@id=\"__tile41\"]"}
RESULT: {"using":"xpath","value":"//*[@id=\"__tile41\"]"}
COMMAND: POST /session/d94fe9d023155d3f6895aef5421fa61d/element/f.95C2E293E0D5F8D5E0F83733146F119E.d.05A9943ADBBAE06351F6C34F1ECD5450.e.114/click - {}
RESULT: {}
COMMAND: GET /session/d94fe9d023155d3f6895aef5421fa61d/screenshot - {}
RESULT: {}
COMMAND: POST /session/d94fe9d023155d3f6895aef5421fa61d/execute/async - {"script":"<script> [1562 bytes]","args":[{"selector":{"controlType":"sap.ui.core.Icon","viewName":"etm.portal.ui.manageyards.view.Master","viewId":"application-manageyards-display-component---masterYard","properties":{"src":{"regex":{"source":"add"}}}},"wdio_ui5_key":"etmportal.ui.manageyards.view.Mastersap.ui.core.Icon{\"src\":{\"regex\":{\"source\":\"add\"}}}"}]}
RESULT: {"script":"<script> [1562 bytes]","args":[{"selector":{"controlType":"sap.ui.core.Icon","viewName":"etm.portal.ui.manageyards.view.Master","viewId":"application-manageyards-display-component---masterYard","properties":{"src":{"regex":{"source":"add"}}}},"wdio_ui5_key":"etmportal.ui.manageyards.view.Mastersap.ui.core.Icon{\"src\":{\"regex\":{\"source\":\"add\"}}}"}]}
RESULT: undefined
COMMAND: POST /session/d94fe9d023155d3f6895aef5421fa61d/element - {"using":"xpath","value":"//*[@id=\"__button4-img\"]"}
RESULT: {"using":"xpath","value":"//*[@id=\"__button4-img\"]"}
COMMAND: POST /session/d94fe9d023155d3f6895aef5421fa61d/element/f.95C2E293E0D5F8D5E0F83733146F119E.d.05A9943ADBBAE06351F6C34F1ECD5450.e.161/click - {}
RESULT: {}
COMMAND: GET /session/d94fe9d023155d3f6895aef5421fa61d/screenshot - {}
RESULT: {}
COMMAND: POST /session/d94fe9d023155d3f6895aef5421fa61d/execute/async - {"script":"<script> [1562 bytes]","args":[{"selector":{"id":"application-manageyards-display-component---NewYard--yardId","interaction":{"idSuffix":"inner"}},"wdio_ui5_key":"applicationmanageyards-display-component---NewYard--yardId"}]}
RESULT: {"script":"<script> [1562 bytes]","args":[{"selector":{"id":"application-manageyards-display-component---NewYard--yardId","interaction":{"idSuffix":"inner"}},"wdio_ui5_key":"applicationmanageyards-display-component---NewYard--yardId"}]}
RESULT: undefined
COMMAND: POST /session/d94fe9d023155d3f6895aef5421fa61d/element - {"using":"xpath","value":"//*[@id=\"application-manageyards-display-component---NewYard--addressDetailDetailsName1-inner\"]"}
RESULT: {"using":"xpath","value":"//*[@id=\"application-manageyards-display-component---NewYard--addressDetailDetailsName1-inner\"]"}
COMMAND: POST /session/d94fe9d023155d3f6895aef5421fa61d/element/f.95C2E293E0D5F8D5E0F83733146F119E.d.05A9943ADBBAE06351F6C34F1ECD5450.e.373/clear - {}
RESULT: {}
COMMAND: POST /session/d94fe9d023155d3f6895aef5421fa61d/element/f.95C2E293E0D5F8D5E0F83733146F119E.d.05A9943ADBBAE06351F6C34F1ECD5450.e.373/value - {"text":"WebdriverYard2rvq3"}
COMMAND: GET /session/d94fe9d023155d3f6895aef5421fa61d/screenshot - {}
RESULT: {"text":"WebdriverYard2rvq3"}
COMMAND: POST /session/d94fe9d023155d3f6895aef5421fa61d/element - {"using":"xpath","value":"//*[@id=\"application-manageyards-display-component---NewYard--addressDetailDetailsLanguage-inner\"]"}
COMMAND: GET /session/d94fe9d023155d3f6895aef5421fa61d/screenshot - {}
RESULT: {}
RESULT: {"using":"xpath","value":"//*[@id=\"application-manageyards-display-component---NewYard--addressDetailDetailsLanguage-inner\"]"}
COMMAND: POST /session/d94fe9d023155d3f6895aef5421fa61d/element/f.95C2E293E0D5F8D5E0F83733146F119E.d.05A9943ADBBAE06351F6C34F1ECD5450.e.374/clear - {}
RESULT: {}
RESULT: {}
COMMAND: POST /session/d94fe9d023155d3f6895aef5421fa61d/element/f.95C2E293E0D5F8D5E0F83733146F119E.d.05A9943ADBBAE06351F6C34F1ECD5450.e.374/value - {"text":"Romanian"}
COMMAND: GET /session/d94fe9d023155d3f6895aef5421fa61d/screenshot - {}
RESULT: {"text":"Romanian"}
COMMAND: POST /session/d94fe9d023155d3f6895aef5421fa61d/element - {"using":"xpath","value":"//input[contains(@id ,\"application-manageyards-display-component---NewYard--addressDetailDetailsName1-inner\")]"}
COMMAND: GET /session/d94fe9d023155d3f6895aef5421fa61d/screenshot - {}
RESULT: {}
RESULT: {"using":"xpath","value":"//input[contains(@id ,\"application-manageyards-display-component---NewYard--addressDetailDetailsName1-inner\")]"}
COMMAND: GET /session/d94fe9d023155d3f6895aef5421fa61d/element/f.95C2E293E0D5F8D5E0F83733146F119E.d.05A9943ADBBAE06351F6C34F1ECD5450.e.373/property/value - {}
RESULT: {}
RESULT: {}
COMMAND: GET /session/d94fe9d023155d3f6895aef5421fa61d/screenshot - {}
RESULT: {}
COMMAND: POST /session/d94fe9d023155d3f6895aef5421fa61d/element - {"using":"xpath","value":"//*[@id=\"application-manageyards-display-component---NewYard--addressDetailDetailsCity1-inner\"]"}
RESULT: {"using":"xpath","value":"//*[@id=\"application-manageyards-display-component---NewYard--addressDetailDetailsCity1-inner\"]"}
COMMAND: POST /session/d94fe9d023155d3f6895aef5421fa61d/element/f.95C2E293E0D5F8D5E0F83733146F119E.d.05A9943ADBBAE06351F6C34F1ECD5450.e.376/clear - {}
RESULT: {}
COMMAND: POST /session/d94fe9d023155d3f6895aef5421fa61d/element/f.95C2E293E0D5F8D5E0F83733146F119E.d.05A9943ADBBAE06351F6C34F1ECD5450.e.376/value - {"text":"Bucuresti"}
COMMAND: GET /session/d94fe9d023155d3f6895aef5421fa61d/screenshot - {}
RESULT: {"text":"Bucuresti"}
COMMAND: GET /session/d94fe9d023155d3f6895aef5421fa61d/screenshot - {}
RESULT: {}
RESULT: {}
COMMAND: POST /session/d94fe9d023155d3f6895aef5421fa61d/element - {"using":"xpath","value":"//*[@id=\"application-manageyards-display-component---NewYard--addressDetailDetailsCountry-inner\"]"}
RESULT: {"using":"xpath","value":"//*[@id=\"application-manageyards-display-component---NewYard--addressDetailDetailsCountry-inner\"]"}
COMMAND: POST /session/d94fe9d023155d3f6895aef5421fa61d/element/f.95C2E293E0D5F8D5E0F83733146F119E.d.05A9943ADBBAE06351F6C34F1ECD5450.e.380/clear - {}
RESULT: {}
COMMAND: POST /session/d94fe9d023155d3f6895aef5421fa61d/element/f.95C2E293E0D5F8D5E0F83733146F119E.d.05A9943ADBBAE06351F6C34F1ECD5450.e.380/value - {"text":"Romania"}
COMMAND: GET /session/d94fe9d023155d3f6895aef5421fa61d/screenshot - {}
RESULT: {"text":"Romania"}
COMMAND: GET /session/d94fe9d023155d3f6895aef5421fa61d/screenshot - {}
RESULT: {}
RESULT: {}
COMMAND: POST /session/d94fe9d023155d3f6895aef5421fa61d/element - {"using":"xpath","value":"//div[contains(text(), \"Commercial\")]"}
RESULT: {"using":"xpath","value":"//div[contains(text(), \"Commercial\")]"}
COMMAND: GET /session/d94fe9d023155d3f6895aef5421fa61d/element/f.95C2E293E0D5F8D5E0F83733146F119E.d.05A9943ADBBAE06351F6C34F1ECD5450.e.576/rect - {}
RESULT: {}
COMMAND: GET /session/d94fe9d023155d3f6895aef5421fa61d/window/rect - {}
RESULT: {}
COMMAND: POST /session/d94fe9d023155d3f6895aef5421fa61d/execute/sync - {"script":"<script> [92 bytes]","args":[]}
RESULT: {"script":"<script> [92 bytes]","args":[]}
COMMAND: POST /session/d94fe9d023155d3f6895aef5421fa61d/actions - {"actions":[{"id":"action1","type":"wheel","parameters":{},"actions":[{"type":"scroll","x":-1841,"y":-44,"deltaX":0,"deltaY":0,"duration":0,"origin":{"element-6066-11e4-a52e-4f735466cecf":"f.95C2E293E0D5F8D5E0F83733146F119E.d.05A9943ADBBAE06351F6C34F1ECD5450.e.576"}}]}]}
COMMAND: GET /session/d94fe9d023155d3f6895aef5421fa61d/screenshot - {}
RESULT: {}
COMMAND: POST /session/d94fe9d023155d3f6895aef5421fa61d/execute/sync - {"script":"<script> [79 bytes]","args":[{"element-6066-11e4-a52e-4f735466cecf":"f.95C2E293E0D5F8D5E0F83733146F119E.d.05A9943ADBBAE06351F6C34F1ECD5450.e.576","ELEMENT":"f.95C2E293E0D5F8D5E0F83733146F119E.d.05A9943ADBBAE06351F6C34F1ECD5450.e.576"},{"block":"start","inline":"nearest"}]}
RESULT: {"script":"<script> [79 bytes]","args":[{"element-6066-11e4-a52e-4f735466cecf":"f.95C2E293E0D5F8D5E0F83733146F119E.d.05A9943ADBBAE06351F6C34F1ECD5450.e.576","ELEMENT":"f.95C2E293E0D5F8D5E0F83733146F119E.d.05A9943ADBBAE06351F6C34F1ECD5450.e.576"},{"block":"start","inline":"nearest"}]}
COMMAND: GET /session/d94fe9d023155d3f6895aef5421fa61d/screenshot - {}
RESULT: {}
COMMAND: POST /session/d94fe9d023155d3f6895aef5421fa61d/execute/async - {"script":"<script> [1562 bytes]","args":[{"selector":{"id":"application-manageyards-display-component---NewYard--addressEditDetailsCostObjectCstType-arrow"},"wdio_ui5_key":"applicationmanageyards-display-component---NewYard--addressEditDetailsCostObjectCstType-arrow"}]}
RESULT: {"script":"<script> [1562 bytes]","args":[{"selector":{"id":"application-manageyards-display-component---NewYard--addressEditDetailsCostObjectCstType-arrow"},"wdio_ui5_key":"applicationmanageyards-display-component---NewYard--addressEditDetailsCostObjectCstType-arrow"}]}
RESULT: undefined
COMMAND: POST /session/d94fe9d023155d3f6895aef5421fa61d/element - {"using":"xpath","value":"//*[@id=\"application-manageyards-display-component---NewYard--addressEditDetailsCostObjectCstType-arrow\"]"}
RESULT: {"using":"xpath","value":"//*[@id=\"application-manageyards-display-component---NewYard--addressEditDetailsCostObjectCstType-arrow\"]"}
COMMAND: POST /session/d94fe9d023155d3f6895aef5421fa61d/element/f.95C2E293E0D5F8D5E0F83733146F119E.d.05A9943ADBBAE06351F6C34F1ECD5450.e.583/click - {}
RESULT: {}
COMMAND: POST /session/d94fe9d023155d3f6895aef5421fa61d/element - {"using":"xpath","value":"//span[contains(text(), \"Cost Center\")]"}
COMMAND: GET /session/d94fe9d023155d3f6895aef5421fa61d/screenshot - {}
RESULT: {"using":"xpath","value":"//span[contains(text(), \"Cost Center\")]"}
COMMAND: POST /session/d94fe9d023155d3f6895aef5421fa61d/element/f.95C2E293E0D5F8D5E0F83733146F119E.d.05A9943ADBBAE06351F6C34F1ECD5450.e.596/click - {}
RESULT: {}
RESULT: {}
COMMAND: GET /session/d94fe9d023155d3f6895aef5421fa61d/screenshot - {}
RESULT: {}
COMMAND: POST /session/d94fe9d023155d3f6895aef5421fa61d/execute/async - {"script":"<script> [1562 bytes]","args":[{"selector":{"id":"application-manageyards-display-component---NewYard--addressNewCostObjectCstID-vhi"},"wdio_ui5_key":"applicationmanageyards-display-component---NewYard--addressNewCostObjectCstID-vhi"}]}
RESULT: {"script":"<script> [1562 bytes]","args":[{"selector":{"id":"application-manageyards-display-component---NewYard--addressNewCostObjectCstID-vhi"},"wdio_ui5_key":"applicationmanageyards-display-component---NewYard--addressNewCostObjectCstID-vhi"}]}
RESULT: undefined
COMMAND: POST /session/d94fe9d023155d3f6895aef5421fa61d/element - {"using":"xpath","value":"//*[@id=\"application-manageyards-display-component---NewYard--addressNewCostObjectCstID-vhi\"]"}
RESULT: {"using":"xpath","value":"//*[@id=\"application-manageyards-display-component---NewYard--addressNewCostObjectCstID-vhi\"]"}
COMMAND: POST /session/d94fe9d023155d3f6895aef5421fa61d/element/f.95C2E293E0D5F8D5E0F83733146F119E.d.05A9943ADBBAE06351F6C34F1ECD5450.e.599/click - {}
RESULT: {}
COMMAND: GET /session/d94fe9d023155d3f6895aef5421fa61d/screenshot - {}
RESULT: {}
COMMAND: POST /session/d94fe9d023155d3f6895aef5421fa61d/execute/async - {"script":"<script> [1562 bytes]","args":[{"selector":{"controlType":"sap.m.SearchField","properties":{"placeholder":"Search"},"searchOpenDialogs":true,"interaction":{"idSuffix":"I"}},"wdio_ui5_key":"sapm.SearchField{\"placeholder\":\"Search\"}"}]}
RESULT: {"script":"<script> [1562 bytes]","args":[{"selector":{"controlType":"sap.m.SearchField","properties":{"placeholder":"Search"},"searchOpenDialogs":true,"interaction":{"idSuffix":"I"}},"wdio_ui5_key":"sapm.SearchField{\"placeholder\":\"Search\"}"}]}
RESULT: undefined
COMMAND: POST /session/d94fe9d023155d3f6895aef5421fa61d/execute/async - {"script":"<script> [776 bytes]","args":[{"enterText":"10001013","selector":{"controlType":"sap.m.SearchField","properties":{"placeholder":"Search"},"searchOpenDialogs":true,"interaction":{"idSuffix":"I"}},"clearTextFirst":true,"interactionType":"ENTER_TEXT"}]}
RESULT: {"script":"<script> [776 bytes]","args":[{"enterText":"10001013","selector":{"controlType":"sap.m.SearchField","properties":{"placeholder":"Search"},"searchOpenDialogs":true,"interaction":{"idSuffix":"I"}},"clearTextFirst":true,"interactionType":"ENTER_TEXT"}]}
COMMAND: POST /session/d94fe9d023155d3f6895aef5421fa61d/actions - {"actions":[{"id":"action2","type":"key","parameters":{},"actions":[{"type":"keyDown","value":"î€‡"},{"type":"pause","duration":10},{"type":"keyUp","value":"î€‡"}]}]}
RESULT: {"actions":[{"id":"action2","type":"key","parameters":{},"actions":[{"type":"keyDown","value":"î€‡"},{"type":"pause","duration":10},{"type":"keyUp","value":"î€‡"}]}]}
COMMAND: GET /session/d94fe9d023155d3f6895aef5421fa61d/screenshot - {}
RESULT: {}
COMMAND: POST /session/d94fe9d023155d3f6895aef5421fa61d/element - {"using":"xpath","value":"//span[contains(text(), \"General Management\")]"}
RESULT: {"using":"xpath","value":"//span[contains(text(), \"General Management\")]"}
COMMAND: POST /session/d94fe9d023155d3f6895aef5421fa61d/element/f.95C2E293E0D5F8D5E0F83733146F119E.d.05A9943ADBBAE06351F6C34F1ECD5450.e.641/click - {}
RESULT: {}
COMMAND: GET /session/d94fe9d023155d3f6895aef5421fa61d/screenshot - {}
RESULT: {}
COMMAND: POST /session/d94fe9d023155d3f6895aef5421fa61d/element - {"using":"xpath","value":"//bdi[contains(text(), \"OK\")]"}
RESULT: {"using":"xpath","value":"//bdi[contains(text(), \"OK\")]"}
COMMAND: POST /session/d94fe9d023155d3f6895aef5421fa61d/element/f.95C2E293E0D5F8D5E0F83733146F119E.d.05A9943ADBBAE06351F6C34F1ECD5450.e.642/click - {}
RESULT: {}
COMMAND: GET /session/d94fe9d023155d3f6895aef5421fa61d/screenshot - {}
RESULT: {}
COMMAND: POST /session/d94fe9d023155d3f6895aef5421fa61d/execute/async - {"script":"<script> [1562 bytes]","args":[{"selector":{"controlType":"sap.m.Button","viewName":"etm.portal.ui.manageyards.view.New","viewId":"application-manageyards-display-component---NewYard","i18NText":{"propertyName":"text","key":"save"},"interaction":{"idSuffix":"inner"}},"wdio_ui5_key":"etmportal.ui.manageyards.view.Newsap.m.Button{\"propertyName\":\"text\",\"key\":\"save\"}"}]}
RESULT: {"script":"<script> [1562 bytes]","args":[{"selector":{"controlType":"sap.m.Button","viewName":"etm.portal.ui.manageyards.view.New","viewId":"application-manageyards-display-component---NewYard","i18NText":{"propertyName":"text","key":"save"},"interaction":{"idSuffix":"inner"}},"wdio_ui5_key":"etmportal.ui.manageyards.view.Newsap.m.Button{\"propertyName\":\"text\",\"key\":\"save\"}"}]}
RESULT: undefined
COMMAND: POST /session/d94fe9d023155d3f6895aef5421fa61d/element - {"using":"xpath","value":"//*[@id=\"__button18\"]"}
RESULT: {"using":"xpath","value":"//*[@id=\"__button18\"]"}
COMMAND: POST /session/d94fe9d023155d3f6895aef5421fa61d/element/f.95C2E293E0D5F8D5E0F83733146F119E.d.05A9943ADBBAE06351F6C34F1ECD5450.e.538/click - {}
RESULT: {}
COMMAND: GET /session/d94fe9d023155d3f6895aef5421fa61d/screenshot - {}
RESULT: {}
COMMAND: POST /session/d94fe9d023155d3f6895aef5421fa61d/element - {"using":"xpath","value":"//header/div/div[2]/div[2]/span"}
RESULT: {"using":"xpath","value":"//header/div/div[2]/div[2]/span"}
COMMAND: GET /session/d94fe9d023155d3f6895aef5421fa61d/element/f.95C2E293E0D5F8D5E0F83733146F119E.d.05A9943ADBBAE06351F6C34F1ECD5450.e.840/text - {}
RESULT: {}
COMMAND: POST /session/d94fe9d023155d3f6895aef5421fa61d/execute/async - {"script":"<script> [1562 bytes]","args":[{"selector":{"controlType":"sap.m.OverflowToolbarButton","viewName":"etm.portal.ui.manageyards.view.Detail","viewId":"application-manageyards-display-component---detailYard","i18NText":{"propertyName":"tooltip","key":"closeColumn"},"interaction":{"idSuffix":"inner"}},"wdio_ui5_key":"etmportal.ui.manageyards.view.Detailsap.m.OverflowToolbarButton{\"propertyName\":\"tooltip\",\"key\":\"closeColumn\"}"}]}
RESULT: {"script":"<script> [1562 bytes]","args":[{"selector":{"controlType":"sap.m.OverflowToolbarButton","viewName":"etm.portal.ui.manageyards.view.Detail","viewId":"application-manageyards-display-component---detailYard","i18NText":{"propertyName":"tooltip","key":"closeColumn"},"interaction":{"idSuffix":"inner"}},"wdio_ui5_key":"etmportal.ui.manageyards.view.Detailsap.m.OverflowToolbarButton{\"propertyName\":\"tooltip\",\"key\":\"closeColumn\"}"}]}
RESULT: undefined
COMMAND: POST /session/d94fe9d023155d3f6895aef5421fa61d/element - {"using":"xpath","value":"//*[@id=\"__button42\"]"}
RESULT: {"using":"xpath","value":"//*[@id=\"__button42\"]"}
COMMAND: POST /session/d94fe9d023155d3f6895aef5421fa61d/element/f.95C2E293E0D5F8D5E0F83733146F119E.d.05A9943ADBBAE06351F6C34F1ECD5450.e.842/click - {}
RESULT: {}
COMMAND: GET /session/d94fe9d023155d3f6895aef5421fa61d/screenshot - {}
RESULT: {}
COMMAND: POST /session/d94fe9d023155d3f6895aef5421fa61d/element - {"using":"css selector","value":"#shell-header-logo"}
RESULT: {"using":"css selector","value":"#shell-header-logo"}
COMMAND: POST /session/d94fe9d023155d3f6895aef5421fa61d/element/f.95C2E293E0D5F8D5E0F83733146F119E.d.05A9943ADBBAE06351F6C34F1ECD5450.e.117/click - {}
RESULT: {}
COMMAND: GET /session/d94fe9d023155d3f6895aef5421fa61d/screenshot - {}
RESULT: {}
COMMAND: POST /session/d94fe9d023155d3f6895aef5421fa61d/refresh - {}
RESULT: {}
COMMAND: GET /session/d94fe9d023155d3f6895aef5421fa61d/screenshot - {}
RESULT: {}
COMMAND: POST /session/d94fe9d023155d3f6895aef5421fa61d/execute/async - {"script":"<script> [189 bytes]","args":[]}
RESULT: {"script":"<script> [189 bytes]","args":[]}
COMMAND: POST /session/d94fe9d023155d3f6895aef5421fa61d/execute/async - {"script":"<script> [123 bytes]","args":[]}
RESULT: {"script":"<script> [123 bytes]","args":[]}
COMMAND: POST /session/d94fe9d023155d3f6895aef5421fa61d/timeouts - {"script":"<number>"}
RESULT: {"script":"<number>"}
COMMAND: GET /session/d94fe9d023155d3f6895aef5421fa61d/timeouts - {}
RESULT: {}
RESULT: undefined
COMMAND: POST /session/d94fe9d023155d3f6895aef5421fa61d/execute/async - {"script":"<script> [2676 bytes]","args":[]}
RESULT: {"script":"<script> [2676 bytes]","args":[]}
COMMAND: POST /session/d94fe9d023155d3f6895aef5421fa61d/execute/async - {"script":"<script> [2342 bytes]","args":[{"protocol":"http","hostname":"0.0.0.0","path":"/","capabilities":{"browserName":"chrome","goog:chromeOptions":{"binary":"C:\\Program Files\\Google\\Chrome\\Application\\chrome.exe","args":["--start-maximized"]}},"logLevel":"warn","connectionRetryTimeout":120000,"connectionRetryCount":3,"logLevels":{},"enableDirectConnect":true,"strictSSL":true,"_":"65 more keys: [\"cacheDir\",\"port\",\"requestedCapabilities\",\"automationProtocol\",\"baseUrl\",\"waitforInterval\",\"waitforTimeout\",\"onReload\",\"beforeCommand\",\"afterCommand\",\"rootDir\",\"specs\",\"suites\",\"exclude\",\"groupLogsByTestSpec\",\"excludeDriverLogs\",\"bail\",\"framework\",\"reporters\",\"services\",\"maxInstances\",\"maxInstancesPerCapability\",\"injectGlobals\",\"filesToWatch\",\"execArgv\",\"runnerEnv\",\"runner\",\"shard\",\"specFileRetries\",\"specFileRetriesDelay\",\"specFileRetriesDeferred\",\"reporterSyncInterval\",\"reporterSyncTimeout\",\"cucumberFeaturesWithLineNumbers\",\"autoCompileOpts\",\"mochaOpts\",\"jasmineOpts\",\"cucumberOpts\",\"onPrepare\",\"onWorkerStart\",\"onWorkerEnd\",\"before\",\"beforeSession\",\"beforeSuite\",\"beforeHook\",\"beforeTest\",\"afterTest\",\"afterHook\",\"afterSuite\",\"afterSession\",\"after\",\"onComplete\",\"beforeAssertion\",\"afterAssertion\",\"beforeFeature\",\"beforeScenario\",\"beforeStep\",\"afterStep\",\"afterScenario\",\"afterFeature\",\"_\",\"suite\",\"$0\",\"ignoredWorkerServices\",\"wdi5\"]"}]}
RESULT: {"script":"<script> [2342 bytes]","args":[{"protocol":"http","hostname":"0.0.0.0","path":"/","capabilities":{"browserName":"chrome","goog:chromeOptions":{"binary":"C:\\Program Files\\Google\\Chrome\\Application\\chrome.exe","args":["--start-maximized"]}},"logLevel":"warn","connectionRetryTimeout":120000,"connectionRetryCount":3,"logLevels":{},"enableDirectConnect":true,"strictSSL":true,"_":"65 more keys: [\"cacheDir\",\"port\",\"requestedCapabilities\",\"automationProtocol\",\"baseUrl\",\"waitforInterval\",\"waitforTimeout\",\"onReload\",\"beforeCommand\",\"afterCommand\",\"rootDir\",\"specs\",\"suites\",\"exclude\",\"groupLogsByTestSpec\",\"excludeDriverLogs\",\"bail\",\"framework\",\"reporters\",\"services\",\"maxInstances\",\"maxInstancesPerCapability\",\"injectGlobals\",\"filesToWatch\",\"execArgv\",\"runnerEnv\",\"runner\",\"shard\",\"specFileRetries\",\"specFileRetriesDelay\",\"specFileRetriesDeferred\",\"reporterSyncInterval\",\"reporterSyncTimeout\",\"cucumberFeaturesWithLineNumbers\",\"autoCompileOpts\",\"mochaOpts\",\"jasmineOpts\",\"cucumberOpts\",\"onPrepare\",\"onWorkerStart\",\"onWorkerEnd\",\"before\",\"beforeSession\",\"beforeSuite\",\"beforeHook\",\"beforeTest\",\"afterTest\",\"afterHook\",\"afterSuite\",\"afterSession\",\"after\",\"onComplete\",\"beforeAssertion\",\"afterAssertion\",\"beforeFeature\",\"beforeScenario\",\"beforeStep\",\"afterStep\",\"afterScenario\",\"afterFeature\",\"_\",\"suite\",\"$0\",\"ignoredWorkerServices\",\"wdi5\"]"}]}
COMMAND: POST /session/d94fe9d023155d3f6895aef5421fa61d/execute/async - {"script":"<script> [21126 bytes]","args":[35000]}
RESULT: {"script":"<script> [21126 bytes]","args":[35000]}
]]></system-out>
    </testcase>
    <testcase classname="chrome.135_0_7049_96.windows.Manage_Requests_Tags_Tests_US120163" name="Should create a new partner" time="70.53">
      <system-out><![CDATA[
COMMAND: POST /session/d94fe9d023155d3f6895aef5421fa61d/execute/async - {"script":"<script> [1562 bytes]","args":[{"selector":{"controlType":"sap.m.GenericTile","properties":{"header":"Manage Partners"}},"wdio_ui5_key":"sapm.GenericTile{\"header\":\"Manage Partners\"}"}]}
RESULT: {"script":"<script> [1562 bytes]","args":[{"selector":{"controlType":"sap.m.GenericTile","properties":{"header":"Manage Partners"}},"wdio_ui5_key":"sapm.GenericTile{\"header\":\"Manage Partners\"}"}]}
RESULT: undefined
COMMAND: POST /session/d94fe9d023155d3f6895aef5421fa61d/element - {"using":"xpath","value":"//*[@id=\"__tile38\"]"}
RESULT: {"using":"xpath","value":"//*[@id=\"__tile38\"]"}
COMMAND: POST /session/d94fe9d023155d3f6895aef5421fa61d/element/f.95C2E293E0D5F8D5E0F83733146F119E.d.E01DA519CB73E4E31244406B5693A164.e.1194/click - {}
RESULT: {}
COMMAND: GET /session/d94fe9d023155d3f6895aef5421fa61d/screenshot - {}
RESULT: {}
COMMAND: POST /session/d94fe9d023155d3f6895aef5421fa61d/execute/async - {"script":"<script> [1562 bytes]","args":[{"selector":{"controlType":"sap.ui.core.Icon","viewName":"etm.portal.ui.managepartners.view.Master","viewId":"application-managepartners-display-component---masterPtm","properties":{"src":{"regex":{"source":"add"}}}},"wdio_ui5_key":"etmportal.ui.managepartners.view.Mastersap.ui.core.Icon{\"src\":{\"regex\":{\"source\":\"add\"}}}"}]}
RESULT: {"script":"<script> [1562 bytes]","args":[{"selector":{"controlType":"sap.ui.core.Icon","viewName":"etm.portal.ui.managepartners.view.Master","viewId":"application-managepartners-display-component---masterPtm","properties":{"src":{"regex":{"source":"add"}}}},"wdio_ui5_key":"etmportal.ui.managepartners.view.Mastersap.ui.core.Icon{\"src\":{\"regex\":{\"source\":\"add\"}}}"}]}
RESULT: undefined
COMMAND: POST /session/d94fe9d023155d3f6895aef5421fa61d/element - {"using":"xpath","value":"//*[@id=\"__button4-img\"]"}
RESULT: {"using":"xpath","value":"//*[@id=\"__button4-img\"]"}
COMMAND: POST /session/d94fe9d023155d3f6895aef5421fa61d/element/f.95C2E293E0D5F8D5E0F83733146F119E.d.E01DA519CB73E4E31244406B5693A164.e.1244/click - {}
RESULT: {}
COMMAND: GET /session/d94fe9d023155d3f6895aef5421fa61d/screenshot - {}
RESULT: {}
COMMAND: POST /session/d94fe9d023155d3f6895aef5421fa61d/execute/async - {"script":"<script> [1562 bytes]","args":[{"selector":{"id":"application-managepartners-display-component---NewPartner--partnerId","interaction":{"idSuffix":"inner"}},"wdio_ui5_key":"applicationmanagepartners-display-component---NewPartner--partnerId"}]}
RESULT: {"script":"<script> [1562 bytes]","args":[{"selector":{"id":"application-managepartners-display-component---NewPartner--partnerId","interaction":{"idSuffix":"inner"}},"wdio_ui5_key":"applicationmanagepartners-display-component---NewPartner--partnerId"}]}
RESULT: undefined
COMMAND: POST /session/d94fe9d023155d3f6895aef5421fa61d/execute/async - {"script":"<script> [1562 bytes]","args":[{"selector":{"id":"application-managepartners-display-component---NewPartner--addressDetailDetailsName1","interaction":{"idSuffix":"inner"}},"wdio_ui5_key":"applicationmanagepartners-display-component---NewPartner--addressDetailDetailsName1"}]}
RESULT: {"script":"<script> [1562 bytes]","args":[{"selector":{"id":"application-managepartners-display-component---NewPartner--addressDetailDetailsName1","interaction":{"idSuffix":"inner"}},"wdio_ui5_key":"applicationmanagepartners-display-component---NewPartner--addressDetailDetailsName1"}]}
RESULT: undefined
COMMAND: POST /session/d94fe9d023155d3f6895aef5421fa61d/execute/async - {"script":"<script> [776 bytes]","args":[{"enterText":"WebdriverPartnerarg99g","selector":{"id":"application-managepartners-display-component---NewPartner--addressDetailDetailsName1","interaction":{"idSuffix":"inner"}},"clearTextFirst":true,"interactionType":"ENTER_TEXT"}]}
RESULT: {"script":"<script> [776 bytes]","args":[{"enterText":"WebdriverPartnerarg99g","selector":{"id":"application-managepartners-display-component---NewPartner--addressDetailDetailsName1","interaction":{"idSuffix":"inner"}},"clearTextFirst":true,"interactionType":"ENTER_TEXT"}]}
COMMAND: POST /session/d94fe9d023155d3f6895aef5421fa61d/execute/async - {"script":"<script> [1562 bytes]","args":[{"selector":{"id":"application-managepartners-display-component---NewPartner--addressDetailDetailsLanguage","interaction":{"idSuffix":"inner"}},"wdio_ui5_key":"applicationmanagepartners-display-component---NewPartner--addressDetailDetailsLanguage"}]}
RESULT: {"script":"<script> [1562 bytes]","args":[{"selector":{"id":"application-managepartners-display-component---NewPartner--addressDetailDetailsLanguage","interaction":{"idSuffix":"inner"}},"wdio_ui5_key":"applicationmanagepartners-display-component---NewPartner--addressDetailDetailsLanguage"}]}
RESULT: undefined
COMMAND: POST /session/d94fe9d023155d3f6895aef5421fa61d/execute/async - {"script":"<script> [776 bytes]","args":[{"enterText":"Romanian","selector":{"id":"application-managepartners-display-component---NewPartner--addressDetailDetailsLanguage","interaction":{"idSuffix":"inner"}},"clearTextFirst":true,"interactionType":"ENTER_TEXT"}]}
RESULT: {"script":"<script> [776 bytes]","args":[{"enterText":"Romanian","selector":{"id":"application-managepartners-display-component---NewPartner--addressDetailDetailsLanguage","interaction":{"idSuffix":"inner"}},"clearTextFirst":true,"interactionType":"ENTER_TEXT"}]}
COMMAND: POST /session/d94fe9d023155d3f6895aef5421fa61d/element - {"using":"xpath","value":"//input[contains(@id ,\"application-managepartners-display-component---NewPartner--addressDetailDetailsName1-inner\")]"}
RESULT: {"using":"xpath","value":"//input[contains(@id ,\"application-managepartners-display-component---NewPartner--addressDetailDetailsName1-inner\")]"}
COMMAND: GET /session/d94fe9d023155d3f6895aef5421fa61d/element/f.95C2E293E0D5F8D5E0F83733146F119E.d.E01DA519CB73E4E31244406B5693A164.e.1414/property/value - {}
RESULT: {}
COMMAND: POST /session/d94fe9d023155d3f6895aef5421fa61d/execute/async - {"script":"<script> [1562 bytes]","args":[{"selector":{"id":"application-managepartners-display-component---NewPartner--addressDetailDetailsCity1","interaction":{"idSuffix":"inner"}},"wdio_ui5_key":"applicationmanagepartners-display-component---NewPartner--addressDetailDetailsCity1"}]}
COMMAND: GET /session/d94fe9d023155d3f6895aef5421fa61d/screenshot - {}
RESULT: {"script":"<script> [1562 bytes]","args":[{"selector":{"id":"application-managepartners-display-component---NewPartner--addressDetailDetailsCity1","interaction":{"idSuffix":"inner"}},"wdio_ui5_key":"applicationmanagepartners-display-component---NewPartner--addressDetailDetailsCity1"}]}
RESULT: undefined
COMMAND: POST /session/d94fe9d023155d3f6895aef5421fa61d/execute/async - {"script":"<script> [776 bytes]","args":[{"enterText":"Bucharest","selector":{"id":"application-managepartners-display-component---NewPartner--addressDetailDetailsCity1","interaction":{"idSuffix":"inner"}},"clearTextFirst":true,"interactionType":"ENTER_TEXT"}]}
RESULT: {}
RESULT: {"script":"<script> [776 bytes]","args":[{"enterText":"Bucharest","selector":{"id":"application-managepartners-display-component---NewPartner--addressDetailDetailsCity1","interaction":{"idSuffix":"inner"}},"clearTextFirst":true,"interactionType":"ENTER_TEXT"}]}
COMMAND: POST /session/d94fe9d023155d3f6895aef5421fa61d/execute/async - {"script":"<script> [1562 bytes]","args":[{"selector":{"id":"application-managepartners-display-component---NewPartner--addressDetailDetailsCountry","interaction":{"idSuffix":"inner"}},"wdio_ui5_key":"applicationmanagepartners-display-component---NewPartner--addressDetailDetailsCountry"}]}
RESULT: {"script":"<script> [1562 bytes]","args":[{"selector":{"id":"application-managepartners-display-component---NewPartner--addressDetailDetailsCountry","interaction":{"idSuffix":"inner"}},"wdio_ui5_key":"applicationmanagepartners-display-component---NewPartner--addressDetailDetailsCountry"}]}
RESULT: undefined
COMMAND: POST /session/d94fe9d023155d3f6895aef5421fa61d/execute/async - {"script":"<script> [6424 bytes]","args":[{"element-6066-11e4-a52e-4f735466cecf":"f.95C2E293E0D5F8D5E0F83733146F119E.d.E01DA519CB73E4E31244406B5693A164.e.1421"},"setValue",["Romania"]]}
RESULT: {"script":"<script> [6424 bytes]","args":[{"element-6066-11e4-a52e-4f735466cecf":"f.95C2E293E0D5F8D5E0F83733146F119E.d.E01DA519CB73E4E31244406B5693A164.e.1421"},"setValue",["Romania"]]}
COMMAND: POST /session/d94fe9d023155d3f6895aef5421fa61d/execute/async - {"script":"<script> [1562 bytes]","args":[{"selector":{"id":"application-managepartners-display-component---NewPartner--partnerDetailInternal","interaction":{"idSuffix":"inner"}},"wdio_ui5_key":"applicationmanagepartners-display-component---NewPartner--partnerDetailInternal"}]}
RESULT: {"script":"<script> [1562 bytes]","args":[{"selector":{"id":"application-managepartners-display-component---NewPartner--partnerDetailInternal","interaction":{"idSuffix":"inner"}},"wdio_ui5_key":"applicationmanagepartners-display-component---NewPartner--partnerDetailInternal"}]}
RESULT: undefined
COMMAND: POST /session/d94fe9d023155d3f6895aef5421fa61d/execute/async - {"script":"<script> [776 bytes]","args":[{"enterText":"External partner","selector":{"id":"application-managepartners-display-component---NewPartner--partnerDetailInternal","interaction":{"idSuffix":"inner"}},"clearTextFirst":true,"interactionType":"ENTER_TEXT"}]}
RESULT: {"script":"<script> [776 bytes]","args":[{"enterText":"External partner","selector":{"id":"application-managepartners-display-component---NewPartner--partnerDetailInternal","interaction":{"idSuffix":"inner"}},"clearTextFirst":true,"interactionType":"ENTER_TEXT"}]}
COMMAND: POST /session/d94fe9d023155d3f6895aef5421fa61d/execute/async - {"script":"<script> [1562 bytes]","args":[{"selector":{"id":"application-managepartners-display-component---NewPartner--partnerDetailsCurrency","interaction":{"idSuffix":"inner"}},"wdio_ui5_key":"applicationmanagepartners-display-component---NewPartner--partnerDetailsCurrency"}]}
RESULT: {"script":"<script> [1562 bytes]","args":[{"selector":{"id":"application-managepartners-display-component---NewPartner--partnerDetailsCurrency","interaction":{"idSuffix":"inner"}},"wdio_ui5_key":"applicationmanagepartners-display-component---NewPartner--partnerDetailsCurrency"}]}
RESULT: undefined
COMMAND: POST /session/d94fe9d023155d3f6895aef5421fa61d/execute/async - {"script":"<script> [776 bytes]","args":[{"enterText":"Euro","selector":{"id":"application-managepartners-display-component---NewPartner--partnerDetailsCurrency","interaction":{"idSuffix":"inner"}},"clearTextFirst":true,"interactionType":"ENTER_TEXT"}]}
RESULT: {"script":"<script> [776 bytes]","args":[{"enterText":"Euro","selector":{"id":"application-managepartners-display-component---NewPartner--partnerDetailsCurrency","interaction":{"idSuffix":"inner"}},"clearTextFirst":true,"interactionType":"ENTER_TEXT"}]}
COMMAND: POST /session/d94fe9d023155d3f6895aef5421fa61d/execute/async - {"script":"<script> [1562 bytes]","args":[{"selector":{"controlType":"sap.m.Button","viewName":"etm.portal.ui.managepartners.view.NewPartner","viewId":"application-managepartners-display-component---NewPartner","properties":{"text":"Commercial"},"interaction":{"idSuffix":"BDI-content"}},"wdio_ui5_key":"etmportal.ui.managepartners.view.NewPartnersap.m.Button{\"text\":\"Commercial\"}"}]}
RESULT: {"script":"<script> [1562 bytes]","args":[{"selector":{"controlType":"sap.m.Button","viewName":"etm.portal.ui.managepartners.view.NewPartner","viewId":"application-managepartners-display-component---NewPartner","properties":{"text":"Commercial"},"interaction":{"idSuffix":"BDI-content"}},"wdio_ui5_key":"etmportal.ui.managepartners.view.NewPartnersap.m.Button{\"text\":\"Commercial\"}"}]}
RESULT: undefined
COMMAND: POST /session/d94fe9d023155d3f6895aef5421fa61d/element - {"using":"xpath","value":"//*[@id=\"application-managepartners-display-component---NewPartner--ObjectPageLayout-anchBar-__section5-anchor\"]"}
RESULT: {"using":"xpath","value":"//*[@id=\"application-managepartners-display-component---NewPartner--ObjectPageLayout-anchBar-__section5-anchor\"]"}
COMMAND: POST /session/d94fe9d023155d3f6895aef5421fa61d/element/f.95C2E293E0D5F8D5E0F83733146F119E.d.E01DA519CB73E4E31244406B5693A164.e.1670/click - {}
RESULT: {}
COMMAND: GET /session/d94fe9d023155d3f6895aef5421fa61d/screenshot - {}
RESULT: {}
COMMAND: POST /session/d94fe9d023155d3f6895aef5421fa61d/execute/async - {"script":"<script> [1562 bytes]","args":[{"selector":{"id":"application-managepartners-display-component---NewPartner--btnAddTableRow-img"},"wdio_ui5_key":"applicationmanagepartners-display-component---NewPartner--btnAddTableRow-img"}]}
RESULT: {"script":"<script> [1562 bytes]","args":[{"selector":{"id":"application-managepartners-display-component---NewPartner--btnAddTableRow-img"},"wdio_ui5_key":"applicationmanagepartners-display-component---NewPartner--btnAddTableRow-img"}]}
RESULT: undefined
COMMAND: POST /session/d94fe9d023155d3f6895aef5421fa61d/element - {"using":"xpath","value":"//*[@id=\"application-managepartners-display-component---NewPartner--btnAddTableRow-img\"]"}
RESULT: {"using":"xpath","value":"//*[@id=\"application-managepartners-display-component---NewPartner--btnAddTableRow-img\"]"}
COMMAND: POST /session/d94fe9d023155d3f6895aef5421fa61d/element/f.95C2E293E0D5F8D5E0F83733146F119E.d.E01DA519CB73E4E31244406B5693A164.e.1676/click - {}
RESULT: {}
COMMAND: POST /session/d94fe9d023155d3f6895aef5421fa61d/element - {"using":"xpath","value":"//input[contains(@id ,\"application-managepartners-display-component---NewPartner--assignmentYard-application-managepartners-display-component---NewPartner\")]"}
COMMAND: GET /session/d94fe9d023155d3f6895aef5421fa61d/screenshot - {}
RESULT: {"using":"xpath","value":"//input[contains(@id ,\"application-managepartners-display-component---NewPartner--assignmentYard-application-managepartners-display-component---NewPartner\")]"}
COMMAND: POST /session/d94fe9d023155d3f6895aef5421fa61d/element/f.95C2E293E0D5F8D5E0F83733146F119E.d.E01DA519CB73E4E31244406B5693A164.e.1679/clear - {}
RESULT: {}
RESULT: {}
COMMAND: POST /session/d94fe9d023155d3f6895aef5421fa61d/element/f.95C2E293E0D5F8D5E0F83733146F119E.d.E01DA519CB73E4E31244406B5693A164.e.1679/value - {"text":"789"}
COMMAND: GET /session/d94fe9d023155d3f6895aef5421fa61d/screenshot - {}
RESULT: {"text":"789"}
COMMAND: GET /session/d94fe9d023155d3f6895aef5421fa61d/screenshot - {}
RESULT: {}
RESULT: {}
COMMAND: POST /session/d94fe9d023155d3f6895aef5421fa61d/execute/async - {"script":"<script> [1562 bytes]","args":[{"selector":{"controlType":"sap.m.Button","viewName":"etm.portal.ui.managepartners.view.NewPartner","viewId":"application-managepartners-display-component---NewPartner","i18NText":{"propertyName":"text","key":"save"},"interaction":{"idSuffix":"BDI-content"}},"wdio_ui5_key":"etmportal.ui.managepartners.view.NewPartnersap.m.Button{\"propertyName\":\"text\",\"key\":\"save\"}"}]}
RESULT: {"script":"<script> [1562 bytes]","args":[{"selector":{"controlType":"sap.m.Button","viewName":"etm.portal.ui.managepartners.view.NewPartner","viewId":"application-managepartners-display-component---NewPartner","i18NText":{"propertyName":"text","key":"save"},"interaction":{"idSuffix":"BDI-content"}},"wdio_ui5_key":"etmportal.ui.managepartners.view.NewPartnersap.m.Button{\"propertyName\":\"text\",\"key\":\"save\"}"}]}
RESULT: undefined
COMMAND: POST /session/d94fe9d023155d3f6895aef5421fa61d/element - {"using":"xpath","value":"//*[@id=\"__button12\"]"}
RESULT: {"using":"xpath","value":"//*[@id=\"__button12\"]"}
COMMAND: POST /session/d94fe9d023155d3f6895aef5421fa61d/element/f.95C2E293E0D5F8D5E0F83733146F119E.d.E01DA519CB73E4E31244406B5693A164.e.1610/click - {}
RESULT: {}
COMMAND: GET /session/d94fe9d023155d3f6895aef5421fa61d/screenshot - {}
RESULT: {}
COMMAND: POST /session/d94fe9d023155d3f6895aef5421fa61d/element - {"using":"xpath","value":"//header/div/div[2]/div[2]/span"}
RESULT: {"using":"xpath","value":"//header/div/div[2]/div[2]/span"}
COMMAND: GET /session/d94fe9d023155d3f6895aef5421fa61d/element/f.95C2E293E0D5F8D5E0F83733146F119E.d.E01DA519CB73E4E31244406B5693A164.e.1851/text - {}
RESULT: {}
COMMAND: POST /session/d94fe9d023155d3f6895aef5421fa61d/element - {"using":"xpath","value":"//header/div/div/div/div/div/div[2]/div/span"}
RESULT: {"using":"xpath","value":"//header/div/div/div/div/div/div[2]/div/span"}
COMMAND: GET /session/d94fe9d023155d3f6895aef5421fa61d/element/f.95C2E293E0D5F8D5E0F83733146F119E.d.E01DA519CB73E4E31244406B5693A164.e.1852/text - {}
RESULT: {}
COMMAND: POST /session/d94fe9d023155d3f6895aef5421fa61d/execute/async - {"script":"<script> [1562 bytes]","args":[{"selector":{"id":"application-managepartners-display-component---detailPtm--partnerType"},"wdio_ui5_key":"applicationmanagepartners-display-component---detailPtm--partnerType"}]}
RESULT: {"script":"<script> [1562 bytes]","args":[{"selector":{"id":"application-managepartners-display-component---detailPtm--partnerType"},"wdio_ui5_key":"applicationmanagepartners-display-component---detailPtm--partnerType"}]}
RESULT: undefined
COMMAND: POST /session/d94fe9d023155d3f6895aef5421fa61d/execute/async - {"script":"<script> [6424 bytes]","args":[{"element-6066-11e4-a52e-4f735466cecf":"f.95C2E293E0D5F8D5E0F83733146F119E.d.E01DA519CB73E4E31244406B5693A164.e.1853"},"getText",[]]}
RESULT: {"script":"<script> [6424 bytes]","args":[{"element-6066-11e4-a52e-4f735466cecf":"f.95C2E293E0D5F8D5E0F83733146F119E.d.E01DA519CB73E4E31244406B5693A164.e.1853"},"getText",[]]}
COMMAND: POST /session/d94fe9d023155d3f6895aef5421fa61d/element - {"using":"css selector","value":"#shell-header-logo"}
RESULT: {"using":"css selector","value":"#shell-header-logo"}
COMMAND: POST /session/d94fe9d023155d3f6895aef5421fa61d/element/f.95C2E293E0D5F8D5E0F83733146F119E.d.E01DA519CB73E4E31244406B5693A164.e.1196/click - {}
RESULT: {}
COMMAND: GET /session/d94fe9d023155d3f6895aef5421fa61d/screenshot - {}
RESULT: {}
]]></system-out>
    </testcase>
    <testcase classname="chrome.135_0_7049_96.windows.Manage_Requests_Tags_Tests_US120163" name="Should create a new site" time="84.829">
      <system-out><![CDATA[
COMMAND: POST /session/d94fe9d023155d3f6895aef5421fa61d/execute/async - {"script":"<script> [1562 bytes]","args":[{"selector":{"controlType":"sap.m.GenericTile","properties":{"header":"Manage Sites"}},"wdio_ui5_key":"sapm.GenericTile{\"header\":\"Manage Sites\"}"}]}
RESULT: {"script":"<script> [1562 bytes]","args":[{"selector":{"controlType":"sap.m.GenericTile","properties":{"header":"Manage Sites"}},"wdio_ui5_key":"sapm.GenericTile{\"header\":\"Manage Sites\"}"}]}
RESULT: undefined
COMMAND: POST /session/d94fe9d023155d3f6895aef5421fa61d/element - {"using":"xpath","value":"//*[@id=\"__tile40\"]"}
RESULT: {"using":"xpath","value":"//*[@id=\"__tile40\"]"}
COMMAND: POST /session/d94fe9d023155d3f6895aef5421fa61d/element/f.95C2E293E0D5F8D5E0F83733146F119E.d.E01DA519CB73E4E31244406B5693A164.e.1855/click - {}
RESULT: {}
COMMAND: GET /session/d94fe9d023155d3f6895aef5421fa61d/screenshot - {}
RESULT: {}
COMMAND: POST /session/d94fe9d023155d3f6895aef5421fa61d/execute/async - {"script":"<script> [1562 bytes]","args":[{"selector":{"controlType":"sap.ui.core.Icon","viewName":"etm.portal.ui.managesites.view.Master","viewId":"application-managesites-display-component---masterSite","properties":{"src":{"regex":{"source":"add"}}}},"wdio_ui5_key":"etmportal.ui.managesites.view.Mastersap.ui.core.Icon{\"src\":{\"regex\":{\"source\":\"add\"}}}"}]}
RESULT: {"script":"<script> [1562 bytes]","args":[{"selector":{"controlType":"sap.ui.core.Icon","viewName":"etm.portal.ui.managesites.view.Master","viewId":"application-managesites-display-component---masterSite","properties":{"src":{"regex":{"source":"add"}}}},"wdio_ui5_key":"etmportal.ui.managesites.view.Mastersap.ui.core.Icon{\"src\":{\"regex\":{\"source\":\"add\"}}}"}]}
RESULT: undefined
COMMAND: POST /session/d94fe9d023155d3f6895aef5421fa61d/element - {"using":"xpath","value":"//*[@id=\"__button52-img\"]"}
RESULT: {"using":"xpath","value":"//*[@id=\"__button52-img\"]"}
COMMAND: POST /session/d94fe9d023155d3f6895aef5421fa61d/element/f.95C2E293E0D5F8D5E0F83733146F119E.d.E01DA519CB73E4E31244406B5693A164.e.1902/click - {}
RESULT: {}
COMMAND: POST /session/d94fe9d023155d3f6895aef5421fa61d/execute/async - {"script":"<script> [1562 bytes]","args":[{"selector":{"id":"application-managesites-display-component---NewSite--siteId","interaction":{"idSuffix":"inner"}},"wdio_ui5_key":"applicationmanagesites-display-component---NewSite--siteId"}]}
COMMAND: GET /session/d94fe9d023155d3f6895aef5421fa61d/screenshot - {}
RESULT: {"script":"<script> [1562 bytes]","args":[{"selector":{"id":"application-managesites-display-component---NewSite--siteId","interaction":{"idSuffix":"inner"}},"wdio_ui5_key":"applicationmanagesites-display-component---NewSite--siteId"}]}
RESULT: undefined
COMMAND: POST /session/d94fe9d023155d3f6895aef5421fa61d/execute/async - {"script":"<script> [1562 bytes]","args":[{"selector":{"id":"application-managesites-display-component---NewSite--addressDetailDetailsName1","interaction":{"idSuffix":"inner"}},"wdio_ui5_key":"applicationmanagesites-display-component---NewSite--addressDetailDetailsName1"}]}
RESULT: {}
RESULT: {"script":"<script> [1562 bytes]","args":[{"selector":{"id":"application-managesites-display-component---NewSite--addressDetailDetailsName1","interaction":{"idSuffix":"inner"}},"wdio_ui5_key":"applicationmanagesites-display-component---NewSite--addressDetailDetailsName1"}]}
RESULT: undefined
COMMAND: POST /session/d94fe9d023155d3f6895aef5421fa61d/execute/async - {"script":"<script> [776 bytes]","args":[{"enterText":"WebdriverSitetj17","selector":{"id":"application-managesites-display-component---NewSite--addressDetailDetailsName1","interaction":{"idSuffix":"inner"}},"clearTextFirst":true,"interactionType":"ENTER_TEXT"}]}
RESULT: {"script":"<script> [776 bytes]","args":[{"enterText":"WebdriverSitetj17","selector":{"id":"application-managesites-display-component---NewSite--addressDetailDetailsName1","interaction":{"idSuffix":"inner"}},"clearTextFirst":true,"interactionType":"ENTER_TEXT"}]}
COMMAND: POST /session/d94fe9d023155d3f6895aef5421fa61d/execute/async - {"script":"<script> [1562 bytes]","args":[{"selector":{"id":"application-managesites-display-component---NewSite--addressDetailDetailsLanguage","interaction":{"idSuffix":"inner"}},"wdio_ui5_key":"applicationmanagesites-display-component---NewSite--addressDetailDetailsLanguage"}]}
RESULT: {"script":"<script> [1562 bytes]","args":[{"selector":{"id":"application-managesites-display-component---NewSite--addressDetailDetailsLanguage","interaction":{"idSuffix":"inner"}},"wdio_ui5_key":"applicationmanagesites-display-component---NewSite--addressDetailDetailsLanguage"}]}
RESULT: undefined
COMMAND: POST /session/d94fe9d023155d3f6895aef5421fa61d/execute/async - {"script":"<script> [776 bytes]","args":[{"enterText":"Romanian","selector":{"id":"application-managesites-display-component---NewSite--addressDetailDetailsLanguage","interaction":{"idSuffix":"inner"}},"clearTextFirst":true,"interactionType":"ENTER_TEXT"}]}
RESULT: {"script":"<script> [776 bytes]","args":[{"enterText":"Romanian","selector":{"id":"application-managesites-display-component---NewSite--addressDetailDetailsLanguage","interaction":{"idSuffix":"inner"}},"clearTextFirst":true,"interactionType":"ENTER_TEXT"}]}
COMMAND: POST /session/d94fe9d023155d3f6895aef5421fa61d/execute/async - {"script":"<script> [1562 bytes]","args":[{"selector":{"id":"application-managesites-display-component---NewSite--addressDetailDetailsCity1","interaction":{"idSuffix":"inner"}},"wdio_ui5_key":"applicationmanagesites-display-component---NewSite--addressDetailDetailsCity1"}]}
RESULT: {"script":"<script> [1562 bytes]","args":[{"selector":{"id":"application-managesites-display-component---NewSite--addressDetailDetailsCity1","interaction":{"idSuffix":"inner"}},"wdio_ui5_key":"applicationmanagesites-display-component---NewSite--addressDetailDetailsCity1"}]}
RESULT: undefined
COMMAND: POST /session/d94fe9d023155d3f6895aef5421fa61d/execute/async - {"script":"<script> [776 bytes]","args":[{"enterText":"Bucharest","selector":{"id":"application-managesites-display-component---NewSite--addressDetailDetailsCity1","interaction":{"idSuffix":"inner"}},"clearTextFirst":true,"interactionType":"ENTER_TEXT"}]}
RESULT: {"script":"<script> [776 bytes]","args":[{"enterText":"Bucharest","selector":{"id":"application-managesites-display-component---NewSite--addressDetailDetailsCity1","interaction":{"idSuffix":"inner"}},"clearTextFirst":true,"interactionType":"ENTER_TEXT"}]}
COMMAND: POST /session/d94fe9d023155d3f6895aef5421fa61d/execute/async - {"script":"<script> [1562 bytes]","args":[{"selector":{"id":"application-managesites-display-component---NewSite--addressDetailDetailsCountry","interaction":{"idSuffix":"inner"}},"wdio_ui5_key":"applicationmanagesites-display-component---NewSite--addressDetailDetailsCountry"}]}
RESULT: {"script":"<script> [1562 bytes]","args":[{"selector":{"id":"application-managesites-display-component---NewSite--addressDetailDetailsCountry","interaction":{"idSuffix":"inner"}},"wdio_ui5_key":"applicationmanagesites-display-component---NewSite--addressDetailDetailsCountry"}]}
RESULT: undefined
COMMAND: POST /session/d94fe9d023155d3f6895aef5421fa61d/execute/async - {"script":"<script> [776 bytes]","args":[{"enterText":"Romania","selector":{"id":"application-managesites-display-component---NewSite--addressDetailDetailsCountry","interaction":{"idSuffix":"inner"}},"clearTextFirst":true,"interactionType":"ENTER_TEXT"}]}
RESULT: {"script":"<script> [776 bytes]","args":[{"enterText":"Romania","selector":{"id":"application-managesites-display-component---NewSite--addressDetailDetailsCountry","interaction":{"idSuffix":"inner"}},"clearTextFirst":true,"interactionType":"ENTER_TEXT"}]}
COMMAND: POST /session/d94fe9d023155d3f6895aef5421fa61d/element - {"using":"css selector","value":"#application-managesites-display-component---NewSite--addressDetailDetailsCalendar-inner"}
RESULT: {"using":"css selector","value":"#application-managesites-display-component---NewSite--addressDetailDetailsCalendar-inner"}
COMMAND: POST /session/d94fe9d023155d3f6895aef5421fa61d/element/f.95C2E293E0D5F8D5E0F83733146F119E.d.E01DA519CB73E4E31244406B5693A164.e.2099/clear - {}
RESULT: {}
COMMAND: POST /session/d94fe9d023155d3f6895aef5421fa61d/element/f.95C2E293E0D5F8D5E0F83733146F119E.d.E01DA519CB73E4E31244406B5693A164.e.2099/value - {"text":"Germany"}
COMMAND: GET /session/d94fe9d023155d3f6895aef5421fa61d/screenshot - {}
RESULT: {"text":"Germany"}
COMMAND: POST /session/d94fe9d023155d3f6895aef5421fa61d/execute/async - {"script":"<script> [1562 bytes]","args":[{"selector":{"id":"application-managesites-display-component---NewSite--addressEditDetailsCostObjectCstType-arrow"},"wdio_ui5_key":"applicationmanagesites-display-component---NewSite--addressEditDetailsCostObjectCstType-arrow"}]}
COMMAND: GET /session/d94fe9d023155d3f6895aef5421fa61d/screenshot - {}
RESULT: {}
RESULT: {"script":"<script> [1562 bytes]","args":[{"selector":{"id":"application-managesites-display-component---NewSite--addressEditDetailsCostObjectCstType-arrow"},"wdio_ui5_key":"applicationmanagesites-display-component---NewSite--addressEditDetailsCostObjectCstType-arrow"}]}
RESULT: undefined
COMMAND: POST /session/d94fe9d023155d3f6895aef5421fa61d/element - {"using":"xpath","value":"//*[@id=\"application-managesites-display-component---NewSite--addressEditDetailsCostObjectCstType-arrow\"]"}
RESULT: {}
RESULT: {"using":"xpath","value":"//*[@id=\"application-managesites-display-component---NewSite--addressEditDetailsCostObjectCstType-arrow\"]"}
COMMAND: POST /session/d94fe9d023155d3f6895aef5421fa61d/element/f.95C2E293E0D5F8D5E0F83733146F119E.d.E01DA519CB73E4E31244406B5693A164.e.2297/click - {}
RESULT: {}
COMMAND: POST /session/d94fe9d023155d3f6895aef5421fa61d/element - {"using":"xpath","value":"//span[contains(text(), \"Work Breakdown Structure\")]"}
COMMAND: GET /session/d94fe9d023155d3f6895aef5421fa61d/screenshot - {}
RESULT: {"using":"xpath","value":"//span[contains(text(), \"Work Breakdown Structure\")]"}
COMMAND: POST /session/d94fe9d023155d3f6895aef5421fa61d/element/f.95C2E293E0D5F8D5E0F83733146F119E.d.E01DA519CB73E4E31244406B5693A164.e.2299/click - {}
RESULT: {}
RESULT: {}
COMMAND: GET /session/d94fe9d023155d3f6895aef5421fa61d/screenshot - {}
RESULT: {}
COMMAND: POST /session/d94fe9d023155d3f6895aef5421fa61d/execute/async - {"script":"<script> [1562 bytes]","args":[{"selector":{"id":"application-managesites-display-component---NewSite--addressNewCostObjectCstID-vhi"},"wdio_ui5_key":"applicationmanagesites-display-component---NewSite--addressNewCostObjectCstID-vhi"}]}
RESULT: {"script":"<script> [1562 bytes]","args":[{"selector":{"id":"application-managesites-display-component---NewSite--addressNewCostObjectCstID-vhi"},"wdio_ui5_key":"applicationmanagesites-display-component---NewSite--addressNewCostObjectCstID-vhi"}]}
RESULT: undefined
COMMAND: POST /session/d94fe9d023155d3f6895aef5421fa61d/element - {"using":"xpath","value":"//*[@id=\"application-managesites-display-component---NewSite--addressNewCostObjectCstID-vhi\"]"}
RESULT: {"using":"xpath","value":"//*[@id=\"application-managesites-display-component---NewSite--addressNewCostObjectCstID-vhi\"]"}
COMMAND: POST /session/d94fe9d023155d3f6895aef5421fa61d/element/f.95C2E293E0D5F8D5E0F83733146F119E.d.E01DA519CB73E4E31244406B5693A164.e.2302/click - {}
RESULT: {}
COMMAND: GET /session/d94fe9d023155d3f6895aef5421fa61d/screenshot - {}
RESULT: {}
COMMAND: POST /session/d94fe9d023155d3f6895aef5421fa61d/execute/async - {"script":"<script> [1562 bytes]","args":[{"selector":{"controlType":"sap.m.SearchField","properties":{"placeholder":"Search"},"searchOpenDialogs":true,"interaction":{"idSuffix":"I"}},"wdio_ui5_key":"sapm.SearchField{\"placeholder\":\"Search\"}"}]}
RESULT: {"script":"<script> [1562 bytes]","args":[{"selector":{"controlType":"sap.m.SearchField","properties":{"placeholder":"Search"},"searchOpenDialogs":true,"interaction":{"idSuffix":"I"}},"wdio_ui5_key":"sapm.SearchField{\"placeholder\":\"Search\"}"}]}
RESULT: undefined
COMMAND: POST /session/d94fe9d023155d3f6895aef5421fa61d/execute/async - {"script":"<script> [776 bytes]","args":[{"enterText":"A1-000100-01","selector":{"controlType":"sap.m.SearchField","properties":{"placeholder":"Search"},"searchOpenDialogs":true,"interaction":{"idSuffix":"I"}},"clearTextFirst":true,"interactionType":"ENTER_TEXT"}]}
RESULT: {"script":"<script> [776 bytes]","args":[{"enterText":"A1-000100-01","selector":{"controlType":"sap.m.SearchField","properties":{"placeholder":"Search"},"searchOpenDialogs":true,"interaction":{"idSuffix":"I"}},"clearTextFirst":true,"interactionType":"ENTER_TEXT"}]}
COMMAND: POST /session/d94fe9d023155d3f6895aef5421fa61d/actions - {"actions":[{"id":"action3","type":"key","parameters":{},"actions":[{"type":"keyDown","value":"î€‡"},{"type":"pause","duration":10},{"type":"keyUp","value":"î€‡"}]}]}
RESULT: {"actions":[{"id":"action3","type":"key","parameters":{},"actions":[{"type":"keyDown","value":"î€‡"},{"type":"pause","duration":10},{"type":"keyUp","value":"î€‡"}]}]}
COMMAND: GET /session/d94fe9d023155d3f6895aef5421fa61d/screenshot - {}
RESULT: {}
COMMAND: POST /session/d94fe9d023155d3f6895aef5421fa61d/element - {"using":"xpath","value":"//span[contains(text(), \"Template for ETO-Process\")]"}
RESULT: {"using":"xpath","value":"//span[contains(text(), \"Template for ETO-Process\")]"}
COMMAND: POST /session/d94fe9d023155d3f6895aef5421fa61d/element/f.95C2E293E0D5F8D5E0F83733146F119E.d.E01DA519CB73E4E31244406B5693A164.e.2322/click - {}
RESULT: {}
COMMAND: GET /session/d94fe9d023155d3f6895aef5421fa61d/screenshot - {}
RESULT: {}
COMMAND: POST /session/d94fe9d023155d3f6895aef5421fa61d/element - {"using":"xpath","value":"//bdi[contains(text(), \"OK\")]"}
RESULT: {"using":"xpath","value":"//bdi[contains(text(), \"OK\")]"}
COMMAND: POST /session/d94fe9d023155d3f6895aef5421fa61d/element/f.95C2E293E0D5F8D5E0F83733146F119E.d.E01DA519CB73E4E31244406B5693A164.e.2323/click - {}
RESULT: {}
COMMAND: GET /session/d94fe9d023155d3f6895aef5421fa61d/screenshot - {}
RESULT: {}
COMMAND: POST /session/d94fe9d023155d3f6895aef5421fa61d/element - {"using":"xpath","value":"//input[@id=\"application-managesites-display-component---NewSite--addressDetailDetailsYard-inner\"]"}
RESULT: {"using":"xpath","value":"//input[@id=\"application-managesites-display-component---NewSite--addressDetailDetailsYard-inner\"]"}
COMMAND: POST /session/d94fe9d023155d3f6895aef5421fa61d/element/f.95C2E293E0D5F8D5E0F83733146F119E.d.E01DA519CB73E4E31244406B5693A164.e.2100/value - {"text":"789"}
RESULT: {"text":"789"}
COMMAND: GET /session/d94fe9d023155d3f6895aef5421fa61d/screenshot - {}
RESULT: {}
COMMAND: POST /session/d94fe9d023155d3f6895aef5421fa61d/actions - {"actions":[{"id":"action4","type":"key","parameters":{},"actions":[{"type":"keyDown","value":"î€‡"},{"type":"pause","duration":10},{"type":"keyUp","value":"î€‡"}]}]}
RESULT: {"actions":[{"id":"action4","type":"key","parameters":{},"actions":[{"type":"keyDown","value":"î€‡"},{"type":"pause","duration":10},{"type":"keyUp","value":"î€‡"}]}]}
COMMAND: GET /session/d94fe9d023155d3f6895aef5421fa61d/screenshot - {}
RESULT: {}
COMMAND: POST /session/d94fe9d023155d3f6895aef5421fa61d/element - {"using":"xpath","value":"//input[@id=\"application-managesites-display-component---NewSite--addressDetailDetailsPartner-inner\"]"}
RESULT: {"using":"xpath","value":"//input[@id=\"application-managesites-display-component---NewSite--addressDetailDetailsPartner-inner\"]"}
COMMAND: POST /session/d94fe9d023155d3f6895aef5421fa61d/elements - {"using":"xpath","value":"//input[@id=\"application-managesites-display-component---NewSite--addressDetailDetailsPartner-inner\"]"}
RESULT: {"using":"xpath","value":"//input[@id=\"application-managesites-display-component---NewSite--addressDetailDetailsPartner-inner\"]"}
COMMAND: POST /session/d94fe9d023155d3f6895aef5421fa61d/execute/async - {"script":"<script> [1562 bytes]","args":[{"selector":{"controlType":"sap.m.Button","viewName":"etm.portal.ui.managesites.view.NewSmartSite","viewId":"application-managesites-display-component---NewSite","properties":{"text":"Commercial"},"interaction":{"idSuffix":"BDI-content"}},"wdio_ui5_key":"etmportal.ui.managesites.view.NewSmartSitesap.m.Button{\"text\":\"Commercial\"}"}]}
RESULT: {"script":"<script> [1562 bytes]","args":[{"selector":{"controlType":"sap.m.Button","viewName":"etm.portal.ui.managesites.view.NewSmartSite","viewId":"application-managesites-display-component---NewSite","properties":{"text":"Commercial"},"interaction":{"idSuffix":"BDI-content"}},"wdio_ui5_key":"etmportal.ui.managesites.view.NewSmartSitesap.m.Button{\"text\":\"Commercial\"}"}]}
RESULT: undefined
COMMAND: POST /session/d94fe9d023155d3f6895aef5421fa61d/element - {"using":"xpath","value":"//*[@id=\"application-managesites-display-component---NewSite--ObjectPageLayout-anchBar-__section31-anchor\"]"}
RESULT: {"using":"xpath","value":"//*[@id=\"application-managesites-display-component---NewSite--ObjectPageLayout-anchBar-__section31-anchor\"]"}
COMMAND: POST /session/d94fe9d023155d3f6895aef5421fa61d/element/f.95C2E293E0D5F8D5E0F83733146F119E.d.E01DA519CB73E4E31244406B5693A164.e.2330/click - {}
RESULT: {}
COMMAND: POST /session/d94fe9d023155d3f6895aef5421fa61d/execute/async - {"script":"<script> [1562 bytes]","args":[{"selector":{"controlType":"sap.m.Button","viewName":"etm.portal.ui.managesites.view.NewSmartSite","viewId":"application-managesites-display-component---NewSite","i18NText":{"propertyName":"text","key":"save"},"interaction":{"idSuffix":"BDI-content"}},"wdio_ui5_key":"etmportal.ui.managesites.view.NewSmartSitesap.m.Button{\"propertyName\":\"text\",\"key\":\"save\"}"}]}
COMMAND: GET /session/d94fe9d023155d3f6895aef5421fa61d/screenshot - {}
RESULT: {"script":"<script> [1562 bytes]","args":[{"selector":{"controlType":"sap.m.Button","viewName":"etm.portal.ui.managesites.view.NewSmartSite","viewId":"application-managesites-display-component---NewSite","i18NText":{"propertyName":"text","key":"save"},"interaction":{"idSuffix":"BDI-content"}},"wdio_ui5_key":"etmportal.ui.managesites.view.NewSmartSitesap.m.Button{\"propertyName\":\"text\",\"key\":\"save\"}"}]}
RESULT: undefined
COMMAND: POST /session/d94fe9d023155d3f6895aef5421fa61d/element - {"using":"xpath","value":"//*[@id=\"__button64\"]"}
RESULT: {}
RESULT: {"using":"xpath","value":"//*[@id=\"__button64\"]"}
COMMAND: POST /session/d94fe9d023155d3f6895aef5421fa61d/element/f.95C2E293E0D5F8D5E0F83733146F119E.d.E01DA519CB73E4E31244406B5693A164.e.2274/click - {}
RESULT: {}
COMMAND: GET /session/d94fe9d023155d3f6895aef5421fa61d/screenshot - {}
RESULT: {}
COMMAND: POST /session/d94fe9d023155d3f6895aef5421fa61d/execute/async - {"script":"<script> [1562 bytes]","args":[{"selector":{"id":"application-managesites-display-component---detailSite--addressDetailDetailsYardText"},"wdio_ui5_key":"applicationmanagesites-display-component---detailSite--addressDetailDetailsYardText"}]}
RESULT: {"script":"<script> [1562 bytes]","args":[{"selector":{"id":"application-managesites-display-component---detailSite--addressDetailDetailsYardText"},"wdio_ui5_key":"applicationmanagesites-display-component---detailSite--addressDetailDetailsYardText"}]}
RESULT: undefined
COMMAND: POST /session/d94fe9d023155d3f6895aef5421fa61d/element - {"using":"xpath","value":"//header/div/div[2]/div[2]/span"}
RESULT: {"using":"xpath","value":"//header/div/div[2]/div[2]/span"}
COMMAND: GET /session/d94fe9d023155d3f6895aef5421fa61d/element/f.95C2E293E0D5F8D5E0F83733146F119E.d.E01DA519CB73E4E31244406B5693A164.e.2536/text - {}
RESULT: {}
COMMAND: POST /session/d94fe9d023155d3f6895aef5421fa61d/element - {"using":"xpath","value":"//header/div/div/div/div/div/div[2]/div/span"}
RESULT: {"using":"xpath","value":"//header/div/div/div/div/div/div[2]/div/span"}
COMMAND: GET /session/d94fe9d023155d3f6895aef5421fa61d/element/f.95C2E293E0D5F8D5E0F83733146F119E.d.E01DA519CB73E4E31244406B5693A164.e.2537/text - {}
RESULT: {}
COMMAND: POST /session/d94fe9d023155d3f6895aef5421fa61d/element - {"using":"css selector","value":"#shell-header-logo"}
RESULT: {"using":"css selector","value":"#shell-header-logo"}
COMMAND: POST /session/d94fe9d023155d3f6895aef5421fa61d/element/f.95C2E293E0D5F8D5E0F83733146F119E.d.E01DA519CB73E4E31244406B5693A164.e.1858/click - {}
RESULT: {}
COMMAND: GET /session/d94fe9d023155d3f6895aef5421fa61d/screenshot - {}
RESULT: {}
]]></system-out>
    </testcase>
    <testcase classname="chrome.135_0_7049_96.windows.Manage_Requests_Tags_Tests_US120163" name="Should Create New Request Tags" time="158.554">
      <system-out><![CDATA[
COMMAND: POST /session/d94fe9d023155d3f6895aef5421fa61d/execute/async - {"script":"<script> [1562 bytes]","args":[{"selector":{"controlType":"sap.m.GenericTile","properties":{"header":"Manage Requests"}},"wdio_ui5_key":"sapm.GenericTile{\"header\":\"Manage Requests\"}"}]}
RESULT: {"script":"<script> [1562 bytes]","args":[{"selector":{"controlType":"sap.m.GenericTile","properties":{"header":"Manage Requests"}},"wdio_ui5_key":"sapm.GenericTile{\"header\":\"Manage Requests\"}"}]}
RESULT: undefined
COMMAND: POST /session/d94fe9d023155d3f6895aef5421fa61d/element - {"using":"xpath","value":"//*[@id=\"__tile47\"]"}
RESULT: {"using":"xpath","value":"//*[@id=\"__tile47\"]"}
COMMAND: POST /session/d94fe9d023155d3f6895aef5421fa61d/element/f.95C2E293E0D5F8D5E0F83733146F119E.d.E01DA519CB73E4E31244406B5693A164.e.2539/click - {}
RESULT: {}
COMMAND: GET /session/d94fe9d023155d3f6895aef5421fa61d/screenshot - {}
RESULT: {}
COMMAND: POST /session/d94fe9d023155d3f6895aef5421fa61d/element - {"using":"xpath","value":"//button[contains(@data-kt ,\"btnCreateNewOverflowToolbarButton\")]"}
COMMAND: POST /session/d94fe9d023155d3f6895aef5421fa61d/element - {"using":"xpath","value":"(//span[contains(@class ,\"sapMObjStatusText\")])[1]"}
RESULT: {"using":"xpath","value":"//button[contains(@data-kt ,\"btnCreateNewOverflowToolbarButton\")]"}
COMMAND: POST /session/d94fe9d023155d3f6895aef5421fa61d/element/f.95C2E293E0D5F8D5E0F83733146F119E.d.E01DA519CB73E4E31244406B5693A164.e.2595/click - {}
RESULT: {"using":"xpath","value":"(//span[contains(@class ,\"sapMObjStatusText\")])[1]"}
COMMAND: POST /session/d94fe9d023155d3f6895aef5421fa61d/execute/sync - {"script":"<script> [8489 bytes]","args":[{"element-6066-11e4-a52e-4f735466cecf":"f.95C2E293E0D5F8D5E0F83733146F119E.d.E01DA519CB73E4E31244406B5693A164.e.2629","ELEMENT":"f.95C2E293E0D5F8D5E0F83733146F119E.d.E01DA519CB73E4E31244406B5693A164.e.2629"}]}
RESULT: {}
COMMAND: GET /session/d94fe9d023155d3f6895aef5421fa61d/screenshot - {}
RESULT: {"script":"<script> [8489 bytes]","args":[{"element-6066-11e4-a52e-4f735466cecf":"f.95C2E293E0D5F8D5E0F83733146F119E.d.E01DA519CB73E4E31244406B5693A164.e.2629","ELEMENT":"f.95C2E293E0D5F8D5E0F83733146F119E.d.E01DA519CB73E4E31244406B5693A164.e.2629"}]}
COMMAND: GET /session/d94fe9d023155d3f6895aef5421fa61d/screenshot - {}
RESULT: {}
RESULT: {}
COMMAND: POST /session/d94fe9d023155d3f6895aef5421fa61d/element - {"using":"xpath","value":"//input[contains(@id ,\"yardId-inner\")]"}
RESULT: {"using":"xpath","value":"//input[contains(@id ,\"yardId-inner\")]"}
COMMAND: POST /session/d94fe9d023155d3f6895aef5421fa61d/execute/sync - {"script":"<script> [8489 bytes]","args":[{"element-6066-11e4-a52e-4f735466cecf":"f.95C2E293E0D5F8D5E0F83733146F119E.d.E01DA519CB73E4E31244406B5693A164.e.2824","ELEMENT":"f.95C2E293E0D5F8D5E0F83733146F119E.d.E01DA519CB73E4E31244406B5693A164.e.2824"}]}
RESULT: {"script":"<script> [8489 bytes]","args":[{"element-6066-11e4-a52e-4f735466cecf":"f.95C2E293E0D5F8D5E0F83733146F119E.d.E01DA519CB73E4E31244406B5693A164.e.2824","ELEMENT":"f.95C2E293E0D5F8D5E0F83733146F119E.d.E01DA519CB73E4E31244406B5693A164.e.2824"}]}
COMMAND: POST /session/d94fe9d023155d3f6895aef5421fa61d/element - {"using":"xpath","value":"//input[contains(@id ,\"yardId-inner\")]"}
COMMAND: GET /session/d94fe9d023155d3f6895aef5421fa61d/screenshot - {}
RESULT: {"using":"xpath","value":"//input[contains(@id ,\"yardId-inner\")]"}
COMMAND: GET /session/d94fe9d023155d3f6895aef5421fa61d/element/f.95C2E293E0D5F8D5E0F83733146F119E.d.E01DA519CB73E4E31244406B5693A164.e.2824/enabled - {}
RESULT: {}
RESULT: {}
COMMAND: POST /session/d94fe9d023155d3f6895aef5421fa61d/element/f.95C2E293E0D5F8D5E0F83733146F119E.d.E01DA519CB73E4E31244406B5693A164.e.2824/clear - {}
COMMAND: GET /session/d94fe9d023155d3f6895aef5421fa61d/screenshot - {}
RESULT: {}
COMMAND: POST /session/d94fe9d023155d3f6895aef5421fa61d/element/f.95C2E293E0D5F8D5E0F83733146F119E.d.E01DA519CB73E4E31244406B5693A164.e.2824/value - {"text":"WebdriverYard2rvq3"}
COMMAND: GET /session/d94fe9d023155d3f6895aef5421fa61d/screenshot - {}
RESULT: {}
RESULT: {"text":"WebdriverYard2rvq3"}
COMMAND: GET /session/d94fe9d023155d3f6895aef5421fa61d/screenshot - {}
RESULT: {}
RESULT: {}
COMMAND: POST /session/d94fe9d023155d3f6895aef5421fa61d/element - {"using":"xpath","value":"//input[contains(@id ,\"customerNumber-inner\")]"}
RESULT: {"using":"xpath","value":"//input[contains(@id ,\"customerNumber-inner\")]"}
COMMAND: POST /session/d94fe9d023155d3f6895aef5421fa61d/element/f.95C2E293E0D5F8D5E0F83733146F119E.d.E01DA519CB73E4E31244406B5693A164.e.2818/value - {"text":"WebdriverPartnerarg99g"}
COMMAND: POST /session/d94fe9d023155d3f6895aef5421fa61d/actions - {"actions":[{"id":"action5","type":"key","parameters":{},"actions":[{"type":"keyDown","value":"î€‡"},{"type":"pause","duration":10},{"type":"keyUp","value":"î€‡"}]}]}
RESULT: {"actions":[{"id":"action5","type":"key","parameters":{},"actions":[{"type":"keyDown","value":"î€‡"},{"type":"pause","duration":10},{"type":"keyUp","value":"î€‡"}]}]}
COMMAND: GET /session/d94fe9d023155d3f6895aef5421fa61d/screenshot - {}
RESULT: {"text":"WebdriverPartnerarg99g"}
COMMAND: GET /session/d94fe9d023155d3f6895aef5421fa61d/screenshot - {}
RESULT: {}
RESULT: {}
COMMAND: POST /session/d94fe9d023155d3f6895aef5421fa61d/actions - {"actions":[{"id":"action6","type":"key","parameters":{},"actions":[{"type":"keyDown","value":"î€‡"},{"type":"pause","duration":10},{"type":"keyUp","value":"î€‡"}]}]}
RESULT: {"actions":[{"id":"action6","type":"key","parameters":{},"actions":[{"type":"keyDown","value":"î€‡"},{"type":"pause","duration":10},{"type":"keyUp","value":"î€‡"}]}]}
COMMAND: GET /session/d94fe9d023155d3f6895aef5421fa61d/screenshot - {}
RESULT: {}
COMMAND: POST /session/d94fe9d023155d3f6895aef5421fa61d/element - {"using":"xpath","value":"//input[contains(@id ,\"requestSiteId-inner\")]"}
RESULT: {"using":"xpath","value":"//input[contains(@id ,\"requestSiteId-inner\")]"}
COMMAND: POST /session/d94fe9d023155d3f6895aef5421fa61d/element/f.95C2E293E0D5F8D5E0F83733146F119E.d.E01DA519CB73E4E31244406B5693A164.e.2817/value - {"text":"WebdriverSitetj17"}
RESULT: {"text":"WebdriverSitetj17"}
COMMAND: GET /session/d94fe9d023155d3f6895aef5421fa61d/screenshot - {}
RESULT: {}
COMMAND: POST /session/d94fe9d023155d3f6895aef5421fa61d/execute/async - {"script":"<script> [1562 bytes]","args":[{"selector":{"controlType":"sap.m.Input","viewName":"etm.portal.ui.managerequests.view.NewRequest","bindingPath":{"path":"","propertyPath":"/DESCRIPTION","modelName":"oNewRequestModel"},"interaction":{"idSuffix":"inner"}},"wdio_ui5_key":"etmportal.ui.managerequests.view.NewRequestsap.m.Input{\"path\":\"\",\"propertyPath\":\"/DESCRIPTION\",\"modelName\":\"oNewRequestModel\"}"}]}
RESULT: {"script":"<script> [1562 bytes]","args":[{"selector":{"controlType":"sap.m.Input","viewName":"etm.portal.ui.managerequests.view.NewRequest","bindingPath":{"path":"","propertyPath":"/DESCRIPTION","modelName":"oNewRequestModel"},"interaction":{"idSuffix":"inner"}},"wdio_ui5_key":"etmportal.ui.managerequests.view.NewRequestsap.m.Input{\"path\":\"\",\"propertyPath\":\"/DESCRIPTION\",\"modelName\":\"oNewRequestModel\"}"}]}
RESULT: undefined
COMMAND: POST /session/d94fe9d023155d3f6895aef5421fa61d/execute/async - {"script":"<script> [776 bytes]","args":[{"enterText":"Wdi5 Tags Test","selector":{"controlType":"sap.m.Input","viewName":"etm.portal.ui.managerequests.view.NewRequest","bindingPath":{"path":"","propertyPath":"/DESCRIPTION","modelName":"oNewRequestModel"},"interaction":{"idSuffix":"inner"}},"clearTextFirst":true,"interactionType":"ENTER_TEXT"}]}
RESULT: {"script":"<script> [776 bytes]","args":[{"enterText":"Wdi5 Tags Test","selector":{"controlType":"sap.m.Input","viewName":"etm.portal.ui.managerequests.view.NewRequest","bindingPath":{"path":"","propertyPath":"/DESCRIPTION","modelName":"oNewRequestModel"},"interaction":{"idSuffix":"inner"}},"clearTextFirst":true,"interactionType":"ENTER_TEXT"}]}
COMMAND: POST /session/d94fe9d023155d3f6895aef5421fa61d/execute/async - {"script":"<script> [1562 bytes]","args":[{"selector":{"id":"tagInputAdd","viewName":"etm.portal.ui.managerequests.view.NewRequest","interaction":{"idSuffix":"inner"}},"wdio_ui5_key":"tagInputAddetmportal.ui.managerequests.view.NewRequest"}]}
RESULT: {"script":"<script> [1562 bytes]","args":[{"selector":{"id":"tagInputAdd","viewName":"etm.portal.ui.managerequests.view.NewRequest","interaction":{"idSuffix":"inner"}},"wdio_ui5_key":"tagInputAddetmportal.ui.managerequests.view.NewRequest"}]}
RESULT: undefined
COMMAND: POST /session/d94fe9d023155d3f6895aef5421fa61d/execute/async - {"script":"<script> [776 bytes]","args":[{"enterText":"RefTag","selector":{"id":"tagInputAdd","viewName":"etm.portal.ui.managerequests.view.NewRequest","interaction":{"idSuffix":"inner"}},"clearTextFirst":true,"interactionType":"ENTER_TEXT"}]}
RESULT: {"script":"<script> [776 bytes]","args":[{"enterText":"RefTag","selector":{"id":"tagInputAdd","viewName":"etm.portal.ui.managerequests.view.NewRequest","interaction":{"idSuffix":"inner"}},"clearTextFirst":true,"interactionType":"ENTER_TEXT"}]}
COMMAND: POST /session/d94fe9d023155d3f6895aef5421fa61d/actions - {"actions":[{"id":"action7","type":"key","parameters":{},"actions":[{"type":"keyDown","value":"î€‡"},{"type":"pause","duration":10},{"type":"keyUp","value":"î€‡"}]}]}
RESULT: {"actions":[{"id":"action7","type":"key","parameters":{},"actions":[{"type":"keyDown","value":"î€‡"},{"type":"pause","duration":10},{"type":"keyUp","value":"î€‡"}]}]}
COMMAND: GET /session/d94fe9d023155d3f6895aef5421fa61d/screenshot - {}
RESULT: {}
RESULT: undefined
COMMAND: POST /session/d94fe9d023155d3f6895aef5421fa61d/execute/async - {"script":"<script> [776 bytes]","args":[{"enterText":"tag-header","selector":{"id":"tagInputAdd","viewName":"etm.portal.ui.managerequests.view.NewRequest","interaction":{"idSuffix":"inner"}},"clearTextFirst":true,"interactionType":"ENTER_TEXT"}]}
RESULT: {"script":"<script> [776 bytes]","args":[{"enterText":"tag-header","selector":{"id":"tagInputAdd","viewName":"etm.portal.ui.managerequests.view.NewRequest","interaction":{"idSuffix":"inner"}},"clearTextFirst":true,"interactionType":"ENTER_TEXT"}]}
COMMAND: POST /session/d94fe9d023155d3f6895aef5421fa61d/actions - {"actions":[{"id":"action8","type":"key","parameters":{},"actions":[{"type":"keyDown","value":"î€‡"},{"type":"pause","duration":10},{"type":"keyUp","value":"î€‡"}]}]}
RESULT: {"actions":[{"id":"action8","type":"key","parameters":{},"actions":[{"type":"keyDown","value":"î€‡"},{"type":"pause","duration":10},{"type":"keyUp","value":"î€‡"}]}]}
COMMAND: GET /session/d94fe9d023155d3f6895aef5421fa61d/screenshot - {}
RESULT: {}
RESULT: undefined
COMMAND: POST /session/d94fe9d023155d3f6895aef5421fa61d/execute/async - {"script":"<script> [776 bytes]","args":[{"enterText":"tag-duplicate","selector":{"id":"tagInputAdd","viewName":"etm.portal.ui.managerequests.view.NewRequest","interaction":{"idSuffix":"inner"}},"clearTextFirst":true,"interactionType":"ENTER_TEXT"}]}
RESULT: {"script":"<script> [776 bytes]","args":[{"enterText":"tag-duplicate","selector":{"id":"tagInputAdd","viewName":"etm.portal.ui.managerequests.view.NewRequest","interaction":{"idSuffix":"inner"}},"clearTextFirst":true,"interactionType":"ENTER_TEXT"}]}
COMMAND: POST /session/d94fe9d023155d3f6895aef5421fa61d/actions - {"actions":[{"id":"action9","type":"key","parameters":{},"actions":[{"type":"keyDown","value":"î€‡"},{"type":"pause","duration":10},{"type":"keyUp","value":"î€‡"}]}]}
RESULT: {"actions":[{"id":"action9","type":"key","parameters":{},"actions":[{"type":"keyDown","value":"î€‡"},{"type":"pause","duration":10},{"type":"keyUp","value":"î€‡"}]}]}
COMMAND: GET /session/d94fe9d023155d3f6895aef5421fa61d/screenshot - {}
RESULT: {}
COMMAND: POST /session/d94fe9d023155d3f6895aef5421fa61d/execute/async - {"script":"<script> [1562 bytes]","args":[{"selector":{"id":"tagsLayoutAdd","viewName":"etm.portal.ui.managerequests.view.NewRequest"},"wdio_ui5_key":"tagsLayoutAddetmportal.ui.managerequests.view.NewRequest"}]}
RESULT: {"script":"<script> [1562 bytes]","args":[{"selector":{"id":"tagsLayoutAdd","viewName":"etm.portal.ui.managerequests.view.NewRequest"},"wdio_ui5_key":"tagsLayoutAddetmportal.ui.managerequests.view.NewRequest"}]}
RESULT: undefined
COMMAND: POST /session/d94fe9d023155d3f6895aef5421fa61d/execute/async - {"script":"<script> [6424 bytes]","args":[{"element-6066-11e4-a52e-4f735466cecf":"f.95C2E293E0D5F8D5E0F83733146F119E.d.E01DA519CB73E4E31244406B5693A164.e.2962"},"getTokens",[]]}
RESULT: {"script":"<script> [6424 bytes]","args":[{"element-6066-11e4-a52e-4f735466cecf":"f.95C2E293E0D5F8D5E0F83733146F119E.d.E01DA519CB73E4E31244406B5693A164.e.2962"},"getTokens",[]]}
COMMAND: POST /session/d94fe9d023155d3f6895aef5421fa61d/execute/async - {"script":"<script> [1562 bytes]","args":[{"wdio_ui5_key":"__token9","selector":{"id":"__token9"}}]}
COMMAND: POST /session/d94fe9d023155d3f6895aef5421fa61d/execute/async - {"script":"<script> [1562 bytes]","args":[{"wdio_ui5_key":"__token10","selector":{"id":"__token10"}}]}
COMMAND: POST /session/d94fe9d023155d3f6895aef5421fa61d/execute/async - {"script":"<script> [1562 bytes]","args":[{"wdio_ui5_key":"__token8","selector":{"id":"__token8"}}]}
RESULT: {"script":"<script> [1562 bytes]","args":[{"wdio_ui5_key":"__token8","selector":{"id":"__token8"}}]}
RESULT: undefined
RESULT: {"script":"<script> [1562 bytes]","args":[{"wdio_ui5_key":"__token10","selector":{"id":"__token10"}}]}
RESULT: undefined
RESULT: {"script":"<script> [1562 bytes]","args":[{"wdio_ui5_key":"__token9","selector":{"id":"__token9"}}]}
RESULT: undefined
COMMAND: POST /session/d94fe9d023155d3f6895aef5421fa61d/execute/async - {"script":"<script> [1562 bytes]","args":[{"selector":{"controlType":"sap.ui.core.Icon","viewName":"etm.portal.ui.managerequests.view.NewRequest","properties":{"src":{"regex":{"source":"decline"}}},"ancestor":{"controlType":"sap.m.Token","viewName":"etm.portal.ui.managerequests.view.NewRequest","properties":{"text":"tag-duplicate"}}},"wdio_ui5_key":"etmportal.ui.managerequests.view.NewRequestsap.ui.core.Icon{\"src\":{\"regex\":{\"source\":\"decline\"}}}{\"controlType\":\"sap.m.Token\",\"viewName\":\"etm.portal.ui.managerequests.view.NewRequest\",\"properties\":{\"text\":\"tag-duplicate\"}}"}]}
RESULT: {"script":"<script> [1562 bytes]","args":[{"selector":{"controlType":"sap.ui.core.Icon","viewName":"etm.portal.ui.managerequests.view.NewRequest","properties":{"src":{"regex":{"source":"decline"}}},"ancestor":{"controlType":"sap.m.Token","viewName":"etm.portal.ui.managerequests.view.NewRequest","properties":{"text":"tag-duplicate"}}},"wdio_ui5_key":"etmportal.ui.managerequests.view.NewRequestsap.ui.core.Icon{\"src\":{\"regex\":{\"source\":\"decline\"}}}{\"controlType\":\"sap.m.Token\",\"viewName\":\"etm.portal.ui.managerequests.view.NewRequest\",\"properties\":{\"text\":\"tag-duplicate\"}}"}]}
RESULT: undefined
COMMAND: POST /session/d94fe9d023155d3f6895aef5421fa61d/element - {"using":"xpath","value":"//*[@id=\"__token10-icon\"]"}
RESULT: {"using":"xpath","value":"//*[@id=\"__token10-icon\"]"}
COMMAND: POST /session/d94fe9d023155d3f6895aef5421fa61d/element/f.95C2E293E0D5F8D5E0F83733146F119E.d.E01DA519CB73E4E31244406B5693A164.e.2985/click - {}
RESULT: {}
COMMAND: POST /session/d94fe9d023155d3f6895aef5421fa61d/execute/async - {"script":"<script> [1562 bytes]","args":[{"selector":{"controlType":"sap.ui.core.Icon","viewName":"etm.portal.ui.managerequests.view.NewRequest","properties":{"src":{"regex":{"source":"decline"}}},"ancestor":{"controlType":"sap.m.Token","viewName":"etm.portal.ui.managerequests.view.NewRequest","properties":{"text":"tag1"}}},"wdio_ui5_key":"etmportal.ui.managerequests.view.NewRequestsap.ui.core.Icon{\"src\":{\"regex\":{\"source\":\"decline\"}}}{\"controlType\":\"sap.m.Token\",\"viewName\":\"etm.portal.ui.managerequests.view.NewRequest\",\"properties\":{\"text\":\"tag1\"}}"}]}
COMMAND: GET /session/d94fe9d023155d3f6895aef5421fa61d/screenshot - {}
RESULT: {"script":"<script> [1562 bytes]","args":[{"selector":{"controlType":"sap.ui.core.Icon","viewName":"etm.portal.ui.managerequests.view.NewRequest","properties":{"src":{"regex":{"source":"decline"}}},"ancestor":{"controlType":"sap.m.Token","viewName":"etm.portal.ui.managerequests.view.NewRequest","properties":{"text":"tag1"}}},"wdio_ui5_key":"etmportal.ui.managerequests.view.NewRequestsap.ui.core.Icon{\"src\":{\"regex\":{\"source\":\"decline\"}}}{\"controlType\":\"sap.m.Token\",\"viewName\":\"etm.portal.ui.managerequests.view.NewRequest\",\"properties\":{\"text\":\"tag1\"}}"}]}
RESULT: undefined
RESULT: {}
COMMAND: POST /session/d94fe9d023155d3f6895aef5421fa61d/actions - {"actions":[{"id":"action10","type":"key","parameters":{},"actions":[{"type":"keyDown","value":"î€Œ"},{"type":"pause","duration":10},{"type":"keyUp","value":"î€Œ"}]}]}
RESULT: {"actions":[{"id":"action10","type":"key","parameters":{},"actions":[{"type":"keyDown","value":"î€Œ"},{"type":"pause","duration":10},{"type":"keyUp","value":"î€Œ"}]}]}
COMMAND: GET /session/d94fe9d023155d3f6895aef5421fa61d/screenshot - {}
RESULT: {}
RESULT: undefined
COMMAND: POST /session/d94fe9d023155d3f6895aef5421fa61d/execute/async - {"script":"<script> [6424 bytes]","args":[{"element-6066-11e4-a52e-4f735466cecf":"f.95C2E293E0D5F8D5E0F83733146F119E.d.E01DA519CB73E4E31244406B5693A164.e.2962"},"getTokens",[]]}
RESULT: {"script":"<script> [6424 bytes]","args":[{"element-6066-11e4-a52e-4f735466cecf":"f.95C2E293E0D5F8D5E0F83733146F119E.d.E01DA519CB73E4E31244406B5693A164.e.2962"},"getTokens",[]]}
RESULT: undefined
RESULT: undefined
COMMAND: POST /session/d94fe9d023155d3f6895aef5421fa61d/execute/async - {"script":"<script> [1562 bytes]","args":[{"selector":{"controlType":"sap.m.Button","viewName":"etm.portal.ui.managerequests.view.NewRequest","properties":{"text":"Items"},"interaction":{"idSuffix":"BDI-content"}},"wdio_ui5_key":"etmportal.ui.managerequests.view.NewRequestsap.m.Button{\"text\":\"Items\"}"}]}
RESULT: {"script":"<script> [1562 bytes]","args":[{"selector":{"controlType":"sap.m.Button","viewName":"etm.portal.ui.managerequests.view.NewRequest","properties":{"text":"Items"},"interaction":{"idSuffix":"BDI-content"}},"wdio_ui5_key":"etmportal.ui.managerequests.view.NewRequestsap.m.Button{\"text\":\"Items\"}"}]}
RESULT: undefined
COMMAND: POST /session/d94fe9d023155d3f6895aef5421fa61d/element - {"using":"xpath","value":"//*[@id=\"__xmlview59--newRequestPage-anchBar-__xmlview59--requestItemsSection-anchor\"]"}
RESULT: {"using":"xpath","value":"//*[@id=\"__xmlview59--newRequestPage-anchBar-__xmlview59--requestItemsSection-anchor\"]"}
COMMAND: POST /session/d94fe9d023155d3f6895aef5421fa61d/element/f.95C2E293E0D5F8D5E0F83733146F119E.d.E01DA519CB73E4E31244406B5693A164.e.2994/click - {}
RESULT: {}
COMMAND: GET /session/d94fe9d023155d3f6895aef5421fa61d/screenshot - {}
RESULT: {}
COMMAND: POST /session/d94fe9d023155d3f6895aef5421fa61d/execute/async - {"script":"<script> [1562 bytes]","args":[{"selector":{"controlType":"sap.ui.core.Icon","viewName":"etm.portal.ui.managerequests.view.NewRequest","properties":{"src":{"regex":{"source":"inspect"}}}},"wdio_ui5_key":"etmportal.ui.managerequests.view.NewRequestsap.ui.core.Icon{\"src\":{\"regex\":{\"source\":\"inspect\"}}}"}]}
RESULT: {"script":"<script> [1562 bytes]","args":[{"selector":{"controlType":"sap.ui.core.Icon","viewName":"etm.portal.ui.managerequests.view.NewRequest","properties":{"src":{"regex":{"source":"inspect"}}}},"wdio_ui5_key":"etmportal.ui.managerequests.view.NewRequestsap.ui.core.Icon{\"src\":{\"regex\":{\"source\":\"inspect\"}}}"}]}
RESULT: undefined
COMMAND: POST /session/d94fe9d023155d3f6895aef5421fa61d/element - {"using":"xpath","value":"//*[@id=\"__button114-img\"]"}
RESULT: {"using":"xpath","value":"//*[@id=\"__button114-img\"]"}
COMMAND: POST /session/d94fe9d023155d3f6895aef5421fa61d/element/f.95C2E293E0D5F8D5E0F83733146F119E.d.E01DA519CB73E4E31244406B5693A164.e.2999/click - {}
RESULT: {}
COMMAND: GET /session/d94fe9d023155d3f6895aef5421fa61d/screenshot - {}
RESULT: {}
COMMAND: POST /session/d94fe9d023155d3f6895aef5421fa61d/execute/async - {"script":"<script> [1562 bytes]","args":[{"selector":{"controlType":"sap.ui.core.Icon","viewName":"etm.portal.ui.managerequests.view.NewRequest","properties":{"src":{"regex":{"source":"add"}}}},"wdio_ui5_key":"etmportal.ui.managerequests.view.NewRequestsap.ui.core.Icon{\"src\":{\"regex\":{\"source\":\"add\"}}}"}]}
RESULT: {"script":"<script> [1562 bytes]","args":[{"selector":{"controlType":"sap.ui.core.Icon","viewName":"etm.portal.ui.managerequests.view.NewRequest","properties":{"src":{"regex":{"source":"add"}}}},"wdio_ui5_key":"etmportal.ui.managerequests.view.NewRequestsap.ui.core.Icon{\"src\":{\"regex\":{\"source\":\"add\"}}}"}]}
RESULT: undefined
COMMAND: POST /session/d94fe9d023155d3f6895aef5421fa61d/element - {"using":"xpath","value":"//*[@id=\"__xmlview59--btnAddTableRow-img\"]"}
RESULT: {"using":"xpath","value":"//*[@id=\"__xmlview59--btnAddTableRow-img\"]"}
COMMAND: POST /session/d94fe9d023155d3f6895aef5421fa61d/element/f.95C2E293E0D5F8D5E0F83733146F119E.d.E01DA519CB73E4E31244406B5693A164.e.2798/click - {}
RESULT: {}
COMMAND: GET /session/d94fe9d023155d3f6895aef5421fa61d/screenshot - {}
RESULT: {}
COMMAND: POST /session/d94fe9d023155d3f6895aef5421fa61d/execute/async - {"script":"<script> [1562 bytes]","args":[{"selector":{"controlType":"sap.ui.unified.MenuItem","viewName":"etm.portal.ui.managerequests.view.NewRequest","i18NText":{"propertyName":"text","key":"standardEntry"},"searchOpenDialogs":true,"interaction":{"idSuffix":"txt"}},"wdio_ui5_key":"etmportal.ui.managerequests.view.NewRequestsap.ui.unified.MenuItem{\"propertyName\":\"text\",\"key\":\"standardEntry\"}"}]}
RESULT: {"script":"<script> [1562 bytes]","args":[{"selector":{"controlType":"sap.ui.unified.MenuItem","viewName":"etm.portal.ui.managerequests.view.NewRequest","i18NText":{"propertyName":"text","key":"standardEntry"},"searchOpenDialogs":true,"interaction":{"idSuffix":"txt"}},"wdio_ui5_key":"etmportal.ui.managerequests.view.NewRequestsap.ui.unified.MenuItem{\"propertyName\":\"text\",\"key\":\"standardEntry\"}"}]}
RESULT: undefined
COMMAND: POST /session/d94fe9d023155d3f6895aef5421fa61d/element - {"using":"xpath","value":"//*[@id=\"__item2110\"]"}
RESULT: {"using":"xpath","value":"//*[@id=\"__item2110\"]"}
COMMAND: POST /session/d94fe9d023155d3f6895aef5421fa61d/element/f.95C2E293E0D5F8D5E0F83733146F119E.d.E01DA519CB73E4E31244406B5693A164.e.3007/click - {}
RESULT: {}
COMMAND: GET /session/d94fe9d023155d3f6895aef5421fa61d/screenshot - {}
RESULT: {}
RESULT: undefined
COMMAND: POST /session/d94fe9d023155d3f6895aef5421fa61d/element - {"using":"xpath","value":"//*[@id=\"__xmlview59--btnAddTableRow-img\"]"}
RESULT: {"using":"xpath","value":"//*[@id=\"__xmlview59--btnAddTableRow-img\"]"}
COMMAND: POST /session/d94fe9d023155d3f6895aef5421fa61d/element/f.95C2E293E0D5F8D5E0F83733146F119E.d.E01DA519CB73E4E31244406B5693A164.e.2798/click - {}
RESULT: {}
COMMAND: GET /session/d94fe9d023155d3f6895aef5421fa61d/screenshot - {}
RESULT: {}
RESULT: undefined
COMMAND: POST /session/d94fe9d023155d3f6895aef5421fa61d/element - {"using":"xpath","value":"//*[@id=\"__item2110\"]"}
RESULT: {"using":"xpath","value":"//*[@id=\"__item2110\"]"}
COMMAND: POST /session/d94fe9d023155d3f6895aef5421fa61d/element/f.95C2E293E0D5F8D5E0F83733146F119E.d.E01DA519CB73E4E31244406B5693A164.e.3028/click - {}
RESULT: {}
COMMAND: GET /session/d94fe9d023155d3f6895aef5421fa61d/screenshot - {}
RESULT: {}
COMMAND: POST /session/d94fe9d023155d3f6895aef5421fa61d/element - {"using":"xpath","value":"(//input[contains(@id ,\"requestItemsTable-0-inner\")])[5]"}
RESULT: {"using":"xpath","value":"(//input[contains(@id ,\"requestItemsTable-0-inner\")])[5]"}
COMMAND: POST /session/d94fe9d023155d3f6895aef5421fa61d/element/f.95C2E293E0D5F8D5E0F83733146F119E.d.E01DA519CB73E4E31244406B5693A164.e.3019/clear - {}
RESULT: {}
COMMAND: POST /session/d94fe9d023155d3f6895aef5421fa61d/element/f.95C2E293E0D5F8D5E0F83733146F119E.d.E01DA519CB73E4E31244406B5693A164.e.3019/value - {"text":"1000001"}
COMMAND: GET /session/d94fe9d023155d3f6895aef5421fa61d/screenshot - {}
RESULT: {"text":"1000001"}
COMMAND: GET /session/d94fe9d023155d3f6895aef5421fa61d/screenshot - {}
RESULT: {}
RESULT: {}
COMMAND: POST /session/d94fe9d023155d3f6895aef5421fa61d/actions - {"actions":[{"id":"action11","type":"key","parameters":{},"actions":[{"type":"keyDown","value":"î€‡"},{"type":"pause","duration":10},{"type":"keyUp","value":"î€‡"}]}]}
RESULT: {"actions":[{"id":"action11","type":"key","parameters":{},"actions":[{"type":"keyDown","value":"î€‡"},{"type":"pause","duration":10},{"type":"keyUp","value":"î€‡"}]}]}
COMMAND: POST /session/d94fe9d023155d3f6895aef5421fa61d/element - {"using":"xpath","value":"(//input[contains(@id ,\"requestItemsTable-1-inner\")])[5]"}
COMMAND: GET /session/d94fe9d023155d3f6895aef5421fa61d/screenshot - {}
RESULT: {"using":"xpath","value":"(//input[contains(@id ,\"requestItemsTable-1-inner\")])[5]"}
COMMAND: POST /session/d94fe9d023155d3f6895aef5421fa61d/element/f.95C2E293E0D5F8D5E0F83733146F119E.d.E01DA519CB73E4E31244406B5693A164.e.3034/clear - {}
RESULT: {}
RESULT: {}
COMMAND: POST /session/d94fe9d023155d3f6895aef5421fa61d/element/f.95C2E293E0D5F8D5E0F83733146F119E.d.E01DA519CB73E4E31244406B5693A164.e.3034/value - {"text":"1000002"}
COMMAND: GET /session/d94fe9d023155d3f6895aef5421fa61d/screenshot - {}
RESULT: {"text":"1000002"}
COMMAND: GET /session/d94fe9d023155d3f6895aef5421fa61d/screenshot - {}
RESULT: {}
RESULT: {}
COMMAND: POST /session/d94fe9d023155d3f6895aef5421fa61d/actions - {"actions":[{"id":"action12","type":"key","parameters":{},"actions":[{"type":"keyDown","value":"î€‡"},{"type":"pause","duration":10},{"type":"keyUp","value":"î€‡"}]}]}
RESULT: {"actions":[{"id":"action12","type":"key","parameters":{},"actions":[{"type":"keyDown","value":"î€‡"},{"type":"pause","duration":10},{"type":"keyUp","value":"î€‡"}]}]}
COMMAND: POST /session/d94fe9d023155d3f6895aef5421fa61d/execute/async - {"script":"<script> [1562 bytes]","args":[{"selector":{"controlType":"sap.m.Input","viewName":"etm.portal.ui.managerequests.view.NewRequest","bindingPath":{"path":"","propertyPath":"/Tags","modelName":"catalogModel"},"ancestor":{"controlType":"sap.m.ColumnListItem","viewName":"etm.portal.ui.managerequests.view.NewRequest","bindingPath":{"modelName":"newRequestItems","path":"/RequestItems/0"},"ancestor":{"id":"requestItemsTable","viewName":"etm.portal.ui.managerequests.view.NewRequest"}},"interaction":{"idSuffix":"inner"}},"wdio_ui5_key":"etmportal.ui.managerequests.view.NewRequestsap.m.Input{\"path\":\"\",\"propertyPath\":\"/Tags\",\"modelName\":\"catalogModel\"}{\"controlType\":\"sap.m.ColumnListItem\",\"viewName\":\"etm.portal.ui.managerequests.view.NewRequest\",\"bindingPath\":{\"modelName\":\"newRequestItems\",\"path\":\"/RequestItems/0\"},\"ancestor\":{\"id\":\"requestItemsTable\",\"viewName\":\"etm.portal.ui.managerequests.view.NewRequest\"}}"}]}
COMMAND: GET /session/d94fe9d023155d3f6895aef5421fa61d/screenshot - {}
RESULT: {"script":"<script> [1562 bytes]","args":[{"selector":{"controlType":"sap.m.Input","viewName":"etm.portal.ui.managerequests.view.NewRequest","bindingPath":{"path":"","propertyPath":"/Tags","modelName":"catalogModel"},"ancestor":{"controlType":"sap.m.ColumnListItem","viewName":"etm.portal.ui.managerequests.view.NewRequest","bindingPath":{"modelName":"newRequestItems","path":"/RequestItems/0"},"ancestor":{"id":"requestItemsTable","viewName":"etm.portal.ui.managerequests.view.NewRequest"}},"interaction":{"idSuffix":"inner"}},"wdio_ui5_key":"etmportal.ui.managerequests.view.NewRequestsap.m.Input{\"path\":\"\",\"propertyPath\":\"/Tags\",\"modelName\":\"catalogModel\"}{\"controlType\":\"sap.m.ColumnListItem\",\"viewName\":\"etm.portal.ui.managerequests.view.NewRequest\",\"bindingPath\":{\"modelName\":\"newRequestItems\",\"path\":\"/RequestItems/0\"},\"ancestor\":{\"id\":\"requestItemsTable\",\"viewName\":\"etm.portal.ui.managerequests.view.NewRequest\"}}"}]}
RESULT: undefined
COMMAND: POST /session/d94fe9d023155d3f6895aef5421fa61d/execute/async - {"script":"<script> [776 bytes]","args":[{"enterText":"tag1","selector":{"controlType":"sap.m.Input","viewName":"etm.portal.ui.managerequests.view.NewRequest","bindingPath":{"path":"","propertyPath":"/Tags","modelName":"catalogModel"},"ancestor":{"controlType":"sap.m.ColumnListItem","viewName":"etm.portal.ui.managerequests.view.NewRequest","bindingPath":{"modelName":"newRequestItems","path":"/RequestItems/0"},"ancestor":{"id":"requestItemsTable","viewName":"etm.portal.ui.managerequests.view.NewRequest"}},"interaction":{"idSuffix":"inner"}},"clearTextFirst":true,"interactionType":"ENTER_TEXT"}]}
RESULT: {}
RESULT: {"script":"<script> [776 bytes]","args":[{"enterText":"tag1","selector":{"controlType":"sap.m.Input","viewName":"etm.portal.ui.managerequests.view.NewRequest","bindingPath":{"path":"","propertyPath":"/Tags","modelName":"catalogModel"},"ancestor":{"controlType":"sap.m.ColumnListItem","viewName":"etm.portal.ui.managerequests.view.NewRequest","bindingPath":{"modelName":"newRequestItems","path":"/RequestItems/0"},"ancestor":{"id":"requestItemsTable","viewName":"etm.portal.ui.managerequests.view.NewRequest"}},"interaction":{"idSuffix":"inner"}},"clearTextFirst":true,"interactionType":"ENTER_TEXT"}]}
COMMAND: POST /session/d94fe9d023155d3f6895aef5421fa61d/actions - {"actions":[{"id":"action13","type":"key","parameters":{},"actions":[{"type":"keyDown","value":"î€‡"},{"type":"pause","duration":10},{"type":"keyUp","value":"î€‡"}]}]}
RESULT: {"actions":[{"id":"action13","type":"key","parameters":{},"actions":[{"type":"keyDown","value":"î€‡"},{"type":"pause","duration":10},{"type":"keyUp","value":"î€‡"}]}]}
RESULT: undefined
COMMAND: POST /session/d94fe9d023155d3f6895aef5421fa61d/execute/async - {"script":"<script> [776 bytes]","args":[{"enterText":"tag-duplicate","selector":{"controlType":"sap.m.Input","viewName":"etm.portal.ui.managerequests.view.NewRequest","bindingPath":{"path":"","propertyPath":"/Tags","modelName":"catalogModel"},"ancestor":{"controlType":"sap.m.ColumnListItem","viewName":"etm.portal.ui.managerequests.view.NewRequest","bindingPath":{"modelName":"newRequestItems","path":"/RequestItems/0"},"ancestor":{"id":"requestItemsTable","viewName":"etm.portal.ui.managerequests.view.NewRequest"}},"interaction":{"idSuffix":"inner"}},"clearTextFirst":true,"interactionType":"ENTER_TEXT"}]}
COMMAND: GET /session/d94fe9d023155d3f6895aef5421fa61d/screenshot - {}
RESULT: {"script":"<script> [776 bytes]","args":[{"enterText":"tag-duplicate","selector":{"controlType":"sap.m.Input","viewName":"etm.portal.ui.managerequests.view.NewRequest","bindingPath":{"path":"","propertyPath":"/Tags","modelName":"catalogModel"},"ancestor":{"controlType":"sap.m.ColumnListItem","viewName":"etm.portal.ui.managerequests.view.NewRequest","bindingPath":{"modelName":"newRequestItems","path":"/RequestItems/0"},"ancestor":{"id":"requestItemsTable","viewName":"etm.portal.ui.managerequests.view.NewRequest"}},"interaction":{"idSuffix":"inner"}},"clearTextFirst":true,"interactionType":"ENTER_TEXT"}]}
RESULT: {}
COMMAND: POST /session/d94fe9d023155d3f6895aef5421fa61d/actions - {"actions":[{"id":"action14","type":"key","parameters":{},"actions":[{"type":"keyDown","value":"î€‡"},{"type":"pause","duration":10},{"type":"keyUp","value":"î€‡"}]}]}
RESULT: {"actions":[{"id":"action14","type":"key","parameters":{},"actions":[{"type":"keyDown","value":"î€‡"},{"type":"pause","duration":10},{"type":"keyUp","value":"î€‡"}]}]}
COMMAND: GET /session/d94fe9d023155d3f6895aef5421fa61d/screenshot - {}
RESULT: {}
COMMAND: POST /session/d94fe9d023155d3f6895aef5421fa61d/execute/async - {"script":"<script> [1562 bytes]","args":[{"selector":{"controlType":"sap.m.Input","viewName":"etm.portal.ui.managerequests.view.NewRequest","bindingPath":{"path":"","propertyPath":"/Tags","modelName":"catalogModel"},"ancestor":{"controlType":"sap.m.ColumnListItem","viewName":"etm.portal.ui.managerequests.view.NewRequest","bindingPath":{"modelName":"newRequestItems","path":"/RequestItems/1"},"ancestor":{"id":"requestItemsTable","viewName":"etm.portal.ui.managerequests.view.NewRequest"}},"interaction":{"idSuffix":"inner"}},"wdio_ui5_key":"etmportal.ui.managerequests.view.NewRequestsap.m.Input{\"path\":\"\",\"propertyPath\":\"/Tags\",\"modelName\":\"catalogModel\"}{\"controlType\":\"sap.m.ColumnListItem\",\"viewName\":\"etm.portal.ui.managerequests.view.NewRequest\",\"bindingPath\":{\"modelName\":\"newRequestItems\",\"path\":\"/RequestItems/1\"},\"ancestor\":{\"id\":\"requestItemsTable\",\"viewName\":\"etm.portal.ui.managerequests.view.NewRequest\"}}"}]}
RESULT: {"script":"<script> [1562 bytes]","args":[{"selector":{"controlType":"sap.m.Input","viewName":"etm.portal.ui.managerequests.view.NewRequest","bindingPath":{"path":"","propertyPath":"/Tags","modelName":"catalogModel"},"ancestor":{"controlType":"sap.m.ColumnListItem","viewName":"etm.portal.ui.managerequests.view.NewRequest","bindingPath":{"modelName":"newRequestItems","path":"/RequestItems/1"},"ancestor":{"id":"requestItemsTable","viewName":"etm.portal.ui.managerequests.view.NewRequest"}},"interaction":{"idSuffix":"inner"}},"wdio_ui5_key":"etmportal.ui.managerequests.view.NewRequestsap.m.Input{\"path\":\"\",\"propertyPath\":\"/Tags\",\"modelName\":\"catalogModel\"}{\"controlType\":\"sap.m.ColumnListItem\",\"viewName\":\"etm.portal.ui.managerequests.view.NewRequest\",\"bindingPath\":{\"modelName\":\"newRequestItems\",\"path\":\"/RequestItems/1\"},\"ancestor\":{\"id\":\"requestItemsTable\",\"viewName\":\"etm.portal.ui.managerequests.view.NewRequest\"}}"}]}
RESULT: undefined
COMMAND: POST /session/d94fe9d023155d3f6895aef5421fa61d/execute/async - {"script":"<script> [776 bytes]","args":[{"enterText":"tag1","selector":{"controlType":"sap.m.Input","viewName":"etm.portal.ui.managerequests.view.NewRequest","bindingPath":{"path":"","propertyPath":"/Tags","modelName":"catalogModel"},"ancestor":{"controlType":"sap.m.ColumnListItem","viewName":"etm.portal.ui.managerequests.view.NewRequest","bindingPath":{"modelName":"newRequestItems","path":"/RequestItems/1"},"ancestor":{"id":"requestItemsTable","viewName":"etm.portal.ui.managerequests.view.NewRequest"}},"interaction":{"idSuffix":"inner"}},"clearTextFirst":true,"interactionType":"ENTER_TEXT"}]}
RESULT: {"script":"<script> [776 bytes]","args":[{"enterText":"tag1","selector":{"controlType":"sap.m.Input","viewName":"etm.portal.ui.managerequests.view.NewRequest","bindingPath":{"path":"","propertyPath":"/Tags","modelName":"catalogModel"},"ancestor":{"controlType":"sap.m.ColumnListItem","viewName":"etm.portal.ui.managerequests.view.NewRequest","bindingPath":{"modelName":"newRequestItems","path":"/RequestItems/1"},"ancestor":{"id":"requestItemsTable","viewName":"etm.portal.ui.managerequests.view.NewRequest"}},"interaction":{"idSuffix":"inner"}},"clearTextFirst":true,"interactionType":"ENTER_TEXT"}]}
COMMAND: POST /session/d94fe9d023155d3f6895aef5421fa61d/actions - {"actions":[{"id":"action15","type":"key","parameters":{},"actions":[{"type":"keyDown","value":"î€‡"},{"type":"pause","duration":10},{"type":"keyUp","value":"î€‡"}]}]}
RESULT: {"actions":[{"id":"action15","type":"key","parameters":{},"actions":[{"type":"keyDown","value":"î€‡"},{"type":"pause","duration":10},{"type":"keyUp","value":"î€‡"}]}]}
RESULT: undefined
COMMAND: POST /session/d94fe9d023155d3f6895aef5421fa61d/execute/async - {"script":"<script> [776 bytes]","args":[{"enterText":"tag-duplicate","selector":{"controlType":"sap.m.Input","viewName":"etm.portal.ui.managerequests.view.NewRequest","bindingPath":{"path":"","propertyPath":"/Tags","modelName":"catalogModel"},"ancestor":{"controlType":"sap.m.ColumnListItem","viewName":"etm.portal.ui.managerequests.view.NewRequest","bindingPath":{"modelName":"newRequestItems","path":"/RequestItems/1"},"ancestor":{"id":"requestItemsTable","viewName":"etm.portal.ui.managerequests.view.NewRequest"}},"interaction":{"idSuffix":"inner"}},"clearTextFirst":true,"interactionType":"ENTER_TEXT"}]}
COMMAND: GET /session/d94fe9d023155d3f6895aef5421fa61d/screenshot - {}
RESULT: {"script":"<script> [776 bytes]","args":[{"enterText":"tag-duplicate","selector":{"controlType":"sap.m.Input","viewName":"etm.portal.ui.managerequests.view.NewRequest","bindingPath":{"path":"","propertyPath":"/Tags","modelName":"catalogModel"},"ancestor":{"controlType":"sap.m.ColumnListItem","viewName":"etm.portal.ui.managerequests.view.NewRequest","bindingPath":{"modelName":"newRequestItems","path":"/RequestItems/1"},"ancestor":{"id":"requestItemsTable","viewName":"etm.portal.ui.managerequests.view.NewRequest"}},"interaction":{"idSuffix":"inner"}},"clearTextFirst":true,"interactionType":"ENTER_TEXT"}]}
RESULT: {}
COMMAND: POST /session/d94fe9d023155d3f6895aef5421fa61d/actions - {"actions":[{"id":"action16","type":"key","parameters":{},"actions":[{"type":"keyDown","value":"î€‡"},{"type":"pause","duration":10},{"type":"keyUp","value":"î€‡"}]}]}
RESULT: {"actions":[{"id":"action16","type":"key","parameters":{},"actions":[{"type":"keyDown","value":"î€‡"},{"type":"pause","duration":10},{"type":"keyUp","value":"î€‡"}]}]}
COMMAND: GET /session/d94fe9d023155d3f6895aef5421fa61d/screenshot - {}
RESULT: {}
COMMAND: POST /session/d94fe9d023155d3f6895aef5421fa61d/execute/async - {"script":"<script> [1562 bytes]","args":[{"selector":{"controlType":"sap.ui.core.Icon","viewName":"etm.portal.ui.managerequests.view.NewRequest","properties":{"src":{"regex":{"source":"slim\\-arrow\\-down"}}},"ancestor":{"controlType":"sap.m.Button","viewName":"etm.portal.ui.managerequests.view.NewRequest","properties":{"icon":"sap-icon://slim-arrow-down"}}},"wdio_ui5_key":"etmportal.ui.managerequests.view.NewRequestsap.ui.core.Icon{\"src\":{\"regex\":{\"source\":\"slim\\\\-arrow\\\\-down\"}}}{\"controlType\":\"sap.m.Button\",\"viewName\":\"etm.portal.ui.managerequests.view.NewRequest\",\"properties\":{\"icon\":\"sap-icon://slim-arrow-down\"}}"}]}
RESULT: {"script":"<script> [1562 bytes]","args":[{"selector":{"controlType":"sap.ui.core.Icon","viewName":"etm.portal.ui.managerequests.view.NewRequest","properties":{"src":{"regex":{"source":"slim\\-arrow\\-down"}}},"ancestor":{"controlType":"sap.m.Button","viewName":"etm.portal.ui.managerequests.view.NewRequest","properties":{"icon":"sap-icon://slim-arrow-down"}}},"wdio_ui5_key":"etmportal.ui.managerequests.view.NewRequestsap.ui.core.Icon{\"src\":{\"regex\":{\"source\":\"slim\\\\-arrow\\\\-down\"}}}{\"controlType\":\"sap.m.Button\",\"viewName\":\"etm.portal.ui.managerequests.view.NewRequest\",\"properties\":{\"icon\":\"sap-icon://slim-arrow-down\"}}"}]}
RESULT: undefined
COMMAND: POST /session/d94fe9d023155d3f6895aef5421fa61d/element - {"using":"xpath","value":"//*[@id=\"__title25-expandBtn-img\"]"}
RESULT: {"using":"xpath","value":"//*[@id=\"__title25-expandBtn-img\"]"}
COMMAND: POST /session/d94fe9d023155d3f6895aef5421fa61d/element/f.95C2E293E0D5F8D5E0F83733146F119E.d.E01DA519CB73E4E31244406B5693A164.e.3079/click - {}
RESULT: {}
COMMAND: GET /session/d94fe9d023155d3f6895aef5421fa61d/screenshot - {}
RESULT: {}
COMMAND: POST /session/d94fe9d023155d3f6895aef5421fa61d/element - {"using":"xpath","value":"//div[contains(@data-kt ,\"splitAllocationObjectStatus\")]"}
RESULT: {"using":"xpath","value":"//div[contains(@data-kt ,\"splitAllocationObjectStatus\")]"}
COMMAND: POST /session/d94fe9d023155d3f6895aef5421fa61d/elements - {"using":"xpath","value":"//div[contains(@data-kt ,\"splitAllocationObjectStatus\")]"}
RESULT: {"using":"xpath","value":"//div[contains(@data-kt ,\"splitAllocationObjectStatus\")]"}
COMMAND: POST /session/d94fe9d023155d3f6895aef5421fa61d/execute/async - {"script":"<script> [1562 bytes]","args":[{"selector":{"controlType":"sap.ui.core.Icon","viewName":"etm.portal.ui.managerequests.view.NewRequest","properties":{"src":{"regex":{"source":"message\\-error"}}},"ancestor":{"controlType":"sap.m.ColumnListItem","viewName":"etm.portal.ui.managerequests.view.NewRequest","bindingPath":{"modelName":"newRequestItems","path":"/RequestItems/0"},"ancestor":{"id":"requestItemsTable","viewName":"etm.portal.ui.managerequests.view.NewRequest"}}},"wdio_ui5_key":"etmportal.ui.managerequests.view.NewRequestsap.ui.core.Icon{\"src\":{\"regex\":{\"source\":\"message\\\\-error\"}}}{\"controlType\":\"sap.m.ColumnListItem\",\"viewName\":\"etm.portal.ui.managerequests.view.NewRequest\",\"bindingPath\":{\"modelName\":\"newRequestItems\",\"path\":\"/RequestItems/0\"},\"ancestor\":{\"id\":\"requestItemsTable\",\"viewName\":\"etm.portal.ui.managerequests.view.NewRequest\"}}"}]}
RESULT: {"script":"<script> [1562 bytes]","args":[{"selector":{"controlType":"sap.ui.core.Icon","viewName":"etm.portal.ui.managerequests.view.NewRequest","properties":{"src":{"regex":{"source":"message\\-error"}}},"ancestor":{"controlType":"sap.m.ColumnListItem","viewName":"etm.portal.ui.managerequests.view.NewRequest","bindingPath":{"modelName":"newRequestItems","path":"/RequestItems/0"},"ancestor":{"id":"requestItemsTable","viewName":"etm.portal.ui.managerequests.view.NewRequest"}}},"wdio_ui5_key":"etmportal.ui.managerequests.view.NewRequestsap.ui.core.Icon{\"src\":{\"regex\":{\"source\":\"message\\\\-error\"}}}{\"controlType\":\"sap.m.ColumnListItem\",\"viewName\":\"etm.portal.ui.managerequests.view.NewRequest\",\"bindingPath\":{\"modelName\":\"newRequestItems\",\"path\":\"/RequestItems/0\"},\"ancestor\":{\"id\":\"requestItemsTable\",\"viewName\":\"etm.portal.ui.managerequests.view.NewRequest\"}}"}]}
RESULT: undefined
COMMAND: POST /session/d94fe9d023155d3f6895aef5421fa61d/element - {"using":"xpath","value":"//*[@id=\"__status6-__xmlview59--requestItemsTable-0-icon\"]"}
RESULT: {"using":"xpath","value":"//*[@id=\"__status6-__xmlview59--requestItemsTable-0-icon\"]"}
COMMAND: POST /session/d94fe9d023155d3f6895aef5421fa61d/element/f.95C2E293E0D5F8D5E0F83733146F119E.d.E01DA519CB73E4E31244406B5693A164.e.3060/click - {}
RESULT: {}
COMMAND: GET /session/d94fe9d023155d3f6895aef5421fa61d/screenshot - {}
RESULT: {}
COMMAND: POST /session/d94fe9d023155d3f6895aef5421fa61d/execute/async - {"script":"<script> [1562 bytes]","args":[{"selector":{"id":"costObjectAdminTypeComboBox","viewName":"etm.portal.ui.managerequests.view.NewRequest","searchOpenDialogs":true,"interaction":{"idSuffix":"inner"}},"wdio_ui5_key":"costObjectAdminTypeComboBoxetmportal.ui.managerequests.view.NewRequest"}]}
RESULT: {"script":"<script> [1562 bytes]","args":[{"selector":{"id":"costObjectAdminTypeComboBox","viewName":"etm.portal.ui.managerequests.view.NewRequest","searchOpenDialogs":true,"interaction":{"idSuffix":"inner"}},"wdio_ui5_key":"costObjectAdminTypeComboBoxetmportal.ui.managerequests.view.NewRequest"}]}
RESULT: undefined
COMMAND: POST /session/d94fe9d023155d3f6895aef5421fa61d/execute/async - {"script":"<script> [776 bytes]","args":[{"enterText":"Cost Center","selector":{"id":"costObjectAdminTypeComboBox","viewName":"etm.portal.ui.managerequests.view.NewRequest","searchOpenDialogs":true,"interaction":{"idSuffix":"inner"}},"clearTextFirst":true,"interactionType":"ENTER_TEXT"}]}
RESULT: {"script":"<script> [776 bytes]","args":[{"enterText":"Cost Center","selector":{"id":"costObjectAdminTypeComboBox","viewName":"etm.portal.ui.managerequests.view.NewRequest","searchOpenDialogs":true,"interaction":{"idSuffix":"inner"}},"clearTextFirst":true,"interactionType":"ENTER_TEXT"}]}
COMMAND: POST /session/d94fe9d023155d3f6895aef5421fa61d/actions - {"actions":[{"id":"action17","type":"key","parameters":{},"actions":[{"type":"keyDown","value":"î€‡"},{"type":"pause","duration":10},{"type":"keyUp","value":"î€‡"}]}]}
RESULT: {"actions":[{"id":"action17","type":"key","parameters":{},"actions":[{"type":"keyDown","value":"î€‡"},{"type":"pause","duration":10},{"type":"keyUp","value":"î€‡"}]}]}
COMMAND: GET /session/d94fe9d023155d3f6895aef5421fa61d/screenshot - {}
RESULT: {}
COMMAND: POST /session/d94fe9d023155d3f6895aef5421fa61d/execute/async - {"script":"<script> [1562 bytes]","args":[{"selector":{"id":"costObjectIdComboBox","viewName":"etm.portal.ui.managerequests.view.NewRequest","searchOpenDialogs":true,"interaction":{"idSuffix":"inner"}},"wdio_ui5_key":"costObjectIdComboBoxetmportal.ui.managerequests.view.NewRequest"}]}
RESULT: {"script":"<script> [1562 bytes]","args":[{"selector":{"id":"costObjectIdComboBox","viewName":"etm.portal.ui.managerequests.view.NewRequest","searchOpenDialogs":true,"interaction":{"idSuffix":"inner"}},"wdio_ui5_key":"costObjectIdComboBoxetmportal.ui.managerequests.view.NewRequest"}]}
RESULT: undefined
COMMAND: POST /session/d94fe9d023155d3f6895aef5421fa61d/execute/async - {"script":"<script> [776 bytes]","args":[{"enterText":"1001 - 1001","selector":{"id":"costObjectIdComboBox","viewName":"etm.portal.ui.managerequests.view.NewRequest","searchOpenDialogs":true,"interaction":{"idSuffix":"inner"}},"clearTextFirst":true,"interactionType":"ENTER_TEXT"}]}
RESULT: {"script":"<script> [776 bytes]","args":[{"enterText":"1001 - 1001","selector":{"id":"costObjectIdComboBox","viewName":"etm.portal.ui.managerequests.view.NewRequest","searchOpenDialogs":true,"interaction":{"idSuffix":"inner"}},"clearTextFirst":true,"interactionType":"ENTER_TEXT"}]}
COMMAND: POST /session/d94fe9d023155d3f6895aef5421fa61d/actions - {"actions":[{"id":"action18","type":"key","parameters":{},"actions":[{"type":"keyDown","value":"î€‡"},{"type":"pause","duration":10},{"type":"keyUp","value":"î€‡"}]}]}
RESULT: {"actions":[{"id":"action18","type":"key","parameters":{},"actions":[{"type":"keyDown","value":"î€‡"},{"type":"pause","duration":10},{"type":"keyUp","value":"î€‡"}]}]}
COMMAND: GET /session/d94fe9d023155d3f6895aef5421fa61d/screenshot - {}
RESULT: {}
COMMAND: POST /session/d94fe9d023155d3f6895aef5421fa61d/element - {"using":"xpath","value":"(//bdi[(text() = 'Save' or . = 'Save')])[1]"}
RESULT: {"using":"xpath","value":"(//bdi[(text() = 'Save' or . = 'Save')])[1]"}
COMMAND: POST /session/d94fe9d023155d3f6895aef5421fa61d/element/f.95C2E293E0D5F8D5E0F83733146F119E.d.E01DA519CB73E4E31244406B5693A164.e.3097/click - {}
RESULT: {}
COMMAND: POST /session/d94fe9d023155d3f6895aef5421fa61d/execute/async - {"script":"<script> [1562 bytes]","args":[{"selector":{"controlType":"sap.ui.core.Icon","viewName":"etm.portal.ui.managerequests.view.NewRequest","properties":{"src":{"regex":{"source":"message\\-error"}}},"ancestor":{"controlType":"sap.m.ColumnListItem","viewName":"etm.portal.ui.managerequests.view.NewRequest","bindingPath":{"modelName":"newRequestItems","path":"/RequestItems/1"},"ancestor":{"id":"requestItemsTable","viewName":"etm.portal.ui.managerequests.view.NewRequest"}}},"wdio_ui5_key":"etmportal.ui.managerequests.view.NewRequestsap.ui.core.Icon{\"src\":{\"regex\":{\"source\":\"message\\\\-error\"}}}{\"controlType\":\"sap.m.ColumnListItem\",\"viewName\":\"etm.portal.ui.managerequests.view.NewRequest\",\"bindingPath\":{\"modelName\":\"newRequestItems\",\"path\":\"/RequestItems/1\"},\"ancestor\":{\"id\":\"requestItemsTable\",\"viewName\":\"etm.portal.ui.managerequests.view.NewRequest\"}}"}]}
COMMAND: GET /session/d94fe9d023155d3f6895aef5421fa61d/screenshot - {}
RESULT: {"script":"<script> [1562 bytes]","args":[{"selector":{"controlType":"sap.ui.core.Icon","viewName":"etm.portal.ui.managerequests.view.NewRequest","properties":{"src":{"regex":{"source":"message\\-error"}}},"ancestor":{"controlType":"sap.m.ColumnListItem","viewName":"etm.portal.ui.managerequests.view.NewRequest","bindingPath":{"modelName":"newRequestItems","path":"/RequestItems/1"},"ancestor":{"id":"requestItemsTable","viewName":"etm.portal.ui.managerequests.view.NewRequest"}}},"wdio_ui5_key":"etmportal.ui.managerequests.view.NewRequestsap.ui.core.Icon{\"src\":{\"regex\":{\"source\":\"message\\\\-error\"}}}{\"controlType\":\"sap.m.ColumnListItem\",\"viewName\":\"etm.portal.ui.managerequests.view.NewRequest\",\"bindingPath\":{\"modelName\":\"newRequestItems\",\"path\":\"/RequestItems/1\"},\"ancestor\":{\"id\":\"requestItemsTable\",\"viewName\":\"etm.portal.ui.managerequests.view.NewRequest\"}}"}]}
RESULT: undefined
COMMAND: POST /session/d94fe9d023155d3f6895aef5421fa61d/element - {"using":"xpath","value":"//*[@id=\"__status6-__xmlview59--requestItemsTable-1-icon\"]"}
RESULT: {}
RESULT: {"using":"xpath","value":"//*[@id=\"__status6-__xmlview59--requestItemsTable-1-icon\"]"}
COMMAND: POST /session/d94fe9d023155d3f6895aef5421fa61d/element/f.95C2E293E0D5F8D5E0F83733146F119E.d.E01DA519CB73E4E31244406B5693A164.e.3077/click - {}
RESULT: {}
COMMAND: GET /session/d94fe9d023155d3f6895aef5421fa61d/screenshot - {}
RESULT: {}
RESULT: undefined
COMMAND: POST /session/d94fe9d023155d3f6895aef5421fa61d/execute/async - {"script":"<script> [776 bytes]","args":[{"enterText":"Cost Center","selector":{"id":"costObjectAdminTypeComboBox","viewName":"etm.portal.ui.managerequests.view.NewRequest","searchOpenDialogs":true,"interaction":{"idSuffix":"inner"}},"clearTextFirst":true,"interactionType":"ENTER_TEXT"}]}
RESULT: {"script":"<script> [776 bytes]","args":[{"enterText":"Cost Center","selector":{"id":"costObjectAdminTypeComboBox","viewName":"etm.portal.ui.managerequests.view.NewRequest","searchOpenDialogs":true,"interaction":{"idSuffix":"inner"}},"clearTextFirst":true,"interactionType":"ENTER_TEXT"}]}
COMMAND: POST /session/d94fe9d023155d3f6895aef5421fa61d/actions - {"actions":[{"id":"action19","type":"key","parameters":{},"actions":[{"type":"keyDown","value":"î€‡"},{"type":"pause","duration":10},{"type":"keyUp","value":"î€‡"}]}]}
RESULT: {"actions":[{"id":"action19","type":"key","parameters":{},"actions":[{"type":"keyDown","value":"î€‡"},{"type":"pause","duration":10},{"type":"keyUp","value":"î€‡"}]}]}
COMMAND: GET /session/d94fe9d023155d3f6895aef5421fa61d/screenshot - {}
RESULT: {}
RESULT: undefined
COMMAND: POST /session/d94fe9d023155d3f6895aef5421fa61d/execute/async - {"script":"<script> [776 bytes]","args":[{"enterText":"1001 - 1001","selector":{"id":"costObjectIdComboBox","viewName":"etm.portal.ui.managerequests.view.NewRequest","searchOpenDialogs":true,"interaction":{"idSuffix":"inner"}},"clearTextFirst":true,"interactionType":"ENTER_TEXT"}]}
RESULT: {"script":"<script> [776 bytes]","args":[{"enterText":"1001 - 1001","selector":{"id":"costObjectIdComboBox","viewName":"etm.portal.ui.managerequests.view.NewRequest","searchOpenDialogs":true,"interaction":{"idSuffix":"inner"}},"clearTextFirst":true,"interactionType":"ENTER_TEXT"}]}
COMMAND: POST /session/d94fe9d023155d3f6895aef5421fa61d/actions - {"actions":[{"id":"action20","type":"key","parameters":{},"actions":[{"type":"keyDown","value":"î€‡"},{"type":"pause","duration":10},{"type":"keyUp","value":"î€‡"}]}]}
RESULT: {"actions":[{"id":"action20","type":"key","parameters":{},"actions":[{"type":"keyDown","value":"î€‡"},{"type":"pause","duration":10},{"type":"keyUp","value":"î€‡"}]}]}
COMMAND: GET /session/d94fe9d023155d3f6895aef5421fa61d/screenshot - {}
RESULT: {}
COMMAND: POST /session/d94fe9d023155d3f6895aef5421fa61d/element - {"using":"xpath","value":"(//bdi[(text() = 'Save' or . = 'Save')])[1]"}
RESULT: {"using":"xpath","value":"(//bdi[(text() = 'Save' or . = 'Save')])[1]"}
COMMAND: POST /session/d94fe9d023155d3f6895aef5421fa61d/element/f.95C2E293E0D5F8D5E0F83733146F119E.d.E01DA519CB73E4E31244406B5693A164.e.3109/click - {}
RESULT: {}
COMMAND: POST /session/d94fe9d023155d3f6895aef5421fa61d/execute/async - {"script":"<script> [1562 bytes]","args":[{"selector":{"controlType":"sap.ui.core.Icon","viewName":"etm.portal.ui.managerequests.view.NewRequest","properties":{"src":{"regex":{"source":"decline"}}},"ancestor":{"controlType":"sap.m.Token","viewName":"etm.portal.ui.managerequests.view.NewRequest","bindingPath":{"path":"/RequestItems/0/TOKENS/0","propertyPath":"TAG","modelName":"newRequestItems"}}},"wdio_ui5_key":"etmportal.ui.managerequests.view.NewRequestsap.ui.core.Icon{\"src\":{\"regex\":{\"source\":\"decline\"}}}{\"controlType\":\"sap.m.Token\",\"viewName\":\"etm.portal.ui.managerequests.view.NewRequest\",\"bindingPath\":{\"path\":\"/RequestItems/0/TOKENS/0\",\"propertyPath\":\"TAG\",\"modelName\":\"newRequestItems\"}}"}]}
COMMAND: GET /session/d94fe9d023155d3f6895aef5421fa61d/screenshot - {}
RESULT: {"script":"<script> [1562 bytes]","args":[{"selector":{"controlType":"sap.ui.core.Icon","viewName":"etm.portal.ui.managerequests.view.NewRequest","properties":{"src":{"regex":{"source":"decline"}}},"ancestor":{"controlType":"sap.m.Token","viewName":"etm.portal.ui.managerequests.view.NewRequest","bindingPath":{"path":"/RequestItems/0/TOKENS/0","propertyPath":"TAG","modelName":"newRequestItems"}}},"wdio_ui5_key":"etmportal.ui.managerequests.view.NewRequestsap.ui.core.Icon{\"src\":{\"regex\":{\"source\":\"decline\"}}}{\"controlType\":\"sap.m.Token\",\"viewName\":\"etm.portal.ui.managerequests.view.NewRequest\",\"bindingPath\":{\"path\":\"/RequestItems/0/TOKENS/0\",\"propertyPath\":\"TAG\",\"modelName\":\"newRequestItems\"}}"}]}
RESULT: undefined
COMMAND: POST /session/d94fe9d023155d3f6895aef5421fa61d/element - {"using":"xpath","value":"//*[@id=\"__token7-__tokenizer62-__xmlview59--requestItemsTable-0-0-icon\"]"}
RESULT: {}
RESULT: {"using":"xpath","value":"//*[@id=\"__token7-__tokenizer62-__xmlview59--requestItemsTable-0-0-icon\"]"}
COMMAND: POST /session/d94fe9d023155d3f6895aef5421fa61d/element/f.95C2E293E0D5F8D5E0F83733146F119E.d.E01DA519CB73E4E31244406B5693A164.e.3111/click - {}
RESULT: {}
COMMAND: GET /session/d94fe9d023155d3f6895aef5421fa61d/screenshot - {}
RESULT: {}
COMMAND: POST /session/d94fe9d023155d3f6895aef5421fa61d/actions - {"actions":[{"id":"action21","type":"key","parameters":{},"actions":[{"type":"keyDown","value":"î€Œ"},{"type":"pause","duration":10},{"type":"keyUp","value":"î€Œ"}]}]}
RESULT: {"actions":[{"id":"action21","type":"key","parameters":{},"actions":[{"type":"keyDown","value":"î€Œ"},{"type":"pause","duration":10},{"type":"keyUp","value":"î€Œ"}]}]}
COMMAND: GET /session/d94fe9d023155d3f6895aef5421fa61d/screenshot - {}
RESULT: {}
COMMAND: POST /session/d94fe9d023155d3f6895aef5421fa61d/execute/async - {"script":"<script> [1562 bytes]","args":[{"selector":{"controlType":"sap.m.Tokenizer","viewName":"etm.portal.ui.managerequests.view.NewRequest","bindingPath":{"path":"/RequestItems/0","propertyPath":"TOKENS","modelName":"newRequestItems"}},"wdio_ui5_key":"etmportal.ui.managerequests.view.NewRequestsap.m.Tokenizer{\"path\":\"/RequestItems/0\",\"propertyPath\":\"TOKENS\",\"modelName\":\"newRequestItems\"}"}]}
RESULT: {"script":"<script> [1562 bytes]","args":[{"selector":{"controlType":"sap.m.Tokenizer","viewName":"etm.portal.ui.managerequests.view.NewRequest","bindingPath":{"path":"/RequestItems/0","propertyPath":"TOKENS","modelName":"newRequestItems"}},"wdio_ui5_key":"etmportal.ui.managerequests.view.NewRequestsap.m.Tokenizer{\"path\":\"/RequestItems/0\",\"propertyPath\":\"TOKENS\",\"modelName\":\"newRequestItems\"}"}]}
RESULT: undefined
COMMAND: POST /session/d94fe9d023155d3f6895aef5421fa61d/execute/async - {"script":"<script> [6424 bytes]","args":[{"element-6066-11e4-a52e-4f735466cecf":"f.95C2E293E0D5F8D5E0F83733146F119E.d.E01DA519CB73E4E31244406B5693A164.e.3119"},"getTokens",[]]}
RESULT: {"script":"<script> [6424 bytes]","args":[{"element-6066-11e4-a52e-4f735466cecf":"f.95C2E293E0D5F8D5E0F83733146F119E.d.E01DA519CB73E4E31244406B5693A164.e.3119"},"getTokens",[]]}
COMMAND: POST /session/d94fe9d023155d3f6895aef5421fa61d/execute/async - {"script":"<script> [1562 bytes]","args":[{"wdio_ui5_key":"__token7-__tokenizer62-__xmlview59--requestItemsTable-0-0","selector":{"id":"__token7-__tokenizer62-__xmlview59--requestItemsTable-0-0"}}]}
RESULT: {"script":"<script> [1562 bytes]","args":[{"wdio_ui5_key":"__token7-__tokenizer62-__xmlview59--requestItemsTable-0-0","selector":{"id":"__token7-__tokenizer62-__xmlview59--requestItemsTable-0-0"}}]}
RESULT: undefined
RESULT: undefined
COMMAND: POST /session/d94fe9d023155d3f6895aef5421fa61d/execute/async - {"script":"<script> [776 bytes]","args":[{"enterText":"tagRequest1","selector":{"controlType":"sap.m.Input","viewName":"etm.portal.ui.managerequests.view.NewRequest","bindingPath":{"path":"","propertyPath":"/Tags","modelName":"catalogModel"},"ancestor":{"controlType":"sap.m.ColumnListItem","viewName":"etm.portal.ui.managerequests.view.NewRequest","bindingPath":{"modelName":"newRequestItems","path":"/RequestItems/0"},"ancestor":{"id":"requestItemsTable","viewName":"etm.portal.ui.managerequests.view.NewRequest"}},"interaction":{"idSuffix":"inner"}},"clearTextFirst":true,"interactionType":"ENTER_TEXT"}]}
RESULT: {"script":"<script> [776 bytes]","args":[{"enterText":"tagRequest1","selector":{"controlType":"sap.m.Input","viewName":"etm.portal.ui.managerequests.view.NewRequest","bindingPath":{"path":"","propertyPath":"/Tags","modelName":"catalogModel"},"ancestor":{"controlType":"sap.m.ColumnListItem","viewName":"etm.portal.ui.managerequests.view.NewRequest","bindingPath":{"modelName":"newRequestItems","path":"/RequestItems/0"},"ancestor":{"id":"requestItemsTable","viewName":"etm.portal.ui.managerequests.view.NewRequest"}},"interaction":{"idSuffix":"inner"}},"clearTextFirst":true,"interactionType":"ENTER_TEXT"}]}
COMMAND: POST /session/d94fe9d023155d3f6895aef5421fa61d/actions - {"actions":[{"id":"action22","type":"key","parameters":{},"actions":[{"type":"keyDown","value":"î€‡"},{"type":"pause","duration":10},{"type":"keyUp","value":"î€‡"}]}]}
RESULT: {"actions":[{"id":"action22","type":"key","parameters":{},"actions":[{"type":"keyDown","value":"î€‡"},{"type":"pause","duration":10},{"type":"keyUp","value":"î€‡"}]}]}
COMMAND: GET /session/d94fe9d023155d3f6895aef5421fa61d/screenshot - {}
RESULT: {}
RESULT: undefined
COMMAND: POST /session/d94fe9d023155d3f6895aef5421fa61d/execute/async - {"script":"<script> [6424 bytes]","args":[{"element-6066-11e4-a52e-4f735466cecf":"f.95C2E293E0D5F8D5E0F83733146F119E.d.E01DA519CB73E4E31244406B5693A164.e.3119"},"getTokens",[]]}
RESULT: {"script":"<script> [6424 bytes]","args":[{"element-6066-11e4-a52e-4f735466cecf":"f.95C2E293E0D5F8D5E0F83733146F119E.d.E01DA519CB73E4E31244406B5693A164.e.3119"},"getTokens",[]]}
COMMAND: POST /session/d94fe9d023155d3f6895aef5421fa61d/execute/async - {"script":"<script> [1562 bytes]","args":[{"wdio_ui5_key":"__token7-__tokenizer62-__xmlview59--requestItemsTable-0-1","selector":{"id":"__token7-__tokenizer62-__xmlview59--requestItemsTable-0-1"}}]}
RESULT: undefined
RESULT: {"script":"<script> [1562 bytes]","args":[{"wdio_ui5_key":"__token7-__tokenizer62-__xmlview59--requestItemsTable-0-1","selector":{"id":"__token7-__tokenizer62-__xmlview59--requestItemsTable-0-1"}}]}
RESULT: undefined
COMMAND: POST /session/d94fe9d023155d3f6895aef5421fa61d/execute/async - {"script":"<script> [1562 bytes]","args":[{"selector":{"controlType":"sap.ui.core.Icon","viewName":"etm.portal.ui.managerequests.view.NewRequest","properties":{"src":{"regex":{"source":"decline"}}},"ancestor":{"controlType":"sap.m.Token","viewName":"etm.portal.ui.managerequests.view.NewRequest","bindingPath":{"path":"/RequestItems/1/TOKENS/0","propertyPath":"TAG","modelName":"newRequestItems"}}},"wdio_ui5_key":"etmportal.ui.managerequests.view.NewRequestsap.ui.core.Icon{\"src\":{\"regex\":{\"source\":\"decline\"}}}{\"controlType\":\"sap.m.Token\",\"viewName\":\"etm.portal.ui.managerequests.view.NewRequest\",\"bindingPath\":{\"path\":\"/RequestItems/1/TOKENS/0\",\"propertyPath\":\"TAG\",\"modelName\":\"newRequestItems\"}}"}]}
RESULT: {"script":"<script> [1562 bytes]","args":[{"selector":{"controlType":"sap.ui.core.Icon","viewName":"etm.portal.ui.managerequests.view.NewRequest","properties":{"src":{"regex":{"source":"decline"}}},"ancestor":{"controlType":"sap.m.Token","viewName":"etm.portal.ui.managerequests.view.NewRequest","bindingPath":{"path":"/RequestItems/1/TOKENS/0","propertyPath":"TAG","modelName":"newRequestItems"}}},"wdio_ui5_key":"etmportal.ui.managerequests.view.NewRequestsap.ui.core.Icon{\"src\":{\"regex\":{\"source\":\"decline\"}}}{\"controlType\":\"sap.m.Token\",\"viewName\":\"etm.portal.ui.managerequests.view.NewRequest\",\"bindingPath\":{\"path\":\"/RequestItems/1/TOKENS/0\",\"propertyPath\":\"TAG\",\"modelName\":\"newRequestItems\"}}"}]}
RESULT: undefined
COMMAND: POST /session/d94fe9d023155d3f6895aef5421fa61d/element - {"using":"xpath","value":"//*[@id=\"__token7-__tokenizer62-__xmlview59--requestItemsTable-1-0-icon\"]"}
RESULT: {"using":"xpath","value":"//*[@id=\"__token7-__tokenizer62-__xmlview59--requestItemsTable-1-0-icon\"]"}
COMMAND: POST /session/d94fe9d023155d3f6895aef5421fa61d/element/f.95C2E293E0D5F8D5E0F83733146F119E.d.E01DA519CB73E4E31244406B5693A164.e.3121/click - {}
RESULT: {}
COMMAND: GET /session/d94fe9d023155d3f6895aef5421fa61d/screenshot - {}
RESULT: {}
COMMAND: POST /session/d94fe9d023155d3f6895aef5421fa61d/actions - {"actions":[{"id":"action23","type":"key","parameters":{},"actions":[{"type":"keyDown","value":"î€Œ"},{"type":"pause","duration":10},{"type":"keyUp","value":"î€Œ"}]}]}
RESULT: {"actions":[{"id":"action23","type":"key","parameters":{},"actions":[{"type":"keyDown","value":"î€Œ"},{"type":"pause","duration":10},{"type":"keyUp","value":"î€Œ"}]}]}
COMMAND: GET /session/d94fe9d023155d3f6895aef5421fa61d/screenshot - {}
RESULT: {}
COMMAND: POST /session/d94fe9d023155d3f6895aef5421fa61d/execute/async - {"script":"<script> [1562 bytes]","args":[{"selector":{"controlType":"sap.m.Tokenizer","viewName":"etm.portal.ui.managerequests.view.NewRequest","bindingPath":{"path":"/RequestItems/1","propertyPath":"TOKENS","modelName":"newRequestItems"}},"wdio_ui5_key":"etmportal.ui.managerequests.view.NewRequestsap.m.Tokenizer{\"path\":\"/RequestItems/1\",\"propertyPath\":\"TOKENS\",\"modelName\":\"newRequestItems\"}"}]}
RESULT: {"script":"<script> [1562 bytes]","args":[{"selector":{"controlType":"sap.m.Tokenizer","viewName":"etm.portal.ui.managerequests.view.NewRequest","bindingPath":{"path":"/RequestItems/1","propertyPath":"TOKENS","modelName":"newRequestItems"}},"wdio_ui5_key":"etmportal.ui.managerequests.view.NewRequestsap.m.Tokenizer{\"path\":\"/RequestItems/1\",\"propertyPath\":\"TOKENS\",\"modelName\":\"newRequestItems\"}"}]}
RESULT: undefined
COMMAND: POST /session/d94fe9d023155d3f6895aef5421fa61d/execute/async - {"script":"<script> [6424 bytes]","args":[{"element-6066-11e4-a52e-4f735466cecf":"f.95C2E293E0D5F8D5E0F83733146F119E.d.E01DA519CB73E4E31244406B5693A164.e.3129"},"getTokens",[]]}
RESULT: {"script":"<script> [6424 bytes]","args":[{"element-6066-11e4-a52e-4f735466cecf":"f.95C2E293E0D5F8D5E0F83733146F119E.d.E01DA519CB73E4E31244406B5693A164.e.3129"},"getTokens",[]]}
COMMAND: POST /session/d94fe9d023155d3f6895aef5421fa61d/execute/async - {"script":"<script> [1562 bytes]","args":[{"wdio_ui5_key":"__token7-__tokenizer62-__xmlview59--requestItemsTable-1-0","selector":{"id":"__token7-__tokenizer62-__xmlview59--requestItemsTable-1-0"}}]}
RESULT: {"script":"<script> [1562 bytes]","args":[{"wdio_ui5_key":"__token7-__tokenizer62-__xmlview59--requestItemsTable-1-0","selector":{"id":"__token7-__tokenizer62-__xmlview59--requestItemsTable-1-0"}}]}
RESULT: undefined
RESULT: undefined
COMMAND: POST /session/d94fe9d023155d3f6895aef5421fa61d/execute/async - {"script":"<script> [776 bytes]","args":[{"enterText":"tagRequest1","selector":{"controlType":"sap.m.Input","viewName":"etm.portal.ui.managerequests.view.NewRequest","bindingPath":{"path":"","propertyPath":"/Tags","modelName":"catalogModel"},"ancestor":{"controlType":"sap.m.ColumnListItem","viewName":"etm.portal.ui.managerequests.view.NewRequest","bindingPath":{"modelName":"newRequestItems","path":"/RequestItems/1"},"ancestor":{"id":"requestItemsTable","viewName":"etm.portal.ui.managerequests.view.NewRequest"}},"interaction":{"idSuffix":"inner"}},"clearTextFirst":true,"interactionType":"ENTER_TEXT"}]}
RESULT: {"script":"<script> [776 bytes]","args":[{"enterText":"tagRequest1","selector":{"controlType":"sap.m.Input","viewName":"etm.portal.ui.managerequests.view.NewRequest","bindingPath":{"path":"","propertyPath":"/Tags","modelName":"catalogModel"},"ancestor":{"controlType":"sap.m.ColumnListItem","viewName":"etm.portal.ui.managerequests.view.NewRequest","bindingPath":{"modelName":"newRequestItems","path":"/RequestItems/1"},"ancestor":{"id":"requestItemsTable","viewName":"etm.portal.ui.managerequests.view.NewRequest"}},"interaction":{"idSuffix":"inner"}},"clearTextFirst":true,"interactionType":"ENTER_TEXT"}]}
COMMAND: POST /session/d94fe9d023155d3f6895aef5421fa61d/actions - {"actions":[{"id":"action24","type":"key","parameters":{},"actions":[{"type":"keyDown","value":"î€‡"},{"type":"pause","duration":10},{"type":"keyUp","value":"î€‡"}]}]}
RESULT: {"actions":[{"id":"action24","type":"key","parameters":{},"actions":[{"type":"keyDown","value":"î€‡"},{"type":"pause","duration":10},{"type":"keyUp","value":"î€‡"}]}]}
COMMAND: GET /session/d94fe9d023155d3f6895aef5421fa61d/screenshot - {}
RESULT: {}
RESULT: undefined
COMMAND: POST /session/d94fe9d023155d3f6895aef5421fa61d/execute/async - {"script":"<script> [6424 bytes]","args":[{"element-6066-11e4-a52e-4f735466cecf":"f.95C2E293E0D5F8D5E0F83733146F119E.d.E01DA519CB73E4E31244406B5693A164.e.3129"},"getTokens",[]]}
RESULT: {"script":"<script> [6424 bytes]","args":[{"element-6066-11e4-a52e-4f735466cecf":"f.95C2E293E0D5F8D5E0F83733146F119E.d.E01DA519CB73E4E31244406B5693A164.e.3129"},"getTokens",[]]}
COMMAND: POST /session/d94fe9d023155d3f6895aef5421fa61d/execute/async - {"script":"<script> [1562 bytes]","args":[{"wdio_ui5_key":"__token7-__tokenizer62-__xmlview59--requestItemsTable-1-1","selector":{"id":"__token7-__tokenizer62-__xmlview59--requestItemsTable-1-1"}}]}
RESULT: undefined
RESULT: {"script":"<script> [1562 bytes]","args":[{"wdio_ui5_key":"__token7-__tokenizer62-__xmlview59--requestItemsTable-1-1","selector":{"id":"__token7-__tokenizer62-__xmlview59--requestItemsTable-1-1"}}]}
RESULT: undefined
COMMAND: POST /session/d94fe9d023155d3f6895aef5421fa61d/execute/async - {"script":"<script> [1562 bytes]","args":[{"selector":{"controlType":"sap.m.Button","viewName":"etm.portal.ui.managerequests.view.NewRequest","properties":{"text":"Save"},"i18NText":{"propertyName":"tooltip","key":"save"},"interaction":{"idSuffix":"BDI-content"}},"wdio_ui5_key":"etmportal.ui.managerequests.view.NewRequestsap.m.Button{\"propertyName\":\"tooltip\",\"key\":\"save\"}{\"text\":\"Save\"}"}]}
RESULT: {"script":"<script> [1562 bytes]","args":[{"selector":{"controlType":"sap.m.Button","viewName":"etm.portal.ui.managerequests.view.NewRequest","properties":{"text":"Save"},"i18NText":{"propertyName":"tooltip","key":"save"},"interaction":{"idSuffix":"BDI-content"}},"wdio_ui5_key":"etmportal.ui.managerequests.view.NewRequestsap.m.Button{\"propertyName\":\"tooltip\",\"key\":\"save\"}{\"text\":\"Save\"}"}]}
RESULT: undefined
COMMAND: POST /session/d94fe9d023155d3f6895aef5421fa61d/element - {"using":"xpath","value":"//*[@id=\"__button117\"]"}
RESULT: {"using":"xpath","value":"//*[@id=\"__button117\"]"}
COMMAND: POST /session/d94fe9d023155d3f6895aef5421fa61d/element/f.95C2E293E0D5F8D5E0F83733146F119E.d.E01DA519CB73E4E31244406B5693A164.e.2923/click - {}
RESULT: {}
COMMAND: GET /session/d94fe9d023155d3f6895aef5421fa61d/screenshot - {}
RESULT: {}
COMMAND: POST /session/d94fe9d023155d3f6895aef5421fa61d/element - {"using":"xpath","value":"//bdi[contains(@id ,\"BDI-content\")][contains(text(), \"Close\")]"}
RESULT: {"using":"xpath","value":"//bdi[contains(@id ,\"BDI-content\")][contains(text(), \"Close\")]"}
COMMAND: POST /session/d94fe9d023155d3f6895aef5421fa61d/element/f.95C2E293E0D5F8D5E0F83733146F119E.d.E01DA519CB73E4E31244406B5693A164.e.3138/click - {}
RESULT: {}
COMMAND: GET /session/d94fe9d023155d3f6895aef5421fa61d/screenshot - {}
RESULT: {}
]]></system-out>
    </testcase>
    <testcase classname="chrome.135_0_7049_96.windows.Manage_Requests_Tags_Tests_US120163" name="Should Edit Request Tags" time="95.333">
      <system-out><![CDATA[
COMMAND: POST /session/d94fe9d023155d3f6895aef5421fa61d/execute/async - {"script":"<script> [1562 bytes]","args":[{"selector":{"controlType":"sap.ui.core.Icon","viewName":"etm.portal.ui.managerequests.view.Detail","properties":{"src":{"regex":{"source":"overflow"}}}},"wdio_ui5_key":"etmportal.ui.managerequests.view.Detailsap.ui.core.Icon{\"src\":{\"regex\":{\"source\":\"overflow\"}}}"}]}
RESULT: {"script":"<script> [1562 bytes]","args":[{"selector":{"controlType":"sap.ui.core.Icon","viewName":"etm.portal.ui.managerequests.view.Detail","properties":{"src":{"regex":{"source":"overflow"}}}},"wdio_ui5_key":"etmportal.ui.managerequests.view.Detailsap.ui.core.Icon{\"src\":{\"regex\":{\"source\":\"overflow\"}}}"}]}
RESULT: undefined
COMMAND: POST /session/d94fe9d023155d3f6895aef5421fa61d/element - {"using":"xpath","value":"//*[@id=\"__xmlview60--detailHeaderTitle-_actionsToolbar-overflowButton-img\"]"}
RESULT: {"using":"xpath","value":"//*[@id=\"__xmlview60--detailHeaderTitle-_actionsToolbar-overflowButton-img\"]"}
COMMAND: POST /session/d94fe9d023155d3f6895aef5421fa61d/element/f.95C2E293E0D5F8D5E0F83733146F119E.d.E01DA519CB73E4E31244406B5693A164.e.3260/click - {}
RESULT: {}
COMMAND: GET /session/d94fe9d023155d3f6895aef5421fa61d/screenshot - {}
RESULT: {}
COMMAND: POST /session/d94fe9d023155d3f6895aef5421fa61d/execute/async - {"script":"<script> [1562 bytes]","args":[{"selector":{"controlType":"sap.uxap.ObjectPageHeaderActionButton","viewName":"etm.portal.ui.managerequests.view.Detail","i18NText":{"propertyName":"text","key":"edit"},"searchOpenDialogs":true,"interaction":{"idSuffix":"inner"}},"wdio_ui5_key":"etmportal.ui.managerequests.view.Detailsap.uxap.ObjectPageHeaderActionButton{\"propertyName\":\"text\",\"key\":\"edit\"}"}]}
RESULT: {"script":"<script> [1562 bytes]","args":[{"selector":{"controlType":"sap.uxap.ObjectPageHeaderActionButton","viewName":"etm.portal.ui.managerequests.view.Detail","i18NText":{"propertyName":"text","key":"edit"},"searchOpenDialogs":true,"interaction":{"idSuffix":"inner"}},"wdio_ui5_key":"etmportal.ui.managerequests.view.Detailsap.uxap.ObjectPageHeaderActionButton{\"propertyName\":\"text\",\"key\":\"edit\"}"}]}
RESULT: undefined
COMMAND: POST /session/d94fe9d023155d3f6895aef5421fa61d/element - {"using":"xpath","value":"//*[@id=\"__button138\"]"}
RESULT: {"using":"xpath","value":"//*[@id=\"__button138\"]"}
COMMAND: POST /session/d94fe9d023155d3f6895aef5421fa61d/element/f.95C2E293E0D5F8D5E0F83733146F119E.d.E01DA519CB73E4E31244406B5693A164.e.3264/click - {}
RESULT: {}
COMMAND: GET /session/d94fe9d023155d3f6895aef5421fa61d/screenshot - {}
RESULT: {}
COMMAND: POST /session/d94fe9d023155d3f6895aef5421fa61d/execute/async - {"script":"<script> [1562 bytes]","args":[{"selector":{"controlType":"sap.ui.core.Icon","viewName":"etm.portal.ui.managerequests.view.Edit","properties":{"src":{"regex":{"source":"decline"}}},"ancestor":{"controlType":"sap.m.Token","viewName":"etm.portal.ui.managerequests.view.Edit","bindingPath":{"propertyPath":"TAG","modelName":"catalogModel"},"properties":{"text":"RefTag"}}},"wdio_ui5_key":"etmportal.ui.managerequests.view.Editsap.ui.core.Icon{\"src\":{\"regex\":{\"source\":\"decline\"}}}{\"controlType\":\"sap.m.Token\",\"viewName\":\"etm.portal.ui.managerequests.view.Edit\",\"bindingPath\":{\"propertyPath\":\"TAG\",\"modelName\":\"catalogModel\"},\"properties\":{\"text\":\"RefTag\"}}"}]}
RESULT: {"script":"<script> [1562 bytes]","args":[{"selector":{"controlType":"sap.ui.core.Icon","viewName":"etm.portal.ui.managerequests.view.Edit","properties":{"src":{"regex":{"source":"decline"}}},"ancestor":{"controlType":"sap.m.Token","viewName":"etm.portal.ui.managerequests.view.Edit","bindingPath":{"propertyPath":"TAG","modelName":"catalogModel"},"properties":{"text":"RefTag"}}},"wdio_ui5_key":"etmportal.ui.managerequests.view.Editsap.ui.core.Icon{\"src\":{\"regex\":{\"source\":\"decline\"}}}{\"controlType\":\"sap.m.Token\",\"viewName\":\"etm.portal.ui.managerequests.view.Edit\",\"bindingPath\":{\"propertyPath\":\"TAG\",\"modelName\":\"catalogModel\"},\"properties\":{\"text\":\"RefTag\"}}"}]}
RESULT: undefined
COMMAND: POST /session/d94fe9d023155d3f6895aef5421fa61d/element - {"using":"xpath","value":"//*[@id=\"__token13-__tokenizer64-0-icon\"]"}
RESULT: {"using":"xpath","value":"//*[@id=\"__token13-__tokenizer64-0-icon\"]"}
COMMAND: POST /session/d94fe9d023155d3f6895aef5421fa61d/element/f.95C2E293E0D5F8D5E0F83733146F119E.d.E01DA519CB73E4E31244406B5693A164.e.3383/click - {}
RESULT: {}
COMMAND: POST /session/d94fe9d023155d3f6895aef5421fa61d/execute/async - {"script":"<script> [1562 bytes]","args":[{"selector":{"id":"tagMultiInputRequests","viewName":"etm.portal.ui.managerequests.view.Edit","interaction":{"idSuffix":"inner"}},"wdio_ui5_key":"tagMultiInputRequestsetmportal.ui.managerequests.view.Edit"}]}
COMMAND: GET /session/d94fe9d023155d3f6895aef5421fa61d/screenshot - {}
RESULT: {"script":"<script> [1562 bytes]","args":[{"selector":{"id":"tagMultiInputRequests","viewName":"etm.portal.ui.managerequests.view.Edit","interaction":{"idSuffix":"inner"}},"wdio_ui5_key":"tagMultiInputRequestsetmportal.ui.managerequests.view.Edit"}]}
RESULT: undefined
COMMAND: POST /session/d94fe9d023155d3f6895aef5421fa61d/execute/async - {"script":"<script> [6424 bytes]","args":[{"element-6066-11e4-a52e-4f735466cecf":"f.95C2E293E0D5F8D5E0F83733146F119E.d.E01DA519CB73E4E31244406B5693A164.e.3298"},"getTokens",[]]}
RESULT: {}
RESULT: {"script":"<script> [6424 bytes]","args":[{"element-6066-11e4-a52e-4f735466cecf":"f.95C2E293E0D5F8D5E0F83733146F119E.d.E01DA519CB73E4E31244406B5693A164.e.3298"},"getTokens",[]]}
COMMAND: POST /session/d94fe9d023155d3f6895aef5421fa61d/execute/async - {"script":"<script> [1562 bytes]","args":[{"wdio_ui5_key":"__token13-__tokenizer64-1","selector":{"id":"__token13-__tokenizer64-1"}}]}
RESULT: {"script":"<script> [1562 bytes]","args":[{"wdio_ui5_key":"__token13-__tokenizer64-1","selector":{"id":"__token13-__tokenizer64-1"}}]}
RESULT: undefined
RESULT: undefined
COMMAND: POST /session/d94fe9d023155d3f6895aef5421fa61d/execute/async - {"script":"<script> [776 bytes]","args":[{"enterText":"RefTag","selector":{"id":"tagMultiInputRequests","viewName":"etm.portal.ui.managerequests.view.Edit","interaction":{"idSuffix":"inner"}},"clearTextFirst":true,"interactionType":"ENTER_TEXT"}]}
RESULT: {"script":"<script> [776 bytes]","args":[{"enterText":"RefTag","selector":{"id":"tagMultiInputRequests","viewName":"etm.portal.ui.managerequests.view.Edit","interaction":{"idSuffix":"inner"}},"clearTextFirst":true,"interactionType":"ENTER_TEXT"}]}
COMMAND: POST /session/d94fe9d023155d3f6895aef5421fa61d/actions - {"actions":[{"id":"action25","type":"key","parameters":{},"actions":[{"type":"keyDown","value":"î€‡"},{"type":"pause","duration":10},{"type":"keyUp","value":"î€‡"}]}]}
RESULT: {"actions":[{"id":"action25","type":"key","parameters":{},"actions":[{"type":"keyDown","value":"î€‡"},{"type":"pause","duration":10},{"type":"keyUp","value":"î€‡"}]}]}
COMMAND: GET /session/d94fe9d023155d3f6895aef5421fa61d/screenshot - {}
RESULT: {}
RESULT: undefined
COMMAND: POST /session/d94fe9d023155d3f6895aef5421fa61d/execute/async - {"script":"<script> [6424 bytes]","args":[{"element-6066-11e4-a52e-4f735466cecf":"f.95C2E293E0D5F8D5E0F83733146F119E.d.E01DA519CB73E4E31244406B5693A164.e.3298"},"getTokens",[]]}
RESULT: {"script":"<script> [6424 bytes]","args":[{"element-6066-11e4-a52e-4f735466cecf":"f.95C2E293E0D5F8D5E0F83733146F119E.d.E01DA519CB73E4E31244406B5693A164.e.3298"},"getTokens",[]]}
COMMAND: POST /session/d94fe9d023155d3f6895aef5421fa61d/execute/async - {"script":"<script> [1562 bytes]","args":[{"wdio_ui5_key":"__token16","selector":{"id":"__token16"}}]}
RESULT: undefined
RESULT: {"script":"<script> [1562 bytes]","args":[{"wdio_ui5_key":"__token16","selector":{"id":"__token16"}}]}
RESULT: undefined
COMMAND: POST /session/d94fe9d023155d3f6895aef5421fa61d/execute/async - {"script":"<script> [1562 bytes]","args":[{"selector":{"controlType":"sap.m.Button","viewName":"etm.portal.ui.managerequests.view.Edit","properties":{"text":"Items (2)"},"interaction":{"idSuffix":"BDI-content"}},"wdio_ui5_key":"etmportal.ui.managerequests.view.Editsap.m.Button{\"text\":\"Items (2)\"}"}]}
RESULT: {"script":"<script> [1562 bytes]","args":[{"selector":{"controlType":"sap.m.Button","viewName":"etm.portal.ui.managerequests.view.Edit","properties":{"text":"Items (2)"},"interaction":{"idSuffix":"BDI-content"}},"wdio_ui5_key":"etmportal.ui.managerequests.view.Editsap.m.Button{\"text\":\"Items (2)\"}"}]}
RESULT: undefined
COMMAND: POST /session/d94fe9d023155d3f6895aef5421fa61d/element - {"using":"xpath","value":"//*[@id=\"__xmlview61--editRequestPage-anchBar-__xmlview61--requestItemsSection-anchor\"]"}
RESULT: {"using":"xpath","value":"//*[@id=\"__xmlview61--editRequestPage-anchBar-__xmlview61--requestItemsSection-anchor\"]"}
COMMAND: POST /session/d94fe9d023155d3f6895aef5421fa61d/element/f.95C2E293E0D5F8D5E0F83733146F119E.d.E01DA519CB73E4E31244406B5693A164.e.3388/click - {}
RESULT: {}
COMMAND: GET /session/d94fe9d023155d3f6895aef5421fa61d/screenshot - {}
RESULT: {}
COMMAND: POST /session/d94fe9d023155d3f6895aef5421fa61d/execute/async - {"script":"<script> [1562 bytes]","args":[{"selector":{"controlType":"sap.ui.core.Icon","viewName":"etm.portal.ui.managerequests.view.Edit","properties":{"src":{"regex":{"source":"inspect"}}}},"wdio_ui5_key":"etmportal.ui.managerequests.view.Editsap.ui.core.Icon{\"src\":{\"regex\":{\"source\":\"inspect\"}}}"}]}
RESULT: {"script":"<script> [1562 bytes]","args":[{"selector":{"controlType":"sap.ui.core.Icon","viewName":"etm.portal.ui.managerequests.view.Edit","properties":{"src":{"regex":{"source":"inspect"}}}},"wdio_ui5_key":"etmportal.ui.managerequests.view.Editsap.ui.core.Icon{\"src\":{\"regex\":{\"source\":\"inspect\"}}}"}]}
RESULT: undefined
COMMAND: POST /session/d94fe9d023155d3f6895aef5421fa61d/element - {"using":"xpath","value":"//*[@id=\"__button165-img\"]"}
RESULT: {"using":"xpath","value":"//*[@id=\"__button165-img\"]"}
COMMAND: POST /session/d94fe9d023155d3f6895aef5421fa61d/element/f.95C2E293E0D5F8D5E0F83733146F119E.d.E01DA519CB73E4E31244406B5693A164.e.3394/click - {}
RESULT: {}
COMMAND: GET /session/d94fe9d023155d3f6895aef5421fa61d/screenshot - {}
RESULT: {}
COMMAND: POST /session/d94fe9d023155d3f6895aef5421fa61d/execute/async - {"script":"<script> [1562 bytes]","args":[{"selector":{"controlType":"sap.m.Tokenizer","viewName":"etm.portal.ui.managerequests.view.Edit","bindingPath":{"path":"/RequestItems/0","propertyPath":"LINK_TO_TAGS","modelName":"RequestItemsModel"}},"wdio_ui5_key":"etmportal.ui.managerequests.view.Editsap.m.Tokenizer{\"path\":\"/RequestItems/0\",\"propertyPath\":\"LINK_TO_TAGS\",\"modelName\":\"RequestItemsModel\"}"}]}
RESULT: {"script":"<script> [1562 bytes]","args":[{"selector":{"controlType":"sap.m.Tokenizer","viewName":"etm.portal.ui.managerequests.view.Edit","bindingPath":{"path":"/RequestItems/0","propertyPath":"LINK_TO_TAGS","modelName":"RequestItemsModel"}},"wdio_ui5_key":"etmportal.ui.managerequests.view.Editsap.m.Tokenizer{\"path\":\"/RequestItems/0\",\"propertyPath\":\"LINK_TO_TAGS\",\"modelName\":\"RequestItemsModel\"}"}]}
RESULT: undefined
COMMAND: POST /session/d94fe9d023155d3f6895aef5421fa61d/element - {"using":"xpath","value":"//*[@id=\"__tokenizer66\"]"}
RESULT: {"using":"xpath","value":"//*[@id=\"__tokenizer66\"]"}
COMMAND: POST /session/d94fe9d023155d3f6895aef5421fa61d/element/f.95C2E293E0D5F8D5E0F83733146F119E.d.E01DA519CB73E4E31244406B5693A164.e.3396/click - {}
RESULT: {}
COMMAND: GET /session/d94fe9d023155d3f6895aef5421fa61d/screenshot - {}
RESULT: {}
COMMAND: POST /session/d94fe9d023155d3f6895aef5421fa61d/execute/async - {"script":"<script> [1562 bytes]","args":[{"selector":{"controlType":"sap.ui.core.Icon","viewName":"etm.portal.ui.managerequests.view.Edit","properties":{"src":{"regex":{"source":"decline"}}},"searchOpenDialogs":true,"ancestor":{"controlType":"sap.m.StandardListItem","viewName":"etm.portal.ui.managerequests.view.Edit","properties":{"title":"tag-duplicate"},"searchOpenDialogs":true}},"wdio_ui5_key":"etmportal.ui.managerequests.view.Editsap.ui.core.Icon{\"src\":{\"regex\":{\"source\":\"decline\"}}}{\"controlType\":\"sap.m.StandardListItem\",\"viewName\":\"etm.portal.ui.managerequests.view.Edit\",\"properties\":{\"title\":\"tag-duplicate\"},\"searchOpenDialogs\":true}"}]}
RESULT: {"script":"<script> [1562 bytes]","args":[{"selector":{"controlType":"sap.ui.core.Icon","viewName":"etm.portal.ui.managerequests.view.Edit","properties":{"src":{"regex":{"source":"decline"}}},"searchOpenDialogs":true,"ancestor":{"controlType":"sap.m.StandardListItem","viewName":"etm.portal.ui.managerequests.view.Edit","properties":{"title":"tag-duplicate"},"searchOpenDialogs":true}},"wdio_ui5_key":"etmportal.ui.managerequests.view.Editsap.ui.core.Icon{\"src\":{\"regex\":{\"source\":\"decline\"}}}{\"controlType\":\"sap.m.StandardListItem\",\"viewName\":\"etm.portal.ui.managerequests.view.Edit\",\"properties\":{\"title\":\"tag-duplicate\"},\"searchOpenDialogs\":true}"}]}
RESULT: undefined
COMMAND: POST /session/d94fe9d023155d3f6895aef5421fa61d/element - {"using":"xpath","value":"//*[@id=\"__item2550-imgDel-img\"]"}
RESULT: {"using":"xpath","value":"//*[@id=\"__item2550-imgDel-img\"]"}
COMMAND: POST /session/d94fe9d023155d3f6895aef5421fa61d/element/f.95C2E293E0D5F8D5E0F83733146F119E.d.E01DA519CB73E4E31244406B5693A164.e.3399/click - {}
RESULT: {}
COMMAND: GET /session/d94fe9d023155d3f6895aef5421fa61d/screenshot - {}
RESULT: {}
COMMAND: POST /session/d94fe9d023155d3f6895aef5421fa61d/actions - {"actions":[{"id":"action26","type":"key","parameters":{},"actions":[{"type":"keyDown","value":"î€Œ"},{"type":"pause","duration":10},{"type":"keyUp","value":"î€Œ"}]}]}
RESULT: {"actions":[{"id":"action26","type":"key","parameters":{},"actions":[{"type":"keyDown","value":"î€Œ"},{"type":"pause","duration":10},{"type":"keyUp","value":"î€Œ"}]}]}
COMMAND: POST /session/d94fe9d023155d3f6895aef5421fa61d/execute/async - {"script":"<script> [1562 bytes]","args":[{"selector":{"controlType":"sap.m.Tokenizer","viewName":"etm.portal.ui.managerequests.view.Edit","bindingPath":{"path":"/RequestItems/1","propertyPath":"LINK_TO_TAGS","modelName":"RequestItemsModel"}},"wdio_ui5_key":"etmportal.ui.managerequests.view.Editsap.m.Tokenizer{\"path\":\"/RequestItems/1\",\"propertyPath\":\"LINK_TO_TAGS\",\"modelName\":\"RequestItemsModel\"}"}]}
COMMAND: GET /session/d94fe9d023155d3f6895aef5421fa61d/screenshot - {}
RESULT: {"script":"<script> [1562 bytes]","args":[{"selector":{"controlType":"sap.m.Tokenizer","viewName":"etm.portal.ui.managerequests.view.Edit","bindingPath":{"path":"/RequestItems/1","propertyPath":"LINK_TO_TAGS","modelName":"RequestItemsModel"}},"wdio_ui5_key":"etmportal.ui.managerequests.view.Editsap.m.Tokenizer{\"path\":\"/RequestItems/1\",\"propertyPath\":\"LINK_TO_TAGS\",\"modelName\":\"RequestItemsModel\"}"}]}
RESULT: undefined
COMMAND: POST /session/d94fe9d023155d3f6895aef5421fa61d/element - {"using":"xpath","value":"//*[@id=\"__tokenizer67\"]"}
RESULT: {}
RESULT: {"using":"xpath","value":"//*[@id=\"__tokenizer67\"]"}
COMMAND: POST /session/d94fe9d023155d3f6895aef5421fa61d/element/f.95C2E293E0D5F8D5E0F83733146F119E.d.E01DA519CB73E4E31244406B5693A164.e.3402/click - {}
RESULT: {}
COMMAND: GET /session/d94fe9d023155d3f6895aef5421fa61d/screenshot - {}
RESULT: {}
COMMAND: POST /session/d94fe9d023155d3f6895aef5421fa61d/execute/async - {"script":"<script> [1562 bytes]","args":[{"selector":{"controlType":"sap.ui.core.Icon","viewName":"etm.portal.ui.managerequests.view.Edit","properties":{"src":{"regex":{"source":"decline"}}},"searchOpenDialogs":true,"ancestor":{"controlType":"sap.m.StandardListItem","viewName":"etm.portal.ui.managerequests.view.Edit","properties":{"title":"tagRequest1"},"searchOpenDialogs":true}},"wdio_ui5_key":"etmportal.ui.managerequests.view.Editsap.ui.core.Icon{\"src\":{\"regex\":{\"source\":\"decline\"}}}{\"controlType\":\"sap.m.StandardListItem\",\"viewName\":\"etm.portal.ui.managerequests.view.Edit\",\"properties\":{\"title\":\"tagRequest1\"},\"searchOpenDialogs\":true}"}]}
RESULT: {"script":"<script> [1562 bytes]","args":[{"selector":{"controlType":"sap.ui.core.Icon","viewName":"etm.portal.ui.managerequests.view.Edit","properties":{"src":{"regex":{"source":"decline"}}},"searchOpenDialogs":true,"ancestor":{"controlType":"sap.m.StandardListItem","viewName":"etm.portal.ui.managerequests.view.Edit","properties":{"title":"tagRequest1"},"searchOpenDialogs":true}},"wdio_ui5_key":"etmportal.ui.managerequests.view.Editsap.ui.core.Icon{\"src\":{\"regex\":{\"source\":\"decline\"}}}{\"controlType\":\"sap.m.StandardListItem\",\"viewName\":\"etm.portal.ui.managerequests.view.Edit\",\"properties\":{\"title\":\"tagRequest1\"},\"searchOpenDialogs\":true}"}]}
RESULT: undefined
COMMAND: POST /session/d94fe9d023155d3f6895aef5421fa61d/element - {"using":"xpath","value":"//*[@id=\"__item2558-imgDel-img\"]"}
RESULT: {"using":"xpath","value":"//*[@id=\"__item2558-imgDel-img\"]"}
COMMAND: POST /session/d94fe9d023155d3f6895aef5421fa61d/element/f.95C2E293E0D5F8D5E0F83733146F119E.d.E01DA519CB73E4E31244406B5693A164.e.3405/click - {}
RESULT: {}
COMMAND: GET /session/d94fe9d023155d3f6895aef5421fa61d/screenshot - {}
RESULT: {}
COMMAND: POST /session/d94fe9d023155d3f6895aef5421fa61d/execute/async - {"script":"<script> [1562 bytes]","args":[{"selector":{"controlType":"sap.ui.core.Icon","viewName":"etm.portal.ui.managerequests.view.Edit","properties":{"src":{"regex":{"source":"decline"}}},"searchOpenDialogs":true,"ancestor":{"controlType":"sap.m.StandardListItem","viewName":"etm.portal.ui.managerequests.view.Edit","properties":{"title":"RefTag"},"searchOpenDialogs":true}},"wdio_ui5_key":"etmportal.ui.managerequests.view.Editsap.ui.core.Icon{\"src\":{\"regex\":{\"source\":\"decline\"}}}{\"controlType\":\"sap.m.StandardListItem\",\"viewName\":\"etm.portal.ui.managerequests.view.Edit\",\"properties\":{\"title\":\"RefTag\"},\"searchOpenDialogs\":true}"}]}
RESULT: {"script":"<script> [1562 bytes]","args":[{"selector":{"controlType":"sap.ui.core.Icon","viewName":"etm.portal.ui.managerequests.view.Edit","properties":{"src":{"regex":{"source":"decline"}}},"searchOpenDialogs":true,"ancestor":{"controlType":"sap.m.StandardListItem","viewName":"etm.portal.ui.managerequests.view.Edit","properties":{"title":"RefTag"},"searchOpenDialogs":true}},"wdio_ui5_key":"etmportal.ui.managerequests.view.Editsap.ui.core.Icon{\"src\":{\"regex\":{\"source\":\"decline\"}}}{\"controlType\":\"sap.m.StandardListItem\",\"viewName\":\"etm.portal.ui.managerequests.view.Edit\",\"properties\":{\"title\":\"RefTag\"},\"searchOpenDialogs\":true}"}]}
RESULT: undefined
COMMAND: POST /session/d94fe9d023155d3f6895aef5421fa61d/element - {"using":"xpath","value":"//*[@id=\"__item2562-imgDel-img\"]"}
RESULT: {"using":"xpath","value":"//*[@id=\"__item2562-imgDel-img\"]"}
COMMAND: POST /session/d94fe9d023155d3f6895aef5421fa61d/element/f.95C2E293E0D5F8D5E0F83733146F119E.d.E01DA519CB73E4E31244406B5693A164.e.3408/click - {}
RESULT: {}
COMMAND: GET /session/d94fe9d023155d3f6895aef5421fa61d/screenshot - {}
RESULT: {}
COMMAND: POST /session/d94fe9d023155d3f6895aef5421fa61d/execute/async - {"script":"<script> [1562 bytes]","args":[{"selector":{"controlType":"sap.ui.core.Icon","viewName":"etm.portal.ui.managerequests.view.Edit","properties":{"src":{"regex":{"source":"decline"}}},"searchOpenDialogs":true,"ancestor":{"controlType":"sap.m.StandardListItem","viewName":"etm.portal.ui.managerequests.view.Edit","properties":{"title":"tag-header"},"searchOpenDialogs":true}},"wdio_ui5_key":"etmportal.ui.managerequests.view.Editsap.ui.core.Icon{\"src\":{\"regex\":{\"source\":\"decline\"}}}{\"controlType\":\"sap.m.StandardListItem\",\"viewName\":\"etm.portal.ui.managerequests.view.Edit\",\"properties\":{\"title\":\"tag-header\"},\"searchOpenDialogs\":true}"}]}
RESULT: {"script":"<script> [1562 bytes]","args":[{"selector":{"controlType":"sap.ui.core.Icon","viewName":"etm.portal.ui.managerequests.view.Edit","properties":{"src":{"regex":{"source":"decline"}}},"searchOpenDialogs":true,"ancestor":{"controlType":"sap.m.StandardListItem","viewName":"etm.portal.ui.managerequests.view.Edit","properties":{"title":"tag-header"},"searchOpenDialogs":true}},"wdio_ui5_key":"etmportal.ui.managerequests.view.Editsap.ui.core.Icon{\"src\":{\"regex\":{\"source\":\"decline\"}}}{\"controlType\":\"sap.m.StandardListItem\",\"viewName\":\"etm.portal.ui.managerequests.view.Edit\",\"properties\":{\"title\":\"tag-header\"},\"searchOpenDialogs\":true}"}]}
RESULT: undefined
COMMAND: POST /session/d94fe9d023155d3f6895aef5421fa61d/element - {"using":"xpath","value":"//*[@id=\"__item2565-imgDel-img\"]"}
RESULT: {"using":"xpath","value":"//*[@id=\"__item2565-imgDel-img\"]"}
COMMAND: POST /session/d94fe9d023155d3f6895aef5421fa61d/element/f.95C2E293E0D5F8D5E0F83733146F119E.d.E01DA519CB73E4E31244406B5693A164.e.3411/click - {}
RESULT: {}
COMMAND: GET /session/d94fe9d023155d3f6895aef5421fa61d/screenshot - {}
RESULT: {}
COMMAND: POST /session/d94fe9d023155d3f6895aef5421fa61d/actions - {"actions":[{"id":"action27","type":"key","parameters":{},"actions":[{"type":"keyDown","value":"î€ƒ"},{"type":"pause","duration":10},{"type":"keyUp","value":"î€ƒ"}]}]}
RESULT: {"actions":[{"id":"action27","type":"key","parameters":{},"actions":[{"type":"keyDown","value":"î€ƒ"},{"type":"pause","duration":10},{"type":"keyUp","value":"î€ƒ"}]}]}
COMMAND: POST /session/d94fe9d023155d3f6895aef5421fa61d/actions - {"actions":[{"id":"action28","type":"key","parameters":{},"actions":[{"type":"keyDown","value":"î€ƒ"},{"type":"pause","duration":10},{"type":"keyUp","value":"î€ƒ"}]}]}
COMMAND: GET /session/d94fe9d023155d3f6895aef5421fa61d/screenshot - {}
RESULT: {"actions":[{"id":"action28","type":"key","parameters":{},"actions":[{"type":"keyDown","value":"î€ƒ"},{"type":"pause","duration":10},{"type":"keyUp","value":"î€ƒ"}]}]}
COMMAND: GET /session/d94fe9d023155d3f6895aef5421fa61d/screenshot - {}
RESULT: {}
RESULT: {}
COMMAND: POST /session/d94fe9d023155d3f6895aef5421fa61d/execute/async - {"script":"<script> [1562 bytes]","args":[{"selector":{"controlType":"sap.m.Button","viewName":"etm.portal.ui.managerequests.view.Edit","i18NText":{"propertyName":"tooltip","key":"save"},"interaction":{"idSuffix":"BDI-content"}},"wdio_ui5_key":"etmportal.ui.managerequests.view.Editsap.m.Button{\"propertyName\":\"tooltip\",\"key\":\"save\"}"}]}
RESULT: {"script":"<script> [1562 bytes]","args":[{"selector":{"controlType":"sap.m.Button","viewName":"etm.portal.ui.managerequests.view.Edit","i18NText":{"propertyName":"tooltip","key":"save"},"interaction":{"idSuffix":"BDI-content"}},"wdio_ui5_key":"etmportal.ui.managerequests.view.Editsap.m.Button{\"propertyName\":\"tooltip\",\"key\":\"save\"}"}]}
RESULT: undefined
COMMAND: POST /session/d94fe9d023155d3f6895aef5421fa61d/element - {"using":"xpath","value":"//*[@id=\"__xmlview61--saveButtonId\"]"}
RESULT: {"using":"xpath","value":"//*[@id=\"__xmlview61--saveButtonId\"]"}
COMMAND: POST /session/d94fe9d023155d3f6895aef5421fa61d/element/f.95C2E293E0D5F8D5E0F83733146F119E.d.E01DA519CB73E4E31244406B5693A164.e.3307/click - {}
RESULT: {}
COMMAND: GET /session/d94fe9d023155d3f6895aef5421fa61d/screenshot - {}
RESULT: {}
COMMAND: POST /session/d94fe9d023155d3f6895aef5421fa61d/execute/async - {"script":"<script> [1562 bytes]","args":[{"selector":{"id":"tagsLayoutViewMode","viewName":"etm.portal.ui.managerequests.view.Detail"},"wdio_ui5_key":"tagsLayoutViewModeetmportal.ui.managerequests.view.Detail"}]}
RESULT: {"script":"<script> [1562 bytes]","args":[{"selector":{"id":"tagsLayoutViewMode","viewName":"etm.portal.ui.managerequests.view.Detail"},"wdio_ui5_key":"tagsLayoutViewModeetmportal.ui.managerequests.view.Detail"}]}
RESULT: undefined
COMMAND: POST /session/d94fe9d023155d3f6895aef5421fa61d/execute/async - {"script":"<script> [6424 bytes]","args":[{"element-6066-11e4-a52e-4f735466cecf":"f.95C2E293E0D5F8D5E0F83733146F119E.d.E01DA519CB73E4E31244406B5693A164.e.3539"},"getTokens",[]]}
RESULT: {"script":"<script> [6424 bytes]","args":[{"element-6066-11e4-a52e-4f735466cecf":"f.95C2E293E0D5F8D5E0F83733146F119E.d.E01DA519CB73E4E31244406B5693A164.e.3539"},"getTokens",[]]}
COMMAND: POST /session/d94fe9d023155d3f6895aef5421fa61d/execute/async - {"script":"<script> [1562 bytes]","args":[{"wdio_ui5_key":"__token11-__xmlview60--tagsLayoutViewMode-1","selector":{"id":"__token11-__xmlview60--tagsLayoutViewMode-1"}}]}
COMMAND: POST /session/d94fe9d023155d3f6895aef5421fa61d/execute/async - {"script":"<script> [1562 bytes]","args":[{"wdio_ui5_key":"__token11-__xmlview60--tagsLayoutViewMode-0","selector":{"id":"__token11-__xmlview60--tagsLayoutViewMode-0"}}]}
RESULT: {"script":"<script> [1562 bytes]","args":[{"wdio_ui5_key":"__token11-__xmlview60--tagsLayoutViewMode-1","selector":{"id":"__token11-__xmlview60--tagsLayoutViewMode-1"}}]}
RESULT: undefined
RESULT: {"script":"<script> [1562 bytes]","args":[{"wdio_ui5_key":"__token11-__xmlview60--tagsLayoutViewMode-0","selector":{"id":"__token11-__xmlview60--tagsLayoutViewMode-0"}}]}
RESULT: undefined
COMMAND: POST /session/d94fe9d023155d3f6895aef5421fa61d/execute/async - {"script":"<script> [1562 bytes]","args":[{"selector":{"controlType":"sap.m.OverflowToolbarButton","viewName":"etm.portal.ui.managerequests.view.Detail","properties":{"text":"Settings"},"interaction":{"idSuffix":"inner"}},"wdio_ui5_key":"etmportal.ui.managerequests.view.Detailsap.m.OverflowToolbarButton{\"text\":\"Settings\"}"}]}
RESULT: {"script":"<script> [1562 bytes]","args":[{"selector":{"controlType":"sap.m.OverflowToolbarButton","viewName":"etm.portal.ui.managerequests.view.Detail","properties":{"text":"Settings"},"interaction":{"idSuffix":"inner"}},"wdio_ui5_key":"etmportal.ui.managerequests.view.Detailsap.m.OverflowToolbarButton{\"text\":\"Settings\"}"}]}
RESULT: undefined
COMMAND: POST /session/d94fe9d023155d3f6895aef5421fa61d/element - {"using":"xpath","value":"//*[@id=\"__xmlview60--smartTableRequestItems-btnPersonalisation\"]"}
RESULT: {"using":"xpath","value":"//*[@id=\"__xmlview60--smartTableRequestItems-btnPersonalisation\"]"}
COMMAND: POST /session/d94fe9d023155d3f6895aef5421fa61d/element/f.95C2E293E0D5F8D5E0F83733146F119E.d.E01DA519CB73E4E31244406B5693A164.e.3543/click - {}
RESULT: {}
COMMAND: POST /session/d94fe9d023155d3f6895aef5421fa61d/execute/async - {"script":"<script> [1562 bytes]","args":[{"selector":{"controlType":"sap.m.SearchField","viewName":"etm.portal.ui.managerequests.view.Detail","searchOpenDialogs":true,"interaction":{"idSuffix":"I"}},"wdio_ui5_key":"etmportal.ui.managerequests.view.Detailsap.m.SearchField"}]}
COMMAND: GET /session/d94fe9d023155d3f6895aef5421fa61d/screenshot - {}
RESULT: {"script":"<script> [1562 bytes]","args":[{"selector":{"controlType":"sap.m.SearchField","viewName":"etm.portal.ui.managerequests.view.Detail","searchOpenDialogs":true,"interaction":{"idSuffix":"I"}},"wdio_ui5_key":"etmportal.ui.managerequests.view.Detailsap.m.SearchField"}]}
RESULT: undefined
COMMAND: POST /session/d94fe9d023155d3f6895aef5421fa61d/execute/async - {"script":"<script> [776 bytes]","args":[{"enterText":"tag","selector":{"controlType":"sap.m.SearchField","viewName":"etm.portal.ui.managerequests.view.Detail","searchOpenDialogs":true,"interaction":{"idSuffix":"I"}},"clearTextFirst":true,"interactionType":"ENTER_TEXT"}]}
RESULT: {}
RESULT: {"script":"<script> [776 bytes]","args":[{"enterText":"tag","selector":{"controlType":"sap.m.SearchField","viewName":"etm.portal.ui.managerequests.view.Detail","searchOpenDialogs":true,"interaction":{"idSuffix":"I"}},"clearTextFirst":true,"interactionType":"ENTER_TEXT"}]}
COMMAND: POST /session/d94fe9d023155d3f6895aef5421fa61d/element - {"using":"xpath","value":"//div[contains(@id ,\"innerSelectionPanelTable-0-selectMulti-CbBg\")]"}
RESULT: {"using":"xpath","value":"//div[contains(@id ,\"innerSelectionPanelTable-0-selectMulti-CbBg\")]"}
COMMAND: POST /session/d94fe9d023155d3f6895aef5421fa61d/element/f.95C2E293E0D5F8D5E0F83733146F119E.d.E01DA519CB73E4E31244406B5693A164.e.3580/click - {}
RESULT: {}
COMMAND: POST /session/d94fe9d023155d3f6895aef5421fa61d/execute/async - {"script":"<script> [1562 bytes]","args":[{"selector":{"controlType":"sap.m.Button","viewName":"etm.portal.ui.managerequests.view.Detail","properties":{"text":"OK"},"searchOpenDialogs":true,"interaction":{"idSuffix":"BDI-content"}},"wdio_ui5_key":"etmportal.ui.managerequests.view.Detailsap.m.Button{\"text\":\"OK\"}"}]}
COMMAND: GET /session/d94fe9d023155d3f6895aef5421fa61d/screenshot - {}
RESULT: {"script":"<script> [1562 bytes]","args":[{"selector":{"controlType":"sap.m.Button","viewName":"etm.portal.ui.managerequests.view.Detail","properties":{"text":"OK"},"searchOpenDialogs":true,"interaction":{"idSuffix":"BDI-content"}},"wdio_ui5_key":"etmportal.ui.managerequests.view.Detailsap.m.Button{\"text\":\"OK\"}"}]}
RESULT: undefined
COMMAND: POST /session/d94fe9d023155d3f6895aef5421fa61d/element - {"using":"xpath","value":"//*[@id=\"__popup377-confirmBtn\"]"}
RESULT: {}
RESULT: {"using":"xpath","value":"//*[@id=\"__popup377-confirmBtn\"]"}
COMMAND: POST /session/d94fe9d023155d3f6895aef5421fa61d/element/f.95C2E293E0D5F8D5E0F83733146F119E.d.E01DA519CB73E4E31244406B5693A164.e.3585/click - {}
RESULT: {}
COMMAND: GET /session/d94fe9d023155d3f6895aef5421fa61d/screenshot - {}
RESULT: {}
COMMAND: POST /session/d94fe9d023155d3f6895aef5421fa61d/execute/async - {"script":"<script> [1562 bytes]","args":[{"selector":{"controlType":"sap.m.Text","viewName":"etm.portal.ui.managerequests.view.Detail","bindingPath":{"propertyPath":"NO","modelName":"catalogModel"}},"wdio_ui5_key":"etmportal.ui.managerequests.view.Detailsap.m.Text{\"propertyPath\":\"NO\",\"modelName\":\"catalogModel\"}"}]}
RESULT: {"script":"<script> [1562 bytes]","args":[{"selector":{"controlType":"sap.m.Text","viewName":"etm.portal.ui.managerequests.view.Detail","bindingPath":{"propertyPath":"NO","modelName":"catalogModel"}},"wdio_ui5_key":"etmportal.ui.managerequests.view.Detailsap.m.Text{\"propertyPath\":\"NO\",\"modelName\":\"catalogModel\"}"}]}
RESULT: undefined
COMMAND: POST /session/d94fe9d023155d3f6895aef5421fa61d/execute/async - {"script":"<script> [6424 bytes]","args":[{"element-6066-11e4-a52e-4f735466cecf":"f.95C2E293E0D5F8D5E0F83733146F119E.d.E01DA519CB73E4E31244406B5693A164.e.3607"},"getText",[]]}
RESULT: {"script":"<script> [6424 bytes]","args":[{"element-6066-11e4-a52e-4f735466cecf":"f.95C2E293E0D5F8D5E0F83733146F119E.d.E01DA519CB73E4E31244406B5693A164.e.3607"},"getText",[]]}
COMMAND: POST /session/d94fe9d023155d3f6895aef5421fa61d/execute/async - {"script":"<script> [1562 bytes]","args":[{"selector":{"controlType":"sap.m.Tokenizer","viewName":"etm.portal.ui.managerequests.view.Detail","bindingPath":{"path":"/SmartRequestItemsPlanningBoard(ITEM=10m,REQUEST='20404')","propertyPath":"LINK_TO_TAGS"}},"wdio_ui5_key":"etmportal.ui.managerequests.view.Detailsap.m.Tokenizer{\"path\":\"/SmartRequestItemsPlanningBoard(ITEM=10m,REQUEST='20404')\",\"propertyPath\":\"LINK_TO_TAGS\"}"}]}
RESULT: {"script":"<script> [1562 bytes]","args":[{"selector":{"controlType":"sap.m.Tokenizer","viewName":"etm.portal.ui.managerequests.view.Detail","bindingPath":{"path":"/SmartRequestItemsPlanningBoard(ITEM=10m,REQUEST='20404')","propertyPath":"LINK_TO_TAGS"}},"wdio_ui5_key":"etmportal.ui.managerequests.view.Detailsap.m.Tokenizer{\"path\":\"/SmartRequestItemsPlanningBoard(ITEM=10m,REQUEST='20404')\",\"propertyPath\":\"LINK_TO_TAGS\"}"}]}
RESULT: undefined
COMMAND: POST /session/d94fe9d023155d3f6895aef5421fa61d/execute/async - {"script":"<script> [6424 bytes]","args":[{"element-6066-11e4-a52e-4f735466cecf":"f.95C2E293E0D5F8D5E0F83733146F119E.d.E01DA519CB73E4E31244406B5693A164.e.3608"},"getTokens",[]]}
RESULT: {"script":"<script> [6424 bytes]","args":[{"element-6066-11e4-a52e-4f735466cecf":"f.95C2E293E0D5F8D5E0F83733146F119E.d.E01DA519CB73E4E31244406B5693A164.e.3608"},"getTokens",[]]}
COMMAND: POST /session/d94fe9d023155d3f6895aef5421fa61d/execute/async - {"script":"<script> [1562 bytes]","args":[{"wdio_ui5_key":"__token12-__tokenizer63-__clone5491-1","selector":{"id":"__token12-__tokenizer63-__clone5491-1"}}]}
COMMAND: POST /session/d94fe9d023155d3f6895aef5421fa61d/execute/async - {"script":"<script> [1562 bytes]","args":[{"wdio_ui5_key":"__token12-__tokenizer63-__clone5491-2","selector":{"id":"__token12-__tokenizer63-__clone5491-2"}}]}
COMMAND: POST /session/d94fe9d023155d3f6895aef5421fa61d/execute/async - {"script":"<script> [1562 bytes]","args":[{"wdio_ui5_key":"__token12-__tokenizer63-__clone5491-0","selector":{"id":"__token12-__tokenizer63-__clone5491-0"}}]}
RESULT: {"script":"<script> [1562 bytes]","args":[{"wdio_ui5_key":"__token12-__tokenizer63-__clone5491-1","selector":{"id":"__token12-__tokenizer63-__clone5491-1"}}]}
RESULT: undefined
RESULT: {"script":"<script> [1562 bytes]","args":[{"wdio_ui5_key":"__token12-__tokenizer63-__clone5491-2","selector":{"id":"__token12-__tokenizer63-__clone5491-2"}}]}
RESULT: undefined
RESULT: {"script":"<script> [1562 bytes]","args":[{"wdio_ui5_key":"__token12-__tokenizer63-__clone5491-0","selector":{"id":"__token12-__tokenizer63-__clone5491-0"}}]}
RESULT: undefined
COMMAND: POST /session/d94fe9d023155d3f6895aef5421fa61d/element - {"using":"xpath","value":"(//span[contains(text(), \"tag-header\")])[2]"}
RESULT: {"using":"xpath","value":"(//span[contains(text(), \"tag-header\")])[2]"}
COMMAND: POST /session/d94fe9d023155d3f6895aef5421fa61d/elements - {"using":"xpath","value":"(//span[contains(text(), \"tag-header\")])[2]"}
RESULT: {"using":"xpath","value":"(//span[contains(text(), \"tag-header\")])[2]"}
COMMAND: POST /session/d94fe9d023155d3f6895aef5421fa61d/execute/async - {"script":"<script> [1562 bytes]","args":[{"selector":{"controlType":"sap.m.Tokenizer","viewName":"etm.portal.ui.managerequests.view.Detail","bindingPath":{"path":"/SmartRequestItemsPlanningBoard(ITEM=20m,REQUEST='20404')","propertyPath":"LINK_TO_TAGS"}},"wdio_ui5_key":"etmportal.ui.managerequests.view.Detailsap.m.Tokenizer{\"path\":\"/SmartRequestItemsPlanningBoard(ITEM=20m,REQUEST='20404')\",\"propertyPath\":\"LINK_TO_TAGS\"}"}]}
RESULT: {"script":"<script> [1562 bytes]","args":[{"selector":{"controlType":"sap.m.Tokenizer","viewName":"etm.portal.ui.managerequests.view.Detail","bindingPath":{"path":"/SmartRequestItemsPlanningBoard(ITEM=20m,REQUEST='20404')","propertyPath":"LINK_TO_TAGS"}},"wdio_ui5_key":"etmportal.ui.managerequests.view.Detailsap.m.Tokenizer{\"path\":\"/SmartRequestItemsPlanningBoard(ITEM=20m,REQUEST='20404')\",\"propertyPath\":\"LINK_TO_TAGS\"}"}]}
RESULT: undefined
COMMAND: POST /session/d94fe9d023155d3f6895aef5421fa61d/execute/async - {"script":"<script> [6424 bytes]","args":[{"element-6066-11e4-a52e-4f735466cecf":"f.95C2E293E0D5F8D5E0F83733146F119E.d.E01DA519CB73E4E31244406B5693A164.e.3613"},"getTokens",[]]}
RESULT: {"script":"<script> [6424 bytes]","args":[{"element-6066-11e4-a52e-4f735466cecf":"f.95C2E293E0D5F8D5E0F83733146F119E.d.E01DA519CB73E4E31244406B5693A164.e.3613"},"getTokens",[]]}
COMMAND: POST /session/d94fe9d023155d3f6895aef5421fa61d/element - {"using":"css selector","value":"#shell-header-logo"}
RESULT: {"using":"css selector","value":"#shell-header-logo"}
COMMAND: POST /session/d94fe9d023155d3f6895aef5421fa61d/element/f.95C2E293E0D5F8D5E0F83733146F119E.d.E01DA519CB73E4E31244406B5693A164.e.2541/click - {}
RESULT: {}
COMMAND: GET /session/d94fe9d023155d3f6895aef5421fa61d/screenshot - {}
RESULT: {}
]]></system-out>
    </testcase>
  </testsuite>
  <testsuite timestamp="2025-04-24T15:47:51" time="486.475" tests="4" failures="0" errors="0" skipped="0">
    <properties>
      <property name="specId" value="0" />
      <property name="suiteName" value="Manage request + Contract processing pick up option US120163 " />
      <property name="capabilities" value="chrome.135_0_7049_96.windows" />
      <property name="file" value="file:///D:/a/1/s/test/specs/R2C/create-request-Pickup.spec.js" />
    </properties>
    <testcase classname="chrome.135_0_7049_96.windows.Manage_request_+_Contract_processing_pick_up_option_US120163_" name="Should create a new contract" time="61.902">
      <system-out><![CDATA[
COMMAND: POST /session/d94fe9d023155d3f6895aef5421fa61d/execute/async - {"script":"<script> [1562 bytes]","args":[{"selector":{"controlType":"sap.m.Text","viewName":"etm.portal.ui.managecontractstile.view.Master","properties":{"text":"Manage Contracts"},"interaction":{"idSuffix":"inner"}},"wdio_ui5_key":"etmportal.ui.managecontractstile.view.Mastersap.m.Text{\"text\":\"Manage Contracts\"}"}]}
RESULT: {"script":"<script> [1562 bytes]","args":[{"selector":{"controlType":"sap.m.Text","viewName":"etm.portal.ui.managecontractstile.view.Master","properties":{"text":"Manage Contracts"},"interaction":{"idSuffix":"inner"}},"wdio_ui5_key":"etmportal.ui.managecontractstile.view.Mastersap.m.Text{\"text\":\"Manage Contracts\"}"}]}
RESULT: undefined
COMMAND: POST /session/d94fe9d023155d3f6895aef5421fa61d/element - {"using":"xpath","value":"//*[@id=\"__tile130-title\"]"}
RESULT: {"using":"xpath","value":"//*[@id=\"__tile130-title\"]"}
COMMAND: POST /session/d94fe9d023155d3f6895aef5421fa61d/element/f.95C2E293E0D5F8D5E0F83733146F119E.d.E01DA519CB73E4E31244406B5693A164.e.3617/click - {}
RESULT: {}
COMMAND: GET /session/d94fe9d023155d3f6895aef5421fa61d/screenshot - {}
RESULT: {}
RESULT: undefined
COMMAND: POST /session/d94fe9d023155d3f6895aef5421fa61d/execute/async - {"script":"<script> [1562 bytes]","args":[{"selector":{"controlType":"sap.ui.core.Icon","viewName":"etm.portal.ui.managecontracts.view.Master","properties":{"src":{"regex":{"source":"add"}}}},"wdio_ui5_key":"etmportal.ui.managecontracts.view.Mastersap.ui.core.Icon{\"src\":{\"regex\":{\"source\":\"add\"}}}"}]}
RESULT: {"script":"<script> [1562 bytes]","args":[{"selector":{"controlType":"sap.ui.core.Icon","viewName":"etm.portal.ui.managecontracts.view.Master","properties":{"src":{"regex":{"source":"add"}}}},"wdio_ui5_key":"etmportal.ui.managecontracts.view.Mastersap.ui.core.Icon{\"src\":{\"regex\":{\"source\":\"add\"}}}"}]}
RESULT: undefined
COMMAND: POST /session/d94fe9d023155d3f6895aef5421fa61d/element - {"using":"xpath","value":"//*[@id=\"__button187-img\"]"}
RESULT: {"using":"xpath","value":"//*[@id=\"__button187-img\"]"}
COMMAND: POST /session/d94fe9d023155d3f6895aef5421fa61d/element/f.95C2E293E0D5F8D5E0F83733146F119E.d.E01DA519CB73E4E31244406B5693A164.e.3668/click - {}
RESULT: {}
COMMAND: POST /session/d94fe9d023155d3f6895aef5421fa61d/execute/async - {"script":"<script> [1562 bytes]","args":[{"selector":{"id":"application-managecontracts-display-component---AddNewContract--projectDescription","interaction":{"idSuffix":"inner"}},"wdio_ui5_key":"applicationmanagecontracts-display-component---AddNewContract--projectDescription"}]}
COMMAND: GET /session/d94fe9d023155d3f6895aef5421fa61d/screenshot - {}
RESULT: {"script":"<script> [1562 bytes]","args":[{"selector":{"id":"application-managecontracts-display-component---AddNewContract--projectDescription","interaction":{"idSuffix":"inner"}},"wdio_ui5_key":"applicationmanagecontracts-display-component---AddNewContract--projectDescription"}]}
RESULT: undefined
COMMAND: POST /session/d94fe9d023155d3f6895aef5421fa61d/execute/async - {"script":"<script> [776 bytes]","args":[{"enterText":"PickupContractxaea5","selector":{"id":"application-managecontracts-display-component---AddNewContract--projectDescription","interaction":{"idSuffix":"inner"}},"clearTextFirst":true,"interactionType":"ENTER_TEXT"}]}
RESULT: {}
RESULT: {"script":"<script> [776 bytes]","args":[{"enterText":"PickupContractxaea5","selector":{"id":"application-managecontracts-display-component---AddNewContract--projectDescription","interaction":{"idSuffix":"inner"}},"clearTextFirst":true,"interactionType":"ENTER_TEXT"}]}
COMMAND: POST /session/d94fe9d023155d3f6895aef5421fa61d/element - {"using":"xpath","value":"//input[contains(@id ,\"application-managecontracts-display-component---AddNewContract--yardId-inner\")]"}
RESULT: {"using":"xpath","value":"//input[contains(@id ,\"application-managecontracts-display-component---AddNewContract--yardId-inner\")]"}
COMMAND: POST /session/d94fe9d023155d3f6895aef5421fa61d/element/f.95C2E293E0D5F8D5E0F83733146F119E.d.E01DA519CB73E4E31244406B5693A164.e.3949/value - {"text":"WebdriverYard2rvq3"}
RESULT: {"text":"WebdriverYard2rvq3"}
COMMAND: GET /session/d94fe9d023155d3f6895aef5421fa61d/screenshot - {}
RESULT: {}
COMMAND: POST /session/d94fe9d023155d3f6895aef5421fa61d/actions - {"actions":[{"id":"action29","type":"key","parameters":{},"actions":[{"type":"keyDown","value":"î€‡"},{"type":"pause","duration":10},{"type":"keyUp","value":"î€‡"}]}]}
RESULT: {"actions":[{"id":"action29","type":"key","parameters":{},"actions":[{"type":"keyDown","value":"î€‡"},{"type":"pause","duration":10},{"type":"keyUp","value":"î€‡"}]}]}
COMMAND: GET /session/d94fe9d023155d3f6895aef5421fa61d/screenshot - {}
RESULT: {}
COMMAND: POST /session/d94fe9d023155d3f6895aef5421fa61d/element - {"using":"xpath","value":"//input[contains(@id ,\"application-managecontracts-display-component---AddNewContract--customerSelect-inner\")]"}
RESULT: {"using":"xpath","value":"//input[contains(@id ,\"application-managecontracts-display-component---AddNewContract--customerSelect-inner\")]"}
COMMAND: POST /session/d94fe9d023155d3f6895aef5421fa61d/element/f.95C2E293E0D5F8D5E0F83733146F119E.d.E01DA519CB73E4E31244406B5693A164.e.3947/value - {"text":"WebdriverPartnerarg99g"}
RESULT: {"text":"WebdriverPartnerarg99g"}
COMMAND: GET /session/d94fe9d023155d3f6895aef5421fa61d/screenshot - {}
RESULT: {}
COMMAND: POST /session/d94fe9d023155d3f6895aef5421fa61d/actions - {"actions":[{"id":"action30","type":"key","parameters":{},"actions":[{"type":"keyDown","value":"î€‡"},{"type":"pause","duration":10},{"type":"keyUp","value":"î€‡"}]}]}
RESULT: {"actions":[{"id":"action30","type":"key","parameters":{},"actions":[{"type":"keyDown","value":"î€‡"},{"type":"pause","duration":10},{"type":"keyUp","value":"î€‡"}]}]}
COMMAND: GET /session/d94fe9d023155d3f6895aef5421fa61d/screenshot - {}
RESULT: {}
COMMAND: POST /session/d94fe9d023155d3f6895aef5421fa61d/element - {"using":"xpath","value":"//input[contains(@id ,\"application-managecontracts-display-component---AddNewContract--site-inner\")]"}
RESULT: {"using":"xpath","value":"//input[contains(@id ,\"application-managecontracts-display-component---AddNewContract--site-inner\")]"}
COMMAND: POST /session/d94fe9d023155d3f6895aef5421fa61d/element/f.95C2E293E0D5F8D5E0F83733146F119E.d.E01DA519CB73E4E31244406B5693A164.e.3948/value - {"text":"WebdriverSitetj17"}
RESULT: {"text":"WebdriverSitetj17"}
COMMAND: GET /session/d94fe9d023155d3f6895aef5421fa61d/screenshot - {}
RESULT: {}
COMMAND: POST /session/d94fe9d023155d3f6895aef5421fa61d/actions - {"actions":[{"id":"action31","type":"key","parameters":{},"actions":[{"type":"keyDown","value":"î€‡"},{"type":"pause","duration":10},{"type":"keyUp","value":"î€‡"}]}]}
RESULT: {"actions":[{"id":"action31","type":"key","parameters":{},"actions":[{"type":"keyDown","value":"î€‡"},{"type":"pause","duration":10},{"type":"keyUp","value":"î€‡"}]}]}
COMMAND: GET /session/d94fe9d023155d3f6895aef5421fa61d/screenshot - {}
COMMAND: POST /session/d94fe9d023155d3f6895aef5421fa61d/execute/async - {"script":"<script> [1562 bytes]","args":[{"selector":{"id":"application-managecontracts-display-component---AddNewContract--saveBtn","interaction":{"idSuffix":"BDI-content"}},"wdio_ui5_key":"applicationmanagecontracts-display-component---AddNewContract--saveBtn"}]}
RESULT: {}
RESULT: {"script":"<script> [1562 bytes]","args":[{"selector":{"id":"application-managecontracts-display-component---AddNewContract--saveBtn","interaction":{"idSuffix":"BDI-content"}},"wdio_ui5_key":"applicationmanagecontracts-display-component---AddNewContract--saveBtn"}]}
RESULT: undefined
COMMAND: POST /session/d94fe9d023155d3f6895aef5421fa61d/element - {"using":"xpath","value":"//*[@id=\"application-managecontracts-display-component---AddNewContract--saveBtn\"]"}
RESULT: {"using":"xpath","value":"//*[@id=\"application-managecontracts-display-component---AddNewContract--saveBtn\"]"}
COMMAND: POST /session/d94fe9d023155d3f6895aef5421fa61d/element/f.95C2E293E0D5F8D5E0F83733146F119E.d.E01DA519CB73E4E31244406B5693A164.e.3974/click - {}
RESULT: {}
COMMAND: GET /session/d94fe9d023155d3f6895aef5421fa61d/screenshot - {}
RESULT: {}
COMMAND: POST /session/d94fe9d023155d3f6895aef5421fa61d/element - {"using":"xpath","value":"//span[contains(@id ,\"contractDetailTitleNoExpanded\")]"}
RESULT: {"using":"xpath","value":"//span[contains(@id ,\"contractDetailTitleNoExpanded\")]"}
COMMAND: GET /session/d94fe9d023155d3f6895aef5421fa61d/element/f.95C2E293E0D5F8D5E0F83733146F119E.d.E01DA519CB73E4E31244406B5693A164.e.4056/text - {}
RESULT: {}
COMMAND: POST /session/d94fe9d023155d3f6895aef5421fa61d/element - {"using":"css selector","value":"#shell-header-logo"}
RESULT: {"using":"css selector","value":"#shell-header-logo"}
COMMAND: POST /session/d94fe9d023155d3f6895aef5421fa61d/element/f.95C2E293E0D5F8D5E0F83733146F119E.d.E01DA519CB73E4E31244406B5693A164.e.3620/click - {}
RESULT: {}
COMMAND: GET /session/d94fe9d023155d3f6895aef5421fa61d/screenshot - {}
RESULT: {}
]]></system-out>
    </testcase>
    <testcase classname="chrome.135_0_7049_96.windows.Manage_request_+_Contract_processing_pick_up_option_US120163_" name="Should create a new material" time="116.627">
      <system-out><![CDATA[
COMMAND: POST /session/d94fe9d023155d3f6895aef5421fa61d/execute/async - {"script":"<script> [1562 bytes]","args":[{"selector":{"controlType":"sap.m.GenericTile","properties":{"header":"Manage Resources"}},"wdio_ui5_key":"sapm.GenericTile{\"header\":\"Manage Resources\"}"}]}
RESULT: {"script":"<script> [1562 bytes]","args":[{"selector":{"controlType":"sap.m.GenericTile","properties":{"header":"Manage Resources"}},"wdio_ui5_key":"sapm.GenericTile{\"header\":\"Manage Resources\"}"}]}
RESULT: undefined
COMMAND: POST /session/d94fe9d023155d3f6895aef5421fa61d/element - {"using":"xpath","value":"//*[@id=\"__tile39\"]"}
RESULT: {"using":"xpath","value":"//*[@id=\"__tile39\"]"}
COMMAND: POST /session/d94fe9d023155d3f6895aef5421fa61d/element/f.95C2E293E0D5F8D5E0F83733146F119E.d.E01DA519CB73E4E31244406B5693A164.e.4058/click - {}
RESULT: {}
COMMAND: GET /session/d94fe9d023155d3f6895aef5421fa61d/screenshot - {}
RESULT: {}
RESULT: undefined
RESULT: undefined
COMMAND: POST /session/d94fe9d023155d3f6895aef5421fa61d/element - {"using":"xpath","value":"//button[@data-kt=\"addNewRUOverflowToolbarButton\"]"}
RESULT: {"using":"xpath","value":"//button[@data-kt=\"addNewRUOverflowToolbarButton\"]"}
COMMAND: POST /session/d94fe9d023155d3f6895aef5421fa61d/execute/sync - {"script":"<script> [8489 bytes]","args":[{"element-6066-11e4-a52e-4f735466cecf":"f.95C2E293E0D5F8D5E0F83733146F119E.d.E01DA519CB73E4E31244406B5693A164.e.4089","ELEMENT":"f.95C2E293E0D5F8D5E0F83733146F119E.d.E01DA519CB73E4E31244406B5693A164.e.4089"}]}
RESULT: {"script":"<script> [8489 bytes]","args":[{"element-6066-11e4-a52e-4f735466cecf":"f.95C2E293E0D5F8D5E0F83733146F119E.d.E01DA519CB73E4E31244406B5693A164.e.4089","ELEMENT":"f.95C2E293E0D5F8D5E0F83733146F119E.d.E01DA519CB73E4E31244406B5693A164.e.4089"}]}
COMMAND: POST /session/d94fe9d023155d3f6895aef5421fa61d/element/f.95C2E293E0D5F8D5E0F83733146F119E.d.E01DA519CB73E4E31244406B5693A164.e.4089/click - {}
COMMAND: GET /session/d94fe9d023155d3f6895aef5421fa61d/screenshot - {}
RESULT: {}
COMMAND: POST /session/d94fe9d023155d3f6895aef5421fa61d/execute/async - {"script":"<script> [1562 bytes]","args":[{"selector":{"id":"application-manageresources-display-component---newResourceUnit--TYPE-arrow"},"wdio_ui5_key":"applicationmanageresources-display-component---newResourceUnit--TYPE-arrow"}]}
COMMAND: GET /session/d94fe9d023155d3f6895aef5421fa61d/screenshot - {}
RESULT: {}
RESULT: {"script":"<script> [1562 bytes]","args":[{"selector":{"id":"application-manageresources-display-component---newResourceUnit--TYPE-arrow"},"wdio_ui5_key":"applicationmanageresources-display-component---newResourceUnit--TYPE-arrow"}]}
RESULT: undefined
COMMAND: POST /session/d94fe9d023155d3f6895aef5421fa61d/element - {"using":"xpath","value":"//*[@id=\"application-manageresources-display-component---newResourceUnit--TYPE-arrow\"]"}
RESULT: {}
RESULT: {"using":"xpath","value":"//*[@id=\"application-manageresources-display-component---newResourceUnit--TYPE-arrow\"]"}
COMMAND: POST /session/d94fe9d023155d3f6895aef5421fa61d/element/f.95C2E293E0D5F8D5E0F83733146F119E.d.E01DA519CB73E4E31244406B5693A164.e.4259/click - {}
RESULT: {}
COMMAND: POST /session/d94fe9d023155d3f6895aef5421fa61d/execute/async - {"script":"<script> [1562 bytes]","args":[{"selector":{"controlType":"sap.m.StandardListItem","viewName":"reusables.view.manageresources.NewResourceUnit","viewId":"application-manageresources-display-component---newResourceUnit","properties":{"title":"Material"},"searchOpenDialogs":true,"interaction":{"idSuffix":"titleText"}},"wdio_ui5_key":"reusablesview.manageresources.NewResourceUnitsap.m.StandardListItem{\"title\":\"Material\"}"}]}
COMMAND: GET /session/d94fe9d023155d3f6895aef5421fa61d/screenshot - {}
RESULT: {"script":"<script> [1562 bytes]","args":[{"selector":{"controlType":"sap.m.StandardListItem","viewName":"reusables.view.manageresources.NewResourceUnit","viewId":"application-manageresources-display-component---newResourceUnit","properties":{"title":"Material"},"searchOpenDialogs":true,"interaction":{"idSuffix":"titleText"}},"wdio_ui5_key":"reusablesview.manageresources.NewResourceUnitsap.m.StandardListItem{\"title\":\"Material\"}"}]}
RESULT: undefined
COMMAND: POST /session/d94fe9d023155d3f6895aef5421fa61d/element - {"using":"xpath","value":"//*[@id=\"__item5406\"]"}
RESULT: {}
RESULT: {"using":"xpath","value":"//*[@id=\"__item5406\"]"}
COMMAND: POST /session/d94fe9d023155d3f6895aef5421fa61d/element/f.95C2E293E0D5F8D5E0F83733146F119E.d.E01DA519CB73E4E31244406B5693A164.e.4262/click - {}
RESULT: {}
COMMAND: POST /session/d94fe9d023155d3f6895aef5421fa61d/execute/async - {"script":"<script> [1562 bytes]","args":[{"selector":{"id":"application-manageresources-display-component---newResourceUnit--SHORT_TEXT","interaction":{"idSuffix":"inner"}},"wdio_ui5_key":"applicationmanageresources-display-component---newResourceUnit--SHORT_TEXT"}]}
COMMAND: GET /session/d94fe9d023155d3f6895aef5421fa61d/screenshot - {}
RESULT: {"script":"<script> [1562 bytes]","args":[{"selector":{"id":"application-manageresources-display-component---newResourceUnit--SHORT_TEXT","interaction":{"idSuffix":"inner"}},"wdio_ui5_key":"applicationmanageresources-display-component---newResourceUnit--SHORT_TEXT"}]}
RESULT: undefined
COMMAND: POST /session/d94fe9d023155d3f6895aef5421fa61d/execute/async - {"script":"<script> [776 bytes]","args":[{"enterText":"WebdriverRUR2Ctc0k2","selector":{"id":"application-manageresources-display-component---newResourceUnit--SHORT_TEXT","interaction":{"idSuffix":"inner"}},"clearTextFirst":true,"interactionType":"ENTER_TEXT"}]}
RESULT: {}
RESULT: {"script":"<script> [776 bytes]","args":[{"enterText":"WebdriverRUR2Ctc0k2","selector":{"id":"application-manageresources-display-component---newResourceUnit--SHORT_TEXT","interaction":{"idSuffix":"inner"}},"clearTextFirst":true,"interactionType":"ENTER_TEXT"}]}
COMMAND: POST /session/d94fe9d023155d3f6895aef5421fa61d/execute/async - {"script":"<script> [1562 bytes]","args":[{"selector":{"id":"application-manageresources-display-component---newResourceUnit--BASE_UNIT_OF_MEASURE-arrow"},"wdio_ui5_key":"applicationmanageresources-display-component---newResourceUnit--BASE_UNIT_OF_MEASURE-arrow"}]}
RESULT: {"script":"<script> [1562 bytes]","args":[{"selector":{"id":"application-manageresources-display-component---newResourceUnit--BASE_UNIT_OF_MEASURE-arrow"},"wdio_ui5_key":"applicationmanageresources-display-component---newResourceUnit--BASE_UNIT_OF_MEASURE-arrow"}]}
RESULT: undefined
COMMAND: POST /session/d94fe9d023155d3f6895aef5421fa61d/element - {"using":"xpath","value":"//*[@id=\"application-manageresources-display-component---newResourceUnit--BASE_UNIT_OF_MEASURE-arrow\"]"}
RESULT: {"using":"xpath","value":"//*[@id=\"application-manageresources-display-component---newResourceUnit--BASE_UNIT_OF_MEASURE-arrow\"]"}
COMMAND: POST /session/d94fe9d023155d3f6895aef5421fa61d/element/f.95C2E293E0D5F8D5E0F83733146F119E.d.E01DA519CB73E4E31244406B5693A164.e.4318/click - {}
RESULT: {}
COMMAND: POST /session/d94fe9d023155d3f6895aef5421fa61d/execute/async - {"script":"<script> [1562 bytes]","args":[{"selector":{"controlType":"sap.m.StandardListItem","viewName":"reusables.view.manageresources.NewResourceUnit","viewId":"application-manageresources-display-component---newResourceUnit","properties":{"title":"Piece"},"searchOpenDialogs":true,"interaction":{"idSuffix":"titleText"}},"wdio_ui5_key":"reusablesview.manageresources.NewResourceUnitsap.m.StandardListItem{\"title\":\"Piece\"}"}]}
COMMAND: GET /session/d94fe9d023155d3f6895aef5421fa61d/screenshot - {}
RESULT: {"script":"<script> [1562 bytes]","args":[{"selector":{"controlType":"sap.m.StandardListItem","viewName":"reusables.view.manageresources.NewResourceUnit","viewId":"application-manageresources-display-component---newResourceUnit","properties":{"title":"Piece"},"searchOpenDialogs":true,"interaction":{"idSuffix":"titleText"}},"wdio_ui5_key":"reusablesview.manageresources.NewResourceUnitsap.m.StandardListItem{\"title\":\"Piece\"}"}]}
RESULT: undefined
COMMAND: POST /session/d94fe9d023155d3f6895aef5421fa61d/element - {"using":"xpath","value":"//*[@id=\"__item5450\"]"}
RESULT: {}
RESULT: {"using":"xpath","value":"//*[@id=\"__item5450\"]"}
COMMAND: POST /session/d94fe9d023155d3f6895aef5421fa61d/element/f.95C2E293E0D5F8D5E0F83733146F119E.d.E01DA519CB73E4E31244406B5693A164.e.4320/click - {}
RESULT: {}
COMMAND: POST /session/d94fe9d023155d3f6895aef5421fa61d/element - {"using":"xpath","value":"//input[contains(@id ,\"application-manageresources-display-component---newResourceUnit--SHORT_TEXT-inner\")]"}
COMMAND: GET /session/d94fe9d023155d3f6895aef5421fa61d/screenshot - {}
RESULT: {"using":"xpath","value":"//input[contains(@id ,\"application-manageresources-display-component---newResourceUnit--SHORT_TEXT-inner\")]"}
COMMAND: GET /session/d94fe9d023155d3f6895aef5421fa61d/element/f.95C2E293E0D5F8D5E0F83733146F119E.d.E01DA519CB73E4E31244406B5693A164.e.4279/property/value - {}
RESULT: {}
RESULT: {}
COMMAND: POST /session/d94fe9d023155d3f6895aef5421fa61d/execute/async - {"script":"<script> [1562 bytes]","args":[{"selector":{"id":"application-manageresources-display-component---newResourceUnit--WEIGHT_UNIT-arrow"},"wdio_ui5_key":"applicationmanageresources-display-component---newResourceUnit--WEIGHT_UNIT-arrow"}]}
COMMAND: GET /session/d94fe9d023155d3f6895aef5421fa61d/screenshot - {}
RESULT: {"script":"<script> [1562 bytes]","args":[{"selector":{"id":"application-manageresources-display-component---newResourceUnit--WEIGHT_UNIT-arrow"},"wdio_ui5_key":"applicationmanageresources-display-component---newResourceUnit--WEIGHT_UNIT-arrow"}]}
RESULT: undefined
COMMAND: POST /session/d94fe9d023155d3f6895aef5421fa61d/element - {"using":"xpath","value":"//*[@id=\"application-manageresources-display-component---newResourceUnit--WEIGHT_UNIT-arrow\"]"}
RESULT: {}
RESULT: {"using":"xpath","value":"//*[@id=\"application-manageresources-display-component---newResourceUnit--WEIGHT_UNIT-arrow\"]"}
COMMAND: POST /session/d94fe9d023155d3f6895aef5421fa61d/element/f.95C2E293E0D5F8D5E0F83733146F119E.d.E01DA519CB73E4E31244406B5693A164.e.4321/click - {}
RESULT: {}
COMMAND: POST /session/d94fe9d023155d3f6895aef5421fa61d/execute/async - {"script":"<script> [1562 bytes]","args":[{"selector":{"controlType":"sap.m.StandardListItem","viewName":"reusables.view.manageresources.NewResourceUnit","viewId":"application-manageresources-display-component---newResourceUnit","properties":{"title":"Gram"},"searchOpenDialogs":true,"interaction":{"idSuffix":"content"}},"wdio_ui5_key":"reusablesview.manageresources.NewResourceUnitsap.m.StandardListItem{\"title\":\"Gram\"}"}]}
COMMAND: GET /session/d94fe9d023155d3f6895aef5421fa61d/screenshot - {}
RESULT: {"script":"<script> [1562 bytes]","args":[{"selector":{"controlType":"sap.m.StandardListItem","viewName":"reusables.view.manageresources.NewResourceUnit","viewId":"application-manageresources-display-component---newResourceUnit","properties":{"title":"Gram"},"searchOpenDialogs":true,"interaction":{"idSuffix":"content"}},"wdio_ui5_key":"reusablesview.manageresources.NewResourceUnitsap.m.StandardListItem{\"title\":\"Gram\"}"}]}
RESULT: undefined
COMMAND: POST /session/d94fe9d023155d3f6895aef5421fa61d/element - {"using":"xpath","value":"//*[@id=\"__item5515\"]"}
RESULT: {}
RESULT: {"using":"xpath","value":"//*[@id=\"__item5515\"]"}
COMMAND: POST /session/d94fe9d023155d3f6895aef5421fa61d/element/f.95C2E293E0D5F8D5E0F83733146F119E.d.E01DA519CB73E4E31244406B5693A164.e.4323/click - {}
RESULT: {}
COMMAND: POST /session/d94fe9d023155d3f6895aef5421fa61d/execute/async - {"script":"<script> [1562 bytes]","args":[{"selector":{"id":"application-manageresources-display-component---newResourceUnit--newRRUPage-OPHeaderContent-collapseBtn-img"},"wdio_ui5_key":"applicationmanageresources-display-component---newResourceUnit--newRRUPage-OPHeaderContent-collapseBtn-img"}]}
COMMAND: GET /session/d94fe9d023155d3f6895aef5421fa61d/screenshot - {}
RESULT: {"script":"<script> [1562 bytes]","args":[{"selector":{"id":"application-manageresources-display-component---newResourceUnit--newRRUPage-OPHeaderContent-collapseBtn-img"},"wdio_ui5_key":"applicationmanageresources-display-component---newResourceUnit--newRRUPage-OPHeaderContent-collapseBtn-img"}]}
RESULT: undefined
COMMAND: POST /session/d94fe9d023155d3f6895aef5421fa61d/element - {"using":"xpath","value":"//*[@id=\"application-manageresources-display-component---newResourceUnit--newRRUPage-OPHeaderContent-collapseBtn-img\"]"}
RESULT: {}
RESULT: {"using":"xpath","value":"//*[@id=\"application-manageresources-display-component---newResourceUnit--newRRUPage-OPHeaderContent-collapseBtn-img\"]"}
COMMAND: POST /session/d94fe9d023155d3f6895aef5421fa61d/element/f.95C2E293E0D5F8D5E0F83733146F119E.d.E01DA519CB73E4E31244406B5693A164.e.4269/click - {}
RESULT: {}
COMMAND: GET /session/d94fe9d023155d3f6895aef5421fa61d/screenshot - {}
RESULT: {}
COMMAND: POST /session/d94fe9d023155d3f6895aef5421fa61d/element - {"using":"xpath","value":"(//span[contains(@id ,\"application-manageresources-display-component---newResourceUnit--DIMENSION_UNIT-arrow\")])[1]"}
RESULT: {"using":"xpath","value":"(//span[contains(@id ,\"application-manageresources-display-component---newResourceUnit--DIMENSION_UNIT-arrow\")])[1]"}
COMMAND: POST /session/d94fe9d023155d3f6895aef5421fa61d/element/f.95C2E293E0D5F8D5E0F83733146F119E.d.E01DA519CB73E4E31244406B5693A164.e.4329/click - {}
RESULT: {}
COMMAND: GET /session/d94fe9d023155d3f6895aef5421fa61d/screenshot - {}
RESULT: {}
COMMAND: POST /session/d94fe9d023155d3f6895aef5421fa61d/execute/async - {"script":"<script> [1562 bytes]","args":[{"selector":{"controlType":"sap.m.StandardListItem","viewName":"reusables.view.manageresources.NewResourceUnit","viewId":"application-manageresources-display-component---newResourceUnit","properties":{"title":"Centimeter"},"searchOpenDialogs":true,"interaction":{"idSuffix":"titleText"}},"wdio_ui5_key":"reusablesview.manageresources.NewResourceUnitsap.m.StandardListItem{\"title\":\"Centimeter\"}"}]}
RESULT: {"script":"<script> [1562 bytes]","args":[{"selector":{"controlType":"sap.m.StandardListItem","viewName":"reusables.view.manageresources.NewResourceUnit","viewId":"application-manageresources-display-component---newResourceUnit","properties":{"title":"Centimeter"},"searchOpenDialogs":true,"interaction":{"idSuffix":"titleText"}},"wdio_ui5_key":"reusablesview.manageresources.NewResourceUnitsap.m.StandardListItem{\"title\":\"Centimeter\"}"}]}
RESULT: undefined
COMMAND: POST /session/d94fe9d023155d3f6895aef5421fa61d/element - {"using":"xpath","value":"//*[@id=\"__item5518\"]"}
RESULT: {"using":"xpath","value":"//*[@id=\"__item5518\"]"}
COMMAND: POST /session/d94fe9d023155d3f6895aef5421fa61d/element/f.95C2E293E0D5F8D5E0F83733146F119E.d.E01DA519CB73E4E31244406B5693A164.e.4331/click - {}
RESULT: {}
COMMAND: POST /session/d94fe9d023155d3f6895aef5421fa61d/execute/async - {"script":"<script> [1562 bytes]","args":[{"selector":{"id":"application-manageresources-display-component---newResourceUnit--newRRUPage-anchBar-application-manageresources-display-component---newResourceUnit--reference-anchor","interaction":{"idSuffix":"BDI-content"}},"wdio_ui5_key":"applicationmanageresources-display-component---newResourceUnit--newRRUPage-anchBar-application-manageresources-display-component---newResourceUnit--reference-anchor"}]}
COMMAND: GET /session/d94fe9d023155d3f6895aef5421fa61d/screenshot - {}
RESULT: {"script":"<script> [1562 bytes]","args":[{"selector":{"id":"application-manageresources-display-component---newResourceUnit--newRRUPage-anchBar-application-manageresources-display-component---newResourceUnit--reference-anchor","interaction":{"idSuffix":"BDI-content"}},"wdio_ui5_key":"applicationmanageresources-display-component---newResourceUnit--newRRUPage-anchBar-application-manageresources-display-component---newResourceUnit--reference-anchor"}]}
RESULT: undefined
COMMAND: POST /session/d94fe9d023155d3f6895aef5421fa61d/element - {"using":"xpath","value":"//*[@id=\"application-manageresources-display-component---newResourceUnit--newRRUPage-anchBar-application-manageresources-display-component---newResourceUnit--reference-anchor\"]"}
RESULT: {}
RESULT: {"using":"xpath","value":"//*[@id=\"application-manageresources-display-component---newResourceUnit--newRRUPage-anchBar-application-manageresources-display-component---newResourceUnit--reference-anchor\"]"}
COMMAND: POST /session/d94fe9d023155d3f6895aef5421fa61d/element/f.95C2E293E0D5F8D5E0F83733146F119E.d.E01DA519CB73E4E31244406B5693A164.e.4333/click - {}
RESULT: {}
COMMAND: POST /session/d94fe9d023155d3f6895aef5421fa61d/execute/async - {"script":"<script> [1562 bytes]","args":[{"selector":{"id":"application-manageresources-display-component---newResourceUnit--PLANNING_GROUP-arrow"},"wdio_ui5_key":"applicationmanageresources-display-component---newResourceUnit--PLANNING_GROUP-arrow"}]}
COMMAND: GET /session/d94fe9d023155d3f6895aef5421fa61d/screenshot - {}
RESULT: {"script":"<script> [1562 bytes]","args":[{"selector":{"id":"application-manageresources-display-component---newResourceUnit--PLANNING_GROUP-arrow"},"wdio_ui5_key":"applicationmanageresources-display-component---newResourceUnit--PLANNING_GROUP-arrow"}]}
RESULT: undefined
COMMAND: POST /session/d94fe9d023155d3f6895aef5421fa61d/element - {"using":"xpath","value":"//*[@id=\"application-manageresources-display-component---newResourceUnit--PLANNING_GROUP-arrow\"]"}
RESULT: {}
RESULT: {"using":"xpath","value":"//*[@id=\"application-manageresources-display-component---newResourceUnit--PLANNING_GROUP-arrow\"]"}
COMMAND: POST /session/d94fe9d023155d3f6895aef5421fa61d/element/f.95C2E293E0D5F8D5E0F83733146F119E.d.E01DA519CB73E4E31244406B5693A164.e.4336/click - {}
RESULT: {}
COMMAND: POST /session/d94fe9d023155d3f6895aef5421fa61d/execute/async - {"script":"<script> [1562 bytes]","args":[{"selector":{"controlType":"sap.m.StandardListItem","viewName":"reusables.view.manageresources.NewResourceUnit","viewId":"application-manageresources-display-component---newResourceUnit","properties":{"title":"Heavy Equi"},"searchOpenDialogs":true,"interaction":{"idSuffix":"content"}},"wdio_ui5_key":"reusablesview.manageresources.NewResourceUnitsap.m.StandardListItem{\"title\":\"Heavy Equi\"}"}]}
COMMAND: GET /session/d94fe9d023155d3f6895aef5421fa61d/screenshot - {}
RESULT: {"script":"<script> [1562 bytes]","args":[{"selector":{"controlType":"sap.m.StandardListItem","viewName":"reusables.view.manageresources.NewResourceUnit","viewId":"application-manageresources-display-component---newResourceUnit","properties":{"title":"Heavy Equi"},"searchOpenDialogs":true,"interaction":{"idSuffix":"content"}},"wdio_ui5_key":"reusablesview.manageresources.NewResourceUnitsap.m.StandardListItem{\"title\":\"Heavy Equi\"}"}]}
RESULT: undefined
COMMAND: POST /session/d94fe9d023155d3f6895aef5421fa61d/element - {"using":"xpath","value":"//*[@id=\"__item5526\"]"}
RESULT: {}
RESULT: {"using":"xpath","value":"//*[@id=\"__item5526\"]"}
COMMAND: POST /session/d94fe9d023155d3f6895aef5421fa61d/element/f.95C2E293E0D5F8D5E0F83733146F119E.d.E01DA519CB73E4E31244406B5693A164.e.4340/click - {}
RESULT: {}
COMMAND: GET /session/d94fe9d023155d3f6895aef5421fa61d/screenshot - {}
RESULT: {}
COMMAND: POST /session/d94fe9d023155d3f6895aef5421fa61d/execute/async - {"script":"<script> [1562 bytes]","args":[{"selector":{"id":"application-manageresources-display-component---newResourceUnit--PLANNING_INDICATOR-arrow"},"wdio_ui5_key":"applicationmanageresources-display-component---newResourceUnit--PLANNING_INDICATOR-arrow"}]}
RESULT: {"script":"<script> [1562 bytes]","args":[{"selector":{"id":"application-manageresources-display-component---newResourceUnit--PLANNING_INDICATOR-arrow"},"wdio_ui5_key":"applicationmanageresources-display-component---newResourceUnit--PLANNING_INDICATOR-arrow"}]}
RESULT: undefined
COMMAND: POST /session/d94fe9d023155d3f6895aef5421fa61d/element - {"using":"xpath","value":"//*[@id=\"application-manageresources-display-component---newResourceUnit--PLANNING_INDICATOR-arrow\"]"}
RESULT: {"using":"xpath","value":"//*[@id=\"application-manageresources-display-component---newResourceUnit--PLANNING_INDICATOR-arrow\"]"}
COMMAND: POST /session/d94fe9d023155d3f6895aef5421fa61d/element/f.95C2E293E0D5F8D5E0F83733146F119E.d.E01DA519CB73E4E31244406B5693A164.e.4341/click - {}
RESULT: {}
COMMAND: POST /session/d94fe9d023155d3f6895aef5421fa61d/execute/async - {"script":"<script> [1562 bytes]","args":[{"selector":{"controlType":"sap.m.StandardListItem","viewName":"reusables.view.manageresources.NewResourceUnit","viewId":"application-manageresources-display-component---newResourceUnit","properties":{"title":"10 - infinite"},"searchOpenDialogs":true,"interaction":{"idSuffix":"content"}},"wdio_ui5_key":"reusablesview.manageresources.NewResourceUnitsap.m.StandardListItem{\"title\":\"10 - infinite\"}"}]}
COMMAND: GET /session/d94fe9d023155d3f6895aef5421fa61d/screenshot - {}
RESULT: {"script":"<script> [1562 bytes]","args":[{"selector":{"controlType":"sap.m.StandardListItem","viewName":"reusables.view.manageresources.NewResourceUnit","viewId":"application-manageresources-display-component---newResourceUnit","properties":{"title":"10 - infinite"},"searchOpenDialogs":true,"interaction":{"idSuffix":"content"}},"wdio_ui5_key":"reusablesview.manageresources.NewResourceUnitsap.m.StandardListItem{\"title\":\"10 - infinite\"}"}]}
RESULT: undefined
COMMAND: POST /session/d94fe9d023155d3f6895aef5421fa61d/element - {"using":"xpath","value":"//*[@id=\"__item5536\"]"}
RESULT: {}
RESULT: {"using":"xpath","value":"//*[@id=\"__item5536\"]"}
COMMAND: POST /session/d94fe9d023155d3f6895aef5421fa61d/element/f.95C2E293E0D5F8D5E0F83733146F119E.d.E01DA519CB73E4E31244406B5693A164.e.4343/click - {}
RESULT: {}
COMMAND: GET /session/d94fe9d023155d3f6895aef5421fa61d/screenshot - {}
RESULT: {}
COMMAND: POST /session/d94fe9d023155d3f6895aef5421fa61d/element - {"using":"xpath","value":"//bdi[contains(text(), \"Time Segment\")]"}
RESULT: {"using":"xpath","value":"//bdi[contains(text(), \"Time Segment\")]"}
COMMAND: GET /session/d94fe9d023155d3f6895aef5421fa61d/element/f.95C2E293E0D5F8D5E0F83733146F119E.d.E01DA519CB73E4E31244406B5693A164.e.4344/rect - {}
RESULT: {}
COMMAND: GET /session/d94fe9d023155d3f6895aef5421fa61d/window/rect - {}
RESULT: {}
COMMAND: POST /session/d94fe9d023155d3f6895aef5421fa61d/execute/sync - {"script":"<script> [92 bytes]","args":[]}
RESULT: {"script":"<script> [92 bytes]","args":[]}
COMMAND: POST /session/d94fe9d023155d3f6895aef5421fa61d/actions - {"actions":[{"id":"action32","type":"wheel","parameters":{},"actions":[{"type":"scroll","x":-1820,"y":-21,"deltaX":0,"deltaY":0,"duration":0,"origin":{"element-6066-11e4-a52e-4f735466cecf":"f.95C2E293E0D5F8D5E0F83733146F119E.d.E01DA519CB73E4E31244406B5693A164.e.4344"}}]}]}
COMMAND: GET /session/d94fe9d023155d3f6895aef5421fa61d/screenshot - {}
RESULT: {}
COMMAND: POST /session/d94fe9d023155d3f6895aef5421fa61d/execute/sync - {"script":"<script> [79 bytes]","args":[{"element-6066-11e4-a52e-4f735466cecf":"f.95C2E293E0D5F8D5E0F83733146F119E.d.E01DA519CB73E4E31244406B5693A164.e.4344","ELEMENT":"f.95C2E293E0D5F8D5E0F83733146F119E.d.E01DA519CB73E4E31244406B5693A164.e.4344"},{"block":"start","inline":"nearest"}]}
RESULT: {"script":"<script> [79 bytes]","args":[{"element-6066-11e4-a52e-4f735466cecf":"f.95C2E293E0D5F8D5E0F83733146F119E.d.E01DA519CB73E4E31244406B5693A164.e.4344","ELEMENT":"f.95C2E293E0D5F8D5E0F83733146F119E.d.E01DA519CB73E4E31244406B5693A164.e.4344"},{"block":"start","inline":"nearest"}]}
COMMAND: GET /session/d94fe9d023155d3f6895aef5421fa61d/screenshot - {}
RESULT: {}
COMMAND: POST /session/d94fe9d023155d3f6895aef5421fa61d/element - {"using":"xpath","value":"//span[@id=\"application-manageresources-display-component---newResourceUnit--btnAddTimeSegment-img\"]"}
RESULT: {"using":"xpath","value":"//span[@id=\"application-manageresources-display-component---newResourceUnit--btnAddTimeSegment-img\"]"}
COMMAND: POST /session/d94fe9d023155d3f6895aef5421fa61d/execute/sync - {"script":"<script> [8489 bytes]","args":[{"element-6066-11e4-a52e-4f735466cecf":"f.95C2E293E0D5F8D5E0F83733146F119E.d.E01DA519CB73E4E31244406B5693A164.e.4347","ELEMENT":"f.95C2E293E0D5F8D5E0F83733146F119E.d.E01DA519CB73E4E31244406B5693A164.e.4347"}]}
RESULT: {"script":"<script> [8489 bytes]","args":[{"element-6066-11e4-a52e-4f735466cecf":"f.95C2E293E0D5F8D5E0F83733146F119E.d.E01DA519CB73E4E31244406B5693A164.e.4347","ELEMENT":"f.95C2E293E0D5F8D5E0F83733146F119E.d.E01DA519CB73E4E31244406B5693A164.e.4347"}]}
COMMAND: POST /session/d94fe9d023155d3f6895aef5421fa61d/element/f.95C2E293E0D5F8D5E0F83733146F119E.d.E01DA519CB73E4E31244406B5693A164.e.4347/click - {}
COMMAND: GET /session/d94fe9d023155d3f6895aef5421fa61d/screenshot - {}
RESULT: {}
COMMAND: GET /session/d94fe9d023155d3f6895aef5421fa61d/screenshot - {}
COMMAND: POST /session/d94fe9d023155d3f6895aef5421fa61d/element - {"using":"xpath","value":"//input[@id=\"application-manageresources-display-component---newResourceUnit--idRuTSAdmin-application-manageresources-display-component---newResourceUnit--RUTimeSegment-0-inner\"]"}
RESULT: {}
RESULT: {}
RESULT: {"using":"xpath","value":"//input[@id=\"application-manageresources-display-component---newResourceUnit--idRuTSAdmin-application-manageresources-display-component---newResourceUnit--RUTimeSegment-0-inner\"]"}
COMMAND: POST /session/d94fe9d023155d3f6895aef5421fa61d/element/f.95C2E293E0D5F8D5E0F83733146F119E.d.E01DA519CB73E4E31244406B5693A164.e.4350/clear - {}
RESULT: {}
COMMAND: POST /session/d94fe9d023155d3f6895aef5421fa61d/element/f.95C2E293E0D5F8D5E0F83733146F119E.d.E01DA519CB73E4E31244406B5693A164.e.4350/value - {"text":"WebdriverYard2rvq3"}
COMMAND: GET /session/d94fe9d023155d3f6895aef5421fa61d/screenshot - {}
RESULT: {"text":"WebdriverYard2rvq3"}
COMMAND: GET /session/d94fe9d023155d3f6895aef5421fa61d/screenshot - {}
RESULT: {}
RESULT: {}
COMMAND: POST /session/d94fe9d023155d3f6895aef5421fa61d/actions - {"actions":[{"id":"action33","type":"key","parameters":{},"actions":[{"type":"keyDown","value":"î€‡"},{"type":"pause","duration":10},{"type":"keyUp","value":"î€‡"}]}]}
RESULT: {"actions":[{"id":"action33","type":"key","parameters":{},"actions":[{"type":"keyDown","value":"î€‡"},{"type":"pause","duration":10},{"type":"keyUp","value":"î€‡"}]}]}
COMMAND: GET /session/d94fe9d023155d3f6895aef5421fa61d/screenshot - {}
RESULT: {}
COMMAND: POST /session/d94fe9d023155d3f6895aef5421fa61d/execute/async - {"script":"<script> [1562 bytes]","args":[{"selector":{"controlType":"sap.m.Button","viewName":"reusables.view.manageresources.NewResourceUnit","viewId":"application-manageresources-display-component---newResourceUnit","i18NText":{"propertyName":"tooltip","key":"save"},"interaction":{"idSuffix":"BDI-content"}},"wdio_ui5_key":"reusablesview.manageresources.NewResourceUnitsap.m.Button{\"propertyName\":\"tooltip\",\"key\":\"save\"}"}]}
RESULT: {"script":"<script> [1562 bytes]","args":[{"selector":{"controlType":"sap.m.Button","viewName":"reusables.view.manageresources.NewResourceUnit","viewId":"application-manageresources-display-component---newResourceUnit","i18NText":{"propertyName":"tooltip","key":"save"},"interaction":{"idSuffix":"BDI-content"}},"wdio_ui5_key":"reusablesview.manageresources.NewResourceUnitsap.m.Button{\"propertyName\":\"tooltip\",\"key\":\"save\"}"}]}
RESULT: undefined
COMMAND: POST /session/d94fe9d023155d3f6895aef5421fa61d/element - {"using":"xpath","value":"//*[@id=\"application-manageresources-display-component---newResourceUnit--createRuButton\"]"}
RESULT: {"using":"xpath","value":"//*[@id=\"application-manageresources-display-component---newResourceUnit--createRuButton\"]"}
COMMAND: POST /session/d94fe9d023155d3f6895aef5421fa61d/element/f.95C2E293E0D5F8D5E0F83733146F119E.d.E01DA519CB73E4E31244406B5693A164.e.4275/click - {}
RESULT: {}
COMMAND: GET /session/d94fe9d023155d3f6895aef5421fa61d/screenshot - {}
RESULT: {}
COMMAND: POST /session/d94fe9d023155d3f6895aef5421fa61d/execute/async - {"script":"<script> [1562 bytes]","args":[{"selector":{"controlType":"sap.m.Title","properties":{"text":"Success"},"searchOpenDialogs":true},"wdio_ui5_key":"sapm.Title{\"text\":\"Success\"}"}]}
RESULT: {"script":"<script> [1562 bytes]","args":[{"selector":{"controlType":"sap.m.Title","properties":{"text":"Success"},"searchOpenDialogs":true},"wdio_ui5_key":"sapm.Title{\"text\":\"Success\"}"}]}
RESULT: undefined
COMMAND: POST /session/d94fe9d023155d3f6895aef5421fa61d/execute/async - {"script":"<script> [6424 bytes]","args":[{"element-6066-11e4-a52e-4f735466cecf":"f.95C2E293E0D5F8D5E0F83733146F119E.d.E01DA519CB73E4E31244406B5693A164.e.4365"},"getText",[]]}
RESULT: {"script":"<script> [6424 bytes]","args":[{"element-6066-11e4-a52e-4f735466cecf":"f.95C2E293E0D5F8D5E0F83733146F119E.d.E01DA519CB73E4E31244406B5693A164.e.4365"},"getText",[]]}
COMMAND: POST /session/d94fe9d023155d3f6895aef5421fa61d/element - {"using":"xpath","value":"//*[contains(@id, '__text') and (contains(text(), 'successfully created') or contains(., 'successfully created'))]"}
RESULT: {"using":"xpath","value":"//*[contains(@id, '__text') and (contains(text(), 'successfully created') or contains(., 'successfully created'))]"}
COMMAND: GET /session/d94fe9d023155d3f6895aef5421fa61d/element/f.95C2E293E0D5F8D5E0F83733146F119E.d.E01DA519CB73E4E31244406B5693A164.e.4364/text - {}
RESULT: {}
COMMAND: POST /session/d94fe9d023155d3f6895aef5421fa61d/execute/async - {"script":"<script> [1562 bytes]","args":[{"selector":{"controlType":"sap.m.Button","properties":{"text":"Close"},"searchOpenDialogs":true,"interaction":{"idSuffix":"BDI-content"}},"wdio_ui5_key":"sapm.Button{\"text\":\"Close\"}"}]}
RESULT: {"script":"<script> [1562 bytes]","args":[{"selector":{"controlType":"sap.m.Button","properties":{"text":"Close"},"searchOpenDialogs":true,"interaction":{"idSuffix":"BDI-content"}},"wdio_ui5_key":"sapm.Button{\"text\":\"Close\"}"}]}
RESULT: undefined
COMMAND: POST /session/d94fe9d023155d3f6895aef5421fa61d/element - {"using":"xpath","value":"//*[@id=\"__mbox-btn-1\"]"}
RESULT: {"using":"xpath","value":"//*[@id=\"__mbox-btn-1\"]"}
COMMAND: POST /session/d94fe9d023155d3f6895aef5421fa61d/element/f.95C2E293E0D5F8D5E0F83733146F119E.d.E01DA519CB73E4E31244406B5693A164.e.4362/click - {}
RESULT: {}
COMMAND: GET /session/d94fe9d023155d3f6895aef5421fa61d/screenshot - {}
RESULT: {}
COMMAND: POST /session/d94fe9d023155d3f6895aef5421fa61d/execute/async - {"script":"<script> [1562 bytes]","args":[{"selector":{"controlType":"sap.ui.core.Icon","viewName":"etm.portal.ui.manageresources.view.Detail","viewId":"application-manageresources-display-component---detailRU","properties":{"src":{"regex":{"source":"overflow"}}}},"wdio_ui5_key":"etmportal.ui.manageresources.view.Detailsap.ui.core.Icon{\"src\":{\"regex\":{\"source\":\"overflow\"}}}"}]}
RESULT: {"script":"<script> [1562 bytes]","args":[{"selector":{"controlType":"sap.ui.core.Icon","viewName":"etm.portal.ui.manageresources.view.Detail","viewId":"application-manageresources-display-component---detailRU","properties":{"src":{"regex":{"source":"overflow"}}}},"wdio_ui5_key":"etmportal.ui.manageresources.view.Detailsap.ui.core.Icon{\"src\":{\"regex\":{\"source\":\"overflow\"}}}"}]}
RESULT: undefined
COMMAND: POST /session/d94fe9d023155d3f6895aef5421fa61d/element - {"using":"xpath","value":"//*[@id=\"__title82-_actionsToolbar-overflowButton-img\"]"}
RESULT: {"using":"xpath","value":"//*[@id=\"__title82-_actionsToolbar-overflowButton-img\"]"}
COMMAND: POST /session/d94fe9d023155d3f6895aef5421fa61d/element/f.95C2E293E0D5F8D5E0F83733146F119E.d.E01DA519CB73E4E31244406B5693A164.e.4391/click - {}
RESULT: {}
COMMAND: POST /session/d94fe9d023155d3f6895aef5421fa61d/execute/async - {"script":"<script> [1562 bytes]","args":[{"selector":{"controlType":"sap.m.Button","viewName":"etm.portal.ui.manageresources.view.Detail","viewId":"application-manageresources-display-component---detailRU","i18NText":{"propertyName":"tooltip","key":"closeColumn"},"searchOpenDialogs":true,"interaction":{"idSuffix":"inner"}},"wdio_ui5_key":"etmportal.ui.manageresources.view.Detailsap.m.Button{\"propertyName\":\"tooltip\",\"key\":\"closeColumn\"}"}]}
COMMAND: GET /session/d94fe9d023155d3f6895aef5421fa61d/screenshot - {}
RESULT: {"script":"<script> [1562 bytes]","args":[{"selector":{"controlType":"sap.m.Button","viewName":"etm.portal.ui.manageresources.view.Detail","viewId":"application-manageresources-display-component---detailRU","i18NText":{"propertyName":"tooltip","key":"closeColumn"},"searchOpenDialogs":true,"interaction":{"idSuffix":"inner"}},"wdio_ui5_key":"etmportal.ui.manageresources.view.Detailsap.m.Button{\"propertyName\":\"tooltip\",\"key\":\"closeColumn\"}"}]}
RESULT: undefined
COMMAND: POST /session/d94fe9d023155d3f6895aef5421fa61d/element - {"using":"xpath","value":"//*[@id=\"__button251\"]"}
RESULT: {}
RESULT: {"using":"xpath","value":"//*[@id=\"__button251\"]"}
COMMAND: POST /session/d94fe9d023155d3f6895aef5421fa61d/element/f.95C2E293E0D5F8D5E0F83733146F119E.d.E01DA519CB73E4E31244406B5693A164.e.4393/click - {}
RESULT: {}
COMMAND: GET /session/d94fe9d023155d3f6895aef5421fa61d/screenshot - {}
RESULT: {}
COMMAND: POST /session/d94fe9d023155d3f6895aef5421fa61d/refresh - {}
RESULT: {}
COMMAND: GET /session/d94fe9d023155d3f6895aef5421fa61d/screenshot - {}
RESULT: {}
RESULT: undefined
COMMAND: POST /session/d94fe9d023155d3f6895aef5421fa61d/execute/async - {"script":"<script> [189 bytes]","args":[]}
RESULT: {"script":"<script> [189 bytes]","args":[]}
COMMAND: POST /session/d94fe9d023155d3f6895aef5421fa61d/execute/async - {"script":"<script> [123 bytes]","args":[]}
RESULT: {"script":"<script> [123 bytes]","args":[]}
COMMAND: POST /session/d94fe9d023155d3f6895aef5421fa61d/timeouts - {"script":"<number>"}
RESULT: {"script":"<number>"}
COMMAND: GET /session/d94fe9d023155d3f6895aef5421fa61d/timeouts - {}
RESULT: {}
RESULT: undefined
COMMAND: POST /session/d94fe9d023155d3f6895aef5421fa61d/execute/async - {"script":"<script> [2676 bytes]","args":[]}
RESULT: {"script":"<script> [2676 bytes]","args":[]}
COMMAND: POST /session/d94fe9d023155d3f6895aef5421fa61d/execute/async - {"script":"<script> [2342 bytes]","args":[{"protocol":"http","hostname":"0.0.0.0","path":"/","capabilities":{"browserName":"chrome","goog:chromeOptions":{"binary":"C:\\Program Files\\Google\\Chrome\\Application\\chrome.exe","args":["--start-maximized"]}},"logLevel":"warn","connectionRetryTimeout":120000,"connectionRetryCount":3,"logLevels":{},"enableDirectConnect":true,"strictSSL":true,"_":"65 more keys: [\"cacheDir\",\"port\",\"requestedCapabilities\",\"automationProtocol\",\"baseUrl\",\"waitforInterval\",\"waitforTimeout\",\"onReload\",\"beforeCommand\",\"afterCommand\",\"rootDir\",\"specs\",\"suites\",\"exclude\",\"groupLogsByTestSpec\",\"excludeDriverLogs\",\"bail\",\"framework\",\"reporters\",\"services\",\"maxInstances\",\"maxInstancesPerCapability\",\"injectGlobals\",\"filesToWatch\",\"execArgv\",\"runnerEnv\",\"runner\",\"shard\",\"specFileRetries\",\"specFileRetriesDelay\",\"specFileRetriesDeferred\",\"reporterSyncInterval\",\"reporterSyncTimeout\",\"cucumberFeaturesWithLineNumbers\",\"autoCompileOpts\",\"mochaOpts\",\"jasmineOpts\",\"cucumberOpts\",\"onPrepare\",\"onWorkerStart\",\"onWorkerEnd\",\"before\",\"beforeSession\",\"beforeSuite\",\"beforeHook\",\"beforeTest\",\"afterTest\",\"afterHook\",\"afterSuite\",\"afterSession\",\"after\",\"onComplete\",\"beforeAssertion\",\"afterAssertion\",\"beforeFeature\",\"beforeScenario\",\"beforeStep\",\"afterStep\",\"afterScenario\",\"afterFeature\",\"_\",\"suite\",\"$0\",\"ignoredWorkerServices\",\"wdi5\"]"}]}
RESULT: {"script":"<script> [2342 bytes]","args":[{"protocol":"http","hostname":"0.0.0.0","path":"/","capabilities":{"browserName":"chrome","goog:chromeOptions":{"binary":"C:\\Program Files\\Google\\Chrome\\Application\\chrome.exe","args":["--start-maximized"]}},"logLevel":"warn","connectionRetryTimeout":120000,"connectionRetryCount":3,"logLevels":{},"enableDirectConnect":true,"strictSSL":true,"_":"65 more keys: [\"cacheDir\",\"port\",\"requestedCapabilities\",\"automationProtocol\",\"baseUrl\",\"waitforInterval\",\"waitforTimeout\",\"onReload\",\"beforeCommand\",\"afterCommand\",\"rootDir\",\"specs\",\"suites\",\"exclude\",\"groupLogsByTestSpec\",\"excludeDriverLogs\",\"bail\",\"framework\",\"reporters\",\"services\",\"maxInstances\",\"maxInstancesPerCapability\",\"injectGlobals\",\"filesToWatch\",\"execArgv\",\"runnerEnv\",\"runner\",\"shard\",\"specFileRetries\",\"specFileRetriesDelay\",\"specFileRetriesDeferred\",\"reporterSyncInterval\",\"reporterSyncTimeout\",\"cucumberFeaturesWithLineNumbers\",\"autoCompileOpts\",\"mochaOpts\",\"jasmineOpts\",\"cucumberOpts\",\"onPrepare\",\"onWorkerStart\",\"onWorkerEnd\",\"before\",\"beforeSession\",\"beforeSuite\",\"beforeHook\",\"beforeTest\",\"afterTest\",\"afterHook\",\"afterSuite\",\"afterSession\",\"after\",\"onComplete\",\"beforeAssertion\",\"afterAssertion\",\"beforeFeature\",\"beforeScenario\",\"beforeStep\",\"afterStep\",\"afterScenario\",\"afterFeature\",\"_\",\"suite\",\"$0\",\"ignoredWorkerServices\",\"wdi5\"]"}]}
COMMAND: POST /session/d94fe9d023155d3f6895aef5421fa61d/execute/async - {"script":"<script> [21126 bytes]","args":[35000]}
RESULT: {"script":"<script> [21126 bytes]","args":[35000]}
COMMAND: POST /session/d94fe9d023155d3f6895aef5421fa61d/element - {"using":"css selector","value":"#shell-header-logo"}
RESULT: {"using":"css selector","value":"#shell-header-logo"}
COMMAND: POST /session/d94fe9d023155d3f6895aef5421fa61d/element/f.95C2E293E0D5F8D5E0F83733146F119E.d.9259FA794F72ABEFF427ADB74F468682.e.4589/click - {}
RESULT: {}
COMMAND: GET /session/d94fe9d023155d3f6895aef5421fa61d/screenshot - {}
COMMAND: POST /session/d94fe9d023155d3f6895aef5421fa61d/element - {"using":"css selector","value":"#shell-header-logo"}
RESULT: {}
RESULT: {"using":"css selector","value":"#shell-header-logo"}
COMMAND: POST /session/d94fe9d023155d3f6895aef5421fa61d/element/f.95C2E293E0D5F8D5E0F83733146F119E.d.9259FA794F72ABEFF427ADB74F468682.e.4772/click - {}
RESULT: {}
COMMAND: GET /session/d94fe9d023155d3f6895aef5421fa61d/screenshot - {}
RESULT: {}
]]></system-out>
    </testcase>
    <testcase classname="chrome.135_0_7049_96.windows.Manage_request_+_Contract_processing_pick_up_option_US120163_" name="Should Create New Request pick up option" time="145.034">
      <system-out><![CDATA[
COMMAND: POST /session/d94fe9d023155d3f6895aef5421fa61d/element - {"using":"css selector","value":"#shell-header-logo"}
RESULT: {"using":"css selector","value":"#shell-header-logo"}
COMMAND: POST /session/d94fe9d023155d3f6895aef5421fa61d/element/f.95C2E293E0D5F8D5E0F83733146F119E.d.9259FA794F72ABEFF427ADB74F468682.e.4772/click - {}
RESULT: {}
COMMAND: GET /session/d94fe9d023155d3f6895aef5421fa61d/screenshot - {}
RESULT: {}
COMMAND: POST /session/d94fe9d023155d3f6895aef5421fa61d/execute/async - {"script":"<script> [1562 bytes]","args":[{"selector":{"controlType":"sap.m.GenericTile","properties":{"header":"Manage Requests"}},"wdio_ui5_key":"sapm.GenericTile{\"header\":\"Manage Requests\"}"}]}
RESULT: {"script":"<script> [1562 bytes]","args":[{"selector":{"controlType":"sap.m.GenericTile","properties":{"header":"Manage Requests"}},"wdio_ui5_key":"sapm.GenericTile{\"header\":\"Manage Requests\"}"}]}
RESULT: undefined
COMMAND: POST /session/d94fe9d023155d3f6895aef5421fa61d/element - {"using":"xpath","value":"//*[@id=\"__tile47\"]"}
RESULT: {"using":"xpath","value":"//*[@id=\"__tile47\"]"}
COMMAND: POST /session/d94fe9d023155d3f6895aef5421fa61d/element/f.95C2E293E0D5F8D5E0F83733146F119E.d.9259FA794F72ABEFF427ADB74F468682.e.4773/click - {}
RESULT: {}
COMMAND: GET /session/d94fe9d023155d3f6895aef5421fa61d/screenshot - {}
RESULT: {}
COMMAND: POST /session/d94fe9d023155d3f6895aef5421fa61d/refresh - {}
RESULT: {}
COMMAND: GET /session/d94fe9d023155d3f6895aef5421fa61d/screenshot - {}
RESULT: {}
COMMAND: POST /session/d94fe9d023155d3f6895aef5421fa61d/execute/async - {"script":"<script> [189 bytes]","args":[]}
RESULT: {"script":"<script> [189 bytes]","args":[]}
COMMAND: POST /session/d94fe9d023155d3f6895aef5421fa61d/execute/async - {"script":"<script> [123 bytes]","args":[]}
RESULT: {"script":"<script> [123 bytes]","args":[]}
COMMAND: POST /session/d94fe9d023155d3f6895aef5421fa61d/timeouts - {"script":"<number>"}
RESULT: {"script":"<number>"}
COMMAND: GET /session/d94fe9d023155d3f6895aef5421fa61d/timeouts - {}
RESULT: {}
RESULT: undefined
COMMAND: POST /session/d94fe9d023155d3f6895aef5421fa61d/execute/async - {"script":"<script> [2676 bytes]","args":[]}
RESULT: {"script":"<script> [2676 bytes]","args":[]}
COMMAND: POST /session/d94fe9d023155d3f6895aef5421fa61d/execute/async - {"script":"<script> [2342 bytes]","args":[{"protocol":"http","hostname":"0.0.0.0","path":"/","capabilities":{"browserName":"chrome","goog:chromeOptions":{"binary":"C:\\Program Files\\Google\\Chrome\\Application\\chrome.exe","args":["--start-maximized"]}},"logLevel":"warn","connectionRetryTimeout":120000,"connectionRetryCount":3,"logLevels":{},"enableDirectConnect":true,"strictSSL":true,"_":"65 more keys: [\"cacheDir\",\"port\",\"requestedCapabilities\",\"automationProtocol\",\"baseUrl\",\"waitforInterval\",\"waitforTimeout\",\"onReload\",\"beforeCommand\",\"afterCommand\",\"rootDir\",\"specs\",\"suites\",\"exclude\",\"groupLogsByTestSpec\",\"excludeDriverLogs\",\"bail\",\"framework\",\"reporters\",\"services\",\"maxInstances\",\"maxInstancesPerCapability\",\"injectGlobals\",\"filesToWatch\",\"execArgv\",\"runnerEnv\",\"runner\",\"shard\",\"specFileRetries\",\"specFileRetriesDelay\",\"specFileRetriesDeferred\",\"reporterSyncInterval\",\"reporterSyncTimeout\",\"cucumberFeaturesWithLineNumbers\",\"autoCompileOpts\",\"mochaOpts\",\"jasmineOpts\",\"cucumberOpts\",\"onPrepare\",\"onWorkerStart\",\"onWorkerEnd\",\"before\",\"beforeSession\",\"beforeSuite\",\"beforeHook\",\"beforeTest\",\"afterTest\",\"afterHook\",\"afterSuite\",\"afterSession\",\"after\",\"onComplete\",\"beforeAssertion\",\"afterAssertion\",\"beforeFeature\",\"beforeScenario\",\"beforeStep\",\"afterStep\",\"afterScenario\",\"afterFeature\",\"_\",\"suite\",\"$0\",\"ignoredWorkerServices\",\"wdi5\"]"}]}
RESULT: {"script":"<script> [2342 bytes]","args":[{"protocol":"http","hostname":"0.0.0.0","path":"/","capabilities":{"browserName":"chrome","goog:chromeOptions":{"binary":"C:\\Program Files\\Google\\Chrome\\Application\\chrome.exe","args":["--start-maximized"]}},"logLevel":"warn","connectionRetryTimeout":120000,"connectionRetryCount":3,"logLevels":{},"enableDirectConnect":true,"strictSSL":true,"_":"65 more keys: [\"cacheDir\",\"port\",\"requestedCapabilities\",\"automationProtocol\",\"baseUrl\",\"waitforInterval\",\"waitforTimeout\",\"onReload\",\"beforeCommand\",\"afterCommand\",\"rootDir\",\"specs\",\"suites\",\"exclude\",\"groupLogsByTestSpec\",\"excludeDriverLogs\",\"bail\",\"framework\",\"reporters\",\"services\",\"maxInstances\",\"maxInstancesPerCapability\",\"injectGlobals\",\"filesToWatch\",\"execArgv\",\"runnerEnv\",\"runner\",\"shard\",\"specFileRetries\",\"specFileRetriesDelay\",\"specFileRetriesDeferred\",\"reporterSyncInterval\",\"reporterSyncTimeout\",\"cucumberFeaturesWithLineNumbers\",\"autoCompileOpts\",\"mochaOpts\",\"jasmineOpts\",\"cucumberOpts\",\"onPrepare\",\"onWorkerStart\",\"onWorkerEnd\",\"before\",\"beforeSession\",\"beforeSuite\",\"beforeHook\",\"beforeTest\",\"afterTest\",\"afterHook\",\"afterSuite\",\"afterSession\",\"after\",\"onComplete\",\"beforeAssertion\",\"afterAssertion\",\"beforeFeature\",\"beforeScenario\",\"beforeStep\",\"afterStep\",\"afterScenario\",\"afterFeature\",\"_\",\"suite\",\"$0\",\"ignoredWorkerServices\",\"wdi5\"]"}]}
COMMAND: POST /session/d94fe9d023155d3f6895aef5421fa61d/execute/async - {"script":"<script> [21126 bytes]","args":[35000]}
RESULT: {"script":"<script> [21126 bytes]","args":[35000]}
COMMAND: POST /session/d94fe9d023155d3f6895aef5421fa61d/element - {"using":"xpath","value":"//button[contains(@data-kt ,\"btnCreateNewOverflowToolbarButton\")]"}
COMMAND: POST /session/d94fe9d023155d3f6895aef5421fa61d/element - {"using":"xpath","value":"(//span[contains(@class ,\"sapMObjStatusText\")])[1]"}
RESULT: {"using":"xpath","value":"//button[contains(@data-kt ,\"btnCreateNewOverflowToolbarButton\")]"}
COMMAND: POST /session/d94fe9d023155d3f6895aef5421fa61d/element/f.95C2E293E0D5F8D5E0F83733146F119E.d.244C7978D2A1E18078AA9097251931B0.e.4930/click - {}
RESULT: {"using":"xpath","value":"(//span[contains(@class ,\"sapMObjStatusText\")])[1]"}
COMMAND: POST /session/d94fe9d023155d3f6895aef5421fa61d/execute/sync - {"script":"<script> [8489 bytes]","args":[{"element-6066-11e4-a52e-4f735466cecf":"f.95C2E293E0D5F8D5E0F83733146F119E.d.244C7978D2A1E18078AA9097251931B0.e.4972","ELEMENT":"f.95C2E293E0D5F8D5E0F83733146F119E.d.244C7978D2A1E18078AA9097251931B0.e.4972"}]}
RESULT: {}
COMMAND: GET /session/d94fe9d023155d3f6895aef5421fa61d/screenshot - {}
RESULT: {"script":"<script> [8489 bytes]","args":[{"element-6066-11e4-a52e-4f735466cecf":"f.95C2E293E0D5F8D5E0F83733146F119E.d.244C7978D2A1E18078AA9097251931B0.e.4972","ELEMENT":"f.95C2E293E0D5F8D5E0F83733146F119E.d.244C7978D2A1E18078AA9097251931B0.e.4972"}]}
COMMAND: GET /session/d94fe9d023155d3f6895aef5421fa61d/screenshot - {}
RESULT: {}
RESULT: {}
COMMAND: POST /session/d94fe9d023155d3f6895aef5421fa61d/element - {"using":"xpath","value":"//input[contains(@id ,\"yardId-inner\")]"}
RESULT: {"using":"xpath","value":"//input[contains(@id ,\"yardId-inner\")]"}
COMMAND: POST /session/d94fe9d023155d3f6895aef5421fa61d/execute/sync - {"script":"<script> [8489 bytes]","args":[{"element-6066-11e4-a52e-4f735466cecf":"f.95C2E293E0D5F8D5E0F83733146F119E.d.244C7978D2A1E18078AA9097251931B0.e.5168","ELEMENT":"f.95C2E293E0D5F8D5E0F83733146F119E.d.244C7978D2A1E18078AA9097251931B0.e.5168"}]}
RESULT: {"script":"<script> [8489 bytes]","args":[{"element-6066-11e4-a52e-4f735466cecf":"f.95C2E293E0D5F8D5E0F83733146F119E.d.244C7978D2A1E18078AA9097251931B0.e.5168","ELEMENT":"f.95C2E293E0D5F8D5E0F83733146F119E.d.244C7978D2A1E18078AA9097251931B0.e.5168"}]}
COMMAND: POST /session/d94fe9d023155d3f6895aef5421fa61d/element - {"using":"xpath","value":"//input[contains(@id ,\"requestContractNo-inner\")]"}
COMMAND: POST /session/d94fe9d023155d3f6895aef5421fa61d/element - {"using":"xpath","value":"//input[contains(@id ,\"yardId-inner\")]"}
COMMAND: GET /session/d94fe9d023155d3f6895aef5421fa61d/screenshot - {}
RESULT: {"using":"xpath","value":"//input[contains(@id ,\"requestContractNo-inner\")]"}
COMMAND: POST /session/d94fe9d023155d3f6895aef5421fa61d/element/f.95C2E293E0D5F8D5E0F83733146F119E.d.244C7978D2A1E18078AA9097251931B0.e.5163/value - {"text":"10677"}
RESULT: {"using":"xpath","value":"//input[contains(@id ,\"yardId-inner\")]"}
COMMAND: GET /session/d94fe9d023155d3f6895aef5421fa61d/element/f.95C2E293E0D5F8D5E0F83733146F119E.d.244C7978D2A1E18078AA9097251931B0.e.5168/enabled - {}
RESULT: {}
RESULT: {"text":"10677"}
COMMAND: GET /session/d94fe9d023155d3f6895aef5421fa61d/screenshot - {}
RESULT: {}
COMMAND: GET /session/d94fe9d023155d3f6895aef5421fa61d/screenshot - {}
RESULT: {}
RESULT: {}
COMMAND: POST /session/d94fe9d023155d3f6895aef5421fa61d/execute/async - {"script":"<script> [1562 bytes]","args":[{"selector":{"controlType":"sap.m.Button","viewName":"etm.portal.ui.managerequests.view.NewRequest","properties":{"text":"Items"},"interaction":{"idSuffix":"BDI-content"}},"wdio_ui5_key":"etmportal.ui.managerequests.view.NewRequestsap.m.Button{\"text\":\"Items\"}"}]}
RESULT: {"script":"<script> [1562 bytes]","args":[{"selector":{"controlType":"sap.m.Button","viewName":"etm.portal.ui.managerequests.view.NewRequest","properties":{"text":"Items"},"interaction":{"idSuffix":"BDI-content"}},"wdio_ui5_key":"etmportal.ui.managerequests.view.NewRequestsap.m.Button{\"text\":\"Items\"}"}]}
RESULT: undefined
COMMAND: POST /session/d94fe9d023155d3f6895aef5421fa61d/element - {"using":"xpath","value":"//*[@id=\"__xmlview1--newRequestPage-anchBar-__xmlview1--requestItemsSection-anchor\"]"}
RESULT: {"using":"xpath","value":"//*[@id=\"__xmlview1--newRequestPage-anchBar-__xmlview1--requestItemsSection-anchor\"]"}
COMMAND: POST /session/d94fe9d023155d3f6895aef5421fa61d/element/f.95C2E293E0D5F8D5E0F83733146F119E.d.244C7978D2A1E18078AA9097251931B0.e.5326/click - {}
RESULT: {}
COMMAND: GET /session/d94fe9d023155d3f6895aef5421fa61d/screenshot - {}
RESULT: {}
COMMAND: POST /session/d94fe9d023155d3f6895aef5421fa61d/execute/async - {"script":"<script> [1562 bytes]","args":[{"selector":{"controlType":"sap.ui.core.Icon","viewName":"etm.portal.ui.managerequests.view.NewRequest","properties":{"src":{"regex":{"source":"inspect"}}}},"wdio_ui5_key":"etmportal.ui.managerequests.view.NewRequestsap.ui.core.Icon{\"src\":{\"regex\":{\"source\":\"inspect\"}}}"}]}
RESULT: {"script":"<script> [1562 bytes]","args":[{"selector":{"controlType":"sap.ui.core.Icon","viewName":"etm.portal.ui.managerequests.view.NewRequest","properties":{"src":{"regex":{"source":"inspect"}}}},"wdio_ui5_key":"etmportal.ui.managerequests.view.NewRequestsap.ui.core.Icon{\"src\":{\"regex\":{\"source\":\"inspect\"}}}"}]}
RESULT: undefined
COMMAND: POST /session/d94fe9d023155d3f6895aef5421fa61d/element - {"using":"xpath","value":"//*[@id=\"__button8-img\"]"}
RESULT: {"using":"xpath","value":"//*[@id=\"__button8-img\"]"}
COMMAND: POST /session/d94fe9d023155d3f6895aef5421fa61d/element/f.95C2E293E0D5F8D5E0F83733146F119E.d.244C7978D2A1E18078AA9097251931B0.e.5331/click - {}
RESULT: {}
COMMAND: GET /session/d94fe9d023155d3f6895aef5421fa61d/screenshot - {}
RESULT: {}
COMMAND: POST /session/d94fe9d023155d3f6895aef5421fa61d/execute/async - {"script":"<script> [1562 bytes]","args":[{"selector":{"controlType":"sap.ui.core.Icon","viewName":"etm.portal.ui.managerequests.view.NewRequest","properties":{"src":{"regex":{"source":"add"}}}},"wdio_ui5_key":"etmportal.ui.managerequests.view.NewRequestsap.ui.core.Icon{\"src\":{\"regex\":{\"source\":\"add\"}}}"}]}
RESULT: {"script":"<script> [1562 bytes]","args":[{"selector":{"controlType":"sap.ui.core.Icon","viewName":"etm.portal.ui.managerequests.view.NewRequest","properties":{"src":{"regex":{"source":"add"}}}},"wdio_ui5_key":"etmportal.ui.managerequests.view.NewRequestsap.ui.core.Icon{\"src\":{\"regex\":{\"source\":\"add\"}}}"}]}
RESULT: undefined
COMMAND: POST /session/d94fe9d023155d3f6895aef5421fa61d/element - {"using":"xpath","value":"//*[@id=\"__xmlview1--btnAddTableRow-img\"]"}
RESULT: {"using":"xpath","value":"//*[@id=\"__xmlview1--btnAddTableRow-img\"]"}
COMMAND: POST /session/d94fe9d023155d3f6895aef5421fa61d/element/f.95C2E293E0D5F8D5E0F83733146F119E.d.244C7978D2A1E18078AA9097251931B0.e.5142/click - {}
RESULT: {}
COMMAND: GET /session/d94fe9d023155d3f6895aef5421fa61d/screenshot - {}
RESULT: {}
COMMAND: POST /session/d94fe9d023155d3f6895aef5421fa61d/execute/async - {"script":"<script> [1562 bytes]","args":[{"selector":{"controlType":"sap.ui.unified.MenuItem","viewName":"etm.portal.ui.managerequests.view.NewRequest","i18NText":{"propertyName":"text","key":"standardEntry"},"searchOpenDialogs":true,"interaction":{"idSuffix":"txt"}},"wdio_ui5_key":"etmportal.ui.managerequests.view.NewRequestsap.ui.unified.MenuItem{\"propertyName\":\"text\",\"key\":\"standardEntry\"}"}]}
RESULT: {"script":"<script> [1562 bytes]","args":[{"selector":{"controlType":"sap.ui.unified.MenuItem","viewName":"etm.portal.ui.managerequests.view.NewRequest","i18NText":{"propertyName":"text","key":"standardEntry"},"searchOpenDialogs":true,"interaction":{"idSuffix":"txt"}},"wdio_ui5_key":"etmportal.ui.managerequests.view.NewRequestsap.ui.unified.MenuItem{\"propertyName\":\"text\",\"key\":\"standardEntry\"}"}]}
RESULT: undefined
COMMAND: POST /session/d94fe9d023155d3f6895aef5421fa61d/element - {"using":"xpath","value":"//*[@id=\"__item178\"]"}
RESULT: {"using":"xpath","value":"//*[@id=\"__item178\"]"}
COMMAND: POST /session/d94fe9d023155d3f6895aef5421fa61d/element/f.95C2E293E0D5F8D5E0F83733146F119E.d.244C7978D2A1E18078AA9097251931B0.e.5340/click - {}
RESULT: {}
COMMAND: GET /session/d94fe9d023155d3f6895aef5421fa61d/screenshot - {}
RESULT: undefined
COMMAND: POST /session/d94fe9d023155d3f6895aef5421fa61d/element - {"using":"xpath","value":"//*[@id=\"__xmlview1--btnAddTableRow-img\"]"}
RESULT: {}
RESULT: {"using":"xpath","value":"//*[@id=\"__xmlview1--btnAddTableRow-img\"]"}
COMMAND: POST /session/d94fe9d023155d3f6895aef5421fa61d/element/f.95C2E293E0D5F8D5E0F83733146F119E.d.244C7978D2A1E18078AA9097251931B0.e.5142/click - {}
RESULT: {}
COMMAND: GET /session/d94fe9d023155d3f6895aef5421fa61d/screenshot - {}
RESULT: {}
RESULT: undefined
COMMAND: POST /session/d94fe9d023155d3f6895aef5421fa61d/element - {"using":"xpath","value":"//*[@id=\"__item178\"]"}
RESULT: {"using":"xpath","value":"//*[@id=\"__item178\"]"}
COMMAND: POST /session/d94fe9d023155d3f6895aef5421fa61d/element/f.95C2E293E0D5F8D5E0F83733146F119E.d.244C7978D2A1E18078AA9097251931B0.e.5356/click - {}
RESULT: {}
COMMAND: GET /session/d94fe9d023155d3f6895aef5421fa61d/screenshot - {}
RESULT: {}
COMMAND: POST /session/d94fe9d023155d3f6895aef5421fa61d/element - {"using":"xpath","value":"(//input[contains(@id ,\"requestItemsTable-0-inner\")])[5]"}
RESULT: {"using":"xpath","value":"(//input[contains(@id ,\"requestItemsTable-0-inner\")])[5]"}
COMMAND: POST /session/d94fe9d023155d3f6895aef5421fa61d/element/f.95C2E293E0D5F8D5E0F83733146F119E.d.244C7978D2A1E18078AA9097251931B0.e.5346/clear - {}
RESULT: {}
COMMAND: POST /session/d94fe9d023155d3f6895aef5421fa61d/element/f.95C2E293E0D5F8D5E0F83733146F119E.d.244C7978D2A1E18078AA9097251931B0.e.5346/value - {"text":"1000001"}
COMMAND: GET /session/d94fe9d023155d3f6895aef5421fa61d/screenshot - {}
RESULT: {"text":"1000001"}
COMMAND: GET /session/d94fe9d023155d3f6895aef5421fa61d/screenshot - {}
RESULT: {}
RESULT: {}
COMMAND: POST /session/d94fe9d023155d3f6895aef5421fa61d/actions - {"actions":[{"id":"action34","type":"key","parameters":{},"actions":[{"type":"keyDown","value":"î€‡"},{"type":"pause","duration":10},{"type":"keyUp","value":"î€‡"}]}]}
RESULT: {"actions":[{"id":"action34","type":"key","parameters":{},"actions":[{"type":"keyDown","value":"î€‡"},{"type":"pause","duration":10},{"type":"keyUp","value":"î€‡"}]}]}
COMMAND: POST /session/d94fe9d023155d3f6895aef5421fa61d/element - {"using":"xpath","value":"(//input[contains(@id ,\"requestItemsTable-1-inner\")])[5]"}
COMMAND: GET /session/d94fe9d023155d3f6895aef5421fa61d/screenshot - {}
RESULT: {"using":"xpath","value":"(//input[contains(@id ,\"requestItemsTable-1-inner\")])[5]"}
COMMAND: POST /session/d94fe9d023155d3f6895aef5421fa61d/element/f.95C2E293E0D5F8D5E0F83733146F119E.d.244C7978D2A1E18078AA9097251931B0.e.5362/clear - {}
RESULT: {}
RESULT: {}
COMMAND: POST /session/d94fe9d023155d3f6895aef5421fa61d/element/f.95C2E293E0D5F8D5E0F83733146F119E.d.244C7978D2A1E18078AA9097251931B0.e.5362/value - {"text":"200514"}
COMMAND: GET /session/d94fe9d023155d3f6895aef5421fa61d/screenshot - {}
RESULT: {"text":"200514"}
COMMAND: GET /session/d94fe9d023155d3f6895aef5421fa61d/screenshot - {}
RESULT: {}
RESULT: {}
COMMAND: POST /session/d94fe9d023155d3f6895aef5421fa61d/actions - {"actions":[{"id":"action35","type":"key","parameters":{},"actions":[{"type":"keyDown","value":"î€‡"},{"type":"pause","duration":10},{"type":"keyUp","value":"î€‡"}]}]}
RESULT: {"actions":[{"id":"action35","type":"key","parameters":{},"actions":[{"type":"keyDown","value":"î€‡"},{"type":"pause","duration":10},{"type":"keyUp","value":"î€‡"}]}]}
COMMAND: POST /session/d94fe9d023155d3f6895aef5421fa61d/element - {"using":"xpath","value":"//div[contains(@data-kt ,\"splitAllocationObjectStatus\")]"}
COMMAND: GET /session/d94fe9d023155d3f6895aef5421fa61d/screenshot - {}
RESULT: {"using":"xpath","value":"//div[contains(@data-kt ,\"splitAllocationObjectStatus\")]"}
COMMAND: POST /session/d94fe9d023155d3f6895aef5421fa61d/elements - {"using":"xpath","value":"//div[contains(@data-kt ,\"splitAllocationObjectStatus\")]"}
RESULT: {}
RESULT: {"using":"xpath","value":"//div[contains(@data-kt ,\"splitAllocationObjectStatus\")]"}
COMMAND: POST /session/d94fe9d023155d3f6895aef5421fa61d/execute/async - {"script":"<script> [1562 bytes]","args":[{"selector":{"controlType":"sap.ui.core.Icon","viewName":"etm.portal.ui.managerequests.view.NewRequest","properties":{"src":{"regex":{"source":"message\\-error"}}},"ancestor":{"controlType":"sap.m.ColumnListItem","viewName":"etm.portal.ui.managerequests.view.NewRequest","bindingPath":{"modelName":"newRequestItems","path":"/RequestItems/0"},"ancestor":{"id":"requestItemsTable","viewName":"etm.portal.ui.managerequests.view.NewRequest"}}},"wdio_ui5_key":"etmportal.ui.managerequests.view.NewRequestsap.ui.core.Icon{\"src\":{\"regex\":{\"source\":\"message\\\\-error\"}}}{\"controlType\":\"sap.m.ColumnListItem\",\"viewName\":\"etm.portal.ui.managerequests.view.NewRequest\",\"bindingPath\":{\"modelName\":\"newRequestItems\",\"path\":\"/RequestItems/0\"},\"ancestor\":{\"id\":\"requestItemsTable\",\"viewName\":\"etm.portal.ui.managerequests.view.NewRequest\"}}"}]}
RESULT: {"script":"<script> [1562 bytes]","args":[{"selector":{"controlType":"sap.ui.core.Icon","viewName":"etm.portal.ui.managerequests.view.NewRequest","properties":{"src":{"regex":{"source":"message\\-error"}}},"ancestor":{"controlType":"sap.m.ColumnListItem","viewName":"etm.portal.ui.managerequests.view.NewRequest","bindingPath":{"modelName":"newRequestItems","path":"/RequestItems/0"},"ancestor":{"id":"requestItemsTable","viewName":"etm.portal.ui.managerequests.view.NewRequest"}}},"wdio_ui5_key":"etmportal.ui.managerequests.view.NewRequestsap.ui.core.Icon{\"src\":{\"regex\":{\"source\":\"message\\\\-error\"}}}{\"controlType\":\"sap.m.ColumnListItem\",\"viewName\":\"etm.portal.ui.managerequests.view.NewRequest\",\"bindingPath\":{\"modelName\":\"newRequestItems\",\"path\":\"/RequestItems/0\"},\"ancestor\":{\"id\":\"requestItemsTable\",\"viewName\":\"etm.portal.ui.managerequests.view.NewRequest\"}}"}]}
RESULT: undefined
COMMAND: POST /session/d94fe9d023155d3f6895aef5421fa61d/element - {"using":"xpath","value":"//*[@id=\"__status4-__xmlview1--requestItemsTable-0-icon\"]"}
RESULT: {"using":"xpath","value":"//*[@id=\"__status4-__xmlview1--requestItemsTable-0-icon\"]"}
COMMAND: POST /session/d94fe9d023155d3f6895aef5421fa61d/element/f.95C2E293E0D5F8D5E0F83733146F119E.d.244C7978D2A1E18078AA9097251931B0.e.5379/click - {}
RESULT: {}
COMMAND: GET /session/d94fe9d023155d3f6895aef5421fa61d/screenshot - {}
RESULT: {}
COMMAND: POST /session/d94fe9d023155d3f6895aef5421fa61d/execute/async - {"script":"<script> [1562 bytes]","args":[{"selector":{"id":"costObjectAdminTypeComboBox","viewName":"etm.portal.ui.managerequests.view.NewRequest","searchOpenDialogs":true,"interaction":{"idSuffix":"inner"}},"wdio_ui5_key":"costObjectAdminTypeComboBoxetmportal.ui.managerequests.view.NewRequest"}]}
RESULT: {"script":"<script> [1562 bytes]","args":[{"selector":{"id":"costObjectAdminTypeComboBox","viewName":"etm.portal.ui.managerequests.view.NewRequest","searchOpenDialogs":true,"interaction":{"idSuffix":"inner"}},"wdio_ui5_key":"costObjectAdminTypeComboBoxetmportal.ui.managerequests.view.NewRequest"}]}
RESULT: undefined
COMMAND: POST /session/d94fe9d023155d3f6895aef5421fa61d/execute/async - {"script":"<script> [776 bytes]","args":[{"enterText":"Cost Center","selector":{"id":"costObjectAdminTypeComboBox","viewName":"etm.portal.ui.managerequests.view.NewRequest","searchOpenDialogs":true,"interaction":{"idSuffix":"inner"}},"clearTextFirst":true,"interactionType":"ENTER_TEXT"}]}
RESULT: {"script":"<script> [776 bytes]","args":[{"enterText":"Cost Center","selector":{"id":"costObjectAdminTypeComboBox","viewName":"etm.portal.ui.managerequests.view.NewRequest","searchOpenDialogs":true,"interaction":{"idSuffix":"inner"}},"clearTextFirst":true,"interactionType":"ENTER_TEXT"}]}
COMMAND: POST /session/d94fe9d023155d3f6895aef5421fa61d/actions - {"actions":[{"id":"action36","type":"key","parameters":{},"actions":[{"type":"keyDown","value":"î€‡"},{"type":"pause","duration":10},{"type":"keyUp","value":"î€‡"}]}]}
RESULT: {"actions":[{"id":"action36","type":"key","parameters":{},"actions":[{"type":"keyDown","value":"î€‡"},{"type":"pause","duration":10},{"type":"keyUp","value":"î€‡"}]}]}
COMMAND: GET /session/d94fe9d023155d3f6895aef5421fa61d/screenshot - {}
RESULT: {}
COMMAND: POST /session/d94fe9d023155d3f6895aef5421fa61d/execute/async - {"script":"<script> [1562 bytes]","args":[{"selector":{"id":"costObjectIdComboBox","viewName":"etm.portal.ui.managerequests.view.NewRequest","searchOpenDialogs":true,"interaction":{"idSuffix":"inner"}},"wdio_ui5_key":"costObjectIdComboBoxetmportal.ui.managerequests.view.NewRequest"}]}
RESULT: {"script":"<script> [1562 bytes]","args":[{"selector":{"id":"costObjectIdComboBox","viewName":"etm.portal.ui.managerequests.view.NewRequest","searchOpenDialogs":true,"interaction":{"idSuffix":"inner"}},"wdio_ui5_key":"costObjectIdComboBoxetmportal.ui.managerequests.view.NewRequest"}]}
RESULT: undefined
COMMAND: POST /session/d94fe9d023155d3f6895aef5421fa61d/execute/async - {"script":"<script> [776 bytes]","args":[{"enterText":"1001 - 1001","selector":{"id":"costObjectIdComboBox","viewName":"etm.portal.ui.managerequests.view.NewRequest","searchOpenDialogs":true,"interaction":{"idSuffix":"inner"}},"clearTextFirst":true,"interactionType":"ENTER_TEXT"}]}
RESULT: {"script":"<script> [776 bytes]","args":[{"enterText":"1001 - 1001","selector":{"id":"costObjectIdComboBox","viewName":"etm.portal.ui.managerequests.view.NewRequest","searchOpenDialogs":true,"interaction":{"idSuffix":"inner"}},"clearTextFirst":true,"interactionType":"ENTER_TEXT"}]}
COMMAND: POST /session/d94fe9d023155d3f6895aef5421fa61d/actions - {"actions":[{"id":"action37","type":"key","parameters":{},"actions":[{"type":"keyDown","value":"î€‡"},{"type":"pause","duration":10},{"type":"keyUp","value":"î€‡"}]}]}
RESULT: {"actions":[{"id":"action37","type":"key","parameters":{},"actions":[{"type":"keyDown","value":"î€‡"},{"type":"pause","duration":10},{"type":"keyUp","value":"î€‡"}]}]}
COMMAND: GET /session/d94fe9d023155d3f6895aef5421fa61d/screenshot - {}
RESULT: {}
COMMAND: POST /session/d94fe9d023155d3f6895aef5421fa61d/element - {"using":"xpath","value":"(//bdi[(text() = 'Save' or . = 'Save')])[1]"}
RESULT: {"using":"xpath","value":"(//bdi[(text() = 'Save' or . = 'Save')])[1]"}
COMMAND: POST /session/d94fe9d023155d3f6895aef5421fa61d/element/f.95C2E293E0D5F8D5E0F83733146F119E.d.244C7978D2A1E18078AA9097251931B0.e.5392/click - {}
RESULT: {}
COMMAND: POST /session/d94fe9d023155d3f6895aef5421fa61d/execute/async - {"script":"<script> [1562 bytes]","args":[{"selector":{"controlType":"sap.ui.core.Icon","viewName":"etm.portal.ui.managerequests.view.NewRequest","properties":{"src":{"regex":{"source":"message\\-error"}}},"ancestor":{"controlType":"sap.m.ColumnListItem","viewName":"etm.portal.ui.managerequests.view.NewRequest","bindingPath":{"modelName":"newRequestItems","path":"/RequestItems/1"},"ancestor":{"id":"requestItemsTable","viewName":"etm.portal.ui.managerequests.view.NewRequest"}}},"wdio_ui5_key":"etmportal.ui.managerequests.view.NewRequestsap.ui.core.Icon{\"src\":{\"regex\":{\"source\":\"message\\\\-error\"}}}{\"controlType\":\"sap.m.ColumnListItem\",\"viewName\":\"etm.portal.ui.managerequests.view.NewRequest\",\"bindingPath\":{\"modelName\":\"newRequestItems\",\"path\":\"/RequestItems/1\"},\"ancestor\":{\"id\":\"requestItemsTable\",\"viewName\":\"etm.portal.ui.managerequests.view.NewRequest\"}}"}]}
COMMAND: GET /session/d94fe9d023155d3f6895aef5421fa61d/screenshot - {}
RESULT: {"script":"<script> [1562 bytes]","args":[{"selector":{"controlType":"sap.ui.core.Icon","viewName":"etm.portal.ui.managerequests.view.NewRequest","properties":{"src":{"regex":{"source":"message\\-error"}}},"ancestor":{"controlType":"sap.m.ColumnListItem","viewName":"etm.portal.ui.managerequests.view.NewRequest","bindingPath":{"modelName":"newRequestItems","path":"/RequestItems/1"},"ancestor":{"id":"requestItemsTable","viewName":"etm.portal.ui.managerequests.view.NewRequest"}}},"wdio_ui5_key":"etmportal.ui.managerequests.view.NewRequestsap.ui.core.Icon{\"src\":{\"regex\":{\"source\":\"message\\\\-error\"}}}{\"controlType\":\"sap.m.ColumnListItem\",\"viewName\":\"etm.portal.ui.managerequests.view.NewRequest\",\"bindingPath\":{\"modelName\":\"newRequestItems\",\"path\":\"/RequestItems/1\"},\"ancestor\":{\"id\":\"requestItemsTable\",\"viewName\":\"etm.portal.ui.managerequests.view.NewRequest\"}}"}]}
RESULT: undefined
COMMAND: POST /session/d94fe9d023155d3f6895aef5421fa61d/element - {"using":"xpath","value":"//*[@id=\"__status4-__xmlview1--requestItemsTable-1-icon\"]"}
RESULT: {}
RESULT: {"using":"xpath","value":"//*[@id=\"__status4-__xmlview1--requestItemsTable-1-icon\"]"}
COMMAND: POST /session/d94fe9d023155d3f6895aef5421fa61d/element/f.95C2E293E0D5F8D5E0F83733146F119E.d.244C7978D2A1E18078AA9097251931B0.e.5395/click - {}
RESULT: {}
COMMAND: GET /session/d94fe9d023155d3f6895aef5421fa61d/screenshot - {}
RESULT: {}
RESULT: undefined
COMMAND: POST /session/d94fe9d023155d3f6895aef5421fa61d/execute/async - {"script":"<script> [776 bytes]","args":[{"enterText":"Cost Center","selector":{"id":"costObjectAdminTypeComboBox","viewName":"etm.portal.ui.managerequests.view.NewRequest","searchOpenDialogs":true,"interaction":{"idSuffix":"inner"}},"clearTextFirst":true,"interactionType":"ENTER_TEXT"}]}
RESULT: {"script":"<script> [776 bytes]","args":[{"enterText":"Cost Center","selector":{"id":"costObjectAdminTypeComboBox","viewName":"etm.portal.ui.managerequests.view.NewRequest","searchOpenDialogs":true,"interaction":{"idSuffix":"inner"}},"clearTextFirst":true,"interactionType":"ENTER_TEXT"}]}
COMMAND: POST /session/d94fe9d023155d3f6895aef5421fa61d/actions - {"actions":[{"id":"action38","type":"key","parameters":{},"actions":[{"type":"keyDown","value":"î€‡"},{"type":"pause","duration":10},{"type":"keyUp","value":"î€‡"}]}]}
RESULT: {"actions":[{"id":"action38","type":"key","parameters":{},"actions":[{"type":"keyDown","value":"î€‡"},{"type":"pause","duration":10},{"type":"keyUp","value":"î€‡"}]}]}
COMMAND: GET /session/d94fe9d023155d3f6895aef5421fa61d/screenshot - {}
RESULT: {}
RESULT: undefined
COMMAND: POST /session/d94fe9d023155d3f6895aef5421fa61d/execute/async - {"script":"<script> [776 bytes]","args":[{"enterText":"1001 - 1001","selector":{"id":"costObjectIdComboBox","viewName":"etm.portal.ui.managerequests.view.NewRequest","searchOpenDialogs":true,"interaction":{"idSuffix":"inner"}},"clearTextFirst":true,"interactionType":"ENTER_TEXT"}]}
RESULT: {"script":"<script> [776 bytes]","args":[{"enterText":"1001 - 1001","selector":{"id":"costObjectIdComboBox","viewName":"etm.portal.ui.managerequests.view.NewRequest","searchOpenDialogs":true,"interaction":{"idSuffix":"inner"}},"clearTextFirst":true,"interactionType":"ENTER_TEXT"}]}
COMMAND: POST /session/d94fe9d023155d3f6895aef5421fa61d/actions - {"actions":[{"id":"action39","type":"key","parameters":{},"actions":[{"type":"keyDown","value":"î€‡"},{"type":"pause","duration":10},{"type":"keyUp","value":"î€‡"}]}]}
RESULT: {"actions":[{"id":"action39","type":"key","parameters":{},"actions":[{"type":"keyDown","value":"î€‡"},{"type":"pause","duration":10},{"type":"keyUp","value":"î€‡"}]}]}
COMMAND: GET /session/d94fe9d023155d3f6895aef5421fa61d/screenshot - {}
RESULT: {}
COMMAND: POST /session/d94fe9d023155d3f6895aef5421fa61d/element - {"using":"xpath","value":"(//bdi[(text() = 'Save' or . = 'Save')])[1]"}
RESULT: {"using":"xpath","value":"(//bdi[(text() = 'Save' or . = 'Save')])[1]"}
COMMAND: POST /session/d94fe9d023155d3f6895aef5421fa61d/element/f.95C2E293E0D5F8D5E0F83733146F119E.d.244C7978D2A1E18078AA9097251931B0.e.5407/click - {}
RESULT: {}
COMMAND: GET /session/d94fe9d023155d3f6895aef5421fa61d/screenshot - {}
RESULT: {}
COMMAND: POST /session/d94fe9d023155d3f6895aef5421fa61d/execute/async - {"script":"<script> [1562 bytes]","args":[{"selector":{"controlType":"sap.m.Button","viewName":"etm.portal.ui.managerequests.view.NewRequest","bindingPath":{"path":"/RequestItems/0","propertyPath":"PICK_UP","modelName":"newRequestItems"},"interaction":{"idSuffix":"BDI-content"}},"wdio_ui5_key":"etmportal.ui.managerequests.view.NewRequestsap.m.Button{\"path\":\"/RequestItems/0\",\"propertyPath\":\"PICK_UP\",\"modelName\":\"newRequestItems\"}"}]}
RESULT: {"script":"<script> [1562 bytes]","args":[{"selector":{"controlType":"sap.m.Button","viewName":"etm.portal.ui.managerequests.view.NewRequest","bindingPath":{"path":"/RequestItems/0","propertyPath":"PICK_UP","modelName":"newRequestItems"},"interaction":{"idSuffix":"BDI-content"}},"wdio_ui5_key":"etmportal.ui.managerequests.view.NewRequestsap.m.Button{\"path\":\"/RequestItems/0\",\"propertyPath\":\"PICK_UP\",\"modelName\":\"newRequestItems\"}"}]}
RESULT: undefined
COMMAND: POST /session/d94fe9d023155d3f6895aef5421fa61d/element - {"using":"xpath","value":"//*[@id=\"__xmlview1--pickUpItemButton-__xmlview1--requestItemsTable-0\"]"}
RESULT: {"using":"xpath","value":"//*[@id=\"__xmlview1--pickUpItemButton-__xmlview1--requestItemsTable-0\"]"}
COMMAND: POST /session/d94fe9d023155d3f6895aef5421fa61d/element/f.95C2E293E0D5F8D5E0F83733146F119E.d.244C7978D2A1E18078AA9097251931B0.e.5411/click - {}
RESULT: {}
COMMAND: GET /session/d94fe9d023155d3f6895aef5421fa61d/screenshot - {}
RESULT: {}
COMMAND: POST /session/d94fe9d023155d3f6895aef5421fa61d/execute/async - {"script":"<script> [1562 bytes]","args":[{"selector":{"controlType":"sap.m.Button","viewName":"etm.portal.ui.managerequests.view.NewRequest","properties":{"text":"Save"},"i18NText":{"propertyName":"tooltip","key":"save"},"interaction":{"idSuffix":"BDI-content"}},"wdio_ui5_key":"etmportal.ui.managerequests.view.NewRequestsap.m.Button{\"propertyName\":\"tooltip\",\"key\":\"save\"}{\"text\":\"Save\"}"}]}
RESULT: {"script":"<script> [1562 bytes]","args":[{"selector":{"controlType":"sap.m.Button","viewName":"etm.portal.ui.managerequests.view.NewRequest","properties":{"text":"Save"},"i18NText":{"propertyName":"tooltip","key":"save"},"interaction":{"idSuffix":"BDI-content"}},"wdio_ui5_key":"etmportal.ui.managerequests.view.NewRequestsap.m.Button{\"propertyName\":\"tooltip\",\"key\":\"save\"}{\"text\":\"Save\"}"}]}
RESULT: undefined
COMMAND: POST /session/d94fe9d023155d3f6895aef5421fa61d/element - {"using":"xpath","value":"//*[@id=\"__button11\"]"}
RESULT: {"using":"xpath","value":"//*[@id=\"__button11\"]"}
COMMAND: POST /session/d94fe9d023155d3f6895aef5421fa61d/element/f.95C2E293E0D5F8D5E0F83733146F119E.d.244C7978D2A1E18078AA9097251931B0.e.5269/click - {}
RESULT: {}
COMMAND: GET /session/d94fe9d023155d3f6895aef5421fa61d/screenshot - {}
RESULT: {}
COMMAND: POST /session/d94fe9d023155d3f6895aef5421fa61d/execute/async - {"script":"<script> [1562 bytes]","args":[{"selector":{"controlType":"sap.m.Text","searchOpenDialogs":true},"wdio_ui5_key":"sapm.Text"}]}
RESULT: {"script":"<script> [1562 bytes]","args":[{"selector":{"controlType":"sap.m.Text","searchOpenDialogs":true},"wdio_ui5_key":"sapm.Text"}]}
RESULT: undefined
COMMAND: POST /session/d94fe9d023155d3f6895aef5421fa61d/execute/async - {"script":"<script> [6424 bytes]","args":[{"element-6066-11e4-a52e-4f735466cecf":"f.95C2E293E0D5F8D5E0F83733146F119E.d.244C7978D2A1E18078AA9097251931B0.e.5415"},"getText",[]]}
RESULT: {"script":"<script> [6424 bytes]","args":[{"element-6066-11e4-a52e-4f735466cecf":"f.95C2E293E0D5F8D5E0F83733146F119E.d.244C7978D2A1E18078AA9097251931B0.e.5415"},"getText",[]]}
COMMAND: POST /session/d94fe9d023155d3f6895aef5421fa61d/execute/async - {"script":"<script> [1562 bytes]","args":[{"selector":{"controlType":"sap.m.Button","properties":{"text":"Close"},"searchOpenDialogs":true,"interaction":{"idSuffix":"BDI-content"}},"wdio_ui5_key":"sapm.Button{\"text\":\"Close\"}"}]}
RESULT: {"script":"<script> [1562 bytes]","args":[{"selector":{"controlType":"sap.m.Button","properties":{"text":"Close"},"searchOpenDialogs":true,"interaction":{"idSuffix":"BDI-content"}},"wdio_ui5_key":"sapm.Button{\"text\":\"Close\"}"}]}
RESULT: undefined
COMMAND: POST /session/d94fe9d023155d3f6895aef5421fa61d/element - {"using":"xpath","value":"//*[@id=\"__mbox-btn-0\"]"}
RESULT: {"using":"xpath","value":"//*[@id=\"__mbox-btn-0\"]"}
COMMAND: POST /session/d94fe9d023155d3f6895aef5421fa61d/element/f.95C2E293E0D5F8D5E0F83733146F119E.d.244C7978D2A1E18078AA9097251931B0.e.5414/click - {}
RESULT: {}
COMMAND: GET /session/d94fe9d023155d3f6895aef5421fa61d/screenshot - {}
RESULT: {}
COMMAND: POST /session/d94fe9d023155d3f6895aef5421fa61d/execute/async - {"script":"<script> [1562 bytes]","args":[{"selector":{"controlType":"sap.m.Button","viewName":"etm.portal.ui.managerequests.view.Detail","bindingPath":{"path":"/SmartRequestItemsPlanningBoard(ITEM=10m,REQUEST='20405')","propertyPath":"PICK_UP"}},"wdio_ui5_key":"etmportal.ui.managerequests.view.Detailsap.m.Button{\"path\":\"/SmartRequestItemsPlanningBoard(ITEM=10m,REQUEST='20405')\",\"propertyPath\":\"PICK_UP\"}"}]}
RESULT: {"script":"<script> [1562 bytes]","args":[{"selector":{"controlType":"sap.m.Button","viewName":"etm.portal.ui.managerequests.view.Detail","bindingPath":{"path":"/SmartRequestItemsPlanningBoard(ITEM=10m,REQUEST='20405')","propertyPath":"PICK_UP"}},"wdio_ui5_key":"etmportal.ui.managerequests.view.Detailsap.m.Button{\"path\":\"/SmartRequestItemsPlanningBoard(ITEM=10m,REQUEST='20405')\",\"propertyPath\":\"PICK_UP\"}"}]}
RESULT: undefined
COMMAND: POST /session/d94fe9d023155d3f6895aef5421fa61d/execute/async - {"script":"<script> [6424 bytes]","args":[{"element-6066-11e4-a52e-4f735466cecf":"f.95C2E293E0D5F8D5E0F83733146F119E.d.244C7978D2A1E18078AA9097251931B0.e.5523"},"getType",[]]}
RESULT: {"script":"<script> [6424 bytes]","args":[{"element-6066-11e4-a52e-4f735466cecf":"f.95C2E293E0D5F8D5E0F83733146F119E.d.244C7978D2A1E18078AA9097251931B0.e.5523"},"getType",[]]}
COMMAND: POST /session/d94fe9d023155d3f6895aef5421fa61d/execute/async - {"script":"<script> [1562 bytes]","args":[{"selector":{"controlType":"sap.m.Button","viewName":"etm.portal.ui.managerequests.view.Detail","bindingPath":{"path":"/SmartRequestItemsPlanningBoard(ITEM=20m,REQUEST='20405')","propertyPath":"PICK_UP"}},"wdio_ui5_key":"etmportal.ui.managerequests.view.Detailsap.m.Button{\"path\":\"/SmartRequestItemsPlanningBoard(ITEM=20m,REQUEST='20405')\",\"propertyPath\":\"PICK_UP\"}"}]}
RESULT: {"script":"<script> [1562 bytes]","args":[{"selector":{"controlType":"sap.m.Button","viewName":"etm.portal.ui.managerequests.view.Detail","bindingPath":{"path":"/SmartRequestItemsPlanningBoard(ITEM=20m,REQUEST='20405')","propertyPath":"PICK_UP"}},"wdio_ui5_key":"etmportal.ui.managerequests.view.Detailsap.m.Button{\"path\":\"/SmartRequestItemsPlanningBoard(ITEM=20m,REQUEST='20405')\",\"propertyPath\":\"PICK_UP\"}"}]}
RESULT: undefined
COMMAND: POST /session/d94fe9d023155d3f6895aef5421fa61d/execute/async - {"script":"<script> [6424 bytes]","args":[{"element-6066-11e4-a52e-4f735466cecf":"f.95C2E293E0D5F8D5E0F83733146F119E.d.244C7978D2A1E18078AA9097251931B0.e.5546"},"getType",[]]}
RESULT: {"script":"<script> [6424 bytes]","args":[{"element-6066-11e4-a52e-4f735466cecf":"f.95C2E293E0D5F8D5E0F83733146F119E.d.244C7978D2A1E18078AA9097251931B0.e.5546"},"getType",[]]}
COMMAND: POST /session/d94fe9d023155d3f6895aef5421fa61d/execute/async - {"script":"<script> [1562 bytes]","args":[{"selector":{"id":"pickUpSwitchHeader","viewName":"etm.portal.ui.managerequests.view.Detail","interaction":{"idSuffix":"handle"}},"wdio_ui5_key":"pickUpSwitchHeaderetmportal.ui.managerequests.view.Detail"}]}
RESULT: {"script":"<script> [1562 bytes]","args":[{"selector":{"id":"pickUpSwitchHeader","viewName":"etm.portal.ui.managerequests.view.Detail","interaction":{"idSuffix":"handle"}},"wdio_ui5_key":"pickUpSwitchHeaderetmportal.ui.managerequests.view.Detail"}]}
RESULT: undefined
COMMAND: POST /session/d94fe9d023155d3f6895aef5421fa61d/element - {"using":"xpath","value":"//*[@id=\"__xmlview2--pickUpSwitchHeader\"]"}
RESULT: {"using":"xpath","value":"//*[@id=\"__xmlview2--pickUpSwitchHeader\"]"}
COMMAND: POST /session/d94fe9d023155d3f6895aef5421fa61d/element/f.95C2E293E0D5F8D5E0F83733146F119E.d.244C7978D2A1E18078AA9097251931B0.e.5494/click - {}
RESULT: {}
COMMAND: POST /session/d94fe9d023155d3f6895aef5421fa61d/execute/async - {"script":"<script> [1562 bytes]","args":[{"selector":{"controlType":"sap.ui.core.Icon","viewName":"etm.portal.ui.managerequests.view.Detail","properties":{"src":{"regex":{"source":"pushpin\\-off"}}}},"wdio_ui5_key":"etmportal.ui.managerequests.view.Detailsap.ui.core.Icon{\"src\":{\"regex\":{\"source\":\"pushpin\\\\-off\"}}}"}]}
COMMAND: GET /session/d94fe9d023155d3f6895aef5421fa61d/screenshot - {}
RESULT: {"script":"<script> [1562 bytes]","args":[{"selector":{"controlType":"sap.ui.core.Icon","viewName":"etm.portal.ui.managerequests.view.Detail","properties":{"src":{"regex":{"source":"pushpin\\-off"}}}},"wdio_ui5_key":"etmportal.ui.managerequests.view.Detailsap.ui.core.Icon{\"src\":{\"regex\":{\"source\":\"pushpin\\\\-off\"}}}"}]}
RESULT: undefined
COMMAND: POST /session/d94fe9d023155d3f6895aef5421fa61d/element - {"using":"xpath","value":"//*[@id=\"__xmlview2--detailRequestPage-OPHeaderContent-pinBtn-img\"]"}
RESULT: {}
RESULT: {"using":"xpath","value":"//*[@id=\"__xmlview2--detailRequestPage-OPHeaderContent-pinBtn-img\"]"}
COMMAND: POST /session/d94fe9d023155d3f6895aef5421fa61d/element/f.95C2E293E0D5F8D5E0F83733146F119E.d.244C7978D2A1E18078AA9097251931B0.e.5502/click - {}
RESULT: {}
RESULT: undefined
COMMAND: POST /session/d94fe9d023155d3f6895aef5421fa61d/execute/async - {"script":"<script> [6424 bytes]","args":[{"element-6066-11e4-a52e-4f735466cecf":"f.95C2E293E0D5F8D5E0F83733146F119E.d.244C7978D2A1E18078AA9097251931B0.e.5523"},"getType",[]]}
COMMAND: GET /session/d94fe9d023155d3f6895aef5421fa61d/screenshot - {}
RESULT: {"script":"<script> [6424 bytes]","args":[{"element-6066-11e4-a52e-4f735466cecf":"f.95C2E293E0D5F8D5E0F83733146F119E.d.244C7978D2A1E18078AA9097251931B0.e.5523"},"getType",[]]}
RESULT: undefined
COMMAND: POST /session/d94fe9d023155d3f6895aef5421fa61d/execute/async - {"script":"<script> [6424 bytes]","args":[{"element-6066-11e4-a52e-4f735466cecf":"f.95C2E293E0D5F8D5E0F83733146F119E.d.244C7978D2A1E18078AA9097251931B0.e.5546"},"getType",[]]}
RESULT: {}
RESULT: {"script":"<script> [6424 bytes]","args":[{"element-6066-11e4-a52e-4f735466cecf":"f.95C2E293E0D5F8D5E0F83733146F119E.d.244C7978D2A1E18078AA9097251931B0.e.5546"},"getType",[]]}
COMMAND: POST /session/d94fe9d023155d3f6895aef5421fa61d/execute/async - {"script":"<script> [1562 bytes]","args":[{"selector":{"controlType":"sap.ui.core.Icon","viewName":"etm.portal.ui.managerequests.view.Detail","properties":{"src":{"regex":{"source":"date\\-time"}}},"ancestor":{"controlType":"sap.m.ColumnListItem","viewName":"etm.portal.ui.managerequests.view.Detail","bindingPath":{"path":"/SmartRequestItemsPlanningBoard(ITEM=10m,REQUEST='20405')"},"ancestor":{"id":"requestItemsTable","viewName":"etm.portal.ui.managerequests.view.Detail"}}},"wdio_ui5_key":"etmportal.ui.managerequests.view.Detailsap.ui.core.Icon{\"src\":{\"regex\":{\"source\":\"date\\\\-time\"}}}{\"controlType\":\"sap.m.ColumnListItem\",\"viewName\":\"etm.portal.ui.managerequests.view.Detail\",\"bindingPath\":{\"path\":\"/SmartRequestItemsPlanningBoard(ITEM=10m,REQUEST='20405')\"},\"ancestor\":{\"id\":\"requestItemsTable\",\"viewName\":\"etm.portal.ui.managerequests.view.Detail\"}}"}]}
RESULT: {"script":"<script> [1562 bytes]","args":[{"selector":{"controlType":"sap.ui.core.Icon","viewName":"etm.portal.ui.managerequests.view.Detail","properties":{"src":{"regex":{"source":"date\\-time"}}},"ancestor":{"controlType":"sap.m.ColumnListItem","viewName":"etm.portal.ui.managerequests.view.Detail","bindingPath":{"path":"/SmartRequestItemsPlanningBoard(ITEM=10m,REQUEST='20405')"},"ancestor":{"id":"requestItemsTable","viewName":"etm.portal.ui.managerequests.view.Detail"}}},"wdio_ui5_key":"etmportal.ui.managerequests.view.Detailsap.ui.core.Icon{\"src\":{\"regex\":{\"source\":\"date\\\\-time\"}}}{\"controlType\":\"sap.m.ColumnListItem\",\"viewName\":\"etm.portal.ui.managerequests.view.Detail\",\"bindingPath\":{\"path\":\"/SmartRequestItemsPlanningBoard(ITEM=10m,REQUEST='20405')\"},\"ancestor\":{\"id\":\"requestItemsTable\",\"viewName\":\"etm.portal.ui.managerequests.view.Detail\"}}"}]}
RESULT: undefined
COMMAND: POST /session/d94fe9d023155d3f6895aef5421fa61d/element - {"using":"xpath","value":"//*[@id=\"__button39-__clone1825-img\"]"}
RESULT: {"using":"xpath","value":"//*[@id=\"__button39-__clone1825-img\"]"}
COMMAND: POST /session/d94fe9d023155d3f6895aef5421fa61d/element/f.95C2E293E0D5F8D5E0F83733146F119E.d.244C7978D2A1E18078AA9097251931B0.e.5554/click - {}
RESULT: {}
COMMAND: POST /session/d94fe9d023155d3f6895aef5421fa61d/execute/async - {"script":"<script> [1562 bytes]","args":[{"selector":{"controlType":"sap.m.Button","viewName":"etm.portal.ui.managerequests.view.Detail","properties":{"text":"Close"},"searchOpenDialogs":true,"interaction":{"idSuffix":"inner"}},"wdio_ui5_key":"etmportal.ui.managerequests.view.Detailsap.m.Button{\"text\":\"Close\"}"}]}
COMMAND: GET /session/d94fe9d023155d3f6895aef5421fa61d/screenshot - {}
RESULT: {"script":"<script> [1562 bytes]","args":[{"selector":{"controlType":"sap.m.Button","viewName":"etm.portal.ui.managerequests.view.Detail","properties":{"text":"Close"},"searchOpenDialogs":true,"interaction":{"idSuffix":"inner"}},"wdio_ui5_key":"etmportal.ui.managerequests.view.Detailsap.m.Button{\"text\":\"Close\"}"}]}
RESULT: undefined
COMMAND: POST /session/d94fe9d023155d3f6895aef5421fa61d/element - {"using":"xpath","value":"//*[@id=\"__button49\"]"}
RESULT: {}
RESULT: {"using":"xpath","value":"//*[@id=\"__button49\"]"}
COMMAND: POST /session/d94fe9d023155d3f6895aef5421fa61d/element/f.95C2E293E0D5F8D5E0F83733146F119E.d.244C7978D2A1E18078AA9097251931B0.e.5556/click - {}
RESULT: {}
COMMAND: POST /session/d94fe9d023155d3f6895aef5421fa61d/execute/async - {"script":"<script> [1562 bytes]","args":[{"selector":{"controlType":"sap.ui.core.Icon","viewName":"etm.portal.ui.managerequests.view.Detail","properties":{"src":{"regex":{"source":"date\\-time"}}},"ancestor":{"controlType":"sap.m.ColumnListItem","viewName":"etm.portal.ui.managerequests.view.Detail","bindingPath":{"path":"/SmartRequestItemsPlanningBoard(ITEM=20m,REQUEST='20405')"},"ancestor":{"id":"requestItemsTable","viewName":"etm.portal.ui.managerequests.view.Detail"}}},"wdio_ui5_key":"etmportal.ui.managerequests.view.Detailsap.ui.core.Icon{\"src\":{\"regex\":{\"source\":\"date\\\\-time\"}}}{\"controlType\":\"sap.m.ColumnListItem\",\"viewName\":\"etm.portal.ui.managerequests.view.Detail\",\"bindingPath\":{\"path\":\"/SmartRequestItemsPlanningBoard(ITEM=20m,REQUEST='20405')\"},\"ancestor\":{\"id\":\"requestItemsTable\",\"viewName\":\"etm.portal.ui.managerequests.view.Detail\"}}"}]}
COMMAND: GET /session/d94fe9d023155d3f6895aef5421fa61d/screenshot - {}
RESULT: {"script":"<script> [1562 bytes]","args":[{"selector":{"controlType":"sap.ui.core.Icon","viewName":"etm.portal.ui.managerequests.view.Detail","properties":{"src":{"regex":{"source":"date\\-time"}}},"ancestor":{"controlType":"sap.m.ColumnListItem","viewName":"etm.portal.ui.managerequests.view.Detail","bindingPath":{"path":"/SmartRequestItemsPlanningBoard(ITEM=20m,REQUEST='20405')"},"ancestor":{"id":"requestItemsTable","viewName":"etm.portal.ui.managerequests.view.Detail"}}},"wdio_ui5_key":"etmportal.ui.managerequests.view.Detailsap.ui.core.Icon{\"src\":{\"regex\":{\"source\":\"date\\\\-time\"}}}{\"controlType\":\"sap.m.ColumnListItem\",\"viewName\":\"etm.portal.ui.managerequests.view.Detail\",\"bindingPath\":{\"path\":\"/SmartRequestItemsPlanningBoard(ITEM=20m,REQUEST='20405')\"},\"ancestor\":{\"id\":\"requestItemsTable\",\"viewName\":\"etm.portal.ui.managerequests.view.Detail\"}}"}]}
RESULT: undefined
COMMAND: POST /session/d94fe9d023155d3f6895aef5421fa61d/element - {"using":"xpath","value":"//*[@id=\"__button39-__clone1826-img\"]"}
RESULT: {}
RESULT: {"using":"xpath","value":"//*[@id=\"__button39-__clone1826-img\"]"}
COMMAND: POST /session/d94fe9d023155d3f6895aef5421fa61d/element/f.95C2E293E0D5F8D5E0F83733146F119E.d.244C7978D2A1E18078AA9097251931B0.e.5563/click - {}
RESULT: {}
RESULT: undefined
COMMAND: POST /session/d94fe9d023155d3f6895aef5421fa61d/element - {"using":"xpath","value":"//*[@id=\"__button49\"]"}
COMMAND: GET /session/d94fe9d023155d3f6895aef5421fa61d/screenshot - {}
RESULT: {"using":"xpath","value":"//*[@id=\"__button49\"]"}
COMMAND: POST /session/d94fe9d023155d3f6895aef5421fa61d/elements - {"using":"xpath","value":"//*[@id=\"__button49\"]"}
RESULT: {}
RESULT: {"using":"xpath","value":"//*[@id=\"__button49\"]"}
COMMAND: POST /session/d94fe9d023155d3f6895aef5421fa61d/element - {"using":"xpath","value":"//*[@id=\"__button49\"]"}
RESULT: {"using":"xpath","value":"//*[@id=\"__button49\"]"}
COMMAND: POST /session/d94fe9d023155d3f6895aef5421fa61d/element/f.95C2E293E0D5F8D5E0F83733146F119E.d.244C7978D2A1E18078AA9097251931B0.e.5568/click - {}
RESULT: {}
COMMAND: POST /session/d94fe9d023155d3f6895aef5421fa61d/execute/async - {"script":"<script> [189 bytes]","args":[]}
COMMAND: GET /session/d94fe9d023155d3f6895aef5421fa61d/screenshot - {}
RESULT: {"script":"<script> [189 bytes]","args":[]}
COMMAND: POST /session/d94fe9d023155d3f6895aef5421fa61d/execute/async - {"script":"<script> [123 bytes]","args":[]}
RESULT: {}
RESULT: {"script":"<script> [123 bytes]","args":[]}
COMMAND: POST /session/d94fe9d023155d3f6895aef5421fa61d/timeouts - {"script":"<number>"}
RESULT: {"script":"<number>"}
COMMAND: GET /session/d94fe9d023155d3f6895aef5421fa61d/timeouts - {}
RESULT: {}
RESULT: undefined
COMMAND: POST /session/d94fe9d023155d3f6895aef5421fa61d/execute/async - {"script":"<script> [2676 bytes]","args":[]}
RESULT: {"script":"<script> [2676 bytes]","args":[]}
COMMAND: POST /session/d94fe9d023155d3f6895aef5421fa61d/execute/async - {"script":"<script> [2342 bytes]","args":[{"protocol":"http","hostname":"0.0.0.0","path":"/","capabilities":{"browserName":"chrome","goog:chromeOptions":{"binary":"C:\\Program Files\\Google\\Chrome\\Application\\chrome.exe","args":["--start-maximized"]}},"logLevel":"warn","connectionRetryTimeout":120000,"connectionRetryCount":3,"logLevels":{},"enableDirectConnect":true,"strictSSL":true,"_":"65 more keys: [\"cacheDir\",\"port\",\"requestedCapabilities\",\"automationProtocol\",\"baseUrl\",\"waitforInterval\",\"waitforTimeout\",\"onReload\",\"beforeCommand\",\"afterCommand\",\"rootDir\",\"specs\",\"suites\",\"exclude\",\"groupLogsByTestSpec\",\"excludeDriverLogs\",\"bail\",\"framework\",\"reporters\",\"services\",\"maxInstances\",\"maxInstancesPerCapability\",\"injectGlobals\",\"filesToWatch\",\"execArgv\",\"runnerEnv\",\"runner\",\"shard\",\"specFileRetries\",\"specFileRetriesDelay\",\"specFileRetriesDeferred\",\"reporterSyncInterval\",\"reporterSyncTimeout\",\"cucumberFeaturesWithLineNumbers\",\"autoCompileOpts\",\"mochaOpts\",\"jasmineOpts\",\"cucumberOpts\",\"onPrepare\",\"onWorkerStart\",\"onWorkerEnd\",\"before\",\"beforeSession\",\"beforeSuite\",\"beforeHook\",\"beforeTest\",\"afterTest\",\"afterHook\",\"afterSuite\",\"afterSession\",\"after\",\"onComplete\",\"beforeAssertion\",\"afterAssertion\",\"beforeFeature\",\"beforeScenario\",\"beforeStep\",\"afterStep\",\"afterScenario\",\"afterFeature\",\"_\",\"suite\",\"$0\",\"ignoredWorkerServices\",\"wdi5\"]"}]}
RESULT: {"script":"<script> [2342 bytes]","args":[{"protocol":"http","hostname":"0.0.0.0","path":"/","capabilities":{"browserName":"chrome","goog:chromeOptions":{"binary":"C:\\Program Files\\Google\\Chrome\\Application\\chrome.exe","args":["--start-maximized"]}},"logLevel":"warn","connectionRetryTimeout":120000,"connectionRetryCount":3,"logLevels":{},"enableDirectConnect":true,"strictSSL":true,"_":"65 more keys: [\"cacheDir\",\"port\",\"requestedCapabilities\",\"automationProtocol\",\"baseUrl\",\"waitforInterval\",\"waitforTimeout\",\"onReload\",\"beforeCommand\",\"afterCommand\",\"rootDir\",\"specs\",\"suites\",\"exclude\",\"groupLogsByTestSpec\",\"excludeDriverLogs\",\"bail\",\"framework\",\"reporters\",\"services\",\"maxInstances\",\"maxInstancesPerCapability\",\"injectGlobals\",\"filesToWatch\",\"execArgv\",\"runnerEnv\",\"runner\",\"shard\",\"specFileRetries\",\"specFileRetriesDelay\",\"specFileRetriesDeferred\",\"reporterSyncInterval\",\"reporterSyncTimeout\",\"cucumberFeaturesWithLineNumbers\",\"autoCompileOpts\",\"mochaOpts\",\"jasmineOpts\",\"cucumberOpts\",\"onPrepare\",\"onWorkerStart\",\"onWorkerEnd\",\"before\",\"beforeSession\",\"beforeSuite\",\"beforeHook\",\"beforeTest\",\"afterTest\",\"afterHook\",\"afterSuite\",\"afterSession\",\"after\",\"onComplete\",\"beforeAssertion\",\"afterAssertion\",\"beforeFeature\",\"beforeScenario\",\"beforeStep\",\"afterStep\",\"afterScenario\",\"afterFeature\",\"_\",\"suite\",\"$0\",\"ignoredWorkerServices\",\"wdi5\"]"}]}
COMMAND: POST /session/d94fe9d023155d3f6895aef5421fa61d/execute/async - {"script":"<script> [21126 bytes]","args":[35000]}
RESULT: {"script":"<script> [21126 bytes]","args":[35000]}
COMMAND: POST /session/d94fe9d023155d3f6895aef5421fa61d/execute/async - {"script":"<script> [1562 bytes]","args":[{"selector":{"controlType":"sap.m.Button","viewName":"etm.portal.ui.managerequests.view.Detail","bindingPath":{"path":"/SmartRequestItemsPlanningBoard(ITEM=10m,REQUEST='20405')","propertyPath":"PICK_UP"}},"wdio_ui5_key":"etmportal.ui.managerequests.view.Detailsap.m.Button{\"path\":\"/SmartRequestItemsPlanningBoard(ITEM=10m,REQUEST='20405')\",\"propertyPath\":\"PICK_UP\"}"}]}
RESULT: {"script":"<script> [1562 bytes]","args":[{"selector":{"controlType":"sap.m.Button","viewName":"etm.portal.ui.managerequests.view.Detail","bindingPath":{"path":"/SmartRequestItemsPlanningBoard(ITEM=10m,REQUEST='20405')","propertyPath":"PICK_UP"}},"wdio_ui5_key":"etmportal.ui.managerequests.view.Detailsap.m.Button{\"path\":\"/SmartRequestItemsPlanningBoard(ITEM=10m,REQUEST='20405')\",\"propertyPath\":\"PICK_UP\"}"}]}
RESULT: undefined
COMMAND: POST /session/d94fe9d023155d3f6895aef5421fa61d/execute/async - {"script":"<script> [6424 bytes]","args":[{"element-6066-11e4-a52e-4f735466cecf":"f.95C2E293E0D5F8D5E0F83733146F119E.d.244C7978D2A1E18078AA9097251931B0.e.5523"},"getType",[]]}
RESULT: {"script":"<script> [6424 bytes]","args":[{"element-6066-11e4-a52e-4f735466cecf":"f.95C2E293E0D5F8D5E0F83733146F119E.d.244C7978D2A1E18078AA9097251931B0.e.5523"},"getType",[]]}
COMMAND: POST /session/d94fe9d023155d3f6895aef5421fa61d/execute/async - {"script":"<script> [1562 bytes]","args":[{"selector":{"controlType":"sap.m.Button","viewName":"etm.portal.ui.managerequests.view.Detail","bindingPath":{"path":"/SmartRequestItemsPlanningBoard(ITEM=20m,REQUEST='20405')","propertyPath":"PICK_UP"}},"wdio_ui5_key":"etmportal.ui.managerequests.view.Detailsap.m.Button{\"path\":\"/SmartRequestItemsPlanningBoard(ITEM=20m,REQUEST='20405')\",\"propertyPath\":\"PICK_UP\"}"}]}
RESULT: {"script":"<script> [1562 bytes]","args":[{"selector":{"controlType":"sap.m.Button","viewName":"etm.portal.ui.managerequests.view.Detail","bindingPath":{"path":"/SmartRequestItemsPlanningBoard(ITEM=20m,REQUEST='20405')","propertyPath":"PICK_UP"}},"wdio_ui5_key":"etmportal.ui.managerequests.view.Detailsap.m.Button{\"path\":\"/SmartRequestItemsPlanningBoard(ITEM=20m,REQUEST='20405')\",\"propertyPath\":\"PICK_UP\"}"}]}
RESULT: undefined
COMMAND: POST /session/d94fe9d023155d3f6895aef5421fa61d/execute/async - {"script":"<script> [6424 bytes]","args":[{"element-6066-11e4-a52e-4f735466cecf":"f.95C2E293E0D5F8D5E0F83733146F119E.d.244C7978D2A1E18078AA9097251931B0.e.5546"},"getType",[]]}
RESULT: {"script":"<script> [6424 bytes]","args":[{"element-6066-11e4-a52e-4f735466cecf":"f.95C2E293E0D5F8D5E0F83733146F119E.d.244C7978D2A1E18078AA9097251931B0.e.5546"},"getType",[]]}
]]></system-out>
    </testcase>
    <testcase classname="chrome.135_0_7049_96.windows.Manage_request_+_Contract_processing_pick_up_option_US120163_" name="Should Contract processing pick up option" time="156.147">
      <system-out><![CDATA[
COMMAND: POST /session/d94fe9d023155d3f6895aef5421fa61d/execute/async - {"script":"<script> [1562 bytes]","args":[{"selector":{"id":"requestContractNo","viewName":"etm.portal.ui.managerequests.view.Detail"},"wdio_ui5_key":"requestContractNoetmportal.ui.managerequests.view.Detail"}]}
RESULT: {"script":"<script> [1562 bytes]","args":[{"selector":{"id":"requestContractNo","viewName":"etm.portal.ui.managerequests.view.Detail"},"wdio_ui5_key":"requestContractNoetmportal.ui.managerequests.view.Detail"}]}
RESULT: undefined
COMMAND: POST /session/d94fe9d023155d3f6895aef5421fa61d/element - {"using":"xpath","value":"//*[@id=\"__xmlview2--requestContractNo\"]"}
RESULT: {"using":"xpath","value":"//*[@id=\"__xmlview2--requestContractNo\"]"}
COMMAND: POST /session/d94fe9d023155d3f6895aef5421fa61d/element/f.95C2E293E0D5F8D5E0F83733146F119E.d.244C7978D2A1E18078AA9097251931B0.e.5573/click - {}
RESULT: {}
COMMAND: POST /session/d94fe9d023155d3f6895aef5421fa61d/execute/async - {"script":"<script> [1562 bytes]","args":[{"selector":{"controlType":"sap.m.Link","viewName":"etm.portal.ui.managerequests.view.Detail","properties":{"text":"Contract Overview"},"searchOpenDialogs":true},"wdio_ui5_key":"etmportal.ui.managerequests.view.Detailsap.m.Link{\"text\":\"Contract Overview\"}"}]}
COMMAND: GET /session/d94fe9d023155d3f6895aef5421fa61d/screenshot - {}
RESULT: {"script":"<script> [1562 bytes]","args":[{"selector":{"controlType":"sap.m.Link","viewName":"etm.portal.ui.managerequests.view.Detail","properties":{"text":"Contract Overview"},"searchOpenDialogs":true},"wdio_ui5_key":"etmportal.ui.managerequests.view.Detailsap.m.Link{\"text\":\"Contract Overview\"}"}]}
RESULT: undefined
COMMAND: POST /session/d94fe9d023155d3f6895aef5421fa61d/element - {"using":"xpath","value":"//*[@id=\"__link8\"]"}
RESULT: {}
RESULT: {"using":"xpath","value":"//*[@id=\"__link8\"]"}
COMMAND: POST /session/d94fe9d023155d3f6895aef5421fa61d/element/f.95C2E293E0D5F8D5E0F83733146F119E.d.244C7978D2A1E18078AA9097251931B0.e.5575/click - {}
RESULT: {}
COMMAND: GET /session/d94fe9d023155d3f6895aef5421fa61d/screenshot - {}
RESULT: {}
RESULT: undefined
COMMAND: POST /session/d94fe9d023155d3f6895aef5421fa61d/element - {"using":"xpath","value":"//div[contains(@id ,\"headerBillingItemsTabFilter-text\")]"}
RESULT: {"using":"xpath","value":"//div[contains(@id ,\"headerBillingItemsTabFilter-text\")]"}
COMMAND: POST /session/d94fe9d023155d3f6895aef5421fa61d/element/f.95C2E293E0D5F8D5E0F83733146F119E.d.244C7978D2A1E18078AA9097251931B0.e.5816/click - {}
RESULT: {}
COMMAND: GET /session/d94fe9d023155d3f6895aef5421fa61d/screenshot - {}
RESULT: {}
COMMAND: POST /session/d94fe9d023155d3f6895aef5421fa61d/execute/async - {"script":"<script> [1562 bytes]","args":[{"selector":{"id":"addRequestItemBtn","viewName":"etm.portal.ui.managecontracts.view.Detail","interaction":{"idSuffix":"BDI-content"}},"wdio_ui5_key":"addRequestItemBtnetmportal.ui.managecontracts.view.Detail"}]}
RESULT: {"script":"<script> [1562 bytes]","args":[{"selector":{"id":"addRequestItemBtn","viewName":"etm.portal.ui.managecontracts.view.Detail","interaction":{"idSuffix":"BDI-content"}},"wdio_ui5_key":"addRequestItemBtnetmportal.ui.managecontracts.view.Detail"}]}
RESULT: undefined
COMMAND: POST /session/d94fe9d023155d3f6895aef5421fa61d/element - {"using":"xpath","value":"//*[@id=\"__xmlview4--addRequestItemBtn\"]"}
RESULT: {"using":"xpath","value":"//*[@id=\"__xmlview4--addRequestItemBtn\"]"}
COMMAND: POST /session/d94fe9d023155d3f6895aef5421fa61d/element/f.95C2E293E0D5F8D5E0F83733146F119E.d.244C7978D2A1E18078AA9097251931B0.e.5692/click - {}
RESULT: {}
COMMAND: GET /session/d94fe9d023155d3f6895aef5421fa61d/screenshot - {}
RESULT: {}
COMMAND: POST /session/d94fe9d023155d3f6895aef5421fa61d/element - {"using":"xpath","value":"//div[contains(@id ,\"popupRequestTable-sa-CbBg\")]"}
RESULT: {"using":"xpath","value":"//div[contains(@id ,\"popupRequestTable-sa-CbBg\")]"}
COMMAND: POST /session/d94fe9d023155d3f6895aef5421fa61d/element/f.95C2E293E0D5F8D5E0F83733146F119E.d.244C7978D2A1E18078AA9097251931B0.e.5841/click - {}
RESULT: {}
COMMAND: GET /session/d94fe9d023155d3f6895aef5421fa61d/screenshot - {}
RESULT: {}
COMMAND: POST /session/d94fe9d023155d3f6895aef5421fa61d/execute/async - {"script":"<script> [1562 bytes]","args":[{"selector":{"controlType":"sap.m.Button","viewName":"etm.portal.ui.managecontracts.view.Detail","i18NText":{"propertyName":"text","key":"selectionDone"},"searchOpenDialogs":true,"interaction":{"idSuffix":"content"}},"wdio_ui5_key":"etmportal.ui.managecontracts.view.Detailsap.m.Button{\"propertyName\":\"text\",\"key\":\"selectionDone\"}"}]}
RESULT: {"script":"<script> [1562 bytes]","args":[{"selector":{"controlType":"sap.m.Button","viewName":"etm.portal.ui.managecontracts.view.Detail","i18NText":{"propertyName":"text","key":"selectionDone"},"searchOpenDialogs":true,"interaction":{"idSuffix":"content"}},"wdio_ui5_key":"etmportal.ui.managecontracts.view.Detailsap.m.Button{\"propertyName\":\"text\",\"key\":\"selectionDone\"}"}]}
RESULT: undefined
COMMAND: POST /session/d94fe9d023155d3f6895aef5421fa61d/element - {"using":"xpath","value":"//*[@id=\"__button65\"]"}
RESULT: {"using":"xpath","value":"//*[@id=\"__button65\"]"}
COMMAND: POST /session/d94fe9d023155d3f6895aef5421fa61d/element/f.95C2E293E0D5F8D5E0F83733146F119E.d.244C7978D2A1E18078AA9097251931B0.e.5844/click - {}
RESULT: {}
COMMAND: POST /session/d94fe9d023155d3f6895aef5421fa61d/execute/async - {"script":"<script> [1562 bytes]","args":[{"selector":{"controlType":"sap.m.Button","properties":{"text":"OK"},"searchOpenDialogs":true,"interaction":{"idSuffix":"inner"}},"wdio_ui5_key":"sapm.Button{\"text\":\"OK\"}"}]}
COMMAND: GET /session/d94fe9d023155d3f6895aef5421fa61d/screenshot - {}
RESULT: {"script":"<script> [1562 bytes]","args":[{"selector":{"controlType":"sap.m.Button","properties":{"text":"OK"},"searchOpenDialogs":true,"interaction":{"idSuffix":"inner"}},"wdio_ui5_key":"sapm.Button{\"text\":\"OK\"}"}]}
RESULT: undefined
COMMAND: POST /session/d94fe9d023155d3f6895aef5421fa61d/element - {"using":"xpath","value":"//*[@id=\"__mbox-btn-1\"]"}
RESULT: {}
RESULT: {"using":"xpath","value":"//*[@id=\"__mbox-btn-1\"]"}
COMMAND: POST /session/d94fe9d023155d3f6895aef5421fa61d/element/f.95C2E293E0D5F8D5E0F83733146F119E.d.244C7978D2A1E18078AA9097251931B0.e.5845/click - {}
RESULT: {}
COMMAND: GET /session/d94fe9d023155d3f6895aef5421fa61d/screenshot - {}
RESULT: {}
COMMAND: POST /session/d94fe9d023155d3f6895aef5421fa61d/element - {"using":"xpath","value":"//div[contains(@id ,\"headerBillingItemsTabFilter-text\")]"}
RESULT: {"using":"xpath","value":"//div[contains(@id ,\"headerBillingItemsTabFilter-text\")]"}
COMMAND: POST /session/d94fe9d023155d3f6895aef5421fa61d/element/f.95C2E293E0D5F8D5E0F83733146F119E.d.244C7978D2A1E18078AA9097251931B0.e.5816/click - {}
RESULT: {}
COMMAND: GET /session/d94fe9d023155d3f6895aef5421fa61d/screenshot - {}
RESULT: {}
COMMAND: POST /session/d94fe9d023155d3f6895aef5421fa61d/element - {"using":"xpath","value":"//button[contains(@data-kt ,\"refreshButton\")]"}
RESULT: {"using":"xpath","value":"//button[contains(@data-kt ,\"refreshButton\")]"}
COMMAND: POST /session/d94fe9d023155d3f6895aef5421fa61d/element/f.95C2E293E0D5F8D5E0F83733146F119E.d.244C7978D2A1E18078AA9097251931B0.e.5689/click - {}
RESULT: {}
COMMAND: GET /session/d94fe9d023155d3f6895aef5421fa61d/screenshot - {}
RESULT: {}
COMMAND: POST /session/d94fe9d023155d3f6895aef5421fa61d/element - {"using":"xpath","value":"//div[contains(@id ,\"headerBillingItemsTabFilter-text\")]"}
RESULT: {"using":"xpath","value":"//div[contains(@id ,\"headerBillingItemsTabFilter-text\")]"}
COMMAND: POST /session/d94fe9d023155d3f6895aef5421fa61d/element/f.95C2E293E0D5F8D5E0F83733146F119E.d.244C7978D2A1E18078AA9097251931B0.e.5816/click - {}
RESULT: {}
COMMAND: GET /session/d94fe9d023155d3f6895aef5421fa61d/screenshot - {}
RESULT: {}
COMMAND: POST /session/d94fe9d023155d3f6895aef5421fa61d/execute/async - {"script":"<script> [1562 bytes]","args":[{"selector":{"id":"contractDetailProvideButton","viewName":"etm.portal.ui.managecontracts.view.Detail","interaction":{"idSuffix":"BDI-content"}},"wdio_ui5_key":"contractDetailProvideButtonetmportal.ui.managecontracts.view.Detail"}]}
RESULT: {"script":"<script> [1562 bytes]","args":[{"selector":{"id":"contractDetailProvideButton","viewName":"etm.portal.ui.managecontracts.view.Detail","interaction":{"idSuffix":"BDI-content"}},"wdio_ui5_key":"contractDetailProvideButtonetmportal.ui.managecontracts.view.Detail"}]}
RESULT: undefined
COMMAND: POST /session/d94fe9d023155d3f6895aef5421fa61d/element - {"using":"xpath","value":"//*[@id=\"__xmlview4--contractDetailProvideButton\"]"}
RESULT: {"using":"xpath","value":"//*[@id=\"__xmlview4--contractDetailProvideButton\"]"}
COMMAND: POST /session/d94fe9d023155d3f6895aef5421fa61d/element/f.95C2E293E0D5F8D5E0F83733146F119E.d.244C7978D2A1E18078AA9097251931B0.e.5698/click - {}
RESULT: {}
COMMAND: GET /session/d94fe9d023155d3f6895aef5421fa61d/screenshot - {}
RESULT: {}
COMMAND: POST /session/d94fe9d023155d3f6895aef5421fa61d/execute/async - {"script":"<script> [1562 bytes]","args":[{"selector":{"id":"application-managehandovers-display-component---AddNewHO--pickUpCheckbox","interaction":{"idSuffix":"CbBg"}},"wdio_ui5_key":"applicationmanagehandovers-display-component---AddNewHO--pickUpCheckbox"}]}
RESULT: {"script":"<script> [1562 bytes]","args":[{"selector":{"id":"application-managehandovers-display-component---AddNewHO--pickUpCheckbox","interaction":{"idSuffix":"CbBg"}},"wdio_ui5_key":"applicationmanagehandovers-display-component---AddNewHO--pickUpCheckbox"}]}
RESULT: undefined
COMMAND: POST /session/d94fe9d023155d3f6895aef5421fa61d/element - {"using":"xpath","value":"//*[@id=\"application-managehandovers-display-component---AddNewHO--pickUpCheckbox\"]"}
RESULT: {"using":"xpath","value":"//*[@id=\"application-managehandovers-display-component---AddNewHO--pickUpCheckbox\"]"}
COMMAND: POST /session/d94fe9d023155d3f6895aef5421fa61d/element/f.95C2E293E0D5F8D5E0F83733146F119E.d.244C7978D2A1E18078AA9097251931B0.e.6049/click - {}
RESULT: {}
COMMAND: POST /session/d94fe9d023155d3f6895aef5421fa61d/execute/async - {"script":"<script> [1562 bytes]","args":[{"selector":{"id":"application-managehandovers-display-component---AddNewHO--ObjectPageLayout-anchBar-application-managehandovers-display-component---AddNewHO--section4-anchor","interaction":{"idSuffix":"content"}},"wdio_ui5_key":"applicationmanagehandovers-display-component---AddNewHO--ObjectPageLayout-anchBar-application-managehandovers-display-component---AddNewHO--section4-anchor"}]}
COMMAND: GET /session/d94fe9d023155d3f6895aef5421fa61d/screenshot - {}
RESULT: {"script":"<script> [1562 bytes]","args":[{"selector":{"id":"application-managehandovers-display-component---AddNewHO--ObjectPageLayout-anchBar-application-managehandovers-display-component---AddNewHO--section4-anchor","interaction":{"idSuffix":"content"}},"wdio_ui5_key":"applicationmanagehandovers-display-component---AddNewHO--ObjectPageLayout-anchBar-application-managehandovers-display-component---AddNewHO--section4-anchor"}]}
RESULT: undefined
COMMAND: POST /session/d94fe9d023155d3f6895aef5421fa61d/element - {"using":"xpath","value":"//*[@id=\"application-managehandovers-display-component---AddNewHO--ObjectPageLayout-anchBar-application-managehandovers-display-component---AddNewHO--section4-anchor\"]"}
RESULT: {}
RESULT: {"using":"xpath","value":"//*[@id=\"application-managehandovers-display-component---AddNewHO--ObjectPageLayout-anchBar-application-managehandovers-display-component---AddNewHO--section4-anchor\"]"}
COMMAND: POST /session/d94fe9d023155d3f6895aef5421fa61d/element/f.95C2E293E0D5F8D5E0F83733146F119E.d.244C7978D2A1E18078AA9097251931B0.e.6053/click - {}
RESULT: {}
COMMAND: POST /session/d94fe9d023155d3f6895aef5421fa61d/execute/async - {"script":"<script> [1562 bytes]","args":[{"selector":{"controlType":"sap.m.Button","viewName":"etm.portal.ui.managehandovers.view.AddNewHO","viewId":"application-managehandovers-display-component---AddNewHO","i18NText":{"propertyName":"tooltip","key":"addItems"},"interaction":{"idSuffix":"inner"}},"wdio_ui5_key":"etmportal.ui.managehandovers.view.AddNewHOsap.m.Button{\"propertyName\":\"tooltip\",\"key\":\"addItems\"}"}]}
COMMAND: GET /session/d94fe9d023155d3f6895aef5421fa61d/screenshot - {}
RESULT: {"script":"<script> [1562 bytes]","args":[{"selector":{"controlType":"sap.m.Button","viewName":"etm.portal.ui.managehandovers.view.AddNewHO","viewId":"application-managehandovers-display-component---AddNewHO","i18NText":{"propertyName":"tooltip","key":"addItems"},"interaction":{"idSuffix":"inner"}},"wdio_ui5_key":"etmportal.ui.managehandovers.view.AddNewHOsap.m.Button{\"propertyName\":\"tooltip\",\"key\":\"addItems\"}"}]}
RESULT: undefined
COMMAND: POST /session/d94fe9d023155d3f6895aef5421fa61d/element - {"using":"xpath","value":"//*[@id=\"__button82\"]"}
RESULT: {}
RESULT: {"using":"xpath","value":"//*[@id=\"__button82\"]"}
COMMAND: POST /session/d94fe9d023155d3f6895aef5421fa61d/element/f.95C2E293E0D5F8D5E0F83733146F119E.d.244C7978D2A1E18078AA9097251931B0.e.6057/click - {}
RESULT: {}
COMMAND: POST /session/d94fe9d023155d3f6895aef5421fa61d/execute/async - {"script":"<script> [1562 bytes]","args":[{"selector":{"id":"application-managehandovers-display-component---AddNewHO--smartTableHOPopup-header","searchOpenDialogs":true},"wdio_ui5_key":"applicationmanagehandovers-display-component---AddNewHO--smartTableHOPopup-header"}]}
COMMAND: GET /session/d94fe9d023155d3f6895aef5421fa61d/screenshot - {}
RESULT: {"script":"<script> [1562 bytes]","args":[{"selector":{"id":"application-managehandovers-display-component---AddNewHO--smartTableHOPopup-header","searchOpenDialogs":true},"wdio_ui5_key":"applicationmanagehandovers-display-component---AddNewHO--smartTableHOPopup-header"}]}
RESULT: undefined
COMMAND: POST /session/d94fe9d023155d3f6895aef5421fa61d/execute/async - {"script":"<script> [6424 bytes]","args":[{"element-6066-11e4-a52e-4f735466cecf":"f.95C2E293E0D5F8D5E0F83733146F119E.d.244C7978D2A1E18078AA9097251931B0.e.6066"},"getText",[]]}
RESULT: {}
RESULT: {"script":"<script> [6424 bytes]","args":[{"element-6066-11e4-a52e-4f735466cecf":"f.95C2E293E0D5F8D5E0F83733146F119E.d.244C7978D2A1E18078AA9097251931B0.e.6066"},"getText",[]]}
COMMAND: POST /session/d94fe9d023155d3f6895aef5421fa61d/actions - {"actions":[{"id":"action40","type":"key","parameters":{},"actions":[{"type":"keyDown","value":"î€Œ"},{"type":"pause","duration":10},{"type":"keyUp","value":"î€Œ"}]}]}
RESULT: {"actions":[{"id":"action40","type":"key","parameters":{},"actions":[{"type":"keyDown","value":"î€Œ"},{"type":"pause","duration":10},{"type":"keyUp","value":"î€Œ"}]}]}
COMMAND: GET /session/d94fe9d023155d3f6895aef5421fa61d/screenshot - {}
RESULT: {}
COMMAND: POST /session/d94fe9d023155d3f6895aef5421fa61d/execute/async - {"script":"<script> [1562 bytes]","args":[{"selector":{"id":"backBtn"},"wdio_ui5_key":"backBtn"}]}
RESULT: {"script":"<script> [1562 bytes]","args":[{"selector":{"id":"backBtn"},"wdio_ui5_key":"backBtn"}]}
RESULT: undefined
COMMAND: POST /session/d94fe9d023155d3f6895aef5421fa61d/element - {"using":"xpath","value":"//*[@id=\"backBtn\"]"}
RESULT: {"using":"xpath","value":"//*[@id=\"backBtn\"]"}
COMMAND: POST /session/d94fe9d023155d3f6895aef5421fa61d/element/f.95C2E293E0D5F8D5E0F83733146F119E.d.244C7978D2A1E18078AA9097251931B0.e.6068/click - {}
RESULT: {}
COMMAND: GET /session/d94fe9d023155d3f6895aef5421fa61d/screenshot - {}
RESULT: undefined
COMMAND: POST /session/d94fe9d023155d3f6895aef5421fa61d/refresh - {}
RESULT: {}
RESULT: {}
COMMAND: GET /session/d94fe9d023155d3f6895aef5421fa61d/screenshot - {}
RESULT: {}
COMMAND: POST /session/d94fe9d023155d3f6895aef5421fa61d/execute/async - {"script":"<script> [189 bytes]","args":[]}
RESULT: {"script":"<script> [189 bytes]","args":[]}
COMMAND: POST /session/d94fe9d023155d3f6895aef5421fa61d/execute/async - {"script":"<script> [123 bytes]","args":[]}
RESULT: {"script":"<script> [123 bytes]","args":[]}
COMMAND: POST /session/d94fe9d023155d3f6895aef5421fa61d/timeouts - {"script":"<number>"}
RESULT: {"script":"<number>"}
COMMAND: GET /session/d94fe9d023155d3f6895aef5421fa61d/timeouts - {}
RESULT: {}
RESULT: undefined
COMMAND: POST /session/d94fe9d023155d3f6895aef5421fa61d/execute/async - {"script":"<script> [2676 bytes]","args":[]}
RESULT: {"script":"<script> [2676 bytes]","args":[]}
COMMAND: POST /session/d94fe9d023155d3f6895aef5421fa61d/execute/async - {"script":"<script> [2342 bytes]","args":[{"protocol":"http","hostname":"0.0.0.0","path":"/","capabilities":{"browserName":"chrome","goog:chromeOptions":{"binary":"C:\\Program Files\\Google\\Chrome\\Application\\chrome.exe","args":["--start-maximized"]}},"logLevel":"warn","connectionRetryTimeout":120000,"connectionRetryCount":3,"logLevels":{},"enableDirectConnect":true,"strictSSL":true,"_":"65 more keys: [\"cacheDir\",\"port\",\"requestedCapabilities\",\"automationProtocol\",\"baseUrl\",\"waitforInterval\",\"waitforTimeout\",\"onReload\",\"beforeCommand\",\"afterCommand\",\"rootDir\",\"specs\",\"suites\",\"exclude\",\"groupLogsByTestSpec\",\"excludeDriverLogs\",\"bail\",\"framework\",\"reporters\",\"services\",\"maxInstances\",\"maxInstancesPerCapability\",\"injectGlobals\",\"filesToWatch\",\"execArgv\",\"runnerEnv\",\"runner\",\"shard\",\"specFileRetries\",\"specFileRetriesDelay\",\"specFileRetriesDeferred\",\"reporterSyncInterval\",\"reporterSyncTimeout\",\"cucumberFeaturesWithLineNumbers\",\"autoCompileOpts\",\"mochaOpts\",\"jasmineOpts\",\"cucumberOpts\",\"onPrepare\",\"onWorkerStart\",\"onWorkerEnd\",\"before\",\"beforeSession\",\"beforeSuite\",\"beforeHook\",\"beforeTest\",\"afterTest\",\"afterHook\",\"afterSuite\",\"afterSession\",\"after\",\"onComplete\",\"beforeAssertion\",\"afterAssertion\",\"beforeFeature\",\"beforeScenario\",\"beforeStep\",\"afterStep\",\"afterScenario\",\"afterFeature\",\"_\",\"suite\",\"$0\",\"ignoredWorkerServices\",\"wdi5\"]"}]}
RESULT: {"script":"<script> [2342 bytes]","args":[{"protocol":"http","hostname":"0.0.0.0","path":"/","capabilities":{"browserName":"chrome","goog:chromeOptions":{"binary":"C:\\Program Files\\Google\\Chrome\\Application\\chrome.exe","args":["--start-maximized"]}},"logLevel":"warn","connectionRetryTimeout":120000,"connectionRetryCount":3,"logLevels":{},"enableDirectConnect":true,"strictSSL":true,"_":"65 more keys: [\"cacheDir\",\"port\",\"requestedCapabilities\",\"automationProtocol\",\"baseUrl\",\"waitforInterval\",\"waitforTimeout\",\"onReload\",\"beforeCommand\",\"afterCommand\",\"rootDir\",\"specs\",\"suites\",\"exclude\",\"groupLogsByTestSpec\",\"excludeDriverLogs\",\"bail\",\"framework\",\"reporters\",\"services\",\"maxInstances\",\"maxInstancesPerCapability\",\"injectGlobals\",\"filesToWatch\",\"execArgv\",\"runnerEnv\",\"runner\",\"shard\",\"specFileRetries\",\"specFileRetriesDelay\",\"specFileRetriesDeferred\",\"reporterSyncInterval\",\"reporterSyncTimeout\",\"cucumberFeaturesWithLineNumbers\",\"autoCompileOpts\",\"mochaOpts\",\"jasmineOpts\",\"cucumberOpts\",\"onPrepare\",\"onWorkerStart\",\"onWorkerEnd\",\"before\",\"beforeSession\",\"beforeSuite\",\"beforeHook\",\"beforeTest\",\"afterTest\",\"afterHook\",\"afterSuite\",\"afterSession\",\"after\",\"onComplete\",\"beforeAssertion\",\"afterAssertion\",\"beforeFeature\",\"beforeScenario\",\"beforeStep\",\"afterStep\",\"afterScenario\",\"afterFeature\",\"_\",\"suite\",\"$0\",\"ignoredWorkerServices\",\"wdi5\"]"}]}
COMMAND: POST /session/d94fe9d023155d3f6895aef5421fa61d/execute/async - {"script":"<script> [21126 bytes]","args":[35000]}
RESULT: undefined
RESULT: undefined
RESULT: {"script":"<script> [21126 bytes]","args":[35000]}
COMMAND: POST /session/d94fe9d023155d3f6895aef5421fa61d/element - {"using":"xpath","value":"//div[contains(@id ,\"headerBillingItemsTabFilter-text\")]"}
RESULT: {"using":"xpath","value":"//div[contains(@id ,\"headerBillingItemsTabFilter-text\")]"}
COMMAND: POST /session/d94fe9d023155d3f6895aef5421fa61d/element/f.95C2E293E0D5F8D5E0F83733146F119E.d.94B54D683BF799FB8CD2105D19BC94A9.e.6426/click - {}
RESULT: {}
COMMAND: GET /session/d94fe9d023155d3f6895aef5421fa61d/screenshot - {}
RESULT: {}
COMMAND: POST /session/d94fe9d023155d3f6895aef5421fa61d/execute/async - {"script":"<script> [1562 bytes]","args":[{"selector":{"id":"revertPlanningBtn","viewName":"etm.portal.ui.managecontracts.view.Detail","interaction":{"idSuffix":"BDI-content"}},"wdio_ui5_key":"revertPlanningBtnetmportal.ui.managecontracts.view.Detail"}]}
RESULT: {"script":"<script> [1562 bytes]","args":[{"selector":{"id":"revertPlanningBtn","viewName":"etm.portal.ui.managecontracts.view.Detail","interaction":{"idSuffix":"BDI-content"}},"wdio_ui5_key":"revertPlanningBtnetmportal.ui.managecontracts.view.Detail"}]}
RESULT: undefined
COMMAND: POST /session/d94fe9d023155d3f6895aef5421fa61d/element - {"using":"xpath","value":"//*[@id=\"__xmlview1--revertPlanningBtn\"]"}
RESULT: {"using":"xpath","value":"//*[@id=\"__xmlview1--revertPlanningBtn\"]"}
COMMAND: POST /session/d94fe9d023155d3f6895aef5421fa61d/element/f.95C2E293E0D5F8D5E0F83733146F119E.d.94B54D683BF799FB8CD2105D19BC94A9.e.6451/click - {}
RESULT: {}
COMMAND: GET /session/d94fe9d023155d3f6895aef5421fa61d/screenshot - {}
RESULT: {}
COMMAND: POST /session/d94fe9d023155d3f6895aef5421fa61d/actions - {"actions":[{"id":"action41","type":"key","parameters":{},"actions":[{"type":"keyDown","value":"î€‡"},{"type":"pause","duration":10},{"type":"keyUp","value":"î€‡"}]}]}
RESULT: {"actions":[{"id":"action41","type":"key","parameters":{},"actions":[{"type":"keyDown","value":"î€‡"},{"type":"pause","duration":10},{"type":"keyUp","value":"î€‡"}]}]}
COMMAND: GET /session/d94fe9d023155d3f6895aef5421fa61d/screenshot - {}
RESULT: {}
COMMAND: POST /session/d94fe9d023155d3f6895aef5421fa61d/element - {"using":"xpath","value":"//div[contains(@id ,\"ProductsTable-sa-CbBg\")]"}
RESULT: {"using":"xpath","value":"//div[contains(@id ,\"ProductsTable-sa-CbBg\")]"}
COMMAND: POST /session/d94fe9d023155d3f6895aef5421fa61d/element/f.95C2E293E0D5F8D5E0F83733146F119E.d.94B54D683BF799FB8CD2105D19BC94A9.e.6512/click - {}
RESULT: {}
COMMAND: GET /session/d94fe9d023155d3f6895aef5421fa61d/screenshot - {}
RESULT: {}
COMMAND: POST /session/d94fe9d023155d3f6895aef5421fa61d/execute/async - {"script":"<script> [1562 bytes]","args":[{"selector":{"id":"executeRevertPlanningBtn","viewName":"etm.portal.ui.managecontracts.view.Detail","interaction":{"idSuffix":"BDI-content"}},"wdio_ui5_key":"executeRevertPlanningBtnetmportal.ui.managecontracts.view.Detail"}]}
RESULT: {"script":"<script> [1562 bytes]","args":[{"selector":{"id":"executeRevertPlanningBtn","viewName":"etm.portal.ui.managecontracts.view.Detail","interaction":{"idSuffix":"BDI-content"}},"wdio_ui5_key":"executeRevertPlanningBtnetmportal.ui.managecontracts.view.Detail"}]}
RESULT: undefined
COMMAND: POST /session/d94fe9d023155d3f6895aef5421fa61d/element - {"using":"xpath","value":"//*[@id=\"__xmlview1--executeRevertPlanningBtn\"]"}
RESULT: {"using":"xpath","value":"//*[@id=\"__xmlview1--executeRevertPlanningBtn\"]"}
COMMAND: POST /session/d94fe9d023155d3f6895aef5421fa61d/element/f.95C2E293E0D5F8D5E0F83733146F119E.d.94B54D683BF799FB8CD2105D19BC94A9.e.6503/click - {}
RESULT: {}
COMMAND: GET /session/d94fe9d023155d3f6895aef5421fa61d/screenshot - {}
RESULT: {}
COMMAND: POST /session/d94fe9d023155d3f6895aef5421fa61d/actions - {"actions":[{"id":"action42","type":"key","parameters":{},"actions":[{"type":"keyDown","value":"î€‡"},{"type":"pause","duration":10},{"type":"keyUp","value":"î€‡"}]}]}
RESULT: {"actions":[{"id":"action42","type":"key","parameters":{},"actions":[{"type":"keyDown","value":"î€‡"},{"type":"pause","duration":10},{"type":"keyUp","value":"î€‡"}]}]}
COMMAND: POST /session/d94fe9d023155d3f6895aef5421fa61d/execute/async - {"script":"<script> [1562 bytes]","args":[{"selector":{"id":"backBtn"},"wdio_ui5_key":"backBtn"}]}
COMMAND: GET /session/d94fe9d023155d3f6895aef5421fa61d/screenshot - {}
RESULT: {"script":"<script> [1562 bytes]","args":[{"selector":{"id":"backBtn"},"wdio_ui5_key":"backBtn"}]}
RESULT: undefined
COMMAND: POST /session/d94fe9d023155d3f6895aef5421fa61d/element - {"using":"xpath","value":"//*[@id=\"backBtn\"]"}
RESULT: {}
RESULT: {"using":"xpath","value":"//*[@id=\"backBtn\"]"}
COMMAND: POST /session/d94fe9d023155d3f6895aef5421fa61d/element/f.95C2E293E0D5F8D5E0F83733146F119E.d.94B54D683BF799FB8CD2105D19BC94A9.e.6534/click - {}
RESULT: {}
COMMAND: GET /session/d94fe9d023155d3f6895aef5421fa61d/screenshot - {}
RESULT: {}
COMMAND: POST /session/d94fe9d023155d3f6895aef5421fa61d/refresh - {}
RESULT: {}
COMMAND: GET /session/d94fe9d023155d3f6895aef5421fa61d/screenshot - {}
RESULT: {}
COMMAND: POST /session/d94fe9d023155d3f6895aef5421fa61d/execute/async - {"script":"<script> [189 bytes]","args":[]}
RESULT: {"script":"<script> [189 bytes]","args":[]}
COMMAND: POST /session/d94fe9d023155d3f6895aef5421fa61d/execute/async - {"script":"<script> [123 bytes]","args":[]}
RESULT: {"script":"<script> [123 bytes]","args":[]}
COMMAND: POST /session/d94fe9d023155d3f6895aef5421fa61d/timeouts - {"script":"<number>"}
RESULT: {"script":"<number>"}
COMMAND: GET /session/d94fe9d023155d3f6895aef5421fa61d/timeouts - {}
RESULT: {}
RESULT: undefined
COMMAND: POST /session/d94fe9d023155d3f6895aef5421fa61d/execute/async - {"script":"<script> [2676 bytes]","args":[]}
RESULT: {"script":"<script> [2676 bytes]","args":[]}
COMMAND: POST /session/d94fe9d023155d3f6895aef5421fa61d/execute/async - {"script":"<script> [2342 bytes]","args":[{"protocol":"http","hostname":"0.0.0.0","path":"/","capabilities":{"browserName":"chrome","goog:chromeOptions":{"binary":"C:\\Program Files\\Google\\Chrome\\Application\\chrome.exe","args":["--start-maximized"]}},"logLevel":"warn","connectionRetryTimeout":120000,"connectionRetryCount":3,"logLevels":{},"enableDirectConnect":true,"strictSSL":true,"_":"65 more keys: [\"cacheDir\",\"port\",\"requestedCapabilities\",\"automationProtocol\",\"baseUrl\",\"waitforInterval\",\"waitforTimeout\",\"onReload\",\"beforeCommand\",\"afterCommand\",\"rootDir\",\"specs\",\"suites\",\"exclude\",\"groupLogsByTestSpec\",\"excludeDriverLogs\",\"bail\",\"framework\",\"reporters\",\"services\",\"maxInstances\",\"maxInstancesPerCapability\",\"injectGlobals\",\"filesToWatch\",\"execArgv\",\"runnerEnv\",\"runner\",\"shard\",\"specFileRetries\",\"specFileRetriesDelay\",\"specFileRetriesDeferred\",\"reporterSyncInterval\",\"reporterSyncTimeout\",\"cucumberFeaturesWithLineNumbers\",\"autoCompileOpts\",\"mochaOpts\",\"jasmineOpts\",\"cucumberOpts\",\"onPrepare\",\"onWorkerStart\",\"onWorkerEnd\",\"before\",\"beforeSession\",\"beforeSuite\",\"beforeHook\",\"beforeTest\",\"afterTest\",\"afterHook\",\"afterSuite\",\"afterSession\",\"after\",\"onComplete\",\"beforeAssertion\",\"afterAssertion\",\"beforeFeature\",\"beforeScenario\",\"beforeStep\",\"afterStep\",\"afterScenario\",\"afterFeature\",\"_\",\"suite\",\"$0\",\"ignoredWorkerServices\",\"wdi5\"]"}]}
RESULT: {"script":"<script> [2342 bytes]","args":[{"protocol":"http","hostname":"0.0.0.0","path":"/","capabilities":{"browserName":"chrome","goog:chromeOptions":{"binary":"C:\\Program Files\\Google\\Chrome\\Application\\chrome.exe","args":["--start-maximized"]}},"logLevel":"warn","connectionRetryTimeout":120000,"connectionRetryCount":3,"logLevels":{},"enableDirectConnect":true,"strictSSL":true,"_":"65 more keys: [\"cacheDir\",\"port\",\"requestedCapabilities\",\"automationProtocol\",\"baseUrl\",\"waitforInterval\",\"waitforTimeout\",\"onReload\",\"beforeCommand\",\"afterCommand\",\"rootDir\",\"specs\",\"suites\",\"exclude\",\"groupLogsByTestSpec\",\"excludeDriverLogs\",\"bail\",\"framework\",\"reporters\",\"services\",\"maxInstances\",\"maxInstancesPerCapability\",\"injectGlobals\",\"filesToWatch\",\"execArgv\",\"runnerEnv\",\"runner\",\"shard\",\"specFileRetries\",\"specFileRetriesDelay\",\"specFileRetriesDeferred\",\"reporterSyncInterval\",\"reporterSyncTimeout\",\"cucumberFeaturesWithLineNumbers\",\"autoCompileOpts\",\"mochaOpts\",\"jasmineOpts\",\"cucumberOpts\",\"onPrepare\",\"onWorkerStart\",\"onWorkerEnd\",\"before\",\"beforeSession\",\"beforeSuite\",\"beforeHook\",\"beforeTest\",\"afterTest\",\"afterHook\",\"afterSuite\",\"afterSession\",\"after\",\"onComplete\",\"beforeAssertion\",\"afterAssertion\",\"beforeFeature\",\"beforeScenario\",\"beforeStep\",\"afterStep\",\"afterScenario\",\"afterFeature\",\"_\",\"suite\",\"$0\",\"ignoredWorkerServices\",\"wdi5\"]"}]}
COMMAND: POST /session/d94fe9d023155d3f6895aef5421fa61d/execute/async - {"script":"<script> [21126 bytes]","args":[35000]}
RESULT: {"script":"<script> [21126 bytes]","args":[35000]}
COMMAND: POST /session/d94fe9d023155d3f6895aef5421fa61d/execute/async - {"script":"<script> [1562 bytes]","args":[{"selector":{"controlType":"sap.m.ObjectStatus","viewName":"etm.portal.ui.managerequests.view.Detail","bindingPath":{"path":"/RequestHeaders('20405')","propertyPath":"LINK_TO_STATUS/DESCRIPTION","modelName":"catalogModel"}},"wdio_ui5_key":"etmportal.ui.managerequests.view.Detailsap.m.ObjectStatus{\"path\":\"/RequestHeaders('20405')\",\"propertyPath\":\"LINK_TO_STATUS/DESCRIPTION\",\"modelName\":\"catalogModel\"}"}]}
RESULT: {"script":"<script> [1562 bytes]","args":[{"selector":{"controlType":"sap.m.ObjectStatus","viewName":"etm.portal.ui.managerequests.view.Detail","bindingPath":{"path":"/RequestHeaders('20405')","propertyPath":"LINK_TO_STATUS/DESCRIPTION","modelName":"catalogModel"}},"wdio_ui5_key":"etmportal.ui.managerequests.view.Detailsap.m.ObjectStatus{\"path\":\"/RequestHeaders('20405')\",\"propertyPath\":\"LINK_TO_STATUS/DESCRIPTION\",\"modelName\":\"catalogModel\"}"}]}
RESULT: undefined
COMMAND: POST /session/d94fe9d023155d3f6895aef5421fa61d/execute/async - {"script":"<script> [6424 bytes]","args":[{"element-6066-11e4-a52e-4f735466cecf":"f.95C2E293E0D5F8D5E0F83733146F119E.d.A172A354C377069ABA5BE78737F470F2.e.7041"},"getText",[]]}
RESULT: {"script":"<script> [6424 bytes]","args":[{"element-6066-11e4-a52e-4f735466cecf":"f.95C2E293E0D5F8D5E0F83733146F119E.d.A172A354C377069ABA5BE78737F470F2.e.7041"},"getText",[]]}
COMMAND: POST /session/d94fe9d023155d3f6895aef5421fa61d/execute/async - {"script":"<script> [1562 bytes]","args":[{"selector":{"controlType":"sap.m.Button","viewName":"etm.portal.ui.managerequests.view.Detail","bindingPath":{"path":"/SmartRequestItemsPlanningBoard(ITEM=10m,REQUEST='20405')","propertyPath":"PICK_UP"}},"wdio_ui5_key":"etmportal.ui.managerequests.view.Detailsap.m.Button{\"path\":\"/SmartRequestItemsPlanningBoard(ITEM=10m,REQUEST='20405')\",\"propertyPath\":\"PICK_UP\"}"}]}
RESULT: {"script":"<script> [1562 bytes]","args":[{"selector":{"controlType":"sap.m.Button","viewName":"etm.portal.ui.managerequests.view.Detail","bindingPath":{"path":"/SmartRequestItemsPlanningBoard(ITEM=10m,REQUEST='20405')","propertyPath":"PICK_UP"}},"wdio_ui5_key":"etmportal.ui.managerequests.view.Detailsap.m.Button{\"path\":\"/SmartRequestItemsPlanningBoard(ITEM=10m,REQUEST='20405')\",\"propertyPath\":\"PICK_UP\"}"}]}
RESULT: undefined
COMMAND: POST /session/d94fe9d023155d3f6895aef5421fa61d/execute/async - {"script":"<script> [6424 bytes]","args":[{"element-6066-11e4-a52e-4f735466cecf":"f.95C2E293E0D5F8D5E0F83733146F119E.d.A172A354C377069ABA5BE78737F470F2.e.6715"},"getType",[]]}
RESULT: {"script":"<script> [6424 bytes]","args":[{"element-6066-11e4-a52e-4f735466cecf":"f.95C2E293E0D5F8D5E0F83733146F119E.d.A172A354C377069ABA5BE78737F470F2.e.6715"},"getType",[]]}
COMMAND: POST /session/d94fe9d023155d3f6895aef5421fa61d/execute/async - {"script":"<script> [1562 bytes]","args":[{"selector":{"controlType":"sap.m.Button","viewName":"etm.portal.ui.managerequests.view.Detail","bindingPath":{"path":"/SmartRequestItemsPlanningBoard(ITEM=20m,REQUEST='20405')","propertyPath":"PICK_UP"}},"wdio_ui5_key":"etmportal.ui.managerequests.view.Detailsap.m.Button{\"path\":\"/SmartRequestItemsPlanningBoard(ITEM=20m,REQUEST='20405')\",\"propertyPath\":\"PICK_UP\"}"}]}
RESULT: {"script":"<script> [1562 bytes]","args":[{"selector":{"controlType":"sap.m.Button","viewName":"etm.portal.ui.managerequests.view.Detail","bindingPath":{"path":"/SmartRequestItemsPlanningBoard(ITEM=20m,REQUEST='20405')","propertyPath":"PICK_UP"}},"wdio_ui5_key":"etmportal.ui.managerequests.view.Detailsap.m.Button{\"path\":\"/SmartRequestItemsPlanningBoard(ITEM=20m,REQUEST='20405')\",\"propertyPath\":\"PICK_UP\"}"}]}
RESULT: undefined
COMMAND: POST /session/d94fe9d023155d3f6895aef5421fa61d/execute/async - {"script":"<script> [6424 bytes]","args":[{"element-6066-11e4-a52e-4f735466cecf":"f.95C2E293E0D5F8D5E0F83733146F119E.d.A172A354C377069ABA5BE78737F470F2.e.7042"},"getType",[]]}
RESULT: {"script":"<script> [6424 bytes]","args":[{"element-6066-11e4-a52e-4f735466cecf":"f.95C2E293E0D5F8D5E0F83733146F119E.d.A172A354C377069ABA5BE78737F470F2.e.7042"},"getType",[]]}
COMMAND: POST /session/d94fe9d023155d3f6895aef5421fa61d/element - {"using":"css selector","value":"#shell-header-logo"}
RESULT: {"using":"css selector","value":"#shell-header-logo"}
COMMAND: POST /session/d94fe9d023155d3f6895aef5421fa61d/element/f.95C2E293E0D5F8D5E0F83733146F119E.d.A172A354C377069ABA5BE78737F470F2.e.6628/click - {}
RESULT: {}
COMMAND: GET /session/d94fe9d023155d3f6895aef5421fa61d/screenshot - {}
RESULT: {}
COMMAND: POST /session/d94fe9d023155d3f6895aef5421fa61d/execute/async - {"script":"<script> [1562 bytes]","args":[{"selector":{"controlType":"sap.m.GenericTile","properties":{"header":"Manage Classifications"}},"wdio_ui5_key":"sapm.GenericTile{\"header\":\"Manage Classifications\"}"}]}
RESULT: {"script":"<script> [1562 bytes]","args":[{"selector":{"controlType":"sap.m.GenericTile","properties":{"header":"Manage Classifications"}},"wdio_ui5_key":"sapm.GenericTile{\"header\":\"Manage Classifications\"}"}]}
RESULT: undefined
COMMAND: POST /session/d94fe9d023155d3f6895aef5421fa61d/element - {"using":"xpath","value":"//*[@id=\"__tile115\"]"}
RESULT: {"using":"xpath","value":"//*[@id=\"__tile115\"]"}
COMMAND: POST /session/d94fe9d023155d3f6895aef5421fa61d/element/f.95C2E293E0D5F8D5E0F83733146F119E.d.A172A354C377069ABA5BE78737F470F2.e.7058/click - {}
RESULT: {}
COMMAND: GET /session/d94fe9d023155d3f6895aef5421fa61d/screenshot - {}
RESULT: {}
]]></system-out>
    </testcase>
  </testsuite>
  <testsuite timestamp="2025-04-24T15:55:57" time="326.785" tests="4" failures="0" errors="0" skipped="0">
    <properties>
      <property name="specId" value="0" />
      <property name="suiteName" value="Manage requests - requests specifications US141095" />
      <property name="capabilities" value="chrome.135_0_7049_96.windows" />
      <property name="file" value="file:///D:/a/1/s/test/specs/R2C/manage-requests-request-specifications.spec.js" />
    </properties>
    <testcase classname="chrome.135_0_7049_96.windows.Manage_requests_-_requests_specifications_US141095" name="Should create a new classification of type request item" time="40.828">
      <system-out><![CDATA[
COMMAND: POST /session/d94fe9d023155d3f6895aef5421fa61d/execute/async - {"script":"<script> [1562 bytes]","args":[{"selector":{"controlType":"sap.ui.core.Icon","viewName":"etm.portal.ui.manageclassifications.view.Master","viewId":"application-manageclassifications-display-component---classificationMaster","properties":{"src":{"regex":{"source":"add"}}}},"wdio_ui5_key":"etmportal.ui.manageclassifications.view.Mastersap.ui.core.Icon{\"src\":{\"regex\":{\"source\":\"add\"}}}"}]}
RESULT: {"script":"<script> [1562 bytes]","args":[{"selector":{"controlType":"sap.ui.core.Icon","viewName":"etm.portal.ui.manageclassifications.view.Master","viewId":"application-manageclassifications-display-component---classificationMaster","properties":{"src":{"regex":{"source":"add"}}}},"wdio_ui5_key":"etmportal.ui.manageclassifications.view.Mastersap.ui.core.Icon{\"src\":{\"regex\":{\"source\":\"add\"}}}"}]}
RESULT: undefined
COMMAND: POST /session/d94fe9d023155d3f6895aef5421fa61d/element - {"using":"xpath","value":"//*[@id=\"__button27-img\"]"}
RESULT: {"using":"xpath","value":"//*[@id=\"__button27-img\"]"}
COMMAND: POST /session/d94fe9d023155d3f6895aef5421fa61d/element/f.95C2E293E0D5F8D5E0F83733146F119E.d.A172A354C377069ABA5BE78737F470F2.e.7096/click - {}
RESULT: {}
COMMAND: POST /session/d94fe9d023155d3f6895aef5421fa61d/execute/async - {"script":"<script> [1562 bytes]","args":[{"selector":{"id":"application-manageclassifications-display-component---classificationCreate--classHeaderName","interaction":{"idSuffix":"inner"}},"wdio_ui5_key":"applicationmanageclassifications-display-component---classificationCreate--classHeaderName"}]}
COMMAND: GET /session/d94fe9d023155d3f6895aef5421fa61d/screenshot - {}
RESULT: {"script":"<script> [1562 bytes]","args":[{"selector":{"id":"application-manageclassifications-display-component---classificationCreate--classHeaderName","interaction":{"idSuffix":"inner"}},"wdio_ui5_key":"applicationmanageclassifications-display-component---classificationCreate--classHeaderName"}]}
RESULT: undefined
COMMAND: POST /session/d94fe9d023155d3f6895aef5421fa61d/execute/async - {"script":"<script> [776 bytes]","args":[{"enterText":"WebdriverItemClass85j3h","selector":{"id":"application-manageclassifications-display-component---classificationCreate--classHeaderName","interaction":{"idSuffix":"inner"}},"clearTextFirst":true,"interactionType":"ENTER_TEXT"}]}
RESULT: {}
RESULT: {"script":"<script> [776 bytes]","args":[{"enterText":"WebdriverItemClass85j3h","selector":{"id":"application-manageclassifications-display-component---classificationCreate--classHeaderName","interaction":{"idSuffix":"inner"}},"clearTextFirst":true,"interactionType":"ENTER_TEXT"}]}
COMMAND: POST /session/d94fe9d023155d3f6895aef5421fa61d/execute/async - {"script":"<script> [1562 bytes]","args":[{"selector":{"controlType":"sap.ui.core.Icon","viewName":"etm.portal.ui.manageclassifications.view.Create","viewId":"application-manageclassifications-display-component---classificationCreate","properties":{"src":{"regex":{"source":"slim\\-arrow\\-down"}}}},"wdio_ui5_key":"etmportal.ui.manageclassifications.view.Createsap.ui.core.Icon{\"src\":{\"regex\":{\"source\":\"slim\\\\-arrow\\\\-down\"}}}"}]}
RESULT: {"script":"<script> [1562 bytes]","args":[{"selector":{"controlType":"sap.ui.core.Icon","viewName":"etm.portal.ui.manageclassifications.view.Create","viewId":"application-manageclassifications-display-component---classificationCreate","properties":{"src":{"regex":{"source":"slim\\-arrow\\-down"}}}},"wdio_ui5_key":"etmportal.ui.manageclassifications.view.Createsap.ui.core.Icon{\"src\":{\"regex\":{\"source\":\"slim\\\\-arrow\\\\-down\"}}}"}]}
RESULT: undefined
COMMAND: POST /session/d94fe9d023155d3f6895aef5421fa61d/element - {"using":"xpath","value":"//*[@id=\"__box12-arrow\"]"}
RESULT: {"using":"xpath","value":"//*[@id=\"__box12-arrow\"]"}
COMMAND: POST /session/d94fe9d023155d3f6895aef5421fa61d/element/f.95C2E293E0D5F8D5E0F83733146F119E.d.A172A354C377069ABA5BE78737F470F2.e.7501/click - {}
RESULT: {}
COMMAND: POST /session/d94fe9d023155d3f6895aef5421fa61d/execute/async - {"script":"<script> [1562 bytes]","args":[{"selector":{"controlType":"sap.m.StandardListItem","viewName":"etm.portal.ui.manageclassifications.view.Create","viewId":"application-manageclassifications-display-component---classificationCreate","properties":{"title":"Request Item Specifications"},"searchOpenDialogs":true,"interaction":{"idSuffix":"titleText"}},"wdio_ui5_key":"etmportal.ui.manageclassifications.view.Createsap.m.StandardListItem{\"title\":\"Request Item Specifications\"}"}]}
COMMAND: GET /session/d94fe9d023155d3f6895aef5421fa61d/screenshot - {}
RESULT: {"script":"<script> [1562 bytes]","args":[{"selector":{"controlType":"sap.m.StandardListItem","viewName":"etm.portal.ui.manageclassifications.view.Create","viewId":"application-manageclassifications-display-component---classificationCreate","properties":{"title":"Request Item Specifications"},"searchOpenDialogs":true,"interaction":{"idSuffix":"titleText"}},"wdio_ui5_key":"etmportal.ui.manageclassifications.view.Createsap.m.StandardListItem{\"title\":\"Request Item Specifications\"}"}]}
RESULT: undefined
COMMAND: POST /session/d94fe9d023155d3f6895aef5421fa61d/element - {"using":"xpath","value":"//*[@id=\"__item91\"]"}
RESULT: {}
RESULT: {"using":"xpath","value":"//*[@id=\"__item91\"]"}
COMMAND: POST /session/d94fe9d023155d3f6895aef5421fa61d/element/f.95C2E293E0D5F8D5E0F83733146F119E.d.A172A354C377069ABA5BE78737F470F2.e.7543/click - {}
RESULT: {}
COMMAND: POST /session/d94fe9d023155d3f6895aef5421fa61d/execute/async - {"script":"<script> [1562 bytes]","args":[{"selector":{"controlType":"sap.ui.core.Icon","viewName":"etm.portal.ui.manageclassifications.view.Create","viewId":"application-manageclassifications-display-component---classificationCreate","properties":{"src":{"regex":{"source":"add"}}}},"wdio_ui5_key":"etmportal.ui.manageclassifications.view.Createsap.ui.core.Icon{\"src\":{\"regex\":{\"source\":\"add\"}}}"}]}
COMMAND: GET /session/d94fe9d023155d3f6895aef5421fa61d/screenshot - {}
RESULT: {"script":"<script> [1562 bytes]","args":[{"selector":{"controlType":"sap.ui.core.Icon","viewName":"etm.portal.ui.manageclassifications.view.Create","viewId":"application-manageclassifications-display-component---classificationCreate","properties":{"src":{"regex":{"source":"add"}}}},"wdio_ui5_key":"etmportal.ui.manageclassifications.view.Createsap.ui.core.Icon{\"src\":{\"regex\":{\"source\":\"add\"}}}"}]}
RESULT: undefined
COMMAND: POST /session/d94fe9d023155d3f6895aef5421fa61d/element - {"using":"xpath","value":"//*[@id=\"__button32-img\"]"}
RESULT: {}
RESULT: {"using":"xpath","value":"//*[@id=\"__button32-img\"]"}
COMMAND: POST /session/d94fe9d023155d3f6895aef5421fa61d/element/f.95C2E293E0D5F8D5E0F83733146F119E.d.A172A354C377069ABA5BE78737F470F2.e.7504/click - {}
RESULT: {}
COMMAND: POST /session/d94fe9d023155d3f6895aef5421fa61d/execute/async - {"script":"<script> [1562 bytes]","args":[{"selector":{"controlType":"sap.m.Input","viewName":"etm.portal.ui.manageclassifications.view.Create","viewId":"application-manageclassifications-display-component---classificationCreate","bindingPath":{"path":"/0","propertyPath":"PROPERTY","modelName":"newConfigModel"},"interaction":{"idSuffix":"inner"}},"wdio_ui5_key":"etmportal.ui.manageclassifications.view.Createsap.m.Input{\"path\":\"/0\",\"propertyPath\":\"PROPERTY\",\"modelName\":\"newConfigModel\"}"}]}
COMMAND: GET /session/d94fe9d023155d3f6895aef5421fa61d/screenshot - {}
RESULT: {"script":"<script> [1562 bytes]","args":[{"selector":{"controlType":"sap.m.Input","viewName":"etm.portal.ui.manageclassifications.view.Create","viewId":"application-manageclassifications-display-component---classificationCreate","bindingPath":{"path":"/0","propertyPath":"PROPERTY","modelName":"newConfigModel"},"interaction":{"idSuffix":"inner"}},"wdio_ui5_key":"etmportal.ui.manageclassifications.view.Createsap.m.Input{\"path\":\"/0\",\"propertyPath\":\"PROPERTY\",\"modelName\":\"newConfigModel\"}"}]}
RESULT: undefined
COMMAND: POST /session/d94fe9d023155d3f6895aef5421fa61d/execute/async - {"script":"<script> [776 bytes]","args":[{"enterText":"Color","selector":{"controlType":"sap.m.Input","viewName":"etm.portal.ui.manageclassifications.view.Create","viewId":"application-manageclassifications-display-component---classificationCreate","bindingPath":{"path":"/0","propertyPath":"PROPERTY","modelName":"newConfigModel"},"interaction":{"idSuffix":"inner"}},"clearTextFirst":true,"interactionType":"ENTER_TEXT"}]}
RESULT: {}
RESULT: {"script":"<script> [776 bytes]","args":[{"enterText":"Color","selector":{"controlType":"sap.m.Input","viewName":"etm.portal.ui.manageclassifications.view.Create","viewId":"application-manageclassifications-display-component---classificationCreate","bindingPath":{"path":"/0","propertyPath":"PROPERTY","modelName":"newConfigModel"},"interaction":{"idSuffix":"inner"}},"clearTextFirst":true,"interactionType":"ENTER_TEXT"}]}
COMMAND: POST /session/d94fe9d023155d3f6895aef5421fa61d/execute/async - {"script":"<script> [1562 bytes]","args":[{"selector":{"controlType":"sap.m.Input","viewName":"etm.portal.ui.manageclassifications.view.Create","viewId":"application-manageclassifications-display-component---classificationCreate","bindingPath":{"path":"/0","propertyPath":"DESCRIPTION","modelName":"newConfigModel"},"interaction":{"idSuffix":"inner"}},"wdio_ui5_key":"etmportal.ui.manageclassifications.view.Createsap.m.Input{\"path\":\"/0\",\"propertyPath\":\"DESCRIPTION\",\"modelName\":\"newConfigModel\"}"}]}
RESULT: {"script":"<script> [1562 bytes]","args":[{"selector":{"controlType":"sap.m.Input","viewName":"etm.portal.ui.manageclassifications.view.Create","viewId":"application-manageclassifications-display-component---classificationCreate","bindingPath":{"path":"/0","propertyPath":"DESCRIPTION","modelName":"newConfigModel"},"interaction":{"idSuffix":"inner"}},"wdio_ui5_key":"etmportal.ui.manageclassifications.view.Createsap.m.Input{\"path\":\"/0\",\"propertyPath\":\"DESCRIPTION\",\"modelName\":\"newConfigModel\"}"}]}
RESULT: undefined
COMMAND: POST /session/d94fe9d023155d3f6895aef5421fa61d/execute/async - {"script":"<script> [776 bytes]","args":[{"enterText":"Color","selector":{"controlType":"sap.m.Input","viewName":"etm.portal.ui.manageclassifications.view.Create","viewId":"application-manageclassifications-display-component---classificationCreate","bindingPath":{"path":"/0","propertyPath":"DESCRIPTION","modelName":"newConfigModel"},"interaction":{"idSuffix":"inner"}},"clearTextFirst":true,"interactionType":"ENTER_TEXT"}]}
RESULT: {"script":"<script> [776 bytes]","args":[{"enterText":"Color","selector":{"controlType":"sap.m.Input","viewName":"etm.portal.ui.manageclassifications.view.Create","viewId":"application-manageclassifications-display-component---classificationCreate","bindingPath":{"path":"/0","propertyPath":"DESCRIPTION","modelName":"newConfigModel"},"interaction":{"idSuffix":"inner"}},"clearTextFirst":true,"interactionType":"ENTER_TEXT"}]}
COMMAND: POST /session/d94fe9d023155d3f6895aef5421fa61d/execute/async - {"script":"<script> [1562 bytes]","args":[{"selector":{"controlType":"sap.ui.core.Icon","viewName":"etm.portal.ui.manageclassifications.view.Create","viewId":"application-manageclassifications-display-component---classificationCreate","properties":{"src":{"regex":{"source":"slim\\-arrow\\-down"}}},"ancestor":{"controlType":"sap.m.ComboBox","viewName":"etm.portal.ui.manageclassifications.view.Create","viewId":"application-manageclassifications-display-component---classificationCreate","bindingPath":{"path":"/0","propertyPath":"VALUE_TYPE","modelName":"newConfigModel"}}},"wdio_ui5_key":"etmportal.ui.manageclassifications.view.Createsap.ui.core.Icon{\"src\":{\"regex\":{\"source\":\"slim\\\\-arrow\\\\-down\"}}}{\"controlType\":\"sap.m.ComboBox\",\"viewName\":\"etm.portal.ui.manageclassifications.view.Create\",\"viewId\":\"application-manageclassifications-display-component---classificationCreate\",\"bindingPath\":{\"path\":\"/0\",\"propertyPath\":\"VALUE_TYPE\",\"modelName\":\"newConfigModel\"}}"}]}
RESULT: {"script":"<script> [1562 bytes]","args":[{"selector":{"controlType":"sap.ui.core.Icon","viewName":"etm.portal.ui.manageclassifications.view.Create","viewId":"application-manageclassifications-display-component---classificationCreate","properties":{"src":{"regex":{"source":"slim\\-arrow\\-down"}}},"ancestor":{"controlType":"sap.m.ComboBox","viewName":"etm.portal.ui.manageclassifications.view.Create","viewId":"application-manageclassifications-display-component---classificationCreate","bindingPath":{"path":"/0","propertyPath":"VALUE_TYPE","modelName":"newConfigModel"}}},"wdio_ui5_key":"etmportal.ui.manageclassifications.view.Createsap.ui.core.Icon{\"src\":{\"regex\":{\"source\":\"slim\\\\-arrow\\\\-down\"}}}{\"controlType\":\"sap.m.ComboBox\",\"viewName\":\"etm.portal.ui.manageclassifications.view.Create\",\"viewId\":\"application-manageclassifications-display-component---classificationCreate\",\"bindingPath\":{\"path\":\"/0\",\"propertyPath\":\"VALUE_TYPE\",\"modelName\":\"newConfigModel\"}}"}]}
RESULT: undefined
COMMAND: POST /session/d94fe9d023155d3f6895aef5421fa61d/element - {"using":"xpath","value":"//*[@id=\"__box13-application-manageclassifications-display-component---classificationCreate--configurationList-0-arrow\"]"}
RESULT: {"using":"xpath","value":"//*[@id=\"__box13-application-manageclassifications-display-component---classificationCreate--configurationList-0-arrow\"]"}
COMMAND: POST /session/d94fe9d023155d3f6895aef5421fa61d/element/f.95C2E293E0D5F8D5E0F83733146F119E.d.A172A354C377069ABA5BE78737F470F2.e.7552/click - {}
RESULT: {}
COMMAND: POST /session/d94fe9d023155d3f6895aef5421fa61d/execute/async - {"script":"<script> [1562 bytes]","args":[{"selector":{"controlType":"sap.m.StandardListItem","viewName":"etm.portal.ui.manageclassifications.view.Create","viewId":"application-manageclassifications-display-component---classificationCreate","properties":{"title":"Dropdown"},"searchOpenDialogs":true,"interaction":{"idSuffix":"titleText"}},"wdio_ui5_key":"etmportal.ui.manageclassifications.view.Createsap.m.StandardListItem{\"title\":\"Dropdown\"}"}]}
COMMAND: GET /session/d94fe9d023155d3f6895aef5421fa61d/screenshot - {}
RESULT: {"script":"<script> [1562 bytes]","args":[{"selector":{"controlType":"sap.m.StandardListItem","viewName":"etm.portal.ui.manageclassifications.view.Create","viewId":"application-manageclassifications-display-component---classificationCreate","properties":{"title":"Dropdown"},"searchOpenDialogs":true,"interaction":{"idSuffix":"titleText"}},"wdio_ui5_key":"etmportal.ui.manageclassifications.view.Createsap.m.StandardListItem{\"title\":\"Dropdown\"}"}]}
RESULT: undefined
COMMAND: POST /session/d94fe9d023155d3f6895aef5421fa61d/element - {"using":"xpath","value":"//*[@id=\"__item99\"]"}
RESULT: {}
RESULT: {"using":"xpath","value":"//*[@id=\"__item99\"]"}
COMMAND: POST /session/d94fe9d023155d3f6895aef5421fa61d/element/f.95C2E293E0D5F8D5E0F83733146F119E.d.A172A354C377069ABA5BE78737F470F2.e.7554/click - {}
RESULT: {}
COMMAND: POST /session/d94fe9d023155d3f6895aef5421fa61d/execute/async - {"script":"<script> [1562 bytes]","args":[{"selector":{"controlType":"sap.ui.core.Icon","viewName":"etm.portal.ui.manageclassifications.view.Create","viewId":"application-manageclassifications-display-component---classificationCreate","properties":{"src":{"regex":{"source":"crm\\-service\\-manager"}}}},"wdio_ui5_key":"etmportal.ui.manageclassifications.view.Createsap.ui.core.Icon{\"src\":{\"regex\":{\"source\":\"crm\\\\-service\\\\-manager\"}}}"}]}
COMMAND: GET /session/d94fe9d023155d3f6895aef5421fa61d/screenshot - {}
RESULT: {"script":"<script> [1562 bytes]","args":[{"selector":{"controlType":"sap.ui.core.Icon","viewName":"etm.portal.ui.manageclassifications.view.Create","viewId":"application-manageclassifications-display-component---classificationCreate","properties":{"src":{"regex":{"source":"crm\\-service\\-manager"}}}},"wdio_ui5_key":"etmportal.ui.manageclassifications.view.Createsap.ui.core.Icon{\"src\":{\"regex\":{\"source\":\"crm\\\\-service\\\\-manager\"}}}"}]}
RESULT: undefined
COMMAND: POST /session/d94fe9d023155d3f6895aef5421fa61d/element - {"using":"xpath","value":"//*[@id=\"__button34-application-manageclassifications-display-component---classificationCreate--configurationList-0-img\"]"}
RESULT: {}
RESULT: {"using":"xpath","value":"//*[@id=\"__button34-application-manageclassifications-display-component---classificationCreate--configurationList-0-img\"]"}
COMMAND: POST /session/d94fe9d023155d3f6895aef5421fa61d/element/f.95C2E293E0D5F8D5E0F83733146F119E.d.A172A354C377069ABA5BE78737F470F2.e.7556/click - {}
RESULT: {}
COMMAND: POST /session/d94fe9d023155d3f6895aef5421fa61d/element - {"using":"xpath","value":"//button[@title=\"Add additional value\"]"}
COMMAND: GET /session/d94fe9d023155d3f6895aef5421fa61d/screenshot - {}
RESULT: {"using":"xpath","value":"//button[@title=\"Add additional value\"]"}
COMMAND: POST /session/d94fe9d023155d3f6895aef5421fa61d/element/f.95C2E293E0D5F8D5E0F83733146F119E.d.A172A354C377069ABA5BE78737F470F2.e.7557/click - {}
RESULT: {}
RESULT: {}
COMMAND: POST /session/d94fe9d023155d3f6895aef5421fa61d/execute/async - {"script":"<script> [1562 bytes]","args":[{"selector":{"controlType":"sap.m.Input","viewName":"etm.portal.ui.manageclassifications.view.Create","viewId":"application-manageclassifications-display-component---classificationCreate","bindingPath":{"path":"/VALUES/0","propertyPath":"VALUE","modelName":"dropdownValuesModel"},"searchOpenDialogs":true,"interaction":{"idSuffix":"inner"}},"wdio_ui5_key":"etmportal.ui.manageclassifications.view.Createsap.m.Input{\"path\":\"/VALUES/0\",\"propertyPath\":\"VALUE\",\"modelName\":\"dropdownValuesModel\"}"}]}
COMMAND: GET /session/d94fe9d023155d3f6895aef5421fa61d/screenshot - {}
RESULT: {"script":"<script> [1562 bytes]","args":[{"selector":{"controlType":"sap.m.Input","viewName":"etm.portal.ui.manageclassifications.view.Create","viewId":"application-manageclassifications-display-component---classificationCreate","bindingPath":{"path":"/VALUES/0","propertyPath":"VALUE","modelName":"dropdownValuesModel"},"searchOpenDialogs":true,"interaction":{"idSuffix":"inner"}},"wdio_ui5_key":"etmportal.ui.manageclassifications.view.Createsap.m.Input{\"path\":\"/VALUES/0\",\"propertyPath\":\"VALUE\",\"modelName\":\"dropdownValuesModel\"}"}]}
RESULT: undefined
COMMAND: POST /session/d94fe9d023155d3f6895aef5421fa61d/execute/async - {"script":"<script> [776 bytes]","args":[{"enterText":"1","selector":{"controlType":"sap.m.Input","viewName":"etm.portal.ui.manageclassifications.view.Create","viewId":"application-manageclassifications-display-component---classificationCreate","bindingPath":{"path":"/VALUES/0","propertyPath":"VALUE","modelName":"dropdownValuesModel"},"searchOpenDialogs":true,"interaction":{"idSuffix":"inner"}},"clearTextFirst":true,"interactionType":"ENTER_TEXT"}]}
RESULT: {}
RESULT: {"script":"<script> [776 bytes]","args":[{"enterText":"1","selector":{"controlType":"sap.m.Input","viewName":"etm.portal.ui.manageclassifications.view.Create","viewId":"application-manageclassifications-display-component---classificationCreate","bindingPath":{"path":"/VALUES/0","propertyPath":"VALUE","modelName":"dropdownValuesModel"},"searchOpenDialogs":true,"interaction":{"idSuffix":"inner"}},"clearTextFirst":true,"interactionType":"ENTER_TEXT"}]}
COMMAND: POST /session/d94fe9d023155d3f6895aef5421fa61d/execute/async - {"script":"<script> [1562 bytes]","args":[{"selector":{"controlType":"sap.m.Input","viewName":"etm.portal.ui.manageclassifications.view.Create","viewId":"application-manageclassifications-display-component---classificationCreate","bindingPath":{"path":"/VALUES/0","propertyPath":"TEXT","modelName":"dropdownValuesModel"},"searchOpenDialogs":true,"interaction":{"idSuffix":"inner"}},"wdio_ui5_key":"etmportal.ui.manageclassifications.view.Createsap.m.Input{\"path\":\"/VALUES/0\",\"propertyPath\":\"TEXT\",\"modelName\":\"dropdownValuesModel\"}"}]}
RESULT: {"script":"<script> [1562 bytes]","args":[{"selector":{"controlType":"sap.m.Input","viewName":"etm.portal.ui.manageclassifications.view.Create","viewId":"application-manageclassifications-display-component---classificationCreate","bindingPath":{"path":"/VALUES/0","propertyPath":"TEXT","modelName":"dropdownValuesModel"},"searchOpenDialogs":true,"interaction":{"idSuffix":"inner"}},"wdio_ui5_key":"etmportal.ui.manageclassifications.view.Createsap.m.Input{\"path\":\"/VALUES/0\",\"propertyPath\":\"TEXT\",\"modelName\":\"dropdownValuesModel\"}"}]}
RESULT: undefined
COMMAND: POST /session/d94fe9d023155d3f6895aef5421fa61d/execute/async - {"script":"<script> [776 bytes]","args":[{"enterText":"blue","selector":{"controlType":"sap.m.Input","viewName":"etm.portal.ui.manageclassifications.view.Create","viewId":"application-manageclassifications-display-component---classificationCreate","bindingPath":{"path":"/VALUES/0","propertyPath":"TEXT","modelName":"dropdownValuesModel"},"searchOpenDialogs":true,"interaction":{"idSuffix":"inner"}},"clearTextFirst":true,"interactionType":"ENTER_TEXT"}]}
RESULT: {"script":"<script> [776 bytes]","args":[{"enterText":"blue","selector":{"controlType":"sap.m.Input","viewName":"etm.portal.ui.manageclassifications.view.Create","viewId":"application-manageclassifications-display-component---classificationCreate","bindingPath":{"path":"/VALUES/0","propertyPath":"TEXT","modelName":"dropdownValuesModel"},"searchOpenDialogs":true,"interaction":{"idSuffix":"inner"}},"clearTextFirst":true,"interactionType":"ENTER_TEXT"}]}
COMMAND: POST /session/d94fe9d023155d3f6895aef5421fa61d/element - {"using":"xpath","value":"//button[@title=\"Add additional value\"]"}
RESULT: {"using":"xpath","value":"//button[@title=\"Add additional value\"]"}
COMMAND: POST /session/d94fe9d023155d3f6895aef5421fa61d/element/f.95C2E293E0D5F8D5E0F83733146F119E.d.A172A354C377069ABA5BE78737F470F2.e.7557/click - {}
RESULT: {}
COMMAND: POST /session/d94fe9d023155d3f6895aef5421fa61d/execute/async - {"script":"<script> [1562 bytes]","args":[{"selector":{"controlType":"sap.m.Input","viewName":"etm.portal.ui.manageclassifications.view.Create","viewId":"application-manageclassifications-display-component---classificationCreate","bindingPath":{"path":"/VALUES/1","propertyPath":"VALUE","modelName":"dropdownValuesModel"},"searchOpenDialogs":true,"interaction":{"idSuffix":"inner"}},"wdio_ui5_key":"etmportal.ui.manageclassifications.view.Createsap.m.Input{\"path\":\"/VALUES/1\",\"propertyPath\":\"VALUE\",\"modelName\":\"dropdownValuesModel\"}"}]}
COMMAND: GET /session/d94fe9d023155d3f6895aef5421fa61d/screenshot - {}
RESULT: {"script":"<script> [1562 bytes]","args":[{"selector":{"controlType":"sap.m.Input","viewName":"etm.portal.ui.manageclassifications.view.Create","viewId":"application-manageclassifications-display-component---classificationCreate","bindingPath":{"path":"/VALUES/1","propertyPath":"VALUE","modelName":"dropdownValuesModel"},"searchOpenDialogs":true,"interaction":{"idSuffix":"inner"}},"wdio_ui5_key":"etmportal.ui.manageclassifications.view.Createsap.m.Input{\"path\":\"/VALUES/1\",\"propertyPath\":\"VALUE\",\"modelName\":\"dropdownValuesModel\"}"}]}
RESULT: undefined
COMMAND: POST /session/d94fe9d023155d3f6895aef5421fa61d/execute/async - {"script":"<script> [776 bytes]","args":[{"enterText":"2","selector":{"controlType":"sap.m.Input","viewName":"etm.portal.ui.manageclassifications.view.Create","viewId":"application-manageclassifications-display-component---classificationCreate","bindingPath":{"path":"/VALUES/1","propertyPath":"VALUE","modelName":"dropdownValuesModel"},"searchOpenDialogs":true,"interaction":{"idSuffix":"inner"}},"clearTextFirst":true,"interactionType":"ENTER_TEXT"}]}
RESULT: {}
RESULT: {"script":"<script> [776 bytes]","args":[{"enterText":"2","selector":{"controlType":"sap.m.Input","viewName":"etm.portal.ui.manageclassifications.view.Create","viewId":"application-manageclassifications-display-component---classificationCreate","bindingPath":{"path":"/VALUES/1","propertyPath":"VALUE","modelName":"dropdownValuesModel"},"searchOpenDialogs":true,"interaction":{"idSuffix":"inner"}},"clearTextFirst":true,"interactionType":"ENTER_TEXT"}]}
COMMAND: POST /session/d94fe9d023155d3f6895aef5421fa61d/execute/async - {"script":"<script> [1562 bytes]","args":[{"selector":{"controlType":"sap.m.Input","viewName":"etm.portal.ui.manageclassifications.view.Create","viewId":"application-manageclassifications-display-component---classificationCreate","bindingPath":{"path":"/VALUES/1","propertyPath":"TEXT","modelName":"dropdownValuesModel"},"searchOpenDialogs":true,"interaction":{"idSuffix":"inner"}},"wdio_ui5_key":"etmportal.ui.manageclassifications.view.Createsap.m.Input{\"path\":\"/VALUES/1\",\"propertyPath\":\"TEXT\",\"modelName\":\"dropdownValuesModel\"}"}]}
RESULT: {"script":"<script> [1562 bytes]","args":[{"selector":{"controlType":"sap.m.Input","viewName":"etm.portal.ui.manageclassifications.view.Create","viewId":"application-manageclassifications-display-component---classificationCreate","bindingPath":{"path":"/VALUES/1","propertyPath":"TEXT","modelName":"dropdownValuesModel"},"searchOpenDialogs":true,"interaction":{"idSuffix":"inner"}},"wdio_ui5_key":"etmportal.ui.manageclassifications.view.Createsap.m.Input{\"path\":\"/VALUES/1\",\"propertyPath\":\"TEXT\",\"modelName\":\"dropdownValuesModel\"}"}]}
RESULT: undefined
COMMAND: POST /session/d94fe9d023155d3f6895aef5421fa61d/execute/async - {"script":"<script> [776 bytes]","args":[{"enterText":"red","selector":{"controlType":"sap.m.Input","viewName":"etm.portal.ui.manageclassifications.view.Create","viewId":"application-manageclassifications-display-component---classificationCreate","bindingPath":{"path":"/VALUES/1","propertyPath":"TEXT","modelName":"dropdownValuesModel"},"searchOpenDialogs":true,"interaction":{"idSuffix":"inner"}},"clearTextFirst":true,"interactionType":"ENTER_TEXT"}]}
RESULT: {"script":"<script> [776 bytes]","args":[{"enterText":"red","selector":{"controlType":"sap.m.Input","viewName":"etm.portal.ui.manageclassifications.view.Create","viewId":"application-manageclassifications-display-component---classificationCreate","bindingPath":{"path":"/VALUES/1","propertyPath":"TEXT","modelName":"dropdownValuesModel"},"searchOpenDialogs":true,"interaction":{"idSuffix":"inner"}},"clearTextFirst":true,"interactionType":"ENTER_TEXT"}]}
COMMAND: POST /session/d94fe9d023155d3f6895aef5421fa61d/execute/async - {"script":"<script> [1562 bytes]","args":[{"selector":{"controlType":"sap.m.Button","viewName":"etm.portal.ui.manageclassifications.view.Create","viewId":"application-manageclassifications-display-component---classificationCreate","i18NText":{"propertyName":"text","key":"save"},"searchOpenDialogs":true,"interaction":{"idSuffix":"BDI-content"}},"wdio_ui5_key":"etmportal.ui.manageclassifications.view.Createsap.m.Button{\"propertyName\":\"text\",\"key\":\"save\"}"}]}
RESULT: {"script":"<script> [1562 bytes]","args":[{"selector":{"controlType":"sap.m.Button","viewName":"etm.portal.ui.manageclassifications.view.Create","viewId":"application-manageclassifications-display-component---classificationCreate","i18NText":{"propertyName":"text","key":"save"},"searchOpenDialogs":true,"interaction":{"idSuffix":"BDI-content"}},"wdio_ui5_key":"etmportal.ui.manageclassifications.view.Createsap.m.Button{\"propertyName\":\"text\",\"key\":\"save\"}"}]}
RESULT: undefined
COMMAND: POST /session/d94fe9d023155d3f6895aef5421fa61d/element - {"using":"xpath","value":"//*[@id=\"__button44\"]"}
RESULT: {"using":"xpath","value":"//*[@id=\"__button44\"]"}
COMMAND: POST /session/d94fe9d023155d3f6895aef5421fa61d/element/f.95C2E293E0D5F8D5E0F83733146F119E.d.A172A354C377069ABA5BE78737F470F2.e.7577/click - {}
RESULT: {}
COMMAND: GET /session/d94fe9d023155d3f6895aef5421fa61d/screenshot - {}
RESULT: {}
COMMAND: POST /session/d94fe9d023155d3f6895aef5421fa61d/element - {"using":"xpath","value":"//button[@title=\"Save\"]"}
RESULT: {"using":"xpath","value":"//button[@title=\"Save\"]"}
COMMAND: POST /session/d94fe9d023155d3f6895aef5421fa61d/element/f.95C2E293E0D5F8D5E0F83733146F119E.d.A172A354C377069ABA5BE78737F470F2.e.7511/click - {}
RESULT: {}
COMMAND: GET /session/d94fe9d023155d3f6895aef5421fa61d/screenshot - {}
RESULT: {}
COMMAND: POST /session/d94fe9d023155d3f6895aef5421fa61d/execute/async - {"script":"<script> [1562 bytes]","args":[{"selector":{"id":"application-manageclassifications-display-component---classificationMaster--smartFilterBar-btnBasicSearch","interaction":{"idSuffix":"I"}},"wdio_ui5_key":"applicationmanageclassifications-display-component---classificationMaster--smartFilterBar-btnBasicSearch"}]}
RESULT: {"script":"<script> [1562 bytes]","args":[{"selector":{"id":"application-manageclassifications-display-component---classificationMaster--smartFilterBar-btnBasicSearch","interaction":{"idSuffix":"I"}},"wdio_ui5_key":"applicationmanageclassifications-display-component---classificationMaster--smartFilterBar-btnBasicSearch"}]}
RESULT: undefined
COMMAND: POST /session/d94fe9d023155d3f6895aef5421fa61d/execute/async - {"script":"<script> [776 bytes]","args":[{"enterText":"WebdriverItemClass85j3h","selector":{"id":"application-manageclassifications-display-component---classificationMaster--smartFilterBar-btnBasicSearch","interaction":{"idSuffix":"I"}},"clearTextFirst":true,"interactionType":"ENTER_TEXT"}]}
RESULT: {"script":"<script> [776 bytes]","args":[{"enterText":"WebdriverItemClass85j3h","selector":{"id":"application-manageclassifications-display-component---classificationMaster--smartFilterBar-btnBasicSearch","interaction":{"idSuffix":"I"}},"clearTextFirst":true,"interactionType":"ENTER_TEXT"}]}
COMMAND: POST /session/d94fe9d023155d3f6895aef5421fa61d/actions - {"actions":[{"id":"action43","type":"key","parameters":{},"actions":[{"type":"keyDown","value":"î€‡"},{"type":"pause","duration":10},{"type":"keyUp","value":"î€‡"}]}]}
RESULT: {"actions":[{"id":"action43","type":"key","parameters":{},"actions":[{"type":"keyDown","value":"î€‡"},{"type":"pause","duration":10},{"type":"keyUp","value":"î€‡"}]}]}
COMMAND: POST /session/d94fe9d023155d3f6895aef5421fa61d/execute/async - {"script":"<script> [1562 bytes]","args":[{"selector":{"id":"application-manageclassifications-display-component---classificationMaster--smartTable-header"},"wdio_ui5_key":"applicationmanageclassifications-display-component---classificationMaster--smartTable-header"}]}
COMMAND: GET /session/d94fe9d023155d3f6895aef5421fa61d/screenshot - {}
RESULT: {"script":"<script> [1562 bytes]","args":[{"selector":{"id":"application-manageclassifications-display-component---classificationMaster--smartTable-header"},"wdio_ui5_key":"applicationmanageclassifications-display-component---classificationMaster--smartTable-header"}]}
RESULT: undefined
COMMAND: POST /session/d94fe9d023155d3f6895aef5421fa61d/execute/async - {"script":"<script> [6424 bytes]","args":[{"element-6066-11e4-a52e-4f735466cecf":"f.95C2E293E0D5F8D5E0F83733146F119E.d.A172A354C377069ABA5BE78737F470F2.e.7811"},"getText",[]]}
RESULT: {}
RESULT: {"script":"<script> [6424 bytes]","args":[{"element-6066-11e4-a52e-4f735466cecf":"f.95C2E293E0D5F8D5E0F83733146F119E.d.A172A354C377069ABA5BE78737F470F2.e.7811"},"getText",[]]}
COMMAND: POST /session/d94fe9d023155d3f6895aef5421fa61d/element - {"using":"css selector","value":"#shell-header-logo"}
RESULT: {"using":"css selector","value":"#shell-header-logo"}
COMMAND: POST /session/d94fe9d023155d3f6895aef5421fa61d/element/f.95C2E293E0D5F8D5E0F83733146F119E.d.A172A354C377069ABA5BE78737F470F2.e.7061/click - {}
RESULT: {}
COMMAND: GET /session/d94fe9d023155d3f6895aef5421fa61d/screenshot - {}
RESULT: {}
]]></system-out>
    </testcase>
    <testcase classname="chrome.135_0_7049_96.windows.Manage_requests_-_requests_specifications_US141095" name="Should create a new section and a catalog item" time="122.094">
      <system-out><![CDATA[
COMMAND: POST /session/d94fe9d023155d3f6895aef5421fa61d/execute/async - {"script":"<script> [1562 bytes]","args":[{"selector":{"controlType":"sap.m.GenericTile","properties":{"header":"Manage Catalogs"}},"wdio_ui5_key":"sapm.GenericTile{\"header\":\"Manage Catalogs\"}"}]}
RESULT: {"script":"<script> [1562 bytes]","args":[{"selector":{"controlType":"sap.m.GenericTile","properties":{"header":"Manage Catalogs"}},"wdio_ui5_key":"sapm.GenericTile{\"header\":\"Manage Catalogs\"}"}]}
RESULT: undefined
COMMAND: POST /session/d94fe9d023155d3f6895aef5421fa61d/element - {"using":"xpath","value":"//*[@id=\"__tile37\"]"}
RESULT: {"using":"xpath","value":"//*[@id=\"__tile37\"]"}
COMMAND: POST /session/d94fe9d023155d3f6895aef5421fa61d/element/f.95C2E293E0D5F8D5E0F83733146F119E.d.A172A354C377069ABA5BE78737F470F2.e.7815/click - {}
RESULT: {}
COMMAND: GET /session/d94fe9d023155d3f6895aef5421fa61d/screenshot - {}
RESULT: {}
COMMAND: POST /session/d94fe9d023155d3f6895aef5421fa61d/execute/async - {"script":"<script> [1562 bytes]","args":[{"selector":{"controlType":"sap.m.Text","viewName":"etm.portal.ui.managecatalogs.view.MasterCatalogs","viewId":"application-managecatalogs-display-component---masterCatalogs","bindingPath":{"path":"/Catalogs('0D7502D073D53A0F1700BE067B89AFF9')","propertyPath":"DESCRIPTION","modelName":"catalogModel"}},"wdio_ui5_key":"etmportal.ui.managecatalogs.view.MasterCatalogssap.m.Text{\"path\":\"/Catalogs('0D7502D073D53A0F1700BE067B89AFF9')\",\"propertyPath\":\"DESCRIPTION\",\"modelName\":\"catalogModel\"}"}]}
RESULT: {"script":"<script> [1562 bytes]","args":[{"selector":{"controlType":"sap.m.Text","viewName":"etm.portal.ui.managecatalogs.view.MasterCatalogs","viewId":"application-managecatalogs-display-component---masterCatalogs","bindingPath":{"path":"/Catalogs('0D7502D073D53A0F1700BE067B89AFF9')","propertyPath":"DESCRIPTION","modelName":"catalogModel"}},"wdio_ui5_key":"etmportal.ui.managecatalogs.view.MasterCatalogssap.m.Text{\"path\":\"/Catalogs('0D7502D073D53A0F1700BE067B89AFF9')\",\"propertyPath\":\"DESCRIPTION\",\"modelName\":\"catalogModel\"}"}]}
RESULT: undefined
COMMAND: POST /session/d94fe9d023155d3f6895aef5421fa61d/element - {"using":"xpath","value":"//*[@id=\"__text435-application-managecatalogs-display-component---masterCatalogs--CatalogsTable-11\"]"}
RESULT: {"using":"xpath","value":"//*[@id=\"__text435-application-managecatalogs-display-component---masterCatalogs--CatalogsTable-11\"]"}
COMMAND: POST /session/d94fe9d023155d3f6895aef5421fa61d/element/f.95C2E293E0D5F8D5E0F83733146F119E.d.A172A354C377069ABA5BE78737F470F2.e.7887/click - {}
RESULT: {}
COMMAND: POST /session/d94fe9d023155d3f6895aef5421fa61d/execute/async - {"script":"<script> [1562 bytes]","args":[{"selector":{"controlType":"sap.ui.layout.HorizontalLayout","viewName":"etm.portal.ui.managecatalogs.view.MasterItems","viewId":"application-managecatalogs-display-component---masterCatalogItems","ancestor":{"id":"application-managecatalogs-display-component---masterCatalogItems--idCatalogItemsTree-rows-row0"}},"wdio_ui5_key":"etmportal.ui.managecatalogs.view.MasterItemssap.ui.layout.HorizontalLayout{\"id\":\"application-managecatalogs-display-component---masterCatalogItems--idCatalogItemsTree-rows-row0\"}"}]}
COMMAND: GET /session/d94fe9d023155d3f6895aef5421fa61d/screenshot - {}
RESULT: {"script":"<script> [1562 bytes]","args":[{"selector":{"controlType":"sap.ui.layout.HorizontalLayout","viewName":"etm.portal.ui.managecatalogs.view.MasterItems","viewId":"application-managecatalogs-display-component---masterCatalogItems","ancestor":{"id":"application-managecatalogs-display-component---masterCatalogItems--idCatalogItemsTree-rows-row0"}},"wdio_ui5_key":"etmportal.ui.managecatalogs.view.MasterItemssap.ui.layout.HorizontalLayout{\"id\":\"application-managecatalogs-display-component---masterCatalogItems--idCatalogItemsTree-rows-row0\"}"}]}
RESULT: undefined
COMMAND: POST /session/d94fe9d023155d3f6895aef5421fa61d/element - {"using":"xpath","value":"//*[@id=\"__layout40-__clone521\"]"}
RESULT: {}
RESULT: {"using":"xpath","value":"//*[@id=\"__layout40-__clone521\"]"}
COMMAND: POST /session/d94fe9d023155d3f6895aef5421fa61d/element/f.95C2E293E0D5F8D5E0F83733146F119E.d.A172A354C377069ABA5BE78737F470F2.e.7921/click - {}
RESULT: {}
COMMAND: GET /session/d94fe9d023155d3f6895aef5421fa61d/screenshot - {}
COMMAND: POST /session/d94fe9d023155d3f6895aef5421fa61d/execute/async - {"script":"<script> [1562 bytes]","args":[{"selector":{"controlType":"sap.m.Button","viewName":"etm.portal.ui.managecatalogs.view.Detail","viewId":"application-managecatalogs-display-component---detailCatalog","i18NText":{"propertyName":"text","key":"edit"},"interaction":{"idSuffix":"BDI-content"}},"wdio_ui5_key":"etmportal.ui.managecatalogs.view.Detailsap.m.Button{\"propertyName\":\"text\",\"key\":\"edit\"}"}]}
RESULT: {}
RESULT: {"script":"<script> [1562 bytes]","args":[{"selector":{"controlType":"sap.m.Button","viewName":"etm.portal.ui.managecatalogs.view.Detail","viewId":"application-managecatalogs-display-component---detailCatalog","i18NText":{"propertyName":"text","key":"edit"},"interaction":{"idSuffix":"BDI-content"}},"wdio_ui5_key":"etmportal.ui.managecatalogs.view.Detailsap.m.Button{\"propertyName\":\"text\",\"key\":\"edit\"}"}]}
RESULT: undefined
COMMAND: POST /session/d94fe9d023155d3f6895aef5421fa61d/element - {"using":"xpath","value":"//*[@id=\"__button88\"]"}
RESULT: {"using":"xpath","value":"//*[@id=\"__button88\"]"}
COMMAND: POST /session/d94fe9d023155d3f6895aef5421fa61d/element/f.95C2E293E0D5F8D5E0F83733146F119E.d.A172A354C377069ABA5BE78737F470F2.e.8045/click - {}
RESULT: {}
COMMAND: GET /session/d94fe9d023155d3f6895aef5421fa61d/screenshot - {}
RESULT: {}
COMMAND: POST /session/d94fe9d023155d3f6895aef5421fa61d/element - {"using":"xpath","value":"//bdi[contains(text(), \"Unlock\")]"}
RESULT: {"using":"xpath","value":"//bdi[contains(text(), \"Unlock\")]"}
COMMAND: POST /session/d94fe9d023155d3f6895aef5421fa61d/elements - {"using":"xpath","value":"//bdi[contains(text(), \"Unlock\")]"}
RESULT: {"using":"xpath","value":"//bdi[contains(text(), \"Unlock\")]"}
COMMAND: POST /session/d94fe9d023155d3f6895aef5421fa61d/execute/async - {"script":"<script> [1562 bytes]","args":[{"selector":{"controlType":"sap.ui.core.Icon","viewName":"etm.portal.ui.managecatalogs.view.Detail","viewId":"application-managecatalogs-display-component---detailCatalog","properties":{"src":{"regex":{"source":"add\\-folder"}}}},"wdio_ui5_key":"etmportal.ui.managecatalogs.view.Detailsap.ui.core.Icon{\"src\":{\"regex\":{\"source\":\"add\\\\-folder\"}}}"}]}
RESULT: {"script":"<script> [1562 bytes]","args":[{"selector":{"controlType":"sap.ui.core.Icon","viewName":"etm.portal.ui.managecatalogs.view.Detail","viewId":"application-managecatalogs-display-component---detailCatalog","properties":{"src":{"regex":{"source":"add\\-folder"}}}},"wdio_ui5_key":"etmportal.ui.managecatalogs.view.Detailsap.ui.core.Icon{\"src\":{\"regex\":{\"source\":\"add\\\\-folder\"}}}"}]}
RESULT: undefined
COMMAND: POST /session/d94fe9d023155d3f6895aef5421fa61d/element - {"using":"xpath","value":"//*[@id=\"__button96-img\"]"}
RESULT: {"using":"xpath","value":"//*[@id=\"__button96-img\"]"}
COMMAND: POST /session/d94fe9d023155d3f6895aef5421fa61d/element/f.95C2E293E0D5F8D5E0F83733146F119E.d.A172A354C377069ABA5BE78737F470F2.e.8060/click - {}
RESULT: {}
COMMAND: GET /session/d94fe9d023155d3f6895aef5421fa61d/screenshot - {}
RESULT: {}
COMMAND: POST /session/d94fe9d023155d3f6895aef5421fa61d/execute/async - {"script":"<script> [1562 bytes]","args":[{"selector":{"id":"application-managecatalogs-display-component---detailCatalog--numberInput","searchOpenDialogs":true,"interaction":{"idSuffix":"inner"}},"wdio_ui5_key":"applicationmanagecatalogs-display-component---detailCatalog--numberInput"}]}
RESULT: {"script":"<script> [1562 bytes]","args":[{"selector":{"id":"application-managecatalogs-display-component---detailCatalog--numberInput","searchOpenDialogs":true,"interaction":{"idSuffix":"inner"}},"wdio_ui5_key":"applicationmanagecatalogs-display-component---detailCatalog--numberInput"}]}
RESULT: undefined
COMMAND: POST /session/d94fe9d023155d3f6895aef5421fa61d/execute/async - {"script":"<script> [776 bytes]","args":[{"enterText":"Section5h5w4","selector":{"id":"application-managecatalogs-display-component---detailCatalog--numberInput","searchOpenDialogs":true,"interaction":{"idSuffix":"inner"}},"clearTextFirst":true,"interactionType":"ENTER_TEXT"}]}
RESULT: {"script":"<script> [776 bytes]","args":[{"enterText":"Section5h5w4","selector":{"id":"application-managecatalogs-display-component---detailCatalog--numberInput","searchOpenDialogs":true,"interaction":{"idSuffix":"inner"}},"clearTextFirst":true,"interactionType":"ENTER_TEXT"}]}
COMMAND: POST /session/d94fe9d023155d3f6895aef5421fa61d/element - {"using":"css selector","value":"#application-managecatalogs-display-component---detailCatalog--nameInput-inner"}
RESULT: {"using":"css selector","value":"#application-managecatalogs-display-component---detailCatalog--nameInput-inner"}
COMMAND: POST /session/d94fe9d023155d3f6895aef5421fa61d/elements - {"using":"css selector","value":"#application-managecatalogs-display-component---detailCatalog--nameInput-inner"}
RESULT: {"using":"css selector","value":"#application-managecatalogs-display-component---detailCatalog--nameInput-inner"}
COMMAND: POST /session/d94fe9d023155d3f6895aef5421fa61d/element/f.95C2E293E0D5F8D5E0F83733146F119E.d.A172A354C377069ABA5BE78737F470F2.e.8064/clear - {}
RESULT: {}
COMMAND: POST /session/d94fe9d023155d3f6895aef5421fa61d/element/f.95C2E293E0D5F8D5E0F83733146F119E.d.A172A354C377069ABA5BE78737F470F2.e.8064/value - {"text":"Webdriveru4xvvf"}
COMMAND: GET /session/d94fe9d023155d3f6895aef5421fa61d/screenshot - {}
RESULT: {"text":"Webdriveru4xvvf"}
COMMAND: POST /session/d94fe9d023155d3f6895aef5421fa61d/execute/async - {"script":"<script> [1562 bytes]","args":[{"selector":{"controlType":"sap.m.Button","viewName":"etm.portal.ui.managecatalogs.view.Detail","viewId":"application-managecatalogs-display-component---detailCatalog","i18NText":{"propertyName":"text","key":"create"},"searchOpenDialogs":true,"interaction":{"idSuffix":"BDI-content"}},"wdio_ui5_key":"etmportal.ui.managecatalogs.view.Detailsap.m.Button{\"propertyName\":\"text\",\"key\":\"create\"}"}]}
COMMAND: GET /session/d94fe9d023155d3f6895aef5421fa61d/screenshot - {}
RESULT: {}
RESULT: {"script":"<script> [1562 bytes]","args":[{"selector":{"controlType":"sap.m.Button","viewName":"etm.portal.ui.managecatalogs.view.Detail","viewId":"application-managecatalogs-display-component---detailCatalog","i18NText":{"propertyName":"text","key":"create"},"searchOpenDialogs":true,"interaction":{"idSuffix":"BDI-content"}},"wdio_ui5_key":"etmportal.ui.managecatalogs.view.Detailsap.m.Button{\"propertyName\":\"text\",\"key\":\"create\"}"}]}
RESULT: undefined
COMMAND: POST /session/d94fe9d023155d3f6895aef5421fa61d/element - {"using":"xpath","value":"//*[@id=\"__button66\"]"}
RESULT: {}
RESULT: {"using":"xpath","value":"//*[@id=\"__button66\"]"}
COMMAND: POST /session/d94fe9d023155d3f6895aef5421fa61d/element/f.95C2E293E0D5F8D5E0F83733146F119E.d.A172A354C377069ABA5BE78737F470F2.e.8069/click - {}
RESULT: {}
COMMAND: GET /session/d94fe9d023155d3f6895aef5421fa61d/screenshot - {}
RESULT: {}
COMMAND: POST /session/d94fe9d023155d3f6895aef5421fa61d/element - {"using":"xpath","value":"//button[@title=\"Save\"]"}
RESULT: {"using":"xpath","value":"//button[@title=\"Save\"]"}
COMMAND: POST /session/d94fe9d023155d3f6895aef5421fa61d/element/f.95C2E293E0D5F8D5E0F83733146F119E.d.A172A354C377069ABA5BE78737F470F2.e.8070/click - {}
RESULT: {}
COMMAND: POST /session/d94fe9d023155d3f6895aef5421fa61d/execute/async - {"script":"<script> [1562 bytes]","args":[{"selector":{"controlType":"sap.ui.core.Icon","viewName":"etm.portal.ui.managecatalogs.view.Detail","viewId":"application-managecatalogs-display-component---detailCatalog","properties":{"src":{"regex":{"source":"decline"}}}},"wdio_ui5_key":"etmportal.ui.managecatalogs.view.Detailsap.ui.core.Icon{\"src\":{\"regex\":{\"source\":\"decline\"}}}"}]}
COMMAND: GET /session/d94fe9d023155d3f6895aef5421fa61d/screenshot - {}
RESULT: {"script":"<script> [1562 bytes]","args":[{"selector":{"controlType":"sap.ui.core.Icon","viewName":"etm.portal.ui.managecatalogs.view.Detail","viewId":"application-managecatalogs-display-component---detailCatalog","properties":{"src":{"regex":{"source":"decline"}}}},"wdio_ui5_key":"etmportal.ui.managecatalogs.view.Detailsap.ui.core.Icon{\"src\":{\"regex\":{\"source\":\"decline\"}}}"}]}
RESULT: undefined
COMMAND: POST /session/d94fe9d023155d3f6895aef5421fa61d/element - {"using":"xpath","value":"//*[@id=\"__button91-img\"]"}
RESULT: {}
RESULT: {"using":"xpath","value":"//*[@id=\"__button91-img\"]"}
COMMAND: POST /session/d94fe9d023155d3f6895aef5421fa61d/element/f.95C2E293E0D5F8D5E0F83733146F119E.d.A172A354C377069ABA5BE78737F470F2.e.8076/click - {}
RESULT: {}
COMMAND: GET /session/d94fe9d023155d3f6895aef5421fa61d/screenshot - {}
RESULT: {}
COMMAND: POST /session/d94fe9d023155d3f6895aef5421fa61d/execute/async - {"script":"<script> [1562 bytes]","args":[{"selector":{"controlType":"sap.ui.core.Icon","viewName":"etm.portal.ui.managecatalogs.view.MasterItems","viewId":"application-managecatalogs-display-component---masterCatalogItems","properties":{"src":{"regex":{"source":"refresh"}}}},"wdio_ui5_key":"etmportal.ui.managecatalogs.view.MasterItemssap.ui.core.Icon{\"src\":{\"regex\":{\"source\":\"refresh\"}}}"}]}
RESULT: {"script":"<script> [1562 bytes]","args":[{"selector":{"controlType":"sap.ui.core.Icon","viewName":"etm.portal.ui.managecatalogs.view.MasterItems","viewId":"application-managecatalogs-display-component---masterCatalogItems","properties":{"src":{"regex":{"source":"refresh"}}}},"wdio_ui5_key":"etmportal.ui.managecatalogs.view.MasterItemssap.ui.core.Icon{\"src\":{\"regex\":{\"source\":\"refresh\"}}}"}]}
RESULT: undefined
COMMAND: POST /session/d94fe9d023155d3f6895aef5421fa61d/element - {"using":"xpath","value":"//*[@id=\"__button64-img\"]"}
RESULT: {"using":"xpath","value":"//*[@id=\"__button64-img\"]"}
COMMAND: POST /session/d94fe9d023155d3f6895aef5421fa61d/element/f.95C2E293E0D5F8D5E0F83733146F119E.d.A172A354C377069ABA5BE78737F470F2.e.8111/click - {}
RESULT: {}
COMMAND: POST /session/d94fe9d023155d3f6895aef5421fa61d/execute/async - {"script":"<script> [1562 bytes]","args":[{"selector":{"id":"application-managecatalogs-display-component---masterCatalogItems--searchItemsField","interaction":{"idSuffix":"I"}},"wdio_ui5_key":"applicationmanagecatalogs-display-component---masterCatalogItems--searchItemsField"}]}
COMMAND: GET /session/d94fe9d023155d3f6895aef5421fa61d/screenshot - {}
RESULT: {"script":"<script> [1562 bytes]","args":[{"selector":{"id":"application-managecatalogs-display-component---masterCatalogItems--searchItemsField","interaction":{"idSuffix":"I"}},"wdio_ui5_key":"applicationmanagecatalogs-display-component---masterCatalogItems--searchItemsField"}]}
RESULT: undefined
COMMAND: POST /session/d94fe9d023155d3f6895aef5421fa61d/execute/async - {"script":"<script> [776 bytes]","args":[{"enterText":"Webdriveru4xvvf","selector":{"id":"application-managecatalogs-display-component---masterCatalogItems--searchItemsField","interaction":{"idSuffix":"I"}},"clearTextFirst":true,"interactionType":"ENTER_TEXT"}]}
RESULT: {}
RESULT: {"script":"<script> [776 bytes]","args":[{"enterText":"Webdriveru4xvvf","selector":{"id":"application-managecatalogs-display-component---masterCatalogItems--searchItemsField","interaction":{"idSuffix":"I"}},"clearTextFirst":true,"interactionType":"ENTER_TEXT"}]}
COMMAND: POST /session/d94fe9d023155d3f6895aef5421fa61d/actions - {"actions":[{"id":"action44","type":"key","parameters":{},"actions":[{"type":"keyDown","value":"î€‡"},{"type":"pause","duration":10},{"type":"keyUp","value":"î€‡"}]}]}
RESULT: {"actions":[{"id":"action44","type":"key","parameters":{},"actions":[{"type":"keyDown","value":"î€‡"},{"type":"pause","duration":10},{"type":"keyUp","value":"î€‡"}]}]}
COMMAND: POST /session/d94fe9d023155d3f6895aef5421fa61d/element - {"using":"xpath","value":"(//span[contains(text(), \"Webdriveru4xvvf\")])[1]"}
COMMAND: GET /session/d94fe9d023155d3f6895aef5421fa61d/screenshot - {}
RESULT: {"using":"xpath","value":"(//span[contains(text(), \"Webdriveru4xvvf\")])[1]"}
COMMAND: POST /session/d94fe9d023155d3f6895aef5421fa61d/element/f.95C2E293E0D5F8D5E0F83733146F119E.d.A172A354C377069ABA5BE78737F470F2.e.8114/click - {}
RESULT: {}
RESULT: {}
COMMAND: GET /session/d94fe9d023155d3f6895aef5421fa61d/screenshot - {}
RESULT: {}
RESULT: undefined
COMMAND: POST /session/d94fe9d023155d3f6895aef5421fa61d/element - {"using":"xpath","value":"//*[@id=\"__button88\"]"}
RESULT: {"using":"xpath","value":"//*[@id=\"__button88\"]"}
COMMAND: POST /session/d94fe9d023155d3f6895aef5421fa61d/element/f.95C2E293E0D5F8D5E0F83733146F119E.d.A172A354C377069ABA5BE78737F470F2.e.8151/click - {}
RESULT: {}
COMMAND: GET /session/d94fe9d023155d3f6895aef5421fa61d/screenshot - {}
RESULT: {}
RESULT: undefined
COMMAND: POST /session/d94fe9d023155d3f6895aef5421fa61d/element - {"using":"xpath","value":"//*[@id=\"__button96-img\"]"}
RESULT: {"using":"xpath","value":"//*[@id=\"__button96-img\"]"}
COMMAND: POST /session/d94fe9d023155d3f6895aef5421fa61d/element/f.95C2E293E0D5F8D5E0F83733146F119E.d.A172A354C377069ABA5BE78737F470F2.e.8201/click - {}
RESULT: {}
COMMAND: GET /session/d94fe9d023155d3f6895aef5421fa61d/screenshot - {}
RESULT: {}
RESULT: undefined
COMMAND: POST /session/d94fe9d023155d3f6895aef5421fa61d/execute/async - {"script":"<script> [776 bytes]","args":[{"enterText":"SecondSectionagh21","selector":{"id":"application-managecatalogs-display-component---detailCatalog--numberInput","searchOpenDialogs":true,"interaction":{"idSuffix":"inner"}},"clearTextFirst":true,"interactionType":"ENTER_TEXT"}]}
RESULT: {"script":"<script> [776 bytes]","args":[{"enterText":"SecondSectionagh21","selector":{"id":"application-managecatalogs-display-component---detailCatalog--numberInput","searchOpenDialogs":true,"interaction":{"idSuffix":"inner"}},"clearTextFirst":true,"interactionType":"ENTER_TEXT"}]}
COMMAND: POST /session/d94fe9d023155d3f6895aef5421fa61d/element - {"using":"xpath","value":"//input[contains(@id ,\"application-managecatalogs-display-component---detailCatalog--nameInput-inner\")]"}
RESULT: {"using":"xpath","value":"//input[contains(@id ,\"application-managecatalogs-display-component---detailCatalog--nameInput-inner\")]"}
COMMAND: POST /session/d94fe9d023155d3f6895aef5421fa61d/elements - {"using":"xpath","value":"//input[contains(@id ,\"application-managecatalogs-display-component---detailCatalog--nameInput-inner\")]"}
RESULT: {"using":"xpath","value":"//input[contains(@id ,\"application-managecatalogs-display-component---detailCatalog--nameInput-inner\")]"}
COMMAND: POST /session/d94fe9d023155d3f6895aef5421fa61d/element/f.95C2E293E0D5F8D5E0F83733146F119E.d.A172A354C377069ABA5BE78737F470F2.e.8205/clear - {}
RESULT: {}
COMMAND: POST /session/d94fe9d023155d3f6895aef5421fa61d/element/f.95C2E293E0D5F8D5E0F83733146F119E.d.A172A354C377069ABA5BE78737F470F2.e.8205/value - {"text":"webdriversecondgcm01"}
COMMAND: GET /session/d94fe9d023155d3f6895aef5421fa61d/screenshot - {}
RESULT: {"text":"webdriversecondgcm01"}
RESULT: undefined
COMMAND: POST /session/d94fe9d023155d3f6895aef5421fa61d/element - {"using":"xpath","value":"//*[@id=\"__button66\"]"}
COMMAND: GET /session/d94fe9d023155d3f6895aef5421fa61d/screenshot - {}
RESULT: {}
RESULT: {"using":"xpath","value":"//*[@id=\"__button66\"]"}
COMMAND: POST /session/d94fe9d023155d3f6895aef5421fa61d/element/f.95C2E293E0D5F8D5E0F83733146F119E.d.A172A354C377069ABA5BE78737F470F2.e.8209/click - {}
RESULT: {}
RESULT: {}
COMMAND: GET /session/d94fe9d023155d3f6895aef5421fa61d/screenshot - {}
RESULT: {}
COMMAND: POST /session/d94fe9d023155d3f6895aef5421fa61d/element - {"using":"xpath","value":"//button[@title=\"Save\"]"}
RESULT: {"using":"xpath","value":"//button[@title=\"Save\"]"}
COMMAND: POST /session/d94fe9d023155d3f6895aef5421fa61d/element/f.95C2E293E0D5F8D5E0F83733146F119E.d.A172A354C377069ABA5BE78737F470F2.e.8187/click - {}
RESULT: {}
COMMAND: GET /session/d94fe9d023155d3f6895aef5421fa61d/screenshot - {}
RESULT: {}
RESULT: undefined
COMMAND: POST /session/d94fe9d023155d3f6895aef5421fa61d/element - {"using":"xpath","value":"//*[@id=\"__button91-img\"]"}
RESULT: {"using":"xpath","value":"//*[@id=\"__button91-img\"]"}
COMMAND: POST /session/d94fe9d023155d3f6895aef5421fa61d/element/f.95C2E293E0D5F8D5E0F83733146F119E.d.A172A354C377069ABA5BE78737F470F2.e.8158/click - {}
RESULT: {}
COMMAND: GET /session/d94fe9d023155d3f6895aef5421fa61d/screenshot - {}
RESULT: {}
RESULT: undefined
COMMAND: POST /session/d94fe9d023155d3f6895aef5421fa61d/element - {"using":"xpath","value":"//*[@id=\"__button64-img\"]"}
RESULT: {"using":"xpath","value":"//*[@id=\"__button64-img\"]"}
COMMAND: POST /session/d94fe9d023155d3f6895aef5421fa61d/element/f.95C2E293E0D5F8D5E0F83733146F119E.d.A172A354C377069ABA5BE78737F470F2.e.8247/click - {}
RESULT: {}
COMMAND: GET /session/d94fe9d023155d3f6895aef5421fa61d/screenshot - {}
RESULT: {}
RESULT: undefined
COMMAND: POST /session/d94fe9d023155d3f6895aef5421fa61d/execute/async - {"script":"<script> [776 bytes]","args":[{"enterText":"SecondSectionagh21","selector":{"id":"application-managecatalogs-display-component---masterCatalogItems--searchItemsField","interaction":{"idSuffix":"I"}},"clearTextFirst":true,"interactionType":"ENTER_TEXT"}]}
RESULT: {"script":"<script> [776 bytes]","args":[{"enterText":"SecondSectionagh21","selector":{"id":"application-managecatalogs-display-component---masterCatalogItems--searchItemsField","interaction":{"idSuffix":"I"}},"clearTextFirst":true,"interactionType":"ENTER_TEXT"}]}
COMMAND: POST /session/d94fe9d023155d3f6895aef5421fa61d/actions - {"actions":[{"id":"action45","type":"key","parameters":{},"actions":[{"type":"keyDown","value":"î€‡"},{"type":"pause","duration":10},{"type":"keyUp","value":"î€‡"}]}]}
RESULT: {"actions":[{"id":"action45","type":"key","parameters":{},"actions":[{"type":"keyDown","value":"î€‡"},{"type":"pause","duration":10},{"type":"keyUp","value":"î€‡"}]}]}
COMMAND: POST /session/d94fe9d023155d3f6895aef5421fa61d/element - {"using":"xpath","value":"(//span[contains(text(), \"SecondSectionagh21\")])[1]"}
COMMAND: GET /session/d94fe9d023155d3f6895aef5421fa61d/screenshot - {}
RESULT: {"using":"xpath","value":"(//span[contains(text(), \"SecondSectionagh21\")])[1]"}
COMMAND: POST /session/d94fe9d023155d3f6895aef5421fa61d/element/f.95C2E293E0D5F8D5E0F83733146F119E.d.A172A354C377069ABA5BE78737F470F2.e.8250/click - {}
RESULT: {}
RESULT: {}
COMMAND: POST /session/d94fe9d023155d3f6895aef5421fa61d/element - {"using":"xpath","value":"(//span[contains(text(), \"SecondSectionagh21\")])[1]"}
COMMAND: GET /session/d94fe9d023155d3f6895aef5421fa61d/screenshot - {}
RESULT: {"using":"xpath","value":"(//span[contains(text(), \"SecondSectionagh21\")])[1]"}
COMMAND: GET /session/d94fe9d023155d3f6895aef5421fa61d/element/f.95C2E293E0D5F8D5E0F83733146F119E.d.A172A354C377069ABA5BE78737F470F2.e.8250/text - {}
RESULT: {}
COMMAND: POST /session/d94fe9d023155d3f6895aef5421fa61d/element - {"using":"xpath","value":"(//span[contains(text(), \"SecondSectionagh21\")])[1]"}
RESULT: {"using":"xpath","value":"(//span[contains(text(), \"SecondSectionagh21\")])[1]"}
COMMAND: GET /session/d94fe9d023155d3f6895aef5421fa61d/element/f.95C2E293E0D5F8D5E0F83733146F119E.d.A172A354C377069ABA5BE78737F470F2.e.8250/text - {}
COMMAND: POST /session/d94fe9d023155d3f6895aef5421fa61d/element - {"using":"xpath","value":"(//span[contains(text(), \"SecondSectionagh21\")])[1]"}
RESULT: {"using":"xpath","value":"(//span[contains(text(), \"SecondSectionagh21\")])[1]"}
COMMAND: GET /session/d94fe9d023155d3f6895aef5421fa61d/element/f.95C2E293E0D5F8D5E0F83733146F119E.d.A172A354C377069ABA5BE78737F470F2.e.8302/text - {}
RESULT: {}
COMMAND: POST /session/d94fe9d023155d3f6895aef5421fa61d/refresh - {}
RESULT: {}
COMMAND: GET /session/d94fe9d023155d3f6895aef5421fa61d/screenshot - {}
RESULT: {}
COMMAND: POST /session/d94fe9d023155d3f6895aef5421fa61d/execute/async - {"script":"<script> [189 bytes]","args":[]}
RESULT: {"script":"<script> [189 bytes]","args":[]}
COMMAND: POST /session/d94fe9d023155d3f6895aef5421fa61d/execute/async - {"script":"<script> [123 bytes]","args":[]}
RESULT: {"script":"<script> [123 bytes]","args":[]}
COMMAND: POST /session/d94fe9d023155d3f6895aef5421fa61d/timeouts - {"script":"<number>"}
RESULT: {"script":"<number>"}
COMMAND: GET /session/d94fe9d023155d3f6895aef5421fa61d/timeouts - {}
RESULT: {}
RESULT: undefined
COMMAND: POST /session/d94fe9d023155d3f6895aef5421fa61d/execute/async - {"script":"<script> [2676 bytes]","args":[]}
RESULT: {"script":"<script> [2676 bytes]","args":[]}
COMMAND: POST /session/d94fe9d023155d3f6895aef5421fa61d/execute/async - {"script":"<script> [2342 bytes]","args":[{"protocol":"http","hostname":"0.0.0.0","path":"/","capabilities":{"browserName":"chrome","goog:chromeOptions":{"binary":"C:\\Program Files\\Google\\Chrome\\Application\\chrome.exe","args":["--start-maximized"]}},"logLevel":"warn","connectionRetryTimeout":120000,"connectionRetryCount":3,"logLevels":{},"enableDirectConnect":true,"strictSSL":true,"_":"65 more keys: [\"cacheDir\",\"port\",\"requestedCapabilities\",\"automationProtocol\",\"baseUrl\",\"waitforInterval\",\"waitforTimeout\",\"onReload\",\"beforeCommand\",\"afterCommand\",\"rootDir\",\"specs\",\"suites\",\"exclude\",\"groupLogsByTestSpec\",\"excludeDriverLogs\",\"bail\",\"framework\",\"reporters\",\"services\",\"maxInstances\",\"maxInstancesPerCapability\",\"injectGlobals\",\"filesToWatch\",\"execArgv\",\"runnerEnv\",\"runner\",\"shard\",\"specFileRetries\",\"specFileRetriesDelay\",\"specFileRetriesDeferred\",\"reporterSyncInterval\",\"reporterSyncTimeout\",\"cucumberFeaturesWithLineNumbers\",\"autoCompileOpts\",\"mochaOpts\",\"jasmineOpts\",\"cucumberOpts\",\"onPrepare\",\"onWorkerStart\",\"onWorkerEnd\",\"before\",\"beforeSession\",\"beforeSuite\",\"beforeHook\",\"beforeTest\",\"afterTest\",\"afterHook\",\"afterSuite\",\"afterSession\",\"after\",\"onComplete\",\"beforeAssertion\",\"afterAssertion\",\"beforeFeature\",\"beforeScenario\",\"beforeStep\",\"afterStep\",\"afterScenario\",\"afterFeature\",\"_\",\"suite\",\"$0\",\"ignoredWorkerServices\",\"wdi5\"]"}]}
RESULT: {"script":"<script> [2342 bytes]","args":[{"protocol":"http","hostname":"0.0.0.0","path":"/","capabilities":{"browserName":"chrome","goog:chromeOptions":{"binary":"C:\\Program Files\\Google\\Chrome\\Application\\chrome.exe","args":["--start-maximized"]}},"logLevel":"warn","connectionRetryTimeout":120000,"connectionRetryCount":3,"logLevels":{},"enableDirectConnect":true,"strictSSL":true,"_":"65 more keys: [\"cacheDir\",\"port\",\"requestedCapabilities\",\"automationProtocol\",\"baseUrl\",\"waitforInterval\",\"waitforTimeout\",\"onReload\",\"beforeCommand\",\"afterCommand\",\"rootDir\",\"specs\",\"suites\",\"exclude\",\"groupLogsByTestSpec\",\"excludeDriverLogs\",\"bail\",\"framework\",\"reporters\",\"services\",\"maxInstances\",\"maxInstancesPerCapability\",\"injectGlobals\",\"filesToWatch\",\"execArgv\",\"runnerEnv\",\"runner\",\"shard\",\"specFileRetries\",\"specFileRetriesDelay\",\"specFileRetriesDeferred\",\"reporterSyncInterval\",\"reporterSyncTimeout\",\"cucumberFeaturesWithLineNumbers\",\"autoCompileOpts\",\"mochaOpts\",\"jasmineOpts\",\"cucumberOpts\",\"onPrepare\",\"onWorkerStart\",\"onWorkerEnd\",\"before\",\"beforeSession\",\"beforeSuite\",\"beforeHook\",\"beforeTest\",\"afterTest\",\"afterHook\",\"afterSuite\",\"afterSession\",\"after\",\"onComplete\",\"beforeAssertion\",\"afterAssertion\",\"beforeFeature\",\"beforeScenario\",\"beforeStep\",\"afterStep\",\"afterScenario\",\"afterFeature\",\"_\",\"suite\",\"$0\",\"ignoredWorkerServices\",\"wdi5\"]"}]}
COMMAND: POST /session/d94fe9d023155d3f6895aef5421fa61d/execute/async - {"script":"<script> [21126 bytes]","args":[35000]}
RESULT: {"script":"<script> [21126 bytes]","args":[35000]}
COMMAND: POST /session/d94fe9d023155d3f6895aef5421fa61d/execute/async - {"script":"<script> [1562 bytes]","args":[{"selector":{"controlType":"sap.m.Button","viewName":"etm.portal.ui.managecatalogs.view.Detail","viewId":"application-managecatalogs-display-component---detailCatalog","i18NText":{"propertyName":"text","key":"edit"},"interaction":{"idSuffix":"BDI-content"}},"wdio_ui5_key":"etmportal.ui.managecatalogs.view.Detailsap.m.Button{\"propertyName\":\"text\",\"key\":\"edit\"}"}]}
RESULT: {"script":"<script> [1562 bytes]","args":[{"selector":{"controlType":"sap.m.Button","viewName":"etm.portal.ui.managecatalogs.view.Detail","viewId":"application-managecatalogs-display-component---detailCatalog","i18NText":{"propertyName":"text","key":"edit"},"interaction":{"idSuffix":"BDI-content"}},"wdio_ui5_key":"etmportal.ui.managecatalogs.view.Detailsap.m.Button{\"propertyName\":\"text\",\"key\":\"edit\"}"}]}
RESULT: undefined
COMMAND: POST /session/d94fe9d023155d3f6895aef5421fa61d/element - {"using":"xpath","value":"//*[@id=\"__button25\"]"}
RESULT: {"using":"xpath","value":"//*[@id=\"__button25\"]"}
COMMAND: POST /session/d94fe9d023155d3f6895aef5421fa61d/element/f.95C2E293E0D5F8D5E0F83733146F119E.d.02ECF40D32D0029CFD2A9B8193C75380.e.8427/click - {}
RESULT: {}
COMMAND: POST /session/d94fe9d023155d3f6895aef5421fa61d/execute/async - {"script":"<script> [1562 bytes]","args":[{"selector":{"controlType":"sap.ui.core.Icon","viewName":"etm.portal.ui.managecatalogs.view.Detail","viewId":"application-managecatalogs-display-component---detailCatalog","properties":{"src":{"regex":{"source":"add\\-document"}}}},"wdio_ui5_key":"etmportal.ui.managecatalogs.view.Detailsap.ui.core.Icon{\"src\":{\"regex\":{\"source\":\"add\\\\-document\"}}}"}]}
COMMAND: GET /session/d94fe9d023155d3f6895aef5421fa61d/screenshot - {}
RESULT: {"script":"<script> [1562 bytes]","args":[{"selector":{"controlType":"sap.ui.core.Icon","viewName":"etm.portal.ui.managecatalogs.view.Detail","viewId":"application-managecatalogs-display-component---detailCatalog","properties":{"src":{"regex":{"source":"add\\-document"}}}},"wdio_ui5_key":"etmportal.ui.managecatalogs.view.Detailsap.ui.core.Icon{\"src\":{\"regex\":{\"source\":\"add\\\\-document\"}}}"}]}
RESULT: undefined
COMMAND: POST /session/d94fe9d023155d3f6895aef5421fa61d/element - {"using":"xpath","value":"//*[@id=\"__button34-img\"]"}
RESULT: {}
RESULT: {"using":"xpath","value":"//*[@id=\"__button34-img\"]"}
COMMAND: POST /session/d94fe9d023155d3f6895aef5421fa61d/element/f.95C2E293E0D5F8D5E0F83733146F119E.d.02ECF40D32D0029CFD2A9B8193C75380.e.8433/click - {}
RESULT: {}
COMMAND: POST /session/d94fe9d023155d3f6895aef5421fa61d/execute/async - {"script":"<script> [1562 bytes]","args":[{"selector":{"id":"application-managecatalogs-display-component---detailCatalog--newItemNumberInput","searchOpenDialogs":true,"interaction":{"idSuffix":"inner"}},"wdio_ui5_key":"applicationmanagecatalogs-display-component---detailCatalog--newItemNumberInput"}]}
COMMAND: GET /session/d94fe9d023155d3f6895aef5421fa61d/screenshot - {}
RESULT: {"script":"<script> [1562 bytes]","args":[{"selector":{"id":"application-managecatalogs-display-component---detailCatalog--newItemNumberInput","searchOpenDialogs":true,"interaction":{"idSuffix":"inner"}},"wdio_ui5_key":"applicationmanagecatalogs-display-component---detailCatalog--newItemNumberInput"}]}
RESULT: undefined
COMMAND: POST /session/d94fe9d023155d3f6895aef5421fa61d/execute/async - {"script":"<script> [776 bytes]","args":[{"enterText":"catalogItemg30go","selector":{"id":"application-managecatalogs-display-component---detailCatalog--newItemNumberInput","searchOpenDialogs":true,"interaction":{"idSuffix":"inner"}},"clearTextFirst":true,"interactionType":"ENTER_TEXT"}]}
RESULT: {}
RESULT: {"script":"<script> [776 bytes]","args":[{"enterText":"catalogItemg30go","selector":{"id":"application-managecatalogs-display-component---detailCatalog--newItemNumberInput","searchOpenDialogs":true,"interaction":{"idSuffix":"inner"}},"clearTextFirst":true,"interactionType":"ENTER_TEXT"}]}
COMMAND: POST /session/d94fe9d023155d3f6895aef5421fa61d/execute/async - {"script":"<script> [1562 bytes]","args":[{"selector":{"controlType":"sap.m.Input","viewName":"etm.portal.ui.managecatalogs.view.Detail","viewId":"application-managecatalogs-display-component---detailCatalog","bindingPath":{"path":"","propertyPath":"/DESCRIPTION"},"searchOpenDialogs":true,"interaction":{"idSuffix":"inner"}},"wdio_ui5_key":"etmportal.ui.managecatalogs.view.Detailsap.m.Input{\"path\":\"\",\"propertyPath\":\"/DESCRIPTION\"}"}]}
RESULT: {"script":"<script> [1562 bytes]","args":[{"selector":{"controlType":"sap.m.Input","viewName":"etm.portal.ui.managecatalogs.view.Detail","viewId":"application-managecatalogs-display-component---detailCatalog","bindingPath":{"path":"","propertyPath":"/DESCRIPTION"},"searchOpenDialogs":true,"interaction":{"idSuffix":"inner"}},"wdio_ui5_key":"etmportal.ui.managecatalogs.view.Detailsap.m.Input{\"path\":\"\",\"propertyPath\":\"/DESCRIPTION\"}"}]}
RESULT: undefined
COMMAND: POST /session/d94fe9d023155d3f6895aef5421fa61d/execute/async - {"script":"<script> [776 bytes]","args":[{"enterText":"catalogItemNameuu19h","selector":{"controlType":"sap.m.Input","viewName":"etm.portal.ui.managecatalogs.view.Detail","viewId":"application-managecatalogs-display-component---detailCatalog","bindingPath":{"path":"","propertyPath":"/DESCRIPTION"},"searchOpenDialogs":true,"interaction":{"idSuffix":"inner"}},"clearTextFirst":true,"interactionType":"ENTER_TEXT"}]}
RESULT: {"script":"<script> [776 bytes]","args":[{"enterText":"catalogItemNameuu19h","selector":{"controlType":"sap.m.Input","viewName":"etm.portal.ui.managecatalogs.view.Detail","viewId":"application-managecatalogs-display-component---detailCatalog","bindingPath":{"path":"","propertyPath":"/DESCRIPTION"},"searchOpenDialogs":true,"interaction":{"idSuffix":"inner"}},"clearTextFirst":true,"interactionType":"ENTER_TEXT"}]}
COMMAND: POST /session/d94fe9d023155d3f6895aef5421fa61d/execute/async - {"script":"<script> [1562 bytes]","args":[{"selector":{"controlType":"sap.m.Button","viewName":"etm.portal.ui.managecatalogs.view.Detail","viewId":"application-managecatalogs-display-component---detailCatalog","i18NText":{"propertyName":"text","key":"create"},"searchOpenDialogs":true,"interaction":{"idSuffix":"BDI-content"}},"wdio_ui5_key":"etmportal.ui.managecatalogs.view.Detailsap.m.Button{\"propertyName\":\"text\",\"key\":\"create\"}"}]}
RESULT: {"script":"<script> [1562 bytes]","args":[{"selector":{"controlType":"sap.m.Button","viewName":"etm.portal.ui.managecatalogs.view.Detail","viewId":"application-managecatalogs-display-component---detailCatalog","i18NText":{"propertyName":"text","key":"create"},"searchOpenDialogs":true,"interaction":{"idSuffix":"BDI-content"}},"wdio_ui5_key":"etmportal.ui.managecatalogs.view.Detailsap.m.Button{\"propertyName\":\"text\",\"key\":\"create\"}"}]}
RESULT: undefined
COMMAND: POST /session/d94fe9d023155d3f6895aef5421fa61d/element - {"using":"xpath","value":"//*[@id=\"__button9\"]"}
RESULT: {"using":"xpath","value":"//*[@id=\"__button9\"]"}
COMMAND: POST /session/d94fe9d023155d3f6895aef5421fa61d/element/f.95C2E293E0D5F8D5E0F83733146F119E.d.02ECF40D32D0029CFD2A9B8193C75380.e.8443/click - {}
RESULT: {}
COMMAND: GET /session/d94fe9d023155d3f6895aef5421fa61d/screenshot - {}
RESULT: {}
COMMAND: POST /session/d94fe9d023155d3f6895aef5421fa61d/element - {"using":"xpath","value":"//button[@title=\"Save\"]"}
RESULT: {"using":"xpath","value":"//button[@title=\"Save\"]"}
COMMAND: POST /session/d94fe9d023155d3f6895aef5421fa61d/element/f.95C2E293E0D5F8D5E0F83733146F119E.d.02ECF40D32D0029CFD2A9B8193C75380.e.8444/click - {}
RESULT: {}
COMMAND: GET /session/d94fe9d023155d3f6895aef5421fa61d/screenshot - {}
RESULT: {}
COMMAND: POST /session/d94fe9d023155d3f6895aef5421fa61d/execute/async - {"script":"<script> [1562 bytes]","args":[{"selector":{"controlType":"sap.ui.core.Icon","viewName":"etm.portal.ui.managecatalogs.view.Detail","viewId":"application-managecatalogs-display-component---detailCatalog","properties":{"src":{"regex":{"source":"decline"}}}},"wdio_ui5_key":"etmportal.ui.managecatalogs.view.Detailsap.ui.core.Icon{\"src\":{\"regex\":{\"source\":\"decline\"}}}"}]}
RESULT: {"script":"<script> [1562 bytes]","args":[{"selector":{"controlType":"sap.ui.core.Icon","viewName":"etm.portal.ui.managecatalogs.view.Detail","viewId":"application-managecatalogs-display-component---detailCatalog","properties":{"src":{"regex":{"source":"decline"}}}},"wdio_ui5_key":"etmportal.ui.managecatalogs.view.Detailsap.ui.core.Icon{\"src\":{\"regex\":{\"source\":\"decline\"}}}"}]}
RESULT: undefined
COMMAND: POST /session/d94fe9d023155d3f6895aef5421fa61d/element - {"using":"xpath","value":"//*[@id=\"__button28-img\"]"}
RESULT: {"using":"xpath","value":"//*[@id=\"__button28-img\"]"}
COMMAND: POST /session/d94fe9d023155d3f6895aef5421fa61d/element/f.95C2E293E0D5F8D5E0F83733146F119E.d.02ECF40D32D0029CFD2A9B8193C75380.e.8451/click - {}
RESULT: {}
COMMAND: GET /session/d94fe9d023155d3f6895aef5421fa61d/screenshot - {}
RESULT: {}
COMMAND: POST /session/d94fe9d023155d3f6895aef5421fa61d/execute/async - {"script":"<script> [1562 bytes]","args":[{"selector":{"controlType":"sap.ui.core.Icon","viewName":"etm.portal.ui.managecatalogs.view.MasterItems","viewId":"application-managecatalogs-display-component---masterCatalogItems","properties":{"src":{"regex":{"source":"refresh"}}}},"wdio_ui5_key":"etmportal.ui.managecatalogs.view.MasterItemssap.ui.core.Icon{\"src\":{\"regex\":{\"source\":\"refresh\"}}}"}]}
RESULT: {"script":"<script> [1562 bytes]","args":[{"selector":{"controlType":"sap.ui.core.Icon","viewName":"etm.portal.ui.managecatalogs.view.MasterItems","viewId":"application-managecatalogs-display-component---masterCatalogItems","properties":{"src":{"regex":{"source":"refresh"}}}},"wdio_ui5_key":"etmportal.ui.managecatalogs.view.MasterItemssap.ui.core.Icon{\"src\":{\"regex\":{\"source\":\"refresh\"}}}"}]}
RESULT: undefined
COMMAND: POST /session/d94fe9d023155d3f6895aef5421fa61d/element - {"using":"xpath","value":"//*[@id=\"__button1-img\"]"}
RESULT: {"using":"xpath","value":"//*[@id=\"__button1-img\"]"}
COMMAND: POST /session/d94fe9d023155d3f6895aef5421fa61d/element/f.95C2E293E0D5F8D5E0F83733146F119E.d.02ECF40D32D0029CFD2A9B8193C75380.e.8484/click - {}
RESULT: {}
COMMAND: GET /session/d94fe9d023155d3f6895aef5421fa61d/screenshot - {}
RESULT: {}
COMMAND: POST /session/d94fe9d023155d3f6895aef5421fa61d/execute/async - {"script":"<script> [1562 bytes]","args":[{"selector":{"id":"application-managecatalogs-display-component---masterCatalogItems--searchItemsField","interaction":{"idSuffix":"I"}},"wdio_ui5_key":"applicationmanagecatalogs-display-component---masterCatalogItems--searchItemsField"}]}
RESULT: {"script":"<script> [1562 bytes]","args":[{"selector":{"id":"application-managecatalogs-display-component---masterCatalogItems--searchItemsField","interaction":{"idSuffix":"I"}},"wdio_ui5_key":"applicationmanagecatalogs-display-component---masterCatalogItems--searchItemsField"}]}
RESULT: undefined
COMMAND: POST /session/d94fe9d023155d3f6895aef5421fa61d/execute/async - {"script":"<script> [776 bytes]","args":[{"enterText":"catalogItemNameuu19h","selector":{"id":"application-managecatalogs-display-component---masterCatalogItems--searchItemsField","interaction":{"idSuffix":"I"}},"clearTextFirst":true,"interactionType":"ENTER_TEXT"}]}
RESULT: {"script":"<script> [776 bytes]","args":[{"enterText":"catalogItemNameuu19h","selector":{"id":"application-managecatalogs-display-component---masterCatalogItems--searchItemsField","interaction":{"idSuffix":"I"}},"clearTextFirst":true,"interactionType":"ENTER_TEXT"}]}
COMMAND: POST /session/d94fe9d023155d3f6895aef5421fa61d/actions - {"actions":[{"id":"action46","type":"key","parameters":{},"actions":[{"type":"keyDown","value":"î€‡"},{"type":"pause","duration":10},{"type":"keyUp","value":"î€‡"}]}]}
RESULT: {"actions":[{"id":"action46","type":"key","parameters":{},"actions":[{"type":"keyDown","value":"î€‡"},{"type":"pause","duration":10},{"type":"keyUp","value":"î€‡"}]}]}
COMMAND: POST /session/d94fe9d023155d3f6895aef5421fa61d/element - {"using":"xpath","value":"(//span[contains(text(), \"catalogItemNameuu19h\")])[1]"}
COMMAND: GET /session/d94fe9d023155d3f6895aef5421fa61d/screenshot - {}
RESULT: {"using":"xpath","value":"(//span[contains(text(), \"catalogItemNameuu19h\")])[1]"}
COMMAND: POST /session/d94fe9d023155d3f6895aef5421fa61d/element/f.95C2E293E0D5F8D5E0F83733146F119E.d.02ECF40D32D0029CFD2A9B8193C75380.e.8491/click - {}
RESULT: {}
RESULT: {}
COMMAND: GET /session/d94fe9d023155d3f6895aef5421fa61d/screenshot - {}
RESULT: {}
COMMAND: POST /session/d94fe9d023155d3f6895aef5421fa61d/element - {"using":"xpath","value":"//span[contains(text(), \"catalogItemg30go\")]"}
RESULT: {"using":"xpath","value":"//span[contains(text(), \"catalogItemg30go\")]"}
COMMAND: GET /session/d94fe9d023155d3f6895aef5421fa61d/element/f.95C2E293E0D5F8D5E0F83733146F119E.d.02ECF40D32D0029CFD2A9B8193C75380.e.8554/text - {}
RESULT: {}
]]></system-out>
    </testcase>
    <testcase classname="chrome.135_0_7049_96.windows.Manage_requests_-_requests_specifications_US141095" name="Should add the classification to the catalog item" time="34.848">
      <system-out><![CDATA[
RESULT: undefined
COMMAND: POST /session/d94fe9d023155d3f6895aef5421fa61d/element - {"using":"xpath","value":"//*[@id=\"__button25\"]"}
RESULT: {"using":"xpath","value":"//*[@id=\"__button25\"]"}
COMMAND: POST /session/d94fe9d023155d3f6895aef5421fa61d/element/f.95C2E293E0D5F8D5E0F83733146F119E.d.02ECF40D32D0029CFD2A9B8193C75380.e.8555/click - {}
RESULT: {}
COMMAND: GET /session/d94fe9d023155d3f6895aef5421fa61d/screenshot - {}
RESULT: {}
COMMAND: POST /session/d94fe9d023155d3f6895aef5421fa61d/execute/async - {"script":"<script> [1562 bytes]","args":[{"selector":{"id":"application-managecatalogs-display-component---detailCatalog--BASE_UNIT_OF_MEASURE-arrow"},"wdio_ui5_key":"applicationmanagecatalogs-display-component---detailCatalog--BASE_UNIT_OF_MEASURE-arrow"}]}
RESULT: {"script":"<script> [1562 bytes]","args":[{"selector":{"id":"application-managecatalogs-display-component---detailCatalog--BASE_UNIT_OF_MEASURE-arrow"},"wdio_ui5_key":"applicationmanagecatalogs-display-component---detailCatalog--BASE_UNIT_OF_MEASURE-arrow"}]}
RESULT: undefined
COMMAND: POST /session/d94fe9d023155d3f6895aef5421fa61d/element - {"using":"xpath","value":"//*[@id=\"application-managecatalogs-display-component---detailCatalog--BASE_UNIT_OF_MEASURE-arrow\"]"}
RESULT: {"using":"xpath","value":"//*[@id=\"application-managecatalogs-display-component---detailCatalog--BASE_UNIT_OF_MEASURE-arrow\"]"}
COMMAND: POST /session/d94fe9d023155d3f6895aef5421fa61d/element/f.95C2E293E0D5F8D5E0F83733146F119E.d.02ECF40D32D0029CFD2A9B8193C75380.e.8576/click - {}
RESULT: {}
COMMAND: POST /session/d94fe9d023155d3f6895aef5421fa61d/execute/async - {"script":"<script> [1562 bytes]","args":[{"selector":{"controlType":"sap.m.StandardListItem","viewName":"etm.portal.ui.managecatalogs.view.Detail","viewId":"application-managecatalogs-display-component---detailCatalog","properties":{"title":"Piece"},"searchOpenDialogs":true,"interaction":{"idSuffix":"titleText"}},"wdio_ui5_key":"etmportal.ui.managecatalogs.view.Detailsap.m.StandardListItem{\"title\":\"Piece\"}"}]}
COMMAND: GET /session/d94fe9d023155d3f6895aef5421fa61d/screenshot - {}
RESULT: {"script":"<script> [1562 bytes]","args":[{"selector":{"controlType":"sap.m.StandardListItem","viewName":"etm.portal.ui.managecatalogs.view.Detail","viewId":"application-managecatalogs-display-component---detailCatalog","properties":{"title":"Piece"},"searchOpenDialogs":true,"interaction":{"idSuffix":"titleText"}},"wdio_ui5_key":"etmportal.ui.managecatalogs.view.Detailsap.m.StandardListItem{\"title\":\"Piece\"}"}]}
RESULT: undefined
COMMAND: POST /session/d94fe9d023155d3f6895aef5421fa61d/element - {"using":"xpath","value":"//*[@id=\"__item250\"]"}
RESULT: {}
RESULT: {"using":"xpath","value":"//*[@id=\"__item250\"]"}
COMMAND: POST /session/d94fe9d023155d3f6895aef5421fa61d/element/f.95C2E293E0D5F8D5E0F83733146F119E.d.02ECF40D32D0029CFD2A9B8193C75380.e.8578/click - {}
RESULT: {}
COMMAND: POST /session/d94fe9d023155d3f6895aef5421fa61d/element - {"using":"xpath","value":"//button[contains(@data-kt ,\"ClassificationAddClassButton\")]"}
COMMAND: GET /session/d94fe9d023155d3f6895aef5421fa61d/screenshot - {}
RESULT: {"using":"xpath","value":"//button[contains(@data-kt ,\"ClassificationAddClassButton\")]"}
COMMAND: POST /session/d94fe9d023155d3f6895aef5421fa61d/element/f.95C2E293E0D5F8D5E0F83733146F119E.d.02ECF40D32D0029CFD2A9B8193C75380.e.8579/click - {}
RESULT: {}
RESULT: {}
COMMAND: GET /session/d94fe9d023155d3f6895aef5421fa61d/screenshot - {}
RESULT: {}
COMMAND: POST /session/d94fe9d023155d3f6895aef5421fa61d/element - {"using":"xpath","value":"//input[contains(@id ,\"searchField-I\")]"}
RESULT: {"using":"xpath","value":"//input[contains(@id ,\"searchField-I\")]"}
COMMAND: POST /session/d94fe9d023155d3f6895aef5421fa61d/element/f.95C2E293E0D5F8D5E0F83733146F119E.d.02ECF40D32D0029CFD2A9B8193C75380.e.8582/value - {"text":"WebdriverItemClass85j3h"}
RESULT: {"text":"WebdriverItemClass85j3h"}
COMMAND: POST /session/d94fe9d023155d3f6895aef5421fa61d/actions - {"actions":[{"id":"action47","type":"key","parameters":{},"actions":[{"type":"keyDown","value":"î€‡"},{"type":"pause","duration":10},{"type":"keyUp","value":"î€‡"}]}]}
RESULT: {"actions":[{"id":"action47","type":"key","parameters":{},"actions":[{"type":"keyDown","value":"î€‡"},{"type":"pause","duration":10},{"type":"keyUp","value":"î€‡"}]}]}
COMMAND: GET /session/d94fe9d023155d3f6895aef5421fa61d/screenshot - {}
COMMAND: GET /session/d94fe9d023155d3f6895aef5421fa61d/screenshot - {}
RESULT: {}
RESULT: {}
COMMAND: POST /session/d94fe9d023155d3f6895aef5421fa61d/element - {"using":"xpath","value":"//span[contains(text(), \"WebdriverItemClass85j3h\")]"}
RESULT: {"using":"xpath","value":"//span[contains(text(), \"WebdriverItemClass85j3h\")]"}
COMMAND: POST /session/d94fe9d023155d3f6895aef5421fa61d/element/f.95C2E293E0D5F8D5E0F83733146F119E.d.02ECF40D32D0029CFD2A9B8193C75380.e.8595/click - {}
RESULT: {}
COMMAND: GET /session/d94fe9d023155d3f6895aef5421fa61d/screenshot - {}
RESULT: {}
COMMAND: POST /session/d94fe9d023155d3f6895aef5421fa61d/execute/async - {"script":"<script> [1562 bytes]","args":[{"selector":{"controlType":"sap.m.Button","viewName":"etm.portal.ui.managecatalogs.view.Detail","viewId":"application-managecatalogs-display-component---detailCatalog","properties":{"text":"Classification"},"interaction":{"idSuffix":"BDI-content"}},"wdio_ui5_key":"etmportal.ui.managecatalogs.view.Detailsap.m.Button{\"text\":\"Classification\"}"}]}
RESULT: {"script":"<script> [1562 bytes]","args":[{"selector":{"controlType":"sap.m.Button","viewName":"etm.portal.ui.managecatalogs.view.Detail","viewId":"application-managecatalogs-display-component---detailCatalog","properties":{"text":"Classification"},"interaction":{"idSuffix":"BDI-content"}},"wdio_ui5_key":"etmportal.ui.managecatalogs.view.Detailsap.m.Button{\"text\":\"Classification\"}"}]}
RESULT: undefined
COMMAND: POST /session/d94fe9d023155d3f6895aef5421fa61d/element - {"using":"xpath","value":"//*[@id=\"application-managecatalogs-display-component---detailCatalog--ObjectPageLayout-anchBar-__section3-anchor\"]"}
RESULT: {"using":"xpath","value":"//*[@id=\"application-managecatalogs-display-component---detailCatalog--ObjectPageLayout-anchBar-__section3-anchor\"]"}
COMMAND: POST /session/d94fe9d023155d3f6895aef5421fa61d/element/f.95C2E293E0D5F8D5E0F83733146F119E.d.02ECF40D32D0029CFD2A9B8193C75380.e.8602/click - {}
RESULT: {}
COMMAND: POST /session/d94fe9d023155d3f6895aef5421fa61d/execute/async - {"script":"<script> [1562 bytes]","args":[{"selector":{"controlType":"sap.ui.core.Icon","viewName":"etm.portal.ui.managecatalogs.view.Detail","viewId":"application-managecatalogs-display-component---detailCatalog","properties":{"src":{"regex":{"source":"slim\\-arrow\\-right"}}},"ancestor":{"controlType":"sap.m.Panel","viewName":"etm.portal.ui.managecatalogs.view.Detail","viewId":"application-managecatalogs-display-component---detailCatalog"}},"wdio_ui5_key":"etmportal.ui.managecatalogs.view.Detailsap.ui.core.Icon{\"src\":{\"regex\":{\"source\":\"slim\\\\-arrow\\\\-right\"}}}{\"controlType\":\"sap.m.Panel\",\"viewName\":\"etm.portal.ui.managecatalogs.view.Detail\",\"viewId\":\"application-managecatalogs-display-component---detailCatalog\"}"}]}
COMMAND: GET /session/d94fe9d023155d3f6895aef5421fa61d/screenshot - {}
RESULT: {"script":"<script> [1562 bytes]","args":[{"selector":{"controlType":"sap.ui.core.Icon","viewName":"etm.portal.ui.managecatalogs.view.Detail","viewId":"application-managecatalogs-display-component---detailCatalog","properties":{"src":{"regex":{"source":"slim\\-arrow\\-right"}}},"ancestor":{"controlType":"sap.m.Panel","viewName":"etm.portal.ui.managecatalogs.view.Detail","viewId":"application-managecatalogs-display-component---detailCatalog"}},"wdio_ui5_key":"etmportal.ui.managecatalogs.view.Detailsap.ui.core.Icon{\"src\":{\"regex\":{\"source\":\"slim\\\\-arrow\\\\-right\"}}}{\"controlType\":\"sap.m.Panel\",\"viewName\":\"etm.portal.ui.managecatalogs.view.Detail\",\"viewId\":\"application-managecatalogs-display-component---detailCatalog\"}"}]}
RESULT: undefined
COMMAND: POST /session/d94fe9d023155d3f6895aef5421fa61d/element - {"using":"xpath","value":"//*[@id=\"__panel0-__layout17-0-expandButton-img\"]"}
RESULT: {}
RESULT: {"using":"xpath","value":"//*[@id=\"__panel0-__layout17-0-expandButton-img\"]"}
COMMAND: POST /session/d94fe9d023155d3f6895aef5421fa61d/element/f.95C2E293E0D5F8D5E0F83733146F119E.d.02ECF40D32D0029CFD2A9B8193C75380.e.8608/click - {}
RESULT: {}
COMMAND: POST /session/d94fe9d023155d3f6895aef5421fa61d/execute/async - {"script":"<script> [1562 bytes]","args":[{"selector":{"controlType":"sap.ui.core.Icon","viewName":"etm.portal.ui.managecatalogs.view.Detail","viewId":"application-managecatalogs-display-component---detailCatalog","properties":{"src":{"regex":{"source":"slim\\-arrow\\-down"}}},"ancestor":{"controlType":"sap.m.ColumnListItem","viewName":"etm.portal.ui.managecatalogs.view.Detail","viewId":"application-managecatalogs-display-component---detailCatalog","bindingPath":{"modelName":"classModel","path":"/data/0/PROPERTIES/0"},"ancestor":{"controlType":"sap.m.Table","viewName":"etm.portal.ui.managecatalogs.view.Detail","viewId":"application-managecatalogs-display-component---detailCatalog","bindingPath":{"path":"/data/0","propertyPath":"PROPERTIES","modelName":"classModel"}}}},"wdio_ui5_key":"etmportal.ui.managecatalogs.view.Detailsap.ui.core.Icon{\"src\":{\"regex\":{\"source\":\"slim\\\\-arrow\\\\-down\"}}}{\"controlType\":\"sap.m.ColumnListItem\",\"viewName\":\"etm.portal.ui.managecatalogs.view.Detail\",\"viewId\":\"application-managecatalogs-display-component---detailCatalog\",\"bindingPath\":{\"modelName\":\"classModel\",\"path\":\"/data/0/PROPERTIES/0\"},\"ancestor\":{\"controlType\":\"sap.m.Table\",\"viewName\":\"etm.portal.ui.managecatalogs.view.Detail\",\"viewId\":\"application-managecatalogs-display-component---detailCatalog\",\"bindingPath\":{\"path\":\"/data/0\",\"propertyPath\":\"PROPERTIES\",\"modelName\":\"classModel\"}}}"}]}
COMMAND: GET /session/d94fe9d023155d3f6895aef5421fa61d/screenshot - {}
RESULT: {}
RESULT: {"script":"<script> [1562 bytes]","args":[{"selector":{"controlType":"sap.ui.core.Icon","viewName":"etm.portal.ui.managecatalogs.view.Detail","viewId":"application-managecatalogs-display-component---detailCatalog","properties":{"src":{"regex":{"source":"slim\\-arrow\\-down"}}},"ancestor":{"controlType":"sap.m.ColumnListItem","viewName":"etm.portal.ui.managecatalogs.view.Detail","viewId":"application-managecatalogs-display-component---detailCatalog","bindingPath":{"modelName":"classModel","path":"/data/0/PROPERTIES/0"},"ancestor":{"controlType":"sap.m.Table","viewName":"etm.portal.ui.managecatalogs.view.Detail","viewId":"application-managecatalogs-display-component---detailCatalog","bindingPath":{"path":"/data/0","propertyPath":"PROPERTIES","modelName":"classModel"}}}},"wdio_ui5_key":"etmportal.ui.managecatalogs.view.Detailsap.ui.core.Icon{\"src\":{\"regex\":{\"source\":\"slim\\\\-arrow\\\\-down\"}}}{\"controlType\":\"sap.m.ColumnListItem\",\"viewName\":\"etm.portal.ui.managecatalogs.view.Detail\",\"viewId\":\"application-managecatalogs-display-component---detailCatalog\",\"bindingPath\":{\"modelName\":\"classModel\",\"path\":\"/data/0/PROPERTIES/0\"},\"ancestor\":{\"controlType\":\"sap.m.Table\",\"viewName\":\"etm.portal.ui.managecatalogs.view.Detail\",\"viewId\":\"application-managecatalogs-display-component---detailCatalog\",\"bindingPath\":{\"path\":\"/data/0\",\"propertyPath\":\"PROPERTIES\",\"modelName\":\"classModel\"}}}"}]}
RESULT: undefined
COMMAND: POST /session/d94fe9d023155d3f6895aef5421fa61d/element - {"using":"xpath","value":"//*[@id=\"__box31-arrow\"]"}
RESULT: {"using":"xpath","value":"//*[@id=\"__box31-arrow\"]"}
COMMAND: POST /session/d94fe9d023155d3f6895aef5421fa61d/element/f.95C2E293E0D5F8D5E0F83733146F119E.d.02ECF40D32D0029CFD2A9B8193C75380.e.8622/click - {}
RESULT: {}
COMMAND: POST /session/d94fe9d023155d3f6895aef5421fa61d/execute/async - {"script":"<script> [1562 bytes]","args":[{"selector":{"controlType":"sap.m.StandardListItem","viewName":"etm.portal.ui.managecatalogs.view.Detail","viewId":"application-managecatalogs-display-component---detailCatalog","properties":{"title":"red"},"searchOpenDialogs":true,"interaction":{"idSuffix":"content"}},"wdio_ui5_key":"etmportal.ui.managecatalogs.view.Detailsap.m.StandardListItem{\"title\":\"red\"}"}]}
COMMAND: GET /session/d94fe9d023155d3f6895aef5421fa61d/screenshot - {}
RESULT: {"script":"<script> [1562 bytes]","args":[{"selector":{"controlType":"sap.m.StandardListItem","viewName":"etm.portal.ui.managecatalogs.view.Detail","viewId":"application-managecatalogs-display-component---detailCatalog","properties":{"title":"red"},"searchOpenDialogs":true,"interaction":{"idSuffix":"content"}},"wdio_ui5_key":"etmportal.ui.managecatalogs.view.Detailsap.m.StandardListItem{\"title\":\"red\"}"}]}
RESULT: undefined
COMMAND: POST /session/d94fe9d023155d3f6895aef5421fa61d/element - {"using":"xpath","value":"//*[@id=\"__item258\"]"}
RESULT: {}
RESULT: {"using":"xpath","value":"//*[@id=\"__item258\"]"}
COMMAND: POST /session/d94fe9d023155d3f6895aef5421fa61d/element/f.95C2E293E0D5F8D5E0F83733146F119E.d.02ECF40D32D0029CFD2A9B8193C75380.e.8625/click - {}
RESULT: {}
COMMAND: GET /session/d94fe9d023155d3f6895aef5421fa61d/screenshot - {}
RESULT: {}
COMMAND: POST /session/d94fe9d023155d3f6895aef5421fa61d/execute/async - {"script":"<script> [1562 bytes]","args":[{"selector":{"controlType":"sap.m.Button","viewName":"etm.portal.ui.managecatalogs.view.Detail","viewId":"application-managecatalogs-display-component---detailCatalog","i18NText":{"propertyName":"text","key":"save"},"interaction":{"idSuffix":"BDI-content"}},"wdio_ui5_key":"etmportal.ui.managecatalogs.view.Detailsap.m.Button{\"propertyName\":\"text\",\"key\":\"save\"}"}]}
RESULT: {"script":"<script> [1562 bytes]","args":[{"selector":{"controlType":"sap.m.Button","viewName":"etm.portal.ui.managecatalogs.view.Detail","viewId":"application-managecatalogs-display-component---detailCatalog","i18NText":{"propertyName":"text","key":"save"},"interaction":{"idSuffix":"BDI-content"}},"wdio_ui5_key":"etmportal.ui.managecatalogs.view.Detailsap.m.Button{\"propertyName\":\"text\",\"key\":\"save\"}"}]}
RESULT: undefined
COMMAND: POST /session/d94fe9d023155d3f6895aef5421fa61d/element - {"using":"xpath","value":"//*[@id=\"__button43\"]"}
RESULT: {"using":"xpath","value":"//*[@id=\"__button43\"]"}
COMMAND: POST /session/d94fe9d023155d3f6895aef5421fa61d/element/f.95C2E293E0D5F8D5E0F83733146F119E.d.02ECF40D32D0029CFD2A9B8193C75380.e.8558/click - {}
RESULT: {}
COMMAND: GET /session/d94fe9d023155d3f6895aef5421fa61d/screenshot - {}
RESULT: {}
COMMAND: POST /session/d94fe9d023155d3f6895aef5421fa61d/element - {"using":"css selector","value":"#shell-header-logo"}
RESULT: {"using":"css selector","value":"#shell-header-logo"}
COMMAND: POST /session/d94fe9d023155d3f6895aef5421fa61d/element/f.95C2E293E0D5F8D5E0F83733146F119E.d.02ECF40D32D0029CFD2A9B8193C75380.e.8326/click - {}
RESULT: {}
COMMAND: GET /session/d94fe9d023155d3f6895aef5421fa61d/screenshot - {}
RESULT: {}
]]></system-out>
    </testcase>
    <testcase classname="chrome.135_0_7049_96.windows.Manage_requests_-_requests_specifications_US141095" name="Should create a new request and add the catalog item with the specifications" time="110.972">
      <system-out><![CDATA[
COMMAND: POST /session/d94fe9d023155d3f6895aef5421fa61d/element - {"using":"xpath","value":"//*[contains(@href, 'etm.portal.ui.managerequests')]"}
RESULT: {"using":"xpath","value":"//*[contains(@href, 'etm.portal.ui.managerequests')]"}
COMMAND: POST /session/d94fe9d023155d3f6895aef5421fa61d/element/f.95C2E293E0D5F8D5E0F83733146F119E.d.02ECF40D32D0029CFD2A9B8193C75380.e.8653/click - {}
RESULT: {}
COMMAND: GET /session/d94fe9d023155d3f6895aef5421fa61d/screenshot - {}
RESULT: {}
COMMAND: POST /session/d94fe9d023155d3f6895aef5421fa61d/element - {"using":"xpath","value":"//button[contains(@data-kt ,\"btnCreateNewOverflowToolbarButton\")]"}
COMMAND: POST /session/d94fe9d023155d3f6895aef5421fa61d/element - {"using":"xpath","value":"(//span[contains(@class ,\"sapMObjStatusText\")])[1]"}
RESULT: {"using":"xpath","value":"//button[contains(@data-kt ,\"btnCreateNewOverflowToolbarButton\")]"}
COMMAND: POST /session/d94fe9d023155d3f6895aef5421fa61d/element/f.95C2E293E0D5F8D5E0F83733146F119E.d.02ECF40D32D0029CFD2A9B8193C75380.e.8714/click - {}
RESULT: {"using":"xpath","value":"(//span[contains(@class ,\"sapMObjStatusText\")])[1]"}
COMMAND: POST /session/d94fe9d023155d3f6895aef5421fa61d/execute/sync - {"script":"<script> [8489 bytes]","args":[{"element-6066-11e4-a52e-4f735466cecf":"f.95C2E293E0D5F8D5E0F83733146F119E.d.02ECF40D32D0029CFD2A9B8193C75380.e.8758","ELEMENT":"f.95C2E293E0D5F8D5E0F83733146F119E.d.02ECF40D32D0029CFD2A9B8193C75380.e.8758"}]}
RESULT: {}
RESULT: {"script":"<script> [8489 bytes]","args":[{"element-6066-11e4-a52e-4f735466cecf":"f.95C2E293E0D5F8D5E0F83733146F119E.d.02ECF40D32D0029CFD2A9B8193C75380.e.8758","ELEMENT":"f.95C2E293E0D5F8D5E0F83733146F119E.d.02ECF40D32D0029CFD2A9B8193C75380.e.8758"}]}
COMMAND: GET /session/d94fe9d023155d3f6895aef5421fa61d/screenshot - {}
COMMAND: GET /session/d94fe9d023155d3f6895aef5421fa61d/screenshot - {}
RESULT: {}
RESULT: {}
COMMAND: POST /session/d94fe9d023155d3f6895aef5421fa61d/element - {"using":"xpath","value":"//input[contains(@id ,\"yardId-inner\")]"}
RESULT: {"using":"xpath","value":"//input[contains(@id ,\"yardId-inner\")]"}
COMMAND: POST /session/d94fe9d023155d3f6895aef5421fa61d/execute/sync - {"script":"<script> [8489 bytes]","args":[{"element-6066-11e4-a52e-4f735466cecf":"f.95C2E293E0D5F8D5E0F83733146F119E.d.02ECF40D32D0029CFD2A9B8193C75380.e.8951","ELEMENT":"f.95C2E293E0D5F8D5E0F83733146F119E.d.02ECF40D32D0029CFD2A9B8193C75380.e.8951"}]}
RESULT: {"script":"<script> [8489 bytes]","args":[{"element-6066-11e4-a52e-4f735466cecf":"f.95C2E293E0D5F8D5E0F83733146F119E.d.02ECF40D32D0029CFD2A9B8193C75380.e.8951","ELEMENT":"f.95C2E293E0D5F8D5E0F83733146F119E.d.02ECF40D32D0029CFD2A9B8193C75380.e.8951"}]}
COMMAND: POST /session/d94fe9d023155d3f6895aef5421fa61d/element - {"using":"xpath","value":"//input[contains(@id ,\"yardId-inner\")]"}
COMMAND: GET /session/d94fe9d023155d3f6895aef5421fa61d/screenshot - {}
RESULT: {"using":"xpath","value":"//input[contains(@id ,\"yardId-inner\")]"}
COMMAND: GET /session/d94fe9d023155d3f6895aef5421fa61d/element/f.95C2E293E0D5F8D5E0F83733146F119E.d.02ECF40D32D0029CFD2A9B8193C75380.e.8951/enabled - {}
RESULT: {}
RESULT: {}
COMMAND: POST /session/d94fe9d023155d3f6895aef5421fa61d/element/f.95C2E293E0D5F8D5E0F83733146F119E.d.02ECF40D32D0029CFD2A9B8193C75380.e.8951/clear - {}
COMMAND: GET /session/d94fe9d023155d3f6895aef5421fa61d/screenshot - {}
RESULT: {}
COMMAND: POST /session/d94fe9d023155d3f6895aef5421fa61d/element/f.95C2E293E0D5F8D5E0F83733146F119E.d.02ECF40D32D0029CFD2A9B8193C75380.e.8951/value - {"text":"WebdriverYard2rvq3"}
COMMAND: GET /session/d94fe9d023155d3f6895aef5421fa61d/screenshot - {}
RESULT: {}
RESULT: {"text":"WebdriverYard2rvq3"}
COMMAND: GET /session/d94fe9d023155d3f6895aef5421fa61d/screenshot - {}
RESULT: {}
RESULT: {}
COMMAND: POST /session/d94fe9d023155d3f6895aef5421fa61d/element - {"using":"xpath","value":"//input[contains(@id ,\"customerNumber-inner\")]"}
RESULT: {"using":"xpath","value":"//input[contains(@id ,\"customerNumber-inner\")]"}
COMMAND: POST /session/d94fe9d023155d3f6895aef5421fa61d/element/f.95C2E293E0D5F8D5E0F83733146F119E.d.02ECF40D32D0029CFD2A9B8193C75380.e.8945/value - {"text":"WebdriverPartnerarg99g"}
COMMAND: POST /session/d94fe9d023155d3f6895aef5421fa61d/actions - {"actions":[{"id":"action48","type":"key","parameters":{},"actions":[{"type":"keyDown","value":"î€‡"},{"type":"pause","duration":10},{"type":"keyUp","value":"î€‡"}]}]}
RESULT: {"actions":[{"id":"action48","type":"key","parameters":{},"actions":[{"type":"keyDown","value":"î€‡"},{"type":"pause","duration":10},{"type":"keyUp","value":"î€‡"}]}]}
COMMAND: GET /session/d94fe9d023155d3f6895aef5421fa61d/screenshot - {}
RESULT: {"text":"WebdriverPartnerarg99g"}
COMMAND: GET /session/d94fe9d023155d3f6895aef5421fa61d/screenshot - {}
RESULT: {}
RESULT: {}
COMMAND: POST /session/d94fe9d023155d3f6895aef5421fa61d/actions - {"actions":[{"id":"action49","type":"key","parameters":{},"actions":[{"type":"keyDown","value":"î€‡"},{"type":"pause","duration":10},{"type":"keyUp","value":"î€‡"}]}]}
RESULT: {"actions":[{"id":"action49","type":"key","parameters":{},"actions":[{"type":"keyDown","value":"î€‡"},{"type":"pause","duration":10},{"type":"keyUp","value":"î€‡"}]}]}
COMMAND: GET /session/d94fe9d023155d3f6895aef5421fa61d/screenshot - {}
RESULT: {}
COMMAND: POST /session/d94fe9d023155d3f6895aef5421fa61d/element - {"using":"xpath","value":"//input[contains(@id ,\"requestSiteId-inner\")]"}
RESULT: {"using":"xpath","value":"//input[contains(@id ,\"requestSiteId-inner\")]"}
COMMAND: POST /session/d94fe9d023155d3f6895aef5421fa61d/element/f.95C2E293E0D5F8D5E0F83733146F119E.d.02ECF40D32D0029CFD2A9B8193C75380.e.8944/value - {"text":"WebdriverSitetj17"}
RESULT: {"text":"WebdriverSitetj17"}
COMMAND: GET /session/d94fe9d023155d3f6895aef5421fa61d/screenshot - {}
RESULT: {}
COMMAND: POST /session/d94fe9d023155d3f6895aef5421fa61d/actions - {"actions":[{"id":"action50","type":"key","parameters":{},"actions":[{"type":"keyDown","value":"î€‡"},{"type":"pause","duration":10},{"type":"keyUp","value":"î€‡"}]}]}
RESULT: {"actions":[{"id":"action50","type":"key","parameters":{},"actions":[{"type":"keyDown","value":"î€‡"},{"type":"pause","duration":10},{"type":"keyUp","value":"î€‡"}]}]}
COMMAND: POST /session/d94fe9d023155d3f6895aef5421fa61d/execute/async - {"script":"<script> [1562 bytes]","args":[{"selector":{"controlType":"sap.ui.core.Icon","viewName":"etm.portal.ui.managerequests.view.NewRequest","properties":{"src":{"regex":{"source":"add"}}}},"wdio_ui5_key":"etmportal.ui.managerequests.view.NewRequestsap.ui.core.Icon{\"src\":{\"regex\":{\"source\":\"add\"}}}"}]}
COMMAND: GET /session/d94fe9d023155d3f6895aef5421fa61d/screenshot - {}
RESULT: {"script":"<script> [1562 bytes]","args":[{"selector":{"controlType":"sap.ui.core.Icon","viewName":"etm.portal.ui.managerequests.view.NewRequest","properties":{"src":{"regex":{"source":"add"}}}},"wdio_ui5_key":"etmportal.ui.managerequests.view.NewRequestsap.ui.core.Icon{\"src\":{\"regex\":{\"source\":\"add\"}}}"}]}
RESULT: undefined
COMMAND: POST /session/d94fe9d023155d3f6895aef5421fa61d/element - {"using":"xpath","value":"//*[@id=\"__xmlview59--btnAddTableRow-img\"]"}
RESULT: {}
RESULT: {"using":"xpath","value":"//*[@id=\"__xmlview59--btnAddTableRow-img\"]"}
COMMAND: POST /session/d94fe9d023155d3f6895aef5421fa61d/element/f.95C2E293E0D5F8D5E0F83733146F119E.d.02ECF40D32D0029CFD2A9B8193C75380.e.8925/click - {}
RESULT: {}
COMMAND: GET /session/d94fe9d023155d3f6895aef5421fa61d/screenshot - {}
RESULT: {}
COMMAND: POST /session/d94fe9d023155d3f6895aef5421fa61d/actions - {"actions":[{"id":"action51","type":"key","parameters":{},"actions":[{"type":"keyDown","value":"î€•"},{"type":"pause","duration":10},{"type":"keyUp","value":"î€•"}]}]}
RESULT: {"actions":[{"id":"action51","type":"key","parameters":{},"actions":[{"type":"keyDown","value":"î€•"},{"type":"pause","duration":10},{"type":"keyUp","value":"î€•"}]}]}
COMMAND: POST /session/d94fe9d023155d3f6895aef5421fa61d/actions - {"actions":[{"id":"action52","type":"key","parameters":{},"actions":[{"type":"keyDown","value":"î€‡"},{"type":"pause","duration":10},{"type":"keyUp","value":"î€‡"}]}]}
COMMAND: GET /session/d94fe9d023155d3f6895aef5421fa61d/screenshot - {}
RESULT: {"actions":[{"id":"action52","type":"key","parameters":{},"actions":[{"type":"keyDown","value":"î€‡"},{"type":"pause","duration":10},{"type":"keyUp","value":"î€‡"}]}]}
COMMAND: POST /session/d94fe9d023155d3f6895aef5421fa61d/element - {"using":"xpath","value":"(//input[contains(@id ,\"requestItemsTable-0-inner\")])[1]"}
COMMAND: GET /session/d94fe9d023155d3f6895aef5421fa61d/screenshot - {}
RESULT: {}
RESULT: {"using":"xpath","value":"(//input[contains(@id ,\"requestItemsTable-0-inner\")])[1]"}
COMMAND: POST /session/d94fe9d023155d3f6895aef5421fa61d/element/f.95C2E293E0D5F8D5E0F83733146F119E.d.02ECF40D32D0029CFD2A9B8193C75380.e.9110/clear - {}
RESULT: {}
RESULT: {}
COMMAND: POST /session/d94fe9d023155d3f6895aef5421fa61d/element/f.95C2E293E0D5F8D5E0F83733146F119E.d.02ECF40D32D0029CFD2A9B8193C75380.e.9110/value - {"text":"catalogItemNameuu19h"}
COMMAND: GET /session/d94fe9d023155d3f6895aef5421fa61d/screenshot - {}
RESULT: {"text":"catalogItemNameuu19h"}
COMMAND: GET /session/d94fe9d023155d3f6895aef5421fa61d/screenshot - {}
RESULT: {}
RESULT: {}
COMMAND: POST /session/d94fe9d023155d3f6895aef5421fa61d/actions - {"actions":[{"id":"action53","type":"key","parameters":{},"actions":[{"type":"keyDown","value":"î€‡"},{"type":"pause","duration":10},{"type":"keyUp","value":"î€‡"}]}]}
RESULT: {"actions":[{"id":"action53","type":"key","parameters":{},"actions":[{"type":"keyDown","value":"î€‡"},{"type":"pause","duration":10},{"type":"keyUp","value":"î€‡"}]}]}
COMMAND: GET /session/d94fe9d023155d3f6895aef5421fa61d/screenshot - {}
RESULT: {}
COMMAND: POST /session/d94fe9d023155d3f6895aef5421fa61d/execute/async - {"script":"<script> [1562 bytes]","args":[{"selector":{"controlType":"sap.m.Button","viewName":"etm.portal.ui.managerequests.view.NewRequest","i18NText":{"propertyName":"text","key":"requestSpecifications"},"interaction":{"idSuffix":"BDI-content"}},"wdio_ui5_key":"etmportal.ui.managerequests.view.NewRequestsap.m.Button{\"propertyName\":\"text\",\"key\":\"requestSpecifications\"}"}]}
RESULT: {"script":"<script> [1562 bytes]","args":[{"selector":{"controlType":"sap.m.Button","viewName":"etm.portal.ui.managerequests.view.NewRequest","i18NText":{"propertyName":"text","key":"requestSpecifications"},"interaction":{"idSuffix":"BDI-content"}},"wdio_ui5_key":"etmportal.ui.managerequests.view.NewRequestsap.m.Button{\"propertyName\":\"text\",\"key\":\"requestSpecifications\"}"}]}
RESULT: undefined
COMMAND: POST /session/d94fe9d023155d3f6895aef5421fa61d/element - {"using":"xpath","value":"//*[@id=\"__button78-__xmlview59--requestItemsTable-0\"]"}
RESULT: {"using":"xpath","value":"//*[@id=\"__button78-__xmlview59--requestItemsTable-0\"]"}
COMMAND: POST /session/d94fe9d023155d3f6895aef5421fa61d/element/f.95C2E293E0D5F8D5E0F83733146F119E.d.02ECF40D32D0029CFD2A9B8193C75380.e.9123/click - {}
RESULT: {}
COMMAND: GET /session/d94fe9d023155d3f6895aef5421fa61d/screenshot - {}
RESULT: {}
COMMAND: POST /session/d94fe9d023155d3f6895aef5421fa61d/element - {"using":"xpath","value":"//input[@value=\"red\"]"}
RESULT: {"using":"xpath","value":"//input[@value=\"red\"]"}
COMMAND: POST /session/d94fe9d023155d3f6895aef5421fa61d/elements - {"using":"xpath","value":"//input[@value=\"red\"]"}
RESULT: {"using":"xpath","value":"//input[@value=\"red\"]"}
COMMAND: POST /session/d94fe9d023155d3f6895aef5421fa61d/execute/async - {"script":"<script> [1562 bytes]","args":[{"selector":{"controlType":"sap.m.Text","viewName":"etm.portal.ui.managerequests.view.NewRequest","bindingPath":{"path":"/currentEntries/0/PROPERTIES/0","propertyPath":"DESCRIPTION","modelName":"techSpecsClassificationModel"},"searchOpenDialogs":true},"wdio_ui5_key":"etmportal.ui.managerequests.view.NewRequestsap.m.Text{\"path\":\"/currentEntries/0/PROPERTIES/0\",\"propertyPath\":\"DESCRIPTION\",\"modelName\":\"techSpecsClassificationModel\"}"}]}
RESULT: {"script":"<script> [1562 bytes]","args":[{"selector":{"controlType":"sap.m.Text","viewName":"etm.portal.ui.managerequests.view.NewRequest","bindingPath":{"path":"/currentEntries/0/PROPERTIES/0","propertyPath":"DESCRIPTION","modelName":"techSpecsClassificationModel"},"searchOpenDialogs":true},"wdio_ui5_key":"etmportal.ui.managerequests.view.NewRequestsap.m.Text{\"path\":\"/currentEntries/0/PROPERTIES/0\",\"propertyPath\":\"DESCRIPTION\",\"modelName\":\"techSpecsClassificationModel\"}"}]}
RESULT: undefined
COMMAND: POST /session/d94fe9d023155d3f6895aef5421fa61d/execute/async - {"script":"<script> [6424 bytes]","args":[{"element-6066-11e4-a52e-4f735466cecf":"f.95C2E293E0D5F8D5E0F83733146F119E.d.02ECF40D32D0029CFD2A9B8193C75380.e.9132"},"getText",[]]}
RESULT: {"script":"<script> [6424 bytes]","args":[{"element-6066-11e4-a52e-4f735466cecf":"f.95C2E293E0D5F8D5E0F83733146F119E.d.02ECF40D32D0029CFD2A9B8193C75380.e.9132"},"getText",[]]}
COMMAND: POST /session/d94fe9d023155d3f6895aef5421fa61d/execute/async - {"script":"<script> [1562 bytes]","args":[{"selector":{"controlType":"sap.ui.core.Icon","viewName":"etm.portal.ui.managerequests.view.NewRequest","properties":{"src":{"regex":{"source":"slim\\-arrow\\-down"}}},"searchOpenDialogs":true},"wdio_ui5_key":"etmportal.ui.managerequests.view.NewRequestsap.ui.core.Icon{\"src\":{\"regex\":{\"source\":\"slim\\\\-arrow\\\\-down\"}}}"}]}
RESULT: {"script":"<script> [1562 bytes]","args":[{"selector":{"controlType":"sap.ui.core.Icon","viewName":"etm.portal.ui.managerequests.view.NewRequest","properties":{"src":{"regex":{"source":"slim\\-arrow\\-down"}}},"searchOpenDialogs":true},"wdio_ui5_key":"etmportal.ui.managerequests.view.NewRequestsap.ui.core.Icon{\"src\":{\"regex\":{\"source\":\"slim\\\\-arrow\\\\-down\"}}}"}]}
RESULT: undefined
COMMAND: POST /session/d94fe9d023155d3f6895aef5421fa61d/element - {"using":"xpath","value":"//*[@id=\"__box58-arrow\"]"}
RESULT: {"using":"xpath","value":"//*[@id=\"__box58-arrow\"]"}
COMMAND: POST /session/d94fe9d023155d3f6895aef5421fa61d/element/f.95C2E293E0D5F8D5E0F83733146F119E.d.02ECF40D32D0029CFD2A9B8193C75380.e.9133/click - {}
RESULT: {}
COMMAND: POST /session/d94fe9d023155d3f6895aef5421fa61d/execute/async - {"script":"<script> [1562 bytes]","args":[{"selector":{"controlType":"sap.m.StandardListItem","viewName":"etm.portal.ui.managerequests.view.NewRequest","properties":{"title":"blue"},"searchOpenDialogs":true,"interaction":{"idSuffix":"content"}},"wdio_ui5_key":"etmportal.ui.managerequests.view.NewRequestsap.m.StandardListItem{\"title\":\"blue\"}"}]}
COMMAND: GET /session/d94fe9d023155d3f6895aef5421fa61d/screenshot - {}
RESULT: {"script":"<script> [1562 bytes]","args":[{"selector":{"controlType":"sap.m.StandardListItem","viewName":"etm.portal.ui.managerequests.view.NewRequest","properties":{"title":"blue"},"searchOpenDialogs":true,"interaction":{"idSuffix":"content"}},"wdio_ui5_key":"etmportal.ui.managerequests.view.NewRequestsap.m.StandardListItem{\"title\":\"blue\"}"}]}
RESULT: undefined
COMMAND: POST /session/d94fe9d023155d3f6895aef5421fa61d/element - {"using":"xpath","value":"//*[@id=\"__item1254\"]"}
RESULT: {}
RESULT: {"using":"xpath","value":"//*[@id=\"__item1254\"]"}
COMMAND: POST /session/d94fe9d023155d3f6895aef5421fa61d/element/f.95C2E293E0D5F8D5E0F83733146F119E.d.02ECF40D32D0029CFD2A9B8193C75380.e.9135/click - {}
RESULT: {}
COMMAND: GET /session/d94fe9d023155d3f6895aef5421fa61d/screenshot - {}
RESULT: {}
COMMAND: POST /session/d94fe9d023155d3f6895aef5421fa61d/execute/async - {"script":"<script> [1562 bytes]","args":[{"selector":{"id":"saveButton","viewName":"etm.portal.ui.managerequests.view.NewRequest","searchOpenDialogs":true,"interaction":{"idSuffix":"BDI-content"}},"wdio_ui5_key":"saveButtonetmportal.ui.managerequests.view.NewRequest"}]}
RESULT: {"script":"<script> [1562 bytes]","args":[{"selector":{"id":"saveButton","viewName":"etm.portal.ui.managerequests.view.NewRequest","searchOpenDialogs":true,"interaction":{"idSuffix":"BDI-content"}},"wdio_ui5_key":"saveButtonetmportal.ui.managerequests.view.NewRequest"}]}
RESULT: undefined
COMMAND: POST /session/d94fe9d023155d3f6895aef5421fa61d/element - {"using":"xpath","value":"//*[@id=\"__xmlview59--saveButton\"]"}
RESULT: {"using":"xpath","value":"//*[@id=\"__xmlview59--saveButton\"]"}
COMMAND: POST /session/d94fe9d023155d3f6895aef5421fa61d/element/f.95C2E293E0D5F8D5E0F83733146F119E.d.02ECF40D32D0029CFD2A9B8193C75380.e.9130/click - {}
RESULT: {}
COMMAND: POST /session/d94fe9d023155d3f6895aef5421fa61d/execute/async - {"script":"<script> [1562 bytes]","args":[{"selector":{"controlType":"sap.ui.core.Icon","viewName":"etm.portal.ui.managerequests.view.NewRequest","properties":{"src":{"regex":{"source":"slim\\-arrow\\-down"}}},"ancestor":{"controlType":"sap.m.Button","viewName":"etm.portal.ui.managerequests.view.NewRequest","properties":{"icon":"sap-icon://slim-arrow-down"}}},"wdio_ui5_key":"etmportal.ui.managerequests.view.NewRequestsap.ui.core.Icon{\"src\":{\"regex\":{\"source\":\"slim\\\\-arrow\\\\-down\"}}}{\"controlType\":\"sap.m.Button\",\"viewName\":\"etm.portal.ui.managerequests.view.NewRequest\",\"properties\":{\"icon\":\"sap-icon://slim-arrow-down\"}}"}]}
COMMAND: GET /session/d94fe9d023155d3f6895aef5421fa61d/screenshot - {}
RESULT: {"script":"<script> [1562 bytes]","args":[{"selector":{"controlType":"sap.ui.core.Icon","viewName":"etm.portal.ui.managerequests.view.NewRequest","properties":{"src":{"regex":{"source":"slim\\-arrow\\-down"}}},"ancestor":{"controlType":"sap.m.Button","viewName":"etm.portal.ui.managerequests.view.NewRequest","properties":{"icon":"sap-icon://slim-arrow-down"}}},"wdio_ui5_key":"etmportal.ui.managerequests.view.NewRequestsap.ui.core.Icon{\"src\":{\"regex\":{\"source\":\"slim\\\\-arrow\\\\-down\"}}}{\"controlType\":\"sap.m.Button\",\"viewName\":\"etm.portal.ui.managerequests.view.NewRequest\",\"properties\":{\"icon\":\"sap-icon://slim-arrow-down\"}}"}]}
RESULT: undefined
RESULT: {}
COMMAND: POST /session/d94fe9d023155d3f6895aef5421fa61d/element - {"using":"xpath","value":"//div[contains(@data-kt ,\"splitAllocationObjectStatus\")]"}
RESULT: {"using":"xpath","value":"//div[contains(@data-kt ,\"splitAllocationObjectStatus\")]"}
COMMAND: POST /session/d94fe9d023155d3f6895aef5421fa61d/elements - {"using":"xpath","value":"//div[contains(@data-kt ,\"splitAllocationObjectStatus\")]"}
RESULT: {"using":"xpath","value":"//div[contains(@data-kt ,\"splitAllocationObjectStatus\")]"}
COMMAND: POST /session/d94fe9d023155d3f6895aef5421fa61d/execute/async - {"script":"<script> [1562 bytes]","args":[{"selector":{"controlType":"sap.ui.core.Icon","viewName":"etm.portal.ui.managerequests.view.NewRequest","properties":{"src":{"regex":{"source":"message\\-error"}}}},"wdio_ui5_key":"etmportal.ui.managerequests.view.NewRequestsap.ui.core.Icon{\"src\":{\"regex\":{\"source\":\"message\\\\-error\"}}}"}]}
RESULT: {"script":"<script> [1562 bytes]","args":[{"selector":{"controlType":"sap.ui.core.Icon","viewName":"etm.portal.ui.managerequests.view.NewRequest","properties":{"src":{"regex":{"source":"message\\-error"}}}},"wdio_ui5_key":"etmportal.ui.managerequests.view.NewRequestsap.ui.core.Icon{\"src\":{\"regex\":{\"source\":\"message\\\\-error\"}}}"}]}
RESULT: undefined
COMMAND: POST /session/d94fe9d023155d3f6895aef5421fa61d/element - {"using":"xpath","value":"//*[@id=\"__status4-__xmlview59--requestItemsTable-0-icon\"]"}
RESULT: {"using":"xpath","value":"//*[@id=\"__status4-__xmlview59--requestItemsTable-0-icon\"]"}
COMMAND: POST /session/d94fe9d023155d3f6895aef5421fa61d/element/f.95C2E293E0D5F8D5E0F83733146F119E.d.02ECF40D32D0029CFD2A9B8193C75380.e.9138/click - {}
RESULT: {}
COMMAND: POST /session/d94fe9d023155d3f6895aef5421fa61d/execute/async - {"script":"<script> [1562 bytes]","args":[{"selector":{"controlType":"sap.ui.core.Icon","viewName":"etm.portal.ui.managerequests.view.NewRequest","properties":{"src":{"regex":{"source":"slim\\-arrow\\-down"}}},"searchOpenDialogs":true,"ancestor":{"id":"costObjectAdminTypeComboBox","viewName":"etm.portal.ui.managerequests.view.NewRequest","searchOpenDialogs":true}},"wdio_ui5_key":"etmportal.ui.managerequests.view.NewRequestsap.ui.core.Icon{\"src\":{\"regex\":{\"source\":\"slim\\\\-arrow\\\\-down\"}}}{\"id\":\"costObjectAdminTypeComboBox\",\"viewName\":\"etm.portal.ui.managerequests.view.NewRequest\",\"searchOpenDialogs\":true}"}]}
COMMAND: GET /session/d94fe9d023155d3f6895aef5421fa61d/screenshot - {}
RESULT: {"script":"<script> [1562 bytes]","args":[{"selector":{"controlType":"sap.ui.core.Icon","viewName":"etm.portal.ui.managerequests.view.NewRequest","properties":{"src":{"regex":{"source":"slim\\-arrow\\-down"}}},"searchOpenDialogs":true,"ancestor":{"id":"costObjectAdminTypeComboBox","viewName":"etm.portal.ui.managerequests.view.NewRequest","searchOpenDialogs":true}},"wdio_ui5_key":"etmportal.ui.managerequests.view.NewRequestsap.ui.core.Icon{\"src\":{\"regex\":{\"source\":\"slim\\\\-arrow\\\\-down\"}}}{\"id\":\"costObjectAdminTypeComboBox\",\"viewName\":\"etm.portal.ui.managerequests.view.NewRequest\",\"searchOpenDialogs\":true}"}]}
RESULT: undefined
COMMAND: POST /session/d94fe9d023155d3f6895aef5421fa61d/element - {"using":"xpath","value":"//*[@id=\"__xmlview59--costObjectAdminTypeComboBox-arrow\"]"}
RESULT: {}
RESULT: {"using":"xpath","value":"//*[@id=\"__xmlview59--costObjectAdminTypeComboBox-arrow\"]"}
COMMAND: POST /session/d94fe9d023155d3f6895aef5421fa61d/element/f.95C2E293E0D5F8D5E0F83733146F119E.d.02ECF40D32D0029CFD2A9B8193C75380.e.9142/click - {}
RESULT: {}
COMMAND: POST /session/d94fe9d023155d3f6895aef5421fa61d/execute/async - {"script":"<script> [1562 bytes]","args":[{"selector":{"controlType":"sap.m.StandardListItem","viewName":"etm.portal.ui.managerequests.view.NewRequest","properties":{"title":"Cost Center"},"searchOpenDialogs":true,"interaction":{"idSuffix":"titleText"}},"wdio_ui5_key":"etmportal.ui.managerequests.view.NewRequestsap.m.StandardListItem{\"title\":\"Cost Center\"}"}]}
COMMAND: GET /session/d94fe9d023155d3f6895aef5421fa61d/screenshot - {}
RESULT: {"script":"<script> [1562 bytes]","args":[{"selector":{"controlType":"sap.m.StandardListItem","viewName":"etm.portal.ui.managerequests.view.NewRequest","properties":{"title":"Cost Center"},"searchOpenDialogs":true,"interaction":{"idSuffix":"titleText"}},"wdio_ui5_key":"etmportal.ui.managerequests.view.NewRequestsap.m.StandardListItem{\"title\":\"Cost Center\"}"}]}
RESULT: undefined
COMMAND: POST /session/d94fe9d023155d3f6895aef5421fa61d/element - {"using":"xpath","value":"//*[@id=\"__item1257\"]"}
RESULT: {}
RESULT: {"using":"xpath","value":"//*[@id=\"__item1257\"]"}
COMMAND: POST /session/d94fe9d023155d3f6895aef5421fa61d/element/f.95C2E293E0D5F8D5E0F83733146F119E.d.02ECF40D32D0029CFD2A9B8193C75380.e.9145/click - {}
RESULT: {}
COMMAND: POST /session/d94fe9d023155d3f6895aef5421fa61d/execute/async - {"script":"<script> [1562 bytes]","args":[{"selector":{"controlType":"sap.ui.core.Icon","viewName":"etm.portal.ui.managerequests.view.NewRequest","properties":{"src":{"regex":{"source":"value\\-help"}}},"searchOpenDialogs":true},"wdio_ui5_key":"etmportal.ui.managerequests.view.NewRequestsap.ui.core.Icon{\"src\":{\"regex\":{\"source\":\"value\\\\-help\"}}}"}]}
COMMAND: GET /session/d94fe9d023155d3f6895aef5421fa61d/screenshot - {}
RESULT: {"script":"<script> [1562 bytes]","args":[{"selector":{"controlType":"sap.ui.core.Icon","viewName":"etm.portal.ui.managerequests.view.NewRequest","properties":{"src":{"regex":{"source":"value\\-help"}}},"searchOpenDialogs":true},"wdio_ui5_key":"etmportal.ui.managerequests.view.NewRequestsap.ui.core.Icon{\"src\":{\"regex\":{\"source\":\"value\\\\-help\"}}}"}]}
RESULT: undefined
COMMAND: POST /session/d94fe9d023155d3f6895aef5421fa61d/element - {"using":"xpath","value":"//*[@id=\"__xmlview59--costObjectIdComboBox-vhi\"]"}
RESULT: {}
RESULT: {"using":"xpath","value":"//*[@id=\"__xmlview59--costObjectIdComboBox-vhi\"]"}
COMMAND: POST /session/d94fe9d023155d3f6895aef5421fa61d/element/f.95C2E293E0D5F8D5E0F83733146F119E.d.02ECF40D32D0029CFD2A9B8193C75380.e.9149/click - {}
RESULT: {}
COMMAND: POST /session/d94fe9d023155d3f6895aef5421fa61d/execute/async - {"script":"<script> [1562 bytes]","args":[{"selector":{"controlType":"sap.m.SearchField","properties":{"placeholder":"Search"},"searchOpenDialogs":true,"interaction":{"idSuffix":"I"}},"wdio_ui5_key":"sapm.SearchField{\"placeholder\":\"Search\"}"}]}
COMMAND: GET /session/d94fe9d023155d3f6895aef5421fa61d/screenshot - {}
RESULT: {"script":"<script> [1562 bytes]","args":[{"selector":{"controlType":"sap.m.SearchField","properties":{"placeholder":"Search"},"searchOpenDialogs":true,"interaction":{"idSuffix":"I"}},"wdio_ui5_key":"sapm.SearchField{\"placeholder\":\"Search\"}"}]}
RESULT: undefined
COMMAND: POST /session/d94fe9d023155d3f6895aef5421fa61d/execute/async - {"script":"<script> [776 bytes]","args":[{"enterText":"10001010","selector":{"controlType":"sap.m.SearchField","properties":{"placeholder":"Search"},"searchOpenDialogs":true,"interaction":{"idSuffix":"I"}},"clearTextFirst":true,"interactionType":"ENTER_TEXT"}]}
RESULT: {}
RESULT: {"script":"<script> [776 bytes]","args":[{"enterText":"10001010","selector":{"controlType":"sap.m.SearchField","properties":{"placeholder":"Search"},"searchOpenDialogs":true,"interaction":{"idSuffix":"I"}},"clearTextFirst":true,"interactionType":"ENTER_TEXT"}]}
COMMAND: POST /session/d94fe9d023155d3f6895aef5421fa61d/actions - {"actions":[{"id":"action54","type":"key","parameters":{},"actions":[{"type":"keyDown","value":"î€‡"},{"type":"pause","duration":10},{"type":"keyUp","value":"î€‡"}]}]}
RESULT: {"actions":[{"id":"action54","type":"key","parameters":{},"actions":[{"type":"keyDown","value":"î€‡"},{"type":"pause","duration":10},{"type":"keyUp","value":"î€‡"}]}]}
COMMAND: GET /session/d94fe9d023155d3f6895aef5421fa61d/screenshot - {}
RESULT: {}
COMMAND: POST /session/d94fe9d023155d3f6895aef5421fa61d/execute/async - {"script":"<script> [1562 bytes]","args":[{"selector":{"controlType":"sap.m.Text","bindingPath":{"path":"/C_CostCtrValueHelp(CostCenter='10001010',ControllingArea='Z001')","propertyPath":"CostCenterName","modelName":"CostCenterModel"},"searchOpenDialogs":true},"wdio_ui5_key":"sapm.Text{\"path\":\"/C_CostCtrValueHelp(CostCenter='10001010',ControllingArea='Z001')\",\"propertyPath\":\"CostCenterName\",\"modelName\":\"CostCenterModel\"}"}]}
RESULT: {"script":"<script> [1562 bytes]","args":[{"selector":{"controlType":"sap.m.Text","bindingPath":{"path":"/C_CostCtrValueHelp(CostCenter='10001010',ControllingArea='Z001')","propertyPath":"CostCenterName","modelName":"CostCenterModel"},"searchOpenDialogs":true},"wdio_ui5_key":"sapm.Text{\"path\":\"/C_CostCtrValueHelp(CostCenter='10001010',ControllingArea='Z001')\",\"propertyPath\":\"CostCenterName\",\"modelName\":\"CostCenterModel\"}"}]}
RESULT: undefined
COMMAND: POST /session/d94fe9d023155d3f6895aef5421fa61d/element - {"using":"xpath","value":"//*[@id=\"__text543-__clone1467\"]"}
RESULT: {"using":"xpath","value":"//*[@id=\"__text543-__clone1467\"]"}
COMMAND: POST /session/d94fe9d023155d3f6895aef5421fa61d/element/f.95C2E293E0D5F8D5E0F83733146F119E.d.02ECF40D32D0029CFD2A9B8193C75380.e.9190/click - {}
RESULT: {}
COMMAND: POST /session/d94fe9d023155d3f6895aef5421fa61d/execute/async - {"script":"<script> [1562 bytes]","args":[{"selector":{"controlType":"sap.m.Button","properties":{"text":"OK"},"searchOpenDialogs":true,"interaction":{"idSuffix":"BDI-content"}},"wdio_ui5_key":"sapm.Button{\"text\":\"OK\"}"}]}
COMMAND: GET /session/d94fe9d023155d3f6895aef5421fa61d/screenshot - {}
RESULT: {"script":"<script> [1562 bytes]","args":[{"selector":{"controlType":"sap.m.Button","properties":{"text":"OK"},"searchOpenDialogs":true,"interaction":{"idSuffix":"BDI-content"}},"wdio_ui5_key":"sapm.Button{\"text\":\"OK\"}"}]}
RESULT: undefined
COMMAND: POST /session/d94fe9d023155d3f6895aef5421fa61d/element - {"using":"xpath","value":"//*[@id=\"__dialog2-ok\"]"}
RESULT: {}
RESULT: {"using":"xpath","value":"//*[@id=\"__dialog2-ok\"]"}
COMMAND: POST /session/d94fe9d023155d3f6895aef5421fa61d/element/f.95C2E293E0D5F8D5E0F83733146F119E.d.02ECF40D32D0029CFD2A9B8193C75380.e.9192/click - {}
RESULT: {}
COMMAND: GET /session/d94fe9d023155d3f6895aef5421fa61d/screenshot - {}
RESULT: {}
COMMAND: POST /session/d94fe9d023155d3f6895aef5421fa61d/execute/async - {"script":"<script> [1562 bytes]","args":[{"selector":{"controlType":"sap.m.Button","viewName":"etm.portal.ui.managerequests.view.NewRequest","i18NText":{"propertyName":"text","key":"save"},"searchOpenDialogs":true,"interaction":{"idSuffix":"BDI-content"}},"wdio_ui5_key":"etmportal.ui.managerequests.view.NewRequestsap.m.Button{\"propertyName\":\"text\",\"key\":\"save\"}"}]}
RESULT: {"script":"<script> [1562 bytes]","args":[{"selector":{"controlType":"sap.m.Button","viewName":"etm.portal.ui.managerequests.view.NewRequest","i18NText":{"propertyName":"text","key":"save"},"searchOpenDialogs":true,"interaction":{"idSuffix":"BDI-content"}},"wdio_ui5_key":"etmportal.ui.managerequests.view.NewRequestsap.m.Button{\"propertyName\":\"text\",\"key\":\"save\"}"}]}
RESULT: undefined
COMMAND: POST /session/d94fe9d023155d3f6895aef5421fa61d/element - {"using":"xpath","value":"//*[@id=\"__button91\"]"}
RESULT: {"using":"xpath","value":"//*[@id=\"__button91\"]"}
COMMAND: POST /session/d94fe9d023155d3f6895aef5421fa61d/element/f.95C2E293E0D5F8D5E0F83733146F119E.d.02ECF40D32D0029CFD2A9B8193C75380.e.9196/click - {}
RESULT: {}
COMMAND: GET /session/d94fe9d023155d3f6895aef5421fa61d/screenshot - {}
RESULT: {}
COMMAND: POST /session/d94fe9d023155d3f6895aef5421fa61d/execute/async - {"script":"<script> [1562 bytes]","args":[{"selector":{"controlType":"sap.m.Button","viewName":"etm.portal.ui.managerequests.view.NewRequest","i18NText":{"propertyName":"tooltip","key":"save"},"interaction":{"idSuffix":"content"}},"wdio_ui5_key":"etmportal.ui.managerequests.view.NewRequestsap.m.Button{\"propertyName\":\"tooltip\",\"key\":\"save\"}"}]}
RESULT: {"script":"<script> [1562 bytes]","args":[{"selector":{"controlType":"sap.m.Button","viewName":"etm.portal.ui.managerequests.view.NewRequest","i18NText":{"propertyName":"tooltip","key":"save"},"interaction":{"idSuffix":"content"}},"wdio_ui5_key":"etmportal.ui.managerequests.view.NewRequestsap.m.Button{\"propertyName\":\"tooltip\",\"key\":\"save\"}"}]}
RESULT: undefined
COMMAND: POST /session/d94fe9d023155d3f6895aef5421fa61d/element - {"using":"xpath","value":"//*[@id=\"__button80\"]"}
RESULT: {"using":"xpath","value":"//*[@id=\"__button80\"]"}
COMMAND: POST /session/d94fe9d023155d3f6895aef5421fa61d/element/f.95C2E293E0D5F8D5E0F83733146F119E.d.02ECF40D32D0029CFD2A9B8193C75380.e.9050/click - {}
RESULT: {}
COMMAND: GET /session/d94fe9d023155d3f6895aef5421fa61d/screenshot - {}
RESULT: {}
COMMAND: POST /session/d94fe9d023155d3f6895aef5421fa61d/execute/async - {"script":"<script> [1562 bytes]","args":[{"selector":{"controlType":"sap.m.Title","properties":{"text":"Success"},"searchOpenDialogs":true},"wdio_ui5_key":"sapm.Title{\"text\":\"Success\"}"}]}
RESULT: {"script":"<script> [1562 bytes]","args":[{"selector":{"controlType":"sap.m.Title","properties":{"text":"Success"},"searchOpenDialogs":true},"wdio_ui5_key":"sapm.Title{\"text\":\"Success\"}"}]}
RESULT: undefined
COMMAND: POST /session/d94fe9d023155d3f6895aef5421fa61d/execute/async - {"script":"<script> [6424 bytes]","args":[{"element-6066-11e4-a52e-4f735466cecf":"f.95C2E293E0D5F8D5E0F83733146F119E.d.02ECF40D32D0029CFD2A9B8193C75380.e.9201"},"getText",[]]}
RESULT: {"script":"<script> [6424 bytes]","args":[{"element-6066-11e4-a52e-4f735466cecf":"f.95C2E293E0D5F8D5E0F83733146F119E.d.02ECF40D32D0029CFD2A9B8193C75380.e.9201"},"getText",[]]}
COMMAND: POST /session/d94fe9d023155d3f6895aef5421fa61d/execute/async - {"script":"<script> [1562 bytes]","args":[{"selector":{"controlType":"sap.m.Button","properties":{"text":"Close"},"searchOpenDialogs":true,"interaction":{"idSuffix":"BDI-content"}},"wdio_ui5_key":"sapm.Button{\"text\":\"Close\"}"}]}
RESULT: {"script":"<script> [1562 bytes]","args":[{"selector":{"controlType":"sap.m.Button","properties":{"text":"Close"},"searchOpenDialogs":true,"interaction":{"idSuffix":"BDI-content"}},"wdio_ui5_key":"sapm.Button{\"text\":\"Close\"}"}]}
RESULT: undefined
COMMAND: POST /session/d94fe9d023155d3f6895aef5421fa61d/element - {"using":"xpath","value":"//*[@id=\"__mbox-btn-0\"]"}
RESULT: {"using":"xpath","value":"//*[@id=\"__mbox-btn-0\"]"}
COMMAND: POST /session/d94fe9d023155d3f6895aef5421fa61d/element/f.95C2E293E0D5F8D5E0F83733146F119E.d.02ECF40D32D0029CFD2A9B8193C75380.e.9200/click - {}
RESULT: {}
COMMAND: GET /session/d94fe9d023155d3f6895aef5421fa61d/screenshot - {}
RESULT: {}
COMMAND: POST /session/d94fe9d023155d3f6895aef5421fa61d/execute/async - {"script":"<script> [1562 bytes]","args":[{"selector":{"controlType":"sap.m.Button","viewName":"etm.portal.ui.managerequests.view.Detail","i18NText":{"propertyName":"text","key":"requestSpecifications"},"interaction":{"idSuffix":"BDI-content"}},"wdio_ui5_key":"etmportal.ui.managerequests.view.Detailsap.m.Button{\"propertyName\":\"text\",\"key\":\"requestSpecifications\"}"}]}
RESULT: {"script":"<script> [1562 bytes]","args":[{"selector":{"controlType":"sap.m.Button","viewName":"etm.portal.ui.managerequests.view.Detail","i18NText":{"propertyName":"text","key":"requestSpecifications"},"interaction":{"idSuffix":"BDI-content"}},"wdio_ui5_key":"etmportal.ui.managerequests.view.Detailsap.m.Button{\"propertyName\":\"text\",\"key\":\"requestSpecifications\"}"}]}
RESULT: undefined
COMMAND: POST /session/d94fe9d023155d3f6895aef5421fa61d/element - {"using":"xpath","value":"//*[@id=\"__button107-__clone1506\"]"}
RESULT: {"using":"xpath","value":"//*[@id=\"__button107-__clone1506\"]"}
COMMAND: POST /session/d94fe9d023155d3f6895aef5421fa61d/element/f.95C2E293E0D5F8D5E0F83733146F119E.d.02ECF40D32D0029CFD2A9B8193C75380.e.9315/click - {}
RESULT: {}
COMMAND: GET /session/d94fe9d023155d3f6895aef5421fa61d/screenshot - {}
RESULT: {}
COMMAND: POST /session/d94fe9d023155d3f6895aef5421fa61d/element - {"using":"xpath","value":"//input[@value=\"blue\"]"}
RESULT: {"using":"xpath","value":"//input[@value=\"blue\"]"}
COMMAND: POST /session/d94fe9d023155d3f6895aef5421fa61d/elements - {"using":"xpath","value":"//input[@value=\"blue\"]"}
RESULT: {"using":"xpath","value":"//input[@value=\"blue\"]"}
COMMAND: POST /session/d94fe9d023155d3f6895aef5421fa61d/execute/async - {"script":"<script> [1562 bytes]","args":[{"selector":{"id":"cancelRequestSpecificationsButton","viewName":"etm.portal.ui.managerequests.view.Detail","searchOpenDialogs":true,"interaction":{"idSuffix":"BDI-content"}},"wdio_ui5_key":"cancelRequestSpecificationsButtonetmportal.ui.managerequests.view.Detail"}]}
RESULT: {"script":"<script> [1562 bytes]","args":[{"selector":{"id":"cancelRequestSpecificationsButton","viewName":"etm.portal.ui.managerequests.view.Detail","searchOpenDialogs":true,"interaction":{"idSuffix":"BDI-content"}},"wdio_ui5_key":"cancelRequestSpecificationsButtonetmportal.ui.managerequests.view.Detail"}]}
RESULT: undefined
COMMAND: POST /session/d94fe9d023155d3f6895aef5421fa61d/element - {"using":"xpath","value":"//*[@id=\"__xmlview60--cancelRequestSpecificationsButton\"]"}
RESULT: {"using":"xpath","value":"//*[@id=\"__xmlview60--cancelRequestSpecificationsButton\"]"}
COMMAND: POST /session/d94fe9d023155d3f6895aef5421fa61d/element/f.95C2E293E0D5F8D5E0F83733146F119E.d.02ECF40D32D0029CFD2A9B8193C75380.e.9328/click - {}
RESULT: {}
COMMAND: GET /session/d94fe9d023155d3f6895aef5421fa61d/screenshot - {}
COMMAND: POST /session/d94fe9d023155d3f6895aef5421fa61d/element - {"using":"css selector","value":"#shell-header-logo"}
RESULT: {}
RESULT: {"using":"css selector","value":"#shell-header-logo"}
COMMAND: POST /session/d94fe9d023155d3f6895aef5421fa61d/element/f.95C2E293E0D5F8D5E0F83733146F119E.d.02ECF40D32D0029CFD2A9B8193C75380.e.8659/click - {}
RESULT: {}
COMMAND: GET /session/d94fe9d023155d3f6895aef5421fa61d/screenshot - {}
RESULT: {}
]]></system-out>
    </testcase>
  </testsuite>
  <testsuite timestamp="2025-04-24T16:01:24" time="293.237" tests="3" failures="0" errors="0" skipped="0">
    <properties>
      <property name="specId" value="0" />
      <property name="suiteName" value="Reserve/Unreserve request item via reserve option US139161" />
      <property name="capabilities" value="chrome.135_0_7049_96.windows" />
      <property name="file" value="file:///D:/a/1/s/test/specs/R2C/reserve-unreserve-request-item-via-reserve-option.spec.js" />
    </properties>
    <testcase classname="chrome.135_0_7049_96.windows.Reserve/Unreserve_request_item_via_reserve_option_US139161" name="Should add the material to the catalog item" time="58.498">
      <system-out><![CDATA[
COMMAND: POST /session/d94fe9d023155d3f6895aef5421fa61d/element - {"using":"xpath","value":"//*[contains(@href, 'etm.portal.ui.managecatalogs')]"}
RESULT: {"using":"xpath","value":"//*[contains(@href, 'etm.portal.ui.managecatalogs')]"}
COMMAND: POST /session/d94fe9d023155d3f6895aef5421fa61d/element/f.95C2E293E0D5F8D5E0F83733146F119E.d.02ECF40D32D0029CFD2A9B8193C75380.e.9335/click - {}
RESULT: {}
COMMAND: GET /session/d94fe9d023155d3f6895aef5421fa61d/screenshot - {}
RESULT: {}
COMMAND: POST /session/d94fe9d023155d3f6895aef5421fa61d/execute/async - {"script":"<script> [1562 bytes]","args":[{"selector":{"controlType":"sap.m.Text","viewName":"etm.portal.ui.managecatalogs.view.MasterCatalogs","viewId":"application-managecatalogs-display-component---masterCatalogs","bindingPath":{"path":"/Catalogs('0D7502D073D53A0F1700BE067B89AFF9')","propertyPath":"DESCRIPTION","modelName":"catalogModel"}},"wdio_ui5_key":"etmportal.ui.managecatalogs.view.MasterCatalogssap.m.Text{\"path\":\"/Catalogs('0D7502D073D53A0F1700BE067B89AFF9')\",\"propertyPath\":\"DESCRIPTION\",\"modelName\":\"catalogModel\"}"}]}
RESULT: {"script":"<script> [1562 bytes]","args":[{"selector":{"controlType":"sap.m.Text","viewName":"etm.portal.ui.managecatalogs.view.MasterCatalogs","viewId":"application-managecatalogs-display-component---masterCatalogs","bindingPath":{"path":"/Catalogs('0D7502D073D53A0F1700BE067B89AFF9')","propertyPath":"DESCRIPTION","modelName":"catalogModel"}},"wdio_ui5_key":"etmportal.ui.managecatalogs.view.MasterCatalogssap.m.Text{\"path\":\"/Catalogs('0D7502D073D53A0F1700BE067B89AFF9')\",\"propertyPath\":\"DESCRIPTION\",\"modelName\":\"catalogModel\"}"}]}
RESULT: undefined
COMMAND: POST /session/d94fe9d023155d3f6895aef5421fa61d/element - {"using":"xpath","value":"//*[@id=\"__text678-application-managecatalogs-display-component---masterCatalogs--CatalogsTable-11\"]"}
RESULT: {"using":"xpath","value":"//*[@id=\"__text678-application-managecatalogs-display-component---masterCatalogs--CatalogsTable-11\"]"}
COMMAND: POST /session/d94fe9d023155d3f6895aef5421fa61d/element/f.95C2E293E0D5F8D5E0F83733146F119E.d.02ECF40D32D0029CFD2A9B8193C75380.e.9404/click - {}
RESULT: {}
RESULT: undefined
COMMAND: POST /session/d94fe9d023155d3f6895aef5421fa61d/execute/async - {"script":"<script> [776 bytes]","args":[{"enterText":"catalogItemg30go","selector":{"id":"application-managecatalogs-display-component---masterCatalogItems--searchItemsField","interaction":{"idSuffix":"I"}},"clearTextFirst":true,"interactionType":"ENTER_TEXT"}]}
COMMAND: GET /session/d94fe9d023155d3f6895aef5421fa61d/screenshot - {}
RESULT: {"script":"<script> [776 bytes]","args":[{"enterText":"catalogItemg30go","selector":{"id":"application-managecatalogs-display-component---masterCatalogItems--searchItemsField","interaction":{"idSuffix":"I"}},"clearTextFirst":true,"interactionType":"ENTER_TEXT"}]}
COMMAND: POST /session/d94fe9d023155d3f6895aef5421fa61d/actions - {"actions":[{"id":"action55","type":"key","parameters":{},"actions":[{"type":"keyDown","value":"î€‡"},{"type":"pause","duration":10},{"type":"keyUp","value":"î€‡"}]}]}
RESULT: {}
RESULT: {"actions":[{"id":"action55","type":"key","parameters":{},"actions":[{"type":"keyDown","value":"î€‡"},{"type":"pause","duration":10},{"type":"keyUp","value":"î€‡"}]}]}
COMMAND: POST /session/d94fe9d023155d3f6895aef5421fa61d/element - {"using":"xpath","value":"(//span[contains(text(), \"catalogItemg30go\")])[1]"}
COMMAND: GET /session/d94fe9d023155d3f6895aef5421fa61d/screenshot - {}
RESULT: {"using":"xpath","value":"(//span[contains(text(), \"catalogItemg30go\")])[1]"}
COMMAND: POST /session/d94fe9d023155d3f6895aef5421fa61d/element/f.95C2E293E0D5F8D5E0F83733146F119E.d.02ECF40D32D0029CFD2A9B8193C75380.e.9442/click - {}
RESULT: {}
RESULT: {}
COMMAND: GET /session/d94fe9d023155d3f6895aef5421fa61d/screenshot - {}
RESULT: {}
COMMAND: POST /session/d94fe9d023155d3f6895aef5421fa61d/element - {"using":"xpath","value":"//*[contains(@id ,\"BDI-content\")][contains(text(), \"Edit\")]"}
RESULT: {"using":"xpath","value":"//*[contains(@id ,\"BDI-content\")][contains(text(), \"Edit\")]"}
COMMAND: POST /session/d94fe9d023155d3f6895aef5421fa61d/element/f.95C2E293E0D5F8D5E0F83733146F119E.d.02ECF40D32D0029CFD2A9B8193C75380.e.9524/click - {}
RESULT: {}
COMMAND: GET /session/d94fe9d023155d3f6895aef5421fa61d/screenshot - {}
RESULT: {}
COMMAND: POST /session/d94fe9d023155d3f6895aef5421fa61d/element - {"using":"xpath","value":"//bdi[contains(text(), \"Assigned Resources\")]"}
RESULT: {"using":"xpath","value":"//bdi[contains(text(), \"Assigned Resources\")]"}
COMMAND: POST /session/d94fe9d023155d3f6895aef5421fa61d/element/f.95C2E293E0D5F8D5E0F83733146F119E.d.02ECF40D32D0029CFD2A9B8193C75380.e.9541/click - {}
RESULT: {}
COMMAND: GET /session/d94fe9d023155d3f6895aef5421fa61d/screenshot - {}
RESULT: {}
COMMAND: POST /session/d94fe9d023155d3f6895aef5421fa61d/element - {"using":"xpath","value":"//button[contains(@data-kt ,\"catalogItemAssignRuButton\")]"}
RESULT: {"using":"xpath","value":"//button[contains(@data-kt ,\"catalogItemAssignRuButton\")]"}
COMMAND: POST /session/d94fe9d023155d3f6895aef5421fa61d/element/f.95C2E293E0D5F8D5E0F83733146F119E.d.02ECF40D32D0029CFD2A9B8193C75380.e.9547/click - {}
RESULT: {}
COMMAND: GET /session/d94fe9d023155d3f6895aef5421fa61d/screenshot - {}
RESULT: {}
COMMAND: POST /session/d94fe9d023155d3f6895aef5421fa61d/actions - {"actions":[{"id":"action56","type":"key","parameters":{},"actions":[{"type":"keyDown","value":"î€‡"},{"type":"pause","duration":10},{"type":"keyUp","value":"î€‡"}]}]}
RESULT: {"actions":[{"id":"action56","type":"key","parameters":{},"actions":[{"type":"keyDown","value":"î€‡"},{"type":"pause","duration":10},{"type":"keyUp","value":"î€‡"}]}]}
COMMAND: GET /session/d94fe9d023155d3f6895aef5421fa61d/screenshot - {}
RESULT: {}
COMMAND: POST /session/d94fe9d023155d3f6895aef5421fa61d/execute/async - {"script":"<script> [1562 bytes]","args":[{"selector":{"id":"application-managecatalogs-display-component---detailCatalog--assignRUSearchField-vhi","searchOpenDialogs":true},"wdio_ui5_key":"applicationmanagecatalogs-display-component---detailCatalog--assignRUSearchField-vhi"}]}
RESULT: {"script":"<script> [1562 bytes]","args":[{"selector":{"id":"application-managecatalogs-display-component---detailCatalog--assignRUSearchField-vhi","searchOpenDialogs":true},"wdio_ui5_key":"applicationmanagecatalogs-display-component---detailCatalog--assignRUSearchField-vhi"}]}
RESULT: undefined
COMMAND: POST /session/d94fe9d023155d3f6895aef5421fa61d/element - {"using":"xpath","value":"//*[@id=\"application-managecatalogs-display-component---detailCatalog--assignRUSearchField-vhi\"]"}
RESULT: {"using":"xpath","value":"//*[@id=\"application-managecatalogs-display-component---detailCatalog--assignRUSearchField-vhi\"]"}
COMMAND: POST /session/d94fe9d023155d3f6895aef5421fa61d/element/f.95C2E293E0D5F8D5E0F83733146F119E.d.02ECF40D32D0029CFD2A9B8193C75380.e.9563/click - {}
RESULT: {}
COMMAND: GET /session/d94fe9d023155d3f6895aef5421fa61d/screenshot - {}
RESULT: {}
COMMAND: POST /session/d94fe9d023155d3f6895aef5421fa61d/element - {"using":"xpath","value":"//input[contains(@id ,\"searchField-I\")]"}
RESULT: {"using":"xpath","value":"//input[contains(@id ,\"searchField-I\")]"}
COMMAND: POST /session/d94fe9d023155d3f6895aef5421fa61d/element/f.95C2E293E0D5F8D5E0F83733146F119E.d.02ECF40D32D0029CFD2A9B8193C75380.e.9567/clear - {}
RESULT: {}
COMMAND: POST /session/d94fe9d023155d3f6895aef5421fa61d/element/f.95C2E293E0D5F8D5E0F83733146F119E.d.02ECF40D32D0029CFD2A9B8193C75380.e.9567/value - {"text":"WebdriverRUR2Ctc0k2"}
COMMAND: GET /session/d94fe9d023155d3f6895aef5421fa61d/screenshot - {}
RESULT: {"text":"WebdriverRUR2Ctc0k2"}
COMMAND: GET /session/d94fe9d023155d3f6895aef5421fa61d/screenshot - {}
RESULT: {}
RESULT: {}
COMMAND: POST /session/d94fe9d023155d3f6895aef5421fa61d/actions - {"actions":[{"id":"action57","type":"key","parameters":{},"actions":[{"type":"keyDown","value":"î€‡"},{"type":"pause","duration":10},{"type":"keyUp","value":"î€‡"}]}]}
RESULT: {"actions":[{"id":"action57","type":"key","parameters":{},"actions":[{"type":"keyDown","value":"î€‡"},{"type":"pause","duration":10},{"type":"keyUp","value":"î€‡"}]}]}
COMMAND: GET /session/d94fe9d023155d3f6895aef5421fa61d/screenshot - {}
RESULT: {}
COMMAND: POST /session/d94fe9d023155d3f6895aef5421fa61d/actions - {"actions":[{"id":"action58","type":"key","parameters":{},"actions":[{"type":"keyDown","value":"î€„"},{"type":"pause","duration":10},{"type":"keyUp","value":"î€„"}]}]}
RESULT: {"actions":[{"id":"action58","type":"key","parameters":{},"actions":[{"type":"keyDown","value":"î€„"},{"type":"pause","duration":10},{"type":"keyUp","value":"î€„"}]}]}
COMMAND: GET /session/d94fe9d023155d3f6895aef5421fa61d/screenshot - {}
RESULT: {}
COMMAND: POST /session/d94fe9d023155d3f6895aef5421fa61d/actions - {"actions":[{"id":"action59","type":"key","parameters":{},"actions":[{"type":"keyDown","value":"î€‡"},{"type":"pause","duration":10},{"type":"keyUp","value":"î€‡"}]}]}
RESULT: {"actions":[{"id":"action59","type":"key","parameters":{},"actions":[{"type":"keyDown","value":"î€‡"},{"type":"pause","duration":10},{"type":"keyUp","value":"î€‡"}]}]}
COMMAND: GET /session/d94fe9d023155d3f6895aef5421fa61d/screenshot - {}
RESULT: {}
COMMAND: POST /session/d94fe9d023155d3f6895aef5421fa61d/element - {"using":"xpath","value":"//bdi[contains(@id ,\"application-managecatalogs-display-component---detailCatalog--RUAssignmentSaveButton-BDI-content\")]"}
RESULT: {"using":"xpath","value":"//bdi[contains(@id ,\"application-managecatalogs-display-component---detailCatalog--RUAssignmentSaveButton-BDI-content\")]"}
COMMAND: POST /session/d94fe9d023155d3f6895aef5421fa61d/element/f.95C2E293E0D5F8D5E0F83733146F119E.d.02ECF40D32D0029CFD2A9B8193C75380.e.9582/click - {}
RESULT: {}
COMMAND: GET /session/d94fe9d023155d3f6895aef5421fa61d/screenshot - {}
RESULT: {}
COMMAND: POST /session/d94fe9d023155d3f6895aef5421fa61d/element - {"using":"xpath","value":"//bdi[contains(text(), \"Save\")]"}
RESULT: {"using":"xpath","value":"//bdi[contains(text(), \"Save\")]"}
COMMAND: POST /session/d94fe9d023155d3f6895aef5421fa61d/element/f.95C2E293E0D5F8D5E0F83733146F119E.d.02ECF40D32D0029CFD2A9B8193C75380.e.9610/click - {}
RESULT: {}
COMMAND: GET /session/d94fe9d023155d3f6895aef5421fa61d/screenshot - {}
RESULT: {}
COMMAND: POST /session/d94fe9d023155d3f6895aef5421fa61d/element - {"using":"css selector","value":"#shell-header-logo"}
RESULT: {"using":"css selector","value":"#shell-header-logo"}
COMMAND: POST /session/d94fe9d023155d3f6895aef5421fa61d/element/f.95C2E293E0D5F8D5E0F83733146F119E.d.02ECF40D32D0029CFD2A9B8193C75380.e.9339/click - {}
RESULT: {}
COMMAND: GET /session/d94fe9d023155d3f6895aef5421fa61d/screenshot - {}
RESULT: {}
]]></system-out>
    </testcase>
    <testcase classname="chrome.135_0_7049_96.windows.Reserve/Unreserve_request_item_via_reserve_option_US139161" name="Should create a new request with a catalog item that can be planned" time="139.147">
      <system-out><![CDATA[
COMMAND: POST /session/d94fe9d023155d3f6895aef5421fa61d/element - {"using":"xpath","value":"//*[contains(@href, 'etm.portal.ui.managerequests')]"}
RESULT: {"using":"xpath","value":"//*[contains(@href, 'etm.portal.ui.managerequests')]"}
COMMAND: POST /session/d94fe9d023155d3f6895aef5421fa61d/element/f.95C2E293E0D5F8D5E0F83733146F119E.d.02ECF40D32D0029CFD2A9B8193C75380.e.8653/click - {}
RESULT: {}
COMMAND: GET /session/d94fe9d023155d3f6895aef5421fa61d/screenshot - {}
RESULT: {}
COMMAND: POST /session/d94fe9d023155d3f6895aef5421fa61d/refresh - {}
RESULT: {}
COMMAND: GET /session/d94fe9d023155d3f6895aef5421fa61d/screenshot - {}
RESULT: {}
COMMAND: POST /session/d94fe9d023155d3f6895aef5421fa61d/execute/async - {"script":"<script> [189 bytes]","args":[]}
RESULT: {"script":"<script> [189 bytes]","args":[]}
COMMAND: POST /session/d94fe9d023155d3f6895aef5421fa61d/execute/async - {"script":"<script> [123 bytes]","args":[]}
RESULT: {"script":"<script> [123 bytes]","args":[]}
COMMAND: POST /session/d94fe9d023155d3f6895aef5421fa61d/timeouts - {"script":"<number>"}
RESULT: {"script":"<number>"}
COMMAND: GET /session/d94fe9d023155d3f6895aef5421fa61d/timeouts - {}
RESULT: {}
RESULT: undefined
COMMAND: POST /session/d94fe9d023155d3f6895aef5421fa61d/execute/async - {"script":"<script> [2676 bytes]","args":[]}
RESULT: {"script":"<script> [2676 bytes]","args":[]}
COMMAND: POST /session/d94fe9d023155d3f6895aef5421fa61d/execute/async - {"script":"<script> [2342 bytes]","args":[{"protocol":"http","hostname":"0.0.0.0","path":"/","capabilities":{"browserName":"chrome","goog:chromeOptions":{"binary":"C:\\Program Files\\Google\\Chrome\\Application\\chrome.exe","args":["--start-maximized"]}},"logLevel":"warn","connectionRetryTimeout":120000,"connectionRetryCount":3,"logLevels":{},"enableDirectConnect":true,"strictSSL":true,"_":"65 more keys: [\"cacheDir\",\"port\",\"requestedCapabilities\",\"automationProtocol\",\"baseUrl\",\"waitforInterval\",\"waitforTimeout\",\"onReload\",\"beforeCommand\",\"afterCommand\",\"rootDir\",\"specs\",\"suites\",\"exclude\",\"groupLogsByTestSpec\",\"excludeDriverLogs\",\"bail\",\"framework\",\"reporters\",\"services\",\"maxInstances\",\"maxInstancesPerCapability\",\"injectGlobals\",\"filesToWatch\",\"execArgv\",\"runnerEnv\",\"runner\",\"shard\",\"specFileRetries\",\"specFileRetriesDelay\",\"specFileRetriesDeferred\",\"reporterSyncInterval\",\"reporterSyncTimeout\",\"cucumberFeaturesWithLineNumbers\",\"autoCompileOpts\",\"mochaOpts\",\"jasmineOpts\",\"cucumberOpts\",\"onPrepare\",\"onWorkerStart\",\"onWorkerEnd\",\"before\",\"beforeSession\",\"beforeSuite\",\"beforeHook\",\"beforeTest\",\"afterTest\",\"afterHook\",\"afterSuite\",\"afterSession\",\"after\",\"onComplete\",\"beforeAssertion\",\"afterAssertion\",\"beforeFeature\",\"beforeScenario\",\"beforeStep\",\"afterStep\",\"afterScenario\",\"afterFeature\",\"_\",\"suite\",\"$0\",\"ignoredWorkerServices\",\"wdi5\"]"}]}
RESULT: {"script":"<script> [2342 bytes]","args":[{"protocol":"http","hostname":"0.0.0.0","path":"/","capabilities":{"browserName":"chrome","goog:chromeOptions":{"binary":"C:\\Program Files\\Google\\Chrome\\Application\\chrome.exe","args":["--start-maximized"]}},"logLevel":"warn","connectionRetryTimeout":120000,"connectionRetryCount":3,"logLevels":{},"enableDirectConnect":true,"strictSSL":true,"_":"65 more keys: [\"cacheDir\",\"port\",\"requestedCapabilities\",\"automationProtocol\",\"baseUrl\",\"waitforInterval\",\"waitforTimeout\",\"onReload\",\"beforeCommand\",\"afterCommand\",\"rootDir\",\"specs\",\"suites\",\"exclude\",\"groupLogsByTestSpec\",\"excludeDriverLogs\",\"bail\",\"framework\",\"reporters\",\"services\",\"maxInstances\",\"maxInstancesPerCapability\",\"injectGlobals\",\"filesToWatch\",\"execArgv\",\"runnerEnv\",\"runner\",\"shard\",\"specFileRetries\",\"specFileRetriesDelay\",\"specFileRetriesDeferred\",\"reporterSyncInterval\",\"reporterSyncTimeout\",\"cucumberFeaturesWithLineNumbers\",\"autoCompileOpts\",\"mochaOpts\",\"jasmineOpts\",\"cucumberOpts\",\"onPrepare\",\"onWorkerStart\",\"onWorkerEnd\",\"before\",\"beforeSession\",\"beforeSuite\",\"beforeHook\",\"beforeTest\",\"afterTest\",\"afterHook\",\"afterSuite\",\"afterSession\",\"after\",\"onComplete\",\"beforeAssertion\",\"afterAssertion\",\"beforeFeature\",\"beforeScenario\",\"beforeStep\",\"afterStep\",\"afterScenario\",\"afterFeature\",\"_\",\"suite\",\"$0\",\"ignoredWorkerServices\",\"wdi5\"]"}]}
COMMAND: POST /session/d94fe9d023155d3f6895aef5421fa61d/execute/async - {"script":"<script> [21126 bytes]","args":[35000]}
RESULT: {"script":"<script> [21126 bytes]","args":[35000]}
COMMAND: POST /session/d94fe9d023155d3f6895aef5421fa61d/element - {"using":"xpath","value":"//button[contains(@data-kt ,\"btnCreateNewOverflowToolbarButton\")]"}
COMMAND: POST /session/d94fe9d023155d3f6895aef5421fa61d/element - {"using":"xpath","value":"(//span[contains(@class ,\"sapMObjStatusText\")])[1]"}
RESULT: {"using":"xpath","value":"//button[contains(@data-kt ,\"btnCreateNewOverflowToolbarButton\")]"}
COMMAND: POST /session/d94fe9d023155d3f6895aef5421fa61d/element/f.95C2E293E0D5F8D5E0F83733146F119E.d.D981E78DFFE0E0B74E789F4CFB8A8D09.e.9807/click - {}
RESULT: {"using":"xpath","value":"(//span[contains(@class ,\"sapMObjStatusText\")])[1]"}
COMMAND: POST /session/d94fe9d023155d3f6895aef5421fa61d/execute/sync - {"script":"<script> [8489 bytes]","args":[{"element-6066-11e4-a52e-4f735466cecf":"f.95C2E293E0D5F8D5E0F83733146F119E.d.D981E78DFFE0E0B74E789F4CFB8A8D09.e.9845","ELEMENT":"f.95C2E293E0D5F8D5E0F83733146F119E.d.D981E78DFFE0E0B74E789F4CFB8A8D09.e.9845"}]}
RESULT: {}
COMMAND: GET /session/d94fe9d023155d3f6895aef5421fa61d/screenshot - {}
RESULT: {"script":"<script> [8489 bytes]","args":[{"element-6066-11e4-a52e-4f735466cecf":"f.95C2E293E0D5F8D5E0F83733146F119E.d.D981E78DFFE0E0B74E789F4CFB8A8D09.e.9845","ELEMENT":"f.95C2E293E0D5F8D5E0F83733146F119E.d.D981E78DFFE0E0B74E789F4CFB8A8D09.e.9845"}]}
COMMAND: GET /session/d94fe9d023155d3f6895aef5421fa61d/screenshot - {}
RESULT: {}
RESULT: {}
COMMAND: POST /session/d94fe9d023155d3f6895aef5421fa61d/element - {"using":"xpath","value":"//input[contains(@id ,\"yardId-inner\")]"}
RESULT: {"using":"xpath","value":"//input[contains(@id ,\"yardId-inner\")]"}
COMMAND: POST /session/d94fe9d023155d3f6895aef5421fa61d/execute/sync - {"script":"<script> [8489 bytes]","args":[{"element-6066-11e4-a52e-4f735466cecf":"f.95C2E293E0D5F8D5E0F83733146F119E.d.D981E78DFFE0E0B74E789F4CFB8A8D09.e.10038","ELEMENT":"f.95C2E293E0D5F8D5E0F83733146F119E.d.D981E78DFFE0E0B74E789F4CFB8A8D09.e.10038"}]}
RESULT: {"script":"<script> [8489 bytes]","args":[{"element-6066-11e4-a52e-4f735466cecf":"f.95C2E293E0D5F8D5E0F83733146F119E.d.D981E78DFFE0E0B74E789F4CFB8A8D09.e.10038","ELEMENT":"f.95C2E293E0D5F8D5E0F83733146F119E.d.D981E78DFFE0E0B74E789F4CFB8A8D09.e.10038"}]}
COMMAND: POST /session/d94fe9d023155d3f6895aef5421fa61d/element - {"using":"xpath","value":"//input[contains(@id ,\"yardId-inner\")]"}
COMMAND: GET /session/d94fe9d023155d3f6895aef5421fa61d/screenshot - {}
RESULT: {"using":"xpath","value":"//input[contains(@id ,\"yardId-inner\")]"}
COMMAND: GET /session/d94fe9d023155d3f6895aef5421fa61d/element/f.95C2E293E0D5F8D5E0F83733146F119E.d.D981E78DFFE0E0B74E789F4CFB8A8D09.e.10038/enabled - {}
RESULT: {}
RESULT: {}
COMMAND: POST /session/d94fe9d023155d3f6895aef5421fa61d/element/f.95C2E293E0D5F8D5E0F83733146F119E.d.D981E78DFFE0E0B74E789F4CFB8A8D09.e.10038/clear - {}
COMMAND: GET /session/d94fe9d023155d3f6895aef5421fa61d/screenshot - {}
RESULT: {}
COMMAND: POST /session/d94fe9d023155d3f6895aef5421fa61d/element/f.95C2E293E0D5F8D5E0F83733146F119E.d.D981E78DFFE0E0B74E789F4CFB8A8D09.e.10038/value - {"text":"WebdriverYard2rvq3"}
COMMAND: GET /session/d94fe9d023155d3f6895aef5421fa61d/screenshot - {}
RESULT: {}
RESULT: {"text":"WebdriverYard2rvq3"}
COMMAND: GET /session/d94fe9d023155d3f6895aef5421fa61d/screenshot - {}
RESULT: {}
RESULT: {}
COMMAND: POST /session/d94fe9d023155d3f6895aef5421fa61d/actions - {"actions":[{"id":"action60","type":"key","parameters":{},"actions":[{"type":"keyDown","value":"î€‡"},{"type":"pause","duration":10},{"type":"keyUp","value":"î€‡"}]}]}
RESULT: {"actions":[{"id":"action60","type":"key","parameters":{},"actions":[{"type":"keyDown","value":"î€‡"},{"type":"pause","duration":10},{"type":"keyUp","value":"î€‡"}]}]}
COMMAND: GET /session/d94fe9d023155d3f6895aef5421fa61d/screenshot - {}
COMMAND: POST /session/d94fe9d023155d3f6895aef5421fa61d/element - {"using":"xpath","value":"//input[contains(@id ,\"customerNumber-inner\")]"}
RESULT: {}
RESULT: {"using":"xpath","value":"//input[contains(@id ,\"customerNumber-inner\")]"}
COMMAND: POST /session/d94fe9d023155d3f6895aef5421fa61d/element/f.95C2E293E0D5F8D5E0F83733146F119E.d.D981E78DFFE0E0B74E789F4CFB8A8D09.e.10032/value - {"text":"WebdriverPartnerarg99g"}
RESULT: {"text":"WebdriverPartnerarg99g"}
COMMAND: GET /session/d94fe9d023155d3f6895aef5421fa61d/screenshot - {}
COMMAND: POST /session/d94fe9d023155d3f6895aef5421fa61d/actions - {"actions":[{"id":"action61","type":"key","parameters":{},"actions":[{"type":"keyDown","value":"î€‡"},{"type":"pause","duration":10},{"type":"keyUp","value":"î€‡"}]}]}
RESULT: {}
RESULT: {"actions":[{"id":"action61","type":"key","parameters":{},"actions":[{"type":"keyDown","value":"î€‡"},{"type":"pause","duration":10},{"type":"keyUp","value":"î€‡"}]}]}
COMMAND: GET /session/d94fe9d023155d3f6895aef5421fa61d/screenshot - {}
RESULT: {}
COMMAND: POST /session/d94fe9d023155d3f6895aef5421fa61d/element - {"using":"xpath","value":"//input[contains(@id ,\"requestSiteId-inner\")]"}
RESULT: {"using":"xpath","value":"//input[contains(@id ,\"requestSiteId-inner\")]"}
COMMAND: POST /session/d94fe9d023155d3f6895aef5421fa61d/element/f.95C2E293E0D5F8D5E0F83733146F119E.d.D981E78DFFE0E0B74E789F4CFB8A8D09.e.10031/value - {"text":"WebdriverSitetj17"}
RESULT: {"text":"WebdriverSitetj17"}
COMMAND: GET /session/d94fe9d023155d3f6895aef5421fa61d/screenshot - {}
RESULT: {}
COMMAND: POST /session/d94fe9d023155d3f6895aef5421fa61d/actions - {"actions":[{"id":"action62","type":"key","parameters":{},"actions":[{"type":"keyDown","value":"î€‡"},{"type":"pause","duration":10},{"type":"keyUp","value":"î€‡"}]}]}
RESULT: {"actions":[{"id":"action62","type":"key","parameters":{},"actions":[{"type":"keyDown","value":"î€‡"},{"type":"pause","duration":10},{"type":"keyUp","value":"î€‡"}]}]}
COMMAND: GET /session/d94fe9d023155d3f6895aef5421fa61d/screenshot - {}
RESULT: {}
COMMAND: POST /session/d94fe9d023155d3f6895aef5421fa61d/element - {"using":"xpath","value":"//bdi[contains(text(), \"Items\")]"}
RESULT: {"using":"xpath","value":"//bdi[contains(text(), \"Items\")]"}
COMMAND: POST /session/d94fe9d023155d3f6895aef5421fa61d/element/f.95C2E293E0D5F8D5E0F83733146F119E.d.D981E78DFFE0E0B74E789F4CFB8A8D09.e.10194/click - {}
RESULT: {}
COMMAND: GET /session/d94fe9d023155d3f6895aef5421fa61d/screenshot - {}
RESULT: {}
COMMAND: POST /session/d94fe9d023155d3f6895aef5421fa61d/element - {"using":"xpath","value":"//button[contains(@data-kt ,\"requestItemAddOverflowToolbarButton\")]"}
RESULT: {"using":"xpath","value":"//button[contains(@data-kt ,\"requestItemAddOverflowToolbarButton\")]"}
COMMAND: POST /session/d94fe9d023155d3f6895aef5421fa61d/element/f.95C2E293E0D5F8D5E0F83733146F119E.d.D981E78DFFE0E0B74E789F4CFB8A8D09.e.10010/click - {}
RESULT: {}
COMMAND: GET /session/d94fe9d023155d3f6895aef5421fa61d/screenshot - {}
RESULT: {}
COMMAND: POST /session/d94fe9d023155d3f6895aef5421fa61d/actions - {"actions":[{"id":"action63","type":"key","parameters":{},"actions":[{"type":"keyDown","value":"î€•"},{"type":"pause","duration":10},{"type":"keyUp","value":"î€•"}]}]}
RESULT: {"actions":[{"id":"action63","type":"key","parameters":{},"actions":[{"type":"keyDown","value":"î€•"},{"type":"pause","duration":10},{"type":"keyUp","value":"î€•"}]}]}
COMMAND: POST /session/d94fe9d023155d3f6895aef5421fa61d/actions - {"actions":[{"id":"action64","type":"key","parameters":{},"actions":[{"type":"keyDown","value":"î€‡"},{"type":"pause","duration":10},{"type":"keyUp","value":"î€‡"}]}]}
COMMAND: GET /session/d94fe9d023155d3f6895aef5421fa61d/screenshot - {}
RESULT: {"actions":[{"id":"action64","type":"key","parameters":{},"actions":[{"type":"keyDown","value":"î€‡"},{"type":"pause","duration":10},{"type":"keyUp","value":"î€‡"}]}]}
COMMAND: POST /session/d94fe9d023155d3f6895aef5421fa61d/element - {"using":"xpath","value":"(//input[contains(@id ,\"requestItemsTable-0-inner\")])[1]"}
COMMAND: GET /session/d94fe9d023155d3f6895aef5421fa61d/screenshot - {}
RESULT: {}
RESULT: {"using":"xpath","value":"(//input[contains(@id ,\"requestItemsTable-0-inner\")])[1]"}
COMMAND: POST /session/d94fe9d023155d3f6895aef5421fa61d/element/f.95C2E293E0D5F8D5E0F83733146F119E.d.D981E78DFFE0E0B74E789F4CFB8A8D09.e.10210/clear - {}
RESULT: {}
RESULT: {}
COMMAND: POST /session/d94fe9d023155d3f6895aef5421fa61d/element/f.95C2E293E0D5F8D5E0F83733146F119E.d.D981E78DFFE0E0B74E789F4CFB8A8D09.e.10210/value - {"text":"catalogItemg30go"}
COMMAND: GET /session/d94fe9d023155d3f6895aef5421fa61d/screenshot - {}
RESULT: {"text":"catalogItemg30go"}
COMMAND: GET /session/d94fe9d023155d3f6895aef5421fa61d/screenshot - {}
RESULT: {}
RESULT: {}
COMMAND: POST /session/d94fe9d023155d3f6895aef5421fa61d/actions - {"actions":[{"id":"action65","type":"key","parameters":{},"actions":[{"type":"keyDown","value":"î€‡"},{"type":"pause","duration":10},{"type":"keyUp","value":"î€‡"}]}]}
RESULT: {"actions":[{"id":"action65","type":"key","parameters":{},"actions":[{"type":"keyDown","value":"î€‡"},{"type":"pause","duration":10},{"type":"keyUp","value":"î€‡"}]}]}
COMMAND: GET /session/d94fe9d023155d3f6895aef5421fa61d/screenshot - {}
RESULT: {}
COMMAND: POST /session/d94fe9d023155d3f6895aef5421fa61d/execute/async - {"script":"<script> [1562 bytes]","args":[{"selector":{"controlType":"sap.ui.core.Icon","viewName":"etm.portal.ui.managerequests.view.NewRequest","properties":{"src":{"regex":{"source":"slim\\-arrow\\-down"}}},"ancestor":{"controlType":"sap.m.Button","viewName":"etm.portal.ui.managerequests.view.NewRequest","properties":{"icon":"sap-icon://slim-arrow-down"}}},"wdio_ui5_key":"etmportal.ui.managerequests.view.NewRequestsap.ui.core.Icon{\"src\":{\"regex\":{\"source\":\"slim\\\\-arrow\\\\-down\"}}}{\"controlType\":\"sap.m.Button\",\"viewName\":\"etm.portal.ui.managerequests.view.NewRequest\",\"properties\":{\"icon\":\"sap-icon://slim-arrow-down\"}}"}]}
RESULT: {"script":"<script> [1562 bytes]","args":[{"selector":{"controlType":"sap.ui.core.Icon","viewName":"etm.portal.ui.managerequests.view.NewRequest","properties":{"src":{"regex":{"source":"slim\\-arrow\\-down"}}},"ancestor":{"controlType":"sap.m.Button","viewName":"etm.portal.ui.managerequests.view.NewRequest","properties":{"icon":"sap-icon://slim-arrow-down"}}},"wdio_ui5_key":"etmportal.ui.managerequests.view.NewRequestsap.ui.core.Icon{\"src\":{\"regex\":{\"source\":\"slim\\\\-arrow\\\\-down\"}}}{\"controlType\":\"sap.m.Button\",\"viewName\":\"etm.portal.ui.managerequests.view.NewRequest\",\"properties\":{\"icon\":\"sap-icon://slim-arrow-down\"}}"}]}
RESULT: undefined
COMMAND: POST /session/d94fe9d023155d3f6895aef5421fa61d/element - {"using":"xpath","value":"//*[@id=\"__title4-expandBtn-img\"]"}
RESULT: {"using":"xpath","value":"//*[@id=\"__title4-expandBtn-img\"]"}
COMMAND: POST /session/d94fe9d023155d3f6895aef5421fa61d/element/f.95C2E293E0D5F8D5E0F83733146F119E.d.D981E78DFFE0E0B74E789F4CFB8A8D09.e.10223/click - {}
RESULT: {}
COMMAND: GET /session/d94fe9d023155d3f6895aef5421fa61d/screenshot - {}
RESULT: {}
COMMAND: POST /session/d94fe9d023155d3f6895aef5421fa61d/element - {"using":"xpath","value":"//div[contains(@data-kt ,\"splitAllocationObjectStatus\")]"}
RESULT: {"using":"xpath","value":"//div[contains(@data-kt ,\"splitAllocationObjectStatus\")]"}
COMMAND: POST /session/d94fe9d023155d3f6895aef5421fa61d/elements - {"using":"xpath","value":"//div[contains(@data-kt ,\"splitAllocationObjectStatus\")]"}
RESULT: {"using":"xpath","value":"//div[contains(@data-kt ,\"splitAllocationObjectStatus\")]"}
COMMAND: POST /session/d94fe9d023155d3f6895aef5421fa61d/execute/async - {"script":"<script> [1562 bytes]","args":[{"selector":{"controlType":"sap.ui.core.Icon","viewName":"etm.portal.ui.managerequests.view.NewRequest","properties":{"src":{"regex":{"source":"message\\-error"}}}},"wdio_ui5_key":"etmportal.ui.managerequests.view.NewRequestsap.ui.core.Icon{\"src\":{\"regex\":{\"source\":\"message\\\\-error\"}}}"}]}
RESULT: {"script":"<script> [1562 bytes]","args":[{"selector":{"controlType":"sap.ui.core.Icon","viewName":"etm.portal.ui.managerequests.view.NewRequest","properties":{"src":{"regex":{"source":"message\\-error"}}}},"wdio_ui5_key":"etmportal.ui.managerequests.view.NewRequestsap.ui.core.Icon{\"src\":{\"regex\":{\"source\":\"message\\\\-error\"}}}"}]}
RESULT: undefined
COMMAND: POST /session/d94fe9d023155d3f6895aef5421fa61d/element - {"using":"xpath","value":"//*[@id=\"__status4-__xmlview1--requestItemsTable-0-icon\"]"}
RESULT: {"using":"xpath","value":"//*[@id=\"__status4-__xmlview1--requestItemsTable-0-icon\"]"}
COMMAND: POST /session/d94fe9d023155d3f6895aef5421fa61d/element/f.95C2E293E0D5F8D5E0F83733146F119E.d.D981E78DFFE0E0B74E789F4CFB8A8D09.e.10229/click - {}
RESULT: {}
COMMAND: POST /session/d94fe9d023155d3f6895aef5421fa61d/execute/async - {"script":"<script> [1562 bytes]","args":[{"selector":{"controlType":"sap.ui.core.Icon","viewName":"etm.portal.ui.managerequests.view.NewRequest","properties":{"src":{"regex":{"source":"slim\\-arrow\\-down"}}},"searchOpenDialogs":true,"ancestor":{"id":"costObjectAdminTypeComboBox","viewName":"etm.portal.ui.managerequests.view.NewRequest","searchOpenDialogs":true}},"wdio_ui5_key":"etmportal.ui.managerequests.view.NewRequestsap.ui.core.Icon{\"src\":{\"regex\":{\"source\":\"slim\\\\-arrow\\\\-down\"}}}{\"id\":\"costObjectAdminTypeComboBox\",\"viewName\":\"etm.portal.ui.managerequests.view.NewRequest\",\"searchOpenDialogs\":true}"}]}
COMMAND: GET /session/d94fe9d023155d3f6895aef5421fa61d/screenshot - {}
RESULT: {"script":"<script> [1562 bytes]","args":[{"selector":{"controlType":"sap.ui.core.Icon","viewName":"etm.portal.ui.managerequests.view.NewRequest","properties":{"src":{"regex":{"source":"slim\\-arrow\\-down"}}},"searchOpenDialogs":true,"ancestor":{"id":"costObjectAdminTypeComboBox","viewName":"etm.portal.ui.managerequests.view.NewRequest","searchOpenDialogs":true}},"wdio_ui5_key":"etmportal.ui.managerequests.view.NewRequestsap.ui.core.Icon{\"src\":{\"regex\":{\"source\":\"slim\\\\-arrow\\\\-down\"}}}{\"id\":\"costObjectAdminTypeComboBox\",\"viewName\":\"etm.portal.ui.managerequests.view.NewRequest\",\"searchOpenDialogs\":true}"}]}
RESULT: undefined
COMMAND: POST /session/d94fe9d023155d3f6895aef5421fa61d/element - {"using":"xpath","value":"//*[@id=\"__xmlview1--costObjectAdminTypeComboBox-arrow\"]"}
RESULT: {}
RESULT: {"using":"xpath","value":"//*[@id=\"__xmlview1--costObjectAdminTypeComboBox-arrow\"]"}
COMMAND: POST /session/d94fe9d023155d3f6895aef5421fa61d/element/f.95C2E293E0D5F8D5E0F83733146F119E.d.D981E78DFFE0E0B74E789F4CFB8A8D09.e.10233/click - {}
RESULT: {}
COMMAND: POST /session/d94fe9d023155d3f6895aef5421fa61d/execute/async - {"script":"<script> [1562 bytes]","args":[{"selector":{"controlType":"sap.m.StandardListItem","viewName":"etm.portal.ui.managerequests.view.NewRequest","properties":{"title":"Cost Center"},"searchOpenDialogs":true,"interaction":{"idSuffix":"titleText"}},"wdio_ui5_key":"etmportal.ui.managerequests.view.NewRequestsap.m.StandardListItem{\"title\":\"Cost Center\"}"}]}
COMMAND: GET /session/d94fe9d023155d3f6895aef5421fa61d/screenshot - {}
RESULT: {"script":"<script> [1562 bytes]","args":[{"selector":{"controlType":"sap.m.StandardListItem","viewName":"etm.portal.ui.managerequests.view.NewRequest","properties":{"title":"Cost Center"},"searchOpenDialogs":true,"interaction":{"idSuffix":"titleText"}},"wdio_ui5_key":"etmportal.ui.managerequests.view.NewRequestsap.m.StandardListItem{\"title\":\"Cost Center\"}"}]}
RESULT: undefined
COMMAND: POST /session/d94fe9d023155d3f6895aef5421fa61d/element - {"using":"xpath","value":"//*[@id=\"__item1070\"]"}
RESULT: {}
RESULT: {"using":"xpath","value":"//*[@id=\"__item1070\"]"}
COMMAND: POST /session/d94fe9d023155d3f6895aef5421fa61d/element/f.95C2E293E0D5F8D5E0F83733146F119E.d.D981E78DFFE0E0B74E789F4CFB8A8D09.e.10236/click - {}
RESULT: {}
COMMAND: POST /session/d94fe9d023155d3f6895aef5421fa61d/execute/async - {"script":"<script> [1562 bytes]","args":[{"selector":{"controlType":"sap.ui.core.Icon","viewName":"etm.portal.ui.managerequests.view.NewRequest","properties":{"src":{"regex":{"source":"value\\-help"}}},"searchOpenDialogs":true},"wdio_ui5_key":"etmportal.ui.managerequests.view.NewRequestsap.ui.core.Icon{\"src\":{\"regex\":{\"source\":\"value\\\\-help\"}}}"}]}
COMMAND: GET /session/d94fe9d023155d3f6895aef5421fa61d/screenshot - {}
RESULT: {"script":"<script> [1562 bytes]","args":[{"selector":{"controlType":"sap.ui.core.Icon","viewName":"etm.portal.ui.managerequests.view.NewRequest","properties":{"src":{"regex":{"source":"value\\-help"}}},"searchOpenDialogs":true},"wdio_ui5_key":"etmportal.ui.managerequests.view.NewRequestsap.ui.core.Icon{\"src\":{\"regex\":{\"source\":\"value\\\\-help\"}}}"}]}
RESULT: undefined
COMMAND: POST /session/d94fe9d023155d3f6895aef5421fa61d/element - {"using":"xpath","value":"//*[@id=\"__xmlview1--costObjectIdComboBox-vhi\"]"}
RESULT: {}
RESULT: {"using":"xpath","value":"//*[@id=\"__xmlview1--costObjectIdComboBox-vhi\"]"}
COMMAND: POST /session/d94fe9d023155d3f6895aef5421fa61d/element/f.95C2E293E0D5F8D5E0F83733146F119E.d.D981E78DFFE0E0B74E789F4CFB8A8D09.e.10239/click - {}
RESULT: {}
COMMAND: POST /session/d94fe9d023155d3f6895aef5421fa61d/execute/async - {"script":"<script> [1562 bytes]","args":[{"selector":{"controlType":"sap.m.SearchField","properties":{"placeholder":"Search"},"searchOpenDialogs":true,"interaction":{"idSuffix":"I"}},"wdio_ui5_key":"sapm.SearchField{\"placeholder\":\"Search\"}"}]}
COMMAND: GET /session/d94fe9d023155d3f6895aef5421fa61d/screenshot - {}
RESULT: {"script":"<script> [1562 bytes]","args":[{"selector":{"controlType":"sap.m.SearchField","properties":{"placeholder":"Search"},"searchOpenDialogs":true,"interaction":{"idSuffix":"I"}},"wdio_ui5_key":"sapm.SearchField{\"placeholder\":\"Search\"}"}]}
RESULT: undefined
COMMAND: POST /session/d94fe9d023155d3f6895aef5421fa61d/execute/async - {"script":"<script> [776 bytes]","args":[{"enterText":"10001010","selector":{"controlType":"sap.m.SearchField","properties":{"placeholder":"Search"},"searchOpenDialogs":true,"interaction":{"idSuffix":"I"}},"clearTextFirst":true,"interactionType":"ENTER_TEXT"}]}
RESULT: {}
RESULT: {"script":"<script> [776 bytes]","args":[{"enterText":"10001010","selector":{"controlType":"sap.m.SearchField","properties":{"placeholder":"Search"},"searchOpenDialogs":true,"interaction":{"idSuffix":"I"}},"clearTextFirst":true,"interactionType":"ENTER_TEXT"}]}
COMMAND: POST /session/d94fe9d023155d3f6895aef5421fa61d/actions - {"actions":[{"id":"action66","type":"key","parameters":{},"actions":[{"type":"keyDown","value":"î€‡"},{"type":"pause","duration":10},{"type":"keyUp","value":"î€‡"}]}]}
RESULT: {"actions":[{"id":"action66","type":"key","parameters":{},"actions":[{"type":"keyDown","value":"î€‡"},{"type":"pause","duration":10},{"type":"keyUp","value":"î€‡"}]}]}
COMMAND: GET /session/d94fe9d023155d3f6895aef5421fa61d/screenshot - {}
RESULT: {}
COMMAND: POST /session/d94fe9d023155d3f6895aef5421fa61d/execute/async - {"script":"<script> [1562 bytes]","args":[{"selector":{"controlType":"sap.m.Text","bindingPath":{"path":"/C_CostCtrValueHelp(CostCenter='10001010',ControllingArea='Z001')","propertyPath":"CostCenterName","modelName":"CostCenterModel"},"searchOpenDialogs":true},"wdio_ui5_key":"sapm.Text{\"path\":\"/C_CostCtrValueHelp(CostCenter='10001010',ControllingArea='Z001')\",\"propertyPath\":\"CostCenterName\",\"modelName\":\"CostCenterModel\"}"}]}
RESULT: {"script":"<script> [1562 bytes]","args":[{"selector":{"controlType":"sap.m.Text","bindingPath":{"path":"/C_CostCtrValueHelp(CostCenter='10001010',ControllingArea='Z001')","propertyPath":"CostCenterName","modelName":"CostCenterModel"},"searchOpenDialogs":true},"wdio_ui5_key":"sapm.Text{\"path\":\"/C_CostCtrValueHelp(CostCenter='10001010',ControllingArea='Z001')\",\"propertyPath\":\"CostCenterName\",\"modelName\":\"CostCenterModel\"}"}]}
RESULT: undefined
COMMAND: POST /session/d94fe9d023155d3f6895aef5421fa61d/element - {"using":"xpath","value":"//*[@id=\"__text265-__clone1300\"]"}
RESULT: {"using":"xpath","value":"//*[@id=\"__text265-__clone1300\"]"}
COMMAND: POST /session/d94fe9d023155d3f6895aef5421fa61d/element/f.95C2E293E0D5F8D5E0F83733146F119E.d.D981E78DFFE0E0B74E789F4CFB8A8D09.e.10280/click - {}
RESULT: {}
COMMAND: POST /session/d94fe9d023155d3f6895aef5421fa61d/execute/async - {"script":"<script> [1562 bytes]","args":[{"selector":{"controlType":"sap.m.Button","properties":{"text":"OK"},"searchOpenDialogs":true,"interaction":{"idSuffix":"BDI-content"}},"wdio_ui5_key":"sapm.Button{\"text\":\"OK\"}"}]}
COMMAND: GET /session/d94fe9d023155d3f6895aef5421fa61d/screenshot - {}
RESULT: {"script":"<script> [1562 bytes]","args":[{"selector":{"controlType":"sap.m.Button","properties":{"text":"OK"},"searchOpenDialogs":true,"interaction":{"idSuffix":"BDI-content"}},"wdio_ui5_key":"sapm.Button{\"text\":\"OK\"}"}]}
RESULT: undefined
COMMAND: POST /session/d94fe9d023155d3f6895aef5421fa61d/element - {"using":"xpath","value":"//*[@id=\"__dialog1-ok\"]"}
RESULT: {}
RESULT: {"using":"xpath","value":"//*[@id=\"__dialog1-ok\"]"}
COMMAND: POST /session/d94fe9d023155d3f6895aef5421fa61d/element/f.95C2E293E0D5F8D5E0F83733146F119E.d.D981E78DFFE0E0B74E789F4CFB8A8D09.e.10282/click - {}
RESULT: {}
COMMAND: GET /session/d94fe9d023155d3f6895aef5421fa61d/screenshot - {}
RESULT: {}
COMMAND: POST /session/d94fe9d023155d3f6895aef5421fa61d/execute/async - {"script":"<script> [1562 bytes]","args":[{"selector":{"controlType":"sap.m.Button","viewName":"etm.portal.ui.managerequests.view.NewRequest","i18NText":{"propertyName":"text","key":"save"},"searchOpenDialogs":true,"interaction":{"idSuffix":"BDI-content"}},"wdio_ui5_key":"etmportal.ui.managerequests.view.NewRequestsap.m.Button{\"propertyName\":\"text\",\"key\":\"save\"}"}]}
RESULT: {"script":"<script> [1562 bytes]","args":[{"selector":{"controlType":"sap.m.Button","viewName":"etm.portal.ui.managerequests.view.NewRequest","i18NText":{"propertyName":"text","key":"save"},"searchOpenDialogs":true,"interaction":{"idSuffix":"BDI-content"}},"wdio_ui5_key":"etmportal.ui.managerequests.view.NewRequestsap.m.Button{\"propertyName\":\"text\",\"key\":\"save\"}"}]}
RESULT: undefined
COMMAND: POST /session/d94fe9d023155d3f6895aef5421fa61d/element - {"using":"xpath","value":"//*[@id=\"__button22\"]"}
RESULT: {"using":"xpath","value":"//*[@id=\"__button22\"]"}
COMMAND: POST /session/d94fe9d023155d3f6895aef5421fa61d/element/f.95C2E293E0D5F8D5E0F83733146F119E.d.D981E78DFFE0E0B74E789F4CFB8A8D09.e.10286/click - {}
RESULT: {}
COMMAND: GET /session/d94fe9d023155d3f6895aef5421fa61d/screenshot - {}
RESULT: {}
COMMAND: POST /session/d94fe9d023155d3f6895aef5421fa61d/element - {"using":"xpath","value":"(//bdi[contains(text() ,\"Save\")])[1]"}
RESULT: {"using":"xpath","value":"(//bdi[contains(text() ,\"Save\")])[1]"}
COMMAND: POST /session/d94fe9d023155d3f6895aef5421fa61d/element/f.95C2E293E0D5F8D5E0F83733146F119E.d.D981E78DFFE0E0B74E789F4CFB8A8D09.e.10288/click - {}
RESULT: {}
COMMAND: GET /session/d94fe9d023155d3f6895aef5421fa61d/screenshot - {}
RESULT: {}
COMMAND: POST /session/d94fe9d023155d3f6895aef5421fa61d/execute/async - {"script":"<script> [1562 bytes]","args":[{"selector":{"controlType":"sap.m.Title","properties":{"text":"Success"},"searchOpenDialogs":true},"wdio_ui5_key":"sapm.Title{\"text\":\"Success\"}"}]}
RESULT: {"script":"<script> [1562 bytes]","args":[{"selector":{"controlType":"sap.m.Title","properties":{"text":"Success"},"searchOpenDialogs":true},"wdio_ui5_key":"sapm.Title{\"text\":\"Success\"}"}]}
RESULT: undefined
COMMAND: POST /session/d94fe9d023155d3f6895aef5421fa61d/execute/async - {"script":"<script> [6424 bytes]","args":[{"element-6066-11e4-a52e-4f735466cecf":"f.95C2E293E0D5F8D5E0F83733146F119E.d.D981E78DFFE0E0B74E789F4CFB8A8D09.e.10291"},"getText",[]]}
RESULT: {"script":"<script> [6424 bytes]","args":[{"element-6066-11e4-a52e-4f735466cecf":"f.95C2E293E0D5F8D5E0F83733146F119E.d.D981E78DFFE0E0B74E789F4CFB8A8D09.e.10291"},"getText",[]]}
COMMAND: POST /session/d94fe9d023155d3f6895aef5421fa61d/execute/async - {"script":"<script> [1562 bytes]","args":[{"selector":{"controlType":"sap.m.Button","properties":{"text":"Close"},"searchOpenDialogs":true,"interaction":{"idSuffix":"BDI-content"}},"wdio_ui5_key":"sapm.Button{\"text\":\"Close\"}"}]}
RESULT: {"script":"<script> [1562 bytes]","args":[{"selector":{"controlType":"sap.m.Button","properties":{"text":"Close"},"searchOpenDialogs":true,"interaction":{"idSuffix":"BDI-content"}},"wdio_ui5_key":"sapm.Button{\"text\":\"Close\"}"}]}
RESULT: undefined
COMMAND: POST /session/d94fe9d023155d3f6895aef5421fa61d/element - {"using":"xpath","value":"//*[@id=\"__mbox-btn-0\"]"}
RESULT: {"using":"xpath","value":"//*[@id=\"__mbox-btn-0\"]"}
COMMAND: POST /session/d94fe9d023155d3f6895aef5421fa61d/element/f.95C2E293E0D5F8D5E0F83733146F119E.d.D981E78DFFE0E0B74E789F4CFB8A8D09.e.10290/click - {}
RESULT: {}
COMMAND: GET /session/d94fe9d023155d3f6895aef5421fa61d/screenshot - {}
RESULT: {}
]]></system-out>
    </testcase>
    <testcase classname="chrome.135_0_7049_96.windows.Reserve/Unreserve_request_item_via_reserve_option_US139161" name="Should navigate to planning board and reserve the resource" time="89.533">
      <system-out><![CDATA[
COMMAND: POST /session/d94fe9d023155d3f6895aef5421fa61d/execute/async - {"script":"<script> [1562 bytes]","args":[{"selector":{"controlType":"sap.m.Button","viewName":"etm.portal.ui.managerequests.view.Detail","i18NText":{"propertyName":"text","key":"planningSituation"},"interaction":{"idSuffix":"BDI-content"}},"wdio_ui5_key":"etmportal.ui.managerequests.view.Detailsap.m.Button{\"propertyName\":\"text\",\"key\":\"planningSituation\"}"}]}
RESULT: {"script":"<script> [1562 bytes]","args":[{"selector":{"controlType":"sap.m.Button","viewName":"etm.portal.ui.managerequests.view.Detail","i18NText":{"propertyName":"text","key":"planningSituation"},"interaction":{"idSuffix":"BDI-content"}},"wdio_ui5_key":"etmportal.ui.managerequests.view.Detailsap.m.Button{\"propertyName\":\"text\",\"key\":\"planningSituation\"}"}]}
RESULT: undefined
COMMAND: POST /session/d94fe9d023155d3f6895aef5421fa61d/element - {"using":"xpath","value":"//*[@id=\"__button25\"]"}
RESULT: {"using":"xpath","value":"//*[@id=\"__button25\"]"}
COMMAND: POST /session/d94fe9d023155d3f6895aef5421fa61d/element/f.95C2E293E0D5F8D5E0F83733146F119E.d.D981E78DFFE0E0B74E789F4CFB8A8D09.e.10317/click - {}
RESULT: {}
COMMAND: GET /session/d94fe9d023155d3f6895aef5421fa61d/screenshot - {}
RESULT: {}
COMMAND: POST /session/d94fe9d023155d3f6895aef5421fa61d/element - {"using":"xpath","value":"(//span[contains(@title ,\"WebdriverYard2rvq3\")])[1]"}
RESULT: {"using":"xpath","value":"(//span[contains(@title ,\"WebdriverYard2rvq3\")])[1]"}
COMMAND: POST /session/d94fe9d023155d3f6895aef5421fa61d/elements - {"using":"xpath","value":"(//span[contains(@title ,\"WebdriverYard2rvq3\")])[1]"}
RESULT: {"using":"xpath","value":"(//span[contains(@title ,\"WebdriverYard2rvq3\")])[1]"}
COMMAND: POST /session/d94fe9d023155d3f6895aef5421fa61d/elements - {"using":"xpath","value":"(//span[contains(@title ,\"WebdriverYard2rvq3\")])[1]"}
RESULT: {"using":"xpath","value":"(//span[contains(@title ,\"WebdriverYard2rvq3\")])[1]"}
COMMAND: POST /session/d94fe9d023155d3f6895aef5421fa61d/elements - {"using":"xpath","value":"(//span[contains(@title ,\"WebdriverYard2rvq3\")])[1]"}
RESULT: {"using":"xpath","value":"(//span[contains(@title ,\"WebdriverYard2rvq3\")])[1]"}
COMMAND: POST /session/d94fe9d023155d3f6895aef5421fa61d/elements - {"using":"xpath","value":"(//span[contains(@title ,\"WebdriverYard2rvq3\")])[1]"}
RESULT: {"using":"xpath","value":"(//span[contains(@title ,\"WebdriverYard2rvq3\")])[1]"}
COMMAND: POST /session/d94fe9d023155d3f6895aef5421fa61d/element - {"using":"xpath","value":"(//span[contains(@title ,\"WebdriverYard2rvq3\")])[1]"}
RESULT: {"using":"xpath","value":"(//span[contains(@title ,\"WebdriverYard2rvq3\")])[1]"}
COMMAND: POST /session/d94fe9d023155d3f6895aef5421fa61d/execute/sync - {"script":"<script> [8489 bytes]","args":[{"element-6066-11e4-a52e-4f735466cecf":"f.95C2E293E0D5F8D5E0F83733146F119E.d.D981E78DFFE0E0B74E789F4CFB8A8D09.e.10753","ELEMENT":"f.95C2E293E0D5F8D5E0F83733146F119E.d.D981E78DFFE0E0B74E789F4CFB8A8D09.e.10753"}]}
RESULT: {"script":"<script> [8489 bytes]","args":[{"element-6066-11e4-a52e-4f735466cecf":"f.95C2E293E0D5F8D5E0F83733146F119E.d.D981E78DFFE0E0B74E789F4CFB8A8D09.e.10753","ELEMENT":"f.95C2E293E0D5F8D5E0F83733146F119E.d.D981E78DFFE0E0B74E789F4CFB8A8D09.e.10753"}]}
COMMAND: POST /session/d94fe9d023155d3f6895aef5421fa61d/element - {"using":"xpath","value":"(//span[contains(@title ,\"WebdriverYard2rvq3\")])[1]"}
COMMAND: GET /session/d94fe9d023155d3f6895aef5421fa61d/screenshot - {}
RESULT: {"using":"xpath","value":"(//span[contains(@title ,\"WebdriverYard2rvq3\")])[1]"}
COMMAND: POST /session/d94fe9d023155d3f6895aef5421fa61d/actions - {"actions":[{"id":"action67","type":"pointer","parameters":{"pointerType":"mouse"},"actions":[{"type":"pointerMove","button":0,"width":0,"height":0,"pressure":0,"tangentialPressure":0,"tiltX":0,"tiltY":0,"twist":0,"altitudeAngle":0,"_":"5 more keys: [\"azimuthAngle\",\"x\",\"y\",\"duration\",\"origin\"]"},{"type":"pointerDown","button":2,"width":0,"height":0,"pressure":0,"tangentialPressure":0,"tiltX":0,"tiltY":0,"twist":0,"altitudeAngle":0,"_":"1 more keys: [\"azimuthAngle\"]"},{"type":"pointerUp","button":2}]}]}
RESULT: {}
RESULT: {"actions":[{"id":"action67","type":"pointer","parameters":{"pointerType":"mouse"},"actions":[{"type":"pointerMove","button":0,"width":0,"height":0,"pressure":0,"tangentialPressure":0,"tiltX":0,"tiltY":0,"twist":0,"altitudeAngle":0,"_":"5 more keys: [\"azimuthAngle\",\"x\",\"y\",\"duration\",\"origin\"]"},{"type":"pointerDown","button":2,"width":0,"height":0,"pressure":0,"tangentialPressure":0,"tiltX":0,"tiltY":0,"twist":0,"altitudeAngle":0,"_":"1 more keys: [\"azimuthAngle\"]"},{"type":"pointerUp","button":2}]}]}
COMMAND: DELETE /session/d94fe9d023155d3f6895aef5421fa61d/actions - {}
COMMAND: GET /session/d94fe9d023155d3f6895aef5421fa61d/screenshot - {}
RESULT: {}
COMMAND: GET /session/d94fe9d023155d3f6895aef5421fa61d/screenshot - {}
RESULT: {}
RESULT: {}
COMMAND: POST /session/d94fe9d023155d3f6895aef5421fa61d/actions - {"actions":[{"id":"action68","type":"key","parameters":{},"actions":[{"type":"keyDown","value":"î€•"},{"type":"pause","duration":10},{"type":"keyUp","value":"î€•"}]}]}
RESULT: {"actions":[{"id":"action68","type":"key","parameters":{},"actions":[{"type":"keyDown","value":"î€•"},{"type":"pause","duration":10},{"type":"keyUp","value":"î€•"}]}]}
COMMAND: GET /session/d94fe9d023155d3f6895aef5421fa61d/screenshot - {}
RESULT: {}
COMMAND: POST /session/d94fe9d023155d3f6895aef5421fa61d/actions - {"actions":[{"id":"action69","type":"key","parameters":{},"actions":[{"type":"keyDown","value":"î€‡"},{"type":"pause","duration":10},{"type":"keyUp","value":"î€‡"}]}]}
RESULT: {"actions":[{"id":"action69","type":"key","parameters":{},"actions":[{"type":"keyDown","value":"î€‡"},{"type":"pause","duration":10},{"type":"keyUp","value":"î€‡"}]}]}
COMMAND: GET /session/d94fe9d023155d3f6895aef5421fa61d/screenshot - {}
RESULT: {}
COMMAND: POST /session/d94fe9d023155d3f6895aef5421fa61d/execute/async - {"script":"<script> [1562 bytes]","args":[{"selector":{"id":"application-planningboard-display-component---pB_RequestHeader--RUreservationComment","searchOpenDialogs":true,"interaction":{"idSuffix":"inner"}},"wdio_ui5_key":"applicationplanningboard-display-component---pB_RequestHeader--RUreservationComment"}]}
RESULT: {"script":"<script> [1562 bytes]","args":[{"selector":{"id":"application-planningboard-display-component---pB_RequestHeader--RUreservationComment","searchOpenDialogs":true,"interaction":{"idSuffix":"inner"}},"wdio_ui5_key":"applicationplanningboard-display-component---pB_RequestHeader--RUreservationComment"}]}
RESULT: undefined
COMMAND: POST /session/d94fe9d023155d3f6895aef5421fa61d/execute/async - {"script":"<script> [776 bytes]","args":[{"enterText":"WdIORes1j2bmli","selector":{"id":"application-planningboard-display-component---pB_RequestHeader--RUreservationComment","searchOpenDialogs":true,"interaction":{"idSuffix":"inner"}},"clearTextFirst":true,"interactionType":"ENTER_TEXT"}]}
RESULT: {"script":"<script> [776 bytes]","args":[{"enterText":"WdIORes1j2bmli","selector":{"id":"application-planningboard-display-component---pB_RequestHeader--RUreservationComment","searchOpenDialogs":true,"interaction":{"idSuffix":"inner"}},"clearTextFirst":true,"interactionType":"ENTER_TEXT"}]}
COMMAND: POST /session/d94fe9d023155d3f6895aef5421fa61d/execute/async - {"script":"<script> [1562 bytes]","args":[{"selector":{"controlType":"sap.m.Button","viewName":"etm.portal.ui.planningboard.view.detail.RequestHeader","viewId":"application-planningboard-display-component---pB_RequestHeader","properties":{"text":"Ok"},"searchOpenDialogs":true,"interaction":{"idSuffix":"BDI-content"}},"wdio_ui5_key":"etmportal.ui.planningboard.view.detail.RequestHeadersap.m.Button{\"text\":\"Ok\"}"}]}
RESULT: {"script":"<script> [1562 bytes]","args":[{"selector":{"controlType":"sap.m.Button","viewName":"etm.portal.ui.planningboard.view.detail.RequestHeader","viewId":"application-planningboard-display-component---pB_RequestHeader","properties":{"text":"Ok"},"searchOpenDialogs":true,"interaction":{"idSuffix":"BDI-content"}},"wdio_ui5_key":"etmportal.ui.planningboard.view.detail.RequestHeadersap.m.Button{\"text\":\"Ok\"}"}]}
RESULT: undefined
COMMAND: POST /session/d94fe9d023155d3f6895aef5421fa61d/element - {"using":"xpath","value":"//*[@id=\"__button190\"]"}
RESULT: {"using":"xpath","value":"//*[@id=\"__button190\"]"}
COMMAND: POST /session/d94fe9d023155d3f6895aef5421fa61d/element/f.95C2E293E0D5F8D5E0F83733146F119E.d.D981E78DFFE0E0B74E789F4CFB8A8D09.e.10770/click - {}
RESULT: {}
COMMAND: GET /session/d94fe9d023155d3f6895aef5421fa61d/screenshot - {}
RESULT: {}
COMMAND: POST /session/d94fe9d023155d3f6895aef5421fa61d/element - {"using":"xpath","value":"//span[contains(@title ,\"WebdriverYard2rvq3\")]"}
RESULT: {"using":"xpath","value":"//span[contains(@title ,\"WebdriverYard2rvq3\")]"}
COMMAND: POST /session/d94fe9d023155d3f6895aef5421fa61d/actions - {"actions":[{"id":"action70","type":"pointer","parameters":{"pointerType":"mouse"},"actions":[{"type":"pointerMove","button":0,"width":0,"height":0,"pressure":0,"tangentialPressure":0,"tiltX":0,"tiltY":0,"twist":0,"altitudeAngle":0,"_":"5 more keys: [\"azimuthAngle\",\"x\",\"y\",\"duration\",\"origin\"]"},{"type":"pointerDown","button":2,"width":0,"height":0,"pressure":0,"tangentialPressure":0,"tiltX":0,"tiltY":0,"twist":0,"altitudeAngle":0,"_":"1 more keys: [\"azimuthAngle\"]"},{"type":"pointerUp","button":2}]}]}
RESULT: {"actions":[{"id":"action70","type":"pointer","parameters":{"pointerType":"mouse"},"actions":[{"type":"pointerMove","button":0,"width":0,"height":0,"pressure":0,"tangentialPressure":0,"tiltX":0,"tiltY":0,"twist":0,"altitudeAngle":0,"_":"5 more keys: [\"azimuthAngle\",\"x\",\"y\",\"duration\",\"origin\"]"},{"type":"pointerDown","button":2,"width":0,"height":0,"pressure":0,"tangentialPressure":0,"tiltX":0,"tiltY":0,"twist":0,"altitudeAngle":0,"_":"1 more keys: [\"azimuthAngle\"]"},{"type":"pointerUp","button":2}]}]}
COMMAND: DELETE /session/d94fe9d023155d3f6895aef5421fa61d/actions - {}
COMMAND: GET /session/d94fe9d023155d3f6895aef5421fa61d/screenshot - {}
RESULT: {}
COMMAND: GET /session/d94fe9d023155d3f6895aef5421fa61d/screenshot - {}
RESULT: {}
RESULT: {}
COMMAND: POST /session/d94fe9d023155d3f6895aef5421fa61d/actions - {"actions":[{"id":"action71","type":"key","parameters":{},"actions":[{"type":"keyDown","value":"î€•"},{"type":"pause","duration":10},{"type":"keyUp","value":"î€•"}]}]}
RESULT: {"actions":[{"id":"action71","type":"key","parameters":{},"actions":[{"type":"keyDown","value":"î€•"},{"type":"pause","duration":10},{"type":"keyUp","value":"î€•"}]}]}
COMMAND: GET /session/d94fe9d023155d3f6895aef5421fa61d/screenshot - {}
RESULT: {}
COMMAND: POST /session/d94fe9d023155d3f6895aef5421fa61d/actions - {"actions":[{"id":"action72","type":"key","parameters":{},"actions":[{"type":"keyDown","value":"î€‡"},{"type":"pause","duration":10},{"type":"keyUp","value":"î€‡"}]}]}
RESULT: {"actions":[{"id":"action72","type":"key","parameters":{},"actions":[{"type":"keyDown","value":"î€‡"},{"type":"pause","duration":10},{"type":"keyUp","value":"î€‡"}]}]}
COMMAND: GET /session/d94fe9d023155d3f6895aef5421fa61d/screenshot - {}
RESULT: {}
RESULT: undefined
COMMAND: POST /session/d94fe9d023155d3f6895aef5421fa61d/execute/async - {"script":"<script> [776 bytes]","args":[{"enterText":"WdIORes2w1qdxf","selector":{"id":"application-planningboard-display-component---pB_RequestHeader--RUreservationComment","searchOpenDialogs":true,"interaction":{"idSuffix":"inner"}},"clearTextFirst":true,"interactionType":"ENTER_TEXT"}]}
RESULT: {"script":"<script> [776 bytes]","args":[{"enterText":"WdIORes2w1qdxf","selector":{"id":"application-planningboard-display-component---pB_RequestHeader--RUreservationComment","searchOpenDialogs":true,"interaction":{"idSuffix":"inner"}},"clearTextFirst":true,"interactionType":"ENTER_TEXT"}]}
RESULT: undefined
COMMAND: POST /session/d94fe9d023155d3f6895aef5421fa61d/element - {"using":"xpath","value":"//*[@id=\"__button190\"]"}
RESULT: {"using":"xpath","value":"//*[@id=\"__button190\"]"}
COMMAND: POST /session/d94fe9d023155d3f6895aef5421fa61d/element/f.95C2E293E0D5F8D5E0F83733146F119E.d.D981E78DFFE0E0B74E789F4CFB8A8D09.e.10854/click - {}
RESULT: {}
COMMAND: GET /session/d94fe9d023155d3f6895aef5421fa61d/screenshot - {}
RESULT: {}
COMMAND: POST /session/d94fe9d023155d3f6895aef5421fa61d/execute/async - {"script":"<script> [1562 bytes]","args":[{"selector":{"controlType":"sap.m.Button","viewName":"etm.portal.ui.planningboard.view.detail.RequestHeader","viewId":"application-planningboard-display-component---pB_RequestHeader","i18NText":{"propertyName":"text","key":"close"},"ancestor":{"id":"application-planningboard-display-component---pB_RequestHeader--requestItemDetails"},"interaction":{"idSuffix":"BDI-content"}},"wdio_ui5_key":"etmportal.ui.planningboard.view.detail.RequestHeadersap.m.Button{\"propertyName\":\"text\",\"key\":\"close\"}{\"id\":\"application-planningboard-display-component---pB_RequestHeader--requestItemDetails\"}"}]}
RESULT: {"script":"<script> [1562 bytes]","args":[{"selector":{"controlType":"sap.m.Button","viewName":"etm.portal.ui.planningboard.view.detail.RequestHeader","viewId":"application-planningboard-display-component---pB_RequestHeader","i18NText":{"propertyName":"text","key":"close"},"ancestor":{"id":"application-planningboard-display-component---pB_RequestHeader--requestItemDetails"},"interaction":{"idSuffix":"BDI-content"}},"wdio_ui5_key":"etmportal.ui.planningboard.view.detail.RequestHeadersap.m.Button{\"propertyName\":\"text\",\"key\":\"close\"}{\"id\":\"application-planningboard-display-component---pB_RequestHeader--requestItemDetails\"}"}]}
RESULT: undefined
COMMAND: POST /session/d94fe9d023155d3f6895aef5421fa61d/element - {"using":"xpath","value":"//*[@id=\"__button66\"]"}
RESULT: {"using":"xpath","value":"//*[@id=\"__button66\"]"}
COMMAND: POST /session/d94fe9d023155d3f6895aef5421fa61d/element/f.95C2E293E0D5F8D5E0F83733146F119E.d.D981E78DFFE0E0B74E789F4CFB8A8D09.e.10780/click - {}
RESULT: {}
COMMAND: GET /session/d94fe9d023155d3f6895aef5421fa61d/screenshot - {}
RESULT: {}
COMMAND: POST /session/d94fe9d023155d3f6895aef5421fa61d/execute/async - {"script":"<script> [1562 bytes]","args":[{"selector":{"id":"application-planningboard-display-component---pB_Master--selectView","interaction":{"idSuffix":"arrow"}},"wdio_ui5_key":"applicationplanningboard-display-component---pB_Master--selectView"}]}
RESULT: {"script":"<script> [1562 bytes]","args":[{"selector":{"id":"application-planningboard-display-component---pB_Master--selectView","interaction":{"idSuffix":"arrow"}},"wdio_ui5_key":"applicationplanningboard-display-component---pB_Master--selectView"}]}
RESULT: undefined
COMMAND: POST /session/d94fe9d023155d3f6895aef5421fa61d/element - {"using":"xpath","value":"//*[@id=\"application-planningboard-display-component---pB_Master--selectView\"]"}
RESULT: {"using":"xpath","value":"//*[@id=\"application-planningboard-display-component---pB_Master--selectView\"]"}
COMMAND: POST /session/d94fe9d023155d3f6895aef5421fa61d/element/f.95C2E293E0D5F8D5E0F83733146F119E.d.D981E78DFFE0E0B74E789F4CFB8A8D09.e.11065/click - {}
RESULT: {}
COMMAND: GET /session/d94fe9d023155d3f6895aef5421fa61d/screenshot - {}
RESULT: {}
COMMAND: POST /session/d94fe9d023155d3f6895aef5421fa61d/execute/async - {"script":"<script> [1562 bytes]","args":[{"selector":{"controlType":"sap.ui.core.Item","viewName":"etm.portal.ui.planningboard.view.Master","viewId":"application-planningboard-display-component---pB_Master","i18NText":{"propertyName":"text","key":"manageReservations"},"searchOpenDialogs":true},"wdio_ui5_key":"etmportal.ui.planningboard.view.Mastersap.ui.core.Item{\"propertyName\":\"text\",\"key\":\"manageReservations\"}"}]}
RESULT: {"script":"<script> [1562 bytes]","args":[{"selector":{"controlType":"sap.ui.core.Item","viewName":"etm.portal.ui.planningboard.view.Master","viewId":"application-planningboard-display-component---pB_Master","i18NText":{"propertyName":"text","key":"manageReservations"},"searchOpenDialogs":true},"wdio_ui5_key":"etmportal.ui.planningboard.view.Mastersap.ui.core.Item{\"propertyName\":\"text\",\"key\":\"manageReservations\"}"}]}
RESULT: undefined
COMMAND: POST /session/d94fe9d023155d3f6895aef5421fa61d/element - {"using":"xpath","value":"//*[@id=\"__item1120\"]"}
RESULT: {"using":"xpath","value":"//*[@id=\"__item1120\"]"}
COMMAND: POST /session/d94fe9d023155d3f6895aef5421fa61d/element/f.95C2E293E0D5F8D5E0F83733146F119E.d.D981E78DFFE0E0B74E789F4CFB8A8D09.e.11068/click - {}
RESULT: {}
COMMAND: GET /session/d94fe9d023155d3f6895aef5421fa61d/screenshot - {}
RESULT: {}
COMMAND: POST /session/d94fe9d023155d3f6895aef5421fa61d/element - {"using":"xpath","value":"//span[contains(@id ,\"clone\")][contains(text(), \"WdIORes1j2bmli\")]"}
RESULT: {"using":"xpath","value":"//span[contains(@id ,\"clone\")][contains(text(), \"WdIORes1j2bmli\")]"}
COMMAND: GET /session/d94fe9d023155d3f6895aef5421fa61d/element/f.95C2E293E0D5F8D5E0F83733146F119E.d.D981E78DFFE0E0B74E789F4CFB8A8D09.e.11084/text - {}
RESULT: {}
COMMAND: POST /session/d94fe9d023155d3f6895aef5421fa61d/element - {"using":"xpath","value":"//span[contains(@id ,\"clone\")][contains(text(), \"WdIORes2w1qdxf\")]"}
RESULT: {"using":"xpath","value":"//span[contains(@id ,\"clone\")][contains(text(), \"WdIORes2w1qdxf\")]"}
COMMAND: POST /session/d94fe9d023155d3f6895aef5421fa61d/element/f.95C2E293E0D5F8D5E0F83733146F119E.d.D981E78DFFE0E0B74E789F4CFB8A8D09.e.11085/click - {}
RESULT: {}
COMMAND: GET /session/d94fe9d023155d3f6895aef5421fa61d/screenshot - {}
RESULT: {}
COMMAND: POST /session/d94fe9d023155d3f6895aef5421fa61d/actions - {"actions":[{"id":"action73","type":"key","parameters":{},"actions":[{"type":"keyDown","value":"î€‡"},{"type":"pause","duration":10},{"type":"keyUp","value":"î€‡"}]}]}
RESULT: {"actions":[{"id":"action73","type":"key","parameters":{},"actions":[{"type":"keyDown","value":"î€‡"},{"type":"pause","duration":10},{"type":"keyUp","value":"î€‡"}]}]}
COMMAND: GET /session/d94fe9d023155d3f6895aef5421fa61d/screenshot - {}
RESULT: {}
COMMAND: POST /session/d94fe9d023155d3f6895aef5421fa61d/execute/async - {"script":"<script> [1562 bytes]","args":[{"selector":{"controlType":"sap.m.Button","viewName":"etm.portal.ui.planningboard.view.detail.Planning","viewId":"application-planningboard-display-component---pB_Planning","i18NText":{"propertyName":"text","key":"unplan"},"interaction":{"idSuffix":"BDI-content"}},"wdio_ui5_key":"etmportal.ui.planningboard.view.detail.Planningsap.m.Button{\"propertyName\":\"text\",\"key\":\"unplan\"}"}]}
RESULT: {"script":"<script> [1562 bytes]","args":[{"selector":{"controlType":"sap.m.Button","viewName":"etm.portal.ui.planningboard.view.detail.Planning","viewId":"application-planningboard-display-component---pB_Planning","i18NText":{"propertyName":"text","key":"unplan"},"interaction":{"idSuffix":"BDI-content"}},"wdio_ui5_key":"etmportal.ui.planningboard.view.detail.Planningsap.m.Button{\"propertyName\":\"text\",\"key\":\"unplan\"}"}]}
RESULT: undefined
COMMAND: POST /session/d94fe9d023155d3f6895aef5421fa61d/element - {"using":"xpath","value":"//*[@id=\"__button256\"]"}
RESULT: {"using":"xpath","value":"//*[@id=\"__button256\"]"}
COMMAND: POST /session/d94fe9d023155d3f6895aef5421fa61d/element/f.95C2E293E0D5F8D5E0F83733146F119E.d.D981E78DFFE0E0B74E789F4CFB8A8D09.e.11123/click - {}
RESULT: {}
COMMAND: GET /session/d94fe9d023155d3f6895aef5421fa61d/screenshot - {}
RESULT: {}
COMMAND: POST /session/d94fe9d023155d3f6895aef5421fa61d/element - {"using":"xpath","value":"//span[contains(@id ,\"clone\")][contains(text(), \"WdIORes2w1qdxf\")]"}
RESULT: {"using":"xpath","value":"//span[contains(@id ,\"clone\")][contains(text(), \"WdIORes2w1qdxf\")]"}
COMMAND: POST /session/d94fe9d023155d3f6895aef5421fa61d/element - {"using":"xpath","value":"//span[contains(@id ,\"clone\")][contains(text(), \"WdIORes2w1qdxf\")]"}
RESULT: {"using":"xpath","value":"//span[contains(@id ,\"clone\")][contains(text(), \"WdIORes2w1qdxf\")]"}
COMMAND: POST /session/d94fe9d023155d3f6895aef5421fa61d/element - {"using":"xpath","value":"//span[contains(@id ,\"clone\")][contains(text(), \"WdIORes1j2bmli\")]"}
RESULT: {"using":"xpath","value":"//span[contains(@id ,\"clone\")][contains(text(), \"WdIORes1j2bmli\")]"}
COMMAND: POST /session/d94fe9d023155d3f6895aef5421fa61d/element/f.95C2E293E0D5F8D5E0F83733146F119E.d.D981E78DFFE0E0B74E789F4CFB8A8D09.e.11187/click - {}
RESULT: {}
COMMAND: GET /session/d94fe9d023155d3f6895aef5421fa61d/screenshot - {}
RESULT: {}
COMMAND: POST /session/d94fe9d023155d3f6895aef5421fa61d/actions - {"actions":[{"id":"action74","type":"key","parameters":{},"actions":[{"type":"keyDown","value":"î€‡"},{"type":"pause","duration":10},{"type":"keyUp","value":"î€‡"}]}]}
RESULT: {"actions":[{"id":"action74","type":"key","parameters":{},"actions":[{"type":"keyDown","value":"î€‡"},{"type":"pause","duration":10},{"type":"keyUp","value":"î€‡"}]}]}
COMMAND: GET /session/d94fe9d023155d3f6895aef5421fa61d/screenshot - {}
RESULT: {}
]]></system-out>
    </testcase>
  </testsuite>
  <testsuite timestamp="2025-04-24T16:06:17" time="30.588" tests="1" failures="0" errors="0" skipped="0">
    <properties>
      <property name="specId" value="0" />
      <property name="suiteName" value="Reserve/Unreserve request item via reserve option US139161" />
      <property name="capabilities" value="chrome.135_0_7049_96.windows" />
      <property name="file" value="file:///D:/a/1/s/test/specs/R2C/manage-reservations-view-planning-board.spec.js" />
    </properties>
    <testcase classname="chrome.135_0_7049_96.windows.Reserve/Unreserve_request_item_via_reserve_option_US139161" name="Should open a reservation to verify and edit the details" time="30.586">
      <system-out><![CDATA[
COMMAND: POST /session/d94fe9d023155d3f6895aef5421fa61d/element - {"using":"xpath","value":"//button[contains(@data-kt, \"editButton\")]"}
RESULT: {"using":"xpath","value":"//button[contains(@data-kt, \"editButton\")]"}
COMMAND: POST /session/d94fe9d023155d3f6895aef5421fa61d/execute/sync - {"script":"<script> [8489 bytes]","args":[{"element-6066-11e4-a52e-4f735466cecf":"f.95C2E293E0D5F8D5E0F83733146F119E.d.D981E78DFFE0E0B74E789F4CFB8A8D09.e.11239","ELEMENT":"f.95C2E293E0D5F8D5E0F83733146F119E.d.D981E78DFFE0E0B74E789F4CFB8A8D09.e.11239"}]}
RESULT: {"script":"<script> [8489 bytes]","args":[{"element-6066-11e4-a52e-4f735466cecf":"f.95C2E293E0D5F8D5E0F83733146F119E.d.D981E78DFFE0E0B74E789F4CFB8A8D09.e.11239","ELEMENT":"f.95C2E293E0D5F8D5E0F83733146F119E.d.D981E78DFFE0E0B74E789F4CFB8A8D09.e.11239"}]}
COMMAND: POST /session/d94fe9d023155d3f6895aef5421fa61d/element - {"using":"xpath","value":"//button[contains(@data-kt, \"unplanButton\")]"}
COMMAND: GET /session/d94fe9d023155d3f6895aef5421fa61d/screenshot - {}
RESULT: {}
RESULT: {"using":"xpath","value":"//button[contains(@data-kt, \"unplanButton\")]"}
COMMAND: POST /session/d94fe9d023155d3f6895aef5421fa61d/execute/sync - {"script":"<script> [8489 bytes]","args":[{"element-6066-11e4-a52e-4f735466cecf":"f.95C2E293E0D5F8D5E0F83733146F119E.d.D981E78DFFE0E0B74E789F4CFB8A8D09.e.11240","ELEMENT":"f.95C2E293E0D5F8D5E0F83733146F119E.d.D981E78DFFE0E0B74E789F4CFB8A8D09.e.11240"}]}
RESULT: {"script":"<script> [8489 bytes]","args":[{"element-6066-11e4-a52e-4f735466cecf":"f.95C2E293E0D5F8D5E0F83733146F119E.d.D981E78DFFE0E0B74E789F4CFB8A8D09.e.11240","ELEMENT":"f.95C2E293E0D5F8D5E0F83733146F119E.d.D981E78DFFE0E0B74E789F4CFB8A8D09.e.11240"}]}
COMMAND: POST /session/d94fe9d023155d3f6895aef5421fa61d/element - {"using":"xpath","value":"//button[contains(@data-kt, \"editButton\")]"}
COMMAND: GET /session/d94fe9d023155d3f6895aef5421fa61d/screenshot - {}
RESULT: {"using":"xpath","value":"//button[contains(@data-kt, \"editButton\")]"}
COMMAND: POST /session/d94fe9d023155d3f6895aef5421fa61d/element/f.95C2E293E0D5F8D5E0F83733146F119E.d.D981E78DFFE0E0B74E789F4CFB8A8D09.e.11239/click - {}
RESULT: {}
RESULT: {}
COMMAND: POST /session/d94fe9d023155d3f6895aef5421fa61d/element - {"using":"xpath","value":"(//input[contains(@id ,\"picker\")][contains(@aria-roledescription ,\"Date Input\")])[4]"}
COMMAND: GET /session/d94fe9d023155d3f6895aef5421fa61d/screenshot - {}
RESULT: {"using":"xpath","value":"(//input[contains(@id ,\"picker\")][contains(@aria-roledescription ,\"Date Input\")])[4]"}
COMMAND: POST /session/d94fe9d023155d3f6895aef5421fa61d/element/f.95C2E293E0D5F8D5E0F83733146F119E.d.D981E78DFFE0E0B74E789F4CFB8A8D09.e.11208/clear - {}
RESULT: {}
RESULT: {}
COMMAND: POST /session/d94fe9d023155d3f6895aef5421fa61d/element/f.95C2E293E0D5F8D5E0F83733146F119E.d.D981E78DFFE0E0B74E789F4CFB8A8D09.e.11208/value - {"text":"4/26/25"}
COMMAND: GET /session/d94fe9d023155d3f6895aef5421fa61d/screenshot - {}
RESULT: {"text":"4/26/25"}
COMMAND: GET /session/d94fe9d023155d3f6895aef5421fa61d/screenshot - {}
RESULT: {}
RESULT: {}
COMMAND: POST /session/d94fe9d023155d3f6895aef5421fa61d/element - {"using":"xpath","value":"//bdi[contains(text(), \"Save\")]"}
RESULT: {"using":"xpath","value":"//bdi[contains(text(), \"Save\")]"}
COMMAND: POST /session/d94fe9d023155d3f6895aef5421fa61d/element/f.95C2E293E0D5F8D5E0F83733146F119E.d.D981E78DFFE0E0B74E789F4CFB8A8D09.e.11263/click - {}
RESULT: {}
COMMAND: GET /session/d94fe9d023155d3f6895aef5421fa61d/screenshot - {}
RESULT: {}
COMMAND: POST /session/d94fe9d023155d3f6895aef5421fa61d/element - {"using":"xpath","value":"(//input[contains(@id ,\"picker\")][contains(@aria-roledescription ,\"Date Input\")])[4]"}
RESULT: {"using":"xpath","value":"(//input[contains(@id ,\"picker\")][contains(@aria-roledescription ,\"Date Input\")])[4]"}
COMMAND: GET /session/d94fe9d023155d3f6895aef5421fa61d/element/f.95C2E293E0D5F8D5E0F83733146F119E.d.D981E78DFFE0E0B74E789F4CFB8A8D09.e.11208/property/value - {}
RESULT: {}
COMMAND: GET /session/d94fe9d023155d3f6895aef5421fa61d/screenshot - {}
RESULT: {}
COMMAND: POST /session/d94fe9d023155d3f6895aef5421fa61d/element - {"using":"xpath","value":"//bdi[contains(text(), \"Unplan\")]"}
RESULT: {"using":"xpath","value":"//bdi[contains(text(), \"Unplan\")]"}
COMMAND: POST /session/d94fe9d023155d3f6895aef5421fa61d/element/f.95C2E293E0D5F8D5E0F83733146F119E.d.D981E78DFFE0E0B74E789F4CFB8A8D09.e.11275/click - {}
RESULT: {}
COMMAND: GET /session/d94fe9d023155d3f6895aef5421fa61d/screenshot - {}
RESULT: {}
COMMAND: POST /session/d94fe9d023155d3f6895aef5421fa61d/element - {"using":"css selector","value":"#shell-header-logo"}
RESULT: {"using":"css selector","value":"#shell-header-logo"}
COMMAND: POST /session/d94fe9d023155d3f6895aef5421fa61d/element/f.95C2E293E0D5F8D5E0F83733146F119E.d.D981E78DFFE0E0B74E789F4CFB8A8D09.e.9753/click - {}
RESULT: {}
COMMAND: GET /session/d94fe9d023155d3f6895aef5421fa61d/screenshot - {}
]]></system-out>
    </testcase>
  </testsuite>
  <testsuite timestamp="2025-04-24T16:06:48" time="244.051" tests="3" failures="0" errors="0" skipped="0">
    <properties>
      <property name="specId" value="0" />
      <property name="suiteName" value="Process request items into new quotation US120163" />
      <property name="capabilities" value="chrome.135_0_7049_96.windows" />
      <property name="file" value="file:///D:/a/1/s/test/specs/R2C/process-request-items-into-new-quotation.spec.js" />
    </properties>
    <testcase classname="chrome.135_0_7049_96.windows.Process_request_items_into_new_quotation_US120163" name="Should create a new request with catalog items and plan it" time="169.947">
      <system-out><![CDATA[
COMMAND: POST /session/d94fe9d023155d3f6895aef5421fa61d/element - {"using":"xpath","value":"//*[contains(@href, 'etm.portal.ui.managerequests')]"}
RESULT: {}
RESULT: {"using":"xpath","value":"//*[contains(@href, 'etm.portal.ui.managerequests')]"}
COMMAND: POST /session/d94fe9d023155d3f6895aef5421fa61d/element/f.95C2E293E0D5F8D5E0F83733146F119E.d.D981E78DFFE0E0B74E789F4CFB8A8D09.e.11341/click - {}
RESULT: {}
COMMAND: GET /session/d94fe9d023155d3f6895aef5421fa61d/screenshot - {}
RESULT: {}
COMMAND: POST /session/d94fe9d023155d3f6895aef5421fa61d/refresh - {}
RESULT: {}
COMMAND: GET /session/d94fe9d023155d3f6895aef5421fa61d/screenshot - {}
RESULT: {}
COMMAND: POST /session/d94fe9d023155d3f6895aef5421fa61d/execute/async - {"script":"<script> [189 bytes]","args":[]}
RESULT: {"script":"<script> [189 bytes]","args":[]}
COMMAND: POST /session/d94fe9d023155d3f6895aef5421fa61d/execute/async - {"script":"<script> [123 bytes]","args":[]}
RESULT: {"script":"<script> [123 bytes]","args":[]}
COMMAND: POST /session/d94fe9d023155d3f6895aef5421fa61d/timeouts - {"script":"<number>"}
RESULT: {"script":"<number>"}
COMMAND: GET /session/d94fe9d023155d3f6895aef5421fa61d/timeouts - {}
RESULT: {}
RESULT: undefined
COMMAND: POST /session/d94fe9d023155d3f6895aef5421fa61d/execute/async - {"script":"<script> [2676 bytes]","args":[]}
RESULT: {"script":"<script> [2676 bytes]","args":[]}
COMMAND: POST /session/d94fe9d023155d3f6895aef5421fa61d/execute/async - {"script":"<script> [2342 bytes]","args":[{"protocol":"http","hostname":"0.0.0.0","path":"/","capabilities":{"browserName":"chrome","goog:chromeOptions":{"binary":"C:\\Program Files\\Google\\Chrome\\Application\\chrome.exe","args":["--start-maximized"]}},"logLevel":"warn","connectionRetryTimeout":120000,"connectionRetryCount":3,"logLevels":{},"enableDirectConnect":true,"strictSSL":true,"_":"65 more keys: [\"cacheDir\",\"port\",\"requestedCapabilities\",\"automationProtocol\",\"baseUrl\",\"waitforInterval\",\"waitforTimeout\",\"onReload\",\"beforeCommand\",\"afterCommand\",\"rootDir\",\"specs\",\"suites\",\"exclude\",\"groupLogsByTestSpec\",\"excludeDriverLogs\",\"bail\",\"framework\",\"reporters\",\"services\",\"maxInstances\",\"maxInstancesPerCapability\",\"injectGlobals\",\"filesToWatch\",\"execArgv\",\"runnerEnv\",\"runner\",\"shard\",\"specFileRetries\",\"specFileRetriesDelay\",\"specFileRetriesDeferred\",\"reporterSyncInterval\",\"reporterSyncTimeout\",\"cucumberFeaturesWithLineNumbers\",\"autoCompileOpts\",\"mochaOpts\",\"jasmineOpts\",\"cucumberOpts\",\"onPrepare\",\"onWorkerStart\",\"onWorkerEnd\",\"before\",\"beforeSession\",\"beforeSuite\",\"beforeHook\",\"beforeTest\",\"afterTest\",\"afterHook\",\"afterSuite\",\"afterSession\",\"after\",\"onComplete\",\"beforeAssertion\",\"afterAssertion\",\"beforeFeature\",\"beforeScenario\",\"beforeStep\",\"afterStep\",\"afterScenario\",\"afterFeature\",\"_\",\"suite\",\"$0\",\"ignoredWorkerServices\",\"wdi5\"]"}]}
RESULT: {"script":"<script> [2342 bytes]","args":[{"protocol":"http","hostname":"0.0.0.0","path":"/","capabilities":{"browserName":"chrome","goog:chromeOptions":{"binary":"C:\\Program Files\\Google\\Chrome\\Application\\chrome.exe","args":["--start-maximized"]}},"logLevel":"warn","connectionRetryTimeout":120000,"connectionRetryCount":3,"logLevels":{},"enableDirectConnect":true,"strictSSL":true,"_":"65 more keys: [\"cacheDir\",\"port\",\"requestedCapabilities\",\"automationProtocol\",\"baseUrl\",\"waitforInterval\",\"waitforTimeout\",\"onReload\",\"beforeCommand\",\"afterCommand\",\"rootDir\",\"specs\",\"suites\",\"exclude\",\"groupLogsByTestSpec\",\"excludeDriverLogs\",\"bail\",\"framework\",\"reporters\",\"services\",\"maxInstances\",\"maxInstancesPerCapability\",\"injectGlobals\",\"filesToWatch\",\"execArgv\",\"runnerEnv\",\"runner\",\"shard\",\"specFileRetries\",\"specFileRetriesDelay\",\"specFileRetriesDeferred\",\"reporterSyncInterval\",\"reporterSyncTimeout\",\"cucumberFeaturesWithLineNumbers\",\"autoCompileOpts\",\"mochaOpts\",\"jasmineOpts\",\"cucumberOpts\",\"onPrepare\",\"onWorkerStart\",\"onWorkerEnd\",\"before\",\"beforeSession\",\"beforeSuite\",\"beforeHook\",\"beforeTest\",\"afterTest\",\"afterHook\",\"afterSuite\",\"afterSession\",\"after\",\"onComplete\",\"beforeAssertion\",\"afterAssertion\",\"beforeFeature\",\"beforeScenario\",\"beforeStep\",\"afterStep\",\"afterScenario\",\"afterFeature\",\"_\",\"suite\",\"$0\",\"ignoredWorkerServices\",\"wdi5\"]"}]}
COMMAND: POST /session/d94fe9d023155d3f6895aef5421fa61d/execute/async - {"script":"<script> [21126 bytes]","args":[35000]}
RESULT: {"script":"<script> [21126 bytes]","args":[35000]}
COMMAND: POST /session/d94fe9d023155d3f6895aef5421fa61d/element - {"using":"xpath","value":"//button[contains(@data-kt ,\"btnCreateNewOverflowToolbarButton\")]"}
COMMAND: POST /session/d94fe9d023155d3f6895aef5421fa61d/element - {"using":"xpath","value":"(//span[contains(@class ,\"sapMObjStatusText\")])[1]"}
RESULT: {"using":"xpath","value":"//button[contains(@data-kt ,\"btnCreateNewOverflowToolbarButton\")]"}
COMMAND: POST /session/d94fe9d023155d3f6895aef5421fa61d/element/f.95C2E293E0D5F8D5E0F83733146F119E.d.E82FB4B7E0755DE32C18C92B6D2306DA.e.11515/click - {}
RESULT: {"using":"xpath","value":"(//span[contains(@class ,\"sapMObjStatusText\")])[1]"}
COMMAND: POST /session/d94fe9d023155d3f6895aef5421fa61d/execute/sync - {"script":"<script> [8489 bytes]","args":[{"element-6066-11e4-a52e-4f735466cecf":"f.95C2E293E0D5F8D5E0F83733146F119E.d.E82FB4B7E0755DE32C18C92B6D2306DA.e.11558","ELEMENT":"f.95C2E293E0D5F8D5E0F83733146F119E.d.E82FB4B7E0755DE32C18C92B6D2306DA.e.11558"}]}
RESULT: {}
COMMAND: GET /session/d94fe9d023155d3f6895aef5421fa61d/screenshot - {}
RESULT: {"script":"<script> [8489 bytes]","args":[{"element-6066-11e4-a52e-4f735466cecf":"f.95C2E293E0D5F8D5E0F83733146F119E.d.E82FB4B7E0755DE32C18C92B6D2306DA.e.11558","ELEMENT":"f.95C2E293E0D5F8D5E0F83733146F119E.d.E82FB4B7E0755DE32C18C92B6D2306DA.e.11558"}]}
COMMAND: GET /session/d94fe9d023155d3f6895aef5421fa61d/screenshot - {}
RESULT: {}
RESULT: {}
COMMAND: POST /session/d94fe9d023155d3f6895aef5421fa61d/element - {"using":"xpath","value":"//input[contains(@id ,\"yardId-inner\")]"}
RESULT: {"using":"xpath","value":"//input[contains(@id ,\"yardId-inner\")]"}
COMMAND: POST /session/d94fe9d023155d3f6895aef5421fa61d/execute/sync - {"script":"<script> [8489 bytes]","args":[{"element-6066-11e4-a52e-4f735466cecf":"f.95C2E293E0D5F8D5E0F83733146F119E.d.E82FB4B7E0755DE32C18C92B6D2306DA.e.11751","ELEMENT":"f.95C2E293E0D5F8D5E0F83733146F119E.d.E82FB4B7E0755DE32C18C92B6D2306DA.e.11751"}]}
RESULT: {"script":"<script> [8489 bytes]","args":[{"element-6066-11e4-a52e-4f735466cecf":"f.95C2E293E0D5F8D5E0F83733146F119E.d.E82FB4B7E0755DE32C18C92B6D2306DA.e.11751","ELEMENT":"f.95C2E293E0D5F8D5E0F83733146F119E.d.E82FB4B7E0755DE32C18C92B6D2306DA.e.11751"}]}
COMMAND: POST /session/d94fe9d023155d3f6895aef5421fa61d/element - {"using":"xpath","value":"//input[contains(@id ,\"yardId-inner\")]"}
COMMAND: GET /session/d94fe9d023155d3f6895aef5421fa61d/screenshot - {}
RESULT: {"using":"xpath","value":"//input[contains(@id ,\"yardId-inner\")]"}
COMMAND: GET /session/d94fe9d023155d3f6895aef5421fa61d/element/f.95C2E293E0D5F8D5E0F83733146F119E.d.E82FB4B7E0755DE32C18C92B6D2306DA.e.11751/enabled - {}
RESULT: {}
RESULT: {}
COMMAND: POST /session/d94fe9d023155d3f6895aef5421fa61d/element/f.95C2E293E0D5F8D5E0F83733146F119E.d.E82FB4B7E0755DE32C18C92B6D2306DA.e.11751/clear - {}
COMMAND: GET /session/d94fe9d023155d3f6895aef5421fa61d/screenshot - {}
RESULT: {}
COMMAND: POST /session/d94fe9d023155d3f6895aef5421fa61d/element/f.95C2E293E0D5F8D5E0F83733146F119E.d.E82FB4B7E0755DE32C18C92B6D2306DA.e.11751/value - {"text":"WebdriverYard2rvq3"}
COMMAND: GET /session/d94fe9d023155d3f6895aef5421fa61d/screenshot - {}
RESULT: {}
RESULT: {"text":"WebdriverYard2rvq3"}
COMMAND: GET /session/d94fe9d023155d3f6895aef5421fa61d/screenshot - {}
RESULT: {}
RESULT: {}
COMMAND: POST /session/d94fe9d023155d3f6895aef5421fa61d/element - {"using":"xpath","value":"//input[contains(@id ,\"customerNumber-inner\")]"}
RESULT: {"using":"xpath","value":"//input[contains(@id ,\"customerNumber-inner\")]"}
COMMAND: POST /session/d94fe9d023155d3f6895aef5421fa61d/element/f.95C2E293E0D5F8D5E0F83733146F119E.d.E82FB4B7E0755DE32C18C92B6D2306DA.e.11745/value - {"text":"WebdriverPartnerarg99g"}
COMMAND: POST /session/d94fe9d023155d3f6895aef5421fa61d/actions - {"actions":[{"id":"action75","type":"key","parameters":{},"actions":[{"type":"keyDown","value":"î€‡"},{"type":"pause","duration":10},{"type":"keyUp","value":"î€‡"}]}]}
RESULT: {"actions":[{"id":"action75","type":"key","parameters":{},"actions":[{"type":"keyDown","value":"î€‡"},{"type":"pause","duration":10},{"type":"keyUp","value":"î€‡"}]}]}
COMMAND: GET /session/d94fe9d023155d3f6895aef5421fa61d/screenshot - {}
RESULT: {"text":"WebdriverPartnerarg99g"}
COMMAND: GET /session/d94fe9d023155d3f6895aef5421fa61d/screenshot - {}
RESULT: {}
RESULT: {}
COMMAND: POST /session/d94fe9d023155d3f6895aef5421fa61d/actions - {"actions":[{"id":"action76","type":"key","parameters":{},"actions":[{"type":"keyDown","value":"î€‡"},{"type":"pause","duration":10},{"type":"keyUp","value":"î€‡"}]}]}
RESULT: {"actions":[{"id":"action76","type":"key","parameters":{},"actions":[{"type":"keyDown","value":"î€‡"},{"type":"pause","duration":10},{"type":"keyUp","value":"î€‡"}]}]}
COMMAND: GET /session/d94fe9d023155d3f6895aef5421fa61d/screenshot - {}
RESULT: {}
COMMAND: POST /session/d94fe9d023155d3f6895aef5421fa61d/element - {"using":"xpath","value":"//input[contains(@id ,\"requestSiteId-inner\")]"}
RESULT: {"using":"xpath","value":"//input[contains(@id ,\"requestSiteId-inner\")]"}
COMMAND: POST /session/d94fe9d023155d3f6895aef5421fa61d/element/f.95C2E293E0D5F8D5E0F83733146F119E.d.E82FB4B7E0755DE32C18C92B6D2306DA.e.11744/value - {"text":"WebdriverSitetj17"}
RESULT: {"text":"WebdriverSitetj17"}
COMMAND: GET /session/d94fe9d023155d3f6895aef5421fa61d/screenshot - {}
RESULT: {}
COMMAND: POST /session/d94fe9d023155d3f6895aef5421fa61d/actions - {"actions":[{"id":"action77","type":"key","parameters":{},"actions":[{"type":"keyDown","value":"î€‡"},{"type":"pause","duration":10},{"type":"keyUp","value":"î€‡"}]}]}
RESULT: {"actions":[{"id":"action77","type":"key","parameters":{},"actions":[{"type":"keyDown","value":"î€‡"},{"type":"pause","duration":10},{"type":"keyUp","value":"î€‡"}]}]}
COMMAND: GET /session/d94fe9d023155d3f6895aef5421fa61d/screenshot - {}
RESULT: {}
COMMAND: POST /session/d94fe9d023155d3f6895aef5421fa61d/element - {"using":"xpath","value":"//bdi[contains(text(), \"Items\")]"}
RESULT: {"using":"xpath","value":"//bdi[contains(text(), \"Items\")]"}
COMMAND: POST /session/d94fe9d023155d3f6895aef5421fa61d/element/f.95C2E293E0D5F8D5E0F83733146F119E.d.E82FB4B7E0755DE32C18C92B6D2306DA.e.11908/click - {}
RESULT: {}
COMMAND: GET /session/d94fe9d023155d3f6895aef5421fa61d/screenshot - {}
RESULT: {}
COMMAND: POST /session/d94fe9d023155d3f6895aef5421fa61d/element - {"using":"xpath","value":"//button[contains(@data-kt ,\"requestItemAddOverflowToolbarButton\")]"}
RESULT: {"using":"xpath","value":"//button[contains(@data-kt ,\"requestItemAddOverflowToolbarButton\")]"}
COMMAND: POST /session/d94fe9d023155d3f6895aef5421fa61d/element/f.95C2E293E0D5F8D5E0F83733146F119E.d.E82FB4B7E0755DE32C18C92B6D2306DA.e.11723/click - {}
RESULT: {}
COMMAND: GET /session/d94fe9d023155d3f6895aef5421fa61d/screenshot - {}
RESULT: {}
COMMAND: POST /session/d94fe9d023155d3f6895aef5421fa61d/actions - {"actions":[{"id":"action78","type":"key","parameters":{},"actions":[{"type":"keyDown","value":"î€•"},{"type":"pause","duration":10},{"type":"keyUp","value":"î€•"}]}]}
RESULT: {"actions":[{"id":"action78","type":"key","parameters":{},"actions":[{"type":"keyDown","value":"î€•"},{"type":"pause","duration":10},{"type":"keyUp","value":"î€•"}]}]}
COMMAND: POST /session/d94fe9d023155d3f6895aef5421fa61d/actions - {"actions":[{"id":"action79","type":"key","parameters":{},"actions":[{"type":"keyDown","value":"î€‡"},{"type":"pause","duration":10},{"type":"keyUp","value":"î€‡"}]}]}
COMMAND: GET /session/d94fe9d023155d3f6895aef5421fa61d/screenshot - {}
RESULT: {"actions":[{"id":"action79","type":"key","parameters":{},"actions":[{"type":"keyDown","value":"î€‡"},{"type":"pause","duration":10},{"type":"keyUp","value":"î€‡"}]}]}
COMMAND: POST /session/d94fe9d023155d3f6895aef5421fa61d/element - {"using":"xpath","value":"(//input[contains(@id ,\"requestItemsTable-0-inner\")])[1]"}
COMMAND: GET /session/d94fe9d023155d3f6895aef5421fa61d/screenshot - {}
RESULT: {}
RESULT: {"using":"xpath","value":"(//input[contains(@id ,\"requestItemsTable-0-inner\")])[1]"}
COMMAND: POST /session/d94fe9d023155d3f6895aef5421fa61d/element/f.95C2E293E0D5F8D5E0F83733146F119E.d.E82FB4B7E0755DE32C18C92B6D2306DA.e.11924/clear - {}
RESULT: {}
RESULT: {}
COMMAND: POST /session/d94fe9d023155d3f6895aef5421fa61d/element/f.95C2E293E0D5F8D5E0F83733146F119E.d.E82FB4B7E0755DE32C18C92B6D2306DA.e.11924/value - {"text":"catalogItemg30go"}
COMMAND: GET /session/d94fe9d023155d3f6895aef5421fa61d/screenshot - {}
RESULT: {"text":"catalogItemg30go"}
COMMAND: GET /session/d94fe9d023155d3f6895aef5421fa61d/screenshot - {}
RESULT: {}
RESULT: {}
COMMAND: POST /session/d94fe9d023155d3f6895aef5421fa61d/actions - {"actions":[{"id":"action80","type":"key","parameters":{},"actions":[{"type":"keyDown","value":"î€‡"},{"type":"pause","duration":10},{"type":"keyUp","value":"î€‡"}]}]}
RESULT: {"actions":[{"id":"action80","type":"key","parameters":{},"actions":[{"type":"keyDown","value":"î€‡"},{"type":"pause","duration":10},{"type":"keyUp","value":"î€‡"}]}]}
COMMAND: GET /session/d94fe9d023155d3f6895aef5421fa61d/screenshot - {}
RESULT: {}
COMMAND: POST /session/d94fe9d023155d3f6895aef5421fa61d/execute/async - {"script":"<script> [1562 bytes]","args":[{"selector":{"controlType":"sap.ui.core.Icon","viewName":"etm.portal.ui.managerequests.view.NewRequest","properties":{"src":{"regex":{"source":"slim\\-arrow\\-down"}}},"ancestor":{"controlType":"sap.m.Button","viewName":"etm.portal.ui.managerequests.view.NewRequest","properties":{"icon":"sap-icon://slim-arrow-down"}}},"wdio_ui5_key":"etmportal.ui.managerequests.view.NewRequestsap.ui.core.Icon{\"src\":{\"regex\":{\"source\":\"slim\\\\-arrow\\\\-down\"}}}{\"controlType\":\"sap.m.Button\",\"viewName\":\"etm.portal.ui.managerequests.view.NewRequest\",\"properties\":{\"icon\":\"sap-icon://slim-arrow-down\"}}"}]}
RESULT: {"script":"<script> [1562 bytes]","args":[{"selector":{"controlType":"sap.ui.core.Icon","viewName":"etm.portal.ui.managerequests.view.NewRequest","properties":{"src":{"regex":{"source":"slim\\-arrow\\-down"}}},"ancestor":{"controlType":"sap.m.Button","viewName":"etm.portal.ui.managerequests.view.NewRequest","properties":{"icon":"sap-icon://slim-arrow-down"}}},"wdio_ui5_key":"etmportal.ui.managerequests.view.NewRequestsap.ui.core.Icon{\"src\":{\"regex\":{\"source\":\"slim\\\\-arrow\\\\-down\"}}}{\"controlType\":\"sap.m.Button\",\"viewName\":\"etm.portal.ui.managerequests.view.NewRequest\",\"properties\":{\"icon\":\"sap-icon://slim-arrow-down\"}}"}]}
RESULT: undefined
COMMAND: POST /session/d94fe9d023155d3f6895aef5421fa61d/element - {"using":"xpath","value":"//*[@id=\"__title4-expandBtn-img\"]"}
RESULT: {"using":"xpath","value":"//*[@id=\"__title4-expandBtn-img\"]"}
COMMAND: POST /session/d94fe9d023155d3f6895aef5421fa61d/element/f.95C2E293E0D5F8D5E0F83733146F119E.d.E82FB4B7E0755DE32C18C92B6D2306DA.e.11937/click - {}
RESULT: {}
COMMAND: GET /session/d94fe9d023155d3f6895aef5421fa61d/screenshot - {}
RESULT: {}
COMMAND: POST /session/d94fe9d023155d3f6895aef5421fa61d/element - {"using":"xpath","value":"//div[contains(@data-kt ,\"splitAllocationObjectStatus\")]"}
RESULT: {"using":"xpath","value":"//div[contains(@data-kt ,\"splitAllocationObjectStatus\")]"}
COMMAND: POST /session/d94fe9d023155d3f6895aef5421fa61d/elements - {"using":"xpath","value":"//div[contains(@data-kt ,\"splitAllocationObjectStatus\")]"}
RESULT: {"using":"xpath","value":"//div[contains(@data-kt ,\"splitAllocationObjectStatus\")]"}
COMMAND: POST /session/d94fe9d023155d3f6895aef5421fa61d/execute/async - {"script":"<script> [1562 bytes]","args":[{"selector":{"controlType":"sap.ui.core.Icon","viewName":"etm.portal.ui.managerequests.view.NewRequest","properties":{"src":{"regex":{"source":"message\\-error"}}}},"wdio_ui5_key":"etmportal.ui.managerequests.view.NewRequestsap.ui.core.Icon{\"src\":{\"regex\":{\"source\":\"message\\\\-error\"}}}"}]}
RESULT: {"script":"<script> [1562 bytes]","args":[{"selector":{"controlType":"sap.ui.core.Icon","viewName":"etm.portal.ui.managerequests.view.NewRequest","properties":{"src":{"regex":{"source":"message\\-error"}}}},"wdio_ui5_key":"etmportal.ui.managerequests.view.NewRequestsap.ui.core.Icon{\"src\":{\"regex\":{\"source\":\"message\\\\-error\"}}}"}]}
RESULT: undefined
COMMAND: POST /session/d94fe9d023155d3f6895aef5421fa61d/element - {"using":"xpath","value":"//*[@id=\"__status4-__xmlview1--requestItemsTable-0-icon\"]"}
RESULT: {"using":"xpath","value":"//*[@id=\"__status4-__xmlview1--requestItemsTable-0-icon\"]"}
COMMAND: POST /session/d94fe9d023155d3f6895aef5421fa61d/element/f.95C2E293E0D5F8D5E0F83733146F119E.d.E82FB4B7E0755DE32C18C92B6D2306DA.e.11942/click - {}
RESULT: {}
COMMAND: POST /session/d94fe9d023155d3f6895aef5421fa61d/execute/async - {"script":"<script> [1562 bytes]","args":[{"selector":{"controlType":"sap.ui.core.Icon","viewName":"etm.portal.ui.managerequests.view.NewRequest","properties":{"src":{"regex":{"source":"slim\\-arrow\\-down"}}},"searchOpenDialogs":true,"ancestor":{"id":"costObjectAdminTypeComboBox","viewName":"etm.portal.ui.managerequests.view.NewRequest","searchOpenDialogs":true}},"wdio_ui5_key":"etmportal.ui.managerequests.view.NewRequestsap.ui.core.Icon{\"src\":{\"regex\":{\"source\":\"slim\\\\-arrow\\\\-down\"}}}{\"id\":\"costObjectAdminTypeComboBox\",\"viewName\":\"etm.portal.ui.managerequests.view.NewRequest\",\"searchOpenDialogs\":true}"}]}
COMMAND: GET /session/d94fe9d023155d3f6895aef5421fa61d/screenshot - {}
RESULT: {"script":"<script> [1562 bytes]","args":[{"selector":{"controlType":"sap.ui.core.Icon","viewName":"etm.portal.ui.managerequests.view.NewRequest","properties":{"src":{"regex":{"source":"slim\\-arrow\\-down"}}},"searchOpenDialogs":true,"ancestor":{"id":"costObjectAdminTypeComboBox","viewName":"etm.portal.ui.managerequests.view.NewRequest","searchOpenDialogs":true}},"wdio_ui5_key":"etmportal.ui.managerequests.view.NewRequestsap.ui.core.Icon{\"src\":{\"regex\":{\"source\":\"slim\\\\-arrow\\\\-down\"}}}{\"id\":\"costObjectAdminTypeComboBox\",\"viewName\":\"etm.portal.ui.managerequests.view.NewRequest\",\"searchOpenDialogs\":true}"}]}
RESULT: undefined
COMMAND: POST /session/d94fe9d023155d3f6895aef5421fa61d/element - {"using":"xpath","value":"//*[@id=\"__xmlview1--costObjectAdminTypeComboBox-arrow\"]"}
RESULT: {}
RESULT: {"using":"xpath","value":"//*[@id=\"__xmlview1--costObjectAdminTypeComboBox-arrow\"]"}
COMMAND: POST /session/d94fe9d023155d3f6895aef5421fa61d/element/f.95C2E293E0D5F8D5E0F83733146F119E.d.E82FB4B7E0755DE32C18C92B6D2306DA.e.11947/click - {}
RESULT: {}
COMMAND: POST /session/d94fe9d023155d3f6895aef5421fa61d/execute/async - {"script":"<script> [1562 bytes]","args":[{"selector":{"controlType":"sap.m.StandardListItem","viewName":"etm.portal.ui.managerequests.view.NewRequest","properties":{"title":"Cost Center"},"searchOpenDialogs":true,"interaction":{"idSuffix":"titleText"}},"wdio_ui5_key":"etmportal.ui.managerequests.view.NewRequestsap.m.StandardListItem{\"title\":\"Cost Center\"}"}]}
COMMAND: GET /session/d94fe9d023155d3f6895aef5421fa61d/screenshot - {}
RESULT: {}
RESULT: {"script":"<script> [1562 bytes]","args":[{"selector":{"controlType":"sap.m.StandardListItem","viewName":"etm.portal.ui.managerequests.view.NewRequest","properties":{"title":"Cost Center"},"searchOpenDialogs":true,"interaction":{"idSuffix":"titleText"}},"wdio_ui5_key":"etmportal.ui.managerequests.view.NewRequestsap.m.StandardListItem{\"title\":\"Cost Center\"}"}]}
RESULT: undefined
COMMAND: POST /session/d94fe9d023155d3f6895aef5421fa61d/element - {"using":"xpath","value":"//*[@id=\"__item970\"]"}
RESULT: {"using":"xpath","value":"//*[@id=\"__item970\"]"}
COMMAND: POST /session/d94fe9d023155d3f6895aef5421fa61d/element/f.95C2E293E0D5F8D5E0F83733146F119E.d.E82FB4B7E0755DE32C18C92B6D2306DA.e.11950/click - {}
RESULT: {}
COMMAND: POST /session/d94fe9d023155d3f6895aef5421fa61d/execute/async - {"script":"<script> [1562 bytes]","args":[{"selector":{"controlType":"sap.ui.core.Icon","viewName":"etm.portal.ui.managerequests.view.NewRequest","properties":{"src":{"regex":{"source":"value\\-help"}}},"searchOpenDialogs":true},"wdio_ui5_key":"etmportal.ui.managerequests.view.NewRequestsap.ui.core.Icon{\"src\":{\"regex\":{\"source\":\"value\\\\-help\"}}}"}]}
COMMAND: GET /session/d94fe9d023155d3f6895aef5421fa61d/screenshot - {}
RESULT: {"script":"<script> [1562 bytes]","args":[{"selector":{"controlType":"sap.ui.core.Icon","viewName":"etm.portal.ui.managerequests.view.NewRequest","properties":{"src":{"regex":{"source":"value\\-help"}}},"searchOpenDialogs":true},"wdio_ui5_key":"etmportal.ui.managerequests.view.NewRequestsap.ui.core.Icon{\"src\":{\"regex\":{\"source\":\"value\\\\-help\"}}}"}]}
RESULT: undefined
COMMAND: POST /session/d94fe9d023155d3f6895aef5421fa61d/element - {"using":"xpath","value":"//*[@id=\"__xmlview1--costObjectIdComboBox-vhi\"]"}
RESULT: {}
RESULT: {"using":"xpath","value":"//*[@id=\"__xmlview1--costObjectIdComboBox-vhi\"]"}
COMMAND: POST /session/d94fe9d023155d3f6895aef5421fa61d/element/f.95C2E293E0D5F8D5E0F83733146F119E.d.E82FB4B7E0755DE32C18C92B6D2306DA.e.11954/click - {}
RESULT: {}
COMMAND: POST /session/d94fe9d023155d3f6895aef5421fa61d/execute/async - {"script":"<script> [1562 bytes]","args":[{"selector":{"controlType":"sap.m.SearchField","properties":{"placeholder":"Search"},"searchOpenDialogs":true,"interaction":{"idSuffix":"I"}},"wdio_ui5_key":"sapm.SearchField{\"placeholder\":\"Search\"}"}]}
COMMAND: GET /session/d94fe9d023155d3f6895aef5421fa61d/screenshot - {}
RESULT: {"script":"<script> [1562 bytes]","args":[{"selector":{"controlType":"sap.m.SearchField","properties":{"placeholder":"Search"},"searchOpenDialogs":true,"interaction":{"idSuffix":"I"}},"wdio_ui5_key":"sapm.SearchField{\"placeholder\":\"Search\"}"}]}
RESULT: undefined
COMMAND: POST /session/d94fe9d023155d3f6895aef5421fa61d/execute/async - {"script":"<script> [776 bytes]","args":[{"enterText":"10001010","selector":{"controlType":"sap.m.SearchField","properties":{"placeholder":"Search"},"searchOpenDialogs":true,"interaction":{"idSuffix":"I"}},"clearTextFirst":true,"interactionType":"ENTER_TEXT"}]}
RESULT: {}
RESULT: {"script":"<script> [776 bytes]","args":[{"enterText":"10001010","selector":{"controlType":"sap.m.SearchField","properties":{"placeholder":"Search"},"searchOpenDialogs":true,"interaction":{"idSuffix":"I"}},"clearTextFirst":true,"interactionType":"ENTER_TEXT"}]}
COMMAND: POST /session/d94fe9d023155d3f6895aef5421fa61d/actions - {"actions":[{"id":"action81","type":"key","parameters":{},"actions":[{"type":"keyDown","value":"î€‡"},{"type":"pause","duration":10},{"type":"keyUp","value":"î€‡"}]}]}
RESULT: {"actions":[{"id":"action81","type":"key","parameters":{},"actions":[{"type":"keyDown","value":"î€‡"},{"type":"pause","duration":10},{"type":"keyUp","value":"î€‡"}]}]}
COMMAND: GET /session/d94fe9d023155d3f6895aef5421fa61d/screenshot - {}
RESULT: {}
COMMAND: POST /session/d94fe9d023155d3f6895aef5421fa61d/execute/async - {"script":"<script> [1562 bytes]","args":[{"selector":{"controlType":"sap.m.Text","bindingPath":{"path":"/C_CostCtrValueHelp(CostCenter='10001010',ControllingArea='Z001')","propertyPath":"CostCenterName","modelName":"CostCenterModel"},"searchOpenDialogs":true},"wdio_ui5_key":"sapm.Text{\"path\":\"/C_CostCtrValueHelp(CostCenter='10001010',ControllingArea='Z001')\",\"propertyPath\":\"CostCenterName\",\"modelName\":\"CostCenterModel\"}"}]}
RESULT: {"script":"<script> [1562 bytes]","args":[{"selector":{"controlType":"sap.m.Text","bindingPath":{"path":"/C_CostCtrValueHelp(CostCenter='10001010',ControllingArea='Z001')","propertyPath":"CostCenterName","modelName":"CostCenterModel"},"searchOpenDialogs":true},"wdio_ui5_key":"sapm.Text{\"path\":\"/C_CostCtrValueHelp(CostCenter='10001010',ControllingArea='Z001')\",\"propertyPath\":\"CostCenterName\",\"modelName\":\"CostCenterModel\"}"}]}
RESULT: undefined
COMMAND: POST /session/d94fe9d023155d3f6895aef5421fa61d/element - {"using":"xpath","value":"//*[@id=\"__text265-__clone1100\"]"}
RESULT: {"using":"xpath","value":"//*[@id=\"__text265-__clone1100\"]"}
COMMAND: POST /session/d94fe9d023155d3f6895aef5421fa61d/element/f.95C2E293E0D5F8D5E0F83733146F119E.d.E82FB4B7E0755DE32C18C92B6D2306DA.e.11994/click - {}
RESULT: {}
COMMAND: POST /session/d94fe9d023155d3f6895aef5421fa61d/execute/async - {"script":"<script> [1562 bytes]","args":[{"selector":{"controlType":"sap.m.Button","properties":{"text":"OK"},"searchOpenDialogs":true,"interaction":{"idSuffix":"BDI-content"}},"wdio_ui5_key":"sapm.Button{\"text\":\"OK\"}"}]}
COMMAND: GET /session/d94fe9d023155d3f6895aef5421fa61d/screenshot - {}
RESULT: {"script":"<script> [1562 bytes]","args":[{"selector":{"controlType":"sap.m.Button","properties":{"text":"OK"},"searchOpenDialogs":true,"interaction":{"idSuffix":"BDI-content"}},"wdio_ui5_key":"sapm.Button{\"text\":\"OK\"}"}]}
RESULT: undefined
COMMAND: POST /session/d94fe9d023155d3f6895aef5421fa61d/element - {"using":"xpath","value":"//*[@id=\"__dialog1-ok\"]"}
RESULT: {}
RESULT: {"using":"xpath","value":"//*[@id=\"__dialog1-ok\"]"}
COMMAND: POST /session/d94fe9d023155d3f6895aef5421fa61d/element/f.95C2E293E0D5F8D5E0F83733146F119E.d.E82FB4B7E0755DE32C18C92B6D2306DA.e.11996/click - {}
RESULT: {}
COMMAND: GET /session/d94fe9d023155d3f6895aef5421fa61d/screenshot - {}
RESULT: {}
COMMAND: POST /session/d94fe9d023155d3f6895aef5421fa61d/execute/async - {"script":"<script> [1562 bytes]","args":[{"selector":{"controlType":"sap.m.Button","viewName":"etm.portal.ui.managerequests.view.NewRequest","i18NText":{"propertyName":"text","key":"save"},"searchOpenDialogs":true,"interaction":{"idSuffix":"BDI-content"}},"wdio_ui5_key":"etmportal.ui.managerequests.view.NewRequestsap.m.Button{\"propertyName\":\"text\",\"key\":\"save\"}"}]}
RESULT: {"script":"<script> [1562 bytes]","args":[{"selector":{"controlType":"sap.m.Button","viewName":"etm.portal.ui.managerequests.view.NewRequest","i18NText":{"propertyName":"text","key":"save"},"searchOpenDialogs":true,"interaction":{"idSuffix":"BDI-content"}},"wdio_ui5_key":"etmportal.ui.managerequests.view.NewRequestsap.m.Button{\"propertyName\":\"text\",\"key\":\"save\"}"}]}
RESULT: undefined
COMMAND: POST /session/d94fe9d023155d3f6895aef5421fa61d/element - {"using":"xpath","value":"//*[@id=\"__button22\"]"}
RESULT: {"using":"xpath","value":"//*[@id=\"__button22\"]"}
COMMAND: POST /session/d94fe9d023155d3f6895aef5421fa61d/element/f.95C2E293E0D5F8D5E0F83733146F119E.d.E82FB4B7E0755DE32C18C92B6D2306DA.e.12000/click - {}
RESULT: {}
COMMAND: GET /session/d94fe9d023155d3f6895aef5421fa61d/screenshot - {}
RESULT: {}
COMMAND: POST /session/d94fe9d023155d3f6895aef5421fa61d/element - {"using":"xpath","value":"(//bdi[contains(text() ,\"Save\")])[1]"}
RESULT: {"using":"xpath","value":"(//bdi[contains(text() ,\"Save\")])[1]"}
COMMAND: POST /session/d94fe9d023155d3f6895aef5421fa61d/element/f.95C2E293E0D5F8D5E0F83733146F119E.d.E82FB4B7E0755DE32C18C92B6D2306DA.e.12002/click - {}
RESULT: {}
COMMAND: GET /session/d94fe9d023155d3f6895aef5421fa61d/screenshot - {}
RESULT: {}
COMMAND: POST /session/d94fe9d023155d3f6895aef5421fa61d/execute/async - {"script":"<script> [1562 bytes]","args":[{"selector":{"controlType":"sap.m.Title","properties":{"text":"Success"},"searchOpenDialogs":true},"wdio_ui5_key":"sapm.Title{\"text\":\"Success\"}"}]}
RESULT: {"script":"<script> [1562 bytes]","args":[{"selector":{"controlType":"sap.m.Title","properties":{"text":"Success"},"searchOpenDialogs":true},"wdio_ui5_key":"sapm.Title{\"text\":\"Success\"}"}]}
RESULT: undefined
COMMAND: POST /session/d94fe9d023155d3f6895aef5421fa61d/execute/async - {"script":"<script> [6424 bytes]","args":[{"element-6066-11e4-a52e-4f735466cecf":"f.95C2E293E0D5F8D5E0F83733146F119E.d.E82FB4B7E0755DE32C18C92B6D2306DA.e.12005"},"getText",[]]}
RESULT: {"script":"<script> [6424 bytes]","args":[{"element-6066-11e4-a52e-4f735466cecf":"f.95C2E293E0D5F8D5E0F83733146F119E.d.E82FB4B7E0755DE32C18C92B6D2306DA.e.12005"},"getText",[]]}
COMMAND: POST /session/d94fe9d023155d3f6895aef5421fa61d/execute/async - {"script":"<script> [1562 bytes]","args":[{"selector":{"controlType":"sap.m.Button","properties":{"text":"Close"},"searchOpenDialogs":true,"interaction":{"idSuffix":"BDI-content"}},"wdio_ui5_key":"sapm.Button{\"text\":\"Close\"}"}]}
RESULT: {"script":"<script> [1562 bytes]","args":[{"selector":{"controlType":"sap.m.Button","properties":{"text":"Close"},"searchOpenDialogs":true,"interaction":{"idSuffix":"BDI-content"}},"wdio_ui5_key":"sapm.Button{\"text\":\"Close\"}"}]}
RESULT: undefined
COMMAND: POST /session/d94fe9d023155d3f6895aef5421fa61d/element - {"using":"xpath","value":"//*[@id=\"__mbox-btn-0\"]"}
RESULT: {"using":"xpath","value":"//*[@id=\"__mbox-btn-0\"]"}
COMMAND: POST /session/d94fe9d023155d3f6895aef5421fa61d/element/f.95C2E293E0D5F8D5E0F83733146F119E.d.E82FB4B7E0755DE32C18C92B6D2306DA.e.12004/click - {}
RESULT: {}
COMMAND: GET /session/d94fe9d023155d3f6895aef5421fa61d/screenshot - {}
RESULT: {}
COMMAND: POST /session/d94fe9d023155d3f6895aef5421fa61d/execute/async - {"script":"<script> [1562 bytes]","args":[{"selector":{"controlType":"sap.m.Text","viewName":"etm.portal.ui.managerequests.view.Detail","bindingPath":{"propertyPath":"NO","modelName":"catalogModel"}},"wdio_ui5_key":"etmportal.ui.managerequests.view.Detailsap.m.Text{\"propertyPath\":\"NO\",\"modelName\":\"catalogModel\"}"}]}
RESULT: {"script":"<script> [1562 bytes]","args":[{"selector":{"controlType":"sap.m.Text","viewName":"etm.portal.ui.managerequests.view.Detail","bindingPath":{"propertyPath":"NO","modelName":"catalogModel"}},"wdio_ui5_key":"etmportal.ui.managerequests.view.Detailsap.m.Text{\"propertyPath\":\"NO\",\"modelName\":\"catalogModel\"}"}]}
RESULT: undefined
COMMAND: POST /session/d94fe9d023155d3f6895aef5421fa61d/execute/async - {"script":"<script> [6424 bytes]","args":[{"element-6066-11e4-a52e-4f735466cecf":"f.95C2E293E0D5F8D5E0F83733146F119E.d.E82FB4B7E0755DE32C18C92B6D2306DA.e.12132"},"getText",[]]}
RESULT: {"script":"<script> [6424 bytes]","args":[{"element-6066-11e4-a52e-4f735466cecf":"f.95C2E293E0D5F8D5E0F83733146F119E.d.E82FB4B7E0755DE32C18C92B6D2306DA.e.12132"},"getText",[]]}
COMMAND: POST /session/d94fe9d023155d3f6895aef5421fa61d/execute/async - {"script":"<script> [1562 bytes]","args":[{"selector":{"controlType":"sap.ui.core.Icon","viewName":"etm.portal.ui.managerequests.view.Detail","properties":{"src":{"regex":{"source":"date\\-time"}}},"ancestor":{"controlType":"sap.m.ColumnListItem","viewName":"etm.portal.ui.managerequests.view.Detail","bindingPath":{"path":"/SmartRequestItemsPlanningBoard(ITEM=10m,REQUEST='20408')"},"ancestor":{"id":"requestItemsTable","viewName":"etm.portal.ui.managerequests.view.Detail"}}},"wdio_ui5_key":"etmportal.ui.managerequests.view.Detailsap.ui.core.Icon{\"src\":{\"regex\":{\"source\":\"date\\\\-time\"}}}{\"controlType\":\"sap.m.ColumnListItem\",\"viewName\":\"etm.portal.ui.managerequests.view.Detail\",\"bindingPath\":{\"path\":\"/SmartRequestItemsPlanningBoard(ITEM=10m,REQUEST='20408')\"},\"ancestor\":{\"id\":\"requestItemsTable\",\"viewName\":\"etm.portal.ui.managerequests.view.Detail\"}}"}]}
RESULT: {"script":"<script> [1562 bytes]","args":[{"selector":{"controlType":"sap.ui.core.Icon","viewName":"etm.portal.ui.managerequests.view.Detail","properties":{"src":{"regex":{"source":"date\\-time"}}},"ancestor":{"controlType":"sap.m.ColumnListItem","viewName":"etm.portal.ui.managerequests.view.Detail","bindingPath":{"path":"/SmartRequestItemsPlanningBoard(ITEM=10m,REQUEST='20408')"},"ancestor":{"id":"requestItemsTable","viewName":"etm.portal.ui.managerequests.view.Detail"}}},"wdio_ui5_key":"etmportal.ui.managerequests.view.Detailsap.ui.core.Icon{\"src\":{\"regex\":{\"source\":\"date\\\\-time\"}}}{\"controlType\":\"sap.m.ColumnListItem\",\"viewName\":\"etm.portal.ui.managerequests.view.Detail\",\"bindingPath\":{\"path\":\"/SmartRequestItemsPlanningBoard(ITEM=10m,REQUEST='20408')\"},\"ancestor\":{\"id\":\"requestItemsTable\",\"viewName\":\"etm.portal.ui.managerequests.view.Detail\"}}"}]}
RESULT: undefined
COMMAND: POST /session/d94fe9d023155d3f6895aef5421fa61d/element - {"using":"xpath","value":"//*[@id=\"__button37-__clone1139-img\"]"}
RESULT: {"using":"xpath","value":"//*[@id=\"__button37-__clone1139-img\"]"}
COMMAND: POST /session/d94fe9d023155d3f6895aef5421fa61d/element/f.95C2E293E0D5F8D5E0F83733146F119E.d.E82FB4B7E0755DE32C18C92B6D2306DA.e.12133/click - {}
RESULT: {}
COMMAND: POST /session/d94fe9d023155d3f6895aef5421fa61d/execute/async - {"script":"<script> [1562 bytes]","args":[{"selector":{"controlType":"sap.m.Button","viewName":"etm.portal.ui.managerequests.view.Detail","properties":{"text":"Close"},"searchOpenDialogs":true,"interaction":{"idSuffix":"BDI-content"}},"wdio_ui5_key":"etmportal.ui.managerequests.view.Detailsap.m.Button{\"text\":\"Close\"}"}]}
COMMAND: GET /session/d94fe9d023155d3f6895aef5421fa61d/screenshot - {}
RESULT: {"script":"<script> [1562 bytes]","args":[{"selector":{"controlType":"sap.m.Button","viewName":"etm.portal.ui.managerequests.view.Detail","properties":{"text":"Close"},"searchOpenDialogs":true,"interaction":{"idSuffix":"BDI-content"}},"wdio_ui5_key":"etmportal.ui.managerequests.view.Detailsap.m.Button{\"text\":\"Close\"}"}]}
RESULT: undefined
COMMAND: POST /session/d94fe9d023155d3f6895aef5421fa61d/element - {"using":"xpath","value":"//*[@id=\"__button47\"]"}
RESULT: {}
RESULT: {"using":"xpath","value":"//*[@id=\"__button47\"]"}
COMMAND: POST /session/d94fe9d023155d3f6895aef5421fa61d/element/f.95C2E293E0D5F8D5E0F83733146F119E.d.E82FB4B7E0755DE32C18C92B6D2306DA.e.12135/click - {}
RESULT: {}
COMMAND: POST /session/d94fe9d023155d3f6895aef5421fa61d/refresh - {}
COMMAND: GET /session/d94fe9d023155d3f6895aef5421fa61d/screenshot - {}
RESULT: {}
COMMAND: GET /session/d94fe9d023155d3f6895aef5421fa61d/screenshot - {}
RESULT: {}
RESULT: {}
COMMAND: POST /session/d94fe9d023155d3f6895aef5421fa61d/execute/async - {"script":"<script> [189 bytes]","args":[]}
RESULT: {"script":"<script> [189 bytes]","args":[]}
COMMAND: POST /session/d94fe9d023155d3f6895aef5421fa61d/execute/async - {"script":"<script> [123 bytes]","args":[]}
RESULT: {"script":"<script> [123 bytes]","args":[]}
COMMAND: POST /session/d94fe9d023155d3f6895aef5421fa61d/timeouts - {"script":"<number>"}
RESULT: {"script":"<number>"}
COMMAND: GET /session/d94fe9d023155d3f6895aef5421fa61d/timeouts - {}
RESULT: {}
RESULT: undefined
COMMAND: POST /session/d94fe9d023155d3f6895aef5421fa61d/execute/async - {"script":"<script> [2676 bytes]","args":[]}
RESULT: {"script":"<script> [2676 bytes]","args":[]}
COMMAND: POST /session/d94fe9d023155d3f6895aef5421fa61d/execute/async - {"script":"<script> [2342 bytes]","args":[{"protocol":"http","hostname":"0.0.0.0","path":"/","capabilities":{"browserName":"chrome","goog:chromeOptions":{"binary":"C:\\Program Files\\Google\\Chrome\\Application\\chrome.exe","args":["--start-maximized"]}},"logLevel":"warn","connectionRetryTimeout":120000,"connectionRetryCount":3,"logLevels":{},"enableDirectConnect":true,"strictSSL":true,"_":"65 more keys: [\"cacheDir\",\"port\",\"requestedCapabilities\",\"automationProtocol\",\"baseUrl\",\"waitforInterval\",\"waitforTimeout\",\"onReload\",\"beforeCommand\",\"afterCommand\",\"rootDir\",\"specs\",\"suites\",\"exclude\",\"groupLogsByTestSpec\",\"excludeDriverLogs\",\"bail\",\"framework\",\"reporters\",\"services\",\"maxInstances\",\"maxInstancesPerCapability\",\"injectGlobals\",\"filesToWatch\",\"execArgv\",\"runnerEnv\",\"runner\",\"shard\",\"specFileRetries\",\"specFileRetriesDelay\",\"specFileRetriesDeferred\",\"reporterSyncInterval\",\"reporterSyncTimeout\",\"cucumberFeaturesWithLineNumbers\",\"autoCompileOpts\",\"mochaOpts\",\"jasmineOpts\",\"cucumberOpts\",\"onPrepare\",\"onWorkerStart\",\"onWorkerEnd\",\"before\",\"beforeSession\",\"beforeSuite\",\"beforeHook\",\"beforeTest\",\"afterTest\",\"afterHook\",\"afterSuite\",\"afterSession\",\"after\",\"onComplete\",\"beforeAssertion\",\"afterAssertion\",\"beforeFeature\",\"beforeScenario\",\"beforeStep\",\"afterStep\",\"afterScenario\",\"afterFeature\",\"_\",\"suite\",\"$0\",\"ignoredWorkerServices\",\"wdi5\"]"}]}
RESULT: {"script":"<script> [2342 bytes]","args":[{"protocol":"http","hostname":"0.0.0.0","path":"/","capabilities":{"browserName":"chrome","goog:chromeOptions":{"binary":"C:\\Program Files\\Google\\Chrome\\Application\\chrome.exe","args":["--start-maximized"]}},"logLevel":"warn","connectionRetryTimeout":120000,"connectionRetryCount":3,"logLevels":{},"enableDirectConnect":true,"strictSSL":true,"_":"65 more keys: [\"cacheDir\",\"port\",\"requestedCapabilities\",\"automationProtocol\",\"baseUrl\",\"waitforInterval\",\"waitforTimeout\",\"onReload\",\"beforeCommand\",\"afterCommand\",\"rootDir\",\"specs\",\"suites\",\"exclude\",\"groupLogsByTestSpec\",\"excludeDriverLogs\",\"bail\",\"framework\",\"reporters\",\"services\",\"maxInstances\",\"maxInstancesPerCapability\",\"injectGlobals\",\"filesToWatch\",\"execArgv\",\"runnerEnv\",\"runner\",\"shard\",\"specFileRetries\",\"specFileRetriesDelay\",\"specFileRetriesDeferred\",\"reporterSyncInterval\",\"reporterSyncTimeout\",\"cucumberFeaturesWithLineNumbers\",\"autoCompileOpts\",\"mochaOpts\",\"jasmineOpts\",\"cucumberOpts\",\"onPrepare\",\"onWorkerStart\",\"onWorkerEnd\",\"before\",\"beforeSession\",\"beforeSuite\",\"beforeHook\",\"beforeTest\",\"afterTest\",\"afterHook\",\"afterSuite\",\"afterSession\",\"after\",\"onComplete\",\"beforeAssertion\",\"afterAssertion\",\"beforeFeature\",\"beforeScenario\",\"beforeStep\",\"afterStep\",\"afterScenario\",\"afterFeature\",\"_\",\"suite\",\"$0\",\"ignoredWorkerServices\",\"wdi5\"]"}]}
COMMAND: POST /session/d94fe9d023155d3f6895aef5421fa61d/execute/async - {"script":"<script> [21126 bytes]","args":[35000]}
RESULT: {"script":"<script> [21126 bytes]","args":[35000]}
]]></system-out>
    </testcase>
    <testcase classname="chrome.135_0_7049_96.windows.Process_request_items_into_new_quotation_US120163" name="Should process the request into a new quotation" time="46.987">
      <system-out><![CDATA[
COMMAND: GET /session/d94fe9d023155d3f6895aef5421fa61d/window - {}
RESULT: {}
COMMAND: POST /session/d94fe9d023155d3f6895aef5421fa61d/element - {"using":"xpath","value":"//span[contains(@id ,\"detailHeaderTitle-_actionsToolbar-overflowButton-img\")]"}
RESULT: {"using":"xpath","value":"//span[contains(@id ,\"detailHeaderTitle-_actionsToolbar-overflowButton-img\")]"}
COMMAND: POST /session/d94fe9d023155d3f6895aef5421fa61d/element/f.95C2E293E0D5F8D5E0F83733146F119E.d.6C0CBC9BB4076632AF01CFE7DE427666.e.12358/click - {}
RESULT: {}
COMMAND: GET /session/d94fe9d023155d3f6895aef5421fa61d/screenshot - {}
RESULT: {}
COMMAND: POST /session/d94fe9d023155d3f6895aef5421fa61d/element - {"using":"xpath","value":"//span[contains(@id ,\"actionsMenuButton-internalSplitBtn-arrowButton-img\")]"}
RESULT: {"using":"xpath","value":"//span[contains(@id ,\"actionsMenuButton-internalSplitBtn-arrowButton-img\")]"}
COMMAND: POST /session/d94fe9d023155d3f6895aef5421fa61d/element/f.95C2E293E0D5F8D5E0F83733146F119E.d.6C0CBC9BB4076632AF01CFE7DE427666.e.12361/click - {}
RESULT: {}
COMMAND: GET /session/d94fe9d023155d3f6895aef5421fa61d/screenshot - {}
RESULT: {}
COMMAND: POST /session/d94fe9d023155d3f6895aef5421fa61d/actions - {"actions":[{"id":"action82","type":"key","parameters":{},"actions":[{"type":"keyDown","value":"î€•"},{"type":"pause","duration":10},{"type":"keyUp","value":"î€•"}]}]}
RESULT: {"actions":[{"id":"action82","type":"key","parameters":{},"actions":[{"type":"keyDown","value":"î€•"},{"type":"pause","duration":10},{"type":"keyUp","value":"î€•"}]}]}
COMMAND: GET /session/d94fe9d023155d3f6895aef5421fa61d/screenshot - {}
RESULT: {}
COMMAND: POST /session/d94fe9d023155d3f6895aef5421fa61d/actions - {"actions":[{"id":"action83","type":"key","parameters":{},"actions":[{"type":"keyDown","value":"î€‡"},{"type":"pause","duration":10},{"type":"keyUp","value":"î€‡"}]}]}
RESULT: {"actions":[{"id":"action83","type":"key","parameters":{},"actions":[{"type":"keyDown","value":"î€‡"},{"type":"pause","duration":10},{"type":"keyUp","value":"î€‡"}]}]}
COMMAND: GET /session/d94fe9d023155d3f6895aef5421fa61d/screenshot - {}
RESULT: {}
COMMAND: POST /session/d94fe9d023155d3f6895aef5421fa61d/actions - {"actions":[{"id":"action84","type":"key","parameters":{},"actions":[{"type":"keyDown","value":"î€‡"},{"type":"pause","duration":10},{"type":"keyUp","value":"î€‡"}]}]}
RESULT: {"actions":[{"id":"action84","type":"key","parameters":{},"actions":[{"type":"keyDown","value":"î€‡"},{"type":"pause","duration":10},{"type":"keyUp","value":"î€‡"}]}]}
COMMAND: GET /session/d94fe9d023155d3f6895aef5421fa61d/screenshot - {}
RESULT: {}
COMMAND: POST /session/d94fe9d023155d3f6895aef5421fa61d/actions - {"actions":[{"id":"action85","type":"key","parameters":{},"actions":[{"type":"keyDown","value":"î€‡"},{"type":"pause","duration":10},{"type":"keyUp","value":"î€‡"}]}]}
RESULT: {"actions":[{"id":"action85","type":"key","parameters":{},"actions":[{"type":"keyDown","value":"î€‡"},{"type":"pause","duration":10},{"type":"keyUp","value":"î€‡"}]}]}
COMMAND: GET /session/d94fe9d023155d3f6895aef5421fa61d/screenshot - {}
RESULT: {}
COMMAND: POST /session/d94fe9d023155d3f6895aef5421fa61d/actions - {"actions":[{"id":"action86","type":"key","parameters":{},"actions":[{"type":"keyDown","value":"î€‡"},{"type":"pause","duration":10},{"type":"keyUp","value":"î€‡"}]}]}
RESULT: {"actions":[{"id":"action86","type":"key","parameters":{},"actions":[{"type":"keyDown","value":"î€‡"},{"type":"pause","duration":10},{"type":"keyUp","value":"î€‡"}]}]}
COMMAND: GET /session/d94fe9d023155d3f6895aef5421fa61d/screenshot - {}
RESULT: {}
COMMAND: GET /session/d94fe9d023155d3f6895aef5421fa61d/window/handles - {}
RESULT: {}
COMMAND: GET /session/d94fe9d023155d3f6895aef5421fa61d/window/handles - {}
RESULT: {}
COMMAND: POST /session/d94fe9d023155d3f6895aef5421fa61d/window - {"handle":"C6E8DF894EF393296921D47737802461"}
RESULT: {"handle":"C6E8DF894EF393296921D47737802461"}
COMMAND: GET /session/d94fe9d023155d3f6895aef5421fa61d/url - {}
RESULT: {}
COMMAND: GET /session/d94fe9d023155d3f6895aef5421fa61d/screenshot - {}
RESULT: {}
COMMAND: POST /session/d94fe9d023155d3f6895aef5421fa61d/element - {"using":"xpath","value":"//span[contains(text(), \"Header Billing Items\")]"}
RESULT: {"using":"xpath","value":"//span[contains(text(), \"Header Billing Items\")]"}
COMMAND: POST /session/d94fe9d023155d3f6895aef5421fa61d/element/f.C6E8DF894EF393296921D47737802461.d.13F65AD731D796FE445FA49E4F02DA5F.e.12568/click - {}
RESULT: {}
COMMAND: GET /session/d94fe9d023155d3f6895aef5421fa61d/screenshot - {}
RESULT: {}
COMMAND: POST /session/d94fe9d023155d3f6895aef5421fa61d/element - {"using":"xpath","value":"//span[contains(@id ,\"contractItemsSmartTable-header-inner\")]"}
RESULT: {"using":"xpath","value":"//span[contains(@id ,\"contractItemsSmartTable-header-inner\")]"}
COMMAND: GET /session/d94fe9d023155d3f6895aef5421fa61d/element/f.C6E8DF894EF393296921D47737802461.d.13F65AD731D796FE445FA49E4F02DA5F.e.12590/text - {}
RESULT: {}
COMMAND: POST /session/d94fe9d023155d3f6895aef5421fa61d/element - {"using":"xpath","value":"//span[@class=\"sapMObjStatusText\"][contains(text(), \"proposed\")]"}
RESULT: {"using":"xpath","value":"//span[@class=\"sapMObjStatusText\"][contains(text(), \"proposed\")]"}
COMMAND: GET /session/d94fe9d023155d3f6895aef5421fa61d/element/f.C6E8DF894EF393296921D47737802461.d.13F65AD731D796FE445FA49E4F02DA5F.e.12591/text - {}
RESULT: {}
COMMAND: DELETE /session/d94fe9d023155d3f6895aef5421fa61d/window - {}
RESULT: {}
COMMAND: POST /session/d94fe9d023155d3f6895aef5421fa61d/window - {"handle":"95C2E293E0D5F8D5E0F83733146F119E"}
RESULT: {"handle":"95C2E293E0D5F8D5E0F83733146F119E"}
COMMAND: GET /session/d94fe9d023155d3f6895aef5421fa61d/url - {}
RESULT: {}
COMMAND: GET /session/d94fe9d023155d3f6895aef5421fa61d/screenshot - {}
RESULT: {}
]]></system-out>
    </testcase>
    <testcase classname="chrome.135_0_7049_96.windows.Process_request_items_into_new_quotation_US120163" name="Should navigate back to the request and check the request and item statuses" time="23.921">
      <system-out><![CDATA[
COMMAND: POST /session/d94fe9d023155d3f6895aef5421fa61d/refresh - {}
RESULT: {}
COMMAND: GET /session/d94fe9d023155d3f6895aef5421fa61d/screenshot - {}
RESULT: {}
COMMAND: POST /session/d94fe9d023155d3f6895aef5421fa61d/execute/async - {"script":"<script> [189 bytes]","args":[]}
RESULT: {"script":"<script> [189 bytes]","args":[]}
COMMAND: POST /session/d94fe9d023155d3f6895aef5421fa61d/execute/async - {"script":"<script> [123 bytes]","args":[]}
RESULT: {"script":"<script> [123 bytes]","args":[]}
COMMAND: POST /session/d94fe9d023155d3f6895aef5421fa61d/timeouts - {"script":"<number>"}
RESULT: {"script":"<number>"}
COMMAND: GET /session/d94fe9d023155d3f6895aef5421fa61d/timeouts - {}
RESULT: {}
RESULT: undefined
COMMAND: POST /session/d94fe9d023155d3f6895aef5421fa61d/execute/async - {"script":"<script> [2676 bytes]","args":[]}
RESULT: {"script":"<script> [2676 bytes]","args":[]}
COMMAND: POST /session/d94fe9d023155d3f6895aef5421fa61d/execute/async - {"script":"<script> [2342 bytes]","args":[{"protocol":"http","hostname":"0.0.0.0","path":"/","capabilities":{"browserName":"chrome","goog:chromeOptions":{"binary":"C:\\Program Files\\Google\\Chrome\\Application\\chrome.exe","args":["--start-maximized"]}},"logLevel":"warn","connectionRetryTimeout":120000,"connectionRetryCount":3,"logLevels":{},"enableDirectConnect":true,"strictSSL":true,"_":"65 more keys: [\"cacheDir\",\"port\",\"requestedCapabilities\",\"automationProtocol\",\"baseUrl\",\"waitforInterval\",\"waitforTimeout\",\"onReload\",\"beforeCommand\",\"afterCommand\",\"rootDir\",\"specs\",\"suites\",\"exclude\",\"groupLogsByTestSpec\",\"excludeDriverLogs\",\"bail\",\"framework\",\"reporters\",\"services\",\"maxInstances\",\"maxInstancesPerCapability\",\"injectGlobals\",\"filesToWatch\",\"execArgv\",\"runnerEnv\",\"runner\",\"shard\",\"specFileRetries\",\"specFileRetriesDelay\",\"specFileRetriesDeferred\",\"reporterSyncInterval\",\"reporterSyncTimeout\",\"cucumberFeaturesWithLineNumbers\",\"autoCompileOpts\",\"mochaOpts\",\"jasmineOpts\",\"cucumberOpts\",\"onPrepare\",\"onWorkerStart\",\"onWorkerEnd\",\"before\",\"beforeSession\",\"beforeSuite\",\"beforeHook\",\"beforeTest\",\"afterTest\",\"afterHook\",\"afterSuite\",\"afterSession\",\"after\",\"onComplete\",\"beforeAssertion\",\"afterAssertion\",\"beforeFeature\",\"beforeScenario\",\"beforeStep\",\"afterStep\",\"afterScenario\",\"afterFeature\",\"_\",\"suite\",\"$0\",\"ignoredWorkerServices\",\"wdi5\"]"}]}
RESULT: {"script":"<script> [2342 bytes]","args":[{"protocol":"http","hostname":"0.0.0.0","path":"/","capabilities":{"browserName":"chrome","goog:chromeOptions":{"binary":"C:\\Program Files\\Google\\Chrome\\Application\\chrome.exe","args":["--start-maximized"]}},"logLevel":"warn","connectionRetryTimeout":120000,"connectionRetryCount":3,"logLevels":{},"enableDirectConnect":true,"strictSSL":true,"_":"65 more keys: [\"cacheDir\",\"port\",\"requestedCapabilities\",\"automationProtocol\",\"baseUrl\",\"waitforInterval\",\"waitforTimeout\",\"onReload\",\"beforeCommand\",\"afterCommand\",\"rootDir\",\"specs\",\"suites\",\"exclude\",\"groupLogsByTestSpec\",\"excludeDriverLogs\",\"bail\",\"framework\",\"reporters\",\"services\",\"maxInstances\",\"maxInstancesPerCapability\",\"injectGlobals\",\"filesToWatch\",\"execArgv\",\"runnerEnv\",\"runner\",\"shard\",\"specFileRetries\",\"specFileRetriesDelay\",\"specFileRetriesDeferred\",\"reporterSyncInterval\",\"reporterSyncTimeout\",\"cucumberFeaturesWithLineNumbers\",\"autoCompileOpts\",\"mochaOpts\",\"jasmineOpts\",\"cucumberOpts\",\"onPrepare\",\"onWorkerStart\",\"onWorkerEnd\",\"before\",\"beforeSession\",\"beforeSuite\",\"beforeHook\",\"beforeTest\",\"afterTest\",\"afterHook\",\"afterSuite\",\"afterSession\",\"after\",\"onComplete\",\"beforeAssertion\",\"afterAssertion\",\"beforeFeature\",\"beforeScenario\",\"beforeStep\",\"afterStep\",\"afterScenario\",\"afterFeature\",\"_\",\"suite\",\"$0\",\"ignoredWorkerServices\",\"wdi5\"]"}]}
COMMAND: POST /session/d94fe9d023155d3f6895aef5421fa61d/execute/async - {"script":"<script> [21126 bytes]","args":[35000]}
RESULT: {"script":"<script> [21126 bytes]","args":[35000]}
COMMAND: POST /session/d94fe9d023155d3f6895aef5421fa61d/execute/async - {"script":"<script> [1562 bytes]","args":[{"selector":{"controlType":"sap.m.Text","viewName":"etm.portal.ui.managerequests.view.Detail","bindingPath":{"path":"/SmartRequestItemsPlanningBoard(ITEM=10m,REQUEST='20408')","propertyPath":"STATUS_DESC"}},"wdio_ui5_key":"etmportal.ui.managerequests.view.Detailsap.m.Text{\"path\":\"/SmartRequestItemsPlanningBoard(ITEM=10m,REQUEST='20408')\",\"propertyPath\":\"STATUS_DESC\"}"}]}
RESULT: {"script":"<script> [1562 bytes]","args":[{"selector":{"controlType":"sap.m.Text","viewName":"etm.portal.ui.managerequests.view.Detail","bindingPath":{"path":"/SmartRequestItemsPlanningBoard(ITEM=10m,REQUEST='20408')","propertyPath":"STATUS_DESC"}},"wdio_ui5_key":"etmportal.ui.managerequests.view.Detailsap.m.Text{\"path\":\"/SmartRequestItemsPlanningBoard(ITEM=10m,REQUEST='20408')\",\"propertyPath\":\"STATUS_DESC\"}"}]}
RESULT: undefined
COMMAND: POST /session/d94fe9d023155d3f6895aef5421fa61d/execute/async - {"script":"<script> [6424 bytes]","args":[{"element-6066-11e4-a52e-4f735466cecf":"f.95C2E293E0D5F8D5E0F83733146F119E.d.030449D4025D1A15394BEC5E5D0FEFD0.e.12807"},"getText",[]]}
RESULT: {"script":"<script> [6424 bytes]","args":[{"element-6066-11e4-a52e-4f735466cecf":"f.95C2E293E0D5F8D5E0F83733146F119E.d.030449D4025D1A15394BEC5E5D0FEFD0.e.12807"},"getText",[]]}
COMMAND: POST /session/d94fe9d023155d3f6895aef5421fa61d/execute/async - {"script":"<script> [1562 bytes]","args":[{"selector":{"controlType":"sap.m.ObjectStatus","viewName":"etm.portal.ui.managerequests.view.Detail","bindingPath":{"path":"/RequestHeaders('20408')","propertyPath":"LINK_TO_STATUS/DESCRIPTION","modelName":"catalogModel"}},"wdio_ui5_key":"etmportal.ui.managerequests.view.Detailsap.m.ObjectStatus{\"path\":\"/RequestHeaders('20408')\",\"propertyPath\":\"LINK_TO_STATUS/DESCRIPTION\",\"modelName\":\"catalogModel\"}"}]}
RESULT: {"script":"<script> [1562 bytes]","args":[{"selector":{"controlType":"sap.m.ObjectStatus","viewName":"etm.portal.ui.managerequests.view.Detail","bindingPath":{"path":"/RequestHeaders('20408')","propertyPath":"LINK_TO_STATUS/DESCRIPTION","modelName":"catalogModel"}},"wdio_ui5_key":"etmportal.ui.managerequests.view.Detailsap.m.ObjectStatus{\"path\":\"/RequestHeaders('20408')\",\"propertyPath\":\"LINK_TO_STATUS/DESCRIPTION\",\"modelName\":\"catalogModel\"}"}]}
RESULT: undefined
COMMAND: POST /session/d94fe9d023155d3f6895aef5421fa61d/execute/async - {"script":"<script> [6424 bytes]","args":[{"element-6066-11e4-a52e-4f735466cecf":"f.95C2E293E0D5F8D5E0F83733146F119E.d.030449D4025D1A15394BEC5E5D0FEFD0.e.12809"},"getText",[]]}
RESULT: {"script":"<script> [6424 bytes]","args":[{"element-6066-11e4-a52e-4f735466cecf":"f.95C2E293E0D5F8D5E0F83733146F119E.d.030449D4025D1A15394BEC5E5D0FEFD0.e.12809"},"getText",[]]}
COMMAND: POST /session/d94fe9d023155d3f6895aef5421fa61d/element - {"using":"css selector","value":"#shell-header-logo"}
RESULT: {"using":"css selector","value":"#shell-header-logo"}
COMMAND: POST /session/d94fe9d023155d3f6895aef5421fa61d/element/f.95C2E293E0D5F8D5E0F83733146F119E.d.030449D4025D1A15394BEC5E5D0FEFD0.e.12600/click - {}
RESULT: {}
COMMAND: GET /session/d94fe9d023155d3f6895aef5421fa61d/screenshot - {}
RESULT: {}
]]></system-out>
    </testcase>
  </testsuite>
  <testsuite timestamp="2025-04-24T16:10:52" time="389.355" tests="4" failures="2" errors="2" skipped="0">
    <properties>
      <property name="specId" value="0" />
      <property name="suiteName" value="Process request items into an existing quotation US120163" />
      <property name="capabilities" value="chrome.135_0_7049_96.windows" />
      <property name="file" value="file:///D:/a/1/s/test/specs/R2C/process-request-items-into-existing-quotation.spec.js" />
    </properties>
    <testcase classname="chrome.135_0_7049_96.windows.Process_request_items_into_an_existing_quotation_US120163" name="Should create a new quotation" time="65.151">
      <system-out><![CDATA[
COMMAND: POST /session/d94fe9d023155d3f6895aef5421fa61d/execute/async - {"script":"<script> [1562 bytes]","args":[{"selector":{"controlType":"sap.m.GenericTile","properties":{"header":"Manage Quotations"}},"wdio_ui5_key":"sapm.GenericTile{\"header\":\"Manage Quotations\"}"}]}
RESULT: {"script":"<script> [1562 bytes]","args":[{"selector":{"controlType":"sap.m.GenericTile","properties":{"header":"Manage Quotations"}},"wdio_ui5_key":"sapm.GenericTile{\"header\":\"Manage Quotations\"}"}]}
RESULT: undefined
COMMAND: POST /session/d94fe9d023155d3f6895aef5421fa61d/element - {"using":"xpath","value":"//*[@id=\"__tile132\"]"}
RESULT: {"using":"xpath","value":"//*[@id=\"__tile132\"]"}
COMMAND: POST /session/d94fe9d023155d3f6895aef5421fa61d/element/f.95C2E293E0D5F8D5E0F83733146F119E.d.030449D4025D1A15394BEC5E5D0FEFD0.e.12822/click - {}
RESULT: {}
COMMAND: GET /session/d94fe9d023155d3f6895aef5421fa61d/screenshot - {}
RESULT: {}
RESULT: undefined
RESULT: undefined
RESULT: undefined
RESULT: undefined
COMMAND: POST /session/d94fe9d023155d3f6895aef5421fa61d/element - {"using":"xpath","value":"//button[contains(@title ,\"Add new contract\")]"}
RESULT: {"using":"xpath","value":"//button[contains(@title ,\"Add new contract\")]"}
COMMAND: POST /session/d94fe9d023155d3f6895aef5421fa61d/element/f.95C2E293E0D5F8D5E0F83733146F119E.d.030449D4025D1A15394BEC5E5D0FEFD0.e.12862/click - {}
RESULT: {}
COMMAND: GET /session/d94fe9d023155d3f6895aef5421fa61d/screenshot - {}
RESULT: {}
COMMAND: POST /session/d94fe9d023155d3f6895aef5421fa61d/element - {"using":"xpath","value":"//input[contains(@id ,\"application-managequotations-display-component---AddNewContract--projectDescription-inner\")]"}
RESULT: {"using":"xpath","value":"//input[contains(@id ,\"application-managequotations-display-component---AddNewContract--projectDescription-inner\")]"}
COMMAND: POST /session/d94fe9d023155d3f6895aef5421fa61d/element/f.95C2E293E0D5F8D5E0F83733146F119E.d.030449D4025D1A15394BEC5E5D0FEFD0.e.13122/value - {"text":"WdIOQuotation80a35"}
RESULT: {"text":"WdIOQuotation80a35"}
COMMAND: GET /session/d94fe9d023155d3f6895aef5421fa61d/screenshot - {}
RESULT: {}
COMMAND: POST /session/d94fe9d023155d3f6895aef5421fa61d/element - {"using":"xpath","value":"//input[contains(@id ,\"application-managequotations-display-component---AddNewContract--yardId-inner\")]"}
RESULT: {"using":"xpath","value":"//input[contains(@id ,\"application-managequotations-display-component---AddNewContract--yardId-inner\")]"}
COMMAND: POST /session/d94fe9d023155d3f6895aef5421fa61d/element/f.95C2E293E0D5F8D5E0F83733146F119E.d.030449D4025D1A15394BEC5E5D0FEFD0.e.13125/value - {"text":"WebdriverYard2rvq3"}
RESULT: {"text":"WebdriverYard2rvq3"}
COMMAND: GET /session/d94fe9d023155d3f6895aef5421fa61d/screenshot - {}
RESULT: {}
COMMAND: POST /session/d94fe9d023155d3f6895aef5421fa61d/actions - {"actions":[{"id":"action87","type":"key","parameters":{},"actions":[{"type":"keyDown","value":"î€‡"},{"type":"pause","duration":10},{"type":"keyUp","value":"î€‡"}]}]}
RESULT: {"actions":[{"id":"action87","type":"key","parameters":{},"actions":[{"type":"keyDown","value":"î€‡"},{"type":"pause","duration":10},{"type":"keyUp","value":"î€‡"}]}]}
COMMAND: GET /session/d94fe9d023155d3f6895aef5421fa61d/screenshot - {}
RESULT: {}
COMMAND: POST /session/d94fe9d023155d3f6895aef5421fa61d/element - {"using":"xpath","value":"//input[contains(@id ,\"application-managequotations-display-component---AddNewContract--customerSelect-inner\")]"}
RESULT: {"using":"xpath","value":"//input[contains(@id ,\"application-managequotations-display-component---AddNewContract--customerSelect-inner\")]"}
COMMAND: POST /session/d94fe9d023155d3f6895aef5421fa61d/element/f.95C2E293E0D5F8D5E0F83733146F119E.d.030449D4025D1A15394BEC5E5D0FEFD0.e.13123/value - {"text":"WebdriverPartnerarg99g"}
RESULT: {"text":"WebdriverPartnerarg99g"}
COMMAND: GET /session/d94fe9d023155d3f6895aef5421fa61d/screenshot - {}
RESULT: {}
COMMAND: POST /session/d94fe9d023155d3f6895aef5421fa61d/actions - {"actions":[{"id":"action88","type":"key","parameters":{},"actions":[{"type":"keyDown","value":"î€‡"},{"type":"pause","duration":10},{"type":"keyUp","value":"î€‡"}]}]}
RESULT: {"actions":[{"id":"action88","type":"key","parameters":{},"actions":[{"type":"keyDown","value":"î€‡"},{"type":"pause","duration":10},{"type":"keyUp","value":"î€‡"}]}]}
COMMAND: GET /session/d94fe9d023155d3f6895aef5421fa61d/screenshot - {}
RESULT: {}
COMMAND: POST /session/d94fe9d023155d3f6895aef5421fa61d/element - {"using":"xpath","value":"//input[contains(@id ,\"application-managequotations-display-component---AddNewContract--site-inner\")]"}
RESULT: {"using":"xpath","value":"//input[contains(@id ,\"application-managequotations-display-component---AddNewContract--site-inner\")]"}
COMMAND: POST /session/d94fe9d023155d3f6895aef5421fa61d/element/f.95C2E293E0D5F8D5E0F83733146F119E.d.030449D4025D1A15394BEC5E5D0FEFD0.e.13124/value - {"text":"WebdriverSitetj17"}
RESULT: {"text":"WebdriverSitetj17"}
COMMAND: GET /session/d94fe9d023155d3f6895aef5421fa61d/screenshot - {}
RESULT: {}
COMMAND: POST /session/d94fe9d023155d3f6895aef5421fa61d/actions - {"actions":[{"id":"action89","type":"key","parameters":{},"actions":[{"type":"keyDown","value":"î€‡"},{"type":"pause","duration":10},{"type":"keyUp","value":"î€‡"}]}]}
RESULT: {"actions":[{"id":"action89","type":"key","parameters":{},"actions":[{"type":"keyDown","value":"î€‡"},{"type":"pause","duration":10},{"type":"keyUp","value":"î€‡"}]}]}
COMMAND: GET /session/d94fe9d023155d3f6895aef5421fa61d/screenshot - {}
RESULT: {}
COMMAND: POST /session/d94fe9d023155d3f6895aef5421fa61d/element - {"using":"xpath","value":"//bdi[contains(text(), \"Save\")]"}
RESULT: {"using":"xpath","value":"//bdi[contains(text(), \"Save\")]"}
COMMAND: POST /session/d94fe9d023155d3f6895aef5421fa61d/element/f.95C2E293E0D5F8D5E0F83733146F119E.d.030449D4025D1A15394BEC5E5D0FEFD0.e.13152/click - {}
RESULT: {}
COMMAND: GET /session/d94fe9d023155d3f6895aef5421fa61d/screenshot - {}
RESULT: {}
COMMAND: POST /session/d94fe9d023155d3f6895aef5421fa61d/element - {"using":"css selector","value":"#shell-header-logo"}
RESULT: {"using":"css selector","value":"#shell-header-logo"}
COMMAND: POST /session/d94fe9d023155d3f6895aef5421fa61d/element/f.95C2E293E0D5F8D5E0F83733146F119E.d.030449D4025D1A15394BEC5E5D0FEFD0.e.12824/click - {}
RESULT: {}
COMMAND: GET /session/d94fe9d023155d3f6895aef5421fa61d/screenshot - {}
RESULT: {}
]]></system-out>
    </testcase>
    <testcase classname="chrome.135_0_7049_96.windows.Process_request_items_into_an_existing_quotation_US120163" name="Should create a new request with catalog items and plan it" time="207.664">
      <system-out><![CDATA[
COMMAND: POST /session/d94fe9d023155d3f6895aef5421fa61d/element - {"using":"xpath","value":"//*[contains(@href, 'etm.portal.ui.managerequests')]"}
RESULT: {"using":"xpath","value":"//*[contains(@href, 'etm.portal.ui.managerequests')]"}
COMMAND: POST /session/d94fe9d023155d3f6895aef5421fa61d/element/f.95C2E293E0D5F8D5E0F83733146F119E.d.030449D4025D1A15394BEC5E5D0FEFD0.e.13226/click - {}
RESULT: {}
COMMAND: GET /session/d94fe9d023155d3f6895aef5421fa61d/screenshot - {}
RESULT: {}
COMMAND: POST /session/d94fe9d023155d3f6895aef5421fa61d/refresh - {}
RESULT: {}
COMMAND: GET /session/d94fe9d023155d3f6895aef5421fa61d/screenshot - {}
RESULT: {}
COMMAND: POST /session/d94fe9d023155d3f6895aef5421fa61d/execute/async - {"script":"<script> [189 bytes]","args":[]}
RESULT: {"script":"<script> [189 bytes]","args":[]}
COMMAND: POST /session/d94fe9d023155d3f6895aef5421fa61d/execute/async - {"script":"<script> [123 bytes]","args":[]}
RESULT: {"script":"<script> [123 bytes]","args":[]}
COMMAND: POST /session/d94fe9d023155d3f6895aef5421fa61d/timeouts - {"script":"<number>"}
RESULT: {"script":"<number>"}
COMMAND: GET /session/d94fe9d023155d3f6895aef5421fa61d/timeouts - {}
RESULT: {}
RESULT: undefined
COMMAND: POST /session/d94fe9d023155d3f6895aef5421fa61d/execute/async - {"script":"<script> [2676 bytes]","args":[]}
RESULT: {"script":"<script> [2676 bytes]","args":[]}
COMMAND: POST /session/d94fe9d023155d3f6895aef5421fa61d/execute/async - {"script":"<script> [2342 bytes]","args":[{"protocol":"http","hostname":"0.0.0.0","path":"/","capabilities":{"browserName":"chrome","goog:chromeOptions":{"binary":"C:\\Program Files\\Google\\Chrome\\Application\\chrome.exe","args":["--start-maximized"]}},"logLevel":"warn","connectionRetryTimeout":120000,"connectionRetryCount":3,"logLevels":{},"enableDirectConnect":true,"strictSSL":true,"_":"65 more keys: [\"cacheDir\",\"port\",\"requestedCapabilities\",\"automationProtocol\",\"baseUrl\",\"waitforInterval\",\"waitforTimeout\",\"onReload\",\"beforeCommand\",\"afterCommand\",\"rootDir\",\"specs\",\"suites\",\"exclude\",\"groupLogsByTestSpec\",\"excludeDriverLogs\",\"bail\",\"framework\",\"reporters\",\"services\",\"maxInstances\",\"maxInstancesPerCapability\",\"injectGlobals\",\"filesToWatch\",\"execArgv\",\"runnerEnv\",\"runner\",\"shard\",\"specFileRetries\",\"specFileRetriesDelay\",\"specFileRetriesDeferred\",\"reporterSyncInterval\",\"reporterSyncTimeout\",\"cucumberFeaturesWithLineNumbers\",\"autoCompileOpts\",\"mochaOpts\",\"jasmineOpts\",\"cucumberOpts\",\"onPrepare\",\"onWorkerStart\",\"onWorkerEnd\",\"before\",\"beforeSession\",\"beforeSuite\",\"beforeHook\",\"beforeTest\",\"afterTest\",\"afterHook\",\"afterSuite\",\"afterSession\",\"after\",\"onComplete\",\"beforeAssertion\",\"afterAssertion\",\"beforeFeature\",\"beforeScenario\",\"beforeStep\",\"afterStep\",\"afterScenario\",\"afterFeature\",\"_\",\"suite\",\"$0\",\"ignoredWorkerServices\",\"wdi5\"]"}]}
RESULT: {"script":"<script> [2342 bytes]","args":[{"protocol":"http","hostname":"0.0.0.0","path":"/","capabilities":{"browserName":"chrome","goog:chromeOptions":{"binary":"C:\\Program Files\\Google\\Chrome\\Application\\chrome.exe","args":["--start-maximized"]}},"logLevel":"warn","connectionRetryTimeout":120000,"connectionRetryCount":3,"logLevels":{},"enableDirectConnect":true,"strictSSL":true,"_":"65 more keys: [\"cacheDir\",\"port\",\"requestedCapabilities\",\"automationProtocol\",\"baseUrl\",\"waitforInterval\",\"waitforTimeout\",\"onReload\",\"beforeCommand\",\"afterCommand\",\"rootDir\",\"specs\",\"suites\",\"exclude\",\"groupLogsByTestSpec\",\"excludeDriverLogs\",\"bail\",\"framework\",\"reporters\",\"services\",\"maxInstances\",\"maxInstancesPerCapability\",\"injectGlobals\",\"filesToWatch\",\"execArgv\",\"runnerEnv\",\"runner\",\"shard\",\"specFileRetries\",\"specFileRetriesDelay\",\"specFileRetriesDeferred\",\"reporterSyncInterval\",\"reporterSyncTimeout\",\"cucumberFeaturesWithLineNumbers\",\"autoCompileOpts\",\"mochaOpts\",\"jasmineOpts\",\"cucumberOpts\",\"onPrepare\",\"onWorkerStart\",\"onWorkerEnd\",\"before\",\"beforeSession\",\"beforeSuite\",\"beforeHook\",\"beforeTest\",\"afterTest\",\"afterHook\",\"afterSuite\",\"afterSession\",\"after\",\"onComplete\",\"beforeAssertion\",\"afterAssertion\",\"beforeFeature\",\"beforeScenario\",\"beforeStep\",\"afterStep\",\"afterScenario\",\"afterFeature\",\"_\",\"suite\",\"$0\",\"ignoredWorkerServices\",\"wdi5\"]"}]}
COMMAND: POST /session/d94fe9d023155d3f6895aef5421fa61d/execute/async - {"script":"<script> [21126 bytes]","args":[35000]}
RESULT: {"script":"<script> [21126 bytes]","args":[35000]}
COMMAND: POST /session/d94fe9d023155d3f6895aef5421fa61d/element - {"using":"xpath","value":"//button[contains(@data-kt ,\"btnCreateNewOverflowToolbarButton\")]"}
COMMAND: POST /session/d94fe9d023155d3f6895aef5421fa61d/element - {"using":"xpath","value":"(//span[contains(@class ,\"sapMObjStatusText\")])[1]"}
RESULT: {"using":"xpath","value":"//button[contains(@data-kt ,\"btnCreateNewOverflowToolbarButton\")]"}
COMMAND: POST /session/d94fe9d023155d3f6895aef5421fa61d/element/f.95C2E293E0D5F8D5E0F83733146F119E.d.37BDC26EF6DB2F41851CC0D5DF74000C.e.13401/click - {}
RESULT: {"using":"xpath","value":"(//span[contains(@class ,\"sapMObjStatusText\")])[1]"}
COMMAND: POST /session/d94fe9d023155d3f6895aef5421fa61d/execute/sync - {"script":"<script> [8489 bytes]","args":[{"element-6066-11e4-a52e-4f735466cecf":"f.95C2E293E0D5F8D5E0F83733146F119E.d.37BDC26EF6DB2F41851CC0D5DF74000C.e.13441","ELEMENT":"f.95C2E293E0D5F8D5E0F83733146F119E.d.37BDC26EF6DB2F41851CC0D5DF74000C.e.13441"}]}
RESULT: {}
COMMAND: GET /session/d94fe9d023155d3f6895aef5421fa61d/screenshot - {}
RESULT: {"script":"<script> [8489 bytes]","args":[{"element-6066-11e4-a52e-4f735466cecf":"f.95C2E293E0D5F8D5E0F83733146F119E.d.37BDC26EF6DB2F41851CC0D5DF74000C.e.13441","ELEMENT":"f.95C2E293E0D5F8D5E0F83733146F119E.d.37BDC26EF6DB2F41851CC0D5DF74000C.e.13441"}]}
COMMAND: GET /session/d94fe9d023155d3f6895aef5421fa61d/screenshot - {}
RESULT: {}
RESULT: {}
COMMAND: POST /session/d94fe9d023155d3f6895aef5421fa61d/element - {"using":"xpath","value":"//input[contains(@id ,\"yardId-inner\")]"}
RESULT: {"using":"xpath","value":"//input[contains(@id ,\"yardId-inner\")]"}
COMMAND: POST /session/d94fe9d023155d3f6895aef5421fa61d/execute/sync - {"script":"<script> [8489 bytes]","args":[{"element-6066-11e4-a52e-4f735466cecf":"f.95C2E293E0D5F8D5E0F83733146F119E.d.37BDC26EF6DB2F41851CC0D5DF74000C.e.13634","ELEMENT":"f.95C2E293E0D5F8D5E0F83733146F119E.d.37BDC26EF6DB2F41851CC0D5DF74000C.e.13634"}]}
RESULT: {"script":"<script> [8489 bytes]","args":[{"element-6066-11e4-a52e-4f735466cecf":"f.95C2E293E0D5F8D5E0F83733146F119E.d.37BDC26EF6DB2F41851CC0D5DF74000C.e.13634","ELEMENT":"f.95C2E293E0D5F8D5E0F83733146F119E.d.37BDC26EF6DB2F41851CC0D5DF74000C.e.13634"}]}
COMMAND: POST /session/d94fe9d023155d3f6895aef5421fa61d/element - {"using":"xpath","value":"//input[contains(@id ,\"yardId-inner\")]"}
COMMAND: GET /session/d94fe9d023155d3f6895aef5421fa61d/screenshot - {}
RESULT: {"using":"xpath","value":"//input[contains(@id ,\"yardId-inner\")]"}
COMMAND: GET /session/d94fe9d023155d3f6895aef5421fa61d/element/f.95C2E293E0D5F8D5E0F83733146F119E.d.37BDC26EF6DB2F41851CC0D5DF74000C.e.13634/enabled - {}
RESULT: {}
RESULT: {}
COMMAND: POST /session/d94fe9d023155d3f6895aef5421fa61d/element/f.95C2E293E0D5F8D5E0F83733146F119E.d.37BDC26EF6DB2F41851CC0D5DF74000C.e.13634/clear - {}
COMMAND: GET /session/d94fe9d023155d3f6895aef5421fa61d/screenshot - {}
RESULT: {}
COMMAND: POST /session/d94fe9d023155d3f6895aef5421fa61d/element/f.95C2E293E0D5F8D5E0F83733146F119E.d.37BDC26EF6DB2F41851CC0D5DF74000C.e.13634/value - {"text":"WebdriverYard2rvq3"}
COMMAND: GET /session/d94fe9d023155d3f6895aef5421fa61d/screenshot - {}
RESULT: {}
RESULT: {"text":"WebdriverYard2rvq3"}
COMMAND: GET /session/d94fe9d023155d3f6895aef5421fa61d/screenshot - {}
RESULT: {}
RESULT: {}
COMMAND: POST /session/d94fe9d023155d3f6895aef5421fa61d/element - {"using":"xpath","value":"//input[contains(@id ,\"customerNumber-inner\")]"}
RESULT: {"using":"xpath","value":"//input[contains(@id ,\"customerNumber-inner\")]"}
COMMAND: POST /session/d94fe9d023155d3f6895aef5421fa61d/element/f.95C2E293E0D5F8D5E0F83733146F119E.d.37BDC26EF6DB2F41851CC0D5DF74000C.e.13628/value - {"text":"WebdriverPartnerarg99g"}
COMMAND: POST /session/d94fe9d023155d3f6895aef5421fa61d/actions - {"actions":[{"id":"action90","type":"key","parameters":{},"actions":[{"type":"keyDown","value":"î€‡"},{"type":"pause","duration":10},{"type":"keyUp","value":"î€‡"}]}]}
RESULT: {"text":"WebdriverPartnerarg99g"}
RESULT: {"actions":[{"id":"action90","type":"key","parameters":{},"actions":[{"type":"keyDown","value":"î€‡"},{"type":"pause","duration":10},{"type":"keyUp","value":"î€‡"}]}]}
COMMAND: GET /session/d94fe9d023155d3f6895aef5421fa61d/screenshot - {}
COMMAND: GET /session/d94fe9d023155d3f6895aef5421fa61d/screenshot - {}
RESULT: {}
RESULT: {}
COMMAND: POST /session/d94fe9d023155d3f6895aef5421fa61d/actions - {"actions":[{"id":"action91","type":"key","parameters":{},"actions":[{"type":"keyDown","value":"î€‡"},{"type":"pause","duration":10},{"type":"keyUp","value":"î€‡"}]}]}
RESULT: {"actions":[{"id":"action91","type":"key","parameters":{},"actions":[{"type":"keyDown","value":"î€‡"},{"type":"pause","duration":10},{"type":"keyUp","value":"î€‡"}]}]}
COMMAND: GET /session/d94fe9d023155d3f6895aef5421fa61d/screenshot - {}
RESULT: {}
COMMAND: POST /session/d94fe9d023155d3f6895aef5421fa61d/element - {"using":"xpath","value":"//input[contains(@id ,\"requestSiteId-inner\")]"}
RESULT: {"using":"xpath","value":"//input[contains(@id ,\"requestSiteId-inner\")]"}
COMMAND: POST /session/d94fe9d023155d3f6895aef5421fa61d/element/f.95C2E293E0D5F8D5E0F83733146F119E.d.37BDC26EF6DB2F41851CC0D5DF74000C.e.13627/value - {"text":"WebdriverSitetj17"}
RESULT: {"text":"WebdriverSitetj17"}
COMMAND: GET /session/d94fe9d023155d3f6895aef5421fa61d/screenshot - {}
RESULT: {}
COMMAND: POST /session/d94fe9d023155d3f6895aef5421fa61d/actions - {"actions":[{"id":"action92","type":"key","parameters":{},"actions":[{"type":"keyDown","value":"î€‡"},{"type":"pause","duration":10},{"type":"keyUp","value":"î€‡"}]}]}
RESULT: {"actions":[{"id":"action92","type":"key","parameters":{},"actions":[{"type":"keyDown","value":"î€‡"},{"type":"pause","duration":10},{"type":"keyUp","value":"î€‡"}]}]}
COMMAND: GET /session/d94fe9d023155d3f6895aef5421fa61d/screenshot - {}
RESULT: {}
COMMAND: POST /session/d94fe9d023155d3f6895aef5421fa61d/element - {"using":"xpath","value":"//bdi[contains(text(), \"Items\")]"}
RESULT: {"using":"xpath","value":"//bdi[contains(text(), \"Items\")]"}
COMMAND: POST /session/d94fe9d023155d3f6895aef5421fa61d/element/f.95C2E293E0D5F8D5E0F83733146F119E.d.37BDC26EF6DB2F41851CC0D5DF74000C.e.13793/click - {}
RESULT: {}
COMMAND: GET /session/d94fe9d023155d3f6895aef5421fa61d/screenshot - {}
RESULT: {}
COMMAND: POST /session/d94fe9d023155d3f6895aef5421fa61d/element - {"using":"xpath","value":"//button[contains(@data-kt ,\"requestItemAddOverflowToolbarButton\")]"}
RESULT: {"using":"xpath","value":"//button[contains(@data-kt ,\"requestItemAddOverflowToolbarButton\")]"}
COMMAND: POST /session/d94fe9d023155d3f6895aef5421fa61d/element/f.95C2E293E0D5F8D5E0F83733146F119E.d.37BDC26EF6DB2F41851CC0D5DF74000C.e.13606/click - {}
RESULT: {}
COMMAND: GET /session/d94fe9d023155d3f6895aef5421fa61d/screenshot - {}
RESULT: {}
COMMAND: POST /session/d94fe9d023155d3f6895aef5421fa61d/actions - {"actions":[{"id":"action93","type":"key","parameters":{},"actions":[{"type":"keyDown","value":"î€•"},{"type":"pause","duration":10},{"type":"keyUp","value":"î€•"}]}]}
RESULT: {"actions":[{"id":"action93","type":"key","parameters":{},"actions":[{"type":"keyDown","value":"î€•"},{"type":"pause","duration":10},{"type":"keyUp","value":"î€•"}]}]}
COMMAND: POST /session/d94fe9d023155d3f6895aef5421fa61d/actions - {"actions":[{"id":"action94","type":"key","parameters":{},"actions":[{"type":"keyDown","value":"î€‡"},{"type":"pause","duration":10},{"type":"keyUp","value":"î€‡"}]}]}
COMMAND: GET /session/d94fe9d023155d3f6895aef5421fa61d/screenshot - {}
RESULT: {"actions":[{"id":"action94","type":"key","parameters":{},"actions":[{"type":"keyDown","value":"î€‡"},{"type":"pause","duration":10},{"type":"keyUp","value":"î€‡"}]}]}
COMMAND: POST /session/d94fe9d023155d3f6895aef5421fa61d/element - {"using":"xpath","value":"(//input[contains(@id ,\"requestItemsTable-0-inner\")])[1]"}
COMMAND: GET /session/d94fe9d023155d3f6895aef5421fa61d/screenshot - {}
RESULT: {}
RESULT: {"using":"xpath","value":"(//input[contains(@id ,\"requestItemsTable-0-inner\")])[1]"}
COMMAND: POST /session/d94fe9d023155d3f6895aef5421fa61d/element/f.95C2E293E0D5F8D5E0F83733146F119E.d.37BDC26EF6DB2F41851CC0D5DF74000C.e.13808/clear - {}
RESULT: {}
RESULT: {}
COMMAND: POST /session/d94fe9d023155d3f6895aef5421fa61d/element/f.95C2E293E0D5F8D5E0F83733146F119E.d.37BDC26EF6DB2F41851CC0D5DF74000C.e.13808/value - {"text":"catalogItemg30go"}
COMMAND: GET /session/d94fe9d023155d3f6895aef5421fa61d/screenshot - {}
RESULT: {"text":"catalogItemg30go"}
COMMAND: GET /session/d94fe9d023155d3f6895aef5421fa61d/screenshot - {}
RESULT: {}
RESULT: {}
COMMAND: POST /session/d94fe9d023155d3f6895aef5421fa61d/actions - {"actions":[{"id":"action95","type":"key","parameters":{},"actions":[{"type":"keyDown","value":"î€‡"},{"type":"pause","duration":10},{"type":"keyUp","value":"î€‡"}]}]}
RESULT: {"actions":[{"id":"action95","type":"key","parameters":{},"actions":[{"type":"keyDown","value":"î€‡"},{"type":"pause","duration":10},{"type":"keyUp","value":"î€‡"}]}]}
COMMAND: GET /session/d94fe9d023155d3f6895aef5421fa61d/screenshot - {}
RESULT: {}
COMMAND: POST /session/d94fe9d023155d3f6895aef5421fa61d/execute/async - {"script":"<script> [1562 bytes]","args":[{"selector":{"controlType":"sap.ui.core.Icon","viewName":"etm.portal.ui.managerequests.view.NewRequest","properties":{"src":{"regex":{"source":"slim\\-arrow\\-down"}}},"ancestor":{"controlType":"sap.m.Button","viewName":"etm.portal.ui.managerequests.view.NewRequest","properties":{"icon":"sap-icon://slim-arrow-down"}}},"wdio_ui5_key":"etmportal.ui.managerequests.view.NewRequestsap.ui.core.Icon{\"src\":{\"regex\":{\"source\":\"slim\\\\-arrow\\\\-down\"}}}{\"controlType\":\"sap.m.Button\",\"viewName\":\"etm.portal.ui.managerequests.view.NewRequest\",\"properties\":{\"icon\":\"sap-icon://slim-arrow-down\"}}"}]}
RESULT: {"script":"<script> [1562 bytes]","args":[{"selector":{"controlType":"sap.ui.core.Icon","viewName":"etm.portal.ui.managerequests.view.NewRequest","properties":{"src":{"regex":{"source":"slim\\-arrow\\-down"}}},"ancestor":{"controlType":"sap.m.Button","viewName":"etm.portal.ui.managerequests.view.NewRequest","properties":{"icon":"sap-icon://slim-arrow-down"}}},"wdio_ui5_key":"etmportal.ui.managerequests.view.NewRequestsap.ui.core.Icon{\"src\":{\"regex\":{\"source\":\"slim\\\\-arrow\\\\-down\"}}}{\"controlType\":\"sap.m.Button\",\"viewName\":\"etm.portal.ui.managerequests.view.NewRequest\",\"properties\":{\"icon\":\"sap-icon://slim-arrow-down\"}}"}]}
RESULT: undefined
COMMAND: POST /session/d94fe9d023155d3f6895aef5421fa61d/element - {"using":"xpath","value":"//*[@id=\"__title4-expandBtn-img\"]"}
RESULT: {"using":"xpath","value":"//*[@id=\"__title4-expandBtn-img\"]"}
COMMAND: POST /session/d94fe9d023155d3f6895aef5421fa61d/element/f.95C2E293E0D5F8D5E0F83733146F119E.d.37BDC26EF6DB2F41851CC0D5DF74000C.e.13822/click - {}
RESULT: {}
COMMAND: GET /session/d94fe9d023155d3f6895aef5421fa61d/screenshot - {}
RESULT: {}
COMMAND: POST /session/d94fe9d023155d3f6895aef5421fa61d/element - {"using":"xpath","value":"//div[contains(@data-kt ,\"splitAllocationObjectStatus\")]"}
RESULT: {"using":"xpath","value":"//div[contains(@data-kt ,\"splitAllocationObjectStatus\")]"}
COMMAND: POST /session/d94fe9d023155d3f6895aef5421fa61d/elements - {"using":"xpath","value":"//div[contains(@data-kt ,\"splitAllocationObjectStatus\")]"}
RESULT: {"using":"xpath","value":"//div[contains(@data-kt ,\"splitAllocationObjectStatus\")]"}
COMMAND: POST /session/d94fe9d023155d3f6895aef5421fa61d/execute/async - {"script":"<script> [1562 bytes]","args":[{"selector":{"controlType":"sap.ui.core.Icon","viewName":"etm.portal.ui.managerequests.view.NewRequest","properties":{"src":{"regex":{"source":"message\\-error"}}}},"wdio_ui5_key":"etmportal.ui.managerequests.view.NewRequestsap.ui.core.Icon{\"src\":{\"regex\":{\"source\":\"message\\\\-error\"}}}"}]}
RESULT: {"script":"<script> [1562 bytes]","args":[{"selector":{"controlType":"sap.ui.core.Icon","viewName":"etm.portal.ui.managerequests.view.NewRequest","properties":{"src":{"regex":{"source":"message\\-error"}}}},"wdio_ui5_key":"etmportal.ui.managerequests.view.NewRequestsap.ui.core.Icon{\"src\":{\"regex\":{\"source\":\"message\\\\-error\"}}}"}]}
RESULT: undefined
COMMAND: POST /session/d94fe9d023155d3f6895aef5421fa61d/element - {"using":"xpath","value":"//*[@id=\"__status4-__xmlview1--requestItemsTable-0-icon\"]"}
RESULT: {"using":"xpath","value":"//*[@id=\"__status4-__xmlview1--requestItemsTable-0-icon\"]"}
COMMAND: POST /session/d94fe9d023155d3f6895aef5421fa61d/element/f.95C2E293E0D5F8D5E0F83733146F119E.d.37BDC26EF6DB2F41851CC0D5DF74000C.e.13827/click - {}
RESULT: {}
COMMAND: POST /session/d94fe9d023155d3f6895aef5421fa61d/execute/async - {"script":"<script> [1562 bytes]","args":[{"selector":{"controlType":"sap.ui.core.Icon","viewName":"etm.portal.ui.managerequests.view.NewRequest","properties":{"src":{"regex":{"source":"slim\\-arrow\\-down"}}},"searchOpenDialogs":true,"ancestor":{"id":"costObjectAdminTypeComboBox","viewName":"etm.portal.ui.managerequests.view.NewRequest","searchOpenDialogs":true}},"wdio_ui5_key":"etmportal.ui.managerequests.view.NewRequestsap.ui.core.Icon{\"src\":{\"regex\":{\"source\":\"slim\\\\-arrow\\\\-down\"}}}{\"id\":\"costObjectAdminTypeComboBox\",\"viewName\":\"etm.portal.ui.managerequests.view.NewRequest\",\"searchOpenDialogs\":true}"}]}
COMMAND: GET /session/d94fe9d023155d3f6895aef5421fa61d/screenshot - {}
RESULT: {"script":"<script> [1562 bytes]","args":[{"selector":{"controlType":"sap.ui.core.Icon","viewName":"etm.portal.ui.managerequests.view.NewRequest","properties":{"src":{"regex":{"source":"slim\\-arrow\\-down"}}},"searchOpenDialogs":true,"ancestor":{"id":"costObjectAdminTypeComboBox","viewName":"etm.portal.ui.managerequests.view.NewRequest","searchOpenDialogs":true}},"wdio_ui5_key":"etmportal.ui.managerequests.view.NewRequestsap.ui.core.Icon{\"src\":{\"regex\":{\"source\":\"slim\\\\-arrow\\\\-down\"}}}{\"id\":\"costObjectAdminTypeComboBox\",\"viewName\":\"etm.portal.ui.managerequests.view.NewRequest\",\"searchOpenDialogs\":true}"}]}
RESULT: undefined
COMMAND: POST /session/d94fe9d023155d3f6895aef5421fa61d/element - {"using":"xpath","value":"//*[@id=\"__xmlview1--costObjectAdminTypeComboBox-arrow\"]"}
RESULT: {}
RESULT: {"using":"xpath","value":"//*[@id=\"__xmlview1--costObjectAdminTypeComboBox-arrow\"]"}
COMMAND: POST /session/d94fe9d023155d3f6895aef5421fa61d/element/f.95C2E293E0D5F8D5E0F83733146F119E.d.37BDC26EF6DB2F41851CC0D5DF74000C.e.13832/click - {}
RESULT: {}
COMMAND: POST /session/d94fe9d023155d3f6895aef5421fa61d/execute/async - {"script":"<script> [1562 bytes]","args":[{"selector":{"controlType":"sap.m.StandardListItem","viewName":"etm.portal.ui.managerequests.view.NewRequest","properties":{"title":"Cost Center"},"searchOpenDialogs":true,"interaction":{"idSuffix":"titleText"}},"wdio_ui5_key":"etmportal.ui.managerequests.view.NewRequestsap.m.StandardListItem{\"title\":\"Cost Center\"}"}]}
COMMAND: GET /session/d94fe9d023155d3f6895aef5421fa61d/screenshot - {}
RESULT: {"script":"<script> [1562 bytes]","args":[{"selector":{"controlType":"sap.m.StandardListItem","viewName":"etm.portal.ui.managerequests.view.NewRequest","properties":{"title":"Cost Center"},"searchOpenDialogs":true,"interaction":{"idSuffix":"titleText"}},"wdio_ui5_key":"etmportal.ui.managerequests.view.NewRequestsap.m.StandardListItem{\"title\":\"Cost Center\"}"}]}
RESULT: undefined
COMMAND: POST /session/d94fe9d023155d3f6895aef5421fa61d/element - {"using":"xpath","value":"//*[@id=\"__item969\"]"}
RESULT: {}
RESULT: {"using":"xpath","value":"//*[@id=\"__item969\"]"}
COMMAND: POST /session/d94fe9d023155d3f6895aef5421fa61d/element/f.95C2E293E0D5F8D5E0F83733146F119E.d.37BDC26EF6DB2F41851CC0D5DF74000C.e.13835/click - {}
RESULT: {}
COMMAND: POST /session/d94fe9d023155d3f6895aef5421fa61d/execute/async - {"script":"<script> [1562 bytes]","args":[{"selector":{"controlType":"sap.ui.core.Icon","viewName":"etm.portal.ui.managerequests.view.NewRequest","properties":{"src":{"regex":{"source":"value\\-help"}}},"searchOpenDialogs":true},"wdio_ui5_key":"etmportal.ui.managerequests.view.NewRequestsap.ui.core.Icon{\"src\":{\"regex\":{\"source\":\"value\\\\-help\"}}}"}]}
COMMAND: GET /session/d94fe9d023155d3f6895aef5421fa61d/screenshot - {}
RESULT: {"script":"<script> [1562 bytes]","args":[{"selector":{"controlType":"sap.ui.core.Icon","viewName":"etm.portal.ui.managerequests.view.NewRequest","properties":{"src":{"regex":{"source":"value\\-help"}}},"searchOpenDialogs":true},"wdio_ui5_key":"etmportal.ui.managerequests.view.NewRequestsap.ui.core.Icon{\"src\":{\"regex\":{\"source\":\"value\\\\-help\"}}}"}]}
RESULT: undefined
COMMAND: POST /session/d94fe9d023155d3f6895aef5421fa61d/element - {"using":"xpath","value":"//*[@id=\"__xmlview1--costObjectIdComboBox-vhi\"]"}
RESULT: {}
RESULT: {"using":"xpath","value":"//*[@id=\"__xmlview1--costObjectIdComboBox-vhi\"]"}
COMMAND: POST /session/d94fe9d023155d3f6895aef5421fa61d/element/f.95C2E293E0D5F8D5E0F83733146F119E.d.37BDC26EF6DB2F41851CC0D5DF74000C.e.13838/click - {}
RESULT: {}
COMMAND: POST /session/d94fe9d023155d3f6895aef5421fa61d/execute/async - {"script":"<script> [1562 bytes]","args":[{"selector":{"controlType":"sap.m.SearchField","properties":{"placeholder":"Search"},"searchOpenDialogs":true,"interaction":{"idSuffix":"I"}},"wdio_ui5_key":"sapm.SearchField{\"placeholder\":\"Search\"}"}]}
COMMAND: GET /session/d94fe9d023155d3f6895aef5421fa61d/screenshot - {}
RESULT: {"script":"<script> [1562 bytes]","args":[{"selector":{"controlType":"sap.m.SearchField","properties":{"placeholder":"Search"},"searchOpenDialogs":true,"interaction":{"idSuffix":"I"}},"wdio_ui5_key":"sapm.SearchField{\"placeholder\":\"Search\"}"}]}
RESULT: undefined
COMMAND: POST /session/d94fe9d023155d3f6895aef5421fa61d/execute/async - {"script":"<script> [776 bytes]","args":[{"enterText":"10001010","selector":{"controlType":"sap.m.SearchField","properties":{"placeholder":"Search"},"searchOpenDialogs":true,"interaction":{"idSuffix":"I"}},"clearTextFirst":true,"interactionType":"ENTER_TEXT"}]}
RESULT: {}
RESULT: {"script":"<script> [776 bytes]","args":[{"enterText":"10001010","selector":{"controlType":"sap.m.SearchField","properties":{"placeholder":"Search"},"searchOpenDialogs":true,"interaction":{"idSuffix":"I"}},"clearTextFirst":true,"interactionType":"ENTER_TEXT"}]}
COMMAND: POST /session/d94fe9d023155d3f6895aef5421fa61d/actions - {"actions":[{"id":"action96","type":"key","parameters":{},"actions":[{"type":"keyDown","value":"î€‡"},{"type":"pause","duration":10},{"type":"keyUp","value":"î€‡"}]}]}
RESULT: {"actions":[{"id":"action96","type":"key","parameters":{},"actions":[{"type":"keyDown","value":"î€‡"},{"type":"pause","duration":10},{"type":"keyUp","value":"î€‡"}]}]}
COMMAND: GET /session/d94fe9d023155d3f6895aef5421fa61d/screenshot - {}
RESULT: {}
COMMAND: POST /session/d94fe9d023155d3f6895aef5421fa61d/execute/async - {"script":"<script> [1562 bytes]","args":[{"selector":{"controlType":"sap.m.Text","bindingPath":{"path":"/C_CostCtrValueHelp(CostCenter='10001010',ControllingArea='Z001')","propertyPath":"CostCenterName","modelName":"CostCenterModel"},"searchOpenDialogs":true},"wdio_ui5_key":"sapm.Text{\"path\":\"/C_CostCtrValueHelp(CostCenter='10001010',ControllingArea='Z001')\",\"propertyPath\":\"CostCenterName\",\"modelName\":\"CostCenterModel\"}"}]}
RESULT: {"script":"<script> [1562 bytes]","args":[{"selector":{"controlType":"sap.m.Text","bindingPath":{"path":"/C_CostCtrValueHelp(CostCenter='10001010',ControllingArea='Z001')","propertyPath":"CostCenterName","modelName":"CostCenterModel"},"searchOpenDialogs":true},"wdio_ui5_key":"sapm.Text{\"path\":\"/C_CostCtrValueHelp(CostCenter='10001010',ControllingArea='Z001')\",\"propertyPath\":\"CostCenterName\",\"modelName\":\"CostCenterModel\"}"}]}
RESULT: undefined
COMMAND: POST /session/d94fe9d023155d3f6895aef5421fa61d/element - {"using":"xpath","value":"//*[@id=\"__text265-__clone1098\"]"}
RESULT: {"using":"xpath","value":"//*[@id=\"__text265-__clone1098\"]"}
COMMAND: POST /session/d94fe9d023155d3f6895aef5421fa61d/element/f.95C2E293E0D5F8D5E0F83733146F119E.d.37BDC26EF6DB2F41851CC0D5DF74000C.e.13879/click - {}
RESULT: {}
COMMAND: POST /session/d94fe9d023155d3f6895aef5421fa61d/execute/async - {"script":"<script> [1562 bytes]","args":[{"selector":{"controlType":"sap.m.Button","properties":{"text":"OK"},"searchOpenDialogs":true,"interaction":{"idSuffix":"BDI-content"}},"wdio_ui5_key":"sapm.Button{\"text\":\"OK\"}"}]}
COMMAND: GET /session/d94fe9d023155d3f6895aef5421fa61d/screenshot - {}
RESULT: {"script":"<script> [1562 bytes]","args":[{"selector":{"controlType":"sap.m.Button","properties":{"text":"OK"},"searchOpenDialogs":true,"interaction":{"idSuffix":"BDI-content"}},"wdio_ui5_key":"sapm.Button{\"text\":\"OK\"}"}]}
RESULT: undefined
COMMAND: POST /session/d94fe9d023155d3f6895aef5421fa61d/element - {"using":"xpath","value":"//*[@id=\"__dialog1-ok\"]"}
RESULT: {}
RESULT: {"using":"xpath","value":"//*[@id=\"__dialog1-ok\"]"}
COMMAND: POST /session/d94fe9d023155d3f6895aef5421fa61d/element/f.95C2E293E0D5F8D5E0F83733146F119E.d.37BDC26EF6DB2F41851CC0D5DF74000C.e.13881/click - {}
RESULT: {}
COMMAND: GET /session/d94fe9d023155d3f6895aef5421fa61d/screenshot - {}
RESULT: {}
COMMAND: POST /session/d94fe9d023155d3f6895aef5421fa61d/execute/async - {"script":"<script> [1562 bytes]","args":[{"selector":{"controlType":"sap.m.Button","viewName":"etm.portal.ui.managerequests.view.NewRequest","i18NText":{"propertyName":"text","key":"save"},"searchOpenDialogs":true,"interaction":{"idSuffix":"BDI-content"}},"wdio_ui5_key":"etmportal.ui.managerequests.view.NewRequestsap.m.Button{\"propertyName\":\"text\",\"key\":\"save\"}"}]}
RESULT: {"script":"<script> [1562 bytes]","args":[{"selector":{"controlType":"sap.m.Button","viewName":"etm.portal.ui.managerequests.view.NewRequest","i18NText":{"propertyName":"text","key":"save"},"searchOpenDialogs":true,"interaction":{"idSuffix":"BDI-content"}},"wdio_ui5_key":"etmportal.ui.managerequests.view.NewRequestsap.m.Button{\"propertyName\":\"text\",\"key\":\"save\"}"}]}
RESULT: undefined
COMMAND: POST /session/d94fe9d023155d3f6895aef5421fa61d/element - {"using":"xpath","value":"//*[@id=\"__button22\"]"}
RESULT: {"using":"xpath","value":"//*[@id=\"__button22\"]"}
COMMAND: POST /session/d94fe9d023155d3f6895aef5421fa61d/element/f.95C2E293E0D5F8D5E0F83733146F119E.d.37BDC26EF6DB2F41851CC0D5DF74000C.e.13885/click - {}
RESULT: {}
COMMAND: GET /session/d94fe9d023155d3f6895aef5421fa61d/screenshot - {}
RESULT: {}
COMMAND: POST /session/d94fe9d023155d3f6895aef5421fa61d/element - {"using":"xpath","value":"(//bdi[contains(text() ,\"Save\")])[1]"}
RESULT: {"using":"xpath","value":"(//bdi[contains(text() ,\"Save\")])[1]"}
COMMAND: POST /session/d94fe9d023155d3f6895aef5421fa61d/element/f.95C2E293E0D5F8D5E0F83733146F119E.d.37BDC26EF6DB2F41851CC0D5DF74000C.e.13887/click - {}
RESULT: {}
COMMAND: GET /session/d94fe9d023155d3f6895aef5421fa61d/screenshot - {}
RESULT: {}
COMMAND: POST /session/d94fe9d023155d3f6895aef5421fa61d/execute/async - {"script":"<script> [1562 bytes]","args":[{"selector":{"controlType":"sap.m.Title","properties":{"text":"Success"},"searchOpenDialogs":true},"wdio_ui5_key":"sapm.Title{\"text\":\"Success\"}"}]}
RESULT: {"script":"<script> [1562 bytes]","args":[{"selector":{"controlType":"sap.m.Title","properties":{"text":"Success"},"searchOpenDialogs":true},"wdio_ui5_key":"sapm.Title{\"text\":\"Success\"}"}]}
RESULT: undefined
COMMAND: POST /session/d94fe9d023155d3f6895aef5421fa61d/execute/async - {"script":"<script> [6424 bytes]","args":[{"element-6066-11e4-a52e-4f735466cecf":"f.95C2E293E0D5F8D5E0F83733146F119E.d.37BDC26EF6DB2F41851CC0D5DF74000C.e.13890"},"getText",[]]}
RESULT: {"script":"<script> [6424 bytes]","args":[{"element-6066-11e4-a52e-4f735466cecf":"f.95C2E293E0D5F8D5E0F83733146F119E.d.37BDC26EF6DB2F41851CC0D5DF74000C.e.13890"},"getText",[]]}
COMMAND: POST /session/d94fe9d023155d3f6895aef5421fa61d/execute/async - {"script":"<script> [1562 bytes]","args":[{"selector":{"controlType":"sap.m.Button","properties":{"text":"Close"},"searchOpenDialogs":true,"interaction":{"idSuffix":"BDI-content"}},"wdio_ui5_key":"sapm.Button{\"text\":\"Close\"}"}]}
RESULT: {"script":"<script> [1562 bytes]","args":[{"selector":{"controlType":"sap.m.Button","properties":{"text":"Close"},"searchOpenDialogs":true,"interaction":{"idSuffix":"BDI-content"}},"wdio_ui5_key":"sapm.Button{\"text\":\"Close\"}"}]}
RESULT: undefined
COMMAND: POST /session/d94fe9d023155d3f6895aef5421fa61d/element - {"using":"xpath","value":"//*[@id=\"__mbox-btn-0\"]"}
RESULT: {"using":"xpath","value":"//*[@id=\"__mbox-btn-0\"]"}
COMMAND: POST /session/d94fe9d023155d3f6895aef5421fa61d/element/f.95C2E293E0D5F8D5E0F83733146F119E.d.37BDC26EF6DB2F41851CC0D5DF74000C.e.13889/click - {}
RESULT: {}
COMMAND: GET /session/d94fe9d023155d3f6895aef5421fa61d/screenshot - {}
RESULT: {}
COMMAND: POST /session/d94fe9d023155d3f6895aef5421fa61d/execute/async - {"script":"<script> [1562 bytes]","args":[{"selector":{"controlType":"sap.m.Text","viewName":"etm.portal.ui.managerequests.view.Detail","bindingPath":{"propertyPath":"NO","modelName":"catalogModel"}},"wdio_ui5_key":"etmportal.ui.managerequests.view.Detailsap.m.Text{\"propertyPath\":\"NO\",\"modelName\":\"catalogModel\"}"}]}
RESULT: {"script":"<script> [1562 bytes]","args":[{"selector":{"controlType":"sap.m.Text","viewName":"etm.portal.ui.managerequests.view.Detail","bindingPath":{"propertyPath":"NO","modelName":"catalogModel"}},"wdio_ui5_key":"etmportal.ui.managerequests.view.Detailsap.m.Text{\"propertyPath\":\"NO\",\"modelName\":\"catalogModel\"}"}]}
RESULT: undefined
COMMAND: POST /session/d94fe9d023155d3f6895aef5421fa61d/execute/async - {"script":"<script> [6424 bytes]","args":[{"element-6066-11e4-a52e-4f735466cecf":"f.95C2E293E0D5F8D5E0F83733146F119E.d.37BDC26EF6DB2F41851CC0D5DF74000C.e.14015"},"getText",[]]}
RESULT: {"script":"<script> [6424 bytes]","args":[{"element-6066-11e4-a52e-4f735466cecf":"f.95C2E293E0D5F8D5E0F83733146F119E.d.37BDC26EF6DB2F41851CC0D5DF74000C.e.14015"},"getText",[]]}
COMMAND: POST /session/d94fe9d023155d3f6895aef5421fa61d/execute/async - {"script":"<script> [1562 bytes]","args":[{"selector":{"controlType":"sap.ui.core.Icon","viewName":"etm.portal.ui.managerequests.view.Detail","properties":{"src":{"regex":{"source":"date\\-time"}}},"ancestor":{"controlType":"sap.m.ColumnListItem","viewName":"etm.portal.ui.managerequests.view.Detail","bindingPath":{"path":"/SmartRequestItemsPlanningBoard(ITEM=10m,REQUEST='20409')"},"ancestor":{"id":"requestItemsTable","viewName":"etm.portal.ui.managerequests.view.Detail"}}},"wdio_ui5_key":"etmportal.ui.managerequests.view.Detailsap.ui.core.Icon{\"src\":{\"regex\":{\"source\":\"date\\\\-time\"}}}{\"controlType\":\"sap.m.ColumnListItem\",\"viewName\":\"etm.portal.ui.managerequests.view.Detail\",\"bindingPath\":{\"path\":\"/SmartRequestItemsPlanningBoard(ITEM=10m,REQUEST='20409')\"},\"ancestor\":{\"id\":\"requestItemsTable\",\"viewName\":\"etm.portal.ui.managerequests.view.Detail\"}}"}]}
RESULT: {"script":"<script> [1562 bytes]","args":[{"selector":{"controlType":"sap.ui.core.Icon","viewName":"etm.portal.ui.managerequests.view.Detail","properties":{"src":{"regex":{"source":"date\\-time"}}},"ancestor":{"controlType":"sap.m.ColumnListItem","viewName":"etm.portal.ui.managerequests.view.Detail","bindingPath":{"path":"/SmartRequestItemsPlanningBoard(ITEM=10m,REQUEST='20409')"},"ancestor":{"id":"requestItemsTable","viewName":"etm.portal.ui.managerequests.view.Detail"}}},"wdio_ui5_key":"etmportal.ui.managerequests.view.Detailsap.ui.core.Icon{\"src\":{\"regex\":{\"source\":\"date\\\\-time\"}}}{\"controlType\":\"sap.m.ColumnListItem\",\"viewName\":\"etm.portal.ui.managerequests.view.Detail\",\"bindingPath\":{\"path\":\"/SmartRequestItemsPlanningBoard(ITEM=10m,REQUEST='20409')\"},\"ancestor\":{\"id\":\"requestItemsTable\",\"viewName\":\"etm.portal.ui.managerequests.view.Detail\"}}"}]}
RESULT: undefined
COMMAND: POST /session/d94fe9d023155d3f6895aef5421fa61d/element - {"using":"xpath","value":"//*[@id=\"__button37-__clone1137-img\"]"}
RESULT: {"using":"xpath","value":"//*[@id=\"__button37-__clone1137-img\"]"}
COMMAND: POST /session/d94fe9d023155d3f6895aef5421fa61d/element/f.95C2E293E0D5F8D5E0F83733146F119E.d.37BDC26EF6DB2F41851CC0D5DF74000C.e.14016/click - {}
RESULT: {}
COMMAND: POST /session/d94fe9d023155d3f6895aef5421fa61d/execute/async - {"script":"<script> [1562 bytes]","args":[{"selector":{"controlType":"sap.m.Button","viewName":"etm.portal.ui.managerequests.view.Detail","properties":{"text":"Close"},"searchOpenDialogs":true,"interaction":{"idSuffix":"BDI-content"}},"wdio_ui5_key":"etmportal.ui.managerequests.view.Detailsap.m.Button{\"text\":\"Close\"}"}]}
COMMAND: GET /session/d94fe9d023155d3f6895aef5421fa61d/screenshot - {}
RESULT: {"script":"<script> [1562 bytes]","args":[{"selector":{"controlType":"sap.m.Button","viewName":"etm.portal.ui.managerequests.view.Detail","properties":{"text":"Close"},"searchOpenDialogs":true,"interaction":{"idSuffix":"BDI-content"}},"wdio_ui5_key":"etmportal.ui.managerequests.view.Detailsap.m.Button{\"text\":\"Close\"}"}]}
RESULT: undefined
COMMAND: POST /session/d94fe9d023155d3f6895aef5421fa61d/element - {"using":"xpath","value":"//*[@id=\"__button47\"]"}
RESULT: {}
RESULT: {"using":"xpath","value":"//*[@id=\"__button47\"]"}
COMMAND: POST /session/d94fe9d023155d3f6895aef5421fa61d/element/f.95C2E293E0D5F8D5E0F83733146F119E.d.37BDC26EF6DB2F41851CC0D5DF74000C.e.14019/click - {}
RESULT: {}
COMMAND: GET /session/d94fe9d023155d3f6895aef5421fa61d/screenshot - {}
RESULT: {}
COMMAND: POST /session/d94fe9d023155d3f6895aef5421fa61d/refresh - {}
RESULT: {}
COMMAND: GET /session/d94fe9d023155d3f6895aef5421fa61d/screenshot - {}
RESULT: {}
COMMAND: POST /session/d94fe9d023155d3f6895aef5421fa61d/execute/async - {"script":"<script> [189 bytes]","args":[]}
RESULT: {"script":"<script> [189 bytes]","args":[]}
COMMAND: POST /session/d94fe9d023155d3f6895aef5421fa61d/execute/async - {"script":"<script> [123 bytes]","args":[]}
RESULT: {"script":"<script> [123 bytes]","args":[]}
COMMAND: POST /session/d94fe9d023155d3f6895aef5421fa61d/timeouts - {"script":"<number>"}
RESULT: {"script":"<number>"}
COMMAND: GET /session/d94fe9d023155d3f6895aef5421fa61d/timeouts - {}
RESULT: {}
RESULT: undefined
COMMAND: POST /session/d94fe9d023155d3f6895aef5421fa61d/execute/async - {"script":"<script> [2676 bytes]","args":[]}
RESULT: {"script":"<script> [2676 bytes]","args":[]}
COMMAND: POST /session/d94fe9d023155d3f6895aef5421fa61d/execute/async - {"script":"<script> [2342 bytes]","args":[{"protocol":"http","hostname":"0.0.0.0","path":"/","capabilities":{"browserName":"chrome","goog:chromeOptions":{"binary":"C:\\Program Files\\Google\\Chrome\\Application\\chrome.exe","args":["--start-maximized"]}},"logLevel":"warn","connectionRetryTimeout":120000,"connectionRetryCount":3,"logLevels":{},"enableDirectConnect":true,"strictSSL":true,"_":"65 more keys: [\"cacheDir\",\"port\",\"requestedCapabilities\",\"automationProtocol\",\"baseUrl\",\"waitforInterval\",\"waitforTimeout\",\"onReload\",\"beforeCommand\",\"afterCommand\",\"rootDir\",\"specs\",\"suites\",\"exclude\",\"groupLogsByTestSpec\",\"excludeDriverLogs\",\"bail\",\"framework\",\"reporters\",\"services\",\"maxInstances\",\"maxInstancesPerCapability\",\"injectGlobals\",\"filesToWatch\",\"execArgv\",\"runnerEnv\",\"runner\",\"shard\",\"specFileRetries\",\"specFileRetriesDelay\",\"specFileRetriesDeferred\",\"reporterSyncInterval\",\"reporterSyncTimeout\",\"cucumberFeaturesWithLineNumbers\",\"autoCompileOpts\",\"mochaOpts\",\"jasmineOpts\",\"cucumberOpts\",\"onPrepare\",\"onWorkerStart\",\"onWorkerEnd\",\"before\",\"beforeSession\",\"beforeSuite\",\"beforeHook\",\"beforeTest\",\"afterTest\",\"afterHook\",\"afterSuite\",\"afterSession\",\"after\",\"onComplete\",\"beforeAssertion\",\"afterAssertion\",\"beforeFeature\",\"beforeScenario\",\"beforeStep\",\"afterStep\",\"afterScenario\",\"afterFeature\",\"_\",\"suite\",\"$0\",\"ignoredWorkerServices\",\"wdi5\"]"}]}
RESULT: {"script":"<script> [2342 bytes]","args":[{"protocol":"http","hostname":"0.0.0.0","path":"/","capabilities":{"browserName":"chrome","goog:chromeOptions":{"binary":"C:\\Program Files\\Google\\Chrome\\Application\\chrome.exe","args":["--start-maximized"]}},"logLevel":"warn","connectionRetryTimeout":120000,"connectionRetryCount":3,"logLevels":{},"enableDirectConnect":true,"strictSSL":true,"_":"65 more keys: [\"cacheDir\",\"port\",\"requestedCapabilities\",\"automationProtocol\",\"baseUrl\",\"waitforInterval\",\"waitforTimeout\",\"onReload\",\"beforeCommand\",\"afterCommand\",\"rootDir\",\"specs\",\"suites\",\"exclude\",\"groupLogsByTestSpec\",\"excludeDriverLogs\",\"bail\",\"framework\",\"reporters\",\"services\",\"maxInstances\",\"maxInstancesPerCapability\",\"injectGlobals\",\"filesToWatch\",\"execArgv\",\"runnerEnv\",\"runner\",\"shard\",\"specFileRetries\",\"specFileRetriesDelay\",\"specFileRetriesDeferred\",\"reporterSyncInterval\",\"reporterSyncTimeout\",\"cucumberFeaturesWithLineNumbers\",\"autoCompileOpts\",\"mochaOpts\",\"jasmineOpts\",\"cucumberOpts\",\"onPrepare\",\"onWorkerStart\",\"onWorkerEnd\",\"before\",\"beforeSession\",\"beforeSuite\",\"beforeHook\",\"beforeTest\",\"afterTest\",\"afterHook\",\"afterSuite\",\"afterSession\",\"after\",\"onComplete\",\"beforeAssertion\",\"afterAssertion\",\"beforeFeature\",\"beforeScenario\",\"beforeStep\",\"afterStep\",\"afterScenario\",\"afterFeature\",\"_\",\"suite\",\"$0\",\"ignoredWorkerServices\",\"wdi5\"]"}]}
COMMAND: POST /session/d94fe9d023155d3f6895aef5421fa61d/execute/async - {"script":"<script> [21126 bytes]","args":[35000]}
RESULT: {"script":"<script> [21126 bytes]","args":[35000]}
]]></system-out>
    </testcase>
  </testsuite>
</testsuites>