<?xml version="1.0" encoding="UTF-8"?>
<testsuites tests="15" failures="0" errors="0" skipped="0">
  <testsuite timestamp="2025-05-26T15:18:21" time="83.284" tests="2" failures="0" errors="0" skipped="0">
    <properties>
      <property name="specId" value="0"/>
      <property name="suiteName" value="Assign the user test user id to an address"/>
      <property name="capabilities" value="chrome.136_0_7103_93.windows"/>
      <property name="file" value="file:///D:/a/1/s/test/specs/R2C/assign-user-id-to-an-address.spec.js"/>
    </properties>
    <testcase classname="chrome.136_0_7103_93.windows.Assign_the_user_test_user_id_to_an_address" name="Should search for test1ETM create only if not present" time="12.094">
      <system-out><![CDATA[
COMMAND: POST /session/3fdfcd34cc1ad0984bb83731bfb105d6/execute/async - {"script":"<script> [1562 bytes]","args":[{"selector":{"id":"application-addressmanagement-display-component---masterAdm--smartFilterBar-filterItemControl_BASIC-NAME-vhi"},"wdio_ui5_key":"applicationaddressmanagement-display-component---masterAdm--smartFilterBar-filterItemControl_BASIC-NAME-vhi"}]}
RESULT: {"script":"<script> [1562 bytes]","args":[{"selector":{"id":"application-addressmanagement-display-component---masterAdm--smartFilterBar-filterItemControl_BASIC-NAME-vhi"},"wdio_ui5_key":"applicationaddressmanagement-display-component---masterAdm--smartFilterBar-filterItemControl_BASIC-NAME-vhi"}]}
RESULT: undefined
COMMAND: POST /session/3fdfcd34cc1ad0984bb83731bfb105d6/element - {"using":"xpath","value":"//*[@id=\"application-addressmanagement-display-component---masterAdm--smartFilterBar-filterItemControl_BASIC-NAME-vhi\"]"}
RESULT: {"using":"xpath","value":"//*[@id=\"application-addressmanagement-display-component---masterAdm--smartFilterBar-filterItemControl_BASIC-NAME-vhi\"]"}
COMMAND: POST /session/3fdfcd34cc1ad0984bb83731bfb105d6/element/f.902B563C9587CBB3E624B0B064AC9B4C.d.EA3719D79F78F2968789C3FA092C50C0.e.299/click - {}
RESULT: {}
COMMAND: POST /session/3fdfcd34cc1ad0984bb83731bfb105d6/execute/async - {"script":"<script> [1562 bytes]","args":[{"selector":{"controlType":"sap.m.Input","viewName":"etm.portal.ui.addressmanagement.view.Master","viewId":"application-addressmanagement-display-component---masterAdm","properties":{"valueState":"None"},"searchOpenDialogs":true,"interaction":{"idSuffix":"inner"}},"wdio_ui5_key":"etmportal.ui.addressmanagement.view.Mastersap.m.Input{\"valueState\":\"None\"}"}]}
COMMAND: GET /session/3fdfcd34cc1ad0984bb83731bfb105d6/screenshot - {}
RESULT: {"script":"<script> [1562 bytes]","args":[{"selector":{"controlType":"sap.m.Input","viewName":"etm.portal.ui.addressmanagement.view.Master","viewId":"application-addressmanagement-display-component---masterAdm","properties":{"valueState":"None"},"searchOpenDialogs":true,"interaction":{"idSuffix":"inner"}},"wdio_ui5_key":"etmportal.ui.addressmanagement.view.Mastersap.m.Input{\"valueState\":\"None\"}"}]}
RESULT: undefined
COMMAND: POST /session/3fdfcd34cc1ad0984bb83731bfb105d6/execute/async - {"script":"<script> [776 bytes]","args":[{"enterText":"Test1ETM","selector":{"controlType":"sap.m.Input","viewName":"etm.portal.ui.addressmanagement.view.Master","viewId":"application-addressmanagement-display-component---masterAdm","properties":{"valueState":"None"},"searchOpenDialogs":true,"interaction":{"idSuffix":"inner"}},"clearTextFirst":true,"interactionType":"ENTER_TEXT"}]}
RESULT: {}
RESULT: {"script":"<script> [776 bytes]","args":[{"enterText":"Test1ETM","selector":{"controlType":"sap.m.Input","viewName":"etm.portal.ui.addressmanagement.view.Master","viewId":"application-addressmanagement-display-component---masterAdm","properties":{"valueState":"None"},"searchOpenDialogs":true,"interaction":{"idSuffix":"inner"}},"clearTextFirst":true,"interactionType":"ENTER_TEXT"}]}
COMMAND: POST /session/3fdfcd34cc1ad0984bb83731bfb105d6/actions - {"actions":[{"id":"action1","type":"key","parameters":{},"actions":[{"type":"keyDown","value":""},{"type":"pause","duration":10},{"type":"keyUp","value":""}]}]}
RESULT: {"actions":[{"id":"action1","type":"key","parameters":{},"actions":[{"type":"keyDown","value":""},{"type":"pause","duration":10},{"type":"keyUp","value":""}]}]}
COMMAND: POST /session/3fdfcd34cc1ad0984bb83731bfb105d6/execute/async - {"script":"<script> [1562 bytes]","args":[{"selector":{"id":"application-addressmanagement-display-component---masterAdm--smartFilterBar-filterItemControl_BASIC-NAME-valueHelpDialog-ok","searchOpenDialogs":true,"interaction":{"idSuffix":"BDI-content"}},"wdio_ui5_key":"applicationaddressmanagement-display-component---masterAdm--smartFilterBar-filterItemControl_BASIC-NAME-valueHelpDialog-ok"}]}
COMMAND: GET /session/3fdfcd34cc1ad0984bb83731bfb105d6/screenshot - {}
RESULT: {"script":"<script> [1562 bytes]","args":[{"selector":{"id":"application-addressmanagement-display-component---masterAdm--smartFilterBar-filterItemControl_BASIC-NAME-valueHelpDialog-ok","searchOpenDialogs":true,"interaction":{"idSuffix":"BDI-content"}},"wdio_ui5_key":"applicationaddressmanagement-display-component---masterAdm--smartFilterBar-filterItemControl_BASIC-NAME-valueHelpDialog-ok"}]}
RESULT: undefined
COMMAND: POST /session/3fdfcd34cc1ad0984bb83731bfb105d6/element - {"using":"xpath","value":"//*[@id=\"application-addressmanagement-display-component---masterAdm--smartFilterBar-filterItemControl_BASIC-NAME-valueHelpDialog-ok\"]"}
RESULT: {}
RESULT: {"using":"xpath","value":"//*[@id=\"application-addressmanagement-display-component---masterAdm--smartFilterBar-filterItemControl_BASIC-NAME-valueHelpDialog-ok\"]"}
COMMAND: POST /session/3fdfcd34cc1ad0984bb83731bfb105d6/element/f.902B563C9587CBB3E624B0B064AC9B4C.d.EA3719D79F78F2968789C3FA092C50C0.e.308/click - {}
RESULT: {}
COMMAND: GET /session/3fdfcd34cc1ad0984bb83731bfb105d6/screenshot - {}
RESULT: {}
COMMAND: POST /session/3fdfcd34cc1ad0984bb83731bfb105d6/element - {"using":"xpath","value":"(//span[text()=\"Active\"])[1]"}
RESULT: {"using":"xpath","value":"(//span[text()=\"Active\"])[1]"}
COMMAND: POST /session/3fdfcd34cc1ad0984bb83731bfb105d6/elements - {"using":"xpath","value":"(//span[text()=\"Active\"])[1]"}
RESULT: {"using":"xpath","value":"(//span[text()=\"Active\"])[1]"}
COMMAND: POST /session/3fdfcd34cc1ad0984bb83731bfb105d6/execute/sync - {"script":"<script> [8489 bytes]","args":[{"element-6066-11e4-a52e-4f735466cecf":"f.902B563C9587CBB3E624B0B064AC9B4C.d.EA3719D79F78F2968789C3FA092C50C0.e.327","ELEMENT":"f.902B563C9587CBB3E624B0B064AC9B4C.d.EA3719D79F78F2968789C3FA092C50C0.e.327"}]}
RESULT: {"script":"<script> [8489 bytes]","args":[{"element-6066-11e4-a52e-4f735466cecf":"f.902B563C9587CBB3E624B0B064AC9B4C.d.EA3719D79F78F2968789C3FA092C50C0.e.327","ELEMENT":"f.902B563C9587CBB3E624B0B064AC9B4C.d.EA3719D79F78F2968789C3FA092C50C0.e.327"}]}
COMMAND: POST /session/3fdfcd34cc1ad0984bb83731bfb105d6/execute/sync - {"script":"<script> [5351 bytes]","args":[{"element-6066-11e4-a52e-4f735466cecf":"f.902B563C9587CBB3E624B0B064AC9B4C.d.EA3719D79F78F2968789C3FA092C50C0.e.327","ELEMENT":"f.902B563C9587CBB3E624B0B064AC9B4C.d.EA3719D79F78F2968789C3FA092C50C0.e.327"}]}
RESULT: {"script":"<script> [5351 bytes]","args":[{"element-6066-11e4-a52e-4f735466cecf":"f.902B563C9587CBB3E624B0B064AC9B4C.d.EA3719D79F78F2968789C3FA092C50C0.e.327","ELEMENT":"f.902B563C9587CBB3E624B0B064AC9B4C.d.EA3719D79F78F2968789C3FA092C50C0.e.327"}]}
COMMAND: POST /session/3fdfcd34cc1ad0984bb83731bfb105d6/element/f.902B563C9587CBB3E624B0B064AC9B4C.d.EA3719D79F78F2968789C3FA092C50C0.e.327/click - {}
RESULT: {}
COMMAND: POST /session/3fdfcd34cc1ad0984bb83731bfb105d6/element - {"using":"xpath","value":"//span[@id=\"application-addressmanagement-display-component---detailAdm--addressDetailDetailsName1\"]"}
RESULT: {"using":"xpath","value":"//span[@id=\"application-addressmanagement-display-component---detailAdm--addressDetailDetailsName1\"]"}
COMMAND: POST /session/3fdfcd34cc1ad0984bb83731bfb105d6/execute/sync - {"script":"<script> [8489 bytes]","args":[{"element-6066-11e4-a52e-4f735466cecf":"f.902B563C9587CBB3E624B0B064AC9B4C.d.EA3719D79F78F2968789C3FA092C50C0.e.402","ELEMENT":"f.902B563C9587CBB3E624B0B064AC9B4C.d.EA3719D79F78F2968789C3FA092C50C0.e.402"}]}
RESULT: {"script":"<script> [8489 bytes]","args":[{"element-6066-11e4-a52e-4f735466cecf":"f.902B563C9587CBB3E624B0B064AC9B4C.d.EA3719D79F78F2968789C3FA092C50C0.e.402","ELEMENT":"f.902B563C9587CBB3E624B0B064AC9B4C.d.EA3719D79F78F2968789C3FA092C50C0.e.402"}]}
COMMAND: GET /session/3fdfcd34cc1ad0984bb83731bfb105d6/screenshot - {}
COMMAND: GET /session/3fdfcd34cc1ad0984bb83731bfb105d6/screenshot - {}
COMMAND: GET /session/3fdfcd34cc1ad0984bb83731bfb105d6/screenshot - {}
COMMAND: GET /session/3fdfcd34cc1ad0984bb83731bfb105d6/screenshot - {}
]]></system-out>
    </testcase>
    <testcase classname="chrome.136_0_7103_93.windows.Assign_the_user_test_user_id_to_an_address" name="Should edit the title of the created found address" time="13.841">
      <system-out><![CDATA[
RESULT: {}
RESULT: {}
COMMAND: POST /session/3fdfcd34cc1ad0984bb83731bfb105d6/execute/async - {"script":"<script> [1562 bytes]","args":[{"selector":{"controlType":"sap.m.Button","viewName":"etm.portal.ui.addressmanagement.view.Detail","viewId":"application-addressmanagement-display-component---detailAdm","i18NText":{"propertyName":"text","key":"edit"}},"wdio_ui5_key":"etmportal.ui.addressmanagement.view.Detailsap.m.Button{\"propertyName\":\"text\",\"key\":\"edit\"}"}]}
RESULT: {}
RESULT: {}
RESULT: {"script":"<script> [1562 bytes]","args":[{"selector":{"controlType":"sap.m.Button","viewName":"etm.portal.ui.addressmanagement.view.Detail","viewId":"application-addressmanagement-display-component---detailAdm","i18NText":{"propertyName":"text","key":"edit"}},"wdio_ui5_key":"etmportal.ui.addressmanagement.view.Detailsap.m.Button{\"propertyName\":\"text\",\"key\":\"edit\"}"}]}
RESULT: undefined
COMMAND: POST /session/3fdfcd34cc1ad0984bb83731bfb105d6/element - {"using":"xpath","value":"//*[@id=\"__button16\"]"}
RESULT: {"using":"xpath","value":"//*[@id=\"__button16\"]"}
COMMAND: POST /session/3fdfcd34cc1ad0984bb83731bfb105d6/element/f.902B563C9587CBB3E624B0B064AC9B4C.d.EA3719D79F78F2968789C3FA092C50C0.e.409/click - {}
RESULT: {}
COMMAND: POST /session/3fdfcd34cc1ad0984bb83731bfb105d6/execute/async - {"script":"<script> [1562 bytes]","args":[{"selector":{"controlType":"sap.ui.core.Icon","viewName":"etm.portal.ui.addressmanagement.view.EditDetail","properties":{"src":{"regex":{"source":"slim\\-arrow\\-down"}}},"ancestor":{"id":"addressTitle","viewName":"etm.portal.ui.addressmanagement.view.EditDetail"}},"wdio_ui5_key":"etmportal.ui.addressmanagement.view.EditDetailsap.ui.core.Icon{\"src\":{\"regex\":{\"source\":\"slim\\\\-arrow\\\\-down\"}}}{\"id\":\"addressTitle\",\"viewName\":\"etm.portal.ui.addressmanagement.view.EditDetail\"}"}]}
COMMAND: GET /session/3fdfcd34cc1ad0984bb83731bfb105d6/screenshot - {}
RESULT: {"script":"<script> [1562 bytes]","args":[{"selector":{"controlType":"sap.ui.core.Icon","viewName":"etm.portal.ui.addressmanagement.view.EditDetail","properties":{"src":{"regex":{"source":"slim\\-arrow\\-down"}}},"ancestor":{"id":"addressTitle","viewName":"etm.portal.ui.addressmanagement.view.EditDetail"}},"wdio_ui5_key":"etmportal.ui.addressmanagement.view.EditDetailsap.ui.core.Icon{\"src\":{\"regex\":{\"source\":\"slim\\\\-arrow\\\\-down\"}}}{\"id\":\"addressTitle\",\"viewName\":\"etm.portal.ui.addressmanagement.view.EditDetail\"}"}]}
RESULT: undefined
COMMAND: POST /session/3fdfcd34cc1ad0984bb83731bfb105d6/element - {"using":"xpath","value":"//*[@id=\"__xmlview58--addressTitle-arrow\"]"}
RESULT: {}
RESULT: {"using":"xpath","value":"//*[@id=\"__xmlview58--addressTitle-arrow\"]"}
COMMAND: POST /session/3fdfcd34cc1ad0984bb83731bfb105d6/element/f.902B563C9587CBB3E624B0B064AC9B4C.d.EA3719D79F78F2968789C3FA092C50C0.e.464/click - {}
RESULT: {}
COMMAND: POST /session/3fdfcd34cc1ad0984bb83731bfb105d6/execute/async - {"script":"<script> [1562 bytes]","args":[{"selector":{"controlType":"sap.m.StandardListItem","viewName":"etm.portal.ui.addressmanagement.view.EditDetail","properties":{"title":"Dr."},"searchOpenDialogs":true},"wdio_ui5_key":"etmportal.ui.addressmanagement.view.EditDetailsap.m.StandardListItem{\"title\":\"Dr.\"}"}]}
COMMAND: GET /session/3fdfcd34cc1ad0984bb83731bfb105d6/screenshot - {}
RESULT: {"script":"<script> [1562 bytes]","args":[{"selector":{"controlType":"sap.m.StandardListItem","viewName":"etm.portal.ui.addressmanagement.view.EditDetail","properties":{"title":"Dr."},"searchOpenDialogs":true},"wdio_ui5_key":"etmportal.ui.addressmanagement.view.EditDetailsap.m.StandardListItem{\"title\":\"Dr.\"}"}]}
RESULT: undefined
COMMAND: POST /session/3fdfcd34cc1ad0984bb83731bfb105d6/element - {"using":"xpath","value":"//*[@id=\"__item229\"]"}
RESULT: {}
RESULT: {"using":"xpath","value":"//*[@id=\"__item229\"]"}
COMMAND: POST /session/3fdfcd34cc1ad0984bb83731bfb105d6/element/f.902B563C9587CBB3E624B0B064AC9B4C.d.EA3719D79F78F2968789C3FA092C50C0.e.466/click - {}
RESULT: {}
COMMAND: POST /session/3fdfcd34cc1ad0984bb83731bfb105d6/execute/async - {"script":"<script> [1562 bytes]","args":[{"selector":{"controlType":"sap.m.Button","viewName":"etm.portal.ui.addressmanagement.view.EditDetail","i18NText":{"propertyName":"text","key":"save"}},"wdio_ui5_key":"etmportal.ui.addressmanagement.view.EditDetailsap.m.Button{\"propertyName\":\"text\",\"key\":\"save\"}"}]}
COMMAND: GET /session/3fdfcd34cc1ad0984bb83731bfb105d6/screenshot - {}
RESULT: {"script":"<script> [1562 bytes]","args":[{"selector":{"controlType":"sap.m.Button","viewName":"etm.portal.ui.addressmanagement.view.EditDetail","i18NText":{"propertyName":"text","key":"save"}},"wdio_ui5_key":"etmportal.ui.addressmanagement.view.EditDetailsap.m.Button{\"propertyName\":\"text\",\"key\":\"save\"}"}]}
RESULT: undefined
COMMAND: POST /session/3fdfcd34cc1ad0984bb83731bfb105d6/element - {"using":"xpath","value":"//*[@id=\"__button39\"]"}
RESULT: {}
RESULT: {"using":"xpath","value":"//*[@id=\"__button39\"]"}
COMMAND: POST /session/3fdfcd34cc1ad0984bb83731bfb105d6/element/f.902B563C9587CBB3E624B0B064AC9B4C.d.EA3719D79F78F2968789C3FA092C50C0.e.467/click - {}
RESULT: {}
COMMAND: GET /session/3fdfcd34cc1ad0984bb83731bfb105d6/screenshot - {}
RESULT: {}
COMMAND: POST /session/3fdfcd34cc1ad0984bb83731bfb105d6/element - {"using":"xpath","value":"//span[@id=\"application-addressmanagement-display-component---detailAdm--addressTitle\"]"}
RESULT: {"using":"xpath","value":"//span[@id=\"application-addressmanagement-display-component---detailAdm--addressTitle\"]"}
COMMAND: GET /session/3fdfcd34cc1ad0984bb83731bfb105d6/element/f.902B563C9587CBB3E624B0B064AC9B4C.d.EA3719D79F78F2968789C3FA092C50C0.e.478/text - {}
RESULT: {}
COMMAND: POST /session/3fdfcd34cc1ad0984bb83731bfb105d6/element - {"using":"xpath","value":"//span[@id=\"application-addressmanagement-display-component---detailAdm--addressDetailDetailsName1\"]"}
RESULT: {"using":"xpath","value":"//span[@id=\"application-addressmanagement-display-component---detailAdm--addressDetailDetailsName1\"]"}
COMMAND: GET /session/3fdfcd34cc1ad0984bb83731bfb105d6/element/f.902B563C9587CBB3E624B0B064AC9B4C.d.EA3719D79F78F2968789C3FA092C50C0.e.402/text - {}
RESULT: {}
COMMAND: POST /session/3fdfcd34cc1ad0984bb83731bfb105d6/refresh - {}
RESULT: {}
COMMAND: GET /session/3fdfcd34cc1ad0984bb83731bfb105d6/screenshot - {}
RESULT: {}
COMMAND: POST /session/3fdfcd34cc1ad0984bb83731bfb105d6/refresh - {}
RESULT: {}
COMMAND: GET /session/3fdfcd34cc1ad0984bb83731bfb105d6/screenshot - {}
RESULT: {}
COMMAND: POST /session/3fdfcd34cc1ad0984bb83731bfb105d6/window/fullscreen - {}
RESULT: {}
COMMAND: POST /session/3fdfcd34cc1ad0984bb83731bfb105d6/execute/async - {"script":"<script> [189 bytes]","args":[]}
RESULT: {"script":"<script> [189 bytes]","args":[]}
COMMAND: POST /session/3fdfcd34cc1ad0984bb83731bfb105d6/execute/async - {"script":"<script> [123 bytes]","args":[]}
RESULT: {"script":"<script> [123 bytes]","args":[]}
COMMAND: POST /session/3fdfcd34cc1ad0984bb83731bfb105d6/timeouts - {"script":"<number>"}
RESULT: {"script":"<number>"}
COMMAND: GET /session/3fdfcd34cc1ad0984bb83731bfb105d6/timeouts - {}
RESULT: {}
RESULT: undefined
COMMAND: POST /session/3fdfcd34cc1ad0984bb83731bfb105d6/execute/async - {"script":"<script> [2676 bytes]","args":[]}
RESULT: {"script":"<script> [2676 bytes]","args":[]}
COMMAND: POST /session/3fdfcd34cc1ad0984bb83731bfb105d6/execute/async - {"script":"<script> [2342 bytes]","args":[{"protocol":"http","hostname":"0.0.0.0","path":"/","capabilities":{"browserName":"chrome","goog:chromeOptions":{"binary":"C:\\Program Files\\Google\\Chrome\\Application\\chrome.exe","args":["--start-maximized"]}},"logLevel":"warn","connectionRetryTimeout":120000,"connectionRetryCount":3,"logLevels":{},"enableDirectConnect":true,"strictSSL":true,"_":"65 more keys: [\"cacheDir\",\"port\",\"requestedCapabilities\",\"automationProtocol\",\"baseUrl\",\"waitforInterval\",\"waitforTimeout\",\"onReload\",\"beforeCommand\",\"afterCommand\",\"rootDir\",\"specs\",\"suites\",\"exclude\",\"groupLogsByTestSpec\",\"excludeDriverLogs\",\"bail\",\"framework\",\"reporters\",\"services\",\"maxInstances\",\"maxInstancesPerCapability\",\"injectGlobals\",\"filesToWatch\",\"execArgv\",\"runnerEnv\",\"runner\",\"shard\",\"specFileRetries\",\"specFileRetriesDelay\",\"specFileRetriesDeferred\",\"reporterSyncInterval\",\"reporterSyncTimeout\",\"cucumberFeaturesWithLineNumbers\",\"autoCompileOpts\",\"mochaOpts\",\"jasmineOpts\",\"cucumberOpts\",\"onPrepare\",\"onWorkerStart\",\"onWorkerEnd\",\"before\",\"beforeSession\",\"beforeSuite\",\"beforeHook\",\"beforeTest\",\"afterTest\",\"afterHook\",\"afterSuite\",\"afterSession\",\"after\",\"onComplete\",\"beforeAssertion\",\"afterAssertion\",\"beforeFeature\",\"beforeScenario\",\"beforeStep\",\"afterStep\",\"afterScenario\",\"afterFeature\",\"_\",\"suite\",\"$0\",\"ignoredWorkerServices\",\"wdi5\"]"}]}
RESULT: {"script":"<script> [2342 bytes]","args":[{"protocol":"http","hostname":"0.0.0.0","path":"/","capabilities":{"browserName":"chrome","goog:chromeOptions":{"binary":"C:\\Program Files\\Google\\Chrome\\Application\\chrome.exe","args":["--start-maximized"]}},"logLevel":"warn","connectionRetryTimeout":120000,"connectionRetryCount":3,"logLevels":{},"enableDirectConnect":true,"strictSSL":true,"_":"65 more keys: [\"cacheDir\",\"port\",\"requestedCapabilities\",\"automationProtocol\",\"baseUrl\",\"waitforInterval\",\"waitforTimeout\",\"onReload\",\"beforeCommand\",\"afterCommand\",\"rootDir\",\"specs\",\"suites\",\"exclude\",\"groupLogsByTestSpec\",\"excludeDriverLogs\",\"bail\",\"framework\",\"reporters\",\"services\",\"maxInstances\",\"maxInstancesPerCapability\",\"injectGlobals\",\"filesToWatch\",\"execArgv\",\"runnerEnv\",\"runner\",\"shard\",\"specFileRetries\",\"specFileRetriesDelay\",\"specFileRetriesDeferred\",\"reporterSyncInterval\",\"reporterSyncTimeout\",\"cucumberFeaturesWithLineNumbers\",\"autoCompileOpts\",\"mochaOpts\",\"jasmineOpts\",\"cucumberOpts\",\"onPrepare\",\"onWorkerStart\",\"onWorkerEnd\",\"before\",\"beforeSession\",\"beforeSuite\",\"beforeHook\",\"beforeTest\",\"afterTest\",\"afterHook\",\"afterSuite\",\"afterSession\",\"after\",\"onComplete\",\"beforeAssertion\",\"afterAssertion\",\"beforeFeature\",\"beforeScenario\",\"beforeStep\",\"afterStep\",\"afterScenario\",\"afterFeature\",\"_\",\"suite\",\"$0\",\"ignoredWorkerServices\",\"wdi5\"]"}]}
COMMAND: POST /session/3fdfcd34cc1ad0984bb83731bfb105d6/execute/async - {"script":"<script> [21126 bytes]","args":[35000]}
RESULT: {"script":"<script> [21126 bytes]","args":[35000]}
COMMAND: POST /session/3fdfcd34cc1ad0984bb83731bfb105d6/element - {"using":"css selector","value":"#shell-header-logo"}
RESULT: {"using":"css selector","value":"#shell-header-logo"}
COMMAND: POST /session/3fdfcd34cc1ad0984bb83731bfb105d6/element/f.902B563C9587CBB3E624B0B064AC9B4C.d.44D4EA25631208E1502B45682E48F3F3.e.494/click - {}
RESULT: {}
COMMAND: GET /session/3fdfcd34cc1ad0984bb83731bfb105d6/screenshot - {}
COMMAND: POST /session/3fdfcd34cc1ad0984bb83731bfb105d6/execute/async - {"script":"<script> [1562 bytes]","args":[{"selector":{"controlType":"sap.m.GenericTile","properties":{"header":"Manage Yards"}},"wdio_ui5_key":"sapm.GenericTile{\"header\":\"Manage Yards\"}"}]}
RESULT: {}
RESULT: {"script":"<script> [1562 bytes]","args":[{"selector":{"controlType":"sap.m.GenericTile","properties":{"header":"Manage Yards"}},"wdio_ui5_key":"sapm.GenericTile{\"header\":\"Manage Yards\"}"}]}
RESULT: undefined
COMMAND: POST /session/3fdfcd34cc1ad0984bb83731bfb105d6/element - {"using":"xpath","value":"//*[@id=\"__tile52\"]"}
RESULT: {"using":"xpath","value":"//*[@id=\"__tile52\"]"}
COMMAND: POST /session/3fdfcd34cc1ad0984bb83731bfb105d6/element/f.902B563C9587CBB3E624B0B064AC9B4C.d.44D4EA25631208E1502B45682E48F3F3.e.747/click - {}
RESULT: {}
COMMAND: GET /session/3fdfcd34cc1ad0984bb83731bfb105d6/screenshot - {}
RESULT: {}
COMMAND: POST /session/3fdfcd34cc1ad0984bb83731bfb105d6/elements - {"using":"xpath","value":"//span[text()='Error']"}
RESULT: {"using":"xpath","value":"//span[text()='Error']"}
]]></system-out>
    </testcase>
  </testsuite>
  <testsuite timestamp="2025-05-26T15:19:45" time="302.358" tests="2" failures="0" errors="0" skipped="0">
    <properties>
      <property name="specId" value="0"/>
      <property name="suiteName" value="Create 2 Yards US112496"/>
      <property name="capabilities" value="chrome.136_0_7103_93.windows"/>
      <property name="file" value="file:///D:/a/1/s/test/specs/R2C/create-yard.spec.js"/>
    </properties>
    <testcase classname="chrome.136_0_7103_93.windows.Create_2_Yards_US112496" name="Should create a new simple yard" time="152.235">
      <system-out><![CDATA[
COMMAND: POST /session/3fdfcd34cc1ad0984bb83731bfb105d6/execute/async - {"script":"<script> [1562 bytes]","args":[{"selector":{"controlType":"sap.ui.core.Icon","viewName":"etm.portal.ui.manageyards.view.Master","viewId":"application-manageyards-display-component---masterYard","properties":{"src":{"regex":{"source":"add"}}}},"wdio_ui5_key":"etmportal.ui.manageyards.view.Mastersap.ui.core.Icon{\"src\":{\"regex\":{\"source\":\"add\"}}}"}]}
RESULT: {"script":"<script> [1562 bytes]","args":[{"selector":{"controlType":"sap.ui.core.Icon","viewName":"etm.portal.ui.manageyards.view.Master","viewId":"application-manageyards-display-component---masterYard","properties":{"src":{"regex":{"source":"add"}}}},"wdio_ui5_key":"etmportal.ui.manageyards.view.Mastersap.ui.core.Icon{\"src\":{\"regex\":{\"source\":\"add\"}}}"}]}
RESULT: undefined
COMMAND: POST /session/3fdfcd34cc1ad0984bb83731bfb105d6/element - {"using":"xpath","value":"//*[@id=\"__button25-img\"]"}
RESULT: {"using":"xpath","value":"//*[@id=\"__button25-img\"]"}
COMMAND: POST /session/3fdfcd34cc1ad0984bb83731bfb105d6/element/f.902B563C9587CBB3E624B0B064AC9B4C.d.44D4EA25631208E1502B45682E48F3F3.e.793/click - {}
RESULT: {}
COMMAND: GET /session/3fdfcd34cc1ad0984bb83731bfb105d6/screenshot - {}
RESULT: {}
COMMAND: POST /session/3fdfcd34cc1ad0984bb83731bfb105d6/execute/async - {"script":"<script> [1562 bytes]","args":[{"selector":{"id":"application-manageyards-display-component---NewYard--yardId","interaction":{"idSuffix":"inner"}},"wdio_ui5_key":"applicationmanageyards-display-component---NewYard--yardId"}]}
RESULT: {"script":"<script> [1562 bytes]","args":[{"selector":{"id":"application-manageyards-display-component---NewYard--yardId","interaction":{"idSuffix":"inner"}},"wdio_ui5_key":"applicationmanageyards-display-component---NewYard--yardId"}]}
RESULT: undefined
COMMAND: POST /session/3fdfcd34cc1ad0984bb83731bfb105d6/element - {"using":"xpath","value":"//*[@id=\"application-manageyards-display-component---NewYard--addressDetailDetailsName1-inner\"]"}
RESULT: {"using":"xpath","value":"//*[@id=\"application-manageyards-display-component---NewYard--addressDetailDetailsName1-inner\"]"}
COMMAND: POST /session/3fdfcd34cc1ad0984bb83731bfb105d6/element/f.902B563C9587CBB3E624B0B064AC9B4C.d.44D4EA25631208E1502B45682E48F3F3.e.1018/clear - {}
RESULT: {}
COMMAND: POST /session/3fdfcd34cc1ad0984bb83731bfb105d6/element/f.902B563C9587CBB3E624B0B064AC9B4C.d.44D4EA25631208E1502B45682E48F3F3.e.1018/value - {"text":"Webdriver Yard aou4u"}
COMMAND: GET /session/3fdfcd34cc1ad0984bb83731bfb105d6/screenshot - {}
RESULT: {"text":"Webdriver Yard aou4u"}
COMMAND: POST /session/3fdfcd34cc1ad0984bb83731bfb105d6/element - {"using":"xpath","value":"//*[@id=\"application-manageyards-display-component---NewYard--addressDetailDetailsLanguage-inner\"]"}
COMMAND: GET /session/3fdfcd34cc1ad0984bb83731bfb105d6/screenshot - {}
RESULT: {}
RESULT: {"using":"xpath","value":"//*[@id=\"application-manageyards-display-component---NewYard--addressDetailDetailsLanguage-inner\"]"}
COMMAND: POST /session/3fdfcd34cc1ad0984bb83731bfb105d6/element/f.902B563C9587CBB3E624B0B064AC9B4C.d.44D4EA25631208E1502B45682E48F3F3.e.1019/clear - {}
RESULT: {}
RESULT: {}
COMMAND: POST /session/3fdfcd34cc1ad0984bb83731bfb105d6/element/f.902B563C9587CBB3E624B0B064AC9B4C.d.44D4EA25631208E1502B45682E48F3F3.e.1019/value - {"text":"Romanian"}
COMMAND: GET /session/3fdfcd34cc1ad0984bb83731bfb105d6/screenshot - {}
RESULT: {"text":"Romanian"}
COMMAND: GET /session/3fdfcd34cc1ad0984bb83731bfb105d6/screenshot - {}
RESULT: {}
RESULT: {}
COMMAND: POST /session/3fdfcd34cc1ad0984bb83731bfb105d6/element - {"using":"xpath","value":"//*[@id=\"application-manageyards-display-component---NewYard--addressDetailDetailsCity1-inner\"]"}
RESULT: {"using":"xpath","value":"//*[@id=\"application-manageyards-display-component---NewYard--addressDetailDetailsCity1-inner\"]"}
COMMAND: POST /session/3fdfcd34cc1ad0984bb83731bfb105d6/element/f.902B563C9587CBB3E624B0B064AC9B4C.d.44D4EA25631208E1502B45682E48F3F3.e.1021/clear - {}
RESULT: {}
COMMAND: POST /session/3fdfcd34cc1ad0984bb83731bfb105d6/element/f.902B563C9587CBB3E624B0B064AC9B4C.d.44D4EA25631208E1502B45682E48F3F3.e.1021/value - {"text":"Bucuresti"}
COMMAND: GET /session/3fdfcd34cc1ad0984bb83731bfb105d6/screenshot - {}
RESULT: {"text":"Bucuresti"}
COMMAND: GET /session/3fdfcd34cc1ad0984bb83731bfb105d6/screenshot - {}
RESULT: {}
RESULT: {}
COMMAND: POST /session/3fdfcd34cc1ad0984bb83731bfb105d6/element - {"using":"xpath","value":"//*[@id=\"application-manageyards-display-component---NewYard--addressDetailDetailsCountry-inner\"]"}
RESULT: {"using":"xpath","value":"//*[@id=\"application-manageyards-display-component---NewYard--addressDetailDetailsCountry-inner\"]"}
COMMAND: POST /session/3fdfcd34cc1ad0984bb83731bfb105d6/element/f.902B563C9587CBB3E624B0B064AC9B4C.d.44D4EA25631208E1502B45682E48F3F3.e.1025/clear - {}
RESULT: {}
COMMAND: POST /session/3fdfcd34cc1ad0984bb83731bfb105d6/element/f.902B563C9587CBB3E624B0B064AC9B4C.d.44D4EA25631208E1502B45682E48F3F3.e.1025/value - {"text":"Romania"}
COMMAND: GET /session/3fdfcd34cc1ad0984bb83731bfb105d6/screenshot - {}
RESULT: {"text":"Romania"}
COMMAND: GET /session/3fdfcd34cc1ad0984bb83731bfb105d6/screenshot - {}
RESULT: {}
COMMAND: POST /session/3fdfcd34cc1ad0984bb83731bfb105d6/element - {"using":"xpath","value":"//div[contains(text(), \"Commercial\")]"}
RESULT: {}
RESULT: {"using":"xpath","value":"//div[contains(text(), \"Commercial\")]"}
COMMAND: GET /session/3fdfcd34cc1ad0984bb83731bfb105d6/element/f.902B563C9587CBB3E624B0B064AC9B4C.d.44D4EA25631208E1502B45682E48F3F3.e.1215/rect - {}
RESULT: {}
COMMAND: GET /session/3fdfcd34cc1ad0984bb83731bfb105d6/window/rect - {}
RESULT: {}
COMMAND: POST /session/3fdfcd34cc1ad0984bb83731bfb105d6/execute/sync - {"script":"<script> [92 bytes]","args":[]}
RESULT: {"script":"<script> [92 bytes]","args":[]}
COMMAND: POST /session/3fdfcd34cc1ad0984bb83731bfb105d6/actions - {"actions":[{"id":"action2","type":"wheel","parameters":{},"actions":[{"type":"scroll","x":-1825,"y":-44,"deltaX":0,"deltaY":0,"duration":0,"origin":{"element-6066-11e4-a52e-4f735466cecf":"f.902B563C9587CBB3E624B0B064AC9B4C.d.44D4EA25631208E1502B45682E48F3F3.e.1215"}}]}]}
COMMAND: GET /session/3fdfcd34cc1ad0984bb83731bfb105d6/screenshot - {}
RESULT: {}
COMMAND: POST /session/3fdfcd34cc1ad0984bb83731bfb105d6/execute/sync - {"script":"<script> [79 bytes]","args":[{"element-6066-11e4-a52e-4f735466cecf":"f.902B563C9587CBB3E624B0B064AC9B4C.d.44D4EA25631208E1502B45682E48F3F3.e.1215","ELEMENT":"f.902B563C9587CBB3E624B0B064AC9B4C.d.44D4EA25631208E1502B45682E48F3F3.e.1215"},{"block":"start","inline":"nearest"}]}
RESULT: {"script":"<script> [79 bytes]","args":[{"element-6066-11e4-a52e-4f735466cecf":"f.902B563C9587CBB3E624B0B064AC9B4C.d.44D4EA25631208E1502B45682E48F3F3.e.1215","ELEMENT":"f.902B563C9587CBB3E624B0B064AC9B4C.d.44D4EA25631208E1502B45682E48F3F3.e.1215"},{"block":"start","inline":"nearest"}]}
COMMAND: GET /session/3fdfcd34cc1ad0984bb83731bfb105d6/screenshot - {}
RESULT: {}
COMMAND: POST /session/3fdfcd34cc1ad0984bb83731bfb105d6/element - {"using":"xpath","value":"//input[@id='application-manageyards-display-component---NewYard--addressEditDetailsCostObjectCstType-inner']"}
RESULT: {"using":"xpath","value":"//input[@id='application-manageyards-display-component---NewYard--addressEditDetailsCostObjectCstType-inner']"}
COMMAND: POST /session/3fdfcd34cc1ad0984bb83731bfb105d6/execute/sync - {"script":"<script> [8489 bytes]","args":[{"element-6066-11e4-a52e-4f735466cecf":"f.902B563C9587CBB3E624B0B064AC9B4C.d.44D4EA25631208E1502B45682E48F3F3.e.1031","ELEMENT":"f.902B563C9587CBB3E624B0B064AC9B4C.d.44D4EA25631208E1502B45682E48F3F3.e.1031"}]}
RESULT: {"script":"<script> [8489 bytes]","args":[{"element-6066-11e4-a52e-4f735466cecf":"f.902B563C9587CBB3E624B0B064AC9B4C.d.44D4EA25631208E1502B45682E48F3F3.e.1031","ELEMENT":"f.902B563C9587CBB3E624B0B064AC9B4C.d.44D4EA25631208E1502B45682E48F3F3.e.1031"}]}
COMMAND: POST /session/3fdfcd34cc1ad0984bb83731bfb105d6/element/f.902B563C9587CBB3E624B0B064AC9B4C.d.44D4EA25631208E1502B45682E48F3F3.e.1031/clear - {}
COMMAND: GET /session/3fdfcd34cc1ad0984bb83731bfb105d6/screenshot - {}
RESULT: {}
COMMAND: POST /session/3fdfcd34cc1ad0984bb83731bfb105d6/element/f.902B563C9587CBB3E624B0B064AC9B4C.d.44D4EA25631208E1502B45682E48F3F3.e.1031/value - {"text":"Cost"}
COMMAND: GET /session/3fdfcd34cc1ad0984bb83731bfb105d6/screenshot - {}
RESULT: {}
RESULT: {"text":"Cost"}
COMMAND: GET /session/3fdfcd34cc1ad0984bb83731bfb105d6/screenshot - {}
RESULT: {}
RESULT: {}
COMMAND: POST /session/3fdfcd34cc1ad0984bb83731bfb105d6/execute/async - {"script":"<script> [1562 bytes]","args":[{"selector":{"id":"application-manageyards-display-component---NewYard--addressNewCostObjectCstID","interaction":{"idSuffix":"inner"}},"wdio_ui5_key":"applicationmanageyards-display-component---NewYard--addressNewCostObjectCstID"}]}
RESULT: {"script":"<script> [1562 bytes]","args":[{"selector":{"id":"application-manageyards-display-component---NewYard--addressNewCostObjectCstID","interaction":{"idSuffix":"inner"}},"wdio_ui5_key":"applicationmanageyards-display-component---NewYard--addressNewCostObjectCstID"}]}
RESULT: undefined
COMMAND: POST /session/3fdfcd34cc1ad0984bb83731bfb105d6/execute/async - {"script":"<script> [776 bytes]","args":[{"enterText":"10001013","selector":{"id":"application-manageyards-display-component---NewYard--addressNewCostObjectCstID","interaction":{"idSuffix":"inner"}},"clearTextFirst":true,"interactionType":"ENTER_TEXT"}]}
RESULT: {"script":"<script> [776 bytes]","args":[{"enterText":"10001013","selector":{"id":"application-manageyards-display-component---NewYard--addressNewCostObjectCstID","interaction":{"idSuffix":"inner"}},"clearTextFirst":true,"interactionType":"ENTER_TEXT"}]}
COMMAND: POST /session/3fdfcd34cc1ad0984bb83731bfb105d6/actions - {"actions":[{"id":"action3","type":"key","parameters":{},"actions":[{"type":"keyDown","value":""},{"type":"pause","duration":10},{"type":"keyUp","value":""}]}]}
RESULT: {"actions":[{"id":"action3","type":"key","parameters":{},"actions":[{"type":"keyDown","value":""},{"type":"pause","duration":10},{"type":"keyUp","value":""}]}]}
COMMAND: GET /session/3fdfcd34cc1ad0984bb83731bfb105d6/screenshot - {}
RESULT: {}
COMMAND: POST /session/3fdfcd34cc1ad0984bb83731bfb105d6/execute/async - {"script":"<script> [1562 bytes]","args":[{"selector":{"controlType":"sap.m.Button","viewName":"etm.portal.ui.manageyards.view.New","viewId":"application-manageyards-display-component---NewYard","i18NText":{"propertyName":"text","key":"save"},"interaction":{"idSuffix":"inner"}},"wdio_ui5_key":"etmportal.ui.manageyards.view.Newsap.m.Button{\"propertyName\":\"text\",\"key\":\"save\"}"}]}
RESULT: {"script":"<script> [1562 bytes]","args":[{"selector":{"controlType":"sap.m.Button","viewName":"etm.portal.ui.manageyards.view.New","viewId":"application-manageyards-display-component---NewYard","i18NText":{"propertyName":"text","key":"save"},"interaction":{"idSuffix":"inner"}},"wdio_ui5_key":"etmportal.ui.manageyards.view.Newsap.m.Button{\"propertyName\":\"text\",\"key\":\"save\"}"}]}
RESULT: undefined
COMMAND: POST /session/3fdfcd34cc1ad0984bb83731bfb105d6/element - {"using":"xpath","value":"//*[@id=\"__button39\"]"}
RESULT: {"using":"xpath","value":"//*[@id=\"__button39\"]"}
COMMAND: POST /session/3fdfcd34cc1ad0984bb83731bfb105d6/element/f.902B563C9587CBB3E624B0B064AC9B4C.d.44D4EA25631208E1502B45682E48F3F3.e.1195/click - {}
RESULT: {}
COMMAND: GET /session/3fdfcd34cc1ad0984bb83731bfb105d6/screenshot - {}
RESULT: {}
COMMAND: POST /session/3fdfcd34cc1ad0984bb83731bfb105d6/element - {"using":"xpath","value":"//header/div/div/div/div/div/div[2]/div/span"}
RESULT: {"using":"xpath","value":"//header/div/div/div/div/div/div[2]/div/span"}
COMMAND: GET /session/3fdfcd34cc1ad0984bb83731bfb105d6/element/f.902B563C9587CBB3E624B0B064AC9B4C.d.44D4EA25631208E1502B45682E48F3F3.e.1440/text - {}
RESULT: {}
COMMAND: POST /session/3fdfcd34cc1ad0984bb83731bfb105d6/element - {"using":"xpath","value":"//header/div/div[2]/div[2]/span"}
RESULT: {"using":"xpath","value":"//header/div/div[2]/div[2]/span"}
COMMAND: GET /session/3fdfcd34cc1ad0984bb83731bfb105d6/element/f.902B563C9587CBB3E624B0B064AC9B4C.d.44D4EA25631208E1502B45682E48F3F3.e.1441/text - {}
RESULT: {}
COMMAND: POST /session/3fdfcd34cc1ad0984bb83731bfb105d6/execute/async - {"script":"<script> [1562 bytes]","args":[{"selector":{"controlType":"sap.m.OverflowToolbarButton","viewName":"etm.portal.ui.manageyards.view.Detail","viewId":"application-manageyards-display-component---detailYard","i18NText":{"propertyName":"tooltip","key":"closeColumn"},"interaction":{"idSuffix":"inner"}},"wdio_ui5_key":"etmportal.ui.manageyards.view.Detailsap.m.OverflowToolbarButton{\"propertyName\":\"tooltip\",\"key\":\"closeColumn\"}"}]}
RESULT: {"script":"<script> [1562 bytes]","args":[{"selector":{"controlType":"sap.m.OverflowToolbarButton","viewName":"etm.portal.ui.manageyards.view.Detail","viewId":"application-manageyards-display-component---detailYard","i18NText":{"propertyName":"tooltip","key":"closeColumn"},"interaction":{"idSuffix":"inner"}},"wdio_ui5_key":"etmportal.ui.manageyards.view.Detailsap.m.OverflowToolbarButton{\"propertyName\":\"tooltip\",\"key\":\"closeColumn\"}"}]}
RESULT: undefined
COMMAND: POST /session/3fdfcd34cc1ad0984bb83731bfb105d6/element - {"using":"xpath","value":"//*[@id=\"__button62\"]"}
RESULT: {"using":"xpath","value":"//*[@id=\"__button62\"]"}
COMMAND: POST /session/3fdfcd34cc1ad0984bb83731bfb105d6/element/f.902B563C9587CBB3E624B0B064AC9B4C.d.44D4EA25631208E1502B45682E48F3F3.e.1444/click - {}
RESULT: {}
COMMAND: POST /session/3fdfcd34cc1ad0984bb83731bfb105d6/refresh - {}
COMMAND: GET /session/3fdfcd34cc1ad0984bb83731bfb105d6/screenshot - {}
RESULT: {}
COMMAND: GET /session/3fdfcd34cc1ad0984bb83731bfb105d6/screenshot - {}
RESULT: {}
RESULT: {}
COMMAND: POST /session/3fdfcd34cc1ad0984bb83731bfb105d6/refresh - {}
RESULT: {}
COMMAND: GET /session/3fdfcd34cc1ad0984bb83731bfb105d6/screenshot - {}
RESULT: {}
COMMAND: POST /session/3fdfcd34cc1ad0984bb83731bfb105d6/window/fullscreen - {}
RESULT: {}
COMMAND: POST /session/3fdfcd34cc1ad0984bb83731bfb105d6/execute/async - {"script":"<script> [189 bytes]","args":[]}
RESULT: {"script":"<script> [189 bytes]","args":[]}
COMMAND: POST /session/3fdfcd34cc1ad0984bb83731bfb105d6/execute/async - {"script":"<script> [123 bytes]","args":[]}
RESULT: {"script":"<script> [123 bytes]","args":[]}
COMMAND: POST /session/3fdfcd34cc1ad0984bb83731bfb105d6/timeouts - {"script":"<number>"}
RESULT: {"script":"<number>"}
COMMAND: GET /session/3fdfcd34cc1ad0984bb83731bfb105d6/timeouts - {}
RESULT: {}
RESULT: undefined
COMMAND: POST /session/3fdfcd34cc1ad0984bb83731bfb105d6/execute/async - {"script":"<script> [2676 bytes]","args":[]}
RESULT: {"script":"<script> [2676 bytes]","args":[]}
COMMAND: POST /session/3fdfcd34cc1ad0984bb83731bfb105d6/execute/async - {"script":"<script> [2342 bytes]","args":[{"protocol":"http","hostname":"0.0.0.0","path":"/","capabilities":{"browserName":"chrome","goog:chromeOptions":{"binary":"C:\\Program Files\\Google\\Chrome\\Application\\chrome.exe","args":["--start-maximized"]}},"logLevel":"warn","connectionRetryTimeout":120000,"connectionRetryCount":3,"logLevels":{},"enableDirectConnect":true,"strictSSL":true,"_":"65 more keys: [\"cacheDir\",\"port\",\"requestedCapabilities\",\"automationProtocol\",\"baseUrl\",\"waitforInterval\",\"waitforTimeout\",\"onReload\",\"beforeCommand\",\"afterCommand\",\"rootDir\",\"specs\",\"suites\",\"exclude\",\"groupLogsByTestSpec\",\"excludeDriverLogs\",\"bail\",\"framework\",\"reporters\",\"services\",\"maxInstances\",\"maxInstancesPerCapability\",\"injectGlobals\",\"filesToWatch\",\"execArgv\",\"runnerEnv\",\"runner\",\"shard\",\"specFileRetries\",\"specFileRetriesDelay\",\"specFileRetriesDeferred\",\"reporterSyncInterval\",\"reporterSyncTimeout\",\"cucumberFeaturesWithLineNumbers\",\"autoCompileOpts\",\"mochaOpts\",\"jasmineOpts\",\"cucumberOpts\",\"onPrepare\",\"onWorkerStart\",\"onWorkerEnd\",\"before\",\"beforeSession\",\"beforeSuite\",\"beforeHook\",\"beforeTest\",\"afterTest\",\"afterHook\",\"afterSuite\",\"afterSession\",\"after\",\"onComplete\",\"beforeAssertion\",\"afterAssertion\",\"beforeFeature\",\"beforeScenario\",\"beforeStep\",\"afterStep\",\"afterScenario\",\"afterFeature\",\"_\",\"suite\",\"$0\",\"ignoredWorkerServices\",\"wdi5\"]"}]}
RESULT: {"script":"<script> [2342 bytes]","args":[{"protocol":"http","hostname":"0.0.0.0","path":"/","capabilities":{"browserName":"chrome","goog:chromeOptions":{"binary":"C:\\Program Files\\Google\\Chrome\\Application\\chrome.exe","args":["--start-maximized"]}},"logLevel":"warn","connectionRetryTimeout":120000,"connectionRetryCount":3,"logLevels":{},"enableDirectConnect":true,"strictSSL":true,"_":"65 more keys: [\"cacheDir\",\"port\",\"requestedCapabilities\",\"automationProtocol\",\"baseUrl\",\"waitforInterval\",\"waitforTimeout\",\"onReload\",\"beforeCommand\",\"afterCommand\",\"rootDir\",\"specs\",\"suites\",\"exclude\",\"groupLogsByTestSpec\",\"excludeDriverLogs\",\"bail\",\"framework\",\"reporters\",\"services\",\"maxInstances\",\"maxInstancesPerCapability\",\"injectGlobals\",\"filesToWatch\",\"execArgv\",\"runnerEnv\",\"runner\",\"shard\",\"specFileRetries\",\"specFileRetriesDelay\",\"specFileRetriesDeferred\",\"reporterSyncInterval\",\"reporterSyncTimeout\",\"cucumberFeaturesWithLineNumbers\",\"autoCompileOpts\",\"mochaOpts\",\"jasmineOpts\",\"cucumberOpts\",\"onPrepare\",\"onWorkerStart\",\"onWorkerEnd\",\"before\",\"beforeSession\",\"beforeSuite\",\"beforeHook\",\"beforeTest\",\"afterTest\",\"afterHook\",\"afterSuite\",\"afterSession\",\"after\",\"onComplete\",\"beforeAssertion\",\"afterAssertion\",\"beforeFeature\",\"beforeScenario\",\"beforeStep\",\"afterStep\",\"afterScenario\",\"afterFeature\",\"_\",\"suite\",\"$0\",\"ignoredWorkerServices\",\"wdi5\"]"}]}
COMMAND: POST /session/3fdfcd34cc1ad0984bb83731bfb105d6/execute/async - {"script":"<script> [21126 bytes]","args":[35000]}
RESULT: {"script":"<script> [21126 bytes]","args":[35000]}
]]></system-out>
    </testcase>
    <testcase classname="chrome.136_0_7103_93.windows.Create_2_Yards_US112496" name="Should create a WHM yard" time="70.672">
      <system-out><![CDATA[
COMMAND: POST /session/3fdfcd34cc1ad0984bb83731bfb105d6/execute/async - {"script":"<script> [1562 bytes]","args":[{"selector":{"controlType":"sap.ui.core.Icon","viewName":"etm.portal.ui.manageyards.view.Master","viewId":"application-manageyards-display-component---masterYard","properties":{"src":{"regex":{"source":"add"}}}},"wdio_ui5_key":"etmportal.ui.manageyards.view.Mastersap.ui.core.Icon{\"src\":{\"regex\":{\"source\":\"add\"}}}"}]}
RESULT: {"script":"<script> [1562 bytes]","args":[{"selector":{"controlType":"sap.ui.core.Icon","viewName":"etm.portal.ui.manageyards.view.Master","viewId":"application-manageyards-display-component---masterYard","properties":{"src":{"regex":{"source":"add"}}}},"wdio_ui5_key":"etmportal.ui.manageyards.view.Mastersap.ui.core.Icon{\"src\":{\"regex\":{\"source\":\"add\"}}}"}]}
RESULT: undefined
COMMAND: POST /session/3fdfcd34cc1ad0984bb83731bfb105d6/element - {"using":"xpath","value":"//*[@id=\"__button9-img\"]"}
RESULT: {"using":"xpath","value":"//*[@id=\"__button9-img\"]"}
COMMAND: POST /session/3fdfcd34cc1ad0984bb83731bfb105d6/element/f.902B563C9587CBB3E624B0B064AC9B4C.d.F8ADBF2BD9DE93D0361F14F36897320D.e.1922/click - {}
RESULT: {}
COMMAND: GET /session/3fdfcd34cc1ad0984bb83731bfb105d6/screenshot - {}
RESULT: {}
COMMAND: POST /session/3fdfcd34cc1ad0984bb83731bfb105d6/execute/async - {"script":"<script> [1562 bytes]","args":[{"selector":{"id":"application-manageyards-display-component---NewYard--yardId","interaction":{"idSuffix":"inner"}},"wdio_ui5_key":"applicationmanageyards-display-component---NewYard--yardId"}]}
RESULT: {"script":"<script> [1562 bytes]","args":[{"selector":{"id":"application-manageyards-display-component---NewYard--yardId","interaction":{"idSuffix":"inner"}},"wdio_ui5_key":"applicationmanageyards-display-component---NewYard--yardId"}]}
RESULT: undefined
COMMAND: POST /session/3fdfcd34cc1ad0984bb83731bfb105d6/element - {"using":"xpath","value":"//*[@id=\"application-manageyards-display-component---NewYard--addressDetailDetailsName1-inner\"]"}
RESULT: {"using":"xpath","value":"//*[@id=\"application-manageyards-display-component---NewYard--addressDetailDetailsName1-inner\"]"}
COMMAND: POST /session/3fdfcd34cc1ad0984bb83731bfb105d6/element/f.902B563C9587CBB3E624B0B064AC9B4C.d.F8ADBF2BD9DE93D0361F14F36897320D.e.2071/clear - {}
RESULT: {}
COMMAND: POST /session/3fdfcd34cc1ad0984bb83731bfb105d6/element/f.902B563C9587CBB3E624B0B064AC9B4C.d.F8ADBF2BD9DE93D0361F14F36897320D.e.2071/value - {"text":"Webdriver WHM Yard tkay7"}
COMMAND: GET /session/3fdfcd34cc1ad0984bb83731bfb105d6/screenshot - {}
RESULT: {"text":"Webdriver WHM Yard tkay7"}
COMMAND: POST /session/3fdfcd34cc1ad0984bb83731bfb105d6/element - {"using":"xpath","value":"//*[@id=\"application-manageyards-display-component---NewYard--addressDetailDetailsLanguage-inner\"]"}
COMMAND: GET /session/3fdfcd34cc1ad0984bb83731bfb105d6/screenshot - {}
RESULT: {}
RESULT: {"using":"xpath","value":"//*[@id=\"application-manageyards-display-component---NewYard--addressDetailDetailsLanguage-inner\"]"}
COMMAND: POST /session/3fdfcd34cc1ad0984bb83731bfb105d6/element/f.902B563C9587CBB3E624B0B064AC9B4C.d.F8ADBF2BD9DE93D0361F14F36897320D.e.2072/clear - {}
RESULT: {}
RESULT: {}
COMMAND: POST /session/3fdfcd34cc1ad0984bb83731bfb105d6/element/f.902B563C9587CBB3E624B0B064AC9B4C.d.F8ADBF2BD9DE93D0361F14F36897320D.e.2072/value - {"text":"Romanian"}
COMMAND: GET /session/3fdfcd34cc1ad0984bb83731bfb105d6/screenshot - {}
RESULT: {"text":"Romanian"}
COMMAND: GET /session/3fdfcd34cc1ad0984bb83731bfb105d6/screenshot - {}
RESULT: {}
RESULT: {}
COMMAND: POST /session/3fdfcd34cc1ad0984bb83731bfb105d6/element - {"using":"xpath","value":"//*[@id=\"application-manageyards-display-component---NewYard--addressDetailDetailsCity1-inner\"]"}
RESULT: {"using":"xpath","value":"//*[@id=\"application-manageyards-display-component---NewYard--addressDetailDetailsCity1-inner\"]"}
COMMAND: POST /session/3fdfcd34cc1ad0984bb83731bfb105d6/element/f.902B563C9587CBB3E624B0B064AC9B4C.d.F8ADBF2BD9DE93D0361F14F36897320D.e.2074/clear - {}
RESULT: {}
COMMAND: POST /session/3fdfcd34cc1ad0984bb83731bfb105d6/element/f.902B563C9587CBB3E624B0B064AC9B4C.d.F8ADBF2BD9DE93D0361F14F36897320D.e.2074/value - {"text":"Bucuresti"}
COMMAND: GET /session/3fdfcd34cc1ad0984bb83731bfb105d6/screenshot - {}
RESULT: {"text":"Bucuresti"}
COMMAND: GET /session/3fdfcd34cc1ad0984bb83731bfb105d6/screenshot - {}
RESULT: {}
RESULT: {}
COMMAND: POST /session/3fdfcd34cc1ad0984bb83731bfb105d6/element - {"using":"xpath","value":"//*[@id=\"application-manageyards-display-component---NewYard--addressDetailDetailsCountry-inner\"]"}
RESULT: {"using":"xpath","value":"//*[@id=\"application-manageyards-display-component---NewYard--addressDetailDetailsCountry-inner\"]"}
COMMAND: POST /session/3fdfcd34cc1ad0984bb83731bfb105d6/element/f.902B563C9587CBB3E624B0B064AC9B4C.d.F8ADBF2BD9DE93D0361F14F36897320D.e.2078/clear - {}
RESULT: {}
COMMAND: POST /session/3fdfcd34cc1ad0984bb83731bfb105d6/element/f.902B563C9587CBB3E624B0B064AC9B4C.d.F8ADBF2BD9DE93D0361F14F36897320D.e.2078/value - {"text":"Romania"}
COMMAND: GET /session/3fdfcd34cc1ad0984bb83731bfb105d6/screenshot - {}
RESULT: {"text":"Romania"}
COMMAND: GET /session/3fdfcd34cc1ad0984bb83731bfb105d6/screenshot - {}
COMMAND: POST /session/3fdfcd34cc1ad0984bb83731bfb105d6/execute/async - {"script":"<script> [1562 bytes]","args":[{"selector":{"controlType":"sap.m.Button","viewName":"etm.portal.ui.manageyards.view.New","viewId":"application-manageyards-display-component---NewYard","properties":{"text":"Commercial"},"interaction":{"idSuffix":"BDI-content"}},"wdio_ui5_key":"etmportal.ui.manageyards.view.Newsap.m.Button{\"text\":\"Commercial\"}"}]}
RESULT: {}
RESULT: {}
RESULT: {"script":"<script> [1562 bytes]","args":[{"selector":{"controlType":"sap.m.Button","viewName":"etm.portal.ui.manageyards.view.New","viewId":"application-manageyards-display-component---NewYard","properties":{"text":"Commercial"},"interaction":{"idSuffix":"BDI-content"}},"wdio_ui5_key":"etmportal.ui.manageyards.view.Newsap.m.Button{\"text\":\"Commercial\"}"}]}
RESULT: undefined
COMMAND: POST /session/3fdfcd34cc1ad0984bb83731bfb105d6/element - {"using":"xpath","value":"//*[@id=\"application-manageyards-display-component---NewYard--ObjectPageLayout-anchBar-__section18-anchor\"]"}
RESULT: {"using":"xpath","value":"//*[@id=\"application-manageyards-display-component---NewYard--ObjectPageLayout-anchBar-__section18-anchor\"]"}
COMMAND: POST /session/3fdfcd34cc1ad0984bb83731bfb105d6/element/f.902B563C9587CBB3E624B0B064AC9B4C.d.F8ADBF2BD9DE93D0361F14F36897320D.e.2223/click - {}
RESULT: {}
COMMAND: GET /session/3fdfcd34cc1ad0984bb83731bfb105d6/screenshot - {}
RESULT: {}
COMMAND: POST /session/3fdfcd34cc1ad0984bb83731bfb105d6/element - {"using":"xpath","value":"//input[@id='application-manageyards-display-component---NewYard--addressEditDetailsCostObjectCstType-inner']"}
RESULT: {"using":"xpath","value":"//input[@id='application-manageyards-display-component---NewYard--addressEditDetailsCostObjectCstType-inner']"}
COMMAND: POST /session/3fdfcd34cc1ad0984bb83731bfb105d6/execute/sync - {"script":"<script> [8489 bytes]","args":[{"element-6066-11e4-a52e-4f735466cecf":"f.902B563C9587CBB3E624B0B064AC9B4C.d.F8ADBF2BD9DE93D0361F14F36897320D.e.2084","ELEMENT":"f.902B563C9587CBB3E624B0B064AC9B4C.d.F8ADBF2BD9DE93D0361F14F36897320D.e.2084"}]}
RESULT: {"script":"<script> [8489 bytes]","args":[{"element-6066-11e4-a52e-4f735466cecf":"f.902B563C9587CBB3E624B0B064AC9B4C.d.F8ADBF2BD9DE93D0361F14F36897320D.e.2084","ELEMENT":"f.902B563C9587CBB3E624B0B064AC9B4C.d.F8ADBF2BD9DE93D0361F14F36897320D.e.2084"}]}
COMMAND: POST /session/3fdfcd34cc1ad0984bb83731bfb105d6/element/f.902B563C9587CBB3E624B0B064AC9B4C.d.F8ADBF2BD9DE93D0361F14F36897320D.e.2084/clear - {}
COMMAND: GET /session/3fdfcd34cc1ad0984bb83731bfb105d6/screenshot - {}
RESULT: {}
COMMAND: POST /session/3fdfcd34cc1ad0984bb83731bfb105d6/element/f.902B563C9587CBB3E624B0B064AC9B4C.d.F8ADBF2BD9DE93D0361F14F36897320D.e.2084/value - {"text":"Cost"}
COMMAND: GET /session/3fdfcd34cc1ad0984bb83731bfb105d6/screenshot - {}
RESULT: {}
RESULT: {"text":"Cost"}
COMMAND: GET /session/3fdfcd34cc1ad0984bb83731bfb105d6/screenshot - {}
RESULT: {}
RESULT: {}
COMMAND: POST /session/3fdfcd34cc1ad0984bb83731bfb105d6/execute/async - {"script":"<script> [1562 bytes]","args":[{"selector":{"id":"application-manageyards-display-component---NewYard--addressNewCostObjectCstID","interaction":{"idSuffix":"inner"}},"wdio_ui5_key":"applicationmanageyards-display-component---NewYard--addressNewCostObjectCstID"}]}
RESULT: {"script":"<script> [1562 bytes]","args":[{"selector":{"id":"application-manageyards-display-component---NewYard--addressNewCostObjectCstID","interaction":{"idSuffix":"inner"}},"wdio_ui5_key":"applicationmanageyards-display-component---NewYard--addressNewCostObjectCstID"}]}
RESULT: undefined
COMMAND: POST /session/3fdfcd34cc1ad0984bb83731bfb105d6/execute/async - {"script":"<script> [776 bytes]","args":[{"enterText":"10001013","selector":{"id":"application-manageyards-display-component---NewYard--addressNewCostObjectCstID","interaction":{"idSuffix":"inner"}},"clearTextFirst":true,"interactionType":"ENTER_TEXT"}]}
RESULT: {"script":"<script> [776 bytes]","args":[{"enterText":"10001013","selector":{"id":"application-manageyards-display-component---NewYard--addressNewCostObjectCstID","interaction":{"idSuffix":"inner"}},"clearTextFirst":true,"interactionType":"ENTER_TEXT"}]}
COMMAND: POST /session/3fdfcd34cc1ad0984bb83731bfb105d6/actions - {"actions":[{"id":"action4","type":"key","parameters":{},"actions":[{"type":"keyDown","value":""},{"type":"pause","duration":10},{"type":"keyUp","value":""}]}]}
RESULT: {"actions":[{"id":"action4","type":"key","parameters":{},"actions":[{"type":"keyDown","value":""},{"type":"pause","duration":10},{"type":"keyUp","value":""}]}]}
COMMAND: POST /session/3fdfcd34cc1ad0984bb83731bfb105d6/execute/async - {"script":"<script> [1562 bytes]","args":[{"selector":{"id":"application-manageyards-display-component---NewYard--addressEditDetailsCurrency","interaction":{"idSuffix":"inner"}},"wdio_ui5_key":"applicationmanageyards-display-component---NewYard--addressEditDetailsCurrency"}]}
COMMAND: GET /session/3fdfcd34cc1ad0984bb83731bfb105d6/screenshot - {}
RESULT: {"script":"<script> [1562 bytes]","args":[{"selector":{"id":"application-manageyards-display-component---NewYard--addressEditDetailsCurrency","interaction":{"idSuffix":"inner"}},"wdio_ui5_key":"applicationmanageyards-display-component---NewYard--addressEditDetailsCurrency"}]}
RESULT: undefined
COMMAND: POST /session/3fdfcd34cc1ad0984bb83731bfb105d6/execute/async - {"script":"<script> [776 bytes]","args":[{"enterText":"Euro","selector":{"id":"application-manageyards-display-component---NewYard--addressEditDetailsCurrency","interaction":{"idSuffix":"inner"}},"clearTextFirst":true,"interactionType":"ENTER_TEXT"}]}
RESULT: {}
RESULT: {"script":"<script> [776 bytes]","args":[{"enterText":"Euro","selector":{"id":"application-manageyards-display-component---NewYard--addressEditDetailsCurrency","interaction":{"idSuffix":"inner"}},"clearTextFirst":true,"interactionType":"ENTER_TEXT"}]}
COMMAND: POST /session/3fdfcd34cc1ad0984bb83731bfb105d6/execute/async - {"script":"<script> [1562 bytes]","args":[{"selector":{"controlType":"sap.m.Input","viewName":"etm.portal.ui.manageyards.view.New","viewId":"application-manageyards-display-component---NewYard","bindingPath":{"path":"","propertyPath":"/CONTROLLING_AREA","modelName":"NewYardModel"},"interaction":{"idSuffix":"inner"}},"wdio_ui5_key":"etmportal.ui.manageyards.view.Newsap.m.Input{\"path\":\"\",\"propertyPath\":\"/CONTROLLING_AREA\",\"modelName\":\"NewYardModel\"}"}]}
RESULT: {"script":"<script> [1562 bytes]","args":[{"selector":{"controlType":"sap.m.Input","viewName":"etm.portal.ui.manageyards.view.New","viewId":"application-manageyards-display-component---NewYard","bindingPath":{"path":"","propertyPath":"/CONTROLLING_AREA","modelName":"NewYardModel"},"interaction":{"idSuffix":"inner"}},"wdio_ui5_key":"etmportal.ui.manageyards.view.Newsap.m.Input{\"path\":\"\",\"propertyPath\":\"/CONTROLLING_AREA\",\"modelName\":\"NewYardModel\"}"}]}
RESULT: undefined
COMMAND: POST /session/3fdfcd34cc1ad0984bb83731bfb105d6/execute/async - {"script":"<script> [776 bytes]","args":[{"enterText":"Z001","selector":{"controlType":"sap.m.Input","viewName":"etm.portal.ui.manageyards.view.New","viewId":"application-manageyards-display-component---NewYard","bindingPath":{"path":"","propertyPath":"/CONTROLLING_AREA","modelName":"NewYardModel"},"interaction":{"idSuffix":"inner"}},"clearTextFirst":true,"interactionType":"ENTER_TEXT"}]}
RESULT: {"script":"<script> [776 bytes]","args":[{"enterText":"Z001","selector":{"controlType":"sap.m.Input","viewName":"etm.portal.ui.manageyards.view.New","viewId":"application-manageyards-display-component---NewYard","bindingPath":{"path":"","propertyPath":"/CONTROLLING_AREA","modelName":"NewYardModel"},"interaction":{"idSuffix":"inner"}},"clearTextFirst":true,"interactionType":"ENTER_TEXT"}]}
COMMAND: POST /session/3fdfcd34cc1ad0984bb83731bfb105d6/execute/async - {"script":"<script> [1562 bytes]","args":[{"selector":{"id":"application-manageyards-display-component---NewYard--companyCodeComboBox","interaction":{"idSuffix":"inner"}},"wdio_ui5_key":"applicationmanageyards-display-component---NewYard--companyCodeComboBox"}]}
RESULT: {"script":"<script> [1562 bytes]","args":[{"selector":{"id":"application-manageyards-display-component---NewYard--companyCodeComboBox","interaction":{"idSuffix":"inner"}},"wdio_ui5_key":"applicationmanageyards-display-component---NewYard--companyCodeComboBox"}]}
RESULT: undefined
COMMAND: POST /session/3fdfcd34cc1ad0984bb83731bfb105d6/execute/async - {"script":"<script> [776 bytes]","args":[{"enterText":"1000","selector":{"id":"application-manageyards-display-component---NewYard--companyCodeComboBox","interaction":{"idSuffix":"inner"}},"clearTextFirst":true,"interactionType":"ENTER_TEXT"}]}
RESULT: {"script":"<script> [776 bytes]","args":[{"enterText":"1000","selector":{"id":"application-manageyards-display-component---NewYard--companyCodeComboBox","interaction":{"idSuffix":"inner"}},"clearTextFirst":true,"interactionType":"ENTER_TEXT"}]}
COMMAND: POST /session/3fdfcd34cc1ad0984bb83731bfb105d6/actions - {"actions":[{"id":"action5","type":"key","parameters":{},"actions":[{"type":"keyDown","value":""},{"type":"pause","duration":10},{"type":"keyUp","value":""}]}]}
RESULT: {"actions":[{"id":"action5","type":"key","parameters":{},"actions":[{"type":"keyDown","value":""},{"type":"pause","duration":10},{"type":"keyUp","value":""}]}]}
COMMAND: POST /session/3fdfcd34cc1ad0984bb83731bfb105d6/execute/async - {"script":"<script> [1562 bytes]","args":[{"selector":{"controlType":"sap.m.Input","viewName":"etm.portal.ui.manageyards.view.New","viewId":"application-manageyards-display-component---NewYard","bindingPath":{"path":"","propertyPath":"/PLANT","modelName":"NewYardModel"},"interaction":{"idSuffix":"inner"}},"wdio_ui5_key":"etmportal.ui.manageyards.view.Newsap.m.Input{\"path\":\"\",\"propertyPath\":\"/PLANT\",\"modelName\":\"NewYardModel\"}"}]}
COMMAND: GET /session/3fdfcd34cc1ad0984bb83731bfb105d6/screenshot - {}
RESULT: {"script":"<script> [1562 bytes]","args":[{"selector":{"controlType":"sap.m.Input","viewName":"etm.portal.ui.manageyards.view.New","viewId":"application-manageyards-display-component---NewYard","bindingPath":{"path":"","propertyPath":"/PLANT","modelName":"NewYardModel"},"interaction":{"idSuffix":"inner"}},"wdio_ui5_key":"etmportal.ui.manageyards.view.Newsap.m.Input{\"path\":\"\",\"propertyPath\":\"/PLANT\",\"modelName\":\"NewYardModel\"}"}]}
RESULT: undefined
COMMAND: POST /session/3fdfcd34cc1ad0984bb83731bfb105d6/execute/async - {"script":"<script> [776 bytes]","args":[{"enterText":"1001","selector":{"controlType":"sap.m.Input","viewName":"etm.portal.ui.manageyards.view.New","viewId":"application-manageyards-display-component---NewYard","bindingPath":{"path":"","propertyPath":"/PLANT","modelName":"NewYardModel"},"interaction":{"idSuffix":"inner"}},"clearTextFirst":true,"interactionType":"ENTER_TEXT"}]}
RESULT: {}
RESULT: {"script":"<script> [776 bytes]","args":[{"enterText":"1001","selector":{"controlType":"sap.m.Input","viewName":"etm.portal.ui.manageyards.view.New","viewId":"application-manageyards-display-component---NewYard","bindingPath":{"path":"","propertyPath":"/PLANT","modelName":"NewYardModel"},"interaction":{"idSuffix":"inner"}},"clearTextFirst":true,"interactionType":"ENTER_TEXT"}]}
COMMAND: POST /session/3fdfcd34cc1ad0984bb83731bfb105d6/execute/async - {"script":"<script> [1562 bytes]","args":[{"selector":{"controlType":"sap.m.Input","viewName":"etm.portal.ui.manageyards.view.New","viewId":"application-manageyards-display-component---NewYard","bindingPath":{"path":"","propertyPath":"/SALES_AREA_VKORG","modelName":"NewYardModel"},"interaction":{"idSuffix":"inner"}},"wdio_ui5_key":"etmportal.ui.manageyards.view.Newsap.m.Input{\"path\":\"\",\"propertyPath\":\"/SALES_AREA_VKORG\",\"modelName\":\"NewYardModel\"}"}]}
RESULT: {"script":"<script> [1562 bytes]","args":[{"selector":{"controlType":"sap.m.Input","viewName":"etm.portal.ui.manageyards.view.New","viewId":"application-manageyards-display-component---NewYard","bindingPath":{"path":"","propertyPath":"/SALES_AREA_VKORG","modelName":"NewYardModel"},"interaction":{"idSuffix":"inner"}},"wdio_ui5_key":"etmportal.ui.manageyards.view.Newsap.m.Input{\"path\":\"\",\"propertyPath\":\"/SALES_AREA_VKORG\",\"modelName\":\"NewYardModel\"}"}]}
RESULT: undefined
COMMAND: POST /session/3fdfcd34cc1ad0984bb83731bfb105d6/execute/async - {"script":"<script> [776 bytes]","args":[{"enterText":"C002","selector":{"controlType":"sap.m.Input","viewName":"etm.portal.ui.manageyards.view.New","viewId":"application-manageyards-display-component---NewYard","bindingPath":{"path":"","propertyPath":"/SALES_AREA_VKORG","modelName":"NewYardModel"},"interaction":{"idSuffix":"inner"}},"clearTextFirst":true,"interactionType":"ENTER_TEXT"}]}
RESULT: {"script":"<script> [776 bytes]","args":[{"enterText":"C002","selector":{"controlType":"sap.m.Input","viewName":"etm.portal.ui.manageyards.view.New","viewId":"application-manageyards-display-component---NewYard","bindingPath":{"path":"","propertyPath":"/SALES_AREA_VKORG","modelName":"NewYardModel"},"interaction":{"idSuffix":"inner"}},"clearTextFirst":true,"interactionType":"ENTER_TEXT"}]}
COMMAND: POST /session/3fdfcd34cc1ad0984bb83731bfb105d6/execute/async - {"script":"<script> [1562 bytes]","args":[{"selector":{"controlType":"sap.m.Input","viewName":"etm.portal.ui.manageyards.view.New","viewId":"application-manageyards-display-component---NewYard","bindingPath":{"path":"","propertyPath":"/SALES_AREA_VTWEG","modelName":"NewYardModel"},"interaction":{"idSuffix":"inner"}},"wdio_ui5_key":"etmportal.ui.manageyards.view.Newsap.m.Input{\"path\":\"\",\"propertyPath\":\"/SALES_AREA_VTWEG\",\"modelName\":\"NewYardModel\"}"}]}
RESULT: {"script":"<script> [1562 bytes]","args":[{"selector":{"controlType":"sap.m.Input","viewName":"etm.portal.ui.manageyards.view.New","viewId":"application-manageyards-display-component---NewYard","bindingPath":{"path":"","propertyPath":"/SALES_AREA_VTWEG","modelName":"NewYardModel"},"interaction":{"idSuffix":"inner"}},"wdio_ui5_key":"etmportal.ui.manageyards.view.Newsap.m.Input{\"path\":\"\",\"propertyPath\":\"/SALES_AREA_VTWEG\",\"modelName\":\"NewYardModel\"}"}]}
RESULT: undefined
COMMAND: POST /session/3fdfcd34cc1ad0984bb83731bfb105d6/execute/async - {"script":"<script> [776 bytes]","args":[{"enterText":"C2","selector":{"controlType":"sap.m.Input","viewName":"etm.portal.ui.manageyards.view.New","viewId":"application-manageyards-display-component---NewYard","bindingPath":{"path":"","propertyPath":"/SALES_AREA_VTWEG","modelName":"NewYardModel"},"interaction":{"idSuffix":"inner"}},"clearTextFirst":true,"interactionType":"ENTER_TEXT"}]}
RESULT: {"script":"<script> [776 bytes]","args":[{"enterText":"C2","selector":{"controlType":"sap.m.Input","viewName":"etm.portal.ui.manageyards.view.New","viewId":"application-manageyards-display-component---NewYard","bindingPath":{"path":"","propertyPath":"/SALES_AREA_VTWEG","modelName":"NewYardModel"},"interaction":{"idSuffix":"inner"}},"clearTextFirst":true,"interactionType":"ENTER_TEXT"}]}
COMMAND: POST /session/3fdfcd34cc1ad0984bb83731bfb105d6/execute/async - {"script":"<script> [1562 bytes]","args":[{"selector":{"controlType":"sap.m.Input","viewName":"etm.portal.ui.manageyards.view.New","viewId":"application-manageyards-display-component---NewYard","bindingPath":{"path":"","propertyPath":"/SALES_AREA_SPART","modelName":"NewYardModel"},"interaction":{"idSuffix":"inner"}},"wdio_ui5_key":"etmportal.ui.manageyards.view.Newsap.m.Input{\"path\":\"\",\"propertyPath\":\"/SALES_AREA_SPART\",\"modelName\":\"NewYardModel\"}"}]}
RESULT: {"script":"<script> [1562 bytes]","args":[{"selector":{"controlType":"sap.m.Input","viewName":"etm.portal.ui.manageyards.view.New","viewId":"application-manageyards-display-component---NewYard","bindingPath":{"path":"","propertyPath":"/SALES_AREA_SPART","modelName":"NewYardModel"},"interaction":{"idSuffix":"inner"}},"wdio_ui5_key":"etmportal.ui.manageyards.view.Newsap.m.Input{\"path\":\"\",\"propertyPath\":\"/SALES_AREA_SPART\",\"modelName\":\"NewYardModel\"}"}]}
RESULT: undefined
COMMAND: POST /session/3fdfcd34cc1ad0984bb83731bfb105d6/execute/async - {"script":"<script> [776 bytes]","args":[{"enterText":"C2","selector":{"controlType":"sap.m.Input","viewName":"etm.portal.ui.manageyards.view.New","viewId":"application-manageyards-display-component---NewYard","bindingPath":{"path":"","propertyPath":"/SALES_AREA_SPART","modelName":"NewYardModel"},"interaction":{"idSuffix":"inner"}},"clearTextFirst":true,"interactionType":"ENTER_TEXT"}]}
RESULT: {"script":"<script> [776 bytes]","args":[{"enterText":"C2","selector":{"controlType":"sap.m.Input","viewName":"etm.portal.ui.manageyards.view.New","viewId":"application-manageyards-display-component---NewYard","bindingPath":{"path":"","propertyPath":"/SALES_AREA_SPART","modelName":"NewYardModel"},"interaction":{"idSuffix":"inner"}},"clearTextFirst":true,"interactionType":"ENTER_TEXT"}]}
COMMAND: POST /session/3fdfcd34cc1ad0984bb83731bfb105d6/execute/async - {"script":"<script> [1562 bytes]","args":[{"selector":{"id":"application-manageyards-display-component---NewYard--whmCheckBox","interaction":{"idSuffix":"CbBg"}},"wdio_ui5_key":"applicationmanageyards-display-component---NewYard--whmCheckBox"}]}
RESULT: {"script":"<script> [1562 bytes]","args":[{"selector":{"id":"application-manageyards-display-component---NewYard--whmCheckBox","interaction":{"idSuffix":"CbBg"}},"wdio_ui5_key":"applicationmanageyards-display-component---NewYard--whmCheckBox"}]}
RESULT: undefined
COMMAND: POST /session/3fdfcd34cc1ad0984bb83731bfb105d6/element - {"using":"xpath","value":"//*[@id=\"application-manageyards-display-component---NewYard--whmCheckBox\"]"}
RESULT: {"using":"xpath","value":"//*[@id=\"application-manageyards-display-component---NewYard--whmCheckBox\"]"}
COMMAND: POST /session/3fdfcd34cc1ad0984bb83731bfb105d6/element/f.902B563C9587CBB3E624B0B064AC9B4C.d.F8ADBF2BD9DE93D0361F14F36897320D.e.2246/click - {}
RESULT: {}
COMMAND: POST /session/3fdfcd34cc1ad0984bb83731bfb105d6/execute/async - {"script":"<script> [1562 bytes]","args":[{"selector":{"controlType":"sap.m.Button","viewName":"etm.portal.ui.manageyards.view.New","viewId":"application-manageyards-display-component---NewYard","i18NText":{"propertyName":"text","key":"save"},"interaction":{"idSuffix":"inner"}},"wdio_ui5_key":"etmportal.ui.manageyards.view.Newsap.m.Button{\"propertyName\":\"text\",\"key\":\"save\"}"}]}
COMMAND: GET /session/3fdfcd34cc1ad0984bb83731bfb105d6/screenshot - {}
RESULT: {"script":"<script> [1562 bytes]","args":[{"selector":{"controlType":"sap.m.Button","viewName":"etm.portal.ui.manageyards.view.New","viewId":"application-manageyards-display-component---NewYard","i18NText":{"propertyName":"text","key":"save"},"interaction":{"idSuffix":"inner"}},"wdio_ui5_key":"etmportal.ui.manageyards.view.Newsap.m.Button{\"propertyName\":\"text\",\"key\":\"save\"}"}]}
RESULT: undefined
COMMAND: POST /session/3fdfcd34cc1ad0984bb83731bfb105d6/element - {"using":"xpath","value":"//*[@id=\"__button43\"]"}
RESULT: {}
RESULT: {"using":"xpath","value":"//*[@id=\"__button43\"]"}
COMMAND: POST /session/3fdfcd34cc1ad0984bb83731bfb105d6/element/f.902B563C9587CBB3E624B0B064AC9B4C.d.F8ADBF2BD9DE93D0361F14F36897320D.e.2209/click - {}
RESULT: {}
COMMAND: GET /session/3fdfcd34cc1ad0984bb83731bfb105d6/screenshot - {}
RESULT: {}
COMMAND: POST /session/3fdfcd34cc1ad0984bb83731bfb105d6/element - {"using":"xpath","value":"//header/div/div/div/div/div/div[2]/div/span"}
RESULT: {"using":"xpath","value":"//header/div/div/div/div/div/div[2]/div/span"}
COMMAND: GET /session/3fdfcd34cc1ad0984bb83731bfb105d6/element/f.902B563C9587CBB3E624B0B064AC9B4C.d.F8ADBF2BD9DE93D0361F14F36897320D.e.2397/text - {}
RESULT: {}
COMMAND: POST /session/3fdfcd34cc1ad0984bb83731bfb105d6/element - {"using":"xpath","value":"//header/div/div[2]/div[2]/span"}
RESULT: {"using":"xpath","value":"//header/div/div[2]/div[2]/span"}
COMMAND: GET /session/3fdfcd34cc1ad0984bb83731bfb105d6/element/f.902B563C9587CBB3E624B0B064AC9B4C.d.F8ADBF2BD9DE93D0361F14F36897320D.e.2398/text - {}
RESULT: {}
COMMAND: POST /session/3fdfcd34cc1ad0984bb83731bfb105d6/element - {"using":"css selector","value":"#j_username"}
COMMAND: POST /session/3fdfcd34cc1ad0984bb83731bfb105d6/url - {"url":"https://qa-testing-00-live-etm-ui.cfapps.eu10-004.hana.ondemand.com/"}
RESULT: {"using":"css selector","value":"#j_username"}
COMMAND: POST /session/3fdfcd34cc1ad0984bb83731bfb105d6/element - {"using":"css selector","value":"#j_username"}
RESULT: {"url":"https://qa-testing-00-live-etm-ui.cfapps.eu10-004.hana.ondemand.com/"}
RESULT: undefined
COMMAND: GET /session/3fdfcd34cc1ad0984bb83731bfb105d6/screenshot - {}
RESULT: {"using":"css selector","value":"#j_username"}
COMMAND: POST /session/3fdfcd34cc1ad0984bb83731bfb105d6/element - {"using":"css selector","value":"#shell-header-logo"}
RESULT: {}
RESULT: {"using":"css selector","value":"#shell-header-logo"}
COMMAND: POST /session/3fdfcd34cc1ad0984bb83731bfb105d6/execute/sync - {"script":"<script> [8489 bytes]","args":[{"element-6066-11e4-a52e-4f735466cecf":"f.902B563C9587CBB3E624B0B064AC9B4C.d.F8A1156B533B64E7578F239AE5454F75.e.2413","ELEMENT":"f.902B563C9587CBB3E624B0B064AC9B4C.d.F8A1156B533B64E7578F239AE5454F75.e.2413"}]}
RESULT: {"script":"<script> [8489 bytes]","args":[{"element-6066-11e4-a52e-4f735466cecf":"f.902B563C9587CBB3E624B0B064AC9B4C.d.F8A1156B533B64E7578F239AE5454F75.e.2413","ELEMENT":"f.902B563C9587CBB3E624B0B064AC9B4C.d.F8A1156B533B64E7578F239AE5454F75.e.2413"}]}
COMMAND: POST /session/3fdfcd34cc1ad0984bb83731bfb105d6/element - {"using":"css selector","value":"#shell-header-logo"}
COMMAND: GET /session/3fdfcd34cc1ad0984bb83731bfb105d6/screenshot - {}
RESULT: {"using":"css selector","value":"#shell-header-logo"}
COMMAND: POST /session/3fdfcd34cc1ad0984bb83731bfb105d6/execute/sync - {"script":"<script> [8489 bytes]","args":[{"element-6066-11e4-a52e-4f735466cecf":"f.902B563C9587CBB3E624B0B064AC9B4C.d.F8A1156B533B64E7578F239AE5454F75.e.2413","ELEMENT":"f.902B563C9587CBB3E624B0B064AC9B4C.d.F8A1156B533B64E7578F239AE5454F75.e.2413"}]}
RESULT: {}
RESULT: {"script":"<script> [8489 bytes]","args":[{"element-6066-11e4-a52e-4f735466cecf":"f.902B563C9587CBB3E624B0B064AC9B4C.d.F8A1156B533B64E7578F239AE5454F75.e.2413","ELEMENT":"f.902B563C9587CBB3E624B0B064AC9B4C.d.F8A1156B533B64E7578F239AE5454F75.e.2413"}]}
COMMAND: POST /session/3fdfcd34cc1ad0984bb83731bfb105d6/execute/sync - {"script":"<script> [5351 bytes]","args":[{"element-6066-11e4-a52e-4f735466cecf":"f.902B563C9587CBB3E624B0B064AC9B4C.d.F8A1156B533B64E7578F239AE5454F75.e.2413","ELEMENT":"f.902B563C9587CBB3E624B0B064AC9B4C.d.F8A1156B533B64E7578F239AE5454F75.e.2413"}]}
COMMAND: GET /session/3fdfcd34cc1ad0984bb83731bfb105d6/screenshot - {}
RESULT: {"script":"<script> [5351 bytes]","args":[{"element-6066-11e4-a52e-4f735466cecf":"f.902B563C9587CBB3E624B0B064AC9B4C.d.F8A1156B533B64E7578F239AE5454F75.e.2413","ELEMENT":"f.902B563C9587CBB3E624B0B064AC9B4C.d.F8A1156B533B64E7578F239AE5454F75.e.2413"}]}
COMMAND: POST /session/3fdfcd34cc1ad0984bb83731bfb105d6/element - {"using":"css selector","value":"#shell-header-logo"}
COMMAND: GET /session/3fdfcd34cc1ad0984bb83731bfb105d6/screenshot - {}
RESULT: {}
RESULT: {"using":"css selector","value":"#shell-header-logo"}
COMMAND: POST /session/3fdfcd34cc1ad0984bb83731bfb105d6/element/f.902B563C9587CBB3E624B0B064AC9B4C.d.F8A1156B533B64E7578F239AE5454F75.e.2413/click - {}
RESULT: {}
RESULT: {}
COMMAND: GET /session/3fdfcd34cc1ad0984bb83731bfb105d6/screenshot - {}
RESULT: {}
COMMAND: POST /session/3fdfcd34cc1ad0984bb83731bfb105d6/execute/async - {"script":"<script> [189 bytes]","args":[]}
RESULT: {"script":"<script> [189 bytes]","args":[]}
COMMAND: POST /session/3fdfcd34cc1ad0984bb83731bfb105d6/execute/async - {"script":"<script> [123 bytes]","args":[]}
RESULT: {"script":"<script> [123 bytes]","args":[]}
COMMAND: POST /session/3fdfcd34cc1ad0984bb83731bfb105d6/timeouts - {"script":"<number>"}
RESULT: {"script":"<number>"}
COMMAND: GET /session/3fdfcd34cc1ad0984bb83731bfb105d6/timeouts - {}
RESULT: {}
RESULT: undefined
COMMAND: POST /session/3fdfcd34cc1ad0984bb83731bfb105d6/execute/async - {"script":"<script> [2676 bytes]","args":[]}
RESULT: {"script":"<script> [2676 bytes]","args":[]}
COMMAND: POST /session/3fdfcd34cc1ad0984bb83731bfb105d6/execute/async - {"script":"<script> [2342 bytes]","args":[{"protocol":"http","hostname":"0.0.0.0","path":"/","capabilities":{"browserName":"chrome","goog:chromeOptions":{"binary":"C:\\Program Files\\Google\\Chrome\\Application\\chrome.exe","args":["--start-maximized"]}},"logLevel":"warn","connectionRetryTimeout":120000,"connectionRetryCount":3,"logLevels":{},"enableDirectConnect":true,"strictSSL":true,"_":"65 more keys: [\"cacheDir\",\"port\",\"requestedCapabilities\",\"automationProtocol\",\"baseUrl\",\"waitforInterval\",\"waitforTimeout\",\"onReload\",\"beforeCommand\",\"afterCommand\",\"rootDir\",\"specs\",\"suites\",\"exclude\",\"groupLogsByTestSpec\",\"excludeDriverLogs\",\"bail\",\"framework\",\"reporters\",\"services\",\"maxInstances\",\"maxInstancesPerCapability\",\"injectGlobals\",\"filesToWatch\",\"execArgv\",\"runnerEnv\",\"runner\",\"shard\",\"specFileRetries\",\"specFileRetriesDelay\",\"specFileRetriesDeferred\",\"reporterSyncInterval\",\"reporterSyncTimeout\",\"cucumberFeaturesWithLineNumbers\",\"autoCompileOpts\",\"mochaOpts\",\"jasmineOpts\",\"cucumberOpts\",\"onPrepare\",\"onWorkerStart\",\"onWorkerEnd\",\"before\",\"beforeSession\",\"beforeSuite\",\"beforeHook\",\"beforeTest\",\"afterTest\",\"afterHook\",\"afterSuite\",\"afterSession\",\"after\",\"onComplete\",\"beforeAssertion\",\"afterAssertion\",\"beforeFeature\",\"beforeScenario\",\"beforeStep\",\"afterStep\",\"afterScenario\",\"afterFeature\",\"_\",\"suite\",\"$0\",\"ignoredWorkerServices\",\"wdi5\"]"}]}
RESULT: {"script":"<script> [2342 bytes]","args":[{"protocol":"http","hostname":"0.0.0.0","path":"/","capabilities":{"browserName":"chrome","goog:chromeOptions":{"binary":"C:\\Program Files\\Google\\Chrome\\Application\\chrome.exe","args":["--start-maximized"]}},"logLevel":"warn","connectionRetryTimeout":120000,"connectionRetryCount":3,"logLevels":{},"enableDirectConnect":true,"strictSSL":true,"_":"65 more keys: [\"cacheDir\",\"port\",\"requestedCapabilities\",\"automationProtocol\",\"baseUrl\",\"waitforInterval\",\"waitforTimeout\",\"onReload\",\"beforeCommand\",\"afterCommand\",\"rootDir\",\"specs\",\"suites\",\"exclude\",\"groupLogsByTestSpec\",\"excludeDriverLogs\",\"bail\",\"framework\",\"reporters\",\"services\",\"maxInstances\",\"maxInstancesPerCapability\",\"injectGlobals\",\"filesToWatch\",\"execArgv\",\"runnerEnv\",\"runner\",\"shard\",\"specFileRetries\",\"specFileRetriesDelay\",\"specFileRetriesDeferred\",\"reporterSyncInterval\",\"reporterSyncTimeout\",\"cucumberFeaturesWithLineNumbers\",\"autoCompileOpts\",\"mochaOpts\",\"jasmineOpts\",\"cucumberOpts\",\"onPrepare\",\"onWorkerStart\",\"onWorkerEnd\",\"before\",\"beforeSession\",\"beforeSuite\",\"beforeHook\",\"beforeTest\",\"afterTest\",\"afterHook\",\"afterSuite\",\"afterSession\",\"after\",\"onComplete\",\"beforeAssertion\",\"afterAssertion\",\"beforeFeature\",\"beforeScenario\",\"beforeStep\",\"afterStep\",\"afterScenario\",\"afterFeature\",\"_\",\"suite\",\"$0\",\"ignoredWorkerServices\",\"wdi5\"]"}]}
COMMAND: POST /session/3fdfcd34cc1ad0984bb83731bfb105d6/execute/async - {"script":"<script> [21126 bytes]","args":[35000]}
RESULT: {"script":"<script> [21126 bytes]","args":[35000]}
COMMAND: POST /session/3fdfcd34cc1ad0984bb83731bfb105d6/window/maximize - {}
RESULT: {}
COMMAND: POST /session/3fdfcd34cc1ad0984bb83731bfb105d6/execute/async - {"script":"<script> [1562 bytes]","args":[{"selector":{"id":"shell-header","interaction":{"idSuffix":"icon"}},"wdio_ui5_key":"shellheader"}]}
COMMAND: GET /session/3fdfcd34cc1ad0984bb83731bfb105d6/screenshot - {}
RESULT: {"script":"<script> [1562 bytes]","args":[{"selector":{"id":"shell-header","interaction":{"idSuffix":"icon"}},"wdio_ui5_key":"shellheader"}]}
RESULT: undefined
COMMAND: POST /session/3fdfcd34cc1ad0984bb83731bfb105d6/refresh - {}
RESULT: {}
RESULT: {}
COMMAND: GET /session/3fdfcd34cc1ad0984bb83731bfb105d6/screenshot - {}
RESULT: {}
COMMAND: POST /session/3fdfcd34cc1ad0984bb83731bfb105d6/refresh - {}
RESULT: {}
COMMAND: GET /session/3fdfcd34cc1ad0984bb83731bfb105d6/screenshot - {}
RESULT: {}
COMMAND: POST /session/3fdfcd34cc1ad0984bb83731bfb105d6/window/fullscreen - {}
RESULT: {}
COMMAND: POST /session/3fdfcd34cc1ad0984bb83731bfb105d6/execute/async - {"script":"<script> [189 bytes]","args":[]}
RESULT: {"script":"<script> [189 bytes]","args":[]}
COMMAND: POST /session/3fdfcd34cc1ad0984bb83731bfb105d6/execute/async - {"script":"<script> [123 bytes]","args":[]}
RESULT: {"script":"<script> [123 bytes]","args":[]}
COMMAND: POST /session/3fdfcd34cc1ad0984bb83731bfb105d6/timeouts - {"script":"<number>"}
RESULT: {"script":"<number>"}
COMMAND: GET /session/3fdfcd34cc1ad0984bb83731bfb105d6/timeouts - {}
RESULT: {}
RESULT: undefined
COMMAND: POST /session/3fdfcd34cc1ad0984bb83731bfb105d6/execute/async - {"script":"<script> [2676 bytes]","args":[]}
RESULT: {"script":"<script> [2676 bytes]","args":[]}
COMMAND: POST /session/3fdfcd34cc1ad0984bb83731bfb105d6/execute/async - {"script":"<script> [2342 bytes]","args":[{"protocol":"http","hostname":"0.0.0.0","path":"/","capabilities":{"browserName":"chrome","goog:chromeOptions":{"binary":"C:\\Program Files\\Google\\Chrome\\Application\\chrome.exe","args":["--start-maximized"]}},"logLevel":"warn","connectionRetryTimeout":120000,"connectionRetryCount":3,"logLevels":{},"enableDirectConnect":true,"strictSSL":true,"_":"65 more keys: [\"cacheDir\",\"port\",\"requestedCapabilities\",\"automationProtocol\",\"baseUrl\",\"waitforInterval\",\"waitforTimeout\",\"onReload\",\"beforeCommand\",\"afterCommand\",\"rootDir\",\"specs\",\"suites\",\"exclude\",\"groupLogsByTestSpec\",\"excludeDriverLogs\",\"bail\",\"framework\",\"reporters\",\"services\",\"maxInstances\",\"maxInstancesPerCapability\",\"injectGlobals\",\"filesToWatch\",\"execArgv\",\"runnerEnv\",\"runner\",\"shard\",\"specFileRetries\",\"specFileRetriesDelay\",\"specFileRetriesDeferred\",\"reporterSyncInterval\",\"reporterSyncTimeout\",\"cucumberFeaturesWithLineNumbers\",\"autoCompileOpts\",\"mochaOpts\",\"jasmineOpts\",\"cucumberOpts\",\"onPrepare\",\"onWorkerStart\",\"onWorkerEnd\",\"before\",\"beforeSession\",\"beforeSuite\",\"beforeHook\",\"beforeTest\",\"afterTest\",\"afterHook\",\"afterSuite\",\"afterSession\",\"after\",\"onComplete\",\"beforeAssertion\",\"afterAssertion\",\"beforeFeature\",\"beforeScenario\",\"beforeStep\",\"afterStep\",\"afterScenario\",\"afterFeature\",\"_\",\"suite\",\"$0\",\"ignoredWorkerServices\",\"wdi5\"]"}]}
RESULT: {"script":"<script> [2342 bytes]","args":[{"protocol":"http","hostname":"0.0.0.0","path":"/","capabilities":{"browserName":"chrome","goog:chromeOptions":{"binary":"C:\\Program Files\\Google\\Chrome\\Application\\chrome.exe","args":["--start-maximized"]}},"logLevel":"warn","connectionRetryTimeout":120000,"connectionRetryCount":3,"logLevels":{},"enableDirectConnect":true,"strictSSL":true,"_":"65 more keys: [\"cacheDir\",\"port\",\"requestedCapabilities\",\"automationProtocol\",\"baseUrl\",\"waitforInterval\",\"waitforTimeout\",\"onReload\",\"beforeCommand\",\"afterCommand\",\"rootDir\",\"specs\",\"suites\",\"exclude\",\"groupLogsByTestSpec\",\"excludeDriverLogs\",\"bail\",\"framework\",\"reporters\",\"services\",\"maxInstances\",\"maxInstancesPerCapability\",\"injectGlobals\",\"filesToWatch\",\"execArgv\",\"runnerEnv\",\"runner\",\"shard\",\"specFileRetries\",\"specFileRetriesDelay\",\"specFileRetriesDeferred\",\"reporterSyncInterval\",\"reporterSyncTimeout\",\"cucumberFeaturesWithLineNumbers\",\"autoCompileOpts\",\"mochaOpts\",\"jasmineOpts\",\"cucumberOpts\",\"onPrepare\",\"onWorkerStart\",\"onWorkerEnd\",\"before\",\"beforeSession\",\"beforeSuite\",\"beforeHook\",\"beforeTest\",\"afterTest\",\"afterHook\",\"afterSuite\",\"afterSession\",\"after\",\"onComplete\",\"beforeAssertion\",\"afterAssertion\",\"beforeFeature\",\"beforeScenario\",\"beforeStep\",\"afterStep\",\"afterScenario\",\"afterFeature\",\"_\",\"suite\",\"$0\",\"ignoredWorkerServices\",\"wdi5\"]"}]}
COMMAND: POST /session/3fdfcd34cc1ad0984bb83731bfb105d6/execute/async - {"script":"<script> [21126 bytes]","args":[35000]}
RESULT: {"script":"<script> [21126 bytes]","args":[35000]}
]]></system-out>
    </testcase>
  </testsuite>
  <testsuite timestamp="2025-05-26T15:24:47" time="274.417" tests="4" failures="0" errors="0" skipped="0">
    <properties>
      <property name="specId" value="0"/>
      <property name="suiteName" value="Create partner US118246"/>
      <property name="capabilities" value="chrome.136_0_7103_93.windows"/>
      <property name="file" value="file:///D:/a/1/s/test/specs/BTS/create-partner.spec.js"/>
    </properties>
    <testcase classname="chrome.136_0_7103_93.windows.Create_partner_US118246" name="Should create a new yard in case create yard failed" time="0.045">
      <system-out><![CDATA[
COMMAND: POST /session/3fdfcd34cc1ad0984bb83731bfb105d6/window/fullscreen - {}
RESULT: {}
]]></system-out>
    </testcase>
    <testcase classname="chrome.136_0_7103_93.windows.Create_partner_US118246" name="Should create new external partner" time="109.535">
      <system-out><![CDATA[
COMMAND: POST /session/3fdfcd34cc1ad0984bb83731bfb105d6/window/fullscreen - {}
RESULT: {}
COMMAND: POST /session/3fdfcd34cc1ad0984bb83731bfb105d6/execute/async - {"script":"<script> [1562 bytes]","args":[{"selector":{"controlType":"sap.m.GenericTile","properties":{"header":"Manage Partners"}},"wdio_ui5_key":"sapm.GenericTile{\"header\":\"Manage Partners\"}"}]}
RESULT: {"script":"<script> [1562 bytes]","args":[{"selector":{"controlType":"sap.m.GenericTile","properties":{"header":"Manage Partners"}},"wdio_ui5_key":"sapm.GenericTile{\"header\":\"Manage Partners\"}"}]}
RESULT: undefined
COMMAND: POST /session/3fdfcd34cc1ad0984bb83731bfb105d6/element - {"using":"xpath","value":"//*[@id=\"__tile38\"]"}
RESULT: {"using":"xpath","value":"//*[@id=\"__tile38\"]"}
COMMAND: POST /session/3fdfcd34cc1ad0984bb83731bfb105d6/element/f.902B563C9587CBB3E624B0B064AC9B4C.d.378A3733C77CB1FDD5601A564E5998B2.e.2557/click - {}
RESULT: {}
COMMAND: GET /session/3fdfcd34cc1ad0984bb83731bfb105d6/screenshot - {}
RESULT: {}
COMMAND: POST /session/3fdfcd34cc1ad0984bb83731bfb105d6/elements - {"using":"xpath","value":"//span[text()='Error']"}
RESULT: {"using":"xpath","value":"//span[text()='Error']"}
COMMAND: POST /session/3fdfcd34cc1ad0984bb83731bfb105d6/element - {"using":"xpath","value":"//button[@data-kt=\"addButton\"]"}
RESULT: {"using":"xpath","value":"//button[@data-kt=\"addButton\"]"}
COMMAND: POST /session/3fdfcd34cc1ad0984bb83731bfb105d6/elements - {"using":"xpath","value":"//button[@data-kt=\"addButton\"]"}
RESULT: {"using":"xpath","value":"//button[@data-kt=\"addButton\"]"}
COMMAND: POST /session/3fdfcd34cc1ad0984bb83731bfb105d6/elements - {"using":"xpath","value":"//button[@data-kt=\"addButton\"]"}
RESULT: {"using":"xpath","value":"//button[@data-kt=\"addButton\"]"}
COMMAND: POST /session/3fdfcd34cc1ad0984bb83731bfb105d6/elements - {"using":"xpath","value":"//button[@data-kt=\"addButton\"]"}
RESULT: {"using":"xpath","value":"//button[@data-kt=\"addButton\"]"}
COMMAND: POST /session/3fdfcd34cc1ad0984bb83731bfb105d6/elements - {"using":"xpath","value":"//button[@data-kt=\"addButton\"]"}
RESULT: {"using":"xpath","value":"//button[@data-kt=\"addButton\"]"}
COMMAND: POST /session/3fdfcd34cc1ad0984bb83731bfb105d6/elements - {"using":"xpath","value":"//button[@data-kt=\"addButton\"]"}
RESULT: {"using":"xpath","value":"//button[@data-kt=\"addButton\"]"}
COMMAND: POST /session/3fdfcd34cc1ad0984bb83731bfb105d6/elements - {"using":"xpath","value":"//button[@data-kt=\"addButton\"]"}
RESULT: {"using":"xpath","value":"//button[@data-kt=\"addButton\"]"}
COMMAND: POST /session/3fdfcd34cc1ad0984bb83731bfb105d6/elements - {"using":"xpath","value":"//button[@data-kt=\"addButton\"]"}
RESULT: {"using":"xpath","value":"//button[@data-kt=\"addButton\"]"}
COMMAND: POST /session/3fdfcd34cc1ad0984bb83731bfb105d6/elements - {"using":"xpath","value":"//button[@data-kt=\"addButton\"]"}
RESULT: {"using":"xpath","value":"//button[@data-kt=\"addButton\"]"}
COMMAND: POST /session/3fdfcd34cc1ad0984bb83731bfb105d6/element - {"using":"xpath","value":"//button[@data-kt=\"addButton\"]"}
RESULT: {"using":"xpath","value":"//button[@data-kt=\"addButton\"]"}
COMMAND: POST /session/3fdfcd34cc1ad0984bb83731bfb105d6/execute/sync - {"script":"<script> [8489 bytes]","args":[{"element-6066-11e4-a52e-4f735466cecf":"f.902B563C9587CBB3E624B0B064AC9B4C.d.378A3733C77CB1FDD5601A564E5998B2.e.2701","ELEMENT":"f.902B563C9587CBB3E624B0B064AC9B4C.d.378A3733C77CB1FDD5601A564E5998B2.e.2701"}]}
RESULT: {"script":"<script> [8489 bytes]","args":[{"element-6066-11e4-a52e-4f735466cecf":"f.902B563C9587CBB3E624B0B064AC9B4C.d.378A3733C77CB1FDD5601A564E5998B2.e.2701","ELEMENT":"f.902B563C9587CBB3E624B0B064AC9B4C.d.378A3733C77CB1FDD5601A564E5998B2.e.2701"}]}
COMMAND: GET /session/3fdfcd34cc1ad0984bb83731bfb105d6/element/f.902B563C9587CBB3E624B0B064AC9B4C.d.378A3733C77CB1FDD5601A564E5998B2.e.2701/enabled - {}
COMMAND: GET /session/3fdfcd34cc1ad0984bb83731bfb105d6/screenshot - {}
RESULT: {}
COMMAND: POST /session/3fdfcd34cc1ad0984bb83731bfb105d6/execute/sync - {"script":"<script> [8489 bytes]","args":[{"element-6066-11e4-a52e-4f735466cecf":"f.902B563C9587CBB3E624B0B064AC9B4C.d.378A3733C77CB1FDD5601A564E5998B2.e.2701","ELEMENT":"f.902B563C9587CBB3E624B0B064AC9B4C.d.378A3733C77CB1FDD5601A564E5998B2.e.2701"}]}
COMMAND: GET /session/3fdfcd34cc1ad0984bb83731bfb105d6/screenshot - {}
RESULT: {}
RESULT: {"script":"<script> [8489 bytes]","args":[{"element-6066-11e4-a52e-4f735466cecf":"f.902B563C9587CBB3E624B0B064AC9B4C.d.378A3733C77CB1FDD5601A564E5998B2.e.2701","ELEMENT":"f.902B563C9587CBB3E624B0B064AC9B4C.d.378A3733C77CB1FDD5601A564E5998B2.e.2701"}]}
COMMAND: POST /session/3fdfcd34cc1ad0984bb83731bfb105d6/execute/sync - {"script":"<script> [5351 bytes]","args":[{"element-6066-11e4-a52e-4f735466cecf":"f.902B563C9587CBB3E624B0B064AC9B4C.d.378A3733C77CB1FDD5601A564E5998B2.e.2701","ELEMENT":"f.902B563C9587CBB3E624B0B064AC9B4C.d.378A3733C77CB1FDD5601A564E5998B2.e.2701"}]}
COMMAND: GET /session/3fdfcd34cc1ad0984bb83731bfb105d6/screenshot - {}
RESULT: {}
RESULT: {"script":"<script> [5351 bytes]","args":[{"element-6066-11e4-a52e-4f735466cecf":"f.902B563C9587CBB3E624B0B064AC9B4C.d.378A3733C77CB1FDD5601A564E5998B2.e.2701","ELEMENT":"f.902B563C9587CBB3E624B0B064AC9B4C.d.378A3733C77CB1FDD5601A564E5998B2.e.2701"}]}
COMMAND: POST /session/3fdfcd34cc1ad0984bb83731bfb105d6/element/f.902B563C9587CBB3E624B0B064AC9B4C.d.378A3733C77CB1FDD5601A564E5998B2.e.2701/click - {}
COMMAND: GET /session/3fdfcd34cc1ad0984bb83731bfb105d6/screenshot - {}
RESULT: {}
RESULT: {}
COMMAND: GET /session/3fdfcd34cc1ad0984bb83731bfb105d6/screenshot - {}
COMMAND: POST /session/3fdfcd34cc1ad0984bb83731bfb105d6/execute/async - {"script":"<script> [1562 bytes]","args":[{"selector":{"id":"application-managepartners-display-component---NewPartner--addressDetailDetailsName1","interaction":{"idSuffix":"inner"}},"wdio_ui5_key":"applicationmanagepartners-display-component---NewPartner--addressDetailDetailsName1"}]}
RESULT: {}
RESULT: {}
RESULT: {"script":"<script> [1562 bytes]","args":[{"selector":{"id":"application-managepartners-display-component---NewPartner--addressDetailDetailsName1","interaction":{"idSuffix":"inner"}},"wdio_ui5_key":"applicationmanagepartners-display-component---NewPartner--addressDetailDetailsName1"}]}
RESULT: undefined
COMMAND: POST /session/3fdfcd34cc1ad0984bb83731bfb105d6/execute/async - {"script":"<script> [776 bytes]","args":[{"enterText":"External Partner WDIO","selector":{"id":"application-managepartners-display-component---NewPartner--addressDetailDetailsName1","interaction":{"idSuffix":"inner"}},"clearTextFirst":true,"interactionType":"ENTER_TEXT"}]}
RESULT: {"script":"<script> [776 bytes]","args":[{"enterText":"External Partner WDIO","selector":{"id":"application-managepartners-display-component---NewPartner--addressDetailDetailsName1","interaction":{"idSuffix":"inner"}},"clearTextFirst":true,"interactionType":"ENTER_TEXT"}]}
COMMAND: POST /session/3fdfcd34cc1ad0984bb83731bfb105d6/execute/async - {"script":"<script> [1562 bytes]","args":[{"selector":{"id":"application-managepartners-display-component---NewPartner--addressDetailDetailsLanguage-arrow"},"wdio_ui5_key":"applicationmanagepartners-display-component---NewPartner--addressDetailDetailsLanguage-arrow"}]}
RESULT: {"script":"<script> [1562 bytes]","args":[{"selector":{"id":"application-managepartners-display-component---NewPartner--addressDetailDetailsLanguage-arrow"},"wdio_ui5_key":"applicationmanagepartners-display-component---NewPartner--addressDetailDetailsLanguage-arrow"}]}
RESULT: undefined
COMMAND: POST /session/3fdfcd34cc1ad0984bb83731bfb105d6/element - {"using":"xpath","value":"//*[@id=\"application-managepartners-display-component---NewPartner--addressDetailDetailsLanguage-arrow\"]"}
RESULT: {"using":"xpath","value":"//*[@id=\"application-managepartners-display-component---NewPartner--addressDetailDetailsLanguage-arrow\"]"}
COMMAND: POST /session/3fdfcd34cc1ad0984bb83731bfb105d6/element/f.902B563C9587CBB3E624B0B064AC9B4C.d.378A3733C77CB1FDD5601A564E5998B2.e.3153/click - {}
RESULT: {}
COMMAND: POST /session/3fdfcd34cc1ad0984bb83731bfb105d6/element - {"using":"xpath","value":"//span[contains(text(), \"English\")]"}
COMMAND: GET /session/3fdfcd34cc1ad0984bb83731bfb105d6/screenshot - {}
RESULT: {"using":"xpath","value":"//span[contains(text(), \"English\")]"}
COMMAND: POST /session/3fdfcd34cc1ad0984bb83731bfb105d6/element/f.902B563C9587CBB3E624B0B064AC9B4C.d.378A3733C77CB1FDD5601A564E5998B2.e.3154/click - {}
RESULT: {}
RESULT: {}
COMMAND: GET /session/3fdfcd34cc1ad0984bb83731bfb105d6/screenshot - {}
RESULT: {}
COMMAND: POST /session/3fdfcd34cc1ad0984bb83731bfb105d6/execute/async - {"script":"<script> [1562 bytes]","args":[{"selector":{"id":"application-managepartners-display-component---NewPartner--addressDetailDetailsCity1","interaction":{"idSuffix":"inner"}},"wdio_ui5_key":"applicationmanagepartners-display-component---NewPartner--addressDetailDetailsCity1"}]}
RESULT: {"script":"<script> [1562 bytes]","args":[{"selector":{"id":"application-managepartners-display-component---NewPartner--addressDetailDetailsCity1","interaction":{"idSuffix":"inner"}},"wdio_ui5_key":"applicationmanagepartners-display-component---NewPartner--addressDetailDetailsCity1"}]}
RESULT: undefined
COMMAND: POST /session/3fdfcd34cc1ad0984bb83731bfb105d6/execute/async - {"script":"<script> [776 bytes]","args":[{"enterText":"Rosario","selector":{"id":"application-managepartners-display-component---NewPartner--addressDetailDetailsCity1","interaction":{"idSuffix":"inner"}},"clearTextFirst":true,"interactionType":"ENTER_TEXT"}]}
RESULT: {"script":"<script> [776 bytes]","args":[{"enterText":"Rosario","selector":{"id":"application-managepartners-display-component---NewPartner--addressDetailDetailsCity1","interaction":{"idSuffix":"inner"}},"clearTextFirst":true,"interactionType":"ENTER_TEXT"}]}
COMMAND: POST /session/3fdfcd34cc1ad0984bb83731bfb105d6/execute/async - {"script":"<script> [1562 bytes]","args":[{"selector":{"id":"application-managepartners-display-component---NewPartner--addressDetailDetailsCountry-arrow"},"wdio_ui5_key":"applicationmanagepartners-display-component---NewPartner--addressDetailDetailsCountry-arrow"}]}
RESULT: {"script":"<script> [1562 bytes]","args":[{"selector":{"id":"application-managepartners-display-component---NewPartner--addressDetailDetailsCountry-arrow"},"wdio_ui5_key":"applicationmanagepartners-display-component---NewPartner--addressDetailDetailsCountry-arrow"}]}
RESULT: undefined
COMMAND: POST /session/3fdfcd34cc1ad0984bb83731bfb105d6/element - {"using":"xpath","value":"//*[@id=\"application-managepartners-display-component---NewPartner--addressDetailDetailsCountry-arrow\"]"}
RESULT: {"using":"xpath","value":"//*[@id=\"application-managepartners-display-component---NewPartner--addressDetailDetailsCountry-arrow\"]"}
COMMAND: POST /session/3fdfcd34cc1ad0984bb83731bfb105d6/element/f.902B563C9587CBB3E624B0B064AC9B4C.d.378A3733C77CB1FDD5601A564E5998B2.e.3117/click - {}
RESULT: {}
COMMAND: POST /session/3fdfcd34cc1ad0984bb83731bfb105d6/element - {"using":"xpath","value":"//span[contains(text(), \"Argentina\")]"}
COMMAND: GET /session/3fdfcd34cc1ad0984bb83731bfb105d6/screenshot - {}
RESULT: {"using":"xpath","value":"//span[contains(text(), \"Argentina\")]"}
COMMAND: POST /session/3fdfcd34cc1ad0984bb83731bfb105d6/element/f.902B563C9587CBB3E624B0B064AC9B4C.d.378A3733C77CB1FDD5601A564E5998B2.e.3156/click - {}
RESULT: {}
RESULT: {}
COMMAND: GET /session/3fdfcd34cc1ad0984bb83731bfb105d6/screenshot - {}
RESULT: {}
COMMAND: POST /session/3fdfcd34cc1ad0984bb83731bfb105d6/element - {"using":"xpath","value":"//bdi[contains(text(), \"Commercial\")]"}
RESULT: {"using":"xpath","value":"//bdi[contains(text(), \"Commercial\")]"}
COMMAND: POST /session/3fdfcd34cc1ad0984bb83731bfb105d6/element/f.902B563C9587CBB3E624B0B064AC9B4C.d.378A3733C77CB1FDD5601A564E5998B2.e.3157/click - {}
RESULT: {}
COMMAND: GET /session/3fdfcd34cc1ad0984bb83731bfb105d6/screenshot - {}
RESULT: {}
COMMAND: POST /session/3fdfcd34cc1ad0984bb83731bfb105d6/execute/async - {"script":"<script> [1562 bytes]","args":[{"selector":{"id":"application-managepartners-display-component---NewPartner--partnerDetailInternal-arrow"},"wdio_ui5_key":"applicationmanagepartners-display-component---NewPartner--partnerDetailInternal-arrow"}]}
RESULT: {"script":"<script> [1562 bytes]","args":[{"selector":{"id":"application-managepartners-display-component---NewPartner--partnerDetailInternal-arrow"},"wdio_ui5_key":"applicationmanagepartners-display-component---NewPartner--partnerDetailInternal-arrow"}]}
RESULT: undefined
COMMAND: POST /session/3fdfcd34cc1ad0984bb83731bfb105d6/element - {"using":"xpath","value":"//*[@id=\"application-managepartners-display-component---NewPartner--partnerDetailInternal-arrow\"]"}
RESULT: {"using":"xpath","value":"//*[@id=\"application-managepartners-display-component---NewPartner--partnerDetailInternal-arrow\"]"}
COMMAND: POST /session/3fdfcd34cc1ad0984bb83731bfb105d6/element/f.902B563C9587CBB3E624B0B064AC9B4C.d.378A3733C77CB1FDD5601A564E5998B2.e.3163/click - {}
RESULT: {}
COMMAND: POST /session/3fdfcd34cc1ad0984bb83731bfb105d6/element - {"using":"xpath","value":"//span[contains(text(), \"External partner\")]"}
COMMAND: GET /session/3fdfcd34cc1ad0984bb83731bfb105d6/screenshot - {}
RESULT: {"using":"xpath","value":"//span[contains(text(), \"External partner\")]"}
COMMAND: POST /session/3fdfcd34cc1ad0984bb83731bfb105d6/element/f.902B563C9587CBB3E624B0B064AC9B4C.d.378A3733C77CB1FDD5601A564E5998B2.e.3164/click - {}
RESULT: {}
RESULT: {}
COMMAND: POST /session/3fdfcd34cc1ad0984bb83731bfb105d6/execute/async - {"script":"<script> [1562 bytes]","args":[{"selector":{"id":"application-managepartners-display-component---NewPartner--partnerDetailsCurrency-arrow"},"wdio_ui5_key":"applicationmanagepartners-display-component---NewPartner--partnerDetailsCurrency-arrow"}]}
COMMAND: GET /session/3fdfcd34cc1ad0984bb83731bfb105d6/screenshot - {}
RESULT: {"script":"<script> [1562 bytes]","args":[{"selector":{"id":"application-managepartners-display-component---NewPartner--partnerDetailsCurrency-arrow"},"wdio_ui5_key":"applicationmanagepartners-display-component---NewPartner--partnerDetailsCurrency-arrow"}]}
RESULT: undefined
COMMAND: POST /session/3fdfcd34cc1ad0984bb83731bfb105d6/element - {"using":"xpath","value":"//*[@id=\"application-managepartners-display-component---NewPartner--partnerDetailsCurrency-arrow\"]"}
RESULT: {}
RESULT: {"using":"xpath","value":"//*[@id=\"application-managepartners-display-component---NewPartner--partnerDetailsCurrency-arrow\"]"}
COMMAND: POST /session/3fdfcd34cc1ad0984bb83731bfb105d6/element/f.902B563C9587CBB3E624B0B064AC9B4C.d.378A3733C77CB1FDD5601A564E5998B2.e.3169/click - {}
RESULT: {}
COMMAND: POST /session/3fdfcd34cc1ad0984bb83731bfb105d6/element - {"using":"xpath","value":"//span[contains(text(), \"US Dollar\")]"}
COMMAND: GET /session/3fdfcd34cc1ad0984bb83731bfb105d6/screenshot - {}
RESULT: {"using":"xpath","value":"//span[contains(text(), \"US Dollar\")]"}
COMMAND: POST /session/3fdfcd34cc1ad0984bb83731bfb105d6/element/f.902B563C9587CBB3E624B0B064AC9B4C.d.378A3733C77CB1FDD5601A564E5998B2.e.3170/click - {}
RESULT: {}
RESULT: {}
COMMAND: GET /session/3fdfcd34cc1ad0984bb83731bfb105d6/screenshot - {}
RESULT: {}
COMMAND: POST /session/3fdfcd34cc1ad0984bb83731bfb105d6/element - {"using":"xpath","value":"//input[@id=\"application-managepartners-display-component---NewPartner--companyCodeComboBox-inner\"]"}
RESULT: {"using":"xpath","value":"//input[@id=\"application-managepartners-display-component---NewPartner--companyCodeComboBox-inner\"]"}
COMMAND: POST /session/3fdfcd34cc1ad0984bb83731bfb105d6/element/f.902B563C9587CBB3E624B0B064AC9B4C.d.378A3733C77CB1FDD5601A564E5998B2.e.3112/clear - {}
RESULT: {}
COMMAND: POST /session/3fdfcd34cc1ad0984bb83731bfb105d6/element/f.902B563C9587CBB3E624B0B064AC9B4C.d.378A3733C77CB1FDD5601A564E5998B2.e.3112/value - {"text":"C002"}
COMMAND: GET /session/3fdfcd34cc1ad0984bb83731bfb105d6/screenshot - {}
RESULT: {"text":"C002"}
COMMAND: GET /session/3fdfcd34cc1ad0984bb83731bfb105d6/screenshot - {}
RESULT: {}
RESULT: {}
COMMAND: POST /session/3fdfcd34cc1ad0984bb83731bfb105d6/element - {"using":"xpath","value":"//li[.//span[text()= \"C002\"]]"}
RESULT: {"using":"xpath","value":"//li[.//span[text()= \"C002\"]]"}
COMMAND: POST /session/3fdfcd34cc1ad0984bb83731bfb105d6/element/f.902B563C9587CBB3E624B0B064AC9B4C.d.378A3733C77CB1FDD5601A564E5998B2.e.3174/click - {}
RESULT: {}
COMMAND: GET /session/3fdfcd34cc1ad0984bb83731bfb105d6/screenshot - {}
RESULT: {}
COMMAND: POST /session/3fdfcd34cc1ad0984bb83731bfb105d6/execute/async - {"script":"<script> [1562 bytes]","args":[{"selector":{"id":"application-managepartners-display-component---NewPartner--btnAddTableRow-img"},"wdio_ui5_key":"applicationmanagepartners-display-component---NewPartner--btnAddTableRow-img"}]}
RESULT: {"script":"<script> [1562 bytes]","args":[{"selector":{"id":"application-managepartners-display-component---NewPartner--btnAddTableRow-img"},"wdio_ui5_key":"applicationmanagepartners-display-component---NewPartner--btnAddTableRow-img"}]}
RESULT: undefined
COMMAND: POST /session/3fdfcd34cc1ad0984bb83731bfb105d6/element - {"using":"xpath","value":"//*[@id=\"application-managepartners-display-component---NewPartner--btnAddTableRow-img\"]"}
RESULT: {"using":"xpath","value":"//*[@id=\"application-managepartners-display-component---NewPartner--btnAddTableRow-img\"]"}
COMMAND: POST /session/3fdfcd34cc1ad0984bb83731bfb105d6/element/f.902B563C9587CBB3E624B0B064AC9B4C.d.378A3733C77CB1FDD5601A564E5998B2.e.3175/click - {}
RESULT: {}
COMMAND: GET /session/3fdfcd34cc1ad0984bb83731bfb105d6/screenshot - {}
RESULT: {}
COMMAND: POST /session/3fdfcd34cc1ad0984bb83731bfb105d6/element - {"using":"xpath","value":"//input[@id=\"application-managepartners-display-component---NewPartner--assignmentYard-application-managepartners-display-component---NewPartner--assignmentsTable-0-inner\"]"}
RESULT: {"using":"xpath","value":"//input[@id=\"application-managepartners-display-component---NewPartner--assignmentYard-application-managepartners-display-component---NewPartner--assignmentsTable-0-inner\"]"}
COMMAND: POST /session/3fdfcd34cc1ad0984bb83731bfb105d6/element/f.902B563C9587CBB3E624B0B064AC9B4C.d.378A3733C77CB1FDD5601A564E5998B2.e.3178/clear - {}
RESULT: {}
COMMAND: POST /session/3fdfcd34cc1ad0984bb83731bfb105d6/element/f.902B563C9587CBB3E624B0B064AC9B4C.d.378A3733C77CB1FDD5601A564E5998B2.e.3178/value - {"text":"330"}
COMMAND: GET /session/3fdfcd34cc1ad0984bb83731bfb105d6/screenshot - {}
RESULT: {"text":"330"}
COMMAND: GET /session/3fdfcd34cc1ad0984bb83731bfb105d6/screenshot - {}
RESULT: {}
RESULT: {}
COMMAND: POST /session/3fdfcd34cc1ad0984bb83731bfb105d6/element - {"using":"xpath","value":"//li[.//span[text()='330']]"}
RESULT: {"using":"xpath","value":"//li[.//span[text()='330']]"}
COMMAND: POST /session/3fdfcd34cc1ad0984bb83731bfb105d6/element/f.902B563C9587CBB3E624B0B064AC9B4C.d.378A3733C77CB1FDD5601A564E5998B2.e.3186/click - {}
RESULT: {}
COMMAND: GET /session/3fdfcd34cc1ad0984bb83731bfb105d6/screenshot - {}
RESULT: {}
COMMAND: POST /session/3fdfcd34cc1ad0984bb83731bfb105d6/actions - {"actions":[{"id":"action6","type":"key","parameters":{},"actions":[{"type":"keyDown","value":""},{"type":"pause","duration":10},{"type":"keyUp","value":""}]}]}
RESULT: {"actions":[{"id":"action6","type":"key","parameters":{},"actions":[{"type":"keyDown","value":""},{"type":"pause","duration":10},{"type":"keyUp","value":""}]}]}
COMMAND: POST /session/3fdfcd34cc1ad0984bb83731bfb105d6/element - {"using":"xpath","value":"//td[contains(@id, \"assignmentsTable-0-cell2\")]/div/div"}
COMMAND: GET /session/3fdfcd34cc1ad0984bb83731bfb105d6/screenshot - {}
RESULT: {"using":"xpath","value":"//td[contains(@id, \"assignmentsTable-0-cell2\")]/div/div"}
COMMAND: POST /session/3fdfcd34cc1ad0984bb83731bfb105d6/element/f.902B563C9587CBB3E624B0B064AC9B4C.d.378A3733C77CB1FDD5601A564E5998B2.e.3189/click - {}
RESULT: {}
RESULT: {}
COMMAND: GET /session/3fdfcd34cc1ad0984bb83731bfb105d6/screenshot - {}
RESULT: {}
COMMAND: POST /session/3fdfcd34cc1ad0984bb83731bfb105d6/element - {"using":"xpath","value":"//button[@data-kt=\"saveButton\"]"}
RESULT: {"using":"xpath","value":"//button[@data-kt=\"saveButton\"]"}
COMMAND: POST /session/3fdfcd34cc1ad0984bb83731bfb105d6/element/f.902B563C9587CBB3E624B0B064AC9B4C.d.378A3733C77CB1FDD5601A564E5998B2.e.3145/click - {}
RESULT: {}
COMMAND: GET /session/3fdfcd34cc1ad0984bb83731bfb105d6/screenshot - {}
RESULT: {}
COMMAND: POST /session/3fdfcd34cc1ad0984bb83731bfb105d6/element - {"using":"xpath","value":"//header[contains(@id, 'ObjectPageLayout-headerTitle')]/div[1]/div[2]/div[2]/span[1]"}
RESULT: {"using":"xpath","value":"//header[contains(@id, 'ObjectPageLayout-headerTitle')]/div[1]/div[2]/div[2]/span[1]"}
COMMAND: POST /session/3fdfcd34cc1ad0984bb83731bfb105d6/elements - {"using":"xpath","value":"//header[contains(@id, 'ObjectPageLayout-headerTitle')]/div[1]/div[2]/div[2]/span[1]"}
RESULT: {"using":"xpath","value":"//header[contains(@id, 'ObjectPageLayout-headerTitle')]/div[1]/div[2]/div[2]/span[1]"}
COMMAND: POST /session/3fdfcd34cc1ad0984bb83731bfb105d6/execute/sync - {"script":"<script> [56 bytes]","args":[{"element-6066-11e4-a52e-4f735466cecf":"f.902B563C9587CBB3E624B0B064AC9B4C.d.378A3733C77CB1FDD5601A564E5998B2.e.3350","ELEMENT":"f.902B563C9587CBB3E624B0B064AC9B4C.d.378A3733C77CB1FDD5601A564E5998B2.e.3350"}]}
RESULT: {"script":"<script> [56 bytes]","args":[{"element-6066-11e4-a52e-4f735466cecf":"f.902B563C9587CBB3E624B0B064AC9B4C.d.378A3733C77CB1FDD5601A564E5998B2.e.3350","ELEMENT":"f.902B563C9587CBB3E624B0B064AC9B4C.d.378A3733C77CB1FDD5601A564E5998B2.e.3350"}]}
COMMAND: POST /session/3fdfcd34cc1ad0984bb83731bfb105d6/element - {"using":"css selector","value":"#shell-header-logo"}
COMMAND: GET /session/3fdfcd34cc1ad0984bb83731bfb105d6/screenshot - {}
RESULT: {"using":"css selector","value":"#shell-header-logo"}
COMMAND: POST /session/3fdfcd34cc1ad0984bb83731bfb105d6/element/f.902B563C9587CBB3E624B0B064AC9B4C.d.378A3733C77CB1FDD5601A564E5998B2.e.2666/click - {}
RESULT: {}
RESULT: {}
COMMAND: GET /session/3fdfcd34cc1ad0984bb83731bfb105d6/screenshot - {}
RESULT: {}
COMMAND: POST /session/3fdfcd34cc1ad0984bb83731bfb105d6/execute/sync - {"script":"<script> [299 bytes]","args":[["getModel","getResource"]]}
RESULT: {"script":"<script> [299 bytes]","args":[["getModel","getResource"]]}
COMMAND: GET /session/3fdfcd34cc1ad0984bb83731bfb105d6/screenshot - {}
]]></system-out>
    </testcase>
    <testcase classname="chrome.136_0_7103_93.windows.Create_partner_US118246" name="Should create a new yard in case create yard failed" time="0.006"/>
    <testcase classname="chrome.136_0_7103_93.windows.Create_partner_US118246" name="Should create new external WHM partner" time="104.924">
      <system-out><![CDATA[
COMMAND: POST /session/3fdfcd34cc1ad0984bb83731bfb105d6/window/fullscreen - {}
RESULT: {}
RESULT: {}
RESULT: undefined
COMMAND: POST /session/3fdfcd34cc1ad0984bb83731bfb105d6/element - {"using":"xpath","value":"//*[@id=\"__tile38\"]"}
RESULT: {"using":"xpath","value":"//*[@id=\"__tile38\"]"}
COMMAND: POST /session/3fdfcd34cc1ad0984bb83731bfb105d6/element/f.902B563C9587CBB3E624B0B064AC9B4C.d.378A3733C77CB1FDD5601A564E5998B2.e.2557/click - {}
RESULT: {}
COMMAND: GET /session/3fdfcd34cc1ad0984bb83731bfb105d6/screenshot - {}
RESULT: {}
COMMAND: POST /session/3fdfcd34cc1ad0984bb83731bfb105d6/elements - {"using":"xpath","value":"//span[text()='Error']"}
RESULT: {"using":"xpath","value":"//span[text()='Error']"}
COMMAND: POST /session/3fdfcd34cc1ad0984bb83731bfb105d6/element - {"using":"xpath","value":"//button[@data-kt=\"addButton\"]"}
RESULT: {"using":"xpath","value":"//button[@data-kt=\"addButton\"]"}
COMMAND: POST /session/3fdfcd34cc1ad0984bb83731bfb105d6/elements - {"using":"xpath","value":"//button[@data-kt=\"addButton\"]"}
RESULT: {"using":"xpath","value":"//button[@data-kt=\"addButton\"]"}
COMMAND: POST /session/3fdfcd34cc1ad0984bb83731bfb105d6/execute/sync - {"script":"<script> [8489 bytes]","args":[{"element-6066-11e4-a52e-4f735466cecf":"f.902B563C9587CBB3E624B0B064AC9B4C.d.378A3733C77CB1FDD5601A564E5998B2.e.3398","ELEMENT":"f.902B563C9587CBB3E624B0B064AC9B4C.d.378A3733C77CB1FDD5601A564E5998B2.e.3398"}]}
RESULT: {"script":"<script> [8489 bytes]","args":[{"element-6066-11e4-a52e-4f735466cecf":"f.902B563C9587CBB3E624B0B064AC9B4C.d.378A3733C77CB1FDD5601A564E5998B2.e.3398","ELEMENT":"f.902B563C9587CBB3E624B0B064AC9B4C.d.378A3733C77CB1FDD5601A564E5998B2.e.3398"}]}
COMMAND: GET /session/3fdfcd34cc1ad0984bb83731bfb105d6/element/f.902B563C9587CBB3E624B0B064AC9B4C.d.378A3733C77CB1FDD5601A564E5998B2.e.3398/enabled - {}
COMMAND: GET /session/3fdfcd34cc1ad0984bb83731bfb105d6/screenshot - {}
RESULT: {}
COMMAND: POST /session/3fdfcd34cc1ad0984bb83731bfb105d6/execute/sync - {"script":"<script> [8489 bytes]","args":[{"element-6066-11e4-a52e-4f735466cecf":"f.902B563C9587CBB3E624B0B064AC9B4C.d.378A3733C77CB1FDD5601A564E5998B2.e.3398","ELEMENT":"f.902B563C9587CBB3E624B0B064AC9B4C.d.378A3733C77CB1FDD5601A564E5998B2.e.3398"}]}
COMMAND: GET /session/3fdfcd34cc1ad0984bb83731bfb105d6/screenshot - {}
RESULT: {}
RESULT: {"script":"<script> [8489 bytes]","args":[{"element-6066-11e4-a52e-4f735466cecf":"f.902B563C9587CBB3E624B0B064AC9B4C.d.378A3733C77CB1FDD5601A564E5998B2.e.3398","ELEMENT":"f.902B563C9587CBB3E624B0B064AC9B4C.d.378A3733C77CB1FDD5601A564E5998B2.e.3398"}]}
COMMAND: POST /session/3fdfcd34cc1ad0984bb83731bfb105d6/execute/sync - {"script":"<script> [5351 bytes]","args":[{"element-6066-11e4-a52e-4f735466cecf":"f.902B563C9587CBB3E624B0B064AC9B4C.d.378A3733C77CB1FDD5601A564E5998B2.e.3398","ELEMENT":"f.902B563C9587CBB3E624B0B064AC9B4C.d.378A3733C77CB1FDD5601A564E5998B2.e.3398"}]}
COMMAND: GET /session/3fdfcd34cc1ad0984bb83731bfb105d6/screenshot - {}
RESULT: {}
RESULT: {"script":"<script> [5351 bytes]","args":[{"element-6066-11e4-a52e-4f735466cecf":"f.902B563C9587CBB3E624B0B064AC9B4C.d.378A3733C77CB1FDD5601A564E5998B2.e.3398","ELEMENT":"f.902B563C9587CBB3E624B0B064AC9B4C.d.378A3733C77CB1FDD5601A564E5998B2.e.3398"}]}
COMMAND: POST /session/3fdfcd34cc1ad0984bb83731bfb105d6/element/f.902B563C9587CBB3E624B0B064AC9B4C.d.378A3733C77CB1FDD5601A564E5998B2.e.3398/click - {}
COMMAND: GET /session/3fdfcd34cc1ad0984bb83731bfb105d6/screenshot - {}
RESULT: {}
RESULT: {}
COMMAND: GET /session/3fdfcd34cc1ad0984bb83731bfb105d6/screenshot - {}
RESULT: undefined
COMMAND: POST /session/3fdfcd34cc1ad0984bb83731bfb105d6/execute/async - {"script":"<script> [776 bytes]","args":[{"enterText":"External Partner WDIO","selector":{"id":"application-managepartners-display-component---NewPartner--addressDetailDetailsName1","interaction":{"idSuffix":"inner"}},"clearTextFirst":true,"interactionType":"ENTER_TEXT"}]}
RESULT: {}
RESULT: {}
RESULT: {"script":"<script> [776 bytes]","args":[{"enterText":"External Partner WDIO","selector":{"id":"application-managepartners-display-component---NewPartner--addressDetailDetailsName1","interaction":{"idSuffix":"inner"}},"clearTextFirst":true,"interactionType":"ENTER_TEXT"}]}
RESULT: undefined
COMMAND: POST /session/3fdfcd34cc1ad0984bb83731bfb105d6/element - {"using":"xpath","value":"//*[@id=\"application-managepartners-display-component---NewPartner--addressDetailDetailsLanguage-arrow\"]"}
RESULT: {"using":"xpath","value":"//*[@id=\"application-managepartners-display-component---NewPartner--addressDetailDetailsLanguage-arrow\"]"}
COMMAND: POST /session/3fdfcd34cc1ad0984bb83731bfb105d6/element/f.902B563C9587CBB3E624B0B064AC9B4C.d.378A3733C77CB1FDD5601A564E5998B2.e.3841/click - {}
RESULT: {}
COMMAND: POST /session/3fdfcd34cc1ad0984bb83731bfb105d6/element - {"using":"xpath","value":"//span[contains(text(), \"English\")]"}
COMMAND: GET /session/3fdfcd34cc1ad0984bb83731bfb105d6/screenshot - {}
RESULT: {"using":"xpath","value":"//span[contains(text(), \"English\")]"}
COMMAND: POST /session/3fdfcd34cc1ad0984bb83731bfb105d6/element/f.902B563C9587CBB3E624B0B064AC9B4C.d.378A3733C77CB1FDD5601A564E5998B2.e.3842/click - {}
RESULT: {}
RESULT: {}
COMMAND: GET /session/3fdfcd34cc1ad0984bb83731bfb105d6/screenshot - {}
RESULT: {}
RESULT: undefined
COMMAND: POST /session/3fdfcd34cc1ad0984bb83731bfb105d6/execute/async - {"script":"<script> [776 bytes]","args":[{"enterText":"Rosario","selector":{"id":"application-managepartners-display-component---NewPartner--addressDetailDetailsCity1","interaction":{"idSuffix":"inner"}},"clearTextFirst":true,"interactionType":"ENTER_TEXT"}]}
RESULT: {"script":"<script> [776 bytes]","args":[{"enterText":"Rosario","selector":{"id":"application-managepartners-display-component---NewPartner--addressDetailDetailsCity1","interaction":{"idSuffix":"inner"}},"clearTextFirst":true,"interactionType":"ENTER_TEXT"}]}
RESULT: undefined
COMMAND: POST /session/3fdfcd34cc1ad0984bb83731bfb105d6/element - {"using":"xpath","value":"//*[@id=\"application-managepartners-display-component---NewPartner--addressDetailDetailsCountry-arrow\"]"}
RESULT: {"using":"xpath","value":"//*[@id=\"application-managepartners-display-component---NewPartner--addressDetailDetailsCountry-arrow\"]"}
COMMAND: POST /session/3fdfcd34cc1ad0984bb83731bfb105d6/element/f.902B563C9587CBB3E624B0B064AC9B4C.d.378A3733C77CB1FDD5601A564E5998B2.e.3824/click - {}
RESULT: {}
COMMAND: POST /session/3fdfcd34cc1ad0984bb83731bfb105d6/element - {"using":"xpath","value":"//span[contains(text(), \"Argentina\")]"}
COMMAND: GET /session/3fdfcd34cc1ad0984bb83731bfb105d6/screenshot - {}
RESULT: {"using":"xpath","value":"//span[contains(text(), \"Argentina\")]"}
COMMAND: POST /session/3fdfcd34cc1ad0984bb83731bfb105d6/element/f.902B563C9587CBB3E624B0B064AC9B4C.d.378A3733C77CB1FDD5601A564E5998B2.e.3843/click - {}
RESULT: {}
RESULT: {}
COMMAND: GET /session/3fdfcd34cc1ad0984bb83731bfb105d6/screenshot - {}
RESULT: {}
COMMAND: POST /session/3fdfcd34cc1ad0984bb83731bfb105d6/element - {"using":"xpath","value":"//bdi[contains(text(), \"Commercial\")]"}
RESULT: {"using":"xpath","value":"//bdi[contains(text(), \"Commercial\")]"}
COMMAND: POST /session/3fdfcd34cc1ad0984bb83731bfb105d6/element/f.902B563C9587CBB3E624B0B064AC9B4C.d.378A3733C77CB1FDD5601A564E5998B2.e.3844/click - {}
RESULT: {}
COMMAND: GET /session/3fdfcd34cc1ad0984bb83731bfb105d6/screenshot - {}
RESULT: {}
RESULT: undefined
COMMAND: POST /session/3fdfcd34cc1ad0984bb83731bfb105d6/element - {"using":"xpath","value":"//*[@id=\"application-managepartners-display-component---NewPartner--partnerDetailInternal-arrow\"]"}
RESULT: {"using":"xpath","value":"//*[@id=\"application-managepartners-display-component---NewPartner--partnerDetailInternal-arrow\"]"}
COMMAND: POST /session/3fdfcd34cc1ad0984bb83731bfb105d6/element/f.902B563C9587CBB3E624B0B064AC9B4C.d.378A3733C77CB1FDD5601A564E5998B2.e.3852/click - {}
RESULT: {}
COMMAND: POST /session/3fdfcd34cc1ad0984bb83731bfb105d6/element - {"using":"xpath","value":"//span[contains(text(), \"External partner\")]"}
COMMAND: GET /session/3fdfcd34cc1ad0984bb83731bfb105d6/screenshot - {}
RESULT: {"using":"xpath","value":"//span[contains(text(), \"External partner\")]"}
COMMAND: POST /session/3fdfcd34cc1ad0984bb83731bfb105d6/element/f.902B563C9587CBB3E624B0B064AC9B4C.d.378A3733C77CB1FDD5601A564E5998B2.e.3853/click - {}
RESULT: {}
RESULT: {}
RESULT: undefined
COMMAND: POST /session/3fdfcd34cc1ad0984bb83731bfb105d6/element - {"using":"xpath","value":"//*[@id=\"application-managepartners-display-component---NewPartner--partnerDetailsCurrency-arrow\"]"}
COMMAND: GET /session/3fdfcd34cc1ad0984bb83731bfb105d6/screenshot - {}
RESULT: {"using":"xpath","value":"//*[@id=\"application-managepartners-display-component---NewPartner--partnerDetailsCurrency-arrow\"]"}
COMMAND: POST /session/3fdfcd34cc1ad0984bb83731bfb105d6/element/f.902B563C9587CBB3E624B0B064AC9B4C.d.378A3733C77CB1FDD5601A564E5998B2.e.3858/click - {}
RESULT: {}
RESULT: {}
COMMAND: POST /session/3fdfcd34cc1ad0984bb83731bfb105d6/element - {"using":"xpath","value":"//span[contains(text(), \"US Dollar\")]"}
COMMAND: GET /session/3fdfcd34cc1ad0984bb83731bfb105d6/screenshot - {}
RESULT: {"using":"xpath","value":"//span[contains(text(), \"US Dollar\")]"}
COMMAND: POST /session/3fdfcd34cc1ad0984bb83731bfb105d6/element/f.902B563C9587CBB3E624B0B064AC9B4C.d.378A3733C77CB1FDD5601A564E5998B2.e.3859/click - {}
RESULT: {}
RESULT: {}
COMMAND: GET /session/3fdfcd34cc1ad0984bb83731bfb105d6/screenshot - {}
RESULT: {}
COMMAND: POST /session/3fdfcd34cc1ad0984bb83731bfb105d6/element - {"using":"xpath","value":"//input[@id=\"application-managepartners-display-component---NewPartner--companyCodeComboBox-inner\"]"}
RESULT: {"using":"xpath","value":"//input[@id=\"application-managepartners-display-component---NewPartner--companyCodeComboBox-inner\"]"}
COMMAND: POST /session/3fdfcd34cc1ad0984bb83731bfb105d6/element/f.902B563C9587CBB3E624B0B064AC9B4C.d.378A3733C77CB1FDD5601A564E5998B2.e.3702/clear - {}
RESULT: {}
COMMAND: POST /session/3fdfcd34cc1ad0984bb83731bfb105d6/element/f.902B563C9587CBB3E624B0B064AC9B4C.d.378A3733C77CB1FDD5601A564E5998B2.e.3702/value - {"text":"C002"}
COMMAND: GET /session/3fdfcd34cc1ad0984bb83731bfb105d6/screenshot - {}
RESULT: {"text":"C002"}
COMMAND: GET /session/3fdfcd34cc1ad0984bb83731bfb105d6/screenshot - {}
RESULT: {}
RESULT: {}
COMMAND: POST /session/3fdfcd34cc1ad0984bb83731bfb105d6/element - {"using":"xpath","value":"//li[.//span[text()= \"C002\"]]"}
RESULT: {"using":"xpath","value":"//li[.//span[text()= \"C002\"]]"}
COMMAND: POST /session/3fdfcd34cc1ad0984bb83731bfb105d6/element/f.902B563C9587CBB3E624B0B064AC9B4C.d.378A3733C77CB1FDD5601A564E5998B2.e.3863/click - {}
RESULT: {}
COMMAND: GET /session/3fdfcd34cc1ad0984bb83731bfb105d6/screenshot - {}
RESULT: {}
RESULT: undefined
COMMAND: POST /session/3fdfcd34cc1ad0984bb83731bfb105d6/element - {"using":"xpath","value":"//*[@id=\"application-managepartners-display-component---NewPartner--btnAddTableRow-img\"]"}
RESULT: {"using":"xpath","value":"//*[@id=\"application-managepartners-display-component---NewPartner--btnAddTableRow-img\"]"}
COMMAND: POST /session/3fdfcd34cc1ad0984bb83731bfb105d6/element/f.902B563C9587CBB3E624B0B064AC9B4C.d.378A3733C77CB1FDD5601A564E5998B2.e.3864/click - {}
RESULT: {}
COMMAND: GET /session/3fdfcd34cc1ad0984bb83731bfb105d6/screenshot - {}
COMMAND: POST /session/3fdfcd34cc1ad0984bb83731bfb105d6/element - {"using":"xpath","value":"//input[@id=\"application-managepartners-display-component---NewPartner--assignmentYard-application-managepartners-display-component---NewPartner--assignmentsTable-0-inner\"]"}
RESULT: {}
RESULT: {"using":"xpath","value":"//input[@id=\"application-managepartners-display-component---NewPartner--assignmentYard-application-managepartners-display-component---NewPartner--assignmentsTable-0-inner\"]"}
COMMAND: POST /session/3fdfcd34cc1ad0984bb83731bfb105d6/element/f.902B563C9587CBB3E624B0B064AC9B4C.d.378A3733C77CB1FDD5601A564E5998B2.e.3867/clear - {}
RESULT: {}
COMMAND: POST /session/3fdfcd34cc1ad0984bb83731bfb105d6/element/f.902B563C9587CBB3E624B0B064AC9B4C.d.378A3733C77CB1FDD5601A564E5998B2.e.3867/value - {"text":"332"}
COMMAND: GET /session/3fdfcd34cc1ad0984bb83731bfb105d6/screenshot - {}
RESULT: {"text":"332"}
COMMAND: GET /session/3fdfcd34cc1ad0984bb83731bfb105d6/screenshot - {}
RESULT: {}
RESULT: {}
COMMAND: POST /session/3fdfcd34cc1ad0984bb83731bfb105d6/element - {"using":"xpath","value":"//li[.//span[text()='332']]"}
RESULT: {"using":"xpath","value":"//li[.//span[text()='332']]"}
COMMAND: POST /session/3fdfcd34cc1ad0984bb83731bfb105d6/element/f.902B563C9587CBB3E624B0B064AC9B4C.d.378A3733C77CB1FDD5601A564E5998B2.e.3875/click - {}
RESULT: {}
COMMAND: GET /session/3fdfcd34cc1ad0984bb83731bfb105d6/screenshot - {}
RESULT: {}
COMMAND: POST /session/3fdfcd34cc1ad0984bb83731bfb105d6/actions - {"actions":[{"id":"action7","type":"key","parameters":{},"actions":[{"type":"keyDown","value":""},{"type":"pause","duration":10},{"type":"keyUp","value":""}]}]}
RESULT: {"actions":[{"id":"action7","type":"key","parameters":{},"actions":[{"type":"keyDown","value":""},{"type":"pause","duration":10},{"type":"keyUp","value":""}]}]}
COMMAND: POST /session/3fdfcd34cc1ad0984bb83731bfb105d6/element - {"using":"xpath","value":"//td[contains(@id, \"assignmentsTable-0-cell2\")]/div/div"}
COMMAND: GET /session/3fdfcd34cc1ad0984bb83731bfb105d6/screenshot - {}
RESULT: {"using":"xpath","value":"//td[contains(@id, \"assignmentsTable-0-cell2\")]/div/div"}
COMMAND: POST /session/3fdfcd34cc1ad0984bb83731bfb105d6/element/f.902B563C9587CBB3E624B0B064AC9B4C.d.378A3733C77CB1FDD5601A564E5998B2.e.3878/click - {}
RESULT: {}
RESULT: {}
COMMAND: GET /session/3fdfcd34cc1ad0984bb83731bfb105d6/screenshot - {}
RESULT: {}
COMMAND: POST /session/3fdfcd34cc1ad0984bb83731bfb105d6/element - {"using":"xpath","value":"//button[@data-kt=\"saveButton\"]"}
RESULT: {"using":"xpath","value":"//button[@data-kt=\"saveButton\"]"}
COMMAND: POST /session/3fdfcd34cc1ad0984bb83731bfb105d6/element/f.902B563C9587CBB3E624B0B064AC9B4C.d.378A3733C77CB1FDD5601A564E5998B2.e.3826/click - {}
RESULT: {}
COMMAND: GET /session/3fdfcd34cc1ad0984bb83731bfb105d6/screenshot - {}
RESULT: {}
COMMAND: POST /session/3fdfcd34cc1ad0984bb83731bfb105d6/element - {"using":"xpath","value":"//header[contains(@id, 'ObjectPageLayout-headerTitle')]/div[1]/div[2]/div[2]/span[1]"}
RESULT: {"using":"xpath","value":"//header[contains(@id, 'ObjectPageLayout-headerTitle')]/div[1]/div[2]/div[2]/span[1]"}
COMMAND: POST /session/3fdfcd34cc1ad0984bb83731bfb105d6/elements - {"using":"xpath","value":"//header[contains(@id, 'ObjectPageLayout-headerTitle')]/div[1]/div[2]/div[2]/span[1]"}
RESULT: {"using":"xpath","value":"//header[contains(@id, 'ObjectPageLayout-headerTitle')]/div[1]/div[2]/div[2]/span[1]"}
COMMAND: POST /session/3fdfcd34cc1ad0984bb83731bfb105d6/execute/sync - {"script":"<script> [56 bytes]","args":[{"element-6066-11e4-a52e-4f735466cecf":"f.902B563C9587CBB3E624B0B064AC9B4C.d.378A3733C77CB1FDD5601A564E5998B2.e.4038","ELEMENT":"f.902B563C9587CBB3E624B0B064AC9B4C.d.378A3733C77CB1FDD5601A564E5998B2.e.4038"}]}
RESULT: {"script":"<script> [56 bytes]","args":[{"element-6066-11e4-a52e-4f735466cecf":"f.902B563C9587CBB3E624B0B064AC9B4C.d.378A3733C77CB1FDD5601A564E5998B2.e.4038","ELEMENT":"f.902B563C9587CBB3E624B0B064AC9B4C.d.378A3733C77CB1FDD5601A564E5998B2.e.4038"}]}
COMMAND: POST /session/3fdfcd34cc1ad0984bb83731bfb105d6/element - {"using":"css selector","value":"#shell-header-logo"}
COMMAND: GET /session/3fdfcd34cc1ad0984bb83731bfb105d6/screenshot - {}
RESULT: {"using":"css selector","value":"#shell-header-logo"}
COMMAND: POST /session/3fdfcd34cc1ad0984bb83731bfb105d6/element/f.902B563C9587CBB3E624B0B064AC9B4C.d.378A3733C77CB1FDD5601A564E5998B2.e.3353/click - {}
RESULT: {}
RESULT: {}
COMMAND: GET /session/3fdfcd34cc1ad0984bb83731bfb105d6/screenshot - {}
RESULT: {}
COMMAND: POST /session/3fdfcd34cc1ad0984bb83731bfb105d6/execute/sync - {"script":"<script> [299 bytes]","args":[["getModel","getResource"]]}
RESULT: {"script":"<script> [299 bytes]","args":[["getModel","getResource"]]}
COMMAND: GET /session/3fdfcd34cc1ad0984bb83731bfb105d6/screenshot - {}
COMMAND: POST /session/3fdfcd34cc1ad0984bb83731bfb105d6/refresh - {}
RESULT: {}
RESULT: {}
COMMAND: GET /session/3fdfcd34cc1ad0984bb83731bfb105d6/screenshot - {}
RESULT: {}
COMMAND: POST /session/3fdfcd34cc1ad0984bb83731bfb105d6/refresh - {}
RESULT: {}
COMMAND: GET /session/3fdfcd34cc1ad0984bb83731bfb105d6/screenshot - {}
RESULT: {}
COMMAND: POST /session/3fdfcd34cc1ad0984bb83731bfb105d6/window/fullscreen - {}
RESULT: {}
COMMAND: POST /session/3fdfcd34cc1ad0984bb83731bfb105d6/execute/async - {"script":"<script> [189 bytes]","args":[]}
RESULT: {"script":"<script> [189 bytes]","args":[]}
COMMAND: POST /session/3fdfcd34cc1ad0984bb83731bfb105d6/execute/async - {"script":"<script> [123 bytes]","args":[]}
RESULT: {"script":"<script> [123 bytes]","args":[]}
COMMAND: POST /session/3fdfcd34cc1ad0984bb83731bfb105d6/timeouts - {"script":"<number>"}
RESULT: {"script":"<number>"}
COMMAND: GET /session/3fdfcd34cc1ad0984bb83731bfb105d6/timeouts - {}
RESULT: {}
RESULT: undefined
COMMAND: POST /session/3fdfcd34cc1ad0984bb83731bfb105d6/execute/async - {"script":"<script> [2676 bytes]","args":[]}
RESULT: {"script":"<script> [2676 bytes]","args":[]}
COMMAND: POST /session/3fdfcd34cc1ad0984bb83731bfb105d6/execute/async - {"script":"<script> [2342 bytes]","args":[{"protocol":"http","hostname":"0.0.0.0","path":"/","capabilities":{"browserName":"chrome","goog:chromeOptions":{"binary":"C:\\Program Files\\Google\\Chrome\\Application\\chrome.exe","args":["--start-maximized"]}},"logLevel":"warn","connectionRetryTimeout":120000,"connectionRetryCount":3,"logLevels":{},"enableDirectConnect":true,"strictSSL":true,"_":"65 more keys: [\"cacheDir\",\"port\",\"requestedCapabilities\",\"automationProtocol\",\"baseUrl\",\"waitforInterval\",\"waitforTimeout\",\"onReload\",\"beforeCommand\",\"afterCommand\",\"rootDir\",\"specs\",\"suites\",\"exclude\",\"groupLogsByTestSpec\",\"excludeDriverLogs\",\"bail\",\"framework\",\"reporters\",\"services\",\"maxInstances\",\"maxInstancesPerCapability\",\"injectGlobals\",\"filesToWatch\",\"execArgv\",\"runnerEnv\",\"runner\",\"shard\",\"specFileRetries\",\"specFileRetriesDelay\",\"specFileRetriesDeferred\",\"reporterSyncInterval\",\"reporterSyncTimeout\",\"cucumberFeaturesWithLineNumbers\",\"autoCompileOpts\",\"mochaOpts\",\"jasmineOpts\",\"cucumberOpts\",\"onPrepare\",\"onWorkerStart\",\"onWorkerEnd\",\"before\",\"beforeSession\",\"beforeSuite\",\"beforeHook\",\"beforeTest\",\"afterTest\",\"afterHook\",\"afterSuite\",\"afterSession\",\"after\",\"onComplete\",\"beforeAssertion\",\"afterAssertion\",\"beforeFeature\",\"beforeScenario\",\"beforeStep\",\"afterStep\",\"afterScenario\",\"afterFeature\",\"_\",\"suite\",\"$0\",\"ignoredWorkerServices\",\"wdi5\"]"}]}
RESULT: {"script":"<script> [2342 bytes]","args":[{"protocol":"http","hostname":"0.0.0.0","path":"/","capabilities":{"browserName":"chrome","goog:chromeOptions":{"binary":"C:\\Program Files\\Google\\Chrome\\Application\\chrome.exe","args":["--start-maximized"]}},"logLevel":"warn","connectionRetryTimeout":120000,"connectionRetryCount":3,"logLevels":{},"enableDirectConnect":true,"strictSSL":true,"_":"65 more keys: [\"cacheDir\",\"port\",\"requestedCapabilities\",\"automationProtocol\",\"baseUrl\",\"waitforInterval\",\"waitforTimeout\",\"onReload\",\"beforeCommand\",\"afterCommand\",\"rootDir\",\"specs\",\"suites\",\"exclude\",\"groupLogsByTestSpec\",\"excludeDriverLogs\",\"bail\",\"framework\",\"reporters\",\"services\",\"maxInstances\",\"maxInstancesPerCapability\",\"injectGlobals\",\"filesToWatch\",\"execArgv\",\"runnerEnv\",\"runner\",\"shard\",\"specFileRetries\",\"specFileRetriesDelay\",\"specFileRetriesDeferred\",\"reporterSyncInterval\",\"reporterSyncTimeout\",\"cucumberFeaturesWithLineNumbers\",\"autoCompileOpts\",\"mochaOpts\",\"jasmineOpts\",\"cucumberOpts\",\"onPrepare\",\"onWorkerStart\",\"onWorkerEnd\",\"before\",\"beforeSession\",\"beforeSuite\",\"beforeHook\",\"beforeTest\",\"afterTest\",\"afterHook\",\"afterSuite\",\"afterSession\",\"after\",\"onComplete\",\"beforeAssertion\",\"afterAssertion\",\"beforeFeature\",\"beforeScenario\",\"beforeStep\",\"afterStep\",\"afterScenario\",\"afterFeature\",\"_\",\"suite\",\"$0\",\"ignoredWorkerServices\",\"wdi5\"]"}]}
COMMAND: POST /session/3fdfcd34cc1ad0984bb83731bfb105d6/execute/async - {"script":"<script> [21126 bytes]","args":[35000]}
RESULT: {"script":"<script> [21126 bytes]","args":[35000]}
COMMAND: POST /session/3fdfcd34cc1ad0984bb83731bfb105d6/element - {"using":"css selector","value":"#shell-header-logo"}
RESULT: {"using":"css selector","value":"#shell-header-logo"}
COMMAND: POST /session/3fdfcd34cc1ad0984bb83731bfb105d6/element/f.902B563C9587CBB3E624B0B064AC9B4C.d.D3130B79872DEC9D6B466C6812A7F8D6.e.4186/click - {}
RESULT: {}
COMMAND: GET /session/3fdfcd34cc1ad0984bb83731bfb105d6/screenshot - {}
RESULT: {}
COMMAND: POST /session/3fdfcd34cc1ad0984bb83731bfb105d6/execute/async - {"script":"<script> [1562 bytes]","args":[{"selector":{"controlType":"sap.m.GenericTile","properties":{"header":"Manage Sites"}},"wdio_ui5_key":"sapm.GenericTile{\"header\":\"Manage Sites\"}"}]}
RESULT: {"script":"<script> [1562 bytes]","args":[{"selector":{"controlType":"sap.m.GenericTile","properties":{"header":"Manage Sites"}},"wdio_ui5_key":"sapm.GenericTile{\"header\":\"Manage Sites\"}"}]}
RESULT: undefined
COMMAND: POST /session/3fdfcd34cc1ad0984bb83731bfb105d6/element - {"using":"xpath","value":"//*[@id=\"__tile32\"]"}
RESULT: {"using":"xpath","value":"//*[@id=\"__tile32\"]"}
COMMAND: POST /session/3fdfcd34cc1ad0984bb83731bfb105d6/element/f.902B563C9587CBB3E624B0B064AC9B4C.d.D3130B79872DEC9D6B466C6812A7F8D6.e.4110/click - {}
RESULT: {}
COMMAND: GET /session/3fdfcd34cc1ad0984bb83731bfb105d6/screenshot - {}
RESULT: {}
COMMAND: POST /session/3fdfcd34cc1ad0984bb83731bfb105d6/elements - {"using":"xpath","value":"//span[text()='Error']"}
RESULT: {"using":"xpath","value":"//span[text()='Error']"}
]]></system-out>
    </testcase>
  </testsuite>
  <testsuite timestamp="2025-05-26T15:29:21" time="213.191" tests="2" failures="0" errors="0" skipped="0">
    <properties>
      <property name="specId" value="0"/>
      <property name="suiteName" value="Create 2 sites US118246"/>
      <property name="capabilities" value="chrome.136_0_7103_93.windows"/>
      <property name="file" value="file:///D:/a/1/s/test/specs/R2C/create-site.spec.js"/>
    </properties>
    <testcase classname="chrome.136_0_7103_93.windows.Create_2_sites_US118246" name="Should create new site" time="89.177">
      <system-out><![CDATA[
COMMAND: POST /session/3fdfcd34cc1ad0984bb83731bfb105d6/execute/async - {"script":"<script> [1562 bytes]","args":[{"selector":{"controlType":"sap.m.Title","viewName":"etm.portal.ui.managesites.view.Master","viewId":"application-managesites-display-component---masterSite","i18NText":{"propertyName":"text","key":"sites"}},"wdio_ui5_key":"etmportal.ui.managesites.view.Mastersap.m.Title{\"propertyName\":\"text\",\"key\":\"sites\"}"}]}
RESULT: {"script":"<script> [1562 bytes]","args":[{"selector":{"controlType":"sap.m.Title","viewName":"etm.portal.ui.managesites.view.Master","viewId":"application-managesites-display-component---masterSite","i18NText":{"propertyName":"text","key":"sites"}},"wdio_ui5_key":"etmportal.ui.managesites.view.Mastersap.m.Title{\"propertyName\":\"text\",\"key\":\"sites\"}"}]}
RESULT: undefined
COMMAND: POST /session/3fdfcd34cc1ad0984bb83731bfb105d6/execute/async - {"script":"<script> [6424 bytes]","args":[{"element-6066-11e4-a52e-4f735466cecf":"f.902B563C9587CBB3E624B0B064AC9B4C.d.D3130B79872DEC9D6B466C6812A7F8D6.e.4357"},"getText",[]]}
RESULT: {"script":"<script> [6424 bytes]","args":[{"element-6066-11e4-a52e-4f735466cecf":"f.902B563C9587CBB3E624B0B064AC9B4C.d.D3130B79872DEC9D6B466C6812A7F8D6.e.4357"},"getText",[]]}
COMMAND: POST /session/3fdfcd34cc1ad0984bb83731bfb105d6/execute/async - {"script":"<script> [1562 bytes]","args":[{"selector":{"controlType":"sap.ui.core.Icon","viewName":"etm.portal.ui.managesites.view.Master","viewId":"application-managesites-display-component---masterSite","properties":{"src":{"regex":{"source":"add"}}}},"wdio_ui5_key":"etmportal.ui.managesites.view.Mastersap.ui.core.Icon{\"src\":{\"regex\":{\"source\":\"add\"}}}"}]}
RESULT: {"script":"<script> [1562 bytes]","args":[{"selector":{"controlType":"sap.ui.core.Icon","viewName":"etm.portal.ui.managesites.view.Master","viewId":"application-managesites-display-component---masterSite","properties":{"src":{"regex":{"source":"add"}}}},"wdio_ui5_key":"etmportal.ui.managesites.view.Mastersap.ui.core.Icon{\"src\":{\"regex\":{\"source\":\"add\"}}}"}]}
RESULT: undefined
COMMAND: POST /session/3fdfcd34cc1ad0984bb83731bfb105d6/element - {"using":"xpath","value":"//*[@id=\"__button4-img\"]"}
RESULT: {"using":"xpath","value":"//*[@id=\"__button4-img\"]"}
COMMAND: POST /session/3fdfcd34cc1ad0984bb83731bfb105d6/element/f.902B563C9587CBB3E624B0B064AC9B4C.d.D3130B79872DEC9D6B466C6812A7F8D6.e.4233/click - {}
RESULT: {}
COMMAND: POST /session/3fdfcd34cc1ad0984bb83731bfb105d6/execute/async - {"script":"<script> [1562 bytes]","args":[{"selector":{"id":"application-managesites-display-component---NewSite--siteId","interaction":{"idSuffix":"inner"}},"wdio_ui5_key":"applicationmanagesites-display-component---NewSite--siteId"}]}
COMMAND: GET /session/3fdfcd34cc1ad0984bb83731bfb105d6/screenshot - {}
RESULT: {"script":"<script> [1562 bytes]","args":[{"selector":{"id":"application-managesites-display-component---NewSite--siteId","interaction":{"idSuffix":"inner"}},"wdio_ui5_key":"applicationmanagesites-display-component---NewSite--siteId"}]}
RESULT: undefined
COMMAND: POST /session/3fdfcd34cc1ad0984bb83731bfb105d6/execute/async - {"script":"<script> [1562 bytes]","args":[{"selector":{"id":"application-managesites-display-component---NewSite--addressDetailDetailsName1","interaction":{"idSuffix":"inner"}},"wdio_ui5_key":"applicationmanagesites-display-component---NewSite--addressDetailDetailsName1"}]}
RESULT: {}
RESULT: {"script":"<script> [1562 bytes]","args":[{"selector":{"id":"application-managesites-display-component---NewSite--addressDetailDetailsName1","interaction":{"idSuffix":"inner"}},"wdio_ui5_key":"applicationmanagesites-display-component---NewSite--addressDetailDetailsName1"}]}
RESULT: undefined
COMMAND: POST /session/3fdfcd34cc1ad0984bb83731bfb105d6/execute/async - {"script":"<script> [776 bytes]","args":[{"enterText":"Webdriver Site y9ypq","selector":{"id":"application-managesites-display-component---NewSite--addressDetailDetailsName1","interaction":{"idSuffix":"inner"}},"clearTextFirst":true,"interactionType":"ENTER_TEXT"}]}
RESULT: {"script":"<script> [776 bytes]","args":[{"enterText":"Webdriver Site y9ypq","selector":{"id":"application-managesites-display-component---NewSite--addressDetailDetailsName1","interaction":{"idSuffix":"inner"}},"clearTextFirst":true,"interactionType":"ENTER_TEXT"}]}
COMMAND: POST /session/3fdfcd34cc1ad0984bb83731bfb105d6/execute/async - {"script":"<script> [1562 bytes]","args":[{"selector":{"id":"application-managesites-display-component---NewSite--addressDetailDetailsLanguage","interaction":{"idSuffix":"inner"}},"wdio_ui5_key":"applicationmanagesites-display-component---NewSite--addressDetailDetailsLanguage"}]}
RESULT: {"script":"<script> [1562 bytes]","args":[{"selector":{"id":"application-managesites-display-component---NewSite--addressDetailDetailsLanguage","interaction":{"idSuffix":"inner"}},"wdio_ui5_key":"applicationmanagesites-display-component---NewSite--addressDetailDetailsLanguage"}]}
RESULT: undefined
COMMAND: POST /session/3fdfcd34cc1ad0984bb83731bfb105d6/execute/async - {"script":"<script> [776 bytes]","args":[{"enterText":"Romanian","selector":{"id":"application-managesites-display-component---NewSite--addressDetailDetailsLanguage","interaction":{"idSuffix":"inner"}},"clearTextFirst":true,"interactionType":"ENTER_TEXT"}]}
RESULT: {"script":"<script> [776 bytes]","args":[{"enterText":"Romanian","selector":{"id":"application-managesites-display-component---NewSite--addressDetailDetailsLanguage","interaction":{"idSuffix":"inner"}},"clearTextFirst":true,"interactionType":"ENTER_TEXT"}]}
COMMAND: POST /session/3fdfcd34cc1ad0984bb83731bfb105d6/execute/async - {"script":"<script> [1562 bytes]","args":[{"selector":{"id":"application-managesites-display-component---NewSite--addressDetailDetailsCity1","interaction":{"idSuffix":"inner"}},"wdio_ui5_key":"applicationmanagesites-display-component---NewSite--addressDetailDetailsCity1"}]}
RESULT: {"script":"<script> [1562 bytes]","args":[{"selector":{"id":"application-managesites-display-component---NewSite--addressDetailDetailsCity1","interaction":{"idSuffix":"inner"}},"wdio_ui5_key":"applicationmanagesites-display-component---NewSite--addressDetailDetailsCity1"}]}
RESULT: undefined
COMMAND: POST /session/3fdfcd34cc1ad0984bb83731bfb105d6/execute/async - {"script":"<script> [776 bytes]","args":[{"enterText":"Bucharest","selector":{"id":"application-managesites-display-component---NewSite--addressDetailDetailsCity1","interaction":{"idSuffix":"inner"}},"clearTextFirst":true,"interactionType":"ENTER_TEXT"}]}
RESULT: {"script":"<script> [776 bytes]","args":[{"enterText":"Bucharest","selector":{"id":"application-managesites-display-component---NewSite--addressDetailDetailsCity1","interaction":{"idSuffix":"inner"}},"clearTextFirst":true,"interactionType":"ENTER_TEXT"}]}
COMMAND: POST /session/3fdfcd34cc1ad0984bb83731bfb105d6/execute/async - {"script":"<script> [1562 bytes]","args":[{"selector":{"id":"application-managesites-display-component---NewSite--addressDetailDetailsCountry","interaction":{"idSuffix":"inner"}},"wdio_ui5_key":"applicationmanagesites-display-component---NewSite--addressDetailDetailsCountry"}]}
RESULT: {"script":"<script> [1562 bytes]","args":[{"selector":{"id":"application-managesites-display-component---NewSite--addressDetailDetailsCountry","interaction":{"idSuffix":"inner"}},"wdio_ui5_key":"applicationmanagesites-display-component---NewSite--addressDetailDetailsCountry"}]}
RESULT: undefined
COMMAND: POST /session/3fdfcd34cc1ad0984bb83731bfb105d6/execute/async - {"script":"<script> [776 bytes]","args":[{"enterText":"Romania","selector":{"id":"application-managesites-display-component---NewSite--addressDetailDetailsCountry","interaction":{"idSuffix":"inner"}},"clearTextFirst":true,"interactionType":"ENTER_TEXT"}]}
RESULT: {"script":"<script> [776 bytes]","args":[{"enterText":"Romania","selector":{"id":"application-managesites-display-component---NewSite--addressDetailDetailsCountry","interaction":{"idSuffix":"inner"}},"clearTextFirst":true,"interactionType":"ENTER_TEXT"}]}
COMMAND: POST /session/3fdfcd34cc1ad0984bb83731bfb105d6/execute/async - {"script":"<script> [1562 bytes]","args":[{"selector":{"id":"application-managesites-display-component---NewSite--addressDetailDetailsCalendar","interaction":{"idSuffix":"inner"}},"wdio_ui5_key":"applicationmanagesites-display-component---NewSite--addressDetailDetailsCalendar"}]}
RESULT: {"script":"<script> [1562 bytes]","args":[{"selector":{"id":"application-managesites-display-component---NewSite--addressDetailDetailsCalendar","interaction":{"idSuffix":"inner"}},"wdio_ui5_key":"applicationmanagesites-display-component---NewSite--addressDetailDetailsCalendar"}]}
RESULT: undefined
COMMAND: POST /session/3fdfcd34cc1ad0984bb83731bfb105d6/execute/async - {"script":"<script> [776 bytes]","args":[{"enterText":"Germany","selector":{"id":"application-managesites-display-component---NewSite--addressDetailDetailsCalendar","interaction":{"idSuffix":"inner"}},"clearTextFirst":true,"interactionType":"ENTER_TEXT"}]}
RESULT: {"script":"<script> [776 bytes]","args":[{"enterText":"Germany","selector":{"id":"application-managesites-display-component---NewSite--addressDetailDetailsCalendar","interaction":{"idSuffix":"inner"}},"clearTextFirst":true,"interactionType":"ENTER_TEXT"}]}
COMMAND: POST /session/3fdfcd34cc1ad0984bb83731bfb105d6/execute/async - {"script":"<script> [1562 bytes]","args":[{"selector":{"id":"application-managesites-display-component---NewSite--addressEditDetailsCostObjectCstType-arrow"},"wdio_ui5_key":"applicationmanagesites-display-component---NewSite--addressEditDetailsCostObjectCstType-arrow"}]}
RESULT: {"script":"<script> [1562 bytes]","args":[{"selector":{"id":"application-managesites-display-component---NewSite--addressEditDetailsCostObjectCstType-arrow"},"wdio_ui5_key":"applicationmanagesites-display-component---NewSite--addressEditDetailsCostObjectCstType-arrow"}]}
RESULT: undefined
COMMAND: POST /session/3fdfcd34cc1ad0984bb83731bfb105d6/element - {"using":"xpath","value":"//*[@id=\"application-managesites-display-component---NewSite--addressEditDetailsCostObjectCstType-arrow\"]"}
RESULT: {"using":"xpath","value":"//*[@id=\"application-managesites-display-component---NewSite--addressEditDetailsCostObjectCstType-arrow\"]"}
COMMAND: POST /session/3fdfcd34cc1ad0984bb83731bfb105d6/element/f.902B563C9587CBB3E624B0B064AC9B4C.d.D3130B79872DEC9D6B466C6812A7F8D6.e.4629/click - {}
RESULT: {}
COMMAND: POST /session/3fdfcd34cc1ad0984bb83731bfb105d6/element - {"using":"xpath","value":"//span[contains(text(), \"Work Breakdown Structure\")]"}
COMMAND: GET /session/3fdfcd34cc1ad0984bb83731bfb105d6/screenshot - {}
RESULT: {"using":"xpath","value":"//span[contains(text(), \"Work Breakdown Structure\")]"}
COMMAND: POST /session/3fdfcd34cc1ad0984bb83731bfb105d6/element/f.902B563C9587CBB3E624B0B064AC9B4C.d.D3130B79872DEC9D6B466C6812A7F8D6.e.4631/click - {}
RESULT: {}
RESULT: {}
COMMAND: GET /session/3fdfcd34cc1ad0984bb83731bfb105d6/screenshot - {}
RESULT: {}
COMMAND: POST /session/3fdfcd34cc1ad0984bb83731bfb105d6/execute/async - {"script":"<script> [1562 bytes]","args":[{"selector":{"id":"application-managesites-display-component---NewSite--addressNewCostObjectCstID-vhi"},"wdio_ui5_key":"applicationmanagesites-display-component---NewSite--addressNewCostObjectCstID-vhi"}]}
RESULT: {"script":"<script> [1562 bytes]","args":[{"selector":{"id":"application-managesites-display-component---NewSite--addressNewCostObjectCstID-vhi"},"wdio_ui5_key":"applicationmanagesites-display-component---NewSite--addressNewCostObjectCstID-vhi"}]}
RESULT: undefined
COMMAND: POST /session/3fdfcd34cc1ad0984bb83731bfb105d6/element - {"using":"xpath","value":"//*[@id=\"application-managesites-display-component---NewSite--addressNewCostObjectCstID-vhi\"]"}
RESULT: {"using":"xpath","value":"//*[@id=\"application-managesites-display-component---NewSite--addressNewCostObjectCstID-vhi\"]"}
COMMAND: POST /session/3fdfcd34cc1ad0984bb83731bfb105d6/element/f.902B563C9587CBB3E624B0B064AC9B4C.d.D3130B79872DEC9D6B466C6812A7F8D6.e.4635/click - {}
RESULT: {}
COMMAND: GET /session/3fdfcd34cc1ad0984bb83731bfb105d6/screenshot - {}
RESULT: {}
COMMAND: POST /session/3fdfcd34cc1ad0984bb83731bfb105d6/execute/async - {"script":"<script> [1562 bytes]","args":[{"selector":{"controlType":"sap.m.SearchField","properties":{"placeholder":"Search"},"searchOpenDialogs":true,"interaction":{"idSuffix":"I"}},"wdio_ui5_key":"sapm.SearchField{\"placeholder\":\"Search\"}"}]}
RESULT: {"script":"<script> [1562 bytes]","args":[{"selector":{"controlType":"sap.m.SearchField","properties":{"placeholder":"Search"},"searchOpenDialogs":true,"interaction":{"idSuffix":"I"}},"wdio_ui5_key":"sapm.SearchField{\"placeholder\":\"Search\"}"}]}
RESULT: undefined
COMMAND: POST /session/3fdfcd34cc1ad0984bb83731bfb105d6/execute/async - {"script":"<script> [776 bytes]","args":[{"enterText":"A1-000100-01","selector":{"controlType":"sap.m.SearchField","properties":{"placeholder":"Search"},"searchOpenDialogs":true,"interaction":{"idSuffix":"I"}},"clearTextFirst":true,"interactionType":"ENTER_TEXT"}]}
RESULT: {"script":"<script> [776 bytes]","args":[{"enterText":"A1-000100-01","selector":{"controlType":"sap.m.SearchField","properties":{"placeholder":"Search"},"searchOpenDialogs":true,"interaction":{"idSuffix":"I"}},"clearTextFirst":true,"interactionType":"ENTER_TEXT"}]}
COMMAND: POST /session/3fdfcd34cc1ad0984bb83731bfb105d6/actions - {"actions":[{"id":"action8","type":"key","parameters":{},"actions":[{"type":"keyDown","value":""},{"type":"pause","duration":10},{"type":"keyUp","value":""}]}]}
RESULT: {"actions":[{"id":"action8","type":"key","parameters":{},"actions":[{"type":"keyDown","value":""},{"type":"pause","duration":10},{"type":"keyUp","value":""}]}]}
COMMAND: GET /session/3fdfcd34cc1ad0984bb83731bfb105d6/screenshot - {}
RESULT: {}
COMMAND: POST /session/3fdfcd34cc1ad0984bb83731bfb105d6/element - {"using":"xpath","value":"//span[contains(text(), \"Template for ETO-Process\")]"}
RESULT: {"using":"xpath","value":"//span[contains(text(), \"Template for ETO-Process\")]"}
COMMAND: POST /session/3fdfcd34cc1ad0984bb83731bfb105d6/element/f.902B563C9587CBB3E624B0B064AC9B4C.d.D3130B79872DEC9D6B466C6812A7F8D6.e.4656/click - {}
RESULT: {}
COMMAND: GET /session/3fdfcd34cc1ad0984bb83731bfb105d6/screenshot - {}
RESULT: {}
COMMAND: POST /session/3fdfcd34cc1ad0984bb83731bfb105d6/element - {"using":"xpath","value":"//bdi[contains(text(), \"OK\")]"}
RESULT: {"using":"xpath","value":"//bdi[contains(text(), \"OK\")]"}
COMMAND: POST /session/3fdfcd34cc1ad0984bb83731bfb105d6/element/f.902B563C9587CBB3E624B0B064AC9B4C.d.D3130B79872DEC9D6B466C6812A7F8D6.e.4657/click - {}
RESULT: {}
COMMAND: GET /session/3fdfcd34cc1ad0984bb83731bfb105d6/screenshot - {}
RESULT: {}
COMMAND: POST /session/3fdfcd34cc1ad0984bb83731bfb105d6/element - {"using":"xpath","value":"//input[@id=\"application-managesites-display-component---NewSite--addressDetailDetailsYard-inner\"]"}
RESULT: {"using":"xpath","value":"//input[@id=\"application-managesites-display-component---NewSite--addressDetailDetailsYard-inner\"]"}
COMMAND: POST /session/3fdfcd34cc1ad0984bb83731bfb105d6/element/f.902B563C9587CBB3E624B0B064AC9B4C.d.D3130B79872DEC9D6B466C6812A7F8D6.e.4422/value - {"text":"330"}
RESULT: {"text":"330"}
COMMAND: GET /session/3fdfcd34cc1ad0984bb83731bfb105d6/screenshot - {}
RESULT: {}
COMMAND: POST /session/3fdfcd34cc1ad0984bb83731bfb105d6/actions - {"actions":[{"id":"action9","type":"key","parameters":{},"actions":[{"type":"keyDown","value":""},{"type":"pause","duration":10},{"type":"keyUp","value":""}]}]}
RESULT: {"actions":[{"id":"action9","type":"key","parameters":{},"actions":[{"type":"keyDown","value":""},{"type":"pause","duration":10},{"type":"keyUp","value":""}]}]}
COMMAND: GET /session/3fdfcd34cc1ad0984bb83731bfb105d6/screenshot - {}
RESULT: {}
COMMAND: POST /session/3fdfcd34cc1ad0984bb83731bfb105d6/element - {"using":"xpath","value":"//input[@id=\"application-managesites-display-component---NewSite--addressDetailDetailsPartner-inner\"]"}
RESULT: {"using":"xpath","value":"//input[@id=\"application-managesites-display-component---NewSite--addressDetailDetailsPartner-inner\"]"}
COMMAND: POST /session/3fdfcd34cc1ad0984bb83731bfb105d6/elements - {"using":"xpath","value":"//input[@id=\"application-managesites-display-component---NewSite--addressDetailDetailsPartner-inner\"]"}
RESULT: {"using":"xpath","value":"//input[@id=\"application-managesites-display-component---NewSite--addressDetailDetailsPartner-inner\"]"}
COMMAND: POST /session/3fdfcd34cc1ad0984bb83731bfb105d6/execute/async - {"script":"<script> [1562 bytes]","args":[{"selector":{"controlType":"sap.m.Button","viewName":"etm.portal.ui.managesites.view.NewSmartSite","viewId":"application-managesites-display-component---NewSite","properties":{"text":"Commercial"},"interaction":{"idSuffix":"BDI-content"}},"wdio_ui5_key":"etmportal.ui.managesites.view.NewSmartSitesap.m.Button{\"text\":\"Commercial\"}"}]}
RESULT: {"script":"<script> [1562 bytes]","args":[{"selector":{"controlType":"sap.m.Button","viewName":"etm.portal.ui.managesites.view.NewSmartSite","viewId":"application-managesites-display-component---NewSite","properties":{"text":"Commercial"},"interaction":{"idSuffix":"BDI-content"}},"wdio_ui5_key":"etmportal.ui.managesites.view.NewSmartSitesap.m.Button{\"text\":\"Commercial\"}"}]}
RESULT: undefined
COMMAND: POST /session/3fdfcd34cc1ad0984bb83731bfb105d6/element - {"using":"xpath","value":"//*[@id=\"application-managesites-display-component---NewSite--ObjectPageLayout-anchBar-__section5-anchor\"]"}
RESULT: {"using":"xpath","value":"//*[@id=\"application-managesites-display-component---NewSite--ObjectPageLayout-anchBar-__section5-anchor\"]"}
COMMAND: POST /session/3fdfcd34cc1ad0984bb83731bfb105d6/element/f.902B563C9587CBB3E624B0B064AC9B4C.d.D3130B79872DEC9D6B466C6812A7F8D6.e.4664/click - {}
RESULT: {}
COMMAND: POST /session/3fdfcd34cc1ad0984bb83731bfb105d6/execute/async - {"script":"<script> [1562 bytes]","args":[{"selector":{"controlType":"sap.m.Button","viewName":"etm.portal.ui.managesites.view.NewSmartSite","viewId":"application-managesites-display-component---NewSite","i18NText":{"propertyName":"text","key":"save"},"interaction":{"idSuffix":"BDI-content"}},"wdio_ui5_key":"etmportal.ui.managesites.view.NewSmartSitesap.m.Button{\"propertyName\":\"text\",\"key\":\"save\"}"}]}
COMMAND: GET /session/3fdfcd34cc1ad0984bb83731bfb105d6/screenshot - {}
RESULT: {"script":"<script> [1562 bytes]","args":[{"selector":{"controlType":"sap.m.Button","viewName":"etm.portal.ui.managesites.view.NewSmartSite","viewId":"application-managesites-display-component---NewSite","i18NText":{"propertyName":"text","key":"save"},"interaction":{"idSuffix":"BDI-content"}},"wdio_ui5_key":"etmportal.ui.managesites.view.NewSmartSitesap.m.Button{\"propertyName\":\"text\",\"key\":\"save\"}"}]}
RESULT: undefined
COMMAND: POST /session/3fdfcd34cc1ad0984bb83731bfb105d6/element - {"using":"xpath","value":"//*[@id=\"__button16\"]"}
RESULT: {}
RESULT: {"using":"xpath","value":"//*[@id=\"__button16\"]"}
COMMAND: POST /session/3fdfcd34cc1ad0984bb83731bfb105d6/element/f.902B563C9587CBB3E624B0B064AC9B4C.d.D3130B79872DEC9D6B466C6812A7F8D6.e.4616/click - {}
RESULT: {}
COMMAND: GET /session/3fdfcd34cc1ad0984bb83731bfb105d6/screenshot - {}
COMMAND: POST /session/3fdfcd34cc1ad0984bb83731bfb105d6/execute/async - {"script":"<script> [1562 bytes]","args":[{"selector":{"id":"application-managesites-display-component---detailSite--addressDetailDetailsYardText"},"wdio_ui5_key":"applicationmanagesites-display-component---detailSite--addressDetailDetailsYardText"}]}
RESULT: {}
RESULT: {"script":"<script> [1562 bytes]","args":[{"selector":{"id":"application-managesites-display-component---detailSite--addressDetailDetailsYardText"},"wdio_ui5_key":"applicationmanagesites-display-component---detailSite--addressDetailDetailsYardText"}]}
RESULT: undefined
COMMAND: POST /session/3fdfcd34cc1ad0984bb83731bfb105d6/element - {"using":"xpath","value":"//header/div/div[2]/div[2]/span"}
RESULT: {"using":"xpath","value":"//header/div/div[2]/div[2]/span"}
COMMAND: GET /session/3fdfcd34cc1ad0984bb83731bfb105d6/element/f.902B563C9587CBB3E624B0B064AC9B4C.d.D3130B79872DEC9D6B466C6812A7F8D6.e.4875/text - {}
RESULT: {}
COMMAND: POST /session/3fdfcd34cc1ad0984bb83731bfb105d6/execute/async - {"script":"<script> [1562 bytes]","args":[{"selector":{"controlType":"sap.m.Label","viewName":"etm.portal.ui.managesites.view.Detail","viewId":"application-managesites-display-component---detailSite","i18NText":{"propertyName":"text","key":"status"}},"wdio_ui5_key":"etmportal.ui.managesites.view.Detailsap.m.Label{\"propertyName\":\"text\",\"key\":\"status\"}"}]}
RESULT: {"script":"<script> [1562 bytes]","args":[{"selector":{"controlType":"sap.m.Label","viewName":"etm.portal.ui.managesites.view.Detail","viewId":"application-managesites-display-component---detailSite","i18NText":{"propertyName":"text","key":"status"}},"wdio_ui5_key":"etmportal.ui.managesites.view.Detailsap.m.Label{\"propertyName\":\"text\",\"key\":\"status\"}"}]}
RESULT: undefined
COMMAND: POST /session/3fdfcd34cc1ad0984bb83731bfb105d6/execute/async - {"script":"<script> [6424 bytes]","args":[{"element-6066-11e4-a52e-4f735466cecf":"f.902B563C9587CBB3E624B0B064AC9B4C.d.D3130B79872DEC9D6B466C6812A7F8D6.e.4862"},"getText",[]]}
RESULT: {"script":"<script> [6424 bytes]","args":[{"element-6066-11e4-a52e-4f735466cecf":"f.902B563C9587CBB3E624B0B064AC9B4C.d.D3130B79872DEC9D6B466C6812A7F8D6.e.4862"},"getText",[]]}
]]></system-out>
    </testcase>
    <testcase classname="chrome.136_0_7103_93.windows.Create_2_sites_US118246" name="Should create WHM site" time="66.392">
      <system-out><![CDATA[
RESULT: undefined
COMMAND: POST /session/3fdfcd34cc1ad0984bb83731bfb105d6/element - {"using":"xpath","value":"//*[@id=\"__button4-img\"]"}
RESULT: {"using":"xpath","value":"//*[@id=\"__button4-img\"]"}
COMMAND: POST /session/3fdfcd34cc1ad0984bb83731bfb105d6/element/f.902B563C9587CBB3E624B0B064AC9B4C.d.D3130B79872DEC9D6B466C6812A7F8D6.e.4876/click - {}
RESULT: {}
COMMAND: GET /session/3fdfcd34cc1ad0984bb83731bfb105d6/screenshot - {}
RESULT: {}
RESULT: undefined
COMMAND: POST /session/3fdfcd34cc1ad0984bb83731bfb105d6/execute/async - {"script":"<script> [1562 bytes]","args":[{"selector":{"controlType":"sap.m.Button","viewName":"etm.portal.ui.managesites.view.NewSmartSite","viewId":"application-managesites-display-component---NewSite","properties":{"text":"General Information"},"interaction":{"idSuffix":"BDI-content"}},"wdio_ui5_key":"etmportal.ui.managesites.view.NewSmartSitesap.m.Button{\"text\":\"General Information\"}"}]}
RESULT: {"script":"<script> [1562 bytes]","args":[{"selector":{"controlType":"sap.m.Button","viewName":"etm.portal.ui.managesites.view.NewSmartSite","viewId":"application-managesites-display-component---NewSite","properties":{"text":"General Information"},"interaction":{"idSuffix":"BDI-content"}},"wdio_ui5_key":"etmportal.ui.managesites.view.NewSmartSitesap.m.Button{\"text\":\"General Information\"}"}]}
RESULT: undefined
COMMAND: POST /session/3fdfcd34cc1ad0984bb83731bfb105d6/element - {"using":"xpath","value":"//*[@id=\"application-managesites-display-component---NewSite--ObjectPageLayout-anchBar-__section3-anchor\"]"}
RESULT: {"using":"xpath","value":"//*[@id=\"application-managesites-display-component---NewSite--ObjectPageLayout-anchBar-__section3-anchor\"]"}
COMMAND: POST /session/3fdfcd34cc1ad0984bb83731bfb105d6/element/f.902B563C9587CBB3E624B0B064AC9B4C.d.D3130B79872DEC9D6B466C6812A7F8D6.e.5056/click - {}
RESULT: {}
RESULT: undefined
COMMAND: POST /session/3fdfcd34cc1ad0984bb83731bfb105d6/execute/async - {"script":"<script> [776 bytes]","args":[{"enterText":"Webdriver WHM Site amda2","selector":{"id":"application-managesites-display-component---NewSite--addressDetailDetailsName1","interaction":{"idSuffix":"inner"}},"clearTextFirst":true,"interactionType":"ENTER_TEXT"}]}
COMMAND: GET /session/3fdfcd34cc1ad0984bb83731bfb105d6/screenshot - {}
RESULT: {"script":"<script> [776 bytes]","args":[{"enterText":"Webdriver WHM Site amda2","selector":{"id":"application-managesites-display-component---NewSite--addressDetailDetailsName1","interaction":{"idSuffix":"inner"}},"clearTextFirst":true,"interactionType":"ENTER_TEXT"}]}
RESULT: {}
RESULT: undefined
COMMAND: POST /session/3fdfcd34cc1ad0984bb83731bfb105d6/execute/async - {"script":"<script> [776 bytes]","args":[{"enterText":"Romanian","selector":{"id":"application-managesites-display-component---NewSite--addressDetailDetailsLanguage","interaction":{"idSuffix":"inner"}},"clearTextFirst":true,"interactionType":"ENTER_TEXT"}]}
RESULT: {"script":"<script> [776 bytes]","args":[{"enterText":"Romanian","selector":{"id":"application-managesites-display-component---NewSite--addressDetailDetailsLanguage","interaction":{"idSuffix":"inner"}},"clearTextFirst":true,"interactionType":"ENTER_TEXT"}]}
COMMAND: POST /session/3fdfcd34cc1ad0984bb83731bfb105d6/actions - {"actions":[{"id":"action10","type":"key","parameters":{},"actions":[{"type":"keyDown","value":""},{"type":"pause","duration":10},{"type":"keyUp","value":""}]}]}
RESULT: {"actions":[{"id":"action10","type":"key","parameters":{},"actions":[{"type":"keyDown","value":""},{"type":"pause","duration":10},{"type":"keyUp","value":""}]}]}
RESULT: undefined
COMMAND: POST /session/3fdfcd34cc1ad0984bb83731bfb105d6/execute/async - {"script":"<script> [776 bytes]","args":[{"enterText":"Bucharest","selector":{"id":"application-managesites-display-component---NewSite--addressDetailDetailsCity1","interaction":{"idSuffix":"inner"}},"clearTextFirst":true,"interactionType":"ENTER_TEXT"}]}
COMMAND: GET /session/3fdfcd34cc1ad0984bb83731bfb105d6/screenshot - {}
RESULT: {"script":"<script> [776 bytes]","args":[{"enterText":"Bucharest","selector":{"id":"application-managesites-display-component---NewSite--addressDetailDetailsCity1","interaction":{"idSuffix":"inner"}},"clearTextFirst":true,"interactionType":"ENTER_TEXT"}]}
RESULT: {}
COMMAND: POST /session/3fdfcd34cc1ad0984bb83731bfb105d6/actions - {"actions":[{"id":"action11","type":"key","parameters":{},"actions":[{"type":"keyDown","value":""},{"type":"pause","duration":10},{"type":"keyUp","value":""}]}]}
RESULT: {"actions":[{"id":"action11","type":"key","parameters":{},"actions":[{"type":"keyDown","value":""},{"type":"pause","duration":10},{"type":"keyUp","value":""}]}]}
RESULT: undefined
COMMAND: POST /session/3fdfcd34cc1ad0984bb83731bfb105d6/execute/async - {"script":"<script> [6424 bytes]","args":[{"element-6066-11e4-a52e-4f735466cecf":"f.902B563C9587CBB3E624B0B064AC9B4C.d.D3130B79872DEC9D6B466C6812A7F8D6.e.4411"},"setValue",["Romania"]]}
COMMAND: GET /session/3fdfcd34cc1ad0984bb83731bfb105d6/screenshot - {}
COMMAND: POST /session/3fdfcd34cc1ad0984bb83731bfb105d6/execute/async - {"script":"<script> [1562 bytes]","args":[{"selector":{"id":"application-managesites-display-component---NewSite--addressDetailDetailsCountry","interaction":{"idSuffix":"inner"}},"wdio_ui5_key":"applicationmanagesites-display-component---NewSite--addressDetailDetailsCountry"}]}
RESULT: {}
RESULT: {"script":"<script> [1562 bytes]","args":[{"selector":{"id":"application-managesites-display-component---NewSite--addressDetailDetailsCountry","interaction":{"idSuffix":"inner"}},"wdio_ui5_key":"applicationmanagesites-display-component---NewSite--addressDetailDetailsCountry"}]}
COMMAND: POST /session/3fdfcd34cc1ad0984bb83731bfb105d6/execute/async - {"script":"<script> [6424 bytes]","args":[{"element-6066-11e4-a52e-4f735466cecf":"f.902B563C9587CBB3E624B0B064AC9B4C.d.D3130B79872DEC9D6B466C6812A7F8D6.e.4928"},"setValue",["Romania"]]}
RESULT: {"script":"<script> [6424 bytes]","args":[{"element-6066-11e4-a52e-4f735466cecf":"f.902B563C9587CBB3E624B0B064AC9B4C.d.D3130B79872DEC9D6B466C6812A7F8D6.e.4928"},"setValue",["Romania"]]}
COMMAND: POST /session/3fdfcd34cc1ad0984bb83731bfb105d6/actions - {"actions":[{"id":"action12","type":"key","parameters":{},"actions":[{"type":"keyDown","value":""},{"type":"pause","duration":10},{"type":"keyUp","value":""}]}]}
RESULT: {"actions":[{"id":"action12","type":"key","parameters":{},"actions":[{"type":"keyDown","value":""},{"type":"pause","duration":10},{"type":"keyUp","value":""}]}]}
RESULT: undefined
COMMAND: POST /session/3fdfcd34cc1ad0984bb83731bfb105d6/execute/async - {"script":"<script> [776 bytes]","args":[{"enterText":"Germany","selector":{"id":"application-managesites-display-component---NewSite--addressDetailDetailsCalendar","interaction":{"idSuffix":"inner"}},"clearTextFirst":true,"interactionType":"ENTER_TEXT"}]}
COMMAND: GET /session/3fdfcd34cc1ad0984bb83731bfb105d6/screenshot - {}
RESULT: {"script":"<script> [776 bytes]","args":[{"enterText":"Germany","selector":{"id":"application-managesites-display-component---NewSite--addressDetailDetailsCalendar","interaction":{"idSuffix":"inner"}},"clearTextFirst":true,"interactionType":"ENTER_TEXT"}]}
RESULT: {}
COMMAND: POST /session/3fdfcd34cc1ad0984bb83731bfb105d6/actions - {"actions":[{"id":"action13","type":"key","parameters":{},"actions":[{"type":"keyDown","value":""},{"type":"pause","duration":10},{"type":"keyUp","value":""}]}]}
RESULT: {"actions":[{"id":"action13","type":"key","parameters":{},"actions":[{"type":"keyDown","value":""},{"type":"pause","duration":10},{"type":"keyUp","value":""}]}]}
COMMAND: POST /session/3fdfcd34cc1ad0984bb83731bfb105d6/execute/async - {"script":"<script> [1562 bytes]","args":[{"selector":{"id":"application-managesites-display-component---NewSite--addressEditDetailsCostObjectCstType","interaction":{"idSuffix":"inner"}},"wdio_ui5_key":"applicationmanagesites-display-component---NewSite--addressEditDetailsCostObjectCstType"}]}
COMMAND: GET /session/3fdfcd34cc1ad0984bb83731bfb105d6/screenshot - {}
RESULT: {"script":"<script> [1562 bytes]","args":[{"selector":{"id":"application-managesites-display-component---NewSite--addressEditDetailsCostObjectCstType","interaction":{"idSuffix":"inner"}},"wdio_ui5_key":"applicationmanagesites-display-component---NewSite--addressEditDetailsCostObjectCstType"}]}
RESULT: undefined
COMMAND: POST /session/3fdfcd34cc1ad0984bb83731bfb105d6/execute/async - {"script":"<script> [776 bytes]","args":[{"enterText":"Cost","selector":{"id":"application-managesites-display-component---NewSite--addressEditDetailsCostObjectCstType","interaction":{"idSuffix":"inner"}},"clearTextFirst":true,"interactionType":"ENTER_TEXT"}]}
RESULT: {}
RESULT: {"script":"<script> [776 bytes]","args":[{"enterText":"Cost","selector":{"id":"application-managesites-display-component---NewSite--addressEditDetailsCostObjectCstType","interaction":{"idSuffix":"inner"}},"clearTextFirst":true,"interactionType":"ENTER_TEXT"}]}
COMMAND: POST /session/3fdfcd34cc1ad0984bb83731bfb105d6/actions - {"actions":[{"id":"action14","type":"key","parameters":{},"actions":[{"type":"keyDown","value":""},{"type":"pause","duration":10},{"type":"keyUp","value":""}]}]}
RESULT: {"actions":[{"id":"action14","type":"key","parameters":{},"actions":[{"type":"keyDown","value":""},{"type":"pause","duration":10},{"type":"keyUp","value":""}]}]}
COMMAND: POST /session/3fdfcd34cc1ad0984bb83731bfb105d6/execute/async - {"script":"<script> [1562 bytes]","args":[{"selector":{"id":"application-managesites-display-component---NewSite--addressNewCostObjectCstID","interaction":{"idSuffix":"inner"}},"wdio_ui5_key":"applicationmanagesites-display-component---NewSite--addressNewCostObjectCstID"}]}
COMMAND: GET /session/3fdfcd34cc1ad0984bb83731bfb105d6/screenshot - {}
RESULT: {"script":"<script> [1562 bytes]","args":[{"selector":{"id":"application-managesites-display-component---NewSite--addressNewCostObjectCstID","interaction":{"idSuffix":"inner"}},"wdio_ui5_key":"applicationmanagesites-display-component---NewSite--addressNewCostObjectCstID"}]}
RESULT: undefined
COMMAND: POST /session/3fdfcd34cc1ad0984bb83731bfb105d6/execute/async - {"script":"<script> [776 bytes]","args":[{"enterText":"1001","selector":{"id":"application-managesites-display-component---NewSite--addressNewCostObjectCstID","interaction":{"idSuffix":"inner"}},"clearTextFirst":true,"interactionType":"ENTER_TEXT"}]}
RESULT: {}
RESULT: {"script":"<script> [776 bytes]","args":[{"enterText":"1001","selector":{"id":"application-managesites-display-component---NewSite--addressNewCostObjectCstID","interaction":{"idSuffix":"inner"}},"clearTextFirst":true,"interactionType":"ENTER_TEXT"}]}
COMMAND: POST /session/3fdfcd34cc1ad0984bb83731bfb105d6/actions - {"actions":[{"id":"action15","type":"key","parameters":{},"actions":[{"type":"keyDown","value":""},{"type":"pause","duration":10},{"type":"keyUp","value":""}]}]}
RESULT: {"actions":[{"id":"action15","type":"key","parameters":{},"actions":[{"type":"keyDown","value":""},{"type":"pause","duration":10},{"type":"keyUp","value":""}]}]}
COMMAND: POST /session/3fdfcd34cc1ad0984bb83731bfb105d6/element - {"using":"xpath","value":"//input[@id=\"application-managesites-display-component---NewSite--addressDetailDetailsYard-inner\"]"}
COMMAND: GET /session/3fdfcd34cc1ad0984bb83731bfb105d6/screenshot - {}
RESULT: {"using":"xpath","value":"//input[@id=\"application-managesites-display-component---NewSite--addressDetailDetailsYard-inner\"]"}
COMMAND: POST /session/3fdfcd34cc1ad0984bb83731bfb105d6/element/f.902B563C9587CBB3E624B0B064AC9B4C.d.D3130B79872DEC9D6B466C6812A7F8D6.e.4939/value - {"text":"332"}
RESULT: {}
RESULT: {"text":"332"}
COMMAND: GET /session/3fdfcd34cc1ad0984bb83731bfb105d6/screenshot - {}
RESULT: {}
COMMAND: POST /session/3fdfcd34cc1ad0984bb83731bfb105d6/actions - {"actions":[{"id":"action16","type":"key","parameters":{},"actions":[{"type":"keyDown","value":""},{"type":"pause","duration":10},{"type":"keyUp","value":""}]}]}
RESULT: {"actions":[{"id":"action16","type":"key","parameters":{},"actions":[{"type":"keyDown","value":""},{"type":"pause","duration":10},{"type":"keyUp","value":""}]}]}
COMMAND: GET /session/3fdfcd34cc1ad0984bb83731bfb105d6/screenshot - {}
RESULT: {}
COMMAND: POST /session/3fdfcd34cc1ad0984bb83731bfb105d6/element - {"using":"xpath","value":"//input[@id=\"application-managesites-display-component---NewSite--addressDetailDetailsPartner-inner\"]"}
RESULT: {"using":"xpath","value":"//input[@id=\"application-managesites-display-component---NewSite--addressDetailDetailsPartner-inner\"]"}
COMMAND: POST /session/3fdfcd34cc1ad0984bb83731bfb105d6/elements - {"using":"xpath","value":"//input[@id=\"application-managesites-display-component---NewSite--addressDetailDetailsPartner-inner\"]"}
RESULT: {"using":"xpath","value":"//input[@id=\"application-managesites-display-component---NewSite--addressDetailDetailsPartner-inner\"]"}
RESULT: undefined
COMMAND: POST /session/3fdfcd34cc1ad0984bb83731bfb105d6/element - {"using":"xpath","value":"//*[@id=\"application-managesites-display-component---NewSite--ObjectPageLayout-anchBar-__section5-anchor\"]"}
RESULT: {"using":"xpath","value":"//*[@id=\"application-managesites-display-component---NewSite--ObjectPageLayout-anchBar-__section5-anchor\"]"}
COMMAND: POST /session/3fdfcd34cc1ad0984bb83731bfb105d6/element/f.902B563C9587CBB3E624B0B064AC9B4C.d.D3130B79872DEC9D6B466C6812A7F8D6.e.5063/click - {}
RESULT: {}
COMMAND: POST /session/3fdfcd34cc1ad0984bb83731bfb105d6/execute/async - {"script":"<script> [1562 bytes]","args":[{"selector":{"id":"application-managesites-display-component---NewSite--siteWhmCheckBox-label","interaction":{"idSuffix":"bdi"}},"wdio_ui5_key":"applicationmanagesites-display-component---NewSite--siteWhmCheckBox-label"}]}
COMMAND: GET /session/3fdfcd34cc1ad0984bb83731bfb105d6/screenshot - {}
RESULT: {"script":"<script> [1562 bytes]","args":[{"selector":{"id":"application-managesites-display-component---NewSite--siteWhmCheckBox-label","interaction":{"idSuffix":"bdi"}},"wdio_ui5_key":"applicationmanagesites-display-component---NewSite--siteWhmCheckBox-label"}]}
RESULT: undefined
COMMAND: POST /session/3fdfcd34cc1ad0984bb83731bfb105d6/element - {"using":"xpath","value":"//*[@id=\"application-managesites-display-component---NewSite--siteWhmCheckBox-label\"]"}
RESULT: {}
RESULT: {"using":"xpath","value":"//*[@id=\"application-managesites-display-component---NewSite--siteWhmCheckBox-label\"]"}
COMMAND: POST /session/3fdfcd34cc1ad0984bb83731bfb105d6/element/f.902B563C9587CBB3E624B0B064AC9B4C.d.D3130B79872DEC9D6B466C6812A7F8D6.e.5066/click - {}
RESULT: {}
RESULT: undefined
COMMAND: POST /session/3fdfcd34cc1ad0984bb83731bfb105d6/element - {"using":"xpath","value":"//*[@id=\"__button16\"]"}
COMMAND: GET /session/3fdfcd34cc1ad0984bb83731bfb105d6/screenshot - {}
RESULT: {"using":"xpath","value":"//*[@id=\"__button16\"]"}
COMMAND: POST /session/3fdfcd34cc1ad0984bb83731bfb105d6/element/f.902B563C9587CBB3E624B0B064AC9B4C.d.D3130B79872DEC9D6B466C6812A7F8D6.e.5067/click - {}
RESULT: {}
RESULT: {}
COMMAND: GET /session/3fdfcd34cc1ad0984bb83731bfb105d6/screenshot - {}
RESULT: {}
COMMAND: POST /session/3fdfcd34cc1ad0984bb83731bfb105d6/element - {"using":"xpath","value":"//header/div/div[2]/div[2]/span"}
RESULT: {"using":"xpath","value":"//header/div/div[2]/div[2]/span"}
COMMAND: GET /session/3fdfcd34cc1ad0984bb83731bfb105d6/element/f.902B563C9587CBB3E624B0B064AC9B4C.d.D3130B79872DEC9D6B466C6812A7F8D6.e.5271/text - {}
RESULT: {}
RESULT: undefined
RESULT: undefined
COMMAND: POST /session/3fdfcd34cc1ad0984bb83731bfb105d6/execute/async - {"script":"<script> [6424 bytes]","args":[{"element-6066-11e4-a52e-4f735466cecf":"f.902B563C9587CBB3E624B0B064AC9B4C.d.D3130B79872DEC9D6B466C6812A7F8D6.e.4862"},"getText",[]]}
COMMAND: POST /session/3fdfcd34cc1ad0984bb83731bfb105d6/execute/async - {"script":"<script> [1562 bytes]","args":[{"selector":{"controlType":"sap.m.Label","viewName":"etm.portal.ui.managesites.view.Detail","viewId":"application-managesites-display-component---detailSite","i18NText":{"propertyName":"text","key":"status"}},"wdio_ui5_key":"etmportal.ui.managesites.view.Detailsap.m.Label{\"propertyName\":\"text\",\"key\":\"status\"}"}]}
RESULT: {"script":"<script> [1562 bytes]","args":[{"selector":{"controlType":"sap.m.Label","viewName":"etm.portal.ui.managesites.view.Detail","viewId":"application-managesites-display-component---detailSite","i18NText":{"propertyName":"text","key":"status"}},"wdio_ui5_key":"etmportal.ui.managesites.view.Detailsap.m.Label{\"propertyName\":\"text\",\"key\":\"status\"}"}]}
COMMAND: POST /session/3fdfcd34cc1ad0984bb83731bfb105d6/execute/async - {"script":"<script> [6424 bytes]","args":[{"element-6066-11e4-a52e-4f735466cecf":"f.902B563C9587CBB3E624B0B064AC9B4C.d.D3130B79872DEC9D6B466C6812A7F8D6.e.5258"},"getText",[]]}
RESULT: {"script":"<script> [6424 bytes]","args":[{"element-6066-11e4-a52e-4f735466cecf":"f.902B563C9587CBB3E624B0B064AC9B4C.d.D3130B79872DEC9D6B466C6812A7F8D6.e.5258"},"getText",[]]}
COMMAND: POST /session/3fdfcd34cc1ad0984bb83731bfb105d6/execute/async - {"script":"<script> [1562 bytes]","args":[{"selector":{"id":"shell-header","interaction":{"idSuffix":"icon"}},"wdio_ui5_key":"shellheader"}]}
RESULT: {"script":"<script> [1562 bytes]","args":[{"selector":{"id":"shell-header","interaction":{"idSuffix":"icon"}},"wdio_ui5_key":"shellheader"}]}
RESULT: undefined
COMMAND: POST /session/3fdfcd34cc1ad0984bb83731bfb105d6/element - {"using":"xpath","value":"//*[@id=\"shell-header\"]"}
RESULT: {"using":"xpath","value":"//*[@id=\"shell-header\"]"}
COMMAND: POST /session/3fdfcd34cc1ad0984bb83731bfb105d6/element/f.902B563C9587CBB3E624B0B064AC9B4C.d.D3130B79872DEC9D6B466C6812A7F8D6.e.5272/click - {}
RESULT: {}
COMMAND: POST /session/3fdfcd34cc1ad0984bb83731bfb105d6/refresh - {}
COMMAND: GET /session/3fdfcd34cc1ad0984bb83731bfb105d6/screenshot - {}
RESULT: {}
COMMAND: GET /session/3fdfcd34cc1ad0984bb83731bfb105d6/screenshot - {}
COMMAND: POST /session/3fdfcd34cc1ad0984bb83731bfb105d6/refresh - {}
RESULT: {}
RESULT: {}
RESULT: {}
COMMAND: GET /session/3fdfcd34cc1ad0984bb83731bfb105d6/screenshot - {}
RESULT: {}
COMMAND: POST /session/3fdfcd34cc1ad0984bb83731bfb105d6/window/fullscreen - {}
RESULT: {}
COMMAND: POST /session/3fdfcd34cc1ad0984bb83731bfb105d6/execute/async - {"script":"<script> [189 bytes]","args":[]}
RESULT: {"script":"<script> [189 bytes]","args":[]}
COMMAND: POST /session/3fdfcd34cc1ad0984bb83731bfb105d6/execute/async - {"script":"<script> [123 bytes]","args":[]}
RESULT: {"script":"<script> [123 bytes]","args":[]}
COMMAND: POST /session/3fdfcd34cc1ad0984bb83731bfb105d6/timeouts - {"script":"<number>"}
RESULT: {"script":"<number>"}
COMMAND: GET /session/3fdfcd34cc1ad0984bb83731bfb105d6/timeouts - {}
RESULT: {}
RESULT: undefined
COMMAND: POST /session/3fdfcd34cc1ad0984bb83731bfb105d6/execute/async - {"script":"<script> [2676 bytes]","args":[]}
RESULT: {"script":"<script> [2676 bytes]","args":[]}
COMMAND: POST /session/3fdfcd34cc1ad0984bb83731bfb105d6/execute/async - {"script":"<script> [2342 bytes]","args":[{"protocol":"http","hostname":"0.0.0.0","path":"/","capabilities":{"browserName":"chrome","goog:chromeOptions":{"binary":"C:\\Program Files\\Google\\Chrome\\Application\\chrome.exe","args":["--start-maximized"]}},"logLevel":"warn","connectionRetryTimeout":120000,"connectionRetryCount":3,"logLevels":{},"enableDirectConnect":true,"strictSSL":true,"_":"65 more keys: [\"cacheDir\",\"port\",\"requestedCapabilities\",\"automationProtocol\",\"baseUrl\",\"waitforInterval\",\"waitforTimeout\",\"onReload\",\"beforeCommand\",\"afterCommand\",\"rootDir\",\"specs\",\"suites\",\"exclude\",\"groupLogsByTestSpec\",\"excludeDriverLogs\",\"bail\",\"framework\",\"reporters\",\"services\",\"maxInstances\",\"maxInstancesPerCapability\",\"injectGlobals\",\"filesToWatch\",\"execArgv\",\"runnerEnv\",\"runner\",\"shard\",\"specFileRetries\",\"specFileRetriesDelay\",\"specFileRetriesDeferred\",\"reporterSyncInterval\",\"reporterSyncTimeout\",\"cucumberFeaturesWithLineNumbers\",\"autoCompileOpts\",\"mochaOpts\",\"jasmineOpts\",\"cucumberOpts\",\"onPrepare\",\"onWorkerStart\",\"onWorkerEnd\",\"before\",\"beforeSession\",\"beforeSuite\",\"beforeHook\",\"beforeTest\",\"afterTest\",\"afterHook\",\"afterSuite\",\"afterSession\",\"after\",\"onComplete\",\"beforeAssertion\",\"afterAssertion\",\"beforeFeature\",\"beforeScenario\",\"beforeStep\",\"afterStep\",\"afterScenario\",\"afterFeature\",\"_\",\"suite\",\"$0\",\"ignoredWorkerServices\",\"wdi5\"]"}]}
RESULT: {"script":"<script> [2342 bytes]","args":[{"protocol":"http","hostname":"0.0.0.0","path":"/","capabilities":{"browserName":"chrome","goog:chromeOptions":{"binary":"C:\\Program Files\\Google\\Chrome\\Application\\chrome.exe","args":["--start-maximized"]}},"logLevel":"warn","connectionRetryTimeout":120000,"connectionRetryCount":3,"logLevels":{},"enableDirectConnect":true,"strictSSL":true,"_":"65 more keys: [\"cacheDir\",\"port\",\"requestedCapabilities\",\"automationProtocol\",\"baseUrl\",\"waitforInterval\",\"waitforTimeout\",\"onReload\",\"beforeCommand\",\"afterCommand\",\"rootDir\",\"specs\",\"suites\",\"exclude\",\"groupLogsByTestSpec\",\"excludeDriverLogs\",\"bail\",\"framework\",\"reporters\",\"services\",\"maxInstances\",\"maxInstancesPerCapability\",\"injectGlobals\",\"filesToWatch\",\"execArgv\",\"runnerEnv\",\"runner\",\"shard\",\"specFileRetries\",\"specFileRetriesDelay\",\"specFileRetriesDeferred\",\"reporterSyncInterval\",\"reporterSyncTimeout\",\"cucumberFeaturesWithLineNumbers\",\"autoCompileOpts\",\"mochaOpts\",\"jasmineOpts\",\"cucumberOpts\",\"onPrepare\",\"onWorkerStart\",\"onWorkerEnd\",\"before\",\"beforeSession\",\"beforeSuite\",\"beforeHook\",\"beforeTest\",\"afterTest\",\"afterHook\",\"afterSuite\",\"afterSession\",\"after\",\"onComplete\",\"beforeAssertion\",\"afterAssertion\",\"beforeFeature\",\"beforeScenario\",\"beforeStep\",\"afterStep\",\"afterScenario\",\"afterFeature\",\"_\",\"suite\",\"$0\",\"ignoredWorkerServices\",\"wdi5\"]"}]}
COMMAND: POST /session/3fdfcd34cc1ad0984bb83731bfb105d6/execute/async - {"script":"<script> [21126 bytes]","args":[35000]}
RESULT: {"script":"<script> [21126 bytes]","args":[35000]}
COMMAND: POST /session/3fdfcd34cc1ad0984bb83731bfb105d6/element - {"using":"css selector","value":"#j_username"}
COMMAND: POST /session/3fdfcd34cc1ad0984bb83731bfb105d6/url - {"url":"https://qa-testing-00-live-etm-ui.cfapps.eu10-004.hana.ondemand.com/"}
RESULT: {"using":"css selector","value":"#j_username"}
COMMAND: POST /session/3fdfcd34cc1ad0984bb83731bfb105d6/element - {"using":"css selector","value":"#j_username"}
RESULT: {"url":"https://qa-testing-00-live-etm-ui.cfapps.eu10-004.hana.ondemand.com/"}
RESULT: undefined
COMMAND: GET /session/3fdfcd34cc1ad0984bb83731bfb105d6/screenshot - {}
RESULT: {"using":"css selector","value":"#j_username"}
COMMAND: POST /session/3fdfcd34cc1ad0984bb83731bfb105d6/element - {"using":"css selector","value":"#shell-header-logo"}
RESULT: {}
RESULT: {"using":"css selector","value":"#shell-header-logo"}
COMMAND: POST /session/3fdfcd34cc1ad0984bb83731bfb105d6/execute/sync - {"script":"<script> [8489 bytes]","args":[{"element-6066-11e4-a52e-4f735466cecf":"f.902B563C9587CBB3E624B0B064AC9B4C.d.C160B33935430AED23017E6929727131.e.5537","ELEMENT":"f.902B563C9587CBB3E624B0B064AC9B4C.d.C160B33935430AED23017E6929727131.e.5537"}]}
RESULT: {"script":"<script> [8489 bytes]","args":[{"element-6066-11e4-a52e-4f735466cecf":"f.902B563C9587CBB3E624B0B064AC9B4C.d.C160B33935430AED23017E6929727131.e.5537","ELEMENT":"f.902B563C9587CBB3E624B0B064AC9B4C.d.C160B33935430AED23017E6929727131.e.5537"}]}
COMMAND: POST /session/3fdfcd34cc1ad0984bb83731bfb105d6/element - {"using":"css selector","value":"#shell-header-logo"}
COMMAND: GET /session/3fdfcd34cc1ad0984bb83731bfb105d6/screenshot - {}
RESULT: {"using":"css selector","value":"#shell-header-logo"}
COMMAND: POST /session/3fdfcd34cc1ad0984bb83731bfb105d6/execute/sync - {"script":"<script> [8489 bytes]","args":[{"element-6066-11e4-a52e-4f735466cecf":"f.902B563C9587CBB3E624B0B064AC9B4C.d.C160B33935430AED23017E6929727131.e.5537","ELEMENT":"f.902B563C9587CBB3E624B0B064AC9B4C.d.C160B33935430AED23017E6929727131.e.5537"}]}
RESULT: {}
RESULT: {"script":"<script> [8489 bytes]","args":[{"element-6066-11e4-a52e-4f735466cecf":"f.902B563C9587CBB3E624B0B064AC9B4C.d.C160B33935430AED23017E6929727131.e.5537","ELEMENT":"f.902B563C9587CBB3E624B0B064AC9B4C.d.C160B33935430AED23017E6929727131.e.5537"}]}
COMMAND: POST /session/3fdfcd34cc1ad0984bb83731bfb105d6/execute/sync - {"script":"<script> [5351 bytes]","args":[{"element-6066-11e4-a52e-4f735466cecf":"f.902B563C9587CBB3E624B0B064AC9B4C.d.C160B33935430AED23017E6929727131.e.5537","ELEMENT":"f.902B563C9587CBB3E624B0B064AC9B4C.d.C160B33935430AED23017E6929727131.e.5537"}]}
COMMAND: GET /session/3fdfcd34cc1ad0984bb83731bfb105d6/screenshot - {}
RESULT: {"script":"<script> [5351 bytes]","args":[{"element-6066-11e4-a52e-4f735466cecf":"f.902B563C9587CBB3E624B0B064AC9B4C.d.C160B33935430AED23017E6929727131.e.5537","ELEMENT":"f.902B563C9587CBB3E624B0B064AC9B4C.d.C160B33935430AED23017E6929727131.e.5537"}]}
COMMAND: POST /session/3fdfcd34cc1ad0984bb83731bfb105d6/element - {"using":"css selector","value":"#shell-header-logo"}
COMMAND: GET /session/3fdfcd34cc1ad0984bb83731bfb105d6/screenshot - {}
RESULT: {}
RESULT: {"using":"css selector","value":"#shell-header-logo"}
COMMAND: POST /session/3fdfcd34cc1ad0984bb83731bfb105d6/element/f.902B563C9587CBB3E624B0B064AC9B4C.d.C160B33935430AED23017E6929727131.e.5537/click - {}
RESULT: {}
RESULT: {}
COMMAND: GET /session/3fdfcd34cc1ad0984bb83731bfb105d6/screenshot - {}
RESULT: {}
COMMAND: POST /session/3fdfcd34cc1ad0984bb83731bfb105d6/execute/async - {"script":"<script> [189 bytes]","args":[]}
RESULT: {"script":"<script> [189 bytes]","args":[]}
COMMAND: POST /session/3fdfcd34cc1ad0984bb83731bfb105d6/execute/async - {"script":"<script> [123 bytes]","args":[]}
RESULT: {"script":"<script> [123 bytes]","args":[]}
COMMAND: POST /session/3fdfcd34cc1ad0984bb83731bfb105d6/timeouts - {"script":"<number>"}
RESULT: {"script":"<number>"}
COMMAND: GET /session/3fdfcd34cc1ad0984bb83731bfb105d6/timeouts - {}
RESULT: {}
RESULT: undefined
COMMAND: POST /session/3fdfcd34cc1ad0984bb83731bfb105d6/execute/async - {"script":"<script> [2676 bytes]","args":[]}
RESULT: {"script":"<script> [2676 bytes]","args":[]}
COMMAND: POST /session/3fdfcd34cc1ad0984bb83731bfb105d6/execute/async - {"script":"<script> [2342 bytes]","args":[{"protocol":"http","hostname":"0.0.0.0","path":"/","capabilities":{"browserName":"chrome","goog:chromeOptions":{"binary":"C:\\Program Files\\Google\\Chrome\\Application\\chrome.exe","args":["--start-maximized"]}},"logLevel":"warn","connectionRetryTimeout":120000,"connectionRetryCount":3,"logLevels":{},"enableDirectConnect":true,"strictSSL":true,"_":"65 more keys: [\"cacheDir\",\"port\",\"requestedCapabilities\",\"automationProtocol\",\"baseUrl\",\"waitforInterval\",\"waitforTimeout\",\"onReload\",\"beforeCommand\",\"afterCommand\",\"rootDir\",\"specs\",\"suites\",\"exclude\",\"groupLogsByTestSpec\",\"excludeDriverLogs\",\"bail\",\"framework\",\"reporters\",\"services\",\"maxInstances\",\"maxInstancesPerCapability\",\"injectGlobals\",\"filesToWatch\",\"execArgv\",\"runnerEnv\",\"runner\",\"shard\",\"specFileRetries\",\"specFileRetriesDelay\",\"specFileRetriesDeferred\",\"reporterSyncInterval\",\"reporterSyncTimeout\",\"cucumberFeaturesWithLineNumbers\",\"autoCompileOpts\",\"mochaOpts\",\"jasmineOpts\",\"cucumberOpts\",\"onPrepare\",\"onWorkerStart\",\"onWorkerEnd\",\"before\",\"beforeSession\",\"beforeSuite\",\"beforeHook\",\"beforeTest\",\"afterTest\",\"afterHook\",\"afterSuite\",\"afterSession\",\"after\",\"onComplete\",\"beforeAssertion\",\"afterAssertion\",\"beforeFeature\",\"beforeScenario\",\"beforeStep\",\"afterStep\",\"afterScenario\",\"afterFeature\",\"_\",\"suite\",\"$0\",\"ignoredWorkerServices\",\"wdi5\"]"}]}
RESULT: {"script":"<script> [2342 bytes]","args":[{"protocol":"http","hostname":"0.0.0.0","path":"/","capabilities":{"browserName":"chrome","goog:chromeOptions":{"binary":"C:\\Program Files\\Google\\Chrome\\Application\\chrome.exe","args":["--start-maximized"]}},"logLevel":"warn","connectionRetryTimeout":120000,"connectionRetryCount":3,"logLevels":{},"enableDirectConnect":true,"strictSSL":true,"_":"65 more keys: [\"cacheDir\",\"port\",\"requestedCapabilities\",\"automationProtocol\",\"baseUrl\",\"waitforInterval\",\"waitforTimeout\",\"onReload\",\"beforeCommand\",\"afterCommand\",\"rootDir\",\"specs\",\"suites\",\"exclude\",\"groupLogsByTestSpec\",\"excludeDriverLogs\",\"bail\",\"framework\",\"reporters\",\"services\",\"maxInstances\",\"maxInstancesPerCapability\",\"injectGlobals\",\"filesToWatch\",\"execArgv\",\"runnerEnv\",\"runner\",\"shard\",\"specFileRetries\",\"specFileRetriesDelay\",\"specFileRetriesDeferred\",\"reporterSyncInterval\",\"reporterSyncTimeout\",\"cucumberFeaturesWithLineNumbers\",\"autoCompileOpts\",\"mochaOpts\",\"jasmineOpts\",\"cucumberOpts\",\"onPrepare\",\"onWorkerStart\",\"onWorkerEnd\",\"before\",\"beforeSession\",\"beforeSuite\",\"beforeHook\",\"beforeTest\",\"afterTest\",\"afterHook\",\"afterSuite\",\"afterSession\",\"after\",\"onComplete\",\"beforeAssertion\",\"afterAssertion\",\"beforeFeature\",\"beforeScenario\",\"beforeStep\",\"afterStep\",\"afterScenario\",\"afterFeature\",\"_\",\"suite\",\"$0\",\"ignoredWorkerServices\",\"wdi5\"]"}]}
COMMAND: POST /session/3fdfcd34cc1ad0984bb83731bfb105d6/execute/async - {"script":"<script> [21126 bytes]","args":[35000]}
RESULT: {"script":"<script> [21126 bytes]","args":[35000]}
COMMAND: POST /session/3fdfcd34cc1ad0984bb83731bfb105d6/window/maximize - {}
RESULT: {}
COMMAND: POST /session/3fdfcd34cc1ad0984bb83731bfb105d6/execute/async - {"script":"<script> [1562 bytes]","args":[{"selector":{"id":"shell-header","interaction":{"idSuffix":"icon"}},"wdio_ui5_key":"shellheader"}]}
COMMAND: GET /session/3fdfcd34cc1ad0984bb83731bfb105d6/screenshot - {}
RESULT: {"script":"<script> [1562 bytes]","args":[{"selector":{"id":"shell-header","interaction":{"idSuffix":"icon"}},"wdio_ui5_key":"shellheader"}]}
RESULT: undefined
RESULT: {}
COMMAND: POST /session/3fdfcd34cc1ad0984bb83731bfb105d6/execute/async - {"script":"<script> [1562 bytes]","args":[{"selector":{"controlType":"sap.m.Title","i18NText":{"propertyName":"text","key":"dataCollectionAgreement"},"searchOpenDialogs":true},"wdio_ui5_key":"sapm.Title{\"propertyName\":\"text\",\"key\":\"dataCollectionAgreement\"}"}]}
RESULT: {"script":"<script> [1562 bytes]","args":[{"selector":{"controlType":"sap.m.Title","i18NText":{"propertyName":"text","key":"dataCollectionAgreement"},"searchOpenDialogs":true},"wdio_ui5_key":"sapm.Title{\"propertyName\":\"text\",\"key\":\"dataCollectionAgreement\"}"}]}
RESULT: undefined
COMMAND: POST /session/3fdfcd34cc1ad0984bb83731bfb105d6/execute/async - {"script":"<script> [1562 bytes]","args":[{"selector":{"controlType":"sap.m.GenericTile","properties":{"header":"Manage Resources"}},"wdio_ui5_key":"sapm.GenericTile{\"header\":\"Manage Resources\"}"}]}
RESULT: {"script":"<script> [1562 bytes]","args":[{"selector":{"controlType":"sap.m.GenericTile","properties":{"header":"Manage Resources"}},"wdio_ui5_key":"sapm.GenericTile{\"header\":\"Manage Resources\"}"}]}
RESULT: undefined
COMMAND: POST /session/3fdfcd34cc1ad0984bb83731bfb105d6/element - {"using":"xpath","value":"//*[@id=\"__tile31\"]"}
RESULT: {"using":"xpath","value":"//*[@id=\"__tile31\"]"}
COMMAND: POST /session/3fdfcd34cc1ad0984bb83731bfb105d6/element/f.902B563C9587CBB3E624B0B064AC9B4C.d.C160B33935430AED23017E6929727131.e.5559/click - {}
RESULT: {}
COMMAND: GET /session/3fdfcd34cc1ad0984bb83731bfb105d6/screenshot - {}
RESULT: {}
COMMAND: POST /session/3fdfcd34cc1ad0984bb83731bfb105d6/elements - {"using":"xpath","value":"//span[text()='Error']"}
RESULT: {"using":"xpath","value":"//span[text()='Error']"}
]]></system-out>
    </testcase>
  </testsuite>
  <testsuite timestamp="2025-05-26T15:32:55" time="594.059" tests="2" failures="0" errors="0" skipped="0">
    <properties>
      <property name="specId" value="0"/>
      <property name="suiteName" value="Create 2 RU material US118246"/>
      <property name="capabilities" value="chrome.136_0_7103_93.windows"/>
      <property name="file" value="file:///D:/a/1/s/test/specs/R2C/create-material.spec.js"/>
    </properties>
    <testcase classname="chrome.136_0_7103_93.windows.Create_2_RU_material_US118246" name="Create material" time="279.779">
      <system-out><![CDATA[
COMMAND: POST /session/3fdfcd34cc1ad0984bb83731bfb105d6/element - {"using":"xpath","value":"//button[@data-kt=\"addNewRUOverflowToolbarButton\"]"}
RESULT: {"using":"xpath","value":"//button[@data-kt=\"addNewRUOverflowToolbarButton\"]"}
COMMAND: POST /session/3fdfcd34cc1ad0984bb83731bfb105d6/execute/sync - {"script":"<script> [8489 bytes]","args":[{"element-6066-11e4-a52e-4f735466cecf":"f.902B563C9587CBB3E624B0B064AC9B4C.d.C160B33935430AED23017E6929727131.e.5694","ELEMENT":"f.902B563C9587CBB3E624B0B064AC9B4C.d.C160B33935430AED23017E6929727131.e.5694"}]}
RESULT: {"script":"<script> [8489 bytes]","args":[{"element-6066-11e4-a52e-4f735466cecf":"f.902B563C9587CBB3E624B0B064AC9B4C.d.C160B33935430AED23017E6929727131.e.5694","ELEMENT":"f.902B563C9587CBB3E624B0B064AC9B4C.d.C160B33935430AED23017E6929727131.e.5694"}]}
COMMAND: POST /session/3fdfcd34cc1ad0984bb83731bfb105d6/element/f.902B563C9587CBB3E624B0B064AC9B4C.d.C160B33935430AED23017E6929727131.e.5694/click - {}
COMMAND: GET /session/3fdfcd34cc1ad0984bb83731bfb105d6/screenshot - {}
RESULT: {}
COMMAND: GET /session/3fdfcd34cc1ad0984bb83731bfb105d6/screenshot - {}
RESULT: {}
RESULT: {}
COMMAND: POST /session/3fdfcd34cc1ad0984bb83731bfb105d6/execute/async - {"script":"<script> [1562 bytes]","args":[{"selector":{"controlType":"sap.m.ComboBox","viewName":"reusables.view.manageresources.NewResourceUnit","viewId":"application-manageresources-display-component---newResourceUnit","bindingPath":{"path":"","propertyPath":"/RuTypes","modelName":"catalogModel"},"searchOpenDialogs":true},"wdio_ui5_key":"reusablesview.manageresources.NewResourceUnitsap.m.ComboBox{\"path\":\"\",\"propertyPath\":\"/RuTypes\",\"modelName\":\"catalogModel\"}"}]}
RESULT: {"script":"<script> [1562 bytes]","args":[{"selector":{"controlType":"sap.m.ComboBox","viewName":"reusables.view.manageresources.NewResourceUnit","viewId":"application-manageresources-display-component---newResourceUnit","bindingPath":{"path":"","propertyPath":"/RuTypes","modelName":"catalogModel"},"searchOpenDialogs":true},"wdio_ui5_key":"reusablesview.manageresources.NewResourceUnitsap.m.ComboBox{\"path\":\"\",\"propertyPath\":\"/RuTypes\",\"modelName\":\"catalogModel\"}"}]}
RESULT: undefined
COMMAND: POST /session/3fdfcd34cc1ad0984bb83731bfb105d6/execute/async - {"script":"<script> [1562 bytes]","args":[{"selector":{"controlType":"sap.m.ComboBox","viewName":"reusables.view.manageresources.NewResourceUnit","viewId":"application-manageresources-display-component---newResourceUnit","bindingPath":{"path":"","propertyPath":"/Yards","modelName":"catalogModel"},"searchOpenDialogs":true},"wdio_ui5_key":"reusablesview.manageresources.NewResourceUnitsap.m.ComboBox{\"path\":\"\",\"propertyPath\":\"/Yards\",\"modelName\":\"catalogModel\"}"}]}
RESULT: {"script":"<script> [1562 bytes]","args":[{"selector":{"controlType":"sap.m.ComboBox","viewName":"reusables.view.manageresources.NewResourceUnit","viewId":"application-manageresources-display-component---newResourceUnit","bindingPath":{"path":"","propertyPath":"/Yards","modelName":"catalogModel"},"searchOpenDialogs":true},"wdio_ui5_key":"reusablesview.manageresources.NewResourceUnitsap.m.ComboBox{\"path\":\"\",\"propertyPath\":\"/Yards\",\"modelName\":\"catalogModel\"}"}]}
RESULT: undefined
COMMAND: POST /session/3fdfcd34cc1ad0984bb83731bfb105d6/execute/async - {"script":"<script> [1562 bytes]","args":[{"selector":{"controlType":"etm.portal.ui.reusables.customControls.LiveSearchComboBox","viewName":"reusables.view.manageresources.NewResourceUnit","viewId":"application-manageresources-display-component---newResourceUnit","bindingPath":{"path":"","propertyPath":"/CatalogItems","modelName":"catalogModel"},"searchOpenDialogs":true},"wdio_ui5_key":"reusablesview.manageresources.NewResourceUnitetm.portal.ui.reusables.customControls.LiveSearchComboBox{\"path\":\"\",\"propertyPath\":\"/CatalogItems\",\"modelName\":\"catalogModel\"}"}]}
RESULT: {"script":"<script> [1562 bytes]","args":[{"selector":{"controlType":"etm.portal.ui.reusables.customControls.LiveSearchComboBox","viewName":"reusables.view.manageresources.NewResourceUnit","viewId":"application-manageresources-display-component---newResourceUnit","bindingPath":{"path":"","propertyPath":"/CatalogItems","modelName":"catalogModel"},"searchOpenDialogs":true},"wdio_ui5_key":"reusablesview.manageresources.NewResourceUnitetm.portal.ui.reusables.customControls.LiveSearchComboBox{\"path\":\"\",\"propertyPath\":\"/CatalogItems\",\"modelName\":\"catalogModel\"}"}]}
RESULT: undefined
COMMAND: POST /session/3fdfcd34cc1ad0984bb83731bfb105d6/element - {"using":"xpath","value":"//bdi[text()=\"OK\"]"}
RESULT: {"using":"xpath","value":"//bdi[text()=\"OK\"]"}
COMMAND: POST /session/3fdfcd34cc1ad0984bb83731bfb105d6/elements - {"using":"xpath","value":"//bdi[text()=\"OK\"]"}
RESULT: {"using":"xpath","value":"//bdi[text()=\"OK\"]"}
COMMAND: POST /session/3fdfcd34cc1ad0984bb83731bfb105d6/elements - {"using":"xpath","value":"//bdi[text()=\"OK\"]"}
RESULT: {"using":"xpath","value":"//bdi[text()=\"OK\"]"}
COMMAND: POST /session/3fdfcd34cc1ad0984bb83731bfb105d6/elements - {"using":"xpath","value":"//bdi[text()=\"OK\"]"}
RESULT: {"using":"xpath","value":"//bdi[text()=\"OK\"]"}
COMMAND: POST /session/3fdfcd34cc1ad0984bb83731bfb105d6/elements - {"using":"xpath","value":"//bdi[text()=\"OK\"]"}
RESULT: {"using":"xpath","value":"//bdi[text()=\"OK\"]"}
COMMAND: POST /session/3fdfcd34cc1ad0984bb83731bfb105d6/elements - {"using":"xpath","value":"//bdi[text()=\"OK\"]"}
RESULT: {"using":"xpath","value":"//bdi[text()=\"OK\"]"}
COMMAND: POST /session/3fdfcd34cc1ad0984bb83731bfb105d6/elements - {"using":"xpath","value":"//bdi[text()=\"OK\"]"}
RESULT: {"using":"xpath","value":"//bdi[text()=\"OK\"]"}
COMMAND: POST /session/3fdfcd34cc1ad0984bb83731bfb105d6/elements - {"using":"xpath","value":"//bdi[text()=\"OK\"]"}
RESULT: {"using":"xpath","value":"//bdi[text()=\"OK\"]"}
COMMAND: POST /session/3fdfcd34cc1ad0984bb83731bfb105d6/elements - {"using":"xpath","value":"//bdi[text()=\"OK\"]"}
RESULT: {"using":"xpath","value":"//bdi[text()=\"OK\"]"}
COMMAND: POST /session/3fdfcd34cc1ad0984bb83731bfb105d6/elements - {"using":"xpath","value":"//bdi[text()=\"OK\"]"}
RESULT: {"using":"xpath","value":"//bdi[text()=\"OK\"]"}
COMMAND: POST /session/3fdfcd34cc1ad0984bb83731bfb105d6/elements - {"using":"xpath","value":"//bdi[text()=\"OK\"]"}
RESULT: {"using":"xpath","value":"//bdi[text()=\"OK\"]"}
COMMAND: POST /session/3fdfcd34cc1ad0984bb83731bfb105d6/elements - {"using":"xpath","value":"//bdi[text()=\"OK\"]"}
RESULT: {"using":"xpath","value":"//bdi[text()=\"OK\"]"}
COMMAND: POST /session/3fdfcd34cc1ad0984bb83731bfb105d6/elements - {"using":"xpath","value":"//bdi[text()=\"OK\"]"}
RESULT: {"using":"xpath","value":"//bdi[text()=\"OK\"]"}
COMMAND: POST /session/3fdfcd34cc1ad0984bb83731bfb105d6/elements - {"using":"xpath","value":"//bdi[text()=\"OK\"]"}
RESULT: {"using":"xpath","value":"//bdi[text()=\"OK\"]"}
COMMAND: POST /session/3fdfcd34cc1ad0984bb83731bfb105d6/elements - {"using":"xpath","value":"//bdi[text()=\"OK\"]"}
RESULT: {"using":"xpath","value":"//bdi[text()=\"OK\"]"}
COMMAND: POST /session/3fdfcd34cc1ad0984bb83731bfb105d6/elements - {"using":"xpath","value":"//bdi[text()=\"OK\"]"}
RESULT: {"using":"xpath","value":"//bdi[text()=\"OK\"]"}
COMMAND: POST /session/3fdfcd34cc1ad0984bb83731bfb105d6/elements - {"using":"xpath","value":"//bdi[text()=\"OK\"]"}
RESULT: {"using":"xpath","value":"//bdi[text()=\"OK\"]"}
COMMAND: POST /session/3fdfcd34cc1ad0984bb83731bfb105d6/elements - {"using":"xpath","value":"//bdi[text()=\"OK\"]"}
RESULT: {"using":"xpath","value":"//bdi[text()=\"OK\"]"}
COMMAND: POST /session/3fdfcd34cc1ad0984bb83731bfb105d6/elements - {"using":"xpath","value":"//bdi[text()=\"OK\"]"}
RESULT: {"using":"xpath","value":"//bdi[text()=\"OK\"]"}
COMMAND: POST /session/3fdfcd34cc1ad0984bb83731bfb105d6/elements - {"using":"xpath","value":"//bdi[text()=\"OK\"]"}
RESULT: {"using":"xpath","value":"//bdi[text()=\"OK\"]"}
COMMAND: POST /session/3fdfcd34cc1ad0984bb83731bfb105d6/elements - {"using":"xpath","value":"//bdi[text()=\"OK\"]"}
RESULT: {"using":"xpath","value":"//bdi[text()=\"OK\"]"}
COMMAND: POST /session/3fdfcd34cc1ad0984bb83731bfb105d6/elements - {"using":"xpath","value":"//bdi[text()=\"OK\"]"}
RESULT: {"using":"xpath","value":"//bdi[text()=\"OK\"]"}
COMMAND: POST /session/3fdfcd34cc1ad0984bb83731bfb105d6/elements - {"using":"xpath","value":"//bdi[text()=\"OK\"]"}
RESULT: {"using":"xpath","value":"//bdi[text()=\"OK\"]"}
COMMAND: POST /session/3fdfcd34cc1ad0984bb83731bfb105d6/elements - {"using":"xpath","value":"//bdi[text()=\"OK\"]"}
RESULT: {"using":"xpath","value":"//bdi[text()=\"OK\"]"}
COMMAND: POST /session/3fdfcd34cc1ad0984bb83731bfb105d6/elements - {"using":"xpath","value":"//bdi[text()=\"OK\"]"}
RESULT: {"using":"xpath","value":"//bdi[text()=\"OK\"]"}
COMMAND: POST /session/3fdfcd34cc1ad0984bb83731bfb105d6/elements - {"using":"xpath","value":"//bdi[text()=\"OK\"]"}
RESULT: {"using":"xpath","value":"//bdi[text()=\"OK\"]"}
COMMAND: POST /session/3fdfcd34cc1ad0984bb83731bfb105d6/elements - {"using":"xpath","value":"//bdi[text()=\"OK\"]"}
RESULT: {"using":"xpath","value":"//bdi[text()=\"OK\"]"}
COMMAND: POST /session/3fdfcd34cc1ad0984bb83731bfb105d6/elements - {"using":"xpath","value":"//bdi[text()=\"OK\"]"}
RESULT: {"using":"xpath","value":"//bdi[text()=\"OK\"]"}
COMMAND: POST /session/3fdfcd34cc1ad0984bb83731bfb105d6/elements - {"using":"xpath","value":"//bdi[text()=\"OK\"]"}
RESULT: {"using":"xpath","value":"//bdi[text()=\"OK\"]"}
COMMAND: POST /session/3fdfcd34cc1ad0984bb83731bfb105d6/elements - {"using":"xpath","value":"//bdi[text()=\"OK\"]"}
RESULT: {"using":"xpath","value":"//bdi[text()=\"OK\"]"}
COMMAND: POST /session/3fdfcd34cc1ad0984bb83731bfb105d6/elements - {"using":"xpath","value":"//bdi[text()=\"OK\"]"}
RESULT: {"using":"xpath","value":"//bdi[text()=\"OK\"]"}
COMMAND: POST /session/3fdfcd34cc1ad0984bb83731bfb105d6/elements - {"using":"xpath","value":"//bdi[text()=\"OK\"]"}
RESULT: {"using":"xpath","value":"//bdi[text()=\"OK\"]"}
COMMAND: POST /session/3fdfcd34cc1ad0984bb83731bfb105d6/elements - {"using":"xpath","value":"//bdi[text()=\"OK\"]"}
RESULT: {"using":"xpath","value":"//bdi[text()=\"OK\"]"}
COMMAND: POST /session/3fdfcd34cc1ad0984bb83731bfb105d6/elements - {"using":"xpath","value":"//bdi[text()=\"OK\"]"}
RESULT: {"using":"xpath","value":"//bdi[text()=\"OK\"]"}
COMMAND: POST /session/3fdfcd34cc1ad0984bb83731bfb105d6/elements - {"using":"xpath","value":"//bdi[text()=\"OK\"]"}
RESULT: {"using":"xpath","value":"//bdi[text()=\"OK\"]"}
COMMAND: POST /session/3fdfcd34cc1ad0984bb83731bfb105d6/elements - {"using":"xpath","value":"//bdi[text()=\"OK\"]"}
RESULT: {"using":"xpath","value":"//bdi[text()=\"OK\"]"}
COMMAND: POST /session/3fdfcd34cc1ad0984bb83731bfb105d6/elements - {"using":"xpath","value":"//bdi[text()=\"OK\"]"}
RESULT: {"using":"xpath","value":"//bdi[text()=\"OK\"]"}
COMMAND: POST /session/3fdfcd34cc1ad0984bb83731bfb105d6/elements - {"using":"xpath","value":"//bdi[text()=\"OK\"]"}
RESULT: {"using":"xpath","value":"//bdi[text()=\"OK\"]"}
COMMAND: POST /session/3fdfcd34cc1ad0984bb83731bfb105d6/elements - {"using":"xpath","value":"//bdi[text()=\"OK\"]"}
RESULT: {"using":"xpath","value":"//bdi[text()=\"OK\"]"}
COMMAND: POST /session/3fdfcd34cc1ad0984bb83731bfb105d6/elements - {"using":"xpath","value":"//bdi[text()=\"OK\"]"}
RESULT: {"using":"xpath","value":"//bdi[text()=\"OK\"]"}
COMMAND: POST /session/3fdfcd34cc1ad0984bb83731bfb105d6/elements - {"using":"xpath","value":"//bdi[text()=\"OK\"]"}
RESULT: {"using":"xpath","value":"//bdi[text()=\"OK\"]"}
COMMAND: POST /session/3fdfcd34cc1ad0984bb83731bfb105d6/elements - {"using":"xpath","value":"//bdi[text()=\"OK\"]"}
RESULT: {"using":"xpath","value":"//bdi[text()=\"OK\"]"}
COMMAND: POST /session/3fdfcd34cc1ad0984bb83731bfb105d6/elements - {"using":"xpath","value":"//bdi[text()=\"OK\"]"}
RESULT: {"using":"xpath","value":"//bdi[text()=\"OK\"]"}
COMMAND: POST /session/3fdfcd34cc1ad0984bb83731bfb105d6/elements - {"using":"xpath","value":"//bdi[text()=\"OK\"]"}
RESULT: {"using":"xpath","value":"//bdi[text()=\"OK\"]"}
COMMAND: POST /session/3fdfcd34cc1ad0984bb83731bfb105d6/elements - {"using":"xpath","value":"//bdi[text()=\"OK\"]"}
RESULT: {"using":"xpath","value":"//bdi[text()=\"OK\"]"}
COMMAND: POST /session/3fdfcd34cc1ad0984bb83731bfb105d6/elements - {"using":"xpath","value":"//bdi[text()=\"OK\"]"}
RESULT: {"using":"xpath","value":"//bdi[text()=\"OK\"]"}
COMMAND: POST /session/3fdfcd34cc1ad0984bb83731bfb105d6/elements - {"using":"xpath","value":"//bdi[text()=\"OK\"]"}
RESULT: {"using":"xpath","value":"//bdi[text()=\"OK\"]"}
COMMAND: POST /session/3fdfcd34cc1ad0984bb83731bfb105d6/elements - {"using":"xpath","value":"//bdi[text()=\"OK\"]"}
RESULT: {"using":"xpath","value":"//bdi[text()=\"OK\"]"}
COMMAND: POST /session/3fdfcd34cc1ad0984bb83731bfb105d6/elements - {"using":"xpath","value":"//bdi[text()=\"OK\"]"}
RESULT: {"using":"xpath","value":"//bdi[text()=\"OK\"]"}
COMMAND: POST /session/3fdfcd34cc1ad0984bb83731bfb105d6/elements - {"using":"xpath","value":"//bdi[text()=\"OK\"]"}
RESULT: {"using":"xpath","value":"//bdi[text()=\"OK\"]"}
COMMAND: POST /session/3fdfcd34cc1ad0984bb83731bfb105d6/elements - {"using":"xpath","value":"//bdi[text()=\"OK\"]"}
RESULT: {"using":"xpath","value":"//bdi[text()=\"OK\"]"}
COMMAND: POST /session/3fdfcd34cc1ad0984bb83731bfb105d6/elements - {"using":"xpath","value":"//bdi[text()=\"OK\"]"}
RESULT: {"using":"xpath","value":"//bdi[text()=\"OK\"]"}
COMMAND: POST /session/3fdfcd34cc1ad0984bb83731bfb105d6/elements - {"using":"xpath","value":"//bdi[text()=\"OK\"]"}
RESULT: {"using":"xpath","value":"//bdi[text()=\"OK\"]"}
COMMAND: POST /session/3fdfcd34cc1ad0984bb83731bfb105d6/elements - {"using":"xpath","value":"//bdi[text()=\"OK\"]"}
RESULT: {"using":"xpath","value":"//bdi[text()=\"OK\"]"}
COMMAND: POST /session/3fdfcd34cc1ad0984bb83731bfb105d6/elements - {"using":"xpath","value":"//bdi[text()=\"OK\"]"}
RESULT: {"using":"xpath","value":"//bdi[text()=\"OK\"]"}
COMMAND: POST /session/3fdfcd34cc1ad0984bb83731bfb105d6/elements - {"using":"xpath","value":"//bdi[text()=\"OK\"]"}
RESULT: {"using":"xpath","value":"//bdi[text()=\"OK\"]"}
COMMAND: POST /session/3fdfcd34cc1ad0984bb83731bfb105d6/elements - {"using":"xpath","value":"//bdi[text()=\"OK\"]"}
RESULT: {"using":"xpath","value":"//bdi[text()=\"OK\"]"}
COMMAND: POST /session/3fdfcd34cc1ad0984bb83731bfb105d6/elements - {"using":"xpath","value":"//bdi[text()=\"OK\"]"}
RESULT: {"using":"xpath","value":"//bdi[text()=\"OK\"]"}
COMMAND: POST /session/3fdfcd34cc1ad0984bb83731bfb105d6/elements - {"using":"xpath","value":"//bdi[text()=\"OK\"]"}
RESULT: {"using":"xpath","value":"//bdi[text()=\"OK\"]"}
COMMAND: POST /session/3fdfcd34cc1ad0984bb83731bfb105d6/elements - {"using":"xpath","value":"//bdi[text()=\"OK\"]"}
RESULT: {"using":"xpath","value":"//bdi[text()=\"OK\"]"}
COMMAND: POST /session/3fdfcd34cc1ad0984bb83731bfb105d6/elements - {"using":"xpath","value":"//bdi[text()=\"OK\"]"}
RESULT: {"using":"xpath","value":"//bdi[text()=\"OK\"]"}
COMMAND: POST /session/3fdfcd34cc1ad0984bb83731bfb105d6/elements - {"using":"xpath","value":"//bdi[text()=\"OK\"]"}
RESULT: {"using":"xpath","value":"//bdi[text()=\"OK\"]"}
COMMAND: POST /session/3fdfcd34cc1ad0984bb83731bfb105d6/elements - {"using":"xpath","value":"//bdi[text()=\"OK\"]"}
RESULT: {"using":"xpath","value":"//bdi[text()=\"OK\"]"}
COMMAND: POST /session/3fdfcd34cc1ad0984bb83731bfb105d6/elements - {"using":"xpath","value":"//bdi[text()=\"OK\"]"}
RESULT: {"using":"xpath","value":"//bdi[text()=\"OK\"]"}
COMMAND: POST /session/3fdfcd34cc1ad0984bb83731bfb105d6/elements - {"using":"xpath","value":"//bdi[text()=\"OK\"]"}
RESULT: {"using":"xpath","value":"//bdi[text()=\"OK\"]"}
COMMAND: POST /session/3fdfcd34cc1ad0984bb83731bfb105d6/elements - {"using":"xpath","value":"//bdi[text()=\"OK\"]"}
RESULT: {"using":"xpath","value":"//bdi[text()=\"OK\"]"}
COMMAND: POST /session/3fdfcd34cc1ad0984bb83731bfb105d6/elements - {"using":"xpath","value":"//bdi[text()=\"OK\"]"}
RESULT: {"using":"xpath","value":"//bdi[text()=\"OK\"]"}
COMMAND: POST /session/3fdfcd34cc1ad0984bb83731bfb105d6/elements - {"using":"xpath","value":"//bdi[text()=\"OK\"]"}
RESULT: {"using":"xpath","value":"//bdi[text()=\"OK\"]"}
COMMAND: POST /session/3fdfcd34cc1ad0984bb83731bfb105d6/elements - {"using":"xpath","value":"//bdi[text()=\"OK\"]"}
RESULT: {"using":"xpath","value":"//bdi[text()=\"OK\"]"}
COMMAND: POST /session/3fdfcd34cc1ad0984bb83731bfb105d6/elements - {"using":"xpath","value":"//bdi[text()=\"OK\"]"}
RESULT: {"using":"xpath","value":"//bdi[text()=\"OK\"]"}
COMMAND: POST /session/3fdfcd34cc1ad0984bb83731bfb105d6/elements - {"using":"xpath","value":"//bdi[text()=\"OK\"]"}
RESULT: {"using":"xpath","value":"//bdi[text()=\"OK\"]"}
COMMAND: POST /session/3fdfcd34cc1ad0984bb83731bfb105d6/elements - {"using":"xpath","value":"//bdi[text()=\"OK\"]"}
RESULT: {"using":"xpath","value":"//bdi[text()=\"OK\"]"}
COMMAND: POST /session/3fdfcd34cc1ad0984bb83731bfb105d6/elements - {"using":"xpath","value":"//bdi[text()=\"OK\"]"}
RESULT: {"using":"xpath","value":"//bdi[text()=\"OK\"]"}
COMMAND: POST /session/3fdfcd34cc1ad0984bb83731bfb105d6/elements - {"using":"xpath","value":"//bdi[text()=\"OK\"]"}
RESULT: {"using":"xpath","value":"//bdi[text()=\"OK\"]"}
COMMAND: POST /session/3fdfcd34cc1ad0984bb83731bfb105d6/elements - {"using":"xpath","value":"//bdi[text()=\"OK\"]"}
RESULT: {"using":"xpath","value":"//bdi[text()=\"OK\"]"}
COMMAND: POST /session/3fdfcd34cc1ad0984bb83731bfb105d6/elements - {"using":"xpath","value":"//bdi[text()=\"OK\"]"}
RESULT: {"using":"xpath","value":"//bdi[text()=\"OK\"]"}
COMMAND: POST /session/3fdfcd34cc1ad0984bb83731bfb105d6/elements - {"using":"xpath","value":"//bdi[text()=\"OK\"]"}
RESULT: {"using":"xpath","value":"//bdi[text()=\"OK\"]"}
COMMAND: POST /session/3fdfcd34cc1ad0984bb83731bfb105d6/elements - {"using":"xpath","value":"//bdi[text()=\"OK\"]"}
RESULT: {"using":"xpath","value":"//bdi[text()=\"OK\"]"}
COMMAND: POST /session/3fdfcd34cc1ad0984bb83731bfb105d6/elements - {"using":"xpath","value":"//bdi[text()=\"OK\"]"}
RESULT: {"using":"xpath","value":"//bdi[text()=\"OK\"]"}
COMMAND: POST /session/3fdfcd34cc1ad0984bb83731bfb105d6/elements - {"using":"xpath","value":"//bdi[text()=\"OK\"]"}
RESULT: {"using":"xpath","value":"//bdi[text()=\"OK\"]"}
COMMAND: POST /session/3fdfcd34cc1ad0984bb83731bfb105d6/elements - {"using":"xpath","value":"//bdi[text()=\"OK\"]"}
RESULT: {"using":"xpath","value":"//bdi[text()=\"OK\"]"}
COMMAND: POST /session/3fdfcd34cc1ad0984bb83731bfb105d6/elements - {"using":"xpath","value":"//bdi[text()=\"OK\"]"}
RESULT: {"using":"xpath","value":"//bdi[text()=\"OK\"]"}
COMMAND: POST /session/3fdfcd34cc1ad0984bb83731bfb105d6/elements - {"using":"xpath","value":"//bdi[text()=\"OK\"]"}
RESULT: {"using":"xpath","value":"//bdi[text()=\"OK\"]"}
COMMAND: POST /session/3fdfcd34cc1ad0984bb83731bfb105d6/elements - {"using":"xpath","value":"//bdi[text()=\"OK\"]"}
RESULT: {"using":"xpath","value":"//bdi[text()=\"OK\"]"}
COMMAND: POST /session/3fdfcd34cc1ad0984bb83731bfb105d6/elements - {"using":"xpath","value":"//bdi[text()=\"OK\"]"}
RESULT: {"using":"xpath","value":"//bdi[text()=\"OK\"]"}
COMMAND: POST /session/3fdfcd34cc1ad0984bb83731bfb105d6/elements - {"using":"xpath","value":"//bdi[text()=\"OK\"]"}
RESULT: {"using":"xpath","value":"//bdi[text()=\"OK\"]"}
COMMAND: POST /session/3fdfcd34cc1ad0984bb83731bfb105d6/elements - {"using":"xpath","value":"//bdi[text()=\"OK\"]"}
RESULT: {"using":"xpath","value":"//bdi[text()=\"OK\"]"}
COMMAND: POST /session/3fdfcd34cc1ad0984bb83731bfb105d6/elements - {"using":"xpath","value":"//bdi[text()=\"OK\"]"}
RESULT: {"using":"xpath","value":"//bdi[text()=\"OK\"]"}
COMMAND: POST /session/3fdfcd34cc1ad0984bb83731bfb105d6/elements - {"using":"xpath","value":"//bdi[text()=\"OK\"]"}
RESULT: {"using":"xpath","value":"//bdi[text()=\"OK\"]"}
COMMAND: POST /session/3fdfcd34cc1ad0984bb83731bfb105d6/elements - {"using":"xpath","value":"//bdi[text()=\"OK\"]"}
RESULT: {"using":"xpath","value":"//bdi[text()=\"OK\"]"}
COMMAND: POST /session/3fdfcd34cc1ad0984bb83731bfb105d6/elements - {"using":"xpath","value":"//bdi[text()=\"OK\"]"}
RESULT: {"using":"xpath","value":"//bdi[text()=\"OK\"]"}
COMMAND: POST /session/3fdfcd34cc1ad0984bb83731bfb105d6/elements - {"using":"xpath","value":"//bdi[text()=\"OK\"]"}
RESULT: {"using":"xpath","value":"//bdi[text()=\"OK\"]"}
COMMAND: POST /session/3fdfcd34cc1ad0984bb83731bfb105d6/elements - {"using":"xpath","value":"//bdi[text()=\"OK\"]"}
RESULT: {"using":"xpath","value":"//bdi[text()=\"OK\"]"}
COMMAND: POST /session/3fdfcd34cc1ad0984bb83731bfb105d6/elements - {"using":"xpath","value":"//bdi[text()=\"OK\"]"}
RESULT: {"using":"xpath","value":"//bdi[text()=\"OK\"]"}
COMMAND: POST /session/3fdfcd34cc1ad0984bb83731bfb105d6/elements - {"using":"xpath","value":"//bdi[text()=\"OK\"]"}
RESULT: {"using":"xpath","value":"//bdi[text()=\"OK\"]"}
COMMAND: POST /session/3fdfcd34cc1ad0984bb83731bfb105d6/elements - {"using":"xpath","value":"//bdi[text()=\"OK\"]"}
RESULT: {"using":"xpath","value":"//bdi[text()=\"OK\"]"}
COMMAND: POST /session/3fdfcd34cc1ad0984bb83731bfb105d6/elements - {"using":"xpath","value":"//bdi[text()=\"OK\"]"}
RESULT: {"using":"xpath","value":"//bdi[text()=\"OK\"]"}
COMMAND: POST /session/3fdfcd34cc1ad0984bb83731bfb105d6/elements - {"using":"xpath","value":"//bdi[text()=\"OK\"]"}
RESULT: {"using":"xpath","value":"//bdi[text()=\"OK\"]"}
COMMAND: POST /session/3fdfcd34cc1ad0984bb83731bfb105d6/elements - {"using":"xpath","value":"//bdi[text()=\"OK\"]"}
RESULT: {"using":"xpath","value":"//bdi[text()=\"OK\"]"}
COMMAND: POST /session/3fdfcd34cc1ad0984bb83731bfb105d6/elements - {"using":"xpath","value":"//bdi[text()=\"OK\"]"}
RESULT: {"using":"xpath","value":"//bdi[text()=\"OK\"]"}
COMMAND: POST /session/3fdfcd34cc1ad0984bb83731bfb105d6/elements - {"using":"xpath","value":"//bdi[text()=\"OK\"]"}
RESULT: {"using":"xpath","value":"//bdi[text()=\"OK\"]"}
COMMAND: POST /session/3fdfcd34cc1ad0984bb83731bfb105d6/elements - {"using":"xpath","value":"//bdi[text()=\"OK\"]"}
RESULT: {"using":"xpath","value":"//bdi[text()=\"OK\"]"}
COMMAND: POST /session/3fdfcd34cc1ad0984bb83731bfb105d6/elements - {"using":"xpath","value":"//bdi[text()=\"OK\"]"}
RESULT: {"using":"xpath","value":"//bdi[text()=\"OK\"]"}
COMMAND: POST /session/3fdfcd34cc1ad0984bb83731bfb105d6/elements - {"using":"xpath","value":"//bdi[text()=\"OK\"]"}
RESULT: {"using":"xpath","value":"//bdi[text()=\"OK\"]"}
COMMAND: POST /session/3fdfcd34cc1ad0984bb83731bfb105d6/elements - {"using":"xpath","value":"//bdi[text()=\"OK\"]"}
RESULT: {"using":"xpath","value":"//bdi[text()=\"OK\"]"}
COMMAND: POST /session/3fdfcd34cc1ad0984bb83731bfb105d6/elements - {"using":"xpath","value":"//bdi[text()=\"OK\"]"}
RESULT: {"using":"xpath","value":"//bdi[text()=\"OK\"]"}
COMMAND: POST /session/3fdfcd34cc1ad0984bb83731bfb105d6/elements - {"using":"xpath","value":"//bdi[text()=\"OK\"]"}
RESULT: {"using":"xpath","value":"//bdi[text()=\"OK\"]"}
COMMAND: POST /session/3fdfcd34cc1ad0984bb83731bfb105d6/elements - {"using":"xpath","value":"//bdi[text()=\"OK\"]"}
RESULT: {"using":"xpath","value":"//bdi[text()=\"OK\"]"}
COMMAND: POST /session/3fdfcd34cc1ad0984bb83731bfb105d6/elements - {"using":"xpath","value":"//bdi[text()=\"OK\"]"}
RESULT: {"using":"xpath","value":"//bdi[text()=\"OK\"]"}
COMMAND: POST /session/3fdfcd34cc1ad0984bb83731bfb105d6/elements - {"using":"xpath","value":"//bdi[text()=\"OK\"]"}
RESULT: {"using":"xpath","value":"//bdi[text()=\"OK\"]"}
COMMAND: POST /session/3fdfcd34cc1ad0984bb83731bfb105d6/elements - {"using":"xpath","value":"//bdi[text()=\"OK\"]"}
RESULT: {"using":"xpath","value":"//bdi[text()=\"OK\"]"}
COMMAND: POST /session/3fdfcd34cc1ad0984bb83731bfb105d6/elements - {"using":"xpath","value":"//bdi[text()=\"OK\"]"}
RESULT: {"using":"xpath","value":"//bdi[text()=\"OK\"]"}
COMMAND: POST /session/3fdfcd34cc1ad0984bb83731bfb105d6/elements - {"using":"xpath","value":"//bdi[text()=\"OK\"]"}
RESULT: {"using":"xpath","value":"//bdi[text()=\"OK\"]"}
COMMAND: POST /session/3fdfcd34cc1ad0984bb83731bfb105d6/elements - {"using":"xpath","value":"//bdi[text()=\"OK\"]"}
RESULT: {"using":"xpath","value":"//bdi[text()=\"OK\"]"}
COMMAND: POST /session/3fdfcd34cc1ad0984bb83731bfb105d6/elements - {"using":"xpath","value":"//bdi[text()=\"OK\"]"}
RESULT: {"using":"xpath","value":"//bdi[text()=\"OK\"]"}
COMMAND: POST /session/3fdfcd34cc1ad0984bb83731bfb105d6/elements - {"using":"xpath","value":"//bdi[text()=\"OK\"]"}
RESULT: {"using":"xpath","value":"//bdi[text()=\"OK\"]"}
COMMAND: POST /session/3fdfcd34cc1ad0984bb83731bfb105d6/elements - {"using":"xpath","value":"//bdi[text()=\"OK\"]"}
RESULT: {"using":"xpath","value":"//bdi[text()=\"OK\"]"}
COMMAND: POST /session/3fdfcd34cc1ad0984bb83731bfb105d6/elements - {"using":"xpath","value":"//bdi[text()=\"OK\"]"}
RESULT: {"using":"xpath","value":"//bdi[text()=\"OK\"]"}
COMMAND: POST /session/3fdfcd34cc1ad0984bb83731bfb105d6/elements - {"using":"xpath","value":"//bdi[text()=\"OK\"]"}
RESULT: {"using":"xpath","value":"//bdi[text()=\"OK\"]"}
COMMAND: POST /session/3fdfcd34cc1ad0984bb83731bfb105d6/elements - {"using":"xpath","value":"//bdi[text()=\"OK\"]"}
RESULT: {"using":"xpath","value":"//bdi[text()=\"OK\"]"}
COMMAND: POST /session/3fdfcd34cc1ad0984bb83731bfb105d6/elements - {"using":"xpath","value":"//bdi[text()=\"OK\"]"}
RESULT: {"using":"xpath","value":"//bdi[text()=\"OK\"]"}
COMMAND: POST /session/3fdfcd34cc1ad0984bb83731bfb105d6/elements - {"using":"xpath","value":"//bdi[text()=\"OK\"]"}
COMMAND: POST /session/3fdfcd34cc1ad0984bb83731bfb105d6/element - {"using":"xpath","value":"//bdi[text()=\"OK\"]"}
RESULT: {"using":"xpath","value":"//bdi[text()=\"OK\"]"}
RESULT: {"using":"xpath","value":"//bdi[text()=\"OK\"]"}
COMMAND: POST /session/3fdfcd34cc1ad0984bb83731bfb105d6/elements - {"using":"xpath","value":"//bdi[text()=\"OK\"]"}
RESULT: {"using":"xpath","value":"//bdi[text()=\"OK\"]"}
COMMAND: POST /session/3fdfcd34cc1ad0984bb83731bfb105d6/elements - {"using":"xpath","value":"//bdi[text()=\"OK\"]"}
RESULT: {"using":"xpath","value":"//bdi[text()=\"OK\"]"}
COMMAND: POST /session/3fdfcd34cc1ad0984bb83731bfb105d6/elements - {"using":"xpath","value":"//bdi[text()=\"OK\"]"}
RESULT: {"using":"xpath","value":"//bdi[text()=\"OK\"]"}
COMMAND: POST /session/3fdfcd34cc1ad0984bb83731bfb105d6/elements - {"using":"xpath","value":"//bdi[text()=\"OK\"]"}
RESULT: {"using":"xpath","value":"//bdi[text()=\"OK\"]"}
COMMAND: POST /session/3fdfcd34cc1ad0984bb83731bfb105d6/elements - {"using":"xpath","value":"//bdi[text()=\"OK\"]"}
RESULT: {"using":"xpath","value":"//bdi[text()=\"OK\"]"}
COMMAND: POST /session/3fdfcd34cc1ad0984bb83731bfb105d6/elements - {"using":"xpath","value":"//bdi[text()=\"OK\"]"}
RESULT: {"using":"xpath","value":"//bdi[text()=\"OK\"]"}
COMMAND: POST /session/3fdfcd34cc1ad0984bb83731bfb105d6/elements - {"using":"xpath","value":"//bdi[text()=\"OK\"]"}
RESULT: {"using":"xpath","value":"//bdi[text()=\"OK\"]"}
COMMAND: POST /session/3fdfcd34cc1ad0984bb83731bfb105d6/elements - {"using":"xpath","value":"//bdi[text()=\"OK\"]"}
RESULT: {"using":"xpath","value":"//bdi[text()=\"OK\"]"}
COMMAND: POST /session/3fdfcd34cc1ad0984bb83731bfb105d6/elements - {"using":"xpath","value":"//bdi[text()=\"OK\"]"}
RESULT: {"using":"xpath","value":"//bdi[text()=\"OK\"]"}
COMMAND: POST /session/3fdfcd34cc1ad0984bb83731bfb105d6/elements - {"using":"xpath","value":"//bdi[text()=\"OK\"]"}
RESULT: {"using":"xpath","value":"//bdi[text()=\"OK\"]"}
COMMAND: POST /session/3fdfcd34cc1ad0984bb83731bfb105d6/elements - {"using":"xpath","value":"//bdi[text()=\"OK\"]"}
RESULT: {"using":"xpath","value":"//bdi[text()=\"OK\"]"}
COMMAND: POST /session/3fdfcd34cc1ad0984bb83731bfb105d6/elements - {"using":"xpath","value":"//bdi[text()=\"OK\"]"}
RESULT: {"using":"xpath","value":"//bdi[text()=\"OK\"]"}
COMMAND: POST /session/3fdfcd34cc1ad0984bb83731bfb105d6/elements - {"using":"xpath","value":"//bdi[text()=\"OK\"]"}
RESULT: {"using":"xpath","value":"//bdi[text()=\"OK\"]"}
COMMAND: POST /session/3fdfcd34cc1ad0984bb83731bfb105d6/elements - {"using":"xpath","value":"//bdi[text()=\"OK\"]"}
RESULT: {"using":"xpath","value":"//bdi[text()=\"OK\"]"}
COMMAND: POST /session/3fdfcd34cc1ad0984bb83731bfb105d6/elements - {"using":"xpath","value":"//bdi[text()=\"OK\"]"}
RESULT: {"using":"xpath","value":"//bdi[text()=\"OK\"]"}
COMMAND: POST /session/3fdfcd34cc1ad0984bb83731bfb105d6/elements - {"using":"xpath","value":"//bdi[text()=\"OK\"]"}
RESULT: {"using":"xpath","value":"//bdi[text()=\"OK\"]"}
COMMAND: POST /session/3fdfcd34cc1ad0984bb83731bfb105d6/elements - {"using":"xpath","value":"//bdi[text()=\"OK\"]"}
RESULT: {"using":"xpath","value":"//bdi[text()=\"OK\"]"}
COMMAND: POST /session/3fdfcd34cc1ad0984bb83731bfb105d6/elements - {"using":"xpath","value":"//bdi[text()=\"OK\"]"}
RESULT: {"using":"xpath","value":"//bdi[text()=\"OK\"]"}
COMMAND: POST /session/3fdfcd34cc1ad0984bb83731bfb105d6/elements - {"using":"xpath","value":"//bdi[text()=\"OK\"]"}
RESULT: {"using":"xpath","value":"//bdi[text()=\"OK\"]"}
COMMAND: POST /session/3fdfcd34cc1ad0984bb83731bfb105d6/elements - {"using":"xpath","value":"//bdi[text()=\"OK\"]"}
RESULT: {"using":"xpath","value":"//bdi[text()=\"OK\"]"}
COMMAND: POST /session/3fdfcd34cc1ad0984bb83731bfb105d6/elements - {"using":"xpath","value":"//bdi[text()=\"OK\"]"}
RESULT: {"using":"xpath","value":"//bdi[text()=\"OK\"]"}
COMMAND: POST /session/3fdfcd34cc1ad0984bb83731bfb105d6/elements - {"using":"xpath","value":"//bdi[text()=\"OK\"]"}
RESULT: {"using":"xpath","value":"//bdi[text()=\"OK\"]"}
COMMAND: POST /session/3fdfcd34cc1ad0984bb83731bfb105d6/elements - {"using":"xpath","value":"//bdi[text()=\"OK\"]"}
RESULT: {"using":"xpath","value":"//bdi[text()=\"OK\"]"}
COMMAND: POST /session/3fdfcd34cc1ad0984bb83731bfb105d6/elements - {"using":"xpath","value":"//bdi[text()=\"OK\"]"}
RESULT: {"using":"xpath","value":"//bdi[text()=\"OK\"]"}
COMMAND: POST /session/3fdfcd34cc1ad0984bb83731bfb105d6/elements - {"using":"xpath","value":"//bdi[text()=\"OK\"]"}
RESULT: {"using":"xpath","value":"//bdi[text()=\"OK\"]"}
COMMAND: POST /session/3fdfcd34cc1ad0984bb83731bfb105d6/elements - {"using":"xpath","value":"//bdi[text()=\"OK\"]"}
RESULT: {"using":"xpath","value":"//bdi[text()=\"OK\"]"}
COMMAND: POST /session/3fdfcd34cc1ad0984bb83731bfb105d6/elements - {"using":"xpath","value":"//bdi[text()=\"OK\"]"}
RESULT: {"using":"xpath","value":"//bdi[text()=\"OK\"]"}
COMMAND: POST /session/3fdfcd34cc1ad0984bb83731bfb105d6/elements - {"using":"xpath","value":"//bdi[text()=\"OK\"]"}
RESULT: {"using":"xpath","value":"//bdi[text()=\"OK\"]"}
COMMAND: POST /session/3fdfcd34cc1ad0984bb83731bfb105d6/elements - {"using":"xpath","value":"//bdi[text()=\"OK\"]"}
RESULT: {"using":"xpath","value":"//bdi[text()=\"OK\"]"}
COMMAND: POST /session/3fdfcd34cc1ad0984bb83731bfb105d6/elements - {"using":"xpath","value":"//bdi[text()=\"OK\"]"}
RESULT: {"using":"xpath","value":"//bdi[text()=\"OK\"]"}
COMMAND: POST /session/3fdfcd34cc1ad0984bb83731bfb105d6/elements - {"using":"xpath","value":"//bdi[text()=\"OK\"]"}
RESULT: {"using":"xpath","value":"//bdi[text()=\"OK\"]"}
COMMAND: POST /session/3fdfcd34cc1ad0984bb83731bfb105d6/elements - {"using":"xpath","value":"//bdi[text()=\"OK\"]"}
RESULT: {"using":"xpath","value":"//bdi[text()=\"OK\"]"}
COMMAND: POST /session/3fdfcd34cc1ad0984bb83731bfb105d6/elements - {"using":"xpath","value":"//bdi[text()=\"OK\"]"}
RESULT: {"using":"xpath","value":"//bdi[text()=\"OK\"]"}
COMMAND: POST /session/3fdfcd34cc1ad0984bb83731bfb105d6/elements - {"using":"xpath","value":"//bdi[text()=\"OK\"]"}
RESULT: {"using":"xpath","value":"//bdi[text()=\"OK\"]"}
COMMAND: POST /session/3fdfcd34cc1ad0984bb83731bfb105d6/elements - {"using":"xpath","value":"//bdi[text()=\"OK\"]"}
RESULT: {"using":"xpath","value":"//bdi[text()=\"OK\"]"}
COMMAND: POST /session/3fdfcd34cc1ad0984bb83731bfb105d6/elements - {"using":"xpath","value":"//bdi[text()=\"OK\"]"}
RESULT: {"using":"xpath","value":"//bdi[text()=\"OK\"]"}
COMMAND: POST /session/3fdfcd34cc1ad0984bb83731bfb105d6/elements - {"using":"xpath","value":"//bdi[text()=\"OK\"]"}
RESULT: {"using":"xpath","value":"//bdi[text()=\"OK\"]"}
COMMAND: POST /session/3fdfcd34cc1ad0984bb83731bfb105d6/elements - {"using":"xpath","value":"//bdi[text()=\"OK\"]"}
RESULT: {"using":"xpath","value":"//bdi[text()=\"OK\"]"}
COMMAND: POST /session/3fdfcd34cc1ad0984bb83731bfb105d6/elements - {"using":"xpath","value":"//bdi[text()=\"OK\"]"}
RESULT: {"using":"xpath","value":"//bdi[text()=\"OK\"]"}
COMMAND: POST /session/3fdfcd34cc1ad0984bb83731bfb105d6/elements - {"using":"xpath","value":"//bdi[text()=\"OK\"]"}
RESULT: {"using":"xpath","value":"//bdi[text()=\"OK\"]"}
COMMAND: POST /session/3fdfcd34cc1ad0984bb83731bfb105d6/elements - {"using":"xpath","value":"//bdi[text()=\"OK\"]"}
RESULT: {"using":"xpath","value":"//bdi[text()=\"OK\"]"}
COMMAND: POST /session/3fdfcd34cc1ad0984bb83731bfb105d6/elements - {"using":"xpath","value":"//bdi[text()=\"OK\"]"}
RESULT: {"using":"xpath","value":"//bdi[text()=\"OK\"]"}
COMMAND: POST /session/3fdfcd34cc1ad0984bb83731bfb105d6/elements - {"using":"xpath","value":"//bdi[text()=\"OK\"]"}
RESULT: {"using":"xpath","value":"//bdi[text()=\"OK\"]"}
COMMAND: POST /session/3fdfcd34cc1ad0984bb83731bfb105d6/elements - {"using":"xpath","value":"//bdi[text()=\"OK\"]"}
RESULT: {"using":"xpath","value":"//bdi[text()=\"OK\"]"}
COMMAND: POST /session/3fdfcd34cc1ad0984bb83731bfb105d6/elements - {"using":"xpath","value":"//bdi[text()=\"OK\"]"}
RESULT: {"using":"xpath","value":"//bdi[text()=\"OK\"]"}
COMMAND: POST /session/3fdfcd34cc1ad0984bb83731bfb105d6/elements - {"using":"xpath","value":"//bdi[text()=\"OK\"]"}
RESULT: {"using":"xpath","value":"//bdi[text()=\"OK\"]"}
COMMAND: POST /session/3fdfcd34cc1ad0984bb83731bfb105d6/elements - {"using":"xpath","value":"//bdi[text()=\"OK\"]"}
RESULT: {"using":"xpath","value":"//bdi[text()=\"OK\"]"}
COMMAND: POST /session/3fdfcd34cc1ad0984bb83731bfb105d6/elements - {"using":"xpath","value":"//bdi[text()=\"OK\"]"}
RESULT: {"using":"xpath","value":"//bdi[text()=\"OK\"]"}
COMMAND: POST /session/3fdfcd34cc1ad0984bb83731bfb105d6/elements - {"using":"xpath","value":"//bdi[text()=\"OK\"]"}
RESULT: {"using":"xpath","value":"//bdi[text()=\"OK\"]"}
COMMAND: POST /session/3fdfcd34cc1ad0984bb83731bfb105d6/elements - {"using":"xpath","value":"//bdi[text()=\"OK\"]"}
RESULT: {"using":"xpath","value":"//bdi[text()=\"OK\"]"}
COMMAND: POST /session/3fdfcd34cc1ad0984bb83731bfb105d6/elements - {"using":"xpath","value":"//bdi[text()=\"OK\"]"}
RESULT: {"using":"xpath","value":"//bdi[text()=\"OK\"]"}
COMMAND: POST /session/3fdfcd34cc1ad0984bb83731bfb105d6/elements - {"using":"xpath","value":"//bdi[text()=\"OK\"]"}
RESULT: {"using":"xpath","value":"//bdi[text()=\"OK\"]"}
COMMAND: POST /session/3fdfcd34cc1ad0984bb83731bfb105d6/elements - {"using":"xpath","value":"//bdi[text()=\"OK\"]"}
RESULT: {"using":"xpath","value":"//bdi[text()=\"OK\"]"}
COMMAND: POST /session/3fdfcd34cc1ad0984bb83731bfb105d6/elements - {"using":"xpath","value":"//bdi[text()=\"OK\"]"}
RESULT: {"using":"xpath","value":"//bdi[text()=\"OK\"]"}
COMMAND: POST /session/3fdfcd34cc1ad0984bb83731bfb105d6/elements - {"using":"xpath","value":"//bdi[text()=\"OK\"]"}
RESULT: {"using":"xpath","value":"//bdi[text()=\"OK\"]"}
COMMAND: POST /session/3fdfcd34cc1ad0984bb83731bfb105d6/elements - {"using":"xpath","value":"//bdi[text()=\"OK\"]"}
RESULT: {"using":"xpath","value":"//bdi[text()=\"OK\"]"}
COMMAND: POST /session/3fdfcd34cc1ad0984bb83731bfb105d6/elements - {"using":"xpath","value":"//bdi[text()=\"OK\"]"}
RESULT: {"using":"xpath","value":"//bdi[text()=\"OK\"]"}
COMMAND: POST /session/3fdfcd34cc1ad0984bb83731bfb105d6/elements - {"using":"xpath","value":"//bdi[text()=\"OK\"]"}
RESULT: {"using":"xpath","value":"//bdi[text()=\"OK\"]"}
COMMAND: POST /session/3fdfcd34cc1ad0984bb83731bfb105d6/elements - {"using":"xpath","value":"//bdi[text()=\"OK\"]"}
RESULT: {"using":"xpath","value":"//bdi[text()=\"OK\"]"}
COMMAND: POST /session/3fdfcd34cc1ad0984bb83731bfb105d6/elements - {"using":"xpath","value":"//bdi[text()=\"OK\"]"}
RESULT: {"using":"xpath","value":"//bdi[text()=\"OK\"]"}
COMMAND: POST /session/3fdfcd34cc1ad0984bb83731bfb105d6/elements - {"using":"xpath","value":"//bdi[text()=\"OK\"]"}
RESULT: {"using":"xpath","value":"//bdi[text()=\"OK\"]"}
COMMAND: POST /session/3fdfcd34cc1ad0984bb83731bfb105d6/elements - {"using":"xpath","value":"//bdi[text()=\"OK\"]"}
RESULT: {"using":"xpath","value":"//bdi[text()=\"OK\"]"}
COMMAND: POST /session/3fdfcd34cc1ad0984bb83731bfb105d6/elements - {"using":"xpath","value":"//bdi[text()=\"OK\"]"}
RESULT: {"using":"xpath","value":"//bdi[text()=\"OK\"]"}
COMMAND: POST /session/3fdfcd34cc1ad0984bb83731bfb105d6/elements - {"using":"xpath","value":"//bdi[text()=\"OK\"]"}
RESULT: {"using":"xpath","value":"//bdi[text()=\"OK\"]"}
COMMAND: POST /session/3fdfcd34cc1ad0984bb83731bfb105d6/elements - {"using":"xpath","value":"//bdi[text()=\"OK\"]"}
RESULT: {"using":"xpath","value":"//bdi[text()=\"OK\"]"}
COMMAND: POST /session/3fdfcd34cc1ad0984bb83731bfb105d6/elements - {"using":"xpath","value":"//bdi[text()=\"OK\"]"}
RESULT: {"using":"xpath","value":"//bdi[text()=\"OK\"]"}
COMMAND: POST /session/3fdfcd34cc1ad0984bb83731bfb105d6/elements - {"using":"xpath","value":"//bdi[text()=\"OK\"]"}
RESULT: {"using":"xpath","value":"//bdi[text()=\"OK\"]"}
COMMAND: POST /session/3fdfcd34cc1ad0984bb83731bfb105d6/elements - {"using":"xpath","value":"//bdi[text()=\"OK\"]"}
RESULT: {"using":"xpath","value":"//bdi[text()=\"OK\"]"}
COMMAND: POST /session/3fdfcd34cc1ad0984bb83731bfb105d6/elements - {"using":"xpath","value":"//bdi[text()=\"OK\"]"}
RESULT: {"using":"xpath","value":"//bdi[text()=\"OK\"]"}
COMMAND: POST /session/3fdfcd34cc1ad0984bb83731bfb105d6/elements - {"using":"xpath","value":"//bdi[text()=\"OK\"]"}
RESULT: {"using":"xpath","value":"//bdi[text()=\"OK\"]"}
COMMAND: POST /session/3fdfcd34cc1ad0984bb83731bfb105d6/elements - {"using":"xpath","value":"//bdi[text()=\"OK\"]"}
RESULT: {"using":"xpath","value":"//bdi[text()=\"OK\"]"}
COMMAND: POST /session/3fdfcd34cc1ad0984bb83731bfb105d6/elements - {"using":"xpath","value":"//bdi[text()=\"OK\"]"}
RESULT: {"using":"xpath","value":"//bdi[text()=\"OK\"]"}
COMMAND: POST /session/3fdfcd34cc1ad0984bb83731bfb105d6/elements - {"using":"xpath","value":"//bdi[text()=\"OK\"]"}
RESULT: {"using":"xpath","value":"//bdi[text()=\"OK\"]"}
COMMAND: POST /session/3fdfcd34cc1ad0984bb83731bfb105d6/elements - {"using":"xpath","value":"//bdi[text()=\"OK\"]"}
RESULT: {"using":"xpath","value":"//bdi[text()=\"OK\"]"}
COMMAND: POST /session/3fdfcd34cc1ad0984bb83731bfb105d6/elements - {"using":"xpath","value":"//bdi[text()=\"OK\"]"}
RESULT: {"using":"xpath","value":"//bdi[text()=\"OK\"]"}
COMMAND: POST /session/3fdfcd34cc1ad0984bb83731bfb105d6/elements - {"using":"xpath","value":"//bdi[text()=\"OK\"]"}
RESULT: {"using":"xpath","value":"//bdi[text()=\"OK\"]"}
COMMAND: POST /session/3fdfcd34cc1ad0984bb83731bfb105d6/elements - {"using":"xpath","value":"//bdi[text()=\"OK\"]"}
RESULT: {"using":"xpath","value":"//bdi[text()=\"OK\"]"}
COMMAND: POST /session/3fdfcd34cc1ad0984bb83731bfb105d6/elements - {"using":"xpath","value":"//bdi[text()=\"OK\"]"}
RESULT: {"using":"xpath","value":"//bdi[text()=\"OK\"]"}
COMMAND: POST /session/3fdfcd34cc1ad0984bb83731bfb105d6/elements - {"using":"xpath","value":"//bdi[text()=\"OK\"]"}
RESULT: {"using":"xpath","value":"//bdi[text()=\"OK\"]"}
COMMAND: POST /session/3fdfcd34cc1ad0984bb83731bfb105d6/elements - {"using":"xpath","value":"//bdi[text()=\"OK\"]"}
RESULT: {"using":"xpath","value":"//bdi[text()=\"OK\"]"}
COMMAND: POST /session/3fdfcd34cc1ad0984bb83731bfb105d6/elements - {"using":"xpath","value":"//bdi[text()=\"OK\"]"}
RESULT: {"using":"xpath","value":"//bdi[text()=\"OK\"]"}
COMMAND: POST /session/3fdfcd34cc1ad0984bb83731bfb105d6/elements - {"using":"xpath","value":"//bdi[text()=\"OK\"]"}
RESULT: {"using":"xpath","value":"//bdi[text()=\"OK\"]"}
COMMAND: POST /session/3fdfcd34cc1ad0984bb83731bfb105d6/elements - {"using":"xpath","value":"//bdi[text()=\"OK\"]"}
RESULT: {"using":"xpath","value":"//bdi[text()=\"OK\"]"}
COMMAND: POST /session/3fdfcd34cc1ad0984bb83731bfb105d6/elements - {"using":"xpath","value":"//bdi[text()=\"OK\"]"}
RESULT: {"using":"xpath","value":"//bdi[text()=\"OK\"]"}
COMMAND: POST /session/3fdfcd34cc1ad0984bb83731bfb105d6/elements - {"using":"xpath","value":"//bdi[text()=\"OK\"]"}
RESULT: {"using":"xpath","value":"//bdi[text()=\"OK\"]"}
COMMAND: POST /session/3fdfcd34cc1ad0984bb83731bfb105d6/elements - {"using":"xpath","value":"//bdi[text()=\"OK\"]"}
RESULT: {"using":"xpath","value":"//bdi[text()=\"OK\"]"}
COMMAND: POST /session/3fdfcd34cc1ad0984bb83731bfb105d6/elements - {"using":"xpath","value":"//bdi[text()=\"OK\"]"}
RESULT: {"using":"xpath","value":"//bdi[text()=\"OK\"]"}
COMMAND: POST /session/3fdfcd34cc1ad0984bb83731bfb105d6/elements - {"using":"xpath","value":"//bdi[text()=\"OK\"]"}
RESULT: {"using":"xpath","value":"//bdi[text()=\"OK\"]"}
COMMAND: POST /session/3fdfcd34cc1ad0984bb83731bfb105d6/elements - {"using":"xpath","value":"//bdi[text()=\"OK\"]"}
RESULT: {"using":"xpath","value":"//bdi[text()=\"OK\"]"}
COMMAND: POST /session/3fdfcd34cc1ad0984bb83731bfb105d6/elements - {"using":"xpath","value":"//bdi[text()=\"OK\"]"}
RESULT: {"using":"xpath","value":"//bdi[text()=\"OK\"]"}
COMMAND: POST /session/3fdfcd34cc1ad0984bb83731bfb105d6/elements - {"using":"xpath","value":"//bdi[text()=\"OK\"]"}
RESULT: {"using":"xpath","value":"//bdi[text()=\"OK\"]"}
COMMAND: POST /session/3fdfcd34cc1ad0984bb83731bfb105d6/elements - {"using":"xpath","value":"//bdi[text()=\"OK\"]"}
RESULT: {"using":"xpath","value":"//bdi[text()=\"OK\"]"}
COMMAND: POST /session/3fdfcd34cc1ad0984bb83731bfb105d6/elements - {"using":"xpath","value":"//bdi[text()=\"OK\"]"}
RESULT: {"using":"xpath","value":"//bdi[text()=\"OK\"]"}
COMMAND: POST /session/3fdfcd34cc1ad0984bb83731bfb105d6/elements - {"using":"xpath","value":"//bdi[text()=\"OK\"]"}
RESULT: {"using":"xpath","value":"//bdi[text()=\"OK\"]"}
COMMAND: POST /session/3fdfcd34cc1ad0984bb83731bfb105d6/elements - {"using":"xpath","value":"//bdi[text()=\"OK\"]"}
RESULT: {"using":"xpath","value":"//bdi[text()=\"OK\"]"}
COMMAND: POST /session/3fdfcd34cc1ad0984bb83731bfb105d6/elements - {"using":"xpath","value":"//bdi[text()=\"OK\"]"}
RESULT: {"using":"xpath","value":"//bdi[text()=\"OK\"]"}
COMMAND: POST /session/3fdfcd34cc1ad0984bb83731bfb105d6/elements - {"using":"xpath","value":"//bdi[text()=\"OK\"]"}
RESULT: {"using":"xpath","value":"//bdi[text()=\"OK\"]"}
COMMAND: POST /session/3fdfcd34cc1ad0984bb83731bfb105d6/elements - {"using":"xpath","value":"//bdi[text()=\"OK\"]"}
RESULT: {"using":"xpath","value":"//bdi[text()=\"OK\"]"}
COMMAND: POST /session/3fdfcd34cc1ad0984bb83731bfb105d6/elements - {"using":"xpath","value":"//bdi[text()=\"OK\"]"}
RESULT: {"using":"xpath","value":"//bdi[text()=\"OK\"]"}
COMMAND: POST /session/3fdfcd34cc1ad0984bb83731bfb105d6/elements - {"using":"xpath","value":"//bdi[text()=\"OK\"]"}
RESULT: {"using":"xpath","value":"//bdi[text()=\"OK\"]"}
COMMAND: POST /session/3fdfcd34cc1ad0984bb83731bfb105d6/elements - {"using":"xpath","value":"//bdi[text()=\"OK\"]"}
RESULT: {"using":"xpath","value":"//bdi[text()=\"OK\"]"}
COMMAND: POST /session/3fdfcd34cc1ad0984bb83731bfb105d6/elements - {"using":"xpath","value":"//bdi[text()=\"OK\"]"}
RESULT: {"using":"xpath","value":"//bdi[text()=\"OK\"]"}
COMMAND: POST /session/3fdfcd34cc1ad0984bb83731bfb105d6/elements - {"using":"xpath","value":"//bdi[text()=\"OK\"]"}
RESULT: {"using":"xpath","value":"//bdi[text()=\"OK\"]"}
COMMAND: POST /session/3fdfcd34cc1ad0984bb83731bfb105d6/elements - {"using":"xpath","value":"//bdi[text()=\"OK\"]"}
RESULT: {"using":"xpath","value":"//bdi[text()=\"OK\"]"}
COMMAND: POST /session/3fdfcd34cc1ad0984bb83731bfb105d6/elements - {"using":"xpath","value":"//bdi[text()=\"OK\"]"}
RESULT: {"using":"xpath","value":"//bdi[text()=\"OK\"]"}
COMMAND: POST /session/3fdfcd34cc1ad0984bb83731bfb105d6/elements - {"using":"xpath","value":"//bdi[text()=\"OK\"]"}
RESULT: {"using":"xpath","value":"//bdi[text()=\"OK\"]"}
COMMAND: POST /session/3fdfcd34cc1ad0984bb83731bfb105d6/elements - {"using":"xpath","value":"//bdi[text()=\"OK\"]"}
RESULT: {"using":"xpath","value":"//bdi[text()=\"OK\"]"}
COMMAND: POST /session/3fdfcd34cc1ad0984bb83731bfb105d6/elements - {"using":"xpath","value":"//bdi[text()=\"OK\"]"}
RESULT: {"using":"xpath","value":"//bdi[text()=\"OK\"]"}
COMMAND: POST /session/3fdfcd34cc1ad0984bb83731bfb105d6/elements - {"using":"xpath","value":"//bdi[text()=\"OK\"]"}
RESULT: {"using":"xpath","value":"//bdi[text()=\"OK\"]"}
COMMAND: POST /session/3fdfcd34cc1ad0984bb83731bfb105d6/elements - {"using":"xpath","value":"//bdi[text()=\"OK\"]"}
RESULT: {"using":"xpath","value":"//bdi[text()=\"OK\"]"}
COMMAND: POST /session/3fdfcd34cc1ad0984bb83731bfb105d6/elements - {"using":"xpath","value":"//bdi[text()=\"OK\"]"}
RESULT: {"using":"xpath","value":"//bdi[text()=\"OK\"]"}
COMMAND: POST /session/3fdfcd34cc1ad0984bb83731bfb105d6/elements - {"using":"xpath","value":"//bdi[text()=\"OK\"]"}
RESULT: {"using":"xpath","value":"//bdi[text()=\"OK\"]"}
COMMAND: POST /session/3fdfcd34cc1ad0984bb83731bfb105d6/elements - {"using":"xpath","value":"//bdi[text()=\"OK\"]"}
RESULT: {"using":"xpath","value":"//bdi[text()=\"OK\"]"}
COMMAND: POST /session/3fdfcd34cc1ad0984bb83731bfb105d6/elements - {"using":"xpath","value":"//bdi[text()=\"OK\"]"}
RESULT: {"using":"xpath","value":"//bdi[text()=\"OK\"]"}
COMMAND: POST /session/3fdfcd34cc1ad0984bb83731bfb105d6/elements - {"using":"xpath","value":"//bdi[text()=\"OK\"]"}
RESULT: {"using":"xpath","value":"//bdi[text()=\"OK\"]"}
COMMAND: POST /session/3fdfcd34cc1ad0984bb83731bfb105d6/elements - {"using":"xpath","value":"//bdi[text()=\"OK\"]"}
RESULT: {"using":"xpath","value":"//bdi[text()=\"OK\"]"}
COMMAND: POST /session/3fdfcd34cc1ad0984bb83731bfb105d6/elements - {"using":"xpath","value":"//bdi[text()=\"OK\"]"}
RESULT: {"using":"xpath","value":"//bdi[text()=\"OK\"]"}
COMMAND: POST /session/3fdfcd34cc1ad0984bb83731bfb105d6/elements - {"using":"xpath","value":"//bdi[text()=\"OK\"]"}
RESULT: {"using":"xpath","value":"//bdi[text()=\"OK\"]"}
COMMAND: POST /session/3fdfcd34cc1ad0984bb83731bfb105d6/elements - {"using":"xpath","value":"//bdi[text()=\"OK\"]"}
RESULT: {"using":"xpath","value":"//bdi[text()=\"OK\"]"}
COMMAND: POST /session/3fdfcd34cc1ad0984bb83731bfb105d6/elements - {"using":"xpath","value":"//bdi[text()=\"OK\"]"}
RESULT: {"using":"xpath","value":"//bdi[text()=\"OK\"]"}
COMMAND: POST /session/3fdfcd34cc1ad0984bb83731bfb105d6/execute/async - {"script":"<script> [1562 bytes]","args":[{"selector":{"id":"application-manageresources-display-component---newResourceUnit--TYPE-arrow"},"wdio_ui5_key":"applicationmanageresources-display-component---newResourceUnit--TYPE-arrow"}]}
RESULT: {"script":"<script> [1562 bytes]","args":[{"selector":{"id":"application-manageresources-display-component---newResourceUnit--TYPE-arrow"},"wdio_ui5_key":"applicationmanageresources-display-component---newResourceUnit--TYPE-arrow"}]}
RESULT: undefined
COMMAND: POST /session/3fdfcd34cc1ad0984bb83731bfb105d6/element - {"using":"xpath","value":"//*[@id=\"application-manageresources-display-component---newResourceUnit--TYPE-arrow\"]"}
RESULT: {"using":"xpath","value":"//*[@id=\"application-manageresources-display-component---newResourceUnit--TYPE-arrow\"]"}
COMMAND: POST /session/3fdfcd34cc1ad0984bb83731bfb105d6/element/f.902B563C9587CBB3E624B0B064AC9B4C.d.C160B33935430AED23017E6929727131.e.6009/click - {}
RESULT: {}
COMMAND: POST /session/3fdfcd34cc1ad0984bb83731bfb105d6/execute/async - {"script":"<script> [1562 bytes]","args":[{"selector":{"controlType":"sap.m.StandardListItem","viewName":"reusables.view.manageresources.NewResourceUnit","viewId":"application-manageresources-display-component---newResourceUnit","properties":{"title":"Material"},"searchOpenDialogs":true,"interaction":{"idSuffix":"titleText"}},"wdio_ui5_key":"reusablesview.manageresources.NewResourceUnitsap.m.StandardListItem{\"title\":\"Material\"}"}]}
COMMAND: GET /session/3fdfcd34cc1ad0984bb83731bfb105d6/screenshot - {}
RESULT: {"script":"<script> [1562 bytes]","args":[{"selector":{"controlType":"sap.m.StandardListItem","viewName":"reusables.view.manageresources.NewResourceUnit","viewId":"application-manageresources-display-component---newResourceUnit","properties":{"title":"Material"},"searchOpenDialogs":true,"interaction":{"idSuffix":"titleText"}},"wdio_ui5_key":"reusablesview.manageresources.NewResourceUnitsap.m.StandardListItem{\"title\":\"Material\"}"}]}
RESULT: undefined
COMMAND: POST /session/3fdfcd34cc1ad0984bb83731bfb105d6/element - {"using":"xpath","value":"//*[@id=\"__item146\"]"}
RESULT: {}
RESULT: {"using":"xpath","value":"//*[@id=\"__item146\"]"}
COMMAND: POST /session/3fdfcd34cc1ad0984bb83731bfb105d6/element/f.902B563C9587CBB3E624B0B064AC9B4C.d.C160B33935430AED23017E6929727131.e.6012/click - {}
RESULT: {}
COMMAND: POST /session/3fdfcd34cc1ad0984bb83731bfb105d6/execute/async - {"script":"<script> [1562 bytes]","args":[{"selector":{"id":"application-manageresources-display-component---newResourceUnit--SHORT_TEXT","interaction":{"idSuffix":"inner"}},"wdio_ui5_key":"applicationmanageresources-display-component---newResourceUnit--SHORT_TEXT"}]}
COMMAND: GET /session/3fdfcd34cc1ad0984bb83731bfb105d6/screenshot - {}
RESULT: {"script":"<script> [1562 bytes]","args":[{"selector":{"id":"application-manageresources-display-component---newResourceUnit--SHORT_TEXT","interaction":{"idSuffix":"inner"}},"wdio_ui5_key":"applicationmanageresources-display-component---newResourceUnit--SHORT_TEXT"}]}
RESULT: undefined
COMMAND: POST /session/3fdfcd34cc1ad0984bb83731bfb105d6/execute/async - {"script":"<script> [776 bytes]","args":[{"enterText":"WebdriverRU R2Croucxj","selector":{"id":"application-manageresources-display-component---newResourceUnit--SHORT_TEXT","interaction":{"idSuffix":"inner"}},"clearTextFirst":true,"interactionType":"ENTER_TEXT"}]}
RESULT: {}
RESULT: {"script":"<script> [776 bytes]","args":[{"enterText":"WebdriverRU R2Croucxj","selector":{"id":"application-manageresources-display-component---newResourceUnit--SHORT_TEXT","interaction":{"idSuffix":"inner"}},"clearTextFirst":true,"interactionType":"ENTER_TEXT"}]}
COMMAND: POST /session/3fdfcd34cc1ad0984bb83731bfb105d6/execute/async - {"script":"<script> [1562 bytes]","args":[{"selector":{"id":"application-manageresources-display-component---newResourceUnit--BASE_UNIT_OF_MEASURE-arrow"},"wdio_ui5_key":"applicationmanageresources-display-component---newResourceUnit--BASE_UNIT_OF_MEASURE-arrow"}]}
RESULT: {"script":"<script> [1562 bytes]","args":[{"selector":{"id":"application-manageresources-display-component---newResourceUnit--BASE_UNIT_OF_MEASURE-arrow"},"wdio_ui5_key":"applicationmanageresources-display-component---newResourceUnit--BASE_UNIT_OF_MEASURE-arrow"}]}
RESULT: undefined
COMMAND: POST /session/3fdfcd34cc1ad0984bb83731bfb105d6/element - {"using":"xpath","value":"//*[@id=\"application-manageresources-display-component---newResourceUnit--BASE_UNIT_OF_MEASURE-arrow\"]"}
RESULT: {"using":"xpath","value":"//*[@id=\"application-manageresources-display-component---newResourceUnit--BASE_UNIT_OF_MEASURE-arrow\"]"}
COMMAND: POST /session/3fdfcd34cc1ad0984bb83731bfb105d6/element/f.902B563C9587CBB3E624B0B064AC9B4C.d.C160B33935430AED23017E6929727131.e.6134/click - {}
RESULT: {}
COMMAND: POST /session/3fdfcd34cc1ad0984bb83731bfb105d6/execute/async - {"script":"<script> [1562 bytes]","args":[{"selector":{"controlType":"sap.m.StandardListItem","viewName":"reusables.view.manageresources.NewResourceUnit","viewId":"application-manageresources-display-component---newResourceUnit","properties":{"title":"Piece"},"searchOpenDialogs":true,"interaction":{"idSuffix":"titleText"}},"wdio_ui5_key":"reusablesview.manageresources.NewResourceUnitsap.m.StandardListItem{\"title\":\"Piece\"}"}]}
COMMAND: GET /session/3fdfcd34cc1ad0984bb83731bfb105d6/screenshot - {}
RESULT: {"script":"<script> [1562 bytes]","args":[{"selector":{"controlType":"sap.m.StandardListItem","viewName":"reusables.view.manageresources.NewResourceUnit","viewId":"application-manageresources-display-component---newResourceUnit","properties":{"title":"Piece"},"searchOpenDialogs":true,"interaction":{"idSuffix":"titleText"}},"wdio_ui5_key":"reusablesview.manageresources.NewResourceUnitsap.m.StandardListItem{\"title\":\"Piece\"}"}]}
RESULT: undefined
COMMAND: POST /session/3fdfcd34cc1ad0984bb83731bfb105d6/element - {"using":"xpath","value":"//*[@id=\"__item199\"]"}
RESULT: {}
RESULT: {"using":"xpath","value":"//*[@id=\"__item199\"]"}
COMMAND: POST /session/3fdfcd34cc1ad0984bb83731bfb105d6/element/f.902B563C9587CBB3E624B0B064AC9B4C.d.C160B33935430AED23017E6929727131.e.6136/click - {}
RESULT: {}
COMMAND: POST /session/3fdfcd34cc1ad0984bb83731bfb105d6/execute/async - {"script":"<script> [1562 bytes]","args":[{"selector":{"id":"application-manageresources-display-component---newResourceUnit--WEIGHT_UNIT-arrow"},"wdio_ui5_key":"applicationmanageresources-display-component---newResourceUnit--WEIGHT_UNIT-arrow"}]}
COMMAND: GET /session/3fdfcd34cc1ad0984bb83731bfb105d6/screenshot - {}
RESULT: {"script":"<script> [1562 bytes]","args":[{"selector":{"id":"application-manageresources-display-component---newResourceUnit--WEIGHT_UNIT-arrow"},"wdio_ui5_key":"applicationmanageresources-display-component---newResourceUnit--WEIGHT_UNIT-arrow"}]}
RESULT: undefined
COMMAND: POST /session/3fdfcd34cc1ad0984bb83731bfb105d6/element - {"using":"xpath","value":"//*[@id=\"application-manageresources-display-component---newResourceUnit--WEIGHT_UNIT-arrow\"]"}
RESULT: {}
RESULT: {"using":"xpath","value":"//*[@id=\"application-manageresources-display-component---newResourceUnit--WEIGHT_UNIT-arrow\"]"}
COMMAND: POST /session/3fdfcd34cc1ad0984bb83731bfb105d6/element/f.902B563C9587CBB3E624B0B064AC9B4C.d.C160B33935430AED23017E6929727131.e.6137/click - {}
RESULT: {}
COMMAND: POST /session/3fdfcd34cc1ad0984bb83731bfb105d6/execute/async - {"script":"<script> [1562 bytes]","args":[{"selector":{"controlType":"sap.m.StandardListItem","viewName":"reusables.view.manageresources.NewResourceUnit","viewId":"application-manageresources-display-component---newResourceUnit","properties":{"title":"Gram"},"searchOpenDialogs":true,"interaction":{"idSuffix":"content"}},"wdio_ui5_key":"reusablesview.manageresources.NewResourceUnitsap.m.StandardListItem{\"title\":\"Gram\"}"}]}
COMMAND: GET /session/3fdfcd34cc1ad0984bb83731bfb105d6/screenshot - {}
RESULT: {"script":"<script> [1562 bytes]","args":[{"selector":{"controlType":"sap.m.StandardListItem","viewName":"reusables.view.manageresources.NewResourceUnit","viewId":"application-manageresources-display-component---newResourceUnit","properties":{"title":"Gram"},"searchOpenDialogs":true,"interaction":{"idSuffix":"content"}},"wdio_ui5_key":"reusablesview.manageresources.NewResourceUnitsap.m.StandardListItem{\"title\":\"Gram\"}"}]}
RESULT: undefined
COMMAND: POST /session/3fdfcd34cc1ad0984bb83731bfb105d6/element - {"using":"xpath","value":"//*[@id=\"__item264\"]"}
RESULT: {}
RESULT: {"using":"xpath","value":"//*[@id=\"__item264\"]"}
COMMAND: POST /session/3fdfcd34cc1ad0984bb83731bfb105d6/element/f.902B563C9587CBB3E624B0B064AC9B4C.d.C160B33935430AED23017E6929727131.e.6139/click - {}
RESULT: {}
COMMAND: GET /session/3fdfcd34cc1ad0984bb83731bfb105d6/screenshot - {}
RESULT: {}
COMMAND: POST /session/3fdfcd34cc1ad0984bb83731bfb105d6/execute/async - {"script":"<script> [1562 bytes]","args":[{"selector":{"id":"application-manageresources-display-component---newResourceUnit--newRRUPage-OPHeaderContent-collapseBtn-img"},"wdio_ui5_key":"applicationmanageresources-display-component---newResourceUnit--newRRUPage-OPHeaderContent-collapseBtn-img"}]}
RESULT: {"script":"<script> [1562 bytes]","args":[{"selector":{"id":"application-manageresources-display-component---newResourceUnit--newRRUPage-OPHeaderContent-collapseBtn-img"},"wdio_ui5_key":"applicationmanageresources-display-component---newResourceUnit--newRRUPage-OPHeaderContent-collapseBtn-img"}]}
RESULT: undefined
COMMAND: POST /session/3fdfcd34cc1ad0984bb83731bfb105d6/element - {"using":"xpath","value":"//*[@id=\"application-manageresources-display-component---newResourceUnit--newRRUPage-OPHeaderContent-collapseBtn-img\"]"}
RESULT: {"using":"xpath","value":"//*[@id=\"application-manageresources-display-component---newResourceUnit--newRRUPage-OPHeaderContent-collapseBtn-img\"]"}
COMMAND: POST /session/3fdfcd34cc1ad0984bb83731bfb105d6/element/f.902B563C9587CBB3E624B0B064AC9B4C.d.C160B33935430AED23017E6929727131.e.6020/click - {}
RESULT: {}
COMMAND: GET /session/3fdfcd34cc1ad0984bb83731bfb105d6/screenshot - {}
RESULT: {}
COMMAND: POST /session/3fdfcd34cc1ad0984bb83731bfb105d6/element - {"using":"xpath","value":"(//span[contains(@id ,\"application-manageresources-display-component---newResourceUnit--DIMENSION_UNIT-arrow\")])[1]"}
RESULT: {"using":"xpath","value":"(//span[contains(@id ,\"application-manageresources-display-component---newResourceUnit--DIMENSION_UNIT-arrow\")])[1]"}
COMMAND: POST /session/3fdfcd34cc1ad0984bb83731bfb105d6/element/f.902B563C9587CBB3E624B0B064AC9B4C.d.C160B33935430AED23017E6929727131.e.6143/click - {}
RESULT: {}
COMMAND: GET /session/3fdfcd34cc1ad0984bb83731bfb105d6/screenshot - {}
RESULT: {}
COMMAND: POST /session/3fdfcd34cc1ad0984bb83731bfb105d6/execute/async - {"script":"<script> [1562 bytes]","args":[{"selector":{"controlType":"sap.m.StandardListItem","viewName":"reusables.view.manageresources.NewResourceUnit","viewId":"application-manageresources-display-component---newResourceUnit","properties":{"title":"Centimeter"},"searchOpenDialogs":true,"interaction":{"idSuffix":"titleText"}},"wdio_ui5_key":"reusablesview.manageresources.NewResourceUnitsap.m.StandardListItem{\"title\":\"Centimeter\"}"}]}
RESULT: {"script":"<script> [1562 bytes]","args":[{"selector":{"controlType":"sap.m.StandardListItem","viewName":"reusables.view.manageresources.NewResourceUnit","viewId":"application-manageresources-display-component---newResourceUnit","properties":{"title":"Centimeter"},"searchOpenDialogs":true,"interaction":{"idSuffix":"titleText"}},"wdio_ui5_key":"reusablesview.manageresources.NewResourceUnitsap.m.StandardListItem{\"title\":\"Centimeter\"}"}]}
RESULT: undefined
COMMAND: POST /session/3fdfcd34cc1ad0984bb83731bfb105d6/element - {"using":"xpath","value":"//*[@id=\"__item267\"]"}
RESULT: {"using":"xpath","value":"//*[@id=\"__item267\"]"}
COMMAND: POST /session/3fdfcd34cc1ad0984bb83731bfb105d6/element/f.902B563C9587CBB3E624B0B064AC9B4C.d.C160B33935430AED23017E6929727131.e.6147/click - {}
RESULT: {}
COMMAND: GET /session/3fdfcd34cc1ad0984bb83731bfb105d6/screenshot - {}
RESULT: {}
COMMAND: POST /session/3fdfcd34cc1ad0984bb83731bfb105d6/execute/async - {"script":"<script> [1562 bytes]","args":[{"selector":{"id":"application-manageresources-display-component---newResourceUnit--newRRUPage-anchBar-application-manageresources-display-component---newResourceUnit--reference-anchor","interaction":{"idSuffix":"BDI-content"}},"wdio_ui5_key":"applicationmanageresources-display-component---newResourceUnit--newRRUPage-anchBar-application-manageresources-display-component---newResourceUnit--reference-anchor"}]}
RESULT: {"script":"<script> [1562 bytes]","args":[{"selector":{"id":"application-manageresources-display-component---newResourceUnit--newRRUPage-anchBar-application-manageresources-display-component---newResourceUnit--reference-anchor","interaction":{"idSuffix":"BDI-content"}},"wdio_ui5_key":"applicationmanageresources-display-component---newResourceUnit--newRRUPage-anchBar-application-manageresources-display-component---newResourceUnit--reference-anchor"}]}
RESULT: undefined
COMMAND: POST /session/3fdfcd34cc1ad0984bb83731bfb105d6/element - {"using":"xpath","value":"//*[@id=\"application-manageresources-display-component---newResourceUnit--newRRUPage-anchBar-application-manageresources-display-component---newResourceUnit--reference-anchor\"]"}
RESULT: {"using":"xpath","value":"//*[@id=\"application-manageresources-display-component---newResourceUnit--newRRUPage-anchBar-application-manageresources-display-component---newResourceUnit--reference-anchor\"]"}
COMMAND: POST /session/3fdfcd34cc1ad0984bb83731bfb105d6/element/f.902B563C9587CBB3E624B0B064AC9B4C.d.C160B33935430AED23017E6929727131.e.6149/click - {}
RESULT: {}
COMMAND: POST /session/3fdfcd34cc1ad0984bb83731bfb105d6/execute/async - {"script":"<script> [1562 bytes]","args":[{"selector":{"id":"application-manageresources-display-component---newResourceUnit--PLANNING_GROUP-arrow"},"wdio_ui5_key":"applicationmanageresources-display-component---newResourceUnit--PLANNING_GROUP-arrow"}]}
COMMAND: GET /session/3fdfcd34cc1ad0984bb83731bfb105d6/screenshot - {}
RESULT: {"script":"<script> [1562 bytes]","args":[{"selector":{"id":"application-manageresources-display-component---newResourceUnit--PLANNING_GROUP-arrow"},"wdio_ui5_key":"applicationmanageresources-display-component---newResourceUnit--PLANNING_GROUP-arrow"}]}
RESULT: undefined
COMMAND: POST /session/3fdfcd34cc1ad0984bb83731bfb105d6/element - {"using":"xpath","value":"//*[@id=\"application-manageresources-display-component---newResourceUnit--PLANNING_GROUP-arrow\"]"}
RESULT: {}
RESULT: {"using":"xpath","value":"//*[@id=\"application-manageresources-display-component---newResourceUnit--PLANNING_GROUP-arrow\"]"}
COMMAND: POST /session/3fdfcd34cc1ad0984bb83731bfb105d6/element/f.902B563C9587CBB3E624B0B064AC9B4C.d.C160B33935430AED23017E6929727131.e.6155/click - {}
RESULT: {}
COMMAND: POST /session/3fdfcd34cc1ad0984bb83731bfb105d6/execute/async - {"script":"<script> [1562 bytes]","args":[{"selector":{"controlType":"sap.m.StandardListItem","viewName":"reusables.view.manageresources.NewResourceUnit","viewId":"application-manageresources-display-component---newResourceUnit","properties":{"title":"Heavy Equi"},"searchOpenDialogs":true,"interaction":{"idSuffix":"content"}},"wdio_ui5_key":"reusablesview.manageresources.NewResourceUnitsap.m.StandardListItem{\"title\":\"Heavy Equi\"}"}]}
COMMAND: GET /session/3fdfcd34cc1ad0984bb83731bfb105d6/screenshot - {}
RESULT: {"script":"<script> [1562 bytes]","args":[{"selector":{"controlType":"sap.m.StandardListItem","viewName":"reusables.view.manageresources.NewResourceUnit","viewId":"application-manageresources-display-component---newResourceUnit","properties":{"title":"Heavy Equi"},"searchOpenDialogs":true,"interaction":{"idSuffix":"content"}},"wdio_ui5_key":"reusablesview.manageresources.NewResourceUnitsap.m.StandardListItem{\"title\":\"Heavy Equi\"}"}]}
RESULT: undefined
COMMAND: POST /session/3fdfcd34cc1ad0984bb83731bfb105d6/element - {"using":"xpath","value":"//*[@id=\"__item275\"]"}
RESULT: {}
RESULT: {"using":"xpath","value":"//*[@id=\"__item275\"]"}
COMMAND: POST /session/3fdfcd34cc1ad0984bb83731bfb105d6/element/f.902B563C9587CBB3E624B0B064AC9B4C.d.C160B33935430AED23017E6929727131.e.6157/click - {}
RESULT: {}
COMMAND: GET /session/3fdfcd34cc1ad0984bb83731bfb105d6/screenshot - {}
RESULT: {}
COMMAND: POST /session/3fdfcd34cc1ad0984bb83731bfb105d6/execute/async - {"script":"<script> [1562 bytes]","args":[{"selector":{"id":"application-manageresources-display-component---newResourceUnit--PLANNING_INDICATOR-arrow"},"wdio_ui5_key":"applicationmanageresources-display-component---newResourceUnit--PLANNING_INDICATOR-arrow"}]}
RESULT: {"script":"<script> [1562 bytes]","args":[{"selector":{"id":"application-manageresources-display-component---newResourceUnit--PLANNING_INDICATOR-arrow"},"wdio_ui5_key":"applicationmanageresources-display-component---newResourceUnit--PLANNING_INDICATOR-arrow"}]}
RESULT: undefined
COMMAND: POST /session/3fdfcd34cc1ad0984bb83731bfb105d6/element - {"using":"xpath","value":"//*[@id=\"application-manageresources-display-component---newResourceUnit--PLANNING_INDICATOR-arrow\"]"}
RESULT: {"using":"xpath","value":"//*[@id=\"application-manageresources-display-component---newResourceUnit--PLANNING_INDICATOR-arrow\"]"}
COMMAND: POST /session/3fdfcd34cc1ad0984bb83731bfb105d6/element/f.902B563C9587CBB3E624B0B064AC9B4C.d.C160B33935430AED23017E6929727131.e.6158/click - {}
RESULT: {}
COMMAND: POST /session/3fdfcd34cc1ad0984bb83731bfb105d6/execute/async - {"script":"<script> [1562 bytes]","args":[{"selector":{"controlType":"sap.m.StandardListItem","viewName":"reusables.view.manageresources.NewResourceUnit","viewId":"application-manageresources-display-component---newResourceUnit","properties":{"title":"10 - infinite"},"searchOpenDialogs":true,"interaction":{"idSuffix":"content"}},"wdio_ui5_key":"reusablesview.manageresources.NewResourceUnitsap.m.StandardListItem{\"title\":\"10 - infinite\"}"}]}
COMMAND: GET /session/3fdfcd34cc1ad0984bb83731bfb105d6/screenshot - {}
RESULT: {"script":"<script> [1562 bytes]","args":[{"selector":{"controlType":"sap.m.StandardListItem","viewName":"reusables.view.manageresources.NewResourceUnit","viewId":"application-manageresources-display-component---newResourceUnit","properties":{"title":"10 - infinite"},"searchOpenDialogs":true,"interaction":{"idSuffix":"content"}},"wdio_ui5_key":"reusablesview.manageresources.NewResourceUnitsap.m.StandardListItem{\"title\":\"10 - infinite\"}"}]}
RESULT: undefined
COMMAND: POST /session/3fdfcd34cc1ad0984bb83731bfb105d6/element - {"using":"xpath","value":"//*[@id=\"__item285\"]"}
RESULT: {}
RESULT: {"using":"xpath","value":"//*[@id=\"__item285\"]"}
COMMAND: POST /session/3fdfcd34cc1ad0984bb83731bfb105d6/element/f.902B563C9587CBB3E624B0B064AC9B4C.d.C160B33935430AED23017E6929727131.e.6160/click - {}
RESULT: {}
COMMAND: GET /session/3fdfcd34cc1ad0984bb83731bfb105d6/screenshot - {}
RESULT: {}
COMMAND: POST /session/3fdfcd34cc1ad0984bb83731bfb105d6/element - {"using":"xpath","value":"//bdi[contains(text(), \"Time Segment\")]"}
RESULT: {"using":"xpath","value":"//bdi[contains(text(), \"Time Segment\")]"}
COMMAND: GET /session/3fdfcd34cc1ad0984bb83731bfb105d6/element/f.902B563C9587CBB3E624B0B064AC9B4C.d.C160B33935430AED23017E6929727131.e.6161/rect - {}
RESULT: {}
COMMAND: GET /session/3fdfcd34cc1ad0984bb83731bfb105d6/window/rect - {}
RESULT: {}
COMMAND: POST /session/3fdfcd34cc1ad0984bb83731bfb105d6/execute/sync - {"script":"<script> [92 bytes]","args":[]}
RESULT: {"script":"<script> [92 bytes]","args":[]}
COMMAND: POST /session/3fdfcd34cc1ad0984bb83731bfb105d6/actions - {"actions":[{"id":"action17","type":"wheel","parameters":{},"actions":[{"type":"scroll","x":-1820,"y":-21,"deltaX":0,"deltaY":0,"duration":0,"origin":{"element-6066-11e4-a52e-4f735466cecf":"f.902B563C9587CBB3E624B0B064AC9B4C.d.C160B33935430AED23017E6929727131.e.6161"}}]}]}
COMMAND: GET /session/3fdfcd34cc1ad0984bb83731bfb105d6/screenshot - {}
RESULT: {}
COMMAND: POST /session/3fdfcd34cc1ad0984bb83731bfb105d6/execute/sync - {"script":"<script> [79 bytes]","args":[{"element-6066-11e4-a52e-4f735466cecf":"f.902B563C9587CBB3E624B0B064AC9B4C.d.C160B33935430AED23017E6929727131.e.6161","ELEMENT":"f.902B563C9587CBB3E624B0B064AC9B4C.d.C160B33935430AED23017E6929727131.e.6161"},{"block":"start","inline":"nearest"}]}
RESULT: {"script":"<script> [79 bytes]","args":[{"element-6066-11e4-a52e-4f735466cecf":"f.902B563C9587CBB3E624B0B064AC9B4C.d.C160B33935430AED23017E6929727131.e.6161","ELEMENT":"f.902B563C9587CBB3E624B0B064AC9B4C.d.C160B33935430AED23017E6929727131.e.6161"},{"block":"start","inline":"nearest"}]}
COMMAND: GET /session/3fdfcd34cc1ad0984bb83731bfb105d6/screenshot - {}
RESULT: {}
COMMAND: POST /session/3fdfcd34cc1ad0984bb83731bfb105d6/element - {"using":"xpath","value":"//span[@id=\"application-manageresources-display-component---newResourceUnit--btnAddTimeSegment-img\"]"}
RESULT: {"using":"xpath","value":"//span[@id=\"application-manageresources-display-component---newResourceUnit--btnAddTimeSegment-img\"]"}
COMMAND: POST /session/3fdfcd34cc1ad0984bb83731bfb105d6/execute/sync - {"script":"<script> [8489 bytes]","args":[{"element-6066-11e4-a52e-4f735466cecf":"f.902B563C9587CBB3E624B0B064AC9B4C.d.C160B33935430AED23017E6929727131.e.6164","ELEMENT":"f.902B563C9587CBB3E624B0B064AC9B4C.d.C160B33935430AED23017E6929727131.e.6164"}]}
RESULT: {"script":"<script> [8489 bytes]","args":[{"element-6066-11e4-a52e-4f735466cecf":"f.902B563C9587CBB3E624B0B064AC9B4C.d.C160B33935430AED23017E6929727131.e.6164","ELEMENT":"f.902B563C9587CBB3E624B0B064AC9B4C.d.C160B33935430AED23017E6929727131.e.6164"}]}
COMMAND: POST /session/3fdfcd34cc1ad0984bb83731bfb105d6/element/f.902B563C9587CBB3E624B0B064AC9B4C.d.C160B33935430AED23017E6929727131.e.6164/click - {}
COMMAND: GET /session/3fdfcd34cc1ad0984bb83731bfb105d6/screenshot - {}
RESULT: {}
COMMAND: GET /session/3fdfcd34cc1ad0984bb83731bfb105d6/screenshot - {}
COMMAND: POST /session/3fdfcd34cc1ad0984bb83731bfb105d6/element - {"using":"xpath","value":"//input[@id=\"application-manageresources-display-component---newResourceUnit--idRuTSAdmin-application-manageresources-display-component---newResourceUnit--RUTimeSegment-0-inner\"]"}
RESULT: {}
RESULT: {}
RESULT: {"using":"xpath","value":"//input[@id=\"application-manageresources-display-component---newResourceUnit--idRuTSAdmin-application-manageresources-display-component---newResourceUnit--RUTimeSegment-0-inner\"]"}
COMMAND: POST /session/3fdfcd34cc1ad0984bb83731bfb105d6/element/f.902B563C9587CBB3E624B0B064AC9B4C.d.C160B33935430AED23017E6929727131.e.6167/clear - {}
RESULT: {}
COMMAND: POST /session/3fdfcd34cc1ad0984bb83731bfb105d6/element/f.902B563C9587CBB3E624B0B064AC9B4C.d.C160B33935430AED23017E6929727131.e.6167/value - {"text":"330"}
COMMAND: GET /session/3fdfcd34cc1ad0984bb83731bfb105d6/screenshot - {}
RESULT: {"text":"330"}
COMMAND: GET /session/3fdfcd34cc1ad0984bb83731bfb105d6/screenshot - {}
RESULT: {}
RESULT: {}
COMMAND: POST /session/3fdfcd34cc1ad0984bb83731bfb105d6/actions - {"actions":[{"id":"action18","type":"key","parameters":{},"actions":[{"type":"keyDown","value":""},{"type":"pause","duration":10},{"type":"keyUp","value":""}]}]}
RESULT: {"actions":[{"id":"action18","type":"key","parameters":{},"actions":[{"type":"keyDown","value":""},{"type":"pause","duration":10},{"type":"keyUp","value":""}]}]}
COMMAND: GET /session/3fdfcd34cc1ad0984bb83731bfb105d6/screenshot - {}
RESULT: {}
COMMAND: POST /session/3fdfcd34cc1ad0984bb83731bfb105d6/execute/async - {"script":"<script> [1562 bytes]","args":[{"selector":{"controlType":"sap.m.Button","viewName":"reusables.view.manageresources.NewResourceUnit","viewId":"application-manageresources-display-component---newResourceUnit","i18NText":{"propertyName":"tooltip","key":"save"},"interaction":{"idSuffix":"BDI-content"}},"wdio_ui5_key":"reusablesview.manageresources.NewResourceUnitsap.m.Button{\"propertyName\":\"tooltip\",\"key\":\"save\"}"}]}
RESULT: {"script":"<script> [1562 bytes]","args":[{"selector":{"controlType":"sap.m.Button","viewName":"reusables.view.manageresources.NewResourceUnit","viewId":"application-manageresources-display-component---newResourceUnit","i18NText":{"propertyName":"tooltip","key":"save"},"interaction":{"idSuffix":"BDI-content"}},"wdio_ui5_key":"reusablesview.manageresources.NewResourceUnitsap.m.Button{\"propertyName\":\"tooltip\",\"key\":\"save\"}"}]}
RESULT: undefined
COMMAND: POST /session/3fdfcd34cc1ad0984bb83731bfb105d6/element - {"using":"xpath","value":"//*[@id=\"application-manageresources-display-component---newResourceUnit--createRuButton\"]"}
RESULT: {"using":"xpath","value":"//*[@id=\"application-manageresources-display-component---newResourceUnit--createRuButton\"]"}
COMMAND: POST /session/3fdfcd34cc1ad0984bb83731bfb105d6/element/f.902B563C9587CBB3E624B0B064AC9B4C.d.C160B33935430AED23017E6929727131.e.6026/click - {}
RESULT: {}
COMMAND: GET /session/3fdfcd34cc1ad0984bb83731bfb105d6/screenshot - {}
RESULT: {}
COMMAND: POST /session/3fdfcd34cc1ad0984bb83731bfb105d6/execute/async - {"script":"<script> [1562 bytes]","args":[{"selector":{"controlType":"sap.m.Title","properties":{"text":"Success"},"searchOpenDialogs":true},"wdio_ui5_key":"sapm.Title{\"text\":\"Success\"}"}]}
RESULT: {"script":"<script> [1562 bytes]","args":[{"selector":{"controlType":"sap.m.Title","properties":{"text":"Success"},"searchOpenDialogs":true},"wdio_ui5_key":"sapm.Title{\"text\":\"Success\"}"}]}
RESULT: undefined
COMMAND: POST /session/3fdfcd34cc1ad0984bb83731bfb105d6/execute/async - {"script":"<script> [6424 bytes]","args":[{"element-6066-11e4-a52e-4f735466cecf":"f.902B563C9587CBB3E624B0B064AC9B4C.d.C160B33935430AED23017E6929727131.e.6182"},"getText",[]]}
RESULT: {"script":"<script> [6424 bytes]","args":[{"element-6066-11e4-a52e-4f735466cecf":"f.902B563C9587CBB3E624B0B064AC9B4C.d.C160B33935430AED23017E6929727131.e.6182"},"getText",[]]}
COMMAND: POST /session/3fdfcd34cc1ad0984bb83731bfb105d6/element - {"using":"xpath","value":"//*[contains(@id, '__text') and (contains(text(), 'successfully created') or contains(., 'successfully created'))]"}
RESULT: {"using":"xpath","value":"//*[contains(@id, '__text') and (contains(text(), 'successfully created') or contains(., 'successfully created'))]"}
COMMAND: GET /session/3fdfcd34cc1ad0984bb83731bfb105d6/element/f.902B563C9587CBB3E624B0B064AC9B4C.d.C160B33935430AED23017E6929727131.e.6180/text - {}
RESULT: {}
COMMAND: POST /session/3fdfcd34cc1ad0984bb83731bfb105d6/execute/async - {"script":"<script> [1562 bytes]","args":[{"selector":{"controlType":"sap.m.Button","properties":{"text":"Close"},"searchOpenDialogs":true,"interaction":{"idSuffix":"BDI-content"}},"wdio_ui5_key":"sapm.Button{\"text\":\"Close\"}"}]}
RESULT: {"script":"<script> [1562 bytes]","args":[{"selector":{"controlType":"sap.m.Button","properties":{"text":"Close"},"searchOpenDialogs":true,"interaction":{"idSuffix":"BDI-content"}},"wdio_ui5_key":"sapm.Button{\"text\":\"Close\"}"}]}
RESULT: undefined
COMMAND: POST /session/3fdfcd34cc1ad0984bb83731bfb105d6/element - {"using":"xpath","value":"//*[@id=\"__mbox-btn-0\"]"}
RESULT: {"using":"xpath","value":"//*[@id=\"__mbox-btn-0\"]"}
COMMAND: POST /session/3fdfcd34cc1ad0984bb83731bfb105d6/element/f.902B563C9587CBB3E624B0B064AC9B4C.d.C160B33935430AED23017E6929727131.e.6178/click - {}
RESULT: {}
COMMAND: GET /session/3fdfcd34cc1ad0984bb83731bfb105d6/screenshot - {}
COMMAND: POST /session/3fdfcd34cc1ad0984bb83731bfb105d6/execute/async - {"script":"<script> [1562 bytes]","args":[{"selector":{"controlType":"sap.ui.core.Icon","viewName":"etm.portal.ui.manageresources.view.Detail","viewId":"application-manageresources-display-component---detailRU","properties":{"src":{"regex":{"source":"overflow"}}}},"wdio_ui5_key":"etmportal.ui.manageresources.view.Detailsap.ui.core.Icon{\"src\":{\"regex\":{\"source\":\"overflow\"}}}"}]}
RESULT: {}
RESULT: {"script":"<script> [1562 bytes]","args":[{"selector":{"controlType":"sap.ui.core.Icon","viewName":"etm.portal.ui.manageresources.view.Detail","viewId":"application-manageresources-display-component---detailRU","properties":{"src":{"regex":{"source":"overflow"}}}},"wdio_ui5_key":"etmportal.ui.manageresources.view.Detailsap.ui.core.Icon{\"src\":{\"regex\":{\"source\":\"overflow\"}}}"}]}
RESULT: undefined
COMMAND: POST /session/3fdfcd34cc1ad0984bb83731bfb105d6/element - {"using":"xpath","value":"//*[@id=\"__title15-_actionsToolbar-overflowButton-img\"]"}
RESULT: {"using":"xpath","value":"//*[@id=\"__title15-_actionsToolbar-overflowButton-img\"]"}
COMMAND: POST /session/3fdfcd34cc1ad0984bb83731bfb105d6/element/f.902B563C9587CBB3E624B0B064AC9B4C.d.C160B33935430AED23017E6929727131.e.6212/click - {}
RESULT: {}
COMMAND: POST /session/3fdfcd34cc1ad0984bb83731bfb105d6/execute/async - {"script":"<script> [1562 bytes]","args":[{"selector":{"controlType":"sap.m.Button","viewName":"etm.portal.ui.manageresources.view.Detail","viewId":"application-manageresources-display-component---detailRU","i18NText":{"propertyName":"tooltip","key":"closeColumn"},"searchOpenDialogs":true,"interaction":{"idSuffix":"inner"}},"wdio_ui5_key":"etmportal.ui.manageresources.view.Detailsap.m.Button{\"propertyName\":\"tooltip\",\"key\":\"closeColumn\"}"}]}
COMMAND: GET /session/3fdfcd34cc1ad0984bb83731bfb105d6/screenshot - {}
RESULT: {"script":"<script> [1562 bytes]","args":[{"selector":{"controlType":"sap.m.Button","viewName":"etm.portal.ui.manageresources.view.Detail","viewId":"application-manageresources-display-component---detailRU","i18NText":{"propertyName":"tooltip","key":"closeColumn"},"searchOpenDialogs":true,"interaction":{"idSuffix":"inner"}},"wdio_ui5_key":"etmportal.ui.manageresources.view.Detailsap.m.Button{\"propertyName\":\"tooltip\",\"key\":\"closeColumn\"}"}]}
RESULT: undefined
COMMAND: POST /session/3fdfcd34cc1ad0984bb83731bfb105d6/element - {"using":"xpath","value":"//*[@id=\"__button47\"]"}
RESULT: {}
RESULT: {"using":"xpath","value":"//*[@id=\"__button47\"]"}
COMMAND: POST /session/3fdfcd34cc1ad0984bb83731bfb105d6/element/f.902B563C9587CBB3E624B0B064AC9B4C.d.C160B33935430AED23017E6929727131.e.6214/click - {}
RESULT: {}
COMMAND: GET /session/3fdfcd34cc1ad0984bb83731bfb105d6/screenshot - {}
RESULT: {}
COMMAND: POST /session/3fdfcd34cc1ad0984bb83731bfb105d6/refresh - {}
RESULT: {}
COMMAND: GET /session/3fdfcd34cc1ad0984bb83731bfb105d6/screenshot - {}
RESULT: {}
COMMAND: POST /session/3fdfcd34cc1ad0984bb83731bfb105d6/refresh - {}
RESULT: {}
COMMAND: GET /session/3fdfcd34cc1ad0984bb83731bfb105d6/screenshot - {}
RESULT: {}
COMMAND: POST /session/3fdfcd34cc1ad0984bb83731bfb105d6/window/fullscreen - {}
RESULT: {}
COMMAND: POST /session/3fdfcd34cc1ad0984bb83731bfb105d6/execute/async - {"script":"<script> [189 bytes]","args":[]}
RESULT: {"script":"<script> [189 bytes]","args":[]}
COMMAND: POST /session/3fdfcd34cc1ad0984bb83731bfb105d6/execute/async - {"script":"<script> [123 bytes]","args":[]}
RESULT: {"script":"<script> [123 bytes]","args":[]}
COMMAND: POST /session/3fdfcd34cc1ad0984bb83731bfb105d6/timeouts - {"script":"<number>"}
RESULT: {"script":"<number>"}
COMMAND: GET /session/3fdfcd34cc1ad0984bb83731bfb105d6/timeouts - {}
RESULT: {}
RESULT: undefined
COMMAND: POST /session/3fdfcd34cc1ad0984bb83731bfb105d6/execute/async - {"script":"<script> [2676 bytes]","args":[]}
RESULT: {"script":"<script> [2676 bytes]","args":[]}
COMMAND: POST /session/3fdfcd34cc1ad0984bb83731bfb105d6/execute/async - {"script":"<script> [2342 bytes]","args":[{"protocol":"http","hostname":"0.0.0.0","path":"/","capabilities":{"browserName":"chrome","goog:chromeOptions":{"binary":"C:\\Program Files\\Google\\Chrome\\Application\\chrome.exe","args":["--start-maximized"]}},"logLevel":"warn","connectionRetryTimeout":120000,"connectionRetryCount":3,"logLevels":{},"enableDirectConnect":true,"strictSSL":true,"_":"65 more keys: [\"cacheDir\",\"port\",\"requestedCapabilities\",\"automationProtocol\",\"baseUrl\",\"waitforInterval\",\"waitforTimeout\",\"onReload\",\"beforeCommand\",\"afterCommand\",\"rootDir\",\"specs\",\"suites\",\"exclude\",\"groupLogsByTestSpec\",\"excludeDriverLogs\",\"bail\",\"framework\",\"reporters\",\"services\",\"maxInstances\",\"maxInstancesPerCapability\",\"injectGlobals\",\"filesToWatch\",\"execArgv\",\"runnerEnv\",\"runner\",\"shard\",\"specFileRetries\",\"specFileRetriesDelay\",\"specFileRetriesDeferred\",\"reporterSyncInterval\",\"reporterSyncTimeout\",\"cucumberFeaturesWithLineNumbers\",\"autoCompileOpts\",\"mochaOpts\",\"jasmineOpts\",\"cucumberOpts\",\"onPrepare\",\"onWorkerStart\",\"onWorkerEnd\",\"before\",\"beforeSession\",\"beforeSuite\",\"beforeHook\",\"beforeTest\",\"afterTest\",\"afterHook\",\"afterSuite\",\"afterSession\",\"after\",\"onComplete\",\"beforeAssertion\",\"afterAssertion\",\"beforeFeature\",\"beforeScenario\",\"beforeStep\",\"afterStep\",\"afterScenario\",\"afterFeature\",\"_\",\"suite\",\"$0\",\"ignoredWorkerServices\",\"wdi5\"]"}]}
RESULT: {"script":"<script> [2342 bytes]","args":[{"protocol":"http","hostname":"0.0.0.0","path":"/","capabilities":{"browserName":"chrome","goog:chromeOptions":{"binary":"C:\\Program Files\\Google\\Chrome\\Application\\chrome.exe","args":["--start-maximized"]}},"logLevel":"warn","connectionRetryTimeout":120000,"connectionRetryCount":3,"logLevels":{},"enableDirectConnect":true,"strictSSL":true,"_":"65 more keys: [\"cacheDir\",\"port\",\"requestedCapabilities\",\"automationProtocol\",\"baseUrl\",\"waitforInterval\",\"waitforTimeout\",\"onReload\",\"beforeCommand\",\"afterCommand\",\"rootDir\",\"specs\",\"suites\",\"exclude\",\"groupLogsByTestSpec\",\"excludeDriverLogs\",\"bail\",\"framework\",\"reporters\",\"services\",\"maxInstances\",\"maxInstancesPerCapability\",\"injectGlobals\",\"filesToWatch\",\"execArgv\",\"runnerEnv\",\"runner\",\"shard\",\"specFileRetries\",\"specFileRetriesDelay\",\"specFileRetriesDeferred\",\"reporterSyncInterval\",\"reporterSyncTimeout\",\"cucumberFeaturesWithLineNumbers\",\"autoCompileOpts\",\"mochaOpts\",\"jasmineOpts\",\"cucumberOpts\",\"onPrepare\",\"onWorkerStart\",\"onWorkerEnd\",\"before\",\"beforeSession\",\"beforeSuite\",\"beforeHook\",\"beforeTest\",\"afterTest\",\"afterHook\",\"afterSuite\",\"afterSession\",\"after\",\"onComplete\",\"beforeAssertion\",\"afterAssertion\",\"beforeFeature\",\"beforeScenario\",\"beforeStep\",\"afterStep\",\"afterScenario\",\"afterFeature\",\"_\",\"suite\",\"$0\",\"ignoredWorkerServices\",\"wdi5\"]"}]}
COMMAND: POST /session/3fdfcd34cc1ad0984bb83731bfb105d6/execute/async - {"script":"<script> [21126 bytes]","args":[35000]}
RESULT: {"script":"<script> [21126 bytes]","args":[35000]}
]]></system-out>
    </testcase>
    <testcase classname="chrome.136_0_7103_93.windows.Create_2_RU_material_US118246" name="Create WHM material" time="197.437">
      <system-out><![CDATA[
COMMAND: POST /session/3fdfcd34cc1ad0984bb83731bfb105d6/element - {"using":"xpath","value":"//button[@data-kt=\"addNewRUOverflowToolbarButton\"]"}
RESULT: {"using":"xpath","value":"//button[@data-kt=\"addNewRUOverflowToolbarButton\"]"}
COMMAND: POST /session/3fdfcd34cc1ad0984bb83731bfb105d6/execute/sync - {"script":"<script> [8489 bytes]","args":[{"element-6066-11e4-a52e-4f735466cecf":"f.902B563C9587CBB3E624B0B064AC9B4C.d.306CB2737CF441C5B6569B02A1B46EF6.e.6350","ELEMENT":"f.902B563C9587CBB3E624B0B064AC9B4C.d.306CB2737CF441C5B6569B02A1B46EF6.e.6350"}]}
RESULT: {"script":"<script> [8489 bytes]","args":[{"element-6066-11e4-a52e-4f735466cecf":"f.902B563C9587CBB3E624B0B064AC9B4C.d.306CB2737CF441C5B6569B02A1B46EF6.e.6350","ELEMENT":"f.902B563C9587CBB3E624B0B064AC9B4C.d.306CB2737CF441C5B6569B02A1B46EF6.e.6350"}]}
COMMAND: POST /session/3fdfcd34cc1ad0984bb83731bfb105d6/element/f.902B563C9587CBB3E624B0B064AC9B4C.d.306CB2737CF441C5B6569B02A1B46EF6.e.6350/click - {}
COMMAND: GET /session/3fdfcd34cc1ad0984bb83731bfb105d6/screenshot - {}
RESULT: {}
COMMAND: GET /session/3fdfcd34cc1ad0984bb83731bfb105d6/screenshot - {}
RESULT: {}
COMMAND: POST /session/3fdfcd34cc1ad0984bb83731bfb105d6/execute/async - {"script":"<script> [1562 bytes]","args":[{"selector":{"controlType":"sap.m.ComboBox","viewName":"reusables.view.manageresources.NewResourceUnit","viewId":"application-manageresources-display-component---newResourceUnit","bindingPath":{"path":"","propertyPath":"/RuTypes","modelName":"catalogModel"},"searchOpenDialogs":true},"wdio_ui5_key":"reusablesview.manageresources.NewResourceUnitsap.m.ComboBox{\"path\":\"\",\"propertyPath\":\"/RuTypes\",\"modelName\":\"catalogModel\"}"}]}
RESULT: {}
RESULT: {"script":"<script> [1562 bytes]","args":[{"selector":{"controlType":"sap.m.ComboBox","viewName":"reusables.view.manageresources.NewResourceUnit","viewId":"application-manageresources-display-component---newResourceUnit","bindingPath":{"path":"","propertyPath":"/RuTypes","modelName":"catalogModel"},"searchOpenDialogs":true},"wdio_ui5_key":"reusablesview.manageresources.NewResourceUnitsap.m.ComboBox{\"path\":\"\",\"propertyPath\":\"/RuTypes\",\"modelName\":\"catalogModel\"}"}]}
RESULT: undefined
COMMAND: POST /session/3fdfcd34cc1ad0984bb83731bfb105d6/execute/async - {"script":"<script> [1562 bytes]","args":[{"selector":{"controlType":"sap.m.ComboBox","viewName":"reusables.view.manageresources.NewResourceUnit","viewId":"application-manageresources-display-component---newResourceUnit","bindingPath":{"path":"","propertyPath":"/Yards","modelName":"catalogModel"},"searchOpenDialogs":true},"wdio_ui5_key":"reusablesview.manageresources.NewResourceUnitsap.m.ComboBox{\"path\":\"\",\"propertyPath\":\"/Yards\",\"modelName\":\"catalogModel\"}"}]}
RESULT: {"script":"<script> [1562 bytes]","args":[{"selector":{"controlType":"sap.m.ComboBox","viewName":"reusables.view.manageresources.NewResourceUnit","viewId":"application-manageresources-display-component---newResourceUnit","bindingPath":{"path":"","propertyPath":"/Yards","modelName":"catalogModel"},"searchOpenDialogs":true},"wdio_ui5_key":"reusablesview.manageresources.NewResourceUnitsap.m.ComboBox{\"path\":\"\",\"propertyPath\":\"/Yards\",\"modelName\":\"catalogModel\"}"}]}
RESULT: undefined
COMMAND: POST /session/3fdfcd34cc1ad0984bb83731bfb105d6/execute/async - {"script":"<script> [1562 bytes]","args":[{"selector":{"controlType":"etm.portal.ui.reusables.customControls.LiveSearchComboBox","viewName":"reusables.view.manageresources.NewResourceUnit","viewId":"application-manageresources-display-component---newResourceUnit","bindingPath":{"path":"","propertyPath":"/CatalogItems","modelName":"catalogModel"},"searchOpenDialogs":true},"wdio_ui5_key":"reusablesview.manageresources.NewResourceUnitetm.portal.ui.reusables.customControls.LiveSearchComboBox{\"path\":\"\",\"propertyPath\":\"/CatalogItems\",\"modelName\":\"catalogModel\"}"}]}
RESULT: {"script":"<script> [1562 bytes]","args":[{"selector":{"controlType":"etm.portal.ui.reusables.customControls.LiveSearchComboBox","viewName":"reusables.view.manageresources.NewResourceUnit","viewId":"application-manageresources-display-component---newResourceUnit","bindingPath":{"path":"","propertyPath":"/CatalogItems","modelName":"catalogModel"},"searchOpenDialogs":true},"wdio_ui5_key":"reusablesview.manageresources.NewResourceUnitetm.portal.ui.reusables.customControls.LiveSearchComboBox{\"path\":\"\",\"propertyPath\":\"/CatalogItems\",\"modelName\":\"catalogModel\"}"}]}
RESULT: undefined
COMMAND: POST /session/3fdfcd34cc1ad0984bb83731bfb105d6/element - {"using":"xpath","value":"//bdi[text()=\"OK\"]"}
RESULT: {"using":"xpath","value":"//bdi[text()=\"OK\"]"}
COMMAND: POST /session/3fdfcd34cc1ad0984bb83731bfb105d6/elements - {"using":"xpath","value":"//bdi[text()=\"OK\"]"}
RESULT: {"using":"xpath","value":"//bdi[text()=\"OK\"]"}
COMMAND: POST /session/3fdfcd34cc1ad0984bb83731bfb105d6/elements - {"using":"xpath","value":"//bdi[text()=\"OK\"]"}
RESULT: {"using":"xpath","value":"//bdi[text()=\"OK\"]"}
COMMAND: POST /session/3fdfcd34cc1ad0984bb83731bfb105d6/elements - {"using":"xpath","value":"//bdi[text()=\"OK\"]"}
RESULT: {"using":"xpath","value":"//bdi[text()=\"OK\"]"}
COMMAND: POST /session/3fdfcd34cc1ad0984bb83731bfb105d6/elements - {"using":"xpath","value":"//bdi[text()=\"OK\"]"}
RESULT: {"using":"xpath","value":"//bdi[text()=\"OK\"]"}
COMMAND: POST /session/3fdfcd34cc1ad0984bb83731bfb105d6/elements - {"using":"xpath","value":"//bdi[text()=\"OK\"]"}
RESULT: {"using":"xpath","value":"//bdi[text()=\"OK\"]"}
COMMAND: POST /session/3fdfcd34cc1ad0984bb83731bfb105d6/elements - {"using":"xpath","value":"//bdi[text()=\"OK\"]"}
RESULT: {"using":"xpath","value":"//bdi[text()=\"OK\"]"}
COMMAND: POST /session/3fdfcd34cc1ad0984bb83731bfb105d6/elements - {"using":"xpath","value":"//bdi[text()=\"OK\"]"}
RESULT: {"using":"xpath","value":"//bdi[text()=\"OK\"]"}
COMMAND: POST /session/3fdfcd34cc1ad0984bb83731bfb105d6/elements - {"using":"xpath","value":"//bdi[text()=\"OK\"]"}
RESULT: {"using":"xpath","value":"//bdi[text()=\"OK\"]"}
COMMAND: POST /session/3fdfcd34cc1ad0984bb83731bfb105d6/elements - {"using":"xpath","value":"//bdi[text()=\"OK\"]"}
RESULT: {"using":"xpath","value":"//bdi[text()=\"OK\"]"}
COMMAND: POST /session/3fdfcd34cc1ad0984bb83731bfb105d6/elements - {"using":"xpath","value":"//bdi[text()=\"OK\"]"}
RESULT: {"using":"xpath","value":"//bdi[text()=\"OK\"]"}
COMMAND: POST /session/3fdfcd34cc1ad0984bb83731bfb105d6/elements - {"using":"xpath","value":"//bdi[text()=\"OK\"]"}
RESULT: {"using":"xpath","value":"//bdi[text()=\"OK\"]"}
COMMAND: POST /session/3fdfcd34cc1ad0984bb83731bfb105d6/elements - {"using":"xpath","value":"//bdi[text()=\"OK\"]"}
RESULT: {"using":"xpath","value":"//bdi[text()=\"OK\"]"}
COMMAND: POST /session/3fdfcd34cc1ad0984bb83731bfb105d6/elements - {"using":"xpath","value":"//bdi[text()=\"OK\"]"}
RESULT: {"using":"xpath","value":"//bdi[text()=\"OK\"]"}
COMMAND: POST /session/3fdfcd34cc1ad0984bb83731bfb105d6/elements - {"using":"xpath","value":"//bdi[text()=\"OK\"]"}
RESULT: {"using":"xpath","value":"//bdi[text()=\"OK\"]"}
COMMAND: POST /session/3fdfcd34cc1ad0984bb83731bfb105d6/elements - {"using":"xpath","value":"//bdi[text()=\"OK\"]"}
RESULT: {"using":"xpath","value":"//bdi[text()=\"OK\"]"}
COMMAND: POST /session/3fdfcd34cc1ad0984bb83731bfb105d6/elements - {"using":"xpath","value":"//bdi[text()=\"OK\"]"}
RESULT: {"using":"xpath","value":"//bdi[text()=\"OK\"]"}
COMMAND: POST /session/3fdfcd34cc1ad0984bb83731bfb105d6/elements - {"using":"xpath","value":"//bdi[text()=\"OK\"]"}
RESULT: {"using":"xpath","value":"//bdi[text()=\"OK\"]"}
COMMAND: POST /session/3fdfcd34cc1ad0984bb83731bfb105d6/elements - {"using":"xpath","value":"//bdi[text()=\"OK\"]"}
RESULT: {"using":"xpath","value":"//bdi[text()=\"OK\"]"}
COMMAND: POST /session/3fdfcd34cc1ad0984bb83731bfb105d6/elements - {"using":"xpath","value":"//bdi[text()=\"OK\"]"}
RESULT: {"using":"xpath","value":"//bdi[text()=\"OK\"]"}
COMMAND: POST /session/3fdfcd34cc1ad0984bb83731bfb105d6/elements - {"using":"xpath","value":"//bdi[text()=\"OK\"]"}
RESULT: {"using":"xpath","value":"//bdi[text()=\"OK\"]"}
COMMAND: POST /session/3fdfcd34cc1ad0984bb83731bfb105d6/elements - {"using":"xpath","value":"//bdi[text()=\"OK\"]"}
RESULT: {"using":"xpath","value":"//bdi[text()=\"OK\"]"}
COMMAND: POST /session/3fdfcd34cc1ad0984bb83731bfb105d6/elements - {"using":"xpath","value":"//bdi[text()=\"OK\"]"}
RESULT: {"using":"xpath","value":"//bdi[text()=\"OK\"]"}
COMMAND: POST /session/3fdfcd34cc1ad0984bb83731bfb105d6/elements - {"using":"xpath","value":"//bdi[text()=\"OK\"]"}
RESULT: {"using":"xpath","value":"//bdi[text()=\"OK\"]"}
COMMAND: POST /session/3fdfcd34cc1ad0984bb83731bfb105d6/elements - {"using":"xpath","value":"//bdi[text()=\"OK\"]"}
RESULT: {"using":"xpath","value":"//bdi[text()=\"OK\"]"}
COMMAND: POST /session/3fdfcd34cc1ad0984bb83731bfb105d6/elements - {"using":"xpath","value":"//bdi[text()=\"OK\"]"}
RESULT: {"using":"xpath","value":"//bdi[text()=\"OK\"]"}
COMMAND: POST /session/3fdfcd34cc1ad0984bb83731bfb105d6/elements - {"using":"xpath","value":"//bdi[text()=\"OK\"]"}
RESULT: {"using":"xpath","value":"//bdi[text()=\"OK\"]"}
COMMAND: POST /session/3fdfcd34cc1ad0984bb83731bfb105d6/elements - {"using":"xpath","value":"//bdi[text()=\"OK\"]"}
RESULT: {"using":"xpath","value":"//bdi[text()=\"OK\"]"}
COMMAND: POST /session/3fdfcd34cc1ad0984bb83731bfb105d6/elements - {"using":"xpath","value":"//bdi[text()=\"OK\"]"}
RESULT: {"using":"xpath","value":"//bdi[text()=\"OK\"]"}
COMMAND: POST /session/3fdfcd34cc1ad0984bb83731bfb105d6/elements - {"using":"xpath","value":"//bdi[text()=\"OK\"]"}
RESULT: {"using":"xpath","value":"//bdi[text()=\"OK\"]"}
COMMAND: POST /session/3fdfcd34cc1ad0984bb83731bfb105d6/elements - {"using":"xpath","value":"//bdi[text()=\"OK\"]"}
RESULT: {"using":"xpath","value":"//bdi[text()=\"OK\"]"}
COMMAND: POST /session/3fdfcd34cc1ad0984bb83731bfb105d6/elements - {"using":"xpath","value":"//bdi[text()=\"OK\"]"}
RESULT: {"using":"xpath","value":"//bdi[text()=\"OK\"]"}
COMMAND: POST /session/3fdfcd34cc1ad0984bb83731bfb105d6/elements - {"using":"xpath","value":"//bdi[text()=\"OK\"]"}
RESULT: {"using":"xpath","value":"//bdi[text()=\"OK\"]"}
COMMAND: POST /session/3fdfcd34cc1ad0984bb83731bfb105d6/elements - {"using":"xpath","value":"//bdi[text()=\"OK\"]"}
RESULT: {"using":"xpath","value":"//bdi[text()=\"OK\"]"}
COMMAND: POST /session/3fdfcd34cc1ad0984bb83731bfb105d6/elements - {"using":"xpath","value":"//bdi[text()=\"OK\"]"}
RESULT: {"using":"xpath","value":"//bdi[text()=\"OK\"]"}
COMMAND: POST /session/3fdfcd34cc1ad0984bb83731bfb105d6/elements - {"using":"xpath","value":"//bdi[text()=\"OK\"]"}
RESULT: {"using":"xpath","value":"//bdi[text()=\"OK\"]"}
COMMAND: POST /session/3fdfcd34cc1ad0984bb83731bfb105d6/elements - {"using":"xpath","value":"//bdi[text()=\"OK\"]"}
RESULT: {"using":"xpath","value":"//bdi[text()=\"OK\"]"}
COMMAND: POST /session/3fdfcd34cc1ad0984bb83731bfb105d6/elements - {"using":"xpath","value":"//bdi[text()=\"OK\"]"}
RESULT: {"using":"xpath","value":"//bdi[text()=\"OK\"]"}
COMMAND: POST /session/3fdfcd34cc1ad0984bb83731bfb105d6/elements - {"using":"xpath","value":"//bdi[text()=\"OK\"]"}
RESULT: {"using":"xpath","value":"//bdi[text()=\"OK\"]"}
COMMAND: POST /session/3fdfcd34cc1ad0984bb83731bfb105d6/elements - {"using":"xpath","value":"//bdi[text()=\"OK\"]"}
RESULT: {"using":"xpath","value":"//bdi[text()=\"OK\"]"}
COMMAND: POST /session/3fdfcd34cc1ad0984bb83731bfb105d6/elements - {"using":"xpath","value":"//bdi[text()=\"OK\"]"}
RESULT: {"using":"xpath","value":"//bdi[text()=\"OK\"]"}
COMMAND: POST /session/3fdfcd34cc1ad0984bb83731bfb105d6/elements - {"using":"xpath","value":"//bdi[text()=\"OK\"]"}
RESULT: {"using":"xpath","value":"//bdi[text()=\"OK\"]"}
COMMAND: POST /session/3fdfcd34cc1ad0984bb83731bfb105d6/elements - {"using":"xpath","value":"//bdi[text()=\"OK\"]"}
RESULT: {"using":"xpath","value":"//bdi[text()=\"OK\"]"}
COMMAND: POST /session/3fdfcd34cc1ad0984bb83731bfb105d6/elements - {"using":"xpath","value":"//bdi[text()=\"OK\"]"}
RESULT: {"using":"xpath","value":"//bdi[text()=\"OK\"]"}
COMMAND: POST /session/3fdfcd34cc1ad0984bb83731bfb105d6/elements - {"using":"xpath","value":"//bdi[text()=\"OK\"]"}
RESULT: {"using":"xpath","value":"//bdi[text()=\"OK\"]"}
COMMAND: POST /session/3fdfcd34cc1ad0984bb83731bfb105d6/elements - {"using":"xpath","value":"//bdi[text()=\"OK\"]"}
RESULT: {"using":"xpath","value":"//bdi[text()=\"OK\"]"}
COMMAND: POST /session/3fdfcd34cc1ad0984bb83731bfb105d6/elements - {"using":"xpath","value":"//bdi[text()=\"OK\"]"}
RESULT: {"using":"xpath","value":"//bdi[text()=\"OK\"]"}
COMMAND: POST /session/3fdfcd34cc1ad0984bb83731bfb105d6/elements - {"using":"xpath","value":"//bdi[text()=\"OK\"]"}
RESULT: {"using":"xpath","value":"//bdi[text()=\"OK\"]"}
COMMAND: POST /session/3fdfcd34cc1ad0984bb83731bfb105d6/elements - {"using":"xpath","value":"//bdi[text()=\"OK\"]"}
RESULT: {"using":"xpath","value":"//bdi[text()=\"OK\"]"}
COMMAND: POST /session/3fdfcd34cc1ad0984bb83731bfb105d6/elements - {"using":"xpath","value":"//bdi[text()=\"OK\"]"}
RESULT: {"using":"xpath","value":"//bdi[text()=\"OK\"]"}
COMMAND: POST /session/3fdfcd34cc1ad0984bb83731bfb105d6/elements - {"using":"xpath","value":"//bdi[text()=\"OK\"]"}
RESULT: {"using":"xpath","value":"//bdi[text()=\"OK\"]"}
COMMAND: POST /session/3fdfcd34cc1ad0984bb83731bfb105d6/elements - {"using":"xpath","value":"//bdi[text()=\"OK\"]"}
RESULT: {"using":"xpath","value":"//bdi[text()=\"OK\"]"}
COMMAND: POST /session/3fdfcd34cc1ad0984bb83731bfb105d6/elements - {"using":"xpath","value":"//bdi[text()=\"OK\"]"}
RESULT: {"using":"xpath","value":"//bdi[text()=\"OK\"]"}
COMMAND: POST /session/3fdfcd34cc1ad0984bb83731bfb105d6/elements - {"using":"xpath","value":"//bdi[text()=\"OK\"]"}
RESULT: {"using":"xpath","value":"//bdi[text()=\"OK\"]"}
COMMAND: POST /session/3fdfcd34cc1ad0984bb83731bfb105d6/elements - {"using":"xpath","value":"//bdi[text()=\"OK\"]"}
RESULT: {"using":"xpath","value":"//bdi[text()=\"OK\"]"}
COMMAND: POST /session/3fdfcd34cc1ad0984bb83731bfb105d6/elements - {"using":"xpath","value":"//bdi[text()=\"OK\"]"}
RESULT: {"using":"xpath","value":"//bdi[text()=\"OK\"]"}
COMMAND: POST /session/3fdfcd34cc1ad0984bb83731bfb105d6/elements - {"using":"xpath","value":"//bdi[text()=\"OK\"]"}
RESULT: {"using":"xpath","value":"//bdi[text()=\"OK\"]"}
COMMAND: POST /session/3fdfcd34cc1ad0984bb83731bfb105d6/elements - {"using":"xpath","value":"//bdi[text()=\"OK\"]"}
RESULT: {"using":"xpath","value":"//bdi[text()=\"OK\"]"}
COMMAND: POST /session/3fdfcd34cc1ad0984bb83731bfb105d6/elements - {"using":"xpath","value":"//bdi[text()=\"OK\"]"}
RESULT: {"using":"xpath","value":"//bdi[text()=\"OK\"]"}
COMMAND: POST /session/3fdfcd34cc1ad0984bb83731bfb105d6/elements - {"using":"xpath","value":"//bdi[text()=\"OK\"]"}
RESULT: {"using":"xpath","value":"//bdi[text()=\"OK\"]"}
COMMAND: POST /session/3fdfcd34cc1ad0984bb83731bfb105d6/elements - {"using":"xpath","value":"//bdi[text()=\"OK\"]"}
RESULT: {"using":"xpath","value":"//bdi[text()=\"OK\"]"}
COMMAND: POST /session/3fdfcd34cc1ad0984bb83731bfb105d6/elements - {"using":"xpath","value":"//bdi[text()=\"OK\"]"}
RESULT: {"using":"xpath","value":"//bdi[text()=\"OK\"]"}
COMMAND: POST /session/3fdfcd34cc1ad0984bb83731bfb105d6/elements - {"using":"xpath","value":"//bdi[text()=\"OK\"]"}
RESULT: {"using":"xpath","value":"//bdi[text()=\"OK\"]"}
COMMAND: POST /session/3fdfcd34cc1ad0984bb83731bfb105d6/elements - {"using":"xpath","value":"//bdi[text()=\"OK\"]"}
RESULT: {"using":"xpath","value":"//bdi[text()=\"OK\"]"}
COMMAND: POST /session/3fdfcd34cc1ad0984bb83731bfb105d6/elements - {"using":"xpath","value":"//bdi[text()=\"OK\"]"}
RESULT: {"using":"xpath","value":"//bdi[text()=\"OK\"]"}
COMMAND: POST /session/3fdfcd34cc1ad0984bb83731bfb105d6/elements - {"using":"xpath","value":"//bdi[text()=\"OK\"]"}
RESULT: {"using":"xpath","value":"//bdi[text()=\"OK\"]"}
COMMAND: POST /session/3fdfcd34cc1ad0984bb83731bfb105d6/elements - {"using":"xpath","value":"//bdi[text()=\"OK\"]"}
RESULT: {"using":"xpath","value":"//bdi[text()=\"OK\"]"}
COMMAND: POST /session/3fdfcd34cc1ad0984bb83731bfb105d6/elements - {"using":"xpath","value":"//bdi[text()=\"OK\"]"}
RESULT: {"using":"xpath","value":"//bdi[text()=\"OK\"]"}
COMMAND: POST /session/3fdfcd34cc1ad0984bb83731bfb105d6/elements - {"using":"xpath","value":"//bdi[text()=\"OK\"]"}
RESULT: {"using":"xpath","value":"//bdi[text()=\"OK\"]"}
COMMAND: POST /session/3fdfcd34cc1ad0984bb83731bfb105d6/elements - {"using":"xpath","value":"//bdi[text()=\"OK\"]"}
RESULT: {"using":"xpath","value":"//bdi[text()=\"OK\"]"}
COMMAND: POST /session/3fdfcd34cc1ad0984bb83731bfb105d6/elements - {"using":"xpath","value":"//bdi[text()=\"OK\"]"}
RESULT: {"using":"xpath","value":"//bdi[text()=\"OK\"]"}
COMMAND: POST /session/3fdfcd34cc1ad0984bb83731bfb105d6/elements - {"using":"xpath","value":"//bdi[text()=\"OK\"]"}
RESULT: {"using":"xpath","value":"//bdi[text()=\"OK\"]"}
COMMAND: POST /session/3fdfcd34cc1ad0984bb83731bfb105d6/elements - {"using":"xpath","value":"//bdi[text()=\"OK\"]"}
RESULT: {"using":"xpath","value":"//bdi[text()=\"OK\"]"}
COMMAND: POST /session/3fdfcd34cc1ad0984bb83731bfb105d6/elements - {"using":"xpath","value":"//bdi[text()=\"OK\"]"}
RESULT: {"using":"xpath","value":"//bdi[text()=\"OK\"]"}
COMMAND: POST /session/3fdfcd34cc1ad0984bb83731bfb105d6/elements - {"using":"xpath","value":"//bdi[text()=\"OK\"]"}
RESULT: {"using":"xpath","value":"//bdi[text()=\"OK\"]"}
COMMAND: POST /session/3fdfcd34cc1ad0984bb83731bfb105d6/elements - {"using":"xpath","value":"//bdi[text()=\"OK\"]"}
RESULT: {"using":"xpath","value":"//bdi[text()=\"OK\"]"}
COMMAND: POST /session/3fdfcd34cc1ad0984bb83731bfb105d6/elements - {"using":"xpath","value":"//bdi[text()=\"OK\"]"}
RESULT: {"using":"xpath","value":"//bdi[text()=\"OK\"]"}
COMMAND: POST /session/3fdfcd34cc1ad0984bb83731bfb105d6/elements - {"using":"xpath","value":"//bdi[text()=\"OK\"]"}
RESULT: {"using":"xpath","value":"//bdi[text()=\"OK\"]"}
COMMAND: POST /session/3fdfcd34cc1ad0984bb83731bfb105d6/elements - {"using":"xpath","value":"//bdi[text()=\"OK\"]"}
RESULT: {"using":"xpath","value":"//bdi[text()=\"OK\"]"}
COMMAND: POST /session/3fdfcd34cc1ad0984bb83731bfb105d6/elements - {"using":"xpath","value":"//bdi[text()=\"OK\"]"}
RESULT: {"using":"xpath","value":"//bdi[text()=\"OK\"]"}
COMMAND: POST /session/3fdfcd34cc1ad0984bb83731bfb105d6/elements - {"using":"xpath","value":"//bdi[text()=\"OK\"]"}
RESULT: {"using":"xpath","value":"//bdi[text()=\"OK\"]"}
COMMAND: POST /session/3fdfcd34cc1ad0984bb83731bfb105d6/elements - {"using":"xpath","value":"//bdi[text()=\"OK\"]"}
RESULT: {"using":"xpath","value":"//bdi[text()=\"OK\"]"}
COMMAND: POST /session/3fdfcd34cc1ad0984bb83731bfb105d6/elements - {"using":"xpath","value":"//bdi[text()=\"OK\"]"}
RESULT: {"using":"xpath","value":"//bdi[text()=\"OK\"]"}
COMMAND: POST /session/3fdfcd34cc1ad0984bb83731bfb105d6/elements - {"using":"xpath","value":"//bdi[text()=\"OK\"]"}
RESULT: {"using":"xpath","value":"//bdi[text()=\"OK\"]"}
COMMAND: POST /session/3fdfcd34cc1ad0984bb83731bfb105d6/elements - {"using":"xpath","value":"//bdi[text()=\"OK\"]"}
RESULT: {"using":"xpath","value":"//bdi[text()=\"OK\"]"}
COMMAND: POST /session/3fdfcd34cc1ad0984bb83731bfb105d6/elements - {"using":"xpath","value":"//bdi[text()=\"OK\"]"}
RESULT: {"using":"xpath","value":"//bdi[text()=\"OK\"]"}
COMMAND: POST /session/3fdfcd34cc1ad0984bb83731bfb105d6/elements - {"using":"xpath","value":"//bdi[text()=\"OK\"]"}
RESULT: {"using":"xpath","value":"//bdi[text()=\"OK\"]"}
COMMAND: POST /session/3fdfcd34cc1ad0984bb83731bfb105d6/elements - {"using":"xpath","value":"//bdi[text()=\"OK\"]"}
RESULT: {"using":"xpath","value":"//bdi[text()=\"OK\"]"}
COMMAND: POST /session/3fdfcd34cc1ad0984bb83731bfb105d6/elements - {"using":"xpath","value":"//bdi[text()=\"OK\"]"}
RESULT: {"using":"xpath","value":"//bdi[text()=\"OK\"]"}
COMMAND: POST /session/3fdfcd34cc1ad0984bb83731bfb105d6/elements - {"using":"xpath","value":"//bdi[text()=\"OK\"]"}
RESULT: {"using":"xpath","value":"//bdi[text()=\"OK\"]"}
COMMAND: POST /session/3fdfcd34cc1ad0984bb83731bfb105d6/elements - {"using":"xpath","value":"//bdi[text()=\"OK\"]"}
RESULT: {"using":"xpath","value":"//bdi[text()=\"OK\"]"}
COMMAND: POST /session/3fdfcd34cc1ad0984bb83731bfb105d6/elements - {"using":"xpath","value":"//bdi[text()=\"OK\"]"}
RESULT: {"using":"xpath","value":"//bdi[text()=\"OK\"]"}
COMMAND: POST /session/3fdfcd34cc1ad0984bb83731bfb105d6/elements - {"using":"xpath","value":"//bdi[text()=\"OK\"]"}
RESULT: {"using":"xpath","value":"//bdi[text()=\"OK\"]"}
COMMAND: POST /session/3fdfcd34cc1ad0984bb83731bfb105d6/elements - {"using":"xpath","value":"//bdi[text()=\"OK\"]"}
RESULT: {"using":"xpath","value":"//bdi[text()=\"OK\"]"}
COMMAND: POST /session/3fdfcd34cc1ad0984bb83731bfb105d6/elements - {"using":"xpath","value":"//bdi[text()=\"OK\"]"}
RESULT: {"using":"xpath","value":"//bdi[text()=\"OK\"]"}
COMMAND: POST /session/3fdfcd34cc1ad0984bb83731bfb105d6/elements - {"using":"xpath","value":"//bdi[text()=\"OK\"]"}
RESULT: {"using":"xpath","value":"//bdi[text()=\"OK\"]"}
COMMAND: POST /session/3fdfcd34cc1ad0984bb83731bfb105d6/elements - {"using":"xpath","value":"//bdi[text()=\"OK\"]"}
RESULT: {"using":"xpath","value":"//bdi[text()=\"OK\"]"}
COMMAND: POST /session/3fdfcd34cc1ad0984bb83731bfb105d6/elements - {"using":"xpath","value":"//bdi[text()=\"OK\"]"}
RESULT: {"using":"xpath","value":"//bdi[text()=\"OK\"]"}
COMMAND: POST /session/3fdfcd34cc1ad0984bb83731bfb105d6/elements - {"using":"xpath","value":"//bdi[text()=\"OK\"]"}
RESULT: {"using":"xpath","value":"//bdi[text()=\"OK\"]"}
COMMAND: POST /session/3fdfcd34cc1ad0984bb83731bfb105d6/elements - {"using":"xpath","value":"//bdi[text()=\"OK\"]"}
RESULT: {"using":"xpath","value":"//bdi[text()=\"OK\"]"}
COMMAND: POST /session/3fdfcd34cc1ad0984bb83731bfb105d6/elements - {"using":"xpath","value":"//bdi[text()=\"OK\"]"}
RESULT: {"using":"xpath","value":"//bdi[text()=\"OK\"]"}
COMMAND: POST /session/3fdfcd34cc1ad0984bb83731bfb105d6/elements - {"using":"xpath","value":"//bdi[text()=\"OK\"]"}
RESULT: {"using":"xpath","value":"//bdi[text()=\"OK\"]"}
COMMAND: POST /session/3fdfcd34cc1ad0984bb83731bfb105d6/elements - {"using":"xpath","value":"//bdi[text()=\"OK\"]"}
RESULT: {"using":"xpath","value":"//bdi[text()=\"OK\"]"}
COMMAND: POST /session/3fdfcd34cc1ad0984bb83731bfb105d6/elements - {"using":"xpath","value":"//bdi[text()=\"OK\"]"}
RESULT: {"using":"xpath","value":"//bdi[text()=\"OK\"]"}
COMMAND: POST /session/3fdfcd34cc1ad0984bb83731bfb105d6/elements - {"using":"xpath","value":"//bdi[text()=\"OK\"]"}
RESULT: {"using":"xpath","value":"//bdi[text()=\"OK\"]"}
COMMAND: POST /session/3fdfcd34cc1ad0984bb83731bfb105d6/elements - {"using":"xpath","value":"//bdi[text()=\"OK\"]"}
RESULT: {"using":"xpath","value":"//bdi[text()=\"OK\"]"}
COMMAND: POST /session/3fdfcd34cc1ad0984bb83731bfb105d6/elements - {"using":"xpath","value":"//bdi[text()=\"OK\"]"}
RESULT: {"using":"xpath","value":"//bdi[text()=\"OK\"]"}
COMMAND: POST /session/3fdfcd34cc1ad0984bb83731bfb105d6/elements - {"using":"xpath","value":"//bdi[text()=\"OK\"]"}
RESULT: {"using":"xpath","value":"//bdi[text()=\"OK\"]"}
COMMAND: POST /session/3fdfcd34cc1ad0984bb83731bfb105d6/elements - {"using":"xpath","value":"//bdi[text()=\"OK\"]"}
RESULT: {"using":"xpath","value":"//bdi[text()=\"OK\"]"}
COMMAND: POST /session/3fdfcd34cc1ad0984bb83731bfb105d6/elements - {"using":"xpath","value":"//bdi[text()=\"OK\"]"}
RESULT: {"using":"xpath","value":"//bdi[text()=\"OK\"]"}
COMMAND: POST /session/3fdfcd34cc1ad0984bb83731bfb105d6/elements - {"using":"xpath","value":"//bdi[text()=\"OK\"]"}
RESULT: {"using":"xpath","value":"//bdi[text()=\"OK\"]"}
COMMAND: POST /session/3fdfcd34cc1ad0984bb83731bfb105d6/elements - {"using":"xpath","value":"//bdi[text()=\"OK\"]"}
RESULT: {"using":"xpath","value":"//bdi[text()=\"OK\"]"}
COMMAND: POST /session/3fdfcd34cc1ad0984bb83731bfb105d6/elements - {"using":"xpath","value":"//bdi[text()=\"OK\"]"}
RESULT: {"using":"xpath","value":"//bdi[text()=\"OK\"]"}
COMMAND: POST /session/3fdfcd34cc1ad0984bb83731bfb105d6/elements - {"using":"xpath","value":"//bdi[text()=\"OK\"]"}
RESULT: {"using":"xpath","value":"//bdi[text()=\"OK\"]"}
COMMAND: POST /session/3fdfcd34cc1ad0984bb83731bfb105d6/elements - {"using":"xpath","value":"//bdi[text()=\"OK\"]"}
RESULT: {"using":"xpath","value":"//bdi[text()=\"OK\"]"}
COMMAND: POST /session/3fdfcd34cc1ad0984bb83731bfb105d6/elements - {"using":"xpath","value":"//bdi[text()=\"OK\"]"}
RESULT: {"using":"xpath","value":"//bdi[text()=\"OK\"]"}
COMMAND: POST /session/3fdfcd34cc1ad0984bb83731bfb105d6/elements - {"using":"xpath","value":"//bdi[text()=\"OK\"]"}
RESULT: {"using":"xpath","value":"//bdi[text()=\"OK\"]"}
COMMAND: POST /session/3fdfcd34cc1ad0984bb83731bfb105d6/elements - {"using":"xpath","value":"//bdi[text()=\"OK\"]"}
RESULT: {"using":"xpath","value":"//bdi[text()=\"OK\"]"}
COMMAND: POST /session/3fdfcd34cc1ad0984bb83731bfb105d6/elements - {"using":"xpath","value":"//bdi[text()=\"OK\"]"}
RESULT: {"using":"xpath","value":"//bdi[text()=\"OK\"]"}
COMMAND: POST /session/3fdfcd34cc1ad0984bb83731bfb105d6/elements - {"using":"xpath","value":"//bdi[text()=\"OK\"]"}
RESULT: {"using":"xpath","value":"//bdi[text()=\"OK\"]"}
COMMAND: POST /session/3fdfcd34cc1ad0984bb83731bfb105d6/elements - {"using":"xpath","value":"//bdi[text()=\"OK\"]"}
RESULT: {"using":"xpath","value":"//bdi[text()=\"OK\"]"}
COMMAND: POST /session/3fdfcd34cc1ad0984bb83731bfb105d6/elements - {"using":"xpath","value":"//bdi[text()=\"OK\"]"}
COMMAND: POST /session/3fdfcd34cc1ad0984bb83731bfb105d6/element - {"using":"xpath","value":"//bdi[text()=\"OK\"]"}
RESULT: {"using":"xpath","value":"//bdi[text()=\"OK\"]"}
RESULT: {"using":"xpath","value":"//bdi[text()=\"OK\"]"}
COMMAND: POST /session/3fdfcd34cc1ad0984bb83731bfb105d6/elements - {"using":"xpath","value":"//bdi[text()=\"OK\"]"}
RESULT: {"using":"xpath","value":"//bdi[text()=\"OK\"]"}
COMMAND: POST /session/3fdfcd34cc1ad0984bb83731bfb105d6/elements - {"using":"xpath","value":"//bdi[text()=\"OK\"]"}
RESULT: {"using":"xpath","value":"//bdi[text()=\"OK\"]"}
COMMAND: POST /session/3fdfcd34cc1ad0984bb83731bfb105d6/elements - {"using":"xpath","value":"//bdi[text()=\"OK\"]"}
RESULT: {"using":"xpath","value":"//bdi[text()=\"OK\"]"}
COMMAND: POST /session/3fdfcd34cc1ad0984bb83731bfb105d6/elements - {"using":"xpath","value":"//bdi[text()=\"OK\"]"}
RESULT: {"using":"xpath","value":"//bdi[text()=\"OK\"]"}
COMMAND: POST /session/3fdfcd34cc1ad0984bb83731bfb105d6/elements - {"using":"xpath","value":"//bdi[text()=\"OK\"]"}
RESULT: {"using":"xpath","value":"//bdi[text()=\"OK\"]"}
COMMAND: POST /session/3fdfcd34cc1ad0984bb83731bfb105d6/elements - {"using":"xpath","value":"//bdi[text()=\"OK\"]"}
RESULT: {"using":"xpath","value":"//bdi[text()=\"OK\"]"}
COMMAND: POST /session/3fdfcd34cc1ad0984bb83731bfb105d6/elements - {"using":"xpath","value":"//bdi[text()=\"OK\"]"}
RESULT: {"using":"xpath","value":"//bdi[text()=\"OK\"]"}
COMMAND: POST /session/3fdfcd34cc1ad0984bb83731bfb105d6/elements - {"using":"xpath","value":"//bdi[text()=\"OK\"]"}
RESULT: {"using":"xpath","value":"//bdi[text()=\"OK\"]"}
COMMAND: POST /session/3fdfcd34cc1ad0984bb83731bfb105d6/elements - {"using":"xpath","value":"//bdi[text()=\"OK\"]"}
RESULT: {"using":"xpath","value":"//bdi[text()=\"OK\"]"}
COMMAND: POST /session/3fdfcd34cc1ad0984bb83731bfb105d6/elements - {"using":"xpath","value":"//bdi[text()=\"OK\"]"}
RESULT: {"using":"xpath","value":"//bdi[text()=\"OK\"]"}
COMMAND: POST /session/3fdfcd34cc1ad0984bb83731bfb105d6/elements - {"using":"xpath","value":"//bdi[text()=\"OK\"]"}
RESULT: {"using":"xpath","value":"//bdi[text()=\"OK\"]"}
COMMAND: POST /session/3fdfcd34cc1ad0984bb83731bfb105d6/elements - {"using":"xpath","value":"//bdi[text()=\"OK\"]"}
RESULT: {"using":"xpath","value":"//bdi[text()=\"OK\"]"}
COMMAND: POST /session/3fdfcd34cc1ad0984bb83731bfb105d6/elements - {"using":"xpath","value":"//bdi[text()=\"OK\"]"}
RESULT: {"using":"xpath","value":"//bdi[text()=\"OK\"]"}
COMMAND: POST /session/3fdfcd34cc1ad0984bb83731bfb105d6/elements - {"using":"xpath","value":"//bdi[text()=\"OK\"]"}
RESULT: {"using":"xpath","value":"//bdi[text()=\"OK\"]"}
COMMAND: POST /session/3fdfcd34cc1ad0984bb83731bfb105d6/elements - {"using":"xpath","value":"//bdi[text()=\"OK\"]"}
RESULT: {"using":"xpath","value":"//bdi[text()=\"OK\"]"}
COMMAND: POST /session/3fdfcd34cc1ad0984bb83731bfb105d6/elements - {"using":"xpath","value":"//bdi[text()=\"OK\"]"}
RESULT: {"using":"xpath","value":"//bdi[text()=\"OK\"]"}
COMMAND: POST /session/3fdfcd34cc1ad0984bb83731bfb105d6/elements - {"using":"xpath","value":"//bdi[text()=\"OK\"]"}
RESULT: {"using":"xpath","value":"//bdi[text()=\"OK\"]"}
COMMAND: POST /session/3fdfcd34cc1ad0984bb83731bfb105d6/elements - {"using":"xpath","value":"//bdi[text()=\"OK\"]"}
RESULT: {"using":"xpath","value":"//bdi[text()=\"OK\"]"}
COMMAND: POST /session/3fdfcd34cc1ad0984bb83731bfb105d6/elements - {"using":"xpath","value":"//bdi[text()=\"OK\"]"}
RESULT: {"using":"xpath","value":"//bdi[text()=\"OK\"]"}
COMMAND: POST /session/3fdfcd34cc1ad0984bb83731bfb105d6/elements - {"using":"xpath","value":"//bdi[text()=\"OK\"]"}
RESULT: {"using":"xpath","value":"//bdi[text()=\"OK\"]"}
COMMAND: POST /session/3fdfcd34cc1ad0984bb83731bfb105d6/elements - {"using":"xpath","value":"//bdi[text()=\"OK\"]"}
RESULT: {"using":"xpath","value":"//bdi[text()=\"OK\"]"}
COMMAND: POST /session/3fdfcd34cc1ad0984bb83731bfb105d6/elements - {"using":"xpath","value":"//bdi[text()=\"OK\"]"}
RESULT: {"using":"xpath","value":"//bdi[text()=\"OK\"]"}
COMMAND: POST /session/3fdfcd34cc1ad0984bb83731bfb105d6/elements - {"using":"xpath","value":"//bdi[text()=\"OK\"]"}
RESULT: {"using":"xpath","value":"//bdi[text()=\"OK\"]"}
COMMAND: POST /session/3fdfcd34cc1ad0984bb83731bfb105d6/elements - {"using":"xpath","value":"//bdi[text()=\"OK\"]"}
RESULT: {"using":"xpath","value":"//bdi[text()=\"OK\"]"}
COMMAND: POST /session/3fdfcd34cc1ad0984bb83731bfb105d6/elements - {"using":"xpath","value":"//bdi[text()=\"OK\"]"}
RESULT: {"using":"xpath","value":"//bdi[text()=\"OK\"]"}
COMMAND: POST /session/3fdfcd34cc1ad0984bb83731bfb105d6/elements - {"using":"xpath","value":"//bdi[text()=\"OK\"]"}
RESULT: {"using":"xpath","value":"//bdi[text()=\"OK\"]"}
COMMAND: POST /session/3fdfcd34cc1ad0984bb83731bfb105d6/elements - {"using":"xpath","value":"//bdi[text()=\"OK\"]"}
RESULT: {"using":"xpath","value":"//bdi[text()=\"OK\"]"}
COMMAND: POST /session/3fdfcd34cc1ad0984bb83731bfb105d6/elements - {"using":"xpath","value":"//bdi[text()=\"OK\"]"}
RESULT: {"using":"xpath","value":"//bdi[text()=\"OK\"]"}
COMMAND: POST /session/3fdfcd34cc1ad0984bb83731bfb105d6/elements - {"using":"xpath","value":"//bdi[text()=\"OK\"]"}
RESULT: {"using":"xpath","value":"//bdi[text()=\"OK\"]"}
COMMAND: POST /session/3fdfcd34cc1ad0984bb83731bfb105d6/elements - {"using":"xpath","value":"//bdi[text()=\"OK\"]"}
RESULT: {"using":"xpath","value":"//bdi[text()=\"OK\"]"}
COMMAND: POST /session/3fdfcd34cc1ad0984bb83731bfb105d6/elements - {"using":"xpath","value":"//bdi[text()=\"OK\"]"}
RESULT: {"using":"xpath","value":"//bdi[text()=\"OK\"]"}
COMMAND: POST /session/3fdfcd34cc1ad0984bb83731bfb105d6/elements - {"using":"xpath","value":"//bdi[text()=\"OK\"]"}
RESULT: {"using":"xpath","value":"//bdi[text()=\"OK\"]"}
COMMAND: POST /session/3fdfcd34cc1ad0984bb83731bfb105d6/elements - {"using":"xpath","value":"//bdi[text()=\"OK\"]"}
RESULT: {"using":"xpath","value":"//bdi[text()=\"OK\"]"}
COMMAND: POST /session/3fdfcd34cc1ad0984bb83731bfb105d6/elements - {"using":"xpath","value":"//bdi[text()=\"OK\"]"}
RESULT: {"using":"xpath","value":"//bdi[text()=\"OK\"]"}
COMMAND: POST /session/3fdfcd34cc1ad0984bb83731bfb105d6/elements - {"using":"xpath","value":"//bdi[text()=\"OK\"]"}
RESULT: {"using":"xpath","value":"//bdi[text()=\"OK\"]"}
COMMAND: POST /session/3fdfcd34cc1ad0984bb83731bfb105d6/elements - {"using":"xpath","value":"//bdi[text()=\"OK\"]"}
RESULT: {"using":"xpath","value":"//bdi[text()=\"OK\"]"}
COMMAND: POST /session/3fdfcd34cc1ad0984bb83731bfb105d6/elements - {"using":"xpath","value":"//bdi[text()=\"OK\"]"}
RESULT: {"using":"xpath","value":"//bdi[text()=\"OK\"]"}
COMMAND: POST /session/3fdfcd34cc1ad0984bb83731bfb105d6/elements - {"using":"xpath","value":"//bdi[text()=\"OK\"]"}
RESULT: {"using":"xpath","value":"//bdi[text()=\"OK\"]"}
COMMAND: POST /session/3fdfcd34cc1ad0984bb83731bfb105d6/elements - {"using":"xpath","value":"//bdi[text()=\"OK\"]"}
RESULT: {"using":"xpath","value":"//bdi[text()=\"OK\"]"}
COMMAND: POST /session/3fdfcd34cc1ad0984bb83731bfb105d6/elements - {"using":"xpath","value":"//bdi[text()=\"OK\"]"}
RESULT: {"using":"xpath","value":"//bdi[text()=\"OK\"]"}
COMMAND: POST /session/3fdfcd34cc1ad0984bb83731bfb105d6/elements - {"using":"xpath","value":"//bdi[text()=\"OK\"]"}
RESULT: {"using":"xpath","value":"//bdi[text()=\"OK\"]"}
COMMAND: POST /session/3fdfcd34cc1ad0984bb83731bfb105d6/elements - {"using":"xpath","value":"//bdi[text()=\"OK\"]"}
RESULT: {"using":"xpath","value":"//bdi[text()=\"OK\"]"}
COMMAND: POST /session/3fdfcd34cc1ad0984bb83731bfb105d6/elements - {"using":"xpath","value":"//bdi[text()=\"OK\"]"}
RESULT: {"using":"xpath","value":"//bdi[text()=\"OK\"]"}
COMMAND: POST /session/3fdfcd34cc1ad0984bb83731bfb105d6/elements - {"using":"xpath","value":"//bdi[text()=\"OK\"]"}
RESULT: {"using":"xpath","value":"//bdi[text()=\"OK\"]"}
COMMAND: POST /session/3fdfcd34cc1ad0984bb83731bfb105d6/elements - {"using":"xpath","value":"//bdi[text()=\"OK\"]"}
RESULT: {"using":"xpath","value":"//bdi[text()=\"OK\"]"}
COMMAND: POST /session/3fdfcd34cc1ad0984bb83731bfb105d6/elements - {"using":"xpath","value":"//bdi[text()=\"OK\"]"}
RESULT: {"using":"xpath","value":"//bdi[text()=\"OK\"]"}
COMMAND: POST /session/3fdfcd34cc1ad0984bb83731bfb105d6/elements - {"using":"xpath","value":"//bdi[text()=\"OK\"]"}
RESULT: {"using":"xpath","value":"//bdi[text()=\"OK\"]"}
COMMAND: POST /session/3fdfcd34cc1ad0984bb83731bfb105d6/elements - {"using":"xpath","value":"//bdi[text()=\"OK\"]"}
RESULT: {"using":"xpath","value":"//bdi[text()=\"OK\"]"}
COMMAND: POST /session/3fdfcd34cc1ad0984bb83731bfb105d6/elements - {"using":"xpath","value":"//bdi[text()=\"OK\"]"}
RESULT: {"using":"xpath","value":"//bdi[text()=\"OK\"]"}
COMMAND: POST /session/3fdfcd34cc1ad0984bb83731bfb105d6/elements - {"using":"xpath","value":"//bdi[text()=\"OK\"]"}
RESULT: {"using":"xpath","value":"//bdi[text()=\"OK\"]"}
COMMAND: POST /session/3fdfcd34cc1ad0984bb83731bfb105d6/elements - {"using":"xpath","value":"//bdi[text()=\"OK\"]"}
RESULT: {"using":"xpath","value":"//bdi[text()=\"OK\"]"}
COMMAND: POST /session/3fdfcd34cc1ad0984bb83731bfb105d6/elements - {"using":"xpath","value":"//bdi[text()=\"OK\"]"}
RESULT: {"using":"xpath","value":"//bdi[text()=\"OK\"]"}
COMMAND: POST /session/3fdfcd34cc1ad0984bb83731bfb105d6/elements - {"using":"xpath","value":"//bdi[text()=\"OK\"]"}
RESULT: {"using":"xpath","value":"//bdi[text()=\"OK\"]"}
COMMAND: POST /session/3fdfcd34cc1ad0984bb83731bfb105d6/elements - {"using":"xpath","value":"//bdi[text()=\"OK\"]"}
RESULT: {"using":"xpath","value":"//bdi[text()=\"OK\"]"}
COMMAND: POST /session/3fdfcd34cc1ad0984bb83731bfb105d6/elements - {"using":"xpath","value":"//bdi[text()=\"OK\"]"}
RESULT: {"using":"xpath","value":"//bdi[text()=\"OK\"]"}
COMMAND: POST /session/3fdfcd34cc1ad0984bb83731bfb105d6/elements - {"using":"xpath","value":"//bdi[text()=\"OK\"]"}
RESULT: {"using":"xpath","value":"//bdi[text()=\"OK\"]"}
COMMAND: POST /session/3fdfcd34cc1ad0984bb83731bfb105d6/elements - {"using":"xpath","value":"//bdi[text()=\"OK\"]"}
RESULT: {"using":"xpath","value":"//bdi[text()=\"OK\"]"}
COMMAND: POST /session/3fdfcd34cc1ad0984bb83731bfb105d6/elements - {"using":"xpath","value":"//bdi[text()=\"OK\"]"}
RESULT: {"using":"xpath","value":"//bdi[text()=\"OK\"]"}
COMMAND: POST /session/3fdfcd34cc1ad0984bb83731bfb105d6/elements - {"using":"xpath","value":"//bdi[text()=\"OK\"]"}
RESULT: {"using":"xpath","value":"//bdi[text()=\"OK\"]"}
COMMAND: POST /session/3fdfcd34cc1ad0984bb83731bfb105d6/elements - {"using":"xpath","value":"//bdi[text()=\"OK\"]"}
RESULT: {"using":"xpath","value":"//bdi[text()=\"OK\"]"}
COMMAND: POST /session/3fdfcd34cc1ad0984bb83731bfb105d6/elements - {"using":"xpath","value":"//bdi[text()=\"OK\"]"}
RESULT: {"using":"xpath","value":"//bdi[text()=\"OK\"]"}
COMMAND: POST /session/3fdfcd34cc1ad0984bb83731bfb105d6/elements - {"using":"xpath","value":"//bdi[text()=\"OK\"]"}
RESULT: {"using":"xpath","value":"//bdi[text()=\"OK\"]"}
COMMAND: POST /session/3fdfcd34cc1ad0984bb83731bfb105d6/elements - {"using":"xpath","value":"//bdi[text()=\"OK\"]"}
RESULT: {"using":"xpath","value":"//bdi[text()=\"OK\"]"}
COMMAND: POST /session/3fdfcd34cc1ad0984bb83731bfb105d6/elements - {"using":"xpath","value":"//bdi[text()=\"OK\"]"}
RESULT: {"using":"xpath","value":"//bdi[text()=\"OK\"]"}
COMMAND: POST /session/3fdfcd34cc1ad0984bb83731bfb105d6/elements - {"using":"xpath","value":"//bdi[text()=\"OK\"]"}
RESULT: {"using":"xpath","value":"//bdi[text()=\"OK\"]"}
COMMAND: POST /session/3fdfcd34cc1ad0984bb83731bfb105d6/elements - {"using":"xpath","value":"//bdi[text()=\"OK\"]"}
RESULT: {"using":"xpath","value":"//bdi[text()=\"OK\"]"}
COMMAND: POST /session/3fdfcd34cc1ad0984bb83731bfb105d6/elements - {"using":"xpath","value":"//bdi[text()=\"OK\"]"}
RESULT: {"using":"xpath","value":"//bdi[text()=\"OK\"]"}
COMMAND: POST /session/3fdfcd34cc1ad0984bb83731bfb105d6/elements - {"using":"xpath","value":"//bdi[text()=\"OK\"]"}
RESULT: {"using":"xpath","value":"//bdi[text()=\"OK\"]"}
COMMAND: POST /session/3fdfcd34cc1ad0984bb83731bfb105d6/elements - {"using":"xpath","value":"//bdi[text()=\"OK\"]"}
RESULT: {"using":"xpath","value":"//bdi[text()=\"OK\"]"}
COMMAND: POST /session/3fdfcd34cc1ad0984bb83731bfb105d6/elements - {"using":"xpath","value":"//bdi[text()=\"OK\"]"}
RESULT: {"using":"xpath","value":"//bdi[text()=\"OK\"]"}
COMMAND: POST /session/3fdfcd34cc1ad0984bb83731bfb105d6/elements - {"using":"xpath","value":"//bdi[text()=\"OK\"]"}
RESULT: {"using":"xpath","value":"//bdi[text()=\"OK\"]"}
COMMAND: POST /session/3fdfcd34cc1ad0984bb83731bfb105d6/elements - {"using":"xpath","value":"//bdi[text()=\"OK\"]"}
RESULT: {"using":"xpath","value":"//bdi[text()=\"OK\"]"}
COMMAND: POST /session/3fdfcd34cc1ad0984bb83731bfb105d6/elements - {"using":"xpath","value":"//bdi[text()=\"OK\"]"}
RESULT: {"using":"xpath","value":"//bdi[text()=\"OK\"]"}
COMMAND: POST /session/3fdfcd34cc1ad0984bb83731bfb105d6/elements - {"using":"xpath","value":"//bdi[text()=\"OK\"]"}
RESULT: {"using":"xpath","value":"//bdi[text()=\"OK\"]"}
COMMAND: POST /session/3fdfcd34cc1ad0984bb83731bfb105d6/elements - {"using":"xpath","value":"//bdi[text()=\"OK\"]"}
RESULT: {"using":"xpath","value":"//bdi[text()=\"OK\"]"}
COMMAND: POST /session/3fdfcd34cc1ad0984bb83731bfb105d6/elements - {"using":"xpath","value":"//bdi[text()=\"OK\"]"}
RESULT: {"using":"xpath","value":"//bdi[text()=\"OK\"]"}
COMMAND: POST /session/3fdfcd34cc1ad0984bb83731bfb105d6/elements - {"using":"xpath","value":"//bdi[text()=\"OK\"]"}
RESULT: {"using":"xpath","value":"//bdi[text()=\"OK\"]"}
COMMAND: POST /session/3fdfcd34cc1ad0984bb83731bfb105d6/elements - {"using":"xpath","value":"//bdi[text()=\"OK\"]"}
RESULT: {"using":"xpath","value":"//bdi[text()=\"OK\"]"}
COMMAND: POST /session/3fdfcd34cc1ad0984bb83731bfb105d6/elements - {"using":"xpath","value":"//bdi[text()=\"OK\"]"}
RESULT: {"using":"xpath","value":"//bdi[text()=\"OK\"]"}
COMMAND: POST /session/3fdfcd34cc1ad0984bb83731bfb105d6/elements - {"using":"xpath","value":"//bdi[text()=\"OK\"]"}
RESULT: {"using":"xpath","value":"//bdi[text()=\"OK\"]"}
COMMAND: POST /session/3fdfcd34cc1ad0984bb83731bfb105d6/elements - {"using":"xpath","value":"//bdi[text()=\"OK\"]"}
RESULT: {"using":"xpath","value":"//bdi[text()=\"OK\"]"}
COMMAND: POST /session/3fdfcd34cc1ad0984bb83731bfb105d6/elements - {"using":"xpath","value":"//bdi[text()=\"OK\"]"}
RESULT: {"using":"xpath","value":"//bdi[text()=\"OK\"]"}
COMMAND: POST /session/3fdfcd34cc1ad0984bb83731bfb105d6/elements - {"using":"xpath","value":"//bdi[text()=\"OK\"]"}
RESULT: {"using":"xpath","value":"//bdi[text()=\"OK\"]"}
COMMAND: POST /session/3fdfcd34cc1ad0984bb83731bfb105d6/elements - {"using":"xpath","value":"//bdi[text()=\"OK\"]"}
RESULT: {"using":"xpath","value":"//bdi[text()=\"OK\"]"}
COMMAND: POST /session/3fdfcd34cc1ad0984bb83731bfb105d6/elements - {"using":"xpath","value":"//bdi[text()=\"OK\"]"}
RESULT: {"using":"xpath","value":"//bdi[text()=\"OK\"]"}
COMMAND: POST /session/3fdfcd34cc1ad0984bb83731bfb105d6/elements - {"using":"xpath","value":"//bdi[text()=\"OK\"]"}
RESULT: {"using":"xpath","value":"//bdi[text()=\"OK\"]"}
COMMAND: POST /session/3fdfcd34cc1ad0984bb83731bfb105d6/elements - {"using":"xpath","value":"//bdi[text()=\"OK\"]"}
RESULT: {"using":"xpath","value":"//bdi[text()=\"OK\"]"}
COMMAND: POST /session/3fdfcd34cc1ad0984bb83731bfb105d6/elements - {"using":"xpath","value":"//bdi[text()=\"OK\"]"}
RESULT: {"using":"xpath","value":"//bdi[text()=\"OK\"]"}
COMMAND: POST /session/3fdfcd34cc1ad0984bb83731bfb105d6/elements - {"using":"xpath","value":"//bdi[text()=\"OK\"]"}
RESULT: {"using":"xpath","value":"//bdi[text()=\"OK\"]"}
COMMAND: POST /session/3fdfcd34cc1ad0984bb83731bfb105d6/elements - {"using":"xpath","value":"//bdi[text()=\"OK\"]"}
RESULT: {"using":"xpath","value":"//bdi[text()=\"OK\"]"}
COMMAND: POST /session/3fdfcd34cc1ad0984bb83731bfb105d6/elements - {"using":"xpath","value":"//bdi[text()=\"OK\"]"}
RESULT: {"using":"xpath","value":"//bdi[text()=\"OK\"]"}
COMMAND: POST /session/3fdfcd34cc1ad0984bb83731bfb105d6/elements - {"using":"xpath","value":"//bdi[text()=\"OK\"]"}
RESULT: {"using":"xpath","value":"//bdi[text()=\"OK\"]"}
COMMAND: POST /session/3fdfcd34cc1ad0984bb83731bfb105d6/elements - {"using":"xpath","value":"//bdi[text()=\"OK\"]"}
RESULT: {"using":"xpath","value":"//bdi[text()=\"OK\"]"}
COMMAND: POST /session/3fdfcd34cc1ad0984bb83731bfb105d6/elements - {"using":"xpath","value":"//bdi[text()=\"OK\"]"}
RESULT: {"using":"xpath","value":"//bdi[text()=\"OK\"]"}
COMMAND: POST /session/3fdfcd34cc1ad0984bb83731bfb105d6/elements - {"using":"xpath","value":"//bdi[text()=\"OK\"]"}
RESULT: {"using":"xpath","value":"//bdi[text()=\"OK\"]"}
COMMAND: POST /session/3fdfcd34cc1ad0984bb83731bfb105d6/elements - {"using":"xpath","value":"//bdi[text()=\"OK\"]"}
RESULT: {"using":"xpath","value":"//bdi[text()=\"OK\"]"}
COMMAND: POST /session/3fdfcd34cc1ad0984bb83731bfb105d6/elements - {"using":"xpath","value":"//bdi[text()=\"OK\"]"}
RESULT: {"using":"xpath","value":"//bdi[text()=\"OK\"]"}
COMMAND: POST /session/3fdfcd34cc1ad0984bb83731bfb105d6/elements - {"using":"xpath","value":"//bdi[text()=\"OK\"]"}
RESULT: {"using":"xpath","value":"//bdi[text()=\"OK\"]"}
COMMAND: POST /session/3fdfcd34cc1ad0984bb83731bfb105d6/elements - {"using":"xpath","value":"//bdi[text()=\"OK\"]"}
RESULT: {"using":"xpath","value":"//bdi[text()=\"OK\"]"}
COMMAND: POST /session/3fdfcd34cc1ad0984bb83731bfb105d6/elements - {"using":"xpath","value":"//bdi[text()=\"OK\"]"}
RESULT: {"using":"xpath","value":"//bdi[text()=\"OK\"]"}
COMMAND: POST /session/3fdfcd34cc1ad0984bb83731bfb105d6/elements - {"using":"xpath","value":"//bdi[text()=\"OK\"]"}
RESULT: {"using":"xpath","value":"//bdi[text()=\"OK\"]"}
COMMAND: POST /session/3fdfcd34cc1ad0984bb83731bfb105d6/elements - {"using":"xpath","value":"//bdi[text()=\"OK\"]"}
RESULT: {"using":"xpath","value":"//bdi[text()=\"OK\"]"}
COMMAND: POST /session/3fdfcd34cc1ad0984bb83731bfb105d6/elements - {"using":"xpath","value":"//bdi[text()=\"OK\"]"}
RESULT: {"using":"xpath","value":"//bdi[text()=\"OK\"]"}
COMMAND: POST /session/3fdfcd34cc1ad0984bb83731bfb105d6/elements - {"using":"xpath","value":"//bdi[text()=\"OK\"]"}
RESULT: {"using":"xpath","value":"//bdi[text()=\"OK\"]"}
COMMAND: POST /session/3fdfcd34cc1ad0984bb83731bfb105d6/elements - {"using":"xpath","value":"//bdi[text()=\"OK\"]"}
RESULT: {"using":"xpath","value":"//bdi[text()=\"OK\"]"}
COMMAND: POST /session/3fdfcd34cc1ad0984bb83731bfb105d6/elements - {"using":"xpath","value":"//bdi[text()=\"OK\"]"}
RESULT: {"using":"xpath","value":"//bdi[text()=\"OK\"]"}
COMMAND: POST /session/3fdfcd34cc1ad0984bb83731bfb105d6/elements - {"using":"xpath","value":"//bdi[text()=\"OK\"]"}
RESULT: {"using":"xpath","value":"//bdi[text()=\"OK\"]"}
COMMAND: POST /session/3fdfcd34cc1ad0984bb83731bfb105d6/elements - {"using":"xpath","value":"//bdi[text()=\"OK\"]"}
RESULT: {"using":"xpath","value":"//bdi[text()=\"OK\"]"}
COMMAND: POST /session/3fdfcd34cc1ad0984bb83731bfb105d6/elements - {"using":"xpath","value":"//bdi[text()=\"OK\"]"}
RESULT: {"using":"xpath","value":"//bdi[text()=\"OK\"]"}
COMMAND: POST /session/3fdfcd34cc1ad0984bb83731bfb105d6/elements - {"using":"xpath","value":"//bdi[text()=\"OK\"]"}
RESULT: {"using":"xpath","value":"//bdi[text()=\"OK\"]"}
COMMAND: POST /session/3fdfcd34cc1ad0984bb83731bfb105d6/elements - {"using":"xpath","value":"//bdi[text()=\"OK\"]"}
RESULT: {"using":"xpath","value":"//bdi[text()=\"OK\"]"}
COMMAND: POST /session/3fdfcd34cc1ad0984bb83731bfb105d6/elements - {"using":"xpath","value":"//bdi[text()=\"OK\"]"}
RESULT: {"using":"xpath","value":"//bdi[text()=\"OK\"]"}
COMMAND: POST /session/3fdfcd34cc1ad0984bb83731bfb105d6/elements - {"using":"xpath","value":"//bdi[text()=\"OK\"]"}
RESULT: {"using":"xpath","value":"//bdi[text()=\"OK\"]"}
COMMAND: POST /session/3fdfcd34cc1ad0984bb83731bfb105d6/elements - {"using":"xpath","value":"//bdi[text()=\"OK\"]"}
RESULT: {"using":"xpath","value":"//bdi[text()=\"OK\"]"}
COMMAND: POST /session/3fdfcd34cc1ad0984bb83731bfb105d6/elements - {"using":"xpath","value":"//bdi[text()=\"OK\"]"}
RESULT: {"using":"xpath","value":"//bdi[text()=\"OK\"]"}
COMMAND: POST /session/3fdfcd34cc1ad0984bb83731bfb105d6/elements - {"using":"xpath","value":"//bdi[text()=\"OK\"]"}
RESULT: {"using":"xpath","value":"//bdi[text()=\"OK\"]"}
COMMAND: POST /session/3fdfcd34cc1ad0984bb83731bfb105d6/elements - {"using":"xpath","value":"//bdi[text()=\"OK\"]"}
RESULT: {"using":"xpath","value":"//bdi[text()=\"OK\"]"}
COMMAND: POST /session/3fdfcd34cc1ad0984bb83731bfb105d6/elements - {"using":"xpath","value":"//bdi[text()=\"OK\"]"}
RESULT: {"using":"xpath","value":"//bdi[text()=\"OK\"]"}
COMMAND: POST /session/3fdfcd34cc1ad0984bb83731bfb105d6/elements - {"using":"xpath","value":"//bdi[text()=\"OK\"]"}
RESULT: {"using":"xpath","value":"//bdi[text()=\"OK\"]"}
COMMAND: POST /session/3fdfcd34cc1ad0984bb83731bfb105d6/elements - {"using":"xpath","value":"//bdi[text()=\"OK\"]"}
RESULT: {"using":"xpath","value":"//bdi[text()=\"OK\"]"}
COMMAND: POST /session/3fdfcd34cc1ad0984bb83731bfb105d6/execute/async - {"script":"<script> [1562 bytes]","args":[{"selector":{"id":"application-manageresources-display-component---newResourceUnit--TYPE-arrow"},"wdio_ui5_key":"applicationmanageresources-display-component---newResourceUnit--TYPE-arrow"}]}
RESULT: {"script":"<script> [1562 bytes]","args":[{"selector":{"id":"application-manageresources-display-component---newResourceUnit--TYPE-arrow"},"wdio_ui5_key":"applicationmanageresources-display-component---newResourceUnit--TYPE-arrow"}]}
RESULT: undefined
COMMAND: POST /session/3fdfcd34cc1ad0984bb83731bfb105d6/element - {"using":"xpath","value":"//*[@id=\"application-manageresources-display-component---newResourceUnit--TYPE-arrow\"]"}
RESULT: {"using":"xpath","value":"//*[@id=\"application-manageresources-display-component---newResourceUnit--TYPE-arrow\"]"}
COMMAND: POST /session/3fdfcd34cc1ad0984bb83731bfb105d6/element/f.902B563C9587CBB3E624B0B064AC9B4C.d.306CB2737CF441C5B6569B02A1B46EF6.e.6694/click - {}
RESULT: {}
COMMAND: POST /session/3fdfcd34cc1ad0984bb83731bfb105d6/execute/async - {"script":"<script> [1562 bytes]","args":[{"selector":{"controlType":"sap.m.StandardListItem","viewName":"reusables.view.manageresources.NewResourceUnit","viewId":"application-manageresources-display-component---newResourceUnit","properties":{"title":"Material"},"searchOpenDialogs":true,"interaction":{"idSuffix":"titleText"}},"wdio_ui5_key":"reusablesview.manageresources.NewResourceUnitsap.m.StandardListItem{\"title\":\"Material\"}"}]}
COMMAND: GET /session/3fdfcd34cc1ad0984bb83731bfb105d6/screenshot - {}
RESULT: {"script":"<script> [1562 bytes]","args":[{"selector":{"controlType":"sap.m.StandardListItem","viewName":"reusables.view.manageresources.NewResourceUnit","viewId":"application-manageresources-display-component---newResourceUnit","properties":{"title":"Material"},"searchOpenDialogs":true,"interaction":{"idSuffix":"titleText"}},"wdio_ui5_key":"reusablesview.manageresources.NewResourceUnitsap.m.StandardListItem{\"title\":\"Material\"}"}]}
RESULT: undefined
COMMAND: POST /session/3fdfcd34cc1ad0984bb83731bfb105d6/element - {"using":"xpath","value":"//*[@id=\"__item147\"]"}
RESULT: {}
RESULT: {"using":"xpath","value":"//*[@id=\"__item147\"]"}
COMMAND: POST /session/3fdfcd34cc1ad0984bb83731bfb105d6/element/f.902B563C9587CBB3E624B0B064AC9B4C.d.306CB2737CF441C5B6569B02A1B46EF6.e.6697/click - {}
RESULT: {}
COMMAND: POST /session/3fdfcd34cc1ad0984bb83731bfb105d6/execute/async - {"script":"<script> [1562 bytes]","args":[{"selector":{"id":"application-manageresources-display-component---newResourceUnit--SHORT_TEXT","interaction":{"idSuffix":"inner"}},"wdio_ui5_key":"applicationmanageresources-display-component---newResourceUnit--SHORT_TEXT"}]}
COMMAND: GET /session/3fdfcd34cc1ad0984bb83731bfb105d6/screenshot - {}
RESULT: {"script":"<script> [1562 bytes]","args":[{"selector":{"id":"application-manageresources-display-component---newResourceUnit--SHORT_TEXT","interaction":{"idSuffix":"inner"}},"wdio_ui5_key":"applicationmanageresources-display-component---newResourceUnit--SHORT_TEXT"}]}
RESULT: undefined
COMMAND: POST /session/3fdfcd34cc1ad0984bb83731bfb105d6/execute/async - {"script":"<script> [776 bytes]","args":[{"enterText":"WebdriverWHM_RU R2Ck4eb1k","selector":{"id":"application-manageresources-display-component---newResourceUnit--SHORT_TEXT","interaction":{"idSuffix":"inner"}},"clearTextFirst":true,"interactionType":"ENTER_TEXT"}]}
RESULT: {}
RESULT: {"script":"<script> [776 bytes]","args":[{"enterText":"WebdriverWHM_RU R2Ck4eb1k","selector":{"id":"application-manageresources-display-component---newResourceUnit--SHORT_TEXT","interaction":{"idSuffix":"inner"}},"clearTextFirst":true,"interactionType":"ENTER_TEXT"}]}
COMMAND: POST /session/3fdfcd34cc1ad0984bb83731bfb105d6/execute/async - {"script":"<script> [1562 bytes]","args":[{"selector":{"id":"application-manageresources-display-component---newResourceUnit--BASE_UNIT_OF_MEASURE-arrow"},"wdio_ui5_key":"applicationmanageresources-display-component---newResourceUnit--BASE_UNIT_OF_MEASURE-arrow"}]}
RESULT: {"script":"<script> [1562 bytes]","args":[{"selector":{"id":"application-manageresources-display-component---newResourceUnit--BASE_UNIT_OF_MEASURE-arrow"},"wdio_ui5_key":"applicationmanageresources-display-component---newResourceUnit--BASE_UNIT_OF_MEASURE-arrow"}]}
RESULT: undefined
COMMAND: POST /session/3fdfcd34cc1ad0984bb83731bfb105d6/element - {"using":"xpath","value":"//*[@id=\"application-manageresources-display-component---newResourceUnit--BASE_UNIT_OF_MEASURE-arrow\"]"}
RESULT: {"using":"xpath","value":"//*[@id=\"application-manageresources-display-component---newResourceUnit--BASE_UNIT_OF_MEASURE-arrow\"]"}
COMMAND: POST /session/3fdfcd34cc1ad0984bb83731bfb105d6/element/f.902B563C9587CBB3E624B0B064AC9B4C.d.306CB2737CF441C5B6569B02A1B46EF6.e.6819/click - {}
RESULT: {}
COMMAND: POST /session/3fdfcd34cc1ad0984bb83731bfb105d6/execute/async - {"script":"<script> [1562 bytes]","args":[{"selector":{"controlType":"sap.m.StandardListItem","viewName":"reusables.view.manageresources.NewResourceUnit","viewId":"application-manageresources-display-component---newResourceUnit","properties":{"title":"Piece"},"searchOpenDialogs":true,"interaction":{"idSuffix":"content"}},"wdio_ui5_key":"reusablesview.manageresources.NewResourceUnitsap.m.StandardListItem{\"title\":\"Piece\"}"}]}
COMMAND: GET /session/3fdfcd34cc1ad0984bb83731bfb105d6/screenshot - {}
RESULT: {"script":"<script> [1562 bytes]","args":[{"selector":{"controlType":"sap.m.StandardListItem","viewName":"reusables.view.manageresources.NewResourceUnit","viewId":"application-manageresources-display-component---newResourceUnit","properties":{"title":"Piece"},"searchOpenDialogs":true,"interaction":{"idSuffix":"content"}},"wdio_ui5_key":"reusablesview.manageresources.NewResourceUnitsap.m.StandardListItem{\"title\":\"Piece\"}"}]}
RESULT: undefined
COMMAND: POST /session/3fdfcd34cc1ad0984bb83731bfb105d6/element - {"using":"xpath","value":"//*[@id=\"__item200\"]"}
RESULT: {}
RESULT: {"using":"xpath","value":"//*[@id=\"__item200\"]"}
COMMAND: POST /session/3fdfcd34cc1ad0984bb83731bfb105d6/element/f.902B563C9587CBB3E624B0B064AC9B4C.d.306CB2737CF441C5B6569B02A1B46EF6.e.6821/click - {}
RESULT: {}
COMMAND: POST /session/3fdfcd34cc1ad0984bb83731bfb105d6/execute/async - {"script":"<script> [1562 bytes]","args":[{"selector":{"id":"application-manageresources-display-component---newResourceUnit--WEIGHT_UNIT-arrow"},"wdio_ui5_key":"applicationmanageresources-display-component---newResourceUnit--WEIGHT_UNIT-arrow"}]}
COMMAND: GET /session/3fdfcd34cc1ad0984bb83731bfb105d6/screenshot - {}
RESULT: {"script":"<script> [1562 bytes]","args":[{"selector":{"id":"application-manageresources-display-component---newResourceUnit--WEIGHT_UNIT-arrow"},"wdio_ui5_key":"applicationmanageresources-display-component---newResourceUnit--WEIGHT_UNIT-arrow"}]}
RESULT: undefined
COMMAND: POST /session/3fdfcd34cc1ad0984bb83731bfb105d6/element - {"using":"xpath","value":"//*[@id=\"application-manageresources-display-component---newResourceUnit--WEIGHT_UNIT-arrow\"]"}
RESULT: {}
RESULT: {"using":"xpath","value":"//*[@id=\"application-manageresources-display-component---newResourceUnit--WEIGHT_UNIT-arrow\"]"}
COMMAND: POST /session/3fdfcd34cc1ad0984bb83731bfb105d6/element/f.902B563C9587CBB3E624B0B064AC9B4C.d.306CB2737CF441C5B6569B02A1B46EF6.e.6822/click - {}
RESULT: {}
COMMAND: POST /session/3fdfcd34cc1ad0984bb83731bfb105d6/execute/async - {"script":"<script> [1562 bytes]","args":[{"selector":{"controlType":"sap.m.StandardListItem","viewName":"reusables.view.manageresources.NewResourceUnit","viewId":"application-manageresources-display-component---newResourceUnit","properties":{"title":"Gram"},"searchOpenDialogs":true,"interaction":{"idSuffix":"content"}},"wdio_ui5_key":"reusablesview.manageresources.NewResourceUnitsap.m.StandardListItem{\"title\":\"Gram\"}"}]}
COMMAND: GET /session/3fdfcd34cc1ad0984bb83731bfb105d6/screenshot - {}
RESULT: {"script":"<script> [1562 bytes]","args":[{"selector":{"controlType":"sap.m.StandardListItem","viewName":"reusables.view.manageresources.NewResourceUnit","viewId":"application-manageresources-display-component---newResourceUnit","properties":{"title":"Gram"},"searchOpenDialogs":true,"interaction":{"idSuffix":"content"}},"wdio_ui5_key":"reusablesview.manageresources.NewResourceUnitsap.m.StandardListItem{\"title\":\"Gram\"}"}]}
RESULT: undefined
COMMAND: POST /session/3fdfcd34cc1ad0984bb83731bfb105d6/element - {"using":"xpath","value":"//*[@id=\"__item265\"]"}
RESULT: {}
RESULT: {"using":"xpath","value":"//*[@id=\"__item265\"]"}
COMMAND: POST /session/3fdfcd34cc1ad0984bb83731bfb105d6/element/f.902B563C9587CBB3E624B0B064AC9B4C.d.306CB2737CF441C5B6569B02A1B46EF6.e.6824/click - {}
RESULT: {}
COMMAND: GET /session/3fdfcd34cc1ad0984bb83731bfb105d6/screenshot - {}
RESULT: {}
COMMAND: POST /session/3fdfcd34cc1ad0984bb83731bfb105d6/execute/async - {"script":"<script> [1562 bytes]","args":[{"selector":{"id":"application-manageresources-display-component---newResourceUnit--newRRUPage-OPHeaderContent-collapseBtn-img"},"wdio_ui5_key":"applicationmanageresources-display-component---newResourceUnit--newRRUPage-OPHeaderContent-collapseBtn-img"}]}
RESULT: {"script":"<script> [1562 bytes]","args":[{"selector":{"id":"application-manageresources-display-component---newResourceUnit--newRRUPage-OPHeaderContent-collapseBtn-img"},"wdio_ui5_key":"applicationmanageresources-display-component---newResourceUnit--newRRUPage-OPHeaderContent-collapseBtn-img"}]}
RESULT: undefined
COMMAND: POST /session/3fdfcd34cc1ad0984bb83731bfb105d6/element - {"using":"xpath","value":"//*[@id=\"application-manageresources-display-component---newResourceUnit--newRRUPage-OPHeaderContent-collapseBtn-img\"]"}
RESULT: {"using":"xpath","value":"//*[@id=\"application-manageresources-display-component---newResourceUnit--newRRUPage-OPHeaderContent-collapseBtn-img\"]"}
COMMAND: POST /session/3fdfcd34cc1ad0984bb83731bfb105d6/element/f.902B563C9587CBB3E624B0B064AC9B4C.d.306CB2737CF441C5B6569B02A1B46EF6.e.6706/click - {}
RESULT: {}
COMMAND: GET /session/3fdfcd34cc1ad0984bb83731bfb105d6/screenshot - {}
RESULT: {}
COMMAND: POST /session/3fdfcd34cc1ad0984bb83731bfb105d6/element - {"using":"xpath","value":"(//span[contains(@id ,\"application-manageresources-display-component---newResourceUnit--DIMENSION_UNIT-arrow\")])[1]"}
RESULT: {"using":"xpath","value":"(//span[contains(@id ,\"application-manageresources-display-component---newResourceUnit--DIMENSION_UNIT-arrow\")])[1]"}
COMMAND: POST /session/3fdfcd34cc1ad0984bb83731bfb105d6/element/f.902B563C9587CBB3E624B0B064AC9B4C.d.306CB2737CF441C5B6569B02A1B46EF6.e.6828/click - {}
RESULT: {}
COMMAND: GET /session/3fdfcd34cc1ad0984bb83731bfb105d6/screenshot - {}
RESULT: {}
COMMAND: POST /session/3fdfcd34cc1ad0984bb83731bfb105d6/execute/async - {"script":"<script> [1562 bytes]","args":[{"selector":{"controlType":"sap.m.StandardListItem","viewName":"reusables.view.manageresources.NewResourceUnit","viewId":"application-manageresources-display-component---newResourceUnit","properties":{"title":"Centimeter"},"searchOpenDialogs":true,"interaction":{"idSuffix":"titleText"}},"wdio_ui5_key":"reusablesview.manageresources.NewResourceUnitsap.m.StandardListItem{\"title\":\"Centimeter\"}"}]}
RESULT: {"script":"<script> [1562 bytes]","args":[{"selector":{"controlType":"sap.m.StandardListItem","viewName":"reusables.view.manageresources.NewResourceUnit","viewId":"application-manageresources-display-component---newResourceUnit","properties":{"title":"Centimeter"},"searchOpenDialogs":true,"interaction":{"idSuffix":"titleText"}},"wdio_ui5_key":"reusablesview.manageresources.NewResourceUnitsap.m.StandardListItem{\"title\":\"Centimeter\"}"}]}
RESULT: undefined
COMMAND: POST /session/3fdfcd34cc1ad0984bb83731bfb105d6/element - {"using":"xpath","value":"//*[@id=\"__item268\"]"}
RESULT: {"using":"xpath","value":"//*[@id=\"__item268\"]"}
COMMAND: POST /session/3fdfcd34cc1ad0984bb83731bfb105d6/element/f.902B563C9587CBB3E624B0B064AC9B4C.d.306CB2737CF441C5B6569B02A1B46EF6.e.6832/click - {}
RESULT: {}
COMMAND: GET /session/3fdfcd34cc1ad0984bb83731bfb105d6/screenshot - {}
RESULT: {}
COMMAND: POST /session/3fdfcd34cc1ad0984bb83731bfb105d6/execute/async - {"script":"<script> [1562 bytes]","args":[{"selector":{"id":"application-manageresources-display-component---newResourceUnit--newRRUPage-anchBar-application-manageresources-display-component---newResourceUnit--reference-anchor","interaction":{"idSuffix":"BDI-content"}},"wdio_ui5_key":"applicationmanageresources-display-component---newResourceUnit--newRRUPage-anchBar-application-manageresources-display-component---newResourceUnit--reference-anchor"}]}
RESULT: {"script":"<script> [1562 bytes]","args":[{"selector":{"id":"application-manageresources-display-component---newResourceUnit--newRRUPage-anchBar-application-manageresources-display-component---newResourceUnit--reference-anchor","interaction":{"idSuffix":"BDI-content"}},"wdio_ui5_key":"applicationmanageresources-display-component---newResourceUnit--newRRUPage-anchBar-application-manageresources-display-component---newResourceUnit--reference-anchor"}]}
RESULT: undefined
COMMAND: POST /session/3fdfcd34cc1ad0984bb83731bfb105d6/element - {"using":"xpath","value":"//*[@id=\"application-manageresources-display-component---newResourceUnit--newRRUPage-anchBar-application-manageresources-display-component---newResourceUnit--reference-anchor\"]"}
RESULT: {"using":"xpath","value":"//*[@id=\"application-manageresources-display-component---newResourceUnit--newRRUPage-anchBar-application-manageresources-display-component---newResourceUnit--reference-anchor\"]"}
COMMAND: POST /session/3fdfcd34cc1ad0984bb83731bfb105d6/element/f.902B563C9587CBB3E624B0B064AC9B4C.d.306CB2737CF441C5B6569B02A1B46EF6.e.6834/click - {}
RESULT: {}
COMMAND: POST /session/3fdfcd34cc1ad0984bb83731bfb105d6/execute/async - {"script":"<script> [1562 bytes]","args":[{"selector":{"id":"application-manageresources-display-component---newResourceUnit--PLANNING_GROUP-arrow"},"wdio_ui5_key":"applicationmanageresources-display-component---newResourceUnit--PLANNING_GROUP-arrow"}]}
COMMAND: GET /session/3fdfcd34cc1ad0984bb83731bfb105d6/screenshot - {}
RESULT: {"script":"<script> [1562 bytes]","args":[{"selector":{"id":"application-manageresources-display-component---newResourceUnit--PLANNING_GROUP-arrow"},"wdio_ui5_key":"applicationmanageresources-display-component---newResourceUnit--PLANNING_GROUP-arrow"}]}
RESULT: undefined
COMMAND: POST /session/3fdfcd34cc1ad0984bb83731bfb105d6/element - {"using":"xpath","value":"//*[@id=\"application-manageresources-display-component---newResourceUnit--PLANNING_GROUP-arrow\"]"}
RESULT: {}
RESULT: {"using":"xpath","value":"//*[@id=\"application-manageresources-display-component---newResourceUnit--PLANNING_GROUP-arrow\"]"}
COMMAND: POST /session/3fdfcd34cc1ad0984bb83731bfb105d6/element/f.902B563C9587CBB3E624B0B064AC9B4C.d.306CB2737CF441C5B6569B02A1B46EF6.e.6840/click - {}
RESULT: {}
COMMAND: POST /session/3fdfcd34cc1ad0984bb83731bfb105d6/execute/async - {"script":"<script> [1562 bytes]","args":[{"selector":{"controlType":"sap.m.StandardListItem","viewName":"reusables.view.manageresources.NewResourceUnit","viewId":"application-manageresources-display-component---newResourceUnit","properties":{"title":"Heavy Equi"},"searchOpenDialogs":true,"interaction":{"idSuffix":"content"}},"wdio_ui5_key":"reusablesview.manageresources.NewResourceUnitsap.m.StandardListItem{\"title\":\"Heavy Equi\"}"}]}
COMMAND: GET /session/3fdfcd34cc1ad0984bb83731bfb105d6/screenshot - {}
RESULT: {"script":"<script> [1562 bytes]","args":[{"selector":{"controlType":"sap.m.StandardListItem","viewName":"reusables.view.manageresources.NewResourceUnit","viewId":"application-manageresources-display-component---newResourceUnit","properties":{"title":"Heavy Equi"},"searchOpenDialogs":true,"interaction":{"idSuffix":"content"}},"wdio_ui5_key":"reusablesview.manageresources.NewResourceUnitsap.m.StandardListItem{\"title\":\"Heavy Equi\"}"}]}
RESULT: undefined
COMMAND: POST /session/3fdfcd34cc1ad0984bb83731bfb105d6/element - {"using":"xpath","value":"//*[@id=\"__item276\"]"}
RESULT: {}
RESULT: {"using":"xpath","value":"//*[@id=\"__item276\"]"}
COMMAND: POST /session/3fdfcd34cc1ad0984bb83731bfb105d6/element/f.902B563C9587CBB3E624B0B064AC9B4C.d.306CB2737CF441C5B6569B02A1B46EF6.e.6842/click - {}
RESULT: {}
COMMAND: GET /session/3fdfcd34cc1ad0984bb83731bfb105d6/screenshot - {}
RESULT: {}
COMMAND: POST /session/3fdfcd34cc1ad0984bb83731bfb105d6/execute/async - {"script":"<script> [1562 bytes]","args":[{"selector":{"id":"application-manageresources-display-component---newResourceUnit--PLANNING_INDICATOR-arrow"},"wdio_ui5_key":"applicationmanageresources-display-component---newResourceUnit--PLANNING_INDICATOR-arrow"}]}
RESULT: {"script":"<script> [1562 bytes]","args":[{"selector":{"id":"application-manageresources-display-component---newResourceUnit--PLANNING_INDICATOR-arrow"},"wdio_ui5_key":"applicationmanageresources-display-component---newResourceUnit--PLANNING_INDICATOR-arrow"}]}
RESULT: undefined
COMMAND: POST /session/3fdfcd34cc1ad0984bb83731bfb105d6/element - {"using":"xpath","value":"//*[@id=\"application-manageresources-display-component---newResourceUnit--PLANNING_INDICATOR-arrow\"]"}
RESULT: {"using":"xpath","value":"//*[@id=\"application-manageresources-display-component---newResourceUnit--PLANNING_INDICATOR-arrow\"]"}
COMMAND: POST /session/3fdfcd34cc1ad0984bb83731bfb105d6/element/f.902B563C9587CBB3E624B0B064AC9B4C.d.306CB2737CF441C5B6569B02A1B46EF6.e.6843/click - {}
RESULT: {}
COMMAND: POST /session/3fdfcd34cc1ad0984bb83731bfb105d6/execute/async - {"script":"<script> [1562 bytes]","args":[{"selector":{"controlType":"sap.m.StandardListItem","viewName":"reusables.view.manageresources.NewResourceUnit","viewId":"application-manageresources-display-component---newResourceUnit","properties":{"title":"10 - infinite"},"searchOpenDialogs":true,"interaction":{"idSuffix":"content"}},"wdio_ui5_key":"reusablesview.manageresources.NewResourceUnitsap.m.StandardListItem{\"title\":\"10 - infinite\"}"}]}
COMMAND: GET /session/3fdfcd34cc1ad0984bb83731bfb105d6/screenshot - {}
RESULT: {"script":"<script> [1562 bytes]","args":[{"selector":{"controlType":"sap.m.StandardListItem","viewName":"reusables.view.manageresources.NewResourceUnit","viewId":"application-manageresources-display-component---newResourceUnit","properties":{"title":"10 - infinite"},"searchOpenDialogs":true,"interaction":{"idSuffix":"content"}},"wdio_ui5_key":"reusablesview.manageresources.NewResourceUnitsap.m.StandardListItem{\"title\":\"10 - infinite\"}"}]}
RESULT: undefined
COMMAND: POST /session/3fdfcd34cc1ad0984bb83731bfb105d6/element - {"using":"xpath","value":"//*[@id=\"__item286\"]"}
RESULT: {}
RESULT: {"using":"xpath","value":"//*[@id=\"__item286\"]"}
COMMAND: POST /session/3fdfcd34cc1ad0984bb83731bfb105d6/element/f.902B563C9587CBB3E624B0B064AC9B4C.d.306CB2737CF441C5B6569B02A1B46EF6.e.6845/click - {}
RESULT: {}
COMMAND: GET /session/3fdfcd34cc1ad0984bb83731bfb105d6/screenshot - {}
RESULT: {}
COMMAND: POST /session/3fdfcd34cc1ad0984bb83731bfb105d6/element - {"using":"xpath","value":"//bdi[contains(text(), \"Time Segment\")]"}
RESULT: {"using":"xpath","value":"//bdi[contains(text(), \"Time Segment\")]"}
COMMAND: GET /session/3fdfcd34cc1ad0984bb83731bfb105d6/element/f.902B563C9587CBB3E624B0B064AC9B4C.d.306CB2737CF441C5B6569B02A1B46EF6.e.6846/rect - {}
RESULT: {}
COMMAND: GET /session/3fdfcd34cc1ad0984bb83731bfb105d6/window/rect - {}
RESULT: {}
COMMAND: POST /session/3fdfcd34cc1ad0984bb83731bfb105d6/execute/sync - {"script":"<script> [92 bytes]","args":[]}
RESULT: {"script":"<script> [92 bytes]","args":[]}
COMMAND: POST /session/3fdfcd34cc1ad0984bb83731bfb105d6/actions - {"actions":[{"id":"action19","type":"wheel","parameters":{},"actions":[{"type":"scroll","x":-1804,"y":-21,"deltaX":0,"deltaY":0,"duration":0,"origin":{"element-6066-11e4-a52e-4f735466cecf":"f.902B563C9587CBB3E624B0B064AC9B4C.d.306CB2737CF441C5B6569B02A1B46EF6.e.6846"}}]}]}
COMMAND: GET /session/3fdfcd34cc1ad0984bb83731bfb105d6/screenshot - {}
RESULT: {}
COMMAND: POST /session/3fdfcd34cc1ad0984bb83731bfb105d6/execute/sync - {"script":"<script> [79 bytes]","args":[{"element-6066-11e4-a52e-4f735466cecf":"f.902B563C9587CBB3E624B0B064AC9B4C.d.306CB2737CF441C5B6569B02A1B46EF6.e.6846","ELEMENT":"f.902B563C9587CBB3E624B0B064AC9B4C.d.306CB2737CF441C5B6569B02A1B46EF6.e.6846"},{"block":"start","inline":"nearest"}]}
RESULT: {"script":"<script> [79 bytes]","args":[{"element-6066-11e4-a52e-4f735466cecf":"f.902B563C9587CBB3E624B0B064AC9B4C.d.306CB2737CF441C5B6569B02A1B46EF6.e.6846","ELEMENT":"f.902B563C9587CBB3E624B0B064AC9B4C.d.306CB2737CF441C5B6569B02A1B46EF6.e.6846"},{"block":"start","inline":"nearest"}]}
COMMAND: GET /session/3fdfcd34cc1ad0984bb83731bfb105d6/screenshot - {}
RESULT: {}
COMMAND: POST /session/3fdfcd34cc1ad0984bb83731bfb105d6/element - {"using":"xpath","value":"//span[@id=\"application-manageresources-display-component---newResourceUnit--btnAddTimeSegment-img\"]"}
RESULT: {"using":"xpath","value":"//span[@id=\"application-manageresources-display-component---newResourceUnit--btnAddTimeSegment-img\"]"}
COMMAND: POST /session/3fdfcd34cc1ad0984bb83731bfb105d6/execute/sync - {"script":"<script> [8489 bytes]","args":[{"element-6066-11e4-a52e-4f735466cecf":"f.902B563C9587CBB3E624B0B064AC9B4C.d.306CB2737CF441C5B6569B02A1B46EF6.e.6849","ELEMENT":"f.902B563C9587CBB3E624B0B064AC9B4C.d.306CB2737CF441C5B6569B02A1B46EF6.e.6849"}]}
RESULT: {"script":"<script> [8489 bytes]","args":[{"element-6066-11e4-a52e-4f735466cecf":"f.902B563C9587CBB3E624B0B064AC9B4C.d.306CB2737CF441C5B6569B02A1B46EF6.e.6849","ELEMENT":"f.902B563C9587CBB3E624B0B064AC9B4C.d.306CB2737CF441C5B6569B02A1B46EF6.e.6849"}]}
COMMAND: POST /session/3fdfcd34cc1ad0984bb83731bfb105d6/element/f.902B563C9587CBB3E624B0B064AC9B4C.d.306CB2737CF441C5B6569B02A1B46EF6.e.6849/click - {}
COMMAND: GET /session/3fdfcd34cc1ad0984bb83731bfb105d6/screenshot - {}
RESULT: {}
COMMAND: GET /session/3fdfcd34cc1ad0984bb83731bfb105d6/screenshot - {}
RESULT: {}
RESULT: {}
COMMAND: POST /session/3fdfcd34cc1ad0984bb83731bfb105d6/element - {"using":"xpath","value":"//input[@id=\"application-manageresources-display-component---newResourceUnit--idRuTSAdmin-application-manageresources-display-component---newResourceUnit--RUTimeSegment-0-inner\"]"}
RESULT: {"using":"xpath","value":"//input[@id=\"application-manageresources-display-component---newResourceUnit--idRuTSAdmin-application-manageresources-display-component---newResourceUnit--RUTimeSegment-0-inner\"]"}
COMMAND: POST /session/3fdfcd34cc1ad0984bb83731bfb105d6/element/f.902B563C9587CBB3E624B0B064AC9B4C.d.306CB2737CF441C5B6569B02A1B46EF6.e.6852/clear - {}
RESULT: {}
COMMAND: POST /session/3fdfcd34cc1ad0984bb83731bfb105d6/element/f.902B563C9587CBB3E624B0B064AC9B4C.d.306CB2737CF441C5B6569B02A1B46EF6.e.6852/value - {"text":"332"}
COMMAND: GET /session/3fdfcd34cc1ad0984bb83731bfb105d6/screenshot - {}
RESULT: {"text":"332"}
COMMAND: GET /session/3fdfcd34cc1ad0984bb83731bfb105d6/screenshot - {}
RESULT: {}
RESULT: {}
COMMAND: POST /session/3fdfcd34cc1ad0984bb83731bfb105d6/actions - {"actions":[{"id":"action20","type":"key","parameters":{},"actions":[{"type":"keyDown","value":""},{"type":"pause","duration":10},{"type":"keyUp","value":""}]}]}
RESULT: {"actions":[{"id":"action20","type":"key","parameters":{},"actions":[{"type":"keyDown","value":""},{"type":"pause","duration":10},{"type":"keyUp","value":""}]}]}
COMMAND: POST /session/3fdfcd34cc1ad0984bb83731bfb105d6/execute/async - {"script":"<script> [1562 bytes]","args":[{"selector":{"controlType":"sap.m.Button","viewName":"reusables.view.manageresources.NewResourceUnit","viewId":"application-manageresources-display-component---newResourceUnit","i18NText":{"propertyName":"tooltip","key":"save"},"interaction":{"idSuffix":"BDI-content"}},"wdio_ui5_key":"reusablesview.manageresources.NewResourceUnitsap.m.Button{\"propertyName\":\"tooltip\",\"key\":\"save\"}"}]}
COMMAND: GET /session/3fdfcd34cc1ad0984bb83731bfb105d6/screenshot - {}
RESULT: {"script":"<script> [1562 bytes]","args":[{"selector":{"controlType":"sap.m.Button","viewName":"reusables.view.manageresources.NewResourceUnit","viewId":"application-manageresources-display-component---newResourceUnit","i18NText":{"propertyName":"tooltip","key":"save"},"interaction":{"idSuffix":"BDI-content"}},"wdio_ui5_key":"reusablesview.manageresources.NewResourceUnitsap.m.Button{\"propertyName\":\"tooltip\",\"key\":\"save\"}"}]}
RESULT: undefined
COMMAND: POST /session/3fdfcd34cc1ad0984bb83731bfb105d6/element - {"using":"xpath","value":"//*[@id=\"application-manageresources-display-component---newResourceUnit--createRuButton\"]"}
RESULT: {}
RESULT: {"using":"xpath","value":"//*[@id=\"application-manageresources-display-component---newResourceUnit--createRuButton\"]"}
COMMAND: POST /session/3fdfcd34cc1ad0984bb83731bfb105d6/element/f.902B563C9587CBB3E624B0B064AC9B4C.d.306CB2737CF441C5B6569B02A1B46EF6.e.6712/click - {}
RESULT: {}
COMMAND: GET /session/3fdfcd34cc1ad0984bb83731bfb105d6/screenshot - {}
RESULT: {}
COMMAND: POST /session/3fdfcd34cc1ad0984bb83731bfb105d6/execute/async - {"script":"<script> [1562 bytes]","args":[{"selector":{"controlType":"sap.m.Title","properties":{"text":"Success"},"searchOpenDialogs":true},"wdio_ui5_key":"sapm.Title{\"text\":\"Success\"}"}]}
RESULT: {"script":"<script> [1562 bytes]","args":[{"selector":{"controlType":"sap.m.Title","properties":{"text":"Success"},"searchOpenDialogs":true},"wdio_ui5_key":"sapm.Title{\"text\":\"Success\"}"}]}
RESULT: undefined
COMMAND: POST /session/3fdfcd34cc1ad0984bb83731bfb105d6/execute/async - {"script":"<script> [6424 bytes]","args":[{"element-6066-11e4-a52e-4f735466cecf":"f.902B563C9587CBB3E624B0B064AC9B4C.d.306CB2737CF441C5B6569B02A1B46EF6.e.6867"},"getText",[]]}
RESULT: {"script":"<script> [6424 bytes]","args":[{"element-6066-11e4-a52e-4f735466cecf":"f.902B563C9587CBB3E624B0B064AC9B4C.d.306CB2737CF441C5B6569B02A1B46EF6.e.6867"},"getText",[]]}
COMMAND: POST /session/3fdfcd34cc1ad0984bb83731bfb105d6/element - {"using":"xpath","value":"//*[contains(@id, '__text') and (contains(text(), 'successfully created') or contains(., 'successfully created'))]"}
RESULT: {"using":"xpath","value":"//*[contains(@id, '__text') and (contains(text(), 'successfully created') or contains(., 'successfully created'))]"}
COMMAND: GET /session/3fdfcd34cc1ad0984bb83731bfb105d6/element/f.902B563C9587CBB3E624B0B064AC9B4C.d.306CB2737CF441C5B6569B02A1B46EF6.e.6866/text - {}
RESULT: {}
COMMAND: POST /session/3fdfcd34cc1ad0984bb83731bfb105d6/execute/async - {"script":"<script> [1562 bytes]","args":[{"selector":{"controlType":"sap.m.Button","properties":{"text":"Close"},"searchOpenDialogs":true,"interaction":{"idSuffix":"BDI-content"}},"wdio_ui5_key":"sapm.Button{\"text\":\"Close\"}"}]}
RESULT: {"script":"<script> [1562 bytes]","args":[{"selector":{"controlType":"sap.m.Button","properties":{"text":"Close"},"searchOpenDialogs":true,"interaction":{"idSuffix":"BDI-content"}},"wdio_ui5_key":"sapm.Button{\"text\":\"Close\"}"}]}
RESULT: undefined
COMMAND: POST /session/3fdfcd34cc1ad0984bb83731bfb105d6/element - {"using":"xpath","value":"//*[@id=\"__mbox-btn-0\"]"}
RESULT: {"using":"xpath","value":"//*[@id=\"__mbox-btn-0\"]"}
COMMAND: POST /session/3fdfcd34cc1ad0984bb83731bfb105d6/element/f.902B563C9587CBB3E624B0B064AC9B4C.d.306CB2737CF441C5B6569B02A1B46EF6.e.6863/click - {}
RESULT: {}
COMMAND: GET /session/3fdfcd34cc1ad0984bb83731bfb105d6/screenshot - {}
RESULT: {}
COMMAND: POST /session/3fdfcd34cc1ad0984bb83731bfb105d6/execute/async - {"script":"<script> [1562 bytes]","args":[{"selector":{"controlType":"sap.ui.core.Icon","viewName":"etm.portal.ui.manageresources.view.Detail","viewId":"application-manageresources-display-component---detailRU","properties":{"src":{"regex":{"source":"overflow"}}}},"wdio_ui5_key":"etmportal.ui.manageresources.view.Detailsap.ui.core.Icon{\"src\":{\"regex\":{\"source\":\"overflow\"}}}"}]}
RESULT: {"script":"<script> [1562 bytes]","args":[{"selector":{"controlType":"sap.ui.core.Icon","viewName":"etm.portal.ui.manageresources.view.Detail","viewId":"application-manageresources-display-component---detailRU","properties":{"src":{"regex":{"source":"overflow"}}}},"wdio_ui5_key":"etmportal.ui.manageresources.view.Detailsap.ui.core.Icon{\"src\":{\"regex\":{\"source\":\"overflow\"}}}"}]}
RESULT: undefined
COMMAND: POST /session/3fdfcd34cc1ad0984bb83731bfb105d6/element - {"using":"xpath","value":"//*[@id=\"__title15-_actionsToolbar-overflowButton-img\"]"}
RESULT: {"using":"xpath","value":"//*[@id=\"__title15-_actionsToolbar-overflowButton-img\"]"}
COMMAND: POST /session/3fdfcd34cc1ad0984bb83731bfb105d6/element/f.902B563C9587CBB3E624B0B064AC9B4C.d.306CB2737CF441C5B6569B02A1B46EF6.e.6905/click - {}
RESULT: {}
COMMAND: POST /session/3fdfcd34cc1ad0984bb83731bfb105d6/execute/async - {"script":"<script> [1562 bytes]","args":[{"selector":{"controlType":"sap.m.Button","viewName":"etm.portal.ui.manageresources.view.Detail","viewId":"application-manageresources-display-component---detailRU","i18NText":{"propertyName":"tooltip","key":"closeColumn"},"searchOpenDialogs":true,"interaction":{"idSuffix":"inner"}},"wdio_ui5_key":"etmportal.ui.manageresources.view.Detailsap.m.Button{\"propertyName\":\"tooltip\",\"key\":\"closeColumn\"}"}]}
COMMAND: GET /session/3fdfcd34cc1ad0984bb83731bfb105d6/screenshot - {}
RESULT: {"script":"<script> [1562 bytes]","args":[{"selector":{"controlType":"sap.m.Button","viewName":"etm.portal.ui.manageresources.view.Detail","viewId":"application-manageresources-display-component---detailRU","i18NText":{"propertyName":"tooltip","key":"closeColumn"},"searchOpenDialogs":true,"interaction":{"idSuffix":"inner"}},"wdio_ui5_key":"etmportal.ui.manageresources.view.Detailsap.m.Button{\"propertyName\":\"tooltip\",\"key\":\"closeColumn\"}"}]}
RESULT: undefined
COMMAND: POST /session/3fdfcd34cc1ad0984bb83731bfb105d6/element - {"using":"xpath","value":"//*[@id=\"__button45\"]"}
RESULT: {}
RESULT: {"using":"xpath","value":"//*[@id=\"__button45\"]"}
COMMAND: POST /session/3fdfcd34cc1ad0984bb83731bfb105d6/element/f.902B563C9587CBB3E624B0B064AC9B4C.d.306CB2737CF441C5B6569B02A1B46EF6.e.6907/click - {}
RESULT: {}
COMMAND: POST /session/3fdfcd34cc1ad0984bb83731bfb105d6/element - {"using":"css selector","value":"#j_username"}
COMMAND: POST /session/3fdfcd34cc1ad0984bb83731bfb105d6/url - {"url":"https://qa-testing-00-live-etm-ui.cfapps.eu10-004.hana.ondemand.com/"}
COMMAND: GET /session/3fdfcd34cc1ad0984bb83731bfb105d6/screenshot - {}
RESULT: {}
RESULT: {"url":"https://qa-testing-00-live-etm-ui.cfapps.eu10-004.hana.ondemand.com/"}
RESULT: undefined
COMMAND: GET /session/3fdfcd34cc1ad0984bb83731bfb105d6/screenshot - {}
RESULT: {"using":"css selector","value":"#j_username"}
COMMAND: POST /session/3fdfcd34cc1ad0984bb83731bfb105d6/element - {"using":"css selector","value":"#j_username"}
RESULT: {}
RESULT: {"using":"css selector","value":"#j_username"}
COMMAND: POST /session/3fdfcd34cc1ad0984bb83731bfb105d6/element - {"using":"css selector","value":"#shell-header-logo"}
RESULT: {"using":"css selector","value":"#shell-header-logo"}
COMMAND: POST /session/3fdfcd34cc1ad0984bb83731bfb105d6/execute/sync - {"script":"<script> [8489 bytes]","args":[{"element-6066-11e4-a52e-4f735466cecf":"f.902B563C9587CBB3E624B0B064AC9B4C.d.D34A838582654E1DF19C42714744F776.e.7032","ELEMENT":"f.902B563C9587CBB3E624B0B064AC9B4C.d.D34A838582654E1DF19C42714744F776.e.7032"}]}
RESULT: {"script":"<script> [8489 bytes]","args":[{"element-6066-11e4-a52e-4f735466cecf":"f.902B563C9587CBB3E624B0B064AC9B4C.d.D34A838582654E1DF19C42714744F776.e.7032","ELEMENT":"f.902B563C9587CBB3E624B0B064AC9B4C.d.D34A838582654E1DF19C42714744F776.e.7032"}]}
COMMAND: POST /session/3fdfcd34cc1ad0984bb83731bfb105d6/element - {"using":"css selector","value":"#shell-header-logo"}
COMMAND: GET /session/3fdfcd34cc1ad0984bb83731bfb105d6/screenshot - {}
RESULT: {"using":"css selector","value":"#shell-header-logo"}
COMMAND: POST /session/3fdfcd34cc1ad0984bb83731bfb105d6/execute/sync - {"script":"<script> [8489 bytes]","args":[{"element-6066-11e4-a52e-4f735466cecf":"f.902B563C9587CBB3E624B0B064AC9B4C.d.D34A838582654E1DF19C42714744F776.e.7032","ELEMENT":"f.902B563C9587CBB3E624B0B064AC9B4C.d.D34A838582654E1DF19C42714744F776.e.7032"}]}
RESULT: {}
RESULT: {"script":"<script> [8489 bytes]","args":[{"element-6066-11e4-a52e-4f735466cecf":"f.902B563C9587CBB3E624B0B064AC9B4C.d.D34A838582654E1DF19C42714744F776.e.7032","ELEMENT":"f.902B563C9587CBB3E624B0B064AC9B4C.d.D34A838582654E1DF19C42714744F776.e.7032"}]}
COMMAND: POST /session/3fdfcd34cc1ad0984bb83731bfb105d6/execute/sync - {"script":"<script> [5351 bytes]","args":[{"element-6066-11e4-a52e-4f735466cecf":"f.902B563C9587CBB3E624B0B064AC9B4C.d.D34A838582654E1DF19C42714744F776.e.7032","ELEMENT":"f.902B563C9587CBB3E624B0B064AC9B4C.d.D34A838582654E1DF19C42714744F776.e.7032"}]}
COMMAND: GET /session/3fdfcd34cc1ad0984bb83731bfb105d6/screenshot - {}
RESULT: {"script":"<script> [5351 bytes]","args":[{"element-6066-11e4-a52e-4f735466cecf":"f.902B563C9587CBB3E624B0B064AC9B4C.d.D34A838582654E1DF19C42714744F776.e.7032","ELEMENT":"f.902B563C9587CBB3E624B0B064AC9B4C.d.D34A838582654E1DF19C42714744F776.e.7032"}]}
COMMAND: POST /session/3fdfcd34cc1ad0984bb83731bfb105d6/element - {"using":"css selector","value":"#shell-header-logo"}
COMMAND: GET /session/3fdfcd34cc1ad0984bb83731bfb105d6/screenshot - {}
RESULT: {}
RESULT: {"using":"css selector","value":"#shell-header-logo"}
COMMAND: POST /session/3fdfcd34cc1ad0984bb83731bfb105d6/element/f.902B563C9587CBB3E624B0B064AC9B4C.d.D34A838582654E1DF19C42714744F776.e.7032/click - {}
RESULT: {}
RESULT: {}
COMMAND: GET /session/3fdfcd34cc1ad0984bb83731bfb105d6/screenshot - {}
RESULT: {}
COMMAND: POST /session/3fdfcd34cc1ad0984bb83731bfb105d6/execute/async - {"script":"<script> [189 bytes]","args":[]}
RESULT: {"script":"<script> [189 bytes]","args":[]}
COMMAND: POST /session/3fdfcd34cc1ad0984bb83731bfb105d6/execute/async - {"script":"<script> [123 bytes]","args":[]}
RESULT: {"script":"<script> [123 bytes]","args":[]}
COMMAND: POST /session/3fdfcd34cc1ad0984bb83731bfb105d6/timeouts - {"script":"<number>"}
RESULT: {"script":"<number>"}
COMMAND: GET /session/3fdfcd34cc1ad0984bb83731bfb105d6/timeouts - {}
RESULT: {}
RESULT: undefined
COMMAND: POST /session/3fdfcd34cc1ad0984bb83731bfb105d6/execute/async - {"script":"<script> [2676 bytes]","args":[]}
RESULT: {"script":"<script> [2676 bytes]","args":[]}
COMMAND: POST /session/3fdfcd34cc1ad0984bb83731bfb105d6/execute/async - {"script":"<script> [2342 bytes]","args":[{"protocol":"http","hostname":"0.0.0.0","path":"/","capabilities":{"browserName":"chrome","goog:chromeOptions":{"binary":"C:\\Program Files\\Google\\Chrome\\Application\\chrome.exe","args":["--start-maximized"]}},"logLevel":"warn","connectionRetryTimeout":120000,"connectionRetryCount":3,"logLevels":{},"enableDirectConnect":true,"strictSSL":true,"_":"65 more keys: [\"cacheDir\",\"port\",\"requestedCapabilities\",\"automationProtocol\",\"baseUrl\",\"waitforInterval\",\"waitforTimeout\",\"onReload\",\"beforeCommand\",\"afterCommand\",\"rootDir\",\"specs\",\"suites\",\"exclude\",\"groupLogsByTestSpec\",\"excludeDriverLogs\",\"bail\",\"framework\",\"reporters\",\"services\",\"maxInstances\",\"maxInstancesPerCapability\",\"injectGlobals\",\"filesToWatch\",\"execArgv\",\"runnerEnv\",\"runner\",\"shard\",\"specFileRetries\",\"specFileRetriesDelay\",\"specFileRetriesDeferred\",\"reporterSyncInterval\",\"reporterSyncTimeout\",\"cucumberFeaturesWithLineNumbers\",\"autoCompileOpts\",\"mochaOpts\",\"jasmineOpts\",\"cucumberOpts\",\"onPrepare\",\"onWorkerStart\",\"onWorkerEnd\",\"before\",\"beforeSession\",\"beforeSuite\",\"beforeHook\",\"beforeTest\",\"afterTest\",\"afterHook\",\"afterSuite\",\"afterSession\",\"after\",\"onComplete\",\"beforeAssertion\",\"afterAssertion\",\"beforeFeature\",\"beforeScenario\",\"beforeStep\",\"afterStep\",\"afterScenario\",\"afterFeature\",\"_\",\"suite\",\"$0\",\"ignoredWorkerServices\",\"wdi5\"]"}]}
RESULT: {"script":"<script> [2342 bytes]","args":[{"protocol":"http","hostname":"0.0.0.0","path":"/","capabilities":{"browserName":"chrome","goog:chromeOptions":{"binary":"C:\\Program Files\\Google\\Chrome\\Application\\chrome.exe","args":["--start-maximized"]}},"logLevel":"warn","connectionRetryTimeout":120000,"connectionRetryCount":3,"logLevels":{},"enableDirectConnect":true,"strictSSL":true,"_":"65 more keys: [\"cacheDir\",\"port\",\"requestedCapabilities\",\"automationProtocol\",\"baseUrl\",\"waitforInterval\",\"waitforTimeout\",\"onReload\",\"beforeCommand\",\"afterCommand\",\"rootDir\",\"specs\",\"suites\",\"exclude\",\"groupLogsByTestSpec\",\"excludeDriverLogs\",\"bail\",\"framework\",\"reporters\",\"services\",\"maxInstances\",\"maxInstancesPerCapability\",\"injectGlobals\",\"filesToWatch\",\"execArgv\",\"runnerEnv\",\"runner\",\"shard\",\"specFileRetries\",\"specFileRetriesDelay\",\"specFileRetriesDeferred\",\"reporterSyncInterval\",\"reporterSyncTimeout\",\"cucumberFeaturesWithLineNumbers\",\"autoCompileOpts\",\"mochaOpts\",\"jasmineOpts\",\"cucumberOpts\",\"onPrepare\",\"onWorkerStart\",\"onWorkerEnd\",\"before\",\"beforeSession\",\"beforeSuite\",\"beforeHook\",\"beforeTest\",\"afterTest\",\"afterHook\",\"afterSuite\",\"afterSession\",\"after\",\"onComplete\",\"beforeAssertion\",\"afterAssertion\",\"beforeFeature\",\"beforeScenario\",\"beforeStep\",\"afterStep\",\"afterScenario\",\"afterFeature\",\"_\",\"suite\",\"$0\",\"ignoredWorkerServices\",\"wdi5\"]"}]}
COMMAND: POST /session/3fdfcd34cc1ad0984bb83731bfb105d6/execute/async - {"script":"<script> [21126 bytes]","args":[35000]}
RESULT: {"script":"<script> [21126 bytes]","args":[35000]}
COMMAND: POST /session/3fdfcd34cc1ad0984bb83731bfb105d6/window/maximize - {}
RESULT: {}
COMMAND: POST /session/3fdfcd34cc1ad0984bb83731bfb105d6/execute/async - {"script":"<script> [1562 bytes]","args":[{"selector":{"id":"shell-header","interaction":{"idSuffix":"icon"}},"wdio_ui5_key":"shellheader"}]}
COMMAND: GET /session/3fdfcd34cc1ad0984bb83731bfb105d6/screenshot - {}
RESULT: {"script":"<script> [1562 bytes]","args":[{"selector":{"id":"shell-header","interaction":{"idSuffix":"icon"}},"wdio_ui5_key":"shellheader"}]}
RESULT: undefined
]]></system-out>
    </testcase>
  </testsuite>
  <testsuite timestamp="2025-05-26T15:42:49" time="315.604" tests="1" failures="0" errors="0" skipped="0">
    <properties>
      <property name="specId" value="0"/>
      <property name="suiteName" value="create-equipment"/>
      <property name="capabilities" value="chrome.136_0_7103_93.windows"/>
      <property name="file" value="file:///D:/a/1/s/test/specs/R2C/create-equipment.spec.js"/>
    </properties>
    <testcase classname="chrome.136_0_7103_93.windows.create-equipment" name="create equipment" time="296.216">
      <system-out><![CDATA[
COMMAND: POST /session/3fdfcd34cc1ad0984bb83731bfb105d6/execute/async - {"script":"<script> [1562 bytes]","args":[{"selector":{"controlType":"sap.m.GenericTile","properties":{"header":"Manage Resources"}},"wdio_ui5_key":"sapm.GenericTile{\"header\":\"Manage Resources\"}"}]}
RESULT: {}
RESULT: {"script":"<script> [1562 bytes]","args":[{"selector":{"controlType":"sap.m.GenericTile","properties":{"header":"Manage Resources"}},"wdio_ui5_key":"sapm.GenericTile{\"header\":\"Manage Resources\"}"}]}
RESULT: undefined
COMMAND: POST /session/3fdfcd34cc1ad0984bb83731bfb105d6/element - {"using":"xpath","value":"//*[@id=\"__tile31\"]"}
RESULT: {"using":"xpath","value":"//*[@id=\"__tile31\"]"}
COMMAND: POST /session/3fdfcd34cc1ad0984bb83731bfb105d6/element/f.902B563C9587CBB3E624B0B064AC9B4C.d.D34A838582654E1DF19C42714744F776.e.7056/click - {}
RESULT: {}
COMMAND: GET /session/3fdfcd34cc1ad0984bb83731bfb105d6/screenshot - {}
RESULT: {}
COMMAND: POST /session/3fdfcd34cc1ad0984bb83731bfb105d6/elements - {"using":"xpath","value":"//span[text()='Error']"}
RESULT: {"using":"xpath","value":"//span[text()='Error']"}
COMMAND: POST /session/3fdfcd34cc1ad0984bb83731bfb105d6/element - {"using":"xpath","value":"//button[@data-kt=\"addNewRUOverflowToolbarButton\"]"}
RESULT: {"using":"xpath","value":"//button[@data-kt=\"addNewRUOverflowToolbarButton\"]"}
COMMAND: POST /session/3fdfcd34cc1ad0984bb83731bfb105d6/execute/sync - {"script":"<script> [8489 bytes]","args":[{"element-6066-11e4-a52e-4f735466cecf":"f.902B563C9587CBB3E624B0B064AC9B4C.d.D34A838582654E1DF19C42714744F776.e.7193","ELEMENT":"f.902B563C9587CBB3E624B0B064AC9B4C.d.D34A838582654E1DF19C42714744F776.e.7193"}]}
RESULT: {"script":"<script> [8489 bytes]","args":[{"element-6066-11e4-a52e-4f735466cecf":"f.902B563C9587CBB3E624B0B064AC9B4C.d.D34A838582654E1DF19C42714744F776.e.7193","ELEMENT":"f.902B563C9587CBB3E624B0B064AC9B4C.d.D34A838582654E1DF19C42714744F776.e.7193"}]}
COMMAND: POST /session/3fdfcd34cc1ad0984bb83731bfb105d6/element/f.902B563C9587CBB3E624B0B064AC9B4C.d.D34A838582654E1DF19C42714744F776.e.7193/click - {}
COMMAND: GET /session/3fdfcd34cc1ad0984bb83731bfb105d6/screenshot - {}
RESULT: {}
COMMAND: GET /session/3fdfcd34cc1ad0984bb83731bfb105d6/screenshot - {}
COMMAND: POST /session/3fdfcd34cc1ad0984bb83731bfb105d6/execute/async - {"script":"<script> [1562 bytes]","args":[{"selector":{"controlType":"sap.m.ComboBox","viewName":"reusables.view.manageresources.NewResourceUnit","viewId":"application-manageresources-display-component---newResourceUnit","bindingPath":{"path":"","propertyPath":"/RuTypes","modelName":"catalogModel"},"searchOpenDialogs":true},"wdio_ui5_key":"reusablesview.manageresources.NewResourceUnitsap.m.ComboBox{\"path\":\"\",\"propertyPath\":\"/RuTypes\",\"modelName\":\"catalogModel\"}"}]}
RESULT: {}
RESULT: {}
RESULT: {"script":"<script> [1562 bytes]","args":[{"selector":{"controlType":"sap.m.ComboBox","viewName":"reusables.view.manageresources.NewResourceUnit","viewId":"application-manageresources-display-component---newResourceUnit","bindingPath":{"path":"","propertyPath":"/RuTypes","modelName":"catalogModel"},"searchOpenDialogs":true},"wdio_ui5_key":"reusablesview.manageresources.NewResourceUnitsap.m.ComboBox{\"path\":\"\",\"propertyPath\":\"/RuTypes\",\"modelName\":\"catalogModel\"}"}]}
RESULT: undefined
COMMAND: POST /session/3fdfcd34cc1ad0984bb83731bfb105d6/execute/async - {"script":"<script> [1562 bytes]","args":[{"selector":{"controlType":"sap.m.ComboBox","viewName":"reusables.view.manageresources.NewResourceUnit","viewId":"application-manageresources-display-component---newResourceUnit","bindingPath":{"path":"","propertyPath":"/Yards","modelName":"catalogModel"},"searchOpenDialogs":true},"wdio_ui5_key":"reusablesview.manageresources.NewResourceUnitsap.m.ComboBox{\"path\":\"\",\"propertyPath\":\"/Yards\",\"modelName\":\"catalogModel\"}"}]}
RESULT: {"script":"<script> [1562 bytes]","args":[{"selector":{"controlType":"sap.m.ComboBox","viewName":"reusables.view.manageresources.NewResourceUnit","viewId":"application-manageresources-display-component---newResourceUnit","bindingPath":{"path":"","propertyPath":"/Yards","modelName":"catalogModel"},"searchOpenDialogs":true},"wdio_ui5_key":"reusablesview.manageresources.NewResourceUnitsap.m.ComboBox{\"path\":\"\",\"propertyPath\":\"/Yards\",\"modelName\":\"catalogModel\"}"}]}
RESULT: undefined
COMMAND: POST /session/3fdfcd34cc1ad0984bb83731bfb105d6/execute/async - {"script":"<script> [1562 bytes]","args":[{"selector":{"controlType":"etm.portal.ui.reusables.customControls.LiveSearchComboBox","viewName":"reusables.view.manageresources.NewResourceUnit","viewId":"application-manageresources-display-component---newResourceUnit","bindingPath":{"path":"","propertyPath":"/CatalogItems","modelName":"catalogModel"},"searchOpenDialogs":true},"wdio_ui5_key":"reusablesview.manageresources.NewResourceUnitetm.portal.ui.reusables.customControls.LiveSearchComboBox{\"path\":\"\",\"propertyPath\":\"/CatalogItems\",\"modelName\":\"catalogModel\"}"}]}
RESULT: {"script":"<script> [1562 bytes]","args":[{"selector":{"controlType":"etm.portal.ui.reusables.customControls.LiveSearchComboBox","viewName":"reusables.view.manageresources.NewResourceUnit","viewId":"application-manageresources-display-component---newResourceUnit","bindingPath":{"path":"","propertyPath":"/CatalogItems","modelName":"catalogModel"},"searchOpenDialogs":true},"wdio_ui5_key":"reusablesview.manageresources.NewResourceUnitetm.portal.ui.reusables.customControls.LiveSearchComboBox{\"path\":\"\",\"propertyPath\":\"/CatalogItems\",\"modelName\":\"catalogModel\"}"}]}
RESULT: undefined
COMMAND: POST /session/3fdfcd34cc1ad0984bb83731bfb105d6/element - {"using":"xpath","value":"//bdi[text()=\"OK\"]"}
RESULT: {"using":"xpath","value":"//bdi[text()=\"OK\"]"}
COMMAND: POST /session/3fdfcd34cc1ad0984bb83731bfb105d6/elements - {"using":"xpath","value":"//bdi[text()=\"OK\"]"}
RESULT: {"using":"xpath","value":"//bdi[text()=\"OK\"]"}
COMMAND: POST /session/3fdfcd34cc1ad0984bb83731bfb105d6/elements - {"using":"xpath","value":"//bdi[text()=\"OK\"]"}
RESULT: {"using":"xpath","value":"//bdi[text()=\"OK\"]"}
COMMAND: POST /session/3fdfcd34cc1ad0984bb83731bfb105d6/elements - {"using":"xpath","value":"//bdi[text()=\"OK\"]"}
RESULT: {"using":"xpath","value":"//bdi[text()=\"OK\"]"}
COMMAND: POST /session/3fdfcd34cc1ad0984bb83731bfb105d6/elements - {"using":"xpath","value":"//bdi[text()=\"OK\"]"}
RESULT: {"using":"xpath","value":"//bdi[text()=\"OK\"]"}
COMMAND: POST /session/3fdfcd34cc1ad0984bb83731bfb105d6/elements - {"using":"xpath","value":"//bdi[text()=\"OK\"]"}
RESULT: {"using":"xpath","value":"//bdi[text()=\"OK\"]"}
COMMAND: POST /session/3fdfcd34cc1ad0984bb83731bfb105d6/elements - {"using":"xpath","value":"//bdi[text()=\"OK\"]"}
RESULT: {"using":"xpath","value":"//bdi[text()=\"OK\"]"}
COMMAND: POST /session/3fdfcd34cc1ad0984bb83731bfb105d6/elements - {"using":"xpath","value":"//bdi[text()=\"OK\"]"}
RESULT: {"using":"xpath","value":"//bdi[text()=\"OK\"]"}
COMMAND: POST /session/3fdfcd34cc1ad0984bb83731bfb105d6/elements - {"using":"xpath","value":"//bdi[text()=\"OK\"]"}
RESULT: {"using":"xpath","value":"//bdi[text()=\"OK\"]"}
COMMAND: POST /session/3fdfcd34cc1ad0984bb83731bfb105d6/elements - {"using":"xpath","value":"//bdi[text()=\"OK\"]"}
RESULT: {"using":"xpath","value":"//bdi[text()=\"OK\"]"}
COMMAND: POST /session/3fdfcd34cc1ad0984bb83731bfb105d6/elements - {"using":"xpath","value":"//bdi[text()=\"OK\"]"}
RESULT: {"using":"xpath","value":"//bdi[text()=\"OK\"]"}
COMMAND: POST /session/3fdfcd34cc1ad0984bb83731bfb105d6/elements - {"using":"xpath","value":"//bdi[text()=\"OK\"]"}
RESULT: {"using":"xpath","value":"//bdi[text()=\"OK\"]"}
COMMAND: POST /session/3fdfcd34cc1ad0984bb83731bfb105d6/elements - {"using":"xpath","value":"//bdi[text()=\"OK\"]"}
RESULT: {"using":"xpath","value":"//bdi[text()=\"OK\"]"}
COMMAND: POST /session/3fdfcd34cc1ad0984bb83731bfb105d6/elements - {"using":"xpath","value":"//bdi[text()=\"OK\"]"}
RESULT: {"using":"xpath","value":"//bdi[text()=\"OK\"]"}
COMMAND: POST /session/3fdfcd34cc1ad0984bb83731bfb105d6/elements - {"using":"xpath","value":"//bdi[text()=\"OK\"]"}
RESULT: {"using":"xpath","value":"//bdi[text()=\"OK\"]"}
COMMAND: POST /session/3fdfcd34cc1ad0984bb83731bfb105d6/elements - {"using":"xpath","value":"//bdi[text()=\"OK\"]"}
RESULT: {"using":"xpath","value":"//bdi[text()=\"OK\"]"}
COMMAND: POST /session/3fdfcd34cc1ad0984bb83731bfb105d6/elements - {"using":"xpath","value":"//bdi[text()=\"OK\"]"}
RESULT: {"using":"xpath","value":"//bdi[text()=\"OK\"]"}
COMMAND: POST /session/3fdfcd34cc1ad0984bb83731bfb105d6/elements - {"using":"xpath","value":"//bdi[text()=\"OK\"]"}
RESULT: {"using":"xpath","value":"//bdi[text()=\"OK\"]"}
COMMAND: POST /session/3fdfcd34cc1ad0984bb83731bfb105d6/elements - {"using":"xpath","value":"//bdi[text()=\"OK\"]"}
RESULT: {"using":"xpath","value":"//bdi[text()=\"OK\"]"}
COMMAND: POST /session/3fdfcd34cc1ad0984bb83731bfb105d6/elements - {"using":"xpath","value":"//bdi[text()=\"OK\"]"}
RESULT: {"using":"xpath","value":"//bdi[text()=\"OK\"]"}
COMMAND: POST /session/3fdfcd34cc1ad0984bb83731bfb105d6/elements - {"using":"xpath","value":"//bdi[text()=\"OK\"]"}
RESULT: {"using":"xpath","value":"//bdi[text()=\"OK\"]"}
COMMAND: POST /session/3fdfcd34cc1ad0984bb83731bfb105d6/elements - {"using":"xpath","value":"//bdi[text()=\"OK\"]"}
RESULT: {"using":"xpath","value":"//bdi[text()=\"OK\"]"}
COMMAND: POST /session/3fdfcd34cc1ad0984bb83731bfb105d6/elements - {"using":"xpath","value":"//bdi[text()=\"OK\"]"}
RESULT: {"using":"xpath","value":"//bdi[text()=\"OK\"]"}
COMMAND: POST /session/3fdfcd34cc1ad0984bb83731bfb105d6/elements - {"using":"xpath","value":"//bdi[text()=\"OK\"]"}
RESULT: {"using":"xpath","value":"//bdi[text()=\"OK\"]"}
COMMAND: POST /session/3fdfcd34cc1ad0984bb83731bfb105d6/elements - {"using":"xpath","value":"//bdi[text()=\"OK\"]"}
RESULT: {"using":"xpath","value":"//bdi[text()=\"OK\"]"}
COMMAND: POST /session/3fdfcd34cc1ad0984bb83731bfb105d6/elements - {"using":"xpath","value":"//bdi[text()=\"OK\"]"}
RESULT: {"using":"xpath","value":"//bdi[text()=\"OK\"]"}
COMMAND: POST /session/3fdfcd34cc1ad0984bb83731bfb105d6/elements - {"using":"xpath","value":"//bdi[text()=\"OK\"]"}
RESULT: {"using":"xpath","value":"//bdi[text()=\"OK\"]"}
COMMAND: POST /session/3fdfcd34cc1ad0984bb83731bfb105d6/elements - {"using":"xpath","value":"//bdi[text()=\"OK\"]"}
RESULT: {"using":"xpath","value":"//bdi[text()=\"OK\"]"}
COMMAND: POST /session/3fdfcd34cc1ad0984bb83731bfb105d6/elements - {"using":"xpath","value":"//bdi[text()=\"OK\"]"}
RESULT: {"using":"xpath","value":"//bdi[text()=\"OK\"]"}
COMMAND: POST /session/3fdfcd34cc1ad0984bb83731bfb105d6/elements - {"using":"xpath","value":"//bdi[text()=\"OK\"]"}
RESULT: {"using":"xpath","value":"//bdi[text()=\"OK\"]"}
COMMAND: POST /session/3fdfcd34cc1ad0984bb83731bfb105d6/elements - {"using":"xpath","value":"//bdi[text()=\"OK\"]"}
RESULT: {"using":"xpath","value":"//bdi[text()=\"OK\"]"}
COMMAND: POST /session/3fdfcd34cc1ad0984bb83731bfb105d6/elements - {"using":"xpath","value":"//bdi[text()=\"OK\"]"}
RESULT: {"using":"xpath","value":"//bdi[text()=\"OK\"]"}
COMMAND: POST /session/3fdfcd34cc1ad0984bb83731bfb105d6/elements - {"using":"xpath","value":"//bdi[text()=\"OK\"]"}
RESULT: {"using":"xpath","value":"//bdi[text()=\"OK\"]"}
COMMAND: POST /session/3fdfcd34cc1ad0984bb83731bfb105d6/elements - {"using":"xpath","value":"//bdi[text()=\"OK\"]"}
RESULT: {"using":"xpath","value":"//bdi[text()=\"OK\"]"}
COMMAND: POST /session/3fdfcd34cc1ad0984bb83731bfb105d6/elements - {"using":"xpath","value":"//bdi[text()=\"OK\"]"}
RESULT: {"using":"xpath","value":"//bdi[text()=\"OK\"]"}
COMMAND: POST /session/3fdfcd34cc1ad0984bb83731bfb105d6/elements - {"using":"xpath","value":"//bdi[text()=\"OK\"]"}
RESULT: {"using":"xpath","value":"//bdi[text()=\"OK\"]"}
COMMAND: POST /session/3fdfcd34cc1ad0984bb83731bfb105d6/elements - {"using":"xpath","value":"//bdi[text()=\"OK\"]"}
RESULT: {"using":"xpath","value":"//bdi[text()=\"OK\"]"}
COMMAND: POST /session/3fdfcd34cc1ad0984bb83731bfb105d6/elements - {"using":"xpath","value":"//bdi[text()=\"OK\"]"}
RESULT: {"using":"xpath","value":"//bdi[text()=\"OK\"]"}
COMMAND: POST /session/3fdfcd34cc1ad0984bb83731bfb105d6/elements - {"using":"xpath","value":"//bdi[text()=\"OK\"]"}
RESULT: {"using":"xpath","value":"//bdi[text()=\"OK\"]"}
COMMAND: POST /session/3fdfcd34cc1ad0984bb83731bfb105d6/elements - {"using":"xpath","value":"//bdi[text()=\"OK\"]"}
RESULT: {"using":"xpath","value":"//bdi[text()=\"OK\"]"}
COMMAND: POST /session/3fdfcd34cc1ad0984bb83731bfb105d6/elements - {"using":"xpath","value":"//bdi[text()=\"OK\"]"}
RESULT: {"using":"xpath","value":"//bdi[text()=\"OK\"]"}
COMMAND: POST /session/3fdfcd34cc1ad0984bb83731bfb105d6/elements - {"using":"xpath","value":"//bdi[text()=\"OK\"]"}
RESULT: {"using":"xpath","value":"//bdi[text()=\"OK\"]"}
COMMAND: POST /session/3fdfcd34cc1ad0984bb83731bfb105d6/elements - {"using":"xpath","value":"//bdi[text()=\"OK\"]"}
RESULT: {"using":"xpath","value":"//bdi[text()=\"OK\"]"}
COMMAND: POST /session/3fdfcd34cc1ad0984bb83731bfb105d6/elements - {"using":"xpath","value":"//bdi[text()=\"OK\"]"}
RESULT: {"using":"xpath","value":"//bdi[text()=\"OK\"]"}
COMMAND: POST /session/3fdfcd34cc1ad0984bb83731bfb105d6/elements - {"using":"xpath","value":"//bdi[text()=\"OK\"]"}
RESULT: {"using":"xpath","value":"//bdi[text()=\"OK\"]"}
COMMAND: POST /session/3fdfcd34cc1ad0984bb83731bfb105d6/elements - {"using":"xpath","value":"//bdi[text()=\"OK\"]"}
RESULT: {"using":"xpath","value":"//bdi[text()=\"OK\"]"}
COMMAND: POST /session/3fdfcd34cc1ad0984bb83731bfb105d6/elements - {"using":"xpath","value":"//bdi[text()=\"OK\"]"}
RESULT: {"using":"xpath","value":"//bdi[text()=\"OK\"]"}
COMMAND: POST /session/3fdfcd34cc1ad0984bb83731bfb105d6/elements - {"using":"xpath","value":"//bdi[text()=\"OK\"]"}
RESULT: {"using":"xpath","value":"//bdi[text()=\"OK\"]"}
COMMAND: POST /session/3fdfcd34cc1ad0984bb83731bfb105d6/elements - {"using":"xpath","value":"//bdi[text()=\"OK\"]"}
RESULT: {"using":"xpath","value":"//bdi[text()=\"OK\"]"}
COMMAND: POST /session/3fdfcd34cc1ad0984bb83731bfb105d6/elements - {"using":"xpath","value":"//bdi[text()=\"OK\"]"}
RESULT: {"using":"xpath","value":"//bdi[text()=\"OK\"]"}
COMMAND: POST /session/3fdfcd34cc1ad0984bb83731bfb105d6/elements - {"using":"xpath","value":"//bdi[text()=\"OK\"]"}
RESULT: {"using":"xpath","value":"//bdi[text()=\"OK\"]"}
COMMAND: POST /session/3fdfcd34cc1ad0984bb83731bfb105d6/elements - {"using":"xpath","value":"//bdi[text()=\"OK\"]"}
RESULT: {"using":"xpath","value":"//bdi[text()=\"OK\"]"}
COMMAND: POST /session/3fdfcd34cc1ad0984bb83731bfb105d6/elements - {"using":"xpath","value":"//bdi[text()=\"OK\"]"}
RESULT: {"using":"xpath","value":"//bdi[text()=\"OK\"]"}
COMMAND: POST /session/3fdfcd34cc1ad0984bb83731bfb105d6/elements - {"using":"xpath","value":"//bdi[text()=\"OK\"]"}
RESULT: {"using":"xpath","value":"//bdi[text()=\"OK\"]"}
COMMAND: POST /session/3fdfcd34cc1ad0984bb83731bfb105d6/elements - {"using":"xpath","value":"//bdi[text()=\"OK\"]"}
RESULT: {"using":"xpath","value":"//bdi[text()=\"OK\"]"}
COMMAND: POST /session/3fdfcd34cc1ad0984bb83731bfb105d6/elements - {"using":"xpath","value":"//bdi[text()=\"OK\"]"}
RESULT: {"using":"xpath","value":"//bdi[text()=\"OK\"]"}
COMMAND: POST /session/3fdfcd34cc1ad0984bb83731bfb105d6/elements - {"using":"xpath","value":"//bdi[text()=\"OK\"]"}
RESULT: {"using":"xpath","value":"//bdi[text()=\"OK\"]"}
COMMAND: POST /session/3fdfcd34cc1ad0984bb83731bfb105d6/elements - {"using":"xpath","value":"//bdi[text()=\"OK\"]"}
RESULT: {"using":"xpath","value":"//bdi[text()=\"OK\"]"}
COMMAND: POST /session/3fdfcd34cc1ad0984bb83731bfb105d6/elements - {"using":"xpath","value":"//bdi[text()=\"OK\"]"}
RESULT: {"using":"xpath","value":"//bdi[text()=\"OK\"]"}
COMMAND: POST /session/3fdfcd34cc1ad0984bb83731bfb105d6/elements - {"using":"xpath","value":"//bdi[text()=\"OK\"]"}
RESULT: {"using":"xpath","value":"//bdi[text()=\"OK\"]"}
COMMAND: POST /session/3fdfcd34cc1ad0984bb83731bfb105d6/elements - {"using":"xpath","value":"//bdi[text()=\"OK\"]"}
RESULT: {"using":"xpath","value":"//bdi[text()=\"OK\"]"}
COMMAND: POST /session/3fdfcd34cc1ad0984bb83731bfb105d6/elements - {"using":"xpath","value":"//bdi[text()=\"OK\"]"}
RESULT: {"using":"xpath","value":"//bdi[text()=\"OK\"]"}
COMMAND: POST /session/3fdfcd34cc1ad0984bb83731bfb105d6/elements - {"using":"xpath","value":"//bdi[text()=\"OK\"]"}
RESULT: {"using":"xpath","value":"//bdi[text()=\"OK\"]"}
COMMAND: POST /session/3fdfcd34cc1ad0984bb83731bfb105d6/elements - {"using":"xpath","value":"//bdi[text()=\"OK\"]"}
RESULT: {"using":"xpath","value":"//bdi[text()=\"OK\"]"}
COMMAND: POST /session/3fdfcd34cc1ad0984bb83731bfb105d6/elements - {"using":"xpath","value":"//bdi[text()=\"OK\"]"}
RESULT: {"using":"xpath","value":"//bdi[text()=\"OK\"]"}
COMMAND: POST /session/3fdfcd34cc1ad0984bb83731bfb105d6/elements - {"using":"xpath","value":"//bdi[text()=\"OK\"]"}
RESULT: {"using":"xpath","value":"//bdi[text()=\"OK\"]"}
COMMAND: POST /session/3fdfcd34cc1ad0984bb83731bfb105d6/elements - {"using":"xpath","value":"//bdi[text()=\"OK\"]"}
RESULT: {"using":"xpath","value":"//bdi[text()=\"OK\"]"}
COMMAND: POST /session/3fdfcd34cc1ad0984bb83731bfb105d6/elements - {"using":"xpath","value":"//bdi[text()=\"OK\"]"}
RESULT: {"using":"xpath","value":"//bdi[text()=\"OK\"]"}
COMMAND: POST /session/3fdfcd34cc1ad0984bb83731bfb105d6/elements - {"using":"xpath","value":"//bdi[text()=\"OK\"]"}
RESULT: {"using":"xpath","value":"//bdi[text()=\"OK\"]"}
COMMAND: POST /session/3fdfcd34cc1ad0984bb83731bfb105d6/elements - {"using":"xpath","value":"//bdi[text()=\"OK\"]"}
RESULT: {"using":"xpath","value":"//bdi[text()=\"OK\"]"}
COMMAND: POST /session/3fdfcd34cc1ad0984bb83731bfb105d6/elements - {"using":"xpath","value":"//bdi[text()=\"OK\"]"}
RESULT: {"using":"xpath","value":"//bdi[text()=\"OK\"]"}
COMMAND: POST /session/3fdfcd34cc1ad0984bb83731bfb105d6/elements - {"using":"xpath","value":"//bdi[text()=\"OK\"]"}
RESULT: {"using":"xpath","value":"//bdi[text()=\"OK\"]"}
COMMAND: POST /session/3fdfcd34cc1ad0984bb83731bfb105d6/elements - {"using":"xpath","value":"//bdi[text()=\"OK\"]"}
RESULT: {"using":"xpath","value":"//bdi[text()=\"OK\"]"}
COMMAND: POST /session/3fdfcd34cc1ad0984bb83731bfb105d6/elements - {"using":"xpath","value":"//bdi[text()=\"OK\"]"}
RESULT: {"using":"xpath","value":"//bdi[text()=\"OK\"]"}
COMMAND: POST /session/3fdfcd34cc1ad0984bb83731bfb105d6/elements - {"using":"xpath","value":"//bdi[text()=\"OK\"]"}
RESULT: {"using":"xpath","value":"//bdi[text()=\"OK\"]"}
COMMAND: POST /session/3fdfcd34cc1ad0984bb83731bfb105d6/elements - {"using":"xpath","value":"//bdi[text()=\"OK\"]"}
RESULT: {"using":"xpath","value":"//bdi[text()=\"OK\"]"}
COMMAND: POST /session/3fdfcd34cc1ad0984bb83731bfb105d6/elements - {"using":"xpath","value":"//bdi[text()=\"OK\"]"}
RESULT: {"using":"xpath","value":"//bdi[text()=\"OK\"]"}
COMMAND: POST /session/3fdfcd34cc1ad0984bb83731bfb105d6/elements - {"using":"xpath","value":"//bdi[text()=\"OK\"]"}
RESULT: {"using":"xpath","value":"//bdi[text()=\"OK\"]"}
COMMAND: POST /session/3fdfcd34cc1ad0984bb83731bfb105d6/elements - {"using":"xpath","value":"//bdi[text()=\"OK\"]"}
RESULT: {"using":"xpath","value":"//bdi[text()=\"OK\"]"}
COMMAND: POST /session/3fdfcd34cc1ad0984bb83731bfb105d6/elements - {"using":"xpath","value":"//bdi[text()=\"OK\"]"}
RESULT: {"using":"xpath","value":"//bdi[text()=\"OK\"]"}
COMMAND: POST /session/3fdfcd34cc1ad0984bb83731bfb105d6/elements - {"using":"xpath","value":"//bdi[text()=\"OK\"]"}
RESULT: {"using":"xpath","value":"//bdi[text()=\"OK\"]"}
COMMAND: POST /session/3fdfcd34cc1ad0984bb83731bfb105d6/elements - {"using":"xpath","value":"//bdi[text()=\"OK\"]"}
RESULT: {"using":"xpath","value":"//bdi[text()=\"OK\"]"}
COMMAND: POST /session/3fdfcd34cc1ad0984bb83731bfb105d6/elements - {"using":"xpath","value":"//bdi[text()=\"OK\"]"}
RESULT: {"using":"xpath","value":"//bdi[text()=\"OK\"]"}
COMMAND: POST /session/3fdfcd34cc1ad0984bb83731bfb105d6/elements - {"using":"xpath","value":"//bdi[text()=\"OK\"]"}
RESULT: {"using":"xpath","value":"//bdi[text()=\"OK\"]"}
COMMAND: POST /session/3fdfcd34cc1ad0984bb83731bfb105d6/elements - {"using":"xpath","value":"//bdi[text()=\"OK\"]"}
RESULT: {"using":"xpath","value":"//bdi[text()=\"OK\"]"}
COMMAND: POST /session/3fdfcd34cc1ad0984bb83731bfb105d6/elements - {"using":"xpath","value":"//bdi[text()=\"OK\"]"}
RESULT: {"using":"xpath","value":"//bdi[text()=\"OK\"]"}
COMMAND: POST /session/3fdfcd34cc1ad0984bb83731bfb105d6/elements - {"using":"xpath","value":"//bdi[text()=\"OK\"]"}
RESULT: {"using":"xpath","value":"//bdi[text()=\"OK\"]"}
COMMAND: POST /session/3fdfcd34cc1ad0984bb83731bfb105d6/elements - {"using":"xpath","value":"//bdi[text()=\"OK\"]"}
RESULT: {"using":"xpath","value":"//bdi[text()=\"OK\"]"}
COMMAND: POST /session/3fdfcd34cc1ad0984bb83731bfb105d6/elements - {"using":"xpath","value":"//bdi[text()=\"OK\"]"}
RESULT: {"using":"xpath","value":"//bdi[text()=\"OK\"]"}
COMMAND: POST /session/3fdfcd34cc1ad0984bb83731bfb105d6/elements - {"using":"xpath","value":"//bdi[text()=\"OK\"]"}
RESULT: {"using":"xpath","value":"//bdi[text()=\"OK\"]"}
COMMAND: POST /session/3fdfcd34cc1ad0984bb83731bfb105d6/elements - {"using":"xpath","value":"//bdi[text()=\"OK\"]"}
RESULT: {"using":"xpath","value":"//bdi[text()=\"OK\"]"}
COMMAND: POST /session/3fdfcd34cc1ad0984bb83731bfb105d6/elements - {"using":"xpath","value":"//bdi[text()=\"OK\"]"}
RESULT: {"using":"xpath","value":"//bdi[text()=\"OK\"]"}
COMMAND: POST /session/3fdfcd34cc1ad0984bb83731bfb105d6/elements - {"using":"xpath","value":"//bdi[text()=\"OK\"]"}
RESULT: {"using":"xpath","value":"//bdi[text()=\"OK\"]"}
COMMAND: POST /session/3fdfcd34cc1ad0984bb83731bfb105d6/elements - {"using":"xpath","value":"//bdi[text()=\"OK\"]"}
RESULT: {"using":"xpath","value":"//bdi[text()=\"OK\"]"}
COMMAND: POST /session/3fdfcd34cc1ad0984bb83731bfb105d6/elements - {"using":"xpath","value":"//bdi[text()=\"OK\"]"}
RESULT: {"using":"xpath","value":"//bdi[text()=\"OK\"]"}
COMMAND: POST /session/3fdfcd34cc1ad0984bb83731bfb105d6/elements - {"using":"xpath","value":"//bdi[text()=\"OK\"]"}
RESULT: {"using":"xpath","value":"//bdi[text()=\"OK\"]"}
COMMAND: POST /session/3fdfcd34cc1ad0984bb83731bfb105d6/elements - {"using":"xpath","value":"//bdi[text()=\"OK\"]"}
RESULT: {"using":"xpath","value":"//bdi[text()=\"OK\"]"}
COMMAND: POST /session/3fdfcd34cc1ad0984bb83731bfb105d6/elements - {"using":"xpath","value":"//bdi[text()=\"OK\"]"}
RESULT: {"using":"xpath","value":"//bdi[text()=\"OK\"]"}
COMMAND: POST /session/3fdfcd34cc1ad0984bb83731bfb105d6/elements - {"using":"xpath","value":"//bdi[text()=\"OK\"]"}
RESULT: {"using":"xpath","value":"//bdi[text()=\"OK\"]"}
COMMAND: POST /session/3fdfcd34cc1ad0984bb83731bfb105d6/elements - {"using":"xpath","value":"//bdi[text()=\"OK\"]"}
RESULT: {"using":"xpath","value":"//bdi[text()=\"OK\"]"}
COMMAND: POST /session/3fdfcd34cc1ad0984bb83731bfb105d6/elements - {"using":"xpath","value":"//bdi[text()=\"OK\"]"}
RESULT: {"using":"xpath","value":"//bdi[text()=\"OK\"]"}
COMMAND: POST /session/3fdfcd34cc1ad0984bb83731bfb105d6/elements - {"using":"xpath","value":"//bdi[text()=\"OK\"]"}
RESULT: {"using":"xpath","value":"//bdi[text()=\"OK\"]"}
COMMAND: POST /session/3fdfcd34cc1ad0984bb83731bfb105d6/elements - {"using":"xpath","value":"//bdi[text()=\"OK\"]"}
RESULT: {"using":"xpath","value":"//bdi[text()=\"OK\"]"}
COMMAND: POST /session/3fdfcd34cc1ad0984bb83731bfb105d6/elements - {"using":"xpath","value":"//bdi[text()=\"OK\"]"}
RESULT: {"using":"xpath","value":"//bdi[text()=\"OK\"]"}
COMMAND: POST /session/3fdfcd34cc1ad0984bb83731bfb105d6/elements - {"using":"xpath","value":"//bdi[text()=\"OK\"]"}
RESULT: {"using":"xpath","value":"//bdi[text()=\"OK\"]"}
COMMAND: POST /session/3fdfcd34cc1ad0984bb83731bfb105d6/elements - {"using":"xpath","value":"//bdi[text()=\"OK\"]"}
RESULT: {"using":"xpath","value":"//bdi[text()=\"OK\"]"}
COMMAND: POST /session/3fdfcd34cc1ad0984bb83731bfb105d6/elements - {"using":"xpath","value":"//bdi[text()=\"OK\"]"}
RESULT: {"using":"xpath","value":"//bdi[text()=\"OK\"]"}
COMMAND: POST /session/3fdfcd34cc1ad0984bb83731bfb105d6/elements - {"using":"xpath","value":"//bdi[text()=\"OK\"]"}
RESULT: {"using":"xpath","value":"//bdi[text()=\"OK\"]"}
COMMAND: POST /session/3fdfcd34cc1ad0984bb83731bfb105d6/elements - {"using":"xpath","value":"//bdi[text()=\"OK\"]"}
RESULT: {"using":"xpath","value":"//bdi[text()=\"OK\"]"}
COMMAND: POST /session/3fdfcd34cc1ad0984bb83731bfb105d6/elements - {"using":"xpath","value":"//bdi[text()=\"OK\"]"}
RESULT: {"using":"xpath","value":"//bdi[text()=\"OK\"]"}
COMMAND: POST /session/3fdfcd34cc1ad0984bb83731bfb105d6/elements - {"using":"xpath","value":"//bdi[text()=\"OK\"]"}
RESULT: {"using":"xpath","value":"//bdi[text()=\"OK\"]"}
COMMAND: POST /session/3fdfcd34cc1ad0984bb83731bfb105d6/elements - {"using":"xpath","value":"//bdi[text()=\"OK\"]"}
RESULT: {"using":"xpath","value":"//bdi[text()=\"OK\"]"}
COMMAND: POST /session/3fdfcd34cc1ad0984bb83731bfb105d6/elements - {"using":"xpath","value":"//bdi[text()=\"OK\"]"}
RESULT: {"using":"xpath","value":"//bdi[text()=\"OK\"]"}
COMMAND: POST /session/3fdfcd34cc1ad0984bb83731bfb105d6/elements - {"using":"xpath","value":"//bdi[text()=\"OK\"]"}
RESULT: {"using":"xpath","value":"//bdi[text()=\"OK\"]"}
COMMAND: POST /session/3fdfcd34cc1ad0984bb83731bfb105d6/elements - {"using":"xpath","value":"//bdi[text()=\"OK\"]"}
RESULT: {"using":"xpath","value":"//bdi[text()=\"OK\"]"}
COMMAND: POST /session/3fdfcd34cc1ad0984bb83731bfb105d6/elements - {"using":"xpath","value":"//bdi[text()=\"OK\"]"}
RESULT: {"using":"xpath","value":"//bdi[text()=\"OK\"]"}
COMMAND: POST /session/3fdfcd34cc1ad0984bb83731bfb105d6/elements - {"using":"xpath","value":"//bdi[text()=\"OK\"]"}
RESULT: {"using":"xpath","value":"//bdi[text()=\"OK\"]"}
COMMAND: POST /session/3fdfcd34cc1ad0984bb83731bfb105d6/elements - {"using":"xpath","value":"//bdi[text()=\"OK\"]"}
RESULT: {"using":"xpath","value":"//bdi[text()=\"OK\"]"}
COMMAND: POST /session/3fdfcd34cc1ad0984bb83731bfb105d6/elements - {"using":"xpath","value":"//bdi[text()=\"OK\"]"}
RESULT: {"using":"xpath","value":"//bdi[text()=\"OK\"]"}
COMMAND: POST /session/3fdfcd34cc1ad0984bb83731bfb105d6/elements - {"using":"xpath","value":"//bdi[text()=\"OK\"]"}
RESULT: {"using":"xpath","value":"//bdi[text()=\"OK\"]"}
COMMAND: POST /session/3fdfcd34cc1ad0984bb83731bfb105d6/elements - {"using":"xpath","value":"//bdi[text()=\"OK\"]"}
RESULT: {"using":"xpath","value":"//bdi[text()=\"OK\"]"}
COMMAND: POST /session/3fdfcd34cc1ad0984bb83731bfb105d6/elements - {"using":"xpath","value":"//bdi[text()=\"OK\"]"}
COMMAND: POST /session/3fdfcd34cc1ad0984bb83731bfb105d6/element - {"using":"xpath","value":"//bdi[text()=\"OK\"]"}
RESULT: {"using":"xpath","value":"//bdi[text()=\"OK\"]"}
RESULT: {"using":"xpath","value":"//bdi[text()=\"OK\"]"}
COMMAND: POST /session/3fdfcd34cc1ad0984bb83731bfb105d6/elements - {"using":"xpath","value":"//bdi[text()=\"OK\"]"}
RESULT: {"using":"xpath","value":"//bdi[text()=\"OK\"]"}
COMMAND: POST /session/3fdfcd34cc1ad0984bb83731bfb105d6/elements - {"using":"xpath","value":"//bdi[text()=\"OK\"]"}
RESULT: {"using":"xpath","value":"//bdi[text()=\"OK\"]"}
COMMAND: POST /session/3fdfcd34cc1ad0984bb83731bfb105d6/elements - {"using":"xpath","value":"//bdi[text()=\"OK\"]"}
RESULT: {"using":"xpath","value":"//bdi[text()=\"OK\"]"}
COMMAND: POST /session/3fdfcd34cc1ad0984bb83731bfb105d6/elements - {"using":"xpath","value":"//bdi[text()=\"OK\"]"}
RESULT: {"using":"xpath","value":"//bdi[text()=\"OK\"]"}
COMMAND: POST /session/3fdfcd34cc1ad0984bb83731bfb105d6/elements - {"using":"xpath","value":"//bdi[text()=\"OK\"]"}
RESULT: {"using":"xpath","value":"//bdi[text()=\"OK\"]"}
COMMAND: POST /session/3fdfcd34cc1ad0984bb83731bfb105d6/elements - {"using":"xpath","value":"//bdi[text()=\"OK\"]"}
RESULT: {"using":"xpath","value":"//bdi[text()=\"OK\"]"}
COMMAND: POST /session/3fdfcd34cc1ad0984bb83731bfb105d6/elements - {"using":"xpath","value":"//bdi[text()=\"OK\"]"}
RESULT: {"using":"xpath","value":"//bdi[text()=\"OK\"]"}
COMMAND: POST /session/3fdfcd34cc1ad0984bb83731bfb105d6/elements - {"using":"xpath","value":"//bdi[text()=\"OK\"]"}
RESULT: {"using":"xpath","value":"//bdi[text()=\"OK\"]"}
COMMAND: POST /session/3fdfcd34cc1ad0984bb83731bfb105d6/elements - {"using":"xpath","value":"//bdi[text()=\"OK\"]"}
RESULT: {"using":"xpath","value":"//bdi[text()=\"OK\"]"}
COMMAND: POST /session/3fdfcd34cc1ad0984bb83731bfb105d6/elements - {"using":"xpath","value":"//bdi[text()=\"OK\"]"}
RESULT: {"using":"xpath","value":"//bdi[text()=\"OK\"]"}
COMMAND: POST /session/3fdfcd34cc1ad0984bb83731bfb105d6/elements - {"using":"xpath","value":"//bdi[text()=\"OK\"]"}
RESULT: {"using":"xpath","value":"//bdi[text()=\"OK\"]"}
COMMAND: POST /session/3fdfcd34cc1ad0984bb83731bfb105d6/elements - {"using":"xpath","value":"//bdi[text()=\"OK\"]"}
RESULT: {"using":"xpath","value":"//bdi[text()=\"OK\"]"}
COMMAND: POST /session/3fdfcd34cc1ad0984bb83731bfb105d6/elements - {"using":"xpath","value":"//bdi[text()=\"OK\"]"}
RESULT: {"using":"xpath","value":"//bdi[text()=\"OK\"]"}
COMMAND: POST /session/3fdfcd34cc1ad0984bb83731bfb105d6/elements - {"using":"xpath","value":"//bdi[text()=\"OK\"]"}
RESULT: {"using":"xpath","value":"//bdi[text()=\"OK\"]"}
COMMAND: POST /session/3fdfcd34cc1ad0984bb83731bfb105d6/elements - {"using":"xpath","value":"//bdi[text()=\"OK\"]"}
RESULT: {"using":"xpath","value":"//bdi[text()=\"OK\"]"}
COMMAND: POST /session/3fdfcd34cc1ad0984bb83731bfb105d6/elements - {"using":"xpath","value":"//bdi[text()=\"OK\"]"}
RESULT: {"using":"xpath","value":"//bdi[text()=\"OK\"]"}
COMMAND: POST /session/3fdfcd34cc1ad0984bb83731bfb105d6/elements - {"using":"xpath","value":"//bdi[text()=\"OK\"]"}
RESULT: {"using":"xpath","value":"//bdi[text()=\"OK\"]"}
COMMAND: POST /session/3fdfcd34cc1ad0984bb83731bfb105d6/elements - {"using":"xpath","value":"//bdi[text()=\"OK\"]"}
RESULT: {"using":"xpath","value":"//bdi[text()=\"OK\"]"}
COMMAND: POST /session/3fdfcd34cc1ad0984bb83731bfb105d6/elements - {"using":"xpath","value":"//bdi[text()=\"OK\"]"}
RESULT: {"using":"xpath","value":"//bdi[text()=\"OK\"]"}
COMMAND: POST /session/3fdfcd34cc1ad0984bb83731bfb105d6/elements - {"using":"xpath","value":"//bdi[text()=\"OK\"]"}
RESULT: {"using":"xpath","value":"//bdi[text()=\"OK\"]"}
COMMAND: POST /session/3fdfcd34cc1ad0984bb83731bfb105d6/elements - {"using":"xpath","value":"//bdi[text()=\"OK\"]"}
RESULT: {"using":"xpath","value":"//bdi[text()=\"OK\"]"}
COMMAND: POST /session/3fdfcd34cc1ad0984bb83731bfb105d6/elements - {"using":"xpath","value":"//bdi[text()=\"OK\"]"}
RESULT: {"using":"xpath","value":"//bdi[text()=\"OK\"]"}
COMMAND: POST /session/3fdfcd34cc1ad0984bb83731bfb105d6/elements - {"using":"xpath","value":"//bdi[text()=\"OK\"]"}
RESULT: {"using":"xpath","value":"//bdi[text()=\"OK\"]"}
COMMAND: POST /session/3fdfcd34cc1ad0984bb83731bfb105d6/elements - {"using":"xpath","value":"//bdi[text()=\"OK\"]"}
RESULT: {"using":"xpath","value":"//bdi[text()=\"OK\"]"}
COMMAND: POST /session/3fdfcd34cc1ad0984bb83731bfb105d6/elements - {"using":"xpath","value":"//bdi[text()=\"OK\"]"}
RESULT: {"using":"xpath","value":"//bdi[text()=\"OK\"]"}
COMMAND: POST /session/3fdfcd34cc1ad0984bb83731bfb105d6/elements - {"using":"xpath","value":"//bdi[text()=\"OK\"]"}
RESULT: {"using":"xpath","value":"//bdi[text()=\"OK\"]"}
COMMAND: POST /session/3fdfcd34cc1ad0984bb83731bfb105d6/elements - {"using":"xpath","value":"//bdi[text()=\"OK\"]"}
RESULT: {"using":"xpath","value":"//bdi[text()=\"OK\"]"}
COMMAND: POST /session/3fdfcd34cc1ad0984bb83731bfb105d6/elements - {"using":"xpath","value":"//bdi[text()=\"OK\"]"}
RESULT: {"using":"xpath","value":"//bdi[text()=\"OK\"]"}
COMMAND: POST /session/3fdfcd34cc1ad0984bb83731bfb105d6/elements - {"using":"xpath","value":"//bdi[text()=\"OK\"]"}
RESULT: {"using":"xpath","value":"//bdi[text()=\"OK\"]"}
COMMAND: POST /session/3fdfcd34cc1ad0984bb83731bfb105d6/elements - {"using":"xpath","value":"//bdi[text()=\"OK\"]"}
RESULT: {"using":"xpath","value":"//bdi[text()=\"OK\"]"}
COMMAND: POST /session/3fdfcd34cc1ad0984bb83731bfb105d6/elements - {"using":"xpath","value":"//bdi[text()=\"OK\"]"}
RESULT: {"using":"xpath","value":"//bdi[text()=\"OK\"]"}
COMMAND: POST /session/3fdfcd34cc1ad0984bb83731bfb105d6/elements - {"using":"xpath","value":"//bdi[text()=\"OK\"]"}
RESULT: {"using":"xpath","value":"//bdi[text()=\"OK\"]"}
COMMAND: POST /session/3fdfcd34cc1ad0984bb83731bfb105d6/elements - {"using":"xpath","value":"//bdi[text()=\"OK\"]"}
RESULT: {"using":"xpath","value":"//bdi[text()=\"OK\"]"}
COMMAND: POST /session/3fdfcd34cc1ad0984bb83731bfb105d6/elements - {"using":"xpath","value":"//bdi[text()=\"OK\"]"}
RESULT: {"using":"xpath","value":"//bdi[text()=\"OK\"]"}
COMMAND: POST /session/3fdfcd34cc1ad0984bb83731bfb105d6/elements - {"using":"xpath","value":"//bdi[text()=\"OK\"]"}
RESULT: {"using":"xpath","value":"//bdi[text()=\"OK\"]"}
COMMAND: POST /session/3fdfcd34cc1ad0984bb83731bfb105d6/elements - {"using":"xpath","value":"//bdi[text()=\"OK\"]"}
RESULT: {"using":"xpath","value":"//bdi[text()=\"OK\"]"}
COMMAND: POST /session/3fdfcd34cc1ad0984bb83731bfb105d6/elements - {"using":"xpath","value":"//bdi[text()=\"OK\"]"}
RESULT: {"using":"xpath","value":"//bdi[text()=\"OK\"]"}
COMMAND: POST /session/3fdfcd34cc1ad0984bb83731bfb105d6/elements - {"using":"xpath","value":"//bdi[text()=\"OK\"]"}
RESULT: {"using":"xpath","value":"//bdi[text()=\"OK\"]"}
COMMAND: POST /session/3fdfcd34cc1ad0984bb83731bfb105d6/elements - {"using":"xpath","value":"//bdi[text()=\"OK\"]"}
RESULT: {"using":"xpath","value":"//bdi[text()=\"OK\"]"}
COMMAND: POST /session/3fdfcd34cc1ad0984bb83731bfb105d6/elements - {"using":"xpath","value":"//bdi[text()=\"OK\"]"}
RESULT: {"using":"xpath","value":"//bdi[text()=\"OK\"]"}
COMMAND: POST /session/3fdfcd34cc1ad0984bb83731bfb105d6/elements - {"using":"xpath","value":"//bdi[text()=\"OK\"]"}
RESULT: {"using":"xpath","value":"//bdi[text()=\"OK\"]"}
COMMAND: POST /session/3fdfcd34cc1ad0984bb83731bfb105d6/elements - {"using":"xpath","value":"//bdi[text()=\"OK\"]"}
RESULT: {"using":"xpath","value":"//bdi[text()=\"OK\"]"}
COMMAND: POST /session/3fdfcd34cc1ad0984bb83731bfb105d6/elements - {"using":"xpath","value":"//bdi[text()=\"OK\"]"}
RESULT: {"using":"xpath","value":"//bdi[text()=\"OK\"]"}
COMMAND: POST /session/3fdfcd34cc1ad0984bb83731bfb105d6/elements - {"using":"xpath","value":"//bdi[text()=\"OK\"]"}
RESULT: {"using":"xpath","value":"//bdi[text()=\"OK\"]"}
COMMAND: POST /session/3fdfcd34cc1ad0984bb83731bfb105d6/elements - {"using":"xpath","value":"//bdi[text()=\"OK\"]"}
RESULT: {"using":"xpath","value":"//bdi[text()=\"OK\"]"}
COMMAND: POST /session/3fdfcd34cc1ad0984bb83731bfb105d6/elements - {"using":"xpath","value":"//bdi[text()=\"OK\"]"}
RESULT: {"using":"xpath","value":"//bdi[text()=\"OK\"]"}
COMMAND: POST /session/3fdfcd34cc1ad0984bb83731bfb105d6/elements - {"using":"xpath","value":"//bdi[text()=\"OK\"]"}
RESULT: {"using":"xpath","value":"//bdi[text()=\"OK\"]"}
COMMAND: POST /session/3fdfcd34cc1ad0984bb83731bfb105d6/elements - {"using":"xpath","value":"//bdi[text()=\"OK\"]"}
RESULT: {"using":"xpath","value":"//bdi[text()=\"OK\"]"}
COMMAND: POST /session/3fdfcd34cc1ad0984bb83731bfb105d6/elements - {"using":"xpath","value":"//bdi[text()=\"OK\"]"}
RESULT: {"using":"xpath","value":"//bdi[text()=\"OK\"]"}
COMMAND: POST /session/3fdfcd34cc1ad0984bb83731bfb105d6/elements - {"using":"xpath","value":"//bdi[text()=\"OK\"]"}
RESULT: {"using":"xpath","value":"//bdi[text()=\"OK\"]"}
COMMAND: POST /session/3fdfcd34cc1ad0984bb83731bfb105d6/elements - {"using":"xpath","value":"//bdi[text()=\"OK\"]"}
RESULT: {"using":"xpath","value":"//bdi[text()=\"OK\"]"}
COMMAND: POST /session/3fdfcd34cc1ad0984bb83731bfb105d6/elements - {"using":"xpath","value":"//bdi[text()=\"OK\"]"}
RESULT: {"using":"xpath","value":"//bdi[text()=\"OK\"]"}
COMMAND: POST /session/3fdfcd34cc1ad0984bb83731bfb105d6/elements - {"using":"xpath","value":"//bdi[text()=\"OK\"]"}
RESULT: {"using":"xpath","value":"//bdi[text()=\"OK\"]"}
COMMAND: POST /session/3fdfcd34cc1ad0984bb83731bfb105d6/elements - {"using":"xpath","value":"//bdi[text()=\"OK\"]"}
RESULT: {"using":"xpath","value":"//bdi[text()=\"OK\"]"}
COMMAND: POST /session/3fdfcd34cc1ad0984bb83731bfb105d6/elements - {"using":"xpath","value":"//bdi[text()=\"OK\"]"}
RESULT: {"using":"xpath","value":"//bdi[text()=\"OK\"]"}
COMMAND: POST /session/3fdfcd34cc1ad0984bb83731bfb105d6/elements - {"using":"xpath","value":"//bdi[text()=\"OK\"]"}
RESULT: {"using":"xpath","value":"//bdi[text()=\"OK\"]"}
COMMAND: POST /session/3fdfcd34cc1ad0984bb83731bfb105d6/elements - {"using":"xpath","value":"//bdi[text()=\"OK\"]"}
RESULT: {"using":"xpath","value":"//bdi[text()=\"OK\"]"}
COMMAND: POST /session/3fdfcd34cc1ad0984bb83731bfb105d6/elements - {"using":"xpath","value":"//bdi[text()=\"OK\"]"}
RESULT: {"using":"xpath","value":"//bdi[text()=\"OK\"]"}
COMMAND: POST /session/3fdfcd34cc1ad0984bb83731bfb105d6/elements - {"using":"xpath","value":"//bdi[text()=\"OK\"]"}
RESULT: {"using":"xpath","value":"//bdi[text()=\"OK\"]"}
COMMAND: POST /session/3fdfcd34cc1ad0984bb83731bfb105d6/elements - {"using":"xpath","value":"//bdi[text()=\"OK\"]"}
RESULT: {"using":"xpath","value":"//bdi[text()=\"OK\"]"}
COMMAND: POST /session/3fdfcd34cc1ad0984bb83731bfb105d6/elements - {"using":"xpath","value":"//bdi[text()=\"OK\"]"}
RESULT: {"using":"xpath","value":"//bdi[text()=\"OK\"]"}
COMMAND: POST /session/3fdfcd34cc1ad0984bb83731bfb105d6/elements - {"using":"xpath","value":"//bdi[text()=\"OK\"]"}
RESULT: {"using":"xpath","value":"//bdi[text()=\"OK\"]"}
COMMAND: POST /session/3fdfcd34cc1ad0984bb83731bfb105d6/elements - {"using":"xpath","value":"//bdi[text()=\"OK\"]"}
RESULT: {"using":"xpath","value":"//bdi[text()=\"OK\"]"}
COMMAND: POST /session/3fdfcd34cc1ad0984bb83731bfb105d6/elements - {"using":"xpath","value":"//bdi[text()=\"OK\"]"}
RESULT: {"using":"xpath","value":"//bdi[text()=\"OK\"]"}
COMMAND: POST /session/3fdfcd34cc1ad0984bb83731bfb105d6/elements - {"using":"xpath","value":"//bdi[text()=\"OK\"]"}
RESULT: {"using":"xpath","value":"//bdi[text()=\"OK\"]"}
COMMAND: POST /session/3fdfcd34cc1ad0984bb83731bfb105d6/elements - {"using":"xpath","value":"//bdi[text()=\"OK\"]"}
RESULT: {"using":"xpath","value":"//bdi[text()=\"OK\"]"}
COMMAND: POST /session/3fdfcd34cc1ad0984bb83731bfb105d6/elements - {"using":"xpath","value":"//bdi[text()=\"OK\"]"}
RESULT: {"using":"xpath","value":"//bdi[text()=\"OK\"]"}
COMMAND: POST /session/3fdfcd34cc1ad0984bb83731bfb105d6/elements - {"using":"xpath","value":"//bdi[text()=\"OK\"]"}
RESULT: {"using":"xpath","value":"//bdi[text()=\"OK\"]"}
COMMAND: POST /session/3fdfcd34cc1ad0984bb83731bfb105d6/elements - {"using":"xpath","value":"//bdi[text()=\"OK\"]"}
RESULT: {"using":"xpath","value":"//bdi[text()=\"OK\"]"}
COMMAND: POST /session/3fdfcd34cc1ad0984bb83731bfb105d6/elements - {"using":"xpath","value":"//bdi[text()=\"OK\"]"}
RESULT: {"using":"xpath","value":"//bdi[text()=\"OK\"]"}
COMMAND: POST /session/3fdfcd34cc1ad0984bb83731bfb105d6/elements - {"using":"xpath","value":"//bdi[text()=\"OK\"]"}
RESULT: {"using":"xpath","value":"//bdi[text()=\"OK\"]"}
COMMAND: POST /session/3fdfcd34cc1ad0984bb83731bfb105d6/elements - {"using":"xpath","value":"//bdi[text()=\"OK\"]"}
RESULT: {"using":"xpath","value":"//bdi[text()=\"OK\"]"}
COMMAND: POST /session/3fdfcd34cc1ad0984bb83731bfb105d6/elements - {"using":"xpath","value":"//bdi[text()=\"OK\"]"}
RESULT: {"using":"xpath","value":"//bdi[text()=\"OK\"]"}
COMMAND: POST /session/3fdfcd34cc1ad0984bb83731bfb105d6/elements - {"using":"xpath","value":"//bdi[text()=\"OK\"]"}
RESULT: {"using":"xpath","value":"//bdi[text()=\"OK\"]"}
COMMAND: POST /session/3fdfcd34cc1ad0984bb83731bfb105d6/elements - {"using":"xpath","value":"//bdi[text()=\"OK\"]"}
RESULT: {"using":"xpath","value":"//bdi[text()=\"OK\"]"}
COMMAND: POST /session/3fdfcd34cc1ad0984bb83731bfb105d6/elements - {"using":"xpath","value":"//bdi[text()=\"OK\"]"}
RESULT: {"using":"xpath","value":"//bdi[text()=\"OK\"]"}
COMMAND: POST /session/3fdfcd34cc1ad0984bb83731bfb105d6/elements - {"using":"xpath","value":"//bdi[text()=\"OK\"]"}
RESULT: {"using":"xpath","value":"//bdi[text()=\"OK\"]"}
COMMAND: POST /session/3fdfcd34cc1ad0984bb83731bfb105d6/elements - {"using":"xpath","value":"//bdi[text()=\"OK\"]"}
RESULT: {"using":"xpath","value":"//bdi[text()=\"OK\"]"}
COMMAND: POST /session/3fdfcd34cc1ad0984bb83731bfb105d6/elements - {"using":"xpath","value":"//bdi[text()=\"OK\"]"}
RESULT: {"using":"xpath","value":"//bdi[text()=\"OK\"]"}
COMMAND: POST /session/3fdfcd34cc1ad0984bb83731bfb105d6/elements - {"using":"xpath","value":"//bdi[text()=\"OK\"]"}
RESULT: {"using":"xpath","value":"//bdi[text()=\"OK\"]"}
COMMAND: POST /session/3fdfcd34cc1ad0984bb83731bfb105d6/elements - {"using":"xpath","value":"//bdi[text()=\"OK\"]"}
RESULT: {"using":"xpath","value":"//bdi[text()=\"OK\"]"}
COMMAND: POST /session/3fdfcd34cc1ad0984bb83731bfb105d6/elements - {"using":"xpath","value":"//bdi[text()=\"OK\"]"}
RESULT: {"using":"xpath","value":"//bdi[text()=\"OK\"]"}
COMMAND: POST /session/3fdfcd34cc1ad0984bb83731bfb105d6/elements - {"using":"xpath","value":"//bdi[text()=\"OK\"]"}
RESULT: {"using":"xpath","value":"//bdi[text()=\"OK\"]"}
COMMAND: POST /session/3fdfcd34cc1ad0984bb83731bfb105d6/elements - {"using":"xpath","value":"//bdi[text()=\"OK\"]"}
RESULT: {"using":"xpath","value":"//bdi[text()=\"OK\"]"}
COMMAND: POST /session/3fdfcd34cc1ad0984bb83731bfb105d6/elements - {"using":"xpath","value":"//bdi[text()=\"OK\"]"}
RESULT: {"using":"xpath","value":"//bdi[text()=\"OK\"]"}
COMMAND: POST /session/3fdfcd34cc1ad0984bb83731bfb105d6/elements - {"using":"xpath","value":"//bdi[text()=\"OK\"]"}
RESULT: {"using":"xpath","value":"//bdi[text()=\"OK\"]"}
COMMAND: POST /session/3fdfcd34cc1ad0984bb83731bfb105d6/elements - {"using":"xpath","value":"//bdi[text()=\"OK\"]"}
RESULT: {"using":"xpath","value":"//bdi[text()=\"OK\"]"}
COMMAND: POST /session/3fdfcd34cc1ad0984bb83731bfb105d6/elements - {"using":"xpath","value":"//bdi[text()=\"OK\"]"}
RESULT: {"using":"xpath","value":"//bdi[text()=\"OK\"]"}
COMMAND: POST /session/3fdfcd34cc1ad0984bb83731bfb105d6/elements - {"using":"xpath","value":"//bdi[text()=\"OK\"]"}
RESULT: {"using":"xpath","value":"//bdi[text()=\"OK\"]"}
COMMAND: POST /session/3fdfcd34cc1ad0984bb83731bfb105d6/elements - {"using":"xpath","value":"//bdi[text()=\"OK\"]"}
RESULT: {"using":"xpath","value":"//bdi[text()=\"OK\"]"}
COMMAND: POST /session/3fdfcd34cc1ad0984bb83731bfb105d6/elements - {"using":"xpath","value":"//bdi[text()=\"OK\"]"}
RESULT: {"using":"xpath","value":"//bdi[text()=\"OK\"]"}
COMMAND: POST /session/3fdfcd34cc1ad0984bb83731bfb105d6/elements - {"using":"xpath","value":"//bdi[text()=\"OK\"]"}
RESULT: {"using":"xpath","value":"//bdi[text()=\"OK\"]"}
COMMAND: POST /session/3fdfcd34cc1ad0984bb83731bfb105d6/elements - {"using":"xpath","value":"//bdi[text()=\"OK\"]"}
RESULT: {"using":"xpath","value":"//bdi[text()=\"OK\"]"}
COMMAND: POST /session/3fdfcd34cc1ad0984bb83731bfb105d6/elements - {"using":"xpath","value":"//bdi[text()=\"OK\"]"}
RESULT: {"using":"xpath","value":"//bdi[text()=\"OK\"]"}
COMMAND: POST /session/3fdfcd34cc1ad0984bb83731bfb105d6/elements - {"using":"xpath","value":"//bdi[text()=\"OK\"]"}
RESULT: {"using":"xpath","value":"//bdi[text()=\"OK\"]"}
COMMAND: POST /session/3fdfcd34cc1ad0984bb83731bfb105d6/elements - {"using":"xpath","value":"//bdi[text()=\"OK\"]"}
RESULT: {"using":"xpath","value":"//bdi[text()=\"OK\"]"}
COMMAND: POST /session/3fdfcd34cc1ad0984bb83731bfb105d6/elements - {"using":"xpath","value":"//bdi[text()=\"OK\"]"}
RESULT: {"using":"xpath","value":"//bdi[text()=\"OK\"]"}
COMMAND: POST /session/3fdfcd34cc1ad0984bb83731bfb105d6/elements - {"using":"xpath","value":"//bdi[text()=\"OK\"]"}
RESULT: {"using":"xpath","value":"//bdi[text()=\"OK\"]"}
COMMAND: POST /session/3fdfcd34cc1ad0984bb83731bfb105d6/elements - {"using":"xpath","value":"//bdi[text()=\"OK\"]"}
RESULT: {"using":"xpath","value":"//bdi[text()=\"OK\"]"}
COMMAND: POST /session/3fdfcd34cc1ad0984bb83731bfb105d6/elements - {"using":"xpath","value":"//bdi[text()=\"OK\"]"}
RESULT: {"using":"xpath","value":"//bdi[text()=\"OK\"]"}
COMMAND: POST /session/3fdfcd34cc1ad0984bb83731bfb105d6/elements - {"using":"xpath","value":"//bdi[text()=\"OK\"]"}
RESULT: {"using":"xpath","value":"//bdi[text()=\"OK\"]"}
COMMAND: POST /session/3fdfcd34cc1ad0984bb83731bfb105d6/elements - {"using":"xpath","value":"//bdi[text()=\"OK\"]"}
RESULT: {"using":"xpath","value":"//bdi[text()=\"OK\"]"}
COMMAND: POST /session/3fdfcd34cc1ad0984bb83731bfb105d6/elements - {"using":"xpath","value":"//bdi[text()=\"OK\"]"}
RESULT: {"using":"xpath","value":"//bdi[text()=\"OK\"]"}
COMMAND: POST /session/3fdfcd34cc1ad0984bb83731bfb105d6/elements - {"using":"xpath","value":"//bdi[text()=\"OK\"]"}
RESULT: {"using":"xpath","value":"//bdi[text()=\"OK\"]"}
COMMAND: POST /session/3fdfcd34cc1ad0984bb83731bfb105d6/elements - {"using":"xpath","value":"//bdi[text()=\"OK\"]"}
RESULT: {"using":"xpath","value":"//bdi[text()=\"OK\"]"}
COMMAND: POST /session/3fdfcd34cc1ad0984bb83731bfb105d6/elements - {"using":"xpath","value":"//bdi[text()=\"OK\"]"}
RESULT: {"using":"xpath","value":"//bdi[text()=\"OK\"]"}
COMMAND: POST /session/3fdfcd34cc1ad0984bb83731bfb105d6/elements - {"using":"xpath","value":"//bdi[text()=\"OK\"]"}
RESULT: {"using":"xpath","value":"//bdi[text()=\"OK\"]"}
COMMAND: POST /session/3fdfcd34cc1ad0984bb83731bfb105d6/elements - {"using":"xpath","value":"//bdi[text()=\"OK\"]"}
RESULT: {"using":"xpath","value":"//bdi[text()=\"OK\"]"}
COMMAND: POST /session/3fdfcd34cc1ad0984bb83731bfb105d6/elements - {"using":"xpath","value":"//bdi[text()=\"OK\"]"}
RESULT: {"using":"xpath","value":"//bdi[text()=\"OK\"]"}
COMMAND: POST /session/3fdfcd34cc1ad0984bb83731bfb105d6/elements - {"using":"xpath","value":"//bdi[text()=\"OK\"]"}
RESULT: {"using":"xpath","value":"//bdi[text()=\"OK\"]"}
COMMAND: POST /session/3fdfcd34cc1ad0984bb83731bfb105d6/elements - {"using":"xpath","value":"//bdi[text()=\"OK\"]"}
RESULT: {"using":"xpath","value":"//bdi[text()=\"OK\"]"}
COMMAND: POST /session/3fdfcd34cc1ad0984bb83731bfb105d6/elements - {"using":"xpath","value":"//bdi[text()=\"OK\"]"}
RESULT: {"using":"xpath","value":"//bdi[text()=\"OK\"]"}
COMMAND: POST /session/3fdfcd34cc1ad0984bb83731bfb105d6/elements - {"using":"xpath","value":"//bdi[text()=\"OK\"]"}
RESULT: {"using":"xpath","value":"//bdi[text()=\"OK\"]"}
COMMAND: POST /session/3fdfcd34cc1ad0984bb83731bfb105d6/elements - {"using":"xpath","value":"//bdi[text()=\"OK\"]"}
RESULT: {"using":"xpath","value":"//bdi[text()=\"OK\"]"}
COMMAND: POST /session/3fdfcd34cc1ad0984bb83731bfb105d6/elements - {"using":"xpath","value":"//bdi[text()=\"OK\"]"}
RESULT: {"using":"xpath","value":"//bdi[text()=\"OK\"]"}
COMMAND: POST /session/3fdfcd34cc1ad0984bb83731bfb105d6/elements - {"using":"xpath","value":"//bdi[text()=\"OK\"]"}
RESULT: {"using":"xpath","value":"//bdi[text()=\"OK\"]"}
COMMAND: POST /session/3fdfcd34cc1ad0984bb83731bfb105d6/elements - {"using":"xpath","value":"//bdi[text()=\"OK\"]"}
RESULT: {"using":"xpath","value":"//bdi[text()=\"OK\"]"}
COMMAND: POST /session/3fdfcd34cc1ad0984bb83731bfb105d6/elements - {"using":"xpath","value":"//bdi[text()=\"OK\"]"}
RESULT: {"using":"xpath","value":"//bdi[text()=\"OK\"]"}
COMMAND: POST /session/3fdfcd34cc1ad0984bb83731bfb105d6/elements - {"using":"xpath","value":"//bdi[text()=\"OK\"]"}
RESULT: {"using":"xpath","value":"//bdi[text()=\"OK\"]"}
COMMAND: POST /session/3fdfcd34cc1ad0984bb83731bfb105d6/elements - {"using":"xpath","value":"//bdi[text()=\"OK\"]"}
RESULT: {"using":"xpath","value":"//bdi[text()=\"OK\"]"}
COMMAND: POST /session/3fdfcd34cc1ad0984bb83731bfb105d6/elements - {"using":"xpath","value":"//bdi[text()=\"OK\"]"}
RESULT: {"using":"xpath","value":"//bdi[text()=\"OK\"]"}
COMMAND: POST /session/3fdfcd34cc1ad0984bb83731bfb105d6/execute/async - {"script":"<script> [1562 bytes]","args":[{"selector":{"id":"application-manageresources-display-component---newResourceUnit--TYPE-arrow"},"wdio_ui5_key":"applicationmanageresources-display-component---newResourceUnit--TYPE-arrow"}]}
RESULT: {"script":"<script> [1562 bytes]","args":[{"selector":{"id":"application-manageresources-display-component---newResourceUnit--TYPE-arrow"},"wdio_ui5_key":"applicationmanageresources-display-component---newResourceUnit--TYPE-arrow"}]}
RESULT: undefined
COMMAND: POST /session/3fdfcd34cc1ad0984bb83731bfb105d6/element - {"using":"xpath","value":"//*[@id=\"application-manageresources-display-component---newResourceUnit--TYPE-arrow\"]"}
RESULT: {"using":"xpath","value":"//*[@id=\"application-manageresources-display-component---newResourceUnit--TYPE-arrow\"]"}
COMMAND: POST /session/3fdfcd34cc1ad0984bb83731bfb105d6/element/f.902B563C9587CBB3E624B0B064AC9B4C.d.D34A838582654E1DF19C42714744F776.e.7510/click - {}
RESULT: {}
COMMAND: POST /session/3fdfcd34cc1ad0984bb83731bfb105d6/execute/async - {"script":"<script> [1562 bytes]","args":[{"selector":{"controlType":"sap.m.StandardListItem","viewName":"reusables.view.manageresources.NewResourceUnit","viewId":"application-manageresources-display-component---newResourceUnit","properties":{"title":"Equipment"},"searchOpenDialogs":true,"interaction":{"idSuffix":"content"}},"wdio_ui5_key":"reusablesview.manageresources.NewResourceUnitsap.m.StandardListItem{\"title\":\"Equipment\"}"}]}
COMMAND: GET /session/3fdfcd34cc1ad0984bb83731bfb105d6/screenshot - {}
RESULT: {"script":"<script> [1562 bytes]","args":[{"selector":{"controlType":"sap.m.StandardListItem","viewName":"reusables.view.manageresources.NewResourceUnit","viewId":"application-manageresources-display-component---newResourceUnit","properties":{"title":"Equipment"},"searchOpenDialogs":true,"interaction":{"idSuffix":"content"}},"wdio_ui5_key":"reusablesview.manageresources.NewResourceUnitsap.m.StandardListItem{\"title\":\"Equipment\"}"}]}
RESULT: undefined
COMMAND: POST /session/3fdfcd34cc1ad0984bb83731bfb105d6/element - {"using":"xpath","value":"//*[@id=\"__item143\"]"}
RESULT: {}
RESULT: {"using":"xpath","value":"//*[@id=\"__item143\"]"}
COMMAND: POST /session/3fdfcd34cc1ad0984bb83731bfb105d6/element/f.902B563C9587CBB3E624B0B064AC9B4C.d.D34A838582654E1DF19C42714744F776.e.7513/click - {}
RESULT: {}
COMMAND: POST /session/3fdfcd34cc1ad0984bb83731bfb105d6/execute/async - {"script":"<script> [1562 bytes]","args":[{"selector":{"id":"application-manageresources-display-component---newResourceUnit--resourceId","interaction":{"idSuffix":"inner"}},"wdio_ui5_key":"applicationmanageresources-display-component---newResourceUnit--resourceId"}]}
COMMAND: GET /session/3fdfcd34cc1ad0984bb83731bfb105d6/screenshot - {}
RESULT: {"script":"<script> [1562 bytes]","args":[{"selector":{"id":"application-manageresources-display-component---newResourceUnit--resourceId","interaction":{"idSuffix":"inner"}},"wdio_ui5_key":"applicationmanageresources-display-component---newResourceUnit--resourceId"}]}
RESULT: undefined
COMMAND: POST /session/3fdfcd34cc1ad0984bb83731bfb105d6/execute/async - {"script":"<script> [776 bytes]","args":[{"enterText":"EquipmentCounter hgvvmi","selector":{"id":"application-manageresources-display-component---newResourceUnit--resourceId","interaction":{"idSuffix":"inner"}},"clearTextFirst":true,"interactionType":"ENTER_TEXT"}]}
RESULT: {}
RESULT: {"script":"<script> [776 bytes]","args":[{"enterText":"EquipmentCounter hgvvmi","selector":{"id":"application-manageresources-display-component---newResourceUnit--resourceId","interaction":{"idSuffix":"inner"}},"clearTextFirst":true,"interactionType":"ENTER_TEXT"}]}
COMMAND: POST /session/3fdfcd34cc1ad0984bb83731bfb105d6/execute/async - {"script":"<script> [1562 bytes]","args":[{"selector":{"id":"application-manageresources-display-component---newResourceUnit--SHORT_TEXT","interaction":{"idSuffix":"inner"}},"wdio_ui5_key":"applicationmanageresources-display-component---newResourceUnit--SHORT_TEXT"}]}
RESULT: {"script":"<script> [1562 bytes]","args":[{"selector":{"id":"application-manageresources-display-component---newResourceUnit--SHORT_TEXT","interaction":{"idSuffix":"inner"}},"wdio_ui5_key":"applicationmanageresources-display-component---newResourceUnit--SHORT_TEXT"}]}
RESULT: undefined
COMMAND: POST /session/3fdfcd34cc1ad0984bb83731bfb105d6/execute/async - {"script":"<script> [776 bytes]","args":[{"enterText":"EquipmentCounter hgvvmi","selector":{"id":"application-manageresources-display-component---newResourceUnit--SHORT_TEXT","interaction":{"idSuffix":"inner"}},"clearTextFirst":true,"interactionType":"ENTER_TEXT"}]}
RESULT: {"script":"<script> [776 bytes]","args":[{"enterText":"EquipmentCounter hgvvmi","selector":{"id":"application-manageresources-display-component---newResourceUnit--SHORT_TEXT","interaction":{"idSuffix":"inner"}},"clearTextFirst":true,"interactionType":"ENTER_TEXT"}]}
COMMAND: POST /session/3fdfcd34cc1ad0984bb83731bfb105d6/execute/async - {"script":"<script> [1562 bytes]","args":[{"selector":{"id":"application-manageresources-display-component---newResourceUnit--BASE_UNIT_OF_MEASURE","interaction":{"idSuffix":"inner"}},"wdio_ui5_key":"applicationmanageresources-display-component---newResourceUnit--BASE_UNIT_OF_MEASURE"}]}
RESULT: {"script":"<script> [1562 bytes]","args":[{"selector":{"id":"application-manageresources-display-component---newResourceUnit--BASE_UNIT_OF_MEASURE","interaction":{"idSuffix":"inner"}},"wdio_ui5_key":"applicationmanageresources-display-component---newResourceUnit--BASE_UNIT_OF_MEASURE"}]}
RESULT: undefined
COMMAND: POST /session/3fdfcd34cc1ad0984bb83731bfb105d6/execute/async - {"script":"<script> [776 bytes]","args":[{"enterText":"Piece","selector":{"id":"application-manageresources-display-component---newResourceUnit--BASE_UNIT_OF_MEASURE","interaction":{"idSuffix":"inner"}},"clearTextFirst":true,"interactionType":"ENTER_TEXT"}]}
RESULT: {"script":"<script> [776 bytes]","args":[{"enterText":"Piece","selector":{"id":"application-manageresources-display-component---newResourceUnit--BASE_UNIT_OF_MEASURE","interaction":{"idSuffix":"inner"}},"clearTextFirst":true,"interactionType":"ENTER_TEXT"}]}
COMMAND: POST /session/3fdfcd34cc1ad0984bb83731bfb105d6/execute/async - {"script":"<script> [1562 bytes]","args":[{"selector":{"id":"application-manageresources-display-component---newResourceUnit--WEIGHT_UNIT","interaction":{"idSuffix":"inner"}},"wdio_ui5_key":"applicationmanageresources-display-component---newResourceUnit--WEIGHT_UNIT"}]}
RESULT: {"script":"<script> [1562 bytes]","args":[{"selector":{"id":"application-manageresources-display-component---newResourceUnit--WEIGHT_UNIT","interaction":{"idSuffix":"inner"}},"wdio_ui5_key":"applicationmanageresources-display-component---newResourceUnit--WEIGHT_UNIT"}]}
RESULT: undefined
COMMAND: POST /session/3fdfcd34cc1ad0984bb83731bfb105d6/execute/async - {"script":"<script> [776 bytes]","args":[{"enterText":"Gram","selector":{"id":"application-manageresources-display-component---newResourceUnit--WEIGHT_UNIT","interaction":{"idSuffix":"inner"}},"clearTextFirst":true,"interactionType":"ENTER_TEXT"}]}
RESULT: {"script":"<script> [776 bytes]","args":[{"enterText":"Gram","selector":{"id":"application-manageresources-display-component---newResourceUnit--WEIGHT_UNIT","interaction":{"idSuffix":"inner"}},"clearTextFirst":true,"interactionType":"ENTER_TEXT"}]}
COMMAND: POST /session/3fdfcd34cc1ad0984bb83731bfb105d6/execute/async - {"script":"<script> [1562 bytes]","args":[{"selector":{"id":"application-manageresources-display-component---newResourceUnit--newRRUPage-OPHeaderContent-collapseBtn-img"},"wdio_ui5_key":"applicationmanageresources-display-component---newResourceUnit--newRRUPage-OPHeaderContent-collapseBtn-img"}]}
RESULT: {"script":"<script> [1562 bytes]","args":[{"selector":{"id":"application-manageresources-display-component---newResourceUnit--newRRUPage-OPHeaderContent-collapseBtn-img"},"wdio_ui5_key":"applicationmanageresources-display-component---newResourceUnit--newRRUPage-OPHeaderContent-collapseBtn-img"}]}
RESULT: undefined
COMMAND: POST /session/3fdfcd34cc1ad0984bb83731bfb105d6/element - {"using":"xpath","value":"//*[@id=\"application-manageresources-display-component---newResourceUnit--newRRUPage-OPHeaderContent-collapseBtn-img\"]"}
RESULT: {"using":"xpath","value":"//*[@id=\"application-manageresources-display-component---newResourceUnit--newRRUPage-OPHeaderContent-collapseBtn-img\"]"}
COMMAND: POST /session/3fdfcd34cc1ad0984bb83731bfb105d6/element/f.902B563C9587CBB3E624B0B064AC9B4C.d.D34A838582654E1DF19C42714744F776.e.7522/click - {}
RESULT: {}
COMMAND: GET /session/3fdfcd34cc1ad0984bb83731bfb105d6/screenshot - {}
RESULT: {}
COMMAND: POST /session/3fdfcd34cc1ad0984bb83731bfb105d6/element - {"using":"xpath","value":"(//span[contains(@id ,\"application-manageresources-display-component---newResourceUnit--DIMENSION_UNIT-arrow\")])[1]"}
RESULT: {"using":"xpath","value":"(//span[contains(@id ,\"application-manageresources-display-component---newResourceUnit--DIMENSION_UNIT-arrow\")])[1]"}
COMMAND: POST /session/3fdfcd34cc1ad0984bb83731bfb105d6/element/f.902B563C9587CBB3E624B0B064AC9B4C.d.D34A838582654E1DF19C42714744F776.e.7672/click - {}
RESULT: {}
COMMAND: GET /session/3fdfcd34cc1ad0984bb83731bfb105d6/screenshot - {}
RESULT: {}
COMMAND: POST /session/3fdfcd34cc1ad0984bb83731bfb105d6/execute/async - {"script":"<script> [1562 bytes]","args":[{"selector":{"controlType":"sap.m.StandardListItem","viewName":"reusables.view.manageresources.NewResourceUnit","viewId":"application-manageresources-display-component---newResourceUnit","properties":{"title":"Centimeter"},"searchOpenDialogs":true,"interaction":{"idSuffix":"titleText"}},"wdio_ui5_key":"reusablesview.manageresources.NewResourceUnitsap.m.StandardListItem{\"title\":\"Centimeter\"}"}]}
RESULT: {"script":"<script> [1562 bytes]","args":[{"selector":{"controlType":"sap.m.StandardListItem","viewName":"reusables.view.manageresources.NewResourceUnit","viewId":"application-manageresources-display-component---newResourceUnit","properties":{"title":"Centimeter"},"searchOpenDialogs":true,"interaction":{"idSuffix":"titleText"}},"wdio_ui5_key":"reusablesview.manageresources.NewResourceUnitsap.m.StandardListItem{\"title\":\"Centimeter\"}"}]}
RESULT: undefined
COMMAND: POST /session/3fdfcd34cc1ad0984bb83731bfb105d6/element - {"using":"xpath","value":"//*[@id=\"__item203\"]"}
RESULT: {"using":"xpath","value":"//*[@id=\"__item203\"]"}
COMMAND: POST /session/3fdfcd34cc1ad0984bb83731bfb105d6/element/f.902B563C9587CBB3E624B0B064AC9B4C.d.D34A838582654E1DF19C42714744F776.e.7674/click - {}
RESULT: {}
COMMAND: GET /session/3fdfcd34cc1ad0984bb83731bfb105d6/screenshot - {}
RESULT: {}
COMMAND: POST /session/3fdfcd34cc1ad0984bb83731bfb105d6/execute/async - {"script":"<script> [1562 bytes]","args":[{"selector":{"id":"application-manageresources-display-component---newResourceUnit--newRRUPage-anchBar-application-manageresources-display-component---newResourceUnit--control-anchor","interaction":{"idSuffix":"BDI-content"}},"wdio_ui5_key":"applicationmanageresources-display-component---newResourceUnit--newRRUPage-anchBar-application-manageresources-display-component---newResourceUnit--control-anchor"}]}
RESULT: {"script":"<script> [1562 bytes]","args":[{"selector":{"id":"application-manageresources-display-component---newResourceUnit--newRRUPage-anchBar-application-manageresources-display-component---newResourceUnit--control-anchor","interaction":{"idSuffix":"BDI-content"}},"wdio_ui5_key":"applicationmanageresources-display-component---newResourceUnit--newRRUPage-anchBar-application-manageresources-display-component---newResourceUnit--control-anchor"}]}
RESULT: undefined
COMMAND: POST /session/3fdfcd34cc1ad0984bb83731bfb105d6/element - {"using":"xpath","value":"//*[@id=\"application-manageresources-display-component---newResourceUnit--newRRUPage-anchBar-application-manageresources-display-component---newResourceUnit--control-anchor\"]"}
RESULT: {"using":"xpath","value":"//*[@id=\"application-manageresources-display-component---newResourceUnit--newRRUPage-anchBar-application-manageresources-display-component---newResourceUnit--control-anchor\"]"}
COMMAND: POST /session/3fdfcd34cc1ad0984bb83731bfb105d6/element/f.902B563C9587CBB3E624B0B064AC9B4C.d.D34A838582654E1DF19C42714744F776.e.7676/click - {}
RESULT: {}
COMMAND: POST /session/3fdfcd34cc1ad0984bb83731bfb105d6/execute/async - {"script":"<script> [1562 bytes]","args":[{"selector":{"id":"application-manageresources-display-component---newResourceUnit--PLANNING_GROUP","interaction":{"idSuffix":"inner"}},"wdio_ui5_key":"applicationmanageresources-display-component---newResourceUnit--PLANNING_GROUP"}]}
COMMAND: GET /session/3fdfcd34cc1ad0984bb83731bfb105d6/screenshot - {}
RESULT: {"script":"<script> [1562 bytes]","args":[{"selector":{"id":"application-manageresources-display-component---newResourceUnit--PLANNING_GROUP","interaction":{"idSuffix":"inner"}},"wdio_ui5_key":"applicationmanageresources-display-component---newResourceUnit--PLANNING_GROUP"}]}
RESULT: undefined
COMMAND: POST /session/3fdfcd34cc1ad0984bb83731bfb105d6/execute/async - {"script":"<script> [776 bytes]","args":[{"enterText":"Heavy Equi","selector":{"id":"application-manageresources-display-component---newResourceUnit--PLANNING_GROUP","interaction":{"idSuffix":"inner"}},"clearTextFirst":true,"interactionType":"ENTER_TEXT"}]}
RESULT: {}
RESULT: {"script":"<script> [776 bytes]","args":[{"enterText":"Heavy Equi","selector":{"id":"application-manageresources-display-component---newResourceUnit--PLANNING_GROUP","interaction":{"idSuffix":"inner"}},"clearTextFirst":true,"interactionType":"ENTER_TEXT"}]}
COMMAND: POST /session/3fdfcd34cc1ad0984bb83731bfb105d6/execute/async - {"script":"<script> [1562 bytes]","args":[{"selector":{"id":"application-manageresources-display-component---newResourceUnit--ITEM_TYPE-arrow"},"wdio_ui5_key":"applicationmanageresources-display-component---newResourceUnit--ITEM_TYPE-arrow"}]}
RESULT: {"script":"<script> [1562 bytes]","args":[{"selector":{"id":"application-manageresources-display-component---newResourceUnit--ITEM_TYPE-arrow"},"wdio_ui5_key":"applicationmanageresources-display-component---newResourceUnit--ITEM_TYPE-arrow"}]}
RESULT: undefined
COMMAND: POST /session/3fdfcd34cc1ad0984bb83731bfb105d6/element - {"using":"xpath","value":"//*[@id=\"application-manageresources-display-component---newResourceUnit--ITEM_TYPE-arrow\"]"}
RESULT: {"using":"xpath","value":"//*[@id=\"application-manageresources-display-component---newResourceUnit--ITEM_TYPE-arrow\"]"}
COMMAND: POST /session/3fdfcd34cc1ad0984bb83731bfb105d6/element/f.902B563C9587CBB3E624B0B064AC9B4C.d.D34A838582654E1DF19C42714744F776.e.7683/click - {}
RESULT: {}
COMMAND: POST /session/3fdfcd34cc1ad0984bb83731bfb105d6/execute/async - {"script":"<script> [1562 bytes]","args":[{"selector":{"controlType":"sap.m.StandardListItem","viewName":"reusables.view.manageresources.NewResourceUnit","viewId":"application-manageresources-display-component---newResourceUnit","properties":{"title":"Resource Unit"},"searchOpenDialogs":true,"interaction":{"idSuffix":"titleText"}},"wdio_ui5_key":"reusablesview.manageresources.NewResourceUnitsap.m.StandardListItem{\"title\":\"Resource Unit\"}"}]}
COMMAND: GET /session/3fdfcd34cc1ad0984bb83731bfb105d6/screenshot - {}
RESULT: {"script":"<script> [1562 bytes]","args":[{"selector":{"controlType":"sap.m.StandardListItem","viewName":"reusables.view.manageresources.NewResourceUnit","viewId":"application-manageresources-display-component---newResourceUnit","properties":{"title":"Resource Unit"},"searchOpenDialogs":true,"interaction":{"idSuffix":"titleText"}},"wdio_ui5_key":"reusablesview.manageresources.NewResourceUnitsap.m.StandardListItem{\"title\":\"Resource Unit\"}"}]}
RESULT: undefined
COMMAND: POST /session/3fdfcd34cc1ad0984bb83731bfb105d6/element - {"using":"xpath","value":"//*[@id=\"__item225\"]"}
RESULT: {}
RESULT: {"using":"xpath","value":"//*[@id=\"__item225\"]"}
COMMAND: POST /session/3fdfcd34cc1ad0984bb83731bfb105d6/element/f.902B563C9587CBB3E624B0B064AC9B4C.d.D34A838582654E1DF19C42714744F776.e.7685/click - {}
RESULT: {}
COMMAND: POST /session/3fdfcd34cc1ad0984bb83731bfb105d6/element - {"using":"xpath","value":"//bdi[contains(text(), \"Time Segment\")]"}
COMMAND: GET /session/3fdfcd34cc1ad0984bb83731bfb105d6/screenshot - {}
RESULT: {"using":"xpath","value":"//bdi[contains(text(), \"Time Segment\")]"}
COMMAND: GET /session/3fdfcd34cc1ad0984bb83731bfb105d6/element/f.902B563C9587CBB3E624B0B064AC9B4C.d.D34A838582654E1DF19C42714744F776.e.7693/rect - {}
RESULT: {}
RESULT: {}
COMMAND: GET /session/3fdfcd34cc1ad0984bb83731bfb105d6/window/rect - {}
RESULT: {}
COMMAND: POST /session/3fdfcd34cc1ad0984bb83731bfb105d6/execute/sync - {"script":"<script> [92 bytes]","args":[]}
RESULT: {"script":"<script> [92 bytes]","args":[]}
COMMAND: POST /session/3fdfcd34cc1ad0984bb83731bfb105d6/actions - {"actions":[{"id":"action21","type":"wheel","parameters":{},"actions":[{"type":"scroll","x":-1820,"y":-21,"deltaX":0,"deltaY":0,"duration":0,"origin":{"element-6066-11e4-a52e-4f735466cecf":"f.902B563C9587CBB3E624B0B064AC9B4C.d.D34A838582654E1DF19C42714744F776.e.7693"}}]}]}
COMMAND: GET /session/3fdfcd34cc1ad0984bb83731bfb105d6/screenshot - {}
RESULT: {}
COMMAND: POST /session/3fdfcd34cc1ad0984bb83731bfb105d6/execute/sync - {"script":"<script> [79 bytes]","args":[{"element-6066-11e4-a52e-4f735466cecf":"f.902B563C9587CBB3E624B0B064AC9B4C.d.D34A838582654E1DF19C42714744F776.e.7693","ELEMENT":"f.902B563C9587CBB3E624B0B064AC9B4C.d.D34A838582654E1DF19C42714744F776.e.7693"},{"block":"start","inline":"nearest"}]}
RESULT: {"script":"<script> [79 bytes]","args":[{"element-6066-11e4-a52e-4f735466cecf":"f.902B563C9587CBB3E624B0B064AC9B4C.d.D34A838582654E1DF19C42714744F776.e.7693","ELEMENT":"f.902B563C9587CBB3E624B0B064AC9B4C.d.D34A838582654E1DF19C42714744F776.e.7693"},{"block":"start","inline":"nearest"}]}
COMMAND: POST /session/3fdfcd34cc1ad0984bb83731bfb105d6/execute/async - {"script":"<script> [1562 bytes]","args":[{"selector":{"id":"application-manageresources-display-component---newResourceUnit--btnAddTimeSegment-img"},"wdio_ui5_key":"applicationmanageresources-display-component---newResourceUnit--btnAddTimeSegment-img"}]}
COMMAND: GET /session/3fdfcd34cc1ad0984bb83731bfb105d6/screenshot - {}
RESULT: {"script":"<script> [1562 bytes]","args":[{"selector":{"id":"application-manageresources-display-component---newResourceUnit--btnAddTimeSegment-img"},"wdio_ui5_key":"applicationmanageresources-display-component---newResourceUnit--btnAddTimeSegment-img"}]}
RESULT: undefined
COMMAND: POST /session/3fdfcd34cc1ad0984bb83731bfb105d6/element - {"using":"xpath","value":"//*[@id=\"application-manageresources-display-component---newResourceUnit--btnAddTimeSegment-img\"]"}
RESULT: {}
RESULT: {"using":"xpath","value":"//*[@id=\"application-manageresources-display-component---newResourceUnit--btnAddTimeSegment-img\"]"}
COMMAND: POST /session/3fdfcd34cc1ad0984bb83731bfb105d6/element/f.902B563C9587CBB3E624B0B064AC9B4C.d.D34A838582654E1DF19C42714744F776.e.7696/click - {}
RESULT: {}
COMMAND: POST /session/3fdfcd34cc1ad0984bb83731bfb105d6/element - {"using":"xpath","value":"//input[@id=\"application-manageresources-display-component---newResourceUnit--idRuTSAdmin-application-manageresources-display-component---newResourceUnit--RUTimeSegment-0-inner\"]"}
COMMAND: GET /session/3fdfcd34cc1ad0984bb83731bfb105d6/screenshot - {}
RESULT: {"using":"xpath","value":"//input[@id=\"application-manageresources-display-component---newResourceUnit--idRuTSAdmin-application-manageresources-display-component---newResourceUnit--RUTimeSegment-0-inner\"]"}
COMMAND: POST /session/3fdfcd34cc1ad0984bb83731bfb105d6/element/f.902B563C9587CBB3E624B0B064AC9B4C.d.D34A838582654E1DF19C42714744F776.e.7699/clear - {}
RESULT: {}
RESULT: {}
COMMAND: POST /session/3fdfcd34cc1ad0984bb83731bfb105d6/element/f.902B563C9587CBB3E624B0B064AC9B4C.d.D34A838582654E1DF19C42714744F776.e.7699/value - {"text":"Webdriver Yard"}
COMMAND: GET /session/3fdfcd34cc1ad0984bb83731bfb105d6/screenshot - {}
RESULT: {"text":"Webdriver Yard"}
COMMAND: GET /session/3fdfcd34cc1ad0984bb83731bfb105d6/screenshot - {}
RESULT: {}
RESULT: {}
COMMAND: POST /session/3fdfcd34cc1ad0984bb83731bfb105d6/actions - {"actions":[{"id":"action22","type":"key","parameters":{},"actions":[{"type":"keyDown","value":""},{"type":"pause","duration":10},{"type":"keyUp","value":""}]}]}
RESULT: {"actions":[{"id":"action22","type":"key","parameters":{},"actions":[{"type":"keyDown","value":""},{"type":"pause","duration":10},{"type":"keyUp","value":""}]}]}
COMMAND: POST /session/3fdfcd34cc1ad0984bb83731bfb105d6/execute/async - {"script":"<script> [1562 bytes]","args":[{"selector":{"controlType":"sap.ui.core.Icon","viewName":"reusables.view.manageresources.NewResourceUnit","viewId":"application-manageresources-display-component---newResourceUnit","properties":{"src":{"regex":{"source":"slim\\-arrow\\-down"}}},"ancestor":{"controlType":"sap.m.ComboBox","viewName":"reusables.view.manageresources.NewResourceUnit","viewId":"application-manageresources-display-component---newResourceUnit","bindingPath":{"path":"/RESOURCE_UNIT_TIME_SEQUENCES/0","propertyPath":"COST_OBJECT_ADMIN_CST_TYPE","modelName":"oNewRruModel"}}},"wdio_ui5_key":"reusablesview.manageresources.NewResourceUnitsap.ui.core.Icon{\"src\":{\"regex\":{\"source\":\"slim\\\\-arrow\\\\-down\"}}}{\"controlType\":\"sap.m.ComboBox\",\"viewName\":\"reusables.view.manageresources.NewResourceUnit\",\"viewId\":\"application-manageresources-display-component---newResourceUnit\",\"bindingPath\":{\"path\":\"/RESOURCE_UNIT_TIME_SEQUENCES/0\",\"propertyPath\":\"COST_OBJECT_ADMIN_CST_TYPE\",\"modelName\":\"oNewRruModel\"}}"}]}
COMMAND: GET /session/3fdfcd34cc1ad0984bb83731bfb105d6/screenshot - {}
RESULT: {"script":"<script> [1562 bytes]","args":[{"selector":{"controlType":"sap.ui.core.Icon","viewName":"reusables.view.manageresources.NewResourceUnit","viewId":"application-manageresources-display-component---newResourceUnit","properties":{"src":{"regex":{"source":"slim\\-arrow\\-down"}}},"ancestor":{"controlType":"sap.m.ComboBox","viewName":"reusables.view.manageresources.NewResourceUnit","viewId":"application-manageresources-display-component---newResourceUnit","bindingPath":{"path":"/RESOURCE_UNIT_TIME_SEQUENCES/0","propertyPath":"COST_OBJECT_ADMIN_CST_TYPE","modelName":"oNewRruModel"}}},"wdio_ui5_key":"reusablesview.manageresources.NewResourceUnitsap.ui.core.Icon{\"src\":{\"regex\":{\"source\":\"slim\\\\-arrow\\\\-down\"}}}{\"controlType\":\"sap.m.ComboBox\",\"viewName\":\"reusables.view.manageresources.NewResourceUnit\",\"viewId\":\"application-manageresources-display-component---newResourceUnit\",\"bindingPath\":{\"path\":\"/RESOURCE_UNIT_TIME_SEQUENCES/0\",\"propertyPath\":\"COST_OBJECT_ADMIN_CST_TYPE\",\"modelName\":\"oNewRruModel\"}}"}]}
RESULT: undefined
COMMAND: POST /session/3fdfcd34cc1ad0984bb83731bfb105d6/element - {"using":"xpath","value":"//*[@id=\"__box4-application-manageresources-display-component---newResourceUnit--RUTimeSegment-0-arrow\"]"}
RESULT: {}
RESULT: {"using":"xpath","value":"//*[@id=\"__box4-application-manageresources-display-component---newResourceUnit--RUTimeSegment-0-arrow\"]"}
COMMAND: POST /session/3fdfcd34cc1ad0984bb83731bfb105d6/element/f.902B563C9587CBB3E624B0B064AC9B4C.d.D34A838582654E1DF19C42714744F776.e.7714/click - {}
RESULT: {}
COMMAND: POST /session/3fdfcd34cc1ad0984bb83731bfb105d6/execute/async - {"script":"<script> [1562 bytes]","args":[{"selector":{"controlType":"sap.m.StandardListItem","viewName":"reusables.view.manageresources.NewResourceUnit","viewId":"application-manageresources-display-component---newResourceUnit","properties":{"title":"PM Order"},"searchOpenDialogs":true,"interaction":{"idSuffix":"titleText"}},"wdio_ui5_key":"reusablesview.manageresources.NewResourceUnitsap.m.StandardListItem{\"title\":\"PM Order\"}"}]}
COMMAND: GET /session/3fdfcd34cc1ad0984bb83731bfb105d6/screenshot - {}
RESULT: {"script":"<script> [1562 bytes]","args":[{"selector":{"controlType":"sap.m.StandardListItem","viewName":"reusables.view.manageresources.NewResourceUnit","viewId":"application-manageresources-display-component---newResourceUnit","properties":{"title":"PM Order"},"searchOpenDialogs":true,"interaction":{"idSuffix":"titleText"}},"wdio_ui5_key":"reusablesview.manageresources.NewResourceUnitsap.m.StandardListItem{\"title\":\"PM Order\"}"}]}
RESULT: undefined
COMMAND: POST /session/3fdfcd34cc1ad0984bb83731bfb105d6/element - {"using":"xpath","value":"//*[@id=\"__item474\"]"}
RESULT: {}
RESULT: {"using":"xpath","value":"//*[@id=\"__item474\"]"}
COMMAND: POST /session/3fdfcd34cc1ad0984bb83731bfb105d6/element/f.902B563C9587CBB3E624B0B064AC9B4C.d.D34A838582654E1DF19C42714744F776.e.7718/click - {}
RESULT: {}
COMMAND: GET /session/3fdfcd34cc1ad0984bb83731bfb105d6/screenshot - {}
RESULT: {}
COMMAND: POST /session/3fdfcd34cc1ad0984bb83731bfb105d6/element - {"using":"xpath","value":"(//input[contains(@id ,\"-application-manageresources-display-component---newResourceUnit--RUTimeSegment-0-inner\")])[8]"}
RESULT: {"using":"xpath","value":"(//input[contains(@id ,\"-application-manageresources-display-component---newResourceUnit--RUTimeSegment-0-inner\")])[8]"}
COMMAND: POST /session/3fdfcd34cc1ad0984bb83731bfb105d6/element/f.902B563C9587CBB3E624B0B064AC9B4C.d.D34A838582654E1DF19C42714744F776.e.7721/clear - {}
RESULT: {}
COMMAND: POST /session/3fdfcd34cc1ad0984bb83731bfb105d6/element/f.902B563C9587CBB3E624B0B064AC9B4C.d.D34A838582654E1DF19C42714744F776.e.7721/value - {"text":"4000360"}
COMMAND: GET /session/3fdfcd34cc1ad0984bb83731bfb105d6/screenshot - {}
RESULT: {"text":"4000360"}
COMMAND: GET /session/3fdfcd34cc1ad0984bb83731bfb105d6/screenshot - {}
COMMAND: POST /session/3fdfcd34cc1ad0984bb83731bfb105d6/actions - {"actions":[{"id":"action23","type":"key","parameters":{},"actions":[{"type":"keyDown","value":""},{"type":"pause","duration":10},{"type":"keyUp","value":""}]}]}
RESULT: {}
RESULT: {}
RESULT: {"actions":[{"id":"action23","type":"key","parameters":{},"actions":[{"type":"keyDown","value":""},{"type":"pause","duration":10},{"type":"keyUp","value":""}]}]}
COMMAND: GET /session/3fdfcd34cc1ad0984bb83731bfb105d6/screenshot - {}
RESULT: {}
COMMAND: POST /session/3fdfcd34cc1ad0984bb83731bfb105d6/execute/async - {"script":"<script> [1562 bytes]","args":[{"selector":{"id":"application-manageresources-display-component---newResourceUnit--newTimeSegmentDateRangePicker-application-manageresources-display-component---newResourceUnit--RUTimeSegment-0","interaction":{"idSuffix":"inner"}},"wdio_ui5_key":"applicationmanageresources-display-component---newResourceUnit--newTimeSegmentDateRangePicker-application-manageresources-display-component---newResourceUnit--RUTimeSegment-0"}]}
RESULT: {"script":"<script> [1562 bytes]","args":[{"selector":{"id":"application-manageresources-display-component---newResourceUnit--newTimeSegmentDateRangePicker-application-manageresources-display-component---newResourceUnit--RUTimeSegment-0","interaction":{"idSuffix":"inner"}},"wdio_ui5_key":"applicationmanageresources-display-component---newResourceUnit--newTimeSegmentDateRangePicker-application-manageresources-display-component---newResourceUnit--RUTimeSegment-0"}]}
RESULT: undefined
COMMAND: POST /session/3fdfcd34cc1ad0984bb83731bfb105d6/execute/async - {"script":"<script> [1562 bytes]","args":[{"selector":{"id":"application-manageresources-display-component---newResourceUnit--newRRUPage-anchBar-application-manageresources-display-component---newResourceUnit--resource-anchor","interaction":{"idSuffix":"BDI-content"}},"wdio_ui5_key":"applicationmanageresources-display-component---newResourceUnit--newRRUPage-anchBar-application-manageresources-display-component---newResourceUnit--resource-anchor"}]}
RESULT: {"script":"<script> [1562 bytes]","args":[{"selector":{"id":"application-manageresources-display-component---newResourceUnit--newRRUPage-anchBar-application-manageresources-display-component---newResourceUnit--resource-anchor","interaction":{"idSuffix":"BDI-content"}},"wdio_ui5_key":"applicationmanageresources-display-component---newResourceUnit--newRRUPage-anchBar-application-manageresources-display-component---newResourceUnit--resource-anchor"}]}
RESULT: undefined
COMMAND: POST /session/3fdfcd34cc1ad0984bb83731bfb105d6/element - {"using":"xpath","value":"//*[@id=\"application-manageresources-display-component---newResourceUnit--newRRUPage-anchBar-application-manageresources-display-component---newResourceUnit--resource-anchor\"]"}
RESULT: {"using":"xpath","value":"//*[@id=\"application-manageresources-display-component---newResourceUnit--newRRUPage-anchBar-application-manageresources-display-component---newResourceUnit--resource-anchor\"]"}
COMMAND: POST /session/3fdfcd34cc1ad0984bb83731bfb105d6/element/f.902B563C9587CBB3E624B0B064AC9B4C.d.D34A838582654E1DF19C42714744F776.e.7741/click - {}
RESULT: {}
COMMAND: POST /session/3fdfcd34cc1ad0984bb83731bfb105d6/execute/async - {"script":"<script> [1562 bytes]","args":[{"selector":{"id":"application-manageresources-display-component---newResourceUnit--PLANNED_DELIVERY_DATE","interaction":{"idSuffix":"inner"}},"wdio_ui5_key":"applicationmanageresources-display-component---newResourceUnit--PLANNED_DELIVERY_DATE"}]}
COMMAND: GET /session/3fdfcd34cc1ad0984bb83731bfb105d6/screenshot - {}
RESULT: {"script":"<script> [1562 bytes]","args":[{"selector":{"id":"application-manageresources-display-component---newResourceUnit--PLANNED_DELIVERY_DATE","interaction":{"idSuffix":"inner"}},"wdio_ui5_key":"applicationmanageresources-display-component---newResourceUnit--PLANNED_DELIVERY_DATE"}]}
RESULT: undefined
COMMAND: POST /session/3fdfcd34cc1ad0984bb83731bfb105d6/execute/async - {"script":"<script> [6424 bytes]","args":[{"element-6066-11e4-a52e-4f735466cecf":"f.902B563C9587CBB3E624B0B064AC9B4C.d.D34A838582654E1DF19C42714744F776.e.7568"},"setValue",["06/26/24"]]}
RESULT: {}
RESULT: {"script":"<script> [6424 bytes]","args":[{"element-6066-11e4-a52e-4f735466cecf":"f.902B563C9587CBB3E624B0B064AC9B4C.d.D34A838582654E1DF19C42714744F776.e.7568"},"setValue",["06/26/24"]]}
COMMAND: POST /session/3fdfcd34cc1ad0984bb83731bfb105d6/execute/async - {"script":"<script> [1562 bytes]","args":[{"selector":{"controlType":"sap.m.Button","viewName":"reusables.view.manageresources.NewResourceUnit","viewId":"application-manageresources-display-component---newResourceUnit","i18NText":{"propertyName":"tooltip","key":"save"},"interaction":{"idSuffix":"BDI-content"}},"wdio_ui5_key":"reusablesview.manageresources.NewResourceUnitsap.m.Button{\"propertyName\":\"tooltip\",\"key\":\"save\"}"}]}
RESULT: {"script":"<script> [1562 bytes]","args":[{"selector":{"controlType":"sap.m.Button","viewName":"reusables.view.manageresources.NewResourceUnit","viewId":"application-manageresources-display-component---newResourceUnit","i18NText":{"propertyName":"tooltip","key":"save"},"interaction":{"idSuffix":"BDI-content"}},"wdio_ui5_key":"reusablesview.manageresources.NewResourceUnitsap.m.Button{\"propertyName\":\"tooltip\",\"key\":\"save\"}"}]}
RESULT: undefined
COMMAND: POST /session/3fdfcd34cc1ad0984bb83731bfb105d6/element - {"using":"xpath","value":"//*[@id=\"application-manageresources-display-component---newResourceUnit--createRuButton\"]"}
RESULT: {"using":"xpath","value":"//*[@id=\"application-manageresources-display-component---newResourceUnit--createRuButton\"]"}
COMMAND: POST /session/3fdfcd34cc1ad0984bb83731bfb105d6/element/f.902B563C9587CBB3E624B0B064AC9B4C.d.D34A838582654E1DF19C42714744F776.e.7528/click - {}
RESULT: {}
COMMAND: GET /session/3fdfcd34cc1ad0984bb83731bfb105d6/screenshot - {}
RESULT: {}
COMMAND: POST /session/3fdfcd34cc1ad0984bb83731bfb105d6/execute/async - {"script":"<script> [1562 bytes]","args":[{"selector":{"controlType":"sap.m.Button","properties":{"text":"Close"},"searchOpenDialogs":true,"interaction":{"idSuffix":"inner"}},"wdio_ui5_key":"sapm.Button{\"text\":\"Close\"}"}]}
RESULT: {"script":"<script> [1562 bytes]","args":[{"selector":{"controlType":"sap.m.Button","properties":{"text":"Close"},"searchOpenDialogs":true,"interaction":{"idSuffix":"inner"}},"wdio_ui5_key":"sapm.Button{\"text\":\"Close\"}"}]}
RESULT: undefined
COMMAND: POST /session/3fdfcd34cc1ad0984bb83731bfb105d6/element - {"using":"xpath","value":"//*[@id=\"__mbox-btn-0\"]"}
RESULT: {"using":"xpath","value":"//*[@id=\"__mbox-btn-0\"]"}
COMMAND: POST /session/3fdfcd34cc1ad0984bb83731bfb105d6/element/f.902B563C9587CBB3E624B0B064AC9B4C.d.D34A838582654E1DF19C42714744F776.e.7749/click - {}
RESULT: {}
COMMAND: GET /session/3fdfcd34cc1ad0984bb83731bfb105d6/screenshot - {}
COMMAND: POST /session/3fdfcd34cc1ad0984bb83731bfb105d6/execute/async - {"script":"<script> [1562 bytes]","args":[{"selector":{"controlType":"sap.m.Text","viewName":"etm.portal.ui.manageresources.view.Detail","viewId":"application-manageresources-display-component---detailRU","bindingPath":{"propertyPath":"ID","modelName":"catalogModel"}},"wdio_ui5_key":"etmportal.ui.manageresources.view.Detailsap.m.Text{\"propertyPath\":\"ID\",\"modelName\":\"catalogModel\"}"}]}
RESULT: {}
RESULT: {"script":"<script> [1562 bytes]","args":[{"selector":{"controlType":"sap.m.Text","viewName":"etm.portal.ui.manageresources.view.Detail","viewId":"application-manageresources-display-component---detailRU","bindingPath":{"propertyPath":"ID","modelName":"catalogModel"}},"wdio_ui5_key":"etmportal.ui.manageresources.view.Detailsap.m.Text{\"propertyPath\":\"ID\",\"modelName\":\"catalogModel\"}"}]}
RESULT: undefined
COMMAND: POST /session/3fdfcd34cc1ad0984bb83731bfb105d6/execute/async - {"script":"<script> [6424 bytes]","args":[{"element-6066-11e4-a52e-4f735466cecf":"f.902B563C9587CBB3E624B0B064AC9B4C.d.D34A838582654E1DF19C42714744F776.e.7783"},"getText",[]]}
RESULT: {"script":"<script> [6424 bytes]","args":[{"element-6066-11e4-a52e-4f735466cecf":"f.902B563C9587CBB3E624B0B064AC9B4C.d.D34A838582654E1DF19C42714744F776.e.7783"},"getText",[]]}
COMMAND: POST /session/3fdfcd34cc1ad0984bb83731bfb105d6/element - {"using":"xpath","value":"//bdi[text()=\"Edit\"]"}
RESULT: {"using":"xpath","value":"//bdi[text()=\"Edit\"]"}
COMMAND: GET /session/3fdfcd34cc1ad0984bb83731bfb105d6/element/f.902B563C9587CBB3E624B0B064AC9B4C.d.D34A838582654E1DF19C42714744F776.e.7784/enabled - {}
RESULT: {}
COMMAND: POST /session/3fdfcd34cc1ad0984bb83731bfb105d6/execute/sync - {"script":"<script> [8489 bytes]","args":[{"element-6066-11e4-a52e-4f735466cecf":"f.902B563C9587CBB3E624B0B064AC9B4C.d.D34A838582654E1DF19C42714744F776.e.7784","ELEMENT":"f.902B563C9587CBB3E624B0B064AC9B4C.d.D34A838582654E1DF19C42714744F776.e.7784"}]}
COMMAND: GET /session/3fdfcd34cc1ad0984bb83731bfb105d6/screenshot - {}
RESULT: {"script":"<script> [8489 bytes]","args":[{"element-6066-11e4-a52e-4f735466cecf":"f.902B563C9587CBB3E624B0B064AC9B4C.d.D34A838582654E1DF19C42714744F776.e.7784","ELEMENT":"f.902B563C9587CBB3E624B0B064AC9B4C.d.D34A838582654E1DF19C42714744F776.e.7784"}]}
COMMAND: POST /session/3fdfcd34cc1ad0984bb83731bfb105d6/execute/sync - {"script":"<script> [5351 bytes]","args":[{"element-6066-11e4-a52e-4f735466cecf":"f.902B563C9587CBB3E624B0B064AC9B4C.d.D34A838582654E1DF19C42714744F776.e.7784","ELEMENT":"f.902B563C9587CBB3E624B0B064AC9B4C.d.D34A838582654E1DF19C42714744F776.e.7784"}]}
COMMAND: GET /session/3fdfcd34cc1ad0984bb83731bfb105d6/screenshot - {}
RESULT: {}
RESULT: {"script":"<script> [5351 bytes]","args":[{"element-6066-11e4-a52e-4f735466cecf":"f.902B563C9587CBB3E624B0B064AC9B4C.d.D34A838582654E1DF19C42714744F776.e.7784","ELEMENT":"f.902B563C9587CBB3E624B0B064AC9B4C.d.D34A838582654E1DF19C42714744F776.e.7784"}]}
COMMAND: POST /session/3fdfcd34cc1ad0984bb83731bfb105d6/element/f.902B563C9587CBB3E624B0B064AC9B4C.d.D34A838582654E1DF19C42714744F776.e.7784/click - {}
COMMAND: GET /session/3fdfcd34cc1ad0984bb83731bfb105d6/screenshot - {}
RESULT: {}
RESULT: {}
COMMAND: GET /session/3fdfcd34cc1ad0984bb83731bfb105d6/screenshot - {}
RESULT: {}
COMMAND: POST /session/3fdfcd34cc1ad0984bb83731bfb105d6/element - {"using":"xpath","value":"//bdi[@id=\"application-manageresources-display-component---editResource--editRruPage-anchBar-application-manageresources-display-component---editResource--counters-anchor-BDI-content\"]"}
RESULT: {}
RESULT: {"using":"xpath","value":"//bdi[@id=\"application-manageresources-display-component---editResource--editRruPage-anchBar-application-manageresources-display-component---editResource--counters-anchor-BDI-content\"]"}
COMMAND: POST /session/3fdfcd34cc1ad0984bb83731bfb105d6/execute/sync - {"script":"<script> [8489 bytes]","args":[{"element-6066-11e4-a52e-4f735466cecf":"f.902B563C9587CBB3E624B0B064AC9B4C.d.D34A838582654E1DF19C42714744F776.e.7884","ELEMENT":"f.902B563C9587CBB3E624B0B064AC9B4C.d.D34A838582654E1DF19C42714744F776.e.7884"}]}
RESULT: {"script":"<script> [8489 bytes]","args":[{"element-6066-11e4-a52e-4f735466cecf":"f.902B563C9587CBB3E624B0B064AC9B4C.d.D34A838582654E1DF19C42714744F776.e.7884","ELEMENT":"f.902B563C9587CBB3E624B0B064AC9B4C.d.D34A838582654E1DF19C42714744F776.e.7884"}]}
COMMAND: POST /session/3fdfcd34cc1ad0984bb83731bfb105d6/element/f.902B563C9587CBB3E624B0B064AC9B4C.d.D34A838582654E1DF19C42714744F776.e.7884/click - {}
COMMAND: GET /session/3fdfcd34cc1ad0984bb83731bfb105d6/screenshot - {}
COMMAND: POST /session/3fdfcd34cc1ad0984bb83731bfb105d6/element - {"using":"xpath","value":"//bdi[@id=\"application-manageresources-display-component---editResource--editRruPage-anchBar-application-manageresources-display-component---editResource--counters-anchor-BDI-content\"]"}
RESULT: {}
RESULT: {"using":"xpath","value":"//bdi[@id=\"application-manageresources-display-component---editResource--editRruPage-anchBar-application-manageresources-display-component---editResource--counters-anchor-BDI-content\"]"}
COMMAND: POST /session/3fdfcd34cc1ad0984bb83731bfb105d6/element/f.902B563C9587CBB3E624B0B064AC9B4C.d.D34A838582654E1DF19C42714744F776.e.7884/click - {}
COMMAND: POST /session/3fdfcd34cc1ad0984bb83731bfb105d6/element - {"using":"xpath","value":"//bdi[@id=\"application-manageresources-display-component---editResource--editRruPage-anchBar-application-manageresources-display-component---editResource--counters-anchor-BDI-content\"]"}
RESULT: {"using":"xpath","value":"//bdi[@id=\"application-manageresources-display-component---editResource--editRruPage-anchBar-application-manageresources-display-component---editResource--counters-anchor-BDI-content\"]"}
COMMAND: POST /session/3fdfcd34cc1ad0984bb83731bfb105d6/element/f.902B563C9587CBB3E624B0B064AC9B4C.d.D34A838582654E1DF19C42714744F776.e.7927/click - {}
RESULT: {}
COMMAND: GET /session/3fdfcd34cc1ad0984bb83731bfb105d6/screenshot - {}
RESULT: {}
COMMAND: POST /session/3fdfcd34cc1ad0984bb83731bfb105d6/execute/async - {"script":"<script> [1562 bytes]","args":[{"selector":{"id":"application-manageresources-display-component---editResource--btnAddCounter-img"},"wdio_ui5_key":"applicationmanageresources-display-component---editResource--btnAddCounter-img"}]}
RESULT: {"script":"<script> [1562 bytes]","args":[{"selector":{"id":"application-manageresources-display-component---editResource--btnAddCounter-img"},"wdio_ui5_key":"applicationmanageresources-display-component---editResource--btnAddCounter-img"}]}
RESULT: undefined
COMMAND: POST /session/3fdfcd34cc1ad0984bb83731bfb105d6/element - {"using":"xpath","value":"//*[@id=\"application-manageresources-display-component---editResource--btnAddCounter-img\"]"}
RESULT: {"using":"xpath","value":"//*[@id=\"application-manageresources-display-component---editResource--btnAddCounter-img\"]"}
COMMAND: POST /session/3fdfcd34cc1ad0984bb83731bfb105d6/element/f.902B563C9587CBB3E624B0B064AC9B4C.d.D34A838582654E1DF19C42714744F776.e.7935/click - {}
RESULT: {}
COMMAND: GET /session/3fdfcd34cc1ad0984bb83731bfb105d6/screenshot - {}
RESULT: {}
COMMAND: POST /session/3fdfcd34cc1ad0984bb83731bfb105d6/execute/async - {"script":"<script> [1562 bytes]","args":[{"selector":{"id":"application-manageresources-display-component---editResource--HAND_OVER_TYPE-application-manageresources-display-component---editResource--RUCounters-0","interaction":{"idSuffix":"CbBg"}},"wdio_ui5_key":"applicationmanageresources-display-component---editResource--HAND_OVER_TYPE-application-manageresources-display-component---editResource--RUCounters-0"}]}
RESULT: {"script":"<script> [1562 bytes]","args":[{"selector":{"id":"application-manageresources-display-component---editResource--HAND_OVER_TYPE-application-manageresources-display-component---editResource--RUCounters-0","interaction":{"idSuffix":"CbBg"}},"wdio_ui5_key":"applicationmanageresources-display-component---editResource--HAND_OVER_TYPE-application-manageresources-display-component---editResource--RUCounters-0"}]}
RESULT: undefined
COMMAND: POST /session/3fdfcd34cc1ad0984bb83731bfb105d6/element - {"using":"xpath","value":"//*[@id=\"application-manageresources-display-component---editResource--HAND_OVER_TYPE-application-manageresources-display-component---editResource--RUCounters-0\"]"}
RESULT: {"using":"xpath","value":"//*[@id=\"application-manageresources-display-component---editResource--HAND_OVER_TYPE-application-manageresources-display-component---editResource--RUCounters-0\"]"}
COMMAND: POST /session/3fdfcd34cc1ad0984bb83731bfb105d6/element/f.902B563C9587CBB3E624B0B064AC9B4C.d.D34A838582654E1DF19C42714744F776.e.7941/click - {}
RESULT: {}
COMMAND: POST /session/3fdfcd34cc1ad0984bb83731bfb105d6/execute/async - {"script":"<script> [1562 bytes]","args":[{"selector":{"controlType":"sap.m.Button","viewName":"etm.portal.ui.manageresources.view.EditResource","viewId":"application-manageresources-display-component---editResource","i18NText":{"propertyName":"text","key":"save"},"interaction":{"idSuffix":"BDI-content"}},"wdio_ui5_key":"etmportal.ui.manageresources.view.EditResourcesap.m.Button{\"propertyName\":\"text\",\"key\":\"save\"}"}]}
COMMAND: GET /session/3fdfcd34cc1ad0984bb83731bfb105d6/screenshot - {}
RESULT: {"script":"<script> [1562 bytes]","args":[{"selector":{"controlType":"sap.m.Button","viewName":"etm.portal.ui.manageresources.view.EditResource","viewId":"application-manageresources-display-component---editResource","i18NText":{"propertyName":"text","key":"save"},"interaction":{"idSuffix":"BDI-content"}},"wdio_ui5_key":"etmportal.ui.manageresources.view.EditResourcesap.m.Button{\"propertyName\":\"text\",\"key\":\"save\"}"}]}
RESULT: undefined
COMMAND: POST /session/3fdfcd34cc1ad0984bb83731bfb105d6/element - {"using":"xpath","value":"//*[@id=\"__button102\"]"}
RESULT: {}
RESULT: {"using":"xpath","value":"//*[@id=\"__button102\"]"}
COMMAND: POST /session/3fdfcd34cc1ad0984bb83731bfb105d6/element/f.902B563C9587CBB3E624B0B064AC9B4C.d.D34A838582654E1DF19C42714744F776.e.7943/click - {}
RESULT: {}
COMMAND: GET /session/3fdfcd34cc1ad0984bb83731bfb105d6/screenshot - {}
RESULT: {}
COMMAND: POST /session/3fdfcd34cc1ad0984bb83731bfb105d6/element - {"using":"css selector","value":"#shell-header-logo"}
RESULT: {"using":"css selector","value":"#shell-header-logo"}
COMMAND: POST /session/3fdfcd34cc1ad0984bb83731bfb105d6/elements - {"using":"css selector","value":"#shell-header-logo"}
RESULT: {"using":"css selector","value":"#shell-header-logo"}
COMMAND: POST /session/3fdfcd34cc1ad0984bb83731bfb105d6/execute/sync - {"script":"<script> [8489 bytes]","args":[{"element-6066-11e4-a52e-4f735466cecf":"f.902B563C9587CBB3E624B0B064AC9B4C.d.D34A838582654E1DF19C42714744F776.e.7032","ELEMENT":"f.902B563C9587CBB3E624B0B064AC9B4C.d.D34A838582654E1DF19C42714744F776.e.7032"}]}
RESULT: {"script":"<script> [8489 bytes]","args":[{"element-6066-11e4-a52e-4f735466cecf":"f.902B563C9587CBB3E624B0B064AC9B4C.d.D34A838582654E1DF19C42714744F776.e.7032","ELEMENT":"f.902B563C9587CBB3E624B0B064AC9B4C.d.D34A838582654E1DF19C42714744F776.e.7032"}]}
COMMAND: POST /session/3fdfcd34cc1ad0984bb83731bfb105d6/execute/sync - {"script":"<script> [5351 bytes]","args":[{"element-6066-11e4-a52e-4f735466cecf":"f.902B563C9587CBB3E624B0B064AC9B4C.d.D34A838582654E1DF19C42714744F776.e.7032","ELEMENT":"f.902B563C9587CBB3E624B0B064AC9B4C.d.D34A838582654E1DF19C42714744F776.e.7032"}]}
COMMAND: GET /session/3fdfcd34cc1ad0984bb83731bfb105d6/screenshot - {}
RESULT: {"script":"<script> [5351 bytes]","args":[{"element-6066-11e4-a52e-4f735466cecf":"f.902B563C9587CBB3E624B0B064AC9B4C.d.D34A838582654E1DF19C42714744F776.e.7032","ELEMENT":"f.902B563C9587CBB3E624B0B064AC9B4C.d.D34A838582654E1DF19C42714744F776.e.7032"}]}
COMMAND: POST /session/3fdfcd34cc1ad0984bb83731bfb105d6/element/f.902B563C9587CBB3E624B0B064AC9B4C.d.D34A838582654E1DF19C42714744F776.e.7032/click - {}
COMMAND: GET /session/3fdfcd34cc1ad0984bb83731bfb105d6/screenshot - {}
RESULT: {}
RESULT: {}
COMMAND: GET /session/3fdfcd34cc1ad0984bb83731bfb105d6/screenshot - {}
COMMAND: POST /session/3fdfcd34cc1ad0984bb83731bfb105d6/element - {"using":"css selector","value":"#shell-header-logo"}
RESULT: {}
RESULT: {}
RESULT: {"using":"css selector","value":"#shell-header-logo"}
COMMAND: POST /session/3fdfcd34cc1ad0984bb83731bfb105d6/element/f.902B563C9587CBB3E624B0B064AC9B4C.d.D34A838582654E1DF19C42714744F776.e.7956/click - {}
RESULT: {}
COMMAND: GET /session/3fdfcd34cc1ad0984bb83731bfb105d6/screenshot - {}
RESULT: {}
]]></system-out>
    </testcase>
  </testsuite>
  <testsuite timestamp="2025-05-26T15:48:04" time="106.049" tests="2" failures="0" errors="0" skipped="0">
    <properties>
      <property name="specId" value="0"/>
      <property name="suiteName" value="Personnel creation and reference material verification  US120163"/>
      <property name="capabilities" value="chrome.136_0_7103_93.windows"/>
      <property name="file" value="file:///D:/a/1/s/test/specs/R2C/create-personnel-no-material-reference.spec.js"/>
    </properties>
    <testcase classname="chrome.136_0_7103_93.windows.Personnel_creation_and_reference_material_verification__US120163" name="Should create a new personnel and verify if the material reference is visible" time="83.613">
      <system-out><![CDATA[
RESULT: undefined
COMMAND: POST /session/3fdfcd34cc1ad0984bb83731bfb105d6/element - {"using":"xpath","value":"//*[@id=\"__tile31\"]"}
RESULT: {"using":"xpath","value":"//*[@id=\"__tile31\"]"}
COMMAND: POST /session/3fdfcd34cc1ad0984bb83731bfb105d6/element/f.902B563C9587CBB3E624B0B064AC9B4C.d.D34A838582654E1DF19C42714744F776.e.7056/click - {}
RESULT: {}
COMMAND: GET /session/3fdfcd34cc1ad0984bb83731bfb105d6/screenshot - {}
RESULT: {}
COMMAND: POST /session/3fdfcd34cc1ad0984bb83731bfb105d6/elements - {"using":"xpath","value":"//span[text()='Error']"}
RESULT: {"using":"xpath","value":"//span[text()='Error']"}
COMMAND: POST /session/3fdfcd34cc1ad0984bb83731bfb105d6/element - {"using":"xpath","value":"//button[@data-kt=\"addNewRUOverflowToolbarButton\"]"}
RESULT: {"using":"xpath","value":"//button[@data-kt=\"addNewRUOverflowToolbarButton\"]"}
COMMAND: POST /session/3fdfcd34cc1ad0984bb83731bfb105d6/execute/sync - {"script":"<script> [8489 bytes]","args":[{"element-6066-11e4-a52e-4f735466cecf":"f.902B563C9587CBB3E624B0B064AC9B4C.d.D34A838582654E1DF19C42714744F776.e.7997","ELEMENT":"f.902B563C9587CBB3E624B0B064AC9B4C.d.D34A838582654E1DF19C42714744F776.e.7997"}]}
RESULT: {"script":"<script> [8489 bytes]","args":[{"element-6066-11e4-a52e-4f735466cecf":"f.902B563C9587CBB3E624B0B064AC9B4C.d.D34A838582654E1DF19C42714744F776.e.7997","ELEMENT":"f.902B563C9587CBB3E624B0B064AC9B4C.d.D34A838582654E1DF19C42714744F776.e.7997"}]}
COMMAND: POST /session/3fdfcd34cc1ad0984bb83731bfb105d6/element/f.902B563C9587CBB3E624B0B064AC9B4C.d.D34A838582654E1DF19C42714744F776.e.7997/click - {}
COMMAND: GET /session/3fdfcd34cc1ad0984bb83731bfb105d6/screenshot - {}
RESULT: {}
RESULT: undefined
COMMAND: POST /session/3fdfcd34cc1ad0984bb83731bfb105d6/element - {"using":"xpath","value":"//*[@id=\"application-manageresources-display-component---newResourceUnit--TYPE-arrow\"]"}
COMMAND: GET /session/3fdfcd34cc1ad0984bb83731bfb105d6/screenshot - {}
RESULT: {}
RESULT: {"using":"xpath","value":"//*[@id=\"application-manageresources-display-component---newResourceUnit--TYPE-arrow\"]"}
COMMAND: POST /session/3fdfcd34cc1ad0984bb83731bfb105d6/elements - {"using":"xpath","value":"//*[@id=\"application-manageresources-display-component---newResourceUnit--TYPE-arrow\"]"}
RESULT: {}
RESULT: {"using":"xpath","value":"//*[@id=\"application-manageresources-display-component---newResourceUnit--TYPE-arrow\"]"}
COMMAND: POST /session/3fdfcd34cc1ad0984bb83731bfb105d6/elements - {"using":"xpath","value":"//*[@id=\"application-manageresources-display-component---newResourceUnit--TYPE-arrow\"]"}
RESULT: {"using":"xpath","value":"//*[@id=\"application-manageresources-display-component---newResourceUnit--TYPE-arrow\"]"}
COMMAND: POST /session/3fdfcd34cc1ad0984bb83731bfb105d6/element - {"using":"xpath","value":"//*[@id=\"application-manageresources-display-component---newResourceUnit--TYPE-arrow\"]"}
RESULT: {"using":"xpath","value":"//*[@id=\"application-manageresources-display-component---newResourceUnit--TYPE-arrow\"]"}
COMMAND: POST /session/3fdfcd34cc1ad0984bb83731bfb105d6/element/f.902B563C9587CBB3E624B0B064AC9B4C.d.D34A838582654E1DF19C42714744F776.e.8312/click - {}
RESULT: {}
COMMAND: POST /session/3fdfcd34cc1ad0984bb83731bfb105d6/execute/async - {"script":"<script> [1562 bytes]","args":[{"selector":{"controlType":"sap.m.StandardListItem","viewName":"reusables.view.manageresources.NewResourceUnit","viewId":"application-manageresources-display-component---newResourceUnit","properties":{"title":"Personnel"},"searchOpenDialogs":true,"interaction":{"idSuffix":"titleText"}},"wdio_ui5_key":"reusablesview.manageresources.NewResourceUnitsap.m.StandardListItem{\"title\":\"Personnel\"}"}]}
COMMAND: GET /session/3fdfcd34cc1ad0984bb83731bfb105d6/screenshot - {}
RESULT: {"script":"<script> [1562 bytes]","args":[{"selector":{"controlType":"sap.m.StandardListItem","viewName":"reusables.view.manageresources.NewResourceUnit","viewId":"application-manageresources-display-component---newResourceUnit","properties":{"title":"Personnel"},"searchOpenDialogs":true,"interaction":{"idSuffix":"titleText"}},"wdio_ui5_key":"reusablesview.manageresources.NewResourceUnitsap.m.StandardListItem{\"title\":\"Personnel\"}"}]}
RESULT: undefined
COMMAND: POST /session/3fdfcd34cc1ad0984bb83731bfb105d6/element - {"using":"xpath","value":"//*[@id=\"__item1101\"]"}
RESULT: {}
RESULT: {"using":"xpath","value":"//*[@id=\"__item1101\"]"}
COMMAND: POST /session/3fdfcd34cc1ad0984bb83731bfb105d6/element/f.902B563C9587CBB3E624B0B064AC9B4C.d.D34A838582654E1DF19C42714744F776.e.8319/click - {}
RESULT: {}
RESULT: undefined
COMMAND: POST /session/3fdfcd34cc1ad0984bb83731bfb105d6/execute/async - {"script":"<script> [776 bytes]","args":[{"enterText":"WdIOPersonnel8j6z7","selector":{"id":"application-manageresources-display-component---newResourceUnit--SHORT_TEXT","interaction":{"idSuffix":"inner"}},"clearTextFirst":true,"interactionType":"ENTER_TEXT"}]}
COMMAND: GET /session/3fdfcd34cc1ad0984bb83731bfb105d6/screenshot - {}
RESULT: {"script":"<script> [776 bytes]","args":[{"enterText":"WdIOPersonnel8j6z7","selector":{"id":"application-manageresources-display-component---newResourceUnit--SHORT_TEXT","interaction":{"idSuffix":"inner"}},"clearTextFirst":true,"interactionType":"ENTER_TEXT"}]}
COMMAND: POST /session/3fdfcd34cc1ad0984bb83731bfb105d6/element - {"using":"xpath","value":"//bdi[contains(text(), \"Material\")]"}
RESULT: {}
RESULT: {"using":"xpath","value":"//bdi[contains(text(), \"Material\")]"}
COMMAND: POST /session/3fdfcd34cc1ad0984bb83731bfb105d6/element - {"using":"xpath","value":"//bdi[contains(text(), \"Material\")]"}
RESULT: {"using":"xpath","value":"//bdi[contains(text(), \"Material\")]"}
COMMAND: POST /session/3fdfcd34cc1ad0984bb83731bfb105d6/execute/async - {"script":"<script> [1562 bytes]","args":[{"selector":{"id":"application-manageresources-display-component---newResourceUnit--BASE_UNIT_OF_MEASURE-arrow"},"wdio_ui5_key":"applicationmanageresources-display-component---newResourceUnit--BASE_UNIT_OF_MEASURE-arrow"}]}
RESULT: {"script":"<script> [1562 bytes]","args":[{"selector":{"id":"application-manageresources-display-component---newResourceUnit--BASE_UNIT_OF_MEASURE-arrow"},"wdio_ui5_key":"applicationmanageresources-display-component---newResourceUnit--BASE_UNIT_OF_MEASURE-arrow"}]}
RESULT: undefined
COMMAND: POST /session/3fdfcd34cc1ad0984bb83731bfb105d6/element - {"using":"xpath","value":"//*[@id=\"application-manageresources-display-component---newResourceUnit--BASE_UNIT_OF_MEASURE-arrow\"]"}
RESULT: {"using":"xpath","value":"//*[@id=\"application-manageresources-display-component---newResourceUnit--BASE_UNIT_OF_MEASURE-arrow\"]"}
COMMAND: POST /session/3fdfcd34cc1ad0984bb83731bfb105d6/element/f.902B563C9587CBB3E624B0B064AC9B4C.d.D34A838582654E1DF19C42714744F776.e.8425/click - {}
RESULT: {}
COMMAND: POST /session/3fdfcd34cc1ad0984bb83731bfb105d6/execute/async - {"script":"<script> [1562 bytes]","args":[{"selector":{"controlType":"sap.m.StandardListItem","viewName":"reusables.view.manageresources.NewResourceUnit","viewId":"application-manageresources-display-component---newResourceUnit","properties":{"title":"Percent"},"searchOpenDialogs":true,"interaction":{"idSuffix":"titleText"}},"wdio_ui5_key":"reusablesview.manageresources.NewResourceUnitsap.m.StandardListItem{\"title\":\"Percent\"}"}]}
COMMAND: GET /session/3fdfcd34cc1ad0984bb83731bfb105d6/screenshot - {}
RESULT: {"script":"<script> [1562 bytes]","args":[{"selector":{"controlType":"sap.m.StandardListItem","viewName":"reusables.view.manageresources.NewResourceUnit","viewId":"application-manageresources-display-component---newResourceUnit","properties":{"title":"Percent"},"searchOpenDialogs":true,"interaction":{"idSuffix":"titleText"}},"wdio_ui5_key":"reusablesview.manageresources.NewResourceUnitsap.m.StandardListItem{\"title\":\"Percent\"}"}]}
RESULT: undefined
COMMAND: POST /session/3fdfcd34cc1ad0984bb83731bfb105d6/element - {"using":"xpath","value":"//*[@id=\"__item1131\"]"}
RESULT: {}
RESULT: {"using":"xpath","value":"//*[@id=\"__item1131\"]"}
COMMAND: POST /session/3fdfcd34cc1ad0984bb83731bfb105d6/element/f.902B563C9587CBB3E624B0B064AC9B4C.d.D34A838582654E1DF19C42714744F776.e.8427/click - {}
RESULT: {}
COMMAND: POST /session/3fdfcd34cc1ad0984bb83731bfb105d6/execute/async - {"script":"<script> [1562 bytes]","args":[{"selector":{"id":"application-manageresources-display-component---newResourceUnit--PLANNING_GROUP-arrow"},"wdio_ui5_key":"applicationmanageresources-display-component---newResourceUnit--PLANNING_GROUP-arrow"}]}
COMMAND: GET /session/3fdfcd34cc1ad0984bb83731bfb105d6/screenshot - {}
RESULT: {"script":"<script> [1562 bytes]","args":[{"selector":{"id":"application-manageresources-display-component---newResourceUnit--PLANNING_GROUP-arrow"},"wdio_ui5_key":"applicationmanageresources-display-component---newResourceUnit--PLANNING_GROUP-arrow"}]}
RESULT: undefined
COMMAND: POST /session/3fdfcd34cc1ad0984bb83731bfb105d6/element - {"using":"xpath","value":"//*[@id=\"application-manageresources-display-component---newResourceUnit--PLANNING_GROUP-arrow\"]"}
RESULT: {}
RESULT: {"using":"xpath","value":"//*[@id=\"application-manageresources-display-component---newResourceUnit--PLANNING_GROUP-arrow\"]"}
COMMAND: POST /session/3fdfcd34cc1ad0984bb83731bfb105d6/element/f.902B563C9587CBB3E624B0B064AC9B4C.d.D34A838582654E1DF19C42714744F776.e.8428/click - {}
RESULT: {}
COMMAND: GET /session/3fdfcd34cc1ad0984bb83731bfb105d6/screenshot - {}
RESULT: {}
COMMAND: POST /session/3fdfcd34cc1ad0984bb83731bfb105d6/execute/async - {"script":"<script> [1562 bytes]","args":[{"selector":{"controlType":"sap.m.StandardListItem","viewName":"reusables.view.manageresources.NewResourceUnit","viewId":"application-manageresources-display-component---newResourceUnit","properties":{"title":"Operating personnel"},"searchOpenDialogs":true,"interaction":{"idSuffix":"titleText"}},"wdio_ui5_key":"reusablesview.manageresources.NewResourceUnitsap.m.StandardListItem{\"title\":\"Operating personnel\"}"}]}
RESULT: {"script":"<script> [1562 bytes]","args":[{"selector":{"controlType":"sap.m.StandardListItem","viewName":"reusables.view.manageresources.NewResourceUnit","viewId":"application-manageresources-display-component---newResourceUnit","properties":{"title":"Operating personnel"},"searchOpenDialogs":true,"interaction":{"idSuffix":"titleText"}},"wdio_ui5_key":"reusablesview.manageresources.NewResourceUnitsap.m.StandardListItem{\"title\":\"Operating personnel\"}"}]}
RESULT: undefined
COMMAND: POST /session/3fdfcd34cc1ad0984bb83731bfb105d6/element - {"using":"xpath","value":"//*[@id=\"__item1140\"]"}
RESULT: {"using":"xpath","value":"//*[@id=\"__item1140\"]"}
COMMAND: POST /session/3fdfcd34cc1ad0984bb83731bfb105d6/element/f.902B563C9587CBB3E624B0B064AC9B4C.d.D34A838582654E1DF19C42714744F776.e.8430/click - {}
RESULT: {}
COMMAND: GET /session/3fdfcd34cc1ad0984bb83731bfb105d6/screenshot - {}
RESULT: {}
COMMAND: POST /session/3fdfcd34cc1ad0984bb83731bfb105d6/element - {"using":"xpath","value":"//bdi[contains(text(), \"Time Segment\")]"}
RESULT: {"using":"xpath","value":"//bdi[contains(text(), \"Time Segment\")]"}
COMMAND: GET /session/3fdfcd34cc1ad0984bb83731bfb105d6/element/f.902B563C9587CBB3E624B0B064AC9B4C.d.D34A838582654E1DF19C42714744F776.e.8431/rect - {}
RESULT: {}
COMMAND: GET /session/3fdfcd34cc1ad0984bb83731bfb105d6/window/rect - {}
RESULT: {}
COMMAND: POST /session/3fdfcd34cc1ad0984bb83731bfb105d6/execute/sync - {"script":"<script> [92 bytes]","args":[]}
RESULT: {"script":"<script> [92 bytes]","args":[]}
COMMAND: POST /session/3fdfcd34cc1ad0984bb83731bfb105d6/actions - {"actions":[{"id":"action24","type":"wheel","parameters":{},"actions":[{"type":"scroll","x":-1820,"y":804,"deltaX":0,"deltaY":0,"duration":0,"origin":{"element-6066-11e4-a52e-4f735466cecf":"f.902B563C9587CBB3E624B0B064AC9B4C.d.D34A838582654E1DF19C42714744F776.e.8431"}}]}]}
COMMAND: GET /session/3fdfcd34cc1ad0984bb83731bfb105d6/screenshot - {}
RESULT: {}
COMMAND: POST /session/3fdfcd34cc1ad0984bb83731bfb105d6/execute/sync - {"script":"<script> [79 bytes]","args":[{"element-6066-11e4-a52e-4f735466cecf":"f.902B563C9587CBB3E624B0B064AC9B4C.d.D34A838582654E1DF19C42714744F776.e.8431","ELEMENT":"f.902B563C9587CBB3E624B0B064AC9B4C.d.D34A838582654E1DF19C42714744F776.e.8431"},{"block":"start","inline":"nearest"}]}
RESULT: {"script":"<script> [79 bytes]","args":[{"element-6066-11e4-a52e-4f735466cecf":"f.902B563C9587CBB3E624B0B064AC9B4C.d.D34A838582654E1DF19C42714744F776.e.8431","ELEMENT":"f.902B563C9587CBB3E624B0B064AC9B4C.d.D34A838582654E1DF19C42714744F776.e.8431"},{"block":"start","inline":"nearest"}]}
COMMAND: GET /session/3fdfcd34cc1ad0984bb83731bfb105d6/screenshot - {}
RESULT: {}
COMMAND: POST /session/3fdfcd34cc1ad0984bb83731bfb105d6/element - {"using":"xpath","value":"//span[@id=\"application-manageresources-display-component---newResourceUnit--btnAddTimeSegment-img\"]"}
RESULT: {"using":"xpath","value":"//span[@id=\"application-manageresources-display-component---newResourceUnit--btnAddTimeSegment-img\"]"}
COMMAND: POST /session/3fdfcd34cc1ad0984bb83731bfb105d6/execute/sync - {"script":"<script> [8489 bytes]","args":[{"element-6066-11e4-a52e-4f735466cecf":"f.902B563C9587CBB3E624B0B064AC9B4C.d.D34A838582654E1DF19C42714744F776.e.8436","ELEMENT":"f.902B563C9587CBB3E624B0B064AC9B4C.d.D34A838582654E1DF19C42714744F776.e.8436"}]}
RESULT: {"script":"<script> [8489 bytes]","args":[{"element-6066-11e4-a52e-4f735466cecf":"f.902B563C9587CBB3E624B0B064AC9B4C.d.D34A838582654E1DF19C42714744F776.e.8436","ELEMENT":"f.902B563C9587CBB3E624B0B064AC9B4C.d.D34A838582654E1DF19C42714744F776.e.8436"}]}
COMMAND: POST /session/3fdfcd34cc1ad0984bb83731bfb105d6/element/f.902B563C9587CBB3E624B0B064AC9B4C.d.D34A838582654E1DF19C42714744F776.e.8436/click - {}
COMMAND: GET /session/3fdfcd34cc1ad0984bb83731bfb105d6/screenshot - {}
RESULT: {}
COMMAND: GET /session/3fdfcd34cc1ad0984bb83731bfb105d6/screenshot - {}
COMMAND: POST /session/3fdfcd34cc1ad0984bb83731bfb105d6/element - {"using":"xpath","value":"//input[@id=\"application-manageresources-display-component---newResourceUnit--idRuTSAdmin-application-manageresources-display-component---newResourceUnit--RUTimeSegment-0-inner\"]"}
RESULT: {}
RESULT: {}
RESULT: {"using":"xpath","value":"//input[@id=\"application-manageresources-display-component---newResourceUnit--idRuTSAdmin-application-manageresources-display-component---newResourceUnit--RUTimeSegment-0-inner\"]"}
COMMAND: POST /session/3fdfcd34cc1ad0984bb83731bfb105d6/element/f.902B563C9587CBB3E624B0B064AC9B4C.d.D34A838582654E1DF19C42714744F776.e.8439/clear - {}
RESULT: {}
COMMAND: POST /session/3fdfcd34cc1ad0984bb83731bfb105d6/element/f.902B563C9587CBB3E624B0B064AC9B4C.d.D34A838582654E1DF19C42714744F776.e.8439/value - {"text":"webdriveryard"}
COMMAND: GET /session/3fdfcd34cc1ad0984bb83731bfb105d6/screenshot - {}
RESULT: {"text":"webdriveryard"}
COMMAND: GET /session/3fdfcd34cc1ad0984bb83731bfb105d6/screenshot - {}
RESULT: {}
RESULT: {}
COMMAND: POST /session/3fdfcd34cc1ad0984bb83731bfb105d6/actions - {"actions":[{"id":"action25","type":"key","parameters":{},"actions":[{"type":"keyDown","value":""},{"type":"pause","duration":10},{"type":"keyUp","value":""}]}]}
RESULT: {"actions":[{"id":"action25","type":"key","parameters":{},"actions":[{"type":"keyDown","value":""},{"type":"pause","duration":10},{"type":"keyUp","value":""}]}]}
COMMAND: GET /session/3fdfcd34cc1ad0984bb83731bfb105d6/screenshot - {}
RESULT: {}
COMMAND: POST /session/3fdfcd34cc1ad0984bb83731bfb105d6/element - {"using":"xpath","value":"//input[contains(@id, \"application-manageresources-display-component---newResourceUnit--newControlDataDateRangePicker-inner\")]"}
RESULT: {"using":"xpath","value":"//input[contains(@id, \"application-manageresources-display-component---newResourceUnit--newControlDataDateRangePicker-inner\")]"}
COMMAND: POST /session/3fdfcd34cc1ad0984bb83731bfb105d6/element/f.902B563C9587CBB3E624B0B064AC9B4C.d.D34A838582654E1DF19C42714744F776.e.8348/clear - {}
RESULT: {}
COMMAND: POST /session/3fdfcd34cc1ad0984bb83731bfb105d6/element/f.902B563C9587CBB3E624B0B064AC9B4C.d.D34A838582654E1DF19C42714744F776.e.8348/value - {"text":"12/17/26 - 2/18/27"}
COMMAND: GET /session/3fdfcd34cc1ad0984bb83731bfb105d6/screenshot - {}
RESULT: {"text":"12/17/26 - 2/18/27"}
COMMAND: POST /session/3fdfcd34cc1ad0984bb83731bfb105d6/element - {"using":"xpath","value":"//bdi[contains(@id, \"application-manageresources-display-component---newResourceUnit--createRuButton-BDI-content\")]"}
COMMAND: GET /session/3fdfcd34cc1ad0984bb83731bfb105d6/screenshot - {}
RESULT: {}
RESULT: {"using":"xpath","value":"//bdi[contains(@id, \"application-manageresources-display-component---newResourceUnit--createRuButton-BDI-content\")]"}
COMMAND: POST /session/3fdfcd34cc1ad0984bb83731bfb105d6/element/f.902B563C9587CBB3E624B0B064AC9B4C.d.D34A838582654E1DF19C42714744F776.e.8453/click - {}
RESULT: {}
RESULT: {}
COMMAND: GET /session/3fdfcd34cc1ad0984bb83731bfb105d6/screenshot - {}
RESULT: {}
COMMAND: POST /session/3fdfcd34cc1ad0984bb83731bfb105d6/actions - {"actions":[{"id":"action26","type":"key","parameters":{},"actions":[{"type":"keyDown","value":""},{"type":"pause","duration":10},{"type":"keyUp","value":""}]}]}
RESULT: {"actions":[{"id":"action26","type":"key","parameters":{},"actions":[{"type":"keyDown","value":""},{"type":"pause","duration":10},{"type":"keyUp","value":""}]}]}
COMMAND: GET /session/3fdfcd34cc1ad0984bb83731bfb105d6/screenshot - {}
RESULT: {}
]]></system-out>
    </testcase>
    <testcase classname="chrome.136_0_7103_93.windows.Personnel_creation_and_reference_material_verification__US120163" name="Should verify if the reference material is visible in edit and detail mode" time="17.995">
      <system-out><![CDATA[
COMMAND: POST /session/3fdfcd34cc1ad0984bb83731bfb105d6/element - {"using":"xpath","value":"//bdi[contains(text(), \"Edit\")]"}
RESULT: {"using":"xpath","value":"//bdi[contains(text(), \"Edit\")]"}
COMMAND: POST /session/3fdfcd34cc1ad0984bb83731bfb105d6/element/f.902B563C9587CBB3E624B0B064AC9B4C.d.D34A838582654E1DF19C42714744F776.e.8489/click - {}
RESULT: {}
COMMAND: GET /session/3fdfcd34cc1ad0984bb83731bfb105d6/screenshot - {}
RESULT: {}
COMMAND: POST /session/3fdfcd34cc1ad0984bb83731bfb105d6/element - {"using":"xpath","value":"//bdi[contains(text(), \"Material\")]"}
RESULT: {"using":"xpath","value":"//bdi[contains(text(), \"Material\")]"}
COMMAND: POST /session/3fdfcd34cc1ad0984bb83731bfb105d6/element - {"using":"xpath","value":"//bdi[contains(text(), \"Material\")]"}
RESULT: {"using":"xpath","value":"//bdi[contains(text(), \"Material\")]"}
COMMAND: POST /session/3fdfcd34cc1ad0984bb83731bfb105d6/element - {"using":"xpath","value":"(//bdi[contains(text(), \"Save\")])[2]"}
RESULT: {"using":"xpath","value":"(//bdi[contains(text(), \"Save\")])[2]"}
COMMAND: POST /session/3fdfcd34cc1ad0984bb83731bfb105d6/element/f.902B563C9587CBB3E624B0B064AC9B4C.d.D34A838582654E1DF19C42714744F776.e.8535/click - {}
RESULT: {}
COMMAND: GET /session/3fdfcd34cc1ad0984bb83731bfb105d6/screenshot - {}
RESULT: {}
COMMAND: DELETE /session/3fdfcd34cc1ad0984bb83731bfb105d6 - {}
RESULT: {}
]]></system-out>
    </testcase>
  </testsuite>
</testsuites>