<?xml version="1.0" encoding="UTF-8"?>
<testsuites tests="53" failures="0" errors="0" skipped="0">
  <testsuite timestamp="2025-05-28T17:18:44" time="270.728" tests="5" failures="0" errors="0" skipped="0">
    <properties>
      <property name="specId" value="0"/>
      <property name="suiteName" value="Tests for DXCW CAE environment, including specific login to the system US"/>
      <property name="capabilities" value="chrome.136_0_7103_93.windows"/>
      <property name="file" value="file:///D:/a/1/s/test/specs/BTS/dxcw-cae.spec.js"/>
    </properties>
    <testcase classname="chrome.136_0_7103_93.windows.Tests_for_DXCW_CAE_environment,_including_specific_login_to_the_system_US" name="Should login to the DXCW CAE env US156289" time="25.961">
      <system-out><![CDATA[
COMMAND: POST /session/5635ff3a58dcb7e64f288300af2e9ad3/url - {"url":"https://qa-testing-00-live-dxcw-portal.cfapps.eu10-004.hana.ondemand.com/"}
RESULT: {"url":"https://qa-testing-00-live-dxcw-portal.cfapps.eu10-004.hana.ondemand.com/"}
COMMAND: GET /session/5635ff3a58dcb7e64f288300af2e9ad3/screenshot - {}
RESULT: {}
COMMAND: POST /session/5635ff3a58dcb7e64f288300af2e9ad3/element - {"using":"xpath","value":"//input[@id = \"j_username\"]"}
RESULT: {"using":"xpath","value":"//input[@id = \"j_username\"]"}
COMMAND: POST /session/5635ff3a58dcb7e64f288300af2e9ad3/execute/sync - {"script":"<script> [8489 bytes]","args":[{"element-6066-11e4-a52e-4f735466cecf":"f.ED9453BD34BB61637EDB63CE7F048255.d.7BBE0344B866B0CC7ACB2D7FAABD3A06.e.36","ELEMENT":"f.ED9453BD34BB61637EDB63CE7F048255.d.7BBE0344B866B0CC7ACB2D7FAABD3A06.e.36"}]}
RESULT: {"script":"<script> [8489 bytes]","args":[{"element-6066-11e4-a52e-4f735466cecf":"f.ED9453BD34BB61637EDB63CE7F048255.d.7BBE0344B866B0CC7ACB2D7FAABD3A06.e.36","ELEMENT":"f.ED9453BD34BB61637EDB63CE7F048255.d.7BBE0344B866B0CC7ACB2D7FAABD3A06.e.36"}]}
COMMAND: POST /session/5635ff3a58dcb7e64f288300af2e9ad3/element - {"using":"xpath","value":"//input[@id = \"j_username\"]"}
COMMAND: GET /session/5635ff3a58dcb7e64f288300af2e9ad3/screenshot - {}
RESULT: {"using":"xpath","value":"//input[@id = \"j_username\"]"}
COMMAND: POST /session/5635ff3a58dcb7e64f288300af2e9ad3/element/f.ED9453BD34BB61637EDB63CE7F048255.d.7BBE0344B866B0CC7ACB2D7FAABD3A06.e.36/clear - {}
RESULT: {}
RESULT: {}
COMMAND: POST /session/5635ff3a58dcb7e64f288300af2e9ad3/element/f.ED9453BD34BB61637EDB63CE7F048255.d.7BBE0344B866B0CC7ACB2D7FAABD3A06.e.36/value - {"text":"test1etm@bearingpoint.com"}
COMMAND: GET /session/5635ff3a58dcb7e64f288300af2e9ad3/screenshot - {}
RESULT: {"text":"test1etm@bearingpoint.com"}
COMMAND: POST /session/5635ff3a58dcb7e64f288300af2e9ad3/element - {"using":"xpath","value":"//input[@id = \"j_password\"]"}
COMMAND: GET /session/5635ff3a58dcb7e64f288300af2e9ad3/screenshot - {}
RESULT: {}
RESULT: {"using":"xpath","value":"//input[@id = \"j_password\"]"}
COMMAND: POST /session/5635ff3a58dcb7e64f288300af2e9ad3/element/f.ED9453BD34BB61637EDB63CE7F048255.d.7BBE0344B866B0CC7ACB2D7FAABD3A06.e.38/clear - {}
RESULT: {}
RESULT: {}
COMMAND: POST /session/5635ff3a58dcb7e64f288300af2e9ad3/element/f.ED9453BD34BB61637EDB63CE7F048255.d.7BBE0344B866B0CC7ACB2D7FAABD3A06.e.38/value - {"text":"ETM.next2024"}
COMMAND: GET /session/5635ff3a58dcb7e64f288300af2e9ad3/screenshot - {}
RESULT: {"text":"ETM.next2024"}
COMMAND: GET /session/5635ff3a58dcb7e64f288300af2e9ad3/screenshot - {}
RESULT: {}
RESULT: {}
COMMAND: POST /session/5635ff3a58dcb7e64f288300af2e9ad3/element - {"using":"css selector","value":"button[type=\"submit\"]"}
RESULT: {"using":"css selector","value":"button[type=\"submit\"]"}
COMMAND: POST /session/5635ff3a58dcb7e64f288300af2e9ad3/element/f.ED9453BD34BB61637EDB63CE7F048255.d.7BBE0344B866B0CC7ACB2D7FAABD3A06.e.59/click - {}
RESULT: {}
COMMAND: POST /session/5635ff3a58dcb7e64f288300af2e9ad3/element - {"using":"xpath","value":"//a[contains(@aria-label,\"Migration Service\")]"}
COMMAND: GET /session/5635ff3a58dcb7e64f288300af2e9ad3/screenshot - {}
RESULT: {"using":"xpath","value":"//a[contains(@aria-label,\"Migration Service\")]"}
COMMAND: POST /session/5635ff3a58dcb7e64f288300af2e9ad3/execute/sync - {"script":"<script> [8489 bytes]","args":[{"element-6066-11e4-a52e-4f735466cecf":"f.ED9453BD34BB61637EDB63CE7F048255.d.97FEA703D430059034C412DE109BA06D.e.72","ELEMENT":"f.ED9453BD34BB61637EDB63CE7F048255.d.97FEA703D430059034C412DE109BA06D.e.72"}]}
RESULT: {}
RESULT: {"script":"<script> [8489 bytes]","args":[{"element-6066-11e4-a52e-4f735466cecf":"f.ED9453BD34BB61637EDB63CE7F048255.d.97FEA703D430059034C412DE109BA06D.e.72","ELEMENT":"f.ED9453BD34BB61637EDB63CE7F048255.d.97FEA703D430059034C412DE109BA06D.e.72"}]}
COMMAND: POST /session/5635ff3a58dcb7e64f288300af2e9ad3/execute/sync - {"script":"<script> [8489 bytes]","args":[{"element-6066-11e4-a52e-4f735466cecf":"f.ED9453BD34BB61637EDB63CE7F048255.d.97FEA703D430059034C412DE109BA06D.e.72","ELEMENT":"f.ED9453BD34BB61637EDB63CE7F048255.d.97FEA703D430059034C412DE109BA06D.e.72"}]}
COMMAND: GET /session/5635ff3a58dcb7e64f288300af2e9ad3/screenshot - {}
RESULT: {"script":"<script> [8489 bytes]","args":[{"element-6066-11e4-a52e-4f735466cecf":"f.ED9453BD34BB61637EDB63CE7F048255.d.97FEA703D430059034C412DE109BA06D.e.72","ELEMENT":"f.ED9453BD34BB61637EDB63CE7F048255.d.97FEA703D430059034C412DE109BA06D.e.72"}]}
COMMAND: POST /session/5635ff3a58dcb7e64f288300af2e9ad3/window/fullscreen - {}
COMMAND: GET /session/5635ff3a58dcb7e64f288300af2e9ad3/screenshot - {}
RESULT: {}
RESULT: {}
COMMAND: POST /session/5635ff3a58dcb7e64f288300af2e9ad3/execute/async - {"script":"<script> [189 bytes]","args":[]}
RESULT: {}
RESULT: {"script":"<script> [189 bytes]","args":[]}
COMMAND: POST /session/5635ff3a58dcb7e64f288300af2e9ad3/execute/async - {"script":"<script> [123 bytes]","args":[]}
RESULT: {"script":"<script> [123 bytes]","args":[]}
COMMAND: POST /session/5635ff3a58dcb7e64f288300af2e9ad3/timeouts - {"script":"<number>"}
RESULT: {"script":"<number>"}
COMMAND: GET /session/5635ff3a58dcb7e64f288300af2e9ad3/timeouts - {}
RESULT: {}
COMMAND: POST /session/5635ff3a58dcb7e64f288300af2e9ad3/execute/async - {"script":"<script> [78 bytes]","args":[]}
RESULT: {"script":"<script> [78 bytes]","args":[]}
RESULT: undefined
COMMAND: POST /session/5635ff3a58dcb7e64f288300af2e9ad3/execute/async - {"script":"<script> [2676 bytes]","args":[]}
RESULT: {"script":"<script> [2676 bytes]","args":[]}
COMMAND: POST /session/5635ff3a58dcb7e64f288300af2e9ad3/execute/async - {"script":"<script> [2342 bytes]","args":[{"protocol":"http","hostname":"0.0.0.0","path":"/","capabilities":{"browserName":"chrome","goog:chromeOptions":{"binary":"C:\\Program Files\\Google\\Chrome\\Application\\chrome.exe","args":["--start-maximized"]}},"logLevel":"warn","connectionRetryTimeout":120000,"connectionRetryCount":3,"logLevels":{},"enableDirectConnect":true,"strictSSL":true,"_":"65 more keys: [\"cacheDir\",\"port\",\"requestedCapabilities\",\"automationProtocol\",\"baseUrl\",\"waitforInterval\",\"waitforTimeout\",\"onReload\",\"beforeCommand\",\"afterCommand\",\"rootDir\",\"specs\",\"suites\",\"exclude\",\"groupLogsByTestSpec\",\"excludeDriverLogs\",\"bail\",\"framework\",\"reporters\",\"services\",\"maxInstances\",\"maxInstancesPerCapability\",\"injectGlobals\",\"filesToWatch\",\"execArgv\",\"runnerEnv\",\"runner\",\"shard\",\"specFileRetries\",\"specFileRetriesDelay\",\"specFileRetriesDeferred\",\"reporterSyncInterval\",\"reporterSyncTimeout\",\"cucumberFeaturesWithLineNumbers\",\"autoCompileOpts\",\"mochaOpts\",\"jasmineOpts\",\"cucumberOpts\",\"onPrepare\",\"onWorkerStart\",\"onWorkerEnd\",\"before\",\"beforeSession\",\"beforeSuite\",\"beforeHook\",\"beforeTest\",\"afterTest\",\"afterHook\",\"afterSuite\",\"afterSession\",\"after\",\"onComplete\",\"beforeAssertion\",\"afterAssertion\",\"beforeFeature\",\"beforeScenario\",\"beforeStep\",\"afterStep\",\"afterScenario\",\"afterFeature\",\"_\",\"suite\",\"$0\",\"ignoredWorkerServices\",\"wdi5\"]"}]}
RESULT: {"script":"<script> [2342 bytes]","args":[{"protocol":"http","hostname":"0.0.0.0","path":"/","capabilities":{"browserName":"chrome","goog:chromeOptions":{"binary":"C:\\Program Files\\Google\\Chrome\\Application\\chrome.exe","args":["--start-maximized"]}},"logLevel":"warn","connectionRetryTimeout":120000,"connectionRetryCount":3,"logLevels":{},"enableDirectConnect":true,"strictSSL":true,"_":"65 more keys: [\"cacheDir\",\"port\",\"requestedCapabilities\",\"automationProtocol\",\"baseUrl\",\"waitforInterval\",\"waitforTimeout\",\"onReload\",\"beforeCommand\",\"afterCommand\",\"rootDir\",\"specs\",\"suites\",\"exclude\",\"groupLogsByTestSpec\",\"excludeDriverLogs\",\"bail\",\"framework\",\"reporters\",\"services\",\"maxInstances\",\"maxInstancesPerCapability\",\"injectGlobals\",\"filesToWatch\",\"execArgv\",\"runnerEnv\",\"runner\",\"shard\",\"specFileRetries\",\"specFileRetriesDelay\",\"specFileRetriesDeferred\",\"reporterSyncInterval\",\"reporterSyncTimeout\",\"cucumberFeaturesWithLineNumbers\",\"autoCompileOpts\",\"mochaOpts\",\"jasmineOpts\",\"cucumberOpts\",\"onPrepare\",\"onWorkerStart\",\"onWorkerEnd\",\"before\",\"beforeSession\",\"beforeSuite\",\"beforeHook\",\"beforeTest\",\"afterTest\",\"afterHook\",\"afterSuite\",\"afterSession\",\"after\",\"onComplete\",\"beforeAssertion\",\"afterAssertion\",\"beforeFeature\",\"beforeScenario\",\"beforeStep\",\"afterStep\",\"afterScenario\",\"afterFeature\",\"_\",\"suite\",\"$0\",\"ignoredWorkerServices\",\"wdi5\"]"}]}
COMMAND: POST /session/5635ff3a58dcb7e64f288300af2e9ad3/execute/async - {"script":"<script> [21126 bytes]","args":[35000]}
RESULT: {"script":"<script> [21126 bytes]","args":[35000]}
]]></system-out>
    </testcase>
    <testcase classname="chrome.136_0_7103_93.windows.Tests_for_DXCW_CAE_environment,_including_specific_login_to_the_system_US" name="Should upload address file entry used for later tests as master data US156291" time="78.717">
      <system-out><![CDATA[
COMMAND: POST /session/5635ff3a58dcb7e64f288300af2e9ad3/execute/async - {"script":"<script> [1562 bytes]","args":[{"selector":{"controlType":"sap.m.GenericTile","properties":{"header":"Migration Service"}},"wdio_ui5_key":"sapm.GenericTile{\"header\":\"Migration Service\"}"}]}
RESULT: {"script":"<script> [1562 bytes]","args":[{"selector":{"controlType":"sap.m.GenericTile","properties":{"header":"Migration Service"}},"wdio_ui5_key":"sapm.GenericTile{\"header\":\"Migration Service\"}"}]}
RESULT: undefined
COMMAND: POST /session/5635ff3a58dcb7e64f288300af2e9ad3/element - {"using":"xpath","value":"//*[@id=\"__tile25\"]"}
RESULT: {"using":"xpath","value":"//*[@id=\"__tile25\"]"}
COMMAND: POST /session/5635ff3a58dcb7e64f288300af2e9ad3/element/f.ED9453BD34BB61637EDB63CE7F048255.d.97FEA703D430059034C412DE109BA06D.e.120/click - {}
RESULT: {}
COMMAND: GET /session/5635ff3a58dcb7e64f288300af2e9ad3/screenshot - {}
RESULT: {}
RESULT: undefined
RESULT: undefined
COMMAND: POST /session/5635ff3a58dcb7e64f288300af2e9ad3/elements - {"using":"xpath","value":"//span[text()='Error']"}
RESULT: {"using":"xpath","value":"//span[text()='Error']"}
COMMAND: POST /session/5635ff3a58dcb7e64f288300af2e9ad3/execute/async - {"script":"<script> [1562 bytes]","args":[{"selector":{"controlType":"sap.m.GenericTile","viewName":"bbs.dxcw.migration.view.Home","i18NText":{"propertyName":"header","key":"migrationService"}},"wdio_ui5_key":"bbsdxcw.migration.view.Homesap.m.GenericTile{\"propertyName\":\"header\",\"key\":\"migrationService\"}"}]}
RESULT: {"script":"<script> [1562 bytes]","args":[{"selector":{"controlType":"sap.m.GenericTile","viewName":"bbs.dxcw.migration.view.Home","i18NText":{"propertyName":"header","key":"migrationService"}},"wdio_ui5_key":"bbsdxcw.migration.view.Homesap.m.GenericTile{\"propertyName\":\"header\",\"key\":\"migrationService\"}"}]}
RESULT: undefined
COMMAND: POST /session/5635ff3a58dcb7e64f288300af2e9ad3/element - {"using":"xpath","value":"//*[@id=\"__tile26\"]"}
RESULT: {"using":"xpath","value":"//*[@id=\"__tile26\"]"}
COMMAND: POST /session/5635ff3a58dcb7e64f288300af2e9ad3/element/f.ED9453BD34BB61637EDB63CE7F048255.d.97FEA703D430059034C412DE109BA06D.e.125/click - {}
RESULT: {}
COMMAND: GET /session/5635ff3a58dcb7e64f288300af2e9ad3/screenshot - {}
RESULT: {}
COMMAND: POST /session/5635ff3a58dcb7e64f288300af2e9ad3/element - {"using":"xpath","value":"//bdi[contains(text(), \"Create new Draft\")]"}
RESULT: {"using":"xpath","value":"//bdi[contains(text(), \"Create new Draft\")]"}
COMMAND: POST /session/5635ff3a58dcb7e64f288300af2e9ad3/elements - {"using":"xpath","value":"//bdi[contains(text(), \"Create new Draft\")]"}
RESULT: {"using":"xpath","value":"//bdi[contains(text(), \"Create new Draft\")]"}
COMMAND: POST /session/5635ff3a58dcb7e64f288300af2e9ad3/execute/sync - {"script":"<script> [8489 bytes]","args":[{"element-6066-11e4-a52e-4f735466cecf":"f.ED9453BD34BB61637EDB63CE7F048255.d.97FEA703D430059034C412DE109BA06D.e.145","ELEMENT":"f.ED9453BD34BB61637EDB63CE7F048255.d.97FEA703D430059034C412DE109BA06D.e.145"}]}
RESULT: {"script":"<script> [8489 bytes]","args":[{"element-6066-11e4-a52e-4f735466cecf":"f.ED9453BD34BB61637EDB63CE7F048255.d.97FEA703D430059034C412DE109BA06D.e.145","ELEMENT":"f.ED9453BD34BB61637EDB63CE7F048255.d.97FEA703D430059034C412DE109BA06D.e.145"}]}
COMMAND: GET /session/5635ff3a58dcb7e64f288300af2e9ad3/element/f.ED9453BD34BB61637EDB63CE7F048255.d.97FEA703D430059034C412DE109BA06D.e.145/enabled - {}
COMMAND: GET /session/5635ff3a58dcb7e64f288300af2e9ad3/screenshot - {}
RESULT: {}
COMMAND: POST /session/5635ff3a58dcb7e64f288300af2e9ad3/execute/sync - {"script":"<script> [8489 bytes]","args":[{"element-6066-11e4-a52e-4f735466cecf":"f.ED9453BD34BB61637EDB63CE7F048255.d.97FEA703D430059034C412DE109BA06D.e.145","ELEMENT":"f.ED9453BD34BB61637EDB63CE7F048255.d.97FEA703D430059034C412DE109BA06D.e.145"}]}
COMMAND: GET /session/5635ff3a58dcb7e64f288300af2e9ad3/screenshot - {}
RESULT: {}
RESULT: {"script":"<script> [8489 bytes]","args":[{"element-6066-11e4-a52e-4f735466cecf":"f.ED9453BD34BB61637EDB63CE7F048255.d.97FEA703D430059034C412DE109BA06D.e.145","ELEMENT":"f.ED9453BD34BB61637EDB63CE7F048255.d.97FEA703D430059034C412DE109BA06D.e.145"}]}
COMMAND: POST /session/5635ff3a58dcb7e64f288300af2e9ad3/execute/sync - {"script":"<script> [5351 bytes]","args":[{"element-6066-11e4-a52e-4f735466cecf":"f.ED9453BD34BB61637EDB63CE7F048255.d.97FEA703D430059034C412DE109BA06D.e.145","ELEMENT":"f.ED9453BD34BB61637EDB63CE7F048255.d.97FEA703D430059034C412DE109BA06D.e.145"}]}
COMMAND: GET /session/5635ff3a58dcb7e64f288300af2e9ad3/screenshot - {}
RESULT: {}
RESULT: {"script":"<script> [5351 bytes]","args":[{"element-6066-11e4-a52e-4f735466cecf":"f.ED9453BD34BB61637EDB63CE7F048255.d.97FEA703D430059034C412DE109BA06D.e.145","ELEMENT":"f.ED9453BD34BB61637EDB63CE7F048255.d.97FEA703D430059034C412DE109BA06D.e.145"}]}
COMMAND: GET /session/5635ff3a58dcb7e64f288300af2e9ad3/screenshot - {}
RESULT: {}
RESULT: {}
COMMAND: POST /session/5635ff3a58dcb7e64f288300af2e9ad3/element - {"using":"xpath","value":"//bdi[contains(text(), \"Create new Draft\")]"}
RESULT: {"using":"xpath","value":"//bdi[contains(text(), \"Create new Draft\")]"}
COMMAND: POST /session/5635ff3a58dcb7e64f288300af2e9ad3/element/f.ED9453BD34BB61637EDB63CE7F048255.d.97FEA703D430059034C412DE109BA06D.e.145/click - {}
RESULT: {}
COMMAND: GET /session/5635ff3a58dcb7e64f288300af2e9ad3/screenshot - {}
RESULT: {}
COMMAND: POST /session/5635ff3a58dcb7e64f288300af2e9ad3/element - {"using":"xpath","value":"//li[.//div[text()=\"Address\"]]"}
RESULT: {"using":"xpath","value":"//li[.//div[text()=\"Address\"]]"}
COMMAND: POST /session/5635ff3a58dcb7e64f288300af2e9ad3/element/f.ED9453BD34BB61637EDB63CE7F048255.d.97FEA703D430059034C412DE109BA06D.e.291/click - {}
RESULT: {}
COMMAND: GET /session/5635ff3a58dcb7e64f288300af2e9ad3/screenshot - {}
COMMAND: POST /session/5635ff3a58dcb7e64f288300af2e9ad3/file - {"file":"[base64] 7080 bytes"}
RESULT: {}
RESULT: {"file":"[base64] 7080 bytes"}
COMMAND: POST /session/5635ff3a58dcb7e64f288300af2e9ad3/element - {"using":"xpath","value":"//input[(@type=\"file\") and contains(@id,\"BOList-10-0-1-uploader-fu\")]"}
RESULT: {"using":"xpath","value":"//input[(@type=\"file\") and contains(@id,\"BOList-10-0-1-uploader-fu\")]"}
COMMAND: POST /session/5635ff3a58dcb7e64f288300af2e9ad3/element/f.ED9453BD34BB61637EDB63CE7F048255.d.97FEA703D430059034C412DE109BA06D.e.293/clear - {}
RESULT: {}
COMMAND: POST /session/5635ff3a58dcb7e64f288300af2e9ad3/element/f.ED9453BD34BB61637EDB63CE7F048255.d.97FEA703D430059034C412DE109BA06D.e.293/value - {"text":"C:\\Windows\\SystemTemp\\scoped_dir4916_829365876\\upload4916_2143128097\\Address.xlsx"}
COMMAND: GET /session/5635ff3a58dcb7e64f288300af2e9ad3/screenshot - {}
RESULT: {"text":"C:\\Windows\\SystemTemp\\scoped_dir4916_829365876\\upload4916_2143128097\\Address.xlsx"}
COMMAND: GET /session/5635ff3a58dcb7e64f288300af2e9ad3/screenshot - {}
RESULT: {}
RESULT: {}
COMMAND: POST /session/5635ff3a58dcb7e64f288300af2e9ad3/element - {"using":"xpath","value":"//bdi[contains(text(), \"Match by name\")]"}
RESULT: {"using":"xpath","value":"//bdi[contains(text(), \"Match by name\")]"}
COMMAND: POST /session/5635ff3a58dcb7e64f288300af2e9ad3/element/f.ED9453BD34BB61637EDB63CE7F048255.d.97FEA703D430059034C412DE109BA06D.e.307/click - {}
RESULT: {}
COMMAND: GET /session/5635ff3a58dcb7e64f288300af2e9ad3/screenshot - {}
RESULT: {}
COMMAND: POST /session/5635ff3a58dcb7e64f288300af2e9ad3/element - {"using":"xpath","value":"//bdi[text() = \"OK\"]"}
RESULT: {"using":"xpath","value":"//bdi[text() = \"OK\"]"}
COMMAND: POST /session/5635ff3a58dcb7e64f288300af2e9ad3/element/f.ED9453BD34BB61637EDB63CE7F048255.d.97FEA703D430059034C412DE109BA06D.e.308/click - {}
RESULT: {}
COMMAND: GET /session/5635ff3a58dcb7e64f288300af2e9ad3/screenshot - {}
RESULT: {}
COMMAND: POST /session/5635ff3a58dcb7e64f288300af2e9ad3/element - {"using":"xpath","value":"//button[contains(@id,\"uploadBtn\")]"}
RESULT: {"using":"xpath","value":"//button[contains(@id,\"uploadBtn\")]"}
COMMAND: POST /session/5635ff3a58dcb7e64f288300af2e9ad3/element/f.ED9453BD34BB61637EDB63CE7F048255.d.97FEA703D430059034C412DE109BA06D.e.189/click - {}
RESULT: {}
COMMAND: GET /session/5635ff3a58dcb7e64f288300af2e9ad3/screenshot - {}
RESULT: {}
COMMAND: POST /session/5635ff3a58dcb7e64f288300af2e9ad3/element - {"using":"xpath","value":"//button[.//bdi[contains(text(),\"Refresh Logs\")]]"}
RESULT: {"using":"xpath","value":"//button[.//bdi[contains(text(),\"Refresh Logs\")]]"}
COMMAND: POST /session/5635ff3a58dcb7e64f288300af2e9ad3/element/f.ED9453BD34BB61637EDB63CE7F048255.d.97FEA703D430059034C412DE109BA06D.e.317/click - {}
RESULT: {}
COMMAND: GET /session/5635ff3a58dcb7e64f288300af2e9ad3/screenshot - {}
RESULT: {}
COMMAND: POST /session/5635ff3a58dcb7e64f288300af2e9ad3/element - {"using":"xpath","value":"//table[contains(@id,\"customHandoversTable-listUl\")]/tbody/tr[1]/td[4]/span"}
RESULT: {"using":"xpath","value":"//table[contains(@id,\"customHandoversTable-listUl\")]/tbody/tr[1]/td[4]/span"}
COMMAND: POST /session/5635ff3a58dcb7e64f288300af2e9ad3/execute/sync - {"script":"<script> [56 bytes]","args":[{"element-6066-11e4-a52e-4f735466cecf":"f.ED9453BD34BB61637EDB63CE7F048255.d.97FEA703D430059034C412DE109BA06D.e.605","ELEMENT":"f.ED9453BD34BB61637EDB63CE7F048255.d.97FEA703D430059034C412DE109BA06D.e.605"}]}
RESULT: {"script":"<script> [56 bytes]","args":[{"element-6066-11e4-a52e-4f735466cecf":"f.ED9453BD34BB61637EDB63CE7F048255.d.97FEA703D430059034C412DE109BA06D.e.605","ELEMENT":"f.ED9453BD34BB61637EDB63CE7F048255.d.97FEA703D430059034C412DE109BA06D.e.605"}]}
COMMAND: POST /session/5635ff3a58dcb7e64f288300af2e9ad3/element - {"using":"xpath","value":"//table[contains(@id,\"customHandoversTable-listUl\")]/tbody/tr[1]/td[7]/div/span[2]"}
COMMAND: GET /session/5635ff3a58dcb7e64f288300af2e9ad3/screenshot - {}
RESULT: {"using":"xpath","value":"//table[contains(@id,\"customHandoversTable-listUl\")]/tbody/tr[1]/td[7]/div/span[2]"}
COMMAND: POST /session/5635ff3a58dcb7e64f288300af2e9ad3/execute/sync - {"script":"<script> [56 bytes]","args":[{"element-6066-11e4-a52e-4f735466cecf":"f.ED9453BD34BB61637EDB63CE7F048255.d.97FEA703D430059034C412DE109BA06D.e.606","ELEMENT":"f.ED9453BD34BB61637EDB63CE7F048255.d.97FEA703D430059034C412DE109BA06D.e.606"}]}
RESULT: {}
RESULT: {"script":"<script> [56 bytes]","args":[{"element-6066-11e4-a52e-4f735466cecf":"f.ED9453BD34BB61637EDB63CE7F048255.d.97FEA703D430059034C412DE109BA06D.e.606","ELEMENT":"f.ED9453BD34BB61637EDB63CE7F048255.d.97FEA703D430059034C412DE109BA06D.e.606"}]}
COMMAND: POST /session/5635ff3a58dcb7e64f288300af2e9ad3/element - {"using":"xpath","value":"//table[contains(@id,\"customHandoversTable-listUl\")]/tbody/tr[1]/td[8]/div/span[2]"}
COMMAND: GET /session/5635ff3a58dcb7e64f288300af2e9ad3/screenshot - {}
RESULT: {"using":"xpath","value":"//table[contains(@id,\"customHandoversTable-listUl\")]/tbody/tr[1]/td[8]/div/span[2]"}
COMMAND: POST /session/5635ff3a58dcb7e64f288300af2e9ad3/execute/sync - {"script":"<script> [56 bytes]","args":[{"element-6066-11e4-a52e-4f735466cecf":"f.ED9453BD34BB61637EDB63CE7F048255.d.97FEA703D430059034C412DE109BA06D.e.609","ELEMENT":"f.ED9453BD34BB61637EDB63CE7F048255.d.97FEA703D430059034C412DE109BA06D.e.609"}]}
RESULT: {}
RESULT: {"script":"<script> [56 bytes]","args":[{"element-6066-11e4-a52e-4f735466cecf":"f.ED9453BD34BB61637EDB63CE7F048255.d.97FEA703D430059034C412DE109BA06D.e.609","ELEMENT":"f.ED9453BD34BB61637EDB63CE7F048255.d.97FEA703D430059034C412DE109BA06D.e.609"}]}
COMMAND: GET /session/5635ff3a58dcb7e64f288300af2e9ad3/screenshot - {}
RESULT: {}
COMMAND: POST /session/5635ff3a58dcb7e64f288300af2e9ad3/execute/async - {"script":"<script> [1562 bytes]","args":[{"selector":{"controlType":"sap.ui.core.Icon","viewName":"bbs.dxcw.migration.view.migration.MigrationMaster","properties":{"src":{"regex":{"source":"notes"}}}},"wdio_ui5_key":"bbsdxcw.migration.view.migration.MigrationMastersap.ui.core.Icon{\"src\":{\"regex\":{\"source\":\"notes\"}}}"}]}
RESULT: {"script":"<script> [1562 bytes]","args":[{"selector":{"controlType":"sap.ui.core.Icon","viewName":"bbs.dxcw.migration.view.migration.MigrationMaster","properties":{"src":{"regex":{"source":"notes"}}}},"wdio_ui5_key":"bbsdxcw.migration.view.migration.MigrationMastersap.ui.core.Icon{\"src\":{\"regex\":{\"source\":\"notes\"}}}"}]}
RESULT: undefined
COMMAND: POST /session/5635ff3a58dcb7e64f288300af2e9ad3/element - {"using":"xpath","value":"//*[@id=\"__filter0-icon\"]"}
RESULT: {"using":"xpath","value":"//*[@id=\"__filter0-icon\"]"}
COMMAND: POST /session/5635ff3a58dcb7e64f288300af2e9ad3/element/f.ED9453BD34BB61637EDB63CE7F048255.d.97FEA703D430059034C412DE109BA06D.e.610/click - {}
RESULT: {}
COMMAND: GET /session/5635ff3a58dcb7e64f288300af2e9ad3/screenshot - {}
RESULT: {}
]]></system-out>
    </testcase>
    <testcase classname="chrome.136_0_7103_93.windows.Tests_for_DXCW_CAE_environment,_including_specific_login_to_the_system_US" name="Should upload yard file entry used for later tests as master data US156291" time="48.24">
      <system-out><![CDATA[
COMMAND: POST /session/5635ff3a58dcb7e64f288300af2e9ad3/element - {"using":"xpath","value":"//bdi[contains(text(), \"Create new Draft\")]"}
RESULT: {"using":"xpath","value":"//bdi[contains(text(), \"Create new Draft\")]"}
COMMAND: POST /session/5635ff3a58dcb7e64f288300af2e9ad3/element/f.ED9453BD34BB61637EDB63CE7F048255.d.97FEA703D430059034C412DE109BA06D.e.614/click - {}
RESULT: {}
COMMAND: GET /session/5635ff3a58dcb7e64f288300af2e9ad3/screenshot - {}
RESULT: {}
COMMAND: POST /session/5635ff3a58dcb7e64f288300af2e9ad3/element - {"using":"xpath","value":"//li[.//div[text()=\"Yards\"]]"}
RESULT: {"using":"xpath","value":"//li[.//div[text()=\"Yards\"]]"}
COMMAND: POST /session/5635ff3a58dcb7e64f288300af2e9ad3/element/f.ED9453BD34BB61637EDB63CE7F048255.d.97FEA703D430059034C412DE109BA06D.e.747/click - {}
RESULT: {}
COMMAND: GET /session/5635ff3a58dcb7e64f288300af2e9ad3/screenshot - {}
COMMAND: POST /session/5635ff3a58dcb7e64f288300af2e9ad3/file - {"file":"[base64] 6816 bytes"}
RESULT: {}
RESULT: {"file":"[base64] 6816 bytes"}
COMMAND: POST /session/5635ff3a58dcb7e64f288300af2e9ad3/element - {"using":"xpath","value":"//input[(@type=\"file\") and contains(@id,\"BOList-15-0-1-uploader-fu\")]"}
RESULT: {"using":"xpath","value":"//input[(@type=\"file\") and contains(@id,\"BOList-15-0-1-uploader-fu\")]"}
COMMAND: POST /session/5635ff3a58dcb7e64f288300af2e9ad3/element/f.ED9453BD34BB61637EDB63CE7F048255.d.97FEA703D430059034C412DE109BA06D.e.750/clear - {}
RESULT: {}
COMMAND: POST /session/5635ff3a58dcb7e64f288300af2e9ad3/element/f.ED9453BD34BB61637EDB63CE7F048255.d.97FEA703D430059034C412DE109BA06D.e.750/value - {"text":"C:\\Windows\\SystemTemp\\scoped_dir4916_829365876\\upload4916_957744999\\Yards.xlsx"}
COMMAND: GET /session/5635ff3a58dcb7e64f288300af2e9ad3/screenshot - {}
RESULT: {"text":"C:\\Windows\\SystemTemp\\scoped_dir4916_829365876\\upload4916_957744999\\Yards.xlsx"}
COMMAND: GET /session/5635ff3a58dcb7e64f288300af2e9ad3/screenshot - {}
RESULT: {}
RESULT: {}
COMMAND: POST /session/5635ff3a58dcb7e64f288300af2e9ad3/element - {"using":"xpath","value":"//bdi[contains(text(), \"Match by name\")]"}
RESULT: {"using":"xpath","value":"//bdi[contains(text(), \"Match by name\")]"}
COMMAND: POST /session/5635ff3a58dcb7e64f288300af2e9ad3/element/f.ED9453BD34BB61637EDB63CE7F048255.d.97FEA703D430059034C412DE109BA06D.e.758/click - {}
RESULT: {}
COMMAND: GET /session/5635ff3a58dcb7e64f288300af2e9ad3/screenshot - {}
RESULT: {}
COMMAND: POST /session/5635ff3a58dcb7e64f288300af2e9ad3/element - {"using":"xpath","value":"//bdi[text() = \"OK\"]"}
RESULT: {"using":"xpath","value":"//bdi[text() = \"OK\"]"}
COMMAND: POST /session/5635ff3a58dcb7e64f288300af2e9ad3/element/f.ED9453BD34BB61637EDB63CE7F048255.d.97FEA703D430059034C412DE109BA06D.e.759/click - {}
RESULT: {}
COMMAND: GET /session/5635ff3a58dcb7e64f288300af2e9ad3/screenshot - {}
RESULT: {}
COMMAND: POST /session/5635ff3a58dcb7e64f288300af2e9ad3/element - {"using":"xpath","value":"//button[contains(@id,\"uploadBtn\")]"}
RESULT: {"using":"xpath","value":"//button[contains(@id,\"uploadBtn\")]"}
COMMAND: POST /session/5635ff3a58dcb7e64f288300af2e9ad3/element/f.ED9453BD34BB61637EDB63CE7F048255.d.97FEA703D430059034C412DE109BA06D.e.189/click - {}
RESULT: {}
COMMAND: GET /session/5635ff3a58dcb7e64f288300af2e9ad3/screenshot - {}
RESULT: {}
COMMAND: POST /session/5635ff3a58dcb7e64f288300af2e9ad3/element - {"using":"xpath","value":"//button[.//bdi[contains(text(),\"Refresh Logs\")]]"}
RESULT: {"using":"xpath","value":"//button[.//bdi[contains(text(),\"Refresh Logs\")]]"}
COMMAND: POST /session/5635ff3a58dcb7e64f288300af2e9ad3/element/f.ED9453BD34BB61637EDB63CE7F048255.d.97FEA703D430059034C412DE109BA06D.e.766/click - {}
RESULT: {}
COMMAND: GET /session/5635ff3a58dcb7e64f288300af2e9ad3/screenshot - {}
RESULT: {}
COMMAND: POST /session/5635ff3a58dcb7e64f288300af2e9ad3/element - {"using":"xpath","value":"//table[contains(@id,\"customHandoversTable-listUl\")]/tbody/tr[1]/td[4]/span"}
RESULT: {"using":"xpath","value":"//table[contains(@id,\"customHandoversTable-listUl\")]/tbody/tr[1]/td[4]/span"}
COMMAND: POST /session/5635ff3a58dcb7e64f288300af2e9ad3/execute/sync - {"script":"<script> [56 bytes]","args":[{"element-6066-11e4-a52e-4f735466cecf":"f.ED9453BD34BB61637EDB63CE7F048255.d.97FEA703D430059034C412DE109BA06D.e.1057","ELEMENT":"f.ED9453BD34BB61637EDB63CE7F048255.d.97FEA703D430059034C412DE109BA06D.e.1057"}]}
RESULT: {"script":"<script> [56 bytes]","args":[{"element-6066-11e4-a52e-4f735466cecf":"f.ED9453BD34BB61637EDB63CE7F048255.d.97FEA703D430059034C412DE109BA06D.e.1057","ELEMENT":"f.ED9453BD34BB61637EDB63CE7F048255.d.97FEA703D430059034C412DE109BA06D.e.1057"}]}
COMMAND: POST /session/5635ff3a58dcb7e64f288300af2e9ad3/element - {"using":"xpath","value":"//table[contains(@id,\"customHandoversTable-listUl\")]/tbody/tr[1]/td[7]/div/span[2]"}
COMMAND: GET /session/5635ff3a58dcb7e64f288300af2e9ad3/screenshot - {}
RESULT: {"using":"xpath","value":"//table[contains(@id,\"customHandoversTable-listUl\")]/tbody/tr[1]/td[7]/div/span[2]"}
COMMAND: POST /session/5635ff3a58dcb7e64f288300af2e9ad3/execute/sync - {"script":"<script> [56 bytes]","args":[{"element-6066-11e4-a52e-4f735466cecf":"f.ED9453BD34BB61637EDB63CE7F048255.d.97FEA703D430059034C412DE109BA06D.e.1058","ELEMENT":"f.ED9453BD34BB61637EDB63CE7F048255.d.97FEA703D430059034C412DE109BA06D.e.1058"}]}
RESULT: {}
RESULT: {"script":"<script> [56 bytes]","args":[{"element-6066-11e4-a52e-4f735466cecf":"f.ED9453BD34BB61637EDB63CE7F048255.d.97FEA703D430059034C412DE109BA06D.e.1058","ELEMENT":"f.ED9453BD34BB61637EDB63CE7F048255.d.97FEA703D430059034C412DE109BA06D.e.1058"}]}
COMMAND: POST /session/5635ff3a58dcb7e64f288300af2e9ad3/element - {"using":"xpath","value":"//table[contains(@id,\"customHandoversTable-listUl\")]/tbody/tr[1]/td[8]/div/span[2]"}
COMMAND: GET /session/5635ff3a58dcb7e64f288300af2e9ad3/screenshot - {}
RESULT: {"using":"xpath","value":"//table[contains(@id,\"customHandoversTable-listUl\")]/tbody/tr[1]/td[8]/div/span[2]"}
COMMAND: POST /session/5635ff3a58dcb7e64f288300af2e9ad3/execute/sync - {"script":"<script> [56 bytes]","args":[{"element-6066-11e4-a52e-4f735466cecf":"f.ED9453BD34BB61637EDB63CE7F048255.d.97FEA703D430059034C412DE109BA06D.e.1061","ELEMENT":"f.ED9453BD34BB61637EDB63CE7F048255.d.97FEA703D430059034C412DE109BA06D.e.1061"}]}
RESULT: {}
RESULT: {"script":"<script> [56 bytes]","args":[{"element-6066-11e4-a52e-4f735466cecf":"f.ED9453BD34BB61637EDB63CE7F048255.d.97FEA703D430059034C412DE109BA06D.e.1061","ELEMENT":"f.ED9453BD34BB61637EDB63CE7F048255.d.97FEA703D430059034C412DE109BA06D.e.1061"}]}
COMMAND: GET /session/5635ff3a58dcb7e64f288300af2e9ad3/screenshot - {}
RESULT: {}
RESULT: undefined
COMMAND: POST /session/5635ff3a58dcb7e64f288300af2e9ad3/element - {"using":"xpath","value":"//*[@id=\"__filter0-icon\"]"}
RESULT: {"using":"xpath","value":"//*[@id=\"__filter0-icon\"]"}
COMMAND: POST /session/5635ff3a58dcb7e64f288300af2e9ad3/element/f.ED9453BD34BB61637EDB63CE7F048255.d.97FEA703D430059034C412DE109BA06D.e.610/click - {}
RESULT: {}
COMMAND: GET /session/5635ff3a58dcb7e64f288300af2e9ad3/screenshot - {}
RESULT: {}
]]></system-out>
    </testcase>
    <testcase classname="chrome.136_0_7103_93.windows.Tests_for_DXCW_CAE_environment,_including_specific_login_to_the_system_US" name="Should upload compound partner files entry used for later tests as master data US156291" time="64.026">
      <system-out><![CDATA[
COMMAND: POST /session/5635ff3a58dcb7e64f288300af2e9ad3/element - {"using":"xpath","value":"//bdi[contains(text(), \"Create new Draft\")]"}
RESULT: {"using":"xpath","value":"//bdi[contains(text(), \"Create new Draft\")]"}
COMMAND: POST /session/5635ff3a58dcb7e64f288300af2e9ad3/element/f.ED9453BD34BB61637EDB63CE7F048255.d.97FEA703D430059034C412DE109BA06D.e.1065/click - {}
RESULT: {}
COMMAND: GET /session/5635ff3a58dcb7e64f288300af2e9ad3/screenshot - {}
RESULT: {}
COMMAND: POST /session/5635ff3a58dcb7e64f288300af2e9ad3/element - {"using":"xpath","value":"//li[.//div[text()=\"Partners\"]]"}
RESULT: {"using":"xpath","value":"//li[.//div[text()=\"Partners\"]]"}
COMMAND: POST /session/5635ff3a58dcb7e64f288300af2e9ad3/element/f.ED9453BD34BB61637EDB63CE7F048255.d.97FEA703D430059034C412DE109BA06D.e.638/click - {}
RESULT: {}
COMMAND: GET /session/5635ff3a58dcb7e64f288300af2e9ad3/screenshot - {}
COMMAND: POST /session/5635ff3a58dcb7e64f288300af2e9ad3/file - {"file":"[base64] 6748 bytes"}
RESULT: {}
RESULT: {"file":"[base64] 6748 bytes"}
COMMAND: POST /session/5635ff3a58dcb7e64f288300af2e9ad3/element - {"using":"xpath","value":"//input[(@type=\"file\") and contains(@id,\"BOList-4-0-1-uploader-fu\")]"}
RESULT: {"using":"xpath","value":"//input[(@type=\"file\") and contains(@id,\"BOList-4-0-1-uploader-fu\")]"}
COMMAND: POST /session/5635ff3a58dcb7e64f288300af2e9ad3/element/f.ED9453BD34BB61637EDB63CE7F048255.d.97FEA703D430059034C412DE109BA06D.e.1187/clear - {}
RESULT: {}
COMMAND: POST /session/5635ff3a58dcb7e64f288300af2e9ad3/element/f.ED9453BD34BB61637EDB63CE7F048255.d.97FEA703D430059034C412DE109BA06D.e.1187/value - {"text":"C:\\Windows\\SystemTemp\\scoped_dir4916_829365876\\upload4916_1438241461\\Partners.xlsx"}
COMMAND: GET /session/5635ff3a58dcb7e64f288300af2e9ad3/screenshot - {}
RESULT: {"text":"C:\\Windows\\SystemTemp\\scoped_dir4916_829365876\\upload4916_1438241461\\Partners.xlsx"}
COMMAND: GET /session/5635ff3a58dcb7e64f288300af2e9ad3/screenshot - {}
RESULT: {}
RESULT: {}
COMMAND: POST /session/5635ff3a58dcb7e64f288300af2e9ad3/element - {"using":"xpath","value":"//bdi[contains(text(), \"Match by name\")]"}
RESULT: {"using":"xpath","value":"//bdi[contains(text(), \"Match by name\")]"}
COMMAND: POST /session/5635ff3a58dcb7e64f288300af2e9ad3/element/f.ED9453BD34BB61637EDB63CE7F048255.d.97FEA703D430059034C412DE109BA06D.e.1197/click - {}
RESULT: {}
COMMAND: GET /session/5635ff3a58dcb7e64f288300af2e9ad3/screenshot - {}
RESULT: {}
COMMAND: POST /session/5635ff3a58dcb7e64f288300af2e9ad3/element - {"using":"xpath","value":"//bdi[text() = \"OK\"]"}
RESULT: {"using":"xpath","value":"//bdi[text() = \"OK\"]"}
COMMAND: POST /session/5635ff3a58dcb7e64f288300af2e9ad3/element/f.ED9453BD34BB61637EDB63CE7F048255.d.97FEA703D430059034C412DE109BA06D.e.1198/click - {}
RESULT: {}
COMMAND: GET /session/5635ff3a58dcb7e64f288300af2e9ad3/screenshot - {}
RESULT: {}
COMMAND: POST /session/5635ff3a58dcb7e64f288300af2e9ad3/file - {"file":"[base64] 6424 bytes"}
RESULT: {"file":"[base64] 6424 bytes"}
COMMAND: POST /session/5635ff3a58dcb7e64f288300af2e9ad3/element - {"using":"xpath","value":"//input[(@type=\"file\") and contains(@id,\"BOList-4-1-1-uploader-fu\")]"}
RESULT: {"using":"xpath","value":"//input[(@type=\"file\") and contains(@id,\"BOList-4-1-1-uploader-fu\")]"}
COMMAND: POST /session/5635ff3a58dcb7e64f288300af2e9ad3/element/f.ED9453BD34BB61637EDB63CE7F048255.d.97FEA703D430059034C412DE109BA06D.e.1201/clear - {}
RESULT: {}
COMMAND: POST /session/5635ff3a58dcb7e64f288300af2e9ad3/element/f.ED9453BD34BB61637EDB63CE7F048255.d.97FEA703D430059034C412DE109BA06D.e.1201/value - {"text":"C:\\Windows\\SystemTemp\\scoped_dir4916_829365876\\upload4916_124834987\\YardsPartners.xlsx"}
COMMAND: GET /session/5635ff3a58dcb7e64f288300af2e9ad3/screenshot - {}
RESULT: {"text":"C:\\Windows\\SystemTemp\\scoped_dir4916_829365876\\upload4916_124834987\\YardsPartners.xlsx"}
COMMAND: GET /session/5635ff3a58dcb7e64f288300af2e9ad3/screenshot - {}
RESULT: {}
RESULT: {}
COMMAND: POST /session/5635ff3a58dcb7e64f288300af2e9ad3/element - {"using":"xpath","value":"//bdi[contains(text(), \"Match by name\")]"}
RESULT: {"using":"xpath","value":"//bdi[contains(text(), \"Match by name\")]"}
COMMAND: POST /session/5635ff3a58dcb7e64f288300af2e9ad3/element/f.ED9453BD34BB61637EDB63CE7F048255.d.97FEA703D430059034C412DE109BA06D.e.1209/click - {}
RESULT: {}
COMMAND: GET /session/5635ff3a58dcb7e64f288300af2e9ad3/screenshot - {}
RESULT: {}
COMMAND: POST /session/5635ff3a58dcb7e64f288300af2e9ad3/element - {"using":"xpath","value":"//bdi[text() = \"OK\"]"}
RESULT: {"using":"xpath","value":"//bdi[text() = \"OK\"]"}
COMMAND: POST /session/5635ff3a58dcb7e64f288300af2e9ad3/element/f.ED9453BD34BB61637EDB63CE7F048255.d.97FEA703D430059034C412DE109BA06D.e.1210/click - {}
RESULT: {}
COMMAND: GET /session/5635ff3a58dcb7e64f288300af2e9ad3/screenshot - {}
RESULT: {}
COMMAND: POST /session/5635ff3a58dcb7e64f288300af2e9ad3/execute/async - {"script":"<script> [1562 bytes]","args":[{"selector":{"controlType":"sap.m.Switch","viewName":"bbs.dxcw.migration.view.migration.MigrationNewDraft","bindingPath":{"path":"","propertyPath":"/isComposition","modelName":"ContentModel"},"interaction":{"idSuffix":"textoff"}},"wdio_ui5_key":"bbsdxcw.migration.view.migration.MigrationNewDraftsap.m.Switch{\"path\":\"\",\"propertyPath\":\"/isComposition\",\"modelName\":\"ContentModel\"}"}]}
RESULT: {"script":"<script> [1562 bytes]","args":[{"selector":{"controlType":"sap.m.Switch","viewName":"bbs.dxcw.migration.view.migration.MigrationNewDraft","bindingPath":{"path":"","propertyPath":"/isComposition","modelName":"ContentModel"},"interaction":{"idSuffix":"textoff"}},"wdio_ui5_key":"bbsdxcw.migration.view.migration.MigrationNewDraftsap.m.Switch{\"path\":\"\",\"propertyPath\":\"/isComposition\",\"modelName\":\"ContentModel\"}"}]}
RESULT: undefined
COMMAND: POST /session/5635ff3a58dcb7e64f288300af2e9ad3/element - {"using":"xpath","value":"//*[@id=\"__switch0\"]"}
RESULT: {"using":"xpath","value":"//*[@id=\"__switch0\"]"}
COMMAND: POST /session/5635ff3a58dcb7e64f288300af2e9ad3/element/f.ED9453BD34BB61637EDB63CE7F048255.d.97FEA703D430059034C412DE109BA06D.e.181/click - {}
RESULT: {}
COMMAND: POST /session/5635ff3a58dcb7e64f288300af2e9ad3/element - {"using":"xpath","value":"//button[contains(@id,\"uploadBtn\")]"}
COMMAND: GET /session/5635ff3a58dcb7e64f288300af2e9ad3/screenshot - {}
RESULT: {"using":"xpath","value":"//button[contains(@id,\"uploadBtn\")]"}
COMMAND: POST /session/5635ff3a58dcb7e64f288300af2e9ad3/element/f.ED9453BD34BB61637EDB63CE7F048255.d.97FEA703D430059034C412DE109BA06D.e.189/click - {}
RESULT: {}
RESULT: {}
COMMAND: GET /session/5635ff3a58dcb7e64f288300af2e9ad3/screenshot - {}
RESULT: {}
COMMAND: POST /session/5635ff3a58dcb7e64f288300af2e9ad3/element - {"using":"xpath","value":"//button[.//bdi[contains(text(),\"Refresh Logs\")]]"}
RESULT: {"using":"xpath","value":"//button[.//bdi[contains(text(),\"Refresh Logs\")]]"}
COMMAND: POST /session/5635ff3a58dcb7e64f288300af2e9ad3/element/f.ED9453BD34BB61637EDB63CE7F048255.d.97FEA703D430059034C412DE109BA06D.e.1222/click - {}
RESULT: {}
COMMAND: GET /session/5635ff3a58dcb7e64f288300af2e9ad3/screenshot - {}
RESULT: {}
COMMAND: POST /session/5635ff3a58dcb7e64f288300af2e9ad3/element - {"using":"xpath","value":"//table[contains(@id,\"customHandoversTable-listUl\")]/tbody/tr[1]/td[4]/span"}
RESULT: {"using":"xpath","value":"//table[contains(@id,\"customHandoversTable-listUl\")]/tbody/tr[1]/td[4]/span"}
COMMAND: POST /session/5635ff3a58dcb7e64f288300af2e9ad3/execute/sync - {"script":"<script> [56 bytes]","args":[{"element-6066-11e4-a52e-4f735466cecf":"f.ED9453BD34BB61637EDB63CE7F048255.d.97FEA703D430059034C412DE109BA06D.e.1513","ELEMENT":"f.ED9453BD34BB61637EDB63CE7F048255.d.97FEA703D430059034C412DE109BA06D.e.1513"}]}
RESULT: {"script":"<script> [56 bytes]","args":[{"element-6066-11e4-a52e-4f735466cecf":"f.ED9453BD34BB61637EDB63CE7F048255.d.97FEA703D430059034C412DE109BA06D.e.1513","ELEMENT":"f.ED9453BD34BB61637EDB63CE7F048255.d.97FEA703D430059034C412DE109BA06D.e.1513"}]}
COMMAND: POST /session/5635ff3a58dcb7e64f288300af2e9ad3/element - {"using":"xpath","value":"//table[contains(@id,\"customHandoversTable-listUl\")]/tbody/tr[1]/td[7]/div/span[2]"}
COMMAND: GET /session/5635ff3a58dcb7e64f288300af2e9ad3/screenshot - {}
RESULT: {"using":"xpath","value":"//table[contains(@id,\"customHandoversTable-listUl\")]/tbody/tr[1]/td[7]/div/span[2]"}
COMMAND: POST /session/5635ff3a58dcb7e64f288300af2e9ad3/execute/sync - {"script":"<script> [56 bytes]","args":[{"element-6066-11e4-a52e-4f735466cecf":"f.ED9453BD34BB61637EDB63CE7F048255.d.97FEA703D430059034C412DE109BA06D.e.1514","ELEMENT":"f.ED9453BD34BB61637EDB63CE7F048255.d.97FEA703D430059034C412DE109BA06D.e.1514"}]}
RESULT: {}
RESULT: {"script":"<script> [56 bytes]","args":[{"element-6066-11e4-a52e-4f735466cecf":"f.ED9453BD34BB61637EDB63CE7F048255.d.97FEA703D430059034C412DE109BA06D.e.1514","ELEMENT":"f.ED9453BD34BB61637EDB63CE7F048255.d.97FEA703D430059034C412DE109BA06D.e.1514"}]}
COMMAND: POST /session/5635ff3a58dcb7e64f288300af2e9ad3/element - {"using":"xpath","value":"//table[contains(@id,\"customHandoversTable-listUl\")]/tbody/tr[1]/td[8]/div/span[2]"}
COMMAND: GET /session/5635ff3a58dcb7e64f288300af2e9ad3/screenshot - {}
RESULT: {"using":"xpath","value":"//table[contains(@id,\"customHandoversTable-listUl\")]/tbody/tr[1]/td[8]/div/span[2]"}
COMMAND: POST /session/5635ff3a58dcb7e64f288300af2e9ad3/execute/sync - {"script":"<script> [56 bytes]","args":[{"element-6066-11e4-a52e-4f735466cecf":"f.ED9453BD34BB61637EDB63CE7F048255.d.97FEA703D430059034C412DE109BA06D.e.1517","ELEMENT":"f.ED9453BD34BB61637EDB63CE7F048255.d.97FEA703D430059034C412DE109BA06D.e.1517"}]}
RESULT: {}
RESULT: {"script":"<script> [56 bytes]","args":[{"element-6066-11e4-a52e-4f735466cecf":"f.ED9453BD34BB61637EDB63CE7F048255.d.97FEA703D430059034C412DE109BA06D.e.1517","ELEMENT":"f.ED9453BD34BB61637EDB63CE7F048255.d.97FEA703D430059034C412DE109BA06D.e.1517"}]}
COMMAND: GET /session/5635ff3a58dcb7e64f288300af2e9ad3/screenshot - {}
RESULT: {}
RESULT: undefined
COMMAND: POST /session/5635ff3a58dcb7e64f288300af2e9ad3/element - {"using":"xpath","value":"//*[@id=\"__filter0-icon\"]"}
RESULT: {"using":"xpath","value":"//*[@id=\"__filter0-icon\"]"}
COMMAND: POST /session/5635ff3a58dcb7e64f288300af2e9ad3/element/f.ED9453BD34BB61637EDB63CE7F048255.d.97FEA703D430059034C412DE109BA06D.e.610/click - {}
RESULT: {}
COMMAND: GET /session/5635ff3a58dcb7e64f288300af2e9ad3/screenshot - {}
RESULT: {}
]]></system-out>
    </testcase>
    <testcase classname="chrome.136_0_7103_93.windows.Tests_for_DXCW_CAE_environment,_including_specific_login_to_the_system_US" name="Should upload site file entry used for later tests as master data US156291" time="53.508">
      <system-out><![CDATA[
COMMAND: POST /session/5635ff3a58dcb7e64f288300af2e9ad3/element - {"using":"xpath","value":"//bdi[contains(text(), \"Create new Draft\")]"}
RESULT: {"using":"xpath","value":"//bdi[contains(text(), \"Create new Draft\")]"}
COMMAND: POST /session/5635ff3a58dcb7e64f288300af2e9ad3/element/f.ED9453BD34BB61637EDB63CE7F048255.d.97FEA703D430059034C412DE109BA06D.e.1521/click - {}
RESULT: {}
COMMAND: GET /session/5635ff3a58dcb7e64f288300af2e9ad3/screenshot - {}
RESULT: {}
COMMAND: POST /session/5635ff3a58dcb7e64f288300af2e9ad3/element - {"using":"xpath","value":"//li[.//div[text()=\"Sites\"]]"}
RESULT: {"using":"xpath","value":"//li[.//div[text()=\"Sites\"]]"}
COMMAND: POST /session/5635ff3a58dcb7e64f288300af2e9ad3/element/f.ED9453BD34BB61637EDB63CE7F048255.d.97FEA703D430059034C412DE109BA06D.e.643/click - {}
RESULT: {}
COMMAND: GET /session/5635ff3a58dcb7e64f288300af2e9ad3/screenshot - {}
COMMAND: POST /session/5635ff3a58dcb7e64f288300af2e9ad3/file - {"file":"[base64] 6444 bytes"}
RESULT: {}
RESULT: {"file":"[base64] 6444 bytes"}
COMMAND: POST /session/5635ff3a58dcb7e64f288300af2e9ad3/element - {"using":"xpath","value":"//input[(@type=\"file\") and contains(@id,\"BOList-9-0-1-uploader-fu\")]"}
RESULT: {"using":"xpath","value":"//input[(@type=\"file\") and contains(@id,\"BOList-9-0-1-uploader-fu\")]"}
COMMAND: POST /session/5635ff3a58dcb7e64f288300af2e9ad3/element/f.ED9453BD34BB61637EDB63CE7F048255.d.97FEA703D430059034C412DE109BA06D.e.1635/clear - {}
RESULT: {}
COMMAND: POST /session/5635ff3a58dcb7e64f288300af2e9ad3/element/f.ED9453BD34BB61637EDB63CE7F048255.d.97FEA703D430059034C412DE109BA06D.e.1635/value - {"text":"C:\\Windows\\SystemTemp\\scoped_dir4916_829365876\\upload4916_1904149628\\Sites.xlsx"}
COMMAND: GET /session/5635ff3a58dcb7e64f288300af2e9ad3/screenshot - {}
RESULT: {"text":"C:\\Windows\\SystemTemp\\scoped_dir4916_829365876\\upload4916_1904149628\\Sites.xlsx"}
COMMAND: GET /session/5635ff3a58dcb7e64f288300af2e9ad3/screenshot - {}
RESULT: {}
RESULT: {}
COMMAND: POST /session/5635ff3a58dcb7e64f288300af2e9ad3/element - {"using":"xpath","value":"//bdi[contains(text(), \"Match by name\")]"}
RESULT: {"using":"xpath","value":"//bdi[contains(text(), \"Match by name\")]"}
COMMAND: POST /session/5635ff3a58dcb7e64f288300af2e9ad3/element/f.ED9453BD34BB61637EDB63CE7F048255.d.97FEA703D430059034C412DE109BA06D.e.1644/click - {}
RESULT: {}
COMMAND: GET /session/5635ff3a58dcb7e64f288300af2e9ad3/screenshot - {}
RESULT: {}
COMMAND: POST /session/5635ff3a58dcb7e64f288300af2e9ad3/element - {"using":"xpath","value":"//bdi[text() = \"OK\"]"}
RESULT: {"using":"xpath","value":"//bdi[text() = \"OK\"]"}
COMMAND: POST /session/5635ff3a58dcb7e64f288300af2e9ad3/element/f.ED9453BD34BB61637EDB63CE7F048255.d.97FEA703D430059034C412DE109BA06D.e.1645/click - {}
RESULT: {}
COMMAND: GET /session/5635ff3a58dcb7e64f288300af2e9ad3/screenshot - {}
RESULT: {}
COMMAND: POST /session/5635ff3a58dcb7e64f288300af2e9ad3/element - {"using":"xpath","value":"//button[contains(@id,\"uploadBtn\")]"}
RESULT: {"using":"xpath","value":"//button[contains(@id,\"uploadBtn\")]"}
COMMAND: POST /session/5635ff3a58dcb7e64f288300af2e9ad3/element/f.ED9453BD34BB61637EDB63CE7F048255.d.97FEA703D430059034C412DE109BA06D.e.189/click - {}
RESULT: {}
COMMAND: GET /session/5635ff3a58dcb7e64f288300af2e9ad3/screenshot - {}
RESULT: {}
COMMAND: POST /session/5635ff3a58dcb7e64f288300af2e9ad3/element - {"using":"xpath","value":"//button[.//bdi[contains(text(),\"Refresh Logs\")]]"}
RESULT: {"using":"xpath","value":"//button[.//bdi[contains(text(),\"Refresh Logs\")]]"}
COMMAND: POST /session/5635ff3a58dcb7e64f288300af2e9ad3/element/f.ED9453BD34BB61637EDB63CE7F048255.d.97FEA703D430059034C412DE109BA06D.e.1652/click - {}
RESULT: {}
COMMAND: GET /session/5635ff3a58dcb7e64f288300af2e9ad3/screenshot - {}
RESULT: {}
COMMAND: POST /session/5635ff3a58dcb7e64f288300af2e9ad3/element - {"using":"xpath","value":"//table[contains(@id,\"customHandoversTable-listUl\")]/tbody/tr[1]/td[4]/span"}
RESULT: {"using":"xpath","value":"//table[contains(@id,\"customHandoversTable-listUl\")]/tbody/tr[1]/td[4]/span"}
COMMAND: POST /session/5635ff3a58dcb7e64f288300af2e9ad3/execute/sync - {"script":"<script> [56 bytes]","args":[{"element-6066-11e4-a52e-4f735466cecf":"f.ED9453BD34BB61637EDB63CE7F048255.d.97FEA703D430059034C412DE109BA06D.e.1940","ELEMENT":"f.ED9453BD34BB61637EDB63CE7F048255.d.97FEA703D430059034C412DE109BA06D.e.1940"}]}
RESULT: {"script":"<script> [56 bytes]","args":[{"element-6066-11e4-a52e-4f735466cecf":"f.ED9453BD34BB61637EDB63CE7F048255.d.97FEA703D430059034C412DE109BA06D.e.1940","ELEMENT":"f.ED9453BD34BB61637EDB63CE7F048255.d.97FEA703D430059034C412DE109BA06D.e.1940"}]}
COMMAND: POST /session/5635ff3a58dcb7e64f288300af2e9ad3/element - {"using":"xpath","value":"//table[contains(@id,\"customHandoversTable-listUl\")]/tbody/tr[1]/td[7]/div/span[2]"}
COMMAND: GET /session/5635ff3a58dcb7e64f288300af2e9ad3/screenshot - {}
RESULT: {"using":"xpath","value":"//table[contains(@id,\"customHandoversTable-listUl\")]/tbody/tr[1]/td[7]/div/span[2]"}
COMMAND: POST /session/5635ff3a58dcb7e64f288300af2e9ad3/execute/sync - {"script":"<script> [56 bytes]","args":[{"element-6066-11e4-a52e-4f735466cecf":"f.ED9453BD34BB61637EDB63CE7F048255.d.97FEA703D430059034C412DE109BA06D.e.1941","ELEMENT":"f.ED9453BD34BB61637EDB63CE7F048255.d.97FEA703D430059034C412DE109BA06D.e.1941"}]}
RESULT: {}
RESULT: {"script":"<script> [56 bytes]","args":[{"element-6066-11e4-a52e-4f735466cecf":"f.ED9453BD34BB61637EDB63CE7F048255.d.97FEA703D430059034C412DE109BA06D.e.1941","ELEMENT":"f.ED9453BD34BB61637EDB63CE7F048255.d.97FEA703D430059034C412DE109BA06D.e.1941"}]}
COMMAND: POST /session/5635ff3a58dcb7e64f288300af2e9ad3/element - {"using":"xpath","value":"//table[contains(@id,\"customHandoversTable-listUl\")]/tbody/tr[1]/td[8]/div/span[2]"}
COMMAND: GET /session/5635ff3a58dcb7e64f288300af2e9ad3/screenshot - {}
RESULT: {"using":"xpath","value":"//table[contains(@id,\"customHandoversTable-listUl\")]/tbody/tr[1]/td[8]/div/span[2]"}
COMMAND: POST /session/5635ff3a58dcb7e64f288300af2e9ad3/execute/sync - {"script":"<script> [56 bytes]","args":[{"element-6066-11e4-a52e-4f735466cecf":"f.ED9453BD34BB61637EDB63CE7F048255.d.97FEA703D430059034C412DE109BA06D.e.1944","ELEMENT":"f.ED9453BD34BB61637EDB63CE7F048255.d.97FEA703D430059034C412DE109BA06D.e.1944"}]}
RESULT: {}
RESULT: {"script":"<script> [56 bytes]","args":[{"element-6066-11e4-a52e-4f735466cecf":"f.ED9453BD34BB61637EDB63CE7F048255.d.97FEA703D430059034C412DE109BA06D.e.1944","ELEMENT":"f.ED9453BD34BB61637EDB63CE7F048255.d.97FEA703D430059034C412DE109BA06D.e.1944"}]}
COMMAND: GET /session/5635ff3a58dcb7e64f288300af2e9ad3/screenshot - {}
RESULT: {}
RESULT: undefined
COMMAND: POST /session/5635ff3a58dcb7e64f288300af2e9ad3/element - {"using":"xpath","value":"//*[@id=\"__filter0-icon\"]"}
RESULT: {"using":"xpath","value":"//*[@id=\"__filter0-icon\"]"}
COMMAND: POST /session/5635ff3a58dcb7e64f288300af2e9ad3/element/f.ED9453BD34BB61637EDB63CE7F048255.d.97FEA703D430059034C412DE109BA06D.e.610/click - {}
RESULT: {}
COMMAND: GET /session/5635ff3a58dcb7e64f288300af2e9ad3/screenshot - {}
RESULT: {}
COMMAND: POST /session/5635ff3a58dcb7e64f288300af2e9ad3/element - {"using":"css selector","value":"#shell-header-logo"}
RESULT: {"using":"css selector","value":"#shell-header-logo"}
COMMAND: POST /session/5635ff3a58dcb7e64f288300af2e9ad3/element/f.ED9453BD34BB61637EDB63CE7F048255.d.97FEA703D430059034C412DE109BA06D.e.123/click - {}
RESULT: {}
COMMAND: GET /session/5635ff3a58dcb7e64f288300af2e9ad3/screenshot - {}
RESULT: {}
COMMAND: POST /session/5635ff3a58dcb7e64f288300af2e9ad3/element - {"using":"css selector","value":"#j_username"}
COMMAND: POST /session/5635ff3a58dcb7e64f288300af2e9ad3/url - {"url":"https://qa-testing-00-live-etm-ui.cfapps.eu10-004.hana.ondemand.com/"}
RESULT: {"using":"css selector","value":"#j_username"}
COMMAND: POST /session/5635ff3a58dcb7e64f288300af2e9ad3/element - {"using":"css selector","value":"#j_username"}
RESULT: {"url":"https://qa-testing-00-live-etm-ui.cfapps.eu10-004.hana.ondemand.com/"}
RESULT: undefined
COMMAND: GET /session/5635ff3a58dcb7e64f288300af2e9ad3/screenshot - {}
RESULT: {"using":"css selector","value":"#j_username"}
COMMAND: POST /session/5635ff3a58dcb7e64f288300af2e9ad3/element - {"using":"css selector","value":"#shell-header-logo"}
RESULT: {}
RESULT: {"using":"css selector","value":"#shell-header-logo"}
COMMAND: POST /session/5635ff3a58dcb7e64f288300af2e9ad3/execute/sync - {"script":"<script> [8489 bytes]","args":[{"element-6066-11e4-a52e-4f735466cecf":"f.ED9453BD34BB61637EDB63CE7F048255.d.0C5C2287FCB4737B70449C8E5E773B22.e.1961","ELEMENT":"f.ED9453BD34BB61637EDB63CE7F048255.d.0C5C2287FCB4737B70449C8E5E773B22.e.1961"}]}
RESULT: {"script":"<script> [8489 bytes]","args":[{"element-6066-11e4-a52e-4f735466cecf":"f.ED9453BD34BB61637EDB63CE7F048255.d.0C5C2287FCB4737B70449C8E5E773B22.e.1961","ELEMENT":"f.ED9453BD34BB61637EDB63CE7F048255.d.0C5C2287FCB4737B70449C8E5E773B22.e.1961"}]}
COMMAND: POST /session/5635ff3a58dcb7e64f288300af2e9ad3/element - {"using":"css selector","value":"#shell-header-logo"}
COMMAND: GET /session/5635ff3a58dcb7e64f288300af2e9ad3/screenshot - {}
RESULT: {"using":"css selector","value":"#shell-header-logo"}
COMMAND: POST /session/5635ff3a58dcb7e64f288300af2e9ad3/execute/sync - {"script":"<script> [8489 bytes]","args":[{"element-6066-11e4-a52e-4f735466cecf":"f.ED9453BD34BB61637EDB63CE7F048255.d.0C5C2287FCB4737B70449C8E5E773B22.e.1961","ELEMENT":"f.ED9453BD34BB61637EDB63CE7F048255.d.0C5C2287FCB4737B70449C8E5E773B22.e.1961"}]}
RESULT: {}
RESULT: {"script":"<script> [8489 bytes]","args":[{"element-6066-11e4-a52e-4f735466cecf":"f.ED9453BD34BB61637EDB63CE7F048255.d.0C5C2287FCB4737B70449C8E5E773B22.e.1961","ELEMENT":"f.ED9453BD34BB61637EDB63CE7F048255.d.0C5C2287FCB4737B70449C8E5E773B22.e.1961"}]}
COMMAND: POST /session/5635ff3a58dcb7e64f288300af2e9ad3/execute/sync - {"script":"<script> [5351 bytes]","args":[{"element-6066-11e4-a52e-4f735466cecf":"f.ED9453BD34BB61637EDB63CE7F048255.d.0C5C2287FCB4737B70449C8E5E773B22.e.1961","ELEMENT":"f.ED9453BD34BB61637EDB63CE7F048255.d.0C5C2287FCB4737B70449C8E5E773B22.e.1961"}]}
COMMAND: GET /session/5635ff3a58dcb7e64f288300af2e9ad3/screenshot - {}
RESULT: {"script":"<script> [5351 bytes]","args":[{"element-6066-11e4-a52e-4f735466cecf":"f.ED9453BD34BB61637EDB63CE7F048255.d.0C5C2287FCB4737B70449C8E5E773B22.e.1961","ELEMENT":"f.ED9453BD34BB61637EDB63CE7F048255.d.0C5C2287FCB4737B70449C8E5E773B22.e.1961"}]}
COMMAND: POST /session/5635ff3a58dcb7e64f288300af2e9ad3/element - {"using":"css selector","value":"#shell-header-logo"}
COMMAND: GET /session/5635ff3a58dcb7e64f288300af2e9ad3/screenshot - {}
RESULT: {}
RESULT: {"using":"css selector","value":"#shell-header-logo"}
COMMAND: POST /session/5635ff3a58dcb7e64f288300af2e9ad3/element/f.ED9453BD34BB61637EDB63CE7F048255.d.0C5C2287FCB4737B70449C8E5E773B22.e.1961/click - {}
RESULT: {}
RESULT: {}
COMMAND: GET /session/5635ff3a58dcb7e64f288300af2e9ad3/screenshot - {}
RESULT: {}
COMMAND: POST /session/5635ff3a58dcb7e64f288300af2e9ad3/execute/async - {"script":"<script> [189 bytes]","args":[]}
RESULT: {"script":"<script> [189 bytes]","args":[]}
COMMAND: POST /session/5635ff3a58dcb7e64f288300af2e9ad3/execute/async - {"script":"<script> [123 bytes]","args":[]}
RESULT: {"script":"<script> [123 bytes]","args":[]}
COMMAND: POST /session/5635ff3a58dcb7e64f288300af2e9ad3/timeouts - {"script":"<number>"}
RESULT: {"script":"<number>"}
COMMAND: GET /session/5635ff3a58dcb7e64f288300af2e9ad3/timeouts - {}
RESULT: {}
RESULT: undefined
COMMAND: POST /session/5635ff3a58dcb7e64f288300af2e9ad3/execute/async - {"script":"<script> [2676 bytes]","args":[]}
RESULT: {"script":"<script> [2676 bytes]","args":[]}
COMMAND: POST /session/5635ff3a58dcb7e64f288300af2e9ad3/execute/async - {"script":"<script> [2342 bytes]","args":[{"protocol":"http","hostname":"0.0.0.0","path":"/","capabilities":{"browserName":"chrome","goog:chromeOptions":{"binary":"C:\\Program Files\\Google\\Chrome\\Application\\chrome.exe","args":["--start-maximized"]}},"logLevel":"warn","connectionRetryTimeout":120000,"connectionRetryCount":3,"logLevels":{},"enableDirectConnect":true,"strictSSL":true,"_":"65 more keys: [\"cacheDir\",\"port\",\"requestedCapabilities\",\"automationProtocol\",\"baseUrl\",\"waitforInterval\",\"waitforTimeout\",\"onReload\",\"beforeCommand\",\"afterCommand\",\"rootDir\",\"specs\",\"suites\",\"exclude\",\"groupLogsByTestSpec\",\"excludeDriverLogs\",\"bail\",\"framework\",\"reporters\",\"services\",\"maxInstances\",\"maxInstancesPerCapability\",\"injectGlobals\",\"filesToWatch\",\"execArgv\",\"runnerEnv\",\"runner\",\"shard\",\"specFileRetries\",\"specFileRetriesDelay\",\"specFileRetriesDeferred\",\"reporterSyncInterval\",\"reporterSyncTimeout\",\"cucumberFeaturesWithLineNumbers\",\"autoCompileOpts\",\"mochaOpts\",\"jasmineOpts\",\"cucumberOpts\",\"onPrepare\",\"onWorkerStart\",\"onWorkerEnd\",\"before\",\"beforeSession\",\"beforeSuite\",\"beforeHook\",\"beforeTest\",\"afterTest\",\"afterHook\",\"afterSuite\",\"afterSession\",\"after\",\"onComplete\",\"beforeAssertion\",\"afterAssertion\",\"beforeFeature\",\"beforeScenario\",\"beforeStep\",\"afterStep\",\"afterScenario\",\"afterFeature\",\"_\",\"suite\",\"$0\",\"ignoredWorkerServices\",\"wdi5\"]"}]}
RESULT: {"script":"<script> [2342 bytes]","args":[{"protocol":"http","hostname":"0.0.0.0","path":"/","capabilities":{"browserName":"chrome","goog:chromeOptions":{"binary":"C:\\Program Files\\Google\\Chrome\\Application\\chrome.exe","args":["--start-maximized"]}},"logLevel":"warn","connectionRetryTimeout":120000,"connectionRetryCount":3,"logLevels":{},"enableDirectConnect":true,"strictSSL":true,"_":"65 more keys: [\"cacheDir\",\"port\",\"requestedCapabilities\",\"automationProtocol\",\"baseUrl\",\"waitforInterval\",\"waitforTimeout\",\"onReload\",\"beforeCommand\",\"afterCommand\",\"rootDir\",\"specs\",\"suites\",\"exclude\",\"groupLogsByTestSpec\",\"excludeDriverLogs\",\"bail\",\"framework\",\"reporters\",\"services\",\"maxInstances\",\"maxInstancesPerCapability\",\"injectGlobals\",\"filesToWatch\",\"execArgv\",\"runnerEnv\",\"runner\",\"shard\",\"specFileRetries\",\"specFileRetriesDelay\",\"specFileRetriesDeferred\",\"reporterSyncInterval\",\"reporterSyncTimeout\",\"cucumberFeaturesWithLineNumbers\",\"autoCompileOpts\",\"mochaOpts\",\"jasmineOpts\",\"cucumberOpts\",\"onPrepare\",\"onWorkerStart\",\"onWorkerEnd\",\"before\",\"beforeSession\",\"beforeSuite\",\"beforeHook\",\"beforeTest\",\"afterTest\",\"afterHook\",\"afterSuite\",\"afterSession\",\"after\",\"onComplete\",\"beforeAssertion\",\"afterAssertion\",\"beforeFeature\",\"beforeScenario\",\"beforeStep\",\"afterStep\",\"afterScenario\",\"afterFeature\",\"_\",\"suite\",\"$0\",\"ignoredWorkerServices\",\"wdi5\"]"}]}
COMMAND: POST /session/5635ff3a58dcb7e64f288300af2e9ad3/execute/async - {"script":"<script> [21126 bytes]","args":[35000]}
RESULT: {"script":"<script> [21126 bytes]","args":[35000]}
COMMAND: POST /session/5635ff3a58dcb7e64f288300af2e9ad3/window/maximize - {}
RESULT: {}
COMMAND: POST /session/5635ff3a58dcb7e64f288300af2e9ad3/execute/async - {"script":"<script> [1562 bytes]","args":[{"selector":{"id":"shell-header","interaction":{"idSuffix":"icon"}},"wdio_ui5_key":"shellheader"}]}
COMMAND: GET /session/5635ff3a58dcb7e64f288300af2e9ad3/screenshot - {}
RESULT: {"script":"<script> [1562 bytes]","args":[{"selector":{"id":"shell-header","interaction":{"idSuffix":"icon"}},"wdio_ui5_key":"shellheader"}]}
RESULT: undefined
COMMAND: POST /session/5635ff3a58dcb7e64f288300af2e9ad3/refresh - {}
RESULT: {}
RESULT: {}
COMMAND: GET /session/5635ff3a58dcb7e64f288300af2e9ad3/screenshot - {}
RESULT: {}
COMMAND: POST /session/5635ff3a58dcb7e64f288300af2e9ad3/refresh - {}
RESULT: {}
COMMAND: GET /session/5635ff3a58dcb7e64f288300af2e9ad3/screenshot - {}
RESULT: {}
COMMAND: POST /session/5635ff3a58dcb7e64f288300af2e9ad3/window/fullscreen - {}
RESULT: {}
COMMAND: POST /session/5635ff3a58dcb7e64f288300af2e9ad3/execute/async - {"script":"<script> [189 bytes]","args":[]}
RESULT: {"script":"<script> [189 bytes]","args":[]}
COMMAND: POST /session/5635ff3a58dcb7e64f288300af2e9ad3/execute/async - {"script":"<script> [123 bytes]","args":[]}
RESULT: {"script":"<script> [123 bytes]","args":[]}
COMMAND: POST /session/5635ff3a58dcb7e64f288300af2e9ad3/timeouts - {"script":"<number>"}
RESULT: {"script":"<number>"}
COMMAND: GET /session/5635ff3a58dcb7e64f288300af2e9ad3/timeouts - {}
RESULT: {}
RESULT: undefined
COMMAND: POST /session/5635ff3a58dcb7e64f288300af2e9ad3/execute/async - {"script":"<script> [2676 bytes]","args":[]}
RESULT: {"script":"<script> [2676 bytes]","args":[]}
COMMAND: POST /session/5635ff3a58dcb7e64f288300af2e9ad3/execute/async - {"script":"<script> [2342 bytes]","args":[{"protocol":"http","hostname":"0.0.0.0","path":"/","capabilities":{"browserName":"chrome","goog:chromeOptions":{"binary":"C:\\Program Files\\Google\\Chrome\\Application\\chrome.exe","args":["--start-maximized"]}},"logLevel":"warn","connectionRetryTimeout":120000,"connectionRetryCount":3,"logLevels":{},"enableDirectConnect":true,"strictSSL":true,"_":"65 more keys: [\"cacheDir\",\"port\",\"requestedCapabilities\",\"automationProtocol\",\"baseUrl\",\"waitforInterval\",\"waitforTimeout\",\"onReload\",\"beforeCommand\",\"afterCommand\",\"rootDir\",\"specs\",\"suites\",\"exclude\",\"groupLogsByTestSpec\",\"excludeDriverLogs\",\"bail\",\"framework\",\"reporters\",\"services\",\"maxInstances\",\"maxInstancesPerCapability\",\"injectGlobals\",\"filesToWatch\",\"execArgv\",\"runnerEnv\",\"runner\",\"shard\",\"specFileRetries\",\"specFileRetriesDelay\",\"specFileRetriesDeferred\",\"reporterSyncInterval\",\"reporterSyncTimeout\",\"cucumberFeaturesWithLineNumbers\",\"autoCompileOpts\",\"mochaOpts\",\"jasmineOpts\",\"cucumberOpts\",\"onPrepare\",\"onWorkerStart\",\"onWorkerEnd\",\"before\",\"beforeSession\",\"beforeSuite\",\"beforeHook\",\"beforeTest\",\"afterTest\",\"afterHook\",\"afterSuite\",\"afterSession\",\"after\",\"onComplete\",\"beforeAssertion\",\"afterAssertion\",\"beforeFeature\",\"beforeScenario\",\"beforeStep\",\"afterStep\",\"afterScenario\",\"afterFeature\",\"_\",\"suite\",\"$0\",\"ignoredWorkerServices\",\"wdi5\"]"}]}
RESULT: {"script":"<script> [2342 bytes]","args":[{"protocol":"http","hostname":"0.0.0.0","path":"/","capabilities":{"browserName":"chrome","goog:chromeOptions":{"binary":"C:\\Program Files\\Google\\Chrome\\Application\\chrome.exe","args":["--start-maximized"]}},"logLevel":"warn","connectionRetryTimeout":120000,"connectionRetryCount":3,"logLevels":{},"enableDirectConnect":true,"strictSSL":true,"_":"65 more keys: [\"cacheDir\",\"port\",\"requestedCapabilities\",\"automationProtocol\",\"baseUrl\",\"waitforInterval\",\"waitforTimeout\",\"onReload\",\"beforeCommand\",\"afterCommand\",\"rootDir\",\"specs\",\"suites\",\"exclude\",\"groupLogsByTestSpec\",\"excludeDriverLogs\",\"bail\",\"framework\",\"reporters\",\"services\",\"maxInstances\",\"maxInstancesPerCapability\",\"injectGlobals\",\"filesToWatch\",\"execArgv\",\"runnerEnv\",\"runner\",\"shard\",\"specFileRetries\",\"specFileRetriesDelay\",\"specFileRetriesDeferred\",\"reporterSyncInterval\",\"reporterSyncTimeout\",\"cucumberFeaturesWithLineNumbers\",\"autoCompileOpts\",\"mochaOpts\",\"jasmineOpts\",\"cucumberOpts\",\"onPrepare\",\"onWorkerStart\",\"onWorkerEnd\",\"before\",\"beforeSession\",\"beforeSuite\",\"beforeHook\",\"beforeTest\",\"afterTest\",\"afterHook\",\"afterSuite\",\"afterSession\",\"after\",\"onComplete\",\"beforeAssertion\",\"afterAssertion\",\"beforeFeature\",\"beforeScenario\",\"beforeStep\",\"afterStep\",\"afterScenario\",\"afterFeature\",\"_\",\"suite\",\"$0\",\"ignoredWorkerServices\",\"wdi5\"]"}]}
COMMAND: POST /session/5635ff3a58dcb7e64f288300af2e9ad3/execute/async - {"script":"<script> [21126 bytes]","args":[35000]}
RESULT: {"script":"<script> [21126 bytes]","args":[35000]}
]]></system-out>
    </testcase>
  </testsuite>
  <testsuite timestamp="2025-05-28T17:23:15" time="1173.142" tests="12" failures="0" errors="0" skipped="0">
    <properties>
      <property name="specId" value="0"/>
      <property name="suiteName" value="Billing Transfer - Master data &amp; Intercompany US127250"/>
      <property name="capabilities" value="chrome.136_0_7103_93.windows"/>
      <property name="file" value="file:///D:/a/1/s/test/specs/BTS/billing-transfer-intercompany.spec.js"/>
    </properties>
    <testcase classname="chrome.136_0_7103_93.windows.Billing_Transfer_-_Master_data_&amp;_Intercompany_US127250" name="Should create a new yard" time="127.931">
      <system-out><![CDATA[
COMMAND: POST /session/5635ff3a58dcb7e64f288300af2e9ad3/window/fullscreen - {}
RESULT: {}
COMMAND: POST /session/5635ff3a58dcb7e64f288300af2e9ad3/execute/async - {"script":"<script> [1562 bytes]","args":[{"selector":{"controlType":"sap.m.GenericTile","properties":{"header":"Manage Yards"}},"wdio_ui5_key":"sapm.GenericTile{\"header\":\"Manage Yards\"}"}]}
RESULT: {"script":"<script> [1562 bytes]","args":[{"selector":{"controlType":"sap.m.GenericTile","properties":{"header":"Manage Yards"}},"wdio_ui5_key":"sapm.GenericTile{\"header\":\"Manage Yards\"}"}]}
RESULT: undefined
COMMAND: POST /session/5635ff3a58dcb7e64f288300af2e9ad3/element - {"using":"xpath","value":"//*[@id=\"__tile41\"]"}
RESULT: {"using":"xpath","value":"//*[@id=\"__tile41\"]"}
COMMAND: POST /session/5635ff3a58dcb7e64f288300af2e9ad3/element/f.ED9453BD34BB61637EDB63CE7F048255.d.9A5ECF58AE48D9340422105C68862EDB.e.2122/click - {}
RESULT: {}
COMMAND: GET /session/5635ff3a58dcb7e64f288300af2e9ad3/screenshot - {}
RESULT: {}
COMMAND: POST /session/5635ff3a58dcb7e64f288300af2e9ad3/elements - {"using":"xpath","value":"//span[text()='Error']"}
RESULT: {"using":"xpath","value":"//span[text()='Error']"}
COMMAND: POST /session/5635ff3a58dcb7e64f288300af2e9ad3/element - {"using":"xpath","value":"//button[@data-kt=\"addNewYardOverflowToolbarButton\"]"}
RESULT: {"using":"xpath","value":"//button[@data-kt=\"addNewYardOverflowToolbarButton\"]"}
COMMAND: POST /session/5635ff3a58dcb7e64f288300af2e9ad3/elements - {"using":"xpath","value":"//button[@data-kt=\"addNewYardOverflowToolbarButton\"]"}
RESULT: {"using":"xpath","value":"//button[@data-kt=\"addNewYardOverflowToolbarButton\"]"}
COMMAND: POST /session/5635ff3a58dcb7e64f288300af2e9ad3/elements - {"using":"xpath","value":"//button[@data-kt=\"addNewYardOverflowToolbarButton\"]"}
RESULT: {"using":"xpath","value":"//button[@data-kt=\"addNewYardOverflowToolbarButton\"]"}
COMMAND: POST /session/5635ff3a58dcb7e64f288300af2e9ad3/element - {"using":"xpath","value":"//button[@data-kt=\"addNewYardOverflowToolbarButton\"]"}
RESULT: {"using":"xpath","value":"//button[@data-kt=\"addNewYardOverflowToolbarButton\"]"}
COMMAND: POST /session/5635ff3a58dcb7e64f288300af2e9ad3/execute/sync - {"script":"<script> [8489 bytes]","args":[{"element-6066-11e4-a52e-4f735466cecf":"f.ED9453BD34BB61637EDB63CE7F048255.d.9A5ECF58AE48D9340422105C68862EDB.e.2258","ELEMENT":"f.ED9453BD34BB61637EDB63CE7F048255.d.9A5ECF58AE48D9340422105C68862EDB.e.2258"}]}
RESULT: {"script":"<script> [8489 bytes]","args":[{"element-6066-11e4-a52e-4f735466cecf":"f.ED9453BD34BB61637EDB63CE7F048255.d.9A5ECF58AE48D9340422105C68862EDB.e.2258","ELEMENT":"f.ED9453BD34BB61637EDB63CE7F048255.d.9A5ECF58AE48D9340422105C68862EDB.e.2258"}]}
COMMAND: GET /session/5635ff3a58dcb7e64f288300af2e9ad3/element/f.ED9453BD34BB61637EDB63CE7F048255.d.9A5ECF58AE48D9340422105C68862EDB.e.2258/enabled - {}
COMMAND: GET /session/5635ff3a58dcb7e64f288300af2e9ad3/screenshot - {}
RESULT: {}
COMMAND: POST /session/5635ff3a58dcb7e64f288300af2e9ad3/execute/sync - {"script":"<script> [8489 bytes]","args":[{"element-6066-11e4-a52e-4f735466cecf":"f.ED9453BD34BB61637EDB63CE7F048255.d.9A5ECF58AE48D9340422105C68862EDB.e.2258","ELEMENT":"f.ED9453BD34BB61637EDB63CE7F048255.d.9A5ECF58AE48D9340422105C68862EDB.e.2258"}]}
COMMAND: GET /session/5635ff3a58dcb7e64f288300af2e9ad3/screenshot - {}
RESULT: {}
RESULT: {"script":"<script> [8489 bytes]","args":[{"element-6066-11e4-a52e-4f735466cecf":"f.ED9453BD34BB61637EDB63CE7F048255.d.9A5ECF58AE48D9340422105C68862EDB.e.2258","ELEMENT":"f.ED9453BD34BB61637EDB63CE7F048255.d.9A5ECF58AE48D9340422105C68862EDB.e.2258"}]}
COMMAND: POST /session/5635ff3a58dcb7e64f288300af2e9ad3/execute/sync - {"script":"<script> [5351 bytes]","args":[{"element-6066-11e4-a52e-4f735466cecf":"f.ED9453BD34BB61637EDB63CE7F048255.d.9A5ECF58AE48D9340422105C68862EDB.e.2258","ELEMENT":"f.ED9453BD34BB61637EDB63CE7F048255.d.9A5ECF58AE48D9340422105C68862EDB.e.2258"}]}
COMMAND: GET /session/5635ff3a58dcb7e64f288300af2e9ad3/screenshot - {}
RESULT: {}
RESULT: {"script":"<script> [5351 bytes]","args":[{"element-6066-11e4-a52e-4f735466cecf":"f.ED9453BD34BB61637EDB63CE7F048255.d.9A5ECF58AE48D9340422105C68862EDB.e.2258","ELEMENT":"f.ED9453BD34BB61637EDB63CE7F048255.d.9A5ECF58AE48D9340422105C68862EDB.e.2258"}]}
COMMAND: POST /session/5635ff3a58dcb7e64f288300af2e9ad3/element/f.ED9453BD34BB61637EDB63CE7F048255.d.9A5ECF58AE48D9340422105C68862EDB.e.2258/click - {}
COMMAND: GET /session/5635ff3a58dcb7e64f288300af2e9ad3/screenshot - {}
RESULT: {}
RESULT: {}
COMMAND: GET /session/5635ff3a58dcb7e64f288300af2e9ad3/screenshot - {}
COMMAND: POST /session/5635ff3a58dcb7e64f288300af2e9ad3/element - {"using":"xpath","value":"//input[@id=\"application-manageyards-display-component---NewYard--yardId-inner\"]"}
RESULT: {}
RESULT: {}
RESULT: {"using":"xpath","value":"//input[@id=\"application-manageyards-display-component---NewYard--yardId-inner\"]"}
COMMAND: POST /session/5635ff3a58dcb7e64f288300af2e9ad3/element - {"using":"xpath","value":"//input[@id=\"application-manageyards-display-component---NewYard--yardId-inner\"]"}
RESULT: {"using":"xpath","value":"//input[@id=\"application-manageyards-display-component---NewYard--yardId-inner\"]"}
COMMAND: POST /session/5635ff3a58dcb7e64f288300af2e9ad3/execute/async - {"script":"<script> [1562 bytes]","args":[{"selector":{"id":"application-manageyards-display-component---NewYard--addressDetailDetailsName1","interaction":{"idSuffix":"inner"}},"wdio_ui5_key":"applicationmanageyards-display-component---NewYard--addressDetailDetailsName1"}]}
RESULT: {"script":"<script> [1562 bytes]","args":[{"selector":{"id":"application-manageyards-display-component---NewYard--addressDetailDetailsName1","interaction":{"idSuffix":"inner"}},"wdio_ui5_key":"applicationmanageyards-display-component---NewYard--addressDetailDetailsName1"}]}
RESULT: undefined
COMMAND: POST /session/5635ff3a58dcb7e64f288300af2e9ad3/execute/async - {"script":"<script> [776 bytes]","args":[{"enterText":"Intercompany Yard wdIO","selector":{"id":"application-manageyards-display-component---NewYard--addressDetailDetailsName1","interaction":{"idSuffix":"inner"}},"clearTextFirst":true,"interactionType":"ENTER_TEXT"}]}
RESULT: {"script":"<script> [776 bytes]","args":[{"enterText":"Intercompany Yard wdIO","selector":{"id":"application-manageyards-display-component---NewYard--addressDetailDetailsName1","interaction":{"idSuffix":"inner"}},"clearTextFirst":true,"interactionType":"ENTER_TEXT"}]}
COMMAND: POST /session/5635ff3a58dcb7e64f288300af2e9ad3/execute/async - {"script":"<script> [1562 bytes]","args":[{"selector":{"id":"application-manageyards-display-component---NewYard--addressDetailDetailsLanguage-arrow"},"wdio_ui5_key":"applicationmanageyards-display-component---NewYard--addressDetailDetailsLanguage-arrow"}]}
RESULT: {"script":"<script> [1562 bytes]","args":[{"selector":{"id":"application-manageyards-display-component---NewYard--addressDetailDetailsLanguage-arrow"},"wdio_ui5_key":"applicationmanageyards-display-component---NewYard--addressDetailDetailsLanguage-arrow"}]}
RESULT: undefined
COMMAND: POST /session/5635ff3a58dcb7e64f288300af2e9ad3/element - {"using":"xpath","value":"//*[@id=\"application-manageyards-display-component---NewYard--addressDetailDetailsLanguage-arrow\"]"}
RESULT: {"using":"xpath","value":"//*[@id=\"application-manageyards-display-component---NewYard--addressDetailDetailsLanguage-arrow\"]"}
COMMAND: POST /session/5635ff3a58dcb7e64f288300af2e9ad3/element/f.ED9453BD34BB61637EDB63CE7F048255.d.9A5ECF58AE48D9340422105C68862EDB.e.2696/click - {}
RESULT: {}
COMMAND: POST /session/5635ff3a58dcb7e64f288300af2e9ad3/element - {"using":"xpath","value":"//span[contains(text(), \"English\")]"}
COMMAND: GET /session/5635ff3a58dcb7e64f288300af2e9ad3/screenshot - {}
RESULT: {"using":"xpath","value":"//span[contains(text(), \"English\")]"}
COMMAND: POST /session/5635ff3a58dcb7e64f288300af2e9ad3/element/f.ED9453BD34BB61637EDB63CE7F048255.d.9A5ECF58AE48D9340422105C68862EDB.e.2697/click - {}
RESULT: {}
RESULT: {}
COMMAND: POST /session/5635ff3a58dcb7e64f288300af2e9ad3/execute/async - {"script":"<script> [1562 bytes]","args":[{"selector":{"id":"application-manageyards-display-component---NewYard--addressDetailDetailsCity1","interaction":{"idSuffix":"inner"}},"wdio_ui5_key":"applicationmanageyards-display-component---NewYard--addressDetailDetailsCity1"}]}
COMMAND: GET /session/5635ff3a58dcb7e64f288300af2e9ad3/screenshot - {}
RESULT: {"script":"<script> [1562 bytes]","args":[{"selector":{"id":"application-manageyards-display-component---NewYard--addressDetailDetailsCity1","interaction":{"idSuffix":"inner"}},"wdio_ui5_key":"applicationmanageyards-display-component---NewYard--addressDetailDetailsCity1"}]}
RESULT: undefined
COMMAND: POST /session/5635ff3a58dcb7e64f288300af2e9ad3/execute/async - {"script":"<script> [776 bytes]","args":[{"enterText":"Rosario","selector":{"id":"application-manageyards-display-component---NewYard--addressDetailDetailsCity1","interaction":{"idSuffix":"inner"}},"clearTextFirst":true,"interactionType":"ENTER_TEXT"}]}
RESULT: {}
RESULT: {"script":"<script> [776 bytes]","args":[{"enterText":"Rosario","selector":{"id":"application-manageyards-display-component---NewYard--addressDetailDetailsCity1","interaction":{"idSuffix":"inner"}},"clearTextFirst":true,"interactionType":"ENTER_TEXT"}]}
COMMAND: POST /session/5635ff3a58dcb7e64f288300af2e9ad3/execute/async - {"script":"<script> [1562 bytes]","args":[{"selector":{"id":"application-manageyards-display-component---NewYard--addressDetailDetailsCountry-arrow"},"wdio_ui5_key":"applicationmanageyards-display-component---NewYard--addressDetailDetailsCountry-arrow"}]}
RESULT: {"script":"<script> [1562 bytes]","args":[{"selector":{"id":"application-manageyards-display-component---NewYard--addressDetailDetailsCountry-arrow"},"wdio_ui5_key":"applicationmanageyards-display-component---NewYard--addressDetailDetailsCountry-arrow"}]}
RESULT: undefined
COMMAND: POST /session/5635ff3a58dcb7e64f288300af2e9ad3/element - {"using":"xpath","value":"//*[@id=\"application-manageyards-display-component---NewYard--addressDetailDetailsCountry-arrow\"]"}
RESULT: {"using":"xpath","value":"//*[@id=\"application-manageyards-display-component---NewYard--addressDetailDetailsCountry-arrow\"]"}
COMMAND: POST /session/5635ff3a58dcb7e64f288300af2e9ad3/element/f.ED9453BD34BB61637EDB63CE7F048255.d.9A5ECF58AE48D9340422105C68862EDB.e.2699/click - {}
RESULT: {}
COMMAND: POST /session/5635ff3a58dcb7e64f288300af2e9ad3/element - {"using":"xpath","value":"//span[contains(text(), \"Argentina\")]"}
COMMAND: GET /session/5635ff3a58dcb7e64f288300af2e9ad3/screenshot - {}
RESULT: {"using":"xpath","value":"//span[contains(text(), \"Argentina\")]"}
COMMAND: POST /session/5635ff3a58dcb7e64f288300af2e9ad3/element/f.ED9453BD34BB61637EDB63CE7F048255.d.9A5ECF58AE48D9340422105C68862EDB.e.2701/click - {}
RESULT: {}
RESULT: {}
COMMAND: POST /session/5635ff3a58dcb7e64f288300af2e9ad3/execute/async - {"script":"<script> [1562 bytes]","args":[{"selector":{"id":"application-manageyards-display-component---NewYard--addressEditDetailsCostObjectCstType-arrow"},"wdio_ui5_key":"applicationmanageyards-display-component---NewYard--addressEditDetailsCostObjectCstType-arrow"}]}
COMMAND: GET /session/5635ff3a58dcb7e64f288300af2e9ad3/screenshot - {}
RESULT: {"script":"<script> [1562 bytes]","args":[{"selector":{"id":"application-manageyards-display-component---NewYard--addressEditDetailsCostObjectCstType-arrow"},"wdio_ui5_key":"applicationmanageyards-display-component---NewYard--addressEditDetailsCostObjectCstType-arrow"}]}
RESULT: undefined
COMMAND: POST /session/5635ff3a58dcb7e64f288300af2e9ad3/element - {"using":"xpath","value":"//*[@id=\"application-manageyards-display-component---NewYard--addressEditDetailsCostObjectCstType-arrow\"]"}
RESULT: {}
RESULT: {"using":"xpath","value":"//*[@id=\"application-manageyards-display-component---NewYard--addressEditDetailsCostObjectCstType-arrow\"]"}
COMMAND: POST /session/5635ff3a58dcb7e64f288300af2e9ad3/element/f.ED9453BD34BB61637EDB63CE7F048255.d.9A5ECF58AE48D9340422105C68862EDB.e.2702/click - {}
RESULT: {}
COMMAND: POST /session/5635ff3a58dcb7e64f288300af2e9ad3/element - {"using":"xpath","value":"//span[contains(text(), \"Cost Center\")]"}
COMMAND: GET /session/5635ff3a58dcb7e64f288300af2e9ad3/screenshot - {}
RESULT: {"using":"xpath","value":"//span[contains(text(), \"Cost Center\")]"}
COMMAND: POST /session/5635ff3a58dcb7e64f288300af2e9ad3/element/f.ED9453BD34BB61637EDB63CE7F048255.d.9A5ECF58AE48D9340422105C68862EDB.e.2703/click - {}
RESULT: {}
RESULT: {}
COMMAND: GET /session/5635ff3a58dcb7e64f288300af2e9ad3/screenshot - {}
RESULT: {}
COMMAND: POST /session/5635ff3a58dcb7e64f288300af2e9ad3/element - {"using":"xpath","value":"//span[@id=\"application-manageyards-display-component---NewYard--addressNewCostObjectCstID-vhi\"]"}
RESULT: {"using":"xpath","value":"//span[@id=\"application-manageyards-display-component---NewYard--addressNewCostObjectCstID-vhi\"]"}
COMMAND: POST /session/5635ff3a58dcb7e64f288300af2e9ad3/execute/sync - {"script":"<script> [8489 bytes]","args":[{"element-6066-11e4-a52e-4f735466cecf":"f.ED9453BD34BB61637EDB63CE7F048255.d.9A5ECF58AE48D9340422105C68862EDB.e.2707","ELEMENT":"f.ED9453BD34BB61637EDB63CE7F048255.d.9A5ECF58AE48D9340422105C68862EDB.e.2707"}]}
RESULT: {"script":"<script> [8489 bytes]","args":[{"element-6066-11e4-a52e-4f735466cecf":"f.ED9453BD34BB61637EDB63CE7F048255.d.9A5ECF58AE48D9340422105C68862EDB.e.2707","ELEMENT":"f.ED9453BD34BB61637EDB63CE7F048255.d.9A5ECF58AE48D9340422105C68862EDB.e.2707"}]}
COMMAND: POST /session/5635ff3a58dcb7e64f288300af2e9ad3/execute/async - {"script":"<script> [1562 bytes]","args":[{"selector":{"id":"application-manageyards-display-component---NewYard--addressNewCostObjectCstID-vhi"},"wdio_ui5_key":"applicationmanageyards-display-component---NewYard--addressNewCostObjectCstID-vhi"}]}
COMMAND: GET /session/5635ff3a58dcb7e64f288300af2e9ad3/screenshot - {}
RESULT: {"script":"<script> [1562 bytes]","args":[{"selector":{"id":"application-manageyards-display-component---NewYard--addressNewCostObjectCstID-vhi"},"wdio_ui5_key":"applicationmanageyards-display-component---NewYard--addressNewCostObjectCstID-vhi"}]}
RESULT: undefined
COMMAND: POST /session/5635ff3a58dcb7e64f288300af2e9ad3/element - {"using":"xpath","value":"//*[@id=\"application-manageyards-display-component---NewYard--addressNewCostObjectCstID-vhi\"]"}
RESULT: {}
RESULT: {"using":"xpath","value":"//*[@id=\"application-manageyards-display-component---NewYard--addressNewCostObjectCstID-vhi\"]"}
COMMAND: POST /session/5635ff3a58dcb7e64f288300af2e9ad3/element/f.ED9453BD34BB61637EDB63CE7F048255.d.9A5ECF58AE48D9340422105C68862EDB.e.2707/click - {}
RESULT: {}
COMMAND: GET /session/5635ff3a58dcb7e64f288300af2e9ad3/screenshot - {}
RESULT: {}
COMMAND: POST /session/5635ff3a58dcb7e64f288300af2e9ad3/execute/async - {"script":"<script> [1562 bytes]","args":[{"selector":{"controlType":"sap.m.SearchField","properties":{"placeholder":"Search"},"searchOpenDialogs":true,"interaction":{"idSuffix":"I"}},"wdio_ui5_key":"sapm.SearchField{\"placeholder\":\"Search\"}"}]}
RESULT: {"script":"<script> [1562 bytes]","args":[{"selector":{"controlType":"sap.m.SearchField","properties":{"placeholder":"Search"},"searchOpenDialogs":true,"interaction":{"idSuffix":"I"}},"wdio_ui5_key":"sapm.SearchField{\"placeholder\":\"Search\"}"}]}
RESULT: undefined
COMMAND: POST /session/5635ff3a58dcb7e64f288300af2e9ad3/execute/async - {"script":"<script> [776 bytes]","args":[{"enterText":"bauh_b","selector":{"controlType":"sap.m.SearchField","properties":{"placeholder":"Search"},"searchOpenDialogs":true,"interaction":{"idSuffix":"I"}},"clearTextFirst":true,"interactionType":"ENTER_TEXT"}]}
RESULT: {"script":"<script> [776 bytes]","args":[{"enterText":"bauh_b","selector":{"controlType":"sap.m.SearchField","properties":{"placeholder":"Search"},"searchOpenDialogs":true,"interaction":{"idSuffix":"I"}},"clearTextFirst":true,"interactionType":"ENTER_TEXT"}]}
COMMAND: POST /session/5635ff3a58dcb7e64f288300af2e9ad3/actions - {"actions":[{"id":"action1","type":"key","parameters":{},"actions":[{"type":"keyDown","value":""},{"type":"pause","duration":10},{"type":"keyUp","value":""}]}]}
RESULT: {"actions":[{"id":"action1","type":"key","parameters":{},"actions":[{"type":"keyDown","value":""},{"type":"pause","duration":10},{"type":"keyUp","value":""}]}]}
COMMAND: GET /session/5635ff3a58dcb7e64f288300af2e9ad3/screenshot - {}
RESULT: {}
COMMAND: POST /session/5635ff3a58dcb7e64f288300af2e9ad3/element - {"using":"xpath","value":"//span[contains(text(), \"Demo Yard\")]"}
RESULT: {"using":"xpath","value":"//span[contains(text(), \"Demo Yard\")]"}
COMMAND: POST /session/5635ff3a58dcb7e64f288300af2e9ad3/element/f.ED9453BD34BB61637EDB63CE7F048255.d.9A5ECF58AE48D9340422105C68862EDB.e.2747/click - {}
RESULT: {}
COMMAND: GET /session/5635ff3a58dcb7e64f288300af2e9ad3/screenshot - {}
RESULT: {}
COMMAND: POST /session/5635ff3a58dcb7e64f288300af2e9ad3/element - {"using":"xpath","value":"//bdi[contains(text(), \"OK\")]"}
RESULT: {"using":"xpath","value":"//bdi[contains(text(), \"OK\")]"}
COMMAND: POST /session/5635ff3a58dcb7e64f288300af2e9ad3/element/f.ED9453BD34BB61637EDB63CE7F048255.d.9A5ECF58AE48D9340422105C68862EDB.e.2748/click - {}
RESULT: {}
COMMAND: GET /session/5635ff3a58dcb7e64f288300af2e9ad3/screenshot - {}
RESULT: {}
COMMAND: POST /session/5635ff3a58dcb7e64f288300af2e9ad3/execute/async - {"script":"<script> [1562 bytes]","args":[{"selector":{"id":"application-manageyards-display-component---NewYard--addressEditDetailsCurrency-arrow"},"wdio_ui5_key":"applicationmanageyards-display-component---NewYard--addressEditDetailsCurrency-arrow"}]}
RESULT: {"script":"<script> [1562 bytes]","args":[{"selector":{"id":"application-manageyards-display-component---NewYard--addressEditDetailsCurrency-arrow"},"wdio_ui5_key":"applicationmanageyards-display-component---NewYard--addressEditDetailsCurrency-arrow"}]}
RESULT: undefined
COMMAND: POST /session/5635ff3a58dcb7e64f288300af2e9ad3/element - {"using":"xpath","value":"//*[@id=\"application-manageyards-display-component---NewYard--addressEditDetailsCurrency-arrow\"]"}
RESULT: {"using":"xpath","value":"//*[@id=\"application-manageyards-display-component---NewYard--addressEditDetailsCurrency-arrow\"]"}
COMMAND: POST /session/5635ff3a58dcb7e64f288300af2e9ad3/element/f.ED9453BD34BB61637EDB63CE7F048255.d.9A5ECF58AE48D9340422105C68862EDB.e.2751/click - {}
RESULT: {}
COMMAND: POST /session/5635ff3a58dcb7e64f288300af2e9ad3/element - {"using":"xpath","value":"//span[contains(text(), \"Euro\")]"}
COMMAND: GET /session/5635ff3a58dcb7e64f288300af2e9ad3/screenshot - {}
RESULT: {"using":"xpath","value":"//span[contains(text(), \"Euro\")]"}
COMMAND: POST /session/5635ff3a58dcb7e64f288300af2e9ad3/element/f.ED9453BD34BB61637EDB63CE7F048255.d.9A5ECF58AE48D9340422105C68862EDB.e.2752/click - {}
RESULT: {}
RESULT: {}
COMMAND: POST /session/5635ff3a58dcb7e64f288300af2e9ad3/execute/async - {"script":"<script> [1562 bytes]","args":[{"selector":{"controlType":"sap.m.Input","viewName":"etm.portal.ui.manageyards.view.New","viewId":"application-manageyards-display-component---NewYard","bindingPath":{"path":"","propertyPath":"/CONTROLLING_AREA","modelName":"NewYardModel"},"interaction":{"idSuffix":"inner"}},"wdio_ui5_key":"etmportal.ui.manageyards.view.Newsap.m.Input{\"path\":\"\",\"propertyPath\":\"/CONTROLLING_AREA\",\"modelName\":\"NewYardModel\"}"}]}
COMMAND: GET /session/5635ff3a58dcb7e64f288300af2e9ad3/screenshot - {}
RESULT: {"script":"<script> [1562 bytes]","args":[{"selector":{"controlType":"sap.m.Input","viewName":"etm.portal.ui.manageyards.view.New","viewId":"application-manageyards-display-component---NewYard","bindingPath":{"path":"","propertyPath":"/CONTROLLING_AREA","modelName":"NewYardModel"},"interaction":{"idSuffix":"inner"}},"wdio_ui5_key":"etmportal.ui.manageyards.view.Newsap.m.Input{\"path\":\"\",\"propertyPath\":\"/CONTROLLING_AREA\",\"modelName\":\"NewYardModel\"}"}]}
RESULT: undefined
COMMAND: POST /session/5635ff3a58dcb7e64f288300af2e9ad3/execute/async - {"script":"<script> [776 bytes]","args":[{"enterText":"Z001","selector":{"controlType":"sap.m.Input","viewName":"etm.portal.ui.manageyards.view.New","viewId":"application-manageyards-display-component---NewYard","bindingPath":{"path":"","propertyPath":"/CONTROLLING_AREA","modelName":"NewYardModel"},"interaction":{"idSuffix":"inner"}},"clearTextFirst":true,"interactionType":"ENTER_TEXT"}]}
RESULT: {}
RESULT: {"script":"<script> [776 bytes]","args":[{"enterText":"Z001","selector":{"controlType":"sap.m.Input","viewName":"etm.portal.ui.manageyards.view.New","viewId":"application-manageyards-display-component---NewYard","bindingPath":{"path":"","propertyPath":"/CONTROLLING_AREA","modelName":"NewYardModel"},"interaction":{"idSuffix":"inner"}},"clearTextFirst":true,"interactionType":"ENTER_TEXT"}]}
COMMAND: POST /session/5635ff3a58dcb7e64f288300af2e9ad3/execute/async - {"script":"<script> [1562 bytes]","args":[{"selector":{"id":"application-manageyards-display-component---NewYard--companyCodeComboBox","interaction":{"idSuffix":"inner"}},"wdio_ui5_key":"applicationmanageyards-display-component---NewYard--companyCodeComboBox"}]}
RESULT: {"script":"<script> [1562 bytes]","args":[{"selector":{"id":"application-manageyards-display-component---NewYard--companyCodeComboBox","interaction":{"idSuffix":"inner"}},"wdio_ui5_key":"applicationmanageyards-display-component---NewYard--companyCodeComboBox"}]}
RESULT: undefined
COMMAND: POST /session/5635ff3a58dcb7e64f288300af2e9ad3/execute/async - {"script":"<script> [776 bytes]","args":[{"enterText":"1000","selector":{"id":"application-manageyards-display-component---NewYard--companyCodeComboBox","interaction":{"idSuffix":"inner"}},"clearTextFirst":true,"interactionType":"ENTER_TEXT"}]}
RESULT: {"script":"<script> [776 bytes]","args":[{"enterText":"1000","selector":{"id":"application-manageyards-display-component---NewYard--companyCodeComboBox","interaction":{"idSuffix":"inner"}},"clearTextFirst":true,"interactionType":"ENTER_TEXT"}]}
COMMAND: POST /session/5635ff3a58dcb7e64f288300af2e9ad3/execute/async - {"script":"<script> [1562 bytes]","args":[{"selector":{"controlType":"sap.m.Input","viewName":"etm.portal.ui.manageyards.view.New","viewId":"application-manageyards-display-component---NewYard","bindingPath":{"path":"","propertyPath":"/PLANT","modelName":"NewYardModel"},"interaction":{"idSuffix":"inner"}},"wdio_ui5_key":"etmportal.ui.manageyards.view.Newsap.m.Input{\"path\":\"\",\"propertyPath\":\"/PLANT\",\"modelName\":\"NewYardModel\"}"}]}
RESULT: {"script":"<script> [1562 bytes]","args":[{"selector":{"controlType":"sap.m.Input","viewName":"etm.portal.ui.manageyards.view.New","viewId":"application-manageyards-display-component---NewYard","bindingPath":{"path":"","propertyPath":"/PLANT","modelName":"NewYardModel"},"interaction":{"idSuffix":"inner"}},"wdio_ui5_key":"etmportal.ui.manageyards.view.Newsap.m.Input{\"path\":\"\",\"propertyPath\":\"/PLANT\",\"modelName\":\"NewYardModel\"}"}]}
RESULT: undefined
COMMAND: POST /session/5635ff3a58dcb7e64f288300af2e9ad3/execute/async - {"script":"<script> [776 bytes]","args":[{"enterText":"1001","selector":{"controlType":"sap.m.Input","viewName":"etm.portal.ui.manageyards.view.New","viewId":"application-manageyards-display-component---NewYard","bindingPath":{"path":"","propertyPath":"/PLANT","modelName":"NewYardModel"},"interaction":{"idSuffix":"inner"}},"clearTextFirst":true,"interactionType":"ENTER_TEXT"}]}
RESULT: {"script":"<script> [776 bytes]","args":[{"enterText":"1001","selector":{"controlType":"sap.m.Input","viewName":"etm.portal.ui.manageyards.view.New","viewId":"application-manageyards-display-component---NewYard","bindingPath":{"path":"","propertyPath":"/PLANT","modelName":"NewYardModel"},"interaction":{"idSuffix":"inner"}},"clearTextFirst":true,"interactionType":"ENTER_TEXT"}]}
COMMAND: POST /session/5635ff3a58dcb7e64f288300af2e9ad3/execute/async - {"script":"<script> [1562 bytes]","args":[{"selector":{"controlType":"sap.m.Input","viewName":"etm.portal.ui.manageyards.view.New","viewId":"application-manageyards-display-component---NewYard","bindingPath":{"path":"","propertyPath":"/SALES_AREA_VKORG","modelName":"NewYardModel"},"interaction":{"idSuffix":"inner"}},"wdio_ui5_key":"etmportal.ui.manageyards.view.Newsap.m.Input{\"path\":\"\",\"propertyPath\":\"/SALES_AREA_VKORG\",\"modelName\":\"NewYardModel\"}"}]}
RESULT: {"script":"<script> [1562 bytes]","args":[{"selector":{"controlType":"sap.m.Input","viewName":"etm.portal.ui.manageyards.view.New","viewId":"application-manageyards-display-component---NewYard","bindingPath":{"path":"","propertyPath":"/SALES_AREA_VKORG","modelName":"NewYardModel"},"interaction":{"idSuffix":"inner"}},"wdio_ui5_key":"etmportal.ui.manageyards.view.Newsap.m.Input{\"path\":\"\",\"propertyPath\":\"/SALES_AREA_VKORG\",\"modelName\":\"NewYardModel\"}"}]}
RESULT: undefined
COMMAND: POST /session/5635ff3a58dcb7e64f288300af2e9ad3/execute/async - {"script":"<script> [776 bytes]","args":[{"enterText":"C002","selector":{"controlType":"sap.m.Input","viewName":"etm.portal.ui.manageyards.view.New","viewId":"application-manageyards-display-component---NewYard","bindingPath":{"path":"","propertyPath":"/SALES_AREA_VKORG","modelName":"NewYardModel"},"interaction":{"idSuffix":"inner"}},"clearTextFirst":true,"interactionType":"ENTER_TEXT"}]}
RESULT: {"script":"<script> [776 bytes]","args":[{"enterText":"C002","selector":{"controlType":"sap.m.Input","viewName":"etm.portal.ui.manageyards.view.New","viewId":"application-manageyards-display-component---NewYard","bindingPath":{"path":"","propertyPath":"/SALES_AREA_VKORG","modelName":"NewYardModel"},"interaction":{"idSuffix":"inner"}},"clearTextFirst":true,"interactionType":"ENTER_TEXT"}]}
COMMAND: POST /session/5635ff3a58dcb7e64f288300af2e9ad3/execute/async - {"script":"<script> [1562 bytes]","args":[{"selector":{"controlType":"sap.m.Input","viewName":"etm.portal.ui.manageyards.view.New","viewId":"application-manageyards-display-component---NewYard","bindingPath":{"path":"","propertyPath":"/SALES_AREA_VTWEG","modelName":"NewYardModel"},"interaction":{"idSuffix":"inner"}},"wdio_ui5_key":"etmportal.ui.manageyards.view.Newsap.m.Input{\"path\":\"\",\"propertyPath\":\"/SALES_AREA_VTWEG\",\"modelName\":\"NewYardModel\"}"}]}
RESULT: {"script":"<script> [1562 bytes]","args":[{"selector":{"controlType":"sap.m.Input","viewName":"etm.portal.ui.manageyards.view.New","viewId":"application-manageyards-display-component---NewYard","bindingPath":{"path":"","propertyPath":"/SALES_AREA_VTWEG","modelName":"NewYardModel"},"interaction":{"idSuffix":"inner"}},"wdio_ui5_key":"etmportal.ui.manageyards.view.Newsap.m.Input{\"path\":\"\",\"propertyPath\":\"/SALES_AREA_VTWEG\",\"modelName\":\"NewYardModel\"}"}]}
RESULT: undefined
COMMAND: POST /session/5635ff3a58dcb7e64f288300af2e9ad3/execute/async - {"script":"<script> [776 bytes]","args":[{"enterText":"C2","selector":{"controlType":"sap.m.Input","viewName":"etm.portal.ui.manageyards.view.New","viewId":"application-manageyards-display-component---NewYard","bindingPath":{"path":"","propertyPath":"/SALES_AREA_VTWEG","modelName":"NewYardModel"},"interaction":{"idSuffix":"inner"}},"clearTextFirst":true,"interactionType":"ENTER_TEXT"}]}
RESULT: {"script":"<script> [776 bytes]","args":[{"enterText":"C2","selector":{"controlType":"sap.m.Input","viewName":"etm.portal.ui.manageyards.view.New","viewId":"application-manageyards-display-component---NewYard","bindingPath":{"path":"","propertyPath":"/SALES_AREA_VTWEG","modelName":"NewYardModel"},"interaction":{"idSuffix":"inner"}},"clearTextFirst":true,"interactionType":"ENTER_TEXT"}]}
COMMAND: POST /session/5635ff3a58dcb7e64f288300af2e9ad3/execute/async - {"script":"<script> [1562 bytes]","args":[{"selector":{"controlType":"sap.m.Input","viewName":"etm.portal.ui.manageyards.view.New","viewId":"application-manageyards-display-component---NewYard","bindingPath":{"path":"","propertyPath":"/SALES_AREA_SPART","modelName":"NewYardModel"},"interaction":{"idSuffix":"inner"}},"wdio_ui5_key":"etmportal.ui.manageyards.view.Newsap.m.Input{\"path\":\"\",\"propertyPath\":\"/SALES_AREA_SPART\",\"modelName\":\"NewYardModel\"}"}]}
RESULT: {"script":"<script> [1562 bytes]","args":[{"selector":{"controlType":"sap.m.Input","viewName":"etm.portal.ui.manageyards.view.New","viewId":"application-manageyards-display-component---NewYard","bindingPath":{"path":"","propertyPath":"/SALES_AREA_SPART","modelName":"NewYardModel"},"interaction":{"idSuffix":"inner"}},"wdio_ui5_key":"etmportal.ui.manageyards.view.Newsap.m.Input{\"path\":\"\",\"propertyPath\":\"/SALES_AREA_SPART\",\"modelName\":\"NewYardModel\"}"}]}
RESULT: undefined
COMMAND: POST /session/5635ff3a58dcb7e64f288300af2e9ad3/execute/async - {"script":"<script> [776 bytes]","args":[{"enterText":"C2","selector":{"controlType":"sap.m.Input","viewName":"etm.portal.ui.manageyards.view.New","viewId":"application-manageyards-display-component---NewYard","bindingPath":{"path":"","propertyPath":"/SALES_AREA_SPART","modelName":"NewYardModel"},"interaction":{"idSuffix":"inner"}},"clearTextFirst":true,"interactionType":"ENTER_TEXT"}]}
RESULT: {"script":"<script> [776 bytes]","args":[{"enterText":"C2","selector":{"controlType":"sap.m.Input","viewName":"etm.portal.ui.manageyards.view.New","viewId":"application-manageyards-display-component---NewYard","bindingPath":{"path":"","propertyPath":"/SALES_AREA_SPART","modelName":"NewYardModel"},"interaction":{"idSuffix":"inner"}},"clearTextFirst":true,"interactionType":"ENTER_TEXT"}]}
COMMAND: POST /session/5635ff3a58dcb7e64f288300af2e9ad3/execute/async - {"script":"<script> [1562 bytes]","args":[{"selector":{"controlType":"sap.m.Input","viewName":"etm.portal.ui.manageyards.view.New","viewId":"application-manageyards-display-component---NewYard","bindingPath":{"path":"","propertyPath":"/SHIP_POINT","modelName":"NewYardModel"},"interaction":{"idSuffix":"inner"}},"wdio_ui5_key":"etmportal.ui.manageyards.view.Newsap.m.Input{\"path\":\"\",\"propertyPath\":\"/SHIP_POINT\",\"modelName\":\"NewYardModel\"}"}]}
RESULT: {"script":"<script> [1562 bytes]","args":[{"selector":{"controlType":"sap.m.Input","viewName":"etm.portal.ui.manageyards.view.New","viewId":"application-manageyards-display-component---NewYard","bindingPath":{"path":"","propertyPath":"/SHIP_POINT","modelName":"NewYardModel"},"interaction":{"idSuffix":"inner"}},"wdio_ui5_key":"etmportal.ui.manageyards.view.Newsap.m.Input{\"path\":\"\",\"propertyPath\":\"/SHIP_POINT\",\"modelName\":\"NewYardModel\"}"}]}
RESULT: undefined
COMMAND: POST /session/5635ff3a58dcb7e64f288300af2e9ad3/execute/async - {"script":"<script> [776 bytes]","args":[{"enterText":"1710","selector":{"controlType":"sap.m.Input","viewName":"etm.portal.ui.manageyards.view.New","viewId":"application-manageyards-display-component---NewYard","bindingPath":{"path":"","propertyPath":"/SHIP_POINT","modelName":"NewYardModel"},"interaction":{"idSuffix":"inner"}},"clearTextFirst":true,"interactionType":"ENTER_TEXT"}]}
RESULT: {"script":"<script> [776 bytes]","args":[{"enterText":"1710","selector":{"controlType":"sap.m.Input","viewName":"etm.portal.ui.manageyards.view.New","viewId":"application-manageyards-display-component---NewYard","bindingPath":{"path":"","propertyPath":"/SHIP_POINT","modelName":"NewYardModel"},"interaction":{"idSuffix":"inner"}},"clearTextFirst":true,"interactionType":"ENTER_TEXT"}]}
COMMAND: POST /session/5635ff3a58dcb7e64f288300af2e9ad3/execute/async - {"script":"<script> [1562 bytes]","args":[{"selector":{"controlType":"sap.m.Input","viewName":"etm.portal.ui.manageyards.view.New","viewId":"application-manageyards-display-component---NewYard","bindingPath":{"path":"","propertyPath":"/DELIVERY_TYPE","modelName":"NewYardModel"},"interaction":{"idSuffix":"inner"}},"wdio_ui5_key":"etmportal.ui.manageyards.view.Newsap.m.Input{\"path\":\"\",\"propertyPath\":\"/DELIVERY_TYPE\",\"modelName\":\"NewYardModel\"}"}]}
RESULT: {"script":"<script> [1562 bytes]","args":[{"selector":{"controlType":"sap.m.Input","viewName":"etm.portal.ui.manageyards.view.New","viewId":"application-manageyards-display-component---NewYard","bindingPath":{"path":"","propertyPath":"/DELIVERY_TYPE","modelName":"NewYardModel"},"interaction":{"idSuffix":"inner"}},"wdio_ui5_key":"etmportal.ui.manageyards.view.Newsap.m.Input{\"path\":\"\",\"propertyPath\":\"/DELIVERY_TYPE\",\"modelName\":\"NewYardModel\"}"}]}
RESULT: undefined
COMMAND: POST /session/5635ff3a58dcb7e64f288300af2e9ad3/execute/async - {"script":"<script> [776 bytes]","args":[{"enterText":"ZL01","selector":{"controlType":"sap.m.Input","viewName":"etm.portal.ui.manageyards.view.New","viewId":"application-manageyards-display-component---NewYard","bindingPath":{"path":"","propertyPath":"/DELIVERY_TYPE","modelName":"NewYardModel"},"interaction":{"idSuffix":"inner"}},"clearTextFirst":true,"interactionType":"ENTER_TEXT"}]}
RESULT: {"script":"<script> [776 bytes]","args":[{"enterText":"ZL01","selector":{"controlType":"sap.m.Input","viewName":"etm.portal.ui.manageyards.view.New","viewId":"application-manageyards-display-component---NewYard","bindingPath":{"path":"","propertyPath":"/DELIVERY_TYPE","modelName":"NewYardModel"},"interaction":{"idSuffix":"inner"}},"clearTextFirst":true,"interactionType":"ENTER_TEXT"}]}
COMMAND: POST /session/5635ff3a58dcb7e64f288300af2e9ad3/execute/async - {"script":"<script> [1562 bytes]","args":[{"selector":{"controlType":"sap.m.Input","viewName":"etm.portal.ui.manageyards.view.New","viewId":"application-manageyards-display-component---NewYard","bindingPath":{"path":"","propertyPath":"/AUART","modelName":"NewYardModel"},"interaction":{"idSuffix":"inner"}},"wdio_ui5_key":"etmportal.ui.manageyards.view.Newsap.m.Input{\"path\":\"\",\"propertyPath\":\"/AUART\",\"modelName\":\"NewYardModel\"}"}]}
RESULT: {"script":"<script> [1562 bytes]","args":[{"selector":{"controlType":"sap.m.Input","viewName":"etm.portal.ui.manageyards.view.New","viewId":"application-manageyards-display-component---NewYard","bindingPath":{"path":"","propertyPath":"/AUART","modelName":"NewYardModel"},"interaction":{"idSuffix":"inner"}},"wdio_ui5_key":"etmportal.ui.manageyards.view.Newsap.m.Input{\"path\":\"\",\"propertyPath\":\"/AUART\",\"modelName\":\"NewYardModel\"}"}]}
RESULT: undefined
COMMAND: POST /session/5635ff3a58dcb7e64f288300af2e9ad3/execute/async - {"script":"<script> [776 bytes]","args":[{"enterText":"TA","selector":{"controlType":"sap.m.Input","viewName":"etm.portal.ui.manageyards.view.New","viewId":"application-manageyards-display-component---NewYard","bindingPath":{"path":"","propertyPath":"/AUART","modelName":"NewYardModel"},"interaction":{"idSuffix":"inner"}},"clearTextFirst":true,"interactionType":"ENTER_TEXT"}]}
RESULT: {"script":"<script> [776 bytes]","args":[{"enterText":"TA","selector":{"controlType":"sap.m.Input","viewName":"etm.portal.ui.manageyards.view.New","viewId":"application-manageyards-display-component---NewYard","bindingPath":{"path":"","propertyPath":"/AUART","modelName":"NewYardModel"},"interaction":{"idSuffix":"inner"}},"clearTextFirst":true,"interactionType":"ENTER_TEXT"}]}
COMMAND: POST /session/5635ff3a58dcb7e64f288300af2e9ad3/element - {"using":"xpath","value":"//button[@data-kt=\"newYardSaveButton\"]"}
RESULT: {"using":"xpath","value":"//button[@data-kt=\"newYardSaveButton\"]"}
COMMAND: POST /session/5635ff3a58dcb7e64f288300af2e9ad3/element/f.ED9453BD34BB61637EDB63CE7F048255.d.9A5ECF58AE48D9340422105C68862EDB.e.2679/click - {}
RESULT: {}
COMMAND: GET /session/5635ff3a58dcb7e64f288300af2e9ad3/screenshot - {}
RESULT: {}
COMMAND: POST /session/5635ff3a58dcb7e64f288300af2e9ad3/element - {"using":"xpath","value":"//header[contains(@id, 'ObjectPageLayout-headerTitle')]/div[1]/div[2]/div[1]/span[1]"}
RESULT: {"using":"xpath","value":"//header[contains(@id, 'ObjectPageLayout-headerTitle')]/div[1]/div[2]/div[1]/span[1]"}
COMMAND: POST /session/5635ff3a58dcb7e64f288300af2e9ad3/elements - {"using":"xpath","value":"//header[contains(@id, 'ObjectPageLayout-headerTitle')]/div[1]/div[2]/div[1]/span[1]"}
RESULT: {"using":"xpath","value":"//header[contains(@id, 'ObjectPageLayout-headerTitle')]/div[1]/div[2]/div[1]/span[1]"}
COMMAND: POST /session/5635ff3a58dcb7e64f288300af2e9ad3/execute/sync - {"script":"<script> [56 bytes]","args":[{"element-6066-11e4-a52e-4f735466cecf":"f.ED9453BD34BB61637EDB63CE7F048255.d.9A5ECF58AE48D9340422105C68862EDB.e.2972","ELEMENT":"f.ED9453BD34BB61637EDB63CE7F048255.d.9A5ECF58AE48D9340422105C68862EDB.e.2972"}]}
RESULT: {"script":"<script> [56 bytes]","args":[{"element-6066-11e4-a52e-4f735466cecf":"f.ED9453BD34BB61637EDB63CE7F048255.d.9A5ECF58AE48D9340422105C68862EDB.e.2972","ELEMENT":"f.ED9453BD34BB61637EDB63CE7F048255.d.9A5ECF58AE48D9340422105C68862EDB.e.2972"}]}
COMMAND: GET /session/5635ff3a58dcb7e64f288300af2e9ad3/screenshot - {}
RESULT: {}
COMMAND: POST /session/5635ff3a58dcb7e64f288300af2e9ad3/element - {"using":"css selector","value":"#shell-header-logo"}
RESULT: {"using":"css selector","value":"#shell-header-logo"}
COMMAND: POST /session/5635ff3a58dcb7e64f288300af2e9ad3/element/f.ED9453BD34BB61637EDB63CE7F048255.d.9A5ECF58AE48D9340422105C68862EDB.e.2227/click - {}
RESULT: {}
COMMAND: GET /session/5635ff3a58dcb7e64f288300af2e9ad3/screenshot - {}
RESULT: {}
COMMAND: POST /session/5635ff3a58dcb7e64f288300af2e9ad3/execute/sync - {"script":"<script> [299 bytes]","args":[["getModel","getResource"]]}
RESULT: {"script":"<script> [299 bytes]","args":[["getModel","getResource"]]}
]]></system-out>
    </testcase>
    <testcase classname="chrome.136_0_7103_93.windows.Billing_Transfer_-_Master_data_&amp;_Intercompany_US127250" name="Should create a new partner" time="139.142">
      <system-out><![CDATA[
COMMAND: POST /session/5635ff3a58dcb7e64f288300af2e9ad3/window/fullscreen - {}
COMMAND: GET /session/5635ff3a58dcb7e64f288300af2e9ad3/screenshot - {}
RESULT: {}
COMMAND: POST /session/5635ff3a58dcb7e64f288300af2e9ad3/execute/async - {"script":"<script> [1562 bytes]","args":[{"selector":{"controlType":"sap.m.GenericTile","properties":{"header":"Manage Partners"}},"wdio_ui5_key":"sapm.GenericTile{\"header\":\"Manage Partners\"}"}]}
RESULT: {}
RESULT: {"script":"<script> [1562 bytes]","args":[{"selector":{"controlType":"sap.m.GenericTile","properties":{"header":"Manage Partners"}},"wdio_ui5_key":"sapm.GenericTile{\"header\":\"Manage Partners\"}"}]}
RESULT: undefined
COMMAND: POST /session/5635ff3a58dcb7e64f288300af2e9ad3/element - {"using":"xpath","value":"//*[@id=\"__tile38\"]"}
RESULT: {"using":"xpath","value":"//*[@id=\"__tile38\"]"}
COMMAND: POST /session/5635ff3a58dcb7e64f288300af2e9ad3/element/f.ED9453BD34BB61637EDB63CE7F048255.d.9A5ECF58AE48D9340422105C68862EDB.e.2113/click - {}
RESULT: {}
COMMAND: GET /session/5635ff3a58dcb7e64f288300af2e9ad3/screenshot - {}
RESULT: {}
COMMAND: POST /session/5635ff3a58dcb7e64f288300af2e9ad3/elements - {"using":"xpath","value":"//span[text()='Error']"}
RESULT: {"using":"xpath","value":"//span[text()='Error']"}
COMMAND: POST /session/5635ff3a58dcb7e64f288300af2e9ad3/element - {"using":"xpath","value":"//button[@data-kt=\"addButton\"]"}
RESULT: {"using":"xpath","value":"//button[@data-kt=\"addButton\"]"}
COMMAND: POST /session/5635ff3a58dcb7e64f288300af2e9ad3/elements - {"using":"xpath","value":"//button[@data-kt=\"addButton\"]"}
RESULT: {"using":"xpath","value":"//button[@data-kt=\"addButton\"]"}
COMMAND: POST /session/5635ff3a58dcb7e64f288300af2e9ad3/elements - {"using":"xpath","value":"//button[@data-kt=\"addButton\"]"}
RESULT: {"using":"xpath","value":"//button[@data-kt=\"addButton\"]"}
COMMAND: POST /session/5635ff3a58dcb7e64f288300af2e9ad3/element - {"using":"xpath","value":"//button[@data-kt=\"addButton\"]"}
RESULT: {"using":"xpath","value":"//button[@data-kt=\"addButton\"]"}
COMMAND: POST /session/5635ff3a58dcb7e64f288300af2e9ad3/execute/sync - {"script":"<script> [8489 bytes]","args":[{"element-6066-11e4-a52e-4f735466cecf":"f.ED9453BD34BB61637EDB63CE7F048255.d.9A5ECF58AE48D9340422105C68862EDB.e.3011","ELEMENT":"f.ED9453BD34BB61637EDB63CE7F048255.d.9A5ECF58AE48D9340422105C68862EDB.e.3011"}]}
RESULT: {"script":"<script> [8489 bytes]","args":[{"element-6066-11e4-a52e-4f735466cecf":"f.ED9453BD34BB61637EDB63CE7F048255.d.9A5ECF58AE48D9340422105C68862EDB.e.3011","ELEMENT":"f.ED9453BD34BB61637EDB63CE7F048255.d.9A5ECF58AE48D9340422105C68862EDB.e.3011"}]}
COMMAND: GET /session/5635ff3a58dcb7e64f288300af2e9ad3/element/f.ED9453BD34BB61637EDB63CE7F048255.d.9A5ECF58AE48D9340422105C68862EDB.e.3011/enabled - {}
COMMAND: GET /session/5635ff3a58dcb7e64f288300af2e9ad3/screenshot - {}
RESULT: {}
COMMAND: POST /session/5635ff3a58dcb7e64f288300af2e9ad3/execute/sync - {"script":"<script> [8489 bytes]","args":[{"element-6066-11e4-a52e-4f735466cecf":"f.ED9453BD34BB61637EDB63CE7F048255.d.9A5ECF58AE48D9340422105C68862EDB.e.3011","ELEMENT":"f.ED9453BD34BB61637EDB63CE7F048255.d.9A5ECF58AE48D9340422105C68862EDB.e.3011"}]}
COMMAND: GET /session/5635ff3a58dcb7e64f288300af2e9ad3/screenshot - {}
RESULT: {}
RESULT: {"script":"<script> [8489 bytes]","args":[{"element-6066-11e4-a52e-4f735466cecf":"f.ED9453BD34BB61637EDB63CE7F048255.d.9A5ECF58AE48D9340422105C68862EDB.e.3011","ELEMENT":"f.ED9453BD34BB61637EDB63CE7F048255.d.9A5ECF58AE48D9340422105C68862EDB.e.3011"}]}
COMMAND: POST /session/5635ff3a58dcb7e64f288300af2e9ad3/execute/sync - {"script":"<script> [5351 bytes]","args":[{"element-6066-11e4-a52e-4f735466cecf":"f.ED9453BD34BB61637EDB63CE7F048255.d.9A5ECF58AE48D9340422105C68862EDB.e.3011","ELEMENT":"f.ED9453BD34BB61637EDB63CE7F048255.d.9A5ECF58AE48D9340422105C68862EDB.e.3011"}]}
COMMAND: GET /session/5635ff3a58dcb7e64f288300af2e9ad3/screenshot - {}
RESULT: {}
RESULT: {"script":"<script> [5351 bytes]","args":[{"element-6066-11e4-a52e-4f735466cecf":"f.ED9453BD34BB61637EDB63CE7F048255.d.9A5ECF58AE48D9340422105C68862EDB.e.3011","ELEMENT":"f.ED9453BD34BB61637EDB63CE7F048255.d.9A5ECF58AE48D9340422105C68862EDB.e.3011"}]}
COMMAND: POST /session/5635ff3a58dcb7e64f288300af2e9ad3/element/f.ED9453BD34BB61637EDB63CE7F048255.d.9A5ECF58AE48D9340422105C68862EDB.e.3011/click - {}
COMMAND: GET /session/5635ff3a58dcb7e64f288300af2e9ad3/screenshot - {}
RESULT: {}
RESULT: {}
COMMAND: GET /session/5635ff3a58dcb7e64f288300af2e9ad3/screenshot - {}
COMMAND: POST /session/5635ff3a58dcb7e64f288300af2e9ad3/execute/async - {"script":"<script> [1562 bytes]","args":[{"selector":{"id":"application-managepartners-display-component---NewPartner--addressDetailDetailsName1","interaction":{"idSuffix":"inner"}},"wdio_ui5_key":"applicationmanagepartners-display-component---NewPartner--addressDetailDetailsName1"}]}
RESULT: {}
RESULT: {}
RESULT: {"script":"<script> [1562 bytes]","args":[{"selector":{"id":"application-managepartners-display-component---NewPartner--addressDetailDetailsName1","interaction":{"idSuffix":"inner"}},"wdio_ui5_key":"applicationmanagepartners-display-component---NewPartner--addressDetailDetailsName1"}]}
RESULT: undefined
COMMAND: POST /session/5635ff3a58dcb7e64f288300af2e9ad3/execute/async - {"script":"<script> [776 bytes]","args":[{"enterText":"Intercompany Partner WDIO","selector":{"id":"application-managepartners-display-component---NewPartner--addressDetailDetailsName1","interaction":{"idSuffix":"inner"}},"clearTextFirst":true,"interactionType":"ENTER_TEXT"}]}
RESULT: {"script":"<script> [776 bytes]","args":[{"enterText":"Intercompany Partner WDIO","selector":{"id":"application-managepartners-display-component---NewPartner--addressDetailDetailsName1","interaction":{"idSuffix":"inner"}},"clearTextFirst":true,"interactionType":"ENTER_TEXT"}]}
COMMAND: POST /session/5635ff3a58dcb7e64f288300af2e9ad3/execute/async - {"script":"<script> [1562 bytes]","args":[{"selector":{"id":"application-managepartners-display-component---NewPartner--addressDetailDetailsLanguage-arrow"},"wdio_ui5_key":"applicationmanagepartners-display-component---NewPartner--addressDetailDetailsLanguage-arrow"}]}
RESULT: {"script":"<script> [1562 bytes]","args":[{"selector":{"id":"application-managepartners-display-component---NewPartner--addressDetailDetailsLanguage-arrow"},"wdio_ui5_key":"applicationmanagepartners-display-component---NewPartner--addressDetailDetailsLanguage-arrow"}]}
RESULT: undefined
COMMAND: POST /session/5635ff3a58dcb7e64f288300af2e9ad3/element - {"using":"xpath","value":"//*[@id=\"application-managepartners-display-component---NewPartner--addressDetailDetailsLanguage-arrow\"]"}
RESULT: {"using":"xpath","value":"//*[@id=\"application-managepartners-display-component---NewPartner--addressDetailDetailsLanguage-arrow\"]"}
COMMAND: POST /session/5635ff3a58dcb7e64f288300af2e9ad3/element/f.ED9453BD34BB61637EDB63CE7F048255.d.9A5ECF58AE48D9340422105C68862EDB.e.3465/click - {}
RESULT: {}
COMMAND: POST /session/5635ff3a58dcb7e64f288300af2e9ad3/element - {"using":"xpath","value":"//span[contains(text(), \"English\")]"}
COMMAND: GET /session/5635ff3a58dcb7e64f288300af2e9ad3/screenshot - {}
RESULT: {"using":"xpath","value":"//span[contains(text(), \"English\")]"}
COMMAND: POST /session/5635ff3a58dcb7e64f288300af2e9ad3/element/f.ED9453BD34BB61637EDB63CE7F048255.d.9A5ECF58AE48D9340422105C68862EDB.e.3466/click - {}
RESULT: {}
RESULT: {}
COMMAND: GET /session/5635ff3a58dcb7e64f288300af2e9ad3/screenshot - {}
RESULT: {}
COMMAND: POST /session/5635ff3a58dcb7e64f288300af2e9ad3/execute/async - {"script":"<script> [1562 bytes]","args":[{"selector":{"id":"application-managepartners-display-component---NewPartner--addressDetailDetailsCity1","interaction":{"idSuffix":"inner"}},"wdio_ui5_key":"applicationmanagepartners-display-component---NewPartner--addressDetailDetailsCity1"}]}
RESULT: {"script":"<script> [1562 bytes]","args":[{"selector":{"id":"application-managepartners-display-component---NewPartner--addressDetailDetailsCity1","interaction":{"idSuffix":"inner"}},"wdio_ui5_key":"applicationmanagepartners-display-component---NewPartner--addressDetailDetailsCity1"}]}
RESULT: undefined
COMMAND: POST /session/5635ff3a58dcb7e64f288300af2e9ad3/execute/async - {"script":"<script> [776 bytes]","args":[{"enterText":"Rosario","selector":{"id":"application-managepartners-display-component---NewPartner--addressDetailDetailsCity1","interaction":{"idSuffix":"inner"}},"clearTextFirst":true,"interactionType":"ENTER_TEXT"}]}
RESULT: {"script":"<script> [776 bytes]","args":[{"enterText":"Rosario","selector":{"id":"application-managepartners-display-component---NewPartner--addressDetailDetailsCity1","interaction":{"idSuffix":"inner"}},"clearTextFirst":true,"interactionType":"ENTER_TEXT"}]}
COMMAND: POST /session/5635ff3a58dcb7e64f288300af2e9ad3/execute/async - {"script":"<script> [1562 bytes]","args":[{"selector":{"id":"application-managepartners-display-component---NewPartner--addressDetailDetailsCountry-arrow"},"wdio_ui5_key":"applicationmanagepartners-display-component---NewPartner--addressDetailDetailsCountry-arrow"}]}
RESULT: {"script":"<script> [1562 bytes]","args":[{"selector":{"id":"application-managepartners-display-component---NewPartner--addressDetailDetailsCountry-arrow"},"wdio_ui5_key":"applicationmanagepartners-display-component---NewPartner--addressDetailDetailsCountry-arrow"}]}
RESULT: undefined
COMMAND: POST /session/5635ff3a58dcb7e64f288300af2e9ad3/element - {"using":"xpath","value":"//*[@id=\"application-managepartners-display-component---NewPartner--addressDetailDetailsCountry-arrow\"]"}
RESULT: {"using":"xpath","value":"//*[@id=\"application-managepartners-display-component---NewPartner--addressDetailDetailsCountry-arrow\"]"}
COMMAND: POST /session/5635ff3a58dcb7e64f288300af2e9ad3/element/f.ED9453BD34BB61637EDB63CE7F048255.d.9A5ECF58AE48D9340422105C68862EDB.e.3446/click - {}
RESULT: {}
COMMAND: POST /session/5635ff3a58dcb7e64f288300af2e9ad3/element - {"using":"xpath","value":"//span[contains(text(), \"Argentina\")]"}
COMMAND: GET /session/5635ff3a58dcb7e64f288300af2e9ad3/screenshot - {}
RESULT: {"using":"xpath","value":"//span[contains(text(), \"Argentina\")]"}
COMMAND: POST /session/5635ff3a58dcb7e64f288300af2e9ad3/element/f.ED9453BD34BB61637EDB63CE7F048255.d.9A5ECF58AE48D9340422105C68862EDB.e.3468/click - {}
RESULT: {}
RESULT: {}
COMMAND: GET /session/5635ff3a58dcb7e64f288300af2e9ad3/screenshot - {}
RESULT: {}
COMMAND: POST /session/5635ff3a58dcb7e64f288300af2e9ad3/element - {"using":"xpath","value":"//bdi[contains(text(), \"Commercial\")]"}
RESULT: {"using":"xpath","value":"//bdi[contains(text(), \"Commercial\")]"}
COMMAND: POST /session/5635ff3a58dcb7e64f288300af2e9ad3/element/f.ED9453BD34BB61637EDB63CE7F048255.d.9A5ECF58AE48D9340422105C68862EDB.e.3469/click - {}
RESULT: {}
COMMAND: GET /session/5635ff3a58dcb7e64f288300af2e9ad3/screenshot - {}
RESULT: {}
COMMAND: POST /session/5635ff3a58dcb7e64f288300af2e9ad3/execute/async - {"script":"<script> [1562 bytes]","args":[{"selector":{"id":"application-managepartners-display-component---NewPartner--partnerDetailInternal-arrow"},"wdio_ui5_key":"applicationmanagepartners-display-component---NewPartner--partnerDetailInternal-arrow"}]}
RESULT: {"script":"<script> [1562 bytes]","args":[{"selector":{"id":"application-managepartners-display-component---NewPartner--partnerDetailInternal-arrow"},"wdio_ui5_key":"applicationmanagepartners-display-component---NewPartner--partnerDetailInternal-arrow"}]}
RESULT: undefined
COMMAND: POST /session/5635ff3a58dcb7e64f288300af2e9ad3/element - {"using":"xpath","value":"//*[@id=\"application-managepartners-display-component---NewPartner--partnerDetailInternal-arrow\"]"}
RESULT: {"using":"xpath","value":"//*[@id=\"application-managepartners-display-component---NewPartner--partnerDetailInternal-arrow\"]"}
COMMAND: POST /session/5635ff3a58dcb7e64f288300af2e9ad3/element/f.ED9453BD34BB61637EDB63CE7F048255.d.9A5ECF58AE48D9340422105C68862EDB.e.3475/click - {}
RESULT: {}
COMMAND: POST /session/5635ff3a58dcb7e64f288300af2e9ad3/element - {"using":"xpath","value":"//span[contains(text(), \"Affiliated company\")]"}
COMMAND: GET /session/5635ff3a58dcb7e64f288300af2e9ad3/screenshot - {}
RESULT: {"using":"xpath","value":"//span[contains(text(), \"Affiliated company\")]"}
COMMAND: POST /session/5635ff3a58dcb7e64f288300af2e9ad3/element/f.ED9453BD34BB61637EDB63CE7F048255.d.9A5ECF58AE48D9340422105C68862EDB.e.3476/click - {}
RESULT: {}
RESULT: {}
COMMAND: POST /session/5635ff3a58dcb7e64f288300af2e9ad3/execute/async - {"script":"<script> [1562 bytes]","args":[{"selector":{"id":"application-managepartners-display-component---NewPartner--partnerDetailsCurrency-arrow"},"wdio_ui5_key":"applicationmanagepartners-display-component---NewPartner--partnerDetailsCurrency-arrow"}]}
COMMAND: GET /session/5635ff3a58dcb7e64f288300af2e9ad3/screenshot - {}
RESULT: {"script":"<script> [1562 bytes]","args":[{"selector":{"id":"application-managepartners-display-component---NewPartner--partnerDetailsCurrency-arrow"},"wdio_ui5_key":"applicationmanagepartners-display-component---NewPartner--partnerDetailsCurrency-arrow"}]}
RESULT: undefined
COMMAND: POST /session/5635ff3a58dcb7e64f288300af2e9ad3/element - {"using":"xpath","value":"//*[@id=\"application-managepartners-display-component---NewPartner--partnerDetailsCurrency-arrow\"]"}
RESULT: {}
RESULT: {"using":"xpath","value":"//*[@id=\"application-managepartners-display-component---NewPartner--partnerDetailsCurrency-arrow\"]"}
COMMAND: POST /session/5635ff3a58dcb7e64f288300af2e9ad3/element/f.ED9453BD34BB61637EDB63CE7F048255.d.9A5ECF58AE48D9340422105C68862EDB.e.3483/click - {}
RESULT: {}
COMMAND: POST /session/5635ff3a58dcb7e64f288300af2e9ad3/element - {"using":"xpath","value":"//span[contains(text(), \"Euro\")]"}
COMMAND: GET /session/5635ff3a58dcb7e64f288300af2e9ad3/screenshot - {}
RESULT: {"using":"xpath","value":"//span[contains(text(), \"Euro\")]"}
COMMAND: POST /session/5635ff3a58dcb7e64f288300af2e9ad3/element/f.ED9453BD34BB61637EDB63CE7F048255.d.9A5ECF58AE48D9340422105C68862EDB.e.3484/click - {}
RESULT: {}
RESULT: {}
COMMAND: POST /session/5635ff3a58dcb7e64f288300af2e9ad3/execute/async - {"script":"<script> [1562 bytes]","args":[{"selector":{"id":"application-managepartners-display-component---NewPartner--addressEditDetailsCostObjectCstType-arrow"},"wdio_ui5_key":"applicationmanagepartners-display-component---NewPartner--addressEditDetailsCostObjectCstType-arrow"}]}
COMMAND: GET /session/5635ff3a58dcb7e64f288300af2e9ad3/screenshot - {}
RESULT: {"script":"<script> [1562 bytes]","args":[{"selector":{"id":"application-managepartners-display-component---NewPartner--addressEditDetailsCostObjectCstType-arrow"},"wdio_ui5_key":"applicationmanagepartners-display-component---NewPartner--addressEditDetailsCostObjectCstType-arrow"}]}
RESULT: undefined
COMMAND: POST /session/5635ff3a58dcb7e64f288300af2e9ad3/element - {"using":"xpath","value":"//*[@id=\"application-managepartners-display-component---NewPartner--addressEditDetailsCostObjectCstType-arrow\"]"}
RESULT: {}
RESULT: {"using":"xpath","value":"//*[@id=\"application-managepartners-display-component---NewPartner--addressEditDetailsCostObjectCstType-arrow\"]"}
COMMAND: POST /session/5635ff3a58dcb7e64f288300af2e9ad3/element/f.ED9453BD34BB61637EDB63CE7F048255.d.9A5ECF58AE48D9340422105C68862EDB.e.3485/click - {}
RESULT: {}
COMMAND: POST /session/5635ff3a58dcb7e64f288300af2e9ad3/element - {"using":"xpath","value":"//span[contains(text(), \"Cost Center\")]"}
COMMAND: GET /session/5635ff3a58dcb7e64f288300af2e9ad3/screenshot - {}
RESULT: {"using":"xpath","value":"//span[contains(text(), \"Cost Center\")]"}
COMMAND: POST /session/5635ff3a58dcb7e64f288300af2e9ad3/element/f.ED9453BD34BB61637EDB63CE7F048255.d.9A5ECF58AE48D9340422105C68862EDB.e.3486/click - {}
RESULT: {}
RESULT: {}
COMMAND: GET /session/5635ff3a58dcb7e64f288300af2e9ad3/screenshot - {}
RESULT: {}
COMMAND: POST /session/5635ff3a58dcb7e64f288300af2e9ad3/element - {"using":"xpath","value":"//span[@id=\"application-managepartners-display-component---NewPartner--addressNewCostObjectCstID-vhi\"]"}
RESULT: {"using":"xpath","value":"//span[@id=\"application-managepartners-display-component---NewPartner--addressNewCostObjectCstID-vhi\"]"}
COMMAND: POST /session/5635ff3a58dcb7e64f288300af2e9ad3/execute/sync - {"script":"<script> [8489 bytes]","args":[{"element-6066-11e4-a52e-4f735466cecf":"f.ED9453BD34BB61637EDB63CE7F048255.d.9A5ECF58AE48D9340422105C68862EDB.e.3490","ELEMENT":"f.ED9453BD34BB61637EDB63CE7F048255.d.9A5ECF58AE48D9340422105C68862EDB.e.3490"}]}
RESULT: {"script":"<script> [8489 bytes]","args":[{"element-6066-11e4-a52e-4f735466cecf":"f.ED9453BD34BB61637EDB63CE7F048255.d.9A5ECF58AE48D9340422105C68862EDB.e.3490","ELEMENT":"f.ED9453BD34BB61637EDB63CE7F048255.d.9A5ECF58AE48D9340422105C68862EDB.e.3490"}]}
COMMAND: POST /session/5635ff3a58dcb7e64f288300af2e9ad3/execute/async - {"script":"<script> [1562 bytes]","args":[{"selector":{"id":"application-managepartners-display-component---NewPartner--addressNewCostObjectCstID-vhi"},"wdio_ui5_key":"applicationmanagepartners-display-component---NewPartner--addressNewCostObjectCstID-vhi"}]}
COMMAND: GET /session/5635ff3a58dcb7e64f288300af2e9ad3/screenshot - {}
RESULT: {"script":"<script> [1562 bytes]","args":[{"selector":{"id":"application-managepartners-display-component---NewPartner--addressNewCostObjectCstID-vhi"},"wdio_ui5_key":"applicationmanagepartners-display-component---NewPartner--addressNewCostObjectCstID-vhi"}]}
RESULT: undefined
COMMAND: POST /session/5635ff3a58dcb7e64f288300af2e9ad3/element - {"using":"xpath","value":"//*[@id=\"application-managepartners-display-component---NewPartner--addressNewCostObjectCstID-vhi\"]"}
RESULT: {}
RESULT: {"using":"xpath","value":"//*[@id=\"application-managepartners-display-component---NewPartner--addressNewCostObjectCstID-vhi\"]"}
COMMAND: POST /session/5635ff3a58dcb7e64f288300af2e9ad3/element/f.ED9453BD34BB61637EDB63CE7F048255.d.9A5ECF58AE48D9340422105C68862EDB.e.3490/click - {}
RESULT: {}
COMMAND: GET /session/5635ff3a58dcb7e64f288300af2e9ad3/screenshot - {}
RESULT: {}
RESULT: undefined
COMMAND: POST /session/5635ff3a58dcb7e64f288300af2e9ad3/execute/async - {"script":"<script> [776 bytes]","args":[{"enterText":"10001013","selector":{"controlType":"sap.m.SearchField","properties":{"placeholder":"Search"},"searchOpenDialogs":true,"interaction":{"idSuffix":"I"}},"clearTextFirst":true,"interactionType":"ENTER_TEXT"}]}
RESULT: {"script":"<script> [776 bytes]","args":[{"enterText":"10001013","selector":{"controlType":"sap.m.SearchField","properties":{"placeholder":"Search"},"searchOpenDialogs":true,"interaction":{"idSuffix":"I"}},"clearTextFirst":true,"interactionType":"ENTER_TEXT"}]}
COMMAND: POST /session/5635ff3a58dcb7e64f288300af2e9ad3/actions - {"actions":[{"id":"action2","type":"key","parameters":{},"actions":[{"type":"keyDown","value":""},{"type":"pause","duration":10},{"type":"keyUp","value":""}]}]}
RESULT: {"actions":[{"id":"action2","type":"key","parameters":{},"actions":[{"type":"keyDown","value":""},{"type":"pause","duration":10},{"type":"keyUp","value":""}]}]}
COMMAND: GET /session/5635ff3a58dcb7e64f288300af2e9ad3/screenshot - {}
RESULT: {}
COMMAND: POST /session/5635ff3a58dcb7e64f288300af2e9ad3/element - {"using":"xpath","value":"//span[contains(text(), \"General Management\")]"}
RESULT: {"using":"xpath","value":"//span[contains(text(), \"General Management\")]"}
COMMAND: POST /session/5635ff3a58dcb7e64f288300af2e9ad3/element/f.ED9453BD34BB61637EDB63CE7F048255.d.9A5ECF58AE48D9340422105C68862EDB.e.3530/click - {}
RESULT: {}
COMMAND: GET /session/5635ff3a58dcb7e64f288300af2e9ad3/screenshot - {}
RESULT: {}
COMMAND: POST /session/5635ff3a58dcb7e64f288300af2e9ad3/element - {"using":"xpath","value":"//bdi[contains(text(), \"OK\")]"}
RESULT: {"using":"xpath","value":"//bdi[contains(text(), \"OK\")]"}
COMMAND: POST /session/5635ff3a58dcb7e64f288300af2e9ad3/element/f.ED9453BD34BB61637EDB63CE7F048255.d.9A5ECF58AE48D9340422105C68862EDB.e.3531/click - {}
RESULT: {}
COMMAND: GET /session/5635ff3a58dcb7e64f288300af2e9ad3/screenshot - {}
RESULT: {}
COMMAND: POST /session/5635ff3a58dcb7e64f288300af2e9ad3/element - {"using":"xpath","value":"//input[@id=\"application-managepartners-display-component---NewPartner--companyCodeComboBox-inner\"]"}
RESULT: {"using":"xpath","value":"//input[@id=\"application-managepartners-display-component---NewPartner--companyCodeComboBox-inner\"]"}
COMMAND: POST /session/5635ff3a58dcb7e64f288300af2e9ad3/element/f.ED9453BD34BB61637EDB63CE7F048255.d.9A5ECF58AE48D9340422105C68862EDB.e.3325/clear - {}
RESULT: {}
COMMAND: POST /session/5635ff3a58dcb7e64f288300af2e9ad3/element/f.ED9453BD34BB61637EDB63CE7F048255.d.9A5ECF58AE48D9340422105C68862EDB.e.3325/value - {"text":"C002"}
COMMAND: GET /session/5635ff3a58dcb7e64f288300af2e9ad3/screenshot - {}
RESULT: {"text":"C002"}
COMMAND: GET /session/5635ff3a58dcb7e64f288300af2e9ad3/screenshot - {}
RESULT: {}
RESULT: {}
COMMAND: POST /session/5635ff3a58dcb7e64f288300af2e9ad3/element - {"using":"xpath","value":"//li[.//span[text()= \"C002\"]]"}
RESULT: {"using":"xpath","value":"//li[.//span[text()= \"C002\"]]"}
COMMAND: POST /session/5635ff3a58dcb7e64f288300af2e9ad3/element/f.ED9453BD34BB61637EDB63CE7F048255.d.9A5ECF58AE48D9340422105C68862EDB.e.3537/click - {}
RESULT: {}
COMMAND: GET /session/5635ff3a58dcb7e64f288300af2e9ad3/screenshot - {}
RESULT: {}
COMMAND: POST /session/5635ff3a58dcb7e64f288300af2e9ad3/execute/async - {"script":"<script> [1562 bytes]","args":[{"selector":{"id":"application-managepartners-display-component---NewPartner--btnAddTableRow-img"},"wdio_ui5_key":"applicationmanagepartners-display-component---NewPartner--btnAddTableRow-img"}]}
RESULT: {"script":"<script> [1562 bytes]","args":[{"selector":{"id":"application-managepartners-display-component---NewPartner--btnAddTableRow-img"},"wdio_ui5_key":"applicationmanagepartners-display-component---NewPartner--btnAddTableRow-img"}]}
RESULT: undefined
COMMAND: POST /session/5635ff3a58dcb7e64f288300af2e9ad3/element - {"using":"xpath","value":"//*[@id=\"application-managepartners-display-component---NewPartner--btnAddTableRow-img\"]"}
RESULT: {"using":"xpath","value":"//*[@id=\"application-managepartners-display-component---NewPartner--btnAddTableRow-img\"]"}
COMMAND: POST /session/5635ff3a58dcb7e64f288300af2e9ad3/element/f.ED9453BD34BB61637EDB63CE7F048255.d.9A5ECF58AE48D9340422105C68862EDB.e.3538/click - {}
RESULT: {}
COMMAND: GET /session/5635ff3a58dcb7e64f288300af2e9ad3/screenshot - {}
RESULT: {}
COMMAND: POST /session/5635ff3a58dcb7e64f288300af2e9ad3/element - {"using":"xpath","value":"//input[@id=\"application-managepartners-display-component---NewPartner--assignmentYard-application-managepartners-display-component---NewPartner--assignmentsTable-0-inner\"]"}
RESULT: {"using":"xpath","value":"//input[@id=\"application-managepartners-display-component---NewPartner--assignmentYard-application-managepartners-display-component---NewPartner--assignmentsTable-0-inner\"]"}
COMMAND: POST /session/5635ff3a58dcb7e64f288300af2e9ad3/element/f.ED9453BD34BB61637EDB63CE7F048255.d.9A5ECF58AE48D9340422105C68862EDB.e.3541/clear - {}
RESULT: {}
COMMAND: POST /session/5635ff3a58dcb7e64f288300af2e9ad3/element/f.ED9453BD34BB61637EDB63CE7F048255.d.9A5ECF58AE48D9340422105C68862EDB.e.3541/value - {"text":"430"}
COMMAND: GET /session/5635ff3a58dcb7e64f288300af2e9ad3/screenshot - {}
RESULT: {"text":"430"}
COMMAND: GET /session/5635ff3a58dcb7e64f288300af2e9ad3/screenshot - {}
RESULT: {}
RESULT: {}
COMMAND: POST /session/5635ff3a58dcb7e64f288300af2e9ad3/element - {"using":"xpath","value":"//li[.//span[text()='430']]"}
RESULT: {"using":"xpath","value":"//li[.//span[text()='430']]"}
COMMAND: POST /session/5635ff3a58dcb7e64f288300af2e9ad3/element/f.ED9453BD34BB61637EDB63CE7F048255.d.9A5ECF58AE48D9340422105C68862EDB.e.3550/click - {}
RESULT: {}
COMMAND: GET /session/5635ff3a58dcb7e64f288300af2e9ad3/screenshot - {}
RESULT: {}
COMMAND: POST /session/5635ff3a58dcb7e64f288300af2e9ad3/actions - {"actions":[{"id":"action3","type":"key","parameters":{},"actions":[{"type":"keyDown","value":""},{"type":"pause","duration":10},{"type":"keyUp","value":""}]}]}
RESULT: {"actions":[{"id":"action3","type":"key","parameters":{},"actions":[{"type":"keyDown","value":""},{"type":"pause","duration":10},{"type":"keyUp","value":""}]}]}
COMMAND: POST /session/5635ff3a58dcb7e64f288300af2e9ad3/execute/async - {"script":"<script> [1562 bytes]","args":[{"selector":{"id":"application-managepartners-display-component---NewPartner--externalCustomerComboBox-application-managepartners-display-component---NewPartner--assignmentsTable-0-vhi"},"wdio_ui5_key":"applicationmanagepartners-display-component---NewPartner--externalCustomerComboBox-application-managepartners-display-component---NewPartner--assignmentsTable-0-vhi"}]}
COMMAND: GET /session/5635ff3a58dcb7e64f288300af2e9ad3/screenshot - {}
RESULT: {"script":"<script> [1562 bytes]","args":[{"selector":{"id":"application-managepartners-display-component---NewPartner--externalCustomerComboBox-application-managepartners-display-component---NewPartner--assignmentsTable-0-vhi"},"wdio_ui5_key":"applicationmanagepartners-display-component---NewPartner--externalCustomerComboBox-application-managepartners-display-component---NewPartner--assignmentsTable-0-vhi"}]}
RESULT: undefined
COMMAND: POST /session/5635ff3a58dcb7e64f288300af2e9ad3/element - {"using":"xpath","value":"//*[@id=\"application-managepartners-display-component---NewPartner--externalCustomerComboBox-application-managepartners-display-component---NewPartner--assignmentsTable-0-vhi\"]"}
RESULT: {}
RESULT: {"using":"xpath","value":"//*[@id=\"application-managepartners-display-component---NewPartner--externalCustomerComboBox-application-managepartners-display-component---NewPartner--assignmentsTable-0-vhi\"]"}
COMMAND: POST /session/5635ff3a58dcb7e64f288300af2e9ad3/element/f.ED9453BD34BB61637EDB63CE7F048255.d.9A5ECF58AE48D9340422105C68862EDB.e.3554/click - {}
RESULT: {}
RESULT: undefined
COMMAND: POST /session/5635ff3a58dcb7e64f288300af2e9ad3/execute/async - {"script":"<script> [776 bytes]","args":[{"enterText":"300003","selector":{"controlType":"sap.m.SearchField","properties":{"placeholder":"Search"},"searchOpenDialogs":true,"interaction":{"idSuffix":"I"}},"clearTextFirst":true,"interactionType":"ENTER_TEXT"}]}
COMMAND: GET /session/5635ff3a58dcb7e64f288300af2e9ad3/screenshot - {}
RESULT: {"script":"<script> [776 bytes]","args":[{"enterText":"300003","selector":{"controlType":"sap.m.SearchField","properties":{"placeholder":"Search"},"searchOpenDialogs":true,"interaction":{"idSuffix":"I"}},"clearTextFirst":true,"interactionType":"ENTER_TEXT"}]}
COMMAND: POST /session/5635ff3a58dcb7e64f288300af2e9ad3/actions - {"actions":[{"id":"action4","type":"key","parameters":{},"actions":[{"type":"keyDown","value":""},{"type":"pause","duration":10},{"type":"keyUp","value":""}]}]}
RESULT: {}
RESULT: {"actions":[{"id":"action4","type":"key","parameters":{},"actions":[{"type":"keyDown","value":""},{"type":"pause","duration":10},{"type":"keyUp","value":""}]}]}
COMMAND: GET /session/5635ff3a58dcb7e64f288300af2e9ad3/screenshot - {}
RESULT: {}
COMMAND: POST /session/5635ff3a58dcb7e64f288300af2e9ad3/element - {"using":"xpath","value":"//span[contains(text(), \"300003\")]"}
RESULT: {"using":"xpath","value":"//span[contains(text(), \"300003\")]"}
COMMAND: POST /session/5635ff3a58dcb7e64f288300af2e9ad3/element/f.ED9453BD34BB61637EDB63CE7F048255.d.9A5ECF58AE48D9340422105C68862EDB.e.3572/click - {}
RESULT: {}
COMMAND: GET /session/5635ff3a58dcb7e64f288300af2e9ad3/screenshot - {}
RESULT: {}
COMMAND: POST /session/5635ff3a58dcb7e64f288300af2e9ad3/element - {"using":"xpath","value":"//bdi[contains(text(), \"OK\")]"}
RESULT: {"using":"xpath","value":"//bdi[contains(text(), \"OK\")]"}
COMMAND: POST /session/5635ff3a58dcb7e64f288300af2e9ad3/element/f.ED9453BD34BB61637EDB63CE7F048255.d.9A5ECF58AE48D9340422105C68862EDB.e.3574/click - {}
RESULT: {}
COMMAND: GET /session/5635ff3a58dcb7e64f288300af2e9ad3/screenshot - {}
RESULT: {}
COMMAND: POST /session/5635ff3a58dcb7e64f288300af2e9ad3/execute/async - {"script":"<script> [1562 bytes]","args":[{"selector":{"id":"application-managepartners-display-component---NewPartner--intercompVendorComboBox-application-managepartners-display-component---NewPartner--assignmentsTable-0-vhi"},"wdio_ui5_key":"applicationmanagepartners-display-component---NewPartner--intercompVendorComboBox-application-managepartners-display-component---NewPartner--assignmentsTable-0-vhi"}]}
RESULT: {"script":"<script> [1562 bytes]","args":[{"selector":{"id":"application-managepartners-display-component---NewPartner--intercompVendorComboBox-application-managepartners-display-component---NewPartner--assignmentsTable-0-vhi"},"wdio_ui5_key":"applicationmanagepartners-display-component---NewPartner--intercompVendorComboBox-application-managepartners-display-component---NewPartner--assignmentsTable-0-vhi"}]}
RESULT: undefined
COMMAND: POST /session/5635ff3a58dcb7e64f288300af2e9ad3/element - {"using":"xpath","value":"//*[@id=\"application-managepartners-display-component---NewPartner--intercompVendorComboBox-application-managepartners-display-component---NewPartner--assignmentsTable-0-vhi\"]"}
RESULT: {"using":"xpath","value":"//*[@id=\"application-managepartners-display-component---NewPartner--intercompVendorComboBox-application-managepartners-display-component---NewPartner--assignmentsTable-0-vhi\"]"}
COMMAND: POST /session/5635ff3a58dcb7e64f288300af2e9ad3/element/f.ED9453BD34BB61637EDB63CE7F048255.d.9A5ECF58AE48D9340422105C68862EDB.e.3578/click - {}
RESULT: {}
RESULT: undefined
COMMAND: POST /session/5635ff3a58dcb7e64f288300af2e9ad3/execute/async - {"script":"<script> [776 bytes]","args":[{"enterText":"100005","selector":{"controlType":"sap.m.SearchField","properties":{"placeholder":"Search"},"searchOpenDialogs":true,"interaction":{"idSuffix":"I"}},"clearTextFirst":true,"interactionType":"ENTER_TEXT"}]}
COMMAND: GET /session/5635ff3a58dcb7e64f288300af2e9ad3/screenshot - {}
RESULT: {"script":"<script> [776 bytes]","args":[{"enterText":"100005","selector":{"controlType":"sap.m.SearchField","properties":{"placeholder":"Search"},"searchOpenDialogs":true,"interaction":{"idSuffix":"I"}},"clearTextFirst":true,"interactionType":"ENTER_TEXT"}]}
COMMAND: POST /session/5635ff3a58dcb7e64f288300af2e9ad3/actions - {"actions":[{"id":"action5","type":"key","parameters":{},"actions":[{"type":"keyDown","value":""},{"type":"pause","duration":10},{"type":"keyUp","value":""}]}]}
RESULT: {}
RESULT: {"actions":[{"id":"action5","type":"key","parameters":{},"actions":[{"type":"keyDown","value":""},{"type":"pause","duration":10},{"type":"keyUp","value":""}]}]}
COMMAND: GET /session/5635ff3a58dcb7e64f288300af2e9ad3/screenshot - {}
RESULT: {}
COMMAND: POST /session/5635ff3a58dcb7e64f288300af2e9ad3/element - {"using":"xpath","value":"//span[contains(text(), \"Penguins - Field/12345 Berlin\")]"}
RESULT: {"using":"xpath","value":"//span[contains(text(), \"Penguins - Field/12345 Berlin\")]"}
COMMAND: POST /session/5635ff3a58dcb7e64f288300af2e9ad3/element/f.ED9453BD34BB61637EDB63CE7F048255.d.9A5ECF58AE48D9340422105C68862EDB.e.3596/click - {}
RESULT: {}
COMMAND: GET /session/5635ff3a58dcb7e64f288300af2e9ad3/screenshot - {}
RESULT: {}
COMMAND: POST /session/5635ff3a58dcb7e64f288300af2e9ad3/element - {"using":"xpath","value":"//bdi[contains(text(), \"OK\")]"}
RESULT: {"using":"xpath","value":"//bdi[contains(text(), \"OK\")]"}
COMMAND: POST /session/5635ff3a58dcb7e64f288300af2e9ad3/element/f.ED9453BD34BB61637EDB63CE7F048255.d.9A5ECF58AE48D9340422105C68862EDB.e.3597/click - {}
RESULT: {}
COMMAND: GET /session/5635ff3a58dcb7e64f288300af2e9ad3/screenshot - {}
RESULT: {}
COMMAND: POST /session/5635ff3a58dcb7e64f288300af2e9ad3/element - {"using":"xpath","value":"//button[@data-kt=\"saveButton\"]"}
RESULT: {"using":"xpath","value":"//button[@data-kt=\"saveButton\"]"}
COMMAND: POST /session/5635ff3a58dcb7e64f288300af2e9ad3/element/f.ED9453BD34BB61637EDB63CE7F048255.d.9A5ECF58AE48D9340422105C68862EDB.e.3448/click - {}
RESULT: {}
COMMAND: GET /session/5635ff3a58dcb7e64f288300af2e9ad3/screenshot - {}
RESULT: {}
COMMAND: POST /session/5635ff3a58dcb7e64f288300af2e9ad3/element - {"using":"xpath","value":"//header[contains(@id, 'ObjectPageLayout-headerTitle')]/div[1]/div[2]/div[2]/span[1]"}
RESULT: {"using":"xpath","value":"//header[contains(@id, 'ObjectPageLayout-headerTitle')]/div[1]/div[2]/div[2]/span[1]"}
COMMAND: POST /session/5635ff3a58dcb7e64f288300af2e9ad3/elements - {"using":"xpath","value":"//header[contains(@id, 'ObjectPageLayout-headerTitle')]/div[1]/div[2]/div[2]/span[1]"}
RESULT: {"using":"xpath","value":"//header[contains(@id, 'ObjectPageLayout-headerTitle')]/div[1]/div[2]/div[2]/span[1]"}
COMMAND: POST /session/5635ff3a58dcb7e64f288300af2e9ad3/execute/sync - {"script":"<script> [56 bytes]","args":[{"element-6066-11e4-a52e-4f735466cecf":"f.ED9453BD34BB61637EDB63CE7F048255.d.9A5ECF58AE48D9340422105C68862EDB.e.3764","ELEMENT":"f.ED9453BD34BB61637EDB63CE7F048255.d.9A5ECF58AE48D9340422105C68862EDB.e.3764"}]}
RESULT: {"script":"<script> [56 bytes]","args":[{"element-6066-11e4-a52e-4f735466cecf":"f.ED9453BD34BB61637EDB63CE7F048255.d.9A5ECF58AE48D9340422105C68862EDB.e.3764","ELEMENT":"f.ED9453BD34BB61637EDB63CE7F048255.d.9A5ECF58AE48D9340422105C68862EDB.e.3764"}]}
COMMAND: POST /session/5635ff3a58dcb7e64f288300af2e9ad3/element - {"using":"css selector","value":"#shell-header-logo"}
COMMAND: GET /session/5635ff3a58dcb7e64f288300af2e9ad3/screenshot - {}
RESULT: {"using":"css selector","value":"#shell-header-logo"}
COMMAND: POST /session/5635ff3a58dcb7e64f288300af2e9ad3/element/f.ED9453BD34BB61637EDB63CE7F048255.d.9A5ECF58AE48D9340422105C68862EDB.e.2977/click - {}
RESULT: {}
RESULT: {}
COMMAND: GET /session/5635ff3a58dcb7e64f288300af2e9ad3/screenshot - {}
RESULT: {}
COMMAND: POST /session/5635ff3a58dcb7e64f288300af2e9ad3/execute/sync - {"script":"<script> [299 bytes]","args":[["getModel","getResource"]]}
RESULT: {"script":"<script> [299 bytes]","args":[["getModel","getResource"]]}
]]></system-out>
    </testcase>
    <testcase classname="chrome.136_0_7103_93.windows.Billing_Transfer_-_Master_data_&amp;_Intercompany_US127250" name="Should create a new site" time="154.741">
      <system-out><![CDATA[
COMMAND: POST /session/5635ff3a58dcb7e64f288300af2e9ad3/execute/async - {"script":"<script> [1562 bytes]","args":[{"selector":{"controlType":"sap.m.GenericTile","properties":{"header":"Manage Sites"}},"wdio_ui5_key":"sapm.GenericTile{\"header\":\"Manage Sites\"}"}]}
COMMAND: GET /session/5635ff3a58dcb7e64f288300af2e9ad3/screenshot - {}
RESULT: {"script":"<script> [1562 bytes]","args":[{"selector":{"controlType":"sap.m.GenericTile","properties":{"header":"Manage Sites"}},"wdio_ui5_key":"sapm.GenericTile{\"header\":\"Manage Sites\"}"}]}
RESULT: undefined
COMMAND: POST /session/5635ff3a58dcb7e64f288300af2e9ad3/element - {"using":"xpath","value":"//*[@id=\"__tile40\"]"}
RESULT: {}
RESULT: {"using":"xpath","value":"//*[@id=\"__tile40\"]"}
COMMAND: POST /session/5635ff3a58dcb7e64f288300af2e9ad3/element/f.ED9453BD34BB61637EDB63CE7F048255.d.9A5ECF58AE48D9340422105C68862EDB.e.2119/click - {}
RESULT: {}
COMMAND: GET /session/5635ff3a58dcb7e64f288300af2e9ad3/screenshot - {}
RESULT: {}
COMMAND: POST /session/5635ff3a58dcb7e64f288300af2e9ad3/elements - {"using":"xpath","value":"//span[text()='Error']"}
RESULT: {"using":"xpath","value":"//span[text()='Error']"}
COMMAND: POST /session/5635ff3a58dcb7e64f288300af2e9ad3/element - {"using":"xpath","value":"//button[@data-kt=\"addOverflowToolbarButton\"]"}
RESULT: {"using":"xpath","value":"//button[@data-kt=\"addOverflowToolbarButton\"]"}
COMMAND: POST /session/5635ff3a58dcb7e64f288300af2e9ad3/elements - {"using":"xpath","value":"//button[@data-kt=\"addOverflowToolbarButton\"]"}
RESULT: {"using":"xpath","value":"//button[@data-kt=\"addOverflowToolbarButton\"]"}
COMMAND: POST /session/5635ff3a58dcb7e64f288300af2e9ad3/execute/sync - {"script":"<script> [8489 bytes]","args":[{"element-6066-11e4-a52e-4f735466cecf":"f.ED9453BD34BB61637EDB63CE7F048255.d.9A5ECF58AE48D9340422105C68862EDB.e.3811","ELEMENT":"f.ED9453BD34BB61637EDB63CE7F048255.d.9A5ECF58AE48D9340422105C68862EDB.e.3811"}]}
RESULT: {"script":"<script> [8489 bytes]","args":[{"element-6066-11e4-a52e-4f735466cecf":"f.ED9453BD34BB61637EDB63CE7F048255.d.9A5ECF58AE48D9340422105C68862EDB.e.3811","ELEMENT":"f.ED9453BD34BB61637EDB63CE7F048255.d.9A5ECF58AE48D9340422105C68862EDB.e.3811"}]}
COMMAND: GET /session/5635ff3a58dcb7e64f288300af2e9ad3/element/f.ED9453BD34BB61637EDB63CE7F048255.d.9A5ECF58AE48D9340422105C68862EDB.e.3811/enabled - {}
COMMAND: GET /session/5635ff3a58dcb7e64f288300af2e9ad3/screenshot - {}
RESULT: {}
COMMAND: POST /session/5635ff3a58dcb7e64f288300af2e9ad3/execute/sync - {"script":"<script> [8489 bytes]","args":[{"element-6066-11e4-a52e-4f735466cecf":"f.ED9453BD34BB61637EDB63CE7F048255.d.9A5ECF58AE48D9340422105C68862EDB.e.3811","ELEMENT":"f.ED9453BD34BB61637EDB63CE7F048255.d.9A5ECF58AE48D9340422105C68862EDB.e.3811"}]}
COMMAND: GET /session/5635ff3a58dcb7e64f288300af2e9ad3/screenshot - {}
RESULT: {}
RESULT: {"script":"<script> [8489 bytes]","args":[{"element-6066-11e4-a52e-4f735466cecf":"f.ED9453BD34BB61637EDB63CE7F048255.d.9A5ECF58AE48D9340422105C68862EDB.e.3811","ELEMENT":"f.ED9453BD34BB61637EDB63CE7F048255.d.9A5ECF58AE48D9340422105C68862EDB.e.3811"}]}
COMMAND: POST /session/5635ff3a58dcb7e64f288300af2e9ad3/execute/sync - {"script":"<script> [5351 bytes]","args":[{"element-6066-11e4-a52e-4f735466cecf":"f.ED9453BD34BB61637EDB63CE7F048255.d.9A5ECF58AE48D9340422105C68862EDB.e.3811","ELEMENT":"f.ED9453BD34BB61637EDB63CE7F048255.d.9A5ECF58AE48D9340422105C68862EDB.e.3811"}]}
COMMAND: GET /session/5635ff3a58dcb7e64f288300af2e9ad3/screenshot - {}
RESULT: {}
RESULT: {"script":"<script> [5351 bytes]","args":[{"element-6066-11e4-a52e-4f735466cecf":"f.ED9453BD34BB61637EDB63CE7F048255.d.9A5ECF58AE48D9340422105C68862EDB.e.3811","ELEMENT":"f.ED9453BD34BB61637EDB63CE7F048255.d.9A5ECF58AE48D9340422105C68862EDB.e.3811"}]}
COMMAND: POST /session/5635ff3a58dcb7e64f288300af2e9ad3/element/f.ED9453BD34BB61637EDB63CE7F048255.d.9A5ECF58AE48D9340422105C68862EDB.e.3811/click - {}
COMMAND: GET /session/5635ff3a58dcb7e64f288300af2e9ad3/screenshot - {}
RESULT: {}
RESULT: {}
COMMAND: GET /session/5635ff3a58dcb7e64f288300af2e9ad3/screenshot - {}
COMMAND: POST /session/5635ff3a58dcb7e64f288300af2e9ad3/element - {"using":"xpath","value":"//input[@id=\"application-managesites-display-component---NewSite--siteId-inner\"]"}
RESULT: {}
RESULT: {}
RESULT: {"using":"xpath","value":"//input[@id=\"application-managesites-display-component---NewSite--siteId-inner\"]"}
COMMAND: POST /session/5635ff3a58dcb7e64f288300af2e9ad3/element - {"using":"xpath","value":"//input[@id=\"application-managesites-display-component---NewSite--siteId-inner\"]"}
RESULT: {"using":"xpath","value":"//input[@id=\"application-managesites-display-component---NewSite--siteId-inner\"]"}
COMMAND: POST /session/5635ff3a58dcb7e64f288300af2e9ad3/execute/async - {"script":"<script> [1562 bytes]","args":[{"selector":{"id":"application-managesites-display-component---NewSite--addressDetailDetailsName1","interaction":{"idSuffix":"inner"}},"wdio_ui5_key":"applicationmanagesites-display-component---NewSite--addressDetailDetailsName1"}]}
RESULT: {"script":"<script> [1562 bytes]","args":[{"selector":{"id":"application-managesites-display-component---NewSite--addressDetailDetailsName1","interaction":{"idSuffix":"inner"}},"wdio_ui5_key":"applicationmanagesites-display-component---NewSite--addressDetailDetailsName1"}]}
RESULT: undefined
COMMAND: POST /session/5635ff3a58dcb7e64f288300af2e9ad3/execute/async - {"script":"<script> [776 bytes]","args":[{"enterText":"Intercompany Site wdIO","selector":{"id":"application-managesites-display-component---NewSite--addressDetailDetailsName1","interaction":{"idSuffix":"inner"}},"clearTextFirst":true,"interactionType":"ENTER_TEXT"}]}
RESULT: {"script":"<script> [776 bytes]","args":[{"enterText":"Intercompany Site wdIO","selector":{"id":"application-managesites-display-component---NewSite--addressDetailDetailsName1","interaction":{"idSuffix":"inner"}},"clearTextFirst":true,"interactionType":"ENTER_TEXT"}]}
COMMAND: POST /session/5635ff3a58dcb7e64f288300af2e9ad3/execute/async - {"script":"<script> [1562 bytes]","args":[{"selector":{"id":"application-managesites-display-component---NewSite--addressDetailDetailsLanguage-arrow"},"wdio_ui5_key":"applicationmanagesites-display-component---NewSite--addressDetailDetailsLanguage-arrow"}]}
RESULT: {"script":"<script> [1562 bytes]","args":[{"selector":{"id":"application-managesites-display-component---NewSite--addressDetailDetailsLanguage-arrow"},"wdio_ui5_key":"applicationmanagesites-display-component---NewSite--addressDetailDetailsLanguage-arrow"}]}
RESULT: undefined
COMMAND: POST /session/5635ff3a58dcb7e64f288300af2e9ad3/element - {"using":"xpath","value":"//*[@id=\"application-managesites-display-component---NewSite--addressDetailDetailsLanguage-arrow\"]"}
RESULT: {"using":"xpath","value":"//*[@id=\"application-managesites-display-component---NewSite--addressDetailDetailsLanguage-arrow\"]"}
COMMAND: POST /session/5635ff3a58dcb7e64f288300af2e9ad3/element/f.ED9453BD34BB61637EDB63CE7F048255.d.9A5ECF58AE48D9340422105C68862EDB.e.4423/click - {}
RESULT: {}
COMMAND: POST /session/5635ff3a58dcb7e64f288300af2e9ad3/element - {"using":"xpath","value":"//span[contains(text(), \"English\")]"}
COMMAND: GET /session/5635ff3a58dcb7e64f288300af2e9ad3/screenshot - {}
RESULT: {"using":"xpath","value":"//span[contains(text(), \"English\")]"}
COMMAND: POST /session/5635ff3a58dcb7e64f288300af2e9ad3/element/f.ED9453BD34BB61637EDB63CE7F048255.d.9A5ECF58AE48D9340422105C68862EDB.e.4424/click - {}
RESULT: {}
RESULT: {}
COMMAND: POST /session/5635ff3a58dcb7e64f288300af2e9ad3/execute/async - {"script":"<script> [1562 bytes]","args":[{"selector":{"id":"application-managesites-display-component---NewSite--addressDetailDetailsCity1","interaction":{"idSuffix":"inner"}},"wdio_ui5_key":"applicationmanagesites-display-component---NewSite--addressDetailDetailsCity1"}]}
COMMAND: GET /session/5635ff3a58dcb7e64f288300af2e9ad3/screenshot - {}
RESULT: {"script":"<script> [1562 bytes]","args":[{"selector":{"id":"application-managesites-display-component---NewSite--addressDetailDetailsCity1","interaction":{"idSuffix":"inner"}},"wdio_ui5_key":"applicationmanagesites-display-component---NewSite--addressDetailDetailsCity1"}]}
RESULT: undefined
COMMAND: POST /session/5635ff3a58dcb7e64f288300af2e9ad3/execute/async - {"script":"<script> [776 bytes]","args":[{"enterText":"Rosario","selector":{"id":"application-managesites-display-component---NewSite--addressDetailDetailsCity1","interaction":{"idSuffix":"inner"}},"clearTextFirst":true,"interactionType":"ENTER_TEXT"}]}
RESULT: {}
RESULT: {"script":"<script> [776 bytes]","args":[{"enterText":"Rosario","selector":{"id":"application-managesites-display-component---NewSite--addressDetailDetailsCity1","interaction":{"idSuffix":"inner"}},"clearTextFirst":true,"interactionType":"ENTER_TEXT"}]}
COMMAND: POST /session/5635ff3a58dcb7e64f288300af2e9ad3/execute/async - {"script":"<script> [1562 bytes]","args":[{"selector":{"id":"application-managesites-display-component---NewSite--addressDetailDetailsCountry-arrow"},"wdio_ui5_key":"applicationmanagesites-display-component---NewSite--addressDetailDetailsCountry-arrow"}]}
RESULT: {"script":"<script> [1562 bytes]","args":[{"selector":{"id":"application-managesites-display-component---NewSite--addressDetailDetailsCountry-arrow"},"wdio_ui5_key":"applicationmanagesites-display-component---NewSite--addressDetailDetailsCountry-arrow"}]}
RESULT: undefined
COMMAND: POST /session/5635ff3a58dcb7e64f288300af2e9ad3/element - {"using":"xpath","value":"//*[@id=\"application-managesites-display-component---NewSite--addressDetailDetailsCountry-arrow\"]"}
RESULT: {"using":"xpath","value":"//*[@id=\"application-managesites-display-component---NewSite--addressDetailDetailsCountry-arrow\"]"}
COMMAND: POST /session/5635ff3a58dcb7e64f288300af2e9ad3/element/f.ED9453BD34BB61637EDB63CE7F048255.d.9A5ECF58AE48D9340422105C68862EDB.e.4426/click - {}
RESULT: {}
COMMAND: POST /session/5635ff3a58dcb7e64f288300af2e9ad3/element - {"using":"xpath","value":"//span[contains(text(), \"Argentina\")]"}
COMMAND: GET /session/5635ff3a58dcb7e64f288300af2e9ad3/screenshot - {}
RESULT: {"using":"xpath","value":"//span[contains(text(), \"Argentina\")]"}
COMMAND: POST /session/5635ff3a58dcb7e64f288300af2e9ad3/element/f.ED9453BD34BB61637EDB63CE7F048255.d.9A5ECF58AE48D9340422105C68862EDB.e.4427/click - {}
RESULT: {}
RESULT: {}
COMMAND: GET /session/5635ff3a58dcb7e64f288300af2e9ad3/screenshot - {}
RESULT: {}
COMMAND: POST /session/5635ff3a58dcb7e64f288300af2e9ad3/execute/async - {"script":"<script> [1562 bytes]","args":[{"selector":{"id":"application-managesites-display-component---NewSite--addressEditDetailsCostObjectCstType-arrow"},"wdio_ui5_key":"applicationmanagesites-display-component---NewSite--addressEditDetailsCostObjectCstType-arrow"}]}
RESULT: {"script":"<script> [1562 bytes]","args":[{"selector":{"id":"application-managesites-display-component---NewSite--addressEditDetailsCostObjectCstType-arrow"},"wdio_ui5_key":"applicationmanagesites-display-component---NewSite--addressEditDetailsCostObjectCstType-arrow"}]}
RESULT: undefined
COMMAND: POST /session/5635ff3a58dcb7e64f288300af2e9ad3/element - {"using":"xpath","value":"//*[@id=\"application-managesites-display-component---NewSite--addressEditDetailsCostObjectCstType-arrow\"]"}
RESULT: {"using":"xpath","value":"//*[@id=\"application-managesites-display-component---NewSite--addressEditDetailsCostObjectCstType-arrow\"]"}
COMMAND: POST /session/5635ff3a58dcb7e64f288300af2e9ad3/element/f.ED9453BD34BB61637EDB63CE7F048255.d.9A5ECF58AE48D9340422105C68862EDB.e.4429/click - {}
RESULT: {}
COMMAND: POST /session/5635ff3a58dcb7e64f288300af2e9ad3/element - {"using":"xpath","value":"//span[contains(text(), \"Cost Center\")]"}
COMMAND: GET /session/5635ff3a58dcb7e64f288300af2e9ad3/screenshot - {}
RESULT: {"using":"xpath","value":"//span[contains(text(), \"Cost Center\")]"}
COMMAND: POST /session/5635ff3a58dcb7e64f288300af2e9ad3/element/f.ED9453BD34BB61637EDB63CE7F048255.d.9A5ECF58AE48D9340422105C68862EDB.e.4431/click - {}
RESULT: {}
RESULT: {}
COMMAND: GET /session/5635ff3a58dcb7e64f288300af2e9ad3/screenshot - {}
RESULT: {}
COMMAND: POST /session/5635ff3a58dcb7e64f288300af2e9ad3/element - {"using":"xpath","value":"//span[@id=\"application-managesites-display-component---NewSite--addressNewCostObjectCstID-vhi\"]"}
RESULT: {"using":"xpath","value":"//span[@id=\"application-managesites-display-component---NewSite--addressNewCostObjectCstID-vhi\"]"}
COMMAND: POST /session/5635ff3a58dcb7e64f288300af2e9ad3/execute/sync - {"script":"<script> [8489 bytes]","args":[{"element-6066-11e4-a52e-4f735466cecf":"f.ED9453BD34BB61637EDB63CE7F048255.d.9A5ECF58AE48D9340422105C68862EDB.e.4435","ELEMENT":"f.ED9453BD34BB61637EDB63CE7F048255.d.9A5ECF58AE48D9340422105C68862EDB.e.4435"}]}
RESULT: {"script":"<script> [8489 bytes]","args":[{"element-6066-11e4-a52e-4f735466cecf":"f.ED9453BD34BB61637EDB63CE7F048255.d.9A5ECF58AE48D9340422105C68862EDB.e.4435","ELEMENT":"f.ED9453BD34BB61637EDB63CE7F048255.d.9A5ECF58AE48D9340422105C68862EDB.e.4435"}]}
COMMAND: POST /session/5635ff3a58dcb7e64f288300af2e9ad3/execute/async - {"script":"<script> [1562 bytes]","args":[{"selector":{"id":"application-managesites-display-component---NewSite--addressNewCostObjectCstID-vhi"},"wdio_ui5_key":"applicationmanagesites-display-component---NewSite--addressNewCostObjectCstID-vhi"}]}
COMMAND: GET /session/5635ff3a58dcb7e64f288300af2e9ad3/screenshot - {}
RESULT: {"script":"<script> [1562 bytes]","args":[{"selector":{"id":"application-managesites-display-component---NewSite--addressNewCostObjectCstID-vhi"},"wdio_ui5_key":"applicationmanagesites-display-component---NewSite--addressNewCostObjectCstID-vhi"}]}
RESULT: undefined
COMMAND: POST /session/5635ff3a58dcb7e64f288300af2e9ad3/element - {"using":"xpath","value":"//*[@id=\"application-managesites-display-component---NewSite--addressNewCostObjectCstID-vhi\"]"}
RESULT: {}
RESULT: {"using":"xpath","value":"//*[@id=\"application-managesites-display-component---NewSite--addressNewCostObjectCstID-vhi\"]"}
COMMAND: POST /session/5635ff3a58dcb7e64f288300af2e9ad3/element/f.ED9453BD34BB61637EDB63CE7F048255.d.9A5ECF58AE48D9340422105C68862EDB.e.4435/click - {}
RESULT: {}
COMMAND: GET /session/5635ff3a58dcb7e64f288300af2e9ad3/screenshot - {}
RESULT: {}
RESULT: undefined
COMMAND: POST /session/5635ff3a58dcb7e64f288300af2e9ad3/execute/async - {"script":"<script> [776 bytes]","args":[{"enterText":"10001013","selector":{"controlType":"sap.m.SearchField","properties":{"placeholder":"Search"},"searchOpenDialogs":true,"interaction":{"idSuffix":"I"}},"clearTextFirst":true,"interactionType":"ENTER_TEXT"}]}
RESULT: {"script":"<script> [776 bytes]","args":[{"enterText":"10001013","selector":{"controlType":"sap.m.SearchField","properties":{"placeholder":"Search"},"searchOpenDialogs":true,"interaction":{"idSuffix":"I"}},"clearTextFirst":true,"interactionType":"ENTER_TEXT"}]}
COMMAND: POST /session/5635ff3a58dcb7e64f288300af2e9ad3/actions - {"actions":[{"id":"action6","type":"key","parameters":{},"actions":[{"type":"keyDown","value":""},{"type":"pause","duration":10},{"type":"keyUp","value":""}]}]}
RESULT: {"actions":[{"id":"action6","type":"key","parameters":{},"actions":[{"type":"keyDown","value":""},{"type":"pause","duration":10},{"type":"keyUp","value":""}]}]}
COMMAND: GET /session/5635ff3a58dcb7e64f288300af2e9ad3/screenshot - {}
RESULT: {}
COMMAND: POST /session/5635ff3a58dcb7e64f288300af2e9ad3/element - {"using":"xpath","value":"//span[contains(text(), \"General Management\")]"}
RESULT: {"using":"xpath","value":"//span[contains(text(), \"General Management\")]"}
COMMAND: POST /session/5635ff3a58dcb7e64f288300af2e9ad3/element/f.ED9453BD34BB61637EDB63CE7F048255.d.9A5ECF58AE48D9340422105C68862EDB.e.4474/click - {}
RESULT: {}
COMMAND: GET /session/5635ff3a58dcb7e64f288300af2e9ad3/screenshot - {}
RESULT: {}
COMMAND: POST /session/5635ff3a58dcb7e64f288300af2e9ad3/element - {"using":"xpath","value":"//bdi[contains(text(), \"OK\")]"}
RESULT: {"using":"xpath","value":"//bdi[contains(text(), \"OK\")]"}
COMMAND: POST /session/5635ff3a58dcb7e64f288300af2e9ad3/element/f.ED9453BD34BB61637EDB63CE7F048255.d.9A5ECF58AE48D9340422105C68862EDB.e.4475/click - {}
RESULT: {}
COMMAND: GET /session/5635ff3a58dcb7e64f288300af2e9ad3/screenshot - {}
RESULT: {}
COMMAND: POST /session/5635ff3a58dcb7e64f288300af2e9ad3/element - {"using":"xpath","value":"//input[@id=\"application-managesites-display-component---NewSite--addressDetailDetailsCalendar-inner\"]"}
RESULT: {"using":"xpath","value":"//input[@id=\"application-managesites-display-component---NewSite--addressDetailDetailsCalendar-inner\"]"}
COMMAND: POST /session/5635ff3a58dcb7e64f288300af2e9ad3/element/f.ED9453BD34BB61637EDB63CE7F048255.d.9A5ECF58AE48D9340422105C68862EDB.e.4223/clear - {}
RESULT: {}
COMMAND: POST /session/5635ff3a58dcb7e64f288300af2e9ad3/element/f.ED9453BD34BB61637EDB63CE7F048255.d.9A5ECF58AE48D9340422105C68862EDB.e.4223/value - {"text":"Unit"}
COMMAND: GET /session/5635ff3a58dcb7e64f288300af2e9ad3/screenshot - {}
RESULT: {"text":"Unit"}
COMMAND: GET /session/5635ff3a58dcb7e64f288300af2e9ad3/screenshot - {}
RESULT: {}
RESULT: {}
COMMAND: POST /session/5635ff3a58dcb7e64f288300af2e9ad3/actions - {"actions":[{"id":"action7","type":"key","parameters":{},"actions":[{"type":"keyDown","value":""},{"type":"pause","duration":10},{"type":"keyUp","value":""}]}]}
RESULT: {"actions":[{"id":"action7","type":"key","parameters":{},"actions":[{"type":"keyDown","value":""},{"type":"pause","duration":10},{"type":"keyUp","value":""}]}]}
COMMAND: POST /session/5635ff3a58dcb7e64f288300af2e9ad3/element - {"using":"xpath","value":"//input[@id=\"application-managesites-display-component---NewSite--addressDetailDetailsYard-inner\"]"}
COMMAND: GET /session/5635ff3a58dcb7e64f288300af2e9ad3/screenshot - {}
RESULT: {"using":"xpath","value":"//input[@id=\"application-managesites-display-component---NewSite--addressDetailDetailsYard-inner\"]"}
COMMAND: POST /session/5635ff3a58dcb7e64f288300af2e9ad3/element/f.ED9453BD34BB61637EDB63CE7F048255.d.9A5ECF58AE48D9340422105C68862EDB.e.4224/clear - {}
RESULT: {}
RESULT: {}
COMMAND: POST /session/5635ff3a58dcb7e64f288300af2e9ad3/element/f.ED9453BD34BB61637EDB63CE7F048255.d.9A5ECF58AE48D9340422105C68862EDB.e.4224/value - {"text":"430"}
COMMAND: GET /session/5635ff3a58dcb7e64f288300af2e9ad3/screenshot - {}
RESULT: {"text":"430"}
COMMAND: GET /session/5635ff3a58dcb7e64f288300af2e9ad3/screenshot - {}
RESULT: {}
RESULT: {}
COMMAND: POST /session/5635ff3a58dcb7e64f288300af2e9ad3/element - {"using":"xpath","value":"//li[.//span[text()='430']]"}
RESULT: {"using":"xpath","value":"//li[.//span[text()='430']]"}
COMMAND: POST /session/5635ff3a58dcb7e64f288300af2e9ad3/element/f.ED9453BD34BB61637EDB63CE7F048255.d.9A5ECF58AE48D9340422105C68862EDB.e.4483/click - {}
RESULT: {}
COMMAND: GET /session/5635ff3a58dcb7e64f288300af2e9ad3/screenshot - {}
RESULT: {}
COMMAND: POST /session/5635ff3a58dcb7e64f288300af2e9ad3/element - {"using":"xpath","value":"//input[@id=\"application-managesites-display-component---NewSite--addressDetailDetailsPartner-inner\"]"}
RESULT: {"using":"xpath","value":"//input[@id=\"application-managesites-display-component---NewSite--addressDetailDetailsPartner-inner\"]"}
COMMAND: POST /session/5635ff3a58dcb7e64f288300af2e9ad3/element - {"using":"xpath","value":"//input[@id=\"application-managesites-display-component---NewSite--addressDetailDetailsPartner-inner\"]"}
RESULT: {"using":"xpath","value":"//input[@id=\"application-managesites-display-component---NewSite--addressDetailDetailsPartner-inner\"]"}
COMMAND: POST /session/5635ff3a58dcb7e64f288300af2e9ad3/element - {"using":"xpath","value":"//button[@data-kt=\"saveButton\"]"}
RESULT: {"using":"xpath","value":"//button[@data-kt=\"saveButton\"]"}
COMMAND: POST /session/5635ff3a58dcb7e64f288300af2e9ad3/element/f.ED9453BD34BB61637EDB63CE7F048255.d.9A5ECF58AE48D9340422105C68862EDB.e.4416/click - {}
RESULT: {}
COMMAND: GET /session/5635ff3a58dcb7e64f288300af2e9ad3/screenshot - {}
RESULT: {}
COMMAND: POST /session/5635ff3a58dcb7e64f288300af2e9ad3/element - {"using":"xpath","value":"//header[contains(@id, 'ObjectPageLayout-headerTitle')]/div[1]/div[2]/div[2]/span[1]"}
RESULT: {"using":"xpath","value":"//header[contains(@id, 'ObjectPageLayout-headerTitle')]/div[1]/div[2]/div[2]/span[1]"}
COMMAND: POST /session/5635ff3a58dcb7e64f288300af2e9ad3/elements - {"using":"xpath","value":"//header[contains(@id, 'ObjectPageLayout-headerTitle')]/div[1]/div[2]/div[2]/span[1]"}
RESULT: {"using":"xpath","value":"//header[contains(@id, 'ObjectPageLayout-headerTitle')]/div[1]/div[2]/div[2]/span[1]"}
COMMAND: POST /session/5635ff3a58dcb7e64f288300af2e9ad3/execute/sync - {"script":"<script> [56 bytes]","args":[{"element-6066-11e4-a52e-4f735466cecf":"f.ED9453BD34BB61637EDB63CE7F048255.d.9A5ECF58AE48D9340422105C68862EDB.e.4686","ELEMENT":"f.ED9453BD34BB61637EDB63CE7F048255.d.9A5ECF58AE48D9340422105C68862EDB.e.4686"}]}
RESULT: {"script":"<script> [56 bytes]","args":[{"element-6066-11e4-a52e-4f735466cecf":"f.ED9453BD34BB61637EDB63CE7F048255.d.9A5ECF58AE48D9340422105C68862EDB.e.4686","ELEMENT":"f.ED9453BD34BB61637EDB63CE7F048255.d.9A5ECF58AE48D9340422105C68862EDB.e.4686"}]}
COMMAND: POST /session/5635ff3a58dcb7e64f288300af2e9ad3/element - {"using":"css selector","value":"#shell-header-logo"}
COMMAND: GET /session/5635ff3a58dcb7e64f288300af2e9ad3/screenshot - {}
RESULT: {"using":"css selector","value":"#shell-header-logo"}
COMMAND: POST /session/5635ff3a58dcb7e64f288300af2e9ad3/element/f.ED9453BD34BB61637EDB63CE7F048255.d.9A5ECF58AE48D9340422105C68862EDB.e.3769/click - {}
RESULT: {}
RESULT: {}
COMMAND: GET /session/5635ff3a58dcb7e64f288300af2e9ad3/screenshot - {}
RESULT: {}
COMMAND: POST /session/5635ff3a58dcb7e64f288300af2e9ad3/execute/sync - {"script":"<script> [299 bytes]","args":[["getModel","getResource"]]}
RESULT: {"script":"<script> [299 bytes]","args":[["getModel","getResource"]]}
COMMAND: POST /session/5635ff3a58dcb7e64f288300af2e9ad3/actions - {"actions":[{"id":"action8","type":"key","parameters":{},"actions":[{"type":"keyDown","value":""},{"type":"pause","duration":10},{"type":"keyUp","value":""}]}]}
COMMAND: GET /session/5635ff3a58dcb7e64f288300af2e9ad3/screenshot - {}
RESULT: {"actions":[{"id":"action8","type":"key","parameters":{},"actions":[{"type":"keyDown","value":""},{"type":"pause","duration":10},{"type":"keyUp","value":""}]}]}
COMMAND: GET /session/5635ff3a58dcb7e64f288300af2e9ad3/screenshot - {}
RESULT: {}
RESULT: {}
COMMAND: POST /session/5635ff3a58dcb7e64f288300af2e9ad3/refresh - {}
RESULT: {}
COMMAND: GET /session/5635ff3a58dcb7e64f288300af2e9ad3/screenshot - {}
RESULT: {}
COMMAND: POST /session/5635ff3a58dcb7e64f288300af2e9ad3/refresh - {}
RESULT: {}
COMMAND: GET /session/5635ff3a58dcb7e64f288300af2e9ad3/screenshot - {}
RESULT: {}
COMMAND: POST /session/5635ff3a58dcb7e64f288300af2e9ad3/window/fullscreen - {}
RESULT: {}
COMMAND: POST /session/5635ff3a58dcb7e64f288300af2e9ad3/execute/async - {"script":"<script> [189 bytes]","args":[]}
RESULT: {"script":"<script> [189 bytes]","args":[]}
COMMAND: POST /session/5635ff3a58dcb7e64f288300af2e9ad3/execute/async - {"script":"<script> [123 bytes]","args":[]}
RESULT: {"script":"<script> [123 bytes]","args":[]}
COMMAND: POST /session/5635ff3a58dcb7e64f288300af2e9ad3/timeouts - {"script":"<number>"}
RESULT: {"script":"<number>"}
COMMAND: GET /session/5635ff3a58dcb7e64f288300af2e9ad3/timeouts - {}
RESULT: {}
RESULT: undefined
COMMAND: POST /session/5635ff3a58dcb7e64f288300af2e9ad3/execute/async - {"script":"<script> [2676 bytes]","args":[]}
RESULT: {"script":"<script> [2676 bytes]","args":[]}
COMMAND: POST /session/5635ff3a58dcb7e64f288300af2e9ad3/execute/async - {"script":"<script> [2342 bytes]","args":[{"protocol":"http","hostname":"0.0.0.0","path":"/","capabilities":{"browserName":"chrome","goog:chromeOptions":{"binary":"C:\\Program Files\\Google\\Chrome\\Application\\chrome.exe","args":["--start-maximized"]}},"logLevel":"warn","connectionRetryTimeout":120000,"connectionRetryCount":3,"logLevels":{},"enableDirectConnect":true,"strictSSL":true,"_":"65 more keys: [\"cacheDir\",\"port\",\"requestedCapabilities\",\"automationProtocol\",\"baseUrl\",\"waitforInterval\",\"waitforTimeout\",\"onReload\",\"beforeCommand\",\"afterCommand\",\"rootDir\",\"specs\",\"suites\",\"exclude\",\"groupLogsByTestSpec\",\"excludeDriverLogs\",\"bail\",\"framework\",\"reporters\",\"services\",\"maxInstances\",\"maxInstancesPerCapability\",\"injectGlobals\",\"filesToWatch\",\"execArgv\",\"runnerEnv\",\"runner\",\"shard\",\"specFileRetries\",\"specFileRetriesDelay\",\"specFileRetriesDeferred\",\"reporterSyncInterval\",\"reporterSyncTimeout\",\"cucumberFeaturesWithLineNumbers\",\"autoCompileOpts\",\"mochaOpts\",\"jasmineOpts\",\"cucumberOpts\",\"onPrepare\",\"onWorkerStart\",\"onWorkerEnd\",\"before\",\"beforeSession\",\"beforeSuite\",\"beforeHook\",\"beforeTest\",\"afterTest\",\"afterHook\",\"afterSuite\",\"afterSession\",\"after\",\"onComplete\",\"beforeAssertion\",\"afterAssertion\",\"beforeFeature\",\"beforeScenario\",\"beforeStep\",\"afterStep\",\"afterScenario\",\"afterFeature\",\"_\",\"suite\",\"$0\",\"ignoredWorkerServices\",\"wdi5\"]"}]}
RESULT: {"script":"<script> [2342 bytes]","args":[{"protocol":"http","hostname":"0.0.0.0","path":"/","capabilities":{"browserName":"chrome","goog:chromeOptions":{"binary":"C:\\Program Files\\Google\\Chrome\\Application\\chrome.exe","args":["--start-maximized"]}},"logLevel":"warn","connectionRetryTimeout":120000,"connectionRetryCount":3,"logLevels":{},"enableDirectConnect":true,"strictSSL":true,"_":"65 more keys: [\"cacheDir\",\"port\",\"requestedCapabilities\",\"automationProtocol\",\"baseUrl\",\"waitforInterval\",\"waitforTimeout\",\"onReload\",\"beforeCommand\",\"afterCommand\",\"rootDir\",\"specs\",\"suites\",\"exclude\",\"groupLogsByTestSpec\",\"excludeDriverLogs\",\"bail\",\"framework\",\"reporters\",\"services\",\"maxInstances\",\"maxInstancesPerCapability\",\"injectGlobals\",\"filesToWatch\",\"execArgv\",\"runnerEnv\",\"runner\",\"shard\",\"specFileRetries\",\"specFileRetriesDelay\",\"specFileRetriesDeferred\",\"reporterSyncInterval\",\"reporterSyncTimeout\",\"cucumberFeaturesWithLineNumbers\",\"autoCompileOpts\",\"mochaOpts\",\"jasmineOpts\",\"cucumberOpts\",\"onPrepare\",\"onWorkerStart\",\"onWorkerEnd\",\"before\",\"beforeSession\",\"beforeSuite\",\"beforeHook\",\"beforeTest\",\"afterTest\",\"afterHook\",\"afterSuite\",\"afterSession\",\"after\",\"onComplete\",\"beforeAssertion\",\"afterAssertion\",\"beforeFeature\",\"beforeScenario\",\"beforeStep\",\"afterStep\",\"afterScenario\",\"afterFeature\",\"_\",\"suite\",\"$0\",\"ignoredWorkerServices\",\"wdi5\"]"}]}
COMMAND: POST /session/5635ff3a58dcb7e64f288300af2e9ad3/execute/async - {"script":"<script> [21126 bytes]","args":[35000]}
RESULT: {"script":"<script> [21126 bytes]","args":[35000]}
COMMAND: POST /session/5635ff3a58dcb7e64f288300af2e9ad3/window/fullscreen - {}
RESULT: {}
]]></system-out>
    </testcase>
    <testcase classname="chrome.136_0_7103_93.windows.Billing_Transfer_-_Master_data_&amp;_Intercompany_US127250" name="Should create a new equipment" time="140.257">
      <system-out><![CDATA[
COMMAND: POST /session/5635ff3a58dcb7e64f288300af2e9ad3/execute/async - {"script":"<script> [1562 bytes]","args":[{"selector":{"controlType":"sap.m.GenericTile","properties":{"header":"Manage Resources"}},"wdio_ui5_key":"sapm.GenericTile{\"header\":\"Manage Resources\"}"}]}
RESULT: {"script":"<script> [1562 bytes]","args":[{"selector":{"controlType":"sap.m.GenericTile","properties":{"header":"Manage Resources"}},"wdio_ui5_key":"sapm.GenericTile{\"header\":\"Manage Resources\"}"}]}
RESULT: undefined
COMMAND: POST /session/5635ff3a58dcb7e64f288300af2e9ad3/element - {"using":"xpath","value":"//*[@id=\"__tile31\"]"}
RESULT: {"using":"xpath","value":"//*[@id=\"__tile31\"]"}
COMMAND: POST /session/5635ff3a58dcb7e64f288300af2e9ad3/element/f.ED9453BD34BB61637EDB63CE7F048255.d.DC861FD3C28B79036CAE498C1F7FA70B.e.4760/click - {}
RESULT: {}
COMMAND: GET /session/5635ff3a58dcb7e64f288300af2e9ad3/screenshot - {}
RESULT: {}
COMMAND: POST /session/5635ff3a58dcb7e64f288300af2e9ad3/elements - {"using":"xpath","value":"//span[text()='Error']"}
RESULT: {"using":"xpath","value":"//span[text()='Error']"}
COMMAND: POST /session/5635ff3a58dcb7e64f288300af2e9ad3/element - {"using":"xpath","value":"//button[@data-kt=\"addNewRUOverflowToolbarButton\"]"}
RESULT: {"using":"xpath","value":"//button[@data-kt=\"addNewRUOverflowToolbarButton\"]"}
COMMAND: POST /session/5635ff3a58dcb7e64f288300af2e9ad3/elements - {"using":"xpath","value":"//button[@data-kt=\"addNewRUOverflowToolbarButton\"]"}
RESULT: {"using":"xpath","value":"//button[@data-kt=\"addNewRUOverflowToolbarButton\"]"}
COMMAND: POST /session/5635ff3a58dcb7e64f288300af2e9ad3/elements - {"using":"xpath","value":"//button[@data-kt=\"addNewRUOverflowToolbarButton\"]"}
RESULT: {"using":"xpath","value":"//button[@data-kt=\"addNewRUOverflowToolbarButton\"]"}
COMMAND: POST /session/5635ff3a58dcb7e64f288300af2e9ad3/elements - {"using":"xpath","value":"//button[@data-kt=\"addNewRUOverflowToolbarButton\"]"}
RESULT: {"using":"xpath","value":"//button[@data-kt=\"addNewRUOverflowToolbarButton\"]"}
COMMAND: POST /session/5635ff3a58dcb7e64f288300af2e9ad3/elements - {"using":"xpath","value":"//button[@data-kt=\"addNewRUOverflowToolbarButton\"]"}
RESULT: {"using":"xpath","value":"//button[@data-kt=\"addNewRUOverflowToolbarButton\"]"}
COMMAND: POST /session/5635ff3a58dcb7e64f288300af2e9ad3/element - {"using":"xpath","value":"//button[@data-kt=\"addNewRUOverflowToolbarButton\"]"}
RESULT: {"using":"xpath","value":"//button[@data-kt=\"addNewRUOverflowToolbarButton\"]"}
COMMAND: POST /session/5635ff3a58dcb7e64f288300af2e9ad3/execute/sync - {"script":"<script> [8489 bytes]","args":[{"element-6066-11e4-a52e-4f735466cecf":"f.ED9453BD34BB61637EDB63CE7F048255.d.DC861FD3C28B79036CAE498C1F7FA70B.e.4870","ELEMENT":"f.ED9453BD34BB61637EDB63CE7F048255.d.DC861FD3C28B79036CAE498C1F7FA70B.e.4870"}]}
RESULT: {"script":"<script> [8489 bytes]","args":[{"element-6066-11e4-a52e-4f735466cecf":"f.ED9453BD34BB61637EDB63CE7F048255.d.DC861FD3C28B79036CAE498C1F7FA70B.e.4870","ELEMENT":"f.ED9453BD34BB61637EDB63CE7F048255.d.DC861FD3C28B79036CAE498C1F7FA70B.e.4870"}]}
COMMAND: GET /session/5635ff3a58dcb7e64f288300af2e9ad3/element/f.ED9453BD34BB61637EDB63CE7F048255.d.DC861FD3C28B79036CAE498C1F7FA70B.e.4870/enabled - {}
COMMAND: GET /session/5635ff3a58dcb7e64f288300af2e9ad3/screenshot - {}
RESULT: {}
COMMAND: POST /session/5635ff3a58dcb7e64f288300af2e9ad3/execute/sync - {"script":"<script> [8489 bytes]","args":[{"element-6066-11e4-a52e-4f735466cecf":"f.ED9453BD34BB61637EDB63CE7F048255.d.DC861FD3C28B79036CAE498C1F7FA70B.e.4870","ELEMENT":"f.ED9453BD34BB61637EDB63CE7F048255.d.DC861FD3C28B79036CAE498C1F7FA70B.e.4870"}]}
COMMAND: GET /session/5635ff3a58dcb7e64f288300af2e9ad3/screenshot - {}
RESULT: {}
RESULT: {"script":"<script> [8489 bytes]","args":[{"element-6066-11e4-a52e-4f735466cecf":"f.ED9453BD34BB61637EDB63CE7F048255.d.DC861FD3C28B79036CAE498C1F7FA70B.e.4870","ELEMENT":"f.ED9453BD34BB61637EDB63CE7F048255.d.DC861FD3C28B79036CAE498C1F7FA70B.e.4870"}]}
COMMAND: POST /session/5635ff3a58dcb7e64f288300af2e9ad3/execute/sync - {"script":"<script> [5351 bytes]","args":[{"element-6066-11e4-a52e-4f735466cecf":"f.ED9453BD34BB61637EDB63CE7F048255.d.DC861FD3C28B79036CAE498C1F7FA70B.e.4870","ELEMENT":"f.ED9453BD34BB61637EDB63CE7F048255.d.DC861FD3C28B79036CAE498C1F7FA70B.e.4870"}]}
COMMAND: GET /session/5635ff3a58dcb7e64f288300af2e9ad3/screenshot - {}
RESULT: {}
RESULT: {"script":"<script> [5351 bytes]","args":[{"element-6066-11e4-a52e-4f735466cecf":"f.ED9453BD34BB61637EDB63CE7F048255.d.DC861FD3C28B79036CAE498C1F7FA70B.e.4870","ELEMENT":"f.ED9453BD34BB61637EDB63CE7F048255.d.DC861FD3C28B79036CAE498C1F7FA70B.e.4870"}]}
COMMAND: POST /session/5635ff3a58dcb7e64f288300af2e9ad3/element/f.ED9453BD34BB61637EDB63CE7F048255.d.DC861FD3C28B79036CAE498C1F7FA70B.e.4870/click - {}
COMMAND: GET /session/5635ff3a58dcb7e64f288300af2e9ad3/screenshot - {}
RESULT: {}
RESULT: {}
COMMAND: GET /session/5635ff3a58dcb7e64f288300af2e9ad3/screenshot - {}
RESULT: {}
RESULT: {}
COMMAND: POST /session/5635ff3a58dcb7e64f288300af2e9ad3/execute/async - {"script":"<script> [1562 bytes]","args":[{"selector":{"id":"application-manageresources-display-component---newResourceUnit--TYPE-arrow"},"wdio_ui5_key":"applicationmanageresources-display-component---newResourceUnit--TYPE-arrow"}]}
RESULT: {"script":"<script> [1562 bytes]","args":[{"selector":{"id":"application-manageresources-display-component---newResourceUnit--TYPE-arrow"},"wdio_ui5_key":"applicationmanageresources-display-component---newResourceUnit--TYPE-arrow"}]}
RESULT: undefined
COMMAND: POST /session/5635ff3a58dcb7e64f288300af2e9ad3/element - {"using":"xpath","value":"//*[@id=\"application-manageresources-display-component---newResourceUnit--TYPE-arrow\"]"}
RESULT: {"using":"xpath","value":"//*[@id=\"application-manageresources-display-component---newResourceUnit--TYPE-arrow\"]"}
COMMAND: POST /session/5635ff3a58dcb7e64f288300af2e9ad3/element/f.ED9453BD34BB61637EDB63CE7F048255.d.DC861FD3C28B79036CAE498C1F7FA70B.e.5234/click - {}
RESULT: {}
COMMAND: POST /session/5635ff3a58dcb7e64f288300af2e9ad3/element - {"using":"xpath","value":"//input[@id=\"application-manageresources-display-component---newResourceUnit--TYPE-inner\"]"}
COMMAND: GET /session/5635ff3a58dcb7e64f288300af2e9ad3/screenshot - {}
RESULT: {"using":"xpath","value":"//input[@id=\"application-manageresources-display-component---newResourceUnit--TYPE-inner\"]"}
COMMAND: POST /session/5635ff3a58dcb7e64f288300af2e9ad3/element/f.ED9453BD34BB61637EDB63CE7F048255.d.DC861FD3C28B79036CAE498C1F7FA70B.e.5224/clear - {}
RESULT: {}
RESULT: {}
COMMAND: POST /session/5635ff3a58dcb7e64f288300af2e9ad3/element/f.ED9453BD34BB61637EDB63CE7F048255.d.DC861FD3C28B79036CAE498C1F7FA70B.e.5224/value - {"text":"Equipment"}
COMMAND: GET /session/5635ff3a58dcb7e64f288300af2e9ad3/screenshot - {}
RESULT: {"text":"Equipment"}
COMMAND: GET /session/5635ff3a58dcb7e64f288300af2e9ad3/screenshot - {}
RESULT: {}
RESULT: {}
COMMAND: POST /session/5635ff3a58dcb7e64f288300af2e9ad3/actions - {"actions":[{"id":"action9","type":"key","parameters":{},"actions":[{"type":"keyDown","value":""},{"type":"pause","duration":10},{"type":"keyUp","value":""}]}]}
RESULT: {"actions":[{"id":"action9","type":"key","parameters":{},"actions":[{"type":"keyDown","value":""},{"type":"pause","duration":10},{"type":"keyUp","value":""}]}]}
COMMAND: POST /session/5635ff3a58dcb7e64f288300af2e9ad3/execute/async - {"script":"<script> [1562 bytes]","args":[{"selector":{"id":"application-manageresources-display-component---newResourceUnit--resourceId","interaction":{"idSuffix":"inner"}},"wdio_ui5_key":"applicationmanageresources-display-component---newResourceUnit--resourceId"}]}
COMMAND: GET /session/5635ff3a58dcb7e64f288300af2e9ad3/screenshot - {}
RESULT: {"script":"<script> [1562 bytes]","args":[{"selector":{"id":"application-manageresources-display-component---newResourceUnit--resourceId","interaction":{"idSuffix":"inner"}},"wdio_ui5_key":"applicationmanageresources-display-component---newResourceUnit--resourceId"}]}
RESULT: undefined
COMMAND: POST /session/5635ff3a58dcb7e64f288300af2e9ad3/execute/async - {"script":"<script> [776 bytes]","args":[{"enterText":"m8H5j5FpLp","selector":{"id":"application-manageresources-display-component---newResourceUnit--resourceId","interaction":{"idSuffix":"inner"}},"clearTextFirst":true,"interactionType":"ENTER_TEXT"}]}
RESULT: {}
RESULT: {"script":"<script> [776 bytes]","args":[{"enterText":"m8H5j5FpLp","selector":{"id":"application-manageresources-display-component---newResourceUnit--resourceId","interaction":{"idSuffix":"inner"}},"clearTextFirst":true,"interactionType":"ENTER_TEXT"}]}
COMMAND: POST /session/5635ff3a58dcb7e64f288300af2e9ad3/execute/async - {"script":"<script> [1562 bytes]","args":[{"selector":{"id":"application-manageresources-display-component---newResourceUnit--SHORT_TEXT","interaction":{"idSuffix":"inner"}},"wdio_ui5_key":"applicationmanageresources-display-component---newResourceUnit--SHORT_TEXT"}]}
RESULT: {"script":"<script> [1562 bytes]","args":[{"selector":{"id":"application-manageresources-display-component---newResourceUnit--SHORT_TEXT","interaction":{"idSuffix":"inner"}},"wdio_ui5_key":"applicationmanageresources-display-component---newResourceUnit--SHORT_TEXT"}]}
RESULT: undefined
COMMAND: POST /session/5635ff3a58dcb7e64f288300af2e9ad3/execute/async - {"script":"<script> [776 bytes]","args":[{"enterText":"Intercompany Equipment WDIO","selector":{"id":"application-manageresources-display-component---newResourceUnit--SHORT_TEXT","interaction":{"idSuffix":"inner"}},"clearTextFirst":true,"interactionType":"ENTER_TEXT"}]}
RESULT: {"script":"<script> [776 bytes]","args":[{"enterText":"Intercompany Equipment WDIO","selector":{"id":"application-manageresources-display-component---newResourceUnit--SHORT_TEXT","interaction":{"idSuffix":"inner"}},"clearTextFirst":true,"interactionType":"ENTER_TEXT"}]}
COMMAND: POST /session/5635ff3a58dcb7e64f288300af2e9ad3/execute/async - {"script":"<script> [1562 bytes]","args":[{"selector":{"id":"application-manageresources-display-component---newResourceUnit--BASE_UNIT_OF_MEASURE","interaction":{"idSuffix":"inner"}},"wdio_ui5_key":"applicationmanageresources-display-component---newResourceUnit--BASE_UNIT_OF_MEASURE"}]}
RESULT: {"script":"<script> [1562 bytes]","args":[{"selector":{"id":"application-manageresources-display-component---newResourceUnit--BASE_UNIT_OF_MEASURE","interaction":{"idSuffix":"inner"}},"wdio_ui5_key":"applicationmanageresources-display-component---newResourceUnit--BASE_UNIT_OF_MEASURE"}]}
RESULT: undefined
COMMAND: POST /session/5635ff3a58dcb7e64f288300af2e9ad3/execute/async - {"script":"<script> [776 bytes]","args":[{"enterText":"Piece","selector":{"id":"application-manageresources-display-component---newResourceUnit--BASE_UNIT_OF_MEASURE","interaction":{"idSuffix":"inner"}},"clearTextFirst":true,"interactionType":"ENTER_TEXT"}]}
RESULT: {"script":"<script> [776 bytes]","args":[{"enterText":"Piece","selector":{"id":"application-manageresources-display-component---newResourceUnit--BASE_UNIT_OF_MEASURE","interaction":{"idSuffix":"inner"}},"clearTextFirst":true,"interactionType":"ENTER_TEXT"}]}
COMMAND: POST /session/5635ff3a58dcb7e64f288300af2e9ad3/execute/async - {"script":"<script> [1562 bytes]","args":[{"selector":{"id":"application-manageresources-display-component---newResourceUnit--WEIGHT_UNIT","interaction":{"idSuffix":"inner"}},"wdio_ui5_key":"applicationmanageresources-display-component---newResourceUnit--WEIGHT_UNIT"}]}
RESULT: {"script":"<script> [1562 bytes]","args":[{"selector":{"id":"application-manageresources-display-component---newResourceUnit--WEIGHT_UNIT","interaction":{"idSuffix":"inner"}},"wdio_ui5_key":"applicationmanageresources-display-component---newResourceUnit--WEIGHT_UNIT"}]}
RESULT: undefined
COMMAND: POST /session/5635ff3a58dcb7e64f288300af2e9ad3/execute/async - {"script":"<script> [776 bytes]","args":[{"enterText":"Gram","selector":{"id":"application-manageresources-display-component---newResourceUnit--WEIGHT_UNIT","interaction":{"idSuffix":"inner"}},"clearTextFirst":true,"interactionType":"ENTER_TEXT"}]}
RESULT: {"script":"<script> [776 bytes]","args":[{"enterText":"Gram","selector":{"id":"application-manageresources-display-component---newResourceUnit--WEIGHT_UNIT","interaction":{"idSuffix":"inner"}},"clearTextFirst":true,"interactionType":"ENTER_TEXT"}]}
COMMAND: POST /session/5635ff3a58dcb7e64f288300af2e9ad3/execute/async - {"script":"<script> [1562 bytes]","args":[{"selector":{"id":"application-manageresources-display-component---newResourceUnit--DIMENSION_UNIT","interaction":{"idSuffix":"inner"}},"wdio_ui5_key":"applicationmanageresources-display-component---newResourceUnit--DIMENSION_UNIT"}]}
RESULT: {"script":"<script> [1562 bytes]","args":[{"selector":{"id":"application-manageresources-display-component---newResourceUnit--DIMENSION_UNIT","interaction":{"idSuffix":"inner"}},"wdio_ui5_key":"applicationmanageresources-display-component---newResourceUnit--DIMENSION_UNIT"}]}
RESULT: undefined
COMMAND: POST /session/5635ff3a58dcb7e64f288300af2e9ad3/execute/async - {"script":"<script> [776 bytes]","args":[{"enterText":"Meter","selector":{"id":"application-manageresources-display-component---newResourceUnit--DIMENSION_UNIT","interaction":{"idSuffix":"inner"}},"clearTextFirst":true,"interactionType":"ENTER_TEXT"}]}
RESULT: {"script":"<script> [776 bytes]","args":[{"enterText":"Meter","selector":{"id":"application-manageresources-display-component---newResourceUnit--DIMENSION_UNIT","interaction":{"idSuffix":"inner"}},"clearTextFirst":true,"interactionType":"ENTER_TEXT"}]}
COMMAND: POST /session/5635ff3a58dcb7e64f288300af2e9ad3/execute/async - {"script":"<script> [1562 bytes]","args":[{"selector":{"id":"application-manageresources-display-component---newResourceUnit--newRRUPage-anchBar-application-manageresources-display-component---newResourceUnit--control-anchor","interaction":{"idSuffix":"BDI-content"}},"wdio_ui5_key":"applicationmanageresources-display-component---newResourceUnit--newRRUPage-anchBar-application-manageresources-display-component---newResourceUnit--control-anchor"}]}
RESULT: {"script":"<script> [1562 bytes]","args":[{"selector":{"id":"application-manageresources-display-component---newResourceUnit--newRRUPage-anchBar-application-manageresources-display-component---newResourceUnit--control-anchor","interaction":{"idSuffix":"BDI-content"}},"wdio_ui5_key":"applicationmanageresources-display-component---newResourceUnit--newRRUPage-anchBar-application-manageresources-display-component---newResourceUnit--control-anchor"}]}
RESULT: undefined
COMMAND: POST /session/5635ff3a58dcb7e64f288300af2e9ad3/element - {"using":"xpath","value":"//*[@id=\"application-manageresources-display-component---newResourceUnit--newRRUPage-anchBar-application-manageresources-display-component---newResourceUnit--control-anchor\"]"}
RESULT: {"using":"xpath","value":"//*[@id=\"application-manageresources-display-component---newResourceUnit--newRRUPage-anchBar-application-manageresources-display-component---newResourceUnit--control-anchor\"]"}
COMMAND: POST /session/5635ff3a58dcb7e64f288300af2e9ad3/element/f.ED9453BD34BB61637EDB63CE7F048255.d.DC861FD3C28B79036CAE498C1F7FA70B.e.5394/click - {}
RESULT: {}
COMMAND: POST /session/5635ff3a58dcb7e64f288300af2e9ad3/execute/async - {"script":"<script> [1562 bytes]","args":[{"selector":{"id":"application-manageresources-display-component---newResourceUnit--PLANNING_GROUP","interaction":{"idSuffix":"inner"}},"wdio_ui5_key":"applicationmanageresources-display-component---newResourceUnit--PLANNING_GROUP"}]}
COMMAND: GET /session/5635ff3a58dcb7e64f288300af2e9ad3/screenshot - {}
RESULT: {"script":"<script> [1562 bytes]","args":[{"selector":{"id":"application-manageresources-display-component---newResourceUnit--PLANNING_GROUP","interaction":{"idSuffix":"inner"}},"wdio_ui5_key":"applicationmanageresources-display-component---newResourceUnit--PLANNING_GROUP"}]}
RESULT: undefined
COMMAND: POST /session/5635ff3a58dcb7e64f288300af2e9ad3/execute/async - {"script":"<script> [776 bytes]","args":[{"enterText":"Heavy Equi","selector":{"id":"application-manageresources-display-component---newResourceUnit--PLANNING_GROUP","interaction":{"idSuffix":"inner"}},"clearTextFirst":true,"interactionType":"ENTER_TEXT"}]}
RESULT: {}
RESULT: {"script":"<script> [776 bytes]","args":[{"enterText":"Heavy Equi","selector":{"id":"application-manageresources-display-component---newResourceUnit--PLANNING_GROUP","interaction":{"idSuffix":"inner"}},"clearTextFirst":true,"interactionType":"ENTER_TEXT"}]}
COMMAND: POST /session/5635ff3a58dcb7e64f288300af2e9ad3/execute/async - {"script":"<script> [1562 bytes]","args":[{"selector":{"id":"application-manageresources-display-component---newResourceUnit--ITEM_TYPE-arrow"},"wdio_ui5_key":"applicationmanageresources-display-component---newResourceUnit--ITEM_TYPE-arrow"}]}
RESULT: {"script":"<script> [1562 bytes]","args":[{"selector":{"id":"application-manageresources-display-component---newResourceUnit--ITEM_TYPE-arrow"},"wdio_ui5_key":"applicationmanageresources-display-component---newResourceUnit--ITEM_TYPE-arrow"}]}
RESULT: undefined
COMMAND: POST /session/5635ff3a58dcb7e64f288300af2e9ad3/element - {"using":"xpath","value":"//*[@id=\"application-manageresources-display-component---newResourceUnit--ITEM_TYPE-arrow\"]"}
RESULT: {"using":"xpath","value":"//*[@id=\"application-manageresources-display-component---newResourceUnit--ITEM_TYPE-arrow\"]"}
COMMAND: POST /session/5635ff3a58dcb7e64f288300af2e9ad3/element/f.ED9453BD34BB61637EDB63CE7F048255.d.DC861FD3C28B79036CAE498C1F7FA70B.e.5401/click - {}
RESULT: {}
COMMAND: POST /session/5635ff3a58dcb7e64f288300af2e9ad3/element - {"using":"xpath","value":"(//span[contains(text(), \"Resource Unit\")])[2]"}
COMMAND: GET /session/5635ff3a58dcb7e64f288300af2e9ad3/screenshot - {}
RESULT: {"using":"xpath","value":"(//span[contains(text(), \"Resource Unit\")])[2]"}
COMMAND: POST /session/5635ff3a58dcb7e64f288300af2e9ad3/element/f.ED9453BD34BB61637EDB63CE7F048255.d.DC861FD3C28B79036CAE498C1F7FA70B.e.5402/click - {}
RESULT: {}
RESULT: {}
COMMAND: GET /session/5635ff3a58dcb7e64f288300af2e9ad3/screenshot - {}
RESULT: {}
COMMAND: POST /session/5635ff3a58dcb7e64f288300af2e9ad3/element - {"using":"css selector","value":"#application-manageresources-display-component---newResourceUnit--btnAddTimeSegment"}
RESULT: {"using":"css selector","value":"#application-manageresources-display-component---newResourceUnit--btnAddTimeSegment"}
COMMAND: GET /session/5635ff3a58dcb7e64f288300af2e9ad3/element/f.ED9453BD34BB61637EDB63CE7F048255.d.DC861FD3C28B79036CAE498C1F7FA70B.e.5410/rect - {}
RESULT: {}
COMMAND: GET /session/5635ff3a58dcb7e64f288300af2e9ad3/window/rect - {}
RESULT: {}
COMMAND: POST /session/5635ff3a58dcb7e64f288300af2e9ad3/execute/sync - {"script":"<script> [92 bytes]","args":[]}
RESULT: {"script":"<script> [92 bytes]","args":[]}
COMMAND: POST /session/5635ff3a58dcb7e64f288300af2e9ad3/actions - {"actions":[{"id":"action10","type":"wheel","parameters":{},"actions":[{"type":"scroll","x":-1888,"y":-32,"deltaX":0,"deltaY":0,"duration":0,"origin":{"element-6066-11e4-a52e-4f735466cecf":"f.ED9453BD34BB61637EDB63CE7F048255.d.DC861FD3C28B79036CAE498C1F7FA70B.e.5410"}}]}]}
COMMAND: GET /session/5635ff3a58dcb7e64f288300af2e9ad3/screenshot - {}
RESULT: {}
COMMAND: POST /session/5635ff3a58dcb7e64f288300af2e9ad3/execute/sync - {"script":"<script> [79 bytes]","args":[{"element-6066-11e4-a52e-4f735466cecf":"f.ED9453BD34BB61637EDB63CE7F048255.d.DC861FD3C28B79036CAE498C1F7FA70B.e.5410","ELEMENT":"f.ED9453BD34BB61637EDB63CE7F048255.d.DC861FD3C28B79036CAE498C1F7FA70B.e.5410"},{"block":"start","inline":"nearest"}]}
RESULT: {"script":"<script> [79 bytes]","args":[{"element-6066-11e4-a52e-4f735466cecf":"f.ED9453BD34BB61637EDB63CE7F048255.d.DC861FD3C28B79036CAE498C1F7FA70B.e.5410","ELEMENT":"f.ED9453BD34BB61637EDB63CE7F048255.d.DC861FD3C28B79036CAE498C1F7FA70B.e.5410"},{"block":"start","inline":"nearest"}]}
COMMAND: POST /session/5635ff3a58dcb7e64f288300af2e9ad3/execute/async - {"script":"<script> [1562 bytes]","args":[{"selector":{"id":"application-manageresources-display-component---newResourceUnit--btnAddTimeSegment","interaction":{"idSuffix":"inner"}},"wdio_ui5_key":"applicationmanageresources-display-component---newResourceUnit--btnAddTimeSegment"}]}
COMMAND: GET /session/5635ff3a58dcb7e64f288300af2e9ad3/screenshot - {}
RESULT: {"script":"<script> [1562 bytes]","args":[{"selector":{"id":"application-manageresources-display-component---newResourceUnit--btnAddTimeSegment","interaction":{"idSuffix":"inner"}},"wdio_ui5_key":"applicationmanageresources-display-component---newResourceUnit--btnAddTimeSegment"}]}
RESULT: undefined
COMMAND: POST /session/5635ff3a58dcb7e64f288300af2e9ad3/element - {"using":"xpath","value":"//*[@id=\"application-manageresources-display-component---newResourceUnit--btnAddTimeSegment\"]"}
RESULT: {}
RESULT: {"using":"xpath","value":"//*[@id=\"application-manageresources-display-component---newResourceUnit--btnAddTimeSegment\"]"}
COMMAND: POST /session/5635ff3a58dcb7e64f288300af2e9ad3/element/f.ED9453BD34BB61637EDB63CE7F048255.d.DC861FD3C28B79036CAE498C1F7FA70B.e.5410/click - {}
RESULT: {}
COMMAND: GET /session/5635ff3a58dcb7e64f288300af2e9ad3/screenshot - {}
RESULT: {}
COMMAND: POST /session/5635ff3a58dcb7e64f288300af2e9ad3/element - {"using":"xpath","value":"//input[@id=\"application-manageresources-display-component---newResourceUnit--idRuTSAdmin-application-manageresources-display-component---newResourceUnit--RUTimeSegment-0-inner\"]"}
RESULT: {"using":"xpath","value":"//input[@id=\"application-manageresources-display-component---newResourceUnit--idRuTSAdmin-application-manageresources-display-component---newResourceUnit--RUTimeSegment-0-inner\"]"}
COMMAND: POST /session/5635ff3a58dcb7e64f288300af2e9ad3/element/f.ED9453BD34BB61637EDB63CE7F048255.d.DC861FD3C28B79036CAE498C1F7FA70B.e.5416/clear - {}
RESULT: {}
COMMAND: POST /session/5635ff3a58dcb7e64f288300af2e9ad3/element/f.ED9453BD34BB61637EDB63CE7F048255.d.DC861FD3C28B79036CAE498C1F7FA70B.e.5416/value - {"text":"430"}
COMMAND: GET /session/5635ff3a58dcb7e64f288300af2e9ad3/screenshot - {}
RESULT: {"text":"430"}
COMMAND: GET /session/5635ff3a58dcb7e64f288300af2e9ad3/screenshot - {}
RESULT: {}
RESULT: {}
COMMAND: POST /session/5635ff3a58dcb7e64f288300af2e9ad3/element - {"using":"xpath","value":"//li[.//span[text()='430']]"}
RESULT: {"using":"xpath","value":"//li[.//span[text()='430']]"}
COMMAND: POST /session/5635ff3a58dcb7e64f288300af2e9ad3/element/f.ED9453BD34BB61637EDB63CE7F048255.d.DC861FD3C28B79036CAE498C1F7FA70B.e.5428/click - {}
RESULT: {}
COMMAND: GET /session/5635ff3a58dcb7e64f288300af2e9ad3/screenshot - {}
RESULT: {}
COMMAND: POST /session/5635ff3a58dcb7e64f288300af2e9ad3/element - {"using":"xpath","value":"(//span[contains(@id, \"-application-manageresources-display-component---newResourceUnit--RUTimeSegment-0-arrow\")])[6]"}
RESULT: {"using":"xpath","value":"(//span[contains(@id, \"-application-manageresources-display-component---newResourceUnit--RUTimeSegment-0-arrow\")])[6]"}
COMMAND: POST /session/5635ff3a58dcb7e64f288300af2e9ad3/element/f.ED9453BD34BB61637EDB63CE7F048255.d.DC861FD3C28B79036CAE498C1F7FA70B.e.5429/click - {}
RESULT: {}
COMMAND: GET /session/5635ff3a58dcb7e64f288300af2e9ad3/screenshot - {}
RESULT: {}
COMMAND: POST /session/5635ff3a58dcb7e64f288300af2e9ad3/element - {"using":"xpath","value":"//span[contains(text(), \"PM Order\")]"}
RESULT: {"using":"xpath","value":"//span[contains(text(), \"PM Order\")]"}
COMMAND: POST /session/5635ff3a58dcb7e64f288300af2e9ad3/element/f.ED9453BD34BB61637EDB63CE7F048255.d.DC861FD3C28B79036CAE498C1F7FA70B.e.5432/click - {}
RESULT: {}
COMMAND: GET /session/5635ff3a58dcb7e64f288300af2e9ad3/screenshot - {}
RESULT: {}
COMMAND: POST /session/5635ff3a58dcb7e64f288300af2e9ad3/element - {"using":"xpath","value":"(//span[contains(@id ,\"manageresources-display-component---newResourceUnit--RUTimeSegment-0-vhi\")])[1]"}
RESULT: {"using":"xpath","value":"(//span[contains(@id ,\"manageresources-display-component---newResourceUnit--RUTimeSegment-0-vhi\")])[1]"}
COMMAND: GET /session/5635ff3a58dcb7e64f288300af2e9ad3/element/f.ED9453BD34BB61637EDB63CE7F048255.d.DC861FD3C28B79036CAE498C1F7FA70B.e.5436/rect - {}
RESULT: {}
COMMAND: GET /session/5635ff3a58dcb7e64f288300af2e9ad3/window/rect - {}
RESULT: {}
COMMAND: POST /session/5635ff3a58dcb7e64f288300af2e9ad3/execute/sync - {"script":"<script> [92 bytes]","args":[]}
RESULT: {"script":"<script> [92 bytes]","args":[]}
COMMAND: POST /session/5635ff3a58dcb7e64f288300af2e9ad3/actions - {"actions":[{"id":"action11","type":"wheel","parameters":{},"actions":[{"type":"scroll","x":-869,"y":-24,"deltaX":0,"deltaY":0,"duration":0,"origin":{"element-6066-11e4-a52e-4f735466cecf":"f.ED9453BD34BB61637EDB63CE7F048255.d.DC861FD3C28B79036CAE498C1F7FA70B.e.5436"}}]}]}
COMMAND: GET /session/5635ff3a58dcb7e64f288300af2e9ad3/screenshot - {}
RESULT: {"actions":[{"id":"action11","type":"wheel","parameters":{},"actions":[{"type":"scroll","x":-869,"y":-24,"deltaX":0,"deltaY":0,"duration":0,"origin":{"element-6066-11e4-a52e-4f735466cecf":"f.ED9453BD34BB61637EDB63CE7F048255.d.DC861FD3C28B79036CAE498C1F7FA70B.e.5436"}}]}]}
COMMAND: DELETE /session/5635ff3a58dcb7e64f288300af2e9ad3/actions - {}
COMMAND: GET /session/5635ff3a58dcb7e64f288300af2e9ad3/screenshot - {}
RESULT: {}
RESULT: {}
COMMAND: GET /session/5635ff3a58dcb7e64f288300af2e9ad3/screenshot - {}
RESULT: {}
RESULT: {}
COMMAND: POST /session/5635ff3a58dcb7e64f288300af2e9ad3/element/f.ED9453BD34BB61637EDB63CE7F048255.d.DC861FD3C28B79036CAE498C1F7FA70B.e.5436/click - {}
RESULT: {}
COMMAND: GET /session/5635ff3a58dcb7e64f288300af2e9ad3/screenshot - {}
RESULT: {}
COMMAND: POST /session/5635ff3a58dcb7e64f288300af2e9ad3/execute/async - {"script":"<script> [1562 bytes]","args":[{"selector":{"controlType":"sap.m.SearchField","properties":{"placeholder":"Search"},"searchOpenDialogs":true,"interaction":{"idSuffix":"I"}},"wdio_ui5_key":"sapm.SearchField{\"placeholder\":\"Search\"}"}]}
RESULT: {"script":"<script> [1562 bytes]","args":[{"selector":{"controlType":"sap.m.SearchField","properties":{"placeholder":"Search"},"searchOpenDialogs":true,"interaction":{"idSuffix":"I"}},"wdio_ui5_key":"sapm.SearchField{\"placeholder\":\"Search\"}"}]}
RESULT: undefined
COMMAND: POST /session/5635ff3a58dcb7e64f288300af2e9ad3/execute/async - {"script":"<script> [776 bytes]","args":[{"enterText":"4000360","selector":{"controlType":"sap.m.SearchField","properties":{"placeholder":"Search"},"searchOpenDialogs":true,"interaction":{"idSuffix":"I"}},"clearTextFirst":true,"interactionType":"ENTER_TEXT"}]}
RESULT: {"script":"<script> [776 bytes]","args":[{"enterText":"4000360","selector":{"controlType":"sap.m.SearchField","properties":{"placeholder":"Search"},"searchOpenDialogs":true,"interaction":{"idSuffix":"I"}},"clearTextFirst":true,"interactionType":"ENTER_TEXT"}]}
COMMAND: POST /session/5635ff3a58dcb7e64f288300af2e9ad3/actions - {"actions":[{"id":"action12","type":"key","parameters":{},"actions":[{"type":"keyDown","value":""},{"type":"pause","duration":10},{"type":"keyUp","value":""}]}]}
RESULT: {"actions":[{"id":"action12","type":"key","parameters":{},"actions":[{"type":"keyDown","value":""},{"type":"pause","duration":10},{"type":"keyUp","value":""}]}]}
COMMAND: GET /session/5635ff3a58dcb7e64f288300af2e9ad3/screenshot - {}
RESULT: {}
COMMAND: POST /session/5635ff3a58dcb7e64f288300af2e9ad3/element - {"using":"xpath","value":"//td/div/span[contains(text(), \"BGL Vehicles\")]"}
RESULT: {"using":"xpath","value":"//td/div/span[contains(text(), \"BGL Vehicles\")]"}
COMMAND: POST /session/5635ff3a58dcb7e64f288300af2e9ad3/element/f.ED9453BD34BB61637EDB63CE7F048255.d.DC861FD3C28B79036CAE498C1F7FA70B.e.5459/click - {}
RESULT: {}
COMMAND: GET /session/5635ff3a58dcb7e64f288300af2e9ad3/screenshot - {}
RESULT: {}
COMMAND: POST /session/5635ff3a58dcb7e64f288300af2e9ad3/element - {"using":"xpath","value":"//bdi[contains(text(), \"OK\")]"}
RESULT: {"using":"xpath","value":"//bdi[contains(text(), \"OK\")]"}
COMMAND: POST /session/5635ff3a58dcb7e64f288300af2e9ad3/element/f.ED9453BD34BB61637EDB63CE7F048255.d.DC861FD3C28B79036CAE498C1F7FA70B.e.5460/click - {}
RESULT: {}
COMMAND: GET /session/5635ff3a58dcb7e64f288300af2e9ad3/screenshot - {}
RESULT: {}
COMMAND: POST /session/5635ff3a58dcb7e64f288300af2e9ad3/execute/async - {"script":"<script> [1562 bytes]","args":[{"selector":{"id":"application-manageresources-display-component---newResourceUnit--newRRUPage-anchBar-application-manageresources-display-component---newResourceUnit--resource-anchor","interaction":{"idSuffix":"BDI-content"}},"wdio_ui5_key":"applicationmanageresources-display-component---newResourceUnit--newRRUPage-anchBar-application-manageresources-display-component---newResourceUnit--resource-anchor"}]}
RESULT: {"script":"<script> [1562 bytes]","args":[{"selector":{"id":"application-manageresources-display-component---newResourceUnit--newRRUPage-anchBar-application-manageresources-display-component---newResourceUnit--resource-anchor","interaction":{"idSuffix":"BDI-content"}},"wdio_ui5_key":"applicationmanageresources-display-component---newResourceUnit--newRRUPage-anchBar-application-manageresources-display-component---newResourceUnit--resource-anchor"}]}
RESULT: undefined
COMMAND: POST /session/5635ff3a58dcb7e64f288300af2e9ad3/element - {"using":"xpath","value":"//*[@id=\"application-manageresources-display-component---newResourceUnit--newRRUPage-anchBar-application-manageresources-display-component---newResourceUnit--resource-anchor\"]"}
RESULT: {"using":"xpath","value":"//*[@id=\"application-manageresources-display-component---newResourceUnit--newRRUPage-anchBar-application-manageresources-display-component---newResourceUnit--resource-anchor\"]"}
COMMAND: POST /session/5635ff3a58dcb7e64f288300af2e9ad3/element/f.ED9453BD34BB61637EDB63CE7F048255.d.DC861FD3C28B79036CAE498C1F7FA70B.e.5464/click - {}
RESULT: {}
COMMAND: POST /session/5635ff3a58dcb7e64f288300af2e9ad3/execute/async - {"script":"<script> [1562 bytes]","args":[{"selector":{"id":"application-manageresources-display-component---newResourceUnit--PLANNED_DELIVERY_DATE","interaction":{"idSuffix":"inner"}},"wdio_ui5_key":"applicationmanageresources-display-component---newResourceUnit--PLANNED_DELIVERY_DATE"}]}
COMMAND: GET /session/5635ff3a58dcb7e64f288300af2e9ad3/screenshot - {}
RESULT: {"script":"<script> [1562 bytes]","args":[{"selector":{"id":"application-manageresources-display-component---newResourceUnit--PLANNED_DELIVERY_DATE","interaction":{"idSuffix":"inner"}},"wdio_ui5_key":"applicationmanageresources-display-component---newResourceUnit--PLANNED_DELIVERY_DATE"}]}
RESULT: undefined
COMMAND: POST /session/5635ff3a58dcb7e64f288300af2e9ad3/execute/async - {"script":"<script> [6424 bytes]","args":[{"element-6066-11e4-a52e-4f735466cecf":"f.ED9453BD34BB61637EDB63CE7F048255.d.DC861FD3C28B79036CAE498C1F7FA70B.e.5292"},"setValue",["5/28/25"]]}
RESULT: {}
RESULT: {"script":"<script> [6424 bytes]","args":[{"element-6066-11e4-a52e-4f735466cecf":"f.ED9453BD34BB61637EDB63CE7F048255.d.DC861FD3C28B79036CAE498C1F7FA70B.e.5292"},"setValue",["5/28/25"]]}
COMMAND: POST /session/5635ff3a58dcb7e64f288300af2e9ad3/element - {"using":"xpath","value":"//label[contains(@class, 'sapMLabelRequired') and .//bdi[contains(text(), 'Planned Retirement')]]"}
RESULT: {"using":"xpath","value":"//label[contains(@class, 'sapMLabelRequired') and .//bdi[contains(text(), 'Planned Retirement')]]"}
COMMAND: POST /session/5635ff3a58dcb7e64f288300af2e9ad3/elements - {"using":"xpath","value":"//label[contains(@class, 'sapMLabelRequired') and .//bdi[contains(text(), 'Planned Retirement')]]"}
RESULT: {"using":"xpath","value":"//label[contains(@class, 'sapMLabelRequired') and .//bdi[contains(text(), 'Planned Retirement')]]"}
COMMAND: POST /session/5635ff3a58dcb7e64f288300af2e9ad3/element - {"using":"xpath","value":"//button[@data-kt=\"resourceUnitSaveButton\"]"}
RESULT: {"using":"xpath","value":"//button[@data-kt=\"resourceUnitSaveButton\"]"}
COMMAND: POST /session/5635ff3a58dcb7e64f288300af2e9ad3/element/f.ED9453BD34BB61637EDB63CE7F048255.d.DC861FD3C28B79036CAE498C1F7FA70B.e.5251/click - {}
RESULT: {}
COMMAND: GET /session/5635ff3a58dcb7e64f288300af2e9ad3/screenshot - {}
RESULT: {}
COMMAND: POST /session/5635ff3a58dcb7e64f288300af2e9ad3/element - {"using":"xpath","value":"//bdi[contains(text(), \"Close\")]"}
RESULT: {"using":"xpath","value":"//bdi[contains(text(), \"Close\")]"}
COMMAND: POST /session/5635ff3a58dcb7e64f288300af2e9ad3/element/f.ED9453BD34BB61637EDB63CE7F048255.d.DC861FD3C28B79036CAE498C1F7FA70B.e.5474/click - {}
RESULT: {}
COMMAND: GET /session/5635ff3a58dcb7e64f288300af2e9ad3/screenshot - {}
RESULT: {}
COMMAND: POST /session/5635ff3a58dcb7e64f288300af2e9ad3/element - {"using":"xpath","value":"(//button[contains(@id ,\"actionsToolbar-overflowButton\")])[1]"}
RESULT: {"using":"xpath","value":"(//button[contains(@id ,\"actionsToolbar-overflowButton\")])[1]"}
COMMAND: POST /session/5635ff3a58dcb7e64f288300af2e9ad3/element/f.ED9453BD34BB61637EDB63CE7F048255.d.DC861FD3C28B79036CAE498C1F7FA70B.e.5531/click - {}
RESULT: {}
COMMAND: GET /session/5635ff3a58dcb7e64f288300af2e9ad3/screenshot - {}
RESULT: {}
COMMAND: POST /session/5635ff3a58dcb7e64f288300af2e9ad3/element - {"using":"xpath","value":"//button[@data-kt=\"priceInfoButton\"]"}
RESULT: {"using":"xpath","value":"//button[@data-kt=\"priceInfoButton\"]"}
COMMAND: POST /session/5635ff3a58dcb7e64f288300af2e9ad3/element/f.ED9453BD34BB61637EDB63CE7F048255.d.DC861FD3C28B79036CAE498C1F7FA70B.e.5533/click - {}
RESULT: {}
COMMAND: GET /session/5635ff3a58dcb7e64f288300af2e9ad3/screenshot - {}
RESULT: {}
]]></system-out>
    </testcase>
    <testcase classname="chrome.136_0_7103_93.windows.Billing_Transfer_-_Master_data_&amp;_Intercompany_US127250" name="Should create new pricing rule TB on the equipment TB" time="57.478">
      <system-out><![CDATA[
COMMAND: POST /session/5635ff3a58dcb7e64f288300af2e9ad3/element - {"using":"xpath","value":"//button[@data-kt=\"addButton\"]"}
RESULT: {"using":"xpath","value":"//button[@data-kt=\"addButton\"]"}
COMMAND: POST /session/5635ff3a58dcb7e64f288300af2e9ad3/elements - {"using":"xpath","value":"//button[@data-kt=\"addButton\"]"}
RESULT: {"using":"xpath","value":"//button[@data-kt=\"addButton\"]"}
COMMAND: POST /session/5635ff3a58dcb7e64f288300af2e9ad3/elements - {"using":"xpath","value":"//button[@data-kt=\"addButton\"]"}
RESULT: {"using":"xpath","value":"//button[@data-kt=\"addButton\"]"}
COMMAND: POST /session/5635ff3a58dcb7e64f288300af2e9ad3/element - {"using":"xpath","value":"//button[@data-kt=\"addButton\"]"}
RESULT: {"using":"xpath","value":"//button[@data-kt=\"addButton\"]"}
COMMAND: POST /session/5635ff3a58dcb7e64f288300af2e9ad3/execute/sync - {"script":"<script> [8489 bytes]","args":[{"element-6066-11e4-a52e-4f735466cecf":"f.ED9453BD34BB61637EDB63CE7F048255.d.DC861FD3C28B79036CAE498C1F7FA70B.e.5569","ELEMENT":"f.ED9453BD34BB61637EDB63CE7F048255.d.DC861FD3C28B79036CAE498C1F7FA70B.e.5569"}]}
RESULT: {"script":"<script> [8489 bytes]","args":[{"element-6066-11e4-a52e-4f735466cecf":"f.ED9453BD34BB61637EDB63CE7F048255.d.DC861FD3C28B79036CAE498C1F7FA70B.e.5569","ELEMENT":"f.ED9453BD34BB61637EDB63CE7F048255.d.DC861FD3C28B79036CAE498C1F7FA70B.e.5569"}]}
COMMAND: GET /session/5635ff3a58dcb7e64f288300af2e9ad3/element/f.ED9453BD34BB61637EDB63CE7F048255.d.DC861FD3C28B79036CAE498C1F7FA70B.e.5569/enabled - {}
COMMAND: GET /session/5635ff3a58dcb7e64f288300af2e9ad3/screenshot - {}
RESULT: {}
COMMAND: POST /session/5635ff3a58dcb7e64f288300af2e9ad3/execute/sync - {"script":"<script> [8489 bytes]","args":[{"element-6066-11e4-a52e-4f735466cecf":"f.ED9453BD34BB61637EDB63CE7F048255.d.DC861FD3C28B79036CAE498C1F7FA70B.e.5569","ELEMENT":"f.ED9453BD34BB61637EDB63CE7F048255.d.DC861FD3C28B79036CAE498C1F7FA70B.e.5569"}]}
COMMAND: GET /session/5635ff3a58dcb7e64f288300af2e9ad3/screenshot - {}
RESULT: {}
RESULT: {"script":"<script> [8489 bytes]","args":[{"element-6066-11e4-a52e-4f735466cecf":"f.ED9453BD34BB61637EDB63CE7F048255.d.DC861FD3C28B79036CAE498C1F7FA70B.e.5569","ELEMENT":"f.ED9453BD34BB61637EDB63CE7F048255.d.DC861FD3C28B79036CAE498C1F7FA70B.e.5569"}]}
COMMAND: POST /session/5635ff3a58dcb7e64f288300af2e9ad3/execute/sync - {"script":"<script> [5351 bytes]","args":[{"element-6066-11e4-a52e-4f735466cecf":"f.ED9453BD34BB61637EDB63CE7F048255.d.DC861FD3C28B79036CAE498C1F7FA70B.e.5569","ELEMENT":"f.ED9453BD34BB61637EDB63CE7F048255.d.DC861FD3C28B79036CAE498C1F7FA70B.e.5569"}]}
COMMAND: GET /session/5635ff3a58dcb7e64f288300af2e9ad3/screenshot - {}
RESULT: {}
RESULT: {"script":"<script> [5351 bytes]","args":[{"element-6066-11e4-a52e-4f735466cecf":"f.ED9453BD34BB61637EDB63CE7F048255.d.DC861FD3C28B79036CAE498C1F7FA70B.e.5569","ELEMENT":"f.ED9453BD34BB61637EDB63CE7F048255.d.DC861FD3C28B79036CAE498C1F7FA70B.e.5569"}]}
COMMAND: POST /session/5635ff3a58dcb7e64f288300af2e9ad3/element/f.ED9453BD34BB61637EDB63CE7F048255.d.DC861FD3C28B79036CAE498C1F7FA70B.e.5569/click - {}
COMMAND: GET /session/5635ff3a58dcb7e64f288300af2e9ad3/screenshot - {}
RESULT: {}
RESULT: {}
COMMAND: GET /session/5635ff3a58dcb7e64f288300af2e9ad3/screenshot - {}
RESULT: {}
RESULT: {}
COMMAND: POST /session/5635ff3a58dcb7e64f288300af2e9ad3/execute/async - {"script":"<script> [1562 bytes]","args":[{"selector":{"controlType":"sap.m.Title","viewName":"etm.portal.ui.managepricingrules.view.NewItem","viewId":"application-managepricingrules-display-component---newInfoPriceItem","properties":{"text":"New Pricing Rules - Item Level"}},"wdio_ui5_key":"etmportal.ui.managepricingrules.view.NewItemsap.m.Title{\"text\":\"New Pricing Rules - Item Level\"}"}]}
RESULT: {"script":"<script> [1562 bytes]","args":[{"selector":{"controlType":"sap.m.Title","viewName":"etm.portal.ui.managepricingrules.view.NewItem","viewId":"application-managepricingrules-display-component---newInfoPriceItem","properties":{"text":"New Pricing Rules - Item Level"}},"wdio_ui5_key":"etmportal.ui.managepricingrules.view.NewItemsap.m.Title{\"text\":\"New Pricing Rules - Item Level\"}"}]}
RESULT: undefined
COMMAND: POST /session/5635ff3a58dcb7e64f288300af2e9ad3/execute/async - {"script":"<script> [6424 bytes]","args":[{"element-6066-11e4-a52e-4f735466cecf":"f.ED9453BD34BB61637EDB63CE7F048255.d.DC861FD3C28B79036CAE498C1F7FA70B.e.5730"},"getText",[]]}
RESULT: {"script":"<script> [6424 bytes]","args":[{"element-6066-11e4-a52e-4f735466cecf":"f.ED9453BD34BB61637EDB63CE7F048255.d.DC861FD3C28B79036CAE498C1F7FA70B.e.5730"},"getText",[]]}
COMMAND: POST /session/5635ff3a58dcb7e64f288300af2e9ad3/execute/async - {"script":"<script> [1562 bytes]","args":[{"selector":{"id":"application-managepricingrules-display-component---newInfoPriceItem--condValidTo","interaction":{"idSuffix":"inner"}},"wdio_ui5_key":"applicationmanagepricingrules-display-component---newInfoPriceItem--condValidTo"}]}
RESULT: {"script":"<script> [1562 bytes]","args":[{"selector":{"id":"application-managepricingrules-display-component---newInfoPriceItem--condValidTo","interaction":{"idSuffix":"inner"}},"wdio_ui5_key":"applicationmanagepricingrules-display-component---newInfoPriceItem--condValidTo"}]}
RESULT: undefined
COMMAND: POST /session/5635ff3a58dcb7e64f288300af2e9ad3/execute/async - {"script":"<script> [776 bytes]","args":[{"enterText":"1/28/26","selector":{"id":"application-managepricingrules-display-component---newInfoPriceItem--condValidTo","interaction":{"idSuffix":"inner"}},"clearTextFirst":true,"interactionType":"ENTER_TEXT"}]}
RESULT: {"script":"<script> [776 bytes]","args":[{"enterText":"1/28/26","selector":{"id":"application-managepricingrules-display-component---newInfoPriceItem--condValidTo","interaction":{"idSuffix":"inner"}},"clearTextFirst":true,"interactionType":"ENTER_TEXT"}]}
COMMAND: POST /session/5635ff3a58dcb7e64f288300af2e9ad3/execute/async - {"script":"<script> [1562 bytes]","args":[{"selector":{"id":"application-managepricingrules-display-component---newInfoPriceItem--billType-arrow"},"wdio_ui5_key":"applicationmanagepricingrules-display-component---newInfoPriceItem--billType-arrow"}]}
RESULT: {"script":"<script> [1562 bytes]","args":[{"selector":{"id":"application-managepricingrules-display-component---newInfoPriceItem--billType-arrow"},"wdio_ui5_key":"applicationmanagepricingrules-display-component---newInfoPriceItem--billType-arrow"}]}
RESULT: undefined
COMMAND: POST /session/5635ff3a58dcb7e64f288300af2e9ad3/element - {"using":"xpath","value":"//*[@id=\"application-managepricingrules-display-component---newInfoPriceItem--billType-arrow\"]"}
RESULT: {"using":"xpath","value":"//*[@id=\"application-managepricingrules-display-component---newInfoPriceItem--billType-arrow\"]"}
COMMAND: POST /session/5635ff3a58dcb7e64f288300af2e9ad3/element/f.ED9453BD34BB61637EDB63CE7F048255.d.DC861FD3C28B79036CAE498C1F7FA70B.e.5732/click - {}
RESULT: {}
COMMAND: POST /session/5635ff3a58dcb7e64f288300af2e9ad3/element - {"using":"xpath","value":"//span[contains(text(), \"TB - Time based\")]"}
COMMAND: GET /session/5635ff3a58dcb7e64f288300af2e9ad3/screenshot - {}
RESULT: {"using":"xpath","value":"//span[contains(text(), \"TB - Time based\")]"}
COMMAND: POST /session/5635ff3a58dcb7e64f288300af2e9ad3/element/f.ED9453BD34BB61637EDB63CE7F048255.d.DC861FD3C28B79036CAE498C1F7FA70B.e.5733/click - {}
RESULT: {}
RESULT: {}
COMMAND: POST /session/5635ff3a58dcb7e64f288300af2e9ad3/execute/async - {"script":"<script> [1562 bytes]","args":[{"selector":{"id":"application-managepricingrules-display-component---newInfoPriceItem--priceProc-arrow"},"wdio_ui5_key":"applicationmanagepricingrules-display-component---newInfoPriceItem--priceProc-arrow"}]}
COMMAND: GET /session/5635ff3a58dcb7e64f288300af2e9ad3/screenshot - {}
RESULT: {"script":"<script> [1562 bytes]","args":[{"selector":{"id":"application-managepricingrules-display-component---newInfoPriceItem--priceProc-arrow"},"wdio_ui5_key":"applicationmanagepricingrules-display-component---newInfoPriceItem--priceProc-arrow"}]}
RESULT: undefined
COMMAND: POST /session/5635ff3a58dcb7e64f288300af2e9ad3/element - {"using":"xpath","value":"//*[@id=\"application-managepricingrules-display-component---newInfoPriceItem--priceProc-arrow\"]"}
RESULT: {}
RESULT: {"using":"xpath","value":"//*[@id=\"application-managepricingrules-display-component---newInfoPriceItem--priceProc-arrow\"]"}
COMMAND: POST /session/5635ff3a58dcb7e64f288300af2e9ad3/element/f.ED9453BD34BB61637EDB63CE7F048255.d.DC861FD3C28B79036CAE498C1F7FA70B.e.5698/click - {}
RESULT: {}
COMMAND: POST /session/5635ff3a58dcb7e64f288300af2e9ad3/element - {"using":"xpath","value":"//span[contains(text(), \"TBS - Time based standard\")]"}
COMMAND: GET /session/5635ff3a58dcb7e64f288300af2e9ad3/screenshot - {}
RESULT: {"using":"xpath","value":"//span[contains(text(), \"TBS - Time based standard\")]"}
COMMAND: POST /session/5635ff3a58dcb7e64f288300af2e9ad3/element/f.ED9453BD34BB61637EDB63CE7F048255.d.DC861FD3C28B79036CAE498C1F7FA70B.e.5734/click - {}
RESULT: {}
RESULT: {}
COMMAND: POST /session/5635ff3a58dcb7e64f288300af2e9ad3/execute/async - {"script":"<script> [1562 bytes]","args":[{"selector":{"id":"application-managepricingrules-display-component---newInfoPriceItem--calcBase-arrow"},"wdio_ui5_key":"applicationmanagepricingrules-display-component---newInfoPriceItem--calcBase-arrow"}]}
COMMAND: GET /session/5635ff3a58dcb7e64f288300af2e9ad3/screenshot - {}
RESULT: {"script":"<script> [1562 bytes]","args":[{"selector":{"id":"application-managepricingrules-display-component---newInfoPriceItem--calcBase-arrow"},"wdio_ui5_key":"applicationmanagepricingrules-display-component---newInfoPriceItem--calcBase-arrow"}]}
RESULT: undefined
COMMAND: POST /session/5635ff3a58dcb7e64f288300af2e9ad3/element - {"using":"xpath","value":"//*[@id=\"application-managepricingrules-display-component---newInfoPriceItem--calcBase-arrow\"]"}
RESULT: {}
RESULT: {"using":"xpath","value":"//*[@id=\"application-managepricingrules-display-component---newInfoPriceItem--calcBase-arrow\"]"}
COMMAND: POST /session/5635ff3a58dcb7e64f288300af2e9ad3/element/f.ED9453BD34BB61637EDB63CE7F048255.d.DC861FD3C28B79036CAE498C1F7FA70B.e.5705/click - {}
RESULT: {}
COMMAND: GET /session/5635ff3a58dcb7e64f288300af2e9ad3/screenshot - {}
RESULT: {}
COMMAND: POST /session/5635ff3a58dcb7e64f288300af2e9ad3/element - {"using":"xpath","value":"//span[contains(text(), \"0006 - TB(calendar days)\")]"}
RESULT: {"using":"xpath","value":"//span[contains(text(), \"0006 - TB(calendar days)\")]"}
COMMAND: POST /session/5635ff3a58dcb7e64f288300af2e9ad3/element/f.ED9453BD34BB61637EDB63CE7F048255.d.DC861FD3C28B79036CAE498C1F7FA70B.e.5735/click - {}
RESULT: {}
COMMAND: GET /session/5635ff3a58dcb7e64f288300af2e9ad3/screenshot - {}
RESULT: {}
COMMAND: POST /session/5635ff3a58dcb7e64f288300af2e9ad3/execute/async - {"script":"<script> [1562 bytes]","args":[{"selector":{"id":"application-managepricingrules-display-component---newInfoPriceItem--daysMonth","interaction":{"idSuffix":"inner"}},"wdio_ui5_key":"applicationmanagepricingrules-display-component---newInfoPriceItem--daysMonth"}]}
RESULT: {"script":"<script> [1562 bytes]","args":[{"selector":{"id":"application-managepricingrules-display-component---newInfoPriceItem--daysMonth","interaction":{"idSuffix":"inner"}},"wdio_ui5_key":"applicationmanagepricingrules-display-component---newInfoPriceItem--daysMonth"}]}
RESULT: undefined
COMMAND: POST /session/5635ff3a58dcb7e64f288300af2e9ad3/execute/async - {"script":"<script> [776 bytes]","args":[{"enterText":"30","selector":{"id":"application-managepricingrules-display-component---newInfoPriceItem--daysMonth","interaction":{"idSuffix":"inner"}},"clearTextFirst":true,"interactionType":"ENTER_TEXT"}]}
RESULT: {"script":"<script> [776 bytes]","args":[{"enterText":"30","selector":{"id":"application-managepricingrules-display-component---newInfoPriceItem--daysMonth","interaction":{"idSuffix":"inner"}},"clearTextFirst":true,"interactionType":"ENTER_TEXT"}]}
COMMAND: POST /session/5635ff3a58dcb7e64f288300af2e9ad3/element - {"using":"xpath","value":"//button[@data-kt=\"saveNewRuleButton\"]"}
RESULT: {"using":"xpath","value":"//button[@data-kt=\"saveNewRuleButton\"]"}
COMMAND: POST /session/5635ff3a58dcb7e64f288300af2e9ad3/element/f.ED9453BD34BB61637EDB63CE7F048255.d.DC861FD3C28B79036CAE498C1F7FA70B.e.5721/click - {}
RESULT: {}
COMMAND: GET /session/5635ff3a58dcb7e64f288300af2e9ad3/screenshot - {}
RESULT: {}
COMMAND: POST /session/5635ff3a58dcb7e64f288300af2e9ad3/execute/async - {"script":"<script> [1562 bytes]","args":[{"selector":{"id":"application-managepricingrules-display-component---priceInfoItem--smartFilterBar-btnBasicSearch","interaction":{"idSuffix":"I"}},"wdio_ui5_key":"applicationmanagepricingrules-display-component---priceInfoItem--smartFilterBar-btnBasicSearch"}]}
RESULT: {"script":"<script> [1562 bytes]","args":[{"selector":{"id":"application-managepricingrules-display-component---priceInfoItem--smartFilterBar-btnBasicSearch","interaction":{"idSuffix":"I"}},"wdio_ui5_key":"applicationmanagepricingrules-display-component---priceInfoItem--smartFilterBar-btnBasicSearch"}]}
RESULT: undefined
COMMAND: POST /session/5635ff3a58dcb7e64f288300af2e9ad3/execute/async - {"script":"<script> [776 bytes]","args":[{"enterText":"m8H5j5FpLp","selector":{"id":"application-managepricingrules-display-component---priceInfoItem--smartFilterBar-btnBasicSearch","interaction":{"idSuffix":"I"}},"clearTextFirst":true,"interactionType":"ENTER_TEXT"}]}
RESULT: {"script":"<script> [776 bytes]","args":[{"enterText":"m8H5j5FpLp","selector":{"id":"application-managepricingrules-display-component---priceInfoItem--smartFilterBar-btnBasicSearch","interaction":{"idSuffix":"I"}},"clearTextFirst":true,"interactionType":"ENTER_TEXT"}]}
COMMAND: POST /session/5635ff3a58dcb7e64f288300af2e9ad3/actions - {"actions":[{"id":"action13","type":"key","parameters":{},"actions":[{"type":"keyDown","value":""},{"type":"pause","duration":10},{"type":"keyUp","value":""}]}]}
RESULT: {"actions":[{"id":"action13","type":"key","parameters":{},"actions":[{"type":"keyDown","value":""},{"type":"pause","duration":10},{"type":"keyUp","value":""}]}]}
COMMAND: GET /session/5635ff3a58dcb7e64f288300af2e9ad3/screenshot - {}
RESULT: {}
COMMAND: POST /session/5635ff3a58dcb7e64f288300af2e9ad3/element - {"using":"xpath","value":"//span[@id=\"application-managepricingrules-display-component---priceInfoItem--smartTable-header-inner\"]"}
RESULT: {"using":"xpath","value":"//span[@id=\"application-managepricingrules-display-component---priceInfoItem--smartTable-header-inner\"]"}
COMMAND: POST /session/5635ff3a58dcb7e64f288300af2e9ad3/elements - {"using":"xpath","value":"//span[@id=\"application-managepricingrules-display-component---priceInfoItem--smartTable-header-inner\"]"}
RESULT: {"using":"xpath","value":"//span[@id=\"application-managepricingrules-display-component---priceInfoItem--smartTable-header-inner\"]"}
COMMAND: POST /session/5635ff3a58dcb7e64f288300af2e9ad3/execute/sync - {"script":"<script> [56 bytes]","args":[{"element-6066-11e4-a52e-4f735466cecf":"f.ED9453BD34BB61637EDB63CE7F048255.d.DC861FD3C28B79036CAE498C1F7FA70B.e.5759","ELEMENT":"f.ED9453BD34BB61637EDB63CE7F048255.d.DC861FD3C28B79036CAE498C1F7FA70B.e.5759"}]}
RESULT: {"script":"<script> [56 bytes]","args":[{"element-6066-11e4-a52e-4f735466cecf":"f.ED9453BD34BB61637EDB63CE7F048255.d.DC861FD3C28B79036CAE498C1F7FA70B.e.5759","ELEMENT":"f.ED9453BD34BB61637EDB63CE7F048255.d.DC861FD3C28B79036CAE498C1F7FA70B.e.5759"}]}
COMMAND: POST /session/5635ff3a58dcb7e64f288300af2e9ad3/element - {"using":"css selector","value":"#shell-header-logo"}
COMMAND: GET /session/5635ff3a58dcb7e64f288300af2e9ad3/screenshot - {}
RESULT: {"using":"css selector","value":"#shell-header-logo"}
COMMAND: POST /session/5635ff3a58dcb7e64f288300af2e9ad3/element/f.ED9453BD34BB61637EDB63CE7F048255.d.DC861FD3C28B79036CAE498C1F7FA70B.e.4839/click - {}
RESULT: {}
RESULT: {}
COMMAND: GET /session/5635ff3a58dcb7e64f288300af2e9ad3/screenshot - {}
RESULT: {}
]]></system-out>
    </testcase>
    <testcase classname="chrome.136_0_7103_93.windows.Billing_Transfer_-_Master_data_&amp;_Intercompany_US127250" name="Should create new condition for equipment TB" time="69.32">
      <system-out><![CDATA[
COMMAND: POST /session/5635ff3a58dcb7e64f288300af2e9ad3/execute/async - {"script":"<script> [1562 bytes]","args":[{"selector":{"controlType":"sap.m.GenericTile","properties":{"header":"Manage Conditions & Prices"}},"wdio_ui5_key":"sapm.GenericTile{\"header\":\"Manage Conditions & Prices\"}"}]}
RESULT: {"script":"<script> [1562 bytes]","args":[{"selector":{"controlType":"sap.m.GenericTile","properties":{"header":"Manage Conditions & Prices"}},"wdio_ui5_key":"sapm.GenericTile{\"header\":\"Manage Conditions & Prices\"}"}]}
RESULT: undefined
COMMAND: POST /session/5635ff3a58dcb7e64f288300af2e9ad3/element - {"using":"xpath","value":"//*[@id=\"__tile93\"]"}
RESULT: {"using":"xpath","value":"//*[@id=\"__tile93\"]"}
COMMAND: POST /session/5635ff3a58dcb7e64f288300af2e9ad3/element/f.ED9453BD34BB61637EDB63CE7F048255.d.DC861FD3C28B79036CAE498C1F7FA70B.e.4823/click - {}
RESULT: {}
COMMAND: GET /session/5635ff3a58dcb7e64f288300af2e9ad3/screenshot - {}
RESULT: {}
COMMAND: POST /session/5635ff3a58dcb7e64f288300af2e9ad3/elements - {"using":"xpath","value":"//span[text()='Error']"}
RESULT: {"using":"xpath","value":"//span[text()='Error']"}
COMMAND: POST /session/5635ff3a58dcb7e64f288300af2e9ad3/element - {"using":"xpath","value":"//button[@aria-label=\"Create\"]"}
RESULT: {"using":"xpath","value":"//button[@aria-label=\"Create\"]"}
COMMAND: POST /session/5635ff3a58dcb7e64f288300af2e9ad3/elements - {"using":"xpath","value":"//button[@aria-label=\"Create\"]"}
RESULT: {"using":"xpath","value":"//button[@aria-label=\"Create\"]"}
COMMAND: POST /session/5635ff3a58dcb7e64f288300af2e9ad3/execute/sync - {"script":"<script> [8489 bytes]","args":[{"element-6066-11e4-a52e-4f735466cecf":"f.ED9453BD34BB61637EDB63CE7F048255.d.DC861FD3C28B79036CAE498C1F7FA70B.e.5796","ELEMENT":"f.ED9453BD34BB61637EDB63CE7F048255.d.DC861FD3C28B79036CAE498C1F7FA70B.e.5796"}]}
RESULT: {"script":"<script> [8489 bytes]","args":[{"element-6066-11e4-a52e-4f735466cecf":"f.ED9453BD34BB61637EDB63CE7F048255.d.DC861FD3C28B79036CAE498C1F7FA70B.e.5796","ELEMENT":"f.ED9453BD34BB61637EDB63CE7F048255.d.DC861FD3C28B79036CAE498C1F7FA70B.e.5796"}]}
COMMAND: GET /session/5635ff3a58dcb7e64f288300af2e9ad3/element/f.ED9453BD34BB61637EDB63CE7F048255.d.DC861FD3C28B79036CAE498C1F7FA70B.e.5796/enabled - {}
COMMAND: GET /session/5635ff3a58dcb7e64f288300af2e9ad3/screenshot - {}
RESULT: {}
COMMAND: POST /session/5635ff3a58dcb7e64f288300af2e9ad3/execute/sync - {"script":"<script> [8489 bytes]","args":[{"element-6066-11e4-a52e-4f735466cecf":"f.ED9453BD34BB61637EDB63CE7F048255.d.DC861FD3C28B79036CAE498C1F7FA70B.e.5796","ELEMENT":"f.ED9453BD34BB61637EDB63CE7F048255.d.DC861FD3C28B79036CAE498C1F7FA70B.e.5796"}]}
COMMAND: GET /session/5635ff3a58dcb7e64f288300af2e9ad3/screenshot - {}
RESULT: {}
RESULT: {"script":"<script> [8489 bytes]","args":[{"element-6066-11e4-a52e-4f735466cecf":"f.ED9453BD34BB61637EDB63CE7F048255.d.DC861FD3C28B79036CAE498C1F7FA70B.e.5796","ELEMENT":"f.ED9453BD34BB61637EDB63CE7F048255.d.DC861FD3C28B79036CAE498C1F7FA70B.e.5796"}]}
COMMAND: POST /session/5635ff3a58dcb7e64f288300af2e9ad3/execute/sync - {"script":"<script> [5351 bytes]","args":[{"element-6066-11e4-a52e-4f735466cecf":"f.ED9453BD34BB61637EDB63CE7F048255.d.DC861FD3C28B79036CAE498C1F7FA70B.e.5796","ELEMENT":"f.ED9453BD34BB61637EDB63CE7F048255.d.DC861FD3C28B79036CAE498C1F7FA70B.e.5796"}]}
COMMAND: GET /session/5635ff3a58dcb7e64f288300af2e9ad3/screenshot - {}
RESULT: {}
RESULT: {"script":"<script> [5351 bytes]","args":[{"element-6066-11e4-a52e-4f735466cecf":"f.ED9453BD34BB61637EDB63CE7F048255.d.DC861FD3C28B79036CAE498C1F7FA70B.e.5796","ELEMENT":"f.ED9453BD34BB61637EDB63CE7F048255.d.DC861FD3C28B79036CAE498C1F7FA70B.e.5796"}]}
COMMAND: POST /session/5635ff3a58dcb7e64f288300af2e9ad3/element/f.ED9453BD34BB61637EDB63CE7F048255.d.DC861FD3C28B79036CAE498C1F7FA70B.e.5796/click - {}
COMMAND: GET /session/5635ff3a58dcb7e64f288300af2e9ad3/screenshot - {}
RESULT: {}
RESULT: {}
COMMAND: GET /session/5635ff3a58dcb7e64f288300af2e9ad3/screenshot - {}
RESULT: {}
RESULT: {}
COMMAND: POST /session/5635ff3a58dcb7e64f288300af2e9ad3/actions - {"actions":[{"id":"action14","type":"key","parameters":{},"actions":[{"type":"keyDown","value":""},{"type":"pause","duration":10},{"type":"keyUp","value":""}]}]}
RESULT: {"actions":[{"id":"action14","type":"key","parameters":{},"actions":[{"type":"keyDown","value":""},{"type":"pause","duration":10},{"type":"keyUp","value":""}]}]}
COMMAND: GET /session/5635ff3a58dcb7e64f288300af2e9ad3/screenshot - {}
RESULT: {}
COMMAND: POST /session/5635ff3a58dcb7e64f288300af2e9ad3/execute/async - {"script":"<script> [1562 bytes]","args":[{"selector":{"id":"application-manageconditionprice-display-component---newCondition--condBillCond-arrow"},"wdio_ui5_key":"applicationmanageconditionprice-display-component---newCondition--condBillCond-arrow"}]}
RESULT: {"script":"<script> [1562 bytes]","args":[{"selector":{"id":"application-manageconditionprice-display-component---newCondition--condBillCond-arrow"},"wdio_ui5_key":"applicationmanageconditionprice-display-component---newCondition--condBillCond-arrow"}]}
RESULT: undefined
COMMAND: POST /session/5635ff3a58dcb7e64f288300af2e9ad3/element - {"using":"xpath","value":"//*[@id=\"application-manageconditionprice-display-component---newCondition--condBillCond-arrow\"]"}
RESULT: {"using":"xpath","value":"//*[@id=\"application-manageconditionprice-display-component---newCondition--condBillCond-arrow\"]"}
COMMAND: POST /session/5635ff3a58dcb7e64f288300af2e9ad3/element/f.ED9453BD34BB61637EDB63CE7F048255.d.DC861FD3C28B79036CAE498C1F7FA70B.e.6007/click - {}
RESULT: {}
COMMAND: GET /session/5635ff3a58dcb7e64f288300af2e9ad3/screenshot - {}
RESULT: {}
COMMAND: POST /session/5635ff3a58dcb7e64f288300af2e9ad3/element - {"using":"xpath","value":"//li[.//span[contains(text(), \"DISP - D&I special price\")]]"}
RESULT: {"using":"xpath","value":"//li[.//span[contains(text(), \"DISP - D&I special price\")]]"}
COMMAND: POST /session/5635ff3a58dcb7e64f288300af2e9ad3/element/f.ED9453BD34BB61637EDB63CE7F048255.d.DC861FD3C28B79036CAE498C1F7FA70B.e.6010/click - {}
RESULT: {}
COMMAND: GET /session/5635ff3a58dcb7e64f288300af2e9ad3/screenshot - {}
RESULT: {}
COMMAND: POST /session/5635ff3a58dcb7e64f288300af2e9ad3/execute/async - {"script":"<script> [1562 bytes]","args":[{"selector":{"id":"application-manageconditionprice-display-component---newCondition--condValidTo","interaction":{"idSuffix":"inner"}},"wdio_ui5_key":"applicationmanageconditionprice-display-component---newCondition--condValidTo"}]}
RESULT: {"script":"<script> [1562 bytes]","args":[{"selector":{"id":"application-manageconditionprice-display-component---newCondition--condValidTo","interaction":{"idSuffix":"inner"}},"wdio_ui5_key":"applicationmanageconditionprice-display-component---newCondition--condValidTo"}]}
RESULT: undefined
COMMAND: POST /session/5635ff3a58dcb7e64f288300af2e9ad3/execute/async - {"script":"<script> [776 bytes]","args":[{"enterText":"1/28/26","selector":{"id":"application-manageconditionprice-display-component---newCondition--condValidTo","interaction":{"idSuffix":"inner"}},"clearTextFirst":true,"interactionType":"ENTER_TEXT"}]}
RESULT: {"script":"<script> [776 bytes]","args":[{"enterText":"1/28/26","selector":{"id":"application-manageconditionprice-display-component---newCondition--condValidTo","interaction":{"idSuffix":"inner"}},"clearTextFirst":true,"interactionType":"ENTER_TEXT"}]}
COMMAND: POST /session/5635ff3a58dcb7e64f288300af2e9ad3/element - {"using":"xpath","value":"//input[@id=\"application-manageconditionprice-display-component---newCondition--condRU-inner\"]"}
RESULT: {"using":"xpath","value":"//input[@id=\"application-manageconditionprice-display-component---newCondition--condRU-inner\"]"}
COMMAND: POST /session/5635ff3a58dcb7e64f288300af2e9ad3/element/f.ED9453BD34BB61637EDB63CE7F048255.d.DC861FD3C28B79036CAE498C1F7FA70B.e.5872/clear - {}
RESULT: {}
COMMAND: POST /session/5635ff3a58dcb7e64f288300af2e9ad3/element/f.ED9453BD34BB61637EDB63CE7F048255.d.DC861FD3C28B79036CAE498C1F7FA70B.e.5872/value - {"text":"m8H5j5FpLp"}
COMMAND: GET /session/5635ff3a58dcb7e64f288300af2e9ad3/screenshot - {}
RESULT: {"text":"m8H5j5FpLp"}
COMMAND: GET /session/5635ff3a58dcb7e64f288300af2e9ad3/screenshot - {}
RESULT: {}
RESULT: {}
COMMAND: POST /session/5635ff3a58dcb7e64f288300af2e9ad3/actions - {"actions":[{"id":"action15","type":"key","parameters":{},"actions":[{"type":"keyDown","value":""},{"type":"pause","duration":10},{"type":"keyUp","value":""}]}]}
RESULT: {"actions":[{"id":"action15","type":"key","parameters":{},"actions":[{"type":"keyDown","value":""},{"type":"pause","duration":10},{"type":"keyUp","value":""}]}]}
COMMAND: POST /session/5635ff3a58dcb7e64f288300af2e9ad3/execute/async - {"script":"<script> [1562 bytes]","args":[{"selector":{"id":"application-manageconditionprice-display-component---newCondition--condBaseQty","interaction":{"idSuffix":"inner"}},"wdio_ui5_key":"applicationmanageconditionprice-display-component---newCondition--condBaseQty"}]}
COMMAND: GET /session/5635ff3a58dcb7e64f288300af2e9ad3/screenshot - {}
RESULT: {"script":"<script> [1562 bytes]","args":[{"selector":{"id":"application-manageconditionprice-display-component---newCondition--condBaseQty","interaction":{"idSuffix":"inner"}},"wdio_ui5_key":"applicationmanageconditionprice-display-component---newCondition--condBaseQty"}]}
RESULT: undefined
COMMAND: POST /session/5635ff3a58dcb7e64f288300af2e9ad3/execute/async - {"script":"<script> [776 bytes]","args":[{"enterText":"1","selector":{"id":"application-manageconditionprice-display-component---newCondition--condBaseQty","interaction":{"idSuffix":"inner"}},"clearTextFirst":true,"interactionType":"ENTER_TEXT"}]}
RESULT: {}
RESULT: {"script":"<script> [776 bytes]","args":[{"enterText":"1","selector":{"id":"application-manageconditionprice-display-component---newCondition--condBaseQty","interaction":{"idSuffix":"inner"}},"clearTextFirst":true,"interactionType":"ENTER_TEXT"}]}
COMMAND: POST /session/5635ff3a58dcb7e64f288300af2e9ad3/execute/async - {"script":"<script> [1562 bytes]","args":[{"selector":{"id":"application-manageconditionprice-display-component---newCondition--condValue","interaction":{"idSuffix":"inner"}},"wdio_ui5_key":"applicationmanageconditionprice-display-component---newCondition--condValue"}]}
RESULT: {"script":"<script> [1562 bytes]","args":[{"selector":{"id":"application-manageconditionprice-display-component---newCondition--condValue","interaction":{"idSuffix":"inner"}},"wdio_ui5_key":"applicationmanageconditionprice-display-component---newCondition--condValue"}]}
RESULT: undefined
COMMAND: POST /session/5635ff3a58dcb7e64f288300af2e9ad3/execute/async - {"script":"<script> [776 bytes]","args":[{"enterText":"100","selector":{"id":"application-manageconditionprice-display-component---newCondition--condValue","interaction":{"idSuffix":"inner"}},"clearTextFirst":true,"interactionType":"ENTER_TEXT"}]}
RESULT: {"script":"<script> [776 bytes]","args":[{"enterText":"100","selector":{"id":"application-manageconditionprice-display-component---newCondition--condValue","interaction":{"idSuffix":"inner"}},"clearTextFirst":true,"interactionType":"ENTER_TEXT"}]}
COMMAND: POST /session/5635ff3a58dcb7e64f288300af2e9ad3/execute/async - {"script":"<script> [1562 bytes]","args":[{"selector":{"id":"application-manageconditionprice-display-component---newCondition--condCurr-arrow"},"wdio_ui5_key":"applicationmanageconditionprice-display-component---newCondition--condCurr-arrow"}]}
RESULT: {"script":"<script> [1562 bytes]","args":[{"selector":{"id":"application-manageconditionprice-display-component---newCondition--condCurr-arrow"},"wdio_ui5_key":"applicationmanageconditionprice-display-component---newCondition--condCurr-arrow"}]}
RESULT: undefined
COMMAND: POST /session/5635ff3a58dcb7e64f288300af2e9ad3/element - {"using":"xpath","value":"//*[@id=\"application-manageconditionprice-display-component---newCondition--condCurr-arrow\"]"}
RESULT: {"using":"xpath","value":"//*[@id=\"application-manageconditionprice-display-component---newCondition--condCurr-arrow\"]"}
COMMAND: POST /session/5635ff3a58dcb7e64f288300af2e9ad3/element/f.ED9453BD34BB61637EDB63CE7F048255.d.DC861FD3C28B79036CAE498C1F7FA70B.e.5987/click - {}
RESULT: {}
COMMAND: POST /session/5635ff3a58dcb7e64f288300af2e9ad3/element - {"using":"xpath","value":"//span[contains(text(), \"Euro\")]"}
COMMAND: GET /session/5635ff3a58dcb7e64f288300af2e9ad3/screenshot - {}
RESULT: {"using":"xpath","value":"//span[contains(text(), \"Euro\")]"}
COMMAND: POST /session/5635ff3a58dcb7e64f288300af2e9ad3/element/f.ED9453BD34BB61637EDB63CE7F048255.d.DC861FD3C28B79036CAE498C1F7FA70B.e.6047/click - {}
RESULT: {}
RESULT: {}
COMMAND: POST /session/5635ff3a58dcb7e64f288300af2e9ad3/element - {"using":"xpath","value":"//button[@data-kt=\"saveButton\"]"}
COMMAND: GET /session/5635ff3a58dcb7e64f288300af2e9ad3/screenshot - {}
RESULT: {"using":"xpath","value":"//button[@data-kt=\"saveButton\"]"}
COMMAND: POST /session/5635ff3a58dcb7e64f288300af2e9ad3/element/f.ED9453BD34BB61637EDB63CE7F048255.d.DC861FD3C28B79036CAE498C1F7FA70B.e.5988/click - {}
RESULT: {}
RESULT: {}
COMMAND: GET /session/5635ff3a58dcb7e64f288300af2e9ad3/screenshot - {}
RESULT: {}
COMMAND: POST /session/5635ff3a58dcb7e64f288300af2e9ad3/execute/async - {"script":"<script> [1562 bytes]","args":[{"selector":{"id":"application-manageconditionprice-display-component---conditions--smartFilterBar-btnBasicSearch","interaction":{"idSuffix":"I"}},"wdio_ui5_key":"applicationmanageconditionprice-display-component---conditions--smartFilterBar-btnBasicSearch"}]}
RESULT: {"script":"<script> [1562 bytes]","args":[{"selector":{"id":"application-manageconditionprice-display-component---conditions--smartFilterBar-btnBasicSearch","interaction":{"idSuffix":"I"}},"wdio_ui5_key":"applicationmanageconditionprice-display-component---conditions--smartFilterBar-btnBasicSearch"}]}
RESULT: undefined
COMMAND: POST /session/5635ff3a58dcb7e64f288300af2e9ad3/execute/async - {"script":"<script> [776 bytes]","args":[{"enterText":"m8H5j5FpLp","selector":{"id":"application-manageconditionprice-display-component---conditions--smartFilterBar-btnBasicSearch","interaction":{"idSuffix":"I"}},"clearTextFirst":true,"interactionType":"ENTER_TEXT"}]}
RESULT: {"script":"<script> [776 bytes]","args":[{"enterText":"m8H5j5FpLp","selector":{"id":"application-manageconditionprice-display-component---conditions--smartFilterBar-btnBasicSearch","interaction":{"idSuffix":"I"}},"clearTextFirst":true,"interactionType":"ENTER_TEXT"}]}
COMMAND: POST /session/5635ff3a58dcb7e64f288300af2e9ad3/actions - {"actions":[{"id":"action16","type":"key","parameters":{},"actions":[{"type":"keyDown","value":""},{"type":"pause","duration":10},{"type":"keyUp","value":""}]}]}
RESULT: {"actions":[{"id":"action16","type":"key","parameters":{},"actions":[{"type":"keyDown","value":""},{"type":"pause","duration":10},{"type":"keyUp","value":""}]}]}
COMMAND: GET /session/5635ff3a58dcb7e64f288300af2e9ad3/screenshot - {}
RESULT: {}
COMMAND: POST /session/5635ff3a58dcb7e64f288300af2e9ad3/execute/async - {"script":"<script> [1562 bytes]","args":[{"selector":{"id":"application-manageconditionprice-display-component---conditions--smartFilterBar-filterItemControl_BASIC-BILL_TYPES-vhi"},"wdio_ui5_key":"applicationmanageconditionprice-display-component---conditions--smartFilterBar-filterItemControl_BASIC-BILL_TYPES-vhi"}]}
RESULT: {"script":"<script> [1562 bytes]","args":[{"selector":{"id":"application-manageconditionprice-display-component---conditions--smartFilterBar-filterItemControl_BASIC-BILL_TYPES-vhi"},"wdio_ui5_key":"applicationmanageconditionprice-display-component---conditions--smartFilterBar-filterItemControl_BASIC-BILL_TYPES-vhi"}]}
RESULT: undefined
COMMAND: POST /session/5635ff3a58dcb7e64f288300af2e9ad3/element - {"using":"xpath","value":"//*[@id=\"application-manageconditionprice-display-component---conditions--smartFilterBar-filterItemControl_BASIC-BILL_TYPES-vhi\"]"}
RESULT: {"using":"xpath","value":"//*[@id=\"application-manageconditionprice-display-component---conditions--smartFilterBar-filterItemControl_BASIC-BILL_TYPES-vhi\"]"}
COMMAND: POST /session/5635ff3a58dcb7e64f288300af2e9ad3/element/f.ED9453BD34BB61637EDB63CE7F048255.d.DC861FD3C28B79036CAE498C1F7FA70B.e.6153/click - {}
RESULT: {}
COMMAND: POST /session/5635ff3a58dcb7e64f288300af2e9ad3/execute/async - {"script":"<script> [1562 bytes]","args":[{"selector":{"id":"application-manageconditionprice-display-component---conditions--smartFilterBar-filterItemControl_BASIC-BILL_TYPES-valueHelpDialog-smartFilterBar-btnBasicSearch","searchOpenDialogs":true,"interaction":{"idSuffix":"I"}},"wdio_ui5_key":"applicationmanageconditionprice-display-component---conditions--smartFilterBar-filterItemControl_BASIC-BILL_TYPES-valueHelpDialog-smartFilterBar-btnBasicSearch"}]}
COMMAND: GET /session/5635ff3a58dcb7e64f288300af2e9ad3/screenshot - {}
RESULT: {"script":"<script> [1562 bytes]","args":[{"selector":{"id":"application-manageconditionprice-display-component---conditions--smartFilterBar-filterItemControl_BASIC-BILL_TYPES-valueHelpDialog-smartFilterBar-btnBasicSearch","searchOpenDialogs":true,"interaction":{"idSuffix":"I"}},"wdio_ui5_key":"applicationmanageconditionprice-display-component---conditions--smartFilterBar-filterItemControl_BASIC-BILL_TYPES-valueHelpDialog-smartFilterBar-btnBasicSearch"}]}
RESULT: undefined
COMMAND: POST /session/5635ff3a58dcb7e64f288300af2e9ad3/execute/async - {"script":"<script> [776 bytes]","args":[{"enterText":"TB","selector":{"id":"application-manageconditionprice-display-component---conditions--smartFilterBar-filterItemControl_BASIC-BILL_TYPES-valueHelpDialog-smartFilterBar-btnBasicSearch","searchOpenDialogs":true,"interaction":{"idSuffix":"I"}},"clearTextFirst":true,"interactionType":"ENTER_TEXT"}]}
RESULT: {}
RESULT: {"script":"<script> [776 bytes]","args":[{"enterText":"TB","selector":{"id":"application-manageconditionprice-display-component---conditions--smartFilterBar-filterItemControl_BASIC-BILL_TYPES-valueHelpDialog-smartFilterBar-btnBasicSearch","searchOpenDialogs":true,"interaction":{"idSuffix":"I"}},"clearTextFirst":true,"interactionType":"ENTER_TEXT"}]}
COMMAND: POST /session/5635ff3a58dcb7e64f288300af2e9ad3/actions - {"actions":[{"id":"action17","type":"key","parameters":{},"actions":[{"type":"keyDown","value":""},{"type":"pause","duration":10},{"type":"keyUp","value":""}]}]}
RESULT: {"actions":[{"id":"action17","type":"key","parameters":{},"actions":[{"type":"keyDown","value":""},{"type":"pause","duration":10},{"type":"keyUp","value":""}]}]}
COMMAND: GET /session/5635ff3a58dcb7e64f288300af2e9ad3/screenshot - {}
RESULT: {}
COMMAND: POST /session/5635ff3a58dcb7e64f288300af2e9ad3/element - {"using":"xpath","value":"//div[contains(@id, 'application-manageconditionprice-display-component---conditions--smartFilterBar-filterItemControl_BASIC-BILL_TYPES-valueHelpDialog-table-rowsel0')]"}
RESULT: {"using":"xpath","value":"//div[contains(@id, 'application-manageconditionprice-display-component---conditions--smartFilterBar-filterItemControl_BASIC-BILL_TYPES-valueHelpDialog-table-rowsel0')]"}
COMMAND: POST /session/5635ff3a58dcb7e64f288300af2e9ad3/element/f.ED9453BD34BB61637EDB63CE7F048255.d.DC861FD3C28B79036CAE498C1F7FA70B.e.6162/click - {}
RESULT: {}
COMMAND: GET /session/5635ff3a58dcb7e64f288300af2e9ad3/screenshot - {}
RESULT: {}
COMMAND: POST /session/5635ff3a58dcb7e64f288300af2e9ad3/element - {"using":"xpath","value":"//bdi[contains(text(), \"OK\")]"}
RESULT: {"using":"xpath","value":"//bdi[contains(text(), \"OK\")]"}
COMMAND: POST /session/5635ff3a58dcb7e64f288300af2e9ad3/element/f.ED9453BD34BB61637EDB63CE7F048255.d.DC861FD3C28B79036CAE498C1F7FA70B.e.6164/click - {}
RESULT: {}
COMMAND: GET /session/5635ff3a58dcb7e64f288300af2e9ad3/screenshot - {}
RESULT: {}
COMMAND: POST /session/5635ff3a58dcb7e64f288300af2e9ad3/element - {"using":"xpath","value":"//span[@id=\"application-manageconditionprice-display-component---conditions--smartTable-header-inner\"]"}
RESULT: {"using":"xpath","value":"//span[@id=\"application-manageconditionprice-display-component---conditions--smartTable-header-inner\"]"}
COMMAND: POST /session/5635ff3a58dcb7e64f288300af2e9ad3/elements - {"using":"xpath","value":"//span[@id=\"application-manageconditionprice-display-component---conditions--smartTable-header-inner\"]"}
RESULT: {"using":"xpath","value":"//span[@id=\"application-manageconditionprice-display-component---conditions--smartTable-header-inner\"]"}
COMMAND: POST /session/5635ff3a58dcb7e64f288300af2e9ad3/execute/sync - {"script":"<script> [56 bytes]","args":[{"element-6066-11e4-a52e-4f735466cecf":"f.ED9453BD34BB61637EDB63CE7F048255.d.DC861FD3C28B79036CAE498C1F7FA70B.e.6167","ELEMENT":"f.ED9453BD34BB61637EDB63CE7F048255.d.DC861FD3C28B79036CAE498C1F7FA70B.e.6167"}]}
RESULT: {"script":"<script> [56 bytes]","args":[{"element-6066-11e4-a52e-4f735466cecf":"f.ED9453BD34BB61637EDB63CE7F048255.d.DC861FD3C28B79036CAE498C1F7FA70B.e.6167","ELEMENT":"f.ED9453BD34BB61637EDB63CE7F048255.d.DC861FD3C28B79036CAE498C1F7FA70B.e.6167"}]}
COMMAND: POST /session/5635ff3a58dcb7e64f288300af2e9ad3/element - {"using":"css selector","value":"#shell-header-logo"}
COMMAND: GET /session/5635ff3a58dcb7e64f288300af2e9ad3/screenshot - {}
RESULT: {"using":"css selector","value":"#shell-header-logo"}
COMMAND: POST /session/5635ff3a58dcb7e64f288300af2e9ad3/element/f.ED9453BD34BB61637EDB63CE7F048255.d.DC861FD3C28B79036CAE498C1F7FA70B.e.5763/click - {}
RESULT: {}
RESULT: {}
COMMAND: GET /session/5635ff3a58dcb7e64f288300af2e9ad3/screenshot - {}
RESULT: {}
]]></system-out>
    </testcase>
    <testcase classname="chrome.136_0_7103_93.windows.Billing_Transfer_-_Master_data_&amp;_Intercompany_US127250" name="Should do a stock increase" time="93.147">
      <system-out><![CDATA[
COMMAND: POST /session/5635ff3a58dcb7e64f288300af2e9ad3/execute/async - {"script":"<script> [1562 bytes]","args":[{"selector":{"controlType":"sap.m.GenericTile","properties":{"header":"Manage Handovers"}},"wdio_ui5_key":"sapm.GenericTile{\"header\":\"Manage Handovers\"}"}]}
RESULT: {"script":"<script> [1562 bytes]","args":[{"selector":{"controlType":"sap.m.GenericTile","properties":{"header":"Manage Handovers"}},"wdio_ui5_key":"sapm.GenericTile{\"header\":\"Manage Handovers\"}"}]}
RESULT: undefined
COMMAND: POST /session/5635ff3a58dcb7e64f288300af2e9ad3/element - {"using":"xpath","value":"//*[@id=\"__tile133\"]"}
RESULT: {"using":"xpath","value":"//*[@id=\"__tile133\"]"}
COMMAND: POST /session/5635ff3a58dcb7e64f288300af2e9ad3/element/f.ED9453BD34BB61637EDB63CE7F048255.d.DC861FD3C28B79036CAE498C1F7FA70B.e.4787/click - {}
RESULT: {}
COMMAND: GET /session/5635ff3a58dcb7e64f288300af2e9ad3/screenshot - {}
RESULT: {}
COMMAND: POST /session/5635ff3a58dcb7e64f288300af2e9ad3/elements - {"using":"xpath","value":"//span[text()='Error']"}
RESULT: {"using":"xpath","value":"//span[text()='Error']"}
COMMAND: POST /session/5635ff3a58dcb7e64f288300af2e9ad3/element - {"using":"xpath","value":"//button[@data-kt=\"masterHOAddButton\"]"}
RESULT: {"using":"xpath","value":"//button[@data-kt=\"masterHOAddButton\"]"}
COMMAND: POST /session/5635ff3a58dcb7e64f288300af2e9ad3/elements - {"using":"xpath","value":"//button[@data-kt=\"masterHOAddButton\"]"}
RESULT: {"using":"xpath","value":"//button[@data-kt=\"masterHOAddButton\"]"}
COMMAND: POST /session/5635ff3a58dcb7e64f288300af2e9ad3/elements - {"using":"xpath","value":"//button[@data-kt=\"masterHOAddButton\"]"}
RESULT: {"using":"xpath","value":"//button[@data-kt=\"masterHOAddButton\"]"}
COMMAND: POST /session/5635ff3a58dcb7e64f288300af2e9ad3/element - {"using":"xpath","value":"//button[@data-kt=\"masterHOAddButton\"]"}
RESULT: {"using":"xpath","value":"//button[@data-kt=\"masterHOAddButton\"]"}
COMMAND: POST /session/5635ff3a58dcb7e64f288300af2e9ad3/execute/sync - {"script":"<script> [8489 bytes]","args":[{"element-6066-11e4-a52e-4f735466cecf":"f.ED9453BD34BB61637EDB63CE7F048255.d.DC861FD3C28B79036CAE498C1F7FA70B.e.6212","ELEMENT":"f.ED9453BD34BB61637EDB63CE7F048255.d.DC861FD3C28B79036CAE498C1F7FA70B.e.6212"}]}
RESULT: {"script":"<script> [8489 bytes]","args":[{"element-6066-11e4-a52e-4f735466cecf":"f.ED9453BD34BB61637EDB63CE7F048255.d.DC861FD3C28B79036CAE498C1F7FA70B.e.6212","ELEMENT":"f.ED9453BD34BB61637EDB63CE7F048255.d.DC861FD3C28B79036CAE498C1F7FA70B.e.6212"}]}
COMMAND: GET /session/5635ff3a58dcb7e64f288300af2e9ad3/element/f.ED9453BD34BB61637EDB63CE7F048255.d.DC861FD3C28B79036CAE498C1F7FA70B.e.6212/enabled - {}
COMMAND: GET /session/5635ff3a58dcb7e64f288300af2e9ad3/screenshot - {}
RESULT: {}
COMMAND: POST /session/5635ff3a58dcb7e64f288300af2e9ad3/execute/sync - {"script":"<script> [8489 bytes]","args":[{"element-6066-11e4-a52e-4f735466cecf":"f.ED9453BD34BB61637EDB63CE7F048255.d.DC861FD3C28B79036CAE498C1F7FA70B.e.6212","ELEMENT":"f.ED9453BD34BB61637EDB63CE7F048255.d.DC861FD3C28B79036CAE498C1F7FA70B.e.6212"}]}
COMMAND: GET /session/5635ff3a58dcb7e64f288300af2e9ad3/screenshot - {}
RESULT: {}
RESULT: {"script":"<script> [8489 bytes]","args":[{"element-6066-11e4-a52e-4f735466cecf":"f.ED9453BD34BB61637EDB63CE7F048255.d.DC861FD3C28B79036CAE498C1F7FA70B.e.6212","ELEMENT":"f.ED9453BD34BB61637EDB63CE7F048255.d.DC861FD3C28B79036CAE498C1F7FA70B.e.6212"}]}
COMMAND: POST /session/5635ff3a58dcb7e64f288300af2e9ad3/execute/sync - {"script":"<script> [5351 bytes]","args":[{"element-6066-11e4-a52e-4f735466cecf":"f.ED9453BD34BB61637EDB63CE7F048255.d.DC861FD3C28B79036CAE498C1F7FA70B.e.6212","ELEMENT":"f.ED9453BD34BB61637EDB63CE7F048255.d.DC861FD3C28B79036CAE498C1F7FA70B.e.6212"}]}
COMMAND: GET /session/5635ff3a58dcb7e64f288300af2e9ad3/screenshot - {}
RESULT: {}
RESULT: {"script":"<script> [5351 bytes]","args":[{"element-6066-11e4-a52e-4f735466cecf":"f.ED9453BD34BB61637EDB63CE7F048255.d.DC861FD3C28B79036CAE498C1F7FA70B.e.6212","ELEMENT":"f.ED9453BD34BB61637EDB63CE7F048255.d.DC861FD3C28B79036CAE498C1F7FA70B.e.6212"}]}
COMMAND: POST /session/5635ff3a58dcb7e64f288300af2e9ad3/element/f.ED9453BD34BB61637EDB63CE7F048255.d.DC861FD3C28B79036CAE498C1F7FA70B.e.6212/click - {}
COMMAND: GET /session/5635ff3a58dcb7e64f288300af2e9ad3/screenshot - {}
RESULT: {}
RESULT: {}
COMMAND: GET /session/5635ff3a58dcb7e64f288300af2e9ad3/screenshot - {}
COMMAND: POST /session/5635ff3a58dcb7e64f288300af2e9ad3/element - {"using":"xpath","value":"//span[contains(@id ,\"AddNewHO--typeSelect-arrow\")]"}
RESULT: {}
RESULT: {}
RESULT: {"using":"xpath","value":"//span[contains(@id ,\"AddNewHO--typeSelect-arrow\")]"}
COMMAND: POST /session/5635ff3a58dcb7e64f288300af2e9ad3/element/f.ED9453BD34BB61637EDB63CE7F048255.d.DC861FD3C28B79036CAE498C1F7FA70B.e.6564/click - {}
RESULT: {}
COMMAND: GET /session/5635ff3a58dcb7e64f288300af2e9ad3/screenshot - {}
RESULT: {}
COMMAND: POST /session/5635ff3a58dcb7e64f288300af2e9ad3/element - {"using":"xpath","value":"(//li[contains(text(), \"stock increase yard\")])[1]"}
RESULT: {"using":"xpath","value":"(//li[contains(text(), \"stock increase yard\")])[1]"}
COMMAND: POST /session/5635ff3a58dcb7e64f288300af2e9ad3/element/f.ED9453BD34BB61637EDB63CE7F048255.d.DC861FD3C28B79036CAE498C1F7FA70B.e.6565/click - {}
RESULT: {}
COMMAND: GET /session/5635ff3a58dcb7e64f288300af2e9ad3/screenshot - {}
RESULT: {}
COMMAND: POST /session/5635ff3a58dcb7e64f288300af2e9ad3/execute/async - {"script":"<script> [1562 bytes]","args":[{"selector":{"id":"application-managehandovers-display-component---AddNewHO--dueDate","interaction":{"idSuffix":"inner"}},"wdio_ui5_key":"applicationmanagehandovers-display-component---AddNewHO--dueDate"}]}
RESULT: {"script":"<script> [1562 bytes]","args":[{"selector":{"id":"application-managehandovers-display-component---AddNewHO--dueDate","interaction":{"idSuffix":"inner"}},"wdio_ui5_key":"applicationmanagehandovers-display-component---AddNewHO--dueDate"}]}
RESULT: undefined
COMMAND: POST /session/5635ff3a58dcb7e64f288300af2e9ad3/execute/async - {"script":"<script> [6424 bytes]","args":[{"element-6066-11e4-a52e-4f735466cecf":"f.ED9453BD34BB61637EDB63CE7F048255.d.DC861FD3C28B79036CAE498C1F7FA70B.e.6567"},"setValue",["5/28/25"]]}
RESULT: {"script":"<script> [6424 bytes]","args":[{"element-6066-11e4-a52e-4f735466cecf":"f.ED9453BD34BB61637EDB63CE7F048255.d.DC861FD3C28B79036CAE498C1F7FA70B.e.6567"},"setValue",["5/28/25"]]}
COMMAND: POST /session/5635ff3a58dcb7e64f288300af2e9ad3/element - {"using":"xpath","value":"//input[@id=\"generalSectionFrg--receiveYard-inner\"]"}
RESULT: {"using":"xpath","value":"//input[@id=\"generalSectionFrg--receiveYard-inner\"]"}
COMMAND: POST /session/5635ff3a58dcb7e64f288300af2e9ad3/element/f.ED9453BD34BB61637EDB63CE7F048255.d.DC861FD3C28B79036CAE498C1F7FA70B.e.6573/clear - {}
RESULT: {}
COMMAND: POST /session/5635ff3a58dcb7e64f288300af2e9ad3/element/f.ED9453BD34BB61637EDB63CE7F048255.d.DC861FD3C28B79036CAE498C1F7FA70B.e.6573/value - {"text":"430"}
COMMAND: GET /session/5635ff3a58dcb7e64f288300af2e9ad3/screenshot - {}
RESULT: {"text":"430"}
COMMAND: GET /session/5635ff3a58dcb7e64f288300af2e9ad3/screenshot - {}
RESULT: {}
RESULT: {}
COMMAND: POST /session/5635ff3a58dcb7e64f288300af2e9ad3/element - {"using":"xpath","value":"//li[.//span[text()='430']]"}
RESULT: {"using":"xpath","value":"//li[.//span[text()='430']]"}
COMMAND: POST /session/5635ff3a58dcb7e64f288300af2e9ad3/element/f.ED9453BD34BB61637EDB63CE7F048255.d.DC861FD3C28B79036CAE498C1F7FA70B.e.6591/click - {}
RESULT: {}
COMMAND: GET /session/5635ff3a58dcb7e64f288300af2e9ad3/screenshot - {}
RESULT: {}
COMMAND: POST /session/5635ff3a58dcb7e64f288300af2e9ad3/execute/async - {"script":"<script> [1562 bytes]","args":[{"selector":{"id":"application-managehandovers-display-component---AddNewHO--ObjectPageLayout-anchBar-application-managehandovers-display-component---AddNewHO--section4-anchor","interaction":{"idSuffix":"BDI-content"}},"wdio_ui5_key":"applicationmanagehandovers-display-component---AddNewHO--ObjectPageLayout-anchBar-application-managehandovers-display-component---AddNewHO--section4-anchor"}]}
RESULT: {"script":"<script> [1562 bytes]","args":[{"selector":{"id":"application-managehandovers-display-component---AddNewHO--ObjectPageLayout-anchBar-application-managehandovers-display-component---AddNewHO--section4-anchor","interaction":{"idSuffix":"BDI-content"}},"wdio_ui5_key":"applicationmanagehandovers-display-component---AddNewHO--ObjectPageLayout-anchBar-application-managehandovers-display-component---AddNewHO--section4-anchor"}]}
RESULT: undefined
COMMAND: POST /session/5635ff3a58dcb7e64f288300af2e9ad3/element - {"using":"xpath","value":"//*[@id=\"application-managehandovers-display-component---AddNewHO--ObjectPageLayout-anchBar-application-managehandovers-display-component---AddNewHO--section4-anchor\"]"}
RESULT: {"using":"xpath","value":"//*[@id=\"application-managehandovers-display-component---AddNewHO--ObjectPageLayout-anchBar-application-managehandovers-display-component---AddNewHO--section4-anchor\"]"}
COMMAND: POST /session/5635ff3a58dcb7e64f288300af2e9ad3/element/f.ED9453BD34BB61637EDB63CE7F048255.d.DC861FD3C28B79036CAE498C1F7FA70B.e.6593/click - {}
RESULT: {}
COMMAND: POST /session/5635ff3a58dcb7e64f288300af2e9ad3/element - {"using":"xpath","value":"//button[@aria-label=\"Add\"]"}
COMMAND: GET /session/5635ff3a58dcb7e64f288300af2e9ad3/screenshot - {}
RESULT: {"using":"xpath","value":"//button[@aria-label=\"Add\"]"}
COMMAND: POST /session/5635ff3a58dcb7e64f288300af2e9ad3/element/f.ED9453BD34BB61637EDB63CE7F048255.d.DC861FD3C28B79036CAE498C1F7FA70B.e.6595/click - {}
RESULT: {}
RESULT: {}
COMMAND: GET /session/5635ff3a58dcb7e64f288300af2e9ad3/screenshot - {}
RESULT: {}
COMMAND: POST /session/5635ff3a58dcb7e64f288300af2e9ad3/execute/async - {"script":"<script> [1562 bytes]","args":[{"selector":{"id":"application-managehandovers-display-component---AddNewHO--smartFilterBar-btnBasicSearch","searchOpenDialogs":true,"interaction":{"idSuffix":"I"}},"wdio_ui5_key":"applicationmanagehandovers-display-component---AddNewHO--smartFilterBar-btnBasicSearch"}]}
RESULT: {"script":"<script> [1562 bytes]","args":[{"selector":{"id":"application-managehandovers-display-component---AddNewHO--smartFilterBar-btnBasicSearch","searchOpenDialogs":true,"interaction":{"idSuffix":"I"}},"wdio_ui5_key":"applicationmanagehandovers-display-component---AddNewHO--smartFilterBar-btnBasicSearch"}]}
RESULT: undefined
COMMAND: POST /session/5635ff3a58dcb7e64f288300af2e9ad3/execute/async - {"script":"<script> [776 bytes]","args":[{"enterText":"m8H5j5FpLp","selector":{"id":"application-managehandovers-display-component---AddNewHO--smartFilterBar-btnBasicSearch","searchOpenDialogs":true,"interaction":{"idSuffix":"I"}},"clearTextFirst":true,"interactionType":"ENTER_TEXT"}]}
RESULT: {"script":"<script> [776 bytes]","args":[{"enterText":"m8H5j5FpLp","selector":{"id":"application-managehandovers-display-component---AddNewHO--smartFilterBar-btnBasicSearch","searchOpenDialogs":true,"interaction":{"idSuffix":"I"}},"clearTextFirst":true,"interactionType":"ENTER_TEXT"}]}
COMMAND: POST /session/5635ff3a58dcb7e64f288300af2e9ad3/actions - {"actions":[{"id":"action18","type":"key","parameters":{},"actions":[{"type":"keyDown","value":""},{"type":"pause","duration":10},{"type":"keyUp","value":""}]}]}
RESULT: {"actions":[{"id":"action18","type":"key","parameters":{},"actions":[{"type":"keyDown","value":""},{"type":"pause","duration":10},{"type":"keyUp","value":""}]}]}
COMMAND: GET /session/5635ff3a58dcb7e64f288300af2e9ad3/screenshot - {}
RESULT: {}
COMMAND: POST /session/5635ff3a58dcb7e64f288300af2e9ad3/execute/async - {"script":"<script> [1562 bytes]","args":[{"selector":{"id":"application-managehandovers-display-component---AddNewHO--popup-sa","searchOpenDialogs":true,"interaction":{"idSuffix":"CbBg"}},"wdio_ui5_key":"applicationmanagehandovers-display-component---AddNewHO--popup-sa"}]}
RESULT: {"script":"<script> [1562 bytes]","args":[{"selector":{"id":"application-managehandovers-display-component---AddNewHO--popup-sa","searchOpenDialogs":true,"interaction":{"idSuffix":"CbBg"}},"wdio_ui5_key":"applicationmanagehandovers-display-component---AddNewHO--popup-sa"}]}
RESULT: undefined
COMMAND: POST /session/5635ff3a58dcb7e64f288300af2e9ad3/element - {"using":"xpath","value":"//*[@id=\"application-managehandovers-display-component---AddNewHO--popup-sa\"]"}
RESULT: {"using":"xpath","value":"//*[@id=\"application-managehandovers-display-component---AddNewHO--popup-sa\"]"}
COMMAND: POST /session/5635ff3a58dcb7e64f288300af2e9ad3/element/f.ED9453BD34BB61637EDB63CE7F048255.d.DC861FD3C28B79036CAE498C1F7FA70B.e.6750/click - {}
RESULT: {}
COMMAND: GET /session/5635ff3a58dcb7e64f288300af2e9ad3/screenshot - {}
RESULT: {}
COMMAND: POST /session/5635ff3a58dcb7e64f288300af2e9ad3/element - {"using":"xpath","value":"//bdi[contains(text(), \"Select\")]"}
RESULT: {"using":"xpath","value":"//bdi[contains(text(), \"Select\")]"}
COMMAND: POST /session/5635ff3a58dcb7e64f288300af2e9ad3/element/f.ED9453BD34BB61637EDB63CE7F048255.d.DC861FD3C28B79036CAE498C1F7FA70B.e.6751/click - {}
RESULT: {}
COMMAND: GET /session/5635ff3a58dcb7e64f288300af2e9ad3/screenshot - {}
RESULT: {}
COMMAND: POST /session/5635ff3a58dcb7e64f288300af2e9ad3/element - {"using":"xpath","value":"//button[@data-kt=\"AddNewHOSaveButton\"]"}
RESULT: {"using":"xpath","value":"//button[@data-kt=\"AddNewHOSaveButton\"]"}
COMMAND: POST /session/5635ff3a58dcb7e64f288300af2e9ad3/element/f.ED9453BD34BB61637EDB63CE7F048255.d.DC861FD3C28B79036CAE498C1F7FA70B.e.6755/click - {}
RESULT: {}
COMMAND: GET /session/5635ff3a58dcb7e64f288300af2e9ad3/screenshot - {}
RESULT: {}
COMMAND: POST /session/5635ff3a58dcb7e64f288300af2e9ad3/execute/async - {"script":"<script> [1562 bytes]","args":[{"selector":{"id":"receiptDatePicker","viewName":"etm.portal.ui.managehandovers.view.DetailExecuteHO","interaction":{"idSuffix":"inner"}},"wdio_ui5_key":"receiptDatePickeretmportal.ui.managehandovers.view.DetailExecuteHO"}]}
RESULT: {"script":"<script> [1562 bytes]","args":[{"selector":{"id":"receiptDatePicker","viewName":"etm.portal.ui.managehandovers.view.DetailExecuteHO","interaction":{"idSuffix":"inner"}},"wdio_ui5_key":"receiptDatePickeretmportal.ui.managehandovers.view.DetailExecuteHO"}]}
RESULT: undefined
COMMAND: POST /session/5635ff3a58dcb7e64f288300af2e9ad3/execute/async - {"script":"<script> [6424 bytes]","args":[{"element-6066-11e4-a52e-4f735466cecf":"f.ED9453BD34BB61637EDB63CE7F048255.d.DC861FD3C28B79036CAE498C1F7FA70B.e.6786"},"setValue",["5/28/25"]]}
RESULT: {"script":"<script> [6424 bytes]","args":[{"element-6066-11e4-a52e-4f735466cecf":"f.ED9453BD34BB61637EDB63CE7F048255.d.DC861FD3C28B79036CAE498C1F7FA70B.e.6786"},"setValue",["5/28/25"]]}
COMMAND: POST /session/5635ff3a58dcb7e64f288300af2e9ad3/element - {"using":"xpath","value":"//button[@data-kt=\"ReceivingTableConfirmAllButton\"]"}
RESULT: {"using":"xpath","value":"//button[@data-kt=\"ReceivingTableConfirmAllButton\"]"}
COMMAND: POST /session/5635ff3a58dcb7e64f288300af2e9ad3/element/f.ED9453BD34BB61637EDB63CE7F048255.d.DC861FD3C28B79036CAE498C1F7FA70B.e.6801/click - {}
RESULT: {}
COMMAND: GET /session/5635ff3a58dcb7e64f288300af2e9ad3/screenshot - {}
RESULT: {}
COMMAND: POST /session/5635ff3a58dcb7e64f288300af2e9ad3/element - {"using":"xpath","value":"//bdi[contains(text(), \"OK\")]"}
RESULT: {"using":"xpath","value":"//bdi[contains(text(), \"OK\")]"}
COMMAND: POST /session/5635ff3a58dcb7e64f288300af2e9ad3/element/f.ED9453BD34BB61637EDB63CE7F048255.d.DC861FD3C28B79036CAE498C1F7FA70B.e.6803/click - {}
RESULT: {}
COMMAND: GET /session/5635ff3a58dcb7e64f288300af2e9ad3/screenshot - {}
RESULT: {}
COMMAND: POST /session/5635ff3a58dcb7e64f288300af2e9ad3/element - {"using":"xpath","value":"(//bdi[contains(text(), \"Receive\")])[2]"}
RESULT: {"using":"xpath","value":"(//bdi[contains(text(), \"Receive\")])[2]"}
COMMAND: POST /session/5635ff3a58dcb7e64f288300af2e9ad3/element/f.ED9453BD34BB61637EDB63CE7F048255.d.DC861FD3C28B79036CAE498C1F7FA70B.e.6805/click - {}
RESULT: {}
COMMAND: GET /session/5635ff3a58dcb7e64f288300af2e9ad3/screenshot - {}
RESULT: {}
COMMAND: POST /session/5635ff3a58dcb7e64f288300af2e9ad3/element - {"using":"css selector","value":"#shell-header-logo"}
RESULT: {"using":"css selector","value":"#shell-header-logo"}
COMMAND: POST /session/5635ff3a58dcb7e64f288300af2e9ad3/element/f.ED9453BD34BB61637EDB63CE7F048255.d.DC861FD3C28B79036CAE498C1F7FA70B.e.6174/click - {}
RESULT: {}
COMMAND: GET /session/5635ff3a58dcb7e64f288300af2e9ad3/screenshot - {}
RESULT: {}
]]></system-out>
    </testcase>
    <testcase classname="chrome.136_0_7103_93.windows.Billing_Transfer_-_Master_data_&amp;_Intercompany_US127250" name="Should create a new contract" time="73.229">
      <system-out><![CDATA[
COMMAND: POST /session/5635ff3a58dcb7e64f288300af2e9ad3/execute/async - {"script":"<script> [1562 bytes]","args":[{"selector":{"controlType":"sap.m.GenericTile","properties":{"header":"Manage Contracts"}},"wdio_ui5_key":"sapm.GenericTile{\"header\":\"Manage Contracts\"}"}]}
RESULT: {"script":"<script> [1562 bytes]","args":[{"selector":{"controlType":"sap.m.GenericTile","properties":{"header":"Manage Contracts"}},"wdio_ui5_key":"sapm.GenericTile{\"header\":\"Manage Contracts\"}"}]}
RESULT: undefined
COMMAND: POST /session/5635ff3a58dcb7e64f288300af2e9ad3/element - {"using":"xpath","value":"//*[@id=\"__tile130\"]"}
RESULT: {"using":"xpath","value":"//*[@id=\"__tile130\"]"}
COMMAND: POST /session/5635ff3a58dcb7e64f288300af2e9ad3/element/f.ED9453BD34BB61637EDB63CE7F048255.d.DC861FD3C28B79036CAE498C1F7FA70B.e.4776/click - {}
RESULT: {}
COMMAND: GET /session/5635ff3a58dcb7e64f288300af2e9ad3/screenshot - {}
RESULT: {}
COMMAND: POST /session/5635ff3a58dcb7e64f288300af2e9ad3/elements - {"using":"xpath","value":"//span[text()='Error']"}
RESULT: {"using":"xpath","value":"//span[text()='Error']"}
COMMAND: POST /session/5635ff3a58dcb7e64f288300af2e9ad3/element - {"using":"xpath","value":"//button[@data-kt=\"addButton\"]"}
RESULT: {"using":"xpath","value":"//button[@data-kt=\"addButton\"]"}
COMMAND: POST /session/5635ff3a58dcb7e64f288300af2e9ad3/elements - {"using":"xpath","value":"//button[@data-kt=\"addButton\"]"}
RESULT: {"using":"xpath","value":"//button[@data-kt=\"addButton\"]"}
COMMAND: POST /session/5635ff3a58dcb7e64f288300af2e9ad3/execute/sync - {"script":"<script> [8489 bytes]","args":[{"element-6066-11e4-a52e-4f735466cecf":"f.ED9453BD34BB61637EDB63CE7F048255.d.DC861FD3C28B79036CAE498C1F7FA70B.e.7024","ELEMENT":"f.ED9453BD34BB61637EDB63CE7F048255.d.DC861FD3C28B79036CAE498C1F7FA70B.e.7024"}]}
RESULT: {"script":"<script> [8489 bytes]","args":[{"element-6066-11e4-a52e-4f735466cecf":"f.ED9453BD34BB61637EDB63CE7F048255.d.DC861FD3C28B79036CAE498C1F7FA70B.e.7024","ELEMENT":"f.ED9453BD34BB61637EDB63CE7F048255.d.DC861FD3C28B79036CAE498C1F7FA70B.e.7024"}]}
COMMAND: GET /session/5635ff3a58dcb7e64f288300af2e9ad3/element/f.ED9453BD34BB61637EDB63CE7F048255.d.DC861FD3C28B79036CAE498C1F7FA70B.e.7024/enabled - {}
COMMAND: GET /session/5635ff3a58dcb7e64f288300af2e9ad3/screenshot - {}
RESULT: {}
COMMAND: POST /session/5635ff3a58dcb7e64f288300af2e9ad3/execute/sync - {"script":"<script> [8489 bytes]","args":[{"element-6066-11e4-a52e-4f735466cecf":"f.ED9453BD34BB61637EDB63CE7F048255.d.DC861FD3C28B79036CAE498C1F7FA70B.e.7024","ELEMENT":"f.ED9453BD34BB61637EDB63CE7F048255.d.DC861FD3C28B79036CAE498C1F7FA70B.e.7024"}]}
COMMAND: GET /session/5635ff3a58dcb7e64f288300af2e9ad3/screenshot - {}
RESULT: {}
RESULT: {"script":"<script> [8489 bytes]","args":[{"element-6066-11e4-a52e-4f735466cecf":"f.ED9453BD34BB61637EDB63CE7F048255.d.DC861FD3C28B79036CAE498C1F7FA70B.e.7024","ELEMENT":"f.ED9453BD34BB61637EDB63CE7F048255.d.DC861FD3C28B79036CAE498C1F7FA70B.e.7024"}]}
COMMAND: POST /session/5635ff3a58dcb7e64f288300af2e9ad3/execute/sync - {"script":"<script> [5351 bytes]","args":[{"element-6066-11e4-a52e-4f735466cecf":"f.ED9453BD34BB61637EDB63CE7F048255.d.DC861FD3C28B79036CAE498C1F7FA70B.e.7024","ELEMENT":"f.ED9453BD34BB61637EDB63CE7F048255.d.DC861FD3C28B79036CAE498C1F7FA70B.e.7024"}]}
COMMAND: GET /session/5635ff3a58dcb7e64f288300af2e9ad3/screenshot - {}
RESULT: {}
RESULT: {"script":"<script> [5351 bytes]","args":[{"element-6066-11e4-a52e-4f735466cecf":"f.ED9453BD34BB61637EDB63CE7F048255.d.DC861FD3C28B79036CAE498C1F7FA70B.e.7024","ELEMENT":"f.ED9453BD34BB61637EDB63CE7F048255.d.DC861FD3C28B79036CAE498C1F7FA70B.e.7024"}]}
COMMAND: GET /session/5635ff3a58dcb7e64f288300af2e9ad3/screenshot - {}
RESULT: {}
RESULT: {}
COMMAND: POST /session/5635ff3a58dcb7e64f288300af2e9ad3/element/f.ED9453BD34BB61637EDB63CE7F048255.d.DC861FD3C28B79036CAE498C1F7FA70B.e.7024/click - {}
RESULT: {}
COMMAND: GET /session/5635ff3a58dcb7e64f288300af2e9ad3/screenshot - {}
RESULT: {}
COMMAND: POST /session/5635ff3a58dcb7e64f288300af2e9ad3/execute/async - {"script":"<script> [1562 bytes]","args":[{"selector":{"id":"application-managecontracts-display-component---AddNewContract--projectDescription","interaction":{"idSuffix":"inner"}},"wdio_ui5_key":"applicationmanagecontracts-display-component---AddNewContract--projectDescription"}]}
RESULT: {"script":"<script> [1562 bytes]","args":[{"selector":{"id":"application-managecontracts-display-component---AddNewContract--projectDescription","interaction":{"idSuffix":"inner"}},"wdio_ui5_key":"applicationmanagecontracts-display-component---AddNewContract--projectDescription"}]}
RESULT: undefined
COMMAND: POST /session/5635ff3a58dcb7e64f288300af2e9ad3/execute/async - {"script":"<script> [776 bytes]","args":[{"enterText":"Intercompany Contract WDIO","selector":{"id":"application-managecontracts-display-component---AddNewContract--projectDescription","interaction":{"idSuffix":"inner"}},"clearTextFirst":true,"interactionType":"ENTER_TEXT"}]}
RESULT: {"script":"<script> [776 bytes]","args":[{"enterText":"Intercompany Contract WDIO","selector":{"id":"application-managecontracts-display-component---AddNewContract--projectDescription","interaction":{"idSuffix":"inner"}},"clearTextFirst":true,"interactionType":"ENTER_TEXT"}]}
COMMAND: POST /session/5635ff3a58dcb7e64f288300af2e9ad3/element - {"using":"xpath","value":"//input[@id=\"application-managecontracts-display-component---AddNewContract--site-inner\"]"}
RESULT: {"using":"xpath","value":"//input[@id=\"application-managecontracts-display-component---AddNewContract--site-inner\"]"}
COMMAND: POST /session/5635ff3a58dcb7e64f288300af2e9ad3/element/f.ED9453BD34BB61637EDB63CE7F048255.d.DC861FD3C28B79036CAE498C1F7FA70B.e.7343/clear - {}
RESULT: {}
COMMAND: POST /session/5635ff3a58dcb7e64f288300af2e9ad3/element/f.ED9453BD34BB61637EDB63CE7F048255.d.DC861FD3C28B79036CAE498C1F7FA70B.e.7343/value - {"text":"2210"}
COMMAND: GET /session/5635ff3a58dcb7e64f288300af2e9ad3/screenshot - {}
RESULT: {"text":"2210"}
COMMAND: GET /session/5635ff3a58dcb7e64f288300af2e9ad3/screenshot - {}
RESULT: {}
RESULT: {}
COMMAND: POST /session/5635ff3a58dcb7e64f288300af2e9ad3/element - {"using":"xpath","value":"//li[.//span[text()='2210']]"}
RESULT: {"using":"xpath","value":"//li[.//span[text()='2210']]"}
COMMAND: POST /session/5635ff3a58dcb7e64f288300af2e9ad3/element/f.ED9453BD34BB61637EDB63CE7F048255.d.DC861FD3C28B79036CAE498C1F7FA70B.e.7426/click - {}
RESULT: {}
COMMAND: GET /session/5635ff3a58dcb7e64f288300af2e9ad3/screenshot - {}
RESULT: {}
COMMAND: POST /session/5635ff3a58dcb7e64f288300af2e9ad3/element - {"using":"xpath","value":"//input[@id=\"application-managecontracts-display-component---AddNewContract--yardId-inner\"]"}
RESULT: {"using":"xpath","value":"//input[@id=\"application-managecontracts-display-component---AddNewContract--yardId-inner\"]"}
COMMAND: GET /session/5635ff3a58dcb7e64f288300af2e9ad3/element/f.ED9453BD34BB61637EDB63CE7F048255.d.DC861FD3C28B79036CAE498C1F7FA70B.e.7344/property/value - {}
RESULT: {}
COMMAND: POST /session/5635ff3a58dcb7e64f288300af2e9ad3/element - {"using":"xpath","value":"//input[@id=\"application-managecontracts-display-component---AddNewContract--customerSelect-inner\"]"}
COMMAND: GET /session/5635ff3a58dcb7e64f288300af2e9ad3/screenshot - {}
RESULT: {"using":"xpath","value":"//input[@id=\"application-managecontracts-display-component---AddNewContract--customerSelect-inner\"]"}
COMMAND: POST /session/5635ff3a58dcb7e64f288300af2e9ad3/element/f.ED9453BD34BB61637EDB63CE7F048255.d.DC861FD3C28B79036CAE498C1F7FA70B.e.7342/clear - {}
RESULT: {}
RESULT: {}
COMMAND: POST /session/5635ff3a58dcb7e64f288300af2e9ad3/element/f.ED9453BD34BB61637EDB63CE7F048255.d.DC861FD3C28B79036CAE498C1F7FA70B.e.7342/value - {"text":"1241"}
COMMAND: GET /session/5635ff3a58dcb7e64f288300af2e9ad3/screenshot - {}
RESULT: {"text":"1241"}
COMMAND: GET /session/5635ff3a58dcb7e64f288300af2e9ad3/screenshot - {}
RESULT: {}
RESULT: {}
COMMAND: POST /session/5635ff3a58dcb7e64f288300af2e9ad3/element - {"using":"xpath","value":"//li[.//span[text()='1241']]"}
RESULT: {"using":"xpath","value":"//li[.//span[text()='1241']]"}
COMMAND: POST /session/5635ff3a58dcb7e64f288300af2e9ad3/element/f.ED9453BD34BB61637EDB63CE7F048255.d.DC861FD3C28B79036CAE498C1F7FA70B.e.7429/click - {}
RESULT: {}
COMMAND: GET /session/5635ff3a58dcb7e64f288300af2e9ad3/screenshot - {}
RESULT: {}
COMMAND: POST /session/5635ff3a58dcb7e64f288300af2e9ad3/element - {"using":"xpath","value":"//button[@data-kt=\"saveButton\"]"}
RESULT: {"using":"xpath","value":"//button[@data-kt=\"saveButton\"]"}
COMMAND: POST /session/5635ff3a58dcb7e64f288300af2e9ad3/element/f.ED9453BD34BB61637EDB63CE7F048255.d.DC861FD3C28B79036CAE498C1F7FA70B.e.7417/click - {}
RESULT: {}
COMMAND: GET /session/5635ff3a58dcb7e64f288300af2e9ad3/screenshot - {}
RESULT: {}
COMMAND: POST /session/5635ff3a58dcb7e64f288300af2e9ad3/element - {"using":"xpath","value":"//span[contains(@id ,\"contractDetailTitleNoExpanded\")]"}
RESULT: {"using":"xpath","value":"//span[contains(@id ,\"contractDetailTitleNoExpanded\")]"}
COMMAND: POST /session/5635ff3a58dcb7e64f288300af2e9ad3/elements - {"using":"xpath","value":"//span[contains(@id ,\"contractDetailTitleNoExpanded\")]"}
RESULT: {"using":"xpath","value":"//span[contains(@id ,\"contractDetailTitleNoExpanded\")]"}
COMMAND: POST /session/5635ff3a58dcb7e64f288300af2e9ad3/execute/sync - {"script":"<script> [56 bytes]","args":[{"element-6066-11e4-a52e-4f735466cecf":"f.ED9453BD34BB61637EDB63CE7F048255.d.DC861FD3C28B79036CAE498C1F7FA70B.e.7500","ELEMENT":"f.ED9453BD34BB61637EDB63CE7F048255.d.DC861FD3C28B79036CAE498C1F7FA70B.e.7500"}]}
RESULT: {"script":"<script> [56 bytes]","args":[{"element-6066-11e4-a52e-4f735466cecf":"f.ED9453BD34BB61637EDB63CE7F048255.d.DC861FD3C28B79036CAE498C1F7FA70B.e.7500","ELEMENT":"f.ED9453BD34BB61637EDB63CE7F048255.d.DC861FD3C28B79036CAE498C1F7FA70B.e.7500"}]}
COMMAND: GET /session/5635ff3a58dcb7e64f288300af2e9ad3/screenshot - {}
RESULT: {}
]]></system-out>
    </testcase>
    <testcase classname="chrome.136_0_7103_93.windows.Billing_Transfer_-_Master_data_&amp;_Intercompany_US127250" name="Should add equipment to the contract" time="48.228">
      <system-out><![CDATA[
COMMAND: POST /session/5635ff3a58dcb7e64f288300af2e9ad3/element - {"using":"xpath","value":"//button[@data-kt=\"contractDetailEditBtnButton\"]"}
RESULT: {"using":"xpath","value":"//button[@data-kt=\"contractDetailEditBtnButton\"]"}
COMMAND: POST /session/5635ff3a58dcb7e64f288300af2e9ad3/element/f.ED9453BD34BB61637EDB63CE7F048255.d.DC861FD3C28B79036CAE498C1F7FA70B.e.7502/click - {}
RESULT: {}
COMMAND: GET /session/5635ff3a58dcb7e64f288300af2e9ad3/screenshot - {}
RESULT: {}
COMMAND: POST /session/5635ff3a58dcb7e64f288300af2e9ad3/element - {"using":"xpath","value":"(//span[contains(text(), \"Additional Addresses\")])[2]"}
RESULT: {"using":"xpath","value":"(//span[contains(text(), \"Additional Addresses\")])[2]"}
COMMAND: POST /session/5635ff3a58dcb7e64f288300af2e9ad3/element/f.ED9453BD34BB61637EDB63CE7F048255.d.DC861FD3C28B79036CAE498C1F7FA70B.e.7557/click - {}
RESULT: {}
COMMAND: GET /session/5635ff3a58dcb7e64f288300af2e9ad3/screenshot - {}
RESULT: {}
COMMAND: POST /session/5635ff3a58dcb7e64f288300af2e9ad3/element - {"using":"xpath","value":"//button[@data-kt=\"btnAddTableRowOverflowToolbarButton\"]"}
RESULT: {"using":"xpath","value":"//button[@data-kt=\"btnAddTableRowOverflowToolbarButton\"]"}
COMMAND: POST /session/5635ff3a58dcb7e64f288300af2e9ad3/element/f.ED9453BD34BB61637EDB63CE7F048255.d.DC861FD3C28B79036CAE498C1F7FA70B.e.7560/click - {}
RESULT: {}
COMMAND: GET /session/5635ff3a58dcb7e64f288300af2e9ad3/screenshot - {}
RESULT: {}
COMMAND: POST /session/5635ff3a58dcb7e64f288300af2e9ad3/element - {"using":"xpath","value":"//div[(text() = 'Standard Entry' or . = 'Standard Entry')]"}
RESULT: {"using":"xpath","value":"//div[(text() = 'Standard Entry' or . = 'Standard Entry')]"}
COMMAND: POST /session/5635ff3a58dcb7e64f288300af2e9ad3/element/f.ED9453BD34BB61637EDB63CE7F048255.d.DC861FD3C28B79036CAE498C1F7FA70B.e.7562/click - {}
RESULT: {}
COMMAND: GET /session/5635ff3a58dcb7e64f288300af2e9ad3/screenshot - {}
RESULT: {}
COMMAND: POST /session/5635ff3a58dcb7e64f288300af2e9ad3/element - {"using":"xpath","value":"//td[7]/div/div/input"}
RESULT: {"using":"xpath","value":"//td[7]/div/div/input"}
COMMAND: POST /session/5635ff3a58dcb7e64f288300af2e9ad3/element/f.ED9453BD34BB61637EDB63CE7F048255.d.DC861FD3C28B79036CAE498C1F7FA70B.e.7571/clear - {}
RESULT: {}
COMMAND: POST /session/5635ff3a58dcb7e64f288300af2e9ad3/element/f.ED9453BD34BB61637EDB63CE7F048255.d.DC861FD3C28B79036CAE498C1F7FA70B.e.7571/value - {"text":"m8H5j5FpLp"}
COMMAND: GET /session/5635ff3a58dcb7e64f288300af2e9ad3/screenshot - {}
RESULT: {"text":"m8H5j5FpLp"}
COMMAND: GET /session/5635ff3a58dcb7e64f288300af2e9ad3/screenshot - {}
RESULT: {}
RESULT: {}
COMMAND: POST /session/5635ff3a58dcb7e64f288300af2e9ad3/actions - {"actions":[{"id":"action19","type":"key","parameters":{},"actions":[{"type":"keyDown","value":""},{"type":"pause","duration":10},{"type":"keyUp","value":""}]}]}
RESULT: {"actions":[{"id":"action19","type":"key","parameters":{},"actions":[{"type":"keyDown","value":""},{"type":"pause","duration":10},{"type":"keyUp","value":""}]}]}
COMMAND: GET /session/5635ff3a58dcb7e64f288300af2e9ad3/screenshot - {}
RESULT: {}
COMMAND: POST /session/5635ff3a58dcb7e64f288300af2e9ad3/execute/sync - {"script":"<script> [276 bytes]","args":["No pricing information was found"]}
RESULT: {"script":"<script> [276 bytes]","args":["No pricing information was found"]}
COMMAND: POST /session/5635ff3a58dcb7e64f288300af2e9ad3/element - {"using":"xpath","value":"(//button[@data-kt=\"saveButton\"])[2]"}
COMMAND: GET /session/5635ff3a58dcb7e64f288300af2e9ad3/screenshot - {}
RESULT: {"using":"xpath","value":"(//button[@data-kt=\"saveButton\"])[2]"}
COMMAND: POST /session/5635ff3a58dcb7e64f288300af2e9ad3/element/f.ED9453BD34BB61637EDB63CE7F048255.d.DC861FD3C28B79036CAE498C1F7FA70B.e.7586/click - {}
RESULT: {}
RESULT: {}
COMMAND: GET /session/5635ff3a58dcb7e64f288300af2e9ad3/screenshot - {}
RESULT: {}
COMMAND: POST /session/5635ff3a58dcb7e64f288300af2e9ad3/execute/sync - {"script":"<script> [276 bytes]","args":["Some contract items are having rental validity exceeding header rental validity"]}
RESULT: {"script":"<script> [276 bytes]","args":["Some contract items are having rental validity exceeding header rental validity"]}
COMMAND: GET /session/5635ff3a58dcb7e64f288300af2e9ad3/screenshot - {}
RESULT: {}
COMMAND: POST /session/5635ff3a58dcb7e64f288300af2e9ad3/element - {"using":"xpath","value":"//span[contains(@id ,\"contractItemsSmartTable-header-inner\")]"}
RESULT: {"using":"xpath","value":"//span[contains(@id ,\"contractItemsSmartTable-header-inner\")]"}
COMMAND: POST /session/5635ff3a58dcb7e64f288300af2e9ad3/elements - {"using":"xpath","value":"//span[contains(@id ,\"contractItemsSmartTable-header-inner\")]"}
RESULT: {"using":"xpath","value":"//span[contains(@id ,\"contractItemsSmartTable-header-inner\")]"}
COMMAND: POST /session/5635ff3a58dcb7e64f288300af2e9ad3/execute/sync - {"script":"<script> [56 bytes]","args":[{"element-6066-11e4-a52e-4f735466cecf":"f.ED9453BD34BB61637EDB63CE7F048255.d.DC861FD3C28B79036CAE498C1F7FA70B.e.7592","ELEMENT":"f.ED9453BD34BB61637EDB63CE7F048255.d.DC861FD3C28B79036CAE498C1F7FA70B.e.7592"}]}
RESULT: {"script":"<script> [56 bytes]","args":[{"element-6066-11e4-a52e-4f735466cecf":"f.ED9453BD34BB61637EDB63CE7F048255.d.DC861FD3C28B79036CAE498C1F7FA70B.e.7592","ELEMENT":"f.ED9453BD34BB61637EDB63CE7F048255.d.DC861FD3C28B79036CAE498C1F7FA70B.e.7592"}]}
]]></system-out>
    </testcase>
    <testcase classname="chrome.136_0_7103_93.windows.Billing_Transfer_-_Master_data_&amp;_Intercompany_US127250" name="Should do a provide to site handover" time="62.698">
      <system-out><![CDATA[
COMMAND: POST /session/5635ff3a58dcb7e64f288300af2e9ad3/element - {"using":"xpath","value":"//button[@data-kt=\"provideButton\"]"}
COMMAND: GET /session/5635ff3a58dcb7e64f288300af2e9ad3/screenshot - {}
RESULT: {"using":"xpath","value":"//button[@data-kt=\"provideButton\"]"}
COMMAND: POST /session/5635ff3a58dcb7e64f288300af2e9ad3/element/f.ED9453BD34BB61637EDB63CE7F048255.d.DC861FD3C28B79036CAE498C1F7FA70B.e.7593/click - {}
RESULT: {}
RESULT: {}
COMMAND: GET /session/5635ff3a58dcb7e64f288300af2e9ad3/screenshot - {}
RESULT: undefined
COMMAND: POST /session/5635ff3a58dcb7e64f288300af2e9ad3/execute/async - {"script":"<script> [6424 bytes]","args":[{"element-6066-11e4-a52e-4f735466cecf":"f.ED9453BD34BB61637EDB63CE7F048255.d.DC861FD3C28B79036CAE498C1F7FA70B.e.6567"},"setValue",["5/28/25"]]}
RESULT: {}
COMMAND: POST /session/5635ff3a58dcb7e64f288300af2e9ad3/execute/async - {"script":"<script> [1562 bytes]","args":[{"selector":{"id":"application-managehandovers-display-component---AddNewHO--dueDate","interaction":{"idSuffix":"inner"}},"wdio_ui5_key":"applicationmanagehandovers-display-component---AddNewHO--dueDate"}]}
RESULT: {"script":"<script> [1562 bytes]","args":[{"selector":{"id":"application-managehandovers-display-component---AddNewHO--dueDate","interaction":{"idSuffix":"inner"}},"wdio_ui5_key":"applicationmanagehandovers-display-component---AddNewHO--dueDate"}]}
COMMAND: POST /session/5635ff3a58dcb7e64f288300af2e9ad3/execute/async - {"script":"<script> [6424 bytes]","args":[{"element-6066-11e4-a52e-4f735466cecf":"f.ED9453BD34BB61637EDB63CE7F048255.d.DC861FD3C28B79036CAE498C1F7FA70B.e.7683"},"setValue",["5/28/25"]]}
RESULT: {"script":"<script> [6424 bytes]","args":[{"element-6066-11e4-a52e-4f735466cecf":"f.ED9453BD34BB61637EDB63CE7F048255.d.DC861FD3C28B79036CAE498C1F7FA70B.e.7683"},"setValue",["5/28/25"]]}
COMMAND: POST /session/5635ff3a58dcb7e64f288300af2e9ad3/element - {"using":"xpath","value":"//bdi[contains(text(), \"Instructions\")]"}
RESULT: {"using":"xpath","value":"//bdi[contains(text(), \"Instructions\")]"}
COMMAND: POST /session/5635ff3a58dcb7e64f288300af2e9ad3/element/f.ED9453BD34BB61637EDB63CE7F048255.d.DC861FD3C28B79036CAE498C1F7FA70B.e.7769/click - {}
RESULT: {}
COMMAND: GET /session/5635ff3a58dcb7e64f288300af2e9ad3/screenshot - {}
RESULT: {}
COMMAND: POST /session/5635ff3a58dcb7e64f288300af2e9ad3/element - {"using":"xpath","value":"//button[@data-kt=\"AddNewHOProvideAddItemsButton\"]"}
RESULT: {"using":"xpath","value":"//button[@data-kt=\"AddNewHOProvideAddItemsButton\"]"}
COMMAND: POST /session/5635ff3a58dcb7e64f288300af2e9ad3/element/f.ED9453BD34BB61637EDB63CE7F048255.d.DC861FD3C28B79036CAE498C1F7FA70B.e.7773/click - {}
RESULT: {}
COMMAND: GET /session/5635ff3a58dcb7e64f288300af2e9ad3/screenshot - {}
RESULT: {}
RESULT: undefined
COMMAND: POST /session/5635ff3a58dcb7e64f288300af2e9ad3/element - {"using":"xpath","value":"//*[@id=\"application-managehandovers-display-component---AddNewHO--popup-sa\"]"}
RESULT: {"using":"xpath","value":"//*[@id=\"application-managehandovers-display-component---AddNewHO--popup-sa\"]"}
COMMAND: POST /session/5635ff3a58dcb7e64f288300af2e9ad3/element/f.ED9453BD34BB61637EDB63CE7F048255.d.DC861FD3C28B79036CAE498C1F7FA70B.e.7782/click - {}
RESULT: {}
COMMAND: GET /session/5635ff3a58dcb7e64f288300af2e9ad3/screenshot - {}
RESULT: {}
COMMAND: POST /session/5635ff3a58dcb7e64f288300af2e9ad3/element - {"using":"xpath","value":"//*[contains(@id ,\"BDI-content\")][contains(text(), \"Select\")]"}
RESULT: {"using":"xpath","value":"//*[contains(@id ,\"BDI-content\")][contains(text(), \"Select\")]"}
COMMAND: POST /session/5635ff3a58dcb7e64f288300af2e9ad3/element/f.ED9453BD34BB61637EDB63CE7F048255.d.DC861FD3C28B79036CAE498C1F7FA70B.e.7784/click - {}
RESULT: {}
COMMAND: GET /session/5635ff3a58dcb7e64f288300af2e9ad3/screenshot - {}
RESULT: {}
COMMAND: POST /session/5635ff3a58dcb7e64f288300af2e9ad3/execute/async - {"script":"<script> [1562 bytes]","args":[{"selector":{"id":"application-managehandovers-display-component---AddNewHO--confirmCreationButton","interaction":{"idSuffix":"BDI-content"}},"wdio_ui5_key":"applicationmanagehandovers-display-component---AddNewHO--confirmCreationButton"}]}
RESULT: {"script":"<script> [1562 bytes]","args":[{"selector":{"id":"application-managehandovers-display-component---AddNewHO--confirmCreationButton","interaction":{"idSuffix":"BDI-content"}},"wdio_ui5_key":"applicationmanagehandovers-display-component---AddNewHO--confirmCreationButton"}]}
RESULT: undefined
COMMAND: POST /session/5635ff3a58dcb7e64f288300af2e9ad3/element - {"using":"xpath","value":"//*[@id=\"application-managehandovers-display-component---AddNewHO--confirmCreationButton\"]"}
RESULT: {"using":"xpath","value":"//*[@id=\"application-managehandovers-display-component---AddNewHO--confirmCreationButton\"]"}
COMMAND: POST /session/5635ff3a58dcb7e64f288300af2e9ad3/element/f.ED9453BD34BB61637EDB63CE7F048255.d.DC861FD3C28B79036CAE498C1F7FA70B.e.7730/click - {}
RESULT: {}
COMMAND: GET /session/5635ff3a58dcb7e64f288300af2e9ad3/screenshot - {}
RESULT: {}
COMMAND: POST /session/5635ff3a58dcb7e64f288300af2e9ad3/execute/async - {"script":"<script> [1562 bytes]","args":[{"selector":{"id":"issueDatePicker","viewName":"etm.portal.ui.managehandovers.view.DetailExecuteHO","interaction":{"idSuffix":"inner"}},"wdio_ui5_key":"issueDatePickeretmportal.ui.managehandovers.view.DetailExecuteHO"}]}
RESULT: {"script":"<script> [1562 bytes]","args":[{"selector":{"id":"issueDatePicker","viewName":"etm.portal.ui.managehandovers.view.DetailExecuteHO","interaction":{"idSuffix":"inner"}},"wdio_ui5_key":"issueDatePickeretmportal.ui.managehandovers.view.DetailExecuteHO"}]}
RESULT: undefined
COMMAND: POST /session/5635ff3a58dcb7e64f288300af2e9ad3/execute/async - {"script":"<script> [776 bytes]","args":[{"enterText":"5/28/25","selector":{"id":"issueDatePicker","viewName":"etm.portal.ui.managehandovers.view.DetailExecuteHO","interaction":{"idSuffix":"inner"}},"clearTextFirst":true,"interactionType":"ENTER_TEXT"}]}
RESULT: {"script":"<script> [776 bytes]","args":[{"enterText":"5/28/25","selector":{"id":"issueDatePicker","viewName":"etm.portal.ui.managehandovers.view.DetailExecuteHO","interaction":{"idSuffix":"inner"}},"clearTextFirst":true,"interactionType":"ENTER_TEXT"}]}
COMMAND: POST /session/5635ff3a58dcb7e64f288300af2e9ad3/element - {"using":"xpath","value":"//button[@data-kt=\"PickingTableConfirmAllButton\"]"}
RESULT: {"using":"xpath","value":"//button[@data-kt=\"PickingTableConfirmAllButton\"]"}
COMMAND: POST /session/5635ff3a58dcb7e64f288300af2e9ad3/element/f.ED9453BD34BB61637EDB63CE7F048255.d.DC861FD3C28B79036CAE498C1F7FA70B.e.7845/click - {}
RESULT: {}
COMMAND: GET /session/5635ff3a58dcb7e64f288300af2e9ad3/screenshot - {}
RESULT: {}
COMMAND: POST /session/5635ff3a58dcb7e64f288300af2e9ad3/element - {"using":"xpath","value":"//bdi[contains(text(), \"OK\")]"}
RESULT: {"using":"xpath","value":"//bdi[contains(text(), \"OK\")]"}
COMMAND: POST /session/5635ff3a58dcb7e64f288300af2e9ad3/element/f.ED9453BD34BB61637EDB63CE7F048255.d.DC861FD3C28B79036CAE498C1F7FA70B.e.7848/click - {}
RESULT: {}
COMMAND: GET /session/5635ff3a58dcb7e64f288300af2e9ad3/screenshot - {}
RESULT: {}
COMMAND: POST /session/5635ff3a58dcb7e64f288300af2e9ad3/element - {"using":"xpath","value":"//bdi[contains(text(), \"Issue\")]"}
RESULT: {"using":"xpath","value":"//bdi[contains(text(), \"Issue\")]"}
COMMAND: POST /session/5635ff3a58dcb7e64f288300af2e9ad3/element/f.ED9453BD34BB61637EDB63CE7F048255.d.DC861FD3C28B79036CAE498C1F7FA70B.e.7850/click - {}
RESULT: {}
COMMAND: GET /session/5635ff3a58dcb7e64f288300af2e9ad3/screenshot - {}
RESULT: {}
COMMAND: POST /session/5635ff3a58dcb7e64f288300af2e9ad3/element - {"using":"css selector","value":"#shell-header-logo"}
RESULT: {"using":"css selector","value":"#shell-header-logo"}
COMMAND: POST /session/5635ff3a58dcb7e64f288300af2e9ad3/element/f.ED9453BD34BB61637EDB63CE7F048255.d.DC861FD3C28B79036CAE498C1F7FA70B.e.6978/click - {}
RESULT: {}
COMMAND: GET /session/5635ff3a58dcb7e64f288300af2e9ad3/screenshot - {}
RESULT: {}
]]></system-out>
    </testcase>
    <testcase classname="chrome.136_0_7103_93.windows.Billing_Transfer_-_Master_data_&amp;_Intercompany_US127250" name="Should go navigate to Manage Billings and trigger contract calculation check result" time="66.898">
      <system-out><![CDATA[
COMMAND: POST /session/5635ff3a58dcb7e64f288300af2e9ad3/execute/async - {"script":"<script> [1562 bytes]","args":[{"selector":{"controlType":"sap.m.GenericTile","properties":{"header":"Manage Billings"}},"wdio_ui5_key":"sapm.GenericTile{\"header\":\"Manage Billings\"}"}]}
RESULT: {"script":"<script> [1562 bytes]","args":[{"selector":{"controlType":"sap.m.GenericTile","properties":{"header":"Manage Billings"}},"wdio_ui5_key":"sapm.GenericTile{\"header\":\"Manage Billings\"}"}]}
RESULT: undefined
COMMAND: POST /session/5635ff3a58dcb7e64f288300af2e9ad3/element - {"using":"xpath","value":"//*[@id=\"__tile91\"]"}
RESULT: {"using":"xpath","value":"//*[@id=\"__tile91\"]"}
COMMAND: POST /session/5635ff3a58dcb7e64f288300af2e9ad3/element/f.ED9453BD34BB61637EDB63CE7F048255.d.DC861FD3C28B79036CAE498C1F7FA70B.e.4817/click - {}
RESULT: {}
COMMAND: GET /session/5635ff3a58dcb7e64f288300af2e9ad3/screenshot - {}
RESULT: {}
COMMAND: POST /session/5635ff3a58dcb7e64f288300af2e9ad3/elements - {"using":"xpath","value":"//span[text()='Error']"}
RESULT: {"using":"xpath","value":"//span[text()='Error']"}
COMMAND: POST /session/5635ff3a58dcb7e64f288300af2e9ad3/execute/async - {"script":"<script> [1562 bytes]","args":[{"selector":{"id":"application-managebillings-display-component---billRunCalcResult--smartFilterBar-btnBasicSearch","interaction":{"idSuffix":"I"}},"wdio_ui5_key":"applicationmanagebillings-display-component---billRunCalcResult--smartFilterBar-btnBasicSearch"}]}
RESULT: {"script":"<script> [1562 bytes]","args":[{"selector":{"id":"application-managebillings-display-component---billRunCalcResult--smartFilterBar-btnBasicSearch","interaction":{"idSuffix":"I"}},"wdio_ui5_key":"applicationmanagebillings-display-component---billRunCalcResult--smartFilterBar-btnBasicSearch"}]}
RESULT: undefined
COMMAND: POST /session/5635ff3a58dcb7e64f288300af2e9ad3/execute/async - {"script":"<script> [776 bytes]","args":[{"enterText":"10347","selector":{"id":"application-managebillings-display-component---billRunCalcResult--smartFilterBar-btnBasicSearch","interaction":{"idSuffix":"I"}},"clearTextFirst":true,"interactionType":"ENTER_TEXT"}]}
RESULT: {"script":"<script> [776 bytes]","args":[{"enterText":"10347","selector":{"id":"application-managebillings-display-component---billRunCalcResult--smartFilterBar-btnBasicSearch","interaction":{"idSuffix":"I"}},"clearTextFirst":true,"interactionType":"ENTER_TEXT"}]}
COMMAND: POST /session/5635ff3a58dcb7e64f288300af2e9ad3/actions - {"actions":[{"id":"action20","type":"key","parameters":{},"actions":[{"type":"keyDown","value":""},{"type":"pause","duration":10},{"type":"keyUp","value":""}]}]}
RESULT: {"actions":[{"id":"action20","type":"key","parameters":{},"actions":[{"type":"keyDown","value":""},{"type":"pause","duration":10},{"type":"keyUp","value":""}]}]}
COMMAND: GET /session/5635ff3a58dcb7e64f288300af2e9ad3/screenshot - {}
RESULT: {}
COMMAND: POST /session/5635ff3a58dcb7e64f288300af2e9ad3/element - {"using":"xpath","value":"//td[@aria-colindex=\"1\"]/div/div[contains(@class, \"sapMCbBg\")]"}
RESULT: {"using":"xpath","value":"//td[@aria-colindex=\"1\"]/div/div[contains(@class, \"sapMCbBg\")]"}
COMMAND: POST /session/5635ff3a58dcb7e64f288300af2e9ad3/element/f.ED9453BD34BB61637EDB63CE7F048255.d.DC861FD3C28B79036CAE498C1F7FA70B.e.8246/click - {}
RESULT: {}
COMMAND: GET /session/5635ff3a58dcb7e64f288300af2e9ad3/screenshot - {}
RESULT: {}
COMMAND: POST /session/5635ff3a58dcb7e64f288300af2e9ad3/execute/async - {"script":"<script> [1562 bytes]","args":[{"selector":{"id":"application-managebillings-display-component---billRunCalcResult--contractBillRunDate","interaction":{"idSuffix":"inner"}},"wdio_ui5_key":"applicationmanagebillings-display-component---billRunCalcResult--contractBillRunDate"}]}
RESULT: {"script":"<script> [1562 bytes]","args":[{"selector":{"id":"application-managebillings-display-component---billRunCalcResult--contractBillRunDate","interaction":{"idSuffix":"inner"}},"wdio_ui5_key":"applicationmanagebillings-display-component---billRunCalcResult--contractBillRunDate"}]}
RESULT: undefined
COMMAND: POST /session/5635ff3a58dcb7e64f288300af2e9ad3/execute/async - {"script":"<script> [776 bytes]","args":[{"enterText":"6/28/25","selector":{"id":"application-managebillings-display-component---billRunCalcResult--contractBillRunDate","interaction":{"idSuffix":"inner"}},"clearTextFirst":true,"interactionType":"ENTER_TEXT"}]}
RESULT: {"script":"<script> [776 bytes]","args":[{"enterText":"6/28/25","selector":{"id":"application-managebillings-display-component---billRunCalcResult--contractBillRunDate","interaction":{"idSuffix":"inner"}},"clearTextFirst":true,"interactionType":"ENTER_TEXT"}]}
COMMAND: POST /session/5635ff3a58dcb7e64f288300af2e9ad3/element - {"using":"xpath","value":"//bdi[contains(text(), \"Trigger Calculation\")]"}
RESULT: {"using":"xpath","value":"//bdi[contains(text(), \"Trigger Calculation\")]"}
COMMAND: POST /session/5635ff3a58dcb7e64f288300af2e9ad3/element/f.ED9453BD34BB61637EDB63CE7F048255.d.DC861FD3C28B79036CAE498C1F7FA70B.e.8296/click - {}
RESULT: {}
COMMAND: GET /session/5635ff3a58dcb7e64f288300af2e9ad3/screenshot - {}
RESULT: {}
COMMAND: POST /session/5635ff3a58dcb7e64f288300af2e9ad3/element - {"using":"xpath","value":"(//span[contains(@id, \"imgNav\")])[1]"}
RESULT: {"using":"xpath","value":"(//span[contains(@id, \"imgNav\")])[1]"}
COMMAND: POST /session/5635ff3a58dcb7e64f288300af2e9ad3/element/f.ED9453BD34BB61637EDB63CE7F048255.d.DC861FD3C28B79036CAE498C1F7FA70B.e.8247/click - {}
RESULT: {}
COMMAND: GET /session/5635ff3a58dcb7e64f288300af2e9ad3/screenshot - {}
RESULT: {}
COMMAND: POST /session/5635ff3a58dcb7e64f288300af2e9ad3/element - {"using":"xpath","value":"//tr/td[6]/div[1]/span[1]/span[1]"}
RESULT: {"using":"xpath","value":"//tr/td[6]/div[1]/span[1]/span[1]"}
COMMAND: GET /session/5635ff3a58dcb7e64f288300af2e9ad3/element/f.ED9453BD34BB61637EDB63CE7F048255.d.DC861FD3C28B79036CAE498C1F7FA70B.e.8300/text - {}
RESULT: {}
COMMAND: POST /session/5635ff3a58dcb7e64f288300af2e9ad3/element - {"using":"xpath","value":"(//span[contains(@id, \"imgNav\")])[2]"}
RESULT: {"using":"xpath","value":"(//span[contains(@id, \"imgNav\")])[2]"}
COMMAND: POST /session/5635ff3a58dcb7e64f288300af2e9ad3/element/f.ED9453BD34BB61637EDB63CE7F048255.d.DC861FD3C28B79036CAE498C1F7FA70B.e.8301/click - {}
RESULT: {}
COMMAND: POST /session/5635ff3a58dcb7e64f288300af2e9ad3/element - {"using":"xpath","value":"//bdi[contains(text(), \"Business Confirm\")]"}
COMMAND: GET /session/5635ff3a58dcb7e64f288300af2e9ad3/screenshot - {}
RESULT: {"using":"xpath","value":"//bdi[contains(text(), \"Business Confirm\")]"}
COMMAND: POST /session/5635ff3a58dcb7e64f288300af2e9ad3/elements - {"using":"xpath","value":"//bdi[contains(text(), \"Business Confirm\")]"}
RESULT: {}
RESULT: {"using":"xpath","value":"//bdi[contains(text(), \"Business Confirm\")]"}
COMMAND: POST /session/5635ff3a58dcb7e64f288300af2e9ad3/elements - {"using":"xpath","value":"//bdi[contains(text(), \"Business Confirm\")]"}
RESULT: {"using":"xpath","value":"//bdi[contains(text(), \"Business Confirm\")]"}
COMMAND: POST /session/5635ff3a58dcb7e64f288300af2e9ad3/element - {"using":"xpath","value":"//bdi[contains(text(), \"Business Confirm\")]"}
RESULT: {"using":"xpath","value":"//bdi[contains(text(), \"Business Confirm\")]"}
COMMAND: POST /session/5635ff3a58dcb7e64f288300af2e9ad3/element/f.ED9453BD34BB61637EDB63CE7F048255.d.DC861FD3C28B79036CAE498C1F7FA70B.e.8305/click - {}
COMMAND: POST /session/5635ff3a58dcb7e64f288300af2e9ad3/element - {"using":"xpath","value":"//bdi[contains(text(), \"Business Confirm\")]"}
RESULT: {"using":"xpath","value":"//bdi[contains(text(), \"Business Confirm\")]"}
COMMAND: POST /session/5635ff3a58dcb7e64f288300af2e9ad3/element/f.ED9453BD34BB61637EDB63CE7F048255.d.DC861FD3C28B79036CAE498C1F7FA70B.e.8305/click - {}
COMMAND: POST /session/5635ff3a58dcb7e64f288300af2e9ad3/element - {"using":"xpath","value":"//bdi[contains(text(), \"Business Confirm\")]"}
RESULT: {"using":"xpath","value":"//bdi[contains(text(), \"Business Confirm\")]"}
COMMAND: POST /session/5635ff3a58dcb7e64f288300af2e9ad3/element/f.ED9453BD34BB61637EDB63CE7F048255.d.DC861FD3C28B79036CAE498C1F7FA70B.e.8375/click - {}
RESULT: {}
COMMAND: POST /session/5635ff3a58dcb7e64f288300af2e9ad3/element - {"using":"css selector","value":"#shell-header-logo"}
COMMAND: GET /session/5635ff3a58dcb7e64f288300af2e9ad3/screenshot - {}
RESULT: {"using":"css selector","value":"#shell-header-logo"}
COMMAND: POST /session/5635ff3a58dcb7e64f288300af2e9ad3/element/f.ED9453BD34BB61637EDB63CE7F048255.d.DC861FD3C28B79036CAE498C1F7FA70B.e.8036/click - {}
RESULT: {}
RESULT: {}
COMMAND: GET /session/5635ff3a58dcb7e64f288300af2e9ad3/screenshot - {}
RESULT: {}
]]></system-out>
    </testcase>
    <testcase classname="chrome.136_0_7103_93.windows.Billing_Transfer_-_Master_data_&amp;_Intercompany_US127250" name="Should do Billing Transfer all the way into invoice open for intercompany case" time="79.935">
      <system-out><![CDATA[
COMMAND: POST /session/5635ff3a58dcb7e64f288300af2e9ad3/execute/async - {"script":"<script> [1562 bytes]","args":[{"selector":{"controlType":"sap.m.GenericTile","properties":{"header":"Billing Transfer"}},"wdio_ui5_key":"sapm.GenericTile{\"header\":\"Billing Transfer\"}"}]}
RESULT: {"script":"<script> [1562 bytes]","args":[{"selector":{"controlType":"sap.m.GenericTile","properties":{"header":"Billing Transfer"}},"wdio_ui5_key":"sapm.GenericTile{\"header\":\"Billing Transfer\"}"}]}
RESULT: undefined
COMMAND: POST /session/5635ff3a58dcb7e64f288300af2e9ad3/element - {"using":"xpath","value":"//*[@id=\"__tile90\"]"}
RESULT: {"using":"xpath","value":"//*[@id=\"__tile90\"]"}
COMMAND: POST /session/5635ff3a58dcb7e64f288300af2e9ad3/element/f.ED9453BD34BB61637EDB63CE7F048255.d.DC861FD3C28B79036CAE498C1F7FA70B.e.4814/click - {}
RESULT: {}
COMMAND: GET /session/5635ff3a58dcb7e64f288300af2e9ad3/screenshot - {}
RESULT: {}
COMMAND: POST /session/5635ff3a58dcb7e64f288300af2e9ad3/elements - {"using":"xpath","value":"//span[text()='Error']"}
RESULT: {"using":"xpath","value":"//span[text()='Error']"}
COMMAND: POST /session/5635ff3a58dcb7e64f288300af2e9ad3/element - {"using":"xpath","value":"//input[contains(@id ,\"application-billingtransfer-display-component---billingWorkbench--smartFilterBar-btnBasicSearch\")]"}
RESULT: {"using":"xpath","value":"//input[contains(@id ,\"application-billingtransfer-display-component---billingWorkbench--smartFilterBar-btnBasicSearch\")]"}
COMMAND: POST /session/5635ff3a58dcb7e64f288300af2e9ad3/elements - {"using":"xpath","value":"//input[contains(@id ,\"application-billingtransfer-display-component---billingWorkbench--smartFilterBar-btnBasicSearch\")]"}
RESULT: {"using":"xpath","value":"//input[contains(@id ,\"application-billingtransfer-display-component---billingWorkbench--smartFilterBar-btnBasicSearch\")]"}
COMMAND: POST /session/5635ff3a58dcb7e64f288300af2e9ad3/execute/sync - {"script":"<script> [8489 bytes]","args":[{"element-6066-11e4-a52e-4f735466cecf":"f.ED9453BD34BB61637EDB63CE7F048255.d.DC861FD3C28B79036CAE498C1F7FA70B.e.8386","ELEMENT":"f.ED9453BD34BB61637EDB63CE7F048255.d.DC861FD3C28B79036CAE498C1F7FA70B.e.8386"}]}
RESULT: {"script":"<script> [8489 bytes]","args":[{"element-6066-11e4-a52e-4f735466cecf":"f.ED9453BD34BB61637EDB63CE7F048255.d.DC861FD3C28B79036CAE498C1F7FA70B.e.8386","ELEMENT":"f.ED9453BD34BB61637EDB63CE7F048255.d.DC861FD3C28B79036CAE498C1F7FA70B.e.8386"}]}
COMMAND: GET /session/5635ff3a58dcb7e64f288300af2e9ad3/element/f.ED9453BD34BB61637EDB63CE7F048255.d.DC861FD3C28B79036CAE498C1F7FA70B.e.8386/enabled - {}
COMMAND: GET /session/5635ff3a58dcb7e64f288300af2e9ad3/screenshot - {}
RESULT: {}
COMMAND: POST /session/5635ff3a58dcb7e64f288300af2e9ad3/element/f.ED9453BD34BB61637EDB63CE7F048255.d.DC861FD3C28B79036CAE498C1F7FA70B.e.8386/click - {}
COMMAND: GET /session/5635ff3a58dcb7e64f288300af2e9ad3/screenshot - {}
RESULT: {}
RESULT: {}
COMMAND: GET /session/5635ff3a58dcb7e64f288300af2e9ad3/screenshot - {}
RESULT: {}
RESULT: {}
COMMAND: POST /session/5635ff3a58dcb7e64f288300af2e9ad3/element/f.ED9453BD34BB61637EDB63CE7F048255.d.DC861FD3C28B79036CAE498C1F7FA70B.e.8386/clear - {}
RESULT: {}
COMMAND: POST /session/5635ff3a58dcb7e64f288300af2e9ad3/element/f.ED9453BD34BB61637EDB63CE7F048255.d.DC861FD3C28B79036CAE498C1F7FA70B.e.8386/value - {"text":"10347"}
COMMAND: GET /session/5635ff3a58dcb7e64f288300af2e9ad3/screenshot - {}
RESULT: {"text":"10347"}
COMMAND: POST /session/5635ff3a58dcb7e64f288300af2e9ad3/actions - {"actions":[{"id":"action21","type":"key","parameters":{},"actions":[{"type":"keyDown","value":""},{"type":"pause","duration":10},{"type":"keyUp","value":""}]}]}
COMMAND: GET /session/5635ff3a58dcb7e64f288300af2e9ad3/screenshot - {}
RESULT: {}
RESULT: {"actions":[{"id":"action21","type":"key","parameters":{},"actions":[{"type":"keyDown","value":""},{"type":"pause","duration":10},{"type":"keyUp","value":""}]}]}
COMMAND: GET /session/5635ff3a58dcb7e64f288300af2e9ad3/screenshot - {}
RESULT: {}
RESULT: {}
COMMAND: POST /session/5635ff3a58dcb7e64f288300af2e9ad3/element - {"using":"xpath","value":"//span[contains(@id ,\"application-billingtransfer-display-component---billingWorkbench--smartTableBillingRuns-header-inner\")]"}
RESULT: {"using":"xpath","value":"//span[contains(@id ,\"application-billingtransfer-display-component---billingWorkbench--smartTableBillingRuns-header-inner\")]"}
COMMAND: POST /session/5635ff3a58dcb7e64f288300af2e9ad3/elements - {"using":"xpath","value":"//span[contains(@id ,\"application-billingtransfer-display-component---billingWorkbench--smartTableBillingRuns-header-inner\")]"}
RESULT: {"using":"xpath","value":"//span[contains(@id ,\"application-billingtransfer-display-component---billingWorkbench--smartTableBillingRuns-header-inner\")]"}
COMMAND: POST /session/5635ff3a58dcb7e64f288300af2e9ad3/execute/sync - {"script":"<script> [56 bytes]","args":[{"element-6066-11e4-a52e-4f735466cecf":"f.ED9453BD34BB61637EDB63CE7F048255.d.DC861FD3C28B79036CAE498C1F7FA70B.e.8713","ELEMENT":"f.ED9453BD34BB61637EDB63CE7F048255.d.DC861FD3C28B79036CAE498C1F7FA70B.e.8713"}]}
RESULT: {"script":"<script> [56 bytes]","args":[{"element-6066-11e4-a52e-4f735466cecf":"f.ED9453BD34BB61637EDB63CE7F048255.d.DC861FD3C28B79036CAE498C1F7FA70B.e.8713","ELEMENT":"f.ED9453BD34BB61637EDB63CE7F048255.d.DC861FD3C28B79036CAE498C1F7FA70B.e.8713"}]}
COMMAND: POST /session/5635ff3a58dcb7e64f288300af2e9ad3/element - {"using":"xpath","value":"//td[@aria-colindex=\"1\"]/div/div[contains(@class, \"sapMCbBg\")]"}
COMMAND: GET /session/5635ff3a58dcb7e64f288300af2e9ad3/screenshot - {}
RESULT: {"using":"xpath","value":"//td[@aria-colindex=\"1\"]/div/div[contains(@class, \"sapMCbBg\")]"}
COMMAND: POST /session/5635ff3a58dcb7e64f288300af2e9ad3/element/f.ED9453BD34BB61637EDB63CE7F048255.d.DC861FD3C28B79036CAE498C1F7FA70B.e.8705/click - {}
RESULT: {}
RESULT: {}
COMMAND: GET /session/5635ff3a58dcb7e64f288300af2e9ad3/screenshot - {}
RESULT: {}
COMMAND: POST /session/5635ff3a58dcb7e64f288300af2e9ad3/element - {"using":"xpath","value":"//bdi[contains(text(), \"Check\")]"}
RESULT: {"using":"xpath","value":"//bdi[contains(text(), \"Check\")]"}
COMMAND: POST /session/5635ff3a58dcb7e64f288300af2e9ad3/element/f.ED9453BD34BB61637EDB63CE7F048255.d.DC861FD3C28B79036CAE498C1F7FA70B.e.8714/click - {}
RESULT: {}
COMMAND: GET /session/5635ff3a58dcb7e64f288300af2e9ad3/screenshot - {}
RESULT: {}
COMMAND: POST /session/5635ff3a58dcb7e64f288300af2e9ad3/element - {"using":"xpath","value":"//bdi[contains(text(), \"OK\")]"}
RESULT: {"using":"xpath","value":"//bdi[contains(text(), \"OK\")]"}
COMMAND: POST /session/5635ff3a58dcb7e64f288300af2e9ad3/element/f.ED9453BD34BB61637EDB63CE7F048255.d.DC861FD3C28B79036CAE498C1F7FA70B.e.8718/click - {}
RESULT: {}
COMMAND: GET /session/5635ff3a58dcb7e64f288300af2e9ad3/screenshot - {}
RESULT: {}
COMMAND: POST /session/5635ff3a58dcb7e64f288300af2e9ad3/element - {"using":"xpath","value":"(//span[contains(text(), \"CO/SD checked\")]/parent::div/preceding-sibling::div/span)[1]"}
RESULT: {"using":"xpath","value":"(//span[contains(text(), \"CO/SD checked\")]/parent::div/preceding-sibling::div/span)[1]"}
COMMAND: POST /session/5635ff3a58dcb7e64f288300af2e9ad3/element/f.ED9453BD34BB61637EDB63CE7F048255.d.DC861FD3C28B79036CAE498C1F7FA70B.e.8719/click - {}
RESULT: {}
COMMAND: GET /session/5635ff3a58dcb7e64f288300af2e9ad3/screenshot - {}
RESULT: {}
COMMAND: POST /session/5635ff3a58dcb7e64f288300af2e9ad3/element - {"using":"xpath","value":"//input[contains(@id ,\"application-billingtransfer-display-component---billingWorkbench--smartFilterBar-btnBasicSearch\")]"}
RESULT: {"using":"xpath","value":"//input[contains(@id ,\"application-billingtransfer-display-component---billingWorkbench--smartFilterBar-btnBasicSearch\")]"}
COMMAND: POST /session/5635ff3a58dcb7e64f288300af2e9ad3/elements - {"using":"xpath","value":"//input[contains(@id ,\"application-billingtransfer-display-component---billingWorkbench--smartFilterBar-btnBasicSearch\")]"}
RESULT: {"using":"xpath","value":"//input[contains(@id ,\"application-billingtransfer-display-component---billingWorkbench--smartFilterBar-btnBasicSearch\")]"}
COMMAND: POST /session/5635ff3a58dcb7e64f288300af2e9ad3/execute/sync - {"script":"<script> [8489 bytes]","args":[{"element-6066-11e4-a52e-4f735466cecf":"f.ED9453BD34BB61637EDB63CE7F048255.d.DC861FD3C28B79036CAE498C1F7FA70B.e.8386","ELEMENT":"f.ED9453BD34BB61637EDB63CE7F048255.d.DC861FD3C28B79036CAE498C1F7FA70B.e.8386"}]}
RESULT: {"script":"<script> [8489 bytes]","args":[{"element-6066-11e4-a52e-4f735466cecf":"f.ED9453BD34BB61637EDB63CE7F048255.d.DC861FD3C28B79036CAE498C1F7FA70B.e.8386","ELEMENT":"f.ED9453BD34BB61637EDB63CE7F048255.d.DC861FD3C28B79036CAE498C1F7FA70B.e.8386"}]}
COMMAND: GET /session/5635ff3a58dcb7e64f288300af2e9ad3/element/f.ED9453BD34BB61637EDB63CE7F048255.d.DC861FD3C28B79036CAE498C1F7FA70B.e.8386/enabled - {}
COMMAND: GET /session/5635ff3a58dcb7e64f288300af2e9ad3/screenshot - {}
RESULT: {}
COMMAND: POST /session/5635ff3a58dcb7e64f288300af2e9ad3/element/f.ED9453BD34BB61637EDB63CE7F048255.d.DC861FD3C28B79036CAE498C1F7FA70B.e.8386/click - {}
COMMAND: GET /session/5635ff3a58dcb7e64f288300af2e9ad3/screenshot - {}
RESULT: {}
RESULT: {}
COMMAND: GET /session/5635ff3a58dcb7e64f288300af2e9ad3/screenshot - {}
RESULT: {}
RESULT: {}
COMMAND: POST /session/5635ff3a58dcb7e64f288300af2e9ad3/element/f.ED9453BD34BB61637EDB63CE7F048255.d.DC861FD3C28B79036CAE498C1F7FA70B.e.8386/clear - {}
RESULT: {}
COMMAND: POST /session/5635ff3a58dcb7e64f288300af2e9ad3/element/f.ED9453BD34BB61637EDB63CE7F048255.d.DC861FD3C28B79036CAE498C1F7FA70B.e.8386/value - {"text":"10347"}
COMMAND: GET /session/5635ff3a58dcb7e64f288300af2e9ad3/screenshot - {}
RESULT: {"text":"10347"}
COMMAND: POST /session/5635ff3a58dcb7e64f288300af2e9ad3/actions - {"actions":[{"id":"action22","type":"key","parameters":{},"actions":[{"type":"keyDown","value":""},{"type":"pause","duration":10},{"type":"keyUp","value":""}]}]}
COMMAND: GET /session/5635ff3a58dcb7e64f288300af2e9ad3/screenshot - {}
RESULT: {}
RESULT: {"actions":[{"id":"action22","type":"key","parameters":{},"actions":[{"type":"keyDown","value":""},{"type":"pause","duration":10},{"type":"keyUp","value":""}]}]}
COMMAND: GET /session/5635ff3a58dcb7e64f288300af2e9ad3/screenshot - {}
RESULT: {}
RESULT: {}
COMMAND: POST /session/5635ff3a58dcb7e64f288300af2e9ad3/element - {"using":"xpath","value":"//span[contains(@id ,\"application-billingtransfer-display-component---billingWorkbench--smartTableBillingRuns-header-inner\")]"}
RESULT: {"using":"xpath","value":"//span[contains(@id ,\"application-billingtransfer-display-component---billingWorkbench--smartTableBillingRuns-header-inner\")]"}
COMMAND: POST /session/5635ff3a58dcb7e64f288300af2e9ad3/elements - {"using":"xpath","value":"//span[contains(@id ,\"application-billingtransfer-display-component---billingWorkbench--smartTableBillingRuns-header-inner\")]"}
RESULT: {"using":"xpath","value":"//span[contains(@id ,\"application-billingtransfer-display-component---billingWorkbench--smartTableBillingRuns-header-inner\")]"}
COMMAND: POST /session/5635ff3a58dcb7e64f288300af2e9ad3/execute/sync - {"script":"<script> [56 bytes]","args":[{"element-6066-11e4-a52e-4f735466cecf":"f.ED9453BD34BB61637EDB63CE7F048255.d.DC861FD3C28B79036CAE498C1F7FA70B.e.8713","ELEMENT":"f.ED9453BD34BB61637EDB63CE7F048255.d.DC861FD3C28B79036CAE498C1F7FA70B.e.8713"}]}
RESULT: {"script":"<script> [56 bytes]","args":[{"element-6066-11e4-a52e-4f735466cecf":"f.ED9453BD34BB61637EDB63CE7F048255.d.DC861FD3C28B79036CAE498C1F7FA70B.e.8713","ELEMENT":"f.ED9453BD34BB61637EDB63CE7F048255.d.DC861FD3C28B79036CAE498C1F7FA70B.e.8713"}]}
COMMAND: POST /session/5635ff3a58dcb7e64f288300af2e9ad3/element - {"using":"xpath","value":"//td[@aria-colindex=\"1\"]/div/div[contains(@class, \"sapMCbBg\")]"}
COMMAND: GET /session/5635ff3a58dcb7e64f288300af2e9ad3/screenshot - {}
RESULT: {"using":"xpath","value":"//td[@aria-colindex=\"1\"]/div/div[contains(@class, \"sapMCbBg\")]"}
COMMAND: POST /session/5635ff3a58dcb7e64f288300af2e9ad3/element/f.ED9453BD34BB61637EDB63CE7F048255.d.DC861FD3C28B79036CAE498C1F7FA70B.e.8723/click - {}
RESULT: {}
RESULT: {}
COMMAND: GET /session/5635ff3a58dcb7e64f288300af2e9ad3/screenshot - {}
RESULT: {}
COMMAND: POST /session/5635ff3a58dcb7e64f288300af2e9ad3/element - {"using":"xpath","value":"//bdi[text()=\"Transfer\"]"}
RESULT: {"using":"xpath","value":"//bdi[text()=\"Transfer\"]"}
COMMAND: POST /session/5635ff3a58dcb7e64f288300af2e9ad3/element/f.ED9453BD34BB61637EDB63CE7F048255.d.DC861FD3C28B79036CAE498C1F7FA70B.e.8724/click - {}
RESULT: {}
COMMAND: GET /session/5635ff3a58dcb7e64f288300af2e9ad3/screenshot - {}
RESULT: {}
COMMAND: POST /session/5635ff3a58dcb7e64f288300af2e9ad3/element - {"using":"xpath","value":"//bdi[contains(text(), \"OK\")]"}
RESULT: {"using":"xpath","value":"//bdi[contains(text(), \"OK\")]"}
COMMAND: POST /session/5635ff3a58dcb7e64f288300af2e9ad3/element/f.ED9453BD34BB61637EDB63CE7F048255.d.DC861FD3C28B79036CAE498C1F7FA70B.e.8727/click - {}
RESULT: {}
COMMAND: GET /session/5635ff3a58dcb7e64f288300af2e9ad3/screenshot - {}
RESULT: {}
COMMAND: POST /session/5635ff3a58dcb7e64f288300af2e9ad3/element - {"using":"xpath","value":"(//span[contains(text(), \"Invoice open\")]/parent::div/preceding-sibling::div/span)[1]"}
RESULT: {"using":"xpath","value":"(//span[contains(text(), \"Invoice open\")]/parent::div/preceding-sibling::div/span)[1]"}
COMMAND: POST /session/5635ff3a58dcb7e64f288300af2e9ad3/element/f.ED9453BD34BB61637EDB63CE7F048255.d.DC861FD3C28B79036CAE498C1F7FA70B.e.8740/click - {}
RESULT: {}
COMMAND: GET /session/5635ff3a58dcb7e64f288300af2e9ad3/screenshot - {}
RESULT: {}
COMMAND: POST /session/5635ff3a58dcb7e64f288300af2e9ad3/element - {"using":"xpath","value":"//input[contains(@id ,\"application-billingtransfer-display-component---billingWorkbench--smartFilterBar-btnBasicSearch\")]"}
RESULT: {"using":"xpath","value":"//input[contains(@id ,\"application-billingtransfer-display-component---billingWorkbench--smartFilterBar-btnBasicSearch\")]"}
COMMAND: POST /session/5635ff3a58dcb7e64f288300af2e9ad3/elements - {"using":"xpath","value":"//input[contains(@id ,\"application-billingtransfer-display-component---billingWorkbench--smartFilterBar-btnBasicSearch\")]"}
RESULT: {"using":"xpath","value":"//input[contains(@id ,\"application-billingtransfer-display-component---billingWorkbench--smartFilterBar-btnBasicSearch\")]"}
COMMAND: POST /session/5635ff3a58dcb7e64f288300af2e9ad3/execute/sync - {"script":"<script> [8489 bytes]","args":[{"element-6066-11e4-a52e-4f735466cecf":"f.ED9453BD34BB61637EDB63CE7F048255.d.DC861FD3C28B79036CAE498C1F7FA70B.e.8386","ELEMENT":"f.ED9453BD34BB61637EDB63CE7F048255.d.DC861FD3C28B79036CAE498C1F7FA70B.e.8386"}]}
RESULT: {"script":"<script> [8489 bytes]","args":[{"element-6066-11e4-a52e-4f735466cecf":"f.ED9453BD34BB61637EDB63CE7F048255.d.DC861FD3C28B79036CAE498C1F7FA70B.e.8386","ELEMENT":"f.ED9453BD34BB61637EDB63CE7F048255.d.DC861FD3C28B79036CAE498C1F7FA70B.e.8386"}]}
COMMAND: GET /session/5635ff3a58dcb7e64f288300af2e9ad3/element/f.ED9453BD34BB61637EDB63CE7F048255.d.DC861FD3C28B79036CAE498C1F7FA70B.e.8386/enabled - {}
COMMAND: GET /session/5635ff3a58dcb7e64f288300af2e9ad3/screenshot - {}
RESULT: {}
COMMAND: POST /session/5635ff3a58dcb7e64f288300af2e9ad3/element/f.ED9453BD34BB61637EDB63CE7F048255.d.DC861FD3C28B79036CAE498C1F7FA70B.e.8386/click - {}
COMMAND: GET /session/5635ff3a58dcb7e64f288300af2e9ad3/screenshot - {}
RESULT: {}
RESULT: {}
COMMAND: GET /session/5635ff3a58dcb7e64f288300af2e9ad3/screenshot - {}
RESULT: {}
RESULT: {}
COMMAND: POST /session/5635ff3a58dcb7e64f288300af2e9ad3/element/f.ED9453BD34BB61637EDB63CE7F048255.d.DC861FD3C28B79036CAE498C1F7FA70B.e.8386/clear - {}
RESULT: {}
COMMAND: POST /session/5635ff3a58dcb7e64f288300af2e9ad3/element/f.ED9453BD34BB61637EDB63CE7F048255.d.DC861FD3C28B79036CAE498C1F7FA70B.e.8386/value - {"text":"10347"}
COMMAND: GET /session/5635ff3a58dcb7e64f288300af2e9ad3/screenshot - {}
RESULT: {"text":"10347"}
COMMAND: POST /session/5635ff3a58dcb7e64f288300af2e9ad3/actions - {"actions":[{"id":"action23","type":"key","parameters":{},"actions":[{"type":"keyDown","value":""},{"type":"pause","duration":10},{"type":"keyUp","value":""}]}]}
COMMAND: GET /session/5635ff3a58dcb7e64f288300af2e9ad3/screenshot - {}
RESULT: {}
RESULT: {"actions":[{"id":"action23","type":"key","parameters":{},"actions":[{"type":"keyDown","value":""},{"type":"pause","duration":10},{"type":"keyUp","value":""}]}]}
COMMAND: GET /session/5635ff3a58dcb7e64f288300af2e9ad3/screenshot - {}
RESULT: {}
RESULT: {}
COMMAND: POST /session/5635ff3a58dcb7e64f288300af2e9ad3/element - {"using":"xpath","value":"//span[contains(@id ,\"application-billingtransfer-display-component---billingWorkbench--smartTableBillingRuns-header-inner\")]"}
RESULT: {"using":"xpath","value":"//span[contains(@id ,\"application-billingtransfer-display-component---billingWorkbench--smartTableBillingRuns-header-inner\")]"}
COMMAND: POST /session/5635ff3a58dcb7e64f288300af2e9ad3/elements - {"using":"xpath","value":"//span[contains(@id ,\"application-billingtransfer-display-component---billingWorkbench--smartTableBillingRuns-header-inner\")]"}
RESULT: {"using":"xpath","value":"//span[contains(@id ,\"application-billingtransfer-display-component---billingWorkbench--smartTableBillingRuns-header-inner\")]"}
COMMAND: POST /session/5635ff3a58dcb7e64f288300af2e9ad3/execute/sync - {"script":"<script> [56 bytes]","args":[{"element-6066-11e4-a52e-4f735466cecf":"f.ED9453BD34BB61637EDB63CE7F048255.d.DC861FD3C28B79036CAE498C1F7FA70B.e.8713","ELEMENT":"f.ED9453BD34BB61637EDB63CE7F048255.d.DC861FD3C28B79036CAE498C1F7FA70B.e.8713"}]}
RESULT: {"script":"<script> [56 bytes]","args":[{"element-6066-11e4-a52e-4f735466cecf":"f.ED9453BD34BB61637EDB63CE7F048255.d.DC861FD3C28B79036CAE498C1F7FA70B.e.8713","ELEMENT":"f.ED9453BD34BB61637EDB63CE7F048255.d.DC861FD3C28B79036CAE498C1F7FA70B.e.8713"}]}
COMMAND: POST /session/5635ff3a58dcb7e64f288300af2e9ad3/element - {"using":"css selector","value":"#shell-header-logo"}
COMMAND: GET /session/5635ff3a58dcb7e64f288300af2e9ad3/screenshot - {}
RESULT: {"using":"css selector","value":"#shell-header-logo"}
COMMAND: POST /session/5635ff3a58dcb7e64f288300af2e9ad3/element/f.ED9453BD34BB61637EDB63CE7F048255.d.DC861FD3C28B79036CAE498C1F7FA70B.e.8384/click - {}
RESULT: {}
RESULT: {}
COMMAND: GET /session/5635ff3a58dcb7e64f288300af2e9ad3/screenshot - {}
RESULT: {}
COMMAND: POST /session/5635ff3a58dcb7e64f288300af2e9ad3/element - {"using":"css selector","value":"#j_username"}
COMMAND: POST /session/5635ff3a58dcb7e64f288300af2e9ad3/url - {"url":"https://qa-testing-00-live-etm-ui.cfapps.eu10-004.hana.ondemand.com/"}
RESULT: {"using":"css selector","value":"#j_username"}
COMMAND: POST /session/5635ff3a58dcb7e64f288300af2e9ad3/element - {"using":"css selector","value":"#j_username"}
RESULT: {"url":"https://qa-testing-00-live-etm-ui.cfapps.eu10-004.hana.ondemand.com/"}
RESULT: undefined
COMMAND: GET /session/5635ff3a58dcb7e64f288300af2e9ad3/screenshot - {}
RESULT: {"using":"css selector","value":"#j_username"}
COMMAND: POST /session/5635ff3a58dcb7e64f288300af2e9ad3/element - {"using":"css selector","value":"#shell-header-logo"}
RESULT: {}
RESULT: {"using":"css selector","value":"#shell-header-logo"}
COMMAND: POST /session/5635ff3a58dcb7e64f288300af2e9ad3/execute/sync - {"script":"<script> [8489 bytes]","args":[{"element-6066-11e4-a52e-4f735466cecf":"f.ED9453BD34BB61637EDB63CE7F048255.d.25F07192227931E7F34C279E39219301.e.8762","ELEMENT":"f.ED9453BD34BB61637EDB63CE7F048255.d.25F07192227931E7F34C279E39219301.e.8762"}]}
RESULT: {"script":"<script> [8489 bytes]","args":[{"element-6066-11e4-a52e-4f735466cecf":"f.ED9453BD34BB61637EDB63CE7F048255.d.25F07192227931E7F34C279E39219301.e.8762","ELEMENT":"f.ED9453BD34BB61637EDB63CE7F048255.d.25F07192227931E7F34C279E39219301.e.8762"}]}
COMMAND: POST /session/5635ff3a58dcb7e64f288300af2e9ad3/element - {"using":"css selector","value":"#shell-header-logo"}
COMMAND: GET /session/5635ff3a58dcb7e64f288300af2e9ad3/screenshot - {}
RESULT: {"using":"css selector","value":"#shell-header-logo"}
COMMAND: POST /session/5635ff3a58dcb7e64f288300af2e9ad3/execute/sync - {"script":"<script> [8489 bytes]","args":[{"element-6066-11e4-a52e-4f735466cecf":"f.ED9453BD34BB61637EDB63CE7F048255.d.25F07192227931E7F34C279E39219301.e.8762","ELEMENT":"f.ED9453BD34BB61637EDB63CE7F048255.d.25F07192227931E7F34C279E39219301.e.8762"}]}
RESULT: {}
RESULT: {"script":"<script> [8489 bytes]","args":[{"element-6066-11e4-a52e-4f735466cecf":"f.ED9453BD34BB61637EDB63CE7F048255.d.25F07192227931E7F34C279E39219301.e.8762","ELEMENT":"f.ED9453BD34BB61637EDB63CE7F048255.d.25F07192227931E7F34C279E39219301.e.8762"}]}
COMMAND: POST /session/5635ff3a58dcb7e64f288300af2e9ad3/execute/sync - {"script":"<script> [5351 bytes]","args":[{"element-6066-11e4-a52e-4f735466cecf":"f.ED9453BD34BB61637EDB63CE7F048255.d.25F07192227931E7F34C279E39219301.e.8762","ELEMENT":"f.ED9453BD34BB61637EDB63CE7F048255.d.25F07192227931E7F34C279E39219301.e.8762"}]}
COMMAND: GET /session/5635ff3a58dcb7e64f288300af2e9ad3/screenshot - {}
RESULT: {"script":"<script> [5351 bytes]","args":[{"element-6066-11e4-a52e-4f735466cecf":"f.ED9453BD34BB61637EDB63CE7F048255.d.25F07192227931E7F34C279E39219301.e.8762","ELEMENT":"f.ED9453BD34BB61637EDB63CE7F048255.d.25F07192227931E7F34C279E39219301.e.8762"}]}
COMMAND: POST /session/5635ff3a58dcb7e64f288300af2e9ad3/element - {"using":"css selector","value":"#shell-header-logo"}
COMMAND: GET /session/5635ff3a58dcb7e64f288300af2e9ad3/screenshot - {}
RESULT: {}
RESULT: {"using":"css selector","value":"#shell-header-logo"}
COMMAND: POST /session/5635ff3a58dcb7e64f288300af2e9ad3/element/f.ED9453BD34BB61637EDB63CE7F048255.d.25F07192227931E7F34C279E39219301.e.8762/click - {}
RESULT: {}
RESULT: {}
COMMAND: GET /session/5635ff3a58dcb7e64f288300af2e9ad3/screenshot - {}
RESULT: {}
COMMAND: POST /session/5635ff3a58dcb7e64f288300af2e9ad3/execute/async - {"script":"<script> [189 bytes]","args":[]}
RESULT: {"script":"<script> [189 bytes]","args":[]}
COMMAND: POST /session/5635ff3a58dcb7e64f288300af2e9ad3/execute/async - {"script":"<script> [123 bytes]","args":[]}
RESULT: {"script":"<script> [123 bytes]","args":[]}
COMMAND: POST /session/5635ff3a58dcb7e64f288300af2e9ad3/timeouts - {"script":"<number>"}
RESULT: {"script":"<number>"}
COMMAND: GET /session/5635ff3a58dcb7e64f288300af2e9ad3/timeouts - {}
RESULT: {}
RESULT: undefined
COMMAND: POST /session/5635ff3a58dcb7e64f288300af2e9ad3/execute/async - {"script":"<script> [2676 bytes]","args":[]}
RESULT: {"script":"<script> [2676 bytes]","args":[]}
COMMAND: POST /session/5635ff3a58dcb7e64f288300af2e9ad3/execute/async - {"script":"<script> [2342 bytes]","args":[{"protocol":"http","hostname":"0.0.0.0","path":"/","capabilities":{"browserName":"chrome","goog:chromeOptions":{"binary":"C:\\Program Files\\Google\\Chrome\\Application\\chrome.exe","args":["--start-maximized"]}},"logLevel":"warn","connectionRetryTimeout":120000,"connectionRetryCount":3,"logLevels":{},"enableDirectConnect":true,"strictSSL":true,"_":"65 more keys: [\"cacheDir\",\"port\",\"requestedCapabilities\",\"automationProtocol\",\"baseUrl\",\"waitforInterval\",\"waitforTimeout\",\"onReload\",\"beforeCommand\",\"afterCommand\",\"rootDir\",\"specs\",\"suites\",\"exclude\",\"groupLogsByTestSpec\",\"excludeDriverLogs\",\"bail\",\"framework\",\"reporters\",\"services\",\"maxInstances\",\"maxInstancesPerCapability\",\"injectGlobals\",\"filesToWatch\",\"execArgv\",\"runnerEnv\",\"runner\",\"shard\",\"specFileRetries\",\"specFileRetriesDelay\",\"specFileRetriesDeferred\",\"reporterSyncInterval\",\"reporterSyncTimeout\",\"cucumberFeaturesWithLineNumbers\",\"autoCompileOpts\",\"mochaOpts\",\"jasmineOpts\",\"cucumberOpts\",\"onPrepare\",\"onWorkerStart\",\"onWorkerEnd\",\"before\",\"beforeSession\",\"beforeSuite\",\"beforeHook\",\"beforeTest\",\"afterTest\",\"afterHook\",\"afterSuite\",\"afterSession\",\"after\",\"onComplete\",\"beforeAssertion\",\"afterAssertion\",\"beforeFeature\",\"beforeScenario\",\"beforeStep\",\"afterStep\",\"afterScenario\",\"afterFeature\",\"_\",\"suite\",\"$0\",\"ignoredWorkerServices\",\"wdi5\"]"}]}
RESULT: {"script":"<script> [2342 bytes]","args":[{"protocol":"http","hostname":"0.0.0.0","path":"/","capabilities":{"browserName":"chrome","goog:chromeOptions":{"binary":"C:\\Program Files\\Google\\Chrome\\Application\\chrome.exe","args":["--start-maximized"]}},"logLevel":"warn","connectionRetryTimeout":120000,"connectionRetryCount":3,"logLevels":{},"enableDirectConnect":true,"strictSSL":true,"_":"65 more keys: [\"cacheDir\",\"port\",\"requestedCapabilities\",\"automationProtocol\",\"baseUrl\",\"waitforInterval\",\"waitforTimeout\",\"onReload\",\"beforeCommand\",\"afterCommand\",\"rootDir\",\"specs\",\"suites\",\"exclude\",\"groupLogsByTestSpec\",\"excludeDriverLogs\",\"bail\",\"framework\",\"reporters\",\"services\",\"maxInstances\",\"maxInstancesPerCapability\",\"injectGlobals\",\"filesToWatch\",\"execArgv\",\"runnerEnv\",\"runner\",\"shard\",\"specFileRetries\",\"specFileRetriesDelay\",\"specFileRetriesDeferred\",\"reporterSyncInterval\",\"reporterSyncTimeout\",\"cucumberFeaturesWithLineNumbers\",\"autoCompileOpts\",\"mochaOpts\",\"jasmineOpts\",\"cucumberOpts\",\"onPrepare\",\"onWorkerStart\",\"onWorkerEnd\",\"before\",\"beforeSession\",\"beforeSuite\",\"beforeHook\",\"beforeTest\",\"afterTest\",\"afterHook\",\"afterSuite\",\"afterSession\",\"after\",\"onComplete\",\"beforeAssertion\",\"afterAssertion\",\"beforeFeature\",\"beforeScenario\",\"beforeStep\",\"afterStep\",\"afterScenario\",\"afterFeature\",\"_\",\"suite\",\"$0\",\"ignoredWorkerServices\",\"wdi5\"]"}]}
COMMAND: POST /session/5635ff3a58dcb7e64f288300af2e9ad3/execute/async - {"script":"<script> [21126 bytes]","args":[35000]}
RESULT: {"script":"<script> [21126 bytes]","args":[35000]}
COMMAND: POST /session/5635ff3a58dcb7e64f288300af2e9ad3/window/maximize - {}
RESULT: {}
COMMAND: POST /session/5635ff3a58dcb7e64f288300af2e9ad3/execute/async - {"script":"<script> [1562 bytes]","args":[{"selector":{"id":"shell-header","interaction":{"idSuffix":"icon"}},"wdio_ui5_key":"shellheader"}]}
COMMAND: GET /session/5635ff3a58dcb7e64f288300af2e9ad3/screenshot - {}
RESULT: {"script":"<script> [1562 bytes]","args":[{"selector":{"id":"shell-header","interaction":{"idSuffix":"icon"}},"wdio_ui5_key":"shellheader"}]}
RESULT: undefined
COMMAND: POST /session/5635ff3a58dcb7e64f288300af2e9ad3/refresh - {}
RESULT: {}
RESULT: {}
COMMAND: GET /session/5635ff3a58dcb7e64f288300af2e9ad3/screenshot - {}
RESULT: {}
COMMAND: POST /session/5635ff3a58dcb7e64f288300af2e9ad3/refresh - {}
RESULT: {}
COMMAND: GET /session/5635ff3a58dcb7e64f288300af2e9ad3/screenshot - {}
RESULT: {}
COMMAND: POST /session/5635ff3a58dcb7e64f288300af2e9ad3/window/fullscreen - {}
RESULT: {}
COMMAND: POST /session/5635ff3a58dcb7e64f288300af2e9ad3/execute/async - {"script":"<script> [189 bytes]","args":[]}
RESULT: {"script":"<script> [189 bytes]","args":[]}
COMMAND: POST /session/5635ff3a58dcb7e64f288300af2e9ad3/execute/async - {"script":"<script> [123 bytes]","args":[]}
RESULT: {"script":"<script> [123 bytes]","args":[]}
COMMAND: POST /session/5635ff3a58dcb7e64f288300af2e9ad3/timeouts - {"script":"<number>"}
RESULT: {"script":"<number>"}
COMMAND: GET /session/5635ff3a58dcb7e64f288300af2e9ad3/timeouts - {}
RESULT: {}
RESULT: undefined
COMMAND: POST /session/5635ff3a58dcb7e64f288300af2e9ad3/execute/async - {"script":"<script> [2676 bytes]","args":[]}
RESULT: {"script":"<script> [2676 bytes]","args":[]}
COMMAND: POST /session/5635ff3a58dcb7e64f288300af2e9ad3/execute/async - {"script":"<script> [2342 bytes]","args":[{"protocol":"http","hostname":"0.0.0.0","path":"/","capabilities":{"browserName":"chrome","goog:chromeOptions":{"binary":"C:\\Program Files\\Google\\Chrome\\Application\\chrome.exe","args":["--start-maximized"]}},"logLevel":"warn","connectionRetryTimeout":120000,"connectionRetryCount":3,"logLevels":{},"enableDirectConnect":true,"strictSSL":true,"_":"65 more keys: [\"cacheDir\",\"port\",\"requestedCapabilities\",\"automationProtocol\",\"baseUrl\",\"waitforInterval\",\"waitforTimeout\",\"onReload\",\"beforeCommand\",\"afterCommand\",\"rootDir\",\"specs\",\"suites\",\"exclude\",\"groupLogsByTestSpec\",\"excludeDriverLogs\",\"bail\",\"framework\",\"reporters\",\"services\",\"maxInstances\",\"maxInstancesPerCapability\",\"injectGlobals\",\"filesToWatch\",\"execArgv\",\"runnerEnv\",\"runner\",\"shard\",\"specFileRetries\",\"specFileRetriesDelay\",\"specFileRetriesDeferred\",\"reporterSyncInterval\",\"reporterSyncTimeout\",\"cucumberFeaturesWithLineNumbers\",\"autoCompileOpts\",\"mochaOpts\",\"jasmineOpts\",\"cucumberOpts\",\"onPrepare\",\"onWorkerStart\",\"onWorkerEnd\",\"before\",\"beforeSession\",\"beforeSuite\",\"beforeHook\",\"beforeTest\",\"afterTest\",\"afterHook\",\"afterSuite\",\"afterSession\",\"after\",\"onComplete\",\"beforeAssertion\",\"afterAssertion\",\"beforeFeature\",\"beforeScenario\",\"beforeStep\",\"afterStep\",\"afterScenario\",\"afterFeature\",\"_\",\"suite\",\"$0\",\"ignoredWorkerServices\",\"wdi5\"]"}]}
RESULT: {"script":"<script> [2342 bytes]","args":[{"protocol":"http","hostname":"0.0.0.0","path":"/","capabilities":{"browserName":"chrome","goog:chromeOptions":{"binary":"C:\\Program Files\\Google\\Chrome\\Application\\chrome.exe","args":["--start-maximized"]}},"logLevel":"warn","connectionRetryTimeout":120000,"connectionRetryCount":3,"logLevels":{},"enableDirectConnect":true,"strictSSL":true,"_":"65 more keys: [\"cacheDir\",\"port\",\"requestedCapabilities\",\"automationProtocol\",\"baseUrl\",\"waitforInterval\",\"waitforTimeout\",\"onReload\",\"beforeCommand\",\"afterCommand\",\"rootDir\",\"specs\",\"suites\",\"exclude\",\"groupLogsByTestSpec\",\"excludeDriverLogs\",\"bail\",\"framework\",\"reporters\",\"services\",\"maxInstances\",\"maxInstancesPerCapability\",\"injectGlobals\",\"filesToWatch\",\"execArgv\",\"runnerEnv\",\"runner\",\"shard\",\"specFileRetries\",\"specFileRetriesDelay\",\"specFileRetriesDeferred\",\"reporterSyncInterval\",\"reporterSyncTimeout\",\"cucumberFeaturesWithLineNumbers\",\"autoCompileOpts\",\"mochaOpts\",\"jasmineOpts\",\"cucumberOpts\",\"onPrepare\",\"onWorkerStart\",\"onWorkerEnd\",\"before\",\"beforeSession\",\"beforeSuite\",\"beforeHook\",\"beforeTest\",\"afterTest\",\"afterHook\",\"afterSuite\",\"afterSession\",\"after\",\"onComplete\",\"beforeAssertion\",\"afterAssertion\",\"beforeFeature\",\"beforeScenario\",\"beforeStep\",\"afterStep\",\"afterScenario\",\"afterFeature\",\"_\",\"suite\",\"$0\",\"ignoredWorkerServices\",\"wdi5\"]"}]}
COMMAND: POST /session/5635ff3a58dcb7e64f288300af2e9ad3/execute/async - {"script":"<script> [21126 bytes]","args":[35000]}
RESULT: {"script":"<script> [21126 bytes]","args":[35000]}
]]></system-out>
    </testcase>
  </testsuite>
  <testsuite timestamp="2025-05-28T17:42:48" time="1155.132" tests="12" failures="0" errors="0" skipped="0">
    <properties>
      <property name="specId" value="0"/>
      <property name="suiteName" value="Billing Transfer - Intracompany US127249"/>
      <property name="capabilities" value="chrome.136_0_7103_93.windows"/>
      <property name="file" value="file:///D:/a/1/s/test/specs/BTS/billing-transfer-intracompany.spec.js"/>
    </properties>
    <testcase classname="chrome.136_0_7103_93.windows.Billing_Transfer_-_Intracompany_US127249" name="Should create a new yard" time="131.265">
      <system-out><![CDATA[
COMMAND: POST /session/5635ff3a58dcb7e64f288300af2e9ad3/window/fullscreen - {}
RESULT: {}
COMMAND: POST /session/5635ff3a58dcb7e64f288300af2e9ad3/execute/async - {"script":"<script> [1562 bytes]","args":[{"selector":{"controlType":"sap.m.GenericTile","properties":{"header":"Manage Yards"}},"wdio_ui5_key":"sapm.GenericTile{\"header\":\"Manage Yards\"}"}]}
RESULT: {"script":"<script> [1562 bytes]","args":[{"selector":{"controlType":"sap.m.GenericTile","properties":{"header":"Manage Yards"}},"wdio_ui5_key":"sapm.GenericTile{\"header\":\"Manage Yards\"}"}]}
RESULT: undefined
COMMAND: POST /session/5635ff3a58dcb7e64f288300af2e9ad3/element - {"using":"xpath","value":"//*[@id=\"__tile41\"]"}
RESULT: {"using":"xpath","value":"//*[@id=\"__tile41\"]"}
COMMAND: POST /session/5635ff3a58dcb7e64f288300af2e9ad3/element/f.ED9453BD34BB61637EDB63CE7F048255.d.49464C07EB64A2B40CCF60B45506409F.e.8920/click - {}
RESULT: {}
COMMAND: GET /session/5635ff3a58dcb7e64f288300af2e9ad3/screenshot - {}
RESULT: {}
COMMAND: POST /session/5635ff3a58dcb7e64f288300af2e9ad3/elements - {"using":"xpath","value":"//span[text()='Error']"}
RESULT: {"using":"xpath","value":"//span[text()='Error']"}
COMMAND: POST /session/5635ff3a58dcb7e64f288300af2e9ad3/element - {"using":"xpath","value":"//button[@data-kt=\"addNewYardOverflowToolbarButton\"]"}
RESULT: {"using":"xpath","value":"//button[@data-kt=\"addNewYardOverflowToolbarButton\"]"}
COMMAND: POST /session/5635ff3a58dcb7e64f288300af2e9ad3/elements - {"using":"xpath","value":"//button[@data-kt=\"addNewYardOverflowToolbarButton\"]"}
RESULT: {"using":"xpath","value":"//button[@data-kt=\"addNewYardOverflowToolbarButton\"]"}
COMMAND: POST /session/5635ff3a58dcb7e64f288300af2e9ad3/elements - {"using":"xpath","value":"//button[@data-kt=\"addNewYardOverflowToolbarButton\"]"}
RESULT: {"using":"xpath","value":"//button[@data-kt=\"addNewYardOverflowToolbarButton\"]"}
COMMAND: POST /session/5635ff3a58dcb7e64f288300af2e9ad3/elements - {"using":"xpath","value":"//button[@data-kt=\"addNewYardOverflowToolbarButton\"]"}
RESULT: {"using":"xpath","value":"//button[@data-kt=\"addNewYardOverflowToolbarButton\"]"}
COMMAND: POST /session/5635ff3a58dcb7e64f288300af2e9ad3/elements - {"using":"xpath","value":"//button[@data-kt=\"addNewYardOverflowToolbarButton\"]"}
RESULT: {"using":"xpath","value":"//button[@data-kt=\"addNewYardOverflowToolbarButton\"]"}
COMMAND: POST /session/5635ff3a58dcb7e64f288300af2e9ad3/elements - {"using":"xpath","value":"//button[@data-kt=\"addNewYardOverflowToolbarButton\"]"}
RESULT: {"using":"xpath","value":"//button[@data-kt=\"addNewYardOverflowToolbarButton\"]"}
COMMAND: POST /session/5635ff3a58dcb7e64f288300af2e9ad3/elements - {"using":"xpath","value":"//button[@data-kt=\"addNewYardOverflowToolbarButton\"]"}
RESULT: {"using":"xpath","value":"//button[@data-kt=\"addNewYardOverflowToolbarButton\"]"}
COMMAND: POST /session/5635ff3a58dcb7e64f288300af2e9ad3/elements - {"using":"xpath","value":"//button[@data-kt=\"addNewYardOverflowToolbarButton\"]"}
RESULT: {"using":"xpath","value":"//button[@data-kt=\"addNewYardOverflowToolbarButton\"]"}
COMMAND: POST /session/5635ff3a58dcb7e64f288300af2e9ad3/elements - {"using":"xpath","value":"//button[@data-kt=\"addNewYardOverflowToolbarButton\"]"}
RESULT: {"using":"xpath","value":"//button[@data-kt=\"addNewYardOverflowToolbarButton\"]"}
COMMAND: POST /session/5635ff3a58dcb7e64f288300af2e9ad3/element - {"using":"xpath","value":"//button[@data-kt=\"addNewYardOverflowToolbarButton\"]"}
RESULT: {"using":"xpath","value":"//button[@data-kt=\"addNewYardOverflowToolbarButton\"]"}
COMMAND: POST /session/5635ff3a58dcb7e64f288300af2e9ad3/execute/sync - {"script":"<script> [8489 bytes]","args":[{"element-6066-11e4-a52e-4f735466cecf":"f.ED9453BD34BB61637EDB63CE7F048255.d.49464C07EB64A2B40CCF60B45506409F.e.9054","ELEMENT":"f.ED9453BD34BB61637EDB63CE7F048255.d.49464C07EB64A2B40CCF60B45506409F.e.9054"}]}
RESULT: {"script":"<script> [8489 bytes]","args":[{"element-6066-11e4-a52e-4f735466cecf":"f.ED9453BD34BB61637EDB63CE7F048255.d.49464C07EB64A2B40CCF60B45506409F.e.9054","ELEMENT":"f.ED9453BD34BB61637EDB63CE7F048255.d.49464C07EB64A2B40CCF60B45506409F.e.9054"}]}
COMMAND: GET /session/5635ff3a58dcb7e64f288300af2e9ad3/element/f.ED9453BD34BB61637EDB63CE7F048255.d.49464C07EB64A2B40CCF60B45506409F.e.9054/enabled - {}
COMMAND: GET /session/5635ff3a58dcb7e64f288300af2e9ad3/screenshot - {}
RESULT: {}
COMMAND: POST /session/5635ff3a58dcb7e64f288300af2e9ad3/execute/sync - {"script":"<script> [8489 bytes]","args":[{"element-6066-11e4-a52e-4f735466cecf":"f.ED9453BD34BB61637EDB63CE7F048255.d.49464C07EB64A2B40CCF60B45506409F.e.9054","ELEMENT":"f.ED9453BD34BB61637EDB63CE7F048255.d.49464C07EB64A2B40CCF60B45506409F.e.9054"}]}
COMMAND: GET /session/5635ff3a58dcb7e64f288300af2e9ad3/screenshot - {}
RESULT: {}
RESULT: {"script":"<script> [8489 bytes]","args":[{"element-6066-11e4-a52e-4f735466cecf":"f.ED9453BD34BB61637EDB63CE7F048255.d.49464C07EB64A2B40CCF60B45506409F.e.9054","ELEMENT":"f.ED9453BD34BB61637EDB63CE7F048255.d.49464C07EB64A2B40CCF60B45506409F.e.9054"}]}
COMMAND: POST /session/5635ff3a58dcb7e64f288300af2e9ad3/execute/sync - {"script":"<script> [5351 bytes]","args":[{"element-6066-11e4-a52e-4f735466cecf":"f.ED9453BD34BB61637EDB63CE7F048255.d.49464C07EB64A2B40CCF60B45506409F.e.9054","ELEMENT":"f.ED9453BD34BB61637EDB63CE7F048255.d.49464C07EB64A2B40CCF60B45506409F.e.9054"}]}
COMMAND: GET /session/5635ff3a58dcb7e64f288300af2e9ad3/screenshot - {}
RESULT: {}
RESULT: {"script":"<script> [5351 bytes]","args":[{"element-6066-11e4-a52e-4f735466cecf":"f.ED9453BD34BB61637EDB63CE7F048255.d.49464C07EB64A2B40CCF60B45506409F.e.9054","ELEMENT":"f.ED9453BD34BB61637EDB63CE7F048255.d.49464C07EB64A2B40CCF60B45506409F.e.9054"}]}
COMMAND: POST /session/5635ff3a58dcb7e64f288300af2e9ad3/element/f.ED9453BD34BB61637EDB63CE7F048255.d.49464C07EB64A2B40CCF60B45506409F.e.9054/click - {}
COMMAND: GET /session/5635ff3a58dcb7e64f288300af2e9ad3/screenshot - {}
RESULT: {}
RESULT: {}
COMMAND: GET /session/5635ff3a58dcb7e64f288300af2e9ad3/screenshot - {}
RESULT: {}
RESULT: {}
COMMAND: POST /session/5635ff3a58dcb7e64f288300af2e9ad3/element - {"using":"xpath","value":"//input[@id=\"application-manageyards-display-component---NewYard--yardId-inner\"]"}
RESULT: {"using":"xpath","value":"//input[@id=\"application-manageyards-display-component---NewYard--yardId-inner\"]"}
COMMAND: POST /session/5635ff3a58dcb7e64f288300af2e9ad3/element - {"using":"xpath","value":"//input[@id=\"application-manageyards-display-component---NewYard--yardId-inner\"]"}
RESULT: {"using":"xpath","value":"//input[@id=\"application-manageyards-display-component---NewYard--yardId-inner\"]"}
COMMAND: POST /session/5635ff3a58dcb7e64f288300af2e9ad3/execute/async - {"script":"<script> [1562 bytes]","args":[{"selector":{"id":"application-manageyards-display-component---NewYard--addressDetailDetailsName1","interaction":{"idSuffix":"inner"}},"wdio_ui5_key":"applicationmanageyards-display-component---NewYard--addressDetailDetailsName1"}]}
RESULT: {"script":"<script> [1562 bytes]","args":[{"selector":{"id":"application-manageyards-display-component---NewYard--addressDetailDetailsName1","interaction":{"idSuffix":"inner"}},"wdio_ui5_key":"applicationmanageyards-display-component---NewYard--addressDetailDetailsName1"}]}
RESULT: undefined
COMMAND: POST /session/5635ff3a58dcb7e64f288300af2e9ad3/execute/async - {"script":"<script> [776 bytes]","args":[{"enterText":"Intracompany Yard wdIO","selector":{"id":"application-manageyards-display-component---NewYard--addressDetailDetailsName1","interaction":{"idSuffix":"inner"}},"clearTextFirst":true,"interactionType":"ENTER_TEXT"}]}
RESULT: {"script":"<script> [776 bytes]","args":[{"enterText":"Intracompany Yard wdIO","selector":{"id":"application-manageyards-display-component---NewYard--addressDetailDetailsName1","interaction":{"idSuffix":"inner"}},"clearTextFirst":true,"interactionType":"ENTER_TEXT"}]}
COMMAND: POST /session/5635ff3a58dcb7e64f288300af2e9ad3/execute/async - {"script":"<script> [1562 bytes]","args":[{"selector":{"id":"application-manageyards-display-component---NewYard--addressDetailDetailsLanguage-arrow"},"wdio_ui5_key":"applicationmanageyards-display-component---NewYard--addressDetailDetailsLanguage-arrow"}]}
RESULT: {"script":"<script> [1562 bytes]","args":[{"selector":{"id":"application-manageyards-display-component---NewYard--addressDetailDetailsLanguage-arrow"},"wdio_ui5_key":"applicationmanageyards-display-component---NewYard--addressDetailDetailsLanguage-arrow"}]}
RESULT: undefined
COMMAND: POST /session/5635ff3a58dcb7e64f288300af2e9ad3/element - {"using":"xpath","value":"//*[@id=\"application-manageyards-display-component---NewYard--addressDetailDetailsLanguage-arrow\"]"}
RESULT: {"using":"xpath","value":"//*[@id=\"application-manageyards-display-component---NewYard--addressDetailDetailsLanguage-arrow\"]"}
COMMAND: POST /session/5635ff3a58dcb7e64f288300af2e9ad3/element/f.ED9453BD34BB61637EDB63CE7F048255.d.49464C07EB64A2B40CCF60B45506409F.e.9487/click - {}
RESULT: {}
COMMAND: POST /session/5635ff3a58dcb7e64f288300af2e9ad3/element - {"using":"xpath","value":"//span[contains(text(), \"English\")]"}
COMMAND: GET /session/5635ff3a58dcb7e64f288300af2e9ad3/screenshot - {}
RESULT: {"using":"xpath","value":"//span[contains(text(), \"English\")]"}
COMMAND: POST /session/5635ff3a58dcb7e64f288300af2e9ad3/element/f.ED9453BD34BB61637EDB63CE7F048255.d.49464C07EB64A2B40CCF60B45506409F.e.9488/click - {}
RESULT: {}
RESULT: {}
COMMAND: POST /session/5635ff3a58dcb7e64f288300af2e9ad3/execute/async - {"script":"<script> [1562 bytes]","args":[{"selector":{"id":"application-manageyards-display-component---NewYard--addressDetailDetailsCity1","interaction":{"idSuffix":"inner"}},"wdio_ui5_key":"applicationmanageyards-display-component---NewYard--addressDetailDetailsCity1"}]}
COMMAND: GET /session/5635ff3a58dcb7e64f288300af2e9ad3/screenshot - {}
RESULT: {"script":"<script> [1562 bytes]","args":[{"selector":{"id":"application-manageyards-display-component---NewYard--addressDetailDetailsCity1","interaction":{"idSuffix":"inner"}},"wdio_ui5_key":"applicationmanageyards-display-component---NewYard--addressDetailDetailsCity1"}]}
RESULT: undefined
COMMAND: POST /session/5635ff3a58dcb7e64f288300af2e9ad3/execute/async - {"script":"<script> [776 bytes]","args":[{"enterText":"Rosario","selector":{"id":"application-manageyards-display-component---NewYard--addressDetailDetailsCity1","interaction":{"idSuffix":"inner"}},"clearTextFirst":true,"interactionType":"ENTER_TEXT"}]}
RESULT: {}
RESULT: {"script":"<script> [776 bytes]","args":[{"enterText":"Rosario","selector":{"id":"application-manageyards-display-component---NewYard--addressDetailDetailsCity1","interaction":{"idSuffix":"inner"}},"clearTextFirst":true,"interactionType":"ENTER_TEXT"}]}
COMMAND: POST /session/5635ff3a58dcb7e64f288300af2e9ad3/execute/async - {"script":"<script> [1562 bytes]","args":[{"selector":{"id":"application-manageyards-display-component---NewYard--addressDetailDetailsCountry-arrow"},"wdio_ui5_key":"applicationmanageyards-display-component---NewYard--addressDetailDetailsCountry-arrow"}]}
RESULT: {"script":"<script> [1562 bytes]","args":[{"selector":{"id":"application-manageyards-display-component---NewYard--addressDetailDetailsCountry-arrow"},"wdio_ui5_key":"applicationmanageyards-display-component---NewYard--addressDetailDetailsCountry-arrow"}]}
RESULT: undefined
COMMAND: POST /session/5635ff3a58dcb7e64f288300af2e9ad3/element - {"using":"xpath","value":"//*[@id=\"application-manageyards-display-component---NewYard--addressDetailDetailsCountry-arrow\"]"}
RESULT: {"using":"xpath","value":"//*[@id=\"application-manageyards-display-component---NewYard--addressDetailDetailsCountry-arrow\"]"}
COMMAND: POST /session/5635ff3a58dcb7e64f288300af2e9ad3/element/f.ED9453BD34BB61637EDB63CE7F048255.d.49464C07EB64A2B40CCF60B45506409F.e.9490/click - {}
RESULT: {}
COMMAND: POST /session/5635ff3a58dcb7e64f288300af2e9ad3/element - {"using":"xpath","value":"//span[contains(text(), \"Argentina\")]"}
COMMAND: GET /session/5635ff3a58dcb7e64f288300af2e9ad3/screenshot - {}
RESULT: {"using":"xpath","value":"//span[contains(text(), \"Argentina\")]"}
COMMAND: POST /session/5635ff3a58dcb7e64f288300af2e9ad3/element/f.ED9453BD34BB61637EDB63CE7F048255.d.49464C07EB64A2B40CCF60B45506409F.e.9492/click - {}
RESULT: {}
RESULT: {}
COMMAND: POST /session/5635ff3a58dcb7e64f288300af2e9ad3/execute/async - {"script":"<script> [1562 bytes]","args":[{"selector":{"id":"application-manageyards-display-component---NewYard--addressEditDetailsCostObjectCstType-arrow"},"wdio_ui5_key":"applicationmanageyards-display-component---NewYard--addressEditDetailsCostObjectCstType-arrow"}]}
COMMAND: GET /session/5635ff3a58dcb7e64f288300af2e9ad3/screenshot - {}
RESULT: {"script":"<script> [1562 bytes]","args":[{"selector":{"id":"application-manageyards-display-component---NewYard--addressEditDetailsCostObjectCstType-arrow"},"wdio_ui5_key":"applicationmanageyards-display-component---NewYard--addressEditDetailsCostObjectCstType-arrow"}]}
RESULT: undefined
COMMAND: POST /session/5635ff3a58dcb7e64f288300af2e9ad3/element - {"using":"xpath","value":"//*[@id=\"application-manageyards-display-component---NewYard--addressEditDetailsCostObjectCstType-arrow\"]"}
RESULT: {}
RESULT: {"using":"xpath","value":"//*[@id=\"application-manageyards-display-component---NewYard--addressEditDetailsCostObjectCstType-arrow\"]"}
COMMAND: POST /session/5635ff3a58dcb7e64f288300af2e9ad3/element/f.ED9453BD34BB61637EDB63CE7F048255.d.49464C07EB64A2B40CCF60B45506409F.e.9493/click - {}
RESULT: {}
COMMAND: POST /session/5635ff3a58dcb7e64f288300af2e9ad3/element - {"using":"xpath","value":"//span[contains(text(), \"Cost Center\")]"}
COMMAND: GET /session/5635ff3a58dcb7e64f288300af2e9ad3/screenshot - {}
RESULT: {"using":"xpath","value":"//span[contains(text(), \"Cost Center\")]"}
COMMAND: POST /session/5635ff3a58dcb7e64f288300af2e9ad3/element/f.ED9453BD34BB61637EDB63CE7F048255.d.49464C07EB64A2B40CCF60B45506409F.e.9494/click - {}
RESULT: {}
RESULT: {}
COMMAND: GET /session/5635ff3a58dcb7e64f288300af2e9ad3/screenshot - {}
RESULT: {}
COMMAND: POST /session/5635ff3a58dcb7e64f288300af2e9ad3/element - {"using":"xpath","value":"//span[@id=\"application-manageyards-display-component---NewYard--addressNewCostObjectCstID-vhi\"]"}
RESULT: {"using":"xpath","value":"//span[@id=\"application-manageyards-display-component---NewYard--addressNewCostObjectCstID-vhi\"]"}
COMMAND: POST /session/5635ff3a58dcb7e64f288300af2e9ad3/execute/sync - {"script":"<script> [8489 bytes]","args":[{"element-6066-11e4-a52e-4f735466cecf":"f.ED9453BD34BB61637EDB63CE7F048255.d.49464C07EB64A2B40CCF60B45506409F.e.9498","ELEMENT":"f.ED9453BD34BB61637EDB63CE7F048255.d.49464C07EB64A2B40CCF60B45506409F.e.9498"}]}
RESULT: {"script":"<script> [8489 bytes]","args":[{"element-6066-11e4-a52e-4f735466cecf":"f.ED9453BD34BB61637EDB63CE7F048255.d.49464C07EB64A2B40CCF60B45506409F.e.9498","ELEMENT":"f.ED9453BD34BB61637EDB63CE7F048255.d.49464C07EB64A2B40CCF60B45506409F.e.9498"}]}
COMMAND: POST /session/5635ff3a58dcb7e64f288300af2e9ad3/execute/async - {"script":"<script> [1562 bytes]","args":[{"selector":{"id":"application-manageyards-display-component---NewYard--addressNewCostObjectCstID-vhi"},"wdio_ui5_key":"applicationmanageyards-display-component---NewYard--addressNewCostObjectCstID-vhi"}]}
COMMAND: GET /session/5635ff3a58dcb7e64f288300af2e9ad3/screenshot - {}
RESULT: {"script":"<script> [1562 bytes]","args":[{"selector":{"id":"application-manageyards-display-component---NewYard--addressNewCostObjectCstID-vhi"},"wdio_ui5_key":"applicationmanageyards-display-component---NewYard--addressNewCostObjectCstID-vhi"}]}
RESULT: undefined
COMMAND: POST /session/5635ff3a58dcb7e64f288300af2e9ad3/element - {"using":"xpath","value":"//*[@id=\"application-manageyards-display-component---NewYard--addressNewCostObjectCstID-vhi\"]"}
RESULT: {}
RESULT: {"using":"xpath","value":"//*[@id=\"application-manageyards-display-component---NewYard--addressNewCostObjectCstID-vhi\"]"}
COMMAND: POST /session/5635ff3a58dcb7e64f288300af2e9ad3/element/f.ED9453BD34BB61637EDB63CE7F048255.d.49464C07EB64A2B40CCF60B45506409F.e.9498/click - {}
RESULT: {}
COMMAND: GET /session/5635ff3a58dcb7e64f288300af2e9ad3/screenshot - {}
RESULT: {}
COMMAND: POST /session/5635ff3a58dcb7e64f288300af2e9ad3/execute/async - {"script":"<script> [1562 bytes]","args":[{"selector":{"controlType":"sap.m.SearchField","properties":{"placeholder":"Search"},"searchOpenDialogs":true,"interaction":{"idSuffix":"I"}},"wdio_ui5_key":"sapm.SearchField{\"placeholder\":\"Search\"}"}]}
RESULT: {"script":"<script> [1562 bytes]","args":[{"selector":{"controlType":"sap.m.SearchField","properties":{"placeholder":"Search"},"searchOpenDialogs":true,"interaction":{"idSuffix":"I"}},"wdio_ui5_key":"sapm.SearchField{\"placeholder\":\"Search\"}"}]}
RESULT: undefined
COMMAND: POST /session/5635ff3a58dcb7e64f288300af2e9ad3/execute/async - {"script":"<script> [776 bytes]","args":[{"enterText":"bauh_b","selector":{"controlType":"sap.m.SearchField","properties":{"placeholder":"Search"},"searchOpenDialogs":true,"interaction":{"idSuffix":"I"}},"clearTextFirst":true,"interactionType":"ENTER_TEXT"}]}
RESULT: {"script":"<script> [776 bytes]","args":[{"enterText":"bauh_b","selector":{"controlType":"sap.m.SearchField","properties":{"placeholder":"Search"},"searchOpenDialogs":true,"interaction":{"idSuffix":"I"}},"clearTextFirst":true,"interactionType":"ENTER_TEXT"}]}
COMMAND: POST /session/5635ff3a58dcb7e64f288300af2e9ad3/actions - {"actions":[{"id":"action24","type":"key","parameters":{},"actions":[{"type":"keyDown","value":""},{"type":"pause","duration":10},{"type":"keyUp","value":""}]}]}
RESULT: {"actions":[{"id":"action24","type":"key","parameters":{},"actions":[{"type":"keyDown","value":""},{"type":"pause","duration":10},{"type":"keyUp","value":""}]}]}
COMMAND: GET /session/5635ff3a58dcb7e64f288300af2e9ad3/screenshot - {}
RESULT: {}
COMMAND: POST /session/5635ff3a58dcb7e64f288300af2e9ad3/element - {"using":"xpath","value":"//span[contains(text(), \"Demo Yard\")]"}
RESULT: {"using":"xpath","value":"//span[contains(text(), \"Demo Yard\")]"}
COMMAND: POST /session/5635ff3a58dcb7e64f288300af2e9ad3/element/f.ED9453BD34BB61637EDB63CE7F048255.d.49464C07EB64A2B40CCF60B45506409F.e.9539/click - {}
RESULT: {}
COMMAND: GET /session/5635ff3a58dcb7e64f288300af2e9ad3/screenshot - {}
RESULT: {}
COMMAND: POST /session/5635ff3a58dcb7e64f288300af2e9ad3/element - {"using":"xpath","value":"//bdi[contains(text(), \"OK\")]"}
RESULT: {"using":"xpath","value":"//bdi[contains(text(), \"OK\")]"}
COMMAND: POST /session/5635ff3a58dcb7e64f288300af2e9ad3/element/f.ED9453BD34BB61637EDB63CE7F048255.d.49464C07EB64A2B40CCF60B45506409F.e.9540/click - {}
RESULT: {}
COMMAND: GET /session/5635ff3a58dcb7e64f288300af2e9ad3/screenshot - {}
RESULT: {}
COMMAND: POST /session/5635ff3a58dcb7e64f288300af2e9ad3/execute/async - {"script":"<script> [1562 bytes]","args":[{"selector":{"id":"application-manageyards-display-component---NewYard--addressEditDetailsCurrency-arrow"},"wdio_ui5_key":"applicationmanageyards-display-component---NewYard--addressEditDetailsCurrency-arrow"}]}
RESULT: {"script":"<script> [1562 bytes]","args":[{"selector":{"id":"application-manageyards-display-component---NewYard--addressEditDetailsCurrency-arrow"},"wdio_ui5_key":"applicationmanageyards-display-component---NewYard--addressEditDetailsCurrency-arrow"}]}
RESULT: undefined
COMMAND: POST /session/5635ff3a58dcb7e64f288300af2e9ad3/element - {"using":"xpath","value":"//*[@id=\"application-manageyards-display-component---NewYard--addressEditDetailsCurrency-arrow\"]"}
RESULT: {"using":"xpath","value":"//*[@id=\"application-manageyards-display-component---NewYard--addressEditDetailsCurrency-arrow\"]"}
COMMAND: POST /session/5635ff3a58dcb7e64f288300af2e9ad3/element/f.ED9453BD34BB61637EDB63CE7F048255.d.49464C07EB64A2B40CCF60B45506409F.e.9543/click - {}
RESULT: {}
COMMAND: POST /session/5635ff3a58dcb7e64f288300af2e9ad3/element - {"using":"xpath","value":"//span[contains(text(), \"Euro\")]"}
COMMAND: GET /session/5635ff3a58dcb7e64f288300af2e9ad3/screenshot - {}
RESULT: {"using":"xpath","value":"//span[contains(text(), \"Euro\")]"}
COMMAND: POST /session/5635ff3a58dcb7e64f288300af2e9ad3/element/f.ED9453BD34BB61637EDB63CE7F048255.d.49464C07EB64A2B40CCF60B45506409F.e.9544/click - {}
RESULT: {}
RESULT: {}
COMMAND: POST /session/5635ff3a58dcb7e64f288300af2e9ad3/execute/async - {"script":"<script> [1562 bytes]","args":[{"selector":{"controlType":"sap.m.Input","viewName":"etm.portal.ui.manageyards.view.New","viewId":"application-manageyards-display-component---NewYard","bindingPath":{"path":"","propertyPath":"/CONTROLLING_AREA","modelName":"NewYardModel"},"interaction":{"idSuffix":"inner"}},"wdio_ui5_key":"etmportal.ui.manageyards.view.Newsap.m.Input{\"path\":\"\",\"propertyPath\":\"/CONTROLLING_AREA\",\"modelName\":\"NewYardModel\"}"}]}
COMMAND: GET /session/5635ff3a58dcb7e64f288300af2e9ad3/screenshot - {}
RESULT: {"script":"<script> [1562 bytes]","args":[{"selector":{"controlType":"sap.m.Input","viewName":"etm.portal.ui.manageyards.view.New","viewId":"application-manageyards-display-component---NewYard","bindingPath":{"path":"","propertyPath":"/CONTROLLING_AREA","modelName":"NewYardModel"},"interaction":{"idSuffix":"inner"}},"wdio_ui5_key":"etmportal.ui.manageyards.view.Newsap.m.Input{\"path\":\"\",\"propertyPath\":\"/CONTROLLING_AREA\",\"modelName\":\"NewYardModel\"}"}]}
RESULT: undefined
COMMAND: POST /session/5635ff3a58dcb7e64f288300af2e9ad3/execute/async - {"script":"<script> [776 bytes]","args":[{"enterText":"Z001","selector":{"controlType":"sap.m.Input","viewName":"etm.portal.ui.manageyards.view.New","viewId":"application-manageyards-display-component---NewYard","bindingPath":{"path":"","propertyPath":"/CONTROLLING_AREA","modelName":"NewYardModel"},"interaction":{"idSuffix":"inner"}},"clearTextFirst":true,"interactionType":"ENTER_TEXT"}]}
RESULT: {}
RESULT: {"script":"<script> [776 bytes]","args":[{"enterText":"Z001","selector":{"controlType":"sap.m.Input","viewName":"etm.portal.ui.manageyards.view.New","viewId":"application-manageyards-display-component---NewYard","bindingPath":{"path":"","propertyPath":"/CONTROLLING_AREA","modelName":"NewYardModel"},"interaction":{"idSuffix":"inner"}},"clearTextFirst":true,"interactionType":"ENTER_TEXT"}]}
COMMAND: POST /session/5635ff3a58dcb7e64f288300af2e9ad3/execute/async - {"script":"<script> [1562 bytes]","args":[{"selector":{"id":"application-manageyards-display-component---NewYard--companyCodeComboBox","interaction":{"idSuffix":"inner"}},"wdio_ui5_key":"applicationmanageyards-display-component---NewYard--companyCodeComboBox"}]}
RESULT: {"script":"<script> [1562 bytes]","args":[{"selector":{"id":"application-manageyards-display-component---NewYard--companyCodeComboBox","interaction":{"idSuffix":"inner"}},"wdio_ui5_key":"applicationmanageyards-display-component---NewYard--companyCodeComboBox"}]}
RESULT: undefined
COMMAND: POST /session/5635ff3a58dcb7e64f288300af2e9ad3/execute/async - {"script":"<script> [776 bytes]","args":[{"enterText":"1000","selector":{"id":"application-manageyards-display-component---NewYard--companyCodeComboBox","interaction":{"idSuffix":"inner"}},"clearTextFirst":true,"interactionType":"ENTER_TEXT"}]}
RESULT: {"script":"<script> [776 bytes]","args":[{"enterText":"1000","selector":{"id":"application-manageyards-display-component---NewYard--companyCodeComboBox","interaction":{"idSuffix":"inner"}},"clearTextFirst":true,"interactionType":"ENTER_TEXT"}]}
COMMAND: POST /session/5635ff3a58dcb7e64f288300af2e9ad3/execute/async - {"script":"<script> [1562 bytes]","args":[{"selector":{"controlType":"sap.m.Input","viewName":"etm.portal.ui.manageyards.view.New","viewId":"application-manageyards-display-component---NewYard","bindingPath":{"path":"","propertyPath":"/PLANT","modelName":"NewYardModel"},"interaction":{"idSuffix":"inner"}},"wdio_ui5_key":"etmportal.ui.manageyards.view.Newsap.m.Input{\"path\":\"\",\"propertyPath\":\"/PLANT\",\"modelName\":\"NewYardModel\"}"}]}
RESULT: {"script":"<script> [1562 bytes]","args":[{"selector":{"controlType":"sap.m.Input","viewName":"etm.portal.ui.manageyards.view.New","viewId":"application-manageyards-display-component---NewYard","bindingPath":{"path":"","propertyPath":"/PLANT","modelName":"NewYardModel"},"interaction":{"idSuffix":"inner"}},"wdio_ui5_key":"etmportal.ui.manageyards.view.Newsap.m.Input{\"path\":\"\",\"propertyPath\":\"/PLANT\",\"modelName\":\"NewYardModel\"}"}]}
RESULT: undefined
COMMAND: POST /session/5635ff3a58dcb7e64f288300af2e9ad3/execute/async - {"script":"<script> [776 bytes]","args":[{"enterText":"1001","selector":{"controlType":"sap.m.Input","viewName":"etm.portal.ui.manageyards.view.New","viewId":"application-manageyards-display-component---NewYard","bindingPath":{"path":"","propertyPath":"/PLANT","modelName":"NewYardModel"},"interaction":{"idSuffix":"inner"}},"clearTextFirst":true,"interactionType":"ENTER_TEXT"}]}
RESULT: {"script":"<script> [776 bytes]","args":[{"enterText":"1001","selector":{"controlType":"sap.m.Input","viewName":"etm.portal.ui.manageyards.view.New","viewId":"application-manageyards-display-component---NewYard","bindingPath":{"path":"","propertyPath":"/PLANT","modelName":"NewYardModel"},"interaction":{"idSuffix":"inner"}},"clearTextFirst":true,"interactionType":"ENTER_TEXT"}]}
COMMAND: POST /session/5635ff3a58dcb7e64f288300af2e9ad3/execute/async - {"script":"<script> [1562 bytes]","args":[{"selector":{"controlType":"sap.m.Input","viewName":"etm.portal.ui.manageyards.view.New","viewId":"application-manageyards-display-component---NewYard","bindingPath":{"path":"","propertyPath":"/SALES_AREA_VKORG","modelName":"NewYardModel"},"interaction":{"idSuffix":"inner"}},"wdio_ui5_key":"etmportal.ui.manageyards.view.Newsap.m.Input{\"path\":\"\",\"propertyPath\":\"/SALES_AREA_VKORG\",\"modelName\":\"NewYardModel\"}"}]}
RESULT: {"script":"<script> [1562 bytes]","args":[{"selector":{"controlType":"sap.m.Input","viewName":"etm.portal.ui.manageyards.view.New","viewId":"application-manageyards-display-component---NewYard","bindingPath":{"path":"","propertyPath":"/SALES_AREA_VKORG","modelName":"NewYardModel"},"interaction":{"idSuffix":"inner"}},"wdio_ui5_key":"etmportal.ui.manageyards.view.Newsap.m.Input{\"path\":\"\",\"propertyPath\":\"/SALES_AREA_VKORG\",\"modelName\":\"NewYardModel\"}"}]}
RESULT: undefined
COMMAND: POST /session/5635ff3a58dcb7e64f288300af2e9ad3/execute/async - {"script":"<script> [776 bytes]","args":[{"enterText":"C002","selector":{"controlType":"sap.m.Input","viewName":"etm.portal.ui.manageyards.view.New","viewId":"application-manageyards-display-component---NewYard","bindingPath":{"path":"","propertyPath":"/SALES_AREA_VKORG","modelName":"NewYardModel"},"interaction":{"idSuffix":"inner"}},"clearTextFirst":true,"interactionType":"ENTER_TEXT"}]}
RESULT: {"script":"<script> [776 bytes]","args":[{"enterText":"C002","selector":{"controlType":"sap.m.Input","viewName":"etm.portal.ui.manageyards.view.New","viewId":"application-manageyards-display-component---NewYard","bindingPath":{"path":"","propertyPath":"/SALES_AREA_VKORG","modelName":"NewYardModel"},"interaction":{"idSuffix":"inner"}},"clearTextFirst":true,"interactionType":"ENTER_TEXT"}]}
COMMAND: POST /session/5635ff3a58dcb7e64f288300af2e9ad3/execute/async - {"script":"<script> [1562 bytes]","args":[{"selector":{"controlType":"sap.m.Input","viewName":"etm.portal.ui.manageyards.view.New","viewId":"application-manageyards-display-component---NewYard","bindingPath":{"path":"","propertyPath":"/SALES_AREA_VTWEG","modelName":"NewYardModel"},"interaction":{"idSuffix":"inner"}},"wdio_ui5_key":"etmportal.ui.manageyards.view.Newsap.m.Input{\"path\":\"\",\"propertyPath\":\"/SALES_AREA_VTWEG\",\"modelName\":\"NewYardModel\"}"}]}
RESULT: {"script":"<script> [1562 bytes]","args":[{"selector":{"controlType":"sap.m.Input","viewName":"etm.portal.ui.manageyards.view.New","viewId":"application-manageyards-display-component---NewYard","bindingPath":{"path":"","propertyPath":"/SALES_AREA_VTWEG","modelName":"NewYardModel"},"interaction":{"idSuffix":"inner"}},"wdio_ui5_key":"etmportal.ui.manageyards.view.Newsap.m.Input{\"path\":\"\",\"propertyPath\":\"/SALES_AREA_VTWEG\",\"modelName\":\"NewYardModel\"}"}]}
RESULT: undefined
COMMAND: POST /session/5635ff3a58dcb7e64f288300af2e9ad3/execute/async - {"script":"<script> [776 bytes]","args":[{"enterText":"C2","selector":{"controlType":"sap.m.Input","viewName":"etm.portal.ui.manageyards.view.New","viewId":"application-manageyards-display-component---NewYard","bindingPath":{"path":"","propertyPath":"/SALES_AREA_VTWEG","modelName":"NewYardModel"},"interaction":{"idSuffix":"inner"}},"clearTextFirst":true,"interactionType":"ENTER_TEXT"}]}
RESULT: {"script":"<script> [776 bytes]","args":[{"enterText":"C2","selector":{"controlType":"sap.m.Input","viewName":"etm.portal.ui.manageyards.view.New","viewId":"application-manageyards-display-component---NewYard","bindingPath":{"path":"","propertyPath":"/SALES_AREA_VTWEG","modelName":"NewYardModel"},"interaction":{"idSuffix":"inner"}},"clearTextFirst":true,"interactionType":"ENTER_TEXT"}]}
COMMAND: POST /session/5635ff3a58dcb7e64f288300af2e9ad3/execute/async - {"script":"<script> [1562 bytes]","args":[{"selector":{"controlType":"sap.m.Input","viewName":"etm.portal.ui.manageyards.view.New","viewId":"application-manageyards-display-component---NewYard","bindingPath":{"path":"","propertyPath":"/SALES_AREA_SPART","modelName":"NewYardModel"},"interaction":{"idSuffix":"inner"}},"wdio_ui5_key":"etmportal.ui.manageyards.view.Newsap.m.Input{\"path\":\"\",\"propertyPath\":\"/SALES_AREA_SPART\",\"modelName\":\"NewYardModel\"}"}]}
RESULT: {"script":"<script> [1562 bytes]","args":[{"selector":{"controlType":"sap.m.Input","viewName":"etm.portal.ui.manageyards.view.New","viewId":"application-manageyards-display-component---NewYard","bindingPath":{"path":"","propertyPath":"/SALES_AREA_SPART","modelName":"NewYardModel"},"interaction":{"idSuffix":"inner"}},"wdio_ui5_key":"etmportal.ui.manageyards.view.Newsap.m.Input{\"path\":\"\",\"propertyPath\":\"/SALES_AREA_SPART\",\"modelName\":\"NewYardModel\"}"}]}
RESULT: undefined
COMMAND: POST /session/5635ff3a58dcb7e64f288300af2e9ad3/execute/async - {"script":"<script> [776 bytes]","args":[{"enterText":"C2","selector":{"controlType":"sap.m.Input","viewName":"etm.portal.ui.manageyards.view.New","viewId":"application-manageyards-display-component---NewYard","bindingPath":{"path":"","propertyPath":"/SALES_AREA_SPART","modelName":"NewYardModel"},"interaction":{"idSuffix":"inner"}},"clearTextFirst":true,"interactionType":"ENTER_TEXT"}]}
RESULT: {"script":"<script> [776 bytes]","args":[{"enterText":"C2","selector":{"controlType":"sap.m.Input","viewName":"etm.portal.ui.manageyards.view.New","viewId":"application-manageyards-display-component---NewYard","bindingPath":{"path":"","propertyPath":"/SALES_AREA_SPART","modelName":"NewYardModel"},"interaction":{"idSuffix":"inner"}},"clearTextFirst":true,"interactionType":"ENTER_TEXT"}]}
COMMAND: POST /session/5635ff3a58dcb7e64f288300af2e9ad3/execute/async - {"script":"<script> [1562 bytes]","args":[{"selector":{"controlType":"sap.m.Input","viewName":"etm.portal.ui.manageyards.view.New","viewId":"application-manageyards-display-component---NewYard","bindingPath":{"path":"","propertyPath":"/SHIP_POINT","modelName":"NewYardModel"},"interaction":{"idSuffix":"inner"}},"wdio_ui5_key":"etmportal.ui.manageyards.view.Newsap.m.Input{\"path\":\"\",\"propertyPath\":\"/SHIP_POINT\",\"modelName\":\"NewYardModel\"}"}]}
RESULT: {"script":"<script> [1562 bytes]","args":[{"selector":{"controlType":"sap.m.Input","viewName":"etm.portal.ui.manageyards.view.New","viewId":"application-manageyards-display-component---NewYard","bindingPath":{"path":"","propertyPath":"/SHIP_POINT","modelName":"NewYardModel"},"interaction":{"idSuffix":"inner"}},"wdio_ui5_key":"etmportal.ui.manageyards.view.Newsap.m.Input{\"path\":\"\",\"propertyPath\":\"/SHIP_POINT\",\"modelName\":\"NewYardModel\"}"}]}
RESULT: undefined
COMMAND: POST /session/5635ff3a58dcb7e64f288300af2e9ad3/execute/async - {"script":"<script> [776 bytes]","args":[{"enterText":"1710","selector":{"controlType":"sap.m.Input","viewName":"etm.portal.ui.manageyards.view.New","viewId":"application-manageyards-display-component---NewYard","bindingPath":{"path":"","propertyPath":"/SHIP_POINT","modelName":"NewYardModel"},"interaction":{"idSuffix":"inner"}},"clearTextFirst":true,"interactionType":"ENTER_TEXT"}]}
RESULT: {"script":"<script> [776 bytes]","args":[{"enterText":"1710","selector":{"controlType":"sap.m.Input","viewName":"etm.portal.ui.manageyards.view.New","viewId":"application-manageyards-display-component---NewYard","bindingPath":{"path":"","propertyPath":"/SHIP_POINT","modelName":"NewYardModel"},"interaction":{"idSuffix":"inner"}},"clearTextFirst":true,"interactionType":"ENTER_TEXT"}]}
COMMAND: POST /session/5635ff3a58dcb7e64f288300af2e9ad3/execute/async - {"script":"<script> [1562 bytes]","args":[{"selector":{"controlType":"sap.m.Input","viewName":"etm.portal.ui.manageyards.view.New","viewId":"application-manageyards-display-component---NewYard","bindingPath":{"path":"","propertyPath":"/DELIVERY_TYPE","modelName":"NewYardModel"},"interaction":{"idSuffix":"inner"}},"wdio_ui5_key":"etmportal.ui.manageyards.view.Newsap.m.Input{\"path\":\"\",\"propertyPath\":\"/DELIVERY_TYPE\",\"modelName\":\"NewYardModel\"}"}]}
RESULT: {"script":"<script> [1562 bytes]","args":[{"selector":{"controlType":"sap.m.Input","viewName":"etm.portal.ui.manageyards.view.New","viewId":"application-manageyards-display-component---NewYard","bindingPath":{"path":"","propertyPath":"/DELIVERY_TYPE","modelName":"NewYardModel"},"interaction":{"idSuffix":"inner"}},"wdio_ui5_key":"etmportal.ui.manageyards.view.Newsap.m.Input{\"path\":\"\",\"propertyPath\":\"/DELIVERY_TYPE\",\"modelName\":\"NewYardModel\"}"}]}
RESULT: undefined
COMMAND: POST /session/5635ff3a58dcb7e64f288300af2e9ad3/execute/async - {"script":"<script> [776 bytes]","args":[{"enterText":"ZL01","selector":{"controlType":"sap.m.Input","viewName":"etm.portal.ui.manageyards.view.New","viewId":"application-manageyards-display-component---NewYard","bindingPath":{"path":"","propertyPath":"/DELIVERY_TYPE","modelName":"NewYardModel"},"interaction":{"idSuffix":"inner"}},"clearTextFirst":true,"interactionType":"ENTER_TEXT"}]}
RESULT: {"script":"<script> [776 bytes]","args":[{"enterText":"ZL01","selector":{"controlType":"sap.m.Input","viewName":"etm.portal.ui.manageyards.view.New","viewId":"application-manageyards-display-component---NewYard","bindingPath":{"path":"","propertyPath":"/DELIVERY_TYPE","modelName":"NewYardModel"},"interaction":{"idSuffix":"inner"}},"clearTextFirst":true,"interactionType":"ENTER_TEXT"}]}
COMMAND: POST /session/5635ff3a58dcb7e64f288300af2e9ad3/execute/async - {"script":"<script> [1562 bytes]","args":[{"selector":{"controlType":"sap.m.Input","viewName":"etm.portal.ui.manageyards.view.New","viewId":"application-manageyards-display-component---NewYard","bindingPath":{"path":"","propertyPath":"/AUART","modelName":"NewYardModel"},"interaction":{"idSuffix":"inner"}},"wdio_ui5_key":"etmportal.ui.manageyards.view.Newsap.m.Input{\"path\":\"\",\"propertyPath\":\"/AUART\",\"modelName\":\"NewYardModel\"}"}]}
RESULT: {"script":"<script> [1562 bytes]","args":[{"selector":{"controlType":"sap.m.Input","viewName":"etm.portal.ui.manageyards.view.New","viewId":"application-manageyards-display-component---NewYard","bindingPath":{"path":"","propertyPath":"/AUART","modelName":"NewYardModel"},"interaction":{"idSuffix":"inner"}},"wdio_ui5_key":"etmportal.ui.manageyards.view.Newsap.m.Input{\"path\":\"\",\"propertyPath\":\"/AUART\",\"modelName\":\"NewYardModel\"}"}]}
RESULT: undefined
COMMAND: POST /session/5635ff3a58dcb7e64f288300af2e9ad3/execute/async - {"script":"<script> [776 bytes]","args":[{"enterText":"TA","selector":{"controlType":"sap.m.Input","viewName":"etm.portal.ui.manageyards.view.New","viewId":"application-manageyards-display-component---NewYard","bindingPath":{"path":"","propertyPath":"/AUART","modelName":"NewYardModel"},"interaction":{"idSuffix":"inner"}},"clearTextFirst":true,"interactionType":"ENTER_TEXT"}]}
RESULT: {"script":"<script> [776 bytes]","args":[{"enterText":"TA","selector":{"controlType":"sap.m.Input","viewName":"etm.portal.ui.manageyards.view.New","viewId":"application-manageyards-display-component---NewYard","bindingPath":{"path":"","propertyPath":"/AUART","modelName":"NewYardModel"},"interaction":{"idSuffix":"inner"}},"clearTextFirst":true,"interactionType":"ENTER_TEXT"}]}
COMMAND: POST /session/5635ff3a58dcb7e64f288300af2e9ad3/element - {"using":"xpath","value":"//button[@data-kt=\"newYardSaveButton\"]"}
RESULT: {"using":"xpath","value":"//button[@data-kt=\"newYardSaveButton\"]"}
COMMAND: POST /session/5635ff3a58dcb7e64f288300af2e9ad3/element/f.ED9453BD34BB61637EDB63CE7F048255.d.49464C07EB64A2B40CCF60B45506409F.e.9454/click - {}
RESULT: {}
COMMAND: GET /session/5635ff3a58dcb7e64f288300af2e9ad3/screenshot - {}
RESULT: {}
COMMAND: POST /session/5635ff3a58dcb7e64f288300af2e9ad3/element - {"using":"xpath","value":"//header[contains(@id, 'ObjectPageLayout-headerTitle')]/div[1]/div[2]/div[1]/span[1]"}
RESULT: {"using":"xpath","value":"//header[contains(@id, 'ObjectPageLayout-headerTitle')]/div[1]/div[2]/div[1]/span[1]"}
COMMAND: POST /session/5635ff3a58dcb7e64f288300af2e9ad3/elements - {"using":"xpath","value":"//header[contains(@id, 'ObjectPageLayout-headerTitle')]/div[1]/div[2]/div[1]/span[1]"}
RESULT: {"using":"xpath","value":"//header[contains(@id, 'ObjectPageLayout-headerTitle')]/div[1]/div[2]/div[1]/span[1]"}
COMMAND: POST /session/5635ff3a58dcb7e64f288300af2e9ad3/execute/sync - {"script":"<script> [56 bytes]","args":[{"element-6066-11e4-a52e-4f735466cecf":"f.ED9453BD34BB61637EDB63CE7F048255.d.49464C07EB64A2B40CCF60B45506409F.e.9763","ELEMENT":"f.ED9453BD34BB61637EDB63CE7F048255.d.49464C07EB64A2B40CCF60B45506409F.e.9763"}]}
RESULT: {"script":"<script> [56 bytes]","args":[{"element-6066-11e4-a52e-4f735466cecf":"f.ED9453BD34BB61637EDB63CE7F048255.d.49464C07EB64A2B40CCF60B45506409F.e.9763","ELEMENT":"f.ED9453BD34BB61637EDB63CE7F048255.d.49464C07EB64A2B40CCF60B45506409F.e.9763"}]}
COMMAND: GET /session/5635ff3a58dcb7e64f288300af2e9ad3/screenshot - {}
RESULT: {}
COMMAND: POST /session/5635ff3a58dcb7e64f288300af2e9ad3/element - {"using":"css selector","value":"#shell-header-logo"}
RESULT: {"using":"css selector","value":"#shell-header-logo"}
COMMAND: POST /session/5635ff3a58dcb7e64f288300af2e9ad3/element/f.ED9453BD34BB61637EDB63CE7F048255.d.49464C07EB64A2B40CCF60B45506409F.e.9023/click - {}
RESULT: {}
COMMAND: GET /session/5635ff3a58dcb7e64f288300af2e9ad3/screenshot - {}
RESULT: {}
COMMAND: POST /session/5635ff3a58dcb7e64f288300af2e9ad3/execute/sync - {"script":"<script> [299 bytes]","args":[["getModel","getResource"]]}
RESULT: {"script":"<script> [299 bytes]","args":[["getModel","getResource"]]}
]]></system-out>
    </testcase>
    <testcase classname="chrome.136_0_7103_93.windows.Billing_Transfer_-_Intracompany_US127249" name="Should create a new partner" time="139.325">
      <system-out><![CDATA[
COMMAND: GET /session/5635ff3a58dcb7e64f288300af2e9ad3/screenshot - {}
COMMAND: POST /session/5635ff3a58dcb7e64f288300af2e9ad3/window/fullscreen - {}
RESULT: {}
RESULT: {}
COMMAND: POST /session/5635ff3a58dcb7e64f288300af2e9ad3/execute/async - {"script":"<script> [1562 bytes]","args":[{"selector":{"controlType":"sap.m.GenericTile","properties":{"header":"Manage Partners"}},"wdio_ui5_key":"sapm.GenericTile{\"header\":\"Manage Partners\"}"}]}
RESULT: {"script":"<script> [1562 bytes]","args":[{"selector":{"controlType":"sap.m.GenericTile","properties":{"header":"Manage Partners"}},"wdio_ui5_key":"sapm.GenericTile{\"header\":\"Manage Partners\"}"}]}
RESULT: undefined
COMMAND: POST /session/5635ff3a58dcb7e64f288300af2e9ad3/element - {"using":"xpath","value":"//*[@id=\"__tile38\"]"}
RESULT: {"using":"xpath","value":"//*[@id=\"__tile38\"]"}
COMMAND: POST /session/5635ff3a58dcb7e64f288300af2e9ad3/element/f.ED9453BD34BB61637EDB63CE7F048255.d.49464C07EB64A2B40CCF60B45506409F.e.8911/click - {}
RESULT: {}
COMMAND: GET /session/5635ff3a58dcb7e64f288300af2e9ad3/screenshot - {}
RESULT: {}
COMMAND: POST /session/5635ff3a58dcb7e64f288300af2e9ad3/elements - {"using":"xpath","value":"//span[text()='Error']"}
RESULT: {"using":"xpath","value":"//span[text()='Error']"}
COMMAND: POST /session/5635ff3a58dcb7e64f288300af2e9ad3/element - {"using":"xpath","value":"//button[@data-kt=\"addButton\"]"}
RESULT: {"using":"xpath","value":"//button[@data-kt=\"addButton\"]"}
COMMAND: POST /session/5635ff3a58dcb7e64f288300af2e9ad3/elements - {"using":"xpath","value":"//button[@data-kt=\"addButton\"]"}
RESULT: {"using":"xpath","value":"//button[@data-kt=\"addButton\"]"}
COMMAND: POST /session/5635ff3a58dcb7e64f288300af2e9ad3/execute/sync - {"script":"<script> [8489 bytes]","args":[{"element-6066-11e4-a52e-4f735466cecf":"f.ED9453BD34BB61637EDB63CE7F048255.d.49464C07EB64A2B40CCF60B45506409F.e.9812","ELEMENT":"f.ED9453BD34BB61637EDB63CE7F048255.d.49464C07EB64A2B40CCF60B45506409F.e.9812"}]}
RESULT: {"script":"<script> [8489 bytes]","args":[{"element-6066-11e4-a52e-4f735466cecf":"f.ED9453BD34BB61637EDB63CE7F048255.d.49464C07EB64A2B40CCF60B45506409F.e.9812","ELEMENT":"f.ED9453BD34BB61637EDB63CE7F048255.d.49464C07EB64A2B40CCF60B45506409F.e.9812"}]}
COMMAND: GET /session/5635ff3a58dcb7e64f288300af2e9ad3/element/f.ED9453BD34BB61637EDB63CE7F048255.d.49464C07EB64A2B40CCF60B45506409F.e.9812/enabled - {}
COMMAND: GET /session/5635ff3a58dcb7e64f288300af2e9ad3/screenshot - {}
RESULT: {}
COMMAND: POST /session/5635ff3a58dcb7e64f288300af2e9ad3/execute/sync - {"script":"<script> [8489 bytes]","args":[{"element-6066-11e4-a52e-4f735466cecf":"f.ED9453BD34BB61637EDB63CE7F048255.d.49464C07EB64A2B40CCF60B45506409F.e.9812","ELEMENT":"f.ED9453BD34BB61637EDB63CE7F048255.d.49464C07EB64A2B40CCF60B45506409F.e.9812"}]}
COMMAND: GET /session/5635ff3a58dcb7e64f288300af2e9ad3/screenshot - {}
RESULT: {}
RESULT: {}
RESULT: {"script":"<script> [8489 bytes]","args":[{"element-6066-11e4-a52e-4f735466cecf":"f.ED9453BD34BB61637EDB63CE7F048255.d.49464C07EB64A2B40CCF60B45506409F.e.9812","ELEMENT":"f.ED9453BD34BB61637EDB63CE7F048255.d.49464C07EB64A2B40CCF60B45506409F.e.9812"}]}
COMMAND: POST /session/5635ff3a58dcb7e64f288300af2e9ad3/execute/sync - {"script":"<script> [5351 bytes]","args":[{"element-6066-11e4-a52e-4f735466cecf":"f.ED9453BD34BB61637EDB63CE7F048255.d.49464C07EB64A2B40CCF60B45506409F.e.9812","ELEMENT":"f.ED9453BD34BB61637EDB63CE7F048255.d.49464C07EB64A2B40CCF60B45506409F.e.9812"}]}
COMMAND: GET /session/5635ff3a58dcb7e64f288300af2e9ad3/screenshot - {}
RESULT: {"script":"<script> [5351 bytes]","args":[{"element-6066-11e4-a52e-4f735466cecf":"f.ED9453BD34BB61637EDB63CE7F048255.d.49464C07EB64A2B40CCF60B45506409F.e.9812","ELEMENT":"f.ED9453BD34BB61637EDB63CE7F048255.d.49464C07EB64A2B40CCF60B45506409F.e.9812"}]}
COMMAND: POST /session/5635ff3a58dcb7e64f288300af2e9ad3/element/f.ED9453BD34BB61637EDB63CE7F048255.d.49464C07EB64A2B40CCF60B45506409F.e.9812/click - {}
COMMAND: GET /session/5635ff3a58dcb7e64f288300af2e9ad3/screenshot - {}
RESULT: {}
RESULT: {}
COMMAND: GET /session/5635ff3a58dcb7e64f288300af2e9ad3/screenshot - {}
RESULT: {}
COMMAND: POST /session/5635ff3a58dcb7e64f288300af2e9ad3/execute/async - {"script":"<script> [1562 bytes]","args":[{"selector":{"id":"application-managepartners-display-component---NewPartner--addressDetailDetailsName1","interaction":{"idSuffix":"inner"}},"wdio_ui5_key":"applicationmanagepartners-display-component---NewPartner--addressDetailDetailsName1"}]}
RESULT: {}
RESULT: {"script":"<script> [1562 bytes]","args":[{"selector":{"id":"application-managepartners-display-component---NewPartner--addressDetailDetailsName1","interaction":{"idSuffix":"inner"}},"wdio_ui5_key":"applicationmanagepartners-display-component---NewPartner--addressDetailDetailsName1"}]}
RESULT: undefined
COMMAND: POST /session/5635ff3a58dcb7e64f288300af2e9ad3/execute/async - {"script":"<script> [776 bytes]","args":[{"enterText":"Intracompany Partner WDIO","selector":{"id":"application-managepartners-display-component---NewPartner--addressDetailDetailsName1","interaction":{"idSuffix":"inner"}},"clearTextFirst":true,"interactionType":"ENTER_TEXT"}]}
RESULT: {"script":"<script> [776 bytes]","args":[{"enterText":"Intracompany Partner WDIO","selector":{"id":"application-managepartners-display-component---NewPartner--addressDetailDetailsName1","interaction":{"idSuffix":"inner"}},"clearTextFirst":true,"interactionType":"ENTER_TEXT"}]}
COMMAND: POST /session/5635ff3a58dcb7e64f288300af2e9ad3/execute/async - {"script":"<script> [1562 bytes]","args":[{"selector":{"id":"application-managepartners-display-component---NewPartner--addressDetailDetailsLanguage-arrow"},"wdio_ui5_key":"applicationmanagepartners-display-component---NewPartner--addressDetailDetailsLanguage-arrow"}]}
RESULT: {"script":"<script> [1562 bytes]","args":[{"selector":{"id":"application-managepartners-display-component---NewPartner--addressDetailDetailsLanguage-arrow"},"wdio_ui5_key":"applicationmanagepartners-display-component---NewPartner--addressDetailDetailsLanguage-arrow"}]}
RESULT: undefined
COMMAND: POST /session/5635ff3a58dcb7e64f288300af2e9ad3/element - {"using":"xpath","value":"//*[@id=\"application-managepartners-display-component---NewPartner--addressDetailDetailsLanguage-arrow\"]"}
RESULT: {"using":"xpath","value":"//*[@id=\"application-managepartners-display-component---NewPartner--addressDetailDetailsLanguage-arrow\"]"}
COMMAND: POST /session/5635ff3a58dcb7e64f288300af2e9ad3/element/f.ED9453BD34BB61637EDB63CE7F048255.d.49464C07EB64A2B40CCF60B45506409F.e.10247/click - {}
RESULT: {}
COMMAND: POST /session/5635ff3a58dcb7e64f288300af2e9ad3/element - {"using":"xpath","value":"//span[contains(text(), \"English\")]"}
COMMAND: GET /session/5635ff3a58dcb7e64f288300af2e9ad3/screenshot - {}
RESULT: {"using":"xpath","value":"//span[contains(text(), \"English\")]"}
COMMAND: POST /session/5635ff3a58dcb7e64f288300af2e9ad3/element/f.ED9453BD34BB61637EDB63CE7F048255.d.49464C07EB64A2B40CCF60B45506409F.e.10248/click - {}
RESULT: {}
RESULT: {}
COMMAND: GET /session/5635ff3a58dcb7e64f288300af2e9ad3/screenshot - {}
RESULT: {}
COMMAND: POST /session/5635ff3a58dcb7e64f288300af2e9ad3/execute/async - {"script":"<script> [1562 bytes]","args":[{"selector":{"id":"application-managepartners-display-component---NewPartner--addressDetailDetailsCity1","interaction":{"idSuffix":"inner"}},"wdio_ui5_key":"applicationmanagepartners-display-component---NewPartner--addressDetailDetailsCity1"}]}
RESULT: {"script":"<script> [1562 bytes]","args":[{"selector":{"id":"application-managepartners-display-component---NewPartner--addressDetailDetailsCity1","interaction":{"idSuffix":"inner"}},"wdio_ui5_key":"applicationmanagepartners-display-component---NewPartner--addressDetailDetailsCity1"}]}
RESULT: undefined
COMMAND: POST /session/5635ff3a58dcb7e64f288300af2e9ad3/execute/async - {"script":"<script> [776 bytes]","args":[{"enterText":"Rosario","selector":{"id":"application-managepartners-display-component---NewPartner--addressDetailDetailsCity1","interaction":{"idSuffix":"inner"}},"clearTextFirst":true,"interactionType":"ENTER_TEXT"}]}
RESULT: {"script":"<script> [776 bytes]","args":[{"enterText":"Rosario","selector":{"id":"application-managepartners-display-component---NewPartner--addressDetailDetailsCity1","interaction":{"idSuffix":"inner"}},"clearTextFirst":true,"interactionType":"ENTER_TEXT"}]}
COMMAND: POST /session/5635ff3a58dcb7e64f288300af2e9ad3/execute/async - {"script":"<script> [1562 bytes]","args":[{"selector":{"id":"application-managepartners-display-component---NewPartner--addressDetailDetailsCountry-arrow"},"wdio_ui5_key":"applicationmanagepartners-display-component---NewPartner--addressDetailDetailsCountry-arrow"}]}
RESULT: {"script":"<script> [1562 bytes]","args":[{"selector":{"id":"application-managepartners-display-component---NewPartner--addressDetailDetailsCountry-arrow"},"wdio_ui5_key":"applicationmanagepartners-display-component---NewPartner--addressDetailDetailsCountry-arrow"}]}
RESULT: undefined
COMMAND: POST /session/5635ff3a58dcb7e64f288300af2e9ad3/element - {"using":"xpath","value":"//*[@id=\"application-managepartners-display-component---NewPartner--addressDetailDetailsCountry-arrow\"]"}
RESULT: {"using":"xpath","value":"//*[@id=\"application-managepartners-display-component---NewPartner--addressDetailDetailsCountry-arrow\"]"}
COMMAND: POST /session/5635ff3a58dcb7e64f288300af2e9ad3/element/f.ED9453BD34BB61637EDB63CE7F048255.d.49464C07EB64A2B40CCF60B45506409F.e.10234/click - {}
RESULT: {}
COMMAND: POST /session/5635ff3a58dcb7e64f288300af2e9ad3/element - {"using":"xpath","value":"//span[contains(text(), \"Argentina\")]"}
COMMAND: GET /session/5635ff3a58dcb7e64f288300af2e9ad3/screenshot - {}
RESULT: {"using":"xpath","value":"//span[contains(text(), \"Argentina\")]"}
COMMAND: POST /session/5635ff3a58dcb7e64f288300af2e9ad3/element/f.ED9453BD34BB61637EDB63CE7F048255.d.49464C07EB64A2B40CCF60B45506409F.e.10250/click - {}
RESULT: {}
RESULT: {}
COMMAND: GET /session/5635ff3a58dcb7e64f288300af2e9ad3/screenshot - {}
RESULT: {}
COMMAND: POST /session/5635ff3a58dcb7e64f288300af2e9ad3/element - {"using":"xpath","value":"//bdi[contains(text(), \"Commercial\")]"}
RESULT: {"using":"xpath","value":"//bdi[contains(text(), \"Commercial\")]"}
COMMAND: POST /session/5635ff3a58dcb7e64f288300af2e9ad3/element/f.ED9453BD34BB61637EDB63CE7F048255.d.49464C07EB64A2B40CCF60B45506409F.e.10251/click - {}
RESULT: {}
COMMAND: GET /session/5635ff3a58dcb7e64f288300af2e9ad3/screenshot - {}
RESULT: {}
COMMAND: POST /session/5635ff3a58dcb7e64f288300af2e9ad3/execute/async - {"script":"<script> [1562 bytes]","args":[{"selector":{"id":"application-managepartners-display-component---NewPartner--partnerDetailInternal-arrow"},"wdio_ui5_key":"applicationmanagepartners-display-component---NewPartner--partnerDetailInternal-arrow"}]}
RESULT: {"script":"<script> [1562 bytes]","args":[{"selector":{"id":"application-managepartners-display-component---NewPartner--partnerDetailInternal-arrow"},"wdio_ui5_key":"applicationmanagepartners-display-component---NewPartner--partnerDetailInternal-arrow"}]}
RESULT: undefined
COMMAND: POST /session/5635ff3a58dcb7e64f288300af2e9ad3/element - {"using":"xpath","value":"//*[@id=\"application-managepartners-display-component---NewPartner--partnerDetailInternal-arrow\"]"}
RESULT: {"using":"xpath","value":"//*[@id=\"application-managepartners-display-component---NewPartner--partnerDetailInternal-arrow\"]"}
COMMAND: POST /session/5635ff3a58dcb7e64f288300af2e9ad3/element/f.ED9453BD34BB61637EDB63CE7F048255.d.49464C07EB64A2B40CCF60B45506409F.e.10257/click - {}
RESULT: {}
COMMAND: POST /session/5635ff3a58dcb7e64f288300af2e9ad3/element - {"using":"xpath","value":"//span[contains(text(), \"Affiliated company\")]"}
COMMAND: GET /session/5635ff3a58dcb7e64f288300af2e9ad3/screenshot - {}
RESULT: {"using":"xpath","value":"//span[contains(text(), \"Affiliated company\")]"}
COMMAND: POST /session/5635ff3a58dcb7e64f288300af2e9ad3/element/f.ED9453BD34BB61637EDB63CE7F048255.d.49464C07EB64A2B40CCF60B45506409F.e.10258/click - {}
RESULT: {}
RESULT: {}
COMMAND: POST /session/5635ff3a58dcb7e64f288300af2e9ad3/execute/async - {"script":"<script> [1562 bytes]","args":[{"selector":{"id":"application-managepartners-display-component---NewPartner--partnerDetailsCurrency-arrow"},"wdio_ui5_key":"applicationmanagepartners-display-component---NewPartner--partnerDetailsCurrency-arrow"}]}
COMMAND: GET /session/5635ff3a58dcb7e64f288300af2e9ad3/screenshot - {}
RESULT: {"script":"<script> [1562 bytes]","args":[{"selector":{"id":"application-managepartners-display-component---NewPartner--partnerDetailsCurrency-arrow"},"wdio_ui5_key":"applicationmanagepartners-display-component---NewPartner--partnerDetailsCurrency-arrow"}]}
RESULT: undefined
COMMAND: POST /session/5635ff3a58dcb7e64f288300af2e9ad3/element - {"using":"xpath","value":"//*[@id=\"application-managepartners-display-component---NewPartner--partnerDetailsCurrency-arrow\"]"}
RESULT: {}
RESULT: {"using":"xpath","value":"//*[@id=\"application-managepartners-display-component---NewPartner--partnerDetailsCurrency-arrow\"]"}
COMMAND: POST /session/5635ff3a58dcb7e64f288300af2e9ad3/element/f.ED9453BD34BB61637EDB63CE7F048255.d.49464C07EB64A2B40CCF60B45506409F.e.10265/click - {}
RESULT: {}
COMMAND: POST /session/5635ff3a58dcb7e64f288300af2e9ad3/element - {"using":"xpath","value":"//span[contains(text(), \"Euro\")]"}
COMMAND: GET /session/5635ff3a58dcb7e64f288300af2e9ad3/screenshot - {}
RESULT: {"using":"xpath","value":"//span[contains(text(), \"Euro\")]"}
COMMAND: POST /session/5635ff3a58dcb7e64f288300af2e9ad3/element/f.ED9453BD34BB61637EDB63CE7F048255.d.49464C07EB64A2B40CCF60B45506409F.e.10266/click - {}
RESULT: {}
RESULT: {}
COMMAND: POST /session/5635ff3a58dcb7e64f288300af2e9ad3/execute/async - {"script":"<script> [1562 bytes]","args":[{"selector":{"id":"application-managepartners-display-component---NewPartner--addressEditDetailsCostObjectCstType-arrow"},"wdio_ui5_key":"applicationmanagepartners-display-component---NewPartner--addressEditDetailsCostObjectCstType-arrow"}]}
COMMAND: GET /session/5635ff3a58dcb7e64f288300af2e9ad3/screenshot - {}
RESULT: {"script":"<script> [1562 bytes]","args":[{"selector":{"id":"application-managepartners-display-component---NewPartner--addressEditDetailsCostObjectCstType-arrow"},"wdio_ui5_key":"applicationmanagepartners-display-component---NewPartner--addressEditDetailsCostObjectCstType-arrow"}]}
RESULT: undefined
COMMAND: POST /session/5635ff3a58dcb7e64f288300af2e9ad3/element - {"using":"xpath","value":"//*[@id=\"application-managepartners-display-component---NewPartner--addressEditDetailsCostObjectCstType-arrow\"]"}
RESULT: {}
RESULT: {"using":"xpath","value":"//*[@id=\"application-managepartners-display-component---NewPartner--addressEditDetailsCostObjectCstType-arrow\"]"}
COMMAND: POST /session/5635ff3a58dcb7e64f288300af2e9ad3/element/f.ED9453BD34BB61637EDB63CE7F048255.d.49464C07EB64A2B40CCF60B45506409F.e.10267/click - {}
RESULT: {}
COMMAND: POST /session/5635ff3a58dcb7e64f288300af2e9ad3/element - {"using":"xpath","value":"//span[contains(text(), \"Cost Center\")]"}
COMMAND: GET /session/5635ff3a58dcb7e64f288300af2e9ad3/screenshot - {}
RESULT: {"using":"xpath","value":"//span[contains(text(), \"Cost Center\")]"}
COMMAND: POST /session/5635ff3a58dcb7e64f288300af2e9ad3/element/f.ED9453BD34BB61637EDB63CE7F048255.d.49464C07EB64A2B40CCF60B45506409F.e.10268/click - {}
RESULT: {}
RESULT: {}
COMMAND: GET /session/5635ff3a58dcb7e64f288300af2e9ad3/screenshot - {}
RESULT: {}
COMMAND: POST /session/5635ff3a58dcb7e64f288300af2e9ad3/element - {"using":"xpath","value":"//span[@id=\"application-managepartners-display-component---NewPartner--addressNewCostObjectCstID-vhi\"]"}
RESULT: {"using":"xpath","value":"//span[@id=\"application-managepartners-display-component---NewPartner--addressNewCostObjectCstID-vhi\"]"}
COMMAND: POST /session/5635ff3a58dcb7e64f288300af2e9ad3/execute/sync - {"script":"<script> [8489 bytes]","args":[{"element-6066-11e4-a52e-4f735466cecf":"f.ED9453BD34BB61637EDB63CE7F048255.d.49464C07EB64A2B40CCF60B45506409F.e.10272","ELEMENT":"f.ED9453BD34BB61637EDB63CE7F048255.d.49464C07EB64A2B40CCF60B45506409F.e.10272"}]}
RESULT: {"script":"<script> [8489 bytes]","args":[{"element-6066-11e4-a52e-4f735466cecf":"f.ED9453BD34BB61637EDB63CE7F048255.d.49464C07EB64A2B40CCF60B45506409F.e.10272","ELEMENT":"f.ED9453BD34BB61637EDB63CE7F048255.d.49464C07EB64A2B40CCF60B45506409F.e.10272"}]}
COMMAND: POST /session/5635ff3a58dcb7e64f288300af2e9ad3/execute/async - {"script":"<script> [1562 bytes]","args":[{"selector":{"id":"application-managepartners-display-component---NewPartner--addressNewCostObjectCstID-vhi"},"wdio_ui5_key":"applicationmanagepartners-display-component---NewPartner--addressNewCostObjectCstID-vhi"}]}
COMMAND: GET /session/5635ff3a58dcb7e64f288300af2e9ad3/screenshot - {}
RESULT: {"script":"<script> [1562 bytes]","args":[{"selector":{"id":"application-managepartners-display-component---NewPartner--addressNewCostObjectCstID-vhi"},"wdio_ui5_key":"applicationmanagepartners-display-component---NewPartner--addressNewCostObjectCstID-vhi"}]}
RESULT: undefined
COMMAND: POST /session/5635ff3a58dcb7e64f288300af2e9ad3/element - {"using":"xpath","value":"//*[@id=\"application-managepartners-display-component---NewPartner--addressNewCostObjectCstID-vhi\"]"}
RESULT: {}
RESULT: {"using":"xpath","value":"//*[@id=\"application-managepartners-display-component---NewPartner--addressNewCostObjectCstID-vhi\"]"}
COMMAND: POST /session/5635ff3a58dcb7e64f288300af2e9ad3/element/f.ED9453BD34BB61637EDB63CE7F048255.d.49464C07EB64A2B40CCF60B45506409F.e.10272/click - {}
RESULT: {}
COMMAND: GET /session/5635ff3a58dcb7e64f288300af2e9ad3/screenshot - {}
RESULT: {}
RESULT: undefined
COMMAND: POST /session/5635ff3a58dcb7e64f288300af2e9ad3/execute/async - {"script":"<script> [776 bytes]","args":[{"enterText":"10001013","selector":{"controlType":"sap.m.SearchField","properties":{"placeholder":"Search"},"searchOpenDialogs":true,"interaction":{"idSuffix":"I"}},"clearTextFirst":true,"interactionType":"ENTER_TEXT"}]}
RESULT: {"script":"<script> [776 bytes]","args":[{"enterText":"10001013","selector":{"controlType":"sap.m.SearchField","properties":{"placeholder":"Search"},"searchOpenDialogs":true,"interaction":{"idSuffix":"I"}},"clearTextFirst":true,"interactionType":"ENTER_TEXT"}]}
COMMAND: POST /session/5635ff3a58dcb7e64f288300af2e9ad3/actions - {"actions":[{"id":"action25","type":"key","parameters":{},"actions":[{"type":"keyDown","value":""},{"type":"pause","duration":10},{"type":"keyUp","value":""}]}]}
RESULT: {"actions":[{"id":"action25","type":"key","parameters":{},"actions":[{"type":"keyDown","value":""},{"type":"pause","duration":10},{"type":"keyUp","value":""}]}]}
COMMAND: GET /session/5635ff3a58dcb7e64f288300af2e9ad3/screenshot - {}
RESULT: {}
COMMAND: POST /session/5635ff3a58dcb7e64f288300af2e9ad3/element - {"using":"xpath","value":"//span[contains(text(), \"General Management\")]"}
RESULT: {"using":"xpath","value":"//span[contains(text(), \"General Management\")]"}
COMMAND: POST /session/5635ff3a58dcb7e64f288300af2e9ad3/element/f.ED9453BD34BB61637EDB63CE7F048255.d.49464C07EB64A2B40CCF60B45506409F.e.10311/click - {}
RESULT: {}
COMMAND: GET /session/5635ff3a58dcb7e64f288300af2e9ad3/screenshot - {}
RESULT: {}
COMMAND: POST /session/5635ff3a58dcb7e64f288300af2e9ad3/element - {"using":"xpath","value":"//bdi[contains(text(), \"OK\")]"}
RESULT: {"using":"xpath","value":"//bdi[contains(text(), \"OK\")]"}
COMMAND: POST /session/5635ff3a58dcb7e64f288300af2e9ad3/element/f.ED9453BD34BB61637EDB63CE7F048255.d.49464C07EB64A2B40CCF60B45506409F.e.10312/click - {}
RESULT: {}
COMMAND: GET /session/5635ff3a58dcb7e64f288300af2e9ad3/screenshot - {}
RESULT: {}
COMMAND: POST /session/5635ff3a58dcb7e64f288300af2e9ad3/element - {"using":"xpath","value":"//input[@id=\"application-managepartners-display-component---NewPartner--companyCodeComboBox-inner\"]"}
RESULT: {"using":"xpath","value":"//input[@id=\"application-managepartners-display-component---NewPartner--companyCodeComboBox-inner\"]"}
COMMAND: POST /session/5635ff3a58dcb7e64f288300af2e9ad3/element/f.ED9453BD34BB61637EDB63CE7F048255.d.49464C07EB64A2B40CCF60B45506409F.e.10113/clear - {}
RESULT: {}
COMMAND: POST /session/5635ff3a58dcb7e64f288300af2e9ad3/element/f.ED9453BD34BB61637EDB63CE7F048255.d.49464C07EB64A2B40CCF60B45506409F.e.10113/value - {"text":"1000"}
COMMAND: GET /session/5635ff3a58dcb7e64f288300af2e9ad3/screenshot - {}
RESULT: {"text":"1000"}
COMMAND: GET /session/5635ff3a58dcb7e64f288300af2e9ad3/screenshot - {}
RESULT: {}
RESULT: {}
COMMAND: POST /session/5635ff3a58dcb7e64f288300af2e9ad3/element - {"using":"xpath","value":"//li[.//span[text()= \"1000\"]]"}
RESULT: {"using":"xpath","value":"//li[.//span[text()= \"1000\"]]"}
COMMAND: POST /session/5635ff3a58dcb7e64f288300af2e9ad3/element/f.ED9453BD34BB61637EDB63CE7F048255.d.49464C07EB64A2B40CCF60B45506409F.e.10318/click - {}
RESULT: {}
COMMAND: GET /session/5635ff3a58dcb7e64f288300af2e9ad3/screenshot - {}
RESULT: {}
COMMAND: POST /session/5635ff3a58dcb7e64f288300af2e9ad3/execute/async - {"script":"<script> [1562 bytes]","args":[{"selector":{"id":"application-managepartners-display-component---NewPartner--btnAddTableRow-img"},"wdio_ui5_key":"applicationmanagepartners-display-component---NewPartner--btnAddTableRow-img"}]}
RESULT: {"script":"<script> [1562 bytes]","args":[{"selector":{"id":"application-managepartners-display-component---NewPartner--btnAddTableRow-img"},"wdio_ui5_key":"applicationmanagepartners-display-component---NewPartner--btnAddTableRow-img"}]}
RESULT: undefined
COMMAND: POST /session/5635ff3a58dcb7e64f288300af2e9ad3/element - {"using":"xpath","value":"//*[@id=\"application-managepartners-display-component---NewPartner--btnAddTableRow-img\"]"}
RESULT: {"using":"xpath","value":"//*[@id=\"application-managepartners-display-component---NewPartner--btnAddTableRow-img\"]"}
COMMAND: POST /session/5635ff3a58dcb7e64f288300af2e9ad3/element/f.ED9453BD34BB61637EDB63CE7F048255.d.49464C07EB64A2B40CCF60B45506409F.e.10319/click - {}
RESULT: {}
COMMAND: GET /session/5635ff3a58dcb7e64f288300af2e9ad3/screenshot - {}
RESULT: {}
COMMAND: POST /session/5635ff3a58dcb7e64f288300af2e9ad3/element - {"using":"xpath","value":"//input[@id=\"application-managepartners-display-component---NewPartner--assignmentYard-application-managepartners-display-component---NewPartner--assignmentsTable-0-inner\"]"}
RESULT: {"using":"xpath","value":"//input[@id=\"application-managepartners-display-component---NewPartner--assignmentYard-application-managepartners-display-component---NewPartner--assignmentsTable-0-inner\"]"}
COMMAND: POST /session/5635ff3a58dcb7e64f288300af2e9ad3/element/f.ED9453BD34BB61637EDB63CE7F048255.d.49464C07EB64A2B40CCF60B45506409F.e.10322/clear - {}
RESULT: {}
COMMAND: POST /session/5635ff3a58dcb7e64f288300af2e9ad3/element/f.ED9453BD34BB61637EDB63CE7F048255.d.49464C07EB64A2B40CCF60B45506409F.e.10322/value - {"text":"434"}
COMMAND: GET /session/5635ff3a58dcb7e64f288300af2e9ad3/screenshot - {}
RESULT: {"text":"434"}
COMMAND: GET /session/5635ff3a58dcb7e64f288300af2e9ad3/screenshot - {}
RESULT: {}
RESULT: {}
COMMAND: POST /session/5635ff3a58dcb7e64f288300af2e9ad3/element - {"using":"xpath","value":"//li[.//span[text()='434']]"}
RESULT: {"using":"xpath","value":"//li[.//span[text()='434']]"}
COMMAND: POST /session/5635ff3a58dcb7e64f288300af2e9ad3/element/f.ED9453BD34BB61637EDB63CE7F048255.d.49464C07EB64A2B40CCF60B45506409F.e.10331/click - {}
RESULT: {}
COMMAND: GET /session/5635ff3a58dcb7e64f288300af2e9ad3/screenshot - {}
RESULT: {}
COMMAND: POST /session/5635ff3a58dcb7e64f288300af2e9ad3/actions - {"actions":[{"id":"action26","type":"key","parameters":{},"actions":[{"type":"keyDown","value":""},{"type":"pause","duration":10},{"type":"keyUp","value":""}]}]}
RESULT: {"actions":[{"id":"action26","type":"key","parameters":{},"actions":[{"type":"keyDown","value":""},{"type":"pause","duration":10},{"type":"keyUp","value":""}]}]}
COMMAND: POST /session/5635ff3a58dcb7e64f288300af2e9ad3/execute/async - {"script":"<script> [1562 bytes]","args":[{"selector":{"id":"application-managepartners-display-component---NewPartner--externalCustomerComboBox-application-managepartners-display-component---NewPartner--assignmentsTable-0-vhi"},"wdio_ui5_key":"applicationmanagepartners-display-component---NewPartner--externalCustomerComboBox-application-managepartners-display-component---NewPartner--assignmentsTable-0-vhi"}]}
COMMAND: GET /session/5635ff3a58dcb7e64f288300af2e9ad3/screenshot - {}
RESULT: {"script":"<script> [1562 bytes]","args":[{"selector":{"id":"application-managepartners-display-component---NewPartner--externalCustomerComboBox-application-managepartners-display-component---NewPartner--assignmentsTable-0-vhi"},"wdio_ui5_key":"applicationmanagepartners-display-component---NewPartner--externalCustomerComboBox-application-managepartners-display-component---NewPartner--assignmentsTable-0-vhi"}]}
RESULT: undefined
COMMAND: POST /session/5635ff3a58dcb7e64f288300af2e9ad3/element - {"using":"xpath","value":"//*[@id=\"application-managepartners-display-component---NewPartner--externalCustomerComboBox-application-managepartners-display-component---NewPartner--assignmentsTable-0-vhi\"]"}
RESULT: {}
RESULT: {"using":"xpath","value":"//*[@id=\"application-managepartners-display-component---NewPartner--externalCustomerComboBox-application-managepartners-display-component---NewPartner--assignmentsTable-0-vhi\"]"}
COMMAND: POST /session/5635ff3a58dcb7e64f288300af2e9ad3/element/f.ED9453BD34BB61637EDB63CE7F048255.d.49464C07EB64A2B40CCF60B45506409F.e.10335/click - {}
RESULT: {}
RESULT: undefined
COMMAND: POST /session/5635ff3a58dcb7e64f288300af2e9ad3/execute/async - {"script":"<script> [776 bytes]","args":[{"enterText":"300003","selector":{"controlType":"sap.m.SearchField","properties":{"placeholder":"Search"},"searchOpenDialogs":true,"interaction":{"idSuffix":"I"}},"clearTextFirst":true,"interactionType":"ENTER_TEXT"}]}
COMMAND: GET /session/5635ff3a58dcb7e64f288300af2e9ad3/screenshot - {}
RESULT: {"script":"<script> [776 bytes]","args":[{"enterText":"300003","selector":{"controlType":"sap.m.SearchField","properties":{"placeholder":"Search"},"searchOpenDialogs":true,"interaction":{"idSuffix":"I"}},"clearTextFirst":true,"interactionType":"ENTER_TEXT"}]}
COMMAND: POST /session/5635ff3a58dcb7e64f288300af2e9ad3/actions - {"actions":[{"id":"action27","type":"key","parameters":{},"actions":[{"type":"keyDown","value":""},{"type":"pause","duration":10},{"type":"keyUp","value":""}]}]}
RESULT: {}
RESULT: {"actions":[{"id":"action27","type":"key","parameters":{},"actions":[{"type":"keyDown","value":""},{"type":"pause","duration":10},{"type":"keyUp","value":""}]}]}
COMMAND: GET /session/5635ff3a58dcb7e64f288300af2e9ad3/screenshot - {}
RESULT: {}
COMMAND: POST /session/5635ff3a58dcb7e64f288300af2e9ad3/element - {"using":"xpath","value":"//span[contains(text(), \"300003\")]"}
RESULT: {"using":"xpath","value":"//span[contains(text(), \"300003\")]"}
COMMAND: POST /session/5635ff3a58dcb7e64f288300af2e9ad3/element/f.ED9453BD34BB61637EDB63CE7F048255.d.49464C07EB64A2B40CCF60B45506409F.e.10354/click - {}
RESULT: {}
COMMAND: GET /session/5635ff3a58dcb7e64f288300af2e9ad3/screenshot - {}
RESULT: {}
COMMAND: POST /session/5635ff3a58dcb7e64f288300af2e9ad3/element - {"using":"xpath","value":"//bdi[contains(text(), \"OK\")]"}
RESULT: {"using":"xpath","value":"//bdi[contains(text(), \"OK\")]"}
COMMAND: POST /session/5635ff3a58dcb7e64f288300af2e9ad3/element/f.ED9453BD34BB61637EDB63CE7F048255.d.49464C07EB64A2B40CCF60B45506409F.e.10356/click - {}
RESULT: {}
COMMAND: GET /session/5635ff3a58dcb7e64f288300af2e9ad3/screenshot - {}
RESULT: {}
COMMAND: POST /session/5635ff3a58dcb7e64f288300af2e9ad3/execute/async - {"script":"<script> [1562 bytes]","args":[{"selector":{"id":"application-managepartners-display-component---NewPartner--intercompVendorComboBox-application-managepartners-display-component---NewPartner--assignmentsTable-0-vhi"},"wdio_ui5_key":"applicationmanagepartners-display-component---NewPartner--intercompVendorComboBox-application-managepartners-display-component---NewPartner--assignmentsTable-0-vhi"}]}
RESULT: {"script":"<script> [1562 bytes]","args":[{"selector":{"id":"application-managepartners-display-component---NewPartner--intercompVendorComboBox-application-managepartners-display-component---NewPartner--assignmentsTable-0-vhi"},"wdio_ui5_key":"applicationmanagepartners-display-component---NewPartner--intercompVendorComboBox-application-managepartners-display-component---NewPartner--assignmentsTable-0-vhi"}]}
RESULT: undefined
COMMAND: POST /session/5635ff3a58dcb7e64f288300af2e9ad3/element - {"using":"xpath","value":"//*[@id=\"application-managepartners-display-component---NewPartner--intercompVendorComboBox-application-managepartners-display-component---NewPartner--assignmentsTable-0-vhi\"]"}
RESULT: {"using":"xpath","value":"//*[@id=\"application-managepartners-display-component---NewPartner--intercompVendorComboBox-application-managepartners-display-component---NewPartner--assignmentsTable-0-vhi\"]"}
COMMAND: POST /session/5635ff3a58dcb7e64f288300af2e9ad3/element/f.ED9453BD34BB61637EDB63CE7F048255.d.49464C07EB64A2B40CCF60B45506409F.e.10359/click - {}
RESULT: {}
RESULT: undefined
COMMAND: POST /session/5635ff3a58dcb7e64f288300af2e9ad3/execute/async - {"script":"<script> [776 bytes]","args":[{"enterText":"100005","selector":{"controlType":"sap.m.SearchField","properties":{"placeholder":"Search"},"searchOpenDialogs":true,"interaction":{"idSuffix":"I"}},"clearTextFirst":true,"interactionType":"ENTER_TEXT"}]}
COMMAND: GET /session/5635ff3a58dcb7e64f288300af2e9ad3/screenshot - {}
RESULT: {"script":"<script> [776 bytes]","args":[{"enterText":"100005","selector":{"controlType":"sap.m.SearchField","properties":{"placeholder":"Search"},"searchOpenDialogs":true,"interaction":{"idSuffix":"I"}},"clearTextFirst":true,"interactionType":"ENTER_TEXT"}]}
COMMAND: POST /session/5635ff3a58dcb7e64f288300af2e9ad3/actions - {"actions":[{"id":"action28","type":"key","parameters":{},"actions":[{"type":"keyDown","value":""},{"type":"pause","duration":10},{"type":"keyUp","value":""}]}]}
RESULT: {}
RESULT: {"actions":[{"id":"action28","type":"key","parameters":{},"actions":[{"type":"keyDown","value":""},{"type":"pause","duration":10},{"type":"keyUp","value":""}]}]}
COMMAND: GET /session/5635ff3a58dcb7e64f288300af2e9ad3/screenshot - {}
RESULT: {}
COMMAND: POST /session/5635ff3a58dcb7e64f288300af2e9ad3/element - {"using":"xpath","value":"//span[contains(text(), \"Penguins - Field/12345 Berlin\")]"}
RESULT: {"using":"xpath","value":"//span[contains(text(), \"Penguins - Field/12345 Berlin\")]"}
COMMAND: POST /session/5635ff3a58dcb7e64f288300af2e9ad3/element/f.ED9453BD34BB61637EDB63CE7F048255.d.49464C07EB64A2B40CCF60B45506409F.e.10377/click - {}
RESULT: {}
COMMAND: GET /session/5635ff3a58dcb7e64f288300af2e9ad3/screenshot - {}
RESULT: {}
COMMAND: POST /session/5635ff3a58dcb7e64f288300af2e9ad3/element - {"using":"xpath","value":"//bdi[contains(text(), \"OK\")]"}
RESULT: {"using":"xpath","value":"//bdi[contains(text(), \"OK\")]"}
COMMAND: POST /session/5635ff3a58dcb7e64f288300af2e9ad3/element/f.ED9453BD34BB61637EDB63CE7F048255.d.49464C07EB64A2B40CCF60B45506409F.e.10378/click - {}
RESULT: {}
COMMAND: GET /session/5635ff3a58dcb7e64f288300af2e9ad3/screenshot - {}
RESULT: {}
COMMAND: POST /session/5635ff3a58dcb7e64f288300af2e9ad3/element - {"using":"xpath","value":"//button[@data-kt=\"saveButton\"]"}
RESULT: {"using":"xpath","value":"//button[@data-kt=\"saveButton\"]"}
COMMAND: POST /session/5635ff3a58dcb7e64f288300af2e9ad3/element/f.ED9453BD34BB61637EDB63CE7F048255.d.49464C07EB64A2B40CCF60B45506409F.e.10184/click - {}
RESULT: {}
COMMAND: GET /session/5635ff3a58dcb7e64f288300af2e9ad3/screenshot - {}
RESULT: {}
COMMAND: POST /session/5635ff3a58dcb7e64f288300af2e9ad3/element - {"using":"xpath","value":"//header[contains(@id, 'ObjectPageLayout-headerTitle')]/div[1]/div[2]/div[2]/span[1]"}
RESULT: {"using":"xpath","value":"//header[contains(@id, 'ObjectPageLayout-headerTitle')]/div[1]/div[2]/div[2]/span[1]"}
COMMAND: POST /session/5635ff3a58dcb7e64f288300af2e9ad3/elements - {"using":"xpath","value":"//header[contains(@id, 'ObjectPageLayout-headerTitle')]/div[1]/div[2]/div[2]/span[1]"}
RESULT: {"using":"xpath","value":"//header[contains(@id, 'ObjectPageLayout-headerTitle')]/div[1]/div[2]/div[2]/span[1]"}
COMMAND: POST /session/5635ff3a58dcb7e64f288300af2e9ad3/execute/sync - {"script":"<script> [56 bytes]","args":[{"element-6066-11e4-a52e-4f735466cecf":"f.ED9453BD34BB61637EDB63CE7F048255.d.49464C07EB64A2B40CCF60B45506409F.e.10542","ELEMENT":"f.ED9453BD34BB61637EDB63CE7F048255.d.49464C07EB64A2B40CCF60B45506409F.e.10542"}]}
RESULT: {"script":"<script> [56 bytes]","args":[{"element-6066-11e4-a52e-4f735466cecf":"f.ED9453BD34BB61637EDB63CE7F048255.d.49464C07EB64A2B40CCF60B45506409F.e.10542","ELEMENT":"f.ED9453BD34BB61637EDB63CE7F048255.d.49464C07EB64A2B40CCF60B45506409F.e.10542"}]}
COMMAND: POST /session/5635ff3a58dcb7e64f288300af2e9ad3/element - {"using":"css selector","value":"#shell-header-logo"}
COMMAND: GET /session/5635ff3a58dcb7e64f288300af2e9ad3/screenshot - {}
RESULT: {"using":"css selector","value":"#shell-header-logo"}
COMMAND: POST /session/5635ff3a58dcb7e64f288300af2e9ad3/element/f.ED9453BD34BB61637EDB63CE7F048255.d.49464C07EB64A2B40CCF60B45506409F.e.9767/click - {}
RESULT: {}
RESULT: {}
COMMAND: GET /session/5635ff3a58dcb7e64f288300af2e9ad3/screenshot - {}
RESULT: {}
COMMAND: POST /session/5635ff3a58dcb7e64f288300af2e9ad3/execute/sync - {"script":"<script> [299 bytes]","args":[["getModel","getResource"]]}
RESULT: {"script":"<script> [299 bytes]","args":[["getModel","getResource"]]}
]]></system-out>
    </testcase>
    <testcase classname="chrome.136_0_7103_93.windows.Billing_Transfer_-_Intracompany_US127249" name="Should create a new site" time="152.833">
      <system-out><![CDATA[
COMMAND: GET /session/5635ff3a58dcb7e64f288300af2e9ad3/screenshot - {}
COMMAND: POST /session/5635ff3a58dcb7e64f288300af2e9ad3/execute/async - {"script":"<script> [1562 bytes]","args":[{"selector":{"controlType":"sap.m.GenericTile","properties":{"header":"Manage Sites"}},"wdio_ui5_key":"sapm.GenericTile{\"header\":\"Manage Sites\"}"}]}
RESULT: {"script":"<script> [1562 bytes]","args":[{"selector":{"controlType":"sap.m.GenericTile","properties":{"header":"Manage Sites"}},"wdio_ui5_key":"sapm.GenericTile{\"header\":\"Manage Sites\"}"}]}
RESULT: undefined
COMMAND: POST /session/5635ff3a58dcb7e64f288300af2e9ad3/element - {"using":"xpath","value":"//*[@id=\"__tile40\"]"}
RESULT: {}
RESULT: {"using":"xpath","value":"//*[@id=\"__tile40\"]"}
COMMAND: POST /session/5635ff3a58dcb7e64f288300af2e9ad3/element/f.ED9453BD34BB61637EDB63CE7F048255.d.49464C07EB64A2B40CCF60B45506409F.e.8917/click - {}
RESULT: {}
COMMAND: GET /session/5635ff3a58dcb7e64f288300af2e9ad3/screenshot - {}
RESULT: {}
COMMAND: POST /session/5635ff3a58dcb7e64f288300af2e9ad3/elements - {"using":"xpath","value":"//span[text()='Error']"}
RESULT: {"using":"xpath","value":"//span[text()='Error']"}
COMMAND: POST /session/5635ff3a58dcb7e64f288300af2e9ad3/element - {"using":"xpath","value":"//button[@data-kt=\"addOverflowToolbarButton\"]"}
RESULT: {"using":"xpath","value":"//button[@data-kt=\"addOverflowToolbarButton\"]"}
COMMAND: POST /session/5635ff3a58dcb7e64f288300af2e9ad3/elements - {"using":"xpath","value":"//button[@data-kt=\"addOverflowToolbarButton\"]"}
RESULT: {"using":"xpath","value":"//button[@data-kt=\"addOverflowToolbarButton\"]"}
COMMAND: POST /session/5635ff3a58dcb7e64f288300af2e9ad3/execute/sync - {"script":"<script> [8489 bytes]","args":[{"element-6066-11e4-a52e-4f735466cecf":"f.ED9453BD34BB61637EDB63CE7F048255.d.49464C07EB64A2B40CCF60B45506409F.e.10589","ELEMENT":"f.ED9453BD34BB61637EDB63CE7F048255.d.49464C07EB64A2B40CCF60B45506409F.e.10589"}]}
RESULT: {"script":"<script> [8489 bytes]","args":[{"element-6066-11e4-a52e-4f735466cecf":"f.ED9453BD34BB61637EDB63CE7F048255.d.49464C07EB64A2B40CCF60B45506409F.e.10589","ELEMENT":"f.ED9453BD34BB61637EDB63CE7F048255.d.49464C07EB64A2B40CCF60B45506409F.e.10589"}]}
COMMAND: GET /session/5635ff3a58dcb7e64f288300af2e9ad3/element/f.ED9453BD34BB61637EDB63CE7F048255.d.49464C07EB64A2B40CCF60B45506409F.e.10589/enabled - {}
COMMAND: GET /session/5635ff3a58dcb7e64f288300af2e9ad3/screenshot - {}
RESULT: {}
COMMAND: POST /session/5635ff3a58dcb7e64f288300af2e9ad3/execute/sync - {"script":"<script> [8489 bytes]","args":[{"element-6066-11e4-a52e-4f735466cecf":"f.ED9453BD34BB61637EDB63CE7F048255.d.49464C07EB64A2B40CCF60B45506409F.e.10589","ELEMENT":"f.ED9453BD34BB61637EDB63CE7F048255.d.49464C07EB64A2B40CCF60B45506409F.e.10589"}]}
COMMAND: GET /session/5635ff3a58dcb7e64f288300af2e9ad3/screenshot - {}
RESULT: {}
RESULT: {"script":"<script> [8489 bytes]","args":[{"element-6066-11e4-a52e-4f735466cecf":"f.ED9453BD34BB61637EDB63CE7F048255.d.49464C07EB64A2B40CCF60B45506409F.e.10589","ELEMENT":"f.ED9453BD34BB61637EDB63CE7F048255.d.49464C07EB64A2B40CCF60B45506409F.e.10589"}]}
COMMAND: POST /session/5635ff3a58dcb7e64f288300af2e9ad3/execute/sync - {"script":"<script> [5351 bytes]","args":[{"element-6066-11e4-a52e-4f735466cecf":"f.ED9453BD34BB61637EDB63CE7F048255.d.49464C07EB64A2B40CCF60B45506409F.e.10589","ELEMENT":"f.ED9453BD34BB61637EDB63CE7F048255.d.49464C07EB64A2B40CCF60B45506409F.e.10589"}]}
COMMAND: GET /session/5635ff3a58dcb7e64f288300af2e9ad3/screenshot - {}
RESULT: {}
RESULT: {"script":"<script> [5351 bytes]","args":[{"element-6066-11e4-a52e-4f735466cecf":"f.ED9453BD34BB61637EDB63CE7F048255.d.49464C07EB64A2B40CCF60B45506409F.e.10589","ELEMENT":"f.ED9453BD34BB61637EDB63CE7F048255.d.49464C07EB64A2B40CCF60B45506409F.e.10589"}]}
COMMAND: POST /session/5635ff3a58dcb7e64f288300af2e9ad3/element/f.ED9453BD34BB61637EDB63CE7F048255.d.49464C07EB64A2B40CCF60B45506409F.e.10589/click - {}
COMMAND: GET /session/5635ff3a58dcb7e64f288300af2e9ad3/screenshot - {}
RESULT: {}
RESULT: {}
COMMAND: GET /session/5635ff3a58dcb7e64f288300af2e9ad3/screenshot - {}
COMMAND: POST /session/5635ff3a58dcb7e64f288300af2e9ad3/element - {"using":"xpath","value":"//input[@id=\"application-managesites-display-component---NewSite--siteId-inner\"]"}
RESULT: {}
RESULT: {}
RESULT: {"using":"xpath","value":"//input[@id=\"application-managesites-display-component---NewSite--siteId-inner\"]"}
COMMAND: POST /session/5635ff3a58dcb7e64f288300af2e9ad3/element - {"using":"xpath","value":"//input[@id=\"application-managesites-display-component---NewSite--siteId-inner\"]"}
RESULT: {"using":"xpath","value":"//input[@id=\"application-managesites-display-component---NewSite--siteId-inner\"]"}
COMMAND: POST /session/5635ff3a58dcb7e64f288300af2e9ad3/execute/async - {"script":"<script> [1562 bytes]","args":[{"selector":{"id":"application-managesites-display-component---NewSite--addressDetailDetailsName1","interaction":{"idSuffix":"inner"}},"wdio_ui5_key":"applicationmanagesites-display-component---NewSite--addressDetailDetailsName1"}]}
RESULT: {"script":"<script> [1562 bytes]","args":[{"selector":{"id":"application-managesites-display-component---NewSite--addressDetailDetailsName1","interaction":{"idSuffix":"inner"}},"wdio_ui5_key":"applicationmanagesites-display-component---NewSite--addressDetailDetailsName1"}]}
RESULT: undefined
COMMAND: POST /session/5635ff3a58dcb7e64f288300af2e9ad3/execute/async - {"script":"<script> [776 bytes]","args":[{"enterText":"Intracompany Site wdIO","selector":{"id":"application-managesites-display-component---NewSite--addressDetailDetailsName1","interaction":{"idSuffix":"inner"}},"clearTextFirst":true,"interactionType":"ENTER_TEXT"}]}
RESULT: {"script":"<script> [776 bytes]","args":[{"enterText":"Intracompany Site wdIO","selector":{"id":"application-managesites-display-component---NewSite--addressDetailDetailsName1","interaction":{"idSuffix":"inner"}},"clearTextFirst":true,"interactionType":"ENTER_TEXT"}]}
COMMAND: POST /session/5635ff3a58dcb7e64f288300af2e9ad3/execute/async - {"script":"<script> [1562 bytes]","args":[{"selector":{"id":"application-managesites-display-component---NewSite--addressDetailDetailsLanguage-arrow"},"wdio_ui5_key":"applicationmanagesites-display-component---NewSite--addressDetailDetailsLanguage-arrow"}]}
RESULT: {"script":"<script> [1562 bytes]","args":[{"selector":{"id":"application-managesites-display-component---NewSite--addressDetailDetailsLanguage-arrow"},"wdio_ui5_key":"applicationmanagesites-display-component---NewSite--addressDetailDetailsLanguage-arrow"}]}
RESULT: undefined
COMMAND: POST /session/5635ff3a58dcb7e64f288300af2e9ad3/element - {"using":"xpath","value":"//*[@id=\"application-managesites-display-component---NewSite--addressDetailDetailsLanguage-arrow\"]"}
RESULT: {"using":"xpath","value":"//*[@id=\"application-managesites-display-component---NewSite--addressDetailDetailsLanguage-arrow\"]"}
COMMAND: POST /session/5635ff3a58dcb7e64f288300af2e9ad3/element/f.ED9453BD34BB61637EDB63CE7F048255.d.49464C07EB64A2B40CCF60B45506409F.e.10990/click - {}
RESULT: {}
COMMAND: POST /session/5635ff3a58dcb7e64f288300af2e9ad3/element - {"using":"xpath","value":"//span[contains(text(), \"English\")]"}
COMMAND: GET /session/5635ff3a58dcb7e64f288300af2e9ad3/screenshot - {}
RESULT: {"using":"xpath","value":"//span[contains(text(), \"English\")]"}
COMMAND: POST /session/5635ff3a58dcb7e64f288300af2e9ad3/element/f.ED9453BD34BB61637EDB63CE7F048255.d.49464C07EB64A2B40CCF60B45506409F.e.10991/click - {}
RESULT: {}
RESULT: {}
COMMAND: POST /session/5635ff3a58dcb7e64f288300af2e9ad3/execute/async - {"script":"<script> [1562 bytes]","args":[{"selector":{"id":"application-managesites-display-component---NewSite--addressDetailDetailsCity1","interaction":{"idSuffix":"inner"}},"wdio_ui5_key":"applicationmanagesites-display-component---NewSite--addressDetailDetailsCity1"}]}
COMMAND: GET /session/5635ff3a58dcb7e64f288300af2e9ad3/screenshot - {}
RESULT: {"script":"<script> [1562 bytes]","args":[{"selector":{"id":"application-managesites-display-component---NewSite--addressDetailDetailsCity1","interaction":{"idSuffix":"inner"}},"wdio_ui5_key":"applicationmanagesites-display-component---NewSite--addressDetailDetailsCity1"}]}
RESULT: undefined
COMMAND: POST /session/5635ff3a58dcb7e64f288300af2e9ad3/execute/async - {"script":"<script> [776 bytes]","args":[{"enterText":"Rosario","selector":{"id":"application-managesites-display-component---NewSite--addressDetailDetailsCity1","interaction":{"idSuffix":"inner"}},"clearTextFirst":true,"interactionType":"ENTER_TEXT"}]}
RESULT: {}
RESULT: {"script":"<script> [776 bytes]","args":[{"enterText":"Rosario","selector":{"id":"application-managesites-display-component---NewSite--addressDetailDetailsCity1","interaction":{"idSuffix":"inner"}},"clearTextFirst":true,"interactionType":"ENTER_TEXT"}]}
COMMAND: POST /session/5635ff3a58dcb7e64f288300af2e9ad3/execute/async - {"script":"<script> [1562 bytes]","args":[{"selector":{"id":"application-managesites-display-component---NewSite--addressDetailDetailsCountry-arrow"},"wdio_ui5_key":"applicationmanagesites-display-component---NewSite--addressDetailDetailsCountry-arrow"}]}
RESULT: {"script":"<script> [1562 bytes]","args":[{"selector":{"id":"application-managesites-display-component---NewSite--addressDetailDetailsCountry-arrow"},"wdio_ui5_key":"applicationmanagesites-display-component---NewSite--addressDetailDetailsCountry-arrow"}]}
RESULT: undefined
COMMAND: POST /session/5635ff3a58dcb7e64f288300af2e9ad3/element - {"using":"xpath","value":"//*[@id=\"application-managesites-display-component---NewSite--addressDetailDetailsCountry-arrow\"]"}
RESULT: {"using":"xpath","value":"//*[@id=\"application-managesites-display-component---NewSite--addressDetailDetailsCountry-arrow\"]"}
COMMAND: POST /session/5635ff3a58dcb7e64f288300af2e9ad3/element/f.ED9453BD34BB61637EDB63CE7F048255.d.49464C07EB64A2B40CCF60B45506409F.e.10993/click - {}
RESULT: {}
COMMAND: POST /session/5635ff3a58dcb7e64f288300af2e9ad3/element - {"using":"xpath","value":"//span[contains(text(), \"Argentina\")]"}
COMMAND: GET /session/5635ff3a58dcb7e64f288300af2e9ad3/screenshot - {}
RESULT: {"using":"xpath","value":"//span[contains(text(), \"Argentina\")]"}
COMMAND: POST /session/5635ff3a58dcb7e64f288300af2e9ad3/element/f.ED9453BD34BB61637EDB63CE7F048255.d.49464C07EB64A2B40CCF60B45506409F.e.10994/click - {}
RESULT: {}
RESULT: {}
COMMAND: GET /session/5635ff3a58dcb7e64f288300af2e9ad3/screenshot - {}
RESULT: {}
COMMAND: POST /session/5635ff3a58dcb7e64f288300af2e9ad3/execute/async - {"script":"<script> [1562 bytes]","args":[{"selector":{"id":"application-managesites-display-component---NewSite--addressEditDetailsCostObjectCstType-arrow"},"wdio_ui5_key":"applicationmanagesites-display-component---NewSite--addressEditDetailsCostObjectCstType-arrow"}]}
RESULT: {"script":"<script> [1562 bytes]","args":[{"selector":{"id":"application-managesites-display-component---NewSite--addressEditDetailsCostObjectCstType-arrow"},"wdio_ui5_key":"applicationmanagesites-display-component---NewSite--addressEditDetailsCostObjectCstType-arrow"}]}
RESULT: undefined
COMMAND: POST /session/5635ff3a58dcb7e64f288300af2e9ad3/element - {"using":"xpath","value":"//*[@id=\"application-managesites-display-component---NewSite--addressEditDetailsCostObjectCstType-arrow\"]"}
RESULT: {"using":"xpath","value":"//*[@id=\"application-managesites-display-component---NewSite--addressEditDetailsCostObjectCstType-arrow\"]"}
COMMAND: POST /session/5635ff3a58dcb7e64f288300af2e9ad3/element/f.ED9453BD34BB61637EDB63CE7F048255.d.49464C07EB64A2B40CCF60B45506409F.e.10996/click - {}
RESULT: {}
COMMAND: POST /session/5635ff3a58dcb7e64f288300af2e9ad3/element - {"using":"xpath","value":"//span[contains(text(), \"Cost Center\")]"}
COMMAND: GET /session/5635ff3a58dcb7e64f288300af2e9ad3/screenshot - {}
RESULT: {"using":"xpath","value":"//span[contains(text(), \"Cost Center\")]"}
COMMAND: POST /session/5635ff3a58dcb7e64f288300af2e9ad3/element/f.ED9453BD34BB61637EDB63CE7F048255.d.49464C07EB64A2B40CCF60B45506409F.e.10997/click - {}
RESULT: {}
RESULT: {}
COMMAND: GET /session/5635ff3a58dcb7e64f288300af2e9ad3/screenshot - {}
RESULT: {}
COMMAND: POST /session/5635ff3a58dcb7e64f288300af2e9ad3/element - {"using":"xpath","value":"//span[@id=\"application-managesites-display-component---NewSite--addressNewCostObjectCstID-vhi\"]"}
RESULT: {"using":"xpath","value":"//span[@id=\"application-managesites-display-component---NewSite--addressNewCostObjectCstID-vhi\"]"}
COMMAND: POST /session/5635ff3a58dcb7e64f288300af2e9ad3/execute/sync - {"script":"<script> [8489 bytes]","args":[{"element-6066-11e4-a52e-4f735466cecf":"f.ED9453BD34BB61637EDB63CE7F048255.d.49464C07EB64A2B40CCF60B45506409F.e.11002","ELEMENT":"f.ED9453BD34BB61637EDB63CE7F048255.d.49464C07EB64A2B40CCF60B45506409F.e.11002"}]}
RESULT: {"script":"<script> [8489 bytes]","args":[{"element-6066-11e4-a52e-4f735466cecf":"f.ED9453BD34BB61637EDB63CE7F048255.d.49464C07EB64A2B40CCF60B45506409F.e.11002","ELEMENT":"f.ED9453BD34BB61637EDB63CE7F048255.d.49464C07EB64A2B40CCF60B45506409F.e.11002"}]}
COMMAND: POST /session/5635ff3a58dcb7e64f288300af2e9ad3/execute/async - {"script":"<script> [1562 bytes]","args":[{"selector":{"id":"application-managesites-display-component---NewSite--addressNewCostObjectCstID-vhi"},"wdio_ui5_key":"applicationmanagesites-display-component---NewSite--addressNewCostObjectCstID-vhi"}]}
COMMAND: GET /session/5635ff3a58dcb7e64f288300af2e9ad3/screenshot - {}
RESULT: {"script":"<script> [1562 bytes]","args":[{"selector":{"id":"application-managesites-display-component---NewSite--addressNewCostObjectCstID-vhi"},"wdio_ui5_key":"applicationmanagesites-display-component---NewSite--addressNewCostObjectCstID-vhi"}]}
RESULT: undefined
COMMAND: POST /session/5635ff3a58dcb7e64f288300af2e9ad3/element - {"using":"xpath","value":"//*[@id=\"application-managesites-display-component---NewSite--addressNewCostObjectCstID-vhi\"]"}
RESULT: {}
RESULT: {"using":"xpath","value":"//*[@id=\"application-managesites-display-component---NewSite--addressNewCostObjectCstID-vhi\"]"}
COMMAND: POST /session/5635ff3a58dcb7e64f288300af2e9ad3/element/f.ED9453BD34BB61637EDB63CE7F048255.d.49464C07EB64A2B40CCF60B45506409F.e.11002/click - {}
RESULT: {}
COMMAND: GET /session/5635ff3a58dcb7e64f288300af2e9ad3/screenshot - {}
RESULT: {}
RESULT: undefined
COMMAND: POST /session/5635ff3a58dcb7e64f288300af2e9ad3/execute/async - {"script":"<script> [776 bytes]","args":[{"enterText":"10001013","selector":{"controlType":"sap.m.SearchField","properties":{"placeholder":"Search"},"searchOpenDialogs":true,"interaction":{"idSuffix":"I"}},"clearTextFirst":true,"interactionType":"ENTER_TEXT"}]}
RESULT: {"script":"<script> [776 bytes]","args":[{"enterText":"10001013","selector":{"controlType":"sap.m.SearchField","properties":{"placeholder":"Search"},"searchOpenDialogs":true,"interaction":{"idSuffix":"I"}},"clearTextFirst":true,"interactionType":"ENTER_TEXT"}]}
COMMAND: POST /session/5635ff3a58dcb7e64f288300af2e9ad3/actions - {"actions":[{"id":"action29","type":"key","parameters":{},"actions":[{"type":"keyDown","value":""},{"type":"pause","duration":10},{"type":"keyUp","value":""}]}]}
RESULT: {"actions":[{"id":"action29","type":"key","parameters":{},"actions":[{"type":"keyDown","value":""},{"type":"pause","duration":10},{"type":"keyUp","value":""}]}]}
COMMAND: GET /session/5635ff3a58dcb7e64f288300af2e9ad3/screenshot - {}
RESULT: {}
COMMAND: POST /session/5635ff3a58dcb7e64f288300af2e9ad3/element - {"using":"xpath","value":"//span[contains(text(), \"General Management\")]"}
RESULT: {"using":"xpath","value":"//span[contains(text(), \"General Management\")]"}
COMMAND: POST /session/5635ff3a58dcb7e64f288300af2e9ad3/element/f.ED9453BD34BB61637EDB63CE7F048255.d.49464C07EB64A2B40CCF60B45506409F.e.11040/click - {}
RESULT: {}
COMMAND: GET /session/5635ff3a58dcb7e64f288300af2e9ad3/screenshot - {}
RESULT: {}
COMMAND: POST /session/5635ff3a58dcb7e64f288300af2e9ad3/element - {"using":"xpath","value":"//bdi[contains(text(), \"OK\")]"}
RESULT: {"using":"xpath","value":"//bdi[contains(text(), \"OK\")]"}
COMMAND: POST /session/5635ff3a58dcb7e64f288300af2e9ad3/element/f.ED9453BD34BB61637EDB63CE7F048255.d.49464C07EB64A2B40CCF60B45506409F.e.11041/click - {}
RESULT: {}
COMMAND: GET /session/5635ff3a58dcb7e64f288300af2e9ad3/screenshot - {}
RESULT: {}
COMMAND: POST /session/5635ff3a58dcb7e64f288300af2e9ad3/element - {"using":"xpath","value":"//input[@id=\"application-managesites-display-component---NewSite--addressDetailDetailsCalendar-inner\"]"}
RESULT: {"using":"xpath","value":"//input[@id=\"application-managesites-display-component---NewSite--addressDetailDetailsCalendar-inner\"]"}
COMMAND: POST /session/5635ff3a58dcb7e64f288300af2e9ad3/element/f.ED9453BD34BB61637EDB63CE7F048255.d.49464C07EB64A2B40CCF60B45506409F.e.10781/clear - {}
RESULT: {}
COMMAND: POST /session/5635ff3a58dcb7e64f288300af2e9ad3/element/f.ED9453BD34BB61637EDB63CE7F048255.d.49464C07EB64A2B40CCF60B45506409F.e.10781/value - {"text":"Unit"}
COMMAND: GET /session/5635ff3a58dcb7e64f288300af2e9ad3/screenshot - {}
RESULT: {"text":"Unit"}
COMMAND: GET /session/5635ff3a58dcb7e64f288300af2e9ad3/screenshot - {}
RESULT: {}
RESULT: {}
COMMAND: POST /session/5635ff3a58dcb7e64f288300af2e9ad3/actions - {"actions":[{"id":"action30","type":"key","parameters":{},"actions":[{"type":"keyDown","value":""},{"type":"pause","duration":10},{"type":"keyUp","value":""}]}]}
RESULT: {"actions":[{"id":"action30","type":"key","parameters":{},"actions":[{"type":"keyDown","value":""},{"type":"pause","duration":10},{"type":"keyUp","value":""}]}]}
COMMAND: POST /session/5635ff3a58dcb7e64f288300af2e9ad3/element - {"using":"xpath","value":"//input[@id=\"application-managesites-display-component---NewSite--addressDetailDetailsYard-inner\"]"}
COMMAND: GET /session/5635ff3a58dcb7e64f288300af2e9ad3/screenshot - {}
RESULT: {"using":"xpath","value":"//input[@id=\"application-managesites-display-component---NewSite--addressDetailDetailsYard-inner\"]"}
COMMAND: POST /session/5635ff3a58dcb7e64f288300af2e9ad3/element/f.ED9453BD34BB61637EDB63CE7F048255.d.49464C07EB64A2B40CCF60B45506409F.e.10782/clear - {}
RESULT: {}
RESULT: {}
COMMAND: POST /session/5635ff3a58dcb7e64f288300af2e9ad3/element/f.ED9453BD34BB61637EDB63CE7F048255.d.49464C07EB64A2B40CCF60B45506409F.e.10782/value - {"text":"434"}
COMMAND: GET /session/5635ff3a58dcb7e64f288300af2e9ad3/screenshot - {}
RESULT: {"text":"434"}
COMMAND: GET /session/5635ff3a58dcb7e64f288300af2e9ad3/screenshot - {}
RESULT: {}
RESULT: {}
COMMAND: POST /session/5635ff3a58dcb7e64f288300af2e9ad3/element - {"using":"xpath","value":"//li[.//span[text()='434']]"}
RESULT: {"using":"xpath","value":"//li[.//span[text()='434']]"}
COMMAND: POST /session/5635ff3a58dcb7e64f288300af2e9ad3/element/f.ED9453BD34BB61637EDB63CE7F048255.d.49464C07EB64A2B40CCF60B45506409F.e.11049/click - {}
RESULT: {}
COMMAND: GET /session/5635ff3a58dcb7e64f288300af2e9ad3/screenshot - {}
RESULT: {}
COMMAND: POST /session/5635ff3a58dcb7e64f288300af2e9ad3/element - {"using":"xpath","value":"//input[@id=\"application-managesites-display-component---NewSite--addressDetailDetailsPartner-inner\"]"}
RESULT: {"using":"xpath","value":"//input[@id=\"application-managesites-display-component---NewSite--addressDetailDetailsPartner-inner\"]"}
COMMAND: POST /session/5635ff3a58dcb7e64f288300af2e9ad3/element - {"using":"xpath","value":"//input[@id=\"application-managesites-display-component---NewSite--addressDetailDetailsPartner-inner\"]"}
RESULT: {"using":"xpath","value":"//input[@id=\"application-managesites-display-component---NewSite--addressDetailDetailsPartner-inner\"]"}
COMMAND: POST /session/5635ff3a58dcb7e64f288300af2e9ad3/element - {"using":"xpath","value":"//button[@data-kt=\"saveButton\"]"}
RESULT: {"using":"xpath","value":"//button[@data-kt=\"saveButton\"]"}
COMMAND: POST /session/5635ff3a58dcb7e64f288300af2e9ad3/element/f.ED9453BD34BB61637EDB63CE7F048255.d.49464C07EB64A2B40CCF60B45506409F.e.10975/click - {}
RESULT: {}
COMMAND: GET /session/5635ff3a58dcb7e64f288300af2e9ad3/screenshot - {}
RESULT: {}
COMMAND: POST /session/5635ff3a58dcb7e64f288300af2e9ad3/element - {"using":"xpath","value":"//header[contains(@id, 'ObjectPageLayout-headerTitle')]/div[1]/div[2]/div[2]/span[1]"}
RESULT: {"using":"xpath","value":"//header[contains(@id, 'ObjectPageLayout-headerTitle')]/div[1]/div[2]/div[2]/span[1]"}
COMMAND: POST /session/5635ff3a58dcb7e64f288300af2e9ad3/elements - {"using":"xpath","value":"//header[contains(@id, 'ObjectPageLayout-headerTitle')]/div[1]/div[2]/div[2]/span[1]"}
RESULT: {"using":"xpath","value":"//header[contains(@id, 'ObjectPageLayout-headerTitle')]/div[1]/div[2]/div[2]/span[1]"}
COMMAND: POST /session/5635ff3a58dcb7e64f288300af2e9ad3/execute/sync - {"script":"<script> [56 bytes]","args":[{"element-6066-11e4-a52e-4f735466cecf":"f.ED9453BD34BB61637EDB63CE7F048255.d.49464C07EB64A2B40CCF60B45506409F.e.11253","ELEMENT":"f.ED9453BD34BB61637EDB63CE7F048255.d.49464C07EB64A2B40CCF60B45506409F.e.11253"}]}
RESULT: {"script":"<script> [56 bytes]","args":[{"element-6066-11e4-a52e-4f735466cecf":"f.ED9453BD34BB61637EDB63CE7F048255.d.49464C07EB64A2B40CCF60B45506409F.e.11253","ELEMENT":"f.ED9453BD34BB61637EDB63CE7F048255.d.49464C07EB64A2B40CCF60B45506409F.e.11253"}]}
COMMAND: POST /session/5635ff3a58dcb7e64f288300af2e9ad3/element - {"using":"css selector","value":"#shell-header-logo"}
COMMAND: GET /session/5635ff3a58dcb7e64f288300af2e9ad3/screenshot - {}
RESULT: {"using":"css selector","value":"#shell-header-logo"}
COMMAND: POST /session/5635ff3a58dcb7e64f288300af2e9ad3/element/f.ED9453BD34BB61637EDB63CE7F048255.d.49464C07EB64A2B40CCF60B45506409F.e.10546/click - {}
RESULT: {}
RESULT: {}
COMMAND: GET /session/5635ff3a58dcb7e64f288300af2e9ad3/screenshot - {}
RESULT: {}
COMMAND: POST /session/5635ff3a58dcb7e64f288300af2e9ad3/execute/sync - {"script":"<script> [299 bytes]","args":[["getModel","getResource"]]}
RESULT: {"script":"<script> [299 bytes]","args":[["getModel","getResource"]]}
COMMAND: POST /session/5635ff3a58dcb7e64f288300af2e9ad3/actions - {"actions":[{"id":"action31","type":"key","parameters":{},"actions":[{"type":"keyDown","value":""},{"type":"pause","duration":10},{"type":"keyUp","value":""}]}]}
COMMAND: GET /session/5635ff3a58dcb7e64f288300af2e9ad3/screenshot - {}
RESULT: {"actions":[{"id":"action31","type":"key","parameters":{},"actions":[{"type":"keyDown","value":""},{"type":"pause","duration":10},{"type":"keyUp","value":""}]}]}
COMMAND: GET /session/5635ff3a58dcb7e64f288300af2e9ad3/screenshot - {}
RESULT: {}
RESULT: {}
COMMAND: POST /session/5635ff3a58dcb7e64f288300af2e9ad3/refresh - {}
RESULT: {}
COMMAND: GET /session/5635ff3a58dcb7e64f288300af2e9ad3/screenshot - {}
RESULT: {}
COMMAND: POST /session/5635ff3a58dcb7e64f288300af2e9ad3/refresh - {}
RESULT: {}
COMMAND: GET /session/5635ff3a58dcb7e64f288300af2e9ad3/screenshot - {}
RESULT: {}
COMMAND: POST /session/5635ff3a58dcb7e64f288300af2e9ad3/window/fullscreen - {}
RESULT: {}
COMMAND: POST /session/5635ff3a58dcb7e64f288300af2e9ad3/execute/async - {"script":"<script> [189 bytes]","args":[]}
RESULT: {"script":"<script> [189 bytes]","args":[]}
COMMAND: POST /session/5635ff3a58dcb7e64f288300af2e9ad3/execute/async - {"script":"<script> [123 bytes]","args":[]}
RESULT: {"script":"<script> [123 bytes]","args":[]}
COMMAND: POST /session/5635ff3a58dcb7e64f288300af2e9ad3/timeouts - {"script":"<number>"}
RESULT: {"script":"<number>"}
COMMAND: GET /session/5635ff3a58dcb7e64f288300af2e9ad3/timeouts - {}
RESULT: {}
RESULT: undefined
COMMAND: POST /session/5635ff3a58dcb7e64f288300af2e9ad3/execute/async - {"script":"<script> [2676 bytes]","args":[]}
RESULT: {"script":"<script> [2676 bytes]","args":[]}
COMMAND: POST /session/5635ff3a58dcb7e64f288300af2e9ad3/execute/async - {"script":"<script> [2342 bytes]","args":[{"protocol":"http","hostname":"0.0.0.0","path":"/","capabilities":{"browserName":"chrome","goog:chromeOptions":{"binary":"C:\\Program Files\\Google\\Chrome\\Application\\chrome.exe","args":["--start-maximized"]}},"logLevel":"warn","connectionRetryTimeout":120000,"connectionRetryCount":3,"logLevels":{},"enableDirectConnect":true,"strictSSL":true,"_":"65 more keys: [\"cacheDir\",\"port\",\"requestedCapabilities\",\"automationProtocol\",\"baseUrl\",\"waitforInterval\",\"waitforTimeout\",\"onReload\",\"beforeCommand\",\"afterCommand\",\"rootDir\",\"specs\",\"suites\",\"exclude\",\"groupLogsByTestSpec\",\"excludeDriverLogs\",\"bail\",\"framework\",\"reporters\",\"services\",\"maxInstances\",\"maxInstancesPerCapability\",\"injectGlobals\",\"filesToWatch\",\"execArgv\",\"runnerEnv\",\"runner\",\"shard\",\"specFileRetries\",\"specFileRetriesDelay\",\"specFileRetriesDeferred\",\"reporterSyncInterval\",\"reporterSyncTimeout\",\"cucumberFeaturesWithLineNumbers\",\"autoCompileOpts\",\"mochaOpts\",\"jasmineOpts\",\"cucumberOpts\",\"onPrepare\",\"onWorkerStart\",\"onWorkerEnd\",\"before\",\"beforeSession\",\"beforeSuite\",\"beforeHook\",\"beforeTest\",\"afterTest\",\"afterHook\",\"afterSuite\",\"afterSession\",\"after\",\"onComplete\",\"beforeAssertion\",\"afterAssertion\",\"beforeFeature\",\"beforeScenario\",\"beforeStep\",\"afterStep\",\"afterScenario\",\"afterFeature\",\"_\",\"suite\",\"$0\",\"ignoredWorkerServices\",\"wdi5\"]"}]}
RESULT: {"script":"<script> [2342 bytes]","args":[{"protocol":"http","hostname":"0.0.0.0","path":"/","capabilities":{"browserName":"chrome","goog:chromeOptions":{"binary":"C:\\Program Files\\Google\\Chrome\\Application\\chrome.exe","args":["--start-maximized"]}},"logLevel":"warn","connectionRetryTimeout":120000,"connectionRetryCount":3,"logLevels":{},"enableDirectConnect":true,"strictSSL":true,"_":"65 more keys: [\"cacheDir\",\"port\",\"requestedCapabilities\",\"automationProtocol\",\"baseUrl\",\"waitforInterval\",\"waitforTimeout\",\"onReload\",\"beforeCommand\",\"afterCommand\",\"rootDir\",\"specs\",\"suites\",\"exclude\",\"groupLogsByTestSpec\",\"excludeDriverLogs\",\"bail\",\"framework\",\"reporters\",\"services\",\"maxInstances\",\"maxInstancesPerCapability\",\"injectGlobals\",\"filesToWatch\",\"execArgv\",\"runnerEnv\",\"runner\",\"shard\",\"specFileRetries\",\"specFileRetriesDelay\",\"specFileRetriesDeferred\",\"reporterSyncInterval\",\"reporterSyncTimeout\",\"cucumberFeaturesWithLineNumbers\",\"autoCompileOpts\",\"mochaOpts\",\"jasmineOpts\",\"cucumberOpts\",\"onPrepare\",\"onWorkerStart\",\"onWorkerEnd\",\"before\",\"beforeSession\",\"beforeSuite\",\"beforeHook\",\"beforeTest\",\"afterTest\",\"afterHook\",\"afterSuite\",\"afterSession\",\"after\",\"onComplete\",\"beforeAssertion\",\"afterAssertion\",\"beforeFeature\",\"beforeScenario\",\"beforeStep\",\"afterStep\",\"afterScenario\",\"afterFeature\",\"_\",\"suite\",\"$0\",\"ignoredWorkerServices\",\"wdi5\"]"}]}
COMMAND: POST /session/5635ff3a58dcb7e64f288300af2e9ad3/execute/async - {"script":"<script> [21126 bytes]","args":[35000]}
RESULT: {"script":"<script> [21126 bytes]","args":[35000]}
COMMAND: POST /session/5635ff3a58dcb7e64f288300af2e9ad3/window/fullscreen - {}
RESULT: {}
]]></system-out>
    </testcase>
    <testcase classname="chrome.136_0_7103_93.windows.Billing_Transfer_-_Intracompany_US127249" name="Should create a new equipment" time="148.221">
      <system-out><![CDATA[
COMMAND: POST /session/5635ff3a58dcb7e64f288300af2e9ad3/execute/async - {"script":"<script> [1562 bytes]","args":[{"selector":{"controlType":"sap.m.GenericTile","properties":{"header":"Manage Resources"}},"wdio_ui5_key":"sapm.GenericTile{\"header\":\"Manage Resources\"}"}]}
RESULT: {"script":"<script> [1562 bytes]","args":[{"selector":{"controlType":"sap.m.GenericTile","properties":{"header":"Manage Resources"}},"wdio_ui5_key":"sapm.GenericTile{\"header\":\"Manage Resources\"}"}]}
RESULT: undefined
COMMAND: POST /session/5635ff3a58dcb7e64f288300af2e9ad3/element - {"using":"xpath","value":"//*[@id=\"__tile31\"]"}
RESULT: {"using":"xpath","value":"//*[@id=\"__tile31\"]"}
COMMAND: POST /session/5635ff3a58dcb7e64f288300af2e9ad3/element/f.ED9453BD34BB61637EDB63CE7F048255.d.8056E4B8DC9A385C9DC9C1331BBD73B0.e.11322/click - {}
RESULT: {}
COMMAND: GET /session/5635ff3a58dcb7e64f288300af2e9ad3/screenshot - {}
RESULT: {}
COMMAND: POST /session/5635ff3a58dcb7e64f288300af2e9ad3/elements - {"using":"xpath","value":"//span[text()='Error']"}
RESULT: {"using":"xpath","value":"//span[text()='Error']"}
COMMAND: POST /session/5635ff3a58dcb7e64f288300af2e9ad3/element - {"using":"xpath","value":"//button[@data-kt=\"addNewRUOverflowToolbarButton\"]"}
RESULT: {"using":"xpath","value":"//button[@data-kt=\"addNewRUOverflowToolbarButton\"]"}
COMMAND: POST /session/5635ff3a58dcb7e64f288300af2e9ad3/elements - {"using":"xpath","value":"//button[@data-kt=\"addNewRUOverflowToolbarButton\"]"}
RESULT: {"using":"xpath","value":"//button[@data-kt=\"addNewRUOverflowToolbarButton\"]"}
COMMAND: POST /session/5635ff3a58dcb7e64f288300af2e9ad3/elements - {"using":"xpath","value":"//button[@data-kt=\"addNewRUOverflowToolbarButton\"]"}
RESULT: {"using":"xpath","value":"//button[@data-kt=\"addNewRUOverflowToolbarButton\"]"}
COMMAND: POST /session/5635ff3a58dcb7e64f288300af2e9ad3/elements - {"using":"xpath","value":"//button[@data-kt=\"addNewRUOverflowToolbarButton\"]"}
RESULT: {"using":"xpath","value":"//button[@data-kt=\"addNewRUOverflowToolbarButton\"]"}
COMMAND: POST /session/5635ff3a58dcb7e64f288300af2e9ad3/elements - {"using":"xpath","value":"//button[@data-kt=\"addNewRUOverflowToolbarButton\"]"}
RESULT: {"using":"xpath","value":"//button[@data-kt=\"addNewRUOverflowToolbarButton\"]"}
COMMAND: POST /session/5635ff3a58dcb7e64f288300af2e9ad3/elements - {"using":"xpath","value":"//button[@data-kt=\"addNewRUOverflowToolbarButton\"]"}
RESULT: {"using":"xpath","value":"//button[@data-kt=\"addNewRUOverflowToolbarButton\"]"}
COMMAND: POST /session/5635ff3a58dcb7e64f288300af2e9ad3/elements - {"using":"xpath","value":"//button[@data-kt=\"addNewRUOverflowToolbarButton\"]"}
RESULT: {"using":"xpath","value":"//button[@data-kt=\"addNewRUOverflowToolbarButton\"]"}
COMMAND: POST /session/5635ff3a58dcb7e64f288300af2e9ad3/elements - {"using":"xpath","value":"//button[@data-kt=\"addNewRUOverflowToolbarButton\"]"}
RESULT: {"using":"xpath","value":"//button[@data-kt=\"addNewRUOverflowToolbarButton\"]"}
COMMAND: POST /session/5635ff3a58dcb7e64f288300af2e9ad3/elements - {"using":"xpath","value":"//button[@data-kt=\"addNewRUOverflowToolbarButton\"]"}
RESULT: {"using":"xpath","value":"//button[@data-kt=\"addNewRUOverflowToolbarButton\"]"}
COMMAND: POST /session/5635ff3a58dcb7e64f288300af2e9ad3/element - {"using":"xpath","value":"//button[@data-kt=\"addNewRUOverflowToolbarButton\"]"}
RESULT: {"using":"xpath","value":"//button[@data-kt=\"addNewRUOverflowToolbarButton\"]"}
COMMAND: POST /session/5635ff3a58dcb7e64f288300af2e9ad3/execute/sync - {"script":"<script> [8489 bytes]","args":[{"element-6066-11e4-a52e-4f735466cecf":"f.ED9453BD34BB61637EDB63CE7F048255.d.8056E4B8DC9A385C9DC9C1331BBD73B0.e.11436","ELEMENT":"f.ED9453BD34BB61637EDB63CE7F048255.d.8056E4B8DC9A385C9DC9C1331BBD73B0.e.11436"}]}
RESULT: {"script":"<script> [8489 bytes]","args":[{"element-6066-11e4-a52e-4f735466cecf":"f.ED9453BD34BB61637EDB63CE7F048255.d.8056E4B8DC9A385C9DC9C1331BBD73B0.e.11436","ELEMENT":"f.ED9453BD34BB61637EDB63CE7F048255.d.8056E4B8DC9A385C9DC9C1331BBD73B0.e.11436"}]}
COMMAND: GET /session/5635ff3a58dcb7e64f288300af2e9ad3/element/f.ED9453BD34BB61637EDB63CE7F048255.d.8056E4B8DC9A385C9DC9C1331BBD73B0.e.11436/enabled - {}
COMMAND: GET /session/5635ff3a58dcb7e64f288300af2e9ad3/screenshot - {}
RESULT: {}
COMMAND: POST /session/5635ff3a58dcb7e64f288300af2e9ad3/execute/sync - {"script":"<script> [8489 bytes]","args":[{"element-6066-11e4-a52e-4f735466cecf":"f.ED9453BD34BB61637EDB63CE7F048255.d.8056E4B8DC9A385C9DC9C1331BBD73B0.e.11436","ELEMENT":"f.ED9453BD34BB61637EDB63CE7F048255.d.8056E4B8DC9A385C9DC9C1331BBD73B0.e.11436"}]}
RESULT: {}
RESULT: {"script":"<script> [8489 bytes]","args":[{"element-6066-11e4-a52e-4f735466cecf":"f.ED9453BD34BB61637EDB63CE7F048255.d.8056E4B8DC9A385C9DC9C1331BBD73B0.e.11436","ELEMENT":"f.ED9453BD34BB61637EDB63CE7F048255.d.8056E4B8DC9A385C9DC9C1331BBD73B0.e.11436"}]}
COMMAND: POST /session/5635ff3a58dcb7e64f288300af2e9ad3/execute/sync - {"script":"<script> [5351 bytes]","args":[{"element-6066-11e4-a52e-4f735466cecf":"f.ED9453BD34BB61637EDB63CE7F048255.d.8056E4B8DC9A385C9DC9C1331BBD73B0.e.11436","ELEMENT":"f.ED9453BD34BB61637EDB63CE7F048255.d.8056E4B8DC9A385C9DC9C1331BBD73B0.e.11436"}]}
COMMAND: GET /session/5635ff3a58dcb7e64f288300af2e9ad3/screenshot - {}
COMMAND: GET /session/5635ff3a58dcb7e64f288300af2e9ad3/screenshot - {}
RESULT: {"script":"<script> [5351 bytes]","args":[{"element-6066-11e4-a52e-4f735466cecf":"f.ED9453BD34BB61637EDB63CE7F048255.d.8056E4B8DC9A385C9DC9C1331BBD73B0.e.11436","ELEMENT":"f.ED9453BD34BB61637EDB63CE7F048255.d.8056E4B8DC9A385C9DC9C1331BBD73B0.e.11436"}]}
COMMAND: POST /session/5635ff3a58dcb7e64f288300af2e9ad3/element/f.ED9453BD34BB61637EDB63CE7F048255.d.8056E4B8DC9A385C9DC9C1331BBD73B0.e.11436/click - {}
COMMAND: GET /session/5635ff3a58dcb7e64f288300af2e9ad3/screenshot - {}
RESULT: {}
RESULT: {}
RESULT: {}
COMMAND: GET /session/5635ff3a58dcb7e64f288300af2e9ad3/screenshot - {}
COMMAND: POST /session/5635ff3a58dcb7e64f288300af2e9ad3/execute/async - {"script":"<script> [1562 bytes]","args":[{"selector":{"id":"application-manageresources-display-component---newResourceUnit--TYPE-arrow"},"wdio_ui5_key":"applicationmanageresources-display-component---newResourceUnit--TYPE-arrow"}]}
RESULT: {}
RESULT: {}
RESULT: {"script":"<script> [1562 bytes]","args":[{"selector":{"id":"application-manageresources-display-component---newResourceUnit--TYPE-arrow"},"wdio_ui5_key":"applicationmanageresources-display-component---newResourceUnit--TYPE-arrow"}]}
RESULT: undefined
COMMAND: POST /session/5635ff3a58dcb7e64f288300af2e9ad3/element - {"using":"xpath","value":"//*[@id=\"application-manageresources-display-component---newResourceUnit--TYPE-arrow\"]"}
RESULT: {"using":"xpath","value":"//*[@id=\"application-manageresources-display-component---newResourceUnit--TYPE-arrow\"]"}
COMMAND: POST /session/5635ff3a58dcb7e64f288300af2e9ad3/element/f.ED9453BD34BB61637EDB63CE7F048255.d.8056E4B8DC9A385C9DC9C1331BBD73B0.e.11605/click - {}
RESULT: {}
COMMAND: POST /session/5635ff3a58dcb7e64f288300af2e9ad3/element - {"using":"xpath","value":"//input[@id=\"application-manageresources-display-component---newResourceUnit--TYPE-inner\"]"}
COMMAND: GET /session/5635ff3a58dcb7e64f288300af2e9ad3/screenshot - {}
RESULT: {"using":"xpath","value":"//input[@id=\"application-manageresources-display-component---newResourceUnit--TYPE-inner\"]"}
COMMAND: POST /session/5635ff3a58dcb7e64f288300af2e9ad3/element/f.ED9453BD34BB61637EDB63CE7F048255.d.8056E4B8DC9A385C9DC9C1331BBD73B0.e.11487/clear - {}
RESULT: {}
RESULT: {}
COMMAND: POST /session/5635ff3a58dcb7e64f288300af2e9ad3/element/f.ED9453BD34BB61637EDB63CE7F048255.d.8056E4B8DC9A385C9DC9C1331BBD73B0.e.11487/value - {"text":"Equipment"}
COMMAND: GET /session/5635ff3a58dcb7e64f288300af2e9ad3/screenshot - {}
RESULT: {"text":"Equipment"}
COMMAND: GET /session/5635ff3a58dcb7e64f288300af2e9ad3/screenshot - {}
RESULT: {}
RESULT: {}
COMMAND: POST /session/5635ff3a58dcb7e64f288300af2e9ad3/actions - {"actions":[{"id":"action32","type":"key","parameters":{},"actions":[{"type":"keyDown","value":""},{"type":"pause","duration":10},{"type":"keyUp","value":""}]}]}
RESULT: {"actions":[{"id":"action32","type":"key","parameters":{},"actions":[{"type":"keyDown","value":""},{"type":"pause","duration":10},{"type":"keyUp","value":""}]}]}
COMMAND: POST /session/5635ff3a58dcb7e64f288300af2e9ad3/execute/async - {"script":"<script> [1562 bytes]","args":[{"selector":{"id":"application-manageresources-display-component---newResourceUnit--resourceId","interaction":{"idSuffix":"inner"}},"wdio_ui5_key":"applicationmanageresources-display-component---newResourceUnit--resourceId"}]}
COMMAND: GET /session/5635ff3a58dcb7e64f288300af2e9ad3/screenshot - {}
RESULT: {"script":"<script> [1562 bytes]","args":[{"selector":{"id":"application-manageresources-display-component---newResourceUnit--resourceId","interaction":{"idSuffix":"inner"}},"wdio_ui5_key":"applicationmanageresources-display-component---newResourceUnit--resourceId"}]}
RESULT: undefined
COMMAND: POST /session/5635ff3a58dcb7e64f288300af2e9ad3/execute/async - {"script":"<script> [776 bytes]","args":[{"enterText":"2iV7TKQkqx","selector":{"id":"application-manageresources-display-component---newResourceUnit--resourceId","interaction":{"idSuffix":"inner"}},"clearTextFirst":true,"interactionType":"ENTER_TEXT"}]}
RESULT: {}
RESULT: {"script":"<script> [776 bytes]","args":[{"enterText":"2iV7TKQkqx","selector":{"id":"application-manageresources-display-component---newResourceUnit--resourceId","interaction":{"idSuffix":"inner"}},"clearTextFirst":true,"interactionType":"ENTER_TEXT"}]}
COMMAND: POST /session/5635ff3a58dcb7e64f288300af2e9ad3/execute/async - {"script":"<script> [1562 bytes]","args":[{"selector":{"id":"application-manageresources-display-component---newResourceUnit--SHORT_TEXT","interaction":{"idSuffix":"inner"}},"wdio_ui5_key":"applicationmanageresources-display-component---newResourceUnit--SHORT_TEXT"}]}
RESULT: {"script":"<script> [1562 bytes]","args":[{"selector":{"id":"application-manageresources-display-component---newResourceUnit--SHORT_TEXT","interaction":{"idSuffix":"inner"}},"wdio_ui5_key":"applicationmanageresources-display-component---newResourceUnit--SHORT_TEXT"}]}
RESULT: undefined
COMMAND: POST /session/5635ff3a58dcb7e64f288300af2e9ad3/execute/async - {"script":"<script> [776 bytes]","args":[{"enterText":"Intercompany Equipment WDIO","selector":{"id":"application-manageresources-display-component---newResourceUnit--SHORT_TEXT","interaction":{"idSuffix":"inner"}},"clearTextFirst":true,"interactionType":"ENTER_TEXT"}]}
RESULT: {"script":"<script> [776 bytes]","args":[{"enterText":"Intercompany Equipment WDIO","selector":{"id":"application-manageresources-display-component---newResourceUnit--SHORT_TEXT","interaction":{"idSuffix":"inner"}},"clearTextFirst":true,"interactionType":"ENTER_TEXT"}]}
COMMAND: POST /session/5635ff3a58dcb7e64f288300af2e9ad3/execute/async - {"script":"<script> [1562 bytes]","args":[{"selector":{"id":"application-manageresources-display-component---newResourceUnit--BASE_UNIT_OF_MEASURE","interaction":{"idSuffix":"inner"}},"wdio_ui5_key":"applicationmanageresources-display-component---newResourceUnit--BASE_UNIT_OF_MEASURE"}]}
RESULT: {"script":"<script> [1562 bytes]","args":[{"selector":{"id":"application-manageresources-display-component---newResourceUnit--BASE_UNIT_OF_MEASURE","interaction":{"idSuffix":"inner"}},"wdio_ui5_key":"applicationmanageresources-display-component---newResourceUnit--BASE_UNIT_OF_MEASURE"}]}
RESULT: undefined
COMMAND: POST /session/5635ff3a58dcb7e64f288300af2e9ad3/execute/async - {"script":"<script> [776 bytes]","args":[{"enterText":"Piece","selector":{"id":"application-manageresources-display-component---newResourceUnit--BASE_UNIT_OF_MEASURE","interaction":{"idSuffix":"inner"}},"clearTextFirst":true,"interactionType":"ENTER_TEXT"}]}
RESULT: {"script":"<script> [776 bytes]","args":[{"enterText":"Piece","selector":{"id":"application-manageresources-display-component---newResourceUnit--BASE_UNIT_OF_MEASURE","interaction":{"idSuffix":"inner"}},"clearTextFirst":true,"interactionType":"ENTER_TEXT"}]}
COMMAND: POST /session/5635ff3a58dcb7e64f288300af2e9ad3/execute/async - {"script":"<script> [1562 bytes]","args":[{"selector":{"id":"application-manageresources-display-component---newResourceUnit--WEIGHT_UNIT","interaction":{"idSuffix":"inner"}},"wdio_ui5_key":"applicationmanageresources-display-component---newResourceUnit--WEIGHT_UNIT"}]}
RESULT: {"script":"<script> [1562 bytes]","args":[{"selector":{"id":"application-manageresources-display-component---newResourceUnit--WEIGHT_UNIT","interaction":{"idSuffix":"inner"}},"wdio_ui5_key":"applicationmanageresources-display-component---newResourceUnit--WEIGHT_UNIT"}]}
RESULT: undefined
COMMAND: POST /session/5635ff3a58dcb7e64f288300af2e9ad3/execute/async - {"script":"<script> [776 bytes]","args":[{"enterText":"Gram","selector":{"id":"application-manageresources-display-component---newResourceUnit--WEIGHT_UNIT","interaction":{"idSuffix":"inner"}},"clearTextFirst":true,"interactionType":"ENTER_TEXT"}]}
RESULT: {"script":"<script> [776 bytes]","args":[{"enterText":"Gram","selector":{"id":"application-manageresources-display-component---newResourceUnit--WEIGHT_UNIT","interaction":{"idSuffix":"inner"}},"clearTextFirst":true,"interactionType":"ENTER_TEXT"}]}
COMMAND: POST /session/5635ff3a58dcb7e64f288300af2e9ad3/execute/async - {"script":"<script> [1562 bytes]","args":[{"selector":{"id":"application-manageresources-display-component---newResourceUnit--DIMENSION_UNIT","interaction":{"idSuffix":"inner"}},"wdio_ui5_key":"applicationmanageresources-display-component---newResourceUnit--DIMENSION_UNIT"}]}
RESULT: {"script":"<script> [1562 bytes]","args":[{"selector":{"id":"application-manageresources-display-component---newResourceUnit--DIMENSION_UNIT","interaction":{"idSuffix":"inner"}},"wdio_ui5_key":"applicationmanageresources-display-component---newResourceUnit--DIMENSION_UNIT"}]}
RESULT: undefined
COMMAND: POST /session/5635ff3a58dcb7e64f288300af2e9ad3/execute/async - {"script":"<script> [776 bytes]","args":[{"enterText":"Meter","selector":{"id":"application-manageresources-display-component---newResourceUnit--DIMENSION_UNIT","interaction":{"idSuffix":"inner"}},"clearTextFirst":true,"interactionType":"ENTER_TEXT"}]}
RESULT: {"script":"<script> [776 bytes]","args":[{"enterText":"Meter","selector":{"id":"application-manageresources-display-component---newResourceUnit--DIMENSION_UNIT","interaction":{"idSuffix":"inner"}},"clearTextFirst":true,"interactionType":"ENTER_TEXT"}]}
COMMAND: POST /session/5635ff3a58dcb7e64f288300af2e9ad3/execute/async - {"script":"<script> [1562 bytes]","args":[{"selector":{"id":"application-manageresources-display-component---newResourceUnit--newRRUPage-anchBar-application-manageresources-display-component---newResourceUnit--control-anchor","interaction":{"idSuffix":"BDI-content"}},"wdio_ui5_key":"applicationmanageresources-display-component---newResourceUnit--newRRUPage-anchBar-application-manageresources-display-component---newResourceUnit--control-anchor"}]}
RESULT: {"script":"<script> [1562 bytes]","args":[{"selector":{"id":"application-manageresources-display-component---newResourceUnit--newRRUPage-anchBar-application-manageresources-display-component---newResourceUnit--control-anchor","interaction":{"idSuffix":"BDI-content"}},"wdio_ui5_key":"applicationmanageresources-display-component---newResourceUnit--newRRUPage-anchBar-application-manageresources-display-component---newResourceUnit--control-anchor"}]}
RESULT: undefined
COMMAND: POST /session/5635ff3a58dcb7e64f288300af2e9ad3/element - {"using":"xpath","value":"//*[@id=\"application-manageresources-display-component---newResourceUnit--newRRUPage-anchBar-application-manageresources-display-component---newResourceUnit--control-anchor\"]"}
RESULT: {"using":"xpath","value":"//*[@id=\"application-manageresources-display-component---newResourceUnit--newRRUPage-anchBar-application-manageresources-display-component---newResourceUnit--control-anchor\"]"}
COMMAND: POST /session/5635ff3a58dcb7e64f288300af2e9ad3/element/f.ED9453BD34BB61637EDB63CE7F048255.d.8056E4B8DC9A385C9DC9C1331BBD73B0.e.11765/click - {}
RESULT: {}
COMMAND: POST /session/5635ff3a58dcb7e64f288300af2e9ad3/execute/async - {"script":"<script> [1562 bytes]","args":[{"selector":{"id":"application-manageresources-display-component---newResourceUnit--PLANNING_GROUP","interaction":{"idSuffix":"inner"}},"wdio_ui5_key":"applicationmanageresources-display-component---newResourceUnit--PLANNING_GROUP"}]}
COMMAND: GET /session/5635ff3a58dcb7e64f288300af2e9ad3/screenshot - {}
RESULT: {"script":"<script> [1562 bytes]","args":[{"selector":{"id":"application-manageresources-display-component---newResourceUnit--PLANNING_GROUP","interaction":{"idSuffix":"inner"}},"wdio_ui5_key":"applicationmanageresources-display-component---newResourceUnit--PLANNING_GROUP"}]}
RESULT: undefined
COMMAND: POST /session/5635ff3a58dcb7e64f288300af2e9ad3/execute/async - {"script":"<script> [776 bytes]","args":[{"enterText":"Heavy Equi","selector":{"id":"application-manageresources-display-component---newResourceUnit--PLANNING_GROUP","interaction":{"idSuffix":"inner"}},"clearTextFirst":true,"interactionType":"ENTER_TEXT"}]}
RESULT: {}
RESULT: {"script":"<script> [776 bytes]","args":[{"enterText":"Heavy Equi","selector":{"id":"application-manageresources-display-component---newResourceUnit--PLANNING_GROUP","interaction":{"idSuffix":"inner"}},"clearTextFirst":true,"interactionType":"ENTER_TEXT"}]}
COMMAND: POST /session/5635ff3a58dcb7e64f288300af2e9ad3/execute/async - {"script":"<script> [1562 bytes]","args":[{"selector":{"id":"application-manageresources-display-component---newResourceUnit--ITEM_TYPE-arrow"},"wdio_ui5_key":"applicationmanageresources-display-component---newResourceUnit--ITEM_TYPE-arrow"}]}
RESULT: {"script":"<script> [1562 bytes]","args":[{"selector":{"id":"application-manageresources-display-component---newResourceUnit--ITEM_TYPE-arrow"},"wdio_ui5_key":"applicationmanageresources-display-component---newResourceUnit--ITEM_TYPE-arrow"}]}
RESULT: undefined
COMMAND: POST /session/5635ff3a58dcb7e64f288300af2e9ad3/element - {"using":"xpath","value":"//*[@id=\"application-manageresources-display-component---newResourceUnit--ITEM_TYPE-arrow\"]"}
RESULT: {"using":"xpath","value":"//*[@id=\"application-manageresources-display-component---newResourceUnit--ITEM_TYPE-arrow\"]"}
COMMAND: POST /session/5635ff3a58dcb7e64f288300af2e9ad3/element/f.ED9453BD34BB61637EDB63CE7F048255.d.8056E4B8DC9A385C9DC9C1331BBD73B0.e.11774/click - {}
RESULT: {}
COMMAND: POST /session/5635ff3a58dcb7e64f288300af2e9ad3/element - {"using":"xpath","value":"(//span[contains(text(), \"Resource Unit\")])[2]"}
COMMAND: GET /session/5635ff3a58dcb7e64f288300af2e9ad3/screenshot - {}
RESULT: {"using":"xpath","value":"(//span[contains(text(), \"Resource Unit\")])[2]"}
COMMAND: POST /session/5635ff3a58dcb7e64f288300af2e9ad3/element/f.ED9453BD34BB61637EDB63CE7F048255.d.8056E4B8DC9A385C9DC9C1331BBD73B0.e.11775/click - {}
RESULT: {}
RESULT: {}
COMMAND: GET /session/5635ff3a58dcb7e64f288300af2e9ad3/screenshot - {}
RESULT: {}
COMMAND: POST /session/5635ff3a58dcb7e64f288300af2e9ad3/element - {"using":"css selector","value":"#application-manageresources-display-component---newResourceUnit--btnAddTimeSegment"}
RESULT: {"using":"css selector","value":"#application-manageresources-display-component---newResourceUnit--btnAddTimeSegment"}
COMMAND: GET /session/5635ff3a58dcb7e64f288300af2e9ad3/element/f.ED9453BD34BB61637EDB63CE7F048255.d.8056E4B8DC9A385C9DC9C1331BBD73B0.e.11783/rect - {}
RESULT: {}
COMMAND: GET /session/5635ff3a58dcb7e64f288300af2e9ad3/window/rect - {}
RESULT: {}
COMMAND: POST /session/5635ff3a58dcb7e64f288300af2e9ad3/execute/sync - {"script":"<script> [92 bytes]","args":[]}
RESULT: {"script":"<script> [92 bytes]","args":[]}
COMMAND: POST /session/5635ff3a58dcb7e64f288300af2e9ad3/actions - {"actions":[{"id":"action33","type":"wheel","parameters":{},"actions":[{"type":"scroll","x":-1888,"y":-32,"deltaX":0,"deltaY":0,"duration":0,"origin":{"element-6066-11e4-a52e-4f735466cecf":"f.ED9453BD34BB61637EDB63CE7F048255.d.8056E4B8DC9A385C9DC9C1331BBD73B0.e.11783"}}]}]}
COMMAND: GET /session/5635ff3a58dcb7e64f288300af2e9ad3/screenshot - {}
RESULT: {}
COMMAND: POST /session/5635ff3a58dcb7e64f288300af2e9ad3/execute/sync - {"script":"<script> [79 bytes]","args":[{"element-6066-11e4-a52e-4f735466cecf":"f.ED9453BD34BB61637EDB63CE7F048255.d.8056E4B8DC9A385C9DC9C1331BBD73B0.e.11783","ELEMENT":"f.ED9453BD34BB61637EDB63CE7F048255.d.8056E4B8DC9A385C9DC9C1331BBD73B0.e.11783"},{"block":"start","inline":"nearest"}]}
RESULT: {"script":"<script> [79 bytes]","args":[{"element-6066-11e4-a52e-4f735466cecf":"f.ED9453BD34BB61637EDB63CE7F048255.d.8056E4B8DC9A385C9DC9C1331BBD73B0.e.11783","ELEMENT":"f.ED9453BD34BB61637EDB63CE7F048255.d.8056E4B8DC9A385C9DC9C1331BBD73B0.e.11783"},{"block":"start","inline":"nearest"}]}
COMMAND: POST /session/5635ff3a58dcb7e64f288300af2e9ad3/execute/async - {"script":"<script> [1562 bytes]","args":[{"selector":{"id":"application-manageresources-display-component---newResourceUnit--btnAddTimeSegment","interaction":{"idSuffix":"inner"}},"wdio_ui5_key":"applicationmanageresources-display-component---newResourceUnit--btnAddTimeSegment"}]}
COMMAND: GET /session/5635ff3a58dcb7e64f288300af2e9ad3/screenshot - {}
RESULT: {"script":"<script> [1562 bytes]","args":[{"selector":{"id":"application-manageresources-display-component---newResourceUnit--btnAddTimeSegment","interaction":{"idSuffix":"inner"}},"wdio_ui5_key":"applicationmanageresources-display-component---newResourceUnit--btnAddTimeSegment"}]}
RESULT: undefined
COMMAND: POST /session/5635ff3a58dcb7e64f288300af2e9ad3/element - {"using":"xpath","value":"//*[@id=\"application-manageresources-display-component---newResourceUnit--btnAddTimeSegment\"]"}
RESULT: {}
RESULT: {"using":"xpath","value":"//*[@id=\"application-manageresources-display-component---newResourceUnit--btnAddTimeSegment\"]"}
COMMAND: POST /session/5635ff3a58dcb7e64f288300af2e9ad3/element/f.ED9453BD34BB61637EDB63CE7F048255.d.8056E4B8DC9A385C9DC9C1331BBD73B0.e.11783/click - {}
RESULT: {}
COMMAND: GET /session/5635ff3a58dcb7e64f288300af2e9ad3/screenshot - {}
RESULT: {}
COMMAND: POST /session/5635ff3a58dcb7e64f288300af2e9ad3/element - {"using":"xpath","value":"//input[@id=\"application-manageresources-display-component---newResourceUnit--idRuTSAdmin-application-manageresources-display-component---newResourceUnit--RUTimeSegment-0-inner\"]"}
RESULT: {"using":"xpath","value":"//input[@id=\"application-manageresources-display-component---newResourceUnit--idRuTSAdmin-application-manageresources-display-component---newResourceUnit--RUTimeSegment-0-inner\"]"}
COMMAND: POST /session/5635ff3a58dcb7e64f288300af2e9ad3/element/f.ED9453BD34BB61637EDB63CE7F048255.d.8056E4B8DC9A385C9DC9C1331BBD73B0.e.11789/clear - {}
RESULT: {}
COMMAND: POST /session/5635ff3a58dcb7e64f288300af2e9ad3/element/f.ED9453BD34BB61637EDB63CE7F048255.d.8056E4B8DC9A385C9DC9C1331BBD73B0.e.11789/value - {"text":"434"}
COMMAND: GET /session/5635ff3a58dcb7e64f288300af2e9ad3/screenshot - {}
RESULT: {"text":"434"}
COMMAND: GET /session/5635ff3a58dcb7e64f288300af2e9ad3/screenshot - {}
RESULT: {}
RESULT: {}
COMMAND: POST /session/5635ff3a58dcb7e64f288300af2e9ad3/element - {"using":"xpath","value":"//li[.//span[text()='434']]"}
RESULT: {"using":"xpath","value":"//li[.//span[text()='434']]"}
COMMAND: POST /session/5635ff3a58dcb7e64f288300af2e9ad3/element/f.ED9453BD34BB61637EDB63CE7F048255.d.8056E4B8DC9A385C9DC9C1331BBD73B0.e.11802/click - {}
RESULT: {}
COMMAND: GET /session/5635ff3a58dcb7e64f288300af2e9ad3/screenshot - {}
RESULT: {}
COMMAND: POST /session/5635ff3a58dcb7e64f288300af2e9ad3/element - {"using":"xpath","value":"(//span[contains(@id, \"-application-manageresources-display-component---newResourceUnit--RUTimeSegment-0-arrow\")])[6]"}
RESULT: {"using":"xpath","value":"(//span[contains(@id, \"-application-manageresources-display-component---newResourceUnit--RUTimeSegment-0-arrow\")])[6]"}
COMMAND: POST /session/5635ff3a58dcb7e64f288300af2e9ad3/element/f.ED9453BD34BB61637EDB63CE7F048255.d.8056E4B8DC9A385C9DC9C1331BBD73B0.e.11803/click - {}
RESULT: {}
COMMAND: GET /session/5635ff3a58dcb7e64f288300af2e9ad3/screenshot - {}
RESULT: {}
COMMAND: POST /session/5635ff3a58dcb7e64f288300af2e9ad3/element - {"using":"xpath","value":"//span[contains(text(), \"PM Order\")]"}
RESULT: {"using":"xpath","value":"//span[contains(text(), \"PM Order\")]"}
COMMAND: POST /session/5635ff3a58dcb7e64f288300af2e9ad3/element/f.ED9453BD34BB61637EDB63CE7F048255.d.8056E4B8DC9A385C9DC9C1331BBD73B0.e.11806/click - {}
RESULT: {}
COMMAND: GET /session/5635ff3a58dcb7e64f288300af2e9ad3/screenshot - {}
RESULT: {}
COMMAND: POST /session/5635ff3a58dcb7e64f288300af2e9ad3/element - {"using":"xpath","value":"(//span[contains(@id ,\"manageresources-display-component---newResourceUnit--RUTimeSegment-0-vhi\")])[1]"}
RESULT: {"using":"xpath","value":"(//span[contains(@id ,\"manageresources-display-component---newResourceUnit--RUTimeSegment-0-vhi\")])[1]"}
COMMAND: GET /session/5635ff3a58dcb7e64f288300af2e9ad3/element/f.ED9453BD34BB61637EDB63CE7F048255.d.8056E4B8DC9A385C9DC9C1331BBD73B0.e.11810/rect - {}
RESULT: {}
COMMAND: GET /session/5635ff3a58dcb7e64f288300af2e9ad3/window/rect - {}
RESULT: {}
COMMAND: POST /session/5635ff3a58dcb7e64f288300af2e9ad3/execute/sync - {"script":"<script> [92 bytes]","args":[]}
RESULT: {"script":"<script> [92 bytes]","args":[]}
COMMAND: POST /session/5635ff3a58dcb7e64f288300af2e9ad3/actions - {"actions":[{"id":"action34","type":"wheel","parameters":{},"actions":[{"type":"scroll","x":-869,"y":-24,"deltaX":0,"deltaY":0,"duration":0,"origin":{"element-6066-11e4-a52e-4f735466cecf":"f.ED9453BD34BB61637EDB63CE7F048255.d.8056E4B8DC9A385C9DC9C1331BBD73B0.e.11810"}}]}]}
COMMAND: GET /session/5635ff3a58dcb7e64f288300af2e9ad3/screenshot - {}
RESULT: {"actions":[{"id":"action34","type":"wheel","parameters":{},"actions":[{"type":"scroll","x":-869,"y":-24,"deltaX":0,"deltaY":0,"duration":0,"origin":{"element-6066-11e4-a52e-4f735466cecf":"f.ED9453BD34BB61637EDB63CE7F048255.d.8056E4B8DC9A385C9DC9C1331BBD73B0.e.11810"}}]}]}
COMMAND: DELETE /session/5635ff3a58dcb7e64f288300af2e9ad3/actions - {}
COMMAND: GET /session/5635ff3a58dcb7e64f288300af2e9ad3/screenshot - {}
RESULT: {}
RESULT: {}
COMMAND: GET /session/5635ff3a58dcb7e64f288300af2e9ad3/screenshot - {}
RESULT: {}
RESULT: {}
COMMAND: POST /session/5635ff3a58dcb7e64f288300af2e9ad3/element/f.ED9453BD34BB61637EDB63CE7F048255.d.8056E4B8DC9A385C9DC9C1331BBD73B0.e.11810/click - {}
RESULT: {}
COMMAND: GET /session/5635ff3a58dcb7e64f288300af2e9ad3/screenshot - {}
RESULT: {}
COMMAND: POST /session/5635ff3a58dcb7e64f288300af2e9ad3/execute/async - {"script":"<script> [1562 bytes]","args":[{"selector":{"controlType":"sap.m.SearchField","properties":{"placeholder":"Search"},"searchOpenDialogs":true,"interaction":{"idSuffix":"I"}},"wdio_ui5_key":"sapm.SearchField{\"placeholder\":\"Search\"}"}]}
RESULT: {"script":"<script> [1562 bytes]","args":[{"selector":{"controlType":"sap.m.SearchField","properties":{"placeholder":"Search"},"searchOpenDialogs":true,"interaction":{"idSuffix":"I"}},"wdio_ui5_key":"sapm.SearchField{\"placeholder\":\"Search\"}"}]}
RESULT: undefined
COMMAND: POST /session/5635ff3a58dcb7e64f288300af2e9ad3/execute/async - {"script":"<script> [776 bytes]","args":[{"enterText":"4000360","selector":{"controlType":"sap.m.SearchField","properties":{"placeholder":"Search"},"searchOpenDialogs":true,"interaction":{"idSuffix":"I"}},"clearTextFirst":true,"interactionType":"ENTER_TEXT"}]}
RESULT: {"script":"<script> [776 bytes]","args":[{"enterText":"4000360","selector":{"controlType":"sap.m.SearchField","properties":{"placeholder":"Search"},"searchOpenDialogs":true,"interaction":{"idSuffix":"I"}},"clearTextFirst":true,"interactionType":"ENTER_TEXT"}]}
COMMAND: POST /session/5635ff3a58dcb7e64f288300af2e9ad3/actions - {"actions":[{"id":"action35","type":"key","parameters":{},"actions":[{"type":"keyDown","value":""},{"type":"pause","duration":10},{"type":"keyUp","value":""}]}]}
RESULT: {"actions":[{"id":"action35","type":"key","parameters":{},"actions":[{"type":"keyDown","value":""},{"type":"pause","duration":10},{"type":"keyUp","value":""}]}]}
COMMAND: GET /session/5635ff3a58dcb7e64f288300af2e9ad3/screenshot - {}
RESULT: {}
COMMAND: POST /session/5635ff3a58dcb7e64f288300af2e9ad3/element - {"using":"xpath","value":"//td/div/span[contains(text(), \"BGL Vehicles\")]"}
RESULT: {"using":"xpath","value":"//td/div/span[contains(text(), \"BGL Vehicles\")]"}
COMMAND: POST /session/5635ff3a58dcb7e64f288300af2e9ad3/element/f.ED9453BD34BB61637EDB63CE7F048255.d.8056E4B8DC9A385C9DC9C1331BBD73B0.e.11831/click - {}
RESULT: {}
COMMAND: GET /session/5635ff3a58dcb7e64f288300af2e9ad3/screenshot - {}
RESULT: {}
COMMAND: POST /session/5635ff3a58dcb7e64f288300af2e9ad3/element - {"using":"xpath","value":"//bdi[contains(text(), \"OK\")]"}
RESULT: {"using":"xpath","value":"//bdi[contains(text(), \"OK\")]"}
COMMAND: POST /session/5635ff3a58dcb7e64f288300af2e9ad3/element/f.ED9453BD34BB61637EDB63CE7F048255.d.8056E4B8DC9A385C9DC9C1331BBD73B0.e.11832/click - {}
RESULT: {}
COMMAND: GET /session/5635ff3a58dcb7e64f288300af2e9ad3/screenshot - {}
RESULT: {}
COMMAND: POST /session/5635ff3a58dcb7e64f288300af2e9ad3/execute/async - {"script":"<script> [1562 bytes]","args":[{"selector":{"id":"application-manageresources-display-component---newResourceUnit--newRRUPage-anchBar-application-manageresources-display-component---newResourceUnit--resource-anchor","interaction":{"idSuffix":"BDI-content"}},"wdio_ui5_key":"applicationmanageresources-display-component---newResourceUnit--newRRUPage-anchBar-application-manageresources-display-component---newResourceUnit--resource-anchor"}]}
RESULT: {"script":"<script> [1562 bytes]","args":[{"selector":{"id":"application-manageresources-display-component---newResourceUnit--newRRUPage-anchBar-application-manageresources-display-component---newResourceUnit--resource-anchor","interaction":{"idSuffix":"BDI-content"}},"wdio_ui5_key":"applicationmanageresources-display-component---newResourceUnit--newRRUPage-anchBar-application-manageresources-display-component---newResourceUnit--resource-anchor"}]}
RESULT: undefined
COMMAND: POST /session/5635ff3a58dcb7e64f288300af2e9ad3/element - {"using":"xpath","value":"//*[@id=\"application-manageresources-display-component---newResourceUnit--newRRUPage-anchBar-application-manageresources-display-component---newResourceUnit--resource-anchor\"]"}
RESULT: {"using":"xpath","value":"//*[@id=\"application-manageresources-display-component---newResourceUnit--newRRUPage-anchBar-application-manageresources-display-component---newResourceUnit--resource-anchor\"]"}
COMMAND: POST /session/5635ff3a58dcb7e64f288300af2e9ad3/element/f.ED9453BD34BB61637EDB63CE7F048255.d.8056E4B8DC9A385C9DC9C1331BBD73B0.e.11836/click - {}
RESULT: {}
COMMAND: POST /session/5635ff3a58dcb7e64f288300af2e9ad3/execute/async - {"script":"<script> [1562 bytes]","args":[{"selector":{"id":"application-manageresources-display-component---newResourceUnit--PLANNED_DELIVERY_DATE","interaction":{"idSuffix":"inner"}},"wdio_ui5_key":"applicationmanageresources-display-component---newResourceUnit--PLANNED_DELIVERY_DATE"}]}
COMMAND: GET /session/5635ff3a58dcb7e64f288300af2e9ad3/screenshot - {}
RESULT: {"script":"<script> [1562 bytes]","args":[{"selector":{"id":"application-manageresources-display-component---newResourceUnit--PLANNED_DELIVERY_DATE","interaction":{"idSuffix":"inner"}},"wdio_ui5_key":"applicationmanageresources-display-component---newResourceUnit--PLANNED_DELIVERY_DATE"}]}
RESULT: undefined
COMMAND: POST /session/5635ff3a58dcb7e64f288300af2e9ad3/execute/async - {"script":"<script> [6424 bytes]","args":[{"element-6066-11e4-a52e-4f735466cecf":"f.ED9453BD34BB61637EDB63CE7F048255.d.8056E4B8DC9A385C9DC9C1331BBD73B0.e.11663"},"setValue",["5/28/25"]]}
RESULT: {}
RESULT: {"script":"<script> [6424 bytes]","args":[{"element-6066-11e4-a52e-4f735466cecf":"f.ED9453BD34BB61637EDB63CE7F048255.d.8056E4B8DC9A385C9DC9C1331BBD73B0.e.11663"},"setValue",["5/28/25"]]}
COMMAND: POST /session/5635ff3a58dcb7e64f288300af2e9ad3/element - {"using":"xpath","value":"//label[contains(@class, 'sapMLabelRequired') and .//bdi[contains(text(), 'Planned Retirement')]]"}
RESULT: {"using":"xpath","value":"//label[contains(@class, 'sapMLabelRequired') and .//bdi[contains(text(), 'Planned Retirement')]]"}
COMMAND: POST /session/5635ff3a58dcb7e64f288300af2e9ad3/elements - {"using":"xpath","value":"//label[contains(@class, 'sapMLabelRequired') and .//bdi[contains(text(), 'Planned Retirement')]]"}
RESULT: {"using":"xpath","value":"//label[contains(@class, 'sapMLabelRequired') and .//bdi[contains(text(), 'Planned Retirement')]]"}
COMMAND: POST /session/5635ff3a58dcb7e64f288300af2e9ad3/element - {"using":"xpath","value":"//button[@data-kt=\"resourceUnitSaveButton\"]"}
RESULT: {"using":"xpath","value":"//button[@data-kt=\"resourceUnitSaveButton\"]"}
COMMAND: POST /session/5635ff3a58dcb7e64f288300af2e9ad3/element/f.ED9453BD34BB61637EDB63CE7F048255.d.8056E4B8DC9A385C9DC9C1331BBD73B0.e.11623/click - {}
RESULT: {}
COMMAND: GET /session/5635ff3a58dcb7e64f288300af2e9ad3/screenshot - {}
RESULT: {}
COMMAND: POST /session/5635ff3a58dcb7e64f288300af2e9ad3/element - {"using":"xpath","value":"//bdi[contains(text(), \"Close\")]"}
RESULT: {"using":"xpath","value":"//bdi[contains(text(), \"Close\")]"}
COMMAND: POST /session/5635ff3a58dcb7e64f288300af2e9ad3/element/f.ED9453BD34BB61637EDB63CE7F048255.d.8056E4B8DC9A385C9DC9C1331BBD73B0.e.11845/click - {}
RESULT: {}
COMMAND: GET /session/5635ff3a58dcb7e64f288300af2e9ad3/screenshot - {}
RESULT: {}
COMMAND: POST /session/5635ff3a58dcb7e64f288300af2e9ad3/element - {"using":"xpath","value":"(//button[contains(@id ,\"actionsToolbar-overflowButton\")])[1]"}
RESULT: {"using":"xpath","value":"(//button[contains(@id ,\"actionsToolbar-overflowButton\")])[1]"}
COMMAND: POST /session/5635ff3a58dcb7e64f288300af2e9ad3/element/f.ED9453BD34BB61637EDB63CE7F048255.d.8056E4B8DC9A385C9DC9C1331BBD73B0.e.11914/click - {}
RESULT: {}
COMMAND: GET /session/5635ff3a58dcb7e64f288300af2e9ad3/screenshot - {}
RESULT: {}
COMMAND: POST /session/5635ff3a58dcb7e64f288300af2e9ad3/element - {"using":"xpath","value":"//button[@data-kt=\"priceInfoButton\"]"}
RESULT: {"using":"xpath","value":"//button[@data-kt=\"priceInfoButton\"]"}
COMMAND: POST /session/5635ff3a58dcb7e64f288300af2e9ad3/element/f.ED9453BD34BB61637EDB63CE7F048255.d.8056E4B8DC9A385C9DC9C1331BBD73B0.e.11916/click - {}
RESULT: {}
COMMAND: GET /session/5635ff3a58dcb7e64f288300af2e9ad3/screenshot - {}
RESULT: {}
]]></system-out>
    </testcase>
    <testcase classname="chrome.136_0_7103_93.windows.Billing_Transfer_-_Intracompany_US127249" name="Should create a pricing procedure" time="55.191">
      <system-out><![CDATA[
COMMAND: POST /session/5635ff3a58dcb7e64f288300af2e9ad3/element - {"using":"xpath","value":"//button[@data-kt=\"addButton\"]"}
RESULT: {"using":"xpath","value":"//button[@data-kt=\"addButton\"]"}
COMMAND: POST /session/5635ff3a58dcb7e64f288300af2e9ad3/elements - {"using":"xpath","value":"//button[@data-kt=\"addButton\"]"}
RESULT: {"using":"xpath","value":"//button[@data-kt=\"addButton\"]"}
COMMAND: POST /session/5635ff3a58dcb7e64f288300af2e9ad3/execute/sync - {"script":"<script> [8489 bytes]","args":[{"element-6066-11e4-a52e-4f735466cecf":"f.ED9453BD34BB61637EDB63CE7F048255.d.8056E4B8DC9A385C9DC9C1331BBD73B0.e.11956","ELEMENT":"f.ED9453BD34BB61637EDB63CE7F048255.d.8056E4B8DC9A385C9DC9C1331BBD73B0.e.11956"}]}
RESULT: {"script":"<script> [8489 bytes]","args":[{"element-6066-11e4-a52e-4f735466cecf":"f.ED9453BD34BB61637EDB63CE7F048255.d.8056E4B8DC9A385C9DC9C1331BBD73B0.e.11956","ELEMENT":"f.ED9453BD34BB61637EDB63CE7F048255.d.8056E4B8DC9A385C9DC9C1331BBD73B0.e.11956"}]}
COMMAND: GET /session/5635ff3a58dcb7e64f288300af2e9ad3/element/f.ED9453BD34BB61637EDB63CE7F048255.d.8056E4B8DC9A385C9DC9C1331BBD73B0.e.11956/enabled - {}
COMMAND: GET /session/5635ff3a58dcb7e64f288300af2e9ad3/screenshot - {}
RESULT: {}
COMMAND: POST /session/5635ff3a58dcb7e64f288300af2e9ad3/execute/sync - {"script":"<script> [8489 bytes]","args":[{"element-6066-11e4-a52e-4f735466cecf":"f.ED9453BD34BB61637EDB63CE7F048255.d.8056E4B8DC9A385C9DC9C1331BBD73B0.e.11956","ELEMENT":"f.ED9453BD34BB61637EDB63CE7F048255.d.8056E4B8DC9A385C9DC9C1331BBD73B0.e.11956"}]}
COMMAND: GET /session/5635ff3a58dcb7e64f288300af2e9ad3/screenshot - {}
RESULT: {}
RESULT: {"script":"<script> [8489 bytes]","args":[{"element-6066-11e4-a52e-4f735466cecf":"f.ED9453BD34BB61637EDB63CE7F048255.d.8056E4B8DC9A385C9DC9C1331BBD73B0.e.11956","ELEMENT":"f.ED9453BD34BB61637EDB63CE7F048255.d.8056E4B8DC9A385C9DC9C1331BBD73B0.e.11956"}]}
COMMAND: POST /session/5635ff3a58dcb7e64f288300af2e9ad3/execute/sync - {"script":"<script> [5351 bytes]","args":[{"element-6066-11e4-a52e-4f735466cecf":"f.ED9453BD34BB61637EDB63CE7F048255.d.8056E4B8DC9A385C9DC9C1331BBD73B0.e.11956","ELEMENT":"f.ED9453BD34BB61637EDB63CE7F048255.d.8056E4B8DC9A385C9DC9C1331BBD73B0.e.11956"}]}
COMMAND: GET /session/5635ff3a58dcb7e64f288300af2e9ad3/screenshot - {}
RESULT: {}
RESULT: {"script":"<script> [5351 bytes]","args":[{"element-6066-11e4-a52e-4f735466cecf":"f.ED9453BD34BB61637EDB63CE7F048255.d.8056E4B8DC9A385C9DC9C1331BBD73B0.e.11956","ELEMENT":"f.ED9453BD34BB61637EDB63CE7F048255.d.8056E4B8DC9A385C9DC9C1331BBD73B0.e.11956"}]}
COMMAND: POST /session/5635ff3a58dcb7e64f288300af2e9ad3/element/f.ED9453BD34BB61637EDB63CE7F048255.d.8056E4B8DC9A385C9DC9C1331BBD73B0.e.11956/click - {}
COMMAND: GET /session/5635ff3a58dcb7e64f288300af2e9ad3/screenshot - {}
RESULT: {}
RESULT: {}
COMMAND: GET /session/5635ff3a58dcb7e64f288300af2e9ad3/screenshot - {}
RESULT: {}
RESULT: {}
COMMAND: POST /session/5635ff3a58dcb7e64f288300af2e9ad3/execute/async - {"script":"<script> [1562 bytes]","args":[{"selector":{"controlType":"sap.m.Title","viewName":"etm.portal.ui.managepricingrules.view.NewItem","viewId":"application-managepricingrules-display-component---newInfoPriceItem","properties":{"text":"New Pricing Rules - Item Level"}},"wdio_ui5_key":"etmportal.ui.managepricingrules.view.NewItemsap.m.Title{\"text\":\"New Pricing Rules - Item Level\"}"}]}
RESULT: {"script":"<script> [1562 bytes]","args":[{"selector":{"controlType":"sap.m.Title","viewName":"etm.portal.ui.managepricingrules.view.NewItem","viewId":"application-managepricingrules-display-component---newInfoPriceItem","properties":{"text":"New Pricing Rules - Item Level"}},"wdio_ui5_key":"etmportal.ui.managepricingrules.view.NewItemsap.m.Title{\"text\":\"New Pricing Rules - Item Level\"}"}]}
RESULT: undefined
COMMAND: POST /session/5635ff3a58dcb7e64f288300af2e9ad3/execute/async - {"script":"<script> [6424 bytes]","args":[{"element-6066-11e4-a52e-4f735466cecf":"f.ED9453BD34BB61637EDB63CE7F048255.d.8056E4B8DC9A385C9DC9C1331BBD73B0.e.12025"},"getText",[]]}
RESULT: {"script":"<script> [6424 bytes]","args":[{"element-6066-11e4-a52e-4f735466cecf":"f.ED9453BD34BB61637EDB63CE7F048255.d.8056E4B8DC9A385C9DC9C1331BBD73B0.e.12025"},"getText",[]]}
COMMAND: POST /session/5635ff3a58dcb7e64f288300af2e9ad3/execute/async - {"script":"<script> [1562 bytes]","args":[{"selector":{"id":"application-managepricingrules-display-component---newInfoPriceItem--condValidTo","interaction":{"idSuffix":"inner"}},"wdio_ui5_key":"applicationmanagepricingrules-display-component---newInfoPriceItem--condValidTo"}]}
RESULT: {"script":"<script> [1562 bytes]","args":[{"selector":{"id":"application-managepricingrules-display-component---newInfoPriceItem--condValidTo","interaction":{"idSuffix":"inner"}},"wdio_ui5_key":"applicationmanagepricingrules-display-component---newInfoPriceItem--condValidTo"}]}
RESULT: undefined
COMMAND: POST /session/5635ff3a58dcb7e64f288300af2e9ad3/execute/async - {"script":"<script> [776 bytes]","args":[{"enterText":"1/28/26","selector":{"id":"application-managepricingrules-display-component---newInfoPriceItem--condValidTo","interaction":{"idSuffix":"inner"}},"clearTextFirst":true,"interactionType":"ENTER_TEXT"}]}
RESULT: {"script":"<script> [776 bytes]","args":[{"enterText":"1/28/26","selector":{"id":"application-managepricingrules-display-component---newInfoPriceItem--condValidTo","interaction":{"idSuffix":"inner"}},"clearTextFirst":true,"interactionType":"ENTER_TEXT"}]}
COMMAND: POST /session/5635ff3a58dcb7e64f288300af2e9ad3/execute/async - {"script":"<script> [1562 bytes]","args":[{"selector":{"id":"application-managepricingrules-display-component---newInfoPriceItem--billType-arrow"},"wdio_ui5_key":"applicationmanagepricingrules-display-component---newInfoPriceItem--billType-arrow"}]}
RESULT: {"script":"<script> [1562 bytes]","args":[{"selector":{"id":"application-managepricingrules-display-component---newInfoPriceItem--billType-arrow"},"wdio_ui5_key":"applicationmanagepricingrules-display-component---newInfoPriceItem--billType-arrow"}]}
RESULT: undefined
COMMAND: POST /session/5635ff3a58dcb7e64f288300af2e9ad3/element - {"using":"xpath","value":"//*[@id=\"application-managepricingrules-display-component---newInfoPriceItem--billType-arrow\"]"}
RESULT: {"using":"xpath","value":"//*[@id=\"application-managepricingrules-display-component---newInfoPriceItem--billType-arrow\"]"}
COMMAND: POST /session/5635ff3a58dcb7e64f288300af2e9ad3/element/f.ED9453BD34BB61637EDB63CE7F048255.d.8056E4B8DC9A385C9DC9C1331BBD73B0.e.12117/click - {}
RESULT: {}
COMMAND: POST /session/5635ff3a58dcb7e64f288300af2e9ad3/element - {"using":"xpath","value":"//span[contains(text(), \"TB - Time based\")]"}
COMMAND: GET /session/5635ff3a58dcb7e64f288300af2e9ad3/screenshot - {}
RESULT: {"using":"xpath","value":"//span[contains(text(), \"TB - Time based\")]"}
COMMAND: POST /session/5635ff3a58dcb7e64f288300af2e9ad3/element/f.ED9453BD34BB61637EDB63CE7F048255.d.8056E4B8DC9A385C9DC9C1331BBD73B0.e.12118/click - {}
RESULT: {}
RESULT: {}
COMMAND: POST /session/5635ff3a58dcb7e64f288300af2e9ad3/execute/async - {"script":"<script> [1562 bytes]","args":[{"selector":{"id":"application-managepricingrules-display-component---newInfoPriceItem--priceProc-arrow"},"wdio_ui5_key":"applicationmanagepricingrules-display-component---newInfoPriceItem--priceProc-arrow"}]}
COMMAND: GET /session/5635ff3a58dcb7e64f288300af2e9ad3/screenshot - {}
RESULT: {"script":"<script> [1562 bytes]","args":[{"selector":{"id":"application-managepricingrules-display-component---newInfoPriceItem--priceProc-arrow"},"wdio_ui5_key":"applicationmanagepricingrules-display-component---newInfoPriceItem--priceProc-arrow"}]}
RESULT: undefined
COMMAND: POST /session/5635ff3a58dcb7e64f288300af2e9ad3/element - {"using":"xpath","value":"//*[@id=\"application-managepricingrules-display-component---newInfoPriceItem--priceProc-arrow\"]"}
RESULT: {}
RESULT: {"using":"xpath","value":"//*[@id=\"application-managepricingrules-display-component---newInfoPriceItem--priceProc-arrow\"]"}
COMMAND: POST /session/5635ff3a58dcb7e64f288300af2e9ad3/element/f.ED9453BD34BB61637EDB63CE7F048255.d.8056E4B8DC9A385C9DC9C1331BBD73B0.e.12080/click - {}
RESULT: {}
COMMAND: POST /session/5635ff3a58dcb7e64f288300af2e9ad3/element - {"using":"xpath","value":"//span[contains(text(), \"TBS - Time based standard\")]"}
COMMAND: GET /session/5635ff3a58dcb7e64f288300af2e9ad3/screenshot - {}
RESULT: {"using":"xpath","value":"//span[contains(text(), \"TBS - Time based standard\")]"}
COMMAND: POST /session/5635ff3a58dcb7e64f288300af2e9ad3/element/f.ED9453BD34BB61637EDB63CE7F048255.d.8056E4B8DC9A385C9DC9C1331BBD73B0.e.12119/click - {}
RESULT: {}
RESULT: {}
COMMAND: POST /session/5635ff3a58dcb7e64f288300af2e9ad3/execute/async - {"script":"<script> [1562 bytes]","args":[{"selector":{"id":"application-managepricingrules-display-component---newInfoPriceItem--calcBase-arrow"},"wdio_ui5_key":"applicationmanagepricingrules-display-component---newInfoPriceItem--calcBase-arrow"}]}
COMMAND: GET /session/5635ff3a58dcb7e64f288300af2e9ad3/screenshot - {}
RESULT: {"script":"<script> [1562 bytes]","args":[{"selector":{"id":"application-managepricingrules-display-component---newInfoPriceItem--calcBase-arrow"},"wdio_ui5_key":"applicationmanagepricingrules-display-component---newInfoPriceItem--calcBase-arrow"}]}
RESULT: undefined
COMMAND: POST /session/5635ff3a58dcb7e64f288300af2e9ad3/element - {"using":"xpath","value":"//*[@id=\"application-managepricingrules-display-component---newInfoPriceItem--calcBase-arrow\"]"}
RESULT: {}
RESULT: {"using":"xpath","value":"//*[@id=\"application-managepricingrules-display-component---newInfoPriceItem--calcBase-arrow\"]"}
COMMAND: POST /session/5635ff3a58dcb7e64f288300af2e9ad3/element/f.ED9453BD34BB61637EDB63CE7F048255.d.8056E4B8DC9A385C9DC9C1331BBD73B0.e.12087/click - {}
RESULT: {}
COMMAND: GET /session/5635ff3a58dcb7e64f288300af2e9ad3/screenshot - {}
RESULT: {}
COMMAND: POST /session/5635ff3a58dcb7e64f288300af2e9ad3/element - {"using":"xpath","value":"//span[contains(text(), \"0006 - TB(calendar days)\")]"}
RESULT: {"using":"xpath","value":"//span[contains(text(), \"0006 - TB(calendar days)\")]"}
COMMAND: POST /session/5635ff3a58dcb7e64f288300af2e9ad3/element/f.ED9453BD34BB61637EDB63CE7F048255.d.8056E4B8DC9A385C9DC9C1331BBD73B0.e.12120/click - {}
RESULT: {}
COMMAND: GET /session/5635ff3a58dcb7e64f288300af2e9ad3/screenshot - {}
RESULT: {}
COMMAND: POST /session/5635ff3a58dcb7e64f288300af2e9ad3/execute/async - {"script":"<script> [1562 bytes]","args":[{"selector":{"id":"application-managepricingrules-display-component---newInfoPriceItem--daysMonth","interaction":{"idSuffix":"inner"}},"wdio_ui5_key":"applicationmanagepricingrules-display-component---newInfoPriceItem--daysMonth"}]}
RESULT: {"script":"<script> [1562 bytes]","args":[{"selector":{"id":"application-managepricingrules-display-component---newInfoPriceItem--daysMonth","interaction":{"idSuffix":"inner"}},"wdio_ui5_key":"applicationmanagepricingrules-display-component---newInfoPriceItem--daysMonth"}]}
RESULT: undefined
COMMAND: POST /session/5635ff3a58dcb7e64f288300af2e9ad3/execute/async - {"script":"<script> [776 bytes]","args":[{"enterText":"30","selector":{"id":"application-managepricingrules-display-component---newInfoPriceItem--daysMonth","interaction":{"idSuffix":"inner"}},"clearTextFirst":true,"interactionType":"ENTER_TEXT"}]}
RESULT: {"script":"<script> [776 bytes]","args":[{"enterText":"30","selector":{"id":"application-managepricingrules-display-component---newInfoPriceItem--daysMonth","interaction":{"idSuffix":"inner"}},"clearTextFirst":true,"interactionType":"ENTER_TEXT"}]}
COMMAND: POST /session/5635ff3a58dcb7e64f288300af2e9ad3/element - {"using":"xpath","value":"//button[@data-kt=\"saveNewRuleButton\"]"}
RESULT: {"using":"xpath","value":"//button[@data-kt=\"saveNewRuleButton\"]"}
COMMAND: POST /session/5635ff3a58dcb7e64f288300af2e9ad3/element/f.ED9453BD34BB61637EDB63CE7F048255.d.8056E4B8DC9A385C9DC9C1331BBD73B0.e.12106/click - {}
RESULT: {}
COMMAND: GET /session/5635ff3a58dcb7e64f288300af2e9ad3/screenshot - {}
RESULT: {}
COMMAND: POST /session/5635ff3a58dcb7e64f288300af2e9ad3/execute/async - {"script":"<script> [1562 bytes]","args":[{"selector":{"id":"application-managepricingrules-display-component---priceInfoItem--smartFilterBar-btnBasicSearch","interaction":{"idSuffix":"I"}},"wdio_ui5_key":"applicationmanagepricingrules-display-component---priceInfoItem--smartFilterBar-btnBasicSearch"}]}
RESULT: {"script":"<script> [1562 bytes]","args":[{"selector":{"id":"application-managepricingrules-display-component---priceInfoItem--smartFilterBar-btnBasicSearch","interaction":{"idSuffix":"I"}},"wdio_ui5_key":"applicationmanagepricingrules-display-component---priceInfoItem--smartFilterBar-btnBasicSearch"}]}
RESULT: undefined
COMMAND: POST /session/5635ff3a58dcb7e64f288300af2e9ad3/execute/async - {"script":"<script> [776 bytes]","args":[{"enterText":"2iV7TKQkqx","selector":{"id":"application-managepricingrules-display-component---priceInfoItem--smartFilterBar-btnBasicSearch","interaction":{"idSuffix":"I"}},"clearTextFirst":true,"interactionType":"ENTER_TEXT"}]}
RESULT: {"script":"<script> [776 bytes]","args":[{"enterText":"2iV7TKQkqx","selector":{"id":"application-managepricingrules-display-component---priceInfoItem--smartFilterBar-btnBasicSearch","interaction":{"idSuffix":"I"}},"clearTextFirst":true,"interactionType":"ENTER_TEXT"}]}
COMMAND: POST /session/5635ff3a58dcb7e64f288300af2e9ad3/actions - {"actions":[{"id":"action36","type":"key","parameters":{},"actions":[{"type":"keyDown","value":""},{"type":"pause","duration":10},{"type":"keyUp","value":""}]}]}
RESULT: {"actions":[{"id":"action36","type":"key","parameters":{},"actions":[{"type":"keyDown","value":""},{"type":"pause","duration":10},{"type":"keyUp","value":""}]}]}
COMMAND: GET /session/5635ff3a58dcb7e64f288300af2e9ad3/screenshot - {}
RESULT: {}
COMMAND: POST /session/5635ff3a58dcb7e64f288300af2e9ad3/element - {"using":"xpath","value":"//span[@id=\"application-managepricingrules-display-component---priceInfoItem--smartTable-header-inner\"]"}
RESULT: {"using":"xpath","value":"//span[@id=\"application-managepricingrules-display-component---priceInfoItem--smartTable-header-inner\"]"}
COMMAND: POST /session/5635ff3a58dcb7e64f288300af2e9ad3/elements - {"using":"xpath","value":"//span[@id=\"application-managepricingrules-display-component---priceInfoItem--smartTable-header-inner\"]"}
RESULT: {"using":"xpath","value":"//span[@id=\"application-managepricingrules-display-component---priceInfoItem--smartTable-header-inner\"]"}
COMMAND: POST /session/5635ff3a58dcb7e64f288300af2e9ad3/execute/sync - {"script":"<script> [56 bytes]","args":[{"element-6066-11e4-a52e-4f735466cecf":"f.ED9453BD34BB61637EDB63CE7F048255.d.8056E4B8DC9A385C9DC9C1331BBD73B0.e.12146","ELEMENT":"f.ED9453BD34BB61637EDB63CE7F048255.d.8056E4B8DC9A385C9DC9C1331BBD73B0.e.12146"}]}
RESULT: {"script":"<script> [56 bytes]","args":[{"element-6066-11e4-a52e-4f735466cecf":"f.ED9453BD34BB61637EDB63CE7F048255.d.8056E4B8DC9A385C9DC9C1331BBD73B0.e.12146","ELEMENT":"f.ED9453BD34BB61637EDB63CE7F048255.d.8056E4B8DC9A385C9DC9C1331BBD73B0.e.12146"}]}
COMMAND: POST /session/5635ff3a58dcb7e64f288300af2e9ad3/element - {"using":"css selector","value":"#shell-header-logo"}
COMMAND: GET /session/5635ff3a58dcb7e64f288300af2e9ad3/screenshot - {}
RESULT: {"using":"css selector","value":"#shell-header-logo"}
COMMAND: POST /session/5635ff3a58dcb7e64f288300af2e9ad3/element/f.ED9453BD34BB61637EDB63CE7F048255.d.8056E4B8DC9A385C9DC9C1331BBD73B0.e.11405/click - {}
RESULT: {}
RESULT: {}
COMMAND: GET /session/5635ff3a58dcb7e64f288300af2e9ad3/screenshot - {}
RESULT: {}
]]></system-out>
    </testcase>
    <testcase classname="chrome.136_0_7103_93.windows.Billing_Transfer_-_Intracompany_US127249" name="Should manage conditions" time="68.819">
      <system-out><![CDATA[
COMMAND: POST /session/5635ff3a58dcb7e64f288300af2e9ad3/execute/async - {"script":"<script> [1562 bytes]","args":[{"selector":{"controlType":"sap.m.GenericTile","properties":{"header":"Manage Conditions & Prices"}},"wdio_ui5_key":"sapm.GenericTile{\"header\":\"Manage Conditions & Prices\"}"}]}
RESULT: {"script":"<script> [1562 bytes]","args":[{"selector":{"controlType":"sap.m.GenericTile","properties":{"header":"Manage Conditions & Prices"}},"wdio_ui5_key":"sapm.GenericTile{\"header\":\"Manage Conditions & Prices\"}"}]}
RESULT: undefined
COMMAND: POST /session/5635ff3a58dcb7e64f288300af2e9ad3/element - {"using":"xpath","value":"//*[@id=\"__tile93\"]"}
RESULT: {"using":"xpath","value":"//*[@id=\"__tile93\"]"}
COMMAND: POST /session/5635ff3a58dcb7e64f288300af2e9ad3/element/f.ED9453BD34BB61637EDB63CE7F048255.d.8056E4B8DC9A385C9DC9C1331BBD73B0.e.11385/click - {}
RESULT: {}
COMMAND: GET /session/5635ff3a58dcb7e64f288300af2e9ad3/screenshot - {}
COMMAND: POST /session/5635ff3a58dcb7e64f288300af2e9ad3/elements - {"using":"xpath","value":"//span[text()='Error']"}
RESULT: {}
RESULT: {"using":"xpath","value":"//span[text()='Error']"}
COMMAND: POST /session/5635ff3a58dcb7e64f288300af2e9ad3/element - {"using":"xpath","value":"//button[@aria-label=\"Create\"]"}
RESULT: {"using":"xpath","value":"//button[@aria-label=\"Create\"]"}
COMMAND: POST /session/5635ff3a58dcb7e64f288300af2e9ad3/elements - {"using":"xpath","value":"//button[@aria-label=\"Create\"]"}
RESULT: {"using":"xpath","value":"//button[@aria-label=\"Create\"]"}
COMMAND: POST /session/5635ff3a58dcb7e64f288300af2e9ad3/execute/sync - {"script":"<script> [8489 bytes]","args":[{"element-6066-11e4-a52e-4f735466cecf":"f.ED9453BD34BB61637EDB63CE7F048255.d.8056E4B8DC9A385C9DC9C1331BBD73B0.e.12182","ELEMENT":"f.ED9453BD34BB61637EDB63CE7F048255.d.8056E4B8DC9A385C9DC9C1331BBD73B0.e.12182"}]}
RESULT: {"script":"<script> [8489 bytes]","args":[{"element-6066-11e4-a52e-4f735466cecf":"f.ED9453BD34BB61637EDB63CE7F048255.d.8056E4B8DC9A385C9DC9C1331BBD73B0.e.12182","ELEMENT":"f.ED9453BD34BB61637EDB63CE7F048255.d.8056E4B8DC9A385C9DC9C1331BBD73B0.e.12182"}]}
COMMAND: GET /session/5635ff3a58dcb7e64f288300af2e9ad3/element/f.ED9453BD34BB61637EDB63CE7F048255.d.8056E4B8DC9A385C9DC9C1331BBD73B0.e.12182/enabled - {}
COMMAND: GET /session/5635ff3a58dcb7e64f288300af2e9ad3/screenshot - {}
RESULT: {}
COMMAND: POST /session/5635ff3a58dcb7e64f288300af2e9ad3/execute/sync - {"script":"<script> [8489 bytes]","args":[{"element-6066-11e4-a52e-4f735466cecf":"f.ED9453BD34BB61637EDB63CE7F048255.d.8056E4B8DC9A385C9DC9C1331BBD73B0.e.12182","ELEMENT":"f.ED9453BD34BB61637EDB63CE7F048255.d.8056E4B8DC9A385C9DC9C1331BBD73B0.e.12182"}]}
COMMAND: GET /session/5635ff3a58dcb7e64f288300af2e9ad3/screenshot - {}
RESULT: {}
RESULT: {"script":"<script> [8489 bytes]","args":[{"element-6066-11e4-a52e-4f735466cecf":"f.ED9453BD34BB61637EDB63CE7F048255.d.8056E4B8DC9A385C9DC9C1331BBD73B0.e.12182","ELEMENT":"f.ED9453BD34BB61637EDB63CE7F048255.d.8056E4B8DC9A385C9DC9C1331BBD73B0.e.12182"}]}
COMMAND: POST /session/5635ff3a58dcb7e64f288300af2e9ad3/execute/sync - {"script":"<script> [5351 bytes]","args":[{"element-6066-11e4-a52e-4f735466cecf":"f.ED9453BD34BB61637EDB63CE7F048255.d.8056E4B8DC9A385C9DC9C1331BBD73B0.e.12182","ELEMENT":"f.ED9453BD34BB61637EDB63CE7F048255.d.8056E4B8DC9A385C9DC9C1331BBD73B0.e.12182"}]}
COMMAND: GET /session/5635ff3a58dcb7e64f288300af2e9ad3/screenshot - {}
RESULT: {}
RESULT: {"script":"<script> [5351 bytes]","args":[{"element-6066-11e4-a52e-4f735466cecf":"f.ED9453BD34BB61637EDB63CE7F048255.d.8056E4B8DC9A385C9DC9C1331BBD73B0.e.12182","ELEMENT":"f.ED9453BD34BB61637EDB63CE7F048255.d.8056E4B8DC9A385C9DC9C1331BBD73B0.e.12182"}]}
COMMAND: POST /session/5635ff3a58dcb7e64f288300af2e9ad3/element/f.ED9453BD34BB61637EDB63CE7F048255.d.8056E4B8DC9A385C9DC9C1331BBD73B0.e.12182/click - {}
COMMAND: GET /session/5635ff3a58dcb7e64f288300af2e9ad3/screenshot - {}
RESULT: {}
RESULT: {}
COMMAND: GET /session/5635ff3a58dcb7e64f288300af2e9ad3/screenshot - {}
RESULT: {}
RESULT: {}
COMMAND: POST /session/5635ff3a58dcb7e64f288300af2e9ad3/actions - {"actions":[{"id":"action37","type":"key","parameters":{},"actions":[{"type":"keyDown","value":""},{"type":"pause","duration":10},{"type":"keyUp","value":""}]}]}
RESULT: {"actions":[{"id":"action37","type":"key","parameters":{},"actions":[{"type":"keyDown","value":""},{"type":"pause","duration":10},{"type":"keyUp","value":""}]}]}
COMMAND: GET /session/5635ff3a58dcb7e64f288300af2e9ad3/screenshot - {}
RESULT: {}
COMMAND: POST /session/5635ff3a58dcb7e64f288300af2e9ad3/execute/async - {"script":"<script> [1562 bytes]","args":[{"selector":{"id":"application-manageconditionprice-display-component---newCondition--condBillCond-arrow"},"wdio_ui5_key":"applicationmanageconditionprice-display-component---newCondition--condBillCond-arrow"}]}
RESULT: {"script":"<script> [1562 bytes]","args":[{"selector":{"id":"application-manageconditionprice-display-component---newCondition--condBillCond-arrow"},"wdio_ui5_key":"applicationmanageconditionprice-display-component---newCondition--condBillCond-arrow"}]}
RESULT: undefined
COMMAND: POST /session/5635ff3a58dcb7e64f288300af2e9ad3/element - {"using":"xpath","value":"//*[@id=\"application-manageconditionprice-display-component---newCondition--condBillCond-arrow\"]"}
RESULT: {"using":"xpath","value":"//*[@id=\"application-manageconditionprice-display-component---newCondition--condBillCond-arrow\"]"}
COMMAND: POST /session/5635ff3a58dcb7e64f288300af2e9ad3/element/f.ED9453BD34BB61637EDB63CE7F048255.d.8056E4B8DC9A385C9DC9C1331BBD73B0.e.12362/click - {}
RESULT: {}
COMMAND: GET /session/5635ff3a58dcb7e64f288300af2e9ad3/screenshot - {}
RESULT: {}
COMMAND: POST /session/5635ff3a58dcb7e64f288300af2e9ad3/element - {"using":"xpath","value":"//li[.//span[contains(text(), \"DISP - D&I special price\")]]"}
RESULT: {"using":"xpath","value":"//li[.//span[contains(text(), \"DISP - D&I special price\")]]"}
COMMAND: POST /session/5635ff3a58dcb7e64f288300af2e9ad3/element/f.ED9453BD34BB61637EDB63CE7F048255.d.8056E4B8DC9A385C9DC9C1331BBD73B0.e.12365/click - {}
RESULT: {}
COMMAND: GET /session/5635ff3a58dcb7e64f288300af2e9ad3/screenshot - {}
RESULT: {}
COMMAND: POST /session/5635ff3a58dcb7e64f288300af2e9ad3/execute/async - {"script":"<script> [1562 bytes]","args":[{"selector":{"id":"application-manageconditionprice-display-component---newCondition--condValidTo","interaction":{"idSuffix":"inner"}},"wdio_ui5_key":"applicationmanageconditionprice-display-component---newCondition--condValidTo"}]}
RESULT: {"script":"<script> [1562 bytes]","args":[{"selector":{"id":"application-manageconditionprice-display-component---newCondition--condValidTo","interaction":{"idSuffix":"inner"}},"wdio_ui5_key":"applicationmanageconditionprice-display-component---newCondition--condValidTo"}]}
RESULT: undefined
COMMAND: POST /session/5635ff3a58dcb7e64f288300af2e9ad3/execute/async - {"script":"<script> [776 bytes]","args":[{"enterText":"1/28/26","selector":{"id":"application-manageconditionprice-display-component---newCondition--condValidTo","interaction":{"idSuffix":"inner"}},"clearTextFirst":true,"interactionType":"ENTER_TEXT"}]}
RESULT: {"script":"<script> [776 bytes]","args":[{"enterText":"1/28/26","selector":{"id":"application-manageconditionprice-display-component---newCondition--condValidTo","interaction":{"idSuffix":"inner"}},"clearTextFirst":true,"interactionType":"ENTER_TEXT"}]}
COMMAND: POST /session/5635ff3a58dcb7e64f288300af2e9ad3/element - {"using":"xpath","value":"//input[@id=\"application-manageconditionprice-display-component---newCondition--condRU-inner\"]"}
RESULT: {"using":"xpath","value":"//input[@id=\"application-manageconditionprice-display-component---newCondition--condRU-inner\"]"}
COMMAND: POST /session/5635ff3a58dcb7e64f288300af2e9ad3/element/f.ED9453BD34BB61637EDB63CE7F048255.d.8056E4B8DC9A385C9DC9C1331BBD73B0.e.12198/clear - {}
RESULT: {}
COMMAND: POST /session/5635ff3a58dcb7e64f288300af2e9ad3/element/f.ED9453BD34BB61637EDB63CE7F048255.d.8056E4B8DC9A385C9DC9C1331BBD73B0.e.12198/value - {"text":"2iV7TKQkqx"}
COMMAND: GET /session/5635ff3a58dcb7e64f288300af2e9ad3/screenshot - {}
RESULT: {"text":"2iV7TKQkqx"}
COMMAND: GET /session/5635ff3a58dcb7e64f288300af2e9ad3/screenshot - {}
RESULT: {}
RESULT: {}
COMMAND: POST /session/5635ff3a58dcb7e64f288300af2e9ad3/actions - {"actions":[{"id":"action38","type":"key","parameters":{},"actions":[{"type":"keyDown","value":""},{"type":"pause","duration":10},{"type":"keyUp","value":""}]}]}
RESULT: {"actions":[{"id":"action38","type":"key","parameters":{},"actions":[{"type":"keyDown","value":""},{"type":"pause","duration":10},{"type":"keyUp","value":""}]}]}
COMMAND: POST /session/5635ff3a58dcb7e64f288300af2e9ad3/execute/async - {"script":"<script> [1562 bytes]","args":[{"selector":{"id":"application-manageconditionprice-display-component---newCondition--condBaseQty","interaction":{"idSuffix":"inner"}},"wdio_ui5_key":"applicationmanageconditionprice-display-component---newCondition--condBaseQty"}]}
COMMAND: GET /session/5635ff3a58dcb7e64f288300af2e9ad3/screenshot - {}
RESULT: {"script":"<script> [1562 bytes]","args":[{"selector":{"id":"application-manageconditionprice-display-component---newCondition--condBaseQty","interaction":{"idSuffix":"inner"}},"wdio_ui5_key":"applicationmanageconditionprice-display-component---newCondition--condBaseQty"}]}
RESULT: undefined
COMMAND: POST /session/5635ff3a58dcb7e64f288300af2e9ad3/execute/async - {"script":"<script> [776 bytes]","args":[{"enterText":"1","selector":{"id":"application-manageconditionprice-display-component---newCondition--condBaseQty","interaction":{"idSuffix":"inner"}},"clearTextFirst":true,"interactionType":"ENTER_TEXT"}]}
RESULT: {}
RESULT: {"script":"<script> [776 bytes]","args":[{"enterText":"1","selector":{"id":"application-manageconditionprice-display-component---newCondition--condBaseQty","interaction":{"idSuffix":"inner"}},"clearTextFirst":true,"interactionType":"ENTER_TEXT"}]}
COMMAND: POST /session/5635ff3a58dcb7e64f288300af2e9ad3/execute/async - {"script":"<script> [1562 bytes]","args":[{"selector":{"id":"application-manageconditionprice-display-component---newCondition--condValue","interaction":{"idSuffix":"inner"}},"wdio_ui5_key":"applicationmanageconditionprice-display-component---newCondition--condValue"}]}
RESULT: {"script":"<script> [1562 bytes]","args":[{"selector":{"id":"application-manageconditionprice-display-component---newCondition--condValue","interaction":{"idSuffix":"inner"}},"wdio_ui5_key":"applicationmanageconditionprice-display-component---newCondition--condValue"}]}
RESULT: undefined
COMMAND: POST /session/5635ff3a58dcb7e64f288300af2e9ad3/execute/async - {"script":"<script> [776 bytes]","args":[{"enterText":"200","selector":{"id":"application-manageconditionprice-display-component---newCondition--condValue","interaction":{"idSuffix":"inner"}},"clearTextFirst":true,"interactionType":"ENTER_TEXT"}]}
RESULT: {"script":"<script> [776 bytes]","args":[{"enterText":"200","selector":{"id":"application-manageconditionprice-display-component---newCondition--condValue","interaction":{"idSuffix":"inner"}},"clearTextFirst":true,"interactionType":"ENTER_TEXT"}]}
COMMAND: POST /session/5635ff3a58dcb7e64f288300af2e9ad3/execute/async - {"script":"<script> [1562 bytes]","args":[{"selector":{"id":"application-manageconditionprice-display-component---newCondition--condCurr-arrow"},"wdio_ui5_key":"applicationmanageconditionprice-display-component---newCondition--condCurr-arrow"}]}
RESULT: {"script":"<script> [1562 bytes]","args":[{"selector":{"id":"application-manageconditionprice-display-component---newCondition--condCurr-arrow"},"wdio_ui5_key":"applicationmanageconditionprice-display-component---newCondition--condCurr-arrow"}]}
RESULT: undefined
COMMAND: POST /session/5635ff3a58dcb7e64f288300af2e9ad3/element - {"using":"xpath","value":"//*[@id=\"application-manageconditionprice-display-component---newCondition--condCurr-arrow\"]"}
RESULT: {"using":"xpath","value":"//*[@id=\"application-manageconditionprice-display-component---newCondition--condCurr-arrow\"]"}
COMMAND: POST /session/5635ff3a58dcb7e64f288300af2e9ad3/element/f.ED9453BD34BB61637EDB63CE7F048255.d.8056E4B8DC9A385C9DC9C1331BBD73B0.e.12343/click - {}
RESULT: {}
COMMAND: POST /session/5635ff3a58dcb7e64f288300af2e9ad3/element - {"using":"xpath","value":"//span[contains(text(), \"Euro\")]"}
COMMAND: GET /session/5635ff3a58dcb7e64f288300af2e9ad3/screenshot - {}
RESULT: {"using":"xpath","value":"//span[contains(text(), \"Euro\")]"}
COMMAND: POST /session/5635ff3a58dcb7e64f288300af2e9ad3/element/f.ED9453BD34BB61637EDB63CE7F048255.d.8056E4B8DC9A385C9DC9C1331BBD73B0.e.12402/click - {}
RESULT: {}
RESULT: {}
COMMAND: POST /session/5635ff3a58dcb7e64f288300af2e9ad3/element - {"using":"xpath","value":"//button[@data-kt=\"saveButton\"]"}
COMMAND: GET /session/5635ff3a58dcb7e64f288300af2e9ad3/screenshot - {}
RESULT: {"using":"xpath","value":"//button[@data-kt=\"saveButton\"]"}
COMMAND: POST /session/5635ff3a58dcb7e64f288300af2e9ad3/element/f.ED9453BD34BB61637EDB63CE7F048255.d.8056E4B8DC9A385C9DC9C1331BBD73B0.e.12344/click - {}
RESULT: {}
RESULT: {}
COMMAND: GET /session/5635ff3a58dcb7e64f288300af2e9ad3/screenshot - {}
RESULT: {}
COMMAND: POST /session/5635ff3a58dcb7e64f288300af2e9ad3/execute/async - {"script":"<script> [1562 bytes]","args":[{"selector":{"id":"application-manageconditionprice-display-component---conditions--smartFilterBar-btnBasicSearch","interaction":{"idSuffix":"I"}},"wdio_ui5_key":"applicationmanageconditionprice-display-component---conditions--smartFilterBar-btnBasicSearch"}]}
RESULT: {"script":"<script> [1562 bytes]","args":[{"selector":{"id":"application-manageconditionprice-display-component---conditions--smartFilterBar-btnBasicSearch","interaction":{"idSuffix":"I"}},"wdio_ui5_key":"applicationmanageconditionprice-display-component---conditions--smartFilterBar-btnBasicSearch"}]}
RESULT: undefined
COMMAND: POST /session/5635ff3a58dcb7e64f288300af2e9ad3/execute/async - {"script":"<script> [776 bytes]","args":[{"enterText":"2iV7TKQkqx","selector":{"id":"application-manageconditionprice-display-component---conditions--smartFilterBar-btnBasicSearch","interaction":{"idSuffix":"I"}},"clearTextFirst":true,"interactionType":"ENTER_TEXT"}]}
RESULT: {"script":"<script> [776 bytes]","args":[{"enterText":"2iV7TKQkqx","selector":{"id":"application-manageconditionprice-display-component---conditions--smartFilterBar-btnBasicSearch","interaction":{"idSuffix":"I"}},"clearTextFirst":true,"interactionType":"ENTER_TEXT"}]}
COMMAND: POST /session/5635ff3a58dcb7e64f288300af2e9ad3/actions - {"actions":[{"id":"action39","type":"key","parameters":{},"actions":[{"type":"keyDown","value":""},{"type":"pause","duration":10},{"type":"keyUp","value":""}]}]}
RESULT: {"actions":[{"id":"action39","type":"key","parameters":{},"actions":[{"type":"keyDown","value":""},{"type":"pause","duration":10},{"type":"keyUp","value":""}]}]}
COMMAND: GET /session/5635ff3a58dcb7e64f288300af2e9ad3/screenshot - {}
RESULT: {}
COMMAND: POST /session/5635ff3a58dcb7e64f288300af2e9ad3/execute/async - {"script":"<script> [1562 bytes]","args":[{"selector":{"id":"application-manageconditionprice-display-component---conditions--smartFilterBar-filterItemControl_BASIC-BILL_TYPES-vhi"},"wdio_ui5_key":"applicationmanageconditionprice-display-component---conditions--smartFilterBar-filterItemControl_BASIC-BILL_TYPES-vhi"}]}
RESULT: {"script":"<script> [1562 bytes]","args":[{"selector":{"id":"application-manageconditionprice-display-component---conditions--smartFilterBar-filterItemControl_BASIC-BILL_TYPES-vhi"},"wdio_ui5_key":"applicationmanageconditionprice-display-component---conditions--smartFilterBar-filterItemControl_BASIC-BILL_TYPES-vhi"}]}
RESULT: undefined
COMMAND: POST /session/5635ff3a58dcb7e64f288300af2e9ad3/element - {"using":"xpath","value":"//*[@id=\"application-manageconditionprice-display-component---conditions--smartFilterBar-filterItemControl_BASIC-BILL_TYPES-vhi\"]"}
RESULT: {"using":"xpath","value":"//*[@id=\"application-manageconditionprice-display-component---conditions--smartFilterBar-filterItemControl_BASIC-BILL_TYPES-vhi\"]"}
COMMAND: POST /session/5635ff3a58dcb7e64f288300af2e9ad3/element/f.ED9453BD34BB61637EDB63CE7F048255.d.8056E4B8DC9A385C9DC9C1331BBD73B0.e.12509/click - {}
RESULT: {}
COMMAND: POST /session/5635ff3a58dcb7e64f288300af2e9ad3/execute/async - {"script":"<script> [1562 bytes]","args":[{"selector":{"id":"application-manageconditionprice-display-component---conditions--smartFilterBar-filterItemControl_BASIC-BILL_TYPES-valueHelpDialog-smartFilterBar-btnBasicSearch","searchOpenDialogs":true,"interaction":{"idSuffix":"I"}},"wdio_ui5_key":"applicationmanageconditionprice-display-component---conditions--smartFilterBar-filterItemControl_BASIC-BILL_TYPES-valueHelpDialog-smartFilterBar-btnBasicSearch"}]}
COMMAND: GET /session/5635ff3a58dcb7e64f288300af2e9ad3/screenshot - {}
RESULT: {"script":"<script> [1562 bytes]","args":[{"selector":{"id":"application-manageconditionprice-display-component---conditions--smartFilterBar-filterItemControl_BASIC-BILL_TYPES-valueHelpDialog-smartFilterBar-btnBasicSearch","searchOpenDialogs":true,"interaction":{"idSuffix":"I"}},"wdio_ui5_key":"applicationmanageconditionprice-display-component---conditions--smartFilterBar-filterItemControl_BASIC-BILL_TYPES-valueHelpDialog-smartFilterBar-btnBasicSearch"}]}
RESULT: undefined
COMMAND: POST /session/5635ff3a58dcb7e64f288300af2e9ad3/execute/async - {"script":"<script> [776 bytes]","args":[{"enterText":"TB","selector":{"id":"application-manageconditionprice-display-component---conditions--smartFilterBar-filterItemControl_BASIC-BILL_TYPES-valueHelpDialog-smartFilterBar-btnBasicSearch","searchOpenDialogs":true,"interaction":{"idSuffix":"I"}},"clearTextFirst":true,"interactionType":"ENTER_TEXT"}]}
RESULT: {}
RESULT: {"script":"<script> [776 bytes]","args":[{"enterText":"TB","selector":{"id":"application-manageconditionprice-display-component---conditions--smartFilterBar-filterItemControl_BASIC-BILL_TYPES-valueHelpDialog-smartFilterBar-btnBasicSearch","searchOpenDialogs":true,"interaction":{"idSuffix":"I"}},"clearTextFirst":true,"interactionType":"ENTER_TEXT"}]}
COMMAND: POST /session/5635ff3a58dcb7e64f288300af2e9ad3/actions - {"actions":[{"id":"action40","type":"key","parameters":{},"actions":[{"type":"keyDown","value":""},{"type":"pause","duration":10},{"type":"keyUp","value":""}]}]}
RESULT: {"actions":[{"id":"action40","type":"key","parameters":{},"actions":[{"type":"keyDown","value":""},{"type":"pause","duration":10},{"type":"keyUp","value":""}]}]}
COMMAND: GET /session/5635ff3a58dcb7e64f288300af2e9ad3/screenshot - {}
RESULT: {}
COMMAND: POST /session/5635ff3a58dcb7e64f288300af2e9ad3/element - {"using":"xpath","value":"//div[contains(@id, 'application-manageconditionprice-display-component---conditions--smartFilterBar-filterItemControl_BASIC-BILL_TYPES-valueHelpDialog-table-rowsel0')]"}
RESULT: {"using":"xpath","value":"//div[contains(@id, 'application-manageconditionprice-display-component---conditions--smartFilterBar-filterItemControl_BASIC-BILL_TYPES-valueHelpDialog-table-rowsel0')]"}
COMMAND: POST /session/5635ff3a58dcb7e64f288300af2e9ad3/element/f.ED9453BD34BB61637EDB63CE7F048255.d.8056E4B8DC9A385C9DC9C1331BBD73B0.e.12518/click - {}
RESULT: {}
COMMAND: GET /session/5635ff3a58dcb7e64f288300af2e9ad3/screenshot - {}
RESULT: {}
COMMAND: POST /session/5635ff3a58dcb7e64f288300af2e9ad3/element - {"using":"xpath","value":"//bdi[contains(text(), \"OK\")]"}
RESULT: {"using":"xpath","value":"//bdi[contains(text(), \"OK\")]"}
COMMAND: POST /session/5635ff3a58dcb7e64f288300af2e9ad3/element/f.ED9453BD34BB61637EDB63CE7F048255.d.8056E4B8DC9A385C9DC9C1331BBD73B0.e.12520/click - {}
RESULT: {}
COMMAND: GET /session/5635ff3a58dcb7e64f288300af2e9ad3/screenshot - {}
RESULT: {}
COMMAND: POST /session/5635ff3a58dcb7e64f288300af2e9ad3/element - {"using":"xpath","value":"//span[@id=\"application-manageconditionprice-display-component---conditions--smartTable-header-inner\"]"}
RESULT: {"using":"xpath","value":"//span[@id=\"application-manageconditionprice-display-component---conditions--smartTable-header-inner\"]"}
COMMAND: POST /session/5635ff3a58dcb7e64f288300af2e9ad3/elements - {"using":"xpath","value":"//span[@id=\"application-manageconditionprice-display-component---conditions--smartTable-header-inner\"]"}
RESULT: {"using":"xpath","value":"//span[@id=\"application-manageconditionprice-display-component---conditions--smartTable-header-inner\"]"}
COMMAND: POST /session/5635ff3a58dcb7e64f288300af2e9ad3/execute/sync - {"script":"<script> [56 bytes]","args":[{"element-6066-11e4-a52e-4f735466cecf":"f.ED9453BD34BB61637EDB63CE7F048255.d.8056E4B8DC9A385C9DC9C1331BBD73B0.e.12523","ELEMENT":"f.ED9453BD34BB61637EDB63CE7F048255.d.8056E4B8DC9A385C9DC9C1331BBD73B0.e.12523"}]}
RESULT: {"script":"<script> [56 bytes]","args":[{"element-6066-11e4-a52e-4f735466cecf":"f.ED9453BD34BB61637EDB63CE7F048255.d.8056E4B8DC9A385C9DC9C1331BBD73B0.e.12523","ELEMENT":"f.ED9453BD34BB61637EDB63CE7F048255.d.8056E4B8DC9A385C9DC9C1331BBD73B0.e.12523"}]}
COMMAND: POST /session/5635ff3a58dcb7e64f288300af2e9ad3/element - {"using":"css selector","value":"#shell-header-logo"}
COMMAND: GET /session/5635ff3a58dcb7e64f288300af2e9ad3/screenshot - {}
RESULT: {"using":"css selector","value":"#shell-header-logo"}
COMMAND: POST /session/5635ff3a58dcb7e64f288300af2e9ad3/element/f.ED9453BD34BB61637EDB63CE7F048255.d.8056E4B8DC9A385C9DC9C1331BBD73B0.e.12149/click - {}
RESULT: {}
RESULT: {}
COMMAND: GET /session/5635ff3a58dcb7e64f288300af2e9ad3/screenshot - {}
RESULT: {}
]]></system-out>
    </testcase>
    <testcase classname="chrome.136_0_7103_93.windows.Billing_Transfer_-_Intracompany_US127249" name="Should do a stock increase handover" time="92.178">
      <system-out><![CDATA[
COMMAND: POST /session/5635ff3a58dcb7e64f288300af2e9ad3/execute/async - {"script":"<script> [1562 bytes]","args":[{"selector":{"controlType":"sap.m.GenericTile","properties":{"header":"Manage Handovers"}},"wdio_ui5_key":"sapm.GenericTile{\"header\":\"Manage Handovers\"}"}]}
RESULT: {"script":"<script> [1562 bytes]","args":[{"selector":{"controlType":"sap.m.GenericTile","properties":{"header":"Manage Handovers"}},"wdio_ui5_key":"sapm.GenericTile{\"header\":\"Manage Handovers\"}"}]}
RESULT: undefined
COMMAND: POST /session/5635ff3a58dcb7e64f288300af2e9ad3/element - {"using":"xpath","value":"//*[@id=\"__tile133\"]"}
RESULT: {"using":"xpath","value":"//*[@id=\"__tile133\"]"}
COMMAND: POST /session/5635ff3a58dcb7e64f288300af2e9ad3/element/f.ED9453BD34BB61637EDB63CE7F048255.d.8056E4B8DC9A385C9DC9C1331BBD73B0.e.11349/click - {}
RESULT: {}
COMMAND: GET /session/5635ff3a58dcb7e64f288300af2e9ad3/screenshot - {}
RESULT: {}
COMMAND: POST /session/5635ff3a58dcb7e64f288300af2e9ad3/elements - {"using":"xpath","value":"//span[text()='Error']"}
RESULT: {"using":"xpath","value":"//span[text()='Error']"}
COMMAND: POST /session/5635ff3a58dcb7e64f288300af2e9ad3/element - {"using":"xpath","value":"//button[@data-kt=\"masterHOAddButton\"]"}
RESULT: {"using":"xpath","value":"//button[@data-kt=\"masterHOAddButton\"]"}
COMMAND: POST /session/5635ff3a58dcb7e64f288300af2e9ad3/elements - {"using":"xpath","value":"//button[@data-kt=\"masterHOAddButton\"]"}
RESULT: {"using":"xpath","value":"//button[@data-kt=\"masterHOAddButton\"]"}
COMMAND: POST /session/5635ff3a58dcb7e64f288300af2e9ad3/execute/sync - {"script":"<script> [8489 bytes]","args":[{"element-6066-11e4-a52e-4f735466cecf":"f.ED9453BD34BB61637EDB63CE7F048255.d.8056E4B8DC9A385C9DC9C1331BBD73B0.e.12562","ELEMENT":"f.ED9453BD34BB61637EDB63CE7F048255.d.8056E4B8DC9A385C9DC9C1331BBD73B0.e.12562"}]}
RESULT: {"script":"<script> [8489 bytes]","args":[{"element-6066-11e4-a52e-4f735466cecf":"f.ED9453BD34BB61637EDB63CE7F048255.d.8056E4B8DC9A385C9DC9C1331BBD73B0.e.12562","ELEMENT":"f.ED9453BD34BB61637EDB63CE7F048255.d.8056E4B8DC9A385C9DC9C1331BBD73B0.e.12562"}]}
COMMAND: GET /session/5635ff3a58dcb7e64f288300af2e9ad3/element/f.ED9453BD34BB61637EDB63CE7F048255.d.8056E4B8DC9A385C9DC9C1331BBD73B0.e.12562/enabled - {}
COMMAND: GET /session/5635ff3a58dcb7e64f288300af2e9ad3/screenshot - {}
RESULT: {}
COMMAND: POST /session/5635ff3a58dcb7e64f288300af2e9ad3/execute/sync - {"script":"<script> [8489 bytes]","args":[{"element-6066-11e4-a52e-4f735466cecf":"f.ED9453BD34BB61637EDB63CE7F048255.d.8056E4B8DC9A385C9DC9C1331BBD73B0.e.12562","ELEMENT":"f.ED9453BD34BB61637EDB63CE7F048255.d.8056E4B8DC9A385C9DC9C1331BBD73B0.e.12562"}]}
COMMAND: GET /session/5635ff3a58dcb7e64f288300af2e9ad3/screenshot - {}
RESULT: {}
RESULT: {"script":"<script> [8489 bytes]","args":[{"element-6066-11e4-a52e-4f735466cecf":"f.ED9453BD34BB61637EDB63CE7F048255.d.8056E4B8DC9A385C9DC9C1331BBD73B0.e.12562","ELEMENT":"f.ED9453BD34BB61637EDB63CE7F048255.d.8056E4B8DC9A385C9DC9C1331BBD73B0.e.12562"}]}
COMMAND: POST /session/5635ff3a58dcb7e64f288300af2e9ad3/execute/sync - {"script":"<script> [5351 bytes]","args":[{"element-6066-11e4-a52e-4f735466cecf":"f.ED9453BD34BB61637EDB63CE7F048255.d.8056E4B8DC9A385C9DC9C1331BBD73B0.e.12562","ELEMENT":"f.ED9453BD34BB61637EDB63CE7F048255.d.8056E4B8DC9A385C9DC9C1331BBD73B0.e.12562"}]}
COMMAND: GET /session/5635ff3a58dcb7e64f288300af2e9ad3/screenshot - {}
RESULT: {}
RESULT: {"script":"<script> [5351 bytes]","args":[{"element-6066-11e4-a52e-4f735466cecf":"f.ED9453BD34BB61637EDB63CE7F048255.d.8056E4B8DC9A385C9DC9C1331BBD73B0.e.12562","ELEMENT":"f.ED9453BD34BB61637EDB63CE7F048255.d.8056E4B8DC9A385C9DC9C1331BBD73B0.e.12562"}]}
COMMAND: POST /session/5635ff3a58dcb7e64f288300af2e9ad3/element/f.ED9453BD34BB61637EDB63CE7F048255.d.8056E4B8DC9A385C9DC9C1331BBD73B0.e.12562/click - {}
COMMAND: GET /session/5635ff3a58dcb7e64f288300af2e9ad3/screenshot - {}
RESULT: {}
RESULT: {}
COMMAND: GET /session/5635ff3a58dcb7e64f288300af2e9ad3/screenshot - {}
RESULT: {}
COMMAND: POST /session/5635ff3a58dcb7e64f288300af2e9ad3/element - {"using":"xpath","value":"//span[contains(@id ,\"AddNewHO--typeSelect-arrow\")]"}
RESULT: {}
RESULT: {"using":"xpath","value":"//span[contains(@id ,\"AddNewHO--typeSelect-arrow\")]"}
COMMAND: POST /session/5635ff3a58dcb7e64f288300af2e9ad3/element/f.ED9453BD34BB61637EDB63CE7F048255.d.8056E4B8DC9A385C9DC9C1331BBD73B0.e.12920/click - {}
RESULT: {}
COMMAND: GET /session/5635ff3a58dcb7e64f288300af2e9ad3/screenshot - {}
RESULT: {}
COMMAND: POST /session/5635ff3a58dcb7e64f288300af2e9ad3/element - {"using":"xpath","value":"(//li[contains(text(), \"stock increase yard\")])[1]"}
RESULT: {"using":"xpath","value":"(//li[contains(text(), \"stock increase yard\")])[1]"}
COMMAND: POST /session/5635ff3a58dcb7e64f288300af2e9ad3/element/f.ED9453BD34BB61637EDB63CE7F048255.d.8056E4B8DC9A385C9DC9C1331BBD73B0.e.12921/click - {}
RESULT: {}
COMMAND: GET /session/5635ff3a58dcb7e64f288300af2e9ad3/screenshot - {}
RESULT: {}
COMMAND: POST /session/5635ff3a58dcb7e64f288300af2e9ad3/execute/async - {"script":"<script> [1562 bytes]","args":[{"selector":{"id":"application-managehandovers-display-component---AddNewHO--dueDate","interaction":{"idSuffix":"inner"}},"wdio_ui5_key":"applicationmanagehandovers-display-component---AddNewHO--dueDate"}]}
RESULT: {"script":"<script> [1562 bytes]","args":[{"selector":{"id":"application-managehandovers-display-component---AddNewHO--dueDate","interaction":{"idSuffix":"inner"}},"wdio_ui5_key":"applicationmanagehandovers-display-component---AddNewHO--dueDate"}]}
RESULT: undefined
COMMAND: POST /session/5635ff3a58dcb7e64f288300af2e9ad3/execute/async - {"script":"<script> [6424 bytes]","args":[{"element-6066-11e4-a52e-4f735466cecf":"f.ED9453BD34BB61637EDB63CE7F048255.d.8056E4B8DC9A385C9DC9C1331BBD73B0.e.12925"},"setValue",["5/28/25"]]}
RESULT: {"script":"<script> [6424 bytes]","args":[{"element-6066-11e4-a52e-4f735466cecf":"f.ED9453BD34BB61637EDB63CE7F048255.d.8056E4B8DC9A385C9DC9C1331BBD73B0.e.12925"},"setValue",["5/28/25"]]}
COMMAND: POST /session/5635ff3a58dcb7e64f288300af2e9ad3/element - {"using":"xpath","value":"//input[@id=\"generalSectionFrg--receiveYard-inner\"]"}
RESULT: {"using":"xpath","value":"//input[@id=\"generalSectionFrg--receiveYard-inner\"]"}
COMMAND: POST /session/5635ff3a58dcb7e64f288300af2e9ad3/element/f.ED9453BD34BB61637EDB63CE7F048255.d.8056E4B8DC9A385C9DC9C1331BBD73B0.e.12931/clear - {}
RESULT: {}
COMMAND: POST /session/5635ff3a58dcb7e64f288300af2e9ad3/element/f.ED9453BD34BB61637EDB63CE7F048255.d.8056E4B8DC9A385C9DC9C1331BBD73B0.e.12931/value - {"text":"434"}
COMMAND: GET /session/5635ff3a58dcb7e64f288300af2e9ad3/screenshot - {}
RESULT: {"text":"434"}
COMMAND: GET /session/5635ff3a58dcb7e64f288300af2e9ad3/screenshot - {}
RESULT: {}
RESULT: {}
COMMAND: POST /session/5635ff3a58dcb7e64f288300af2e9ad3/element - {"using":"xpath","value":"//li[.//span[text()='434']]"}
RESULT: {"using":"xpath","value":"//li[.//span[text()='434']]"}
COMMAND: POST /session/5635ff3a58dcb7e64f288300af2e9ad3/element/f.ED9453BD34BB61637EDB63CE7F048255.d.8056E4B8DC9A385C9DC9C1331BBD73B0.e.12947/click - {}
RESULT: {}
COMMAND: GET /session/5635ff3a58dcb7e64f288300af2e9ad3/screenshot - {}
RESULT: {}
COMMAND: POST /session/5635ff3a58dcb7e64f288300af2e9ad3/execute/async - {"script":"<script> [1562 bytes]","args":[{"selector":{"id":"application-managehandovers-display-component---AddNewHO--ObjectPageLayout-anchBar-application-managehandovers-display-component---AddNewHO--section4-anchor","interaction":{"idSuffix":"BDI-content"}},"wdio_ui5_key":"applicationmanagehandovers-display-component---AddNewHO--ObjectPageLayout-anchBar-application-managehandovers-display-component---AddNewHO--section4-anchor"}]}
RESULT: {"script":"<script> [1562 bytes]","args":[{"selector":{"id":"application-managehandovers-display-component---AddNewHO--ObjectPageLayout-anchBar-application-managehandovers-display-component---AddNewHO--section4-anchor","interaction":{"idSuffix":"BDI-content"}},"wdio_ui5_key":"applicationmanagehandovers-display-component---AddNewHO--ObjectPageLayout-anchBar-application-managehandovers-display-component---AddNewHO--section4-anchor"}]}
RESULT: undefined
COMMAND: POST /session/5635ff3a58dcb7e64f288300af2e9ad3/element - {"using":"xpath","value":"//*[@id=\"application-managehandovers-display-component---AddNewHO--ObjectPageLayout-anchBar-application-managehandovers-display-component---AddNewHO--section4-anchor\"]"}
RESULT: {"using":"xpath","value":"//*[@id=\"application-managehandovers-display-component---AddNewHO--ObjectPageLayout-anchBar-application-managehandovers-display-component---AddNewHO--section4-anchor\"]"}
COMMAND: POST /session/5635ff3a58dcb7e64f288300af2e9ad3/element/f.ED9453BD34BB61637EDB63CE7F048255.d.8056E4B8DC9A385C9DC9C1331BBD73B0.e.12949/click - {}
RESULT: {}
COMMAND: POST /session/5635ff3a58dcb7e64f288300af2e9ad3/element - {"using":"xpath","value":"//button[@aria-label=\"Add\"]"}
COMMAND: GET /session/5635ff3a58dcb7e64f288300af2e9ad3/screenshot - {}
RESULT: {"using":"xpath","value":"//button[@aria-label=\"Add\"]"}
COMMAND: POST /session/5635ff3a58dcb7e64f288300af2e9ad3/element/f.ED9453BD34BB61637EDB63CE7F048255.d.8056E4B8DC9A385C9DC9C1331BBD73B0.e.12951/click - {}
RESULT: {}
RESULT: {}
COMMAND: GET /session/5635ff3a58dcb7e64f288300af2e9ad3/screenshot - {}
RESULT: {}
COMMAND: POST /session/5635ff3a58dcb7e64f288300af2e9ad3/execute/async - {"script":"<script> [1562 bytes]","args":[{"selector":{"id":"application-managehandovers-display-component---AddNewHO--smartFilterBar-btnBasicSearch","searchOpenDialogs":true,"interaction":{"idSuffix":"I"}},"wdio_ui5_key":"applicationmanagehandovers-display-component---AddNewHO--smartFilterBar-btnBasicSearch"}]}
RESULT: {"script":"<script> [1562 bytes]","args":[{"selector":{"id":"application-managehandovers-display-component---AddNewHO--smartFilterBar-btnBasicSearch","searchOpenDialogs":true,"interaction":{"idSuffix":"I"}},"wdio_ui5_key":"applicationmanagehandovers-display-component---AddNewHO--smartFilterBar-btnBasicSearch"}]}
RESULT: undefined
COMMAND: POST /session/5635ff3a58dcb7e64f288300af2e9ad3/execute/async - {"script":"<script> [776 bytes]","args":[{"enterText":"2iV7TKQkqx","selector":{"id":"application-managehandovers-display-component---AddNewHO--smartFilterBar-btnBasicSearch","searchOpenDialogs":true,"interaction":{"idSuffix":"I"}},"clearTextFirst":true,"interactionType":"ENTER_TEXT"}]}
RESULT: {"script":"<script> [776 bytes]","args":[{"enterText":"2iV7TKQkqx","selector":{"id":"application-managehandovers-display-component---AddNewHO--smartFilterBar-btnBasicSearch","searchOpenDialogs":true,"interaction":{"idSuffix":"I"}},"clearTextFirst":true,"interactionType":"ENTER_TEXT"}]}
COMMAND: POST /session/5635ff3a58dcb7e64f288300af2e9ad3/actions - {"actions":[{"id":"action41","type":"key","parameters":{},"actions":[{"type":"keyDown","value":""},{"type":"pause","duration":10},{"type":"keyUp","value":""}]}]}
RESULT: {"actions":[{"id":"action41","type":"key","parameters":{},"actions":[{"type":"keyDown","value":""},{"type":"pause","duration":10},{"type":"keyUp","value":""}]}]}
COMMAND: GET /session/5635ff3a58dcb7e64f288300af2e9ad3/screenshot - {}
RESULT: {}
COMMAND: POST /session/5635ff3a58dcb7e64f288300af2e9ad3/execute/async - {"script":"<script> [1562 bytes]","args":[{"selector":{"id":"application-managehandovers-display-component---AddNewHO--popup-sa","searchOpenDialogs":true,"interaction":{"idSuffix":"CbBg"}},"wdio_ui5_key":"applicationmanagehandovers-display-component---AddNewHO--popup-sa"}]}
RESULT: {"script":"<script> [1562 bytes]","args":[{"selector":{"id":"application-managehandovers-display-component---AddNewHO--popup-sa","searchOpenDialogs":true,"interaction":{"idSuffix":"CbBg"}},"wdio_ui5_key":"applicationmanagehandovers-display-component---AddNewHO--popup-sa"}]}
RESULT: undefined
COMMAND: POST /session/5635ff3a58dcb7e64f288300af2e9ad3/element - {"using":"xpath","value":"//*[@id=\"application-managehandovers-display-component---AddNewHO--popup-sa\"]"}
RESULT: {"using":"xpath","value":"//*[@id=\"application-managehandovers-display-component---AddNewHO--popup-sa\"]"}
COMMAND: POST /session/5635ff3a58dcb7e64f288300af2e9ad3/element/f.ED9453BD34BB61637EDB63CE7F048255.d.8056E4B8DC9A385C9DC9C1331BBD73B0.e.13106/click - {}
RESULT: {}
COMMAND: GET /session/5635ff3a58dcb7e64f288300af2e9ad3/screenshot - {}
RESULT: {}
COMMAND: POST /session/5635ff3a58dcb7e64f288300af2e9ad3/element - {"using":"xpath","value":"//bdi[contains(text(), \"Select\")]"}
RESULT: {"using":"xpath","value":"//bdi[contains(text(), \"Select\")]"}
COMMAND: POST /session/5635ff3a58dcb7e64f288300af2e9ad3/element/f.ED9453BD34BB61637EDB63CE7F048255.d.8056E4B8DC9A385C9DC9C1331BBD73B0.e.13107/click - {}
RESULT: {}
COMMAND: GET /session/5635ff3a58dcb7e64f288300af2e9ad3/screenshot - {}
RESULT: {}
COMMAND: POST /session/5635ff3a58dcb7e64f288300af2e9ad3/element - {"using":"xpath","value":"//button[@data-kt=\"AddNewHOSaveButton\"]"}
RESULT: {"using":"xpath","value":"//button[@data-kt=\"AddNewHOSaveButton\"]"}
COMMAND: POST /session/5635ff3a58dcb7e64f288300af2e9ad3/element/f.ED9453BD34BB61637EDB63CE7F048255.d.8056E4B8DC9A385C9DC9C1331BBD73B0.e.13111/click - {}
RESULT: {}
COMMAND: GET /session/5635ff3a58dcb7e64f288300af2e9ad3/screenshot - {}
RESULT: {}
COMMAND: POST /session/5635ff3a58dcb7e64f288300af2e9ad3/execute/async - {"script":"<script> [1562 bytes]","args":[{"selector":{"id":"receiptDatePicker","viewName":"etm.portal.ui.managehandovers.view.DetailExecuteHO","interaction":{"idSuffix":"inner"}},"wdio_ui5_key":"receiptDatePickeretmportal.ui.managehandovers.view.DetailExecuteHO"}]}
RESULT: {"script":"<script> [1562 bytes]","args":[{"selector":{"id":"receiptDatePicker","viewName":"etm.portal.ui.managehandovers.view.DetailExecuteHO","interaction":{"idSuffix":"inner"}},"wdio_ui5_key":"receiptDatePickeretmportal.ui.managehandovers.view.DetailExecuteHO"}]}
RESULT: undefined
COMMAND: POST /session/5635ff3a58dcb7e64f288300af2e9ad3/execute/async - {"script":"<script> [6424 bytes]","args":[{"element-6066-11e4-a52e-4f735466cecf":"f.ED9453BD34BB61637EDB63CE7F048255.d.8056E4B8DC9A385C9DC9C1331BBD73B0.e.13140"},"setValue",["5/28/25"]]}
RESULT: {"script":"<script> [6424 bytes]","args":[{"element-6066-11e4-a52e-4f735466cecf":"f.ED9453BD34BB61637EDB63CE7F048255.d.8056E4B8DC9A385C9DC9C1331BBD73B0.e.13140"},"setValue",["5/28/25"]]}
COMMAND: POST /session/5635ff3a58dcb7e64f288300af2e9ad3/element - {"using":"xpath","value":"//button[@data-kt=\"ReceivingTableConfirmAllButton\"]"}
RESULT: {"using":"xpath","value":"//button[@data-kt=\"ReceivingTableConfirmAllButton\"]"}
COMMAND: POST /session/5635ff3a58dcb7e64f288300af2e9ad3/element/f.ED9453BD34BB61637EDB63CE7F048255.d.8056E4B8DC9A385C9DC9C1331BBD73B0.e.13156/click - {}
RESULT: {}
COMMAND: GET /session/5635ff3a58dcb7e64f288300af2e9ad3/screenshot - {}
RESULT: {}
COMMAND: POST /session/5635ff3a58dcb7e64f288300af2e9ad3/element - {"using":"xpath","value":"//bdi[contains(text(), \"OK\")]"}
RESULT: {"using":"xpath","value":"//bdi[contains(text(), \"OK\")]"}
COMMAND: POST /session/5635ff3a58dcb7e64f288300af2e9ad3/element/f.ED9453BD34BB61637EDB63CE7F048255.d.8056E4B8DC9A385C9DC9C1331BBD73B0.e.13158/click - {}
RESULT: {}
COMMAND: GET /session/5635ff3a58dcb7e64f288300af2e9ad3/screenshot - {}
RESULT: {}
COMMAND: POST /session/5635ff3a58dcb7e64f288300af2e9ad3/element - {"using":"xpath","value":"(//bdi[contains(text(), \"Receive\")])[2]"}
RESULT: {"using":"xpath","value":"(//bdi[contains(text(), \"Receive\")])[2]"}
COMMAND: POST /session/5635ff3a58dcb7e64f288300af2e9ad3/element/f.ED9453BD34BB61637EDB63CE7F048255.d.8056E4B8DC9A385C9DC9C1331BBD73B0.e.13160/click - {}
RESULT: {}
COMMAND: GET /session/5635ff3a58dcb7e64f288300af2e9ad3/screenshot - {}
RESULT: {}
COMMAND: POST /session/5635ff3a58dcb7e64f288300af2e9ad3/element - {"using":"css selector","value":"#shell-header-logo"}
RESULT: {"using":"css selector","value":"#shell-header-logo"}
COMMAND: POST /session/5635ff3a58dcb7e64f288300af2e9ad3/element/f.ED9453BD34BB61637EDB63CE7F048255.d.8056E4B8DC9A385C9DC9C1331BBD73B0.e.12529/click - {}
RESULT: {}
COMMAND: GET /session/5635ff3a58dcb7e64f288300af2e9ad3/screenshot - {}
RESULT: {}
]]></system-out>
    </testcase>
    <testcase classname="chrome.136_0_7103_93.windows.Billing_Transfer_-_Intracompany_US127249" name="Should create a new contract" time="62.983">
      <system-out><![CDATA[
COMMAND: POST /session/5635ff3a58dcb7e64f288300af2e9ad3/execute/async - {"script":"<script> [1562 bytes]","args":[{"selector":{"controlType":"sap.m.GenericTile","properties":{"header":"Manage Contracts"}},"wdio_ui5_key":"sapm.GenericTile{\"header\":\"Manage Contracts\"}"}]}
RESULT: {"script":"<script> [1562 bytes]","args":[{"selector":{"controlType":"sap.m.GenericTile","properties":{"header":"Manage Contracts"}},"wdio_ui5_key":"sapm.GenericTile{\"header\":\"Manage Contracts\"}"}]}
RESULT: undefined
COMMAND: POST /session/5635ff3a58dcb7e64f288300af2e9ad3/element - {"using":"xpath","value":"//*[@id=\"__tile130\"]"}
RESULT: {"using":"xpath","value":"//*[@id=\"__tile130\"]"}
COMMAND: POST /session/5635ff3a58dcb7e64f288300af2e9ad3/element/f.ED9453BD34BB61637EDB63CE7F048255.d.8056E4B8DC9A385C9DC9C1331BBD73B0.e.11338/click - {}
RESULT: {}
COMMAND: GET /session/5635ff3a58dcb7e64f288300af2e9ad3/screenshot - {}
RESULT: {}
COMMAND: POST /session/5635ff3a58dcb7e64f288300af2e9ad3/elements - {"using":"xpath","value":"//span[text()='Error']"}
RESULT: {"using":"xpath","value":"//span[text()='Error']"}
COMMAND: POST /session/5635ff3a58dcb7e64f288300af2e9ad3/element - {"using":"xpath","value":"//button[@data-kt=\"addButton\"]"}
RESULT: {"using":"xpath","value":"//button[@data-kt=\"addButton\"]"}
COMMAND: POST /session/5635ff3a58dcb7e64f288300af2e9ad3/elements - {"using":"xpath","value":"//button[@data-kt=\"addButton\"]"}
RESULT: {"using":"xpath","value":"//button[@data-kt=\"addButton\"]"}
COMMAND: POST /session/5635ff3a58dcb7e64f288300af2e9ad3/execute/sync - {"script":"<script> [8489 bytes]","args":[{"element-6066-11e4-a52e-4f735466cecf":"f.ED9453BD34BB61637EDB63CE7F048255.d.8056E4B8DC9A385C9DC9C1331BBD73B0.e.13376","ELEMENT":"f.ED9453BD34BB61637EDB63CE7F048255.d.8056E4B8DC9A385C9DC9C1331BBD73B0.e.13376"}]}
RESULT: {"script":"<script> [8489 bytes]","args":[{"element-6066-11e4-a52e-4f735466cecf":"f.ED9453BD34BB61637EDB63CE7F048255.d.8056E4B8DC9A385C9DC9C1331BBD73B0.e.13376","ELEMENT":"f.ED9453BD34BB61637EDB63CE7F048255.d.8056E4B8DC9A385C9DC9C1331BBD73B0.e.13376"}]}
COMMAND: GET /session/5635ff3a58dcb7e64f288300af2e9ad3/element/f.ED9453BD34BB61637EDB63CE7F048255.d.8056E4B8DC9A385C9DC9C1331BBD73B0.e.13376/enabled - {}
COMMAND: GET /session/5635ff3a58dcb7e64f288300af2e9ad3/screenshot - {}
RESULT: {}
COMMAND: POST /session/5635ff3a58dcb7e64f288300af2e9ad3/execute/sync - {"script":"<script> [8489 bytes]","args":[{"element-6066-11e4-a52e-4f735466cecf":"f.ED9453BD34BB61637EDB63CE7F048255.d.8056E4B8DC9A385C9DC9C1331BBD73B0.e.13376","ELEMENT":"f.ED9453BD34BB61637EDB63CE7F048255.d.8056E4B8DC9A385C9DC9C1331BBD73B0.e.13376"}]}
COMMAND: GET /session/5635ff3a58dcb7e64f288300af2e9ad3/screenshot - {}
RESULT: {}
RESULT: {"script":"<script> [8489 bytes]","args":[{"element-6066-11e4-a52e-4f735466cecf":"f.ED9453BD34BB61637EDB63CE7F048255.d.8056E4B8DC9A385C9DC9C1331BBD73B0.e.13376","ELEMENT":"f.ED9453BD34BB61637EDB63CE7F048255.d.8056E4B8DC9A385C9DC9C1331BBD73B0.e.13376"}]}
COMMAND: POST /session/5635ff3a58dcb7e64f288300af2e9ad3/execute/sync - {"script":"<script> [5351 bytes]","args":[{"element-6066-11e4-a52e-4f735466cecf":"f.ED9453BD34BB61637EDB63CE7F048255.d.8056E4B8DC9A385C9DC9C1331BBD73B0.e.13376","ELEMENT":"f.ED9453BD34BB61637EDB63CE7F048255.d.8056E4B8DC9A385C9DC9C1331BBD73B0.e.13376"}]}
COMMAND: GET /session/5635ff3a58dcb7e64f288300af2e9ad3/screenshot - {}
RESULT: {}
RESULT: {"script":"<script> [5351 bytes]","args":[{"element-6066-11e4-a52e-4f735466cecf":"f.ED9453BD34BB61637EDB63CE7F048255.d.8056E4B8DC9A385C9DC9C1331BBD73B0.e.13376","ELEMENT":"f.ED9453BD34BB61637EDB63CE7F048255.d.8056E4B8DC9A385C9DC9C1331BBD73B0.e.13376"}]}
COMMAND: GET /session/5635ff3a58dcb7e64f288300af2e9ad3/screenshot - {}
RESULT: {}
RESULT: {}
COMMAND: POST /session/5635ff3a58dcb7e64f288300af2e9ad3/element/f.ED9453BD34BB61637EDB63CE7F048255.d.8056E4B8DC9A385C9DC9C1331BBD73B0.e.13376/click - {}
RESULT: {}
COMMAND: GET /session/5635ff3a58dcb7e64f288300af2e9ad3/screenshot - {}
RESULT: {}
COMMAND: POST /session/5635ff3a58dcb7e64f288300af2e9ad3/execute/async - {"script":"<script> [1562 bytes]","args":[{"selector":{"id":"application-managecontracts-display-component---AddNewContract--projectDescription","interaction":{"idSuffix":"inner"}},"wdio_ui5_key":"applicationmanagecontracts-display-component---AddNewContract--projectDescription"}]}
RESULT: {"script":"<script> [1562 bytes]","args":[{"selector":{"id":"application-managecontracts-display-component---AddNewContract--projectDescription","interaction":{"idSuffix":"inner"}},"wdio_ui5_key":"applicationmanagecontracts-display-component---AddNewContract--projectDescription"}]}
RESULT: undefined
COMMAND: POST /session/5635ff3a58dcb7e64f288300af2e9ad3/execute/async - {"script":"<script> [776 bytes]","args":[{"enterText":"Contract WDIO","selector":{"id":"application-managecontracts-display-component---AddNewContract--projectDescription","interaction":{"idSuffix":"inner"}},"clearTextFirst":true,"interactionType":"ENTER_TEXT"}]}
RESULT: {"script":"<script> [776 bytes]","args":[{"enterText":"Contract WDIO","selector":{"id":"application-managecontracts-display-component---AddNewContract--projectDescription","interaction":{"idSuffix":"inner"}},"clearTextFirst":true,"interactionType":"ENTER_TEXT"}]}
COMMAND: POST /session/5635ff3a58dcb7e64f288300af2e9ad3/element - {"using":"xpath","value":"//input[@id=\"application-managecontracts-display-component---AddNewContract--site-inner\"]"}
RESULT: {"using":"xpath","value":"//input[@id=\"application-managecontracts-display-component---AddNewContract--site-inner\"]"}
COMMAND: POST /session/5635ff3a58dcb7e64f288300af2e9ad3/element/f.ED9453BD34BB61637EDB63CE7F048255.d.8056E4B8DC9A385C9DC9C1331BBD73B0.e.13699/clear - {}
RESULT: {}
COMMAND: POST /session/5635ff3a58dcb7e64f288300af2e9ad3/element/f.ED9453BD34BB61637EDB63CE7F048255.d.8056E4B8DC9A385C9DC9C1331BBD73B0.e.13699/value - {"text":"2212"}
COMMAND: GET /session/5635ff3a58dcb7e64f288300af2e9ad3/screenshot - {}
RESULT: {"text":"2212"}
COMMAND: GET /session/5635ff3a58dcb7e64f288300af2e9ad3/screenshot - {}
RESULT: {}
RESULT: {}
COMMAND: POST /session/5635ff3a58dcb7e64f288300af2e9ad3/element - {"using":"xpath","value":"//li[.//span[text()='2212']]"}
RESULT: {"using":"xpath","value":"//li[.//span[text()='2212']]"}
COMMAND: POST /session/5635ff3a58dcb7e64f288300af2e9ad3/element/f.ED9453BD34BB61637EDB63CE7F048255.d.8056E4B8DC9A385C9DC9C1331BBD73B0.e.13782/click - {}
RESULT: {}
COMMAND: GET /session/5635ff3a58dcb7e64f288300af2e9ad3/screenshot - {}
RESULT: {}
COMMAND: POST /session/5635ff3a58dcb7e64f288300af2e9ad3/element - {"using":"xpath","value":"//input[@id=\"application-managecontracts-display-component---AddNewContract--yardId-inner\"]"}
RESULT: {"using":"xpath","value":"//input[@id=\"application-managecontracts-display-component---AddNewContract--yardId-inner\"]"}
COMMAND: GET /session/5635ff3a58dcb7e64f288300af2e9ad3/element/f.ED9453BD34BB61637EDB63CE7F048255.d.8056E4B8DC9A385C9DC9C1331BBD73B0.e.13700/property/value - {}
RESULT: {}
COMMAND: POST /session/5635ff3a58dcb7e64f288300af2e9ad3/element - {"using":"xpath","value":"//input[@id=\"application-managecontracts-display-component---AddNewContract--customerSelect-inner\"]"}
COMMAND: GET /session/5635ff3a58dcb7e64f288300af2e9ad3/screenshot - {}
RESULT: {"using":"xpath","value":"//input[@id=\"application-managecontracts-display-component---AddNewContract--customerSelect-inner\"]"}
COMMAND: POST /session/5635ff3a58dcb7e64f288300af2e9ad3/element/f.ED9453BD34BB61637EDB63CE7F048255.d.8056E4B8DC9A385C9DC9C1331BBD73B0.e.13698/clear - {}
RESULT: {}
RESULT: {}
COMMAND: POST /session/5635ff3a58dcb7e64f288300af2e9ad3/element/f.ED9453BD34BB61637EDB63CE7F048255.d.8056E4B8DC9A385C9DC9C1331BBD73B0.e.13698/value - {"text":"1244"}
COMMAND: GET /session/5635ff3a58dcb7e64f288300af2e9ad3/screenshot - {}
RESULT: {"text":"1244"}
COMMAND: GET /session/5635ff3a58dcb7e64f288300af2e9ad3/screenshot - {}
RESULT: {}
RESULT: {}
COMMAND: POST /session/5635ff3a58dcb7e64f288300af2e9ad3/element - {"using":"xpath","value":"//li[.//span[text()='1244']]"}
RESULT: {"using":"xpath","value":"//li[.//span[text()='1244']]"}
COMMAND: POST /session/5635ff3a58dcb7e64f288300af2e9ad3/element/f.ED9453BD34BB61637EDB63CE7F048255.d.8056E4B8DC9A385C9DC9C1331BBD73B0.e.13785/click - {}
RESULT: {}
COMMAND: GET /session/5635ff3a58dcb7e64f288300af2e9ad3/screenshot - {}
RESULT: {}
COMMAND: POST /session/5635ff3a58dcb7e64f288300af2e9ad3/element - {"using":"xpath","value":"//button[@data-kt=\"saveButton\"]"}
RESULT: {"using":"xpath","value":"//button[@data-kt=\"saveButton\"]"}
COMMAND: POST /session/5635ff3a58dcb7e64f288300af2e9ad3/element/f.ED9453BD34BB61637EDB63CE7F048255.d.8056E4B8DC9A385C9DC9C1331BBD73B0.e.13775/click - {}
RESULT: {}
COMMAND: GET /session/5635ff3a58dcb7e64f288300af2e9ad3/screenshot - {}
RESULT: {}
COMMAND: POST /session/5635ff3a58dcb7e64f288300af2e9ad3/element - {"using":"xpath","value":"//span[contains(@id ,\"contractDetailTitleNoExpanded\")]"}
RESULT: {"using":"xpath","value":"//span[contains(@id ,\"contractDetailTitleNoExpanded\")]"}
COMMAND: POST /session/5635ff3a58dcb7e64f288300af2e9ad3/elements - {"using":"xpath","value":"//span[contains(@id ,\"contractDetailTitleNoExpanded\")]"}
RESULT: {"using":"xpath","value":"//span[contains(@id ,\"contractDetailTitleNoExpanded\")]"}
COMMAND: POST /session/5635ff3a58dcb7e64f288300af2e9ad3/execute/sync - {"script":"<script> [56 bytes]","args":[{"element-6066-11e4-a52e-4f735466cecf":"f.ED9453BD34BB61637EDB63CE7F048255.d.8056E4B8DC9A385C9DC9C1331BBD73B0.e.13794","ELEMENT":"f.ED9453BD34BB61637EDB63CE7F048255.d.8056E4B8DC9A385C9DC9C1331BBD73B0.e.13794"}]}
RESULT: {"script":"<script> [56 bytes]","args":[{"element-6066-11e4-a52e-4f735466cecf":"f.ED9453BD34BB61637EDB63CE7F048255.d.8056E4B8DC9A385C9DC9C1331BBD73B0.e.13794","ELEMENT":"f.ED9453BD34BB61637EDB63CE7F048255.d.8056E4B8DC9A385C9DC9C1331BBD73B0.e.13794"}]}
COMMAND: GET /session/5635ff3a58dcb7e64f288300af2e9ad3/screenshot - {}
RESULT: {}
]]></system-out>
    </testcase>
    <testcase classname="chrome.136_0_7103_93.windows.Billing_Transfer_-_Intracompany_US127249" name="Should add equipment to the contract" time="47.925">
      <system-out><![CDATA[
COMMAND: POST /session/5635ff3a58dcb7e64f288300af2e9ad3/element - {"using":"xpath","value":"//button[@data-kt=\"contractDetailEditBtnButton\"]"}
RESULT: {"using":"xpath","value":"//button[@data-kt=\"contractDetailEditBtnButton\"]"}
COMMAND: POST /session/5635ff3a58dcb7e64f288300af2e9ad3/element/f.ED9453BD34BB61637EDB63CE7F048255.d.8056E4B8DC9A385C9DC9C1331BBD73B0.e.13797/click - {}
RESULT: {}
COMMAND: GET /session/5635ff3a58dcb7e64f288300af2e9ad3/screenshot - {}
RESULT: {}
COMMAND: POST /session/5635ff3a58dcb7e64f288300af2e9ad3/element - {"using":"xpath","value":"(//span[contains(text(), \"Additional Addresses\")])[2]"}
RESULT: {"using":"xpath","value":"(//span[contains(text(), \"Additional Addresses\")])[2]"}
COMMAND: POST /session/5635ff3a58dcb7e64f288300af2e9ad3/element/f.ED9453BD34BB61637EDB63CE7F048255.d.8056E4B8DC9A385C9DC9C1331BBD73B0.e.13852/click - {}
RESULT: {}
COMMAND: GET /session/5635ff3a58dcb7e64f288300af2e9ad3/screenshot - {}
RESULT: {}
COMMAND: POST /session/5635ff3a58dcb7e64f288300af2e9ad3/element - {"using":"xpath","value":"//button[@data-kt=\"btnAddTableRowOverflowToolbarButton\"]"}
RESULT: {"using":"xpath","value":"//button[@data-kt=\"btnAddTableRowOverflowToolbarButton\"]"}
COMMAND: POST /session/5635ff3a58dcb7e64f288300af2e9ad3/element/f.ED9453BD34BB61637EDB63CE7F048255.d.8056E4B8DC9A385C9DC9C1331BBD73B0.e.13855/click - {}
RESULT: {}
COMMAND: GET /session/5635ff3a58dcb7e64f288300af2e9ad3/screenshot - {}
RESULT: {}
COMMAND: POST /session/5635ff3a58dcb7e64f288300af2e9ad3/element - {"using":"xpath","value":"//div[(text() = 'Standard Entry' or . = 'Standard Entry')]"}
RESULT: {"using":"xpath","value":"//div[(text() = 'Standard Entry' or . = 'Standard Entry')]"}
COMMAND: POST /session/5635ff3a58dcb7e64f288300af2e9ad3/element/f.ED9453BD34BB61637EDB63CE7F048255.d.8056E4B8DC9A385C9DC9C1331BBD73B0.e.13857/click - {}
RESULT: {}
COMMAND: GET /session/5635ff3a58dcb7e64f288300af2e9ad3/screenshot - {}
RESULT: {}
COMMAND: POST /session/5635ff3a58dcb7e64f288300af2e9ad3/element - {"using":"xpath","value":"//td[7]/div/div/input"}
RESULT: {"using":"xpath","value":"//td[7]/div/div/input"}
COMMAND: POST /session/5635ff3a58dcb7e64f288300af2e9ad3/element/f.ED9453BD34BB61637EDB63CE7F048255.d.8056E4B8DC9A385C9DC9C1331BBD73B0.e.13866/clear - {}
RESULT: {}
COMMAND: POST /session/5635ff3a58dcb7e64f288300af2e9ad3/element/f.ED9453BD34BB61637EDB63CE7F048255.d.8056E4B8DC9A385C9DC9C1331BBD73B0.e.13866/value - {"text":"2iV7TKQkqx"}
COMMAND: GET /session/5635ff3a58dcb7e64f288300af2e9ad3/screenshot - {}
RESULT: {"text":"2iV7TKQkqx"}
COMMAND: GET /session/5635ff3a58dcb7e64f288300af2e9ad3/screenshot - {}
RESULT: {}
RESULT: {}
COMMAND: POST /session/5635ff3a58dcb7e64f288300af2e9ad3/actions - {"actions":[{"id":"action42","type":"key","parameters":{},"actions":[{"type":"keyDown","value":""},{"type":"pause","duration":10},{"type":"keyUp","value":""}]}]}
RESULT: {"actions":[{"id":"action42","type":"key","parameters":{},"actions":[{"type":"keyDown","value":""},{"type":"pause","duration":10},{"type":"keyUp","value":""}]}]}
COMMAND: GET /session/5635ff3a58dcb7e64f288300af2e9ad3/screenshot - {}
RESULT: {}
COMMAND: POST /session/5635ff3a58dcb7e64f288300af2e9ad3/execute/sync - {"script":"<script> [276 bytes]","args":["No pricing information was found"]}
RESULT: {"script":"<script> [276 bytes]","args":["No pricing information was found"]}
COMMAND: POST /session/5635ff3a58dcb7e64f288300af2e9ad3/element - {"using":"xpath","value":"(//button[@data-kt=\"saveButton\"])[2]"}
COMMAND: GET /session/5635ff3a58dcb7e64f288300af2e9ad3/screenshot - {}
RESULT: {"using":"xpath","value":"(//button[@data-kt=\"saveButton\"])[2]"}
COMMAND: POST /session/5635ff3a58dcb7e64f288300af2e9ad3/element/f.ED9453BD34BB61637EDB63CE7F048255.d.8056E4B8DC9A385C9DC9C1331BBD73B0.e.13881/click - {}
RESULT: {}
RESULT: {}
COMMAND: GET /session/5635ff3a58dcb7e64f288300af2e9ad3/screenshot - {}
RESULT: {}
COMMAND: POST /session/5635ff3a58dcb7e64f288300af2e9ad3/execute/sync - {"script":"<script> [276 bytes]","args":["Some contract items are having rental validity exceeding header rental validity"]}
RESULT: {"script":"<script> [276 bytes]","args":["Some contract items are having rental validity exceeding header rental validity"]}
COMMAND: GET /session/5635ff3a58dcb7e64f288300af2e9ad3/screenshot - {}
RESULT: {}
COMMAND: POST /session/5635ff3a58dcb7e64f288300af2e9ad3/element - {"using":"xpath","value":"//span[contains(@id ,\"contractItemsSmartTable-header-inner\")]"}
RESULT: {"using":"xpath","value":"//span[contains(@id ,\"contractItemsSmartTable-header-inner\")]"}
COMMAND: POST /session/5635ff3a58dcb7e64f288300af2e9ad3/elements - {"using":"xpath","value":"//span[contains(@id ,\"contractItemsSmartTable-header-inner\")]"}
RESULT: {"using":"xpath","value":"//span[contains(@id ,\"contractItemsSmartTable-header-inner\")]"}
COMMAND: POST /session/5635ff3a58dcb7e64f288300af2e9ad3/execute/sync - {"script":"<script> [56 bytes]","args":[{"element-6066-11e4-a52e-4f735466cecf":"f.ED9453BD34BB61637EDB63CE7F048255.d.8056E4B8DC9A385C9DC9C1331BBD73B0.e.13887","ELEMENT":"f.ED9453BD34BB61637EDB63CE7F048255.d.8056E4B8DC9A385C9DC9C1331BBD73B0.e.13887"}]}
RESULT: {"script":"<script> [56 bytes]","args":[{"element-6066-11e4-a52e-4f735466cecf":"f.ED9453BD34BB61637EDB63CE7F048255.d.8056E4B8DC9A385C9DC9C1331BBD73B0.e.13887","ELEMENT":"f.ED9453BD34BB61637EDB63CE7F048255.d.8056E4B8DC9A385C9DC9C1331BBD73B0.e.13887"}]}
COMMAND: GET /session/5635ff3a58dcb7e64f288300af2e9ad3/screenshot - {}
]]></system-out>
    </testcase>
    <testcase classname="chrome.136_0_7103_93.windows.Billing_Transfer_-_Intracompany_US127249" name="Should do a provide to site handover" time="63.118">
      <system-out><![CDATA[
COMMAND: POST /session/5635ff3a58dcb7e64f288300af2e9ad3/element - {"using":"xpath","value":"//button[@data-kt=\"provideButton\"]"}
RESULT: {"using":"xpath","value":"//button[@data-kt=\"provideButton\"]"}
COMMAND: POST /session/5635ff3a58dcb7e64f288300af2e9ad3/element/f.ED9453BD34BB61637EDB63CE7F048255.d.8056E4B8DC9A385C9DC9C1331BBD73B0.e.13888/click - {}
RESULT: {}
RESULT: {}
COMMAND: GET /session/5635ff3a58dcb7e64f288300af2e9ad3/screenshot - {}
RESULT: {}
RESULT: undefined
COMMAND: POST /session/5635ff3a58dcb7e64f288300af2e9ad3/execute/async - {"script":"<script> [6424 bytes]","args":[{"element-6066-11e4-a52e-4f735466cecf":"f.ED9453BD34BB61637EDB63CE7F048255.d.8056E4B8DC9A385C9DC9C1331BBD73B0.e.12925"},"setValue",["5/28/25"]]}
COMMAND: POST /session/5635ff3a58dcb7e64f288300af2e9ad3/execute/async - {"script":"<script> [1562 bytes]","args":[{"selector":{"id":"application-managehandovers-display-component---AddNewHO--dueDate","interaction":{"idSuffix":"inner"}},"wdio_ui5_key":"applicationmanagehandovers-display-component---AddNewHO--dueDate"}]}
RESULT: {"script":"<script> [1562 bytes]","args":[{"selector":{"id":"application-managehandovers-display-component---AddNewHO--dueDate","interaction":{"idSuffix":"inner"}},"wdio_ui5_key":"applicationmanagehandovers-display-component---AddNewHO--dueDate"}]}
COMMAND: POST /session/5635ff3a58dcb7e64f288300af2e9ad3/execute/async - {"script":"<script> [6424 bytes]","args":[{"element-6066-11e4-a52e-4f735466cecf":"f.ED9453BD34BB61637EDB63CE7F048255.d.8056E4B8DC9A385C9DC9C1331BBD73B0.e.13964"},"setValue",["5/28/25"]]}
RESULT: {"script":"<script> [6424 bytes]","args":[{"element-6066-11e4-a52e-4f735466cecf":"f.ED9453BD34BB61637EDB63CE7F048255.d.8056E4B8DC9A385C9DC9C1331BBD73B0.e.13964"},"setValue",["5/28/25"]]}
COMMAND: POST /session/5635ff3a58dcb7e64f288300af2e9ad3/element - {"using":"xpath","value":"//bdi[contains(text(), \"Instructions\")]"}
RESULT: {"using":"xpath","value":"//bdi[contains(text(), \"Instructions\")]"}
COMMAND: POST /session/5635ff3a58dcb7e64f288300af2e9ad3/element/f.ED9453BD34BB61637EDB63CE7F048255.d.8056E4B8DC9A385C9DC9C1331BBD73B0.e.14197/click - {}
RESULT: {}
COMMAND: GET /session/5635ff3a58dcb7e64f288300af2e9ad3/screenshot - {}
RESULT: {}
COMMAND: POST /session/5635ff3a58dcb7e64f288300af2e9ad3/element - {"using":"xpath","value":"//button[@data-kt=\"AddNewHOProvideAddItemsButton\"]"}
RESULT: {"using":"xpath","value":"//button[@data-kt=\"AddNewHOProvideAddItemsButton\"]"}
COMMAND: POST /session/5635ff3a58dcb7e64f288300af2e9ad3/element/f.ED9453BD34BB61637EDB63CE7F048255.d.8056E4B8DC9A385C9DC9C1331BBD73B0.e.14201/click - {}
RESULT: {}
COMMAND: GET /session/5635ff3a58dcb7e64f288300af2e9ad3/screenshot - {}
RESULT: {}
RESULT: undefined
COMMAND: POST /session/5635ff3a58dcb7e64f288300af2e9ad3/element - {"using":"xpath","value":"//*[@id=\"application-managehandovers-display-component---AddNewHO--popup-sa\"]"}
RESULT: {"using":"xpath","value":"//*[@id=\"application-managehandovers-display-component---AddNewHO--popup-sa\"]"}
COMMAND: POST /session/5635ff3a58dcb7e64f288300af2e9ad3/element/f.ED9453BD34BB61637EDB63CE7F048255.d.8056E4B8DC9A385C9DC9C1331BBD73B0.e.14211/click - {}
RESULT: {}
COMMAND: GET /session/5635ff3a58dcb7e64f288300af2e9ad3/screenshot - {}
RESULT: {}
COMMAND: POST /session/5635ff3a58dcb7e64f288300af2e9ad3/element - {"using":"xpath","value":"//*[contains(@id ,\"BDI-content\")][contains(text(), \"Select\")]"}
RESULT: {"using":"xpath","value":"//*[contains(@id ,\"BDI-content\")][contains(text(), \"Select\")]"}
COMMAND: POST /session/5635ff3a58dcb7e64f288300af2e9ad3/element/f.ED9453BD34BB61637EDB63CE7F048255.d.8056E4B8DC9A385C9DC9C1331BBD73B0.e.14212/click - {}
RESULT: {}
COMMAND: GET /session/5635ff3a58dcb7e64f288300af2e9ad3/screenshot - {}
RESULT: {}
COMMAND: POST /session/5635ff3a58dcb7e64f288300af2e9ad3/execute/async - {"script":"<script> [1562 bytes]","args":[{"selector":{"id":"application-managehandovers-display-component---AddNewHO--confirmCreationButton","interaction":{"idSuffix":"BDI-content"}},"wdio_ui5_key":"applicationmanagehandovers-display-component---AddNewHO--confirmCreationButton"}]}
RESULT: {"script":"<script> [1562 bytes]","args":[{"selector":{"id":"application-managehandovers-display-component---AddNewHO--confirmCreationButton","interaction":{"idSuffix":"BDI-content"}},"wdio_ui5_key":"applicationmanagehandovers-display-component---AddNewHO--confirmCreationButton"}]}
RESULT: undefined
COMMAND: POST /session/5635ff3a58dcb7e64f288300af2e9ad3/element - {"using":"xpath","value":"//*[@id=\"application-managehandovers-display-component---AddNewHO--confirmCreationButton\"]"}
RESULT: {"using":"xpath","value":"//*[@id=\"application-managehandovers-display-component---AddNewHO--confirmCreationButton\"]"}
COMMAND: POST /session/5635ff3a58dcb7e64f288300af2e9ad3/element/f.ED9453BD34BB61637EDB63CE7F048255.d.8056E4B8DC9A385C9DC9C1331BBD73B0.e.14011/click - {}
RESULT: {}
COMMAND: GET /session/5635ff3a58dcb7e64f288300af2e9ad3/screenshot - {}
RESULT: {}
COMMAND: POST /session/5635ff3a58dcb7e64f288300af2e9ad3/execute/async - {"script":"<script> [1562 bytes]","args":[{"selector":{"id":"issueDatePicker","viewName":"etm.portal.ui.managehandovers.view.DetailExecuteHO","interaction":{"idSuffix":"inner"}},"wdio_ui5_key":"issueDatePickeretmportal.ui.managehandovers.view.DetailExecuteHO"}]}
RESULT: {"script":"<script> [1562 bytes]","args":[{"selector":{"id":"issueDatePicker","viewName":"etm.portal.ui.managehandovers.view.DetailExecuteHO","interaction":{"idSuffix":"inner"}},"wdio_ui5_key":"issueDatePickeretmportal.ui.managehandovers.view.DetailExecuteHO"}]}
RESULT: undefined
COMMAND: POST /session/5635ff3a58dcb7e64f288300af2e9ad3/execute/async - {"script":"<script> [776 bytes]","args":[{"enterText":"5/28/25","selector":{"id":"issueDatePicker","viewName":"etm.portal.ui.managehandovers.view.DetailExecuteHO","interaction":{"idSuffix":"inner"}},"clearTextFirst":true,"interactionType":"ENTER_TEXT"}]}
RESULT: {"script":"<script> [776 bytes]","args":[{"enterText":"5/28/25","selector":{"id":"issueDatePicker","viewName":"etm.portal.ui.managehandovers.view.DetailExecuteHO","interaction":{"idSuffix":"inner"}},"clearTextFirst":true,"interactionType":"ENTER_TEXT"}]}
COMMAND: POST /session/5635ff3a58dcb7e64f288300af2e9ad3/element - {"using":"xpath","value":"//button[@data-kt=\"PickingTableConfirmAllButton\"]"}
RESULT: {"using":"xpath","value":"//button[@data-kt=\"PickingTableConfirmAllButton\"]"}
COMMAND: POST /session/5635ff3a58dcb7e64f288300af2e9ad3/element/f.ED9453BD34BB61637EDB63CE7F048255.d.8056E4B8DC9A385C9DC9C1331BBD73B0.e.14275/click - {}
RESULT: {}
COMMAND: GET /session/5635ff3a58dcb7e64f288300af2e9ad3/screenshot - {}
RESULT: {}
COMMAND: POST /session/5635ff3a58dcb7e64f288300af2e9ad3/element - {"using":"xpath","value":"//bdi[contains(text(), \"OK\")]"}
RESULT: {"using":"xpath","value":"//bdi[contains(text(), \"OK\")]"}
COMMAND: POST /session/5635ff3a58dcb7e64f288300af2e9ad3/element/f.ED9453BD34BB61637EDB63CE7F048255.d.8056E4B8DC9A385C9DC9C1331BBD73B0.e.14278/click - {}
RESULT: {}
COMMAND: GET /session/5635ff3a58dcb7e64f288300af2e9ad3/screenshot - {}
RESULT: {}
COMMAND: POST /session/5635ff3a58dcb7e64f288300af2e9ad3/element - {"using":"xpath","value":"//bdi[contains(text(), \"Issue\")]"}
RESULT: {"using":"xpath","value":"//bdi[contains(text(), \"Issue\")]"}
COMMAND: POST /session/5635ff3a58dcb7e64f288300af2e9ad3/element/f.ED9453BD34BB61637EDB63CE7F048255.d.8056E4B8DC9A385C9DC9C1331BBD73B0.e.14280/click - {}
RESULT: {}
COMMAND: GET /session/5635ff3a58dcb7e64f288300af2e9ad3/screenshot - {}
RESULT: {}
COMMAND: POST /session/5635ff3a58dcb7e64f288300af2e9ad3/element - {"using":"css selector","value":"#shell-header-logo"}
RESULT: {"using":"css selector","value":"#shell-header-logo"}
COMMAND: POST /session/5635ff3a58dcb7e64f288300af2e9ad3/element/f.ED9453BD34BB61637EDB63CE7F048255.d.8056E4B8DC9A385C9DC9C1331BBD73B0.e.13334/click - {}
RESULT: {}
COMMAND: GET /session/5635ff3a58dcb7e64f288300af2e9ad3/screenshot - {}
RESULT: {}
]]></system-out>
    </testcase>
    <testcase classname="chrome.136_0_7103_93.windows.Billing_Transfer_-_Intracompany_US127249" name="Should go navigate to Manage Billings and trigger contract calculation check result" time="64.27">
      <system-out><![CDATA[
COMMAND: POST /session/5635ff3a58dcb7e64f288300af2e9ad3/execute/async - {"script":"<script> [1562 bytes]","args":[{"selector":{"controlType":"sap.m.GenericTile","properties":{"header":"Manage Billings"}},"wdio_ui5_key":"sapm.GenericTile{\"header\":\"Manage Billings\"}"}]}
RESULT: {"script":"<script> [1562 bytes]","args":[{"selector":{"controlType":"sap.m.GenericTile","properties":{"header":"Manage Billings"}},"wdio_ui5_key":"sapm.GenericTile{\"header\":\"Manage Billings\"}"}]}
RESULT: undefined
COMMAND: POST /session/5635ff3a58dcb7e64f288300af2e9ad3/element - {"using":"xpath","value":"//*[@id=\"__tile91\"]"}
RESULT: {"using":"xpath","value":"//*[@id=\"__tile91\"]"}
COMMAND: POST /session/5635ff3a58dcb7e64f288300af2e9ad3/element/f.ED9453BD34BB61637EDB63CE7F048255.d.8056E4B8DC9A385C9DC9C1331BBD73B0.e.11379/click - {}
RESULT: {}
COMMAND: GET /session/5635ff3a58dcb7e64f288300af2e9ad3/screenshot - {}
COMMAND: POST /session/5635ff3a58dcb7e64f288300af2e9ad3/elements - {"using":"xpath","value":"//span[text()='Error']"}
RESULT: {}
RESULT: {"using":"xpath","value":"//span[text()='Error']"}
COMMAND: POST /session/5635ff3a58dcb7e64f288300af2e9ad3/execute/async - {"script":"<script> [1562 bytes]","args":[{"selector":{"id":"application-managebillings-display-component---billRunCalcResult--smartFilterBar-btnBasicSearch","interaction":{"idSuffix":"I"}},"wdio_ui5_key":"applicationmanagebillings-display-component---billRunCalcResult--smartFilterBar-btnBasicSearch"}]}
RESULT: {"script":"<script> [1562 bytes]","args":[{"selector":{"id":"application-managebillings-display-component---billRunCalcResult--smartFilterBar-btnBasicSearch","interaction":{"idSuffix":"I"}},"wdio_ui5_key":"applicationmanagebillings-display-component---billRunCalcResult--smartFilterBar-btnBasicSearch"}]}
RESULT: undefined
COMMAND: POST /session/5635ff3a58dcb7e64f288300af2e9ad3/execute/async - {"script":"<script> [776 bytes]","args":[{"enterText":"10349","selector":{"id":"application-managebillings-display-component---billRunCalcResult--smartFilterBar-btnBasicSearch","interaction":{"idSuffix":"I"}},"clearTextFirst":true,"interactionType":"ENTER_TEXT"}]}
RESULT: {"script":"<script> [776 bytes]","args":[{"enterText":"10349","selector":{"id":"application-managebillings-display-component---billRunCalcResult--smartFilterBar-btnBasicSearch","interaction":{"idSuffix":"I"}},"clearTextFirst":true,"interactionType":"ENTER_TEXT"}]}
COMMAND: POST /session/5635ff3a58dcb7e64f288300af2e9ad3/actions - {"actions":[{"id":"action43","type":"key","parameters":{},"actions":[{"type":"keyDown","value":""},{"type":"pause","duration":10},{"type":"keyUp","value":""}]}]}
RESULT: {"actions":[{"id":"action43","type":"key","parameters":{},"actions":[{"type":"keyDown","value":""},{"type":"pause","duration":10},{"type":"keyUp","value":""}]}]}
COMMAND: GET /session/5635ff3a58dcb7e64f288300af2e9ad3/screenshot - {}
RESULT: {}
COMMAND: POST /session/5635ff3a58dcb7e64f288300af2e9ad3/element - {"using":"xpath","value":"//td[@aria-colindex=\"1\"]/div/div[contains(@class, \"sapMCbBg\")]"}
RESULT: {"using":"xpath","value":"//td[@aria-colindex=\"1\"]/div/div[contains(@class, \"sapMCbBg\")]"}
COMMAND: POST /session/5635ff3a58dcb7e64f288300af2e9ad3/element/f.ED9453BD34BB61637EDB63CE7F048255.d.8056E4B8DC9A385C9DC9C1331BBD73B0.e.14668/click - {}
RESULT: {}
COMMAND: GET /session/5635ff3a58dcb7e64f288300af2e9ad3/screenshot - {}
RESULT: {}
COMMAND: POST /session/5635ff3a58dcb7e64f288300af2e9ad3/execute/async - {"script":"<script> [1562 bytes]","args":[{"selector":{"id":"application-managebillings-display-component---billRunCalcResult--contractBillRunDate","interaction":{"idSuffix":"inner"}},"wdio_ui5_key":"applicationmanagebillings-display-component---billRunCalcResult--contractBillRunDate"}]}
RESULT: {"script":"<script> [1562 bytes]","args":[{"selector":{"id":"application-managebillings-display-component---billRunCalcResult--contractBillRunDate","interaction":{"idSuffix":"inner"}},"wdio_ui5_key":"applicationmanagebillings-display-component---billRunCalcResult--contractBillRunDate"}]}
RESULT: undefined
COMMAND: POST /session/5635ff3a58dcb7e64f288300af2e9ad3/execute/async - {"script":"<script> [776 bytes]","args":[{"enterText":"5/28/25","selector":{"id":"application-managebillings-display-component---billRunCalcResult--contractBillRunDate","interaction":{"idSuffix":"inner"}},"clearTextFirst":true,"interactionType":"ENTER_TEXT"}]}
RESULT: {"script":"<script> [776 bytes]","args":[{"enterText":"5/28/25","selector":{"id":"application-managebillings-display-component---billRunCalcResult--contractBillRunDate","interaction":{"idSuffix":"inner"}},"clearTextFirst":true,"interactionType":"ENTER_TEXT"}]}
COMMAND: POST /session/5635ff3a58dcb7e64f288300af2e9ad3/element - {"using":"xpath","value":"//bdi[contains(text(), \"Trigger Calculation\")]"}
RESULT: {"using":"xpath","value":"//bdi[contains(text(), \"Trigger Calculation\")]"}
COMMAND: POST /session/5635ff3a58dcb7e64f288300af2e9ad3/element/f.ED9453BD34BB61637EDB63CE7F048255.d.8056E4B8DC9A385C9DC9C1331BBD73B0.e.14718/click - {}
RESULT: {}
COMMAND: GET /session/5635ff3a58dcb7e64f288300af2e9ad3/screenshot - {}
RESULT: {}
COMMAND: POST /session/5635ff3a58dcb7e64f288300af2e9ad3/element - {"using":"xpath","value":"(//span[contains(@id, \"imgNav\")])[1]"}
RESULT: {"using":"xpath","value":"(//span[contains(@id, \"imgNav\")])[1]"}
COMMAND: POST /session/5635ff3a58dcb7e64f288300af2e9ad3/element/f.ED9453BD34BB61637EDB63CE7F048255.d.8056E4B8DC9A385C9DC9C1331BBD73B0.e.14669/click - {}
RESULT: {}
COMMAND: GET /session/5635ff3a58dcb7e64f288300af2e9ad3/screenshot - {}
RESULT: {}
COMMAND: POST /session/5635ff3a58dcb7e64f288300af2e9ad3/element - {"using":"xpath","value":"//tr/td[6]/div[1]/span[1]/span[1]"}
RESULT: {"using":"xpath","value":"//tr/td[6]/div[1]/span[1]/span[1]"}
COMMAND: GET /session/5635ff3a58dcb7e64f288300af2e9ad3/element/f.ED9453BD34BB61637EDB63CE7F048255.d.8056E4B8DC9A385C9DC9C1331BBD73B0.e.14722/text - {}
RESULT: {}
COMMAND: POST /session/5635ff3a58dcb7e64f288300af2e9ad3/element - {"using":"xpath","value":"(//span[contains(@id, \"imgNav\")])[2]"}
RESULT: {"using":"xpath","value":"(//span[contains(@id, \"imgNav\")])[2]"}
COMMAND: POST /session/5635ff3a58dcb7e64f288300af2e9ad3/element/f.ED9453BD34BB61637EDB63CE7F048255.d.8056E4B8DC9A385C9DC9C1331BBD73B0.e.14723/click - {}
RESULT: {}
COMMAND: POST /session/5635ff3a58dcb7e64f288300af2e9ad3/element - {"using":"xpath","value":"//bdi[contains(text(), \"Business Confirm\")]"}
COMMAND: GET /session/5635ff3a58dcb7e64f288300af2e9ad3/screenshot - {}
RESULT: {"using":"xpath","value":"//bdi[contains(text(), \"Business Confirm\")]"}
COMMAND: POST /session/5635ff3a58dcb7e64f288300af2e9ad3/elements - {"using":"xpath","value":"//bdi[contains(text(), \"Business Confirm\")]"}
RESULT: {}
RESULT: {"using":"xpath","value":"//bdi[contains(text(), \"Business Confirm\")]"}
COMMAND: POST /session/5635ff3a58dcb7e64f288300af2e9ad3/elements - {"using":"xpath","value":"//bdi[contains(text(), \"Business Confirm\")]"}
RESULT: {"using":"xpath","value":"//bdi[contains(text(), \"Business Confirm\")]"}
COMMAND: POST /session/5635ff3a58dcb7e64f288300af2e9ad3/element - {"using":"xpath","value":"//bdi[contains(text(), \"Business Confirm\")]"}
RESULT: {"using":"xpath","value":"//bdi[contains(text(), \"Business Confirm\")]"}
COMMAND: POST /session/5635ff3a58dcb7e64f288300af2e9ad3/element/f.ED9453BD34BB61637EDB63CE7F048255.d.8056E4B8DC9A385C9DC9C1331BBD73B0.e.14726/click - {}
RESULT: {}
COMMAND: POST /session/5635ff3a58dcb7e64f288300af2e9ad3/element - {"using":"css selector","value":"#shell-header-logo"}
COMMAND: GET /session/5635ff3a58dcb7e64f288300af2e9ad3/screenshot - {}
RESULT: {"using":"css selector","value":"#shell-header-logo"}
COMMAND: POST /session/5635ff3a58dcb7e64f288300af2e9ad3/element/f.ED9453BD34BB61637EDB63CE7F048255.d.8056E4B8DC9A385C9DC9C1331BBD73B0.e.14460/click - {}
RESULT: {}
RESULT: {}
COMMAND: GET /session/5635ff3a58dcb7e64f288300af2e9ad3/screenshot - {}
RESULT: {}
]]></system-out>
    </testcase>
    <testcase classname="chrome.136_0_7103_93.windows.Billing_Transfer_-_Intracompany_US127249" name="Should navigate to billing transfer and invoice the contract" time="74.243">
      <system-out><![CDATA[
COMMAND: POST /session/5635ff3a58dcb7e64f288300af2e9ad3/execute/async - {"script":"<script> [1562 bytes]","args":[{"selector":{"controlType":"sap.m.GenericTile","properties":{"header":"Billing Transfer"}},"wdio_ui5_key":"sapm.GenericTile{\"header\":\"Billing Transfer\"}"}]}
RESULT: {"script":"<script> [1562 bytes]","args":[{"selector":{"controlType":"sap.m.GenericTile","properties":{"header":"Billing Transfer"}},"wdio_ui5_key":"sapm.GenericTile{\"header\":\"Billing Transfer\"}"}]}
RESULT: undefined
COMMAND: POST /session/5635ff3a58dcb7e64f288300af2e9ad3/element - {"using":"xpath","value":"//*[@id=\"__tile90\"]"}
RESULT: {"using":"xpath","value":"//*[@id=\"__tile90\"]"}
COMMAND: POST /session/5635ff3a58dcb7e64f288300af2e9ad3/element/f.ED9453BD34BB61637EDB63CE7F048255.d.8056E4B8DC9A385C9DC9C1331BBD73B0.e.11376/click - {}
RESULT: {}
COMMAND: GET /session/5635ff3a58dcb7e64f288300af2e9ad3/screenshot - {}
RESULT: {}
COMMAND: POST /session/5635ff3a58dcb7e64f288300af2e9ad3/elements - {"using":"xpath","value":"//span[text()='Error']"}
RESULT: {"using":"xpath","value":"//span[text()='Error']"}
COMMAND: POST /session/5635ff3a58dcb7e64f288300af2e9ad3/element - {"using":"xpath","value":"//input[contains(@id ,\"application-billingtransfer-display-component---billingWorkbench--smartFilterBar-btnBasicSearch\")]"}
RESULT: {"using":"xpath","value":"//input[contains(@id ,\"application-billingtransfer-display-component---billingWorkbench--smartFilterBar-btnBasicSearch\")]"}
COMMAND: POST /session/5635ff3a58dcb7e64f288300af2e9ad3/elements - {"using":"xpath","value":"//input[contains(@id ,\"application-billingtransfer-display-component---billingWorkbench--smartFilterBar-btnBasicSearch\")]"}
RESULT: {"using":"xpath","value":"//input[contains(@id ,\"application-billingtransfer-display-component---billingWorkbench--smartFilterBar-btnBasicSearch\")]"}
COMMAND: POST /session/5635ff3a58dcb7e64f288300af2e9ad3/execute/sync - {"script":"<script> [8489 bytes]","args":[{"element-6066-11e4-a52e-4f735466cecf":"f.ED9453BD34BB61637EDB63CE7F048255.d.8056E4B8DC9A385C9DC9C1331BBD73B0.e.14805","ELEMENT":"f.ED9453BD34BB61637EDB63CE7F048255.d.8056E4B8DC9A385C9DC9C1331BBD73B0.e.14805"}]}
RESULT: {"script":"<script> [8489 bytes]","args":[{"element-6066-11e4-a52e-4f735466cecf":"f.ED9453BD34BB61637EDB63CE7F048255.d.8056E4B8DC9A385C9DC9C1331BBD73B0.e.14805","ELEMENT":"f.ED9453BD34BB61637EDB63CE7F048255.d.8056E4B8DC9A385C9DC9C1331BBD73B0.e.14805"}]}
COMMAND: GET /session/5635ff3a58dcb7e64f288300af2e9ad3/element/f.ED9453BD34BB61637EDB63CE7F048255.d.8056E4B8DC9A385C9DC9C1331BBD73B0.e.14805/enabled - {}
COMMAND: GET /session/5635ff3a58dcb7e64f288300af2e9ad3/screenshot - {}
RESULT: {}
COMMAND: POST /session/5635ff3a58dcb7e64f288300af2e9ad3/element/f.ED9453BD34BB61637EDB63CE7F048255.d.8056E4B8DC9A385C9DC9C1331BBD73B0.e.14805/click - {}
COMMAND: GET /session/5635ff3a58dcb7e64f288300af2e9ad3/screenshot - {}
RESULT: {}
RESULT: {}
COMMAND: GET /session/5635ff3a58dcb7e64f288300af2e9ad3/screenshot - {}
RESULT: {}
RESULT: {}
COMMAND: POST /session/5635ff3a58dcb7e64f288300af2e9ad3/element/f.ED9453BD34BB61637EDB63CE7F048255.d.8056E4B8DC9A385C9DC9C1331BBD73B0.e.14805/clear - {}
RESULT: {}
COMMAND: POST /session/5635ff3a58dcb7e64f288300af2e9ad3/element/f.ED9453BD34BB61637EDB63CE7F048255.d.8056E4B8DC9A385C9DC9C1331BBD73B0.e.14805/value - {"text":"10349"}
COMMAND: GET /session/5635ff3a58dcb7e64f288300af2e9ad3/screenshot - {}
RESULT: {"text":"10349"}
COMMAND: POST /session/5635ff3a58dcb7e64f288300af2e9ad3/actions - {"actions":[{"id":"action44","type":"key","parameters":{},"actions":[{"type":"keyDown","value":""},{"type":"pause","duration":10},{"type":"keyUp","value":""}]}]}
COMMAND: GET /session/5635ff3a58dcb7e64f288300af2e9ad3/screenshot - {}
RESULT: {}
RESULT: {"actions":[{"id":"action44","type":"key","parameters":{},"actions":[{"type":"keyDown","value":""},{"type":"pause","duration":10},{"type":"keyUp","value":""}]}]}
COMMAND: GET /session/5635ff3a58dcb7e64f288300af2e9ad3/screenshot - {}
RESULT: {}
RESULT: {}
COMMAND: POST /session/5635ff3a58dcb7e64f288300af2e9ad3/element - {"using":"xpath","value":"//span[contains(@id ,\"application-billingtransfer-display-component---billingWorkbench--smartTableBillingRuns-header-inner\")]"}
RESULT: {"using":"xpath","value":"//span[contains(@id ,\"application-billingtransfer-display-component---billingWorkbench--smartTableBillingRuns-header-inner\")]"}
COMMAND: POST /session/5635ff3a58dcb7e64f288300af2e9ad3/elements - {"using":"xpath","value":"//span[contains(@id ,\"application-billingtransfer-display-component---billingWorkbench--smartTableBillingRuns-header-inner\")]"}
RESULT: {"using":"xpath","value":"//span[contains(@id ,\"application-billingtransfer-display-component---billingWorkbench--smartTableBillingRuns-header-inner\")]"}
COMMAND: POST /session/5635ff3a58dcb7e64f288300af2e9ad3/execute/sync - {"script":"<script> [56 bytes]","args":[{"element-6066-11e4-a52e-4f735466cecf":"f.ED9453BD34BB61637EDB63CE7F048255.d.8056E4B8DC9A385C9DC9C1331BBD73B0.e.14951","ELEMENT":"f.ED9453BD34BB61637EDB63CE7F048255.d.8056E4B8DC9A385C9DC9C1331BBD73B0.e.14951"}]}
RESULT: {"script":"<script> [56 bytes]","args":[{"element-6066-11e4-a52e-4f735466cecf":"f.ED9453BD34BB61637EDB63CE7F048255.d.8056E4B8DC9A385C9DC9C1331BBD73B0.e.14951","ELEMENT":"f.ED9453BD34BB61637EDB63CE7F048255.d.8056E4B8DC9A385C9DC9C1331BBD73B0.e.14951"}]}
COMMAND: POST /session/5635ff3a58dcb7e64f288300af2e9ad3/element - {"using":"xpath","value":"//td[@aria-colindex=\"1\"]/div/div[contains(@class, \"sapMCbBg\")]"}
COMMAND: GET /session/5635ff3a58dcb7e64f288300af2e9ad3/screenshot - {}
RESULT: {"using":"xpath","value":"//td[@aria-colindex=\"1\"]/div/div[contains(@class, \"sapMCbBg\")]"}
COMMAND: POST /session/5635ff3a58dcb7e64f288300af2e9ad3/element/f.ED9453BD34BB61637EDB63CE7F048255.d.8056E4B8DC9A385C9DC9C1331BBD73B0.e.14886/click - {}
RESULT: {}
RESULT: {}
COMMAND: GET /session/5635ff3a58dcb7e64f288300af2e9ad3/screenshot - {}
RESULT: {}
COMMAND: POST /session/5635ff3a58dcb7e64f288300af2e9ad3/element - {"using":"xpath","value":"//bdi[contains(text(), \"Check\")]"}
RESULT: {"using":"xpath","value":"//bdi[contains(text(), \"Check\")]"}
COMMAND: POST /session/5635ff3a58dcb7e64f288300af2e9ad3/element/f.ED9453BD34BB61637EDB63CE7F048255.d.8056E4B8DC9A385C9DC9C1331BBD73B0.e.14952/click - {}
RESULT: {}
COMMAND: GET /session/5635ff3a58dcb7e64f288300af2e9ad3/screenshot - {}
RESULT: {}
COMMAND: POST /session/5635ff3a58dcb7e64f288300af2e9ad3/element - {"using":"xpath","value":"//bdi[contains(text(), \"OK\")]"}
RESULT: {"using":"xpath","value":"//bdi[contains(text(), \"OK\")]"}
COMMAND: POST /session/5635ff3a58dcb7e64f288300af2e9ad3/element/f.ED9453BD34BB61637EDB63CE7F048255.d.8056E4B8DC9A385C9DC9C1331BBD73B0.e.14955/click - {}
RESULT: {}
COMMAND: GET /session/5635ff3a58dcb7e64f288300af2e9ad3/screenshot - {}
RESULT: {}
COMMAND: POST /session/5635ff3a58dcb7e64f288300af2e9ad3/element - {"using":"xpath","value":"(//span[contains(text(), \"CO/SD checked\")]/parent::div/preceding-sibling::div/span)[1]"}
RESULT: {"using":"xpath","value":"(//span[contains(text(), \"CO/SD checked\")]/parent::div/preceding-sibling::div/span)[1]"}
COMMAND: POST /session/5635ff3a58dcb7e64f288300af2e9ad3/element/f.ED9453BD34BB61637EDB63CE7F048255.d.8056E4B8DC9A385C9DC9C1331BBD73B0.e.14965/click - {}
RESULT: {}
COMMAND: GET /session/5635ff3a58dcb7e64f288300af2e9ad3/screenshot - {}
RESULT: {}
COMMAND: POST /session/5635ff3a58dcb7e64f288300af2e9ad3/element - {"using":"xpath","value":"//input[contains(@id ,\"application-billingtransfer-display-component---billingWorkbench--smartFilterBar-btnBasicSearch\")]"}
RESULT: {"using":"xpath","value":"//input[contains(@id ,\"application-billingtransfer-display-component---billingWorkbench--smartFilterBar-btnBasicSearch\")]"}
COMMAND: POST /session/5635ff3a58dcb7e64f288300af2e9ad3/elements - {"using":"xpath","value":"//input[contains(@id ,\"application-billingtransfer-display-component---billingWorkbench--smartFilterBar-btnBasicSearch\")]"}
RESULT: {"using":"xpath","value":"//input[contains(@id ,\"application-billingtransfer-display-component---billingWorkbench--smartFilterBar-btnBasicSearch\")]"}
COMMAND: POST /session/5635ff3a58dcb7e64f288300af2e9ad3/execute/sync - {"script":"<script> [8489 bytes]","args":[{"element-6066-11e4-a52e-4f735466cecf":"f.ED9453BD34BB61637EDB63CE7F048255.d.8056E4B8DC9A385C9DC9C1331BBD73B0.e.14805","ELEMENT":"f.ED9453BD34BB61637EDB63CE7F048255.d.8056E4B8DC9A385C9DC9C1331BBD73B0.e.14805"}]}
RESULT: {"script":"<script> [8489 bytes]","args":[{"element-6066-11e4-a52e-4f735466cecf":"f.ED9453BD34BB61637EDB63CE7F048255.d.8056E4B8DC9A385C9DC9C1331BBD73B0.e.14805","ELEMENT":"f.ED9453BD34BB61637EDB63CE7F048255.d.8056E4B8DC9A385C9DC9C1331BBD73B0.e.14805"}]}
COMMAND: GET /session/5635ff3a58dcb7e64f288300af2e9ad3/element/f.ED9453BD34BB61637EDB63CE7F048255.d.8056E4B8DC9A385C9DC9C1331BBD73B0.e.14805/enabled - {}
COMMAND: GET /session/5635ff3a58dcb7e64f288300af2e9ad3/screenshot - {}
RESULT: {}
COMMAND: POST /session/5635ff3a58dcb7e64f288300af2e9ad3/element/f.ED9453BD34BB61637EDB63CE7F048255.d.8056E4B8DC9A385C9DC9C1331BBD73B0.e.14805/click - {}
COMMAND: GET /session/5635ff3a58dcb7e64f288300af2e9ad3/screenshot - {}
RESULT: {}
RESULT: {}
COMMAND: GET /session/5635ff3a58dcb7e64f288300af2e9ad3/screenshot - {}
RESULT: {}
RESULT: {}
COMMAND: POST /session/5635ff3a58dcb7e64f288300af2e9ad3/element/f.ED9453BD34BB61637EDB63CE7F048255.d.8056E4B8DC9A385C9DC9C1331BBD73B0.e.14805/clear - {}
RESULT: {}
COMMAND: POST /session/5635ff3a58dcb7e64f288300af2e9ad3/element/f.ED9453BD34BB61637EDB63CE7F048255.d.8056E4B8DC9A385C9DC9C1331BBD73B0.e.14805/value - {"text":"10349"}
COMMAND: GET /session/5635ff3a58dcb7e64f288300af2e9ad3/screenshot - {}
RESULT: {"text":"10349"}
COMMAND: POST /session/5635ff3a58dcb7e64f288300af2e9ad3/actions - {"actions":[{"id":"action45","type":"key","parameters":{},"actions":[{"type":"keyDown","value":""},{"type":"pause","duration":10},{"type":"keyUp","value":""}]}]}
COMMAND: GET /session/5635ff3a58dcb7e64f288300af2e9ad3/screenshot - {}
RESULT: {}
RESULT: {"actions":[{"id":"action45","type":"key","parameters":{},"actions":[{"type":"keyDown","value":""},{"type":"pause","duration":10},{"type":"keyUp","value":""}]}]}
COMMAND: GET /session/5635ff3a58dcb7e64f288300af2e9ad3/screenshot - {}
RESULT: {}
RESULT: {}
COMMAND: POST /session/5635ff3a58dcb7e64f288300af2e9ad3/element - {"using":"xpath","value":"//span[contains(@id ,\"application-billingtransfer-display-component---billingWorkbench--smartTableBillingRuns-header-inner\")]"}
RESULT: {"using":"xpath","value":"//span[contains(@id ,\"application-billingtransfer-display-component---billingWorkbench--smartTableBillingRuns-header-inner\")]"}
COMMAND: POST /session/5635ff3a58dcb7e64f288300af2e9ad3/elements - {"using":"xpath","value":"//span[contains(@id ,\"application-billingtransfer-display-component---billingWorkbench--smartTableBillingRuns-header-inner\")]"}
RESULT: {"using":"xpath","value":"//span[contains(@id ,\"application-billingtransfer-display-component---billingWorkbench--smartTableBillingRuns-header-inner\")]"}
COMMAND: POST /session/5635ff3a58dcb7e64f288300af2e9ad3/execute/sync - {"script":"<script> [56 bytes]","args":[{"element-6066-11e4-a52e-4f735466cecf":"f.ED9453BD34BB61637EDB63CE7F048255.d.8056E4B8DC9A385C9DC9C1331BBD73B0.e.14951","ELEMENT":"f.ED9453BD34BB61637EDB63CE7F048255.d.8056E4B8DC9A385C9DC9C1331BBD73B0.e.14951"}]}
RESULT: {"script":"<script> [56 bytes]","args":[{"element-6066-11e4-a52e-4f735466cecf":"f.ED9453BD34BB61637EDB63CE7F048255.d.8056E4B8DC9A385C9DC9C1331BBD73B0.e.14951","ELEMENT":"f.ED9453BD34BB61637EDB63CE7F048255.d.8056E4B8DC9A385C9DC9C1331BBD73B0.e.14951"}]}
COMMAND: POST /session/5635ff3a58dcb7e64f288300af2e9ad3/element - {"using":"xpath","value":"//td[@aria-colindex=\"1\"]/div/div[contains(@class, \"sapMCbBg\")]"}
COMMAND: GET /session/5635ff3a58dcb7e64f288300af2e9ad3/screenshot - {}
RESULT: {"using":"xpath","value":"//td[@aria-colindex=\"1\"]/div/div[contains(@class, \"sapMCbBg\")]"}
COMMAND: POST /session/5635ff3a58dcb7e64f288300af2e9ad3/element/f.ED9453BD34BB61637EDB63CE7F048255.d.8056E4B8DC9A385C9DC9C1331BBD73B0.e.14969/click - {}
RESULT: {}
RESULT: {}
COMMAND: GET /session/5635ff3a58dcb7e64f288300af2e9ad3/screenshot - {}
RESULT: {}
COMMAND: POST /session/5635ff3a58dcb7e64f288300af2e9ad3/element - {"using":"xpath","value":"//bdi[text()=\"Transfer\"]"}
RESULT: {"using":"xpath","value":"//bdi[text()=\"Transfer\"]"}
COMMAND: POST /session/5635ff3a58dcb7e64f288300af2e9ad3/element/f.ED9453BD34BB61637EDB63CE7F048255.d.8056E4B8DC9A385C9DC9C1331BBD73B0.e.14970/click - {}
RESULT: {}
COMMAND: GET /session/5635ff3a58dcb7e64f288300af2e9ad3/screenshot - {}
RESULT: {}
COMMAND: POST /session/5635ff3a58dcb7e64f288300af2e9ad3/element - {"using":"xpath","value":"//bdi[contains(text(), \"OK\")]"}
RESULT: {"using":"xpath","value":"//bdi[contains(text(), \"OK\")]"}
COMMAND: POST /session/5635ff3a58dcb7e64f288300af2e9ad3/element/f.ED9453BD34BB61637EDB63CE7F048255.d.8056E4B8DC9A385C9DC9C1331BBD73B0.e.14973/click - {}
RESULT: {}
COMMAND: GET /session/5635ff3a58dcb7e64f288300af2e9ad3/screenshot - {}
RESULT: {}
COMMAND: POST /session/5635ff3a58dcb7e64f288300af2e9ad3/element - {"using":"xpath","value":"(//span[contains(text(), \"Completed\")]/parent::div/preceding-sibling::div/span)[1]"}
RESULT: {"using":"xpath","value":"(//span[contains(text(), \"Completed\")]/parent::div/preceding-sibling::div/span)[1]"}
COMMAND: POST /session/5635ff3a58dcb7e64f288300af2e9ad3/element/f.ED9453BD34BB61637EDB63CE7F048255.d.8056E4B8DC9A385C9DC9C1331BBD73B0.e.14982/click - {}
RESULT: {}
COMMAND: POST /session/5635ff3a58dcb7e64f288300af2e9ad3/element - {"using":"xpath","value":"//input[contains(@id ,\"application-billingtransfer-display-component---billingWorkbench--smartFilterBar-btnBasicSearch\")]"}
COMMAND: GET /session/5635ff3a58dcb7e64f288300af2e9ad3/screenshot - {}
RESULT: {"using":"xpath","value":"//input[contains(@id ,\"application-billingtransfer-display-component---billingWorkbench--smartFilterBar-btnBasicSearch\")]"}
COMMAND: POST /session/5635ff3a58dcb7e64f288300af2e9ad3/elements - {"using":"xpath","value":"//input[contains(@id ,\"application-billingtransfer-display-component---billingWorkbench--smartFilterBar-btnBasicSearch\")]"}
RESULT: {}
RESULT: {"using":"xpath","value":"//input[contains(@id ,\"application-billingtransfer-display-component---billingWorkbench--smartFilterBar-btnBasicSearch\")]"}
COMMAND: POST /session/5635ff3a58dcb7e64f288300af2e9ad3/execute/sync - {"script":"<script> [8489 bytes]","args":[{"element-6066-11e4-a52e-4f735466cecf":"f.ED9453BD34BB61637EDB63CE7F048255.d.8056E4B8DC9A385C9DC9C1331BBD73B0.e.14805","ELEMENT":"f.ED9453BD34BB61637EDB63CE7F048255.d.8056E4B8DC9A385C9DC9C1331BBD73B0.e.14805"}]}
RESULT: {"script":"<script> [8489 bytes]","args":[{"element-6066-11e4-a52e-4f735466cecf":"f.ED9453BD34BB61637EDB63CE7F048255.d.8056E4B8DC9A385C9DC9C1331BBD73B0.e.14805","ELEMENT":"f.ED9453BD34BB61637EDB63CE7F048255.d.8056E4B8DC9A385C9DC9C1331BBD73B0.e.14805"}]}
COMMAND: GET /session/5635ff3a58dcb7e64f288300af2e9ad3/element/f.ED9453BD34BB61637EDB63CE7F048255.d.8056E4B8DC9A385C9DC9C1331BBD73B0.e.14805/enabled - {}
COMMAND: GET /session/5635ff3a58dcb7e64f288300af2e9ad3/screenshot - {}
RESULT: {}
COMMAND: POST /session/5635ff3a58dcb7e64f288300af2e9ad3/element/f.ED9453BD34BB61637EDB63CE7F048255.d.8056E4B8DC9A385C9DC9C1331BBD73B0.e.14805/click - {}
COMMAND: GET /session/5635ff3a58dcb7e64f288300af2e9ad3/screenshot - {}
RESULT: {}
RESULT: {}
COMMAND: GET /session/5635ff3a58dcb7e64f288300af2e9ad3/screenshot - {}
RESULT: {}
RESULT: {}
COMMAND: POST /session/5635ff3a58dcb7e64f288300af2e9ad3/element/f.ED9453BD34BB61637EDB63CE7F048255.d.8056E4B8DC9A385C9DC9C1331BBD73B0.e.14805/clear - {}
RESULT: {}
COMMAND: POST /session/5635ff3a58dcb7e64f288300af2e9ad3/element/f.ED9453BD34BB61637EDB63CE7F048255.d.8056E4B8DC9A385C9DC9C1331BBD73B0.e.14805/value - {"text":"10349"}
COMMAND: GET /session/5635ff3a58dcb7e64f288300af2e9ad3/screenshot - {}
RESULT: {"text":"10349"}
COMMAND: POST /session/5635ff3a58dcb7e64f288300af2e9ad3/actions - {"actions":[{"id":"action46","type":"key","parameters":{},"actions":[{"type":"keyDown","value":""},{"type":"pause","duration":10},{"type":"keyUp","value":""}]}]}
COMMAND: GET /session/5635ff3a58dcb7e64f288300af2e9ad3/screenshot - {}
RESULT: {}
RESULT: {"actions":[{"id":"action46","type":"key","parameters":{},"actions":[{"type":"keyDown","value":""},{"type":"pause","duration":10},{"type":"keyUp","value":""}]}]}
COMMAND: GET /session/5635ff3a58dcb7e64f288300af2e9ad3/screenshot - {}
RESULT: {}
RESULT: {}
COMMAND: POST /session/5635ff3a58dcb7e64f288300af2e9ad3/element - {"using":"xpath","value":"//span[contains(@id ,\"application-billingtransfer-display-component---billingWorkbench--smartTableBillingRuns-header-inner\")]"}
RESULT: {"using":"xpath","value":"//span[contains(@id ,\"application-billingtransfer-display-component---billingWorkbench--smartTableBillingRuns-header-inner\")]"}
COMMAND: POST /session/5635ff3a58dcb7e64f288300af2e9ad3/elements - {"using":"xpath","value":"//span[contains(@id ,\"application-billingtransfer-display-component---billingWorkbench--smartTableBillingRuns-header-inner\")]"}
RESULT: {"using":"xpath","value":"//span[contains(@id ,\"application-billingtransfer-display-component---billingWorkbench--smartTableBillingRuns-header-inner\")]"}
COMMAND: POST /session/5635ff3a58dcb7e64f288300af2e9ad3/execute/sync - {"script":"<script> [56 bytes]","args":[{"element-6066-11e4-a52e-4f735466cecf":"f.ED9453BD34BB61637EDB63CE7F048255.d.8056E4B8DC9A385C9DC9C1331BBD73B0.e.14951","ELEMENT":"f.ED9453BD34BB61637EDB63CE7F048255.d.8056E4B8DC9A385C9DC9C1331BBD73B0.e.14951"}]}
RESULT: {"script":"<script> [56 bytes]","args":[{"element-6066-11e4-a52e-4f735466cecf":"f.ED9453BD34BB61637EDB63CE7F048255.d.8056E4B8DC9A385C9DC9C1331BBD73B0.e.14951","ELEMENT":"f.ED9453BD34BB61637EDB63CE7F048255.d.8056E4B8DC9A385C9DC9C1331BBD73B0.e.14951"}]}
COMMAND: GET /session/5635ff3a58dcb7e64f288300af2e9ad3/screenshot - {}
RESULT: {}
COMMAND: POST /session/5635ff3a58dcb7e64f288300af2e9ad3/execute/sync - {"script":"<script> [56 bytes]","args":[{"element-6066-11e4-a52e-4f735466cecf":"f.ED9453BD34BB61637EDB63CE7F048255.d.8056E4B8DC9A385C9DC9C1331BBD73B0.e.14951","ELEMENT":"f.ED9453BD34BB61637EDB63CE7F048255.d.8056E4B8DC9A385C9DC9C1331BBD73B0.e.14951"}]}
RESULT: {"script":"<script> [56 bytes]","args":[{"element-6066-11e4-a52e-4f735466cecf":"f.ED9453BD34BB61637EDB63CE7F048255.d.8056E4B8DC9A385C9DC9C1331BBD73B0.e.14951","ELEMENT":"f.ED9453BD34BB61637EDB63CE7F048255.d.8056E4B8DC9A385C9DC9C1331BBD73B0.e.14951"}]}
COMMAND: GET /session/5635ff3a58dcb7e64f288300af2e9ad3/screenshot - {}
RESULT: {}
COMMAND: POST /session/5635ff3a58dcb7e64f288300af2e9ad3/execute/sync - {"script":"<script> [56 bytes]","args":[{"element-6066-11e4-a52e-4f735466cecf":"f.ED9453BD34BB61637EDB63CE7F048255.d.8056E4B8DC9A385C9DC9C1331BBD73B0.e.14951","ELEMENT":"f.ED9453BD34BB61637EDB63CE7F048255.d.8056E4B8DC9A385C9DC9C1331BBD73B0.e.14951"}]}
RESULT: {"script":"<script> [56 bytes]","args":[{"element-6066-11e4-a52e-4f735466cecf":"f.ED9453BD34BB61637EDB63CE7F048255.d.8056E4B8DC9A385C9DC9C1331BBD73B0.e.14951","ELEMENT":"f.ED9453BD34BB61637EDB63CE7F048255.d.8056E4B8DC9A385C9DC9C1331BBD73B0.e.14951"}]}
COMMAND: GET /session/5635ff3a58dcb7e64f288300af2e9ad3/screenshot - {}
RESULT: {}
COMMAND: POST /session/5635ff3a58dcb7e64f288300af2e9ad3/execute/sync - {"script":"<script> [56 bytes]","args":[{"element-6066-11e4-a52e-4f735466cecf":"f.ED9453BD34BB61637EDB63CE7F048255.d.8056E4B8DC9A385C9DC9C1331BBD73B0.e.14951","ELEMENT":"f.ED9453BD34BB61637EDB63CE7F048255.d.8056E4B8DC9A385C9DC9C1331BBD73B0.e.14951"}]}
RESULT: {"script":"<script> [56 bytes]","args":[{"element-6066-11e4-a52e-4f735466cecf":"f.ED9453BD34BB61637EDB63CE7F048255.d.8056E4B8DC9A385C9DC9C1331BBD73B0.e.14951","ELEMENT":"f.ED9453BD34BB61637EDB63CE7F048255.d.8056E4B8DC9A385C9DC9C1331BBD73B0.e.14951"}]}
COMMAND: GET /session/5635ff3a58dcb7e64f288300af2e9ad3/screenshot - {}
RESULT: {}
COMMAND: POST /session/5635ff3a58dcb7e64f288300af2e9ad3/execute/sync - {"script":"<script> [56 bytes]","args":[{"element-6066-11e4-a52e-4f735466cecf":"f.ED9453BD34BB61637EDB63CE7F048255.d.8056E4B8DC9A385C9DC9C1331BBD73B0.e.14951","ELEMENT":"f.ED9453BD34BB61637EDB63CE7F048255.d.8056E4B8DC9A385C9DC9C1331BBD73B0.e.14951"}]}
RESULT: {"script":"<script> [56 bytes]","args":[{"element-6066-11e4-a52e-4f735466cecf":"f.ED9453BD34BB61637EDB63CE7F048255.d.8056E4B8DC9A385C9DC9C1331BBD73B0.e.14951","ELEMENT":"f.ED9453BD34BB61637EDB63CE7F048255.d.8056E4B8DC9A385C9DC9C1331BBD73B0.e.14951"}]}
COMMAND: GET /session/5635ff3a58dcb7e64f288300af2e9ad3/screenshot - {}
COMMAND: POST /session/5635ff3a58dcb7e64f288300af2e9ad3/execute/sync - {"script":"<script> [56 bytes]","args":[{"element-6066-11e4-a52e-4f735466cecf":"f.ED9453BD34BB61637EDB63CE7F048255.d.8056E4B8DC9A385C9DC9C1331BBD73B0.e.14951","ELEMENT":"f.ED9453BD34BB61637EDB63CE7F048255.d.8056E4B8DC9A385C9DC9C1331BBD73B0.e.14951"}]}
RESULT: {}
RESULT: {"script":"<script> [56 bytes]","args":[{"element-6066-11e4-a52e-4f735466cecf":"f.ED9453BD34BB61637EDB63CE7F048255.d.8056E4B8DC9A385C9DC9C1331BBD73B0.e.14951","ELEMENT":"f.ED9453BD34BB61637EDB63CE7F048255.d.8056E4B8DC9A385C9DC9C1331BBD73B0.e.14951"}]}
COMMAND: POST /session/5635ff3a58dcb7e64f288300af2e9ad3/element - {"using":"css selector","value":"#shell-header-logo"}
COMMAND: GET /session/5635ff3a58dcb7e64f288300af2e9ad3/screenshot - {}
RESULT: {"using":"css selector","value":"#shell-header-logo"}
COMMAND: POST /session/5635ff3a58dcb7e64f288300af2e9ad3/element/f.ED9453BD34BB61637EDB63CE7F048255.d.8056E4B8DC9A385C9DC9C1331BBD73B0.e.14802/click - {}
RESULT: {}
RESULT: {}
COMMAND: GET /session/5635ff3a58dcb7e64f288300af2e9ad3/screenshot - {}
RESULT: {}
COMMAND: POST /session/5635ff3a58dcb7e64f288300af2e9ad3/element - {"using":"css selector","value":"#j_username"}
COMMAND: POST /session/5635ff3a58dcb7e64f288300af2e9ad3/url - {"url":"https://qa-testing-00-live-etm-ui.cfapps.eu10-004.hana.ondemand.com/"}
RESULT: {"using":"css selector","value":"#j_username"}
COMMAND: POST /session/5635ff3a58dcb7e64f288300af2e9ad3/element - {"using":"css selector","value":"#j_username"}
RESULT: {"url":"https://qa-testing-00-live-etm-ui.cfapps.eu10-004.hana.ondemand.com/"}
RESULT: undefined
COMMAND: GET /session/5635ff3a58dcb7e64f288300af2e9ad3/screenshot - {}
RESULT: {"using":"css selector","value":"#j_username"}
COMMAND: POST /session/5635ff3a58dcb7e64f288300af2e9ad3/element - {"using":"css selector","value":"#shell-header-logo"}
RESULT: {}
RESULT: {"using":"css selector","value":"#shell-header-logo"}
COMMAND: POST /session/5635ff3a58dcb7e64f288300af2e9ad3/execute/sync - {"script":"<script> [8489 bytes]","args":[{"element-6066-11e4-a52e-4f735466cecf":"f.ED9453BD34BB61637EDB63CE7F048255.d.3B9C6D5EE51E0B75E3269A592BB09B95.e.14999","ELEMENT":"f.ED9453BD34BB61637EDB63CE7F048255.d.3B9C6D5EE51E0B75E3269A592BB09B95.e.14999"}]}
RESULT: {"script":"<script> [8489 bytes]","args":[{"element-6066-11e4-a52e-4f735466cecf":"f.ED9453BD34BB61637EDB63CE7F048255.d.3B9C6D5EE51E0B75E3269A592BB09B95.e.14999","ELEMENT":"f.ED9453BD34BB61637EDB63CE7F048255.d.3B9C6D5EE51E0B75E3269A592BB09B95.e.14999"}]}
COMMAND: POST /session/5635ff3a58dcb7e64f288300af2e9ad3/element - {"using":"css selector","value":"#shell-header-logo"}
COMMAND: GET /session/5635ff3a58dcb7e64f288300af2e9ad3/screenshot - {}
RESULT: {"using":"css selector","value":"#shell-header-logo"}
COMMAND: POST /session/5635ff3a58dcb7e64f288300af2e9ad3/execute/sync - {"script":"<script> [8489 bytes]","args":[{"element-6066-11e4-a52e-4f735466cecf":"f.ED9453BD34BB61637EDB63CE7F048255.d.3B9C6D5EE51E0B75E3269A592BB09B95.e.14999","ELEMENT":"f.ED9453BD34BB61637EDB63CE7F048255.d.3B9C6D5EE51E0B75E3269A592BB09B95.e.14999"}]}
RESULT: {}
RESULT: {"script":"<script> [8489 bytes]","args":[{"element-6066-11e4-a52e-4f735466cecf":"f.ED9453BD34BB61637EDB63CE7F048255.d.3B9C6D5EE51E0B75E3269A592BB09B95.e.14999","ELEMENT":"f.ED9453BD34BB61637EDB63CE7F048255.d.3B9C6D5EE51E0B75E3269A592BB09B95.e.14999"}]}
COMMAND: POST /session/5635ff3a58dcb7e64f288300af2e9ad3/execute/sync - {"script":"<script> [5351 bytes]","args":[{"element-6066-11e4-a52e-4f735466cecf":"f.ED9453BD34BB61637EDB63CE7F048255.d.3B9C6D5EE51E0B75E3269A592BB09B95.e.14999","ELEMENT":"f.ED9453BD34BB61637EDB63CE7F048255.d.3B9C6D5EE51E0B75E3269A592BB09B95.e.14999"}]}
COMMAND: GET /session/5635ff3a58dcb7e64f288300af2e9ad3/screenshot - {}
RESULT: {"script":"<script> [5351 bytes]","args":[{"element-6066-11e4-a52e-4f735466cecf":"f.ED9453BD34BB61637EDB63CE7F048255.d.3B9C6D5EE51E0B75E3269A592BB09B95.e.14999","ELEMENT":"f.ED9453BD34BB61637EDB63CE7F048255.d.3B9C6D5EE51E0B75E3269A592BB09B95.e.14999"}]}
COMMAND: POST /session/5635ff3a58dcb7e64f288300af2e9ad3/element - {"using":"css selector","value":"#shell-header-logo"}
COMMAND: GET /session/5635ff3a58dcb7e64f288300af2e9ad3/screenshot - {}
RESULT: {}
RESULT: {"using":"css selector","value":"#shell-header-logo"}
COMMAND: POST /session/5635ff3a58dcb7e64f288300af2e9ad3/element/f.ED9453BD34BB61637EDB63CE7F048255.d.3B9C6D5EE51E0B75E3269A592BB09B95.e.14999/click - {}
RESULT: {}
RESULT: {}
COMMAND: GET /session/5635ff3a58dcb7e64f288300af2e9ad3/screenshot - {}
RESULT: {}
COMMAND: POST /session/5635ff3a58dcb7e64f288300af2e9ad3/execute/async - {"script":"<script> [189 bytes]","args":[]}
RESULT: {"script":"<script> [189 bytes]","args":[]}
COMMAND: POST /session/5635ff3a58dcb7e64f288300af2e9ad3/execute/async - {"script":"<script> [123 bytes]","args":[]}
RESULT: {"script":"<script> [123 bytes]","args":[]}
COMMAND: POST /session/5635ff3a58dcb7e64f288300af2e9ad3/timeouts - {"script":"<number>"}
RESULT: {"script":"<number>"}
COMMAND: GET /session/5635ff3a58dcb7e64f288300af2e9ad3/timeouts - {}
RESULT: {}
RESULT: undefined
COMMAND: POST /session/5635ff3a58dcb7e64f288300af2e9ad3/execute/async - {"script":"<script> [2676 bytes]","args":[]}
RESULT: {"script":"<script> [2676 bytes]","args":[]}
COMMAND: POST /session/5635ff3a58dcb7e64f288300af2e9ad3/execute/async - {"script":"<script> [2342 bytes]","args":[{"protocol":"http","hostname":"0.0.0.0","path":"/","capabilities":{"browserName":"chrome","goog:chromeOptions":{"binary":"C:\\Program Files\\Google\\Chrome\\Application\\chrome.exe","args":["--start-maximized"]}},"logLevel":"warn","connectionRetryTimeout":120000,"connectionRetryCount":3,"logLevels":{},"enableDirectConnect":true,"strictSSL":true,"_":"65 more keys: [\"cacheDir\",\"port\",\"requestedCapabilities\",\"automationProtocol\",\"baseUrl\",\"waitforInterval\",\"waitforTimeout\",\"onReload\",\"beforeCommand\",\"afterCommand\",\"rootDir\",\"specs\",\"suites\",\"exclude\",\"groupLogsByTestSpec\",\"excludeDriverLogs\",\"bail\",\"framework\",\"reporters\",\"services\",\"maxInstances\",\"maxInstancesPerCapability\",\"injectGlobals\",\"filesToWatch\",\"execArgv\",\"runnerEnv\",\"runner\",\"shard\",\"specFileRetries\",\"specFileRetriesDelay\",\"specFileRetriesDeferred\",\"reporterSyncInterval\",\"reporterSyncTimeout\",\"cucumberFeaturesWithLineNumbers\",\"autoCompileOpts\",\"mochaOpts\",\"jasmineOpts\",\"cucumberOpts\",\"onPrepare\",\"onWorkerStart\",\"onWorkerEnd\",\"before\",\"beforeSession\",\"beforeSuite\",\"beforeHook\",\"beforeTest\",\"afterTest\",\"afterHook\",\"afterSuite\",\"afterSession\",\"after\",\"onComplete\",\"beforeAssertion\",\"afterAssertion\",\"beforeFeature\",\"beforeScenario\",\"beforeStep\",\"afterStep\",\"afterScenario\",\"afterFeature\",\"_\",\"suite\",\"$0\",\"ignoredWorkerServices\",\"wdi5\"]"}]}
RESULT: {"script":"<script> [2342 bytes]","args":[{"protocol":"http","hostname":"0.0.0.0","path":"/","capabilities":{"browserName":"chrome","goog:chromeOptions":{"binary":"C:\\Program Files\\Google\\Chrome\\Application\\chrome.exe","args":["--start-maximized"]}},"logLevel":"warn","connectionRetryTimeout":120000,"connectionRetryCount":3,"logLevels":{},"enableDirectConnect":true,"strictSSL":true,"_":"65 more keys: [\"cacheDir\",\"port\",\"requestedCapabilities\",\"automationProtocol\",\"baseUrl\",\"waitforInterval\",\"waitforTimeout\",\"onReload\",\"beforeCommand\",\"afterCommand\",\"rootDir\",\"specs\",\"suites\",\"exclude\",\"groupLogsByTestSpec\",\"excludeDriverLogs\",\"bail\",\"framework\",\"reporters\",\"services\",\"maxInstances\",\"maxInstancesPerCapability\",\"injectGlobals\",\"filesToWatch\",\"execArgv\",\"runnerEnv\",\"runner\",\"shard\",\"specFileRetries\",\"specFileRetriesDelay\",\"specFileRetriesDeferred\",\"reporterSyncInterval\",\"reporterSyncTimeout\",\"cucumberFeaturesWithLineNumbers\",\"autoCompileOpts\",\"mochaOpts\",\"jasmineOpts\",\"cucumberOpts\",\"onPrepare\",\"onWorkerStart\",\"onWorkerEnd\",\"before\",\"beforeSession\",\"beforeSuite\",\"beforeHook\",\"beforeTest\",\"afterTest\",\"afterHook\",\"afterSuite\",\"afterSession\",\"after\",\"onComplete\",\"beforeAssertion\",\"afterAssertion\",\"beforeFeature\",\"beforeScenario\",\"beforeStep\",\"afterStep\",\"afterScenario\",\"afterFeature\",\"_\",\"suite\",\"$0\",\"ignoredWorkerServices\",\"wdi5\"]"}]}
COMMAND: POST /session/5635ff3a58dcb7e64f288300af2e9ad3/execute/async - {"script":"<script> [21126 bytes]","args":[35000]}
RESULT: {"script":"<script> [21126 bytes]","args":[35000]}
COMMAND: POST /session/5635ff3a58dcb7e64f288300af2e9ad3/window/maximize - {}
RESULT: {}
COMMAND: POST /session/5635ff3a58dcb7e64f288300af2e9ad3/execute/async - {"script":"<script> [1562 bytes]","args":[{"selector":{"id":"shell-header","interaction":{"idSuffix":"icon"}},"wdio_ui5_key":"shellheader"}]}
COMMAND: GET /session/5635ff3a58dcb7e64f288300af2e9ad3/screenshot - {}
RESULT: {"script":"<script> [1562 bytes]","args":[{"selector":{"id":"shell-header","interaction":{"idSuffix":"icon"}},"wdio_ui5_key":"shellheader"}]}
RESULT: undefined
COMMAND: POST /session/5635ff3a58dcb7e64f288300af2e9ad3/refresh - {}
RESULT: {}
RESULT: {}
COMMAND: GET /session/5635ff3a58dcb7e64f288300af2e9ad3/screenshot - {}
RESULT: {}
COMMAND: POST /session/5635ff3a58dcb7e64f288300af2e9ad3/refresh - {}
RESULT: {}
COMMAND: GET /session/5635ff3a58dcb7e64f288300af2e9ad3/screenshot - {}
RESULT: {}
COMMAND: POST /session/5635ff3a58dcb7e64f288300af2e9ad3/window/fullscreen - {}
RESULT: {}
COMMAND: POST /session/5635ff3a58dcb7e64f288300af2e9ad3/execute/async - {"script":"<script> [189 bytes]","args":[]}
RESULT: {"script":"<script> [189 bytes]","args":[]}
COMMAND: POST /session/5635ff3a58dcb7e64f288300af2e9ad3/execute/async - {"script":"<script> [123 bytes]","args":[]}
RESULT: {"script":"<script> [123 bytes]","args":[]}
COMMAND: POST /session/5635ff3a58dcb7e64f288300af2e9ad3/timeouts - {"script":"<number>"}
RESULT: {"script":"<number>"}
COMMAND: GET /session/5635ff3a58dcb7e64f288300af2e9ad3/timeouts - {}
RESULT: {}
RESULT: undefined
COMMAND: POST /session/5635ff3a58dcb7e64f288300af2e9ad3/execute/async - {"script":"<script> [2676 bytes]","args":[]}
RESULT: {"script":"<script> [2676 bytes]","args":[]}
COMMAND: POST /session/5635ff3a58dcb7e64f288300af2e9ad3/execute/async - {"script":"<script> [2342 bytes]","args":[{"protocol":"http","hostname":"0.0.0.0","path":"/","capabilities":{"browserName":"chrome","goog:chromeOptions":{"binary":"C:\\Program Files\\Google\\Chrome\\Application\\chrome.exe","args":["--start-maximized"]}},"logLevel":"warn","connectionRetryTimeout":120000,"connectionRetryCount":3,"logLevels":{},"enableDirectConnect":true,"strictSSL":true,"_":"65 more keys: [\"cacheDir\",\"port\",\"requestedCapabilities\",\"automationProtocol\",\"baseUrl\",\"waitforInterval\",\"waitforTimeout\",\"onReload\",\"beforeCommand\",\"afterCommand\",\"rootDir\",\"specs\",\"suites\",\"exclude\",\"groupLogsByTestSpec\",\"excludeDriverLogs\",\"bail\",\"framework\",\"reporters\",\"services\",\"maxInstances\",\"maxInstancesPerCapability\",\"injectGlobals\",\"filesToWatch\",\"execArgv\",\"runnerEnv\",\"runner\",\"shard\",\"specFileRetries\",\"specFileRetriesDelay\",\"specFileRetriesDeferred\",\"reporterSyncInterval\",\"reporterSyncTimeout\",\"cucumberFeaturesWithLineNumbers\",\"autoCompileOpts\",\"mochaOpts\",\"jasmineOpts\",\"cucumberOpts\",\"onPrepare\",\"onWorkerStart\",\"onWorkerEnd\",\"before\",\"beforeSession\",\"beforeSuite\",\"beforeHook\",\"beforeTest\",\"afterTest\",\"afterHook\",\"afterSuite\",\"afterSession\",\"after\",\"onComplete\",\"beforeAssertion\",\"afterAssertion\",\"beforeFeature\",\"beforeScenario\",\"beforeStep\",\"afterStep\",\"afterScenario\",\"afterFeature\",\"_\",\"suite\",\"$0\",\"ignoredWorkerServices\",\"wdi5\"]"}]}
RESULT: {"script":"<script> [2342 bytes]","args":[{"protocol":"http","hostname":"0.0.0.0","path":"/","capabilities":{"browserName":"chrome","goog:chromeOptions":{"binary":"C:\\Program Files\\Google\\Chrome\\Application\\chrome.exe","args":["--start-maximized"]}},"logLevel":"warn","connectionRetryTimeout":120000,"connectionRetryCount":3,"logLevels":{},"enableDirectConnect":true,"strictSSL":true,"_":"65 more keys: [\"cacheDir\",\"port\",\"requestedCapabilities\",\"automationProtocol\",\"baseUrl\",\"waitforInterval\",\"waitforTimeout\",\"onReload\",\"beforeCommand\",\"afterCommand\",\"rootDir\",\"specs\",\"suites\",\"exclude\",\"groupLogsByTestSpec\",\"excludeDriverLogs\",\"bail\",\"framework\",\"reporters\",\"services\",\"maxInstances\",\"maxInstancesPerCapability\",\"injectGlobals\",\"filesToWatch\",\"execArgv\",\"runnerEnv\",\"runner\",\"shard\",\"specFileRetries\",\"specFileRetriesDelay\",\"specFileRetriesDeferred\",\"reporterSyncInterval\",\"reporterSyncTimeout\",\"cucumberFeaturesWithLineNumbers\",\"autoCompileOpts\",\"mochaOpts\",\"jasmineOpts\",\"cucumberOpts\",\"onPrepare\",\"onWorkerStart\",\"onWorkerEnd\",\"before\",\"beforeSession\",\"beforeSuite\",\"beforeHook\",\"beforeTest\",\"afterTest\",\"afterHook\",\"afterSuite\",\"afterSession\",\"after\",\"onComplete\",\"beforeAssertion\",\"afterAssertion\",\"beforeFeature\",\"beforeScenario\",\"beforeStep\",\"afterStep\",\"afterScenario\",\"afterFeature\",\"_\",\"suite\",\"$0\",\"ignoredWorkerServices\",\"wdi5\"]"}]}
COMMAND: POST /session/5635ff3a58dcb7e64f288300af2e9ad3/execute/async - {"script":"<script> [21126 bytes]","args":[35000]}
RESULT: {"script":"<script> [21126 bytes]","args":[35000]}
]]></system-out>
    </testcase>
  </testsuite>
  <testsuite timestamp="2025-05-28T18:02:03" time="720.448" tests="12" failures="0" errors="0" skipped="0">
    <properties>
      <property name="specId" value="0"/>
      <property name="suiteName" value="Billing transfer US117289"/>
      <property name="capabilities" value="chrome.136_0_7103_93.windows"/>
      <property name="file" value="file:///D:/a/1/s/test/specs/BTS/billing-transfer.spec.js"/>
    </properties>
    <testcase classname="chrome.136_0_7103_93.windows.Billing_transfer_US117289" name="Should create a new yard" time="0.011">
      <system-out><![CDATA[
COMMAND: POST /session/5635ff3a58dcb7e64f288300af2e9ad3/window/fullscreen - {}
RESULT: {}
]]></system-out>
    </testcase>
    <testcase classname="chrome.136_0_7103_93.windows.Billing_transfer_US117289" name="Should create a new partner" time="0.004"/>
    <testcase classname="chrome.136_0_7103_93.windows.Billing_transfer_US117289" name="Should create a new site" time="0.004"/>
    <testcase classname="chrome.136_0_7103_93.windows.Billing_transfer_US117289" name="Should create a new equipment" time="141.705">
      <system-out><![CDATA[
COMMAND: POST /session/5635ff3a58dcb7e64f288300af2e9ad3/execute/async - {"script":"<script> [1562 bytes]","args":[{"selector":{"controlType":"sap.m.GenericTile","properties":{"header":"Manage Resources"}},"wdio_ui5_key":"sapm.GenericTile{\"header\":\"Manage Resources\"}"}]}
RESULT: {"script":"<script> [1562 bytes]","args":[{"selector":{"controlType":"sap.m.GenericTile","properties":{"header":"Manage Resources"}},"wdio_ui5_key":"sapm.GenericTile{\"header\":\"Manage Resources\"}"}]}
RESULT: undefined
COMMAND: POST /session/5635ff3a58dcb7e64f288300af2e9ad3/element - {"using":"xpath","value":"//*[@id=\"__tile39\"]"}
RESULT: {"using":"xpath","value":"//*[@id=\"__tile39\"]"}
COMMAND: POST /session/5635ff3a58dcb7e64f288300af2e9ad3/element/f.ED9453BD34BB61637EDB63CE7F048255.d.F38506F8FC64BAD96078AFB1B96AE76E.e.15162/click - {}
RESULT: {}
COMMAND: GET /session/5635ff3a58dcb7e64f288300af2e9ad3/screenshot - {}
RESULT: {}
COMMAND: POST /session/5635ff3a58dcb7e64f288300af2e9ad3/elements - {"using":"xpath","value":"//span[text()='Error']"}
RESULT: {"using":"xpath","value":"//span[text()='Error']"}
COMMAND: POST /session/5635ff3a58dcb7e64f288300af2e9ad3/element - {"using":"xpath","value":"//button[@data-kt=\"addNewRUOverflowToolbarButton\"]"}
RESULT: {"using":"xpath","value":"//button[@data-kt=\"addNewRUOverflowToolbarButton\"]"}
COMMAND: POST /session/5635ff3a58dcb7e64f288300af2e9ad3/elements - {"using":"xpath","value":"//button[@data-kt=\"addNewRUOverflowToolbarButton\"]"}
RESULT: {"using":"xpath","value":"//button[@data-kt=\"addNewRUOverflowToolbarButton\"]"}
COMMAND: POST /session/5635ff3a58dcb7e64f288300af2e9ad3/elements - {"using":"xpath","value":"//button[@data-kt=\"addNewRUOverflowToolbarButton\"]"}
RESULT: {"using":"xpath","value":"//button[@data-kt=\"addNewRUOverflowToolbarButton\"]"}
COMMAND: POST /session/5635ff3a58dcb7e64f288300af2e9ad3/elements - {"using":"xpath","value":"//button[@data-kt=\"addNewRUOverflowToolbarButton\"]"}
RESULT: {"using":"xpath","value":"//button[@data-kt=\"addNewRUOverflowToolbarButton\"]"}
COMMAND: POST /session/5635ff3a58dcb7e64f288300af2e9ad3/elements - {"using":"xpath","value":"//button[@data-kt=\"addNewRUOverflowToolbarButton\"]"}
RESULT: {"using":"xpath","value":"//button[@data-kt=\"addNewRUOverflowToolbarButton\"]"}
COMMAND: POST /session/5635ff3a58dcb7e64f288300af2e9ad3/elements - {"using":"xpath","value":"//button[@data-kt=\"addNewRUOverflowToolbarButton\"]"}
RESULT: {"using":"xpath","value":"//button[@data-kt=\"addNewRUOverflowToolbarButton\"]"}
COMMAND: POST /session/5635ff3a58dcb7e64f288300af2e9ad3/elements - {"using":"xpath","value":"//button[@data-kt=\"addNewRUOverflowToolbarButton\"]"}
RESULT: {"using":"xpath","value":"//button[@data-kt=\"addNewRUOverflowToolbarButton\"]"}
COMMAND: POST /session/5635ff3a58dcb7e64f288300af2e9ad3/elements - {"using":"xpath","value":"//button[@data-kt=\"addNewRUOverflowToolbarButton\"]"}
RESULT: {"using":"xpath","value":"//button[@data-kt=\"addNewRUOverflowToolbarButton\"]"}
COMMAND: POST /session/5635ff3a58dcb7e64f288300af2e9ad3/elements - {"using":"xpath","value":"//button[@data-kt=\"addNewRUOverflowToolbarButton\"]"}
RESULT: {"using":"xpath","value":"//button[@data-kt=\"addNewRUOverflowToolbarButton\"]"}
COMMAND: POST /session/5635ff3a58dcb7e64f288300af2e9ad3/elements - {"using":"xpath","value":"//button[@data-kt=\"addNewRUOverflowToolbarButton\"]"}
RESULT: {"using":"xpath","value":"//button[@data-kt=\"addNewRUOverflowToolbarButton\"]"}
COMMAND: POST /session/5635ff3a58dcb7e64f288300af2e9ad3/elements - {"using":"xpath","value":"//button[@data-kt=\"addNewRUOverflowToolbarButton\"]"}
RESULT: {"using":"xpath","value":"//button[@data-kt=\"addNewRUOverflowToolbarButton\"]"}
COMMAND: POST /session/5635ff3a58dcb7e64f288300af2e9ad3/elements - {"using":"xpath","value":"//button[@data-kt=\"addNewRUOverflowToolbarButton\"]"}
RESULT: {"using":"xpath","value":"//button[@data-kt=\"addNewRUOverflowToolbarButton\"]"}
COMMAND: POST /session/5635ff3a58dcb7e64f288300af2e9ad3/elements - {"using":"xpath","value":"//button[@data-kt=\"addNewRUOverflowToolbarButton\"]"}
RESULT: {"using":"xpath","value":"//button[@data-kt=\"addNewRUOverflowToolbarButton\"]"}
COMMAND: POST /session/5635ff3a58dcb7e64f288300af2e9ad3/elements - {"using":"xpath","value":"//button[@data-kt=\"addNewRUOverflowToolbarButton\"]"}
RESULT: {"using":"xpath","value":"//button[@data-kt=\"addNewRUOverflowToolbarButton\"]"}
COMMAND: POST /session/5635ff3a58dcb7e64f288300af2e9ad3/elements - {"using":"xpath","value":"//button[@data-kt=\"addNewRUOverflowToolbarButton\"]"}
RESULT: {"using":"xpath","value":"//button[@data-kt=\"addNewRUOverflowToolbarButton\"]"}
COMMAND: POST /session/5635ff3a58dcb7e64f288300af2e9ad3/elements - {"using":"xpath","value":"//button[@data-kt=\"addNewRUOverflowToolbarButton\"]"}
RESULT: {"using":"xpath","value":"//button[@data-kt=\"addNewRUOverflowToolbarButton\"]"}
COMMAND: POST /session/5635ff3a58dcb7e64f288300af2e9ad3/elements - {"using":"xpath","value":"//button[@data-kt=\"addNewRUOverflowToolbarButton\"]"}
RESULT: {"using":"xpath","value":"//button[@data-kt=\"addNewRUOverflowToolbarButton\"]"}
COMMAND: POST /session/5635ff3a58dcb7e64f288300af2e9ad3/elements - {"using":"xpath","value":"//button[@data-kt=\"addNewRUOverflowToolbarButton\"]"}
RESULT: {"using":"xpath","value":"//button[@data-kt=\"addNewRUOverflowToolbarButton\"]"}
COMMAND: POST /session/5635ff3a58dcb7e64f288300af2e9ad3/elements - {"using":"xpath","value":"//button[@data-kt=\"addNewRUOverflowToolbarButton\"]"}
RESULT: {"using":"xpath","value":"//button[@data-kt=\"addNewRUOverflowToolbarButton\"]"}
COMMAND: POST /session/5635ff3a58dcb7e64f288300af2e9ad3/elements - {"using":"xpath","value":"//button[@data-kt=\"addNewRUOverflowToolbarButton\"]"}
RESULT: {"using":"xpath","value":"//button[@data-kt=\"addNewRUOverflowToolbarButton\"]"}
COMMAND: POST /session/5635ff3a58dcb7e64f288300af2e9ad3/element - {"using":"xpath","value":"//button[@data-kt=\"addNewRUOverflowToolbarButton\"]"}
RESULT: {"using":"xpath","value":"//button[@data-kt=\"addNewRUOverflowToolbarButton\"]"}
COMMAND: POST /session/5635ff3a58dcb7e64f288300af2e9ad3/execute/sync - {"script":"<script> [8489 bytes]","args":[{"element-6066-11e4-a52e-4f735466cecf":"f.ED9453BD34BB61637EDB63CE7F048255.d.F38506F8FC64BAD96078AFB1B96AE76E.e.15301","ELEMENT":"f.ED9453BD34BB61637EDB63CE7F048255.d.F38506F8FC64BAD96078AFB1B96AE76E.e.15301"}]}
RESULT: {"script":"<script> [8489 bytes]","args":[{"element-6066-11e4-a52e-4f735466cecf":"f.ED9453BD34BB61637EDB63CE7F048255.d.F38506F8FC64BAD96078AFB1B96AE76E.e.15301","ELEMENT":"f.ED9453BD34BB61637EDB63CE7F048255.d.F38506F8FC64BAD96078AFB1B96AE76E.e.15301"}]}
COMMAND: GET /session/5635ff3a58dcb7e64f288300af2e9ad3/element/f.ED9453BD34BB61637EDB63CE7F048255.d.F38506F8FC64BAD96078AFB1B96AE76E.e.15301/enabled - {}
COMMAND: GET /session/5635ff3a58dcb7e64f288300af2e9ad3/screenshot - {}
RESULT: {}
COMMAND: POST /session/5635ff3a58dcb7e64f288300af2e9ad3/execute/sync - {"script":"<script> [8489 bytes]","args":[{"element-6066-11e4-a52e-4f735466cecf":"f.ED9453BD34BB61637EDB63CE7F048255.d.F38506F8FC64BAD96078AFB1B96AE76E.e.15301","ELEMENT":"f.ED9453BD34BB61637EDB63CE7F048255.d.F38506F8FC64BAD96078AFB1B96AE76E.e.15301"}]}
COMMAND: GET /session/5635ff3a58dcb7e64f288300af2e9ad3/screenshot - {}
RESULT: {}
RESULT: {"script":"<script> [8489 bytes]","args":[{"element-6066-11e4-a52e-4f735466cecf":"f.ED9453BD34BB61637EDB63CE7F048255.d.F38506F8FC64BAD96078AFB1B96AE76E.e.15301","ELEMENT":"f.ED9453BD34BB61637EDB63CE7F048255.d.F38506F8FC64BAD96078AFB1B96AE76E.e.15301"}]}
COMMAND: POST /session/5635ff3a58dcb7e64f288300af2e9ad3/execute/sync - {"script":"<script> [5351 bytes]","args":[{"element-6066-11e4-a52e-4f735466cecf":"f.ED9453BD34BB61637EDB63CE7F048255.d.F38506F8FC64BAD96078AFB1B96AE76E.e.15301","ELEMENT":"f.ED9453BD34BB61637EDB63CE7F048255.d.F38506F8FC64BAD96078AFB1B96AE76E.e.15301"}]}
COMMAND: GET /session/5635ff3a58dcb7e64f288300af2e9ad3/screenshot - {}
RESULT: {}
RESULT: {"script":"<script> [5351 bytes]","args":[{"element-6066-11e4-a52e-4f735466cecf":"f.ED9453BD34BB61637EDB63CE7F048255.d.F38506F8FC64BAD96078AFB1B96AE76E.e.15301","ELEMENT":"f.ED9453BD34BB61637EDB63CE7F048255.d.F38506F8FC64BAD96078AFB1B96AE76E.e.15301"}]}
COMMAND: POST /session/5635ff3a58dcb7e64f288300af2e9ad3/element/f.ED9453BD34BB61637EDB63CE7F048255.d.F38506F8FC64BAD96078AFB1B96AE76E.e.15301/click - {}
COMMAND: GET /session/5635ff3a58dcb7e64f288300af2e9ad3/screenshot - {}
RESULT: {}
RESULT: {}
COMMAND: GET /session/5635ff3a58dcb7e64f288300af2e9ad3/screenshot - {}
COMMAND: POST /session/5635ff3a58dcb7e64f288300af2e9ad3/execute/async - {"script":"<script> [1562 bytes]","args":[{"selector":{"id":"application-manageresources-display-component---newResourceUnit--TYPE-arrow"},"wdio_ui5_key":"applicationmanageresources-display-component---newResourceUnit--TYPE-arrow"}]}
RESULT: {}
RESULT: {}
RESULT: {"script":"<script> [1562 bytes]","args":[{"selector":{"id":"application-manageresources-display-component---newResourceUnit--TYPE-arrow"},"wdio_ui5_key":"applicationmanageresources-display-component---newResourceUnit--TYPE-arrow"}]}
RESULT: undefined
COMMAND: POST /session/5635ff3a58dcb7e64f288300af2e9ad3/element - {"using":"xpath","value":"//*[@id=\"application-manageresources-display-component---newResourceUnit--TYPE-arrow\"]"}
RESULT: {"using":"xpath","value":"//*[@id=\"application-manageresources-display-component---newResourceUnit--TYPE-arrow\"]"}
COMMAND: POST /session/5635ff3a58dcb7e64f288300af2e9ad3/element/f.ED9453BD34BB61637EDB63CE7F048255.d.F38506F8FC64BAD96078AFB1B96AE76E.e.15470/click - {}
RESULT: {}
COMMAND: POST /session/5635ff3a58dcb7e64f288300af2e9ad3/element - {"using":"xpath","value":"//input[@id=\"application-manageresources-display-component---newResourceUnit--TYPE-inner\"]"}
COMMAND: GET /session/5635ff3a58dcb7e64f288300af2e9ad3/screenshot - {}
RESULT: {"using":"xpath","value":"//input[@id=\"application-manageresources-display-component---newResourceUnit--TYPE-inner\"]"}
COMMAND: POST /session/5635ff3a58dcb7e64f288300af2e9ad3/element/f.ED9453BD34BB61637EDB63CE7F048255.d.F38506F8FC64BAD96078AFB1B96AE76E.e.15356/clear - {}
RESULT: {}
RESULT: {}
COMMAND: POST /session/5635ff3a58dcb7e64f288300af2e9ad3/element/f.ED9453BD34BB61637EDB63CE7F048255.d.F38506F8FC64BAD96078AFB1B96AE76E.e.15356/value - {"text":"Equipment"}
COMMAND: GET /session/5635ff3a58dcb7e64f288300af2e9ad3/screenshot - {}
RESULT: {"text":"Equipment"}
COMMAND: GET /session/5635ff3a58dcb7e64f288300af2e9ad3/screenshot - {}
RESULT: {}
RESULT: {}
COMMAND: POST /session/5635ff3a58dcb7e64f288300af2e9ad3/actions - {"actions":[{"id":"action47","type":"key","parameters":{},"actions":[{"type":"keyDown","value":""},{"type":"pause","duration":10},{"type":"keyUp","value":""}]}]}
RESULT: {"actions":[{"id":"action47","type":"key","parameters":{},"actions":[{"type":"keyDown","value":""},{"type":"pause","duration":10},{"type":"keyUp","value":""}]}]}
COMMAND: POST /session/5635ff3a58dcb7e64f288300af2e9ad3/execute/async - {"script":"<script> [1562 bytes]","args":[{"selector":{"id":"application-manageresources-display-component---newResourceUnit--resourceId","interaction":{"idSuffix":"inner"}},"wdio_ui5_key":"applicationmanageresources-display-component---newResourceUnit--resourceId"}]}
COMMAND: GET /session/5635ff3a58dcb7e64f288300af2e9ad3/screenshot - {}
RESULT: {"script":"<script> [1562 bytes]","args":[{"selector":{"id":"application-manageresources-display-component---newResourceUnit--resourceId","interaction":{"idSuffix":"inner"}},"wdio_ui5_key":"applicationmanageresources-display-component---newResourceUnit--resourceId"}]}
RESULT: undefined
COMMAND: POST /session/5635ff3a58dcb7e64f288300af2e9ad3/execute/async - {"script":"<script> [776 bytes]","args":[{"enterText":"OtCxOOdRcu","selector":{"id":"application-manageresources-display-component---newResourceUnit--resourceId","interaction":{"idSuffix":"inner"}},"clearTextFirst":true,"interactionType":"ENTER_TEXT"}]}
RESULT: {}
RESULT: {"script":"<script> [776 bytes]","args":[{"enterText":"OtCxOOdRcu","selector":{"id":"application-manageresources-display-component---newResourceUnit--resourceId","interaction":{"idSuffix":"inner"}},"clearTextFirst":true,"interactionType":"ENTER_TEXT"}]}
COMMAND: POST /session/5635ff3a58dcb7e64f288300af2e9ad3/execute/async - {"script":"<script> [1562 bytes]","args":[{"selector":{"id":"application-manageresources-display-component---newResourceUnit--SHORT_TEXT","interaction":{"idSuffix":"inner"}},"wdio_ui5_key":"applicationmanageresources-display-component---newResourceUnit--SHORT_TEXT"}]}
RESULT: {"script":"<script> [1562 bytes]","args":[{"selector":{"id":"application-manageresources-display-component---newResourceUnit--SHORT_TEXT","interaction":{"idSuffix":"inner"}},"wdio_ui5_key":"applicationmanageresources-display-component---newResourceUnit--SHORT_TEXT"}]}
RESULT: undefined
COMMAND: POST /session/5635ff3a58dcb7e64f288300af2e9ad3/execute/async - {"script":"<script> [776 bytes]","args":[{"enterText":"Intercompany Equipment WDIO","selector":{"id":"application-manageresources-display-component---newResourceUnit--SHORT_TEXT","interaction":{"idSuffix":"inner"}},"clearTextFirst":true,"interactionType":"ENTER_TEXT"}]}
RESULT: {"script":"<script> [776 bytes]","args":[{"enterText":"Intercompany Equipment WDIO","selector":{"id":"application-manageresources-display-component---newResourceUnit--SHORT_TEXT","interaction":{"idSuffix":"inner"}},"clearTextFirst":true,"interactionType":"ENTER_TEXT"}]}
COMMAND: POST /session/5635ff3a58dcb7e64f288300af2e9ad3/execute/async - {"script":"<script> [1562 bytes]","args":[{"selector":{"id":"application-manageresources-display-component---newResourceUnit--BASE_UNIT_OF_MEASURE","interaction":{"idSuffix":"inner"}},"wdio_ui5_key":"applicationmanageresources-display-component---newResourceUnit--BASE_UNIT_OF_MEASURE"}]}
RESULT: {"script":"<script> [1562 bytes]","args":[{"selector":{"id":"application-manageresources-display-component---newResourceUnit--BASE_UNIT_OF_MEASURE","interaction":{"idSuffix":"inner"}},"wdio_ui5_key":"applicationmanageresources-display-component---newResourceUnit--BASE_UNIT_OF_MEASURE"}]}
RESULT: undefined
COMMAND: POST /session/5635ff3a58dcb7e64f288300af2e9ad3/execute/async - {"script":"<script> [776 bytes]","args":[{"enterText":"Piece","selector":{"id":"application-manageresources-display-component---newResourceUnit--BASE_UNIT_OF_MEASURE","interaction":{"idSuffix":"inner"}},"clearTextFirst":true,"interactionType":"ENTER_TEXT"}]}
RESULT: {"script":"<script> [776 bytes]","args":[{"enterText":"Piece","selector":{"id":"application-manageresources-display-component---newResourceUnit--BASE_UNIT_OF_MEASURE","interaction":{"idSuffix":"inner"}},"clearTextFirst":true,"interactionType":"ENTER_TEXT"}]}
COMMAND: POST /session/5635ff3a58dcb7e64f288300af2e9ad3/execute/async - {"script":"<script> [1562 bytes]","args":[{"selector":{"id":"application-manageresources-display-component---newResourceUnit--WEIGHT_UNIT","interaction":{"idSuffix":"inner"}},"wdio_ui5_key":"applicationmanageresources-display-component---newResourceUnit--WEIGHT_UNIT"}]}
RESULT: {"script":"<script> [1562 bytes]","args":[{"selector":{"id":"application-manageresources-display-component---newResourceUnit--WEIGHT_UNIT","interaction":{"idSuffix":"inner"}},"wdio_ui5_key":"applicationmanageresources-display-component---newResourceUnit--WEIGHT_UNIT"}]}
RESULT: undefined
COMMAND: POST /session/5635ff3a58dcb7e64f288300af2e9ad3/execute/async - {"script":"<script> [776 bytes]","args":[{"enterText":"Gram","selector":{"id":"application-manageresources-display-component---newResourceUnit--WEIGHT_UNIT","interaction":{"idSuffix":"inner"}},"clearTextFirst":true,"interactionType":"ENTER_TEXT"}]}
RESULT: {"script":"<script> [776 bytes]","args":[{"enterText":"Gram","selector":{"id":"application-manageresources-display-component---newResourceUnit--WEIGHT_UNIT","interaction":{"idSuffix":"inner"}},"clearTextFirst":true,"interactionType":"ENTER_TEXT"}]}
COMMAND: POST /session/5635ff3a58dcb7e64f288300af2e9ad3/execute/async - {"script":"<script> [1562 bytes]","args":[{"selector":{"id":"application-manageresources-display-component---newResourceUnit--DIMENSION_UNIT","interaction":{"idSuffix":"inner"}},"wdio_ui5_key":"applicationmanageresources-display-component---newResourceUnit--DIMENSION_UNIT"}]}
RESULT: {"script":"<script> [1562 bytes]","args":[{"selector":{"id":"application-manageresources-display-component---newResourceUnit--DIMENSION_UNIT","interaction":{"idSuffix":"inner"}},"wdio_ui5_key":"applicationmanageresources-display-component---newResourceUnit--DIMENSION_UNIT"}]}
RESULT: undefined
COMMAND: POST /session/5635ff3a58dcb7e64f288300af2e9ad3/execute/async - {"script":"<script> [776 bytes]","args":[{"enterText":"Meter","selector":{"id":"application-manageresources-display-component---newResourceUnit--DIMENSION_UNIT","interaction":{"idSuffix":"inner"}},"clearTextFirst":true,"interactionType":"ENTER_TEXT"}]}
RESULT: {"script":"<script> [776 bytes]","args":[{"enterText":"Meter","selector":{"id":"application-manageresources-display-component---newResourceUnit--DIMENSION_UNIT","interaction":{"idSuffix":"inner"}},"clearTextFirst":true,"interactionType":"ENTER_TEXT"}]}
COMMAND: POST /session/5635ff3a58dcb7e64f288300af2e9ad3/execute/async - {"script":"<script> [1562 bytes]","args":[{"selector":{"id":"application-manageresources-display-component---newResourceUnit--newRRUPage-anchBar-application-manageresources-display-component---newResourceUnit--control-anchor","interaction":{"idSuffix":"BDI-content"}},"wdio_ui5_key":"applicationmanageresources-display-component---newResourceUnit--newRRUPage-anchBar-application-manageresources-display-component---newResourceUnit--control-anchor"}]}
RESULT: {"script":"<script> [1562 bytes]","args":[{"selector":{"id":"application-manageresources-display-component---newResourceUnit--newRRUPage-anchBar-application-manageresources-display-component---newResourceUnit--control-anchor","interaction":{"idSuffix":"BDI-content"}},"wdio_ui5_key":"applicationmanageresources-display-component---newResourceUnit--newRRUPage-anchBar-application-manageresources-display-component---newResourceUnit--control-anchor"}]}
RESULT: undefined
COMMAND: POST /session/5635ff3a58dcb7e64f288300af2e9ad3/element - {"using":"xpath","value":"//*[@id=\"application-manageresources-display-component---newResourceUnit--newRRUPage-anchBar-application-manageresources-display-component---newResourceUnit--control-anchor\"]"}
RESULT: {"using":"xpath","value":"//*[@id=\"application-manageresources-display-component---newResourceUnit--newRRUPage-anchBar-application-manageresources-display-component---newResourceUnit--control-anchor\"]"}
COMMAND: POST /session/5635ff3a58dcb7e64f288300af2e9ad3/element/f.ED9453BD34BB61637EDB63CE7F048255.d.F38506F8FC64BAD96078AFB1B96AE76E.e.15628/click - {}
RESULT: {}
COMMAND: POST /session/5635ff3a58dcb7e64f288300af2e9ad3/execute/async - {"script":"<script> [1562 bytes]","args":[{"selector":{"id":"application-manageresources-display-component---newResourceUnit--PLANNING_GROUP","interaction":{"idSuffix":"inner"}},"wdio_ui5_key":"applicationmanageresources-display-component---newResourceUnit--PLANNING_GROUP"}]}
COMMAND: GET /session/5635ff3a58dcb7e64f288300af2e9ad3/screenshot - {}
RESULT: {"script":"<script> [1562 bytes]","args":[{"selector":{"id":"application-manageresources-display-component---newResourceUnit--PLANNING_GROUP","interaction":{"idSuffix":"inner"}},"wdio_ui5_key":"applicationmanageresources-display-component---newResourceUnit--PLANNING_GROUP"}]}
RESULT: undefined
COMMAND: POST /session/5635ff3a58dcb7e64f288300af2e9ad3/execute/async - {"script":"<script> [776 bytes]","args":[{"enterText":"Heavy Equi","selector":{"id":"application-manageresources-display-component---newResourceUnit--PLANNING_GROUP","interaction":{"idSuffix":"inner"}},"clearTextFirst":true,"interactionType":"ENTER_TEXT"}]}
RESULT: {}
RESULT: {"script":"<script> [776 bytes]","args":[{"enterText":"Heavy Equi","selector":{"id":"application-manageresources-display-component---newResourceUnit--PLANNING_GROUP","interaction":{"idSuffix":"inner"}},"clearTextFirst":true,"interactionType":"ENTER_TEXT"}]}
COMMAND: POST /session/5635ff3a58dcb7e64f288300af2e9ad3/execute/async - {"script":"<script> [1562 bytes]","args":[{"selector":{"id":"application-manageresources-display-component---newResourceUnit--ITEM_TYPE-arrow"},"wdio_ui5_key":"applicationmanageresources-display-component---newResourceUnit--ITEM_TYPE-arrow"}]}
RESULT: {"script":"<script> [1562 bytes]","args":[{"selector":{"id":"application-manageresources-display-component---newResourceUnit--ITEM_TYPE-arrow"},"wdio_ui5_key":"applicationmanageresources-display-component---newResourceUnit--ITEM_TYPE-arrow"}]}
RESULT: undefined
COMMAND: POST /session/5635ff3a58dcb7e64f288300af2e9ad3/element - {"using":"xpath","value":"//*[@id=\"application-manageresources-display-component---newResourceUnit--ITEM_TYPE-arrow\"]"}
RESULT: {"using":"xpath","value":"//*[@id=\"application-manageresources-display-component---newResourceUnit--ITEM_TYPE-arrow\"]"}
COMMAND: POST /session/5635ff3a58dcb7e64f288300af2e9ad3/element/f.ED9453BD34BB61637EDB63CE7F048255.d.F38506F8FC64BAD96078AFB1B96AE76E.e.15635/click - {}
RESULT: {}
COMMAND: POST /session/5635ff3a58dcb7e64f288300af2e9ad3/element - {"using":"xpath","value":"(//span[contains(text(), \"Resource Unit\")])[2]"}
COMMAND: GET /session/5635ff3a58dcb7e64f288300af2e9ad3/screenshot - {}
RESULT: {"using":"xpath","value":"(//span[contains(text(), \"Resource Unit\")])[2]"}
COMMAND: POST /session/5635ff3a58dcb7e64f288300af2e9ad3/element/f.ED9453BD34BB61637EDB63CE7F048255.d.F38506F8FC64BAD96078AFB1B96AE76E.e.15636/click - {}
RESULT: {}
RESULT: {}
COMMAND: GET /session/5635ff3a58dcb7e64f288300af2e9ad3/screenshot - {}
RESULT: {}
COMMAND: POST /session/5635ff3a58dcb7e64f288300af2e9ad3/element - {"using":"css selector","value":"#application-manageresources-display-component---newResourceUnit--btnAddTimeSegment"}
RESULT: {"using":"css selector","value":"#application-manageresources-display-component---newResourceUnit--btnAddTimeSegment"}
COMMAND: GET /session/5635ff3a58dcb7e64f288300af2e9ad3/element/f.ED9453BD34BB61637EDB63CE7F048255.d.F38506F8FC64BAD96078AFB1B96AE76E.e.15643/rect - {}
RESULT: {}
COMMAND: GET /session/5635ff3a58dcb7e64f288300af2e9ad3/window/rect - {}
RESULT: {}
COMMAND: POST /session/5635ff3a58dcb7e64f288300af2e9ad3/execute/sync - {"script":"<script> [92 bytes]","args":[]}
RESULT: {"script":"<script> [92 bytes]","args":[]}
COMMAND: POST /session/5635ff3a58dcb7e64f288300af2e9ad3/actions - {"actions":[{"id":"action48","type":"wheel","parameters":{},"actions":[{"type":"scroll","x":-1888,"y":-32,"deltaX":0,"deltaY":0,"duration":0,"origin":{"element-6066-11e4-a52e-4f735466cecf":"f.ED9453BD34BB61637EDB63CE7F048255.d.F38506F8FC64BAD96078AFB1B96AE76E.e.15643"}}]}]}
COMMAND: GET /session/5635ff3a58dcb7e64f288300af2e9ad3/screenshot - {}
RESULT: {}
COMMAND: POST /session/5635ff3a58dcb7e64f288300af2e9ad3/execute/sync - {"script":"<script> [79 bytes]","args":[{"element-6066-11e4-a52e-4f735466cecf":"f.ED9453BD34BB61637EDB63CE7F048255.d.F38506F8FC64BAD96078AFB1B96AE76E.e.15643","ELEMENT":"f.ED9453BD34BB61637EDB63CE7F048255.d.F38506F8FC64BAD96078AFB1B96AE76E.e.15643"},{"block":"start","inline":"nearest"}]}
RESULT: {"script":"<script> [79 bytes]","args":[{"element-6066-11e4-a52e-4f735466cecf":"f.ED9453BD34BB61637EDB63CE7F048255.d.F38506F8FC64BAD96078AFB1B96AE76E.e.15643","ELEMENT":"f.ED9453BD34BB61637EDB63CE7F048255.d.F38506F8FC64BAD96078AFB1B96AE76E.e.15643"},{"block":"start","inline":"nearest"}]}
COMMAND: POST /session/5635ff3a58dcb7e64f288300af2e9ad3/execute/async - {"script":"<script> [1562 bytes]","args":[{"selector":{"id":"application-manageresources-display-component---newResourceUnit--btnAddTimeSegment","interaction":{"idSuffix":"inner"}},"wdio_ui5_key":"applicationmanageresources-display-component---newResourceUnit--btnAddTimeSegment"}]}
COMMAND: GET /session/5635ff3a58dcb7e64f288300af2e9ad3/screenshot - {}
RESULT: {"script":"<script> [1562 bytes]","args":[{"selector":{"id":"application-manageresources-display-component---newResourceUnit--btnAddTimeSegment","interaction":{"idSuffix":"inner"}},"wdio_ui5_key":"applicationmanageresources-display-component---newResourceUnit--btnAddTimeSegment"}]}
RESULT: undefined
COMMAND: POST /session/5635ff3a58dcb7e64f288300af2e9ad3/element - {"using":"xpath","value":"//*[@id=\"application-manageresources-display-component---newResourceUnit--btnAddTimeSegment\"]"}
RESULT: {}
RESULT: {"using":"xpath","value":"//*[@id=\"application-manageresources-display-component---newResourceUnit--btnAddTimeSegment\"]"}
COMMAND: POST /session/5635ff3a58dcb7e64f288300af2e9ad3/element/f.ED9453BD34BB61637EDB63CE7F048255.d.F38506F8FC64BAD96078AFB1B96AE76E.e.15643/click - {}
RESULT: {}
COMMAND: GET /session/5635ff3a58dcb7e64f288300af2e9ad3/screenshot - {}
RESULT: {}
COMMAND: POST /session/5635ff3a58dcb7e64f288300af2e9ad3/element - {"using":"xpath","value":"//input[@id=\"application-manageresources-display-component---newResourceUnit--idRuTSAdmin-application-manageresources-display-component---newResourceUnit--RUTimeSegment-0-inner\"]"}
RESULT: {"using":"xpath","value":"//input[@id=\"application-manageresources-display-component---newResourceUnit--idRuTSAdmin-application-manageresources-display-component---newResourceUnit--RUTimeSegment-0-inner\"]"}
COMMAND: POST /session/5635ff3a58dcb7e64f288300af2e9ad3/element/f.ED9453BD34BB61637EDB63CE7F048255.d.F38506F8FC64BAD96078AFB1B96AE76E.e.15649/clear - {}
RESULT: {}
COMMAND: POST /session/5635ff3a58dcb7e64f288300af2e9ad3/element/f.ED9453BD34BB61637EDB63CE7F048255.d.F38506F8FC64BAD96078AFB1B96AE76E.e.15649/value - {"text":"434"}
COMMAND: GET /session/5635ff3a58dcb7e64f288300af2e9ad3/screenshot - {}
RESULT: {"text":"434"}
COMMAND: GET /session/5635ff3a58dcb7e64f288300af2e9ad3/screenshot - {}
RESULT: {}
RESULT: {}
COMMAND: POST /session/5635ff3a58dcb7e64f288300af2e9ad3/element - {"using":"xpath","value":"//li[.//span[text()='434']]"}
RESULT: {"using":"xpath","value":"//li[.//span[text()='434']]"}
COMMAND: POST /session/5635ff3a58dcb7e64f288300af2e9ad3/element/f.ED9453BD34BB61637EDB63CE7F048255.d.F38506F8FC64BAD96078AFB1B96AE76E.e.15661/click - {}
RESULT: {}
COMMAND: GET /session/5635ff3a58dcb7e64f288300af2e9ad3/screenshot - {}
RESULT: {}
COMMAND: POST /session/5635ff3a58dcb7e64f288300af2e9ad3/element - {"using":"xpath","value":"(//span[contains(@id, \"-application-manageresources-display-component---newResourceUnit--RUTimeSegment-0-arrow\")])[6]"}
RESULT: {"using":"xpath","value":"(//span[contains(@id, \"-application-manageresources-display-component---newResourceUnit--RUTimeSegment-0-arrow\")])[6]"}
COMMAND: POST /session/5635ff3a58dcb7e64f288300af2e9ad3/element/f.ED9453BD34BB61637EDB63CE7F048255.d.F38506F8FC64BAD96078AFB1B96AE76E.e.15662/click - {}
RESULT: {}
COMMAND: GET /session/5635ff3a58dcb7e64f288300af2e9ad3/screenshot - {}
RESULT: {}
COMMAND: POST /session/5635ff3a58dcb7e64f288300af2e9ad3/element - {"using":"xpath","value":"//span[contains(text(), \"PM Order\")]"}
RESULT: {"using":"xpath","value":"//span[contains(text(), \"PM Order\")]"}
COMMAND: POST /session/5635ff3a58dcb7e64f288300af2e9ad3/element/f.ED9453BD34BB61637EDB63CE7F048255.d.F38506F8FC64BAD96078AFB1B96AE76E.e.15665/click - {}
RESULT: {}
COMMAND: GET /session/5635ff3a58dcb7e64f288300af2e9ad3/screenshot - {}
RESULT: {}
COMMAND: POST /session/5635ff3a58dcb7e64f288300af2e9ad3/element - {"using":"xpath","value":"(//span[contains(@id ,\"manageresources-display-component---newResourceUnit--RUTimeSegment-0-vhi\")])[1]"}
RESULT: {"using":"xpath","value":"(//span[contains(@id ,\"manageresources-display-component---newResourceUnit--RUTimeSegment-0-vhi\")])[1]"}
COMMAND: GET /session/5635ff3a58dcb7e64f288300af2e9ad3/element/f.ED9453BD34BB61637EDB63CE7F048255.d.F38506F8FC64BAD96078AFB1B96AE76E.e.15669/rect - {}
RESULT: {}
COMMAND: GET /session/5635ff3a58dcb7e64f288300af2e9ad3/window/rect - {}
RESULT: {}
COMMAND: POST /session/5635ff3a58dcb7e64f288300af2e9ad3/execute/sync - {"script":"<script> [92 bytes]","args":[]}
RESULT: {"script":"<script> [92 bytes]","args":[]}
COMMAND: POST /session/5635ff3a58dcb7e64f288300af2e9ad3/actions - {"actions":[{"id":"action49","type":"wheel","parameters":{},"actions":[{"type":"scroll","x":-869,"y":-24,"deltaX":0,"deltaY":0,"duration":0,"origin":{"element-6066-11e4-a52e-4f735466cecf":"f.ED9453BD34BB61637EDB63CE7F048255.d.F38506F8FC64BAD96078AFB1B96AE76E.e.15669"}}]}]}
COMMAND: GET /session/5635ff3a58dcb7e64f288300af2e9ad3/screenshot - {}
RESULT: {"actions":[{"id":"action49","type":"wheel","parameters":{},"actions":[{"type":"scroll","x":-869,"y":-24,"deltaX":0,"deltaY":0,"duration":0,"origin":{"element-6066-11e4-a52e-4f735466cecf":"f.ED9453BD34BB61637EDB63CE7F048255.d.F38506F8FC64BAD96078AFB1B96AE76E.e.15669"}}]}]}
COMMAND: DELETE /session/5635ff3a58dcb7e64f288300af2e9ad3/actions - {}
COMMAND: GET /session/5635ff3a58dcb7e64f288300af2e9ad3/screenshot - {}
RESULT: {}
RESULT: {}
COMMAND: GET /session/5635ff3a58dcb7e64f288300af2e9ad3/screenshot - {}
RESULT: {}
RESULT: {}
COMMAND: POST /session/5635ff3a58dcb7e64f288300af2e9ad3/element/f.ED9453BD34BB61637EDB63CE7F048255.d.F38506F8FC64BAD96078AFB1B96AE76E.e.15669/click - {}
RESULT: {}
COMMAND: GET /session/5635ff3a58dcb7e64f288300af2e9ad3/screenshot - {}
RESULT: {}
COMMAND: POST /session/5635ff3a58dcb7e64f288300af2e9ad3/execute/async - {"script":"<script> [1562 bytes]","args":[{"selector":{"controlType":"sap.m.SearchField","properties":{"placeholder":"Search"},"searchOpenDialogs":true,"interaction":{"idSuffix":"I"}},"wdio_ui5_key":"sapm.SearchField{\"placeholder\":\"Search\"}"}]}
RESULT: {"script":"<script> [1562 bytes]","args":[{"selector":{"controlType":"sap.m.SearchField","properties":{"placeholder":"Search"},"searchOpenDialogs":true,"interaction":{"idSuffix":"I"}},"wdio_ui5_key":"sapm.SearchField{\"placeholder\":\"Search\"}"}]}
RESULT: undefined
COMMAND: POST /session/5635ff3a58dcb7e64f288300af2e9ad3/execute/async - {"script":"<script> [776 bytes]","args":[{"enterText":"4000360","selector":{"controlType":"sap.m.SearchField","properties":{"placeholder":"Search"},"searchOpenDialogs":true,"interaction":{"idSuffix":"I"}},"clearTextFirst":true,"interactionType":"ENTER_TEXT"}]}
RESULT: {"script":"<script> [776 bytes]","args":[{"enterText":"4000360","selector":{"controlType":"sap.m.SearchField","properties":{"placeholder":"Search"},"searchOpenDialogs":true,"interaction":{"idSuffix":"I"}},"clearTextFirst":true,"interactionType":"ENTER_TEXT"}]}
COMMAND: POST /session/5635ff3a58dcb7e64f288300af2e9ad3/actions - {"actions":[{"id":"action50","type":"key","parameters":{},"actions":[{"type":"keyDown","value":""},{"type":"pause","duration":10},{"type":"keyUp","value":""}]}]}
RESULT: {"actions":[{"id":"action50","type":"key","parameters":{},"actions":[{"type":"keyDown","value":""},{"type":"pause","duration":10},{"type":"keyUp","value":""}]}]}
COMMAND: GET /session/5635ff3a58dcb7e64f288300af2e9ad3/screenshot - {}
RESULT: {}
COMMAND: POST /session/5635ff3a58dcb7e64f288300af2e9ad3/element - {"using":"xpath","value":"//td/div/span[contains(text(), \"BGL Vehicles\")]"}
RESULT: {"using":"xpath","value":"//td/div/span[contains(text(), \"BGL Vehicles\")]"}
COMMAND: POST /session/5635ff3a58dcb7e64f288300af2e9ad3/element/f.ED9453BD34BB61637EDB63CE7F048255.d.F38506F8FC64BAD96078AFB1B96AE76E.e.15690/click - {}
RESULT: {}
COMMAND: GET /session/5635ff3a58dcb7e64f288300af2e9ad3/screenshot - {}
RESULT: {}
COMMAND: POST /session/5635ff3a58dcb7e64f288300af2e9ad3/element - {"using":"xpath","value":"//bdi[contains(text(), \"OK\")]"}
RESULT: {"using":"xpath","value":"//bdi[contains(text(), \"OK\")]"}
COMMAND: POST /session/5635ff3a58dcb7e64f288300af2e9ad3/element/f.ED9453BD34BB61637EDB63CE7F048255.d.F38506F8FC64BAD96078AFB1B96AE76E.e.15691/click - {}
RESULT: {}
COMMAND: GET /session/5635ff3a58dcb7e64f288300af2e9ad3/screenshot - {}
RESULT: {}
COMMAND: POST /session/5635ff3a58dcb7e64f288300af2e9ad3/execute/async - {"script":"<script> [1562 bytes]","args":[{"selector":{"id":"application-manageresources-display-component---newResourceUnit--newRRUPage-anchBar-application-manageresources-display-component---newResourceUnit--resource-anchor","interaction":{"idSuffix":"BDI-content"}},"wdio_ui5_key":"applicationmanageresources-display-component---newResourceUnit--newRRUPage-anchBar-application-manageresources-display-component---newResourceUnit--resource-anchor"}]}
RESULT: {"script":"<script> [1562 bytes]","args":[{"selector":{"id":"application-manageresources-display-component---newResourceUnit--newRRUPage-anchBar-application-manageresources-display-component---newResourceUnit--resource-anchor","interaction":{"idSuffix":"BDI-content"}},"wdio_ui5_key":"applicationmanageresources-display-component---newResourceUnit--newRRUPage-anchBar-application-manageresources-display-component---newResourceUnit--resource-anchor"}]}
RESULT: undefined
COMMAND: POST /session/5635ff3a58dcb7e64f288300af2e9ad3/element - {"using":"xpath","value":"//*[@id=\"application-manageresources-display-component---newResourceUnit--newRRUPage-anchBar-application-manageresources-display-component---newResourceUnit--resource-anchor\"]"}
RESULT: {"using":"xpath","value":"//*[@id=\"application-manageresources-display-component---newResourceUnit--newRRUPage-anchBar-application-manageresources-display-component---newResourceUnit--resource-anchor\"]"}
COMMAND: POST /session/5635ff3a58dcb7e64f288300af2e9ad3/element/f.ED9453BD34BB61637EDB63CE7F048255.d.F38506F8FC64BAD96078AFB1B96AE76E.e.15695/click - {}
RESULT: {}
COMMAND: POST /session/5635ff3a58dcb7e64f288300af2e9ad3/execute/async - {"script":"<script> [1562 bytes]","args":[{"selector":{"id":"application-manageresources-display-component---newResourceUnit--PLANNED_DELIVERY_DATE","interaction":{"idSuffix":"inner"}},"wdio_ui5_key":"applicationmanageresources-display-component---newResourceUnit--PLANNED_DELIVERY_DATE"}]}
COMMAND: GET /session/5635ff3a58dcb7e64f288300af2e9ad3/screenshot - {}
RESULT: {"script":"<script> [1562 bytes]","args":[{"selector":{"id":"application-manageresources-display-component---newResourceUnit--PLANNED_DELIVERY_DATE","interaction":{"idSuffix":"inner"}},"wdio_ui5_key":"applicationmanageresources-display-component---newResourceUnit--PLANNED_DELIVERY_DATE"}]}
RESULT: undefined
COMMAND: POST /session/5635ff3a58dcb7e64f288300af2e9ad3/execute/async - {"script":"<script> [6424 bytes]","args":[{"element-6066-11e4-a52e-4f735466cecf":"f.ED9453BD34BB61637EDB63CE7F048255.d.F38506F8FC64BAD96078AFB1B96AE76E.e.15527"},"setValue",["5/28/25"]]}
RESULT: {}
RESULT: {"script":"<script> [6424 bytes]","args":[{"element-6066-11e4-a52e-4f735466cecf":"f.ED9453BD34BB61637EDB63CE7F048255.d.F38506F8FC64BAD96078AFB1B96AE76E.e.15527"},"setValue",["5/28/25"]]}
COMMAND: POST /session/5635ff3a58dcb7e64f288300af2e9ad3/element - {"using":"xpath","value":"//label[contains(@class, 'sapMLabelRequired') and .//bdi[contains(text(), 'Planned Retirement')]]"}
RESULT: {"using":"xpath","value":"//label[contains(@class, 'sapMLabelRequired') and .//bdi[contains(text(), 'Planned Retirement')]]"}
COMMAND: POST /session/5635ff3a58dcb7e64f288300af2e9ad3/elements - {"using":"xpath","value":"//label[contains(@class, 'sapMLabelRequired') and .//bdi[contains(text(), 'Planned Retirement')]]"}
RESULT: {"using":"xpath","value":"//label[contains(@class, 'sapMLabelRequired') and .//bdi[contains(text(), 'Planned Retirement')]]"}
COMMAND: POST /session/5635ff3a58dcb7e64f288300af2e9ad3/element - {"using":"xpath","value":"//button[@data-kt=\"resourceUnitSaveButton\"]"}
RESULT: {"using":"xpath","value":"//button[@data-kt=\"resourceUnitSaveButton\"]"}
COMMAND: POST /session/5635ff3a58dcb7e64f288300af2e9ad3/element/f.ED9453BD34BB61637EDB63CE7F048255.d.F38506F8FC64BAD96078AFB1B96AE76E.e.15487/click - {}
RESULT: {}
COMMAND: GET /session/5635ff3a58dcb7e64f288300af2e9ad3/screenshot - {}
RESULT: {}
COMMAND: POST /session/5635ff3a58dcb7e64f288300af2e9ad3/element - {"using":"xpath","value":"//bdi[contains(text(), \"Close\")]"}
RESULT: {"using":"xpath","value":"//bdi[contains(text(), \"Close\")]"}
COMMAND: POST /session/5635ff3a58dcb7e64f288300af2e9ad3/element/f.ED9453BD34BB61637EDB63CE7F048255.d.F38506F8FC64BAD96078AFB1B96AE76E.e.15703/click - {}
RESULT: {}
COMMAND: GET /session/5635ff3a58dcb7e64f288300af2e9ad3/screenshot - {}
RESULT: {}
COMMAND: POST /session/5635ff3a58dcb7e64f288300af2e9ad3/element - {"using":"xpath","value":"(//button[contains(@id ,\"actionsToolbar-overflowButton\")])[1]"}
RESULT: {"using":"xpath","value":"(//button[contains(@id ,\"actionsToolbar-overflowButton\")])[1]"}
COMMAND: POST /session/5635ff3a58dcb7e64f288300af2e9ad3/element/f.ED9453BD34BB61637EDB63CE7F048255.d.F38506F8FC64BAD96078AFB1B96AE76E.e.15735/click - {}
RESULT: {}
COMMAND: GET /session/5635ff3a58dcb7e64f288300af2e9ad3/screenshot - {}
RESULT: {}
COMMAND: POST /session/5635ff3a58dcb7e64f288300af2e9ad3/element - {"using":"xpath","value":"//button[@data-kt=\"priceInfoButton\"]"}
RESULT: {"using":"xpath","value":"//button[@data-kt=\"priceInfoButton\"]"}
COMMAND: POST /session/5635ff3a58dcb7e64f288300af2e9ad3/element/f.ED9453BD34BB61637EDB63CE7F048255.d.F38506F8FC64BAD96078AFB1B96AE76E.e.15737/click - {}
RESULT: {}
COMMAND: GET /session/5635ff3a58dcb7e64f288300af2e9ad3/screenshot - {}
RESULT: {}
]]></system-out>
    </testcase>
    <testcase classname="chrome.136_0_7103_93.windows.Billing_transfer_US117289" name="Should create new pricing rule" time="52.32">
      <system-out><![CDATA[
COMMAND: POST /session/5635ff3a58dcb7e64f288300af2e9ad3/element - {"using":"xpath","value":"//button[@data-kt=\"addButton\"]"}
RESULT: {"using":"xpath","value":"//button[@data-kt=\"addButton\"]"}
COMMAND: POST /session/5635ff3a58dcb7e64f288300af2e9ad3/elements - {"using":"xpath","value":"//button[@data-kt=\"addButton\"]"}
RESULT: {"using":"xpath","value":"//button[@data-kt=\"addButton\"]"}
COMMAND: POST /session/5635ff3a58dcb7e64f288300af2e9ad3/elements - {"using":"xpath","value":"//button[@data-kt=\"addButton\"]"}
RESULT: {"using":"xpath","value":"//button[@data-kt=\"addButton\"]"}
COMMAND: POST /session/5635ff3a58dcb7e64f288300af2e9ad3/element - {"using":"xpath","value":"//button[@data-kt=\"addButton\"]"}
RESULT: {"using":"xpath","value":"//button[@data-kt=\"addButton\"]"}
COMMAND: POST /session/5635ff3a58dcb7e64f288300af2e9ad3/execute/sync - {"script":"<script> [8489 bytes]","args":[{"element-6066-11e4-a52e-4f735466cecf":"f.ED9453BD34BB61637EDB63CE7F048255.d.F38506F8FC64BAD96078AFB1B96AE76E.e.15773","ELEMENT":"f.ED9453BD34BB61637EDB63CE7F048255.d.F38506F8FC64BAD96078AFB1B96AE76E.e.15773"}]}
RESULT: {"script":"<script> [8489 bytes]","args":[{"element-6066-11e4-a52e-4f735466cecf":"f.ED9453BD34BB61637EDB63CE7F048255.d.F38506F8FC64BAD96078AFB1B96AE76E.e.15773","ELEMENT":"f.ED9453BD34BB61637EDB63CE7F048255.d.F38506F8FC64BAD96078AFB1B96AE76E.e.15773"}]}
COMMAND: GET /session/5635ff3a58dcb7e64f288300af2e9ad3/element/f.ED9453BD34BB61637EDB63CE7F048255.d.F38506F8FC64BAD96078AFB1B96AE76E.e.15773/enabled - {}
COMMAND: GET /session/5635ff3a58dcb7e64f288300af2e9ad3/screenshot - {}
RESULT: {}
COMMAND: POST /session/5635ff3a58dcb7e64f288300af2e9ad3/execute/sync - {"script":"<script> [8489 bytes]","args":[{"element-6066-11e4-a52e-4f735466cecf":"f.ED9453BD34BB61637EDB63CE7F048255.d.F38506F8FC64BAD96078AFB1B96AE76E.e.15773","ELEMENT":"f.ED9453BD34BB61637EDB63CE7F048255.d.F38506F8FC64BAD96078AFB1B96AE76E.e.15773"}]}
COMMAND: GET /session/5635ff3a58dcb7e64f288300af2e9ad3/screenshot - {}
RESULT: {}
RESULT: {"script":"<script> [8489 bytes]","args":[{"element-6066-11e4-a52e-4f735466cecf":"f.ED9453BD34BB61637EDB63CE7F048255.d.F38506F8FC64BAD96078AFB1B96AE76E.e.15773","ELEMENT":"f.ED9453BD34BB61637EDB63CE7F048255.d.F38506F8FC64BAD96078AFB1B96AE76E.e.15773"}]}
COMMAND: POST /session/5635ff3a58dcb7e64f288300af2e9ad3/execute/sync - {"script":"<script> [5351 bytes]","args":[{"element-6066-11e4-a52e-4f735466cecf":"f.ED9453BD34BB61637EDB63CE7F048255.d.F38506F8FC64BAD96078AFB1B96AE76E.e.15773","ELEMENT":"f.ED9453BD34BB61637EDB63CE7F048255.d.F38506F8FC64BAD96078AFB1B96AE76E.e.15773"}]}
COMMAND: GET /session/5635ff3a58dcb7e64f288300af2e9ad3/screenshot - {}
RESULT: {}
RESULT: {"script":"<script> [5351 bytes]","args":[{"element-6066-11e4-a52e-4f735466cecf":"f.ED9453BD34BB61637EDB63CE7F048255.d.F38506F8FC64BAD96078AFB1B96AE76E.e.15773","ELEMENT":"f.ED9453BD34BB61637EDB63CE7F048255.d.F38506F8FC64BAD96078AFB1B96AE76E.e.15773"}]}
COMMAND: POST /session/5635ff3a58dcb7e64f288300af2e9ad3/element/f.ED9453BD34BB61637EDB63CE7F048255.d.F38506F8FC64BAD96078AFB1B96AE76E.e.15773/click - {}
COMMAND: GET /session/5635ff3a58dcb7e64f288300af2e9ad3/screenshot - {}
RESULT: {}
RESULT: {}
COMMAND: GET /session/5635ff3a58dcb7e64f288300af2e9ad3/screenshot - {}
RESULT: {}
RESULT: {}
COMMAND: POST /session/5635ff3a58dcb7e64f288300af2e9ad3/execute/async - {"script":"<script> [1562 bytes]","args":[{"selector":{"controlType":"sap.m.Title","viewName":"etm.portal.ui.managepricingrules.view.NewItem","viewId":"application-managepricingrules-display-component---newInfoPriceItem","properties":{"text":"New Pricing Rules - Item Level"}},"wdio_ui5_key":"etmportal.ui.managepricingrules.view.NewItemsap.m.Title{\"text\":\"New Pricing Rules - Item Level\"}"}]}
RESULT: {"script":"<script> [1562 bytes]","args":[{"selector":{"controlType":"sap.m.Title","viewName":"etm.portal.ui.managepricingrules.view.NewItem","viewId":"application-managepricingrules-display-component---newInfoPriceItem","properties":{"text":"New Pricing Rules - Item Level"}},"wdio_ui5_key":"etmportal.ui.managepricingrules.view.NewItemsap.m.Title{\"text\":\"New Pricing Rules - Item Level\"}"}]}
RESULT: undefined
COMMAND: POST /session/5635ff3a58dcb7e64f288300af2e9ad3/execute/async - {"script":"<script> [6424 bytes]","args":[{"element-6066-11e4-a52e-4f735466cecf":"f.ED9453BD34BB61637EDB63CE7F048255.d.F38506F8FC64BAD96078AFB1B96AE76E.e.15944"},"getText",[]]}
RESULT: {"script":"<script> [6424 bytes]","args":[{"element-6066-11e4-a52e-4f735466cecf":"f.ED9453BD34BB61637EDB63CE7F048255.d.F38506F8FC64BAD96078AFB1B96AE76E.e.15944"},"getText",[]]}
COMMAND: POST /session/5635ff3a58dcb7e64f288300af2e9ad3/execute/async - {"script":"<script> [1562 bytes]","args":[{"selector":{"id":"application-managepricingrules-display-component---newInfoPriceItem--condValidTo","interaction":{"idSuffix":"inner"}},"wdio_ui5_key":"applicationmanagepricingrules-display-component---newInfoPriceItem--condValidTo"}]}
RESULT: {"script":"<script> [1562 bytes]","args":[{"selector":{"id":"application-managepricingrules-display-component---newInfoPriceItem--condValidTo","interaction":{"idSuffix":"inner"}},"wdio_ui5_key":"applicationmanagepricingrules-display-component---newInfoPriceItem--condValidTo"}]}
RESULT: undefined
COMMAND: POST /session/5635ff3a58dcb7e64f288300af2e9ad3/execute/async - {"script":"<script> [776 bytes]","args":[{"enterText":"1/28/26","selector":{"id":"application-managepricingrules-display-component---newInfoPriceItem--condValidTo","interaction":{"idSuffix":"inner"}},"clearTextFirst":true,"interactionType":"ENTER_TEXT"}]}
RESULT: {"script":"<script> [776 bytes]","args":[{"enterText":"1/28/26","selector":{"id":"application-managepricingrules-display-component---newInfoPriceItem--condValidTo","interaction":{"idSuffix":"inner"}},"clearTextFirst":true,"interactionType":"ENTER_TEXT"}]}
COMMAND: POST /session/5635ff3a58dcb7e64f288300af2e9ad3/execute/async - {"script":"<script> [1562 bytes]","args":[{"selector":{"id":"application-managepricingrules-display-component---newInfoPriceItem--billType-arrow"},"wdio_ui5_key":"applicationmanagepricingrules-display-component---newInfoPriceItem--billType-arrow"}]}
RESULT: {"script":"<script> [1562 bytes]","args":[{"selector":{"id":"application-managepricingrules-display-component---newInfoPriceItem--billType-arrow"},"wdio_ui5_key":"applicationmanagepricingrules-display-component---newInfoPriceItem--billType-arrow"}]}
RESULT: undefined
COMMAND: POST /session/5635ff3a58dcb7e64f288300af2e9ad3/element - {"using":"xpath","value":"//*[@id=\"application-managepricingrules-display-component---newInfoPriceItem--billType-arrow\"]"}
RESULT: {"using":"xpath","value":"//*[@id=\"application-managepricingrules-display-component---newInfoPriceItem--billType-arrow\"]"}
COMMAND: POST /session/5635ff3a58dcb7e64f288300af2e9ad3/element/f.ED9453BD34BB61637EDB63CE7F048255.d.F38506F8FC64BAD96078AFB1B96AE76E.e.15903/click - {}
RESULT: {}
COMMAND: POST /session/5635ff3a58dcb7e64f288300af2e9ad3/element - {"using":"xpath","value":"//span[contains(text(), \"TB - Time based\")]"}
COMMAND: GET /session/5635ff3a58dcb7e64f288300af2e9ad3/screenshot - {}
RESULT: {"using":"xpath","value":"//span[contains(text(), \"TB - Time based\")]"}
COMMAND: POST /session/5635ff3a58dcb7e64f288300af2e9ad3/element/f.ED9453BD34BB61637EDB63CE7F048255.d.F38506F8FC64BAD96078AFB1B96AE76E.e.15946/click - {}
RESULT: {}
RESULT: {}
COMMAND: POST /session/5635ff3a58dcb7e64f288300af2e9ad3/execute/async - {"script":"<script> [1562 bytes]","args":[{"selector":{"id":"application-managepricingrules-display-component---newInfoPriceItem--priceProc-arrow"},"wdio_ui5_key":"applicationmanagepricingrules-display-component---newInfoPriceItem--priceProc-arrow"}]}
COMMAND: GET /session/5635ff3a58dcb7e64f288300af2e9ad3/screenshot - {}
RESULT: {"script":"<script> [1562 bytes]","args":[{"selector":{"id":"application-managepricingrules-display-component---newInfoPriceItem--priceProc-arrow"},"wdio_ui5_key":"applicationmanagepricingrules-display-component---newInfoPriceItem--priceProc-arrow"}]}
RESULT: undefined
COMMAND: POST /session/5635ff3a58dcb7e64f288300af2e9ad3/element - {"using":"xpath","value":"//*[@id=\"application-managepricingrules-display-component---newInfoPriceItem--priceProc-arrow\"]"}
RESULT: {}
RESULT: {"using":"xpath","value":"//*[@id=\"application-managepricingrules-display-component---newInfoPriceItem--priceProc-arrow\"]"}
COMMAND: POST /session/5635ff3a58dcb7e64f288300af2e9ad3/element/f.ED9453BD34BB61637EDB63CE7F048255.d.F38506F8FC64BAD96078AFB1B96AE76E.e.15910/click - {}
RESULT: {}
COMMAND: POST /session/5635ff3a58dcb7e64f288300af2e9ad3/element - {"using":"xpath","value":"//span[contains(text(), \"TBS - Time based standard\")]"}
COMMAND: GET /session/5635ff3a58dcb7e64f288300af2e9ad3/screenshot - {}
RESULT: {"using":"xpath","value":"//span[contains(text(), \"TBS - Time based standard\")]"}
COMMAND: POST /session/5635ff3a58dcb7e64f288300af2e9ad3/element/f.ED9453BD34BB61637EDB63CE7F048255.d.F38506F8FC64BAD96078AFB1B96AE76E.e.15947/click - {}
RESULT: {}
RESULT: {}
COMMAND: POST /session/5635ff3a58dcb7e64f288300af2e9ad3/execute/async - {"script":"<script> [1562 bytes]","args":[{"selector":{"id":"application-managepricingrules-display-component---newInfoPriceItem--calcBase-arrow"},"wdio_ui5_key":"applicationmanagepricingrules-display-component---newInfoPriceItem--calcBase-arrow"}]}
COMMAND: GET /session/5635ff3a58dcb7e64f288300af2e9ad3/screenshot - {}
RESULT: {"script":"<script> [1562 bytes]","args":[{"selector":{"id":"application-managepricingrules-display-component---newInfoPriceItem--calcBase-arrow"},"wdio_ui5_key":"applicationmanagepricingrules-display-component---newInfoPriceItem--calcBase-arrow"}]}
RESULT: undefined
COMMAND: POST /session/5635ff3a58dcb7e64f288300af2e9ad3/element - {"using":"xpath","value":"//*[@id=\"application-managepricingrules-display-component---newInfoPriceItem--calcBase-arrow\"]"}
RESULT: {}
RESULT: {"using":"xpath","value":"//*[@id=\"application-managepricingrules-display-component---newInfoPriceItem--calcBase-arrow\"]"}
COMMAND: POST /session/5635ff3a58dcb7e64f288300af2e9ad3/element/f.ED9453BD34BB61637EDB63CE7F048255.d.F38506F8FC64BAD96078AFB1B96AE76E.e.15917/click - {}
RESULT: {}
COMMAND: GET /session/5635ff3a58dcb7e64f288300af2e9ad3/screenshot - {}
RESULT: {}
COMMAND: POST /session/5635ff3a58dcb7e64f288300af2e9ad3/element - {"using":"xpath","value":"//span[contains(text(), \"0006 - TB(calendar days)\")]"}
RESULT: {"using":"xpath","value":"//span[contains(text(), \"0006 - TB(calendar days)\")]"}
COMMAND: POST /session/5635ff3a58dcb7e64f288300af2e9ad3/element/f.ED9453BD34BB61637EDB63CE7F048255.d.F38506F8FC64BAD96078AFB1B96AE76E.e.15948/click - {}
RESULT: {}
COMMAND: GET /session/5635ff3a58dcb7e64f288300af2e9ad3/screenshot - {}
RESULT: {}
COMMAND: POST /session/5635ff3a58dcb7e64f288300af2e9ad3/execute/async - {"script":"<script> [1562 bytes]","args":[{"selector":{"id":"application-managepricingrules-display-component---newInfoPriceItem--daysMonth","interaction":{"idSuffix":"inner"}},"wdio_ui5_key":"applicationmanagepricingrules-display-component---newInfoPriceItem--daysMonth"}]}
RESULT: {"script":"<script> [1562 bytes]","args":[{"selector":{"id":"application-managepricingrules-display-component---newInfoPriceItem--daysMonth","interaction":{"idSuffix":"inner"}},"wdio_ui5_key":"applicationmanagepricingrules-display-component---newInfoPriceItem--daysMonth"}]}
RESULT: undefined
COMMAND: POST /session/5635ff3a58dcb7e64f288300af2e9ad3/execute/async - {"script":"<script> [776 bytes]","args":[{"enterText":"30","selector":{"id":"application-managepricingrules-display-component---newInfoPriceItem--daysMonth","interaction":{"idSuffix":"inner"}},"clearTextFirst":true,"interactionType":"ENTER_TEXT"}]}
RESULT: {"script":"<script> [776 bytes]","args":[{"enterText":"30","selector":{"id":"application-managepricingrules-display-component---newInfoPriceItem--daysMonth","interaction":{"idSuffix":"inner"}},"clearTextFirst":true,"interactionType":"ENTER_TEXT"}]}
COMMAND: POST /session/5635ff3a58dcb7e64f288300af2e9ad3/element - {"using":"xpath","value":"//button[@data-kt=\"saveNewRuleButton\"]"}
RESULT: {"using":"xpath","value":"//button[@data-kt=\"saveNewRuleButton\"]"}
COMMAND: POST /session/5635ff3a58dcb7e64f288300af2e9ad3/element/f.ED9453BD34BB61637EDB63CE7F048255.d.F38506F8FC64BAD96078AFB1B96AE76E.e.15937/click - {}
RESULT: {}
COMMAND: GET /session/5635ff3a58dcb7e64f288300af2e9ad3/screenshot - {}
RESULT: {}
COMMAND: POST /session/5635ff3a58dcb7e64f288300af2e9ad3/execute/async - {"script":"<script> [1562 bytes]","args":[{"selector":{"id":"application-managepricingrules-display-component---priceInfoItem--smartFilterBar-btnBasicSearch","interaction":{"idSuffix":"I"}},"wdio_ui5_key":"applicationmanagepricingrules-display-component---priceInfoItem--smartFilterBar-btnBasicSearch"}]}
RESULT: {"script":"<script> [1562 bytes]","args":[{"selector":{"id":"application-managepricingrules-display-component---priceInfoItem--smartFilterBar-btnBasicSearch","interaction":{"idSuffix":"I"}},"wdio_ui5_key":"applicationmanagepricingrules-display-component---priceInfoItem--smartFilterBar-btnBasicSearch"}]}
RESULT: undefined
COMMAND: POST /session/5635ff3a58dcb7e64f288300af2e9ad3/execute/async - {"script":"<script> [776 bytes]","args":[{"enterText":"OtCxOOdRcu","selector":{"id":"application-managepricingrules-display-component---priceInfoItem--smartFilterBar-btnBasicSearch","interaction":{"idSuffix":"I"}},"clearTextFirst":true,"interactionType":"ENTER_TEXT"}]}
RESULT: {"script":"<script> [776 bytes]","args":[{"enterText":"OtCxOOdRcu","selector":{"id":"application-managepricingrules-display-component---priceInfoItem--smartFilterBar-btnBasicSearch","interaction":{"idSuffix":"I"}},"clearTextFirst":true,"interactionType":"ENTER_TEXT"}]}
COMMAND: POST /session/5635ff3a58dcb7e64f288300af2e9ad3/actions - {"actions":[{"id":"action51","type":"key","parameters":{},"actions":[{"type":"keyDown","value":""},{"type":"pause","duration":10},{"type":"keyUp","value":""}]}]}
RESULT: {"actions":[{"id":"action51","type":"key","parameters":{},"actions":[{"type":"keyDown","value":""},{"type":"pause","duration":10},{"type":"keyUp","value":""}]}]}
COMMAND: GET /session/5635ff3a58dcb7e64f288300af2e9ad3/screenshot - {}
RESULT: {}
COMMAND: POST /session/5635ff3a58dcb7e64f288300af2e9ad3/element - {"using":"xpath","value":"//span[@id=\"application-managepricingrules-display-component---priceInfoItem--smartTable-header-inner\"]"}
RESULT: {"using":"xpath","value":"//span[@id=\"application-managepricingrules-display-component---priceInfoItem--smartTable-header-inner\"]"}
COMMAND: POST /session/5635ff3a58dcb7e64f288300af2e9ad3/elements - {"using":"xpath","value":"//span[@id=\"application-managepricingrules-display-component---priceInfoItem--smartTable-header-inner\"]"}
RESULT: {"using":"xpath","value":"//span[@id=\"application-managepricingrules-display-component---priceInfoItem--smartTable-header-inner\"]"}
COMMAND: POST /session/5635ff3a58dcb7e64f288300af2e9ad3/execute/sync - {"script":"<script> [56 bytes]","args":[{"element-6066-11e4-a52e-4f735466cecf":"f.ED9453BD34BB61637EDB63CE7F048255.d.F38506F8FC64BAD96078AFB1B96AE76E.e.15972","ELEMENT":"f.ED9453BD34BB61637EDB63CE7F048255.d.F38506F8FC64BAD96078AFB1B96AE76E.e.15972"}]}
RESULT: {"script":"<script> [56 bytes]","args":[{"element-6066-11e4-a52e-4f735466cecf":"f.ED9453BD34BB61637EDB63CE7F048255.d.F38506F8FC64BAD96078AFB1B96AE76E.e.15972","ELEMENT":"f.ED9453BD34BB61637EDB63CE7F048255.d.F38506F8FC64BAD96078AFB1B96AE76E.e.15972"}]}
COMMAND: POST /session/5635ff3a58dcb7e64f288300af2e9ad3/element - {"using":"css selector","value":"#shell-header-logo"}
COMMAND: GET /session/5635ff3a58dcb7e64f288300af2e9ad3/screenshot - {}
RESULT: {"using":"css selector","value":"#shell-header-logo"}
COMMAND: POST /session/5635ff3a58dcb7e64f288300af2e9ad3/element/f.ED9453BD34BB61637EDB63CE7F048255.d.F38506F8FC64BAD96078AFB1B96AE76E.e.15271/click - {}
RESULT: {}
RESULT: {}
COMMAND: GET /session/5635ff3a58dcb7e64f288300af2e9ad3/screenshot - {}
RESULT: {}
]]></system-out>
    </testcase>
    <testcase classname="chrome.136_0_7103_93.windows.Billing_transfer_US117289" name="Should create new condition for equipment" time="66.34">
      <system-out><![CDATA[
COMMAND: POST /session/5635ff3a58dcb7e64f288300af2e9ad3/execute/async - {"script":"<script> [1562 bytes]","args":[{"selector":{"controlType":"sap.m.GenericTile","properties":{"header":"Manage Conditions & Prices"}},"wdio_ui5_key":"sapm.GenericTile{\"header\":\"Manage Conditions & Prices\"}"}]}
RESULT: {"script":"<script> [1562 bytes]","args":[{"selector":{"controlType":"sap.m.GenericTile","properties":{"header":"Manage Conditions & Prices"}},"wdio_ui5_key":"sapm.GenericTile{\"header\":\"Manage Conditions & Prices\"}"}]}
RESULT: undefined
COMMAND: POST /session/5635ff3a58dcb7e64f288300af2e9ad3/element - {"using":"xpath","value":"//*[@id=\"__tile53\"]"}
RESULT: {"using":"xpath","value":"//*[@id=\"__tile53\"]"}
COMMAND: POST /session/5635ff3a58dcb7e64f288300af2e9ad3/element/f.ED9453BD34BB61637EDB63CE7F048255.d.F38506F8FC64BAD96078AFB1B96AE76E.e.15209/click - {}
RESULT: {}
COMMAND: GET /session/5635ff3a58dcb7e64f288300af2e9ad3/screenshot - {}
RESULT: {}
COMMAND: POST /session/5635ff3a58dcb7e64f288300af2e9ad3/elements - {"using":"xpath","value":"//span[text()='Error']"}
RESULT: {"using":"xpath","value":"//span[text()='Error']"}
COMMAND: POST /session/5635ff3a58dcb7e64f288300af2e9ad3/element - {"using":"xpath","value":"//button[@aria-label=\"Create\"]"}
RESULT: {"using":"xpath","value":"//button[@aria-label=\"Create\"]"}
COMMAND: POST /session/5635ff3a58dcb7e64f288300af2e9ad3/elements - {"using":"xpath","value":"//button[@aria-label=\"Create\"]"}
RESULT: {"using":"xpath","value":"//button[@aria-label=\"Create\"]"}
COMMAND: POST /session/5635ff3a58dcb7e64f288300af2e9ad3/execute/sync - {"script":"<script> [8489 bytes]","args":[{"element-6066-11e4-a52e-4f735466cecf":"f.ED9453BD34BB61637EDB63CE7F048255.d.F38506F8FC64BAD96078AFB1B96AE76E.e.16007","ELEMENT":"f.ED9453BD34BB61637EDB63CE7F048255.d.F38506F8FC64BAD96078AFB1B96AE76E.e.16007"}]}
RESULT: {"script":"<script> [8489 bytes]","args":[{"element-6066-11e4-a52e-4f735466cecf":"f.ED9453BD34BB61637EDB63CE7F048255.d.F38506F8FC64BAD96078AFB1B96AE76E.e.16007","ELEMENT":"f.ED9453BD34BB61637EDB63CE7F048255.d.F38506F8FC64BAD96078AFB1B96AE76E.e.16007"}]}
COMMAND: GET /session/5635ff3a58dcb7e64f288300af2e9ad3/element/f.ED9453BD34BB61637EDB63CE7F048255.d.F38506F8FC64BAD96078AFB1B96AE76E.e.16007/enabled - {}
COMMAND: GET /session/5635ff3a58dcb7e64f288300af2e9ad3/screenshot - {}
RESULT: {}
COMMAND: POST /session/5635ff3a58dcb7e64f288300af2e9ad3/execute/sync - {"script":"<script> [8489 bytes]","args":[{"element-6066-11e4-a52e-4f735466cecf":"f.ED9453BD34BB61637EDB63CE7F048255.d.F38506F8FC64BAD96078AFB1B96AE76E.e.16007","ELEMENT":"f.ED9453BD34BB61637EDB63CE7F048255.d.F38506F8FC64BAD96078AFB1B96AE76E.e.16007"}]}
COMMAND: GET /session/5635ff3a58dcb7e64f288300af2e9ad3/screenshot - {}
RESULT: {}
RESULT: {"script":"<script> [8489 bytes]","args":[{"element-6066-11e4-a52e-4f735466cecf":"f.ED9453BD34BB61637EDB63CE7F048255.d.F38506F8FC64BAD96078AFB1B96AE76E.e.16007","ELEMENT":"f.ED9453BD34BB61637EDB63CE7F048255.d.F38506F8FC64BAD96078AFB1B96AE76E.e.16007"}]}
COMMAND: POST /session/5635ff3a58dcb7e64f288300af2e9ad3/execute/sync - {"script":"<script> [5351 bytes]","args":[{"element-6066-11e4-a52e-4f735466cecf":"f.ED9453BD34BB61637EDB63CE7F048255.d.F38506F8FC64BAD96078AFB1B96AE76E.e.16007","ELEMENT":"f.ED9453BD34BB61637EDB63CE7F048255.d.F38506F8FC64BAD96078AFB1B96AE76E.e.16007"}]}
COMMAND: GET /session/5635ff3a58dcb7e64f288300af2e9ad3/screenshot - {}
RESULT: {}
RESULT: {"script":"<script> [5351 bytes]","args":[{"element-6066-11e4-a52e-4f735466cecf":"f.ED9453BD34BB61637EDB63CE7F048255.d.F38506F8FC64BAD96078AFB1B96AE76E.e.16007","ELEMENT":"f.ED9453BD34BB61637EDB63CE7F048255.d.F38506F8FC64BAD96078AFB1B96AE76E.e.16007"}]}
COMMAND: POST /session/5635ff3a58dcb7e64f288300af2e9ad3/element/f.ED9453BD34BB61637EDB63CE7F048255.d.F38506F8FC64BAD96078AFB1B96AE76E.e.16007/click - {}
COMMAND: GET /session/5635ff3a58dcb7e64f288300af2e9ad3/screenshot - {}
RESULT: {}
RESULT: {}
COMMAND: GET /session/5635ff3a58dcb7e64f288300af2e9ad3/screenshot - {}
RESULT: {}
RESULT: {}
COMMAND: POST /session/5635ff3a58dcb7e64f288300af2e9ad3/actions - {"actions":[{"id":"action52","type":"key","parameters":{},"actions":[{"type":"keyDown","value":""},{"type":"pause","duration":10},{"type":"keyUp","value":""}]}]}
RESULT: {"actions":[{"id":"action52","type":"key","parameters":{},"actions":[{"type":"keyDown","value":""},{"type":"pause","duration":10},{"type":"keyUp","value":""}]}]}
COMMAND: GET /session/5635ff3a58dcb7e64f288300af2e9ad3/screenshot - {}
RESULT: {}
COMMAND: POST /session/5635ff3a58dcb7e64f288300af2e9ad3/execute/async - {"script":"<script> [1562 bytes]","args":[{"selector":{"id":"application-manageconditionprice-display-component---newCondition--condBillCond-arrow"},"wdio_ui5_key":"applicationmanageconditionprice-display-component---newCondition--condBillCond-arrow"}]}
RESULT: {"script":"<script> [1562 bytes]","args":[{"selector":{"id":"application-manageconditionprice-display-component---newCondition--condBillCond-arrow"},"wdio_ui5_key":"applicationmanageconditionprice-display-component---newCondition--condBillCond-arrow"}]}
RESULT: undefined
COMMAND: POST /session/5635ff3a58dcb7e64f288300af2e9ad3/element - {"using":"xpath","value":"//*[@id=\"application-manageconditionprice-display-component---newCondition--condBillCond-arrow\"]"}
RESULT: {"using":"xpath","value":"//*[@id=\"application-manageconditionprice-display-component---newCondition--condBillCond-arrow\"]"}
COMMAND: POST /session/5635ff3a58dcb7e64f288300af2e9ad3/element/f.ED9453BD34BB61637EDB63CE7F048255.d.F38506F8FC64BAD96078AFB1B96AE76E.e.16186/click - {}
RESULT: {}
COMMAND: GET /session/5635ff3a58dcb7e64f288300af2e9ad3/screenshot - {}
RESULT: {}
COMMAND: POST /session/5635ff3a58dcb7e64f288300af2e9ad3/element - {"using":"xpath","value":"//li[.//span[contains(text(), \"DISP - D&I special price\")]]"}
RESULT: {"using":"xpath","value":"//li[.//span[contains(text(), \"DISP - D&I special price\")]]"}
COMMAND: POST /session/5635ff3a58dcb7e64f288300af2e9ad3/element/f.ED9453BD34BB61637EDB63CE7F048255.d.F38506F8FC64BAD96078AFB1B96AE76E.e.16189/click - {}
RESULT: {}
COMMAND: GET /session/5635ff3a58dcb7e64f288300af2e9ad3/screenshot - {}
RESULT: {}
COMMAND: POST /session/5635ff3a58dcb7e64f288300af2e9ad3/execute/async - {"script":"<script> [1562 bytes]","args":[{"selector":{"id":"application-manageconditionprice-display-component---newCondition--condValidTo","interaction":{"idSuffix":"inner"}},"wdio_ui5_key":"applicationmanageconditionprice-display-component---newCondition--condValidTo"}]}
RESULT: {"script":"<script> [1562 bytes]","args":[{"selector":{"id":"application-manageconditionprice-display-component---newCondition--condValidTo","interaction":{"idSuffix":"inner"}},"wdio_ui5_key":"applicationmanageconditionprice-display-component---newCondition--condValidTo"}]}
RESULT: undefined
COMMAND: POST /session/5635ff3a58dcb7e64f288300af2e9ad3/execute/async - {"script":"<script> [776 bytes]","args":[{"enterText":"1/28/26","selector":{"id":"application-manageconditionprice-display-component---newCondition--condValidTo","interaction":{"idSuffix":"inner"}},"clearTextFirst":true,"interactionType":"ENTER_TEXT"}]}
RESULT: {"script":"<script> [776 bytes]","args":[{"enterText":"1/28/26","selector":{"id":"application-manageconditionprice-display-component---newCondition--condValidTo","interaction":{"idSuffix":"inner"}},"clearTextFirst":true,"interactionType":"ENTER_TEXT"}]}
COMMAND: POST /session/5635ff3a58dcb7e64f288300af2e9ad3/element - {"using":"xpath","value":"//input[@id=\"application-manageconditionprice-display-component---newCondition--condRU-inner\"]"}
RESULT: {"using":"xpath","value":"//input[@id=\"application-manageconditionprice-display-component---newCondition--condRU-inner\"]"}
COMMAND: POST /session/5635ff3a58dcb7e64f288300af2e9ad3/element/f.ED9453BD34BB61637EDB63CE7F048255.d.F38506F8FC64BAD96078AFB1B96AE76E.e.16023/clear - {}
RESULT: {}
COMMAND: POST /session/5635ff3a58dcb7e64f288300af2e9ad3/element/f.ED9453BD34BB61637EDB63CE7F048255.d.F38506F8FC64BAD96078AFB1B96AE76E.e.16023/value - {"text":"OtCxOOdRcu"}
COMMAND: GET /session/5635ff3a58dcb7e64f288300af2e9ad3/screenshot - {}
RESULT: {"text":"OtCxOOdRcu"}
COMMAND: GET /session/5635ff3a58dcb7e64f288300af2e9ad3/screenshot - {}
RESULT: {}
RESULT: {}
COMMAND: POST /session/5635ff3a58dcb7e64f288300af2e9ad3/actions - {"actions":[{"id":"action53","type":"key","parameters":{},"actions":[{"type":"keyDown","value":""},{"type":"pause","duration":10},{"type":"keyUp","value":""}]}]}
RESULT: {"actions":[{"id":"action53","type":"key","parameters":{},"actions":[{"type":"keyDown","value":""},{"type":"pause","duration":10},{"type":"keyUp","value":""}]}]}
COMMAND: POST /session/5635ff3a58dcb7e64f288300af2e9ad3/execute/async - {"script":"<script> [1562 bytes]","args":[{"selector":{"id":"application-manageconditionprice-display-component---newCondition--condBaseQty","interaction":{"idSuffix":"inner"}},"wdio_ui5_key":"applicationmanageconditionprice-display-component---newCondition--condBaseQty"}]}
COMMAND: GET /session/5635ff3a58dcb7e64f288300af2e9ad3/screenshot - {}
RESULT: {"script":"<script> [1562 bytes]","args":[{"selector":{"id":"application-manageconditionprice-display-component---newCondition--condBaseQty","interaction":{"idSuffix":"inner"}},"wdio_ui5_key":"applicationmanageconditionprice-display-component---newCondition--condBaseQty"}]}
RESULT: undefined
COMMAND: POST /session/5635ff3a58dcb7e64f288300af2e9ad3/execute/async - {"script":"<script> [776 bytes]","args":[{"enterText":"1","selector":{"id":"application-manageconditionprice-display-component---newCondition--condBaseQty","interaction":{"idSuffix":"inner"}},"clearTextFirst":true,"interactionType":"ENTER_TEXT"}]}
RESULT: {}
RESULT: {"script":"<script> [776 bytes]","args":[{"enterText":"1","selector":{"id":"application-manageconditionprice-display-component---newCondition--condBaseQty","interaction":{"idSuffix":"inner"}},"clearTextFirst":true,"interactionType":"ENTER_TEXT"}]}
COMMAND: POST /session/5635ff3a58dcb7e64f288300af2e9ad3/execute/async - {"script":"<script> [1562 bytes]","args":[{"selector":{"id":"application-manageconditionprice-display-component---newCondition--condValue","interaction":{"idSuffix":"inner"}},"wdio_ui5_key":"applicationmanageconditionprice-display-component---newCondition--condValue"}]}
RESULT: {"script":"<script> [1562 bytes]","args":[{"selector":{"id":"application-manageconditionprice-display-component---newCondition--condValue","interaction":{"idSuffix":"inner"}},"wdio_ui5_key":"applicationmanageconditionprice-display-component---newCondition--condValue"}]}
RESULT: undefined
COMMAND: POST /session/5635ff3a58dcb7e64f288300af2e9ad3/execute/async - {"script":"<script> [776 bytes]","args":[{"enterText":"100","selector":{"id":"application-manageconditionprice-display-component---newCondition--condValue","interaction":{"idSuffix":"inner"}},"clearTextFirst":true,"interactionType":"ENTER_TEXT"}]}
RESULT: {"script":"<script> [776 bytes]","args":[{"enterText":"100","selector":{"id":"application-manageconditionprice-display-component---newCondition--condValue","interaction":{"idSuffix":"inner"}},"clearTextFirst":true,"interactionType":"ENTER_TEXT"}]}
COMMAND: POST /session/5635ff3a58dcb7e64f288300af2e9ad3/execute/async - {"script":"<script> [1562 bytes]","args":[{"selector":{"id":"application-manageconditionprice-display-component---newCondition--condCurr-arrow"},"wdio_ui5_key":"applicationmanageconditionprice-display-component---newCondition--condCurr-arrow"}]}
RESULT: {"script":"<script> [1562 bytes]","args":[{"selector":{"id":"application-manageconditionprice-display-component---newCondition--condCurr-arrow"},"wdio_ui5_key":"applicationmanageconditionprice-display-component---newCondition--condCurr-arrow"}]}
RESULT: undefined
COMMAND: POST /session/5635ff3a58dcb7e64f288300af2e9ad3/element - {"using":"xpath","value":"//*[@id=\"application-manageconditionprice-display-component---newCondition--condCurr-arrow\"]"}
RESULT: {"using":"xpath","value":"//*[@id=\"application-manageconditionprice-display-component---newCondition--condCurr-arrow\"]"}
COMMAND: POST /session/5635ff3a58dcb7e64f288300af2e9ad3/element/f.ED9453BD34BB61637EDB63CE7F048255.d.F38506F8FC64BAD96078AFB1B96AE76E.e.16167/click - {}
RESULT: {}
COMMAND: POST /session/5635ff3a58dcb7e64f288300af2e9ad3/element - {"using":"xpath","value":"//span[contains(text(), \"Euro\")]"}
COMMAND: GET /session/5635ff3a58dcb7e64f288300af2e9ad3/screenshot - {}
RESULT: {"using":"xpath","value":"//span[contains(text(), \"Euro\")]"}
COMMAND: POST /session/5635ff3a58dcb7e64f288300af2e9ad3/element/f.ED9453BD34BB61637EDB63CE7F048255.d.F38506F8FC64BAD96078AFB1B96AE76E.e.16226/click - {}
RESULT: {}
RESULT: {}
COMMAND: POST /session/5635ff3a58dcb7e64f288300af2e9ad3/element - {"using":"xpath","value":"//button[@data-kt=\"saveButton\"]"}
COMMAND: GET /session/5635ff3a58dcb7e64f288300af2e9ad3/screenshot - {}
RESULT: {"using":"xpath","value":"//button[@data-kt=\"saveButton\"]"}
COMMAND: POST /session/5635ff3a58dcb7e64f288300af2e9ad3/element/f.ED9453BD34BB61637EDB63CE7F048255.d.F38506F8FC64BAD96078AFB1B96AE76E.e.16168/click - {}
RESULT: {}
RESULT: {}
COMMAND: GET /session/5635ff3a58dcb7e64f288300af2e9ad3/screenshot - {}
RESULT: {}
COMMAND: POST /session/5635ff3a58dcb7e64f288300af2e9ad3/execute/async - {"script":"<script> [1562 bytes]","args":[{"selector":{"id":"application-manageconditionprice-display-component---conditions--smartFilterBar-btnBasicSearch","interaction":{"idSuffix":"I"}},"wdio_ui5_key":"applicationmanageconditionprice-display-component---conditions--smartFilterBar-btnBasicSearch"}]}
RESULT: {"script":"<script> [1562 bytes]","args":[{"selector":{"id":"application-manageconditionprice-display-component---conditions--smartFilterBar-btnBasicSearch","interaction":{"idSuffix":"I"}},"wdio_ui5_key":"applicationmanageconditionprice-display-component---conditions--smartFilterBar-btnBasicSearch"}]}
RESULT: undefined
COMMAND: POST /session/5635ff3a58dcb7e64f288300af2e9ad3/execute/async - {"script":"<script> [776 bytes]","args":[{"enterText":"OtCxOOdRcu","selector":{"id":"application-manageconditionprice-display-component---conditions--smartFilterBar-btnBasicSearch","interaction":{"idSuffix":"I"}},"clearTextFirst":true,"interactionType":"ENTER_TEXT"}]}
RESULT: {"script":"<script> [776 bytes]","args":[{"enterText":"OtCxOOdRcu","selector":{"id":"application-manageconditionprice-display-component---conditions--smartFilterBar-btnBasicSearch","interaction":{"idSuffix":"I"}},"clearTextFirst":true,"interactionType":"ENTER_TEXT"}]}
COMMAND: POST /session/5635ff3a58dcb7e64f288300af2e9ad3/actions - {"actions":[{"id":"action54","type":"key","parameters":{},"actions":[{"type":"keyDown","value":""},{"type":"pause","duration":10},{"type":"keyUp","value":""}]}]}
RESULT: {"actions":[{"id":"action54","type":"key","parameters":{},"actions":[{"type":"keyDown","value":""},{"type":"pause","duration":10},{"type":"keyUp","value":""}]}]}
COMMAND: GET /session/5635ff3a58dcb7e64f288300af2e9ad3/screenshot - {}
RESULT: {}
COMMAND: POST /session/5635ff3a58dcb7e64f288300af2e9ad3/execute/async - {"script":"<script> [1562 bytes]","args":[{"selector":{"id":"application-manageconditionprice-display-component---conditions--smartFilterBar-filterItemControl_BASIC-BILL_TYPES-vhi"},"wdio_ui5_key":"applicationmanageconditionprice-display-component---conditions--smartFilterBar-filterItemControl_BASIC-BILL_TYPES-vhi"}]}
RESULT: {"script":"<script> [1562 bytes]","args":[{"selector":{"id":"application-manageconditionprice-display-component---conditions--smartFilterBar-filterItemControl_BASIC-BILL_TYPES-vhi"},"wdio_ui5_key":"applicationmanageconditionprice-display-component---conditions--smartFilterBar-filterItemControl_BASIC-BILL_TYPES-vhi"}]}
RESULT: undefined
COMMAND: POST /session/5635ff3a58dcb7e64f288300af2e9ad3/element - {"using":"xpath","value":"//*[@id=\"application-manageconditionprice-display-component---conditions--smartFilterBar-filterItemControl_BASIC-BILL_TYPES-vhi\"]"}
RESULT: {"using":"xpath","value":"//*[@id=\"application-manageconditionprice-display-component---conditions--smartFilterBar-filterItemControl_BASIC-BILL_TYPES-vhi\"]"}
COMMAND: POST /session/5635ff3a58dcb7e64f288300af2e9ad3/element/f.ED9453BD34BB61637EDB63CE7F048255.d.F38506F8FC64BAD96078AFB1B96AE76E.e.16243/click - {}
RESULT: {}
COMMAND: POST /session/5635ff3a58dcb7e64f288300af2e9ad3/execute/async - {"script":"<script> [1562 bytes]","args":[{"selector":{"id":"application-manageconditionprice-display-component---conditions--smartFilterBar-filterItemControl_BASIC-BILL_TYPES-valueHelpDialog-smartFilterBar-btnBasicSearch","searchOpenDialogs":true,"interaction":{"idSuffix":"I"}},"wdio_ui5_key":"applicationmanageconditionprice-display-component---conditions--smartFilterBar-filterItemControl_BASIC-BILL_TYPES-valueHelpDialog-smartFilterBar-btnBasicSearch"}]}
COMMAND: GET /session/5635ff3a58dcb7e64f288300af2e9ad3/screenshot - {}
RESULT: {"script":"<script> [1562 bytes]","args":[{"selector":{"id":"application-manageconditionprice-display-component---conditions--smartFilterBar-filterItemControl_BASIC-BILL_TYPES-valueHelpDialog-smartFilterBar-btnBasicSearch","searchOpenDialogs":true,"interaction":{"idSuffix":"I"}},"wdio_ui5_key":"applicationmanageconditionprice-display-component---conditions--smartFilterBar-filterItemControl_BASIC-BILL_TYPES-valueHelpDialog-smartFilterBar-btnBasicSearch"}]}
RESULT: undefined
COMMAND: POST /session/5635ff3a58dcb7e64f288300af2e9ad3/execute/async - {"script":"<script> [776 bytes]","args":[{"enterText":"TB","selector":{"id":"application-manageconditionprice-display-component---conditions--smartFilterBar-filterItemControl_BASIC-BILL_TYPES-valueHelpDialog-smartFilterBar-btnBasicSearch","searchOpenDialogs":true,"interaction":{"idSuffix":"I"}},"clearTextFirst":true,"interactionType":"ENTER_TEXT"}]}
RESULT: {}
RESULT: {"script":"<script> [776 bytes]","args":[{"enterText":"TB","selector":{"id":"application-manageconditionprice-display-component---conditions--smartFilterBar-filterItemControl_BASIC-BILL_TYPES-valueHelpDialog-smartFilterBar-btnBasicSearch","searchOpenDialogs":true,"interaction":{"idSuffix":"I"}},"clearTextFirst":true,"interactionType":"ENTER_TEXT"}]}
COMMAND: POST /session/5635ff3a58dcb7e64f288300af2e9ad3/actions - {"actions":[{"id":"action55","type":"key","parameters":{},"actions":[{"type":"keyDown","value":""},{"type":"pause","duration":10},{"type":"keyUp","value":""}]}]}
RESULT: {"actions":[{"id":"action55","type":"key","parameters":{},"actions":[{"type":"keyDown","value":""},{"type":"pause","duration":10},{"type":"keyUp","value":""}]}]}
COMMAND: GET /session/5635ff3a58dcb7e64f288300af2e9ad3/screenshot - {}
RESULT: {}
COMMAND: POST /session/5635ff3a58dcb7e64f288300af2e9ad3/element - {"using":"xpath","value":"//div[contains(@id, 'application-manageconditionprice-display-component---conditions--smartFilterBar-filterItemControl_BASIC-BILL_TYPES-valueHelpDialog-table-rowsel0')]"}
RESULT: {"using":"xpath","value":"//div[contains(@id, 'application-manageconditionprice-display-component---conditions--smartFilterBar-filterItemControl_BASIC-BILL_TYPES-valueHelpDialog-table-rowsel0')]"}
COMMAND: POST /session/5635ff3a58dcb7e64f288300af2e9ad3/element/f.ED9453BD34BB61637EDB63CE7F048255.d.F38506F8FC64BAD96078AFB1B96AE76E.e.16252/click - {}
RESULT: {}
COMMAND: GET /session/5635ff3a58dcb7e64f288300af2e9ad3/screenshot - {}
RESULT: {}
COMMAND: POST /session/5635ff3a58dcb7e64f288300af2e9ad3/element - {"using":"xpath","value":"//bdi[contains(text(), \"OK\")]"}
RESULT: {"using":"xpath","value":"//bdi[contains(text(), \"OK\")]"}
COMMAND: POST /session/5635ff3a58dcb7e64f288300af2e9ad3/element/f.ED9453BD34BB61637EDB63CE7F048255.d.F38506F8FC64BAD96078AFB1B96AE76E.e.16254/click - {}
RESULT: {}
COMMAND: GET /session/5635ff3a58dcb7e64f288300af2e9ad3/screenshot - {}
RESULT: {}
COMMAND: POST /session/5635ff3a58dcb7e64f288300af2e9ad3/element - {"using":"xpath","value":"//span[@id=\"application-manageconditionprice-display-component---conditions--smartTable-header-inner\"]"}
RESULT: {"using":"xpath","value":"//span[@id=\"application-manageconditionprice-display-component---conditions--smartTable-header-inner\"]"}
COMMAND: POST /session/5635ff3a58dcb7e64f288300af2e9ad3/elements - {"using":"xpath","value":"//span[@id=\"application-manageconditionprice-display-component---conditions--smartTable-header-inner\"]"}
RESULT: {"using":"xpath","value":"//span[@id=\"application-manageconditionprice-display-component---conditions--smartTable-header-inner\"]"}
COMMAND: POST /session/5635ff3a58dcb7e64f288300af2e9ad3/execute/sync - {"script":"<script> [56 bytes]","args":[{"element-6066-11e4-a52e-4f735466cecf":"f.ED9453BD34BB61637EDB63CE7F048255.d.F38506F8FC64BAD96078AFB1B96AE76E.e.16257","ELEMENT":"f.ED9453BD34BB61637EDB63CE7F048255.d.F38506F8FC64BAD96078AFB1B96AE76E.e.16257"}]}
RESULT: {"script":"<script> [56 bytes]","args":[{"element-6066-11e4-a52e-4f735466cecf":"f.ED9453BD34BB61637EDB63CE7F048255.d.F38506F8FC64BAD96078AFB1B96AE76E.e.16257","ELEMENT":"f.ED9453BD34BB61637EDB63CE7F048255.d.F38506F8FC64BAD96078AFB1B96AE76E.e.16257"}]}
COMMAND: POST /session/5635ff3a58dcb7e64f288300af2e9ad3/element - {"using":"css selector","value":"#shell-header-logo"}
COMMAND: GET /session/5635ff3a58dcb7e64f288300af2e9ad3/screenshot - {}
RESULT: {"using":"css selector","value":"#shell-header-logo"}
COMMAND: POST /session/5635ff3a58dcb7e64f288300af2e9ad3/element/f.ED9453BD34BB61637EDB63CE7F048255.d.F38506F8FC64BAD96078AFB1B96AE76E.e.15975/click - {}
RESULT: {}
RESULT: {}
COMMAND: GET /session/5635ff3a58dcb7e64f288300af2e9ad3/screenshot - {}
RESULT: {}
]]></system-out>
    </testcase>
    <testcase classname="chrome.136_0_7103_93.windows.Billing_transfer_US117289" name="Should do a stock increase" time="89.769">
      <system-out><![CDATA[
COMMAND: POST /session/5635ff3a58dcb7e64f288300af2e9ad3/execute/async - {"script":"<script> [1562 bytes]","args":[{"selector":{"controlType":"sap.m.GenericTile","properties":{"header":"Manage Handovers"}},"wdio_ui5_key":"sapm.GenericTile{\"header\":\"Manage Handovers\"}"}]}
RESULT: {"script":"<script> [1562 bytes]","args":[{"selector":{"controlType":"sap.m.GenericTile","properties":{"header":"Manage Handovers"}},"wdio_ui5_key":"sapm.GenericTile{\"header\":\"Manage Handovers\"}"}]}
RESULT: undefined
COMMAND: POST /session/5635ff3a58dcb7e64f288300af2e9ad3/element - {"using":"xpath","value":"//*[@id=\"__tile132\"]"}
RESULT: {"using":"xpath","value":"//*[@id=\"__tile132\"]"}
COMMAND: POST /session/5635ff3a58dcb7e64f288300af2e9ad3/element/f.ED9453BD34BB61637EDB63CE7F048255.d.F38506F8FC64BAD96078AFB1B96AE76E.e.15247/click - {}
RESULT: {}
COMMAND: GET /session/5635ff3a58dcb7e64f288300af2e9ad3/screenshot - {}
RESULT: {}
COMMAND: POST /session/5635ff3a58dcb7e64f288300af2e9ad3/elements - {"using":"xpath","value":"//span[text()='Error']"}
RESULT: {"using":"xpath","value":"//span[text()='Error']"}
COMMAND: POST /session/5635ff3a58dcb7e64f288300af2e9ad3/element - {"using":"xpath","value":"//button[@data-kt=\"masterHOAddButton\"]"}
RESULT: {"using":"xpath","value":"//button[@data-kt=\"masterHOAddButton\"]"}
COMMAND: POST /session/5635ff3a58dcb7e64f288300af2e9ad3/elements - {"using":"xpath","value":"//button[@data-kt=\"masterHOAddButton\"]"}
RESULT: {"using":"xpath","value":"//button[@data-kt=\"masterHOAddButton\"]"}
COMMAND: POST /session/5635ff3a58dcb7e64f288300af2e9ad3/execute/sync - {"script":"<script> [8489 bytes]","args":[{"element-6066-11e4-a52e-4f735466cecf":"f.ED9453BD34BB61637EDB63CE7F048255.d.F38506F8FC64BAD96078AFB1B96AE76E.e.16300","ELEMENT":"f.ED9453BD34BB61637EDB63CE7F048255.d.F38506F8FC64BAD96078AFB1B96AE76E.e.16300"}]}
RESULT: {"script":"<script> [8489 bytes]","args":[{"element-6066-11e4-a52e-4f735466cecf":"f.ED9453BD34BB61637EDB63CE7F048255.d.F38506F8FC64BAD96078AFB1B96AE76E.e.16300","ELEMENT":"f.ED9453BD34BB61637EDB63CE7F048255.d.F38506F8FC64BAD96078AFB1B96AE76E.e.16300"}]}
COMMAND: GET /session/5635ff3a58dcb7e64f288300af2e9ad3/element/f.ED9453BD34BB61637EDB63CE7F048255.d.F38506F8FC64BAD96078AFB1B96AE76E.e.16300/enabled - {}
COMMAND: GET /session/5635ff3a58dcb7e64f288300af2e9ad3/screenshot - {}
RESULT: {}
COMMAND: POST /session/5635ff3a58dcb7e64f288300af2e9ad3/execute/sync - {"script":"<script> [8489 bytes]","args":[{"element-6066-11e4-a52e-4f735466cecf":"f.ED9453BD34BB61637EDB63CE7F048255.d.F38506F8FC64BAD96078AFB1B96AE76E.e.16300","ELEMENT":"f.ED9453BD34BB61637EDB63CE7F048255.d.F38506F8FC64BAD96078AFB1B96AE76E.e.16300"}]}
COMMAND: GET /session/5635ff3a58dcb7e64f288300af2e9ad3/screenshot - {}
RESULT: {}
RESULT: {"script":"<script> [8489 bytes]","args":[{"element-6066-11e4-a52e-4f735466cecf":"f.ED9453BD34BB61637EDB63CE7F048255.d.F38506F8FC64BAD96078AFB1B96AE76E.e.16300","ELEMENT":"f.ED9453BD34BB61637EDB63CE7F048255.d.F38506F8FC64BAD96078AFB1B96AE76E.e.16300"}]}
COMMAND: POST /session/5635ff3a58dcb7e64f288300af2e9ad3/execute/sync - {"script":"<script> [5351 bytes]","args":[{"element-6066-11e4-a52e-4f735466cecf":"f.ED9453BD34BB61637EDB63CE7F048255.d.F38506F8FC64BAD96078AFB1B96AE76E.e.16300","ELEMENT":"f.ED9453BD34BB61637EDB63CE7F048255.d.F38506F8FC64BAD96078AFB1B96AE76E.e.16300"}]}
COMMAND: GET /session/5635ff3a58dcb7e64f288300af2e9ad3/screenshot - {}
RESULT: {}
RESULT: {"script":"<script> [5351 bytes]","args":[{"element-6066-11e4-a52e-4f735466cecf":"f.ED9453BD34BB61637EDB63CE7F048255.d.F38506F8FC64BAD96078AFB1B96AE76E.e.16300","ELEMENT":"f.ED9453BD34BB61637EDB63CE7F048255.d.F38506F8FC64BAD96078AFB1B96AE76E.e.16300"}]}
COMMAND: POST /session/5635ff3a58dcb7e64f288300af2e9ad3/element/f.ED9453BD34BB61637EDB63CE7F048255.d.F38506F8FC64BAD96078AFB1B96AE76E.e.16300/click - {}
COMMAND: GET /session/5635ff3a58dcb7e64f288300af2e9ad3/screenshot - {}
RESULT: {}
RESULT: {}
COMMAND: GET /session/5635ff3a58dcb7e64f288300af2e9ad3/screenshot - {}
RESULT: {}
COMMAND: POST /session/5635ff3a58dcb7e64f288300af2e9ad3/element - {"using":"xpath","value":"//span[contains(@id ,\"AddNewHO--typeSelect-arrow\")]"}
RESULT: {}
RESULT: {"using":"xpath","value":"//span[contains(@id ,\"AddNewHO--typeSelect-arrow\")]"}
COMMAND: POST /session/5635ff3a58dcb7e64f288300af2e9ad3/element/f.ED9453BD34BB61637EDB63CE7F048255.d.F38506F8FC64BAD96078AFB1B96AE76E.e.16652/click - {}
RESULT: {}
COMMAND: GET /session/5635ff3a58dcb7e64f288300af2e9ad3/screenshot - {}
RESULT: {}
COMMAND: POST /session/5635ff3a58dcb7e64f288300af2e9ad3/element - {"using":"xpath","value":"(//li[contains(text(), \"stock increase yard\")])[1]"}
RESULT: {"using":"xpath","value":"(//li[contains(text(), \"stock increase yard\")])[1]"}
COMMAND: POST /session/5635ff3a58dcb7e64f288300af2e9ad3/element/f.ED9453BD34BB61637EDB63CE7F048255.d.F38506F8FC64BAD96078AFB1B96AE76E.e.16653/click - {}
RESULT: {}
COMMAND: GET /session/5635ff3a58dcb7e64f288300af2e9ad3/screenshot - {}
RESULT: {}
COMMAND: POST /session/5635ff3a58dcb7e64f288300af2e9ad3/execute/async - {"script":"<script> [1562 bytes]","args":[{"selector":{"id":"application-managehandovers-display-component---AddNewHO--dueDate","interaction":{"idSuffix":"inner"}},"wdio_ui5_key":"applicationmanagehandovers-display-component---AddNewHO--dueDate"}]}
RESULT: {"script":"<script> [1562 bytes]","args":[{"selector":{"id":"application-managehandovers-display-component---AddNewHO--dueDate","interaction":{"idSuffix":"inner"}},"wdio_ui5_key":"applicationmanagehandovers-display-component---AddNewHO--dueDate"}]}
RESULT: undefined
COMMAND: POST /session/5635ff3a58dcb7e64f288300af2e9ad3/execute/async - {"script":"<script> [6424 bytes]","args":[{"element-6066-11e4-a52e-4f735466cecf":"f.ED9453BD34BB61637EDB63CE7F048255.d.F38506F8FC64BAD96078AFB1B96AE76E.e.16655"},"setValue",["5/28/25"]]}
RESULT: {"script":"<script> [6424 bytes]","args":[{"element-6066-11e4-a52e-4f735466cecf":"f.ED9453BD34BB61637EDB63CE7F048255.d.F38506F8FC64BAD96078AFB1B96AE76E.e.16655"},"setValue",["5/28/25"]]}
COMMAND: POST /session/5635ff3a58dcb7e64f288300af2e9ad3/element - {"using":"xpath","value":"//input[@id=\"generalSectionFrg--receiveYard-inner\"]"}
RESULT: {"using":"xpath","value":"//input[@id=\"generalSectionFrg--receiveYard-inner\"]"}
COMMAND: POST /session/5635ff3a58dcb7e64f288300af2e9ad3/element/f.ED9453BD34BB61637EDB63CE7F048255.d.F38506F8FC64BAD96078AFB1B96AE76E.e.16661/clear - {}
RESULT: {}
COMMAND: POST /session/5635ff3a58dcb7e64f288300af2e9ad3/element/f.ED9453BD34BB61637EDB63CE7F048255.d.F38506F8FC64BAD96078AFB1B96AE76E.e.16661/value - {"text":"434"}
COMMAND: GET /session/5635ff3a58dcb7e64f288300af2e9ad3/screenshot - {}
RESULT: {"text":"434"}
COMMAND: GET /session/5635ff3a58dcb7e64f288300af2e9ad3/screenshot - {}
RESULT: {}
RESULT: {}
COMMAND: POST /session/5635ff3a58dcb7e64f288300af2e9ad3/element - {"using":"xpath","value":"//li[.//span[text()='434']]"}
RESULT: {"using":"xpath","value":"//li[.//span[text()='434']]"}
COMMAND: POST /session/5635ff3a58dcb7e64f288300af2e9ad3/element/f.ED9453BD34BB61637EDB63CE7F048255.d.F38506F8FC64BAD96078AFB1B96AE76E.e.16679/click - {}
RESULT: {}
COMMAND: GET /session/5635ff3a58dcb7e64f288300af2e9ad3/screenshot - {}
RESULT: {}
COMMAND: POST /session/5635ff3a58dcb7e64f288300af2e9ad3/execute/async - {"script":"<script> [1562 bytes]","args":[{"selector":{"id":"application-managehandovers-display-component---AddNewHO--ObjectPageLayout-anchBar-application-managehandovers-display-component---AddNewHO--section4-anchor","interaction":{"idSuffix":"BDI-content"}},"wdio_ui5_key":"applicationmanagehandovers-display-component---AddNewHO--ObjectPageLayout-anchBar-application-managehandovers-display-component---AddNewHO--section4-anchor"}]}
RESULT: {"script":"<script> [1562 bytes]","args":[{"selector":{"id":"application-managehandovers-display-component---AddNewHO--ObjectPageLayout-anchBar-application-managehandovers-display-component---AddNewHO--section4-anchor","interaction":{"idSuffix":"BDI-content"}},"wdio_ui5_key":"applicationmanagehandovers-display-component---AddNewHO--ObjectPageLayout-anchBar-application-managehandovers-display-component---AddNewHO--section4-anchor"}]}
RESULT: undefined
COMMAND: POST /session/5635ff3a58dcb7e64f288300af2e9ad3/element - {"using":"xpath","value":"//*[@id=\"application-managehandovers-display-component---AddNewHO--ObjectPageLayout-anchBar-application-managehandovers-display-component---AddNewHO--section4-anchor\"]"}
RESULT: {"using":"xpath","value":"//*[@id=\"application-managehandovers-display-component---AddNewHO--ObjectPageLayout-anchBar-application-managehandovers-display-component---AddNewHO--section4-anchor\"]"}
COMMAND: POST /session/5635ff3a58dcb7e64f288300af2e9ad3/element/f.ED9453BD34BB61637EDB63CE7F048255.d.F38506F8FC64BAD96078AFB1B96AE76E.e.16681/click - {}
RESULT: {}
COMMAND: POST /session/5635ff3a58dcb7e64f288300af2e9ad3/element - {"using":"xpath","value":"//button[@aria-label=\"Add\"]"}
COMMAND: GET /session/5635ff3a58dcb7e64f288300af2e9ad3/screenshot - {}
RESULT: {"using":"xpath","value":"//button[@aria-label=\"Add\"]"}
COMMAND: POST /session/5635ff3a58dcb7e64f288300af2e9ad3/element/f.ED9453BD34BB61637EDB63CE7F048255.d.F38506F8FC64BAD96078AFB1B96AE76E.e.16683/click - {}
RESULT: {}
RESULT: {}
COMMAND: GET /session/5635ff3a58dcb7e64f288300af2e9ad3/screenshot - {}
RESULT: {}
COMMAND: POST /session/5635ff3a58dcb7e64f288300af2e9ad3/execute/async - {"script":"<script> [1562 bytes]","args":[{"selector":{"id":"application-managehandovers-display-component---AddNewHO--smartFilterBar-btnBasicSearch","searchOpenDialogs":true,"interaction":{"idSuffix":"I"}},"wdio_ui5_key":"applicationmanagehandovers-display-component---AddNewHO--smartFilterBar-btnBasicSearch"}]}
RESULT: {"script":"<script> [1562 bytes]","args":[{"selector":{"id":"application-managehandovers-display-component---AddNewHO--smartFilterBar-btnBasicSearch","searchOpenDialogs":true,"interaction":{"idSuffix":"I"}},"wdio_ui5_key":"applicationmanagehandovers-display-component---AddNewHO--smartFilterBar-btnBasicSearch"}]}
RESULT: undefined
COMMAND: POST /session/5635ff3a58dcb7e64f288300af2e9ad3/execute/async - {"script":"<script> [776 bytes]","args":[{"enterText":"OtCxOOdRcu","selector":{"id":"application-managehandovers-display-component---AddNewHO--smartFilterBar-btnBasicSearch","searchOpenDialogs":true,"interaction":{"idSuffix":"I"}},"clearTextFirst":true,"interactionType":"ENTER_TEXT"}]}
RESULT: {"script":"<script> [776 bytes]","args":[{"enterText":"OtCxOOdRcu","selector":{"id":"application-managehandovers-display-component---AddNewHO--smartFilterBar-btnBasicSearch","searchOpenDialogs":true,"interaction":{"idSuffix":"I"}},"clearTextFirst":true,"interactionType":"ENTER_TEXT"}]}
COMMAND: POST /session/5635ff3a58dcb7e64f288300af2e9ad3/actions - {"actions":[{"id":"action56","type":"key","parameters":{},"actions":[{"type":"keyDown","value":""},{"type":"pause","duration":10},{"type":"keyUp","value":""}]}]}
RESULT: {"actions":[{"id":"action56","type":"key","parameters":{},"actions":[{"type":"keyDown","value":""},{"type":"pause","duration":10},{"type":"keyUp","value":""}]}]}
COMMAND: GET /session/5635ff3a58dcb7e64f288300af2e9ad3/screenshot - {}
RESULT: {}
COMMAND: POST /session/5635ff3a58dcb7e64f288300af2e9ad3/execute/async - {"script":"<script> [1562 bytes]","args":[{"selector":{"id":"application-managehandovers-display-component---AddNewHO--popup-sa","searchOpenDialogs":true,"interaction":{"idSuffix":"CbBg"}},"wdio_ui5_key":"applicationmanagehandovers-display-component---AddNewHO--popup-sa"}]}
RESULT: {"script":"<script> [1562 bytes]","args":[{"selector":{"id":"application-managehandovers-display-component---AddNewHO--popup-sa","searchOpenDialogs":true,"interaction":{"idSuffix":"CbBg"}},"wdio_ui5_key":"applicationmanagehandovers-display-component---AddNewHO--popup-sa"}]}
RESULT: undefined
COMMAND: POST /session/5635ff3a58dcb7e64f288300af2e9ad3/element - {"using":"xpath","value":"//*[@id=\"application-managehandovers-display-component---AddNewHO--popup-sa\"]"}
RESULT: {"using":"xpath","value":"//*[@id=\"application-managehandovers-display-component---AddNewHO--popup-sa\"]"}
COMMAND: POST /session/5635ff3a58dcb7e64f288300af2e9ad3/element/f.ED9453BD34BB61637EDB63CE7F048255.d.F38506F8FC64BAD96078AFB1B96AE76E.e.16837/click - {}
RESULT: {}
COMMAND: GET /session/5635ff3a58dcb7e64f288300af2e9ad3/screenshot - {}
RESULT: {}
COMMAND: POST /session/5635ff3a58dcb7e64f288300af2e9ad3/element - {"using":"xpath","value":"//bdi[contains(text(), \"Select\")]"}
RESULT: {"using":"xpath","value":"//bdi[contains(text(), \"Select\")]"}
COMMAND: POST /session/5635ff3a58dcb7e64f288300af2e9ad3/element/f.ED9453BD34BB61637EDB63CE7F048255.d.F38506F8FC64BAD96078AFB1B96AE76E.e.16838/click - {}
RESULT: {}
COMMAND: GET /session/5635ff3a58dcb7e64f288300af2e9ad3/screenshot - {}
RESULT: {}
COMMAND: POST /session/5635ff3a58dcb7e64f288300af2e9ad3/element - {"using":"xpath","value":"//button[@data-kt=\"AddNewHOSaveButton\"]"}
RESULT: {"using":"xpath","value":"//button[@data-kt=\"AddNewHOSaveButton\"]"}
COMMAND: POST /session/5635ff3a58dcb7e64f288300af2e9ad3/element/f.ED9453BD34BB61637EDB63CE7F048255.d.F38506F8FC64BAD96078AFB1B96AE76E.e.16842/click - {}
RESULT: {}
COMMAND: GET /session/5635ff3a58dcb7e64f288300af2e9ad3/screenshot - {}
RESULT: {}
COMMAND: POST /session/5635ff3a58dcb7e64f288300af2e9ad3/execute/async - {"script":"<script> [1562 bytes]","args":[{"selector":{"id":"receiptDatePicker","viewName":"etm.portal.ui.managehandovers.view.DetailExecuteHO","interaction":{"idSuffix":"inner"}},"wdio_ui5_key":"receiptDatePickeretmportal.ui.managehandovers.view.DetailExecuteHO"}]}
RESULT: {"script":"<script> [1562 bytes]","args":[{"selector":{"id":"receiptDatePicker","viewName":"etm.portal.ui.managehandovers.view.DetailExecuteHO","interaction":{"idSuffix":"inner"}},"wdio_ui5_key":"receiptDatePickeretmportal.ui.managehandovers.view.DetailExecuteHO"}]}
RESULT: undefined
COMMAND: POST /session/5635ff3a58dcb7e64f288300af2e9ad3/execute/async - {"script":"<script> [6424 bytes]","args":[{"element-6066-11e4-a52e-4f735466cecf":"f.ED9453BD34BB61637EDB63CE7F048255.d.F38506F8FC64BAD96078AFB1B96AE76E.e.16871"},"setValue",["5/28/25"]]}
RESULT: {"script":"<script> [6424 bytes]","args":[{"element-6066-11e4-a52e-4f735466cecf":"f.ED9453BD34BB61637EDB63CE7F048255.d.F38506F8FC64BAD96078AFB1B96AE76E.e.16871"},"setValue",["5/28/25"]]}
COMMAND: POST /session/5635ff3a58dcb7e64f288300af2e9ad3/element - {"using":"xpath","value":"//button[@data-kt=\"ReceivingTableConfirmAllButton\"]"}
RESULT: {"using":"xpath","value":"//button[@data-kt=\"ReceivingTableConfirmAllButton\"]"}
COMMAND: POST /session/5635ff3a58dcb7e64f288300af2e9ad3/element/f.ED9453BD34BB61637EDB63CE7F048255.d.F38506F8FC64BAD96078AFB1B96AE76E.e.16887/click - {}
RESULT: {}
COMMAND: GET /session/5635ff3a58dcb7e64f288300af2e9ad3/screenshot - {}
RESULT: {}
COMMAND: POST /session/5635ff3a58dcb7e64f288300af2e9ad3/element - {"using":"xpath","value":"//bdi[contains(text(), \"OK\")]"}
RESULT: {"using":"xpath","value":"//bdi[contains(text(), \"OK\")]"}
COMMAND: POST /session/5635ff3a58dcb7e64f288300af2e9ad3/element/f.ED9453BD34BB61637EDB63CE7F048255.d.F38506F8FC64BAD96078AFB1B96AE76E.e.16889/click - {}
RESULT: {}
COMMAND: GET /session/5635ff3a58dcb7e64f288300af2e9ad3/screenshot - {}
RESULT: {}
COMMAND: POST /session/5635ff3a58dcb7e64f288300af2e9ad3/element - {"using":"xpath","value":"(//bdi[contains(text(), \"Receive\")])[2]"}
RESULT: {"using":"xpath","value":"(//bdi[contains(text(), \"Receive\")])[2]"}
COMMAND: POST /session/5635ff3a58dcb7e64f288300af2e9ad3/element/f.ED9453BD34BB61637EDB63CE7F048255.d.F38506F8FC64BAD96078AFB1B96AE76E.e.16891/click - {}
RESULT: {}
COMMAND: GET /session/5635ff3a58dcb7e64f288300af2e9ad3/screenshot - {}
RESULT: {}
COMMAND: POST /session/5635ff3a58dcb7e64f288300af2e9ad3/element - {"using":"css selector","value":"#shell-header-logo"}
RESULT: {"using":"css selector","value":"#shell-header-logo"}
COMMAND: POST /session/5635ff3a58dcb7e64f288300af2e9ad3/element/f.ED9453BD34BB61637EDB63CE7F048255.d.F38506F8FC64BAD96078AFB1B96AE76E.e.16263/click - {}
RESULT: {}
COMMAND: GET /session/5635ff3a58dcb7e64f288300af2e9ad3/screenshot - {}
RESULT: {}
]]></system-out>
    </testcase>
    <testcase classname="chrome.136_0_7103_93.windows.Billing_transfer_US117289" name="Should create a new contract" time="64.957">
      <system-out><![CDATA[
COMMAND: POST /session/5635ff3a58dcb7e64f288300af2e9ad3/execute/async - {"script":"<script> [1562 bytes]","args":[{"selector":{"controlType":"sap.m.GenericTile","properties":{"header":"Manage Contracts"}},"wdio_ui5_key":"sapm.GenericTile{\"header\":\"Manage Contracts\"}"}]}
RESULT: {"script":"<script> [1562 bytes]","args":[{"selector":{"controlType":"sap.m.GenericTile","properties":{"header":"Manage Contracts"}},"wdio_ui5_key":"sapm.GenericTile{\"header\":\"Manage Contracts\"}"}]}
RESULT: undefined
COMMAND: POST /session/5635ff3a58dcb7e64f288300af2e9ad3/element - {"using":"xpath","value":"//*[@id=\"__tile130\"]"}
RESULT: {"using":"xpath","value":"//*[@id=\"__tile130\"]"}
COMMAND: POST /session/5635ff3a58dcb7e64f288300af2e9ad3/element/f.ED9453BD34BB61637EDB63CE7F048255.d.F38506F8FC64BAD96078AFB1B96AE76E.e.15178/click - {}
RESULT: {}
COMMAND: GET /session/5635ff3a58dcb7e64f288300af2e9ad3/screenshot - {}
RESULT: {}
COMMAND: POST /session/5635ff3a58dcb7e64f288300af2e9ad3/elements - {"using":"xpath","value":"//span[text()='Error']"}
RESULT: {"using":"xpath","value":"//span[text()='Error']"}
COMMAND: POST /session/5635ff3a58dcb7e64f288300af2e9ad3/element - {"using":"xpath","value":"//button[@data-kt=\"addButton\"]"}
RESULT: {"using":"xpath","value":"//button[@data-kt=\"addButton\"]"}
COMMAND: POST /session/5635ff3a58dcb7e64f288300af2e9ad3/elements - {"using":"xpath","value":"//button[@data-kt=\"addButton\"]"}
RESULT: {"using":"xpath","value":"//button[@data-kt=\"addButton\"]"}
COMMAND: POST /session/5635ff3a58dcb7e64f288300af2e9ad3/execute/sync - {"script":"<script> [8489 bytes]","args":[{"element-6066-11e4-a52e-4f735466cecf":"f.ED9453BD34BB61637EDB63CE7F048255.d.F38506F8FC64BAD96078AFB1B96AE76E.e.17110","ELEMENT":"f.ED9453BD34BB61637EDB63CE7F048255.d.F38506F8FC64BAD96078AFB1B96AE76E.e.17110"}]}
RESULT: {"script":"<script> [8489 bytes]","args":[{"element-6066-11e4-a52e-4f735466cecf":"f.ED9453BD34BB61637EDB63CE7F048255.d.F38506F8FC64BAD96078AFB1B96AE76E.e.17110","ELEMENT":"f.ED9453BD34BB61637EDB63CE7F048255.d.F38506F8FC64BAD96078AFB1B96AE76E.e.17110"}]}
COMMAND: GET /session/5635ff3a58dcb7e64f288300af2e9ad3/element/f.ED9453BD34BB61637EDB63CE7F048255.d.F38506F8FC64BAD96078AFB1B96AE76E.e.17110/enabled - {}
COMMAND: GET /session/5635ff3a58dcb7e64f288300af2e9ad3/screenshot - {}
RESULT: {}
COMMAND: POST /session/5635ff3a58dcb7e64f288300af2e9ad3/execute/sync - {"script":"<script> [8489 bytes]","args":[{"element-6066-11e4-a52e-4f735466cecf":"f.ED9453BD34BB61637EDB63CE7F048255.d.F38506F8FC64BAD96078AFB1B96AE76E.e.17110","ELEMENT":"f.ED9453BD34BB61637EDB63CE7F048255.d.F38506F8FC64BAD96078AFB1B96AE76E.e.17110"}]}
COMMAND: GET /session/5635ff3a58dcb7e64f288300af2e9ad3/screenshot - {}
RESULT: {}
RESULT: {"script":"<script> [8489 bytes]","args":[{"element-6066-11e4-a52e-4f735466cecf":"f.ED9453BD34BB61637EDB63CE7F048255.d.F38506F8FC64BAD96078AFB1B96AE76E.e.17110","ELEMENT":"f.ED9453BD34BB61637EDB63CE7F048255.d.F38506F8FC64BAD96078AFB1B96AE76E.e.17110"}]}
COMMAND: POST /session/5635ff3a58dcb7e64f288300af2e9ad3/execute/sync - {"script":"<script> [5351 bytes]","args":[{"element-6066-11e4-a52e-4f735466cecf":"f.ED9453BD34BB61637EDB63CE7F048255.d.F38506F8FC64BAD96078AFB1B96AE76E.e.17110","ELEMENT":"f.ED9453BD34BB61637EDB63CE7F048255.d.F38506F8FC64BAD96078AFB1B96AE76E.e.17110"}]}
COMMAND: GET /session/5635ff3a58dcb7e64f288300af2e9ad3/screenshot - {}
RESULT: {}
RESULT: {"script":"<script> [5351 bytes]","args":[{"element-6066-11e4-a52e-4f735466cecf":"f.ED9453BD34BB61637EDB63CE7F048255.d.F38506F8FC64BAD96078AFB1B96AE76E.e.17110","ELEMENT":"f.ED9453BD34BB61637EDB63CE7F048255.d.F38506F8FC64BAD96078AFB1B96AE76E.e.17110"}]}
COMMAND: GET /session/5635ff3a58dcb7e64f288300af2e9ad3/screenshot - {}
RESULT: {}
RESULT: {}
COMMAND: POST /session/5635ff3a58dcb7e64f288300af2e9ad3/element/f.ED9453BD34BB61637EDB63CE7F048255.d.F38506F8FC64BAD96078AFB1B96AE76E.e.17110/click - {}
RESULT: {}
COMMAND: GET /session/5635ff3a58dcb7e64f288300af2e9ad3/screenshot - {}
COMMAND: POST /session/5635ff3a58dcb7e64f288300af2e9ad3/execute/async - {"script":"<script> [1562 bytes]","args":[{"selector":{"id":"application-managecontracts-display-component---AddNewContract--projectDescription","interaction":{"idSuffix":"inner"}},"wdio_ui5_key":"applicationmanagecontracts-display-component---AddNewContract--projectDescription"}]}
RESULT: {}
RESULT: {"script":"<script> [1562 bytes]","args":[{"selector":{"id":"application-managecontracts-display-component---AddNewContract--projectDescription","interaction":{"idSuffix":"inner"}},"wdio_ui5_key":"applicationmanagecontracts-display-component---AddNewContract--projectDescription"}]}
RESULT: undefined
COMMAND: POST /session/5635ff3a58dcb7e64f288300af2e9ad3/execute/async - {"script":"<script> [776 bytes]","args":[{"enterText":"Contract WDIO","selector":{"id":"application-managecontracts-display-component---AddNewContract--projectDescription","interaction":{"idSuffix":"inner"}},"clearTextFirst":true,"interactionType":"ENTER_TEXT"}]}
RESULT: {"script":"<script> [776 bytes]","args":[{"enterText":"Contract WDIO","selector":{"id":"application-managecontracts-display-component---AddNewContract--projectDescription","interaction":{"idSuffix":"inner"}},"clearTextFirst":true,"interactionType":"ENTER_TEXT"}]}
COMMAND: POST /session/5635ff3a58dcb7e64f288300af2e9ad3/element - {"using":"xpath","value":"//input[@id=\"application-managecontracts-display-component---AddNewContract--site-inner\"]"}
RESULT: {"using":"xpath","value":"//input[@id=\"application-managecontracts-display-component---AddNewContract--site-inner\"]"}
COMMAND: POST /session/5635ff3a58dcb7e64f288300af2e9ad3/element/f.ED9453BD34BB61637EDB63CE7F048255.d.F38506F8FC64BAD96078AFB1B96AE76E.e.17431/clear - {}
RESULT: {}
COMMAND: POST /session/5635ff3a58dcb7e64f288300af2e9ad3/element/f.ED9453BD34BB61637EDB63CE7F048255.d.F38506F8FC64BAD96078AFB1B96AE76E.e.17431/value - {"text":"2212"}
COMMAND: GET /session/5635ff3a58dcb7e64f288300af2e9ad3/screenshot - {}
RESULT: {"text":"2212"}
COMMAND: GET /session/5635ff3a58dcb7e64f288300af2e9ad3/screenshot - {}
RESULT: {}
RESULT: {}
COMMAND: POST /session/5635ff3a58dcb7e64f288300af2e9ad3/element - {"using":"xpath","value":"//li[.//span[text()='2212']]"}
RESULT: {"using":"xpath","value":"//li[.//span[text()='2212']]"}
COMMAND: POST /session/5635ff3a58dcb7e64f288300af2e9ad3/element/f.ED9453BD34BB61637EDB63CE7F048255.d.F38506F8FC64BAD96078AFB1B96AE76E.e.17514/click - {}
RESULT: {}
COMMAND: GET /session/5635ff3a58dcb7e64f288300af2e9ad3/screenshot - {}
RESULT: {}
COMMAND: POST /session/5635ff3a58dcb7e64f288300af2e9ad3/element - {"using":"xpath","value":"//input[@id=\"application-managecontracts-display-component---AddNewContract--yardId-inner\"]"}
RESULT: {"using":"xpath","value":"//input[@id=\"application-managecontracts-display-component---AddNewContract--yardId-inner\"]"}
COMMAND: GET /session/5635ff3a58dcb7e64f288300af2e9ad3/element/f.ED9453BD34BB61637EDB63CE7F048255.d.F38506F8FC64BAD96078AFB1B96AE76E.e.17432/property/value - {}
RESULT: {}
COMMAND: POST /session/5635ff3a58dcb7e64f288300af2e9ad3/element - {"using":"xpath","value":"//input[@id=\"application-managecontracts-display-component---AddNewContract--customerSelect-inner\"]"}
COMMAND: GET /session/5635ff3a58dcb7e64f288300af2e9ad3/screenshot - {}
RESULT: {"using":"xpath","value":"//input[@id=\"application-managecontracts-display-component---AddNewContract--customerSelect-inner\"]"}
COMMAND: POST /session/5635ff3a58dcb7e64f288300af2e9ad3/element/f.ED9453BD34BB61637EDB63CE7F048255.d.F38506F8FC64BAD96078AFB1B96AE76E.e.17430/clear - {}
RESULT: {}
RESULT: {}
COMMAND: POST /session/5635ff3a58dcb7e64f288300af2e9ad3/element/f.ED9453BD34BB61637EDB63CE7F048255.d.F38506F8FC64BAD96078AFB1B96AE76E.e.17430/value - {"text":"1244"}
COMMAND: GET /session/5635ff3a58dcb7e64f288300af2e9ad3/screenshot - {}
RESULT: {"text":"1244"}
COMMAND: GET /session/5635ff3a58dcb7e64f288300af2e9ad3/screenshot - {}
RESULT: {}
RESULT: {}
COMMAND: POST /session/5635ff3a58dcb7e64f288300af2e9ad3/element - {"using":"xpath","value":"//li[.//span[text()='1244']]"}
RESULT: {"using":"xpath","value":"//li[.//span[text()='1244']]"}
COMMAND: POST /session/5635ff3a58dcb7e64f288300af2e9ad3/element/f.ED9453BD34BB61637EDB63CE7F048255.d.F38506F8FC64BAD96078AFB1B96AE76E.e.17517/click - {}
RESULT: {}
COMMAND: GET /session/5635ff3a58dcb7e64f288300af2e9ad3/screenshot - {}
RESULT: {}
COMMAND: POST /session/5635ff3a58dcb7e64f288300af2e9ad3/element - {"using":"xpath","value":"//button[@data-kt=\"saveButton\"]"}
RESULT: {"using":"xpath","value":"//button[@data-kt=\"saveButton\"]"}
COMMAND: POST /session/5635ff3a58dcb7e64f288300af2e9ad3/element/f.ED9453BD34BB61637EDB63CE7F048255.d.F38506F8FC64BAD96078AFB1B96AE76E.e.17507/click - {}
RESULT: {}
COMMAND: GET /session/5635ff3a58dcb7e64f288300af2e9ad3/screenshot - {}
RESULT: {}
COMMAND: POST /session/5635ff3a58dcb7e64f288300af2e9ad3/element - {"using":"xpath","value":"//span[contains(@id ,\"contractDetailTitleNoExpanded\")]"}
RESULT: {"using":"xpath","value":"//span[contains(@id ,\"contractDetailTitleNoExpanded\")]"}
COMMAND: POST /session/5635ff3a58dcb7e64f288300af2e9ad3/elements - {"using":"xpath","value":"//span[contains(@id ,\"contractDetailTitleNoExpanded\")]"}
RESULT: {"using":"xpath","value":"//span[contains(@id ,\"contractDetailTitleNoExpanded\")]"}
COMMAND: POST /session/5635ff3a58dcb7e64f288300af2e9ad3/execute/sync - {"script":"<script> [56 bytes]","args":[{"element-6066-11e4-a52e-4f735466cecf":"f.ED9453BD34BB61637EDB63CE7F048255.d.F38506F8FC64BAD96078AFB1B96AE76E.e.17531","ELEMENT":"f.ED9453BD34BB61637EDB63CE7F048255.d.F38506F8FC64BAD96078AFB1B96AE76E.e.17531"}]}
RESULT: {"script":"<script> [56 bytes]","args":[{"element-6066-11e4-a52e-4f735466cecf":"f.ED9453BD34BB61637EDB63CE7F048255.d.F38506F8FC64BAD96078AFB1B96AE76E.e.17531","ELEMENT":"f.ED9453BD34BB61637EDB63CE7F048255.d.F38506F8FC64BAD96078AFB1B96AE76E.e.17531"}]}
COMMAND: GET /session/5635ff3a58dcb7e64f288300af2e9ad3/screenshot - {}
RESULT: {}
]]></system-out>
    </testcase>
    <testcase classname="chrome.136_0_7103_93.windows.Billing_transfer_US117289" name="Should add created equipment to contract" time="47.806">
      <system-out><![CDATA[
COMMAND: POST /session/5635ff3a58dcb7e64f288300af2e9ad3/element - {"using":"xpath","value":"//button[@data-kt=\"contractDetailEditBtnButton\"]"}
RESULT: {"using":"xpath","value":"//button[@data-kt=\"contractDetailEditBtnButton\"]"}
COMMAND: POST /session/5635ff3a58dcb7e64f288300af2e9ad3/element/f.ED9453BD34BB61637EDB63CE7F048255.d.F38506F8FC64BAD96078AFB1B96AE76E.e.17532/click - {}
RESULT: {}
COMMAND: GET /session/5635ff3a58dcb7e64f288300af2e9ad3/screenshot - {}
RESULT: {}
COMMAND: POST /session/5635ff3a58dcb7e64f288300af2e9ad3/element - {"using":"xpath","value":"(//span[contains(text(), \"Additional Addresses\")])[2]"}
RESULT: {"using":"xpath","value":"(//span[contains(text(), \"Additional Addresses\")])[2]"}
COMMAND: POST /session/5635ff3a58dcb7e64f288300af2e9ad3/element/f.ED9453BD34BB61637EDB63CE7F048255.d.F38506F8FC64BAD96078AFB1B96AE76E.e.17589/click - {}
RESULT: {}
COMMAND: GET /session/5635ff3a58dcb7e64f288300af2e9ad3/screenshot - {}
RESULT: {}
COMMAND: POST /session/5635ff3a58dcb7e64f288300af2e9ad3/element - {"using":"xpath","value":"//button[@data-kt=\"btnAddTableRowOverflowToolbarButton\"]"}
RESULT: {"using":"xpath","value":"//button[@data-kt=\"btnAddTableRowOverflowToolbarButton\"]"}
COMMAND: POST /session/5635ff3a58dcb7e64f288300af2e9ad3/element/f.ED9453BD34BB61637EDB63CE7F048255.d.F38506F8FC64BAD96078AFB1B96AE76E.e.17591/click - {}
RESULT: {}
COMMAND: GET /session/5635ff3a58dcb7e64f288300af2e9ad3/screenshot - {}
RESULT: {}
COMMAND: POST /session/5635ff3a58dcb7e64f288300af2e9ad3/element - {"using":"xpath","value":"//div[(text() = 'Standard Entry' or . = 'Standard Entry')]"}
RESULT: {"using":"xpath","value":"//div[(text() = 'Standard Entry' or . = 'Standard Entry')]"}
COMMAND: POST /session/5635ff3a58dcb7e64f288300af2e9ad3/element/f.ED9453BD34BB61637EDB63CE7F048255.d.F38506F8FC64BAD96078AFB1B96AE76E.e.17593/click - {}
RESULT: {}
COMMAND: GET /session/5635ff3a58dcb7e64f288300af2e9ad3/screenshot - {}
RESULT: {}
COMMAND: POST /session/5635ff3a58dcb7e64f288300af2e9ad3/element - {"using":"xpath","value":"//td[7]/div/div/input"}
RESULT: {"using":"xpath","value":"//td[7]/div/div/input"}
COMMAND: POST /session/5635ff3a58dcb7e64f288300af2e9ad3/element/f.ED9453BD34BB61637EDB63CE7F048255.d.F38506F8FC64BAD96078AFB1B96AE76E.e.17602/clear - {}
RESULT: {}
COMMAND: POST /session/5635ff3a58dcb7e64f288300af2e9ad3/element/f.ED9453BD34BB61637EDB63CE7F048255.d.F38506F8FC64BAD96078AFB1B96AE76E.e.17602/value - {"text":"OtCxOOdRcu"}
COMMAND: GET /session/5635ff3a58dcb7e64f288300af2e9ad3/screenshot - {}
RESULT: {"text":"OtCxOOdRcu"}
COMMAND: GET /session/5635ff3a58dcb7e64f288300af2e9ad3/screenshot - {}
RESULT: {}
RESULT: {}
COMMAND: POST /session/5635ff3a58dcb7e64f288300af2e9ad3/actions - {"actions":[{"id":"action57","type":"key","parameters":{},"actions":[{"type":"keyDown","value":""},{"type":"pause","duration":10},{"type":"keyUp","value":""}]}]}
RESULT: {"actions":[{"id":"action57","type":"key","parameters":{},"actions":[{"type":"keyDown","value":""},{"type":"pause","duration":10},{"type":"keyUp","value":""}]}]}
COMMAND: GET /session/5635ff3a58dcb7e64f288300af2e9ad3/screenshot - {}
RESULT: {}
COMMAND: POST /session/5635ff3a58dcb7e64f288300af2e9ad3/execute/sync - {"script":"<script> [276 bytes]","args":["No pricing information was found"]}
RESULT: {"script":"<script> [276 bytes]","args":["No pricing information was found"]}
COMMAND: POST /session/5635ff3a58dcb7e64f288300af2e9ad3/element - {"using":"xpath","value":"(//button[@data-kt=\"saveButton\"])[2]"}
COMMAND: GET /session/5635ff3a58dcb7e64f288300af2e9ad3/screenshot - {}
RESULT: {"using":"xpath","value":"(//button[@data-kt=\"saveButton\"])[2]"}
COMMAND: POST /session/5635ff3a58dcb7e64f288300af2e9ad3/element/f.ED9453BD34BB61637EDB63CE7F048255.d.F38506F8FC64BAD96078AFB1B96AE76E.e.17617/click - {}
RESULT: {}
RESULT: {}
COMMAND: GET /session/5635ff3a58dcb7e64f288300af2e9ad3/screenshot - {}
RESULT: {}
COMMAND: POST /session/5635ff3a58dcb7e64f288300af2e9ad3/execute/sync - {"script":"<script> [276 bytes]","args":["Some contract items are having rental validity exceeding header rental validity"]}
RESULT: {"script":"<script> [276 bytes]","args":["Some contract items are having rental validity exceeding header rental validity"]}
COMMAND: GET /session/5635ff3a58dcb7e64f288300af2e9ad3/screenshot - {}
RESULT: {}
COMMAND: POST /session/5635ff3a58dcb7e64f288300af2e9ad3/element - {"using":"xpath","value":"//span[contains(@id ,\"contractItemsSmartTable-header-inner\")]"}
RESULT: {"using":"xpath","value":"//span[contains(@id ,\"contractItemsSmartTable-header-inner\")]"}
COMMAND: POST /session/5635ff3a58dcb7e64f288300af2e9ad3/elements - {"using":"xpath","value":"//span[contains(@id ,\"contractItemsSmartTable-header-inner\")]"}
RESULT: {"using":"xpath","value":"//span[contains(@id ,\"contractItemsSmartTable-header-inner\")]"}
COMMAND: POST /session/5635ff3a58dcb7e64f288300af2e9ad3/execute/sync - {"script":"<script> [56 bytes]","args":[{"element-6066-11e4-a52e-4f735466cecf":"f.ED9453BD34BB61637EDB63CE7F048255.d.F38506F8FC64BAD96078AFB1B96AE76E.e.17624","ELEMENT":"f.ED9453BD34BB61637EDB63CE7F048255.d.F38506F8FC64BAD96078AFB1B96AE76E.e.17624"}]}
RESULT: {"script":"<script> [56 bytes]","args":[{"element-6066-11e4-a52e-4f735466cecf":"f.ED9453BD34BB61637EDB63CE7F048255.d.F38506F8FC64BAD96078AFB1B96AE76E.e.17624","ELEMENT":"f.ED9453BD34BB61637EDB63CE7F048255.d.F38506F8FC64BAD96078AFB1B96AE76E.e.17624"}]}
]]></system-out>
    </testcase>
    <testcase classname="chrome.136_0_7103_93.windows.Billing_transfer_US117289" name="Should do a provide to site handover" time="56.335">
      <system-out><![CDATA[
COMMAND: POST /session/5635ff3a58dcb7e64f288300af2e9ad3/element - {"using":"xpath","value":"//button[@data-kt=\"provideButton\"]"}
COMMAND: GET /session/5635ff3a58dcb7e64f288300af2e9ad3/screenshot - {}
RESULT: {"using":"xpath","value":"//button[@data-kt=\"provideButton\"]"}
COMMAND: POST /session/5635ff3a58dcb7e64f288300af2e9ad3/element/f.ED9453BD34BB61637EDB63CE7F048255.d.F38506F8FC64BAD96078AFB1B96AE76E.e.17625/click - {}
RESULT: {}
RESULT: {}
COMMAND: GET /session/5635ff3a58dcb7e64f288300af2e9ad3/screenshot - {}
RESULT: undefined
COMMAND: POST /session/5635ff3a58dcb7e64f288300af2e9ad3/execute/async - {"script":"<script> [6424 bytes]","args":[{"element-6066-11e4-a52e-4f735466cecf":"f.ED9453BD34BB61637EDB63CE7F048255.d.F38506F8FC64BAD96078AFB1B96AE76E.e.16655"},"setValue",["5/28/25"]]}
RESULT: {}
COMMAND: POST /session/5635ff3a58dcb7e64f288300af2e9ad3/execute/async - {"script":"<script> [1562 bytes]","args":[{"selector":{"id":"application-managehandovers-display-component---AddNewHO--dueDate","interaction":{"idSuffix":"inner"}},"wdio_ui5_key":"applicationmanagehandovers-display-component---AddNewHO--dueDate"}]}
RESULT: {"script":"<script> [1562 bytes]","args":[{"selector":{"id":"application-managehandovers-display-component---AddNewHO--dueDate","interaction":{"idSuffix":"inner"}},"wdio_ui5_key":"applicationmanagehandovers-display-component---AddNewHO--dueDate"}]}
COMMAND: POST /session/5635ff3a58dcb7e64f288300af2e9ad3/execute/async - {"script":"<script> [6424 bytes]","args":[{"element-6066-11e4-a52e-4f735466cecf":"f.ED9453BD34BB61637EDB63CE7F048255.d.F38506F8FC64BAD96078AFB1B96AE76E.e.17682"},"setValue",["5/28/25"]]}
RESULT: {"script":"<script> [6424 bytes]","args":[{"element-6066-11e4-a52e-4f735466cecf":"f.ED9453BD34BB61637EDB63CE7F048255.d.F38506F8FC64BAD96078AFB1B96AE76E.e.17682"},"setValue",["5/28/25"]]}
COMMAND: POST /session/5635ff3a58dcb7e64f288300af2e9ad3/element - {"using":"xpath","value":"//bdi[contains(text(), \"Instructions\")]"}
RESULT: {"using":"xpath","value":"//bdi[contains(text(), \"Instructions\")]"}
COMMAND: POST /session/5635ff3a58dcb7e64f288300af2e9ad3/element/f.ED9453BD34BB61637EDB63CE7F048255.d.F38506F8FC64BAD96078AFB1B96AE76E.e.17942/click - {}
RESULT: {}
COMMAND: GET /session/5635ff3a58dcb7e64f288300af2e9ad3/screenshot - {}
RESULT: {}
COMMAND: POST /session/5635ff3a58dcb7e64f288300af2e9ad3/element - {"using":"xpath","value":"//button[@data-kt=\"AddNewHOProvideAddItemsButton\"]"}
RESULT: {"using":"xpath","value":"//button[@data-kt=\"AddNewHOProvideAddItemsButton\"]"}
COMMAND: POST /session/5635ff3a58dcb7e64f288300af2e9ad3/element/f.ED9453BD34BB61637EDB63CE7F048255.d.F38506F8FC64BAD96078AFB1B96AE76E.e.17948/click - {}
RESULT: {}
COMMAND: GET /session/5635ff3a58dcb7e64f288300af2e9ad3/screenshot - {}
RESULT: {}
RESULT: undefined
COMMAND: POST /session/5635ff3a58dcb7e64f288300af2e9ad3/element - {"using":"xpath","value":"//*[@id=\"application-managehandovers-display-component---AddNewHO--popup-sa\"]"}
RESULT: {"using":"xpath","value":"//*[@id=\"application-managehandovers-display-component---AddNewHO--popup-sa\"]"}
COMMAND: POST /session/5635ff3a58dcb7e64f288300af2e9ad3/element/f.ED9453BD34BB61637EDB63CE7F048255.d.F38506F8FC64BAD96078AFB1B96AE76E.e.17963/click - {}
RESULT: {}
COMMAND: GET /session/5635ff3a58dcb7e64f288300af2e9ad3/screenshot - {}
RESULT: {}
COMMAND: POST /session/5635ff3a58dcb7e64f288300af2e9ad3/element - {"using":"xpath","value":"//*[contains(@id ,\"BDI-content\")][contains(text(), \"Select\")]"}
RESULT: {"using":"xpath","value":"//*[contains(@id ,\"BDI-content\")][contains(text(), \"Select\")]"}
COMMAND: POST /session/5635ff3a58dcb7e64f288300af2e9ad3/element/f.ED9453BD34BB61637EDB63CE7F048255.d.F38506F8FC64BAD96078AFB1B96AE76E.e.17965/click - {}
RESULT: {}
COMMAND: GET /session/5635ff3a58dcb7e64f288300af2e9ad3/screenshot - {}
RESULT: {}
COMMAND: POST /session/5635ff3a58dcb7e64f288300af2e9ad3/execute/async - {"script":"<script> [1562 bytes]","args":[{"selector":{"id":"application-managehandovers-display-component---AddNewHO--confirmCreationButton","interaction":{"idSuffix":"BDI-content"}},"wdio_ui5_key":"applicationmanagehandovers-display-component---AddNewHO--confirmCreationButton"}]}
RESULT: {"script":"<script> [1562 bytes]","args":[{"selector":{"id":"application-managehandovers-display-component---AddNewHO--confirmCreationButton","interaction":{"idSuffix":"BDI-content"}},"wdio_ui5_key":"applicationmanagehandovers-display-component---AddNewHO--confirmCreationButton"}]}
RESULT: undefined
COMMAND: POST /session/5635ff3a58dcb7e64f288300af2e9ad3/element - {"using":"xpath","value":"//*[@id=\"application-managehandovers-display-component---AddNewHO--confirmCreationButton\"]"}
RESULT: {"using":"xpath","value":"//*[@id=\"application-managehandovers-display-component---AddNewHO--confirmCreationButton\"]"}
COMMAND: POST /session/5635ff3a58dcb7e64f288300af2e9ad3/element/f.ED9453BD34BB61637EDB63CE7F048255.d.F38506F8FC64BAD96078AFB1B96AE76E.e.17754/click - {}
RESULT: {}
COMMAND: GET /session/5635ff3a58dcb7e64f288300af2e9ad3/screenshot - {}
RESULT: {}
COMMAND: POST /session/5635ff3a58dcb7e64f288300af2e9ad3/execute/async - {"script":"<script> [1562 bytes]","args":[{"selector":{"id":"issueDatePicker","viewName":"etm.portal.ui.managehandovers.view.DetailExecuteHO","interaction":{"idSuffix":"inner"}},"wdio_ui5_key":"issueDatePickeretmportal.ui.managehandovers.view.DetailExecuteHO"}]}
RESULT: {"script":"<script> [1562 bytes]","args":[{"selector":{"id":"issueDatePicker","viewName":"etm.portal.ui.managehandovers.view.DetailExecuteHO","interaction":{"idSuffix":"inner"}},"wdio_ui5_key":"issueDatePickeretmportal.ui.managehandovers.view.DetailExecuteHO"}]}
RESULT: undefined
COMMAND: POST /session/5635ff3a58dcb7e64f288300af2e9ad3/execute/async - {"script":"<script> [776 bytes]","args":[{"enterText":"5/28/25","selector":{"id":"issueDatePicker","viewName":"etm.portal.ui.managehandovers.view.DetailExecuteHO","interaction":{"idSuffix":"inner"}},"clearTextFirst":true,"interactionType":"ENTER_TEXT"}]}
RESULT: {"script":"<script> [776 bytes]","args":[{"enterText":"5/28/25","selector":{"id":"issueDatePicker","viewName":"etm.portal.ui.managehandovers.view.DetailExecuteHO","interaction":{"idSuffix":"inner"}},"clearTextFirst":true,"interactionType":"ENTER_TEXT"}]}
COMMAND: POST /session/5635ff3a58dcb7e64f288300af2e9ad3/element - {"using":"xpath","value":"//button[@data-kt=\"PickingTableConfirmAllButton\"]"}
RESULT: {"using":"xpath","value":"//button[@data-kt=\"PickingTableConfirmAllButton\"]"}
COMMAND: POST /session/5635ff3a58dcb7e64f288300af2e9ad3/element/f.ED9453BD34BB61637EDB63CE7F048255.d.F38506F8FC64BAD96078AFB1B96AE76E.e.18026/click - {}
RESULT: {}
COMMAND: GET /session/5635ff3a58dcb7e64f288300af2e9ad3/screenshot - {}
RESULT: {}
COMMAND: POST /session/5635ff3a58dcb7e64f288300af2e9ad3/element - {"using":"xpath","value":"//bdi[contains(text(), \"OK\")]"}
RESULT: {"using":"xpath","value":"//bdi[contains(text(), \"OK\")]"}
COMMAND: POST /session/5635ff3a58dcb7e64f288300af2e9ad3/element/f.ED9453BD34BB61637EDB63CE7F048255.d.F38506F8FC64BAD96078AFB1B96AE76E.e.18029/click - {}
RESULT: {}
COMMAND: GET /session/5635ff3a58dcb7e64f288300af2e9ad3/screenshot - {}
RESULT: {}
COMMAND: POST /session/5635ff3a58dcb7e64f288300af2e9ad3/element - {"using":"xpath","value":"//bdi[contains(text(), \"Issue\")]"}
RESULT: {"using":"xpath","value":"//bdi[contains(text(), \"Issue\")]"}
COMMAND: POST /session/5635ff3a58dcb7e64f288300af2e9ad3/element/f.ED9453BD34BB61637EDB63CE7F048255.d.F38506F8FC64BAD96078AFB1B96AE76E.e.18031/click - {}
RESULT: {}
COMMAND: GET /session/5635ff3a58dcb7e64f288300af2e9ad3/screenshot - {}
RESULT: {}
COMMAND: POST /session/5635ff3a58dcb7e64f288300af2e9ad3/element - {"using":"css selector","value":"#shell-header-logo"}
RESULT: {"using":"css selector","value":"#shell-header-logo"}
COMMAND: POST /session/5635ff3a58dcb7e64f288300af2e9ad3/element/f.ED9453BD34BB61637EDB63CE7F048255.d.F38506F8FC64BAD96078AFB1B96AE76E.e.17066/click - {}
RESULT: {}
COMMAND: GET /session/5635ff3a58dcb7e64f288300af2e9ad3/screenshot - {}
RESULT: {}
]]></system-out>
    </testcase>
    <testcase classname="chrome.136_0_7103_93.windows.Billing_transfer_US117289" name="Should navigate to Manage Billings and trigger contract calculation business confirm it" time="68.436">
      <system-out><![CDATA[
COMMAND: POST /session/5635ff3a58dcb7e64f288300af2e9ad3/execute/async - {"script":"<script> [1562 bytes]","args":[{"selector":{"controlType":"sap.m.GenericTile","properties":{"header":"Manage Billings"}},"wdio_ui5_key":"sapm.GenericTile{\"header\":\"Manage Billings\"}"}]}
RESULT: {"script":"<script> [1562 bytes]","args":[{"selector":{"controlType":"sap.m.GenericTile","properties":{"header":"Manage Billings"}},"wdio_ui5_key":"sapm.GenericTile{\"header\":\"Manage Billings\"}"}]}
RESULT: undefined
COMMAND: POST /session/5635ff3a58dcb7e64f288300af2e9ad3/element - {"using":"xpath","value":"//*[@id=\"__tile51\"]"}
RESULT: {"using":"xpath","value":"//*[@id=\"__tile51\"]"}
COMMAND: POST /session/5635ff3a58dcb7e64f288300af2e9ad3/element/f.ED9453BD34BB61637EDB63CE7F048255.d.F38506F8FC64BAD96078AFB1B96AE76E.e.15205/click - {}
RESULT: {}
COMMAND: GET /session/5635ff3a58dcb7e64f288300af2e9ad3/screenshot - {}
RESULT: {}
COMMAND: POST /session/5635ff3a58dcb7e64f288300af2e9ad3/elements - {"using":"xpath","value":"//span[text()='Error']"}
RESULT: {"using":"xpath","value":"//span[text()='Error']"}
COMMAND: POST /session/5635ff3a58dcb7e64f288300af2e9ad3/execute/async - {"script":"<script> [1562 bytes]","args":[{"selector":{"id":"application-managebillings-display-component---billRunCalcResult--smartFilterBar-btnBasicSearch","interaction":{"idSuffix":"I"}},"wdio_ui5_key":"applicationmanagebillings-display-component---billRunCalcResult--smartFilterBar-btnBasicSearch"}]}
RESULT: {"script":"<script> [1562 bytes]","args":[{"selector":{"id":"application-managebillings-display-component---billRunCalcResult--smartFilterBar-btnBasicSearch","interaction":{"idSuffix":"I"}},"wdio_ui5_key":"applicationmanagebillings-display-component---billRunCalcResult--smartFilterBar-btnBasicSearch"}]}
RESULT: undefined
COMMAND: POST /session/5635ff3a58dcb7e64f288300af2e9ad3/execute/async - {"script":"<script> [776 bytes]","args":[{"enterText":"10353","selector":{"id":"application-managebillings-display-component---billRunCalcResult--smartFilterBar-btnBasicSearch","interaction":{"idSuffix":"I"}},"clearTextFirst":true,"interactionType":"ENTER_TEXT"}]}
RESULT: {"script":"<script> [776 bytes]","args":[{"enterText":"10353","selector":{"id":"application-managebillings-display-component---billRunCalcResult--smartFilterBar-btnBasicSearch","interaction":{"idSuffix":"I"}},"clearTextFirst":true,"interactionType":"ENTER_TEXT"}]}
COMMAND: POST /session/5635ff3a58dcb7e64f288300af2e9ad3/actions - {"actions":[{"id":"action58","type":"key","parameters":{},"actions":[{"type":"keyDown","value":""},{"type":"pause","duration":10},{"type":"keyUp","value":""}]}]}
RESULT: {"actions":[{"id":"action58","type":"key","parameters":{},"actions":[{"type":"keyDown","value":""},{"type":"pause","duration":10},{"type":"keyUp","value":""}]}]}
COMMAND: GET /session/5635ff3a58dcb7e64f288300af2e9ad3/screenshot - {}
RESULT: {}
COMMAND: POST /session/5635ff3a58dcb7e64f288300af2e9ad3/element - {"using":"xpath","value":"//td[@aria-colindex=\"1\"]/div/div[contains(@class, \"sapMCbBg\")]"}
RESULT: {"using":"xpath","value":"//td[@aria-colindex=\"1\"]/div/div[contains(@class, \"sapMCbBg\")]"}
COMMAND: POST /session/5635ff3a58dcb7e64f288300af2e9ad3/element/f.ED9453BD34BB61637EDB63CE7F048255.d.F38506F8FC64BAD96078AFB1B96AE76E.e.18431/click - {}
RESULT: {}
COMMAND: GET /session/5635ff3a58dcb7e64f288300af2e9ad3/screenshot - {}
RESULT: {}
COMMAND: POST /session/5635ff3a58dcb7e64f288300af2e9ad3/execute/async - {"script":"<script> [1562 bytes]","args":[{"selector":{"id":"application-managebillings-display-component---billRunCalcResult--contractBillRunDate","interaction":{"idSuffix":"inner"}},"wdio_ui5_key":"applicationmanagebillings-display-component---billRunCalcResult--contractBillRunDate"}]}
RESULT: {"script":"<script> [1562 bytes]","args":[{"selector":{"id":"application-managebillings-display-component---billRunCalcResult--contractBillRunDate","interaction":{"idSuffix":"inner"}},"wdio_ui5_key":"applicationmanagebillings-display-component---billRunCalcResult--contractBillRunDate"}]}
RESULT: undefined
COMMAND: POST /session/5635ff3a58dcb7e64f288300af2e9ad3/execute/async - {"script":"<script> [776 bytes]","args":[{"enterText":"6/28/25","selector":{"id":"application-managebillings-display-component---billRunCalcResult--contractBillRunDate","interaction":{"idSuffix":"inner"}},"clearTextFirst":true,"interactionType":"ENTER_TEXT"}]}
RESULT: {"script":"<script> [776 bytes]","args":[{"enterText":"6/28/25","selector":{"id":"application-managebillings-display-component---billRunCalcResult--contractBillRunDate","interaction":{"idSuffix":"inner"}},"clearTextFirst":true,"interactionType":"ENTER_TEXT"}]}
COMMAND: POST /session/5635ff3a58dcb7e64f288300af2e9ad3/element - {"using":"xpath","value":"//bdi[contains(text(), \"Trigger Calculation\")]"}
RESULT: {"using":"xpath","value":"//bdi[contains(text(), \"Trigger Calculation\")]"}
COMMAND: POST /session/5635ff3a58dcb7e64f288300af2e9ad3/element/f.ED9453BD34BB61637EDB63CE7F048255.d.F38506F8FC64BAD96078AFB1B96AE76E.e.18481/click - {}
RESULT: {}
COMMAND: GET /session/5635ff3a58dcb7e64f288300af2e9ad3/screenshot - {}
RESULT: {}
COMMAND: POST /session/5635ff3a58dcb7e64f288300af2e9ad3/element - {"using":"xpath","value":"(//span[contains(@id, \"imgNav\")])[1]"}
RESULT: {"using":"xpath","value":"(//span[contains(@id, \"imgNav\")])[1]"}
COMMAND: POST /session/5635ff3a58dcb7e64f288300af2e9ad3/element/f.ED9453BD34BB61637EDB63CE7F048255.d.F38506F8FC64BAD96078AFB1B96AE76E.e.18432/click - {}
RESULT: {}
COMMAND: GET /session/5635ff3a58dcb7e64f288300af2e9ad3/screenshot - {}
RESULT: {}
COMMAND: POST /session/5635ff3a58dcb7e64f288300af2e9ad3/execute/async - {"script":"<script> [1562 bytes]","args":[{"selector":{"controlType":"sap.ui.core.Icon","viewName":"etm.portal.ui.managebillings.view.Master","viewId":"application-managebillings-display-component---billRunCalcResult","properties":{"src":{"regex":{"source":"slim\\-arrow\\-right"}}}},"wdio_ui5_key":"etmportal.ui.managebillings.view.Mastersap.ui.core.Icon{\"src\":{\"regex\":{\"source\":\"slim\\\\-arrow\\\\-right\"}}}"}]}
RESULT: {"script":"<script> [1562 bytes]","args":[{"selector":{"controlType":"sap.ui.core.Icon","viewName":"etm.portal.ui.managebillings.view.Master","viewId":"application-managebillings-display-component---billRunCalcResult","properties":{"src":{"regex":{"source":"slim\\-arrow\\-right"}}}},"wdio_ui5_key":"etmportal.ui.managebillings.view.Mastersap.ui.core.Icon{\"src\":{\"regex\":{\"source\":\"slim\\\\-arrow\\\\-right\"}}}"}]}
RESULT: undefined
COMMAND: POST /session/5635ff3a58dcb7e64f288300af2e9ad3/element - {"using":"xpath","value":"//*[@id=\"__item1858-application-managebillings-display-component---billRunCalcResult--billingRunsTable-0-imgNav\"]"}
RESULT: {"using":"xpath","value":"//*[@id=\"__item1858-application-managebillings-display-component---billRunCalcResult--billingRunsTable-0-imgNav\"]"}
COMMAND: POST /session/5635ff3a58dcb7e64f288300af2e9ad3/element/f.ED9453BD34BB61637EDB63CE7F048255.d.F38506F8FC64BAD96078AFB1B96AE76E.e.18486/click - {}
RESULT: {}
COMMAND: POST /session/5635ff3a58dcb7e64f288300af2e9ad3/execute/async - {"script":"<script> [1562 bytes]","args":[{"selector":{"id":"application-managebillings-display-component---billRunCalcResult--btnConf","interaction":{"idSuffix":"BDI-content"}},"wdio_ui5_key":"applicationmanagebillings-display-component---billRunCalcResult--btnConf"}]}
COMMAND: GET /session/5635ff3a58dcb7e64f288300af2e9ad3/screenshot - {}
RESULT: {"script":"<script> [1562 bytes]","args":[{"selector":{"id":"application-managebillings-display-component---billRunCalcResult--btnConf","interaction":{"idSuffix":"BDI-content"}},"wdio_ui5_key":"applicationmanagebillings-display-component---billRunCalcResult--btnConf"}]}
RESULT: undefined
COMMAND: POST /session/5635ff3a58dcb7e64f288300af2e9ad3/element - {"using":"xpath","value":"//*[@id=\"application-managebillings-display-component---billRunCalcResult--btnConf\"]"}
RESULT: {}
RESULT: {"using":"xpath","value":"//*[@id=\"application-managebillings-display-component---billRunCalcResult--btnConf\"]"}
COMMAND: POST /session/5635ff3a58dcb7e64f288300af2e9ad3/element/f.ED9453BD34BB61637EDB63CE7F048255.d.F38506F8FC64BAD96078AFB1B96AE76E.e.18516/click - {}
RESULT: {}
COMMAND: POST /session/5635ff3a58dcb7e64f288300af2e9ad3/element - {"using":"css selector","value":"#shell-header-logo"}
COMMAND: GET /session/5635ff3a58dcb7e64f288300af2e9ad3/screenshot - {}
RESULT: {"using":"css selector","value":"#shell-header-logo"}
COMMAND: POST /session/5635ff3a58dcb7e64f288300af2e9ad3/element/f.ED9453BD34BB61637EDB63CE7F048255.d.F38506F8FC64BAD96078AFB1B96AE76E.e.18213/click - {}
RESULT: {}
RESULT: {}
COMMAND: GET /session/5635ff3a58dcb7e64f288300af2e9ad3/screenshot - {}
RESULT: {}
]]></system-out>
    </testcase>
    <testcase classname="chrome.136_0_7103_93.windows.Billing_transfer_US117289" name="Should trigger Billing Transfer process all the way to completion" time="76.187">
      <system-out><![CDATA[
COMMAND: POST /session/5635ff3a58dcb7e64f288300af2e9ad3/execute/async - {"script":"<script> [1562 bytes]","args":[{"selector":{"controlType":"sap.m.GenericTile","properties":{"header":"Billing Transfer"}},"wdio_ui5_key":"sapm.GenericTile{\"header\":\"Billing Transfer\"}"}]}
RESULT: {"script":"<script> [1562 bytes]","args":[{"selector":{"controlType":"sap.m.GenericTile","properties":{"header":"Billing Transfer"}},"wdio_ui5_key":"sapm.GenericTile{\"header\":\"Billing Transfer\"}"}]}
RESULT: undefined
COMMAND: POST /session/5635ff3a58dcb7e64f288300af2e9ad3/element - {"using":"xpath","value":"//*[@id=\"__tile50\"]"}
RESULT: {"using":"xpath","value":"//*[@id=\"__tile50\"]"}
COMMAND: POST /session/5635ff3a58dcb7e64f288300af2e9ad3/element/f.ED9453BD34BB61637EDB63CE7F048255.d.F38506F8FC64BAD96078AFB1B96AE76E.e.15203/click - {}
RESULT: {}
COMMAND: GET /session/5635ff3a58dcb7e64f288300af2e9ad3/screenshot - {}
RESULT: {}
COMMAND: POST /session/5635ff3a58dcb7e64f288300af2e9ad3/elements - {"using":"xpath","value":"//span[text()='Error']"}
RESULT: {"using":"xpath","value":"//span[text()='Error']"}
COMMAND: POST /session/5635ff3a58dcb7e64f288300af2e9ad3/element - {"using":"xpath","value":"//input[contains(@id ,\"application-billingtransfer-display-component---billingWorkbench--smartFilterBar-btnBasicSearch\")]"}
RESULT: {"using":"xpath","value":"//input[contains(@id ,\"application-billingtransfer-display-component---billingWorkbench--smartFilterBar-btnBasicSearch\")]"}
COMMAND: POST /session/5635ff3a58dcb7e64f288300af2e9ad3/elements - {"using":"xpath","value":"//input[contains(@id ,\"application-billingtransfer-display-component---billingWorkbench--smartFilterBar-btnBasicSearch\")]"}
RESULT: {"using":"xpath","value":"//input[contains(@id ,\"application-billingtransfer-display-component---billingWorkbench--smartFilterBar-btnBasicSearch\")]"}
COMMAND: POST /session/5635ff3a58dcb7e64f288300af2e9ad3/execute/sync - {"script":"<script> [8489 bytes]","args":[{"element-6066-11e4-a52e-4f735466cecf":"f.ED9453BD34BB61637EDB63CE7F048255.d.F38506F8FC64BAD96078AFB1B96AE76E.e.18550","ELEMENT":"f.ED9453BD34BB61637EDB63CE7F048255.d.F38506F8FC64BAD96078AFB1B96AE76E.e.18550"}]}
RESULT: {"script":"<script> [8489 bytes]","args":[{"element-6066-11e4-a52e-4f735466cecf":"f.ED9453BD34BB61637EDB63CE7F048255.d.F38506F8FC64BAD96078AFB1B96AE76E.e.18550","ELEMENT":"f.ED9453BD34BB61637EDB63CE7F048255.d.F38506F8FC64BAD96078AFB1B96AE76E.e.18550"}]}
COMMAND: GET /session/5635ff3a58dcb7e64f288300af2e9ad3/element/f.ED9453BD34BB61637EDB63CE7F048255.d.F38506F8FC64BAD96078AFB1B96AE76E.e.18550/enabled - {}
COMMAND: GET /session/5635ff3a58dcb7e64f288300af2e9ad3/screenshot - {}
RESULT: {}
COMMAND: POST /session/5635ff3a58dcb7e64f288300af2e9ad3/element/f.ED9453BD34BB61637EDB63CE7F048255.d.F38506F8FC64BAD96078AFB1B96AE76E.e.18550/click - {}
COMMAND: GET /session/5635ff3a58dcb7e64f288300af2e9ad3/screenshot - {}
RESULT: {}
RESULT: {}
COMMAND: GET /session/5635ff3a58dcb7e64f288300af2e9ad3/screenshot - {}
RESULT: {}
RESULT: {}
COMMAND: POST /session/5635ff3a58dcb7e64f288300af2e9ad3/element/f.ED9453BD34BB61637EDB63CE7F048255.d.F38506F8FC64BAD96078AFB1B96AE76E.e.18550/clear - {}
RESULT: {}
COMMAND: POST /session/5635ff3a58dcb7e64f288300af2e9ad3/element/f.ED9453BD34BB61637EDB63CE7F048255.d.F38506F8FC64BAD96078AFB1B96AE76E.e.18550/value - {"text":"10353"}
COMMAND: GET /session/5635ff3a58dcb7e64f288300af2e9ad3/screenshot - {}
RESULT: {"text":"10353"}
COMMAND: POST /session/5635ff3a58dcb7e64f288300af2e9ad3/actions - {"actions":[{"id":"action59","type":"key","parameters":{},"actions":[{"type":"keyDown","value":""},{"type":"pause","duration":10},{"type":"keyUp","value":""}]}]}
COMMAND: GET /session/5635ff3a58dcb7e64f288300af2e9ad3/screenshot - {}
RESULT: {}
RESULT: {"actions":[{"id":"action59","type":"key","parameters":{},"actions":[{"type":"keyDown","value":""},{"type":"pause","duration":10},{"type":"keyUp","value":""}]}]}
COMMAND: GET /session/5635ff3a58dcb7e64f288300af2e9ad3/screenshot - {}
RESULT: {}
RESULT: {}
COMMAND: POST /session/5635ff3a58dcb7e64f288300af2e9ad3/element - {"using":"xpath","value":"//span[contains(@id ,\"application-billingtransfer-display-component---billingWorkbench--smartTableBillingRuns-header-inner\")]"}
RESULT: {"using":"xpath","value":"//span[contains(@id ,\"application-billingtransfer-display-component---billingWorkbench--smartTableBillingRuns-header-inner\")]"}
COMMAND: POST /session/5635ff3a58dcb7e64f288300af2e9ad3/elements - {"using":"xpath","value":"//span[contains(@id ,\"application-billingtransfer-display-component---billingWorkbench--smartTableBillingRuns-header-inner\")]"}
RESULT: {"using":"xpath","value":"//span[contains(@id ,\"application-billingtransfer-display-component---billingWorkbench--smartTableBillingRuns-header-inner\")]"}
COMMAND: POST /session/5635ff3a58dcb7e64f288300af2e9ad3/execute/sync - {"script":"<script> [56 bytes]","args":[{"element-6066-11e4-a52e-4f735466cecf":"f.ED9453BD34BB61637EDB63CE7F048255.d.F38506F8FC64BAD96078AFB1B96AE76E.e.18923","ELEMENT":"f.ED9453BD34BB61637EDB63CE7F048255.d.F38506F8FC64BAD96078AFB1B96AE76E.e.18923"}]}
RESULT: {"script":"<script> [56 bytes]","args":[{"element-6066-11e4-a52e-4f735466cecf":"f.ED9453BD34BB61637EDB63CE7F048255.d.F38506F8FC64BAD96078AFB1B96AE76E.e.18923","ELEMENT":"f.ED9453BD34BB61637EDB63CE7F048255.d.F38506F8FC64BAD96078AFB1B96AE76E.e.18923"}]}
COMMAND: POST /session/5635ff3a58dcb7e64f288300af2e9ad3/element - {"using":"xpath","value":"//td[@aria-colindex=\"1\"]/div/div[contains(@class, \"sapMCbBg\")]"}
COMMAND: GET /session/5635ff3a58dcb7e64f288300af2e9ad3/screenshot - {}
RESULT: {"using":"xpath","value":"//td[@aria-colindex=\"1\"]/div/div[contains(@class, \"sapMCbBg\")]"}
COMMAND: POST /session/5635ff3a58dcb7e64f288300af2e9ad3/element/f.ED9453BD34BB61637EDB63CE7F048255.d.F38506F8FC64BAD96078AFB1B96AE76E.e.18916/click - {}
RESULT: {}
RESULT: {}
COMMAND: GET /session/5635ff3a58dcb7e64f288300af2e9ad3/screenshot - {}
RESULT: {}
COMMAND: POST /session/5635ff3a58dcb7e64f288300af2e9ad3/element - {"using":"xpath","value":"//bdi[contains(text(), \"Check\")]"}
RESULT: {"using":"xpath","value":"//bdi[contains(text(), \"Check\")]"}
COMMAND: POST /session/5635ff3a58dcb7e64f288300af2e9ad3/element/f.ED9453BD34BB61637EDB63CE7F048255.d.F38506F8FC64BAD96078AFB1B96AE76E.e.18924/click - {}
RESULT: {}
COMMAND: GET /session/5635ff3a58dcb7e64f288300af2e9ad3/screenshot - {}
RESULT: {}
COMMAND: POST /session/5635ff3a58dcb7e64f288300af2e9ad3/element - {"using":"xpath","value":"//bdi[contains(text(), \"OK\")]"}
RESULT: {"using":"xpath","value":"//bdi[contains(text(), \"OK\")]"}
COMMAND: POST /session/5635ff3a58dcb7e64f288300af2e9ad3/element/f.ED9453BD34BB61637EDB63CE7F048255.d.F38506F8FC64BAD96078AFB1B96AE76E.e.18927/click - {}
RESULT: {}
COMMAND: GET /session/5635ff3a58dcb7e64f288300af2e9ad3/screenshot - {}
RESULT: {}
COMMAND: POST /session/5635ff3a58dcb7e64f288300af2e9ad3/element - {"using":"xpath","value":"(//span[contains(text(), \"CO/SD checked\")]/parent::div/preceding-sibling::div/span)[1]"}
RESULT: {"using":"xpath","value":"(//span[contains(text(), \"CO/SD checked\")]/parent::div/preceding-sibling::div/span)[1]"}
COMMAND: POST /session/5635ff3a58dcb7e64f288300af2e9ad3/element/f.ED9453BD34BB61637EDB63CE7F048255.d.F38506F8FC64BAD96078AFB1B96AE76E.e.18936/click - {}
RESULT: {}
COMMAND: GET /session/5635ff3a58dcb7e64f288300af2e9ad3/screenshot - {}
RESULT: {}
COMMAND: POST /session/5635ff3a58dcb7e64f288300af2e9ad3/element - {"using":"xpath","value":"//input[contains(@id ,\"application-billingtransfer-display-component---billingWorkbench--smartFilterBar-btnBasicSearch\")]"}
RESULT: {"using":"xpath","value":"//input[contains(@id ,\"application-billingtransfer-display-component---billingWorkbench--smartFilterBar-btnBasicSearch\")]"}
COMMAND: POST /session/5635ff3a58dcb7e64f288300af2e9ad3/elements - {"using":"xpath","value":"//input[contains(@id ,\"application-billingtransfer-display-component---billingWorkbench--smartFilterBar-btnBasicSearch\")]"}
RESULT: {"using":"xpath","value":"//input[contains(@id ,\"application-billingtransfer-display-component---billingWorkbench--smartFilterBar-btnBasicSearch\")]"}
COMMAND: POST /session/5635ff3a58dcb7e64f288300af2e9ad3/execute/sync - {"script":"<script> [8489 bytes]","args":[{"element-6066-11e4-a52e-4f735466cecf":"f.ED9453BD34BB61637EDB63CE7F048255.d.F38506F8FC64BAD96078AFB1B96AE76E.e.18550","ELEMENT":"f.ED9453BD34BB61637EDB63CE7F048255.d.F38506F8FC64BAD96078AFB1B96AE76E.e.18550"}]}
RESULT: {"script":"<script> [8489 bytes]","args":[{"element-6066-11e4-a52e-4f735466cecf":"f.ED9453BD34BB61637EDB63CE7F048255.d.F38506F8FC64BAD96078AFB1B96AE76E.e.18550","ELEMENT":"f.ED9453BD34BB61637EDB63CE7F048255.d.F38506F8FC64BAD96078AFB1B96AE76E.e.18550"}]}
COMMAND: GET /session/5635ff3a58dcb7e64f288300af2e9ad3/element/f.ED9453BD34BB61637EDB63CE7F048255.d.F38506F8FC64BAD96078AFB1B96AE76E.e.18550/enabled - {}
COMMAND: GET /session/5635ff3a58dcb7e64f288300af2e9ad3/screenshot - {}
RESULT: {}
COMMAND: POST /session/5635ff3a58dcb7e64f288300af2e9ad3/element/f.ED9453BD34BB61637EDB63CE7F048255.d.F38506F8FC64BAD96078AFB1B96AE76E.e.18550/click - {}
COMMAND: GET /session/5635ff3a58dcb7e64f288300af2e9ad3/screenshot - {}
RESULT: {}
RESULT: {}
COMMAND: GET /session/5635ff3a58dcb7e64f288300af2e9ad3/screenshot - {}
RESULT: {}
RESULT: {}
COMMAND: POST /session/5635ff3a58dcb7e64f288300af2e9ad3/element/f.ED9453BD34BB61637EDB63CE7F048255.d.F38506F8FC64BAD96078AFB1B96AE76E.e.18550/clear - {}
RESULT: {}
COMMAND: POST /session/5635ff3a58dcb7e64f288300af2e9ad3/element/f.ED9453BD34BB61637EDB63CE7F048255.d.F38506F8FC64BAD96078AFB1B96AE76E.e.18550/value - {"text":"10353"}
COMMAND: GET /session/5635ff3a58dcb7e64f288300af2e9ad3/screenshot - {}
RESULT: {"text":"10353"}
COMMAND: POST /session/5635ff3a58dcb7e64f288300af2e9ad3/actions - {"actions":[{"id":"action60","type":"key","parameters":{},"actions":[{"type":"keyDown","value":""},{"type":"pause","duration":10},{"type":"keyUp","value":""}]}]}
COMMAND: GET /session/5635ff3a58dcb7e64f288300af2e9ad3/screenshot - {}
RESULT: {}
RESULT: {"actions":[{"id":"action60","type":"key","parameters":{},"actions":[{"type":"keyDown","value":""},{"type":"pause","duration":10},{"type":"keyUp","value":""}]}]}
COMMAND: GET /session/5635ff3a58dcb7e64f288300af2e9ad3/screenshot - {}
RESULT: {}
RESULT: {}
COMMAND: POST /session/5635ff3a58dcb7e64f288300af2e9ad3/element - {"using":"xpath","value":"//span[contains(@id ,\"application-billingtransfer-display-component---billingWorkbench--smartTableBillingRuns-header-inner\")]"}
RESULT: {"using":"xpath","value":"//span[contains(@id ,\"application-billingtransfer-display-component---billingWorkbench--smartTableBillingRuns-header-inner\")]"}
COMMAND: POST /session/5635ff3a58dcb7e64f288300af2e9ad3/elements - {"using":"xpath","value":"//span[contains(@id ,\"application-billingtransfer-display-component---billingWorkbench--smartTableBillingRuns-header-inner\")]"}
RESULT: {"using":"xpath","value":"//span[contains(@id ,\"application-billingtransfer-display-component---billingWorkbench--smartTableBillingRuns-header-inner\")]"}
COMMAND: POST /session/5635ff3a58dcb7e64f288300af2e9ad3/execute/sync - {"script":"<script> [56 bytes]","args":[{"element-6066-11e4-a52e-4f735466cecf":"f.ED9453BD34BB61637EDB63CE7F048255.d.F38506F8FC64BAD96078AFB1B96AE76E.e.18923","ELEMENT":"f.ED9453BD34BB61637EDB63CE7F048255.d.F38506F8FC64BAD96078AFB1B96AE76E.e.18923"}]}
RESULT: {"script":"<script> [56 bytes]","args":[{"element-6066-11e4-a52e-4f735466cecf":"f.ED9453BD34BB61637EDB63CE7F048255.d.F38506F8FC64BAD96078AFB1B96AE76E.e.18923","ELEMENT":"f.ED9453BD34BB61637EDB63CE7F048255.d.F38506F8FC64BAD96078AFB1B96AE76E.e.18923"}]}
COMMAND: POST /session/5635ff3a58dcb7e64f288300af2e9ad3/element - {"using":"xpath","value":"//td[@aria-colindex=\"1\"]/div/div[contains(@class, \"sapMCbBg\")]"}
COMMAND: GET /session/5635ff3a58dcb7e64f288300af2e9ad3/screenshot - {}
RESULT: {"using":"xpath","value":"//td[@aria-colindex=\"1\"]/div/div[contains(@class, \"sapMCbBg\")]"}
COMMAND: POST /session/5635ff3a58dcb7e64f288300af2e9ad3/element/f.ED9453BD34BB61637EDB63CE7F048255.d.F38506F8FC64BAD96078AFB1B96AE76E.e.18940/click - {}
RESULT: {}
RESULT: {}
COMMAND: GET /session/5635ff3a58dcb7e64f288300af2e9ad3/screenshot - {}
RESULT: {}
COMMAND: POST /session/5635ff3a58dcb7e64f288300af2e9ad3/element - {"using":"xpath","value":"//bdi[text()=\"Transfer\"]"}
RESULT: {"using":"xpath","value":"//bdi[text()=\"Transfer\"]"}
COMMAND: POST /session/5635ff3a58dcb7e64f288300af2e9ad3/element/f.ED9453BD34BB61637EDB63CE7F048255.d.F38506F8FC64BAD96078AFB1B96AE76E.e.18941/click - {}
RESULT: {}
COMMAND: GET /session/5635ff3a58dcb7e64f288300af2e9ad3/screenshot - {}
RESULT: {}
COMMAND: POST /session/5635ff3a58dcb7e64f288300af2e9ad3/element - {"using":"xpath","value":"//bdi[contains(text(), \"OK\")]"}
RESULT: {"using":"xpath","value":"//bdi[contains(text(), \"OK\")]"}
COMMAND: POST /session/5635ff3a58dcb7e64f288300af2e9ad3/element/f.ED9453BD34BB61637EDB63CE7F048255.d.F38506F8FC64BAD96078AFB1B96AE76E.e.18944/click - {}
RESULT: {}
COMMAND: GET /session/5635ff3a58dcb7e64f288300af2e9ad3/screenshot - {}
RESULT: {}
COMMAND: POST /session/5635ff3a58dcb7e64f288300af2e9ad3/element - {"using":"xpath","value":"(//span[contains(text(), \"Completed\")]/parent::div/preceding-sibling::div/span)[1]"}
RESULT: {"using":"xpath","value":"(//span[contains(text(), \"Completed\")]/parent::div/preceding-sibling::div/span)[1]"}
COMMAND: POST /session/5635ff3a58dcb7e64f288300af2e9ad3/element/f.ED9453BD34BB61637EDB63CE7F048255.d.F38506F8FC64BAD96078AFB1B96AE76E.e.18952/click - {}
RESULT: {}
COMMAND: POST /session/5635ff3a58dcb7e64f288300af2e9ad3/element - {"using":"xpath","value":"//input[contains(@id ,\"application-billingtransfer-display-component---billingWorkbench--smartFilterBar-btnBasicSearch\")]"}
COMMAND: GET /session/5635ff3a58dcb7e64f288300af2e9ad3/screenshot - {}
RESULT: {}
RESULT: {"using":"xpath","value":"//input[contains(@id ,\"application-billingtransfer-display-component---billingWorkbench--smartFilterBar-btnBasicSearch\")]"}
COMMAND: POST /session/5635ff3a58dcb7e64f288300af2e9ad3/elements - {"using":"xpath","value":"//input[contains(@id ,\"application-billingtransfer-display-component---billingWorkbench--smartFilterBar-btnBasicSearch\")]"}
RESULT: {"using":"xpath","value":"//input[contains(@id ,\"application-billingtransfer-display-component---billingWorkbench--smartFilterBar-btnBasicSearch\")]"}
COMMAND: POST /session/5635ff3a58dcb7e64f288300af2e9ad3/execute/sync - {"script":"<script> [8489 bytes]","args":[{"element-6066-11e4-a52e-4f735466cecf":"f.ED9453BD34BB61637EDB63CE7F048255.d.F38506F8FC64BAD96078AFB1B96AE76E.e.18550","ELEMENT":"f.ED9453BD34BB61637EDB63CE7F048255.d.F38506F8FC64BAD96078AFB1B96AE76E.e.18550"}]}
RESULT: {"script":"<script> [8489 bytes]","args":[{"element-6066-11e4-a52e-4f735466cecf":"f.ED9453BD34BB61637EDB63CE7F048255.d.F38506F8FC64BAD96078AFB1B96AE76E.e.18550","ELEMENT":"f.ED9453BD34BB61637EDB63CE7F048255.d.F38506F8FC64BAD96078AFB1B96AE76E.e.18550"}]}
COMMAND: GET /session/5635ff3a58dcb7e64f288300af2e9ad3/element/f.ED9453BD34BB61637EDB63CE7F048255.d.F38506F8FC64BAD96078AFB1B96AE76E.e.18550/enabled - {}
COMMAND: GET /session/5635ff3a58dcb7e64f288300af2e9ad3/screenshot - {}
RESULT: {}
COMMAND: POST /session/5635ff3a58dcb7e64f288300af2e9ad3/element/f.ED9453BD34BB61637EDB63CE7F048255.d.F38506F8FC64BAD96078AFB1B96AE76E.e.18550/click - {}
COMMAND: GET /session/5635ff3a58dcb7e64f288300af2e9ad3/screenshot - {}
RESULT: {}
RESULT: {}
COMMAND: GET /session/5635ff3a58dcb7e64f288300af2e9ad3/screenshot - {}
RESULT: {}
RESULT: {}
COMMAND: POST /session/5635ff3a58dcb7e64f288300af2e9ad3/element/f.ED9453BD34BB61637EDB63CE7F048255.d.F38506F8FC64BAD96078AFB1B96AE76E.e.18550/clear - {}
RESULT: {}
COMMAND: POST /session/5635ff3a58dcb7e64f288300af2e9ad3/element/f.ED9453BD34BB61637EDB63CE7F048255.d.F38506F8FC64BAD96078AFB1B96AE76E.e.18550/value - {"text":"10353"}
COMMAND: GET /session/5635ff3a58dcb7e64f288300af2e9ad3/screenshot - {}
RESULT: {"text":"10353"}
COMMAND: POST /session/5635ff3a58dcb7e64f288300af2e9ad3/actions - {"actions":[{"id":"action61","type":"key","parameters":{},"actions":[{"type":"keyDown","value":""},{"type":"pause","duration":10},{"type":"keyUp","value":""}]}]}
COMMAND: GET /session/5635ff3a58dcb7e64f288300af2e9ad3/screenshot - {}
RESULT: {}
RESULT: {"actions":[{"id":"action61","type":"key","parameters":{},"actions":[{"type":"keyDown","value":""},{"type":"pause","duration":10},{"type":"keyUp","value":""}]}]}
COMMAND: GET /session/5635ff3a58dcb7e64f288300af2e9ad3/screenshot - {}
RESULT: {}
RESULT: {}
COMMAND: POST /session/5635ff3a58dcb7e64f288300af2e9ad3/element - {"using":"xpath","value":"//span[contains(@id ,\"application-billingtransfer-display-component---billingWorkbench--smartTableBillingRuns-header-inner\")]"}
RESULT: {"using":"xpath","value":"//span[contains(@id ,\"application-billingtransfer-display-component---billingWorkbench--smartTableBillingRuns-header-inner\")]"}
COMMAND: POST /session/5635ff3a58dcb7e64f288300af2e9ad3/elements - {"using":"xpath","value":"//span[contains(@id ,\"application-billingtransfer-display-component---billingWorkbench--smartTableBillingRuns-header-inner\")]"}
RESULT: {"using":"xpath","value":"//span[contains(@id ,\"application-billingtransfer-display-component---billingWorkbench--smartTableBillingRuns-header-inner\")]"}
COMMAND: POST /session/5635ff3a58dcb7e64f288300af2e9ad3/execute/sync - {"script":"<script> [56 bytes]","args":[{"element-6066-11e4-a52e-4f735466cecf":"f.ED9453BD34BB61637EDB63CE7F048255.d.F38506F8FC64BAD96078AFB1B96AE76E.e.18923","ELEMENT":"f.ED9453BD34BB61637EDB63CE7F048255.d.F38506F8FC64BAD96078AFB1B96AE76E.e.18923"}]}
RESULT: {"script":"<script> [56 bytes]","args":[{"element-6066-11e4-a52e-4f735466cecf":"f.ED9453BD34BB61637EDB63CE7F048255.d.F38506F8FC64BAD96078AFB1B96AE76E.e.18923","ELEMENT":"f.ED9453BD34BB61637EDB63CE7F048255.d.F38506F8FC64BAD96078AFB1B96AE76E.e.18923"}]}
COMMAND: GET /session/5635ff3a58dcb7e64f288300af2e9ad3/screenshot - {}
RESULT: {}
COMMAND: POST /session/5635ff3a58dcb7e64f288300af2e9ad3/execute/sync - {"script":"<script> [56 bytes]","args":[{"element-6066-11e4-a52e-4f735466cecf":"f.ED9453BD34BB61637EDB63CE7F048255.d.F38506F8FC64BAD96078AFB1B96AE76E.e.18923","ELEMENT":"f.ED9453BD34BB61637EDB63CE7F048255.d.F38506F8FC64BAD96078AFB1B96AE76E.e.18923"}]}
RESULT: {"script":"<script> [56 bytes]","args":[{"element-6066-11e4-a52e-4f735466cecf":"f.ED9453BD34BB61637EDB63CE7F048255.d.F38506F8FC64BAD96078AFB1B96AE76E.e.18923","ELEMENT":"f.ED9453BD34BB61637EDB63CE7F048255.d.F38506F8FC64BAD96078AFB1B96AE76E.e.18923"}]}
COMMAND: GET /session/5635ff3a58dcb7e64f288300af2e9ad3/screenshot - {}
RESULT: {}
COMMAND: POST /session/5635ff3a58dcb7e64f288300af2e9ad3/execute/sync - {"script":"<script> [56 bytes]","args":[{"element-6066-11e4-a52e-4f735466cecf":"f.ED9453BD34BB61637EDB63CE7F048255.d.F38506F8FC64BAD96078AFB1B96AE76E.e.18923","ELEMENT":"f.ED9453BD34BB61637EDB63CE7F048255.d.F38506F8FC64BAD96078AFB1B96AE76E.e.18923"}]}
RESULT: {"script":"<script> [56 bytes]","args":[{"element-6066-11e4-a52e-4f735466cecf":"f.ED9453BD34BB61637EDB63CE7F048255.d.F38506F8FC64BAD96078AFB1B96AE76E.e.18923","ELEMENT":"f.ED9453BD34BB61637EDB63CE7F048255.d.F38506F8FC64BAD96078AFB1B96AE76E.e.18923"}]}
COMMAND: GET /session/5635ff3a58dcb7e64f288300af2e9ad3/screenshot - {}
RESULT: {}
COMMAND: POST /session/5635ff3a58dcb7e64f288300af2e9ad3/execute/sync - {"script":"<script> [56 bytes]","args":[{"element-6066-11e4-a52e-4f735466cecf":"f.ED9453BD34BB61637EDB63CE7F048255.d.F38506F8FC64BAD96078AFB1B96AE76E.e.18923","ELEMENT":"f.ED9453BD34BB61637EDB63CE7F048255.d.F38506F8FC64BAD96078AFB1B96AE76E.e.18923"}]}
RESULT: {"script":"<script> [56 bytes]","args":[{"element-6066-11e4-a52e-4f735466cecf":"f.ED9453BD34BB61637EDB63CE7F048255.d.F38506F8FC64BAD96078AFB1B96AE76E.e.18923","ELEMENT":"f.ED9453BD34BB61637EDB63CE7F048255.d.F38506F8FC64BAD96078AFB1B96AE76E.e.18923"}]}
COMMAND: GET /session/5635ff3a58dcb7e64f288300af2e9ad3/screenshot - {}
RESULT: {}
COMMAND: POST /session/5635ff3a58dcb7e64f288300af2e9ad3/execute/sync - {"script":"<script> [56 bytes]","args":[{"element-6066-11e4-a52e-4f735466cecf":"f.ED9453BD34BB61637EDB63CE7F048255.d.F38506F8FC64BAD96078AFB1B96AE76E.e.18923","ELEMENT":"f.ED9453BD34BB61637EDB63CE7F048255.d.F38506F8FC64BAD96078AFB1B96AE76E.e.18923"}]}
RESULT: {"script":"<script> [56 bytes]","args":[{"element-6066-11e4-a52e-4f735466cecf":"f.ED9453BD34BB61637EDB63CE7F048255.d.F38506F8FC64BAD96078AFB1B96AE76E.e.18923","ELEMENT":"f.ED9453BD34BB61637EDB63CE7F048255.d.F38506F8FC64BAD96078AFB1B96AE76E.e.18923"}]}
COMMAND: POST /session/5635ff3a58dcb7e64f288300af2e9ad3/element - {"using":"css selector","value":"#shell-header-logo"}
COMMAND: GET /session/5635ff3a58dcb7e64f288300af2e9ad3/screenshot - {}
RESULT: {"using":"css selector","value":"#shell-header-logo"}
COMMAND: POST /session/5635ff3a58dcb7e64f288300af2e9ad3/element/f.ED9453BD34BB61637EDB63CE7F048255.d.F38506F8FC64BAD96078AFB1B96AE76E.e.18548/click - {}
RESULT: {}
RESULT: {}
COMMAND: GET /session/5635ff3a58dcb7e64f288300af2e9ad3/screenshot - {}
RESULT: {}
COMMAND: POST /session/5635ff3a58dcb7e64f288300af2e9ad3/element - {"using":"css selector","value":"#j_username"}
COMMAND: POST /session/5635ff3a58dcb7e64f288300af2e9ad3/url - {"url":"https://qa-testing-00-live-etm-ui.cfapps.eu10-004.hana.ondemand.com/"}
RESULT: {"using":"css selector","value":"#j_username"}
COMMAND: POST /session/5635ff3a58dcb7e64f288300af2e9ad3/element - {"using":"css selector","value":"#j_username"}
RESULT: {"url":"https://qa-testing-00-live-etm-ui.cfapps.eu10-004.hana.ondemand.com/"}
RESULT: undefined
COMMAND: GET /session/5635ff3a58dcb7e64f288300af2e9ad3/screenshot - {}
RESULT: {"using":"css selector","value":"#j_username"}
COMMAND: POST /session/5635ff3a58dcb7e64f288300af2e9ad3/element - {"using":"css selector","value":"#shell-header-logo"}
RESULT: {}
RESULT: {"using":"css selector","value":"#shell-header-logo"}
COMMAND: POST /session/5635ff3a58dcb7e64f288300af2e9ad3/execute/sync - {"script":"<script> [8489 bytes]","args":[{"element-6066-11e4-a52e-4f735466cecf":"f.ED9453BD34BB61637EDB63CE7F048255.d.5CEAA9BE74A93D4287ECB2E2796AA688.e.18960","ELEMENT":"f.ED9453BD34BB61637EDB63CE7F048255.d.5CEAA9BE74A93D4287ECB2E2796AA688.e.18960"}]}
RESULT: {"script":"<script> [8489 bytes]","args":[{"element-6066-11e4-a52e-4f735466cecf":"f.ED9453BD34BB61637EDB63CE7F048255.d.5CEAA9BE74A93D4287ECB2E2796AA688.e.18960","ELEMENT":"f.ED9453BD34BB61637EDB63CE7F048255.d.5CEAA9BE74A93D4287ECB2E2796AA688.e.18960"}]}
COMMAND: POST /session/5635ff3a58dcb7e64f288300af2e9ad3/element - {"using":"css selector","value":"#shell-header-logo"}
COMMAND: GET /session/5635ff3a58dcb7e64f288300af2e9ad3/screenshot - {}
RESULT: {"using":"css selector","value":"#shell-header-logo"}
COMMAND: POST /session/5635ff3a58dcb7e64f288300af2e9ad3/execute/sync - {"script":"<script> [8489 bytes]","args":[{"element-6066-11e4-a52e-4f735466cecf":"f.ED9453BD34BB61637EDB63CE7F048255.d.5CEAA9BE74A93D4287ECB2E2796AA688.e.18960","ELEMENT":"f.ED9453BD34BB61637EDB63CE7F048255.d.5CEAA9BE74A93D4287ECB2E2796AA688.e.18960"}]}
RESULT: {}
RESULT: {"script":"<script> [8489 bytes]","args":[{"element-6066-11e4-a52e-4f735466cecf":"f.ED9453BD34BB61637EDB63CE7F048255.d.5CEAA9BE74A93D4287ECB2E2796AA688.e.18960","ELEMENT":"f.ED9453BD34BB61637EDB63CE7F048255.d.5CEAA9BE74A93D4287ECB2E2796AA688.e.18960"}]}
COMMAND: POST /session/5635ff3a58dcb7e64f288300af2e9ad3/execute/sync - {"script":"<script> [5351 bytes]","args":[{"element-6066-11e4-a52e-4f735466cecf":"f.ED9453BD34BB61637EDB63CE7F048255.d.5CEAA9BE74A93D4287ECB2E2796AA688.e.18960","ELEMENT":"f.ED9453BD34BB61637EDB63CE7F048255.d.5CEAA9BE74A93D4287ECB2E2796AA688.e.18960"}]}
COMMAND: GET /session/5635ff3a58dcb7e64f288300af2e9ad3/screenshot - {}
RESULT: {"script":"<script> [5351 bytes]","args":[{"element-6066-11e4-a52e-4f735466cecf":"f.ED9453BD34BB61637EDB63CE7F048255.d.5CEAA9BE74A93D4287ECB2E2796AA688.e.18960","ELEMENT":"f.ED9453BD34BB61637EDB63CE7F048255.d.5CEAA9BE74A93D4287ECB2E2796AA688.e.18960"}]}
COMMAND: POST /session/5635ff3a58dcb7e64f288300af2e9ad3/element - {"using":"css selector","value":"#shell-header-logo"}
COMMAND: GET /session/5635ff3a58dcb7e64f288300af2e9ad3/screenshot - {}
RESULT: {}
RESULT: {"using":"css selector","value":"#shell-header-logo"}
COMMAND: POST /session/5635ff3a58dcb7e64f288300af2e9ad3/element/f.ED9453BD34BB61637EDB63CE7F048255.d.5CEAA9BE74A93D4287ECB2E2796AA688.e.18960/click - {}
RESULT: {}
RESULT: {}
COMMAND: GET /session/5635ff3a58dcb7e64f288300af2e9ad3/screenshot - {}
RESULT: {}
COMMAND: POST /session/5635ff3a58dcb7e64f288300af2e9ad3/execute/async - {"script":"<script> [189 bytes]","args":[]}
RESULT: {"script":"<script> [189 bytes]","args":[]}
COMMAND: POST /session/5635ff3a58dcb7e64f288300af2e9ad3/execute/async - {"script":"<script> [123 bytes]","args":[]}
RESULT: {"script":"<script> [123 bytes]","args":[]}
COMMAND: POST /session/5635ff3a58dcb7e64f288300af2e9ad3/timeouts - {"script":"<number>"}
RESULT: {"script":"<number>"}
COMMAND: GET /session/5635ff3a58dcb7e64f288300af2e9ad3/timeouts - {}
RESULT: {}
RESULT: undefined
COMMAND: POST /session/5635ff3a58dcb7e64f288300af2e9ad3/execute/async - {"script":"<script> [2676 bytes]","args":[]}
RESULT: {"script":"<script> [2676 bytes]","args":[]}
COMMAND: POST /session/5635ff3a58dcb7e64f288300af2e9ad3/execute/async - {"script":"<script> [2342 bytes]","args":[{"protocol":"http","hostname":"0.0.0.0","path":"/","capabilities":{"browserName":"chrome","goog:chromeOptions":{"binary":"C:\\Program Files\\Google\\Chrome\\Application\\chrome.exe","args":["--start-maximized"]}},"logLevel":"warn","connectionRetryTimeout":120000,"connectionRetryCount":3,"logLevels":{},"enableDirectConnect":true,"strictSSL":true,"_":"65 more keys: [\"cacheDir\",\"port\",\"requestedCapabilities\",\"automationProtocol\",\"baseUrl\",\"waitforInterval\",\"waitforTimeout\",\"onReload\",\"beforeCommand\",\"afterCommand\",\"rootDir\",\"specs\",\"suites\",\"exclude\",\"groupLogsByTestSpec\",\"excludeDriverLogs\",\"bail\",\"framework\",\"reporters\",\"services\",\"maxInstances\",\"maxInstancesPerCapability\",\"injectGlobals\",\"filesToWatch\",\"execArgv\",\"runnerEnv\",\"runner\",\"shard\",\"specFileRetries\",\"specFileRetriesDelay\",\"specFileRetriesDeferred\",\"reporterSyncInterval\",\"reporterSyncTimeout\",\"cucumberFeaturesWithLineNumbers\",\"autoCompileOpts\",\"mochaOpts\",\"jasmineOpts\",\"cucumberOpts\",\"onPrepare\",\"onWorkerStart\",\"onWorkerEnd\",\"before\",\"beforeSession\",\"beforeSuite\",\"beforeHook\",\"beforeTest\",\"afterTest\",\"afterHook\",\"afterSuite\",\"afterSession\",\"after\",\"onComplete\",\"beforeAssertion\",\"afterAssertion\",\"beforeFeature\",\"beforeScenario\",\"beforeStep\",\"afterStep\",\"afterScenario\",\"afterFeature\",\"_\",\"suite\",\"$0\",\"ignoredWorkerServices\",\"wdi5\"]"}]}
RESULT: {"script":"<script> [2342 bytes]","args":[{"protocol":"http","hostname":"0.0.0.0","path":"/","capabilities":{"browserName":"chrome","goog:chromeOptions":{"binary":"C:\\Program Files\\Google\\Chrome\\Application\\chrome.exe","args":["--start-maximized"]}},"logLevel":"warn","connectionRetryTimeout":120000,"connectionRetryCount":3,"logLevels":{},"enableDirectConnect":true,"strictSSL":true,"_":"65 more keys: [\"cacheDir\",\"port\",\"requestedCapabilities\",\"automationProtocol\",\"baseUrl\",\"waitforInterval\",\"waitforTimeout\",\"onReload\",\"beforeCommand\",\"afterCommand\",\"rootDir\",\"specs\",\"suites\",\"exclude\",\"groupLogsByTestSpec\",\"excludeDriverLogs\",\"bail\",\"framework\",\"reporters\",\"services\",\"maxInstances\",\"maxInstancesPerCapability\",\"injectGlobals\",\"filesToWatch\",\"execArgv\",\"runnerEnv\",\"runner\",\"shard\",\"specFileRetries\",\"specFileRetriesDelay\",\"specFileRetriesDeferred\",\"reporterSyncInterval\",\"reporterSyncTimeout\",\"cucumberFeaturesWithLineNumbers\",\"autoCompileOpts\",\"mochaOpts\",\"jasmineOpts\",\"cucumberOpts\",\"onPrepare\",\"onWorkerStart\",\"onWorkerEnd\",\"before\",\"beforeSession\",\"beforeSuite\",\"beforeHook\",\"beforeTest\",\"afterTest\",\"afterHook\",\"afterSuite\",\"afterSession\",\"after\",\"onComplete\",\"beforeAssertion\",\"afterAssertion\",\"beforeFeature\",\"beforeScenario\",\"beforeStep\",\"afterStep\",\"afterScenario\",\"afterFeature\",\"_\",\"suite\",\"$0\",\"ignoredWorkerServices\",\"wdi5\"]"}]}
COMMAND: POST /session/5635ff3a58dcb7e64f288300af2e9ad3/execute/async - {"script":"<script> [21126 bytes]","args":[35000]}
RESULT: {"script":"<script> [21126 bytes]","args":[35000]}
COMMAND: POST /session/5635ff3a58dcb7e64f288300af2e9ad3/window/maximize - {}
RESULT: {}
COMMAND: POST /session/5635ff3a58dcb7e64f288300af2e9ad3/execute/async - {"script":"<script> [1562 bytes]","args":[{"selector":{"id":"shell-header","interaction":{"idSuffix":"icon"}},"wdio_ui5_key":"shellheader"}]}
COMMAND: GET /session/5635ff3a58dcb7e64f288300af2e9ad3/screenshot - {}
RESULT: {"script":"<script> [1562 bytes]","args":[{"selector":{"id":"shell-header","interaction":{"idSuffix":"icon"}},"wdio_ui5_key":"shellheader"}]}
RESULT: undefined
COMMAND: POST /session/5635ff3a58dcb7e64f288300af2e9ad3/refresh - {}
RESULT: {}
RESULT: {}
COMMAND: GET /session/5635ff3a58dcb7e64f288300af2e9ad3/screenshot - {}
RESULT: {}
COMMAND: POST /session/5635ff3a58dcb7e64f288300af2e9ad3/refresh - {}
RESULT: {}
COMMAND: GET /session/5635ff3a58dcb7e64f288300af2e9ad3/screenshot - {}
RESULT: {}
COMMAND: POST /session/5635ff3a58dcb7e64f288300af2e9ad3/window/fullscreen - {}
RESULT: {}
COMMAND: POST /session/5635ff3a58dcb7e64f288300af2e9ad3/execute/async - {"script":"<script> [189 bytes]","args":[]}
RESULT: {"script":"<script> [189 bytes]","args":[]}
COMMAND: POST /session/5635ff3a58dcb7e64f288300af2e9ad3/execute/async - {"script":"<script> [123 bytes]","args":[]}
RESULT: {"script":"<script> [123 bytes]","args":[]}
COMMAND: POST /session/5635ff3a58dcb7e64f288300af2e9ad3/timeouts - {"script":"<number>"}
RESULT: {"script":"<number>"}
COMMAND: GET /session/5635ff3a58dcb7e64f288300af2e9ad3/timeouts - {}
RESULT: {}
RESULT: undefined
COMMAND: POST /session/5635ff3a58dcb7e64f288300af2e9ad3/execute/async - {"script":"<script> [2676 bytes]","args":[]}
RESULT: {"script":"<script> [2676 bytes]","args":[]}
COMMAND: POST /session/5635ff3a58dcb7e64f288300af2e9ad3/execute/async - {"script":"<script> [2342 bytes]","args":[{"protocol":"http","hostname":"0.0.0.0","path":"/","capabilities":{"browserName":"chrome","goog:chromeOptions":{"binary":"C:\\Program Files\\Google\\Chrome\\Application\\chrome.exe","args":["--start-maximized"]}},"logLevel":"warn","connectionRetryTimeout":120000,"connectionRetryCount":3,"logLevels":{},"enableDirectConnect":true,"strictSSL":true,"_":"65 more keys: [\"cacheDir\",\"port\",\"requestedCapabilities\",\"automationProtocol\",\"baseUrl\",\"waitforInterval\",\"waitforTimeout\",\"onReload\",\"beforeCommand\",\"afterCommand\",\"rootDir\",\"specs\",\"suites\",\"exclude\",\"groupLogsByTestSpec\",\"excludeDriverLogs\",\"bail\",\"framework\",\"reporters\",\"services\",\"maxInstances\",\"maxInstancesPerCapability\",\"injectGlobals\",\"filesToWatch\",\"execArgv\",\"runnerEnv\",\"runner\",\"shard\",\"specFileRetries\",\"specFileRetriesDelay\",\"specFileRetriesDeferred\",\"reporterSyncInterval\",\"reporterSyncTimeout\",\"cucumberFeaturesWithLineNumbers\",\"autoCompileOpts\",\"mochaOpts\",\"jasmineOpts\",\"cucumberOpts\",\"onPrepare\",\"onWorkerStart\",\"onWorkerEnd\",\"before\",\"beforeSession\",\"beforeSuite\",\"beforeHook\",\"beforeTest\",\"afterTest\",\"afterHook\",\"afterSuite\",\"afterSession\",\"after\",\"onComplete\",\"beforeAssertion\",\"afterAssertion\",\"beforeFeature\",\"beforeScenario\",\"beforeStep\",\"afterStep\",\"afterScenario\",\"afterFeature\",\"_\",\"suite\",\"$0\",\"ignoredWorkerServices\",\"wdi5\"]"}]}
RESULT: {"script":"<script> [2342 bytes]","args":[{"protocol":"http","hostname":"0.0.0.0","path":"/","capabilities":{"browserName":"chrome","goog:chromeOptions":{"binary":"C:\\Program Files\\Google\\Chrome\\Application\\chrome.exe","args":["--start-maximized"]}},"logLevel":"warn","connectionRetryTimeout":120000,"connectionRetryCount":3,"logLevels":{},"enableDirectConnect":true,"strictSSL":true,"_":"65 more keys: [\"cacheDir\",\"port\",\"requestedCapabilities\",\"automationProtocol\",\"baseUrl\",\"waitforInterval\",\"waitforTimeout\",\"onReload\",\"beforeCommand\",\"afterCommand\",\"rootDir\",\"specs\",\"suites\",\"exclude\",\"groupLogsByTestSpec\",\"excludeDriverLogs\",\"bail\",\"framework\",\"reporters\",\"services\",\"maxInstances\",\"maxInstancesPerCapability\",\"injectGlobals\",\"filesToWatch\",\"execArgv\",\"runnerEnv\",\"runner\",\"shard\",\"specFileRetries\",\"specFileRetriesDelay\",\"specFileRetriesDeferred\",\"reporterSyncInterval\",\"reporterSyncTimeout\",\"cucumberFeaturesWithLineNumbers\",\"autoCompileOpts\",\"mochaOpts\",\"jasmineOpts\",\"cucumberOpts\",\"onPrepare\",\"onWorkerStart\",\"onWorkerEnd\",\"before\",\"beforeSession\",\"beforeSuite\",\"beforeHook\",\"beforeTest\",\"afterTest\",\"afterHook\",\"afterSuite\",\"afterSession\",\"after\",\"onComplete\",\"beforeAssertion\",\"afterAssertion\",\"beforeFeature\",\"beforeScenario\",\"beforeStep\",\"afterStep\",\"afterScenario\",\"afterFeature\",\"_\",\"suite\",\"$0\",\"ignoredWorkerServices\",\"wdi5\"]"}]}
COMMAND: POST /session/5635ff3a58dcb7e64f288300af2e9ad3/execute/async - {"script":"<script> [21126 bytes]","args":[35000]}
RESULT: {"script":"<script> [21126 bytes]","args":[35000]}
]]></system-out>
    </testcase>
  </testsuite>
  <testsuite timestamp="2025-05-28T18:14:04" time="687.55" tests="12" failures="0" errors="0" skipped="0">
    <properties>
      <property name="specId" value="0"/>
      <property name="suiteName" value="Create Reverse Billing US127248"/>
      <property name="capabilities" value="chrome.136_0_7103_93.windows"/>
      <property name="file" value="file:///D:/a/1/s/test/specs/BTS/reverse-billing.spec.js"/>
    </properties>
    <testcase classname="chrome.136_0_7103_93.windows.Create_Reverse_Billing_US127248" name="Should create a new yard" time="0.028">
      <system-out><![CDATA[
COMMAND: POST /session/5635ff3a58dcb7e64f288300af2e9ad3/window/fullscreen - {}
RESULT: {}
]]></system-out>
    </testcase>
    <testcase classname="chrome.136_0_7103_93.windows.Create_Reverse_Billing_US127248" name="Should create a new partner" time="0.004"/>
    <testcase classname="chrome.136_0_7103_93.windows.Create_Reverse_Billing_US127248" name="Should create a new site" time="0.003"/>
    <testcase classname="chrome.136_0_7103_93.windows.Create_Reverse_Billing_US127248" name="Should create a resource" time="138.223">
      <system-out><![CDATA[
COMMAND: POST /session/5635ff3a58dcb7e64f288300af2e9ad3/execute/async - {"script":"<script> [1562 bytes]","args":[{"selector":{"controlType":"sap.m.GenericTile","properties":{"header":"Manage Resources"}},"wdio_ui5_key":"sapm.GenericTile{\"header\":\"Manage Resources\"}"}]}
RESULT: {"script":"<script> [1562 bytes]","args":[{"selector":{"controlType":"sap.m.GenericTile","properties":{"header":"Manage Resources"}},"wdio_ui5_key":"sapm.GenericTile{\"header\":\"Manage Resources\"}"}]}
RESULT: undefined
COMMAND: POST /session/5635ff3a58dcb7e64f288300af2e9ad3/element - {"using":"xpath","value":"//*[@id=\"__tile39\"]"}
RESULT: {"using":"xpath","value":"//*[@id=\"__tile39\"]"}
COMMAND: POST /session/5635ff3a58dcb7e64f288300af2e9ad3/element/f.ED9453BD34BB61637EDB63CE7F048255.d.0DC7983F940AED988C251698B6F39FD1.e.19114/click - {}
RESULT: {}
COMMAND: GET /session/5635ff3a58dcb7e64f288300af2e9ad3/screenshot - {}
RESULT: {}
COMMAND: POST /session/5635ff3a58dcb7e64f288300af2e9ad3/elements - {"using":"xpath","value":"//span[text()='Error']"}
RESULT: {"using":"xpath","value":"//span[text()='Error']"}
COMMAND: POST /session/5635ff3a58dcb7e64f288300af2e9ad3/element - {"using":"xpath","value":"//button[@data-kt=\"addNewRUOverflowToolbarButton\"]"}
RESULT: {"using":"xpath","value":"//button[@data-kt=\"addNewRUOverflowToolbarButton\"]"}
COMMAND: POST /session/5635ff3a58dcb7e64f288300af2e9ad3/elements - {"using":"xpath","value":"//button[@data-kt=\"addNewRUOverflowToolbarButton\"]"}
RESULT: {"using":"xpath","value":"//button[@data-kt=\"addNewRUOverflowToolbarButton\"]"}
COMMAND: POST /session/5635ff3a58dcb7e64f288300af2e9ad3/execute/sync - {"script":"<script> [8489 bytes]","args":[{"element-6066-11e4-a52e-4f735466cecf":"f.ED9453BD34BB61637EDB63CE7F048255.d.0DC7983F940AED988C251698B6F39FD1.e.19269","ELEMENT":"f.ED9453BD34BB61637EDB63CE7F048255.d.0DC7983F940AED988C251698B6F39FD1.e.19269"}]}
RESULT: {"script":"<script> [8489 bytes]","args":[{"element-6066-11e4-a52e-4f735466cecf":"f.ED9453BD34BB61637EDB63CE7F048255.d.0DC7983F940AED988C251698B6F39FD1.e.19269","ELEMENT":"f.ED9453BD34BB61637EDB63CE7F048255.d.0DC7983F940AED988C251698B6F39FD1.e.19269"}]}
COMMAND: GET /session/5635ff3a58dcb7e64f288300af2e9ad3/element/f.ED9453BD34BB61637EDB63CE7F048255.d.0DC7983F940AED988C251698B6F39FD1.e.19269/enabled - {}
COMMAND: GET /session/5635ff3a58dcb7e64f288300af2e9ad3/screenshot - {}
RESULT: {}
COMMAND: POST /session/5635ff3a58dcb7e64f288300af2e9ad3/execute/sync - {"script":"<script> [8489 bytes]","args":[{"element-6066-11e4-a52e-4f735466cecf":"f.ED9453BD34BB61637EDB63CE7F048255.d.0DC7983F940AED988C251698B6F39FD1.e.19269","ELEMENT":"f.ED9453BD34BB61637EDB63CE7F048255.d.0DC7983F940AED988C251698B6F39FD1.e.19269"}]}
COMMAND: GET /session/5635ff3a58dcb7e64f288300af2e9ad3/screenshot - {}
RESULT: {}
RESULT: {"script":"<script> [8489 bytes]","args":[{"element-6066-11e4-a52e-4f735466cecf":"f.ED9453BD34BB61637EDB63CE7F048255.d.0DC7983F940AED988C251698B6F39FD1.e.19269","ELEMENT":"f.ED9453BD34BB61637EDB63CE7F048255.d.0DC7983F940AED988C251698B6F39FD1.e.19269"}]}
COMMAND: POST /session/5635ff3a58dcb7e64f288300af2e9ad3/execute/sync - {"script":"<script> [5351 bytes]","args":[{"element-6066-11e4-a52e-4f735466cecf":"f.ED9453BD34BB61637EDB63CE7F048255.d.0DC7983F940AED988C251698B6F39FD1.e.19269","ELEMENT":"f.ED9453BD34BB61637EDB63CE7F048255.d.0DC7983F940AED988C251698B6F39FD1.e.19269"}]}
COMMAND: GET /session/5635ff3a58dcb7e64f288300af2e9ad3/screenshot - {}
RESULT: {}
RESULT: {"script":"<script> [5351 bytes]","args":[{"element-6066-11e4-a52e-4f735466cecf":"f.ED9453BD34BB61637EDB63CE7F048255.d.0DC7983F940AED988C251698B6F39FD1.e.19269","ELEMENT":"f.ED9453BD34BB61637EDB63CE7F048255.d.0DC7983F940AED988C251698B6F39FD1.e.19269"}]}
COMMAND: POST /session/5635ff3a58dcb7e64f288300af2e9ad3/element/f.ED9453BD34BB61637EDB63CE7F048255.d.0DC7983F940AED988C251698B6F39FD1.e.19269/click - {}
COMMAND: GET /session/5635ff3a58dcb7e64f288300af2e9ad3/screenshot - {}
RESULT: {}
RESULT: {}
COMMAND: GET /session/5635ff3a58dcb7e64f288300af2e9ad3/screenshot - {}
RESULT: {}
COMMAND: POST /session/5635ff3a58dcb7e64f288300af2e9ad3/execute/async - {"script":"<script> [1562 bytes]","args":[{"selector":{"id":"application-manageresources-display-component---newResourceUnit--TYPE-arrow"},"wdio_ui5_key":"applicationmanageresources-display-component---newResourceUnit--TYPE-arrow"}]}
RESULT: {}
RESULT: {"script":"<script> [1562 bytes]","args":[{"selector":{"id":"application-manageresources-display-component---newResourceUnit--TYPE-arrow"},"wdio_ui5_key":"applicationmanageresources-display-component---newResourceUnit--TYPE-arrow"}]}
RESULT: undefined
COMMAND: POST /session/5635ff3a58dcb7e64f288300af2e9ad3/element - {"using":"xpath","value":"//*[@id=\"application-manageresources-display-component---newResourceUnit--TYPE-arrow\"]"}
RESULT: {"using":"xpath","value":"//*[@id=\"application-manageresources-display-component---newResourceUnit--TYPE-arrow\"]"}
COMMAND: POST /session/5635ff3a58dcb7e64f288300af2e9ad3/element/f.ED9453BD34BB61637EDB63CE7F048255.d.0DC7983F940AED988C251698B6F39FD1.e.19621/click - {}
RESULT: {}
COMMAND: POST /session/5635ff3a58dcb7e64f288300af2e9ad3/element - {"using":"xpath","value":"//input[@id=\"application-manageresources-display-component---newResourceUnit--TYPE-inner\"]"}
COMMAND: GET /session/5635ff3a58dcb7e64f288300af2e9ad3/screenshot - {}
RESULT: {"using":"xpath","value":"//input[@id=\"application-manageresources-display-component---newResourceUnit--TYPE-inner\"]"}
COMMAND: POST /session/5635ff3a58dcb7e64f288300af2e9ad3/element/f.ED9453BD34BB61637EDB63CE7F048255.d.0DC7983F940AED988C251698B6F39FD1.e.19608/clear - {}
RESULT: {}
RESULT: {}
COMMAND: POST /session/5635ff3a58dcb7e64f288300af2e9ad3/element/f.ED9453BD34BB61637EDB63CE7F048255.d.0DC7983F940AED988C251698B6F39FD1.e.19608/value - {"text":"Equipment"}
COMMAND: GET /session/5635ff3a58dcb7e64f288300af2e9ad3/screenshot - {}
RESULT: {"text":"Equipment"}
COMMAND: GET /session/5635ff3a58dcb7e64f288300af2e9ad3/screenshot - {}
RESULT: {}
RESULT: {}
COMMAND: POST /session/5635ff3a58dcb7e64f288300af2e9ad3/actions - {"actions":[{"id":"action62","type":"key","parameters":{},"actions":[{"type":"keyDown","value":""},{"type":"pause","duration":10},{"type":"keyUp","value":""}]}]}
RESULT: {"actions":[{"id":"action62","type":"key","parameters":{},"actions":[{"type":"keyDown","value":""},{"type":"pause","duration":10},{"type":"keyUp","value":""}]}]}
COMMAND: POST /session/5635ff3a58dcb7e64f288300af2e9ad3/execute/async - {"script":"<script> [1562 bytes]","args":[{"selector":{"id":"application-manageresources-display-component---newResourceUnit--resourceId","interaction":{"idSuffix":"inner"}},"wdio_ui5_key":"applicationmanageresources-display-component---newResourceUnit--resourceId"}]}
COMMAND: GET /session/5635ff3a58dcb7e64f288300af2e9ad3/screenshot - {}
RESULT: {"script":"<script> [1562 bytes]","args":[{"selector":{"id":"application-manageresources-display-component---newResourceUnit--resourceId","interaction":{"idSuffix":"inner"}},"wdio_ui5_key":"applicationmanageresources-display-component---newResourceUnit--resourceId"}]}
RESULT: undefined
COMMAND: POST /session/5635ff3a58dcb7e64f288300af2e9ad3/execute/async - {"script":"<script> [776 bytes]","args":[{"enterText":"mIDrXSs4k4","selector":{"id":"application-manageresources-display-component---newResourceUnit--resourceId","interaction":{"idSuffix":"inner"}},"clearTextFirst":true,"interactionType":"ENTER_TEXT"}]}
RESULT: {}
RESULT: {"script":"<script> [776 bytes]","args":[{"enterText":"mIDrXSs4k4","selector":{"id":"application-manageresources-display-component---newResourceUnit--resourceId","interaction":{"idSuffix":"inner"}},"clearTextFirst":true,"interactionType":"ENTER_TEXT"}]}
COMMAND: POST /session/5635ff3a58dcb7e64f288300af2e9ad3/execute/async - {"script":"<script> [1562 bytes]","args":[{"selector":{"id":"application-manageresources-display-component---newResourceUnit--SHORT_TEXT","interaction":{"idSuffix":"inner"}},"wdio_ui5_key":"applicationmanageresources-display-component---newResourceUnit--SHORT_TEXT"}]}
RESULT: {"script":"<script> [1562 bytes]","args":[{"selector":{"id":"application-manageresources-display-component---newResourceUnit--SHORT_TEXT","interaction":{"idSuffix":"inner"}},"wdio_ui5_key":"applicationmanageresources-display-component---newResourceUnit--SHORT_TEXT"}]}
RESULT: undefined
COMMAND: POST /session/5635ff3a58dcb7e64f288300af2e9ad3/execute/async - {"script":"<script> [776 bytes]","args":[{"enterText":"Intercompany Equipment WDIO","selector":{"id":"application-manageresources-display-component---newResourceUnit--SHORT_TEXT","interaction":{"idSuffix":"inner"}},"clearTextFirst":true,"interactionType":"ENTER_TEXT"}]}
RESULT: {"script":"<script> [776 bytes]","args":[{"enterText":"Intercompany Equipment WDIO","selector":{"id":"application-manageresources-display-component---newResourceUnit--SHORT_TEXT","interaction":{"idSuffix":"inner"}},"clearTextFirst":true,"interactionType":"ENTER_TEXT"}]}
COMMAND: POST /session/5635ff3a58dcb7e64f288300af2e9ad3/execute/async - {"script":"<script> [1562 bytes]","args":[{"selector":{"id":"application-manageresources-display-component---newResourceUnit--BASE_UNIT_OF_MEASURE","interaction":{"idSuffix":"inner"}},"wdio_ui5_key":"applicationmanageresources-display-component---newResourceUnit--BASE_UNIT_OF_MEASURE"}]}
RESULT: {"script":"<script> [1562 bytes]","args":[{"selector":{"id":"application-manageresources-display-component---newResourceUnit--BASE_UNIT_OF_MEASURE","interaction":{"idSuffix":"inner"}},"wdio_ui5_key":"applicationmanageresources-display-component---newResourceUnit--BASE_UNIT_OF_MEASURE"}]}
RESULT: undefined
COMMAND: POST /session/5635ff3a58dcb7e64f288300af2e9ad3/execute/async - {"script":"<script> [776 bytes]","args":[{"enterText":"Piece","selector":{"id":"application-manageresources-display-component---newResourceUnit--BASE_UNIT_OF_MEASURE","interaction":{"idSuffix":"inner"}},"clearTextFirst":true,"interactionType":"ENTER_TEXT"}]}
RESULT: {"script":"<script> [776 bytes]","args":[{"enterText":"Piece","selector":{"id":"application-manageresources-display-component---newResourceUnit--BASE_UNIT_OF_MEASURE","interaction":{"idSuffix":"inner"}},"clearTextFirst":true,"interactionType":"ENTER_TEXT"}]}
COMMAND: POST /session/5635ff3a58dcb7e64f288300af2e9ad3/execute/async - {"script":"<script> [1562 bytes]","args":[{"selector":{"id":"application-manageresources-display-component---newResourceUnit--WEIGHT_UNIT","interaction":{"idSuffix":"inner"}},"wdio_ui5_key":"applicationmanageresources-display-component---newResourceUnit--WEIGHT_UNIT"}]}
RESULT: {"script":"<script> [1562 bytes]","args":[{"selector":{"id":"application-manageresources-display-component---newResourceUnit--WEIGHT_UNIT","interaction":{"idSuffix":"inner"}},"wdio_ui5_key":"applicationmanageresources-display-component---newResourceUnit--WEIGHT_UNIT"}]}
RESULT: undefined
COMMAND: POST /session/5635ff3a58dcb7e64f288300af2e9ad3/execute/async - {"script":"<script> [776 bytes]","args":[{"enterText":"Gram","selector":{"id":"application-manageresources-display-component---newResourceUnit--WEIGHT_UNIT","interaction":{"idSuffix":"inner"}},"clearTextFirst":true,"interactionType":"ENTER_TEXT"}]}
RESULT: {"script":"<script> [776 bytes]","args":[{"enterText":"Gram","selector":{"id":"application-manageresources-display-component---newResourceUnit--WEIGHT_UNIT","interaction":{"idSuffix":"inner"}},"clearTextFirst":true,"interactionType":"ENTER_TEXT"}]}
COMMAND: POST /session/5635ff3a58dcb7e64f288300af2e9ad3/execute/async - {"script":"<script> [1562 bytes]","args":[{"selector":{"id":"application-manageresources-display-component---newResourceUnit--DIMENSION_UNIT","interaction":{"idSuffix":"inner"}},"wdio_ui5_key":"applicationmanageresources-display-component---newResourceUnit--DIMENSION_UNIT"}]}
RESULT: {"script":"<script> [1562 bytes]","args":[{"selector":{"id":"application-manageresources-display-component---newResourceUnit--DIMENSION_UNIT","interaction":{"idSuffix":"inner"}},"wdio_ui5_key":"applicationmanageresources-display-component---newResourceUnit--DIMENSION_UNIT"}]}
RESULT: undefined
COMMAND: POST /session/5635ff3a58dcb7e64f288300af2e9ad3/execute/async - {"script":"<script> [776 bytes]","args":[{"enterText":"Meter","selector":{"id":"application-manageresources-display-component---newResourceUnit--DIMENSION_UNIT","interaction":{"idSuffix":"inner"}},"clearTextFirst":true,"interactionType":"ENTER_TEXT"}]}
RESULT: {"script":"<script> [776 bytes]","args":[{"enterText":"Meter","selector":{"id":"application-manageresources-display-component---newResourceUnit--DIMENSION_UNIT","interaction":{"idSuffix":"inner"}},"clearTextFirst":true,"interactionType":"ENTER_TEXT"}]}
COMMAND: POST /session/5635ff3a58dcb7e64f288300af2e9ad3/execute/async - {"script":"<script> [1562 bytes]","args":[{"selector":{"id":"application-manageresources-display-component---newResourceUnit--newRRUPage-anchBar-application-manageresources-display-component---newResourceUnit--control-anchor","interaction":{"idSuffix":"BDI-content"}},"wdio_ui5_key":"applicationmanageresources-display-component---newResourceUnit--newRRUPage-anchBar-application-manageresources-display-component---newResourceUnit--control-anchor"}]}
RESULT: {"script":"<script> [1562 bytes]","args":[{"selector":{"id":"application-manageresources-display-component---newResourceUnit--newRRUPage-anchBar-application-manageresources-display-component---newResourceUnit--control-anchor","interaction":{"idSuffix":"BDI-content"}},"wdio_ui5_key":"applicationmanageresources-display-component---newResourceUnit--newRRUPage-anchBar-application-manageresources-display-component---newResourceUnit--control-anchor"}]}
RESULT: undefined
COMMAND: POST /session/5635ff3a58dcb7e64f288300af2e9ad3/element - {"using":"xpath","value":"//*[@id=\"application-manageresources-display-component---newResourceUnit--newRRUPage-anchBar-application-manageresources-display-component---newResourceUnit--control-anchor\"]"}
RESULT: {"using":"xpath","value":"//*[@id=\"application-manageresources-display-component---newResourceUnit--newRRUPage-anchBar-application-manageresources-display-component---newResourceUnit--control-anchor\"]"}
COMMAND: POST /session/5635ff3a58dcb7e64f288300af2e9ad3/element/f.ED9453BD34BB61637EDB63CE7F048255.d.0DC7983F940AED988C251698B6F39FD1.e.19781/click - {}
RESULT: {}
COMMAND: POST /session/5635ff3a58dcb7e64f288300af2e9ad3/execute/async - {"script":"<script> [1562 bytes]","args":[{"selector":{"id":"application-manageresources-display-component---newResourceUnit--PLANNING_GROUP","interaction":{"idSuffix":"inner"}},"wdio_ui5_key":"applicationmanageresources-display-component---newResourceUnit--PLANNING_GROUP"}]}
COMMAND: GET /session/5635ff3a58dcb7e64f288300af2e9ad3/screenshot - {}
RESULT: {"script":"<script> [1562 bytes]","args":[{"selector":{"id":"application-manageresources-display-component---newResourceUnit--PLANNING_GROUP","interaction":{"idSuffix":"inner"}},"wdio_ui5_key":"applicationmanageresources-display-component---newResourceUnit--PLANNING_GROUP"}]}
RESULT: undefined
COMMAND: POST /session/5635ff3a58dcb7e64f288300af2e9ad3/execute/async - {"script":"<script> [776 bytes]","args":[{"enterText":"Heavy Equi","selector":{"id":"application-manageresources-display-component---newResourceUnit--PLANNING_GROUP","interaction":{"idSuffix":"inner"}},"clearTextFirst":true,"interactionType":"ENTER_TEXT"}]}
RESULT: {}
RESULT: {"script":"<script> [776 bytes]","args":[{"enterText":"Heavy Equi","selector":{"id":"application-manageresources-display-component---newResourceUnit--PLANNING_GROUP","interaction":{"idSuffix":"inner"}},"clearTextFirst":true,"interactionType":"ENTER_TEXT"}]}
COMMAND: POST /session/5635ff3a58dcb7e64f288300af2e9ad3/execute/async - {"script":"<script> [1562 bytes]","args":[{"selector":{"id":"application-manageresources-display-component---newResourceUnit--ITEM_TYPE-arrow"},"wdio_ui5_key":"applicationmanageresources-display-component---newResourceUnit--ITEM_TYPE-arrow"}]}
RESULT: {"script":"<script> [1562 bytes]","args":[{"selector":{"id":"application-manageresources-display-component---newResourceUnit--ITEM_TYPE-arrow"},"wdio_ui5_key":"applicationmanageresources-display-component---newResourceUnit--ITEM_TYPE-arrow"}]}
RESULT: undefined
COMMAND: POST /session/5635ff3a58dcb7e64f288300af2e9ad3/element - {"using":"xpath","value":"//*[@id=\"application-manageresources-display-component---newResourceUnit--ITEM_TYPE-arrow\"]"}
RESULT: {"using":"xpath","value":"//*[@id=\"application-manageresources-display-component---newResourceUnit--ITEM_TYPE-arrow\"]"}
COMMAND: POST /session/5635ff3a58dcb7e64f288300af2e9ad3/element/f.ED9453BD34BB61637EDB63CE7F048255.d.0DC7983F940AED988C251698B6F39FD1.e.19790/click - {}
RESULT: {}
COMMAND: POST /session/5635ff3a58dcb7e64f288300af2e9ad3/element - {"using":"xpath","value":"(//span[contains(text(), \"Resource Unit\")])[2]"}
COMMAND: GET /session/5635ff3a58dcb7e64f288300af2e9ad3/screenshot - {}
RESULT: {"using":"xpath","value":"(//span[contains(text(), \"Resource Unit\")])[2]"}
COMMAND: POST /session/5635ff3a58dcb7e64f288300af2e9ad3/element/f.ED9453BD34BB61637EDB63CE7F048255.d.0DC7983F940AED988C251698B6F39FD1.e.19791/click - {}
RESULT: {}
RESULT: {}
COMMAND: GET /session/5635ff3a58dcb7e64f288300af2e9ad3/screenshot - {}
RESULT: {}
COMMAND: POST /session/5635ff3a58dcb7e64f288300af2e9ad3/element - {"using":"css selector","value":"#application-manageresources-display-component---newResourceUnit--btnAddTimeSegment"}
RESULT: {"using":"css selector","value":"#application-manageresources-display-component---newResourceUnit--btnAddTimeSegment"}
COMMAND: GET /session/5635ff3a58dcb7e64f288300af2e9ad3/element/f.ED9453BD34BB61637EDB63CE7F048255.d.0DC7983F940AED988C251698B6F39FD1.e.19798/rect - {}
RESULT: {}
COMMAND: GET /session/5635ff3a58dcb7e64f288300af2e9ad3/window/rect - {}
RESULT: {}
COMMAND: POST /session/5635ff3a58dcb7e64f288300af2e9ad3/execute/sync - {"script":"<script> [92 bytes]","args":[]}
RESULT: {"script":"<script> [92 bytes]","args":[]}
COMMAND: POST /session/5635ff3a58dcb7e64f288300af2e9ad3/actions - {"actions":[{"id":"action63","type":"wheel","parameters":{},"actions":[{"type":"scroll","x":-1888,"y":-32,"deltaX":0,"deltaY":0,"duration":0,"origin":{"element-6066-11e4-a52e-4f735466cecf":"f.ED9453BD34BB61637EDB63CE7F048255.d.0DC7983F940AED988C251698B6F39FD1.e.19798"}}]}]}
COMMAND: GET /session/5635ff3a58dcb7e64f288300af2e9ad3/screenshot - {}
RESULT: {}
COMMAND: POST /session/5635ff3a58dcb7e64f288300af2e9ad3/execute/sync - {"script":"<script> [79 bytes]","args":[{"element-6066-11e4-a52e-4f735466cecf":"f.ED9453BD34BB61637EDB63CE7F048255.d.0DC7983F940AED988C251698B6F39FD1.e.19798","ELEMENT":"f.ED9453BD34BB61637EDB63CE7F048255.d.0DC7983F940AED988C251698B6F39FD1.e.19798"},{"block":"start","inline":"nearest"}]}
RESULT: {"script":"<script> [79 bytes]","args":[{"element-6066-11e4-a52e-4f735466cecf":"f.ED9453BD34BB61637EDB63CE7F048255.d.0DC7983F940AED988C251698B6F39FD1.e.19798","ELEMENT":"f.ED9453BD34BB61637EDB63CE7F048255.d.0DC7983F940AED988C251698B6F39FD1.e.19798"},{"block":"start","inline":"nearest"}]}
COMMAND: POST /session/5635ff3a58dcb7e64f288300af2e9ad3/execute/async - {"script":"<script> [1562 bytes]","args":[{"selector":{"id":"application-manageresources-display-component---newResourceUnit--btnAddTimeSegment","interaction":{"idSuffix":"inner"}},"wdio_ui5_key":"applicationmanageresources-display-component---newResourceUnit--btnAddTimeSegment"}]}
COMMAND: GET /session/5635ff3a58dcb7e64f288300af2e9ad3/screenshot - {}
RESULT: {"script":"<script> [1562 bytes]","args":[{"selector":{"id":"application-manageresources-display-component---newResourceUnit--btnAddTimeSegment","interaction":{"idSuffix":"inner"}},"wdio_ui5_key":"applicationmanageresources-display-component---newResourceUnit--btnAddTimeSegment"}]}
RESULT: undefined
COMMAND: POST /session/5635ff3a58dcb7e64f288300af2e9ad3/element - {"using":"xpath","value":"//*[@id=\"application-manageresources-display-component---newResourceUnit--btnAddTimeSegment\"]"}
RESULT: {}
RESULT: {"using":"xpath","value":"//*[@id=\"application-manageresources-display-component---newResourceUnit--btnAddTimeSegment\"]"}
COMMAND: POST /session/5635ff3a58dcb7e64f288300af2e9ad3/element/f.ED9453BD34BB61637EDB63CE7F048255.d.0DC7983F940AED988C251698B6F39FD1.e.19798/click - {}
RESULT: {}
COMMAND: GET /session/5635ff3a58dcb7e64f288300af2e9ad3/screenshot - {}
RESULT: {}
COMMAND: POST /session/5635ff3a58dcb7e64f288300af2e9ad3/element - {"using":"xpath","value":"//input[@id=\"application-manageresources-display-component---newResourceUnit--idRuTSAdmin-application-manageresources-display-component---newResourceUnit--RUTimeSegment-0-inner\"]"}
RESULT: {"using":"xpath","value":"//input[@id=\"application-manageresources-display-component---newResourceUnit--idRuTSAdmin-application-manageresources-display-component---newResourceUnit--RUTimeSegment-0-inner\"]"}
COMMAND: POST /session/5635ff3a58dcb7e64f288300af2e9ad3/element/f.ED9453BD34BB61637EDB63CE7F048255.d.0DC7983F940AED988C251698B6F39FD1.e.19804/clear - {}
RESULT: {}
COMMAND: POST /session/5635ff3a58dcb7e64f288300af2e9ad3/element/f.ED9453BD34BB61637EDB63CE7F048255.d.0DC7983F940AED988C251698B6F39FD1.e.19804/value - {"text":"434"}
COMMAND: GET /session/5635ff3a58dcb7e64f288300af2e9ad3/screenshot - {}
RESULT: {"text":"434"}
COMMAND: GET /session/5635ff3a58dcb7e64f288300af2e9ad3/screenshot - {}
RESULT: {}
RESULT: {}
COMMAND: POST /session/5635ff3a58dcb7e64f288300af2e9ad3/element - {"using":"xpath","value":"//li[.//span[text()='434']]"}
RESULT: {"using":"xpath","value":"//li[.//span[text()='434']]"}
COMMAND: POST /session/5635ff3a58dcb7e64f288300af2e9ad3/element/f.ED9453BD34BB61637EDB63CE7F048255.d.0DC7983F940AED988C251698B6F39FD1.e.19816/click - {}
RESULT: {}
COMMAND: GET /session/5635ff3a58dcb7e64f288300af2e9ad3/screenshot - {}
RESULT: {}
COMMAND: POST /session/5635ff3a58dcb7e64f288300af2e9ad3/element - {"using":"xpath","value":"(//span[contains(@id, \"-application-manageresources-display-component---newResourceUnit--RUTimeSegment-0-arrow\")])[6]"}
RESULT: {"using":"xpath","value":"(//span[contains(@id, \"-application-manageresources-display-component---newResourceUnit--RUTimeSegment-0-arrow\")])[6]"}
COMMAND: POST /session/5635ff3a58dcb7e64f288300af2e9ad3/element/f.ED9453BD34BB61637EDB63CE7F048255.d.0DC7983F940AED988C251698B6F39FD1.e.19817/click - {}
RESULT: {}
COMMAND: GET /session/5635ff3a58dcb7e64f288300af2e9ad3/screenshot - {}
RESULT: {}
COMMAND: POST /session/5635ff3a58dcb7e64f288300af2e9ad3/element - {"using":"xpath","value":"//span[contains(text(), \"PM Order\")]"}
RESULT: {"using":"xpath","value":"//span[contains(text(), \"PM Order\")]"}
COMMAND: POST /session/5635ff3a58dcb7e64f288300af2e9ad3/element/f.ED9453BD34BB61637EDB63CE7F048255.d.0DC7983F940AED988C251698B6F39FD1.e.19820/click - {}
RESULT: {}
COMMAND: GET /session/5635ff3a58dcb7e64f288300af2e9ad3/screenshot - {}
RESULT: {}
COMMAND: POST /session/5635ff3a58dcb7e64f288300af2e9ad3/element - {"using":"xpath","value":"(//span[contains(@id ,\"manageresources-display-component---newResourceUnit--RUTimeSegment-0-vhi\")])[1]"}
RESULT: {"using":"xpath","value":"(//span[contains(@id ,\"manageresources-display-component---newResourceUnit--RUTimeSegment-0-vhi\")])[1]"}
COMMAND: GET /session/5635ff3a58dcb7e64f288300af2e9ad3/element/f.ED9453BD34BB61637EDB63CE7F048255.d.0DC7983F940AED988C251698B6F39FD1.e.19824/rect - {}
RESULT: {}
COMMAND: GET /session/5635ff3a58dcb7e64f288300af2e9ad3/window/rect - {}
RESULT: {}
COMMAND: POST /session/5635ff3a58dcb7e64f288300af2e9ad3/execute/sync - {"script":"<script> [92 bytes]","args":[]}
RESULT: {"script":"<script> [92 bytes]","args":[]}
COMMAND: POST /session/5635ff3a58dcb7e64f288300af2e9ad3/actions - {"actions":[{"id":"action64","type":"wheel","parameters":{},"actions":[{"type":"scroll","x":-869,"y":-24,"deltaX":0,"deltaY":0,"duration":0,"origin":{"element-6066-11e4-a52e-4f735466cecf":"f.ED9453BD34BB61637EDB63CE7F048255.d.0DC7983F940AED988C251698B6F39FD1.e.19824"}}]}]}
COMMAND: GET /session/5635ff3a58dcb7e64f288300af2e9ad3/screenshot - {}
RESULT: {"actions":[{"id":"action64","type":"wheel","parameters":{},"actions":[{"type":"scroll","x":-869,"y":-24,"deltaX":0,"deltaY":0,"duration":0,"origin":{"element-6066-11e4-a52e-4f735466cecf":"f.ED9453BD34BB61637EDB63CE7F048255.d.0DC7983F940AED988C251698B6F39FD1.e.19824"}}]}]}
COMMAND: DELETE /session/5635ff3a58dcb7e64f288300af2e9ad3/actions - {}
COMMAND: GET /session/5635ff3a58dcb7e64f288300af2e9ad3/screenshot - {}
RESULT: {}
RESULT: {}
COMMAND: GET /session/5635ff3a58dcb7e64f288300af2e9ad3/screenshot - {}
RESULT: {}
RESULT: {}
COMMAND: POST /session/5635ff3a58dcb7e64f288300af2e9ad3/element/f.ED9453BD34BB61637EDB63CE7F048255.d.0DC7983F940AED988C251698B6F39FD1.e.19824/click - {}
RESULT: {}
COMMAND: GET /session/5635ff3a58dcb7e64f288300af2e9ad3/screenshot - {}
RESULT: {}
COMMAND: POST /session/5635ff3a58dcb7e64f288300af2e9ad3/execute/async - {"script":"<script> [1562 bytes]","args":[{"selector":{"controlType":"sap.m.SearchField","properties":{"placeholder":"Search"},"searchOpenDialogs":true,"interaction":{"idSuffix":"I"}},"wdio_ui5_key":"sapm.SearchField{\"placeholder\":\"Search\"}"}]}
RESULT: {"script":"<script> [1562 bytes]","args":[{"selector":{"controlType":"sap.m.SearchField","properties":{"placeholder":"Search"},"searchOpenDialogs":true,"interaction":{"idSuffix":"I"}},"wdio_ui5_key":"sapm.SearchField{\"placeholder\":\"Search\"}"}]}
RESULT: undefined
COMMAND: POST /session/5635ff3a58dcb7e64f288300af2e9ad3/execute/async - {"script":"<script> [776 bytes]","args":[{"enterText":"4000360","selector":{"controlType":"sap.m.SearchField","properties":{"placeholder":"Search"},"searchOpenDialogs":true,"interaction":{"idSuffix":"I"}},"clearTextFirst":true,"interactionType":"ENTER_TEXT"}]}
RESULT: {"script":"<script> [776 bytes]","args":[{"enterText":"4000360","selector":{"controlType":"sap.m.SearchField","properties":{"placeholder":"Search"},"searchOpenDialogs":true,"interaction":{"idSuffix":"I"}},"clearTextFirst":true,"interactionType":"ENTER_TEXT"}]}
COMMAND: POST /session/5635ff3a58dcb7e64f288300af2e9ad3/actions - {"actions":[{"id":"action65","type":"key","parameters":{},"actions":[{"type":"keyDown","value":""},{"type":"pause","duration":10},{"type":"keyUp","value":""}]}]}
RESULT: {"actions":[{"id":"action65","type":"key","parameters":{},"actions":[{"type":"keyDown","value":""},{"type":"pause","duration":10},{"type":"keyUp","value":""}]}]}
COMMAND: GET /session/5635ff3a58dcb7e64f288300af2e9ad3/screenshot - {}
RESULT: {}
COMMAND: POST /session/5635ff3a58dcb7e64f288300af2e9ad3/element - {"using":"xpath","value":"//td/div/span[contains(text(), \"BGL Vehicles\")]"}
RESULT: {"using":"xpath","value":"//td/div/span[contains(text(), \"BGL Vehicles\")]"}
COMMAND: POST /session/5635ff3a58dcb7e64f288300af2e9ad3/element/f.ED9453BD34BB61637EDB63CE7F048255.d.0DC7983F940AED988C251698B6F39FD1.e.19846/click - {}
RESULT: {}
COMMAND: GET /session/5635ff3a58dcb7e64f288300af2e9ad3/screenshot - {}
RESULT: {}
COMMAND: POST /session/5635ff3a58dcb7e64f288300af2e9ad3/element - {"using":"xpath","value":"//bdi[contains(text(), \"OK\")]"}
RESULT: {"using":"xpath","value":"//bdi[contains(text(), \"OK\")]"}
COMMAND: POST /session/5635ff3a58dcb7e64f288300af2e9ad3/element/f.ED9453BD34BB61637EDB63CE7F048255.d.0DC7983F940AED988C251698B6F39FD1.e.19847/click - {}
RESULT: {}
COMMAND: GET /session/5635ff3a58dcb7e64f288300af2e9ad3/screenshot - {}
RESULT: {}
COMMAND: POST /session/5635ff3a58dcb7e64f288300af2e9ad3/execute/async - {"script":"<script> [1562 bytes]","args":[{"selector":{"id":"application-manageresources-display-component---newResourceUnit--newRRUPage-anchBar-application-manageresources-display-component---newResourceUnit--resource-anchor","interaction":{"idSuffix":"BDI-content"}},"wdio_ui5_key":"applicationmanageresources-display-component---newResourceUnit--newRRUPage-anchBar-application-manageresources-display-component---newResourceUnit--resource-anchor"}]}
RESULT: {"script":"<script> [1562 bytes]","args":[{"selector":{"id":"application-manageresources-display-component---newResourceUnit--newRRUPage-anchBar-application-manageresources-display-component---newResourceUnit--resource-anchor","interaction":{"idSuffix":"BDI-content"}},"wdio_ui5_key":"applicationmanageresources-display-component---newResourceUnit--newRRUPage-anchBar-application-manageresources-display-component---newResourceUnit--resource-anchor"}]}
RESULT: undefined
COMMAND: POST /session/5635ff3a58dcb7e64f288300af2e9ad3/element - {"using":"xpath","value":"//*[@id=\"application-manageresources-display-component---newResourceUnit--newRRUPage-anchBar-application-manageresources-display-component---newResourceUnit--resource-anchor\"]"}
RESULT: {"using":"xpath","value":"//*[@id=\"application-manageresources-display-component---newResourceUnit--newRRUPage-anchBar-application-manageresources-display-component---newResourceUnit--resource-anchor\"]"}
COMMAND: POST /session/5635ff3a58dcb7e64f288300af2e9ad3/element/f.ED9453BD34BB61637EDB63CE7F048255.d.0DC7983F940AED988C251698B6F39FD1.e.19851/click - {}
RESULT: {}
COMMAND: POST /session/5635ff3a58dcb7e64f288300af2e9ad3/execute/async - {"script":"<script> [1562 bytes]","args":[{"selector":{"id":"application-manageresources-display-component---newResourceUnit--PLANNED_DELIVERY_DATE","interaction":{"idSuffix":"inner"}},"wdio_ui5_key":"applicationmanageresources-display-component---newResourceUnit--PLANNED_DELIVERY_DATE"}]}
COMMAND: GET /session/5635ff3a58dcb7e64f288300af2e9ad3/screenshot - {}
RESULT: {"script":"<script> [1562 bytes]","args":[{"selector":{"id":"application-manageresources-display-component---newResourceUnit--PLANNED_DELIVERY_DATE","interaction":{"idSuffix":"inner"}},"wdio_ui5_key":"applicationmanageresources-display-component---newResourceUnit--PLANNED_DELIVERY_DATE"}]}
RESULT: undefined
COMMAND: POST /session/5635ff3a58dcb7e64f288300af2e9ad3/execute/async - {"script":"<script> [6424 bytes]","args":[{"element-6066-11e4-a52e-4f735466cecf":"f.ED9453BD34BB61637EDB63CE7F048255.d.0DC7983F940AED988C251698B6F39FD1.e.19679"},"setValue",["5/28/25"]]}
RESULT: {}
RESULT: {"script":"<script> [6424 bytes]","args":[{"element-6066-11e4-a52e-4f735466cecf":"f.ED9453BD34BB61637EDB63CE7F048255.d.0DC7983F940AED988C251698B6F39FD1.e.19679"},"setValue",["5/28/25"]]}
COMMAND: POST /session/5635ff3a58dcb7e64f288300af2e9ad3/element - {"using":"xpath","value":"//label[contains(@class, 'sapMLabelRequired') and .//bdi[contains(text(), 'Planned Retirement')]]"}
RESULT: {"using":"xpath","value":"//label[contains(@class, 'sapMLabelRequired') and .//bdi[contains(text(), 'Planned Retirement')]]"}
COMMAND: POST /session/5635ff3a58dcb7e64f288300af2e9ad3/elements - {"using":"xpath","value":"//label[contains(@class, 'sapMLabelRequired') and .//bdi[contains(text(), 'Planned Retirement')]]"}
RESULT: {"using":"xpath","value":"//label[contains(@class, 'sapMLabelRequired') and .//bdi[contains(text(), 'Planned Retirement')]]"}
COMMAND: POST /session/5635ff3a58dcb7e64f288300af2e9ad3/element - {"using":"xpath","value":"//button[@data-kt=\"resourceUnitSaveButton\"]"}
RESULT: {"using":"xpath","value":"//button[@data-kt=\"resourceUnitSaveButton\"]"}
COMMAND: POST /session/5635ff3a58dcb7e64f288300af2e9ad3/element/f.ED9453BD34BB61637EDB63CE7F048255.d.0DC7983F940AED988C251698B6F39FD1.e.19638/click - {}
RESULT: {}
COMMAND: GET /session/5635ff3a58dcb7e64f288300af2e9ad3/screenshot - {}
RESULT: {}
COMMAND: POST /session/5635ff3a58dcb7e64f288300af2e9ad3/element - {"using":"xpath","value":"//bdi[contains(text(), \"Close\")]"}
RESULT: {"using":"xpath","value":"//bdi[contains(text(), \"Close\")]"}
COMMAND: POST /session/5635ff3a58dcb7e64f288300af2e9ad3/element/f.ED9453BD34BB61637EDB63CE7F048255.d.0DC7983F940AED988C251698B6F39FD1.e.19861/click - {}
RESULT: {}
COMMAND: GET /session/5635ff3a58dcb7e64f288300af2e9ad3/screenshot - {}
RESULT: {}
COMMAND: POST /session/5635ff3a58dcb7e64f288300af2e9ad3/element - {"using":"xpath","value":"(//button[contains(@id ,\"actionsToolbar-overflowButton\")])[1]"}
RESULT: {"using":"xpath","value":"(//button[contains(@id ,\"actionsToolbar-overflowButton\")])[1]"}
COMMAND: POST /session/5635ff3a58dcb7e64f288300af2e9ad3/element/f.ED9453BD34BB61637EDB63CE7F048255.d.0DC7983F940AED988C251698B6F39FD1.e.19889/click - {}
RESULT: {}
COMMAND: GET /session/5635ff3a58dcb7e64f288300af2e9ad3/screenshot - {}
RESULT: {}
COMMAND: POST /session/5635ff3a58dcb7e64f288300af2e9ad3/element - {"using":"xpath","value":"//button[@data-kt=\"priceInfoButton\"]"}
RESULT: {"using":"xpath","value":"//button[@data-kt=\"priceInfoButton\"]"}
COMMAND: POST /session/5635ff3a58dcb7e64f288300af2e9ad3/element/f.ED9453BD34BB61637EDB63CE7F048255.d.0DC7983F940AED988C251698B6F39FD1.e.19893/click - {}
RESULT: {}
COMMAND: GET /session/5635ff3a58dcb7e64f288300af2e9ad3/screenshot - {}
RESULT: {}
]]></system-out>
    </testcase>
    <testcase classname="chrome.136_0_7103_93.windows.Create_Reverse_Billing_US127248" name="Should create a pricing procedure" time="51.679">
      <system-out><![CDATA[
COMMAND: POST /session/5635ff3a58dcb7e64f288300af2e9ad3/element - {"using":"xpath","value":"//button[@data-kt=\"addButton\"]"}
RESULT: {"using":"xpath","value":"//button[@data-kt=\"addButton\"]"}
COMMAND: POST /session/5635ff3a58dcb7e64f288300af2e9ad3/elements - {"using":"xpath","value":"//button[@data-kt=\"addButton\"]"}
RESULT: {"using":"xpath","value":"//button[@data-kt=\"addButton\"]"}
COMMAND: POST /session/5635ff3a58dcb7e64f288300af2e9ad3/execute/sync - {"script":"<script> [8489 bytes]","args":[{"element-6066-11e4-a52e-4f735466cecf":"f.ED9453BD34BB61637EDB63CE7F048255.d.0DC7983F940AED988C251698B6F39FD1.e.19929","ELEMENT":"f.ED9453BD34BB61637EDB63CE7F048255.d.0DC7983F940AED988C251698B6F39FD1.e.19929"}]}
RESULT: {"script":"<script> [8489 bytes]","args":[{"element-6066-11e4-a52e-4f735466cecf":"f.ED9453BD34BB61637EDB63CE7F048255.d.0DC7983F940AED988C251698B6F39FD1.e.19929","ELEMENT":"f.ED9453BD34BB61637EDB63CE7F048255.d.0DC7983F940AED988C251698B6F39FD1.e.19929"}]}
COMMAND: GET /session/5635ff3a58dcb7e64f288300af2e9ad3/element/f.ED9453BD34BB61637EDB63CE7F048255.d.0DC7983F940AED988C251698B6F39FD1.e.19929/enabled - {}
COMMAND: GET /session/5635ff3a58dcb7e64f288300af2e9ad3/screenshot - {}
RESULT: {}
COMMAND: POST /session/5635ff3a58dcb7e64f288300af2e9ad3/execute/sync - {"script":"<script> [8489 bytes]","args":[{"element-6066-11e4-a52e-4f735466cecf":"f.ED9453BD34BB61637EDB63CE7F048255.d.0DC7983F940AED988C251698B6F39FD1.e.19929","ELEMENT":"f.ED9453BD34BB61637EDB63CE7F048255.d.0DC7983F940AED988C251698B6F39FD1.e.19929"}]}
COMMAND: GET /session/5635ff3a58dcb7e64f288300af2e9ad3/screenshot - {}
RESULT: {}
RESULT: {"script":"<script> [8489 bytes]","args":[{"element-6066-11e4-a52e-4f735466cecf":"f.ED9453BD34BB61637EDB63CE7F048255.d.0DC7983F940AED988C251698B6F39FD1.e.19929","ELEMENT":"f.ED9453BD34BB61637EDB63CE7F048255.d.0DC7983F940AED988C251698B6F39FD1.e.19929"}]}
COMMAND: POST /session/5635ff3a58dcb7e64f288300af2e9ad3/execute/sync - {"script":"<script> [5351 bytes]","args":[{"element-6066-11e4-a52e-4f735466cecf":"f.ED9453BD34BB61637EDB63CE7F048255.d.0DC7983F940AED988C251698B6F39FD1.e.19929","ELEMENT":"f.ED9453BD34BB61637EDB63CE7F048255.d.0DC7983F940AED988C251698B6F39FD1.e.19929"}]}
COMMAND: GET /session/5635ff3a58dcb7e64f288300af2e9ad3/screenshot - {}
RESULT: {}
RESULT: {"script":"<script> [5351 bytes]","args":[{"element-6066-11e4-a52e-4f735466cecf":"f.ED9453BD34BB61637EDB63CE7F048255.d.0DC7983F940AED988C251698B6F39FD1.e.19929","ELEMENT":"f.ED9453BD34BB61637EDB63CE7F048255.d.0DC7983F940AED988C251698B6F39FD1.e.19929"}]}
COMMAND: POST /session/5635ff3a58dcb7e64f288300af2e9ad3/element/f.ED9453BD34BB61637EDB63CE7F048255.d.0DC7983F940AED988C251698B6F39FD1.e.19929/click - {}
COMMAND: GET /session/5635ff3a58dcb7e64f288300af2e9ad3/screenshot - {}
RESULT: {}
RESULT: {}
COMMAND: GET /session/5635ff3a58dcb7e64f288300af2e9ad3/screenshot - {}
RESULT: {}
RESULT: {}
COMMAND: POST /session/5635ff3a58dcb7e64f288300af2e9ad3/execute/async - {"script":"<script> [1562 bytes]","args":[{"selector":{"controlType":"sap.m.Title","viewName":"etm.portal.ui.managepricingrules.view.NewItem","viewId":"application-managepricingrules-display-component---newInfoPriceItem","properties":{"text":"New Pricing Rules - Item Level"}},"wdio_ui5_key":"etmportal.ui.managepricingrules.view.NewItemsap.m.Title{\"text\":\"New Pricing Rules - Item Level\"}"}]}
RESULT: {"script":"<script> [1562 bytes]","args":[{"selector":{"controlType":"sap.m.Title","viewName":"etm.portal.ui.managepricingrules.view.NewItem","viewId":"application-managepricingrules-display-component---newInfoPriceItem","properties":{"text":"New Pricing Rules - Item Level"}},"wdio_ui5_key":"etmportal.ui.managepricingrules.view.NewItemsap.m.Title{\"text\":\"New Pricing Rules - Item Level\"}"}]}
RESULT: undefined
COMMAND: POST /session/5635ff3a58dcb7e64f288300af2e9ad3/execute/async - {"script":"<script> [6424 bytes]","args":[{"element-6066-11e4-a52e-4f735466cecf":"f.ED9453BD34BB61637EDB63CE7F048255.d.0DC7983F940AED988C251698B6F39FD1.e.20013"},"getText",[]]}
RESULT: {"script":"<script> [6424 bytes]","args":[{"element-6066-11e4-a52e-4f735466cecf":"f.ED9453BD34BB61637EDB63CE7F048255.d.0DC7983F940AED988C251698B6F39FD1.e.20013"},"getText",[]]}
COMMAND: POST /session/5635ff3a58dcb7e64f288300af2e9ad3/execute/async - {"script":"<script> [1562 bytes]","args":[{"selector":{"id":"application-managepricingrules-display-component---newInfoPriceItem--condValidTo","interaction":{"idSuffix":"inner"}},"wdio_ui5_key":"applicationmanagepricingrules-display-component---newInfoPriceItem--condValidTo"}]}
RESULT: {"script":"<script> [1562 bytes]","args":[{"selector":{"id":"application-managepricingrules-display-component---newInfoPriceItem--condValidTo","interaction":{"idSuffix":"inner"}},"wdio_ui5_key":"applicationmanagepricingrules-display-component---newInfoPriceItem--condValidTo"}]}
RESULT: undefined
COMMAND: POST /session/5635ff3a58dcb7e64f288300af2e9ad3/execute/async - {"script":"<script> [776 bytes]","args":[{"enterText":"1/28/26","selector":{"id":"application-managepricingrules-display-component---newInfoPriceItem--condValidTo","interaction":{"idSuffix":"inner"}},"clearTextFirst":true,"interactionType":"ENTER_TEXT"}]}
RESULT: {"script":"<script> [776 bytes]","args":[{"enterText":"1/28/26","selector":{"id":"application-managepricingrules-display-component---newInfoPriceItem--condValidTo","interaction":{"idSuffix":"inner"}},"clearTextFirst":true,"interactionType":"ENTER_TEXT"}]}
COMMAND: POST /session/5635ff3a58dcb7e64f288300af2e9ad3/execute/async - {"script":"<script> [1562 bytes]","args":[{"selector":{"id":"application-managepricingrules-display-component---newInfoPriceItem--billType-arrow"},"wdio_ui5_key":"applicationmanagepricingrules-display-component---newInfoPriceItem--billType-arrow"}]}
RESULT: {"script":"<script> [1562 bytes]","args":[{"selector":{"id":"application-managepricingrules-display-component---newInfoPriceItem--billType-arrow"},"wdio_ui5_key":"applicationmanagepricingrules-display-component---newInfoPriceItem--billType-arrow"}]}
RESULT: undefined
COMMAND: POST /session/5635ff3a58dcb7e64f288300af2e9ad3/element - {"using":"xpath","value":"//*[@id=\"application-managepricingrules-display-component---newInfoPriceItem--billType-arrow\"]"}
RESULT: {"using":"xpath","value":"//*[@id=\"application-managepricingrules-display-component---newInfoPriceItem--billType-arrow\"]"}
COMMAND: POST /session/5635ff3a58dcb7e64f288300af2e9ad3/element/f.ED9453BD34BB61637EDB63CE7F048255.d.0DC7983F940AED988C251698B6F39FD1.e.20015/click - {}
RESULT: {}
COMMAND: POST /session/5635ff3a58dcb7e64f288300af2e9ad3/element - {"using":"xpath","value":"//span[contains(text(), \"TB - Time based\")]"}
COMMAND: GET /session/5635ff3a58dcb7e64f288300af2e9ad3/screenshot - {}
RESULT: {"using":"xpath","value":"//span[contains(text(), \"TB - Time based\")]"}
COMMAND: POST /session/5635ff3a58dcb7e64f288300af2e9ad3/element/f.ED9453BD34BB61637EDB63CE7F048255.d.0DC7983F940AED988C251698B6F39FD1.e.20016/click - {}
RESULT: {}
RESULT: {}
COMMAND: POST /session/5635ff3a58dcb7e64f288300af2e9ad3/execute/async - {"script":"<script> [1562 bytes]","args":[{"selector":{"id":"application-managepricingrules-display-component---newInfoPriceItem--priceProc-arrow"},"wdio_ui5_key":"applicationmanagepricingrules-display-component---newInfoPriceItem--priceProc-arrow"}]}
COMMAND: GET /session/5635ff3a58dcb7e64f288300af2e9ad3/screenshot - {}
RESULT: {"script":"<script> [1562 bytes]","args":[{"selector":{"id":"application-managepricingrules-display-component---newInfoPriceItem--priceProc-arrow"},"wdio_ui5_key":"applicationmanagepricingrules-display-component---newInfoPriceItem--priceProc-arrow"}]}
RESULT: undefined
COMMAND: POST /session/5635ff3a58dcb7e64f288300af2e9ad3/element - {"using":"xpath","value":"//*[@id=\"application-managepricingrules-display-component---newInfoPriceItem--priceProc-arrow\"]"}
RESULT: {}
RESULT: {"using":"xpath","value":"//*[@id=\"application-managepricingrules-display-component---newInfoPriceItem--priceProc-arrow\"]"}
COMMAND: POST /session/5635ff3a58dcb7e64f288300af2e9ad3/element/f.ED9453BD34BB61637EDB63CE7F048255.d.0DC7983F940AED988C251698B6F39FD1.e.20017/click - {}
RESULT: {}
COMMAND: POST /session/5635ff3a58dcb7e64f288300af2e9ad3/element - {"using":"xpath","value":"//span[contains(text(), \"TBS - Time based standard\")]"}
COMMAND: GET /session/5635ff3a58dcb7e64f288300af2e9ad3/screenshot - {}
RESULT: {"using":"xpath","value":"//span[contains(text(), \"TBS - Time based standard\")]"}
COMMAND: POST /session/5635ff3a58dcb7e64f288300af2e9ad3/element/f.ED9453BD34BB61637EDB63CE7F048255.d.0DC7983F940AED988C251698B6F39FD1.e.20018/click - {}
RESULT: {}
RESULT: {}
COMMAND: POST /session/5635ff3a58dcb7e64f288300af2e9ad3/execute/async - {"script":"<script> [1562 bytes]","args":[{"selector":{"id":"application-managepricingrules-display-component---newInfoPriceItem--calcBase-arrow"},"wdio_ui5_key":"applicationmanagepricingrules-display-component---newInfoPriceItem--calcBase-arrow"}]}
COMMAND: GET /session/5635ff3a58dcb7e64f288300af2e9ad3/screenshot - {}
RESULT: {"script":"<script> [1562 bytes]","args":[{"selector":{"id":"application-managepricingrules-display-component---newInfoPriceItem--calcBase-arrow"},"wdio_ui5_key":"applicationmanagepricingrules-display-component---newInfoPriceItem--calcBase-arrow"}]}
RESULT: undefined
COMMAND: POST /session/5635ff3a58dcb7e64f288300af2e9ad3/element - {"using":"xpath","value":"//*[@id=\"application-managepricingrules-display-component---newInfoPriceItem--calcBase-arrow\"]"}
RESULT: {}
RESULT: {"using":"xpath","value":"//*[@id=\"application-managepricingrules-display-component---newInfoPriceItem--calcBase-arrow\"]"}
COMMAND: POST /session/5635ff3a58dcb7e64f288300af2e9ad3/element/f.ED9453BD34BB61637EDB63CE7F048255.d.0DC7983F940AED988C251698B6F39FD1.e.20019/click - {}
RESULT: {}
COMMAND: GET /session/5635ff3a58dcb7e64f288300af2e9ad3/screenshot - {}
RESULT: {}
COMMAND: POST /session/5635ff3a58dcb7e64f288300af2e9ad3/element - {"using":"xpath","value":"//span[contains(text(), \"0006 - TB(calendar days)\")]"}
RESULT: {"using":"xpath","value":"//span[contains(text(), \"0006 - TB(calendar days)\")]"}
COMMAND: POST /session/5635ff3a58dcb7e64f288300af2e9ad3/element/f.ED9453BD34BB61637EDB63CE7F048255.d.0DC7983F940AED988C251698B6F39FD1.e.20020/click - {}
RESULT: {}
COMMAND: GET /session/5635ff3a58dcb7e64f288300af2e9ad3/screenshot - {}
RESULT: {}
COMMAND: POST /session/5635ff3a58dcb7e64f288300af2e9ad3/execute/async - {"script":"<script> [1562 bytes]","args":[{"selector":{"id":"application-managepricingrules-display-component---newInfoPriceItem--daysMonth","interaction":{"idSuffix":"inner"}},"wdio_ui5_key":"applicationmanagepricingrules-display-component---newInfoPriceItem--daysMonth"}]}
RESULT: {"script":"<script> [1562 bytes]","args":[{"selector":{"id":"application-managepricingrules-display-component---newInfoPriceItem--daysMonth","interaction":{"idSuffix":"inner"}},"wdio_ui5_key":"applicationmanagepricingrules-display-component---newInfoPriceItem--daysMonth"}]}
RESULT: undefined
COMMAND: POST /session/5635ff3a58dcb7e64f288300af2e9ad3/execute/async - {"script":"<script> [776 bytes]","args":[{"enterText":"30","selector":{"id":"application-managepricingrules-display-component---newInfoPriceItem--daysMonth","interaction":{"idSuffix":"inner"}},"clearTextFirst":true,"interactionType":"ENTER_TEXT"}]}
RESULT: {"script":"<script> [776 bytes]","args":[{"enterText":"30","selector":{"id":"application-managepricingrules-display-component---newInfoPriceItem--daysMonth","interaction":{"idSuffix":"inner"}},"clearTextFirst":true,"interactionType":"ENTER_TEXT"}]}
COMMAND: POST /session/5635ff3a58dcb7e64f288300af2e9ad3/element - {"using":"xpath","value":"//button[@data-kt=\"saveNewRuleButton\"]"}
RESULT: {"using":"xpath","value":"//button[@data-kt=\"saveNewRuleButton\"]"}
COMMAND: POST /session/5635ff3a58dcb7e64f288300af2e9ad3/element/f.ED9453BD34BB61637EDB63CE7F048255.d.0DC7983F940AED988C251698B6F39FD1.e.20022/click - {}
RESULT: {}
COMMAND: GET /session/5635ff3a58dcb7e64f288300af2e9ad3/screenshot - {}
RESULT: {}
COMMAND: POST /session/5635ff3a58dcb7e64f288300af2e9ad3/execute/async - {"script":"<script> [1562 bytes]","args":[{"selector":{"id":"application-managepricingrules-display-component---priceInfoItem--smartFilterBar-btnBasicSearch","interaction":{"idSuffix":"I"}},"wdio_ui5_key":"applicationmanagepricingrules-display-component---priceInfoItem--smartFilterBar-btnBasicSearch"}]}
RESULT: {"script":"<script> [1562 bytes]","args":[{"selector":{"id":"application-managepricingrules-display-component---priceInfoItem--smartFilterBar-btnBasicSearch","interaction":{"idSuffix":"I"}},"wdio_ui5_key":"applicationmanagepricingrules-display-component---priceInfoItem--smartFilterBar-btnBasicSearch"}]}
RESULT: undefined
COMMAND: POST /session/5635ff3a58dcb7e64f288300af2e9ad3/execute/async - {"script":"<script> [776 bytes]","args":[{"enterText":"mIDrXSs4k4","selector":{"id":"application-managepricingrules-display-component---priceInfoItem--smartFilterBar-btnBasicSearch","interaction":{"idSuffix":"I"}},"clearTextFirst":true,"interactionType":"ENTER_TEXT"}]}
RESULT: {"script":"<script> [776 bytes]","args":[{"enterText":"mIDrXSs4k4","selector":{"id":"application-managepricingrules-display-component---priceInfoItem--smartFilterBar-btnBasicSearch","interaction":{"idSuffix":"I"}},"clearTextFirst":true,"interactionType":"ENTER_TEXT"}]}
COMMAND: POST /session/5635ff3a58dcb7e64f288300af2e9ad3/actions - {"actions":[{"id":"action66","type":"key","parameters":{},"actions":[{"type":"keyDown","value":""},{"type":"pause","duration":10},{"type":"keyUp","value":""}]}]}
RESULT: {"actions":[{"id":"action66","type":"key","parameters":{},"actions":[{"type":"keyDown","value":""},{"type":"pause","duration":10},{"type":"keyUp","value":""}]}]}
COMMAND: GET /session/5635ff3a58dcb7e64f288300af2e9ad3/screenshot - {}
RESULT: {}
COMMAND: POST /session/5635ff3a58dcb7e64f288300af2e9ad3/element - {"using":"xpath","value":"//span[@id=\"application-managepricingrules-display-component---priceInfoItem--smartTable-header-inner\"]"}
RESULT: {"using":"xpath","value":"//span[@id=\"application-managepricingrules-display-component---priceInfoItem--smartTable-header-inner\"]"}
COMMAND: POST /session/5635ff3a58dcb7e64f288300af2e9ad3/elements - {"using":"xpath","value":"//span[@id=\"application-managepricingrules-display-component---priceInfoItem--smartTable-header-inner\"]"}
RESULT: {"using":"xpath","value":"//span[@id=\"application-managepricingrules-display-component---priceInfoItem--smartTable-header-inner\"]"}
COMMAND: POST /session/5635ff3a58dcb7e64f288300af2e9ad3/execute/sync - {"script":"<script> [56 bytes]","args":[{"element-6066-11e4-a52e-4f735466cecf":"f.ED9453BD34BB61637EDB63CE7F048255.d.0DC7983F940AED988C251698B6F39FD1.e.20044","ELEMENT":"f.ED9453BD34BB61637EDB63CE7F048255.d.0DC7983F940AED988C251698B6F39FD1.e.20044"}]}
RESULT: {"script":"<script> [56 bytes]","args":[{"element-6066-11e4-a52e-4f735466cecf":"f.ED9453BD34BB61637EDB63CE7F048255.d.0DC7983F940AED988C251698B6F39FD1.e.20044","ELEMENT":"f.ED9453BD34BB61637EDB63CE7F048255.d.0DC7983F940AED988C251698B6F39FD1.e.20044"}]}
COMMAND: POST /session/5635ff3a58dcb7e64f288300af2e9ad3/element - {"using":"css selector","value":"#shell-header-logo"}
COMMAND: GET /session/5635ff3a58dcb7e64f288300af2e9ad3/screenshot - {}
RESULT: {"using":"css selector","value":"#shell-header-logo"}
COMMAND: POST /session/5635ff3a58dcb7e64f288300af2e9ad3/element/f.ED9453BD34BB61637EDB63CE7F048255.d.0DC7983F940AED988C251698B6F39FD1.e.19226/click - {}
RESULT: {}
RESULT: {}
COMMAND: GET /session/5635ff3a58dcb7e64f288300af2e9ad3/screenshot - {}
RESULT: {}
]]></system-out>
    </testcase>
    <testcase classname="chrome.136_0_7103_93.windows.Create_Reverse_Billing_US127248" name="Should manage conditions" time="66.166">
      <system-out><![CDATA[
COMMAND: POST /session/5635ff3a58dcb7e64f288300af2e9ad3/execute/async - {"script":"<script> [1562 bytes]","args":[{"selector":{"controlType":"sap.m.GenericTile","properties":{"header":"Manage Conditions & Prices"}},"wdio_ui5_key":"sapm.GenericTile{\"header\":\"Manage Conditions & Prices\"}"}]}
RESULT: {"script":"<script> [1562 bytes]","args":[{"selector":{"controlType":"sap.m.GenericTile","properties":{"header":"Manage Conditions & Prices"}},"wdio_ui5_key":"sapm.GenericTile{\"header\":\"Manage Conditions & Prices\"}"}]}
RESULT: undefined
COMMAND: POST /session/5635ff3a58dcb7e64f288300af2e9ad3/element - {"using":"xpath","value":"//*[@id=\"__tile53\"]"}
RESULT: {"using":"xpath","value":"//*[@id=\"__tile53\"]"}
COMMAND: POST /session/5635ff3a58dcb7e64f288300af2e9ad3/element/f.ED9453BD34BB61637EDB63CE7F048255.d.0DC7983F940AED988C251698B6F39FD1.e.19152/click - {}
RESULT: {}
COMMAND: GET /session/5635ff3a58dcb7e64f288300af2e9ad3/screenshot - {}
RESULT: {}
COMMAND: POST /session/5635ff3a58dcb7e64f288300af2e9ad3/elements - {"using":"xpath","value":"//span[text()='Error']"}
RESULT: {"using":"xpath","value":"//span[text()='Error']"}
COMMAND: POST /session/5635ff3a58dcb7e64f288300af2e9ad3/element - {"using":"xpath","value":"//button[@aria-label=\"Create\"]"}
RESULT: {"using":"xpath","value":"//button[@aria-label=\"Create\"]"}
COMMAND: POST /session/5635ff3a58dcb7e64f288300af2e9ad3/elements - {"using":"xpath","value":"//button[@aria-label=\"Create\"]"}
RESULT: {"using":"xpath","value":"//button[@aria-label=\"Create\"]"}
COMMAND: POST /session/5635ff3a58dcb7e64f288300af2e9ad3/execute/sync - {"script":"<script> [8489 bytes]","args":[{"element-6066-11e4-a52e-4f735466cecf":"f.ED9453BD34BB61637EDB63CE7F048255.d.0DC7983F940AED988C251698B6F39FD1.e.20079","ELEMENT":"f.ED9453BD34BB61637EDB63CE7F048255.d.0DC7983F940AED988C251698B6F39FD1.e.20079"}]}
RESULT: {"script":"<script> [8489 bytes]","args":[{"element-6066-11e4-a52e-4f735466cecf":"f.ED9453BD34BB61637EDB63CE7F048255.d.0DC7983F940AED988C251698B6F39FD1.e.20079","ELEMENT":"f.ED9453BD34BB61637EDB63CE7F048255.d.0DC7983F940AED988C251698B6F39FD1.e.20079"}]}
COMMAND: GET /session/5635ff3a58dcb7e64f288300af2e9ad3/element/f.ED9453BD34BB61637EDB63CE7F048255.d.0DC7983F940AED988C251698B6F39FD1.e.20079/enabled - {}
COMMAND: GET /session/5635ff3a58dcb7e64f288300af2e9ad3/screenshot - {}
RESULT: {}
COMMAND: POST /session/5635ff3a58dcb7e64f288300af2e9ad3/execute/sync - {"script":"<script> [8489 bytes]","args":[{"element-6066-11e4-a52e-4f735466cecf":"f.ED9453BD34BB61637EDB63CE7F048255.d.0DC7983F940AED988C251698B6F39FD1.e.20079","ELEMENT":"f.ED9453BD34BB61637EDB63CE7F048255.d.0DC7983F940AED988C251698B6F39FD1.e.20079"}]}
COMMAND: GET /session/5635ff3a58dcb7e64f288300af2e9ad3/screenshot - {}
RESULT: {}
RESULT: {"script":"<script> [8489 bytes]","args":[{"element-6066-11e4-a52e-4f735466cecf":"f.ED9453BD34BB61637EDB63CE7F048255.d.0DC7983F940AED988C251698B6F39FD1.e.20079","ELEMENT":"f.ED9453BD34BB61637EDB63CE7F048255.d.0DC7983F940AED988C251698B6F39FD1.e.20079"}]}
COMMAND: POST /session/5635ff3a58dcb7e64f288300af2e9ad3/execute/sync - {"script":"<script> [5351 bytes]","args":[{"element-6066-11e4-a52e-4f735466cecf":"f.ED9453BD34BB61637EDB63CE7F048255.d.0DC7983F940AED988C251698B6F39FD1.e.20079","ELEMENT":"f.ED9453BD34BB61637EDB63CE7F048255.d.0DC7983F940AED988C251698B6F39FD1.e.20079"}]}
COMMAND: GET /session/5635ff3a58dcb7e64f288300af2e9ad3/screenshot - {}
RESULT: {}
RESULT: {"script":"<script> [5351 bytes]","args":[{"element-6066-11e4-a52e-4f735466cecf":"f.ED9453BD34BB61637EDB63CE7F048255.d.0DC7983F940AED988C251698B6F39FD1.e.20079","ELEMENT":"f.ED9453BD34BB61637EDB63CE7F048255.d.0DC7983F940AED988C251698B6F39FD1.e.20079"}]}
COMMAND: POST /session/5635ff3a58dcb7e64f288300af2e9ad3/element/f.ED9453BD34BB61637EDB63CE7F048255.d.0DC7983F940AED988C251698B6F39FD1.e.20079/click - {}
COMMAND: GET /session/5635ff3a58dcb7e64f288300af2e9ad3/screenshot - {}
RESULT: {}
RESULT: {}
COMMAND: GET /session/5635ff3a58dcb7e64f288300af2e9ad3/screenshot - {}
RESULT: {}
RESULT: {}
COMMAND: POST /session/5635ff3a58dcb7e64f288300af2e9ad3/actions - {"actions":[{"id":"action67","type":"key","parameters":{},"actions":[{"type":"keyDown","value":""},{"type":"pause","duration":10},{"type":"keyUp","value":""}]}]}
RESULT: {"actions":[{"id":"action67","type":"key","parameters":{},"actions":[{"type":"keyDown","value":""},{"type":"pause","duration":10},{"type":"keyUp","value":""}]}]}
COMMAND: GET /session/5635ff3a58dcb7e64f288300af2e9ad3/screenshot - {}
RESULT: {}
COMMAND: POST /session/5635ff3a58dcb7e64f288300af2e9ad3/execute/async - {"script":"<script> [1562 bytes]","args":[{"selector":{"id":"application-manageconditionprice-display-component---newCondition--condBillCond-arrow"},"wdio_ui5_key":"applicationmanageconditionprice-display-component---newCondition--condBillCond-arrow"}]}
RESULT: {"script":"<script> [1562 bytes]","args":[{"selector":{"id":"application-manageconditionprice-display-component---newCondition--condBillCond-arrow"},"wdio_ui5_key":"applicationmanageconditionprice-display-component---newCondition--condBillCond-arrow"}]}
RESULT: undefined
COMMAND: POST /session/5635ff3a58dcb7e64f288300af2e9ad3/element - {"using":"xpath","value":"//*[@id=\"application-manageconditionprice-display-component---newCondition--condBillCond-arrow\"]"}
RESULT: {"using":"xpath","value":"//*[@id=\"application-manageconditionprice-display-component---newCondition--condBillCond-arrow\"]"}
COMMAND: POST /session/5635ff3a58dcb7e64f288300af2e9ad3/element/f.ED9453BD34BB61637EDB63CE7F048255.d.0DC7983F940AED988C251698B6F39FD1.e.20257/click - {}
RESULT: {}
COMMAND: GET /session/5635ff3a58dcb7e64f288300af2e9ad3/screenshot - {}
RESULT: {}
COMMAND: POST /session/5635ff3a58dcb7e64f288300af2e9ad3/element - {"using":"xpath","value":"//li[.//span[contains(text(), \"DISP - D&I special price\")]]"}
RESULT: {"using":"xpath","value":"//li[.//span[contains(text(), \"DISP - D&I special price\")]]"}
COMMAND: POST /session/5635ff3a58dcb7e64f288300af2e9ad3/element/f.ED9453BD34BB61637EDB63CE7F048255.d.0DC7983F940AED988C251698B6F39FD1.e.20260/click - {}
RESULT: {}
COMMAND: GET /session/5635ff3a58dcb7e64f288300af2e9ad3/screenshot - {}
RESULT: {}
COMMAND: POST /session/5635ff3a58dcb7e64f288300af2e9ad3/execute/async - {"script":"<script> [1562 bytes]","args":[{"selector":{"id":"application-manageconditionprice-display-component---newCondition--condValidTo","interaction":{"idSuffix":"inner"}},"wdio_ui5_key":"applicationmanageconditionprice-display-component---newCondition--condValidTo"}]}
RESULT: {"script":"<script> [1562 bytes]","args":[{"selector":{"id":"application-manageconditionprice-display-component---newCondition--condValidTo","interaction":{"idSuffix":"inner"}},"wdio_ui5_key":"applicationmanageconditionprice-display-component---newCondition--condValidTo"}]}
RESULT: undefined
COMMAND: POST /session/5635ff3a58dcb7e64f288300af2e9ad3/execute/async - {"script":"<script> [776 bytes]","args":[{"enterText":"1/28/26","selector":{"id":"application-manageconditionprice-display-component---newCondition--condValidTo","interaction":{"idSuffix":"inner"}},"clearTextFirst":true,"interactionType":"ENTER_TEXT"}]}
RESULT: {"script":"<script> [776 bytes]","args":[{"enterText":"1/28/26","selector":{"id":"application-manageconditionprice-display-component---newCondition--condValidTo","interaction":{"idSuffix":"inner"}},"clearTextFirst":true,"interactionType":"ENTER_TEXT"}]}
COMMAND: POST /session/5635ff3a58dcb7e64f288300af2e9ad3/element - {"using":"xpath","value":"//input[@id=\"application-manageconditionprice-display-component---newCondition--condRU-inner\"]"}
RESULT: {"using":"xpath","value":"//input[@id=\"application-manageconditionprice-display-component---newCondition--condRU-inner\"]"}
COMMAND: POST /session/5635ff3a58dcb7e64f288300af2e9ad3/element/f.ED9453BD34BB61637EDB63CE7F048255.d.0DC7983F940AED988C251698B6F39FD1.e.20121/clear - {}
RESULT: {}
COMMAND: POST /session/5635ff3a58dcb7e64f288300af2e9ad3/element/f.ED9453BD34BB61637EDB63CE7F048255.d.0DC7983F940AED988C251698B6F39FD1.e.20121/value - {"text":"mIDrXSs4k4"}
COMMAND: GET /session/5635ff3a58dcb7e64f288300af2e9ad3/screenshot - {}
RESULT: {"text":"mIDrXSs4k4"}
COMMAND: GET /session/5635ff3a58dcb7e64f288300af2e9ad3/screenshot - {}
RESULT: {}
RESULT: {}
COMMAND: POST /session/5635ff3a58dcb7e64f288300af2e9ad3/actions - {"actions":[{"id":"action68","type":"key","parameters":{},"actions":[{"type":"keyDown","value":""},{"type":"pause","duration":10},{"type":"keyUp","value":""}]}]}
RESULT: {"actions":[{"id":"action68","type":"key","parameters":{},"actions":[{"type":"keyDown","value":""},{"type":"pause","duration":10},{"type":"keyUp","value":""}]}]}
COMMAND: POST /session/5635ff3a58dcb7e64f288300af2e9ad3/execute/async - {"script":"<script> [1562 bytes]","args":[{"selector":{"id":"application-manageconditionprice-display-component---newCondition--condBaseQty","interaction":{"idSuffix":"inner"}},"wdio_ui5_key":"applicationmanageconditionprice-display-component---newCondition--condBaseQty"}]}
COMMAND: GET /session/5635ff3a58dcb7e64f288300af2e9ad3/screenshot - {}
RESULT: {"script":"<script> [1562 bytes]","args":[{"selector":{"id":"application-manageconditionprice-display-component---newCondition--condBaseQty","interaction":{"idSuffix":"inner"}},"wdio_ui5_key":"applicationmanageconditionprice-display-component---newCondition--condBaseQty"}]}
RESULT: undefined
COMMAND: POST /session/5635ff3a58dcb7e64f288300af2e9ad3/execute/async - {"script":"<script> [776 bytes]","args":[{"enterText":"1","selector":{"id":"application-manageconditionprice-display-component---newCondition--condBaseQty","interaction":{"idSuffix":"inner"}},"clearTextFirst":true,"interactionType":"ENTER_TEXT"}]}
RESULT: {}
RESULT: {"script":"<script> [776 bytes]","args":[{"enterText":"1","selector":{"id":"application-manageconditionprice-display-component---newCondition--condBaseQty","interaction":{"idSuffix":"inner"}},"clearTextFirst":true,"interactionType":"ENTER_TEXT"}]}
COMMAND: POST /session/5635ff3a58dcb7e64f288300af2e9ad3/execute/async - {"script":"<script> [1562 bytes]","args":[{"selector":{"id":"application-manageconditionprice-display-component---newCondition--condValue","interaction":{"idSuffix":"inner"}},"wdio_ui5_key":"applicationmanageconditionprice-display-component---newCondition--condValue"}]}
RESULT: {"script":"<script> [1562 bytes]","args":[{"selector":{"id":"application-manageconditionprice-display-component---newCondition--condValue","interaction":{"idSuffix":"inner"}},"wdio_ui5_key":"applicationmanageconditionprice-display-component---newCondition--condValue"}]}
RESULT: undefined
COMMAND: POST /session/5635ff3a58dcb7e64f288300af2e9ad3/execute/async - {"script":"<script> [776 bytes]","args":[{"enterText":"200","selector":{"id":"application-manageconditionprice-display-component---newCondition--condValue","interaction":{"idSuffix":"inner"}},"clearTextFirst":true,"interactionType":"ENTER_TEXT"}]}
RESULT: {"script":"<script> [776 bytes]","args":[{"enterText":"200","selector":{"id":"application-manageconditionprice-display-component---newCondition--condValue","interaction":{"idSuffix":"inner"}},"clearTextFirst":true,"interactionType":"ENTER_TEXT"}]}
COMMAND: POST /session/5635ff3a58dcb7e64f288300af2e9ad3/execute/async - {"script":"<script> [1562 bytes]","args":[{"selector":{"id":"application-manageconditionprice-display-component---newCondition--condCurr-arrow"},"wdio_ui5_key":"applicationmanageconditionprice-display-component---newCondition--condCurr-arrow"}]}
RESULT: {"script":"<script> [1562 bytes]","args":[{"selector":{"id":"application-manageconditionprice-display-component---newCondition--condCurr-arrow"},"wdio_ui5_key":"applicationmanageconditionprice-display-component---newCondition--condCurr-arrow"}]}
RESULT: undefined
COMMAND: POST /session/5635ff3a58dcb7e64f288300af2e9ad3/element - {"using":"xpath","value":"//*[@id=\"application-manageconditionprice-display-component---newCondition--condCurr-arrow\"]"}
RESULT: {"using":"xpath","value":"//*[@id=\"application-manageconditionprice-display-component---newCondition--condCurr-arrow\"]"}
COMMAND: POST /session/5635ff3a58dcb7e64f288300af2e9ad3/element/f.ED9453BD34BB61637EDB63CE7F048255.d.0DC7983F940AED988C251698B6F39FD1.e.20239/click - {}
RESULT: {}
COMMAND: POST /session/5635ff3a58dcb7e64f288300af2e9ad3/element - {"using":"xpath","value":"//span[contains(text(), \"Euro\")]"}
COMMAND: GET /session/5635ff3a58dcb7e64f288300af2e9ad3/screenshot - {}
RESULT: {"using":"xpath","value":"//span[contains(text(), \"Euro\")]"}
COMMAND: POST /session/5635ff3a58dcb7e64f288300af2e9ad3/element/f.ED9453BD34BB61637EDB63CE7F048255.d.0DC7983F940AED988C251698B6F39FD1.e.20297/click - {}
RESULT: {}
RESULT: {}
COMMAND: POST /session/5635ff3a58dcb7e64f288300af2e9ad3/element - {"using":"xpath","value":"//button[@data-kt=\"saveButton\"]"}
COMMAND: GET /session/5635ff3a58dcb7e64f288300af2e9ad3/screenshot - {}
RESULT: {"using":"xpath","value":"//button[@data-kt=\"saveButton\"]"}
COMMAND: POST /session/5635ff3a58dcb7e64f288300af2e9ad3/element/f.ED9453BD34BB61637EDB63CE7F048255.d.0DC7983F940AED988C251698B6F39FD1.e.20240/click - {}
RESULT: {}
RESULT: {}
COMMAND: GET /session/5635ff3a58dcb7e64f288300af2e9ad3/screenshot - {}
RESULT: {}
COMMAND: POST /session/5635ff3a58dcb7e64f288300af2e9ad3/execute/async - {"script":"<script> [1562 bytes]","args":[{"selector":{"id":"application-manageconditionprice-display-component---conditions--smartFilterBar-btnBasicSearch","interaction":{"idSuffix":"I"}},"wdio_ui5_key":"applicationmanageconditionprice-display-component---conditions--smartFilterBar-btnBasicSearch"}]}
RESULT: {"script":"<script> [1562 bytes]","args":[{"selector":{"id":"application-manageconditionprice-display-component---conditions--smartFilterBar-btnBasicSearch","interaction":{"idSuffix":"I"}},"wdio_ui5_key":"applicationmanageconditionprice-display-component---conditions--smartFilterBar-btnBasicSearch"}]}
RESULT: undefined
COMMAND: POST /session/5635ff3a58dcb7e64f288300af2e9ad3/execute/async - {"script":"<script> [776 bytes]","args":[{"enterText":"mIDrXSs4k4","selector":{"id":"application-manageconditionprice-display-component---conditions--smartFilterBar-btnBasicSearch","interaction":{"idSuffix":"I"}},"clearTextFirst":true,"interactionType":"ENTER_TEXT"}]}
RESULT: {"script":"<script> [776 bytes]","args":[{"enterText":"mIDrXSs4k4","selector":{"id":"application-manageconditionprice-display-component---conditions--smartFilterBar-btnBasicSearch","interaction":{"idSuffix":"I"}},"clearTextFirst":true,"interactionType":"ENTER_TEXT"}]}
COMMAND: POST /session/5635ff3a58dcb7e64f288300af2e9ad3/actions - {"actions":[{"id":"action69","type":"key","parameters":{},"actions":[{"type":"keyDown","value":""},{"type":"pause","duration":10},{"type":"keyUp","value":""}]}]}
RESULT: {"actions":[{"id":"action69","type":"key","parameters":{},"actions":[{"type":"keyDown","value":""},{"type":"pause","duration":10},{"type":"keyUp","value":""}]}]}
COMMAND: GET /session/5635ff3a58dcb7e64f288300af2e9ad3/screenshot - {}
RESULT: {}
COMMAND: POST /session/5635ff3a58dcb7e64f288300af2e9ad3/execute/async - {"script":"<script> [1562 bytes]","args":[{"selector":{"id":"application-manageconditionprice-display-component---conditions--smartFilterBar-filterItemControl_BASIC-BILL_TYPES-vhi"},"wdio_ui5_key":"applicationmanageconditionprice-display-component---conditions--smartFilterBar-filterItemControl_BASIC-BILL_TYPES-vhi"}]}
RESULT: {"script":"<script> [1562 bytes]","args":[{"selector":{"id":"application-manageconditionprice-display-component---conditions--smartFilterBar-filterItemControl_BASIC-BILL_TYPES-vhi"},"wdio_ui5_key":"applicationmanageconditionprice-display-component---conditions--smartFilterBar-filterItemControl_BASIC-BILL_TYPES-vhi"}]}
RESULT: undefined
COMMAND: POST /session/5635ff3a58dcb7e64f288300af2e9ad3/element - {"using":"xpath","value":"//*[@id=\"application-manageconditionprice-display-component---conditions--smartFilterBar-filterItemControl_BASIC-BILL_TYPES-vhi\"]"}
RESULT: {"using":"xpath","value":"//*[@id=\"application-manageconditionprice-display-component---conditions--smartFilterBar-filterItemControl_BASIC-BILL_TYPES-vhi\"]"}
COMMAND: POST /session/5635ff3a58dcb7e64f288300af2e9ad3/element/f.ED9453BD34BB61637EDB63CE7F048255.d.0DC7983F940AED988C251698B6F39FD1.e.20403/click - {}
RESULT: {}
COMMAND: POST /session/5635ff3a58dcb7e64f288300af2e9ad3/execute/async - {"script":"<script> [1562 bytes]","args":[{"selector":{"id":"application-manageconditionprice-display-component---conditions--smartFilterBar-filterItemControl_BASIC-BILL_TYPES-valueHelpDialog-smartFilterBar-btnBasicSearch","searchOpenDialogs":true,"interaction":{"idSuffix":"I"}},"wdio_ui5_key":"applicationmanageconditionprice-display-component---conditions--smartFilterBar-filterItemControl_BASIC-BILL_TYPES-valueHelpDialog-smartFilterBar-btnBasicSearch"}]}
COMMAND: GET /session/5635ff3a58dcb7e64f288300af2e9ad3/screenshot - {}
RESULT: {"script":"<script> [1562 bytes]","args":[{"selector":{"id":"application-manageconditionprice-display-component---conditions--smartFilterBar-filterItemControl_BASIC-BILL_TYPES-valueHelpDialog-smartFilterBar-btnBasicSearch","searchOpenDialogs":true,"interaction":{"idSuffix":"I"}},"wdio_ui5_key":"applicationmanageconditionprice-display-component---conditions--smartFilterBar-filterItemControl_BASIC-BILL_TYPES-valueHelpDialog-smartFilterBar-btnBasicSearch"}]}
RESULT: undefined
COMMAND: POST /session/5635ff3a58dcb7e64f288300af2e9ad3/execute/async - {"script":"<script> [776 bytes]","args":[{"enterText":"TB","selector":{"id":"application-manageconditionprice-display-component---conditions--smartFilterBar-filterItemControl_BASIC-BILL_TYPES-valueHelpDialog-smartFilterBar-btnBasicSearch","searchOpenDialogs":true,"interaction":{"idSuffix":"I"}},"clearTextFirst":true,"interactionType":"ENTER_TEXT"}]}
RESULT: {}
RESULT: {"script":"<script> [776 bytes]","args":[{"enterText":"TB","selector":{"id":"application-manageconditionprice-display-component---conditions--smartFilterBar-filterItemControl_BASIC-BILL_TYPES-valueHelpDialog-smartFilterBar-btnBasicSearch","searchOpenDialogs":true,"interaction":{"idSuffix":"I"}},"clearTextFirst":true,"interactionType":"ENTER_TEXT"}]}
COMMAND: POST /session/5635ff3a58dcb7e64f288300af2e9ad3/actions - {"actions":[{"id":"action70","type":"key","parameters":{},"actions":[{"type":"keyDown","value":""},{"type":"pause","duration":10},{"type":"keyUp","value":""}]}]}
RESULT: {"actions":[{"id":"action70","type":"key","parameters":{},"actions":[{"type":"keyDown","value":""},{"type":"pause","duration":10},{"type":"keyUp","value":""}]}]}
COMMAND: GET /session/5635ff3a58dcb7e64f288300af2e9ad3/screenshot - {}
RESULT: {}
COMMAND: POST /session/5635ff3a58dcb7e64f288300af2e9ad3/element - {"using":"xpath","value":"//div[contains(@id, 'application-manageconditionprice-display-component---conditions--smartFilterBar-filterItemControl_BASIC-BILL_TYPES-valueHelpDialog-table-rowsel0')]"}
RESULT: {"using":"xpath","value":"//div[contains(@id, 'application-manageconditionprice-display-component---conditions--smartFilterBar-filterItemControl_BASIC-BILL_TYPES-valueHelpDialog-table-rowsel0')]"}
COMMAND: POST /session/5635ff3a58dcb7e64f288300af2e9ad3/element/f.ED9453BD34BB61637EDB63CE7F048255.d.0DC7983F940AED988C251698B6F39FD1.e.20412/click - {}
RESULT: {}
COMMAND: GET /session/5635ff3a58dcb7e64f288300af2e9ad3/screenshot - {}
RESULT: {}
COMMAND: POST /session/5635ff3a58dcb7e64f288300af2e9ad3/element - {"using":"xpath","value":"//bdi[contains(text(), \"OK\")]"}
RESULT: {"using":"xpath","value":"//bdi[contains(text(), \"OK\")]"}
COMMAND: POST /session/5635ff3a58dcb7e64f288300af2e9ad3/element/f.ED9453BD34BB61637EDB63CE7F048255.d.0DC7983F940AED988C251698B6F39FD1.e.20414/click - {}
RESULT: {}
COMMAND: GET /session/5635ff3a58dcb7e64f288300af2e9ad3/screenshot - {}
RESULT: {}
COMMAND: POST /session/5635ff3a58dcb7e64f288300af2e9ad3/element - {"using":"xpath","value":"//span[@id=\"application-manageconditionprice-display-component---conditions--smartTable-header-inner\"]"}
RESULT: {"using":"xpath","value":"//span[@id=\"application-manageconditionprice-display-component---conditions--smartTable-header-inner\"]"}
COMMAND: POST /session/5635ff3a58dcb7e64f288300af2e9ad3/elements - {"using":"xpath","value":"//span[@id=\"application-manageconditionprice-display-component---conditions--smartTable-header-inner\"]"}
RESULT: {"using":"xpath","value":"//span[@id=\"application-manageconditionprice-display-component---conditions--smartTable-header-inner\"]"}
COMMAND: POST /session/5635ff3a58dcb7e64f288300af2e9ad3/execute/sync - {"script":"<script> [56 bytes]","args":[{"element-6066-11e4-a52e-4f735466cecf":"f.ED9453BD34BB61637EDB63CE7F048255.d.0DC7983F940AED988C251698B6F39FD1.e.20417","ELEMENT":"f.ED9453BD34BB61637EDB63CE7F048255.d.0DC7983F940AED988C251698B6F39FD1.e.20417"}]}
RESULT: {"script":"<script> [56 bytes]","args":[{"element-6066-11e4-a52e-4f735466cecf":"f.ED9453BD34BB61637EDB63CE7F048255.d.0DC7983F940AED988C251698B6F39FD1.e.20417","ELEMENT":"f.ED9453BD34BB61637EDB63CE7F048255.d.0DC7983F940AED988C251698B6F39FD1.e.20417"}]}
COMMAND: POST /session/5635ff3a58dcb7e64f288300af2e9ad3/element - {"using":"css selector","value":"#shell-header-logo"}
COMMAND: GET /session/5635ff3a58dcb7e64f288300af2e9ad3/screenshot - {}
RESULT: {"using":"css selector","value":"#shell-header-logo"}
COMMAND: POST /session/5635ff3a58dcb7e64f288300af2e9ad3/element/f.ED9453BD34BB61637EDB63CE7F048255.d.0DC7983F940AED988C251698B6F39FD1.e.20047/click - {}
RESULT: {}
RESULT: {}
COMMAND: GET /session/5635ff3a58dcb7e64f288300af2e9ad3/screenshot - {}
RESULT: {}
]]></system-out>
    </testcase>
    <testcase classname="chrome.136_0_7103_93.windows.Create_Reverse_Billing_US127248" name="Should do a stock increase handover" time="89.243">
      <system-out><![CDATA[
COMMAND: POST /session/5635ff3a58dcb7e64f288300af2e9ad3/execute/async - {"script":"<script> [1562 bytes]","args":[{"selector":{"controlType":"sap.m.GenericTile","properties":{"header":"Manage Handovers"}},"wdio_ui5_key":"sapm.GenericTile{\"header\":\"Manage Handovers\"}"}]}
RESULT: {"script":"<script> [1562 bytes]","args":[{"selector":{"controlType":"sap.m.GenericTile","properties":{"header":"Manage Handovers"}},"wdio_ui5_key":"sapm.GenericTile{\"header\":\"Manage Handovers\"}"}]}
RESULT: undefined
COMMAND: POST /session/5635ff3a58dcb7e64f288300af2e9ad3/element - {"using":"xpath","value":"//*[@id=\"__tile132\"]"}
RESULT: {"using":"xpath","value":"//*[@id=\"__tile132\"]"}
COMMAND: POST /session/5635ff3a58dcb7e64f288300af2e9ad3/element/f.ED9453BD34BB61637EDB63CE7F048255.d.0DC7983F940AED988C251698B6F39FD1.e.19199/click - {}
RESULT: {}
COMMAND: GET /session/5635ff3a58dcb7e64f288300af2e9ad3/screenshot - {}
RESULT: {}
COMMAND: POST /session/5635ff3a58dcb7e64f288300af2e9ad3/elements - {"using":"xpath","value":"//span[text()='Error']"}
RESULT: {"using":"xpath","value":"//span[text()='Error']"}
COMMAND: POST /session/5635ff3a58dcb7e64f288300af2e9ad3/element - {"using":"xpath","value":"//button[@data-kt=\"masterHOAddButton\"]"}
RESULT: {"using":"xpath","value":"//button[@data-kt=\"masterHOAddButton\"]"}
COMMAND: POST /session/5635ff3a58dcb7e64f288300af2e9ad3/elements - {"using":"xpath","value":"//button[@data-kt=\"masterHOAddButton\"]"}
RESULT: {"using":"xpath","value":"//button[@data-kt=\"masterHOAddButton\"]"}
COMMAND: POST /session/5635ff3a58dcb7e64f288300af2e9ad3/execute/sync - {"script":"<script> [8489 bytes]","args":[{"element-6066-11e4-a52e-4f735466cecf":"f.ED9453BD34BB61637EDB63CE7F048255.d.0DC7983F940AED988C251698B6F39FD1.e.20460","ELEMENT":"f.ED9453BD34BB61637EDB63CE7F048255.d.0DC7983F940AED988C251698B6F39FD1.e.20460"}]}
RESULT: {"script":"<script> [8489 bytes]","args":[{"element-6066-11e4-a52e-4f735466cecf":"f.ED9453BD34BB61637EDB63CE7F048255.d.0DC7983F940AED988C251698B6F39FD1.e.20460","ELEMENT":"f.ED9453BD34BB61637EDB63CE7F048255.d.0DC7983F940AED988C251698B6F39FD1.e.20460"}]}
COMMAND: GET /session/5635ff3a58dcb7e64f288300af2e9ad3/element/f.ED9453BD34BB61637EDB63CE7F048255.d.0DC7983F940AED988C251698B6F39FD1.e.20460/enabled - {}
COMMAND: GET /session/5635ff3a58dcb7e64f288300af2e9ad3/screenshot - {}
RESULT: {}
COMMAND: POST /session/5635ff3a58dcb7e64f288300af2e9ad3/execute/sync - {"script":"<script> [8489 bytes]","args":[{"element-6066-11e4-a52e-4f735466cecf":"f.ED9453BD34BB61637EDB63CE7F048255.d.0DC7983F940AED988C251698B6F39FD1.e.20460","ELEMENT":"f.ED9453BD34BB61637EDB63CE7F048255.d.0DC7983F940AED988C251698B6F39FD1.e.20460"}]}
COMMAND: GET /session/5635ff3a58dcb7e64f288300af2e9ad3/screenshot - {}
RESULT: {}
RESULT: {"script":"<script> [8489 bytes]","args":[{"element-6066-11e4-a52e-4f735466cecf":"f.ED9453BD34BB61637EDB63CE7F048255.d.0DC7983F940AED988C251698B6F39FD1.e.20460","ELEMENT":"f.ED9453BD34BB61637EDB63CE7F048255.d.0DC7983F940AED988C251698B6F39FD1.e.20460"}]}
COMMAND: POST /session/5635ff3a58dcb7e64f288300af2e9ad3/execute/sync - {"script":"<script> [5351 bytes]","args":[{"element-6066-11e4-a52e-4f735466cecf":"f.ED9453BD34BB61637EDB63CE7F048255.d.0DC7983F940AED988C251698B6F39FD1.e.20460","ELEMENT":"f.ED9453BD34BB61637EDB63CE7F048255.d.0DC7983F940AED988C251698B6F39FD1.e.20460"}]}
COMMAND: GET /session/5635ff3a58dcb7e64f288300af2e9ad3/screenshot - {}
RESULT: {}
RESULT: {"script":"<script> [5351 bytes]","args":[{"element-6066-11e4-a52e-4f735466cecf":"f.ED9453BD34BB61637EDB63CE7F048255.d.0DC7983F940AED988C251698B6F39FD1.e.20460","ELEMENT":"f.ED9453BD34BB61637EDB63CE7F048255.d.0DC7983F940AED988C251698B6F39FD1.e.20460"}]}
COMMAND: POST /session/5635ff3a58dcb7e64f288300af2e9ad3/element/f.ED9453BD34BB61637EDB63CE7F048255.d.0DC7983F940AED988C251698B6F39FD1.e.20460/click - {}
COMMAND: GET /session/5635ff3a58dcb7e64f288300af2e9ad3/screenshot - {}
RESULT: {}
RESULT: {}
COMMAND: GET /session/5635ff3a58dcb7e64f288300af2e9ad3/screenshot - {}
COMMAND: POST /session/5635ff3a58dcb7e64f288300af2e9ad3/element - {"using":"xpath","value":"//span[contains(@id ,\"AddNewHO--typeSelect-arrow\")]"}
RESULT: {}
RESULT: {}
RESULT: {"using":"xpath","value":"//span[contains(@id ,\"AddNewHO--typeSelect-arrow\")]"}
COMMAND: POST /session/5635ff3a58dcb7e64f288300af2e9ad3/element/f.ED9453BD34BB61637EDB63CE7F048255.d.0DC7983F940AED988C251698B6F39FD1.e.20811/click - {}
RESULT: {}
COMMAND: GET /session/5635ff3a58dcb7e64f288300af2e9ad3/screenshot - {}
RESULT: {}
COMMAND: POST /session/5635ff3a58dcb7e64f288300af2e9ad3/element - {"using":"xpath","value":"(//li[contains(text(), \"stock increase yard\")])[1]"}
RESULT: {"using":"xpath","value":"(//li[contains(text(), \"stock increase yard\")])[1]"}
COMMAND: POST /session/5635ff3a58dcb7e64f288300af2e9ad3/element/f.ED9453BD34BB61637EDB63CE7F048255.d.0DC7983F940AED988C251698B6F39FD1.e.20812/click - {}
RESULT: {}
COMMAND: GET /session/5635ff3a58dcb7e64f288300af2e9ad3/screenshot - {}
RESULT: {}
COMMAND: POST /session/5635ff3a58dcb7e64f288300af2e9ad3/execute/async - {"script":"<script> [1562 bytes]","args":[{"selector":{"id":"application-managehandovers-display-component---AddNewHO--dueDate","interaction":{"idSuffix":"inner"}},"wdio_ui5_key":"applicationmanagehandovers-display-component---AddNewHO--dueDate"}]}
RESULT: {"script":"<script> [1562 bytes]","args":[{"selector":{"id":"application-managehandovers-display-component---AddNewHO--dueDate","interaction":{"idSuffix":"inner"}},"wdio_ui5_key":"applicationmanagehandovers-display-component---AddNewHO--dueDate"}]}
RESULT: undefined
COMMAND: POST /session/5635ff3a58dcb7e64f288300af2e9ad3/execute/async - {"script":"<script> [6424 bytes]","args":[{"element-6066-11e4-a52e-4f735466cecf":"f.ED9453BD34BB61637EDB63CE7F048255.d.0DC7983F940AED988C251698B6F39FD1.e.20816"},"setValue",["5/28/25"]]}
RESULT: {"script":"<script> [6424 bytes]","args":[{"element-6066-11e4-a52e-4f735466cecf":"f.ED9453BD34BB61637EDB63CE7F048255.d.0DC7983F940AED988C251698B6F39FD1.e.20816"},"setValue",["5/28/25"]]}
COMMAND: POST /session/5635ff3a58dcb7e64f288300af2e9ad3/element - {"using":"xpath","value":"//input[@id=\"generalSectionFrg--receiveYard-inner\"]"}
RESULT: {"using":"xpath","value":"//input[@id=\"generalSectionFrg--receiveYard-inner\"]"}
COMMAND: POST /session/5635ff3a58dcb7e64f288300af2e9ad3/element/f.ED9453BD34BB61637EDB63CE7F048255.d.0DC7983F940AED988C251698B6F39FD1.e.20822/clear - {}
RESULT: {}
COMMAND: POST /session/5635ff3a58dcb7e64f288300af2e9ad3/element/f.ED9453BD34BB61637EDB63CE7F048255.d.0DC7983F940AED988C251698B6F39FD1.e.20822/value - {"text":"434"}
COMMAND: GET /session/5635ff3a58dcb7e64f288300af2e9ad3/screenshot - {}
RESULT: {"text":"434"}
COMMAND: GET /session/5635ff3a58dcb7e64f288300af2e9ad3/screenshot - {}
RESULT: {}
RESULT: {}
COMMAND: POST /session/5635ff3a58dcb7e64f288300af2e9ad3/element - {"using":"xpath","value":"//li[.//span[text()='434']]"}
RESULT: {"using":"xpath","value":"//li[.//span[text()='434']]"}
COMMAND: POST /session/5635ff3a58dcb7e64f288300af2e9ad3/element/f.ED9453BD34BB61637EDB63CE7F048255.d.0DC7983F940AED988C251698B6F39FD1.e.20838/click - {}
RESULT: {}
COMMAND: GET /session/5635ff3a58dcb7e64f288300af2e9ad3/screenshot - {}
RESULT: {}
COMMAND: POST /session/5635ff3a58dcb7e64f288300af2e9ad3/execute/async - {"script":"<script> [1562 bytes]","args":[{"selector":{"id":"application-managehandovers-display-component---AddNewHO--ObjectPageLayout-anchBar-application-managehandovers-display-component---AddNewHO--section4-anchor","interaction":{"idSuffix":"BDI-content"}},"wdio_ui5_key":"applicationmanagehandovers-display-component---AddNewHO--ObjectPageLayout-anchBar-application-managehandovers-display-component---AddNewHO--section4-anchor"}]}
RESULT: {"script":"<script> [1562 bytes]","args":[{"selector":{"id":"application-managehandovers-display-component---AddNewHO--ObjectPageLayout-anchBar-application-managehandovers-display-component---AddNewHO--section4-anchor","interaction":{"idSuffix":"BDI-content"}},"wdio_ui5_key":"applicationmanagehandovers-display-component---AddNewHO--ObjectPageLayout-anchBar-application-managehandovers-display-component---AddNewHO--section4-anchor"}]}
RESULT: undefined
COMMAND: POST /session/5635ff3a58dcb7e64f288300af2e9ad3/element - {"using":"xpath","value":"//*[@id=\"application-managehandovers-display-component---AddNewHO--ObjectPageLayout-anchBar-application-managehandovers-display-component---AddNewHO--section4-anchor\"]"}
RESULT: {"using":"xpath","value":"//*[@id=\"application-managehandovers-display-component---AddNewHO--ObjectPageLayout-anchBar-application-managehandovers-display-component---AddNewHO--section4-anchor\"]"}
COMMAND: POST /session/5635ff3a58dcb7e64f288300af2e9ad3/element/f.ED9453BD34BB61637EDB63CE7F048255.d.0DC7983F940AED988C251698B6F39FD1.e.20840/click - {}
RESULT: {}
COMMAND: POST /session/5635ff3a58dcb7e64f288300af2e9ad3/element - {"using":"xpath","value":"//button[@aria-label=\"Add\"]"}
COMMAND: GET /session/5635ff3a58dcb7e64f288300af2e9ad3/screenshot - {}
RESULT: {"using":"xpath","value":"//button[@aria-label=\"Add\"]"}
COMMAND: POST /session/5635ff3a58dcb7e64f288300af2e9ad3/element/f.ED9453BD34BB61637EDB63CE7F048255.d.0DC7983F940AED988C251698B6F39FD1.e.20842/click - {}
RESULT: {}
RESULT: {}
COMMAND: GET /session/5635ff3a58dcb7e64f288300af2e9ad3/screenshot - {}
RESULT: {}
COMMAND: POST /session/5635ff3a58dcb7e64f288300af2e9ad3/execute/async - {"script":"<script> [1562 bytes]","args":[{"selector":{"id":"application-managehandovers-display-component---AddNewHO--smartFilterBar-btnBasicSearch","searchOpenDialogs":true,"interaction":{"idSuffix":"I"}},"wdio_ui5_key":"applicationmanagehandovers-display-component---AddNewHO--smartFilterBar-btnBasicSearch"}]}
RESULT: {"script":"<script> [1562 bytes]","args":[{"selector":{"id":"application-managehandovers-display-component---AddNewHO--smartFilterBar-btnBasicSearch","searchOpenDialogs":true,"interaction":{"idSuffix":"I"}},"wdio_ui5_key":"applicationmanagehandovers-display-component---AddNewHO--smartFilterBar-btnBasicSearch"}]}
RESULT: undefined
COMMAND: POST /session/5635ff3a58dcb7e64f288300af2e9ad3/execute/async - {"script":"<script> [776 bytes]","args":[{"enterText":"mIDrXSs4k4","selector":{"id":"application-managehandovers-display-component---AddNewHO--smartFilterBar-btnBasicSearch","searchOpenDialogs":true,"interaction":{"idSuffix":"I"}},"clearTextFirst":true,"interactionType":"ENTER_TEXT"}]}
RESULT: {"script":"<script> [776 bytes]","args":[{"enterText":"mIDrXSs4k4","selector":{"id":"application-managehandovers-display-component---AddNewHO--smartFilterBar-btnBasicSearch","searchOpenDialogs":true,"interaction":{"idSuffix":"I"}},"clearTextFirst":true,"interactionType":"ENTER_TEXT"}]}
COMMAND: POST /session/5635ff3a58dcb7e64f288300af2e9ad3/actions - {"actions":[{"id":"action71","type":"key","parameters":{},"actions":[{"type":"keyDown","value":""},{"type":"pause","duration":10},{"type":"keyUp","value":""}]}]}
RESULT: {"actions":[{"id":"action71","type":"key","parameters":{},"actions":[{"type":"keyDown","value":""},{"type":"pause","duration":10},{"type":"keyUp","value":""}]}]}
COMMAND: GET /session/5635ff3a58dcb7e64f288300af2e9ad3/screenshot - {}
RESULT: {}
COMMAND: POST /session/5635ff3a58dcb7e64f288300af2e9ad3/execute/async - {"script":"<script> [1562 bytes]","args":[{"selector":{"id":"application-managehandovers-display-component---AddNewHO--popup-sa","searchOpenDialogs":true,"interaction":{"idSuffix":"CbBg"}},"wdio_ui5_key":"applicationmanagehandovers-display-component---AddNewHO--popup-sa"}]}
RESULT: {"script":"<script> [1562 bytes]","args":[{"selector":{"id":"application-managehandovers-display-component---AddNewHO--popup-sa","searchOpenDialogs":true,"interaction":{"idSuffix":"CbBg"}},"wdio_ui5_key":"applicationmanagehandovers-display-component---AddNewHO--popup-sa"}]}
RESULT: undefined
COMMAND: POST /session/5635ff3a58dcb7e64f288300af2e9ad3/element - {"using":"xpath","value":"//*[@id=\"application-managehandovers-display-component---AddNewHO--popup-sa\"]"}
RESULT: {"using":"xpath","value":"//*[@id=\"application-managehandovers-display-component---AddNewHO--popup-sa\"]"}
COMMAND: POST /session/5635ff3a58dcb7e64f288300af2e9ad3/element/f.ED9453BD34BB61637EDB63CE7F048255.d.0DC7983F940AED988C251698B6F39FD1.e.20996/click - {}
RESULT: {}
COMMAND: GET /session/5635ff3a58dcb7e64f288300af2e9ad3/screenshot - {}
RESULT: {}
COMMAND: POST /session/5635ff3a58dcb7e64f288300af2e9ad3/element - {"using":"xpath","value":"//bdi[contains(text(), \"Select\")]"}
RESULT: {"using":"xpath","value":"//bdi[contains(text(), \"Select\")]"}
COMMAND: POST /session/5635ff3a58dcb7e64f288300af2e9ad3/element/f.ED9453BD34BB61637EDB63CE7F048255.d.0DC7983F940AED988C251698B6F39FD1.e.20997/click - {}
RESULT: {}
COMMAND: GET /session/5635ff3a58dcb7e64f288300af2e9ad3/screenshot - {}
RESULT: {}
COMMAND: POST /session/5635ff3a58dcb7e64f288300af2e9ad3/element - {"using":"xpath","value":"//button[@data-kt=\"AddNewHOSaveButton\"]"}
RESULT: {"using":"xpath","value":"//button[@data-kt=\"AddNewHOSaveButton\"]"}
COMMAND: POST /session/5635ff3a58dcb7e64f288300af2e9ad3/element/f.ED9453BD34BB61637EDB63CE7F048255.d.0DC7983F940AED988C251698B6F39FD1.e.21002/click - {}
RESULT: {}
COMMAND: GET /session/5635ff3a58dcb7e64f288300af2e9ad3/screenshot - {}
RESULT: {}
COMMAND: POST /session/5635ff3a58dcb7e64f288300af2e9ad3/execute/async - {"script":"<script> [1562 bytes]","args":[{"selector":{"id":"receiptDatePicker","viewName":"etm.portal.ui.managehandovers.view.DetailExecuteHO","interaction":{"idSuffix":"inner"}},"wdio_ui5_key":"receiptDatePickeretmportal.ui.managehandovers.view.DetailExecuteHO"}]}
RESULT: {"script":"<script> [1562 bytes]","args":[{"selector":{"id":"receiptDatePicker","viewName":"etm.portal.ui.managehandovers.view.DetailExecuteHO","interaction":{"idSuffix":"inner"}},"wdio_ui5_key":"receiptDatePickeretmportal.ui.managehandovers.view.DetailExecuteHO"}]}
RESULT: undefined
COMMAND: POST /session/5635ff3a58dcb7e64f288300af2e9ad3/execute/async - {"script":"<script> [6424 bytes]","args":[{"element-6066-11e4-a52e-4f735466cecf":"f.ED9453BD34BB61637EDB63CE7F048255.d.0DC7983F940AED988C251698B6F39FD1.e.21046"},"setValue",["5/28/25"]]}
RESULT: {"script":"<script> [6424 bytes]","args":[{"element-6066-11e4-a52e-4f735466cecf":"f.ED9453BD34BB61637EDB63CE7F048255.d.0DC7983F940AED988C251698B6F39FD1.e.21046"},"setValue",["5/28/25"]]}
COMMAND: POST /session/5635ff3a58dcb7e64f288300af2e9ad3/element - {"using":"xpath","value":"//button[@data-kt=\"ReceivingTableConfirmAllButton\"]"}
RESULT: {"using":"xpath","value":"//button[@data-kt=\"ReceivingTableConfirmAllButton\"]"}
COMMAND: POST /session/5635ff3a58dcb7e64f288300af2e9ad3/element/f.ED9453BD34BB61637EDB63CE7F048255.d.0DC7983F940AED988C251698B6F39FD1.e.21061/click - {}
RESULT: {}
COMMAND: GET /session/5635ff3a58dcb7e64f288300af2e9ad3/screenshot - {}
RESULT: {}
COMMAND: POST /session/5635ff3a58dcb7e64f288300af2e9ad3/element - {"using":"xpath","value":"//bdi[contains(text(), \"OK\")]"}
RESULT: {"using":"xpath","value":"//bdi[contains(text(), \"OK\")]"}
COMMAND: POST /session/5635ff3a58dcb7e64f288300af2e9ad3/element/f.ED9453BD34BB61637EDB63CE7F048255.d.0DC7983F940AED988C251698B6F39FD1.e.21063/click - {}
RESULT: {}
COMMAND: GET /session/5635ff3a58dcb7e64f288300af2e9ad3/screenshot - {}
RESULT: {}
COMMAND: POST /session/5635ff3a58dcb7e64f288300af2e9ad3/element - {"using":"xpath","value":"(//bdi[contains(text(), \"Receive\")])[2]"}
RESULT: {"using":"xpath","value":"(//bdi[contains(text(), \"Receive\")])[2]"}
COMMAND: POST /session/5635ff3a58dcb7e64f288300af2e9ad3/element/f.ED9453BD34BB61637EDB63CE7F048255.d.0DC7983F940AED988C251698B6F39FD1.e.21065/click - {}
RESULT: {}
COMMAND: GET /session/5635ff3a58dcb7e64f288300af2e9ad3/screenshot - {}
RESULT: {}
COMMAND: POST /session/5635ff3a58dcb7e64f288300af2e9ad3/element - {"using":"css selector","value":"#shell-header-logo"}
RESULT: {"using":"css selector","value":"#shell-header-logo"}
COMMAND: POST /session/5635ff3a58dcb7e64f288300af2e9ad3/element/f.ED9453BD34BB61637EDB63CE7F048255.d.0DC7983F940AED988C251698B6F39FD1.e.20423/click - {}
RESULT: {}
COMMAND: GET /session/5635ff3a58dcb7e64f288300af2e9ad3/screenshot - {}
RESULT: {}
]]></system-out>
    </testcase>
    <testcase classname="chrome.136_0_7103_93.windows.Create_Reverse_Billing_US127248" name="Should create a new contract" time="68.494">
      <system-out><![CDATA[
COMMAND: POST /session/5635ff3a58dcb7e64f288300af2e9ad3/execute/async - {"script":"<script> [1562 bytes]","args":[{"selector":{"controlType":"sap.m.GenericTile","properties":{"header":"Manage Contracts"}},"wdio_ui5_key":"sapm.GenericTile{\"header\":\"Manage Contracts\"}"}]}
RESULT: {"script":"<script> [1562 bytes]","args":[{"selector":{"controlType":"sap.m.GenericTile","properties":{"header":"Manage Contracts"}},"wdio_ui5_key":"sapm.GenericTile{\"header\":\"Manage Contracts\"}"}]}
RESULT: undefined
COMMAND: POST /session/5635ff3a58dcb7e64f288300af2e9ad3/element - {"using":"xpath","value":"//*[@id=\"__tile130\"]"}
RESULT: {"using":"xpath","value":"//*[@id=\"__tile130\"]"}
COMMAND: POST /session/5635ff3a58dcb7e64f288300af2e9ad3/element/f.ED9453BD34BB61637EDB63CE7F048255.d.0DC7983F940AED988C251698B6F39FD1.e.19192/click - {}
RESULT: {}
COMMAND: GET /session/5635ff3a58dcb7e64f288300af2e9ad3/screenshot - {}
COMMAND: POST /session/5635ff3a58dcb7e64f288300af2e9ad3/elements - {"using":"xpath","value":"//span[text()='Error']"}
RESULT: {}
RESULT: {"using":"xpath","value":"//span[text()='Error']"}
COMMAND: POST /session/5635ff3a58dcb7e64f288300af2e9ad3/element - {"using":"xpath","value":"//button[@data-kt=\"addButton\"]"}
RESULT: {"using":"xpath","value":"//button[@data-kt=\"addButton\"]"}
COMMAND: POST /session/5635ff3a58dcb7e64f288300af2e9ad3/elements - {"using":"xpath","value":"//button[@data-kt=\"addButton\"]"}
RESULT: {"using":"xpath","value":"//button[@data-kt=\"addButton\"]"}
COMMAND: POST /session/5635ff3a58dcb7e64f288300af2e9ad3/execute/sync - {"script":"<script> [8489 bytes]","args":[{"element-6066-11e4-a52e-4f735466cecf":"f.ED9453BD34BB61637EDB63CE7F048255.d.0DC7983F940AED988C251698B6F39FD1.e.21266","ELEMENT":"f.ED9453BD34BB61637EDB63CE7F048255.d.0DC7983F940AED988C251698B6F39FD1.e.21266"}]}
RESULT: {"script":"<script> [8489 bytes]","args":[{"element-6066-11e4-a52e-4f735466cecf":"f.ED9453BD34BB61637EDB63CE7F048255.d.0DC7983F940AED988C251698B6F39FD1.e.21266","ELEMENT":"f.ED9453BD34BB61637EDB63CE7F048255.d.0DC7983F940AED988C251698B6F39FD1.e.21266"}]}
COMMAND: GET /session/5635ff3a58dcb7e64f288300af2e9ad3/element/f.ED9453BD34BB61637EDB63CE7F048255.d.0DC7983F940AED988C251698B6F39FD1.e.21266/enabled - {}
COMMAND: GET /session/5635ff3a58dcb7e64f288300af2e9ad3/screenshot - {}
RESULT: {}
COMMAND: POST /session/5635ff3a58dcb7e64f288300af2e9ad3/execute/sync - {"script":"<script> [8489 bytes]","args":[{"element-6066-11e4-a52e-4f735466cecf":"f.ED9453BD34BB61637EDB63CE7F048255.d.0DC7983F940AED988C251698B6F39FD1.e.21266","ELEMENT":"f.ED9453BD34BB61637EDB63CE7F048255.d.0DC7983F940AED988C251698B6F39FD1.e.21266"}]}
COMMAND: GET /session/5635ff3a58dcb7e64f288300af2e9ad3/screenshot - {}
RESULT: {}
RESULT: {"script":"<script> [8489 bytes]","args":[{"element-6066-11e4-a52e-4f735466cecf":"f.ED9453BD34BB61637EDB63CE7F048255.d.0DC7983F940AED988C251698B6F39FD1.e.21266","ELEMENT":"f.ED9453BD34BB61637EDB63CE7F048255.d.0DC7983F940AED988C251698B6F39FD1.e.21266"}]}
COMMAND: POST /session/5635ff3a58dcb7e64f288300af2e9ad3/execute/sync - {"script":"<script> [5351 bytes]","args":[{"element-6066-11e4-a52e-4f735466cecf":"f.ED9453BD34BB61637EDB63CE7F048255.d.0DC7983F940AED988C251698B6F39FD1.e.21266","ELEMENT":"f.ED9453BD34BB61637EDB63CE7F048255.d.0DC7983F940AED988C251698B6F39FD1.e.21266"}]}
COMMAND: GET /session/5635ff3a58dcb7e64f288300af2e9ad3/screenshot - {}
RESULT: {}
RESULT: {"script":"<script> [5351 bytes]","args":[{"element-6066-11e4-a52e-4f735466cecf":"f.ED9453BD34BB61637EDB63CE7F048255.d.0DC7983F940AED988C251698B6F39FD1.e.21266","ELEMENT":"f.ED9453BD34BB61637EDB63CE7F048255.d.0DC7983F940AED988C251698B6F39FD1.e.21266"}]}
COMMAND: GET /session/5635ff3a58dcb7e64f288300af2e9ad3/screenshot - {}
RESULT: {}
RESULT: {}
COMMAND: POST /session/5635ff3a58dcb7e64f288300af2e9ad3/element/f.ED9453BD34BB61637EDB63CE7F048255.d.0DC7983F940AED988C251698B6F39FD1.e.21266/click - {}
RESULT: {}
COMMAND: GET /session/5635ff3a58dcb7e64f288300af2e9ad3/screenshot - {}
COMMAND: POST /session/5635ff3a58dcb7e64f288300af2e9ad3/execute/async - {"script":"<script> [1562 bytes]","args":[{"selector":{"id":"application-managecontracts-display-component---AddNewContract--projectDescription","interaction":{"idSuffix":"inner"}},"wdio_ui5_key":"applicationmanagecontracts-display-component---AddNewContract--projectDescription"}]}
RESULT: {}
RESULT: {"script":"<script> [1562 bytes]","args":[{"selector":{"id":"application-managecontracts-display-component---AddNewContract--projectDescription","interaction":{"idSuffix":"inner"}},"wdio_ui5_key":"applicationmanagecontracts-display-component---AddNewContract--projectDescription"}]}
RESULT: undefined
COMMAND: POST /session/5635ff3a58dcb7e64f288300af2e9ad3/execute/async - {"script":"<script> [776 bytes]","args":[{"enterText":"Contract WDIO","selector":{"id":"application-managecontracts-display-component---AddNewContract--projectDescription","interaction":{"idSuffix":"inner"}},"clearTextFirst":true,"interactionType":"ENTER_TEXT"}]}
RESULT: {"script":"<script> [776 bytes]","args":[{"enterText":"Contract WDIO","selector":{"id":"application-managecontracts-display-component---AddNewContract--projectDescription","interaction":{"idSuffix":"inner"}},"clearTextFirst":true,"interactionType":"ENTER_TEXT"}]}
COMMAND: POST /session/5635ff3a58dcb7e64f288300af2e9ad3/element - {"using":"xpath","value":"//input[@id=\"application-managecontracts-display-component---AddNewContract--site-inner\"]"}
RESULT: {"using":"xpath","value":"//input[@id=\"application-managecontracts-display-component---AddNewContract--site-inner\"]"}
COMMAND: POST /session/5635ff3a58dcb7e64f288300af2e9ad3/element/f.ED9453BD34BB61637EDB63CE7F048255.d.0DC7983F940AED988C251698B6F39FD1.e.21601/clear - {}
RESULT: {}
COMMAND: POST /session/5635ff3a58dcb7e64f288300af2e9ad3/element/f.ED9453BD34BB61637EDB63CE7F048255.d.0DC7983F940AED988C251698B6F39FD1.e.21601/value - {"text":"2212"}
COMMAND: GET /session/5635ff3a58dcb7e64f288300af2e9ad3/screenshot - {}
RESULT: {"text":"2212"}
COMMAND: GET /session/5635ff3a58dcb7e64f288300af2e9ad3/screenshot - {}
RESULT: {}
RESULT: {}
COMMAND: POST /session/5635ff3a58dcb7e64f288300af2e9ad3/element - {"using":"xpath","value":"//li[.//span[text()='2212']]"}
RESULT: {"using":"xpath","value":"//li[.//span[text()='2212']]"}
COMMAND: POST /session/5635ff3a58dcb7e64f288300af2e9ad3/element/f.ED9453BD34BB61637EDB63CE7F048255.d.0DC7983F940AED988C251698B6F39FD1.e.21683/click - {}
RESULT: {}
COMMAND: GET /session/5635ff3a58dcb7e64f288300af2e9ad3/screenshot - {}
RESULT: {}
COMMAND: POST /session/5635ff3a58dcb7e64f288300af2e9ad3/element - {"using":"xpath","value":"//input[@id=\"application-managecontracts-display-component---AddNewContract--yardId-inner\"]"}
RESULT: {"using":"xpath","value":"//input[@id=\"application-managecontracts-display-component---AddNewContract--yardId-inner\"]"}
COMMAND: GET /session/5635ff3a58dcb7e64f288300af2e9ad3/element/f.ED9453BD34BB61637EDB63CE7F048255.d.0DC7983F940AED988C251698B6F39FD1.e.21602/property/value - {}
RESULT: {}
COMMAND: POST /session/5635ff3a58dcb7e64f288300af2e9ad3/element - {"using":"xpath","value":"//input[@id=\"application-managecontracts-display-component---AddNewContract--customerSelect-inner\"]"}
COMMAND: GET /session/5635ff3a58dcb7e64f288300af2e9ad3/screenshot - {}
RESULT: {"using":"xpath","value":"//input[@id=\"application-managecontracts-display-component---AddNewContract--customerSelect-inner\"]"}
COMMAND: POST /session/5635ff3a58dcb7e64f288300af2e9ad3/element/f.ED9453BD34BB61637EDB63CE7F048255.d.0DC7983F940AED988C251698B6F39FD1.e.21600/clear - {}
RESULT: {}
RESULT: {}
COMMAND: POST /session/5635ff3a58dcb7e64f288300af2e9ad3/element/f.ED9453BD34BB61637EDB63CE7F048255.d.0DC7983F940AED988C251698B6F39FD1.e.21600/value - {"text":"1244"}
COMMAND: GET /session/5635ff3a58dcb7e64f288300af2e9ad3/screenshot - {}
RESULT: {"text":"1244"}
COMMAND: GET /session/5635ff3a58dcb7e64f288300af2e9ad3/screenshot - {}
RESULT: {}
RESULT: {}
COMMAND: POST /session/5635ff3a58dcb7e64f288300af2e9ad3/element - {"using":"xpath","value":"//li[.//span[text()='1244']]"}
RESULT: {"using":"xpath","value":"//li[.//span[text()='1244']]"}
COMMAND: POST /session/5635ff3a58dcb7e64f288300af2e9ad3/element/f.ED9453BD34BB61637EDB63CE7F048255.d.0DC7983F940AED988C251698B6F39FD1.e.21686/click - {}
RESULT: {}
COMMAND: GET /session/5635ff3a58dcb7e64f288300af2e9ad3/screenshot - {}
RESULT: {}
COMMAND: POST /session/5635ff3a58dcb7e64f288300af2e9ad3/element - {"using":"xpath","value":"//button[@data-kt=\"saveButton\"]"}
RESULT: {"using":"xpath","value":"//button[@data-kt=\"saveButton\"]"}
COMMAND: POST /session/5635ff3a58dcb7e64f288300af2e9ad3/element/f.ED9453BD34BB61637EDB63CE7F048255.d.0DC7983F940AED988C251698B6F39FD1.e.21676/click - {}
RESULT: {}
COMMAND: GET /session/5635ff3a58dcb7e64f288300af2e9ad3/screenshot - {}
RESULT: {}
COMMAND: POST /session/5635ff3a58dcb7e64f288300af2e9ad3/element - {"using":"xpath","value":"//span[contains(@id ,\"contractDetailTitleNoExpanded\")]"}
RESULT: {"using":"xpath","value":"//span[contains(@id ,\"contractDetailTitleNoExpanded\")]"}
COMMAND: POST /session/5635ff3a58dcb7e64f288300af2e9ad3/elements - {"using":"xpath","value":"//span[contains(@id ,\"contractDetailTitleNoExpanded\")]"}
RESULT: {"using":"xpath","value":"//span[contains(@id ,\"contractDetailTitleNoExpanded\")]"}
COMMAND: POST /session/5635ff3a58dcb7e64f288300af2e9ad3/execute/sync - {"script":"<script> [56 bytes]","args":[{"element-6066-11e4-a52e-4f735466cecf":"f.ED9453BD34BB61637EDB63CE7F048255.d.0DC7983F940AED988C251698B6F39FD1.e.21696","ELEMENT":"f.ED9453BD34BB61637EDB63CE7F048255.d.0DC7983F940AED988C251698B6F39FD1.e.21696"}]}
RESULT: {"script":"<script> [56 bytes]","args":[{"element-6066-11e4-a52e-4f735466cecf":"f.ED9453BD34BB61637EDB63CE7F048255.d.0DC7983F940AED988C251698B6F39FD1.e.21696","ELEMENT":"f.ED9453BD34BB61637EDB63CE7F048255.d.0DC7983F940AED988C251698B6F39FD1.e.21696"}]}
COMMAND: GET /session/5635ff3a58dcb7e64f288300af2e9ad3/screenshot - {}
RESULT: {}
]]></system-out>
    </testcase>
    <testcase classname="chrome.136_0_7103_93.windows.Create_Reverse_Billing_US127248" name="Should add equipment to the contract" time="46.014">
      <system-out><![CDATA[
COMMAND: POST /session/5635ff3a58dcb7e64f288300af2e9ad3/element - {"using":"xpath","value":"//button[@data-kt=\"contractDetailEditBtnButton\"]"}
RESULT: {"using":"xpath","value":"//button[@data-kt=\"contractDetailEditBtnButton\"]"}
COMMAND: POST /session/5635ff3a58dcb7e64f288300af2e9ad3/element/f.ED9453BD34BB61637EDB63CE7F048255.d.0DC7983F940AED988C251698B6F39FD1.e.21697/click - {}
RESULT: {}
COMMAND: GET /session/5635ff3a58dcb7e64f288300af2e9ad3/screenshot - {}
RESULT: {}
COMMAND: POST /session/5635ff3a58dcb7e64f288300af2e9ad3/element - {"using":"xpath","value":"(//span[contains(text(), \"Additional Addresses\")])[2]"}
RESULT: {"using":"xpath","value":"(//span[contains(text(), \"Additional Addresses\")])[2]"}
COMMAND: POST /session/5635ff3a58dcb7e64f288300af2e9ad3/element/f.ED9453BD34BB61637EDB63CE7F048255.d.0DC7983F940AED988C251698B6F39FD1.e.21751/click - {}
RESULT: {}
COMMAND: GET /session/5635ff3a58dcb7e64f288300af2e9ad3/screenshot - {}
RESULT: {}
COMMAND: POST /session/5635ff3a58dcb7e64f288300af2e9ad3/element - {"using":"xpath","value":"//button[@data-kt=\"btnAddTableRowOverflowToolbarButton\"]"}
RESULT: {"using":"xpath","value":"//button[@data-kt=\"btnAddTableRowOverflowToolbarButton\"]"}
COMMAND: POST /session/5635ff3a58dcb7e64f288300af2e9ad3/element/f.ED9453BD34BB61637EDB63CE7F048255.d.0DC7983F940AED988C251698B6F39FD1.e.21753/click - {}
RESULT: {}
COMMAND: GET /session/5635ff3a58dcb7e64f288300af2e9ad3/screenshot - {}
RESULT: {}
COMMAND: POST /session/5635ff3a58dcb7e64f288300af2e9ad3/element - {"using":"xpath","value":"//div[(text() = 'Standard Entry' or . = 'Standard Entry')]"}
RESULT: {"using":"xpath","value":"//div[(text() = 'Standard Entry' or . = 'Standard Entry')]"}
COMMAND: POST /session/5635ff3a58dcb7e64f288300af2e9ad3/element/f.ED9453BD34BB61637EDB63CE7F048255.d.0DC7983F940AED988C251698B6F39FD1.e.21755/click - {}
RESULT: {}
COMMAND: GET /session/5635ff3a58dcb7e64f288300af2e9ad3/screenshot - {}
RESULT: {}
COMMAND: POST /session/5635ff3a58dcb7e64f288300af2e9ad3/element - {"using":"xpath","value":"//td[7]/div/div/input"}
RESULT: {"using":"xpath","value":"//td[7]/div/div/input"}
COMMAND: POST /session/5635ff3a58dcb7e64f288300af2e9ad3/element/f.ED9453BD34BB61637EDB63CE7F048255.d.0DC7983F940AED988C251698B6F39FD1.e.21764/clear - {}
RESULT: {}
COMMAND: POST /session/5635ff3a58dcb7e64f288300af2e9ad3/element/f.ED9453BD34BB61637EDB63CE7F048255.d.0DC7983F940AED988C251698B6F39FD1.e.21764/value - {"text":"mIDrXSs4k4"}
COMMAND: GET /session/5635ff3a58dcb7e64f288300af2e9ad3/screenshot - {}
RESULT: {"text":"mIDrXSs4k4"}
COMMAND: GET /session/5635ff3a58dcb7e64f288300af2e9ad3/screenshot - {}
RESULT: {}
RESULT: {}
COMMAND: POST /session/5635ff3a58dcb7e64f288300af2e9ad3/actions - {"actions":[{"id":"action72","type":"key","parameters":{},"actions":[{"type":"keyDown","value":""},{"type":"pause","duration":10},{"type":"keyUp","value":""}]}]}
RESULT: {"actions":[{"id":"action72","type":"key","parameters":{},"actions":[{"type":"keyDown","value":""},{"type":"pause","duration":10},{"type":"keyUp","value":""}]}]}
COMMAND: GET /session/5635ff3a58dcb7e64f288300af2e9ad3/screenshot - {}
RESULT: {}
COMMAND: POST /session/5635ff3a58dcb7e64f288300af2e9ad3/execute/sync - {"script":"<script> [276 bytes]","args":["No pricing information was found"]}
RESULT: {"script":"<script> [276 bytes]","args":["No pricing information was found"]}
COMMAND: POST /session/5635ff3a58dcb7e64f288300af2e9ad3/element - {"using":"xpath","value":"(//button[@data-kt=\"saveButton\"])[2]"}
COMMAND: GET /session/5635ff3a58dcb7e64f288300af2e9ad3/screenshot - {}
RESULT: {"using":"xpath","value":"(//button[@data-kt=\"saveButton\"])[2]"}
COMMAND: POST /session/5635ff3a58dcb7e64f288300af2e9ad3/element/f.ED9453BD34BB61637EDB63CE7F048255.d.0DC7983F940AED988C251698B6F39FD1.e.21779/click - {}
RESULT: {}
RESULT: {}
COMMAND: GET /session/5635ff3a58dcb7e64f288300af2e9ad3/screenshot - {}
RESULT: {}
COMMAND: POST /session/5635ff3a58dcb7e64f288300af2e9ad3/execute/sync - {"script":"<script> [276 bytes]","args":["Some contract items are having rental validity exceeding header rental validity"]}
RESULT: {"script":"<script> [276 bytes]","args":["Some contract items are having rental validity exceeding header rental validity"]}
COMMAND: GET /session/5635ff3a58dcb7e64f288300af2e9ad3/screenshot - {}
RESULT: {}
COMMAND: POST /session/5635ff3a58dcb7e64f288300af2e9ad3/element - {"using":"xpath","value":"//span[contains(@id ,\"contractItemsSmartTable-header-inner\")]"}
RESULT: {"using":"xpath","value":"//span[contains(@id ,\"contractItemsSmartTable-header-inner\")]"}
COMMAND: POST /session/5635ff3a58dcb7e64f288300af2e9ad3/elements - {"using":"xpath","value":"//span[contains(@id ,\"contractItemsSmartTable-header-inner\")]"}
RESULT: {"using":"xpath","value":"//span[contains(@id ,\"contractItemsSmartTable-header-inner\")]"}
COMMAND: POST /session/5635ff3a58dcb7e64f288300af2e9ad3/execute/sync - {"script":"<script> [56 bytes]","args":[{"element-6066-11e4-a52e-4f735466cecf":"f.ED9453BD34BB61637EDB63CE7F048255.d.0DC7983F940AED988C251698B6F39FD1.e.21785","ELEMENT":"f.ED9453BD34BB61637EDB63CE7F048255.d.0DC7983F940AED988C251698B6F39FD1.e.21785"}]}
RESULT: {"script":"<script> [56 bytes]","args":[{"element-6066-11e4-a52e-4f735466cecf":"f.ED9453BD34BB61637EDB63CE7F048255.d.0DC7983F940AED988C251698B6F39FD1.e.21785","ELEMENT":"f.ED9453BD34BB61637EDB63CE7F048255.d.0DC7983F940AED988C251698B6F39FD1.e.21785"}]}
]]></system-out>
    </testcase>
    <testcase classname="chrome.136_0_7103_93.windows.Create_Reverse_Billing_US127248" name="Should do a provide to site handover" time="63.95">
      <system-out><![CDATA[
COMMAND: GET /session/5635ff3a58dcb7e64f288300af2e9ad3/screenshot - {}
COMMAND: POST /session/5635ff3a58dcb7e64f288300af2e9ad3/element - {"using":"xpath","value":"//button[@data-kt=\"provideButton\"]"}
RESULT: {}
RESULT: {"using":"xpath","value":"//button[@data-kt=\"provideButton\"]"}
COMMAND: POST /session/5635ff3a58dcb7e64f288300af2e9ad3/element/f.ED9453BD34BB61637EDB63CE7F048255.d.0DC7983F940AED988C251698B6F39FD1.e.21786/click - {}
RESULT: {}
COMMAND: GET /session/5635ff3a58dcb7e64f288300af2e9ad3/screenshot - {}
RESULT: {}
RESULT: undefined
COMMAND: POST /session/5635ff3a58dcb7e64f288300af2e9ad3/execute/async - {"script":"<script> [6424 bytes]","args":[{"element-6066-11e4-a52e-4f735466cecf":"f.ED9453BD34BB61637EDB63CE7F048255.d.0DC7983F940AED988C251698B6F39FD1.e.20816"},"setValue",["5/28/25"]]}
COMMAND: POST /session/5635ff3a58dcb7e64f288300af2e9ad3/execute/async - {"script":"<script> [1562 bytes]","args":[{"selector":{"id":"application-managehandovers-display-component---AddNewHO--dueDate","interaction":{"idSuffix":"inner"}},"wdio_ui5_key":"applicationmanagehandovers-display-component---AddNewHO--dueDate"}]}
RESULT: {"script":"<script> [1562 bytes]","args":[{"selector":{"id":"application-managehandovers-display-component---AddNewHO--dueDate","interaction":{"idSuffix":"inner"}},"wdio_ui5_key":"applicationmanagehandovers-display-component---AddNewHO--dueDate"}]}
COMMAND: POST /session/5635ff3a58dcb7e64f288300af2e9ad3/execute/async - {"script":"<script> [6424 bytes]","args":[{"element-6066-11e4-a52e-4f735466cecf":"f.ED9453BD34BB61637EDB63CE7F048255.d.0DC7983F940AED988C251698B6F39FD1.e.21876"},"setValue",["5/28/25"]]}
RESULT: {"script":"<script> [6424 bytes]","args":[{"element-6066-11e4-a52e-4f735466cecf":"f.ED9453BD34BB61637EDB63CE7F048255.d.0DC7983F940AED988C251698B6F39FD1.e.21876"},"setValue",["5/28/25"]]}
COMMAND: POST /session/5635ff3a58dcb7e64f288300af2e9ad3/element - {"using":"xpath","value":"//bdi[contains(text(), \"Instructions\")]"}
RESULT: {"using":"xpath","value":"//bdi[contains(text(), \"Instructions\")]"}
COMMAND: POST /session/5635ff3a58dcb7e64f288300af2e9ad3/element/f.ED9453BD34BB61637EDB63CE7F048255.d.0DC7983F940AED988C251698B6F39FD1.e.22099/click - {}
RESULT: {}
COMMAND: GET /session/5635ff3a58dcb7e64f288300af2e9ad3/screenshot - {}
RESULT: {}
COMMAND: POST /session/5635ff3a58dcb7e64f288300af2e9ad3/element - {"using":"xpath","value":"//button[@data-kt=\"AddNewHOProvideAddItemsButton\"]"}
RESULT: {"using":"xpath","value":"//button[@data-kt=\"AddNewHOProvideAddItemsButton\"]"}
COMMAND: POST /session/5635ff3a58dcb7e64f288300af2e9ad3/element/f.ED9453BD34BB61637EDB63CE7F048255.d.0DC7983F940AED988C251698B6F39FD1.e.22103/click - {}
RESULT: {}
COMMAND: GET /session/5635ff3a58dcb7e64f288300af2e9ad3/screenshot - {}
RESULT: {}
RESULT: undefined
COMMAND: POST /session/5635ff3a58dcb7e64f288300af2e9ad3/element - {"using":"xpath","value":"//*[@id=\"application-managehandovers-display-component---AddNewHO--popup-sa\"]"}
RESULT: {"using":"xpath","value":"//*[@id=\"application-managehandovers-display-component---AddNewHO--popup-sa\"]"}
COMMAND: POST /session/5635ff3a58dcb7e64f288300af2e9ad3/element/f.ED9453BD34BB61637EDB63CE7F048255.d.0DC7983F940AED988C251698B6F39FD1.e.22118/click - {}
RESULT: {}
COMMAND: GET /session/5635ff3a58dcb7e64f288300af2e9ad3/screenshot - {}
RESULT: {}
COMMAND: POST /session/5635ff3a58dcb7e64f288300af2e9ad3/element - {"using":"xpath","value":"//*[contains(@id ,\"BDI-content\")][contains(text(), \"Select\")]"}
RESULT: {"using":"xpath","value":"//*[contains(@id ,\"BDI-content\")][contains(text(), \"Select\")]"}
COMMAND: POST /session/5635ff3a58dcb7e64f288300af2e9ad3/element/f.ED9453BD34BB61637EDB63CE7F048255.d.0DC7983F940AED988C251698B6F39FD1.e.22120/click - {}
RESULT: {}
COMMAND: GET /session/5635ff3a58dcb7e64f288300af2e9ad3/screenshot - {}
RESULT: {}
COMMAND: POST /session/5635ff3a58dcb7e64f288300af2e9ad3/execute/async - {"script":"<script> [1562 bytes]","args":[{"selector":{"id":"application-managehandovers-display-component---AddNewHO--confirmCreationButton","interaction":{"idSuffix":"BDI-content"}},"wdio_ui5_key":"applicationmanagehandovers-display-component---AddNewHO--confirmCreationButton"}]}
RESULT: {"script":"<script> [1562 bytes]","args":[{"selector":{"id":"application-managehandovers-display-component---AddNewHO--confirmCreationButton","interaction":{"idSuffix":"BDI-content"}},"wdio_ui5_key":"applicationmanagehandovers-display-component---AddNewHO--confirmCreationButton"}]}
RESULT: undefined
COMMAND: POST /session/5635ff3a58dcb7e64f288300af2e9ad3/element - {"using":"xpath","value":"//*[@id=\"application-managehandovers-display-component---AddNewHO--confirmCreationButton\"]"}
RESULT: {"using":"xpath","value":"//*[@id=\"application-managehandovers-display-component---AddNewHO--confirmCreationButton\"]"}
COMMAND: POST /session/5635ff3a58dcb7e64f288300af2e9ad3/element/f.ED9453BD34BB61637EDB63CE7F048255.d.0DC7983F940AED988C251698B6F39FD1.e.21923/click - {}
RESULT: {}
COMMAND: GET /session/5635ff3a58dcb7e64f288300af2e9ad3/screenshot - {}
RESULT: {}
COMMAND: POST /session/5635ff3a58dcb7e64f288300af2e9ad3/execute/async - {"script":"<script> [1562 bytes]","args":[{"selector":{"id":"issueDatePicker","viewName":"etm.portal.ui.managehandovers.view.DetailExecuteHO","interaction":{"idSuffix":"inner"}},"wdio_ui5_key":"issueDatePickeretmportal.ui.managehandovers.view.DetailExecuteHO"}]}
RESULT: {"script":"<script> [1562 bytes]","args":[{"selector":{"id":"issueDatePicker","viewName":"etm.portal.ui.managehandovers.view.DetailExecuteHO","interaction":{"idSuffix":"inner"}},"wdio_ui5_key":"issueDatePickeretmportal.ui.managehandovers.view.DetailExecuteHO"}]}
RESULT: undefined
COMMAND: POST /session/5635ff3a58dcb7e64f288300af2e9ad3/execute/async - {"script":"<script> [776 bytes]","args":[{"enterText":"5/28/25","selector":{"id":"issueDatePicker","viewName":"etm.portal.ui.managehandovers.view.DetailExecuteHO","interaction":{"idSuffix":"inner"}},"clearTextFirst":true,"interactionType":"ENTER_TEXT"}]}
RESULT: {"script":"<script> [776 bytes]","args":[{"enterText":"5/28/25","selector":{"id":"issueDatePicker","viewName":"etm.portal.ui.managehandovers.view.DetailExecuteHO","interaction":{"idSuffix":"inner"}},"clearTextFirst":true,"interactionType":"ENTER_TEXT"}]}
COMMAND: POST /session/5635ff3a58dcb7e64f288300af2e9ad3/element - {"using":"xpath","value":"//button[@data-kt=\"PickingTableConfirmAllButton\"]"}
RESULT: {"using":"xpath","value":"//button[@data-kt=\"PickingTableConfirmAllButton\"]"}
COMMAND: POST /session/5635ff3a58dcb7e64f288300af2e9ad3/element/f.ED9453BD34BB61637EDB63CE7F048255.d.0DC7983F940AED988C251698B6F39FD1.e.22182/click - {}
RESULT: {}
COMMAND: GET /session/5635ff3a58dcb7e64f288300af2e9ad3/screenshot - {}
RESULT: {}
COMMAND: POST /session/5635ff3a58dcb7e64f288300af2e9ad3/element - {"using":"xpath","value":"//bdi[contains(text(), \"OK\")]"}
RESULT: {"using":"xpath","value":"//bdi[contains(text(), \"OK\")]"}
COMMAND: POST /session/5635ff3a58dcb7e64f288300af2e9ad3/element/f.ED9453BD34BB61637EDB63CE7F048255.d.0DC7983F940AED988C251698B6F39FD1.e.22185/click - {}
RESULT: {}
COMMAND: GET /session/5635ff3a58dcb7e64f288300af2e9ad3/screenshot - {}
RESULT: {}
COMMAND: POST /session/5635ff3a58dcb7e64f288300af2e9ad3/element - {"using":"xpath","value":"//bdi[contains(text(), \"Issue\")]"}
RESULT: {"using":"xpath","value":"//bdi[contains(text(), \"Issue\")]"}
COMMAND: POST /session/5635ff3a58dcb7e64f288300af2e9ad3/element/f.ED9453BD34BB61637EDB63CE7F048255.d.0DC7983F940AED988C251698B6F39FD1.e.22187/click - {}
RESULT: {}
COMMAND: GET /session/5635ff3a58dcb7e64f288300af2e9ad3/screenshot - {}
RESULT: {}
COMMAND: POST /session/5635ff3a58dcb7e64f288300af2e9ad3/element - {"using":"css selector","value":"#shell-header-logo"}
RESULT: {"using":"css selector","value":"#shell-header-logo"}
COMMAND: POST /session/5635ff3a58dcb7e64f288300af2e9ad3/element/f.ED9453BD34BB61637EDB63CE7F048255.d.0DC7983F940AED988C251698B6F39FD1.e.21237/click - {}
RESULT: {}
COMMAND: GET /session/5635ff3a58dcb7e64f288300af2e9ad3/screenshot - {}
RESULT: {}
]]></system-out>
    </testcase>
    <testcase classname="chrome.136_0_7103_93.windows.Create_Reverse_Billing_US127248" name="Should go navigate to Manage Billings and trigger contract calculation check result" time="64.824">
      <system-out><![CDATA[
COMMAND: POST /session/5635ff3a58dcb7e64f288300af2e9ad3/execute/async - {"script":"<script> [1562 bytes]","args":[{"selector":{"controlType":"sap.m.GenericTile","properties":{"header":"Manage Billings"}},"wdio_ui5_key":"sapm.GenericTile{\"header\":\"Manage Billings\"}"}]}
RESULT: {"script":"<script> [1562 bytes]","args":[{"selector":{"controlType":"sap.m.GenericTile","properties":{"header":"Manage Billings"}},"wdio_ui5_key":"sapm.GenericTile{\"header\":\"Manage Billings\"}"}]}
RESULT: undefined
COMMAND: POST /session/5635ff3a58dcb7e64f288300af2e9ad3/element - {"using":"xpath","value":"//*[@id=\"__tile51\"]"}
RESULT: {"using":"xpath","value":"//*[@id=\"__tile51\"]"}
COMMAND: POST /session/5635ff3a58dcb7e64f288300af2e9ad3/element/f.ED9453BD34BB61637EDB63CE7F048255.d.0DC7983F940AED988C251698B6F39FD1.e.19148/click - {}
RESULT: {}
COMMAND: GET /session/5635ff3a58dcb7e64f288300af2e9ad3/screenshot - {}
RESULT: {}
COMMAND: POST /session/5635ff3a58dcb7e64f288300af2e9ad3/elements - {"using":"xpath","value":"//span[text()='Error']"}
RESULT: {"using":"xpath","value":"//span[text()='Error']"}
COMMAND: POST /session/5635ff3a58dcb7e64f288300af2e9ad3/execute/async - {"script":"<script> [1562 bytes]","args":[{"selector":{"id":"application-managebillings-display-component---billRunCalcResult--smartFilterBar-btnBasicSearch","interaction":{"idSuffix":"I"}},"wdio_ui5_key":"applicationmanagebillings-display-component---billRunCalcResult--smartFilterBar-btnBasicSearch"}]}
RESULT: {"script":"<script> [1562 bytes]","args":[{"selector":{"id":"application-managebillings-display-component---billRunCalcResult--smartFilterBar-btnBasicSearch","interaction":{"idSuffix":"I"}},"wdio_ui5_key":"applicationmanagebillings-display-component---billRunCalcResult--smartFilterBar-btnBasicSearch"}]}
RESULT: undefined
COMMAND: POST /session/5635ff3a58dcb7e64f288300af2e9ad3/execute/async - {"script":"<script> [776 bytes]","args":[{"enterText":"10358","selector":{"id":"application-managebillings-display-component---billRunCalcResult--smartFilterBar-btnBasicSearch","interaction":{"idSuffix":"I"}},"clearTextFirst":true,"interactionType":"ENTER_TEXT"}]}
RESULT: {"script":"<script> [776 bytes]","args":[{"enterText":"10358","selector":{"id":"application-managebillings-display-component---billRunCalcResult--smartFilterBar-btnBasicSearch","interaction":{"idSuffix":"I"}},"clearTextFirst":true,"interactionType":"ENTER_TEXT"}]}
COMMAND: POST /session/5635ff3a58dcb7e64f288300af2e9ad3/actions - {"actions":[{"id":"action73","type":"key","parameters":{},"actions":[{"type":"keyDown","value":""},{"type":"pause","duration":10},{"type":"keyUp","value":""}]}]}
RESULT: {"actions":[{"id":"action73","type":"key","parameters":{},"actions":[{"type":"keyDown","value":""},{"type":"pause","duration":10},{"type":"keyUp","value":""}]}]}
COMMAND: GET /session/5635ff3a58dcb7e64f288300af2e9ad3/screenshot - {}
RESULT: {}
COMMAND: POST /session/5635ff3a58dcb7e64f288300af2e9ad3/element - {"using":"xpath","value":"//td[@aria-colindex=\"1\"]/div/div[contains(@class, \"sapMCbBg\")]"}
RESULT: {"using":"xpath","value":"//td[@aria-colindex=\"1\"]/div/div[contains(@class, \"sapMCbBg\")]"}
COMMAND: POST /session/5635ff3a58dcb7e64f288300af2e9ad3/element/f.ED9453BD34BB61637EDB63CE7F048255.d.0DC7983F940AED988C251698B6F39FD1.e.22581/click - {}
RESULT: {}
COMMAND: GET /session/5635ff3a58dcb7e64f288300af2e9ad3/screenshot - {}
RESULT: {}
COMMAND: POST /session/5635ff3a58dcb7e64f288300af2e9ad3/execute/async - {"script":"<script> [1562 bytes]","args":[{"selector":{"id":"application-managebillings-display-component---billRunCalcResult--contractBillRunDate","interaction":{"idSuffix":"inner"}},"wdio_ui5_key":"applicationmanagebillings-display-component---billRunCalcResult--contractBillRunDate"}]}
RESULT: {"script":"<script> [1562 bytes]","args":[{"selector":{"id":"application-managebillings-display-component---billRunCalcResult--contractBillRunDate","interaction":{"idSuffix":"inner"}},"wdio_ui5_key":"applicationmanagebillings-display-component---billRunCalcResult--contractBillRunDate"}]}
RESULT: undefined
COMMAND: POST /session/5635ff3a58dcb7e64f288300af2e9ad3/execute/async - {"script":"<script> [776 bytes]","args":[{"enterText":"6/28/25","selector":{"id":"application-managebillings-display-component---billRunCalcResult--contractBillRunDate","interaction":{"idSuffix":"inner"}},"clearTextFirst":true,"interactionType":"ENTER_TEXT"}]}
RESULT: {"script":"<script> [776 bytes]","args":[{"enterText":"6/28/25","selector":{"id":"application-managebillings-display-component---billRunCalcResult--contractBillRunDate","interaction":{"idSuffix":"inner"}},"clearTextFirst":true,"interactionType":"ENTER_TEXT"}]}
COMMAND: POST /session/5635ff3a58dcb7e64f288300af2e9ad3/element - {"using":"xpath","value":"//bdi[contains(text(), \"Trigger Calculation\")]"}
RESULT: {"using":"xpath","value":"//bdi[contains(text(), \"Trigger Calculation\")]"}
COMMAND: POST /session/5635ff3a58dcb7e64f288300af2e9ad3/element/f.ED9453BD34BB61637EDB63CE7F048255.d.0DC7983F940AED988C251698B6F39FD1.e.22632/click - {}
RESULT: {}
COMMAND: GET /session/5635ff3a58dcb7e64f288300af2e9ad3/screenshot - {}
RESULT: {}
COMMAND: POST /session/5635ff3a58dcb7e64f288300af2e9ad3/element - {"using":"xpath","value":"(//span[contains(@id, \"imgNav\")])[1]"}
RESULT: {"using":"xpath","value":"(//span[contains(@id, \"imgNav\")])[1]"}
COMMAND: POST /session/5635ff3a58dcb7e64f288300af2e9ad3/element/f.ED9453BD34BB61637EDB63CE7F048255.d.0DC7983F940AED988C251698B6F39FD1.e.22582/click - {}
RESULT: {}
COMMAND: GET /session/5635ff3a58dcb7e64f288300af2e9ad3/screenshot - {}
RESULT: {}
COMMAND: POST /session/5635ff3a58dcb7e64f288300af2e9ad3/element - {"using":"xpath","value":"//tr/td[6]/div[1]/span[1]/span[1]"}
RESULT: {"using":"xpath","value":"//tr/td[6]/div[1]/span[1]/span[1]"}
COMMAND: GET /session/5635ff3a58dcb7e64f288300af2e9ad3/element/f.ED9453BD34BB61637EDB63CE7F048255.d.0DC7983F940AED988C251698B6F39FD1.e.22637/text - {}
RESULT: {}
COMMAND: POST /session/5635ff3a58dcb7e64f288300af2e9ad3/element - {"using":"xpath","value":"(//span[contains(@id, \"imgNav\")])[2]"}
RESULT: {"using":"xpath","value":"(//span[contains(@id, \"imgNav\")])[2]"}
COMMAND: POST /session/5635ff3a58dcb7e64f288300af2e9ad3/element/f.ED9453BD34BB61637EDB63CE7F048255.d.0DC7983F940AED988C251698B6F39FD1.e.22638/click - {}
RESULT: {}
COMMAND: POST /session/5635ff3a58dcb7e64f288300af2e9ad3/element - {"using":"xpath","value":"//bdi[contains(text(), \"Business Confirm\")]"}
COMMAND: GET /session/5635ff3a58dcb7e64f288300af2e9ad3/screenshot - {}
RESULT: {"using":"xpath","value":"//bdi[contains(text(), \"Business Confirm\")]"}
COMMAND: POST /session/5635ff3a58dcb7e64f288300af2e9ad3/elements - {"using":"xpath","value":"//bdi[contains(text(), \"Business Confirm\")]"}
RESULT: {}
RESULT: {"using":"xpath","value":"//bdi[contains(text(), \"Business Confirm\")]"}
COMMAND: POST /session/5635ff3a58dcb7e64f288300af2e9ad3/element - {"using":"xpath","value":"//bdi[contains(text(), \"Business Confirm\")]"}
RESULT: {"using":"xpath","value":"//bdi[contains(text(), \"Business Confirm\")]"}
COMMAND: POST /session/5635ff3a58dcb7e64f288300af2e9ad3/element/f.ED9453BD34BB61637EDB63CE7F048255.d.0DC7983F940AED988C251698B6F39FD1.e.22640/click - {}
RESULT: {}
COMMAND: POST /session/5635ff3a58dcb7e64f288300af2e9ad3/element - {"using":"css selector","value":"#shell-header-logo"}
COMMAND: GET /session/5635ff3a58dcb7e64f288300af2e9ad3/screenshot - {}
RESULT: {"using":"css selector","value":"#shell-header-logo"}
COMMAND: POST /session/5635ff3a58dcb7e64f288300af2e9ad3/element/f.ED9453BD34BB61637EDB63CE7F048255.d.0DC7983F940AED988C251698B6F39FD1.e.22368/click - {}
RESULT: {}
RESULT: {}
COMMAND: GET /session/5635ff3a58dcb7e64f288300af2e9ad3/screenshot - {}
RESULT: {}
]]></system-out>
    </testcase>
    <testcase classname="chrome.136_0_7103_93.windows.Create_Reverse_Billing_US127248" name="Should go into Billing Transfer and reverse the billing" time="43.64">
      <system-out><![CDATA[
COMMAND: POST /session/5635ff3a58dcb7e64f288300af2e9ad3/execute/async - {"script":"<script> [1562 bytes]","args":[{"selector":{"controlType":"sap.m.GenericTile","properties":{"header":"Billing Transfer"}},"wdio_ui5_key":"sapm.GenericTile{\"header\":\"Billing Transfer\"}"}]}
RESULT: {"script":"<script> [1562 bytes]","args":[{"selector":{"controlType":"sap.m.GenericTile","properties":{"header":"Billing Transfer"}},"wdio_ui5_key":"sapm.GenericTile{\"header\":\"Billing Transfer\"}"}]}
RESULT: undefined
COMMAND: POST /session/5635ff3a58dcb7e64f288300af2e9ad3/element - {"using":"xpath","value":"//*[@id=\"__tile50\"]"}
RESULT: {"using":"xpath","value":"//*[@id=\"__tile50\"]"}
COMMAND: POST /session/5635ff3a58dcb7e64f288300af2e9ad3/element/f.ED9453BD34BB61637EDB63CE7F048255.d.0DC7983F940AED988C251698B6F39FD1.e.19146/click - {}
RESULT: {}
COMMAND: GET /session/5635ff3a58dcb7e64f288300af2e9ad3/screenshot - {}
RESULT: {}
COMMAND: POST /session/5635ff3a58dcb7e64f288300af2e9ad3/elements - {"using":"xpath","value":"//span[text()='Error']"}
RESULT: {"using":"xpath","value":"//span[text()='Error']"}
COMMAND: POST /session/5635ff3a58dcb7e64f288300af2e9ad3/element - {"using":"xpath","value":"//input[contains(@id ,\"application-billingtransfer-display-component---billingWorkbench--smartFilterBar-btnBasicSearch\")]"}
RESULT: {"using":"xpath","value":"//input[contains(@id ,\"application-billingtransfer-display-component---billingWorkbench--smartFilterBar-btnBasicSearch\")]"}
COMMAND: POST /session/5635ff3a58dcb7e64f288300af2e9ad3/elements - {"using":"xpath","value":"//input[contains(@id ,\"application-billingtransfer-display-component---billingWorkbench--smartFilterBar-btnBasicSearch\")]"}
RESULT: {"using":"xpath","value":"//input[contains(@id ,\"application-billingtransfer-display-component---billingWorkbench--smartFilterBar-btnBasicSearch\")]"}
COMMAND: POST /session/5635ff3a58dcb7e64f288300af2e9ad3/execute/sync - {"script":"<script> [8489 bytes]","args":[{"element-6066-11e4-a52e-4f735466cecf":"f.ED9453BD34BB61637EDB63CE7F048255.d.0DC7983F940AED988C251698B6F39FD1.e.22711","ELEMENT":"f.ED9453BD34BB61637EDB63CE7F048255.d.0DC7983F940AED988C251698B6F39FD1.e.22711"}]}
RESULT: {"script":"<script> [8489 bytes]","args":[{"element-6066-11e4-a52e-4f735466cecf":"f.ED9453BD34BB61637EDB63CE7F048255.d.0DC7983F940AED988C251698B6F39FD1.e.22711","ELEMENT":"f.ED9453BD34BB61637EDB63CE7F048255.d.0DC7983F940AED988C251698B6F39FD1.e.22711"}]}
COMMAND: GET /session/5635ff3a58dcb7e64f288300af2e9ad3/element/f.ED9453BD34BB61637EDB63CE7F048255.d.0DC7983F940AED988C251698B6F39FD1.e.22711/enabled - {}
COMMAND: GET /session/5635ff3a58dcb7e64f288300af2e9ad3/screenshot - {}
RESULT: {}
COMMAND: POST /session/5635ff3a58dcb7e64f288300af2e9ad3/element/f.ED9453BD34BB61637EDB63CE7F048255.d.0DC7983F940AED988C251698B6F39FD1.e.22711/click - {}
COMMAND: GET /session/5635ff3a58dcb7e64f288300af2e9ad3/screenshot - {}
RESULT: {}
RESULT: {}
COMMAND: GET /session/5635ff3a58dcb7e64f288300af2e9ad3/screenshot - {}
RESULT: {}
RESULT: {}
COMMAND: POST /session/5635ff3a58dcb7e64f288300af2e9ad3/element/f.ED9453BD34BB61637EDB63CE7F048255.d.0DC7983F940AED988C251698B6F39FD1.e.22711/clear - {}
RESULT: {}
COMMAND: POST /session/5635ff3a58dcb7e64f288300af2e9ad3/element/f.ED9453BD34BB61637EDB63CE7F048255.d.0DC7983F940AED988C251698B6F39FD1.e.22711/value - {"text":"10358"}
COMMAND: GET /session/5635ff3a58dcb7e64f288300af2e9ad3/screenshot - {}
RESULT: {"text":"10358"}
COMMAND: POST /session/5635ff3a58dcb7e64f288300af2e9ad3/actions - {"actions":[{"id":"action74","type":"key","parameters":{},"actions":[{"type":"keyDown","value":""},{"type":"pause","duration":10},{"type":"keyUp","value":""}]}]}
COMMAND: GET /session/5635ff3a58dcb7e64f288300af2e9ad3/screenshot - {}
RESULT: {}
RESULT: {"actions":[{"id":"action74","type":"key","parameters":{},"actions":[{"type":"keyDown","value":""},{"type":"pause","duration":10},{"type":"keyUp","value":""}]}]}
COMMAND: GET /session/5635ff3a58dcb7e64f288300af2e9ad3/screenshot - {}
RESULT: {}
RESULT: {}
COMMAND: POST /session/5635ff3a58dcb7e64f288300af2e9ad3/element - {"using":"xpath","value":"//span[contains(@id ,\"application-billingtransfer-display-component---billingWorkbench--smartTableBillingRuns-header-inner\")]"}
RESULT: {"using":"xpath","value":"//span[contains(@id ,\"application-billingtransfer-display-component---billingWorkbench--smartTableBillingRuns-header-inner\")]"}
COMMAND: POST /session/5635ff3a58dcb7e64f288300af2e9ad3/elements - {"using":"xpath","value":"//span[contains(@id ,\"application-billingtransfer-display-component---billingWorkbench--smartTableBillingRuns-header-inner\")]"}
RESULT: {"using":"xpath","value":"//span[contains(@id ,\"application-billingtransfer-display-component---billingWorkbench--smartTableBillingRuns-header-inner\")]"}
COMMAND: POST /session/5635ff3a58dcb7e64f288300af2e9ad3/execute/sync - {"script":"<script> [56 bytes]","args":[{"element-6066-11e4-a52e-4f735466cecf":"f.ED9453BD34BB61637EDB63CE7F048255.d.0DC7983F940AED988C251698B6F39FD1.e.22854","ELEMENT":"f.ED9453BD34BB61637EDB63CE7F048255.d.0DC7983F940AED988C251698B6F39FD1.e.22854"}]}
RESULT: {"script":"<script> [56 bytes]","args":[{"element-6066-11e4-a52e-4f735466cecf":"f.ED9453BD34BB61637EDB63CE7F048255.d.0DC7983F940AED988C251698B6F39FD1.e.22854","ELEMENT":"f.ED9453BD34BB61637EDB63CE7F048255.d.0DC7983F940AED988C251698B6F39FD1.e.22854"}]}
COMMAND: POST /session/5635ff3a58dcb7e64f288300af2e9ad3/element - {"using":"xpath","value":"//td[@aria-colindex=\"1\"]/div/div[contains(@class, \"sapMCbBg\")]"}
COMMAND: GET /session/5635ff3a58dcb7e64f288300af2e9ad3/screenshot - {}
RESULT: {"using":"xpath","value":"//td[@aria-colindex=\"1\"]/div/div[contains(@class, \"sapMCbBg\")]"}
COMMAND: POST /session/5635ff3a58dcb7e64f288300af2e9ad3/element/f.ED9453BD34BB61637EDB63CE7F048255.d.0DC7983F940AED988C251698B6F39FD1.e.22818/click - {}
RESULT: {}
RESULT: {}
COMMAND: GET /session/5635ff3a58dcb7e64f288300af2e9ad3/screenshot - {}
RESULT: {}
COMMAND: POST /session/5635ff3a58dcb7e64f288300af2e9ad3/element - {"using":"xpath","value":"//bdi[contains(text(), \"Reverse\")]"}
RESULT: {"using":"xpath","value":"//bdi[contains(text(), \"Reverse\")]"}
COMMAND: POST /session/5635ff3a58dcb7e64f288300af2e9ad3/element/f.ED9453BD34BB61637EDB63CE7F048255.d.0DC7983F940AED988C251698B6F39FD1.e.22855/click - {}
RESULT: {}
COMMAND: GET /session/5635ff3a58dcb7e64f288300af2e9ad3/screenshot - {}
RESULT: {}
COMMAND: POST /session/5635ff3a58dcb7e64f288300af2e9ad3/element - {"using":"xpath","value":"//input[contains(@id ,\"application-billingtransfer-display-component---billingWorkbench--smartFilterBar-btnBasicSearch\")]"}
RESULT: {"using":"xpath","value":"//input[contains(@id ,\"application-billingtransfer-display-component---billingWorkbench--smartFilterBar-btnBasicSearch\")]"}
COMMAND: POST /session/5635ff3a58dcb7e64f288300af2e9ad3/elements - {"using":"xpath","value":"//input[contains(@id ,\"application-billingtransfer-display-component---billingWorkbench--smartFilterBar-btnBasicSearch\")]"}
RESULT: {"using":"xpath","value":"//input[contains(@id ,\"application-billingtransfer-display-component---billingWorkbench--smartFilterBar-btnBasicSearch\")]"}
COMMAND: POST /session/5635ff3a58dcb7e64f288300af2e9ad3/execute/sync - {"script":"<script> [8489 bytes]","args":[{"element-6066-11e4-a52e-4f735466cecf":"f.ED9453BD34BB61637EDB63CE7F048255.d.0DC7983F940AED988C251698B6F39FD1.e.22711","ELEMENT":"f.ED9453BD34BB61637EDB63CE7F048255.d.0DC7983F940AED988C251698B6F39FD1.e.22711"}]}
RESULT: {"script":"<script> [8489 bytes]","args":[{"element-6066-11e4-a52e-4f735466cecf":"f.ED9453BD34BB61637EDB63CE7F048255.d.0DC7983F940AED988C251698B6F39FD1.e.22711","ELEMENT":"f.ED9453BD34BB61637EDB63CE7F048255.d.0DC7983F940AED988C251698B6F39FD1.e.22711"}]}
COMMAND: GET /session/5635ff3a58dcb7e64f288300af2e9ad3/element/f.ED9453BD34BB61637EDB63CE7F048255.d.0DC7983F940AED988C251698B6F39FD1.e.22711/enabled - {}
COMMAND: GET /session/5635ff3a58dcb7e64f288300af2e9ad3/screenshot - {}
RESULT: {}
COMMAND: POST /session/5635ff3a58dcb7e64f288300af2e9ad3/element/f.ED9453BD34BB61637EDB63CE7F048255.d.0DC7983F940AED988C251698B6F39FD1.e.22711/click - {}
COMMAND: GET /session/5635ff3a58dcb7e64f288300af2e9ad3/screenshot - {}
RESULT: {}
RESULT: {}
COMMAND: GET /session/5635ff3a58dcb7e64f288300af2e9ad3/screenshot - {}
RESULT: {}
RESULT: {}
COMMAND: POST /session/5635ff3a58dcb7e64f288300af2e9ad3/element/f.ED9453BD34BB61637EDB63CE7F048255.d.0DC7983F940AED988C251698B6F39FD1.e.22711/clear - {}
RESULT: {}
COMMAND: POST /session/5635ff3a58dcb7e64f288300af2e9ad3/element/f.ED9453BD34BB61637EDB63CE7F048255.d.0DC7983F940AED988C251698B6F39FD1.e.22711/value - {"text":"10358"}
COMMAND: GET /session/5635ff3a58dcb7e64f288300af2e9ad3/screenshot - {}
RESULT: {"text":"10358"}
COMMAND: POST /session/5635ff3a58dcb7e64f288300af2e9ad3/actions - {"actions":[{"id":"action75","type":"key","parameters":{},"actions":[{"type":"keyDown","value":""},{"type":"pause","duration":10},{"type":"keyUp","value":""}]}]}
COMMAND: GET /session/5635ff3a58dcb7e64f288300af2e9ad3/screenshot - {}
RESULT: {}
RESULT: {"actions":[{"id":"action75","type":"key","parameters":{},"actions":[{"type":"keyDown","value":""},{"type":"pause","duration":10},{"type":"keyUp","value":""}]}]}
COMMAND: GET /session/5635ff3a58dcb7e64f288300af2e9ad3/screenshot - {}
RESULT: {}
RESULT: {}
COMMAND: POST /session/5635ff3a58dcb7e64f288300af2e9ad3/element - {"using":"xpath","value":"//span[contains(@id ,\"application-billingtransfer-display-component---billingWorkbench--smartTableBillingRuns-header-inner\")]"}
RESULT: {"using":"xpath","value":"//span[contains(@id ,\"application-billingtransfer-display-component---billingWorkbench--smartTableBillingRuns-header-inner\")]"}
COMMAND: POST /session/5635ff3a58dcb7e64f288300af2e9ad3/elements - {"using":"xpath","value":"//span[contains(@id ,\"application-billingtransfer-display-component---billingWorkbench--smartTableBillingRuns-header-inner\")]"}
RESULT: {"using":"xpath","value":"//span[contains(@id ,\"application-billingtransfer-display-component---billingWorkbench--smartTableBillingRuns-header-inner\")]"}
COMMAND: POST /session/5635ff3a58dcb7e64f288300af2e9ad3/execute/sync - {"script":"<script> [56 bytes]","args":[{"element-6066-11e4-a52e-4f735466cecf":"f.ED9453BD34BB61637EDB63CE7F048255.d.0DC7983F940AED988C251698B6F39FD1.e.22854","ELEMENT":"f.ED9453BD34BB61637EDB63CE7F048255.d.0DC7983F940AED988C251698B6F39FD1.e.22854"}]}
RESULT: {"script":"<script> [56 bytes]","args":[{"element-6066-11e4-a52e-4f735466cecf":"f.ED9453BD34BB61637EDB63CE7F048255.d.0DC7983F940AED988C251698B6F39FD1.e.22854","ELEMENT":"f.ED9453BD34BB61637EDB63CE7F048255.d.0DC7983F940AED988C251698B6F39FD1.e.22854"}]}
COMMAND: POST /session/5635ff3a58dcb7e64f288300af2e9ad3/element - {"using":"css selector","value":"#shell-header-logo"}
COMMAND: GET /session/5635ff3a58dcb7e64f288300af2e9ad3/screenshot - {}
RESULT: {"using":"css selector","value":"#shell-header-logo"}
COMMAND: POST /session/5635ff3a58dcb7e64f288300af2e9ad3/element/f.ED9453BD34BB61637EDB63CE7F048255.d.0DC7983F940AED988C251698B6F39FD1.e.22709/click - {}
RESULT: {}
RESULT: {}
COMMAND: GET /session/5635ff3a58dcb7e64f288300af2e9ad3/screenshot - {}
RESULT: {}
COMMAND: DELETE /session/5635ff3a58dcb7e64f288300af2e9ad3 - {}
RESULT: {}
]]></system-out>
    </testcase>
  </testsuite>
</testsuites>