<?xml version="1.0" encoding="UTF-8"?>
<testsuites tests="49" failures="0" errors="0" skipped="0">
  <testsuite timestamp="2025-06-13T15:09:15" time="2044.533" tests="49" failures="0" errors="0" skipped="0">
    <properties>
      <property name="specId" value="0"/>
      <property name="suiteName" value="Sanity Tests US104253"/>
      <property name="capabilities" value="chrome.137_0_7151_69.windows"/>
      <property name="file" value="file:///D:/a/1/s/test/specs/General/sanity.spec.js"/>
    </properties>
    <testcase classname="chrome.137_0_7151_69.windows.Sanity_Tests_US104253" name="Should open Manage Partners page" time="39.736">
      <system-out><![CDATA[
COMMAND: POST /session/b412545c9f914b9154c640cc8a048e59/execute/async - {"script":"<script> [1562 bytes]","args":[{"selector":{"controlType":"sap.m.GenericTile","properties":{"header":"Manage Partners"}},"wdio_ui5_key":"sapm.GenericTile{\"header\":\"Manage Partners\"}"}]}
RESULT: {"script":"<script> [1562 bytes]","args":[{"selector":{"controlType":"sap.m.GenericTile","properties":{"header":"Manage Partners"}},"wdio_ui5_key":"sapm.GenericTile{\"header\":\"Manage Partners\"}"}]}
RESULT: undefined
COMMAND: POST /session/b412545c9f914b9154c640cc8a048e59/element - {"using":"xpath","value":"//*[@id=\"__tile39\"]"}
RESULT: {"using":"xpath","value":"//*[@id=\"__tile39\"]"}
COMMAND: POST /session/b412545c9f914b9154c640cc8a048e59/element/f.1696EE82744AFE881D8953840AF4DA39.d.6012D0117DB3BB1CCF74CB7C391ADBDE.e.117/click - {}
RESULT: {}
COMMAND: GET /session/b412545c9f914b9154c640cc8a048e59/screenshot - {}
RESULT: {}
COMMAND: POST /session/b412545c9f914b9154c640cc8a048e59/elements - {"using":"xpath","value":"//span[text()='Error']"}
RESULT: {"using":"xpath","value":"//span[text()='Error']"}
RESULT: undefined
COMMAND: POST /session/b412545c9f914b9154c640cc8a048e59/element - {"using":"xpath","value":"//*[@id=\"__tile39\"]"}
RESULT: {"using":"xpath","value":"//*[@id=\"__tile39\"]"}
COMMAND: POST /session/b412545c9f914b9154c640cc8a048e59/element/f.1696EE82744AFE881D8953840AF4DA39.d.6012D0117DB3BB1CCF74CB7C391ADBDE.e.117/click - {}
RESULT: undefined
COMMAND: POST /session/b412545c9f914b9154c640cc8a048e59/element - {"using":"xpath","value":"//*[@id=\"__tile39\"]"}
RESULT: {"using":"xpath","value":"//*[@id=\"__tile39\"]"}
COMMAND: POST /session/b412545c9f914b9154c640cc8a048e59/element/f.1696EE82744AFE881D8953840AF4DA39.d.6012D0117DB3BB1CCF74CB7C391ADBDE.e.117/click - {}
COMMAND: POST /session/b412545c9f914b9154c640cc8a048e59/execute/async - {"script":"<script> [1562 bytes]","args":[{"selector":{"id":"shellAppTitle"},"wdio_ui5_key":"shellAppTitle"}]}
RESULT: {"script":"<script> [1562 bytes]","args":[{"selector":{"id":"shellAppTitle"},"wdio_ui5_key":"shellAppTitle"}]}
RESULT: undefined
COMMAND: POST /session/b412545c9f914b9154c640cc8a048e59/execute/async - {"script":"<script> [6424 bytes]","args":[{"element-6066-11e4-a52e-4f735466cecf":"f.1696EE82744AFE881D8953840AF4DA39.d.6012D0117DB3BB1CCF74CB7C391ADBDE.e.274"},"getTitle",[]]}
RESULT: {"script":"<script> [6424 bytes]","args":[{"element-6066-11e4-a52e-4f735466cecf":"f.1696EE82744AFE881D8953840AF4DA39.d.6012D0117DB3BB1CCF74CB7C391ADBDE.e.274"},"getTitle",[]]}
COMMAND: POST /session/b412545c9f914b9154c640cc8a048e59/execute/async - {"script":"<script> [1562 bytes]","args":[{"selector":{"id":"backBtn"},"wdio_ui5_key":"backBtn"}]}
RESULT: {"script":"<script> [1562 bytes]","args":[{"selector":{"id":"backBtn"},"wdio_ui5_key":"backBtn"}]}
RESULT: undefined
COMMAND: POST /session/b412545c9f914b9154c640cc8a048e59/element - {"using":"xpath","value":"//*[@id=\"backBtn\"]"}
RESULT: {"using":"xpath","value":"//*[@id=\"backBtn\"]"}
COMMAND: POST /session/b412545c9f914b9154c640cc8a048e59/element/f.1696EE82744AFE881D8953840AF4DA39.d.6012D0117DB3BB1CCF74CB7C391ADBDE.e.275/click - {}
RESULT: {}
COMMAND: GET /session/b412545c9f914b9154c640cc8a048e59/screenshot - {}
RESULT: {}
]]></system-out>
    </testcase>
    <testcase classname="chrome.137_0_7151_69.windows.Sanity_Tests_US104253" name="Should open Manage Sites page" time="39.103">
      <system-out><![CDATA[
COMMAND: POST /session/b412545c9f914b9154c640cc8a048e59/execute/async - {"script":"<script> [1562 bytes]","args":[{"selector":{"controlType":"sap.m.GenericTile","properties":{"header":"Manage Sites"}},"wdio_ui5_key":"sapm.GenericTile{\"header\":\"Manage Sites\"}"}]}
RESULT: {"script":"<script> [1562 bytes]","args":[{"selector":{"controlType":"sap.m.GenericTile","properties":{"header":"Manage Sites"}},"wdio_ui5_key":"sapm.GenericTile{\"header\":\"Manage Sites\"}"}]}
RESULT: undefined
COMMAND: POST /session/b412545c9f914b9154c640cc8a048e59/element - {"using":"xpath","value":"//*[@id=\"__tile41\"]"}
RESULT: {"using":"xpath","value":"//*[@id=\"__tile41\"]"}
COMMAND: POST /session/b412545c9f914b9154c640cc8a048e59/element/f.1696EE82744AFE881D8953840AF4DA39.d.6012D0117DB3BB1CCF74CB7C391ADBDE.e.277/click - {}
RESULT: {}
COMMAND: GET /session/b412545c9f914b9154c640cc8a048e59/screenshot - {}
RESULT: {}
COMMAND: POST /session/b412545c9f914b9154c640cc8a048e59/elements - {"using":"xpath","value":"//span[text()='Error']"}
RESULT: {"using":"xpath","value":"//span[text()='Error']"}
RESULT: undefined
COMMAND: POST /session/b412545c9f914b9154c640cc8a048e59/element - {"using":"xpath","value":"//*[@id=\"__tile41\"]"}
RESULT: {"using":"xpath","value":"//*[@id=\"__tile41\"]"}
COMMAND: POST /session/b412545c9f914b9154c640cc8a048e59/element/f.1696EE82744AFE881D8953840AF4DA39.d.6012D0117DB3BB1CCF74CB7C391ADBDE.e.277/click - {}
RESULT: undefined
COMMAND: POST /session/b412545c9f914b9154c640cc8a048e59/element - {"using":"xpath","value":"//*[@id=\"__tile41\"]"}
RESULT: {"using":"xpath","value":"//*[@id=\"__tile41\"]"}
COMMAND: POST /session/b412545c9f914b9154c640cc8a048e59/element/f.1696EE82744AFE881D8953840AF4DA39.d.6012D0117DB3BB1CCF74CB7C391ADBDE.e.277/click - {}
RESULT: undefined
COMMAND: POST /session/b412545c9f914b9154c640cc8a048e59/execute/async - {"script":"<script> [6424 bytes]","args":[{"element-6066-11e4-a52e-4f735466cecf":"f.1696EE82744AFE881D8953840AF4DA39.d.6012D0117DB3BB1CCF74CB7C391ADBDE.e.274"},"getTitle",[]]}
COMMAND: POST /session/b412545c9f914b9154c640cc8a048e59/execute/async - {"script":"<script> [1562 bytes]","args":[{"selector":{"id":"shellAppTitle"},"wdio_ui5_key":"shellAppTitle"}]}
RESULT: {"script":"<script> [1562 bytes]","args":[{"selector":{"id":"shellAppTitle"},"wdio_ui5_key":"shellAppTitle"}]}
COMMAND: POST /session/b412545c9f914b9154c640cc8a048e59/execute/async - {"script":"<script> [6424 bytes]","args":[{"element-6066-11e4-a52e-4f735466cecf":"f.1696EE82744AFE881D8953840AF4DA39.d.6012D0117DB3BB1CCF74CB7C391ADBDE.e.447"},"getTitle",[]]}
RESULT: {"script":"<script> [6424 bytes]","args":[{"element-6066-11e4-a52e-4f735466cecf":"f.1696EE82744AFE881D8953840AF4DA39.d.6012D0117DB3BB1CCF74CB7C391ADBDE.e.447"},"getTitle",[]]}
RESULT: undefined
COMMAND: POST /session/b412545c9f914b9154c640cc8a048e59/element/f.1696EE82744AFE881D8953840AF4DA39.d.6012D0117DB3BB1CCF74CB7C391ADBDE.e.275/click - {}
RESULT: {}
COMMAND: GET /session/b412545c9f914b9154c640cc8a048e59/screenshot - {}
RESULT: {}
]]></system-out>
    </testcase>
    <testcase classname="chrome.137_0_7151_69.windows.Sanity_Tests_US104253" name="Should open Manage Resources page" time="40.465">
      <system-out><![CDATA[
COMMAND: POST /session/b412545c9f914b9154c640cc8a048e59/execute/async - {"script":"<script> [1562 bytes]","args":[{"selector":{"controlType":"sap.m.GenericTile","properties":{"header":"Manage Resources"}},"wdio_ui5_key":"sapm.GenericTile{\"header\":\"Manage Resources\"}"}]}
RESULT: {"script":"<script> [1562 bytes]","args":[{"selector":{"controlType":"sap.m.GenericTile","properties":{"header":"Manage Resources"}},"wdio_ui5_key":"sapm.GenericTile{\"header\":\"Manage Resources\"}"}]}
RESULT: undefined
COMMAND: POST /session/b412545c9f914b9154c640cc8a048e59/element - {"using":"xpath","value":"//*[@id=\"__tile40\"]"}
RESULT: {"using":"xpath","value":"//*[@id=\"__tile40\"]"}
COMMAND: POST /session/b412545c9f914b9154c640cc8a048e59/element/f.1696EE82744AFE881D8953840AF4DA39.d.6012D0117DB3BB1CCF74CB7C391ADBDE.e.449/click - {}
RESULT: {}
COMMAND: GET /session/b412545c9f914b9154c640cc8a048e59/screenshot - {}
RESULT: {}
COMMAND: POST /session/b412545c9f914b9154c640cc8a048e59/elements - {"using":"xpath","value":"//span[text()='Error']"}
RESULT: {"using":"xpath","value":"//span[text()='Error']"}
RESULT: undefined
COMMAND: POST /session/b412545c9f914b9154c640cc8a048e59/element - {"using":"xpath","value":"//*[@id=\"__tile40\"]"}
RESULT: {"using":"xpath","value":"//*[@id=\"__tile40\"]"}
COMMAND: POST /session/b412545c9f914b9154c640cc8a048e59/element/f.1696EE82744AFE881D8953840AF4DA39.d.6012D0117DB3BB1CCF74CB7C391ADBDE.e.449/click - {}
RESULT: undefined
COMMAND: POST /session/b412545c9f914b9154c640cc8a048e59/element - {"using":"xpath","value":"//*[@id=\"__tile40\"]"}
RESULT: {"using":"xpath","value":"//*[@id=\"__tile40\"]"}
COMMAND: POST /session/b412545c9f914b9154c640cc8a048e59/element/f.1696EE82744AFE881D8953840AF4DA39.d.6012D0117DB3BB1CCF74CB7C391ADBDE.e.449/click - {}
RESULT: undefined
COMMAND: POST /session/b412545c9f914b9154c640cc8a048e59/execute/async - {"script":"<script> [6424 bytes]","args":[{"element-6066-11e4-a52e-4f735466cecf":"f.1696EE82744AFE881D8953840AF4DA39.d.6012D0117DB3BB1CCF74CB7C391ADBDE.e.274"},"getTitle",[]]}
COMMAND: POST /session/b412545c9f914b9154c640cc8a048e59/execute/async - {"script":"<script> [1562 bytes]","args":[{"selector":{"id":"shellAppTitle"},"wdio_ui5_key":"shellAppTitle"}]}
RESULT: {"script":"<script> [1562 bytes]","args":[{"selector":{"id":"shellAppTitle"},"wdio_ui5_key":"shellAppTitle"}]}
COMMAND: POST /session/b412545c9f914b9154c640cc8a048e59/execute/async - {"script":"<script> [6424 bytes]","args":[{"element-6066-11e4-a52e-4f735466cecf":"f.1696EE82744AFE881D8953840AF4DA39.d.6012D0117DB3BB1CCF74CB7C391ADBDE.e.622"},"getTitle",[]]}
RESULT: {"script":"<script> [6424 bytes]","args":[{"element-6066-11e4-a52e-4f735466cecf":"f.1696EE82744AFE881D8953840AF4DA39.d.6012D0117DB3BB1CCF74CB7C391ADBDE.e.622"},"getTitle",[]]}
RESULT: undefined
COMMAND: POST /session/b412545c9f914b9154c640cc8a048e59/element/f.1696EE82744AFE881D8953840AF4DA39.d.6012D0117DB3BB1CCF74CB7C391ADBDE.e.275/click - {}
COMMAND: POST /session/b412545c9f914b9154c640cc8a048e59/element - {"using":"xpath","value":"//*[@id=\"backBtn\"]"}
RESULT: {"using":"xpath","value":"//*[@id=\"backBtn\"]"}
COMMAND: POST /session/b412545c9f914b9154c640cc8a048e59/element/f.1696EE82744AFE881D8953840AF4DA39.d.6012D0117DB3BB1CCF74CB7C391ADBDE.e.275/click - {}
COMMAND: POST /session/b412545c9f914b9154c640cc8a048e59/element - {"using":"xpath","value":"//*[@id=\"backBtn\"]"}
RESULT: {"using":"xpath","value":"//*[@id=\"backBtn\"]"}
COMMAND: POST /session/b412545c9f914b9154c640cc8a048e59/element/f.1696EE82744AFE881D8953840AF4DA39.d.6012D0117DB3BB1CCF74CB7C391ADBDE.e.623/click - {}
RESULT: {}
COMMAND: GET /session/b412545c9f914b9154c640cc8a048e59/screenshot - {}
RESULT: {}
]]></system-out>
    </testcase>
    <testcase classname="chrome.137_0_7151_69.windows.Sanity_Tests_US104253" name="Should open Manage Catalogs page" time="38.015">
      <system-out><![CDATA[
COMMAND: POST /session/b412545c9f914b9154c640cc8a048e59/execute/async - {"script":"<script> [1562 bytes]","args":[{"selector":{"controlType":"sap.m.GenericTile","properties":{"header":"Manage Catalogs"}},"wdio_ui5_key":"sapm.GenericTile{\"header\":\"Manage Catalogs\"}"}]}
RESULT: {"script":"<script> [1562 bytes]","args":[{"selector":{"controlType":"sap.m.GenericTile","properties":{"header":"Manage Catalogs"}},"wdio_ui5_key":"sapm.GenericTile{\"header\":\"Manage Catalogs\"}"}]}
RESULT: undefined
COMMAND: POST /session/b412545c9f914b9154c640cc8a048e59/element - {"using":"xpath","value":"//*[@id=\"__tile38\"]"}
RESULT: {"using":"xpath","value":"//*[@id=\"__tile38\"]"}
COMMAND: POST /session/b412545c9f914b9154c640cc8a048e59/element/f.1696EE82744AFE881D8953840AF4DA39.d.6012D0117DB3BB1CCF74CB7C391ADBDE.e.625/click - {}
RESULT: {}
COMMAND: GET /session/b412545c9f914b9154c640cc8a048e59/screenshot - {}
RESULT: {}
COMMAND: POST /session/b412545c9f914b9154c640cc8a048e59/elements - {"using":"xpath","value":"//span[text()='Error']"}
RESULT: {"using":"xpath","value":"//span[text()='Error']"}
RESULT: undefined
COMMAND: POST /session/b412545c9f914b9154c640cc8a048e59/element - {"using":"xpath","value":"//*[@id=\"__tile38\"]"}
RESULT: {"using":"xpath","value":"//*[@id=\"__tile38\"]"}
COMMAND: POST /session/b412545c9f914b9154c640cc8a048e59/element/f.1696EE82744AFE881D8953840AF4DA39.d.6012D0117DB3BB1CCF74CB7C391ADBDE.e.625/click - {}
RESULT: undefined
COMMAND: POST /session/b412545c9f914b9154c640cc8a048e59/element - {"using":"xpath","value":"//*[@id=\"__tile38\"]"}
RESULT: {"using":"xpath","value":"//*[@id=\"__tile38\"]"}
COMMAND: POST /session/b412545c9f914b9154c640cc8a048e59/element/f.1696EE82744AFE881D8953840AF4DA39.d.6012D0117DB3BB1CCF74CB7C391ADBDE.e.625/click - {}
RESULT: undefined
COMMAND: POST /session/b412545c9f914b9154c640cc8a048e59/execute/async - {"script":"<script> [6424 bytes]","args":[{"element-6066-11e4-a52e-4f735466cecf":"f.1696EE82744AFE881D8953840AF4DA39.d.6012D0117DB3BB1CCF74CB7C391ADBDE.e.274"},"getTitle",[]]}
COMMAND: POST /session/b412545c9f914b9154c640cc8a048e59/execute/async - {"script":"<script> [1562 bytes]","args":[{"selector":{"id":"shellAppTitle"},"wdio_ui5_key":"shellAppTitle"}]}
RESULT: {"script":"<script> [1562 bytes]","args":[{"selector":{"id":"shellAppTitle"},"wdio_ui5_key":"shellAppTitle"}]}
COMMAND: POST /session/b412545c9f914b9154c640cc8a048e59/execute/async - {"script":"<script> [6424 bytes]","args":[{"element-6066-11e4-a52e-4f735466cecf":"f.1696EE82744AFE881D8953840AF4DA39.d.6012D0117DB3BB1CCF74CB7C391ADBDE.e.693"},"getTitle",[]]}
RESULT: {"script":"<script> [6424 bytes]","args":[{"element-6066-11e4-a52e-4f735466cecf":"f.1696EE82744AFE881D8953840AF4DA39.d.6012D0117DB3BB1CCF74CB7C391ADBDE.e.693"},"getTitle",[]]}
RESULT: undefined
COMMAND: POST /session/b412545c9f914b9154c640cc8a048e59/element/f.1696EE82744AFE881D8953840AF4DA39.d.6012D0117DB3BB1CCF74CB7C391ADBDE.e.623/click - {}
RESULT: {}
COMMAND: GET /session/b412545c9f914b9154c640cc8a048e59/screenshot - {}
RESULT: {}
]]></system-out>
    </testcase>
    <testcase classname="chrome.137_0_7151_69.windows.Sanity_Tests_US104253" name="Should open Manage Calendars page" time="45.632">
      <system-out><![CDATA[
COMMAND: POST /session/b412545c9f914b9154c640cc8a048e59/execute/async - {"script":"<script> [1562 bytes]","args":[{"selector":{"controlType":"sap.m.GenericTile","properties":{"header":"Manage Calendars"}},"wdio_ui5_key":"sapm.GenericTile{\"header\":\"Manage Calendars\"}"}]}
RESULT: {"script":"<script> [1562 bytes]","args":[{"selector":{"controlType":"sap.m.GenericTile","properties":{"header":"Manage Calendars"}},"wdio_ui5_key":"sapm.GenericTile{\"header\":\"Manage Calendars\"}"}]}
RESULT: undefined
COMMAND: POST /session/b412545c9f914b9154c640cc8a048e59/element - {"using":"xpath","value":"//*[@id=\"__tile37\"]"}
RESULT: {"using":"xpath","value":"//*[@id=\"__tile37\"]"}
COMMAND: POST /session/b412545c9f914b9154c640cc8a048e59/element/f.1696EE82744AFE881D8953840AF4DA39.d.6012D0117DB3BB1CCF74CB7C391ADBDE.e.696/click - {}
RESULT: {}
COMMAND: GET /session/b412545c9f914b9154c640cc8a048e59/screenshot - {}
RESULT: {}
COMMAND: POST /session/b412545c9f914b9154c640cc8a048e59/elements - {"using":"xpath","value":"//span[text()='Error']"}
RESULT: {"using":"xpath","value":"//span[text()='Error']"}
RESULT: undefined
COMMAND: POST /session/b412545c9f914b9154c640cc8a048e59/element - {"using":"xpath","value":"//*[@id=\"__tile37\"]"}
RESULT: {"using":"xpath","value":"//*[@id=\"__tile37\"]"}
COMMAND: POST /session/b412545c9f914b9154c640cc8a048e59/element/f.1696EE82744AFE881D8953840AF4DA39.d.6012D0117DB3BB1CCF74CB7C391ADBDE.e.696/click - {}
RESULT: undefined
COMMAND: POST /session/b412545c9f914b9154c640cc8a048e59/element - {"using":"xpath","value":"//*[@id=\"__tile37\"]"}
RESULT: {"using":"xpath","value":"//*[@id=\"__tile37\"]"}
COMMAND: POST /session/b412545c9f914b9154c640cc8a048e59/element/f.1696EE82744AFE881D8953840AF4DA39.d.6012D0117DB3BB1CCF74CB7C391ADBDE.e.696/click - {}
RESULT: undefined
COMMAND: POST /session/b412545c9f914b9154c640cc8a048e59/execute/async - {"script":"<script> [6424 bytes]","args":[{"element-6066-11e4-a52e-4f735466cecf":"f.1696EE82744AFE881D8953840AF4DA39.d.6012D0117DB3BB1CCF74CB7C391ADBDE.e.274"},"getTitle",[]]}
COMMAND: POST /session/b412545c9f914b9154c640cc8a048e59/execute/async - {"script":"<script> [1562 bytes]","args":[{"selector":{"id":"shellAppTitle"},"wdio_ui5_key":"shellAppTitle"}]}
RESULT: {"script":"<script> [1562 bytes]","args":[{"selector":{"id":"shellAppTitle"},"wdio_ui5_key":"shellAppTitle"}]}
COMMAND: POST /session/b412545c9f914b9154c640cc8a048e59/execute/async - {"script":"<script> [6424 bytes]","args":[{"element-6066-11e4-a52e-4f735466cecf":"f.1696EE82744AFE881D8953840AF4DA39.d.6012D0117DB3BB1CCF74CB7C391ADBDE.e.765"},"getTitle",[]]}
RESULT: {"script":"<script> [6424 bytes]","args":[{"element-6066-11e4-a52e-4f735466cecf":"f.1696EE82744AFE881D8953840AF4DA39.d.6012D0117DB3BB1CCF74CB7C391ADBDE.e.765"},"getTitle",[]]}
RESULT: undefined
COMMAND: POST /session/b412545c9f914b9154c640cc8a048e59/element/f.1696EE82744AFE881D8953840AF4DA39.d.6012D0117DB3BB1CCF74CB7C391ADBDE.e.623/click - {}
COMMAND: POST /session/b412545c9f914b9154c640cc8a048e59/element - {"using":"xpath","value":"//*[@id=\"backBtn\"]"}
RESULT: {"using":"xpath","value":"//*[@id=\"backBtn\"]"}
COMMAND: POST /session/b412545c9f914b9154c640cc8a048e59/element/f.1696EE82744AFE881D8953840AF4DA39.d.6012D0117DB3BB1CCF74CB7C391ADBDE.e.623/click - {}
COMMAND: POST /session/b412545c9f914b9154c640cc8a048e59/element - {"using":"xpath","value":"//*[@id=\"backBtn\"]"}
RESULT: {"using":"xpath","value":"//*[@id=\"backBtn\"]"}
COMMAND: POST /session/b412545c9f914b9154c640cc8a048e59/element/f.1696EE82744AFE881D8953840AF4DA39.d.6012D0117DB3BB1CCF74CB7C391ADBDE.e.766/click - {}
RESULT: {}
COMMAND: GET /session/b412545c9f914b9154c640cc8a048e59/screenshot - {}
RESULT: {}
]]></system-out>
    </testcase>
    <testcase classname="chrome.137_0_7151_69.windows.Sanity_Tests_US104253" name="Should open Address Management page" time="43.889">
      <system-out><![CDATA[
COMMAND: POST /session/b412545c9f914b9154c640cc8a048e59/execute/async - {"script":"<script> [1562 bytes]","args":[{"selector":{"controlType":"sap.m.GenericTile","properties":{"header":"Address Management"}},"wdio_ui5_key":"sapm.GenericTile{\"header\":\"Address Management\"}"}]}
RESULT: {"script":"<script> [1562 bytes]","args":[{"selector":{"controlType":"sap.m.GenericTile","properties":{"header":"Address Management"}},"wdio_ui5_key":"sapm.GenericTile{\"header\":\"Address Management\"}"}]}
RESULT: undefined
COMMAND: POST /session/b412545c9f914b9154c640cc8a048e59/element - {"using":"xpath","value":"//*[@id=\"__tile34\"]"}
RESULT: {"using":"xpath","value":"//*[@id=\"__tile34\"]"}
COMMAND: POST /session/b412545c9f914b9154c640cc8a048e59/element/f.1696EE82744AFE881D8953840AF4DA39.d.6012D0117DB3BB1CCF74CB7C391ADBDE.e.768/click - {}
RESULT: {}
COMMAND: GET /session/b412545c9f914b9154c640cc8a048e59/screenshot - {}
RESULT: {}
COMMAND: POST /session/b412545c9f914b9154c640cc8a048e59/elements - {"using":"xpath","value":"//span[text()='Error']"}
RESULT: {"using":"xpath","value":"//span[text()='Error']"}
RESULT: undefined
COMMAND: POST /session/b412545c9f914b9154c640cc8a048e59/element - {"using":"xpath","value":"//*[@id=\"__tile34\"]"}
RESULT: {"using":"xpath","value":"//*[@id=\"__tile34\"]"}
COMMAND: POST /session/b412545c9f914b9154c640cc8a048e59/element/f.1696EE82744AFE881D8953840AF4DA39.d.6012D0117DB3BB1CCF74CB7C391ADBDE.e.768/click - {}
RESULT: undefined
COMMAND: POST /session/b412545c9f914b9154c640cc8a048e59/element - {"using":"xpath","value":"//*[@id=\"__tile34\"]"}
RESULT: {"using":"xpath","value":"//*[@id=\"__tile34\"]"}
COMMAND: POST /session/b412545c9f914b9154c640cc8a048e59/element/f.1696EE82744AFE881D8953840AF4DA39.d.6012D0117DB3BB1CCF74CB7C391ADBDE.e.768/click - {}
RESULT: undefined
COMMAND: POST /session/b412545c9f914b9154c640cc8a048e59/execute/async - {"script":"<script> [6424 bytes]","args":[{"element-6066-11e4-a52e-4f735466cecf":"f.1696EE82744AFE881D8953840AF4DA39.d.6012D0117DB3BB1CCF74CB7C391ADBDE.e.274"},"getTitle",[]]}
COMMAND: POST /session/b412545c9f914b9154c640cc8a048e59/execute/async - {"script":"<script> [1562 bytes]","args":[{"selector":{"id":"shellAppTitle"},"wdio_ui5_key":"shellAppTitle"}]}
RESULT: {"script":"<script> [1562 bytes]","args":[{"selector":{"id":"shellAppTitle"},"wdio_ui5_key":"shellAppTitle"}]}
COMMAND: POST /session/b412545c9f914b9154c640cc8a048e59/execute/async - {"script":"<script> [6424 bytes]","args":[{"element-6066-11e4-a52e-4f735466cecf":"f.1696EE82744AFE881D8953840AF4DA39.d.6012D0117DB3BB1CCF74CB7C391ADBDE.e.950"},"getTitle",[]]}
RESULT: {"script":"<script> [6424 bytes]","args":[{"element-6066-11e4-a52e-4f735466cecf":"f.1696EE82744AFE881D8953840AF4DA39.d.6012D0117DB3BB1CCF74CB7C391ADBDE.e.950"},"getTitle",[]]}
RESULT: undefined
COMMAND: POST /session/b412545c9f914b9154c640cc8a048e59/element/f.1696EE82744AFE881D8953840AF4DA39.d.6012D0117DB3BB1CCF74CB7C391ADBDE.e.766/click - {}
RESULT: {}
COMMAND: GET /session/b412545c9f914b9154c640cc8a048e59/screenshot - {}
RESULT: {}
]]></system-out>
    </testcase>
    <testcase classname="chrome.137_0_7151_69.windows.Sanity_Tests_US104253" name="Should open Bill Of Resources page" time="36.32">
      <system-out><![CDATA[
COMMAND: POST /session/b412545c9f914b9154c640cc8a048e59/execute/async - {"script":"<script> [1562 bytes]","args":[{"selector":{"controlType":"sap.m.GenericTile","properties":{"header":"Bill Of Resources"}},"wdio_ui5_key":"sapm.GenericTile{\"header\":\"Bill Of Resources\"}"}]}
RESULT: {"script":"<script> [1562 bytes]","args":[{"selector":{"controlType":"sap.m.GenericTile","properties":{"header":"Bill Of Resources"}},"wdio_ui5_key":"sapm.GenericTile{\"header\":\"Bill Of Resources\"}"}]}
RESULT: undefined
COMMAND: POST /session/b412545c9f914b9154c640cc8a048e59/element - {"using":"xpath","value":"//*[@id=\"__tile35\"]"}
RESULT: {"using":"xpath","value":"//*[@id=\"__tile35\"]"}
COMMAND: POST /session/b412545c9f914b9154c640cc8a048e59/element/f.1696EE82744AFE881D8953840AF4DA39.d.6012D0117DB3BB1CCF74CB7C391ADBDE.e.952/click - {}
RESULT: {}
COMMAND: GET /session/b412545c9f914b9154c640cc8a048e59/screenshot - {}
RESULT: {}
COMMAND: POST /session/b412545c9f914b9154c640cc8a048e59/elements - {"using":"xpath","value":"//span[text()='Error']"}
RESULT: {"using":"xpath","value":"//span[text()='Error']"}
RESULT: undefined
COMMAND: POST /session/b412545c9f914b9154c640cc8a048e59/element - {"using":"xpath","value":"//*[@id=\"__tile35\"]"}
RESULT: {"using":"xpath","value":"//*[@id=\"__tile35\"]"}
COMMAND: POST /session/b412545c9f914b9154c640cc8a048e59/element/f.1696EE82744AFE881D8953840AF4DA39.d.6012D0117DB3BB1CCF74CB7C391ADBDE.e.952/click - {}
RESULT: undefined
COMMAND: POST /session/b412545c9f914b9154c640cc8a048e59/element - {"using":"xpath","value":"//*[@id=\"__tile35\"]"}
RESULT: {"using":"xpath","value":"//*[@id=\"__tile35\"]"}
COMMAND: POST /session/b412545c9f914b9154c640cc8a048e59/element/f.1696EE82744AFE881D8953840AF4DA39.d.6012D0117DB3BB1CCF74CB7C391ADBDE.e.952/click - {}
RESULT: undefined
COMMAND: POST /session/b412545c9f914b9154c640cc8a048e59/execute/async - {"script":"<script> [6424 bytes]","args":[{"element-6066-11e4-a52e-4f735466cecf":"f.1696EE82744AFE881D8953840AF4DA39.d.6012D0117DB3BB1CCF74CB7C391ADBDE.e.274"},"getTitle",[]]}
COMMAND: POST /session/b412545c9f914b9154c640cc8a048e59/execute/async - {"script":"<script> [1562 bytes]","args":[{"selector":{"id":"shellAppTitle"},"wdio_ui5_key":"shellAppTitle"}]}
RESULT: {"script":"<script> [1562 bytes]","args":[{"selector":{"id":"shellAppTitle"},"wdio_ui5_key":"shellAppTitle"}]}
COMMAND: POST /session/b412545c9f914b9154c640cc8a048e59/execute/async - {"script":"<script> [6424 bytes]","args":[{"element-6066-11e4-a52e-4f735466cecf":"f.1696EE82744AFE881D8953840AF4DA39.d.6012D0117DB3BB1CCF74CB7C391ADBDE.e.1028"},"getTitle",[]]}
RESULT: {"script":"<script> [6424 bytes]","args":[{"element-6066-11e4-a52e-4f735466cecf":"f.1696EE82744AFE881D8953840AF4DA39.d.6012D0117DB3BB1CCF74CB7C391ADBDE.e.1028"},"getTitle",[]]}
RESULT: undefined
COMMAND: POST /session/b412545c9f914b9154c640cc8a048e59/element/f.1696EE82744AFE881D8953840AF4DA39.d.6012D0117DB3BB1CCF74CB7C391ADBDE.e.766/click - {}
COMMAND: POST /session/b412545c9f914b9154c640cc8a048e59/element - {"using":"xpath","value":"//*[@id=\"backBtn\"]"}
RESULT: {"using":"xpath","value":"//*[@id=\"backBtn\"]"}
COMMAND: POST /session/b412545c9f914b9154c640cc8a048e59/element/f.1696EE82744AFE881D8953840AF4DA39.d.6012D0117DB3BB1CCF74CB7C391ADBDE.e.766/click - {}
COMMAND: POST /session/b412545c9f914b9154c640cc8a048e59/element - {"using":"xpath","value":"//*[@id=\"backBtn\"]"}
RESULT: {"using":"xpath","value":"//*[@id=\"backBtn\"]"}
COMMAND: POST /session/b412545c9f914b9154c640cc8a048e59/element/f.1696EE82744AFE881D8953840AF4DA39.d.6012D0117DB3BB1CCF74CB7C391ADBDE.e.1029/click - {}
RESULT: {}
COMMAND: GET /session/b412545c9f914b9154c640cc8a048e59/screenshot - {}
RESULT: {}
]]></system-out>
    </testcase>
    <testcase classname="chrome.137_0_7151_69.windows.Sanity_Tests_US104253" name="Should open Manage Yards page" time="39.119">
      <system-out><![CDATA[
COMMAND: POST /session/b412545c9f914b9154c640cc8a048e59/execute/async - {"script":"<script> [1562 bytes]","args":[{"selector":{"controlType":"sap.m.GenericTile","properties":{"header":"Manage Yards"}},"wdio_ui5_key":"sapm.GenericTile{\"header\":\"Manage Yards\"}"}]}
RESULT: {"script":"<script> [1562 bytes]","args":[{"selector":{"controlType":"sap.m.GenericTile","properties":{"header":"Manage Yards"}},"wdio_ui5_key":"sapm.GenericTile{\"header\":\"Manage Yards\"}"}]}
RESULT: undefined
COMMAND: POST /session/b412545c9f914b9154c640cc8a048e59/element - {"using":"xpath","value":"//*[@id=\"__tile42\"]"}
RESULT: {"using":"xpath","value":"//*[@id=\"__tile42\"]"}
COMMAND: POST /session/b412545c9f914b9154c640cc8a048e59/element/f.1696EE82744AFE881D8953840AF4DA39.d.6012D0117DB3BB1CCF74CB7C391ADBDE.e.1031/click - {}
RESULT: {}
COMMAND: GET /session/b412545c9f914b9154c640cc8a048e59/screenshot - {}
RESULT: {}
COMMAND: POST /session/b412545c9f914b9154c640cc8a048e59/elements - {"using":"xpath","value":"//span[text()='Error']"}
RESULT: {"using":"xpath","value":"//span[text()='Error']"}
RESULT: undefined
COMMAND: POST /session/b412545c9f914b9154c640cc8a048e59/element - {"using":"xpath","value":"//*[@id=\"__tile42\"]"}
RESULT: {"using":"xpath","value":"//*[@id=\"__tile42\"]"}
COMMAND: POST /session/b412545c9f914b9154c640cc8a048e59/element/f.1696EE82744AFE881D8953840AF4DA39.d.6012D0117DB3BB1CCF74CB7C391ADBDE.e.1031/click - {}
RESULT: undefined
COMMAND: POST /session/b412545c9f914b9154c640cc8a048e59/element - {"using":"xpath","value":"//*[@id=\"__tile42\"]"}
RESULT: {"using":"xpath","value":"//*[@id=\"__tile42\"]"}
COMMAND: POST /session/b412545c9f914b9154c640cc8a048e59/element/f.1696EE82744AFE881D8953840AF4DA39.d.6012D0117DB3BB1CCF74CB7C391ADBDE.e.1031/click - {}
RESULT: undefined
COMMAND: POST /session/b412545c9f914b9154c640cc8a048e59/execute/async - {"script":"<script> [6424 bytes]","args":[{"element-6066-11e4-a52e-4f735466cecf":"f.1696EE82744AFE881D8953840AF4DA39.d.6012D0117DB3BB1CCF74CB7C391ADBDE.e.274"},"getTitle",[]]}
COMMAND: POST /session/b412545c9f914b9154c640cc8a048e59/execute/async - {"script":"<script> [1562 bytes]","args":[{"selector":{"id":"shellAppTitle"},"wdio_ui5_key":"shellAppTitle"}]}
RESULT: {"script":"<script> [1562 bytes]","args":[{"selector":{"id":"shellAppTitle"},"wdio_ui5_key":"shellAppTitle"}]}
COMMAND: POST /session/b412545c9f914b9154c640cc8a048e59/execute/async - {"script":"<script> [6424 bytes]","args":[{"element-6066-11e4-a52e-4f735466cecf":"f.1696EE82744AFE881D8953840AF4DA39.d.6012D0117DB3BB1CCF74CB7C391ADBDE.e.1206"},"getTitle",[]]}
RESULT: {"script":"<script> [6424 bytes]","args":[{"element-6066-11e4-a52e-4f735466cecf":"f.1696EE82744AFE881D8953840AF4DA39.d.6012D0117DB3BB1CCF74CB7C391ADBDE.e.1206"},"getTitle",[]]}
RESULT: undefined
COMMAND: POST /session/b412545c9f914b9154c640cc8a048e59/element/f.1696EE82744AFE881D8953840AF4DA39.d.6012D0117DB3BB1CCF74CB7C391ADBDE.e.1029/click - {}
RESULT: {}
COMMAND: GET /session/b412545c9f914b9154c640cc8a048e59/screenshot - {}
RESULT: {}
]]></system-out>
    </testcase>
    <testcase classname="chrome.137_0_7151_69.windows.Sanity_Tests_US104253" name="Should open Manage Requests page" time="38.726">
      <system-out><![CDATA[
COMMAND: POST /session/b412545c9f914b9154c640cc8a048e59/execute/async - {"script":"<script> [1562 bytes]","args":[{"selector":{"controlType":"sap.m.GenericTile","properties":{"header":"Manage Requests"}},"wdio_ui5_key":"sapm.GenericTile{\"header\":\"Manage Requests\"}"}]}
RESULT: {"script":"<script> [1562 bytes]","args":[{"selector":{"controlType":"sap.m.GenericTile","properties":{"header":"Manage Requests"}},"wdio_ui5_key":"sapm.GenericTile{\"header\":\"Manage Requests\"}"}]}
RESULT: undefined
COMMAND: POST /session/b412545c9f914b9154c640cc8a048e59/element - {"using":"xpath","value":"//*[@id=\"__tile48\"]"}
RESULT: {"using":"xpath","value":"//*[@id=\"__tile48\"]"}
COMMAND: POST /session/b412545c9f914b9154c640cc8a048e59/element/f.1696EE82744AFE881D8953840AF4DA39.d.6012D0117DB3BB1CCF74CB7C391ADBDE.e.1208/click - {}
RESULT: {}
COMMAND: GET /session/b412545c9f914b9154c640cc8a048e59/screenshot - {}
RESULT: {}
COMMAND: POST /session/b412545c9f914b9154c640cc8a048e59/elements - {"using":"xpath","value":"//span[text()='Error']"}
RESULT: {"using":"xpath","value":"//span[text()='Error']"}
RESULT: undefined
COMMAND: POST /session/b412545c9f914b9154c640cc8a048e59/element - {"using":"xpath","value":"//*[@id=\"__tile48\"]"}
RESULT: {"using":"xpath","value":"//*[@id=\"__tile48\"]"}
COMMAND: POST /session/b412545c9f914b9154c640cc8a048e59/element/f.1696EE82744AFE881D8953840AF4DA39.d.6012D0117DB3BB1CCF74CB7C391ADBDE.e.1208/click - {}
RESULT: undefined
COMMAND: POST /session/b412545c9f914b9154c640cc8a048e59/element - {"using":"xpath","value":"//*[@id=\"__tile48\"]"}
RESULT: {"using":"xpath","value":"//*[@id=\"__tile48\"]"}
COMMAND: POST /session/b412545c9f914b9154c640cc8a048e59/element/f.1696EE82744AFE881D8953840AF4DA39.d.6012D0117DB3BB1CCF74CB7C391ADBDE.e.1208/click - {}
RESULT: undefined
COMMAND: POST /session/b412545c9f914b9154c640cc8a048e59/execute/async - {"script":"<script> [6424 bytes]","args":[{"element-6066-11e4-a52e-4f735466cecf":"f.1696EE82744AFE881D8953840AF4DA39.d.6012D0117DB3BB1CCF74CB7C391ADBDE.e.274"},"getTitle",[]]}
COMMAND: POST /session/b412545c9f914b9154c640cc8a048e59/execute/async - {"script":"<script> [1562 bytes]","args":[{"selector":{"id":"shellAppTitle"},"wdio_ui5_key":"shellAppTitle"}]}
RESULT: {"script":"<script> [1562 bytes]","args":[{"selector":{"id":"shellAppTitle"},"wdio_ui5_key":"shellAppTitle"}]}
COMMAND: POST /session/b412545c9f914b9154c640cc8a048e59/execute/async - {"script":"<script> [6424 bytes]","args":[{"element-6066-11e4-a52e-4f735466cecf":"f.1696EE82744AFE881D8953840AF4DA39.d.6012D0117DB3BB1CCF74CB7C391ADBDE.e.1307"},"getTitle",[]]}
RESULT: {"script":"<script> [6424 bytes]","args":[{"element-6066-11e4-a52e-4f735466cecf":"f.1696EE82744AFE881D8953840AF4DA39.d.6012D0117DB3BB1CCF74CB7C391ADBDE.e.1307"},"getTitle",[]]}
RESULT: undefined
COMMAND: POST /session/b412545c9f914b9154c640cc8a048e59/element/f.1696EE82744AFE881D8953840AF4DA39.d.6012D0117DB3BB1CCF74CB7C391ADBDE.e.1029/click - {}
COMMAND: POST /session/b412545c9f914b9154c640cc8a048e59/element - {"using":"xpath","value":"//*[@id=\"backBtn\"]"}
RESULT: {"using":"xpath","value":"//*[@id=\"backBtn\"]"}
COMMAND: POST /session/b412545c9f914b9154c640cc8a048e59/element/f.1696EE82744AFE881D8953840AF4DA39.d.6012D0117DB3BB1CCF74CB7C391ADBDE.e.1029/click - {}
COMMAND: POST /session/b412545c9f914b9154c640cc8a048e59/element - {"using":"xpath","value":"//*[@id=\"backBtn\"]"}
RESULT: {"using":"xpath","value":"//*[@id=\"backBtn\"]"}
COMMAND: POST /session/b412545c9f914b9154c640cc8a048e59/element/f.1696EE82744AFE881D8953840AF4DA39.d.6012D0117DB3BB1CCF74CB7C391ADBDE.e.1308/click - {}
RESULT: {}
COMMAND: GET /session/b412545c9f914b9154c640cc8a048e59/screenshot - {}
RESULT: {}
]]></system-out>
    </testcase>
    <testcase classname="chrome.137_0_7151_69.windows.Sanity_Tests_US104253" name="Should open Manage Purchasing page" time="37.258">
      <system-out><![CDATA[
COMMAND: POST /session/b412545c9f914b9154c640cc8a048e59/execute/async - {"script":"<script> [1562 bytes]","args":[{"selector":{"controlType":"sap.m.GenericTile","properties":{"header":"Manage Purchasing"}},"wdio_ui5_key":"sapm.GenericTile{\"header\":\"Manage Purchasing\"}"}]}
RESULT: {"script":"<script> [1562 bytes]","args":[{"selector":{"controlType":"sap.m.GenericTile","properties":{"header":"Manage Purchasing"}},"wdio_ui5_key":"sapm.GenericTile{\"header\":\"Manage Purchasing\"}"}]}
RESULT: undefined
COMMAND: POST /session/b412545c9f914b9154c640cc8a048e59/element - {"using":"xpath","value":"//*[@id=\"__tile47\"]"}
RESULT: {"using":"xpath","value":"//*[@id=\"__tile47\"]"}
COMMAND: POST /session/b412545c9f914b9154c640cc8a048e59/element/f.1696EE82744AFE881D8953840AF4DA39.d.6012D0117DB3BB1CCF74CB7C391ADBDE.e.1311/click - {}
RESULT: {}
COMMAND: GET /session/b412545c9f914b9154c640cc8a048e59/screenshot - {}
RESULT: {}
COMMAND: POST /session/b412545c9f914b9154c640cc8a048e59/elements - {"using":"xpath","value":"//span[text()='Error']"}
RESULT: {"using":"xpath","value":"//span[text()='Error']"}
RESULT: undefined
COMMAND: POST /session/b412545c9f914b9154c640cc8a048e59/element - {"using":"xpath","value":"//*[@id=\"__tile47\"]"}
RESULT: {"using":"xpath","value":"//*[@id=\"__tile47\"]"}
COMMAND: POST /session/b412545c9f914b9154c640cc8a048e59/element/f.1696EE82744AFE881D8953840AF4DA39.d.6012D0117DB3BB1CCF74CB7C391ADBDE.e.1311/click - {}
RESULT: undefined
COMMAND: POST /session/b412545c9f914b9154c640cc8a048e59/element - {"using":"xpath","value":"//*[@id=\"__tile47\"]"}
RESULT: {"using":"xpath","value":"//*[@id=\"__tile47\"]"}
COMMAND: POST /session/b412545c9f914b9154c640cc8a048e59/element/f.1696EE82744AFE881D8953840AF4DA39.d.6012D0117DB3BB1CCF74CB7C391ADBDE.e.1311/click - {}
RESULT: undefined
COMMAND: POST /session/b412545c9f914b9154c640cc8a048e59/execute/async - {"script":"<script> [6424 bytes]","args":[{"element-6066-11e4-a52e-4f735466cecf":"f.1696EE82744AFE881D8953840AF4DA39.d.6012D0117DB3BB1CCF74CB7C391ADBDE.e.274"},"getTitle",[]]}
COMMAND: POST /session/b412545c9f914b9154c640cc8a048e59/execute/async - {"script":"<script> [1562 bytes]","args":[{"selector":{"id":"shellAppTitle"},"wdio_ui5_key":"shellAppTitle"}]}
RESULT: {"script":"<script> [1562 bytes]","args":[{"selector":{"id":"shellAppTitle"},"wdio_ui5_key":"shellAppTitle"}]}
COMMAND: POST /session/b412545c9f914b9154c640cc8a048e59/execute/async - {"script":"<script> [6424 bytes]","args":[{"element-6066-11e4-a52e-4f735466cecf":"f.1696EE82744AFE881D8953840AF4DA39.d.6012D0117DB3BB1CCF74CB7C391ADBDE.e.1393"},"getTitle",[]]}
RESULT: {"script":"<script> [6424 bytes]","args":[{"element-6066-11e4-a52e-4f735466cecf":"f.1696EE82744AFE881D8953840AF4DA39.d.6012D0117DB3BB1CCF74CB7C391ADBDE.e.1393"},"getTitle",[]]}
RESULT: undefined
COMMAND: POST /session/b412545c9f914b9154c640cc8a048e59/element/f.1696EE82744AFE881D8953840AF4DA39.d.6012D0117DB3BB1CCF74CB7C391ADBDE.e.1308/click - {}
RESULT: {}
COMMAND: GET /session/b412545c9f914b9154c640cc8a048e59/screenshot - {}
RESULT: {}
]]></system-out>
    </testcase>
    <testcase classname="chrome.137_0_7151_69.windows.Sanity_Tests_US104253" name="Should open Planning Board page" time="37.254">
      <system-out><![CDATA[
COMMAND: POST /session/b412545c9f914b9154c640cc8a048e59/execute/async - {"script":"<script> [1562 bytes]","args":[{"selector":{"controlType":"sap.m.GenericTile","properties":{"header":"Planning Board"}},"wdio_ui5_key":"sapm.GenericTile{\"header\":\"Planning Board\"}"}]}
RESULT: {"script":"<script> [1562 bytes]","args":[{"selector":{"controlType":"sap.m.GenericTile","properties":{"header":"Planning Board"}},"wdio_ui5_key":"sapm.GenericTile{\"header\":\"Planning Board\"}"}]}
RESULT: undefined
COMMAND: POST /session/b412545c9f914b9154c640cc8a048e59/element - {"using":"xpath","value":"//*[@id=\"__tile133\"]"}
RESULT: {"using":"xpath","value":"//*[@id=\"__tile133\"]"}
COMMAND: POST /session/b412545c9f914b9154c640cc8a048e59/element/f.1696EE82744AFE881D8953840AF4DA39.d.6012D0117DB3BB1CCF74CB7C391ADBDE.e.1395/click - {}
RESULT: {}
COMMAND: GET /session/b412545c9f914b9154c640cc8a048e59/screenshot - {}
RESULT: {}
COMMAND: POST /session/b412545c9f914b9154c640cc8a048e59/elements - {"using":"xpath","value":"//span[text()='Error']"}
RESULT: {"using":"xpath","value":"//span[text()='Error']"}
RESULT: undefined
COMMAND: POST /session/b412545c9f914b9154c640cc8a048e59/element - {"using":"xpath","value":"//*[@id=\"__tile133\"]"}
RESULT: {"using":"xpath","value":"//*[@id=\"__tile133\"]"}
COMMAND: POST /session/b412545c9f914b9154c640cc8a048e59/element/f.1696EE82744AFE881D8953840AF4DA39.d.6012D0117DB3BB1CCF74CB7C391ADBDE.e.1395/click - {}
RESULT: undefined
COMMAND: POST /session/b412545c9f914b9154c640cc8a048e59/element - {"using":"xpath","value":"//*[@id=\"__tile133\"]"}
RESULT: {"using":"xpath","value":"//*[@id=\"__tile133\"]"}
COMMAND: POST /session/b412545c9f914b9154c640cc8a048e59/element/f.1696EE82744AFE881D8953840AF4DA39.d.6012D0117DB3BB1CCF74CB7C391ADBDE.e.1395/click - {}
RESULT: undefined
COMMAND: POST /session/b412545c9f914b9154c640cc8a048e59/execute/async - {"script":"<script> [6424 bytes]","args":[{"element-6066-11e4-a52e-4f735466cecf":"f.1696EE82744AFE881D8953840AF4DA39.d.6012D0117DB3BB1CCF74CB7C391ADBDE.e.274"},"getTitle",[]]}
COMMAND: POST /session/b412545c9f914b9154c640cc8a048e59/execute/async - {"script":"<script> [1562 bytes]","args":[{"selector":{"id":"shellAppTitle"},"wdio_ui5_key":"shellAppTitle"}]}
RESULT: {"script":"<script> [1562 bytes]","args":[{"selector":{"id":"shellAppTitle"},"wdio_ui5_key":"shellAppTitle"}]}
COMMAND: POST /session/b412545c9f914b9154c640cc8a048e59/execute/async - {"script":"<script> [6424 bytes]","args":[{"element-6066-11e4-a52e-4f735466cecf":"f.1696EE82744AFE881D8953840AF4DA39.d.6012D0117DB3BB1CCF74CB7C391ADBDE.e.1443"},"getTitle",[]]}
RESULT: {"script":"<script> [6424 bytes]","args":[{"element-6066-11e4-a52e-4f735466cecf":"f.1696EE82744AFE881D8953840AF4DA39.d.6012D0117DB3BB1CCF74CB7C391ADBDE.e.1443"},"getTitle",[]]}
RESULT: undefined
COMMAND: POST /session/b412545c9f914b9154c640cc8a048e59/element/f.1696EE82744AFE881D8953840AF4DA39.d.6012D0117DB3BB1CCF74CB7C391ADBDE.e.1308/click - {}
COMMAND: POST /session/b412545c9f914b9154c640cc8a048e59/element/f.1696EE82744AFE881D8953840AF4DA39.d.6012D0117DB3BB1CCF74CB7C391ADBDE.e.1308/click - {}
COMMAND: POST /session/b412545c9f914b9154c640cc8a048e59/element - {"using":"xpath","value":"//*[@id=\"backBtn\"]"}
COMMAND: POST /session/b412545c9f914b9154c640cc8a048e59/element - {"using":"xpath","value":"//*[@id=\"backBtn\"]"}
RESULT: {"using":"xpath","value":"//*[@id=\"backBtn\"]"}
COMMAND: POST /session/b412545c9f914b9154c640cc8a048e59/element/f.1696EE82744AFE881D8953840AF4DA39.d.6012D0117DB3BB1CCF74CB7C391ADBDE.e.1308/click - {}
RESULT: {"using":"xpath","value":"//*[@id=\"backBtn\"]"}
COMMAND: POST /session/b412545c9f914b9154c640cc8a048e59/element/f.1696EE82744AFE881D8953840AF4DA39.d.6012D0117DB3BB1CCF74CB7C391ADBDE.e.1308/click - {}
COMMAND: POST /session/b412545c9f914b9154c640cc8a048e59/element - {"using":"xpath","value":"//*[@id=\"backBtn\"]"}
COMMAND: POST /session/b412545c9f914b9154c640cc8a048e59/element - {"using":"xpath","value":"//*[@id=\"backBtn\"]"}
RESULT: {"using":"xpath","value":"//*[@id=\"backBtn\"]"}
COMMAND: POST /session/b412545c9f914b9154c640cc8a048e59/element/f.1696EE82744AFE881D8953840AF4DA39.d.6012D0117DB3BB1CCF74CB7C391ADBDE.e.1444/click - {}
RESULT: {"using":"xpath","value":"//*[@id=\"backBtn\"]"}
COMMAND: POST /session/b412545c9f914b9154c640cc8a048e59/element/f.1696EE82744AFE881D8953840AF4DA39.d.6012D0117DB3BB1CCF74CB7C391ADBDE.e.1444/click - {}
RESULT: {}
COMMAND: GET /session/b412545c9f914b9154c640cc8a048e59/screenshot - {}
RESULT: {}
COMMAND: GET /session/b412545c9f914b9154c640cc8a048e59/screenshot - {}
RESULT: {}
RESULT: {}
]]></system-out>
    </testcase>
    <testcase classname="chrome.137_0_7151_69.windows.Sanity_Tests_US104253" name="Should open Manage Contracts page" time="48.817">
      <system-out><![CDATA[
COMMAND: POST /session/b412545c9f914b9154c640cc8a048e59/execute/async - {"script":"<script> [1562 bytes]","args":[{"selector":{"controlType":"sap.m.GenericTile","properties":{"header":"Manage Contracts"}},"wdio_ui5_key":"sapm.GenericTile{\"header\":\"Manage Contracts\"}"}]}
RESULT: {"script":"<script> [1562 bytes]","args":[{"selector":{"controlType":"sap.m.GenericTile","properties":{"header":"Manage Contracts"}},"wdio_ui5_key":"sapm.GenericTile{\"header\":\"Manage Contracts\"}"}]}
RESULT: undefined
COMMAND: POST /session/b412545c9f914b9154c640cc8a048e59/element - {"using":"xpath","value":"//*[@id=\"__tile132\"]"}
RESULT: {"using":"xpath","value":"//*[@id=\"__tile132\"]"}
COMMAND: POST /session/b412545c9f914b9154c640cc8a048e59/element/f.1696EE82744AFE881D8953840AF4DA39.d.6012D0117DB3BB1CCF74CB7C391ADBDE.e.1446/click - {}
RESULT: {}
COMMAND: GET /session/b412545c9f914b9154c640cc8a048e59/screenshot - {}
RESULT: {}
COMMAND: POST /session/b412545c9f914b9154c640cc8a048e59/elements - {"using":"xpath","value":"//span[text()='Error']"}
RESULT: {"using":"xpath","value":"//span[text()='Error']"}
RESULT: undefined
COMMAND: POST /session/b412545c9f914b9154c640cc8a048e59/element - {"using":"xpath","value":"//*[@id=\"__tile132\"]"}
RESULT: {"using":"xpath","value":"//*[@id=\"__tile132\"]"}
COMMAND: POST /session/b412545c9f914b9154c640cc8a048e59/element/f.1696EE82744AFE881D8953840AF4DA39.d.6012D0117DB3BB1CCF74CB7C391ADBDE.e.1446/click - {}
RESULT: undefined
COMMAND: POST /session/b412545c9f914b9154c640cc8a048e59/element - {"using":"xpath","value":"//*[@id=\"__tile132\"]"}
RESULT: {"using":"xpath","value":"//*[@id=\"__tile132\"]"}
COMMAND: POST /session/b412545c9f914b9154c640cc8a048e59/element/f.1696EE82744AFE881D8953840AF4DA39.d.6012D0117DB3BB1CCF74CB7C391ADBDE.e.1446/click - {}
RESULT: undefined
COMMAND: POST /session/b412545c9f914b9154c640cc8a048e59/execute/async - {"script":"<script> [6424 bytes]","args":[{"element-6066-11e4-a52e-4f735466cecf":"f.1696EE82744AFE881D8953840AF4DA39.d.6012D0117DB3BB1CCF74CB7C391ADBDE.e.274"},"getTitle",[]]}
COMMAND: POST /session/b412545c9f914b9154c640cc8a048e59/execute/async - {"script":"<script> [1562 bytes]","args":[{"selector":{"id":"shellAppTitle"},"wdio_ui5_key":"shellAppTitle"}]}
RESULT: {"script":"<script> [1562 bytes]","args":[{"selector":{"id":"shellAppTitle"},"wdio_ui5_key":"shellAppTitle"}]}
COMMAND: POST /session/b412545c9f914b9154c640cc8a048e59/execute/async - {"script":"<script> [6424 bytes]","args":[{"element-6066-11e4-a52e-4f735466cecf":"f.1696EE82744AFE881D8953840AF4DA39.d.6012D0117DB3BB1CCF74CB7C391ADBDE.e.1510"},"getTitle",[]]}
RESULT: {"script":"<script> [6424 bytes]","args":[{"element-6066-11e4-a52e-4f735466cecf":"f.1696EE82744AFE881D8953840AF4DA39.d.6012D0117DB3BB1CCF74CB7C391ADBDE.e.1510"},"getTitle",[]]}
RESULT: undefined
COMMAND: POST /session/b412545c9f914b9154c640cc8a048e59/element/f.1696EE82744AFE881D8953840AF4DA39.d.6012D0117DB3BB1CCF74CB7C391ADBDE.e.1444/click - {}
RESULT: {}
COMMAND: GET /session/b412545c9f914b9154c640cc8a048e59/screenshot - {}
RESULT: {}
]]></system-out>
    </testcase>
    <testcase classname="chrome.137_0_7151_69.windows.Sanity_Tests_US104253" name="Should open Manage Quotations page" time="36.717">
      <system-out><![CDATA[
COMMAND: POST /session/b412545c9f914b9154c640cc8a048e59/execute/async - {"script":"<script> [1562 bytes]","args":[{"selector":{"controlType":"sap.m.GenericTile","properties":{"header":"Manage Quotations"}},"wdio_ui5_key":"sapm.GenericTile{\"header\":\"Manage Quotations\"}"}]}
RESULT: {"script":"<script> [1562 bytes]","args":[{"selector":{"controlType":"sap.m.GenericTile","properties":{"header":"Manage Quotations"}},"wdio_ui5_key":"sapm.GenericTile{\"header\":\"Manage Quotations\"}"}]}
RESULT: undefined
COMMAND: POST /session/b412545c9f914b9154c640cc8a048e59/element - {"using":"xpath","value":"//*[@id=\"__tile135\"]"}
RESULT: {"using":"xpath","value":"//*[@id=\"__tile135\"]"}
COMMAND: POST /session/b412545c9f914b9154c640cc8a048e59/element/f.1696EE82744AFE881D8953840AF4DA39.d.6012D0117DB3BB1CCF74CB7C391ADBDE.e.1512/click - {}
RESULT: {}
COMMAND: GET /session/b412545c9f914b9154c640cc8a048e59/screenshot - {}
RESULT: {}
COMMAND: POST /session/b412545c9f914b9154c640cc8a048e59/elements - {"using":"xpath","value":"//span[text()='Error']"}
RESULT: {"using":"xpath","value":"//span[text()='Error']"}
RESULT: undefined
COMMAND: POST /session/b412545c9f914b9154c640cc8a048e59/element - {"using":"xpath","value":"//*[@id=\"__tile135\"]"}
RESULT: {"using":"xpath","value":"//*[@id=\"__tile135\"]"}
COMMAND: POST /session/b412545c9f914b9154c640cc8a048e59/element/f.1696EE82744AFE881D8953840AF4DA39.d.6012D0117DB3BB1CCF74CB7C391ADBDE.e.1512/click - {}
RESULT: undefined
COMMAND: POST /session/b412545c9f914b9154c640cc8a048e59/element - {"using":"xpath","value":"//*[@id=\"__tile135\"]"}
RESULT: {"using":"xpath","value":"//*[@id=\"__tile135\"]"}
COMMAND: POST /session/b412545c9f914b9154c640cc8a048e59/element/f.1696EE82744AFE881D8953840AF4DA39.d.6012D0117DB3BB1CCF74CB7C391ADBDE.e.1512/click - {}
RESULT: undefined
COMMAND: POST /session/b412545c9f914b9154c640cc8a048e59/execute/async - {"script":"<script> [6424 bytes]","args":[{"element-6066-11e4-a52e-4f735466cecf":"f.1696EE82744AFE881D8953840AF4DA39.d.6012D0117DB3BB1CCF74CB7C391ADBDE.e.274"},"getTitle",[]]}
COMMAND: POST /session/b412545c9f914b9154c640cc8a048e59/execute/async - {"script":"<script> [1562 bytes]","args":[{"selector":{"id":"shellAppTitle"},"wdio_ui5_key":"shellAppTitle"}]}
RESULT: {"script":"<script> [1562 bytes]","args":[{"selector":{"id":"shellAppTitle"},"wdio_ui5_key":"shellAppTitle"}]}
COMMAND: POST /session/b412545c9f914b9154c640cc8a048e59/execute/async - {"script":"<script> [6424 bytes]","args":[{"element-6066-11e4-a52e-4f735466cecf":"f.1696EE82744AFE881D8953840AF4DA39.d.6012D0117DB3BB1CCF74CB7C391ADBDE.e.1586"},"getTitle",[]]}
RESULT: {"script":"<script> [6424 bytes]","args":[{"element-6066-11e4-a52e-4f735466cecf":"f.1696EE82744AFE881D8953840AF4DA39.d.6012D0117DB3BB1CCF74CB7C391ADBDE.e.1586"},"getTitle",[]]}
RESULT: undefined
COMMAND: POST /session/b412545c9f914b9154c640cc8a048e59/element/f.1696EE82744AFE881D8953840AF4DA39.d.6012D0117DB3BB1CCF74CB7C391ADBDE.e.1444/click - {}
COMMAND: POST /session/b412545c9f914b9154c640cc8a048e59/element - {"using":"xpath","value":"//*[@id=\"backBtn\"]"}
RESULT: {"using":"xpath","value":"//*[@id=\"backBtn\"]"}
COMMAND: POST /session/b412545c9f914b9154c640cc8a048e59/element/f.1696EE82744AFE881D8953840AF4DA39.d.6012D0117DB3BB1CCF74CB7C391ADBDE.e.1444/click - {}
COMMAND: POST /session/b412545c9f914b9154c640cc8a048e59/element - {"using":"xpath","value":"//*[@id=\"backBtn\"]"}
RESULT: {"using":"xpath","value":"//*[@id=\"backBtn\"]"}
COMMAND: POST /session/b412545c9f914b9154c640cc8a048e59/element/f.1696EE82744AFE881D8953840AF4DA39.d.6012D0117DB3BB1CCF74CB7C391ADBDE.e.1587/click - {}
RESULT: {}
COMMAND: GET /session/b412545c9f914b9154c640cc8a048e59/screenshot - {}
RESULT: {}
]]></system-out>
    </testcase>
    <testcase classname="chrome.137_0_7151_69.windows.Sanity_Tests_US104253" name="Should open Manage Handovers page" time="41.512">
      <system-out><![CDATA[
COMMAND: POST /session/b412545c9f914b9154c640cc8a048e59/execute/async - {"script":"<script> [1562 bytes]","args":[{"selector":{"controlType":"sap.m.GenericTile","properties":{"header":"Manage Handovers"}},"wdio_ui5_key":"sapm.GenericTile{\"header\":\"Manage Handovers\"}"}]}
RESULT: {"script":"<script> [1562 bytes]","args":[{"selector":{"controlType":"sap.m.GenericTile","properties":{"header":"Manage Handovers"}},"wdio_ui5_key":"sapm.GenericTile{\"header\":\"Manage Handovers\"}"}]}
RESULT: undefined
COMMAND: POST /session/b412545c9f914b9154c640cc8a048e59/element - {"using":"xpath","value":"//*[@id=\"__tile134\"]"}
RESULT: {"using":"xpath","value":"//*[@id=\"__tile134\"]"}
COMMAND: POST /session/b412545c9f914b9154c640cc8a048e59/element/f.1696EE82744AFE881D8953840AF4DA39.d.6012D0117DB3BB1CCF74CB7C391ADBDE.e.1589/click - {}
RESULT: {}
COMMAND: GET /session/b412545c9f914b9154c640cc8a048e59/screenshot - {}
RESULT: {}
COMMAND: POST /session/b412545c9f914b9154c640cc8a048e59/elements - {"using":"xpath","value":"//span[text()='Error']"}
RESULT: {"using":"xpath","value":"//span[text()='Error']"}
RESULT: undefined
COMMAND: POST /session/b412545c9f914b9154c640cc8a048e59/element - {"using":"xpath","value":"//*[@id=\"__tile134\"]"}
RESULT: {"using":"xpath","value":"//*[@id=\"__tile134\"]"}
COMMAND: POST /session/b412545c9f914b9154c640cc8a048e59/element/f.1696EE82744AFE881D8953840AF4DA39.d.6012D0117DB3BB1CCF74CB7C391ADBDE.e.1589/click - {}
RESULT: undefined
COMMAND: POST /session/b412545c9f914b9154c640cc8a048e59/element - {"using":"xpath","value":"//*[@id=\"__tile134\"]"}
RESULT: {"using":"xpath","value":"//*[@id=\"__tile134\"]"}
COMMAND: POST /session/b412545c9f914b9154c640cc8a048e59/element/f.1696EE82744AFE881D8953840AF4DA39.d.6012D0117DB3BB1CCF74CB7C391ADBDE.e.1589/click - {}
RESULT: undefined
COMMAND: POST /session/b412545c9f914b9154c640cc8a048e59/execute/async - {"script":"<script> [6424 bytes]","args":[{"element-6066-11e4-a52e-4f735466cecf":"f.1696EE82744AFE881D8953840AF4DA39.d.6012D0117DB3BB1CCF74CB7C391ADBDE.e.274"},"getTitle",[]]}
COMMAND: POST /session/b412545c9f914b9154c640cc8a048e59/execute/async - {"script":"<script> [1562 bytes]","args":[{"selector":{"id":"shellAppTitle"},"wdio_ui5_key":"shellAppTitle"}]}
RESULT: {"script":"<script> [1562 bytes]","args":[{"selector":{"id":"shellAppTitle"},"wdio_ui5_key":"shellAppTitle"}]}
COMMAND: POST /session/b412545c9f914b9154c640cc8a048e59/execute/async - {"script":"<script> [6424 bytes]","args":[{"element-6066-11e4-a52e-4f735466cecf":"f.1696EE82744AFE881D8953840AF4DA39.d.6012D0117DB3BB1CCF74CB7C391ADBDE.e.1763"},"getTitle",[]]}
RESULT: {"script":"<script> [6424 bytes]","args":[{"element-6066-11e4-a52e-4f735466cecf":"f.1696EE82744AFE881D8953840AF4DA39.d.6012D0117DB3BB1CCF74CB7C391ADBDE.e.1763"},"getTitle",[]]}
RESULT: undefined
COMMAND: POST /session/b412545c9f914b9154c640cc8a048e59/element/f.1696EE82744AFE881D8953840AF4DA39.d.6012D0117DB3BB1CCF74CB7C391ADBDE.e.1587/click - {}
RESULT: {}
COMMAND: GET /session/b412545c9f914b9154c640cc8a048e59/screenshot - {}
RESULT: {}
]]></system-out>
    </testcase>
    <testcase classname="chrome.137_0_7151_69.windows.Sanity_Tests_US104253" name="Should open Delivery Monitor page" time="48.401">
      <system-out><![CDATA[
COMMAND: POST /session/b412545c9f914b9154c640cc8a048e59/execute/async - {"script":"<script> [1562 bytes]","args":[{"selector":{"controlType":"sap.m.GenericTile","properties":{"header":"Delivery Monitor"}},"wdio_ui5_key":"sapm.GenericTile{\"header\":\"Delivery Monitor\"}"}]}
RESULT: {"script":"<script> [1562 bytes]","args":[{"selector":{"controlType":"sap.m.GenericTile","properties":{"header":"Delivery Monitor"}},"wdio_ui5_key":"sapm.GenericTile{\"header\":\"Delivery Monitor\"}"}]}
RESULT: undefined
COMMAND: POST /session/b412545c9f914b9154c640cc8a048e59/element - {"using":"xpath","value":"//*[@id=\"__tile44\"]"}
RESULT: {"using":"xpath","value":"//*[@id=\"__tile44\"]"}
COMMAND: POST /session/b412545c9f914b9154c640cc8a048e59/element/f.1696EE82744AFE881D8953840AF4DA39.d.6012D0117DB3BB1CCF74CB7C391ADBDE.e.1765/click - {}
RESULT: {}
COMMAND: GET /session/b412545c9f914b9154c640cc8a048e59/screenshot - {}
RESULT: {}
COMMAND: POST /session/b412545c9f914b9154c640cc8a048e59/elements - {"using":"xpath","value":"//span[text()='Error']"}
RESULT: {"using":"xpath","value":"//span[text()='Error']"}
RESULT: undefined
COMMAND: POST /session/b412545c9f914b9154c640cc8a048e59/element - {"using":"xpath","value":"//*[@id=\"__tile44\"]"}
RESULT: {"using":"xpath","value":"//*[@id=\"__tile44\"]"}
COMMAND: POST /session/b412545c9f914b9154c640cc8a048e59/element/f.1696EE82744AFE881D8953840AF4DA39.d.6012D0117DB3BB1CCF74CB7C391ADBDE.e.1765/click - {}
RESULT: undefined
COMMAND: POST /session/b412545c9f914b9154c640cc8a048e59/element - {"using":"xpath","value":"//*[@id=\"__tile44\"]"}
RESULT: {"using":"xpath","value":"//*[@id=\"__tile44\"]"}
COMMAND: POST /session/b412545c9f914b9154c640cc8a048e59/element/f.1696EE82744AFE881D8953840AF4DA39.d.6012D0117DB3BB1CCF74CB7C391ADBDE.e.1765/click - {}
RESULT: undefined
COMMAND: POST /session/b412545c9f914b9154c640cc8a048e59/execute/async - {"script":"<script> [6424 bytes]","args":[{"element-6066-11e4-a52e-4f735466cecf":"f.1696EE82744AFE881D8953840AF4DA39.d.6012D0117DB3BB1CCF74CB7C391ADBDE.e.274"},"getTitle",[]]}
COMMAND: POST /session/b412545c9f914b9154c640cc8a048e59/execute/async - {"script":"<script> [1562 bytes]","args":[{"selector":{"id":"shellAppTitle"},"wdio_ui5_key":"shellAppTitle"}]}
RESULT: {"script":"<script> [1562 bytes]","args":[{"selector":{"id":"shellAppTitle"},"wdio_ui5_key":"shellAppTitle"}]}
COMMAND: POST /session/b412545c9f914b9154c640cc8a048e59/execute/async - {"script":"<script> [6424 bytes]","args":[{"element-6066-11e4-a52e-4f735466cecf":"f.1696EE82744AFE881D8953840AF4DA39.d.6012D0117DB3BB1CCF74CB7C391ADBDE.e.1868"},"getTitle",[]]}
RESULT: {"script":"<script> [6424 bytes]","args":[{"element-6066-11e4-a52e-4f735466cecf":"f.1696EE82744AFE881D8953840AF4DA39.d.6012D0117DB3BB1CCF74CB7C391ADBDE.e.1868"},"getTitle",[]]}
RESULT: undefined
COMMAND: POST /session/b412545c9f914b9154c640cc8a048e59/element/f.1696EE82744AFE881D8953840AF4DA39.d.6012D0117DB3BB1CCF74CB7C391ADBDE.e.1587/click - {}
COMMAND: POST /session/b412545c9f914b9154c640cc8a048e59/element - {"using":"xpath","value":"//*[@id=\"backBtn\"]"}
RESULT: {"using":"xpath","value":"//*[@id=\"backBtn\"]"}
COMMAND: POST /session/b412545c9f914b9154c640cc8a048e59/element/f.1696EE82744AFE881D8953840AF4DA39.d.6012D0117DB3BB1CCF74CB7C391ADBDE.e.1587/click - {}
COMMAND: POST /session/b412545c9f914b9154c640cc8a048e59/element - {"using":"xpath","value":"//*[@id=\"backBtn\"]"}
RESULT: {"using":"xpath","value":"//*[@id=\"backBtn\"]"}
COMMAND: POST /session/b412545c9f914b9154c640cc8a048e59/element/f.1696EE82744AFE881D8953840AF4DA39.d.6012D0117DB3BB1CCF74CB7C391ADBDE.e.1869/click - {}
RESULT: {}
COMMAND: GET /session/b412545c9f914b9154c640cc8a048e59/screenshot - {}
RESULT: {}
]]></system-out>
    </testcase>
    <testcase classname="chrome.137_0_7151_69.windows.Sanity_Tests_US104253" name="Should open Manage Calendar Exceptions page" time="39.832">
      <system-out><![CDATA[
COMMAND: POST /session/b412545c9f914b9154c640cc8a048e59/execute/async - {"script":"<script> [1562 bytes]","args":[{"selector":{"controlType":"sap.m.GenericTile","properties":{"header":"Manage Calendar Exceptions"}},"wdio_ui5_key":"sapm.GenericTile{\"header\":\"Manage Calendar Exceptions\"}"}]}
RESULT: {"script":"<script> [1562 bytes]","args":[{"selector":{"controlType":"sap.m.GenericTile","properties":{"header":"Manage Calendar Exceptions"}},"wdio_ui5_key":"sapm.GenericTile{\"header\":\"Manage Calendar Exceptions\"}"}]}
RESULT: undefined
COMMAND: POST /session/b412545c9f914b9154c640cc8a048e59/element - {"using":"xpath","value":"//*[@id=\"__tile54\"]"}
RESULT: {"using":"xpath","value":"//*[@id=\"__tile54\"]"}
COMMAND: POST /session/b412545c9f914b9154c640cc8a048e59/element/f.1696EE82744AFE881D8953840AF4DA39.d.6012D0117DB3BB1CCF74CB7C391ADBDE.e.1871/click - {}
RESULT: {}
COMMAND: GET /session/b412545c9f914b9154c640cc8a048e59/screenshot - {}
RESULT: {}
COMMAND: POST /session/b412545c9f914b9154c640cc8a048e59/elements - {"using":"xpath","value":"//span[text()='Error']"}
RESULT: {"using":"xpath","value":"//span[text()='Error']"}
RESULT: undefined
COMMAND: POST /session/b412545c9f914b9154c640cc8a048e59/element - {"using":"xpath","value":"//*[@id=\"__tile54\"]"}
RESULT: {"using":"xpath","value":"//*[@id=\"__tile54\"]"}
COMMAND: POST /session/b412545c9f914b9154c640cc8a048e59/element/f.1696EE82744AFE881D8953840AF4DA39.d.6012D0117DB3BB1CCF74CB7C391ADBDE.e.1871/click - {}
RESULT: undefined
COMMAND: POST /session/b412545c9f914b9154c640cc8a048e59/element - {"using":"xpath","value":"//*[@id=\"__tile54\"]"}
RESULT: {"using":"xpath","value":"//*[@id=\"__tile54\"]"}
COMMAND: POST /session/b412545c9f914b9154c640cc8a048e59/element/f.1696EE82744AFE881D8953840AF4DA39.d.6012D0117DB3BB1CCF74CB7C391ADBDE.e.1871/click - {}
RESULT: undefined
COMMAND: POST /session/b412545c9f914b9154c640cc8a048e59/execute/async - {"script":"<script> [6424 bytes]","args":[{"element-6066-11e4-a52e-4f735466cecf":"f.1696EE82744AFE881D8953840AF4DA39.d.6012D0117DB3BB1CCF74CB7C391ADBDE.e.274"},"getTitle",[]]}
COMMAND: POST /session/b412545c9f914b9154c640cc8a048e59/execute/async - {"script":"<script> [1562 bytes]","args":[{"selector":{"id":"shellAppTitle"},"wdio_ui5_key":"shellAppTitle"}]}
RESULT: {"script":"<script> [1562 bytes]","args":[{"selector":{"id":"shellAppTitle"},"wdio_ui5_key":"shellAppTitle"}]}
COMMAND: POST /session/b412545c9f914b9154c640cc8a048e59/execute/async - {"script":"<script> [6424 bytes]","args":[{"element-6066-11e4-a52e-4f735466cecf":"f.1696EE82744AFE881D8953840AF4DA39.d.6012D0117DB3BB1CCF74CB7C391ADBDE.e.1927"},"getTitle",[]]}
RESULT: {"script":"<script> [6424 bytes]","args":[{"element-6066-11e4-a52e-4f735466cecf":"f.1696EE82744AFE881D8953840AF4DA39.d.6012D0117DB3BB1CCF74CB7C391ADBDE.e.1927"},"getTitle",[]]}
RESULT: undefined
COMMAND: POST /session/b412545c9f914b9154c640cc8a048e59/element/f.1696EE82744AFE881D8953840AF4DA39.d.6012D0117DB3BB1CCF74CB7C391ADBDE.e.1869/click - {}
RESULT: {}
COMMAND: GET /session/b412545c9f914b9154c640cc8a048e59/screenshot - {}
RESULT: {}
]]></system-out>
    </testcase>
    <testcase classname="chrome.137_0_7151_69.windows.Sanity_Tests_US104253" name="Should open Manage States Performance page" time="40.862">
      <system-out><![CDATA[
COMMAND: POST /session/b412545c9f914b9154c640cc8a048e59/execute/async - {"script":"<script> [1562 bytes]","args":[{"selector":{"controlType":"sap.m.GenericTile","properties":{"header":"Manage States & Performance"}},"wdio_ui5_key":"sapm.GenericTile{\"header\":\"Manage States & Performance\"}"}]}
RESULT: {"script":"<script> [1562 bytes]","args":[{"selector":{"controlType":"sap.m.GenericTile","properties":{"header":"Manage States & Performance"}},"wdio_ui5_key":"sapm.GenericTile{\"header\":\"Manage States & Performance\"}"}]}
RESULT: undefined
COMMAND: POST /session/b412545c9f914b9154c640cc8a048e59/element - {"using":"xpath","value":"//*[@id=\"__tile58\"]"}
RESULT: {"using":"xpath","value":"//*[@id=\"__tile58\"]"}
COMMAND: POST /session/b412545c9f914b9154c640cc8a048e59/element/f.1696EE82744AFE881D8953840AF4DA39.d.6012D0117DB3BB1CCF74CB7C391ADBDE.e.1931/click - {}
RESULT: {}
COMMAND: GET /session/b412545c9f914b9154c640cc8a048e59/screenshot - {}
RESULT: {}
COMMAND: POST /session/b412545c9f914b9154c640cc8a048e59/elements - {"using":"xpath","value":"//span[text()='Error']"}
RESULT: {"using":"xpath","value":"//span[text()='Error']"}
RESULT: undefined
COMMAND: POST /session/b412545c9f914b9154c640cc8a048e59/element - {"using":"xpath","value":"//*[@id=\"__tile58\"]"}
RESULT: {"using":"xpath","value":"//*[@id=\"__tile58\"]"}
COMMAND: POST /session/b412545c9f914b9154c640cc8a048e59/element/f.1696EE82744AFE881D8953840AF4DA39.d.6012D0117DB3BB1CCF74CB7C391ADBDE.e.1931/click - {}
RESULT: undefined
COMMAND: POST /session/b412545c9f914b9154c640cc8a048e59/element - {"using":"xpath","value":"//*[@id=\"__tile58\"]"}
RESULT: {"using":"xpath","value":"//*[@id=\"__tile58\"]"}
COMMAND: POST /session/b412545c9f914b9154c640cc8a048e59/element/f.1696EE82744AFE881D8953840AF4DA39.d.6012D0117DB3BB1CCF74CB7C391ADBDE.e.1931/click - {}
RESULT: undefined
COMMAND: POST /session/b412545c9f914b9154c640cc8a048e59/execute/async - {"script":"<script> [6424 bytes]","args":[{"element-6066-11e4-a52e-4f735466cecf":"f.1696EE82744AFE881D8953840AF4DA39.d.6012D0117DB3BB1CCF74CB7C391ADBDE.e.274"},"getTitle",[]]}
COMMAND: POST /session/b412545c9f914b9154c640cc8a048e59/execute/async - {"script":"<script> [1562 bytes]","args":[{"selector":{"id":"shellAppTitle"},"wdio_ui5_key":"shellAppTitle"}]}
RESULT: {"script":"<script> [1562 bytes]","args":[{"selector":{"id":"shellAppTitle"},"wdio_ui5_key":"shellAppTitle"}]}
COMMAND: POST /session/b412545c9f914b9154c640cc8a048e59/execute/async - {"script":"<script> [6424 bytes]","args":[{"element-6066-11e4-a52e-4f735466cecf":"f.1696EE82744AFE881D8953840AF4DA39.d.6012D0117DB3BB1CCF74CB7C391ADBDE.e.2023"},"getTitle",[]]}
RESULT: {"script":"<script> [6424 bytes]","args":[{"element-6066-11e4-a52e-4f735466cecf":"f.1696EE82744AFE881D8953840AF4DA39.d.6012D0117DB3BB1CCF74CB7C391ADBDE.e.2023"},"getTitle",[]]}
RESULT: undefined
COMMAND: POST /session/b412545c9f914b9154c640cc8a048e59/element/f.1696EE82744AFE881D8953840AF4DA39.d.6012D0117DB3BB1CCF74CB7C391ADBDE.e.1869/click - {}
COMMAND: POST /session/b412545c9f914b9154c640cc8a048e59/element - {"using":"xpath","value":"//*[@id=\"backBtn\"]"}
RESULT: {"using":"xpath","value":"//*[@id=\"backBtn\"]"}
COMMAND: POST /session/b412545c9f914b9154c640cc8a048e59/element/f.1696EE82744AFE881D8953840AF4DA39.d.6012D0117DB3BB1CCF74CB7C391ADBDE.e.1869/click - {}
COMMAND: POST /session/b412545c9f914b9154c640cc8a048e59/element - {"using":"xpath","value":"//*[@id=\"backBtn\"]"}
RESULT: {"using":"xpath","value":"//*[@id=\"backBtn\"]"}
COMMAND: POST /session/b412545c9f914b9154c640cc8a048e59/element/f.1696EE82744AFE881D8953840AF4DA39.d.6012D0117DB3BB1CCF74CB7C391ADBDE.e.2024/click - {}
RESULT: {}
COMMAND: GET /session/b412545c9f914b9154c640cc8a048e59/screenshot - {}
RESULT: {}
]]></system-out>
    </testcase>
    <testcase classname="chrome.137_0_7151_69.windows.Sanity_Tests_US104253" name="Should open Manage Billings page" time="39.519">
      <system-out><![CDATA[
COMMAND: POST /session/b412545c9f914b9154c640cc8a048e59/execute/async - {"script":"<script> [1562 bytes]","args":[{"selector":{"controlType":"sap.m.GenericTile","properties":{"header":"Manage Billings"}},"wdio_ui5_key":"sapm.GenericTile{\"header\":\"Manage Billings\"}"}]}
RESULT: {"script":"<script> [1562 bytes]","args":[{"selector":{"controlType":"sap.m.GenericTile","properties":{"header":"Manage Billings"}},"wdio_ui5_key":"sapm.GenericTile{\"header\":\"Manage Billings\"}"}]}
RESULT: undefined
COMMAND: POST /session/b412545c9f914b9154c640cc8a048e59/element - {"using":"xpath","value":"//*[@id=\"__tile53\"]"}
RESULT: {"using":"xpath","value":"//*[@id=\"__tile53\"]"}
COMMAND: POST /session/b412545c9f914b9154c640cc8a048e59/element/f.1696EE82744AFE881D8953840AF4DA39.d.6012D0117DB3BB1CCF74CB7C391ADBDE.e.2026/click - {}
RESULT: {}
COMMAND: GET /session/b412545c9f914b9154c640cc8a048e59/screenshot - {}
RESULT: {}
COMMAND: POST /session/b412545c9f914b9154c640cc8a048e59/elements - {"using":"xpath","value":"//span[text()='Error']"}
RESULT: {"using":"xpath","value":"//span[text()='Error']"}
RESULT: undefined
COMMAND: POST /session/b412545c9f914b9154c640cc8a048e59/element - {"using":"xpath","value":"//*[@id=\"__tile53\"]"}
RESULT: {"using":"xpath","value":"//*[@id=\"__tile53\"]"}
COMMAND: POST /session/b412545c9f914b9154c640cc8a048e59/element/f.1696EE82744AFE881D8953840AF4DA39.d.6012D0117DB3BB1CCF74CB7C391ADBDE.e.2026/click - {}
RESULT: undefined
COMMAND: POST /session/b412545c9f914b9154c640cc8a048e59/element - {"using":"xpath","value":"//*[@id=\"__tile53\"]"}
RESULT: {"using":"xpath","value":"//*[@id=\"__tile53\"]"}
COMMAND: POST /session/b412545c9f914b9154c640cc8a048e59/element/f.1696EE82744AFE881D8953840AF4DA39.d.6012D0117DB3BB1CCF74CB7C391ADBDE.e.2026/click - {}
RESULT: undefined
COMMAND: POST /session/b412545c9f914b9154c640cc8a048e59/execute/async - {"script":"<script> [6424 bytes]","args":[{"element-6066-11e4-a52e-4f735466cecf":"f.1696EE82744AFE881D8953840AF4DA39.d.6012D0117DB3BB1CCF74CB7C391ADBDE.e.274"},"getTitle",[]]}
COMMAND: POST /session/b412545c9f914b9154c640cc8a048e59/execute/async - {"script":"<script> [1562 bytes]","args":[{"selector":{"id":"shellAppTitle"},"wdio_ui5_key":"shellAppTitle"}]}
RESULT: {"script":"<script> [1562 bytes]","args":[{"selector":{"id":"shellAppTitle"},"wdio_ui5_key":"shellAppTitle"}]}
COMMAND: POST /session/b412545c9f914b9154c640cc8a048e59/execute/async - {"script":"<script> [6424 bytes]","args":[{"element-6066-11e4-a52e-4f735466cecf":"f.1696EE82744AFE881D8953840AF4DA39.d.6012D0117DB3BB1CCF74CB7C391ADBDE.e.2199"},"getTitle",[]]}
RESULT: {"script":"<script> [6424 bytes]","args":[{"element-6066-11e4-a52e-4f735466cecf":"f.1696EE82744AFE881D8953840AF4DA39.d.6012D0117DB3BB1CCF74CB7C391ADBDE.e.2199"},"getTitle",[]]}
RESULT: undefined
COMMAND: POST /session/b412545c9f914b9154c640cc8a048e59/element/f.1696EE82744AFE881D8953840AF4DA39.d.6012D0117DB3BB1CCF74CB7C391ADBDE.e.2024/click - {}
COMMAND: POST /session/b412545c9f914b9154c640cc8a048e59/element/f.1696EE82744AFE881D8953840AF4DA39.d.6012D0117DB3BB1CCF74CB7C391ADBDE.e.2024/click - {}
RESULT: {}
COMMAND: GET /session/b412545c9f914b9154c640cc8a048e59/screenshot - {}
COMMAND: POST /session/b412545c9f914b9154c640cc8a048e59/element - {"using":"xpath","value":"//*[@id=\"backBtn\"]"}
RESULT: {}
RESULT: {"using":"xpath","value":"//*[@id=\"backBtn\"]"}
COMMAND: POST /session/b412545c9f914b9154c640cc8a048e59/elements - {"using":"xpath","value":"//*[@id=\"backBtn\"]"}
RESULT: {"using":"xpath","value":"//*[@id=\"backBtn\"]"}
COMMAND: POST /session/b412545c9f914b9154c640cc8a048e59/elements - {"using":"xpath","value":"//*[@id=\"backBtn\"]"}
RESULT: {"using":"xpath","value":"//*[@id=\"backBtn\"]"}
COMMAND: POST /session/b412545c9f914b9154c640cc8a048e59/elements - {"using":"xpath","value":"//*[@id=\"backBtn\"]"}
RESULT: {"using":"xpath","value":"//*[@id=\"backBtn\"]"}
COMMAND: POST /session/b412545c9f914b9154c640cc8a048e59/elements - {"using":"xpath","value":"//*[@id=\"backBtn\"]"}
RESULT: {"using":"xpath","value":"//*[@id=\"backBtn\"]"}
COMMAND: POST /session/b412545c9f914b9154c640cc8a048e59/elements - {"using":"xpath","value":"//*[@id=\"backBtn\"]"}
RESULT: {"using":"xpath","value":"//*[@id=\"backBtn\"]"}
COMMAND: POST /session/b412545c9f914b9154c640cc8a048e59/elements - {"using":"xpath","value":"//*[@id=\"backBtn\"]"}
RESULT: {"using":"xpath","value":"//*[@id=\"backBtn\"]"}
COMMAND: POST /session/b412545c9f914b9154c640cc8a048e59/elements - {"using":"xpath","value":"//*[@id=\"backBtn\"]"}
RESULT: {"using":"xpath","value":"//*[@id=\"backBtn\"]"}
COMMAND: POST /session/b412545c9f914b9154c640cc8a048e59/elements - {"using":"xpath","value":"//*[@id=\"backBtn\"]"}
RESULT: {"using":"xpath","value":"//*[@id=\"backBtn\"]"}
COMMAND: POST /session/b412545c9f914b9154c640cc8a048e59/elements - {"using":"xpath","value":"//*[@id=\"backBtn\"]"}
RESULT: {"using":"xpath","value":"//*[@id=\"backBtn\"]"}
COMMAND: POST /session/b412545c9f914b9154c640cc8a048e59/elements - {"using":"xpath","value":"//*[@id=\"backBtn\"]"}
RESULT: {"using":"xpath","value":"//*[@id=\"backBtn\"]"}
COMMAND: POST /session/b412545c9f914b9154c640cc8a048e59/elements - {"using":"xpath","value":"//*[@id=\"backBtn\"]"}
RESULT: {"using":"xpath","value":"//*[@id=\"backBtn\"]"}
COMMAND: POST /session/b412545c9f914b9154c640cc8a048e59/elements - {"using":"xpath","value":"//*[@id=\"backBtn\"]"}
RESULT: {"using":"xpath","value":"//*[@id=\"backBtn\"]"}
COMMAND: POST /session/b412545c9f914b9154c640cc8a048e59/elements - {"using":"xpath","value":"//*[@id=\"backBtn\"]"}
RESULT: {"using":"xpath","value":"//*[@id=\"backBtn\"]"}
COMMAND: POST /session/b412545c9f914b9154c640cc8a048e59/elements - {"using":"xpath","value":"//*[@id=\"backBtn\"]"}
RESULT: {"using":"xpath","value":"//*[@id=\"backBtn\"]"}
COMMAND: POST /session/b412545c9f914b9154c640cc8a048e59/elements - {"using":"xpath","value":"//*[@id=\"backBtn\"]"}
RESULT: {"using":"xpath","value":"//*[@id=\"backBtn\"]"}
]]></system-out>
    </testcase>
    <testcase classname="chrome.137_0_7151_69.windows.Sanity_Tests_US104253" name="Should open Manage Conditions Prices page" time="60.982">
      <system-out><![CDATA[
COMMAND: POST /session/b412545c9f914b9154c640cc8a048e59/execute/async - {"script":"<script> [1562 bytes]","args":[{"selector":{"controlType":"sap.m.GenericTile","properties":{"header":"Manage Conditions & Prices"}},"wdio_ui5_key":"sapm.GenericTile{\"header\":\"Manage Conditions & Prices\"}"}]}
COMMAND: POST /session/b412545c9f914b9154c640cc8a048e59/elements - {"using":"xpath","value":"//*[@id=\"backBtn\"]"}
RESULT: {"script":"<script> [1562 bytes]","args":[{"selector":{"controlType":"sap.m.GenericTile","properties":{"header":"Manage Conditions & Prices"}},"wdio_ui5_key":"sapm.GenericTile{\"header\":\"Manage Conditions & Prices\"}"}]}
RESULT: undefined
COMMAND: POST /session/b412545c9f914b9154c640cc8a048e59/element - {"using":"xpath","value":"//*[@id=\"__tile55\"]"}
RESULT: {"using":"xpath","value":"//*[@id=\"backBtn\"]"}
RESULT: {"using":"xpath","value":"//*[@id=\"__tile55\"]"}
COMMAND: POST /session/b412545c9f914b9154c640cc8a048e59/element/f.1696EE82744AFE881D8953840AF4DA39.d.6012D0117DB3BB1CCF74CB7C391ADBDE.e.2201/click - {}
COMMAND: POST /session/b412545c9f914b9154c640cc8a048e59/elements - {"using":"xpath","value":"//*[@id=\"backBtn\"]"}
RESULT: {}
COMMAND: GET /session/b412545c9f914b9154c640cc8a048e59/screenshot - {}
RESULT: {"using":"xpath","value":"//*[@id=\"backBtn\"]"}
RESULT: {}
COMMAND: POST /session/b412545c9f914b9154c640cc8a048e59/elements - {"using":"xpath","value":"//*[@id=\"backBtn\"]"}
RESULT: {"using":"xpath","value":"//*[@id=\"backBtn\"]"}
COMMAND: POST /session/b412545c9f914b9154c640cc8a048e59/elements - {"using":"xpath","value":"//*[@id=\"backBtn\"]"}
COMMAND: POST /session/b412545c9f914b9154c640cc8a048e59/elements - {"using":"xpath","value":"//span[text()='Error']"}
RESULT: {"using":"xpath","value":"//*[@id=\"backBtn\"]"}
COMMAND: POST /session/b412545c9f914b9154c640cc8a048e59/element - {"using":"xpath","value":"//*[@id=\"backBtn\"]"}
RESULT: {"using":"xpath","value":"//span[text()='Error']"}
RESULT: {"using":"xpath","value":"//*[@id=\"backBtn\"]"}
COMMAND: POST /session/b412545c9f914b9154c640cc8a048e59/element/f.1696EE82744AFE881D8953840AF4DA39.d.6012D0117DB3BB1CCF74CB7C391ADBDE.e.2024/click - {}
COMMAND: POST /session/b412545c9f914b9154c640cc8a048e59/element - {"using":"xpath","value":"//*[@id=\"backBtn\"]"}
RESULT: {"using":"xpath","value":"//*[@id=\"backBtn\"]"}
COMMAND: POST /session/b412545c9f914b9154c640cc8a048e59/element/f.1696EE82744AFE881D8953840AF4DA39.d.6012D0117DB3BB1CCF74CB7C391ADBDE.e.2233/click - {}
RESULT: {}
COMMAND: GET /session/b412545c9f914b9154c640cc8a048e59/screenshot - {}
RESULT: {}
RESULT: undefined
COMMAND: POST /session/b412545c9f914b9154c640cc8a048e59/element - {"using":"xpath","value":"//*[@id=\"__tile55\"]"}
RESULT: {"using":"xpath","value":"//*[@id=\"__tile55\"]"}
COMMAND: POST /session/b412545c9f914b9154c640cc8a048e59/element/f.1696EE82744AFE881D8953840AF4DA39.d.6012D0117DB3BB1CCF74CB7C391ADBDE.e.2201/click - {}
RESULT: {}
RESULT: undefined
COMMAND: POST /session/b412545c9f914b9154c640cc8a048e59/element - {"using":"xpath","value":"//*[@id=\"__tile55\"]"}
COMMAND: GET /session/b412545c9f914b9154c640cc8a048e59/screenshot - {}
RESULT: {"using":"xpath","value":"//*[@id=\"__tile55\"]"}
COMMAND: POST /session/b412545c9f914b9154c640cc8a048e59/element/f.1696EE82744AFE881D8953840AF4DA39.d.6012D0117DB3BB1CCF74CB7C391ADBDE.e.2201/click - {}
RESULT: {}
RESULT: undefined
COMMAND: POST /session/b412545c9f914b9154c640cc8a048e59/execute/async - {"script":"<script> [6424 bytes]","args":[{"element-6066-11e4-a52e-4f735466cecf":"f.1696EE82744AFE881D8953840AF4DA39.d.6012D0117DB3BB1CCF74CB7C391ADBDE.e.274"},"getTitle",[]]}
COMMAND: POST /session/b412545c9f914b9154c640cc8a048e59/execute/async - {"script":"<script> [1562 bytes]","args":[{"selector":{"id":"shellAppTitle"},"wdio_ui5_key":"shellAppTitle"}]}
RESULT: {"script":"<script> [1562 bytes]","args":[{"selector":{"id":"shellAppTitle"},"wdio_ui5_key":"shellAppTitle"}]}
COMMAND: POST /session/b412545c9f914b9154c640cc8a048e59/execute/async - {"script":"<script> [6424 bytes]","args":[{"element-6066-11e4-a52e-4f735466cecf":"f.1696EE82744AFE881D8953840AF4DA39.d.6012D0117DB3BB1CCF74CB7C391ADBDE.e.2365"},"getTitle",[]]}
RESULT: {"script":"<script> [6424 bytes]","args":[{"element-6066-11e4-a52e-4f735466cecf":"f.1696EE82744AFE881D8953840AF4DA39.d.6012D0117DB3BB1CCF74CB7C391ADBDE.e.2365"},"getTitle",[]]}
RESULT: undefined
COMMAND: POST /session/b412545c9f914b9154c640cc8a048e59/element/f.1696EE82744AFE881D8953840AF4DA39.d.6012D0117DB3BB1CCF74CB7C391ADBDE.e.2233/click - {}
RESULT: {}
COMMAND: GET /session/b412545c9f914b9154c640cc8a048e59/screenshot - {}
RESULT: {}
]]></system-out>
    </testcase>
    <testcase classname="chrome.137_0_7151_69.windows.Sanity_Tests_US104253" name="Should open Billing Transfer page" time="40.705">
      <system-out><![CDATA[
COMMAND: POST /session/b412545c9f914b9154c640cc8a048e59/execute/async - {"script":"<script> [1562 bytes]","args":[{"selector":{"controlType":"sap.m.GenericTile","properties":{"header":"Billing Transfer"}},"wdio_ui5_key":"sapm.GenericTile{\"header\":\"Billing Transfer\"}"}]}
RESULT: {"script":"<script> [1562 bytes]","args":[{"selector":{"controlType":"sap.m.GenericTile","properties":{"header":"Billing Transfer"}},"wdio_ui5_key":"sapm.GenericTile{\"header\":\"Billing Transfer\"}"}]}
RESULT: undefined
COMMAND: POST /session/b412545c9f914b9154c640cc8a048e59/element - {"using":"xpath","value":"//*[@id=\"__tile52\"]"}
RESULT: {"using":"xpath","value":"//*[@id=\"__tile52\"]"}
COMMAND: POST /session/b412545c9f914b9154c640cc8a048e59/element/f.1696EE82744AFE881D8953840AF4DA39.d.6012D0117DB3BB1CCF74CB7C391ADBDE.e.2367/click - {}
RESULT: {}
COMMAND: GET /session/b412545c9f914b9154c640cc8a048e59/screenshot - {}
RESULT: {}
COMMAND: POST /session/b412545c9f914b9154c640cc8a048e59/elements - {"using":"xpath","value":"//span[text()='Error']"}
RESULT: {"using":"xpath","value":"//span[text()='Error']"}
RESULT: undefined
COMMAND: POST /session/b412545c9f914b9154c640cc8a048e59/element - {"using":"xpath","value":"//*[@id=\"__tile52\"]"}
RESULT: {"using":"xpath","value":"//*[@id=\"__tile52\"]"}
COMMAND: POST /session/b412545c9f914b9154c640cc8a048e59/element/f.1696EE82744AFE881D8953840AF4DA39.d.6012D0117DB3BB1CCF74CB7C391ADBDE.e.2367/click - {}
RESULT: undefined
COMMAND: POST /session/b412545c9f914b9154c640cc8a048e59/element - {"using":"xpath","value":"//*[@id=\"__tile52\"]"}
RESULT: {"using":"xpath","value":"//*[@id=\"__tile52\"]"}
COMMAND: POST /session/b412545c9f914b9154c640cc8a048e59/element/f.1696EE82744AFE881D8953840AF4DA39.d.6012D0117DB3BB1CCF74CB7C391ADBDE.e.2367/click - {}
RESULT: undefined
COMMAND: POST /session/b412545c9f914b9154c640cc8a048e59/execute/async - {"script":"<script> [6424 bytes]","args":[{"element-6066-11e4-a52e-4f735466cecf":"f.1696EE82744AFE881D8953840AF4DA39.d.6012D0117DB3BB1CCF74CB7C391ADBDE.e.274"},"getTitle",[]]}
COMMAND: POST /session/b412545c9f914b9154c640cc8a048e59/execute/async - {"script":"<script> [1562 bytes]","args":[{"selector":{"id":"shellAppTitle"},"wdio_ui5_key":"shellAppTitle"}]}
RESULT: {"script":"<script> [1562 bytes]","args":[{"selector":{"id":"shellAppTitle"},"wdio_ui5_key":"shellAppTitle"}]}
COMMAND: POST /session/b412545c9f914b9154c640cc8a048e59/execute/async - {"script":"<script> [6424 bytes]","args":[{"element-6066-11e4-a52e-4f735466cecf":"f.1696EE82744AFE881D8953840AF4DA39.d.6012D0117DB3BB1CCF74CB7C391ADBDE.e.2463"},"getTitle",[]]}
RESULT: {"script":"<script> [6424 bytes]","args":[{"element-6066-11e4-a52e-4f735466cecf":"f.1696EE82744AFE881D8953840AF4DA39.d.6012D0117DB3BB1CCF74CB7C391ADBDE.e.2463"},"getTitle",[]]}
RESULT: undefined
COMMAND: POST /session/b412545c9f914b9154c640cc8a048e59/element/f.1696EE82744AFE881D8953840AF4DA39.d.6012D0117DB3BB1CCF74CB7C391ADBDE.e.2233/click - {}
COMMAND: POST /session/b412545c9f914b9154c640cc8a048e59/element - {"using":"xpath","value":"//*[@id=\"backBtn\"]"}
RESULT: {"using":"xpath","value":"//*[@id=\"backBtn\"]"}
COMMAND: POST /session/b412545c9f914b9154c640cc8a048e59/element/f.1696EE82744AFE881D8953840AF4DA39.d.6012D0117DB3BB1CCF74CB7C391ADBDE.e.2233/click - {}
COMMAND: POST /session/b412545c9f914b9154c640cc8a048e59/element - {"using":"xpath","value":"//*[@id=\"backBtn\"]"}
RESULT: {"using":"xpath","value":"//*[@id=\"backBtn\"]"}
COMMAND: POST /session/b412545c9f914b9154c640cc8a048e59/element/f.1696EE82744AFE881D8953840AF4DA39.d.6012D0117DB3BB1CCF74CB7C391ADBDE.e.2464/click - {}
RESULT: {}
COMMAND: GET /session/b412545c9f914b9154c640cc8a048e59/screenshot - {}
RESULT: {}
]]></system-out>
    </testcase>
    <testcase classname="chrome.137_0_7151_69.windows.Sanity_Tests_US104253" name="Should open Manage Pricing Rules page" time="39.162">
      <system-out><![CDATA[
COMMAND: POST /session/b412545c9f914b9154c640cc8a048e59/execute/async - {"script":"<script> [1562 bytes]","args":[{"selector":{"controlType":"sap.m.GenericTile","properties":{"header":"Manage Pricing Rules"}},"wdio_ui5_key":"sapm.GenericTile{\"header\":\"Manage Pricing Rules\"}"}]}
RESULT: {"script":"<script> [1562 bytes]","args":[{"selector":{"controlType":"sap.m.GenericTile","properties":{"header":"Manage Pricing Rules"}},"wdio_ui5_key":"sapm.GenericTile{\"header\":\"Manage Pricing Rules\"}"}]}
RESULT: undefined
COMMAND: POST /session/b412545c9f914b9154c640cc8a048e59/element - {"using":"xpath","value":"//*[@id=\"__tile57\"]"}
RESULT: {"using":"xpath","value":"//*[@id=\"__tile57\"]"}
COMMAND: POST /session/b412545c9f914b9154c640cc8a048e59/element/f.1696EE82744AFE881D8953840AF4DA39.d.6012D0117DB3BB1CCF74CB7C391ADBDE.e.2466/click - {}
RESULT: {}
COMMAND: GET /session/b412545c9f914b9154c640cc8a048e59/screenshot - {}
RESULT: {}
COMMAND: POST /session/b412545c9f914b9154c640cc8a048e59/elements - {"using":"xpath","value":"//span[text()='Error']"}
RESULT: {"using":"xpath","value":"//span[text()='Error']"}
RESULT: undefined
COMMAND: POST /session/b412545c9f914b9154c640cc8a048e59/element - {"using":"xpath","value":"//*[@id=\"__tile57\"]"}
RESULT: {"using":"xpath","value":"//*[@id=\"__tile57\"]"}
COMMAND: POST /session/b412545c9f914b9154c640cc8a048e59/element/f.1696EE82744AFE881D8953840AF4DA39.d.6012D0117DB3BB1CCF74CB7C391ADBDE.e.2466/click - {}
RESULT: undefined
COMMAND: POST /session/b412545c9f914b9154c640cc8a048e59/element - {"using":"xpath","value":"//*[@id=\"__tile57\"]"}
RESULT: {"using":"xpath","value":"//*[@id=\"__tile57\"]"}
COMMAND: POST /session/b412545c9f914b9154c640cc8a048e59/element/f.1696EE82744AFE881D8953840AF4DA39.d.6012D0117DB3BB1CCF74CB7C391ADBDE.e.2466/click - {}
RESULT: undefined
COMMAND: POST /session/b412545c9f914b9154c640cc8a048e59/execute/async - {"script":"<script> [6424 bytes]","args":[{"element-6066-11e4-a52e-4f735466cecf":"f.1696EE82744AFE881D8953840AF4DA39.d.6012D0117DB3BB1CCF74CB7C391ADBDE.e.274"},"getTitle",[]]}
COMMAND: POST /session/b412545c9f914b9154c640cc8a048e59/execute/async - {"script":"<script> [1562 bytes]","args":[{"selector":{"id":"shellAppTitle"},"wdio_ui5_key":"shellAppTitle"}]}
RESULT: {"script":"<script> [1562 bytes]","args":[{"selector":{"id":"shellAppTitle"},"wdio_ui5_key":"shellAppTitle"}]}
COMMAND: POST /session/b412545c9f914b9154c640cc8a048e59/execute/async - {"script":"<script> [6424 bytes]","args":[{"element-6066-11e4-a52e-4f735466cecf":"f.1696EE82744AFE881D8953840AF4DA39.d.6012D0117DB3BB1CCF74CB7C391ADBDE.e.2498"},"getTitle",[]]}
RESULT: {"script":"<script> [6424 bytes]","args":[{"element-6066-11e4-a52e-4f735466cecf":"f.1696EE82744AFE881D8953840AF4DA39.d.6012D0117DB3BB1CCF74CB7C391ADBDE.e.2498"},"getTitle",[]]}
RESULT: undefined
COMMAND: POST /session/b412545c9f914b9154c640cc8a048e59/element/f.1696EE82744AFE881D8953840AF4DA39.d.6012D0117DB3BB1CCF74CB7C391ADBDE.e.2464/click - {}
RESULT: {}
COMMAND: GET /session/b412545c9f914b9154c640cc8a048e59/screenshot - {}
RESULT: {}
]]></system-out>
    </testcase>
    <testcase classname="chrome.137_0_7151_69.windows.Sanity_Tests_US104253" name="Should open Manage Price Determination Matrices page" time="38.024">
      <system-out><![CDATA[
COMMAND: POST /session/b412545c9f914b9154c640cc8a048e59/execute/async - {"script":"<script> [1562 bytes]","args":[{"selector":{"controlType":"sap.m.GenericTile","properties":{"header":"Manage Price Determination Matrices"}},"wdio_ui5_key":"sapm.GenericTile{\"header\":\"Manage Price Determination Matrices\"}"}]}
RESULT: {"script":"<script> [1562 bytes]","args":[{"selector":{"controlType":"sap.m.GenericTile","properties":{"header":"Manage Price Determination Matrices"}},"wdio_ui5_key":"sapm.GenericTile{\"header\":\"Manage Price Determination Matrices\"}"}]}
RESULT: undefined
COMMAND: POST /session/b412545c9f914b9154c640cc8a048e59/element - {"using":"xpath","value":"//*[@id=\"__tile56\"]"}
RESULT: {"using":"xpath","value":"//*[@id=\"__tile56\"]"}
COMMAND: POST /session/b412545c9f914b9154c640cc8a048e59/element/f.1696EE82744AFE881D8953840AF4DA39.d.6012D0117DB3BB1CCF74CB7C391ADBDE.e.2500/click - {}
RESULT: {}
COMMAND: GET /session/b412545c9f914b9154c640cc8a048e59/screenshot - {}
RESULT: {}
COMMAND: POST /session/b412545c9f914b9154c640cc8a048e59/elements - {"using":"xpath","value":"//span[text()='Error']"}
RESULT: {"using":"xpath","value":"//span[text()='Error']"}
RESULT: undefined
COMMAND: POST /session/b412545c9f914b9154c640cc8a048e59/element - {"using":"xpath","value":"//*[@id=\"__tile56\"]"}
RESULT: {"using":"xpath","value":"//*[@id=\"__tile56\"]"}
COMMAND: POST /session/b412545c9f914b9154c640cc8a048e59/element/f.1696EE82744AFE881D8953840AF4DA39.d.6012D0117DB3BB1CCF74CB7C391ADBDE.e.2500/click - {}
RESULT: undefined
COMMAND: POST /session/b412545c9f914b9154c640cc8a048e59/element - {"using":"xpath","value":"//*[@id=\"__tile56\"]"}
RESULT: {"using":"xpath","value":"//*[@id=\"__tile56\"]"}
COMMAND: POST /session/b412545c9f914b9154c640cc8a048e59/element/f.1696EE82744AFE881D8953840AF4DA39.d.6012D0117DB3BB1CCF74CB7C391ADBDE.e.2500/click - {}
RESULT: undefined
COMMAND: POST /session/b412545c9f914b9154c640cc8a048e59/execute/async - {"script":"<script> [6424 bytes]","args":[{"element-6066-11e4-a52e-4f735466cecf":"f.1696EE82744AFE881D8953840AF4DA39.d.6012D0117DB3BB1CCF74CB7C391ADBDE.e.274"},"getTitle",[]]}
COMMAND: POST /session/b412545c9f914b9154c640cc8a048e59/execute/async - {"script":"<script> [1562 bytes]","args":[{"selector":{"id":"shellAppTitle"},"wdio_ui5_key":"shellAppTitle"}]}
RESULT: {"script":"<script> [1562 bytes]","args":[{"selector":{"id":"shellAppTitle"},"wdio_ui5_key":"shellAppTitle"}]}
COMMAND: POST /session/b412545c9f914b9154c640cc8a048e59/execute/async - {"script":"<script> [6424 bytes]","args":[{"element-6066-11e4-a52e-4f735466cecf":"f.1696EE82744AFE881D8953840AF4DA39.d.6012D0117DB3BB1CCF74CB7C391ADBDE.e.2607"},"getTitle",[]]}
RESULT: {"script":"<script> [6424 bytes]","args":[{"element-6066-11e4-a52e-4f735466cecf":"f.1696EE82744AFE881D8953840AF4DA39.d.6012D0117DB3BB1CCF74CB7C391ADBDE.e.2607"},"getTitle",[]]}
RESULT: undefined
COMMAND: POST /session/b412545c9f914b9154c640cc8a048e59/element/f.1696EE82744AFE881D8953840AF4DA39.d.6012D0117DB3BB1CCF74CB7C391ADBDE.e.2464/click - {}
COMMAND: POST /session/b412545c9f914b9154c640cc8a048e59/element - {"using":"xpath","value":"//*[@id=\"backBtn\"]"}
RESULT: {"using":"xpath","value":"//*[@id=\"backBtn\"]"}
COMMAND: POST /session/b412545c9f914b9154c640cc8a048e59/element/f.1696EE82744AFE881D8953840AF4DA39.d.6012D0117DB3BB1CCF74CB7C391ADBDE.e.2464/click - {}
COMMAND: POST /session/b412545c9f914b9154c640cc8a048e59/element - {"using":"xpath","value":"//*[@id=\"backBtn\"]"}
RESULT: {"using":"xpath","value":"//*[@id=\"backBtn\"]"}
COMMAND: POST /session/b412545c9f914b9154c640cc8a048e59/element/f.1696EE82744AFE881D8953840AF4DA39.d.6012D0117DB3BB1CCF74CB7C391ADBDE.e.2608/click - {}
RESULT: {}
COMMAND: GET /session/b412545c9f914b9154c640cc8a048e59/screenshot - {}
RESULT: {}
]]></system-out>
    </testcase>
    <testcase classname="chrome.137_0_7151_69.windows.Sanity_Tests_US104253" name="Should open Yard Overview page" time="46.333">
      <system-out><![CDATA[
COMMAND: POST /session/b412545c9f914b9154c640cc8a048e59/execute/async - {"script":"<script> [1562 bytes]","args":[{"selector":{"controlType":"sap.m.GenericTile","properties":{"header":"Yard Overview"}},"wdio_ui5_key":"sapm.GenericTile{\"header\":\"Yard Overview\"}"}]}
RESULT: {"script":"<script> [1562 bytes]","args":[{"selector":{"controlType":"sap.m.GenericTile","properties":{"header":"Yard Overview"}},"wdio_ui5_key":"sapm.GenericTile{\"header\":\"Yard Overview\"}"}]}
RESULT: undefined
COMMAND: POST /session/b412545c9f914b9154c640cc8a048e59/element - {"using":"xpath","value":"//*[@id=\"__tile104\"]"}
RESULT: {"using":"xpath","value":"//*[@id=\"__tile104\"]"}
COMMAND: POST /session/b412545c9f914b9154c640cc8a048e59/element/f.1696EE82744AFE881D8953840AF4DA39.d.6012D0117DB3BB1CCF74CB7C391ADBDE.e.2610/click - {}
RESULT: {}
COMMAND: GET /session/b412545c9f914b9154c640cc8a048e59/screenshot - {}
RESULT: {}
COMMAND: POST /session/b412545c9f914b9154c640cc8a048e59/elements - {"using":"xpath","value":"//span[text()='Error']"}
RESULT: {"using":"xpath","value":"//span[text()='Error']"}
RESULT: undefined
COMMAND: POST /session/b412545c9f914b9154c640cc8a048e59/element - {"using":"xpath","value":"//*[@id=\"__tile104\"]"}
RESULT: {"using":"xpath","value":"//*[@id=\"__tile104\"]"}
COMMAND: POST /session/b412545c9f914b9154c640cc8a048e59/element/f.1696EE82744AFE881D8953840AF4DA39.d.6012D0117DB3BB1CCF74CB7C391ADBDE.e.2610/click - {}
RESULT: undefined
COMMAND: POST /session/b412545c9f914b9154c640cc8a048e59/element - {"using":"xpath","value":"//*[@id=\"__tile104\"]"}
RESULT: {"using":"xpath","value":"//*[@id=\"__tile104\"]"}
COMMAND: POST /session/b412545c9f914b9154c640cc8a048e59/element/f.1696EE82744AFE881D8953840AF4DA39.d.6012D0117DB3BB1CCF74CB7C391ADBDE.e.2610/click - {}
RESULT: undefined
COMMAND: POST /session/b412545c9f914b9154c640cc8a048e59/execute/async - {"script":"<script> [6424 bytes]","args":[{"element-6066-11e4-a52e-4f735466cecf":"f.1696EE82744AFE881D8953840AF4DA39.d.6012D0117DB3BB1CCF74CB7C391ADBDE.e.274"},"getTitle",[]]}
COMMAND: POST /session/b412545c9f914b9154c640cc8a048e59/execute/async - {"script":"<script> [1562 bytes]","args":[{"selector":{"id":"shellAppTitle"},"wdio_ui5_key":"shellAppTitle"}]}
RESULT: {"script":"<script> [1562 bytes]","args":[{"selector":{"id":"shellAppTitle"},"wdio_ui5_key":"shellAppTitle"}]}
COMMAND: POST /session/b412545c9f914b9154c640cc8a048e59/execute/async - {"script":"<script> [6424 bytes]","args":[{"element-6066-11e4-a52e-4f735466cecf":"f.1696EE82744AFE881D8953840AF4DA39.d.6012D0117DB3BB1CCF74CB7C391ADBDE.e.2669"},"getTitle",[]]}
RESULT: {"script":"<script> [6424 bytes]","args":[{"element-6066-11e4-a52e-4f735466cecf":"f.1696EE82744AFE881D8953840AF4DA39.d.6012D0117DB3BB1CCF74CB7C391ADBDE.e.2669"},"getTitle",[]]}
RESULT: undefined
COMMAND: POST /session/b412545c9f914b9154c640cc8a048e59/element/f.1696EE82744AFE881D8953840AF4DA39.d.6012D0117DB3BB1CCF74CB7C391ADBDE.e.2608/click - {}
RESULT: {}
COMMAND: GET /session/b412545c9f914b9154c640cc8a048e59/screenshot - {}
RESULT: {}
]]></system-out>
    </testcase>
    <testcase classname="chrome.137_0_7151_69.windows.Sanity_Tests_US104253" name="Should open Site Overview page" time="39.719">
      <system-out><![CDATA[
COMMAND: POST /session/b412545c9f914b9154c640cc8a048e59/execute/async - {"script":"<script> [1562 bytes]","args":[{"selector":{"controlType":"sap.m.GenericTile","properties":{"header":"Site Overview"}},"wdio_ui5_key":"sapm.GenericTile{\"header\":\"Site Overview\"}"}]}
RESULT: {"script":"<script> [1562 bytes]","args":[{"selector":{"controlType":"sap.m.GenericTile","properties":{"header":"Site Overview"}},"wdio_ui5_key":"sapm.GenericTile{\"header\":\"Site Overview\"}"}]}
RESULT: undefined
COMMAND: POST /session/b412545c9f914b9154c640cc8a048e59/element - {"using":"xpath","value":"//*[@id=\"__tile102\"]"}
RESULT: {"using":"xpath","value":"//*[@id=\"__tile102\"]"}
COMMAND: POST /session/b412545c9f914b9154c640cc8a048e59/element/f.1696EE82744AFE881D8953840AF4DA39.d.6012D0117DB3BB1CCF74CB7C391ADBDE.e.2672/click - {}
RESULT: {}
COMMAND: GET /session/b412545c9f914b9154c640cc8a048e59/screenshot - {}
RESULT: {}
COMMAND: POST /session/b412545c9f914b9154c640cc8a048e59/elements - {"using":"xpath","value":"//span[text()='Error']"}
RESULT: {"using":"xpath","value":"//span[text()='Error']"}
RESULT: undefined
COMMAND: POST /session/b412545c9f914b9154c640cc8a048e59/element - {"using":"xpath","value":"//*[@id=\"__tile102\"]"}
RESULT: {"using":"xpath","value":"//*[@id=\"__tile102\"]"}
COMMAND: POST /session/b412545c9f914b9154c640cc8a048e59/element/f.1696EE82744AFE881D8953840AF4DA39.d.6012D0117DB3BB1CCF74CB7C391ADBDE.e.2672/click - {}
RESULT: undefined
COMMAND: POST /session/b412545c9f914b9154c640cc8a048e59/element - {"using":"xpath","value":"//*[@id=\"__tile102\"]"}
RESULT: {"using":"xpath","value":"//*[@id=\"__tile102\"]"}
COMMAND: POST /session/b412545c9f914b9154c640cc8a048e59/element/f.1696EE82744AFE881D8953840AF4DA39.d.6012D0117DB3BB1CCF74CB7C391ADBDE.e.2672/click - {}
RESULT: undefined
COMMAND: POST /session/b412545c9f914b9154c640cc8a048e59/execute/async - {"script":"<script> [6424 bytes]","args":[{"element-6066-11e4-a52e-4f735466cecf":"f.1696EE82744AFE881D8953840AF4DA39.d.6012D0117DB3BB1CCF74CB7C391ADBDE.e.274"},"getTitle",[]]}
COMMAND: POST /session/b412545c9f914b9154c640cc8a048e59/execute/async - {"script":"<script> [1562 bytes]","args":[{"selector":{"id":"shellAppTitle"},"wdio_ui5_key":"shellAppTitle"}]}
RESULT: {"script":"<script> [1562 bytes]","args":[{"selector":{"id":"shellAppTitle"},"wdio_ui5_key":"shellAppTitle"}]}
COMMAND: POST /session/b412545c9f914b9154c640cc8a048e59/execute/async - {"script":"<script> [6424 bytes]","args":[{"element-6066-11e4-a52e-4f735466cecf":"f.1696EE82744AFE881D8953840AF4DA39.d.6012D0117DB3BB1CCF74CB7C391ADBDE.e.2785"},"getTitle",[]]}
RESULT: {"script":"<script> [6424 bytes]","args":[{"element-6066-11e4-a52e-4f735466cecf":"f.1696EE82744AFE881D8953840AF4DA39.d.6012D0117DB3BB1CCF74CB7C391ADBDE.e.2785"},"getTitle",[]]}
RESULT: undefined
COMMAND: POST /session/b412545c9f914b9154c640cc8a048e59/element/f.1696EE82744AFE881D8953840AF4DA39.d.6012D0117DB3BB1CCF74CB7C391ADBDE.e.2608/click - {}
COMMAND: POST /session/b412545c9f914b9154c640cc8a048e59/element - {"using":"xpath","value":"//*[@id=\"backBtn\"]"}
RESULT: {"using":"xpath","value":"//*[@id=\"backBtn\"]"}
COMMAND: POST /session/b412545c9f914b9154c640cc8a048e59/element/f.1696EE82744AFE881D8953840AF4DA39.d.6012D0117DB3BB1CCF74CB7C391ADBDE.e.2608/click - {}
COMMAND: POST /session/b412545c9f914b9154c640cc8a048e59/element - {"using":"xpath","value":"//*[@id=\"backBtn\"]"}
RESULT: {"using":"xpath","value":"//*[@id=\"backBtn\"]"}
COMMAND: POST /session/b412545c9f914b9154c640cc8a048e59/element/f.1696EE82744AFE881D8953840AF4DA39.d.6012D0117DB3BB1CCF74CB7C391ADBDE.e.2786/click - {}
RESULT: {}
COMMAND: GET /session/b412545c9f914b9154c640cc8a048e59/screenshot - {}
RESULT: {}
]]></system-out>
    </testcase>
    <testcase classname="chrome.137_0_7151_69.windows.Sanity_Tests_US104253" name="Should open Trace Track Resources page" time="39.733">
      <system-out><![CDATA[
COMMAND: POST /session/b412545c9f914b9154c640cc8a048e59/execute/async - {"script":"<script> [1562 bytes]","args":[{"selector":{"controlType":"sap.m.GenericTile","properties":{"header":"Trace & Track Resources"}},"wdio_ui5_key":"sapm.GenericTile{\"header\":\"Trace & Track Resources\"}"}]}
RESULT: {"script":"<script> [1562 bytes]","args":[{"selector":{"controlType":"sap.m.GenericTile","properties":{"header":"Trace & Track Resources"}},"wdio_ui5_key":"sapm.GenericTile{\"header\":\"Trace & Track Resources\"}"}]}
RESULT: undefined
COMMAND: POST /session/b412545c9f914b9154c640cc8a048e59/element - {"using":"xpath","value":"//*[@id=\"__tile103\"]"}
RESULT: {"using":"xpath","value":"//*[@id=\"__tile103\"]"}
COMMAND: POST /session/b412545c9f914b9154c640cc8a048e59/element/f.1696EE82744AFE881D8953840AF4DA39.d.6012D0117DB3BB1CCF74CB7C391ADBDE.e.2788/click - {}
RESULT: {}
COMMAND: GET /session/b412545c9f914b9154c640cc8a048e59/screenshot - {}
RESULT: {}
COMMAND: POST /session/b412545c9f914b9154c640cc8a048e59/elements - {"using":"xpath","value":"//span[text()='Error']"}
RESULT: {"using":"xpath","value":"//span[text()='Error']"}
RESULT: undefined
COMMAND: POST /session/b412545c9f914b9154c640cc8a048e59/element - {"using":"xpath","value":"//*[@id=\"__tile103\"]"}
RESULT: {"using":"xpath","value":"//*[@id=\"__tile103\"]"}
COMMAND: POST /session/b412545c9f914b9154c640cc8a048e59/element/f.1696EE82744AFE881D8953840AF4DA39.d.6012D0117DB3BB1CCF74CB7C391ADBDE.e.2788/click - {}
RESULT: undefined
COMMAND: POST /session/b412545c9f914b9154c640cc8a048e59/element - {"using":"xpath","value":"//*[@id=\"__tile103\"]"}
RESULT: {"using":"xpath","value":"//*[@id=\"__tile103\"]"}
COMMAND: POST /session/b412545c9f914b9154c640cc8a048e59/element/f.1696EE82744AFE881D8953840AF4DA39.d.6012D0117DB3BB1CCF74CB7C391ADBDE.e.2788/click - {}
RESULT: undefined
COMMAND: POST /session/b412545c9f914b9154c640cc8a048e59/execute/async - {"script":"<script> [6424 bytes]","args":[{"element-6066-11e4-a52e-4f735466cecf":"f.1696EE82744AFE881D8953840AF4DA39.d.6012D0117DB3BB1CCF74CB7C391ADBDE.e.274"},"getTitle",[]]}
COMMAND: POST /session/b412545c9f914b9154c640cc8a048e59/execute/async - {"script":"<script> [1562 bytes]","args":[{"selector":{"id":"shellAppTitle"},"wdio_ui5_key":"shellAppTitle"}]}
RESULT: {"script":"<script> [1562 bytes]","args":[{"selector":{"id":"shellAppTitle"},"wdio_ui5_key":"shellAppTitle"}]}
COMMAND: POST /session/b412545c9f914b9154c640cc8a048e59/execute/async - {"script":"<script> [6424 bytes]","args":[{"element-6066-11e4-a52e-4f735466cecf":"f.1696EE82744AFE881D8953840AF4DA39.d.6012D0117DB3BB1CCF74CB7C391ADBDE.e.2816"},"getTitle",[]]}
RESULT: {"script":"<script> [6424 bytes]","args":[{"element-6066-11e4-a52e-4f735466cecf":"f.1696EE82744AFE881D8953840AF4DA39.d.6012D0117DB3BB1CCF74CB7C391ADBDE.e.2816"},"getTitle",[]]}
RESULT: undefined
COMMAND: POST /session/b412545c9f914b9154c640cc8a048e59/element/f.1696EE82744AFE881D8953840AF4DA39.d.6012D0117DB3BB1CCF74CB7C391ADBDE.e.2786/click - {}
RESULT: {}
COMMAND: GET /session/b412545c9f914b9154c640cc8a048e59/screenshot - {}
RESULT: {}
]]></system-out>
    </testcase>
    <testcase classname="chrome.137_0_7151_69.windows.Sanity_Tests_US104253" name="Should open RU Inventory List page" time="40.764">
      <system-out><![CDATA[
COMMAND: POST /session/b412545c9f914b9154c640cc8a048e59/execute/async - {"script":"<script> [1562 bytes]","args":[{"selector":{"controlType":"sap.m.GenericTile","properties":{"header":"RU Inventory List"}},"wdio_ui5_key":"sapm.GenericTile{\"header\":\"RU Inventory List\"}"}]}
RESULT: {"script":"<script> [1562 bytes]","args":[{"selector":{"controlType":"sap.m.GenericTile","properties":{"header":"RU Inventory List"}},"wdio_ui5_key":"sapm.GenericTile{\"header\":\"RU Inventory List\"}"}]}
RESULT: undefined
COMMAND: POST /session/b412545c9f914b9154c640cc8a048e59/element - {"using":"xpath","value":"//*[@id=\"__tile101\"]"}
RESULT: {"using":"xpath","value":"//*[@id=\"__tile101\"]"}
COMMAND: POST /session/b412545c9f914b9154c640cc8a048e59/element/f.1696EE82744AFE881D8953840AF4DA39.d.6012D0117DB3BB1CCF74CB7C391ADBDE.e.2818/click - {}
RESULT: {}
COMMAND: GET /session/b412545c9f914b9154c640cc8a048e59/screenshot - {}
RESULT: {}
COMMAND: POST /session/b412545c9f914b9154c640cc8a048e59/elements - {"using":"xpath","value":"//span[text()='Error']"}
RESULT: {"using":"xpath","value":"//span[text()='Error']"}
RESULT: undefined
COMMAND: POST /session/b412545c9f914b9154c640cc8a048e59/element - {"using":"xpath","value":"//*[@id=\"__tile101\"]"}
RESULT: {"using":"xpath","value":"//*[@id=\"__tile101\"]"}
COMMAND: POST /session/b412545c9f914b9154c640cc8a048e59/element/f.1696EE82744AFE881D8953840AF4DA39.d.6012D0117DB3BB1CCF74CB7C391ADBDE.e.2818/click - {}
RESULT: undefined
COMMAND: POST /session/b412545c9f914b9154c640cc8a048e59/element - {"using":"xpath","value":"//*[@id=\"__tile101\"]"}
RESULT: {"using":"xpath","value":"//*[@id=\"__tile101\"]"}
COMMAND: POST /session/b412545c9f914b9154c640cc8a048e59/element/f.1696EE82744AFE881D8953840AF4DA39.d.6012D0117DB3BB1CCF74CB7C391ADBDE.e.2818/click - {}
RESULT: undefined
COMMAND: POST /session/b412545c9f914b9154c640cc8a048e59/execute/async - {"script":"<script> [6424 bytes]","args":[{"element-6066-11e4-a52e-4f735466cecf":"f.1696EE82744AFE881D8953840AF4DA39.d.6012D0117DB3BB1CCF74CB7C391ADBDE.e.274"},"getTitle",[]]}
COMMAND: POST /session/b412545c9f914b9154c640cc8a048e59/execute/async - {"script":"<script> [1562 bytes]","args":[{"selector":{"id":"shellAppTitle"},"wdio_ui5_key":"shellAppTitle"}]}
RESULT: {"script":"<script> [1562 bytes]","args":[{"selector":{"id":"shellAppTitle"},"wdio_ui5_key":"shellAppTitle"}]}
COMMAND: POST /session/b412545c9f914b9154c640cc8a048e59/execute/async - {"script":"<script> [6424 bytes]","args":[{"element-6066-11e4-a52e-4f735466cecf":"f.1696EE82744AFE881D8953840AF4DA39.d.6012D0117DB3BB1CCF74CB7C391ADBDE.e.3005"},"getTitle",[]]}
RESULT: {"script":"<script> [6424 bytes]","args":[{"element-6066-11e4-a52e-4f735466cecf":"f.1696EE82744AFE881D8953840AF4DA39.d.6012D0117DB3BB1CCF74CB7C391ADBDE.e.3005"},"getTitle",[]]}
RESULT: undefined
COMMAND: POST /session/b412545c9f914b9154c640cc8a048e59/element/f.1696EE82744AFE881D8953840AF4DA39.d.6012D0117DB3BB1CCF74CB7C391ADBDE.e.2786/click - {}
COMMAND: POST /session/b412545c9f914b9154c640cc8a048e59/element - {"using":"xpath","value":"//*[@id=\"backBtn\"]"}
RESULT: {"using":"xpath","value":"//*[@id=\"backBtn\"]"}
COMMAND: POST /session/b412545c9f914b9154c640cc8a048e59/element/f.1696EE82744AFE881D8953840AF4DA39.d.6012D0117DB3BB1CCF74CB7C391ADBDE.e.2786/click - {}
COMMAND: POST /session/b412545c9f914b9154c640cc8a048e59/element - {"using":"xpath","value":"//*[@id=\"backBtn\"]"}
RESULT: {"using":"xpath","value":"//*[@id=\"backBtn\"]"}
COMMAND: POST /session/b412545c9f914b9154c640cc8a048e59/element/f.1696EE82744AFE881D8953840AF4DA39.d.6012D0117DB3BB1CCF74CB7C391ADBDE.e.3006/click - {}
RESULT: {}
COMMAND: GET /session/b412545c9f914b9154c640cc8a048e59/screenshot - {}
RESULT: {}
]]></system-out>
    </testcase>
    <testcase classname="chrome.137_0_7151_69.windows.Sanity_Tests_US104253" name="Should open Contracts Dashboard page" time="42.544">
      <system-out><![CDATA[
COMMAND: POST /session/b412545c9f914b9154c640cc8a048e59/execute/async - {"script":"<script> [1562 bytes]","args":[{"selector":{"controlType":"sap.m.GenericTile","properties":{"header":"Contracts Dashboard"}},"wdio_ui5_key":"sapm.GenericTile{\"header\":\"Contracts Dashboard\"}"}]}
RESULT: {"script":"<script> [1562 bytes]","args":[{"selector":{"controlType":"sap.m.GenericTile","properties":{"header":"Contracts Dashboard"}},"wdio_ui5_key":"sapm.GenericTile{\"header\":\"Contracts Dashboard\"}"}]}
RESULT: undefined
COMMAND: POST /session/b412545c9f914b9154c640cc8a048e59/element - {"using":"xpath","value":"//*[@id=\"__tile99\"]"}
RESULT: {"using":"xpath","value":"//*[@id=\"__tile99\"]"}
COMMAND: POST /session/b412545c9f914b9154c640cc8a048e59/element/f.1696EE82744AFE881D8953840AF4DA39.d.6012D0117DB3BB1CCF74CB7C391ADBDE.e.3008/click - {}
RESULT: {}
COMMAND: GET /session/b412545c9f914b9154c640cc8a048e59/screenshot - {}
RESULT: {}
COMMAND: POST /session/b412545c9f914b9154c640cc8a048e59/elements - {"using":"xpath","value":"//span[text()='Error']"}
RESULT: {"using":"xpath","value":"//span[text()='Error']"}
RESULT: undefined
COMMAND: POST /session/b412545c9f914b9154c640cc8a048e59/element - {"using":"xpath","value":"//*[@id=\"__tile99\"]"}
RESULT: {"using":"xpath","value":"//*[@id=\"__tile99\"]"}
COMMAND: POST /session/b412545c9f914b9154c640cc8a048e59/element/f.1696EE82744AFE881D8953840AF4DA39.d.6012D0117DB3BB1CCF74CB7C391ADBDE.e.3008/click - {}
RESULT: undefined
COMMAND: POST /session/b412545c9f914b9154c640cc8a048e59/element - {"using":"xpath","value":"//*[@id=\"__tile99\"]"}
RESULT: {"using":"xpath","value":"//*[@id=\"__tile99\"]"}
COMMAND: POST /session/b412545c9f914b9154c640cc8a048e59/element/f.1696EE82744AFE881D8953840AF4DA39.d.6012D0117DB3BB1CCF74CB7C391ADBDE.e.3008/click - {}
RESULT: undefined
COMMAND: POST /session/b412545c9f914b9154c640cc8a048e59/execute/async - {"script":"<script> [6424 bytes]","args":[{"element-6066-11e4-a52e-4f735466cecf":"f.1696EE82744AFE881D8953840AF4DA39.d.6012D0117DB3BB1CCF74CB7C391ADBDE.e.274"},"getTitle",[]]}
COMMAND: POST /session/b412545c9f914b9154c640cc8a048e59/execute/async - {"script":"<script> [1562 bytes]","args":[{"selector":{"id":"shellAppTitle"},"wdio_ui5_key":"shellAppTitle"}]}
RESULT: {"script":"<script> [1562 bytes]","args":[{"selector":{"id":"shellAppTitle"},"wdio_ui5_key":"shellAppTitle"}]}
COMMAND: POST /session/b412545c9f914b9154c640cc8a048e59/execute/async - {"script":"<script> [6424 bytes]","args":[{"element-6066-11e4-a52e-4f735466cecf":"f.1696EE82744AFE881D8953840AF4DA39.d.6012D0117DB3BB1CCF74CB7C391ADBDE.e.3031"},"getTitle",[]]}
RESULT: {"script":"<script> [6424 bytes]","args":[{"element-6066-11e4-a52e-4f735466cecf":"f.1696EE82744AFE881D8953840AF4DA39.d.6012D0117DB3BB1CCF74CB7C391ADBDE.e.3031"},"getTitle",[]]}
RESULT: undefined
COMMAND: POST /session/b412545c9f914b9154c640cc8a048e59/element/f.1696EE82744AFE881D8953840AF4DA39.d.6012D0117DB3BB1CCF74CB7C391ADBDE.e.3006/click - {}
RESULT: {}
COMMAND: GET /session/b412545c9f914b9154c640cc8a048e59/screenshot - {}
RESULT: {}
]]></system-out>
    </testcase>
    <testcase classname="chrome.137_0_7151_69.windows.Sanity_Tests_US104253" name="Should open Bin Status Report page" time="48.047">
      <system-out><![CDATA[
COMMAND: POST /session/b412545c9f914b9154c640cc8a048e59/execute/async - {"script":"<script> [1562 bytes]","args":[{"selector":{"controlType":"sap.m.GenericTile","properties":{"header":"Bin Status Report"}},"wdio_ui5_key":"sapm.GenericTile{\"header\":\"Bin Status Report\"}"}]}
RESULT: {"script":"<script> [1562 bytes]","args":[{"selector":{"controlType":"sap.m.GenericTile","properties":{"header":"Bin Status Report"}},"wdio_ui5_key":"sapm.GenericTile{\"header\":\"Bin Status Report\"}"}]}
RESULT: undefined
COMMAND: POST /session/b412545c9f914b9154c640cc8a048e59/element - {"using":"xpath","value":"//*[@id=\"__tile106\"]"}
RESULT: {"using":"xpath","value":"//*[@id=\"__tile106\"]"}
COMMAND: POST /session/b412545c9f914b9154c640cc8a048e59/element/f.1696EE82744AFE881D8953840AF4DA39.d.6012D0117DB3BB1CCF74CB7C391ADBDE.e.3033/click - {}
RESULT: {}
COMMAND: GET /session/b412545c9f914b9154c640cc8a048e59/screenshot - {}
RESULT: {}
COMMAND: POST /session/b412545c9f914b9154c640cc8a048e59/elements - {"using":"xpath","value":"//span[text()='Error']"}
RESULT: {"using":"xpath","value":"//span[text()='Error']"}
RESULT: undefined
COMMAND: POST /session/b412545c9f914b9154c640cc8a048e59/element - {"using":"xpath","value":"//*[@id=\"__tile106\"]"}
RESULT: {"using":"xpath","value":"//*[@id=\"__tile106\"]"}
COMMAND: POST /session/b412545c9f914b9154c640cc8a048e59/element/f.1696EE82744AFE881D8953840AF4DA39.d.6012D0117DB3BB1CCF74CB7C391ADBDE.e.3033/click - {}
RESULT: undefined
COMMAND: POST /session/b412545c9f914b9154c640cc8a048e59/element - {"using":"xpath","value":"//*[@id=\"__tile106\"]"}
RESULT: {"using":"xpath","value":"//*[@id=\"__tile106\"]"}
COMMAND: POST /session/b412545c9f914b9154c640cc8a048e59/element/f.1696EE82744AFE881D8953840AF4DA39.d.6012D0117DB3BB1CCF74CB7C391ADBDE.e.3033/click - {}
RESULT: undefined
COMMAND: POST /session/b412545c9f914b9154c640cc8a048e59/execute/async - {"script":"<script> [6424 bytes]","args":[{"element-6066-11e4-a52e-4f735466cecf":"f.1696EE82744AFE881D8953840AF4DA39.d.6012D0117DB3BB1CCF74CB7C391ADBDE.e.274"},"getTitle",[]]}
COMMAND: POST /session/b412545c9f914b9154c640cc8a048e59/execute/async - {"script":"<script> [1562 bytes]","args":[{"selector":{"id":"shellAppTitle"},"wdio_ui5_key":"shellAppTitle"}]}
RESULT: {"script":"<script> [1562 bytes]","args":[{"selector":{"id":"shellAppTitle"},"wdio_ui5_key":"shellAppTitle"}]}
COMMAND: POST /session/b412545c9f914b9154c640cc8a048e59/execute/async - {"script":"<script> [6424 bytes]","args":[{"element-6066-11e4-a52e-4f735466cecf":"f.1696EE82744AFE881D8953840AF4DA39.d.6012D0117DB3BB1CCF74CB7C391ADBDE.e.3117"},"getTitle",[]]}
RESULT: {"script":"<script> [6424 bytes]","args":[{"element-6066-11e4-a52e-4f735466cecf":"f.1696EE82744AFE881D8953840AF4DA39.d.6012D0117DB3BB1CCF74CB7C391ADBDE.e.3117"},"getTitle",[]]}
RESULT: undefined
COMMAND: POST /session/b412545c9f914b9154c640cc8a048e59/element/f.1696EE82744AFE881D8953840AF4DA39.d.6012D0117DB3BB1CCF74CB7C391ADBDE.e.3006/click - {}
COMMAND: POST /session/b412545c9f914b9154c640cc8a048e59/element - {"using":"xpath","value":"//*[@id=\"backBtn\"]"}
RESULT: {"using":"xpath","value":"//*[@id=\"backBtn\"]"}
COMMAND: POST /session/b412545c9f914b9154c640cc8a048e59/element/f.1696EE82744AFE881D8953840AF4DA39.d.6012D0117DB3BB1CCF74CB7C391ADBDE.e.3006/click - {}
COMMAND: POST /session/b412545c9f914b9154c640cc8a048e59/element - {"using":"xpath","value":"//*[@id=\"backBtn\"]"}
RESULT: {"using":"xpath","value":"//*[@id=\"backBtn\"]"}
COMMAND: POST /session/b412545c9f914b9154c640cc8a048e59/element/f.1696EE82744AFE881D8953840AF4DA39.d.6012D0117DB3BB1CCF74CB7C391ADBDE.e.3118/click - {}
RESULT: {}
COMMAND: GET /session/b412545c9f914b9154c640cc8a048e59/screenshot - {}
RESULT: {}
]]></system-out>
    </testcase>
    <testcase classname="chrome.137_0_7151_69.windows.Sanity_Tests_US104253" name="Should open Manage Warehouse Movements page" time="39.935">
      <system-out><![CDATA[
COMMAND: POST /session/b412545c9f914b9154c640cc8a048e59/execute/async - {"script":"<script> [1562 bytes]","args":[{"selector":{"controlType":"sap.m.GenericTile","properties":{"header":"Manage Warehouse Movements"}},"wdio_ui5_key":"sapm.GenericTile{\"header\":\"Manage Warehouse Movements\"}"}]}
RESULT: {"script":"<script> [1562 bytes]","args":[{"selector":{"controlType":"sap.m.GenericTile","properties":{"header":"Manage Warehouse Movements"}},"wdio_ui5_key":"sapm.GenericTile{\"header\":\"Manage Warehouse Movements\"}"}]}
RESULT: undefined
COMMAND: POST /session/b412545c9f914b9154c640cc8a048e59/element - {"using":"xpath","value":"//*[@id=\"__tile107\"]"}
RESULT: {"using":"xpath","value":"//*[@id=\"__tile107\"]"}
COMMAND: POST /session/b412545c9f914b9154c640cc8a048e59/element/f.1696EE82744AFE881D8953840AF4DA39.d.6012D0117DB3BB1CCF74CB7C391ADBDE.e.3122/click - {}
RESULT: {}
COMMAND: GET /session/b412545c9f914b9154c640cc8a048e59/screenshot - {}
RESULT: {}
COMMAND: POST /session/b412545c9f914b9154c640cc8a048e59/elements - {"using":"xpath","value":"//span[text()='Error']"}
RESULT: {"using":"xpath","value":"//span[text()='Error']"}
RESULT: undefined
COMMAND: POST /session/b412545c9f914b9154c640cc8a048e59/element - {"using":"xpath","value":"//*[@id=\"__tile107\"]"}
RESULT: {"using":"xpath","value":"//*[@id=\"__tile107\"]"}
COMMAND: POST /session/b412545c9f914b9154c640cc8a048e59/element/f.1696EE82744AFE881D8953840AF4DA39.d.6012D0117DB3BB1CCF74CB7C391ADBDE.e.3122/click - {}
RESULT: undefined
COMMAND: POST /session/b412545c9f914b9154c640cc8a048e59/element - {"using":"xpath","value":"//*[@id=\"__tile107\"]"}
RESULT: {"using":"xpath","value":"//*[@id=\"__tile107\"]"}
COMMAND: POST /session/b412545c9f914b9154c640cc8a048e59/element/f.1696EE82744AFE881D8953840AF4DA39.d.6012D0117DB3BB1CCF74CB7C391ADBDE.e.3122/click - {}
RESULT: undefined
COMMAND: POST /session/b412545c9f914b9154c640cc8a048e59/execute/async - {"script":"<script> [6424 bytes]","args":[{"element-6066-11e4-a52e-4f735466cecf":"f.1696EE82744AFE881D8953840AF4DA39.d.6012D0117DB3BB1CCF74CB7C391ADBDE.e.274"},"getTitle",[]]}
COMMAND: POST /session/b412545c9f914b9154c640cc8a048e59/execute/async - {"script":"<script> [1562 bytes]","args":[{"selector":{"id":"shellAppTitle"},"wdio_ui5_key":"shellAppTitle"}]}
RESULT: {"script":"<script> [1562 bytes]","args":[{"selector":{"id":"shellAppTitle"},"wdio_ui5_key":"shellAppTitle"}]}
COMMAND: POST /session/b412545c9f914b9154c640cc8a048e59/execute/async - {"script":"<script> [6424 bytes]","args":[{"element-6066-11e4-a52e-4f735466cecf":"f.1696EE82744AFE881D8953840AF4DA39.d.6012D0117DB3BB1CCF74CB7C391ADBDE.e.3210"},"getTitle",[]]}
RESULT: {"script":"<script> [6424 bytes]","args":[{"element-6066-11e4-a52e-4f735466cecf":"f.1696EE82744AFE881D8953840AF4DA39.d.6012D0117DB3BB1CCF74CB7C391ADBDE.e.3210"},"getTitle",[]]}
RESULT: undefined
COMMAND: POST /session/b412545c9f914b9154c640cc8a048e59/element/f.1696EE82744AFE881D8953840AF4DA39.d.6012D0117DB3BB1CCF74CB7C391ADBDE.e.3118/click - {}
RESULT: {}
COMMAND: GET /session/b412545c9f914b9154c640cc8a048e59/screenshot - {}
RESULT: {}
]]></system-out>
    </testcase>
    <testcase classname="chrome.137_0_7151_69.windows.Sanity_Tests_US104253" name="Should open Bin Inventory List page" time="41.112">
      <system-out><![CDATA[
COMMAND: POST /session/b412545c9f914b9154c640cc8a048e59/execute/async - {"script":"<script> [1562 bytes]","args":[{"selector":{"controlType":"sap.m.GenericTile","properties":{"header":"Bin Inventory List"}},"wdio_ui5_key":"sapm.GenericTile{\"header\":\"Bin Inventory List\"}"}]}
RESULT: {"script":"<script> [1562 bytes]","args":[{"selector":{"controlType":"sap.m.GenericTile","properties":{"header":"Bin Inventory List"}},"wdio_ui5_key":"sapm.GenericTile{\"header\":\"Bin Inventory List\"}"}]}
RESULT: undefined
COMMAND: POST /session/b412545c9f914b9154c640cc8a048e59/element - {"using":"xpath","value":"//*[@id=\"__tile105\"]"}
RESULT: {"using":"xpath","value":"//*[@id=\"__tile105\"]"}
COMMAND: POST /session/b412545c9f914b9154c640cc8a048e59/element/f.1696EE82744AFE881D8953840AF4DA39.d.6012D0117DB3BB1CCF74CB7C391ADBDE.e.3212/click - {}
RESULT: {}
COMMAND: GET /session/b412545c9f914b9154c640cc8a048e59/screenshot - {}
RESULT: {}
COMMAND: POST /session/b412545c9f914b9154c640cc8a048e59/elements - {"using":"xpath","value":"//span[text()='Error']"}
RESULT: {"using":"xpath","value":"//span[text()='Error']"}
RESULT: undefined
COMMAND: POST /session/b412545c9f914b9154c640cc8a048e59/element - {"using":"xpath","value":"//*[@id=\"__tile105\"]"}
RESULT: {"using":"xpath","value":"//*[@id=\"__tile105\"]"}
COMMAND: POST /session/b412545c9f914b9154c640cc8a048e59/element/f.1696EE82744AFE881D8953840AF4DA39.d.6012D0117DB3BB1CCF74CB7C391ADBDE.e.3212/click - {}
RESULT: undefined
COMMAND: POST /session/b412545c9f914b9154c640cc8a048e59/element - {"using":"xpath","value":"//*[@id=\"__tile105\"]"}
RESULT: {"using":"xpath","value":"//*[@id=\"__tile105\"]"}
COMMAND: POST /session/b412545c9f914b9154c640cc8a048e59/element/f.1696EE82744AFE881D8953840AF4DA39.d.6012D0117DB3BB1CCF74CB7C391ADBDE.e.3212/click - {}
RESULT: undefined
COMMAND: POST /session/b412545c9f914b9154c640cc8a048e59/execute/async - {"script":"<script> [6424 bytes]","args":[{"element-6066-11e4-a52e-4f735466cecf":"f.1696EE82744AFE881D8953840AF4DA39.d.6012D0117DB3BB1CCF74CB7C391ADBDE.e.274"},"getTitle",[]]}
COMMAND: POST /session/b412545c9f914b9154c640cc8a048e59/execute/async - {"script":"<script> [1562 bytes]","args":[{"selector":{"id":"shellAppTitle"},"wdio_ui5_key":"shellAppTitle"}]}
RESULT: {"script":"<script> [1562 bytes]","args":[{"selector":{"id":"shellAppTitle"},"wdio_ui5_key":"shellAppTitle"}]}
COMMAND: POST /session/b412545c9f914b9154c640cc8a048e59/execute/async - {"script":"<script> [6424 bytes]","args":[{"element-6066-11e4-a52e-4f735466cecf":"f.1696EE82744AFE881D8953840AF4DA39.d.6012D0117DB3BB1CCF74CB7C391ADBDE.e.3298"},"getTitle",[]]}
RESULT: {"script":"<script> [6424 bytes]","args":[{"element-6066-11e4-a52e-4f735466cecf":"f.1696EE82744AFE881D8953840AF4DA39.d.6012D0117DB3BB1CCF74CB7C391ADBDE.e.3298"},"getTitle",[]]}
RESULT: undefined
COMMAND: POST /session/b412545c9f914b9154c640cc8a048e59/element/f.1696EE82744AFE881D8953840AF4DA39.d.6012D0117DB3BB1CCF74CB7C391ADBDE.e.3118/click - {}
COMMAND: POST /session/b412545c9f914b9154c640cc8a048e59/element - {"using":"xpath","value":"//*[@id=\"backBtn\"]"}
RESULT: {"using":"xpath","value":"//*[@id=\"backBtn\"]"}
COMMAND: POST /session/b412545c9f914b9154c640cc8a048e59/element/f.1696EE82744AFE881D8953840AF4DA39.d.6012D0117DB3BB1CCF74CB7C391ADBDE.e.3118/click - {}
COMMAND: POST /session/b412545c9f914b9154c640cc8a048e59/element - {"using":"xpath","value":"//*[@id=\"backBtn\"]"}
RESULT: {"using":"xpath","value":"//*[@id=\"backBtn\"]"}
COMMAND: POST /session/b412545c9f914b9154c640cc8a048e59/element/f.1696EE82744AFE881D8953840AF4DA39.d.6012D0117DB3BB1CCF74CB7C391ADBDE.e.3299/click - {}
RESULT: {}
COMMAND: GET /session/b412545c9f914b9154c640cc8a048e59/screenshot - {}
RESULT: {}
]]></system-out>
    </testcase>
    <testcase classname="chrome.137_0_7151_69.windows.Sanity_Tests_US104253" name="Should open ISC Templates page" time="46.911">
      <system-out><![CDATA[
COMMAND: POST /session/b412545c9f914b9154c640cc8a048e59/execute/async - {"script":"<script> [1562 bytes]","args":[{"selector":{"controlType":"sap.m.GenericTile","properties":{"header":"ISC Templates"}},"wdio_ui5_key":"sapm.GenericTile{\"header\":\"ISC Templates\"}"}]}
RESULT: {"script":"<script> [1562 bytes]","args":[{"selector":{"controlType":"sap.m.GenericTile","properties":{"header":"ISC Templates"}},"wdio_ui5_key":"sapm.GenericTile{\"header\":\"ISC Templates\"}"}]}
RESULT: undefined
COMMAND: POST /session/b412545c9f914b9154c640cc8a048e59/element - {"using":"xpath","value":"//*[@id=\"__tile112\"]"}
RESULT: {"using":"xpath","value":"//*[@id=\"__tile112\"]"}
COMMAND: POST /session/b412545c9f914b9154c640cc8a048e59/element/f.1696EE82744AFE881D8953840AF4DA39.d.6012D0117DB3BB1CCF74CB7C391ADBDE.e.3301/click - {}
RESULT: {}
COMMAND: GET /session/b412545c9f914b9154c640cc8a048e59/screenshot - {}
RESULT: {}
COMMAND: POST /session/b412545c9f914b9154c640cc8a048e59/elements - {"using":"xpath","value":"//span[text()='Error']"}
RESULT: {"using":"xpath","value":"//span[text()='Error']"}
RESULT: undefined
COMMAND: POST /session/b412545c9f914b9154c640cc8a048e59/element - {"using":"xpath","value":"//*[@id=\"__tile112\"]"}
RESULT: {"using":"xpath","value":"//*[@id=\"__tile112\"]"}
COMMAND: POST /session/b412545c9f914b9154c640cc8a048e59/element/f.1696EE82744AFE881D8953840AF4DA39.d.6012D0117DB3BB1CCF74CB7C391ADBDE.e.3301/click - {}
RESULT: undefined
COMMAND: POST /session/b412545c9f914b9154c640cc8a048e59/element - {"using":"xpath","value":"//*[@id=\"__tile112\"]"}
RESULT: {"using":"xpath","value":"//*[@id=\"__tile112\"]"}
COMMAND: POST /session/b412545c9f914b9154c640cc8a048e59/element/f.1696EE82744AFE881D8953840AF4DA39.d.6012D0117DB3BB1CCF74CB7C391ADBDE.e.3301/click - {}
RESULT: undefined
COMMAND: POST /session/b412545c9f914b9154c640cc8a048e59/execute/async - {"script":"<script> [6424 bytes]","args":[{"element-6066-11e4-a52e-4f735466cecf":"f.1696EE82744AFE881D8953840AF4DA39.d.6012D0117DB3BB1CCF74CB7C391ADBDE.e.274"},"getTitle",[]]}
COMMAND: POST /session/b412545c9f914b9154c640cc8a048e59/execute/async - {"script":"<script> [1562 bytes]","args":[{"selector":{"id":"shellAppTitle"},"wdio_ui5_key":"shellAppTitle"}]}
RESULT: {"script":"<script> [1562 bytes]","args":[{"selector":{"id":"shellAppTitle"},"wdio_ui5_key":"shellAppTitle"}]}
COMMAND: POST /session/b412545c9f914b9154c640cc8a048e59/execute/async - {"script":"<script> [6424 bytes]","args":[{"element-6066-11e4-a52e-4f735466cecf":"f.1696EE82744AFE881D8953840AF4DA39.d.6012D0117DB3BB1CCF74CB7C391ADBDE.e.3368"},"getTitle",[]]}
RESULT: {"script":"<script> [6424 bytes]","args":[{"element-6066-11e4-a52e-4f735466cecf":"f.1696EE82744AFE881D8953840AF4DA39.d.6012D0117DB3BB1CCF74CB7C391ADBDE.e.3368"},"getTitle",[]]}
RESULT: undefined
COMMAND: POST /session/b412545c9f914b9154c640cc8a048e59/element/f.1696EE82744AFE881D8953840AF4DA39.d.6012D0117DB3BB1CCF74CB7C391ADBDE.e.3299/click - {}
RESULT: {}
COMMAND: GET /session/b412545c9f914b9154c640cc8a048e59/screenshot - {}
RESULT: {}
]]></system-out>
    </testcase>
    <testcase classname="chrome.137_0_7151_69.windows.Sanity_Tests_US104253" name="Should open ISC Schedules page" time="41.358">
      <system-out><![CDATA[
COMMAND: POST /session/b412545c9f914b9154c640cc8a048e59/execute/async - {"script":"<script> [1562 bytes]","args":[{"selector":{"controlType":"sap.m.GenericTile","properties":{"header":"ISC Schedules"}},"wdio_ui5_key":"sapm.GenericTile{\"header\":\"ISC Schedules\"}"}]}
RESULT: {"script":"<script> [1562 bytes]","args":[{"selector":{"controlType":"sap.m.GenericTile","properties":{"header":"ISC Schedules"}},"wdio_ui5_key":"sapm.GenericTile{\"header\":\"ISC Schedules\"}"}]}
RESULT: undefined
COMMAND: POST /session/b412545c9f914b9154c640cc8a048e59/element - {"using":"xpath","value":"//*[@id=\"__tile110\"]"}
RESULT: {"using":"xpath","value":"//*[@id=\"__tile110\"]"}
COMMAND: POST /session/b412545c9f914b9154c640cc8a048e59/element/f.1696EE82744AFE881D8953840AF4DA39.d.6012D0117DB3BB1CCF74CB7C391ADBDE.e.3371/click - {}
RESULT: {}
COMMAND: GET /session/b412545c9f914b9154c640cc8a048e59/screenshot - {}
RESULT: {}
COMMAND: POST /session/b412545c9f914b9154c640cc8a048e59/elements - {"using":"xpath","value":"//span[text()='Error']"}
RESULT: {"using":"xpath","value":"//span[text()='Error']"}
RESULT: undefined
COMMAND: POST /session/b412545c9f914b9154c640cc8a048e59/element - {"using":"xpath","value":"//*[@id=\"__tile110\"]"}
RESULT: {"using":"xpath","value":"//*[@id=\"__tile110\"]"}
COMMAND: POST /session/b412545c9f914b9154c640cc8a048e59/element/f.1696EE82744AFE881D8953840AF4DA39.d.6012D0117DB3BB1CCF74CB7C391ADBDE.e.3371/click - {}
RESULT: undefined
COMMAND: POST /session/b412545c9f914b9154c640cc8a048e59/element - {"using":"xpath","value":"//*[@id=\"__tile110\"]"}
RESULT: {"using":"xpath","value":"//*[@id=\"__tile110\"]"}
COMMAND: POST /session/b412545c9f914b9154c640cc8a048e59/element/f.1696EE82744AFE881D8953840AF4DA39.d.6012D0117DB3BB1CCF74CB7C391ADBDE.e.3371/click - {}
RESULT: undefined
COMMAND: POST /session/b412545c9f914b9154c640cc8a048e59/execute/async - {"script":"<script> [6424 bytes]","args":[{"element-6066-11e4-a52e-4f735466cecf":"f.1696EE82744AFE881D8953840AF4DA39.d.6012D0117DB3BB1CCF74CB7C391ADBDE.e.274"},"getTitle",[]]}
COMMAND: POST /session/b412545c9f914b9154c640cc8a048e59/execute/async - {"script":"<script> [1562 bytes]","args":[{"selector":{"id":"shellAppTitle"},"wdio_ui5_key":"shellAppTitle"}]}
RESULT: {"script":"<script> [1562 bytes]","args":[{"selector":{"id":"shellAppTitle"},"wdio_ui5_key":"shellAppTitle"}]}
COMMAND: POST /session/b412545c9f914b9154c640cc8a048e59/execute/async - {"script":"<script> [6424 bytes]","args":[{"element-6066-11e4-a52e-4f735466cecf":"f.1696EE82744AFE881D8953840AF4DA39.d.6012D0117DB3BB1CCF74CB7C391ADBDE.e.3439"},"getTitle",[]]}
RESULT: {"script":"<script> [6424 bytes]","args":[{"element-6066-11e4-a52e-4f735466cecf":"f.1696EE82744AFE881D8953840AF4DA39.d.6012D0117DB3BB1CCF74CB7C391ADBDE.e.3439"},"getTitle",[]]}
RESULT: undefined
COMMAND: POST /session/b412545c9f914b9154c640cc8a048e59/element/f.1696EE82744AFE881D8953840AF4DA39.d.6012D0117DB3BB1CCF74CB7C391ADBDE.e.3299/click - {}
COMMAND: POST /session/b412545c9f914b9154c640cc8a048e59/element - {"using":"xpath","value":"//*[@id=\"backBtn\"]"}
RESULT: {"using":"xpath","value":"//*[@id=\"backBtn\"]"}
COMMAND: POST /session/b412545c9f914b9154c640cc8a048e59/element/f.1696EE82744AFE881D8953840AF4DA39.d.6012D0117DB3BB1CCF74CB7C391ADBDE.e.3299/click - {}
COMMAND: POST /session/b412545c9f914b9154c640cc8a048e59/element - {"using":"xpath","value":"//*[@id=\"backBtn\"]"}
RESULT: {"using":"xpath","value":"//*[@id=\"backBtn\"]"}
COMMAND: POST /session/b412545c9f914b9154c640cc8a048e59/element/f.1696EE82744AFE881D8953840AF4DA39.d.6012D0117DB3BB1CCF74CB7C391ADBDE.e.3440/click - {}
RESULT: {}
COMMAND: GET /session/b412545c9f914b9154c640cc8a048e59/screenshot - {}
RESULT: {}
]]></system-out>
    </testcase>
    <testcase classname="chrome.137_0_7151_69.windows.Sanity_Tests_US104253" name="Should open ISC Dashboard page" time="40.983">
      <system-out><![CDATA[
COMMAND: POST /session/b412545c9f914b9154c640cc8a048e59/execute/async - {"script":"<script> [1562 bytes]","args":[{"selector":{"controlType":"sap.m.GenericTile","properties":{"header":"ISC Dashboard"}},"wdio_ui5_key":"sapm.GenericTile{\"header\":\"ISC Dashboard\"}"}]}
RESULT: {"script":"<script> [1562 bytes]","args":[{"selector":{"controlType":"sap.m.GenericTile","properties":{"header":"ISC Dashboard"}},"wdio_ui5_key":"sapm.GenericTile{\"header\":\"ISC Dashboard\"}"}]}
RESULT: undefined
COMMAND: POST /session/b412545c9f914b9154c640cc8a048e59/element - {"using":"xpath","value":"//*[@id=\"__tile115\"]"}
RESULT: {"using":"xpath","value":"//*[@id=\"__tile115\"]"}
COMMAND: POST /session/b412545c9f914b9154c640cc8a048e59/element/f.1696EE82744AFE881D8953840AF4DA39.d.6012D0117DB3BB1CCF74CB7C391ADBDE.e.3442/click - {}
RESULT: {}
COMMAND: GET /session/b412545c9f914b9154c640cc8a048e59/screenshot - {}
RESULT: {}
COMMAND: POST /session/b412545c9f914b9154c640cc8a048e59/elements - {"using":"xpath","value":"//span[text()='Error']"}
RESULT: {"using":"xpath","value":"//span[text()='Error']"}
RESULT: undefined
COMMAND: POST /session/b412545c9f914b9154c640cc8a048e59/element - {"using":"xpath","value":"//*[@id=\"__tile115\"]"}
RESULT: {"using":"xpath","value":"//*[@id=\"__tile115\"]"}
COMMAND: POST /session/b412545c9f914b9154c640cc8a048e59/element/f.1696EE82744AFE881D8953840AF4DA39.d.6012D0117DB3BB1CCF74CB7C391ADBDE.e.3442/click - {}
RESULT: undefined
COMMAND: POST /session/b412545c9f914b9154c640cc8a048e59/element - {"using":"xpath","value":"//*[@id=\"__tile115\"]"}
RESULT: {"using":"xpath","value":"//*[@id=\"__tile115\"]"}
COMMAND: POST /session/b412545c9f914b9154c640cc8a048e59/element/f.1696EE82744AFE881D8953840AF4DA39.d.6012D0117DB3BB1CCF74CB7C391ADBDE.e.3442/click - {}
RESULT: undefined
COMMAND: POST /session/b412545c9f914b9154c640cc8a048e59/execute/async - {"script":"<script> [6424 bytes]","args":[{"element-6066-11e4-a52e-4f735466cecf":"f.1696EE82744AFE881D8953840AF4DA39.d.6012D0117DB3BB1CCF74CB7C391ADBDE.e.274"},"getTitle",[]]}
COMMAND: POST /session/b412545c9f914b9154c640cc8a048e59/execute/async - {"script":"<script> [1562 bytes]","args":[{"selector":{"id":"shellAppTitle"},"wdio_ui5_key":"shellAppTitle"}]}
RESULT: {"script":"<script> [1562 bytes]","args":[{"selector":{"id":"shellAppTitle"},"wdio_ui5_key":"shellAppTitle"}]}
COMMAND: POST /session/b412545c9f914b9154c640cc8a048e59/execute/async - {"script":"<script> [6424 bytes]","args":[{"element-6066-11e4-a52e-4f735466cecf":"f.1696EE82744AFE881D8953840AF4DA39.d.6012D0117DB3BB1CCF74CB7C391ADBDE.e.3558"},"getTitle",[]]}
RESULT: {"script":"<script> [6424 bytes]","args":[{"element-6066-11e4-a52e-4f735466cecf":"f.1696EE82744AFE881D8953840AF4DA39.d.6012D0117DB3BB1CCF74CB7C391ADBDE.e.3558"},"getTitle",[]]}
RESULT: undefined
COMMAND: POST /session/b412545c9f914b9154c640cc8a048e59/element/f.1696EE82744AFE881D8953840AF4DA39.d.6012D0117DB3BB1CCF74CB7C391ADBDE.e.3440/click - {}
RESULT: {}
COMMAND: GET /session/b412545c9f914b9154c640cc8a048e59/screenshot - {}
RESULT: {}
]]></system-out>
    </testcase>
    <testcase classname="chrome.137_0_7151_69.windows.Sanity_Tests_US104253" name="Should open ISC Orders page" time="39.704">
      <system-out><![CDATA[
COMMAND: POST /session/b412545c9f914b9154c640cc8a048e59/execute/async - {"script":"<script> [1562 bytes]","args":[{"selector":{"controlType":"sap.m.GenericTile","properties":{"header":"ISC Orders"}},"wdio_ui5_key":"sapm.GenericTile{\"header\":\"ISC Orders\"}"}]}
RESULT: {"script":"<script> [1562 bytes]","args":[{"selector":{"controlType":"sap.m.GenericTile","properties":{"header":"ISC Orders"}},"wdio_ui5_key":"sapm.GenericTile{\"header\":\"ISC Orders\"}"}]}
RESULT: undefined
COMMAND: POST /session/b412545c9f914b9154c640cc8a048e59/element - {"using":"xpath","value":"//*[@id=\"__tile109\"]"}
RESULT: {"using":"xpath","value":"//*[@id=\"__tile109\"]"}
COMMAND: POST /session/b412545c9f914b9154c640cc8a048e59/element/f.1696EE82744AFE881D8953840AF4DA39.d.6012D0117DB3BB1CCF74CB7C391ADBDE.e.3560/click - {}
RESULT: {}
COMMAND: GET /session/b412545c9f914b9154c640cc8a048e59/screenshot - {}
RESULT: {}
COMMAND: POST /session/b412545c9f914b9154c640cc8a048e59/elements - {"using":"xpath","value":"//span[text()='Error']"}
RESULT: {"using":"xpath","value":"//span[text()='Error']"}
RESULT: undefined
COMMAND: POST /session/b412545c9f914b9154c640cc8a048e59/element - {"using":"xpath","value":"//*[@id=\"__tile109\"]"}
RESULT: {"using":"xpath","value":"//*[@id=\"__tile109\"]"}
COMMAND: POST /session/b412545c9f914b9154c640cc8a048e59/element/f.1696EE82744AFE881D8953840AF4DA39.d.6012D0117DB3BB1CCF74CB7C391ADBDE.e.3560/click - {}
RESULT: undefined
COMMAND: POST /session/b412545c9f914b9154c640cc8a048e59/element - {"using":"xpath","value":"//*[@id=\"__tile109\"]"}
RESULT: {"using":"xpath","value":"//*[@id=\"__tile109\"]"}
COMMAND: POST /session/b412545c9f914b9154c640cc8a048e59/element/f.1696EE82744AFE881D8953840AF4DA39.d.6012D0117DB3BB1CCF74CB7C391ADBDE.e.3560/click - {}
RESULT: undefined
COMMAND: POST /session/b412545c9f914b9154c640cc8a048e59/execute/async - {"script":"<script> [6424 bytes]","args":[{"element-6066-11e4-a52e-4f735466cecf":"f.1696EE82744AFE881D8953840AF4DA39.d.6012D0117DB3BB1CCF74CB7C391ADBDE.e.274"},"getTitle",[]]}
COMMAND: POST /session/b412545c9f914b9154c640cc8a048e59/execute/async - {"script":"<script> [1562 bytes]","args":[{"selector":{"id":"shellAppTitle"},"wdio_ui5_key":"shellAppTitle"}]}
RESULT: {"script":"<script> [1562 bytes]","args":[{"selector":{"id":"shellAppTitle"},"wdio_ui5_key":"shellAppTitle"}]}
COMMAND: POST /session/b412545c9f914b9154c640cc8a048e59/execute/async - {"script":"<script> [6424 bytes]","args":[{"element-6066-11e4-a52e-4f735466cecf":"f.1696EE82744AFE881D8953840AF4DA39.d.6012D0117DB3BB1CCF74CB7C391ADBDE.e.3670"},"getTitle",[]]}
RESULT: {"script":"<script> [6424 bytes]","args":[{"element-6066-11e4-a52e-4f735466cecf":"f.1696EE82744AFE881D8953840AF4DA39.d.6012D0117DB3BB1CCF74CB7C391ADBDE.e.3670"},"getTitle",[]]}
RESULT: undefined
COMMAND: POST /session/b412545c9f914b9154c640cc8a048e59/element/f.1696EE82744AFE881D8953840AF4DA39.d.6012D0117DB3BB1CCF74CB7C391ADBDE.e.3440/click - {}
COMMAND: POST /session/b412545c9f914b9154c640cc8a048e59/element - {"using":"xpath","value":"//*[@id=\"backBtn\"]"}
RESULT: {"using":"xpath","value":"//*[@id=\"backBtn\"]"}
COMMAND: POST /session/b412545c9f914b9154c640cc8a048e59/element/f.1696EE82744AFE881D8953840AF4DA39.d.6012D0117DB3BB1CCF74CB7C391ADBDE.e.3440/click - {}
COMMAND: POST /session/b412545c9f914b9154c640cc8a048e59/element - {"using":"xpath","value":"//*[@id=\"backBtn\"]"}
RESULT: {"using":"xpath","value":"//*[@id=\"backBtn\"]"}
COMMAND: POST /session/b412545c9f914b9154c640cc8a048e59/element/f.1696EE82744AFE881D8953840AF4DA39.d.6012D0117DB3BB1CCF74CB7C391ADBDE.e.3671/click - {}
RESULT: {}
COMMAND: GET /session/b412545c9f914b9154c640cc8a048e59/screenshot - {}
RESULT: {}
]]></system-out>
    </testcase>
    <testcase classname="chrome.137_0_7151_69.windows.Sanity_Tests_US104253" name="Should open ISC Tasks page" time="44.373">
      <system-out><![CDATA[
COMMAND: POST /session/b412545c9f914b9154c640cc8a048e59/execute/async - {"script":"<script> [1562 bytes]","args":[{"selector":{"controlType":"sap.m.GenericTile","properties":{"header":"ISC Tasks"}},"wdio_ui5_key":"sapm.GenericTile{\"header\":\"ISC Tasks\"}"}]}
RESULT: {"script":"<script> [1562 bytes]","args":[{"selector":{"controlType":"sap.m.GenericTile","properties":{"header":"ISC Tasks"}},"wdio_ui5_key":"sapm.GenericTile{\"header\":\"ISC Tasks\"}"}]}
RESULT: undefined
COMMAND: POST /session/b412545c9f914b9154c640cc8a048e59/element - {"using":"xpath","value":"//*[@id=\"__tile111\"]"}
RESULT: {"using":"xpath","value":"//*[@id=\"__tile111\"]"}
COMMAND: POST /session/b412545c9f914b9154c640cc8a048e59/element/f.1696EE82744AFE881D8953840AF4DA39.d.6012D0117DB3BB1CCF74CB7C391ADBDE.e.3673/click - {}
RESULT: {}
COMMAND: GET /session/b412545c9f914b9154c640cc8a048e59/screenshot - {}
RESULT: {}
COMMAND: POST /session/b412545c9f914b9154c640cc8a048e59/elements - {"using":"xpath","value":"//span[text()='Error']"}
RESULT: {"using":"xpath","value":"//span[text()='Error']"}
RESULT: undefined
COMMAND: POST /session/b412545c9f914b9154c640cc8a048e59/element - {"using":"xpath","value":"//*[@id=\"__tile111\"]"}
RESULT: {"using":"xpath","value":"//*[@id=\"__tile111\"]"}
COMMAND: POST /session/b412545c9f914b9154c640cc8a048e59/element/f.1696EE82744AFE881D8953840AF4DA39.d.6012D0117DB3BB1CCF74CB7C391ADBDE.e.3673/click - {}
RESULT: undefined
COMMAND: POST /session/b412545c9f914b9154c640cc8a048e59/element - {"using":"xpath","value":"//*[@id=\"__tile111\"]"}
RESULT: {"using":"xpath","value":"//*[@id=\"__tile111\"]"}
COMMAND: POST /session/b412545c9f914b9154c640cc8a048e59/element/f.1696EE82744AFE881D8953840AF4DA39.d.6012D0117DB3BB1CCF74CB7C391ADBDE.e.3673/click - {}
RESULT: undefined
COMMAND: POST /session/b412545c9f914b9154c640cc8a048e59/execute/async - {"script":"<script> [6424 bytes]","args":[{"element-6066-11e4-a52e-4f735466cecf":"f.1696EE82744AFE881D8953840AF4DA39.d.6012D0117DB3BB1CCF74CB7C391ADBDE.e.274"},"getTitle",[]]}
COMMAND: POST /session/b412545c9f914b9154c640cc8a048e59/execute/async - {"script":"<script> [1562 bytes]","args":[{"selector":{"id":"shellAppTitle"},"wdio_ui5_key":"shellAppTitle"}]}
RESULT: {"script":"<script> [1562 bytes]","args":[{"selector":{"id":"shellAppTitle"},"wdio_ui5_key":"shellAppTitle"}]}
COMMAND: POST /session/b412545c9f914b9154c640cc8a048e59/execute/async - {"script":"<script> [6424 bytes]","args":[{"element-6066-11e4-a52e-4f735466cecf":"f.1696EE82744AFE881D8953840AF4DA39.d.6012D0117DB3BB1CCF74CB7C391ADBDE.e.3767"},"getTitle",[]]}
RESULT: {"script":"<script> [6424 bytes]","args":[{"element-6066-11e4-a52e-4f735466cecf":"f.1696EE82744AFE881D8953840AF4DA39.d.6012D0117DB3BB1CCF74CB7C391ADBDE.e.3767"},"getTitle",[]]}
RESULT: undefined
COMMAND: POST /session/b412545c9f914b9154c640cc8a048e59/element/f.1696EE82744AFE881D8953840AF4DA39.d.6012D0117DB3BB1CCF74CB7C391ADBDE.e.3671/click - {}
RESULT: {}
COMMAND: GET /session/b412545c9f914b9154c640cc8a048e59/screenshot - {}
RESULT: {}
]]></system-out>
    </testcase>
    <testcase classname="chrome.137_0_7151_69.windows.Sanity_Tests_US104253" name="Should open Manage Resource Logbook page" time="39.093">
      <system-out><![CDATA[
COMMAND: POST /session/b412545c9f914b9154c640cc8a048e59/execute/async - {"script":"<script> [1562 bytes]","args":[{"selector":{"controlType":"sap.m.GenericTile","properties":{"header":"Manage Resource Logbook"}},"wdio_ui5_key":"sapm.GenericTile{\"header\":\"Manage Resource Logbook\"}"}]}
RESULT: {"script":"<script> [1562 bytes]","args":[{"selector":{"controlType":"sap.m.GenericTile","properties":{"header":"Manage Resource Logbook"}},"wdio_ui5_key":"sapm.GenericTile{\"header\":\"Manage Resource Logbook\"}"}]}
RESULT: undefined
COMMAND: POST /session/b412545c9f914b9154c640cc8a048e59/element - {"using":"xpath","value":"//*[@id=\"__tile114\"]"}
RESULT: {"using":"xpath","value":"//*[@id=\"__tile114\"]"}
COMMAND: POST /session/b412545c9f914b9154c640cc8a048e59/element/f.1696EE82744AFE881D8953840AF4DA39.d.6012D0117DB3BB1CCF74CB7C391ADBDE.e.3769/click - {}
RESULT: {}
COMMAND: GET /session/b412545c9f914b9154c640cc8a048e59/screenshot - {}
RESULT: {}
COMMAND: POST /session/b412545c9f914b9154c640cc8a048e59/elements - {"using":"xpath","value":"//span[text()='Error']"}
RESULT: {"using":"xpath","value":"//span[text()='Error']"}
RESULT: undefined
COMMAND: POST /session/b412545c9f914b9154c640cc8a048e59/element - {"using":"xpath","value":"//*[@id=\"__tile114\"]"}
RESULT: {"using":"xpath","value":"//*[@id=\"__tile114\"]"}
COMMAND: POST /session/b412545c9f914b9154c640cc8a048e59/element/f.1696EE82744AFE881D8953840AF4DA39.d.6012D0117DB3BB1CCF74CB7C391ADBDE.e.3769/click - {}
RESULT: undefined
COMMAND: POST /session/b412545c9f914b9154c640cc8a048e59/element - {"using":"xpath","value":"//*[@id=\"__tile114\"]"}
RESULT: {"using":"xpath","value":"//*[@id=\"__tile114\"]"}
COMMAND: POST /session/b412545c9f914b9154c640cc8a048e59/element/f.1696EE82744AFE881D8953840AF4DA39.d.6012D0117DB3BB1CCF74CB7C391ADBDE.e.3769/click - {}
RESULT: undefined
COMMAND: POST /session/b412545c9f914b9154c640cc8a048e59/execute/async - {"script":"<script> [6424 bytes]","args":[{"element-6066-11e4-a52e-4f735466cecf":"f.1696EE82744AFE881D8953840AF4DA39.d.6012D0117DB3BB1CCF74CB7C391ADBDE.e.274"},"getTitle",[]]}
COMMAND: POST /session/b412545c9f914b9154c640cc8a048e59/execute/async - {"script":"<script> [1562 bytes]","args":[{"selector":{"id":"shellAppTitle"},"wdio_ui5_key":"shellAppTitle"}]}
RESULT: {"script":"<script> [1562 bytes]","args":[{"selector":{"id":"shellAppTitle"},"wdio_ui5_key":"shellAppTitle"}]}
COMMAND: POST /session/b412545c9f914b9154c640cc8a048e59/execute/async - {"script":"<script> [6424 bytes]","args":[{"element-6066-11e4-a52e-4f735466cecf":"f.1696EE82744AFE881D8953840AF4DA39.d.6012D0117DB3BB1CCF74CB7C391ADBDE.e.3871"},"getTitle",[]]}
RESULT: {"script":"<script> [6424 bytes]","args":[{"element-6066-11e4-a52e-4f735466cecf":"f.1696EE82744AFE881D8953840AF4DA39.d.6012D0117DB3BB1CCF74CB7C391ADBDE.e.3871"},"getTitle",[]]}
RESULT: undefined
COMMAND: POST /session/b412545c9f914b9154c640cc8a048e59/element/f.1696EE82744AFE881D8953840AF4DA39.d.6012D0117DB3BB1CCF74CB7C391ADBDE.e.3671/click - {}
COMMAND: POST /session/b412545c9f914b9154c640cc8a048e59/element - {"using":"xpath","value":"//*[@id=\"backBtn\"]"}
RESULT: {"using":"xpath","value":"//*[@id=\"backBtn\"]"}
COMMAND: POST /session/b412545c9f914b9154c640cc8a048e59/element/f.1696EE82744AFE881D8953840AF4DA39.d.6012D0117DB3BB1CCF74CB7C391ADBDE.e.3671/click - {}
COMMAND: POST /session/b412545c9f914b9154c640cc8a048e59/element - {"using":"xpath","value":"//*[@id=\"backBtn\"]"}
RESULT: {"using":"xpath","value":"//*[@id=\"backBtn\"]"}
COMMAND: POST /session/b412545c9f914b9154c640cc8a048e59/element/f.1696EE82744AFE881D8953840AF4DA39.d.6012D0117DB3BB1CCF74CB7C391ADBDE.e.3872/click - {}
RESULT: {}
COMMAND: GET /session/b412545c9f914b9154c640cc8a048e59/screenshot - {}
RESULT: {}
]]></system-out>
    </testcase>
    <testcase classname="chrome.137_0_7151_69.windows.Sanity_Tests_US104253" name="Should open Manage Logbook page" time="38.53">
      <system-out><![CDATA[
COMMAND: POST /session/b412545c9f914b9154c640cc8a048e59/execute/async - {"script":"<script> [1562 bytes]","args":[{"selector":{"controlType":"sap.m.GenericTile","properties":{"header":"Manage Logbook"}},"wdio_ui5_key":"sapm.GenericTile{\"header\":\"Manage Logbook\"}"}]}
RESULT: {"script":"<script> [1562 bytes]","args":[{"selector":{"controlType":"sap.m.GenericTile","properties":{"header":"Manage Logbook"}},"wdio_ui5_key":"sapm.GenericTile{\"header\":\"Manage Logbook\"}"}]}
RESULT: undefined
COMMAND: POST /session/b412545c9f914b9154c640cc8a048e59/element - {"using":"xpath","value":"//*[@id=\"__tile113\"]"}
RESULT: {"using":"xpath","value":"//*[@id=\"__tile113\"]"}
COMMAND: POST /session/b412545c9f914b9154c640cc8a048e59/element/f.1696EE82744AFE881D8953840AF4DA39.d.6012D0117DB3BB1CCF74CB7C391ADBDE.e.3874/click - {}
RESULT: {}
COMMAND: GET /session/b412545c9f914b9154c640cc8a048e59/screenshot - {}
RESULT: {}
COMMAND: POST /session/b412545c9f914b9154c640cc8a048e59/elements - {"using":"xpath","value":"//span[text()='Error']"}
RESULT: {"using":"xpath","value":"//span[text()='Error']"}
RESULT: undefined
COMMAND: POST /session/b412545c9f914b9154c640cc8a048e59/element - {"using":"xpath","value":"//*[@id=\"__tile113\"]"}
RESULT: {"using":"xpath","value":"//*[@id=\"__tile113\"]"}
COMMAND: POST /session/b412545c9f914b9154c640cc8a048e59/element/f.1696EE82744AFE881D8953840AF4DA39.d.6012D0117DB3BB1CCF74CB7C391ADBDE.e.3874/click - {}
RESULT: undefined
COMMAND: POST /session/b412545c9f914b9154c640cc8a048e59/element - {"using":"xpath","value":"//*[@id=\"__tile113\"]"}
RESULT: {"using":"xpath","value":"//*[@id=\"__tile113\"]"}
COMMAND: POST /session/b412545c9f914b9154c640cc8a048e59/element/f.1696EE82744AFE881D8953840AF4DA39.d.6012D0117DB3BB1CCF74CB7C391ADBDE.e.3874/click - {}
RESULT: undefined
COMMAND: POST /session/b412545c9f914b9154c640cc8a048e59/execute/async - {"script":"<script> [6424 bytes]","args":[{"element-6066-11e4-a52e-4f735466cecf":"f.1696EE82744AFE881D8953840AF4DA39.d.6012D0117DB3BB1CCF74CB7C391ADBDE.e.274"},"getTitle",[]]}
COMMAND: POST /session/b412545c9f914b9154c640cc8a048e59/execute/async - {"script":"<script> [1562 bytes]","args":[{"selector":{"id":"shellAppTitle"},"wdio_ui5_key":"shellAppTitle"}]}
RESULT: {"script":"<script> [1562 bytes]","args":[{"selector":{"id":"shellAppTitle"},"wdio_ui5_key":"shellAppTitle"}]}
COMMAND: POST /session/b412545c9f914b9154c640cc8a048e59/execute/async - {"script":"<script> [6424 bytes]","args":[{"element-6066-11e4-a52e-4f735466cecf":"f.1696EE82744AFE881D8953840AF4DA39.d.6012D0117DB3BB1CCF74CB7C391ADBDE.e.3947"},"getTitle",[]]}
RESULT: {"script":"<script> [6424 bytes]","args":[{"element-6066-11e4-a52e-4f735466cecf":"f.1696EE82744AFE881D8953840AF4DA39.d.6012D0117DB3BB1CCF74CB7C391ADBDE.e.3947"},"getTitle",[]]}
RESULT: undefined
COMMAND: POST /session/b412545c9f914b9154c640cc8a048e59/element/f.1696EE82744AFE881D8953840AF4DA39.d.6012D0117DB3BB1CCF74CB7C391ADBDE.e.3872/click - {}
RESULT: {}
COMMAND: GET /session/b412545c9f914b9154c640cc8a048e59/screenshot - {}
RESULT: {}
]]></system-out>
    </testcase>
    <testcase classname="chrome.137_0_7151_69.windows.Sanity_Tests_US104253" name="Should open ISC Orders Calendar page" time="41.722">
      <system-out><![CDATA[
COMMAND: POST /session/b412545c9f914b9154c640cc8a048e59/execute/async - {"script":"<script> [1562 bytes]","args":[{"selector":{"controlType":"sap.m.GenericTile","properties":{"header":"ISC Orders Calendar"}},"wdio_ui5_key":"sapm.GenericTile{\"header\":\"ISC Orders Calendar\"}"}]}
RESULT: {"script":"<script> [1562 bytes]","args":[{"selector":{"controlType":"sap.m.GenericTile","properties":{"header":"ISC Orders Calendar"}},"wdio_ui5_key":"sapm.GenericTile{\"header\":\"ISC Orders Calendar\"}"}]}
RESULT: undefined
COMMAND: POST /session/b412545c9f914b9154c640cc8a048e59/element - {"using":"xpath","value":"//*[@id=\"__tile108\"]"}
RESULT: {"using":"xpath","value":"//*[@id=\"__tile108\"]"}
COMMAND: POST /session/b412545c9f914b9154c640cc8a048e59/element/f.1696EE82744AFE881D8953840AF4DA39.d.6012D0117DB3BB1CCF74CB7C391ADBDE.e.3949/click - {}
RESULT: {}
COMMAND: GET /session/b412545c9f914b9154c640cc8a048e59/screenshot - {}
RESULT: {}
COMMAND: POST /session/b412545c9f914b9154c640cc8a048e59/elements - {"using":"xpath","value":"//span[text()='Error']"}
RESULT: {"using":"xpath","value":"//span[text()='Error']"}
RESULT: undefined
COMMAND: POST /session/b412545c9f914b9154c640cc8a048e59/element - {"using":"xpath","value":"//*[@id=\"__tile108\"]"}
RESULT: {"using":"xpath","value":"//*[@id=\"__tile108\"]"}
COMMAND: POST /session/b412545c9f914b9154c640cc8a048e59/element/f.1696EE82744AFE881D8953840AF4DA39.d.6012D0117DB3BB1CCF74CB7C391ADBDE.e.3949/click - {}
RESULT: undefined
COMMAND: POST /session/b412545c9f914b9154c640cc8a048e59/element - {"using":"xpath","value":"//*[@id=\"__tile108\"]"}
RESULT: {"using":"xpath","value":"//*[@id=\"__tile108\"]"}
COMMAND: POST /session/b412545c9f914b9154c640cc8a048e59/element/f.1696EE82744AFE881D8953840AF4DA39.d.6012D0117DB3BB1CCF74CB7C391ADBDE.e.3949/click - {}
RESULT: undefined
COMMAND: POST /session/b412545c9f914b9154c640cc8a048e59/execute/async - {"script":"<script> [6424 bytes]","args":[{"element-6066-11e4-a52e-4f735466cecf":"f.1696EE82744AFE881D8953840AF4DA39.d.6012D0117DB3BB1CCF74CB7C391ADBDE.e.274"},"getTitle",[]]}
COMMAND: POST /session/b412545c9f914b9154c640cc8a048e59/execute/async - {"script":"<script> [1562 bytes]","args":[{"selector":{"id":"shellAppTitle"},"wdio_ui5_key":"shellAppTitle"}]}
RESULT: {"script":"<script> [1562 bytes]","args":[{"selector":{"id":"shellAppTitle"},"wdio_ui5_key":"shellAppTitle"}]}
COMMAND: POST /session/b412545c9f914b9154c640cc8a048e59/execute/async - {"script":"<script> [6424 bytes]","args":[{"element-6066-11e4-a52e-4f735466cecf":"f.1696EE82744AFE881D8953840AF4DA39.d.6012D0117DB3BB1CCF74CB7C391ADBDE.e.4161"},"getTitle",[]]}
RESULT: {"script":"<script> [6424 bytes]","args":[{"element-6066-11e4-a52e-4f735466cecf":"f.1696EE82744AFE881D8953840AF4DA39.d.6012D0117DB3BB1CCF74CB7C391ADBDE.e.4161"},"getTitle",[]]}
RESULT: undefined
COMMAND: POST /session/b412545c9f914b9154c640cc8a048e59/element/f.1696EE82744AFE881D8953840AF4DA39.d.6012D0117DB3BB1CCF74CB7C391ADBDE.e.3872/click - {}
COMMAND: POST /session/b412545c9f914b9154c640cc8a048e59/element - {"using":"xpath","value":"//*[@id=\"backBtn\"]"}
RESULT: {"using":"xpath","value":"//*[@id=\"backBtn\"]"}
COMMAND: POST /session/b412545c9f914b9154c640cc8a048e59/element/f.1696EE82744AFE881D8953840AF4DA39.d.6012D0117DB3BB1CCF74CB7C391ADBDE.e.3872/click - {}
COMMAND: POST /session/b412545c9f914b9154c640cc8a048e59/element - {"using":"xpath","value":"//*[@id=\"backBtn\"]"}
RESULT: {"using":"xpath","value":"//*[@id=\"backBtn\"]"}
COMMAND: POST /session/b412545c9f914b9154c640cc8a048e59/element/f.1696EE82744AFE881D8953840AF4DA39.d.6012D0117DB3BB1CCF74CB7C391ADBDE.e.4162/click - {}
RESULT: {}
COMMAND: GET /session/b412545c9f914b9154c640cc8a048e59/screenshot - {}
RESULT: {}
]]></system-out>
    </testcase>
    <testcase classname="chrome.137_0_7151_69.windows.Sanity_Tests_US104253" name="Should open Configure System page" time="40.438">
      <system-out><![CDATA[
COMMAND: POST /session/b412545c9f914b9154c640cc8a048e59/execute/async - {"script":"<script> [1562 bytes]","args":[{"selector":{"controlType":"sap.m.GenericTile","properties":{"header":"Configure System"}},"wdio_ui5_key":"sapm.GenericTile{\"header\":\"Configure System\"}"}]}
RESULT: {"script":"<script> [1562 bytes]","args":[{"selector":{"controlType":"sap.m.GenericTile","properties":{"header":"Configure System"}},"wdio_ui5_key":"sapm.GenericTile{\"header\":\"Configure System\"}"}]}
RESULT: undefined
COMMAND: POST /session/b412545c9f914b9154c640cc8a048e59/element - {"using":"xpath","value":"//*[@id=\"__tile116\"]"}
RESULT: {"using":"xpath","value":"//*[@id=\"__tile116\"]"}
COMMAND: POST /session/b412545c9f914b9154c640cc8a048e59/element/f.1696EE82744AFE881D8953840AF4DA39.d.6012D0117DB3BB1CCF74CB7C391ADBDE.e.4164/click - {}
RESULT: {}
COMMAND: GET /session/b412545c9f914b9154c640cc8a048e59/screenshot - {}
RESULT: {}
COMMAND: POST /session/b412545c9f914b9154c640cc8a048e59/elements - {"using":"xpath","value":"//span[text()='Error']"}
RESULT: {"using":"xpath","value":"//span[text()='Error']"}
RESULT: undefined
COMMAND: POST /session/b412545c9f914b9154c640cc8a048e59/element - {"using":"xpath","value":"//*[@id=\"__tile116\"]"}
RESULT: {"using":"xpath","value":"//*[@id=\"__tile116\"]"}
COMMAND: POST /session/b412545c9f914b9154c640cc8a048e59/element/f.1696EE82744AFE881D8953840AF4DA39.d.6012D0117DB3BB1CCF74CB7C391ADBDE.e.4164/click - {}
RESULT: undefined
COMMAND: POST /session/b412545c9f914b9154c640cc8a048e59/element - {"using":"xpath","value":"//*[@id=\"__tile116\"]"}
RESULT: {"using":"xpath","value":"//*[@id=\"__tile116\"]"}
COMMAND: POST /session/b412545c9f914b9154c640cc8a048e59/element/f.1696EE82744AFE881D8953840AF4DA39.d.6012D0117DB3BB1CCF74CB7C391ADBDE.e.4164/click - {}
RESULT: undefined
COMMAND: POST /session/b412545c9f914b9154c640cc8a048e59/execute/async - {"script":"<script> [6424 bytes]","args":[{"element-6066-11e4-a52e-4f735466cecf":"f.1696EE82744AFE881D8953840AF4DA39.d.6012D0117DB3BB1CCF74CB7C391ADBDE.e.274"},"getTitle",[]]}
COMMAND: POST /session/b412545c9f914b9154c640cc8a048e59/execute/async - {"script":"<script> [1562 bytes]","args":[{"selector":{"id":"shellAppTitle"},"wdio_ui5_key":"shellAppTitle"}]}
RESULT: {"script":"<script> [1562 bytes]","args":[{"selector":{"id":"shellAppTitle"},"wdio_ui5_key":"shellAppTitle"}]}
COMMAND: POST /session/b412545c9f914b9154c640cc8a048e59/execute/async - {"script":"<script> [6424 bytes]","args":[{"element-6066-11e4-a52e-4f735466cecf":"f.1696EE82744AFE881D8953840AF4DA39.d.6012D0117DB3BB1CCF74CB7C391ADBDE.e.4205"},"getTitle",[]]}
RESULT: {"script":"<script> [6424 bytes]","args":[{"element-6066-11e4-a52e-4f735466cecf":"f.1696EE82744AFE881D8953840AF4DA39.d.6012D0117DB3BB1CCF74CB7C391ADBDE.e.4205"},"getTitle",[]]}
RESULT: undefined
COMMAND: POST /session/b412545c9f914b9154c640cc8a048e59/element/f.1696EE82744AFE881D8953840AF4DA39.d.6012D0117DB3BB1CCF74CB7C391ADBDE.e.4162/click - {}
RESULT: {}
COMMAND: GET /session/b412545c9f914b9154c640cc8a048e59/screenshot - {}
RESULT: {}
]]></system-out>
    </testcase>
    <testcase classname="chrome.137_0_7151_69.windows.Sanity_Tests_US104253" name="Should open Manage Classifications page" time="39.899">
      <system-out><![CDATA[
COMMAND: POST /session/b412545c9f914b9154c640cc8a048e59/execute/async - {"script":"<script> [1562 bytes]","args":[{"selector":{"controlType":"sap.m.GenericTile","properties":{"header":"Manage Classifications"}},"wdio_ui5_key":"sapm.GenericTile{\"header\":\"Manage Classifications\"}"}]}
RESULT: {"script":"<script> [1562 bytes]","args":[{"selector":{"controlType":"sap.m.GenericTile","properties":{"header":"Manage Classifications"}},"wdio_ui5_key":"sapm.GenericTile{\"header\":\"Manage Classifications\"}"}]}
RESULT: undefined
COMMAND: POST /session/b412545c9f914b9154c640cc8a048e59/element - {"using":"xpath","value":"//*[@id=\"__tile117\"]"}
RESULT: {"using":"xpath","value":"//*[@id=\"__tile117\"]"}
COMMAND: POST /session/b412545c9f914b9154c640cc8a048e59/element/f.1696EE82744AFE881D8953840AF4DA39.d.6012D0117DB3BB1CCF74CB7C391ADBDE.e.4209/click - {}
RESULT: {}
COMMAND: GET /session/b412545c9f914b9154c640cc8a048e59/screenshot - {}
RESULT: {}
COMMAND: POST /session/b412545c9f914b9154c640cc8a048e59/elements - {"using":"xpath","value":"//span[text()='Error']"}
RESULT: {"using":"xpath","value":"//span[text()='Error']"}
RESULT: undefined
COMMAND: POST /session/b412545c9f914b9154c640cc8a048e59/element - {"using":"xpath","value":"//*[@id=\"__tile117\"]"}
RESULT: {"using":"xpath","value":"//*[@id=\"__tile117\"]"}
COMMAND: POST /session/b412545c9f914b9154c640cc8a048e59/element/f.1696EE82744AFE881D8953840AF4DA39.d.6012D0117DB3BB1CCF74CB7C391ADBDE.e.4209/click - {}
RESULT: undefined
COMMAND: POST /session/b412545c9f914b9154c640cc8a048e59/element - {"using":"xpath","value":"//*[@id=\"__tile117\"]"}
RESULT: {"using":"xpath","value":"//*[@id=\"__tile117\"]"}
COMMAND: POST /session/b412545c9f914b9154c640cc8a048e59/element/f.1696EE82744AFE881D8953840AF4DA39.d.6012D0117DB3BB1CCF74CB7C391ADBDE.e.4209/click - {}
RESULT: undefined
COMMAND: POST /session/b412545c9f914b9154c640cc8a048e59/execute/async - {"script":"<script> [6424 bytes]","args":[{"element-6066-11e4-a52e-4f735466cecf":"f.1696EE82744AFE881D8953840AF4DA39.d.6012D0117DB3BB1CCF74CB7C391ADBDE.e.274"},"getTitle",[]]}
COMMAND: POST /session/b412545c9f914b9154c640cc8a048e59/execute/async - {"script":"<script> [1562 bytes]","args":[{"selector":{"id":"shellAppTitle"},"wdio_ui5_key":"shellAppTitle"}]}
RESULT: {"script":"<script> [1562 bytes]","args":[{"selector":{"id":"shellAppTitle"},"wdio_ui5_key":"shellAppTitle"}]}
COMMAND: POST /session/b412545c9f914b9154c640cc8a048e59/execute/async - {"script":"<script> [6424 bytes]","args":[{"element-6066-11e4-a52e-4f735466cecf":"f.1696EE82744AFE881D8953840AF4DA39.d.6012D0117DB3BB1CCF74CB7C391ADBDE.e.4377"},"getTitle",[]]}
RESULT: {"script":"<script> [6424 bytes]","args":[{"element-6066-11e4-a52e-4f735466cecf":"f.1696EE82744AFE881D8953840AF4DA39.d.6012D0117DB3BB1CCF74CB7C391ADBDE.e.4377"},"getTitle",[]]}
RESULT: undefined
COMMAND: POST /session/b412545c9f914b9154c640cc8a048e59/element/f.1696EE82744AFE881D8953840AF4DA39.d.6012D0117DB3BB1CCF74CB7C391ADBDE.e.4162/click - {}
COMMAND: POST /session/b412545c9f914b9154c640cc8a048e59/element - {"using":"xpath","value":"//*[@id=\"backBtn\"]"}
RESULT: {"using":"xpath","value":"//*[@id=\"backBtn\"]"}
COMMAND: POST /session/b412545c9f914b9154c640cc8a048e59/element/f.1696EE82744AFE881D8953840AF4DA39.d.6012D0117DB3BB1CCF74CB7C391ADBDE.e.4162/click - {}
COMMAND: POST /session/b412545c9f914b9154c640cc8a048e59/element - {"using":"xpath","value":"//*[@id=\"backBtn\"]"}
RESULT: {"using":"xpath","value":"//*[@id=\"backBtn\"]"}
COMMAND: POST /session/b412545c9f914b9154c640cc8a048e59/element/f.1696EE82744AFE881D8953840AF4DA39.d.6012D0117DB3BB1CCF74CB7C391ADBDE.e.4378/click - {}
RESULT: {}
COMMAND: GET /session/b412545c9f914b9154c640cc8a048e59/screenshot - {}
RESULT: {}
]]></system-out>
    </testcase>
    <testcase classname="chrome.137_0_7151_69.windows.Sanity_Tests_US104253" name="Should open Data Explorer page" time="38.435">
      <system-out><![CDATA[
COMMAND: POST /session/b412545c9f914b9154c640cc8a048e59/execute/async - {"script":"<script> [1562 bytes]","args":[{"selector":{"controlType":"sap.m.GenericTile","properties":{"header":"Data Explorer"}},"wdio_ui5_key":"sapm.GenericTile{\"header\":\"Data Explorer\"}"}]}
RESULT: {"script":"<script> [1562 bytes]","args":[{"selector":{"controlType":"sap.m.GenericTile","properties":{"header":"Data Explorer"}},"wdio_ui5_key":"sapm.GenericTile{\"header\":\"Data Explorer\"}"}]}
RESULT: undefined
COMMAND: POST /session/b412545c9f914b9154c640cc8a048e59/element - {"using":"xpath","value":"//*[@id=\"__tile119\"]"}
RESULT: {"using":"xpath","value":"//*[@id=\"__tile119\"]"}
COMMAND: POST /session/b412545c9f914b9154c640cc8a048e59/element/f.1696EE82744AFE881D8953840AF4DA39.d.6012D0117DB3BB1CCF74CB7C391ADBDE.e.4380/click - {}
RESULT: {}
COMMAND: GET /session/b412545c9f914b9154c640cc8a048e59/screenshot - {}
RESULT: {}
COMMAND: POST /session/b412545c9f914b9154c640cc8a048e59/elements - {"using":"xpath","value":"//span[text()='Error']"}
RESULT: {"using":"xpath","value":"//span[text()='Error']"}
RESULT: undefined
COMMAND: POST /session/b412545c9f914b9154c640cc8a048e59/element - {"using":"xpath","value":"//*[@id=\"__tile119\"]"}
RESULT: {"using":"xpath","value":"//*[@id=\"__tile119\"]"}
COMMAND: POST /session/b412545c9f914b9154c640cc8a048e59/element/f.1696EE82744AFE881D8953840AF4DA39.d.6012D0117DB3BB1CCF74CB7C391ADBDE.e.4380/click - {}
RESULT: undefined
COMMAND: POST /session/b412545c9f914b9154c640cc8a048e59/element - {"using":"xpath","value":"//*[@id=\"__tile119\"]"}
RESULT: {"using":"xpath","value":"//*[@id=\"__tile119\"]"}
COMMAND: POST /session/b412545c9f914b9154c640cc8a048e59/element/f.1696EE82744AFE881D8953840AF4DA39.d.6012D0117DB3BB1CCF74CB7C391ADBDE.e.4380/click - {}
RESULT: undefined
COMMAND: POST /session/b412545c9f914b9154c640cc8a048e59/execute/async - {"script":"<script> [6424 bytes]","args":[{"element-6066-11e4-a52e-4f735466cecf":"f.1696EE82744AFE881D8953840AF4DA39.d.6012D0117DB3BB1CCF74CB7C391ADBDE.e.274"},"getTitle",[]]}
COMMAND: POST /session/b412545c9f914b9154c640cc8a048e59/execute/async - {"script":"<script> [1562 bytes]","args":[{"selector":{"id":"shellAppTitle"},"wdio_ui5_key":"shellAppTitle"}]}
RESULT: {"script":"<script> [1562 bytes]","args":[{"selector":{"id":"shellAppTitle"},"wdio_ui5_key":"shellAppTitle"}]}
COMMAND: POST /session/b412545c9f914b9154c640cc8a048e59/execute/async - {"script":"<script> [6424 bytes]","args":[{"element-6066-11e4-a52e-4f735466cecf":"f.1696EE82744AFE881D8953840AF4DA39.d.6012D0117DB3BB1CCF74CB7C391ADBDE.e.4557"},"getTitle",[]]}
RESULT: {"script":"<script> [6424 bytes]","args":[{"element-6066-11e4-a52e-4f735466cecf":"f.1696EE82744AFE881D8953840AF4DA39.d.6012D0117DB3BB1CCF74CB7C391ADBDE.e.4557"},"getTitle",[]]}
RESULT: undefined
COMMAND: POST /session/b412545c9f914b9154c640cc8a048e59/element/f.1696EE82744AFE881D8953840AF4DA39.d.6012D0117DB3BB1CCF74CB7C391ADBDE.e.4378/click - {}
RESULT: {}
COMMAND: GET /session/b412545c9f914b9154c640cc8a048e59/screenshot - {}
RESULT: {}
]]></system-out>
    </testcase>
    <testcase classname="chrome.137_0_7151_69.windows.Sanity_Tests_US104253" name="Should open Performance Monitor page" time="40.711">
      <system-out><![CDATA[
COMMAND: POST /session/b412545c9f914b9154c640cc8a048e59/execute/async - {"script":"<script> [1562 bytes]","args":[{"selector":{"controlType":"sap.m.GenericTile","properties":{"header":"Performance Monitor"}},"wdio_ui5_key":"sapm.GenericTile{\"header\":\"Performance Monitor\"}"}]}
RESULT: {"script":"<script> [1562 bytes]","args":[{"selector":{"controlType":"sap.m.GenericTile","properties":{"header":"Performance Monitor"}},"wdio_ui5_key":"sapm.GenericTile{\"header\":\"Performance Monitor\"}"}]}
RESULT: undefined
COMMAND: POST /session/b412545c9f914b9154c640cc8a048e59/element - {"using":"xpath","value":"//*[@id=\"__tile118\"]"}
RESULT: {"using":"xpath","value":"//*[@id=\"__tile118\"]"}
COMMAND: POST /session/b412545c9f914b9154c640cc8a048e59/element/f.1696EE82744AFE881D8953840AF4DA39.d.6012D0117DB3BB1CCF74CB7C391ADBDE.e.4559/click - {}
RESULT: {}
COMMAND: GET /session/b412545c9f914b9154c640cc8a048e59/screenshot - {}
RESULT: {}
COMMAND: POST /session/b412545c9f914b9154c640cc8a048e59/elements - {"using":"xpath","value":"//span[text()='Error']"}
RESULT: {"using":"xpath","value":"//span[text()='Error']"}
RESULT: undefined
COMMAND: POST /session/b412545c9f914b9154c640cc8a048e59/element - {"using":"xpath","value":"//*[@id=\"__tile118\"]"}
RESULT: {"using":"xpath","value":"//*[@id=\"__tile118\"]"}
COMMAND: POST /session/b412545c9f914b9154c640cc8a048e59/element/f.1696EE82744AFE881D8953840AF4DA39.d.6012D0117DB3BB1CCF74CB7C391ADBDE.e.4559/click - {}
RESULT: undefined
COMMAND: POST /session/b412545c9f914b9154c640cc8a048e59/element - {"using":"xpath","value":"//*[@id=\"__tile118\"]"}
RESULT: {"using":"xpath","value":"//*[@id=\"__tile118\"]"}
COMMAND: POST /session/b412545c9f914b9154c640cc8a048e59/element/f.1696EE82744AFE881D8953840AF4DA39.d.6012D0117DB3BB1CCF74CB7C391ADBDE.e.4559/click - {}
RESULT: undefined
COMMAND: POST /session/b412545c9f914b9154c640cc8a048e59/execute/async - {"script":"<script> [6424 bytes]","args":[{"element-6066-11e4-a52e-4f735466cecf":"f.1696EE82744AFE881D8953840AF4DA39.d.6012D0117DB3BB1CCF74CB7C391ADBDE.e.274"},"getTitle",[]]}
COMMAND: POST /session/b412545c9f914b9154c640cc8a048e59/execute/async - {"script":"<script> [1562 bytes]","args":[{"selector":{"id":"shellAppTitle"},"wdio_ui5_key":"shellAppTitle"}]}
RESULT: {"script":"<script> [1562 bytes]","args":[{"selector":{"id":"shellAppTitle"},"wdio_ui5_key":"shellAppTitle"}]}
COMMAND: POST /session/b412545c9f914b9154c640cc8a048e59/execute/async - {"script":"<script> [6424 bytes]","args":[{"element-6066-11e4-a52e-4f735466cecf":"f.1696EE82744AFE881D8953840AF4DA39.d.6012D0117DB3BB1CCF74CB7C391ADBDE.e.4600"},"getTitle",[]]}
RESULT: {"script":"<script> [6424 bytes]","args":[{"element-6066-11e4-a52e-4f735466cecf":"f.1696EE82744AFE881D8953840AF4DA39.d.6012D0117DB3BB1CCF74CB7C391ADBDE.e.4600"},"getTitle",[]]}
RESULT: undefined
COMMAND: POST /session/b412545c9f914b9154c640cc8a048e59/element/f.1696EE82744AFE881D8953840AF4DA39.d.6012D0117DB3BB1CCF74CB7C391ADBDE.e.4378/click - {}
COMMAND: POST /session/b412545c9f914b9154c640cc8a048e59/element - {"using":"xpath","value":"//*[@id=\"backBtn\"]"}
RESULT: {"using":"xpath","value":"//*[@id=\"backBtn\"]"}
COMMAND: POST /session/b412545c9f914b9154c640cc8a048e59/element/f.1696EE82744AFE881D8953840AF4DA39.d.6012D0117DB3BB1CCF74CB7C391ADBDE.e.4378/click - {}
COMMAND: POST /session/b412545c9f914b9154c640cc8a048e59/element - {"using":"xpath","value":"//*[@id=\"backBtn\"]"}
RESULT: {"using":"xpath","value":"//*[@id=\"backBtn\"]"}
COMMAND: POST /session/b412545c9f914b9154c640cc8a048e59/element/f.1696EE82744AFE881D8953840AF4DA39.d.6012D0117DB3BB1CCF74CB7C391ADBDE.e.4601/click - {}
RESULT: {}
COMMAND: GET /session/b412545c9f914b9154c640cc8a048e59/screenshot - {}
RESULT: {}
]]></system-out>
    </testcase>
    <testcase classname="chrome.137_0_7151_69.windows.Sanity_Tests_US104253" name="Should open Organizational Model page" time="39.371">
      <system-out><![CDATA[
COMMAND: POST /session/b412545c9f914b9154c640cc8a048e59/execute/async - {"script":"<script> [1562 bytes]","args":[{"selector":{"controlType":"sap.m.GenericTile","properties":{"header":"Organizational Model"}},"wdio_ui5_key":"sapm.GenericTile{\"header\":\"Organizational Model\"}"}]}
RESULT: {"script":"<script> [1562 bytes]","args":[{"selector":{"controlType":"sap.m.GenericTile","properties":{"header":"Organizational Model"}},"wdio_ui5_key":"sapm.GenericTile{\"header\":\"Organizational Model\"}"}]}
RESULT: undefined
COMMAND: POST /session/b412545c9f914b9154c640cc8a048e59/element - {"using":"xpath","value":"//*[@id=\"__tile122\"]"}
RESULT: {"using":"xpath","value":"//*[@id=\"__tile122\"]"}
COMMAND: POST /session/b412545c9f914b9154c640cc8a048e59/element/f.1696EE82744AFE881D8953840AF4DA39.d.6012D0117DB3BB1CCF74CB7C391ADBDE.e.4604/click - {}
RESULT: {}
COMMAND: GET /session/b412545c9f914b9154c640cc8a048e59/screenshot - {}
RESULT: {}
COMMAND: POST /session/b412545c9f914b9154c640cc8a048e59/elements - {"using":"xpath","value":"//span[text()='Error']"}
RESULT: {"using":"xpath","value":"//span[text()='Error']"}
RESULT: undefined
COMMAND: POST /session/b412545c9f914b9154c640cc8a048e59/element - {"using":"xpath","value":"//*[@id=\"__tile122\"]"}
RESULT: {"using":"xpath","value":"//*[@id=\"__tile122\"]"}
COMMAND: POST /session/b412545c9f914b9154c640cc8a048e59/element/f.1696EE82744AFE881D8953840AF4DA39.d.6012D0117DB3BB1CCF74CB7C391ADBDE.e.4604/click - {}
RESULT: undefined
COMMAND: POST /session/b412545c9f914b9154c640cc8a048e59/element - {"using":"xpath","value":"//*[@id=\"__tile122\"]"}
RESULT: {"using":"xpath","value":"//*[@id=\"__tile122\"]"}
COMMAND: POST /session/b412545c9f914b9154c640cc8a048e59/element/f.1696EE82744AFE881D8953840AF4DA39.d.6012D0117DB3BB1CCF74CB7C391ADBDE.e.4604/click - {}
RESULT: undefined
COMMAND: POST /session/b412545c9f914b9154c640cc8a048e59/execute/async - {"script":"<script> [6424 bytes]","args":[{"element-6066-11e4-a52e-4f735466cecf":"f.1696EE82744AFE881D8953840AF4DA39.d.6012D0117DB3BB1CCF74CB7C391ADBDE.e.274"},"getTitle",[]]}
COMMAND: POST /session/b412545c9f914b9154c640cc8a048e59/execute/async - {"script":"<script> [1562 bytes]","args":[{"selector":{"id":"shellAppTitle"},"wdio_ui5_key":"shellAppTitle"}]}
RESULT: {"script":"<script> [1562 bytes]","args":[{"selector":{"id":"shellAppTitle"},"wdio_ui5_key":"shellAppTitle"}]}
COMMAND: POST /session/b412545c9f914b9154c640cc8a048e59/execute/async - {"script":"<script> [6424 bytes]","args":[{"element-6066-11e4-a52e-4f735466cecf":"f.1696EE82744AFE881D8953840AF4DA39.d.6012D0117DB3BB1CCF74CB7C391ADBDE.e.4622"},"getTitle",[]]}
RESULT: {"script":"<script> [6424 bytes]","args":[{"element-6066-11e4-a52e-4f735466cecf":"f.1696EE82744AFE881D8953840AF4DA39.d.6012D0117DB3BB1CCF74CB7C391ADBDE.e.4622"},"getTitle",[]]}
RESULT: undefined
COMMAND: POST /session/b412545c9f914b9154c640cc8a048e59/element/f.1696EE82744AFE881D8953840AF4DA39.d.6012D0117DB3BB1CCF74CB7C391ADBDE.e.4601/click - {}
RESULT: {}
COMMAND: GET /session/b412545c9f914b9154c640cc8a048e59/screenshot - {}
RESULT: {}
]]></system-out>
    </testcase>
    <testcase classname="chrome.137_0_7151_69.windows.Sanity_Tests_US104253" name="Should open Manage Roles page" time="38.407">
      <system-out><![CDATA[
COMMAND: POST /session/b412545c9f914b9154c640cc8a048e59/execute/async - {"script":"<script> [1562 bytes]","args":[{"selector":{"controlType":"sap.m.GenericTile","properties":{"header":"Manage Roles"}},"wdio_ui5_key":"sapm.GenericTile{\"header\":\"Manage Roles\"}"}]}
RESULT: {"script":"<script> [1562 bytes]","args":[{"selector":{"controlType":"sap.m.GenericTile","properties":{"header":"Manage Roles"}},"wdio_ui5_key":"sapm.GenericTile{\"header\":\"Manage Roles\"}"}]}
RESULT: undefined
COMMAND: POST /session/b412545c9f914b9154c640cc8a048e59/element - {"using":"xpath","value":"//*[@id=\"__tile121\"]"}
RESULT: {"using":"xpath","value":"//*[@id=\"__tile121\"]"}
COMMAND: POST /session/b412545c9f914b9154c640cc8a048e59/element/f.1696EE82744AFE881D8953840AF4DA39.d.6012D0117DB3BB1CCF74CB7C391ADBDE.e.4624/click - {}
RESULT: {}
COMMAND: GET /session/b412545c9f914b9154c640cc8a048e59/screenshot - {}
RESULT: {}
COMMAND: POST /session/b412545c9f914b9154c640cc8a048e59/elements - {"using":"xpath","value":"//span[text()='Error']"}
RESULT: {"using":"xpath","value":"//span[text()='Error']"}
RESULT: undefined
COMMAND: POST /session/b412545c9f914b9154c640cc8a048e59/element - {"using":"xpath","value":"//*[@id=\"__tile121\"]"}
RESULT: {"using":"xpath","value":"//*[@id=\"__tile121\"]"}
COMMAND: POST /session/b412545c9f914b9154c640cc8a048e59/element/f.1696EE82744AFE881D8953840AF4DA39.d.6012D0117DB3BB1CCF74CB7C391ADBDE.e.4624/click - {}
RESULT: undefined
COMMAND: POST /session/b412545c9f914b9154c640cc8a048e59/element - {"using":"xpath","value":"//*[@id=\"__tile121\"]"}
RESULT: {"using":"xpath","value":"//*[@id=\"__tile121\"]"}
COMMAND: POST /session/b412545c9f914b9154c640cc8a048e59/element/f.1696EE82744AFE881D8953840AF4DA39.d.6012D0117DB3BB1CCF74CB7C391ADBDE.e.4624/click - {}
RESULT: undefined
COMMAND: POST /session/b412545c9f914b9154c640cc8a048e59/execute/async - {"script":"<script> [6424 bytes]","args":[{"element-6066-11e4-a52e-4f735466cecf":"f.1696EE82744AFE881D8953840AF4DA39.d.6012D0117DB3BB1CCF74CB7C391ADBDE.e.274"},"getTitle",[]]}
COMMAND: POST /session/b412545c9f914b9154c640cc8a048e59/execute/async - {"script":"<script> [1562 bytes]","args":[{"selector":{"id":"shellAppTitle"},"wdio_ui5_key":"shellAppTitle"}]}
RESULT: {"script":"<script> [1562 bytes]","args":[{"selector":{"id":"shellAppTitle"},"wdio_ui5_key":"shellAppTitle"}]}
COMMAND: POST /session/b412545c9f914b9154c640cc8a048e59/execute/async - {"script":"<script> [6424 bytes]","args":[{"element-6066-11e4-a52e-4f735466cecf":"f.1696EE82744AFE881D8953840AF4DA39.d.6012D0117DB3BB1CCF74CB7C391ADBDE.e.4669"},"getTitle",[]]}
RESULT: {"script":"<script> [6424 bytes]","args":[{"element-6066-11e4-a52e-4f735466cecf":"f.1696EE82744AFE881D8953840AF4DA39.d.6012D0117DB3BB1CCF74CB7C391ADBDE.e.4669"},"getTitle",[]]}
RESULT: undefined
COMMAND: POST /session/b412545c9f914b9154c640cc8a048e59/element/f.1696EE82744AFE881D8953840AF4DA39.d.6012D0117DB3BB1CCF74CB7C391ADBDE.e.4601/click - {}
COMMAND: POST /session/b412545c9f914b9154c640cc8a048e59/element - {"using":"xpath","value":"//*[@id=\"backBtn\"]"}
RESULT: {"using":"xpath","value":"//*[@id=\"backBtn\"]"}
COMMAND: POST /session/b412545c9f914b9154c640cc8a048e59/element/f.1696EE82744AFE881D8953840AF4DA39.d.6012D0117DB3BB1CCF74CB7C391ADBDE.e.4601/click - {}
COMMAND: POST /session/b412545c9f914b9154c640cc8a048e59/element - {"using":"xpath","value":"//*[@id=\"backBtn\"]"}
RESULT: {"using":"xpath","value":"//*[@id=\"backBtn\"]"}
COMMAND: POST /session/b412545c9f914b9154c640cc8a048e59/element/f.1696EE82744AFE881D8953840AF4DA39.d.6012D0117DB3BB1CCF74CB7C391ADBDE.e.4670/click - {}
RESULT: {}
COMMAND: GET /session/b412545c9f914b9154c640cc8a048e59/screenshot - {}
RESULT: {}
]]></system-out>
    </testcase>
    <testcase classname="chrome.137_0_7151_69.windows.Sanity_Tests_US104253" name="Should open Authorization Tables page" time="36.703">
      <system-out><![CDATA[
COMMAND: POST /session/b412545c9f914b9154c640cc8a048e59/execute/async - {"script":"<script> [1562 bytes]","args":[{"selector":{"controlType":"sap.m.GenericTile","properties":{"header":"Authorization Tables"}},"wdio_ui5_key":"sapm.GenericTile{\"header\":\"Authorization Tables\"}"}]}
RESULT: {"script":"<script> [1562 bytes]","args":[{"selector":{"controlType":"sap.m.GenericTile","properties":{"header":"Authorization Tables"}},"wdio_ui5_key":"sapm.GenericTile{\"header\":\"Authorization Tables\"}"}]}
RESULT: undefined
COMMAND: POST /session/b412545c9f914b9154c640cc8a048e59/element - {"using":"xpath","value":"//*[@id=\"__tile120\"]"}
RESULT: {"using":"xpath","value":"//*[@id=\"__tile120\"]"}
COMMAND: POST /session/b412545c9f914b9154c640cc8a048e59/element/f.1696EE82744AFE881D8953840AF4DA39.d.6012D0117DB3BB1CCF74CB7C391ADBDE.e.4672/click - {}
RESULT: {}
COMMAND: GET /session/b412545c9f914b9154c640cc8a048e59/screenshot - {}
COMMAND: POST /session/b412545c9f914b9154c640cc8a048e59/elements - {"using":"xpath","value":"//span[text()='Error']"}
RESULT: {}
RESULT: {"using":"xpath","value":"//span[text()='Error']"}
RESULT: undefined
COMMAND: POST /session/b412545c9f914b9154c640cc8a048e59/element - {"using":"xpath","value":"//*[@id=\"__tile120\"]"}
RESULT: {"using":"xpath","value":"//*[@id=\"__tile120\"]"}
COMMAND: POST /session/b412545c9f914b9154c640cc8a048e59/element/f.1696EE82744AFE881D8953840AF4DA39.d.6012D0117DB3BB1CCF74CB7C391ADBDE.e.4672/click - {}
RESULT: undefined
COMMAND: POST /session/b412545c9f914b9154c640cc8a048e59/element - {"using":"xpath","value":"//*[@id=\"__tile120\"]"}
RESULT: {"using":"xpath","value":"//*[@id=\"__tile120\"]"}
COMMAND: POST /session/b412545c9f914b9154c640cc8a048e59/element/f.1696EE82744AFE881D8953840AF4DA39.d.6012D0117DB3BB1CCF74CB7C391ADBDE.e.4672/click - {}
RESULT: undefined
COMMAND: POST /session/b412545c9f914b9154c640cc8a048e59/execute/async - {"script":"<script> [6424 bytes]","args":[{"element-6066-11e4-a52e-4f735466cecf":"f.1696EE82744AFE881D8953840AF4DA39.d.6012D0117DB3BB1CCF74CB7C391ADBDE.e.274"},"getTitle",[]]}
COMMAND: POST /session/b412545c9f914b9154c640cc8a048e59/execute/async - {"script":"<script> [1562 bytes]","args":[{"selector":{"id":"shellAppTitle"},"wdio_ui5_key":"shellAppTitle"}]}
RESULT: {"script":"<script> [1562 bytes]","args":[{"selector":{"id":"shellAppTitle"},"wdio_ui5_key":"shellAppTitle"}]}
COMMAND: POST /session/b412545c9f914b9154c640cc8a048e59/execute/async - {"script":"<script> [6424 bytes]","args":[{"element-6066-11e4-a52e-4f735466cecf":"f.1696EE82744AFE881D8953840AF4DA39.d.6012D0117DB3BB1CCF74CB7C391ADBDE.e.4753"},"getTitle",[]]}
RESULT: {"script":"<script> [6424 bytes]","args":[{"element-6066-11e4-a52e-4f735466cecf":"f.1696EE82744AFE881D8953840AF4DA39.d.6012D0117DB3BB1CCF74CB7C391ADBDE.e.4753"},"getTitle",[]]}
RESULT: undefined
COMMAND: POST /session/b412545c9f914b9154c640cc8a048e59/element/f.1696EE82744AFE881D8953840AF4DA39.d.6012D0117DB3BB1CCF74CB7C391ADBDE.e.4670/click - {}
RESULT: {}
COMMAND: GET /session/b412545c9f914b9154c640cc8a048e59/screenshot - {}
RESULT: {}
]]></system-out>
    </testcase>
    <testcase classname="chrome.137_0_7151_69.windows.Sanity_Tests_US104253" name="Should open User Maintenance page" time="38.069">
      <system-out><![CDATA[
COMMAND: POST /session/b412545c9f914b9154c640cc8a048e59/execute/async - {"script":"<script> [1562 bytes]","args":[{"selector":{"controlType":"sap.m.GenericTile","properties":{"header":"User Maintenance"}},"wdio_ui5_key":"sapm.GenericTile{\"header\":\"User Maintenance\"}"}]}
RESULT: {"script":"<script> [1562 bytes]","args":[{"selector":{"controlType":"sap.m.GenericTile","properties":{"header":"User Maintenance"}},"wdio_ui5_key":"sapm.GenericTile{\"header\":\"User Maintenance\"}"}]}
RESULT: undefined
COMMAND: POST /session/b412545c9f914b9154c640cc8a048e59/element - {"using":"xpath","value":"//*[@id=\"__tile123\"]"}
RESULT: {"using":"xpath","value":"//*[@id=\"__tile123\"]"}
COMMAND: POST /session/b412545c9f914b9154c640cc8a048e59/element/f.1696EE82744AFE881D8953840AF4DA39.d.6012D0117DB3BB1CCF74CB7C391ADBDE.e.4755/click - {}
RESULT: {}
COMMAND: GET /session/b412545c9f914b9154c640cc8a048e59/screenshot - {}
RESULT: {}
COMMAND: POST /session/b412545c9f914b9154c640cc8a048e59/elements - {"using":"xpath","value":"//span[text()='Error']"}
RESULT: {"using":"xpath","value":"//span[text()='Error']"}
RESULT: undefined
COMMAND: POST /session/b412545c9f914b9154c640cc8a048e59/element - {"using":"xpath","value":"//*[@id=\"__tile123\"]"}
RESULT: {"using":"xpath","value":"//*[@id=\"__tile123\"]"}
COMMAND: POST /session/b412545c9f914b9154c640cc8a048e59/element/f.1696EE82744AFE881D8953840AF4DA39.d.6012D0117DB3BB1CCF74CB7C391ADBDE.e.4755/click - {}
RESULT: undefined
COMMAND: POST /session/b412545c9f914b9154c640cc8a048e59/element - {"using":"xpath","value":"//*[@id=\"__tile123\"]"}
RESULT: {"using":"xpath","value":"//*[@id=\"__tile123\"]"}
COMMAND: POST /session/b412545c9f914b9154c640cc8a048e59/element/f.1696EE82744AFE881D8953840AF4DA39.d.6012D0117DB3BB1CCF74CB7C391ADBDE.e.4755/click - {}
RESULT: undefined
COMMAND: POST /session/b412545c9f914b9154c640cc8a048e59/execute/async - {"script":"<script> [6424 bytes]","args":[{"element-6066-11e4-a52e-4f735466cecf":"f.1696EE82744AFE881D8953840AF4DA39.d.6012D0117DB3BB1CCF74CB7C391ADBDE.e.274"},"getTitle",[]]}
COMMAND: POST /session/b412545c9f914b9154c640cc8a048e59/execute/async - {"script":"<script> [1562 bytes]","args":[{"selector":{"id":"shellAppTitle"},"wdio_ui5_key":"shellAppTitle"}]}
RESULT: {"script":"<script> [1562 bytes]","args":[{"selector":{"id":"shellAppTitle"},"wdio_ui5_key":"shellAppTitle"}]}
COMMAND: POST /session/b412545c9f914b9154c640cc8a048e59/execute/async - {"script":"<script> [6424 bytes]","args":[{"element-6066-11e4-a52e-4f735466cecf":"f.1696EE82744AFE881D8953840AF4DA39.d.6012D0117DB3BB1CCF74CB7C391ADBDE.e.4847"},"getTitle",[]]}
RESULT: {"script":"<script> [6424 bytes]","args":[{"element-6066-11e4-a52e-4f735466cecf":"f.1696EE82744AFE881D8953840AF4DA39.d.6012D0117DB3BB1CCF74CB7C391ADBDE.e.4847"},"getTitle",[]]}
RESULT: undefined
COMMAND: POST /session/b412545c9f914b9154c640cc8a048e59/element/f.1696EE82744AFE881D8953840AF4DA39.d.6012D0117DB3BB1CCF74CB7C391ADBDE.e.4670/click - {}
COMMAND: POST /session/b412545c9f914b9154c640cc8a048e59/element - {"using":"xpath","value":"//*[@id=\"backBtn\"]"}
RESULT: {"using":"xpath","value":"//*[@id=\"backBtn\"]"}
COMMAND: POST /session/b412545c9f914b9154c640cc8a048e59/element/f.1696EE82744AFE881D8953840AF4DA39.d.6012D0117DB3BB1CCF74CB7C391ADBDE.e.4670/click - {}
COMMAND: POST /session/b412545c9f914b9154c640cc8a048e59/element - {"using":"xpath","value":"//*[@id=\"backBtn\"]"}
RESULT: {"using":"xpath","value":"//*[@id=\"backBtn\"]"}
COMMAND: POST /session/b412545c9f914b9154c640cc8a048e59/element/f.1696EE82744AFE881D8953840AF4DA39.d.6012D0117DB3BB1CCF74CB7C391ADBDE.e.4848/click - {}
RESULT: {}
COMMAND: GET /session/b412545c9f914b9154c640cc8a048e59/screenshot - {}
RESULT: {}
]]></system-out>
    </testcase>
    <testcase classname="chrome.137_0_7151_69.windows.Sanity_Tests_US104253" name="Should open Schedule Jobs page" time="37.071">
      <system-out><![CDATA[
COMMAND: POST /session/b412545c9f914b9154c640cc8a048e59/execute/async - {"script":"<script> [1562 bytes]","args":[{"selector":{"controlType":"sap.m.GenericTile","properties":{"header":"Schedule Jobs"}},"wdio_ui5_key":"sapm.GenericTile{\"header\":\"Schedule Jobs\"}"}]}
RESULT: {"script":"<script> [1562 bytes]","args":[{"selector":{"controlType":"sap.m.GenericTile","properties":{"header":"Schedule Jobs"}},"wdio_ui5_key":"sapm.GenericTile{\"header\":\"Schedule Jobs\"}"}]}
RESULT: undefined
COMMAND: POST /session/b412545c9f914b9154c640cc8a048e59/element - {"using":"xpath","value":"//*[@id=\"__tile129\"]"}
RESULT: {"using":"xpath","value":"//*[@id=\"__tile129\"]"}
COMMAND: POST /session/b412545c9f914b9154c640cc8a048e59/element/f.1696EE82744AFE881D8953840AF4DA39.d.6012D0117DB3BB1CCF74CB7C391ADBDE.e.4852/click - {}
RESULT: {}
COMMAND: GET /session/b412545c9f914b9154c640cc8a048e59/screenshot - {}
RESULT: {}
COMMAND: POST /session/b412545c9f914b9154c640cc8a048e59/elements - {"using":"xpath","value":"//span[text()='Error']"}
RESULT: {"using":"xpath","value":"//span[text()='Error']"}
RESULT: undefined
COMMAND: POST /session/b412545c9f914b9154c640cc8a048e59/element - {"using":"xpath","value":"//*[@id=\"__tile129\"]"}
RESULT: {"using":"xpath","value":"//*[@id=\"__tile129\"]"}
COMMAND: POST /session/b412545c9f914b9154c640cc8a048e59/element/f.1696EE82744AFE881D8953840AF4DA39.d.6012D0117DB3BB1CCF74CB7C391ADBDE.e.4852/click - {}
RESULT: undefined
COMMAND: POST /session/b412545c9f914b9154c640cc8a048e59/element - {"using":"xpath","value":"//*[@id=\"__tile129\"]"}
RESULT: {"using":"xpath","value":"//*[@id=\"__tile129\"]"}
COMMAND: POST /session/b412545c9f914b9154c640cc8a048e59/element/f.1696EE82744AFE881D8953840AF4DA39.d.6012D0117DB3BB1CCF74CB7C391ADBDE.e.4852/click - {}
RESULT: undefined
COMMAND: POST /session/b412545c9f914b9154c640cc8a048e59/execute/async - {"script":"<script> [6424 bytes]","args":[{"element-6066-11e4-a52e-4f735466cecf":"f.1696EE82744AFE881D8953840AF4DA39.d.6012D0117DB3BB1CCF74CB7C391ADBDE.e.274"},"getTitle",[]]}
COMMAND: POST /session/b412545c9f914b9154c640cc8a048e59/execute/async - {"script":"<script> [1562 bytes]","args":[{"selector":{"id":"shellAppTitle"},"wdio_ui5_key":"shellAppTitle"}]}
RESULT: {"script":"<script> [1562 bytes]","args":[{"selector":{"id":"shellAppTitle"},"wdio_ui5_key":"shellAppTitle"}]}
COMMAND: POST /session/b412545c9f914b9154c640cc8a048e59/execute/async - {"script":"<script> [6424 bytes]","args":[{"element-6066-11e4-a52e-4f735466cecf":"f.1696EE82744AFE881D8953840AF4DA39.d.6012D0117DB3BB1CCF74CB7C391ADBDE.e.4896"},"getTitle",[]]}
RESULT: {"script":"<script> [6424 bytes]","args":[{"element-6066-11e4-a52e-4f735466cecf":"f.1696EE82744AFE881D8953840AF4DA39.d.6012D0117DB3BB1CCF74CB7C391ADBDE.e.4896"},"getTitle",[]]}
RESULT: undefined
COMMAND: POST /session/b412545c9f914b9154c640cc8a048e59/element/f.1696EE82744AFE881D8953840AF4DA39.d.6012D0117DB3BB1CCF74CB7C391ADBDE.e.4848/click - {}
COMMAND: POST /session/b412545c9f914b9154c640cc8a048e59/element/f.1696EE82744AFE881D8953840AF4DA39.d.6012D0117DB3BB1CCF74CB7C391ADBDE.e.4848/click - {}
RESULT: {}
COMMAND: GET /session/b412545c9f914b9154c640cc8a048e59/screenshot - {}
COMMAND: POST /session/b412545c9f914b9154c640cc8a048e59/element - {"using":"xpath","value":"//*[@id=\"backBtn\"]"}
RESULT: {}
RESULT: {"using":"xpath","value":"//*[@id=\"backBtn\"]"}
COMMAND: POST /session/b412545c9f914b9154c640cc8a048e59/elements - {"using":"xpath","value":"//*[@id=\"backBtn\"]"}
RESULT: {"using":"xpath","value":"//*[@id=\"backBtn\"]"}
COMMAND: POST /session/b412545c9f914b9154c640cc8a048e59/elements - {"using":"xpath","value":"//*[@id=\"backBtn\"]"}
RESULT: {"using":"xpath","value":"//*[@id=\"backBtn\"]"}
COMMAND: POST /session/b412545c9f914b9154c640cc8a048e59/elements - {"using":"xpath","value":"//*[@id=\"backBtn\"]"}
RESULT: {"using":"xpath","value":"//*[@id=\"backBtn\"]"}
COMMAND: POST /session/b412545c9f914b9154c640cc8a048e59/elements - {"using":"xpath","value":"//*[@id=\"backBtn\"]"}
RESULT: {"using":"xpath","value":"//*[@id=\"backBtn\"]"}
COMMAND: POST /session/b412545c9f914b9154c640cc8a048e59/elements - {"using":"xpath","value":"//*[@id=\"backBtn\"]"}
RESULT: {"using":"xpath","value":"//*[@id=\"backBtn\"]"}
COMMAND: POST /session/b412545c9f914b9154c640cc8a048e59/elements - {"using":"xpath","value":"//*[@id=\"backBtn\"]"}
RESULT: {"using":"xpath","value":"//*[@id=\"backBtn\"]"}
COMMAND: POST /session/b412545c9f914b9154c640cc8a048e59/elements - {"using":"xpath","value":"//*[@id=\"backBtn\"]"}
RESULT: {"using":"xpath","value":"//*[@id=\"backBtn\"]"}
COMMAND: POST /session/b412545c9f914b9154c640cc8a048e59/elements - {"using":"xpath","value":"//*[@id=\"backBtn\"]"}
RESULT: {"using":"xpath","value":"//*[@id=\"backBtn\"]"}
COMMAND: POST /session/b412545c9f914b9154c640cc8a048e59/elements - {"using":"xpath","value":"//*[@id=\"backBtn\"]"}
RESULT: {"using":"xpath","value":"//*[@id=\"backBtn\"]"}
COMMAND: POST /session/b412545c9f914b9154c640cc8a048e59/elements - {"using":"xpath","value":"//*[@id=\"backBtn\"]"}
RESULT: {"using":"xpath","value":"//*[@id=\"backBtn\"]"}
COMMAND: POST /session/b412545c9f914b9154c640cc8a048e59/elements - {"using":"xpath","value":"//*[@id=\"backBtn\"]"}
RESULT: {"using":"xpath","value":"//*[@id=\"backBtn\"]"}
COMMAND: POST /session/b412545c9f914b9154c640cc8a048e59/elements - {"using":"xpath","value":"//*[@id=\"backBtn\"]"}
RESULT: {"using":"xpath","value":"//*[@id=\"backBtn\"]"}
COMMAND: POST /session/b412545c9f914b9154c640cc8a048e59/elements - {"using":"xpath","value":"//*[@id=\"backBtn\"]"}
RESULT: {"using":"xpath","value":"//*[@id=\"backBtn\"]"}
COMMAND: POST /session/b412545c9f914b9154c640cc8a048e59/elements - {"using":"xpath","value":"//*[@id=\"backBtn\"]"}
RESULT: {"using":"xpath","value":"//*[@id=\"backBtn\"]"}
COMMAND: POST /session/b412545c9f914b9154c640cc8a048e59/elements - {"using":"xpath","value":"//*[@id=\"backBtn\"]"}
RESULT: {"using":"xpath","value":"//*[@id=\"backBtn\"]"}
COMMAND: POST /session/b412545c9f914b9154c640cc8a048e59/elements - {"using":"xpath","value":"//*[@id=\"backBtn\"]"}
RESULT: {"using":"xpath","value":"//*[@id=\"backBtn\"]"}
COMMAND: POST /session/b412545c9f914b9154c640cc8a048e59/elements - {"using":"xpath","value":"//*[@id=\"backBtn\"]"}
RESULT: {"using":"xpath","value":"//*[@id=\"backBtn\"]"}
COMMAND: POST /session/b412545c9f914b9154c640cc8a048e59/elements - {"using":"xpath","value":"//*[@id=\"backBtn\"]"}
RESULT: {"using":"xpath","value":"//*[@id=\"backBtn\"]"}
COMMAND: POST /session/b412545c9f914b9154c640cc8a048e59/elements - {"using":"xpath","value":"//*[@id=\"backBtn\"]"}
RESULT: {"using":"xpath","value":"//*[@id=\"backBtn\"]"}
]]></system-out>
    </testcase>
    <testcase classname="chrome.137_0_7151_69.windows.Sanity_Tests_US104253" name="Should open Jobs Setup page" time="36.014">
      <system-out><![CDATA[
COMMAND: POST /session/b412545c9f914b9154c640cc8a048e59/execute/async - {"script":"<script> [1562 bytes]","args":[{"selector":{"controlType":"sap.m.GenericTile","properties":{"header":"Jobs Setup"}},"wdio_ui5_key":"sapm.GenericTile{\"header\":\"Jobs Setup\"}"}]}
COMMAND: POST /session/b412545c9f914b9154c640cc8a048e59/elements - {"using":"xpath","value":"//*[@id=\"backBtn\"]"}
RESULT: {"script":"<script> [1562 bytes]","args":[{"selector":{"controlType":"sap.m.GenericTile","properties":{"header":"Jobs Setup"}},"wdio_ui5_key":"sapm.GenericTile{\"header\":\"Jobs Setup\"}"}]}
RESULT: undefined
COMMAND: POST /session/b412545c9f914b9154c640cc8a048e59/element - {"using":"xpath","value":"//*[@id=\"__tile130\"]"}
RESULT: {"using":"xpath","value":"//*[@id=\"backBtn\"]"}
RESULT: {"using":"xpath","value":"//*[@id=\"__tile130\"]"}
COMMAND: POST /session/b412545c9f914b9154c640cc8a048e59/element/f.1696EE82744AFE881D8953840AF4DA39.d.6012D0117DB3BB1CCF74CB7C391ADBDE.e.4898/click - {}
COMMAND: POST /session/b412545c9f914b9154c640cc8a048e59/elements - {"using":"xpath","value":"//*[@id=\"backBtn\"]"}
RESULT: {}
COMMAND: GET /session/b412545c9f914b9154c640cc8a048e59/screenshot - {}
RESULT: {"using":"xpath","value":"//*[@id=\"backBtn\"]"}
COMMAND: POST /session/b412545c9f914b9154c640cc8a048e59/elements - {"using":"xpath","value":"//*[@id=\"backBtn\"]"}
RESULT: {}
RESULT: {"using":"xpath","value":"//*[@id=\"backBtn\"]"}
COMMAND: POST /session/b412545c9f914b9154c640cc8a048e59/element - {"using":"xpath","value":"//*[@id=\"backBtn\"]"}
RESULT: {"using":"xpath","value":"//*[@id=\"backBtn\"]"}
COMMAND: POST /session/b412545c9f914b9154c640cc8a048e59/element/f.1696EE82744AFE881D8953840AF4DA39.d.6012D0117DB3BB1CCF74CB7C391ADBDE.e.4848/click - {}
COMMAND: POST /session/b412545c9f914b9154c640cc8a048e59/element - {"using":"xpath","value":"//*[@id=\"backBtn\"]"}
RESULT: {"using":"xpath","value":"//*[@id=\"backBtn\"]"}
COMMAND: POST /session/b412545c9f914b9154c640cc8a048e59/element/f.1696EE82744AFE881D8953840AF4DA39.d.6012D0117DB3BB1CCF74CB7C391ADBDE.e.5093/click - {}
RESULT: {}
COMMAND: GET /session/b412545c9f914b9154c640cc8a048e59/screenshot - {}
RESULT: {}
COMMAND: POST /session/b412545c9f914b9154c640cc8a048e59/elements - {"using":"xpath","value":"//span[text()='Error']"}
RESULT: {"using":"xpath","value":"//span[text()='Error']"}
RESULT: undefined
COMMAND: POST /session/b412545c9f914b9154c640cc8a048e59/element - {"using":"xpath","value":"//*[@id=\"__tile130\"]"}
RESULT: {"using":"xpath","value":"//*[@id=\"__tile130\"]"}
COMMAND: POST /session/b412545c9f914b9154c640cc8a048e59/element/f.1696EE82744AFE881D8953840AF4DA39.d.6012D0117DB3BB1CCF74CB7C391ADBDE.e.4898/click - {}
RESULT: undefined
COMMAND: POST /session/b412545c9f914b9154c640cc8a048e59/element - {"using":"xpath","value":"//*[@id=\"__tile130\"]"}
RESULT: {"using":"xpath","value":"//*[@id=\"__tile130\"]"}
COMMAND: POST /session/b412545c9f914b9154c640cc8a048e59/element/f.1696EE82744AFE881D8953840AF4DA39.d.6012D0117DB3BB1CCF74CB7C391ADBDE.e.4898/click - {}
RESULT: undefined
COMMAND: POST /session/b412545c9f914b9154c640cc8a048e59/execute/async - {"script":"<script> [6424 bytes]","args":[{"element-6066-11e4-a52e-4f735466cecf":"f.1696EE82744AFE881D8953840AF4DA39.d.6012D0117DB3BB1CCF74CB7C391ADBDE.e.274"},"getTitle",[]]}
COMMAND: POST /session/b412545c9f914b9154c640cc8a048e59/execute/async - {"script":"<script> [1562 bytes]","args":[{"selector":{"id":"shellAppTitle"},"wdio_ui5_key":"shellAppTitle"}]}
RESULT: {"script":"<script> [1562 bytes]","args":[{"selector":{"id":"shellAppTitle"},"wdio_ui5_key":"shellAppTitle"}]}
COMMAND: POST /session/b412545c9f914b9154c640cc8a048e59/execute/async - {"script":"<script> [6424 bytes]","args":[{"element-6066-11e4-a52e-4f735466cecf":"f.1696EE82744AFE881D8953840AF4DA39.d.6012D0117DB3BB1CCF74CB7C391ADBDE.e.5094"},"getTitle",[]]}
RESULT: {"script":"<script> [6424 bytes]","args":[{"element-6066-11e4-a52e-4f735466cecf":"f.1696EE82744AFE881D8953840AF4DA39.d.6012D0117DB3BB1CCF74CB7C391ADBDE.e.5094"},"getTitle",[]]}
RESULT: undefined
COMMAND: POST /session/b412545c9f914b9154c640cc8a048e59/element/f.1696EE82744AFE881D8953840AF4DA39.d.6012D0117DB3BB1CCF74CB7C391ADBDE.e.5093/click - {}
COMMAND: POST /session/b412545c9f914b9154c640cc8a048e59/element/f.1696EE82744AFE881D8953840AF4DA39.d.6012D0117DB3BB1CCF74CB7C391ADBDE.e.5093/click - {}
RESULT: {}
COMMAND: GET /session/b412545c9f914b9154c640cc8a048e59/screenshot - {}
RESULT: {}
COMMAND: GET /session/b412545c9f914b9154c640cc8a048e59/screenshot - {}
RESULT: {}
RESULT: {}
]]></system-out>
    </testcase>
    <testcase classname="chrome.137_0_7151_69.windows.Sanity_Tests_US104253" name="Should open Target Systems Configuration page" time="36.132">
      <system-out><![CDATA[
COMMAND: POST /session/b412545c9f914b9154c640cc8a048e59/execute/async - {"script":"<script> [1562 bytes]","args":[{"selector":{"controlType":"sap.m.GenericTile","properties":{"header":"Target Systems Configuration"}},"wdio_ui5_key":"sapm.GenericTile{\"header\":\"Target Systems Configuration\"}"}]}
RESULT: {"script":"<script> [1562 bytes]","args":[{"selector":{"controlType":"sap.m.GenericTile","properties":{"header":"Target Systems Configuration"}},"wdio_ui5_key":"sapm.GenericTile{\"header\":\"Target Systems Configuration\"}"}]}
RESULT: undefined
COMMAND: POST /session/b412545c9f914b9154c640cc8a048e59/element - {"using":"xpath","value":"//*[@id=\"__tile131\"]"}
RESULT: {"using":"xpath","value":"//*[@id=\"__tile131\"]"}
COMMAND: POST /session/b412545c9f914b9154c640cc8a048e59/element/f.1696EE82744AFE881D8953840AF4DA39.d.6012D0117DB3BB1CCF74CB7C391ADBDE.e.5096/click - {}
RESULT: {}
COMMAND: GET /session/b412545c9f914b9154c640cc8a048e59/screenshot - {}
RESULT: {}
COMMAND: POST /session/b412545c9f914b9154c640cc8a048e59/elements - {"using":"xpath","value":"//span[text()='Error']"}
RESULT: {"using":"xpath","value":"//span[text()='Error']"}
RESULT: undefined
COMMAND: POST /session/b412545c9f914b9154c640cc8a048e59/element - {"using":"xpath","value":"//*[@id=\"__tile131\"]"}
RESULT: {"using":"xpath","value":"//*[@id=\"__tile131\"]"}
COMMAND: POST /session/b412545c9f914b9154c640cc8a048e59/element/f.1696EE82744AFE881D8953840AF4DA39.d.6012D0117DB3BB1CCF74CB7C391ADBDE.e.5096/click - {}
RESULT: undefined
COMMAND: POST /session/b412545c9f914b9154c640cc8a048e59/element - {"using":"xpath","value":"//*[@id=\"__tile131\"]"}
RESULT: {"using":"xpath","value":"//*[@id=\"__tile131\"]"}
COMMAND: POST /session/b412545c9f914b9154c640cc8a048e59/element/f.1696EE82744AFE881D8953840AF4DA39.d.6012D0117DB3BB1CCF74CB7C391ADBDE.e.5096/click - {}
RESULT: undefined
COMMAND: POST /session/b412545c9f914b9154c640cc8a048e59/execute/async - {"script":"<script> [6424 bytes]","args":[{"element-6066-11e4-a52e-4f735466cecf":"f.1696EE82744AFE881D8953840AF4DA39.d.6012D0117DB3BB1CCF74CB7C391ADBDE.e.274"},"getTitle",[]]}
COMMAND: POST /session/b412545c9f914b9154c640cc8a048e59/execute/async - {"script":"<script> [1562 bytes]","args":[{"selector":{"id":"shellAppTitle"},"wdio_ui5_key":"shellAppTitle"}]}
RESULT: {"script":"<script> [1562 bytes]","args":[{"selector":{"id":"shellAppTitle"},"wdio_ui5_key":"shellAppTitle"}]}
COMMAND: POST /session/b412545c9f914b9154c640cc8a048e59/execute/async - {"script":"<script> [6424 bytes]","args":[{"element-6066-11e4-a52e-4f735466cecf":"f.1696EE82744AFE881D8953840AF4DA39.d.6012D0117DB3BB1CCF74CB7C391ADBDE.e.5182"},"getTitle",[]]}
RESULT: {"script":"<script> [6424 bytes]","args":[{"element-6066-11e4-a52e-4f735466cecf":"f.1696EE82744AFE881D8953840AF4DA39.d.6012D0117DB3BB1CCF74CB7C391ADBDE.e.5182"},"getTitle",[]]}
RESULT: undefined
COMMAND: POST /session/b412545c9f914b9154c640cc8a048e59/element/f.1696EE82744AFE881D8953840AF4DA39.d.6012D0117DB3BB1CCF74CB7C391ADBDE.e.5093/click - {}
COMMAND: POST /session/b412545c9f914b9154c640cc8a048e59/element/f.1696EE82744AFE881D8953840AF4DA39.d.6012D0117DB3BB1CCF74CB7C391ADBDE.e.5093/click - {}
RESULT: {}
COMMAND: GET /session/b412545c9f914b9154c640cc8a048e59/screenshot - {}
COMMAND: POST /session/b412545c9f914b9154c640cc8a048e59/element - {"using":"xpath","value":"//*[@id=\"backBtn\"]"}
RESULT: {}
RESULT: {"using":"xpath","value":"//*[@id=\"backBtn\"]"}
COMMAND: POST /session/b412545c9f914b9154c640cc8a048e59/elements - {"using":"xpath","value":"//*[@id=\"backBtn\"]"}
RESULT: {"using":"xpath","value":"//*[@id=\"backBtn\"]"}
COMMAND: POST /session/b412545c9f914b9154c640cc8a048e59/elements - {"using":"xpath","value":"//*[@id=\"backBtn\"]"}
RESULT: {"using":"xpath","value":"//*[@id=\"backBtn\"]"}
COMMAND: POST /session/b412545c9f914b9154c640cc8a048e59/elements - {"using":"xpath","value":"//*[@id=\"backBtn\"]"}
RESULT: {"using":"xpath","value":"//*[@id=\"backBtn\"]"}
COMMAND: POST /session/b412545c9f914b9154c640cc8a048e59/elements - {"using":"xpath","value":"//*[@id=\"backBtn\"]"}
RESULT: {"using":"xpath","value":"//*[@id=\"backBtn\"]"}
COMMAND: POST /session/b412545c9f914b9154c640cc8a048e59/elements - {"using":"xpath","value":"//*[@id=\"backBtn\"]"}
RESULT: {"using":"xpath","value":"//*[@id=\"backBtn\"]"}
COMMAND: POST /session/b412545c9f914b9154c640cc8a048e59/elements - {"using":"xpath","value":"//*[@id=\"backBtn\"]"}
RESULT: {"using":"xpath","value":"//*[@id=\"backBtn\"]"}
COMMAND: POST /session/b412545c9f914b9154c640cc8a048e59/elements - {"using":"xpath","value":"//*[@id=\"backBtn\"]"}
RESULT: {"using":"xpath","value":"//*[@id=\"backBtn\"]"}
COMMAND: POST /session/b412545c9f914b9154c640cc8a048e59/elements - {"using":"xpath","value":"//*[@id=\"backBtn\"]"}
RESULT: {"using":"xpath","value":"//*[@id=\"backBtn\"]"}
COMMAND: POST /session/b412545c9f914b9154c640cc8a048e59/elements - {"using":"xpath","value":"//*[@id=\"backBtn\"]"}
RESULT: {"using":"xpath","value":"//*[@id=\"backBtn\"]"}
COMMAND: POST /session/b412545c9f914b9154c640cc8a048e59/elements - {"using":"xpath","value":"//*[@id=\"backBtn\"]"}
RESULT: {"using":"xpath","value":"//*[@id=\"backBtn\"]"}
COMMAND: POST /session/b412545c9f914b9154c640cc8a048e59/elements - {"using":"xpath","value":"//*[@id=\"backBtn\"]"}
RESULT: {"using":"xpath","value":"//*[@id=\"backBtn\"]"}
COMMAND: POST /session/b412545c9f914b9154c640cc8a048e59/elements - {"using":"xpath","value":"//*[@id=\"backBtn\"]"}
RESULT: {"using":"xpath","value":"//*[@id=\"backBtn\"]"}
COMMAND: POST /session/b412545c9f914b9154c640cc8a048e59/elements - {"using":"xpath","value":"//*[@id=\"backBtn\"]"}
RESULT: {"using":"xpath","value":"//*[@id=\"backBtn\"]"}
COMMAND: POST /session/b412545c9f914b9154c640cc8a048e59/elements - {"using":"xpath","value":"//*[@id=\"backBtn\"]"}
RESULT: {"using":"xpath","value":"//*[@id=\"backBtn\"]"}
COMMAND: POST /session/b412545c9f914b9154c640cc8a048e59/elements - {"using":"xpath","value":"//*[@id=\"backBtn\"]"}
RESULT: {"using":"xpath","value":"//*[@id=\"backBtn\"]"}
COMMAND: POST /session/b412545c9f914b9154c640cc8a048e59/elements - {"using":"xpath","value":"//*[@id=\"backBtn\"]"}
RESULT: {"using":"xpath","value":"//*[@id=\"backBtn\"]"}
COMMAND: POST /session/b412545c9f914b9154c640cc8a048e59/elements - {"using":"xpath","value":"//*[@id=\"backBtn\"]"}
RESULT: {"using":"xpath","value":"//*[@id=\"backBtn\"]"}
COMMAND: POST /session/b412545c9f914b9154c640cc8a048e59/elements - {"using":"xpath","value":"//*[@id=\"backBtn\"]"}
RESULT: {"using":"xpath","value":"//*[@id=\"backBtn\"]"}
COMMAND: POST /session/b412545c9f914b9154c640cc8a048e59/elements - {"using":"xpath","value":"//*[@id=\"backBtn\"]"}
RESULT: {"using":"xpath","value":"//*[@id=\"backBtn\"]"}
COMMAND: POST /session/b412545c9f914b9154c640cc8a048e59/elements - {"using":"xpath","value":"//*[@id=\"backBtn\"]"}
RESULT: {"using":"xpath","value":"//*[@id=\"backBtn\"]"}
COMMAND: POST /session/b412545c9f914b9154c640cc8a048e59/elements - {"using":"xpath","value":"//*[@id=\"backBtn\"]"}
RESULT: {"using":"xpath","value":"//*[@id=\"backBtn\"]"}
COMMAND: POST /session/b412545c9f914b9154c640cc8a048e59/elements - {"using":"xpath","value":"//*[@id=\"backBtn\"]"}
RESULT: {"using":"xpath","value":"//*[@id=\"backBtn\"]"}
COMMAND: POST /session/b412545c9f914b9154c640cc8a048e59/elements - {"using":"xpath","value":"//*[@id=\"backBtn\"]"}
RESULT: {"using":"xpath","value":"//*[@id=\"backBtn\"]"}
COMMAND: POST /session/b412545c9f914b9154c640cc8a048e59/elements - {"using":"xpath","value":"//*[@id=\"backBtn\"]"}
RESULT: {"using":"xpath","value":"//*[@id=\"backBtn\"]"}
COMMAND: POST /session/b412545c9f914b9154c640cc8a048e59/elements - {"using":"xpath","value":"//*[@id=\"backBtn\"]"}
RESULT: {"using":"xpath","value":"//*[@id=\"backBtn\"]"}
COMMAND: POST /session/b412545c9f914b9154c640cc8a048e59/elements - {"using":"xpath","value":"//*[@id=\"backBtn\"]"}
RESULT: {"using":"xpath","value":"//*[@id=\"backBtn\"]"}
COMMAND: POST /session/b412545c9f914b9154c640cc8a048e59/elements - {"using":"xpath","value":"//*[@id=\"backBtn\"]"}
RESULT: {"using":"xpath","value":"//*[@id=\"backBtn\"]"}
COMMAND: POST /session/b412545c9f914b9154c640cc8a048e59/elements - {"using":"xpath","value":"//*[@id=\"backBtn\"]"}
RESULT: {"using":"xpath","value":"//*[@id=\"backBtn\"]"}
COMMAND: POST /session/b412545c9f914b9154c640cc8a048e59/elements - {"using":"xpath","value":"//*[@id=\"backBtn\"]"}
RESULT: {"using":"xpath","value":"//*[@id=\"backBtn\"]"}
COMMAND: POST /session/b412545c9f914b9154c640cc8a048e59/elements - {"using":"xpath","value":"//*[@id=\"backBtn\"]"}
RESULT: {"using":"xpath","value":"//*[@id=\"backBtn\"]"}
COMMAND: POST /session/b412545c9f914b9154c640cc8a048e59/elements - {"using":"xpath","value":"//*[@id=\"backBtn\"]"}
RESULT: {"using":"xpath","value":"//*[@id=\"backBtn\"]"}
COMMAND: POST /session/b412545c9f914b9154c640cc8a048e59/elements - {"using":"xpath","value":"//*[@id=\"backBtn\"]"}
RESULT: {"using":"xpath","value":"//*[@id=\"backBtn\"]"}
COMMAND: POST /session/b412545c9f914b9154c640cc8a048e59/elements - {"using":"xpath","value":"//*[@id=\"backBtn\"]"}
RESULT: {"using":"xpath","value":"//*[@id=\"backBtn\"]"}
COMMAND: POST /session/b412545c9f914b9154c640cc8a048e59/elements - {"using":"xpath","value":"//*[@id=\"backBtn\"]"}
RESULT: {"using":"xpath","value":"//*[@id=\"backBtn\"]"}
COMMAND: POST /session/b412545c9f914b9154c640cc8a048e59/elements - {"using":"xpath","value":"//*[@id=\"backBtn\"]"}
RESULT: {"using":"xpath","value":"//*[@id=\"backBtn\"]"}
COMMAND: POST /session/b412545c9f914b9154c640cc8a048e59/elements - {"using":"xpath","value":"//*[@id=\"backBtn\"]"}
RESULT: {"using":"xpath","value":"//*[@id=\"backBtn\"]"}
COMMAND: POST /session/b412545c9f914b9154c640cc8a048e59/elements - {"using":"xpath","value":"//*[@id=\"backBtn\"]"}
RESULT: {"using":"xpath","value":"//*[@id=\"backBtn\"]"}
COMMAND: DELETE /session/b412545c9f914b9154c640cc8a048e59 - {}
RESULT: {}
]]></system-out>
    </testcase>
  </testsuite>
</testsuites>