<?xml version="1.0" encoding="UTF-8"?>
<testsuites tests="7" failures="0" errors="0" skipped="0">
  <testsuite timestamp="2025-06-14T15:21:22" time="792.239" tests="7" failures="0" errors="0" skipped="0">
    <properties>
      <property name="specId" value="0"/>
      <property name="suiteName" value="Related resources for groups US139107"/>
      <property name="capabilities" value="chrome.137_0_7151_69.windows"/>
      <property name="file" value="file:///D:/a/1/s/test/specs/R2C/related-resources-area-rpg.spec.js"/>
    </properties>
    <testcase classname="chrome.137_0_7151_69.windows.Related_resources_for_groups_US139107" name="Should create a new yard" time="125.5">
      <system-out><![CDATA[
COMMAND: POST /session/2095189e0a70b1d32678dd15bb58b96a/execute/async - {"script":"<script> [1562 bytes]","args":[{"selector":{"controlType":"sap.m.GenericTile","properties":{"header":"Manage Yards"}},"wdio_ui5_key":"sapm.GenericTile{\"header\":\"Manage Yards\"}"}]}
RESULT: {"script":"<script> [1562 bytes]","args":[{"selector":{"controlType":"sap.m.GenericTile","properties":{"header":"Manage Yards"}},"wdio_ui5_key":"sapm.GenericTile{\"header\":\"Manage Yards\"}"}]}
RESULT: undefined
COMMAND: POST /session/2095189e0a70b1d32678dd15bb58b96a/element - {"using":"xpath","value":"//*[@id=\"__tile42\"]"}
RESULT: {"using":"xpath","value":"//*[@id=\"__tile42\"]"}
COMMAND: POST /session/2095189e0a70b1d32678dd15bb58b96a/element/f.82B6B8A3E657D82ADC5BCF6485BB3A7A.d.B001E86AFEE819F808D4013F62DF655A.e.111/click - {}
RESULT: {}
COMMAND: GET /session/2095189e0a70b1d32678dd15bb58b96a/screenshot - {}
RESULT: {}
COMMAND: POST /session/2095189e0a70b1d32678dd15bb58b96a/elements - {"using":"xpath","value":"//span[text()='Error']"}
RESULT: {"using":"xpath","value":"//span[text()='Error']"}
COMMAND: POST /session/2095189e0a70b1d32678dd15bb58b96a/execute/async - {"script":"<script> [1562 bytes]","args":[{"selector":{"controlType":"sap.ui.core.Icon","viewName":"etm.portal.ui.manageyards.view.Master","viewId":"application-manageyards-display-component---masterYard","properties":{"src":{"regex":{"source":"add"}}}},"wdio_ui5_key":"etmportal.ui.manageyards.view.Mastersap.ui.core.Icon{\"src\":{\"regex\":{\"source\":\"add\"}}}"}]}
RESULT: {"script":"<script> [1562 bytes]","args":[{"selector":{"controlType":"sap.ui.core.Icon","viewName":"etm.portal.ui.manageyards.view.Master","viewId":"application-manageyards-display-component---masterYard","properties":{"src":{"regex":{"source":"add"}}}},"wdio_ui5_key":"etmportal.ui.manageyards.view.Mastersap.ui.core.Icon{\"src\":{\"regex\":{\"source\":\"add\"}}}"}]}
RESULT: undefined
COMMAND: POST /session/2095189e0a70b1d32678dd15bb58b96a/element - {"using":"xpath","value":"//*[@id=\"__button4-img\"]"}
RESULT: {"using":"xpath","value":"//*[@id=\"__button4-img\"]"}
COMMAND: POST /session/2095189e0a70b1d32678dd15bb58b96a/element/f.82B6B8A3E657D82ADC5BCF6485BB3A7A.d.B001E86AFEE819F808D4013F62DF655A.e.158/click - {}
RESULT: {}
COMMAND: GET /session/2095189e0a70b1d32678dd15bb58b96a/screenshot - {}
RESULT: {}
COMMAND: POST /session/2095189e0a70b1d32678dd15bb58b96a/execute/async - {"script":"<script> [1562 bytes]","args":[{"selector":{"id":"application-manageyards-display-component---NewYard--yardId","interaction":{"idSuffix":"inner"}},"wdio_ui5_key":"applicationmanageyards-display-component---NewYard--yardId"}]}
RESULT: {"script":"<script> [1562 bytes]","args":[{"selector":{"id":"application-manageyards-display-component---NewYard--yardId","interaction":{"idSuffix":"inner"}},"wdio_ui5_key":"applicationmanageyards-display-component---NewYard--yardId"}]}
RESULT: undefined
COMMAND: POST /session/2095189e0a70b1d32678dd15bb58b96a/element - {"using":"xpath","value":"//*[@id=\"application-manageyards-display-component---NewYard--addressDetailDetailsName1-inner\"]"}
RESULT: {"using":"xpath","value":"//*[@id=\"application-manageyards-display-component---NewYard--addressDetailDetailsName1-inner\"]"}
COMMAND: POST /session/2095189e0a70b1d32678dd15bb58b96a/element/f.82B6B8A3E657D82ADC5BCF6485BB3A7A.d.B001E86AFEE819F808D4013F62DF655A.e.372/clear - {}
RESULT: {}
COMMAND: POST /session/2095189e0a70b1d32678dd15bb58b96a/element/f.82B6B8A3E657D82ADC5BCF6485BB3A7A.d.B001E86AFEE819F808D4013F62DF655A.e.372/value - {"text":"WebdriverYard1coz1"}
COMMAND: GET /session/2095189e0a70b1d32678dd15bb58b96a/screenshot - {}
RESULT: {"text":"WebdriverYard1coz1"}
COMMAND: POST /session/2095189e0a70b1d32678dd15bb58b96a/element - {"using":"xpath","value":"//*[@id=\"application-manageyards-display-component---NewYard--addressDetailDetailsLanguage-inner\"]"}
COMMAND: GET /session/2095189e0a70b1d32678dd15bb58b96a/screenshot - {}
RESULT: {}
RESULT: {"using":"xpath","value":"//*[@id=\"application-manageyards-display-component---NewYard--addressDetailDetailsLanguage-inner\"]"}
COMMAND: POST /session/2095189e0a70b1d32678dd15bb58b96a/element/f.82B6B8A3E657D82ADC5BCF6485BB3A7A.d.B001E86AFEE819F808D4013F62DF655A.e.373/clear - {}
RESULT: {}
RESULT: {}
COMMAND: POST /session/2095189e0a70b1d32678dd15bb58b96a/element/f.82B6B8A3E657D82ADC5BCF6485BB3A7A.d.B001E86AFEE819F808D4013F62DF655A.e.373/value - {"text":"Romanian"}
COMMAND: GET /session/2095189e0a70b1d32678dd15bb58b96a/screenshot - {}
RESULT: {"text":"Romanian"}
COMMAND: POST /session/2095189e0a70b1d32678dd15bb58b96a/element - {"using":"xpath","value":"//input[contains(@id ,\"application-manageyards-display-component---NewYard--addressDetailDetailsName1-inner\")]"}
COMMAND: GET /session/2095189e0a70b1d32678dd15bb58b96a/screenshot - {}
RESULT: {}
RESULT: {"using":"xpath","value":"//input[contains(@id ,\"application-manageyards-display-component---NewYard--addressDetailDetailsName1-inner\")]"}
COMMAND: GET /session/2095189e0a70b1d32678dd15bb58b96a/element/f.82B6B8A3E657D82ADC5BCF6485BB3A7A.d.B001E86AFEE819F808D4013F62DF655A.e.372/property/value - {}
RESULT: {}
RESULT: {}
COMMAND: GET /session/2095189e0a70b1d32678dd15bb58b96a/screenshot - {}
RESULT: {}
COMMAND: POST /session/2095189e0a70b1d32678dd15bb58b96a/element - {"using":"xpath","value":"//*[@id=\"application-manageyards-display-component---NewYard--addressDetailDetailsCity1-inner\"]"}
RESULT: {"using":"xpath","value":"//*[@id=\"application-manageyards-display-component---NewYard--addressDetailDetailsCity1-inner\"]"}
COMMAND: POST /session/2095189e0a70b1d32678dd15bb58b96a/element/f.82B6B8A3E657D82ADC5BCF6485BB3A7A.d.B001E86AFEE819F808D4013F62DF655A.e.375/clear - {}
RESULT: {}
COMMAND: POST /session/2095189e0a70b1d32678dd15bb58b96a/element/f.82B6B8A3E657D82ADC5BCF6485BB3A7A.d.B001E86AFEE819F808D4013F62DF655A.e.375/value - {"text":"Bucuresti"}
COMMAND: GET /session/2095189e0a70b1d32678dd15bb58b96a/screenshot - {}
RESULT: {"text":"Bucuresti"}
COMMAND: GET /session/2095189e0a70b1d32678dd15bb58b96a/screenshot - {}
RESULT: {}
RESULT: {}
COMMAND: POST /session/2095189e0a70b1d32678dd15bb58b96a/element - {"using":"xpath","value":"//*[@id=\"application-manageyards-display-component---NewYard--addressDetailDetailsCountry-inner\"]"}
RESULT: {"using":"xpath","value":"//*[@id=\"application-manageyards-display-component---NewYard--addressDetailDetailsCountry-inner\"]"}
COMMAND: POST /session/2095189e0a70b1d32678dd15bb58b96a/element/f.82B6B8A3E657D82ADC5BCF6485BB3A7A.d.B001E86AFEE819F808D4013F62DF655A.e.379/clear - {}
RESULT: {}
COMMAND: POST /session/2095189e0a70b1d32678dd15bb58b96a/element/f.82B6B8A3E657D82ADC5BCF6485BB3A7A.d.B001E86AFEE819F808D4013F62DF655A.e.379/value - {"text":"Romania"}
COMMAND: GET /session/2095189e0a70b1d32678dd15bb58b96a/screenshot - {}
RESULT: {"text":"Romania"}
COMMAND: GET /session/2095189e0a70b1d32678dd15bb58b96a/screenshot - {}
RESULT: {}
RESULT: {}
COMMAND: POST /session/2095189e0a70b1d32678dd15bb58b96a/element - {"using":"xpath","value":"//div[contains(text(), \"Commercial\")]"}
RESULT: {"using":"xpath","value":"//div[contains(text(), \"Commercial\")]"}
COMMAND: GET /session/2095189e0a70b1d32678dd15bb58b96a/element/f.82B6B8A3E657D82ADC5BCF6485BB3A7A.d.B001E86AFEE819F808D4013F62DF655A.e.578/rect - {}
RESULT: {}
COMMAND: GET /session/2095189e0a70b1d32678dd15bb58b96a/window/rect - {}
RESULT: {}
COMMAND: POST /session/2095189e0a70b1d32678dd15bb58b96a/execute/sync - {"script":"<script> [92 bytes]","args":[]}
RESULT: {"script":"<script> [92 bytes]","args":[]}
COMMAND: POST /session/2095189e0a70b1d32678dd15bb58b96a/actions - {"actions":[{"id":"action1","type":"wheel","parameters":{},"actions":[{"type":"scroll","x":-1841,"y":-44,"deltaX":0,"deltaY":0,"duration":0,"origin":{"element-6066-11e4-a52e-4f735466cecf":"f.82B6B8A3E657D82ADC5BCF6485BB3A7A.d.B001E86AFEE819F808D4013F62DF655A.e.578"}}]}]}
COMMAND: GET /session/2095189e0a70b1d32678dd15bb58b96a/screenshot - {}
RESULT: {}
COMMAND: POST /session/2095189e0a70b1d32678dd15bb58b96a/execute/sync - {"script":"<script> [79 bytes]","args":[{"element-6066-11e4-a52e-4f735466cecf":"f.82B6B8A3E657D82ADC5BCF6485BB3A7A.d.B001E86AFEE819F808D4013F62DF655A.e.578","ELEMENT":"f.82B6B8A3E657D82ADC5BCF6485BB3A7A.d.B001E86AFEE819F808D4013F62DF655A.e.578"},{"block":"start","inline":"nearest"}]}
RESULT: {"script":"<script> [79 bytes]","args":[{"element-6066-11e4-a52e-4f735466cecf":"f.82B6B8A3E657D82ADC5BCF6485BB3A7A.d.B001E86AFEE819F808D4013F62DF655A.e.578","ELEMENT":"f.82B6B8A3E657D82ADC5BCF6485BB3A7A.d.B001E86AFEE819F808D4013F62DF655A.e.578"},{"block":"start","inline":"nearest"}]}
COMMAND: GET /session/2095189e0a70b1d32678dd15bb58b96a/screenshot - {}
RESULT: {}
COMMAND: POST /session/2095189e0a70b1d32678dd15bb58b96a/execute/async - {"script":"<script> [1562 bytes]","args":[{"selector":{"id":"application-manageyards-display-component---NewYard--addressEditDetailsCostObjectCstType-arrow"},"wdio_ui5_key":"applicationmanageyards-display-component---NewYard--addressEditDetailsCostObjectCstType-arrow"}]}
RESULT: {"script":"<script> [1562 bytes]","args":[{"selector":{"id":"application-manageyards-display-component---NewYard--addressEditDetailsCostObjectCstType-arrow"},"wdio_ui5_key":"applicationmanageyards-display-component---NewYard--addressEditDetailsCostObjectCstType-arrow"}]}
RESULT: undefined
COMMAND: POST /session/2095189e0a70b1d32678dd15bb58b96a/element - {"using":"xpath","value":"//*[@id=\"application-manageyards-display-component---NewYard--addressEditDetailsCostObjectCstType-arrow\"]"}
RESULT: {"using":"xpath","value":"//*[@id=\"application-manageyards-display-component---NewYard--addressEditDetailsCostObjectCstType-arrow\"]"}
COMMAND: POST /session/2095189e0a70b1d32678dd15bb58b96a/element/f.82B6B8A3E657D82ADC5BCF6485BB3A7A.d.B001E86AFEE819F808D4013F62DF655A.e.586/click - {}
RESULT: {}
COMMAND: POST /session/2095189e0a70b1d32678dd15bb58b96a/element - {"using":"xpath","value":"//span[contains(text(), \"Cost Center\")]"}
COMMAND: GET /session/2095189e0a70b1d32678dd15bb58b96a/screenshot - {}
RESULT: {"using":"xpath","value":"//span[contains(text(), \"Cost Center\")]"}
COMMAND: POST /session/2095189e0a70b1d32678dd15bb58b96a/element/f.82B6B8A3E657D82ADC5BCF6485BB3A7A.d.B001E86AFEE819F808D4013F62DF655A.e.587/click - {}
RESULT: {}
RESULT: {}
COMMAND: GET /session/2095189e0a70b1d32678dd15bb58b96a/screenshot - {}
RESULT: {}
COMMAND: POST /session/2095189e0a70b1d32678dd15bb58b96a/execute/async - {"script":"<script> [1562 bytes]","args":[{"selector":{"id":"application-manageyards-display-component---NewYard--addressNewCostObjectCstID-vhi"},"wdio_ui5_key":"applicationmanageyards-display-component---NewYard--addressNewCostObjectCstID-vhi"}]}
RESULT: {"script":"<script> [1562 bytes]","args":[{"selector":{"id":"application-manageyards-display-component---NewYard--addressNewCostObjectCstID-vhi"},"wdio_ui5_key":"applicationmanageyards-display-component---NewYard--addressNewCostObjectCstID-vhi"}]}
RESULT: undefined
COMMAND: POST /session/2095189e0a70b1d32678dd15bb58b96a/element - {"using":"xpath","value":"//*[@id=\"application-manageyards-display-component---NewYard--addressNewCostObjectCstID-vhi\"]"}
RESULT: {"using":"xpath","value":"//*[@id=\"application-manageyards-display-component---NewYard--addressNewCostObjectCstID-vhi\"]"}
COMMAND: POST /session/2095189e0a70b1d32678dd15bb58b96a/element/f.82B6B8A3E657D82ADC5BCF6485BB3A7A.d.B001E86AFEE819F808D4013F62DF655A.e.602/click - {}
RESULT: {}
COMMAND: GET /session/2095189e0a70b1d32678dd15bb58b96a/screenshot - {}
RESULT: {}
COMMAND: POST /session/2095189e0a70b1d32678dd15bb58b96a/execute/async - {"script":"<script> [1562 bytes]","args":[{"selector":{"controlType":"sap.m.SearchField","properties":{"placeholder":"Search"},"searchOpenDialogs":true,"interaction":{"idSuffix":"I"}},"wdio_ui5_key":"sapm.SearchField{\"placeholder\":\"Search\"}"}]}
RESULT: {"script":"<script> [1562 bytes]","args":[{"selector":{"controlType":"sap.m.SearchField","properties":{"placeholder":"Search"},"searchOpenDialogs":true,"interaction":{"idSuffix":"I"}},"wdio_ui5_key":"sapm.SearchField{\"placeholder\":\"Search\"}"}]}
RESULT: undefined
COMMAND: POST /session/2095189e0a70b1d32678dd15bb58b96a/execute/async - {"script":"<script> [776 bytes]","args":[{"enterText":"10001013","selector":{"controlType":"sap.m.SearchField","properties":{"placeholder":"Search"},"searchOpenDialogs":true,"interaction":{"idSuffix":"I"}},"clearTextFirst":true,"interactionType":"ENTER_TEXT"}]}
RESULT: {"script":"<script> [776 bytes]","args":[{"enterText":"10001013","selector":{"controlType":"sap.m.SearchField","properties":{"placeholder":"Search"},"searchOpenDialogs":true,"interaction":{"idSuffix":"I"}},"clearTextFirst":true,"interactionType":"ENTER_TEXT"}]}
COMMAND: POST /session/2095189e0a70b1d32678dd15bb58b96a/actions - {"actions":[{"id":"action2","type":"key","parameters":{},"actions":[{"type":"keyDown","value":""},{"type":"pause","duration":10},{"type":"keyUp","value":""}]}]}
RESULT: {"actions":[{"id":"action2","type":"key","parameters":{},"actions":[{"type":"keyDown","value":""},{"type":"pause","duration":10},{"type":"keyUp","value":""}]}]}
COMMAND: GET /session/2095189e0a70b1d32678dd15bb58b96a/screenshot - {}
RESULT: {}
COMMAND: POST /session/2095189e0a70b1d32678dd15bb58b96a/element - {"using":"xpath","value":"//span[contains(text(), \"General Management\")]"}
RESULT: {"using":"xpath","value":"//span[contains(text(), \"General Management\")]"}
COMMAND: POST /session/2095189e0a70b1d32678dd15bb58b96a/element/f.82B6B8A3E657D82ADC5BCF6485BB3A7A.d.B001E86AFEE819F808D4013F62DF655A.e.644/click - {}
RESULT: {}
COMMAND: GET /session/2095189e0a70b1d32678dd15bb58b96a/screenshot - {}
RESULT: {}
COMMAND: POST /session/2095189e0a70b1d32678dd15bb58b96a/element - {"using":"xpath","value":"//bdi[contains(text(), \"OK\")]"}
RESULT: {"using":"xpath","value":"//bdi[contains(text(), \"OK\")]"}
COMMAND: POST /session/2095189e0a70b1d32678dd15bb58b96a/element/f.82B6B8A3E657D82ADC5BCF6485BB3A7A.d.B001E86AFEE819F808D4013F62DF655A.e.645/click - {}
RESULT: {}
COMMAND: GET /session/2095189e0a70b1d32678dd15bb58b96a/screenshot - {}
RESULT: {}
COMMAND: POST /session/2095189e0a70b1d32678dd15bb58b96a/execute/async - {"script":"<script> [1562 bytes]","args":[{"selector":{"controlType":"sap.m.Button","viewName":"etm.portal.ui.manageyards.view.New","viewId":"application-manageyards-display-component---NewYard","i18NText":{"propertyName":"text","key":"save"},"interaction":{"idSuffix":"inner"}},"wdio_ui5_key":"etmportal.ui.manageyards.view.Newsap.m.Button{\"propertyName\":\"text\",\"key\":\"save\"}"}]}
RESULT: {"script":"<script> [1562 bytes]","args":[{"selector":{"controlType":"sap.m.Button","viewName":"etm.portal.ui.manageyards.view.New","viewId":"application-manageyards-display-component---NewYard","i18NText":{"propertyName":"text","key":"save"},"interaction":{"idSuffix":"inner"}},"wdio_ui5_key":"etmportal.ui.manageyards.view.Newsap.m.Button{\"propertyName\":\"text\",\"key\":\"save\"}"}]}
RESULT: undefined
COMMAND: POST /session/2095189e0a70b1d32678dd15bb58b96a/element - {"using":"xpath","value":"//*[@id=\"__button18\"]"}
RESULT: {"using":"xpath","value":"//*[@id=\"__button18\"]"}
COMMAND: POST /session/2095189e0a70b1d32678dd15bb58b96a/element/f.82B6B8A3E657D82ADC5BCF6485BB3A7A.d.B001E86AFEE819F808D4013F62DF655A.e.557/click - {}
RESULT: {}
COMMAND: GET /session/2095189e0a70b1d32678dd15bb58b96a/screenshot - {}
RESULT: {}
COMMAND: POST /session/2095189e0a70b1d32678dd15bb58b96a/element - {"using":"xpath","value":"//header/div/div[2]/div[2]/span"}
RESULT: {"using":"xpath","value":"//header/div/div[2]/div[2]/span"}
COMMAND: GET /session/2095189e0a70b1d32678dd15bb58b96a/element/f.82B6B8A3E657D82ADC5BCF6485BB3A7A.d.B001E86AFEE819F808D4013F62DF655A.e.843/text - {}
RESULT: {}
COMMAND: POST /session/2095189e0a70b1d32678dd15bb58b96a/execute/async - {"script":"<script> [1562 bytes]","args":[{"selector":{"controlType":"sap.m.OverflowToolbarButton","viewName":"etm.portal.ui.manageyards.view.Detail","viewId":"application-manageyards-display-component---detailYard","i18NText":{"propertyName":"tooltip","key":"closeColumn"},"interaction":{"idSuffix":"inner"}},"wdio_ui5_key":"etmportal.ui.manageyards.view.Detailsap.m.OverflowToolbarButton{\"propertyName\":\"tooltip\",\"key\":\"closeColumn\"}"}]}
RESULT: {"script":"<script> [1562 bytes]","args":[{"selector":{"controlType":"sap.m.OverflowToolbarButton","viewName":"etm.portal.ui.manageyards.view.Detail","viewId":"application-manageyards-display-component---detailYard","i18NText":{"propertyName":"tooltip","key":"closeColumn"},"interaction":{"idSuffix":"inner"}},"wdio_ui5_key":"etmportal.ui.manageyards.view.Detailsap.m.OverflowToolbarButton{\"propertyName\":\"tooltip\",\"key\":\"closeColumn\"}"}]}
RESULT: undefined
COMMAND: POST /session/2095189e0a70b1d32678dd15bb58b96a/element - {"using":"xpath","value":"//*[@id=\"__button42\"]"}
RESULT: {"using":"xpath","value":"//*[@id=\"__button42\"]"}
COMMAND: POST /session/2095189e0a70b1d32678dd15bb58b96a/element/f.82B6B8A3E657D82ADC5BCF6485BB3A7A.d.B001E86AFEE819F808D4013F62DF655A.e.845/click - {}
RESULT: {}
COMMAND: GET /session/2095189e0a70b1d32678dd15bb58b96a/screenshot - {}
RESULT: {}
COMMAND: POST /session/2095189e0a70b1d32678dd15bb58b96a/element - {"using":"css selector","value":"#shell-header-logo"}
RESULT: {"using":"css selector","value":"#shell-header-logo"}
COMMAND: POST /session/2095189e0a70b1d32678dd15bb58b96a/element/f.82B6B8A3E657D82ADC5BCF6485BB3A7A.d.B001E86AFEE819F808D4013F62DF655A.e.113/click - {}
RESULT: {}
COMMAND: GET /session/2095189e0a70b1d32678dd15bb58b96a/screenshot - {}
RESULT: {}
COMMAND: POST /session/2095189e0a70b1d32678dd15bb58b96a/refresh - {}
RESULT: {}
COMMAND: GET /session/2095189e0a70b1d32678dd15bb58b96a/screenshot - {}
RESULT: {}
COMMAND: POST /session/2095189e0a70b1d32678dd15bb58b96a/execute/async - {"script":"<script> [189 bytes]","args":[]}
RESULT: {"script":"<script> [189 bytes]","args":[]}
COMMAND: POST /session/2095189e0a70b1d32678dd15bb58b96a/execute/async - {"script":"<script> [123 bytes]","args":[]}
RESULT: {"script":"<script> [123 bytes]","args":[]}
COMMAND: POST /session/2095189e0a70b1d32678dd15bb58b96a/timeouts - {"script":"<number>"}
RESULT: {"script":"<number>"}
COMMAND: GET /session/2095189e0a70b1d32678dd15bb58b96a/timeouts - {}
RESULT: {}
RESULT: undefined
COMMAND: POST /session/2095189e0a70b1d32678dd15bb58b96a/execute/async - {"script":"<script> [2676 bytes]","args":[]}
RESULT: {"script":"<script> [2676 bytes]","args":[]}
COMMAND: POST /session/2095189e0a70b1d32678dd15bb58b96a/execute/async - {"script":"<script> [2342 bytes]","args":[{"protocol":"http","hostname":"0.0.0.0","path":"/","capabilities":{"browserName":"chrome","goog:chromeOptions":{"binary":"C:\\Program Files\\Google\\Chrome\\Application\\chrome.exe","args":["--start-maximized"]}},"logLevel":"warn","connectionRetryTimeout":120000,"connectionRetryCount":3,"logLevels":{},"enableDirectConnect":true,"strictSSL":true,"_":"65 more keys: [\"cacheDir\",\"port\",\"requestedCapabilities\",\"automationProtocol\",\"baseUrl\",\"waitforInterval\",\"waitforTimeout\",\"onReload\",\"beforeCommand\",\"afterCommand\",\"rootDir\",\"specs\",\"suites\",\"exclude\",\"groupLogsByTestSpec\",\"excludeDriverLogs\",\"bail\",\"framework\",\"reporters\",\"services\",\"maxInstances\",\"maxInstancesPerCapability\",\"injectGlobals\",\"filesToWatch\",\"execArgv\",\"runnerEnv\",\"runner\",\"shard\",\"specFileRetries\",\"specFileRetriesDelay\",\"specFileRetriesDeferred\",\"reporterSyncInterval\",\"reporterSyncTimeout\",\"cucumberFeaturesWithLineNumbers\",\"autoCompileOpts\",\"mochaOpts\",\"jasmineOpts\",\"cucumberOpts\",\"onPrepare\",\"onWorkerStart\",\"onWorkerEnd\",\"before\",\"beforeSession\",\"beforeSuite\",\"beforeHook\",\"beforeTest\",\"afterTest\",\"afterHook\",\"afterSuite\",\"afterSession\",\"after\",\"onComplete\",\"beforeAssertion\",\"afterAssertion\",\"beforeFeature\",\"beforeScenario\",\"beforeStep\",\"afterStep\",\"afterScenario\",\"afterFeature\",\"_\",\"suite\",\"$0\",\"ignoredWorkerServices\",\"wdi5\"]"}]}
RESULT: {"script":"<script> [2342 bytes]","args":[{"protocol":"http","hostname":"0.0.0.0","path":"/","capabilities":{"browserName":"chrome","goog:chromeOptions":{"binary":"C:\\Program Files\\Google\\Chrome\\Application\\chrome.exe","args":["--start-maximized"]}},"logLevel":"warn","connectionRetryTimeout":120000,"connectionRetryCount":3,"logLevels":{},"enableDirectConnect":true,"strictSSL":true,"_":"65 more keys: [\"cacheDir\",\"port\",\"requestedCapabilities\",\"automationProtocol\",\"baseUrl\",\"waitforInterval\",\"waitforTimeout\",\"onReload\",\"beforeCommand\",\"afterCommand\",\"rootDir\",\"specs\",\"suites\",\"exclude\",\"groupLogsByTestSpec\",\"excludeDriverLogs\",\"bail\",\"framework\",\"reporters\",\"services\",\"maxInstances\",\"maxInstancesPerCapability\",\"injectGlobals\",\"filesToWatch\",\"execArgv\",\"runnerEnv\",\"runner\",\"shard\",\"specFileRetries\",\"specFileRetriesDelay\",\"specFileRetriesDeferred\",\"reporterSyncInterval\",\"reporterSyncTimeout\",\"cucumberFeaturesWithLineNumbers\",\"autoCompileOpts\",\"mochaOpts\",\"jasmineOpts\",\"cucumberOpts\",\"onPrepare\",\"onWorkerStart\",\"onWorkerEnd\",\"before\",\"beforeSession\",\"beforeSuite\",\"beforeHook\",\"beforeTest\",\"afterTest\",\"afterHook\",\"afterSuite\",\"afterSession\",\"after\",\"onComplete\",\"beforeAssertion\",\"afterAssertion\",\"beforeFeature\",\"beforeScenario\",\"beforeStep\",\"afterStep\",\"afterScenario\",\"afterFeature\",\"_\",\"suite\",\"$0\",\"ignoredWorkerServices\",\"wdi5\"]"}]}
COMMAND: POST /session/2095189e0a70b1d32678dd15bb58b96a/execute/async - {"script":"<script> [21126 bytes]","args":[35000]}
RESULT: {"script":"<script> [21126 bytes]","args":[35000]}
]]></system-out>
    </testcase>
    <testcase classname="chrome.137_0_7151_69.windows.Related_resources_for_groups_US139107" name="Should create a resource of type group" time="100.823">
      <system-out><![CDATA[
COMMAND: POST /session/2095189e0a70b1d32678dd15bb58b96a/execute/async - {"script":"<script> [1562 bytes]","args":[{"selector":{"controlType":"sap.m.GenericTile","properties":{"header":"Manage Resources"}},"wdio_ui5_key":"sapm.GenericTile{\"header\":\"Manage Resources\"}"}]}
RESULT: {"script":"<script> [1562 bytes]","args":[{"selector":{"controlType":"sap.m.GenericTile","properties":{"header":"Manage Resources"}},"wdio_ui5_key":"sapm.GenericTile{\"header\":\"Manage Resources\"}"}]}
RESULT: undefined
COMMAND: POST /session/2095189e0a70b1d32678dd15bb58b96a/element - {"using":"xpath","value":"//*[@id=\"__tile40\"]"}
RESULT: {"using":"xpath","value":"//*[@id=\"__tile40\"]"}
COMMAND: POST /session/2095189e0a70b1d32678dd15bb58b96a/element/f.82B6B8A3E657D82ADC5BCF6485BB3A7A.d.EAA8FBD252891FB04C0B90FE366D0E29.e.1194/click - {}
RESULT: {}
COMMAND: GET /session/2095189e0a70b1d32678dd15bb58b96a/screenshot - {}
RESULT: {}
COMMAND: POST /session/2095189e0a70b1d32678dd15bb58b96a/elements - {"using":"xpath","value":"//span[text()='Error']"}
RESULT: {"using":"xpath","value":"//span[text()='Error']"}
COMMAND: POST /session/2095189e0a70b1d32678dd15bb58b96a/element - {"using":"xpath","value":"//button[@data-kt=\"addNewRUOverflowToolbarButton\"]"}
RESULT: {"using":"xpath","value":"//button[@data-kt=\"addNewRUOverflowToolbarButton\"]"}
COMMAND: POST /session/2095189e0a70b1d32678dd15bb58b96a/execute/sync - {"script":"<script> [8489 bytes]","args":[{"element-6066-11e4-a52e-4f735466cecf":"f.82B6B8A3E657D82ADC5BCF6485BB3A7A.d.EAA8FBD252891FB04C0B90FE366D0E29.e.1239","ELEMENT":"f.82B6B8A3E657D82ADC5BCF6485BB3A7A.d.EAA8FBD252891FB04C0B90FE366D0E29.e.1239"}]}
RESULT: {"script":"<script> [8489 bytes]","args":[{"element-6066-11e4-a52e-4f735466cecf":"f.82B6B8A3E657D82ADC5BCF6485BB3A7A.d.EAA8FBD252891FB04C0B90FE366D0E29.e.1239","ELEMENT":"f.82B6B8A3E657D82ADC5BCF6485BB3A7A.d.EAA8FBD252891FB04C0B90FE366D0E29.e.1239"}]}
COMMAND: POST /session/2095189e0a70b1d32678dd15bb58b96a/element/f.82B6B8A3E657D82ADC5BCF6485BB3A7A.d.EAA8FBD252891FB04C0B90FE366D0E29.e.1239/click - {}
COMMAND: GET /session/2095189e0a70b1d32678dd15bb58b96a/screenshot - {}
RESULT: {}
COMMAND: GET /session/2095189e0a70b1d32678dd15bb58b96a/screenshot - {}
RESULT: {}
RESULT: {}
COMMAND: POST /session/2095189e0a70b1d32678dd15bb58b96a/execute/async - {"script":"<script> [1562 bytes]","args":[{"selector":{"id":"application-manageresources-display-component---newResourceUnit--TYPE-arrow"},"wdio_ui5_key":"applicationmanageresources-display-component---newResourceUnit--TYPE-arrow"}]}
RESULT: {"script":"<script> [1562 bytes]","args":[{"selector":{"id":"application-manageresources-display-component---newResourceUnit--TYPE-arrow"},"wdio_ui5_key":"applicationmanageresources-display-component---newResourceUnit--TYPE-arrow"}]}
RESULT: undefined
COMMAND: POST /session/2095189e0a70b1d32678dd15bb58b96a/element - {"using":"xpath","value":"//*[@id=\"application-manageresources-display-component---newResourceUnit--TYPE-arrow\"]"}
RESULT: {"using":"xpath","value":"//*[@id=\"application-manageresources-display-component---newResourceUnit--TYPE-arrow\"]"}
COMMAND: POST /session/2095189e0a70b1d32678dd15bb58b96a/element/f.82B6B8A3E657D82ADC5BCF6485BB3A7A.d.EAA8FBD252891FB04C0B90FE366D0E29.e.1557/click - {}
RESULT: {}
COMMAND: POST /session/2095189e0a70b1d32678dd15bb58b96a/execute/async - {"script":"<script> [1562 bytes]","args":[{"selector":{"controlType":"sap.m.StandardListItem","viewName":"reusables.view.manageresources.NewResourceUnit","viewId":"application-manageresources-display-component---newResourceUnit","properties":{"title":"Group"},"searchOpenDialogs":true,"interaction":{"idSuffix":"content"}},"wdio_ui5_key":"reusablesview.manageresources.NewResourceUnitsap.m.StandardListItem{\"title\":\"Group\"}"}]}
COMMAND: GET /session/2095189e0a70b1d32678dd15bb58b96a/screenshot - {}
RESULT: {"script":"<script> [1562 bytes]","args":[{"selector":{"controlType":"sap.m.StandardListItem","viewName":"reusables.view.manageresources.NewResourceUnit","viewId":"application-manageresources-display-component---newResourceUnit","properties":{"title":"Group"},"searchOpenDialogs":true,"interaction":{"idSuffix":"content"}},"wdio_ui5_key":"reusablesview.manageresources.NewResourceUnitsap.m.StandardListItem{\"title\":\"Group\"}"}]}
RESULT: undefined
COMMAND: POST /session/2095189e0a70b1d32678dd15bb58b96a/element - {"using":"xpath","value":"//*[@id=\"__item154\"]"}
RESULT: {}
RESULT: {"using":"xpath","value":"//*[@id=\"__item154\"]"}
COMMAND: POST /session/2095189e0a70b1d32678dd15bb58b96a/element/f.82B6B8A3E657D82ADC5BCF6485BB3A7A.d.EAA8FBD252891FB04C0B90FE366D0E29.e.1560/click - {}
RESULT: {}
COMMAND: GET /session/2095189e0a70b1d32678dd15bb58b96a/screenshot - {}
RESULT: {}
COMMAND: POST /session/2095189e0a70b1d32678dd15bb58b96a/execute/async - {"script":"<script> [1562 bytes]","args":[{"selector":{"id":"application-manageresources-display-component---newResourceUnit--SHORT_TEXT","interaction":{"idSuffix":"inner"}},"wdio_ui5_key":"applicationmanageresources-display-component---newResourceUnit--SHORT_TEXT"}]}
RESULT: {"script":"<script> [1562 bytes]","args":[{"selector":{"id":"application-manageresources-display-component---newResourceUnit--SHORT_TEXT","interaction":{"idSuffix":"inner"}},"wdio_ui5_key":"applicationmanageresources-display-component---newResourceUnit--SHORT_TEXT"}]}
RESULT: undefined
COMMAND: POST /session/2095189e0a70b1d32678dd15bb58b96a/execute/async - {"script":"<script> [776 bytes]","args":[{"enterText":"WdIORUGroup6v951","selector":{"id":"application-manageresources-display-component---newResourceUnit--SHORT_TEXT","interaction":{"idSuffix":"inner"}},"clearTextFirst":true,"interactionType":"ENTER_TEXT"}]}
RESULT: {"script":"<script> [776 bytes]","args":[{"enterText":"WdIORUGroup6v951","selector":{"id":"application-manageresources-display-component---newResourceUnit--SHORT_TEXT","interaction":{"idSuffix":"inner"}},"clearTextFirst":true,"interactionType":"ENTER_TEXT"}]}
COMMAND: POST /session/2095189e0a70b1d32678dd15bb58b96a/execute/async - {"script":"<script> [1562 bytes]","args":[{"selector":{"id":"application-manageresources-display-component---newResourceUnit--BASE_UNIT_OF_MEASURE","interaction":{"idSuffix":"inner"}},"wdio_ui5_key":"applicationmanageresources-display-component---newResourceUnit--BASE_UNIT_OF_MEASURE"}]}
RESULT: {"script":"<script> [1562 bytes]","args":[{"selector":{"id":"application-manageresources-display-component---newResourceUnit--BASE_UNIT_OF_MEASURE","interaction":{"idSuffix":"inner"}},"wdio_ui5_key":"applicationmanageresources-display-component---newResourceUnit--BASE_UNIT_OF_MEASURE"}]}
RESULT: undefined
COMMAND: POST /session/2095189e0a70b1d32678dd15bb58b96a/execute/async - {"script":"<script> [776 bytes]","args":[{"enterText":"Piece","selector":{"id":"application-manageresources-display-component---newResourceUnit--BASE_UNIT_OF_MEASURE","interaction":{"idSuffix":"inner"}},"clearTextFirst":true,"interactionType":"ENTER_TEXT"}]}
RESULT: {"script":"<script> [776 bytes]","args":[{"enterText":"Piece","selector":{"id":"application-manageresources-display-component---newResourceUnit--BASE_UNIT_OF_MEASURE","interaction":{"idSuffix":"inner"}},"clearTextFirst":true,"interactionType":"ENTER_TEXT"}]}
COMMAND: POST /session/2095189e0a70b1d32678dd15bb58b96a/execute/async - {"script":"<script> [1562 bytes]","args":[{"selector":{"id":"application-manageresources-display-component---newResourceUnit--newRRUPage-OPHeaderContent-collapseBtn-img"},"wdio_ui5_key":"applicationmanageresources-display-component---newResourceUnit--newRRUPage-OPHeaderContent-collapseBtn-img"}]}
RESULT: {"script":"<script> [1562 bytes]","args":[{"selector":{"id":"application-manageresources-display-component---newResourceUnit--newRRUPage-OPHeaderContent-collapseBtn-img"},"wdio_ui5_key":"applicationmanageresources-display-component---newResourceUnit--newRRUPage-OPHeaderContent-collapseBtn-img"}]}
RESULT: undefined
COMMAND: POST /session/2095189e0a70b1d32678dd15bb58b96a/element - {"using":"xpath","value":"//*[@id=\"application-manageresources-display-component---newResourceUnit--newRRUPage-OPHeaderContent-collapseBtn-img\"]"}
RESULT: {"using":"xpath","value":"//*[@id=\"application-manageresources-display-component---newResourceUnit--newRRUPage-OPHeaderContent-collapseBtn-img\"]"}
COMMAND: POST /session/2095189e0a70b1d32678dd15bb58b96a/element/f.82B6B8A3E657D82ADC5BCF6485BB3A7A.d.EAA8FBD252891FB04C0B90FE366D0E29.e.1568/click - {}
RESULT: {}
COMMAND: GET /session/2095189e0a70b1d32678dd15bb58b96a/screenshot - {}
RESULT: {}
COMMAND: POST /session/2095189e0a70b1d32678dd15bb58b96a/execute/async - {"script":"<script> [1562 bytes]","args":[{"selector":{"id":"application-manageresources-display-component---newResourceUnit--newRRUPage-anchBar-application-manageresources-display-component---newResourceUnit--control-anchor","interaction":{"idSuffix":"BDI-content"}},"wdio_ui5_key":"applicationmanageresources-display-component---newResourceUnit--newRRUPage-anchBar-application-manageresources-display-component---newResourceUnit--control-anchor"}]}
RESULT: {"script":"<script> [1562 bytes]","args":[{"selector":{"id":"application-manageresources-display-component---newResourceUnit--newRRUPage-anchBar-application-manageresources-display-component---newResourceUnit--control-anchor","interaction":{"idSuffix":"BDI-content"}},"wdio_ui5_key":"applicationmanageresources-display-component---newResourceUnit--newRRUPage-anchBar-application-manageresources-display-component---newResourceUnit--control-anchor"}]}
RESULT: undefined
COMMAND: POST /session/2095189e0a70b1d32678dd15bb58b96a/element - {"using":"xpath","value":"//*[@id=\"application-manageresources-display-component---newResourceUnit--newRRUPage-anchBar-application-manageresources-display-component---newResourceUnit--control-anchor\"]"}
RESULT: {"using":"xpath","value":"//*[@id=\"application-manageresources-display-component---newResourceUnit--newRRUPage-anchBar-application-manageresources-display-component---newResourceUnit--control-anchor\"]"}
COMMAND: POST /session/2095189e0a70b1d32678dd15bb58b96a/element/f.82B6B8A3E657D82ADC5BCF6485BB3A7A.d.EAA8FBD252891FB04C0B90FE366D0E29.e.1680/click - {}
RESULT: {}
COMMAND: POST /session/2095189e0a70b1d32678dd15bb58b96a/execute/async - {"script":"<script> [1562 bytes]","args":[{"selector":{"id":"application-manageresources-display-component---newResourceUnit--PLANNING_GROUP","interaction":{"idSuffix":"inner"}},"wdio_ui5_key":"applicationmanageresources-display-component---newResourceUnit--PLANNING_GROUP"}]}
COMMAND: GET /session/2095189e0a70b1d32678dd15bb58b96a/screenshot - {}
RESULT: {"script":"<script> [1562 bytes]","args":[{"selector":{"id":"application-manageresources-display-component---newResourceUnit--PLANNING_GROUP","interaction":{"idSuffix":"inner"}},"wdio_ui5_key":"applicationmanageresources-display-component---newResourceUnit--PLANNING_GROUP"}]}
RESULT: undefined
COMMAND: POST /session/2095189e0a70b1d32678dd15bb58b96a/execute/async - {"script":"<script> [776 bytes]","args":[{"enterText":"Heavy Equi","selector":{"id":"application-manageresources-display-component---newResourceUnit--PLANNING_GROUP","interaction":{"idSuffix":"inner"}},"clearTextFirst":true,"interactionType":"ENTER_TEXT"}]}
RESULT: {}
RESULT: {"script":"<script> [776 bytes]","args":[{"enterText":"Heavy Equi","selector":{"id":"application-manageresources-display-component---newResourceUnit--PLANNING_GROUP","interaction":{"idSuffix":"inner"}},"clearTextFirst":true,"interactionType":"ENTER_TEXT"}]}
COMMAND: POST /session/2095189e0a70b1d32678dd15bb58b96a/element - {"using":"xpath","value":"//bdi[contains(text(), \"Time Segment\")]"}
RESULT: {"using":"xpath","value":"//bdi[contains(text(), \"Time Segment\")]"}
COMMAND: GET /session/2095189e0a70b1d32678dd15bb58b96a/element/f.82B6B8A3E657D82ADC5BCF6485BB3A7A.d.EAA8FBD252891FB04C0B90FE366D0E29.e.1687/rect - {}
RESULT: {}
COMMAND: GET /session/2095189e0a70b1d32678dd15bb58b96a/window/rect - {}
RESULT: {}
COMMAND: POST /session/2095189e0a70b1d32678dd15bb58b96a/execute/sync - {"script":"<script> [92 bytes]","args":[]}
RESULT: {"script":"<script> [92 bytes]","args":[]}
COMMAND: POST /session/2095189e0a70b1d32678dd15bb58b96a/actions - {"actions":[{"id":"action3","type":"wheel","parameters":{},"actions":[{"type":"scroll","x":-1820,"y":-21,"deltaX":0,"deltaY":0,"duration":0,"origin":{"element-6066-11e4-a52e-4f735466cecf":"f.82B6B8A3E657D82ADC5BCF6485BB3A7A.d.EAA8FBD252891FB04C0B90FE366D0E29.e.1687"}}]}]}
COMMAND: GET /session/2095189e0a70b1d32678dd15bb58b96a/screenshot - {}
RESULT: {}
COMMAND: POST /session/2095189e0a70b1d32678dd15bb58b96a/execute/sync - {"script":"<script> [79 bytes]","args":[{"element-6066-11e4-a52e-4f735466cecf":"f.82B6B8A3E657D82ADC5BCF6485BB3A7A.d.EAA8FBD252891FB04C0B90FE366D0E29.e.1687","ELEMENT":"f.82B6B8A3E657D82ADC5BCF6485BB3A7A.d.EAA8FBD252891FB04C0B90FE366D0E29.e.1687"},{"block":"start","inline":"nearest"}]}
RESULT: {"script":"<script> [79 bytes]","args":[{"element-6066-11e4-a52e-4f735466cecf":"f.82B6B8A3E657D82ADC5BCF6485BB3A7A.d.EAA8FBD252891FB04C0B90FE366D0E29.e.1687","ELEMENT":"f.82B6B8A3E657D82ADC5BCF6485BB3A7A.d.EAA8FBD252891FB04C0B90FE366D0E29.e.1687"},{"block":"start","inline":"nearest"}]}
COMMAND: GET /session/2095189e0a70b1d32678dd15bb58b96a/screenshot - {}
RESULT: {}
COMMAND: POST /session/2095189e0a70b1d32678dd15bb58b96a/execute/async - {"script":"<script> [1562 bytes]","args":[{"selector":{"id":"application-manageresources-display-component---newResourceUnit--btnAddTimeSegment-img"},"wdio_ui5_key":"applicationmanageresources-display-component---newResourceUnit--btnAddTimeSegment-img"}]}
RESULT: {"script":"<script> [1562 bytes]","args":[{"selector":{"id":"application-manageresources-display-component---newResourceUnit--btnAddTimeSegment-img"},"wdio_ui5_key":"applicationmanageresources-display-component---newResourceUnit--btnAddTimeSegment-img"}]}
RESULT: undefined
COMMAND: POST /session/2095189e0a70b1d32678dd15bb58b96a/element - {"using":"xpath","value":"//*[@id=\"application-manageresources-display-component---newResourceUnit--btnAddTimeSegment-img\"]"}
RESULT: {"using":"xpath","value":"//*[@id=\"application-manageresources-display-component---newResourceUnit--btnAddTimeSegment-img\"]"}
COMMAND: POST /session/2095189e0a70b1d32678dd15bb58b96a/element/f.82B6B8A3E657D82ADC5BCF6485BB3A7A.d.EAA8FBD252891FB04C0B90FE366D0E29.e.1690/click - {}
RESULT: {}
COMMAND: GET /session/2095189e0a70b1d32678dd15bb58b96a/screenshot - {}
RESULT: {}
COMMAND: POST /session/2095189e0a70b1d32678dd15bb58b96a/element - {"using":"xpath","value":"//input[@id=\"application-manageresources-display-component---newResourceUnit--idRuTSAdmin-application-manageresources-display-component---newResourceUnit--RUTimeSegment-0-inner\"]"}
RESULT: {"using":"xpath","value":"//input[@id=\"application-manageresources-display-component---newResourceUnit--idRuTSAdmin-application-manageresources-display-component---newResourceUnit--RUTimeSegment-0-inner\"]"}
COMMAND: POST /session/2095189e0a70b1d32678dd15bb58b96a/element/f.82B6B8A3E657D82ADC5BCF6485BB3A7A.d.EAA8FBD252891FB04C0B90FE366D0E29.e.1693/clear - {}
RESULT: {}
COMMAND: POST /session/2095189e0a70b1d32678dd15bb58b96a/element/f.82B6B8A3E657D82ADC5BCF6485BB3A7A.d.EAA8FBD252891FB04C0B90FE366D0E29.e.1693/value - {"text":"WebdriverYard1coz1"}
COMMAND: GET /session/2095189e0a70b1d32678dd15bb58b96a/screenshot - {}
RESULT: {"text":"WebdriverYard1coz1"}
COMMAND: GET /session/2095189e0a70b1d32678dd15bb58b96a/screenshot - {}
RESULT: {}
RESULT: {}
COMMAND: POST /session/2095189e0a70b1d32678dd15bb58b96a/actions - {"actions":[{"id":"action4","type":"key","parameters":{},"actions":[{"type":"keyDown","value":""},{"type":"pause","duration":10},{"type":"keyUp","value":""}]}]}
RESULT: {"actions":[{"id":"action4","type":"key","parameters":{},"actions":[{"type":"keyDown","value":""},{"type":"pause","duration":10},{"type":"keyUp","value":""}]}]}
COMMAND: GET /session/2095189e0a70b1d32678dd15bb58b96a/screenshot - {}
RESULT: {}
COMMAND: POST /session/2095189e0a70b1d32678dd15bb58b96a/execute/async - {"script":"<script> [1562 bytes]","args":[{"selector":{"controlType":"sap.m.Button","viewName":"reusables.view.manageresources.NewResourceUnit","viewId":"application-manageresources-display-component---newResourceUnit","i18NText":{"propertyName":"tooltip","key":"save"},"interaction":{"idSuffix":"BDI-content"}},"wdio_ui5_key":"reusablesview.manageresources.NewResourceUnitsap.m.Button{\"propertyName\":\"tooltip\",\"key\":\"save\"}"}]}
RESULT: {"script":"<script> [1562 bytes]","args":[{"selector":{"controlType":"sap.m.Button","viewName":"reusables.view.manageresources.NewResourceUnit","viewId":"application-manageresources-display-component---newResourceUnit","i18NText":{"propertyName":"tooltip","key":"save"},"interaction":{"idSuffix":"BDI-content"}},"wdio_ui5_key":"reusablesview.manageresources.NewResourceUnitsap.m.Button{\"propertyName\":\"tooltip\",\"key\":\"save\"}"}]}
RESULT: undefined
COMMAND: POST /session/2095189e0a70b1d32678dd15bb58b96a/element - {"using":"xpath","value":"//*[@id=\"application-manageresources-display-component---newResourceUnit--createRuButton\"]"}
RESULT: {"using":"xpath","value":"//*[@id=\"application-manageresources-display-component---newResourceUnit--createRuButton\"]"}
COMMAND: POST /session/2095189e0a70b1d32678dd15bb58b96a/element/f.82B6B8A3E657D82ADC5BCF6485BB3A7A.d.EAA8FBD252891FB04C0B90FE366D0E29.e.1574/click - {}
RESULT: {}
COMMAND: GET /session/2095189e0a70b1d32678dd15bb58b96a/screenshot - {}
RESULT: {}
COMMAND: POST /session/2095189e0a70b1d32678dd15bb58b96a/execute/async - {"script":"<script> [1562 bytes]","args":[{"selector":{"controlType":"sap.m.Button","properties":{"text":"Close"},"searchOpenDialogs":true,"interaction":{"idSuffix":"inner"}},"wdio_ui5_key":"sapm.Button{\"text\":\"Close\"}"}]}
RESULT: {"script":"<script> [1562 bytes]","args":[{"selector":{"controlType":"sap.m.Button","properties":{"text":"Close"},"searchOpenDialogs":true,"interaction":{"idSuffix":"inner"}},"wdio_ui5_key":"sapm.Button{\"text\":\"Close\"}"}]}
RESULT: undefined
COMMAND: POST /session/2095189e0a70b1d32678dd15bb58b96a/element - {"using":"xpath","value":"//*[@id=\"__mbox-btn-0\"]"}
RESULT: {"using":"xpath","value":"//*[@id=\"__mbox-btn-0\"]"}
COMMAND: POST /session/2095189e0a70b1d32678dd15bb58b96a/element/f.82B6B8A3E657D82ADC5BCF6485BB3A7A.d.EAA8FBD252891FB04C0B90FE366D0E29.e.1701/click - {}
RESULT: {}
COMMAND: GET /session/2095189e0a70b1d32678dd15bb58b96a/screenshot - {}
RESULT: {}
COMMAND: POST /session/2095189e0a70b1d32678dd15bb58b96a/element - {"using":"css selector","value":"#shell-header-logo"}
RESULT: {"using":"css selector","value":"#shell-header-logo"}
COMMAND: POST /session/2095189e0a70b1d32678dd15bb58b96a/element/f.82B6B8A3E657D82ADC5BCF6485BB3A7A.d.EAA8FBD252891FB04C0B90FE366D0E29.e.1197/click - {}
RESULT: {}
COMMAND: GET /session/2095189e0a70b1d32678dd15bb58b96a/screenshot - {}
RESULT: {}
]]></system-out>
    </testcase>
    <testcase classname="chrome.137_0_7151_69.windows.Related_resources_for_groups_US139107" name="Should create first equipment and add it to the group" time="118.689">
      <system-out><![CDATA[
RESULT: undefined
COMMAND: POST /session/2095189e0a70b1d32678dd15bb58b96a/element - {"using":"xpath","value":"//*[@id=\"__tile40\"]"}
RESULT: {"using":"xpath","value":"//*[@id=\"__tile40\"]"}
COMMAND: POST /session/2095189e0a70b1d32678dd15bb58b96a/element/f.82B6B8A3E657D82ADC5BCF6485BB3A7A.d.EAA8FBD252891FB04C0B90FE366D0E29.e.1194/click - {}
RESULT: {}
COMMAND: GET /session/2095189e0a70b1d32678dd15bb58b96a/screenshot - {}
RESULT: {}
COMMAND: POST /session/2095189e0a70b1d32678dd15bb58b96a/elements - {"using":"xpath","value":"//span[text()='Error']"}
RESULT: {"using":"xpath","value":"//span[text()='Error']"}
COMMAND: POST /session/2095189e0a70b1d32678dd15bb58b96a/element - {"using":"xpath","value":"//button[@data-kt=\"addNewRUOverflowToolbarButton\"]"}
RESULT: {"using":"xpath","value":"//button[@data-kt=\"addNewRUOverflowToolbarButton\"]"}
COMMAND: POST /session/2095189e0a70b1d32678dd15bb58b96a/execute/sync - {"script":"<script> [8489 bytes]","args":[{"element-6066-11e4-a52e-4f735466cecf":"f.82B6B8A3E657D82ADC5BCF6485BB3A7A.d.EAA8FBD252891FB04C0B90FE366D0E29.e.1778","ELEMENT":"f.82B6B8A3E657D82ADC5BCF6485BB3A7A.d.EAA8FBD252891FB04C0B90FE366D0E29.e.1778"}]}
RESULT: {"script":"<script> [8489 bytes]","args":[{"element-6066-11e4-a52e-4f735466cecf":"f.82B6B8A3E657D82ADC5BCF6485BB3A7A.d.EAA8FBD252891FB04C0B90FE366D0E29.e.1778","ELEMENT":"f.82B6B8A3E657D82ADC5BCF6485BB3A7A.d.EAA8FBD252891FB04C0B90FE366D0E29.e.1778"}]}
COMMAND: POST /session/2095189e0a70b1d32678dd15bb58b96a/element/f.82B6B8A3E657D82ADC5BCF6485BB3A7A.d.EAA8FBD252891FB04C0B90FE366D0E29.e.1778/click - {}
COMMAND: GET /session/2095189e0a70b1d32678dd15bb58b96a/screenshot - {}
RESULT: {}
COMMAND: GET /session/2095189e0a70b1d32678dd15bb58b96a/screenshot - {}
RESULT: undefined
COMMAND: POST /session/2095189e0a70b1d32678dd15bb58b96a/element - {"using":"xpath","value":"//*[@id=\"application-manageresources-display-component---newResourceUnit--TYPE-arrow\"]"}
RESULT: {}
RESULT: {}
RESULT: {"using":"xpath","value":"//*[@id=\"application-manageresources-display-component---newResourceUnit--TYPE-arrow\"]"}
COMMAND: POST /session/2095189e0a70b1d32678dd15bb58b96a/element/f.82B6B8A3E657D82ADC5BCF6485BB3A7A.d.EAA8FBD252891FB04C0B90FE366D0E29.e.2095/click - {}
RESULT: {}
COMMAND: POST /session/2095189e0a70b1d32678dd15bb58b96a/execute/async - {"script":"<script> [1562 bytes]","args":[{"selector":{"controlType":"sap.m.StandardListItem","viewName":"reusables.view.manageresources.NewResourceUnit","viewId":"application-manageresources-display-component---newResourceUnit","properties":{"title":"Equipment"},"searchOpenDialogs":true,"interaction":{"idSuffix":"content"}},"wdio_ui5_key":"reusablesview.manageresources.NewResourceUnitsap.m.StandardListItem{\"title\":\"Equipment\"}"}]}
COMMAND: GET /session/2095189e0a70b1d32678dd15bb58b96a/screenshot - {}
RESULT: {"script":"<script> [1562 bytes]","args":[{"selector":{"controlType":"sap.m.StandardListItem","viewName":"reusables.view.manageresources.NewResourceUnit","viewId":"application-manageresources-display-component---newResourceUnit","properties":{"title":"Equipment"},"searchOpenDialogs":true,"interaction":{"idSuffix":"content"}},"wdio_ui5_key":"reusablesview.manageresources.NewResourceUnitsap.m.StandardListItem{\"title\":\"Equipment\"}"}]}
RESULT: undefined
COMMAND: POST /session/2095189e0a70b1d32678dd15bb58b96a/element - {"using":"xpath","value":"//*[@id=\"__item530\"]"}
RESULT: {}
RESULT: {"using":"xpath","value":"//*[@id=\"__item530\"]"}
COMMAND: POST /session/2095189e0a70b1d32678dd15bb58b96a/element/f.82B6B8A3E657D82ADC5BCF6485BB3A7A.d.EAA8FBD252891FB04C0B90FE366D0E29.e.2101/click - {}
RESULT: {}
COMMAND: GET /session/2095189e0a70b1d32678dd15bb58b96a/screenshot - {}
RESULT: {}
COMMAND: POST /session/2095189e0a70b1d32678dd15bb58b96a/execute/async - {"script":"<script> [1562 bytes]","args":[{"selector":{"id":"application-manageresources-display-component---newResourceUnit--resourceId","interaction":{"idSuffix":"inner"}},"wdio_ui5_key":"applicationmanageresources-display-component---newResourceUnit--resourceId"}]}
RESULT: {"script":"<script> [1562 bytes]","args":[{"selector":{"id":"application-manageresources-display-component---newResourceUnit--resourceId","interaction":{"idSuffix":"inner"}},"wdio_ui5_key":"applicationmanageresources-display-component---newResourceUnit--resourceId"}]}
RESULT: undefined
COMMAND: POST /session/2095189e0a70b1d32678dd15bb58b96a/execute/async - {"script":"<script> [776 bytes]","args":[{"enterText":"WdIORUEquip1repkf","selector":{"id":"application-manageresources-display-component---newResourceUnit--resourceId","interaction":{"idSuffix":"inner"}},"clearTextFirst":true,"interactionType":"ENTER_TEXT"}]}
RESULT: {"script":"<script> [776 bytes]","args":[{"enterText":"WdIORUEquip1repkf","selector":{"id":"application-manageresources-display-component---newResourceUnit--resourceId","interaction":{"idSuffix":"inner"}},"clearTextFirst":true,"interactionType":"ENTER_TEXT"}]}
RESULT: undefined
COMMAND: POST /session/2095189e0a70b1d32678dd15bb58b96a/execute/async - {"script":"<script> [776 bytes]","args":[{"enterText":"WdIORUEquip1repkf","selector":{"id":"application-manageresources-display-component---newResourceUnit--SHORT_TEXT","interaction":{"idSuffix":"inner"}},"clearTextFirst":true,"interactionType":"ENTER_TEXT"}]}
RESULT: {"script":"<script> [776 bytes]","args":[{"enterText":"WdIORUEquip1repkf","selector":{"id":"application-manageresources-display-component---newResourceUnit--SHORT_TEXT","interaction":{"idSuffix":"inner"}},"clearTextFirst":true,"interactionType":"ENTER_TEXT"}]}
RESULT: undefined
COMMAND: POST /session/2095189e0a70b1d32678dd15bb58b96a/execute/async - {"script":"<script> [776 bytes]","args":[{"enterText":"Piece","selector":{"id":"application-manageresources-display-component---newResourceUnit--BASE_UNIT_OF_MEASURE","interaction":{"idSuffix":"inner"}},"clearTextFirst":true,"interactionType":"ENTER_TEXT"}]}
RESULT: {"script":"<script> [776 bytes]","args":[{"enterText":"Piece","selector":{"id":"application-manageresources-display-component---newResourceUnit--BASE_UNIT_OF_MEASURE","interaction":{"idSuffix":"inner"}},"clearTextFirst":true,"interactionType":"ENTER_TEXT"}]}
COMMAND: POST /session/2095189e0a70b1d32678dd15bb58b96a/element - {"using":"xpath","value":"//input[contains(@id ,\"application-manageresources-display-component---newResourceUnit--HIGHER_LEVEL_RESOURCE-inner\")]"}
RESULT: {"using":"xpath","value":"//input[contains(@id ,\"application-manageresources-display-component---newResourceUnit--HIGHER_LEVEL_RESOURCE-inner\")]"}
COMMAND: POST /session/2095189e0a70b1d32678dd15bb58b96a/element/f.82B6B8A3E657D82ADC5BCF6485BB3A7A.d.EAA8FBD252891FB04C0B90FE366D0E29.e.2123/value - {"text":"WdIORUGroup6v951"}
RESULT: {"text":"WdIORUGroup6v951"}
COMMAND: GET /session/2095189e0a70b1d32678dd15bb58b96a/screenshot - {}
RESULT: {}
COMMAND: POST /session/2095189e0a70b1d32678dd15bb58b96a/actions - {"actions":[{"id":"action5","type":"key","parameters":{},"actions":[{"type":"keyDown","value":""},{"type":"pause","duration":10},{"type":"keyUp","value":""}]}]}
RESULT: {"actions":[{"id":"action5","type":"key","parameters":{},"actions":[{"type":"keyDown","value":""},{"type":"pause","duration":10},{"type":"keyUp","value":""}]}]}
COMMAND: POST /session/2095189e0a70b1d32678dd15bb58b96a/execute/async - {"script":"<script> [1562 bytes]","args":[{"selector":{"id":"application-manageresources-display-component---newResourceUnit--WEIGHT_UNIT","interaction":{"idSuffix":"inner"}},"wdio_ui5_key":"applicationmanageresources-display-component---newResourceUnit--WEIGHT_UNIT"}]}
COMMAND: GET /session/2095189e0a70b1d32678dd15bb58b96a/screenshot - {}
RESULT: {"script":"<script> [1562 bytes]","args":[{"selector":{"id":"application-manageresources-display-component---newResourceUnit--WEIGHT_UNIT","interaction":{"idSuffix":"inner"}},"wdio_ui5_key":"applicationmanageresources-display-component---newResourceUnit--WEIGHT_UNIT"}]}
RESULT: undefined
COMMAND: POST /session/2095189e0a70b1d32678dd15bb58b96a/execute/async - {"script":"<script> [776 bytes]","args":[{"enterText":"Gram","selector":{"id":"application-manageresources-display-component---newResourceUnit--WEIGHT_UNIT","interaction":{"idSuffix":"inner"}},"clearTextFirst":true,"interactionType":"ENTER_TEXT"}]}
RESULT: {}
RESULT: {"script":"<script> [776 bytes]","args":[{"enterText":"Gram","selector":{"id":"application-manageresources-display-component---newResourceUnit--WEIGHT_UNIT","interaction":{"idSuffix":"inner"}},"clearTextFirst":true,"interactionType":"ENTER_TEXT"}]}
RESULT: undefined
COMMAND: POST /session/2095189e0a70b1d32678dd15bb58b96a/element - {"using":"xpath","value":"//*[@id=\"application-manageresources-display-component---newResourceUnit--newRRUPage-OPHeaderContent-collapseBtn-img\"]"}
RESULT: {"using":"xpath","value":"//*[@id=\"application-manageresources-display-component---newResourceUnit--newRRUPage-OPHeaderContent-collapseBtn-img\"]"}
COMMAND: POST /session/2095189e0a70b1d32678dd15bb58b96a/element/f.82B6B8A3E657D82ADC5BCF6485BB3A7A.d.EAA8FBD252891FB04C0B90FE366D0E29.e.2108/click - {}
RESULT: {}
COMMAND: GET /session/2095189e0a70b1d32678dd15bb58b96a/screenshot - {}
RESULT: {}
COMMAND: POST /session/2095189e0a70b1d32678dd15bb58b96a/element - {"using":"xpath","value":"(//span[contains(@id ,\"application-manageresources-display-component---newResourceUnit--DIMENSION_UNIT-arrow\")])[1]"}
RESULT: {"using":"xpath","value":"(//span[contains(@id ,\"application-manageresources-display-component---newResourceUnit--DIMENSION_UNIT-arrow\")])[1]"}
COMMAND: POST /session/2095189e0a70b1d32678dd15bb58b96a/element/f.82B6B8A3E657D82ADC5BCF6485BB3A7A.d.EAA8FBD252891FB04C0B90FE366D0E29.e.2255/click - {}
RESULT: {}
COMMAND: GET /session/2095189e0a70b1d32678dd15bb58b96a/screenshot - {}
RESULT: {}
COMMAND: POST /session/2095189e0a70b1d32678dd15bb58b96a/execute/async - {"script":"<script> [1562 bytes]","args":[{"selector":{"controlType":"sap.m.StandardListItem","viewName":"reusables.view.manageresources.NewResourceUnit","viewId":"application-manageresources-display-component---newResourceUnit","properties":{"title":"Centimeter"},"searchOpenDialogs":true,"interaction":{"idSuffix":"titleText"}},"wdio_ui5_key":"reusablesview.manageresources.NewResourceUnitsap.m.StandardListItem{\"title\":\"Centimeter\"}"}]}
RESULT: {"script":"<script> [1562 bytes]","args":[{"selector":{"controlType":"sap.m.StandardListItem","viewName":"reusables.view.manageresources.NewResourceUnit","viewId":"application-manageresources-display-component---newResourceUnit","properties":{"title":"Centimeter"},"searchOpenDialogs":true,"interaction":{"idSuffix":"titleText"}},"wdio_ui5_key":"reusablesview.manageresources.NewResourceUnitsap.m.StandardListItem{\"title\":\"Centimeter\"}"}]}
RESULT: undefined
COMMAND: POST /session/2095189e0a70b1d32678dd15bb58b96a/element - {"using":"xpath","value":"//*[@id=\"__item610\"]"}
RESULT: {"using":"xpath","value":"//*[@id=\"__item610\"]"}
COMMAND: POST /session/2095189e0a70b1d32678dd15bb58b96a/element/f.82B6B8A3E657D82ADC5BCF6485BB3A7A.d.EAA8FBD252891FB04C0B90FE366D0E29.e.2259/click - {}
RESULT: {}
COMMAND: GET /session/2095189e0a70b1d32678dd15bb58b96a/screenshot - {}
RESULT: {}
RESULT: undefined
COMMAND: POST /session/2095189e0a70b1d32678dd15bb58b96a/element - {"using":"xpath","value":"//*[@id=\"application-manageresources-display-component---newResourceUnit--newRRUPage-anchBar-application-manageresources-display-component---newResourceUnit--control-anchor\"]"}
RESULT: {"using":"xpath","value":"//*[@id=\"application-manageresources-display-component---newResourceUnit--newRRUPage-anchBar-application-manageresources-display-component---newResourceUnit--control-anchor\"]"}
COMMAND: POST /session/2095189e0a70b1d32678dd15bb58b96a/element/f.82B6B8A3E657D82ADC5BCF6485BB3A7A.d.EAA8FBD252891FB04C0B90FE366D0E29.e.2260/click - {}
RESULT: {}
RESULT: undefined
COMMAND: POST /session/2095189e0a70b1d32678dd15bb58b96a/execute/async - {"script":"<script> [776 bytes]","args":[{"enterText":"Heavy Equi","selector":{"id":"application-manageresources-display-component---newResourceUnit--PLANNING_GROUP","interaction":{"idSuffix":"inner"}},"clearTextFirst":true,"interactionType":"ENTER_TEXT"}]}
COMMAND: GET /session/2095189e0a70b1d32678dd15bb58b96a/screenshot - {}
RESULT: {"script":"<script> [776 bytes]","args":[{"enterText":"Heavy Equi","selector":{"id":"application-manageresources-display-component---newResourceUnit--PLANNING_GROUP","interaction":{"idSuffix":"inner"}},"clearTextFirst":true,"interactionType":"ENTER_TEXT"}]}
RESULT: {}
COMMAND: POST /session/2095189e0a70b1d32678dd15bb58b96a/execute/async - {"script":"<script> [1562 bytes]","args":[{"selector":{"id":"application-manageresources-display-component---newResourceUnit--ITEM_TYPE-arrow"},"wdio_ui5_key":"applicationmanageresources-display-component---newResourceUnit--ITEM_TYPE-arrow"}]}
RESULT: {"script":"<script> [1562 bytes]","args":[{"selector":{"id":"application-manageresources-display-component---newResourceUnit--ITEM_TYPE-arrow"},"wdio_ui5_key":"applicationmanageresources-display-component---newResourceUnit--ITEM_TYPE-arrow"}]}
RESULT: undefined
COMMAND: POST /session/2095189e0a70b1d32678dd15bb58b96a/element - {"using":"xpath","value":"//*[@id=\"application-manageresources-display-component---newResourceUnit--ITEM_TYPE-arrow\"]"}
RESULT: {"using":"xpath","value":"//*[@id=\"application-manageresources-display-component---newResourceUnit--ITEM_TYPE-arrow\"]"}
COMMAND: POST /session/2095189e0a70b1d32678dd15bb58b96a/element/f.82B6B8A3E657D82ADC5BCF6485BB3A7A.d.EAA8FBD252891FB04C0B90FE366D0E29.e.2265/click - {}
RESULT: {}
COMMAND: POST /session/2095189e0a70b1d32678dd15bb58b96a/execute/async - {"script":"<script> [1562 bytes]","args":[{"selector":{"controlType":"sap.m.StandardListItem","viewName":"reusables.view.manageresources.NewResourceUnit","viewId":"application-manageresources-display-component---newResourceUnit","properties":{"title":"Resource Unit"},"searchOpenDialogs":true,"interaction":{"idSuffix":"titleText"}},"wdio_ui5_key":"reusablesview.manageresources.NewResourceUnitsap.m.StandardListItem{\"title\":\"Resource Unit\"}"}]}
COMMAND: GET /session/2095189e0a70b1d32678dd15bb58b96a/screenshot - {}
RESULT: {}
RESULT: {"script":"<script> [1562 bytes]","args":[{"selector":{"controlType":"sap.m.StandardListItem","viewName":"reusables.view.manageresources.NewResourceUnit","viewId":"application-manageresources-display-component---newResourceUnit","properties":{"title":"Resource Unit"},"searchOpenDialogs":true,"interaction":{"idSuffix":"titleText"}},"wdio_ui5_key":"reusablesview.manageresources.NewResourceUnitsap.m.StandardListItem{\"title\":\"Resource Unit\"}"}]}
RESULT: undefined
COMMAND: POST /session/2095189e0a70b1d32678dd15bb58b96a/element - {"using":"xpath","value":"//*[@id=\"__item632\"]"}
RESULT: {"using":"xpath","value":"//*[@id=\"__item632\"]"}
COMMAND: POST /session/2095189e0a70b1d32678dd15bb58b96a/element/f.82B6B8A3E657D82ADC5BCF6485BB3A7A.d.EAA8FBD252891FB04C0B90FE366D0E29.e.2267/click - {}
RESULT: {}
COMMAND: POST /session/2095189e0a70b1d32678dd15bb58b96a/element - {"using":"xpath","value":"//bdi[contains(text(), \"Time Segment\")]"}
COMMAND: GET /session/2095189e0a70b1d32678dd15bb58b96a/screenshot - {}
RESULT: {"using":"xpath","value":"//bdi[contains(text(), \"Time Segment\")]"}
COMMAND: GET /session/2095189e0a70b1d32678dd15bb58b96a/element/f.82B6B8A3E657D82ADC5BCF6485BB3A7A.d.EAA8FBD252891FB04C0B90FE366D0E29.e.2275/rect - {}
RESULT: {}
RESULT: {}
COMMAND: GET /session/2095189e0a70b1d32678dd15bb58b96a/window/rect - {}
RESULT: {}
COMMAND: POST /session/2095189e0a70b1d32678dd15bb58b96a/execute/sync - {"script":"<script> [92 bytes]","args":[]}
RESULT: {"script":"<script> [92 bytes]","args":[]}
COMMAND: POST /session/2095189e0a70b1d32678dd15bb58b96a/actions - {"actions":[{"id":"action6","type":"wheel","parameters":{},"actions":[{"type":"scroll","x":-1820,"y":-21,"deltaX":0,"deltaY":0,"duration":0,"origin":{"element-6066-11e4-a52e-4f735466cecf":"f.82B6B8A3E657D82ADC5BCF6485BB3A7A.d.EAA8FBD252891FB04C0B90FE366D0E29.e.2275"}}]}]}
COMMAND: GET /session/2095189e0a70b1d32678dd15bb58b96a/screenshot - {}
RESULT: {}
COMMAND: POST /session/2095189e0a70b1d32678dd15bb58b96a/execute/sync - {"script":"<script> [79 bytes]","args":[{"element-6066-11e4-a52e-4f735466cecf":"f.82B6B8A3E657D82ADC5BCF6485BB3A7A.d.EAA8FBD252891FB04C0B90FE366D0E29.e.2275","ELEMENT":"f.82B6B8A3E657D82ADC5BCF6485BB3A7A.d.EAA8FBD252891FB04C0B90FE366D0E29.e.2275"},{"block":"start","inline":"nearest"}]}
RESULT: {"script":"<script> [79 bytes]","args":[{"element-6066-11e4-a52e-4f735466cecf":"f.82B6B8A3E657D82ADC5BCF6485BB3A7A.d.EAA8FBD252891FB04C0B90FE366D0E29.e.2275","ELEMENT":"f.82B6B8A3E657D82ADC5BCF6485BB3A7A.d.EAA8FBD252891FB04C0B90FE366D0E29.e.2275"},{"block":"start","inline":"nearest"}]}
RESULT: undefined
COMMAND: POST /session/2095189e0a70b1d32678dd15bb58b96a/element - {"using":"xpath","value":"//*[@id=\"application-manageresources-display-component---newResourceUnit--btnAddTimeSegment-img\"]"}
COMMAND: GET /session/2095189e0a70b1d32678dd15bb58b96a/screenshot - {}
RESULT: {"using":"xpath","value":"//*[@id=\"application-manageresources-display-component---newResourceUnit--btnAddTimeSegment-img\"]"}
COMMAND: POST /session/2095189e0a70b1d32678dd15bb58b96a/element/f.82B6B8A3E657D82ADC5BCF6485BB3A7A.d.EAA8FBD252891FB04C0B90FE366D0E29.e.2276/click - {}
RESULT: {}
RESULT: {}
COMMAND: GET /session/2095189e0a70b1d32678dd15bb58b96a/screenshot - {}
RESULT: {}
COMMAND: POST /session/2095189e0a70b1d32678dd15bb58b96a/element - {"using":"xpath","value":"//input[@id=\"application-manageresources-display-component---newResourceUnit--idRuTSAdmin-application-manageresources-display-component---newResourceUnit--RUTimeSegment-0-inner\"]"}
RESULT: {"using":"xpath","value":"//input[@id=\"application-manageresources-display-component---newResourceUnit--idRuTSAdmin-application-manageresources-display-component---newResourceUnit--RUTimeSegment-0-inner\"]"}
COMMAND: POST /session/2095189e0a70b1d32678dd15bb58b96a/element/f.82B6B8A3E657D82ADC5BCF6485BB3A7A.d.EAA8FBD252891FB04C0B90FE366D0E29.e.2282/clear - {}
RESULT: {}
COMMAND: POST /session/2095189e0a70b1d32678dd15bb58b96a/element/f.82B6B8A3E657D82ADC5BCF6485BB3A7A.d.EAA8FBD252891FB04C0B90FE366D0E29.e.2282/value - {"text":"WebdriverYard1coz1"}
COMMAND: GET /session/2095189e0a70b1d32678dd15bb58b96a/screenshot - {}
RESULT: {"text":"WebdriverYard1coz1"}
COMMAND: GET /session/2095189e0a70b1d32678dd15bb58b96a/screenshot - {}
RESULT: {}
RESULT: {}
COMMAND: POST /session/2095189e0a70b1d32678dd15bb58b96a/actions - {"actions":[{"id":"action7","type":"key","parameters":{},"actions":[{"type":"keyDown","value":""},{"type":"pause","duration":10},{"type":"keyUp","value":""}]}]}
RESULT: {"actions":[{"id":"action7","type":"key","parameters":{},"actions":[{"type":"keyDown","value":""},{"type":"pause","duration":10},{"type":"keyUp","value":""}]}]}
COMMAND: POST /session/2095189e0a70b1d32678dd15bb58b96a/execute/async - {"script":"<script> [1562 bytes]","args":[{"selector":{"controlType":"sap.ui.core.Icon","viewName":"reusables.view.manageresources.NewResourceUnit","viewId":"application-manageresources-display-component---newResourceUnit","properties":{"src":{"regex":{"source":"slim\\-arrow\\-down"}}},"ancestor":{"controlType":"sap.m.ComboBox","viewName":"reusables.view.manageresources.NewResourceUnit","viewId":"application-manageresources-display-component---newResourceUnit","bindingPath":{"path":"/RESOURCE_UNIT_TIME_SEQUENCES/0","propertyPath":"COST_OBJECT_ADMIN_CST_TYPE","modelName":"oNewRruModel"}}},"wdio_ui5_key":"reusablesview.manageresources.NewResourceUnitsap.ui.core.Icon{\"src\":{\"regex\":{\"source\":\"slim\\\\-arrow\\\\-down\"}}}{\"controlType\":\"sap.m.ComboBox\",\"viewName\":\"reusables.view.manageresources.NewResourceUnit\",\"viewId\":\"application-manageresources-display-component---newResourceUnit\",\"bindingPath\":{\"path\":\"/RESOURCE_UNIT_TIME_SEQUENCES/0\",\"propertyPath\":\"COST_OBJECT_ADMIN_CST_TYPE\",\"modelName\":\"oNewRruModel\"}}"}]}
COMMAND: GET /session/2095189e0a70b1d32678dd15bb58b96a/screenshot - {}
RESULT: {"script":"<script> [1562 bytes]","args":[{"selector":{"controlType":"sap.ui.core.Icon","viewName":"reusables.view.manageresources.NewResourceUnit","viewId":"application-manageresources-display-component---newResourceUnit","properties":{"src":{"regex":{"source":"slim\\-arrow\\-down"}}},"ancestor":{"controlType":"sap.m.ComboBox","viewName":"reusables.view.manageresources.NewResourceUnit","viewId":"application-manageresources-display-component---newResourceUnit","bindingPath":{"path":"/RESOURCE_UNIT_TIME_SEQUENCES/0","propertyPath":"COST_OBJECT_ADMIN_CST_TYPE","modelName":"oNewRruModel"}}},"wdio_ui5_key":"reusablesview.manageresources.NewResourceUnitsap.ui.core.Icon{\"src\":{\"regex\":{\"source\":\"slim\\\\-arrow\\\\-down\"}}}{\"controlType\":\"sap.m.ComboBox\",\"viewName\":\"reusables.view.manageresources.NewResourceUnit\",\"viewId\":\"application-manageresources-display-component---newResourceUnit\",\"bindingPath\":{\"path\":\"/RESOURCE_UNIT_TIME_SEQUENCES/0\",\"propertyPath\":\"COST_OBJECT_ADMIN_CST_TYPE\",\"modelName\":\"oNewRruModel\"}}"}]}
RESULT: undefined
COMMAND: POST /session/2095189e0a70b1d32678dd15bb58b96a/element - {"using":"xpath","value":"//*[@id=\"__box10-application-manageresources-display-component---newResourceUnit--RUTimeSegment-0-arrow\"]"}
RESULT: {}
RESULT: {"using":"xpath","value":"//*[@id=\"__box10-application-manageresources-display-component---newResourceUnit--RUTimeSegment-0-arrow\"]"}
COMMAND: POST /session/2095189e0a70b1d32678dd15bb58b96a/element/f.82B6B8A3E657D82ADC5BCF6485BB3A7A.d.EAA8FBD252891FB04C0B90FE366D0E29.e.2294/click - {}
RESULT: {}
COMMAND: POST /session/2095189e0a70b1d32678dd15bb58b96a/execute/async - {"script":"<script> [1562 bytes]","args":[{"selector":{"controlType":"sap.m.StandardListItem","viewName":"reusables.view.manageresources.NewResourceUnit","viewId":"application-manageresources-display-component---newResourceUnit","properties":{"title":"PM Order"},"searchOpenDialogs":true,"interaction":{"idSuffix":"titleText"}},"wdio_ui5_key":"reusablesview.manageresources.NewResourceUnitsap.m.StandardListItem{\"title\":\"PM Order\"}"}]}
COMMAND: GET /session/2095189e0a70b1d32678dd15bb58b96a/screenshot - {}
RESULT: {"script":"<script> [1562 bytes]","args":[{"selector":{"controlType":"sap.m.StandardListItem","viewName":"reusables.view.manageresources.NewResourceUnit","viewId":"application-manageresources-display-component---newResourceUnit","properties":{"title":"PM Order"},"searchOpenDialogs":true,"interaction":{"idSuffix":"titleText"}},"wdio_ui5_key":"reusablesview.manageresources.NewResourceUnitsap.m.StandardListItem{\"title\":\"PM Order\"}"}]}
RESULT: undefined
COMMAND: POST /session/2095189e0a70b1d32678dd15bb58b96a/element - {"using":"xpath","value":"//*[@id=\"__item801\"]"}
RESULT: {}
RESULT: {"using":"xpath","value":"//*[@id=\"__item801\"]"}
COMMAND: POST /session/2095189e0a70b1d32678dd15bb58b96a/element/f.82B6B8A3E657D82ADC5BCF6485BB3A7A.d.EAA8FBD252891FB04C0B90FE366D0E29.e.2298/click - {}
RESULT: {}
COMMAND: GET /session/2095189e0a70b1d32678dd15bb58b96a/screenshot - {}
RESULT: {}
COMMAND: POST /session/2095189e0a70b1d32678dd15bb58b96a/element - {"using":"xpath","value":"(//input[contains(@id ,\"-application-manageresources-display-component---newResourceUnit--RUTimeSegment-0-inner\")])[8]"}
RESULT: {"using":"xpath","value":"(//input[contains(@id ,\"-application-manageresources-display-component---newResourceUnit--RUTimeSegment-0-inner\")])[8]"}
COMMAND: POST /session/2095189e0a70b1d32678dd15bb58b96a/element/f.82B6B8A3E657D82ADC5BCF6485BB3A7A.d.EAA8FBD252891FB04C0B90FE366D0E29.e.2301/clear - {}
RESULT: {}
COMMAND: POST /session/2095189e0a70b1d32678dd15bb58b96a/element/f.82B6B8A3E657D82ADC5BCF6485BB3A7A.d.EAA8FBD252891FB04C0B90FE366D0E29.e.2301/value - {"text":"4000360"}
COMMAND: GET /session/2095189e0a70b1d32678dd15bb58b96a/screenshot - {}
RESULT: {"text":"4000360"}
COMMAND: GET /session/2095189e0a70b1d32678dd15bb58b96a/screenshot - {}
RESULT: {}
RESULT: {}
COMMAND: POST /session/2095189e0a70b1d32678dd15bb58b96a/actions - {"actions":[{"id":"action8","type":"key","parameters":{},"actions":[{"type":"keyDown","value":""},{"type":"pause","duration":10},{"type":"keyUp","value":""}]}]}
RESULT: {"actions":[{"id":"action8","type":"key","parameters":{},"actions":[{"type":"keyDown","value":""},{"type":"pause","duration":10},{"type":"keyUp","value":""}]}]}
COMMAND: GET /session/2095189e0a70b1d32678dd15bb58b96a/screenshot - {}
RESULT: {}
COMMAND: POST /session/2095189e0a70b1d32678dd15bb58b96a/element - {"using":"xpath","value":"//input[contains(@id ,\"application-manageresources-display-component---newResourceUnit--newTimeSegmentFromDatePicker-application-manageresources-display-component---newResourceUnit--RUTimeSegment-0-inner\")]"}
RESULT: {"using":"xpath","value":"//input[contains(@id ,\"application-manageresources-display-component---newResourceUnit--newTimeSegmentFromDatePicker-application-manageresources-display-component---newResourceUnit--RUTimeSegment-0-inner\")]"}
COMMAND: POST /session/2095189e0a70b1d32678dd15bb58b96a/element/f.82B6B8A3E657D82ADC5BCF6485BB3A7A.d.EAA8FBD252891FB04C0B90FE366D0E29.e.2289/clear - {}
RESULT: {}
COMMAND: POST /session/2095189e0a70b1d32678dd15bb58b96a/element/f.82B6B8A3E657D82ADC5BCF6485BB3A7A.d.EAA8FBD252891FB04C0B90FE366D0E29.e.2289/clear - {}
COMMAND: GET /session/2095189e0a70b1d32678dd15bb58b96a/screenshot - {}
RESULT: {}
COMMAND: POST /session/2095189e0a70b1d32678dd15bb58b96a/element/f.82B6B8A3E657D82ADC5BCF6485BB3A7A.d.EAA8FBD252891FB04C0B90FE366D0E29.e.2289/value - {"text":"7/14/24"}
COMMAND: GET /session/2095189e0a70b1d32678dd15bb58b96a/screenshot - {}
RESULT: {}
RESULT: {"text":"7/14/24"}
COMMAND: POST /session/2095189e0a70b1d32678dd15bb58b96a/execute/async - {"script":"<script> [1562 bytes]","args":[{"selector":{"id":"application-manageresources-display-component---newResourceUnit--newRRUPage-anchBar-application-manageresources-display-component---newResourceUnit--resource-anchor","interaction":{"idSuffix":"BDI-content"}},"wdio_ui5_key":"applicationmanageresources-display-component---newResourceUnit--newRRUPage-anchBar-application-manageresources-display-component---newResourceUnit--resource-anchor"}]}
COMMAND: GET /session/2095189e0a70b1d32678dd15bb58b96a/screenshot - {}
RESULT: {}
RESULT: {"script":"<script> [1562 bytes]","args":[{"selector":{"id":"application-manageresources-display-component---newResourceUnit--newRRUPage-anchBar-application-manageresources-display-component---newResourceUnit--resource-anchor","interaction":{"idSuffix":"BDI-content"}},"wdio_ui5_key":"applicationmanageresources-display-component---newResourceUnit--newRRUPage-anchBar-application-manageresources-display-component---newResourceUnit--resource-anchor"}]}
RESULT: undefined
COMMAND: POST /session/2095189e0a70b1d32678dd15bb58b96a/element - {"using":"xpath","value":"//*[@id=\"application-manageresources-display-component---newResourceUnit--newRRUPage-anchBar-application-manageresources-display-component---newResourceUnit--resource-anchor\"]"}
RESULT: {}
RESULT: {"using":"xpath","value":"//*[@id=\"application-manageresources-display-component---newResourceUnit--newRRUPage-anchBar-application-manageresources-display-component---newResourceUnit--resource-anchor\"]"}
COMMAND: POST /session/2095189e0a70b1d32678dd15bb58b96a/element/f.82B6B8A3E657D82ADC5BCF6485BB3A7A.d.EAA8FBD252891FB04C0B90FE366D0E29.e.2308/click - {}
RESULT: {}
COMMAND: POST /session/2095189e0a70b1d32678dd15bb58b96a/execute/async - {"script":"<script> [1562 bytes]","args":[{"selector":{"id":"application-manageresources-display-component---newResourceUnit--PLANNED_DELIVERY_DATE","interaction":{"idSuffix":"inner"}},"wdio_ui5_key":"applicationmanageresources-display-component---newResourceUnit--PLANNED_DELIVERY_DATE"}]}
COMMAND: GET /session/2095189e0a70b1d32678dd15bb58b96a/screenshot - {}
RESULT: {"script":"<script> [1562 bytes]","args":[{"selector":{"id":"application-manageresources-display-component---newResourceUnit--PLANNED_DELIVERY_DATE","interaction":{"idSuffix":"inner"}},"wdio_ui5_key":"applicationmanageresources-display-component---newResourceUnit--PLANNED_DELIVERY_DATE"}]}
RESULT: undefined
COMMAND: POST /session/2095189e0a70b1d32678dd15bb58b96a/execute/async - {"script":"<script> [6424 bytes]","args":[{"element-6066-11e4-a52e-4f735466cecf":"f.82B6B8A3E657D82ADC5BCF6485BB3A7A.d.EAA8FBD252891FB04C0B90FE366D0E29.e.2154"},"setValue",["7/14/24"]]}
RESULT: {}
RESULT: {"script":"<script> [6424 bytes]","args":[{"element-6066-11e4-a52e-4f735466cecf":"f.82B6B8A3E657D82ADC5BCF6485BB3A7A.d.EAA8FBD252891FB04C0B90FE366D0E29.e.2154"},"setValue",["7/14/24"]]}
COMMAND: POST /session/2095189e0a70b1d32678dd15bb58b96a/execute/async - {"script":"<script> [1562 bytes]","args":[{"selector":{"id":"application-manageresources-display-component---newResourceUnit--RETIRE_PLANNED_DATE","interaction":{"idSuffix":"inner"}},"wdio_ui5_key":"applicationmanageresources-display-component---newResourceUnit--RETIRE_PLANNED_DATE"}]}
RESULT: {"script":"<script> [1562 bytes]","args":[{"selector":{"id":"application-manageresources-display-component---newResourceUnit--RETIRE_PLANNED_DATE","interaction":{"idSuffix":"inner"}},"wdio_ui5_key":"applicationmanageresources-display-component---newResourceUnit--RETIRE_PLANNED_DATE"}]}
RESULT: undefined
COMMAND: POST /session/2095189e0a70b1d32678dd15bb58b96a/execute/async - {"script":"<script> [776 bytes]","args":[{"enterText":"3/14/29","selector":{"id":"application-manageresources-display-component---newResourceUnit--RETIRE_PLANNED_DATE","interaction":{"idSuffix":"inner"}},"clearTextFirst":true,"interactionType":"ENTER_TEXT"}]}
RESULT: {"script":"<script> [776 bytes]","args":[{"enterText":"3/14/29","selector":{"id":"application-manageresources-display-component---newResourceUnit--RETIRE_PLANNED_DATE","interaction":{"idSuffix":"inner"}},"clearTextFirst":true,"interactionType":"ENTER_TEXT"}]}
RESULT: undefined
COMMAND: POST /session/2095189e0a70b1d32678dd15bb58b96a/element - {"using":"xpath","value":"//*[@id=\"application-manageresources-display-component---newResourceUnit--createRuButton\"]"}
RESULT: {"using":"xpath","value":"//*[@id=\"application-manageresources-display-component---newResourceUnit--createRuButton\"]"}
COMMAND: POST /session/2095189e0a70b1d32678dd15bb58b96a/element/f.82B6B8A3E657D82ADC5BCF6485BB3A7A.d.EAA8FBD252891FB04C0B90FE366D0E29.e.2114/click - {}
RESULT: {}
COMMAND: GET /session/2095189e0a70b1d32678dd15bb58b96a/screenshot - {}
RESULT: {}
COMMAND: POST /session/2095189e0a70b1d32678dd15bb58b96a/element - {"using":"xpath","value":"(//bdi[contains(text(), \"Close\")])[1]"}
RESULT: {"using":"xpath","value":"(//bdi[contains(text(), \"Close\")])[1]"}
COMMAND: POST /session/2095189e0a70b1d32678dd15bb58b96a/element/f.82B6B8A3E657D82ADC5BCF6485BB3A7A.d.EAA8FBD252891FB04C0B90FE366D0E29.e.2317/click - {}
RESULT: {}
COMMAND: GET /session/2095189e0a70b1d32678dd15bb58b96a/screenshot - {}
RESULT: {}
]]></system-out>
    </testcase>
    <testcase classname="chrome.137_0_7151_69.windows.Related_resources_for_groups_US139107" name="Should create one more equipment using copy function and add it to the group" time="64.198">
      <system-out><![CDATA[
COMMAND: POST /session/2095189e0a70b1d32678dd15bb58b96a/element - {"using":"xpath","value":"//span[contains(@id ,\"actionsToolbar-overflowButton-img\")]"}
RESULT: {"using":"xpath","value":"//span[contains(@id ,\"actionsToolbar-overflowButton-img\")]"}
COMMAND: POST /session/2095189e0a70b1d32678dd15bb58b96a/execute/sync - {"script":"<script> [8489 bytes]","args":[{"element-6066-11e4-a52e-4f735466cecf":"f.82B6B8A3E657D82ADC5BCF6485BB3A7A.d.EAA8FBD252891FB04C0B90FE366D0E29.e.2361","ELEMENT":"f.82B6B8A3E657D82ADC5BCF6485BB3A7A.d.EAA8FBD252891FB04C0B90FE366D0E29.e.2361"}]}
RESULT: {"script":"<script> [8489 bytes]","args":[{"element-6066-11e4-a52e-4f735466cecf":"f.82B6B8A3E657D82ADC5BCF6485BB3A7A.d.EAA8FBD252891FB04C0B90FE366D0E29.e.2361","ELEMENT":"f.82B6B8A3E657D82ADC5BCF6485BB3A7A.d.EAA8FBD252891FB04C0B90FE366D0E29.e.2361"}]}
COMMAND: POST /session/2095189e0a70b1d32678dd15bb58b96a/execute/sync - {"script":"<script> [5351 bytes]","args":[{"element-6066-11e4-a52e-4f735466cecf":"f.82B6B8A3E657D82ADC5BCF6485BB3A7A.d.EAA8FBD252891FB04C0B90FE366D0E29.e.2361","ELEMENT":"f.82B6B8A3E657D82ADC5BCF6485BB3A7A.d.EAA8FBD252891FB04C0B90FE366D0E29.e.2361"}]}
COMMAND: GET /session/2095189e0a70b1d32678dd15bb58b96a/screenshot - {}
RESULT: {"script":"<script> [5351 bytes]","args":[{"element-6066-11e4-a52e-4f735466cecf":"f.82B6B8A3E657D82ADC5BCF6485BB3A7A.d.EAA8FBD252891FB04C0B90FE366D0E29.e.2361","ELEMENT":"f.82B6B8A3E657D82ADC5BCF6485BB3A7A.d.EAA8FBD252891FB04C0B90FE366D0E29.e.2361"}]}
COMMAND: GET /session/2095189e0a70b1d32678dd15bb58b96a/screenshot - {}
COMMAND: POST /session/2095189e0a70b1d32678dd15bb58b96a/execute/sync - {"script":"<script> [8489 bytes]","args":[{"element-6066-11e4-a52e-4f735466cecf":"f.82B6B8A3E657D82ADC5BCF6485BB3A7A.d.EAA8FBD252891FB04C0B90FE366D0E29.e.2361","ELEMENT":"f.82B6B8A3E657D82ADC5BCF6485BB3A7A.d.EAA8FBD252891FB04C0B90FE366D0E29.e.2361"}]}
RESULT: {}
RESULT: {}
RESULT: {"script":"<script> [8489 bytes]","args":[{"element-6066-11e4-a52e-4f735466cecf":"f.82B6B8A3E657D82ADC5BCF6485BB3A7A.d.EAA8FBD252891FB04C0B90FE366D0E29.e.2361","ELEMENT":"f.82B6B8A3E657D82ADC5BCF6485BB3A7A.d.EAA8FBD252891FB04C0B90FE366D0E29.e.2361"}]}
COMMAND: POST /session/2095189e0a70b1d32678dd15bb58b96a/execute/sync - {"script":"<script> [5351 bytes]","args":[{"element-6066-11e4-a52e-4f735466cecf":"f.82B6B8A3E657D82ADC5BCF6485BB3A7A.d.EAA8FBD252891FB04C0B90FE366D0E29.e.2361","ELEMENT":"f.82B6B8A3E657D82ADC5BCF6485BB3A7A.d.EAA8FBD252891FB04C0B90FE366D0E29.e.2361"}]}
COMMAND: GET /session/2095189e0a70b1d32678dd15bb58b96a/screenshot - {}
RESULT: {"script":"<script> [5351 bytes]","args":[{"element-6066-11e4-a52e-4f735466cecf":"f.82B6B8A3E657D82ADC5BCF6485BB3A7A.d.EAA8FBD252891FB04C0B90FE366D0E29.e.2361","ELEMENT":"f.82B6B8A3E657D82ADC5BCF6485BB3A7A.d.EAA8FBD252891FB04C0B90FE366D0E29.e.2361"}]}
COMMAND: POST /session/2095189e0a70b1d32678dd15bb58b96a/element/f.82B6B8A3E657D82ADC5BCF6485BB3A7A.d.EAA8FBD252891FB04C0B90FE366D0E29.e.2361/click - {}
COMMAND: GET /session/2095189e0a70b1d32678dd15bb58b96a/screenshot - {}
RESULT: {}
RESULT: {}
COMMAND: GET /session/2095189e0a70b1d32678dd15bb58b96a/screenshot - {}
RESULT: {}
RESULT: {}
COMMAND: POST /session/2095189e0a70b1d32678dd15bb58b96a/execute/async - {"script":"<script> [1562 bytes]","args":[{"selector":{"controlType":"sap.m.Button","viewName":"etm.portal.ui.manageresources.view.Detail","viewId":"application-manageresources-display-component---detailRU","i18NText":{"propertyName":"text","key":"copy"},"interaction":{"idSuffix":"BDI-content"}},"wdio_ui5_key":"etmportal.ui.manageresources.view.Detailsap.m.Button{\"propertyName\":\"text\",\"key\":\"copy\"}"}]}
RESULT: {"script":"<script> [1562 bytes]","args":[{"selector":{"controlType":"sap.m.Button","viewName":"etm.portal.ui.manageresources.view.Detail","viewId":"application-manageresources-display-component---detailRU","i18NText":{"propertyName":"text","key":"copy"},"interaction":{"idSuffix":"BDI-content"}},"wdio_ui5_key":"etmportal.ui.manageresources.view.Detailsap.m.Button{\"propertyName\":\"text\",\"key\":\"copy\"}"}]}
RESULT: undefined
COMMAND: POST /session/2095189e0a70b1d32678dd15bb58b96a/element - {"using":"xpath","value":"//*[@id=\"__button117\"]"}
RESULT: {"using":"xpath","value":"//*[@id=\"__button117\"]"}
COMMAND: POST /session/2095189e0a70b1d32678dd15bb58b96a/element/f.82B6B8A3E657D82ADC5BCF6485BB3A7A.d.EAA8FBD252891FB04C0B90FE366D0E29.e.2377/click - {}
RESULT: {}
COMMAND: GET /session/2095189e0a70b1d32678dd15bb58b96a/screenshot - {}
RESULT: {}
COMMAND: POST /session/2095189e0a70b1d32678dd15bb58b96a/execute/async - {"script":"<script> [1562 bytes]","args":[{"selector":{"controlType":"sap.m.Button","viewName":"etm.portal.ui.manageresources.view.Detail","viewId":"application-manageresources-display-component---detailRU","i18NText":{"propertyName":"text","key":"selectAll"},"searchOpenDialogs":true,"interaction":{"idSuffix":"BDI-content"}},"wdio_ui5_key":"etmportal.ui.manageresources.view.Detailsap.m.Button{\"propertyName\":\"text\",\"key\":\"selectAll\"}"}]}
RESULT: {"script":"<script> [1562 bytes]","args":[{"selector":{"controlType":"sap.m.Button","viewName":"etm.portal.ui.manageresources.view.Detail","viewId":"application-manageresources-display-component---detailRU","i18NText":{"propertyName":"text","key":"selectAll"},"searchOpenDialogs":true,"interaction":{"idSuffix":"BDI-content"}},"wdio_ui5_key":"etmportal.ui.manageresources.view.Detailsap.m.Button{\"propertyName\":\"text\",\"key\":\"selectAll\"}"}]}
RESULT: undefined
COMMAND: POST /session/2095189e0a70b1d32678dd15bb58b96a/element - {"using":"xpath","value":"//*[@id=\"__button168\"]"}
RESULT: {"using":"xpath","value":"//*[@id=\"__button168\"]"}
COMMAND: POST /session/2095189e0a70b1d32678dd15bb58b96a/element/f.82B6B8A3E657D82ADC5BCF6485BB3A7A.d.EAA8FBD252891FB04C0B90FE366D0E29.e.2378/click - {}
RESULT: {}
COMMAND: GET /session/2095189e0a70b1d32678dd15bb58b96a/screenshot - {}
RESULT: {}
COMMAND: POST /session/2095189e0a70b1d32678dd15bb58b96a/execute/async - {"script":"<script> [1562 bytes]","args":[{"selector":{"controlType":"sap.m.Button","viewName":"etm.portal.ui.manageresources.view.Detail","viewId":"application-manageresources-display-component---detailRU","i18NText":{"propertyName":"text","key":"confirm"},"searchOpenDialogs":true,"interaction":{"idSuffix":"content"}},"wdio_ui5_key":"etmportal.ui.manageresources.view.Detailsap.m.Button{\"propertyName\":\"text\",\"key\":\"confirm\"}"}]}
RESULT: {"script":"<script> [1562 bytes]","args":[{"selector":{"controlType":"sap.m.Button","viewName":"etm.portal.ui.manageresources.view.Detail","viewId":"application-manageresources-display-component---detailRU","i18NText":{"propertyName":"text","key":"confirm"},"searchOpenDialogs":true,"interaction":{"idSuffix":"content"}},"wdio_ui5_key":"etmportal.ui.manageresources.view.Detailsap.m.Button{\"propertyName\":\"text\",\"key\":\"confirm\"}"}]}
RESULT: undefined
COMMAND: POST /session/2095189e0a70b1d32678dd15bb58b96a/element - {"using":"xpath","value":"//*[@id=\"__button169\"]"}
RESULT: {"using":"xpath","value":"//*[@id=\"__button169\"]"}
COMMAND: POST /session/2095189e0a70b1d32678dd15bb58b96a/element/f.82B6B8A3E657D82ADC5BCF6485BB3A7A.d.EAA8FBD252891FB04C0B90FE366D0E29.e.2402/click - {}
RESULT: {}
COMMAND: GET /session/2095189e0a70b1d32678dd15bb58b96a/screenshot - {}
RESULT: {}
RESULT: undefined
COMMAND: POST /session/2095189e0a70b1d32678dd15bb58b96a/execute/async - {"script":"<script> [776 bytes]","args":[{"enterText":"WdIORUEquip27scz2","selector":{"id":"application-manageresources-display-component---newResourceUnit--resourceId","interaction":{"idSuffix":"inner"}},"clearTextFirst":true,"interactionType":"ENTER_TEXT"}]}
RESULT: {"script":"<script> [776 bytes]","args":[{"enterText":"WdIORUEquip27scz2","selector":{"id":"application-manageresources-display-component---newResourceUnit--resourceId","interaction":{"idSuffix":"inner"}},"clearTextFirst":true,"interactionType":"ENTER_TEXT"}]}
COMMAND: POST /session/2095189e0a70b1d32678dd15bb58b96a/element - {"using":"xpath","value":"//input[contains(@id ,\"application-manageresources-display-component---newResourceUnit--SHORT_TEXT-inner\")]"}
RESULT: {"using":"xpath","value":"//input[contains(@id ,\"application-manageresources-display-component---newResourceUnit--SHORT_TEXT-inner\")]"}
COMMAND: POST /session/2095189e0a70b1d32678dd15bb58b96a/element/f.82B6B8A3E657D82ADC5BCF6485BB3A7A.d.EAA8FBD252891FB04C0B90FE366D0E29.e.2119/clear - {}
RESULT: {}
COMMAND: POST /session/2095189e0a70b1d32678dd15bb58b96a/element/f.82B6B8A3E657D82ADC5BCF6485BB3A7A.d.EAA8FBD252891FB04C0B90FE366D0E29.e.2119/clear - {}
COMMAND: GET /session/2095189e0a70b1d32678dd15bb58b96a/screenshot - {}
RESULT: {}
COMMAND: POST /session/2095189e0a70b1d32678dd15bb58b96a/element/f.82B6B8A3E657D82ADC5BCF6485BB3A7A.d.EAA8FBD252891FB04C0B90FE366D0E29.e.2119/value - {"text":"WdIORUEquip27scz2"}
COMMAND: GET /session/2095189e0a70b1d32678dd15bb58b96a/screenshot - {}
RESULT: {}
RESULT: {}
RESULT: {"text":"WdIORUEquip27scz2"}
COMMAND: POST /session/2095189e0a70b1d32678dd15bb58b96a/element - {"using":"xpath","value":"//bdi[contains(text(), \"Time Segment\")]"}
COMMAND: GET /session/2095189e0a70b1d32678dd15bb58b96a/screenshot - {}
RESULT: {"using":"xpath","value":"//bdi[contains(text(), \"Time Segment\")]"}
COMMAND: GET /session/2095189e0a70b1d32678dd15bb58b96a/element/f.82B6B8A3E657D82ADC5BCF6485BB3A7A.d.EAA8FBD252891FB04C0B90FE366D0E29.e.2275/rect - {}
RESULT: {}
RESULT: {}
COMMAND: GET /session/2095189e0a70b1d32678dd15bb58b96a/window/rect - {}
RESULT: {}
COMMAND: POST /session/2095189e0a70b1d32678dd15bb58b96a/execute/sync - {"script":"<script> [92 bytes]","args":[]}
RESULT: {"script":"<script> [92 bytes]","args":[]}
COMMAND: POST /session/2095189e0a70b1d32678dd15bb58b96a/actions - {"actions":[{"id":"action9","type":"wheel","parameters":{},"actions":[{"type":"scroll","x":-1820,"y":1057,"deltaX":0,"deltaY":0,"duration":0,"origin":{"element-6066-11e4-a52e-4f735466cecf":"f.82B6B8A3E657D82ADC5BCF6485BB3A7A.d.EAA8FBD252891FB04C0B90FE366D0E29.e.2275"}}]}]}
COMMAND: GET /session/2095189e0a70b1d32678dd15bb58b96a/screenshot - {}
RESULT: {}
COMMAND: POST /session/2095189e0a70b1d32678dd15bb58b96a/execute/sync - {"script":"<script> [79 bytes]","args":[{"element-6066-11e4-a52e-4f735466cecf":"f.82B6B8A3E657D82ADC5BCF6485BB3A7A.d.EAA8FBD252891FB04C0B90FE366D0E29.e.2275","ELEMENT":"f.82B6B8A3E657D82ADC5BCF6485BB3A7A.d.EAA8FBD252891FB04C0B90FE366D0E29.e.2275"},{"block":"start","inline":"nearest"}]}
RESULT: {"script":"<script> [79 bytes]","args":[{"element-6066-11e4-a52e-4f735466cecf":"f.82B6B8A3E657D82ADC5BCF6485BB3A7A.d.EAA8FBD252891FB04C0B90FE366D0E29.e.2275","ELEMENT":"f.82B6B8A3E657D82ADC5BCF6485BB3A7A.d.EAA8FBD252891FB04C0B90FE366D0E29.e.2275"},{"block":"start","inline":"nearest"}]}
COMMAND: GET /session/2095189e0a70b1d32678dd15bb58b96a/screenshot - {}
RESULT: {}
COMMAND: POST /session/2095189e0a70b1d32678dd15bb58b96a/element - {"using":"xpath","value":"//input[@id=\"application-manageresources-display-component---newResourceUnit--idRuTSAdmin-application-manageresources-display-component---newResourceUnit--RUTimeSegment-0-inner\"]"}
RESULT: {"using":"xpath","value":"//input[@id=\"application-manageresources-display-component---newResourceUnit--idRuTSAdmin-application-manageresources-display-component---newResourceUnit--RUTimeSegment-0-inner\"]"}
COMMAND: POST /session/2095189e0a70b1d32678dd15bb58b96a/element/f.82B6B8A3E657D82ADC5BCF6485BB3A7A.d.EAA8FBD252891FB04C0B90FE366D0E29.e.2282/clear - {}
RESULT: {}
COMMAND: POST /session/2095189e0a70b1d32678dd15bb58b96a/element/f.82B6B8A3E657D82ADC5BCF6485BB3A7A.d.EAA8FBD252891FB04C0B90FE366D0E29.e.2282/value - {"text":"WebdriverYard1coz1"}
COMMAND: GET /session/2095189e0a70b1d32678dd15bb58b96a/screenshot - {}
RESULT: {"text":"WebdriverYard1coz1"}
COMMAND: GET /session/2095189e0a70b1d32678dd15bb58b96a/screenshot - {}
RESULT: {}
RESULT: {}
COMMAND: POST /session/2095189e0a70b1d32678dd15bb58b96a/actions - {"actions":[{"id":"action10","type":"key","parameters":{},"actions":[{"type":"keyDown","value":""},{"type":"pause","duration":10},{"type":"keyUp","value":""}]}]}
RESULT: {"actions":[{"id":"action10","type":"key","parameters":{},"actions":[{"type":"keyDown","value":""},{"type":"pause","duration":10},{"type":"keyUp","value":""}]}]}
COMMAND: GET /session/2095189e0a70b1d32678dd15bb58b96a/screenshot - {}
RESULT: {}
RESULT: undefined
COMMAND: POST /session/2095189e0a70b1d32678dd15bb58b96a/element - {"using":"xpath","value":"//*[@id=\"__box10-application-manageresources-display-component---newResourceUnit--RUTimeSegment-0-arrow\"]"}
RESULT: {"using":"xpath","value":"//*[@id=\"__box10-application-manageresources-display-component---newResourceUnit--RUTimeSegment-0-arrow\"]"}
COMMAND: POST /session/2095189e0a70b1d32678dd15bb58b96a/element/f.82B6B8A3E657D82ADC5BCF6485BB3A7A.d.EAA8FBD252891FB04C0B90FE366D0E29.e.2294/click - {}
RESULT: {}
COMMAND: GET /session/2095189e0a70b1d32678dd15bb58b96a/screenshot - {}
RESULT: {}
COMMAND: POST /session/2095189e0a70b1d32678dd15bb58b96a/element - {"using":"xpath","value":"//span[contains(@id ,\"titleText\")][contains(text(), \"PM Order\")]"}
RESULT: {"using":"xpath","value":"//span[contains(@id ,\"titleText\")][contains(text(), \"PM Order\")]"}
COMMAND: POST /session/2095189e0a70b1d32678dd15bb58b96a/element/f.82B6B8A3E657D82ADC5BCF6485BB3A7A.d.EAA8FBD252891FB04C0B90FE366D0E29.e.2423/click - {}
RESULT: {}
COMMAND: GET /session/2095189e0a70b1d32678dd15bb58b96a/screenshot - {}
RESULT: {}
COMMAND: POST /session/2095189e0a70b1d32678dd15bb58b96a/element - {"using":"xpath","value":"(//input[contains(@id ,\"-application-manageresources-display-component---newResourceUnit--RUTimeSegment-0-inner\")])[8]"}
RESULT: {"using":"xpath","value":"(//input[contains(@id ,\"-application-manageresources-display-component---newResourceUnit--RUTimeSegment-0-inner\")])[8]"}
COMMAND: POST /session/2095189e0a70b1d32678dd15bb58b96a/element/f.82B6B8A3E657D82ADC5BCF6485BB3A7A.d.EAA8FBD252891FB04C0B90FE366D0E29.e.2426/clear - {}
RESULT: {}
COMMAND: POST /session/2095189e0a70b1d32678dd15bb58b96a/element/f.82B6B8A3E657D82ADC5BCF6485BB3A7A.d.EAA8FBD252891FB04C0B90FE366D0E29.e.2426/value - {"text":"4000360"}
COMMAND: GET /session/2095189e0a70b1d32678dd15bb58b96a/screenshot - {}
RESULT: {"text":"4000360"}
COMMAND: GET /session/2095189e0a70b1d32678dd15bb58b96a/screenshot - {}
RESULT: {}
RESULT: {}
COMMAND: POST /session/2095189e0a70b1d32678dd15bb58b96a/actions - {"actions":[{"id":"action11","type":"key","parameters":{},"actions":[{"type":"keyDown","value":""},{"type":"pause","duration":10},{"type":"keyUp","value":""}]}]}
RESULT: {"actions":[{"id":"action11","type":"key","parameters":{},"actions":[{"type":"keyDown","value":""},{"type":"pause","duration":10},{"type":"keyUp","value":""}]}]}
COMMAND: GET /session/2095189e0a70b1d32678dd15bb58b96a/screenshot - {}
RESULT: {}
RESULT: undefined
COMMAND: POST /session/2095189e0a70b1d32678dd15bb58b96a/element - {"using":"xpath","value":"//*[@id=\"application-manageresources-display-component---newResourceUnit--createRuButton\"]"}
RESULT: {"using":"xpath","value":"//*[@id=\"application-manageresources-display-component---newResourceUnit--createRuButton\"]"}
COMMAND: POST /session/2095189e0a70b1d32678dd15bb58b96a/element/f.82B6B8A3E657D82ADC5BCF6485BB3A7A.d.EAA8FBD252891FB04C0B90FE366D0E29.e.2114/click - {}
RESULT: {}
COMMAND: GET /session/2095189e0a70b1d32678dd15bb58b96a/screenshot - {}
RESULT: {}
COMMAND: POST /session/2095189e0a70b1d32678dd15bb58b96a/element - {"using":"xpath","value":"(//bdi[contains(text(), \"Close\")])[1]"}
RESULT: {"using":"xpath","value":"(//bdi[contains(text(), \"Close\")])[1]"}
COMMAND: POST /session/2095189e0a70b1d32678dd15bb58b96a/element/f.82B6B8A3E657D82ADC5BCF6485BB3A7A.d.EAA8FBD252891FB04C0B90FE366D0E29.e.2446/click - {}
RESULT: {}
COMMAND: GET /session/2095189e0a70b1d32678dd15bb58b96a/screenshot - {}
RESULT: {}
]]></system-out>
    </testcase>
    <testcase classname="chrome.137_0_7151_69.windows.Related_resources_for_groups_US139107" name="Should verify the Yard Overview hyperlinks in related resource" time="113.636">
      <system-out><![CDATA[
COMMAND: POST /session/2095189e0a70b1d32678dd15bb58b96a/execute/async - {"script":"<script> [1562 bytes]","args":[{"selector":{"controlType":"sap.ui.core.Icon","viewName":"etm.portal.ui.manageresources.view.Detail","viewId":"application-manageresources-display-component---detailRU","properties":{"src":{"regex":{"source":"decline"}}}},"wdio_ui5_key":"etmportal.ui.manageresources.view.Detailsap.ui.core.Icon{\"src\":{\"regex\":{\"source\":\"decline\"}}}"}]}
RESULT: {"script":"<script> [1562 bytes]","args":[{"selector":{"controlType":"sap.ui.core.Icon","viewName":"etm.portal.ui.manageresources.view.Detail","viewId":"application-manageresources-display-component---detailRU","properties":{"src":{"regex":{"source":"decline"}}}},"wdio_ui5_key":"etmportal.ui.manageresources.view.Detailsap.ui.core.Icon{\"src\":{\"regex\":{\"source\":\"decline\"}}}"}]}
RESULT: undefined
COMMAND: POST /session/2095189e0a70b1d32678dd15bb58b96a/element - {"using":"xpath","value":"//input[contains(@id ,\"application-manageresources-display-component---masterRU--smartFilterBar-btnBasicSearch-I\")]"}
RESULT: {"using":"xpath","value":"//input[contains(@id ,\"application-manageresources-display-component---masterRU--smartFilterBar-btnBasicSearch-I\")]"}
COMMAND: POST /session/2095189e0a70b1d32678dd15bb58b96a/element/f.82B6B8A3E657D82ADC5BCF6485BB3A7A.d.EAA8FBD252891FB04C0B90FE366D0E29.e.1753/value - {"text":"WdIORUGroup6v951"}
RESULT: {"text":"WdIORUGroup6v951"}
COMMAND: GET /session/2095189e0a70b1d32678dd15bb58b96a/screenshot - {}
RESULT: {}
COMMAND: POST /session/2095189e0a70b1d32678dd15bb58b96a/actions - {"actions":[{"id":"action12","type":"key","parameters":{},"actions":[{"type":"keyDown","value":""},{"type":"pause","duration":10},{"type":"keyUp","value":""}]}]}
RESULT: {"actions":[{"id":"action12","type":"key","parameters":{},"actions":[{"type":"keyDown","value":""},{"type":"pause","duration":10},{"type":"keyUp","value":""}]}]}
COMMAND: GET /session/2095189e0a70b1d32678dd15bb58b96a/screenshot - {}
RESULT: {}
COMMAND: POST /session/2095189e0a70b1d32678dd15bb58b96a/execute/async - {"script":"<script> [1562 bytes]","args":[{"selector":{"controlType":"sap.ui.core.Icon","viewName":"etm.portal.ui.manageresources.view.Master","viewId":"application-manageresources-display-component---masterRU","properties":{"src":{"regex":{"source":"slim\\-arrow\\-right"}}}},"wdio_ui5_key":"etmportal.ui.manageresources.view.Mastersap.ui.core.Icon{\"src\":{\"regex\":{\"source\":\"slim\\\\-arrow\\\\-right\"}}}"}]}
RESULT: {"script":"<script> [1562 bytes]","args":[{"selector":{"controlType":"sap.ui.core.Icon","viewName":"etm.portal.ui.manageresources.view.Master","viewId":"application-manageresources-display-component---masterRU","properties":{"src":{"regex":{"source":"slim\\-arrow\\-right"}}}},"wdio_ui5_key":"etmportal.ui.manageresources.view.Mastersap.ui.core.Icon{\"src\":{\"regex\":{\"source\":\"slim\\\\-arrow\\\\-right\"}}}"}]}
RESULT: undefined
COMMAND: POST /session/2095189e0a70b1d32678dd15bb58b96a/element - {"using":"xpath","value":"//*[@id=\"__item420-__clone999-imgNav\"]"}
RESULT: {"using":"xpath","value":"//*[@id=\"__item420-__clone999-imgNav\"]"}
COMMAND: POST /session/2095189e0a70b1d32678dd15bb58b96a/element/f.82B6B8A3E657D82ADC5BCF6485BB3A7A.d.EAA8FBD252891FB04C0B90FE366D0E29.e.1925/click - {}
RESULT: {}
COMMAND: GET /session/2095189e0a70b1d32678dd15bb58b96a/screenshot - {}
RESULT: {}
COMMAND: POST /session/2095189e0a70b1d32678dd15bb58b96a/element - {"using":"xpath","value":"//bdi[contains(@id ,\"application-manageresources-display-component---detailRU--openRelatedRus-BDI-content\")]"}
RESULT: {"using":"xpath","value":"//bdi[contains(@id ,\"application-manageresources-display-component---detailRU--openRelatedRus-BDI-content\")]"}
COMMAND: POST /session/2095189e0a70b1d32678dd15bb58b96a/execute/sync - {"script":"<script> [8489 bytes]","args":[{"element-6066-11e4-a52e-4f735466cecf":"f.82B6B8A3E657D82ADC5BCF6485BB3A7A.d.EAA8FBD252891FB04C0B90FE366D0E29.e.2685","ELEMENT":"f.82B6B8A3E657D82ADC5BCF6485BB3A7A.d.EAA8FBD252891FB04C0B90FE366D0E29.e.2685"}]}
RESULT: {"script":"<script> [8489 bytes]","args":[{"element-6066-11e4-a52e-4f735466cecf":"f.82B6B8A3E657D82ADC5BCF6485BB3A7A.d.EAA8FBD252891FB04C0B90FE366D0E29.e.2685","ELEMENT":"f.82B6B8A3E657D82ADC5BCF6485BB3A7A.d.EAA8FBD252891FB04C0B90FE366D0E29.e.2685"}]}
COMMAND: POST /session/2095189e0a70b1d32678dd15bb58b96a/execute/sync - {"script":"<script> [5351 bytes]","args":[{"element-6066-11e4-a52e-4f735466cecf":"f.82B6B8A3E657D82ADC5BCF6485BB3A7A.d.EAA8FBD252891FB04C0B90FE366D0E29.e.2685","ELEMENT":"f.82B6B8A3E657D82ADC5BCF6485BB3A7A.d.EAA8FBD252891FB04C0B90FE366D0E29.e.2685"}]}
COMMAND: GET /session/2095189e0a70b1d32678dd15bb58b96a/screenshot - {}
RESULT: {"script":"<script> [5351 bytes]","args":[{"element-6066-11e4-a52e-4f735466cecf":"f.82B6B8A3E657D82ADC5BCF6485BB3A7A.d.EAA8FBD252891FB04C0B90FE366D0E29.e.2685","ELEMENT":"f.82B6B8A3E657D82ADC5BCF6485BB3A7A.d.EAA8FBD252891FB04C0B90FE366D0E29.e.2685"}]}
COMMAND: POST /session/2095189e0a70b1d32678dd15bb58b96a/element/f.82B6B8A3E657D82ADC5BCF6485BB3A7A.d.EAA8FBD252891FB04C0B90FE366D0E29.e.2685/click - {}
COMMAND: GET /session/2095189e0a70b1d32678dd15bb58b96a/screenshot - {}
RESULT: {}
RESULT: {}
COMMAND: GET /session/2095189e0a70b1d32678dd15bb58b96a/screenshot - {}
RESULT: {}
RESULT: {}
COMMAND: POST /session/2095189e0a70b1d32678dd15bb58b96a/element - {"using":"xpath","value":"//*[contains(@data-kt ,\"openRUIdMenuLink\")]"}
RESULT: {"using":"xpath","value":"//*[contains(@data-kt ,\"openRUIdMenuLink\")]"}
COMMAND: POST /session/2095189e0a70b1d32678dd15bb58b96a/execute/sync - {"script":"<script> [8489 bytes]","args":[{"element-6066-11e4-a52e-4f735466cecf":"f.82B6B8A3E657D82ADC5BCF6485BB3A7A.d.EAA8FBD252891FB04C0B90FE366D0E29.e.2691","ELEMENT":"f.82B6B8A3E657D82ADC5BCF6485BB3A7A.d.EAA8FBD252891FB04C0B90FE366D0E29.e.2691"}]}
RESULT: {"script":"<script> [8489 bytes]","args":[{"element-6066-11e4-a52e-4f735466cecf":"f.82B6B8A3E657D82ADC5BCF6485BB3A7A.d.EAA8FBD252891FB04C0B90FE366D0E29.e.2691","ELEMENT":"f.82B6B8A3E657D82ADC5BCF6485BB3A7A.d.EAA8FBD252891FB04C0B90FE366D0E29.e.2691"}]}
COMMAND: POST /session/2095189e0a70b1d32678dd15bb58b96a/execute/sync - {"script":"<script> [5351 bytes]","args":[{"element-6066-11e4-a52e-4f735466cecf":"f.82B6B8A3E657D82ADC5BCF6485BB3A7A.d.EAA8FBD252891FB04C0B90FE366D0E29.e.2691","ELEMENT":"f.82B6B8A3E657D82ADC5BCF6485BB3A7A.d.EAA8FBD252891FB04C0B90FE366D0E29.e.2691"}]}
COMMAND: GET /session/2095189e0a70b1d32678dd15bb58b96a/screenshot - {}
RESULT: {"script":"<script> [5351 bytes]","args":[{"element-6066-11e4-a52e-4f735466cecf":"f.82B6B8A3E657D82ADC5BCF6485BB3A7A.d.EAA8FBD252891FB04C0B90FE366D0E29.e.2691","ELEMENT":"f.82B6B8A3E657D82ADC5BCF6485BB3A7A.d.EAA8FBD252891FB04C0B90FE366D0E29.e.2691"}]}
COMMAND: POST /session/2095189e0a70b1d32678dd15bb58b96a/execute/async - {"script":"<script> [1562 bytes]","args":[{"selector":{"id":"RelatedRUsFragmentID--smartTableRUs-header","searchOpenDialogs":true},"wdio_ui5_key":"RelatedRUsFragmentIDsmartTableRUs-header"}]}
COMMAND: GET /session/2095189e0a70b1d32678dd15bb58b96a/screenshot - {}
RESULT: {}
RESULT: {"script":"<script> [1562 bytes]","args":[{"selector":{"id":"RelatedRUsFragmentID--smartTableRUs-header","searchOpenDialogs":true},"wdio_ui5_key":"RelatedRUsFragmentIDsmartTableRUs-header"}]}
RESULT: undefined
COMMAND: POST /session/2095189e0a70b1d32678dd15bb58b96a/execute/async - {"script":"<script> [6424 bytes]","args":[{"element-6066-11e4-a52e-4f735466cecf":"f.82B6B8A3E657D82ADC5BCF6485BB3A7A.d.EAA8FBD252891FB04C0B90FE366D0E29.e.2692"},"getText",[]]}
RESULT: {}
RESULT: {"script":"<script> [6424 bytes]","args":[{"element-6066-11e4-a52e-4f735466cecf":"f.82B6B8A3E657D82ADC5BCF6485BB3A7A.d.EAA8FBD252891FB04C0B90FE366D0E29.e.2692"},"getText",[]]}
COMMAND: POST /session/2095189e0a70b1d32678dd15bb58b96a/element/f.82B6B8A3E657D82ADC5BCF6485BB3A7A.d.EAA8FBD252891FB04C0B90FE366D0E29.e.2691/click - {}
RESULT: {}
COMMAND: GET /session/2095189e0a70b1d32678dd15bb58b96a/screenshot - {}
RESULT: {}
COMMAND: POST /session/2095189e0a70b1d32678dd15bb58b96a/element - {"using":"xpath","value":"//*[contains(@data-kt ,\"ContextMenuId2Link\")][contains(text(), \"RU Overview\")]"}
RESULT: {"using":"xpath","value":"//*[contains(@data-kt ,\"ContextMenuId2Link\")][contains(text(), \"RU Overview\")]"}
COMMAND: POST /session/2095189e0a70b1d32678dd15bb58b96a/execute/sync - {"script":"<script> [8489 bytes]","args":[{"element-6066-11e4-a52e-4f735466cecf":"f.82B6B8A3E657D82ADC5BCF6485BB3A7A.d.EAA8FBD252891FB04C0B90FE366D0E29.e.2694","ELEMENT":"f.82B6B8A3E657D82ADC5BCF6485BB3A7A.d.EAA8FBD252891FB04C0B90FE366D0E29.e.2694"}]}
COMMAND: POST /session/2095189e0a70b1d32678dd15bb58b96a/element/f.82B6B8A3E657D82ADC5BCF6485BB3A7A.d.EAA8FBD252891FB04C0B90FE366D0E29.e.2694/click - {}
RESULT: {"script":"<script> [8489 bytes]","args":[{"element-6066-11e4-a52e-4f735466cecf":"f.82B6B8A3E657D82ADC5BCF6485BB3A7A.d.EAA8FBD252891FB04C0B90FE366D0E29.e.2694","ELEMENT":"f.82B6B8A3E657D82ADC5BCF6485BB3A7A.d.EAA8FBD252891FB04C0B90FE366D0E29.e.2694"}]}
COMMAND: GET /session/2095189e0a70b1d32678dd15bb58b96a/screenshot - {}
RESULT: {}
COMMAND: GET /session/2095189e0a70b1d32678dd15bb58b96a/screenshot - {}
RESULT: {}
RESULT: {}
COMMAND: POST /session/2095189e0a70b1d32678dd15bb58b96a/execute/async - {"script":"<script> [1562 bytes]","args":[{"selector":{"id":"shellAppTitle"},"wdio_ui5_key":"shellAppTitle"}]}
RESULT: {"script":"<script> [1562 bytes]","args":[{"selector":{"id":"shellAppTitle"},"wdio_ui5_key":"shellAppTitle"}]}
RESULT: undefined
COMMAND: POST /session/2095189e0a70b1d32678dd15bb58b96a/execute/async - {"script":"<script> [6424 bytes]","args":[{"element-6066-11e4-a52e-4f735466cecf":"f.82B6B8A3E657D82ADC5BCF6485BB3A7A.d.EAA8FBD252891FB04C0B90FE366D0E29.e.3128"},"getTitle",[]]}
RESULT: {"script":"<script> [6424 bytes]","args":[{"element-6066-11e4-a52e-4f735466cecf":"f.82B6B8A3E657D82ADC5BCF6485BB3A7A.d.EAA8FBD252891FB04C0B90FE366D0E29.e.3128"},"getTitle",[]]}
COMMAND: POST /session/2095189e0a70b1d32678dd15bb58b96a/element - {"using":"xpath","value":"//span[contains(@id ,\"application-manageresources-display-component---detailRU--snappedTitle-inner\")][contains(text(), \"WdIORUEquip1repkf\")]"}
RESULT: {"using":"xpath","value":"//span[contains(@id ,\"application-manageresources-display-component---detailRU--snappedTitle-inner\")][contains(text(), \"WdIORUEquip1repkf\")]"}
COMMAND: POST /session/2095189e0a70b1d32678dd15bb58b96a/execute/sync - {"script":"<script> [8489 bytes]","args":[{"element-6066-11e4-a52e-4f735466cecf":"f.82B6B8A3E657D82ADC5BCF6485BB3A7A.d.EAA8FBD252891FB04C0B90FE366D0E29.e.3129","ELEMENT":"f.82B6B8A3E657D82ADC5BCF6485BB3A7A.d.EAA8FBD252891FB04C0B90FE366D0E29.e.3129"}]}
COMMAND: POST /session/2095189e0a70b1d32678dd15bb58b96a/execute/async - {"script":"<script> [1562 bytes]","args":[{"selector":{"id":"backBtn"},"wdio_ui5_key":"backBtn"}]}
RESULT: {"script":"<script> [8489 bytes]","args":[{"element-6066-11e4-a52e-4f735466cecf":"f.82B6B8A3E657D82ADC5BCF6485BB3A7A.d.EAA8FBD252891FB04C0B90FE366D0E29.e.3129","ELEMENT":"f.82B6B8A3E657D82ADC5BCF6485BB3A7A.d.EAA8FBD252891FB04C0B90FE366D0E29.e.3129"}]}
COMMAND: GET /session/2095189e0a70b1d32678dd15bb58b96a/screenshot - {}
RESULT: {"script":"<script> [1562 bytes]","args":[{"selector":{"id":"backBtn"},"wdio_ui5_key":"backBtn"}]}
RESULT: undefined
COMMAND: POST /session/2095189e0a70b1d32678dd15bb58b96a/element - {"using":"xpath","value":"//*[@id=\"backBtn\"]"}
RESULT: {}
RESULT: {"using":"xpath","value":"//*[@id=\"backBtn\"]"}
COMMAND: POST /session/2095189e0a70b1d32678dd15bb58b96a/element/f.82B6B8A3E657D82ADC5BCF6485BB3A7A.d.EAA8FBD252891FB04C0B90FE366D0E29.e.3130/click - {}
RESULT: {}
COMMAND: GET /session/2095189e0a70b1d32678dd15bb58b96a/screenshot - {}
RESULT: {}
COMMAND: POST /session/2095189e0a70b1d32678dd15bb58b96a/execute/sync - {"script":"<script> [8489 bytes]","args":[{"element-6066-11e4-a52e-4f735466cecf":"f.82B6B8A3E657D82ADC5BCF6485BB3A7A.d.EAA8FBD252891FB04C0B90FE366D0E29.e.2685","ELEMENT":"f.82B6B8A3E657D82ADC5BCF6485BB3A7A.d.EAA8FBD252891FB04C0B90FE366D0E29.e.2685"}]}
COMMAND: POST /session/2095189e0a70b1d32678dd15bb58b96a/element - {"using":"xpath","value":"//bdi[contains(@id ,\"application-manageresources-display-component---detailRU--openRelatedRus-BDI-content\")]"}
RESULT: {"using":"xpath","value":"//bdi[contains(@id ,\"application-manageresources-display-component---detailRU--openRelatedRus-BDI-content\")]"}
COMMAND: POST /session/2095189e0a70b1d32678dd15bb58b96a/execute/sync - {"script":"<script> [8489 bytes]","args":[{"element-6066-11e4-a52e-4f735466cecf":"f.82B6B8A3E657D82ADC5BCF6485BB3A7A.d.EAA8FBD252891FB04C0B90FE366D0E29.e.3424","ELEMENT":"f.82B6B8A3E657D82ADC5BCF6485BB3A7A.d.EAA8FBD252891FB04C0B90FE366D0E29.e.3424"}]}
RESULT: {"script":"<script> [8489 bytes]","args":[{"element-6066-11e4-a52e-4f735466cecf":"f.82B6B8A3E657D82ADC5BCF6485BB3A7A.d.EAA8FBD252891FB04C0B90FE366D0E29.e.3424","ELEMENT":"f.82B6B8A3E657D82ADC5BCF6485BB3A7A.d.EAA8FBD252891FB04C0B90FE366D0E29.e.3424"}]}
COMMAND: POST /session/2095189e0a70b1d32678dd15bb58b96a/execute/sync - {"script":"<script> [5351 bytes]","args":[{"element-6066-11e4-a52e-4f735466cecf":"f.82B6B8A3E657D82ADC5BCF6485BB3A7A.d.EAA8FBD252891FB04C0B90FE366D0E29.e.3424","ELEMENT":"f.82B6B8A3E657D82ADC5BCF6485BB3A7A.d.EAA8FBD252891FB04C0B90FE366D0E29.e.3424"}]}
COMMAND: GET /session/2095189e0a70b1d32678dd15bb58b96a/screenshot - {}
RESULT: {"script":"<script> [5351 bytes]","args":[{"element-6066-11e4-a52e-4f735466cecf":"f.82B6B8A3E657D82ADC5BCF6485BB3A7A.d.EAA8FBD252891FB04C0B90FE366D0E29.e.3424","ELEMENT":"f.82B6B8A3E657D82ADC5BCF6485BB3A7A.d.EAA8FBD252891FB04C0B90FE366D0E29.e.3424"}]}
COMMAND: POST /session/2095189e0a70b1d32678dd15bb58b96a/element/f.82B6B8A3E657D82ADC5BCF6485BB3A7A.d.EAA8FBD252891FB04C0B90FE366D0E29.e.3424/click - {}
COMMAND: GET /session/2095189e0a70b1d32678dd15bb58b96a/screenshot - {}
RESULT: {}
RESULT: {}
COMMAND: GET /session/2095189e0a70b1d32678dd15bb58b96a/screenshot - {}
RESULT: {}
RESULT: {}
COMMAND: POST /session/2095189e0a70b1d32678dd15bb58b96a/execute/sync - {"script":"<script> [8489 bytes]","args":[{"element-6066-11e4-a52e-4f735466cecf":"f.82B6B8A3E657D82ADC5BCF6485BB3A7A.d.EAA8FBD252891FB04C0B90FE366D0E29.e.2691","ELEMENT":"f.82B6B8A3E657D82ADC5BCF6485BB3A7A.d.EAA8FBD252891FB04C0B90FE366D0E29.e.2691"}]}
COMMAND: POST /session/2095189e0a70b1d32678dd15bb58b96a/element - {"using":"xpath","value":"//*[contains(@data-kt ,\"openRUIdMenuLink\")]"}
RESULT: {"using":"xpath","value":"//*[contains(@data-kt ,\"openRUIdMenuLink\")]"}
COMMAND: POST /session/2095189e0a70b1d32678dd15bb58b96a/execute/sync - {"script":"<script> [8489 bytes]","args":[{"element-6066-11e4-a52e-4f735466cecf":"f.82B6B8A3E657D82ADC5BCF6485BB3A7A.d.EAA8FBD252891FB04C0B90FE366D0E29.e.3429","ELEMENT":"f.82B6B8A3E657D82ADC5BCF6485BB3A7A.d.EAA8FBD252891FB04C0B90FE366D0E29.e.3429"}]}
RESULT: {"script":"<script> [8489 bytes]","args":[{"element-6066-11e4-a52e-4f735466cecf":"f.82B6B8A3E657D82ADC5BCF6485BB3A7A.d.EAA8FBD252891FB04C0B90FE366D0E29.e.3429","ELEMENT":"f.82B6B8A3E657D82ADC5BCF6485BB3A7A.d.EAA8FBD252891FB04C0B90FE366D0E29.e.3429"}]}
COMMAND: POST /session/2095189e0a70b1d32678dd15bb58b96a/execute/sync - {"script":"<script> [5351 bytes]","args":[{"element-6066-11e4-a52e-4f735466cecf":"f.82B6B8A3E657D82ADC5BCF6485BB3A7A.d.EAA8FBD252891FB04C0B90FE366D0E29.e.3429","ELEMENT":"f.82B6B8A3E657D82ADC5BCF6485BB3A7A.d.EAA8FBD252891FB04C0B90FE366D0E29.e.3429"}]}
COMMAND: GET /session/2095189e0a70b1d32678dd15bb58b96a/screenshot - {}
RESULT: {"script":"<script> [5351 bytes]","args":[{"element-6066-11e4-a52e-4f735466cecf":"f.82B6B8A3E657D82ADC5BCF6485BB3A7A.d.EAA8FBD252891FB04C0B90FE366D0E29.e.3429","ELEMENT":"f.82B6B8A3E657D82ADC5BCF6485BB3A7A.d.EAA8FBD252891FB04C0B90FE366D0E29.e.3429"}]}
COMMAND: POST /session/2095189e0a70b1d32678dd15bb58b96a/element/f.82B6B8A3E657D82ADC5BCF6485BB3A7A.d.EAA8FBD252891FB04C0B90FE366D0E29.e.3429/click - {}
COMMAND: GET /session/2095189e0a70b1d32678dd15bb58b96a/screenshot - {}
RESULT: {}
RESULT: {}
COMMAND: GET /session/2095189e0a70b1d32678dd15bb58b96a/screenshot - {}
RESULT: {}
RESULT: {}
COMMAND: POST /session/2095189e0a70b1d32678dd15bb58b96a/element - {"using":"xpath","value":"//button[contains(@data-kt ,\"ContextMenuExternalId2Link\")]"}
RESULT: {"using":"xpath","value":"//button[contains(@data-kt ,\"ContextMenuExternalId2Link\")]"}
COMMAND: POST /session/2095189e0a70b1d32678dd15bb58b96a/element/f.82B6B8A3E657D82ADC5BCF6485BB3A7A.d.EAA8FBD252891FB04C0B90FE366D0E29.e.3430/click - {}
RESULT: {}
COMMAND: GET /session/2095189e0a70b1d32678dd15bb58b96a/screenshot - {}
RESULT: {}
COMMAND: GET /session/2095189e0a70b1d32678dd15bb58b96a/window/handles - {}
RESULT: {}
COMMAND: POST /session/2095189e0a70b1d32678dd15bb58b96a/window - {"handle":"BDB51FB8A0EFF6A99E1AEC641DCE925B"}
RESULT: {"handle":"BDB51FB8A0EFF6A99E1AEC641DCE925B"}
COMMAND: GET /session/2095189e0a70b1d32678dd15bb58b96a/url - {}
RESULT: {}
COMMAND: GET /session/2095189e0a70b1d32678dd15bb58b96a/screenshot - {}
COMMAND: POST /session/2095189e0a70b1d32678dd15bb58b96a/execute/sync - {"script":"<script> [8489 bytes]","args":[{"element-6066-11e4-a52e-4f735466cecf":"f.82B6B8A3E657D82ADC5BCF6485BB3A7A.d.EAA8FBD252891FB04C0B90FE366D0E29.e.3129","ELEMENT":"f.82B6B8A3E657D82ADC5BCF6485BB3A7A.d.EAA8FBD252891FB04C0B90FE366D0E29.e.3129"}]}
COMMAND: DELETE /session/2095189e0a70b1d32678dd15bb58b96a/window - {}
RESULT: {}
RESULT: {}
COMMAND: POST /session/2095189e0a70b1d32678dd15bb58b96a/window - {"handle":"82B6B8A3E657D82ADC5BCF6485BB3A7A"}
RESULT: {"handle":"82B6B8A3E657D82ADC5BCF6485BB3A7A"}
COMMAND: GET /session/2095189e0a70b1d32678dd15bb58b96a/url - {}
COMMAND: POST /session/2095189e0a70b1d32678dd15bb58b96a/element - {"using":"xpath","value":"//span[contains(@id ,\"application-manageresources-display-component---detailRU--snappedTitle-inner\")][contains(text(), \"WdIORUEquip1repkf\")]"}
RESULT: {}
COMMAND: GET /session/2095189e0a70b1d32678dd15bb58b96a/screenshot - {}
RESULT: {"using":"xpath","value":"//span[contains(@id ,\"application-manageresources-display-component---detailRU--snappedTitle-inner\")][contains(text(), \"WdIORUEquip1repkf\")]"}
COMMAND: POST /session/2095189e0a70b1d32678dd15bb58b96a/element - {"using":"xpath","value":"//span[contains(@id ,\"application-manageresources-display-component---detailRU--snappedTitle-inner\")][contains(text(), \"WdIORUEquip1repkf\")]"}
RESULT: {}
RESULT: {"using":"xpath","value":"//span[contains(@id ,\"application-manageresources-display-component---detailRU--snappedTitle-inner\")][contains(text(), \"WdIORUEquip1repkf\")]"}
COMMAND: POST /session/2095189e0a70b1d32678dd15bb58b96a/element - {"using":"xpath","value":"//span[contains(@id ,\"application-manageresources-display-component---detailRU--snappedTitle-inner\")][contains(text(), \"WdIORUEquip1repkf\")]"}
RESULT: {"using":"xpath","value":"//span[contains(@id ,\"application-manageresources-display-component---detailRU--snappedTitle-inner\")][contains(text(), \"WdIORUEquip1repkf\")]"}
COMMAND: POST /session/2095189e0a70b1d32678dd15bb58b96a/element - {"using":"xpath","value":"//span[contains(@id ,\"application-manageresources-display-component---detailRU--snappedTitle-inner\")][contains(text(), \"WdIORUEquip1repkf\")]"}
RESULT: {"using":"xpath","value":"//span[contains(@id ,\"application-manageresources-display-component---detailRU--snappedTitle-inner\")][contains(text(), \"WdIORUEquip1repkf\")]"}
COMMAND: POST /session/2095189e0a70b1d32678dd15bb58b96a/element - {"using":"xpath","value":"//span[contains(@id ,\"application-manageresources-display-component---detailRU--snappedTitle-inner\")][contains(text(), \"WdIORUEquip1repkf\")]"}
RESULT: {"using":"xpath","value":"//span[contains(@id ,\"application-manageresources-display-component---detailRU--snappedTitle-inner\")][contains(text(), \"WdIORUEquip1repkf\")]"}
COMMAND: POST /session/2095189e0a70b1d32678dd15bb58b96a/element - {"using":"xpath","value":"//span[contains(@id ,\"application-manageresources-display-component---detailRU--snappedTitle-inner\")][contains(text(), \"WdIORUEquip1repkf\")]"}
RESULT: {"using":"xpath","value":"//span[contains(@id ,\"application-manageresources-display-component---detailRU--snappedTitle-inner\")][contains(text(), \"WdIORUEquip1repkf\")]"}
COMMAND: POST /session/2095189e0a70b1d32678dd15bb58b96a/element - {"using":"xpath","value":"//span[contains(@id ,\"application-manageresources-display-component---detailRU--snappedTitle-inner\")][contains(text(), \"WdIORUEquip1repkf\")]"}
RESULT: {"using":"xpath","value":"//span[contains(@id ,\"application-manageresources-display-component---detailRU--snappedTitle-inner\")][contains(text(), \"WdIORUEquip1repkf\")]"}
COMMAND: POST /session/2095189e0a70b1d32678dd15bb58b96a/element - {"using":"xpath","value":"//span[contains(@id ,\"application-manageresources-display-component---detailRU--snappedTitle-inner\")][contains(text(), \"WdIORUEquip1repkf\")]"}
RESULT: {"using":"xpath","value":"//span[contains(@id ,\"application-manageresources-display-component---detailRU--snappedTitle-inner\")][contains(text(), \"WdIORUEquip1repkf\")]"}
COMMAND: POST /session/2095189e0a70b1d32678dd15bb58b96a/element - {"using":"xpath","value":"//span[contains(@id ,\"application-manageresources-display-component---detailRU--snappedTitle-inner\")][contains(text(), \"WdIORUEquip1repkf\")]"}
RESULT: {"using":"xpath","value":"//span[contains(@id ,\"application-manageresources-display-component---detailRU--snappedTitle-inner\")][contains(text(), \"WdIORUEquip1repkf\")]"}
]]></system-out>
    </testcase>
    <testcase classname="chrome.137_0_7151_69.windows.Related_resources_for_groups_US139107" name="Should verify the current location hyperlinks in related resources" time="171.152">
      <system-out><![CDATA[
COMMAND: POST /session/2095189e0a70b1d32678dd15bb58b96a/element - {"using":"xpath","value":"//*[contains(@data-kt ,\"openLocationActionMenuLink\")]"}
COMMAND: POST /session/2095189e0a70b1d32678dd15bb58b96a/element - {"using":"xpath","value":"//span[contains(@id ,\"application-manageresources-display-component---detailRU--snappedTitle-inner\")][contains(text(), \"WdIORUEquip1repkf\")]"}
RESULT: {"using":"xpath","value":"//*[contains(@data-kt ,\"openLocationActionMenuLink\")]"}
COMMAND: POST /session/2095189e0a70b1d32678dd15bb58b96a/execute/sync - {"script":"<script> [8489 bytes]","args":[{"element-6066-11e4-a52e-4f735466cecf":"f.82B6B8A3E657D82ADC5BCF6485BB3A7A.d.EAA8FBD252891FB04C0B90FE366D0E29.e.3634","ELEMENT":"f.82B6B8A3E657D82ADC5BCF6485BB3A7A.d.EAA8FBD252891FB04C0B90FE366D0E29.e.3634"}]}
RESULT: {"using":"xpath","value":"//span[contains(@id ,\"application-manageresources-display-component---detailRU--snappedTitle-inner\")][contains(text(), \"WdIORUEquip1repkf\")]"}
RESULT: {"script":"<script> [8489 bytes]","args":[{"element-6066-11e4-a52e-4f735466cecf":"f.82B6B8A3E657D82ADC5BCF6485BB3A7A.d.EAA8FBD252891FB04C0B90FE366D0E29.e.3634","ELEMENT":"f.82B6B8A3E657D82ADC5BCF6485BB3A7A.d.EAA8FBD252891FB04C0B90FE366D0E29.e.3634"}]}
COMMAND: POST /session/2095189e0a70b1d32678dd15bb58b96a/execute/sync - {"script":"<script> [5351 bytes]","args":[{"element-6066-11e4-a52e-4f735466cecf":"f.82B6B8A3E657D82ADC5BCF6485BB3A7A.d.EAA8FBD252891FB04C0B90FE366D0E29.e.3634","ELEMENT":"f.82B6B8A3E657D82ADC5BCF6485BB3A7A.d.EAA8FBD252891FB04C0B90FE366D0E29.e.3634"}]}
COMMAND: GET /session/2095189e0a70b1d32678dd15bb58b96a/screenshot - {}
RESULT: {"script":"<script> [5351 bytes]","args":[{"element-6066-11e4-a52e-4f735466cecf":"f.82B6B8A3E657D82ADC5BCF6485BB3A7A.d.EAA8FBD252891FB04C0B90FE366D0E29.e.3634","ELEMENT":"f.82B6B8A3E657D82ADC5BCF6485BB3A7A.d.EAA8FBD252891FB04C0B90FE366D0E29.e.3634"}]}
COMMAND: POST /session/2095189e0a70b1d32678dd15bb58b96a/element/f.82B6B8A3E657D82ADC5BCF6485BB3A7A.d.EAA8FBD252891FB04C0B90FE366D0E29.e.3634/click - {}
COMMAND: GET /session/2095189e0a70b1d32678dd15bb58b96a/screenshot - {}
RESULT: {}
COMMAND: POST /session/2095189e0a70b1d32678dd15bb58b96a/element - {"using":"xpath","value":"//span[contains(@id ,\"application-manageresources-display-component---detailRU--snappedTitle-inner\")][contains(text(), \"WdIORUEquip1repkf\")]"}
RESULT: {}
COMMAND: GET /session/2095189e0a70b1d32678dd15bb58b96a/screenshot - {}
RESULT: {}
RESULT: {"using":"xpath","value":"//span[contains(@id ,\"application-manageresources-display-component---detailRU--snappedTitle-inner\")][contains(text(), \"WdIORUEquip1repkf\")]"}
RESULT: {}
COMMAND: POST /session/2095189e0a70b1d32678dd15bb58b96a/element - {"using":"xpath","value":"//span[contains(@id ,\"application-manageresources-display-component---detailRU--snappedTitle-inner\")][contains(text(), \"WdIORUEquip1repkf\")]"}
RESULT: {"using":"xpath","value":"//span[contains(@id ,\"application-manageresources-display-component---detailRU--snappedTitle-inner\")][contains(text(), \"WdIORUEquip1repkf\")]"}
COMMAND: POST /session/2095189e0a70b1d32678dd15bb58b96a/element - {"using":"xpath","value":"//span[contains(@id ,\"application-manageresources-display-component---detailRU--snappedTitle-inner\")][contains(text(), \"WdIORUEquip1repkf\")]"}
RESULT: {"using":"xpath","value":"//span[contains(@id ,\"application-manageresources-display-component---detailRU--snappedTitle-inner\")][contains(text(), \"WdIORUEquip1repkf\")]"}
COMMAND: POST /session/2095189e0a70b1d32678dd15bb58b96a/element - {"using":"xpath","value":"//span[contains(@id ,\"application-manageresources-display-component---detailRU--snappedTitle-inner\")][contains(text(), \"WdIORUEquip1repkf\")]"}
RESULT: {"using":"xpath","value":"//span[contains(@id ,\"application-manageresources-display-component---detailRU--snappedTitle-inner\")][contains(text(), \"WdIORUEquip1repkf\")]"}
COMMAND: POST /session/2095189e0a70b1d32678dd15bb58b96a/element - {"using":"xpath","value":"//a[contains(@class ,\"sapMLnk sapMLnkMaxWidth sapUiTinyMarginTop\")][contains(text(), \"Yard Overview\")]"}
RESULT: {"using":"xpath","value":"//a[contains(@class ,\"sapMLnk sapMLnkMaxWidth sapUiTinyMarginTop\")][contains(text(), \"Yard Overview\")]"}
COMMAND: POST /session/2095189e0a70b1d32678dd15bb58b96a/execute/sync - {"script":"<script> [8489 bytes]","args":[{"element-6066-11e4-a52e-4f735466cecf":"f.82B6B8A3E657D82ADC5BCF6485BB3A7A.d.EAA8FBD252891FB04C0B90FE366D0E29.e.3636","ELEMENT":"f.82B6B8A3E657D82ADC5BCF6485BB3A7A.d.EAA8FBD252891FB04C0B90FE366D0E29.e.3636"}]}
COMMAND: POST /session/2095189e0a70b1d32678dd15bb58b96a/element - {"using":"xpath","value":"//a[contains(@class ,\"sapMLnk sapMLnkMaxWidth sapUiTinyMarginTop\")][contains(text(), \"Yard Address\")]"}
RESULT: {"script":"<script> [8489 bytes]","args":[{"element-6066-11e4-a52e-4f735466cecf":"f.82B6B8A3E657D82ADC5BCF6485BB3A7A.d.EAA8FBD252891FB04C0B90FE366D0E29.e.3636","ELEMENT":"f.82B6B8A3E657D82ADC5BCF6485BB3A7A.d.EAA8FBD252891FB04C0B90FE366D0E29.e.3636"}]}
COMMAND: GET /session/2095189e0a70b1d32678dd15bb58b96a/screenshot - {}
RESULT: {"using":"xpath","value":"//a[contains(@class ,\"sapMLnk sapMLnkMaxWidth sapUiTinyMarginTop\")][contains(text(), \"Yard Address\")]"}
COMMAND: POST /session/2095189e0a70b1d32678dd15bb58b96a/execute/sync - {"script":"<script> [8489 bytes]","args":[{"element-6066-11e4-a52e-4f735466cecf":"f.82B6B8A3E657D82ADC5BCF6485BB3A7A.d.EAA8FBD252891FB04C0B90FE366D0E29.e.3637","ELEMENT":"f.82B6B8A3E657D82ADC5BCF6485BB3A7A.d.EAA8FBD252891FB04C0B90FE366D0E29.e.3637"}]}
COMMAND: POST /session/2095189e0a70b1d32678dd15bb58b96a/element/f.82B6B8A3E657D82ADC5BCF6485BB3A7A.d.EAA8FBD252891FB04C0B90FE366D0E29.e.3636/click - {}
RESULT: {}
RESULT: {"script":"<script> [8489 bytes]","args":[{"element-6066-11e4-a52e-4f735466cecf":"f.82B6B8A3E657D82ADC5BCF6485BB3A7A.d.EAA8FBD252891FB04C0B90FE366D0E29.e.3637","ELEMENT":"f.82B6B8A3E657D82ADC5BCF6485BB3A7A.d.EAA8FBD252891FB04C0B90FE366D0E29.e.3637"}]}
COMMAND: POST /session/2095189e0a70b1d32678dd15bb58b96a/element - {"using":"xpath","value":"//span[contains(@id ,\"application-manageresources-display-component---detailRU--snappedTitle-inner\")][contains(text(), \"WdIORUEquip1repkf\")]"}
COMMAND: GET /session/2095189e0a70b1d32678dd15bb58b96a/screenshot - {}
RESULT: {}
COMMAND: GET /session/2095189e0a70b1d32678dd15bb58b96a/screenshot - {}
RESULT: {"using":"xpath","value":"//span[contains(@id ,\"application-manageresources-display-component---detailRU--snappedTitle-inner\")][contains(text(), \"WdIORUEquip1repkf\")]"}
RESULT: {}
COMMAND: POST /session/2095189e0a70b1d32678dd15bb58b96a/element - {"using":"xpath","value":"//span[contains(@id ,\"application-manageresources-display-component---detailRU--snappedTitle-inner\")][contains(text(), \"WdIORUEquip1repkf\")]"}
RESULT: {}
RESULT: {"using":"xpath","value":"//span[contains(@id ,\"application-manageresources-display-component---detailRU--snappedTitle-inner\")][contains(text(), \"WdIORUEquip1repkf\")]"}
COMMAND: POST /session/2095189e0a70b1d32678dd15bb58b96a/element - {"using":"xpath","value":"//span[contains(@id ,\"application-manageresources-display-component---detailRU--snappedTitle-inner\")][contains(text(), \"WdIORUEquip1repkf\")]"}
RESULT: {"using":"xpath","value":"//span[contains(@id ,\"application-manageresources-display-component---detailRU--snappedTitle-inner\")][contains(text(), \"WdIORUEquip1repkf\")]"}
COMMAND: POST /session/2095189e0a70b1d32678dd15bb58b96a/element - {"using":"xpath","value":"//span[contains(@id ,\"application-manageresources-display-component---detailRU--snappedTitle-inner\")][contains(text(), \"WdIORUEquip1repkf\")]"}
RESULT: {"using":"xpath","value":"//span[contains(@id ,\"application-manageresources-display-component---detailRU--snappedTitle-inner\")][contains(text(), \"WdIORUEquip1repkf\")]"}
COMMAND: POST /session/2095189e0a70b1d32678dd15bb58b96a/element - {"using":"xpath","value":"//span[contains(@id ,\"application-manageresources-display-component---detailRU--snappedTitle-inner\")][contains(text(), \"WdIORUEquip1repkf\")]"}
RESULT: {"using":"xpath","value":"//span[contains(@id ,\"application-manageresources-display-component---detailRU--snappedTitle-inner\")][contains(text(), \"WdIORUEquip1repkf\")]"}
COMMAND: POST /session/2095189e0a70b1d32678dd15bb58b96a/element - {"using":"xpath","value":"//span[contains(@id ,\"application-manageresources-display-component---detailRU--snappedTitle-inner\")][contains(text(), \"WdIORUEquip1repkf\")]"}
RESULT: {"using":"xpath","value":"//span[contains(@id ,\"application-manageresources-display-component---detailRU--snappedTitle-inner\")][contains(text(), \"WdIORUEquip1repkf\")]"}
COMMAND: POST /session/2095189e0a70b1d32678dd15bb58b96a/element - {"using":"xpath","value":"//span[contains(@id ,\"application-manageresources-display-component---detailRU--snappedTitle-inner\")][contains(text(), \"WdIORUEquip1repkf\")]"}
RESULT: {"using":"xpath","value":"//span[contains(@id ,\"application-manageresources-display-component---detailRU--snappedTitle-inner\")][contains(text(), \"WdIORUEquip1repkf\")]"}
COMMAND: POST /session/2095189e0a70b1d32678dd15bb58b96a/element - {"using":"xpath","value":"//span[contains(@id ,\"application-manageresources-display-component---detailRU--snappedTitle-inner\")][contains(text(), \"WdIORUEquip1repkf\")]"}
RESULT: {"using":"xpath","value":"//span[contains(@id ,\"application-manageresources-display-component---detailRU--snappedTitle-inner\")][contains(text(), \"WdIORUEquip1repkf\")]"}
COMMAND: POST /session/2095189e0a70b1d32678dd15bb58b96a/element - {"using":"xpath","value":"//span[contains(@id ,\"application-manageresources-display-component---detailRU--snappedTitle-inner\")][contains(text(), \"WdIORUEquip1repkf\")]"}
RESULT: {"using":"xpath","value":"//span[contains(@id ,\"application-manageresources-display-component---detailRU--snappedTitle-inner\")][contains(text(), \"WdIORUEquip1repkf\")]"}
COMMAND: POST /session/2095189e0a70b1d32678dd15bb58b96a/element - {"using":"xpath","value":"//span[contains(@id ,\"application-manageresources-display-component---detailRU--snappedTitle-inner\")][contains(text(), \"WdIORUEquip1repkf\")]"}
RESULT: {"using":"xpath","value":"//span[contains(@id ,\"application-manageresources-display-component---detailRU--snappedTitle-inner\")][contains(text(), \"WdIORUEquip1repkf\")]"}
COMMAND: POST /session/2095189e0a70b1d32678dd15bb58b96a/element - {"using":"xpath","value":"//span[contains(@id ,\"application-manageresources-display-component---detailRU--snappedTitle-inner\")][contains(text(), \"WdIORUEquip1repkf\")]"}
RESULT: {"using":"xpath","value":"//span[contains(@id ,\"application-manageresources-display-component---detailRU--snappedTitle-inner\")][contains(text(), \"WdIORUEquip1repkf\")]"}
COMMAND: POST /session/2095189e0a70b1d32678dd15bb58b96a/element - {"using":"xpath","value":"//span[contains(@id ,\"application-manageresources-display-component---detailRU--snappedTitle-inner\")][contains(text(), \"WdIORUEquip1repkf\")]"}
RESULT: {"using":"xpath","value":"//span[contains(@id ,\"application-manageresources-display-component---detailRU--snappedTitle-inner\")][contains(text(), \"WdIORUEquip1repkf\")]"}
RESULT: undefined
COMMAND: POST /session/2095189e0a70b1d32678dd15bb58b96a/execute/async - {"script":"<script> [6424 bytes]","args":[{"element-6066-11e4-a52e-4f735466cecf":"f.82B6B8A3E657D82ADC5BCF6485BB3A7A.d.EAA8FBD252891FB04C0B90FE366D0E29.e.3128"},"getTitle",[]]}
COMMAND: POST /session/2095189e0a70b1d32678dd15bb58b96a/execute/async - {"script":"<script> [1562 bytes]","args":[{"selector":{"id":"shellAppTitle"},"wdio_ui5_key":"shellAppTitle"}]}
COMMAND: POST /session/2095189e0a70b1d32678dd15bb58b96a/element - {"using":"xpath","value":"//span[contains(@id ,\"application-manageresources-display-component---detailRU--snappedTitle-inner\")][contains(text(), \"WdIORUEquip1repkf\")]"}
RESULT: {"script":"<script> [1562 bytes]","args":[{"selector":{"id":"shellAppTitle"},"wdio_ui5_key":"shellAppTitle"}]}
COMMAND: POST /session/2095189e0a70b1d32678dd15bb58b96a/execute/async - {"script":"<script> [6424 bytes]","args":[{"element-6066-11e4-a52e-4f735466cecf":"f.82B6B8A3E657D82ADC5BCF6485BB3A7A.d.EAA8FBD252891FB04C0B90FE366D0E29.e.3766"},"getTitle",[]]}
RESULT: {"using":"xpath","value":"//span[contains(@id ,\"application-manageresources-display-component---detailRU--snappedTitle-inner\")][contains(text(), \"WdIORUEquip1repkf\")]"}
RESULT: {"script":"<script> [6424 bytes]","args":[{"element-6066-11e4-a52e-4f735466cecf":"f.82B6B8A3E657D82ADC5BCF6485BB3A7A.d.EAA8FBD252891FB04C0B90FE366D0E29.e.3766"},"getTitle",[]]}
COMMAND: POST /session/2095189e0a70b1d32678dd15bb58b96a/element - {"using":"xpath","value":"(//span[contains(text(), \"WebdriverYard1coz1\")])[2]"}
RESULT: {"using":"xpath","value":"(//span[contains(text(), \"WebdriverYard1coz1\")])[2]"}
COMMAND: POST /session/2095189e0a70b1d32678dd15bb58b96a/execute/sync - {"script":"<script> [8489 bytes]","args":[{"element-6066-11e4-a52e-4f735466cecf":"f.82B6B8A3E657D82ADC5BCF6485BB3A7A.d.EAA8FBD252891FB04C0B90FE366D0E29.e.3767","ELEMENT":"f.82B6B8A3E657D82ADC5BCF6485BB3A7A.d.EAA8FBD252891FB04C0B90FE366D0E29.e.3767"}]}
RESULT: undefined
COMMAND: POST /session/2095189e0a70b1d32678dd15bb58b96a/element - {"using":"xpath","value":"//*[@id=\"backBtn\"]"}
COMMAND: POST /session/2095189e0a70b1d32678dd15bb58b96a/element - {"using":"xpath","value":"//span[contains(@id ,\"application-manageresources-display-component---detailRU--snappedTitle-inner\")][contains(text(), \"WdIORUEquip1repkf\")]"}
RESULT: {"using":"xpath","value":"//*[@id=\"backBtn\"]"}
COMMAND: POST /session/2095189e0a70b1d32678dd15bb58b96a/element/f.82B6B8A3E657D82ADC5BCF6485BB3A7A.d.EAA8FBD252891FB04C0B90FE366D0E29.e.3130/click - {}
RESULT: {"script":"<script> [8489 bytes]","args":[{"element-6066-11e4-a52e-4f735466cecf":"f.82B6B8A3E657D82ADC5BCF6485BB3A7A.d.EAA8FBD252891FB04C0B90FE366D0E29.e.3767","ELEMENT":"f.82B6B8A3E657D82ADC5BCF6485BB3A7A.d.EAA8FBD252891FB04C0B90FE366D0E29.e.3767"}]}
COMMAND: GET /session/2095189e0a70b1d32678dd15bb58b96a/screenshot - {}
RESULT: {"using":"xpath","value":"//span[contains(@id ,\"application-manageresources-display-component---detailRU--snappedTitle-inner\")][contains(text(), \"WdIORUEquip1repkf\")]"}
RESULT: {}
COMMAND: GET /session/2095189e0a70b1d32678dd15bb58b96a/screenshot - {}
COMMAND: POST /session/2095189e0a70b1d32678dd15bb58b96a/execute/sync - {"script":"<script> [8489 bytes]","args":[{"element-6066-11e4-a52e-4f735466cecf":"f.82B6B8A3E657D82ADC5BCF6485BB3A7A.d.EAA8FBD252891FB04C0B90FE366D0E29.e.3767","ELEMENT":"f.82B6B8A3E657D82ADC5BCF6485BB3A7A.d.EAA8FBD252891FB04C0B90FE366D0E29.e.3767"}]}
COMMAND: POST /session/2095189e0a70b1d32678dd15bb58b96a/element - {"using":"xpath","value":"//span[contains(@id ,\"application-manageresources-display-component---detailRU--snappedTitle-inner\")][contains(text(), \"WdIORUEquip1repkf\")]"}
RESULT: {}
RESULT: {}
COMMAND: POST /session/2095189e0a70b1d32678dd15bb58b96a/element - {"using":"xpath","value":"(//span[contains(text(), \"WebdriverYard1coz1\")])[2]"}
RESULT: {"using":"xpath","value":"//span[contains(@id ,\"application-manageresources-display-component---detailRU--snappedTitle-inner\")][contains(text(), \"WdIORUEquip1repkf\")]"}
RESULT: {"using":"xpath","value":"(//span[contains(text(), \"WebdriverYard1coz1\")])[2]"}
COMMAND: POST /session/2095189e0a70b1d32678dd15bb58b96a/element - {"using":"xpath","value":"(//span[contains(text(), \"WebdriverYard1coz1\")])[2]"}
RESULT: {"using":"xpath","value":"(//span[contains(text(), \"WebdriverYard1coz1\")])[2]"}
COMMAND: POST /session/2095189e0a70b1d32678dd15bb58b96a/element - {"using":"xpath","value":"//span[contains(@id ,\"application-manageresources-display-component---detailRU--snappedTitle-inner\")][contains(text(), \"WdIORUEquip1repkf\")]"}
COMMAND: POST /session/2095189e0a70b1d32678dd15bb58b96a/element - {"using":"xpath","value":"(//span[contains(text(), \"WebdriverYard1coz1\")])[2]"}
RESULT: {"using":"xpath","value":"//span[contains(@id ,\"application-manageresources-display-component---detailRU--snappedTitle-inner\")][contains(text(), \"WdIORUEquip1repkf\")]"}
RESULT: {"using":"xpath","value":"(//span[contains(text(), \"WebdriverYard1coz1\")])[2]"}
COMMAND: POST /session/2095189e0a70b1d32678dd15bb58b96a/element - {"using":"xpath","value":"//span[contains(@id ,\"application-manageresources-display-component---detailRU--snappedTitle-inner\")][contains(text(), \"WdIORUEquip1repkf\")]"}
COMMAND: POST /session/2095189e0a70b1d32678dd15bb58b96a/element - {"using":"xpath","value":"(//span[contains(text(), \"WebdriverYard1coz1\")])[2]"}
RESULT: {"using":"xpath","value":"//span[contains(@id ,\"application-manageresources-display-component---detailRU--snappedTitle-inner\")][contains(text(), \"WdIORUEquip1repkf\")]"}
RESULT: {"using":"xpath","value":"(//span[contains(text(), \"WebdriverYard1coz1\")])[2]"}
COMMAND: POST /session/2095189e0a70b1d32678dd15bb58b96a/element - {"using":"xpath","value":"//span[contains(@id ,\"application-manageresources-display-component---detailRU--snappedTitle-inner\")][contains(text(), \"WdIORUEquip1repkf\")]"}
COMMAND: POST /session/2095189e0a70b1d32678dd15bb58b96a/element - {"using":"xpath","value":"(//span[contains(text(), \"WebdriverYard1coz1\")])[2]"}
COMMAND: POST /session/2095189e0a70b1d32678dd15bb58b96a/element - {"using":"xpath","value":"//bdi[contains(@id ,\"application-manageresources-display-component---detailRU--openRelatedRus-BDI-content\")]"}
RESULT: {"using":"xpath","value":"//span[contains(@id ,\"application-manageresources-display-component---detailRU--snappedTitle-inner\")][contains(text(), \"WdIORUEquip1repkf\")]"}
RESULT: {"using":"xpath","value":"(//span[contains(text(), \"WebdriverYard1coz1\")])[2]"}
RESULT: {"using":"xpath","value":"//bdi[contains(@id ,\"application-manageresources-display-component---detailRU--openRelatedRus-BDI-content\")]"}
COMMAND: POST /session/2095189e0a70b1d32678dd15bb58b96a/execute/sync - {"script":"<script> [8489 bytes]","args":[{"element-6066-11e4-a52e-4f735466cecf":"f.82B6B8A3E657D82ADC5BCF6485BB3A7A.d.EAA8FBD252891FB04C0B90FE366D0E29.e.4002","ELEMENT":"f.82B6B8A3E657D82ADC5BCF6485BB3A7A.d.EAA8FBD252891FB04C0B90FE366D0E29.e.4002"}]}
RESULT: {"script":"<script> [8489 bytes]","args":[{"element-6066-11e4-a52e-4f735466cecf":"f.82B6B8A3E657D82ADC5BCF6485BB3A7A.d.EAA8FBD252891FB04C0B90FE366D0E29.e.4002","ELEMENT":"f.82B6B8A3E657D82ADC5BCF6485BB3A7A.d.EAA8FBD252891FB04C0B90FE366D0E29.e.4002"}]}
COMMAND: POST /session/2095189e0a70b1d32678dd15bb58b96a/execute/sync - {"script":"<script> [5351 bytes]","args":[{"element-6066-11e4-a52e-4f735466cecf":"f.82B6B8A3E657D82ADC5BCF6485BB3A7A.d.EAA8FBD252891FB04C0B90FE366D0E29.e.4002","ELEMENT":"f.82B6B8A3E657D82ADC5BCF6485BB3A7A.d.EAA8FBD252891FB04C0B90FE366D0E29.e.4002"}]}
RESULT: {"script":"<script> [5351 bytes]","args":[{"element-6066-11e4-a52e-4f735466cecf":"f.82B6B8A3E657D82ADC5BCF6485BB3A7A.d.EAA8FBD252891FB04C0B90FE366D0E29.e.4002","ELEMENT":"f.82B6B8A3E657D82ADC5BCF6485BB3A7A.d.EAA8FBD252891FB04C0B90FE366D0E29.e.4002"}]}
COMMAND: POST /session/2095189e0a70b1d32678dd15bb58b96a/element/f.82B6B8A3E657D82ADC5BCF6485BB3A7A.d.EAA8FBD252891FB04C0B90FE366D0E29.e.4002/click - {}
COMMAND: GET /session/2095189e0a70b1d32678dd15bb58b96a/screenshot - {}
COMMAND: GET /session/2095189e0a70b1d32678dd15bb58b96a/screenshot - {}
COMMAND: POST /session/2095189e0a70b1d32678dd15bb58b96a/element - {"using":"xpath","value":"(//span[contains(text(), \"WebdriverYard1coz1\")])[2]"}
RESULT: {}
COMMAND: GET /session/2095189e0a70b1d32678dd15bb58b96a/screenshot - {}
RESULT: {}
RESULT: {}
RESULT: {"using":"xpath","value":"(//span[contains(text(), \"WebdriverYard1coz1\")])[2]"}
RESULT: {}
COMMAND: POST /session/2095189e0a70b1d32678dd15bb58b96a/element - {"using":"xpath","value":"(//span[contains(text(), \"WebdriverYard1coz1\")])[2]"}
RESULT: {"using":"xpath","value":"(//span[contains(text(), \"WebdriverYard1coz1\")])[2]"}
COMMAND: POST /session/2095189e0a70b1d32678dd15bb58b96a/execute/sync - {"script":"<script> [8489 bytes]","args":[{"element-6066-11e4-a52e-4f735466cecf":"f.82B6B8A3E657D82ADC5BCF6485BB3A7A.d.EAA8FBD252891FB04C0B90FE366D0E29.e.4068","ELEMENT":"f.82B6B8A3E657D82ADC5BCF6485BB3A7A.d.EAA8FBD252891FB04C0B90FE366D0E29.e.4068"}]}
RESULT: {"script":"<script> [8489 bytes]","args":[{"element-6066-11e4-a52e-4f735466cecf":"f.82B6B8A3E657D82ADC5BCF6485BB3A7A.d.EAA8FBD252891FB04C0B90FE366D0E29.e.4068","ELEMENT":"f.82B6B8A3E657D82ADC5BCF6485BB3A7A.d.EAA8FBD252891FB04C0B90FE366D0E29.e.4068"}]}
COMMAND: GET /session/2095189e0a70b1d32678dd15bb58b96a/screenshot - {}
RESULT: {}
COMMAND: POST /session/2095189e0a70b1d32678dd15bb58b96a/element/f.82B6B8A3E657D82ADC5BCF6485BB3A7A.d.EAA8FBD252891FB04C0B90FE366D0E29.e.3634/click - {}
COMMAND: POST /session/2095189e0a70b1d32678dd15bb58b96a/element - {"using":"xpath","value":"//*[contains(@data-kt ,\"openLocationActionMenuLink\")]"}
RESULT: {"using":"xpath","value":"//*[contains(@data-kt ,\"openLocationActionMenuLink\")]"}
COMMAND: POST /session/2095189e0a70b1d32678dd15bb58b96a/element/f.82B6B8A3E657D82ADC5BCF6485BB3A7A.d.EAA8FBD252891FB04C0B90FE366D0E29.e.3634/click - {}
COMMAND: POST /session/2095189e0a70b1d32678dd15bb58b96a/element - {"using":"xpath","value":"//*[contains(@data-kt ,\"openLocationActionMenuLink\")]"}
RESULT: {"using":"xpath","value":"//*[contains(@data-kt ,\"openLocationActionMenuLink\")]"}
COMMAND: POST /session/2095189e0a70b1d32678dd15bb58b96a/element/f.82B6B8A3E657D82ADC5BCF6485BB3A7A.d.EAA8FBD252891FB04C0B90FE366D0E29.e.4069/click - {}
RESULT: {}
COMMAND: GET /session/2095189e0a70b1d32678dd15bb58b96a/screenshot - {}
RESULT: {}
COMMAND: POST /session/2095189e0a70b1d32678dd15bb58b96a/element/f.82B6B8A3E657D82ADC5BCF6485BB3A7A.d.EAA8FBD252891FB04C0B90FE366D0E29.e.3637/click - {}
COMMAND: POST /session/2095189e0a70b1d32678dd15bb58b96a/element - {"using":"xpath","value":"//a[contains(@class ,\"sapMLnk sapMLnkMaxWidth sapUiTinyMarginTop\")][contains(text(), \"Yard Address\")]"}
RESULT: {"using":"xpath","value":"//a[contains(@class ,\"sapMLnk sapMLnkMaxWidth sapUiTinyMarginTop\")][contains(text(), \"Yard Address\")]"}
COMMAND: POST /session/2095189e0a70b1d32678dd15bb58b96a/element/f.82B6B8A3E657D82ADC5BCF6485BB3A7A.d.EAA8FBD252891FB04C0B90FE366D0E29.e.3637/click - {}
COMMAND: POST /session/2095189e0a70b1d32678dd15bb58b96a/element - {"using":"xpath","value":"//a[contains(@class ,\"sapMLnk sapMLnkMaxWidth sapUiTinyMarginTop\")][contains(text(), \"Yard Address\")]"}
RESULT: {"using":"xpath","value":"//a[contains(@class ,\"sapMLnk sapMLnkMaxWidth sapUiTinyMarginTop\")][contains(text(), \"Yard Address\")]"}
COMMAND: POST /session/2095189e0a70b1d32678dd15bb58b96a/element/f.82B6B8A3E657D82ADC5BCF6485BB3A7A.d.EAA8FBD252891FB04C0B90FE366D0E29.e.4071/click - {}
RESULT: {}
COMMAND: GET /session/2095189e0a70b1d32678dd15bb58b96a/screenshot - {}
RESULT: {}
RESULT: undefined
COMMAND: POST /session/2095189e0a70b1d32678dd15bb58b96a/execute/async - {"script":"<script> [6424 bytes]","args":[{"element-6066-11e4-a52e-4f735466cecf":"f.82B6B8A3E657D82ADC5BCF6485BB3A7A.d.EAA8FBD252891FB04C0B90FE366D0E29.e.3128"},"getTitle",[]]}
COMMAND: POST /session/2095189e0a70b1d32678dd15bb58b96a/execute/async - {"script":"<script> [1562 bytes]","args":[{"selector":{"id":"shellAppTitle"},"wdio_ui5_key":"shellAppTitle"}]}
RESULT: {"script":"<script> [1562 bytes]","args":[{"selector":{"id":"shellAppTitle"},"wdio_ui5_key":"shellAppTitle"}]}
COMMAND: POST /session/2095189e0a70b1d32678dd15bb58b96a/execute/async - {"script":"<script> [6424 bytes]","args":[{"element-6066-11e4-a52e-4f735466cecf":"f.82B6B8A3E657D82ADC5BCF6485BB3A7A.d.EAA8FBD252891FB04C0B90FE366D0E29.e.4331"},"getTitle",[]]}
RESULT: {"script":"<script> [6424 bytes]","args":[{"element-6066-11e4-a52e-4f735466cecf":"f.82B6B8A3E657D82ADC5BCF6485BB3A7A.d.EAA8FBD252891FB04C0B90FE366D0E29.e.4331"},"getTitle",[]]}
COMMAND: POST /session/2095189e0a70b1d32678dd15bb58b96a/element - {"using":"xpath","value":"//span[contains(@id ,\"application-addressmanagement-display-component---detailAdm--addressDetailDetailsName1\")][contains(text(), \"WebdriverYard1coz1\")]"}
RESULT: {"using":"xpath","value":"//span[contains(@id ,\"application-addressmanagement-display-component---detailAdm--addressDetailDetailsName1\")][contains(text(), \"WebdriverYard1coz1\")]"}
COMMAND: POST /session/2095189e0a70b1d32678dd15bb58b96a/execute/sync - {"script":"<script> [8489 bytes]","args":[{"element-6066-11e4-a52e-4f735466cecf":"f.82B6B8A3E657D82ADC5BCF6485BB3A7A.d.EAA8FBD252891FB04C0B90FE366D0E29.e.4332","ELEMENT":"f.82B6B8A3E657D82ADC5BCF6485BB3A7A.d.EAA8FBD252891FB04C0B90FE366D0E29.e.4332"}]}
RESULT: undefined
COMMAND: POST /session/2095189e0a70b1d32678dd15bb58b96a/element - {"using":"xpath","value":"//*[@id=\"backBtn\"]"}
RESULT: {"script":"<script> [8489 bytes]","args":[{"element-6066-11e4-a52e-4f735466cecf":"f.82B6B8A3E657D82ADC5BCF6485BB3A7A.d.EAA8FBD252891FB04C0B90FE366D0E29.e.4332","ELEMENT":"f.82B6B8A3E657D82ADC5BCF6485BB3A7A.d.EAA8FBD252891FB04C0B90FE366D0E29.e.4332"}]}
RESULT: {"using":"xpath","value":"//*[@id=\"backBtn\"]"}
COMMAND: POST /session/2095189e0a70b1d32678dd15bb58b96a/element/f.82B6B8A3E657D82ADC5BCF6485BB3A7A.d.EAA8FBD252891FB04C0B90FE366D0E29.e.3130/click - {}
COMMAND: GET /session/2095189e0a70b1d32678dd15bb58b96a/screenshot - {}
RESULT: {}
COMMAND: GET /session/2095189e0a70b1d32678dd15bb58b96a/screenshot - {}
RESULT: {}
RESULT: {}
COMMAND: POST /session/2095189e0a70b1d32678dd15bb58b96a/execute/sync - {"script":"<script> [8489 bytes]","args":[{"element-6066-11e4-a52e-4f735466cecf":"f.82B6B8A3E657D82ADC5BCF6485BB3A7A.d.EAA8FBD252891FB04C0B90FE366D0E29.e.4002","ELEMENT":"f.82B6B8A3E657D82ADC5BCF6485BB3A7A.d.EAA8FBD252891FB04C0B90FE366D0E29.e.4002"}]}
COMMAND: POST /session/2095189e0a70b1d32678dd15bb58b96a/element - {"using":"xpath","value":"//bdi[contains(@id ,\"application-manageresources-display-component---detailRU--openRelatedRus-BDI-content\")]"}
RESULT: {"using":"xpath","value":"//bdi[contains(@id ,\"application-manageresources-display-component---detailRU--openRelatedRus-BDI-content\")]"}
COMMAND: POST /session/2095189e0a70b1d32678dd15bb58b96a/execute/sync - {"script":"<script> [8489 bytes]","args":[{"element-6066-11e4-a52e-4f735466cecf":"f.82B6B8A3E657D82ADC5BCF6485BB3A7A.d.EAA8FBD252891FB04C0B90FE366D0E29.e.4625","ELEMENT":"f.82B6B8A3E657D82ADC5BCF6485BB3A7A.d.EAA8FBD252891FB04C0B90FE366D0E29.e.4625"}]}
RESULT: {"script":"<script> [8489 bytes]","args":[{"element-6066-11e4-a52e-4f735466cecf":"f.82B6B8A3E657D82ADC5BCF6485BB3A7A.d.EAA8FBD252891FB04C0B90FE366D0E29.e.4625","ELEMENT":"f.82B6B8A3E657D82ADC5BCF6485BB3A7A.d.EAA8FBD252891FB04C0B90FE366D0E29.e.4625"}]}
COMMAND: POST /session/2095189e0a70b1d32678dd15bb58b96a/execute/sync - {"script":"<script> [5351 bytes]","args":[{"element-6066-11e4-a52e-4f735466cecf":"f.82B6B8A3E657D82ADC5BCF6485BB3A7A.d.EAA8FBD252891FB04C0B90FE366D0E29.e.4625","ELEMENT":"f.82B6B8A3E657D82ADC5BCF6485BB3A7A.d.EAA8FBD252891FB04C0B90FE366D0E29.e.4625"}]}
RESULT: {"script":"<script> [5351 bytes]","args":[{"element-6066-11e4-a52e-4f735466cecf":"f.82B6B8A3E657D82ADC5BCF6485BB3A7A.d.EAA8FBD252891FB04C0B90FE366D0E29.e.4625","ELEMENT":"f.82B6B8A3E657D82ADC5BCF6485BB3A7A.d.EAA8FBD252891FB04C0B90FE366D0E29.e.4625"}]}
COMMAND: POST /session/2095189e0a70b1d32678dd15bb58b96a/element/f.82B6B8A3E657D82ADC5BCF6485BB3A7A.d.EAA8FBD252891FB04C0B90FE366D0E29.e.4625/click - {}
COMMAND: GET /session/2095189e0a70b1d32678dd15bb58b96a/screenshot - {}
COMMAND: GET /session/2095189e0a70b1d32678dd15bb58b96a/screenshot - {}
RESULT: {}
COMMAND: GET /session/2095189e0a70b1d32678dd15bb58b96a/screenshot - {}
RESULT: {}
RESULT: {}
RESULT: {}
COMMAND: POST /session/2095189e0a70b1d32678dd15bb58b96a/element/f.82B6B8A3E657D82ADC5BCF6485BB3A7A.d.EAA8FBD252891FB04C0B90FE366D0E29.e.4069/click - {}
COMMAND: POST /session/2095189e0a70b1d32678dd15bb58b96a/element - {"using":"xpath","value":"//*[contains(@data-kt ,\"openLocationActionMenuLink\")]"}
RESULT: {"using":"xpath","value":"//*[contains(@data-kt ,\"openLocationActionMenuLink\")]"}
COMMAND: POST /session/2095189e0a70b1d32678dd15bb58b96a/element/f.82B6B8A3E657D82ADC5BCF6485BB3A7A.d.EAA8FBD252891FB04C0B90FE366D0E29.e.4069/click - {}
COMMAND: POST /session/2095189e0a70b1d32678dd15bb58b96a/element - {"using":"xpath","value":"//*[contains(@data-kt ,\"openLocationActionMenuLink\")]"}
RESULT: {"using":"xpath","value":"//*[contains(@data-kt ,\"openLocationActionMenuLink\")]"}
COMMAND: POST /session/2095189e0a70b1d32678dd15bb58b96a/element/f.82B6B8A3E657D82ADC5BCF6485BB3A7A.d.EAA8FBD252891FB04C0B90FE366D0E29.e.4629/click - {}
RESULT: {}
COMMAND: GET /session/2095189e0a70b1d32678dd15bb58b96a/screenshot - {}
RESULT: {}
COMMAND: POST /session/2095189e0a70b1d32678dd15bb58b96a/element - {"using":"xpath","value":"(//button[contains(@title ,\"Open in new tab\")])[1]"}
RESULT: {"using":"xpath","value":"(//button[contains(@title ,\"Open in new tab\")])[1]"}
COMMAND: POST /session/2095189e0a70b1d32678dd15bb58b96a/element/f.82B6B8A3E657D82ADC5BCF6485BB3A7A.d.EAA8FBD252891FB04C0B90FE366D0E29.e.4630/click - {}
RESULT: {}
COMMAND: GET /session/2095189e0a70b1d32678dd15bb58b96a/screenshot - {}
RESULT: {}
COMMAND: GET /session/2095189e0a70b1d32678dd15bb58b96a/window/handles - {}
RESULT: {}
COMMAND: POST /session/2095189e0a70b1d32678dd15bb58b96a/window - {"handle":"7012989F4398243EB532BA1D7A967171"}
RESULT: {"handle":"7012989F4398243EB532BA1D7A967171"}
COMMAND: GET /session/2095189e0a70b1d32678dd15bb58b96a/url - {}
RESULT: {}
COMMAND: GET /session/2095189e0a70b1d32678dd15bb58b96a/screenshot - {}
COMMAND: POST /session/2095189e0a70b1d32678dd15bb58b96a/execute/sync - {"script":"<script> [8489 bytes]","args":[{"element-6066-11e4-a52e-4f735466cecf":"f.82B6B8A3E657D82ADC5BCF6485BB3A7A.d.EAA8FBD252891FB04C0B90FE366D0E29.e.4068","ELEMENT":"f.82B6B8A3E657D82ADC5BCF6485BB3A7A.d.EAA8FBD252891FB04C0B90FE366D0E29.e.4068"}]}
COMMAND: DELETE /session/2095189e0a70b1d32678dd15bb58b96a/window - {}
RESULT: {}
RESULT: {}
COMMAND: POST /session/2095189e0a70b1d32678dd15bb58b96a/window - {"handle":"82B6B8A3E657D82ADC5BCF6485BB3A7A"}
RESULT: {"handle":"82B6B8A3E657D82ADC5BCF6485BB3A7A"}
COMMAND: GET /session/2095189e0a70b1d32678dd15bb58b96a/url - {}
COMMAND: POST /session/2095189e0a70b1d32678dd15bb58b96a/element - {"using":"xpath","value":"(//span[contains(text(), \"WebdriverYard1coz1\")])[2]"}
RESULT: {}
RESULT: {"using":"xpath","value":"(//span[contains(text(), \"WebdriverYard1coz1\")])[2]"}
COMMAND: POST /session/2095189e0a70b1d32678dd15bb58b96a/execute/sync - {"script":"<script> [8489 bytes]","args":[{"element-6066-11e4-a52e-4f735466cecf":"f.82B6B8A3E657D82ADC5BCF6485BB3A7A.d.EAA8FBD252891FB04C0B90FE366D0E29.e.4635","ELEMENT":"f.82B6B8A3E657D82ADC5BCF6485BB3A7A.d.EAA8FBD252891FB04C0B90FE366D0E29.e.4635"}]}
COMMAND: GET /session/2095189e0a70b1d32678dd15bb58b96a/screenshot - {}
RESULT: {"script":"<script> [8489 bytes]","args":[{"element-6066-11e4-a52e-4f735466cecf":"f.82B6B8A3E657D82ADC5BCF6485BB3A7A.d.EAA8FBD252891FB04C0B90FE366D0E29.e.4635","ELEMENT":"f.82B6B8A3E657D82ADC5BCF6485BB3A7A.d.EAA8FBD252891FB04C0B90FE366D0E29.e.4635"}]}
COMMAND: GET /session/2095189e0a70b1d32678dd15bb58b96a/screenshot - {}
RESULT: {}
RESULT: {}
COMMAND: POST /session/2095189e0a70b1d32678dd15bb58b96a/element - {"using":"xpath","value":"(//button[contains(@title ,\"Open in new tab\")])[2]"}
RESULT: {"using":"xpath","value":"(//button[contains(@title ,\"Open in new tab\")])[2]"}
COMMAND: POST /session/2095189e0a70b1d32678dd15bb58b96a/element/f.82B6B8A3E657D82ADC5BCF6485BB3A7A.d.EAA8FBD252891FB04C0B90FE366D0E29.e.4636/click - {}
RESULT: {}
COMMAND: GET /session/2095189e0a70b1d32678dd15bb58b96a/screenshot - {}
RESULT: {}
COMMAND: GET /session/2095189e0a70b1d32678dd15bb58b96a/window/handles - {}
RESULT: {}
COMMAND: POST /session/2095189e0a70b1d32678dd15bb58b96a/window - {"handle":"0ABB55104BA85EB0C073EABC26F1FFA8"}
RESULT: {"handle":"0ABB55104BA85EB0C073EABC26F1FFA8"}
COMMAND: GET /session/2095189e0a70b1d32678dd15bb58b96a/url - {}
RESULT: {}
COMMAND: GET /session/2095189e0a70b1d32678dd15bb58b96a/screenshot - {}
RESULT: {}
COMMAND: POST /session/2095189e0a70b1d32678dd15bb58b96a/execute/sync - {"script":"<script> [8489 bytes]","args":[{"element-6066-11e4-a52e-4f735466cecf":"f.82B6B8A3E657D82ADC5BCF6485BB3A7A.d.EAA8FBD252891FB04C0B90FE366D0E29.e.4332","ELEMENT":"f.82B6B8A3E657D82ADC5BCF6485BB3A7A.d.EAA8FBD252891FB04C0B90FE366D0E29.e.4332"}]}
COMMAND: DELETE /session/2095189e0a70b1d32678dd15bb58b96a/window - {}
RESULT: {}
COMMAND: POST /session/2095189e0a70b1d32678dd15bb58b96a/window - {"handle":"82B6B8A3E657D82ADC5BCF6485BB3A7A"}
RESULT: {"handle":"82B6B8A3E657D82ADC5BCF6485BB3A7A"}
COMMAND: GET /session/2095189e0a70b1d32678dd15bb58b96a/url - {}
COMMAND: POST /session/2095189e0a70b1d32678dd15bb58b96a/element - {"using":"xpath","value":"//span[contains(@id ,\"application-addressmanagement-display-component---detailAdm--addressDetailDetailsName1\")][contains(text(), \"WebdriverYard1coz1\")]"}
RESULT: {}
RESULT: {"using":"xpath","value":"//span[contains(@id ,\"application-addressmanagement-display-component---detailAdm--addressDetailDetailsName1\")][contains(text(), \"WebdriverYard1coz1\")]"}
COMMAND: POST /session/2095189e0a70b1d32678dd15bb58b96a/element - {"using":"xpath","value":"//span[contains(@id ,\"application-addressmanagement-display-component---detailAdm--addressDetailDetailsName1\")][contains(text(), \"WebdriverYard1coz1\")]"}
COMMAND: GET /session/2095189e0a70b1d32678dd15bb58b96a/screenshot - {}
RESULT: {"using":"xpath","value":"//span[contains(@id ,\"application-addressmanagement-display-component---detailAdm--addressDetailDetailsName1\")][contains(text(), \"WebdriverYard1coz1\")]"}
RESULT: {}
COMMAND: POST /session/2095189e0a70b1d32678dd15bb58b96a/element - {"using":"xpath","value":"//span[contains(@id ,\"application-addressmanagement-display-component---detailAdm--addressDetailDetailsName1\")][contains(text(), \"WebdriverYard1coz1\")]"}
RESULT: {"using":"xpath","value":"//span[contains(@id ,\"application-addressmanagement-display-component---detailAdm--addressDetailDetailsName1\")][contains(text(), \"WebdriverYard1coz1\")]"}
COMMAND: POST /session/2095189e0a70b1d32678dd15bb58b96a/element - {"using":"xpath","value":"//span[contains(@id ,\"application-addressmanagement-display-component---detailAdm--addressDetailDetailsName1\")][contains(text(), \"WebdriverYard1coz1\")]"}
RESULT: {"using":"xpath","value":"//span[contains(@id ,\"application-addressmanagement-display-component---detailAdm--addressDetailDetailsName1\")][contains(text(), \"WebdriverYard1coz1\")]"}
COMMAND: POST /session/2095189e0a70b1d32678dd15bb58b96a/element - {"using":"xpath","value":"//span[contains(@id ,\"application-addressmanagement-display-component---detailAdm--addressDetailDetailsName1\")][contains(text(), \"WebdriverYard1coz1\")]"}
RESULT: {"using":"xpath","value":"//span[contains(@id ,\"application-addressmanagement-display-component---detailAdm--addressDetailDetailsName1\")][contains(text(), \"WebdriverYard1coz1\")]"}
COMMAND: POST /session/2095189e0a70b1d32678dd15bb58b96a/element - {"using":"xpath","value":"//span[contains(@id ,\"application-addressmanagement-display-component---detailAdm--addressDetailDetailsName1\")][contains(text(), \"WebdriverYard1coz1\")]"}
RESULT: {"using":"xpath","value":"//span[contains(@id ,\"application-addressmanagement-display-component---detailAdm--addressDetailDetailsName1\")][contains(text(), \"WebdriverYard1coz1\")]"}
COMMAND: POST /session/2095189e0a70b1d32678dd15bb58b96a/element - {"using":"xpath","value":"//span[contains(@id ,\"application-addressmanagement-display-component---detailAdm--addressDetailDetailsName1\")][contains(text(), \"WebdriverYard1coz1\")]"}
RESULT: {"using":"xpath","value":"//span[contains(@id ,\"application-addressmanagement-display-component---detailAdm--addressDetailDetailsName1\")][contains(text(), \"WebdriverYard1coz1\")]"}
COMMAND: POST /session/2095189e0a70b1d32678dd15bb58b96a/element - {"using":"xpath","value":"//span[contains(@id ,\"application-addressmanagement-display-component---detailAdm--addressDetailDetailsName1\")][contains(text(), \"WebdriverYard1coz1\")]"}
RESULT: {"using":"xpath","value":"//span[contains(@id ,\"application-addressmanagement-display-component---detailAdm--addressDetailDetailsName1\")][contains(text(), \"WebdriverYard1coz1\")]"}
COMMAND: POST /session/2095189e0a70b1d32678dd15bb58b96a/element - {"using":"xpath","value":"//span[contains(@id ,\"application-addressmanagement-display-component---detailAdm--addressDetailDetailsName1\")][contains(text(), \"WebdriverYard1coz1\")]"}
RESULT: {"using":"xpath","value":"//span[contains(@id ,\"application-addressmanagement-display-component---detailAdm--addressDetailDetailsName1\")][contains(text(), \"WebdriverYard1coz1\")]"}
COMMAND: POST /session/2095189e0a70b1d32678dd15bb58b96a/element - {"using":"xpath","value":"//span[contains(@id ,\"application-addressmanagement-display-component---detailAdm--addressDetailDetailsName1\")][contains(text(), \"WebdriverYard1coz1\")]"}
RESULT: {"using":"xpath","value":"//span[contains(@id ,\"application-addressmanagement-display-component---detailAdm--addressDetailDetailsName1\")][contains(text(), \"WebdriverYard1coz1\")]"}
COMMAND: POST /session/2095189e0a70b1d32678dd15bb58b96a/element - {"using":"xpath","value":"//span[contains(@id ,\"application-addressmanagement-display-component---detailAdm--addressDetailDetailsName1\")][contains(text(), \"WebdriverYard1coz1\")]"}
RESULT: {"using":"xpath","value":"//span[contains(@id ,\"application-addressmanagement-display-component---detailAdm--addressDetailDetailsName1\")][contains(text(), \"WebdriverYard1coz1\")]"}
]]></system-out>
    </testcase>
    <testcase classname="chrome.137_0_7151_69.windows.Related_resources_for_groups_US139107" name="Should set one equipment to inactive and verify that it does not show in the releated resources" time="66.477">
      <system-out><![CDATA[
COMMAND: POST /session/2095189e0a70b1d32678dd15bb58b96a/element - {"using":"xpath","value":"//*[contains(@data-kt ,\"openRUIdMenuLink\")]"}
RESULT: {"using":"xpath","value":"//*[contains(@data-kt ,\"openRUIdMenuLink\")]"}
COMMAND: POST /session/2095189e0a70b1d32678dd15bb58b96a/execute/sync - {"script":"<script> [8489 bytes]","args":[{"element-6066-11e4-a52e-4f735466cecf":"f.82B6B8A3E657D82ADC5BCF6485BB3A7A.d.EAA8FBD252891FB04C0B90FE366D0E29.e.4837","ELEMENT":"f.82B6B8A3E657D82ADC5BCF6485BB3A7A.d.EAA8FBD252891FB04C0B90FE366D0E29.e.4837"}]}
RESULT: {"script":"<script> [8489 bytes]","args":[{"element-6066-11e4-a52e-4f735466cecf":"f.82B6B8A3E657D82ADC5BCF6485BB3A7A.d.EAA8FBD252891FB04C0B90FE366D0E29.e.4837","ELEMENT":"f.82B6B8A3E657D82ADC5BCF6485BB3A7A.d.EAA8FBD252891FB04C0B90FE366D0E29.e.4837"}]}
COMMAND: POST /session/2095189e0a70b1d32678dd15bb58b96a/execute/sync - {"script":"<script> [5351 bytes]","args":[{"element-6066-11e4-a52e-4f735466cecf":"f.82B6B8A3E657D82ADC5BCF6485BB3A7A.d.EAA8FBD252891FB04C0B90FE366D0E29.e.4837","ELEMENT":"f.82B6B8A3E657D82ADC5BCF6485BB3A7A.d.EAA8FBD252891FB04C0B90FE366D0E29.e.4837"}]}
COMMAND: GET /session/2095189e0a70b1d32678dd15bb58b96a/screenshot - {}
RESULT: {"script":"<script> [5351 bytes]","args":[{"element-6066-11e4-a52e-4f735466cecf":"f.82B6B8A3E657D82ADC5BCF6485BB3A7A.d.EAA8FBD252891FB04C0B90FE366D0E29.e.4837","ELEMENT":"f.82B6B8A3E657D82ADC5BCF6485BB3A7A.d.EAA8FBD252891FB04C0B90FE366D0E29.e.4837"}]}
COMMAND: POST /session/2095189e0a70b1d32678dd15bb58b96a/element/f.82B6B8A3E657D82ADC5BCF6485BB3A7A.d.EAA8FBD252891FB04C0B90FE366D0E29.e.4837/click - {}
COMMAND: GET /session/2095189e0a70b1d32678dd15bb58b96a/screenshot - {}
COMMAND: POST /session/2095189e0a70b1d32678dd15bb58b96a/element - {"using":"xpath","value":"//span[contains(@id ,\"application-addressmanagement-display-component---detailAdm--addressDetailDetailsName1\")][contains(text(), \"WebdriverYard1coz1\")]"}
RESULT: {}
RESULT: {}
COMMAND: GET /session/2095189e0a70b1d32678dd15bb58b96a/screenshot - {}
RESULT: {}
RESULT: {"using":"xpath","value":"//span[contains(@id ,\"application-addressmanagement-display-component---detailAdm--addressDetailDetailsName1\")][contains(text(), \"WebdriverYard1coz1\")]"}
RESULT: {}
COMMAND: POST /session/2095189e0a70b1d32678dd15bb58b96a/element - {"using":"xpath","value":"//span[contains(@id ,\"application-addressmanagement-display-component---detailAdm--addressDetailDetailsName1\")][contains(text(), \"WebdriverYard1coz1\")]"}
RESULT: {"using":"xpath","value":"//span[contains(@id ,\"application-addressmanagement-display-component---detailAdm--addressDetailDetailsName1\")][contains(text(), \"WebdriverYard1coz1\")]"}
COMMAND: POST /session/2095189e0a70b1d32678dd15bb58b96a/element - {"using":"xpath","value":"//span[contains(@id ,\"application-addressmanagement-display-component---detailAdm--addressDetailDetailsName1\")][contains(text(), \"WebdriverYard1coz1\")]"}
RESULT: {"using":"xpath","value":"//span[contains(@id ,\"application-addressmanagement-display-component---detailAdm--addressDetailDetailsName1\")][contains(text(), \"WebdriverYard1coz1\")]"}
COMMAND: POST /session/2095189e0a70b1d32678dd15bb58b96a/element - {"using":"xpath","value":"//span[contains(@id ,\"application-addressmanagement-display-component---detailAdm--addressDetailDetailsName1\")][contains(text(), \"WebdriverYard1coz1\")]"}
COMMAND: POST /session/2095189e0a70b1d32678dd15bb58b96a/element - {"using":"xpath","value":"//*[contains(@data-kt ,\"ContextMenuId2Link\")][contains(text(), \"RU Overview\")]"}
RESULT: {"using":"xpath","value":"//span[contains(@id ,\"application-addressmanagement-display-component---detailAdm--addressDetailDetailsName1\")][contains(text(), \"WebdriverYard1coz1\")]"}
RESULT: {"using":"xpath","value":"//*[contains(@data-kt ,\"ContextMenuId2Link\")][contains(text(), \"RU Overview\")]"}
COMMAND: POST /session/2095189e0a70b1d32678dd15bb58b96a/execute/sync - {"script":"<script> [8489 bytes]","args":[{"element-6066-11e4-a52e-4f735466cecf":"f.82B6B8A3E657D82ADC5BCF6485BB3A7A.d.EAA8FBD252891FB04C0B90FE366D0E29.e.4839","ELEMENT":"f.82B6B8A3E657D82ADC5BCF6485BB3A7A.d.EAA8FBD252891FB04C0B90FE366D0E29.e.4839"}]}
COMMAND: POST /session/2095189e0a70b1d32678dd15bb58b96a/element/f.82B6B8A3E657D82ADC5BCF6485BB3A7A.d.EAA8FBD252891FB04C0B90FE366D0E29.e.4839/click - {}
RESULT: {"script":"<script> [8489 bytes]","args":[{"element-6066-11e4-a52e-4f735466cecf":"f.82B6B8A3E657D82ADC5BCF6485BB3A7A.d.EAA8FBD252891FB04C0B90FE366D0E29.e.4839","ELEMENT":"f.82B6B8A3E657D82ADC5BCF6485BB3A7A.d.EAA8FBD252891FB04C0B90FE366D0E29.e.4839"}]}
COMMAND: GET /session/2095189e0a70b1d32678dd15bb58b96a/screenshot - {}
COMMAND: POST /session/2095189e0a70b1d32678dd15bb58b96a/element - {"using":"xpath","value":"//span[contains(@id ,\"application-addressmanagement-display-component---detailAdm--addressDetailDetailsName1\")][contains(text(), \"WebdriverYard1coz1\")]"}
RESULT: {}
COMMAND: GET /session/2095189e0a70b1d32678dd15bb58b96a/screenshot - {}
RESULT: {}
RESULT: {"using":"xpath","value":"//span[contains(@id ,\"application-addressmanagement-display-component---detailAdm--addressDetailDetailsName1\")][contains(text(), \"WebdriverYard1coz1\")]"}
RESULT: {}
COMMAND: POST /session/2095189e0a70b1d32678dd15bb58b96a/element - {"using":"xpath","value":"//span[contains(@id ,\"application-addressmanagement-display-component---detailAdm--addressDetailDetailsName1\")][contains(text(), \"WebdriverYard1coz1\")]"}
RESULT: {"using":"xpath","value":"//span[contains(@id ,\"application-addressmanagement-display-component---detailAdm--addressDetailDetailsName1\")][contains(text(), \"WebdriverYard1coz1\")]"}
COMMAND: POST /session/2095189e0a70b1d32678dd15bb58b96a/element - {"using":"xpath","value":"//span[contains(@id ,\"application-addressmanagement-display-component---detailAdm--addressDetailDetailsName1\")][contains(text(), \"WebdriverYard1coz1\")]"}
RESULT: {"using":"xpath","value":"//span[contains(@id ,\"application-addressmanagement-display-component---detailAdm--addressDetailDetailsName1\")][contains(text(), \"WebdriverYard1coz1\")]"}
COMMAND: POST /session/2095189e0a70b1d32678dd15bb58b96a/element - {"using":"xpath","value":"//span[contains(@id ,\"application-addressmanagement-display-component---detailAdm--addressDetailDetailsName1\")][contains(text(), \"WebdriverYard1coz1\")]"}
RESULT: {"using":"xpath","value":"//span[contains(@id ,\"application-addressmanagement-display-component---detailAdm--addressDetailDetailsName1\")][contains(text(), \"WebdriverYard1coz1\")]"}
COMMAND: POST /session/2095189e0a70b1d32678dd15bb58b96a/element - {"using":"xpath","value":"//span[contains(@id ,\"application-addressmanagement-display-component---detailAdm--addressDetailDetailsName1\")][contains(text(), \"WebdriverYard1coz1\")]"}
RESULT: {"using":"xpath","value":"//span[contains(@id ,\"application-addressmanagement-display-component---detailAdm--addressDetailDetailsName1\")][contains(text(), \"WebdriverYard1coz1\")]"}
COMMAND: POST /session/2095189e0a70b1d32678dd15bb58b96a/element - {"using":"xpath","value":"//span[contains(@id ,\"application-addressmanagement-display-component---detailAdm--addressDetailDetailsName1\")][contains(text(), \"WebdriverYard1coz1\")]"}
RESULT: {"using":"xpath","value":"//span[contains(@id ,\"application-addressmanagement-display-component---detailAdm--addressDetailDetailsName1\")][contains(text(), \"WebdriverYard1coz1\")]"}
COMMAND: POST /session/2095189e0a70b1d32678dd15bb58b96a/element - {"using":"xpath","value":"//span[contains(@id ,\"application-addressmanagement-display-component---detailAdm--addressDetailDetailsName1\")][contains(text(), \"WebdriverYard1coz1\")]"}
RESULT: {"using":"xpath","value":"//span[contains(@id ,\"application-addressmanagement-display-component---detailAdm--addressDetailDetailsName1\")][contains(text(), \"WebdriverYard1coz1\")]"}
COMMAND: POST /session/2095189e0a70b1d32678dd15bb58b96a/element - {"using":"xpath","value":"//span[contains(@id ,\"application-addressmanagement-display-component---detailAdm--addressDetailDetailsName1\")][contains(text(), \"WebdriverYard1coz1\")]"}
RESULT: {"using":"xpath","value":"//span[contains(@id ,\"application-addressmanagement-display-component---detailAdm--addressDetailDetailsName1\")][contains(text(), \"WebdriverYard1coz1\")]"}
COMMAND: POST /session/2095189e0a70b1d32678dd15bb58b96a/element - {"using":"xpath","value":"//span[contains(@id ,\"actionsToolbar-overflowButton-img\")]"}
RESULT: {"using":"xpath","value":"//span[contains(@id ,\"actionsToolbar-overflowButton-img\")]"}
COMMAND: POST /session/2095189e0a70b1d32678dd15bb58b96a/execute/sync - {"script":"<script> [8489 bytes]","args":[{"element-6066-11e4-a52e-4f735466cecf":"f.82B6B8A3E657D82ADC5BCF6485BB3A7A.d.EAA8FBD252891FB04C0B90FE366D0E29.e.5162","ELEMENT":"f.82B6B8A3E657D82ADC5BCF6485BB3A7A.d.EAA8FBD252891FB04C0B90FE366D0E29.e.5162"}]}
RESULT: {"script":"<script> [8489 bytes]","args":[{"element-6066-11e4-a52e-4f735466cecf":"f.82B6B8A3E657D82ADC5BCF6485BB3A7A.d.EAA8FBD252891FB04C0B90FE366D0E29.e.5162","ELEMENT":"f.82B6B8A3E657D82ADC5BCF6485BB3A7A.d.EAA8FBD252891FB04C0B90FE366D0E29.e.5162"}]}
COMMAND: POST /session/2095189e0a70b1d32678dd15bb58b96a/execute/sync - {"script":"<script> [5351 bytes]","args":[{"element-6066-11e4-a52e-4f735466cecf":"f.82B6B8A3E657D82ADC5BCF6485BB3A7A.d.EAA8FBD252891FB04C0B90FE366D0E29.e.5162","ELEMENT":"f.82B6B8A3E657D82ADC5BCF6485BB3A7A.d.EAA8FBD252891FB04C0B90FE366D0E29.e.5162"}]}
COMMAND: POST /session/2095189e0a70b1d32678dd15bb58b96a/element - {"using":"xpath","value":"//span[contains(@id ,\"application-addressmanagement-display-component---detailAdm--addressDetailDetailsName1\")][contains(text(), \"WebdriverYard1coz1\")]"}
COMMAND: GET /session/2095189e0a70b1d32678dd15bb58b96a/screenshot - {}
RESULT: {"script":"<script> [5351 bytes]","args":[{"element-6066-11e4-a52e-4f735466cecf":"f.82B6B8A3E657D82ADC5BCF6485BB3A7A.d.EAA8FBD252891FB04C0B90FE366D0E29.e.5162","ELEMENT":"f.82B6B8A3E657D82ADC5BCF6485BB3A7A.d.EAA8FBD252891FB04C0B90FE366D0E29.e.5162"}]}
COMMAND: POST /session/2095189e0a70b1d32678dd15bb58b96a/element/f.82B6B8A3E657D82ADC5BCF6485BB3A7A.d.EAA8FBD252891FB04C0B90FE366D0E29.e.5162/click - {}
RESULT: {"using":"xpath","value":"//span[contains(@id ,\"application-addressmanagement-display-component---detailAdm--addressDetailDetailsName1\")][contains(text(), \"WebdriverYard1coz1\")]"}
RESULT: {}
COMMAND: GET /session/2095189e0a70b1d32678dd15bb58b96a/screenshot - {}
RESULT: {}
COMMAND: GET /session/2095189e0a70b1d32678dd15bb58b96a/screenshot - {}
RESULT: {}
COMMAND: POST /session/2095189e0a70b1d32678dd15bb58b96a/element - {"using":"xpath","value":"//span[contains(@id ,\"application-addressmanagement-display-component---detailAdm--addressDetailDetailsName1\")][contains(text(), \"WebdriverYard1coz1\")]"}
RESULT: {}
RESULT: {"using":"xpath","value":"//span[contains(@id ,\"application-addressmanagement-display-component---detailAdm--addressDetailDetailsName1\")][contains(text(), \"WebdriverYard1coz1\")]"}
COMMAND: POST /session/2095189e0a70b1d32678dd15bb58b96a/element - {"using":"xpath","value":"//span[contains(@id ,\"application-addressmanagement-display-component---detailAdm--addressDetailDetailsName1\")][contains(text(), \"WebdriverYard1coz1\")]"}
RESULT: {"using":"xpath","value":"//span[contains(@id ,\"application-addressmanagement-display-component---detailAdm--addressDetailDetailsName1\")][contains(text(), \"WebdriverYard1coz1\")]"}
COMMAND: POST /session/2095189e0a70b1d32678dd15bb58b96a/element - {"using":"xpath","value":"//span[contains(@id ,\"application-addressmanagement-display-component---detailAdm--addressDetailDetailsName1\")][contains(text(), \"WebdriverYard1coz1\")]"}
RESULT: {"using":"xpath","value":"//span[contains(@id ,\"application-addressmanagement-display-component---detailAdm--addressDetailDetailsName1\")][contains(text(), \"WebdriverYard1coz1\")]"}
COMMAND: POST /session/2095189e0a70b1d32678dd15bb58b96a/element - {"using":"xpath","value":"(//bdi[contains(text(), \"Deactivate\")])[1]"}
RESULT: {"using":"xpath","value":"(//bdi[contains(text(), \"Deactivate\")])[1]"}
COMMAND: POST /session/2095189e0a70b1d32678dd15bb58b96a/element/f.82B6B8A3E657D82ADC5BCF6485BB3A7A.d.EAA8FBD252891FB04C0B90FE366D0E29.e.5166/click - {}
COMMAND: POST /session/2095189e0a70b1d32678dd15bb58b96a/element - {"using":"xpath","value":"//span[contains(@id ,\"application-addressmanagement-display-component---detailAdm--addressDetailDetailsName1\")][contains(text(), \"WebdriverYard1coz1\")]"}
RESULT: {}
COMMAND: GET /session/2095189e0a70b1d32678dd15bb58b96a/screenshot - {}
RESULT: {"using":"xpath","value":"//span[contains(@id ,\"application-addressmanagement-display-component---detailAdm--addressDetailDetailsName1\")][contains(text(), \"WebdriverYard1coz1\")]"}
RESULT: {}
COMMAND: POST /session/2095189e0a70b1d32678dd15bb58b96a/element - {"using":"xpath","value":"//span[contains(@id ,\"application-addressmanagement-display-component---detailAdm--addressDetailDetailsName1\")][contains(text(), \"WebdriverYard1coz1\")]"}
RESULT: {"using":"xpath","value":"//span[contains(@id ,\"application-addressmanagement-display-component---detailAdm--addressDetailDetailsName1\")][contains(text(), \"WebdriverYard1coz1\")]"}
COMMAND: POST /session/2095189e0a70b1d32678dd15bb58b96a/element - {"using":"xpath","value":"//span[contains(@id ,\"application-addressmanagement-display-component---detailAdm--addressDetailDetailsName1\")][contains(text(), \"WebdriverYard1coz1\")]"}
RESULT: {"using":"xpath","value":"//span[contains(@id ,\"application-addressmanagement-display-component---detailAdm--addressDetailDetailsName1\")][contains(text(), \"WebdriverYard1coz1\")]"}
COMMAND: POST /session/2095189e0a70b1d32678dd15bb58b96a/element - {"using":"xpath","value":"//span[contains(@id ,\"application-addressmanagement-display-component---detailAdm--addressDetailDetailsName1\")][contains(text(), \"WebdriverYard1coz1\")]"}
RESULT: {"using":"xpath","value":"//span[contains(@id ,\"application-addressmanagement-display-component---detailAdm--addressDetailDetailsName1\")][contains(text(), \"WebdriverYard1coz1\")]"}
COMMAND: POST /session/2095189e0a70b1d32678dd15bb58b96a/element - {"using":"xpath","value":"(//bdi[contains(text(), \"OK\")])[1]"}
RESULT: {"using":"xpath","value":"(//bdi[contains(text(), \"OK\")])[1]"}
COMMAND: POST /session/2095189e0a70b1d32678dd15bb58b96a/element/f.82B6B8A3E657D82ADC5BCF6485BB3A7A.d.EAA8FBD252891FB04C0B90FE366D0E29.e.5169/click - {}
RESULT: {}
COMMAND: GET /session/2095189e0a70b1d32678dd15bb58b96a/screenshot - {}
COMMAND: POST /session/2095189e0a70b1d32678dd15bb58b96a/element - {"using":"xpath","value":"//span[contains(@id ,\"application-addressmanagement-display-component---detailAdm--addressDetailDetailsName1\")][contains(text(), \"WebdriverYard1coz1\")]"}
RESULT: {}
RESULT: {"using":"xpath","value":"//span[contains(@id ,\"application-addressmanagement-display-component---detailAdm--addressDetailDetailsName1\")][contains(text(), \"WebdriverYard1coz1\")]"}
COMMAND: POST /session/2095189e0a70b1d32678dd15bb58b96a/element - {"using":"xpath","value":"//span[contains(@id ,\"application-addressmanagement-display-component---detailAdm--addressDetailDetailsName1\")][contains(text(), \"WebdriverYard1coz1\")]"}
RESULT: {"using":"xpath","value":"//span[contains(@id ,\"application-addressmanagement-display-component---detailAdm--addressDetailDetailsName1\")][contains(text(), \"WebdriverYard1coz1\")]"}
COMMAND: POST /session/2095189e0a70b1d32678dd15bb58b96a/element - {"using":"xpath","value":"//span[contains(@id ,\"application-addressmanagement-display-component---detailAdm--addressDetailDetailsName1\")][contains(text(), \"WebdriverYard1coz1\")]"}
RESULT: {"using":"xpath","value":"//span[contains(@id ,\"application-addressmanagement-display-component---detailAdm--addressDetailDetailsName1\")][contains(text(), \"WebdriverYard1coz1\")]"}
COMMAND: POST /session/2095189e0a70b1d32678dd15bb58b96a/element - {"using":"xpath","value":"//span[contains(@id ,\"application-addressmanagement-display-component---detailAdm--addressDetailDetailsName1\")][contains(text(), \"WebdriverYard1coz1\")]"}
RESULT: {"using":"xpath","value":"//span[contains(@id ,\"application-addressmanagement-display-component---detailAdm--addressDetailDetailsName1\")][contains(text(), \"WebdriverYard1coz1\")]"}
COMMAND: POST /session/2095189e0a70b1d32678dd15bb58b96a/element - {"using":"xpath","value":"//span[contains(@id ,\"application-addressmanagement-display-component---detailAdm--addressDetailDetailsName1\")][contains(text(), \"WebdriverYard1coz1\")]"}
RESULT: {"using":"xpath","value":"//span[contains(@id ,\"application-addressmanagement-display-component---detailAdm--addressDetailDetailsName1\")][contains(text(), \"WebdriverYard1coz1\")]"}
COMMAND: POST /session/2095189e0a70b1d32678dd15bb58b96a/element - {"using":"xpath","value":"//span[contains(@id ,\"application-addressmanagement-display-component---detailAdm--addressDetailDetailsName1\")][contains(text(), \"WebdriverYard1coz1\")]"}
RESULT: {"using":"xpath","value":"//span[contains(@id ,\"application-addressmanagement-display-component---detailAdm--addressDetailDetailsName1\")][contains(text(), \"WebdriverYard1coz1\")]"}
COMMAND: POST /session/2095189e0a70b1d32678dd15bb58b96a/element - {"using":"xpath","value":"//input[contains(@id ,\"application-manageresources-display-component---masterRU--smartFilterBar-btnBasicSearch-I\")]"}
RESULT: {"using":"xpath","value":"//input[contains(@id ,\"application-manageresources-display-component---masterRU--smartFilterBar-btnBasicSearch-I\")]"}
COMMAND: POST /session/2095189e0a70b1d32678dd15bb58b96a/element/f.82B6B8A3E657D82ADC5BCF6485BB3A7A.d.EAA8FBD252891FB04C0B90FE366D0E29.e.4850/value - {"text":"WdIORUGroup6v951"}
RESULT: {"text":"WdIORUGroup6v951"}
COMMAND: GET /session/2095189e0a70b1d32678dd15bb58b96a/screenshot - {}
RESULT: {}
COMMAND: POST /session/2095189e0a70b1d32678dd15bb58b96a/element - {"using":"xpath","value":"//span[contains(@id ,\"application-addressmanagement-display-component---detailAdm--addressDetailDetailsName1\")][contains(text(), \"WebdriverYard1coz1\")]"}
RESULT: {"using":"xpath","value":"//span[contains(@id ,\"application-addressmanagement-display-component---detailAdm--addressDetailDetailsName1\")][contains(text(), \"WebdriverYard1coz1\")]"}
COMMAND: POST /session/2095189e0a70b1d32678dd15bb58b96a/element - {"using":"xpath","value":"//span[contains(@id ,\"application-addressmanagement-display-component---detailAdm--addressDetailDetailsName1\")][contains(text(), \"WebdriverYard1coz1\")]"}
RESULT: {"using":"xpath","value":"//span[contains(@id ,\"application-addressmanagement-display-component---detailAdm--addressDetailDetailsName1\")][contains(text(), \"WebdriverYard1coz1\")]"}
COMMAND: POST /session/2095189e0a70b1d32678dd15bb58b96a/element - {"using":"xpath","value":"//span[contains(@id ,\"application-addressmanagement-display-component---detailAdm--addressDetailDetailsName1\")][contains(text(), \"WebdriverYard1coz1\")]"}
RESULT: {"using":"xpath","value":"//span[contains(@id ,\"application-addressmanagement-display-component---detailAdm--addressDetailDetailsName1\")][contains(text(), \"WebdriverYard1coz1\")]"}
COMMAND: POST /session/2095189e0a70b1d32678dd15bb58b96a/element - {"using":"xpath","value":"//span[contains(@id ,\"application-addressmanagement-display-component---detailAdm--addressDetailDetailsName1\")][contains(text(), \"WebdriverYard1coz1\")]"}
RESULT: {"using":"xpath","value":"//span[contains(@id ,\"application-addressmanagement-display-component---detailAdm--addressDetailDetailsName1\")][contains(text(), \"WebdriverYard1coz1\")]"}
COMMAND: POST /session/2095189e0a70b1d32678dd15bb58b96a/actions - {"actions":[{"id":"action13","type":"key","parameters":{},"actions":[{"type":"keyDown","value":""},{"type":"pause","duration":10},{"type":"keyUp","value":""}]}]}
COMMAND: POST /session/2095189e0a70b1d32678dd15bb58b96a/element - {"using":"xpath","value":"//span[contains(@id ,\"application-addressmanagement-display-component---detailAdm--addressDetailDetailsName1\")][contains(text(), \"WebdriverYard1coz1\")]"}
RESULT: {"actions":[{"id":"action13","type":"key","parameters":{},"actions":[{"type":"keyDown","value":""},{"type":"pause","duration":10},{"type":"keyUp","value":""}]}]}
COMMAND: GET /session/2095189e0a70b1d32678dd15bb58b96a/screenshot - {}
RESULT: {"using":"xpath","value":"//span[contains(@id ,\"application-addressmanagement-display-component---detailAdm--addressDetailDetailsName1\")][contains(text(), \"WebdriverYard1coz1\")]"}
RESULT: {}
COMMAND: POST /session/2095189e0a70b1d32678dd15bb58b96a/element - {"using":"xpath","value":"//span[contains(@id ,\"application-addressmanagement-display-component---detailAdm--addressDetailDetailsName1\")][contains(text(), \"WebdriverYard1coz1\")]"}
RESULT: {"using":"xpath","value":"//span[contains(@id ,\"application-addressmanagement-display-component---detailAdm--addressDetailDetailsName1\")][contains(text(), \"WebdriverYard1coz1\")]"}
COMMAND: POST /session/2095189e0a70b1d32678dd15bb58b96a/element - {"using":"xpath","value":"//span[contains(@id ,\"application-addressmanagement-display-component---detailAdm--addressDetailDetailsName1\")][contains(text(), \"WebdriverYard1coz1\")]"}
RESULT: {"using":"xpath","value":"//span[contains(@id ,\"application-addressmanagement-display-component---detailAdm--addressDetailDetailsName1\")][contains(text(), \"WebdriverYard1coz1\")]"}
COMMAND: POST /session/2095189e0a70b1d32678dd15bb58b96a/element - {"using":"xpath","value":"//span[contains(@id ,\"application-addressmanagement-display-component---detailAdm--addressDetailDetailsName1\")][contains(text(), \"WebdriverYard1coz1\")]"}
RESULT: {"using":"xpath","value":"//span[contains(@id ,\"application-addressmanagement-display-component---detailAdm--addressDetailDetailsName1\")][contains(text(), \"WebdriverYard1coz1\")]"}
COMMAND: POST /session/2095189e0a70b1d32678dd15bb58b96a/element - {"using":"xpath","value":"//span[contains(@id ,\"application-addressmanagement-display-component---detailAdm--addressDetailDetailsName1\")][contains(text(), \"WebdriverYard1coz1\")]"}
RESULT: {"using":"xpath","value":"//span[contains(@id ,\"application-addressmanagement-display-component---detailAdm--addressDetailDetailsName1\")][contains(text(), \"WebdriverYard1coz1\")]"}
COMMAND: POST /session/2095189e0a70b1d32678dd15bb58b96a/element - {"using":"xpath","value":"//span[contains(@id ,\"application-addressmanagement-display-component---detailAdm--addressDetailDetailsName1\")][contains(text(), \"WebdriverYard1coz1\")]"}
RESULT: {"using":"xpath","value":"//span[contains(@id ,\"application-addressmanagement-display-component---detailAdm--addressDetailDetailsName1\")][contains(text(), \"WebdriverYard1coz1\")]"}
COMMAND: POST /session/2095189e0a70b1d32678dd15bb58b96a/element - {"using":"xpath","value":"//span[contains(@id ,\"application-addressmanagement-display-component---detailAdm--addressDetailDetailsName1\")][contains(text(), \"WebdriverYard1coz1\")]"}
RESULT: {"using":"xpath","value":"//span[contains(@id ,\"application-addressmanagement-display-component---detailAdm--addressDetailDetailsName1\")][contains(text(), \"WebdriverYard1coz1\")]"}
COMMAND: POST /session/2095189e0a70b1d32678dd15bb58b96a/element - {"using":"xpath","value":"//span[contains(@id ,\"application-addressmanagement-display-component---detailAdm--addressDetailDetailsName1\")][contains(text(), \"WebdriverYard1coz1\")]"}
RESULT: {"using":"xpath","value":"//span[contains(@id ,\"application-addressmanagement-display-component---detailAdm--addressDetailDetailsName1\")][contains(text(), \"WebdriverYard1coz1\")]"}
COMMAND: POST /session/2095189e0a70b1d32678dd15bb58b96a/element - {"using":"xpath","value":"//span[contains(@id ,\"application-addressmanagement-display-component---detailAdm--addressDetailDetailsName1\")][contains(text(), \"WebdriverYard1coz1\")]"}
RESULT: {"using":"xpath","value":"//span[contains(@id ,\"application-addressmanagement-display-component---detailAdm--addressDetailDetailsName1\")][contains(text(), \"WebdriverYard1coz1\")]"}
COMMAND: POST /session/2095189e0a70b1d32678dd15bb58b96a/element - {"using":"xpath","value":"//span[contains(@id ,\"application-addressmanagement-display-component---detailAdm--addressDetailDetailsName1\")][contains(text(), \"WebdriverYard1coz1\")]"}
RESULT: {"using":"xpath","value":"//span[contains(@id ,\"application-addressmanagement-display-component---detailAdm--addressDetailDetailsName1\")][contains(text(), \"WebdriverYard1coz1\")]"}
COMMAND: POST /session/2095189e0a70b1d32678dd15bb58b96a/element - {"using":"xpath","value":"//span[contains(@id ,\"application-addressmanagement-display-component---detailAdm--addressDetailDetailsName1\")][contains(text(), \"WebdriverYard1coz1\")]"}
RESULT: {"using":"xpath","value":"//span[contains(@id ,\"application-addressmanagement-display-component---detailAdm--addressDetailDetailsName1\")][contains(text(), \"WebdriverYard1coz1\")]"}
COMMAND: POST /session/2095189e0a70b1d32678dd15bb58b96a/element - {"using":"xpath","value":"//span[contains(@id ,\"application-addressmanagement-display-component---detailAdm--addressDetailDetailsName1\")][contains(text(), \"WebdriverYard1coz1\")]"}
COMMAND: POST /session/2095189e0a70b1d32678dd15bb58b96a/element - {"using":"xpath","value":"//span[contains(text(), \"WdIORUGroup6v951\")][contains(@class ,\"sapMText sapUiSelectable sapMTextBreakWord sapMTextMaxWidth\")]"}
RESULT: {"using":"xpath","value":"//span[contains(@id ,\"application-addressmanagement-display-component---detailAdm--addressDetailDetailsName1\")][contains(text(), \"WebdriverYard1coz1\")]"}
RESULT: {"using":"xpath","value":"//span[contains(text(), \"WdIORUGroup6v951\")][contains(@class ,\"sapMText sapUiSelectable sapMTextBreakWord sapMTextMaxWidth\")]"}
COMMAND: POST /session/2095189e0a70b1d32678dd15bb58b96a/element/f.82B6B8A3E657D82ADC5BCF6485BB3A7A.d.EAA8FBD252891FB04C0B90FE366D0E29.e.5419/click - {}
RESULT: {}
COMMAND: GET /session/2095189e0a70b1d32678dd15bb58b96a/screenshot - {}
COMMAND: POST /session/2095189e0a70b1d32678dd15bb58b96a/element - {"using":"xpath","value":"//span[contains(@id ,\"application-addressmanagement-display-component---detailAdm--addressDetailDetailsName1\")][contains(text(), \"WebdriverYard1coz1\")]"}
RESULT: {}
RESULT: {"using":"xpath","value":"//span[contains(@id ,\"application-addressmanagement-display-component---detailAdm--addressDetailDetailsName1\")][contains(text(), \"WebdriverYard1coz1\")]"}
COMMAND: POST /session/2095189e0a70b1d32678dd15bb58b96a/element - {"using":"xpath","value":"//bdi[contains(@id ,\"application-manageresources-display-component---detailRU--openRelatedRus-BDI-content\")]"}
RESULT: {"using":"xpath","value":"//bdi[contains(@id ,\"application-manageresources-display-component---detailRU--openRelatedRus-BDI-content\")]"}
COMMAND: POST /session/2095189e0a70b1d32678dd15bb58b96a/execute/sync - {"script":"<script> [8489 bytes]","args":[{"element-6066-11e4-a52e-4f735466cecf":"f.82B6B8A3E657D82ADC5BCF6485BB3A7A.d.EAA8FBD252891FB04C0B90FE366D0E29.e.5533","ELEMENT":"f.82B6B8A3E657D82ADC5BCF6485BB3A7A.d.EAA8FBD252891FB04C0B90FE366D0E29.e.5533"}]}
RESULT: {"script":"<script> [8489 bytes]","args":[{"element-6066-11e4-a52e-4f735466cecf":"f.82B6B8A3E657D82ADC5BCF6485BB3A7A.d.EAA8FBD252891FB04C0B90FE366D0E29.e.5533","ELEMENT":"f.82B6B8A3E657D82ADC5BCF6485BB3A7A.d.EAA8FBD252891FB04C0B90FE366D0E29.e.5533"}]}
COMMAND: POST /session/2095189e0a70b1d32678dd15bb58b96a/execute/sync - {"script":"<script> [5351 bytes]","args":[{"element-6066-11e4-a52e-4f735466cecf":"f.82B6B8A3E657D82ADC5BCF6485BB3A7A.d.EAA8FBD252891FB04C0B90FE366D0E29.e.5533","ELEMENT":"f.82B6B8A3E657D82ADC5BCF6485BB3A7A.d.EAA8FBD252891FB04C0B90FE366D0E29.e.5533"}]}
COMMAND: GET /session/2095189e0a70b1d32678dd15bb58b96a/screenshot - {}
RESULT: {"script":"<script> [5351 bytes]","args":[{"element-6066-11e4-a52e-4f735466cecf":"f.82B6B8A3E657D82ADC5BCF6485BB3A7A.d.EAA8FBD252891FB04C0B90FE366D0E29.e.5533","ELEMENT":"f.82B6B8A3E657D82ADC5BCF6485BB3A7A.d.EAA8FBD252891FB04C0B90FE366D0E29.e.5533"}]}
COMMAND: POST /session/2095189e0a70b1d32678dd15bb58b96a/element/f.82B6B8A3E657D82ADC5BCF6485BB3A7A.d.EAA8FBD252891FB04C0B90FE366D0E29.e.5533/click - {}
COMMAND: GET /session/2095189e0a70b1d32678dd15bb58b96a/screenshot - {}
RESULT: {}
RESULT: {}
COMMAND: GET /session/2095189e0a70b1d32678dd15bb58b96a/screenshot - {}
RESULT: {}
RESULT: {}
RESULT: undefined
COMMAND: POST /session/2095189e0a70b1d32678dd15bb58b96a/execute/async - {"script":"<script> [6424 bytes]","args":[{"element-6066-11e4-a52e-4f735466cecf":"f.82B6B8A3E657D82ADC5BCF6485BB3A7A.d.EAA8FBD252891FB04C0B90FE366D0E29.e.2692"},"getText",[]]}
COMMAND: POST /session/2095189e0a70b1d32678dd15bb58b96a/execute/async - {"script":"<script> [1562 bytes]","args":[{"selector":{"id":"RelatedRUsFragmentID--smartTableRUs-header","searchOpenDialogs":true},"wdio_ui5_key":"RelatedRUsFragmentIDsmartTableRUs-header"}]}
RESULT: {"script":"<script> [1562 bytes]","args":[{"selector":{"id":"RelatedRUsFragmentID--smartTableRUs-header","searchOpenDialogs":true},"wdio_ui5_key":"RelatedRUsFragmentIDsmartTableRUs-header"}]}
COMMAND: POST /session/2095189e0a70b1d32678dd15bb58b96a/execute/async - {"script":"<script> [6424 bytes]","args":[{"element-6066-11e4-a52e-4f735466cecf":"f.82B6B8A3E657D82ADC5BCF6485BB3A7A.d.EAA8FBD252891FB04C0B90FE366D0E29.e.5539"},"getText",[]]}
RESULT: {"script":"<script> [6424 bytes]","args":[{"element-6066-11e4-a52e-4f735466cecf":"f.82B6B8A3E657D82ADC5BCF6485BB3A7A.d.EAA8FBD252891FB04C0B90FE366D0E29.e.5539"},"getText",[]]}
COMMAND: DELETE /session/2095189e0a70b1d32678dd15bb58b96a - {}
RESULT: {}
]]></system-out>
    </testcase>
  </testsuite>
</testsuites>