<?xml version="1.0" encoding="UTF-8"?>
<testsuites tests="24" failures="0" errors="0" skipped="0">
  <testsuite timestamp="2025-05-03T15:37:13" time="623.573" tests="5" failures="0" errors="0" skipped="0">
    <properties>
      <property name="specId" value="0" />
      <property name="suiteName" value="Manage Requests Tags Tests US120163" />
      <property name="capabilities" value="chrome.135_0_7049_96.windows" />
      <property name="file" value="file:///D:/a/1/s/test/specs/R2C/create-request-Tags.spec.js" />
    </properties>
    <testcase classname="chrome.135_0_7049_96.windows.Manage_Requests_Tags_Tests_US120163" name="Should create a new yard" time="130.095">
      <system-out><![CDATA[
COMMAND: POST /session/d5f272f198c3c1f43c195f4d238b9983/execute/async - {"script":"<script> [1562 bytes]","args":[{"selector":{"controlType":"sap.m.GenericTile","properties":{"header":"Manage Yards"}},"wdio_ui5_key":"sapm.GenericTile{\"header\":\"Manage Yards\"}"}]}
RESULT: {"script":"<script> [1562 bytes]","args":[{"selector":{"controlType":"sap.m.GenericTile","properties":{"header":"Manage Yards"}},"wdio_ui5_key":"sapm.GenericTile{\"header\":\"Manage Yards\"}"}]}
RESULT: undefined
COMMAND: POST /session/d5f272f198c3c1f43c195f4d238b9983/element - {"using":"xpath","value":"//*[@id=\"__tile41\"]"}
RESULT: {"using":"xpath","value":"//*[@id=\"__tile41\"]"}
COMMAND: POST /session/d5f272f198c3c1f43c195f4d238b9983/element/f.3CB17101AE25630290776882465A9E58.d.79CBD75264830DECFAFD40406A62D23D.e.113/click - {}
RESULT: {}
COMMAND: GET /session/d5f272f198c3c1f43c195f4d238b9983/screenshot - {}
RESULT: {}
COMMAND: POST /session/d5f272f198c3c1f43c195f4d238b9983/execute/async - {"script":"<script> [1562 bytes]","args":[{"selector":{"controlType":"sap.ui.core.Icon","viewName":"etm.portal.ui.manageyards.view.Master","viewId":"application-manageyards-display-component---masterYard","properties":{"src":{"regex":{"source":"add"}}}},"wdio_ui5_key":"etmportal.ui.manageyards.view.Mastersap.ui.core.Icon{\"src\":{\"regex\":{\"source\":\"add\"}}}"}]}
RESULT: {"script":"<script> [1562 bytes]","args":[{"selector":{"controlType":"sap.ui.core.Icon","viewName":"etm.portal.ui.manageyards.view.Master","viewId":"application-manageyards-display-component---masterYard","properties":{"src":{"regex":{"source":"add"}}}},"wdio_ui5_key":"etmportal.ui.manageyards.view.Mastersap.ui.core.Icon{\"src\":{\"regex\":{\"source\":\"add\"}}}"}]}
RESULT: undefined
COMMAND: POST /session/d5f272f198c3c1f43c195f4d238b9983/element - {"using":"xpath","value":"//*[@id=\"__button4-img\"]"}
RESULT: {"using":"xpath","value":"//*[@id=\"__button4-img\"]"}
COMMAND: POST /session/d5f272f198c3c1f43c195f4d238b9983/element/f.3CB17101AE25630290776882465A9E58.d.79CBD75264830DECFAFD40406A62D23D.e.160/click - {}
RESULT: {}
COMMAND: GET /session/d5f272f198c3c1f43c195f4d238b9983/screenshot - {}
RESULT: {}
COMMAND: POST /session/d5f272f198c3c1f43c195f4d238b9983/execute/async - {"script":"<script> [1562 bytes]","args":[{"selector":{"id":"application-manageyards-display-component---NewYard--yardId","interaction":{"idSuffix":"inner"}},"wdio_ui5_key":"applicationmanageyards-display-component---NewYard--yardId"}]}
RESULT: {"script":"<script> [1562 bytes]","args":[{"selector":{"id":"application-manageyards-display-component---NewYard--yardId","interaction":{"idSuffix":"inner"}},"wdio_ui5_key":"applicationmanageyards-display-component---NewYard--yardId"}]}
RESULT: undefined
COMMAND: POST /session/d5f272f198c3c1f43c195f4d238b9983/element - {"using":"xpath","value":"//*[@id=\"application-manageyards-display-component---NewYard--addressDetailDetailsName1-inner\"]"}
RESULT: {"using":"xpath","value":"//*[@id=\"application-manageyards-display-component---NewYard--addressDetailDetailsName1-inner\"]"}
COMMAND: POST /session/d5f272f198c3c1f43c195f4d238b9983/element/f.3CB17101AE25630290776882465A9E58.d.79CBD75264830DECFAFD40406A62D23D.e.374/clear - {}
RESULT: {}
COMMAND: POST /session/d5f272f198c3c1f43c195f4d238b9983/element/f.3CB17101AE25630290776882465A9E58.d.79CBD75264830DECFAFD40406A62D23D.e.374/value - {"text":"WebdriverYardrjtc1"}
COMMAND: GET /session/d5f272f198c3c1f43c195f4d238b9983/screenshot - {}
RESULT: {"text":"WebdriverYardrjtc1"}
COMMAND: POST /session/d5f272f198c3c1f43c195f4d238b9983/element - {"using":"xpath","value":"//*[@id=\"application-manageyards-display-component---NewYard--addressDetailDetailsLanguage-inner\"]"}
COMMAND: GET /session/d5f272f198c3c1f43c195f4d238b9983/screenshot - {}
RESULT: {}
RESULT: {"using":"xpath","value":"//*[@id=\"application-manageyards-display-component---NewYard--addressDetailDetailsLanguage-inner\"]"}
COMMAND: POST /session/d5f272f198c3c1f43c195f4d238b9983/element/f.3CB17101AE25630290776882465A9E58.d.79CBD75264830DECFAFD40406A62D23D.e.375/clear - {}
RESULT: {}
RESULT: {}
COMMAND: POST /session/d5f272f198c3c1f43c195f4d238b9983/element/f.3CB17101AE25630290776882465A9E58.d.79CBD75264830DECFAFD40406A62D23D.e.375/value - {"text":"Romanian"}
COMMAND: GET /session/d5f272f198c3c1f43c195f4d238b9983/screenshot - {}
RESULT: {"text":"Romanian"}
COMMAND: POST /session/d5f272f198c3c1f43c195f4d238b9983/element - {"using":"xpath","value":"//input[contains(@id ,\"application-manageyards-display-component---NewYard--addressDetailDetailsName1-inner\")]"}
COMMAND: GET /session/d5f272f198c3c1f43c195f4d238b9983/screenshot - {}
RESULT: {}
RESULT: {"using":"xpath","value":"//input[contains(@id ,\"application-manageyards-display-component---NewYard--addressDetailDetailsName1-inner\")]"}
COMMAND: GET /session/d5f272f198c3c1f43c195f4d238b9983/element/f.3CB17101AE25630290776882465A9E58.d.79CBD75264830DECFAFD40406A62D23D.e.374/property/value - {}
RESULT: {}
RESULT: {}
COMMAND: GET /session/d5f272f198c3c1f43c195f4d238b9983/screenshot - {}
RESULT: {}
COMMAND: POST /session/d5f272f198c3c1f43c195f4d238b9983/element - {"using":"xpath","value":"//*[@id=\"application-manageyards-display-component---NewYard--addressDetailDetailsCity1-inner\"]"}
RESULT: {"using":"xpath","value":"//*[@id=\"application-manageyards-display-component---NewYard--addressDetailDetailsCity1-inner\"]"}
COMMAND: POST /session/d5f272f198c3c1f43c195f4d238b9983/element/f.3CB17101AE25630290776882465A9E58.d.79CBD75264830DECFAFD40406A62D23D.e.377/clear - {}
RESULT: {}
COMMAND: POST /session/d5f272f198c3c1f43c195f4d238b9983/element/f.3CB17101AE25630290776882465A9E58.d.79CBD75264830DECFAFD40406A62D23D.e.377/value - {"text":"Bucuresti"}
COMMAND: GET /session/d5f272f198c3c1f43c195f4d238b9983/screenshot - {}
RESULT: {"text":"Bucuresti"}
COMMAND: GET /session/d5f272f198c3c1f43c195f4d238b9983/screenshot - {}
RESULT: {}
RESULT: {}
COMMAND: POST /session/d5f272f198c3c1f43c195f4d238b9983/element - {"using":"xpath","value":"//*[@id=\"application-manageyards-display-component---NewYard--addressDetailDetailsCountry-inner\"]"}
RESULT: {"using":"xpath","value":"//*[@id=\"application-manageyards-display-component---NewYard--addressDetailDetailsCountry-inner\"]"}
COMMAND: POST /session/d5f272f198c3c1f43c195f4d238b9983/element/f.3CB17101AE25630290776882465A9E58.d.79CBD75264830DECFAFD40406A62D23D.e.381/clear - {}
RESULT: {}
COMMAND: POST /session/d5f272f198c3c1f43c195f4d238b9983/element/f.3CB17101AE25630290776882465A9E58.d.79CBD75264830DECFAFD40406A62D23D.e.381/value - {"text":"Romania"}
COMMAND: GET /session/d5f272f198c3c1f43c195f4d238b9983/screenshot - {}
RESULT: {"text":"Romania"}
COMMAND: GET /session/d5f272f198c3c1f43c195f4d238b9983/screenshot - {}
RESULT: {}
RESULT: {}
COMMAND: POST /session/d5f272f198c3c1f43c195f4d238b9983/element - {"using":"xpath","value":"//div[contains(text(), \"Commercial\")]"}
RESULT: {"using":"xpath","value":"//div[contains(text(), \"Commercial\")]"}
COMMAND: GET /session/d5f272f198c3c1f43c195f4d238b9983/element/f.3CB17101AE25630290776882465A9E58.d.79CBD75264830DECFAFD40406A62D23D.e.574/rect - {}
RESULT: {}
COMMAND: GET /session/d5f272f198c3c1f43c195f4d238b9983/window/rect - {}
RESULT: {}
COMMAND: POST /session/d5f272f198c3c1f43c195f4d238b9983/execute/sync - {"script":"<script> [92 bytes]","args":[]}
RESULT: {"script":"<script> [92 bytes]","args":[]}
COMMAND: POST /session/d5f272f198c3c1f43c195f4d238b9983/actions - {"actions":[{"id":"action1","type":"wheel","parameters":{},"actions":[{"type":"scroll","x":-1841,"y":-44,"deltaX":0,"deltaY":0,"duration":0,"origin":{"element-6066-11e4-a52e-4f735466cecf":"f.3CB17101AE25630290776882465A9E58.d.79CBD75264830DECFAFD40406A62D23D.e.574"}}]}]}
COMMAND: GET /session/d5f272f198c3c1f43c195f4d238b9983/screenshot - {}
RESULT: {}
COMMAND: POST /session/d5f272f198c3c1f43c195f4d238b9983/execute/sync - {"script":"<script> [79 bytes]","args":[{"element-6066-11e4-a52e-4f735466cecf":"f.3CB17101AE25630290776882465A9E58.d.79CBD75264830DECFAFD40406A62D23D.e.574","ELEMENT":"f.3CB17101AE25630290776882465A9E58.d.79CBD75264830DECFAFD40406A62D23D.e.574"},{"block":"start","inline":"nearest"}]}
RESULT: {"script":"<script> [79 bytes]","args":[{"element-6066-11e4-a52e-4f735466cecf":"f.3CB17101AE25630290776882465A9E58.d.79CBD75264830DECFAFD40406A62D23D.e.574","ELEMENT":"f.3CB17101AE25630290776882465A9E58.d.79CBD75264830DECFAFD40406A62D23D.e.574"},{"block":"start","inline":"nearest"}]}
COMMAND: GET /session/d5f272f198c3c1f43c195f4d238b9983/screenshot - {}
RESULT: {}
COMMAND: POST /session/d5f272f198c3c1f43c195f4d238b9983/execute/async - {"script":"<script> [1562 bytes]","args":[{"selector":{"id":"application-manageyards-display-component---NewYard--addressEditDetailsCostObjectCstType-arrow"},"wdio_ui5_key":"applicationmanageyards-display-component---NewYard--addressEditDetailsCostObjectCstType-arrow"}]}
RESULT: {"script":"<script> [1562 bytes]","args":[{"selector":{"id":"application-manageyards-display-component---NewYard--addressEditDetailsCostObjectCstType-arrow"},"wdio_ui5_key":"applicationmanageyards-display-component---NewYard--addressEditDetailsCostObjectCstType-arrow"}]}
RESULT: undefined
COMMAND: POST /session/d5f272f198c3c1f43c195f4d238b9983/element - {"using":"xpath","value":"//*[@id=\"application-manageyards-display-component---NewYard--addressEditDetailsCostObjectCstType-arrow\"]"}
RESULT: {"using":"xpath","value":"//*[@id=\"application-manageyards-display-component---NewYard--addressEditDetailsCostObjectCstType-arrow\"]"}
COMMAND: POST /session/d5f272f198c3c1f43c195f4d238b9983/element/f.3CB17101AE25630290776882465A9E58.d.79CBD75264830DECFAFD40406A62D23D.e.582/click - {}
RESULT: {}
COMMAND: POST /session/d5f272f198c3c1f43c195f4d238b9983/element - {"using":"xpath","value":"//span[contains(text(), \"Cost Center\")]"}
COMMAND: GET /session/d5f272f198c3c1f43c195f4d238b9983/screenshot - {}
RESULT: {"using":"xpath","value":"//span[contains(text(), \"Cost Center\")]"}
COMMAND: POST /session/d5f272f198c3c1f43c195f4d238b9983/element/f.3CB17101AE25630290776882465A9E58.d.79CBD75264830DECFAFD40406A62D23D.e.583/click - {}
RESULT: {}
RESULT: {}
COMMAND: GET /session/d5f272f198c3c1f43c195f4d238b9983/screenshot - {}
RESULT: {}
COMMAND: POST /session/d5f272f198c3c1f43c195f4d238b9983/execute/async - {"script":"<script> [1562 bytes]","args":[{"selector":{"id":"application-manageyards-display-component---NewYard--addressNewCostObjectCstID-vhi"},"wdio_ui5_key":"applicationmanageyards-display-component---NewYard--addressNewCostObjectCstID-vhi"}]}
RESULT: {"script":"<script> [1562 bytes]","args":[{"selector":{"id":"application-manageyards-display-component---NewYard--addressNewCostObjectCstID-vhi"},"wdio_ui5_key":"applicationmanageyards-display-component---NewYard--addressNewCostObjectCstID-vhi"}]}
RESULT: undefined
COMMAND: POST /session/d5f272f198c3c1f43c195f4d238b9983/element - {"using":"xpath","value":"//*[@id=\"application-manageyards-display-component---NewYard--addressNewCostObjectCstID-vhi\"]"}
RESULT: {"using":"xpath","value":"//*[@id=\"application-manageyards-display-component---NewYard--addressNewCostObjectCstID-vhi\"]"}
COMMAND: POST /session/d5f272f198c3c1f43c195f4d238b9983/element/f.3CB17101AE25630290776882465A9E58.d.79CBD75264830DECFAFD40406A62D23D.e.587/click - {}
RESULT: {}
COMMAND: GET /session/d5f272f198c3c1f43c195f4d238b9983/screenshot - {}
RESULT: {}
COMMAND: POST /session/d5f272f198c3c1f43c195f4d238b9983/execute/async - {"script":"<script> [1562 bytes]","args":[{"selector":{"controlType":"sap.m.SearchField","properties":{"placeholder":"Search"},"searchOpenDialogs":true,"interaction":{"idSuffix":"I"}},"wdio_ui5_key":"sapm.SearchField{\"placeholder\":\"Search\"}"}]}
RESULT: {"script":"<script> [1562 bytes]","args":[{"selector":{"controlType":"sap.m.SearchField","properties":{"placeholder":"Search"},"searchOpenDialogs":true,"interaction":{"idSuffix":"I"}},"wdio_ui5_key":"sapm.SearchField{\"placeholder\":\"Search\"}"}]}
RESULT: undefined
COMMAND: POST /session/d5f272f198c3c1f43c195f4d238b9983/execute/async - {"script":"<script> [776 bytes]","args":[{"enterText":"10001013","selector":{"controlType":"sap.m.SearchField","properties":{"placeholder":"Search"},"searchOpenDialogs":true,"interaction":{"idSuffix":"I"}},"clearTextFirst":true,"interactionType":"ENTER_TEXT"}]}
RESULT: {"script":"<script> [776 bytes]","args":[{"enterText":"10001013","selector":{"controlType":"sap.m.SearchField","properties":{"placeholder":"Search"},"searchOpenDialogs":true,"interaction":{"idSuffix":"I"}},"clearTextFirst":true,"interactionType":"ENTER_TEXT"}]}
COMMAND: POST /session/d5f272f198c3c1f43c195f4d238b9983/actions - {"actions":[{"id":"action2","type":"key","parameters":{},"actions":[{"type":"keyDown","value":"î€‡"},{"type":"pause","duration":10},{"type":"keyUp","value":"î€‡"}]}]}
RESULT: {"actions":[{"id":"action2","type":"key","parameters":{},"actions":[{"type":"keyDown","value":"î€‡"},{"type":"pause","duration":10},{"type":"keyUp","value":"î€‡"}]}]}
COMMAND: GET /session/d5f272f198c3c1f43c195f4d238b9983/screenshot - {}
RESULT: {}
COMMAND: POST /session/d5f272f198c3c1f43c195f4d238b9983/element - {"using":"xpath","value":"//span[contains(text(), \"General Management\")]"}
RESULT: {"using":"xpath","value":"//span[contains(text(), \"General Management\")]"}
COMMAND: POST /session/d5f272f198c3c1f43c195f4d238b9983/element/f.3CB17101AE25630290776882465A9E58.d.79CBD75264830DECFAFD40406A62D23D.e.628/click - {}
RESULT: {}
COMMAND: GET /session/d5f272f198c3c1f43c195f4d238b9983/screenshot - {}
RESULT: {}
COMMAND: POST /session/d5f272f198c3c1f43c195f4d238b9983/element - {"using":"xpath","value":"//bdi[contains(text(), \"OK\")]"}
RESULT: {"using":"xpath","value":"//bdi[contains(text(), \"OK\")]"}
COMMAND: POST /session/d5f272f198c3c1f43c195f4d238b9983/element/f.3CB17101AE25630290776882465A9E58.d.79CBD75264830DECFAFD40406A62D23D.e.629/click - {}
RESULT: {}
COMMAND: GET /session/d5f272f198c3c1f43c195f4d238b9983/screenshot - {}
RESULT: {}
COMMAND: POST /session/d5f272f198c3c1f43c195f4d238b9983/execute/async - {"script":"<script> [1562 bytes]","args":[{"selector":{"controlType":"sap.m.Button","viewName":"etm.portal.ui.manageyards.view.New","viewId":"application-manageyards-display-component---NewYard","i18NText":{"propertyName":"text","key":"save"},"interaction":{"idSuffix":"inner"}},"wdio_ui5_key":"etmportal.ui.manageyards.view.Newsap.m.Button{\"propertyName\":\"text\",\"key\":\"save\"}"}]}
RESULT: {"script":"<script> [1562 bytes]","args":[{"selector":{"controlType":"sap.m.Button","viewName":"etm.portal.ui.manageyards.view.New","viewId":"application-manageyards-display-component---NewYard","i18NText":{"propertyName":"text","key":"save"},"interaction":{"idSuffix":"inner"}},"wdio_ui5_key":"etmportal.ui.manageyards.view.Newsap.m.Button{\"propertyName\":\"text\",\"key\":\"save\"}"}]}
RESULT: undefined
COMMAND: POST /session/d5f272f198c3c1f43c195f4d238b9983/element - {"using":"xpath","value":"//*[@id=\"__button18\"]"}
RESULT: {"using":"xpath","value":"//*[@id=\"__button18\"]"}
COMMAND: POST /session/d5f272f198c3c1f43c195f4d238b9983/element/f.3CB17101AE25630290776882465A9E58.d.79CBD75264830DECFAFD40406A62D23D.e.552/click - {}
RESULT: {}
COMMAND: GET /session/d5f272f198c3c1f43c195f4d238b9983/screenshot - {}
RESULT: {}
COMMAND: POST /session/d5f272f198c3c1f43c195f4d238b9983/element - {"using":"xpath","value":"//header/div/div[2]/div[2]/span"}
RESULT: {"using":"xpath","value":"//header/div/div[2]/div[2]/span"}
COMMAND: GET /session/d5f272f198c3c1f43c195f4d238b9983/element/f.3CB17101AE25630290776882465A9E58.d.79CBD75264830DECFAFD40406A62D23D.e.823/text - {}
RESULT: {}
COMMAND: POST /session/d5f272f198c3c1f43c195f4d238b9983/execute/async - {"script":"<script> [1562 bytes]","args":[{"selector":{"controlType":"sap.m.OverflowToolbarButton","viewName":"etm.portal.ui.manageyards.view.Detail","viewId":"application-manageyards-display-component---detailYard","i18NText":{"propertyName":"tooltip","key":"closeColumn"},"interaction":{"idSuffix":"inner"}},"wdio_ui5_key":"etmportal.ui.manageyards.view.Detailsap.m.OverflowToolbarButton{\"propertyName\":\"tooltip\",\"key\":\"closeColumn\"}"}]}
RESULT: {"script":"<script> [1562 bytes]","args":[{"selector":{"controlType":"sap.m.OverflowToolbarButton","viewName":"etm.portal.ui.manageyards.view.Detail","viewId":"application-manageyards-display-component---detailYard","i18NText":{"propertyName":"tooltip","key":"closeColumn"},"interaction":{"idSuffix":"inner"}},"wdio_ui5_key":"etmportal.ui.manageyards.view.Detailsap.m.OverflowToolbarButton{\"propertyName\":\"tooltip\",\"key\":\"closeColumn\"}"}]}
RESULT: undefined
COMMAND: POST /session/d5f272f198c3c1f43c195f4d238b9983/element - {"using":"xpath","value":"//*[@id=\"__button42\"]"}
RESULT: {"using":"xpath","value":"//*[@id=\"__button42\"]"}
COMMAND: POST /session/d5f272f198c3c1f43c195f4d238b9983/element/f.3CB17101AE25630290776882465A9E58.d.79CBD75264830DECFAFD40406A62D23D.e.825/click - {}
RESULT: {}
COMMAND: GET /session/d5f272f198c3c1f43c195f4d238b9983/screenshot - {}
COMMAND: POST /session/d5f272f198c3c1f43c195f4d238b9983/element - {"using":"css selector","value":"#shell-header-logo"}
RESULT: {}
RESULT: {"using":"css selector","value":"#shell-header-logo"}
COMMAND: POST /session/d5f272f198c3c1f43c195f4d238b9983/element/f.3CB17101AE25630290776882465A9E58.d.79CBD75264830DECFAFD40406A62D23D.e.115/click - {}
RESULT: {}
COMMAND: GET /session/d5f272f198c3c1f43c195f4d238b9983/screenshot - {}
RESULT: {}
COMMAND: POST /session/d5f272f198c3c1f43c195f4d238b9983/refresh - {}
RESULT: {}
COMMAND: GET /session/d5f272f198c3c1f43c195f4d238b9983/screenshot - {}
RESULT: {}
COMMAND: POST /session/d5f272f198c3c1f43c195f4d238b9983/execute/async - {"script":"<script> [189 bytes]","args":[]}
RESULT: {"script":"<script> [189 bytes]","args":[]}
COMMAND: POST /session/d5f272f198c3c1f43c195f4d238b9983/execute/async - {"script":"<script> [123 bytes]","args":[]}
RESULT: {"script":"<script> [123 bytes]","args":[]}
COMMAND: POST /session/d5f272f198c3c1f43c195f4d238b9983/timeouts - {"script":"<number>"}
RESULT: {"script":"<number>"}
COMMAND: GET /session/d5f272f198c3c1f43c195f4d238b9983/timeouts - {}
RESULT: {}
RESULT: undefined
COMMAND: POST /session/d5f272f198c3c1f43c195f4d238b9983/execute/async - {"script":"<script> [2676 bytes]","args":[]}
RESULT: {"script":"<script> [2676 bytes]","args":[]}
COMMAND: POST /session/d5f272f198c3c1f43c195f4d238b9983/execute/async - {"script":"<script> [2342 bytes]","args":[{"protocol":"http","hostname":"0.0.0.0","path":"/","capabilities":{"browserName":"chrome","goog:chromeOptions":{"binary":"C:\\Program Files\\Google\\Chrome\\Application\\chrome.exe","args":["--start-maximized"]}},"logLevel":"warn","connectionRetryTimeout":120000,"connectionRetryCount":3,"logLevels":{},"enableDirectConnect":true,"strictSSL":true,"_":"65 more keys: [\"cacheDir\",\"port\",\"requestedCapabilities\",\"automationProtocol\",\"baseUrl\",\"waitforInterval\",\"waitforTimeout\",\"onReload\",\"beforeCommand\",\"afterCommand\",\"rootDir\",\"specs\",\"suites\",\"exclude\",\"groupLogsByTestSpec\",\"excludeDriverLogs\",\"bail\",\"framework\",\"reporters\",\"services\",\"maxInstances\",\"maxInstancesPerCapability\",\"injectGlobals\",\"filesToWatch\",\"execArgv\",\"runnerEnv\",\"runner\",\"shard\",\"specFileRetries\",\"specFileRetriesDelay\",\"specFileRetriesDeferred\",\"reporterSyncInterval\",\"reporterSyncTimeout\",\"cucumberFeaturesWithLineNumbers\",\"autoCompileOpts\",\"mochaOpts\",\"jasmineOpts\",\"cucumberOpts\",\"onPrepare\",\"onWorkerStart\",\"onWorkerEnd\",\"before\",\"beforeSession\",\"beforeSuite\",\"beforeHook\",\"beforeTest\",\"afterTest\",\"afterHook\",\"afterSuite\",\"afterSession\",\"after\",\"onComplete\",\"beforeAssertion\",\"afterAssertion\",\"beforeFeature\",\"beforeScenario\",\"beforeStep\",\"afterStep\",\"afterScenario\",\"afterFeature\",\"_\",\"suite\",\"$0\",\"ignoredWorkerServices\",\"wdi5\"]"}]}
RESULT: {"script":"<script> [2342 bytes]","args":[{"protocol":"http","hostname":"0.0.0.0","path":"/","capabilities":{"browserName":"chrome","goog:chromeOptions":{"binary":"C:\\Program Files\\Google\\Chrome\\Application\\chrome.exe","args":["--start-maximized"]}},"logLevel":"warn","connectionRetryTimeout":120000,"connectionRetryCount":3,"logLevels":{},"enableDirectConnect":true,"strictSSL":true,"_":"65 more keys: [\"cacheDir\",\"port\",\"requestedCapabilities\",\"automationProtocol\",\"baseUrl\",\"waitforInterval\",\"waitforTimeout\",\"onReload\",\"beforeCommand\",\"afterCommand\",\"rootDir\",\"specs\",\"suites\",\"exclude\",\"groupLogsByTestSpec\",\"excludeDriverLogs\",\"bail\",\"framework\",\"reporters\",\"services\",\"maxInstances\",\"maxInstancesPerCapability\",\"injectGlobals\",\"filesToWatch\",\"execArgv\",\"runnerEnv\",\"runner\",\"shard\",\"specFileRetries\",\"specFileRetriesDelay\",\"specFileRetriesDeferred\",\"reporterSyncInterval\",\"reporterSyncTimeout\",\"cucumberFeaturesWithLineNumbers\",\"autoCompileOpts\",\"mochaOpts\",\"jasmineOpts\",\"cucumberOpts\",\"onPrepare\",\"onWorkerStart\",\"onWorkerEnd\",\"before\",\"beforeSession\",\"beforeSuite\",\"beforeHook\",\"beforeTest\",\"afterTest\",\"afterHook\",\"afterSuite\",\"afterSession\",\"after\",\"onComplete\",\"beforeAssertion\",\"afterAssertion\",\"beforeFeature\",\"beforeScenario\",\"beforeStep\",\"afterStep\",\"afterScenario\",\"afterFeature\",\"_\",\"suite\",\"$0\",\"ignoredWorkerServices\",\"wdi5\"]"}]}
COMMAND: POST /session/d5f272f198c3c1f43c195f4d238b9983/execute/async - {"script":"<script> [21126 bytes]","args":[35000]}
RESULT: {"script":"<script> [21126 bytes]","args":[35000]}
]]></system-out>
    </testcase>
    <testcase classname="chrome.135_0_7049_96.windows.Manage_Requests_Tags_Tests_US120163" name="Should create a new partner" time="79.018">
      <system-out><![CDATA[
COMMAND: POST /session/d5f272f198c3c1f43c195f4d238b9983/execute/async - {"script":"<script> [1562 bytes]","args":[{"selector":{"controlType":"sap.m.GenericTile","properties":{"header":"Manage Partners"}},"wdio_ui5_key":"sapm.GenericTile{\"header\":\"Manage Partners\"}"}]}
RESULT: {"script":"<script> [1562 bytes]","args":[{"selector":{"controlType":"sap.m.GenericTile","properties":{"header":"Manage Partners"}},"wdio_ui5_key":"sapm.GenericTile{\"header\":\"Manage Partners\"}"}]}
RESULT: undefined
COMMAND: POST /session/d5f272f198c3c1f43c195f4d238b9983/element - {"using":"xpath","value":"//*[@id=\"__tile38\"]"}
RESULT: {"using":"xpath","value":"//*[@id=\"__tile38\"]"}
COMMAND: POST /session/d5f272f198c3c1f43c195f4d238b9983/element/f.3CB17101AE25630290776882465A9E58.d.209E04C63E5DE135D79EEC9AFA57A63B.e.1176/click - {}
RESULT: {}
COMMAND: GET /session/d5f272f198c3c1f43c195f4d238b9983/screenshot - {}
RESULT: {}
COMMAND: POST /session/d5f272f198c3c1f43c195f4d238b9983/execute/async - {"script":"<script> [1562 bytes]","args":[{"selector":{"controlType":"sap.ui.core.Icon","viewName":"etm.portal.ui.managepartners.view.Master","viewId":"application-managepartners-display-component---masterPtm","properties":{"src":{"regex":{"source":"add"}}}},"wdio_ui5_key":"etmportal.ui.managepartners.view.Mastersap.ui.core.Icon{\"src\":{\"regex\":{\"source\":\"add\"}}}"}]}
RESULT: {"script":"<script> [1562 bytes]","args":[{"selector":{"controlType":"sap.ui.core.Icon","viewName":"etm.portal.ui.managepartners.view.Master","viewId":"application-managepartners-display-component---masterPtm","properties":{"src":{"regex":{"source":"add"}}}},"wdio_ui5_key":"etmportal.ui.managepartners.view.Mastersap.ui.core.Icon{\"src\":{\"regex\":{\"source\":\"add\"}}}"}]}
RESULT: undefined
COMMAND: POST /session/d5f272f198c3c1f43c195f4d238b9983/element - {"using":"xpath","value":"//*[@id=\"__button4-img\"]"}
RESULT: {"using":"xpath","value":"//*[@id=\"__button4-img\"]"}
COMMAND: POST /session/d5f272f198c3c1f43c195f4d238b9983/element/f.3CB17101AE25630290776882465A9E58.d.209E04C63E5DE135D79EEC9AFA57A63B.e.1226/click - {}
RESULT: {}
COMMAND: GET /session/d5f272f198c3c1f43c195f4d238b9983/screenshot - {}
RESULT: {}
COMMAND: POST /session/d5f272f198c3c1f43c195f4d238b9983/execute/async - {"script":"<script> [1562 bytes]","args":[{"selector":{"id":"application-managepartners-display-component---NewPartner--partnerId","interaction":{"idSuffix":"inner"}},"wdio_ui5_key":"applicationmanagepartners-display-component---NewPartner--partnerId"}]}
RESULT: {"script":"<script> [1562 bytes]","args":[{"selector":{"id":"application-managepartners-display-component---NewPartner--partnerId","interaction":{"idSuffix":"inner"}},"wdio_ui5_key":"applicationmanagepartners-display-component---NewPartner--partnerId"}]}
RESULT: undefined
COMMAND: POST /session/d5f272f198c3c1f43c195f4d238b9983/execute/async - {"script":"<script> [1562 bytes]","args":[{"selector":{"id":"application-managepartners-display-component---NewPartner--addressDetailDetailsName1","interaction":{"idSuffix":"inner"}},"wdio_ui5_key":"applicationmanagepartners-display-component---NewPartner--addressDetailDetailsName1"}]}
RESULT: {"script":"<script> [1562 bytes]","args":[{"selector":{"id":"application-managepartners-display-component---NewPartner--addressDetailDetailsName1","interaction":{"idSuffix":"inner"}},"wdio_ui5_key":"applicationmanagepartners-display-component---NewPartner--addressDetailDetailsName1"}]}
RESULT: undefined
COMMAND: POST /session/d5f272f198c3c1f43c195f4d238b9983/execute/async - {"script":"<script> [776 bytes]","args":[{"enterText":"WebdriverPartner8ybrk","selector":{"id":"application-managepartners-display-component---NewPartner--addressDetailDetailsName1","interaction":{"idSuffix":"inner"}},"clearTextFirst":true,"interactionType":"ENTER_TEXT"}]}
RESULT: {"script":"<script> [776 bytes]","args":[{"enterText":"WebdriverPartner8ybrk","selector":{"id":"application-managepartners-display-component---NewPartner--addressDetailDetailsName1","interaction":{"idSuffix":"inner"}},"clearTextFirst":true,"interactionType":"ENTER_TEXT"}]}
COMMAND: POST /session/d5f272f198c3c1f43c195f4d238b9983/execute/async - {"script":"<script> [1562 bytes]","args":[{"selector":{"id":"application-managepartners-display-component---NewPartner--addressDetailDetailsLanguage","interaction":{"idSuffix":"inner"}},"wdio_ui5_key":"applicationmanagepartners-display-component---NewPartner--addressDetailDetailsLanguage"}]}
RESULT: {"script":"<script> [1562 bytes]","args":[{"selector":{"id":"application-managepartners-display-component---NewPartner--addressDetailDetailsLanguage","interaction":{"idSuffix":"inner"}},"wdio_ui5_key":"applicationmanagepartners-display-component---NewPartner--addressDetailDetailsLanguage"}]}
RESULT: undefined
COMMAND: POST /session/d5f272f198c3c1f43c195f4d238b9983/execute/async - {"script":"<script> [776 bytes]","args":[{"enterText":"Romanian","selector":{"id":"application-managepartners-display-component---NewPartner--addressDetailDetailsLanguage","interaction":{"idSuffix":"inner"}},"clearTextFirst":true,"interactionType":"ENTER_TEXT"}]}
RESULT: {"script":"<script> [776 bytes]","args":[{"enterText":"Romanian","selector":{"id":"application-managepartners-display-component---NewPartner--addressDetailDetailsLanguage","interaction":{"idSuffix":"inner"}},"clearTextFirst":true,"interactionType":"ENTER_TEXT"}]}
COMMAND: POST /session/d5f272f198c3c1f43c195f4d238b9983/element - {"using":"xpath","value":"//input[contains(@id ,\"application-managepartners-display-component---NewPartner--addressDetailDetailsName1-inner\")]"}
RESULT: {"using":"xpath","value":"//input[contains(@id ,\"application-managepartners-display-component---NewPartner--addressDetailDetailsName1-inner\")]"}
COMMAND: GET /session/d5f272f198c3c1f43c195f4d238b9983/element/f.3CB17101AE25630290776882465A9E58.d.209E04C63E5DE135D79EEC9AFA57A63B.e.1401/property/value - {}
RESULT: {}
COMMAND: POST /session/d5f272f198c3c1f43c195f4d238b9983/execute/async - {"script":"<script> [1562 bytes]","args":[{"selector":{"id":"application-managepartners-display-component---NewPartner--addressDetailDetailsCity1","interaction":{"idSuffix":"inner"}},"wdio_ui5_key":"applicationmanagepartners-display-component---NewPartner--addressDetailDetailsCity1"}]}
COMMAND: GET /session/d5f272f198c3c1f43c195f4d238b9983/screenshot - {}
RESULT: {"script":"<script> [1562 bytes]","args":[{"selector":{"id":"application-managepartners-display-component---NewPartner--addressDetailDetailsCity1","interaction":{"idSuffix":"inner"}},"wdio_ui5_key":"applicationmanagepartners-display-component---NewPartner--addressDetailDetailsCity1"}]}
RESULT: undefined
COMMAND: POST /session/d5f272f198c3c1f43c195f4d238b9983/execute/async - {"script":"<script> [776 bytes]","args":[{"enterText":"Bucharest","selector":{"id":"application-managepartners-display-component---NewPartner--addressDetailDetailsCity1","interaction":{"idSuffix":"inner"}},"clearTextFirst":true,"interactionType":"ENTER_TEXT"}]}
RESULT: {}
RESULT: {"script":"<script> [776 bytes]","args":[{"enterText":"Bucharest","selector":{"id":"application-managepartners-display-component---NewPartner--addressDetailDetailsCity1","interaction":{"idSuffix":"inner"}},"clearTextFirst":true,"interactionType":"ENTER_TEXT"}]}
COMMAND: POST /session/d5f272f198c3c1f43c195f4d238b9983/execute/async - {"script":"<script> [1562 bytes]","args":[{"selector":{"id":"application-managepartners-display-component---NewPartner--addressDetailDetailsCountry","interaction":{"idSuffix":"inner"}},"wdio_ui5_key":"applicationmanagepartners-display-component---NewPartner--addressDetailDetailsCountry"}]}
RESULT: {"script":"<script> [1562 bytes]","args":[{"selector":{"id":"application-managepartners-display-component---NewPartner--addressDetailDetailsCountry","interaction":{"idSuffix":"inner"}},"wdio_ui5_key":"applicationmanagepartners-display-component---NewPartner--addressDetailDetailsCountry"}]}
RESULT: undefined
COMMAND: POST /session/d5f272f198c3c1f43c195f4d238b9983/execute/async - {"script":"<script> [6424 bytes]","args":[{"element-6066-11e4-a52e-4f735466cecf":"f.3CB17101AE25630290776882465A9E58.d.209E04C63E5DE135D79EEC9AFA57A63B.e.1408"},"setValue",["Romania"]]}
RESULT: {"script":"<script> [6424 bytes]","args":[{"element-6066-11e4-a52e-4f735466cecf":"f.3CB17101AE25630290776882465A9E58.d.209E04C63E5DE135D79EEC9AFA57A63B.e.1408"},"setValue",["Romania"]]}
COMMAND: POST /session/d5f272f198c3c1f43c195f4d238b9983/execute/async - {"script":"<script> [1562 bytes]","args":[{"selector":{"id":"application-managepartners-display-component---NewPartner--partnerDetailInternal","interaction":{"idSuffix":"inner"}},"wdio_ui5_key":"applicationmanagepartners-display-component---NewPartner--partnerDetailInternal"}]}
RESULT: {"script":"<script> [1562 bytes]","args":[{"selector":{"id":"application-managepartners-display-component---NewPartner--partnerDetailInternal","interaction":{"idSuffix":"inner"}},"wdio_ui5_key":"applicationmanagepartners-display-component---NewPartner--partnerDetailInternal"}]}
RESULT: undefined
COMMAND: POST /session/d5f272f198c3c1f43c195f4d238b9983/execute/async - {"script":"<script> [776 bytes]","args":[{"enterText":"External partner","selector":{"id":"application-managepartners-display-component---NewPartner--partnerDetailInternal","interaction":{"idSuffix":"inner"}},"clearTextFirst":true,"interactionType":"ENTER_TEXT"}]}
RESULT: {"script":"<script> [776 bytes]","args":[{"enterText":"External partner","selector":{"id":"application-managepartners-display-component---NewPartner--partnerDetailInternal","interaction":{"idSuffix":"inner"}},"clearTextFirst":true,"interactionType":"ENTER_TEXT"}]}
COMMAND: POST /session/d5f272f198c3c1f43c195f4d238b9983/execute/async - {"script":"<script> [1562 bytes]","args":[{"selector":{"id":"application-managepartners-display-component---NewPartner--partnerDetailsCurrency","interaction":{"idSuffix":"inner"}},"wdio_ui5_key":"applicationmanagepartners-display-component---NewPartner--partnerDetailsCurrency"}]}
RESULT: {"script":"<script> [1562 bytes]","args":[{"selector":{"id":"application-managepartners-display-component---NewPartner--partnerDetailsCurrency","interaction":{"idSuffix":"inner"}},"wdio_ui5_key":"applicationmanagepartners-display-component---NewPartner--partnerDetailsCurrency"}]}
RESULT: undefined
COMMAND: POST /session/d5f272f198c3c1f43c195f4d238b9983/execute/async - {"script":"<script> [776 bytes]","args":[{"enterText":"Euro","selector":{"id":"application-managepartners-display-component---NewPartner--partnerDetailsCurrency","interaction":{"idSuffix":"inner"}},"clearTextFirst":true,"interactionType":"ENTER_TEXT"}]}
RESULT: {"script":"<script> [776 bytes]","args":[{"enterText":"Euro","selector":{"id":"application-managepartners-display-component---NewPartner--partnerDetailsCurrency","interaction":{"idSuffix":"inner"}},"clearTextFirst":true,"interactionType":"ENTER_TEXT"}]}
COMMAND: POST /session/d5f272f198c3c1f43c195f4d238b9983/execute/async - {"script":"<script> [1562 bytes]","args":[{"selector":{"controlType":"sap.m.Button","viewName":"etm.portal.ui.managepartners.view.NewPartner","viewId":"application-managepartners-display-component---NewPartner","properties":{"text":"Commercial"},"interaction":{"idSuffix":"BDI-content"}},"wdio_ui5_key":"etmportal.ui.managepartners.view.NewPartnersap.m.Button{\"text\":\"Commercial\"}"}]}
RESULT: {"script":"<script> [1562 bytes]","args":[{"selector":{"controlType":"sap.m.Button","viewName":"etm.portal.ui.managepartners.view.NewPartner","viewId":"application-managepartners-display-component---NewPartner","properties":{"text":"Commercial"},"interaction":{"idSuffix":"BDI-content"}},"wdio_ui5_key":"etmportal.ui.managepartners.view.NewPartnersap.m.Button{\"text\":\"Commercial\"}"}]}
RESULT: undefined
COMMAND: POST /session/d5f272f198c3c1f43c195f4d238b9983/element - {"using":"xpath","value":"//*[@id=\"application-managepartners-display-component---NewPartner--ObjectPageLayout-anchBar-__section5-anchor\"]"}
RESULT: {"using":"xpath","value":"//*[@id=\"application-managepartners-display-component---NewPartner--ObjectPageLayout-anchBar-__section5-anchor\"]"}
COMMAND: POST /session/d5f272f198c3c1f43c195f4d238b9983/element/f.3CB17101AE25630290776882465A9E58.d.209E04C63E5DE135D79EEC9AFA57A63B.e.1648/click - {}
RESULT: {}
COMMAND: GET /session/d5f272f198c3c1f43c195f4d238b9983/screenshot - {}
RESULT: {}
COMMAND: POST /session/d5f272f198c3c1f43c195f4d238b9983/execute/async - {"script":"<script> [1562 bytes]","args":[{"selector":{"id":"application-managepartners-display-component---NewPartner--btnAddTableRow-img"},"wdio_ui5_key":"applicationmanagepartners-display-component---NewPartner--btnAddTableRow-img"}]}
RESULT: {"script":"<script> [1562 bytes]","args":[{"selector":{"id":"application-managepartners-display-component---NewPartner--btnAddTableRow-img"},"wdio_ui5_key":"applicationmanagepartners-display-component---NewPartner--btnAddTableRow-img"}]}
RESULT: undefined
COMMAND: POST /session/d5f272f198c3c1f43c195f4d238b9983/element - {"using":"xpath","value":"//*[@id=\"application-managepartners-display-component---NewPartner--btnAddTableRow-img\"]"}
RESULT: {"using":"xpath","value":"//*[@id=\"application-managepartners-display-component---NewPartner--btnAddTableRow-img\"]"}
COMMAND: POST /session/d5f272f198c3c1f43c195f4d238b9983/element/f.3CB17101AE25630290776882465A9E58.d.209E04C63E5DE135D79EEC9AFA57A63B.e.1654/click - {}
RESULT: {}
COMMAND: POST /session/d5f272f198c3c1f43c195f4d238b9983/element - {"using":"xpath","value":"//input[contains(@id ,\"application-managepartners-display-component---NewPartner--assignmentYard-application-managepartners-display-component---NewPartner\")]"}
COMMAND: GET /session/d5f272f198c3c1f43c195f4d238b9983/screenshot - {}
RESULT: {"using":"xpath","value":"//input[contains(@id ,\"application-managepartners-display-component---NewPartner--assignmentYard-application-managepartners-display-component---NewPartner\")]"}
COMMAND: POST /session/d5f272f198c3c1f43c195f4d238b9983/element/f.3CB17101AE25630290776882465A9E58.d.209E04C63E5DE135D79EEC9AFA57A63B.e.1659/clear - {}
RESULT: {}
RESULT: {}
COMMAND: POST /session/d5f272f198c3c1f43c195f4d238b9983/element/f.3CB17101AE25630290776882465A9E58.d.209E04C63E5DE135D79EEC9AFA57A63B.e.1659/value - {"text":"522"}
COMMAND: GET /session/d5f272f198c3c1f43c195f4d238b9983/screenshot - {}
RESULT: {"text":"522"}
COMMAND: GET /session/d5f272f198c3c1f43c195f4d238b9983/screenshot - {}
RESULT: {}
RESULT: {}
COMMAND: POST /session/d5f272f198c3c1f43c195f4d238b9983/execute/async - {"script":"<script> [1562 bytes]","args":[{"selector":{"controlType":"sap.m.Button","viewName":"etm.portal.ui.managepartners.view.NewPartner","viewId":"application-managepartners-display-component---NewPartner","i18NText":{"propertyName":"text","key":"save"},"interaction":{"idSuffix":"BDI-content"}},"wdio_ui5_key":"etmportal.ui.managepartners.view.NewPartnersap.m.Button{\"propertyName\":\"text\",\"key\":\"save\"}"}]}
RESULT: {"script":"<script> [1562 bytes]","args":[{"selector":{"controlType":"sap.m.Button","viewName":"etm.portal.ui.managepartners.view.NewPartner","viewId":"application-managepartners-display-component---NewPartner","i18NText":{"propertyName":"text","key":"save"},"interaction":{"idSuffix":"BDI-content"}},"wdio_ui5_key":"etmportal.ui.managepartners.view.NewPartnersap.m.Button{\"propertyName\":\"text\",\"key\":\"save\"}"}]}
RESULT: undefined
COMMAND: POST /session/d5f272f198c3c1f43c195f4d238b9983/element - {"using":"xpath","value":"//*[@id=\"__button12\"]"}
RESULT: {"using":"xpath","value":"//*[@id=\"__button12\"]"}
COMMAND: POST /session/d5f272f198c3c1f43c195f4d238b9983/element/f.3CB17101AE25630290776882465A9E58.d.209E04C63E5DE135D79EEC9AFA57A63B.e.1585/click - {}
RESULT: {}
COMMAND: GET /session/d5f272f198c3c1f43c195f4d238b9983/screenshot - {}
RESULT: {}
COMMAND: POST /session/d5f272f198c3c1f43c195f4d238b9983/element - {"using":"xpath","value":"//header/div/div[2]/div[2]/span"}
RESULT: {"using":"xpath","value":"//header/div/div[2]/div[2]/span"}
COMMAND: GET /session/d5f272f198c3c1f43c195f4d238b9983/element/f.3CB17101AE25630290776882465A9E58.d.209E04C63E5DE135D79EEC9AFA57A63B.e.1829/text - {}
RESULT: {}
COMMAND: POST /session/d5f272f198c3c1f43c195f4d238b9983/element - {"using":"xpath","value":"//header/div/div/div/div/div/div[2]/div/span"}
RESULT: {"using":"xpath","value":"//header/div/div/div/div/div/div[2]/div/span"}
COMMAND: GET /session/d5f272f198c3c1f43c195f4d238b9983/element/f.3CB17101AE25630290776882465A9E58.d.209E04C63E5DE135D79EEC9AFA57A63B.e.1830/text - {}
RESULT: {}
COMMAND: POST /session/d5f272f198c3c1f43c195f4d238b9983/execute/async - {"script":"<script> [1562 bytes]","args":[{"selector":{"id":"application-managepartners-display-component---detailPtm--partnerType"},"wdio_ui5_key":"applicationmanagepartners-display-component---detailPtm--partnerType"}]}
RESULT: {"script":"<script> [1562 bytes]","args":[{"selector":{"id":"application-managepartners-display-component---detailPtm--partnerType"},"wdio_ui5_key":"applicationmanagepartners-display-component---detailPtm--partnerType"}]}
RESULT: undefined
COMMAND: POST /session/d5f272f198c3c1f43c195f4d238b9983/execute/async - {"script":"<script> [6424 bytes]","args":[{"element-6066-11e4-a52e-4f735466cecf":"f.3CB17101AE25630290776882465A9E58.d.209E04C63E5DE135D79EEC9AFA57A63B.e.1831"},"getText",[]]}
RESULT: {"script":"<script> [6424 bytes]","args":[{"element-6066-11e4-a52e-4f735466cecf":"f.3CB17101AE25630290776882465A9E58.d.209E04C63E5DE135D79EEC9AFA57A63B.e.1831"},"getText",[]]}
COMMAND: POST /session/d5f272f198c3c1f43c195f4d238b9983/element - {"using":"css selector","value":"#shell-header-logo"}
RESULT: {"using":"css selector","value":"#shell-header-logo"}
COMMAND: POST /session/d5f272f198c3c1f43c195f4d238b9983/element/f.3CB17101AE25630290776882465A9E58.d.209E04C63E5DE135D79EEC9AFA57A63B.e.1178/click - {}
RESULT: {}
COMMAND: GET /session/d5f272f198c3c1f43c195f4d238b9983/screenshot - {}
RESULT: {}
]]></system-out>
    </testcase>
    <testcase classname="chrome.135_0_7049_96.windows.Manage_Requests_Tags_Tests_US120163" name="Should create a new site" time="88.936">
      <system-out><![CDATA[
COMMAND: POST /session/d5f272f198c3c1f43c195f4d238b9983/execute/async - {"script":"<script> [1562 bytes]","args":[{"selector":{"controlType":"sap.m.GenericTile","properties":{"header":"Manage Sites"}},"wdio_ui5_key":"sapm.GenericTile{\"header\":\"Manage Sites\"}"}]}
RESULT: {"script":"<script> [1562 bytes]","args":[{"selector":{"controlType":"sap.m.GenericTile","properties":{"header":"Manage Sites"}},"wdio_ui5_key":"sapm.GenericTile{\"header\":\"Manage Sites\"}"}]}
RESULT: undefined
COMMAND: POST /session/d5f272f198c3c1f43c195f4d238b9983/element - {"using":"xpath","value":"//*[@id=\"__tile40\"]"}
RESULT: {"using":"xpath","value":"//*[@id=\"__tile40\"]"}
COMMAND: POST /session/d5f272f198c3c1f43c195f4d238b9983/element/f.3CB17101AE25630290776882465A9E58.d.209E04C63E5DE135D79EEC9AFA57A63B.e.1833/click - {}
RESULT: {}
COMMAND: GET /session/d5f272f198c3c1f43c195f4d238b9983/screenshot - {}
RESULT: {}
COMMAND: POST /session/d5f272f198c3c1f43c195f4d238b9983/execute/async - {"script":"<script> [1562 bytes]","args":[{"selector":{"controlType":"sap.ui.core.Icon","viewName":"etm.portal.ui.managesites.view.Master","viewId":"application-managesites-display-component---masterSite","properties":{"src":{"regex":{"source":"add"}}}},"wdio_ui5_key":"etmportal.ui.managesites.view.Mastersap.ui.core.Icon{\"src\":{\"regex\":{\"source\":\"add\"}}}"}]}
RESULT: {"script":"<script> [1562 bytes]","args":[{"selector":{"controlType":"sap.ui.core.Icon","viewName":"etm.portal.ui.managesites.view.Master","viewId":"application-managesites-display-component---masterSite","properties":{"src":{"regex":{"source":"add"}}}},"wdio_ui5_key":"etmportal.ui.managesites.view.Mastersap.ui.core.Icon{\"src\":{\"regex\":{\"source\":\"add\"}}}"}]}
RESULT: undefined
COMMAND: POST /session/d5f272f198c3c1f43c195f4d238b9983/element - {"using":"xpath","value":"//*[@id=\"__button52-img\"]"}
RESULT: {"using":"xpath","value":"//*[@id=\"__button52-img\"]"}
COMMAND: POST /session/d5f272f198c3c1f43c195f4d238b9983/element/f.3CB17101AE25630290776882465A9E58.d.209E04C63E5DE135D79EEC9AFA57A63B.e.1883/click - {}
RESULT: {}
COMMAND: POST /session/d5f272f198c3c1f43c195f4d238b9983/execute/async - {"script":"<script> [1562 bytes]","args":[{"selector":{"id":"application-managesites-display-component---NewSite--siteId","interaction":{"idSuffix":"inner"}},"wdio_ui5_key":"applicationmanagesites-display-component---NewSite--siteId"}]}
COMMAND: GET /session/d5f272f198c3c1f43c195f4d238b9983/screenshot - {}
RESULT: {"script":"<script> [1562 bytes]","args":[{"selector":{"id":"application-managesites-display-component---NewSite--siteId","interaction":{"idSuffix":"inner"}},"wdio_ui5_key":"applicationmanagesites-display-component---NewSite--siteId"}]}
RESULT: undefined
COMMAND: POST /session/d5f272f198c3c1f43c195f4d238b9983/execute/async - {"script":"<script> [1562 bytes]","args":[{"selector":{"id":"application-managesites-display-component---NewSite--addressDetailDetailsName1","interaction":{"idSuffix":"inner"}},"wdio_ui5_key":"applicationmanagesites-display-component---NewSite--addressDetailDetailsName1"}]}
RESULT: {}
RESULT: {"script":"<script> [1562 bytes]","args":[{"selector":{"id":"application-managesites-display-component---NewSite--addressDetailDetailsName1","interaction":{"idSuffix":"inner"}},"wdio_ui5_key":"applicationmanagesites-display-component---NewSite--addressDetailDetailsName1"}]}
RESULT: undefined
COMMAND: POST /session/d5f272f198c3c1f43c195f4d238b9983/execute/async - {"script":"<script> [776 bytes]","args":[{"enterText":"WebdriverSite4o8us","selector":{"id":"application-managesites-display-component---NewSite--addressDetailDetailsName1","interaction":{"idSuffix":"inner"}},"clearTextFirst":true,"interactionType":"ENTER_TEXT"}]}
RESULT: {"script":"<script> [776 bytes]","args":[{"enterText":"WebdriverSite4o8us","selector":{"id":"application-managesites-display-component---NewSite--addressDetailDetailsName1","interaction":{"idSuffix":"inner"}},"clearTextFirst":true,"interactionType":"ENTER_TEXT"}]}
COMMAND: POST /session/d5f272f198c3c1f43c195f4d238b9983/execute/async - {"script":"<script> [1562 bytes]","args":[{"selector":{"id":"application-managesites-display-component---NewSite--addressDetailDetailsLanguage","interaction":{"idSuffix":"inner"}},"wdio_ui5_key":"applicationmanagesites-display-component---NewSite--addressDetailDetailsLanguage"}]}
RESULT: {"script":"<script> [1562 bytes]","args":[{"selector":{"id":"application-managesites-display-component---NewSite--addressDetailDetailsLanguage","interaction":{"idSuffix":"inner"}},"wdio_ui5_key":"applicationmanagesites-display-component---NewSite--addressDetailDetailsLanguage"}]}
RESULT: undefined
COMMAND: POST /session/d5f272f198c3c1f43c195f4d238b9983/execute/async - {"script":"<script> [776 bytes]","args":[{"enterText":"Romanian","selector":{"id":"application-managesites-display-component---NewSite--addressDetailDetailsLanguage","interaction":{"idSuffix":"inner"}},"clearTextFirst":true,"interactionType":"ENTER_TEXT"}]}
RESULT: {"script":"<script> [776 bytes]","args":[{"enterText":"Romanian","selector":{"id":"application-managesites-display-component---NewSite--addressDetailDetailsLanguage","interaction":{"idSuffix":"inner"}},"clearTextFirst":true,"interactionType":"ENTER_TEXT"}]}
COMMAND: POST /session/d5f272f198c3c1f43c195f4d238b9983/execute/async - {"script":"<script> [1562 bytes]","args":[{"selector":{"id":"application-managesites-display-component---NewSite--addressDetailDetailsCity1","interaction":{"idSuffix":"inner"}},"wdio_ui5_key":"applicationmanagesites-display-component---NewSite--addressDetailDetailsCity1"}]}
RESULT: {"script":"<script> [1562 bytes]","args":[{"selector":{"id":"application-managesites-display-component---NewSite--addressDetailDetailsCity1","interaction":{"idSuffix":"inner"}},"wdio_ui5_key":"applicationmanagesites-display-component---NewSite--addressDetailDetailsCity1"}]}
RESULT: undefined
COMMAND: POST /session/d5f272f198c3c1f43c195f4d238b9983/execute/async - {"script":"<script> [776 bytes]","args":[{"enterText":"Bucharest","selector":{"id":"application-managesites-display-component---NewSite--addressDetailDetailsCity1","interaction":{"idSuffix":"inner"}},"clearTextFirst":true,"interactionType":"ENTER_TEXT"}]}
RESULT: {"script":"<script> [776 bytes]","args":[{"enterText":"Bucharest","selector":{"id":"application-managesites-display-component---NewSite--addressDetailDetailsCity1","interaction":{"idSuffix":"inner"}},"clearTextFirst":true,"interactionType":"ENTER_TEXT"}]}
COMMAND: POST /session/d5f272f198c3c1f43c195f4d238b9983/execute/async - {"script":"<script> [1562 bytes]","args":[{"selector":{"id":"application-managesites-display-component---NewSite--addressDetailDetailsCountry","interaction":{"idSuffix":"inner"}},"wdio_ui5_key":"applicationmanagesites-display-component---NewSite--addressDetailDetailsCountry"}]}
RESULT: {"script":"<script> [1562 bytes]","args":[{"selector":{"id":"application-managesites-display-component---NewSite--addressDetailDetailsCountry","interaction":{"idSuffix":"inner"}},"wdio_ui5_key":"applicationmanagesites-display-component---NewSite--addressDetailDetailsCountry"}]}
RESULT: undefined
COMMAND: POST /session/d5f272f198c3c1f43c195f4d238b9983/execute/async - {"script":"<script> [776 bytes]","args":[{"enterText":"Romania","selector":{"id":"application-managesites-display-component---NewSite--addressDetailDetailsCountry","interaction":{"idSuffix":"inner"}},"clearTextFirst":true,"interactionType":"ENTER_TEXT"}]}
RESULT: {"script":"<script> [776 bytes]","args":[{"enterText":"Romania","selector":{"id":"application-managesites-display-component---NewSite--addressDetailDetailsCountry","interaction":{"idSuffix":"inner"}},"clearTextFirst":true,"interactionType":"ENTER_TEXT"}]}
COMMAND: POST /session/d5f272f198c3c1f43c195f4d238b9983/element - {"using":"css selector","value":"#application-managesites-display-component---NewSite--addressDetailDetailsCalendar-inner"}
RESULT: {"using":"css selector","value":"#application-managesites-display-component---NewSite--addressDetailDetailsCalendar-inner"}
COMMAND: POST /session/d5f272f198c3c1f43c195f4d238b9983/element/f.3CB17101AE25630290776882465A9E58.d.209E04C63E5DE135D79EEC9AFA57A63B.e.2156/clear - {}
RESULT: {}
COMMAND: POST /session/d5f272f198c3c1f43c195f4d238b9983/element/f.3CB17101AE25630290776882465A9E58.d.209E04C63E5DE135D79EEC9AFA57A63B.e.2156/value - {"text":"Germany"}
COMMAND: GET /session/d5f272f198c3c1f43c195f4d238b9983/screenshot - {}
RESULT: {"text":"Germany"}
COMMAND: POST /session/d5f272f198c3c1f43c195f4d238b9983/execute/async - {"script":"<script> [1562 bytes]","args":[{"selector":{"id":"application-managesites-display-component---NewSite--addressEditDetailsCostObjectCstType-arrow"},"wdio_ui5_key":"applicationmanagesites-display-component---NewSite--addressEditDetailsCostObjectCstType-arrow"}]}
COMMAND: GET /session/d5f272f198c3c1f43c195f4d238b9983/screenshot - {}
RESULT: {}
RESULT: {"script":"<script> [1562 bytes]","args":[{"selector":{"id":"application-managesites-display-component---NewSite--addressEditDetailsCostObjectCstType-arrow"},"wdio_ui5_key":"applicationmanagesites-display-component---NewSite--addressEditDetailsCostObjectCstType-arrow"}]}
RESULT: undefined
COMMAND: POST /session/d5f272f198c3c1f43c195f4d238b9983/element - {"using":"xpath","value":"//*[@id=\"application-managesites-display-component---NewSite--addressEditDetailsCostObjectCstType-arrow\"]"}
RESULT: {}
RESULT: {"using":"xpath","value":"//*[@id=\"application-managesites-display-component---NewSite--addressEditDetailsCostObjectCstType-arrow\"]"}
COMMAND: POST /session/d5f272f198c3c1f43c195f4d238b9983/element/f.3CB17101AE25630290776882465A9E58.d.209E04C63E5DE135D79EEC9AFA57A63B.e.2354/click - {}
RESULT: {}
COMMAND: POST /session/d5f272f198c3c1f43c195f4d238b9983/element - {"using":"xpath","value":"//span[contains(text(), \"Work Breakdown Structure\")]"}
COMMAND: GET /session/d5f272f198c3c1f43c195f4d238b9983/screenshot - {}
RESULT: {"using":"xpath","value":"//span[contains(text(), \"Work Breakdown Structure\")]"}
COMMAND: POST /session/d5f272f198c3c1f43c195f4d238b9983/element/f.3CB17101AE25630290776882465A9E58.d.209E04C63E5DE135D79EEC9AFA57A63B.e.2355/click - {}
RESULT: {}
RESULT: {}
COMMAND: GET /session/d5f272f198c3c1f43c195f4d238b9983/screenshot - {}
RESULT: {}
COMMAND: POST /session/d5f272f198c3c1f43c195f4d238b9983/execute/async - {"script":"<script> [1562 bytes]","args":[{"selector":{"id":"application-managesites-display-component---NewSite--addressNewCostObjectCstID-vhi"},"wdio_ui5_key":"applicationmanagesites-display-component---NewSite--addressNewCostObjectCstID-vhi"}]}
RESULT: {"script":"<script> [1562 bytes]","args":[{"selector":{"id":"application-managesites-display-component---NewSite--addressNewCostObjectCstID-vhi"},"wdio_ui5_key":"applicationmanagesites-display-component---NewSite--addressNewCostObjectCstID-vhi"}]}
RESULT: undefined
COMMAND: POST /session/d5f272f198c3c1f43c195f4d238b9983/element - {"using":"xpath","value":"//*[@id=\"application-managesites-display-component---NewSite--addressNewCostObjectCstID-vhi\"]"}
RESULT: {"using":"xpath","value":"//*[@id=\"application-managesites-display-component---NewSite--addressNewCostObjectCstID-vhi\"]"}
COMMAND: POST /session/d5f272f198c3c1f43c195f4d238b9983/element/f.3CB17101AE25630290776882465A9E58.d.209E04C63E5DE135D79EEC9AFA57A63B.e.2359/click - {}
RESULT: {}
COMMAND: GET /session/d5f272f198c3c1f43c195f4d238b9983/screenshot - {}
RESULT: {}
COMMAND: POST /session/d5f272f198c3c1f43c195f4d238b9983/execute/async - {"script":"<script> [1562 bytes]","args":[{"selector":{"controlType":"sap.m.SearchField","properties":{"placeholder":"Search"},"searchOpenDialogs":true,"interaction":{"idSuffix":"I"}},"wdio_ui5_key":"sapm.SearchField{\"placeholder\":\"Search\"}"}]}
RESULT: {"script":"<script> [1562 bytes]","args":[{"selector":{"controlType":"sap.m.SearchField","properties":{"placeholder":"Search"},"searchOpenDialogs":true,"interaction":{"idSuffix":"I"}},"wdio_ui5_key":"sapm.SearchField{\"placeholder\":\"Search\"}"}]}
RESULT: undefined
COMMAND: POST /session/d5f272f198c3c1f43c195f4d238b9983/execute/async - {"script":"<script> [776 bytes]","args":[{"enterText":"A1-000100-01","selector":{"controlType":"sap.m.SearchField","properties":{"placeholder":"Search"},"searchOpenDialogs":true,"interaction":{"idSuffix":"I"}},"clearTextFirst":true,"interactionType":"ENTER_TEXT"}]}
RESULT: {"script":"<script> [776 bytes]","args":[{"enterText":"A1-000100-01","selector":{"controlType":"sap.m.SearchField","properties":{"placeholder":"Search"},"searchOpenDialogs":true,"interaction":{"idSuffix":"I"}},"clearTextFirst":true,"interactionType":"ENTER_TEXT"}]}
COMMAND: POST /session/d5f272f198c3c1f43c195f4d238b9983/actions - {"actions":[{"id":"action3","type":"key","parameters":{},"actions":[{"type":"keyDown","value":"î€‡"},{"type":"pause","duration":10},{"type":"keyUp","value":"î€‡"}]}]}
RESULT: {"actions":[{"id":"action3","type":"key","parameters":{},"actions":[{"type":"keyDown","value":"î€‡"},{"type":"pause","duration":10},{"type":"keyUp","value":"î€‡"}]}]}
COMMAND: GET /session/d5f272f198c3c1f43c195f4d238b9983/screenshot - {}
RESULT: {}
COMMAND: POST /session/d5f272f198c3c1f43c195f4d238b9983/element - {"using":"xpath","value":"//span[contains(text(), \"Template for ETO-Process\")]"}
RESULT: {"using":"xpath","value":"//span[contains(text(), \"Template for ETO-Process\")]"}
COMMAND: POST /session/d5f272f198c3c1f43c195f4d238b9983/element/f.3CB17101AE25630290776882465A9E58.d.209E04C63E5DE135D79EEC9AFA57A63B.e.2379/click - {}
RESULT: {}
COMMAND: GET /session/d5f272f198c3c1f43c195f4d238b9983/screenshot - {}
RESULT: {}
COMMAND: POST /session/d5f272f198c3c1f43c195f4d238b9983/element - {"using":"xpath","value":"//bdi[contains(text(), \"OK\")]"}
RESULT: {"using":"xpath","value":"//bdi[contains(text(), \"OK\")]"}
COMMAND: POST /session/d5f272f198c3c1f43c195f4d238b9983/element/f.3CB17101AE25630290776882465A9E58.d.209E04C63E5DE135D79EEC9AFA57A63B.e.2380/click - {}
RESULT: {}
COMMAND: GET /session/d5f272f198c3c1f43c195f4d238b9983/screenshot - {}
RESULT: {}
COMMAND: POST /session/d5f272f198c3c1f43c195f4d238b9983/element - {"using":"xpath","value":"//input[@id=\"application-managesites-display-component---NewSite--addressDetailDetailsYard-inner\"]"}
RESULT: {"using":"xpath","value":"//input[@id=\"application-managesites-display-component---NewSite--addressDetailDetailsYard-inner\"]"}
COMMAND: POST /session/d5f272f198c3c1f43c195f4d238b9983/element/f.3CB17101AE25630290776882465A9E58.d.209E04C63E5DE135D79EEC9AFA57A63B.e.2157/value - {"text":"522"}
RESULT: {"text":"522"}
COMMAND: GET /session/d5f272f198c3c1f43c195f4d238b9983/screenshot - {}
RESULT: {}
COMMAND: POST /session/d5f272f198c3c1f43c195f4d238b9983/actions - {"actions":[{"id":"action4","type":"key","parameters":{},"actions":[{"type":"keyDown","value":"î€‡"},{"type":"pause","duration":10},{"type":"keyUp","value":"î€‡"}]}]}
RESULT: {"actions":[{"id":"action4","type":"key","parameters":{},"actions":[{"type":"keyDown","value":"î€‡"},{"type":"pause","duration":10},{"type":"keyUp","value":"î€‡"}]}]}
COMMAND: GET /session/d5f272f198c3c1f43c195f4d238b9983/screenshot - {}
RESULT: {}
COMMAND: POST /session/d5f272f198c3c1f43c195f4d238b9983/element - {"using":"xpath","value":"//input[@id=\"application-managesites-display-component---NewSite--addressDetailDetailsPartner-inner\"]"}
RESULT: {"using":"xpath","value":"//input[@id=\"application-managesites-display-component---NewSite--addressDetailDetailsPartner-inner\"]"}
COMMAND: POST /session/d5f272f198c3c1f43c195f4d238b9983/elements - {"using":"xpath","value":"//input[@id=\"application-managesites-display-component---NewSite--addressDetailDetailsPartner-inner\"]"}
RESULT: {"using":"xpath","value":"//input[@id=\"application-managesites-display-component---NewSite--addressDetailDetailsPartner-inner\"]"}
COMMAND: POST /session/d5f272f198c3c1f43c195f4d238b9983/execute/async - {"script":"<script> [1562 bytes]","args":[{"selector":{"controlType":"sap.m.Button","viewName":"etm.portal.ui.managesites.view.NewSmartSite","viewId":"application-managesites-display-component---NewSite","properties":{"text":"Commercial"},"interaction":{"idSuffix":"BDI-content"}},"wdio_ui5_key":"etmportal.ui.managesites.view.NewSmartSitesap.m.Button{\"text\":\"Commercial\"}"}]}
RESULT: {"script":"<script> [1562 bytes]","args":[{"selector":{"controlType":"sap.m.Button","viewName":"etm.portal.ui.managesites.view.NewSmartSite","viewId":"application-managesites-display-component---NewSite","properties":{"text":"Commercial"},"interaction":{"idSuffix":"BDI-content"}},"wdio_ui5_key":"etmportal.ui.managesites.view.NewSmartSitesap.m.Button{\"text\":\"Commercial\"}"}]}
RESULT: undefined
COMMAND: POST /session/d5f272f198c3c1f43c195f4d238b9983/element - {"using":"xpath","value":"//*[@id=\"application-managesites-display-component---NewSite--ObjectPageLayout-anchBar-__section31-anchor\"]"}
RESULT: {"using":"xpath","value":"//*[@id=\"application-managesites-display-component---NewSite--ObjectPageLayout-anchBar-__section31-anchor\"]"}
COMMAND: POST /session/d5f272f198c3c1f43c195f4d238b9983/element/f.3CB17101AE25630290776882465A9E58.d.209E04C63E5DE135D79EEC9AFA57A63B.e.2387/click - {}
RESULT: {}
COMMAND: POST /session/d5f272f198c3c1f43c195f4d238b9983/execute/async - {"script":"<script> [1562 bytes]","args":[{"selector":{"controlType":"sap.m.Button","viewName":"etm.portal.ui.managesites.view.NewSmartSite","viewId":"application-managesites-display-component---NewSite","i18NText":{"propertyName":"text","key":"save"},"interaction":{"idSuffix":"BDI-content"}},"wdio_ui5_key":"etmportal.ui.managesites.view.NewSmartSitesap.m.Button{\"propertyName\":\"text\",\"key\":\"save\"}"}]}
COMMAND: GET /session/d5f272f198c3c1f43c195f4d238b9983/screenshot - {}
RESULT: {"script":"<script> [1562 bytes]","args":[{"selector":{"controlType":"sap.m.Button","viewName":"etm.portal.ui.managesites.view.NewSmartSite","viewId":"application-managesites-display-component---NewSite","i18NText":{"propertyName":"text","key":"save"},"interaction":{"idSuffix":"BDI-content"}},"wdio_ui5_key":"etmportal.ui.managesites.view.NewSmartSitesap.m.Button{\"propertyName\":\"text\",\"key\":\"save\"}"}]}
RESULT: undefined
COMMAND: POST /session/d5f272f198c3c1f43c195f4d238b9983/element - {"using":"xpath","value":"//*[@id=\"__button64\"]"}
RESULT: {}
RESULT: {"using":"xpath","value":"//*[@id=\"__button64\"]"}
COMMAND: POST /session/d5f272f198c3c1f43c195f4d238b9983/element/f.3CB17101AE25630290776882465A9E58.d.209E04C63E5DE135D79EEC9AFA57A63B.e.2331/click - {}
RESULT: {}
COMMAND: GET /session/d5f272f198c3c1f43c195f4d238b9983/screenshot - {}
RESULT: {}
COMMAND: POST /session/d5f272f198c3c1f43c195f4d238b9983/execute/async - {"script":"<script> [1562 bytes]","args":[{"selector":{"id":"application-managesites-display-component---detailSite--addressDetailDetailsYardText"},"wdio_ui5_key":"applicationmanagesites-display-component---detailSite--addressDetailDetailsYardText"}]}
RESULT: {"script":"<script> [1562 bytes]","args":[{"selector":{"id":"application-managesites-display-component---detailSite--addressDetailDetailsYardText"},"wdio_ui5_key":"applicationmanagesites-display-component---detailSite--addressDetailDetailsYardText"}]}
RESULT: undefined
COMMAND: POST /session/d5f272f198c3c1f43c195f4d238b9983/element - {"using":"xpath","value":"//header/div/div[2]/div[2]/span"}
RESULT: {"using":"xpath","value":"//header/div/div[2]/div[2]/span"}
COMMAND: GET /session/d5f272f198c3c1f43c195f4d238b9983/element/f.3CB17101AE25630290776882465A9E58.d.209E04C63E5DE135D79EEC9AFA57A63B.e.2603/text - {}
RESULT: {}
COMMAND: POST /session/d5f272f198c3c1f43c195f4d238b9983/element - {"using":"xpath","value":"//header/div/div/div/div/div/div[2]/div/span"}
RESULT: {"using":"xpath","value":"//header/div/div/div/div/div/div[2]/div/span"}
COMMAND: GET /session/d5f272f198c3c1f43c195f4d238b9983/element/f.3CB17101AE25630290776882465A9E58.d.209E04C63E5DE135D79EEC9AFA57A63B.e.2604/text - {}
RESULT: {}
COMMAND: POST /session/d5f272f198c3c1f43c195f4d238b9983/element - {"using":"css selector","value":"#shell-header-logo"}
RESULT: {"using":"css selector","value":"#shell-header-logo"}
COMMAND: POST /session/d5f272f198c3c1f43c195f4d238b9983/element/f.3CB17101AE25630290776882465A9E58.d.209E04C63E5DE135D79EEC9AFA57A63B.e.1836/click - {}
RESULT: {}
COMMAND: GET /session/d5f272f198c3c1f43c195f4d238b9983/screenshot - {}
RESULT: {}
]]></system-out>
    </testcase>
    <testcase classname="chrome.135_0_7049_96.windows.Manage_Requests_Tags_Tests_US120163" name="Should Create New Request Tags" time="193.096">
      <system-out><![CDATA[
COMMAND: POST /session/d5f272f198c3c1f43c195f4d238b9983/execute/async - {"script":"<script> [1562 bytes]","args":[{"selector":{"controlType":"sap.m.GenericTile","properties":{"header":"Manage Requests"}},"wdio_ui5_key":"sapm.GenericTile{\"header\":\"Manage Requests\"}"}]}
RESULT: {"script":"<script> [1562 bytes]","args":[{"selector":{"controlType":"sap.m.GenericTile","properties":{"header":"Manage Requests"}},"wdio_ui5_key":"sapm.GenericTile{\"header\":\"Manage Requests\"}"}]}
RESULT: undefined
COMMAND: POST /session/d5f272f198c3c1f43c195f4d238b9983/element - {"using":"xpath","value":"//*[@id=\"__tile47\"]"}
RESULT: {"using":"xpath","value":"//*[@id=\"__tile47\"]"}
COMMAND: POST /session/d5f272f198c3c1f43c195f4d238b9983/element/f.3CB17101AE25630290776882465A9E58.d.209E04C63E5DE135D79EEC9AFA57A63B.e.2606/click - {}
RESULT: {}
COMMAND: GET /session/d5f272f198c3c1f43c195f4d238b9983/screenshot - {}
RESULT: {}
COMMAND: POST /session/d5f272f198c3c1f43c195f4d238b9983/element - {"using":"xpath","value":"//button[contains(@data-kt ,\"btnCreateNewOverflowToolbarButton\")]"}
COMMAND: POST /session/d5f272f198c3c1f43c195f4d238b9983/element - {"using":"xpath","value":"(//span[contains(@class ,\"sapMObjStatusText\")])[1]"}
RESULT: {"using":"xpath","value":"//button[contains(@data-kt ,\"btnCreateNewOverflowToolbarButton\")]"}
COMMAND: POST /session/d5f272f198c3c1f43c195f4d238b9983/element/f.3CB17101AE25630290776882465A9E58.d.209E04C63E5DE135D79EEC9AFA57A63B.e.2663/click - {}
RESULT: {"using":"xpath","value":"(//span[contains(@class ,\"sapMObjStatusText\")])[1]"}
COMMAND: POST /session/d5f272f198c3c1f43c195f4d238b9983/execute/sync - {"script":"<script> [8489 bytes]","args":[{"element-6066-11e4-a52e-4f735466cecf":"f.3CB17101AE25630290776882465A9E58.d.209E04C63E5DE135D79EEC9AFA57A63B.e.2702","ELEMENT":"f.3CB17101AE25630290776882465A9E58.d.209E04C63E5DE135D79EEC9AFA57A63B.e.2702"}]}
RESULT: {}
COMMAND: GET /session/d5f272f198c3c1f43c195f4d238b9983/screenshot - {}
RESULT: {"script":"<script> [8489 bytes]","args":[{"element-6066-11e4-a52e-4f735466cecf":"f.3CB17101AE25630290776882465A9E58.d.209E04C63E5DE135D79EEC9AFA57A63B.e.2702","ELEMENT":"f.3CB17101AE25630290776882465A9E58.d.209E04C63E5DE135D79EEC9AFA57A63B.e.2702"}]}
COMMAND: GET /session/d5f272f198c3c1f43c195f4d238b9983/screenshot - {}
RESULT: {}
RESULT: {}
COMMAND: POST /session/d5f272f198c3c1f43c195f4d238b9983/element - {"using":"xpath","value":"//input[contains(@id ,\"yardId-inner\")]"}
RESULT: {"using":"xpath","value":"//input[contains(@id ,\"yardId-inner\")]"}
COMMAND: POST /session/d5f272f198c3c1f43c195f4d238b9983/execute/sync - {"script":"<script> [8489 bytes]","args":[{"element-6066-11e4-a52e-4f735466cecf":"f.3CB17101AE25630290776882465A9E58.d.209E04C63E5DE135D79EEC9AFA57A63B.e.2917","ELEMENT":"f.3CB17101AE25630290776882465A9E58.d.209E04C63E5DE135D79EEC9AFA57A63B.e.2917"}]}
RESULT: {"script":"<script> [8489 bytes]","args":[{"element-6066-11e4-a52e-4f735466cecf":"f.3CB17101AE25630290776882465A9E58.d.209E04C63E5DE135D79EEC9AFA57A63B.e.2917","ELEMENT":"f.3CB17101AE25630290776882465A9E58.d.209E04C63E5DE135D79EEC9AFA57A63B.e.2917"}]}
COMMAND: POST /session/d5f272f198c3c1f43c195f4d238b9983/element - {"using":"xpath","value":"//input[contains(@id ,\"yardId-inner\")]"}
COMMAND: GET /session/d5f272f198c3c1f43c195f4d238b9983/screenshot - {}
RESULT: {"using":"xpath","value":"//input[contains(@id ,\"yardId-inner\")]"}
COMMAND: GET /session/d5f272f198c3c1f43c195f4d238b9983/element/f.3CB17101AE25630290776882465A9E58.d.209E04C63E5DE135D79EEC9AFA57A63B.e.2917/enabled - {}
RESULT: {}
RESULT: {}
COMMAND: POST /session/d5f272f198c3c1f43c195f4d238b9983/element/f.3CB17101AE25630290776882465A9E58.d.209E04C63E5DE135D79EEC9AFA57A63B.e.2917/clear - {}
COMMAND: GET /session/d5f272f198c3c1f43c195f4d238b9983/screenshot - {}
RESULT: {}
COMMAND: POST /session/d5f272f198c3c1f43c195f4d238b9983/element/f.3CB17101AE25630290776882465A9E58.d.209E04C63E5DE135D79EEC9AFA57A63B.e.2917/value - {"text":"WebdriverYardrjtc1"}
COMMAND: GET /session/d5f272f198c3c1f43c195f4d238b9983/screenshot - {}
RESULT: {}
RESULT: {"text":"WebdriverYardrjtc1"}
COMMAND: GET /session/d5f272f198c3c1f43c195f4d238b9983/screenshot - {}
RESULT: {}
RESULT: {}
COMMAND: POST /session/d5f272f198c3c1f43c195f4d238b9983/element - {"using":"xpath","value":"//input[contains(@id ,\"customerNumber-inner\")]"}
RESULT: {"using":"xpath","value":"//input[contains(@id ,\"customerNumber-inner\")]"}
COMMAND: POST /session/d5f272f198c3c1f43c195f4d238b9983/element/f.3CB17101AE25630290776882465A9E58.d.209E04C63E5DE135D79EEC9AFA57A63B.e.2911/value - {"text":"WebdriverPartner8ybrk"}
COMMAND: POST /session/d5f272f198c3c1f43c195f4d238b9983/actions - {"actions":[{"id":"action5","type":"key","parameters":{},"actions":[{"type":"keyDown","value":"î€‡"},{"type":"pause","duration":10},{"type":"keyUp","value":"î€‡"}]}]}
RESULT: {"text":"WebdriverPartner8ybrk"}
COMMAND: GET /session/d5f272f198c3c1f43c195f4d238b9983/screenshot - {}
RESULT: {"actions":[{"id":"action5","type":"key","parameters":{},"actions":[{"type":"keyDown","value":"î€‡"},{"type":"pause","duration":10},{"type":"keyUp","value":"î€‡"}]}]}
COMMAND: GET /session/d5f272f198c3c1f43c195f4d238b9983/screenshot - {}
RESULT: {}
RESULT: {}
COMMAND: POST /session/d5f272f198c3c1f43c195f4d238b9983/element/f.3CB17101AE25630290776882465A9E58.d.209E04C63E5DE135D79EEC9AFA57A63B.e.2917/clear - {}
RESULT: {}
COMMAND: POST /session/d5f272f198c3c1f43c195f4d238b9983/element/f.3CB17101AE25630290776882465A9E58.d.209E04C63E5DE135D79EEC9AFA57A63B.e.2917/clear - {}
COMMAND: GET /session/d5f272f198c3c1f43c195f4d238b9983/screenshot - {}
RESULT: {}
COMMAND: POST /session/d5f272f198c3c1f43c195f4d238b9983/element/f.3CB17101AE25630290776882465A9E58.d.209E04C63E5DE135D79EEC9AFA57A63B.e.2917/value - {"text":"WebdriverYardrjtc1"}
COMMAND: GET /session/d5f272f198c3c1f43c195f4d238b9983/screenshot - {}
RESULT: {}
RESULT: {"text":"WebdriverYardrjtc1"}
COMMAND: GET /session/d5f272f198c3c1f43c195f4d238b9983/screenshot - {}
COMMAND: POST /session/d5f272f198c3c1f43c195f4d238b9983/actions - {"actions":[{"id":"action6","type":"key","parameters":{},"actions":[{"type":"keyDown","value":"î€‡"},{"type":"pause","duration":10},{"type":"keyUp","value":"î€‡"}]}]}
RESULT: {}
RESULT: {}
RESULT: {"actions":[{"id":"action6","type":"key","parameters":{},"actions":[{"type":"keyDown","value":"î€‡"},{"type":"pause","duration":10},{"type":"keyUp","value":"î€‡"}]}]}
COMMAND: GET /session/d5f272f198c3c1f43c195f4d238b9983/screenshot - {}
RESULT: {}
COMMAND: GET /session/d5f272f198c3c1f43c195f4d238b9983/element/f.3CB17101AE25630290776882465A9E58.d.209E04C63E5DE135D79EEC9AFA57A63B.e.2911/property/value - {}
RESULT: {}
COMMAND: GET /session/d5f272f198c3c1f43c195f4d238b9983/screenshot - {}
RESULT: {}
COMMAND: POST /session/d5f272f198c3c1f43c195f4d238b9983/actions - {"actions":[{"id":"action7","type":"key","parameters":{},"actions":[{"type":"keyDown","value":"î€‡"},{"type":"pause","duration":10},{"type":"keyUp","value":"î€‡"}]}]}
RESULT: {"actions":[{"id":"action7","type":"key","parameters":{},"actions":[{"type":"keyDown","value":"î€‡"},{"type":"pause","duration":10},{"type":"keyUp","value":"î€‡"}]}]}
COMMAND: GET /session/d5f272f198c3c1f43c195f4d238b9983/screenshot - {}
RESULT: {}
COMMAND: POST /session/d5f272f198c3c1f43c195f4d238b9983/element - {"using":"xpath","value":"//input[contains(@id ,\"requestSiteId-inner\")]"}
RESULT: {"using":"xpath","value":"//input[contains(@id ,\"requestSiteId-inner\")]"}
COMMAND: POST /session/d5f272f198c3c1f43c195f4d238b9983/element/f.3CB17101AE25630290776882465A9E58.d.209E04C63E5DE135D79EEC9AFA57A63B.e.2910/value - {"text":"WebdriverSite4o8us"}
RESULT: {"text":"WebdriverSite4o8us"}
COMMAND: GET /session/d5f272f198c3c1f43c195f4d238b9983/screenshot - {}
RESULT: {}
COMMAND: POST /session/d5f272f198c3c1f43c195f4d238b9983/actions - {"actions":[{"id":"action8","type":"key","parameters":{},"actions":[{"type":"keyDown","value":"î€‡"},{"type":"pause","duration":10},{"type":"keyUp","value":"î€‡"}]}]}
RESULT: {"actions":[{"id":"action8","type":"key","parameters":{},"actions":[{"type":"keyDown","value":"î€‡"},{"type":"pause","duration":10},{"type":"keyUp","value":"î€‡"}]}]}
COMMAND: GET /session/d5f272f198c3c1f43c195f4d238b9983/screenshot - {}
RESULT: {}
COMMAND: POST /session/d5f272f198c3c1f43c195f4d238b9983/execute/async - {"script":"<script> [1562 bytes]","args":[{"selector":{"controlType":"sap.m.Input","viewName":"etm.portal.ui.managerequests.view.NewRequest","bindingPath":{"path":"","propertyPath":"/DESCRIPTION","modelName":"oNewRequestModel"},"interaction":{"idSuffix":"inner"}},"wdio_ui5_key":"etmportal.ui.managerequests.view.NewRequestsap.m.Input{\"path\":\"\",\"propertyPath\":\"/DESCRIPTION\",\"modelName\":\"oNewRequestModel\"}"}]}
RESULT: {"script":"<script> [1562 bytes]","args":[{"selector":{"controlType":"sap.m.Input","viewName":"etm.portal.ui.managerequests.view.NewRequest","bindingPath":{"path":"","propertyPath":"/DESCRIPTION","modelName":"oNewRequestModel"},"interaction":{"idSuffix":"inner"}},"wdio_ui5_key":"etmportal.ui.managerequests.view.NewRequestsap.m.Input{\"path\":\"\",\"propertyPath\":\"/DESCRIPTION\",\"modelName\":\"oNewRequestModel\"}"}]}
RESULT: undefined
COMMAND: POST /session/d5f272f198c3c1f43c195f4d238b9983/execute/async - {"script":"<script> [776 bytes]","args":[{"enterText":"Wdi5 Tags Test","selector":{"controlType":"sap.m.Input","viewName":"etm.portal.ui.managerequests.view.NewRequest","bindingPath":{"path":"","propertyPath":"/DESCRIPTION","modelName":"oNewRequestModel"},"interaction":{"idSuffix":"inner"}},"clearTextFirst":true,"interactionType":"ENTER_TEXT"}]}
RESULT: {"script":"<script> [776 bytes]","args":[{"enterText":"Wdi5 Tags Test","selector":{"controlType":"sap.m.Input","viewName":"etm.portal.ui.managerequests.view.NewRequest","bindingPath":{"path":"","propertyPath":"/DESCRIPTION","modelName":"oNewRequestModel"},"interaction":{"idSuffix":"inner"}},"clearTextFirst":true,"interactionType":"ENTER_TEXT"}]}
COMMAND: POST /session/d5f272f198c3c1f43c195f4d238b9983/execute/async - {"script":"<script> [1562 bytes]","args":[{"selector":{"id":"tagInputAdd","viewName":"etm.portal.ui.managerequests.view.NewRequest","interaction":{"idSuffix":"inner"}},"wdio_ui5_key":"tagInputAddetmportal.ui.managerequests.view.NewRequest"}]}
RESULT: {"script":"<script> [1562 bytes]","args":[{"selector":{"id":"tagInputAdd","viewName":"etm.portal.ui.managerequests.view.NewRequest","interaction":{"idSuffix":"inner"}},"wdio_ui5_key":"tagInputAddetmportal.ui.managerequests.view.NewRequest"}]}
RESULT: undefined
COMMAND: POST /session/d5f272f198c3c1f43c195f4d238b9983/execute/async - {"script":"<script> [776 bytes]","args":[{"enterText":"RefTag","selector":{"id":"tagInputAdd","viewName":"etm.portal.ui.managerequests.view.NewRequest","interaction":{"idSuffix":"inner"}},"clearTextFirst":true,"interactionType":"ENTER_TEXT"}]}
RESULT: {"script":"<script> [776 bytes]","args":[{"enterText":"RefTag","selector":{"id":"tagInputAdd","viewName":"etm.portal.ui.managerequests.view.NewRequest","interaction":{"idSuffix":"inner"}},"clearTextFirst":true,"interactionType":"ENTER_TEXT"}]}
COMMAND: POST /session/d5f272f198c3c1f43c195f4d238b9983/actions - {"actions":[{"id":"action9","type":"key","parameters":{},"actions":[{"type":"keyDown","value":"î€‡"},{"type":"pause","duration":10},{"type":"keyUp","value":"î€‡"}]}]}
RESULT: {"actions":[{"id":"action9","type":"key","parameters":{},"actions":[{"type":"keyDown","value":"î€‡"},{"type":"pause","duration":10},{"type":"keyUp","value":"î€‡"}]}]}
COMMAND: GET /session/d5f272f198c3c1f43c195f4d238b9983/screenshot - {}
RESULT: {}
RESULT: undefined
COMMAND: POST /session/d5f272f198c3c1f43c195f4d238b9983/execute/async - {"script":"<script> [776 bytes]","args":[{"enterText":"tag-header","selector":{"id":"tagInputAdd","viewName":"etm.portal.ui.managerequests.view.NewRequest","interaction":{"idSuffix":"inner"}},"clearTextFirst":true,"interactionType":"ENTER_TEXT"}]}
RESULT: {"script":"<script> [776 bytes]","args":[{"enterText":"tag-header","selector":{"id":"tagInputAdd","viewName":"etm.portal.ui.managerequests.view.NewRequest","interaction":{"idSuffix":"inner"}},"clearTextFirst":true,"interactionType":"ENTER_TEXT"}]}
COMMAND: POST /session/d5f272f198c3c1f43c195f4d238b9983/actions - {"actions":[{"id":"action10","type":"key","parameters":{},"actions":[{"type":"keyDown","value":"î€‡"},{"type":"pause","duration":10},{"type":"keyUp","value":"î€‡"}]}]}
RESULT: {"actions":[{"id":"action10","type":"key","parameters":{},"actions":[{"type":"keyDown","value":"î€‡"},{"type":"pause","duration":10},{"type":"keyUp","value":"î€‡"}]}]}
COMMAND: GET /session/d5f272f198c3c1f43c195f4d238b9983/screenshot - {}
RESULT: {}
RESULT: undefined
COMMAND: POST /session/d5f272f198c3c1f43c195f4d238b9983/execute/async - {"script":"<script> [776 bytes]","args":[{"enterText":"tag-duplicate","selector":{"id":"tagInputAdd","viewName":"etm.portal.ui.managerequests.view.NewRequest","interaction":{"idSuffix":"inner"}},"clearTextFirst":true,"interactionType":"ENTER_TEXT"}]}
RESULT: {"script":"<script> [776 bytes]","args":[{"enterText":"tag-duplicate","selector":{"id":"tagInputAdd","viewName":"etm.portal.ui.managerequests.view.NewRequest","interaction":{"idSuffix":"inner"}},"clearTextFirst":true,"interactionType":"ENTER_TEXT"}]}
COMMAND: POST /session/d5f272f198c3c1f43c195f4d238b9983/actions - {"actions":[{"id":"action11","type":"key","parameters":{},"actions":[{"type":"keyDown","value":"î€‡"},{"type":"pause","duration":10},{"type":"keyUp","value":"î€‡"}]}]}
RESULT: {"actions":[{"id":"action11","type":"key","parameters":{},"actions":[{"type":"keyDown","value":"î€‡"},{"type":"pause","duration":10},{"type":"keyUp","value":"î€‡"}]}]}
COMMAND: GET /session/d5f272f198c3c1f43c195f4d238b9983/screenshot - {}
RESULT: {}
COMMAND: POST /session/d5f272f198c3c1f43c195f4d238b9983/execute/async - {"script":"<script> [1562 bytes]","args":[{"selector":{"id":"tagsLayoutAdd","viewName":"etm.portal.ui.managerequests.view.NewRequest"},"wdio_ui5_key":"tagsLayoutAddetmportal.ui.managerequests.view.NewRequest"}]}
RESULT: {"script":"<script> [1562 bytes]","args":[{"selector":{"id":"tagsLayoutAdd","viewName":"etm.portal.ui.managerequests.view.NewRequest"},"wdio_ui5_key":"tagsLayoutAddetmportal.ui.managerequests.view.NewRequest"}]}
RESULT: undefined
COMMAND: POST /session/d5f272f198c3c1f43c195f4d238b9983/execute/async - {"script":"<script> [6424 bytes]","args":[{"element-6066-11e4-a52e-4f735466cecf":"f.3CB17101AE25630290776882465A9E58.d.209E04C63E5DE135D79EEC9AFA57A63B.e.3034"},"getTokens",[]]}
RESULT: {"script":"<script> [6424 bytes]","args":[{"element-6066-11e4-a52e-4f735466cecf":"f.3CB17101AE25630290776882465A9E58.d.209E04C63E5DE135D79EEC9AFA57A63B.e.3034"},"getTokens",[]]}
COMMAND: POST /session/d5f272f198c3c1f43c195f4d238b9983/execute/async - {"script":"<script> [1562 bytes]","args":[{"wdio_ui5_key":"__token9","selector":{"id":"__token9"}}]}
COMMAND: POST /session/d5f272f198c3c1f43c195f4d238b9983/execute/async - {"script":"<script> [1562 bytes]","args":[{"wdio_ui5_key":"__token10","selector":{"id":"__token10"}}]}
COMMAND: POST /session/d5f272f198c3c1f43c195f4d238b9983/execute/async - {"script":"<script> [1562 bytes]","args":[{"wdio_ui5_key":"__token8","selector":{"id":"__token8"}}]}
RESULT: {"script":"<script> [1562 bytes]","args":[{"wdio_ui5_key":"__token9","selector":{"id":"__token9"}}]}
RESULT: undefined
RESULT: {"script":"<script> [1562 bytes]","args":[{"wdio_ui5_key":"__token10","selector":{"id":"__token10"}}]}
RESULT: undefined
RESULT: {"script":"<script> [1562 bytes]","args":[{"wdio_ui5_key":"__token8","selector":{"id":"__token8"}}]}
RESULT: undefined
COMMAND: POST /session/d5f272f198c3c1f43c195f4d238b9983/execute/async - {"script":"<script> [1562 bytes]","args":[{"selector":{"controlType":"sap.ui.core.Icon","viewName":"etm.portal.ui.managerequests.view.NewRequest","properties":{"src":{"regex":{"source":"decline"}}},"ancestor":{"controlType":"sap.m.Token","viewName":"etm.portal.ui.managerequests.view.NewRequest","properties":{"text":"tag-duplicate"}}},"wdio_ui5_key":"etmportal.ui.managerequests.view.NewRequestsap.ui.core.Icon{\"src\":{\"regex\":{\"source\":\"decline\"}}}{\"controlType\":\"sap.m.Token\",\"viewName\":\"etm.portal.ui.managerequests.view.NewRequest\",\"properties\":{\"text\":\"tag-duplicate\"}}"}]}
RESULT: {"script":"<script> [1562 bytes]","args":[{"selector":{"controlType":"sap.ui.core.Icon","viewName":"etm.portal.ui.managerequests.view.NewRequest","properties":{"src":{"regex":{"source":"decline"}}},"ancestor":{"controlType":"sap.m.Token","viewName":"etm.portal.ui.managerequests.view.NewRequest","properties":{"text":"tag-duplicate"}}},"wdio_ui5_key":"etmportal.ui.managerequests.view.NewRequestsap.ui.core.Icon{\"src\":{\"regex\":{\"source\":\"decline\"}}}{\"controlType\":\"sap.m.Token\",\"viewName\":\"etm.portal.ui.managerequests.view.NewRequest\",\"properties\":{\"text\":\"tag-duplicate\"}}"}]}
RESULT: undefined
COMMAND: POST /session/d5f272f198c3c1f43c195f4d238b9983/element - {"using":"xpath","value":"//*[@id=\"__token10-icon\"]"}
RESULT: {"using":"xpath","value":"//*[@id=\"__token10-icon\"]"}
COMMAND: POST /session/d5f272f198c3c1f43c195f4d238b9983/element/f.3CB17101AE25630290776882465A9E58.d.209E04C63E5DE135D79EEC9AFA57A63B.e.3063/click - {}
RESULT: {}
COMMAND: POST /session/d5f272f198c3c1f43c195f4d238b9983/execute/async - {"script":"<script> [1562 bytes]","args":[{"selector":{"controlType":"sap.ui.core.Icon","viewName":"etm.portal.ui.managerequests.view.NewRequest","properties":{"src":{"regex":{"source":"decline"}}},"ancestor":{"controlType":"sap.m.Token","viewName":"etm.portal.ui.managerequests.view.NewRequest","properties":{"text":"tag1"}}},"wdio_ui5_key":"etmportal.ui.managerequests.view.NewRequestsap.ui.core.Icon{\"src\":{\"regex\":{\"source\":\"decline\"}}}{\"controlType\":\"sap.m.Token\",\"viewName\":\"etm.portal.ui.managerequests.view.NewRequest\",\"properties\":{\"text\":\"tag1\"}}"}]}
COMMAND: GET /session/d5f272f198c3c1f43c195f4d238b9983/screenshot - {}
RESULT: {"script":"<script> [1562 bytes]","args":[{"selector":{"controlType":"sap.ui.core.Icon","viewName":"etm.portal.ui.managerequests.view.NewRequest","properties":{"src":{"regex":{"source":"decline"}}},"ancestor":{"controlType":"sap.m.Token","viewName":"etm.portal.ui.managerequests.view.NewRequest","properties":{"text":"tag1"}}},"wdio_ui5_key":"etmportal.ui.managerequests.view.NewRequestsap.ui.core.Icon{\"src\":{\"regex\":{\"source\":\"decline\"}}}{\"controlType\":\"sap.m.Token\",\"viewName\":\"etm.portal.ui.managerequests.view.NewRequest\",\"properties\":{\"text\":\"tag1\"}}"}]}
RESULT: undefined
RESULT: {}
COMMAND: POST /session/d5f272f198c3c1f43c195f4d238b9983/actions - {"actions":[{"id":"action12","type":"key","parameters":{},"actions":[{"type":"keyDown","value":"î€Œ"},{"type":"pause","duration":10},{"type":"keyUp","value":"î€Œ"}]}]}
RESULT: {"actions":[{"id":"action12","type":"key","parameters":{},"actions":[{"type":"keyDown","value":"î€Œ"},{"type":"pause","duration":10},{"type":"keyUp","value":"î€Œ"}]}]}
COMMAND: GET /session/d5f272f198c3c1f43c195f4d238b9983/screenshot - {}
RESULT: {}
RESULT: undefined
COMMAND: POST /session/d5f272f198c3c1f43c195f4d238b9983/execute/async - {"script":"<script> [6424 bytes]","args":[{"element-6066-11e4-a52e-4f735466cecf":"f.3CB17101AE25630290776882465A9E58.d.209E04C63E5DE135D79EEC9AFA57A63B.e.3034"},"getTokens",[]]}
RESULT: {"script":"<script> [6424 bytes]","args":[{"element-6066-11e4-a52e-4f735466cecf":"f.3CB17101AE25630290776882465A9E58.d.209E04C63E5DE135D79EEC9AFA57A63B.e.3034"},"getTokens",[]]}
RESULT: undefined
RESULT: undefined
COMMAND: POST /session/d5f272f198c3c1f43c195f4d238b9983/execute/async - {"script":"<script> [1562 bytes]","args":[{"selector":{"controlType":"sap.m.Button","viewName":"etm.portal.ui.managerequests.view.NewRequest","properties":{"text":"Items"},"interaction":{"idSuffix":"BDI-content"}},"wdio_ui5_key":"etmportal.ui.managerequests.view.NewRequestsap.m.Button{\"text\":\"Items\"}"}]}
RESULT: {"script":"<script> [1562 bytes]","args":[{"selector":{"controlType":"sap.m.Button","viewName":"etm.portal.ui.managerequests.view.NewRequest","properties":{"text":"Items"},"interaction":{"idSuffix":"BDI-content"}},"wdio_ui5_key":"etmportal.ui.managerequests.view.NewRequestsap.m.Button{\"text\":\"Items\"}"}]}
RESULT: undefined
COMMAND: POST /session/d5f272f198c3c1f43c195f4d238b9983/element - {"using":"xpath","value":"//*[@id=\"__xmlview59--newRequestPage-anchBar-__xmlview59--requestItemsSection-anchor\"]"}
RESULT: {"using":"xpath","value":"//*[@id=\"__xmlview59--newRequestPage-anchBar-__xmlview59--requestItemsSection-anchor\"]"}
COMMAND: POST /session/d5f272f198c3c1f43c195f4d238b9983/element/f.3CB17101AE25630290776882465A9E58.d.209E04C63E5DE135D79EEC9AFA57A63B.e.3070/click - {}
RESULT: {}
COMMAND: GET /session/d5f272f198c3c1f43c195f4d238b9983/screenshot - {}
RESULT: {}
COMMAND: POST /session/d5f272f198c3c1f43c195f4d238b9983/execute/async - {"script":"<script> [1562 bytes]","args":[{"selector":{"controlType":"sap.ui.core.Icon","viewName":"etm.portal.ui.managerequests.view.NewRequest","properties":{"src":{"regex":{"source":"inspect"}}}},"wdio_ui5_key":"etmportal.ui.managerequests.view.NewRequestsap.ui.core.Icon{\"src\":{\"regex\":{\"source\":\"inspect\"}}}"}]}
RESULT: {"script":"<script> [1562 bytes]","args":[{"selector":{"controlType":"sap.ui.core.Icon","viewName":"etm.portal.ui.managerequests.view.NewRequest","properties":{"src":{"regex":{"source":"inspect"}}}},"wdio_ui5_key":"etmportal.ui.managerequests.view.NewRequestsap.ui.core.Icon{\"src\":{\"regex\":{\"source\":\"inspect\"}}}"}]}
RESULT: undefined
COMMAND: POST /session/d5f272f198c3c1f43c195f4d238b9983/element - {"using":"xpath","value":"//*[@id=\"__button114-img\"]"}
RESULT: {"using":"xpath","value":"//*[@id=\"__button114-img\"]"}
COMMAND: POST /session/d5f272f198c3c1f43c195f4d238b9983/element/f.3CB17101AE25630290776882465A9E58.d.209E04C63E5DE135D79EEC9AFA57A63B.e.3075/click - {}
RESULT: {}
COMMAND: GET /session/d5f272f198c3c1f43c195f4d238b9983/screenshot - {}
RESULT: {}
COMMAND: POST /session/d5f272f198c3c1f43c195f4d238b9983/execute/async - {"script":"<script> [1562 bytes]","args":[{"selector":{"controlType":"sap.ui.core.Icon","viewName":"etm.portal.ui.managerequests.view.NewRequest","properties":{"src":{"regex":{"source":"add"}}}},"wdio_ui5_key":"etmportal.ui.managerequests.view.NewRequestsap.ui.core.Icon{\"src\":{\"regex\":{\"source\":\"add\"}}}"}]}
RESULT: {"script":"<script> [1562 bytes]","args":[{"selector":{"controlType":"sap.ui.core.Icon","viewName":"etm.portal.ui.managerequests.view.NewRequest","properties":{"src":{"regex":{"source":"add"}}}},"wdio_ui5_key":"etmportal.ui.managerequests.view.NewRequestsap.ui.core.Icon{\"src\":{\"regex\":{\"source\":\"add\"}}}"}]}
RESULT: undefined
COMMAND: POST /session/d5f272f198c3c1f43c195f4d238b9983/element - {"using":"xpath","value":"//*[@id=\"__xmlview59--btnAddTableRow-img\"]"}
RESULT: {"using":"xpath","value":"//*[@id=\"__xmlview59--btnAddTableRow-img\"]"}
COMMAND: POST /session/d5f272f198c3c1f43c195f4d238b9983/element/f.3CB17101AE25630290776882465A9E58.d.209E04C63E5DE135D79EEC9AFA57A63B.e.2891/click - {}
RESULT: {}
COMMAND: GET /session/d5f272f198c3c1f43c195f4d238b9983/screenshot - {}
RESULT: {}
COMMAND: POST /session/d5f272f198c3c1f43c195f4d238b9983/execute/async - {"script":"<script> [1562 bytes]","args":[{"selector":{"controlType":"sap.ui.unified.MenuItem","viewName":"etm.portal.ui.managerequests.view.NewRequest","i18NText":{"propertyName":"text","key":"standardEntry"},"searchOpenDialogs":true,"interaction":{"idSuffix":"txt"}},"wdio_ui5_key":"etmportal.ui.managerequests.view.NewRequestsap.ui.unified.MenuItem{\"propertyName\":\"text\",\"key\":\"standardEntry\"}"}]}
RESULT: {"script":"<script> [1562 bytes]","args":[{"selector":{"controlType":"sap.ui.unified.MenuItem","viewName":"etm.portal.ui.managerequests.view.NewRequest","i18NText":{"propertyName":"text","key":"standardEntry"},"searchOpenDialogs":true,"interaction":{"idSuffix":"txt"}},"wdio_ui5_key":"etmportal.ui.managerequests.view.NewRequestsap.ui.unified.MenuItem{\"propertyName\":\"text\",\"key\":\"standardEntry\"}"}]}
RESULT: undefined
COMMAND: POST /session/d5f272f198c3c1f43c195f4d238b9983/element - {"using":"xpath","value":"//*[@id=\"__item1559\"]"}
RESULT: {"using":"xpath","value":"//*[@id=\"__item1559\"]"}
COMMAND: POST /session/d5f272f198c3c1f43c195f4d238b9983/element/f.3CB17101AE25630290776882465A9E58.d.209E04C63E5DE135D79EEC9AFA57A63B.e.3083/click - {}
RESULT: {}
COMMAND: GET /session/d5f272f198c3c1f43c195f4d238b9983/screenshot - {}
RESULT: {}
RESULT: undefined
COMMAND: POST /session/d5f272f198c3c1f43c195f4d238b9983/element - {"using":"xpath","value":"//*[@id=\"__xmlview59--btnAddTableRow-img\"]"}
RESULT: {"using":"xpath","value":"//*[@id=\"__xmlview59--btnAddTableRow-img\"]"}
COMMAND: POST /session/d5f272f198c3c1f43c195f4d238b9983/element/f.3CB17101AE25630290776882465A9E58.d.209E04C63E5DE135D79EEC9AFA57A63B.e.2891/click - {}
RESULT: {}
COMMAND: GET /session/d5f272f198c3c1f43c195f4d238b9983/screenshot - {}
RESULT: {}
RESULT: undefined
COMMAND: POST /session/d5f272f198c3c1f43c195f4d238b9983/element - {"using":"xpath","value":"//*[@id=\"__item1559\"]"}
RESULT: {"using":"xpath","value":"//*[@id=\"__item1559\"]"}
COMMAND: POST /session/d5f272f198c3c1f43c195f4d238b9983/element/f.3CB17101AE25630290776882465A9E58.d.209E04C63E5DE135D79EEC9AFA57A63B.e.3104/click - {}
RESULT: {}
COMMAND: GET /session/d5f272f198c3c1f43c195f4d238b9983/screenshot - {}
RESULT: {}
COMMAND: POST /session/d5f272f198c3c1f43c195f4d238b9983/element - {"using":"xpath","value":"(//input[contains(@id ,\"requestItemsTable-0-inner\")])[5]"}
RESULT: {"using":"xpath","value":"(//input[contains(@id ,\"requestItemsTable-0-inner\")])[5]"}
COMMAND: POST /session/d5f272f198c3c1f43c195f4d238b9983/element/f.3CB17101AE25630290776882465A9E58.d.209E04C63E5DE135D79EEC9AFA57A63B.e.3095/clear - {}
RESULT: {}
COMMAND: POST /session/d5f272f198c3c1f43c195f4d238b9983/element/f.3CB17101AE25630290776882465A9E58.d.209E04C63E5DE135D79EEC9AFA57A63B.e.3095/value - {"text":"1000001"}
COMMAND: GET /session/d5f272f198c3c1f43c195f4d238b9983/screenshot - {}
RESULT: {"text":"1000001"}
COMMAND: GET /session/d5f272f198c3c1f43c195f4d238b9983/screenshot - {}
RESULT: {}
RESULT: {}
COMMAND: POST /session/d5f272f198c3c1f43c195f4d238b9983/actions - {"actions":[{"id":"action13","type":"key","parameters":{},"actions":[{"type":"keyDown","value":"î€‡"},{"type":"pause","duration":10},{"type":"keyUp","value":"î€‡"}]}]}
RESULT: {"actions":[{"id":"action13","type":"key","parameters":{},"actions":[{"type":"keyDown","value":"î€‡"},{"type":"pause","duration":10},{"type":"keyUp","value":"î€‡"}]}]}
COMMAND: POST /session/d5f272f198c3c1f43c195f4d238b9983/element - {"using":"xpath","value":"(//input[contains(@id ,\"requestItemsTable-1-inner\")])[5]"}
COMMAND: GET /session/d5f272f198c3c1f43c195f4d238b9983/screenshot - {}
RESULT: {"using":"xpath","value":"(//input[contains(@id ,\"requestItemsTable-1-inner\")])[5]"}
COMMAND: POST /session/d5f272f198c3c1f43c195f4d238b9983/element/f.3CB17101AE25630290776882465A9E58.d.209E04C63E5DE135D79EEC9AFA57A63B.e.3110/clear - {}
RESULT: {}
RESULT: {}
COMMAND: POST /session/d5f272f198c3c1f43c195f4d238b9983/element/f.3CB17101AE25630290776882465A9E58.d.209E04C63E5DE135D79EEC9AFA57A63B.e.3110/value - {"text":"1000002"}
COMMAND: GET /session/d5f272f198c3c1f43c195f4d238b9983/screenshot - {}
RESULT: {"text":"1000002"}
COMMAND: GET /session/d5f272f198c3c1f43c195f4d238b9983/screenshot - {}
RESULT: {}
RESULT: {}
COMMAND: POST /session/d5f272f198c3c1f43c195f4d238b9983/actions - {"actions":[{"id":"action14","type":"key","parameters":{},"actions":[{"type":"keyDown","value":"î€‡"},{"type":"pause","duration":10},{"type":"keyUp","value":"î€‡"}]}]}
RESULT: {"actions":[{"id":"action14","type":"key","parameters":{},"actions":[{"type":"keyDown","value":"î€‡"},{"type":"pause","duration":10},{"type":"keyUp","value":"î€‡"}]}]}
COMMAND: POST /session/d5f272f198c3c1f43c195f4d238b9983/execute/async - {"script":"<script> [1562 bytes]","args":[{"selector":{"controlType":"sap.m.Input","viewName":"etm.portal.ui.managerequests.view.NewRequest","bindingPath":{"path":"","propertyPath":"/Tags","modelName":"catalogModel"},"ancestor":{"controlType":"sap.m.ColumnListItem","viewName":"etm.portal.ui.managerequests.view.NewRequest","bindingPath":{"modelName":"newRequestItems","path":"/RequestItems/0"},"ancestor":{"id":"requestItemsTable","viewName":"etm.portal.ui.managerequests.view.NewRequest"}},"interaction":{"idSuffix":"inner"}},"wdio_ui5_key":"etmportal.ui.managerequests.view.NewRequestsap.m.Input{\"path\":\"\",\"propertyPath\":\"/Tags\",\"modelName\":\"catalogModel\"}{\"controlType\":\"sap.m.ColumnListItem\",\"viewName\":\"etm.portal.ui.managerequests.view.NewRequest\",\"bindingPath\":{\"modelName\":\"newRequestItems\",\"path\":\"/RequestItems/0\"},\"ancestor\":{\"id\":\"requestItemsTable\",\"viewName\":\"etm.portal.ui.managerequests.view.NewRequest\"}}"}]}
COMMAND: GET /session/d5f272f198c3c1f43c195f4d238b9983/screenshot - {}
RESULT: {"script":"<script> [1562 bytes]","args":[{"selector":{"controlType":"sap.m.Input","viewName":"etm.portal.ui.managerequests.view.NewRequest","bindingPath":{"path":"","propertyPath":"/Tags","modelName":"catalogModel"},"ancestor":{"controlType":"sap.m.ColumnListItem","viewName":"etm.portal.ui.managerequests.view.NewRequest","bindingPath":{"modelName":"newRequestItems","path":"/RequestItems/0"},"ancestor":{"id":"requestItemsTable","viewName":"etm.portal.ui.managerequests.view.NewRequest"}},"interaction":{"idSuffix":"inner"}},"wdio_ui5_key":"etmportal.ui.managerequests.view.NewRequestsap.m.Input{\"path\":\"\",\"propertyPath\":\"/Tags\",\"modelName\":\"catalogModel\"}{\"controlType\":\"sap.m.ColumnListItem\",\"viewName\":\"etm.portal.ui.managerequests.view.NewRequest\",\"bindingPath\":{\"modelName\":\"newRequestItems\",\"path\":\"/RequestItems/0\"},\"ancestor\":{\"id\":\"requestItemsTable\",\"viewName\":\"etm.portal.ui.managerequests.view.NewRequest\"}}"}]}
RESULT: undefined
COMMAND: POST /session/d5f272f198c3c1f43c195f4d238b9983/execute/async - {"script":"<script> [776 bytes]","args":[{"enterText":"tag1","selector":{"controlType":"sap.m.Input","viewName":"etm.portal.ui.managerequests.view.NewRequest","bindingPath":{"path":"","propertyPath":"/Tags","modelName":"catalogModel"},"ancestor":{"controlType":"sap.m.ColumnListItem","viewName":"etm.portal.ui.managerequests.view.NewRequest","bindingPath":{"modelName":"newRequestItems","path":"/RequestItems/0"},"ancestor":{"id":"requestItemsTable","viewName":"etm.portal.ui.managerequests.view.NewRequest"}},"interaction":{"idSuffix":"inner"}},"clearTextFirst":true,"interactionType":"ENTER_TEXT"}]}
RESULT: {}
RESULT: {"script":"<script> [776 bytes]","args":[{"enterText":"tag1","selector":{"controlType":"sap.m.Input","viewName":"etm.portal.ui.managerequests.view.NewRequest","bindingPath":{"path":"","propertyPath":"/Tags","modelName":"catalogModel"},"ancestor":{"controlType":"sap.m.ColumnListItem","viewName":"etm.portal.ui.managerequests.view.NewRequest","bindingPath":{"modelName":"newRequestItems","path":"/RequestItems/0"},"ancestor":{"id":"requestItemsTable","viewName":"etm.portal.ui.managerequests.view.NewRequest"}},"interaction":{"idSuffix":"inner"}},"clearTextFirst":true,"interactionType":"ENTER_TEXT"}]}
COMMAND: POST /session/d5f272f198c3c1f43c195f4d238b9983/actions - {"actions":[{"id":"action15","type":"key","parameters":{},"actions":[{"type":"keyDown","value":"î€‡"},{"type":"pause","duration":10},{"type":"keyUp","value":"î€‡"}]}]}
RESULT: {"actions":[{"id":"action15","type":"key","parameters":{},"actions":[{"type":"keyDown","value":"î€‡"},{"type":"pause","duration":10},{"type":"keyUp","value":"î€‡"}]}]}
RESULT: undefined
COMMAND: POST /session/d5f272f198c3c1f43c195f4d238b9983/execute/async - {"script":"<script> [776 bytes]","args":[{"enterText":"tag-duplicate","selector":{"controlType":"sap.m.Input","viewName":"etm.portal.ui.managerequests.view.NewRequest","bindingPath":{"path":"","propertyPath":"/Tags","modelName":"catalogModel"},"ancestor":{"controlType":"sap.m.ColumnListItem","viewName":"etm.portal.ui.managerequests.view.NewRequest","bindingPath":{"modelName":"newRequestItems","path":"/RequestItems/0"},"ancestor":{"id":"requestItemsTable","viewName":"etm.portal.ui.managerequests.view.NewRequest"}},"interaction":{"idSuffix":"inner"}},"clearTextFirst":true,"interactionType":"ENTER_TEXT"}]}
COMMAND: GET /session/d5f272f198c3c1f43c195f4d238b9983/screenshot - {}
RESULT: {"script":"<script> [776 bytes]","args":[{"enterText":"tag-duplicate","selector":{"controlType":"sap.m.Input","viewName":"etm.portal.ui.managerequests.view.NewRequest","bindingPath":{"path":"","propertyPath":"/Tags","modelName":"catalogModel"},"ancestor":{"controlType":"sap.m.ColumnListItem","viewName":"etm.portal.ui.managerequests.view.NewRequest","bindingPath":{"modelName":"newRequestItems","path":"/RequestItems/0"},"ancestor":{"id":"requestItemsTable","viewName":"etm.portal.ui.managerequests.view.NewRequest"}},"interaction":{"idSuffix":"inner"}},"clearTextFirst":true,"interactionType":"ENTER_TEXT"}]}
RESULT: {}
COMMAND: POST /session/d5f272f198c3c1f43c195f4d238b9983/actions - {"actions":[{"id":"action16","type":"key","parameters":{},"actions":[{"type":"keyDown","value":"î€‡"},{"type":"pause","duration":10},{"type":"keyUp","value":"î€‡"}]}]}
RESULT: {"actions":[{"id":"action16","type":"key","parameters":{},"actions":[{"type":"keyDown","value":"î€‡"},{"type":"pause","duration":10},{"type":"keyUp","value":"î€‡"}]}]}
COMMAND: GET /session/d5f272f198c3c1f43c195f4d238b9983/screenshot - {}
RESULT: {}
COMMAND: POST /session/d5f272f198c3c1f43c195f4d238b9983/execute/async - {"script":"<script> [1562 bytes]","args":[{"selector":{"controlType":"sap.m.Input","viewName":"etm.portal.ui.managerequests.view.NewRequest","bindingPath":{"path":"","propertyPath":"/Tags","modelName":"catalogModel"},"ancestor":{"controlType":"sap.m.ColumnListItem","viewName":"etm.portal.ui.managerequests.view.NewRequest","bindingPath":{"modelName":"newRequestItems","path":"/RequestItems/1"},"ancestor":{"id":"requestItemsTable","viewName":"etm.portal.ui.managerequests.view.NewRequest"}},"interaction":{"idSuffix":"inner"}},"wdio_ui5_key":"etmportal.ui.managerequests.view.NewRequestsap.m.Input{\"path\":\"\",\"propertyPath\":\"/Tags\",\"modelName\":\"catalogModel\"}{\"controlType\":\"sap.m.ColumnListItem\",\"viewName\":\"etm.portal.ui.managerequests.view.NewRequest\",\"bindingPath\":{\"modelName\":\"newRequestItems\",\"path\":\"/RequestItems/1\"},\"ancestor\":{\"id\":\"requestItemsTable\",\"viewName\":\"etm.portal.ui.managerequests.view.NewRequest\"}}"}]}
RESULT: {"script":"<script> [1562 bytes]","args":[{"selector":{"controlType":"sap.m.Input","viewName":"etm.portal.ui.managerequests.view.NewRequest","bindingPath":{"path":"","propertyPath":"/Tags","modelName":"catalogModel"},"ancestor":{"controlType":"sap.m.ColumnListItem","viewName":"etm.portal.ui.managerequests.view.NewRequest","bindingPath":{"modelName":"newRequestItems","path":"/RequestItems/1"},"ancestor":{"id":"requestItemsTable","viewName":"etm.portal.ui.managerequests.view.NewRequest"}},"interaction":{"idSuffix":"inner"}},"wdio_ui5_key":"etmportal.ui.managerequests.view.NewRequestsap.m.Input{\"path\":\"\",\"propertyPath\":\"/Tags\",\"modelName\":\"catalogModel\"}{\"controlType\":\"sap.m.ColumnListItem\",\"viewName\":\"etm.portal.ui.managerequests.view.NewRequest\",\"bindingPath\":{\"modelName\":\"newRequestItems\",\"path\":\"/RequestItems/1\"},\"ancestor\":{\"id\":\"requestItemsTable\",\"viewName\":\"etm.portal.ui.managerequests.view.NewRequest\"}}"}]}
RESULT: undefined
COMMAND: POST /session/d5f272f198c3c1f43c195f4d238b9983/execute/async - {"script":"<script> [776 bytes]","args":[{"enterText":"tag1","selector":{"controlType":"sap.m.Input","viewName":"etm.portal.ui.managerequests.view.NewRequest","bindingPath":{"path":"","propertyPath":"/Tags","modelName":"catalogModel"},"ancestor":{"controlType":"sap.m.ColumnListItem","viewName":"etm.portal.ui.managerequests.view.NewRequest","bindingPath":{"modelName":"newRequestItems","path":"/RequestItems/1"},"ancestor":{"id":"requestItemsTable","viewName":"etm.portal.ui.managerequests.view.NewRequest"}},"interaction":{"idSuffix":"inner"}},"clearTextFirst":true,"interactionType":"ENTER_TEXT"}]}
RESULT: {"script":"<script> [776 bytes]","args":[{"enterText":"tag1","selector":{"controlType":"sap.m.Input","viewName":"etm.portal.ui.managerequests.view.NewRequest","bindingPath":{"path":"","propertyPath":"/Tags","modelName":"catalogModel"},"ancestor":{"controlType":"sap.m.ColumnListItem","viewName":"etm.portal.ui.managerequests.view.NewRequest","bindingPath":{"modelName":"newRequestItems","path":"/RequestItems/1"},"ancestor":{"id":"requestItemsTable","viewName":"etm.portal.ui.managerequests.view.NewRequest"}},"interaction":{"idSuffix":"inner"}},"clearTextFirst":true,"interactionType":"ENTER_TEXT"}]}
COMMAND: POST /session/d5f272f198c3c1f43c195f4d238b9983/actions - {"actions":[{"id":"action17","type":"key","parameters":{},"actions":[{"type":"keyDown","value":"î€‡"},{"type":"pause","duration":10},{"type":"keyUp","value":"î€‡"}]}]}
RESULT: {"actions":[{"id":"action17","type":"key","parameters":{},"actions":[{"type":"keyDown","value":"î€‡"},{"type":"pause","duration":10},{"type":"keyUp","value":"î€‡"}]}]}
RESULT: undefined
COMMAND: POST /session/d5f272f198c3c1f43c195f4d238b9983/execute/async - {"script":"<script> [776 bytes]","args":[{"enterText":"tag-duplicate","selector":{"controlType":"sap.m.Input","viewName":"etm.portal.ui.managerequests.view.NewRequest","bindingPath":{"path":"","propertyPath":"/Tags","modelName":"catalogModel"},"ancestor":{"controlType":"sap.m.ColumnListItem","viewName":"etm.portal.ui.managerequests.view.NewRequest","bindingPath":{"modelName":"newRequestItems","path":"/RequestItems/1"},"ancestor":{"id":"requestItemsTable","viewName":"etm.portal.ui.managerequests.view.NewRequest"}},"interaction":{"idSuffix":"inner"}},"clearTextFirst":true,"interactionType":"ENTER_TEXT"}]}
COMMAND: GET /session/d5f272f198c3c1f43c195f4d238b9983/screenshot - {}
RESULT: {"script":"<script> [776 bytes]","args":[{"enterText":"tag-duplicate","selector":{"controlType":"sap.m.Input","viewName":"etm.portal.ui.managerequests.view.NewRequest","bindingPath":{"path":"","propertyPath":"/Tags","modelName":"catalogModel"},"ancestor":{"controlType":"sap.m.ColumnListItem","viewName":"etm.portal.ui.managerequests.view.NewRequest","bindingPath":{"modelName":"newRequestItems","path":"/RequestItems/1"},"ancestor":{"id":"requestItemsTable","viewName":"etm.portal.ui.managerequests.view.NewRequest"}},"interaction":{"idSuffix":"inner"}},"clearTextFirst":true,"interactionType":"ENTER_TEXT"}]}
RESULT: {}
COMMAND: POST /session/d5f272f198c3c1f43c195f4d238b9983/actions - {"actions":[{"id":"action18","type":"key","parameters":{},"actions":[{"type":"keyDown","value":"î€‡"},{"type":"pause","duration":10},{"type":"keyUp","value":"î€‡"}]}]}
RESULT: {"actions":[{"id":"action18","type":"key","parameters":{},"actions":[{"type":"keyDown","value":"î€‡"},{"type":"pause","duration":10},{"type":"keyUp","value":"î€‡"}]}]}
COMMAND: GET /session/d5f272f198c3c1f43c195f4d238b9983/screenshot - {}
RESULT: {}
COMMAND: POST /session/d5f272f198c3c1f43c195f4d238b9983/execute/async - {"script":"<script> [1562 bytes]","args":[{"selector":{"controlType":"sap.ui.core.Icon","viewName":"etm.portal.ui.managerequests.view.NewRequest","properties":{"src":{"regex":{"source":"slim\\-arrow\\-down"}}},"ancestor":{"controlType":"sap.m.Button","viewName":"etm.portal.ui.managerequests.view.NewRequest","properties":{"icon":"sap-icon://slim-arrow-down"}}},"wdio_ui5_key":"etmportal.ui.managerequests.view.NewRequestsap.ui.core.Icon{\"src\":{\"regex\":{\"source\":\"slim\\\\-arrow\\\\-down\"}}}{\"controlType\":\"sap.m.Button\",\"viewName\":\"etm.portal.ui.managerequests.view.NewRequest\",\"properties\":{\"icon\":\"sap-icon://slim-arrow-down\"}}"}]}
RESULT: {"script":"<script> [1562 bytes]","args":[{"selector":{"controlType":"sap.ui.core.Icon","viewName":"etm.portal.ui.managerequests.view.NewRequest","properties":{"src":{"regex":{"source":"slim\\-arrow\\-down"}}},"ancestor":{"controlType":"sap.m.Button","viewName":"etm.portal.ui.managerequests.view.NewRequest","properties":{"icon":"sap-icon://slim-arrow-down"}}},"wdio_ui5_key":"etmportal.ui.managerequests.view.NewRequestsap.ui.core.Icon{\"src\":{\"regex\":{\"source\":\"slim\\\\-arrow\\\\-down\"}}}{\"controlType\":\"sap.m.Button\",\"viewName\":\"etm.portal.ui.managerequests.view.NewRequest\",\"properties\":{\"icon\":\"sap-icon://slim-arrow-down\"}}"}]}
RESULT: undefined
COMMAND: POST /session/d5f272f198c3c1f43c195f4d238b9983/element - {"using":"xpath","value":"//*[@id=\"__title25-expandBtn-img\"]"}
RESULT: {"using":"xpath","value":"//*[@id=\"__title25-expandBtn-img\"]"}
COMMAND: POST /session/d5f272f198c3c1f43c195f4d238b9983/element/f.3CB17101AE25630290776882465A9E58.d.209E04C63E5DE135D79EEC9AFA57A63B.e.3155/click - {}
RESULT: {}
COMMAND: GET /session/d5f272f198c3c1f43c195f4d238b9983/screenshot - {}
RESULT: {}
COMMAND: POST /session/d5f272f198c3c1f43c195f4d238b9983/element - {"using":"xpath","value":"//div[contains(@data-kt ,\"splitAllocationObjectStatus\")]"}
RESULT: {"using":"xpath","value":"//div[contains(@data-kt ,\"splitAllocationObjectStatus\")]"}
COMMAND: POST /session/d5f272f198c3c1f43c195f4d238b9983/elements - {"using":"xpath","value":"//div[contains(@data-kt ,\"splitAllocationObjectStatus\")]"}
RESULT: {"using":"xpath","value":"//div[contains(@data-kt ,\"splitAllocationObjectStatus\")]"}
COMMAND: POST /session/d5f272f198c3c1f43c195f4d238b9983/execute/async - {"script":"<script> [1562 bytes]","args":[{"selector":{"controlType":"sap.ui.core.Icon","viewName":"etm.portal.ui.managerequests.view.NewRequest","properties":{"src":{"regex":{"source":"message\\-error"}}},"ancestor":{"controlType":"sap.m.ColumnListItem","viewName":"etm.portal.ui.managerequests.view.NewRequest","bindingPath":{"modelName":"newRequestItems","path":"/RequestItems/0"},"ancestor":{"id":"requestItemsTable","viewName":"etm.portal.ui.managerequests.view.NewRequest"}}},"wdio_ui5_key":"etmportal.ui.managerequests.view.NewRequestsap.ui.core.Icon{\"src\":{\"regex\":{\"source\":\"message\\\\-error\"}}}{\"controlType\":\"sap.m.ColumnListItem\",\"viewName\":\"etm.portal.ui.managerequests.view.NewRequest\",\"bindingPath\":{\"modelName\":\"newRequestItems\",\"path\":\"/RequestItems/0\"},\"ancestor\":{\"id\":\"requestItemsTable\",\"viewName\":\"etm.portal.ui.managerequests.view.NewRequest\"}}"}]}
RESULT: {"script":"<script> [1562 bytes]","args":[{"selector":{"controlType":"sap.ui.core.Icon","viewName":"etm.portal.ui.managerequests.view.NewRequest","properties":{"src":{"regex":{"source":"message\\-error"}}},"ancestor":{"controlType":"sap.m.ColumnListItem","viewName":"etm.portal.ui.managerequests.view.NewRequest","bindingPath":{"modelName":"newRequestItems","path":"/RequestItems/0"},"ancestor":{"id":"requestItemsTable","viewName":"etm.portal.ui.managerequests.view.NewRequest"}}},"wdio_ui5_key":"etmportal.ui.managerequests.view.NewRequestsap.ui.core.Icon{\"src\":{\"regex\":{\"source\":\"message\\\\-error\"}}}{\"controlType\":\"sap.m.ColumnListItem\",\"viewName\":\"etm.portal.ui.managerequests.view.NewRequest\",\"bindingPath\":{\"modelName\":\"newRequestItems\",\"path\":\"/RequestItems/0\"},\"ancestor\":{\"id\":\"requestItemsTable\",\"viewName\":\"etm.portal.ui.managerequests.view.NewRequest\"}}"}]}
RESULT: undefined
COMMAND: POST /session/d5f272f198c3c1f43c195f4d238b9983/element - {"using":"xpath","value":"//*[@id=\"__status6-__xmlview59--requestItemsTable-0-icon\"]"}
RESULT: {"using":"xpath","value":"//*[@id=\"__status6-__xmlview59--requestItemsTable-0-icon\"]"}
COMMAND: POST /session/d5f272f198c3c1f43c195f4d238b9983/element/f.3CB17101AE25630290776882465A9E58.d.209E04C63E5DE135D79EEC9AFA57A63B.e.3136/click - {}
RESULT: {}
COMMAND: GET /session/d5f272f198c3c1f43c195f4d238b9983/screenshot - {}
RESULT: {}
COMMAND: POST /session/d5f272f198c3c1f43c195f4d238b9983/execute/async - {"script":"<script> [1562 bytes]","args":[{"selector":{"id":"costObjectAdminTypeComboBox","viewName":"etm.portal.ui.managerequests.view.NewRequest","searchOpenDialogs":true,"interaction":{"idSuffix":"inner"}},"wdio_ui5_key":"costObjectAdminTypeComboBoxetmportal.ui.managerequests.view.NewRequest"}]}
RESULT: {"script":"<script> [1562 bytes]","args":[{"selector":{"id":"costObjectAdminTypeComboBox","viewName":"etm.portal.ui.managerequests.view.NewRequest","searchOpenDialogs":true,"interaction":{"idSuffix":"inner"}},"wdio_ui5_key":"costObjectAdminTypeComboBoxetmportal.ui.managerequests.view.NewRequest"}]}
RESULT: undefined
COMMAND: POST /session/d5f272f198c3c1f43c195f4d238b9983/execute/async - {"script":"<script> [776 bytes]","args":[{"enterText":"Cost Center","selector":{"id":"costObjectAdminTypeComboBox","viewName":"etm.portal.ui.managerequests.view.NewRequest","searchOpenDialogs":true,"interaction":{"idSuffix":"inner"}},"clearTextFirst":true,"interactionType":"ENTER_TEXT"}]}
RESULT: {"script":"<script> [776 bytes]","args":[{"enterText":"Cost Center","selector":{"id":"costObjectAdminTypeComboBox","viewName":"etm.portal.ui.managerequests.view.NewRequest","searchOpenDialogs":true,"interaction":{"idSuffix":"inner"}},"clearTextFirst":true,"interactionType":"ENTER_TEXT"}]}
COMMAND: POST /session/d5f272f198c3c1f43c195f4d238b9983/actions - {"actions":[{"id":"action19","type":"key","parameters":{},"actions":[{"type":"keyDown","value":"î€‡"},{"type":"pause","duration":10},{"type":"keyUp","value":"î€‡"}]}]}
RESULT: {"actions":[{"id":"action19","type":"key","parameters":{},"actions":[{"type":"keyDown","value":"î€‡"},{"type":"pause","duration":10},{"type":"keyUp","value":"î€‡"}]}]}
COMMAND: GET /session/d5f272f198c3c1f43c195f4d238b9983/screenshot - {}
RESULT: {}
COMMAND: POST /session/d5f272f198c3c1f43c195f4d238b9983/execute/async - {"script":"<script> [1562 bytes]","args":[{"selector":{"id":"costObjectIdComboBox","viewName":"etm.portal.ui.managerequests.view.NewRequest","searchOpenDialogs":true,"interaction":{"idSuffix":"inner"}},"wdio_ui5_key":"costObjectIdComboBoxetmportal.ui.managerequests.view.NewRequest"}]}
RESULT: {"script":"<script> [1562 bytes]","args":[{"selector":{"id":"costObjectIdComboBox","viewName":"etm.portal.ui.managerequests.view.NewRequest","searchOpenDialogs":true,"interaction":{"idSuffix":"inner"}},"wdio_ui5_key":"costObjectIdComboBoxetmportal.ui.managerequests.view.NewRequest"}]}
RESULT: undefined
COMMAND: POST /session/d5f272f198c3c1f43c195f4d238b9983/execute/async - {"script":"<script> [776 bytes]","args":[{"enterText":"1001 - 1001","selector":{"id":"costObjectIdComboBox","viewName":"etm.portal.ui.managerequests.view.NewRequest","searchOpenDialogs":true,"interaction":{"idSuffix":"inner"}},"clearTextFirst":true,"interactionType":"ENTER_TEXT"}]}
RESULT: {"script":"<script> [776 bytes]","args":[{"enterText":"1001 - 1001","selector":{"id":"costObjectIdComboBox","viewName":"etm.portal.ui.managerequests.view.NewRequest","searchOpenDialogs":true,"interaction":{"idSuffix":"inner"}},"clearTextFirst":true,"interactionType":"ENTER_TEXT"}]}
COMMAND: POST /session/d5f272f198c3c1f43c195f4d238b9983/actions - {"actions":[{"id":"action20","type":"key","parameters":{},"actions":[{"type":"keyDown","value":"î€‡"},{"type":"pause","duration":10},{"type":"keyUp","value":"î€‡"}]}]}
RESULT: {"actions":[{"id":"action20","type":"key","parameters":{},"actions":[{"type":"keyDown","value":"î€‡"},{"type":"pause","duration":10},{"type":"keyUp","value":"î€‡"}]}]}
COMMAND: GET /session/d5f272f198c3c1f43c195f4d238b9983/screenshot - {}
RESULT: {}
COMMAND: POST /session/d5f272f198c3c1f43c195f4d238b9983/element - {"using":"xpath","value":"(//bdi[(text() = 'Save' or . = 'Save')])[1]"}
RESULT: {"using":"xpath","value":"(//bdi[(text() = 'Save' or . = 'Save')])[1]"}
COMMAND: POST /session/d5f272f198c3c1f43c195f4d238b9983/element/f.3CB17101AE25630290776882465A9E58.d.209E04C63E5DE135D79EEC9AFA57A63B.e.3176/click - {}
RESULT: {}
COMMAND: POST /session/d5f272f198c3c1f43c195f4d238b9983/execute/async - {"script":"<script> [1562 bytes]","args":[{"selector":{"controlType":"sap.ui.core.Icon","viewName":"etm.portal.ui.managerequests.view.NewRequest","properties":{"src":{"regex":{"source":"message\\-error"}}},"ancestor":{"controlType":"sap.m.ColumnListItem","viewName":"etm.portal.ui.managerequests.view.NewRequest","bindingPath":{"modelName":"newRequestItems","path":"/RequestItems/1"},"ancestor":{"id":"requestItemsTable","viewName":"etm.portal.ui.managerequests.view.NewRequest"}}},"wdio_ui5_key":"etmportal.ui.managerequests.view.NewRequestsap.ui.core.Icon{\"src\":{\"regex\":{\"source\":\"message\\\\-error\"}}}{\"controlType\":\"sap.m.ColumnListItem\",\"viewName\":\"etm.portal.ui.managerequests.view.NewRequest\",\"bindingPath\":{\"modelName\":\"newRequestItems\",\"path\":\"/RequestItems/1\"},\"ancestor\":{\"id\":\"requestItemsTable\",\"viewName\":\"etm.portal.ui.managerequests.view.NewRequest\"}}"}]}
COMMAND: GET /session/d5f272f198c3c1f43c195f4d238b9983/screenshot - {}
RESULT: {"script":"<script> [1562 bytes]","args":[{"selector":{"controlType":"sap.ui.core.Icon","viewName":"etm.portal.ui.managerequests.view.NewRequest","properties":{"src":{"regex":{"source":"message\\-error"}}},"ancestor":{"controlType":"sap.m.ColumnListItem","viewName":"etm.portal.ui.managerequests.view.NewRequest","bindingPath":{"modelName":"newRequestItems","path":"/RequestItems/1"},"ancestor":{"id":"requestItemsTable","viewName":"etm.portal.ui.managerequests.view.NewRequest"}}},"wdio_ui5_key":"etmportal.ui.managerequests.view.NewRequestsap.ui.core.Icon{\"src\":{\"regex\":{\"source\":\"message\\\\-error\"}}}{\"controlType\":\"sap.m.ColumnListItem\",\"viewName\":\"etm.portal.ui.managerequests.view.NewRequest\",\"bindingPath\":{\"modelName\":\"newRequestItems\",\"path\":\"/RequestItems/1\"},\"ancestor\":{\"id\":\"requestItemsTable\",\"viewName\":\"etm.portal.ui.managerequests.view.NewRequest\"}}"}]}
RESULT: undefined
COMMAND: POST /session/d5f272f198c3c1f43c195f4d238b9983/element - {"using":"xpath","value":"//*[@id=\"__status6-__xmlview59--requestItemsTable-1-icon\"]"}
RESULT: {}
RESULT: {"using":"xpath","value":"//*[@id=\"__status6-__xmlview59--requestItemsTable-1-icon\"]"}
COMMAND: POST /session/d5f272f198c3c1f43c195f4d238b9983/element/f.3CB17101AE25630290776882465A9E58.d.209E04C63E5DE135D79EEC9AFA57A63B.e.3153/click - {}
RESULT: {}
COMMAND: GET /session/d5f272f198c3c1f43c195f4d238b9983/screenshot - {}
RESULT: {}
RESULT: undefined
COMMAND: POST /session/d5f272f198c3c1f43c195f4d238b9983/execute/async - {"script":"<script> [776 bytes]","args":[{"enterText":"Cost Center","selector":{"id":"costObjectAdminTypeComboBox","viewName":"etm.portal.ui.managerequests.view.NewRequest","searchOpenDialogs":true,"interaction":{"idSuffix":"inner"}},"clearTextFirst":true,"interactionType":"ENTER_TEXT"}]}
RESULT: {"script":"<script> [776 bytes]","args":[{"enterText":"Cost Center","selector":{"id":"costObjectAdminTypeComboBox","viewName":"etm.portal.ui.managerequests.view.NewRequest","searchOpenDialogs":true,"interaction":{"idSuffix":"inner"}},"clearTextFirst":true,"interactionType":"ENTER_TEXT"}]}
COMMAND: POST /session/d5f272f198c3c1f43c195f4d238b9983/actions - {"actions":[{"id":"action21","type":"key","parameters":{},"actions":[{"type":"keyDown","value":"î€‡"},{"type":"pause","duration":10},{"type":"keyUp","value":"î€‡"}]}]}
RESULT: {"actions":[{"id":"action21","type":"key","parameters":{},"actions":[{"type":"keyDown","value":"î€‡"},{"type":"pause","duration":10},{"type":"keyUp","value":"î€‡"}]}]}
COMMAND: GET /session/d5f272f198c3c1f43c195f4d238b9983/screenshot - {}
RESULT: {}
RESULT: undefined
COMMAND: POST /session/d5f272f198c3c1f43c195f4d238b9983/execute/async - {"script":"<script> [776 bytes]","args":[{"enterText":"1001 - 1001","selector":{"id":"costObjectIdComboBox","viewName":"etm.portal.ui.managerequests.view.NewRequest","searchOpenDialogs":true,"interaction":{"idSuffix":"inner"}},"clearTextFirst":true,"interactionType":"ENTER_TEXT"}]}
RESULT: {"script":"<script> [776 bytes]","args":[{"enterText":"1001 - 1001","selector":{"id":"costObjectIdComboBox","viewName":"etm.portal.ui.managerequests.view.NewRequest","searchOpenDialogs":true,"interaction":{"idSuffix":"inner"}},"clearTextFirst":true,"interactionType":"ENTER_TEXT"}]}
COMMAND: POST /session/d5f272f198c3c1f43c195f4d238b9983/actions - {"actions":[{"id":"action22","type":"key","parameters":{},"actions":[{"type":"keyDown","value":"î€‡"},{"type":"pause","duration":10},{"type":"keyUp","value":"î€‡"}]}]}
RESULT: {"actions":[{"id":"action22","type":"key","parameters":{},"actions":[{"type":"keyDown","value":"î€‡"},{"type":"pause","duration":10},{"type":"keyUp","value":"î€‡"}]}]}
COMMAND: GET /session/d5f272f198c3c1f43c195f4d238b9983/screenshot - {}
RESULT: {}
COMMAND: POST /session/d5f272f198c3c1f43c195f4d238b9983/element - {"using":"xpath","value":"(//bdi[(text() = 'Save' or . = 'Save')])[1]"}
RESULT: {"using":"xpath","value":"(//bdi[(text() = 'Save' or . = 'Save')])[1]"}
COMMAND: POST /session/d5f272f198c3c1f43c195f4d238b9983/element/f.3CB17101AE25630290776882465A9E58.d.209E04C63E5DE135D79EEC9AFA57A63B.e.3190/click - {}
RESULT: {}
COMMAND: POST /session/d5f272f198c3c1f43c195f4d238b9983/execute/async - {"script":"<script> [1562 bytes]","args":[{"selector":{"controlType":"sap.ui.core.Icon","viewName":"etm.portal.ui.managerequests.view.NewRequest","properties":{"src":{"regex":{"source":"decline"}}},"ancestor":{"controlType":"sap.m.Token","viewName":"etm.portal.ui.managerequests.view.NewRequest","bindingPath":{"path":"/RequestItems/0/TOKENS/0","propertyPath":"TAG","modelName":"newRequestItems"}}},"wdio_ui5_key":"etmportal.ui.managerequests.view.NewRequestsap.ui.core.Icon{\"src\":{\"regex\":{\"source\":\"decline\"}}}{\"controlType\":\"sap.m.Token\",\"viewName\":\"etm.portal.ui.managerequests.view.NewRequest\",\"bindingPath\":{\"path\":\"/RequestItems/0/TOKENS/0\",\"propertyPath\":\"TAG\",\"modelName\":\"newRequestItems\"}}"}]}
COMMAND: GET /session/d5f272f198c3c1f43c195f4d238b9983/screenshot - {}
RESULT: {"script":"<script> [1562 bytes]","args":[{"selector":{"controlType":"sap.ui.core.Icon","viewName":"etm.portal.ui.managerequests.view.NewRequest","properties":{"src":{"regex":{"source":"decline"}}},"ancestor":{"controlType":"sap.m.Token","viewName":"etm.portal.ui.managerequests.view.NewRequest","bindingPath":{"path":"/RequestItems/0/TOKENS/0","propertyPath":"TAG","modelName":"newRequestItems"}}},"wdio_ui5_key":"etmportal.ui.managerequests.view.NewRequestsap.ui.core.Icon{\"src\":{\"regex\":{\"source\":\"decline\"}}}{\"controlType\":\"sap.m.Token\",\"viewName\":\"etm.portal.ui.managerequests.view.NewRequest\",\"bindingPath\":{\"path\":\"/RequestItems/0/TOKENS/0\",\"propertyPath\":\"TAG\",\"modelName\":\"newRequestItems\"}}"}]}
RESULT: undefined
COMMAND: POST /session/d5f272f198c3c1f43c195f4d238b9983/element - {"using":"xpath","value":"//*[@id=\"__token7-__tokenizer62-__xmlview59--requestItemsTable-0-0-icon\"]"}
RESULT: {}
RESULT: {"using":"xpath","value":"//*[@id=\"__token7-__tokenizer62-__xmlview59--requestItemsTable-0-0-icon\"]"}
COMMAND: POST /session/d5f272f198c3c1f43c195f4d238b9983/element/f.3CB17101AE25630290776882465A9E58.d.209E04C63E5DE135D79EEC9AFA57A63B.e.3192/click - {}
RESULT: {}
COMMAND: GET /session/d5f272f198c3c1f43c195f4d238b9983/screenshot - {}
RESULT: {}
COMMAND: POST /session/d5f272f198c3c1f43c195f4d238b9983/actions - {"actions":[{"id":"action23","type":"key","parameters":{},"actions":[{"type":"keyDown","value":"î€Œ"},{"type":"pause","duration":10},{"type":"keyUp","value":"î€Œ"}]}]}
RESULT: {"actions":[{"id":"action23","type":"key","parameters":{},"actions":[{"type":"keyDown","value":"î€Œ"},{"type":"pause","duration":10},{"type":"keyUp","value":"î€Œ"}]}]}
COMMAND: GET /session/d5f272f198c3c1f43c195f4d238b9983/screenshot - {}
RESULT: {}
COMMAND: POST /session/d5f272f198c3c1f43c195f4d238b9983/execute/async - {"script":"<script> [1562 bytes]","args":[{"selector":{"controlType":"sap.m.Tokenizer","viewName":"etm.portal.ui.managerequests.view.NewRequest","bindingPath":{"path":"/RequestItems/0","propertyPath":"TOKENS","modelName":"newRequestItems"}},"wdio_ui5_key":"etmportal.ui.managerequests.view.NewRequestsap.m.Tokenizer{\"path\":\"/RequestItems/0\",\"propertyPath\":\"TOKENS\",\"modelName\":\"newRequestItems\"}"}]}
RESULT: {"script":"<script> [1562 bytes]","args":[{"selector":{"controlType":"sap.m.Tokenizer","viewName":"etm.portal.ui.managerequests.view.NewRequest","bindingPath":{"path":"/RequestItems/0","propertyPath":"TOKENS","modelName":"newRequestItems"}},"wdio_ui5_key":"etmportal.ui.managerequests.view.NewRequestsap.m.Tokenizer{\"path\":\"/RequestItems/0\",\"propertyPath\":\"TOKENS\",\"modelName\":\"newRequestItems\"}"}]}
RESULT: undefined
COMMAND: POST /session/d5f272f198c3c1f43c195f4d238b9983/execute/async - {"script":"<script> [6424 bytes]","args":[{"element-6066-11e4-a52e-4f735466cecf":"f.3CB17101AE25630290776882465A9E58.d.209E04C63E5DE135D79EEC9AFA57A63B.e.3198"},"getTokens",[]]}
RESULT: {"script":"<script> [6424 bytes]","args":[{"element-6066-11e4-a52e-4f735466cecf":"f.3CB17101AE25630290776882465A9E58.d.209E04C63E5DE135D79EEC9AFA57A63B.e.3198"},"getTokens",[]]}
COMMAND: POST /session/d5f272f198c3c1f43c195f4d238b9983/execute/async - {"script":"<script> [1562 bytes]","args":[{"wdio_ui5_key":"__token7-__tokenizer62-__xmlview59--requestItemsTable-0-0","selector":{"id":"__token7-__tokenizer62-__xmlview59--requestItemsTable-0-0"}}]}
RESULT: {"script":"<script> [1562 bytes]","args":[{"wdio_ui5_key":"__token7-__tokenizer62-__xmlview59--requestItemsTable-0-0","selector":{"id":"__token7-__tokenizer62-__xmlview59--requestItemsTable-0-0"}}]}
RESULT: undefined
RESULT: undefined
COMMAND: POST /session/d5f272f198c3c1f43c195f4d238b9983/execute/async - {"script":"<script> [776 bytes]","args":[{"enterText":"tagRequest1","selector":{"controlType":"sap.m.Input","viewName":"etm.portal.ui.managerequests.view.NewRequest","bindingPath":{"path":"","propertyPath":"/Tags","modelName":"catalogModel"},"ancestor":{"controlType":"sap.m.ColumnListItem","viewName":"etm.portal.ui.managerequests.view.NewRequest","bindingPath":{"modelName":"newRequestItems","path":"/RequestItems/0"},"ancestor":{"id":"requestItemsTable","viewName":"etm.portal.ui.managerequests.view.NewRequest"}},"interaction":{"idSuffix":"inner"}},"clearTextFirst":true,"interactionType":"ENTER_TEXT"}]}
RESULT: {"script":"<script> [776 bytes]","args":[{"enterText":"tagRequest1","selector":{"controlType":"sap.m.Input","viewName":"etm.portal.ui.managerequests.view.NewRequest","bindingPath":{"path":"","propertyPath":"/Tags","modelName":"catalogModel"},"ancestor":{"controlType":"sap.m.ColumnListItem","viewName":"etm.portal.ui.managerequests.view.NewRequest","bindingPath":{"modelName":"newRequestItems","path":"/RequestItems/0"},"ancestor":{"id":"requestItemsTable","viewName":"etm.portal.ui.managerequests.view.NewRequest"}},"interaction":{"idSuffix":"inner"}},"clearTextFirst":true,"interactionType":"ENTER_TEXT"}]}
COMMAND: POST /session/d5f272f198c3c1f43c195f4d238b9983/actions - {"actions":[{"id":"action24","type":"key","parameters":{},"actions":[{"type":"keyDown","value":"î€‡"},{"type":"pause","duration":10},{"type":"keyUp","value":"î€‡"}]}]}
RESULT: {"actions":[{"id":"action24","type":"key","parameters":{},"actions":[{"type":"keyDown","value":"î€‡"},{"type":"pause","duration":10},{"type":"keyUp","value":"î€‡"}]}]}
COMMAND: GET /session/d5f272f198c3c1f43c195f4d238b9983/screenshot - {}
RESULT: {}
RESULT: undefined
COMMAND: POST /session/d5f272f198c3c1f43c195f4d238b9983/execute/async - {"script":"<script> [6424 bytes]","args":[{"element-6066-11e4-a52e-4f735466cecf":"f.3CB17101AE25630290776882465A9E58.d.209E04C63E5DE135D79EEC9AFA57A63B.e.3198"},"getTokens",[]]}
RESULT: {"script":"<script> [6424 bytes]","args":[{"element-6066-11e4-a52e-4f735466cecf":"f.3CB17101AE25630290776882465A9E58.d.209E04C63E5DE135D79EEC9AFA57A63B.e.3198"},"getTokens",[]]}
COMMAND: POST /session/d5f272f198c3c1f43c195f4d238b9983/execute/async - {"script":"<script> [1562 bytes]","args":[{"wdio_ui5_key":"__token7-__tokenizer62-__xmlview59--requestItemsTable-0-1","selector":{"id":"__token7-__tokenizer62-__xmlview59--requestItemsTable-0-1"}}]}
RESULT: undefined
RESULT: {"script":"<script> [1562 bytes]","args":[{"wdio_ui5_key":"__token7-__tokenizer62-__xmlview59--requestItemsTable-0-1","selector":{"id":"__token7-__tokenizer62-__xmlview59--requestItemsTable-0-1"}}]}
RESULT: undefined
COMMAND: POST /session/d5f272f198c3c1f43c195f4d238b9983/execute/async - {"script":"<script> [1562 bytes]","args":[{"selector":{"controlType":"sap.ui.core.Icon","viewName":"etm.portal.ui.managerequests.view.NewRequest","properties":{"src":{"regex":{"source":"decline"}}},"ancestor":{"controlType":"sap.m.Token","viewName":"etm.portal.ui.managerequests.view.NewRequest","bindingPath":{"path":"/RequestItems/1/TOKENS/0","propertyPath":"TAG","modelName":"newRequestItems"}}},"wdio_ui5_key":"etmportal.ui.managerequests.view.NewRequestsap.ui.core.Icon{\"src\":{\"regex\":{\"source\":\"decline\"}}}{\"controlType\":\"sap.m.Token\",\"viewName\":\"etm.portal.ui.managerequests.view.NewRequest\",\"bindingPath\":{\"path\":\"/RequestItems/1/TOKENS/0\",\"propertyPath\":\"TAG\",\"modelName\":\"newRequestItems\"}}"}]}
RESULT: {"script":"<script> [1562 bytes]","args":[{"selector":{"controlType":"sap.ui.core.Icon","viewName":"etm.portal.ui.managerequests.view.NewRequest","properties":{"src":{"regex":{"source":"decline"}}},"ancestor":{"controlType":"sap.m.Token","viewName":"etm.portal.ui.managerequests.view.NewRequest","bindingPath":{"path":"/RequestItems/1/TOKENS/0","propertyPath":"TAG","modelName":"newRequestItems"}}},"wdio_ui5_key":"etmportal.ui.managerequests.view.NewRequestsap.ui.core.Icon{\"src\":{\"regex\":{\"source\":\"decline\"}}}{\"controlType\":\"sap.m.Token\",\"viewName\":\"etm.portal.ui.managerequests.view.NewRequest\",\"bindingPath\":{\"path\":\"/RequestItems/1/TOKENS/0\",\"propertyPath\":\"TAG\",\"modelName\":\"newRequestItems\"}}"}]}
RESULT: undefined
COMMAND: POST /session/d5f272f198c3c1f43c195f4d238b9983/element - {"using":"xpath","value":"//*[@id=\"__token7-__tokenizer62-__xmlview59--requestItemsTable-1-0-icon\"]"}
RESULT: {"using":"xpath","value":"//*[@id=\"__token7-__tokenizer62-__xmlview59--requestItemsTable-1-0-icon\"]"}
COMMAND: POST /session/d5f272f198c3c1f43c195f4d238b9983/element/f.3CB17101AE25630290776882465A9E58.d.209E04C63E5DE135D79EEC9AFA57A63B.e.3200/click - {}
RESULT: {}
COMMAND: GET /session/d5f272f198c3c1f43c195f4d238b9983/screenshot - {}
RESULT: {}
COMMAND: POST /session/d5f272f198c3c1f43c195f4d238b9983/actions - {"actions":[{"id":"action25","type":"key","parameters":{},"actions":[{"type":"keyDown","value":"î€Œ"},{"type":"pause","duration":10},{"type":"keyUp","value":"î€Œ"}]}]}
RESULT: {"actions":[{"id":"action25","type":"key","parameters":{},"actions":[{"type":"keyDown","value":"î€Œ"},{"type":"pause","duration":10},{"type":"keyUp","value":"î€Œ"}]}]}
COMMAND: GET /session/d5f272f198c3c1f43c195f4d238b9983/screenshot - {}
RESULT: {}
COMMAND: POST /session/d5f272f198c3c1f43c195f4d238b9983/execute/async - {"script":"<script> [1562 bytes]","args":[{"selector":{"controlType":"sap.m.Tokenizer","viewName":"etm.portal.ui.managerequests.view.NewRequest","bindingPath":{"path":"/RequestItems/1","propertyPath":"TOKENS","modelName":"newRequestItems"}},"wdio_ui5_key":"etmportal.ui.managerequests.view.NewRequestsap.m.Tokenizer{\"path\":\"/RequestItems/1\",\"propertyPath\":\"TOKENS\",\"modelName\":\"newRequestItems\"}"}]}
RESULT: {"script":"<script> [1562 bytes]","args":[{"selector":{"controlType":"sap.m.Tokenizer","viewName":"etm.portal.ui.managerequests.view.NewRequest","bindingPath":{"path":"/RequestItems/1","propertyPath":"TOKENS","modelName":"newRequestItems"}},"wdio_ui5_key":"etmportal.ui.managerequests.view.NewRequestsap.m.Tokenizer{\"path\":\"/RequestItems/1\",\"propertyPath\":\"TOKENS\",\"modelName\":\"newRequestItems\"}"}]}
RESULT: undefined
COMMAND: POST /session/d5f272f198c3c1f43c195f4d238b9983/execute/async - {"script":"<script> [6424 bytes]","args":[{"element-6066-11e4-a52e-4f735466cecf":"f.3CB17101AE25630290776882465A9E58.d.209E04C63E5DE135D79EEC9AFA57A63B.e.3206"},"getTokens",[]]}
RESULT: {"script":"<script> [6424 bytes]","args":[{"element-6066-11e4-a52e-4f735466cecf":"f.3CB17101AE25630290776882465A9E58.d.209E04C63E5DE135D79EEC9AFA57A63B.e.3206"},"getTokens",[]]}
COMMAND: POST /session/d5f272f198c3c1f43c195f4d238b9983/execute/async - {"script":"<script> [1562 bytes]","args":[{"wdio_ui5_key":"__token7-__tokenizer62-__xmlview59--requestItemsTable-1-0","selector":{"id":"__token7-__tokenizer62-__xmlview59--requestItemsTable-1-0"}}]}
RESULT: {"script":"<script> [1562 bytes]","args":[{"wdio_ui5_key":"__token7-__tokenizer62-__xmlview59--requestItemsTable-1-0","selector":{"id":"__token7-__tokenizer62-__xmlview59--requestItemsTable-1-0"}}]}
RESULT: undefined
RESULT: undefined
COMMAND: POST /session/d5f272f198c3c1f43c195f4d238b9983/execute/async - {"script":"<script> [776 bytes]","args":[{"enterText":"tagRequest1","selector":{"controlType":"sap.m.Input","viewName":"etm.portal.ui.managerequests.view.NewRequest","bindingPath":{"path":"","propertyPath":"/Tags","modelName":"catalogModel"},"ancestor":{"controlType":"sap.m.ColumnListItem","viewName":"etm.portal.ui.managerequests.view.NewRequest","bindingPath":{"modelName":"newRequestItems","path":"/RequestItems/1"},"ancestor":{"id":"requestItemsTable","viewName":"etm.portal.ui.managerequests.view.NewRequest"}},"interaction":{"idSuffix":"inner"}},"clearTextFirst":true,"interactionType":"ENTER_TEXT"}]}
RESULT: {"script":"<script> [776 bytes]","args":[{"enterText":"tagRequest1","selector":{"controlType":"sap.m.Input","viewName":"etm.portal.ui.managerequests.view.NewRequest","bindingPath":{"path":"","propertyPath":"/Tags","modelName":"catalogModel"},"ancestor":{"controlType":"sap.m.ColumnListItem","viewName":"etm.portal.ui.managerequests.view.NewRequest","bindingPath":{"modelName":"newRequestItems","path":"/RequestItems/1"},"ancestor":{"id":"requestItemsTable","viewName":"etm.portal.ui.managerequests.view.NewRequest"}},"interaction":{"idSuffix":"inner"}},"clearTextFirst":true,"interactionType":"ENTER_TEXT"}]}
COMMAND: POST /session/d5f272f198c3c1f43c195f4d238b9983/actions - {"actions":[{"id":"action26","type":"key","parameters":{},"actions":[{"type":"keyDown","value":"î€‡"},{"type":"pause","duration":10},{"type":"keyUp","value":"î€‡"}]}]}
RESULT: {"actions":[{"id":"action26","type":"key","parameters":{},"actions":[{"type":"keyDown","value":"î€‡"},{"type":"pause","duration":10},{"type":"keyUp","value":"î€‡"}]}]}
COMMAND: GET /session/d5f272f198c3c1f43c195f4d238b9983/screenshot - {}
RESULT: {}
RESULT: undefined
COMMAND: POST /session/d5f272f198c3c1f43c195f4d238b9983/execute/async - {"script":"<script> [6424 bytes]","args":[{"element-6066-11e4-a52e-4f735466cecf":"f.3CB17101AE25630290776882465A9E58.d.209E04C63E5DE135D79EEC9AFA57A63B.e.3206"},"getTokens",[]]}
RESULT: {"script":"<script> [6424 bytes]","args":[{"element-6066-11e4-a52e-4f735466cecf":"f.3CB17101AE25630290776882465A9E58.d.209E04C63E5DE135D79EEC9AFA57A63B.e.3206"},"getTokens",[]]}
COMMAND: POST /session/d5f272f198c3c1f43c195f4d238b9983/execute/async - {"script":"<script> [1562 bytes]","args":[{"wdio_ui5_key":"__token7-__tokenizer62-__xmlview59--requestItemsTable-1-1","selector":{"id":"__token7-__tokenizer62-__xmlview59--requestItemsTable-1-1"}}]}
RESULT: undefined
RESULT: {"script":"<script> [1562 bytes]","args":[{"wdio_ui5_key":"__token7-__tokenizer62-__xmlview59--requestItemsTable-1-1","selector":{"id":"__token7-__tokenizer62-__xmlview59--requestItemsTable-1-1"}}]}
RESULT: undefined
COMMAND: POST /session/d5f272f198c3c1f43c195f4d238b9983/execute/async - {"script":"<script> [1562 bytes]","args":[{"selector":{"controlType":"sap.m.Button","viewName":"etm.portal.ui.managerequests.view.NewRequest","properties":{"text":"Save"},"i18NText":{"propertyName":"tooltip","key":"save"},"interaction":{"idSuffix":"BDI-content"}},"wdio_ui5_key":"etmportal.ui.managerequests.view.NewRequestsap.m.Button{\"propertyName\":\"tooltip\",\"key\":\"save\"}{\"text\":\"Save\"}"}]}
RESULT: {"script":"<script> [1562 bytes]","args":[{"selector":{"controlType":"sap.m.Button","viewName":"etm.portal.ui.managerequests.view.NewRequest","properties":{"text":"Save"},"i18NText":{"propertyName":"tooltip","key":"save"},"interaction":{"idSuffix":"BDI-content"}},"wdio_ui5_key":"etmportal.ui.managerequests.view.NewRequestsap.m.Button{\"propertyName\":\"tooltip\",\"key\":\"save\"}{\"text\":\"Save\"}"}]}
RESULT: undefined
COMMAND: POST /session/d5f272f198c3c1f43c195f4d238b9983/element - {"using":"xpath","value":"//*[@id=\"__button117\"]"}
RESULT: {"using":"xpath","value":"//*[@id=\"__button117\"]"}
COMMAND: POST /session/d5f272f198c3c1f43c195f4d238b9983/element/f.3CB17101AE25630290776882465A9E58.d.209E04C63E5DE135D79EEC9AFA57A63B.e.3004/click - {}
RESULT: {}
COMMAND: GET /session/d5f272f198c3c1f43c195f4d238b9983/screenshot - {}
RESULT: {}
COMMAND: POST /session/d5f272f198c3c1f43c195f4d238b9983/element - {"using":"xpath","value":"//bdi[contains(@id ,\"BDI-content\")][contains(text(), \"Close\")]"}
RESULT: {"using":"xpath","value":"//bdi[contains(@id ,\"BDI-content\")][contains(text(), \"Close\")]"}
COMMAND: POST /session/d5f272f198c3c1f43c195f4d238b9983/element/f.3CB17101AE25630290776882465A9E58.d.209E04C63E5DE135D79EEC9AFA57A63B.e.3214/click - {}
RESULT: {}
COMMAND: GET /session/d5f272f198c3c1f43c195f4d238b9983/screenshot - {}
RESULT: {}
]]></system-out>
    </testcase>
    <testcase classname="chrome.135_0_7049_96.windows.Manage_Requests_Tags_Tests_US120163" name="Should Edit Request Tags" time="98.138">
      <system-out><![CDATA[
COMMAND: POST /session/d5f272f198c3c1f43c195f4d238b9983/execute/async - {"script":"<script> [1562 bytes]","args":[{"selector":{"controlType":"sap.ui.core.Icon","viewName":"etm.portal.ui.managerequests.view.Detail","properties":{"src":{"regex":{"source":"overflow"}}}},"wdio_ui5_key":"etmportal.ui.managerequests.view.Detailsap.ui.core.Icon{\"src\":{\"regex\":{\"source\":\"overflow\"}}}"}]}
RESULT: {"script":"<script> [1562 bytes]","args":[{"selector":{"controlType":"sap.ui.core.Icon","viewName":"etm.portal.ui.managerequests.view.Detail","properties":{"src":{"regex":{"source":"overflow"}}}},"wdio_ui5_key":"etmportal.ui.managerequests.view.Detailsap.ui.core.Icon{\"src\":{\"regex\":{\"source\":\"overflow\"}}}"}]}
RESULT: undefined
COMMAND: POST /session/d5f272f198c3c1f43c195f4d238b9983/element - {"using":"xpath","value":"//*[@id=\"__xmlview60--detailHeaderTitle-_actionsToolbar-overflowButton-img\"]"}
RESULT: {"using":"xpath","value":"//*[@id=\"__xmlview60--detailHeaderTitle-_actionsToolbar-overflowButton-img\"]"}
COMMAND: POST /session/d5f272f198c3c1f43c195f4d238b9983/element/f.3CB17101AE25630290776882465A9E58.d.209E04C63E5DE135D79EEC9AFA57A63B.e.3337/click - {}
RESULT: {}
COMMAND: GET /session/d5f272f198c3c1f43c195f4d238b9983/screenshot - {}
RESULT: {}
COMMAND: POST /session/d5f272f198c3c1f43c195f4d238b9983/execute/async - {"script":"<script> [1562 bytes]","args":[{"selector":{"controlType":"sap.uxap.ObjectPageHeaderActionButton","viewName":"etm.portal.ui.managerequests.view.Detail","i18NText":{"propertyName":"text","key":"edit"},"searchOpenDialogs":true,"interaction":{"idSuffix":"inner"}},"wdio_ui5_key":"etmportal.ui.managerequests.view.Detailsap.uxap.ObjectPageHeaderActionButton{\"propertyName\":\"text\",\"key\":\"edit\"}"}]}
RESULT: {"script":"<script> [1562 bytes]","args":[{"selector":{"controlType":"sap.uxap.ObjectPageHeaderActionButton","viewName":"etm.portal.ui.managerequests.view.Detail","i18NText":{"propertyName":"text","key":"edit"},"searchOpenDialogs":true,"interaction":{"idSuffix":"inner"}},"wdio_ui5_key":"etmportal.ui.managerequests.view.Detailsap.uxap.ObjectPageHeaderActionButton{\"propertyName\":\"text\",\"key\":\"edit\"}"}]}
RESULT: undefined
COMMAND: POST /session/d5f272f198c3c1f43c195f4d238b9983/element - {"using":"xpath","value":"//*[@id=\"__button138\"]"}
RESULT: {"using":"xpath","value":"//*[@id=\"__button138\"]"}
COMMAND: POST /session/d5f272f198c3c1f43c195f4d238b9983/element/f.3CB17101AE25630290776882465A9E58.d.209E04C63E5DE135D79EEC9AFA57A63B.e.3339/click - {}
RESULT: {}
COMMAND: GET /session/d5f272f198c3c1f43c195f4d238b9983/screenshot - {}
RESULT: {}
COMMAND: POST /session/d5f272f198c3c1f43c195f4d238b9983/execute/async - {"script":"<script> [1562 bytes]","args":[{"selector":{"controlType":"sap.ui.core.Icon","viewName":"etm.portal.ui.managerequests.view.Edit","properties":{"src":{"regex":{"source":"decline"}}},"ancestor":{"controlType":"sap.m.Token","viewName":"etm.portal.ui.managerequests.view.Edit","bindingPath":{"propertyPath":"TAG","modelName":"catalogModel"},"properties":{"text":"RefTag"}}},"wdio_ui5_key":"etmportal.ui.managerequests.view.Editsap.ui.core.Icon{\"src\":{\"regex\":{\"source\":\"decline\"}}}{\"controlType\":\"sap.m.Token\",\"viewName\":\"etm.portal.ui.managerequests.view.Edit\",\"bindingPath\":{\"propertyPath\":\"TAG\",\"modelName\":\"catalogModel\"},\"properties\":{\"text\":\"RefTag\"}}"}]}
RESULT: {"script":"<script> [1562 bytes]","args":[{"selector":{"controlType":"sap.ui.core.Icon","viewName":"etm.portal.ui.managerequests.view.Edit","properties":{"src":{"regex":{"source":"decline"}}},"ancestor":{"controlType":"sap.m.Token","viewName":"etm.portal.ui.managerequests.view.Edit","bindingPath":{"propertyPath":"TAG","modelName":"catalogModel"},"properties":{"text":"RefTag"}}},"wdio_ui5_key":"etmportal.ui.managerequests.view.Editsap.ui.core.Icon{\"src\":{\"regex\":{\"source\":\"decline\"}}}{\"controlType\":\"sap.m.Token\",\"viewName\":\"etm.portal.ui.managerequests.view.Edit\",\"bindingPath\":{\"propertyPath\":\"TAG\",\"modelName\":\"catalogModel\"},\"properties\":{\"text\":\"RefTag\"}}"}]}
RESULT: undefined
COMMAND: POST /session/d5f272f198c3c1f43c195f4d238b9983/element - {"using":"xpath","value":"//*[@id=\"__token13-__tokenizer64-0-icon\"]"}
RESULT: {"using":"xpath","value":"//*[@id=\"__token13-__tokenizer64-0-icon\"]"}
COMMAND: POST /session/d5f272f198c3c1f43c195f4d238b9983/element/f.3CB17101AE25630290776882465A9E58.d.209E04C63E5DE135D79EEC9AFA57A63B.e.3460/click - {}
RESULT: {}
COMMAND: POST /session/d5f272f198c3c1f43c195f4d238b9983/execute/async - {"script":"<script> [1562 bytes]","args":[{"selector":{"id":"tagMultiInputRequests","viewName":"etm.portal.ui.managerequests.view.Edit","interaction":{"idSuffix":"inner"}},"wdio_ui5_key":"tagMultiInputRequestsetmportal.ui.managerequests.view.Edit"}]}
COMMAND: GET /session/d5f272f198c3c1f43c195f4d238b9983/screenshot - {}
RESULT: {"script":"<script> [1562 bytes]","args":[{"selector":{"id":"tagMultiInputRequests","viewName":"etm.portal.ui.managerequests.view.Edit","interaction":{"idSuffix":"inner"}},"wdio_ui5_key":"tagMultiInputRequestsetmportal.ui.managerequests.view.Edit"}]}
RESULT: undefined
COMMAND: POST /session/d5f272f198c3c1f43c195f4d238b9983/execute/async - {"script":"<script> [6424 bytes]","args":[{"element-6066-11e4-a52e-4f735466cecf":"f.3CB17101AE25630290776882465A9E58.d.209E04C63E5DE135D79EEC9AFA57A63B.e.3375"},"getTokens",[]]}
RESULT: {}
RESULT: {"script":"<script> [6424 bytes]","args":[{"element-6066-11e4-a52e-4f735466cecf":"f.3CB17101AE25630290776882465A9E58.d.209E04C63E5DE135D79EEC9AFA57A63B.e.3375"},"getTokens",[]]}
COMMAND: POST /session/d5f272f198c3c1f43c195f4d238b9983/execute/async - {"script":"<script> [1562 bytes]","args":[{"wdio_ui5_key":"__token13-__tokenizer64-1","selector":{"id":"__token13-__tokenizer64-1"}}]}
RESULT: {"script":"<script> [1562 bytes]","args":[{"wdio_ui5_key":"__token13-__tokenizer64-1","selector":{"id":"__token13-__tokenizer64-1"}}]}
RESULT: undefined
RESULT: undefined
COMMAND: POST /session/d5f272f198c3c1f43c195f4d238b9983/execute/async - {"script":"<script> [776 bytes]","args":[{"enterText":"RefTag","selector":{"id":"tagMultiInputRequests","viewName":"etm.portal.ui.managerequests.view.Edit","interaction":{"idSuffix":"inner"}},"clearTextFirst":true,"interactionType":"ENTER_TEXT"}]}
RESULT: {"script":"<script> [776 bytes]","args":[{"enterText":"RefTag","selector":{"id":"tagMultiInputRequests","viewName":"etm.portal.ui.managerequests.view.Edit","interaction":{"idSuffix":"inner"}},"clearTextFirst":true,"interactionType":"ENTER_TEXT"}]}
COMMAND: POST /session/d5f272f198c3c1f43c195f4d238b9983/actions - {"actions":[{"id":"action27","type":"key","parameters":{},"actions":[{"type":"keyDown","value":"î€‡"},{"type":"pause","duration":10},{"type":"keyUp","value":"î€‡"}]}]}
RESULT: {"actions":[{"id":"action27","type":"key","parameters":{},"actions":[{"type":"keyDown","value":"î€‡"},{"type":"pause","duration":10},{"type":"keyUp","value":"î€‡"}]}]}
COMMAND: GET /session/d5f272f198c3c1f43c195f4d238b9983/screenshot - {}
RESULT: {}
RESULT: undefined
COMMAND: POST /session/d5f272f198c3c1f43c195f4d238b9983/execute/async - {"script":"<script> [6424 bytes]","args":[{"element-6066-11e4-a52e-4f735466cecf":"f.3CB17101AE25630290776882465A9E58.d.209E04C63E5DE135D79EEC9AFA57A63B.e.3375"},"getTokens",[]]}
RESULT: {"script":"<script> [6424 bytes]","args":[{"element-6066-11e4-a52e-4f735466cecf":"f.3CB17101AE25630290776882465A9E58.d.209E04C63E5DE135D79EEC9AFA57A63B.e.3375"},"getTokens",[]]}
COMMAND: POST /session/d5f272f198c3c1f43c195f4d238b9983/execute/async - {"script":"<script> [1562 bytes]","args":[{"wdio_ui5_key":"__token16","selector":{"id":"__token16"}}]}
RESULT: undefined
RESULT: {"script":"<script> [1562 bytes]","args":[{"wdio_ui5_key":"__token16","selector":{"id":"__token16"}}]}
RESULT: undefined
COMMAND: POST /session/d5f272f198c3c1f43c195f4d238b9983/execute/async - {"script":"<script> [1562 bytes]","args":[{"selector":{"controlType":"sap.m.Button","viewName":"etm.portal.ui.managerequests.view.Edit","properties":{"text":"Items (2)"},"interaction":{"idSuffix":"BDI-content"}},"wdio_ui5_key":"etmportal.ui.managerequests.view.Editsap.m.Button{\"text\":\"Items (2)\"}"}]}
RESULT: {"script":"<script> [1562 bytes]","args":[{"selector":{"controlType":"sap.m.Button","viewName":"etm.portal.ui.managerequests.view.Edit","properties":{"text":"Items (2)"},"interaction":{"idSuffix":"BDI-content"}},"wdio_ui5_key":"etmportal.ui.managerequests.view.Editsap.m.Button{\"text\":\"Items (2)\"}"}]}
RESULT: undefined
COMMAND: POST /session/d5f272f198c3c1f43c195f4d238b9983/element - {"using":"xpath","value":"//*[@id=\"__xmlview61--editRequestPage-anchBar-__xmlview61--requestItemsSection-anchor\"]"}
RESULT: {"using":"xpath","value":"//*[@id=\"__xmlview61--editRequestPage-anchBar-__xmlview61--requestItemsSection-anchor\"]"}
COMMAND: POST /session/d5f272f198c3c1f43c195f4d238b9983/element/f.3CB17101AE25630290776882465A9E58.d.209E04C63E5DE135D79EEC9AFA57A63B.e.3465/click - {}
RESULT: {}
COMMAND: GET /session/d5f272f198c3c1f43c195f4d238b9983/screenshot - {}
RESULT: {}
COMMAND: POST /session/d5f272f198c3c1f43c195f4d238b9983/execute/async - {"script":"<script> [1562 bytes]","args":[{"selector":{"controlType":"sap.ui.core.Icon","viewName":"etm.portal.ui.managerequests.view.Edit","properties":{"src":{"regex":{"source":"inspect"}}}},"wdio_ui5_key":"etmportal.ui.managerequests.view.Editsap.ui.core.Icon{\"src\":{\"regex\":{\"source\":\"inspect\"}}}"}]}
RESULT: {"script":"<script> [1562 bytes]","args":[{"selector":{"controlType":"sap.ui.core.Icon","viewName":"etm.portal.ui.managerequests.view.Edit","properties":{"src":{"regex":{"source":"inspect"}}}},"wdio_ui5_key":"etmportal.ui.managerequests.view.Editsap.ui.core.Icon{\"src\":{\"regex\":{\"source\":\"inspect\"}}}"}]}
RESULT: undefined
COMMAND: POST /session/d5f272f198c3c1f43c195f4d238b9983/element - {"using":"xpath","value":"//*[@id=\"__button165-img\"]"}
RESULT: {"using":"xpath","value":"//*[@id=\"__button165-img\"]"}
COMMAND: POST /session/d5f272f198c3c1f43c195f4d238b9983/element/f.3CB17101AE25630290776882465A9E58.d.209E04C63E5DE135D79EEC9AFA57A63B.e.3471/click - {}
RESULT: {}
COMMAND: GET /session/d5f272f198c3c1f43c195f4d238b9983/screenshot - {}
RESULT: {}
COMMAND: POST /session/d5f272f198c3c1f43c195f4d238b9983/execute/async - {"script":"<script> [1562 bytes]","args":[{"selector":{"controlType":"sap.m.Tokenizer","viewName":"etm.portal.ui.managerequests.view.Edit","bindingPath":{"path":"/RequestItems/0","propertyPath":"LINK_TO_TAGS","modelName":"RequestItemsModel"}},"wdio_ui5_key":"etmportal.ui.managerequests.view.Editsap.m.Tokenizer{\"path\":\"/RequestItems/0\",\"propertyPath\":\"LINK_TO_TAGS\",\"modelName\":\"RequestItemsModel\"}"}]}
RESULT: {"script":"<script> [1562 bytes]","args":[{"selector":{"controlType":"sap.m.Tokenizer","viewName":"etm.portal.ui.managerequests.view.Edit","bindingPath":{"path":"/RequestItems/0","propertyPath":"LINK_TO_TAGS","modelName":"RequestItemsModel"}},"wdio_ui5_key":"etmportal.ui.managerequests.view.Editsap.m.Tokenizer{\"path\":\"/RequestItems/0\",\"propertyPath\":\"LINK_TO_TAGS\",\"modelName\":\"RequestItemsModel\"}"}]}
RESULT: undefined
COMMAND: POST /session/d5f272f198c3c1f43c195f4d238b9983/element - {"using":"xpath","value":"//*[@id=\"__tokenizer66\"]"}
RESULT: {"using":"xpath","value":"//*[@id=\"__tokenizer66\"]"}
COMMAND: POST /session/d5f272f198c3c1f43c195f4d238b9983/element/f.3CB17101AE25630290776882465A9E58.d.209E04C63E5DE135D79EEC9AFA57A63B.e.3473/click - {}
RESULT: {}
COMMAND: GET /session/d5f272f198c3c1f43c195f4d238b9983/screenshot - {}
RESULT: {}
COMMAND: POST /session/d5f272f198c3c1f43c195f4d238b9983/execute/async - {"script":"<script> [1562 bytes]","args":[{"selector":{"controlType":"sap.ui.core.Icon","viewName":"etm.portal.ui.managerequests.view.Edit","properties":{"src":{"regex":{"source":"decline"}}},"searchOpenDialogs":true,"ancestor":{"controlType":"sap.m.StandardListItem","viewName":"etm.portal.ui.managerequests.view.Edit","properties":{"title":"tag-duplicate"},"searchOpenDialogs":true}},"wdio_ui5_key":"etmportal.ui.managerequests.view.Editsap.ui.core.Icon{\"src\":{\"regex\":{\"source\":\"decline\"}}}{\"controlType\":\"sap.m.StandardListItem\",\"viewName\":\"etm.portal.ui.managerequests.view.Edit\",\"properties\":{\"title\":\"tag-duplicate\"},\"searchOpenDialogs\":true}"}]}
RESULT: {"script":"<script> [1562 bytes]","args":[{"selector":{"controlType":"sap.ui.core.Icon","viewName":"etm.portal.ui.managerequests.view.Edit","properties":{"src":{"regex":{"source":"decline"}}},"searchOpenDialogs":true,"ancestor":{"controlType":"sap.m.StandardListItem","viewName":"etm.portal.ui.managerequests.view.Edit","properties":{"title":"tag-duplicate"},"searchOpenDialogs":true}},"wdio_ui5_key":"etmportal.ui.managerequests.view.Editsap.ui.core.Icon{\"src\":{\"regex\":{\"source\":\"decline\"}}}{\"controlType\":\"sap.m.StandardListItem\",\"viewName\":\"etm.portal.ui.managerequests.view.Edit\",\"properties\":{\"title\":\"tag-duplicate\"},\"searchOpenDialogs\":true}"}]}
RESULT: undefined
COMMAND: POST /session/d5f272f198c3c1f43c195f4d238b9983/element - {"using":"xpath","value":"//*[@id=\"__item1902-imgDel-img\"]"}
RESULT: {"using":"xpath","value":"//*[@id=\"__item1902-imgDel-img\"]"}
COMMAND: POST /session/d5f272f198c3c1f43c195f4d238b9983/element/f.3CB17101AE25630290776882465A9E58.d.209E04C63E5DE135D79EEC9AFA57A63B.e.3476/click - {}
RESULT: {}
COMMAND: GET /session/d5f272f198c3c1f43c195f4d238b9983/screenshot - {}
RESULT: {}
COMMAND: POST /session/d5f272f198c3c1f43c195f4d238b9983/actions - {"actions":[{"id":"action28","type":"key","parameters":{},"actions":[{"type":"keyDown","value":"î€Œ"},{"type":"pause","duration":10},{"type":"keyUp","value":"î€Œ"}]}]}
RESULT: {"actions":[{"id":"action28","type":"key","parameters":{},"actions":[{"type":"keyDown","value":"î€Œ"},{"type":"pause","duration":10},{"type":"keyUp","value":"î€Œ"}]}]}
COMMAND: POST /session/d5f272f198c3c1f43c195f4d238b9983/execute/async - {"script":"<script> [1562 bytes]","args":[{"selector":{"controlType":"sap.m.Tokenizer","viewName":"etm.portal.ui.managerequests.view.Edit","bindingPath":{"path":"/RequestItems/1","propertyPath":"LINK_TO_TAGS","modelName":"RequestItemsModel"}},"wdio_ui5_key":"etmportal.ui.managerequests.view.Editsap.m.Tokenizer{\"path\":\"/RequestItems/1\",\"propertyPath\":\"LINK_TO_TAGS\",\"modelName\":\"RequestItemsModel\"}"}]}
COMMAND: GET /session/d5f272f198c3c1f43c195f4d238b9983/screenshot - {}
RESULT: {"script":"<script> [1562 bytes]","args":[{"selector":{"controlType":"sap.m.Tokenizer","viewName":"etm.portal.ui.managerequests.view.Edit","bindingPath":{"path":"/RequestItems/1","propertyPath":"LINK_TO_TAGS","modelName":"RequestItemsModel"}},"wdio_ui5_key":"etmportal.ui.managerequests.view.Editsap.m.Tokenizer{\"path\":\"/RequestItems/1\",\"propertyPath\":\"LINK_TO_TAGS\",\"modelName\":\"RequestItemsModel\"}"}]}
RESULT: undefined
COMMAND: POST /session/d5f272f198c3c1f43c195f4d238b9983/element - {"using":"xpath","value":"//*[@id=\"__tokenizer67\"]"}
RESULT: {}
RESULT: {"using":"xpath","value":"//*[@id=\"__tokenizer67\"]"}
COMMAND: POST /session/d5f272f198c3c1f43c195f4d238b9983/element/f.3CB17101AE25630290776882465A9E58.d.209E04C63E5DE135D79EEC9AFA57A63B.e.3479/click - {}
RESULT: {}
COMMAND: GET /session/d5f272f198c3c1f43c195f4d238b9983/screenshot - {}
RESULT: {}
COMMAND: POST /session/d5f272f198c3c1f43c195f4d238b9983/execute/async - {"script":"<script> [1562 bytes]","args":[{"selector":{"controlType":"sap.ui.core.Icon","viewName":"etm.portal.ui.managerequests.view.Edit","properties":{"src":{"regex":{"source":"decline"}}},"searchOpenDialogs":true,"ancestor":{"controlType":"sap.m.StandardListItem","viewName":"etm.portal.ui.managerequests.view.Edit","properties":{"title":"tagRequest1"},"searchOpenDialogs":true}},"wdio_ui5_key":"etmportal.ui.managerequests.view.Editsap.ui.core.Icon{\"src\":{\"regex\":{\"source\":\"decline\"}}}{\"controlType\":\"sap.m.StandardListItem\",\"viewName\":\"etm.portal.ui.managerequests.view.Edit\",\"properties\":{\"title\":\"tagRequest1\"},\"searchOpenDialogs\":true}"}]}
RESULT: {"script":"<script> [1562 bytes]","args":[{"selector":{"controlType":"sap.ui.core.Icon","viewName":"etm.portal.ui.managerequests.view.Edit","properties":{"src":{"regex":{"source":"decline"}}},"searchOpenDialogs":true,"ancestor":{"controlType":"sap.m.StandardListItem","viewName":"etm.portal.ui.managerequests.view.Edit","properties":{"title":"tagRequest1"},"searchOpenDialogs":true}},"wdio_ui5_key":"etmportal.ui.managerequests.view.Editsap.ui.core.Icon{\"src\":{\"regex\":{\"source\":\"decline\"}}}{\"controlType\":\"sap.m.StandardListItem\",\"viewName\":\"etm.portal.ui.managerequests.view.Edit\",\"properties\":{\"title\":\"tagRequest1\"},\"searchOpenDialogs\":true}"}]}
RESULT: undefined
COMMAND: POST /session/d5f272f198c3c1f43c195f4d238b9983/element - {"using":"xpath","value":"//*[@id=\"__item1910-imgDel-img\"]"}
RESULT: {"using":"xpath","value":"//*[@id=\"__item1910-imgDel-img\"]"}
COMMAND: POST /session/d5f272f198c3c1f43c195f4d238b9983/element/f.3CB17101AE25630290776882465A9E58.d.209E04C63E5DE135D79EEC9AFA57A63B.e.3482/click - {}
RESULT: {}
COMMAND: GET /session/d5f272f198c3c1f43c195f4d238b9983/screenshot - {}
RESULT: {}
COMMAND: POST /session/d5f272f198c3c1f43c195f4d238b9983/execute/async - {"script":"<script> [1562 bytes]","args":[{"selector":{"controlType":"sap.ui.core.Icon","viewName":"etm.portal.ui.managerequests.view.Edit","properties":{"src":{"regex":{"source":"decline"}}},"searchOpenDialogs":true,"ancestor":{"controlType":"sap.m.StandardListItem","viewName":"etm.portal.ui.managerequests.view.Edit","properties":{"title":"RefTag"},"searchOpenDialogs":true}},"wdio_ui5_key":"etmportal.ui.managerequests.view.Editsap.ui.core.Icon{\"src\":{\"regex\":{\"source\":\"decline\"}}}{\"controlType\":\"sap.m.StandardListItem\",\"viewName\":\"etm.portal.ui.managerequests.view.Edit\",\"properties\":{\"title\":\"RefTag\"},\"searchOpenDialogs\":true}"}]}
RESULT: {"script":"<script> [1562 bytes]","args":[{"selector":{"controlType":"sap.ui.core.Icon","viewName":"etm.portal.ui.managerequests.view.Edit","properties":{"src":{"regex":{"source":"decline"}}},"searchOpenDialogs":true,"ancestor":{"controlType":"sap.m.StandardListItem","viewName":"etm.portal.ui.managerequests.view.Edit","properties":{"title":"RefTag"},"searchOpenDialogs":true}},"wdio_ui5_key":"etmportal.ui.managerequests.view.Editsap.ui.core.Icon{\"src\":{\"regex\":{\"source\":\"decline\"}}}{\"controlType\":\"sap.m.StandardListItem\",\"viewName\":\"etm.portal.ui.managerequests.view.Edit\",\"properties\":{\"title\":\"RefTag\"},\"searchOpenDialogs\":true}"}]}
RESULT: undefined
COMMAND: POST /session/d5f272f198c3c1f43c195f4d238b9983/element - {"using":"xpath","value":"//*[@id=\"__item1914-imgDel-img\"]"}
RESULT: {"using":"xpath","value":"//*[@id=\"__item1914-imgDel-img\"]"}
COMMAND: POST /session/d5f272f198c3c1f43c195f4d238b9983/element/f.3CB17101AE25630290776882465A9E58.d.209E04C63E5DE135D79EEC9AFA57A63B.e.3485/click - {}
RESULT: {}
COMMAND: GET /session/d5f272f198c3c1f43c195f4d238b9983/screenshot - {}
RESULT: {}
COMMAND: POST /session/d5f272f198c3c1f43c195f4d238b9983/execute/async - {"script":"<script> [1562 bytes]","args":[{"selector":{"controlType":"sap.ui.core.Icon","viewName":"etm.portal.ui.managerequests.view.Edit","properties":{"src":{"regex":{"source":"decline"}}},"searchOpenDialogs":true,"ancestor":{"controlType":"sap.m.StandardListItem","viewName":"etm.portal.ui.managerequests.view.Edit","properties":{"title":"tag-header"},"searchOpenDialogs":true}},"wdio_ui5_key":"etmportal.ui.managerequests.view.Editsap.ui.core.Icon{\"src\":{\"regex\":{\"source\":\"decline\"}}}{\"controlType\":\"sap.m.StandardListItem\",\"viewName\":\"etm.portal.ui.managerequests.view.Edit\",\"properties\":{\"title\":\"tag-header\"},\"searchOpenDialogs\":true}"}]}
RESULT: {"script":"<script> [1562 bytes]","args":[{"selector":{"controlType":"sap.ui.core.Icon","viewName":"etm.portal.ui.managerequests.view.Edit","properties":{"src":{"regex":{"source":"decline"}}},"searchOpenDialogs":true,"ancestor":{"controlType":"sap.m.StandardListItem","viewName":"etm.portal.ui.managerequests.view.Edit","properties":{"title":"tag-header"},"searchOpenDialogs":true}},"wdio_ui5_key":"etmportal.ui.managerequests.view.Editsap.ui.core.Icon{\"src\":{\"regex\":{\"source\":\"decline\"}}}{\"controlType\":\"sap.m.StandardListItem\",\"viewName\":\"etm.portal.ui.managerequests.view.Edit\",\"properties\":{\"title\":\"tag-header\"},\"searchOpenDialogs\":true}"}]}
RESULT: undefined
COMMAND: POST /session/d5f272f198c3c1f43c195f4d238b9983/element - {"using":"xpath","value":"//*[@id=\"__item1917-imgDel-img\"]"}
RESULT: {"using":"xpath","value":"//*[@id=\"__item1917-imgDel-img\"]"}
COMMAND: POST /session/d5f272f198c3c1f43c195f4d238b9983/element/f.3CB17101AE25630290776882465A9E58.d.209E04C63E5DE135D79EEC9AFA57A63B.e.3488/click - {}
RESULT: {}
COMMAND: GET /session/d5f272f198c3c1f43c195f4d238b9983/screenshot - {}
RESULT: {}
COMMAND: POST /session/d5f272f198c3c1f43c195f4d238b9983/actions - {"actions":[{"id":"action29","type":"key","parameters":{},"actions":[{"type":"keyDown","value":"î€ƒ"},{"type":"pause","duration":10},{"type":"keyUp","value":"î€ƒ"}]}]}
RESULT: {"actions":[{"id":"action29","type":"key","parameters":{},"actions":[{"type":"keyDown","value":"î€ƒ"},{"type":"pause","duration":10},{"type":"keyUp","value":"î€ƒ"}]}]}
COMMAND: POST /session/d5f272f198c3c1f43c195f4d238b9983/actions - {"actions":[{"id":"action30","type":"key","parameters":{},"actions":[{"type":"keyDown","value":"î€ƒ"},{"type":"pause","duration":10},{"type":"keyUp","value":"î€ƒ"}]}]}
COMMAND: GET /session/d5f272f198c3c1f43c195f4d238b9983/screenshot - {}
RESULT: {"actions":[{"id":"action30","type":"key","parameters":{},"actions":[{"type":"keyDown","value":"î€ƒ"},{"type":"pause","duration":10},{"type":"keyUp","value":"î€ƒ"}]}]}
COMMAND: GET /session/d5f272f198c3c1f43c195f4d238b9983/screenshot - {}
RESULT: {}
RESULT: {}
COMMAND: POST /session/d5f272f198c3c1f43c195f4d238b9983/execute/async - {"script":"<script> [1562 bytes]","args":[{"selector":{"controlType":"sap.m.Button","viewName":"etm.portal.ui.managerequests.view.Edit","i18NText":{"propertyName":"tooltip","key":"save"},"interaction":{"idSuffix":"BDI-content"}},"wdio_ui5_key":"etmportal.ui.managerequests.view.Editsap.m.Button{\"propertyName\":\"tooltip\",\"key\":\"save\"}"}]}
RESULT: {"script":"<script> [1562 bytes]","args":[{"selector":{"controlType":"sap.m.Button","viewName":"etm.portal.ui.managerequests.view.Edit","i18NText":{"propertyName":"tooltip","key":"save"},"interaction":{"idSuffix":"BDI-content"}},"wdio_ui5_key":"etmportal.ui.managerequests.view.Editsap.m.Button{\"propertyName\":\"tooltip\",\"key\":\"save\"}"}]}
RESULT: undefined
COMMAND: POST /session/d5f272f198c3c1f43c195f4d238b9983/element - {"using":"xpath","value":"//*[@id=\"__xmlview61--saveButtonId\"]"}
RESULT: {"using":"xpath","value":"//*[@id=\"__xmlview61--saveButtonId\"]"}
COMMAND: POST /session/d5f272f198c3c1f43c195f4d238b9983/element/f.3CB17101AE25630290776882465A9E58.d.209E04C63E5DE135D79EEC9AFA57A63B.e.3383/click - {}
RESULT: {}
COMMAND: GET /session/d5f272f198c3c1f43c195f4d238b9983/screenshot - {}
RESULT: {}
COMMAND: POST /session/d5f272f198c3c1f43c195f4d238b9983/execute/async - {"script":"<script> [1562 bytes]","args":[{"selector":{"id":"tagsLayoutViewMode","viewName":"etm.portal.ui.managerequests.view.Detail"},"wdio_ui5_key":"tagsLayoutViewModeetmportal.ui.managerequests.view.Detail"}]}
RESULT: {"script":"<script> [1562 bytes]","args":[{"selector":{"id":"tagsLayoutViewMode","viewName":"etm.portal.ui.managerequests.view.Detail"},"wdio_ui5_key":"tagsLayoutViewModeetmportal.ui.managerequests.view.Detail"}]}
RESULT: undefined
COMMAND: POST /session/d5f272f198c3c1f43c195f4d238b9983/execute/async - {"script":"<script> [6424 bytes]","args":[{"element-6066-11e4-a52e-4f735466cecf":"f.3CB17101AE25630290776882465A9E58.d.209E04C63E5DE135D79EEC9AFA57A63B.e.3615"},"getTokens",[]]}
RESULT: {"script":"<script> [6424 bytes]","args":[{"element-6066-11e4-a52e-4f735466cecf":"f.3CB17101AE25630290776882465A9E58.d.209E04C63E5DE135D79EEC9AFA57A63B.e.3615"},"getTokens",[]]}
COMMAND: POST /session/d5f272f198c3c1f43c195f4d238b9983/execute/async - {"script":"<script> [1562 bytes]","args":[{"wdio_ui5_key":"__token11-__xmlview60--tagsLayoutViewMode-1","selector":{"id":"__token11-__xmlview60--tagsLayoutViewMode-1"}}]}
COMMAND: POST /session/d5f272f198c3c1f43c195f4d238b9983/execute/async - {"script":"<script> [1562 bytes]","args":[{"wdio_ui5_key":"__token11-__xmlview60--tagsLayoutViewMode-0","selector":{"id":"__token11-__xmlview60--tagsLayoutViewMode-0"}}]}
RESULT: {"script":"<script> [1562 bytes]","args":[{"wdio_ui5_key":"__token11-__xmlview60--tagsLayoutViewMode-0","selector":{"id":"__token11-__xmlview60--tagsLayoutViewMode-0"}}]}
RESULT: undefined
RESULT: {"script":"<script> [1562 bytes]","args":[{"wdio_ui5_key":"__token11-__xmlview60--tagsLayoutViewMode-1","selector":{"id":"__token11-__xmlview60--tagsLayoutViewMode-1"}}]}
RESULT: undefined
COMMAND: POST /session/d5f272f198c3c1f43c195f4d238b9983/execute/async - {"script":"<script> [1562 bytes]","args":[{"selector":{"controlType":"sap.m.OverflowToolbarButton","viewName":"etm.portal.ui.managerequests.view.Detail","properties":{"text":"Settings"},"interaction":{"idSuffix":"inner"}},"wdio_ui5_key":"etmportal.ui.managerequests.view.Detailsap.m.OverflowToolbarButton{\"text\":\"Settings\"}"}]}
RESULT: {"script":"<script> [1562 bytes]","args":[{"selector":{"controlType":"sap.m.OverflowToolbarButton","viewName":"etm.portal.ui.managerequests.view.Detail","properties":{"text":"Settings"},"interaction":{"idSuffix":"inner"}},"wdio_ui5_key":"etmportal.ui.managerequests.view.Detailsap.m.OverflowToolbarButton{\"text\":\"Settings\"}"}]}
RESULT: undefined
COMMAND: POST /session/d5f272f198c3c1f43c195f4d238b9983/element - {"using":"xpath","value":"//*[@id=\"__xmlview60--smartTableRequestItems-btnPersonalisation\"]"}
RESULT: {"using":"xpath","value":"//*[@id=\"__xmlview60--smartTableRequestItems-btnPersonalisation\"]"}
COMMAND: POST /session/d5f272f198c3c1f43c195f4d238b9983/element/f.3CB17101AE25630290776882465A9E58.d.209E04C63E5DE135D79EEC9AFA57A63B.e.3619/click - {}
RESULT: {}
COMMAND: POST /session/d5f272f198c3c1f43c195f4d238b9983/execute/async - {"script":"<script> [1562 bytes]","args":[{"selector":{"controlType":"sap.m.SearchField","viewName":"etm.portal.ui.managerequests.view.Detail","searchOpenDialogs":true,"interaction":{"idSuffix":"I"}},"wdio_ui5_key":"etmportal.ui.managerequests.view.Detailsap.m.SearchField"}]}
COMMAND: GET /session/d5f272f198c3c1f43c195f4d238b9983/screenshot - {}
RESULT: {"script":"<script> [1562 bytes]","args":[{"selector":{"controlType":"sap.m.SearchField","viewName":"etm.portal.ui.managerequests.view.Detail","searchOpenDialogs":true,"interaction":{"idSuffix":"I"}},"wdio_ui5_key":"etmportal.ui.managerequests.view.Detailsap.m.SearchField"}]}
RESULT: undefined
COMMAND: POST /session/d5f272f198c3c1f43c195f4d238b9983/execute/async - {"script":"<script> [776 bytes]","args":[{"enterText":"tag","selector":{"controlType":"sap.m.SearchField","viewName":"etm.portal.ui.managerequests.view.Detail","searchOpenDialogs":true,"interaction":{"idSuffix":"I"}},"clearTextFirst":true,"interactionType":"ENTER_TEXT"}]}
RESULT: {}
RESULT: {"script":"<script> [776 bytes]","args":[{"enterText":"tag","selector":{"controlType":"sap.m.SearchField","viewName":"etm.portal.ui.managerequests.view.Detail","searchOpenDialogs":true,"interaction":{"idSuffix":"I"}},"clearTextFirst":true,"interactionType":"ENTER_TEXT"}]}
COMMAND: POST /session/d5f272f198c3c1f43c195f4d238b9983/element - {"using":"xpath","value":"//div[contains(@id ,\"innerSelectionPanelTable-0-selectMulti-CbBg\")]"}
RESULT: {"using":"xpath","value":"//div[contains(@id ,\"innerSelectionPanelTable-0-selectMulti-CbBg\")]"}
COMMAND: POST /session/d5f272f198c3c1f43c195f4d238b9983/element/f.3CB17101AE25630290776882465A9E58.d.209E04C63E5DE135D79EEC9AFA57A63B.e.3656/click - {}
RESULT: {}
COMMAND: POST /session/d5f272f198c3c1f43c195f4d238b9983/execute/async - {"script":"<script> [1562 bytes]","args":[{"selector":{"controlType":"sap.m.Button","viewName":"etm.portal.ui.managerequests.view.Detail","properties":{"text":"OK"},"searchOpenDialogs":true,"interaction":{"idSuffix":"BDI-content"}},"wdio_ui5_key":"etmportal.ui.managerequests.view.Detailsap.m.Button{\"text\":\"OK\"}"}]}
COMMAND: GET /session/d5f272f198c3c1f43c195f4d238b9983/screenshot - {}
RESULT: {"script":"<script> [1562 bytes]","args":[{"selector":{"controlType":"sap.m.Button","viewName":"etm.portal.ui.managerequests.view.Detail","properties":{"text":"OK"},"searchOpenDialogs":true,"interaction":{"idSuffix":"BDI-content"}},"wdio_ui5_key":"etmportal.ui.managerequests.view.Detailsap.m.Button{\"text\":\"OK\"}"}]}
RESULT: undefined
COMMAND: POST /session/d5f272f198c3c1f43c195f4d238b9983/element - {"using":"xpath","value":"//*[@id=\"__popup377-confirmBtn\"]"}
RESULT: {}
RESULT: {"using":"xpath","value":"//*[@id=\"__popup377-confirmBtn\"]"}
COMMAND: POST /session/d5f272f198c3c1f43c195f4d238b9983/element/f.3CB17101AE25630290776882465A9E58.d.209E04C63E5DE135D79EEC9AFA57A63B.e.3660/click - {}
RESULT: {}
COMMAND: GET /session/d5f272f198c3c1f43c195f4d238b9983/screenshot - {}
RESULT: {}
COMMAND: POST /session/d5f272f198c3c1f43c195f4d238b9983/execute/async - {"script":"<script> [1562 bytes]","args":[{"selector":{"controlType":"sap.m.Text","viewName":"etm.portal.ui.managerequests.view.Detail","bindingPath":{"propertyPath":"NO","modelName":"catalogModel"}},"wdio_ui5_key":"etmportal.ui.managerequests.view.Detailsap.m.Text{\"propertyPath\":\"NO\",\"modelName\":\"catalogModel\"}"}]}
RESULT: {"script":"<script> [1562 bytes]","args":[{"selector":{"controlType":"sap.m.Text","viewName":"etm.portal.ui.managerequests.view.Detail","bindingPath":{"propertyPath":"NO","modelName":"catalogModel"}},"wdio_ui5_key":"etmportal.ui.managerequests.view.Detailsap.m.Text{\"propertyPath\":\"NO\",\"modelName\":\"catalogModel\"}"}]}
RESULT: undefined
COMMAND: POST /session/d5f272f198c3c1f43c195f4d238b9983/execute/async - {"script":"<script> [6424 bytes]","args":[{"element-6066-11e4-a52e-4f735466cecf":"f.3CB17101AE25630290776882465A9E58.d.209E04C63E5DE135D79EEC9AFA57A63B.e.3672"},"getText",[]]}
RESULT: {"script":"<script> [6424 bytes]","args":[{"element-6066-11e4-a52e-4f735466cecf":"f.3CB17101AE25630290776882465A9E58.d.209E04C63E5DE135D79EEC9AFA57A63B.e.3672"},"getText",[]]}
COMMAND: POST /session/d5f272f198c3c1f43c195f4d238b9983/execute/async - {"script":"<script> [1562 bytes]","args":[{"selector":{"controlType":"sap.m.Tokenizer","viewName":"etm.portal.ui.managerequests.view.Detail","bindingPath":{"path":"/SmartRequestItemsPlanningBoard(ITEM=10m,REQUEST='20325')","propertyPath":"LINK_TO_TAGS"}},"wdio_ui5_key":"etmportal.ui.managerequests.view.Detailsap.m.Tokenizer{\"path\":\"/SmartRequestItemsPlanningBoard(ITEM=10m,REQUEST='20325')\",\"propertyPath\":\"LINK_TO_TAGS\"}"}]}
RESULT: {"script":"<script> [1562 bytes]","args":[{"selector":{"controlType":"sap.m.Tokenizer","viewName":"etm.portal.ui.managerequests.view.Detail","bindingPath":{"path":"/SmartRequestItemsPlanningBoard(ITEM=10m,REQUEST='20325')","propertyPath":"LINK_TO_TAGS"}},"wdio_ui5_key":"etmportal.ui.managerequests.view.Detailsap.m.Tokenizer{\"path\":\"/SmartRequestItemsPlanningBoard(ITEM=10m,REQUEST='20325')\",\"propertyPath\":\"LINK_TO_TAGS\"}"}]}
RESULT: undefined
COMMAND: POST /session/d5f272f198c3c1f43c195f4d238b9983/execute/async - {"script":"<script> [6424 bytes]","args":[{"element-6066-11e4-a52e-4f735466cecf":"f.3CB17101AE25630290776882465A9E58.d.209E04C63E5DE135D79EEC9AFA57A63B.e.3673"},"getTokens",[]]}
RESULT: {"script":"<script> [6424 bytes]","args":[{"element-6066-11e4-a52e-4f735466cecf":"f.3CB17101AE25630290776882465A9E58.d.209E04C63E5DE135D79EEC9AFA57A63B.e.3673"},"getTokens",[]]}
COMMAND: POST /session/d5f272f198c3c1f43c195f4d238b9983/execute/async - {"script":"<script> [1562 bytes]","args":[{"wdio_ui5_key":"__token12-__tokenizer63-__clone4857-1","selector":{"id":"__token12-__tokenizer63-__clone4857-1"}}]}
COMMAND: POST /session/d5f272f198c3c1f43c195f4d238b9983/execute/async - {"script":"<script> [1562 bytes]","args":[{"wdio_ui5_key":"__token12-__tokenizer63-__clone4857-2","selector":{"id":"__token12-__tokenizer63-__clone4857-2"}}]}
COMMAND: POST /session/d5f272f198c3c1f43c195f4d238b9983/execute/async - {"script":"<script> [1562 bytes]","args":[{"wdio_ui5_key":"__token12-__tokenizer63-__clone4857-0","selector":{"id":"__token12-__tokenizer63-__clone4857-0"}}]}
RESULT: {"script":"<script> [1562 bytes]","args":[{"wdio_ui5_key":"__token12-__tokenizer63-__clone4857-1","selector":{"id":"__token12-__tokenizer63-__clone4857-1"}}]}
RESULT: undefined
RESULT: {"script":"<script> [1562 bytes]","args":[{"wdio_ui5_key":"__token12-__tokenizer63-__clone4857-2","selector":{"id":"__token12-__tokenizer63-__clone4857-2"}}]}
RESULT: undefined
RESULT: {"script":"<script> [1562 bytes]","args":[{"wdio_ui5_key":"__token12-__tokenizer63-__clone4857-0","selector":{"id":"__token12-__tokenizer63-__clone4857-0"}}]}
RESULT: undefined
COMMAND: POST /session/d5f272f198c3c1f43c195f4d238b9983/element - {"using":"xpath","value":"(//span[contains(text(), \"tag-header\")])[2]"}
RESULT: {"using":"xpath","value":"(//span[contains(text(), \"tag-header\")])[2]"}
COMMAND: POST /session/d5f272f198c3c1f43c195f4d238b9983/elements - {"using":"xpath","value":"(//span[contains(text(), \"tag-header\")])[2]"}
RESULT: {"using":"xpath","value":"(//span[contains(text(), \"tag-header\")])[2]"}
COMMAND: POST /session/d5f272f198c3c1f43c195f4d238b9983/execute/async - {"script":"<script> [1562 bytes]","args":[{"selector":{"controlType":"sap.m.Tokenizer","viewName":"etm.portal.ui.managerequests.view.Detail","bindingPath":{"path":"/SmartRequestItemsPlanningBoard(ITEM=20m,REQUEST='20325')","propertyPath":"LINK_TO_TAGS"}},"wdio_ui5_key":"etmportal.ui.managerequests.view.Detailsap.m.Tokenizer{\"path\":\"/SmartRequestItemsPlanningBoard(ITEM=20m,REQUEST='20325')\",\"propertyPath\":\"LINK_TO_TAGS\"}"}]}
RESULT: {"script":"<script> [1562 bytes]","args":[{"selector":{"controlType":"sap.m.Tokenizer","viewName":"etm.portal.ui.managerequests.view.Detail","bindingPath":{"path":"/SmartRequestItemsPlanningBoard(ITEM=20m,REQUEST='20325')","propertyPath":"LINK_TO_TAGS"}},"wdio_ui5_key":"etmportal.ui.managerequests.view.Detailsap.m.Tokenizer{\"path\":\"/SmartRequestItemsPlanningBoard(ITEM=20m,REQUEST='20325')\",\"propertyPath\":\"LINK_TO_TAGS\"}"}]}
RESULT: undefined
COMMAND: POST /session/d5f272f198c3c1f43c195f4d238b9983/execute/async - {"script":"<script> [6424 bytes]","args":[{"element-6066-11e4-a52e-4f735466cecf":"f.3CB17101AE25630290776882465A9E58.d.209E04C63E5DE135D79EEC9AFA57A63B.e.3678"},"getTokens",[]]}
RESULT: {"script":"<script> [6424 bytes]","args":[{"element-6066-11e4-a52e-4f735466cecf":"f.3CB17101AE25630290776882465A9E58.d.209E04C63E5DE135D79EEC9AFA57A63B.e.3678"},"getTokens",[]]}
COMMAND: POST /session/d5f272f198c3c1f43c195f4d238b9983/element - {"using":"css selector","value":"#shell-header-logo"}
RESULT: {"using":"css selector","value":"#shell-header-logo"}
COMMAND: POST /session/d5f272f198c3c1f43c195f4d238b9983/element/f.3CB17101AE25630290776882465A9E58.d.209E04C63E5DE135D79EEC9AFA57A63B.e.2608/click - {}
RESULT: {}
COMMAND: GET /session/d5f272f198c3c1f43c195f4d238b9983/screenshot - {}
RESULT: {}
]]></system-out>
    </testcase>
  </testsuite>
  <testsuite timestamp="2025-05-03T15:47:36" time="554.771" tests="4" failures="0" errors="0" skipped="0">
    <properties>
      <property name="specId" value="0" />
      <property name="suiteName" value="Manage request + Contract processing pick up option US120163 " />
      <property name="capabilities" value="chrome.135_0_7049_96.windows" />
      <property name="file" value="file:///D:/a/1/s/test/specs/R2C/create-request-Pickup.spec.js" />
    </properties>
    <testcase classname="chrome.135_0_7049_96.windows.Manage_request_+_Contract_processing_pick_up_option_US120163_" name="Should create a new contract" time="69.641">
      <system-out><![CDATA[
COMMAND: POST /session/d5f272f198c3c1f43c195f4d238b9983/execute/async - {"script":"<script> [1562 bytes]","args":[{"selector":{"controlType":"sap.m.Text","viewName":"etm.portal.ui.managecontractstile.view.Master","properties":{"text":"Manage Contracts"},"interaction":{"idSuffix":"inner"}},"wdio_ui5_key":"etmportal.ui.managecontractstile.view.Mastersap.m.Text{\"text\":\"Manage Contracts\"}"}]}
RESULT: {"script":"<script> [1562 bytes]","args":[{"selector":{"controlType":"sap.m.Text","viewName":"etm.portal.ui.managecontractstile.view.Master","properties":{"text":"Manage Contracts"},"interaction":{"idSuffix":"inner"}},"wdio_ui5_key":"etmportal.ui.managecontractstile.view.Mastersap.m.Text{\"text\":\"Manage Contracts\"}"}]}
RESULT: undefined
COMMAND: POST /session/d5f272f198c3c1f43c195f4d238b9983/element - {"using":"xpath","value":"//*[@id=\"__tile130-title\"]"}
RESULT: {"using":"xpath","value":"//*[@id=\"__tile130-title\"]"}
COMMAND: POST /session/d5f272f198c3c1f43c195f4d238b9983/element/f.3CB17101AE25630290776882465A9E58.d.209E04C63E5DE135D79EEC9AFA57A63B.e.3682/click - {}
RESULT: {}
COMMAND: GET /session/d5f272f198c3c1f43c195f4d238b9983/screenshot - {}
RESULT: {}
COMMAND: POST /session/d5f272f198c3c1f43c195f4d238b9983/execute/async - {"script":"<script> [1562 bytes]","args":[{"selector":{"controlType":"sap.ui.core.Icon","viewName":"etm.portal.ui.managecontracts.view.Master","properties":{"src":{"regex":{"source":"add"}}}},"wdio_ui5_key":"etmportal.ui.managecontracts.view.Mastersap.ui.core.Icon{\"src\":{\"regex\":{\"source\":\"add\"}}}"}]}
RESULT: {"script":"<script> [1562 bytes]","args":[{"selector":{"controlType":"sap.ui.core.Icon","viewName":"etm.portal.ui.managecontracts.view.Master","properties":{"src":{"regex":{"source":"add"}}}},"wdio_ui5_key":"etmportal.ui.managecontracts.view.Mastersap.ui.core.Icon{\"src\":{\"regex\":{\"source\":\"add\"}}}"}]}
RESULT: undefined
COMMAND: POST /session/d5f272f198c3c1f43c195f4d238b9983/element - {"using":"xpath","value":"//*[@id=\"__button187-img\"]"}
RESULT: {"using":"xpath","value":"//*[@id=\"__button187-img\"]"}
COMMAND: POST /session/d5f272f198c3c1f43c195f4d238b9983/element/f.3CB17101AE25630290776882465A9E58.d.209E04C63E5DE135D79EEC9AFA57A63B.e.3733/click - {}
RESULT: {}
COMMAND: POST /session/d5f272f198c3c1f43c195f4d238b9983/execute/async - {"script":"<script> [1562 bytes]","args":[{"selector":{"id":"application-managecontracts-display-component---AddNewContract--projectDescription","interaction":{"idSuffix":"inner"}},"wdio_ui5_key":"applicationmanagecontracts-display-component---AddNewContract--projectDescription"}]}
COMMAND: GET /session/d5f272f198c3c1f43c195f4d238b9983/screenshot - {}
RESULT: {"script":"<script> [1562 bytes]","args":[{"selector":{"id":"application-managecontracts-display-component---AddNewContract--projectDescription","interaction":{"idSuffix":"inner"}},"wdio_ui5_key":"applicationmanagecontracts-display-component---AddNewContract--projectDescription"}]}
RESULT: undefined
COMMAND: POST /session/d5f272f198c3c1f43c195f4d238b9983/execute/async - {"script":"<script> [776 bytes]","args":[{"enterText":"PickupContract2hf7n","selector":{"id":"application-managecontracts-display-component---AddNewContract--projectDescription","interaction":{"idSuffix":"inner"}},"clearTextFirst":true,"interactionType":"ENTER_TEXT"}]}
RESULT: {}
RESULT: {"script":"<script> [776 bytes]","args":[{"enterText":"PickupContract2hf7n","selector":{"id":"application-managecontracts-display-component---AddNewContract--projectDescription","interaction":{"idSuffix":"inner"}},"clearTextFirst":true,"interactionType":"ENTER_TEXT"}]}
COMMAND: POST /session/d5f272f198c3c1f43c195f4d238b9983/element - {"using":"xpath","value":"//input[contains(@id ,\"application-managecontracts-display-component---AddNewContract--yardId-inner\")]"}
RESULT: {"using":"xpath","value":"//input[contains(@id ,\"application-managecontracts-display-component---AddNewContract--yardId-inner\")]"}
COMMAND: POST /session/d5f272f198c3c1f43c195f4d238b9983/element/f.3CB17101AE25630290776882465A9E58.d.209E04C63E5DE135D79EEC9AFA57A63B.e.4018/value - {"text":"WebdriverYardrjtc1"}
RESULT: {"text":"WebdriverYardrjtc1"}
COMMAND: GET /session/d5f272f198c3c1f43c195f4d238b9983/screenshot - {}
RESULT: {}
COMMAND: POST /session/d5f272f198c3c1f43c195f4d238b9983/actions - {"actions":[{"id":"action31","type":"key","parameters":{},"actions":[{"type":"keyDown","value":"î€‡"},{"type":"pause","duration":10},{"type":"keyUp","value":"î€‡"}]}]}
RESULT: {"actions":[{"id":"action31","type":"key","parameters":{},"actions":[{"type":"keyDown","value":"î€‡"},{"type":"pause","duration":10},{"type":"keyUp","value":"î€‡"}]}]}
COMMAND: GET /session/d5f272f198c3c1f43c195f4d238b9983/screenshot - {}
RESULT: {}
COMMAND: POST /session/d5f272f198c3c1f43c195f4d238b9983/element - {"using":"xpath","value":"//input[contains(@id ,\"application-managecontracts-display-component---AddNewContract--customerSelect-inner\")]"}
RESULT: {"using":"xpath","value":"//input[contains(@id ,\"application-managecontracts-display-component---AddNewContract--customerSelect-inner\")]"}
COMMAND: POST /session/d5f272f198c3c1f43c195f4d238b9983/element/f.3CB17101AE25630290776882465A9E58.d.209E04C63E5DE135D79EEC9AFA57A63B.e.4016/value - {"text":"WebdriverPartner8ybrk"}
RESULT: {"text":"WebdriverPartner8ybrk"}
COMMAND: GET /session/d5f272f198c3c1f43c195f4d238b9983/screenshot - {}
RESULT: {}
COMMAND: POST /session/d5f272f198c3c1f43c195f4d238b9983/actions - {"actions":[{"id":"action32","type":"key","parameters":{},"actions":[{"type":"keyDown","value":"î€‡"},{"type":"pause","duration":10},{"type":"keyUp","value":"î€‡"}]}]}
RESULT: {"actions":[{"id":"action32","type":"key","parameters":{},"actions":[{"type":"keyDown","value":"î€‡"},{"type":"pause","duration":10},{"type":"keyUp","value":"î€‡"}]}]}
COMMAND: GET /session/d5f272f198c3c1f43c195f4d238b9983/screenshot - {}
RESULT: {}
COMMAND: POST /session/d5f272f198c3c1f43c195f4d238b9983/element - {"using":"xpath","value":"//input[contains(@id ,\"application-managecontracts-display-component---AddNewContract--site-inner\")]"}
RESULT: {"using":"xpath","value":"//input[contains(@id ,\"application-managecontracts-display-component---AddNewContract--site-inner\")]"}
COMMAND: POST /session/d5f272f198c3c1f43c195f4d238b9983/element/f.3CB17101AE25630290776882465A9E58.d.209E04C63E5DE135D79EEC9AFA57A63B.e.4017/value - {"text":"WebdriverSite4o8us"}
RESULT: {"text":"WebdriverSite4o8us"}
COMMAND: GET /session/d5f272f198c3c1f43c195f4d238b9983/screenshot - {}
RESULT: {}
COMMAND: POST /session/d5f272f198c3c1f43c195f4d238b9983/actions - {"actions":[{"id":"action33","type":"key","parameters":{},"actions":[{"type":"keyDown","value":"î€‡"},{"type":"pause","duration":10},{"type":"keyUp","value":"î€‡"}]}]}
RESULT: {"actions":[{"id":"action33","type":"key","parameters":{},"actions":[{"type":"keyDown","value":"î€‡"},{"type":"pause","duration":10},{"type":"keyUp","value":"î€‡"}]}]}
COMMAND: GET /session/d5f272f198c3c1f43c195f4d238b9983/screenshot - {}
RESULT: {}
COMMAND: POST /session/d5f272f198c3c1f43c195f4d238b9983/execute/async - {"script":"<script> [1562 bytes]","args":[{"selector":{"id":"application-managecontracts-display-component---AddNewContract--saveBtn","interaction":{"idSuffix":"BDI-content"}},"wdio_ui5_key":"applicationmanagecontracts-display-component---AddNewContract--saveBtn"}]}
RESULT: {"script":"<script> [1562 bytes]","args":[{"selector":{"id":"application-managecontracts-display-component---AddNewContract--saveBtn","interaction":{"idSuffix":"BDI-content"}},"wdio_ui5_key":"applicationmanagecontracts-display-component---AddNewContract--saveBtn"}]}
RESULT: undefined
COMMAND: POST /session/d5f272f198c3c1f43c195f4d238b9983/element - {"using":"xpath","value":"//*[@id=\"application-managecontracts-display-component---AddNewContract--saveBtn\"]"}
RESULT: {"using":"xpath","value":"//*[@id=\"application-managecontracts-display-component---AddNewContract--saveBtn\"]"}
COMMAND: POST /session/d5f272f198c3c1f43c195f4d238b9983/element/f.3CB17101AE25630290776882465A9E58.d.209E04C63E5DE135D79EEC9AFA57A63B.e.4040/click - {}
RESULT: {}
COMMAND: GET /session/d5f272f198c3c1f43c195f4d238b9983/screenshot - {}
RESULT: {}
COMMAND: POST /session/d5f272f198c3c1f43c195f4d238b9983/element - {"using":"xpath","value":"//span[contains(@id ,\"contractDetailTitleNoExpanded\")]"}
RESULT: {"using":"xpath","value":"//span[contains(@id ,\"contractDetailTitleNoExpanded\")]"}
COMMAND: GET /session/d5f272f198c3c1f43c195f4d238b9983/element/f.3CB17101AE25630290776882465A9E58.d.209E04C63E5DE135D79EEC9AFA57A63B.e.4121/text - {}
RESULT: {}
COMMAND: POST /session/d5f272f198c3c1f43c195f4d238b9983/element - {"using":"css selector","value":"#shell-header-logo"}
RESULT: {"using":"css selector","value":"#shell-header-logo"}
COMMAND: POST /session/d5f272f198c3c1f43c195f4d238b9983/element/f.3CB17101AE25630290776882465A9E58.d.209E04C63E5DE135D79EEC9AFA57A63B.e.3685/click - {}
RESULT: {}
COMMAND: GET /session/d5f272f198c3c1f43c195f4d238b9983/screenshot - {}
RESULT: {}
]]></system-out>
    </testcase>
    <testcase classname="chrome.135_0_7049_96.windows.Manage_request_+_Contract_processing_pick_up_option_US120163_" name="Should create a new material" time="124.602">
      <system-out><![CDATA[
COMMAND: POST /session/d5f272f198c3c1f43c195f4d238b9983/execute/async - {"script":"<script> [1562 bytes]","args":[{"selector":{"controlType":"sap.m.GenericTile","properties":{"header":"Manage Resources"}},"wdio_ui5_key":"sapm.GenericTile{\"header\":\"Manage Resources\"}"}]}
RESULT: {"script":"<script> [1562 bytes]","args":[{"selector":{"controlType":"sap.m.GenericTile","properties":{"header":"Manage Resources"}},"wdio_ui5_key":"sapm.GenericTile{\"header\":\"Manage Resources\"}"}]}
RESULT: undefined
COMMAND: POST /session/d5f272f198c3c1f43c195f4d238b9983/element - {"using":"xpath","value":"//*[@id=\"__tile39\"]"}
RESULT: {"using":"xpath","value":"//*[@id=\"__tile39\"]"}
COMMAND: POST /session/d5f272f198c3c1f43c195f4d238b9983/element/f.3CB17101AE25630290776882465A9E58.d.209E04C63E5DE135D79EEC9AFA57A63B.e.4123/click - {}
RESULT: {}
COMMAND: GET /session/d5f272f198c3c1f43c195f4d238b9983/screenshot - {}
RESULT: {}
COMMAND: POST /session/d5f272f198c3c1f43c195f4d238b9983/element - {"using":"xpath","value":"//button[@data-kt=\"addNewRUOverflowToolbarButton\"]"}
RESULT: {"using":"xpath","value":"//button[@data-kt=\"addNewRUOverflowToolbarButton\"]"}
COMMAND: POST /session/d5f272f198c3c1f43c195f4d238b9983/execute/sync - {"script":"<script> [8489 bytes]","args":[{"element-6066-11e4-a52e-4f735466cecf":"f.3CB17101AE25630290776882465A9E58.d.209E04C63E5DE135D79EEC9AFA57A63B.e.4154","ELEMENT":"f.3CB17101AE25630290776882465A9E58.d.209E04C63E5DE135D79EEC9AFA57A63B.e.4154"}]}
RESULT: {"script":"<script> [8489 bytes]","args":[{"element-6066-11e4-a52e-4f735466cecf":"f.3CB17101AE25630290776882465A9E58.d.209E04C63E5DE135D79EEC9AFA57A63B.e.4154","ELEMENT":"f.3CB17101AE25630290776882465A9E58.d.209E04C63E5DE135D79EEC9AFA57A63B.e.4154"}]}
COMMAND: POST /session/d5f272f198c3c1f43c195f4d238b9983/element/f.3CB17101AE25630290776882465A9E58.d.209E04C63E5DE135D79EEC9AFA57A63B.e.4154/click - {}
COMMAND: GET /session/d5f272f198c3c1f43c195f4d238b9983/screenshot - {}
RESULT: {}
COMMAND: POST /session/d5f272f198c3c1f43c195f4d238b9983/execute/async - {"script":"<script> [1562 bytes]","args":[{"selector":{"id":"application-manageresources-display-component---newResourceUnit--TYPE-arrow"},"wdio_ui5_key":"applicationmanageresources-display-component---newResourceUnit--TYPE-arrow"}]}
COMMAND: GET /session/d5f272f198c3c1f43c195f4d238b9983/screenshot - {}
RESULT: {}
RESULT: {"script":"<script> [1562 bytes]","args":[{"selector":{"id":"application-manageresources-display-component---newResourceUnit--TYPE-arrow"},"wdio_ui5_key":"applicationmanageresources-display-component---newResourceUnit--TYPE-arrow"}]}
RESULT: undefined
COMMAND: POST /session/d5f272f198c3c1f43c195f4d238b9983/element - {"using":"xpath","value":"//*[@id=\"application-manageresources-display-component---newResourceUnit--TYPE-arrow\"]"}
RESULT: {}
RESULT: {"using":"xpath","value":"//*[@id=\"application-manageresources-display-component---newResourceUnit--TYPE-arrow\"]"}
COMMAND: POST /session/d5f272f198c3c1f43c195f4d238b9983/element/f.3CB17101AE25630290776882465A9E58.d.209E04C63E5DE135D79EEC9AFA57A63B.e.4482/click - {}
RESULT: {}
COMMAND: POST /session/d5f272f198c3c1f43c195f4d238b9983/execute/async - {"script":"<script> [1562 bytes]","args":[{"selector":{"controlType":"sap.m.StandardListItem","viewName":"reusables.view.manageresources.NewResourceUnit","viewId":"application-manageresources-display-component---newResourceUnit","properties":{"title":"Material"},"searchOpenDialogs":true,"interaction":{"idSuffix":"titleText"}},"wdio_ui5_key":"reusablesview.manageresources.NewResourceUnitsap.m.StandardListItem{\"title\":\"Material\"}"}]}
COMMAND: GET /session/d5f272f198c3c1f43c195f4d238b9983/screenshot - {}
RESULT: {"script":"<script> [1562 bytes]","args":[{"selector":{"controlType":"sap.m.StandardListItem","viewName":"reusables.view.manageresources.NewResourceUnit","viewId":"application-manageresources-display-component---newResourceUnit","properties":{"title":"Material"},"searchOpenDialogs":true,"interaction":{"idSuffix":"titleText"}},"wdio_ui5_key":"reusablesview.manageresources.NewResourceUnitsap.m.StandardListItem{\"title\":\"Material\"}"}]}
RESULT: undefined
COMMAND: POST /session/d5f272f198c3c1f43c195f4d238b9983/element - {"using":"xpath","value":"//*[@id=\"__item3760\"]"}
RESULT: {}
RESULT: {"using":"xpath","value":"//*[@id=\"__item3760\"]"}
COMMAND: POST /session/d5f272f198c3c1f43c195f4d238b9983/element/f.3CB17101AE25630290776882465A9E58.d.209E04C63E5DE135D79EEC9AFA57A63B.e.4485/click - {}
RESULT: {}
COMMAND: POST /session/d5f272f198c3c1f43c195f4d238b9983/execute/async - {"script":"<script> [1562 bytes]","args":[{"selector":{"id":"application-manageresources-display-component---newResourceUnit--SHORT_TEXT","interaction":{"idSuffix":"inner"}},"wdio_ui5_key":"applicationmanageresources-display-component---newResourceUnit--SHORT_TEXT"}]}
COMMAND: GET /session/d5f272f198c3c1f43c195f4d238b9983/screenshot - {}
RESULT: {"script":"<script> [1562 bytes]","args":[{"selector":{"id":"application-manageresources-display-component---newResourceUnit--SHORT_TEXT","interaction":{"idSuffix":"inner"}},"wdio_ui5_key":"applicationmanageresources-display-component---newResourceUnit--SHORT_TEXT"}]}
RESULT: undefined
COMMAND: POST /session/d5f272f198c3c1f43c195f4d238b9983/execute/async - {"script":"<script> [776 bytes]","args":[{"enterText":"WebdriverRUR2Cgx3p4","selector":{"id":"application-manageresources-display-component---newResourceUnit--SHORT_TEXT","interaction":{"idSuffix":"inner"}},"clearTextFirst":true,"interactionType":"ENTER_TEXT"}]}
RESULT: {}
RESULT: {"script":"<script> [776 bytes]","args":[{"enterText":"WebdriverRUR2Cgx3p4","selector":{"id":"application-manageresources-display-component---newResourceUnit--SHORT_TEXT","interaction":{"idSuffix":"inner"}},"clearTextFirst":true,"interactionType":"ENTER_TEXT"}]}
COMMAND: POST /session/d5f272f198c3c1f43c195f4d238b9983/execute/async - {"script":"<script> [1562 bytes]","args":[{"selector":{"id":"application-manageresources-display-component---newResourceUnit--BASE_UNIT_OF_MEASURE-arrow"},"wdio_ui5_key":"applicationmanageresources-display-component---newResourceUnit--BASE_UNIT_OF_MEASURE-arrow"}]}
RESULT: {"script":"<script> [1562 bytes]","args":[{"selector":{"id":"application-manageresources-display-component---newResourceUnit--BASE_UNIT_OF_MEASURE-arrow"},"wdio_ui5_key":"applicationmanageresources-display-component---newResourceUnit--BASE_UNIT_OF_MEASURE-arrow"}]}
RESULT: undefined
COMMAND: POST /session/d5f272f198c3c1f43c195f4d238b9983/element - {"using":"xpath","value":"//*[@id=\"application-manageresources-display-component---newResourceUnit--BASE_UNIT_OF_MEASURE-arrow\"]"}
RESULT: {"using":"xpath","value":"//*[@id=\"application-manageresources-display-component---newResourceUnit--BASE_UNIT_OF_MEASURE-arrow\"]"}
COMMAND: POST /session/d5f272f198c3c1f43c195f4d238b9983/element/f.3CB17101AE25630290776882465A9E58.d.209E04C63E5DE135D79EEC9AFA57A63B.e.4541/click - {}
RESULT: {}
COMMAND: POST /session/d5f272f198c3c1f43c195f4d238b9983/execute/async - {"script":"<script> [1562 bytes]","args":[{"selector":{"controlType":"sap.m.StandardListItem","viewName":"reusables.view.manageresources.NewResourceUnit","viewId":"application-manageresources-display-component---newResourceUnit","properties":{"title":"Piece"},"searchOpenDialogs":true,"interaction":{"idSuffix":"titleText"}},"wdio_ui5_key":"reusablesview.manageresources.NewResourceUnitsap.m.StandardListItem{\"title\":\"Piece\"}"}]}
COMMAND: GET /session/d5f272f198c3c1f43c195f4d238b9983/screenshot - {}
RESULT: {"script":"<script> [1562 bytes]","args":[{"selector":{"controlType":"sap.m.StandardListItem","viewName":"reusables.view.manageresources.NewResourceUnit","viewId":"application-manageresources-display-component---newResourceUnit","properties":{"title":"Piece"},"searchOpenDialogs":true,"interaction":{"idSuffix":"titleText"}},"wdio_ui5_key":"reusablesview.manageresources.NewResourceUnitsap.m.StandardListItem{\"title\":\"Piece\"}"}]}
RESULT: undefined
COMMAND: POST /session/d5f272f198c3c1f43c195f4d238b9983/element - {"using":"xpath","value":"//*[@id=\"__item3804\"]"}
RESULT: {}
RESULT: {"using":"xpath","value":"//*[@id=\"__item3804\"]"}
COMMAND: POST /session/d5f272f198c3c1f43c195f4d238b9983/element/f.3CB17101AE25630290776882465A9E58.d.209E04C63E5DE135D79EEC9AFA57A63B.e.4543/click - {}
RESULT: {}
COMMAND: POST /session/d5f272f198c3c1f43c195f4d238b9983/element - {"using":"xpath","value":"//input[contains(@id ,\"application-manageresources-display-component---newResourceUnit--SHORT_TEXT-inner\")]"}
COMMAND: GET /session/d5f272f198c3c1f43c195f4d238b9983/screenshot - {}
RESULT: {"using":"xpath","value":"//input[contains(@id ,\"application-manageresources-display-component---newResourceUnit--SHORT_TEXT-inner\")]"}
COMMAND: GET /session/d5f272f198c3c1f43c195f4d238b9983/element/f.3CB17101AE25630290776882465A9E58.d.209E04C63E5DE135D79EEC9AFA57A63B.e.4502/property/value - {}
RESULT: {}
RESULT: {}
COMMAND: POST /session/d5f272f198c3c1f43c195f4d238b9983/execute/async - {"script":"<script> [1562 bytes]","args":[{"selector":{"id":"application-manageresources-display-component---newResourceUnit--WEIGHT_UNIT-arrow"},"wdio_ui5_key":"applicationmanageresources-display-component---newResourceUnit--WEIGHT_UNIT-arrow"}]}
COMMAND: GET /session/d5f272f198c3c1f43c195f4d238b9983/screenshot - {}
RESULT: {"script":"<script> [1562 bytes]","args":[{"selector":{"id":"application-manageresources-display-component---newResourceUnit--WEIGHT_UNIT-arrow"},"wdio_ui5_key":"applicationmanageresources-display-component---newResourceUnit--WEIGHT_UNIT-arrow"}]}
RESULT: undefined
COMMAND: POST /session/d5f272f198c3c1f43c195f4d238b9983/element - {"using":"xpath","value":"//*[@id=\"application-manageresources-display-component---newResourceUnit--WEIGHT_UNIT-arrow\"]"}
RESULT: {}
RESULT: {"using":"xpath","value":"//*[@id=\"application-manageresources-display-component---newResourceUnit--WEIGHT_UNIT-arrow\"]"}
COMMAND: POST /session/d5f272f198c3c1f43c195f4d238b9983/element/f.3CB17101AE25630290776882465A9E58.d.209E04C63E5DE135D79EEC9AFA57A63B.e.4544/click - {}
RESULT: {}
COMMAND: POST /session/d5f272f198c3c1f43c195f4d238b9983/execute/async - {"script":"<script> [1562 bytes]","args":[{"selector":{"controlType":"sap.m.StandardListItem","viewName":"reusables.view.manageresources.NewResourceUnit","viewId":"application-manageresources-display-component---newResourceUnit","properties":{"title":"Gram"},"searchOpenDialogs":true,"interaction":{"idSuffix":"content"}},"wdio_ui5_key":"reusablesview.manageresources.NewResourceUnitsap.m.StandardListItem{\"title\":\"Gram\"}"}]}
COMMAND: GET /session/d5f272f198c3c1f43c195f4d238b9983/screenshot - {}
RESULT: {"script":"<script> [1562 bytes]","args":[{"selector":{"controlType":"sap.m.StandardListItem","viewName":"reusables.view.manageresources.NewResourceUnit","viewId":"application-manageresources-display-component---newResourceUnit","properties":{"title":"Gram"},"searchOpenDialogs":true,"interaction":{"idSuffix":"content"}},"wdio_ui5_key":"reusablesview.manageresources.NewResourceUnitsap.m.StandardListItem{\"title\":\"Gram\"}"}]}
RESULT: undefined
COMMAND: POST /session/d5f272f198c3c1f43c195f4d238b9983/element - {"using":"xpath","value":"//*[@id=\"__item3869\"]"}
RESULT: {}
RESULT: {"using":"xpath","value":"//*[@id=\"__item3869\"]"}
COMMAND: POST /session/d5f272f198c3c1f43c195f4d238b9983/element/f.3CB17101AE25630290776882465A9E58.d.209E04C63E5DE135D79EEC9AFA57A63B.e.4546/click - {}
RESULT: {}
COMMAND: POST /session/d5f272f198c3c1f43c195f4d238b9983/execute/async - {"script":"<script> [1562 bytes]","args":[{"selector":{"id":"application-manageresources-display-component---newResourceUnit--newRRUPage-OPHeaderContent-collapseBtn-img"},"wdio_ui5_key":"applicationmanageresources-display-component---newResourceUnit--newRRUPage-OPHeaderContent-collapseBtn-img"}]}
COMMAND: GET /session/d5f272f198c3c1f43c195f4d238b9983/screenshot - {}
RESULT: {"script":"<script> [1562 bytes]","args":[{"selector":{"id":"application-manageresources-display-component---newResourceUnit--newRRUPage-OPHeaderContent-collapseBtn-img"},"wdio_ui5_key":"applicationmanageresources-display-component---newResourceUnit--newRRUPage-OPHeaderContent-collapseBtn-img"}]}
RESULT: undefined
COMMAND: POST /session/d5f272f198c3c1f43c195f4d238b9983/element - {"using":"xpath","value":"//*[@id=\"application-manageresources-display-component---newResourceUnit--newRRUPage-OPHeaderContent-collapseBtn-img\"]"}
RESULT: {}
RESULT: {"using":"xpath","value":"//*[@id=\"application-manageresources-display-component---newResourceUnit--newRRUPage-OPHeaderContent-collapseBtn-img\"]"}
COMMAND: POST /session/d5f272f198c3c1f43c195f4d238b9983/element/f.3CB17101AE25630290776882465A9E58.d.209E04C63E5DE135D79EEC9AFA57A63B.e.4492/click - {}
RESULT: {}
COMMAND: GET /session/d5f272f198c3c1f43c195f4d238b9983/screenshot - {}
RESULT: {}
COMMAND: POST /session/d5f272f198c3c1f43c195f4d238b9983/element - {"using":"xpath","value":"(//span[contains(@id ,\"application-manageresources-display-component---newResourceUnit--DIMENSION_UNIT-arrow\")])[1]"}
RESULT: {"using":"xpath","value":"(//span[contains(@id ,\"application-manageresources-display-component---newResourceUnit--DIMENSION_UNIT-arrow\")])[1]"}
COMMAND: POST /session/d5f272f198c3c1f43c195f4d238b9983/element/f.3CB17101AE25630290776882465A9E58.d.209E04C63E5DE135D79EEC9AFA57A63B.e.4552/click - {}
RESULT: {}
COMMAND: GET /session/d5f272f198c3c1f43c195f4d238b9983/screenshot - {}
RESULT: {}
COMMAND: POST /session/d5f272f198c3c1f43c195f4d238b9983/execute/async - {"script":"<script> [1562 bytes]","args":[{"selector":{"controlType":"sap.m.StandardListItem","viewName":"reusables.view.manageresources.NewResourceUnit","viewId":"application-manageresources-display-component---newResourceUnit","properties":{"title":"Centimeter"},"searchOpenDialogs":true,"interaction":{"idSuffix":"titleText"}},"wdio_ui5_key":"reusablesview.manageresources.NewResourceUnitsap.m.StandardListItem{\"title\":\"Centimeter\"}"}]}
RESULT: {"script":"<script> [1562 bytes]","args":[{"selector":{"controlType":"sap.m.StandardListItem","viewName":"reusables.view.manageresources.NewResourceUnit","viewId":"application-manageresources-display-component---newResourceUnit","properties":{"title":"Centimeter"},"searchOpenDialogs":true,"interaction":{"idSuffix":"titleText"}},"wdio_ui5_key":"reusablesview.manageresources.NewResourceUnitsap.m.StandardListItem{\"title\":\"Centimeter\"}"}]}
RESULT: undefined
COMMAND: POST /session/d5f272f198c3c1f43c195f4d238b9983/element - {"using":"xpath","value":"//*[@id=\"__item3872\"]"}
RESULT: {"using":"xpath","value":"//*[@id=\"__item3872\"]"}
COMMAND: POST /session/d5f272f198c3c1f43c195f4d238b9983/element/f.3CB17101AE25630290776882465A9E58.d.209E04C63E5DE135D79EEC9AFA57A63B.e.4554/click - {}
RESULT: {}
COMMAND: POST /session/d5f272f198c3c1f43c195f4d238b9983/execute/async - {"script":"<script> [1562 bytes]","args":[{"selector":{"id":"application-manageresources-display-component---newResourceUnit--newRRUPage-anchBar-application-manageresources-display-component---newResourceUnit--reference-anchor","interaction":{"idSuffix":"BDI-content"}},"wdio_ui5_key":"applicationmanageresources-display-component---newResourceUnit--newRRUPage-anchBar-application-manageresources-display-component---newResourceUnit--reference-anchor"}]}
COMMAND: GET /session/d5f272f198c3c1f43c195f4d238b9983/screenshot - {}
RESULT: {"script":"<script> [1562 bytes]","args":[{"selector":{"id":"application-manageresources-display-component---newResourceUnit--newRRUPage-anchBar-application-manageresources-display-component---newResourceUnit--reference-anchor","interaction":{"idSuffix":"BDI-content"}},"wdio_ui5_key":"applicationmanageresources-display-component---newResourceUnit--newRRUPage-anchBar-application-manageresources-display-component---newResourceUnit--reference-anchor"}]}
RESULT: undefined
COMMAND: POST /session/d5f272f198c3c1f43c195f4d238b9983/element - {"using":"xpath","value":"//*[@id=\"application-manageresources-display-component---newResourceUnit--newRRUPage-anchBar-application-manageresources-display-component---newResourceUnit--reference-anchor\"]"}
RESULT: {}
RESULT: {"using":"xpath","value":"//*[@id=\"application-manageresources-display-component---newResourceUnit--newRRUPage-anchBar-application-manageresources-display-component---newResourceUnit--reference-anchor\"]"}
COMMAND: POST /session/d5f272f198c3c1f43c195f4d238b9983/element/f.3CB17101AE25630290776882465A9E58.d.209E04C63E5DE135D79EEC9AFA57A63B.e.4556/click - {}
RESULT: {}
COMMAND: POST /session/d5f272f198c3c1f43c195f4d238b9983/execute/async - {"script":"<script> [1562 bytes]","args":[{"selector":{"id":"application-manageresources-display-component---newResourceUnit--PLANNING_GROUP-arrow"},"wdio_ui5_key":"applicationmanageresources-display-component---newResourceUnit--PLANNING_GROUP-arrow"}]}
COMMAND: GET /session/d5f272f198c3c1f43c195f4d238b9983/screenshot - {}
RESULT: {"script":"<script> [1562 bytes]","args":[{"selector":{"id":"application-manageresources-display-component---newResourceUnit--PLANNING_GROUP-arrow"},"wdio_ui5_key":"applicationmanageresources-display-component---newResourceUnit--PLANNING_GROUP-arrow"}]}
RESULT: undefined
COMMAND: POST /session/d5f272f198c3c1f43c195f4d238b9983/element - {"using":"xpath","value":"//*[@id=\"application-manageresources-display-component---newResourceUnit--PLANNING_GROUP-arrow\"]"}
RESULT: {}
RESULT: {"using":"xpath","value":"//*[@id=\"application-manageresources-display-component---newResourceUnit--PLANNING_GROUP-arrow\"]"}
COMMAND: POST /session/d5f272f198c3c1f43c195f4d238b9983/element/f.3CB17101AE25630290776882465A9E58.d.209E04C63E5DE135D79EEC9AFA57A63B.e.4560/click - {}
RESULT: {}
COMMAND: POST /session/d5f272f198c3c1f43c195f4d238b9983/execute/async - {"script":"<script> [1562 bytes]","args":[{"selector":{"controlType":"sap.m.StandardListItem","viewName":"reusables.view.manageresources.NewResourceUnit","viewId":"application-manageresources-display-component---newResourceUnit","properties":{"title":"Heavy Equi"},"searchOpenDialogs":true,"interaction":{"idSuffix":"content"}},"wdio_ui5_key":"reusablesview.manageresources.NewResourceUnitsap.m.StandardListItem{\"title\":\"Heavy Equi\"}"}]}
COMMAND: GET /session/d5f272f198c3c1f43c195f4d238b9983/screenshot - {}
RESULT: {"script":"<script> [1562 bytes]","args":[{"selector":{"controlType":"sap.m.StandardListItem","viewName":"reusables.view.manageresources.NewResourceUnit","viewId":"application-manageresources-display-component---newResourceUnit","properties":{"title":"Heavy Equi"},"searchOpenDialogs":true,"interaction":{"idSuffix":"content"}},"wdio_ui5_key":"reusablesview.manageresources.NewResourceUnitsap.m.StandardListItem{\"title\":\"Heavy Equi\"}"}]}
RESULT: undefined
COMMAND: POST /session/d5f272f198c3c1f43c195f4d238b9983/element - {"using":"xpath","value":"//*[@id=\"__item3880\"]"}
RESULT: {}
RESULT: {"using":"xpath","value":"//*[@id=\"__item3880\"]"}
COMMAND: POST /session/d5f272f198c3c1f43c195f4d238b9983/element/f.3CB17101AE25630290776882465A9E58.d.209E04C63E5DE135D79EEC9AFA57A63B.e.4564/click - {}
RESULT: {}
COMMAND: GET /session/d5f272f198c3c1f43c195f4d238b9983/screenshot - {}
RESULT: {}
COMMAND: POST /session/d5f272f198c3c1f43c195f4d238b9983/execute/async - {"script":"<script> [1562 bytes]","args":[{"selector":{"id":"application-manageresources-display-component---newResourceUnit--PLANNING_INDICATOR-arrow"},"wdio_ui5_key":"applicationmanageresources-display-component---newResourceUnit--PLANNING_INDICATOR-arrow"}]}
RESULT: {"script":"<script> [1562 bytes]","args":[{"selector":{"id":"application-manageresources-display-component---newResourceUnit--PLANNING_INDICATOR-arrow"},"wdio_ui5_key":"applicationmanageresources-display-component---newResourceUnit--PLANNING_INDICATOR-arrow"}]}
RESULT: undefined
COMMAND: POST /session/d5f272f198c3c1f43c195f4d238b9983/element - {"using":"xpath","value":"//*[@id=\"application-manageresources-display-component---newResourceUnit--PLANNING_INDICATOR-arrow\"]"}
RESULT: {"using":"xpath","value":"//*[@id=\"application-manageresources-display-component---newResourceUnit--PLANNING_INDICATOR-arrow\"]"}
COMMAND: POST /session/d5f272f198c3c1f43c195f4d238b9983/element/f.3CB17101AE25630290776882465A9E58.d.209E04C63E5DE135D79EEC9AFA57A63B.e.4565/click - {}
RESULT: {}
COMMAND: POST /session/d5f272f198c3c1f43c195f4d238b9983/execute/async - {"script":"<script> [1562 bytes]","args":[{"selector":{"controlType":"sap.m.StandardListItem","viewName":"reusables.view.manageresources.NewResourceUnit","viewId":"application-manageresources-display-component---newResourceUnit","properties":{"title":"10 - infinite"},"searchOpenDialogs":true,"interaction":{"idSuffix":"content"}},"wdio_ui5_key":"reusablesview.manageresources.NewResourceUnitsap.m.StandardListItem{\"title\":\"10 - infinite\"}"}]}
COMMAND: GET /session/d5f272f198c3c1f43c195f4d238b9983/screenshot - {}
RESULT: {"script":"<script> [1562 bytes]","args":[{"selector":{"controlType":"sap.m.StandardListItem","viewName":"reusables.view.manageresources.NewResourceUnit","viewId":"application-manageresources-display-component---newResourceUnit","properties":{"title":"10 - infinite"},"searchOpenDialogs":true,"interaction":{"idSuffix":"content"}},"wdio_ui5_key":"reusablesview.manageresources.NewResourceUnitsap.m.StandardListItem{\"title\":\"10 - infinite\"}"}]}
RESULT: undefined
COMMAND: POST /session/d5f272f198c3c1f43c195f4d238b9983/element - {"using":"xpath","value":"//*[@id=\"__item3890\"]"}
RESULT: {}
RESULT: {"using":"xpath","value":"//*[@id=\"__item3890\"]"}
COMMAND: POST /session/d5f272f198c3c1f43c195f4d238b9983/element/f.3CB17101AE25630290776882465A9E58.d.209E04C63E5DE135D79EEC9AFA57A63B.e.4567/click - {}
RESULT: {}
COMMAND: GET /session/d5f272f198c3c1f43c195f4d238b9983/screenshot - {}
RESULT: {}
COMMAND: POST /session/d5f272f198c3c1f43c195f4d238b9983/element - {"using":"xpath","value":"//bdi[contains(text(), \"Time Segment\")]"}
RESULT: {"using":"xpath","value":"//bdi[contains(text(), \"Time Segment\")]"}
COMMAND: GET /session/d5f272f198c3c1f43c195f4d238b9983/element/f.3CB17101AE25630290776882465A9E58.d.209E04C63E5DE135D79EEC9AFA57A63B.e.4568/rect - {}
RESULT: {}
COMMAND: GET /session/d5f272f198c3c1f43c195f4d238b9983/window/rect - {}
RESULT: {}
COMMAND: POST /session/d5f272f198c3c1f43c195f4d238b9983/execute/sync - {"script":"<script> [92 bytes]","args":[]}
RESULT: {"script":"<script> [92 bytes]","args":[]}
COMMAND: POST /session/d5f272f198c3c1f43c195f4d238b9983/actions - {"actions":[{"id":"action34","type":"wheel","parameters":{},"actions":[{"type":"scroll","x":-1820,"y":-21,"deltaX":0,"deltaY":0,"duration":0,"origin":{"element-6066-11e4-a52e-4f735466cecf":"f.3CB17101AE25630290776882465A9E58.d.209E04C63E5DE135D79EEC9AFA57A63B.e.4568"}}]}]}
COMMAND: GET /session/d5f272f198c3c1f43c195f4d238b9983/screenshot - {}
RESULT: {}
COMMAND: POST /session/d5f272f198c3c1f43c195f4d238b9983/execute/sync - {"script":"<script> [79 bytes]","args":[{"element-6066-11e4-a52e-4f735466cecf":"f.3CB17101AE25630290776882465A9E58.d.209E04C63E5DE135D79EEC9AFA57A63B.e.4568","ELEMENT":"f.3CB17101AE25630290776882465A9E58.d.209E04C63E5DE135D79EEC9AFA57A63B.e.4568"},{"block":"start","inline":"nearest"}]}
RESULT: {"script":"<script> [79 bytes]","args":[{"element-6066-11e4-a52e-4f735466cecf":"f.3CB17101AE25630290776882465A9E58.d.209E04C63E5DE135D79EEC9AFA57A63B.e.4568","ELEMENT":"f.3CB17101AE25630290776882465A9E58.d.209E04C63E5DE135D79EEC9AFA57A63B.e.4568"},{"block":"start","inline":"nearest"}]}
COMMAND: GET /session/d5f272f198c3c1f43c195f4d238b9983/screenshot - {}
RESULT: {}
COMMAND: POST /session/d5f272f198c3c1f43c195f4d238b9983/element - {"using":"xpath","value":"//span[@id=\"application-manageresources-display-component---newResourceUnit--btnAddTimeSegment-img\"]"}
RESULT: {"using":"xpath","value":"//span[@id=\"application-manageresources-display-component---newResourceUnit--btnAddTimeSegment-img\"]"}
COMMAND: POST /session/d5f272f198c3c1f43c195f4d238b9983/execute/sync - {"script":"<script> [8489 bytes]","args":[{"element-6066-11e4-a52e-4f735466cecf":"f.3CB17101AE25630290776882465A9E58.d.209E04C63E5DE135D79EEC9AFA57A63B.e.4571","ELEMENT":"f.3CB17101AE25630290776882465A9E58.d.209E04C63E5DE135D79EEC9AFA57A63B.e.4571"}]}
RESULT: {"script":"<script> [8489 bytes]","args":[{"element-6066-11e4-a52e-4f735466cecf":"f.3CB17101AE25630290776882465A9E58.d.209E04C63E5DE135D79EEC9AFA57A63B.e.4571","ELEMENT":"f.3CB17101AE25630290776882465A9E58.d.209E04C63E5DE135D79EEC9AFA57A63B.e.4571"}]}
COMMAND: POST /session/d5f272f198c3c1f43c195f4d238b9983/element/f.3CB17101AE25630290776882465A9E58.d.209E04C63E5DE135D79EEC9AFA57A63B.e.4571/click - {}
COMMAND: GET /session/d5f272f198c3c1f43c195f4d238b9983/screenshot - {}
RESULT: {}
COMMAND: GET /session/d5f272f198c3c1f43c195f4d238b9983/screenshot - {}
COMMAND: POST /session/d5f272f198c3c1f43c195f4d238b9983/element - {"using":"xpath","value":"//input[@id=\"application-manageresources-display-component---newResourceUnit--idRuTSAdmin-application-manageresources-display-component---newResourceUnit--RUTimeSegment-0-inner\"]"}
RESULT: {}
RESULT: {}
RESULT: {"using":"xpath","value":"//input[@id=\"application-manageresources-display-component---newResourceUnit--idRuTSAdmin-application-manageresources-display-component---newResourceUnit--RUTimeSegment-0-inner\"]"}
COMMAND: POST /session/d5f272f198c3c1f43c195f4d238b9983/element/f.3CB17101AE25630290776882465A9E58.d.209E04C63E5DE135D79EEC9AFA57A63B.e.4574/clear - {}
RESULT: {}
COMMAND: POST /session/d5f272f198c3c1f43c195f4d238b9983/element/f.3CB17101AE25630290776882465A9E58.d.209E04C63E5DE135D79EEC9AFA57A63B.e.4574/value - {"text":"WebdriverYardrjtc1"}
COMMAND: GET /session/d5f272f198c3c1f43c195f4d238b9983/screenshot - {}
RESULT: {"text":"WebdriverYardrjtc1"}
COMMAND: GET /session/d5f272f198c3c1f43c195f4d238b9983/screenshot - {}
RESULT: {}
RESULT: {}
COMMAND: POST /session/d5f272f198c3c1f43c195f4d238b9983/actions - {"actions":[{"id":"action35","type":"key","parameters":{},"actions":[{"type":"keyDown","value":"î€‡"},{"type":"pause","duration":10},{"type":"keyUp","value":"î€‡"}]}]}
RESULT: {"actions":[{"id":"action35","type":"key","parameters":{},"actions":[{"type":"keyDown","value":"î€‡"},{"type":"pause","duration":10},{"type":"keyUp","value":"î€‡"}]}]}
COMMAND: GET /session/d5f272f198c3c1f43c195f4d238b9983/screenshot - {}
RESULT: {}
COMMAND: POST /session/d5f272f198c3c1f43c195f4d238b9983/execute/async - {"script":"<script> [1562 bytes]","args":[{"selector":{"controlType":"sap.m.Button","viewName":"reusables.view.manageresources.NewResourceUnit","viewId":"application-manageresources-display-component---newResourceUnit","i18NText":{"propertyName":"tooltip","key":"save"},"interaction":{"idSuffix":"BDI-content"}},"wdio_ui5_key":"reusablesview.manageresources.NewResourceUnitsap.m.Button{\"propertyName\":\"tooltip\",\"key\":\"save\"}"}]}
RESULT: {"script":"<script> [1562 bytes]","args":[{"selector":{"controlType":"sap.m.Button","viewName":"reusables.view.manageresources.NewResourceUnit","viewId":"application-manageresources-display-component---newResourceUnit","i18NText":{"propertyName":"tooltip","key":"save"},"interaction":{"idSuffix":"BDI-content"}},"wdio_ui5_key":"reusablesview.manageresources.NewResourceUnitsap.m.Button{\"propertyName\":\"tooltip\",\"key\":\"save\"}"}]}
RESULT: undefined
COMMAND: POST /session/d5f272f198c3c1f43c195f4d238b9983/element - {"using":"xpath","value":"//*[@id=\"application-manageresources-display-component---newResourceUnit--createRuButton\"]"}
RESULT: {"using":"xpath","value":"//*[@id=\"application-manageresources-display-component---newResourceUnit--createRuButton\"]"}
COMMAND: POST /session/d5f272f198c3c1f43c195f4d238b9983/element/f.3CB17101AE25630290776882465A9E58.d.209E04C63E5DE135D79EEC9AFA57A63B.e.4498/click - {}
RESULT: {}
COMMAND: GET /session/d5f272f198c3c1f43c195f4d238b9983/screenshot - {}
RESULT: {}
COMMAND: POST /session/d5f272f198c3c1f43c195f4d238b9983/execute/async - {"script":"<script> [1562 bytes]","args":[{"selector":{"controlType":"sap.m.Title","properties":{"text":"Success"},"searchOpenDialogs":true},"wdio_ui5_key":"sapm.Title{\"text\":\"Success\"}"}]}
RESULT: {"script":"<script> [1562 bytes]","args":[{"selector":{"controlType":"sap.m.Title","properties":{"text":"Success"},"searchOpenDialogs":true},"wdio_ui5_key":"sapm.Title{\"text\":\"Success\"}"}]}
RESULT: undefined
COMMAND: POST /session/d5f272f198c3c1f43c195f4d238b9983/execute/async - {"script":"<script> [6424 bytes]","args":[{"element-6066-11e4-a52e-4f735466cecf":"f.3CB17101AE25630290776882465A9E58.d.209E04C63E5DE135D79EEC9AFA57A63B.e.4590"},"getText",[]]}
RESULT: {"script":"<script> [6424 bytes]","args":[{"element-6066-11e4-a52e-4f735466cecf":"f.3CB17101AE25630290776882465A9E58.d.209E04C63E5DE135D79EEC9AFA57A63B.e.4590"},"getText",[]]}
COMMAND: POST /session/d5f272f198c3c1f43c195f4d238b9983/element - {"using":"xpath","value":"//*[contains(@id, '__text') and (contains(text(), 'successfully created') or contains(., 'successfully created'))]"}
RESULT: {"using":"xpath","value":"//*[contains(@id, '__text') and (contains(text(), 'successfully created') or contains(., 'successfully created'))]"}
COMMAND: GET /session/d5f272f198c3c1f43c195f4d238b9983/element/f.3CB17101AE25630290776882465A9E58.d.209E04C63E5DE135D79EEC9AFA57A63B.e.4589/text - {}
RESULT: {}
COMMAND: POST /session/d5f272f198c3c1f43c195f4d238b9983/execute/async - {"script":"<script> [1562 bytes]","args":[{"selector":{"controlType":"sap.m.Button","properties":{"text":"Close"},"searchOpenDialogs":true,"interaction":{"idSuffix":"BDI-content"}},"wdio_ui5_key":"sapm.Button{\"text\":\"Close\"}"}]}
RESULT: {"script":"<script> [1562 bytes]","args":[{"selector":{"controlType":"sap.m.Button","properties":{"text":"Close"},"searchOpenDialogs":true,"interaction":{"idSuffix":"BDI-content"}},"wdio_ui5_key":"sapm.Button{\"text\":\"Close\"}"}]}
RESULT: undefined
COMMAND: POST /session/d5f272f198c3c1f43c195f4d238b9983/element - {"using":"xpath","value":"//*[@id=\"__mbox-btn-1\"]"}
RESULT: {"using":"xpath","value":"//*[@id=\"__mbox-btn-1\"]"}
COMMAND: POST /session/d5f272f198c3c1f43c195f4d238b9983/element/f.3CB17101AE25630290776882465A9E58.d.209E04C63E5DE135D79EEC9AFA57A63B.e.4587/click - {}
RESULT: {}
COMMAND: GET /session/d5f272f198c3c1f43c195f4d238b9983/screenshot - {}
RESULT: {}
COMMAND: POST /session/d5f272f198c3c1f43c195f4d238b9983/execute/async - {"script":"<script> [1562 bytes]","args":[{"selector":{"controlType":"sap.ui.core.Icon","viewName":"etm.portal.ui.manageresources.view.Detail","viewId":"application-manageresources-display-component---detailRU","properties":{"src":{"regex":{"source":"overflow"}}}},"wdio_ui5_key":"etmportal.ui.manageresources.view.Detailsap.ui.core.Icon{\"src\":{\"regex\":{\"source\":\"overflow\"}}}"}]}
RESULT: {"script":"<script> [1562 bytes]","args":[{"selector":{"controlType":"sap.ui.core.Icon","viewName":"etm.portal.ui.manageresources.view.Detail","viewId":"application-manageresources-display-component---detailRU","properties":{"src":{"regex":{"source":"overflow"}}}},"wdio_ui5_key":"etmportal.ui.manageresources.view.Detailsap.ui.core.Icon{\"src\":{\"regex\":{\"source\":\"overflow\"}}}"}]}
RESULT: undefined
COMMAND: POST /session/d5f272f198c3c1f43c195f4d238b9983/element - {"using":"xpath","value":"//*[@id=\"__title82-_actionsToolbar-overflowButton-img\"]"}
RESULT: {"using":"xpath","value":"//*[@id=\"__title82-_actionsToolbar-overflowButton-img\"]"}
COMMAND: POST /session/d5f272f198c3c1f43c195f4d238b9983/element/f.3CB17101AE25630290776882465A9E58.d.209E04C63E5DE135D79EEC9AFA57A63B.e.4619/click - {}
RESULT: {}
COMMAND: POST /session/d5f272f198c3c1f43c195f4d238b9983/execute/async - {"script":"<script> [1562 bytes]","args":[{"selector":{"controlType":"sap.m.Button","viewName":"etm.portal.ui.manageresources.view.Detail","viewId":"application-manageresources-display-component---detailRU","i18NText":{"propertyName":"tooltip","key":"closeColumn"},"searchOpenDialogs":true,"interaction":{"idSuffix":"inner"}},"wdio_ui5_key":"etmportal.ui.manageresources.view.Detailsap.m.Button{\"propertyName\":\"tooltip\",\"key\":\"closeColumn\"}"}]}
COMMAND: GET /session/d5f272f198c3c1f43c195f4d238b9983/screenshot - {}
RESULT: {"script":"<script> [1562 bytes]","args":[{"selector":{"controlType":"sap.m.Button","viewName":"etm.portal.ui.manageresources.view.Detail","viewId":"application-manageresources-display-component---detailRU","i18NText":{"propertyName":"tooltip","key":"closeColumn"},"searchOpenDialogs":true,"interaction":{"idSuffix":"inner"}},"wdio_ui5_key":"etmportal.ui.manageresources.view.Detailsap.m.Button{\"propertyName\":\"tooltip\",\"key\":\"closeColumn\"}"}]}
RESULT: undefined
COMMAND: POST /session/d5f272f198c3c1f43c195f4d238b9983/element - {"using":"xpath","value":"//*[@id=\"__button251\"]"}
RESULT: {}
RESULT: {"using":"xpath","value":"//*[@id=\"__button251\"]"}
COMMAND: POST /session/d5f272f198c3c1f43c195f4d238b9983/element/f.3CB17101AE25630290776882465A9E58.d.209E04C63E5DE135D79EEC9AFA57A63B.e.4621/click - {}
RESULT: {}
COMMAND: GET /session/d5f272f198c3c1f43c195f4d238b9983/screenshot - {}
RESULT: {}
COMMAND: POST /session/d5f272f198c3c1f43c195f4d238b9983/refresh - {}
RESULT: {}
COMMAND: GET /session/d5f272f198c3c1f43c195f4d238b9983/screenshot - {}
RESULT: {}
COMMAND: POST /session/d5f272f198c3c1f43c195f4d238b9983/execute/async - {"script":"<script> [189 bytes]","args":[]}
RESULT: {"script":"<script> [189 bytes]","args":[]}
COMMAND: POST /session/d5f272f198c3c1f43c195f4d238b9983/execute/async - {"script":"<script> [123 bytes]","args":[]}
RESULT: {"script":"<script> [123 bytes]","args":[]}
COMMAND: POST /session/d5f272f198c3c1f43c195f4d238b9983/timeouts - {"script":"<number>"}
RESULT: {"script":"<number>"}
COMMAND: GET /session/d5f272f198c3c1f43c195f4d238b9983/timeouts - {}
RESULT: {}
RESULT: undefined
COMMAND: POST /session/d5f272f198c3c1f43c195f4d238b9983/execute/async - {"script":"<script> [2676 bytes]","args":[]}
RESULT: {"script":"<script> [2676 bytes]","args":[]}
COMMAND: POST /session/d5f272f198c3c1f43c195f4d238b9983/execute/async - {"script":"<script> [2342 bytes]","args":[{"protocol":"http","hostname":"0.0.0.0","path":"/","capabilities":{"browserName":"chrome","goog:chromeOptions":{"binary":"C:\\Program Files\\Google\\Chrome\\Application\\chrome.exe","args":["--start-maximized"]}},"logLevel":"warn","connectionRetryTimeout":120000,"connectionRetryCount":3,"logLevels":{},"enableDirectConnect":true,"strictSSL":true,"_":"65 more keys: [\"cacheDir\",\"port\",\"requestedCapabilities\",\"automationProtocol\",\"baseUrl\",\"waitforInterval\",\"waitforTimeout\",\"onReload\",\"beforeCommand\",\"afterCommand\",\"rootDir\",\"specs\",\"suites\",\"exclude\",\"groupLogsByTestSpec\",\"excludeDriverLogs\",\"bail\",\"framework\",\"reporters\",\"services\",\"maxInstances\",\"maxInstancesPerCapability\",\"injectGlobals\",\"filesToWatch\",\"execArgv\",\"runnerEnv\",\"runner\",\"shard\",\"specFileRetries\",\"specFileRetriesDelay\",\"specFileRetriesDeferred\",\"reporterSyncInterval\",\"reporterSyncTimeout\",\"cucumberFeaturesWithLineNumbers\",\"autoCompileOpts\",\"mochaOpts\",\"jasmineOpts\",\"cucumberOpts\",\"onPrepare\",\"onWorkerStart\",\"onWorkerEnd\",\"before\",\"beforeSession\",\"beforeSuite\",\"beforeHook\",\"beforeTest\",\"afterTest\",\"afterHook\",\"afterSuite\",\"afterSession\",\"after\",\"onComplete\",\"beforeAssertion\",\"afterAssertion\",\"beforeFeature\",\"beforeScenario\",\"beforeStep\",\"afterStep\",\"afterScenario\",\"afterFeature\",\"_\",\"suite\",\"$0\",\"ignoredWorkerServices\",\"wdi5\"]"}]}
RESULT: {"script":"<script> [2342 bytes]","args":[{"protocol":"http","hostname":"0.0.0.0","path":"/","capabilities":{"browserName":"chrome","goog:chromeOptions":{"binary":"C:\\Program Files\\Google\\Chrome\\Application\\chrome.exe","args":["--start-maximized"]}},"logLevel":"warn","connectionRetryTimeout":120000,"connectionRetryCount":3,"logLevels":{},"enableDirectConnect":true,"strictSSL":true,"_":"65 more keys: [\"cacheDir\",\"port\",\"requestedCapabilities\",\"automationProtocol\",\"baseUrl\",\"waitforInterval\",\"waitforTimeout\",\"onReload\",\"beforeCommand\",\"afterCommand\",\"rootDir\",\"specs\",\"suites\",\"exclude\",\"groupLogsByTestSpec\",\"excludeDriverLogs\",\"bail\",\"framework\",\"reporters\",\"services\",\"maxInstances\",\"maxInstancesPerCapability\",\"injectGlobals\",\"filesToWatch\",\"execArgv\",\"runnerEnv\",\"runner\",\"shard\",\"specFileRetries\",\"specFileRetriesDelay\",\"specFileRetriesDeferred\",\"reporterSyncInterval\",\"reporterSyncTimeout\",\"cucumberFeaturesWithLineNumbers\",\"autoCompileOpts\",\"mochaOpts\",\"jasmineOpts\",\"cucumberOpts\",\"onPrepare\",\"onWorkerStart\",\"onWorkerEnd\",\"before\",\"beforeSession\",\"beforeSuite\",\"beforeHook\",\"beforeTest\",\"afterTest\",\"afterHook\",\"afterSuite\",\"afterSession\",\"after\",\"onComplete\",\"beforeAssertion\",\"afterAssertion\",\"beforeFeature\",\"beforeScenario\",\"beforeStep\",\"afterStep\",\"afterScenario\",\"afterFeature\",\"_\",\"suite\",\"$0\",\"ignoredWorkerServices\",\"wdi5\"]"}]}
COMMAND: POST /session/d5f272f198c3c1f43c195f4d238b9983/execute/async - {"script":"<script> [21126 bytes]","args":[35000]}
RESULT: {"script":"<script> [21126 bytes]","args":[35000]}
COMMAND: POST /session/d5f272f198c3c1f43c195f4d238b9983/element - {"using":"css selector","value":"#shell-header-logo"}
RESULT: {"using":"css selector","value":"#shell-header-logo"}
COMMAND: POST /session/d5f272f198c3c1f43c195f4d238b9983/element/f.3CB17101AE25630290776882465A9E58.d.26F9C2ED176107D1B8ECFC652E519AE6.e.4698/click - {}
RESULT: {}
COMMAND: GET /session/d5f272f198c3c1f43c195f4d238b9983/screenshot - {}
RESULT: {}
COMMAND: POST /session/d5f272f198c3c1f43c195f4d238b9983/element - {"using":"css selector","value":"#shell-header-logo"}
RESULT: {"using":"css selector","value":"#shell-header-logo"}
COMMAND: POST /session/d5f272f198c3c1f43c195f4d238b9983/element/f.3CB17101AE25630290776882465A9E58.d.26F9C2ED176107D1B8ECFC652E519AE6.e.4872/click - {}
RESULT: {}
COMMAND: GET /session/d5f272f198c3c1f43c195f4d238b9983/screenshot - {}
RESULT: {}
]]></system-out>
    </testcase>
    <testcase classname="chrome.135_0_7049_96.windows.Manage_request_+_Contract_processing_pick_up_option_US120163_" name="Should Create New Request pick up option" time="182.716">
      <system-out><![CDATA[
COMMAND: POST /session/d5f272f198c3c1f43c195f4d238b9983/element - {"using":"css selector","value":"#shell-header-logo"}
RESULT: {"using":"css selector","value":"#shell-header-logo"}
COMMAND: POST /session/d5f272f198c3c1f43c195f4d238b9983/element/f.3CB17101AE25630290776882465A9E58.d.26F9C2ED176107D1B8ECFC652E519AE6.e.4872/click - {}
RESULT: {}
COMMAND: GET /session/d5f272f198c3c1f43c195f4d238b9983/screenshot - {}
RESULT: {}
COMMAND: POST /session/d5f272f198c3c1f43c195f4d238b9983/execute/async - {"script":"<script> [1562 bytes]","args":[{"selector":{"controlType":"sap.m.GenericTile","properties":{"header":"Manage Requests"}},"wdio_ui5_key":"sapm.GenericTile{\"header\":\"Manage Requests\"}"}]}
RESULT: {"script":"<script> [1562 bytes]","args":[{"selector":{"controlType":"sap.m.GenericTile","properties":{"header":"Manage Requests"}},"wdio_ui5_key":"sapm.GenericTile{\"header\":\"Manage Requests\"}"}]}
RESULT: undefined
COMMAND: POST /session/d5f272f198c3c1f43c195f4d238b9983/element - {"using":"xpath","value":"//*[@id=\"__tile47\"]"}
RESULT: {"using":"xpath","value":"//*[@id=\"__tile47\"]"}
COMMAND: POST /session/d5f272f198c3c1f43c195f4d238b9983/element/f.3CB17101AE25630290776882465A9E58.d.26F9C2ED176107D1B8ECFC652E519AE6.e.4881/click - {}
RESULT: {}
COMMAND: GET /session/d5f272f198c3c1f43c195f4d238b9983/screenshot - {}
RESULT: {}
COMMAND: POST /session/d5f272f198c3c1f43c195f4d238b9983/refresh - {}
RESULT: {}
COMMAND: GET /session/d5f272f198c3c1f43c195f4d238b9983/screenshot - {}
RESULT: {}
COMMAND: POST /session/d5f272f198c3c1f43c195f4d238b9983/execute/async - {"script":"<script> [189 bytes]","args":[]}
RESULT: {"script":"<script> [189 bytes]","args":[]}
COMMAND: POST /session/d5f272f198c3c1f43c195f4d238b9983/execute/async - {"script":"<script> [123 bytes]","args":[]}
RESULT: {"script":"<script> [123 bytes]","args":[]}
COMMAND: POST /session/d5f272f198c3c1f43c195f4d238b9983/timeouts - {"script":"<number>"}
RESULT: {"script":"<number>"}
COMMAND: GET /session/d5f272f198c3c1f43c195f4d238b9983/timeouts - {}
RESULT: {}
RESULT: undefined
COMMAND: POST /session/d5f272f198c3c1f43c195f4d238b9983/execute/async - {"script":"<script> [2676 bytes]","args":[]}
RESULT: {"script":"<script> [2676 bytes]","args":[]}
COMMAND: POST /session/d5f272f198c3c1f43c195f4d238b9983/execute/async - {"script":"<script> [2342 bytes]","args":[{"protocol":"http","hostname":"0.0.0.0","path":"/","capabilities":{"browserName":"chrome","goog:chromeOptions":{"binary":"C:\\Program Files\\Google\\Chrome\\Application\\chrome.exe","args":["--start-maximized"]}},"logLevel":"warn","connectionRetryTimeout":120000,"connectionRetryCount":3,"logLevels":{},"enableDirectConnect":true,"strictSSL":true,"_":"65 more keys: [\"cacheDir\",\"port\",\"requestedCapabilities\",\"automationProtocol\",\"baseUrl\",\"waitforInterval\",\"waitforTimeout\",\"onReload\",\"beforeCommand\",\"afterCommand\",\"rootDir\",\"specs\",\"suites\",\"exclude\",\"groupLogsByTestSpec\",\"excludeDriverLogs\",\"bail\",\"framework\",\"reporters\",\"services\",\"maxInstances\",\"maxInstancesPerCapability\",\"injectGlobals\",\"filesToWatch\",\"execArgv\",\"runnerEnv\",\"runner\",\"shard\",\"specFileRetries\",\"specFileRetriesDelay\",\"specFileRetriesDeferred\",\"reporterSyncInterval\",\"reporterSyncTimeout\",\"cucumberFeaturesWithLineNumbers\",\"autoCompileOpts\",\"mochaOpts\",\"jasmineOpts\",\"cucumberOpts\",\"onPrepare\",\"onWorkerStart\",\"onWorkerEnd\",\"before\",\"beforeSession\",\"beforeSuite\",\"beforeHook\",\"beforeTest\",\"afterTest\",\"afterHook\",\"afterSuite\",\"afterSession\",\"after\",\"onComplete\",\"beforeAssertion\",\"afterAssertion\",\"beforeFeature\",\"beforeScenario\",\"beforeStep\",\"afterStep\",\"afterScenario\",\"afterFeature\",\"_\",\"suite\",\"$0\",\"ignoredWorkerServices\",\"wdi5\"]"}]}
RESULT: {"script":"<script> [2342 bytes]","args":[{"protocol":"http","hostname":"0.0.0.0","path":"/","capabilities":{"browserName":"chrome","goog:chromeOptions":{"binary":"C:\\Program Files\\Google\\Chrome\\Application\\chrome.exe","args":["--start-maximized"]}},"logLevel":"warn","connectionRetryTimeout":120000,"connectionRetryCount":3,"logLevels":{},"enableDirectConnect":true,"strictSSL":true,"_":"65 more keys: [\"cacheDir\",\"port\",\"requestedCapabilities\",\"automationProtocol\",\"baseUrl\",\"waitforInterval\",\"waitforTimeout\",\"onReload\",\"beforeCommand\",\"afterCommand\",\"rootDir\",\"specs\",\"suites\",\"exclude\",\"groupLogsByTestSpec\",\"excludeDriverLogs\",\"bail\",\"framework\",\"reporters\",\"services\",\"maxInstances\",\"maxInstancesPerCapability\",\"injectGlobals\",\"filesToWatch\",\"execArgv\",\"runnerEnv\",\"runner\",\"shard\",\"specFileRetries\",\"specFileRetriesDelay\",\"specFileRetriesDeferred\",\"reporterSyncInterval\",\"reporterSyncTimeout\",\"cucumberFeaturesWithLineNumbers\",\"autoCompileOpts\",\"mochaOpts\",\"jasmineOpts\",\"cucumberOpts\",\"onPrepare\",\"onWorkerStart\",\"onWorkerEnd\",\"before\",\"beforeSession\",\"beforeSuite\",\"beforeHook\",\"beforeTest\",\"afterTest\",\"afterHook\",\"afterSuite\",\"afterSession\",\"after\",\"onComplete\",\"beforeAssertion\",\"afterAssertion\",\"beforeFeature\",\"beforeScenario\",\"beforeStep\",\"afterStep\",\"afterScenario\",\"afterFeature\",\"_\",\"suite\",\"$0\",\"ignoredWorkerServices\",\"wdi5\"]"}]}
COMMAND: POST /session/d5f272f198c3c1f43c195f4d238b9983/execute/async - {"script":"<script> [21126 bytes]","args":[35000]}
RESULT: {"script":"<script> [21126 bytes]","args":[35000]}
COMMAND: POST /session/d5f272f198c3c1f43c195f4d238b9983/element - {"using":"xpath","value":"//button[contains(@data-kt ,\"btnCreateNewOverflowToolbarButton\")]"}
COMMAND: POST /session/d5f272f198c3c1f43c195f4d238b9983/element - {"using":"xpath","value":"(//span[contains(@class ,\"sapMObjStatusText\")])[1]"}
RESULT: {"using":"xpath","value":"//button[contains(@data-kt ,\"btnCreateNewOverflowToolbarButton\")]"}
COMMAND: POST /session/d5f272f198c3c1f43c195f4d238b9983/element/f.3CB17101AE25630290776882465A9E58.d.18F4A5F730170A42769DE48402C33AB3.e.5035/click - {}
RESULT: {"using":"xpath","value":"(//span[contains(@class ,\"sapMObjStatusText\")])[1]"}
COMMAND: POST /session/d5f272f198c3c1f43c195f4d238b9983/execute/sync - {"script":"<script> [8489 bytes]","args":[{"element-6066-11e4-a52e-4f735466cecf":"f.3CB17101AE25630290776882465A9E58.d.18F4A5F730170A42769DE48402C33AB3.e.5080","ELEMENT":"f.3CB17101AE25630290776882465A9E58.d.18F4A5F730170A42769DE48402C33AB3.e.5080"}]}
RESULT: {}
COMMAND: GET /session/d5f272f198c3c1f43c195f4d238b9983/screenshot - {}
COMMAND: POST /session/d5f272f198c3c1f43c195f4d238b9983/element - {"using":"xpath","value":"(//span[contains(@class ,\"sapMObjStatusText\")])[1]"}
RESULT: {}
RESULT: {"using":"xpath","value":"(//span[contains(@class ,\"sapMObjStatusText\")])[1]"}
COMMAND: POST /session/d5f272f198c3c1f43c195f4d238b9983/execute/sync - {"script":"<script> [8489 bytes]","args":[{"element-6066-11e4-a52e-4f735466cecf":"f.3CB17101AE25630290776882465A9E58.d.18F4A5F730170A42769DE48402C33AB3.e.5426","ELEMENT":"f.3CB17101AE25630290776882465A9E58.d.18F4A5F730170A42769DE48402C33AB3.e.5426"}]}
RESULT: {"script":"<script> [8489 bytes]","args":[{"element-6066-11e4-a52e-4f735466cecf":"f.3CB17101AE25630290776882465A9E58.d.18F4A5F730170A42769DE48402C33AB3.e.5426","ELEMENT":"f.3CB17101AE25630290776882465A9E58.d.18F4A5F730170A42769DE48402C33AB3.e.5426"}]}
COMMAND: GET /session/d5f272f198c3c1f43c195f4d238b9983/screenshot - {}
RESULT: {}
COMMAND: POST /session/d5f272f198c3c1f43c195f4d238b9983/element - {"using":"xpath","value":"//input[contains(@id ,\"yardId-inner\")]"}
RESULT: {"using":"xpath","value":"//input[contains(@id ,\"yardId-inner\")]"}
COMMAND: POST /session/d5f272f198c3c1f43c195f4d238b9983/execute/sync - {"script":"<script> [8489 bytes]","args":[{"element-6066-11e4-a52e-4f735466cecf":"f.3CB17101AE25630290776882465A9E58.d.18F4A5F730170A42769DE48402C33AB3.e.5295","ELEMENT":"f.3CB17101AE25630290776882465A9E58.d.18F4A5F730170A42769DE48402C33AB3.e.5295"}]}
RESULT: {"script":"<script> [8489 bytes]","args":[{"element-6066-11e4-a52e-4f735466cecf":"f.3CB17101AE25630290776882465A9E58.d.18F4A5F730170A42769DE48402C33AB3.e.5295","ELEMENT":"f.3CB17101AE25630290776882465A9E58.d.18F4A5F730170A42769DE48402C33AB3.e.5295"}]}
COMMAND: POST /session/d5f272f198c3c1f43c195f4d238b9983/element - {"using":"xpath","value":"//input[contains(@id ,\"requestContractNo-inner\")]"}
COMMAND: POST /session/d5f272f198c3c1f43c195f4d238b9983/element - {"using":"xpath","value":"//input[contains(@id ,\"yardId-inner\")]"}
COMMAND: GET /session/d5f272f198c3c1f43c195f4d238b9983/screenshot - {}
RESULT: {"using":"xpath","value":"//input[contains(@id ,\"requestContractNo-inner\")]"}
COMMAND: POST /session/d5f272f198c3c1f43c195f4d238b9983/element/f.3CB17101AE25630290776882465A9E58.d.18F4A5F730170A42769DE48402C33AB3.e.5290/value - {"text":"10478"}
RESULT: {"using":"xpath","value":"//input[contains(@id ,\"yardId-inner\")]"}
COMMAND: GET /session/d5f272f198c3c1f43c195f4d238b9983/element/f.3CB17101AE25630290776882465A9E58.d.18F4A5F730170A42769DE48402C33AB3.e.5295/enabled - {}
RESULT: {}
RESULT: {"text":"10478"}
COMMAND: GET /session/d5f272f198c3c1f43c195f4d238b9983/screenshot - {}
RESULT: {}
COMMAND: GET /session/d5f272f198c3c1f43c195f4d238b9983/screenshot - {}
RESULT: {}
RESULT: {}
COMMAND: POST /session/d5f272f198c3c1f43c195f4d238b9983/actions - {"actions":[{"id":"action36","type":"key","parameters":{},"actions":[{"type":"keyDown","value":"î€‡"},{"type":"pause","duration":10},{"type":"keyUp","value":"î€‡"}]}]}
RESULT: {"actions":[{"id":"action36","type":"key","parameters":{},"actions":[{"type":"keyDown","value":"î€‡"},{"type":"pause","duration":10},{"type":"keyUp","value":"î€‡"}]}]}
COMMAND: GET /session/d5f272f198c3c1f43c195f4d238b9983/screenshot - {}
RESULT: {}
COMMAND: POST /session/d5f272f198c3c1f43c195f4d238b9983/execute/async - {"script":"<script> [1562 bytes]","args":[{"selector":{"controlType":"sap.m.Button","viewName":"etm.portal.ui.managerequests.view.NewRequest","properties":{"text":"Items"},"interaction":{"idSuffix":"BDI-content"}},"wdio_ui5_key":"etmportal.ui.managerequests.view.NewRequestsap.m.Button{\"text\":\"Items\"}"}]}
RESULT: {"script":"<script> [1562 bytes]","args":[{"selector":{"controlType":"sap.m.Button","viewName":"etm.portal.ui.managerequests.view.NewRequest","properties":{"text":"Items"},"interaction":{"idSuffix":"BDI-content"}},"wdio_ui5_key":"etmportal.ui.managerequests.view.NewRequestsap.m.Button{\"text\":\"Items\"}"}]}
RESULT: undefined
COMMAND: POST /session/d5f272f198c3c1f43c195f4d238b9983/element - {"using":"xpath","value":"//*[@id=\"__xmlview1--newRequestPage-anchBar-__xmlview1--requestItemsSection-anchor\"]"}
RESULT: {"using":"xpath","value":"//*[@id=\"__xmlview1--newRequestPage-anchBar-__xmlview1--requestItemsSection-anchor\"]"}
COMMAND: POST /session/d5f272f198c3c1f43c195f4d238b9983/element/f.3CB17101AE25630290776882465A9E58.d.18F4A5F730170A42769DE48402C33AB3.e.5438/click - {}
RESULT: {}
COMMAND: GET /session/d5f272f198c3c1f43c195f4d238b9983/screenshot - {}
RESULT: {}
COMMAND: POST /session/d5f272f198c3c1f43c195f4d238b9983/execute/async - {"script":"<script> [1562 bytes]","args":[{"selector":{"controlType":"sap.ui.core.Icon","viewName":"etm.portal.ui.managerequests.view.NewRequest","properties":{"src":{"regex":{"source":"inspect"}}}},"wdio_ui5_key":"etmportal.ui.managerequests.view.NewRequestsap.ui.core.Icon{\"src\":{\"regex\":{\"source\":\"inspect\"}}}"}]}
RESULT: {"script":"<script> [1562 bytes]","args":[{"selector":{"controlType":"sap.ui.core.Icon","viewName":"etm.portal.ui.managerequests.view.NewRequest","properties":{"src":{"regex":{"source":"inspect"}}}},"wdio_ui5_key":"etmportal.ui.managerequests.view.NewRequestsap.ui.core.Icon{\"src\":{\"regex\":{\"source\":\"inspect\"}}}"}]}
RESULT: undefined
COMMAND: POST /session/d5f272f198c3c1f43c195f4d238b9983/element - {"using":"xpath","value":"//*[@id=\"__button8-img\"]"}
RESULT: {"using":"xpath","value":"//*[@id=\"__button8-img\"]"}
COMMAND: POST /session/d5f272f198c3c1f43c195f4d238b9983/element/f.3CB17101AE25630290776882465A9E58.d.18F4A5F730170A42769DE48402C33AB3.e.5443/click - {}
RESULT: {}
COMMAND: GET /session/d5f272f198c3c1f43c195f4d238b9983/screenshot - {}
RESULT: {}
COMMAND: POST /session/d5f272f198c3c1f43c195f4d238b9983/execute/async - {"script":"<script> [1562 bytes]","args":[{"selector":{"controlType":"sap.ui.core.Icon","viewName":"etm.portal.ui.managerequests.view.NewRequest","properties":{"src":{"regex":{"source":"add"}}}},"wdio_ui5_key":"etmportal.ui.managerequests.view.NewRequestsap.ui.core.Icon{\"src\":{\"regex\":{\"source\":\"add\"}}}"}]}
RESULT: {"script":"<script> [1562 bytes]","args":[{"selector":{"controlType":"sap.ui.core.Icon","viewName":"etm.portal.ui.managerequests.view.NewRequest","properties":{"src":{"regex":{"source":"add"}}}},"wdio_ui5_key":"etmportal.ui.managerequests.view.NewRequestsap.ui.core.Icon{\"src\":{\"regex\":{\"source\":\"add\"}}}"}]}
RESULT: undefined
COMMAND: POST /session/d5f272f198c3c1f43c195f4d238b9983/element - {"using":"xpath","value":"//*[@id=\"__xmlview1--btnAddTableRow-img\"]"}
RESULT: {"using":"xpath","value":"//*[@id=\"__xmlview1--btnAddTableRow-img\"]"}
COMMAND: POST /session/d5f272f198c3c1f43c195f4d238b9983/element/f.3CB17101AE25630290776882465A9E58.d.18F4A5F730170A42769DE48402C33AB3.e.5269/click - {}
RESULT: {}
COMMAND: GET /session/d5f272f198c3c1f43c195f4d238b9983/screenshot - {}
RESULT: {}
COMMAND: POST /session/d5f272f198c3c1f43c195f4d238b9983/execute/async - {"script":"<script> [1562 bytes]","args":[{"selector":{"controlType":"sap.ui.unified.MenuItem","viewName":"etm.portal.ui.managerequests.view.NewRequest","i18NText":{"propertyName":"text","key":"standardEntry"},"searchOpenDialogs":true,"interaction":{"idSuffix":"txt"}},"wdio_ui5_key":"etmportal.ui.managerequests.view.NewRequestsap.ui.unified.MenuItem{\"propertyName\":\"text\",\"key\":\"standardEntry\"}"}]}
RESULT: {"script":"<script> [1562 bytes]","args":[{"selector":{"controlType":"sap.ui.unified.MenuItem","viewName":"etm.portal.ui.managerequests.view.NewRequest","i18NText":{"propertyName":"text","key":"standardEntry"},"searchOpenDialogs":true,"interaction":{"idSuffix":"txt"}},"wdio_ui5_key":"etmportal.ui.managerequests.view.NewRequestsap.ui.unified.MenuItem{\"propertyName\":\"text\",\"key\":\"standardEntry\"}"}]}
RESULT: undefined
COMMAND: POST /session/d5f272f198c3c1f43c195f4d238b9983/element - {"using":"xpath","value":"//*[@id=\"__item178\"]"}
RESULT: {"using":"xpath","value":"//*[@id=\"__item178\"]"}
COMMAND: POST /session/d5f272f198c3c1f43c195f4d238b9983/element/f.3CB17101AE25630290776882465A9E58.d.18F4A5F730170A42769DE48402C33AB3.e.5452/click - {}
RESULT: {}
COMMAND: GET /session/d5f272f198c3c1f43c195f4d238b9983/screenshot - {}
RESULT: undefined
COMMAND: POST /session/d5f272f198c3c1f43c195f4d238b9983/element - {"using":"xpath","value":"//*[@id=\"__xmlview1--btnAddTableRow-img\"]"}
RESULT: {}
RESULT: {"using":"xpath","value":"//*[@id=\"__xmlview1--btnAddTableRow-img\"]"}
COMMAND: POST /session/d5f272f198c3c1f43c195f4d238b9983/element/f.3CB17101AE25630290776882465A9E58.d.18F4A5F730170A42769DE48402C33AB3.e.5269/click - {}
RESULT: {}
COMMAND: GET /session/d5f272f198c3c1f43c195f4d238b9983/screenshot - {}
RESULT: {}
RESULT: undefined
COMMAND: POST /session/d5f272f198c3c1f43c195f4d238b9983/element - {"using":"xpath","value":"//*[@id=\"__item178\"]"}
RESULT: {"using":"xpath","value":"//*[@id=\"__item178\"]"}
COMMAND: POST /session/d5f272f198c3c1f43c195f4d238b9983/element/f.3CB17101AE25630290776882465A9E58.d.18F4A5F730170A42769DE48402C33AB3.e.5473/click - {}
RESULT: {}
COMMAND: GET /session/d5f272f198c3c1f43c195f4d238b9983/screenshot - {}
RESULT: {}
COMMAND: POST /session/d5f272f198c3c1f43c195f4d238b9983/element - {"using":"xpath","value":"(//input[contains(@id ,\"requestItemsTable-0-inner\")])[5]"}
RESULT: {"using":"xpath","value":"(//input[contains(@id ,\"requestItemsTable-0-inner\")])[5]"}
COMMAND: POST /session/d5f272f198c3c1f43c195f4d238b9983/element/f.3CB17101AE25630290776882465A9E58.d.18F4A5F730170A42769DE48402C33AB3.e.5464/clear - {}
RESULT: {}
COMMAND: POST /session/d5f272f198c3c1f43c195f4d238b9983/element/f.3CB17101AE25630290776882465A9E58.d.18F4A5F730170A42769DE48402C33AB3.e.5464/value - {"text":"1000001"}
COMMAND: GET /session/d5f272f198c3c1f43c195f4d238b9983/screenshot - {}
RESULT: {"text":"1000001"}
COMMAND: GET /session/d5f272f198c3c1f43c195f4d238b9983/screenshot - {}
RESULT: {}
RESULT: {}
COMMAND: POST /session/d5f272f198c3c1f43c195f4d238b9983/actions - {"actions":[{"id":"action37","type":"key","parameters":{},"actions":[{"type":"keyDown","value":"î€‡"},{"type":"pause","duration":10},{"type":"keyUp","value":"î€‡"}]}]}
RESULT: {"actions":[{"id":"action37","type":"key","parameters":{},"actions":[{"type":"keyDown","value":"î€‡"},{"type":"pause","duration":10},{"type":"keyUp","value":"î€‡"}]}]}
COMMAND: POST /session/d5f272f198c3c1f43c195f4d238b9983/element - {"using":"xpath","value":"(//input[contains(@id ,\"requestItemsTable-1-inner\")])[5]"}
COMMAND: GET /session/d5f272f198c3c1f43c195f4d238b9983/screenshot - {}
RESULT: {"using":"xpath","value":"(//input[contains(@id ,\"requestItemsTable-1-inner\")])[5]"}
COMMAND: POST /session/d5f272f198c3c1f43c195f4d238b9983/element/f.3CB17101AE25630290776882465A9E58.d.18F4A5F730170A42769DE48402C33AB3.e.5479/clear - {}
RESULT: {}
RESULT: {}
COMMAND: POST /session/d5f272f198c3c1f43c195f4d238b9983/element/f.3CB17101AE25630290776882465A9E58.d.18F4A5F730170A42769DE48402C33AB3.e.5479/value - {"text":"200288"}
COMMAND: GET /session/d5f272f198c3c1f43c195f4d238b9983/screenshot - {}
RESULT: {"text":"200288"}
COMMAND: GET /session/d5f272f198c3c1f43c195f4d238b9983/screenshot - {}
RESULT: {}
RESULT: {}
COMMAND: POST /session/d5f272f198c3c1f43c195f4d238b9983/actions - {"actions":[{"id":"action38","type":"key","parameters":{},"actions":[{"type":"keyDown","value":"î€‡"},{"type":"pause","duration":10},{"type":"keyUp","value":"î€‡"}]}]}
RESULT: {"actions":[{"id":"action38","type":"key","parameters":{},"actions":[{"type":"keyDown","value":"î€‡"},{"type":"pause","duration":10},{"type":"keyUp","value":"î€‡"}]}]}
COMMAND: POST /session/d5f272f198c3c1f43c195f4d238b9983/element - {"using":"xpath","value":"//div[contains(@data-kt ,\"splitAllocationObjectStatus\")]"}
COMMAND: GET /session/d5f272f198c3c1f43c195f4d238b9983/screenshot - {}
RESULT: {"using":"xpath","value":"//div[contains(@data-kt ,\"splitAllocationObjectStatus\")]"}
COMMAND: POST /session/d5f272f198c3c1f43c195f4d238b9983/elements - {"using":"xpath","value":"//div[contains(@data-kt ,\"splitAllocationObjectStatus\")]"}
RESULT: {}
RESULT: {"using":"xpath","value":"//div[contains(@data-kt ,\"splitAllocationObjectStatus\")]"}
COMMAND: POST /session/d5f272f198c3c1f43c195f4d238b9983/execute/async - {"script":"<script> [1562 bytes]","args":[{"selector":{"controlType":"sap.ui.core.Icon","viewName":"etm.portal.ui.managerequests.view.NewRequest","properties":{"src":{"regex":{"source":"message\\-error"}}},"ancestor":{"controlType":"sap.m.ColumnListItem","viewName":"etm.portal.ui.managerequests.view.NewRequest","bindingPath":{"modelName":"newRequestItems","path":"/RequestItems/0"},"ancestor":{"id":"requestItemsTable","viewName":"etm.portal.ui.managerequests.view.NewRequest"}}},"wdio_ui5_key":"etmportal.ui.managerequests.view.NewRequestsap.ui.core.Icon{\"src\":{\"regex\":{\"source\":\"message\\\\-error\"}}}{\"controlType\":\"sap.m.ColumnListItem\",\"viewName\":\"etm.portal.ui.managerequests.view.NewRequest\",\"bindingPath\":{\"modelName\":\"newRequestItems\",\"path\":\"/RequestItems/0\"},\"ancestor\":{\"id\":\"requestItemsTable\",\"viewName\":\"etm.portal.ui.managerequests.view.NewRequest\"}}"}]}
RESULT: {"script":"<script> [1562 bytes]","args":[{"selector":{"controlType":"sap.ui.core.Icon","viewName":"etm.portal.ui.managerequests.view.NewRequest","properties":{"src":{"regex":{"source":"message\\-error"}}},"ancestor":{"controlType":"sap.m.ColumnListItem","viewName":"etm.portal.ui.managerequests.view.NewRequest","bindingPath":{"modelName":"newRequestItems","path":"/RequestItems/0"},"ancestor":{"id":"requestItemsTable","viewName":"etm.portal.ui.managerequests.view.NewRequest"}}},"wdio_ui5_key":"etmportal.ui.managerequests.view.NewRequestsap.ui.core.Icon{\"src\":{\"regex\":{\"source\":\"message\\\\-error\"}}}{\"controlType\":\"sap.m.ColumnListItem\",\"viewName\":\"etm.portal.ui.managerequests.view.NewRequest\",\"bindingPath\":{\"modelName\":\"newRequestItems\",\"path\":\"/RequestItems/0\"},\"ancestor\":{\"id\":\"requestItemsTable\",\"viewName\":\"etm.portal.ui.managerequests.view.NewRequest\"}}"}]}
RESULT: undefined
COMMAND: POST /session/d5f272f198c3c1f43c195f4d238b9983/element - {"using":"xpath","value":"//*[@id=\"__status4-__xmlview1--requestItemsTable-0-icon\"]"}
RESULT: {"using":"xpath","value":"//*[@id=\"__status4-__xmlview1--requestItemsTable-0-icon\"]"}
COMMAND: POST /session/d5f272f198c3c1f43c195f4d238b9983/element/f.3CB17101AE25630290776882465A9E58.d.18F4A5F730170A42769DE48402C33AB3.e.5490/click - {}
RESULT: {}
COMMAND: GET /session/d5f272f198c3c1f43c195f4d238b9983/screenshot - {}
RESULT: {}
COMMAND: POST /session/d5f272f198c3c1f43c195f4d238b9983/execute/async - {"script":"<script> [1562 bytes]","args":[{"selector":{"id":"costObjectAdminTypeComboBox","viewName":"etm.portal.ui.managerequests.view.NewRequest","searchOpenDialogs":true,"interaction":{"idSuffix":"inner"}},"wdio_ui5_key":"costObjectAdminTypeComboBoxetmportal.ui.managerequests.view.NewRequest"}]}
RESULT: {"script":"<script> [1562 bytes]","args":[{"selector":{"id":"costObjectAdminTypeComboBox","viewName":"etm.portal.ui.managerequests.view.NewRequest","searchOpenDialogs":true,"interaction":{"idSuffix":"inner"}},"wdio_ui5_key":"costObjectAdminTypeComboBoxetmportal.ui.managerequests.view.NewRequest"}]}
RESULT: undefined
COMMAND: POST /session/d5f272f198c3c1f43c195f4d238b9983/execute/async - {"script":"<script> [776 bytes]","args":[{"enterText":"Cost Center","selector":{"id":"costObjectAdminTypeComboBox","viewName":"etm.portal.ui.managerequests.view.NewRequest","searchOpenDialogs":true,"interaction":{"idSuffix":"inner"}},"clearTextFirst":true,"interactionType":"ENTER_TEXT"}]}
RESULT: {"script":"<script> [776 bytes]","args":[{"enterText":"Cost Center","selector":{"id":"costObjectAdminTypeComboBox","viewName":"etm.portal.ui.managerequests.view.NewRequest","searchOpenDialogs":true,"interaction":{"idSuffix":"inner"}},"clearTextFirst":true,"interactionType":"ENTER_TEXT"}]}
COMMAND: POST /session/d5f272f198c3c1f43c195f4d238b9983/actions - {"actions":[{"id":"action39","type":"key","parameters":{},"actions":[{"type":"keyDown","value":"î€‡"},{"type":"pause","duration":10},{"type":"keyUp","value":"î€‡"}]}]}
RESULT: {"actions":[{"id":"action39","type":"key","parameters":{},"actions":[{"type":"keyDown","value":"î€‡"},{"type":"pause","duration":10},{"type":"keyUp","value":"î€‡"}]}]}
COMMAND: GET /session/d5f272f198c3c1f43c195f4d238b9983/screenshot - {}
RESULT: {}
COMMAND: POST /session/d5f272f198c3c1f43c195f4d238b9983/execute/async - {"script":"<script> [1562 bytes]","args":[{"selector":{"id":"costObjectIdComboBox","viewName":"etm.portal.ui.managerequests.view.NewRequest","searchOpenDialogs":true,"interaction":{"idSuffix":"inner"}},"wdio_ui5_key":"costObjectIdComboBoxetmportal.ui.managerequests.view.NewRequest"}]}
RESULT: {"script":"<script> [1562 bytes]","args":[{"selector":{"id":"costObjectIdComboBox","viewName":"etm.portal.ui.managerequests.view.NewRequest","searchOpenDialogs":true,"interaction":{"idSuffix":"inner"}},"wdio_ui5_key":"costObjectIdComboBoxetmportal.ui.managerequests.view.NewRequest"}]}
RESULT: undefined
COMMAND: POST /session/d5f272f198c3c1f43c195f4d238b9983/execute/async - {"script":"<script> [776 bytes]","args":[{"enterText":"1001 - 1001","selector":{"id":"costObjectIdComboBox","viewName":"etm.portal.ui.managerequests.view.NewRequest","searchOpenDialogs":true,"interaction":{"idSuffix":"inner"}},"clearTextFirst":true,"interactionType":"ENTER_TEXT"}]}
RESULT: {"script":"<script> [776 bytes]","args":[{"enterText":"1001 - 1001","selector":{"id":"costObjectIdComboBox","viewName":"etm.portal.ui.managerequests.view.NewRequest","searchOpenDialogs":true,"interaction":{"idSuffix":"inner"}},"clearTextFirst":true,"interactionType":"ENTER_TEXT"}]}
COMMAND: POST /session/d5f272f198c3c1f43c195f4d238b9983/actions - {"actions":[{"id":"action40","type":"key","parameters":{},"actions":[{"type":"keyDown","value":"î€‡"},{"type":"pause","duration":10},{"type":"keyUp","value":"î€‡"}]}]}
RESULT: {"actions":[{"id":"action40","type":"key","parameters":{},"actions":[{"type":"keyDown","value":"î€‡"},{"type":"pause","duration":10},{"type":"keyUp","value":"î€‡"}]}]}
COMMAND: GET /session/d5f272f198c3c1f43c195f4d238b9983/screenshot - {}
RESULT: {}
COMMAND: POST /session/d5f272f198c3c1f43c195f4d238b9983/element - {"using":"xpath","value":"(//bdi[(text() = 'Save' or . = 'Save')])[1]"}
RESULT: {"using":"xpath","value":"(//bdi[(text() = 'Save' or . = 'Save')])[1]"}
COMMAND: POST /session/d5f272f198c3c1f43c195f4d238b9983/element/f.3CB17101AE25630290776882465A9E58.d.18F4A5F730170A42769DE48402C33AB3.e.5504/click - {}
RESULT: {}
COMMAND: POST /session/d5f272f198c3c1f43c195f4d238b9983/execute/async - {"script":"<script> [1562 bytes]","args":[{"selector":{"controlType":"sap.ui.core.Icon","viewName":"etm.portal.ui.managerequests.view.NewRequest","properties":{"src":{"regex":{"source":"message\\-error"}}},"ancestor":{"controlType":"sap.m.ColumnListItem","viewName":"etm.portal.ui.managerequests.view.NewRequest","bindingPath":{"modelName":"newRequestItems","path":"/RequestItems/1"},"ancestor":{"id":"requestItemsTable","viewName":"etm.portal.ui.managerequests.view.NewRequest"}}},"wdio_ui5_key":"etmportal.ui.managerequests.view.NewRequestsap.ui.core.Icon{\"src\":{\"regex\":{\"source\":\"message\\\\-error\"}}}{\"controlType\":\"sap.m.ColumnListItem\",\"viewName\":\"etm.portal.ui.managerequests.view.NewRequest\",\"bindingPath\":{\"modelName\":\"newRequestItems\",\"path\":\"/RequestItems/1\"},\"ancestor\":{\"id\":\"requestItemsTable\",\"viewName\":\"etm.portal.ui.managerequests.view.NewRequest\"}}"}]}
COMMAND: GET /session/d5f272f198c3c1f43c195f4d238b9983/screenshot - {}
RESULT: {"script":"<script> [1562 bytes]","args":[{"selector":{"controlType":"sap.ui.core.Icon","viewName":"etm.portal.ui.managerequests.view.NewRequest","properties":{"src":{"regex":{"source":"message\\-error"}}},"ancestor":{"controlType":"sap.m.ColumnListItem","viewName":"etm.portal.ui.managerequests.view.NewRequest","bindingPath":{"modelName":"newRequestItems","path":"/RequestItems/1"},"ancestor":{"id":"requestItemsTable","viewName":"etm.portal.ui.managerequests.view.NewRequest"}}},"wdio_ui5_key":"etmportal.ui.managerequests.view.NewRequestsap.ui.core.Icon{\"src\":{\"regex\":{\"source\":\"message\\\\-error\"}}}{\"controlType\":\"sap.m.ColumnListItem\",\"viewName\":\"etm.portal.ui.managerequests.view.NewRequest\",\"bindingPath\":{\"modelName\":\"newRequestItems\",\"path\":\"/RequestItems/1\"},\"ancestor\":{\"id\":\"requestItemsTable\",\"viewName\":\"etm.portal.ui.managerequests.view.NewRequest\"}}"}]}
RESULT: undefined
COMMAND: POST /session/d5f272f198c3c1f43c195f4d238b9983/element - {"using":"xpath","value":"//*[@id=\"__status4-__xmlview1--requestItemsTable-1-icon\"]"}
RESULT: {}
RESULT: {"using":"xpath","value":"//*[@id=\"__status4-__xmlview1--requestItemsTable-1-icon\"]"}
COMMAND: POST /session/d5f272f198c3c1f43c195f4d238b9983/element/f.3CB17101AE25630290776882465A9E58.d.18F4A5F730170A42769DE48402C33AB3.e.5507/click - {}
RESULT: {}
COMMAND: GET /session/d5f272f198c3c1f43c195f4d238b9983/screenshot - {}
RESULT: {}
RESULT: undefined
COMMAND: POST /session/d5f272f198c3c1f43c195f4d238b9983/execute/async - {"script":"<script> [776 bytes]","args":[{"enterText":"Cost Center","selector":{"id":"costObjectAdminTypeComboBox","viewName":"etm.portal.ui.managerequests.view.NewRequest","searchOpenDialogs":true,"interaction":{"idSuffix":"inner"}},"clearTextFirst":true,"interactionType":"ENTER_TEXT"}]}
RESULT: {"script":"<script> [776 bytes]","args":[{"enterText":"Cost Center","selector":{"id":"costObjectAdminTypeComboBox","viewName":"etm.portal.ui.managerequests.view.NewRequest","searchOpenDialogs":true,"interaction":{"idSuffix":"inner"}},"clearTextFirst":true,"interactionType":"ENTER_TEXT"}]}
COMMAND: POST /session/d5f272f198c3c1f43c195f4d238b9983/actions - {"actions":[{"id":"action41","type":"key","parameters":{},"actions":[{"type":"keyDown","value":"î€‡"},{"type":"pause","duration":10},{"type":"keyUp","value":"î€‡"}]}]}
RESULT: {"actions":[{"id":"action41","type":"key","parameters":{},"actions":[{"type":"keyDown","value":"î€‡"},{"type":"pause","duration":10},{"type":"keyUp","value":"î€‡"}]}]}
COMMAND: GET /session/d5f272f198c3c1f43c195f4d238b9983/screenshot - {}
RESULT: {}
RESULT: undefined
COMMAND: POST /session/d5f272f198c3c1f43c195f4d238b9983/execute/async - {"script":"<script> [776 bytes]","args":[{"enterText":"1001 - 1001","selector":{"id":"costObjectIdComboBox","viewName":"etm.portal.ui.managerequests.view.NewRequest","searchOpenDialogs":true,"interaction":{"idSuffix":"inner"}},"clearTextFirst":true,"interactionType":"ENTER_TEXT"}]}
RESULT: {"script":"<script> [776 bytes]","args":[{"enterText":"1001 - 1001","selector":{"id":"costObjectIdComboBox","viewName":"etm.portal.ui.managerequests.view.NewRequest","searchOpenDialogs":true,"interaction":{"idSuffix":"inner"}},"clearTextFirst":true,"interactionType":"ENTER_TEXT"}]}
COMMAND: POST /session/d5f272f198c3c1f43c195f4d238b9983/actions - {"actions":[{"id":"action42","type":"key","parameters":{},"actions":[{"type":"keyDown","value":"î€‡"},{"type":"pause","duration":10},{"type":"keyUp","value":"î€‡"}]}]}
RESULT: {"actions":[{"id":"action42","type":"key","parameters":{},"actions":[{"type":"keyDown","value":"î€‡"},{"type":"pause","duration":10},{"type":"keyUp","value":"î€‡"}]}]}
COMMAND: GET /session/d5f272f198c3c1f43c195f4d238b9983/screenshot - {}
RESULT: {}
COMMAND: POST /session/d5f272f198c3c1f43c195f4d238b9983/element - {"using":"xpath","value":"(//bdi[(text() = 'Save' or . = 'Save')])[1]"}
RESULT: {"using":"xpath","value":"(//bdi[(text() = 'Save' or . = 'Save')])[1]"}
COMMAND: POST /session/d5f272f198c3c1f43c195f4d238b9983/element/f.3CB17101AE25630290776882465A9E58.d.18F4A5F730170A42769DE48402C33AB3.e.5519/click - {}
RESULT: {}
COMMAND: GET /session/d5f272f198c3c1f43c195f4d238b9983/screenshot - {}
RESULT: {}
COMMAND: POST /session/d5f272f198c3c1f43c195f4d238b9983/execute/async - {"script":"<script> [1562 bytes]","args":[{"selector":{"controlType":"sap.m.Button","viewName":"etm.portal.ui.managerequests.view.NewRequest","bindingPath":{"path":"/RequestItems/0","propertyPath":"PICK_UP","modelName":"newRequestItems"},"interaction":{"idSuffix":"BDI-content"}},"wdio_ui5_key":"etmportal.ui.managerequests.view.NewRequestsap.m.Button{\"path\":\"/RequestItems/0\",\"propertyPath\":\"PICK_UP\",\"modelName\":\"newRequestItems\"}"}]}
RESULT: {"script":"<script> [1562 bytes]","args":[{"selector":{"controlType":"sap.m.Button","viewName":"etm.portal.ui.managerequests.view.NewRequest","bindingPath":{"path":"/RequestItems/0","propertyPath":"PICK_UP","modelName":"newRequestItems"},"interaction":{"idSuffix":"BDI-content"}},"wdio_ui5_key":"etmportal.ui.managerequests.view.NewRequestsap.m.Button{\"path\":\"/RequestItems/0\",\"propertyPath\":\"PICK_UP\",\"modelName\":\"newRequestItems\"}"}]}
RESULT: undefined
COMMAND: POST /session/d5f272f198c3c1f43c195f4d238b9983/element - {"using":"xpath","value":"//*[@id=\"__xmlview1--pickUpItemButton-__xmlview1--requestItemsTable-0\"]"}
RESULT: {"using":"xpath","value":"//*[@id=\"__xmlview1--pickUpItemButton-__xmlview1--requestItemsTable-0\"]"}
COMMAND: POST /session/d5f272f198c3c1f43c195f4d238b9983/element/f.3CB17101AE25630290776882465A9E58.d.18F4A5F730170A42769DE48402C33AB3.e.5523/click - {}
RESULT: {}
COMMAND: GET /session/d5f272f198c3c1f43c195f4d238b9983/screenshot - {}
RESULT: {}
COMMAND: POST /session/d5f272f198c3c1f43c195f4d238b9983/execute/async - {"script":"<script> [1562 bytes]","args":[{"selector":{"controlType":"sap.m.Button","viewName":"etm.portal.ui.managerequests.view.NewRequest","properties":{"text":"Save"},"i18NText":{"propertyName":"tooltip","key":"save"},"interaction":{"idSuffix":"BDI-content"}},"wdio_ui5_key":"etmportal.ui.managerequests.view.NewRequestsap.m.Button{\"propertyName\":\"tooltip\",\"key\":\"save\"}{\"text\":\"Save\"}"}]}
RESULT: {"script":"<script> [1562 bytes]","args":[{"selector":{"controlType":"sap.m.Button","viewName":"etm.portal.ui.managerequests.view.NewRequest","properties":{"text":"Save"},"i18NText":{"propertyName":"tooltip","key":"save"},"interaction":{"idSuffix":"BDI-content"}},"wdio_ui5_key":"etmportal.ui.managerequests.view.NewRequestsap.m.Button{\"propertyName\":\"tooltip\",\"key\":\"save\"}{\"text\":\"Save\"}"}]}
RESULT: undefined
COMMAND: POST /session/d5f272f198c3c1f43c195f4d238b9983/element - {"using":"xpath","value":"//*[@id=\"__button11\"]"}
RESULT: {"using":"xpath","value":"//*[@id=\"__button11\"]"}
COMMAND: POST /session/d5f272f198c3c1f43c195f4d238b9983/element/f.3CB17101AE25630290776882465A9E58.d.18F4A5F730170A42769DE48402C33AB3.e.5382/click - {}
RESULT: {}
COMMAND: GET /session/d5f272f198c3c1f43c195f4d238b9983/screenshot - {}
RESULT: {}
COMMAND: POST /session/d5f272f198c3c1f43c195f4d238b9983/execute/async - {"script":"<script> [1562 bytes]","args":[{"selector":{"controlType":"sap.m.Text","searchOpenDialogs":true},"wdio_ui5_key":"sapm.Text"}]}
RESULT: {"script":"<script> [1562 bytes]","args":[{"selector":{"controlType":"sap.m.Text","searchOpenDialogs":true},"wdio_ui5_key":"sapm.Text"}]}
RESULT: undefined
COMMAND: POST /session/d5f272f198c3c1f43c195f4d238b9983/execute/async - {"script":"<script> [6424 bytes]","args":[{"element-6066-11e4-a52e-4f735466cecf":"f.3CB17101AE25630290776882465A9E58.d.18F4A5F730170A42769DE48402C33AB3.e.5526"},"getText",[]]}
RESULT: {"script":"<script> [6424 bytes]","args":[{"element-6066-11e4-a52e-4f735466cecf":"f.3CB17101AE25630290776882465A9E58.d.18F4A5F730170A42769DE48402C33AB3.e.5526"},"getText",[]]}
COMMAND: POST /session/d5f272f198c3c1f43c195f4d238b9983/execute/async - {"script":"<script> [1562 bytes]","args":[{"selector":{"controlType":"sap.m.Button","properties":{"text":"Close"},"searchOpenDialogs":true,"interaction":{"idSuffix":"BDI-content"}},"wdio_ui5_key":"sapm.Button{\"text\":\"Close\"}"}]}
RESULT: {"script":"<script> [1562 bytes]","args":[{"selector":{"controlType":"sap.m.Button","properties":{"text":"Close"},"searchOpenDialogs":true,"interaction":{"idSuffix":"BDI-content"}},"wdio_ui5_key":"sapm.Button{\"text\":\"Close\"}"}]}
RESULT: undefined
COMMAND: POST /session/d5f272f198c3c1f43c195f4d238b9983/element - {"using":"xpath","value":"//*[@id=\"__mbox-btn-0\"]"}
RESULT: {"using":"xpath","value":"//*[@id=\"__mbox-btn-0\"]"}
COMMAND: POST /session/d5f272f198c3c1f43c195f4d238b9983/element/f.3CB17101AE25630290776882465A9E58.d.18F4A5F730170A42769DE48402C33AB3.e.5525/click - {}
RESULT: {}
COMMAND: GET /session/d5f272f198c3c1f43c195f4d238b9983/screenshot - {}
RESULT: {}
COMMAND: POST /session/d5f272f198c3c1f43c195f4d238b9983/execute/async - {"script":"<script> [1562 bytes]","args":[{"selector":{"controlType":"sap.m.Button","viewName":"etm.portal.ui.managerequests.view.Detail","bindingPath":{"path":"/SmartRequestItemsPlanningBoard(ITEM=10m,REQUEST='20327')","propertyPath":"PICK_UP"}},"wdio_ui5_key":"etmportal.ui.managerequests.view.Detailsap.m.Button{\"path\":\"/SmartRequestItemsPlanningBoard(ITEM=10m,REQUEST='20327')\",\"propertyPath\":\"PICK_UP\"}"}]}
RESULT: {"script":"<script> [1562 bytes]","args":[{"selector":{"controlType":"sap.m.Button","viewName":"etm.portal.ui.managerequests.view.Detail","bindingPath":{"path":"/SmartRequestItemsPlanningBoard(ITEM=10m,REQUEST='20327')","propertyPath":"PICK_UP"}},"wdio_ui5_key":"etmportal.ui.managerequests.view.Detailsap.m.Button{\"path\":\"/SmartRequestItemsPlanningBoard(ITEM=10m,REQUEST='20327')\",\"propertyPath\":\"PICK_UP\"}"}]}
RESULT: undefined
COMMAND: POST /session/d5f272f198c3c1f43c195f4d238b9983/execute/async - {"script":"<script> [6424 bytes]","args":[{"element-6066-11e4-a52e-4f735466cecf":"f.3CB17101AE25630290776882465A9E58.d.18F4A5F730170A42769DE48402C33AB3.e.5631"},"getType",[]]}
RESULT: {"script":"<script> [6424 bytes]","args":[{"element-6066-11e4-a52e-4f735466cecf":"f.3CB17101AE25630290776882465A9E58.d.18F4A5F730170A42769DE48402C33AB3.e.5631"},"getType",[]]}
COMMAND: POST /session/d5f272f198c3c1f43c195f4d238b9983/execute/async - {"script":"<script> [1562 bytes]","args":[{"selector":{"controlType":"sap.m.Button","viewName":"etm.portal.ui.managerequests.view.Detail","bindingPath":{"path":"/SmartRequestItemsPlanningBoard(ITEM=20m,REQUEST='20327')","propertyPath":"PICK_UP"}},"wdio_ui5_key":"etmportal.ui.managerequests.view.Detailsap.m.Button{\"path\":\"/SmartRequestItemsPlanningBoard(ITEM=20m,REQUEST='20327')\",\"propertyPath\":\"PICK_UP\"}"}]}
RESULT: {"script":"<script> [1562 bytes]","args":[{"selector":{"controlType":"sap.m.Button","viewName":"etm.portal.ui.managerequests.view.Detail","bindingPath":{"path":"/SmartRequestItemsPlanningBoard(ITEM=20m,REQUEST='20327')","propertyPath":"PICK_UP"}},"wdio_ui5_key":"etmportal.ui.managerequests.view.Detailsap.m.Button{\"path\":\"/SmartRequestItemsPlanningBoard(ITEM=20m,REQUEST='20327')\",\"propertyPath\":\"PICK_UP\"}"}]}
RESULT: undefined
COMMAND: POST /session/d5f272f198c3c1f43c195f4d238b9983/execute/async - {"script":"<script> [6424 bytes]","args":[{"element-6066-11e4-a52e-4f735466cecf":"f.3CB17101AE25630290776882465A9E58.d.18F4A5F730170A42769DE48402C33AB3.e.5662"},"getType",[]]}
RESULT: {"script":"<script> [6424 bytes]","args":[{"element-6066-11e4-a52e-4f735466cecf":"f.3CB17101AE25630290776882465A9E58.d.18F4A5F730170A42769DE48402C33AB3.e.5662"},"getType",[]]}
COMMAND: POST /session/d5f272f198c3c1f43c195f4d238b9983/execute/async - {"script":"<script> [1562 bytes]","args":[{"selector":{"id":"pickUpSwitchHeader","viewName":"etm.portal.ui.managerequests.view.Detail","interaction":{"idSuffix":"handle"}},"wdio_ui5_key":"pickUpSwitchHeaderetmportal.ui.managerequests.view.Detail"}]}
RESULT: {"script":"<script> [1562 bytes]","args":[{"selector":{"id":"pickUpSwitchHeader","viewName":"etm.portal.ui.managerequests.view.Detail","interaction":{"idSuffix":"handle"}},"wdio_ui5_key":"pickUpSwitchHeaderetmportal.ui.managerequests.view.Detail"}]}
RESULT: undefined
COMMAND: POST /session/d5f272f198c3c1f43c195f4d238b9983/element - {"using":"xpath","value":"//*[@id=\"__xmlview2--pickUpSwitchHeader\"]"}
RESULT: {"using":"xpath","value":"//*[@id=\"__xmlview2--pickUpSwitchHeader\"]"}
COMMAND: POST /session/d5f272f198c3c1f43c195f4d238b9983/element/f.3CB17101AE25630290776882465A9E58.d.18F4A5F730170A42769DE48402C33AB3.e.5603/click - {}
RESULT: {}
COMMAND: POST /session/d5f272f198c3c1f43c195f4d238b9983/execute/async - {"script":"<script> [1562 bytes]","args":[{"selector":{"controlType":"sap.ui.core.Icon","viewName":"etm.portal.ui.managerequests.view.Detail","properties":{"src":{"regex":{"source":"pushpin\\-off"}}}},"wdio_ui5_key":"etmportal.ui.managerequests.view.Detailsap.ui.core.Icon{\"src\":{\"regex\":{\"source\":\"pushpin\\\\-off\"}}}"}]}
COMMAND: GET /session/d5f272f198c3c1f43c195f4d238b9983/screenshot - {}
RESULT: {"script":"<script> [1562 bytes]","args":[{"selector":{"controlType":"sap.ui.core.Icon","viewName":"etm.portal.ui.managerequests.view.Detail","properties":{"src":{"regex":{"source":"pushpin\\-off"}}}},"wdio_ui5_key":"etmportal.ui.managerequests.view.Detailsap.ui.core.Icon{\"src\":{\"regex\":{\"source\":\"pushpin\\\\-off\"}}}"}]}
RESULT: undefined
COMMAND: POST /session/d5f272f198c3c1f43c195f4d238b9983/element - {"using":"xpath","value":"//*[@id=\"__xmlview2--detailRequestPage-OPHeaderContent-pinBtn-img\"]"}
RESULT: {}
RESULT: {"using":"xpath","value":"//*[@id=\"__xmlview2--detailRequestPage-OPHeaderContent-pinBtn-img\"]"}
COMMAND: POST /session/d5f272f198c3c1f43c195f4d238b9983/element/f.3CB17101AE25630290776882465A9E58.d.18F4A5F730170A42769DE48402C33AB3.e.5611/click - {}
RESULT: {}
RESULT: undefined
COMMAND: POST /session/d5f272f198c3c1f43c195f4d238b9983/execute/async - {"script":"<script> [6424 bytes]","args":[{"element-6066-11e4-a52e-4f735466cecf":"f.3CB17101AE25630290776882465A9E58.d.18F4A5F730170A42769DE48402C33AB3.e.5631"},"getType",[]]}
COMMAND: GET /session/d5f272f198c3c1f43c195f4d238b9983/screenshot - {}
RESULT: {"script":"<script> [6424 bytes]","args":[{"element-6066-11e4-a52e-4f735466cecf":"f.3CB17101AE25630290776882465A9E58.d.18F4A5F730170A42769DE48402C33AB3.e.5631"},"getType",[]]}
RESULT: undefined
COMMAND: POST /session/d5f272f198c3c1f43c195f4d238b9983/execute/async - {"script":"<script> [6424 bytes]","args":[{"element-6066-11e4-a52e-4f735466cecf":"f.3CB17101AE25630290776882465A9E58.d.18F4A5F730170A42769DE48402C33AB3.e.5662"},"getType",[]]}
RESULT: {}
RESULT: {"script":"<script> [6424 bytes]","args":[{"element-6066-11e4-a52e-4f735466cecf":"f.3CB17101AE25630290776882465A9E58.d.18F4A5F730170A42769DE48402C33AB3.e.5662"},"getType",[]]}
COMMAND: POST /session/d5f272f198c3c1f43c195f4d238b9983/execute/async - {"script":"<script> [1562 bytes]","args":[{"selector":{"controlType":"sap.ui.core.Icon","viewName":"etm.portal.ui.managerequests.view.Detail","properties":{"src":{"regex":{"source":"date\\-time"}}},"ancestor":{"controlType":"sap.m.ColumnListItem","viewName":"etm.portal.ui.managerequests.view.Detail","bindingPath":{"path":"/SmartRequestItemsPlanningBoard(ITEM=10m,REQUEST='20327')"},"ancestor":{"id":"requestItemsTable","viewName":"etm.portal.ui.managerequests.view.Detail"}}},"wdio_ui5_key":"etmportal.ui.managerequests.view.Detailsap.ui.core.Icon{\"src\":{\"regex\":{\"source\":\"date\\\\-time\"}}}{\"controlType\":\"sap.m.ColumnListItem\",\"viewName\":\"etm.portal.ui.managerequests.view.Detail\",\"bindingPath\":{\"path\":\"/SmartRequestItemsPlanningBoard(ITEM=10m,REQUEST='20327')\"},\"ancestor\":{\"id\":\"requestItemsTable\",\"viewName\":\"etm.portal.ui.managerequests.view.Detail\"}}"}]}
RESULT: {"script":"<script> [1562 bytes]","args":[{"selector":{"controlType":"sap.ui.core.Icon","viewName":"etm.portal.ui.managerequests.view.Detail","properties":{"src":{"regex":{"source":"date\\-time"}}},"ancestor":{"controlType":"sap.m.ColumnListItem","viewName":"etm.portal.ui.managerequests.view.Detail","bindingPath":{"path":"/SmartRequestItemsPlanningBoard(ITEM=10m,REQUEST='20327')"},"ancestor":{"id":"requestItemsTable","viewName":"etm.portal.ui.managerequests.view.Detail"}}},"wdio_ui5_key":"etmportal.ui.managerequests.view.Detailsap.ui.core.Icon{\"src\":{\"regex\":{\"source\":\"date\\\\-time\"}}}{\"controlType\":\"sap.m.ColumnListItem\",\"viewName\":\"etm.portal.ui.managerequests.view.Detail\",\"bindingPath\":{\"path\":\"/SmartRequestItemsPlanningBoard(ITEM=10m,REQUEST='20327')\"},\"ancestor\":{\"id\":\"requestItemsTable\",\"viewName\":\"etm.portal.ui.managerequests.view.Detail\"}}"}]}
RESULT: undefined
COMMAND: POST /session/d5f272f198c3c1f43c195f4d238b9983/element - {"using":"xpath","value":"//*[@id=\"__button39-__clone1825-img\"]"}
RESULT: {"using":"xpath","value":"//*[@id=\"__button39-__clone1825-img\"]"}
COMMAND: POST /session/d5f272f198c3c1f43c195f4d238b9983/element/f.3CB17101AE25630290776882465A9E58.d.18F4A5F730170A42769DE48402C33AB3.e.5670/click - {}
RESULT: {}
COMMAND: POST /session/d5f272f198c3c1f43c195f4d238b9983/execute/async - {"script":"<script> [1562 bytes]","args":[{"selector":{"controlType":"sap.m.Button","viewName":"etm.portal.ui.managerequests.view.Detail","properties":{"text":"Close"},"searchOpenDialogs":true,"interaction":{"idSuffix":"inner"}},"wdio_ui5_key":"etmportal.ui.managerequests.view.Detailsap.m.Button{\"text\":\"Close\"}"}]}
COMMAND: GET /session/d5f272f198c3c1f43c195f4d238b9983/screenshot - {}
RESULT: {"script":"<script> [1562 bytes]","args":[{"selector":{"controlType":"sap.m.Button","viewName":"etm.portal.ui.managerequests.view.Detail","properties":{"text":"Close"},"searchOpenDialogs":true,"interaction":{"idSuffix":"inner"}},"wdio_ui5_key":"etmportal.ui.managerequests.view.Detailsap.m.Button{\"text\":\"Close\"}"}]}
RESULT: undefined
COMMAND: POST /session/d5f272f198c3c1f43c195f4d238b9983/element - {"using":"xpath","value":"//*[@id=\"__button49\"]"}
RESULT: {}
RESULT: {"using":"xpath","value":"//*[@id=\"__button49\"]"}
COMMAND: POST /session/d5f272f198c3c1f43c195f4d238b9983/element/f.3CB17101AE25630290776882465A9E58.d.18F4A5F730170A42769DE48402C33AB3.e.5672/click - {}
RESULT: {}
COMMAND: POST /session/d5f272f198c3c1f43c195f4d238b9983/execute/async - {"script":"<script> [1562 bytes]","args":[{"selector":{"controlType":"sap.ui.core.Icon","viewName":"etm.portal.ui.managerequests.view.Detail","properties":{"src":{"regex":{"source":"date\\-time"}}},"ancestor":{"controlType":"sap.m.ColumnListItem","viewName":"etm.portal.ui.managerequests.view.Detail","bindingPath":{"path":"/SmartRequestItemsPlanningBoard(ITEM=20m,REQUEST='20327')"},"ancestor":{"id":"requestItemsTable","viewName":"etm.portal.ui.managerequests.view.Detail"}}},"wdio_ui5_key":"etmportal.ui.managerequests.view.Detailsap.ui.core.Icon{\"src\":{\"regex\":{\"source\":\"date\\\\-time\"}}}{\"controlType\":\"sap.m.ColumnListItem\",\"viewName\":\"etm.portal.ui.managerequests.view.Detail\",\"bindingPath\":{\"path\":\"/SmartRequestItemsPlanningBoard(ITEM=20m,REQUEST='20327')\"},\"ancestor\":{\"id\":\"requestItemsTable\",\"viewName\":\"etm.portal.ui.managerequests.view.Detail\"}}"}]}
COMMAND: GET /session/d5f272f198c3c1f43c195f4d238b9983/screenshot - {}
RESULT: {"script":"<script> [1562 bytes]","args":[{"selector":{"controlType":"sap.ui.core.Icon","viewName":"etm.portal.ui.managerequests.view.Detail","properties":{"src":{"regex":{"source":"date\\-time"}}},"ancestor":{"controlType":"sap.m.ColumnListItem","viewName":"etm.portal.ui.managerequests.view.Detail","bindingPath":{"path":"/SmartRequestItemsPlanningBoard(ITEM=20m,REQUEST='20327')"},"ancestor":{"id":"requestItemsTable","viewName":"etm.portal.ui.managerequests.view.Detail"}}},"wdio_ui5_key":"etmportal.ui.managerequests.view.Detailsap.ui.core.Icon{\"src\":{\"regex\":{\"source\":\"date\\\\-time\"}}}{\"controlType\":\"sap.m.ColumnListItem\",\"viewName\":\"etm.portal.ui.managerequests.view.Detail\",\"bindingPath\":{\"path\":\"/SmartRequestItemsPlanningBoard(ITEM=20m,REQUEST='20327')\"},\"ancestor\":{\"id\":\"requestItemsTable\",\"viewName\":\"etm.portal.ui.managerequests.view.Detail\"}}"}]}
RESULT: undefined
COMMAND: POST /session/d5f272f198c3c1f43c195f4d238b9983/element - {"using":"xpath","value":"//*[@id=\"__button39-__clone1826-img\"]"}
RESULT: {}
RESULT: {"using":"xpath","value":"//*[@id=\"__button39-__clone1826-img\"]"}
COMMAND: POST /session/d5f272f198c3c1f43c195f4d238b9983/element/f.3CB17101AE25630290776882465A9E58.d.18F4A5F730170A42769DE48402C33AB3.e.5679/click - {}
RESULT: {}
RESULT: undefined
COMMAND: POST /session/d5f272f198c3c1f43c195f4d238b9983/element - {"using":"xpath","value":"//*[@id=\"__button49\"]"}
COMMAND: GET /session/d5f272f198c3c1f43c195f4d238b9983/screenshot - {}
RESULT: {"using":"xpath","value":"//*[@id=\"__button49\"]"}
COMMAND: POST /session/d5f272f198c3c1f43c195f4d238b9983/elements - {"using":"xpath","value":"//*[@id=\"__button49\"]"}
RESULT: {}
RESULT: {"using":"xpath","value":"//*[@id=\"__button49\"]"}
COMMAND: POST /session/d5f272f198c3c1f43c195f4d238b9983/element - {"using":"xpath","value":"//*[@id=\"__button49\"]"}
RESULT: {"using":"xpath","value":"//*[@id=\"__button49\"]"}
COMMAND: POST /session/d5f272f198c3c1f43c195f4d238b9983/element/f.3CB17101AE25630290776882465A9E58.d.18F4A5F730170A42769DE48402C33AB3.e.5684/click - {}
RESULT: {}
COMMAND: POST /session/d5f272f198c3c1f43c195f4d238b9983/execute/async - {"script":"<script> [189 bytes]","args":[]}
COMMAND: GET /session/d5f272f198c3c1f43c195f4d238b9983/screenshot - {}
RESULT: {"script":"<script> [189 bytes]","args":[]}
COMMAND: POST /session/d5f272f198c3c1f43c195f4d238b9983/execute/async - {"script":"<script> [123 bytes]","args":[]}
RESULT: {}
RESULT: {"script":"<script> [123 bytes]","args":[]}
COMMAND: POST /session/d5f272f198c3c1f43c195f4d238b9983/timeouts - {"script":"<number>"}
RESULT: {"script":"<number>"}
COMMAND: GET /session/d5f272f198c3c1f43c195f4d238b9983/timeouts - {}
RESULT: {}
RESULT: undefined
COMMAND: POST /session/d5f272f198c3c1f43c195f4d238b9983/execute/async - {"script":"<script> [2676 bytes]","args":[]}
RESULT: {"script":"<script> [2676 bytes]","args":[]}
COMMAND: POST /session/d5f272f198c3c1f43c195f4d238b9983/execute/async - {"script":"<script> [2342 bytes]","args":[{"protocol":"http","hostname":"0.0.0.0","path":"/","capabilities":{"browserName":"chrome","goog:chromeOptions":{"binary":"C:\\Program Files\\Google\\Chrome\\Application\\chrome.exe","args":["--start-maximized"]}},"logLevel":"warn","connectionRetryTimeout":120000,"connectionRetryCount":3,"logLevels":{},"enableDirectConnect":true,"strictSSL":true,"_":"65 more keys: [\"cacheDir\",\"port\",\"requestedCapabilities\",\"automationProtocol\",\"baseUrl\",\"waitforInterval\",\"waitforTimeout\",\"onReload\",\"beforeCommand\",\"afterCommand\",\"rootDir\",\"specs\",\"suites\",\"exclude\",\"groupLogsByTestSpec\",\"excludeDriverLogs\",\"bail\",\"framework\",\"reporters\",\"services\",\"maxInstances\",\"maxInstancesPerCapability\",\"injectGlobals\",\"filesToWatch\",\"execArgv\",\"runnerEnv\",\"runner\",\"shard\",\"specFileRetries\",\"specFileRetriesDelay\",\"specFileRetriesDeferred\",\"reporterSyncInterval\",\"reporterSyncTimeout\",\"cucumberFeaturesWithLineNumbers\",\"autoCompileOpts\",\"mochaOpts\",\"jasmineOpts\",\"cucumberOpts\",\"onPrepare\",\"onWorkerStart\",\"onWorkerEnd\",\"before\",\"beforeSession\",\"beforeSuite\",\"beforeHook\",\"beforeTest\",\"afterTest\",\"afterHook\",\"afterSuite\",\"afterSession\",\"after\",\"onComplete\",\"beforeAssertion\",\"afterAssertion\",\"beforeFeature\",\"beforeScenario\",\"beforeStep\",\"afterStep\",\"afterScenario\",\"afterFeature\",\"_\",\"suite\",\"$0\",\"ignoredWorkerServices\",\"wdi5\"]"}]}
RESULT: {"script":"<script> [2342 bytes]","args":[{"protocol":"http","hostname":"0.0.0.0","path":"/","capabilities":{"browserName":"chrome","goog:chromeOptions":{"binary":"C:\\Program Files\\Google\\Chrome\\Application\\chrome.exe","args":["--start-maximized"]}},"logLevel":"warn","connectionRetryTimeout":120000,"connectionRetryCount":3,"logLevels":{},"enableDirectConnect":true,"strictSSL":true,"_":"65 more keys: [\"cacheDir\",\"port\",\"requestedCapabilities\",\"automationProtocol\",\"baseUrl\",\"waitforInterval\",\"waitforTimeout\",\"onReload\",\"beforeCommand\",\"afterCommand\",\"rootDir\",\"specs\",\"suites\",\"exclude\",\"groupLogsByTestSpec\",\"excludeDriverLogs\",\"bail\",\"framework\",\"reporters\",\"services\",\"maxInstances\",\"maxInstancesPerCapability\",\"injectGlobals\",\"filesToWatch\",\"execArgv\",\"runnerEnv\",\"runner\",\"shard\",\"specFileRetries\",\"specFileRetriesDelay\",\"specFileRetriesDeferred\",\"reporterSyncInterval\",\"reporterSyncTimeout\",\"cucumberFeaturesWithLineNumbers\",\"autoCompileOpts\",\"mochaOpts\",\"jasmineOpts\",\"cucumberOpts\",\"onPrepare\",\"onWorkerStart\",\"onWorkerEnd\",\"before\",\"beforeSession\",\"beforeSuite\",\"beforeHook\",\"beforeTest\",\"afterTest\",\"afterHook\",\"afterSuite\",\"afterSession\",\"after\",\"onComplete\",\"beforeAssertion\",\"afterAssertion\",\"beforeFeature\",\"beforeScenario\",\"beforeStep\",\"afterStep\",\"afterScenario\",\"afterFeature\",\"_\",\"suite\",\"$0\",\"ignoredWorkerServices\",\"wdi5\"]"}]}
COMMAND: POST /session/d5f272f198c3c1f43c195f4d238b9983/execute/async - {"script":"<script> [21126 bytes]","args":[35000]}
RESULT: {"script":"<script> [21126 bytes]","args":[35000]}
COMMAND: POST /session/d5f272f198c3c1f43c195f4d238b9983/execute/async - {"script":"<script> [1562 bytes]","args":[{"selector":{"controlType":"sap.m.Button","viewName":"etm.portal.ui.managerequests.view.Detail","bindingPath":{"path":"/SmartRequestItemsPlanningBoard(ITEM=10m,REQUEST='20327')","propertyPath":"PICK_UP"}},"wdio_ui5_key":"etmportal.ui.managerequests.view.Detailsap.m.Button{\"path\":\"/SmartRequestItemsPlanningBoard(ITEM=10m,REQUEST='20327')\",\"propertyPath\":\"PICK_UP\"}"}]}
RESULT: {"script":"<script> [1562 bytes]","args":[{"selector":{"controlType":"sap.m.Button","viewName":"etm.portal.ui.managerequests.view.Detail","bindingPath":{"path":"/SmartRequestItemsPlanningBoard(ITEM=10m,REQUEST='20327')","propertyPath":"PICK_UP"}},"wdio_ui5_key":"etmportal.ui.managerequests.view.Detailsap.m.Button{\"path\":\"/SmartRequestItemsPlanningBoard(ITEM=10m,REQUEST='20327')\",\"propertyPath\":\"PICK_UP\"}"}]}
RESULT: undefined
COMMAND: POST /session/d5f272f198c3c1f43c195f4d238b9983/execute/async - {"script":"<script> [6424 bytes]","args":[{"element-6066-11e4-a52e-4f735466cecf":"f.3CB17101AE25630290776882465A9E58.d.18F4A5F730170A42769DE48402C33AB3.e.5631"},"getType",[]]}
RESULT: {"script":"<script> [6424 bytes]","args":[{"element-6066-11e4-a52e-4f735466cecf":"f.3CB17101AE25630290776882465A9E58.d.18F4A5F730170A42769DE48402C33AB3.e.5631"},"getType",[]]}
COMMAND: POST /session/d5f272f198c3c1f43c195f4d238b9983/execute/async - {"script":"<script> [1562 bytes]","args":[{"selector":{"controlType":"sap.m.Button","viewName":"etm.portal.ui.managerequests.view.Detail","bindingPath":{"path":"/SmartRequestItemsPlanningBoard(ITEM=20m,REQUEST='20327')","propertyPath":"PICK_UP"}},"wdio_ui5_key":"etmportal.ui.managerequests.view.Detailsap.m.Button{\"path\":\"/SmartRequestItemsPlanningBoard(ITEM=20m,REQUEST='20327')\",\"propertyPath\":\"PICK_UP\"}"}]}
RESULT: {"script":"<script> [1562 bytes]","args":[{"selector":{"controlType":"sap.m.Button","viewName":"etm.portal.ui.managerequests.view.Detail","bindingPath":{"path":"/SmartRequestItemsPlanningBoard(ITEM=20m,REQUEST='20327')","propertyPath":"PICK_UP"}},"wdio_ui5_key":"etmportal.ui.managerequests.view.Detailsap.m.Button{\"path\":\"/SmartRequestItemsPlanningBoard(ITEM=20m,REQUEST='20327')\",\"propertyPath\":\"PICK_UP\"}"}]}
RESULT: undefined
COMMAND: POST /session/d5f272f198c3c1f43c195f4d238b9983/execute/async - {"script":"<script> [6424 bytes]","args":[{"element-6066-11e4-a52e-4f735466cecf":"f.3CB17101AE25630290776882465A9E58.d.18F4A5F730170A42769DE48402C33AB3.e.5662"},"getType",[]]}
RESULT: {"script":"<script> [6424 bytes]","args":[{"element-6066-11e4-a52e-4f735466cecf":"f.3CB17101AE25630290776882465A9E58.d.18F4A5F730170A42769DE48402C33AB3.e.5662"},"getType",[]]}
]]></system-out>
    </testcase>
    <testcase classname="chrome.135_0_7049_96.windows.Manage_request_+_Contract_processing_pick_up_option_US120163_" name="Should Contract processing pick up option" time="170.86">
      <system-out><![CDATA[
COMMAND: POST /session/d5f272f198c3c1f43c195f4d238b9983/execute/async - {"script":"<script> [1562 bytes]","args":[{"selector":{"id":"requestContractNo","viewName":"etm.portal.ui.managerequests.view.Detail"},"wdio_ui5_key":"requestContractNoetmportal.ui.managerequests.view.Detail"}]}
RESULT: {"script":"<script> [1562 bytes]","args":[{"selector":{"id":"requestContractNo","viewName":"etm.portal.ui.managerequests.view.Detail"},"wdio_ui5_key":"requestContractNoetmportal.ui.managerequests.view.Detail"}]}
RESULT: undefined
COMMAND: POST /session/d5f272f198c3c1f43c195f4d238b9983/element - {"using":"xpath","value":"//*[@id=\"__xmlview2--requestContractNo\"]"}
RESULT: {"using":"xpath","value":"//*[@id=\"__xmlview2--requestContractNo\"]"}
COMMAND: POST /session/d5f272f198c3c1f43c195f4d238b9983/element/f.3CB17101AE25630290776882465A9E58.d.18F4A5F730170A42769DE48402C33AB3.e.5688/click - {}
RESULT: {}
COMMAND: POST /session/d5f272f198c3c1f43c195f4d238b9983/execute/async - {"script":"<script> [1562 bytes]","args":[{"selector":{"controlType":"sap.m.Link","viewName":"etm.portal.ui.managerequests.view.Detail","properties":{"text":"Contract Overview"},"searchOpenDialogs":true},"wdio_ui5_key":"etmportal.ui.managerequests.view.Detailsap.m.Link{\"text\":\"Contract Overview\"}"}]}
COMMAND: GET /session/d5f272f198c3c1f43c195f4d238b9983/screenshot - {}
RESULT: {"script":"<script> [1562 bytes]","args":[{"selector":{"controlType":"sap.m.Link","viewName":"etm.portal.ui.managerequests.view.Detail","properties":{"text":"Contract Overview"},"searchOpenDialogs":true},"wdio_ui5_key":"etmportal.ui.managerequests.view.Detailsap.m.Link{\"text\":\"Contract Overview\"}"}]}
RESULT: undefined
COMMAND: POST /session/d5f272f198c3c1f43c195f4d238b9983/element - {"using":"xpath","value":"//*[@id=\"__link8\"]"}
RESULT: {}
RESULT: {"using":"xpath","value":"//*[@id=\"__link8\"]"}
COMMAND: POST /session/d5f272f198c3c1f43c195f4d238b9983/element/f.3CB17101AE25630290776882465A9E58.d.18F4A5F730170A42769DE48402C33AB3.e.5690/click - {}
RESULT: {}
COMMAND: GET /session/d5f272f198c3c1f43c195f4d238b9983/screenshot - {}
RESULT: {}
COMMAND: POST /session/d5f272f198c3c1f43c195f4d238b9983/element - {"using":"xpath","value":"//div[contains(@id ,\"headerBillingItemsTabFilter-text\")]"}
RESULT: {"using":"xpath","value":"//div[contains(@id ,\"headerBillingItemsTabFilter-text\")]"}
COMMAND: POST /session/d5f272f198c3c1f43c195f4d238b9983/element/f.3CB17101AE25630290776882465A9E58.d.18F4A5F730170A42769DE48402C33AB3.e.5929/click - {}
RESULT: {}
COMMAND: GET /session/d5f272f198c3c1f43c195f4d238b9983/screenshot - {}
RESULT: {}
COMMAND: POST /session/d5f272f198c3c1f43c195f4d238b9983/execute/async - {"script":"<script> [1562 bytes]","args":[{"selector":{"id":"addRequestItemBtn","viewName":"etm.portal.ui.managecontracts.view.Detail","interaction":{"idSuffix":"BDI-content"}},"wdio_ui5_key":"addRequestItemBtnetmportal.ui.managecontracts.view.Detail"}]}
RESULT: {"script":"<script> [1562 bytes]","args":[{"selector":{"id":"addRequestItemBtn","viewName":"etm.portal.ui.managecontracts.view.Detail","interaction":{"idSuffix":"BDI-content"}},"wdio_ui5_key":"addRequestItemBtnetmportal.ui.managecontracts.view.Detail"}]}
RESULT: undefined
COMMAND: POST /session/d5f272f198c3c1f43c195f4d238b9983/element - {"using":"xpath","value":"//*[@id=\"__xmlview4--addRequestItemBtn\"]"}
RESULT: {"using":"xpath","value":"//*[@id=\"__xmlview4--addRequestItemBtn\"]"}
COMMAND: POST /session/d5f272f198c3c1f43c195f4d238b9983/element/f.3CB17101AE25630290776882465A9E58.d.18F4A5F730170A42769DE48402C33AB3.e.5782/click - {}
RESULT: {}
COMMAND: GET /session/d5f272f198c3c1f43c195f4d238b9983/screenshot - {}
RESULT: {}
COMMAND: POST /session/d5f272f198c3c1f43c195f4d238b9983/element - {"using":"xpath","value":"//div[contains(@id ,\"popupRequestTable-sa-CbBg\")]"}
RESULT: {"using":"xpath","value":"//div[contains(@id ,\"popupRequestTable-sa-CbBg\")]"}
COMMAND: POST /session/d5f272f198c3c1f43c195f4d238b9983/element/f.3CB17101AE25630290776882465A9E58.d.18F4A5F730170A42769DE48402C33AB3.e.5954/click - {}
RESULT: {}
COMMAND: GET /session/d5f272f198c3c1f43c195f4d238b9983/screenshot - {}
RESULT: {}
COMMAND: POST /session/d5f272f198c3c1f43c195f4d238b9983/execute/async - {"script":"<script> [1562 bytes]","args":[{"selector":{"controlType":"sap.m.Button","viewName":"etm.portal.ui.managecontracts.view.Detail","i18NText":{"propertyName":"text","key":"selectionDone"},"searchOpenDialogs":true,"interaction":{"idSuffix":"content"}},"wdio_ui5_key":"etmportal.ui.managecontracts.view.Detailsap.m.Button{\"propertyName\":\"text\",\"key\":\"selectionDone\"}"}]}
RESULT: {"script":"<script> [1562 bytes]","args":[{"selector":{"controlType":"sap.m.Button","viewName":"etm.portal.ui.managecontracts.view.Detail","i18NText":{"propertyName":"text","key":"selectionDone"},"searchOpenDialogs":true,"interaction":{"idSuffix":"content"}},"wdio_ui5_key":"etmportal.ui.managecontracts.view.Detailsap.m.Button{\"propertyName\":\"text\",\"key\":\"selectionDone\"}"}]}
RESULT: undefined
COMMAND: POST /session/d5f272f198c3c1f43c195f4d238b9983/element - {"using":"xpath","value":"//*[@id=\"__button65\"]"}
RESULT: {"using":"xpath","value":"//*[@id=\"__button65\"]"}
COMMAND: POST /session/d5f272f198c3c1f43c195f4d238b9983/element/f.3CB17101AE25630290776882465A9E58.d.18F4A5F730170A42769DE48402C33AB3.e.5957/click - {}
RESULT: {}
COMMAND: POST /session/d5f272f198c3c1f43c195f4d238b9983/execute/async - {"script":"<script> [1562 bytes]","args":[{"selector":{"controlType":"sap.m.Button","properties":{"text":"OK"},"searchOpenDialogs":true,"interaction":{"idSuffix":"inner"}},"wdio_ui5_key":"sapm.Button{\"text\":\"OK\"}"}]}
COMMAND: GET /session/d5f272f198c3c1f43c195f4d238b9983/screenshot - {}
RESULT: {"script":"<script> [1562 bytes]","args":[{"selector":{"controlType":"sap.m.Button","properties":{"text":"OK"},"searchOpenDialogs":true,"interaction":{"idSuffix":"inner"}},"wdio_ui5_key":"sapm.Button{\"text\":\"OK\"}"}]}
RESULT: undefined
COMMAND: POST /session/d5f272f198c3c1f43c195f4d238b9983/element - {"using":"xpath","value":"//*[@id=\"__mbox-btn-1\"]"}
RESULT: {}
RESULT: {"using":"xpath","value":"//*[@id=\"__mbox-btn-1\"]"}
COMMAND: POST /session/d5f272f198c3c1f43c195f4d238b9983/element/f.3CB17101AE25630290776882465A9E58.d.18F4A5F730170A42769DE48402C33AB3.e.5958/click - {}
RESULT: {}
COMMAND: GET /session/d5f272f198c3c1f43c195f4d238b9983/screenshot - {}
RESULT: {}
COMMAND: POST /session/d5f272f198c3c1f43c195f4d238b9983/element - {"using":"xpath","value":"//div[contains(@id ,\"headerBillingItemsTabFilter-text\")]"}
RESULT: {"using":"xpath","value":"//div[contains(@id ,\"headerBillingItemsTabFilter-text\")]"}
COMMAND: POST /session/d5f272f198c3c1f43c195f4d238b9983/element/f.3CB17101AE25630290776882465A9E58.d.18F4A5F730170A42769DE48402C33AB3.e.5929/click - {}
RESULT: {}
COMMAND: GET /session/d5f272f198c3c1f43c195f4d238b9983/screenshot - {}
RESULT: {}
COMMAND: POST /session/d5f272f198c3c1f43c195f4d238b9983/element - {"using":"xpath","value":"//button[contains(@data-kt ,\"refreshButton\")]"}
RESULT: {"using":"xpath","value":"//button[contains(@data-kt ,\"refreshButton\")]"}
COMMAND: POST /session/d5f272f198c3c1f43c195f4d238b9983/element/f.3CB17101AE25630290776882465A9E58.d.18F4A5F730170A42769DE48402C33AB3.e.5779/click - {}
RESULT: {}
COMMAND: GET /session/d5f272f198c3c1f43c195f4d238b9983/screenshot - {}
RESULT: {}
COMMAND: POST /session/d5f272f198c3c1f43c195f4d238b9983/element - {"using":"xpath","value":"//div[contains(@id ,\"headerBillingItemsTabFilter-text\")]"}
RESULT: {"using":"xpath","value":"//div[contains(@id ,\"headerBillingItemsTabFilter-text\")]"}
COMMAND: POST /session/d5f272f198c3c1f43c195f4d238b9983/element/f.3CB17101AE25630290776882465A9E58.d.18F4A5F730170A42769DE48402C33AB3.e.5929/click - {}
RESULT: {}
COMMAND: GET /session/d5f272f198c3c1f43c195f4d238b9983/screenshot - {}
RESULT: {}
COMMAND: POST /session/d5f272f198c3c1f43c195f4d238b9983/execute/async - {"script":"<script> [1562 bytes]","args":[{"selector":{"id":"contractDetailProvideButton","viewName":"etm.portal.ui.managecontracts.view.Detail","interaction":{"idSuffix":"BDI-content"}},"wdio_ui5_key":"contractDetailProvideButtonetmportal.ui.managecontracts.view.Detail"}]}
RESULT: {"script":"<script> [1562 bytes]","args":[{"selector":{"id":"contractDetailProvideButton","viewName":"etm.portal.ui.managecontracts.view.Detail","interaction":{"idSuffix":"BDI-content"}},"wdio_ui5_key":"contractDetailProvideButtonetmportal.ui.managecontracts.view.Detail"}]}
RESULT: undefined
COMMAND: POST /session/d5f272f198c3c1f43c195f4d238b9983/element - {"using":"xpath","value":"//*[@id=\"__xmlview4--contractDetailProvideButton\"]"}
RESULT: {"using":"xpath","value":"//*[@id=\"__xmlview4--contractDetailProvideButton\"]"}
COMMAND: POST /session/d5f272f198c3c1f43c195f4d238b9983/element/f.3CB17101AE25630290776882465A9E58.d.18F4A5F730170A42769DE48402C33AB3.e.5788/click - {}
RESULT: {}
COMMAND: GET /session/d5f272f198c3c1f43c195f4d238b9983/screenshot - {}
RESULT: {}
COMMAND: POST /session/d5f272f198c3c1f43c195f4d238b9983/execute/async - {"script":"<script> [1562 bytes]","args":[{"selector":{"id":"application-managehandovers-display-component---AddNewHO--pickUpCheckbox","interaction":{"idSuffix":"CbBg"}},"wdio_ui5_key":"applicationmanagehandovers-display-component---AddNewHO--pickUpCheckbox"}]}
RESULT: {"script":"<script> [1562 bytes]","args":[{"selector":{"id":"application-managehandovers-display-component---AddNewHO--pickUpCheckbox","interaction":{"idSuffix":"CbBg"}},"wdio_ui5_key":"applicationmanagehandovers-display-component---AddNewHO--pickUpCheckbox"}]}
RESULT: undefined
COMMAND: POST /session/d5f272f198c3c1f43c195f4d238b9983/element - {"using":"xpath","value":"//*[@id=\"application-managehandovers-display-component---AddNewHO--pickUpCheckbox\"]"}
RESULT: {"using":"xpath","value":"//*[@id=\"application-managehandovers-display-component---AddNewHO--pickUpCheckbox\"]"}
COMMAND: POST /session/d5f272f198c3c1f43c195f4d238b9983/element/f.3CB17101AE25630290776882465A9E58.d.18F4A5F730170A42769DE48402C33AB3.e.6157/click - {}
RESULT: {}
COMMAND: POST /session/d5f272f198c3c1f43c195f4d238b9983/execute/async - {"script":"<script> [1562 bytes]","args":[{"selector":{"id":"application-managehandovers-display-component---AddNewHO--ObjectPageLayout-anchBar-application-managehandovers-display-component---AddNewHO--section4-anchor","interaction":{"idSuffix":"content"}},"wdio_ui5_key":"applicationmanagehandovers-display-component---AddNewHO--ObjectPageLayout-anchBar-application-managehandovers-display-component---AddNewHO--section4-anchor"}]}
COMMAND: GET /session/d5f272f198c3c1f43c195f4d238b9983/screenshot - {}
RESULT: {"script":"<script> [1562 bytes]","args":[{"selector":{"id":"application-managehandovers-display-component---AddNewHO--ObjectPageLayout-anchBar-application-managehandovers-display-component---AddNewHO--section4-anchor","interaction":{"idSuffix":"content"}},"wdio_ui5_key":"applicationmanagehandovers-display-component---AddNewHO--ObjectPageLayout-anchBar-application-managehandovers-display-component---AddNewHO--section4-anchor"}]}
RESULT: undefined
COMMAND: POST /session/d5f272f198c3c1f43c195f4d238b9983/element - {"using":"xpath","value":"//*[@id=\"application-managehandovers-display-component---AddNewHO--ObjectPageLayout-anchBar-application-managehandovers-display-component---AddNewHO--section4-anchor\"]"}
RESULT: {}
RESULT: {"using":"xpath","value":"//*[@id=\"application-managehandovers-display-component---AddNewHO--ObjectPageLayout-anchBar-application-managehandovers-display-component---AddNewHO--section4-anchor\"]"}
COMMAND: POST /session/d5f272f198c3c1f43c195f4d238b9983/element/f.3CB17101AE25630290776882465A9E58.d.18F4A5F730170A42769DE48402C33AB3.e.6161/click - {}
RESULT: {}
COMMAND: POST /session/d5f272f198c3c1f43c195f4d238b9983/execute/async - {"script":"<script> [1562 bytes]","args":[{"selector":{"controlType":"sap.m.Button","viewName":"etm.portal.ui.managehandovers.view.AddNewHO","viewId":"application-managehandovers-display-component---AddNewHO","i18NText":{"propertyName":"tooltip","key":"addItems"},"interaction":{"idSuffix":"inner"}},"wdio_ui5_key":"etmportal.ui.managehandovers.view.AddNewHOsap.m.Button{\"propertyName\":\"tooltip\",\"key\":\"addItems\"}"}]}
COMMAND: GET /session/d5f272f198c3c1f43c195f4d238b9983/screenshot - {}
RESULT: {"script":"<script> [1562 bytes]","args":[{"selector":{"controlType":"sap.m.Button","viewName":"etm.portal.ui.managehandovers.view.AddNewHO","viewId":"application-managehandovers-display-component---AddNewHO","i18NText":{"propertyName":"tooltip","key":"addItems"},"interaction":{"idSuffix":"inner"}},"wdio_ui5_key":"etmportal.ui.managehandovers.view.AddNewHOsap.m.Button{\"propertyName\":\"tooltip\",\"key\":\"addItems\"}"}]}
RESULT: undefined
COMMAND: POST /session/d5f272f198c3c1f43c195f4d238b9983/element - {"using":"xpath","value":"//*[@id=\"__button82\"]"}
RESULT: {}
RESULT: {"using":"xpath","value":"//*[@id=\"__button82\"]"}
COMMAND: POST /session/d5f272f198c3c1f43c195f4d238b9983/element/f.3CB17101AE25630290776882465A9E58.d.18F4A5F730170A42769DE48402C33AB3.e.6165/click - {}
RESULT: {}
COMMAND: POST /session/d5f272f198c3c1f43c195f4d238b9983/execute/async - {"script":"<script> [1562 bytes]","args":[{"selector":{"id":"application-managehandovers-display-component---AddNewHO--smartTableHOPopup-header","searchOpenDialogs":true},"wdio_ui5_key":"applicationmanagehandovers-display-component---AddNewHO--smartTableHOPopup-header"}]}
COMMAND: GET /session/d5f272f198c3c1f43c195f4d238b9983/screenshot - {}
RESULT: {"script":"<script> [1562 bytes]","args":[{"selector":{"id":"application-managehandovers-display-component---AddNewHO--smartTableHOPopup-header","searchOpenDialogs":true},"wdio_ui5_key":"applicationmanagehandovers-display-component---AddNewHO--smartTableHOPopup-header"}]}
RESULT: undefined
COMMAND: POST /session/d5f272f198c3c1f43c195f4d238b9983/execute/async - {"script":"<script> [6424 bytes]","args":[{"element-6066-11e4-a52e-4f735466cecf":"f.3CB17101AE25630290776882465A9E58.d.18F4A5F730170A42769DE48402C33AB3.e.6172"},"getText",[]]}
RESULT: {}
RESULT: {"script":"<script> [6424 bytes]","args":[{"element-6066-11e4-a52e-4f735466cecf":"f.3CB17101AE25630290776882465A9E58.d.18F4A5F730170A42769DE48402C33AB3.e.6172"},"getText",[]]}
COMMAND: POST /session/d5f272f198c3c1f43c195f4d238b9983/actions - {"actions":[{"id":"action43","type":"key","parameters":{},"actions":[{"type":"keyDown","value":"î€Œ"},{"type":"pause","duration":10},{"type":"keyUp","value":"î€Œ"}]}]}
RESULT: {"actions":[{"id":"action43","type":"key","parameters":{},"actions":[{"type":"keyDown","value":"î€Œ"},{"type":"pause","duration":10},{"type":"keyUp","value":"î€Œ"}]}]}
COMMAND: GET /session/d5f272f198c3c1f43c195f4d238b9983/screenshot - {}
RESULT: {}
COMMAND: POST /session/d5f272f198c3c1f43c195f4d238b9983/execute/async - {"script":"<script> [1562 bytes]","args":[{"selector":{"id":"backBtn"},"wdio_ui5_key":"backBtn"}]}
RESULT: {"script":"<script> [1562 bytes]","args":[{"selector":{"id":"backBtn"},"wdio_ui5_key":"backBtn"}]}
RESULT: undefined
COMMAND: POST /session/d5f272f198c3c1f43c195f4d238b9983/element - {"using":"xpath","value":"//*[@id=\"backBtn\"]"}
RESULT: {"using":"xpath","value":"//*[@id=\"backBtn\"]"}
COMMAND: POST /session/d5f272f198c3c1f43c195f4d238b9983/element/f.3CB17101AE25630290776882465A9E58.d.18F4A5F730170A42769DE48402C33AB3.e.6174/click - {}
RESULT: {}
COMMAND: GET /session/d5f272f198c3c1f43c195f4d238b9983/screenshot - {}
COMMAND: POST /session/d5f272f198c3c1f43c195f4d238b9983/refresh - {}
RESULT: {}
RESULT: {}
COMMAND: GET /session/d5f272f198c3c1f43c195f4d238b9983/screenshot - {}
RESULT: {}
COMMAND: POST /session/d5f272f198c3c1f43c195f4d238b9983/execute/async - {"script":"<script> [189 bytes]","args":[]}
RESULT: {"script":"<script> [189 bytes]","args":[]}
COMMAND: POST /session/d5f272f198c3c1f43c195f4d238b9983/execute/async - {"script":"<script> [123 bytes]","args":[]}
RESULT: {"script":"<script> [123 bytes]","args":[]}
COMMAND: POST /session/d5f272f198c3c1f43c195f4d238b9983/timeouts - {"script":"<number>"}
RESULT: {"script":"<number>"}
COMMAND: GET /session/d5f272f198c3c1f43c195f4d238b9983/timeouts - {}
RESULT: {}
RESULT: undefined
COMMAND: POST /session/d5f272f198c3c1f43c195f4d238b9983/execute/async - {"script":"<script> [2676 bytes]","args":[]}
RESULT: {"script":"<script> [2676 bytes]","args":[]}
COMMAND: POST /session/d5f272f198c3c1f43c195f4d238b9983/execute/async - {"script":"<script> [2342 bytes]","args":[{"protocol":"http","hostname":"0.0.0.0","path":"/","capabilities":{"browserName":"chrome","goog:chromeOptions":{"binary":"C:\\Program Files\\Google\\Chrome\\Application\\chrome.exe","args":["--start-maximized"]}},"logLevel":"warn","connectionRetryTimeout":120000,"connectionRetryCount":3,"logLevels":{},"enableDirectConnect":true,"strictSSL":true,"_":"65 more keys: [\"cacheDir\",\"port\",\"requestedCapabilities\",\"automationProtocol\",\"baseUrl\",\"waitforInterval\",\"waitforTimeout\",\"onReload\",\"beforeCommand\",\"afterCommand\",\"rootDir\",\"specs\",\"suites\",\"exclude\",\"groupLogsByTestSpec\",\"excludeDriverLogs\",\"bail\",\"framework\",\"reporters\",\"services\",\"maxInstances\",\"maxInstancesPerCapability\",\"injectGlobals\",\"filesToWatch\",\"execArgv\",\"runnerEnv\",\"runner\",\"shard\",\"specFileRetries\",\"specFileRetriesDelay\",\"specFileRetriesDeferred\",\"reporterSyncInterval\",\"reporterSyncTimeout\",\"cucumberFeaturesWithLineNumbers\",\"autoCompileOpts\",\"mochaOpts\",\"jasmineOpts\",\"cucumberOpts\",\"onPrepare\",\"onWorkerStart\",\"onWorkerEnd\",\"before\",\"beforeSession\",\"beforeSuite\",\"beforeHook\",\"beforeTest\",\"afterTest\",\"afterHook\",\"afterSuite\",\"afterSession\",\"after\",\"onComplete\",\"beforeAssertion\",\"afterAssertion\",\"beforeFeature\",\"beforeScenario\",\"beforeStep\",\"afterStep\",\"afterScenario\",\"afterFeature\",\"_\",\"suite\",\"$0\",\"ignoredWorkerServices\",\"wdi5\"]"}]}
RESULT: {"script":"<script> [2342 bytes]","args":[{"protocol":"http","hostname":"0.0.0.0","path":"/","capabilities":{"browserName":"chrome","goog:chromeOptions":{"binary":"C:\\Program Files\\Google\\Chrome\\Application\\chrome.exe","args":["--start-maximized"]}},"logLevel":"warn","connectionRetryTimeout":120000,"connectionRetryCount":3,"logLevels":{},"enableDirectConnect":true,"strictSSL":true,"_":"65 more keys: [\"cacheDir\",\"port\",\"requestedCapabilities\",\"automationProtocol\",\"baseUrl\",\"waitforInterval\",\"waitforTimeout\",\"onReload\",\"beforeCommand\",\"afterCommand\",\"rootDir\",\"specs\",\"suites\",\"exclude\",\"groupLogsByTestSpec\",\"excludeDriverLogs\",\"bail\",\"framework\",\"reporters\",\"services\",\"maxInstances\",\"maxInstancesPerCapability\",\"injectGlobals\",\"filesToWatch\",\"execArgv\",\"runnerEnv\",\"runner\",\"shard\",\"specFileRetries\",\"specFileRetriesDelay\",\"specFileRetriesDeferred\",\"reporterSyncInterval\",\"reporterSyncTimeout\",\"cucumberFeaturesWithLineNumbers\",\"autoCompileOpts\",\"mochaOpts\",\"jasmineOpts\",\"cucumberOpts\",\"onPrepare\",\"onWorkerStart\",\"onWorkerEnd\",\"before\",\"beforeSession\",\"beforeSuite\",\"beforeHook\",\"beforeTest\",\"afterTest\",\"afterHook\",\"afterSuite\",\"afterSession\",\"after\",\"onComplete\",\"beforeAssertion\",\"afterAssertion\",\"beforeFeature\",\"beforeScenario\",\"beforeStep\",\"afterStep\",\"afterScenario\",\"afterFeature\",\"_\",\"suite\",\"$0\",\"ignoredWorkerServices\",\"wdi5\"]"}]}
COMMAND: POST /session/d5f272f198c3c1f43c195f4d238b9983/execute/async - {"script":"<script> [21126 bytes]","args":[35000]}
RESULT: {"script":"<script> [21126 bytes]","args":[35000]}
COMMAND: POST /session/d5f272f198c3c1f43c195f4d238b9983/element - {"using":"xpath","value":"//div[contains(@id ,\"headerBillingItemsTabFilter-text\")]"}
RESULT: {"using":"xpath","value":"//div[contains(@id ,\"headerBillingItemsTabFilter-text\")]"}
COMMAND: POST /session/d5f272f198c3c1f43c195f4d238b9983/element/f.3CB17101AE25630290776882465A9E58.d.173165A06796EB96DCFA6AB9B4FFE748.e.6551/click - {}
RESULT: {}
COMMAND: GET /session/d5f272f198c3c1f43c195f4d238b9983/screenshot - {}
RESULT: {}
COMMAND: POST /session/d5f272f198c3c1f43c195f4d238b9983/execute/async - {"script":"<script> [1562 bytes]","args":[{"selector":{"id":"revertPlanningBtn","viewName":"etm.portal.ui.managecontracts.view.Detail","interaction":{"idSuffix":"BDI-content"}},"wdio_ui5_key":"revertPlanningBtnetmportal.ui.managecontracts.view.Detail"}]}
RESULT: {"script":"<script> [1562 bytes]","args":[{"selector":{"id":"revertPlanningBtn","viewName":"etm.portal.ui.managecontracts.view.Detail","interaction":{"idSuffix":"BDI-content"}},"wdio_ui5_key":"revertPlanningBtnetmportal.ui.managecontracts.view.Detail"}]}
RESULT: undefined
COMMAND: POST /session/d5f272f198c3c1f43c195f4d238b9983/element - {"using":"xpath","value":"//*[@id=\"__xmlview1--revertPlanningBtn\"]"}
RESULT: {"using":"xpath","value":"//*[@id=\"__xmlview1--revertPlanningBtn\"]"}
COMMAND: POST /session/d5f272f198c3c1f43c195f4d238b9983/element/f.3CB17101AE25630290776882465A9E58.d.173165A06796EB96DCFA6AB9B4FFE748.e.6596/click - {}
RESULT: {}
COMMAND: GET /session/d5f272f198c3c1f43c195f4d238b9983/screenshot - {}
RESULT: {}
COMMAND: POST /session/d5f272f198c3c1f43c195f4d238b9983/actions - {"actions":[{"id":"action44","type":"key","parameters":{},"actions":[{"type":"keyDown","value":"î€‡"},{"type":"pause","duration":10},{"type":"keyUp","value":"î€‡"}]}]}
RESULT: {"actions":[{"id":"action44","type":"key","parameters":{},"actions":[{"type":"keyDown","value":"î€‡"},{"type":"pause","duration":10},{"type":"keyUp","value":"î€‡"}]}]}
COMMAND: GET /session/d5f272f198c3c1f43c195f4d238b9983/screenshot - {}
RESULT: {}
COMMAND: POST /session/d5f272f198c3c1f43c195f4d238b9983/element - {"using":"xpath","value":"//div[contains(@id ,\"ProductsTable-sa-CbBg\")]"}
RESULT: {"using":"xpath","value":"//div[contains(@id ,\"ProductsTable-sa-CbBg\")]"}
COMMAND: POST /session/d5f272f198c3c1f43c195f4d238b9983/element/f.3CB17101AE25630290776882465A9E58.d.173165A06796EB96DCFA6AB9B4FFE748.e.6654/click - {}
RESULT: {}
COMMAND: GET /session/d5f272f198c3c1f43c195f4d238b9983/screenshot - {}
RESULT: {}
COMMAND: POST /session/d5f272f198c3c1f43c195f4d238b9983/execute/async - {"script":"<script> [1562 bytes]","args":[{"selector":{"id":"executeRevertPlanningBtn","viewName":"etm.portal.ui.managecontracts.view.Detail","interaction":{"idSuffix":"BDI-content"}},"wdio_ui5_key":"executeRevertPlanningBtnetmportal.ui.managecontracts.view.Detail"}]}
RESULT: {"script":"<script> [1562 bytes]","args":[{"selector":{"id":"executeRevertPlanningBtn","viewName":"etm.portal.ui.managecontracts.view.Detail","interaction":{"idSuffix":"BDI-content"}},"wdio_ui5_key":"executeRevertPlanningBtnetmportal.ui.managecontracts.view.Detail"}]}
RESULT: undefined
COMMAND: POST /session/d5f272f198c3c1f43c195f4d238b9983/element - {"using":"xpath","value":"//*[@id=\"__xmlview1--executeRevertPlanningBtn\"]"}
RESULT: {"using":"xpath","value":"//*[@id=\"__xmlview1--executeRevertPlanningBtn\"]"}
COMMAND: POST /session/d5f272f198c3c1f43c195f4d238b9983/element/f.3CB17101AE25630290776882465A9E58.d.173165A06796EB96DCFA6AB9B4FFE748.e.6644/click - {}
RESULT: {}
COMMAND: GET /session/d5f272f198c3c1f43c195f4d238b9983/screenshot - {}
RESULT: {}
COMMAND: POST /session/d5f272f198c3c1f43c195f4d238b9983/actions - {"actions":[{"id":"action45","type":"key","parameters":{},"actions":[{"type":"keyDown","value":"î€‡"},{"type":"pause","duration":10},{"type":"keyUp","value":"î€‡"}]}]}
RESULT: {"actions":[{"id":"action45","type":"key","parameters":{},"actions":[{"type":"keyDown","value":"î€‡"},{"type":"pause","duration":10},{"type":"keyUp","value":"î€‡"}]}]}
COMMAND: POST /session/d5f272f198c3c1f43c195f4d238b9983/execute/async - {"script":"<script> [1562 bytes]","args":[{"selector":{"id":"backBtn"},"wdio_ui5_key":"backBtn"}]}
COMMAND: GET /session/d5f272f198c3c1f43c195f4d238b9983/screenshot - {}
RESULT: {"script":"<script> [1562 bytes]","args":[{"selector":{"id":"backBtn"},"wdio_ui5_key":"backBtn"}]}
RESULT: undefined
COMMAND: POST /session/d5f272f198c3c1f43c195f4d238b9983/element - {"using":"xpath","value":"//*[@id=\"backBtn\"]"}
RESULT: {}
RESULT: {"using":"xpath","value":"//*[@id=\"backBtn\"]"}
COMMAND: POST /session/d5f272f198c3c1f43c195f4d238b9983/element/f.3CB17101AE25630290776882465A9E58.d.173165A06796EB96DCFA6AB9B4FFE748.e.6671/click - {}
RESULT: {}
COMMAND: GET /session/d5f272f198c3c1f43c195f4d238b9983/screenshot - {}
RESULT: {}
COMMAND: POST /session/d5f272f198c3c1f43c195f4d238b9983/refresh - {}
RESULT: {}
COMMAND: GET /session/d5f272f198c3c1f43c195f4d238b9983/screenshot - {}
RESULT: {}
COMMAND: POST /session/d5f272f198c3c1f43c195f4d238b9983/execute/async - {"script":"<script> [189 bytes]","args":[]}
RESULT: {"script":"<script> [189 bytes]","args":[]}
COMMAND: POST /session/d5f272f198c3c1f43c195f4d238b9983/execute/async - {"script":"<script> [123 bytes]","args":[]}
RESULT: {"script":"<script> [123 bytes]","args":[]}
COMMAND: POST /session/d5f272f198c3c1f43c195f4d238b9983/timeouts - {"script":"<number>"}
RESULT: {"script":"<number>"}
COMMAND: GET /session/d5f272f198c3c1f43c195f4d238b9983/timeouts - {}
RESULT: {}
RESULT: undefined
COMMAND: POST /session/d5f272f198c3c1f43c195f4d238b9983/execute/async - {"script":"<script> [2676 bytes]","args":[]}
RESULT: {"script":"<script> [2676 bytes]","args":[]}
COMMAND: POST /session/d5f272f198c3c1f43c195f4d238b9983/execute/async - {"script":"<script> [2342 bytes]","args":[{"protocol":"http","hostname":"0.0.0.0","path":"/","capabilities":{"browserName":"chrome","goog:chromeOptions":{"binary":"C:\\Program Files\\Google\\Chrome\\Application\\chrome.exe","args":["--start-maximized"]}},"logLevel":"warn","connectionRetryTimeout":120000,"connectionRetryCount":3,"logLevels":{},"enableDirectConnect":true,"strictSSL":true,"_":"65 more keys: [\"cacheDir\",\"port\",\"requestedCapabilities\",\"automationProtocol\",\"baseUrl\",\"waitforInterval\",\"waitforTimeout\",\"onReload\",\"beforeCommand\",\"afterCommand\",\"rootDir\",\"specs\",\"suites\",\"exclude\",\"groupLogsByTestSpec\",\"excludeDriverLogs\",\"bail\",\"framework\",\"reporters\",\"services\",\"maxInstances\",\"maxInstancesPerCapability\",\"injectGlobals\",\"filesToWatch\",\"execArgv\",\"runnerEnv\",\"runner\",\"shard\",\"specFileRetries\",\"specFileRetriesDelay\",\"specFileRetriesDeferred\",\"reporterSyncInterval\",\"reporterSyncTimeout\",\"cucumberFeaturesWithLineNumbers\",\"autoCompileOpts\",\"mochaOpts\",\"jasmineOpts\",\"cucumberOpts\",\"onPrepare\",\"onWorkerStart\",\"onWorkerEnd\",\"before\",\"beforeSession\",\"beforeSuite\",\"beforeHook\",\"beforeTest\",\"afterTest\",\"afterHook\",\"afterSuite\",\"afterSession\",\"after\",\"onComplete\",\"beforeAssertion\",\"afterAssertion\",\"beforeFeature\",\"beforeScenario\",\"beforeStep\",\"afterStep\",\"afterScenario\",\"afterFeature\",\"_\",\"suite\",\"$0\",\"ignoredWorkerServices\",\"wdi5\"]"}]}
RESULT: {"script":"<script> [2342 bytes]","args":[{"protocol":"http","hostname":"0.0.0.0","path":"/","capabilities":{"browserName":"chrome","goog:chromeOptions":{"binary":"C:\\Program Files\\Google\\Chrome\\Application\\chrome.exe","args":["--start-maximized"]}},"logLevel":"warn","connectionRetryTimeout":120000,"connectionRetryCount":3,"logLevels":{},"enableDirectConnect":true,"strictSSL":true,"_":"65 more keys: [\"cacheDir\",\"port\",\"requestedCapabilities\",\"automationProtocol\",\"baseUrl\",\"waitforInterval\",\"waitforTimeout\",\"onReload\",\"beforeCommand\",\"afterCommand\",\"rootDir\",\"specs\",\"suites\",\"exclude\",\"groupLogsByTestSpec\",\"excludeDriverLogs\",\"bail\",\"framework\",\"reporters\",\"services\",\"maxInstances\",\"maxInstancesPerCapability\",\"injectGlobals\",\"filesToWatch\",\"execArgv\",\"runnerEnv\",\"runner\",\"shard\",\"specFileRetries\",\"specFileRetriesDelay\",\"specFileRetriesDeferred\",\"reporterSyncInterval\",\"reporterSyncTimeout\",\"cucumberFeaturesWithLineNumbers\",\"autoCompileOpts\",\"mochaOpts\",\"jasmineOpts\",\"cucumberOpts\",\"onPrepare\",\"onWorkerStart\",\"onWorkerEnd\",\"before\",\"beforeSession\",\"beforeSuite\",\"beforeHook\",\"beforeTest\",\"afterTest\",\"afterHook\",\"afterSuite\",\"afterSession\",\"after\",\"onComplete\",\"beforeAssertion\",\"afterAssertion\",\"beforeFeature\",\"beforeScenario\",\"beforeStep\",\"afterStep\",\"afterScenario\",\"afterFeature\",\"_\",\"suite\",\"$0\",\"ignoredWorkerServices\",\"wdi5\"]"}]}
COMMAND: POST /session/d5f272f198c3c1f43c195f4d238b9983/execute/async - {"script":"<script> [21126 bytes]","args":[35000]}
RESULT: {"script":"<script> [21126 bytes]","args":[35000]}
COMMAND: POST /session/d5f272f198c3c1f43c195f4d238b9983/execute/async - {"script":"<script> [1562 bytes]","args":[{"selector":{"controlType":"sap.m.ObjectStatus","viewName":"etm.portal.ui.managerequests.view.Detail","bindingPath":{"path":"/RequestHeaders('20327')","propertyPath":"LINK_TO_STATUS/DESCRIPTION","modelName":"catalogModel"}},"wdio_ui5_key":"etmportal.ui.managerequests.view.Detailsap.m.ObjectStatus{\"path\":\"/RequestHeaders('20327')\",\"propertyPath\":\"LINK_TO_STATUS/DESCRIPTION\",\"modelName\":\"catalogModel\"}"}]}
RESULT: {"script":"<script> [1562 bytes]","args":[{"selector":{"controlType":"sap.m.ObjectStatus","viewName":"etm.portal.ui.managerequests.view.Detail","bindingPath":{"path":"/RequestHeaders('20327')","propertyPath":"LINK_TO_STATUS/DESCRIPTION","modelName":"catalogModel"}},"wdio_ui5_key":"etmportal.ui.managerequests.view.Detailsap.m.ObjectStatus{\"path\":\"/RequestHeaders('20327')\",\"propertyPath\":\"LINK_TO_STATUS/DESCRIPTION\",\"modelName\":\"catalogModel\"}"}]}
RESULT: undefined
COMMAND: POST /session/d5f272f198c3c1f43c195f4d238b9983/execute/async - {"script":"<script> [6424 bytes]","args":[{"element-6066-11e4-a52e-4f735466cecf":"f.3CB17101AE25630290776882465A9E58.d.C97AB3F3E2644C298911FCDB2C8E0B6A.e.6969"},"getText",[]]}
RESULT: {"script":"<script> [6424 bytes]","args":[{"element-6066-11e4-a52e-4f735466cecf":"f.3CB17101AE25630290776882465A9E58.d.C97AB3F3E2644C298911FCDB2C8E0B6A.e.6969"},"getText",[]]}
COMMAND: POST /session/d5f272f198c3c1f43c195f4d238b9983/execute/async - {"script":"<script> [1562 bytes]","args":[{"selector":{"controlType":"sap.m.Button","viewName":"etm.portal.ui.managerequests.view.Detail","bindingPath":{"path":"/SmartRequestItemsPlanningBoard(ITEM=10m,REQUEST='20327')","propertyPath":"PICK_UP"}},"wdio_ui5_key":"etmportal.ui.managerequests.view.Detailsap.m.Button{\"path\":\"/SmartRequestItemsPlanningBoard(ITEM=10m,REQUEST='20327')\",\"propertyPath\":\"PICK_UP\"}"}]}
RESULT: {"script":"<script> [1562 bytes]","args":[{"selector":{"controlType":"sap.m.Button","viewName":"etm.portal.ui.managerequests.view.Detail","bindingPath":{"path":"/SmartRequestItemsPlanningBoard(ITEM=10m,REQUEST='20327')","propertyPath":"PICK_UP"}},"wdio_ui5_key":"etmportal.ui.managerequests.view.Detailsap.m.Button{\"path\":\"/SmartRequestItemsPlanningBoard(ITEM=10m,REQUEST='20327')\",\"propertyPath\":\"PICK_UP\"}"}]}
RESULT: undefined
COMMAND: POST /session/d5f272f198c3c1f43c195f4d238b9983/execute/async - {"script":"<script> [6424 bytes]","args":[{"element-6066-11e4-a52e-4f735466cecf":"f.3CB17101AE25630290776882465A9E58.d.C97AB3F3E2644C298911FCDB2C8E0B6A.e.6953"},"getType",[]]}
RESULT: {"script":"<script> [6424 bytes]","args":[{"element-6066-11e4-a52e-4f735466cecf":"f.3CB17101AE25630290776882465A9E58.d.C97AB3F3E2644C298911FCDB2C8E0B6A.e.6953"},"getType",[]]}
COMMAND: POST /session/d5f272f198c3c1f43c195f4d238b9983/execute/async - {"script":"<script> [1562 bytes]","args":[{"selector":{"controlType":"sap.m.Button","viewName":"etm.portal.ui.managerequests.view.Detail","bindingPath":{"path":"/SmartRequestItemsPlanningBoard(ITEM=20m,REQUEST='20327')","propertyPath":"PICK_UP"}},"wdio_ui5_key":"etmportal.ui.managerequests.view.Detailsap.m.Button{\"path\":\"/SmartRequestItemsPlanningBoard(ITEM=20m,REQUEST='20327')\",\"propertyPath\":\"PICK_UP\"}"}]}
RESULT: {"script":"<script> [1562 bytes]","args":[{"selector":{"controlType":"sap.m.Button","viewName":"etm.portal.ui.managerequests.view.Detail","bindingPath":{"path":"/SmartRequestItemsPlanningBoard(ITEM=20m,REQUEST='20327')","propertyPath":"PICK_UP"}},"wdio_ui5_key":"etmportal.ui.managerequests.view.Detailsap.m.Button{\"path\":\"/SmartRequestItemsPlanningBoard(ITEM=20m,REQUEST='20327')\",\"propertyPath\":\"PICK_UP\"}"}]}
RESULT: undefined
COMMAND: POST /session/d5f272f198c3c1f43c195f4d238b9983/execute/async - {"script":"<script> [6424 bytes]","args":[{"element-6066-11e4-a52e-4f735466cecf":"f.3CB17101AE25630290776882465A9E58.d.C97AB3F3E2644C298911FCDB2C8E0B6A.e.6970"},"getType",[]]}
RESULT: {"script":"<script> [6424 bytes]","args":[{"element-6066-11e4-a52e-4f735466cecf":"f.3CB17101AE25630290776882465A9E58.d.C97AB3F3E2644C298911FCDB2C8E0B6A.e.6970"},"getType",[]]}
COMMAND: POST /session/d5f272f198c3c1f43c195f4d238b9983/element - {"using":"css selector","value":"#shell-header-logo"}
RESULT: {"using":"css selector","value":"#shell-header-logo"}
COMMAND: POST /session/d5f272f198c3c1f43c195f4d238b9983/element/f.3CB17101AE25630290776882465A9E58.d.C97AB3F3E2644C298911FCDB2C8E0B6A.e.6757/click - {}
RESULT: {}
COMMAND: GET /session/d5f272f198c3c1f43c195f4d238b9983/screenshot - {}
RESULT: {}
COMMAND: POST /session/d5f272f198c3c1f43c195f4d238b9983/execute/async - {"script":"<script> [1562 bytes]","args":[{"selector":{"controlType":"sap.m.GenericTile","properties":{"header":"Manage Classifications"}},"wdio_ui5_key":"sapm.GenericTile{\"header\":\"Manage Classifications\"}"}]}
RESULT: {"script":"<script> [1562 bytes]","args":[{"selector":{"controlType":"sap.m.GenericTile","properties":{"header":"Manage Classifications"}},"wdio_ui5_key":"sapm.GenericTile{\"header\":\"Manage Classifications\"}"}]}
RESULT: undefined
COMMAND: POST /session/d5f272f198c3c1f43c195f4d238b9983/element - {"using":"xpath","value":"//*[@id=\"__tile115\"]"}
RESULT: {"using":"xpath","value":"//*[@id=\"__tile115\"]"}
COMMAND: POST /session/d5f272f198c3c1f43c195f4d238b9983/element/f.3CB17101AE25630290776882465A9E58.d.C97AB3F3E2644C298911FCDB2C8E0B6A.e.6983/click - {}
RESULT: {}
COMMAND: GET /session/d5f272f198c3c1f43c195f4d238b9983/screenshot - {}
RESULT: {}
]]></system-out>
    </testcase>
  </testsuite>
  <testsuite timestamp="2025-05-03T15:56:51" time="384.599" tests="4" failures="0" errors="0" skipped="0">
    <properties>
      <property name="specId" value="0" />
      <property name="suiteName" value="Manage requests - requests specifications US141095" />
      <property name="capabilities" value="chrome.135_0_7049_96.windows" />
      <property name="file" value="file:///D:/a/1/s/test/specs/R2C/manage-requests-request-specifications.spec.js" />
    </properties>
    <testcase classname="chrome.135_0_7049_96.windows.Manage_requests_-_requests_specifications_US141095" name="Should create a new classification of type request item" time="48.931">
      <system-out><![CDATA[
COMMAND: POST /session/d5f272f198c3c1f43c195f4d238b9983/execute/async - {"script":"<script> [1562 bytes]","args":[{"selector":{"controlType":"sap.ui.core.Icon","viewName":"etm.portal.ui.manageclassifications.view.Master","viewId":"application-manageclassifications-display-component---classificationMaster","properties":{"src":{"regex":{"source":"add"}}}},"wdio_ui5_key":"etmportal.ui.manageclassifications.view.Mastersap.ui.core.Icon{\"src\":{\"regex\":{\"source\":\"add\"}}}"}]}
RESULT: {"script":"<script> [1562 bytes]","args":[{"selector":{"controlType":"sap.ui.core.Icon","viewName":"etm.portal.ui.manageclassifications.view.Master","viewId":"application-manageclassifications-display-component---classificationMaster","properties":{"src":{"regex":{"source":"add"}}}},"wdio_ui5_key":"etmportal.ui.manageclassifications.view.Mastersap.ui.core.Icon{\"src\":{\"regex\":{\"source\":\"add\"}}}"}]}
RESULT: undefined
COMMAND: POST /session/d5f272f198c3c1f43c195f4d238b9983/element - {"using":"xpath","value":"//*[@id=\"__button27-img\"]"}
RESULT: {"using":"xpath","value":"//*[@id=\"__button27-img\"]"}
COMMAND: POST /session/d5f272f198c3c1f43c195f4d238b9983/element/f.3CB17101AE25630290776882465A9E58.d.C97AB3F3E2644C298911FCDB2C8E0B6A.e.7025/click - {}
RESULT: {}
COMMAND: POST /session/d5f272f198c3c1f43c195f4d238b9983/execute/async - {"script":"<script> [1562 bytes]","args":[{"selector":{"id":"application-manageclassifications-display-component---classificationCreate--classHeaderName","interaction":{"idSuffix":"inner"}},"wdio_ui5_key":"applicationmanageclassifications-display-component---classificationCreate--classHeaderName"}]}
COMMAND: GET /session/d5f272f198c3c1f43c195f4d238b9983/screenshot - {}
RESULT: {"script":"<script> [1562 bytes]","args":[{"selector":{"id":"application-manageclassifications-display-component---classificationCreate--classHeaderName","interaction":{"idSuffix":"inner"}},"wdio_ui5_key":"applicationmanageclassifications-display-component---classificationCreate--classHeaderName"}]}
RESULT: undefined
COMMAND: POST /session/d5f272f198c3c1f43c195f4d238b9983/execute/async - {"script":"<script> [776 bytes]","args":[{"enterText":"WebdriverItemClassc7zea","selector":{"id":"application-manageclassifications-display-component---classificationCreate--classHeaderName","interaction":{"idSuffix":"inner"}},"clearTextFirst":true,"interactionType":"ENTER_TEXT"}]}
RESULT: {}
RESULT: {"script":"<script> [776 bytes]","args":[{"enterText":"WebdriverItemClassc7zea","selector":{"id":"application-manageclassifications-display-component---classificationCreate--classHeaderName","interaction":{"idSuffix":"inner"}},"clearTextFirst":true,"interactionType":"ENTER_TEXT"}]}
COMMAND: POST /session/d5f272f198c3c1f43c195f4d238b9983/execute/async - {"script":"<script> [1562 bytes]","args":[{"selector":{"controlType":"sap.ui.core.Icon","viewName":"etm.portal.ui.manageclassifications.view.Create","viewId":"application-manageclassifications-display-component---classificationCreate","properties":{"src":{"regex":{"source":"slim\\-arrow\\-down"}}}},"wdio_ui5_key":"etmportal.ui.manageclassifications.view.Createsap.ui.core.Icon{\"src\":{\"regex\":{\"source\":\"slim\\\\-arrow\\\\-down\"}}}"}]}
RESULT: {"script":"<script> [1562 bytes]","args":[{"selector":{"controlType":"sap.ui.core.Icon","viewName":"etm.portal.ui.manageclassifications.view.Create","viewId":"application-manageclassifications-display-component---classificationCreate","properties":{"src":{"regex":{"source":"slim\\-arrow\\-down"}}}},"wdio_ui5_key":"etmportal.ui.manageclassifications.view.Createsap.ui.core.Icon{\"src\":{\"regex\":{\"source\":\"slim\\\\-arrow\\\\-down\"}}}"}]}
RESULT: undefined
COMMAND: POST /session/d5f272f198c3c1f43c195f4d238b9983/element - {"using":"xpath","value":"//*[@id=\"__box12-arrow\"]"}
RESULT: {"using":"xpath","value":"//*[@id=\"__box12-arrow\"]"}
COMMAND: POST /session/d5f272f198c3c1f43c195f4d238b9983/element/f.3CB17101AE25630290776882465A9E58.d.C97AB3F3E2644C298911FCDB2C8E0B6A.e.7519/click - {}
RESULT: {}
COMMAND: POST /session/d5f272f198c3c1f43c195f4d238b9983/execute/async - {"script":"<script> [1562 bytes]","args":[{"selector":{"controlType":"sap.m.StandardListItem","viewName":"etm.portal.ui.manageclassifications.view.Create","viewId":"application-manageclassifications-display-component---classificationCreate","properties":{"title":"Request Item Specifications"},"searchOpenDialogs":true,"interaction":{"idSuffix":"titleText"}},"wdio_ui5_key":"etmportal.ui.manageclassifications.view.Createsap.m.StandardListItem{\"title\":\"Request Item Specifications\"}"}]}
COMMAND: GET /session/d5f272f198c3c1f43c195f4d238b9983/screenshot - {}
RESULT: {"script":"<script> [1562 bytes]","args":[{"selector":{"controlType":"sap.m.StandardListItem","viewName":"etm.portal.ui.manageclassifications.view.Create","viewId":"application-manageclassifications-display-component---classificationCreate","properties":{"title":"Request Item Specifications"},"searchOpenDialogs":true,"interaction":{"idSuffix":"titleText"}},"wdio_ui5_key":"etmportal.ui.manageclassifications.view.Createsap.m.StandardListItem{\"title\":\"Request Item Specifications\"}"}]}
RESULT: undefined
COMMAND: POST /session/d5f272f198c3c1f43c195f4d238b9983/element - {"using":"xpath","value":"//*[@id=\"__item85\"]"}
RESULT: {}
RESULT: {"using":"xpath","value":"//*[@id=\"__item85\"]"}
COMMAND: POST /session/d5f272f198c3c1f43c195f4d238b9983/element/f.3CB17101AE25630290776882465A9E58.d.C97AB3F3E2644C298911FCDB2C8E0B6A.e.7561/click - {}
RESULT: {}
COMMAND: POST /session/d5f272f198c3c1f43c195f4d238b9983/execute/async - {"script":"<script> [1562 bytes]","args":[{"selector":{"controlType":"sap.ui.core.Icon","viewName":"etm.portal.ui.manageclassifications.view.Create","viewId":"application-manageclassifications-display-component---classificationCreate","properties":{"src":{"regex":{"source":"add"}}}},"wdio_ui5_key":"etmportal.ui.manageclassifications.view.Createsap.ui.core.Icon{\"src\":{\"regex\":{\"source\":\"add\"}}}"}]}
COMMAND: GET /session/d5f272f198c3c1f43c195f4d238b9983/screenshot - {}
RESULT: {"script":"<script> [1562 bytes]","args":[{"selector":{"controlType":"sap.ui.core.Icon","viewName":"etm.portal.ui.manageclassifications.view.Create","viewId":"application-manageclassifications-display-component---classificationCreate","properties":{"src":{"regex":{"source":"add"}}}},"wdio_ui5_key":"etmportal.ui.manageclassifications.view.Createsap.ui.core.Icon{\"src\":{\"regex\":{\"source\":\"add\"}}}"}]}
RESULT: undefined
COMMAND: POST /session/d5f272f198c3c1f43c195f4d238b9983/element - {"using":"xpath","value":"//*[@id=\"__button32-img\"]"}
RESULT: {}
RESULT: {"using":"xpath","value":"//*[@id=\"__button32-img\"]"}
COMMAND: POST /session/d5f272f198c3c1f43c195f4d238b9983/element/f.3CB17101AE25630290776882465A9E58.d.C97AB3F3E2644C298911FCDB2C8E0B6A.e.7522/click - {}
RESULT: {}
COMMAND: POST /session/d5f272f198c3c1f43c195f4d238b9983/execute/async - {"script":"<script> [1562 bytes]","args":[{"selector":{"controlType":"sap.m.Input","viewName":"etm.portal.ui.manageclassifications.view.Create","viewId":"application-manageclassifications-display-component---classificationCreate","bindingPath":{"path":"/0","propertyPath":"PROPERTY","modelName":"newConfigModel"},"interaction":{"idSuffix":"inner"}},"wdio_ui5_key":"etmportal.ui.manageclassifications.view.Createsap.m.Input{\"path\":\"/0\",\"propertyPath\":\"PROPERTY\",\"modelName\":\"newConfigModel\"}"}]}
COMMAND: GET /session/d5f272f198c3c1f43c195f4d238b9983/screenshot - {}
RESULT: {"script":"<script> [1562 bytes]","args":[{"selector":{"controlType":"sap.m.Input","viewName":"etm.portal.ui.manageclassifications.view.Create","viewId":"application-manageclassifications-display-component---classificationCreate","bindingPath":{"path":"/0","propertyPath":"PROPERTY","modelName":"newConfigModel"},"interaction":{"idSuffix":"inner"}},"wdio_ui5_key":"etmportal.ui.manageclassifications.view.Createsap.m.Input{\"path\":\"/0\",\"propertyPath\":\"PROPERTY\",\"modelName\":\"newConfigModel\"}"}]}
RESULT: undefined
COMMAND: POST /session/d5f272f198c3c1f43c195f4d238b9983/execute/async - {"script":"<script> [776 bytes]","args":[{"enterText":"Color","selector":{"controlType":"sap.m.Input","viewName":"etm.portal.ui.manageclassifications.view.Create","viewId":"application-manageclassifications-display-component---classificationCreate","bindingPath":{"path":"/0","propertyPath":"PROPERTY","modelName":"newConfigModel"},"interaction":{"idSuffix":"inner"}},"clearTextFirst":true,"interactionType":"ENTER_TEXT"}]}
RESULT: {}
RESULT: {"script":"<script> [776 bytes]","args":[{"enterText":"Color","selector":{"controlType":"sap.m.Input","viewName":"etm.portal.ui.manageclassifications.view.Create","viewId":"application-manageclassifications-display-component---classificationCreate","bindingPath":{"path":"/0","propertyPath":"PROPERTY","modelName":"newConfigModel"},"interaction":{"idSuffix":"inner"}},"clearTextFirst":true,"interactionType":"ENTER_TEXT"}]}
COMMAND: POST /session/d5f272f198c3c1f43c195f4d238b9983/execute/async - {"script":"<script> [1562 bytes]","args":[{"selector":{"controlType":"sap.m.Input","viewName":"etm.portal.ui.manageclassifications.view.Create","viewId":"application-manageclassifications-display-component---classificationCreate","bindingPath":{"path":"/0","propertyPath":"DESCRIPTION","modelName":"newConfigModel"},"interaction":{"idSuffix":"inner"}},"wdio_ui5_key":"etmportal.ui.manageclassifications.view.Createsap.m.Input{\"path\":\"/0\",\"propertyPath\":\"DESCRIPTION\",\"modelName\":\"newConfigModel\"}"}]}
RESULT: {"script":"<script> [1562 bytes]","args":[{"selector":{"controlType":"sap.m.Input","viewName":"etm.portal.ui.manageclassifications.view.Create","viewId":"application-manageclassifications-display-component---classificationCreate","bindingPath":{"path":"/0","propertyPath":"DESCRIPTION","modelName":"newConfigModel"},"interaction":{"idSuffix":"inner"}},"wdio_ui5_key":"etmportal.ui.manageclassifications.view.Createsap.m.Input{\"path\":\"/0\",\"propertyPath\":\"DESCRIPTION\",\"modelName\":\"newConfigModel\"}"}]}
RESULT: undefined
COMMAND: POST /session/d5f272f198c3c1f43c195f4d238b9983/execute/async - {"script":"<script> [776 bytes]","args":[{"enterText":"Color","selector":{"controlType":"sap.m.Input","viewName":"etm.portal.ui.manageclassifications.view.Create","viewId":"application-manageclassifications-display-component---classificationCreate","bindingPath":{"path":"/0","propertyPath":"DESCRIPTION","modelName":"newConfigModel"},"interaction":{"idSuffix":"inner"}},"clearTextFirst":true,"interactionType":"ENTER_TEXT"}]}
RESULT: {"script":"<script> [776 bytes]","args":[{"enterText":"Color","selector":{"controlType":"sap.m.Input","viewName":"etm.portal.ui.manageclassifications.view.Create","viewId":"application-manageclassifications-display-component---classificationCreate","bindingPath":{"path":"/0","propertyPath":"DESCRIPTION","modelName":"newConfigModel"},"interaction":{"idSuffix":"inner"}},"clearTextFirst":true,"interactionType":"ENTER_TEXT"}]}
COMMAND: POST /session/d5f272f198c3c1f43c195f4d238b9983/execute/async - {"script":"<script> [1562 bytes]","args":[{"selector":{"controlType":"sap.ui.core.Icon","viewName":"etm.portal.ui.manageclassifications.view.Create","viewId":"application-manageclassifications-display-component---classificationCreate","properties":{"src":{"regex":{"source":"slim\\-arrow\\-down"}}},"ancestor":{"controlType":"sap.m.ComboBox","viewName":"etm.portal.ui.manageclassifications.view.Create","viewId":"application-manageclassifications-display-component---classificationCreate","bindingPath":{"path":"/0","propertyPath":"VALUE_TYPE","modelName":"newConfigModel"}}},"wdio_ui5_key":"etmportal.ui.manageclassifications.view.Createsap.ui.core.Icon{\"src\":{\"regex\":{\"source\":\"slim\\\\-arrow\\\\-down\"}}}{\"controlType\":\"sap.m.ComboBox\",\"viewName\":\"etm.portal.ui.manageclassifications.view.Create\",\"viewId\":\"application-manageclassifications-display-component---classificationCreate\",\"bindingPath\":{\"path\":\"/0\",\"propertyPath\":\"VALUE_TYPE\",\"modelName\":\"newConfigModel\"}}"}]}
RESULT: {"script":"<script> [1562 bytes]","args":[{"selector":{"controlType":"sap.ui.core.Icon","viewName":"etm.portal.ui.manageclassifications.view.Create","viewId":"application-manageclassifications-display-component---classificationCreate","properties":{"src":{"regex":{"source":"slim\\-arrow\\-down"}}},"ancestor":{"controlType":"sap.m.ComboBox","viewName":"etm.portal.ui.manageclassifications.view.Create","viewId":"application-manageclassifications-display-component---classificationCreate","bindingPath":{"path":"/0","propertyPath":"VALUE_TYPE","modelName":"newConfigModel"}}},"wdio_ui5_key":"etmportal.ui.manageclassifications.view.Createsap.ui.core.Icon{\"src\":{\"regex\":{\"source\":\"slim\\\\-arrow\\\\-down\"}}}{\"controlType\":\"sap.m.ComboBox\",\"viewName\":\"etm.portal.ui.manageclassifications.view.Create\",\"viewId\":\"application-manageclassifications-display-component---classificationCreate\",\"bindingPath\":{\"path\":\"/0\",\"propertyPath\":\"VALUE_TYPE\",\"modelName\":\"newConfigModel\"}}"}]}
RESULT: undefined
COMMAND: POST /session/d5f272f198c3c1f43c195f4d238b9983/element - {"using":"xpath","value":"//*[@id=\"__box13-application-manageclassifications-display-component---classificationCreate--configurationList-0-arrow\"]"}
RESULT: {"using":"xpath","value":"//*[@id=\"__box13-application-manageclassifications-display-component---classificationCreate--configurationList-0-arrow\"]"}
COMMAND: POST /session/d5f272f198c3c1f43c195f4d238b9983/element/f.3CB17101AE25630290776882465A9E58.d.C97AB3F3E2644C298911FCDB2C8E0B6A.e.7570/click - {}
RESULT: {}
COMMAND: POST /session/d5f272f198c3c1f43c195f4d238b9983/execute/async - {"script":"<script> [1562 bytes]","args":[{"selector":{"controlType":"sap.m.StandardListItem","viewName":"etm.portal.ui.manageclassifications.view.Create","viewId":"application-manageclassifications-display-component---classificationCreate","properties":{"title":"Dropdown"},"searchOpenDialogs":true,"interaction":{"idSuffix":"titleText"}},"wdio_ui5_key":"etmportal.ui.manageclassifications.view.Createsap.m.StandardListItem{\"title\":\"Dropdown\"}"}]}
COMMAND: GET /session/d5f272f198c3c1f43c195f4d238b9983/screenshot - {}
RESULT: {"script":"<script> [1562 bytes]","args":[{"selector":{"controlType":"sap.m.StandardListItem","viewName":"etm.portal.ui.manageclassifications.view.Create","viewId":"application-manageclassifications-display-component---classificationCreate","properties":{"title":"Dropdown"},"searchOpenDialogs":true,"interaction":{"idSuffix":"titleText"}},"wdio_ui5_key":"etmportal.ui.manageclassifications.view.Createsap.m.StandardListItem{\"title\":\"Dropdown\"}"}]}
RESULT: undefined
COMMAND: POST /session/d5f272f198c3c1f43c195f4d238b9983/element - {"using":"xpath","value":"//*[@id=\"__item93\"]"}
RESULT: {}
RESULT: {"using":"xpath","value":"//*[@id=\"__item93\"]"}
COMMAND: POST /session/d5f272f198c3c1f43c195f4d238b9983/element/f.3CB17101AE25630290776882465A9E58.d.C97AB3F3E2644C298911FCDB2C8E0B6A.e.7572/click - {}
RESULT: {}
COMMAND: POST /session/d5f272f198c3c1f43c195f4d238b9983/execute/async - {"script":"<script> [1562 bytes]","args":[{"selector":{"controlType":"sap.ui.core.Icon","viewName":"etm.portal.ui.manageclassifications.view.Create","viewId":"application-manageclassifications-display-component---classificationCreate","properties":{"src":{"regex":{"source":"crm\\-service\\-manager"}}}},"wdio_ui5_key":"etmportal.ui.manageclassifications.view.Createsap.ui.core.Icon{\"src\":{\"regex\":{\"source\":\"crm\\\\-service\\\\-manager\"}}}"}]}
COMMAND: GET /session/d5f272f198c3c1f43c195f4d238b9983/screenshot - {}
RESULT: {"script":"<script> [1562 bytes]","args":[{"selector":{"controlType":"sap.ui.core.Icon","viewName":"etm.portal.ui.manageclassifications.view.Create","viewId":"application-manageclassifications-display-component---classificationCreate","properties":{"src":{"regex":{"source":"crm\\-service\\-manager"}}}},"wdio_ui5_key":"etmportal.ui.manageclassifications.view.Createsap.ui.core.Icon{\"src\":{\"regex\":{\"source\":\"crm\\\\-service\\\\-manager\"}}}"}]}
RESULT: undefined
COMMAND: POST /session/d5f272f198c3c1f43c195f4d238b9983/element - {"using":"xpath","value":"//*[@id=\"__button34-application-manageclassifications-display-component---classificationCreate--configurationList-0-img\"]"}
RESULT: {}
RESULT: {"using":"xpath","value":"//*[@id=\"__button34-application-manageclassifications-display-component---classificationCreate--configurationList-0-img\"]"}
COMMAND: POST /session/d5f272f198c3c1f43c195f4d238b9983/element/f.3CB17101AE25630290776882465A9E58.d.C97AB3F3E2644C298911FCDB2C8E0B6A.e.7574/click - {}
RESULT: {}
COMMAND: POST /session/d5f272f198c3c1f43c195f4d238b9983/element - {"using":"xpath","value":"//button[@title=\"Add additional value\"]"}
COMMAND: GET /session/d5f272f198c3c1f43c195f4d238b9983/screenshot - {}
RESULT: {"using":"xpath","value":"//button[@title=\"Add additional value\"]"}
COMMAND: POST /session/d5f272f198c3c1f43c195f4d238b9983/element/f.3CB17101AE25630290776882465A9E58.d.C97AB3F3E2644C298911FCDB2C8E0B6A.e.7575/click - {}
RESULT: {}
RESULT: {}
COMMAND: POST /session/d5f272f198c3c1f43c195f4d238b9983/execute/async - {"script":"<script> [1562 bytes]","args":[{"selector":{"controlType":"sap.m.Input","viewName":"etm.portal.ui.manageclassifications.view.Create","viewId":"application-manageclassifications-display-component---classificationCreate","bindingPath":{"path":"/VALUES/0","propertyPath":"VALUE","modelName":"dropdownValuesModel"},"searchOpenDialogs":true,"interaction":{"idSuffix":"inner"}},"wdio_ui5_key":"etmportal.ui.manageclassifications.view.Createsap.m.Input{\"path\":\"/VALUES/0\",\"propertyPath\":\"VALUE\",\"modelName\":\"dropdownValuesModel\"}"}]}
COMMAND: GET /session/d5f272f198c3c1f43c195f4d238b9983/screenshot - {}
RESULT: {"script":"<script> [1562 bytes]","args":[{"selector":{"controlType":"sap.m.Input","viewName":"etm.portal.ui.manageclassifications.view.Create","viewId":"application-manageclassifications-display-component---classificationCreate","bindingPath":{"path":"/VALUES/0","propertyPath":"VALUE","modelName":"dropdownValuesModel"},"searchOpenDialogs":true,"interaction":{"idSuffix":"inner"}},"wdio_ui5_key":"etmportal.ui.manageclassifications.view.Createsap.m.Input{\"path\":\"/VALUES/0\",\"propertyPath\":\"VALUE\",\"modelName\":\"dropdownValuesModel\"}"}]}
RESULT: undefined
COMMAND: POST /session/d5f272f198c3c1f43c195f4d238b9983/execute/async - {"script":"<script> [776 bytes]","args":[{"enterText":"1","selector":{"controlType":"sap.m.Input","viewName":"etm.portal.ui.manageclassifications.view.Create","viewId":"application-manageclassifications-display-component---classificationCreate","bindingPath":{"path":"/VALUES/0","propertyPath":"VALUE","modelName":"dropdownValuesModel"},"searchOpenDialogs":true,"interaction":{"idSuffix":"inner"}},"clearTextFirst":true,"interactionType":"ENTER_TEXT"}]}
RESULT: {}
RESULT: {"script":"<script> [776 bytes]","args":[{"enterText":"1","selector":{"controlType":"sap.m.Input","viewName":"etm.portal.ui.manageclassifications.view.Create","viewId":"application-manageclassifications-display-component---classificationCreate","bindingPath":{"path":"/VALUES/0","propertyPath":"VALUE","modelName":"dropdownValuesModel"},"searchOpenDialogs":true,"interaction":{"idSuffix":"inner"}},"clearTextFirst":true,"interactionType":"ENTER_TEXT"}]}
COMMAND: POST /session/d5f272f198c3c1f43c195f4d238b9983/execute/async - {"script":"<script> [1562 bytes]","args":[{"selector":{"controlType":"sap.m.Input","viewName":"etm.portal.ui.manageclassifications.view.Create","viewId":"application-manageclassifications-display-component---classificationCreate","bindingPath":{"path":"/VALUES/0","propertyPath":"TEXT","modelName":"dropdownValuesModel"},"searchOpenDialogs":true,"interaction":{"idSuffix":"inner"}},"wdio_ui5_key":"etmportal.ui.manageclassifications.view.Createsap.m.Input{\"path\":\"/VALUES/0\",\"propertyPath\":\"TEXT\",\"modelName\":\"dropdownValuesModel\"}"}]}
RESULT: {"script":"<script> [1562 bytes]","args":[{"selector":{"controlType":"sap.m.Input","viewName":"etm.portal.ui.manageclassifications.view.Create","viewId":"application-manageclassifications-display-component---classificationCreate","bindingPath":{"path":"/VALUES/0","propertyPath":"TEXT","modelName":"dropdownValuesModel"},"searchOpenDialogs":true,"interaction":{"idSuffix":"inner"}},"wdio_ui5_key":"etmportal.ui.manageclassifications.view.Createsap.m.Input{\"path\":\"/VALUES/0\",\"propertyPath\":\"TEXT\",\"modelName\":\"dropdownValuesModel\"}"}]}
RESULT: undefined
COMMAND: POST /session/d5f272f198c3c1f43c195f4d238b9983/execute/async - {"script":"<script> [776 bytes]","args":[{"enterText":"blue","selector":{"controlType":"sap.m.Input","viewName":"etm.portal.ui.manageclassifications.view.Create","viewId":"application-manageclassifications-display-component---classificationCreate","bindingPath":{"path":"/VALUES/0","propertyPath":"TEXT","modelName":"dropdownValuesModel"},"searchOpenDialogs":true,"interaction":{"idSuffix":"inner"}},"clearTextFirst":true,"interactionType":"ENTER_TEXT"}]}
RESULT: {"script":"<script> [776 bytes]","args":[{"enterText":"blue","selector":{"controlType":"sap.m.Input","viewName":"etm.portal.ui.manageclassifications.view.Create","viewId":"application-manageclassifications-display-component---classificationCreate","bindingPath":{"path":"/VALUES/0","propertyPath":"TEXT","modelName":"dropdownValuesModel"},"searchOpenDialogs":true,"interaction":{"idSuffix":"inner"}},"clearTextFirst":true,"interactionType":"ENTER_TEXT"}]}
COMMAND: POST /session/d5f272f198c3c1f43c195f4d238b9983/element - {"using":"xpath","value":"//button[@title=\"Add additional value\"]"}
RESULT: {"using":"xpath","value":"//button[@title=\"Add additional value\"]"}
COMMAND: POST /session/d5f272f198c3c1f43c195f4d238b9983/element/f.3CB17101AE25630290776882465A9E58.d.C97AB3F3E2644C298911FCDB2C8E0B6A.e.7575/click - {}
RESULT: {}
COMMAND: POST /session/d5f272f198c3c1f43c195f4d238b9983/execute/async - {"script":"<script> [1562 bytes]","args":[{"selector":{"controlType":"sap.m.Input","viewName":"etm.portal.ui.manageclassifications.view.Create","viewId":"application-manageclassifications-display-component---classificationCreate","bindingPath":{"path":"/VALUES/1","propertyPath":"VALUE","modelName":"dropdownValuesModel"},"searchOpenDialogs":true,"interaction":{"idSuffix":"inner"}},"wdio_ui5_key":"etmportal.ui.manageclassifications.view.Createsap.m.Input{\"path\":\"/VALUES/1\",\"propertyPath\":\"VALUE\",\"modelName\":\"dropdownValuesModel\"}"}]}
COMMAND: GET /session/d5f272f198c3c1f43c195f4d238b9983/screenshot - {}
RESULT: {"script":"<script> [1562 bytes]","args":[{"selector":{"controlType":"sap.m.Input","viewName":"etm.portal.ui.manageclassifications.view.Create","viewId":"application-manageclassifications-display-component---classificationCreate","bindingPath":{"path":"/VALUES/1","propertyPath":"VALUE","modelName":"dropdownValuesModel"},"searchOpenDialogs":true,"interaction":{"idSuffix":"inner"}},"wdio_ui5_key":"etmportal.ui.manageclassifications.view.Createsap.m.Input{\"path\":\"/VALUES/1\",\"propertyPath\":\"VALUE\",\"modelName\":\"dropdownValuesModel\"}"}]}
RESULT: undefined
COMMAND: POST /session/d5f272f198c3c1f43c195f4d238b9983/execute/async - {"script":"<script> [776 bytes]","args":[{"enterText":"2","selector":{"controlType":"sap.m.Input","viewName":"etm.portal.ui.manageclassifications.view.Create","viewId":"application-manageclassifications-display-component---classificationCreate","bindingPath":{"path":"/VALUES/1","propertyPath":"VALUE","modelName":"dropdownValuesModel"},"searchOpenDialogs":true,"interaction":{"idSuffix":"inner"}},"clearTextFirst":true,"interactionType":"ENTER_TEXT"}]}
RESULT: {}
RESULT: {"script":"<script> [776 bytes]","args":[{"enterText":"2","selector":{"controlType":"sap.m.Input","viewName":"etm.portal.ui.manageclassifications.view.Create","viewId":"application-manageclassifications-display-component---classificationCreate","bindingPath":{"path":"/VALUES/1","propertyPath":"VALUE","modelName":"dropdownValuesModel"},"searchOpenDialogs":true,"interaction":{"idSuffix":"inner"}},"clearTextFirst":true,"interactionType":"ENTER_TEXT"}]}
COMMAND: POST /session/d5f272f198c3c1f43c195f4d238b9983/execute/async - {"script":"<script> [1562 bytes]","args":[{"selector":{"controlType":"sap.m.Input","viewName":"etm.portal.ui.manageclassifications.view.Create","viewId":"application-manageclassifications-display-component---classificationCreate","bindingPath":{"path":"/VALUES/1","propertyPath":"TEXT","modelName":"dropdownValuesModel"},"searchOpenDialogs":true,"interaction":{"idSuffix":"inner"}},"wdio_ui5_key":"etmportal.ui.manageclassifications.view.Createsap.m.Input{\"path\":\"/VALUES/1\",\"propertyPath\":\"TEXT\",\"modelName\":\"dropdownValuesModel\"}"}]}
RESULT: {"script":"<script> [1562 bytes]","args":[{"selector":{"controlType":"sap.m.Input","viewName":"etm.portal.ui.manageclassifications.view.Create","viewId":"application-manageclassifications-display-component---classificationCreate","bindingPath":{"path":"/VALUES/1","propertyPath":"TEXT","modelName":"dropdownValuesModel"},"searchOpenDialogs":true,"interaction":{"idSuffix":"inner"}},"wdio_ui5_key":"etmportal.ui.manageclassifications.view.Createsap.m.Input{\"path\":\"/VALUES/1\",\"propertyPath\":\"TEXT\",\"modelName\":\"dropdownValuesModel\"}"}]}
RESULT: undefined
COMMAND: POST /session/d5f272f198c3c1f43c195f4d238b9983/execute/async - {"script":"<script> [776 bytes]","args":[{"enterText":"red","selector":{"controlType":"sap.m.Input","viewName":"etm.portal.ui.manageclassifications.view.Create","viewId":"application-manageclassifications-display-component---classificationCreate","bindingPath":{"path":"/VALUES/1","propertyPath":"TEXT","modelName":"dropdownValuesModel"},"searchOpenDialogs":true,"interaction":{"idSuffix":"inner"}},"clearTextFirst":true,"interactionType":"ENTER_TEXT"}]}
RESULT: {"script":"<script> [776 bytes]","args":[{"enterText":"red","selector":{"controlType":"sap.m.Input","viewName":"etm.portal.ui.manageclassifications.view.Create","viewId":"application-manageclassifications-display-component---classificationCreate","bindingPath":{"path":"/VALUES/1","propertyPath":"TEXT","modelName":"dropdownValuesModel"},"searchOpenDialogs":true,"interaction":{"idSuffix":"inner"}},"clearTextFirst":true,"interactionType":"ENTER_TEXT"}]}
COMMAND: POST /session/d5f272f198c3c1f43c195f4d238b9983/execute/async - {"script":"<script> [1562 bytes]","args":[{"selector":{"controlType":"sap.m.Button","viewName":"etm.portal.ui.manageclassifications.view.Create","viewId":"application-manageclassifications-display-component---classificationCreate","i18NText":{"propertyName":"text","key":"save"},"searchOpenDialogs":true,"interaction":{"idSuffix":"BDI-content"}},"wdio_ui5_key":"etmportal.ui.manageclassifications.view.Createsap.m.Button{\"propertyName\":\"text\",\"key\":\"save\"}"}]}
RESULT: {"script":"<script> [1562 bytes]","args":[{"selector":{"controlType":"sap.m.Button","viewName":"etm.portal.ui.manageclassifications.view.Create","viewId":"application-manageclassifications-display-component---classificationCreate","i18NText":{"propertyName":"text","key":"save"},"searchOpenDialogs":true,"interaction":{"idSuffix":"BDI-content"}},"wdio_ui5_key":"etmportal.ui.manageclassifications.view.Createsap.m.Button{\"propertyName\":\"text\",\"key\":\"save\"}"}]}
RESULT: undefined
COMMAND: POST /session/d5f272f198c3c1f43c195f4d238b9983/element - {"using":"xpath","value":"//*[@id=\"__button44\"]"}
RESULT: {"using":"xpath","value":"//*[@id=\"__button44\"]"}
COMMAND: POST /session/d5f272f198c3c1f43c195f4d238b9983/element/f.3CB17101AE25630290776882465A9E58.d.C97AB3F3E2644C298911FCDB2C8E0B6A.e.7595/click - {}
RESULT: {}
COMMAND: GET /session/d5f272f198c3c1f43c195f4d238b9983/screenshot - {}
RESULT: {}
COMMAND: POST /session/d5f272f198c3c1f43c195f4d238b9983/element - {"using":"xpath","value":"//button[@title=\"Save\"]"}
RESULT: {"using":"xpath","value":"//button[@title=\"Save\"]"}
COMMAND: POST /session/d5f272f198c3c1f43c195f4d238b9983/element/f.3CB17101AE25630290776882465A9E58.d.C97AB3F3E2644C298911FCDB2C8E0B6A.e.7530/click - {}
RESULT: {}
COMMAND: GET /session/d5f272f198c3c1f43c195f4d238b9983/screenshot - {}
RESULT: {}
COMMAND: POST /session/d5f272f198c3c1f43c195f4d238b9983/execute/async - {"script":"<script> [1562 bytes]","args":[{"selector":{"id":"application-manageclassifications-display-component---classificationMaster--smartFilterBar-btnBasicSearch","interaction":{"idSuffix":"I"}},"wdio_ui5_key":"applicationmanageclassifications-display-component---classificationMaster--smartFilterBar-btnBasicSearch"}]}
RESULT: {"script":"<script> [1562 bytes]","args":[{"selector":{"id":"application-manageclassifications-display-component---classificationMaster--smartFilterBar-btnBasicSearch","interaction":{"idSuffix":"I"}},"wdio_ui5_key":"applicationmanageclassifications-display-component---classificationMaster--smartFilterBar-btnBasicSearch"}]}
RESULT: undefined
COMMAND: POST /session/d5f272f198c3c1f43c195f4d238b9983/execute/async - {"script":"<script> [776 bytes]","args":[{"enterText":"WebdriverItemClassc7zea","selector":{"id":"application-manageclassifications-display-component---classificationMaster--smartFilterBar-btnBasicSearch","interaction":{"idSuffix":"I"}},"clearTextFirst":true,"interactionType":"ENTER_TEXT"}]}
RESULT: {"script":"<script> [776 bytes]","args":[{"enterText":"WebdriverItemClassc7zea","selector":{"id":"application-manageclassifications-display-component---classificationMaster--smartFilterBar-btnBasicSearch","interaction":{"idSuffix":"I"}},"clearTextFirst":true,"interactionType":"ENTER_TEXT"}]}
COMMAND: POST /session/d5f272f198c3c1f43c195f4d238b9983/actions - {"actions":[{"id":"action46","type":"key","parameters":{},"actions":[{"type":"keyDown","value":"î€‡"},{"type":"pause","duration":10},{"type":"keyUp","value":"î€‡"}]}]}
RESULT: {"actions":[{"id":"action46","type":"key","parameters":{},"actions":[{"type":"keyDown","value":"î€‡"},{"type":"pause","duration":10},{"type":"keyUp","value":"î€‡"}]}]}
COMMAND: POST /session/d5f272f198c3c1f43c195f4d238b9983/execute/async - {"script":"<script> [1562 bytes]","args":[{"selector":{"id":"application-manageclassifications-display-component---classificationMaster--smartTable-header"},"wdio_ui5_key":"applicationmanageclassifications-display-component---classificationMaster--smartTable-header"}]}
COMMAND: GET /session/d5f272f198c3c1f43c195f4d238b9983/screenshot - {}
RESULT: {"script":"<script> [1562 bytes]","args":[{"selector":{"id":"application-manageclassifications-display-component---classificationMaster--smartTable-header"},"wdio_ui5_key":"applicationmanageclassifications-display-component---classificationMaster--smartTable-header"}]}
RESULT: undefined
COMMAND: POST /session/d5f272f198c3c1f43c195f4d238b9983/execute/async - {"script":"<script> [6424 bytes]","args":[{"element-6066-11e4-a52e-4f735466cecf":"f.3CB17101AE25630290776882465A9E58.d.C97AB3F3E2644C298911FCDB2C8E0B6A.e.7799"},"getText",[]]}
RESULT: {}
RESULT: {"script":"<script> [6424 bytes]","args":[{"element-6066-11e4-a52e-4f735466cecf":"f.3CB17101AE25630290776882465A9E58.d.C97AB3F3E2644C298911FCDB2C8E0B6A.e.7799"},"getText",[]]}
COMMAND: POST /session/d5f272f198c3c1f43c195f4d238b9983/element - {"using":"css selector","value":"#shell-header-logo"}
RESULT: {"using":"css selector","value":"#shell-header-logo"}
COMMAND: POST /session/d5f272f198c3c1f43c195f4d238b9983/element/f.3CB17101AE25630290776882465A9E58.d.C97AB3F3E2644C298911FCDB2C8E0B6A.e.6990/click - {}
RESULT: {}
COMMAND: GET /session/d5f272f198c3c1f43c195f4d238b9983/screenshot - {}
RESULT: {}
]]></system-out>
    </testcase>
    <testcase classname="chrome.135_0_7049_96.windows.Manage_requests_-_requests_specifications_US141095" name="Should create a new section and a catalog item" time="133.357">
      <system-out><![CDATA[
COMMAND: POST /session/d5f272f198c3c1f43c195f4d238b9983/execute/async - {"script":"<script> [1562 bytes]","args":[{"selector":{"controlType":"sap.m.GenericTile","properties":{"header":"Manage Catalogs"}},"wdio_ui5_key":"sapm.GenericTile{\"header\":\"Manage Catalogs\"}"}]}
RESULT: {"script":"<script> [1562 bytes]","args":[{"selector":{"controlType":"sap.m.GenericTile","properties":{"header":"Manage Catalogs"}},"wdio_ui5_key":"sapm.GenericTile{\"header\":\"Manage Catalogs\"}"}]}
RESULT: undefined
COMMAND: POST /session/d5f272f198c3c1f43c195f4d238b9983/element - {"using":"xpath","value":"//*[@id=\"__tile37\"]"}
RESULT: {"using":"xpath","value":"//*[@id=\"__tile37\"]"}
COMMAND: POST /session/d5f272f198c3c1f43c195f4d238b9983/element/f.3CB17101AE25630290776882465A9E58.d.C97AB3F3E2644C298911FCDB2C8E0B6A.e.7803/click - {}
RESULT: {}
COMMAND: GET /session/d5f272f198c3c1f43c195f4d238b9983/screenshot - {}
RESULT: {}
COMMAND: POST /session/d5f272f198c3c1f43c195f4d238b9983/execute/async - {"script":"<script> [1562 bytes]","args":[{"selector":{"controlType":"sap.m.Text","viewName":"etm.portal.ui.managecatalogs.view.MasterCatalogs","viewId":"application-managecatalogs-display-component---masterCatalogs","bindingPath":{"path":"/Catalogs('0D7502D073D53A0F1700BE067B89AFF9')","propertyPath":"DESCRIPTION","modelName":"catalogModel"}},"wdio_ui5_key":"etmportal.ui.managecatalogs.view.MasterCatalogssap.m.Text{\"path\":\"/Catalogs('0D7502D073D53A0F1700BE067B89AFF9')\",\"propertyPath\":\"DESCRIPTION\",\"modelName\":\"catalogModel\"}"}]}
RESULT: {"script":"<script> [1562 bytes]","args":[{"selector":{"controlType":"sap.m.Text","viewName":"etm.portal.ui.managecatalogs.view.MasterCatalogs","viewId":"application-managecatalogs-display-component---masterCatalogs","bindingPath":{"path":"/Catalogs('0D7502D073D53A0F1700BE067B89AFF9')","propertyPath":"DESCRIPTION","modelName":"catalogModel"}},"wdio_ui5_key":"etmportal.ui.managecatalogs.view.MasterCatalogssap.m.Text{\"path\":\"/Catalogs('0D7502D073D53A0F1700BE067B89AFF9')\",\"propertyPath\":\"DESCRIPTION\",\"modelName\":\"catalogModel\"}"}]}
RESULT: undefined
COMMAND: POST /session/d5f272f198c3c1f43c195f4d238b9983/element - {"using":"xpath","value":"//*[@id=\"__text434-application-managecatalogs-display-component---masterCatalogs--CatalogsTable-11\"]"}
RESULT: {"using":"xpath","value":"//*[@id=\"__text434-application-managecatalogs-display-component---masterCatalogs--CatalogsTable-11\"]"}
COMMAND: POST /session/d5f272f198c3c1f43c195f4d238b9983/element/f.3CB17101AE25630290776882465A9E58.d.C97AB3F3E2644C298911FCDB2C8E0B6A.e.7874/click - {}
RESULT: {}
COMMAND: POST /session/d5f272f198c3c1f43c195f4d238b9983/execute/async - {"script":"<script> [1562 bytes]","args":[{"selector":{"controlType":"sap.ui.layout.HorizontalLayout","viewName":"etm.portal.ui.managecatalogs.view.MasterItems","viewId":"application-managecatalogs-display-component---masterCatalogItems","ancestor":{"id":"application-managecatalogs-display-component---masterCatalogItems--idCatalogItemsTree-rows-row0"}},"wdio_ui5_key":"etmportal.ui.managecatalogs.view.MasterItemssap.ui.layout.HorizontalLayout{\"id\":\"application-managecatalogs-display-component---masterCatalogItems--idCatalogItemsTree-rows-row0\"}"}]}
COMMAND: GET /session/d5f272f198c3c1f43c195f4d238b9983/screenshot - {}
RESULT: {"script":"<script> [1562 bytes]","args":[{"selector":{"controlType":"sap.ui.layout.HorizontalLayout","viewName":"etm.portal.ui.managecatalogs.view.MasterItems","viewId":"application-managecatalogs-display-component---masterCatalogItems","ancestor":{"id":"application-managecatalogs-display-component---masterCatalogItems--idCatalogItemsTree-rows-row0"}},"wdio_ui5_key":"etmportal.ui.managecatalogs.view.MasterItemssap.ui.layout.HorizontalLayout{\"id\":\"application-managecatalogs-display-component---masterCatalogItems--idCatalogItemsTree-rows-row0\"}"}]}
RESULT: undefined
COMMAND: POST /session/d5f272f198c3c1f43c195f4d238b9983/element - {"using":"xpath","value":"//*[@id=\"__layout40-__clone466\"]"}
RESULT: {}
RESULT: {"using":"xpath","value":"//*[@id=\"__layout40-__clone466\"]"}
COMMAND: POST /session/d5f272f198c3c1f43c195f4d238b9983/element/f.3CB17101AE25630290776882465A9E58.d.C97AB3F3E2644C298911FCDB2C8E0B6A.e.7909/click - {}
RESULT: {}
COMMAND: GET /session/d5f272f198c3c1f43c195f4d238b9983/screenshot - {}
COMMAND: POST /session/d5f272f198c3c1f43c195f4d238b9983/execute/async - {"script":"<script> [1562 bytes]","args":[{"selector":{"controlType":"sap.m.Button","viewName":"etm.portal.ui.managecatalogs.view.Detail","viewId":"application-managecatalogs-display-component---detailCatalog","i18NText":{"propertyName":"text","key":"edit"},"interaction":{"idSuffix":"BDI-content"}},"wdio_ui5_key":"etmportal.ui.managecatalogs.view.Detailsap.m.Button{\"propertyName\":\"text\",\"key\":\"edit\"}"}]}
RESULT: {}
RESULT: {"script":"<script> [1562 bytes]","args":[{"selector":{"controlType":"sap.m.Button","viewName":"etm.portal.ui.managecatalogs.view.Detail","viewId":"application-managecatalogs-display-component---detailCatalog","i18NText":{"propertyName":"text","key":"edit"},"interaction":{"idSuffix":"BDI-content"}},"wdio_ui5_key":"etmportal.ui.managecatalogs.view.Detailsap.m.Button{\"propertyName\":\"text\",\"key\":\"edit\"}"}]}
RESULT: undefined
COMMAND: POST /session/d5f272f198c3c1f43c195f4d238b9983/element - {"using":"xpath","value":"//*[@id=\"__button88\"]"}
RESULT: {"using":"xpath","value":"//*[@id=\"__button88\"]"}
COMMAND: POST /session/d5f272f198c3c1f43c195f4d238b9983/element/f.3CB17101AE25630290776882465A9E58.d.C97AB3F3E2644C298911FCDB2C8E0B6A.e.8024/click - {}
RESULT: {}
COMMAND: GET /session/d5f272f198c3c1f43c195f4d238b9983/screenshot - {}
RESULT: {}
COMMAND: POST /session/d5f272f198c3c1f43c195f4d238b9983/element - {"using":"xpath","value":"//bdi[contains(text(), \"Unlock\")]"}
RESULT: {"using":"xpath","value":"//bdi[contains(text(), \"Unlock\")]"}
COMMAND: POST /session/d5f272f198c3c1f43c195f4d238b9983/elements - {"using":"xpath","value":"//bdi[contains(text(), \"Unlock\")]"}
RESULT: {"using":"xpath","value":"//bdi[contains(text(), \"Unlock\")]"}
COMMAND: POST /session/d5f272f198c3c1f43c195f4d238b9983/execute/async - {"script":"<script> [1562 bytes]","args":[{"selector":{"controlType":"sap.ui.core.Icon","viewName":"etm.portal.ui.managecatalogs.view.Detail","viewId":"application-managecatalogs-display-component---detailCatalog","properties":{"src":{"regex":{"source":"add\\-folder"}}}},"wdio_ui5_key":"etmportal.ui.managecatalogs.view.Detailsap.ui.core.Icon{\"src\":{\"regex\":{\"source\":\"add\\\\-folder\"}}}"}]}
RESULT: {"script":"<script> [1562 bytes]","args":[{"selector":{"controlType":"sap.ui.core.Icon","viewName":"etm.portal.ui.managecatalogs.view.Detail","viewId":"application-managecatalogs-display-component---detailCatalog","properties":{"src":{"regex":{"source":"add\\-folder"}}}},"wdio_ui5_key":"etmportal.ui.managecatalogs.view.Detailsap.ui.core.Icon{\"src\":{\"regex\":{\"source\":\"add\\\\-folder\"}}}"}]}
RESULT: undefined
COMMAND: POST /session/d5f272f198c3c1f43c195f4d238b9983/element - {"using":"xpath","value":"//*[@id=\"__button96-img\"]"}
RESULT: {"using":"xpath","value":"//*[@id=\"__button96-img\"]"}
COMMAND: POST /session/d5f272f198c3c1f43c195f4d238b9983/element/f.3CB17101AE25630290776882465A9E58.d.C97AB3F3E2644C298911FCDB2C8E0B6A.e.8032/click - {}
RESULT: {}
COMMAND: GET /session/d5f272f198c3c1f43c195f4d238b9983/screenshot - {}
RESULT: {}
COMMAND: POST /session/d5f272f198c3c1f43c195f4d238b9983/execute/async - {"script":"<script> [1562 bytes]","args":[{"selector":{"id":"application-managecatalogs-display-component---detailCatalog--numberInput","searchOpenDialogs":true,"interaction":{"idSuffix":"inner"}},"wdio_ui5_key":"applicationmanagecatalogs-display-component---detailCatalog--numberInput"}]}
RESULT: {"script":"<script> [1562 bytes]","args":[{"selector":{"id":"application-managecatalogs-display-component---detailCatalog--numberInput","searchOpenDialogs":true,"interaction":{"idSuffix":"inner"}},"wdio_ui5_key":"applicationmanagecatalogs-display-component---detailCatalog--numberInput"}]}
RESULT: undefined
COMMAND: POST /session/d5f272f198c3c1f43c195f4d238b9983/execute/async - {"script":"<script> [776 bytes]","args":[{"enterText":"Section985z1","selector":{"id":"application-managecatalogs-display-component---detailCatalog--numberInput","searchOpenDialogs":true,"interaction":{"idSuffix":"inner"}},"clearTextFirst":true,"interactionType":"ENTER_TEXT"}]}
RESULT: {"script":"<script> [776 bytes]","args":[{"enterText":"Section985z1","selector":{"id":"application-managecatalogs-display-component---detailCatalog--numberInput","searchOpenDialogs":true,"interaction":{"idSuffix":"inner"}},"clearTextFirst":true,"interactionType":"ENTER_TEXT"}]}
COMMAND: POST /session/d5f272f198c3c1f43c195f4d238b9983/element - {"using":"css selector","value":"#application-managecatalogs-display-component---detailCatalog--nameInput-inner"}
RESULT: {"using":"css selector","value":"#application-managecatalogs-display-component---detailCatalog--nameInput-inner"}
COMMAND: POST /session/d5f272f198c3c1f43c195f4d238b9983/elements - {"using":"css selector","value":"#application-managecatalogs-display-component---detailCatalog--nameInput-inner"}
RESULT: {"using":"css selector","value":"#application-managecatalogs-display-component---detailCatalog--nameInput-inner"}
COMMAND: POST /session/d5f272f198c3c1f43c195f4d238b9983/element/f.3CB17101AE25630290776882465A9E58.d.C97AB3F3E2644C298911FCDB2C8E0B6A.e.8036/clear - {}
RESULT: {}
COMMAND: POST /session/d5f272f198c3c1f43c195f4d238b9983/element/f.3CB17101AE25630290776882465A9E58.d.C97AB3F3E2644C298911FCDB2C8E0B6A.e.8036/value - {"text":"Webdriver4syp4"}
COMMAND: GET /session/d5f272f198c3c1f43c195f4d238b9983/screenshot - {}
RESULT: {"text":"Webdriver4syp4"}
COMMAND: POST /session/d5f272f198c3c1f43c195f4d238b9983/execute/async - {"script":"<script> [1562 bytes]","args":[{"selector":{"controlType":"sap.m.Button","viewName":"etm.portal.ui.managecatalogs.view.Detail","viewId":"application-managecatalogs-display-component---detailCatalog","i18NText":{"propertyName":"text","key":"create"},"searchOpenDialogs":true,"interaction":{"idSuffix":"BDI-content"}},"wdio_ui5_key":"etmportal.ui.managecatalogs.view.Detailsap.m.Button{\"propertyName\":\"text\",\"key\":\"create\"}"}]}
COMMAND: GET /session/d5f272f198c3c1f43c195f4d238b9983/screenshot - {}
RESULT: {}
RESULT: {"script":"<script> [1562 bytes]","args":[{"selector":{"controlType":"sap.m.Button","viewName":"etm.portal.ui.managecatalogs.view.Detail","viewId":"application-managecatalogs-display-component---detailCatalog","i18NText":{"propertyName":"text","key":"create"},"searchOpenDialogs":true,"interaction":{"idSuffix":"BDI-content"}},"wdio_ui5_key":"etmportal.ui.managecatalogs.view.Detailsap.m.Button{\"propertyName\":\"text\",\"key\":\"create\"}"}]}
RESULT: undefined
COMMAND: POST /session/d5f272f198c3c1f43c195f4d238b9983/element - {"using":"xpath","value":"//*[@id=\"__button66\"]"}
RESULT: {}
RESULT: {"using":"xpath","value":"//*[@id=\"__button66\"]"}
COMMAND: POST /session/d5f272f198c3c1f43c195f4d238b9983/element/f.3CB17101AE25630290776882465A9E58.d.C97AB3F3E2644C298911FCDB2C8E0B6A.e.8041/click - {}
RESULT: {}
COMMAND: GET /session/d5f272f198c3c1f43c195f4d238b9983/screenshot - {}
RESULT: {}
COMMAND: POST /session/d5f272f198c3c1f43c195f4d238b9983/element - {"using":"xpath","value":"//button[@title=\"Save\"]"}
RESULT: {"using":"xpath","value":"//button[@title=\"Save\"]"}
COMMAND: POST /session/d5f272f198c3c1f43c195f4d238b9983/element/f.3CB17101AE25630290776882465A9E58.d.C97AB3F3E2644C298911FCDB2C8E0B6A.e.8042/click - {}
RESULT: {}
COMMAND: POST /session/d5f272f198c3c1f43c195f4d238b9983/execute/async - {"script":"<script> [1562 bytes]","args":[{"selector":{"controlType":"sap.ui.core.Icon","viewName":"etm.portal.ui.managecatalogs.view.Detail","viewId":"application-managecatalogs-display-component---detailCatalog","properties":{"src":{"regex":{"source":"decline"}}}},"wdio_ui5_key":"etmportal.ui.managecatalogs.view.Detailsap.ui.core.Icon{\"src\":{\"regex\":{\"source\":\"decline\"}}}"}]}
COMMAND: GET /session/d5f272f198c3c1f43c195f4d238b9983/screenshot - {}
RESULT: {"script":"<script> [1562 bytes]","args":[{"selector":{"controlType":"sap.ui.core.Icon","viewName":"etm.portal.ui.managecatalogs.view.Detail","viewId":"application-managecatalogs-display-component---detailCatalog","properties":{"src":{"regex":{"source":"decline"}}}},"wdio_ui5_key":"etmportal.ui.managecatalogs.view.Detailsap.ui.core.Icon{\"src\":{\"regex\":{\"source\":\"decline\"}}}"}]}
RESULT: undefined
COMMAND: POST /session/d5f272f198c3c1f43c195f4d238b9983/element - {"using":"xpath","value":"//*[@id=\"__button91-img\"]"}
RESULT: {}
RESULT: {"using":"xpath","value":"//*[@id=\"__button91-img\"]"}
COMMAND: POST /session/d5f272f198c3c1f43c195f4d238b9983/element/f.3CB17101AE25630290776882465A9E58.d.C97AB3F3E2644C298911FCDB2C8E0B6A.e.8047/click - {}
RESULT: {}
COMMAND: GET /session/d5f272f198c3c1f43c195f4d238b9983/screenshot - {}
RESULT: {}
COMMAND: POST /session/d5f272f198c3c1f43c195f4d238b9983/execute/async - {"script":"<script> [1562 bytes]","args":[{"selector":{"controlType":"sap.ui.core.Icon","viewName":"etm.portal.ui.managecatalogs.view.MasterItems","viewId":"application-managecatalogs-display-component---masterCatalogItems","properties":{"src":{"regex":{"source":"refresh"}}}},"wdio_ui5_key":"etmportal.ui.managecatalogs.view.MasterItemssap.ui.core.Icon{\"src\":{\"regex\":{\"source\":\"refresh\"}}}"}]}
RESULT: {"script":"<script> [1562 bytes]","args":[{"selector":{"controlType":"sap.ui.core.Icon","viewName":"etm.portal.ui.managecatalogs.view.MasterItems","viewId":"application-managecatalogs-display-component---masterCatalogItems","properties":{"src":{"regex":{"source":"refresh"}}}},"wdio_ui5_key":"etmportal.ui.managecatalogs.view.MasterItemssap.ui.core.Icon{\"src\":{\"regex\":{\"source\":\"refresh\"}}}"}]}
RESULT: undefined
COMMAND: POST /session/d5f272f198c3c1f43c195f4d238b9983/element - {"using":"xpath","value":"//*[@id=\"__button64-img\"]"}
RESULT: {"using":"xpath","value":"//*[@id=\"__button64-img\"]"}
COMMAND: POST /session/d5f272f198c3c1f43c195f4d238b9983/element/f.3CB17101AE25630290776882465A9E58.d.C97AB3F3E2644C298911FCDB2C8E0B6A.e.8083/click - {}
RESULT: {}
COMMAND: POST /session/d5f272f198c3c1f43c195f4d238b9983/execute/async - {"script":"<script> [1562 bytes]","args":[{"selector":{"id":"application-managecatalogs-display-component---masterCatalogItems--searchItemsField","interaction":{"idSuffix":"I"}},"wdio_ui5_key":"applicationmanagecatalogs-display-component---masterCatalogItems--searchItemsField"}]}
COMMAND: GET /session/d5f272f198c3c1f43c195f4d238b9983/screenshot - {}
RESULT: {"script":"<script> [1562 bytes]","args":[{"selector":{"id":"application-managecatalogs-display-component---masterCatalogItems--searchItemsField","interaction":{"idSuffix":"I"}},"wdio_ui5_key":"applicationmanagecatalogs-display-component---masterCatalogItems--searchItemsField"}]}
RESULT: undefined
COMMAND: POST /session/d5f272f198c3c1f43c195f4d238b9983/execute/async - {"script":"<script> [776 bytes]","args":[{"enterText":"Webdriver4syp4","selector":{"id":"application-managecatalogs-display-component---masterCatalogItems--searchItemsField","interaction":{"idSuffix":"I"}},"clearTextFirst":true,"interactionType":"ENTER_TEXT"}]}
RESULT: {}
RESULT: {"script":"<script> [776 bytes]","args":[{"enterText":"Webdriver4syp4","selector":{"id":"application-managecatalogs-display-component---masterCatalogItems--searchItemsField","interaction":{"idSuffix":"I"}},"clearTextFirst":true,"interactionType":"ENTER_TEXT"}]}
COMMAND: POST /session/d5f272f198c3c1f43c195f4d238b9983/actions - {"actions":[{"id":"action47","type":"key","parameters":{},"actions":[{"type":"keyDown","value":"î€‡"},{"type":"pause","duration":10},{"type":"keyUp","value":"î€‡"}]}]}
RESULT: {"actions":[{"id":"action47","type":"key","parameters":{},"actions":[{"type":"keyDown","value":"î€‡"},{"type":"pause","duration":10},{"type":"keyUp","value":"î€‡"}]}]}
COMMAND: POST /session/d5f272f198c3c1f43c195f4d238b9983/element - {"using":"xpath","value":"(//span[contains(text(), \"Webdriver4syp4\")])[1]"}
COMMAND: GET /session/d5f272f198c3c1f43c195f4d238b9983/screenshot - {}
RESULT: {"using":"xpath","value":"(//span[contains(text(), \"Webdriver4syp4\")])[1]"}
COMMAND: POST /session/d5f272f198c3c1f43c195f4d238b9983/element/f.3CB17101AE25630290776882465A9E58.d.C97AB3F3E2644C298911FCDB2C8E0B6A.e.8086/click - {}
RESULT: {}
RESULT: {}
COMMAND: GET /session/d5f272f198c3c1f43c195f4d238b9983/screenshot - {}
RESULT: {}
RESULT: undefined
COMMAND: POST /session/d5f272f198c3c1f43c195f4d238b9983/element - {"using":"xpath","value":"//*[@id=\"__button88\"]"}
RESULT: {"using":"xpath","value":"//*[@id=\"__button88\"]"}
COMMAND: POST /session/d5f272f198c3c1f43c195f4d238b9983/element/f.3CB17101AE25630290776882465A9E58.d.C97AB3F3E2644C298911FCDB2C8E0B6A.e.8119/click - {}
RESULT: {}
COMMAND: GET /session/d5f272f198c3c1f43c195f4d238b9983/screenshot - {}
RESULT: {}
RESULT: undefined
COMMAND: POST /session/d5f272f198c3c1f43c195f4d238b9983/element - {"using":"xpath","value":"//*[@id=\"__button96-img\"]"}
RESULT: {"using":"xpath","value":"//*[@id=\"__button96-img\"]"}
COMMAND: POST /session/d5f272f198c3c1f43c195f4d238b9983/element/f.3CB17101AE25630290776882465A9E58.d.C97AB3F3E2644C298911FCDB2C8E0B6A.e.8171/click - {}
RESULT: {}
COMMAND: GET /session/d5f272f198c3c1f43c195f4d238b9983/screenshot - {}
RESULT: {}
RESULT: undefined
COMMAND: POST /session/d5f272f198c3c1f43c195f4d238b9983/execute/async - {"script":"<script> [776 bytes]","args":[{"enterText":"SecondSectionevm1z","selector":{"id":"application-managecatalogs-display-component---detailCatalog--numberInput","searchOpenDialogs":true,"interaction":{"idSuffix":"inner"}},"clearTextFirst":true,"interactionType":"ENTER_TEXT"}]}
RESULT: {"script":"<script> [776 bytes]","args":[{"enterText":"SecondSectionevm1z","selector":{"id":"application-managecatalogs-display-component---detailCatalog--numberInput","searchOpenDialogs":true,"interaction":{"idSuffix":"inner"}},"clearTextFirst":true,"interactionType":"ENTER_TEXT"}]}
COMMAND: POST /session/d5f272f198c3c1f43c195f4d238b9983/element - {"using":"xpath","value":"//input[contains(@id ,\"application-managecatalogs-display-component---detailCatalog--nameInput-inner\")]"}
RESULT: {"using":"xpath","value":"//input[contains(@id ,\"application-managecatalogs-display-component---detailCatalog--nameInput-inner\")]"}
COMMAND: POST /session/d5f272f198c3c1f43c195f4d238b9983/elements - {"using":"xpath","value":"//input[contains(@id ,\"application-managecatalogs-display-component---detailCatalog--nameInput-inner\")]"}
RESULT: {"using":"xpath","value":"//input[contains(@id ,\"application-managecatalogs-display-component---detailCatalog--nameInput-inner\")]"}
COMMAND: POST /session/d5f272f198c3c1f43c195f4d238b9983/element/f.3CB17101AE25630290776882465A9E58.d.C97AB3F3E2644C298911FCDB2C8E0B6A.e.8175/clear - {}
RESULT: {}
COMMAND: POST /session/d5f272f198c3c1f43c195f4d238b9983/element/f.3CB17101AE25630290776882465A9E58.d.C97AB3F3E2644C298911FCDB2C8E0B6A.e.8175/value - {"text":"webdriversecondagiko"}
COMMAND: GET /session/d5f272f198c3c1f43c195f4d238b9983/screenshot - {}
RESULT: {"text":"webdriversecondagiko"}
RESULT: undefined
COMMAND: POST /session/d5f272f198c3c1f43c195f4d238b9983/element - {"using":"xpath","value":"//*[@id=\"__button66\"]"}
COMMAND: GET /session/d5f272f198c3c1f43c195f4d238b9983/screenshot - {}
RESULT: {}
RESULT: {"using":"xpath","value":"//*[@id=\"__button66\"]"}
COMMAND: POST /session/d5f272f198c3c1f43c195f4d238b9983/element/f.3CB17101AE25630290776882465A9E58.d.C97AB3F3E2644C298911FCDB2C8E0B6A.e.8179/click - {}
RESULT: {}
RESULT: {}
COMMAND: GET /session/d5f272f198c3c1f43c195f4d238b9983/screenshot - {}
RESULT: {}
COMMAND: POST /session/d5f272f198c3c1f43c195f4d238b9983/element - {"using":"xpath","value":"//button[@title=\"Save\"]"}
RESULT: {"using":"xpath","value":"//button[@title=\"Save\"]"}
COMMAND: POST /session/d5f272f198c3c1f43c195f4d238b9983/element/f.3CB17101AE25630290776882465A9E58.d.C97AB3F3E2644C298911FCDB2C8E0B6A.e.8157/click - {}
RESULT: {}
COMMAND: GET /session/d5f272f198c3c1f43c195f4d238b9983/screenshot - {}
RESULT: {}
RESULT: undefined
COMMAND: POST /session/d5f272f198c3c1f43c195f4d238b9983/element - {"using":"xpath","value":"//*[@id=\"__button91-img\"]"}
RESULT: {"using":"xpath","value":"//*[@id=\"__button91-img\"]"}
COMMAND: POST /session/d5f272f198c3c1f43c195f4d238b9983/element/f.3CB17101AE25630290776882465A9E58.d.C97AB3F3E2644C298911FCDB2C8E0B6A.e.8126/click - {}
RESULT: {}
COMMAND: GET /session/d5f272f198c3c1f43c195f4d238b9983/screenshot - {}
RESULT: {}
RESULT: undefined
COMMAND: POST /session/d5f272f198c3c1f43c195f4d238b9983/element - {"using":"xpath","value":"//*[@id=\"__button64-img\"]"}
RESULT: {"using":"xpath","value":"//*[@id=\"__button64-img\"]"}
COMMAND: POST /session/d5f272f198c3c1f43c195f4d238b9983/element/f.3CB17101AE25630290776882465A9E58.d.C97AB3F3E2644C298911FCDB2C8E0B6A.e.8220/click - {}
RESULT: {}
COMMAND: GET /session/d5f272f198c3c1f43c195f4d238b9983/screenshot - {}
RESULT: {}
RESULT: undefined
COMMAND: POST /session/d5f272f198c3c1f43c195f4d238b9983/execute/async - {"script":"<script> [776 bytes]","args":[{"enterText":"SecondSectionevm1z","selector":{"id":"application-managecatalogs-display-component---masterCatalogItems--searchItemsField","interaction":{"idSuffix":"I"}},"clearTextFirst":true,"interactionType":"ENTER_TEXT"}]}
RESULT: {"script":"<script> [776 bytes]","args":[{"enterText":"SecondSectionevm1z","selector":{"id":"application-managecatalogs-display-component---masterCatalogItems--searchItemsField","interaction":{"idSuffix":"I"}},"clearTextFirst":true,"interactionType":"ENTER_TEXT"}]}
COMMAND: POST /session/d5f272f198c3c1f43c195f4d238b9983/actions - {"actions":[{"id":"action48","type":"key","parameters":{},"actions":[{"type":"keyDown","value":"î€‡"},{"type":"pause","duration":10},{"type":"keyUp","value":"î€‡"}]}]}
RESULT: {"actions":[{"id":"action48","type":"key","parameters":{},"actions":[{"type":"keyDown","value":"î€‡"},{"type":"pause","duration":10},{"type":"keyUp","value":"î€‡"}]}]}
COMMAND: POST /session/d5f272f198c3c1f43c195f4d238b9983/element - {"using":"xpath","value":"(//span[contains(text(), \"SecondSectionevm1z\")])[1]"}
COMMAND: GET /session/d5f272f198c3c1f43c195f4d238b9983/screenshot - {}
RESULT: {"using":"xpath","value":"(//span[contains(text(), \"SecondSectionevm1z\")])[1]"}
COMMAND: POST /session/d5f272f198c3c1f43c195f4d238b9983/element/f.3CB17101AE25630290776882465A9E58.d.C97AB3F3E2644C298911FCDB2C8E0B6A.e.8223/click - {}
RESULT: {}
RESULT: {}
COMMAND: POST /session/d5f272f198c3c1f43c195f4d238b9983/element - {"using":"xpath","value":"(//span[contains(text(), \"SecondSectionevm1z\")])[1]"}
COMMAND: GET /session/d5f272f198c3c1f43c195f4d238b9983/screenshot - {}
RESULT: {"using":"xpath","value":"(//span[contains(text(), \"SecondSectionevm1z\")])[1]"}
COMMAND: GET /session/d5f272f198c3c1f43c195f4d238b9983/element/f.3CB17101AE25630290776882465A9E58.d.C97AB3F3E2644C298911FCDB2C8E0B6A.e.8223/text - {}
RESULT: {}
COMMAND: POST /session/d5f272f198c3c1f43c195f4d238b9983/element - {"using":"xpath","value":"(//span[contains(text(), \"SecondSectionevm1z\")])[1]"}
RESULT: {"using":"xpath","value":"(//span[contains(text(), \"SecondSectionevm1z\")])[1]"}
COMMAND: GET /session/d5f272f198c3c1f43c195f4d238b9983/element/f.3CB17101AE25630290776882465A9E58.d.C97AB3F3E2644C298911FCDB2C8E0B6A.e.8223/text - {}
COMMAND: POST /session/d5f272f198c3c1f43c195f4d238b9983/element - {"using":"xpath","value":"(//span[contains(text(), \"SecondSectionevm1z\")])[1]"}
RESULT: {"using":"xpath","value":"(//span[contains(text(), \"SecondSectionevm1z\")])[1]"}
COMMAND: GET /session/d5f272f198c3c1f43c195f4d238b9983/element/f.3CB17101AE25630290776882465A9E58.d.C97AB3F3E2644C298911FCDB2C8E0B6A.e.8276/text - {}
RESULT: {}
COMMAND: POST /session/d5f272f198c3c1f43c195f4d238b9983/refresh - {}
RESULT: {}
COMMAND: GET /session/d5f272f198c3c1f43c195f4d238b9983/screenshot - {}
RESULT: {}
COMMAND: POST /session/d5f272f198c3c1f43c195f4d238b9983/execute/async - {"script":"<script> [189 bytes]","args":[]}
RESULT: {"script":"<script> [189 bytes]","args":[]}
COMMAND: POST /session/d5f272f198c3c1f43c195f4d238b9983/execute/async - {"script":"<script> [123 bytes]","args":[]}
RESULT: {"script":"<script> [123 bytes]","args":[]}
COMMAND: POST /session/d5f272f198c3c1f43c195f4d238b9983/timeouts - {"script":"<number>"}
RESULT: {"script":"<number>"}
COMMAND: GET /session/d5f272f198c3c1f43c195f4d238b9983/timeouts - {}
RESULT: {}
RESULT: undefined
COMMAND: POST /session/d5f272f198c3c1f43c195f4d238b9983/execute/async - {"script":"<script> [2676 bytes]","args":[]}
RESULT: {"script":"<script> [2676 bytes]","args":[]}
COMMAND: POST /session/d5f272f198c3c1f43c195f4d238b9983/execute/async - {"script":"<script> [2342 bytes]","args":[{"protocol":"http","hostname":"0.0.0.0","path":"/","capabilities":{"browserName":"chrome","goog:chromeOptions":{"binary":"C:\\Program Files\\Google\\Chrome\\Application\\chrome.exe","args":["--start-maximized"]}},"logLevel":"warn","connectionRetryTimeout":120000,"connectionRetryCount":3,"logLevels":{},"enableDirectConnect":true,"strictSSL":true,"_":"65 more keys: [\"cacheDir\",\"port\",\"requestedCapabilities\",\"automationProtocol\",\"baseUrl\",\"waitforInterval\",\"waitforTimeout\",\"onReload\",\"beforeCommand\",\"afterCommand\",\"rootDir\",\"specs\",\"suites\",\"exclude\",\"groupLogsByTestSpec\",\"excludeDriverLogs\",\"bail\",\"framework\",\"reporters\",\"services\",\"maxInstances\",\"maxInstancesPerCapability\",\"injectGlobals\",\"filesToWatch\",\"execArgv\",\"runnerEnv\",\"runner\",\"shard\",\"specFileRetries\",\"specFileRetriesDelay\",\"specFileRetriesDeferred\",\"reporterSyncInterval\",\"reporterSyncTimeout\",\"cucumberFeaturesWithLineNumbers\",\"autoCompileOpts\",\"mochaOpts\",\"jasmineOpts\",\"cucumberOpts\",\"onPrepare\",\"onWorkerStart\",\"onWorkerEnd\",\"before\",\"beforeSession\",\"beforeSuite\",\"beforeHook\",\"beforeTest\",\"afterTest\",\"afterHook\",\"afterSuite\",\"afterSession\",\"after\",\"onComplete\",\"beforeAssertion\",\"afterAssertion\",\"beforeFeature\",\"beforeScenario\",\"beforeStep\",\"afterStep\",\"afterScenario\",\"afterFeature\",\"_\",\"suite\",\"$0\",\"ignoredWorkerServices\",\"wdi5\"]"}]}
RESULT: {"script":"<script> [2342 bytes]","args":[{"protocol":"http","hostname":"0.0.0.0","path":"/","capabilities":{"browserName":"chrome","goog:chromeOptions":{"binary":"C:\\Program Files\\Google\\Chrome\\Application\\chrome.exe","args":["--start-maximized"]}},"logLevel":"warn","connectionRetryTimeout":120000,"connectionRetryCount":3,"logLevels":{},"enableDirectConnect":true,"strictSSL":true,"_":"65 more keys: [\"cacheDir\",\"port\",\"requestedCapabilities\",\"automationProtocol\",\"baseUrl\",\"waitforInterval\",\"waitforTimeout\",\"onReload\",\"beforeCommand\",\"afterCommand\",\"rootDir\",\"specs\",\"suites\",\"exclude\",\"groupLogsByTestSpec\",\"excludeDriverLogs\",\"bail\",\"framework\",\"reporters\",\"services\",\"maxInstances\",\"maxInstancesPerCapability\",\"injectGlobals\",\"filesToWatch\",\"execArgv\",\"runnerEnv\",\"runner\",\"shard\",\"specFileRetries\",\"specFileRetriesDelay\",\"specFileRetriesDeferred\",\"reporterSyncInterval\",\"reporterSyncTimeout\",\"cucumberFeaturesWithLineNumbers\",\"autoCompileOpts\",\"mochaOpts\",\"jasmineOpts\",\"cucumberOpts\",\"onPrepare\",\"onWorkerStart\",\"onWorkerEnd\",\"before\",\"beforeSession\",\"beforeSuite\",\"beforeHook\",\"beforeTest\",\"afterTest\",\"afterHook\",\"afterSuite\",\"afterSession\",\"after\",\"onComplete\",\"beforeAssertion\",\"afterAssertion\",\"beforeFeature\",\"beforeScenario\",\"beforeStep\",\"afterStep\",\"afterScenario\",\"afterFeature\",\"_\",\"suite\",\"$0\",\"ignoredWorkerServices\",\"wdi5\"]"}]}
COMMAND: POST /session/d5f272f198c3c1f43c195f4d238b9983/execute/async - {"script":"<script> [21126 bytes]","args":[35000]}
RESULT: {"script":"<script> [21126 bytes]","args":[35000]}
COMMAND: POST /session/d5f272f198c3c1f43c195f4d238b9983/execute/async - {"script":"<script> [1562 bytes]","args":[{"selector":{"controlType":"sap.m.Button","viewName":"etm.portal.ui.managecatalogs.view.Detail","viewId":"application-managecatalogs-display-component---detailCatalog","i18NText":{"propertyName":"text","key":"edit"},"interaction":{"idSuffix":"BDI-content"}},"wdio_ui5_key":"etmportal.ui.managecatalogs.view.Detailsap.m.Button{\"propertyName\":\"text\",\"key\":\"edit\"}"}]}
RESULT: {"script":"<script> [1562 bytes]","args":[{"selector":{"controlType":"sap.m.Button","viewName":"etm.portal.ui.managecatalogs.view.Detail","viewId":"application-managecatalogs-display-component---detailCatalog","i18NText":{"propertyName":"text","key":"edit"},"interaction":{"idSuffix":"BDI-content"}},"wdio_ui5_key":"etmportal.ui.managecatalogs.view.Detailsap.m.Button{\"propertyName\":\"text\",\"key\":\"edit\"}"}]}
RESULT: undefined
COMMAND: POST /session/d5f272f198c3c1f43c195f4d238b9983/element - {"using":"xpath","value":"//*[@id=\"__button25\"]"}
RESULT: {"using":"xpath","value":"//*[@id=\"__button25\"]"}
COMMAND: POST /session/d5f272f198c3c1f43c195f4d238b9983/element/f.3CB17101AE25630290776882465A9E58.d.B00D30029C81C2D7E355E16922C35A01.e.8335/click - {}
RESULT: {}
COMMAND: POST /session/d5f272f198c3c1f43c195f4d238b9983/execute/async - {"script":"<script> [1562 bytes]","args":[{"selector":{"controlType":"sap.ui.core.Icon","viewName":"etm.portal.ui.managecatalogs.view.Detail","viewId":"application-managecatalogs-display-component---detailCatalog","properties":{"src":{"regex":{"source":"add\\-document"}}}},"wdio_ui5_key":"etmportal.ui.managecatalogs.view.Detailsap.ui.core.Icon{\"src\":{\"regex\":{\"source\":\"add\\\\-document\"}}}"}]}
COMMAND: GET /session/d5f272f198c3c1f43c195f4d238b9983/screenshot - {}
RESULT: {"script":"<script> [1562 bytes]","args":[{"selector":{"controlType":"sap.ui.core.Icon","viewName":"etm.portal.ui.managecatalogs.view.Detail","viewId":"application-managecatalogs-display-component---detailCatalog","properties":{"src":{"regex":{"source":"add\\-document"}}}},"wdio_ui5_key":"etmportal.ui.managecatalogs.view.Detailsap.ui.core.Icon{\"src\":{\"regex\":{\"source\":\"add\\\\-document\"}}}"}]}
RESULT: undefined
COMMAND: POST /session/d5f272f198c3c1f43c195f4d238b9983/element - {"using":"xpath","value":"//*[@id=\"__button34-img\"]"}
RESULT: {}
RESULT: {"using":"xpath","value":"//*[@id=\"__button34-img\"]"}
COMMAND: POST /session/d5f272f198c3c1f43c195f4d238b9983/element/f.3CB17101AE25630290776882465A9E58.d.B00D30029C81C2D7E355E16922C35A01.e.8343/click - {}
RESULT: {}
COMMAND: POST /session/d5f272f198c3c1f43c195f4d238b9983/execute/async - {"script":"<script> [1562 bytes]","args":[{"selector":{"id":"application-managecatalogs-display-component---detailCatalog--newItemNumberInput","searchOpenDialogs":true,"interaction":{"idSuffix":"inner"}},"wdio_ui5_key":"applicationmanagecatalogs-display-component---detailCatalog--newItemNumberInput"}]}
COMMAND: GET /session/d5f272f198c3c1f43c195f4d238b9983/screenshot - {}
RESULT: {"script":"<script> [1562 bytes]","args":[{"selector":{"id":"application-managecatalogs-display-component---detailCatalog--newItemNumberInput","searchOpenDialogs":true,"interaction":{"idSuffix":"inner"}},"wdio_ui5_key":"applicationmanagecatalogs-display-component---detailCatalog--newItemNumberInput"}]}
RESULT: undefined
COMMAND: POST /session/d5f272f198c3c1f43c195f4d238b9983/execute/async - {"script":"<script> [776 bytes]","args":[{"enterText":"catalogItem21yfw","selector":{"id":"application-managecatalogs-display-component---detailCatalog--newItemNumberInput","searchOpenDialogs":true,"interaction":{"idSuffix":"inner"}},"clearTextFirst":true,"interactionType":"ENTER_TEXT"}]}
RESULT: {}
RESULT: {"script":"<script> [776 bytes]","args":[{"enterText":"catalogItem21yfw","selector":{"id":"application-managecatalogs-display-component---detailCatalog--newItemNumberInput","searchOpenDialogs":true,"interaction":{"idSuffix":"inner"}},"clearTextFirst":true,"interactionType":"ENTER_TEXT"}]}
COMMAND: POST /session/d5f272f198c3c1f43c195f4d238b9983/execute/async - {"script":"<script> [1562 bytes]","args":[{"selector":{"controlType":"sap.m.Input","viewName":"etm.portal.ui.managecatalogs.view.Detail","viewId":"application-managecatalogs-display-component---detailCatalog","bindingPath":{"path":"","propertyPath":"/DESCRIPTION"},"searchOpenDialogs":true,"interaction":{"idSuffix":"inner"}},"wdio_ui5_key":"etmportal.ui.managecatalogs.view.Detailsap.m.Input{\"path\":\"\",\"propertyPath\":\"/DESCRIPTION\"}"}]}
RESULT: {"script":"<script> [1562 bytes]","args":[{"selector":{"controlType":"sap.m.Input","viewName":"etm.portal.ui.managecatalogs.view.Detail","viewId":"application-managecatalogs-display-component---detailCatalog","bindingPath":{"path":"","propertyPath":"/DESCRIPTION"},"searchOpenDialogs":true,"interaction":{"idSuffix":"inner"}},"wdio_ui5_key":"etmportal.ui.managecatalogs.view.Detailsap.m.Input{\"path\":\"\",\"propertyPath\":\"/DESCRIPTION\"}"}]}
RESULT: undefined
COMMAND: POST /session/d5f272f198c3c1f43c195f4d238b9983/execute/async - {"script":"<script> [776 bytes]","args":[{"enterText":"catalogItemNamepjxc7i","selector":{"controlType":"sap.m.Input","viewName":"etm.portal.ui.managecatalogs.view.Detail","viewId":"application-managecatalogs-display-component---detailCatalog","bindingPath":{"path":"","propertyPath":"/DESCRIPTION"},"searchOpenDialogs":true,"interaction":{"idSuffix":"inner"}},"clearTextFirst":true,"interactionType":"ENTER_TEXT"}]}
RESULT: {"script":"<script> [776 bytes]","args":[{"enterText":"catalogItemNamepjxc7i","selector":{"controlType":"sap.m.Input","viewName":"etm.portal.ui.managecatalogs.view.Detail","viewId":"application-managecatalogs-display-component---detailCatalog","bindingPath":{"path":"","propertyPath":"/DESCRIPTION"},"searchOpenDialogs":true,"interaction":{"idSuffix":"inner"}},"clearTextFirst":true,"interactionType":"ENTER_TEXT"}]}
COMMAND: POST /session/d5f272f198c3c1f43c195f4d238b9983/execute/async - {"script":"<script> [1562 bytes]","args":[{"selector":{"controlType":"sap.m.Button","viewName":"etm.portal.ui.managecatalogs.view.Detail","viewId":"application-managecatalogs-display-component---detailCatalog","i18NText":{"propertyName":"text","key":"create"},"searchOpenDialogs":true,"interaction":{"idSuffix":"BDI-content"}},"wdio_ui5_key":"etmportal.ui.managecatalogs.view.Detailsap.m.Button{\"propertyName\":\"text\",\"key\":\"create\"}"}]}
RESULT: {"script":"<script> [1562 bytes]","args":[{"selector":{"controlType":"sap.m.Button","viewName":"etm.portal.ui.managecatalogs.view.Detail","viewId":"application-managecatalogs-display-component---detailCatalog","i18NText":{"propertyName":"text","key":"create"},"searchOpenDialogs":true,"interaction":{"idSuffix":"BDI-content"}},"wdio_ui5_key":"etmportal.ui.managecatalogs.view.Detailsap.m.Button{\"propertyName\":\"text\",\"key\":\"create\"}"}]}
RESULT: undefined
COMMAND: POST /session/d5f272f198c3c1f43c195f4d238b9983/element - {"using":"xpath","value":"//*[@id=\"__button9\"]"}
RESULT: {"using":"xpath","value":"//*[@id=\"__button9\"]"}
COMMAND: POST /session/d5f272f198c3c1f43c195f4d238b9983/element/f.3CB17101AE25630290776882465A9E58.d.B00D30029C81C2D7E355E16922C35A01.e.8353/click - {}
RESULT: {}
COMMAND: GET /session/d5f272f198c3c1f43c195f4d238b9983/screenshot - {}
RESULT: {}
COMMAND: POST /session/d5f272f198c3c1f43c195f4d238b9983/element - {"using":"xpath","value":"//button[@title=\"Save\"]"}
RESULT: {"using":"xpath","value":"//button[@title=\"Save\"]"}
COMMAND: POST /session/d5f272f198c3c1f43c195f4d238b9983/element/f.3CB17101AE25630290776882465A9E58.d.B00D30029C81C2D7E355E16922C35A01.e.8354/click - {}
RESULT: {}
COMMAND: GET /session/d5f272f198c3c1f43c195f4d238b9983/screenshot - {}
RESULT: {}
COMMAND: POST /session/d5f272f198c3c1f43c195f4d238b9983/execute/async - {"script":"<script> [1562 bytes]","args":[{"selector":{"controlType":"sap.ui.core.Icon","viewName":"etm.portal.ui.managecatalogs.view.Detail","viewId":"application-managecatalogs-display-component---detailCatalog","properties":{"src":{"regex":{"source":"decline"}}}},"wdio_ui5_key":"etmportal.ui.managecatalogs.view.Detailsap.ui.core.Icon{\"src\":{\"regex\":{\"source\":\"decline\"}}}"}]}
RESULT: {"script":"<script> [1562 bytes]","args":[{"selector":{"controlType":"sap.ui.core.Icon","viewName":"etm.portal.ui.managecatalogs.view.Detail","viewId":"application-managecatalogs-display-component---detailCatalog","properties":{"src":{"regex":{"source":"decline"}}}},"wdio_ui5_key":"etmportal.ui.managecatalogs.view.Detailsap.ui.core.Icon{\"src\":{\"regex\":{\"source\":\"decline\"}}}"}]}
RESULT: undefined
COMMAND: POST /session/d5f272f198c3c1f43c195f4d238b9983/element - {"using":"xpath","value":"//*[@id=\"__button28-img\"]"}
RESULT: {"using":"xpath","value":"//*[@id=\"__button28-img\"]"}
COMMAND: POST /session/d5f272f198c3c1f43c195f4d238b9983/element/f.3CB17101AE25630290776882465A9E58.d.B00D30029C81C2D7E355E16922C35A01.e.8360/click - {}
RESULT: {}
COMMAND: GET /session/d5f272f198c3c1f43c195f4d238b9983/screenshot - {}
RESULT: {}
COMMAND: POST /session/d5f272f198c3c1f43c195f4d238b9983/execute/async - {"script":"<script> [1562 bytes]","args":[{"selector":{"controlType":"sap.ui.core.Icon","viewName":"etm.portal.ui.managecatalogs.view.MasterItems","viewId":"application-managecatalogs-display-component---masterCatalogItems","properties":{"src":{"regex":{"source":"refresh"}}}},"wdio_ui5_key":"etmportal.ui.managecatalogs.view.MasterItemssap.ui.core.Icon{\"src\":{\"regex\":{\"source\":\"refresh\"}}}"}]}
RESULT: {"script":"<script> [1562 bytes]","args":[{"selector":{"controlType":"sap.ui.core.Icon","viewName":"etm.portal.ui.managecatalogs.view.MasterItems","viewId":"application-managecatalogs-display-component---masterCatalogItems","properties":{"src":{"regex":{"source":"refresh"}}}},"wdio_ui5_key":"etmportal.ui.managecatalogs.view.MasterItemssap.ui.core.Icon{\"src\":{\"regex\":{\"source\":\"refresh\"}}}"}]}
RESULT: undefined
COMMAND: POST /session/d5f272f198c3c1f43c195f4d238b9983/element - {"using":"xpath","value":"//*[@id=\"__button1-img\"]"}
RESULT: {"using":"xpath","value":"//*[@id=\"__button1-img\"]"}
COMMAND: POST /session/d5f272f198c3c1f43c195f4d238b9983/element/f.3CB17101AE25630290776882465A9E58.d.B00D30029C81C2D7E355E16922C35A01.e.8366/click - {}
RESULT: {}
COMMAND: GET /session/d5f272f198c3c1f43c195f4d238b9983/screenshot - {}
RESULT: {}
COMMAND: POST /session/d5f272f198c3c1f43c195f4d238b9983/execute/async - {"script":"<script> [1562 bytes]","args":[{"selector":{"id":"application-managecatalogs-display-component---masterCatalogItems--searchItemsField","interaction":{"idSuffix":"I"}},"wdio_ui5_key":"applicationmanagecatalogs-display-component---masterCatalogItems--searchItemsField"}]}
RESULT: {"script":"<script> [1562 bytes]","args":[{"selector":{"id":"application-managecatalogs-display-component---masterCatalogItems--searchItemsField","interaction":{"idSuffix":"I"}},"wdio_ui5_key":"applicationmanagecatalogs-display-component---masterCatalogItems--searchItemsField"}]}
RESULT: undefined
COMMAND: POST /session/d5f272f198c3c1f43c195f4d238b9983/execute/async - {"script":"<script> [776 bytes]","args":[{"enterText":"catalogItemNamepjxc7i","selector":{"id":"application-managecatalogs-display-component---masterCatalogItems--searchItemsField","interaction":{"idSuffix":"I"}},"clearTextFirst":true,"interactionType":"ENTER_TEXT"}]}
RESULT: {"script":"<script> [776 bytes]","args":[{"enterText":"catalogItemNamepjxc7i","selector":{"id":"application-managecatalogs-display-component---masterCatalogItems--searchItemsField","interaction":{"idSuffix":"I"}},"clearTextFirst":true,"interactionType":"ENTER_TEXT"}]}
COMMAND: POST /session/d5f272f198c3c1f43c195f4d238b9983/actions - {"actions":[{"id":"action49","type":"key","parameters":{},"actions":[{"type":"keyDown","value":"î€‡"},{"type":"pause","duration":10},{"type":"keyUp","value":"î€‡"}]}]}
RESULT: {"actions":[{"id":"action49","type":"key","parameters":{},"actions":[{"type":"keyDown","value":"î€‡"},{"type":"pause","duration":10},{"type":"keyUp","value":"î€‡"}]}]}
COMMAND: POST /session/d5f272f198c3c1f43c195f4d238b9983/element - {"using":"xpath","value":"(//span[contains(text(), \"catalogItemNamepjxc7i\")])[1]"}
COMMAND: GET /session/d5f272f198c3c1f43c195f4d238b9983/screenshot - {}
RESULT: {"using":"xpath","value":"(//span[contains(text(), \"catalogItemNamepjxc7i\")])[1]"}
COMMAND: POST /session/d5f272f198c3c1f43c195f4d238b9983/element/f.3CB17101AE25630290776882465A9E58.d.B00D30029C81C2D7E355E16922C35A01.e.8405/click - {}
RESULT: {}
RESULT: {}
COMMAND: GET /session/d5f272f198c3c1f43c195f4d238b9983/screenshot - {}
RESULT: {}
COMMAND: POST /session/d5f272f198c3c1f43c195f4d238b9983/element - {"using":"xpath","value":"//span[contains(text(), \"catalogItem21yfw\")]"}
RESULT: {"using":"xpath","value":"//span[contains(text(), \"catalogItem21yfw\")]"}
COMMAND: GET /session/d5f272f198c3c1f43c195f4d238b9983/element/f.3CB17101AE25630290776882465A9E58.d.B00D30029C81C2D7E355E16922C35A01.e.8459/text - {}
RESULT: {}
]]></system-out>
    </testcase>
    <testcase classname="chrome.135_0_7049_96.windows.Manage_requests_-_requests_specifications_US141095" name="Should add the classification to the catalog item" time="42.28">
      <system-out><![CDATA[
RESULT: undefined
COMMAND: POST /session/d5f272f198c3c1f43c195f4d238b9983/element - {"using":"xpath","value":"//*[@id=\"__button25\"]"}
RESULT: {"using":"xpath","value":"//*[@id=\"__button25\"]"}
COMMAND: POST /session/d5f272f198c3c1f43c195f4d238b9983/element/f.3CB17101AE25630290776882465A9E58.d.B00D30029C81C2D7E355E16922C35A01.e.8469/click - {}
RESULT: {}
COMMAND: GET /session/d5f272f198c3c1f43c195f4d238b9983/screenshot - {}
RESULT: {}
COMMAND: POST /session/d5f272f198c3c1f43c195f4d238b9983/execute/async - {"script":"<script> [1562 bytes]","args":[{"selector":{"id":"application-managecatalogs-display-component---detailCatalog--BASE_UNIT_OF_MEASURE-arrow"},"wdio_ui5_key":"applicationmanagecatalogs-display-component---detailCatalog--BASE_UNIT_OF_MEASURE-arrow"}]}
RESULT: {"script":"<script> [1562 bytes]","args":[{"selector":{"id":"application-managecatalogs-display-component---detailCatalog--BASE_UNIT_OF_MEASURE-arrow"},"wdio_ui5_key":"applicationmanagecatalogs-display-component---detailCatalog--BASE_UNIT_OF_MEASURE-arrow"}]}
RESULT: undefined
COMMAND: POST /session/d5f272f198c3c1f43c195f4d238b9983/element - {"using":"xpath","value":"//*[@id=\"application-managecatalogs-display-component---detailCatalog--BASE_UNIT_OF_MEASURE-arrow\"]"}
RESULT: {"using":"xpath","value":"//*[@id=\"application-managecatalogs-display-component---detailCatalog--BASE_UNIT_OF_MEASURE-arrow\"]"}
COMMAND: POST /session/d5f272f198c3c1f43c195f4d238b9983/element/f.3CB17101AE25630290776882465A9E58.d.B00D30029C81C2D7E355E16922C35A01.e.8498/click - {}
RESULT: {}
COMMAND: POST /session/d5f272f198c3c1f43c195f4d238b9983/execute/async - {"script":"<script> [1562 bytes]","args":[{"selector":{"controlType":"sap.m.StandardListItem","viewName":"etm.portal.ui.managecatalogs.view.Detail","viewId":"application-managecatalogs-display-component---detailCatalog","properties":{"title":"Piece"},"searchOpenDialogs":true,"interaction":{"idSuffix":"titleText"}},"wdio_ui5_key":"etmportal.ui.managecatalogs.view.Detailsap.m.StandardListItem{\"title\":\"Piece\"}"}]}
COMMAND: GET /session/d5f272f198c3c1f43c195f4d238b9983/screenshot - {}
RESULT: {"script":"<script> [1562 bytes]","args":[{"selector":{"controlType":"sap.m.StandardListItem","viewName":"etm.portal.ui.managecatalogs.view.Detail","viewId":"application-managecatalogs-display-component---detailCatalog","properties":{"title":"Piece"},"searchOpenDialogs":true,"interaction":{"idSuffix":"titleText"}},"wdio_ui5_key":"etmportal.ui.managecatalogs.view.Detailsap.m.StandardListItem{\"title\":\"Piece\"}"}]}
RESULT: undefined
COMMAND: POST /session/d5f272f198c3c1f43c195f4d238b9983/element - {"using":"xpath","value":"//*[@id=\"__item229\"]"}
RESULT: {}
RESULT: {"using":"xpath","value":"//*[@id=\"__item229\"]"}
COMMAND: POST /session/d5f272f198c3c1f43c195f4d238b9983/element/f.3CB17101AE25630290776882465A9E58.d.B00D30029C81C2D7E355E16922C35A01.e.8500/click - {}
RESULT: {}
COMMAND: POST /session/d5f272f198c3c1f43c195f4d238b9983/element - {"using":"xpath","value":"//button[contains(@data-kt ,\"ClassificationAddClassButton\")]"}
COMMAND: GET /session/d5f272f198c3c1f43c195f4d238b9983/screenshot - {}
RESULT: {"using":"xpath","value":"//button[contains(@data-kt ,\"ClassificationAddClassButton\")]"}
COMMAND: POST /session/d5f272f198c3c1f43c195f4d238b9983/element/f.3CB17101AE25630290776882465A9E58.d.B00D30029C81C2D7E355E16922C35A01.e.8501/click - {}
RESULT: {}
RESULT: {}
COMMAND: GET /session/d5f272f198c3c1f43c195f4d238b9983/screenshot - {}
RESULT: {}
COMMAND: POST /session/d5f272f198c3c1f43c195f4d238b9983/element - {"using":"xpath","value":"//input[contains(@id ,\"searchField-I\")]"}
RESULT: {"using":"xpath","value":"//input[contains(@id ,\"searchField-I\")]"}
COMMAND: POST /session/d5f272f198c3c1f43c195f4d238b9983/element/f.3CB17101AE25630290776882465A9E58.d.B00D30029C81C2D7E355E16922C35A01.e.8504/value - {"text":"WebdriverItemClassc7zea"}
RESULT: {"text":"WebdriverItemClassc7zea"}
COMMAND: POST /session/d5f272f198c3c1f43c195f4d238b9983/actions - {"actions":[{"id":"action50","type":"key","parameters":{},"actions":[{"type":"keyDown","value":"î€‡"},{"type":"pause","duration":10},{"type":"keyUp","value":"î€‡"}]}]}
COMMAND: GET /session/d5f272f198c3c1f43c195f4d238b9983/screenshot - {}
RESULT: {"actions":[{"id":"action50","type":"key","parameters":{},"actions":[{"type":"keyDown","value":"î€‡"},{"type":"pause","duration":10},{"type":"keyUp","value":"î€‡"}]}]}
COMMAND: GET /session/d5f272f198c3c1f43c195f4d238b9983/screenshot - {}
RESULT: {}
RESULT: {}
COMMAND: POST /session/d5f272f198c3c1f43c195f4d238b9983/element - {"using":"xpath","value":"//span[contains(text(), \"WebdriverItemClassc7zea\")]"}
RESULT: {"using":"xpath","value":"//span[contains(text(), \"WebdriverItemClassc7zea\")]"}
COMMAND: POST /session/d5f272f198c3c1f43c195f4d238b9983/element/f.3CB17101AE25630290776882465A9E58.d.B00D30029C81C2D7E355E16922C35A01.e.8537/click - {}
RESULT: {}
COMMAND: GET /session/d5f272f198c3c1f43c195f4d238b9983/screenshot - {}
RESULT: {}
COMMAND: POST /session/d5f272f198c3c1f43c195f4d238b9983/execute/async - {"script":"<script> [1562 bytes]","args":[{"selector":{"controlType":"sap.m.Button","viewName":"etm.portal.ui.managecatalogs.view.Detail","viewId":"application-managecatalogs-display-component---detailCatalog","properties":{"text":"Classification"},"interaction":{"idSuffix":"BDI-content"}},"wdio_ui5_key":"etmportal.ui.managecatalogs.view.Detailsap.m.Button{\"text\":\"Classification\"}"}]}
RESULT: {"script":"<script> [1562 bytes]","args":[{"selector":{"controlType":"sap.m.Button","viewName":"etm.portal.ui.managecatalogs.view.Detail","viewId":"application-managecatalogs-display-component---detailCatalog","properties":{"text":"Classification"},"interaction":{"idSuffix":"BDI-content"}},"wdio_ui5_key":"etmportal.ui.managecatalogs.view.Detailsap.m.Button{\"text\":\"Classification\"}"}]}
RESULT: undefined
COMMAND: POST /session/d5f272f198c3c1f43c195f4d238b9983/element - {"using":"xpath","value":"//*[@id=\"application-managecatalogs-display-component---detailCatalog--ObjectPageLayout-anchBar-__section3-anchor\"]"}
RESULT: {"using":"xpath","value":"//*[@id=\"application-managecatalogs-display-component---detailCatalog--ObjectPageLayout-anchBar-__section3-anchor\"]"}
COMMAND: POST /session/d5f272f198c3c1f43c195f4d238b9983/element/f.3CB17101AE25630290776882465A9E58.d.B00D30029C81C2D7E355E16922C35A01.e.8542/click - {}
RESULT: {}
COMMAND: POST /session/d5f272f198c3c1f43c195f4d238b9983/execute/async - {"script":"<script> [1562 bytes]","args":[{"selector":{"controlType":"sap.ui.core.Icon","viewName":"etm.portal.ui.managecatalogs.view.Detail","viewId":"application-managecatalogs-display-component---detailCatalog","properties":{"src":{"regex":{"source":"slim\\-arrow\\-right"}}},"ancestor":{"controlType":"sap.m.Panel","viewName":"etm.portal.ui.managecatalogs.view.Detail","viewId":"application-managecatalogs-display-component---detailCatalog"}},"wdio_ui5_key":"etmportal.ui.managecatalogs.view.Detailsap.ui.core.Icon{\"src\":{\"regex\":{\"source\":\"slim\\\\-arrow\\\\-right\"}}}{\"controlType\":\"sap.m.Panel\",\"viewName\":\"etm.portal.ui.managecatalogs.view.Detail\",\"viewId\":\"application-managecatalogs-display-component---detailCatalog\"}"}]}
COMMAND: GET /session/d5f272f198c3c1f43c195f4d238b9983/screenshot - {}
RESULT: {"script":"<script> [1562 bytes]","args":[{"selector":{"controlType":"sap.ui.core.Icon","viewName":"etm.portal.ui.managecatalogs.view.Detail","viewId":"application-managecatalogs-display-component---detailCatalog","properties":{"src":{"regex":{"source":"slim\\-arrow\\-right"}}},"ancestor":{"controlType":"sap.m.Panel","viewName":"etm.portal.ui.managecatalogs.view.Detail","viewId":"application-managecatalogs-display-component---detailCatalog"}},"wdio_ui5_key":"etmportal.ui.managecatalogs.view.Detailsap.ui.core.Icon{\"src\":{\"regex\":{\"source\":\"slim\\\\-arrow\\\\-right\"}}}{\"controlType\":\"sap.m.Panel\",\"viewName\":\"etm.portal.ui.managecatalogs.view.Detail\",\"viewId\":\"application-managecatalogs-display-component---detailCatalog\"}"}]}
RESULT: undefined
COMMAND: POST /session/d5f272f198c3c1f43c195f4d238b9983/element - {"using":"xpath","value":"//*[@id=\"__panel0-__layout17-0-expandButton-img\"]"}
RESULT: {}
RESULT: {"using":"xpath","value":"//*[@id=\"__panel0-__layout17-0-expandButton-img\"]"}
COMMAND: POST /session/d5f272f198c3c1f43c195f4d238b9983/element/f.3CB17101AE25630290776882465A9E58.d.B00D30029C81C2D7E355E16922C35A01.e.8548/click - {}
RESULT: {}
COMMAND: POST /session/d5f272f198c3c1f43c195f4d238b9983/execute/async - {"script":"<script> [1562 bytes]","args":[{"selector":{"controlType":"sap.ui.core.Icon","viewName":"etm.portal.ui.managecatalogs.view.Detail","viewId":"application-managecatalogs-display-component---detailCatalog","properties":{"src":{"regex":{"source":"slim\\-arrow\\-down"}}},"ancestor":{"controlType":"sap.m.ColumnListItem","viewName":"etm.portal.ui.managecatalogs.view.Detail","viewId":"application-managecatalogs-display-component---detailCatalog","bindingPath":{"modelName":"classModel","path":"/data/0/PROPERTIES/0"},"ancestor":{"controlType":"sap.m.Table","viewName":"etm.portal.ui.managecatalogs.view.Detail","viewId":"application-managecatalogs-display-component---detailCatalog","bindingPath":{"path":"/data/0","propertyPath":"PROPERTIES","modelName":"classModel"}}}},"wdio_ui5_key":"etmportal.ui.managecatalogs.view.Detailsap.ui.core.Icon{\"src\":{\"regex\":{\"source\":\"slim\\\\-arrow\\\\-down\"}}}{\"controlType\":\"sap.m.ColumnListItem\",\"viewName\":\"etm.portal.ui.managecatalogs.view.Detail\",\"viewId\":\"application-managecatalogs-display-component---detailCatalog\",\"bindingPath\":{\"modelName\":\"classModel\",\"path\":\"/data/0/PROPERTIES/0\"},\"ancestor\":{\"controlType\":\"sap.m.Table\",\"viewName\":\"etm.portal.ui.managecatalogs.view.Detail\",\"viewId\":\"application-managecatalogs-display-component---detailCatalog\",\"bindingPath\":{\"path\":\"/data/0\",\"propertyPath\":\"PROPERTIES\",\"modelName\":\"classModel\"}}}"}]}
COMMAND: GET /session/d5f272f198c3c1f43c195f4d238b9983/screenshot - {}
RESULT: {"script":"<script> [1562 bytes]","args":[{"selector":{"controlType":"sap.ui.core.Icon","viewName":"etm.portal.ui.managecatalogs.view.Detail","viewId":"application-managecatalogs-display-component---detailCatalog","properties":{"src":{"regex":{"source":"slim\\-arrow\\-down"}}},"ancestor":{"controlType":"sap.m.ColumnListItem","viewName":"etm.portal.ui.managecatalogs.view.Detail","viewId":"application-managecatalogs-display-component---detailCatalog","bindingPath":{"modelName":"classModel","path":"/data/0/PROPERTIES/0"},"ancestor":{"controlType":"sap.m.Table","viewName":"etm.portal.ui.managecatalogs.view.Detail","viewId":"application-managecatalogs-display-component---detailCatalog","bindingPath":{"path":"/data/0","propertyPath":"PROPERTIES","modelName":"classModel"}}}},"wdio_ui5_key":"etmportal.ui.managecatalogs.view.Detailsap.ui.core.Icon{\"src\":{\"regex\":{\"source\":\"slim\\\\-arrow\\\\-down\"}}}{\"controlType\":\"sap.m.ColumnListItem\",\"viewName\":\"etm.portal.ui.managecatalogs.view.Detail\",\"viewId\":\"application-managecatalogs-display-component---detailCatalog\",\"bindingPath\":{\"modelName\":\"classModel\",\"path\":\"/data/0/PROPERTIES/0\"},\"ancestor\":{\"controlType\":\"sap.m.Table\",\"viewName\":\"etm.portal.ui.managecatalogs.view.Detail\",\"viewId\":\"application-managecatalogs-display-component---detailCatalog\",\"bindingPath\":{\"path\":\"/data/0\",\"propertyPath\":\"PROPERTIES\",\"modelName\":\"classModel\"}}}"}]}
RESULT: undefined
COMMAND: POST /session/d5f272f198c3c1f43c195f4d238b9983/element - {"using":"xpath","value":"//*[@id=\"__box31-arrow\"]"}
RESULT: {}
RESULT: {"using":"xpath","value":"//*[@id=\"__box31-arrow\"]"}
COMMAND: POST /session/d5f272f198c3c1f43c195f4d238b9983/element/f.3CB17101AE25630290776882465A9E58.d.B00D30029C81C2D7E355E16922C35A01.e.8561/click - {}
RESULT: {}
COMMAND: POST /session/d5f272f198c3c1f43c195f4d238b9983/execute/async - {"script":"<script> [1562 bytes]","args":[{"selector":{"controlType":"sap.m.StandardListItem","viewName":"etm.portal.ui.managecatalogs.view.Detail","viewId":"application-managecatalogs-display-component---detailCatalog","properties":{"title":"red"},"searchOpenDialogs":true,"interaction":{"idSuffix":"content"}},"wdio_ui5_key":"etmportal.ui.managecatalogs.view.Detailsap.m.StandardListItem{\"title\":\"red\"}"}]}
COMMAND: GET /session/d5f272f198c3c1f43c195f4d238b9983/screenshot - {}
RESULT: {"script":"<script> [1562 bytes]","args":[{"selector":{"controlType":"sap.m.StandardListItem","viewName":"etm.portal.ui.managecatalogs.view.Detail","viewId":"application-managecatalogs-display-component---detailCatalog","properties":{"title":"red"},"searchOpenDialogs":true,"interaction":{"idSuffix":"content"}},"wdio_ui5_key":"etmportal.ui.managecatalogs.view.Detailsap.m.StandardListItem{\"title\":\"red\"}"}]}
RESULT: undefined
COMMAND: POST /session/d5f272f198c3c1f43c195f4d238b9983/element - {"using":"xpath","value":"//*[@id=\"__item237\"]"}
RESULT: {}
RESULT: {"using":"xpath","value":"//*[@id=\"__item237\"]"}
COMMAND: POST /session/d5f272f198c3c1f43c195f4d238b9983/element/f.3CB17101AE25630290776882465A9E58.d.B00D30029C81C2D7E355E16922C35A01.e.8564/click - {}
RESULT: {}
COMMAND: GET /session/d5f272f198c3c1f43c195f4d238b9983/screenshot - {}
RESULT: {}
COMMAND: POST /session/d5f272f198c3c1f43c195f4d238b9983/execute/async - {"script":"<script> [1562 bytes]","args":[{"selector":{"controlType":"sap.m.Button","viewName":"etm.portal.ui.managecatalogs.view.Detail","viewId":"application-managecatalogs-display-component---detailCatalog","i18NText":{"propertyName":"text","key":"save"},"interaction":{"idSuffix":"BDI-content"}},"wdio_ui5_key":"etmportal.ui.managecatalogs.view.Detailsap.m.Button{\"propertyName\":\"text\",\"key\":\"save\"}"}]}
RESULT: {"script":"<script> [1562 bytes]","args":[{"selector":{"controlType":"sap.m.Button","viewName":"etm.portal.ui.managecatalogs.view.Detail","viewId":"application-managecatalogs-display-component---detailCatalog","i18NText":{"propertyName":"text","key":"save"},"interaction":{"idSuffix":"BDI-content"}},"wdio_ui5_key":"etmportal.ui.managecatalogs.view.Detailsap.m.Button{\"propertyName\":\"text\",\"key\":\"save\"}"}]}
RESULT: undefined
COMMAND: POST /session/d5f272f198c3c1f43c195f4d238b9983/element - {"using":"xpath","value":"//*[@id=\"__button43\"]"}
RESULT: {"using":"xpath","value":"//*[@id=\"__button43\"]"}
COMMAND: POST /session/d5f272f198c3c1f43c195f4d238b9983/element/f.3CB17101AE25630290776882465A9E58.d.B00D30029C81C2D7E355E16922C35A01.e.8471/click - {}
RESULT: {}
COMMAND: GET /session/d5f272f198c3c1f43c195f4d238b9983/screenshot - {}
RESULT: {}
COMMAND: POST /session/d5f272f198c3c1f43c195f4d238b9983/element - {"using":"css selector","value":"#shell-header-logo"}
RESULT: {"using":"css selector","value":"#shell-header-logo"}
COMMAND: POST /session/d5f272f198c3c1f43c195f4d238b9983/element/f.3CB17101AE25630290776882465A9E58.d.B00D30029C81C2D7E355E16922C35A01.e.8301/click - {}
RESULT: {}
COMMAND: GET /session/d5f272f198c3c1f43c195f4d238b9983/screenshot - {}
RESULT: {}
]]></system-out>
    </testcase>
    <testcase classname="chrome.135_0_7049_96.windows.Manage_requests_-_requests_specifications_US141095" name="Should create a new request and add the catalog item with the specifications" time="140.841">
      <system-out><![CDATA[
COMMAND: POST /session/d5f272f198c3c1f43c195f4d238b9983/element - {"using":"xpath","value":"//*[contains(@href, 'etm.portal.ui.managerequests')]"}
RESULT: {"using":"xpath","value":"//*[contains(@href, 'etm.portal.ui.managerequests')]"}
COMMAND: POST /session/d5f272f198c3c1f43c195f4d238b9983/element/f.3CB17101AE25630290776882465A9E58.d.B00D30029C81C2D7E355E16922C35A01.e.8588/click - {}
RESULT: {}
COMMAND: GET /session/d5f272f198c3c1f43c195f4d238b9983/screenshot - {}
RESULT: {}
COMMAND: POST /session/d5f272f198c3c1f43c195f4d238b9983/element - {"using":"xpath","value":"//button[contains(@data-kt ,\"btnCreateNewOverflowToolbarButton\")]"}
COMMAND: POST /session/d5f272f198c3c1f43c195f4d238b9983/element - {"using":"xpath","value":"(//span[contains(@class ,\"sapMObjStatusText\")])[1]"}
RESULT: {"using":"xpath","value":"//button[contains(@data-kt ,\"btnCreateNewOverflowToolbarButton\")]"}
COMMAND: POST /session/d5f272f198c3c1f43c195f4d238b9983/element/f.3CB17101AE25630290776882465A9E58.d.B00D30029C81C2D7E355E16922C35A01.e.8644/click - {}
RESULT: {"using":"xpath","value":"(//span[contains(@class ,\"sapMObjStatusText\")])[1]"}
COMMAND: POST /session/d5f272f198c3c1f43c195f4d238b9983/execute/sync - {"script":"<script> [8489 bytes]","args":[{"element-6066-11e4-a52e-4f735466cecf":"f.3CB17101AE25630290776882465A9E58.d.B00D30029C81C2D7E355E16922C35A01.e.8685","ELEMENT":"f.3CB17101AE25630290776882465A9E58.d.B00D30029C81C2D7E355E16922C35A01.e.8685"}]}
RESULT: {}
COMMAND: GET /session/d5f272f198c3c1f43c195f4d238b9983/screenshot - {}
COMMAND: POST /session/d5f272f198c3c1f43c195f4d238b9983/element - {"using":"xpath","value":"(//span[contains(@class ,\"sapMObjStatusText\")])[1]"}
RESULT: {}
RESULT: {"using":"xpath","value":"(//span[contains(@class ,\"sapMObjStatusText\")])[1]"}
COMMAND: POST /session/d5f272f198c3c1f43c195f4d238b9983/execute/sync - {"script":"<script> [8489 bytes]","args":[{"element-6066-11e4-a52e-4f735466cecf":"f.3CB17101AE25630290776882465A9E58.d.B00D30029C81C2D7E355E16922C35A01.e.8999","ELEMENT":"f.3CB17101AE25630290776882465A9E58.d.B00D30029C81C2D7E355E16922C35A01.e.8999"}]}
RESULT: {"script":"<script> [8489 bytes]","args":[{"element-6066-11e4-a52e-4f735466cecf":"f.3CB17101AE25630290776882465A9E58.d.B00D30029C81C2D7E355E16922C35A01.e.8999","ELEMENT":"f.3CB17101AE25630290776882465A9E58.d.B00D30029C81C2D7E355E16922C35A01.e.8999"}]}
COMMAND: GET /session/d5f272f198c3c1f43c195f4d238b9983/screenshot - {}
RESULT: {}
COMMAND: POST /session/d5f272f198c3c1f43c195f4d238b9983/element - {"using":"xpath","value":"//input[contains(@id ,\"yardId-inner\")]"}
RESULT: {"using":"xpath","value":"//input[contains(@id ,\"yardId-inner\")]"}
COMMAND: POST /session/d5f272f198c3c1f43c195f4d238b9983/execute/sync - {"script":"<script> [8489 bytes]","args":[{"element-6066-11e4-a52e-4f735466cecf":"f.3CB17101AE25630290776882465A9E58.d.B00D30029C81C2D7E355E16922C35A01.e.8901","ELEMENT":"f.3CB17101AE25630290776882465A9E58.d.B00D30029C81C2D7E355E16922C35A01.e.8901"}]}
RESULT: {"script":"<script> [8489 bytes]","args":[{"element-6066-11e4-a52e-4f735466cecf":"f.3CB17101AE25630290776882465A9E58.d.B00D30029C81C2D7E355E16922C35A01.e.8901","ELEMENT":"f.3CB17101AE25630290776882465A9E58.d.B00D30029C81C2D7E355E16922C35A01.e.8901"}]}
COMMAND: POST /session/d5f272f198c3c1f43c195f4d238b9983/element - {"using":"xpath","value":"//input[contains(@id ,\"yardId-inner\")]"}
COMMAND: GET /session/d5f272f198c3c1f43c195f4d238b9983/screenshot - {}
RESULT: {"using":"xpath","value":"//input[contains(@id ,\"yardId-inner\")]"}
COMMAND: GET /session/d5f272f198c3c1f43c195f4d238b9983/element/f.3CB17101AE25630290776882465A9E58.d.B00D30029C81C2D7E355E16922C35A01.e.8901/enabled - {}
RESULT: {}
RESULT: {}
COMMAND: POST /session/d5f272f198c3c1f43c195f4d238b9983/element/f.3CB17101AE25630290776882465A9E58.d.B00D30029C81C2D7E355E16922C35A01.e.8901/clear - {}
COMMAND: GET /session/d5f272f198c3c1f43c195f4d238b9983/screenshot - {}
RESULT: {}
COMMAND: POST /session/d5f272f198c3c1f43c195f4d238b9983/element/f.3CB17101AE25630290776882465A9E58.d.B00D30029C81C2D7E355E16922C35A01.e.8901/value - {"text":"WebdriverYardrjtc1"}
COMMAND: GET /session/d5f272f198c3c1f43c195f4d238b9983/screenshot - {}
RESULT: {}
RESULT: {"text":"WebdriverYardrjtc1"}
COMMAND: GET /session/d5f272f198c3c1f43c195f4d238b9983/screenshot - {}
RESULT: {}
RESULT: {}
COMMAND: POST /session/d5f272f198c3c1f43c195f4d238b9983/element - {"using":"xpath","value":"//input[contains(@id ,\"customerNumber-inner\")]"}
RESULT: {"using":"xpath","value":"//input[contains(@id ,\"customerNumber-inner\")]"}
COMMAND: POST /session/d5f272f198c3c1f43c195f4d238b9983/element/f.3CB17101AE25630290776882465A9E58.d.B00D30029C81C2D7E355E16922C35A01.e.8895/value - {"text":"WebdriverPartner8ybrk"}
COMMAND: POST /session/d5f272f198c3c1f43c195f4d238b9983/actions - {"actions":[{"id":"action51","type":"key","parameters":{},"actions":[{"type":"keyDown","value":"î€‡"},{"type":"pause","duration":10},{"type":"keyUp","value":"î€‡"}]}]}
RESULT: {"actions":[{"id":"action51","type":"key","parameters":{},"actions":[{"type":"keyDown","value":"î€‡"},{"type":"pause","duration":10},{"type":"keyUp","value":"î€‡"}]}]}
COMMAND: GET /session/d5f272f198c3c1f43c195f4d238b9983/screenshot - {}
RESULT: {"text":"WebdriverPartner8ybrk"}
COMMAND: GET /session/d5f272f198c3c1f43c195f4d238b9983/screenshot - {}
RESULT: {}
RESULT: {}
COMMAND: POST /session/d5f272f198c3c1f43c195f4d238b9983/actions - {"actions":[{"id":"action52","type":"key","parameters":{},"actions":[{"type":"keyDown","value":"î€‡"},{"type":"pause","duration":10},{"type":"keyUp","value":"î€‡"}]}]}
RESULT: {"actions":[{"id":"action52","type":"key","parameters":{},"actions":[{"type":"keyDown","value":"î€‡"},{"type":"pause","duration":10},{"type":"keyUp","value":"î€‡"}]}]}
COMMAND: GET /session/d5f272f198c3c1f43c195f4d238b9983/screenshot - {}
RESULT: {}
COMMAND: POST /session/d5f272f198c3c1f43c195f4d238b9983/element - {"using":"xpath","value":"//input[contains(@id ,\"requestSiteId-inner\")]"}
RESULT: {"using":"xpath","value":"//input[contains(@id ,\"requestSiteId-inner\")]"}
COMMAND: POST /session/d5f272f198c3c1f43c195f4d238b9983/element/f.3CB17101AE25630290776882465A9E58.d.B00D30029C81C2D7E355E16922C35A01.e.8894/value - {"text":"WebdriverSite4o8us"}
RESULT: {"text":"WebdriverSite4o8us"}
COMMAND: GET /session/d5f272f198c3c1f43c195f4d238b9983/screenshot - {}
RESULT: {}
COMMAND: POST /session/d5f272f198c3c1f43c195f4d238b9983/actions - {"actions":[{"id":"action53","type":"key","parameters":{},"actions":[{"type":"keyDown","value":"î€‡"},{"type":"pause","duration":10},{"type":"keyUp","value":"î€‡"}]}]}
RESULT: {"actions":[{"id":"action53","type":"key","parameters":{},"actions":[{"type":"keyDown","value":"î€‡"},{"type":"pause","duration":10},{"type":"keyUp","value":"î€‡"}]}]}
COMMAND: POST /session/d5f272f198c3c1f43c195f4d238b9983/execute/async - {"script":"<script> [1562 bytes]","args":[{"selector":{"controlType":"sap.ui.core.Icon","viewName":"etm.portal.ui.managerequests.view.NewRequest","properties":{"src":{"regex":{"source":"add"}}}},"wdio_ui5_key":"etmportal.ui.managerequests.view.NewRequestsap.ui.core.Icon{\"src\":{\"regex\":{\"source\":\"add\"}}}"}]}
COMMAND: GET /session/d5f272f198c3c1f43c195f4d238b9983/screenshot - {}
RESULT: {"script":"<script> [1562 bytes]","args":[{"selector":{"controlType":"sap.ui.core.Icon","viewName":"etm.portal.ui.managerequests.view.NewRequest","properties":{"src":{"regex":{"source":"add"}}}},"wdio_ui5_key":"etmportal.ui.managerequests.view.NewRequestsap.ui.core.Icon{\"src\":{\"regex\":{\"source\":\"add\"}}}"}]}
RESULT: undefined
COMMAND: POST /session/d5f272f198c3c1f43c195f4d238b9983/element - {"using":"xpath","value":"//*[@id=\"__xmlview59--btnAddTableRow-img\"]"}
RESULT: {}
RESULT: {"using":"xpath","value":"//*[@id=\"__xmlview59--btnAddTableRow-img\"]"}
COMMAND: POST /session/d5f272f198c3c1f43c195f4d238b9983/element/f.3CB17101AE25630290776882465A9E58.d.B00D30029C81C2D7E355E16922C35A01.e.8875/click - {}
RESULT: {}
COMMAND: GET /session/d5f272f198c3c1f43c195f4d238b9983/screenshot - {}
RESULT: {}
COMMAND: POST /session/d5f272f198c3c1f43c195f4d238b9983/actions - {"actions":[{"id":"action54","type":"key","parameters":{},"actions":[{"type":"keyDown","value":"î€•"},{"type":"pause","duration":10},{"type":"keyUp","value":"î€•"}]}]}
RESULT: {"actions":[{"id":"action54","type":"key","parameters":{},"actions":[{"type":"keyDown","value":"î€•"},{"type":"pause","duration":10},{"type":"keyUp","value":"î€•"}]}]}
COMMAND: POST /session/d5f272f198c3c1f43c195f4d238b9983/actions - {"actions":[{"id":"action55","type":"key","parameters":{},"actions":[{"type":"keyDown","value":"î€‡"},{"type":"pause","duration":10},{"type":"keyUp","value":"î€‡"}]}]}
COMMAND: GET /session/d5f272f198c3c1f43c195f4d238b9983/screenshot - {}
RESULT: {"actions":[{"id":"action55","type":"key","parameters":{},"actions":[{"type":"keyDown","value":"î€‡"},{"type":"pause","duration":10},{"type":"keyUp","value":"î€‡"}]}]}
COMMAND: POST /session/d5f272f198c3c1f43c195f4d238b9983/element - {"using":"xpath","value":"(//input[contains(@id ,\"requestItemsTable-0-inner\")])[1]"}
COMMAND: GET /session/d5f272f198c3c1f43c195f4d238b9983/screenshot - {}
RESULT: {}
RESULT: {"using":"xpath","value":"(//input[contains(@id ,\"requestItemsTable-0-inner\")])[1]"}
COMMAND: POST /session/d5f272f198c3c1f43c195f4d238b9983/element/f.3CB17101AE25630290776882465A9E58.d.B00D30029C81C2D7E355E16922C35A01.e.9042/clear - {}
RESULT: {}
RESULT: {}
COMMAND: POST /session/d5f272f198c3c1f43c195f4d238b9983/element/f.3CB17101AE25630290776882465A9E58.d.B00D30029C81C2D7E355E16922C35A01.e.9042/value - {"text":"catalogItemNamepjxc7i"}
COMMAND: GET /session/d5f272f198c3c1f43c195f4d238b9983/screenshot - {}
RESULT: {}
RESULT: {"text":"catalogItemNamepjxc7i"}
COMMAND: GET /session/d5f272f198c3c1f43c195f4d238b9983/screenshot - {}
RESULT: {}
COMMAND: POST /session/d5f272f198c3c1f43c195f4d238b9983/actions - {"actions":[{"id":"action56","type":"key","parameters":{},"actions":[{"type":"keyDown","value":"î€‡"},{"type":"pause","duration":10},{"type":"keyUp","value":"î€‡"}]}]}
RESULT: {"actions":[{"id":"action56","type":"key","parameters":{},"actions":[{"type":"keyDown","value":"î€‡"},{"type":"pause","duration":10},{"type":"keyUp","value":"î€‡"}]}]}
COMMAND: GET /session/d5f272f198c3c1f43c195f4d238b9983/screenshot - {}
RESULT: {}
COMMAND: POST /session/d5f272f198c3c1f43c195f4d238b9983/execute/async - {"script":"<script> [1562 bytes]","args":[{"selector":{"controlType":"sap.m.Button","viewName":"etm.portal.ui.managerequests.view.NewRequest","i18NText":{"propertyName":"text","key":"requestSpecifications"},"interaction":{"idSuffix":"BDI-content"}},"wdio_ui5_key":"etmportal.ui.managerequests.view.NewRequestsap.m.Button{\"propertyName\":\"text\",\"key\":\"requestSpecifications\"}"}]}
RESULT: {"script":"<script> [1562 bytes]","args":[{"selector":{"controlType":"sap.m.Button","viewName":"etm.portal.ui.managerequests.view.NewRequest","i18NText":{"propertyName":"text","key":"requestSpecifications"},"interaction":{"idSuffix":"BDI-content"}},"wdio_ui5_key":"etmportal.ui.managerequests.view.NewRequestsap.m.Button{\"propertyName\":\"text\",\"key\":\"requestSpecifications\"}"}]}
RESULT: undefined
COMMAND: POST /session/d5f272f198c3c1f43c195f4d238b9983/element - {"using":"xpath","value":"//*[@id=\"__button78-__xmlview59--requestItemsTable-0\"]"}
RESULT: {"using":"xpath","value":"//*[@id=\"__button78-__xmlview59--requestItemsTable-0\"]"}
COMMAND: POST /session/d5f272f198c3c1f43c195f4d238b9983/element/f.3CB17101AE25630290776882465A9E58.d.B00D30029C81C2D7E355E16922C35A01.e.9056/click - {}
RESULT: {}
COMMAND: GET /session/d5f272f198c3c1f43c195f4d238b9983/screenshot - {}
RESULT: {}
COMMAND: POST /session/d5f272f198c3c1f43c195f4d238b9983/element - {"using":"xpath","value":"//input[@value=\"red\"]"}
RESULT: {"using":"xpath","value":"//input[@value=\"red\"]"}
COMMAND: POST /session/d5f272f198c3c1f43c195f4d238b9983/elements - {"using":"xpath","value":"//input[@value=\"red\"]"}
RESULT: {"using":"xpath","value":"//input[@value=\"red\"]"}
COMMAND: POST /session/d5f272f198c3c1f43c195f4d238b9983/execute/async - {"script":"<script> [1562 bytes]","args":[{"selector":{"controlType":"sap.m.Text","viewName":"etm.portal.ui.managerequests.view.NewRequest","bindingPath":{"path":"/currentEntries/0/PROPERTIES/0","propertyPath":"DESCRIPTION","modelName":"techSpecsClassificationModel"},"searchOpenDialogs":true},"wdio_ui5_key":"etmportal.ui.managerequests.view.NewRequestsap.m.Text{\"path\":\"/currentEntries/0/PROPERTIES/0\",\"propertyPath\":\"DESCRIPTION\",\"modelName\":\"techSpecsClassificationModel\"}"}]}
RESULT: {"script":"<script> [1562 bytes]","args":[{"selector":{"controlType":"sap.m.Text","viewName":"etm.portal.ui.managerequests.view.NewRequest","bindingPath":{"path":"/currentEntries/0/PROPERTIES/0","propertyPath":"DESCRIPTION","modelName":"techSpecsClassificationModel"},"searchOpenDialogs":true},"wdio_ui5_key":"etmportal.ui.managerequests.view.NewRequestsap.m.Text{\"path\":\"/currentEntries/0/PROPERTIES/0\",\"propertyPath\":\"DESCRIPTION\",\"modelName\":\"techSpecsClassificationModel\"}"}]}
RESULT: undefined
COMMAND: POST /session/d5f272f198c3c1f43c195f4d238b9983/execute/async - {"script":"<script> [6424 bytes]","args":[{"element-6066-11e4-a52e-4f735466cecf":"f.3CB17101AE25630290776882465A9E58.d.B00D30029C81C2D7E355E16922C35A01.e.9065"},"getText",[]]}
RESULT: {"script":"<script> [6424 bytes]","args":[{"element-6066-11e4-a52e-4f735466cecf":"f.3CB17101AE25630290776882465A9E58.d.B00D30029C81C2D7E355E16922C35A01.e.9065"},"getText",[]]}
COMMAND: POST /session/d5f272f198c3c1f43c195f4d238b9983/execute/async - {"script":"<script> [1562 bytes]","args":[{"selector":{"controlType":"sap.ui.core.Icon","viewName":"etm.portal.ui.managerequests.view.NewRequest","properties":{"src":{"regex":{"source":"slim\\-arrow\\-down"}}},"searchOpenDialogs":true},"wdio_ui5_key":"etmportal.ui.managerequests.view.NewRequestsap.ui.core.Icon{\"src\":{\"regex\":{\"source\":\"slim\\\\-arrow\\\\-down\"}}}"}]}
RESULT: {"script":"<script> [1562 bytes]","args":[{"selector":{"controlType":"sap.ui.core.Icon","viewName":"etm.portal.ui.managerequests.view.NewRequest","properties":{"src":{"regex":{"source":"slim\\-arrow\\-down"}}},"searchOpenDialogs":true},"wdio_ui5_key":"etmportal.ui.managerequests.view.NewRequestsap.ui.core.Icon{\"src\":{\"regex\":{\"source\":\"slim\\\\-arrow\\\\-down\"}}}"}]}
RESULT: undefined
COMMAND: POST /session/d5f272f198c3c1f43c195f4d238b9983/element - {"using":"xpath","value":"//*[@id=\"__box58-arrow\"]"}
RESULT: {"using":"xpath","value":"//*[@id=\"__box58-arrow\"]"}
COMMAND: POST /session/d5f272f198c3c1f43c195f4d238b9983/element/f.3CB17101AE25630290776882465A9E58.d.B00D30029C81C2D7E355E16922C35A01.e.9066/click - {}
RESULT: {}
COMMAND: POST /session/d5f272f198c3c1f43c195f4d238b9983/execute/async - {"script":"<script> [1562 bytes]","args":[{"selector":{"controlType":"sap.m.StandardListItem","viewName":"etm.portal.ui.managerequests.view.NewRequest","properties":{"title":"blue"},"searchOpenDialogs":true,"interaction":{"idSuffix":"content"}},"wdio_ui5_key":"etmportal.ui.managerequests.view.NewRequestsap.m.StandardListItem{\"title\":\"blue\"}"}]}
COMMAND: GET /session/d5f272f198c3c1f43c195f4d238b9983/screenshot - {}
RESULT: {"script":"<script> [1562 bytes]","args":[{"selector":{"controlType":"sap.m.StandardListItem","viewName":"etm.portal.ui.managerequests.view.NewRequest","properties":{"title":"blue"},"searchOpenDialogs":true,"interaction":{"idSuffix":"content"}},"wdio_ui5_key":"etmportal.ui.managerequests.view.NewRequestsap.m.StandardListItem{\"title\":\"blue\"}"}]}
RESULT: undefined
COMMAND: POST /session/d5f272f198c3c1f43c195f4d238b9983/element - {"using":"xpath","value":"//*[@id=\"__item956\"]"}
RESULT: {}
RESULT: {"using":"xpath","value":"//*[@id=\"__item956\"]"}
COMMAND: POST /session/d5f272f198c3c1f43c195f4d238b9983/element/f.3CB17101AE25630290776882465A9E58.d.B00D30029C81C2D7E355E16922C35A01.e.9068/click - {}
RESULT: {}
COMMAND: GET /session/d5f272f198c3c1f43c195f4d238b9983/screenshot - {}
RESULT: {}
COMMAND: POST /session/d5f272f198c3c1f43c195f4d238b9983/execute/async - {"script":"<script> [1562 bytes]","args":[{"selector":{"id":"saveButton","viewName":"etm.portal.ui.managerequests.view.NewRequest","searchOpenDialogs":true,"interaction":{"idSuffix":"BDI-content"}},"wdio_ui5_key":"saveButtonetmportal.ui.managerequests.view.NewRequest"}]}
RESULT: {"script":"<script> [1562 bytes]","args":[{"selector":{"id":"saveButton","viewName":"etm.portal.ui.managerequests.view.NewRequest","searchOpenDialogs":true,"interaction":{"idSuffix":"BDI-content"}},"wdio_ui5_key":"saveButtonetmportal.ui.managerequests.view.NewRequest"}]}
RESULT: undefined
COMMAND: POST /session/d5f272f198c3c1f43c195f4d238b9983/element - {"using":"xpath","value":"//*[@id=\"__xmlview59--saveButton\"]"}
RESULT: {"using":"xpath","value":"//*[@id=\"__xmlview59--saveButton\"]"}
COMMAND: POST /session/d5f272f198c3c1f43c195f4d238b9983/element/f.3CB17101AE25630290776882465A9E58.d.B00D30029C81C2D7E355E16922C35A01.e.9063/click - {}
RESULT: {}
COMMAND: POST /session/d5f272f198c3c1f43c195f4d238b9983/execute/async - {"script":"<script> [1562 bytes]","args":[{"selector":{"controlType":"sap.ui.core.Icon","viewName":"etm.portal.ui.managerequests.view.NewRequest","properties":{"src":{"regex":{"source":"slim\\-arrow\\-down"}}},"ancestor":{"controlType":"sap.m.Button","viewName":"etm.portal.ui.managerequests.view.NewRequest","properties":{"icon":"sap-icon://slim-arrow-down"}}},"wdio_ui5_key":"etmportal.ui.managerequests.view.NewRequestsap.ui.core.Icon{\"src\":{\"regex\":{\"source\":\"slim\\\\-arrow\\\\-down\"}}}{\"controlType\":\"sap.m.Button\",\"viewName\":\"etm.portal.ui.managerequests.view.NewRequest\",\"properties\":{\"icon\":\"sap-icon://slim-arrow-down\"}}"}]}
COMMAND: GET /session/d5f272f198c3c1f43c195f4d238b9983/screenshot - {}
RESULT: {"script":"<script> [1562 bytes]","args":[{"selector":{"controlType":"sap.ui.core.Icon","viewName":"etm.portal.ui.managerequests.view.NewRequest","properties":{"src":{"regex":{"source":"slim\\-arrow\\-down"}}},"ancestor":{"controlType":"sap.m.Button","viewName":"etm.portal.ui.managerequests.view.NewRequest","properties":{"icon":"sap-icon://slim-arrow-down"}}},"wdio_ui5_key":"etmportal.ui.managerequests.view.NewRequestsap.ui.core.Icon{\"src\":{\"regex\":{\"source\":\"slim\\\\-arrow\\\\-down\"}}}{\"controlType\":\"sap.m.Button\",\"viewName\":\"etm.portal.ui.managerequests.view.NewRequest\",\"properties\":{\"icon\":\"sap-icon://slim-arrow-down\"}}"}]}
RESULT: undefined
RESULT: {}
COMMAND: POST /session/d5f272f198c3c1f43c195f4d238b9983/element - {"using":"xpath","value":"//div[contains(@data-kt ,\"splitAllocationObjectStatus\")]"}
RESULT: {"using":"xpath","value":"//div[contains(@data-kt ,\"splitAllocationObjectStatus\")]"}
COMMAND: POST /session/d5f272f198c3c1f43c195f4d238b9983/elements - {"using":"xpath","value":"//div[contains(@data-kt ,\"splitAllocationObjectStatus\")]"}
RESULT: {"using":"xpath","value":"//div[contains(@data-kt ,\"splitAllocationObjectStatus\")]"}
COMMAND: POST /session/d5f272f198c3c1f43c195f4d238b9983/execute/async - {"script":"<script> [1562 bytes]","args":[{"selector":{"controlType":"sap.ui.core.Icon","viewName":"etm.portal.ui.managerequests.view.NewRequest","properties":{"src":{"regex":{"source":"message\\-error"}}}},"wdio_ui5_key":"etmportal.ui.managerequests.view.NewRequestsap.ui.core.Icon{\"src\":{\"regex\":{\"source\":\"message\\\\-error\"}}}"}]}
RESULT: {"script":"<script> [1562 bytes]","args":[{"selector":{"controlType":"sap.ui.core.Icon","viewName":"etm.portal.ui.managerequests.view.NewRequest","properties":{"src":{"regex":{"source":"message\\-error"}}}},"wdio_ui5_key":"etmportal.ui.managerequests.view.NewRequestsap.ui.core.Icon{\"src\":{\"regex\":{\"source\":\"message\\\\-error\"}}}"}]}
RESULT: undefined
COMMAND: POST /session/d5f272f198c3c1f43c195f4d238b9983/element - {"using":"xpath","value":"//*[@id=\"__status4-__xmlview59--requestItemsTable-0-icon\"]"}
RESULT: {"using":"xpath","value":"//*[@id=\"__status4-__xmlview59--requestItemsTable-0-icon\"]"}
COMMAND: POST /session/d5f272f198c3c1f43c195f4d238b9983/element/f.3CB17101AE25630290776882465A9E58.d.B00D30029C81C2D7E355E16922C35A01.e.9071/click - {}
RESULT: {}
COMMAND: POST /session/d5f272f198c3c1f43c195f4d238b9983/execute/async - {"script":"<script> [1562 bytes]","args":[{"selector":{"controlType":"sap.ui.core.Icon","viewName":"etm.portal.ui.managerequests.view.NewRequest","properties":{"src":{"regex":{"source":"slim\\-arrow\\-down"}}},"searchOpenDialogs":true,"ancestor":{"id":"costObjectAdminTypeComboBox","viewName":"etm.portal.ui.managerequests.view.NewRequest","searchOpenDialogs":true}},"wdio_ui5_key":"etmportal.ui.managerequests.view.NewRequestsap.ui.core.Icon{\"src\":{\"regex\":{\"source\":\"slim\\\\-arrow\\\\-down\"}}}{\"id\":\"costObjectAdminTypeComboBox\",\"viewName\":\"etm.portal.ui.managerequests.view.NewRequest\",\"searchOpenDialogs\":true}"}]}
COMMAND: GET /session/d5f272f198c3c1f43c195f4d238b9983/screenshot - {}
RESULT: {"script":"<script> [1562 bytes]","args":[{"selector":{"controlType":"sap.ui.core.Icon","viewName":"etm.portal.ui.managerequests.view.NewRequest","properties":{"src":{"regex":{"source":"slim\\-arrow\\-down"}}},"searchOpenDialogs":true,"ancestor":{"id":"costObjectAdminTypeComboBox","viewName":"etm.portal.ui.managerequests.view.NewRequest","searchOpenDialogs":true}},"wdio_ui5_key":"etmportal.ui.managerequests.view.NewRequestsap.ui.core.Icon{\"src\":{\"regex\":{\"source\":\"slim\\\\-arrow\\\\-down\"}}}{\"id\":\"costObjectAdminTypeComboBox\",\"viewName\":\"etm.portal.ui.managerequests.view.NewRequest\",\"searchOpenDialogs\":true}"}]}
RESULT: undefined
COMMAND: POST /session/d5f272f198c3c1f43c195f4d238b9983/element - {"using":"xpath","value":"//*[@id=\"__xmlview59--costObjectAdminTypeComboBox-arrow\"]"}
RESULT: {}
RESULT: {"using":"xpath","value":"//*[@id=\"__xmlview59--costObjectAdminTypeComboBox-arrow\"]"}
COMMAND: POST /session/d5f272f198c3c1f43c195f4d238b9983/element/f.3CB17101AE25630290776882465A9E58.d.B00D30029C81C2D7E355E16922C35A01.e.9075/click - {}
RESULT: {}
COMMAND: POST /session/d5f272f198c3c1f43c195f4d238b9983/execute/async - {"script":"<script> [1562 bytes]","args":[{"selector":{"controlType":"sap.m.StandardListItem","viewName":"etm.portal.ui.managerequests.view.NewRequest","properties":{"title":"Cost Center"},"searchOpenDialogs":true,"interaction":{"idSuffix":"titleText"}},"wdio_ui5_key":"etmportal.ui.managerequests.view.NewRequestsap.m.StandardListItem{\"title\":\"Cost Center\"}"}]}
COMMAND: GET /session/d5f272f198c3c1f43c195f4d238b9983/screenshot - {}
RESULT: {"script":"<script> [1562 bytes]","args":[{"selector":{"controlType":"sap.m.StandardListItem","viewName":"etm.portal.ui.managerequests.view.NewRequest","properties":{"title":"Cost Center"},"searchOpenDialogs":true,"interaction":{"idSuffix":"titleText"}},"wdio_ui5_key":"etmportal.ui.managerequests.view.NewRequestsap.m.StandardListItem{\"title\":\"Cost Center\"}"}]}
RESULT: undefined
COMMAND: POST /session/d5f272f198c3c1f43c195f4d238b9983/element - {"using":"xpath","value":"//*[@id=\"__item959\"]"}
RESULT: {}
RESULT: {"using":"xpath","value":"//*[@id=\"__item959\"]"}
COMMAND: POST /session/d5f272f198c3c1f43c195f4d238b9983/element/f.3CB17101AE25630290776882465A9E58.d.B00D30029C81C2D7E355E16922C35A01.e.9078/click - {}
RESULT: {}
COMMAND: GET /session/d5f272f198c3c1f43c195f4d238b9983/screenshot - {}
RESULT: {}
COMMAND: POST /session/d5f272f198c3c1f43c195f4d238b9983/execute/async - {"script":"<script> [1562 bytes]","args":[{"selector":{"controlType":"sap.ui.core.Icon","viewName":"etm.portal.ui.managerequests.view.NewRequest","properties":{"src":{"regex":{"source":"value\\-help"}}},"searchOpenDialogs":true},"wdio_ui5_key":"etmportal.ui.managerequests.view.NewRequestsap.ui.core.Icon{\"src\":{\"regex\":{\"source\":\"value\\\\-help\"}}}"}]}
RESULT: {"script":"<script> [1562 bytes]","args":[{"selector":{"controlType":"sap.ui.core.Icon","viewName":"etm.portal.ui.managerequests.view.NewRequest","properties":{"src":{"regex":{"source":"value\\-help"}}},"searchOpenDialogs":true},"wdio_ui5_key":"etmportal.ui.managerequests.view.NewRequestsap.ui.core.Icon{\"src\":{\"regex\":{\"source\":\"value\\\\-help\"}}}"}]}
RESULT: undefined
COMMAND: POST /session/d5f272f198c3c1f43c195f4d238b9983/element - {"using":"xpath","value":"//*[@id=\"__xmlview59--costObjectIdComboBox-vhi\"]"}
RESULT: {"using":"xpath","value":"//*[@id=\"__xmlview59--costObjectIdComboBox-vhi\"]"}
COMMAND: POST /session/d5f272f198c3c1f43c195f4d238b9983/element/f.3CB17101AE25630290776882465A9E58.d.B00D30029C81C2D7E355E16922C35A01.e.9085/click - {}
RESULT: {}
COMMAND: POST /session/d5f272f198c3c1f43c195f4d238b9983/execute/async - {"script":"<script> [1562 bytes]","args":[{"selector":{"controlType":"sap.m.SearchField","properties":{"placeholder":"Search"},"searchOpenDialogs":true,"interaction":{"idSuffix":"I"}},"wdio_ui5_key":"sapm.SearchField{\"placeholder\":\"Search\"}"}]}
COMMAND: GET /session/d5f272f198c3c1f43c195f4d238b9983/screenshot - {}
RESULT: {"script":"<script> [1562 bytes]","args":[{"selector":{"controlType":"sap.m.SearchField","properties":{"placeholder":"Search"},"searchOpenDialogs":true,"interaction":{"idSuffix":"I"}},"wdio_ui5_key":"sapm.SearchField{\"placeholder\":\"Search\"}"}]}
RESULT: undefined
COMMAND: POST /session/d5f272f198c3c1f43c195f4d238b9983/execute/async - {"script":"<script> [776 bytes]","args":[{"enterText":"10001010","selector":{"controlType":"sap.m.SearchField","properties":{"placeholder":"Search"},"searchOpenDialogs":true,"interaction":{"idSuffix":"I"}},"clearTextFirst":true,"interactionType":"ENTER_TEXT"}]}
RESULT: {}
RESULT: {"script":"<script> [776 bytes]","args":[{"enterText":"10001010","selector":{"controlType":"sap.m.SearchField","properties":{"placeholder":"Search"},"searchOpenDialogs":true,"interaction":{"idSuffix":"I"}},"clearTextFirst":true,"interactionType":"ENTER_TEXT"}]}
COMMAND: POST /session/d5f272f198c3c1f43c195f4d238b9983/actions - {"actions":[{"id":"action57","type":"key","parameters":{},"actions":[{"type":"keyDown","value":"î€‡"},{"type":"pause","duration":10},{"type":"keyUp","value":"î€‡"}]}]}
RESULT: {"actions":[{"id":"action57","type":"key","parameters":{},"actions":[{"type":"keyDown","value":"î€‡"},{"type":"pause","duration":10},{"type":"keyUp","value":"î€‡"}]}]}
COMMAND: GET /session/d5f272f198c3c1f43c195f4d238b9983/screenshot - {}
RESULT: {}
COMMAND: POST /session/d5f272f198c3c1f43c195f4d238b9983/execute/async - {"script":"<script> [1562 bytes]","args":[{"selector":{"controlType":"sap.m.Text","bindingPath":{"path":"/C_CostCtrValueHelp(CostCenter='10001010',ControllingArea='Z001')","propertyPath":"CostCenterName","modelName":"CostCenterModel"},"searchOpenDialogs":true},"wdio_ui5_key":"sapm.Text{\"path\":\"/C_CostCtrValueHelp(CostCenter='10001010',ControllingArea='Z001')\",\"propertyPath\":\"CostCenterName\",\"modelName\":\"CostCenterModel\"}"}]}
RESULT: {"script":"<script> [1562 bytes]","args":[{"selector":{"controlType":"sap.m.Text","bindingPath":{"path":"/C_CostCtrValueHelp(CostCenter='10001010',ControllingArea='Z001')","propertyPath":"CostCenterName","modelName":"CostCenterModel"},"searchOpenDialogs":true},"wdio_ui5_key":"sapm.Text{\"path\":\"/C_CostCtrValueHelp(CostCenter='10001010',ControllingArea='Z001')\",\"propertyPath\":\"CostCenterName\",\"modelName\":\"CostCenterModel\"}"}]}
RESULT: undefined
COMMAND: POST /session/d5f272f198c3c1f43c195f4d238b9983/element - {"using":"xpath","value":"//*[@id=\"__text550-__clone1170\"]"}
RESULT: {"using":"xpath","value":"//*[@id=\"__text550-__clone1170\"]"}
COMMAND: POST /session/d5f272f198c3c1f43c195f4d238b9983/element/f.3CB17101AE25630290776882465A9E58.d.B00D30029C81C2D7E355E16922C35A01.e.9125/click - {}
RESULT: {}
COMMAND: POST /session/d5f272f198c3c1f43c195f4d238b9983/execute/async - {"script":"<script> [1562 bytes]","args":[{"selector":{"controlType":"sap.m.Button","properties":{"text":"OK"},"searchOpenDialogs":true,"interaction":{"idSuffix":"BDI-content"}},"wdio_ui5_key":"sapm.Button{\"text\":\"OK\"}"}]}
COMMAND: GET /session/d5f272f198c3c1f43c195f4d238b9983/screenshot - {}
RESULT: {"script":"<script> [1562 bytes]","args":[{"selector":{"controlType":"sap.m.Button","properties":{"text":"OK"},"searchOpenDialogs":true,"interaction":{"idSuffix":"BDI-content"}},"wdio_ui5_key":"sapm.Button{\"text\":\"OK\"}"}]}
RESULT: undefined
COMMAND: POST /session/d5f272f198c3c1f43c195f4d238b9983/element - {"using":"xpath","value":"//*[@id=\"__dialog2-ok\"]"}
RESULT: {}
RESULT: {"using":"xpath","value":"//*[@id=\"__dialog2-ok\"]"}
COMMAND: POST /session/d5f272f198c3c1f43c195f4d238b9983/element/f.3CB17101AE25630290776882465A9E58.d.B00D30029C81C2D7E355E16922C35A01.e.9127/click - {}
RESULT: {}
COMMAND: GET /session/d5f272f198c3c1f43c195f4d238b9983/screenshot - {}
RESULT: {}
COMMAND: POST /session/d5f272f198c3c1f43c195f4d238b9983/execute/async - {"script":"<script> [1562 bytes]","args":[{"selector":{"controlType":"sap.m.Button","viewName":"etm.portal.ui.managerequests.view.NewRequest","i18NText":{"propertyName":"text","key":"save"},"searchOpenDialogs":true,"interaction":{"idSuffix":"BDI-content"}},"wdio_ui5_key":"etmportal.ui.managerequests.view.NewRequestsap.m.Button{\"propertyName\":\"text\",\"key\":\"save\"}"}]}
RESULT: {"script":"<script> [1562 bytes]","args":[{"selector":{"controlType":"sap.m.Button","viewName":"etm.portal.ui.managerequests.view.NewRequest","i18NText":{"propertyName":"text","key":"save"},"searchOpenDialogs":true,"interaction":{"idSuffix":"BDI-content"}},"wdio_ui5_key":"etmportal.ui.managerequests.view.NewRequestsap.m.Button{\"propertyName\":\"text\",\"key\":\"save\"}"}]}
RESULT: undefined
COMMAND: POST /session/d5f272f198c3c1f43c195f4d238b9983/element - {"using":"xpath","value":"//*[@id=\"__button91\"]"}
RESULT: {"using":"xpath","value":"//*[@id=\"__button91\"]"}
COMMAND: POST /session/d5f272f198c3c1f43c195f4d238b9983/element/f.3CB17101AE25630290776882465A9E58.d.B00D30029C81C2D7E355E16922C35A01.e.9131/click - {}
RESULT: {}
COMMAND: GET /session/d5f272f198c3c1f43c195f4d238b9983/screenshot - {}
RESULT: {}
COMMAND: POST /session/d5f272f198c3c1f43c195f4d238b9983/execute/async - {"script":"<script> [1562 bytes]","args":[{"selector":{"controlType":"sap.m.Button","viewName":"etm.portal.ui.managerequests.view.NewRequest","i18NText":{"propertyName":"tooltip","key":"save"},"interaction":{"idSuffix":"content"}},"wdio_ui5_key":"etmportal.ui.managerequests.view.NewRequestsap.m.Button{\"propertyName\":\"tooltip\",\"key\":\"save\"}"}]}
RESULT: {"script":"<script> [1562 bytes]","args":[{"selector":{"controlType":"sap.m.Button","viewName":"etm.portal.ui.managerequests.view.NewRequest","i18NText":{"propertyName":"tooltip","key":"save"},"interaction":{"idSuffix":"content"}},"wdio_ui5_key":"etmportal.ui.managerequests.view.NewRequestsap.m.Button{\"propertyName\":\"tooltip\",\"key\":\"save\"}"}]}
RESULT: undefined
COMMAND: POST /session/d5f272f198c3c1f43c195f4d238b9983/element - {"using":"xpath","value":"//*[@id=\"__button80\"]"}
RESULT: {"using":"xpath","value":"//*[@id=\"__button80\"]"}
COMMAND: POST /session/d5f272f198c3c1f43c195f4d238b9983/element/f.3CB17101AE25630290776882465A9E58.d.B00D30029C81C2D7E355E16922C35A01.e.8985/click - {}
RESULT: {}
COMMAND: GET /session/d5f272f198c3c1f43c195f4d238b9983/screenshot - {}
RESULT: {}
COMMAND: POST /session/d5f272f198c3c1f43c195f4d238b9983/execute/async - {"script":"<script> [1562 bytes]","args":[{"selector":{"controlType":"sap.m.Title","properties":{"text":"Success"},"searchOpenDialogs":true},"wdio_ui5_key":"sapm.Title{\"text\":\"Success\"}"}]}
RESULT: {"script":"<script> [1562 bytes]","args":[{"selector":{"controlType":"sap.m.Title","properties":{"text":"Success"},"searchOpenDialogs":true},"wdio_ui5_key":"sapm.Title{\"text\":\"Success\"}"}]}
RESULT: undefined
COMMAND: POST /session/d5f272f198c3c1f43c195f4d238b9983/execute/async - {"script":"<script> [6424 bytes]","args":[{"element-6066-11e4-a52e-4f735466cecf":"f.3CB17101AE25630290776882465A9E58.d.B00D30029C81C2D7E355E16922C35A01.e.9136"},"getText",[]]}
RESULT: {"script":"<script> [6424 bytes]","args":[{"element-6066-11e4-a52e-4f735466cecf":"f.3CB17101AE25630290776882465A9E58.d.B00D30029C81C2D7E355E16922C35A01.e.9136"},"getText",[]]}
COMMAND: POST /session/d5f272f198c3c1f43c195f4d238b9983/execute/async - {"script":"<script> [1562 bytes]","args":[{"selector":{"controlType":"sap.m.Button","properties":{"text":"Close"},"searchOpenDialogs":true,"interaction":{"idSuffix":"BDI-content"}},"wdio_ui5_key":"sapm.Button{\"text\":\"Close\"}"}]}
RESULT: {"script":"<script> [1562 bytes]","args":[{"selector":{"controlType":"sap.m.Button","properties":{"text":"Close"},"searchOpenDialogs":true,"interaction":{"idSuffix":"BDI-content"}},"wdio_ui5_key":"sapm.Button{\"text\":\"Close\"}"}]}
RESULT: undefined
COMMAND: POST /session/d5f272f198c3c1f43c195f4d238b9983/element - {"using":"xpath","value":"//*[@id=\"__mbox-btn-0\"]"}
RESULT: {"using":"xpath","value":"//*[@id=\"__mbox-btn-0\"]"}
COMMAND: POST /session/d5f272f198c3c1f43c195f4d238b9983/element/f.3CB17101AE25630290776882465A9E58.d.B00D30029C81C2D7E355E16922C35A01.e.9135/click - {}
RESULT: {}
COMMAND: GET /session/d5f272f198c3c1f43c195f4d238b9983/screenshot - {}
RESULT: {}
COMMAND: POST /session/d5f272f198c3c1f43c195f4d238b9983/execute/async - {"script":"<script> [1562 bytes]","args":[{"selector":{"controlType":"sap.m.Button","viewName":"etm.portal.ui.managerequests.view.Detail","i18NText":{"propertyName":"text","key":"requestSpecifications"},"interaction":{"idSuffix":"BDI-content"}},"wdio_ui5_key":"etmportal.ui.managerequests.view.Detailsap.m.Button{\"propertyName\":\"text\",\"key\":\"requestSpecifications\"}"}]}
RESULT: {"script":"<script> [1562 bytes]","args":[{"selector":{"controlType":"sap.m.Button","viewName":"etm.portal.ui.managerequests.view.Detail","i18NText":{"propertyName":"text","key":"requestSpecifications"},"interaction":{"idSuffix":"BDI-content"}},"wdio_ui5_key":"etmportal.ui.managerequests.view.Detailsap.m.Button{\"propertyName\":\"text\",\"key\":\"requestSpecifications\"}"}]}
RESULT: undefined
COMMAND: POST /session/d5f272f198c3c1f43c195f4d238b9983/element - {"using":"xpath","value":"//*[@id=\"__button107-__clone1209\"]"}
RESULT: {"using":"xpath","value":"//*[@id=\"__button107-__clone1209\"]"}
COMMAND: POST /session/d5f272f198c3c1f43c195f4d238b9983/element/f.3CB17101AE25630290776882465A9E58.d.B00D30029C81C2D7E355E16922C35A01.e.9249/click - {}
RESULT: {}
COMMAND: GET /session/d5f272f198c3c1f43c195f4d238b9983/screenshot - {}
RESULT: {}
COMMAND: POST /session/d5f272f198c3c1f43c195f4d238b9983/element - {"using":"xpath","value":"//input[@value=\"blue\"]"}
RESULT: {"using":"xpath","value":"//input[@value=\"blue\"]"}
COMMAND: POST /session/d5f272f198c3c1f43c195f4d238b9983/elements - {"using":"xpath","value":"//input[@value=\"blue\"]"}
RESULT: {"using":"xpath","value":"//input[@value=\"blue\"]"}
COMMAND: POST /session/d5f272f198c3c1f43c195f4d238b9983/execute/async - {"script":"<script> [1562 bytes]","args":[{"selector":{"id":"cancelRequestSpecificationsButton","viewName":"etm.portal.ui.managerequests.view.Detail","searchOpenDialogs":true,"interaction":{"idSuffix":"BDI-content"}},"wdio_ui5_key":"cancelRequestSpecificationsButtonetmportal.ui.managerequests.view.Detail"}]}
RESULT: {"script":"<script> [1562 bytes]","args":[{"selector":{"id":"cancelRequestSpecificationsButton","viewName":"etm.portal.ui.managerequests.view.Detail","searchOpenDialogs":true,"interaction":{"idSuffix":"BDI-content"}},"wdio_ui5_key":"cancelRequestSpecificationsButtonetmportal.ui.managerequests.view.Detail"}]}
RESULT: undefined
COMMAND: POST /session/d5f272f198c3c1f43c195f4d238b9983/element - {"using":"xpath","value":"//*[@id=\"__xmlview60--cancelRequestSpecificationsButton\"]"}
RESULT: {"using":"xpath","value":"//*[@id=\"__xmlview60--cancelRequestSpecificationsButton\"]"}
COMMAND: POST /session/d5f272f198c3c1f43c195f4d238b9983/element/f.3CB17101AE25630290776882465A9E58.d.B00D30029C81C2D7E355E16922C35A01.e.9262/click - {}
RESULT: {}
COMMAND: POST /session/d5f272f198c3c1f43c195f4d238b9983/element - {"using":"css selector","value":"#shell-header-logo"}
COMMAND: GET /session/d5f272f198c3c1f43c195f4d238b9983/screenshot - {}
RESULT: {"using":"css selector","value":"#shell-header-logo"}
COMMAND: POST /session/d5f272f198c3c1f43c195f4d238b9983/element/f.3CB17101AE25630290776882465A9E58.d.B00D30029C81C2D7E355E16922C35A01.e.8590/click - {}
RESULT: {}
RESULT: {}
COMMAND: GET /session/d5f272f198c3c1f43c195f4d238b9983/screenshot - {}
RESULT: {}
]]></system-out>
    </testcase>
  </testsuite>
  <testsuite timestamp="2025-05-03T16:03:16" time="340.385" tests="3" failures="0" errors="0" skipped="0">
    <properties>
      <property name="specId" value="0" />
      <property name="suiteName" value="Reserve/Unreserve request item via reserve option US139161" />
      <property name="capabilities" value="chrome.135_0_7049_96.windows" />
      <property name="file" value="file:///D:/a/1/s/test/specs/R2C/reserve-unreserve-request-item-via-reserve-option.spec.js" />
    </properties>
    <testcase classname="chrome.135_0_7049_96.windows.Reserve/Unreserve_request_item_via_reserve_option_US139161" name="Should add the material to the catalog item" time="80.823">
      <system-out><![CDATA[
COMMAND: POST /session/d5f272f198c3c1f43c195f4d238b9983/element - {"using":"xpath","value":"//*[contains(@href, 'etm.portal.ui.managecatalogs')]"}
RESULT: {"using":"xpath","value":"//*[contains(@href, 'etm.portal.ui.managecatalogs')]"}
COMMAND: POST /session/d5f272f198c3c1f43c195f4d238b9983/element/f.3CB17101AE25630290776882465A9E58.d.B00D30029C81C2D7E355E16922C35A01.e.9269/click - {}
RESULT: {}
COMMAND: GET /session/d5f272f198c3c1f43c195f4d238b9983/screenshot - {}
RESULT: {}
COMMAND: POST /session/d5f272f198c3c1f43c195f4d238b9983/execute/async - {"script":"<script> [1562 bytes]","args":[{"selector":{"controlType":"sap.m.Text","viewName":"etm.portal.ui.managecatalogs.view.MasterCatalogs","viewId":"application-managecatalogs-display-component---masterCatalogs","bindingPath":{"path":"/Catalogs('0D7502D073D53A0F1700BE067B89AFF9')","propertyPath":"DESCRIPTION","modelName":"catalogModel"}},"wdio_ui5_key":"etmportal.ui.managecatalogs.view.MasterCatalogssap.m.Text{\"path\":\"/Catalogs('0D7502D073D53A0F1700BE067B89AFF9')\",\"propertyPath\":\"DESCRIPTION\",\"modelName\":\"catalogModel\"}"}]}
RESULT: {"script":"<script> [1562 bytes]","args":[{"selector":{"controlType":"sap.m.Text","viewName":"etm.portal.ui.managecatalogs.view.MasterCatalogs","viewId":"application-managecatalogs-display-component---masterCatalogs","bindingPath":{"path":"/Catalogs('0D7502D073D53A0F1700BE067B89AFF9')","propertyPath":"DESCRIPTION","modelName":"catalogModel"}},"wdio_ui5_key":"etmportal.ui.managecatalogs.view.MasterCatalogssap.m.Text{\"path\":\"/Catalogs('0D7502D073D53A0F1700BE067B89AFF9')\",\"propertyPath\":\"DESCRIPTION\",\"modelName\":\"catalogModel\"}"}]}
RESULT: undefined
COMMAND: POST /session/d5f272f198c3c1f43c195f4d238b9983/element - {"using":"xpath","value":"//*[@id=\"__text685-application-managecatalogs-display-component---masterCatalogs--CatalogsTable-11\"]"}
RESULT: {"using":"xpath","value":"//*[@id=\"__text685-application-managecatalogs-display-component---masterCatalogs--CatalogsTable-11\"]"}
COMMAND: POST /session/d5f272f198c3c1f43c195f4d238b9983/element/f.3CB17101AE25630290776882465A9E58.d.B00D30029C81C2D7E355E16922C35A01.e.9340/click - {}
RESULT: {}
RESULT: undefined
COMMAND: POST /session/d5f272f198c3c1f43c195f4d238b9983/execute/async - {"script":"<script> [776 bytes]","args":[{"enterText":"catalogItem21yfw","selector":{"id":"application-managecatalogs-display-component---masterCatalogItems--searchItemsField","interaction":{"idSuffix":"I"}},"clearTextFirst":true,"interactionType":"ENTER_TEXT"}]}
COMMAND: GET /session/d5f272f198c3c1f43c195f4d238b9983/screenshot - {}
RESULT: {"script":"<script> [776 bytes]","args":[{"enterText":"catalogItem21yfw","selector":{"id":"application-managecatalogs-display-component---masterCatalogItems--searchItemsField","interaction":{"idSuffix":"I"}},"clearTextFirst":true,"interactionType":"ENTER_TEXT"}]}
COMMAND: POST /session/d5f272f198c3c1f43c195f4d238b9983/actions - {"actions":[{"id":"action58","type":"key","parameters":{},"actions":[{"type":"keyDown","value":"î€‡"},{"type":"pause","duration":10},{"type":"keyUp","value":"î€‡"}]}]}
RESULT: {}
RESULT: {"actions":[{"id":"action58","type":"key","parameters":{},"actions":[{"type":"keyDown","value":"î€‡"},{"type":"pause","duration":10},{"type":"keyUp","value":"î€‡"}]}]}
COMMAND: POST /session/d5f272f198c3c1f43c195f4d238b9983/element - {"using":"xpath","value":"(//span[contains(text(), \"catalogItem21yfw\")])[1]"}
COMMAND: GET /session/d5f272f198c3c1f43c195f4d238b9983/screenshot - {}
RESULT: {"using":"xpath","value":"(//span[contains(text(), \"catalogItem21yfw\")])[1]"}
COMMAND: POST /session/d5f272f198c3c1f43c195f4d238b9983/element/f.3CB17101AE25630290776882465A9E58.d.B00D30029C81C2D7E355E16922C35A01.e.9378/click - {}
RESULT: {}
RESULT: {}
COMMAND: GET /session/d5f272f198c3c1f43c195f4d238b9983/screenshot - {}
RESULT: {}
COMMAND: POST /session/d5f272f198c3c1f43c195f4d238b9983/element - {"using":"xpath","value":"//*[contains(@id ,\"BDI-content\")][contains(text(), \"Edit\")]"}
RESULT: {"using":"xpath","value":"//*[contains(@id ,\"BDI-content\")][contains(text(), \"Edit\")]"}
COMMAND: POST /session/d5f272f198c3c1f43c195f4d238b9983/element/f.3CB17101AE25630290776882465A9E58.d.B00D30029C81C2D7E355E16922C35A01.e.9458/click - {}
RESULT: {}
COMMAND: GET /session/d5f272f198c3c1f43c195f4d238b9983/screenshot - {}
RESULT: {}
COMMAND: POST /session/d5f272f198c3c1f43c195f4d238b9983/element - {"using":"xpath","value":"//bdi[contains(text(), \"Assigned Resources\")]"}
RESULT: {"using":"xpath","value":"//bdi[contains(text(), \"Assigned Resources\")]"}
COMMAND: POST /session/d5f272f198c3c1f43c195f4d238b9983/element/f.3CB17101AE25630290776882465A9E58.d.B00D30029C81C2D7E355E16922C35A01.e.9481/click - {}
RESULT: {}
COMMAND: GET /session/d5f272f198c3c1f43c195f4d238b9983/screenshot - {}
RESULT: {}
COMMAND: POST /session/d5f272f198c3c1f43c195f4d238b9983/element - {"using":"xpath","value":"//button[contains(@data-kt ,\"catalogItemAssignRuButton\")]"}
RESULT: {"using":"xpath","value":"//button[contains(@data-kt ,\"catalogItemAssignRuButton\")]"}
COMMAND: POST /session/d5f272f198c3c1f43c195f4d238b9983/element/f.3CB17101AE25630290776882465A9E58.d.B00D30029C81C2D7E355E16922C35A01.e.9489/click - {}
RESULT: {}
COMMAND: GET /session/d5f272f198c3c1f43c195f4d238b9983/screenshot - {}
RESULT: {}
COMMAND: POST /session/d5f272f198c3c1f43c195f4d238b9983/actions - {"actions":[{"id":"action59","type":"key","parameters":{},"actions":[{"type":"keyDown","value":"î€‡"},{"type":"pause","duration":10},{"type":"keyUp","value":"î€‡"}]}]}
RESULT: {"actions":[{"id":"action59","type":"key","parameters":{},"actions":[{"type":"keyDown","value":"î€‡"},{"type":"pause","duration":10},{"type":"keyUp","value":"î€‡"}]}]}
COMMAND: GET /session/d5f272f198c3c1f43c195f4d238b9983/screenshot - {}
RESULT: {}
COMMAND: POST /session/d5f272f198c3c1f43c195f4d238b9983/execute/async - {"script":"<script> [1562 bytes]","args":[{"selector":{"id":"application-managecatalogs-display-component---detailCatalog--assignRUSearchField-vhi","searchOpenDialogs":true},"wdio_ui5_key":"applicationmanagecatalogs-display-component---detailCatalog--assignRUSearchField-vhi"}]}
RESULT: {"script":"<script> [1562 bytes]","args":[{"selector":{"id":"application-managecatalogs-display-component---detailCatalog--assignRUSearchField-vhi","searchOpenDialogs":true},"wdio_ui5_key":"applicationmanagecatalogs-display-component---detailCatalog--assignRUSearchField-vhi"}]}
RESULT: undefined
COMMAND: POST /session/d5f272f198c3c1f43c195f4d238b9983/element - {"using":"xpath","value":"//*[@id=\"application-managecatalogs-display-component---detailCatalog--assignRUSearchField-vhi\"]"}
RESULT: {"using":"xpath","value":"//*[@id=\"application-managecatalogs-display-component---detailCatalog--assignRUSearchField-vhi\"]"}
COMMAND: POST /session/d5f272f198c3c1f43c195f4d238b9983/element/f.3CB17101AE25630290776882465A9E58.d.B00D30029C81C2D7E355E16922C35A01.e.9505/click - {}
RESULT: {}
COMMAND: GET /session/d5f272f198c3c1f43c195f4d238b9983/screenshot - {}
RESULT: {}
COMMAND: POST /session/d5f272f198c3c1f43c195f4d238b9983/element - {"using":"xpath","value":"//input[contains(@id ,\"searchField-I\")]"}
RESULT: {"using":"xpath","value":"//input[contains(@id ,\"searchField-I\")]"}
COMMAND: POST /session/d5f272f198c3c1f43c195f4d238b9983/element/f.3CB17101AE25630290776882465A9E58.d.B00D30029C81C2D7E355E16922C35A01.e.9509/clear - {}
RESULT: {}
COMMAND: POST /session/d5f272f198c3c1f43c195f4d238b9983/element/f.3CB17101AE25630290776882465A9E58.d.B00D30029C81C2D7E355E16922C35A01.e.9509/value - {"text":"WebdriverRUR2Cgx3p4"}
COMMAND: GET /session/d5f272f198c3c1f43c195f4d238b9983/screenshot - {}
RESULT: {"text":"WebdriverRUR2Cgx3p4"}
COMMAND: GET /session/d5f272f198c3c1f43c195f4d238b9983/screenshot - {}
RESULT: {}
RESULT: {}
COMMAND: POST /session/d5f272f198c3c1f43c195f4d238b9983/actions - {"actions":[{"id":"action60","type":"key","parameters":{},"actions":[{"type":"keyDown","value":"î€‡"},{"type":"pause","duration":10},{"type":"keyUp","value":"î€‡"}]}]}
RESULT: {"actions":[{"id":"action60","type":"key","parameters":{},"actions":[{"type":"keyDown","value":"î€‡"},{"type":"pause","duration":10},{"type":"keyUp","value":"î€‡"}]}]}
COMMAND: GET /session/d5f272f198c3c1f43c195f4d238b9983/screenshot - {}
RESULT: {}
COMMAND: POST /session/d5f272f198c3c1f43c195f4d238b9983/actions - {"actions":[{"id":"action61","type":"key","parameters":{},"actions":[{"type":"keyDown","value":"î€„"},{"type":"pause","duration":10},{"type":"keyUp","value":"î€„"}]}]}
RESULT: {"actions":[{"id":"action61","type":"key","parameters":{},"actions":[{"type":"keyDown","value":"î€„"},{"type":"pause","duration":10},{"type":"keyUp","value":"î€„"}]}]}
COMMAND: GET /session/d5f272f198c3c1f43c195f4d238b9983/screenshot - {}
RESULT: {}
COMMAND: POST /session/d5f272f198c3c1f43c195f4d238b9983/actions - {"actions":[{"id":"action62","type":"key","parameters":{},"actions":[{"type":"keyDown","value":"î€‡"},{"type":"pause","duration":10},{"type":"keyUp","value":"î€‡"}]}]}
RESULT: {"actions":[{"id":"action62","type":"key","parameters":{},"actions":[{"type":"keyDown","value":"î€‡"},{"type":"pause","duration":10},{"type":"keyUp","value":"î€‡"}]}]}
COMMAND: GET /session/d5f272f198c3c1f43c195f4d238b9983/screenshot - {}
RESULT: {}
COMMAND: POST /session/d5f272f198c3c1f43c195f4d238b9983/element - {"using":"xpath","value":"//bdi[contains(@id ,\"application-managecatalogs-display-component---detailCatalog--RUAssignmentSaveButton-BDI-content\")]"}
RESULT: {"using":"xpath","value":"//bdi[contains(@id ,\"application-managecatalogs-display-component---detailCatalog--RUAssignmentSaveButton-BDI-content\")]"}
COMMAND: POST /session/d5f272f198c3c1f43c195f4d238b9983/element/f.3CB17101AE25630290776882465A9E58.d.B00D30029C81C2D7E355E16922C35A01.e.9538/click - {}
RESULT: {}
COMMAND: GET /session/d5f272f198c3c1f43c195f4d238b9983/screenshot - {}
RESULT: {}
COMMAND: POST /session/d5f272f198c3c1f43c195f4d238b9983/element - {"using":"xpath","value":"//bdi[contains(text(), \"Save\")]"}
RESULT: {"using":"xpath","value":"//bdi[contains(text(), \"Save\")]"}
COMMAND: POST /session/d5f272f198c3c1f43c195f4d238b9983/element/f.3CB17101AE25630290776882465A9E58.d.B00D30029C81C2D7E355E16922C35A01.e.9562/click - {}
RESULT: {}
COMMAND: GET /session/d5f272f198c3c1f43c195f4d238b9983/screenshot - {}
RESULT: {}
COMMAND: POST /session/d5f272f198c3c1f43c195f4d238b9983/element - {"using":"css selector","value":"#shell-header-logo"}
RESULT: {"using":"css selector","value":"#shell-header-logo"}
COMMAND: POST /session/d5f272f198c3c1f43c195f4d238b9983/element/f.3CB17101AE25630290776882465A9E58.d.B00D30029C81C2D7E355E16922C35A01.e.9273/click - {}
RESULT: {}
COMMAND: GET /session/d5f272f198c3c1f43c195f4d238b9983/screenshot - {}
RESULT: {}
COMMAND: POST /session/d5f272f198c3c1f43c195f4d238b9983/refresh - {}
RESULT: {}
COMMAND: GET /session/d5f272f198c3c1f43c195f4d238b9983/screenshot - {}
RESULT: {}
COMMAND: POST /session/d5f272f198c3c1f43c195f4d238b9983/execute/async - {"script":"<script> [189 bytes]","args":[]}
RESULT: {"script":"<script> [189 bytes]","args":[]}
COMMAND: POST /session/d5f272f198c3c1f43c195f4d238b9983/execute/async - {"script":"<script> [123 bytes]","args":[]}
RESULT: {"script":"<script> [123 bytes]","args":[]}
COMMAND: POST /session/d5f272f198c3c1f43c195f4d238b9983/timeouts - {"script":"<number>"}
RESULT: {"script":"<number>"}
COMMAND: GET /session/d5f272f198c3c1f43c195f4d238b9983/timeouts - {}
RESULT: {}
RESULT: undefined
COMMAND: POST /session/d5f272f198c3c1f43c195f4d238b9983/execute/async - {"script":"<script> [2676 bytes]","args":[]}
RESULT: {"script":"<script> [2676 bytes]","args":[]}
COMMAND: POST /session/d5f272f198c3c1f43c195f4d238b9983/execute/async - {"script":"<script> [2342 bytes]","args":[{"protocol":"http","hostname":"0.0.0.0","path":"/","capabilities":{"browserName":"chrome","goog:chromeOptions":{"binary":"C:\\Program Files\\Google\\Chrome\\Application\\chrome.exe","args":["--start-maximized"]}},"logLevel":"warn","connectionRetryTimeout":120000,"connectionRetryCount":3,"logLevels":{},"enableDirectConnect":true,"strictSSL":true,"_":"65 more keys: [\"cacheDir\",\"port\",\"requestedCapabilities\",\"automationProtocol\",\"baseUrl\",\"waitforInterval\",\"waitforTimeout\",\"onReload\",\"beforeCommand\",\"afterCommand\",\"rootDir\",\"specs\",\"suites\",\"exclude\",\"groupLogsByTestSpec\",\"excludeDriverLogs\",\"bail\",\"framework\",\"reporters\",\"services\",\"maxInstances\",\"maxInstancesPerCapability\",\"injectGlobals\",\"filesToWatch\",\"execArgv\",\"runnerEnv\",\"runner\",\"shard\",\"specFileRetries\",\"specFileRetriesDelay\",\"specFileRetriesDeferred\",\"reporterSyncInterval\",\"reporterSyncTimeout\",\"cucumberFeaturesWithLineNumbers\",\"autoCompileOpts\",\"mochaOpts\",\"jasmineOpts\",\"cucumberOpts\",\"onPrepare\",\"onWorkerStart\",\"onWorkerEnd\",\"before\",\"beforeSession\",\"beforeSuite\",\"beforeHook\",\"beforeTest\",\"afterTest\",\"afterHook\",\"afterSuite\",\"afterSession\",\"after\",\"onComplete\",\"beforeAssertion\",\"afterAssertion\",\"beforeFeature\",\"beforeScenario\",\"beforeStep\",\"afterStep\",\"afterScenario\",\"afterFeature\",\"_\",\"suite\",\"$0\",\"ignoredWorkerServices\",\"wdi5\"]"}]}
RESULT: {"script":"<script> [2342 bytes]","args":[{"protocol":"http","hostname":"0.0.0.0","path":"/","capabilities":{"browserName":"chrome","goog:chromeOptions":{"binary":"C:\\Program Files\\Google\\Chrome\\Application\\chrome.exe","args":["--start-maximized"]}},"logLevel":"warn","connectionRetryTimeout":120000,"connectionRetryCount":3,"logLevels":{},"enableDirectConnect":true,"strictSSL":true,"_":"65 more keys: [\"cacheDir\",\"port\",\"requestedCapabilities\",\"automationProtocol\",\"baseUrl\",\"waitforInterval\",\"waitforTimeout\",\"onReload\",\"beforeCommand\",\"afterCommand\",\"rootDir\",\"specs\",\"suites\",\"exclude\",\"groupLogsByTestSpec\",\"excludeDriverLogs\",\"bail\",\"framework\",\"reporters\",\"services\",\"maxInstances\",\"maxInstancesPerCapability\",\"injectGlobals\",\"filesToWatch\",\"execArgv\",\"runnerEnv\",\"runner\",\"shard\",\"specFileRetries\",\"specFileRetriesDelay\",\"specFileRetriesDeferred\",\"reporterSyncInterval\",\"reporterSyncTimeout\",\"cucumberFeaturesWithLineNumbers\",\"autoCompileOpts\",\"mochaOpts\",\"jasmineOpts\",\"cucumberOpts\",\"onPrepare\",\"onWorkerStart\",\"onWorkerEnd\",\"before\",\"beforeSession\",\"beforeSuite\",\"beforeHook\",\"beforeTest\",\"afterTest\",\"afterHook\",\"afterSuite\",\"afterSession\",\"after\",\"onComplete\",\"beforeAssertion\",\"afterAssertion\",\"beforeFeature\",\"beforeScenario\",\"beforeStep\",\"afterStep\",\"afterScenario\",\"afterFeature\",\"_\",\"suite\",\"$0\",\"ignoredWorkerServices\",\"wdi5\"]"}]}
COMMAND: POST /session/d5f272f198c3c1f43c195f4d238b9983/execute/async - {"script":"<script> [21126 bytes]","args":[35000]}
RESULT: {"script":"<script> [21126 bytes]","args":[35000]}
]]></system-out>
    </testcase>
    <testcase classname="chrome.135_0_7049_96.windows.Reserve/Unreserve_request_item_via_reserve_option_US139161" name="Should create a new request with a catalog item that can be planned" time="154.707">
      <system-out><![CDATA[
COMMAND: POST /session/d5f272f198c3c1f43c195f4d238b9983/element - {"using":"xpath","value":"//*[contains(@href, 'etm.portal.ui.managerequests')]"}
RESULT: {"using":"xpath","value":"//*[contains(@href, 'etm.portal.ui.managerequests')]"}
COMMAND: POST /session/d5f272f198c3c1f43c195f4d238b9983/element/f.3CB17101AE25630290776882465A9E58.d.0B9F1542DA156FAE12A803C098369E2E.e.9604/click - {}
RESULT: {}
COMMAND: GET /session/d5f272f198c3c1f43c195f4d238b9983/screenshot - {}
RESULT: {}
COMMAND: POST /session/d5f272f198c3c1f43c195f4d238b9983/element - {"using":"xpath","value":"//button[contains(@data-kt ,\"btnCreateNewOverflowToolbarButton\")]"}
COMMAND: POST /session/d5f272f198c3c1f43c195f4d238b9983/element - {"using":"xpath","value":"(//span[contains(@class ,\"sapMObjStatusText\")])[1]"}
RESULT: {"using":"xpath","value":"//button[contains(@data-kt ,\"btnCreateNewOverflowToolbarButton\")]"}
COMMAND: POST /session/d5f272f198c3c1f43c195f4d238b9983/element/f.3CB17101AE25630290776882465A9E58.d.0B9F1542DA156FAE12A803C098369E2E.e.9661/click - {}
RESULT: {"using":"xpath","value":"(//span[contains(@class ,\"sapMObjStatusText\")])[1]"}
COMMAND: POST /session/d5f272f198c3c1f43c195f4d238b9983/execute/sync - {"script":"<script> [8489 bytes]","args":[{"element-6066-11e4-a52e-4f735466cecf":"f.3CB17101AE25630290776882465A9E58.d.0B9F1542DA156FAE12A803C098369E2E.e.9699","ELEMENT":"f.3CB17101AE25630290776882465A9E58.d.0B9F1542DA156FAE12A803C098369E2E.e.9699"}]}
RESULT: {}
RESULT: {"script":"<script> [8489 bytes]","args":[{"element-6066-11e4-a52e-4f735466cecf":"f.3CB17101AE25630290776882465A9E58.d.0B9F1542DA156FAE12A803C098369E2E.e.9699","ELEMENT":"f.3CB17101AE25630290776882465A9E58.d.0B9F1542DA156FAE12A803C098369E2E.e.9699"}]}
COMMAND: GET /session/d5f272f198c3c1f43c195f4d238b9983/screenshot - {}
COMMAND: GET /session/d5f272f198c3c1f43c195f4d238b9983/screenshot - {}
RESULT: {}
RESULT: {}
COMMAND: POST /session/d5f272f198c3c1f43c195f4d238b9983/element - {"using":"xpath","value":"//input[contains(@id ,\"yardId-inner\")]"}
RESULT: {"using":"xpath","value":"//input[contains(@id ,\"yardId-inner\")]"}
COMMAND: POST /session/d5f272f198c3c1f43c195f4d238b9983/execute/sync - {"script":"<script> [8489 bytes]","args":[{"element-6066-11e4-a52e-4f735466cecf":"f.3CB17101AE25630290776882465A9E58.d.0B9F1542DA156FAE12A803C098369E2E.e.9895","ELEMENT":"f.3CB17101AE25630290776882465A9E58.d.0B9F1542DA156FAE12A803C098369E2E.e.9895"}]}
RESULT: {"script":"<script> [8489 bytes]","args":[{"element-6066-11e4-a52e-4f735466cecf":"f.3CB17101AE25630290776882465A9E58.d.0B9F1542DA156FAE12A803C098369E2E.e.9895","ELEMENT":"f.3CB17101AE25630290776882465A9E58.d.0B9F1542DA156FAE12A803C098369E2E.e.9895"}]}
COMMAND: POST /session/d5f272f198c3c1f43c195f4d238b9983/element - {"using":"xpath","value":"//input[contains(@id ,\"yardId-inner\")]"}
COMMAND: GET /session/d5f272f198c3c1f43c195f4d238b9983/screenshot - {}
RESULT: {"using":"xpath","value":"//input[contains(@id ,\"yardId-inner\")]"}
COMMAND: GET /session/d5f272f198c3c1f43c195f4d238b9983/element/f.3CB17101AE25630290776882465A9E58.d.0B9F1542DA156FAE12A803C098369E2E.e.9895/enabled - {}
RESULT: {}
RESULT: {}
COMMAND: POST /session/d5f272f198c3c1f43c195f4d238b9983/element/f.3CB17101AE25630290776882465A9E58.d.0B9F1542DA156FAE12A803C098369E2E.e.9895/clear - {}
COMMAND: GET /session/d5f272f198c3c1f43c195f4d238b9983/screenshot - {}
RESULT: {}
COMMAND: POST /session/d5f272f198c3c1f43c195f4d238b9983/element/f.3CB17101AE25630290776882465A9E58.d.0B9F1542DA156FAE12A803C098369E2E.e.9895/value - {"text":"WebdriverYardrjtc1"}
COMMAND: GET /session/d5f272f198c3c1f43c195f4d238b9983/screenshot - {}
RESULT: {}
RESULT: {"text":"WebdriverYardrjtc1"}
COMMAND: GET /session/d5f272f198c3c1f43c195f4d238b9983/screenshot - {}
RESULT: {}
RESULT: {}
COMMAND: POST /session/d5f272f198c3c1f43c195f4d238b9983/element - {"using":"xpath","value":"//input[contains(@id ,\"customerNumber-inner\")]"}
RESULT: {"using":"xpath","value":"//input[contains(@id ,\"customerNumber-inner\")]"}
COMMAND: POST /session/d5f272f198c3c1f43c195f4d238b9983/element/f.3CB17101AE25630290776882465A9E58.d.0B9F1542DA156FAE12A803C098369E2E.e.9889/value - {"text":"WebdriverPartner8ybrk"}
COMMAND: POST /session/d5f272f198c3c1f43c195f4d238b9983/actions - {"actions":[{"id":"action63","type":"key","parameters":{},"actions":[{"type":"keyDown","value":"î€‡"},{"type":"pause","duration":10},{"type":"keyUp","value":"î€‡"}]}]}
RESULT: {"text":"WebdriverPartner8ybrk"}
COMMAND: GET /session/d5f272f198c3c1f43c195f4d238b9983/screenshot - {}
RESULT: {"actions":[{"id":"action63","type":"key","parameters":{},"actions":[{"type":"keyDown","value":"î€‡"},{"type":"pause","duration":10},{"type":"keyUp","value":"î€‡"}]}]}
COMMAND: GET /session/d5f272f198c3c1f43c195f4d238b9983/screenshot - {}
RESULT: {}
RESULT: {}
COMMAND: POST /session/d5f272f198c3c1f43c195f4d238b9983/actions - {"actions":[{"id":"action64","type":"key","parameters":{},"actions":[{"type":"keyDown","value":"î€‡"},{"type":"pause","duration":10},{"type":"keyUp","value":"î€‡"}]}]}
RESULT: {"actions":[{"id":"action64","type":"key","parameters":{},"actions":[{"type":"keyDown","value":"î€‡"},{"type":"pause","duration":10},{"type":"keyUp","value":"î€‡"}]}]}
COMMAND: GET /session/d5f272f198c3c1f43c195f4d238b9983/screenshot - {}
RESULT: {}
COMMAND: GET /session/d5f272f198c3c1f43c195f4d238b9983/element/f.3CB17101AE25630290776882465A9E58.d.0B9F1542DA156FAE12A803C098369E2E.e.9889/property/value - {}
RESULT: {}
COMMAND: GET /session/d5f272f198c3c1f43c195f4d238b9983/screenshot - {}
RESULT: {}
COMMAND: POST /session/d5f272f198c3c1f43c195f4d238b9983/element - {"using":"xpath","value":"//input[contains(@id ,\"requestSiteId-inner\")]"}
RESULT: {"using":"xpath","value":"//input[contains(@id ,\"requestSiteId-inner\")]"}
COMMAND: POST /session/d5f272f198c3c1f43c195f4d238b9983/element/f.3CB17101AE25630290776882465A9E58.d.0B9F1542DA156FAE12A803C098369E2E.e.9888/value - {"text":"WebdriverSite4o8us"}
RESULT: {"text":"WebdriverSite4o8us"}
COMMAND: GET /session/d5f272f198c3c1f43c195f4d238b9983/screenshot - {}
RESULT: {}
COMMAND: POST /session/d5f272f198c3c1f43c195f4d238b9983/actions - {"actions":[{"id":"action65","type":"key","parameters":{},"actions":[{"type":"keyDown","value":"î€‡"},{"type":"pause","duration":10},{"type":"keyUp","value":"î€‡"}]}]}
RESULT: {"actions":[{"id":"action65","type":"key","parameters":{},"actions":[{"type":"keyDown","value":"î€‡"},{"type":"pause","duration":10},{"type":"keyUp","value":"î€‡"}]}]}
COMMAND: GET /session/d5f272f198c3c1f43c195f4d238b9983/screenshot - {}
RESULT: {}
COMMAND: POST /session/d5f272f198c3c1f43c195f4d238b9983/element - {"using":"xpath","value":"//button[contains(@data-kt ,\"requestItemAddOverflowToolbarButton\")]"}
RESULT: {"using":"xpath","value":"//button[contains(@data-kt ,\"requestItemAddOverflowToolbarButton\")]"}
COMMAND: POST /session/d5f272f198c3c1f43c195f4d238b9983/element/f.3CB17101AE25630290776882465A9E58.d.0B9F1542DA156FAE12A803C098369E2E.e.9867/click - {}
RESULT: {}
COMMAND: GET /session/d5f272f198c3c1f43c195f4d238b9983/screenshot - {}
RESULT: {}
COMMAND: POST /session/d5f272f198c3c1f43c195f4d238b9983/actions - {"actions":[{"id":"action66","type":"key","parameters":{},"actions":[{"type":"keyDown","value":"î€•"},{"type":"pause","duration":10},{"type":"keyUp","value":"î€•"}]}]}
RESULT: {"actions":[{"id":"action66","type":"key","parameters":{},"actions":[{"type":"keyDown","value":"î€•"},{"type":"pause","duration":10},{"type":"keyUp","value":"î€•"}]}]}
COMMAND: POST /session/d5f272f198c3c1f43c195f4d238b9983/actions - {"actions":[{"id":"action67","type":"key","parameters":{},"actions":[{"type":"keyDown","value":"î€‡"},{"type":"pause","duration":10},{"type":"keyUp","value":"î€‡"}]}]}
COMMAND: GET /session/d5f272f198c3c1f43c195f4d238b9983/screenshot - {}
RESULT: {"actions":[{"id":"action67","type":"key","parameters":{},"actions":[{"type":"keyDown","value":"î€‡"},{"type":"pause","duration":10},{"type":"keyUp","value":"î€‡"}]}]}
COMMAND: POST /session/d5f272f198c3c1f43c195f4d238b9983/element - {"using":"xpath","value":"(//input[contains(@id ,\"requestItemsTable-0-inner\")])[1]"}
COMMAND: GET /session/d5f272f198c3c1f43c195f4d238b9983/screenshot - {}
RESULT: {}
RESULT: {"using":"xpath","value":"(//input[contains(@id ,\"requestItemsTable-0-inner\")])[1]"}
COMMAND: POST /session/d5f272f198c3c1f43c195f4d238b9983/element/f.3CB17101AE25630290776882465A9E58.d.0B9F1542DA156FAE12A803C098369E2E.e.10078/clear - {}
RESULT: {}
RESULT: {}
COMMAND: POST /session/d5f272f198c3c1f43c195f4d238b9983/element/f.3CB17101AE25630290776882465A9E58.d.0B9F1542DA156FAE12A803C098369E2E.e.10078/value - {"text":"catalogItem21yfw"}
COMMAND: GET /session/d5f272f198c3c1f43c195f4d238b9983/screenshot - {}
RESULT: {"text":"catalogItem21yfw"}
COMMAND: GET /session/d5f272f198c3c1f43c195f4d238b9983/screenshot - {}
RESULT: {}
RESULT: {}
COMMAND: POST /session/d5f272f198c3c1f43c195f4d238b9983/actions - {"actions":[{"id":"action68","type":"key","parameters":{},"actions":[{"type":"keyDown","value":"î€‡"},{"type":"pause","duration":10},{"type":"keyUp","value":"î€‡"}]}]}
RESULT: {"actions":[{"id":"action68","type":"key","parameters":{},"actions":[{"type":"keyDown","value":"î€‡"},{"type":"pause","duration":10},{"type":"keyUp","value":"î€‡"}]}]}
COMMAND: GET /session/d5f272f198c3c1f43c195f4d238b9983/screenshot - {}
RESULT: {}
COMMAND: POST /session/d5f272f198c3c1f43c195f4d238b9983/execute/async - {"script":"<script> [1562 bytes]","args":[{"selector":{"controlType":"sap.ui.core.Icon","viewName":"etm.portal.ui.managerequests.view.NewRequest","properties":{"src":{"regex":{"source":"slim\\-arrow\\-down"}}},"ancestor":{"controlType":"sap.m.Button","viewName":"etm.portal.ui.managerequests.view.NewRequest","properties":{"icon":"sap-icon://slim-arrow-down"}}},"wdio_ui5_key":"etmportal.ui.managerequests.view.NewRequestsap.ui.core.Icon{\"src\":{\"regex\":{\"source\":\"slim\\\\-arrow\\\\-down\"}}}{\"controlType\":\"sap.m.Button\",\"viewName\":\"etm.portal.ui.managerequests.view.NewRequest\",\"properties\":{\"icon\":\"sap-icon://slim-arrow-down\"}}"}]}
RESULT: {"script":"<script> [1562 bytes]","args":[{"selector":{"controlType":"sap.ui.core.Icon","viewName":"etm.portal.ui.managerequests.view.NewRequest","properties":{"src":{"regex":{"source":"slim\\-arrow\\-down"}}},"ancestor":{"controlType":"sap.m.Button","viewName":"etm.portal.ui.managerequests.view.NewRequest","properties":{"icon":"sap-icon://slim-arrow-down"}}},"wdio_ui5_key":"etmportal.ui.managerequests.view.NewRequestsap.ui.core.Icon{\"src\":{\"regex\":{\"source\":\"slim\\\\-arrow\\\\-down\"}}}{\"controlType\":\"sap.m.Button\",\"viewName\":\"etm.portal.ui.managerequests.view.NewRequest\",\"properties\":{\"icon\":\"sap-icon://slim-arrow-down\"}}"}]}
RESULT: undefined
COMMAND: POST /session/d5f272f198c3c1f43c195f4d238b9983/element - {"using":"xpath","value":"//div[contains(@data-kt ,\"splitAllocationObjectStatus\")]"}
RESULT: {"using":"xpath","value":"//div[contains(@data-kt ,\"splitAllocationObjectStatus\")]"}
COMMAND: POST /session/d5f272f198c3c1f43c195f4d238b9983/elements - {"using":"xpath","value":"//div[contains(@data-kt ,\"splitAllocationObjectStatus\")]"}
RESULT: {"using":"xpath","value":"//div[contains(@data-kt ,\"splitAllocationObjectStatus\")]"}
COMMAND: POST /session/d5f272f198c3c1f43c195f4d238b9983/execute/async - {"script":"<script> [1562 bytes]","args":[{"selector":{"controlType":"sap.ui.core.Icon","viewName":"etm.portal.ui.managerequests.view.NewRequest","properties":{"src":{"regex":{"source":"message\\-error"}}}},"wdio_ui5_key":"etmportal.ui.managerequests.view.NewRequestsap.ui.core.Icon{\"src\":{\"regex\":{\"source\":\"message\\\\-error\"}}}"}]}
RESULT: {"script":"<script> [1562 bytes]","args":[{"selector":{"controlType":"sap.ui.core.Icon","viewName":"etm.portal.ui.managerequests.view.NewRequest","properties":{"src":{"regex":{"source":"message\\-error"}}}},"wdio_ui5_key":"etmportal.ui.managerequests.view.NewRequestsap.ui.core.Icon{\"src\":{\"regex\":{\"source\":\"message\\\\-error\"}}}"}]}
RESULT: undefined
COMMAND: POST /session/d5f272f198c3c1f43c195f4d238b9983/element - {"using":"xpath","value":"//*[@id=\"__status4-__xmlview59--requestItemsTable-0-icon\"]"}
RESULT: {"using":"xpath","value":"//*[@id=\"__status4-__xmlview59--requestItemsTable-0-icon\"]"}
COMMAND: POST /session/d5f272f198c3c1f43c195f4d238b9983/element/f.3CB17101AE25630290776882465A9E58.d.0B9F1542DA156FAE12A803C098369E2E.e.10093/click - {}
RESULT: {}
COMMAND: POST /session/d5f272f198c3c1f43c195f4d238b9983/execute/async - {"script":"<script> [1562 bytes]","args":[{"selector":{"controlType":"sap.ui.core.Icon","viewName":"etm.portal.ui.managerequests.view.NewRequest","properties":{"src":{"regex":{"source":"slim\\-arrow\\-down"}}},"searchOpenDialogs":true,"ancestor":{"id":"costObjectAdminTypeComboBox","viewName":"etm.portal.ui.managerequests.view.NewRequest","searchOpenDialogs":true}},"wdio_ui5_key":"etmportal.ui.managerequests.view.NewRequestsap.ui.core.Icon{\"src\":{\"regex\":{\"source\":\"slim\\\\-arrow\\\\-down\"}}}{\"id\":\"costObjectAdminTypeComboBox\",\"viewName\":\"etm.portal.ui.managerequests.view.NewRequest\",\"searchOpenDialogs\":true}"}]}
COMMAND: GET /session/d5f272f198c3c1f43c195f4d238b9983/screenshot - {}
RESULT: {"script":"<script> [1562 bytes]","args":[{"selector":{"controlType":"sap.ui.core.Icon","viewName":"etm.portal.ui.managerequests.view.NewRequest","properties":{"src":{"regex":{"source":"slim\\-arrow\\-down"}}},"searchOpenDialogs":true,"ancestor":{"id":"costObjectAdminTypeComboBox","viewName":"etm.portal.ui.managerequests.view.NewRequest","searchOpenDialogs":true}},"wdio_ui5_key":"etmportal.ui.managerequests.view.NewRequestsap.ui.core.Icon{\"src\":{\"regex\":{\"source\":\"slim\\\\-arrow\\\\-down\"}}}{\"id\":\"costObjectAdminTypeComboBox\",\"viewName\":\"etm.portal.ui.managerequests.view.NewRequest\",\"searchOpenDialogs\":true}"}]}
RESULT: undefined
COMMAND: POST /session/d5f272f198c3c1f43c195f4d238b9983/element - {"using":"xpath","value":"//*[@id=\"__xmlview59--costObjectAdminTypeComboBox-arrow\"]"}
RESULT: {}
RESULT: {"using":"xpath","value":"//*[@id=\"__xmlview59--costObjectAdminTypeComboBox-arrow\"]"}
COMMAND: POST /session/d5f272f198c3c1f43c195f4d238b9983/element/f.3CB17101AE25630290776882465A9E58.d.0B9F1542DA156FAE12A803C098369E2E.e.10098/click - {}
RESULT: {}
COMMAND: POST /session/d5f272f198c3c1f43c195f4d238b9983/execute/async - {"script":"<script> [1562 bytes]","args":[{"selector":{"controlType":"sap.m.StandardListItem","viewName":"etm.portal.ui.managerequests.view.NewRequest","properties":{"title":"Cost Center"},"searchOpenDialogs":true,"interaction":{"idSuffix":"titleText"}},"wdio_ui5_key":"etmportal.ui.managerequests.view.NewRequestsap.m.StandardListItem{\"title\":\"Cost Center\"}"}]}
COMMAND: GET /session/d5f272f198c3c1f43c195f4d238b9983/screenshot - {}
RESULT: {"script":"<script> [1562 bytes]","args":[{"selector":{"controlType":"sap.m.StandardListItem","viewName":"etm.portal.ui.managerequests.view.NewRequest","properties":{"title":"Cost Center"},"searchOpenDialogs":true,"interaction":{"idSuffix":"titleText"}},"wdio_ui5_key":"etmportal.ui.managerequests.view.NewRequestsap.m.StandardListItem{\"title\":\"Cost Center\"}"}]}
RESULT: undefined
COMMAND: POST /session/d5f272f198c3c1f43c195f4d238b9983/element - {"using":"xpath","value":"//*[@id=\"__item1055\"]"}
RESULT: {}
RESULT: {"using":"xpath","value":"//*[@id=\"__item1055\"]"}
COMMAND: POST /session/d5f272f198c3c1f43c195f4d238b9983/element/f.3CB17101AE25630290776882465A9E58.d.0B9F1542DA156FAE12A803C098369E2E.e.10101/click - {}
RESULT: {}
COMMAND: GET /session/d5f272f198c3c1f43c195f4d238b9983/screenshot - {}
RESULT: {}
COMMAND: POST /session/d5f272f198c3c1f43c195f4d238b9983/execute/async - {"script":"<script> [1562 bytes]","args":[{"selector":{"controlType":"sap.ui.core.Icon","viewName":"etm.portal.ui.managerequests.view.NewRequest","properties":{"src":{"regex":{"source":"value\\-help"}}},"searchOpenDialogs":true},"wdio_ui5_key":"etmportal.ui.managerequests.view.NewRequestsap.ui.core.Icon{\"src\":{\"regex\":{\"source\":\"value\\\\-help\"}}}"}]}
RESULT: {"script":"<script> [1562 bytes]","args":[{"selector":{"controlType":"sap.ui.core.Icon","viewName":"etm.portal.ui.managerequests.view.NewRequest","properties":{"src":{"regex":{"source":"value\\-help"}}},"searchOpenDialogs":true},"wdio_ui5_key":"etmportal.ui.managerequests.view.NewRequestsap.ui.core.Icon{\"src\":{\"regex\":{\"source\":\"value\\\\-help\"}}}"}]}
RESULT: undefined
COMMAND: POST /session/d5f272f198c3c1f43c195f4d238b9983/element - {"using":"xpath","value":"//*[@id=\"__xmlview59--costObjectIdComboBox-vhi\"]"}
RESULT: {"using":"xpath","value":"//*[@id=\"__xmlview59--costObjectIdComboBox-vhi\"]"}
COMMAND: POST /session/d5f272f198c3c1f43c195f4d238b9983/element/f.3CB17101AE25630290776882465A9E58.d.0B9F1542DA156FAE12A803C098369E2E.e.10109/click - {}
RESULT: {}
COMMAND: POST /session/d5f272f198c3c1f43c195f4d238b9983/execute/async - {"script":"<script> [1562 bytes]","args":[{"selector":{"controlType":"sap.m.SearchField","properties":{"placeholder":"Search"},"searchOpenDialogs":true,"interaction":{"idSuffix":"I"}},"wdio_ui5_key":"sapm.SearchField{\"placeholder\":\"Search\"}"}]}
COMMAND: GET /session/d5f272f198c3c1f43c195f4d238b9983/screenshot - {}
RESULT: {"script":"<script> [1562 bytes]","args":[{"selector":{"controlType":"sap.m.SearchField","properties":{"placeholder":"Search"},"searchOpenDialogs":true,"interaction":{"idSuffix":"I"}},"wdio_ui5_key":"sapm.SearchField{\"placeholder\":\"Search\"}"}]}
RESULT: undefined
COMMAND: POST /session/d5f272f198c3c1f43c195f4d238b9983/execute/async - {"script":"<script> [776 bytes]","args":[{"enterText":"10001010","selector":{"controlType":"sap.m.SearchField","properties":{"placeholder":"Search"},"searchOpenDialogs":true,"interaction":{"idSuffix":"I"}},"clearTextFirst":true,"interactionType":"ENTER_TEXT"}]}
RESULT: {}
RESULT: {"script":"<script> [776 bytes]","args":[{"enterText":"10001010","selector":{"controlType":"sap.m.SearchField","properties":{"placeholder":"Search"},"searchOpenDialogs":true,"interaction":{"idSuffix":"I"}},"clearTextFirst":true,"interactionType":"ENTER_TEXT"}]}
COMMAND: POST /session/d5f272f198c3c1f43c195f4d238b9983/actions - {"actions":[{"id":"action69","type":"key","parameters":{},"actions":[{"type":"keyDown","value":"î€‡"},{"type":"pause","duration":10},{"type":"keyUp","value":"î€‡"}]}]}
RESULT: {"actions":[{"id":"action69","type":"key","parameters":{},"actions":[{"type":"keyDown","value":"î€‡"},{"type":"pause","duration":10},{"type":"keyUp","value":"î€‡"}]}]}
COMMAND: GET /session/d5f272f198c3c1f43c195f4d238b9983/screenshot - {}
RESULT: {}
COMMAND: POST /session/d5f272f198c3c1f43c195f4d238b9983/execute/async - {"script":"<script> [1562 bytes]","args":[{"selector":{"controlType":"sap.m.Text","bindingPath":{"path":"/C_CostCtrValueHelp(CostCenter='10001010',ControllingArea='Z001')","propertyPath":"CostCenterName","modelName":"CostCenterModel"},"searchOpenDialogs":true},"wdio_ui5_key":"sapm.Text{\"path\":\"/C_CostCtrValueHelp(CostCenter='10001010',ControllingArea='Z001')\",\"propertyPath\":\"CostCenterName\",\"modelName\":\"CostCenterModel\"}"}]}
RESULT: {"script":"<script> [1562 bytes]","args":[{"selector":{"controlType":"sap.m.Text","bindingPath":{"path":"/C_CostCtrValueHelp(CostCenter='10001010',ControllingArea='Z001')","propertyPath":"CostCenterName","modelName":"CostCenterModel"},"searchOpenDialogs":true},"wdio_ui5_key":"sapm.Text{\"path\":\"/C_CostCtrValueHelp(CostCenter='10001010',ControllingArea='Z001')\",\"propertyPath\":\"CostCenterName\",\"modelName\":\"CostCenterModel\"}"}]}
RESULT: undefined
COMMAND: POST /session/d5f272f198c3c1f43c195f4d238b9983/element - {"using":"xpath","value":"//*[@id=\"__text291-__clone1192\"]"}
RESULT: {"using":"xpath","value":"//*[@id=\"__text291-__clone1192\"]"}
COMMAND: POST /session/d5f272f198c3c1f43c195f4d238b9983/element/f.3CB17101AE25630290776882465A9E58.d.0B9F1542DA156FAE12A803C098369E2E.e.10149/click - {}
RESULT: {}
COMMAND: POST /session/d5f272f198c3c1f43c195f4d238b9983/execute/async - {"script":"<script> [1562 bytes]","args":[{"selector":{"controlType":"sap.m.Button","properties":{"text":"OK"},"searchOpenDialogs":true,"interaction":{"idSuffix":"BDI-content"}},"wdio_ui5_key":"sapm.Button{\"text\":\"OK\"}"}]}
COMMAND: GET /session/d5f272f198c3c1f43c195f4d238b9983/screenshot - {}
RESULT: {"script":"<script> [1562 bytes]","args":[{"selector":{"controlType":"sap.m.Button","properties":{"text":"OK"},"searchOpenDialogs":true,"interaction":{"idSuffix":"BDI-content"}},"wdio_ui5_key":"sapm.Button{\"text\":\"OK\"}"}]}
RESULT: undefined
COMMAND: POST /session/d5f272f198c3c1f43c195f4d238b9983/element - {"using":"xpath","value":"//*[@id=\"__dialog1-ok\"]"}
RESULT: {}
RESULT: {"using":"xpath","value":"//*[@id=\"__dialog1-ok\"]"}
COMMAND: POST /session/d5f272f198c3c1f43c195f4d238b9983/element/f.3CB17101AE25630290776882465A9E58.d.0B9F1542DA156FAE12A803C098369E2E.e.10151/click - {}
RESULT: {}
COMMAND: GET /session/d5f272f198c3c1f43c195f4d238b9983/screenshot - {}
RESULT: {}
COMMAND: POST /session/d5f272f198c3c1f43c195f4d238b9983/execute/async - {"script":"<script> [1562 bytes]","args":[{"selector":{"controlType":"sap.m.Button","viewName":"etm.portal.ui.managerequests.view.NewRequest","i18NText":{"propertyName":"text","key":"save"},"searchOpenDialogs":true,"interaction":{"idSuffix":"BDI-content"}},"wdio_ui5_key":"etmportal.ui.managerequests.view.NewRequestsap.m.Button{\"propertyName\":\"text\",\"key\":\"save\"}"}]}
RESULT: {"script":"<script> [1562 bytes]","args":[{"selector":{"controlType":"sap.m.Button","viewName":"etm.portal.ui.managerequests.view.NewRequest","i18NText":{"propertyName":"text","key":"save"},"searchOpenDialogs":true,"interaction":{"idSuffix":"BDI-content"}},"wdio_ui5_key":"etmportal.ui.managerequests.view.NewRequestsap.m.Button{\"propertyName\":\"text\",\"key\":\"save\"}"}]}
RESULT: undefined
COMMAND: POST /session/d5f272f198c3c1f43c195f4d238b9983/element - {"using":"xpath","value":"//*[@id=\"__button24\"]"}
RESULT: {"using":"xpath","value":"//*[@id=\"__button24\"]"}
COMMAND: POST /session/d5f272f198c3c1f43c195f4d238b9983/element/f.3CB17101AE25630290776882465A9E58.d.0B9F1542DA156FAE12A803C098369E2E.e.10155/click - {}
RESULT: {}
COMMAND: GET /session/d5f272f198c3c1f43c195f4d238b9983/screenshot - {}
RESULT: {}
COMMAND: POST /session/d5f272f198c3c1f43c195f4d238b9983/element - {"using":"xpath","value":"(//bdi[contains(text() ,\"Save\")])[1]"}
RESULT: {"using":"xpath","value":"(//bdi[contains(text() ,\"Save\")])[1]"}
COMMAND: POST /session/d5f272f198c3c1f43c195f4d238b9983/element/f.3CB17101AE25630290776882465A9E58.d.0B9F1542DA156FAE12A803C098369E2E.e.10157/click - {}
RESULT: {}
COMMAND: GET /session/d5f272f198c3c1f43c195f4d238b9983/screenshot - {}
RESULT: {}
COMMAND: POST /session/d5f272f198c3c1f43c195f4d238b9983/execute/async - {"script":"<script> [1562 bytes]","args":[{"selector":{"controlType":"sap.m.Title","properties":{"text":"Success"},"searchOpenDialogs":true},"wdio_ui5_key":"sapm.Title{\"text\":\"Success\"}"}]}
RESULT: {"script":"<script> [1562 bytes]","args":[{"selector":{"controlType":"sap.m.Title","properties":{"text":"Success"},"searchOpenDialogs":true},"wdio_ui5_key":"sapm.Title{\"text\":\"Success\"}"}]}
RESULT: undefined
COMMAND: POST /session/d5f272f198c3c1f43c195f4d238b9983/execute/async - {"script":"<script> [6424 bytes]","args":[{"element-6066-11e4-a52e-4f735466cecf":"f.3CB17101AE25630290776882465A9E58.d.0B9F1542DA156FAE12A803C098369E2E.e.10160"},"getText",[]]}
RESULT: {"script":"<script> [6424 bytes]","args":[{"element-6066-11e4-a52e-4f735466cecf":"f.3CB17101AE25630290776882465A9E58.d.0B9F1542DA156FAE12A803C098369E2E.e.10160"},"getText",[]]}
COMMAND: POST /session/d5f272f198c3c1f43c195f4d238b9983/execute/async - {"script":"<script> [1562 bytes]","args":[{"selector":{"controlType":"sap.m.Button","properties":{"text":"Close"},"searchOpenDialogs":true,"interaction":{"idSuffix":"BDI-content"}},"wdio_ui5_key":"sapm.Button{\"text\":\"Close\"}"}]}
RESULT: {"script":"<script> [1562 bytes]","args":[{"selector":{"controlType":"sap.m.Button","properties":{"text":"Close"},"searchOpenDialogs":true,"interaction":{"idSuffix":"BDI-content"}},"wdio_ui5_key":"sapm.Button{\"text\":\"Close\"}"}]}
RESULT: undefined
COMMAND: POST /session/d5f272f198c3c1f43c195f4d238b9983/element - {"using":"xpath","value":"//*[@id=\"__mbox-btn-0\"]"}
RESULT: {"using":"xpath","value":"//*[@id=\"__mbox-btn-0\"]"}
COMMAND: POST /session/d5f272f198c3c1f43c195f4d238b9983/element/f.3CB17101AE25630290776882465A9E58.d.0B9F1542DA156FAE12A803C098369E2E.e.10158/click - {}
RESULT: {}
COMMAND: GET /session/d5f272f198c3c1f43c195f4d238b9983/screenshot - {}
RESULT: {}
]]></system-out>
    </testcase>
    <testcase classname="chrome.135_0_7049_96.windows.Reserve/Unreserve_request_item_via_reserve_option_US139161" name="Should navigate to planning board and reserve the resource" time="100.054">
      <system-out><![CDATA[
COMMAND: POST /session/d5f272f198c3c1f43c195f4d238b9983/execute/async - {"script":"<script> [1562 bytes]","args":[{"selector":{"controlType":"sap.m.Button","viewName":"etm.portal.ui.managerequests.view.Detail","i18NText":{"propertyName":"text","key":"planningSituation"},"interaction":{"idSuffix":"BDI-content"}},"wdio_ui5_key":"etmportal.ui.managerequests.view.Detailsap.m.Button{\"propertyName\":\"text\",\"key\":\"planningSituation\"}"}]}
RESULT: {"script":"<script> [1562 bytes]","args":[{"selector":{"controlType":"sap.m.Button","viewName":"etm.portal.ui.managerequests.view.Detail","i18NText":{"propertyName":"text","key":"planningSituation"},"interaction":{"idSuffix":"BDI-content"}},"wdio_ui5_key":"etmportal.ui.managerequests.view.Detailsap.m.Button{\"propertyName\":\"text\",\"key\":\"planningSituation\"}"}]}
RESULT: undefined
COMMAND: POST /session/d5f272f198c3c1f43c195f4d238b9983/element - {"using":"xpath","value":"//*[@id=\"__button27\"]"}
RESULT: {"using":"xpath","value":"//*[@id=\"__button27\"]"}
COMMAND: POST /session/d5f272f198c3c1f43c195f4d238b9983/element/f.3CB17101AE25630290776882465A9E58.d.0B9F1542DA156FAE12A803C098369E2E.e.10178/click - {}
RESULT: {}
COMMAND: GET /session/d5f272f198c3c1f43c195f4d238b9983/screenshot - {}
RESULT: {}
COMMAND: POST /session/d5f272f198c3c1f43c195f4d238b9983/element - {"using":"xpath","value":"(//span[contains(@title ,\"WebdriverYardrjtc1\")])[1]"}
RESULT: {"using":"xpath","value":"(//span[contains(@title ,\"WebdriverYardrjtc1\")])[1]"}
COMMAND: POST /session/d5f272f198c3c1f43c195f4d238b9983/elements - {"using":"xpath","value":"(//span[contains(@title ,\"WebdriverYardrjtc1\")])[1]"}
RESULT: {"using":"xpath","value":"(//span[contains(@title ,\"WebdriverYardrjtc1\")])[1]"}
COMMAND: POST /session/d5f272f198c3c1f43c195f4d238b9983/elements - {"using":"xpath","value":"(//span[contains(@title ,\"WebdriverYardrjtc1\")])[1]"}
RESULT: {"using":"xpath","value":"(//span[contains(@title ,\"WebdriverYardrjtc1\")])[1]"}
COMMAND: POST /session/d5f272f198c3c1f43c195f4d238b9983/elements - {"using":"xpath","value":"(//span[contains(@title ,\"WebdriverYardrjtc1\")])[1]"}
RESULT: {"using":"xpath","value":"(//span[contains(@title ,\"WebdriverYardrjtc1\")])[1]"}
COMMAND: POST /session/d5f272f198c3c1f43c195f4d238b9983/elements - {"using":"xpath","value":"(//span[contains(@title ,\"WebdriverYardrjtc1\")])[1]"}
RESULT: {"using":"xpath","value":"(//span[contains(@title ,\"WebdriverYardrjtc1\")])[1]"}
COMMAND: POST /session/d5f272f198c3c1f43c195f4d238b9983/elements - {"using":"xpath","value":"(//span[contains(@title ,\"WebdriverYardrjtc1\")])[1]"}
RESULT: {"using":"xpath","value":"(//span[contains(@title ,\"WebdriverYardrjtc1\")])[1]"}
COMMAND: POST /session/d5f272f198c3c1f43c195f4d238b9983/elements - {"using":"xpath","value":"(//span[contains(@title ,\"WebdriverYardrjtc1\")])[1]"}
RESULT: {"using":"xpath","value":"(//span[contains(@title ,\"WebdriverYardrjtc1\")])[1]"}
COMMAND: POST /session/d5f272f198c3c1f43c195f4d238b9983/elements - {"using":"xpath","value":"(//span[contains(@title ,\"WebdriverYardrjtc1\")])[1]"}
RESULT: {"using":"xpath","value":"(//span[contains(@title ,\"WebdriverYardrjtc1\")])[1]"}
COMMAND: POST /session/d5f272f198c3c1f43c195f4d238b9983/elements - {"using":"xpath","value":"(//span[contains(@title ,\"WebdriverYardrjtc1\")])[1]"}
RESULT: {"using":"xpath","value":"(//span[contains(@title ,\"WebdriverYardrjtc1\")])[1]"}
COMMAND: POST /session/d5f272f198c3c1f43c195f4d238b9983/elements - {"using":"xpath","value":"(//span[contains(@title ,\"WebdriverYardrjtc1\")])[1]"}
RESULT: {"using":"xpath","value":"(//span[contains(@title ,\"WebdriverYardrjtc1\")])[1]"}
COMMAND: POST /session/d5f272f198c3c1f43c195f4d238b9983/elements - {"using":"xpath","value":"(//span[contains(@title ,\"WebdriverYardrjtc1\")])[1]"}
RESULT: {"using":"xpath","value":"(//span[contains(@title ,\"WebdriverYardrjtc1\")])[1]"}
COMMAND: POST /session/d5f272f198c3c1f43c195f4d238b9983/elements - {"using":"xpath","value":"(//span[contains(@title ,\"WebdriverYardrjtc1\")])[1]"}
RESULT: {"using":"xpath","value":"(//span[contains(@title ,\"WebdriverYardrjtc1\")])[1]"}
COMMAND: POST /session/d5f272f198c3c1f43c195f4d238b9983/elements - {"using":"xpath","value":"(//span[contains(@title ,\"WebdriverYardrjtc1\")])[1]"}
RESULT: {"using":"xpath","value":"(//span[contains(@title ,\"WebdriverYardrjtc1\")])[1]"}
COMMAND: POST /session/d5f272f198c3c1f43c195f4d238b9983/elements - {"using":"xpath","value":"(//span[contains(@title ,\"WebdriverYardrjtc1\")])[1]"}
RESULT: {"using":"xpath","value":"(//span[contains(@title ,\"WebdriverYardrjtc1\")])[1]"}
COMMAND: POST /session/d5f272f198c3c1f43c195f4d238b9983/elements - {"using":"xpath","value":"(//span[contains(@title ,\"WebdriverYardrjtc1\")])[1]"}
RESULT: {"using":"xpath","value":"(//span[contains(@title ,\"WebdriverYardrjtc1\")])[1]"}
COMMAND: POST /session/d5f272f198c3c1f43c195f4d238b9983/element - {"using":"xpath","value":"(//span[contains(@title ,\"WebdriverYardrjtc1\")])[1]"}
RESULT: {"using":"xpath","value":"(//span[contains(@title ,\"WebdriverYardrjtc1\")])[1]"}
COMMAND: POST /session/d5f272f198c3c1f43c195f4d238b9983/execute/sync - {"script":"<script> [8489 bytes]","args":[{"element-6066-11e4-a52e-4f735466cecf":"f.3CB17101AE25630290776882465A9E58.d.0B9F1542DA156FAE12A803C098369E2E.e.10634","ELEMENT":"f.3CB17101AE25630290776882465A9E58.d.0B9F1542DA156FAE12A803C098369E2E.e.10634"}]}
RESULT: {"script":"<script> [8489 bytes]","args":[{"element-6066-11e4-a52e-4f735466cecf":"f.3CB17101AE25630290776882465A9E58.d.0B9F1542DA156FAE12A803C098369E2E.e.10634","ELEMENT":"f.3CB17101AE25630290776882465A9E58.d.0B9F1542DA156FAE12A803C098369E2E.e.10634"}]}
COMMAND: POST /session/d5f272f198c3c1f43c195f4d238b9983/element - {"using":"xpath","value":"(//span[contains(@title ,\"WebdriverYardrjtc1\")])[1]"}
COMMAND: GET /session/d5f272f198c3c1f43c195f4d238b9983/screenshot - {}
RESULT: {}
RESULT: {"using":"xpath","value":"(//span[contains(@title ,\"WebdriverYardrjtc1\")])[1]"}
COMMAND: POST /session/d5f272f198c3c1f43c195f4d238b9983/actions - {"actions":[{"id":"action70","type":"pointer","parameters":{"pointerType":"mouse"},"actions":[{"type":"pointerMove","button":0,"width":0,"height":0,"pressure":0,"tangentialPressure":0,"tiltX":0,"tiltY":0,"twist":0,"altitudeAngle":0,"_":"5 more keys: [\"azimuthAngle\",\"x\",\"y\",\"duration\",\"origin\"]"},{"type":"pointerDown","button":2,"width":0,"height":0,"pressure":0,"tangentialPressure":0,"tiltX":0,"tiltY":0,"twist":0,"altitudeAngle":0,"_":"1 more keys: [\"azimuthAngle\"]"},{"type":"pointerUp","button":2}]}]}
RESULT: {"actions":[{"id":"action70","type":"pointer","parameters":{"pointerType":"mouse"},"actions":[{"type":"pointerMove","button":0,"width":0,"height":0,"pressure":0,"tangentialPressure":0,"tiltX":0,"tiltY":0,"twist":0,"altitudeAngle":0,"_":"5 more keys: [\"azimuthAngle\",\"x\",\"y\",\"duration\",\"origin\"]"},{"type":"pointerDown","button":2,"width":0,"height":0,"pressure":0,"tangentialPressure":0,"tiltX":0,"tiltY":0,"twist":0,"altitudeAngle":0,"_":"1 more keys: [\"azimuthAngle\"]"},{"type":"pointerUp","button":2}]}]}
COMMAND: DELETE /session/d5f272f198c3c1f43c195f4d238b9983/actions - {}
COMMAND: GET /session/d5f272f198c3c1f43c195f4d238b9983/screenshot - {}
RESULT: {}
COMMAND: GET /session/d5f272f198c3c1f43c195f4d238b9983/screenshot - {}
RESULT: {}
RESULT: {}
COMMAND: POST /session/d5f272f198c3c1f43c195f4d238b9983/actions - {"actions":[{"id":"action71","type":"key","parameters":{},"actions":[{"type":"keyDown","value":"î€•"},{"type":"pause","duration":10},{"type":"keyUp","value":"î€•"}]}]}
RESULT: {"actions":[{"id":"action71","type":"key","parameters":{},"actions":[{"type":"keyDown","value":"î€•"},{"type":"pause","duration":10},{"type":"keyUp","value":"î€•"}]}]}
COMMAND: GET /session/d5f272f198c3c1f43c195f4d238b9983/screenshot - {}
RESULT: {}
COMMAND: POST /session/d5f272f198c3c1f43c195f4d238b9983/actions - {"actions":[{"id":"action72","type":"key","parameters":{},"actions":[{"type":"keyDown","value":"î€‡"},{"type":"pause","duration":10},{"type":"keyUp","value":"î€‡"}]}]}
RESULT: {"actions":[{"id":"action72","type":"key","parameters":{},"actions":[{"type":"keyDown","value":"î€‡"},{"type":"pause","duration":10},{"type":"keyUp","value":"î€‡"}]}]}
COMMAND: GET /session/d5f272f198c3c1f43c195f4d238b9983/screenshot - {}
RESULT: {}
COMMAND: POST /session/d5f272f198c3c1f43c195f4d238b9983/execute/async - {"script":"<script> [1562 bytes]","args":[{"selector":{"id":"application-planningboard-display-component---pB_RequestHeader--RUreservationComment","searchOpenDialogs":true,"interaction":{"idSuffix":"inner"}},"wdio_ui5_key":"applicationplanningboard-display-component---pB_RequestHeader--RUreservationComment"}]}
RESULT: {"script":"<script> [1562 bytes]","args":[{"selector":{"id":"application-planningboard-display-component---pB_RequestHeader--RUreservationComment","searchOpenDialogs":true,"interaction":{"idSuffix":"inner"}},"wdio_ui5_key":"applicationplanningboard-display-component---pB_RequestHeader--RUreservationComment"}]}
RESULT: undefined
COMMAND: POST /session/d5f272f198c3c1f43c195f4d238b9983/execute/async - {"script":"<script> [776 bytes]","args":[{"enterText":"WdIORes16ta7s","selector":{"id":"application-planningboard-display-component---pB_RequestHeader--RUreservationComment","searchOpenDialogs":true,"interaction":{"idSuffix":"inner"}},"clearTextFirst":true,"interactionType":"ENTER_TEXT"}]}
RESULT: {"script":"<script> [776 bytes]","args":[{"enterText":"WdIORes16ta7s","selector":{"id":"application-planningboard-display-component---pB_RequestHeader--RUreservationComment","searchOpenDialogs":true,"interaction":{"idSuffix":"inner"}},"clearTextFirst":true,"interactionType":"ENTER_TEXT"}]}
COMMAND: POST /session/d5f272f198c3c1f43c195f4d238b9983/execute/async - {"script":"<script> [1562 bytes]","args":[{"selector":{"controlType":"sap.m.Button","viewName":"etm.portal.ui.planningboard.view.detail.RequestHeader","viewId":"application-planningboard-display-component---pB_RequestHeader","properties":{"text":"Ok"},"searchOpenDialogs":true,"interaction":{"idSuffix":"BDI-content"}},"wdio_ui5_key":"etmportal.ui.planningboard.view.detail.RequestHeadersap.m.Button{\"text\":\"Ok\"}"}]}
RESULT: {"script":"<script> [1562 bytes]","args":[{"selector":{"controlType":"sap.m.Button","viewName":"etm.portal.ui.planningboard.view.detail.RequestHeader","viewId":"application-planningboard-display-component---pB_RequestHeader","properties":{"text":"Ok"},"searchOpenDialogs":true,"interaction":{"idSuffix":"BDI-content"}},"wdio_ui5_key":"etmportal.ui.planningboard.view.detail.RequestHeadersap.m.Button{\"text\":\"Ok\"}"}]}
RESULT: undefined
COMMAND: POST /session/d5f272f198c3c1f43c195f4d238b9983/element - {"using":"xpath","value":"//*[@id=\"__button192\"]"}
RESULT: {"using":"xpath","value":"//*[@id=\"__button192\"]"}
COMMAND: POST /session/d5f272f198c3c1f43c195f4d238b9983/element/f.3CB17101AE25630290776882465A9E58.d.0B9F1542DA156FAE12A803C098369E2E.e.10647/click - {}
RESULT: {}
COMMAND: GET /session/d5f272f198c3c1f43c195f4d238b9983/screenshot - {}
RESULT: {}
COMMAND: POST /session/d5f272f198c3c1f43c195f4d238b9983/element - {"using":"xpath","value":"//span[contains(@title ,\"WebdriverYardrjtc1\")]"}
RESULT: {"using":"xpath","value":"//span[contains(@title ,\"WebdriverYardrjtc1\")]"}
COMMAND: POST /session/d5f272f198c3c1f43c195f4d238b9983/actions - {"actions":[{"id":"action73","type":"pointer","parameters":{"pointerType":"mouse"},"actions":[{"type":"pointerMove","button":0,"width":0,"height":0,"pressure":0,"tangentialPressure":0,"tiltX":0,"tiltY":0,"twist":0,"altitudeAngle":0,"_":"5 more keys: [\"azimuthAngle\",\"x\",\"y\",\"duration\",\"origin\"]"},{"type":"pointerDown","button":2,"width":0,"height":0,"pressure":0,"tangentialPressure":0,"tiltX":0,"tiltY":0,"twist":0,"altitudeAngle":0,"_":"1 more keys: [\"azimuthAngle\"]"},{"type":"pointerUp","button":2}]}]}
RESULT: {"actions":[{"id":"action73","type":"pointer","parameters":{"pointerType":"mouse"},"actions":[{"type":"pointerMove","button":0,"width":0,"height":0,"pressure":0,"tangentialPressure":0,"tiltX":0,"tiltY":0,"twist":0,"altitudeAngle":0,"_":"5 more keys: [\"azimuthAngle\",\"x\",\"y\",\"duration\",\"origin\"]"},{"type":"pointerDown","button":2,"width":0,"height":0,"pressure":0,"tangentialPressure":0,"tiltX":0,"tiltY":0,"twist":0,"altitudeAngle":0,"_":"1 more keys: [\"azimuthAngle\"]"},{"type":"pointerUp","button":2}]}]}
COMMAND: DELETE /session/d5f272f198c3c1f43c195f4d238b9983/actions - {}
COMMAND: GET /session/d5f272f198c3c1f43c195f4d238b9983/screenshot - {}
RESULT: {}
COMMAND: GET /session/d5f272f198c3c1f43c195f4d238b9983/screenshot - {}
RESULT: {}
RESULT: {}
COMMAND: POST /session/d5f272f198c3c1f43c195f4d238b9983/actions - {"actions":[{"id":"action74","type":"key","parameters":{},"actions":[{"type":"keyDown","value":"î€•"},{"type":"pause","duration":10},{"type":"keyUp","value":"î€•"}]}]}
RESULT: {"actions":[{"id":"action74","type":"key","parameters":{},"actions":[{"type":"keyDown","value":"î€•"},{"type":"pause","duration":10},{"type":"keyUp","value":"î€•"}]}]}
COMMAND: GET /session/d5f272f198c3c1f43c195f4d238b9983/screenshot - {}
RESULT: {}
COMMAND: POST /session/d5f272f198c3c1f43c195f4d238b9983/actions - {"actions":[{"id":"action75","type":"key","parameters":{},"actions":[{"type":"keyDown","value":"î€‡"},{"type":"pause","duration":10},{"type":"keyUp","value":"î€‡"}]}]}
RESULT: {"actions":[{"id":"action75","type":"key","parameters":{},"actions":[{"type":"keyDown","value":"î€‡"},{"type":"pause","duration":10},{"type":"keyUp","value":"î€‡"}]}]}
COMMAND: GET /session/d5f272f198c3c1f43c195f4d238b9983/screenshot - {}
RESULT: {}
RESULT: undefined
COMMAND: POST /session/d5f272f198c3c1f43c195f4d238b9983/execute/async - {"script":"<script> [776 bytes]","args":[{"enterText":"WdIORes2jydsf","selector":{"id":"application-planningboard-display-component---pB_RequestHeader--RUreservationComment","searchOpenDialogs":true,"interaction":{"idSuffix":"inner"}},"clearTextFirst":true,"interactionType":"ENTER_TEXT"}]}
RESULT: {"script":"<script> [776 bytes]","args":[{"enterText":"WdIORes2jydsf","selector":{"id":"application-planningboard-display-component---pB_RequestHeader--RUreservationComment","searchOpenDialogs":true,"interaction":{"idSuffix":"inner"}},"clearTextFirst":true,"interactionType":"ENTER_TEXT"}]}
RESULT: undefined
COMMAND: POST /session/d5f272f198c3c1f43c195f4d238b9983/element - {"using":"xpath","value":"//*[@id=\"__button192\"]"}
RESULT: {"using":"xpath","value":"//*[@id=\"__button192\"]"}
COMMAND: POST /session/d5f272f198c3c1f43c195f4d238b9983/element/f.3CB17101AE25630290776882465A9E58.d.0B9F1542DA156FAE12A803C098369E2E.e.10724/click - {}
RESULT: {}
COMMAND: GET /session/d5f272f198c3c1f43c195f4d238b9983/screenshot - {}
RESULT: {}
COMMAND: POST /session/d5f272f198c3c1f43c195f4d238b9983/execute/async - {"script":"<script> [1562 bytes]","args":[{"selector":{"controlType":"sap.m.Button","viewName":"etm.portal.ui.planningboard.view.detail.RequestHeader","viewId":"application-planningboard-display-component---pB_RequestHeader","i18NText":{"propertyName":"text","key":"close"},"ancestor":{"id":"application-planningboard-display-component---pB_RequestHeader--requestItemDetails"},"interaction":{"idSuffix":"BDI-content"}},"wdio_ui5_key":"etmportal.ui.planningboard.view.detail.RequestHeadersap.m.Button{\"propertyName\":\"text\",\"key\":\"close\"}{\"id\":\"application-planningboard-display-component---pB_RequestHeader--requestItemDetails\"}"}]}
RESULT: {"script":"<script> [1562 bytes]","args":[{"selector":{"controlType":"sap.m.Button","viewName":"etm.portal.ui.planningboard.view.detail.RequestHeader","viewId":"application-planningboard-display-component---pB_RequestHeader","i18NText":{"propertyName":"text","key":"close"},"ancestor":{"id":"application-planningboard-display-component---pB_RequestHeader--requestItemDetails"},"interaction":{"idSuffix":"BDI-content"}},"wdio_ui5_key":"etmportal.ui.planningboard.view.detail.RequestHeadersap.m.Button{\"propertyName\":\"text\",\"key\":\"close\"}{\"id\":\"application-planningboard-display-component---pB_RequestHeader--requestItemDetails\"}"}]}
RESULT: undefined
COMMAND: POST /session/d5f272f198c3c1f43c195f4d238b9983/element - {"using":"xpath","value":"//*[@id=\"__button68\"]"}
RESULT: {"using":"xpath","value":"//*[@id=\"__button68\"]"}
COMMAND: POST /session/d5f272f198c3c1f43c195f4d238b9983/element/f.3CB17101AE25630290776882465A9E58.d.0B9F1542DA156FAE12A803C098369E2E.e.10514/click - {}
RESULT: {}
COMMAND: GET /session/d5f272f198c3c1f43c195f4d238b9983/screenshot - {}
RESULT: {}
COMMAND: POST /session/d5f272f198c3c1f43c195f4d238b9983/execute/async - {"script":"<script> [1562 bytes]","args":[{"selector":{"id":"application-planningboard-display-component---pB_Master--selectView","interaction":{"idSuffix":"arrow"}},"wdio_ui5_key":"applicationplanningboard-display-component---pB_Master--selectView"}]}
RESULT: {"script":"<script> [1562 bytes]","args":[{"selector":{"id":"application-planningboard-display-component---pB_Master--selectView","interaction":{"idSuffix":"arrow"}},"wdio_ui5_key":"applicationplanningboard-display-component---pB_Master--selectView"}]}
RESULT: undefined
COMMAND: POST /session/d5f272f198c3c1f43c195f4d238b9983/element - {"using":"xpath","value":"//*[@id=\"application-planningboard-display-component---pB_Master--selectView\"]"}
RESULT: {"using":"xpath","value":"//*[@id=\"application-planningboard-display-component---pB_Master--selectView\"]"}
COMMAND: POST /session/d5f272f198c3c1f43c195f4d238b9983/element/f.3CB17101AE25630290776882465A9E58.d.0B9F1542DA156FAE12A803C098369E2E.e.10922/click - {}
RESULT: {}
COMMAND: GET /session/d5f272f198c3c1f43c195f4d238b9983/screenshot - {}
RESULT: {}
COMMAND: POST /session/d5f272f198c3c1f43c195f4d238b9983/execute/async - {"script":"<script> [1562 bytes]","args":[{"selector":{"controlType":"sap.ui.core.Item","viewName":"etm.portal.ui.planningboard.view.Master","viewId":"application-planningboard-display-component---pB_Master","i18NText":{"propertyName":"text","key":"manageReservations"},"searchOpenDialogs":true},"wdio_ui5_key":"etmportal.ui.planningboard.view.Mastersap.ui.core.Item{\"propertyName\":\"text\",\"key\":\"manageReservations\"}"}]}
RESULT: {"script":"<script> [1562 bytes]","args":[{"selector":{"controlType":"sap.ui.core.Item","viewName":"etm.portal.ui.planningboard.view.Master","viewId":"application-planningboard-display-component---pB_Master","i18NText":{"propertyName":"text","key":"manageReservations"},"searchOpenDialogs":true},"wdio_ui5_key":"etmportal.ui.planningboard.view.Mastersap.ui.core.Item{\"propertyName\":\"text\",\"key\":\"manageReservations\"}"}]}
RESULT: undefined
COMMAND: POST /session/d5f272f198c3c1f43c195f4d238b9983/element - {"using":"xpath","value":"//*[@id=\"__item1105\"]"}
RESULT: {"using":"xpath","value":"//*[@id=\"__item1105\"]"}
COMMAND: POST /session/d5f272f198c3c1f43c195f4d238b9983/element/f.3CB17101AE25630290776882465A9E58.d.0B9F1542DA156FAE12A803C098369E2E.e.10925/click - {}
RESULT: {}
COMMAND: GET /session/d5f272f198c3c1f43c195f4d238b9983/screenshot - {}
RESULT: {}
COMMAND: POST /session/d5f272f198c3c1f43c195f4d238b9983/element - {"using":"xpath","value":"//span[contains(@id ,\"clone\")][contains(text(), \"WdIORes16ta7s\")]"}
RESULT: {"using":"xpath","value":"//span[contains(@id ,\"clone\")][contains(text(), \"WdIORes16ta7s\")]"}
COMMAND: GET /session/d5f272f198c3c1f43c195f4d238b9983/element/f.3CB17101AE25630290776882465A9E58.d.0B9F1542DA156FAE12A803C098369E2E.e.10941/text - {}
RESULT: {}
COMMAND: POST /session/d5f272f198c3c1f43c195f4d238b9983/element - {"using":"xpath","value":"//span[contains(@id ,\"clone\")][contains(text(), \"WdIORes2jydsf\")]"}
RESULT: {"using":"xpath","value":"//span[contains(@id ,\"clone\")][contains(text(), \"WdIORes2jydsf\")]"}
COMMAND: POST /session/d5f272f198c3c1f43c195f4d238b9983/element/f.3CB17101AE25630290776882465A9E58.d.0B9F1542DA156FAE12A803C098369E2E.e.10942/click - {}
RESULT: {}
COMMAND: GET /session/d5f272f198c3c1f43c195f4d238b9983/screenshot - {}
RESULT: {}
COMMAND: POST /session/d5f272f198c3c1f43c195f4d238b9983/actions - {"actions":[{"id":"action76","type":"key","parameters":{},"actions":[{"type":"keyDown","value":"î€‡"},{"type":"pause","duration":10},{"type":"keyUp","value":"î€‡"}]}]}
RESULT: {"actions":[{"id":"action76","type":"key","parameters":{},"actions":[{"type":"keyDown","value":"î€‡"},{"type":"pause","duration":10},{"type":"keyUp","value":"î€‡"}]}]}
COMMAND: GET /session/d5f272f198c3c1f43c195f4d238b9983/screenshot - {}
RESULT: {}
COMMAND: POST /session/d5f272f198c3c1f43c195f4d238b9983/execute/async - {"script":"<script> [1562 bytes]","args":[{"selector":{"controlType":"sap.m.Button","viewName":"etm.portal.ui.planningboard.view.detail.Planning","viewId":"application-planningboard-display-component---pB_Planning","i18NText":{"propertyName":"text","key":"unplan"},"interaction":{"idSuffix":"BDI-content"}},"wdio_ui5_key":"etmportal.ui.planningboard.view.detail.Planningsap.m.Button{\"propertyName\":\"text\",\"key\":\"unplan\"}"}]}
RESULT: {"script":"<script> [1562 bytes]","args":[{"selector":{"controlType":"sap.m.Button","viewName":"etm.portal.ui.planningboard.view.detail.Planning","viewId":"application-planningboard-display-component---pB_Planning","i18NText":{"propertyName":"text","key":"unplan"},"interaction":{"idSuffix":"BDI-content"}},"wdio_ui5_key":"etmportal.ui.planningboard.view.detail.Planningsap.m.Button{\"propertyName\":\"text\",\"key\":\"unplan\"}"}]}
RESULT: undefined
COMMAND: POST /session/d5f272f198c3c1f43c195f4d238b9983/element - {"using":"xpath","value":"//*[@id=\"__button258\"]"}
RESULT: {"using":"xpath","value":"//*[@id=\"__button258\"]"}
COMMAND: POST /session/d5f272f198c3c1f43c195f4d238b9983/element/f.3CB17101AE25630290776882465A9E58.d.0B9F1542DA156FAE12A803C098369E2E.e.10978/click - {}
RESULT: {}
COMMAND: GET /session/d5f272f198c3c1f43c195f4d238b9983/screenshot - {}
RESULT: {}
COMMAND: POST /session/d5f272f198c3c1f43c195f4d238b9983/element - {"using":"xpath","value":"//span[contains(@id ,\"clone\")][contains(text(), \"WdIORes2jydsf\")]"}
RESULT: {"using":"xpath","value":"//span[contains(@id ,\"clone\")][contains(text(), \"WdIORes2jydsf\")]"}
COMMAND: POST /session/d5f272f198c3c1f43c195f4d238b9983/element - {"using":"xpath","value":"//span[contains(@id ,\"clone\")][contains(text(), \"WdIORes2jydsf\")]"}
RESULT: {"using":"xpath","value":"//span[contains(@id ,\"clone\")][contains(text(), \"WdIORes2jydsf\")]"}
COMMAND: POST /session/d5f272f198c3c1f43c195f4d238b9983/element - {"using":"xpath","value":"//span[contains(@id ,\"clone\")][contains(text(), \"WdIORes16ta7s\")]"}
RESULT: {"using":"xpath","value":"//span[contains(@id ,\"clone\")][contains(text(), \"WdIORes16ta7s\")]"}
COMMAND: POST /session/d5f272f198c3c1f43c195f4d238b9983/element/f.3CB17101AE25630290776882465A9E58.d.0B9F1542DA156FAE12A803C098369E2E.e.11042/click - {}
RESULT: {}
COMMAND: GET /session/d5f272f198c3c1f43c195f4d238b9983/screenshot - {}
RESULT: {}
COMMAND: POST /session/d5f272f198c3c1f43c195f4d238b9983/actions - {"actions":[{"id":"action77","type":"key","parameters":{},"actions":[{"type":"keyDown","value":"î€‡"},{"type":"pause","duration":10},{"type":"keyUp","value":"î€‡"}]}]}
RESULT: {"actions":[{"id":"action77","type":"key","parameters":{},"actions":[{"type":"keyDown","value":"î€‡"},{"type":"pause","duration":10},{"type":"keyUp","value":"î€‡"}]}]}
COMMAND: GET /session/d5f272f198c3c1f43c195f4d238b9983/screenshot - {}
RESULT: {}
]]></system-out>
    </testcase>
  </testsuite>
  <testsuite timestamp="2025-05-03T16:08:56" time="31.642" tests="1" failures="0" errors="0" skipped="0">
    <properties>
      <property name="specId" value="0" />
      <property name="suiteName" value="Reserve/Unreserve request item via reserve option US139161" />
      <property name="capabilities" value="chrome.135_0_7049_96.windows" />
      <property name="file" value="file:///D:/a/1/s/test/specs/R2C/manage-reservations-view-planning-board.spec.js" />
    </properties>
    <testcase classname="chrome.135_0_7049_96.windows.Reserve/Unreserve_request_item_via_reserve_option_US139161" name="Should open a reservation to verify and edit the details" time="31.64">
      <system-out><![CDATA[
COMMAND: POST /session/d5f272f198c3c1f43c195f4d238b9983/element - {"using":"xpath","value":"//button[contains(@data-kt, \"editButton\")]"}
RESULT: {"using":"xpath","value":"//button[contains(@data-kt, \"editButton\")]"}
COMMAND: POST /session/d5f272f198c3c1f43c195f4d238b9983/execute/sync - {"script":"<script> [8489 bytes]","args":[{"element-6066-11e4-a52e-4f735466cecf":"f.3CB17101AE25630290776882465A9E58.d.0B9F1542DA156FAE12A803C098369E2E.e.11074","ELEMENT":"f.3CB17101AE25630290776882465A9E58.d.0B9F1542DA156FAE12A803C098369E2E.e.11074"}]}
RESULT: {"script":"<script> [8489 bytes]","args":[{"element-6066-11e4-a52e-4f735466cecf":"f.3CB17101AE25630290776882465A9E58.d.0B9F1542DA156FAE12A803C098369E2E.e.11074","ELEMENT":"f.3CB17101AE25630290776882465A9E58.d.0B9F1542DA156FAE12A803C098369E2E.e.11074"}]}
COMMAND: POST /session/d5f272f198c3c1f43c195f4d238b9983/element - {"using":"xpath","value":"//button[contains(@data-kt, \"unplanButton\")]"}
COMMAND: GET /session/d5f272f198c3c1f43c195f4d238b9983/screenshot - {}
RESULT: {"using":"xpath","value":"//button[contains(@data-kt, \"unplanButton\")]"}
COMMAND: POST /session/d5f272f198c3c1f43c195f4d238b9983/execute/sync - {"script":"<script> [8489 bytes]","args":[{"element-6066-11e4-a52e-4f735466cecf":"f.3CB17101AE25630290776882465A9E58.d.0B9F1542DA156FAE12A803C098369E2E.e.11095","ELEMENT":"f.3CB17101AE25630290776882465A9E58.d.0B9F1542DA156FAE12A803C098369E2E.e.11095"}]}
RESULT: {}
RESULT: {"script":"<script> [8489 bytes]","args":[{"element-6066-11e4-a52e-4f735466cecf":"f.3CB17101AE25630290776882465A9E58.d.0B9F1542DA156FAE12A803C098369E2E.e.11095","ELEMENT":"f.3CB17101AE25630290776882465A9E58.d.0B9F1542DA156FAE12A803C098369E2E.e.11095"}]}
COMMAND: POST /session/d5f272f198c3c1f43c195f4d238b9983/element - {"using":"xpath","value":"//button[contains(@data-kt, \"editButton\")]"}
COMMAND: GET /session/d5f272f198c3c1f43c195f4d238b9983/screenshot - {}
RESULT: {"using":"xpath","value":"//button[contains(@data-kt, \"editButton\")]"}
COMMAND: POST /session/d5f272f198c3c1f43c195f4d238b9983/element/f.3CB17101AE25630290776882465A9E58.d.0B9F1542DA156FAE12A803C098369E2E.e.11074/click - {}
RESULT: {}
RESULT: {}
COMMAND: POST /session/d5f272f198c3c1f43c195f4d238b9983/element - {"using":"xpath","value":"(//input[contains(@id ,\"picker\")][contains(@aria-roledescription ,\"Date Input\")])[4]"}
COMMAND: GET /session/d5f272f198c3c1f43c195f4d238b9983/screenshot - {}
RESULT: {"using":"xpath","value":"(//input[contains(@id ,\"picker\")][contains(@aria-roledescription ,\"Date Input\")])[4]"}
COMMAND: POST /session/d5f272f198c3c1f43c195f4d238b9983/element/f.3CB17101AE25630290776882465A9E58.d.0B9F1542DA156FAE12A803C098369E2E.e.11064/clear - {}
RESULT: {}
RESULT: {}
COMMAND: POST /session/d5f272f198c3c1f43c195f4d238b9983/element/f.3CB17101AE25630290776882465A9E58.d.0B9F1542DA156FAE12A803C098369E2E.e.11064/value - {"text":"5/5/25"}
COMMAND: GET /session/d5f272f198c3c1f43c195f4d238b9983/screenshot - {}
RESULT: {"text":"5/5/25"}
COMMAND: GET /session/d5f272f198c3c1f43c195f4d238b9983/screenshot - {}
RESULT: {}
RESULT: {}
COMMAND: POST /session/d5f272f198c3c1f43c195f4d238b9983/element - {"using":"xpath","value":"//bdi[contains(text(), \"Save\")]"}
RESULT: {"using":"xpath","value":"//bdi[contains(text(), \"Save\")]"}
COMMAND: POST /session/d5f272f198c3c1f43c195f4d238b9983/element/f.3CB17101AE25630290776882465A9E58.d.0B9F1542DA156FAE12A803C098369E2E.e.11118/click - {}
RESULT: {}
COMMAND: GET /session/d5f272f198c3c1f43c195f4d238b9983/screenshot - {}
RESULT: {}
COMMAND: POST /session/d5f272f198c3c1f43c195f4d238b9983/element - {"using":"xpath","value":"(//input[contains(@id ,\"picker\")][contains(@aria-roledescription ,\"Date Input\")])[4]"}
RESULT: {"using":"xpath","value":"(//input[contains(@id ,\"picker\")][contains(@aria-roledescription ,\"Date Input\")])[4]"}
COMMAND: GET /session/d5f272f198c3c1f43c195f4d238b9983/element/f.3CB17101AE25630290776882465A9E58.d.0B9F1542DA156FAE12A803C098369E2E.e.11064/property/value - {}
RESULT: {}
COMMAND: GET /session/d5f272f198c3c1f43c195f4d238b9983/screenshot - {}
RESULT: {}
COMMAND: POST /session/d5f272f198c3c1f43c195f4d238b9983/element - {"using":"xpath","value":"//bdi[contains(text(), \"Unplan\")]"}
RESULT: {"using":"xpath","value":"//bdi[contains(text(), \"Unplan\")]"}
COMMAND: POST /session/d5f272f198c3c1f43c195f4d238b9983/element/f.3CB17101AE25630290776882465A9E58.d.0B9F1542DA156FAE12A803C098369E2E.e.11130/click - {}
RESULT: {}
COMMAND: GET /session/d5f272f198c3c1f43c195f4d238b9983/screenshot - {}
RESULT: {}
COMMAND: POST /session/d5f272f198c3c1f43c195f4d238b9983/element - {"using":"css selector","value":"#shell-header-logo"}
RESULT: {"using":"css selector","value":"#shell-header-logo"}
COMMAND: POST /session/d5f272f198c3c1f43c195f4d238b9983/element/f.3CB17101AE25630290776882465A9E58.d.0B9F1542DA156FAE12A803C098369E2E.e.9605/click - {}
RESULT: {}
COMMAND: GET /session/d5f272f198c3c1f43c195f4d238b9983/screenshot - {}
RESULT: {}
COMMAND: POST /session/d5f272f198c3c1f43c195f4d238b9983/refresh - {}
RESULT: {}
COMMAND: GET /session/d5f272f198c3c1f43c195f4d238b9983/screenshot - {}
RESULT: {}
COMMAND: POST /session/d5f272f198c3c1f43c195f4d238b9983/execute/async - {"script":"<script> [189 bytes]","args":[]}
RESULT: {"script":"<script> [189 bytes]","args":[]}
COMMAND: POST /session/d5f272f198c3c1f43c195f4d238b9983/execute/async - {"script":"<script> [123 bytes]","args":[]}
RESULT: {"script":"<script> [123 bytes]","args":[]}
COMMAND: POST /session/d5f272f198c3c1f43c195f4d238b9983/timeouts - {"script":"<number>"}
RESULT: {"script":"<number>"}
COMMAND: GET /session/d5f272f198c3c1f43c195f4d238b9983/timeouts - {}
RESULT: {}
RESULT: undefined
COMMAND: POST /session/d5f272f198c3c1f43c195f4d238b9983/execute/async - {"script":"<script> [2676 bytes]","args":[]}
RESULT: {"script":"<script> [2676 bytes]","args":[]}
COMMAND: POST /session/d5f272f198c3c1f43c195f4d238b9983/execute/async - {"script":"<script> [2342 bytes]","args":[{"protocol":"http","hostname":"0.0.0.0","path":"/","capabilities":{"browserName":"chrome","goog:chromeOptions":{"binary":"C:\\Program Files\\Google\\Chrome\\Application\\chrome.exe","args":["--start-maximized"]}},"logLevel":"warn","connectionRetryTimeout":120000,"connectionRetryCount":3,"logLevels":{},"enableDirectConnect":true,"strictSSL":true,"_":"65 more keys: [\"cacheDir\",\"port\",\"requestedCapabilities\",\"automationProtocol\",\"baseUrl\",\"waitforInterval\",\"waitforTimeout\",\"onReload\",\"beforeCommand\",\"afterCommand\",\"rootDir\",\"specs\",\"suites\",\"exclude\",\"groupLogsByTestSpec\",\"excludeDriverLogs\",\"bail\",\"framework\",\"reporters\",\"services\",\"maxInstances\",\"maxInstancesPerCapability\",\"injectGlobals\",\"filesToWatch\",\"execArgv\",\"runnerEnv\",\"runner\",\"shard\",\"specFileRetries\",\"specFileRetriesDelay\",\"specFileRetriesDeferred\",\"reporterSyncInterval\",\"reporterSyncTimeout\",\"cucumberFeaturesWithLineNumbers\",\"autoCompileOpts\",\"mochaOpts\",\"jasmineOpts\",\"cucumberOpts\",\"onPrepare\",\"onWorkerStart\",\"onWorkerEnd\",\"before\",\"beforeSession\",\"beforeSuite\",\"beforeHook\",\"beforeTest\",\"afterTest\",\"afterHook\",\"afterSuite\",\"afterSession\",\"after\",\"onComplete\",\"beforeAssertion\",\"afterAssertion\",\"beforeFeature\",\"beforeScenario\",\"beforeStep\",\"afterStep\",\"afterScenario\",\"afterFeature\",\"_\",\"suite\",\"$0\",\"ignoredWorkerServices\",\"wdi5\"]"}]}
RESULT: {"script":"<script> [2342 bytes]","args":[{"protocol":"http","hostname":"0.0.0.0","path":"/","capabilities":{"browserName":"chrome","goog:chromeOptions":{"binary":"C:\\Program Files\\Google\\Chrome\\Application\\chrome.exe","args":["--start-maximized"]}},"logLevel":"warn","connectionRetryTimeout":120000,"connectionRetryCount":3,"logLevels":{},"enableDirectConnect":true,"strictSSL":true,"_":"65 more keys: [\"cacheDir\",\"port\",\"requestedCapabilities\",\"automationProtocol\",\"baseUrl\",\"waitforInterval\",\"waitforTimeout\",\"onReload\",\"beforeCommand\",\"afterCommand\",\"rootDir\",\"specs\",\"suites\",\"exclude\",\"groupLogsByTestSpec\",\"excludeDriverLogs\",\"bail\",\"framework\",\"reporters\",\"services\",\"maxInstances\",\"maxInstancesPerCapability\",\"injectGlobals\",\"filesToWatch\",\"execArgv\",\"runnerEnv\",\"runner\",\"shard\",\"specFileRetries\",\"specFileRetriesDelay\",\"specFileRetriesDeferred\",\"reporterSyncInterval\",\"reporterSyncTimeout\",\"cucumberFeaturesWithLineNumbers\",\"autoCompileOpts\",\"mochaOpts\",\"jasmineOpts\",\"cucumberOpts\",\"onPrepare\",\"onWorkerStart\",\"onWorkerEnd\",\"before\",\"beforeSession\",\"beforeSuite\",\"beforeHook\",\"beforeTest\",\"afterTest\",\"afterHook\",\"afterSuite\",\"afterSession\",\"after\",\"onComplete\",\"beforeAssertion\",\"afterAssertion\",\"beforeFeature\",\"beforeScenario\",\"beforeStep\",\"afterStep\",\"afterScenario\",\"afterFeature\",\"_\",\"suite\",\"$0\",\"ignoredWorkerServices\",\"wdi5\"]"}]}
COMMAND: POST /session/d5f272f198c3c1f43c195f4d238b9983/execute/async - {"script":"<script> [21126 bytes]","args":[35000]}
RESULT: {"script":"<script> [21126 bytes]","args":[35000]}
]]></system-out>
    </testcase>
  </testsuite>
  <testsuite timestamp="2025-05-03T16:09:28" time="299.363" tests="3" failures="0" errors="0" skipped="0">
    <properties>
      <property name="specId" value="0" />
      <property name="suiteName" value="Process request items into new quotation US120163" />
      <property name="capabilities" value="chrome.135_0_7049_96.windows" />
      <property name="file" value="file:///D:/a/1/s/test/specs/R2C/process-request-items-into-new-quotation.spec.js" />
    </properties>
    <testcase classname="chrome.135_0_7049_96.windows.Process_request_items_into_new_quotation_US120163" name="Should create a new request with catalog items and plan it" time="183.737">
      <system-out><![CDATA[
COMMAND: POST /session/d5f272f198c3c1f43c195f4d238b9983/element - {"using":"xpath","value":"//*[contains(@href, 'etm.portal.ui.managerequests')]"}
RESULT: {"using":"xpath","value":"//*[contains(@href, 'etm.portal.ui.managerequests')]"}
COMMAND: POST /session/d5f272f198c3c1f43c195f4d238b9983/element/f.3CB17101AE25630290776882465A9E58.d.82B0E67D088900EB129AF80E9B627199.e.11196/click - {}
RESULT: {}
COMMAND: GET /session/d5f272f198c3c1f43c195f4d238b9983/screenshot - {}
RESULT: {}
COMMAND: POST /session/d5f272f198c3c1f43c195f4d238b9983/element - {"using":"xpath","value":"//button[contains(@data-kt ,\"btnCreateNewOverflowToolbarButton\")]"}
COMMAND: POST /session/d5f272f198c3c1f43c195f4d238b9983/element - {"using":"xpath","value":"(//span[contains(@class ,\"sapMObjStatusText\")])[1]"}
RESULT: {"using":"xpath","value":"//button[contains(@data-kt ,\"btnCreateNewOverflowToolbarButton\")]"}
COMMAND: POST /session/d5f272f198c3c1f43c195f4d238b9983/element/f.3CB17101AE25630290776882465A9E58.d.82B0E67D088900EB129AF80E9B627199.e.11217/click - {}
RESULT: {"using":"xpath","value":"(//span[contains(@class ,\"sapMObjStatusText\")])[1]"}
COMMAND: POST /session/d5f272f198c3c1f43c195f4d238b9983/element - {"using":"xpath","value":"(//span[contains(@class ,\"sapMObjStatusText\")])[1]"}
RESULT: {}
COMMAND: GET /session/d5f272f198c3c1f43c195f4d238b9983/screenshot - {}
RESULT: {"using":"xpath","value":"(//span[contains(@class ,\"sapMObjStatusText\")])[1]"}
COMMAND: POST /session/d5f272f198c3c1f43c195f4d238b9983/element - {"using":"xpath","value":"(//span[contains(@class ,\"sapMObjStatusText\")])[1]"}
RESULT: {}
RESULT: {"using":"xpath","value":"(//span[contains(@class ,\"sapMObjStatusText\")])[1]"}
COMMAND: POST /session/d5f272f198c3c1f43c195f4d238b9983/execute/sync - {"script":"<script> [8489 bytes]","args":[{"element-6066-11e4-a52e-4f735466cecf":"f.3CB17101AE25630290776882465A9E58.d.82B0E67D088900EB129AF80E9B627199.e.11389","ELEMENT":"f.3CB17101AE25630290776882465A9E58.d.82B0E67D088900EB129AF80E9B627199.e.11389"}]}
RESULT: {"script":"<script> [8489 bytes]","args":[{"element-6066-11e4-a52e-4f735466cecf":"f.3CB17101AE25630290776882465A9E58.d.82B0E67D088900EB129AF80E9B627199.e.11389","ELEMENT":"f.3CB17101AE25630290776882465A9E58.d.82B0E67D088900EB129AF80E9B627199.e.11389"}]}
COMMAND: GET /session/d5f272f198c3c1f43c195f4d238b9983/screenshot - {}
RESULT: {}
COMMAND: POST /session/d5f272f198c3c1f43c195f4d238b9983/element - {"using":"xpath","value":"//input[contains(@id ,\"yardId-inner\")]"}
RESULT: {"using":"xpath","value":"//input[contains(@id ,\"yardId-inner\")]"}
COMMAND: POST /session/d5f272f198c3c1f43c195f4d238b9983/execute/sync - {"script":"<script> [8489 bytes]","args":[{"element-6066-11e4-a52e-4f735466cecf":"f.3CB17101AE25630290776882465A9E58.d.82B0E67D088900EB129AF80E9B627199.e.11278","ELEMENT":"f.3CB17101AE25630290776882465A9E58.d.82B0E67D088900EB129AF80E9B627199.e.11278"}]}
RESULT: {"script":"<script> [8489 bytes]","args":[{"element-6066-11e4-a52e-4f735466cecf":"f.3CB17101AE25630290776882465A9E58.d.82B0E67D088900EB129AF80E9B627199.e.11278","ELEMENT":"f.3CB17101AE25630290776882465A9E58.d.82B0E67D088900EB129AF80E9B627199.e.11278"}]}
COMMAND: POST /session/d5f272f198c3c1f43c195f4d238b9983/element - {"using":"xpath","value":"//input[contains(@id ,\"yardId-inner\")]"}
COMMAND: GET /session/d5f272f198c3c1f43c195f4d238b9983/screenshot - {}
RESULT: {"using":"xpath","value":"//input[contains(@id ,\"yardId-inner\")]"}
COMMAND: GET /session/d5f272f198c3c1f43c195f4d238b9983/element/f.3CB17101AE25630290776882465A9E58.d.82B0E67D088900EB129AF80E9B627199.e.11278/enabled - {}
RESULT: {}
RESULT: {}
COMMAND: POST /session/d5f272f198c3c1f43c195f4d238b9983/element/f.3CB17101AE25630290776882465A9E58.d.82B0E67D088900EB129AF80E9B627199.e.11278/clear - {}
COMMAND: GET /session/d5f272f198c3c1f43c195f4d238b9983/screenshot - {}
RESULT: {}
COMMAND: POST /session/d5f272f198c3c1f43c195f4d238b9983/element/f.3CB17101AE25630290776882465A9E58.d.82B0E67D088900EB129AF80E9B627199.e.11278/value - {"text":"WebdriverYardrjtc1"}
COMMAND: GET /session/d5f272f198c3c1f43c195f4d238b9983/screenshot - {}
RESULT: {}
RESULT: {"text":"WebdriverYardrjtc1"}
COMMAND: GET /session/d5f272f198c3c1f43c195f4d238b9983/screenshot - {}
RESULT: {}
RESULT: {}
COMMAND: POST /session/d5f272f198c3c1f43c195f4d238b9983/element - {"using":"xpath","value":"//input[contains(@id ,\"customerNumber-inner\")]"}
RESULT: {"using":"xpath","value":"//input[contains(@id ,\"customerNumber-inner\")]"}
COMMAND: POST /session/d5f272f198c3c1f43c195f4d238b9983/element/f.3CB17101AE25630290776882465A9E58.d.82B0E67D088900EB129AF80E9B627199.e.11272/value - {"text":"WebdriverPartner8ybrk"}
COMMAND: POST /session/d5f272f198c3c1f43c195f4d238b9983/actions - {"actions":[{"id":"action78","type":"key","parameters":{},"actions":[{"type":"keyDown","value":"î€‡"},{"type":"pause","duration":10},{"type":"keyUp","value":"î€‡"}]}]}
RESULT: {"actions":[{"id":"action78","type":"key","parameters":{},"actions":[{"type":"keyDown","value":"î€‡"},{"type":"pause","duration":10},{"type":"keyUp","value":"î€‡"}]}]}
COMMAND: GET /session/d5f272f198c3c1f43c195f4d238b9983/screenshot - {}
RESULT: {"text":"WebdriverPartner8ybrk"}
COMMAND: GET /session/d5f272f198c3c1f43c195f4d238b9983/screenshot - {}
RESULT: {}
RESULT: {}
COMMAND: POST /session/d5f272f198c3c1f43c195f4d238b9983/element/f.3CB17101AE25630290776882465A9E58.d.82B0E67D088900EB129AF80E9B627199.e.11278/clear - {}
RESULT: {}
COMMAND: POST /session/d5f272f198c3c1f43c195f4d238b9983/element/f.3CB17101AE25630290776882465A9E58.d.82B0E67D088900EB129AF80E9B627199.e.11278/clear - {}
COMMAND: GET /session/d5f272f198c3c1f43c195f4d238b9983/screenshot - {}
RESULT: {}
COMMAND: POST /session/d5f272f198c3c1f43c195f4d238b9983/element/f.3CB17101AE25630290776882465A9E58.d.82B0E67D088900EB129AF80E9B627199.e.11278/value - {"text":"WebdriverYardrjtc1"}
COMMAND: GET /session/d5f272f198c3c1f43c195f4d238b9983/screenshot - {}
RESULT: {}
RESULT: {"text":"WebdriverYardrjtc1"}
COMMAND: GET /session/d5f272f198c3c1f43c195f4d238b9983/screenshot - {}
RESULT: {}
RESULT: {}
COMMAND: POST /session/d5f272f198c3c1f43c195f4d238b9983/actions - {"actions":[{"id":"action79","type":"key","parameters":{},"actions":[{"type":"keyDown","value":"î€‡"},{"type":"pause","duration":10},{"type":"keyUp","value":"î€‡"}]}]}
RESULT: {"actions":[{"id":"action79","type":"key","parameters":{},"actions":[{"type":"keyDown","value":"î€‡"},{"type":"pause","duration":10},{"type":"keyUp","value":"î€‡"}]}]}
COMMAND: GET /session/d5f272f198c3c1f43c195f4d238b9983/screenshot - {}
RESULT: {}
COMMAND: POST /session/d5f272f198c3c1f43c195f4d238b9983/actions - {"actions":[{"id":"action80","type":"key","parameters":{},"actions":[{"type":"keyDown","value":"î€‡"},{"type":"pause","duration":10},{"type":"keyUp","value":"î€‡"}]}]}
RESULT: {"actions":[{"id":"action80","type":"key","parameters":{},"actions":[{"type":"keyDown","value":"î€‡"},{"type":"pause","duration":10},{"type":"keyUp","value":"î€‡"}]}]}
COMMAND: GET /session/d5f272f198c3c1f43c195f4d238b9983/screenshot - {}
RESULT: {}
COMMAND: GET /session/d5f272f198c3c1f43c195f4d238b9983/element/f.3CB17101AE25630290776882465A9E58.d.82B0E67D088900EB129AF80E9B627199.e.11272/property/value - {}
RESULT: {}
COMMAND: POST /session/d5f272f198c3c1f43c195f4d238b9983/element - {"using":"xpath","value":"//input[contains(@id ,\"requestSiteId-inner\")]"}
COMMAND: GET /session/d5f272f198c3c1f43c195f4d238b9983/screenshot - {}
RESULT: {"using":"xpath","value":"//input[contains(@id ,\"requestSiteId-inner\")]"}
COMMAND: POST /session/d5f272f198c3c1f43c195f4d238b9983/element/f.3CB17101AE25630290776882465A9E58.d.82B0E67D088900EB129AF80E9B627199.e.11271/value - {"text":"WebdriverSite4o8us"}
RESULT: {}
RESULT: {"text":"WebdriverSite4o8us"}
COMMAND: GET /session/d5f272f198c3c1f43c195f4d238b9983/screenshot - {}
RESULT: {}
COMMAND: POST /session/d5f272f198c3c1f43c195f4d238b9983/actions - {"actions":[{"id":"action81","type":"key","parameters":{},"actions":[{"type":"keyDown","value":"î€‡"},{"type":"pause","duration":10},{"type":"keyUp","value":"î€‡"}]}]}
RESULT: {"actions":[{"id":"action81","type":"key","parameters":{},"actions":[{"type":"keyDown","value":"î€‡"},{"type":"pause","duration":10},{"type":"keyUp","value":"î€‡"}]}]}
COMMAND: GET /session/d5f272f198c3c1f43c195f4d238b9983/screenshot - {}
RESULT: {}
COMMAND: POST /session/d5f272f198c3c1f43c195f4d238b9983/element - {"using":"xpath","value":"//button[contains(@data-kt ,\"requestItemAddOverflowToolbarButton\")]"}
RESULT: {"using":"xpath","value":"//button[contains(@data-kt ,\"requestItemAddOverflowToolbarButton\")]"}
COMMAND: POST /session/d5f272f198c3c1f43c195f4d238b9983/element/f.3CB17101AE25630290776882465A9E58.d.82B0E67D088900EB129AF80E9B627199.e.11408/click - {}
RESULT: {}
COMMAND: GET /session/d5f272f198c3c1f43c195f4d238b9983/screenshot - {}
RESULT: {}
COMMAND: POST /session/d5f272f198c3c1f43c195f4d238b9983/actions - {"actions":[{"id":"action82","type":"key","parameters":{},"actions":[{"type":"keyDown","value":"î€•"},{"type":"pause","duration":10},{"type":"keyUp","value":"î€•"}]}]}
RESULT: {"actions":[{"id":"action82","type":"key","parameters":{},"actions":[{"type":"keyDown","value":"î€•"},{"type":"pause","duration":10},{"type":"keyUp","value":"î€•"}]}]}
COMMAND: POST /session/d5f272f198c3c1f43c195f4d238b9983/actions - {"actions":[{"id":"action83","type":"key","parameters":{},"actions":[{"type":"keyDown","value":"î€‡"},{"type":"pause","duration":10},{"type":"keyUp","value":"î€‡"}]}]}
COMMAND: GET /session/d5f272f198c3c1f43c195f4d238b9983/screenshot - {}
RESULT: {"actions":[{"id":"action83","type":"key","parameters":{},"actions":[{"type":"keyDown","value":"î€‡"},{"type":"pause","duration":10},{"type":"keyUp","value":"î€‡"}]}]}
COMMAND: GET /session/d5f272f198c3c1f43c195f4d238b9983/screenshot - {}
RESULT: {}
RESULT: {}
COMMAND: POST /session/d5f272f198c3c1f43c195f4d238b9983/element - {"using":"xpath","value":"(//input[contains(@id ,\"requestItemsTable-0-inner\")])[1]"}
RESULT: {"using":"xpath","value":"(//input[contains(@id ,\"requestItemsTable-0-inner\")])[1]"}
COMMAND: POST /session/d5f272f198c3c1f43c195f4d238b9983/element/f.3CB17101AE25630290776882465A9E58.d.82B0E67D088900EB129AF80E9B627199.e.11412/clear - {}
RESULT: {}
COMMAND: POST /session/d5f272f198c3c1f43c195f4d238b9983/element/f.3CB17101AE25630290776882465A9E58.d.82B0E67D088900EB129AF80E9B627199.e.11412/value - {"text":"catalogItem21yfw"}
COMMAND: GET /session/d5f272f198c3c1f43c195f4d238b9983/screenshot - {}
RESULT: {"text":"catalogItem21yfw"}
COMMAND: GET /session/d5f272f198c3c1f43c195f4d238b9983/screenshot - {}
RESULT: {}
RESULT: {}
COMMAND: POST /session/d5f272f198c3c1f43c195f4d238b9983/actions - {"actions":[{"id":"action84","type":"key","parameters":{},"actions":[{"type":"keyDown","value":"î€‡"},{"type":"pause","duration":10},{"type":"keyUp","value":"î€‡"}]}]}
RESULT: {"actions":[{"id":"action84","type":"key","parameters":{},"actions":[{"type":"keyDown","value":"î€‡"},{"type":"pause","duration":10},{"type":"keyUp","value":"î€‡"}]}]}
COMMAND: GET /session/d5f272f198c3c1f43c195f4d238b9983/screenshot - {}
RESULT: {}
COMMAND: POST /session/d5f272f198c3c1f43c195f4d238b9983/execute/async - {"script":"<script> [1562 bytes]","args":[{"selector":{"controlType":"sap.ui.core.Icon","viewName":"etm.portal.ui.managerequests.view.NewRequest","properties":{"src":{"regex":{"source":"slim\\-arrow\\-down"}}},"ancestor":{"controlType":"sap.m.Button","viewName":"etm.portal.ui.managerequests.view.NewRequest","properties":{"icon":"sap-icon://slim-arrow-down"}}},"wdio_ui5_key":"etmportal.ui.managerequests.view.NewRequestsap.ui.core.Icon{\"src\":{\"regex\":{\"source\":\"slim\\\\-arrow\\\\-down\"}}}{\"controlType\":\"sap.m.Button\",\"viewName\":\"etm.portal.ui.managerequests.view.NewRequest\",\"properties\":{\"icon\":\"sap-icon://slim-arrow-down\"}}"}]}
RESULT: {"script":"<script> [1562 bytes]","args":[{"selector":{"controlType":"sap.ui.core.Icon","viewName":"etm.portal.ui.managerequests.view.NewRequest","properties":{"src":{"regex":{"source":"slim\\-arrow\\-down"}}},"ancestor":{"controlType":"sap.m.Button","viewName":"etm.portal.ui.managerequests.view.NewRequest","properties":{"icon":"sap-icon://slim-arrow-down"}}},"wdio_ui5_key":"etmportal.ui.managerequests.view.NewRequestsap.ui.core.Icon{\"src\":{\"regex\":{\"source\":\"slim\\\\-arrow\\\\-down\"}}}{\"controlType\":\"sap.m.Button\",\"viewName\":\"etm.portal.ui.managerequests.view.NewRequest\",\"properties\":{\"icon\":\"sap-icon://slim-arrow-down\"}}"}]}
RESULT: undefined
COMMAND: POST /session/d5f272f198c3c1f43c195f4d238b9983/element - {"using":"xpath","value":"//div[contains(@data-kt ,\"splitAllocationObjectStatus\")]"}
RESULT: {"using":"xpath","value":"//div[contains(@data-kt ,\"splitAllocationObjectStatus\")]"}
COMMAND: POST /session/d5f272f198c3c1f43c195f4d238b9983/elements - {"using":"xpath","value":"//div[contains(@data-kt ,\"splitAllocationObjectStatus\")]"}
RESULT: {"using":"xpath","value":"//div[contains(@data-kt ,\"splitAllocationObjectStatus\")]"}
COMMAND: POST /session/d5f272f198c3c1f43c195f4d238b9983/execute/async - {"script":"<script> [1562 bytes]","args":[{"selector":{"controlType":"sap.ui.core.Icon","viewName":"etm.portal.ui.managerequests.view.NewRequest","properties":{"src":{"regex":{"source":"message\\-error"}}}},"wdio_ui5_key":"etmportal.ui.managerequests.view.NewRequestsap.ui.core.Icon{\"src\":{\"regex\":{\"source\":\"message\\\\-error\"}}}"}]}
RESULT: {"script":"<script> [1562 bytes]","args":[{"selector":{"controlType":"sap.ui.core.Icon","viewName":"etm.portal.ui.managerequests.view.NewRequest","properties":{"src":{"regex":{"source":"message\\-error"}}}},"wdio_ui5_key":"etmportal.ui.managerequests.view.NewRequestsap.ui.core.Icon{\"src\":{\"regex\":{\"source\":\"message\\\\-error\"}}}"}]}
RESULT: undefined
COMMAND: POST /session/d5f272f198c3c1f43c195f4d238b9983/element - {"using":"xpath","value":"//*[@id=\"__status4-__xmlview59--requestItemsTable-0-icon\"]"}
RESULT: {"using":"xpath","value":"//*[@id=\"__status4-__xmlview59--requestItemsTable-0-icon\"]"}
COMMAND: POST /session/d5f272f198c3c1f43c195f4d238b9983/element/f.3CB17101AE25630290776882465A9E58.d.82B0E67D088900EB129AF80E9B627199.e.11426/click - {}
RESULT: {}
COMMAND: POST /session/d5f272f198c3c1f43c195f4d238b9983/execute/async - {"script":"<script> [1562 bytes]","args":[{"selector":{"controlType":"sap.ui.core.Icon","viewName":"etm.portal.ui.managerequests.view.NewRequest","properties":{"src":{"regex":{"source":"slim\\-arrow\\-down"}}},"searchOpenDialogs":true,"ancestor":{"id":"costObjectAdminTypeComboBox","viewName":"etm.portal.ui.managerequests.view.NewRequest","searchOpenDialogs":true}},"wdio_ui5_key":"etmportal.ui.managerequests.view.NewRequestsap.ui.core.Icon{\"src\":{\"regex\":{\"source\":\"slim\\\\-arrow\\\\-down\"}}}{\"id\":\"costObjectAdminTypeComboBox\",\"viewName\":\"etm.portal.ui.managerequests.view.NewRequest\",\"searchOpenDialogs\":true}"}]}
COMMAND: GET /session/d5f272f198c3c1f43c195f4d238b9983/screenshot - {}
RESULT: {"script":"<script> [1562 bytes]","args":[{"selector":{"controlType":"sap.ui.core.Icon","viewName":"etm.portal.ui.managerequests.view.NewRequest","properties":{"src":{"regex":{"source":"slim\\-arrow\\-down"}}},"searchOpenDialogs":true,"ancestor":{"id":"costObjectAdminTypeComboBox","viewName":"etm.portal.ui.managerequests.view.NewRequest","searchOpenDialogs":true}},"wdio_ui5_key":"etmportal.ui.managerequests.view.NewRequestsap.ui.core.Icon{\"src\":{\"regex\":{\"source\":\"slim\\\\-arrow\\\\-down\"}}}{\"id\":\"costObjectAdminTypeComboBox\",\"viewName\":\"etm.portal.ui.managerequests.view.NewRequest\",\"searchOpenDialogs\":true}"}]}
RESULT: undefined
COMMAND: POST /session/d5f272f198c3c1f43c195f4d238b9983/element - {"using":"xpath","value":"//*[@id=\"__xmlview59--costObjectAdminTypeComboBox-arrow\"]"}
RESULT: {}
RESULT: {"using":"xpath","value":"//*[@id=\"__xmlview59--costObjectAdminTypeComboBox-arrow\"]"}
COMMAND: POST /session/d5f272f198c3c1f43c195f4d238b9983/element/f.3CB17101AE25630290776882465A9E58.d.82B0E67D088900EB129AF80E9B627199.e.11431/click - {}
RESULT: {}
COMMAND: POST /session/d5f272f198c3c1f43c195f4d238b9983/execute/async - {"script":"<script> [1562 bytes]","args":[{"selector":{"controlType":"sap.m.StandardListItem","viewName":"etm.portal.ui.managerequests.view.NewRequest","properties":{"title":"Cost Center"},"searchOpenDialogs":true,"interaction":{"idSuffix":"titleText"}},"wdio_ui5_key":"etmportal.ui.managerequests.view.NewRequestsap.m.StandardListItem{\"title\":\"Cost Center\"}"}]}
COMMAND: GET /session/d5f272f198c3c1f43c195f4d238b9983/screenshot - {}
RESULT: {"script":"<script> [1562 bytes]","args":[{"selector":{"controlType":"sap.m.StandardListItem","viewName":"etm.portal.ui.managerequests.view.NewRequest","properties":{"title":"Cost Center"},"searchOpenDialogs":true,"interaction":{"idSuffix":"titleText"}},"wdio_ui5_key":"etmportal.ui.managerequests.view.NewRequestsap.m.StandardListItem{\"title\":\"Cost Center\"}"}]}
RESULT: undefined
COMMAND: POST /session/d5f272f198c3c1f43c195f4d238b9983/element - {"using":"xpath","value":"//*[@id=\"__item704\"]"}
RESULT: {}
RESULT: {"using":"xpath","value":"//*[@id=\"__item704\"]"}
COMMAND: POST /session/d5f272f198c3c1f43c195f4d238b9983/element/f.3CB17101AE25630290776882465A9E58.d.82B0E67D088900EB129AF80E9B627199.e.11433/click - {}
RESULT: {}
COMMAND: GET /session/d5f272f198c3c1f43c195f4d238b9983/screenshot - {}
RESULT: {}
COMMAND: POST /session/d5f272f198c3c1f43c195f4d238b9983/execute/async - {"script":"<script> [1562 bytes]","args":[{"selector":{"controlType":"sap.ui.core.Icon","viewName":"etm.portal.ui.managerequests.view.NewRequest","properties":{"src":{"regex":{"source":"value\\-help"}}},"searchOpenDialogs":true},"wdio_ui5_key":"etmportal.ui.managerequests.view.NewRequestsap.ui.core.Icon{\"src\":{\"regex\":{\"source\":\"value\\\\-help\"}}}"}]}
RESULT: {"script":"<script> [1562 bytes]","args":[{"selector":{"controlType":"sap.ui.core.Icon","viewName":"etm.portal.ui.managerequests.view.NewRequest","properties":{"src":{"regex":{"source":"value\\-help"}}},"searchOpenDialogs":true},"wdio_ui5_key":"etmportal.ui.managerequests.view.NewRequestsap.ui.core.Icon{\"src\":{\"regex\":{\"source\":\"value\\\\-help\"}}}"}]}
RESULT: undefined
COMMAND: POST /session/d5f272f198c3c1f43c195f4d238b9983/element - {"using":"xpath","value":"//*[@id=\"__xmlview59--costObjectIdComboBox-vhi\"]"}
RESULT: {"using":"xpath","value":"//*[@id=\"__xmlview59--costObjectIdComboBox-vhi\"]"}
COMMAND: POST /session/d5f272f198c3c1f43c195f4d238b9983/element/f.3CB17101AE25630290776882465A9E58.d.82B0E67D088900EB129AF80E9B627199.e.11439/click - {}
RESULT: {}
COMMAND: POST /session/d5f272f198c3c1f43c195f4d238b9983/execute/async - {"script":"<script> [1562 bytes]","args":[{"selector":{"controlType":"sap.m.SearchField","properties":{"placeholder":"Search"},"searchOpenDialogs":true,"interaction":{"idSuffix":"I"}},"wdio_ui5_key":"sapm.SearchField{\"placeholder\":\"Search\"}"}]}
COMMAND: GET /session/d5f272f198c3c1f43c195f4d238b9983/screenshot - {}
RESULT: {"script":"<script> [1562 bytes]","args":[{"selector":{"controlType":"sap.m.SearchField","properties":{"placeholder":"Search"},"searchOpenDialogs":true,"interaction":{"idSuffix":"I"}},"wdio_ui5_key":"sapm.SearchField{\"placeholder\":\"Search\"}"}]}
RESULT: undefined
COMMAND: POST /session/d5f272f198c3c1f43c195f4d238b9983/execute/async - {"script":"<script> [776 bytes]","args":[{"enterText":"10001010","selector":{"controlType":"sap.m.SearchField","properties":{"placeholder":"Search"},"searchOpenDialogs":true,"interaction":{"idSuffix":"I"}},"clearTextFirst":true,"interactionType":"ENTER_TEXT"}]}
RESULT: {}
RESULT: {"script":"<script> [776 bytes]","args":[{"enterText":"10001010","selector":{"controlType":"sap.m.SearchField","properties":{"placeholder":"Search"},"searchOpenDialogs":true,"interaction":{"idSuffix":"I"}},"clearTextFirst":true,"interactionType":"ENTER_TEXT"}]}
COMMAND: POST /session/d5f272f198c3c1f43c195f4d238b9983/actions - {"actions":[{"id":"action85","type":"key","parameters":{},"actions":[{"type":"keyDown","value":"î€‡"},{"type":"pause","duration":10},{"type":"keyUp","value":"î€‡"}]}]}
RESULT: {"actions":[{"id":"action85","type":"key","parameters":{},"actions":[{"type":"keyDown","value":"î€‡"},{"type":"pause","duration":10},{"type":"keyUp","value":"î€‡"}]}]}
COMMAND: GET /session/d5f272f198c3c1f43c195f4d238b9983/screenshot - {}
RESULT: {}
COMMAND: POST /session/d5f272f198c3c1f43c195f4d238b9983/execute/async - {"script":"<script> [1562 bytes]","args":[{"selector":{"controlType":"sap.m.Text","bindingPath":{"path":"/C_CostCtrValueHelp(CostCenter='10001010',ControllingArea='Z001')","propertyPath":"CostCenterName","modelName":"CostCenterModel"},"searchOpenDialogs":true},"wdio_ui5_key":"sapm.Text{\"path\":\"/C_CostCtrValueHelp(CostCenter='10001010',ControllingArea='Z001')\",\"propertyPath\":\"CostCenterName\",\"modelName\":\"CostCenterModel\"}"}]}
RESULT: {"script":"<script> [1562 bytes]","args":[{"selector":{"controlType":"sap.m.Text","bindingPath":{"path":"/C_CostCtrValueHelp(CostCenter='10001010',ControllingArea='Z001')","propertyPath":"CostCenterName","modelName":"CostCenterModel"},"searchOpenDialogs":true},"wdio_ui5_key":"sapm.Text{\"path\":\"/C_CostCtrValueHelp(CostCenter='10001010',ControllingArea='Z001')\",\"propertyPath\":\"CostCenterName\",\"modelName\":\"CostCenterModel\"}"}]}
RESULT: undefined
COMMAND: POST /session/d5f272f198c3c1f43c195f4d238b9983/element - {"using":"xpath","value":"//*[@id=\"__text291-__clone842\"]"}
RESULT: {"using":"xpath","value":"//*[@id=\"__text291-__clone842\"]"}
COMMAND: POST /session/d5f272f198c3c1f43c195f4d238b9983/element/f.3CB17101AE25630290776882465A9E58.d.82B0E67D088900EB129AF80E9B627199.e.11480/click - {}
RESULT: {}
COMMAND: POST /session/d5f272f198c3c1f43c195f4d238b9983/execute/async - {"script":"<script> [1562 bytes]","args":[{"selector":{"controlType":"sap.m.Button","properties":{"text":"OK"},"searchOpenDialogs":true,"interaction":{"idSuffix":"BDI-content"}},"wdio_ui5_key":"sapm.Button{\"text\":\"OK\"}"}]}
COMMAND: GET /session/d5f272f198c3c1f43c195f4d238b9983/screenshot - {}
RESULT: {"script":"<script> [1562 bytes]","args":[{"selector":{"controlType":"sap.m.Button","properties":{"text":"OK"},"searchOpenDialogs":true,"interaction":{"idSuffix":"BDI-content"}},"wdio_ui5_key":"sapm.Button{\"text\":\"OK\"}"}]}
RESULT: undefined
COMMAND: POST /session/d5f272f198c3c1f43c195f4d238b9983/element - {"using":"xpath","value":"//*[@id=\"__dialog1-ok\"]"}
RESULT: {}
RESULT: {"using":"xpath","value":"//*[@id=\"__dialog1-ok\"]"}
COMMAND: POST /session/d5f272f198c3c1f43c195f4d238b9983/element/f.3CB17101AE25630290776882465A9E58.d.82B0E67D088900EB129AF80E9B627199.e.11482/click - {}
RESULT: {}
COMMAND: GET /session/d5f272f198c3c1f43c195f4d238b9983/screenshot - {}
RESULT: {}
COMMAND: POST /session/d5f272f198c3c1f43c195f4d238b9983/execute/async - {"script":"<script> [1562 bytes]","args":[{"selector":{"controlType":"sap.m.Button","viewName":"etm.portal.ui.managerequests.view.NewRequest","i18NText":{"propertyName":"text","key":"save"},"searchOpenDialogs":true,"interaction":{"idSuffix":"BDI-content"}},"wdio_ui5_key":"etmportal.ui.managerequests.view.NewRequestsap.m.Button{\"propertyName\":\"text\",\"key\":\"save\"}"}]}
RESULT: {"script":"<script> [1562 bytes]","args":[{"selector":{"controlType":"sap.m.Button","viewName":"etm.portal.ui.managerequests.view.NewRequest","i18NText":{"propertyName":"text","key":"save"},"searchOpenDialogs":true,"interaction":{"idSuffix":"BDI-content"}},"wdio_ui5_key":"etmportal.ui.managerequests.view.NewRequestsap.m.Button{\"propertyName\":\"text\",\"key\":\"save\"}"}]}
RESULT: undefined
COMMAND: POST /session/d5f272f198c3c1f43c195f4d238b9983/element - {"using":"xpath","value":"//*[@id=\"__button24\"]"}
RESULT: {"using":"xpath","value":"//*[@id=\"__button24\"]"}
COMMAND: POST /session/d5f272f198c3c1f43c195f4d238b9983/element/f.3CB17101AE25630290776882465A9E58.d.82B0E67D088900EB129AF80E9B627199.e.11486/click - {}
RESULT: {}
COMMAND: GET /session/d5f272f198c3c1f43c195f4d238b9983/screenshot - {}
RESULT: {}
COMMAND: POST /session/d5f272f198c3c1f43c195f4d238b9983/element - {"using":"xpath","value":"(//bdi[contains(text() ,\"Save\")])[1]"}
RESULT: {"using":"xpath","value":"(//bdi[contains(text() ,\"Save\")])[1]"}
COMMAND: POST /session/d5f272f198c3c1f43c195f4d238b9983/element/f.3CB17101AE25630290776882465A9E58.d.82B0E67D088900EB129AF80E9B627199.e.11488/click - {}
RESULT: {}
COMMAND: GET /session/d5f272f198c3c1f43c195f4d238b9983/screenshot - {}
RESULT: {}
COMMAND: POST /session/d5f272f198c3c1f43c195f4d238b9983/execute/async - {"script":"<script> [1562 bytes]","args":[{"selector":{"controlType":"sap.m.Title","properties":{"text":"Success"},"searchOpenDialogs":true},"wdio_ui5_key":"sapm.Title{\"text\":\"Success\"}"}]}
RESULT: {"script":"<script> [1562 bytes]","args":[{"selector":{"controlType":"sap.m.Title","properties":{"text":"Success"},"searchOpenDialogs":true},"wdio_ui5_key":"sapm.Title{\"text\":\"Success\"}"}]}
RESULT: undefined
COMMAND: POST /session/d5f272f198c3c1f43c195f4d238b9983/execute/async - {"script":"<script> [6424 bytes]","args":[{"element-6066-11e4-a52e-4f735466cecf":"f.3CB17101AE25630290776882465A9E58.d.82B0E67D088900EB129AF80E9B627199.e.11492"},"getText",[]]}
RESULT: {"script":"<script> [6424 bytes]","args":[{"element-6066-11e4-a52e-4f735466cecf":"f.3CB17101AE25630290776882465A9E58.d.82B0E67D088900EB129AF80E9B627199.e.11492"},"getText",[]]}
COMMAND: POST /session/d5f272f198c3c1f43c195f4d238b9983/execute/async - {"script":"<script> [1562 bytes]","args":[{"selector":{"controlType":"sap.m.Button","properties":{"text":"Close"},"searchOpenDialogs":true,"interaction":{"idSuffix":"BDI-content"}},"wdio_ui5_key":"sapm.Button{\"text\":\"Close\"}"}]}
RESULT: {"script":"<script> [1562 bytes]","args":[{"selector":{"controlType":"sap.m.Button","properties":{"text":"Close"},"searchOpenDialogs":true,"interaction":{"idSuffix":"BDI-content"}},"wdio_ui5_key":"sapm.Button{\"text\":\"Close\"}"}]}
RESULT: undefined
COMMAND: POST /session/d5f272f198c3c1f43c195f4d238b9983/element - {"using":"xpath","value":"//*[@id=\"__mbox-btn-0\"]"}
RESULT: {"using":"xpath","value":"//*[@id=\"__mbox-btn-0\"]"}
COMMAND: POST /session/d5f272f198c3c1f43c195f4d238b9983/element/f.3CB17101AE25630290776882465A9E58.d.82B0E67D088900EB129AF80E9B627199.e.11491/click - {}
RESULT: {}
COMMAND: GET /session/d5f272f198c3c1f43c195f4d238b9983/screenshot - {}
RESULT: {}
COMMAND: POST /session/d5f272f198c3c1f43c195f4d238b9983/execute/async - {"script":"<script> [1562 bytes]","args":[{"selector":{"controlType":"sap.m.Text","viewName":"etm.portal.ui.managerequests.view.Detail","bindingPath":{"propertyPath":"NO","modelName":"catalogModel"}},"wdio_ui5_key":"etmportal.ui.managerequests.view.Detailsap.m.Text{\"propertyPath\":\"NO\",\"modelName\":\"catalogModel\"}"}]}
RESULT: {"script":"<script> [1562 bytes]","args":[{"selector":{"controlType":"sap.m.Text","viewName":"etm.portal.ui.managerequests.view.Detail","bindingPath":{"propertyPath":"NO","modelName":"catalogModel"}},"wdio_ui5_key":"etmportal.ui.managerequests.view.Detailsap.m.Text{\"propertyPath\":\"NO\",\"modelName\":\"catalogModel\"}"}]}
RESULT: undefined
COMMAND: POST /session/d5f272f198c3c1f43c195f4d238b9983/execute/async - {"script":"<script> [6424 bytes]","args":[{"element-6066-11e4-a52e-4f735466cecf":"f.3CB17101AE25630290776882465A9E58.d.82B0E67D088900EB129AF80E9B627199.e.11620"},"getText",[]]}
RESULT: {"script":"<script> [6424 bytes]","args":[{"element-6066-11e4-a52e-4f735466cecf":"f.3CB17101AE25630290776882465A9E58.d.82B0E67D088900EB129AF80E9B627199.e.11620"},"getText",[]]}
COMMAND: POST /session/d5f272f198c3c1f43c195f4d238b9983/execute/async - {"script":"<script> [1562 bytes]","args":[{"selector":{"controlType":"sap.ui.core.Icon","viewName":"etm.portal.ui.managerequests.view.Detail","properties":{"src":{"regex":{"source":"date\\-time"}}},"ancestor":{"controlType":"sap.m.ColumnListItem","viewName":"etm.portal.ui.managerequests.view.Detail","bindingPath":{"path":"/SmartRequestItemsPlanningBoard(ITEM=10m,REQUEST='20330')"},"ancestor":{"id":"requestItemsTable","viewName":"etm.portal.ui.managerequests.view.Detail"}}},"wdio_ui5_key":"etmportal.ui.managerequests.view.Detailsap.ui.core.Icon{\"src\":{\"regex\":{\"source\":\"date\\\\-time\"}}}{\"controlType\":\"sap.m.ColumnListItem\",\"viewName\":\"etm.portal.ui.managerequests.view.Detail\",\"bindingPath\":{\"path\":\"/SmartRequestItemsPlanningBoard(ITEM=10m,REQUEST='20330')\"},\"ancestor\":{\"id\":\"requestItemsTable\",\"viewName\":\"etm.portal.ui.managerequests.view.Detail\"}}"}]}
RESULT: {"script":"<script> [1562 bytes]","args":[{"selector":{"controlType":"sap.ui.core.Icon","viewName":"etm.portal.ui.managerequests.view.Detail","properties":{"src":{"regex":{"source":"date\\-time"}}},"ancestor":{"controlType":"sap.m.ColumnListItem","viewName":"etm.portal.ui.managerequests.view.Detail","bindingPath":{"path":"/SmartRequestItemsPlanningBoard(ITEM=10m,REQUEST='20330')"},"ancestor":{"id":"requestItemsTable","viewName":"etm.portal.ui.managerequests.view.Detail"}}},"wdio_ui5_key":"etmportal.ui.managerequests.view.Detailsap.ui.core.Icon{\"src\":{\"regex\":{\"source\":\"date\\\\-time\"}}}{\"controlType\":\"sap.m.ColumnListItem\",\"viewName\":\"etm.portal.ui.managerequests.view.Detail\",\"bindingPath\":{\"path\":\"/SmartRequestItemsPlanningBoard(ITEM=10m,REQUEST='20330')\"},\"ancestor\":{\"id\":\"requestItemsTable\",\"viewName\":\"etm.portal.ui.managerequests.view.Detail\"}}"}]}
RESULT: undefined
COMMAND: POST /session/d5f272f198c3c1f43c195f4d238b9983/element - {"using":"xpath","value":"//*[@id=\"__button39-__clone881-img\"]"}
RESULT: {"using":"xpath","value":"//*[@id=\"__button39-__clone881-img\"]"}
COMMAND: POST /session/d5f272f198c3c1f43c195f4d238b9983/element/f.3CB17101AE25630290776882465A9E58.d.82B0E67D088900EB129AF80E9B627199.e.11621/click - {}
RESULT: {}
COMMAND: POST /session/d5f272f198c3c1f43c195f4d238b9983/execute/async - {"script":"<script> [1562 bytes]","args":[{"selector":{"controlType":"sap.m.Button","viewName":"etm.portal.ui.managerequests.view.Detail","properties":{"text":"Close"},"searchOpenDialogs":true,"interaction":{"idSuffix":"BDI-content"}},"wdio_ui5_key":"etmportal.ui.managerequests.view.Detailsap.m.Button{\"text\":\"Close\"}"}]}
COMMAND: GET /session/d5f272f198c3c1f43c195f4d238b9983/screenshot - {}
RESULT: {"script":"<script> [1562 bytes]","args":[{"selector":{"controlType":"sap.m.Button","viewName":"etm.portal.ui.managerequests.view.Detail","properties":{"text":"Close"},"searchOpenDialogs":true,"interaction":{"idSuffix":"BDI-content"}},"wdio_ui5_key":"etmportal.ui.managerequests.view.Detailsap.m.Button{\"text\":\"Close\"}"}]}
RESULT: undefined
COMMAND: POST /session/d5f272f198c3c1f43c195f4d238b9983/element - {"using":"xpath","value":"//*[@id=\"__button49\"]"}
RESULT: {}
RESULT: {"using":"xpath","value":"//*[@id=\"__button49\"]"}
COMMAND: POST /session/d5f272f198c3c1f43c195f4d238b9983/element/f.3CB17101AE25630290776882465A9E58.d.82B0E67D088900EB129AF80E9B627199.e.11624/click - {}
RESULT: {}
COMMAND: POST /session/d5f272f198c3c1f43c195f4d238b9983/refresh - {}
COMMAND: GET /session/d5f272f198c3c1f43c195f4d238b9983/screenshot - {}
RESULT: {}
COMMAND: GET /session/d5f272f198c3c1f43c195f4d238b9983/screenshot - {}
RESULT: {}
RESULT: {}
COMMAND: POST /session/d5f272f198c3c1f43c195f4d238b9983/execute/async - {"script":"<script> [189 bytes]","args":[]}
RESULT: {"script":"<script> [189 bytes]","args":[]}
COMMAND: POST /session/d5f272f198c3c1f43c195f4d238b9983/execute/async - {"script":"<script> [123 bytes]","args":[]}
RESULT: {"script":"<script> [123 bytes]","args":[]}
COMMAND: POST /session/d5f272f198c3c1f43c195f4d238b9983/timeouts - {"script":"<number>"}
RESULT: {"script":"<number>"}
COMMAND: GET /session/d5f272f198c3c1f43c195f4d238b9983/timeouts - {}
RESULT: {}
RESULT: undefined
COMMAND: POST /session/d5f272f198c3c1f43c195f4d238b9983/execute/async - {"script":"<script> [2676 bytes]","args":[]}
RESULT: {"script":"<script> [2676 bytes]","args":[]}
COMMAND: POST /session/d5f272f198c3c1f43c195f4d238b9983/execute/async - {"script":"<script> [2342 bytes]","args":[{"protocol":"http","hostname":"0.0.0.0","path":"/","capabilities":{"browserName":"chrome","goog:chromeOptions":{"binary":"C:\\Program Files\\Google\\Chrome\\Application\\chrome.exe","args":["--start-maximized"]}},"logLevel":"warn","connectionRetryTimeout":120000,"connectionRetryCount":3,"logLevels":{},"enableDirectConnect":true,"strictSSL":true,"_":"65 more keys: [\"cacheDir\",\"port\",\"requestedCapabilities\",\"automationProtocol\",\"baseUrl\",\"waitforInterval\",\"waitforTimeout\",\"onReload\",\"beforeCommand\",\"afterCommand\",\"rootDir\",\"specs\",\"suites\",\"exclude\",\"groupLogsByTestSpec\",\"excludeDriverLogs\",\"bail\",\"framework\",\"reporters\",\"services\",\"maxInstances\",\"maxInstancesPerCapability\",\"injectGlobals\",\"filesToWatch\",\"execArgv\",\"runnerEnv\",\"runner\",\"shard\",\"specFileRetries\",\"specFileRetriesDelay\",\"specFileRetriesDeferred\",\"reporterSyncInterval\",\"reporterSyncTimeout\",\"cucumberFeaturesWithLineNumbers\",\"autoCompileOpts\",\"mochaOpts\",\"jasmineOpts\",\"cucumberOpts\",\"onPrepare\",\"onWorkerStart\",\"onWorkerEnd\",\"before\",\"beforeSession\",\"beforeSuite\",\"beforeHook\",\"beforeTest\",\"afterTest\",\"afterHook\",\"afterSuite\",\"afterSession\",\"after\",\"onComplete\",\"beforeAssertion\",\"afterAssertion\",\"beforeFeature\",\"beforeScenario\",\"beforeStep\",\"afterStep\",\"afterScenario\",\"afterFeature\",\"_\",\"suite\",\"$0\",\"ignoredWorkerServices\",\"wdi5\"]"}]}
RESULT: {"script":"<script> [2342 bytes]","args":[{"protocol":"http","hostname":"0.0.0.0","path":"/","capabilities":{"browserName":"chrome","goog:chromeOptions":{"binary":"C:\\Program Files\\Google\\Chrome\\Application\\chrome.exe","args":["--start-maximized"]}},"logLevel":"warn","connectionRetryTimeout":120000,"connectionRetryCount":3,"logLevels":{},"enableDirectConnect":true,"strictSSL":true,"_":"65 more keys: [\"cacheDir\",\"port\",\"requestedCapabilities\",\"automationProtocol\",\"baseUrl\",\"waitforInterval\",\"waitforTimeout\",\"onReload\",\"beforeCommand\",\"afterCommand\",\"rootDir\",\"specs\",\"suites\",\"exclude\",\"groupLogsByTestSpec\",\"excludeDriverLogs\",\"bail\",\"framework\",\"reporters\",\"services\",\"maxInstances\",\"maxInstancesPerCapability\",\"injectGlobals\",\"filesToWatch\",\"execArgv\",\"runnerEnv\",\"runner\",\"shard\",\"specFileRetries\",\"specFileRetriesDelay\",\"specFileRetriesDeferred\",\"reporterSyncInterval\",\"reporterSyncTimeout\",\"cucumberFeaturesWithLineNumbers\",\"autoCompileOpts\",\"mochaOpts\",\"jasmineOpts\",\"cucumberOpts\",\"onPrepare\",\"onWorkerStart\",\"onWorkerEnd\",\"before\",\"beforeSession\",\"beforeSuite\",\"beforeHook\",\"beforeTest\",\"afterTest\",\"afterHook\",\"afterSuite\",\"afterSession\",\"after\",\"onComplete\",\"beforeAssertion\",\"afterAssertion\",\"beforeFeature\",\"beforeScenario\",\"beforeStep\",\"afterStep\",\"afterScenario\",\"afterFeature\",\"_\",\"suite\",\"$0\",\"ignoredWorkerServices\",\"wdi5\"]"}]}
COMMAND: POST /session/d5f272f198c3c1f43c195f4d238b9983/execute/async - {"script":"<script> [21126 bytes]","args":[35000]}
RESULT: {"script":"<script> [21126 bytes]","args":[35000]}
]]></system-out>
    </testcase>
    <testcase classname="chrome.135_0_7049_96.windows.Process_request_items_into_new_quotation_US120163" name="Should process the request into a new quotation" time="53.341">
      <system-out><![CDATA[
COMMAND: GET /session/d5f272f198c3c1f43c195f4d238b9983/window - {}
RESULT: {}
COMMAND: POST /session/d5f272f198c3c1f43c195f4d238b9983/element - {"using":"xpath","value":"//span[contains(@id ,\"detailHeaderTitle-_actionsToolbar-overflowButton-img\")]"}
RESULT: {"using":"xpath","value":"//span[contains(@id ,\"detailHeaderTitle-_actionsToolbar-overflowButton-img\")]"}
COMMAND: POST /session/d5f272f198c3c1f43c195f4d238b9983/element/f.3CB17101AE25630290776882465A9E58.d.DC169AC245380C2B589CD4909989B357.e.11843/click - {}
RESULT: {}
COMMAND: GET /session/d5f272f198c3c1f43c195f4d238b9983/screenshot - {}
RESULT: {}
COMMAND: POST /session/d5f272f198c3c1f43c195f4d238b9983/element - {"using":"xpath","value":"//span[contains(@id ,\"actionsMenuButton-internalSplitBtn-arrowButton-img\")]"}
RESULT: {"using":"xpath","value":"//span[contains(@id ,\"actionsMenuButton-internalSplitBtn-arrowButton-img\")]"}
COMMAND: POST /session/d5f272f198c3c1f43c195f4d238b9983/element/f.3CB17101AE25630290776882465A9E58.d.DC169AC245380C2B589CD4909989B357.e.11847/click - {}
RESULT: {}
COMMAND: GET /session/d5f272f198c3c1f43c195f4d238b9983/screenshot - {}
RESULT: {}
COMMAND: POST /session/d5f272f198c3c1f43c195f4d238b9983/actions - {"actions":[{"id":"action86","type":"key","parameters":{},"actions":[{"type":"keyDown","value":"î€•"},{"type":"pause","duration":10},{"type":"keyUp","value":"î€•"}]}]}
RESULT: {"actions":[{"id":"action86","type":"key","parameters":{},"actions":[{"type":"keyDown","value":"î€•"},{"type":"pause","duration":10},{"type":"keyUp","value":"î€•"}]}]}
COMMAND: GET /session/d5f272f198c3c1f43c195f4d238b9983/screenshot - {}
RESULT: {}
COMMAND: POST /session/d5f272f198c3c1f43c195f4d238b9983/actions - {"actions":[{"id":"action87","type":"key","parameters":{},"actions":[{"type":"keyDown","value":"î€‡"},{"type":"pause","duration":10},{"type":"keyUp","value":"î€‡"}]}]}
RESULT: {"actions":[{"id":"action87","type":"key","parameters":{},"actions":[{"type":"keyDown","value":"î€‡"},{"type":"pause","duration":10},{"type":"keyUp","value":"î€‡"}]}]}
COMMAND: GET /session/d5f272f198c3c1f43c195f4d238b9983/screenshot - {}
RESULT: {}
COMMAND: POST /session/d5f272f198c3c1f43c195f4d238b9983/actions - {"actions":[{"id":"action88","type":"key","parameters":{},"actions":[{"type":"keyDown","value":"î€‡"},{"type":"pause","duration":10},{"type":"keyUp","value":"î€‡"}]}]}
RESULT: {"actions":[{"id":"action88","type":"key","parameters":{},"actions":[{"type":"keyDown","value":"î€‡"},{"type":"pause","duration":10},{"type":"keyUp","value":"î€‡"}]}]}
COMMAND: GET /session/d5f272f198c3c1f43c195f4d238b9983/screenshot - {}
RESULT: {}
COMMAND: POST /session/d5f272f198c3c1f43c195f4d238b9983/actions - {"actions":[{"id":"action89","type":"key","parameters":{},"actions":[{"type":"keyDown","value":"î€‡"},{"type":"pause","duration":10},{"type":"keyUp","value":"î€‡"}]}]}
RESULT: {"actions":[{"id":"action89","type":"key","parameters":{},"actions":[{"type":"keyDown","value":"î€‡"},{"type":"pause","duration":10},{"type":"keyUp","value":"î€‡"}]}]}
COMMAND: GET /session/d5f272f198c3c1f43c195f4d238b9983/screenshot - {}
RESULT: {}
COMMAND: POST /session/d5f272f198c3c1f43c195f4d238b9983/actions - {"actions":[{"id":"action90","type":"key","parameters":{},"actions":[{"type":"keyDown","value":"î€‡"},{"type":"pause","duration":10},{"type":"keyUp","value":"î€‡"}]}]}
RESULT: {"actions":[{"id":"action90","type":"key","parameters":{},"actions":[{"type":"keyDown","value":"î€‡"},{"type":"pause","duration":10},{"type":"keyUp","value":"î€‡"}]}]}
COMMAND: GET /session/d5f272f198c3c1f43c195f4d238b9983/screenshot - {}
RESULT: {}
COMMAND: GET /session/d5f272f198c3c1f43c195f4d238b9983/window/handles - {}
RESULT: {}
COMMAND: GET /session/d5f272f198c3c1f43c195f4d238b9983/window/handles - {}
RESULT: {}
COMMAND: POST /session/d5f272f198c3c1f43c195f4d238b9983/window - {"handle":"FA6A11CAC2812A3C9236E1536E60E15E"}
RESULT: {"handle":"FA6A11CAC2812A3C9236E1536E60E15E"}
COMMAND: GET /session/d5f272f198c3c1f43c195f4d238b9983/url - {}
RESULT: {}
COMMAND: GET /session/d5f272f198c3c1f43c195f4d238b9983/screenshot - {}
RESULT: {}
COMMAND: POST /session/d5f272f198c3c1f43c195f4d238b9983/element - {"using":"xpath","value":"//span[contains(text(), \"Header Billing Items\")]"}
RESULT: {"using":"xpath","value":"//span[contains(text(), \"Header Billing Items\")]"}
COMMAND: POST /session/d5f272f198c3c1f43c195f4d238b9983/element/f.FA6A11CAC2812A3C9236E1536E60E15E.d.371D7D34BBCF4C3DE5E061AB80D382F6.e.12077/click - {}
RESULT: {}
COMMAND: GET /session/d5f272f198c3c1f43c195f4d238b9983/screenshot - {}
RESULT: {}
COMMAND: POST /session/d5f272f198c3c1f43c195f4d238b9983/element - {"using":"xpath","value":"//span[contains(@id ,\"contractItemsSmartTable-header-inner\")]"}
RESULT: {"using":"xpath","value":"//span[contains(@id ,\"contractItemsSmartTable-header-inner\")]"}
COMMAND: GET /session/d5f272f198c3c1f43c195f4d238b9983/element/f.FA6A11CAC2812A3C9236E1536E60E15E.d.371D7D34BBCF4C3DE5E061AB80D382F6.e.12081/text - {}
RESULT: {}
COMMAND: POST /session/d5f272f198c3c1f43c195f4d238b9983/element - {"using":"xpath","value":"//span[@class=\"sapMObjStatusText\"][contains(text(), \"proposed\")]"}
RESULT: {"using":"xpath","value":"//span[@class=\"sapMObjStatusText\"][contains(text(), \"proposed\")]"}
COMMAND: GET /session/d5f272f198c3c1f43c195f4d238b9983/element/f.FA6A11CAC2812A3C9236E1536E60E15E.d.371D7D34BBCF4C3DE5E061AB80D382F6.e.12082/text - {}
RESULT: {}
COMMAND: DELETE /session/d5f272f198c3c1f43c195f4d238b9983/window - {}
RESULT: {}
COMMAND: POST /session/d5f272f198c3c1f43c195f4d238b9983/window - {"handle":"3CB17101AE25630290776882465A9E58"}
RESULT: {"handle":"3CB17101AE25630290776882465A9E58"}
COMMAND: GET /session/d5f272f198c3c1f43c195f4d238b9983/url - {}
RESULT: {}
COMMAND: GET /session/d5f272f198c3c1f43c195f4d238b9983/screenshot - {}
RESULT: {}
]]></system-out>
    </testcase>
    <testcase classname="chrome.135_0_7049_96.windows.Process_request_items_into_new_quotation_US120163" name="Should navigate back to the request and check the request and item statuses" time="34.909">
      <system-out><![CDATA[
COMMAND: POST /session/d5f272f198c3c1f43c195f4d238b9983/refresh - {}
RESULT: {}
COMMAND: GET /session/d5f272f198c3c1f43c195f4d238b9983/screenshot - {}
RESULT: {}
COMMAND: POST /session/d5f272f198c3c1f43c195f4d238b9983/execute/async - {"script":"<script> [189 bytes]","args":[]}
RESULT: {"script":"<script> [189 bytes]","args":[]}
COMMAND: POST /session/d5f272f198c3c1f43c195f4d238b9983/execute/async - {"script":"<script> [123 bytes]","args":[]}
RESULT: {"script":"<script> [123 bytes]","args":[]}
COMMAND: POST /session/d5f272f198c3c1f43c195f4d238b9983/timeouts - {"script":"<number>"}
RESULT: {"script":"<number>"}
COMMAND: GET /session/d5f272f198c3c1f43c195f4d238b9983/timeouts - {}
RESULT: {}
RESULT: undefined
COMMAND: POST /session/d5f272f198c3c1f43c195f4d238b9983/execute/async - {"script":"<script> [2676 bytes]","args":[]}
RESULT: {"script":"<script> [2676 bytes]","args":[]}
COMMAND: POST /session/d5f272f198c3c1f43c195f4d238b9983/execute/async - {"script":"<script> [2342 bytes]","args":[{"protocol":"http","hostname":"0.0.0.0","path":"/","capabilities":{"browserName":"chrome","goog:chromeOptions":{"binary":"C:\\Program Files\\Google\\Chrome\\Application\\chrome.exe","args":["--start-maximized"]}},"logLevel":"warn","connectionRetryTimeout":120000,"connectionRetryCount":3,"logLevels":{},"enableDirectConnect":true,"strictSSL":true,"_":"65 more keys: [\"cacheDir\",\"port\",\"requestedCapabilities\",\"automationProtocol\",\"baseUrl\",\"waitforInterval\",\"waitforTimeout\",\"onReload\",\"beforeCommand\",\"afterCommand\",\"rootDir\",\"specs\",\"suites\",\"exclude\",\"groupLogsByTestSpec\",\"excludeDriverLogs\",\"bail\",\"framework\",\"reporters\",\"services\",\"maxInstances\",\"maxInstancesPerCapability\",\"injectGlobals\",\"filesToWatch\",\"execArgv\",\"runnerEnv\",\"runner\",\"shard\",\"specFileRetries\",\"specFileRetriesDelay\",\"specFileRetriesDeferred\",\"reporterSyncInterval\",\"reporterSyncTimeout\",\"cucumberFeaturesWithLineNumbers\",\"autoCompileOpts\",\"mochaOpts\",\"jasmineOpts\",\"cucumberOpts\",\"onPrepare\",\"onWorkerStart\",\"onWorkerEnd\",\"before\",\"beforeSession\",\"beforeSuite\",\"beforeHook\",\"beforeTest\",\"afterTest\",\"afterHook\",\"afterSuite\",\"afterSession\",\"after\",\"onComplete\",\"beforeAssertion\",\"afterAssertion\",\"beforeFeature\",\"beforeScenario\",\"beforeStep\",\"afterStep\",\"afterScenario\",\"afterFeature\",\"_\",\"suite\",\"$0\",\"ignoredWorkerServices\",\"wdi5\"]"}]}
RESULT: {"script":"<script> [2342 bytes]","args":[{"protocol":"http","hostname":"0.0.0.0","path":"/","capabilities":{"browserName":"chrome","goog:chromeOptions":{"binary":"C:\\Program Files\\Google\\Chrome\\Application\\chrome.exe","args":["--start-maximized"]}},"logLevel":"warn","connectionRetryTimeout":120000,"connectionRetryCount":3,"logLevels":{},"enableDirectConnect":true,"strictSSL":true,"_":"65 more keys: [\"cacheDir\",\"port\",\"requestedCapabilities\",\"automationProtocol\",\"baseUrl\",\"waitforInterval\",\"waitforTimeout\",\"onReload\",\"beforeCommand\",\"afterCommand\",\"rootDir\",\"specs\",\"suites\",\"exclude\",\"groupLogsByTestSpec\",\"excludeDriverLogs\",\"bail\",\"framework\",\"reporters\",\"services\",\"maxInstances\",\"maxInstancesPerCapability\",\"injectGlobals\",\"filesToWatch\",\"execArgv\",\"runnerEnv\",\"runner\",\"shard\",\"specFileRetries\",\"specFileRetriesDelay\",\"specFileRetriesDeferred\",\"reporterSyncInterval\",\"reporterSyncTimeout\",\"cucumberFeaturesWithLineNumbers\",\"autoCompileOpts\",\"mochaOpts\",\"jasmineOpts\",\"cucumberOpts\",\"onPrepare\",\"onWorkerStart\",\"onWorkerEnd\",\"before\",\"beforeSession\",\"beforeSuite\",\"beforeHook\",\"beforeTest\",\"afterTest\",\"afterHook\",\"afterSuite\",\"afterSession\",\"after\",\"onComplete\",\"beforeAssertion\",\"afterAssertion\",\"beforeFeature\",\"beforeScenario\",\"beforeStep\",\"afterStep\",\"afterScenario\",\"afterFeature\",\"_\",\"suite\",\"$0\",\"ignoredWorkerServices\",\"wdi5\"]"}]}
COMMAND: POST /session/d5f272f198c3c1f43c195f4d238b9983/execute/async - {"script":"<script> [21126 bytes]","args":[35000]}
RESULT: {"script":"<script> [21126 bytes]","args":[35000]}
COMMAND: POST /session/d5f272f198c3c1f43c195f4d238b9983/execute/async - {"script":"<script> [1562 bytes]","args":[{"selector":{"controlType":"sap.m.Text","viewName":"etm.portal.ui.managerequests.view.Detail","bindingPath":{"path":"/SmartRequestItemsPlanningBoard(ITEM=10m,REQUEST='20330')","propertyPath":"STATUS_DESC"}},"wdio_ui5_key":"etmportal.ui.managerequests.view.Detailsap.m.Text{\"path\":\"/SmartRequestItemsPlanningBoard(ITEM=10m,REQUEST='20330')\",\"propertyPath\":\"STATUS_DESC\"}"}]}
RESULT: {"script":"<script> [1562 bytes]","args":[{"selector":{"controlType":"sap.m.Text","viewName":"etm.portal.ui.managerequests.view.Detail","bindingPath":{"path":"/SmartRequestItemsPlanningBoard(ITEM=10m,REQUEST='20330')","propertyPath":"STATUS_DESC"}},"wdio_ui5_key":"etmportal.ui.managerequests.view.Detailsap.m.Text{\"path\":\"/SmartRequestItemsPlanningBoard(ITEM=10m,REQUEST='20330')\",\"propertyPath\":\"STATUS_DESC\"}"}]}
RESULT: undefined
COMMAND: POST /session/d5f272f198c3c1f43c195f4d238b9983/execute/async - {"script":"<script> [6424 bytes]","args":[{"element-6066-11e4-a52e-4f735466cecf":"f.3CB17101AE25630290776882465A9E58.d.CF3B53A888D1B66D3895E9F7C91EB845.e.12295"},"getText",[]]}
RESULT: {"script":"<script> [6424 bytes]","args":[{"element-6066-11e4-a52e-4f735466cecf":"f.3CB17101AE25630290776882465A9E58.d.CF3B53A888D1B66D3895E9F7C91EB845.e.12295"},"getText",[]]}
COMMAND: POST /session/d5f272f198c3c1f43c195f4d238b9983/execute/async - {"script":"<script> [1562 bytes]","args":[{"selector":{"controlType":"sap.m.ObjectStatus","viewName":"etm.portal.ui.managerequests.view.Detail","bindingPath":{"path":"/RequestHeaders('20330')","propertyPath":"LINK_TO_STATUS/DESCRIPTION","modelName":"catalogModel"}},"wdio_ui5_key":"etmportal.ui.managerequests.view.Detailsap.m.ObjectStatus{\"path\":\"/RequestHeaders('20330')\",\"propertyPath\":\"LINK_TO_STATUS/DESCRIPTION\",\"modelName\":\"catalogModel\"}"}]}
RESULT: {"script":"<script> [1562 bytes]","args":[{"selector":{"controlType":"sap.m.ObjectStatus","viewName":"etm.portal.ui.managerequests.view.Detail","bindingPath":{"path":"/RequestHeaders('20330')","propertyPath":"LINK_TO_STATUS/DESCRIPTION","modelName":"catalogModel"}},"wdio_ui5_key":"etmportal.ui.managerequests.view.Detailsap.m.ObjectStatus{\"path\":\"/RequestHeaders('20330')\",\"propertyPath\":\"LINK_TO_STATUS/DESCRIPTION\",\"modelName\":\"catalogModel\"}"}]}
RESULT: undefined
COMMAND: POST /session/d5f272f198c3c1f43c195f4d238b9983/execute/async - {"script":"<script> [6424 bytes]","args":[{"element-6066-11e4-a52e-4f735466cecf":"f.3CB17101AE25630290776882465A9E58.d.CF3B53A888D1B66D3895E9F7C91EB845.e.12296"},"getText",[]]}
RESULT: {"script":"<script> [6424 bytes]","args":[{"element-6066-11e4-a52e-4f735466cecf":"f.3CB17101AE25630290776882465A9E58.d.CF3B53A888D1B66D3895E9F7C91EB845.e.12296"},"getText",[]]}
COMMAND: POST /session/d5f272f198c3c1f43c195f4d238b9983/element - {"using":"css selector","value":"#shell-header-logo"}
RESULT: {"using":"css selector","value":"#shell-header-logo"}
COMMAND: POST /session/d5f272f198c3c1f43c195f4d238b9983/element/f.3CB17101AE25630290776882465A9E58.d.CF3B53A888D1B66D3895E9F7C91EB845.e.12089/click - {}
RESULT: {}
COMMAND: GET /session/d5f272f198c3c1f43c195f4d238b9983/screenshot - {}
RESULT: {}
]]></system-out>
    </testcase>
  </testsuite>
  <testsuite timestamp="2025-05-03T16:14:27" time="417.728" tests="4" failures="0" errors="0" skipped="0">
    <properties>
      <property name="specId" value="0" />
      <property name="suiteName" value="Process request items into an existing quotation US120163" />
      <property name="capabilities" value="chrome.135_0_7049_96.windows" />
      <property name="file" value="file:///D:/a/1/s/test/specs/R2C/process-request-items-into-existing-quotation.spec.js" />
    </properties>
    <testcase classname="chrome.135_0_7049_96.windows.Process_request_items_into_an_existing_quotation_US120163" name="Should create a new quotation" time="80.291">
      <system-out><![CDATA[
COMMAND: POST /session/d5f272f198c3c1f43c195f4d238b9983/execute/async - {"script":"<script> [1562 bytes]","args":[{"selector":{"controlType":"sap.m.GenericTile","properties":{"header":"Manage Quotations"}},"wdio_ui5_key":"sapm.GenericTile{\"header\":\"Manage Quotations\"}"}]}
RESULT: {"script":"<script> [1562 bytes]","args":[{"selector":{"controlType":"sap.m.GenericTile","properties":{"header":"Manage Quotations"}},"wdio_ui5_key":"sapm.GenericTile{\"header\":\"Manage Quotations\"}"}]}
RESULT: undefined
COMMAND: POST /session/d5f272f198c3c1f43c195f4d238b9983/element - {"using":"xpath","value":"//*[@id=\"__tile133\"]"}
RESULT: {"using":"xpath","value":"//*[@id=\"__tile133\"]"}
COMMAND: POST /session/d5f272f198c3c1f43c195f4d238b9983/element/f.3CB17101AE25630290776882465A9E58.d.CF3B53A888D1B66D3895E9F7C91EB845.e.12314/click - {}
RESULT: {}
COMMAND: GET /session/d5f272f198c3c1f43c195f4d238b9983/screenshot - {}
RESULT: {}
COMMAND: POST /session/d5f272f198c3c1f43c195f4d238b9983/element - {"using":"xpath","value":"//button[contains(@title ,\"Add new contract\")]"}
RESULT: {"using":"xpath","value":"//button[contains(@title ,\"Add new contract\")]"}
COMMAND: POST /session/d5f272f198c3c1f43c195f4d238b9983/element/f.3CB17101AE25630290776882465A9E58.d.CF3B53A888D1B66D3895E9F7C91EB845.e.12351/click - {}
RESULT: {}
COMMAND: GET /session/d5f272f198c3c1f43c195f4d238b9983/screenshot - {}
RESULT: {}
COMMAND: POST /session/d5f272f198c3c1f43c195f4d238b9983/element - {"using":"xpath","value":"//input[contains(@id ,\"application-managequotations-display-component---AddNewContract--projectDescription-inner\")]"}
RESULT: {"using":"xpath","value":"//input[contains(@id ,\"application-managequotations-display-component---AddNewContract--projectDescription-inner\")]"}
COMMAND: POST /session/d5f272f198c3c1f43c195f4d238b9983/element/f.3CB17101AE25630290776882465A9E58.d.CF3B53A888D1B66D3895E9F7C91EB845.e.12627/value - {"text":"WdIOQuotationjustmg"}
RESULT: {"text":"WdIOQuotationjustmg"}
COMMAND: GET /session/d5f272f198c3c1f43c195f4d238b9983/screenshot - {}
RESULT: {}
COMMAND: POST /session/d5f272f198c3c1f43c195f4d238b9983/element - {"using":"xpath","value":"//input[contains(@id ,\"application-managequotations-display-component---AddNewContract--yardId-inner\")]"}
RESULT: {"using":"xpath","value":"//input[contains(@id ,\"application-managequotations-display-component---AddNewContract--yardId-inner\")]"}
COMMAND: POST /session/d5f272f198c3c1f43c195f4d238b9983/element/f.3CB17101AE25630290776882465A9E58.d.CF3B53A888D1B66D3895E9F7C91EB845.e.12630/value - {"text":"WebdriverYardrjtc1"}
RESULT: {"text":"WebdriverYardrjtc1"}
COMMAND: GET /session/d5f272f198c3c1f43c195f4d238b9983/screenshot - {}
RESULT: {}
COMMAND: POST /session/d5f272f198c3c1f43c195f4d238b9983/actions - {"actions":[{"id":"action91","type":"key","parameters":{},"actions":[{"type":"keyDown","value":"î€‡"},{"type":"pause","duration":10},{"type":"keyUp","value":"î€‡"}]}]}
RESULT: {"actions":[{"id":"action91","type":"key","parameters":{},"actions":[{"type":"keyDown","value":"î€‡"},{"type":"pause","duration":10},{"type":"keyUp","value":"î€‡"}]}]}
COMMAND: GET /session/d5f272f198c3c1f43c195f4d238b9983/screenshot - {}
RESULT: {}
COMMAND: POST /session/d5f272f198c3c1f43c195f4d238b9983/element - {"using":"xpath","value":"//input[contains(@id ,\"application-managequotations-display-component---AddNewContract--customerSelect-inner\")]"}
RESULT: {"using":"xpath","value":"//input[contains(@id ,\"application-managequotations-display-component---AddNewContract--customerSelect-inner\")]"}
COMMAND: POST /session/d5f272f198c3c1f43c195f4d238b9983/element/f.3CB17101AE25630290776882465A9E58.d.CF3B53A888D1B66D3895E9F7C91EB845.e.12628/value - {"text":"WebdriverPartner8ybrk"}
RESULT: {"text":"WebdriverPartner8ybrk"}
COMMAND: GET /session/d5f272f198c3c1f43c195f4d238b9983/screenshot - {}
RESULT: {}
COMMAND: POST /session/d5f272f198c3c1f43c195f4d238b9983/actions - {"actions":[{"id":"action92","type":"key","parameters":{},"actions":[{"type":"keyDown","value":"î€‡"},{"type":"pause","duration":10},{"type":"keyUp","value":"î€‡"}]}]}
RESULT: {"actions":[{"id":"action92","type":"key","parameters":{},"actions":[{"type":"keyDown","value":"î€‡"},{"type":"pause","duration":10},{"type":"keyUp","value":"î€‡"}]}]}
COMMAND: GET /session/d5f272f198c3c1f43c195f4d238b9983/screenshot - {}
RESULT: {}
COMMAND: POST /session/d5f272f198c3c1f43c195f4d238b9983/element - {"using":"xpath","value":"//input[contains(@id ,\"application-managequotations-display-component---AddNewContract--site-inner\")]"}
RESULT: {"using":"xpath","value":"//input[contains(@id ,\"application-managequotations-display-component---AddNewContract--site-inner\")]"}
COMMAND: POST /session/d5f272f198c3c1f43c195f4d238b9983/element/f.3CB17101AE25630290776882465A9E58.d.CF3B53A888D1B66D3895E9F7C91EB845.e.12629/value - {"text":"WebdriverSite4o8us"}
RESULT: {"text":"WebdriverSite4o8us"}
COMMAND: GET /session/d5f272f198c3c1f43c195f4d238b9983/screenshot - {}
RESULT: {}
COMMAND: POST /session/d5f272f198c3c1f43c195f4d238b9983/actions - {"actions":[{"id":"action93","type":"key","parameters":{},"actions":[{"type":"keyDown","value":"î€‡"},{"type":"pause","duration":10},{"type":"keyUp","value":"î€‡"}]}]}
RESULT: {"actions":[{"id":"action93","type":"key","parameters":{},"actions":[{"type":"keyDown","value":"î€‡"},{"type":"pause","duration":10},{"type":"keyUp","value":"î€‡"}]}]}
COMMAND: GET /session/d5f272f198c3c1f43c195f4d238b9983/screenshot - {}
RESULT: {}
COMMAND: POST /session/d5f272f198c3c1f43c195f4d238b9983/element - {"using":"xpath","value":"//bdi[contains(text(), \"Save\")]"}
RESULT: {"using":"xpath","value":"//bdi[contains(text(), \"Save\")]"}
COMMAND: POST /session/d5f272f198c3c1f43c195f4d238b9983/element/f.3CB17101AE25630290776882465A9E58.d.CF3B53A888D1B66D3895E9F7C91EB845.e.12661/click - {}
RESULT: {}
COMMAND: GET /session/d5f272f198c3c1f43c195f4d238b9983/screenshot - {}
RESULT: {}
COMMAND: POST /session/d5f272f198c3c1f43c195f4d238b9983/element - {"using":"css selector","value":"#shell-header-logo"}
RESULT: {"using":"css selector","value":"#shell-header-logo"}
COMMAND: POST /session/d5f272f198c3c1f43c195f4d238b9983/element/f.3CB17101AE25630290776882465A9E58.d.CF3B53A888D1B66D3895E9F7C91EB845.e.12316/click - {}
RESULT: {}
COMMAND: GET /session/d5f272f198c3c1f43c195f4d238b9983/screenshot - {}
RESULT: {}
COMMAND: POST /session/d5f272f198c3c1f43c195f4d238b9983/refresh - {}
RESULT: {}
COMMAND: GET /session/d5f272f198c3c1f43c195f4d238b9983/screenshot - {}
RESULT: {}
COMMAND: POST /session/d5f272f198c3c1f43c195f4d238b9983/execute/async - {"script":"<script> [189 bytes]","args":[]}
RESULT: {"script":"<script> [189 bytes]","args":[]}
COMMAND: POST /session/d5f272f198c3c1f43c195f4d238b9983/execute/async - {"script":"<script> [123 bytes]","args":[]}
RESULT: {"script":"<script> [123 bytes]","args":[]}
COMMAND: POST /session/d5f272f198c3c1f43c195f4d238b9983/timeouts - {"script":"<number>"}
RESULT: {"script":"<number>"}
COMMAND: GET /session/d5f272f198c3c1f43c195f4d238b9983/timeouts - {}
RESULT: {}
RESULT: undefined
COMMAND: POST /session/d5f272f198c3c1f43c195f4d238b9983/execute/async - {"script":"<script> [2676 bytes]","args":[]}
RESULT: {"script":"<script> [2676 bytes]","args":[]}
COMMAND: POST /session/d5f272f198c3c1f43c195f4d238b9983/execute/async - {"script":"<script> [2342 bytes]","args":[{"protocol":"http","hostname":"0.0.0.0","path":"/","capabilities":{"browserName":"chrome","goog:chromeOptions":{"binary":"C:\\Program Files\\Google\\Chrome\\Application\\chrome.exe","args":["--start-maximized"]}},"logLevel":"warn","connectionRetryTimeout":120000,"connectionRetryCount":3,"logLevels":{},"enableDirectConnect":true,"strictSSL":true,"_":"65 more keys: [\"cacheDir\",\"port\",\"requestedCapabilities\",\"automationProtocol\",\"baseUrl\",\"waitforInterval\",\"waitforTimeout\",\"onReload\",\"beforeCommand\",\"afterCommand\",\"rootDir\",\"specs\",\"suites\",\"exclude\",\"groupLogsByTestSpec\",\"excludeDriverLogs\",\"bail\",\"framework\",\"reporters\",\"services\",\"maxInstances\",\"maxInstancesPerCapability\",\"injectGlobals\",\"filesToWatch\",\"execArgv\",\"runnerEnv\",\"runner\",\"shard\",\"specFileRetries\",\"specFileRetriesDelay\",\"specFileRetriesDeferred\",\"reporterSyncInterval\",\"reporterSyncTimeout\",\"cucumberFeaturesWithLineNumbers\",\"autoCompileOpts\",\"mochaOpts\",\"jasmineOpts\",\"cucumberOpts\",\"onPrepare\",\"onWorkerStart\",\"onWorkerEnd\",\"before\",\"beforeSession\",\"beforeSuite\",\"beforeHook\",\"beforeTest\",\"afterTest\",\"afterHook\",\"afterSuite\",\"afterSession\",\"after\",\"onComplete\",\"beforeAssertion\",\"afterAssertion\",\"beforeFeature\",\"beforeScenario\",\"beforeStep\",\"afterStep\",\"afterScenario\",\"afterFeature\",\"_\",\"suite\",\"$0\",\"ignoredWorkerServices\",\"wdi5\"]"}]}
RESULT: {"script":"<script> [2342 bytes]","args":[{"protocol":"http","hostname":"0.0.0.0","path":"/","capabilities":{"browserName":"chrome","goog:chromeOptions":{"binary":"C:\\Program Files\\Google\\Chrome\\Application\\chrome.exe","args":["--start-maximized"]}},"logLevel":"warn","connectionRetryTimeout":120000,"connectionRetryCount":3,"logLevels":{},"enableDirectConnect":true,"strictSSL":true,"_":"65 more keys: [\"cacheDir\",\"port\",\"requestedCapabilities\",\"automationProtocol\",\"baseUrl\",\"waitforInterval\",\"waitforTimeout\",\"onReload\",\"beforeCommand\",\"afterCommand\",\"rootDir\",\"specs\",\"suites\",\"exclude\",\"groupLogsByTestSpec\",\"excludeDriverLogs\",\"bail\",\"framework\",\"reporters\",\"services\",\"maxInstances\",\"maxInstancesPerCapability\",\"injectGlobals\",\"filesToWatch\",\"execArgv\",\"runnerEnv\",\"runner\",\"shard\",\"specFileRetries\",\"specFileRetriesDelay\",\"specFileRetriesDeferred\",\"reporterSyncInterval\",\"reporterSyncTimeout\",\"cucumberFeaturesWithLineNumbers\",\"autoCompileOpts\",\"mochaOpts\",\"jasmineOpts\",\"cucumberOpts\",\"onPrepare\",\"onWorkerStart\",\"onWorkerEnd\",\"before\",\"beforeSession\",\"beforeSuite\",\"beforeHook\",\"beforeTest\",\"afterTest\",\"afterHook\",\"afterSuite\",\"afterSession\",\"after\",\"onComplete\",\"beforeAssertion\",\"afterAssertion\",\"beforeFeature\",\"beforeScenario\",\"beforeStep\",\"afterStep\",\"afterScenario\",\"afterFeature\",\"_\",\"suite\",\"$0\",\"ignoredWorkerServices\",\"wdi5\"]"}]}
COMMAND: POST /session/d5f272f198c3c1f43c195f4d238b9983/execute/async - {"script":"<script> [21126 bytes]","args":[35000]}
RESULT: {"script":"<script> [21126 bytes]","args":[35000]}
]]></system-out>
    </testcase>
    <testcase classname="chrome.135_0_7049_96.windows.Process_request_items_into_an_existing_quotation_US120163" name="Should create a new request with catalog items and plan it" time="225.268">
      <system-out><![CDATA[
COMMAND: POST /session/d5f272f198c3c1f43c195f4d238b9983/element - {"using":"xpath","value":"//*[contains(@href, 'etm.portal.ui.managerequests')]"}
RESULT: {"using":"xpath","value":"//*[contains(@href, 'etm.portal.ui.managerequests')]"}
COMMAND: POST /session/d5f272f198c3c1f43c195f4d238b9983/element/f.3CB17101AE25630290776882465A9E58.d.848E8238C2C24E53B32A830B28427D1C.e.12694/click - {}
RESULT: {}
COMMAND: GET /session/d5f272f198c3c1f43c195f4d238b9983/screenshot - {}
RESULT: {}
COMMAND: POST /session/d5f272f198c3c1f43c195f4d238b9983/element - {"using":"xpath","value":"(//span[contains(@class ,\"sapMObjStatusText\")])[1]"}
RESULT: {"using":"xpath","value":"(//span[contains(@class ,\"sapMObjStatusText\")])[1]"}
COMMAND: POST /session/d5f272f198c3c1f43c195f4d238b9983/execute/sync - {"script":"<script> [8489 bytes]","args":[{"element-6066-11e4-a52e-4f735466cecf":"f.3CB17101AE25630290776882465A9E58.d.848E8238C2C24E53B32A830B28427D1C.e.12789","ELEMENT":"f.3CB17101AE25630290776882465A9E58.d.848E8238C2C24E53B32A830B28427D1C.e.12789"}]}
RESULT: {"script":"<script> [8489 bytes]","args":[{"element-6066-11e4-a52e-4f735466cecf":"f.3CB17101AE25630290776882465A9E58.d.848E8238C2C24E53B32A830B28427D1C.e.12789","ELEMENT":"f.3CB17101AE25630290776882465A9E58.d.848E8238C2C24E53B32A830B28427D1C.e.12789"}]}
COMMAND: POST /session/d5f272f198c3c1f43c195f4d238b9983/element - {"using":"xpath","value":"//button[contains(@data-kt ,\"btnCreateNewOverflowToolbarButton\")]"}
COMMAND: GET /session/d5f272f198c3c1f43c195f4d238b9983/screenshot - {}
RESULT: {"using":"xpath","value":"//button[contains(@data-kt ,\"btnCreateNewOverflowToolbarButton\")]"}
COMMAND: POST /session/d5f272f198c3c1f43c195f4d238b9983/element/f.3CB17101AE25630290776882465A9E58.d.848E8238C2C24E53B32A830B28427D1C.e.12752/click - {}
RESULT: {}
RESULT: {}
COMMAND: GET /session/d5f272f198c3c1f43c195f4d238b9983/screenshot - {}
RESULT: {}
COMMAND: POST /session/d5f272f198c3c1f43c195f4d238b9983/element - {"using":"xpath","value":"//input[contains(@id ,\"yardId-inner\")]"}
RESULT: {"using":"xpath","value":"//input[contains(@id ,\"yardId-inner\")]"}
COMMAND: POST /session/d5f272f198c3c1f43c195f4d238b9983/execute/sync - {"script":"<script> [8489 bytes]","args":[{"element-6066-11e4-a52e-4f735466cecf":"f.3CB17101AE25630290776882465A9E58.d.848E8238C2C24E53B32A830B28427D1C.e.13004","ELEMENT":"f.3CB17101AE25630290776882465A9E58.d.848E8238C2C24E53B32A830B28427D1C.e.13004"}]}
RESULT: {"script":"<script> [8489 bytes]","args":[{"element-6066-11e4-a52e-4f735466cecf":"f.3CB17101AE25630290776882465A9E58.d.848E8238C2C24E53B32A830B28427D1C.e.13004","ELEMENT":"f.3CB17101AE25630290776882465A9E58.d.848E8238C2C24E53B32A830B28427D1C.e.13004"}]}
COMMAND: POST /session/d5f272f198c3c1f43c195f4d238b9983/element - {"using":"xpath","value":"//input[contains(@id ,\"yardId-inner\")]"}
COMMAND: GET /session/d5f272f198c3c1f43c195f4d238b9983/screenshot - {}
RESULT: {"using":"xpath","value":"//input[contains(@id ,\"yardId-inner\")]"}
COMMAND: GET /session/d5f272f198c3c1f43c195f4d238b9983/element/f.3CB17101AE25630290776882465A9E58.d.848E8238C2C24E53B32A830B28427D1C.e.13004/enabled - {}
RESULT: {}
RESULT: {}
COMMAND: POST /session/d5f272f198c3c1f43c195f4d238b9983/element/f.3CB17101AE25630290776882465A9E58.d.848E8238C2C24E53B32A830B28427D1C.e.13004/clear - {}
COMMAND: GET /session/d5f272f198c3c1f43c195f4d238b9983/screenshot - {}
RESULT: {}
COMMAND: POST /session/d5f272f198c3c1f43c195f4d238b9983/element/f.3CB17101AE25630290776882465A9E58.d.848E8238C2C24E53B32A830B28427D1C.e.13004/value - {"text":"WebdriverYardrjtc1"}
COMMAND: GET /session/d5f272f198c3c1f43c195f4d238b9983/screenshot - {}
RESULT: {}
RESULT: {"text":"WebdriverYardrjtc1"}
COMMAND: GET /session/d5f272f198c3c1f43c195f4d238b9983/screenshot - {}
RESULT: {}
RESULT: {}
COMMAND: POST /session/d5f272f198c3c1f43c195f4d238b9983/actions - {"actions":[{"id":"action94","type":"key","parameters":{},"actions":[{"type":"keyDown","value":"î€‡"},{"type":"pause","duration":10},{"type":"keyUp","value":"î€‡"}]}]}
RESULT: {"actions":[{"id":"action94","type":"key","parameters":{},"actions":[{"type":"keyDown","value":"î€‡"},{"type":"pause","duration":10},{"type":"keyUp","value":"î€‡"}]}]}
COMMAND: GET /session/d5f272f198c3c1f43c195f4d238b9983/screenshot - {}
RESULT: {}
COMMAND: POST /session/d5f272f198c3c1f43c195f4d238b9983/element - {"using":"xpath","value":"//input[contains(@id ,\"customerNumber-inner\")]"}
RESULT: {"using":"xpath","value":"//input[contains(@id ,\"customerNumber-inner\")]"}
COMMAND: POST /session/d5f272f198c3c1f43c195f4d238b9983/element/f.3CB17101AE25630290776882465A9E58.d.848E8238C2C24E53B32A830B28427D1C.e.12998/value - {"text":"WebdriverPartner8ybrk"}
RESULT: {"text":"WebdriverPartner8ybrk"}
COMMAND: GET /session/d5f272f198c3c1f43c195f4d238b9983/screenshot - {}
RESULT: {}
COMMAND: POST /session/d5f272f198c3c1f43c195f4d238b9983/actions - {"actions":[{"id":"action95","type":"key","parameters":{},"actions":[{"type":"keyDown","value":"î€‡"},{"type":"pause","duration":10},{"type":"keyUp","value":"î€‡"}]}]}
RESULT: {"actions":[{"id":"action95","type":"key","parameters":{},"actions":[{"type":"keyDown","value":"î€‡"},{"type":"pause","duration":10},{"type":"keyUp","value":"î€‡"}]}]}
COMMAND: GET /session/d5f272f198c3c1f43c195f4d238b9983/screenshot - {}
RESULT: {}
COMMAND: GET /session/d5f272f198c3c1f43c195f4d238b9983/element/f.3CB17101AE25630290776882465A9E58.d.848E8238C2C24E53B32A830B28427D1C.e.12998/property/value - {}
RESULT: {}
COMMAND: POST /session/d5f272f198c3c1f43c195f4d238b9983/element/f.3CB17101AE25630290776882465A9E58.d.848E8238C2C24E53B32A830B28427D1C.e.12998/value - {"text":"WebdriverPartner8ybrk"}
COMMAND: GET /session/d5f272f198c3c1f43c195f4d238b9983/screenshot - {}
RESULT: {"text":"WebdriverPartner8ybrk"}
COMMAND: GET /session/d5f272f198c3c1f43c195f4d238b9983/screenshot - {}
RESULT: {}
RESULT: {}
COMMAND: POST /session/d5f272f198c3c1f43c195f4d238b9983/actions - {"actions":[{"id":"action96","type":"key","parameters":{},"actions":[{"type":"keyDown","value":"î€‡"},{"type":"pause","duration":10},{"type":"keyUp","value":"î€‡"}]}]}
RESULT: {"actions":[{"id":"action96","type":"key","parameters":{},"actions":[{"type":"keyDown","value":"î€‡"},{"type":"pause","duration":10},{"type":"keyUp","value":"î€‡"}]}]}
COMMAND: GET /session/d5f272f198c3c1f43c195f4d238b9983/screenshot - {}
RESULT: {}
COMMAND: POST /session/d5f272f198c3c1f43c195f4d238b9983/element - {"using":"xpath","value":"//input[contains(@id ,\"requestSiteId-inner\")]"}
RESULT: {"using":"xpath","value":"//input[contains(@id ,\"requestSiteId-inner\")]"}
COMMAND: POST /session/d5f272f198c3c1f43c195f4d238b9983/element/f.3CB17101AE25630290776882465A9E58.d.848E8238C2C24E53B32A830B28427D1C.e.12997/value - {"text":"WebdriverSite4o8us"}
RESULT: {"text":"WebdriverSite4o8us"}
COMMAND: GET /session/d5f272f198c3c1f43c195f4d238b9983/screenshot - {}
RESULT: {}
COMMAND: POST /session/d5f272f198c3c1f43c195f4d238b9983/actions - {"actions":[{"id":"action97","type":"key","parameters":{},"actions":[{"type":"keyDown","value":"î€‡"},{"type":"pause","duration":10},{"type":"keyUp","value":"î€‡"}]}]}
RESULT: {"actions":[{"id":"action97","type":"key","parameters":{},"actions":[{"type":"keyDown","value":"î€‡"},{"type":"pause","duration":10},{"type":"keyUp","value":"î€‡"}]}]}
COMMAND: GET /session/d5f272f198c3c1f43c195f4d238b9983/screenshot - {}
RESULT: {}
COMMAND: POST /session/d5f272f198c3c1f43c195f4d238b9983/element - {"using":"xpath","value":"//button[contains(@data-kt ,\"requestItemAddOverflowToolbarButton\")]"}
RESULT: {"using":"xpath","value":"//button[contains(@data-kt ,\"requestItemAddOverflowToolbarButton\")]"}
COMMAND: POST /session/d5f272f198c3c1f43c195f4d238b9983/element/f.3CB17101AE25630290776882465A9E58.d.848E8238C2C24E53B32A830B28427D1C.e.12976/click - {}
RESULT: {}
COMMAND: GET /session/d5f272f198c3c1f43c195f4d238b9983/screenshot - {}
RESULT: {}
COMMAND: POST /session/d5f272f198c3c1f43c195f4d238b9983/actions - {"actions":[{"id":"action98","type":"key","parameters":{},"actions":[{"type":"keyDown","value":"î€•"},{"type":"pause","duration":10},{"type":"keyUp","value":"î€•"}]}]}
RESULT: {"actions":[{"id":"action98","type":"key","parameters":{},"actions":[{"type":"keyDown","value":"î€•"},{"type":"pause","duration":10},{"type":"keyUp","value":"î€•"}]}]}
COMMAND: POST /session/d5f272f198c3c1f43c195f4d238b9983/actions - {"actions":[{"id":"action99","type":"key","parameters":{},"actions":[{"type":"keyDown","value":"î€‡"},{"type":"pause","duration":10},{"type":"keyUp","value":"î€‡"}]}]}
COMMAND: GET /session/d5f272f198c3c1f43c195f4d238b9983/screenshot - {}
RESULT: {"actions":[{"id":"action99","type":"key","parameters":{},"actions":[{"type":"keyDown","value":"î€‡"},{"type":"pause","duration":10},{"type":"keyUp","value":"î€‡"}]}]}
COMMAND: GET /session/d5f272f198c3c1f43c195f4d238b9983/screenshot - {}
RESULT: {}
RESULT: {}
COMMAND: POST /session/d5f272f198c3c1f43c195f4d238b9983/element - {"using":"xpath","value":"(//input[contains(@id ,\"requestItemsTable-0-inner\")])[1]"}
RESULT: {"using":"xpath","value":"(//input[contains(@id ,\"requestItemsTable-0-inner\")])[1]"}
COMMAND: POST /session/d5f272f198c3c1f43c195f4d238b9983/element/f.3CB17101AE25630290776882465A9E58.d.848E8238C2C24E53B32A830B28427D1C.e.13145/clear - {}
RESULT: {}
COMMAND: POST /session/d5f272f198c3c1f43c195f4d238b9983/element/f.3CB17101AE25630290776882465A9E58.d.848E8238C2C24E53B32A830B28427D1C.e.13145/value - {"text":"catalogItem21yfw"}
COMMAND: GET /session/d5f272f198c3c1f43c195f4d238b9983/screenshot - {}
RESULT: {"text":"catalogItem21yfw"}
COMMAND: GET /session/d5f272f198c3c1f43c195f4d238b9983/screenshot - {}
RESULT: {}
RESULT: {}
COMMAND: POST /session/d5f272f198c3c1f43c195f4d238b9983/actions - {"actions":[{"id":"action100","type":"key","parameters":{},"actions":[{"type":"keyDown","value":"î€‡"},{"type":"pause","duration":10},{"type":"keyUp","value":"î€‡"}]}]}
RESULT: {"actions":[{"id":"action100","type":"key","parameters":{},"actions":[{"type":"keyDown","value":"î€‡"},{"type":"pause","duration":10},{"type":"keyUp","value":"î€‡"}]}]}
COMMAND: GET /session/d5f272f198c3c1f43c195f4d238b9983/screenshot - {}
RESULT: {}
COMMAND: POST /session/d5f272f198c3c1f43c195f4d238b9983/execute/async - {"script":"<script> [1562 bytes]","args":[{"selector":{"controlType":"sap.ui.core.Icon","viewName":"etm.portal.ui.managerequests.view.NewRequest","properties":{"src":{"regex":{"source":"slim\\-arrow\\-down"}}},"ancestor":{"controlType":"sap.m.Button","viewName":"etm.portal.ui.managerequests.view.NewRequest","properties":{"icon":"sap-icon://slim-arrow-down"}}},"wdio_ui5_key":"etmportal.ui.managerequests.view.NewRequestsap.ui.core.Icon{\"src\":{\"regex\":{\"source\":\"slim\\\\-arrow\\\\-down\"}}}{\"controlType\":\"sap.m.Button\",\"viewName\":\"etm.portal.ui.managerequests.view.NewRequest\",\"properties\":{\"icon\":\"sap-icon://slim-arrow-down\"}}"}]}
RESULT: {"script":"<script> [1562 bytes]","args":[{"selector":{"controlType":"sap.ui.core.Icon","viewName":"etm.portal.ui.managerequests.view.NewRequest","properties":{"src":{"regex":{"source":"slim\\-arrow\\-down"}}},"ancestor":{"controlType":"sap.m.Button","viewName":"etm.portal.ui.managerequests.view.NewRequest","properties":{"icon":"sap-icon://slim-arrow-down"}}},"wdio_ui5_key":"etmportal.ui.managerequests.view.NewRequestsap.ui.core.Icon{\"src\":{\"regex\":{\"source\":\"slim\\\\-arrow\\\\-down\"}}}{\"controlType\":\"sap.m.Button\",\"viewName\":\"etm.portal.ui.managerequests.view.NewRequest\",\"properties\":{\"icon\":\"sap-icon://slim-arrow-down\"}}"}]}
RESULT: undefined
COMMAND: POST /session/d5f272f198c3c1f43c195f4d238b9983/element - {"using":"xpath","value":"//div[contains(@data-kt ,\"splitAllocationObjectStatus\")]"}
RESULT: {"using":"xpath","value":"//div[contains(@data-kt ,\"splitAllocationObjectStatus\")]"}
COMMAND: POST /session/d5f272f198c3c1f43c195f4d238b9983/elements - {"using":"xpath","value":"//div[contains(@data-kt ,\"splitAllocationObjectStatus\")]"}
RESULT: {"using":"xpath","value":"//div[contains(@data-kt ,\"splitAllocationObjectStatus\")]"}
COMMAND: POST /session/d5f272f198c3c1f43c195f4d238b9983/execute/async - {"script":"<script> [1562 bytes]","args":[{"selector":{"controlType":"sap.ui.core.Icon","viewName":"etm.portal.ui.managerequests.view.NewRequest","properties":{"src":{"regex":{"source":"message\\-error"}}}},"wdio_ui5_key":"etmportal.ui.managerequests.view.NewRequestsap.ui.core.Icon{\"src\":{\"regex\":{\"source\":\"message\\\\-error\"}}}"}]}
RESULT: {"script":"<script> [1562 bytes]","args":[{"selector":{"controlType":"sap.ui.core.Icon","viewName":"etm.portal.ui.managerequests.view.NewRequest","properties":{"src":{"regex":{"source":"message\\-error"}}}},"wdio_ui5_key":"etmportal.ui.managerequests.view.NewRequestsap.ui.core.Icon{\"src\":{\"regex\":{\"source\":\"message\\\\-error\"}}}"}]}
RESULT: undefined
COMMAND: POST /session/d5f272f198c3c1f43c195f4d238b9983/element - {"using":"xpath","value":"//*[@id=\"__status4-__xmlview59--requestItemsTable-0-icon\"]"}
RESULT: {"using":"xpath","value":"//*[@id=\"__status4-__xmlview59--requestItemsTable-0-icon\"]"}
COMMAND: POST /session/d5f272f198c3c1f43c195f4d238b9983/element/f.3CB17101AE25630290776882465A9E58.d.848E8238C2C24E53B32A830B28427D1C.e.13160/click - {}
RESULT: {}
COMMAND: POST /session/d5f272f198c3c1f43c195f4d238b9983/execute/async - {"script":"<script> [1562 bytes]","args":[{"selector":{"controlType":"sap.ui.core.Icon","viewName":"etm.portal.ui.managerequests.view.NewRequest","properties":{"src":{"regex":{"source":"slim\\-arrow\\-down"}}},"searchOpenDialogs":true,"ancestor":{"id":"costObjectAdminTypeComboBox","viewName":"etm.portal.ui.managerequests.view.NewRequest","searchOpenDialogs":true}},"wdio_ui5_key":"etmportal.ui.managerequests.view.NewRequestsap.ui.core.Icon{\"src\":{\"regex\":{\"source\":\"slim\\\\-arrow\\\\-down\"}}}{\"id\":\"costObjectAdminTypeComboBox\",\"viewName\":\"etm.portal.ui.managerequests.view.NewRequest\",\"searchOpenDialogs\":true}"}]}
COMMAND: GET /session/d5f272f198c3c1f43c195f4d238b9983/screenshot - {}
RESULT: {"script":"<script> [1562 bytes]","args":[{"selector":{"controlType":"sap.ui.core.Icon","viewName":"etm.portal.ui.managerequests.view.NewRequest","properties":{"src":{"regex":{"source":"slim\\-arrow\\-down"}}},"searchOpenDialogs":true,"ancestor":{"id":"costObjectAdminTypeComboBox","viewName":"etm.portal.ui.managerequests.view.NewRequest","searchOpenDialogs":true}},"wdio_ui5_key":"etmportal.ui.managerequests.view.NewRequestsap.ui.core.Icon{\"src\":{\"regex\":{\"source\":\"slim\\\\-arrow\\\\-down\"}}}{\"id\":\"costObjectAdminTypeComboBox\",\"viewName\":\"etm.portal.ui.managerequests.view.NewRequest\",\"searchOpenDialogs\":true}"}]}
RESULT: undefined
COMMAND: POST /session/d5f272f198c3c1f43c195f4d238b9983/element - {"using":"xpath","value":"//*[@id=\"__xmlview59--costObjectAdminTypeComboBox-arrow\"]"}
RESULT: {}
RESULT: {"using":"xpath","value":"//*[@id=\"__xmlview59--costObjectAdminTypeComboBox-arrow\"]"}
COMMAND: POST /session/d5f272f198c3c1f43c195f4d238b9983/element/f.3CB17101AE25630290776882465A9E58.d.848E8238C2C24E53B32A830B28427D1C.e.13165/click - {}
RESULT: {}
COMMAND: POST /session/d5f272f198c3c1f43c195f4d238b9983/execute/async - {"script":"<script> [1562 bytes]","args":[{"selector":{"controlType":"sap.m.StandardListItem","viewName":"etm.portal.ui.managerequests.view.NewRequest","properties":{"title":"Cost Center"},"searchOpenDialogs":true,"interaction":{"idSuffix":"titleText"}},"wdio_ui5_key":"etmportal.ui.managerequests.view.NewRequestsap.m.StandardListItem{\"title\":\"Cost Center\"}"}]}
COMMAND: GET /session/d5f272f198c3c1f43c195f4d238b9983/screenshot - {}
RESULT: {"script":"<script> [1562 bytes]","args":[{"selector":{"controlType":"sap.m.StandardListItem","viewName":"etm.portal.ui.managerequests.view.NewRequest","properties":{"title":"Cost Center"},"searchOpenDialogs":true,"interaction":{"idSuffix":"titleText"}},"wdio_ui5_key":"etmportal.ui.managerequests.view.NewRequestsap.m.StandardListItem{\"title\":\"Cost Center\"}"}]}
RESULT: undefined
COMMAND: POST /session/d5f272f198c3c1f43c195f4d238b9983/element - {"using":"xpath","value":"//*[@id=\"__item706\"]"}
RESULT: {}
RESULT: {"using":"xpath","value":"//*[@id=\"__item706\"]"}
COMMAND: POST /session/d5f272f198c3c1f43c195f4d238b9983/element/f.3CB17101AE25630290776882465A9E58.d.848E8238C2C24E53B32A830B28427D1C.e.13167/click - {}
RESULT: {}
COMMAND: GET /session/d5f272f198c3c1f43c195f4d238b9983/screenshot - {}
RESULT: {}
COMMAND: POST /session/d5f272f198c3c1f43c195f4d238b9983/execute/async - {"script":"<script> [1562 bytes]","args":[{"selector":{"controlType":"sap.ui.core.Icon","viewName":"etm.portal.ui.managerequests.view.NewRequest","properties":{"src":{"regex":{"source":"value\\-help"}}},"searchOpenDialogs":true},"wdio_ui5_key":"etmportal.ui.managerequests.view.NewRequestsap.ui.core.Icon{\"src\":{\"regex\":{\"source\":\"value\\\\-help\"}}}"}]}
RESULT: {"script":"<script> [1562 bytes]","args":[{"selector":{"controlType":"sap.ui.core.Icon","viewName":"etm.portal.ui.managerequests.view.NewRequest","properties":{"src":{"regex":{"source":"value\\-help"}}},"searchOpenDialogs":true},"wdio_ui5_key":"etmportal.ui.managerequests.view.NewRequestsap.ui.core.Icon{\"src\":{\"regex\":{\"source\":\"value\\\\-help\"}}}"}]}
RESULT: undefined
COMMAND: POST /session/d5f272f198c3c1f43c195f4d238b9983/element - {"using":"xpath","value":"//*[@id=\"__xmlview59--costObjectIdComboBox-vhi\"]"}
RESULT: {"using":"xpath","value":"//*[@id=\"__xmlview59--costObjectIdComboBox-vhi\"]"}
COMMAND: POST /session/d5f272f198c3c1f43c195f4d238b9983/element/f.3CB17101AE25630290776882465A9E58.d.848E8238C2C24E53B32A830B28427D1C.e.13174/click - {}
RESULT: {}
COMMAND: POST /session/d5f272f198c3c1f43c195f4d238b9983/execute/async - {"script":"<script> [1562 bytes]","args":[{"selector":{"controlType":"sap.m.SearchField","properties":{"placeholder":"Search"},"searchOpenDialogs":true,"interaction":{"idSuffix":"I"}},"wdio_ui5_key":"sapm.SearchField{\"placeholder\":\"Search\"}"}]}
COMMAND: GET /session/d5f272f198c3c1f43c195f4d238b9983/screenshot - {}
RESULT: {"script":"<script> [1562 bytes]","args":[{"selector":{"controlType":"sap.m.SearchField","properties":{"placeholder":"Search"},"searchOpenDialogs":true,"interaction":{"idSuffix":"I"}},"wdio_ui5_key":"sapm.SearchField{\"placeholder\":\"Search\"}"}]}
RESULT: undefined
COMMAND: POST /session/d5f272f198c3c1f43c195f4d238b9983/execute/async - {"script":"<script> [776 bytes]","args":[{"enterText":"10001010","selector":{"controlType":"sap.m.SearchField","properties":{"placeholder":"Search"},"searchOpenDialogs":true,"interaction":{"idSuffix":"I"}},"clearTextFirst":true,"interactionType":"ENTER_TEXT"}]}
RESULT: {}
RESULT: {"script":"<script> [776 bytes]","args":[{"enterText":"10001010","selector":{"controlType":"sap.m.SearchField","properties":{"placeholder":"Search"},"searchOpenDialogs":true,"interaction":{"idSuffix":"I"}},"clearTextFirst":true,"interactionType":"ENTER_TEXT"}]}
COMMAND: POST /session/d5f272f198c3c1f43c195f4d238b9983/actions - {"actions":[{"id":"action101","type":"key","parameters":{},"actions":[{"type":"keyDown","value":"î€‡"},{"type":"pause","duration":10},{"type":"keyUp","value":"î€‡"}]}]}
RESULT: {"actions":[{"id":"action101","type":"key","parameters":{},"actions":[{"type":"keyDown","value":"î€‡"},{"type":"pause","duration":10},{"type":"keyUp","value":"î€‡"}]}]}
COMMAND: GET /session/d5f272f198c3c1f43c195f4d238b9983/screenshot - {}
RESULT: {}
COMMAND: POST /session/d5f272f198c3c1f43c195f4d238b9983/execute/async - {"script":"<script> [1562 bytes]","args":[{"selector":{"controlType":"sap.m.Text","bindingPath":{"path":"/C_CostCtrValueHelp(CostCenter='10001010',ControllingArea='Z001')","propertyPath":"CostCenterName","modelName":"CostCenterModel"},"searchOpenDialogs":true},"wdio_ui5_key":"sapm.Text{\"path\":\"/C_CostCtrValueHelp(CostCenter='10001010',ControllingArea='Z001')\",\"propertyPath\":\"CostCenterName\",\"modelName\":\"CostCenterModel\"}"}]}
RESULT: {"script":"<script> [1562 bytes]","args":[{"selector":{"controlType":"sap.m.Text","bindingPath":{"path":"/C_CostCtrValueHelp(CostCenter='10001010',ControllingArea='Z001')","propertyPath":"CostCenterName","modelName":"CostCenterModel"},"searchOpenDialogs":true},"wdio_ui5_key":"sapm.Text{\"path\":\"/C_CostCtrValueHelp(CostCenter='10001010',ControllingArea='Z001')\",\"propertyPath\":\"CostCenterName\",\"modelName\":\"CostCenterModel\"}"}]}
RESULT: undefined
COMMAND: POST /session/d5f272f198c3c1f43c195f4d238b9983/element - {"using":"xpath","value":"//*[@id=\"__text291-__clone845\"]"}
RESULT: {"using":"xpath","value":"//*[@id=\"__text291-__clone845\"]"}
COMMAND: POST /session/d5f272f198c3c1f43c195f4d238b9983/element/f.3CB17101AE25630290776882465A9E58.d.848E8238C2C24E53B32A830B28427D1C.e.13213/click - {}
RESULT: {}
COMMAND: POST /session/d5f272f198c3c1f43c195f4d238b9983/execute/async - {"script":"<script> [1562 bytes]","args":[{"selector":{"controlType":"sap.m.Button","properties":{"text":"OK"},"searchOpenDialogs":true,"interaction":{"idSuffix":"BDI-content"}},"wdio_ui5_key":"sapm.Button{\"text\":\"OK\"}"}]}
COMMAND: GET /session/d5f272f198c3c1f43c195f4d238b9983/screenshot - {}
RESULT: {"script":"<script> [1562 bytes]","args":[{"selector":{"controlType":"sap.m.Button","properties":{"text":"OK"},"searchOpenDialogs":true,"interaction":{"idSuffix":"BDI-content"}},"wdio_ui5_key":"sapm.Button{\"text\":\"OK\"}"}]}
RESULT: undefined
COMMAND: POST /session/d5f272f198c3c1f43c195f4d238b9983/element - {"using":"xpath","value":"//*[@id=\"__dialog1-ok\"]"}
RESULT: {}
RESULT: {"using":"xpath","value":"//*[@id=\"__dialog1-ok\"]"}
COMMAND: POST /session/d5f272f198c3c1f43c195f4d238b9983/element/f.3CB17101AE25630290776882465A9E58.d.848E8238C2C24E53B32A830B28427D1C.e.13215/click - {}
RESULT: {}
COMMAND: GET /session/d5f272f198c3c1f43c195f4d238b9983/screenshot - {}
RESULT: {}
COMMAND: POST /session/d5f272f198c3c1f43c195f4d238b9983/execute/async - {"script":"<script> [1562 bytes]","args":[{"selector":{"controlType":"sap.m.Button","viewName":"etm.portal.ui.managerequests.view.NewRequest","i18NText":{"propertyName":"text","key":"save"},"searchOpenDialogs":true,"interaction":{"idSuffix":"BDI-content"}},"wdio_ui5_key":"etmportal.ui.managerequests.view.NewRequestsap.m.Button{\"propertyName\":\"text\",\"key\":\"save\"}"}]}
RESULT: {"script":"<script> [1562 bytes]","args":[{"selector":{"controlType":"sap.m.Button","viewName":"etm.portal.ui.managerequests.view.NewRequest","i18NText":{"propertyName":"text","key":"save"},"searchOpenDialogs":true,"interaction":{"idSuffix":"BDI-content"}},"wdio_ui5_key":"etmportal.ui.managerequests.view.NewRequestsap.m.Button{\"propertyName\":\"text\",\"key\":\"save\"}"}]}
RESULT: undefined
COMMAND: POST /session/d5f272f198c3c1f43c195f4d238b9983/element - {"using":"xpath","value":"//*[@id=\"__button24\"]"}
RESULT: {"using":"xpath","value":"//*[@id=\"__button24\"]"}
COMMAND: POST /session/d5f272f198c3c1f43c195f4d238b9983/element/f.3CB17101AE25630290776882465A9E58.d.848E8238C2C24E53B32A830B28427D1C.e.13219/click - {}
RESULT: {}
COMMAND: GET /session/d5f272f198c3c1f43c195f4d238b9983/screenshot - {}
RESULT: {}
COMMAND: POST /session/d5f272f198c3c1f43c195f4d238b9983/element - {"using":"xpath","value":"(//bdi[contains(text() ,\"Save\")])[1]"}
RESULT: {"using":"xpath","value":"(//bdi[contains(text() ,\"Save\")])[1]"}
COMMAND: POST /session/d5f272f198c3c1f43c195f4d238b9983/element/f.3CB17101AE25630290776882465A9E58.d.848E8238C2C24E53B32A830B28427D1C.e.13222/click - {}
RESULT: {}
COMMAND: GET /session/d5f272f198c3c1f43c195f4d238b9983/screenshot - {}
RESULT: {}
COMMAND: POST /session/d5f272f198c3c1f43c195f4d238b9983/execute/async - {"script":"<script> [1562 bytes]","args":[{"selector":{"controlType":"sap.m.Title","properties":{"text":"Success"},"searchOpenDialogs":true},"wdio_ui5_key":"sapm.Title{\"text\":\"Success\"}"}]}
RESULT: {"script":"<script> [1562 bytes]","args":[{"selector":{"controlType":"sap.m.Title","properties":{"text":"Success"},"searchOpenDialogs":true},"wdio_ui5_key":"sapm.Title{\"text\":\"Success\"}"}]}
RESULT: undefined
COMMAND: POST /session/d5f272f198c3c1f43c195f4d238b9983/execute/async - {"script":"<script> [6424 bytes]","args":[{"element-6066-11e4-a52e-4f735466cecf":"f.3CB17101AE25630290776882465A9E58.d.848E8238C2C24E53B32A830B28427D1C.e.13225"},"getText",[]]}
RESULT: {"script":"<script> [6424 bytes]","args":[{"element-6066-11e4-a52e-4f735466cecf":"f.3CB17101AE25630290776882465A9E58.d.848E8238C2C24E53B32A830B28427D1C.e.13225"},"getText",[]]}
COMMAND: POST /session/d5f272f198c3c1f43c195f4d238b9983/execute/async - {"script":"<script> [1562 bytes]","args":[{"selector":{"controlType":"sap.m.Button","properties":{"text":"Close"},"searchOpenDialogs":true,"interaction":{"idSuffix":"BDI-content"}},"wdio_ui5_key":"sapm.Button{\"text\":\"Close\"}"}]}
RESULT: {"script":"<script> [1562 bytes]","args":[{"selector":{"controlType":"sap.m.Button","properties":{"text":"Close"},"searchOpenDialogs":true,"interaction":{"idSuffix":"BDI-content"}},"wdio_ui5_key":"sapm.Button{\"text\":\"Close\"}"}]}
RESULT: undefined
COMMAND: POST /session/d5f272f198c3c1f43c195f4d238b9983/element - {"using":"xpath","value":"//*[@id=\"__mbox-btn-0\"]"}
RESULT: {"using":"xpath","value":"//*[@id=\"__mbox-btn-0\"]"}
COMMAND: POST /session/d5f272f198c3c1f43c195f4d238b9983/element/f.3CB17101AE25630290776882465A9E58.d.848E8238C2C24E53B32A830B28427D1C.e.13223/click - {}
RESULT: {}
COMMAND: GET /session/d5f272f198c3c1f43c195f4d238b9983/screenshot - {}
RESULT: {}
COMMAND: POST /session/d5f272f198c3c1f43c195f4d238b9983/execute/async - {"script":"<script> [1562 bytes]","args":[{"selector":{"controlType":"sap.m.Text","viewName":"etm.portal.ui.managerequests.view.Detail","bindingPath":{"propertyPath":"NO","modelName":"catalogModel"}},"wdio_ui5_key":"etmportal.ui.managerequests.view.Detailsap.m.Text{\"propertyPath\":\"NO\",\"modelName\":\"catalogModel\"}"}]}
RESULT: {"script":"<script> [1562 bytes]","args":[{"selector":{"controlType":"sap.m.Text","viewName":"etm.portal.ui.managerequests.view.Detail","bindingPath":{"propertyPath":"NO","modelName":"catalogModel"}},"wdio_ui5_key":"etmportal.ui.managerequests.view.Detailsap.m.Text{\"propertyPath\":\"NO\",\"modelName\":\"catalogModel\"}"}]}
RESULT: undefined
COMMAND: POST /session/d5f272f198c3c1f43c195f4d238b9983/execute/async - {"script":"<script> [6424 bytes]","args":[{"element-6066-11e4-a52e-4f735466cecf":"f.3CB17101AE25630290776882465A9E58.d.848E8238C2C24E53B32A830B28427D1C.e.13350"},"getText",[]]}
RESULT: {"script":"<script> [6424 bytes]","args":[{"element-6066-11e4-a52e-4f735466cecf":"f.3CB17101AE25630290776882465A9E58.d.848E8238C2C24E53B32A830B28427D1C.e.13350"},"getText",[]]}
COMMAND: POST /session/d5f272f198c3c1f43c195f4d238b9983/execute/async - {"script":"<script> [1562 bytes]","args":[{"selector":{"controlType":"sap.ui.core.Icon","viewName":"etm.portal.ui.managerequests.view.Detail","properties":{"src":{"regex":{"source":"date\\-time"}}},"ancestor":{"controlType":"sap.m.ColumnListItem","viewName":"etm.portal.ui.managerequests.view.Detail","bindingPath":{"path":"/SmartRequestItemsPlanningBoard(ITEM=10m,REQUEST='20331')"},"ancestor":{"id":"requestItemsTable","viewName":"etm.portal.ui.managerequests.view.Detail"}}},"wdio_ui5_key":"etmportal.ui.managerequests.view.Detailsap.ui.core.Icon{\"src\":{\"regex\":{\"source\":\"date\\\\-time\"}}}{\"controlType\":\"sap.m.ColumnListItem\",\"viewName\":\"etm.portal.ui.managerequests.view.Detail\",\"bindingPath\":{\"path\":\"/SmartRequestItemsPlanningBoard(ITEM=10m,REQUEST='20331')\"},\"ancestor\":{\"id\":\"requestItemsTable\",\"viewName\":\"etm.portal.ui.managerequests.view.Detail\"}}"}]}
RESULT: {"script":"<script> [1562 bytes]","args":[{"selector":{"controlType":"sap.ui.core.Icon","viewName":"etm.portal.ui.managerequests.view.Detail","properties":{"src":{"regex":{"source":"date\\-time"}}},"ancestor":{"controlType":"sap.m.ColumnListItem","viewName":"etm.portal.ui.managerequests.view.Detail","bindingPath":{"path":"/SmartRequestItemsPlanningBoard(ITEM=10m,REQUEST='20331')"},"ancestor":{"id":"requestItemsTable","viewName":"etm.portal.ui.managerequests.view.Detail"}}},"wdio_ui5_key":"etmportal.ui.managerequests.view.Detailsap.ui.core.Icon{\"src\":{\"regex\":{\"source\":\"date\\\\-time\"}}}{\"controlType\":\"sap.m.ColumnListItem\",\"viewName\":\"etm.portal.ui.managerequests.view.Detail\",\"bindingPath\":{\"path\":\"/SmartRequestItemsPlanningBoard(ITEM=10m,REQUEST='20331')\"},\"ancestor\":{\"id\":\"requestItemsTable\",\"viewName\":\"etm.portal.ui.managerequests.view.Detail\"}}"}]}
RESULT: undefined
COMMAND: POST /session/d5f272f198c3c1f43c195f4d238b9983/element - {"using":"xpath","value":"//*[@id=\"__button39-__clone884-img\"]"}
RESULT: {"using":"xpath","value":"//*[@id=\"__button39-__clone884-img\"]"}
COMMAND: POST /session/d5f272f198c3c1f43c195f4d238b9983/element/f.3CB17101AE25630290776882465A9E58.d.848E8238C2C24E53B32A830B28427D1C.e.13351/click - {}
RESULT: {}
COMMAND: POST /session/d5f272f198c3c1f43c195f4d238b9983/execute/async - {"script":"<script> [1562 bytes]","args":[{"selector":{"controlType":"sap.m.Button","viewName":"etm.portal.ui.managerequests.view.Detail","properties":{"text":"Close"},"searchOpenDialogs":true,"interaction":{"idSuffix":"BDI-content"}},"wdio_ui5_key":"etmportal.ui.managerequests.view.Detailsap.m.Button{\"text\":\"Close\"}"}]}
COMMAND: GET /session/d5f272f198c3c1f43c195f4d238b9983/screenshot - {}
RESULT: {"script":"<script> [1562 bytes]","args":[{"selector":{"controlType":"sap.m.Button","viewName":"etm.portal.ui.managerequests.view.Detail","properties":{"text":"Close"},"searchOpenDialogs":true,"interaction":{"idSuffix":"BDI-content"}},"wdio_ui5_key":"etmportal.ui.managerequests.view.Detailsap.m.Button{\"text\":\"Close\"}"}]}
RESULT: undefined
COMMAND: POST /session/d5f272f198c3c1f43c195f4d238b9983/element - {"using":"xpath","value":"//*[@id=\"__button49\"]"}
RESULT: {}
RESULT: {"using":"xpath","value":"//*[@id=\"__button49\"]"}
COMMAND: POST /session/d5f272f198c3c1f43c195f4d238b9983/element/f.3CB17101AE25630290776882465A9E58.d.848E8238C2C24E53B32A830B28427D1C.e.13354/click - {}
RESULT: {}
COMMAND: GET /session/d5f272f198c3c1f43c195f4d238b9983/screenshot - {}
RESULT: {}
COMMAND: POST /session/d5f272f198c3c1f43c195f4d238b9983/refresh - {}
RESULT: {}
COMMAND: GET /session/d5f272f198c3c1f43c195f4d238b9983/screenshot - {}
RESULT: {}
COMMAND: POST /session/d5f272f198c3c1f43c195f4d238b9983/execute/async - {"script":"<script> [189 bytes]","args":[]}
RESULT: {"script":"<script> [189 bytes]","args":[]}
COMMAND: POST /session/d5f272f198c3c1f43c195f4d238b9983/execute/async - {"script":"<script> [123 bytes]","args":[]}
RESULT: {"script":"<script> [123 bytes]","args":[]}
COMMAND: POST /session/d5f272f198c3c1f43c195f4d238b9983/timeouts - {"script":"<number>"}
RESULT: {"script":"<number>"}
COMMAND: GET /session/d5f272f198c3c1f43c195f4d238b9983/timeouts - {}
RESULT: {}
RESULT: undefined
COMMAND: POST /session/d5f272f198c3c1f43c195f4d238b9983/execute/async - {"script":"<script> [2676 bytes]","args":[]}
RESULT: {"script":"<script> [2676 bytes]","args":[]}
COMMAND: POST /session/d5f272f198c3c1f43c195f4d238b9983/execute/async - {"script":"<script> [2342 bytes]","args":[{"protocol":"http","hostname":"0.0.0.0","path":"/","capabilities":{"browserName":"chrome","goog:chromeOptions":{"binary":"C:\\Program Files\\Google\\Chrome\\Application\\chrome.exe","args":["--start-maximized"]}},"logLevel":"warn","connectionRetryTimeout":120000,"connectionRetryCount":3,"logLevels":{},"enableDirectConnect":true,"strictSSL":true,"_":"65 more keys: [\"cacheDir\",\"port\",\"requestedCapabilities\",\"automationProtocol\",\"baseUrl\",\"waitforInterval\",\"waitforTimeout\",\"onReload\",\"beforeCommand\",\"afterCommand\",\"rootDir\",\"specs\",\"suites\",\"exclude\",\"groupLogsByTestSpec\",\"excludeDriverLogs\",\"bail\",\"framework\",\"reporters\",\"services\",\"maxInstances\",\"maxInstancesPerCapability\",\"injectGlobals\",\"filesToWatch\",\"execArgv\",\"runnerEnv\",\"runner\",\"shard\",\"specFileRetries\",\"specFileRetriesDelay\",\"specFileRetriesDeferred\",\"reporterSyncInterval\",\"reporterSyncTimeout\",\"cucumberFeaturesWithLineNumbers\",\"autoCompileOpts\",\"mochaOpts\",\"jasmineOpts\",\"cucumberOpts\",\"onPrepare\",\"onWorkerStart\",\"onWorkerEnd\",\"before\",\"beforeSession\",\"beforeSuite\",\"beforeHook\",\"beforeTest\",\"afterTest\",\"afterHook\",\"afterSuite\",\"afterSession\",\"after\",\"onComplete\",\"beforeAssertion\",\"afterAssertion\",\"beforeFeature\",\"beforeScenario\",\"beforeStep\",\"afterStep\",\"afterScenario\",\"afterFeature\",\"_\",\"suite\",\"$0\",\"ignoredWorkerServices\",\"wdi5\"]"}]}
RESULT: {"script":"<script> [2342 bytes]","args":[{"protocol":"http","hostname":"0.0.0.0","path":"/","capabilities":{"browserName":"chrome","goog:chromeOptions":{"binary":"C:\\Program Files\\Google\\Chrome\\Application\\chrome.exe","args":["--start-maximized"]}},"logLevel":"warn","connectionRetryTimeout":120000,"connectionRetryCount":3,"logLevels":{},"enableDirectConnect":true,"strictSSL":true,"_":"65 more keys: [\"cacheDir\",\"port\",\"requestedCapabilities\",\"automationProtocol\",\"baseUrl\",\"waitforInterval\",\"waitforTimeout\",\"onReload\",\"beforeCommand\",\"afterCommand\",\"rootDir\",\"specs\",\"suites\",\"exclude\",\"groupLogsByTestSpec\",\"excludeDriverLogs\",\"bail\",\"framework\",\"reporters\",\"services\",\"maxInstances\",\"maxInstancesPerCapability\",\"injectGlobals\",\"filesToWatch\",\"execArgv\",\"runnerEnv\",\"runner\",\"shard\",\"specFileRetries\",\"specFileRetriesDelay\",\"specFileRetriesDeferred\",\"reporterSyncInterval\",\"reporterSyncTimeout\",\"cucumberFeaturesWithLineNumbers\",\"autoCompileOpts\",\"mochaOpts\",\"jasmineOpts\",\"cucumberOpts\",\"onPrepare\",\"onWorkerStart\",\"onWorkerEnd\",\"before\",\"beforeSession\",\"beforeSuite\",\"beforeHook\",\"beforeTest\",\"afterTest\",\"afterHook\",\"afterSuite\",\"afterSession\",\"after\",\"onComplete\",\"beforeAssertion\",\"afterAssertion\",\"beforeFeature\",\"beforeScenario\",\"beforeStep\",\"afterStep\",\"afterScenario\",\"afterFeature\",\"_\",\"suite\",\"$0\",\"ignoredWorkerServices\",\"wdi5\"]"}]}
COMMAND: POST /session/d5f272f198c3c1f43c195f4d238b9983/execute/async - {"script":"<script> [21126 bytes]","args":[35000]}
RESULT: {"script":"<script> [21126 bytes]","args":[35000]}
]]></system-out>
    </testcase>
    <testcase classname="chrome.135_0_7049_96.windows.Process_request_items_into_an_existing_quotation_US120163" name="Should process the request into an existing quotation" time="73.124">
      <system-out><![CDATA[
COMMAND: GET /session/d5f272f198c3c1f43c195f4d238b9983/window - {}
RESULT: {}
COMMAND: POST /session/d5f272f198c3c1f43c195f4d238b9983/element - {"using":"xpath","value":"//span[contains(@id ,\"detailHeaderTitle-_actionsToolbar-overflowButton-img\")]"}
RESULT: {"using":"xpath","value":"//span[contains(@id ,\"detailHeaderTitle-_actionsToolbar-overflowButton-img\")]"}
COMMAND: POST /session/d5f272f198c3c1f43c195f4d238b9983/element/f.3CB17101AE25630290776882465A9E58.d.E40DE613C3A86F2D4075B40B533AADC5.e.13571/click - {}
RESULT: {}
COMMAND: GET /session/d5f272f198c3c1f43c195f4d238b9983/screenshot - {}
RESULT: {}
COMMAND: POST /session/d5f272f198c3c1f43c195f4d238b9983/element - {"using":"xpath","value":"//span[contains(@id ,\"actionsMenuButton-internalSplitBtn-arrowButton-img\")]"}
RESULT: {"using":"xpath","value":"//span[contains(@id ,\"actionsMenuButton-internalSplitBtn-arrowButton-img\")]"}
COMMAND: POST /session/d5f272f198c3c1f43c195f4d238b9983/element/f.3CB17101AE25630290776882465A9E58.d.E40DE613C3A86F2D4075B40B533AADC5.e.13574/click - {}
RESULT: {}
COMMAND: GET /session/d5f272f198c3c1f43c195f4d238b9983/screenshot - {}
RESULT: {}
COMMAND: POST /session/d5f272f198c3c1f43c195f4d238b9983/actions - {"actions":[{"id":"action102","type":"key","parameters":{},"actions":[{"type":"keyDown","value":"î€•"},{"type":"pause","duration":10},{"type":"keyUp","value":"î€•"}]}]}
RESULT: {"actions":[{"id":"action102","type":"key","parameters":{},"actions":[{"type":"keyDown","value":"î€•"},{"type":"pause","duration":10},{"type":"keyUp","value":"î€•"}]}]}
COMMAND: GET /session/d5f272f198c3c1f43c195f4d238b9983/screenshot - {}
RESULT: {}
COMMAND: POST /session/d5f272f198c3c1f43c195f4d238b9983/actions - {"actions":[{"id":"action103","type":"key","parameters":{},"actions":[{"type":"keyDown","value":"î€‡"},{"type":"pause","duration":10},{"type":"keyUp","value":"î€‡"}]}]}
RESULT: {"actions":[{"id":"action103","type":"key","parameters":{},"actions":[{"type":"keyDown","value":"î€‡"},{"type":"pause","duration":10},{"type":"keyUp","value":"î€‡"}]}]}
COMMAND: GET /session/d5f272f198c3c1f43c195f4d238b9983/screenshot - {}
RESULT: {}
COMMAND: POST /session/d5f272f198c3c1f43c195f4d238b9983/actions - {"actions":[{"id":"action104","type":"key","parameters":{},"actions":[{"type":"keyDown","value":"î€•"},{"type":"pause","duration":10},{"type":"keyUp","value":"î€•"}]}]}
RESULT: {"actions":[{"id":"action104","type":"key","parameters":{},"actions":[{"type":"keyDown","value":"î€•"},{"type":"pause","duration":10},{"type":"keyUp","value":"î€•"}]}]}
COMMAND: GET /session/d5f272f198c3c1f43c195f4d238b9983/screenshot - {}
RESULT: {}
COMMAND: POST /session/d5f272f198c3c1f43c195f4d238b9983/actions - {"actions":[{"id":"action105","type":"key","parameters":{},"actions":[{"type":"keyDown","value":"î€‡"},{"type":"pause","duration":10},{"type":"keyUp","value":"î€‡"}]}]}
RESULT: {"actions":[{"id":"action105","type":"key","parameters":{},"actions":[{"type":"keyDown","value":"î€‡"},{"type":"pause","duration":10},{"type":"keyUp","value":"î€‡"}]}]}
COMMAND: GET /session/d5f272f198c3c1f43c195f4d238b9983/screenshot - {}
RESULT: {}
COMMAND: POST /session/d5f272f198c3c1f43c195f4d238b9983/element - {"using":"xpath","value":"//input[contains(@id ,\"quotationsSearchField-I\")]"}
RESULT: {"using":"xpath","value":"//input[contains(@id ,\"quotationsSearchField-I\")]"}
COMMAND: POST /session/d5f272f198c3c1f43c195f4d238b9983/element/f.3CB17101AE25630290776882465A9E58.d.E40DE613C3A86F2D4075B40B533AADC5.e.13577/clear - {}
RESULT: {}
COMMAND: POST /session/d5f272f198c3c1f43c195f4d238b9983/element/f.3CB17101AE25630290776882465A9E58.d.E40DE613C3A86F2D4075B40B533AADC5.e.13577/value - {"text":"WdIOQuotationjustmg"}
COMMAND: GET /session/d5f272f198c3c1f43c195f4d238b9983/screenshot - {}
RESULT: {"text":"WdIOQuotationjustmg"}
COMMAND: GET /session/d5f272f198c3c1f43c195f4d238b9983/screenshot - {}
RESULT: {}
RESULT: {}
COMMAND: POST /session/d5f272f198c3c1f43c195f4d238b9983/actions - {"actions":[{"id":"action106","type":"key","parameters":{},"actions":[{"type":"keyDown","value":"î€‡"},{"type":"pause","duration":10},{"type":"keyUp","value":"î€‡"}]}]}
RESULT: {"actions":[{"id":"action106","type":"key","parameters":{},"actions":[{"type":"keyDown","value":"î€‡"},{"type":"pause","duration":10},{"type":"keyUp","value":"î€‡"}]}]}
COMMAND: GET /session/d5f272f198c3c1f43c195f4d238b9983/screenshot - {}
RESULT: {}
COMMAND: POST /session/d5f272f198c3c1f43c195f4d238b9983/element - {"using":"xpath","value":"//div[contains(@id ,\"selectSingle\")]"}
RESULT: {"using":"xpath","value":"//div[contains(@id ,\"selectSingle\")]"}
COMMAND: POST /session/d5f272f198c3c1f43c195f4d238b9983/element/f.3CB17101AE25630290776882465A9E58.d.E40DE613C3A86F2D4075B40B533AADC5.e.13591/click - {}
RESULT: {}
COMMAND: GET /session/d5f272f198c3c1f43c195f4d238b9983/screenshot - {}
RESULT: {}
COMMAND: POST /session/d5f272f198c3c1f43c195f4d238b9983/element - {"using":"xpath","value":"//bdi[contains(text() ,\"Selection Done\")]"}
RESULT: {"using":"xpath","value":"//bdi[contains(text() ,\"Selection Done\")]"}
COMMAND: POST /session/d5f272f198c3c1f43c195f4d238b9983/element/f.3CB17101AE25630290776882465A9E58.d.E40DE613C3A86F2D4075B40B533AADC5.e.13593/click - {}
RESULT: {}
COMMAND: GET /session/d5f272f198c3c1f43c195f4d238b9983/screenshot - {}
RESULT: {}
COMMAND: POST /session/d5f272f198c3c1f43c195f4d238b9983/actions - {"actions":[{"id":"action107","type":"key","parameters":{},"actions":[{"type":"keyDown","value":"î€‡"},{"type":"pause","duration":10},{"type":"keyUp","value":"î€‡"}]}]}
RESULT: {"actions":[{"id":"action107","type":"key","parameters":{},"actions":[{"type":"keyDown","value":"î€‡"},{"type":"pause","duration":10},{"type":"keyUp","value":"î€‡"}]}]}
COMMAND: GET /session/d5f272f198c3c1f43c195f4d238b9983/screenshot - {}
RESULT: {}
COMMAND: POST /session/d5f272f198c3c1f43c195f4d238b9983/actions - {"actions":[{"id":"action108","type":"key","parameters":{},"actions":[{"type":"keyDown","value":"î€‡"},{"type":"pause","duration":10},{"type":"keyUp","value":"î€‡"}]}]}
RESULT: {"actions":[{"id":"action108","type":"key","parameters":{},"actions":[{"type":"keyDown","value":"î€‡"},{"type":"pause","duration":10},{"type":"keyUp","value":"î€‡"}]}]}
COMMAND: GET /session/d5f272f198c3c1f43c195f4d238b9983/screenshot - {}
RESULT: {}
COMMAND: GET /session/d5f272f198c3c1f43c195f4d238b9983/window/handles - {}
RESULT: {}
COMMAND: GET /session/d5f272f198c3c1f43c195f4d238b9983/window/handles - {}
RESULT: {}
COMMAND: POST /session/d5f272f198c3c1f43c195f4d238b9983/window - {"handle":"81FC92094E9D41459A561A2A48F22FF6"}
RESULT: {"handle":"81FC92094E9D41459A561A2A48F22FF6"}
COMMAND: GET /session/d5f272f198c3c1f43c195f4d238b9983/url - {}
RESULT: {}
COMMAND: GET /session/d5f272f198c3c1f43c195f4d238b9983/screenshot - {}
RESULT: {}
COMMAND: POST /session/d5f272f198c3c1f43c195f4d238b9983/element - {"using":"xpath","value":"//span[contains(text(), \"Header Billing Items\")]"}
RESULT: {"using":"xpath","value":"//span[contains(text(), \"Header Billing Items\")]"}
COMMAND: POST /session/d5f272f198c3c1f43c195f4d238b9983/element/f.81FC92094E9D41459A561A2A48F22FF6.d.1C96D7A1095FF7D7F8F46081D6BF881B.e.13824/click - {}
RESULT: {}
COMMAND: GET /session/d5f272f198c3c1f43c195f4d238b9983/screenshot - {}
RESULT: {}
COMMAND: POST /session/d5f272f198c3c1f43c195f4d238b9983/element - {"using":"xpath","value":"//span[contains(@id ,\"contractItemsSmartTable-header-inner\")]"}
RESULT: {"using":"xpath","value":"//span[contains(@id ,\"contractItemsSmartTable-header-inner\")]"}
COMMAND: GET /session/d5f272f198c3c1f43c195f4d238b9983/element/f.81FC92094E9D41459A561A2A48F22FF6.d.1C96D7A1095FF7D7F8F46081D6BF881B.e.13828/text - {}
RESULT: {}
COMMAND: POST /session/d5f272f198c3c1f43c195f4d238b9983/element - {"using":"xpath","value":"//span[@class=\"sapMObjStatusText\"][contains(text(), \"proposed\")]"}
RESULT: {"using":"xpath","value":"//span[@class=\"sapMObjStatusText\"][contains(text(), \"proposed\")]"}
COMMAND: GET /session/d5f272f198c3c1f43c195f4d238b9983/element/f.81FC92094E9D41459A561A2A48F22FF6.d.1C96D7A1095FF7D7F8F46081D6BF881B.e.13829/text - {}
RESULT: {}
COMMAND: DELETE /session/d5f272f198c3c1f43c195f4d238b9983/window - {}
RESULT: {}
COMMAND: POST /session/d5f272f198c3c1f43c195f4d238b9983/window - {"handle":"3CB17101AE25630290776882465A9E58"}
RESULT: {"handle":"3CB17101AE25630290776882465A9E58"}
COMMAND: GET /session/d5f272f198c3c1f43c195f4d238b9983/url - {}
RESULT: {}
COMMAND: GET /session/d5f272f198c3c1f43c195f4d238b9983/screenshot - {}
RESULT: {}
]]></system-out>
    </testcase>
    <testcase classname="chrome.135_0_7049_96.windows.Process_request_items_into_an_existing_quotation_US120163" name="Should navigate back to the request and check the request and item statuses" time="35.849">
      <system-out><![CDATA[
COMMAND: POST /session/d5f272f198c3c1f43c195f4d238b9983/refresh - {}
RESULT: {}
COMMAND: GET /session/d5f272f198c3c1f43c195f4d238b9983/screenshot - {}
RESULT: {}
COMMAND: POST /session/d5f272f198c3c1f43c195f4d238b9983/execute/async - {"script":"<script> [189 bytes]","args":[]}
RESULT: {"script":"<script> [189 bytes]","args":[]}
COMMAND: POST /session/d5f272f198c3c1f43c195f4d238b9983/execute/async - {"script":"<script> [123 bytes]","args":[]}
RESULT: {"script":"<script> [123 bytes]","args":[]}
COMMAND: POST /session/d5f272f198c3c1f43c195f4d238b9983/timeouts - {"script":"<number>"}
RESULT: {"script":"<number>"}
COMMAND: GET /session/d5f272f198c3c1f43c195f4d238b9983/timeouts - {}
RESULT: {}
RESULT: undefined
COMMAND: POST /session/d5f272f198c3c1f43c195f4d238b9983/execute/async - {"script":"<script> [2676 bytes]","args":[]}
RESULT: {"script":"<script> [2676 bytes]","args":[]}
COMMAND: POST /session/d5f272f198c3c1f43c195f4d238b9983/execute/async - {"script":"<script> [2342 bytes]","args":[{"protocol":"http","hostname":"0.0.0.0","path":"/","capabilities":{"browserName":"chrome","goog:chromeOptions":{"binary":"C:\\Program Files\\Google\\Chrome\\Application\\chrome.exe","args":["--start-maximized"]}},"logLevel":"warn","connectionRetryTimeout":120000,"connectionRetryCount":3,"logLevels":{},"enableDirectConnect":true,"strictSSL":true,"_":"65 more keys: [\"cacheDir\",\"port\",\"requestedCapabilities\",\"automationProtocol\",\"baseUrl\",\"waitforInterval\",\"waitforTimeout\",\"onReload\",\"beforeCommand\",\"afterCommand\",\"rootDir\",\"specs\",\"suites\",\"exclude\",\"groupLogsByTestSpec\",\"excludeDriverLogs\",\"bail\",\"framework\",\"reporters\",\"services\",\"maxInstances\",\"maxInstancesPerCapability\",\"injectGlobals\",\"filesToWatch\",\"execArgv\",\"runnerEnv\",\"runner\",\"shard\",\"specFileRetries\",\"specFileRetriesDelay\",\"specFileRetriesDeferred\",\"reporterSyncInterval\",\"reporterSyncTimeout\",\"cucumberFeaturesWithLineNumbers\",\"autoCompileOpts\",\"mochaOpts\",\"jasmineOpts\",\"cucumberOpts\",\"onPrepare\",\"onWorkerStart\",\"onWorkerEnd\",\"before\",\"beforeSession\",\"beforeSuite\",\"beforeHook\",\"beforeTest\",\"afterTest\",\"afterHook\",\"afterSuite\",\"afterSession\",\"after\",\"onComplete\",\"beforeAssertion\",\"afterAssertion\",\"beforeFeature\",\"beforeScenario\",\"beforeStep\",\"afterStep\",\"afterScenario\",\"afterFeature\",\"_\",\"suite\",\"$0\",\"ignoredWorkerServices\",\"wdi5\"]"}]}
RESULT: {"script":"<script> [2342 bytes]","args":[{"protocol":"http","hostname":"0.0.0.0","path":"/","capabilities":{"browserName":"chrome","goog:chromeOptions":{"binary":"C:\\Program Files\\Google\\Chrome\\Application\\chrome.exe","args":["--start-maximized"]}},"logLevel":"warn","connectionRetryTimeout":120000,"connectionRetryCount":3,"logLevels":{},"enableDirectConnect":true,"strictSSL":true,"_":"65 more keys: [\"cacheDir\",\"port\",\"requestedCapabilities\",\"automationProtocol\",\"baseUrl\",\"waitforInterval\",\"waitforTimeout\",\"onReload\",\"beforeCommand\",\"afterCommand\",\"rootDir\",\"specs\",\"suites\",\"exclude\",\"groupLogsByTestSpec\",\"excludeDriverLogs\",\"bail\",\"framework\",\"reporters\",\"services\",\"maxInstances\",\"maxInstancesPerCapability\",\"injectGlobals\",\"filesToWatch\",\"execArgv\",\"runnerEnv\",\"runner\",\"shard\",\"specFileRetries\",\"specFileRetriesDelay\",\"specFileRetriesDeferred\",\"reporterSyncInterval\",\"reporterSyncTimeout\",\"cucumberFeaturesWithLineNumbers\",\"autoCompileOpts\",\"mochaOpts\",\"jasmineOpts\",\"cucumberOpts\",\"onPrepare\",\"onWorkerStart\",\"onWorkerEnd\",\"before\",\"beforeSession\",\"beforeSuite\",\"beforeHook\",\"beforeTest\",\"afterTest\",\"afterHook\",\"afterSuite\",\"afterSession\",\"after\",\"onComplete\",\"beforeAssertion\",\"afterAssertion\",\"beforeFeature\",\"beforeScenario\",\"beforeStep\",\"afterStep\",\"afterScenario\",\"afterFeature\",\"_\",\"suite\",\"$0\",\"ignoredWorkerServices\",\"wdi5\"]"}]}
COMMAND: POST /session/d5f272f198c3c1f43c195f4d238b9983/execute/async - {"script":"<script> [21126 bytes]","args":[35000]}
RESULT: {"script":"<script> [21126 bytes]","args":[35000]}
COMMAND: POST /session/d5f272f198c3c1f43c195f4d238b9983/execute/async - {"script":"<script> [1562 bytes]","args":[{"selector":{"controlType":"sap.m.Text","viewName":"etm.portal.ui.managerequests.view.Detail","bindingPath":{"path":"/SmartRequestItemsPlanningBoard(ITEM=10m,REQUEST='20331')","propertyPath":"STATUS_DESC"}},"wdio_ui5_key":"etmportal.ui.managerequests.view.Detailsap.m.Text{\"path\":\"/SmartRequestItemsPlanningBoard(ITEM=10m,REQUEST='20331')\",\"propertyPath\":\"STATUS_DESC\"}"}]}
RESULT: {"script":"<script> [1562 bytes]","args":[{"selector":{"controlType":"sap.m.Text","viewName":"etm.portal.ui.managerequests.view.Detail","bindingPath":{"path":"/SmartRequestItemsPlanningBoard(ITEM=10m,REQUEST='20331')","propertyPath":"STATUS_DESC"}},"wdio_ui5_key":"etmportal.ui.managerequests.view.Detailsap.m.Text{\"path\":\"/SmartRequestItemsPlanningBoard(ITEM=10m,REQUEST='20331')\",\"propertyPath\":\"STATUS_DESC\"}"}]}
RESULT: undefined
COMMAND: POST /session/d5f272f198c3c1f43c195f4d238b9983/execute/async - {"script":"<script> [6424 bytes]","args":[{"element-6066-11e4-a52e-4f735466cecf":"f.3CB17101AE25630290776882465A9E58.d.49B9FCDB2B55F31E4BD002B5579EBEC5.e.13977"},"getText",[]]}
RESULT: {"script":"<script> [6424 bytes]","args":[{"element-6066-11e4-a52e-4f735466cecf":"f.3CB17101AE25630290776882465A9E58.d.49B9FCDB2B55F31E4BD002B5579EBEC5.e.13977"},"getText",[]]}
COMMAND: POST /session/d5f272f198c3c1f43c195f4d238b9983/execute/async - {"script":"<script> [1562 bytes]","args":[{"selector":{"controlType":"sap.m.ObjectStatus","viewName":"etm.portal.ui.managerequests.view.Detail","bindingPath":{"path":"/RequestHeaders('20331')","propertyPath":"LINK_TO_STATUS/DESCRIPTION","modelName":"catalogModel"}},"wdio_ui5_key":"etmportal.ui.managerequests.view.Detailsap.m.ObjectStatus{\"path\":\"/RequestHeaders('20331')\",\"propertyPath\":\"LINK_TO_STATUS/DESCRIPTION\",\"modelName\":\"catalogModel\"}"}]}
RESULT: {"script":"<script> [1562 bytes]","args":[{"selector":{"controlType":"sap.m.ObjectStatus","viewName":"etm.portal.ui.managerequests.view.Detail","bindingPath":{"path":"/RequestHeaders('20331')","propertyPath":"LINK_TO_STATUS/DESCRIPTION","modelName":"catalogModel"}},"wdio_ui5_key":"etmportal.ui.managerequests.view.Detailsap.m.ObjectStatus{\"path\":\"/RequestHeaders('20331')\",\"propertyPath\":\"LINK_TO_STATUS/DESCRIPTION\",\"modelName\":\"catalogModel\"}"}]}
RESULT: undefined
COMMAND: POST /session/d5f272f198c3c1f43c195f4d238b9983/execute/async - {"script":"<script> [6424 bytes]","args":[{"element-6066-11e4-a52e-4f735466cecf":"f.3CB17101AE25630290776882465A9E58.d.49B9FCDB2B55F31E4BD002B5579EBEC5.e.13978"},"getText",[]]}
RESULT: {"script":"<script> [6424 bytes]","args":[{"element-6066-11e4-a52e-4f735466cecf":"f.3CB17101AE25630290776882465A9E58.d.49B9FCDB2B55F31E4BD002B5579EBEC5.e.13978"},"getText",[]]}
COMMAND: DELETE /session/d5f272f198c3c1f43c195f4d238b9983 - {}
RESULT: {}
]]></system-out>
    </testcase>
  </testsuite>
</testsuites>