<?xml version="1.0" encoding="UTF-8"?>
<testsuites tests="9" failures="0" errors="0" skipped="0">
  <testsuite timestamp="2025-05-15T18:19:56" time="88.212" tests="1" failures="0" errors="0" skipped="0">
    <properties>
      <property name="specId" value="0" />
      <property name="suiteName" value="Create a new catalogs section" />
      <property name="capabilities" value="chrome.136_0_7103_93.windows" />
      <property name="file" value="file:///D:/a/1/s/test/specs/R2C/create-new-webshop-catalog-section.spec.js" />
    </properties>
    <testcase classname="chrome.136_0_7103_93.windows.Create_a_new_catalogs_section" name="Should navigate to manage catalogs and add a new section on webshop catalog" time="68.989">
      <system-out><![CDATA[
COMMAND: POST /session/4113d6d129359fd9dc4ee692ed3652ac/execute/async - {"script":"<script> [1562 bytes]","args":[{"selector":{"controlType":"sap.m.GenericTile","properties":{"header":"Manage Catalogs"}},"wdio_ui5_key":"sapm.GenericTile{\"header\":\"Manage Catalogs\"}"}]}
RESULT: {"script":"<script> [1562 bytes]","args":[{"selector":{"controlType":"sap.m.GenericTile","properties":{"header":"Manage Catalogs"}},"wdio_ui5_key":"sapm.GenericTile{\"header\":\"Manage Catalogs\"}"}]}
RESULT: undefined
COMMAND: POST /session/4113d6d129359fd9dc4ee692ed3652ac/element - {"using":"xpath","value":"//*[@id=\"__tile37\"]"}
RESULT: {"using":"xpath","value":"//*[@id=\"__tile37\"]"}
COMMAND: POST /session/4113d6d129359fd9dc4ee692ed3652ac/element/f.7E3A8558AA8FB2FD891CA09AA9D59AAC.d.ED98EB178739B70643241C0EC355F913.e.114/click - {}
RESULT: {}
COMMAND: GET /session/4113d6d129359fd9dc4ee692ed3652ac/screenshot - {}
RESULT: {}
COMMAND: POST /session/4113d6d129359fd9dc4ee692ed3652ac/elements - {"using":"xpath","value":"//span[text()='Error']"}
RESULT: {"using":"xpath","value":"//span[text()='Error']"}
COMMAND: POST /session/4113d6d129359fd9dc4ee692ed3652ac/execute/async - {"script":"<script> [1562 bytes]","args":[{"selector":{"controlType":"sap.m.Text","viewName":"etm.portal.ui.managecatalogs.view.MasterCatalogs","viewId":"application-managecatalogs-display-component---masterCatalogs","bindingPath":{"path":"/Catalogs('0D7502D073D53A0F1700BE067B89AFF9')","propertyPath":"DESCRIPTION","modelName":"catalogModel"}},"wdio_ui5_key":"etmportal.ui.managecatalogs.view.MasterCatalogssap.m.Text{\"path\":\"/Catalogs('0D7502D073D53A0F1700BE067B89AFF9')\",\"propertyPath\":\"DESCRIPTION\",\"modelName\":\"catalogModel\"}"}]}
RESULT: {"script":"<script> [1562 bytes]","args":[{"selector":{"controlType":"sap.m.Text","viewName":"etm.portal.ui.managecatalogs.view.MasterCatalogs","viewId":"application-managecatalogs-display-component---masterCatalogs","bindingPath":{"path":"/Catalogs('0D7502D073D53A0F1700BE067B89AFF9')","propertyPath":"DESCRIPTION","modelName":"catalogModel"}},"wdio_ui5_key":"etmportal.ui.managecatalogs.view.MasterCatalogssap.m.Text{\"path\":\"/Catalogs('0D7502D073D53A0F1700BE067B89AFF9')\",\"propertyPath\":\"DESCRIPTION\",\"modelName\":\"catalogModel\"}"}]}
RESULT: undefined
COMMAND: POST /session/4113d6d129359fd9dc4ee692ed3652ac/element - {"using":"xpath","value":"//*[@id=\"__text39-application-managecatalogs-display-component---masterCatalogs--CatalogsTable-11\"]"}
RESULT: {"using":"xpath","value":"//*[@id=\"__text39-application-managecatalogs-display-component---masterCatalogs--CatalogsTable-11\"]"}
COMMAND: POST /session/4113d6d129359fd9dc4ee692ed3652ac/element/f.7E3A8558AA8FB2FD891CA09AA9D59AAC.d.ED98EB178739B70643241C0EC355F913.e.144/click - {}
RESULT: {}
COMMAND: POST /session/4113d6d129359fd9dc4ee692ed3652ac/execute/async - {"script":"<script> [1562 bytes]","args":[{"selector":{"controlType":"sap.ui.layout.HorizontalLayout","viewName":"etm.portal.ui.managecatalogs.view.MasterItems","viewId":"application-managecatalogs-display-component---masterCatalogItems","ancestor":{"id":"application-managecatalogs-display-component---masterCatalogItems--idCatalogItemsTree-rows-row0"}},"wdio_ui5_key":"etmportal.ui.managecatalogs.view.MasterItemssap.ui.layout.HorizontalLayout{\"id\":\"application-managecatalogs-display-component---masterCatalogItems--idCatalogItemsTree-rows-row0\"}"}]}
COMMAND: GET /session/4113d6d129359fd9dc4ee692ed3652ac/screenshot - {}
RESULT: {"script":"<script> [1562 bytes]","args":[{"selector":{"controlType":"sap.ui.layout.HorizontalLayout","viewName":"etm.portal.ui.managecatalogs.view.MasterItems","viewId":"application-managecatalogs-display-component---masterCatalogItems","ancestor":{"id":"application-managecatalogs-display-component---masterCatalogItems--idCatalogItemsTree-rows-row0"}},"wdio_ui5_key":"etmportal.ui.managecatalogs.view.MasterItemssap.ui.layout.HorizontalLayout{\"id\":\"application-managecatalogs-display-component---masterCatalogItems--idCatalogItemsTree-rows-row0\"}"}]}
RESULT: undefined
COMMAND: POST /session/4113d6d129359fd9dc4ee692ed3652ac/element - {"using":"xpath","value":"//*[@id=\"__layout3-__clone11\"]"}
RESULT: {}
RESULT: {"using":"xpath","value":"//*[@id=\"__layout3-__clone11\"]"}
COMMAND: POST /session/4113d6d129359fd9dc4ee692ed3652ac/element/f.7E3A8558AA8FB2FD891CA09AA9D59AAC.d.ED98EB178739B70643241C0EC355F913.e.178/click - {}
RESULT: {}
COMMAND: GET /session/4113d6d129359fd9dc4ee692ed3652ac/screenshot - {}
RESULT: {}
COMMAND: POST /session/4113d6d129359fd9dc4ee692ed3652ac/execute/async - {"script":"<script> [1562 bytes]","args":[{"selector":{"controlType":"sap.m.Button","viewName":"etm.portal.ui.managecatalogs.view.Detail","viewId":"application-managecatalogs-display-component---detailCatalog","i18NText":{"propertyName":"text","key":"edit"},"interaction":{"idSuffix":"BDI-content"}},"wdio_ui5_key":"etmportal.ui.managecatalogs.view.Detailsap.m.Button{\"propertyName\":\"text\",\"key\":\"edit\"}"}]}
RESULT: {"script":"<script> [1562 bytes]","args":[{"selector":{"controlType":"sap.m.Button","viewName":"etm.portal.ui.managecatalogs.view.Detail","viewId":"application-managecatalogs-display-component---detailCatalog","i18NText":{"propertyName":"text","key":"edit"},"interaction":{"idSuffix":"BDI-content"}},"wdio_ui5_key":"etmportal.ui.managecatalogs.view.Detailsap.m.Button{\"propertyName\":\"text\",\"key\":\"edit\"}"}]}
RESULT: undefined
COMMAND: POST /session/4113d6d129359fd9dc4ee692ed3652ac/element - {"using":"xpath","value":"//*[@id=\"__button35\"]"}
RESULT: {"using":"xpath","value":"//*[@id=\"__button35\"]"}
COMMAND: POST /session/4113d6d129359fd9dc4ee692ed3652ac/element/f.7E3A8558AA8FB2FD891CA09AA9D59AAC.d.ED98EB178739B70643241C0EC355F913.e.288/click - {}
RESULT: {}
COMMAND: GET /session/4113d6d129359fd9dc4ee692ed3652ac/screenshot - {}
RESULT: {}
COMMAND: POST /session/4113d6d129359fd9dc4ee692ed3652ac/element - {"using":"xpath","value":"//bdi[contains(text(), \"Unlock\")]"}
RESULT: {"using":"xpath","value":"//bdi[contains(text(), \"Unlock\")]"}
COMMAND: POST /session/4113d6d129359fd9dc4ee692ed3652ac/elements - {"using":"xpath","value":"//bdi[contains(text(), \"Unlock\")]"}
RESULT: {"using":"xpath","value":"//bdi[contains(text(), \"Unlock\")]"}
COMMAND: POST /session/4113d6d129359fd9dc4ee692ed3652ac/execute/async - {"script":"<script> [1562 bytes]","args":[{"selector":{"controlType":"sap.ui.core.Icon","viewName":"etm.portal.ui.managecatalogs.view.Detail","viewId":"application-managecatalogs-display-component---detailCatalog","properties":{"src":{"regex":{"source":"add\\-folder"}}}},"wdio_ui5_key":"etmportal.ui.managecatalogs.view.Detailsap.ui.core.Icon{\"src\":{\"regex\":{\"source\":\"add\\\\-folder\"}}}"}]}
RESULT: {"script":"<script> [1562 bytes]","args":[{"selector":{"controlType":"sap.ui.core.Icon","viewName":"etm.portal.ui.managecatalogs.view.Detail","viewId":"application-managecatalogs-display-component---detailCatalog","properties":{"src":{"regex":{"source":"add\\-folder"}}}},"wdio_ui5_key":"etmportal.ui.managecatalogs.view.Detailsap.ui.core.Icon{\"src\":{\"regex\":{\"source\":\"add\\\\-folder\"}}}"}]}
RESULT: undefined
COMMAND: POST /session/4113d6d129359fd9dc4ee692ed3652ac/element - {"using":"xpath","value":"//*[@id=\"__button43-img\"]"}
RESULT: {"using":"xpath","value":"//*[@id=\"__button43-img\"]"}
COMMAND: POST /session/4113d6d129359fd9dc4ee692ed3652ac/element/f.7E3A8558AA8FB2FD891CA09AA9D59AAC.d.ED98EB178739B70643241C0EC355F913.e.295/click - {}
RESULT: {}
COMMAND: GET /session/4113d6d129359fd9dc4ee692ed3652ac/screenshot - {}
RESULT: {}
COMMAND: POST /session/4113d6d129359fd9dc4ee692ed3652ac/execute/async - {"script":"<script> [1562 bytes]","args":[{"selector":{"id":"application-managecatalogs-display-component---detailCatalog--numberInput","searchOpenDialogs":true,"interaction":{"idSuffix":"inner"}},"wdio_ui5_key":"applicationmanagecatalogs-display-component---detailCatalog--numberInput"}]}
RESULT: {"script":"<script> [1562 bytes]","args":[{"selector":{"id":"application-managecatalogs-display-component---detailCatalog--numberInput","searchOpenDialogs":true,"interaction":{"idSuffix":"inner"}},"wdio_ui5_key":"applicationmanagecatalogs-display-component---detailCatalog--numberInput"}]}
RESULT: undefined
COMMAND: POST /session/4113d6d129359fd9dc4ee692ed3652ac/execute/async - {"script":"<script> [776 bytes]","args":[{"enterText":"Sectionc8435","selector":{"id":"application-managecatalogs-display-component---detailCatalog--numberInput","searchOpenDialogs":true,"interaction":{"idSuffix":"inner"}},"clearTextFirst":true,"interactionType":"ENTER_TEXT"}]}
RESULT: {"script":"<script> [776 bytes]","args":[{"enterText":"Sectionc8435","selector":{"id":"application-managecatalogs-display-component---detailCatalog--numberInput","searchOpenDialogs":true,"interaction":{"idSuffix":"inner"}},"clearTextFirst":true,"interactionType":"ENTER_TEXT"}]}
COMMAND: POST /session/4113d6d129359fd9dc4ee692ed3652ac/element - {"using":"css selector","value":"#application-managecatalogs-display-component---detailCatalog--nameInput-inner"}
RESULT: {"using":"css selector","value":"#application-managecatalogs-display-component---detailCatalog--nameInput-inner"}
COMMAND: POST /session/4113d6d129359fd9dc4ee692ed3652ac/elements - {"using":"css selector","value":"#application-managecatalogs-display-component---detailCatalog--nameInput-inner"}
RESULT: {"using":"css selector","value":"#application-managecatalogs-display-component---detailCatalog--nameInput-inner"}
COMMAND: POST /session/4113d6d129359fd9dc4ee692ed3652ac/element/f.7E3A8558AA8FB2FD891CA09AA9D59AAC.d.ED98EB178739B70643241C0EC355F913.e.299/clear - {}
RESULT: {}
COMMAND: POST /session/4113d6d129359fd9dc4ee692ed3652ac/element/f.7E3A8558AA8FB2FD891CA09AA9D59AAC.d.ED98EB178739B70643241C0EC355F913.e.299/value - {"text":"Webdriverjv1sh"}
COMMAND: GET /session/4113d6d129359fd9dc4ee692ed3652ac/screenshot - {}
RESULT: {"text":"Webdriverjv1sh"}
COMMAND: POST /session/4113d6d129359fd9dc4ee692ed3652ac/execute/async - {"script":"<script> [1562 bytes]","args":[{"selector":{"controlType":"sap.m.Button","viewName":"etm.portal.ui.managecatalogs.view.Detail","viewId":"application-managecatalogs-display-component---detailCatalog","i18NText":{"propertyName":"text","key":"create"},"searchOpenDialogs":true,"interaction":{"idSuffix":"BDI-content"}},"wdio_ui5_key":"etmportal.ui.managecatalogs.view.Detailsap.m.Button{\"propertyName\":\"text\",\"key\":\"create\"}"}]}
COMMAND: GET /session/4113d6d129359fd9dc4ee692ed3652ac/screenshot - {}
RESULT: {}
RESULT: {"script":"<script> [1562 bytes]","args":[{"selector":{"controlType":"sap.m.Button","viewName":"etm.portal.ui.managecatalogs.view.Detail","viewId":"application-managecatalogs-display-component---detailCatalog","i18NText":{"propertyName":"text","key":"create"},"searchOpenDialogs":true,"interaction":{"idSuffix":"BDI-content"}},"wdio_ui5_key":"etmportal.ui.managecatalogs.view.Detailsap.m.Button{\"propertyName\":\"text\",\"key\":\"create\"}"}]}
RESULT: undefined
COMMAND: POST /session/4113d6d129359fd9dc4ee692ed3652ac/element - {"using":"xpath","value":"//*[@id=\"__button13\"]"}
RESULT: {}
RESULT: {"using":"xpath","value":"//*[@id=\"__button13\"]"}
COMMAND: POST /session/4113d6d129359fd9dc4ee692ed3652ac/element/f.7E3A8558AA8FB2FD891CA09AA9D59AAC.d.ED98EB178739B70643241C0EC355F913.e.305/click - {}
RESULT: {}
COMMAND: GET /session/4113d6d129359fd9dc4ee692ed3652ac/screenshot - {}
RESULT: {}
COMMAND: POST /session/4113d6d129359fd9dc4ee692ed3652ac/element - {"using":"xpath","value":"//button[@title=\"Save\"]"}
RESULT: {"using":"xpath","value":"//button[@title=\"Save\"]"}
COMMAND: POST /session/4113d6d129359fd9dc4ee692ed3652ac/element/f.7E3A8558AA8FB2FD891CA09AA9D59AAC.d.ED98EB178739B70643241C0EC355F913.e.306/click - {}
RESULT: {}
COMMAND: POST /session/4113d6d129359fd9dc4ee692ed3652ac/execute/async - {"script":"<script> [1562 bytes]","args":[{"selector":{"controlType":"sap.ui.core.Icon","viewName":"etm.portal.ui.managecatalogs.view.Detail","viewId":"application-managecatalogs-display-component---detailCatalog","properties":{"src":{"regex":{"source":"decline"}}}},"wdio_ui5_key":"etmportal.ui.managecatalogs.view.Detailsap.ui.core.Icon{\"src\":{\"regex\":{\"source\":\"decline\"}}}"}]}
COMMAND: GET /session/4113d6d129359fd9dc4ee692ed3652ac/screenshot - {}
RESULT: {"script":"<script> [1562 bytes]","args":[{"selector":{"controlType":"sap.ui.core.Icon","viewName":"etm.portal.ui.managecatalogs.view.Detail","viewId":"application-managecatalogs-display-component---detailCatalog","properties":{"src":{"regex":{"source":"decline"}}}},"wdio_ui5_key":"etmportal.ui.managecatalogs.view.Detailsap.ui.core.Icon{\"src\":{\"regex\":{\"source\":\"decline\"}}}"}]}
RESULT: undefined
COMMAND: POST /session/4113d6d129359fd9dc4ee692ed3652ac/element - {"using":"xpath","value":"//*[@id=\"__button38-img\"]"}
RESULT: {}
RESULT: {"using":"xpath","value":"//*[@id=\"__button38-img\"]"}
COMMAND: POST /session/4113d6d129359fd9dc4ee692ed3652ac/element/f.7E3A8558AA8FB2FD891CA09AA9D59AAC.d.ED98EB178739B70643241C0EC355F913.e.310/click - {}
RESULT: {}
COMMAND: GET /session/4113d6d129359fd9dc4ee692ed3652ac/screenshot - {}
RESULT: {}
COMMAND: POST /session/4113d6d129359fd9dc4ee692ed3652ac/execute/async - {"script":"<script> [1562 bytes]","args":[{"selector":{"controlType":"sap.ui.core.Icon","viewName":"etm.portal.ui.managecatalogs.view.MasterItems","viewId":"application-managecatalogs-display-component---masterCatalogItems","properties":{"src":{"regex":{"source":"refresh"}}}},"wdio_ui5_key":"etmportal.ui.managecatalogs.view.MasterItemssap.ui.core.Icon{\"src\":{\"regex\":{\"source\":\"refresh\"}}}"}]}
RESULT: {"script":"<script> [1562 bytes]","args":[{"selector":{"controlType":"sap.ui.core.Icon","viewName":"etm.portal.ui.managecatalogs.view.MasterItems","viewId":"application-managecatalogs-display-component---masterCatalogItems","properties":{"src":{"regex":{"source":"refresh"}}}},"wdio_ui5_key":"etmportal.ui.managecatalogs.view.MasterItemssap.ui.core.Icon{\"src\":{\"regex\":{\"source\":\"refresh\"}}}"}]}
RESULT: undefined
COMMAND: POST /session/4113d6d129359fd9dc4ee692ed3652ac/element - {"using":"xpath","value":"//*[@id=\"__button11-img\"]"}
RESULT: {"using":"xpath","value":"//*[@id=\"__button11-img\"]"}
COMMAND: POST /session/4113d6d129359fd9dc4ee692ed3652ac/element/f.7E3A8558AA8FB2FD891CA09AA9D59AAC.d.ED98EB178739B70643241C0EC355F913.e.343/click - {}
RESULT: {}
COMMAND: POST /session/4113d6d129359fd9dc4ee692ed3652ac/execute/async - {"script":"<script> [1562 bytes]","args":[{"selector":{"id":"application-managecatalogs-display-component---masterCatalogItems--searchItemsField","interaction":{"idSuffix":"I"}},"wdio_ui5_key":"applicationmanagecatalogs-display-component---masterCatalogItems--searchItemsField"}]}
COMMAND: GET /session/4113d6d129359fd9dc4ee692ed3652ac/screenshot - {}
RESULT: {"script":"<script> [1562 bytes]","args":[{"selector":{"id":"application-managecatalogs-display-component---masterCatalogItems--searchItemsField","interaction":{"idSuffix":"I"}},"wdio_ui5_key":"applicationmanagecatalogs-display-component---masterCatalogItems--searchItemsField"}]}
RESULT: undefined
COMMAND: POST /session/4113d6d129359fd9dc4ee692ed3652ac/execute/async - {"script":"<script> [776 bytes]","args":[{"enterText":"Webdriverjv1sh","selector":{"id":"application-managecatalogs-display-component---masterCatalogItems--searchItemsField","interaction":{"idSuffix":"I"}},"clearTextFirst":true,"interactionType":"ENTER_TEXT"}]}
RESULT: {}
RESULT: {"script":"<script> [776 bytes]","args":[{"enterText":"Webdriverjv1sh","selector":{"id":"application-managecatalogs-display-component---masterCatalogItems--searchItemsField","interaction":{"idSuffix":"I"}},"clearTextFirst":true,"interactionType":"ENTER_TEXT"}]}
COMMAND: POST /session/4113d6d129359fd9dc4ee692ed3652ac/actions - {"actions":[{"id":"action1","type":"key","parameters":{},"actions":[{"type":"keyDown","value":"î€‡"},{"type":"pause","duration":10},{"type":"keyUp","value":"î€‡"}]}]}
RESULT: {"actions":[{"id":"action1","type":"key","parameters":{},"actions":[{"type":"keyDown","value":"î€‡"},{"type":"pause","duration":10},{"type":"keyUp","value":"î€‡"}]}]}
COMMAND: POST /session/4113d6d129359fd9dc4ee692ed3652ac/element - {"using":"xpath","value":"(//span[contains(text(), \"Webdriverjv1sh\")])[1]"}
COMMAND: GET /session/4113d6d129359fd9dc4ee692ed3652ac/screenshot - {}
RESULT: {"using":"xpath","value":"(//span[contains(text(), \"Webdriverjv1sh\")])[1]"}
COMMAND: POST /session/4113d6d129359fd9dc4ee692ed3652ac/element/f.7E3A8558AA8FB2FD891CA09AA9D59AAC.d.ED98EB178739B70643241C0EC355F913.e.346/click - {}
RESULT: {}
RESULT: {}
COMMAND: GET /session/4113d6d129359fd9dc4ee692ed3652ac/screenshot - {}
RESULT: {}
RESULT: undefined
COMMAND: POST /session/4113d6d129359fd9dc4ee692ed3652ac/element - {"using":"xpath","value":"//*[@id=\"__button35\"]"}
RESULT: {"using":"xpath","value":"//*[@id=\"__button35\"]"}
COMMAND: POST /session/4113d6d129359fd9dc4ee692ed3652ac/element/f.7E3A8558AA8FB2FD891CA09AA9D59AAC.d.ED98EB178739B70643241C0EC355F913.e.414/click - {}
RESULT: {}
COMMAND: GET /session/4113d6d129359fd9dc4ee692ed3652ac/screenshot - {}
RESULT: {}
RESULT: undefined
COMMAND: POST /session/4113d6d129359fd9dc4ee692ed3652ac/element - {"using":"xpath","value":"//*[@id=\"__button43-img\"]"}
RESULT: {"using":"xpath","value":"//*[@id=\"__button43-img\"]"}
COMMAND: POST /session/4113d6d129359fd9dc4ee692ed3652ac/element/f.7E3A8558AA8FB2FD891CA09AA9D59AAC.d.ED98EB178739B70643241C0EC355F913.e.430/click - {}
RESULT: {}
COMMAND: GET /session/4113d6d129359fd9dc4ee692ed3652ac/screenshot - {}
RESULT: {}
RESULT: undefined
COMMAND: POST /session/4113d6d129359fd9dc4ee692ed3652ac/execute/async - {"script":"<script> [776 bytes]","args":[{"enterText":"SecondSectioncu7ln","selector":{"id":"application-managecatalogs-display-component---detailCatalog--numberInput","searchOpenDialogs":true,"interaction":{"idSuffix":"inner"}},"clearTextFirst":true,"interactionType":"ENTER_TEXT"}]}
RESULT: {"script":"<script> [776 bytes]","args":[{"enterText":"SecondSectioncu7ln","selector":{"id":"application-managecatalogs-display-component---detailCatalog--numberInput","searchOpenDialogs":true,"interaction":{"idSuffix":"inner"}},"clearTextFirst":true,"interactionType":"ENTER_TEXT"}]}
COMMAND: POST /session/4113d6d129359fd9dc4ee692ed3652ac/element - {"using":"xpath","value":"//input[contains(@id ,\"application-managecatalogs-display-component---detailCatalog--nameInput-inner\")]"}
RESULT: {"using":"xpath","value":"//input[contains(@id ,\"application-managecatalogs-display-component---detailCatalog--nameInput-inner\")]"}
COMMAND: POST /session/4113d6d129359fd9dc4ee692ed3652ac/elements - {"using":"xpath","value":"//input[contains(@id ,\"application-managecatalogs-display-component---detailCatalog--nameInput-inner\")]"}
RESULT: {"using":"xpath","value":"//input[contains(@id ,\"application-managecatalogs-display-component---detailCatalog--nameInput-inner\")]"}
COMMAND: POST /session/4113d6d129359fd9dc4ee692ed3652ac/element/f.7E3A8558AA8FB2FD891CA09AA9D59AAC.d.ED98EB178739B70643241C0EC355F913.e.434/clear - {}
RESULT: {}
COMMAND: POST /session/4113d6d129359fd9dc4ee692ed3652ac/element/f.7E3A8558AA8FB2FD891CA09AA9D59AAC.d.ED98EB178739B70643241C0EC355F913.e.434/value - {"text":"webdriversecondhrtfm"}
COMMAND: GET /session/4113d6d129359fd9dc4ee692ed3652ac/screenshot - {}
RESULT: {"text":"webdriversecondhrtfm"}
COMMAND: POST /session/4113d6d129359fd9dc4ee692ed3652ac/execute/async - {"script":"<script> [1562 bytes]","args":[{"selector":{"id":"application-managecatalogs-display-component---detailCatalog--nameInput","searchOpenDialogs":true,"interaction":{"idSuffix":"inner"}},"wdio_ui5_key":"applicationmanagecatalogs-display-component---detailCatalog--nameInput"}]}
COMMAND: GET /session/4113d6d129359fd9dc4ee692ed3652ac/screenshot - {}
RESULT: {}
RESULT: {"script":"<script> [1562 bytes]","args":[{"selector":{"id":"application-managecatalogs-display-component---detailCatalog--nameInput","searchOpenDialogs":true,"interaction":{"idSuffix":"inner"}},"wdio_ui5_key":"applicationmanagecatalogs-display-component---detailCatalog--nameInput"}]}
RESULT: undefined
COMMAND: POST /session/4113d6d129359fd9dc4ee692ed3652ac/execute/async - {"script":"<script> [776 bytes]","args":[{"enterText":"webdriversecondhrtfm","selector":{"id":"application-managecatalogs-display-component---detailCatalog--nameInput","searchOpenDialogs":true,"interaction":{"idSuffix":"inner"}},"clearTextFirst":true,"interactionType":"ENTER_TEXT"}]}
RESULT: {}
RESULT: {"script":"<script> [776 bytes]","args":[{"enterText":"webdriversecondhrtfm","selector":{"id":"application-managecatalogs-display-component---detailCatalog--nameInput","searchOpenDialogs":true,"interaction":{"idSuffix":"inner"}},"clearTextFirst":true,"interactionType":"ENTER_TEXT"}]}
RESULT: undefined
COMMAND: POST /session/4113d6d129359fd9dc4ee692ed3652ac/element - {"using":"xpath","value":"//*[@id=\"__button13\"]"}
RESULT: {"using":"xpath","value":"//*[@id=\"__button13\"]"}
COMMAND: POST /session/4113d6d129359fd9dc4ee692ed3652ac/element/f.7E3A8558AA8FB2FD891CA09AA9D59AAC.d.ED98EB178739B70643241C0EC355F913.e.438/click - {}
RESULT: {}
COMMAND: GET /session/4113d6d129359fd9dc4ee692ed3652ac/screenshot - {}
RESULT: {}
COMMAND: POST /session/4113d6d129359fd9dc4ee692ed3652ac/element - {"using":"xpath","value":"//button[@title=\"Save\"]"}
RESULT: {"using":"xpath","value":"//button[@title=\"Save\"]"}
COMMAND: POST /session/4113d6d129359fd9dc4ee692ed3652ac/element/f.7E3A8558AA8FB2FD891CA09AA9D59AAC.d.ED98EB178739B70643241C0EC355F913.e.418/click - {}
RESULT: {}
COMMAND: GET /session/4113d6d129359fd9dc4ee692ed3652ac/screenshot - {}
RESULT: {}
RESULT: undefined
COMMAND: POST /session/4113d6d129359fd9dc4ee692ed3652ac/element - {"using":"xpath","value":"//*[@id=\"__button38-img\"]"}
RESULT: {"using":"xpath","value":"//*[@id=\"__button38-img\"]"}
COMMAND: POST /session/4113d6d129359fd9dc4ee692ed3652ac/element/f.7E3A8558AA8FB2FD891CA09AA9D59AAC.d.ED98EB178739B70643241C0EC355F913.e.442/click - {}
RESULT: {}
COMMAND: GET /session/4113d6d129359fd9dc4ee692ed3652ac/screenshot - {}
RESULT: {}
RESULT: undefined
COMMAND: POST /session/4113d6d129359fd9dc4ee692ed3652ac/element - {"using":"xpath","value":"//*[@id=\"__button11-img\"]"}
RESULT: {"using":"xpath","value":"//*[@id=\"__button11-img\"]"}
COMMAND: POST /session/4113d6d129359fd9dc4ee692ed3652ac/element/f.7E3A8558AA8FB2FD891CA09AA9D59AAC.d.ED98EB178739B70643241C0EC355F913.e.479/click - {}
RESULT: {}
COMMAND: GET /session/4113d6d129359fd9dc4ee692ed3652ac/screenshot - {}
RESULT: {}
RESULT: undefined
COMMAND: POST /session/4113d6d129359fd9dc4ee692ed3652ac/execute/async - {"script":"<script> [776 bytes]","args":[{"enterText":"SecondSectioncu7ln","selector":{"id":"application-managecatalogs-display-component---masterCatalogItems--searchItemsField","interaction":{"idSuffix":"I"}},"clearTextFirst":true,"interactionType":"ENTER_TEXT"}]}
RESULT: {"script":"<script> [776 bytes]","args":[{"enterText":"SecondSectioncu7ln","selector":{"id":"application-managecatalogs-display-component---masterCatalogItems--searchItemsField","interaction":{"idSuffix":"I"}},"clearTextFirst":true,"interactionType":"ENTER_TEXT"}]}
COMMAND: POST /session/4113d6d129359fd9dc4ee692ed3652ac/actions - {"actions":[{"id":"action2","type":"key","parameters":{},"actions":[{"type":"keyDown","value":"î€‡"},{"type":"pause","duration":10},{"type":"keyUp","value":"î€‡"}]}]}
RESULT: {"actions":[{"id":"action2","type":"key","parameters":{},"actions":[{"type":"keyDown","value":"î€‡"},{"type":"pause","duration":10},{"type":"keyUp","value":"î€‡"}]}]}
COMMAND: POST /session/4113d6d129359fd9dc4ee692ed3652ac/element - {"using":"xpath","value":"(//span[contains(text(), \"SecondSectioncu7ln\")])[1]"}
COMMAND: GET /session/4113d6d129359fd9dc4ee692ed3652ac/screenshot - {}
RESULT: {"using":"xpath","value":"(//span[contains(text(), \"SecondSectioncu7ln\")])[1]"}
COMMAND: POST /session/4113d6d129359fd9dc4ee692ed3652ac/element/f.7E3A8558AA8FB2FD891CA09AA9D59AAC.d.ED98EB178739B70643241C0EC355F913.e.482/click - {}
RESULT: {}
RESULT: {}
COMMAND: POST /session/4113d6d129359fd9dc4ee692ed3652ac/element - {"using":"xpath","value":"(//span[contains(text(), \"SecondSectioncu7ln\")])[1]"}
COMMAND: GET /session/4113d6d129359fd9dc4ee692ed3652ac/screenshot - {}
RESULT: {}
RESULT: {"using":"xpath","value":"(//span[contains(text(), \"SecondSectioncu7ln\")])[1]"}
COMMAND: GET /session/4113d6d129359fd9dc4ee692ed3652ac/element/f.7E3A8558AA8FB2FD891CA09AA9D59AAC.d.ED98EB178739B70643241C0EC355F913.e.534/text - {}
RESULT: {}
COMMAND: POST /session/4113d6d129359fd9dc4ee692ed3652ac/element - {"using":"css selector","value":"#shell-header-logo"}
RESULT: {"using":"css selector","value":"#shell-header-logo"}
COMMAND: POST /session/4113d6d129359fd9dc4ee692ed3652ac/element/f.7E3A8558AA8FB2FD891CA09AA9D59AAC.d.ED98EB178739B70643241C0EC355F913.e.117/click - {}
RESULT: {}
COMMAND: GET /session/4113d6d129359fd9dc4ee692ed3652ac/screenshot - {}
RESULT: {}
COMMAND: POST /session/4113d6d129359fd9dc4ee692ed3652ac/execute/async - {"script":"<script> [1562 bytes]","args":[{"selector":{"controlType":"sap.m.GenericTile","properties":{"header":"Manage Classifications"}},"wdio_ui5_key":"sapm.GenericTile{\"header\":\"Manage Classifications\"}"}]}
RESULT: {"script":"<script> [1562 bytes]","args":[{"selector":{"controlType":"sap.m.GenericTile","properties":{"header":"Manage Classifications"}},"wdio_ui5_key":"sapm.GenericTile{\"header\":\"Manage Classifications\"}"}]}
RESULT: undefined
COMMAND: POST /session/4113d6d129359fd9dc4ee692ed3652ac/element - {"using":"xpath","value":"//*[@id=\"__tile115\"]"}
RESULT: {"using":"xpath","value":"//*[@id=\"__tile115\"]"}
COMMAND: POST /session/4113d6d129359fd9dc4ee692ed3652ac/element/f.7E3A8558AA8FB2FD891CA09AA9D59AAC.d.ED98EB178739B70643241C0EC355F913.e.539/click - {}
RESULT: {}
COMMAND: GET /session/4113d6d129359fd9dc4ee692ed3652ac/screenshot - {}
RESULT: {}
COMMAND: POST /session/4113d6d129359fd9dc4ee692ed3652ac/elements - {"using":"xpath","value":"//span[text()='Error']"}
RESULT: {"using":"xpath","value":"//span[text()='Error']"}
]]></system-out>
    </testcase>
  </testsuite>
  <testsuite timestamp="2025-05-15T18:21:24" time="217.018" tests="3" failures="0" errors="0" skipped="0">
    <properties>
      <property name="specId" value="0" />
      <property name="suiteName" value="Manage catalogs - yard assignment classification US138930" />
      <property name="capabilities" value="chrome.136_0_7103_93.windows" />
      <property name="file" value="file:///D:/a/1/s/test/specs/R2C/manage-catalogs-yard-assignment-classification.spec.js" />
    </properties>
    <testcase classname="chrome.136_0_7103_93.windows.Manage_catalogs_-_yard_assignment_classification_US138930" name="Should create a new classification of type yard assignment" time="34.408">
      <system-out><![CDATA[
COMMAND: POST /session/4113d6d129359fd9dc4ee692ed3652ac/execute/async - {"script":"<script> [1562 bytes]","args":[{"selector":{"controlType":"sap.ui.core.Icon","viewName":"etm.portal.ui.manageclassifications.view.Master","viewId":"application-manageclassifications-display-component---classificationMaster","properties":{"src":{"regex":{"source":"add"}}}},"wdio_ui5_key":"etmportal.ui.manageclassifications.view.Mastersap.ui.core.Icon{\"src\":{\"regex\":{\"source\":\"add\"}}}"}]}
RESULT: {"script":"<script> [1562 bytes]","args":[{"selector":{"controlType":"sap.ui.core.Icon","viewName":"etm.portal.ui.manageclassifications.view.Master","viewId":"application-manageclassifications-display-component---classificationMaster","properties":{"src":{"regex":{"source":"add"}}}},"wdio_ui5_key":"etmportal.ui.manageclassifications.view.Mastersap.ui.core.Icon{\"src\":{\"regex\":{\"source\":\"add\"}}}"}]}
RESULT: undefined
COMMAND: POST /session/4113d6d129359fd9dc4ee692ed3652ac/element - {"using":"xpath","value":"//*[@id=\"__button75-img\"]"}
RESULT: {"using":"xpath","value":"//*[@id=\"__button75-img\"]"}
COMMAND: POST /session/4113d6d129359fd9dc4ee692ed3652ac/element/f.7E3A8558AA8FB2FD891CA09AA9D59AAC.d.ED98EB178739B70643241C0EC355F913.e.578/click - {}
RESULT: {}
COMMAND: POST /session/4113d6d129359fd9dc4ee692ed3652ac/execute/async - {"script":"<script> [1562 bytes]","args":[{"selector":{"id":"application-manageclassifications-display-component---classificationCreate--classHeaderName","interaction":{"idSuffix":"inner"}},"wdio_ui5_key":"applicationmanageclassifications-display-component---classificationCreate--classHeaderName"}]}
COMMAND: GET /session/4113d6d129359fd9dc4ee692ed3652ac/screenshot - {}
RESULT: {"script":"<script> [1562 bytes]","args":[{"selector":{"id":"application-manageclassifications-display-component---classificationCreate--classHeaderName","interaction":{"idSuffix":"inner"}},"wdio_ui5_key":"applicationmanageclassifications-display-component---classificationCreate--classHeaderName"}]}
RESULT: undefined
COMMAND: POST /session/4113d6d129359fd9dc4ee692ed3652ac/execute/async - {"script":"<script> [776 bytes]","args":[{"enterText":"WebdriverYardClassi2h0m","selector":{"id":"application-manageclassifications-display-component---classificationCreate--classHeaderName","interaction":{"idSuffix":"inner"}},"clearTextFirst":true,"interactionType":"ENTER_TEXT"}]}
RESULT: {}
RESULT: {"script":"<script> [776 bytes]","args":[{"enterText":"WebdriverYardClassi2h0m","selector":{"id":"application-manageclassifications-display-component---classificationCreate--classHeaderName","interaction":{"idSuffix":"inner"}},"clearTextFirst":true,"interactionType":"ENTER_TEXT"}]}
COMMAND: POST /session/4113d6d129359fd9dc4ee692ed3652ac/execute/async - {"script":"<script> [1562 bytes]","args":[{"selector":{"controlType":"sap.ui.core.Icon","viewName":"etm.portal.ui.manageclassifications.view.Create","viewId":"application-manageclassifications-display-component---classificationCreate","properties":{"src":{"regex":{"source":"slim\\-arrow\\-down"}}}},"wdio_ui5_key":"etmportal.ui.manageclassifications.view.Createsap.ui.core.Icon{\"src\":{\"regex\":{\"source\":\"slim\\\\-arrow\\\\-down\"}}}"}]}
RESULT: {"script":"<script> [1562 bytes]","args":[{"selector":{"controlType":"sap.ui.core.Icon","viewName":"etm.portal.ui.manageclassifications.view.Create","viewId":"application-manageclassifications-display-component---classificationCreate","properties":{"src":{"regex":{"source":"slim\\-arrow\\-down"}}}},"wdio_ui5_key":"etmportal.ui.manageclassifications.view.Createsap.ui.core.Icon{\"src\":{\"regex\":{\"source\":\"slim\\\\-arrow\\\\-down\"}}}"}]}
RESULT: undefined
COMMAND: POST /session/4113d6d129359fd9dc4ee692ed3652ac/element - {"using":"xpath","value":"//*[@id=\"__box48-arrow\"]"}
RESULT: {"using":"xpath","value":"//*[@id=\"__box48-arrow\"]"}
COMMAND: POST /session/4113d6d129359fd9dc4ee692ed3652ac/element/f.7E3A8558AA8FB2FD891CA09AA9D59AAC.d.ED98EB178739B70643241C0EC355F913.e.944/click - {}
RESULT: {}
COMMAND: POST /session/4113d6d129359fd9dc4ee692ed3652ac/execute/async - {"script":"<script> [1562 bytes]","args":[{"selector":{"controlType":"sap.m.StandardListItem","viewName":"etm.portal.ui.manageclassifications.view.Create","viewId":"application-manageclassifications-display-component---classificationCreate","properties":{"title":"Yard assignment"},"searchOpenDialogs":true,"interaction":{"idSuffix":"titleText"}},"wdio_ui5_key":"etmportal.ui.manageclassifications.view.Createsap.m.StandardListItem{\"title\":\"Yard assignment\"}"}]}
COMMAND: GET /session/4113d6d129359fd9dc4ee692ed3652ac/screenshot - {}
RESULT: {"script":"<script> [1562 bytes]","args":[{"selector":{"controlType":"sap.m.StandardListItem","viewName":"etm.portal.ui.manageclassifications.view.Create","viewId":"application-manageclassifications-display-component---classificationCreate","properties":{"title":"Yard assignment"},"searchOpenDialogs":true,"interaction":{"idSuffix":"titleText"}},"wdio_ui5_key":"etmportal.ui.manageclassifications.view.Createsap.m.StandardListItem{\"title\":\"Yard assignment\"}"}]}
RESULT: undefined
COMMAND: POST /session/4113d6d129359fd9dc4ee692ed3652ac/element - {"using":"xpath","value":"//*[@id=\"__item302\"]"}
RESULT: {}
RESULT: {"using":"xpath","value":"//*[@id=\"__item302\"]"}
COMMAND: POST /session/4113d6d129359fd9dc4ee692ed3652ac/element/f.7E3A8558AA8FB2FD891CA09AA9D59AAC.d.ED98EB178739B70643241C0EC355F913.e.983/click - {}
RESULT: {}
COMMAND: POST /session/4113d6d129359fd9dc4ee692ed3652ac/execute/async - {"script":"<script> [1562 bytes]","args":[{"selector":{"controlType":"sap.ui.core.Icon","viewName":"etm.portal.ui.manageclassifications.view.Create","viewId":"application-manageclassifications-display-component---classificationCreate","properties":{"src":{"regex":{"source":"add"}}}},"wdio_ui5_key":"etmportal.ui.manageclassifications.view.Createsap.ui.core.Icon{\"src\":{\"regex\":{\"source\":\"add\"}}}"}]}
COMMAND: GET /session/4113d6d129359fd9dc4ee692ed3652ac/screenshot - {}
RESULT: {"script":"<script> [1562 bytes]","args":[{"selector":{"controlType":"sap.ui.core.Icon","viewName":"etm.portal.ui.manageclassifications.view.Create","viewId":"application-manageclassifications-display-component---classificationCreate","properties":{"src":{"regex":{"source":"add"}}}},"wdio_ui5_key":"etmportal.ui.manageclassifications.view.Createsap.ui.core.Icon{\"src\":{\"regex\":{\"source\":\"add\"}}}"}]}
RESULT: undefined
COMMAND: POST /session/4113d6d129359fd9dc4ee692ed3652ac/element - {"using":"xpath","value":"//*[@id=\"__button80-img\"]"}
RESULT: {}
RESULT: {"using":"xpath","value":"//*[@id=\"__button80-img\"]"}
COMMAND: POST /session/4113d6d129359fd9dc4ee692ed3652ac/element/f.7E3A8558AA8FB2FD891CA09AA9D59AAC.d.ED98EB178739B70643241C0EC355F913.e.947/click - {}
RESULT: {}
COMMAND: POST /session/4113d6d129359fd9dc4ee692ed3652ac/execute/async - {"script":"<script> [1562 bytes]","args":[{"selector":{"controlType":"sap.m.Input","viewName":"etm.portal.ui.manageclassifications.view.Create","viewId":"application-manageclassifications-display-component---classificationCreate","bindingPath":{"path":"/0","propertyPath":"PROPERTY","modelName":"newConfigModel"},"interaction":{"idSuffix":"inner"}},"wdio_ui5_key":"etmportal.ui.manageclassifications.view.Createsap.m.Input{\"path\":\"/0\",\"propertyPath\":\"PROPERTY\",\"modelName\":\"newConfigModel\"}"}]}
COMMAND: GET /session/4113d6d129359fd9dc4ee692ed3652ac/screenshot - {}
RESULT: {"script":"<script> [1562 bytes]","args":[{"selector":{"controlType":"sap.m.Input","viewName":"etm.portal.ui.manageclassifications.view.Create","viewId":"application-manageclassifications-display-component---classificationCreate","bindingPath":{"path":"/0","propertyPath":"PROPERTY","modelName":"newConfigModel"},"interaction":{"idSuffix":"inner"}},"wdio_ui5_key":"etmportal.ui.manageclassifications.view.Createsap.m.Input{\"path\":\"/0\",\"propertyPath\":\"PROPERTY\",\"modelName\":\"newConfigModel\"}"}]}
RESULT: undefined
COMMAND: POST /session/4113d6d129359fd9dc4ee692ed3652ac/execute/async - {"script":"<script> [776 bytes]","args":[{"enterText":"101","selector":{"controlType":"sap.m.Input","viewName":"etm.portal.ui.manageclassifications.view.Create","viewId":"application-manageclassifications-display-component---classificationCreate","bindingPath":{"path":"/0","propertyPath":"PROPERTY","modelName":"newConfigModel"},"interaction":{"idSuffix":"inner"}},"clearTextFirst":true,"interactionType":"ENTER_TEXT"}]}
RESULT: {}
RESULT: {"script":"<script> [776 bytes]","args":[{"enterText":"101","selector":{"controlType":"sap.m.Input","viewName":"etm.portal.ui.manageclassifications.view.Create","viewId":"application-manageclassifications-display-component---classificationCreate","bindingPath":{"path":"/0","propertyPath":"PROPERTY","modelName":"newConfigModel"},"interaction":{"idSuffix":"inner"}},"clearTextFirst":true,"interactionType":"ENTER_TEXT"}]}
COMMAND: POST /session/4113d6d129359fd9dc4ee692ed3652ac/execute/async - {"script":"<script> [1562 bytes]","args":[{"selector":{"controlType":"sap.m.Input","viewName":"etm.portal.ui.manageclassifications.view.Create","viewId":"application-manageclassifications-display-component---classificationCreate","bindingPath":{"path":"/0","propertyPath":"DESCRIPTION","modelName":"newConfigModel"},"interaction":{"idSuffix":"inner"}},"wdio_ui5_key":"etmportal.ui.manageclassifications.view.Createsap.m.Input{\"path\":\"/0\",\"propertyPath\":\"DESCRIPTION\",\"modelName\":\"newConfigModel\"}"}]}
RESULT: {"script":"<script> [1562 bytes]","args":[{"selector":{"controlType":"sap.m.Input","viewName":"etm.portal.ui.manageclassifications.view.Create","viewId":"application-manageclassifications-display-component---classificationCreate","bindingPath":{"path":"/0","propertyPath":"DESCRIPTION","modelName":"newConfigModel"},"interaction":{"idSuffix":"inner"}},"wdio_ui5_key":"etmportal.ui.manageclassifications.view.Createsap.m.Input{\"path\":\"/0\",\"propertyPath\":\"DESCRIPTION\",\"modelName\":\"newConfigModel\"}"}]}
RESULT: undefined
COMMAND: POST /session/4113d6d129359fd9dc4ee692ed3652ac/execute/async - {"script":"<script> [776 bytes]","args":[{"enterText":"yard1","selector":{"controlType":"sap.m.Input","viewName":"etm.portal.ui.manageclassifications.view.Create","viewId":"application-manageclassifications-display-component---classificationCreate","bindingPath":{"path":"/0","propertyPath":"DESCRIPTION","modelName":"newConfigModel"},"interaction":{"idSuffix":"inner"}},"clearTextFirst":true,"interactionType":"ENTER_TEXT"}]}
RESULT: {"script":"<script> [776 bytes]","args":[{"enterText":"yard1","selector":{"controlType":"sap.m.Input","viewName":"etm.portal.ui.manageclassifications.view.Create","viewId":"application-manageclassifications-display-component---classificationCreate","bindingPath":{"path":"/0","propertyPath":"DESCRIPTION","modelName":"newConfigModel"},"interaction":{"idSuffix":"inner"}},"clearTextFirst":true,"interactionType":"ENTER_TEXT"}]}
COMMAND: POST /session/4113d6d129359fd9dc4ee692ed3652ac/execute/async - {"script":"<script> [1562 bytes]","args":[{"selector":{"controlType":"sap.ui.core.Icon","viewName":"etm.portal.ui.manageclassifications.view.Create","viewId":"application-manageclassifications-display-component---classificationCreate","properties":{"src":{"regex":{"source":"slim\\-arrow\\-down"}}},"ancestor":{"controlType":"sap.m.ComboBox","viewName":"etm.portal.ui.manageclassifications.view.Create","viewId":"application-manageclassifications-display-component---classificationCreate","bindingPath":{"path":"/0","propertyPath":"VALUE_TYPE","modelName":"newConfigModel"}}},"wdio_ui5_key":"etmportal.ui.manageclassifications.view.Createsap.ui.core.Icon{\"src\":{\"regex\":{\"source\":\"slim\\\\-arrow\\\\-down\"}}}{\"controlType\":\"sap.m.ComboBox\",\"viewName\":\"etm.portal.ui.manageclassifications.view.Create\",\"viewId\":\"application-manageclassifications-display-component---classificationCreate\",\"bindingPath\":{\"path\":\"/0\",\"propertyPath\":\"VALUE_TYPE\",\"modelName\":\"newConfigModel\"}}"}]}
RESULT: {"script":"<script> [1562 bytes]","args":[{"selector":{"controlType":"sap.ui.core.Icon","viewName":"etm.portal.ui.manageclassifications.view.Create","viewId":"application-manageclassifications-display-component---classificationCreate","properties":{"src":{"regex":{"source":"slim\\-arrow\\-down"}}},"ancestor":{"controlType":"sap.m.ComboBox","viewName":"etm.portal.ui.manageclassifications.view.Create","viewId":"application-manageclassifications-display-component---classificationCreate","bindingPath":{"path":"/0","propertyPath":"VALUE_TYPE","modelName":"newConfigModel"}}},"wdio_ui5_key":"etmportal.ui.manageclassifications.view.Createsap.ui.core.Icon{\"src\":{\"regex\":{\"source\":\"slim\\\\-arrow\\\\-down\"}}}{\"controlType\":\"sap.m.ComboBox\",\"viewName\":\"etm.portal.ui.manageclassifications.view.Create\",\"viewId\":\"application-manageclassifications-display-component---classificationCreate\",\"bindingPath\":{\"path\":\"/0\",\"propertyPath\":\"VALUE_TYPE\",\"modelName\":\"newConfigModel\"}}"}]}
RESULT: undefined
COMMAND: POST /session/4113d6d129359fd9dc4ee692ed3652ac/element - {"using":"xpath","value":"//*[@id=\"__box49-application-manageclassifications-display-component---classificationCreate--configurationList-0-arrow\"]"}
RESULT: {"using":"xpath","value":"//*[@id=\"__box49-application-manageclassifications-display-component---classificationCreate--configurationList-0-arrow\"]"}
COMMAND: POST /session/4113d6d129359fd9dc4ee692ed3652ac/element/f.7E3A8558AA8FB2FD891CA09AA9D59AAC.d.ED98EB178739B70643241C0EC355F913.e.992/click - {}
RESULT: {}
COMMAND: POST /session/4113d6d129359fd9dc4ee692ed3652ac/execute/async - {"script":"<script> [1562 bytes]","args":[{"selector":{"controlType":"sap.m.StandardListItem","viewName":"etm.portal.ui.manageclassifications.view.Create","viewId":"application-manageclassifications-display-component---classificationCreate","properties":{"title":"Boolean"},"searchOpenDialogs":true,"interaction":{"idSuffix":"content"}},"wdio_ui5_key":"etmportal.ui.manageclassifications.view.Createsap.m.StandardListItem{\"title\":\"Boolean\"}"}]}
COMMAND: GET /session/4113d6d129359fd9dc4ee692ed3652ac/screenshot - {}
RESULT: {"script":"<script> [1562 bytes]","args":[{"selector":{"controlType":"sap.m.StandardListItem","viewName":"etm.portal.ui.manageclassifications.view.Create","viewId":"application-manageclassifications-display-component---classificationCreate","properties":{"title":"Boolean"},"searchOpenDialogs":true,"interaction":{"idSuffix":"content"}},"wdio_ui5_key":"etmportal.ui.manageclassifications.view.Createsap.m.StandardListItem{\"title\":\"Boolean\"}"}]}
RESULT: undefined
COMMAND: POST /session/4113d6d129359fd9dc4ee692ed3652ac/element - {"using":"xpath","value":"//*[@id=\"__item305\"]"}
RESULT: {}
RESULT: {"using":"xpath","value":"//*[@id=\"__item305\"]"}
COMMAND: POST /session/4113d6d129359fd9dc4ee692ed3652ac/element/f.7E3A8558AA8FB2FD891CA09AA9D59AAC.d.ED98EB178739B70643241C0EC355F913.e.994/click - {}
RESULT: {}
COMMAND: POST /session/4113d6d129359fd9dc4ee692ed3652ac/element - {"using":"xpath","value":"//input[contains(@id ,\"application-manageclassifications-display-component---classificationCreate--classHeaderName-inner\")]"}
COMMAND: GET /session/4113d6d129359fd9dc4ee692ed3652ac/screenshot - {}
RESULT: {"using":"xpath","value":"//input[contains(@id ,\"application-manageclassifications-display-component---classificationCreate--classHeaderName-inner\")]"}
COMMAND: GET /session/4113d6d129359fd9dc4ee692ed3652ac/element/f.7E3A8558AA8FB2FD891CA09AA9D59AAC.d.ED98EB178739B70643241C0EC355F913.e.854/property/value - {}
RESULT: {}
RESULT: {}
COMMAND: GET /session/4113d6d129359fd9dc4ee692ed3652ac/screenshot - {}
RESULT: {}
COMMAND: POST /session/4113d6d129359fd9dc4ee692ed3652ac/element - {"using":"xpath","value":"//button[@title=\"Save\"]"}
RESULT: {"using":"xpath","value":"//button[@title=\"Save\"]"}
COMMAND: POST /session/4113d6d129359fd9dc4ee692ed3652ac/element/f.7E3A8558AA8FB2FD891CA09AA9D59AAC.d.ED98EB178739B70643241C0EC355F913.e.955/click - {}
RESULT: {}
COMMAND: GET /session/4113d6d129359fd9dc4ee692ed3652ac/screenshot - {}
RESULT: {}
COMMAND: POST /session/4113d6d129359fd9dc4ee692ed3652ac/execute/async - {"script":"<script> [1562 bytes]","args":[{"selector":{"id":"application-manageclassifications-display-component---classificationMaster--smartFilterBar-btnBasicSearch","interaction":{"idSuffix":"I"}},"wdio_ui5_key":"applicationmanageclassifications-display-component---classificationMaster--smartFilterBar-btnBasicSearch"}]}
RESULT: {"script":"<script> [1562 bytes]","args":[{"selector":{"id":"application-manageclassifications-display-component---classificationMaster--smartFilterBar-btnBasicSearch","interaction":{"idSuffix":"I"}},"wdio_ui5_key":"applicationmanageclassifications-display-component---classificationMaster--smartFilterBar-btnBasicSearch"}]}
RESULT: undefined
COMMAND: POST /session/4113d6d129359fd9dc4ee692ed3652ac/execute/async - {"script":"<script> [776 bytes]","args":[{"enterText":"WebdriverYardClassi2h0m","selector":{"id":"application-manageclassifications-display-component---classificationMaster--smartFilterBar-btnBasicSearch","interaction":{"idSuffix":"I"}},"clearTextFirst":true,"interactionType":"ENTER_TEXT"}]}
RESULT: {"script":"<script> [776 bytes]","args":[{"enterText":"WebdriverYardClassi2h0m","selector":{"id":"application-manageclassifications-display-component---classificationMaster--smartFilterBar-btnBasicSearch","interaction":{"idSuffix":"I"}},"clearTextFirst":true,"interactionType":"ENTER_TEXT"}]}
COMMAND: POST /session/4113d6d129359fd9dc4ee692ed3652ac/actions - {"actions":[{"id":"action3","type":"key","parameters":{},"actions":[{"type":"keyDown","value":"î€‡"},{"type":"pause","duration":10},{"type":"keyUp","value":"î€‡"}]}]}
RESULT: {"actions":[{"id":"action3","type":"key","parameters":{},"actions":[{"type":"keyDown","value":"î€‡"},{"type":"pause","duration":10},{"type":"keyUp","value":"î€‡"}]}]}
COMMAND: POST /session/4113d6d129359fd9dc4ee692ed3652ac/execute/async - {"script":"<script> [1562 bytes]","args":[{"selector":{"id":"application-manageclassifications-display-component---classificationMaster--smartTable-header"},"wdio_ui5_key":"applicationmanageclassifications-display-component---classificationMaster--smartTable-header"}]}
COMMAND: GET /session/4113d6d129359fd9dc4ee692ed3652ac/screenshot - {}
RESULT: {"script":"<script> [1562 bytes]","args":[{"selector":{"id":"application-manageclassifications-display-component---classificationMaster--smartTable-header"},"wdio_ui5_key":"applicationmanageclassifications-display-component---classificationMaster--smartTable-header"}]}
RESULT: undefined
COMMAND: POST /session/4113d6d129359fd9dc4ee692ed3652ac/execute/async - {"script":"<script> [6424 bytes]","args":[{"element-6066-11e4-a52e-4f735466cecf":"f.7E3A8558AA8FB2FD891CA09AA9D59AAC.d.ED98EB178739B70643241C0EC355F913.e.1180"},"getText",[]]}
RESULT: {}
RESULT: {"script":"<script> [6424 bytes]","args":[{"element-6066-11e4-a52e-4f735466cecf":"f.7E3A8558AA8FB2FD891CA09AA9D59AAC.d.ED98EB178739B70643241C0EC355F913.e.1180"},"getText",[]]}
COMMAND: POST /session/4113d6d129359fd9dc4ee692ed3652ac/element - {"using":"css selector","value":"#shell-header-logo"}
RESULT: {"using":"css selector","value":"#shell-header-logo"}
COMMAND: POST /session/4113d6d129359fd9dc4ee692ed3652ac/element/f.7E3A8558AA8FB2FD891CA09AA9D59AAC.d.ED98EB178739B70643241C0EC355F913.e.543/click - {}
RESULT: {}
COMMAND: GET /session/4113d6d129359fd9dc4ee692ed3652ac/screenshot - {}
RESULT: {}
]]></system-out>
    </testcase>
    <testcase classname="chrome.136_0_7103_93.windows.Manage_catalogs_-_yard_assignment_classification_US138930" name="Should add the yard classification to a catalog item" time="110.034">
      <system-out><![CDATA[
RESULT: undefined
COMMAND: POST /session/4113d6d129359fd9dc4ee692ed3652ac/element - {"using":"xpath","value":"//*[@id=\"__tile37\"]"}
RESULT: {"using":"xpath","value":"//*[@id=\"__tile37\"]"}
COMMAND: POST /session/4113d6d129359fd9dc4ee692ed3652ac/element/f.7E3A8558AA8FB2FD891CA09AA9D59AAC.d.ED98EB178739B70643241C0EC355F913.e.114/click - {}
RESULT: {}
COMMAND: GET /session/4113d6d129359fd9dc4ee692ed3652ac/screenshot - {}
COMMAND: POST /session/4113d6d129359fd9dc4ee692ed3652ac/elements - {"using":"xpath","value":"//span[text()='Error']"}
RESULT: {}
RESULT: {"using":"xpath","value":"//span[text()='Error']"}
COMMAND: POST /session/4113d6d129359fd9dc4ee692ed3652ac/refresh - {}
RESULT: {}
COMMAND: GET /session/4113d6d129359fd9dc4ee692ed3652ac/screenshot - {}
RESULT: {}
COMMAND: POST /session/4113d6d129359fd9dc4ee692ed3652ac/execute/async - {"script":"<script> [189 bytes]","args":[]}
RESULT: {"script":"<script> [189 bytes]","args":[]}
COMMAND: POST /session/4113d6d129359fd9dc4ee692ed3652ac/execute/async - {"script":"<script> [123 bytes]","args":[]}
RESULT: {"script":"<script> [123 bytes]","args":[]}
COMMAND: POST /session/4113d6d129359fd9dc4ee692ed3652ac/timeouts - {"script":"<number>"}
RESULT: {"script":"<number>"}
COMMAND: GET /session/4113d6d129359fd9dc4ee692ed3652ac/timeouts - {}
RESULT: {}
RESULT: undefined
COMMAND: POST /session/4113d6d129359fd9dc4ee692ed3652ac/execute/async - {"script":"<script> [2676 bytes]","args":[]}
RESULT: {"script":"<script> [2676 bytes]","args":[]}
COMMAND: POST /session/4113d6d129359fd9dc4ee692ed3652ac/execute/async - {"script":"<script> [2342 bytes]","args":[{"protocol":"http","hostname":"0.0.0.0","path":"/","capabilities":{"browserName":"chrome","goog:chromeOptions":{"binary":"C:\\Program Files\\Google\\Chrome\\Application\\chrome.exe","args":["--start-maximized"]}},"logLevel":"warn","connectionRetryTimeout":120000,"connectionRetryCount":3,"logLevels":{},"enableDirectConnect":true,"strictSSL":true,"_":"65 more keys: [\"cacheDir\",\"port\",\"requestedCapabilities\",\"automationProtocol\",\"baseUrl\",\"waitforInterval\",\"waitforTimeout\",\"onReload\",\"beforeCommand\",\"afterCommand\",\"rootDir\",\"specs\",\"suites\",\"exclude\",\"groupLogsByTestSpec\",\"excludeDriverLogs\",\"bail\",\"framework\",\"reporters\",\"services\",\"maxInstances\",\"maxInstancesPerCapability\",\"injectGlobals\",\"filesToWatch\",\"execArgv\",\"runnerEnv\",\"runner\",\"shard\",\"specFileRetries\",\"specFileRetriesDelay\",\"specFileRetriesDeferred\",\"reporterSyncInterval\",\"reporterSyncTimeout\",\"cucumberFeaturesWithLineNumbers\",\"autoCompileOpts\",\"mochaOpts\",\"jasmineOpts\",\"cucumberOpts\",\"onPrepare\",\"onWorkerStart\",\"onWorkerEnd\",\"before\",\"beforeSession\",\"beforeSuite\",\"beforeHook\",\"beforeTest\",\"afterTest\",\"afterHook\",\"afterSuite\",\"afterSession\",\"after\",\"onComplete\",\"beforeAssertion\",\"afterAssertion\",\"beforeFeature\",\"beforeScenario\",\"beforeStep\",\"afterStep\",\"afterScenario\",\"afterFeature\",\"_\",\"suite\",\"$0\",\"ignoredWorkerServices\",\"wdi5\"]"}]}
RESULT: {"script":"<script> [2342 bytes]","args":[{"protocol":"http","hostname":"0.0.0.0","path":"/","capabilities":{"browserName":"chrome","goog:chromeOptions":{"binary":"C:\\Program Files\\Google\\Chrome\\Application\\chrome.exe","args":["--start-maximized"]}},"logLevel":"warn","connectionRetryTimeout":120000,"connectionRetryCount":3,"logLevels":{},"enableDirectConnect":true,"strictSSL":true,"_":"65 more keys: [\"cacheDir\",\"port\",\"requestedCapabilities\",\"automationProtocol\",\"baseUrl\",\"waitforInterval\",\"waitforTimeout\",\"onReload\",\"beforeCommand\",\"afterCommand\",\"rootDir\",\"specs\",\"suites\",\"exclude\",\"groupLogsByTestSpec\",\"excludeDriverLogs\",\"bail\",\"framework\",\"reporters\",\"services\",\"maxInstances\",\"maxInstancesPerCapability\",\"injectGlobals\",\"filesToWatch\",\"execArgv\",\"runnerEnv\",\"runner\",\"shard\",\"specFileRetries\",\"specFileRetriesDelay\",\"specFileRetriesDeferred\",\"reporterSyncInterval\",\"reporterSyncTimeout\",\"cucumberFeaturesWithLineNumbers\",\"autoCompileOpts\",\"mochaOpts\",\"jasmineOpts\",\"cucumberOpts\",\"onPrepare\",\"onWorkerStart\",\"onWorkerEnd\",\"before\",\"beforeSession\",\"beforeSuite\",\"beforeHook\",\"beforeTest\",\"afterTest\",\"afterHook\",\"afterSuite\",\"afterSession\",\"after\",\"onComplete\",\"beforeAssertion\",\"afterAssertion\",\"beforeFeature\",\"beforeScenario\",\"beforeStep\",\"afterStep\",\"afterScenario\",\"afterFeature\",\"_\",\"suite\",\"$0\",\"ignoredWorkerServices\",\"wdi5\"]"}]}
COMMAND: POST /session/4113d6d129359fd9dc4ee692ed3652ac/execute/async - {"script":"<script> [21126 bytes]","args":[35000]}
RESULT: {"script":"<script> [21126 bytes]","args":[35000]}
COMMAND: POST /session/4113d6d129359fd9dc4ee692ed3652ac/element - {"using":"xpath","value":"//span[contains(text(), \"Webshop Catalog\")][contains(@id ,\"masterCatalogs\")]"}
RESULT: {"using":"xpath","value":"//span[contains(text(), \"Webshop Catalog\")][contains(@id ,\"masterCatalogs\")]"}
COMMAND: POST /session/4113d6d129359fd9dc4ee692ed3652ac/element/f.7E3A8558AA8FB2FD891CA09AA9D59AAC.d.3A0CF350185C51A0932386B1F080D4B0.e.1285/click - {}
RESULT: {}
COMMAND: GET /session/4113d6d129359fd9dc4ee692ed3652ac/screenshot - {}
RESULT: {}
COMMAND: POST /session/4113d6d129359fd9dc4ee692ed3652ac/element - {"using":"xpath","value":"//input[contains(@id ,\"application-managecatalogs-display-component---masterCatalogItems--searchItemsField-I\")]"}
RESULT: {"using":"xpath","value":"//input[contains(@id ,\"application-managecatalogs-display-component---masterCatalogItems--searchItemsField-I\")]"}
COMMAND: POST /session/4113d6d129359fd9dc4ee692ed3652ac/element/f.7E3A8558AA8FB2FD891CA09AA9D59AAC.d.3A0CF350185C51A0932386B1F080D4B0.e.1294/value - {"text":"SecondSectioncu7ln"}
RESULT: {"text":"SecondSectioncu7ln"}
COMMAND: POST /session/4113d6d129359fd9dc4ee692ed3652ac/actions - {"actions":[{"id":"action4","type":"key","parameters":{},"actions":[{"type":"keyDown","value":"î€‡"},{"type":"pause","duration":10},{"type":"keyUp","value":"î€‡"}]}]}
COMMAND: GET /session/4113d6d129359fd9dc4ee692ed3652ac/screenshot - {}
RESULT: {"actions":[{"id":"action4","type":"key","parameters":{},"actions":[{"type":"keyDown","value":"î€‡"},{"type":"pause","duration":10},{"type":"keyUp","value":"î€‡"}]}]}
COMMAND: GET /session/4113d6d129359fd9dc4ee692ed3652ac/screenshot - {}
RESULT: {}
RESULT: {}
COMMAND: POST /session/4113d6d129359fd9dc4ee692ed3652ac/element - {"using":"xpath","value":"(//span[contains(text(), \"SecondSectioncu7ln\")])[1]"}
RESULT: {"using":"xpath","value":"(//span[contains(text(), \"SecondSectioncu7ln\")])[1]"}
COMMAND: POST /session/4113d6d129359fd9dc4ee692ed3652ac/element/f.7E3A8558AA8FB2FD891CA09AA9D59AAC.d.3A0CF350185C51A0932386B1F080D4B0.e.1322/click - {}
RESULT: {}
COMMAND: POST /session/4113d6d129359fd9dc4ee692ed3652ac/execute/async - {"script":"<script> [1562 bytes]","args":[{"selector":{"controlType":"sap.m.Button","viewName":"etm.portal.ui.managecatalogs.view.Detail","viewId":"application-managecatalogs-display-component---detailCatalog","i18NText":{"propertyName":"text","key":"edit"},"interaction":{"idSuffix":"BDI-content"}},"wdio_ui5_key":"etmportal.ui.managecatalogs.view.Detailsap.m.Button{\"propertyName\":\"text\",\"key\":\"edit\"}"}]}
COMMAND: GET /session/4113d6d129359fd9dc4ee692ed3652ac/screenshot - {}
RESULT: {"script":"<script> [1562 bytes]","args":[{"selector":{"controlType":"sap.m.Button","viewName":"etm.portal.ui.managecatalogs.view.Detail","viewId":"application-managecatalogs-display-component---detailCatalog","i18NText":{"propertyName":"text","key":"edit"},"interaction":{"idSuffix":"BDI-content"}},"wdio_ui5_key":"etmportal.ui.managecatalogs.view.Detailsap.m.Button{\"propertyName\":\"text\",\"key\":\"edit\"}"}]}
RESULT: undefined
COMMAND: POST /session/4113d6d129359fd9dc4ee692ed3652ac/element - {"using":"xpath","value":"//*[@id=\"__button33\"]"}
RESULT: {}
RESULT: {"using":"xpath","value":"//*[@id=\"__button33\"]"}
COMMAND: POST /session/4113d6d129359fd9dc4ee692ed3652ac/element/f.7E3A8558AA8FB2FD891CA09AA9D59AAC.d.3A0CF350185C51A0932386B1F080D4B0.e.1390/click - {}
RESULT: {}
COMMAND: POST /session/4113d6d129359fd9dc4ee692ed3652ac/execute/async - {"script":"<script> [1562 bytes]","args":[{"selector":{"controlType":"sap.ui.core.Icon","viewName":"etm.portal.ui.managecatalogs.view.Detail","viewId":"application-managecatalogs-display-component---detailCatalog","properties":{"src":{"regex":{"source":"add\\-document"}}}},"wdio_ui5_key":"etmportal.ui.managecatalogs.view.Detailsap.ui.core.Icon{\"src\":{\"regex\":{\"source\":\"add\\\\-document\"}}}"}]}
COMMAND: GET /session/4113d6d129359fd9dc4ee692ed3652ac/screenshot - {}
RESULT: {"script":"<script> [1562 bytes]","args":[{"selector":{"controlType":"sap.ui.core.Icon","viewName":"etm.portal.ui.managecatalogs.view.Detail","viewId":"application-managecatalogs-display-component---detailCatalog","properties":{"src":{"regex":{"source":"add\\-document"}}}},"wdio_ui5_key":"etmportal.ui.managecatalogs.view.Detailsap.ui.core.Icon{\"src\":{\"regex\":{\"source\":\"add\\\\-document\"}}}"}]}
RESULT: undefined
COMMAND: POST /session/4113d6d129359fd9dc4ee692ed3652ac/element - {"using":"xpath","value":"//*[@id=\"__button42-img\"]"}
RESULT: {}
RESULT: {"using":"xpath","value":"//*[@id=\"__button42-img\"]"}
COMMAND: POST /session/4113d6d129359fd9dc4ee692ed3652ac/element/f.7E3A8558AA8FB2FD891CA09AA9D59AAC.d.3A0CF350185C51A0932386B1F080D4B0.e.1395/click - {}
RESULT: {}
COMMAND: POST /session/4113d6d129359fd9dc4ee692ed3652ac/execute/async - {"script":"<script> [1562 bytes]","args":[{"selector":{"id":"application-managecatalogs-display-component---detailCatalog--newItemNumberInput","searchOpenDialogs":true,"interaction":{"idSuffix":"inner"}},"wdio_ui5_key":"applicationmanagecatalogs-display-component---detailCatalog--newItemNumberInput"}]}
COMMAND: GET /session/4113d6d129359fd9dc4ee692ed3652ac/screenshot - {}
RESULT: {"script":"<script> [1562 bytes]","args":[{"selector":{"id":"application-managecatalogs-display-component---detailCatalog--newItemNumberInput","searchOpenDialogs":true,"interaction":{"idSuffix":"inner"}},"wdio_ui5_key":"applicationmanagecatalogs-display-component---detailCatalog--newItemNumberInput"}]}
RESULT: undefined
COMMAND: POST /session/4113d6d129359fd9dc4ee692ed3652ac/execute/async - {"script":"<script> [776 bytes]","args":[{"enterText":"catalogItemhigh4","selector":{"id":"application-managecatalogs-display-component---detailCatalog--newItemNumberInput","searchOpenDialogs":true,"interaction":{"idSuffix":"inner"}},"clearTextFirst":true,"interactionType":"ENTER_TEXT"}]}
RESULT: {}
RESULT: {"script":"<script> [776 bytes]","args":[{"enterText":"catalogItemhigh4","selector":{"id":"application-managecatalogs-display-component---detailCatalog--newItemNumberInput","searchOpenDialogs":true,"interaction":{"idSuffix":"inner"}},"clearTextFirst":true,"interactionType":"ENTER_TEXT"}]}
COMMAND: POST /session/4113d6d129359fd9dc4ee692ed3652ac/execute/async - {"script":"<script> [1562 bytes]","args":[{"selector":{"controlType":"sap.m.Input","viewName":"etm.portal.ui.managecatalogs.view.Detail","viewId":"application-managecatalogs-display-component---detailCatalog","bindingPath":{"path":"","propertyPath":"/DESCRIPTION"},"searchOpenDialogs":true,"interaction":{"idSuffix":"inner"}},"wdio_ui5_key":"etmportal.ui.managecatalogs.view.Detailsap.m.Input{\"path\":\"\",\"propertyPath\":\"/DESCRIPTION\"}"}]}
RESULT: {"script":"<script> [1562 bytes]","args":[{"selector":{"controlType":"sap.m.Input","viewName":"etm.portal.ui.managecatalogs.view.Detail","viewId":"application-managecatalogs-display-component---detailCatalog","bindingPath":{"path":"","propertyPath":"/DESCRIPTION"},"searchOpenDialogs":true,"interaction":{"idSuffix":"inner"}},"wdio_ui5_key":"etmportal.ui.managecatalogs.view.Detailsap.m.Input{\"path\":\"\",\"propertyPath\":\"/DESCRIPTION\"}"}]}
RESULT: undefined
COMMAND: POST /session/4113d6d129359fd9dc4ee692ed3652ac/execute/async - {"script":"<script> [776 bytes]","args":[{"enterText":"catalogItemNamex0qqj","selector":{"controlType":"sap.m.Input","viewName":"etm.portal.ui.managecatalogs.view.Detail","viewId":"application-managecatalogs-display-component---detailCatalog","bindingPath":{"path":"","propertyPath":"/DESCRIPTION"},"searchOpenDialogs":true,"interaction":{"idSuffix":"inner"}},"clearTextFirst":true,"interactionType":"ENTER_TEXT"}]}
RESULT: {"script":"<script> [776 bytes]","args":[{"enterText":"catalogItemNamex0qqj","selector":{"controlType":"sap.m.Input","viewName":"etm.portal.ui.managecatalogs.view.Detail","viewId":"application-managecatalogs-display-component---detailCatalog","bindingPath":{"path":"","propertyPath":"/DESCRIPTION"},"searchOpenDialogs":true,"interaction":{"idSuffix":"inner"}},"clearTextFirst":true,"interactionType":"ENTER_TEXT"}]}
COMMAND: POST /session/4113d6d129359fd9dc4ee692ed3652ac/execute/async - {"script":"<script> [1562 bytes]","args":[{"selector":{"controlType":"sap.m.Button","viewName":"etm.portal.ui.managecatalogs.view.Detail","viewId":"application-managecatalogs-display-component---detailCatalog","i18NText":{"propertyName":"text","key":"create"},"searchOpenDialogs":true,"interaction":{"idSuffix":"BDI-content"}},"wdio_ui5_key":"etmportal.ui.managecatalogs.view.Detailsap.m.Button{\"propertyName\":\"text\",\"key\":\"create\"}"}]}
RESULT: {"script":"<script> [1562 bytes]","args":[{"selector":{"controlType":"sap.m.Button","viewName":"etm.portal.ui.managecatalogs.view.Detail","viewId":"application-managecatalogs-display-component---detailCatalog","i18NText":{"propertyName":"text","key":"create"},"searchOpenDialogs":true,"interaction":{"idSuffix":"BDI-content"}},"wdio_ui5_key":"etmportal.ui.managecatalogs.view.Detailsap.m.Button{\"propertyName\":\"text\",\"key\":\"create\"}"}]}
RESULT: undefined
COMMAND: POST /session/4113d6d129359fd9dc4ee692ed3652ac/element - {"using":"xpath","value":"//*[@id=\"__button17\"]"}
RESULT: {"using":"xpath","value":"//*[@id=\"__button17\"]"}
COMMAND: POST /session/4113d6d129359fd9dc4ee692ed3652ac/element/f.7E3A8558AA8FB2FD891CA09AA9D59AAC.d.3A0CF350185C51A0932386B1F080D4B0.e.1405/click - {}
RESULT: {}
COMMAND: GET /session/4113d6d129359fd9dc4ee692ed3652ac/screenshot - {}
RESULT: {}
COMMAND: POST /session/4113d6d129359fd9dc4ee692ed3652ac/element - {"using":"xpath","value":"//button[@title=\"Save\"]"}
RESULT: {"using":"xpath","value":"//button[@title=\"Save\"]"}
COMMAND: POST /session/4113d6d129359fd9dc4ee692ed3652ac/element/f.7E3A8558AA8FB2FD891CA09AA9D59AAC.d.3A0CF350185C51A0932386B1F080D4B0.e.1406/click - {}
RESULT: {}
COMMAND: GET /session/4113d6d129359fd9dc4ee692ed3652ac/screenshot - {}
RESULT: {}
COMMAND: POST /session/4113d6d129359fd9dc4ee692ed3652ac/execute/async - {"script":"<script> [1562 bytes]","args":[{"selector":{"controlType":"sap.ui.core.Icon","viewName":"etm.portal.ui.managecatalogs.view.Detail","viewId":"application-managecatalogs-display-component---detailCatalog","properties":{"src":{"regex":{"source":"decline"}}}},"wdio_ui5_key":"etmportal.ui.managecatalogs.view.Detailsap.ui.core.Icon{\"src\":{\"regex\":{\"source\":\"decline\"}}}"}]}
RESULT: {"script":"<script> [1562 bytes]","args":[{"selector":{"controlType":"sap.ui.core.Icon","viewName":"etm.portal.ui.managecatalogs.view.Detail","viewId":"application-managecatalogs-display-component---detailCatalog","properties":{"src":{"regex":{"source":"decline"}}}},"wdio_ui5_key":"etmportal.ui.managecatalogs.view.Detailsap.ui.core.Icon{\"src\":{\"regex\":{\"source\":\"decline\"}}}"}]}
RESULT: undefined
COMMAND: POST /session/4113d6d129359fd9dc4ee692ed3652ac/element - {"using":"xpath","value":"//*[@id=\"__button36-img\"]"}
RESULT: {"using":"xpath","value":"//*[@id=\"__button36-img\"]"}
COMMAND: POST /session/4113d6d129359fd9dc4ee692ed3652ac/element/f.7E3A8558AA8FB2FD891CA09AA9D59AAC.d.3A0CF350185C51A0932386B1F080D4B0.e.1410/click - {}
RESULT: {}
COMMAND: GET /session/4113d6d129359fd9dc4ee692ed3652ac/screenshot - {}
RESULT: {}
COMMAND: POST /session/4113d6d129359fd9dc4ee692ed3652ac/execute/async - {"script":"<script> [1562 bytes]","args":[{"selector":{"controlType":"sap.ui.core.Icon","viewName":"etm.portal.ui.managecatalogs.view.MasterItems","viewId":"application-managecatalogs-display-component---masterCatalogItems","properties":{"src":{"regex":{"source":"refresh"}}}},"wdio_ui5_key":"etmportal.ui.managecatalogs.view.MasterItemssap.ui.core.Icon{\"src\":{\"regex\":{\"source\":\"refresh\"}}}"}]}
RESULT: {"script":"<script> [1562 bytes]","args":[{"selector":{"controlType":"sap.ui.core.Icon","viewName":"etm.portal.ui.managecatalogs.view.MasterItems","viewId":"application-managecatalogs-display-component---masterCatalogItems","properties":{"src":{"regex":{"source":"refresh"}}}},"wdio_ui5_key":"etmportal.ui.managecatalogs.view.MasterItemssap.ui.core.Icon{\"src\":{\"regex\":{\"source\":\"refresh\"}}}"}]}
RESULT: undefined
COMMAND: POST /session/4113d6d129359fd9dc4ee692ed3652ac/element - {"using":"xpath","value":"//*[@id=\"__button9-img\"]"}
RESULT: {"using":"xpath","value":"//*[@id=\"__button9-img\"]"}
COMMAND: POST /session/4113d6d129359fd9dc4ee692ed3652ac/element/f.7E3A8558AA8FB2FD891CA09AA9D59AAC.d.3A0CF350185C51A0932386B1F080D4B0.e.1448/click - {}
RESULT: {}
COMMAND: GET /session/4113d6d129359fd9dc4ee692ed3652ac/screenshot - {}
RESULT: {}
COMMAND: POST /session/4113d6d129359fd9dc4ee692ed3652ac/execute/async - {"script":"<script> [1562 bytes]","args":[{"selector":{"id":"application-managecatalogs-display-component---masterCatalogItems--searchItemsField","interaction":{"idSuffix":"I"}},"wdio_ui5_key":"applicationmanagecatalogs-display-component---masterCatalogItems--searchItemsField"}]}
RESULT: {"script":"<script> [1562 bytes]","args":[{"selector":{"id":"application-managecatalogs-display-component---masterCatalogItems--searchItemsField","interaction":{"idSuffix":"I"}},"wdio_ui5_key":"applicationmanagecatalogs-display-component---masterCatalogItems--searchItemsField"}]}
RESULT: undefined
COMMAND: POST /session/4113d6d129359fd9dc4ee692ed3652ac/execute/async - {"script":"<script> [776 bytes]","args":[{"enterText":"catalogItemNamex0qqj","selector":{"id":"application-managecatalogs-display-component---masterCatalogItems--searchItemsField","interaction":{"idSuffix":"I"}},"clearTextFirst":true,"interactionType":"ENTER_TEXT"}]}
RESULT: {"script":"<script> [776 bytes]","args":[{"enterText":"catalogItemNamex0qqj","selector":{"id":"application-managecatalogs-display-component---masterCatalogItems--searchItemsField","interaction":{"idSuffix":"I"}},"clearTextFirst":true,"interactionType":"ENTER_TEXT"}]}
COMMAND: POST /session/4113d6d129359fd9dc4ee692ed3652ac/actions - {"actions":[{"id":"action5","type":"key","parameters":{},"actions":[{"type":"keyDown","value":"î€‡"},{"type":"pause","duration":10},{"type":"keyUp","value":"î€‡"}]}]}
RESULT: {"actions":[{"id":"action5","type":"key","parameters":{},"actions":[{"type":"keyDown","value":"î€‡"},{"type":"pause","duration":10},{"type":"keyUp","value":"î€‡"}]}]}
COMMAND: POST /session/4113d6d129359fd9dc4ee692ed3652ac/element - {"using":"xpath","value":"(//span[contains(text(), \"catalogItemNamex0qqj\")])[1]"}
COMMAND: GET /session/4113d6d129359fd9dc4ee692ed3652ac/screenshot - {}
RESULT: {"using":"xpath","value":"(//span[contains(text(), \"catalogItemNamex0qqj\")])[1]"}
COMMAND: POST /session/4113d6d129359fd9dc4ee692ed3652ac/element/f.7E3A8558AA8FB2FD891CA09AA9D59AAC.d.3A0CF350185C51A0932386B1F080D4B0.e.1455/click - {}
RESULT: {}
RESULT: {}
COMMAND: GET /session/4113d6d129359fd9dc4ee692ed3652ac/screenshot - {}
RESULT: {}
COMMAND: POST /session/4113d6d129359fd9dc4ee692ed3652ac/element - {"using":"xpath","value":"//span[contains(text(), \"catalogItemhigh4\")]"}
RESULT: {"using":"xpath","value":"//span[contains(text(), \"catalogItemhigh4\")]"}
COMMAND: GET /session/4113d6d129359fd9dc4ee692ed3652ac/element/f.7E3A8558AA8FB2FD891CA09AA9D59AAC.d.3A0CF350185C51A0932386B1F080D4B0.e.1515/text - {}
RESULT: {}
RESULT: undefined
COMMAND: POST /session/4113d6d129359fd9dc4ee692ed3652ac/element - {"using":"xpath","value":"//*[@id=\"__button33\"]"}
RESULT: {"using":"xpath","value":"//*[@id=\"__button33\"]"}
COMMAND: POST /session/4113d6d129359fd9dc4ee692ed3652ac/element/f.7E3A8558AA8FB2FD891CA09AA9D59AAC.d.3A0CF350185C51A0932386B1F080D4B0.e.1516/click - {}
RESULT: {}
COMMAND: GET /session/4113d6d129359fd9dc4ee692ed3652ac/screenshot - {}
RESULT: {}
COMMAND: POST /session/4113d6d129359fd9dc4ee692ed3652ac/execute/async - {"script":"<script> [1562 bytes]","args":[{"selector":{"id":"application-managecatalogs-display-component---detailCatalog--BASE_UNIT_OF_MEASURE-arrow"},"wdio_ui5_key":"applicationmanagecatalogs-display-component---detailCatalog--BASE_UNIT_OF_MEASURE-arrow"}]}
RESULT: {"script":"<script> [1562 bytes]","args":[{"selector":{"id":"application-managecatalogs-display-component---detailCatalog--BASE_UNIT_OF_MEASURE-arrow"},"wdio_ui5_key":"applicationmanagecatalogs-display-component---detailCatalog--BASE_UNIT_OF_MEASURE-arrow"}]}
RESULT: undefined
COMMAND: POST /session/4113d6d129359fd9dc4ee692ed3652ac/element - {"using":"xpath","value":"//*[@id=\"application-managecatalogs-display-component---detailCatalog--BASE_UNIT_OF_MEASURE-arrow\"]"}
RESULT: {"using":"xpath","value":"//*[@id=\"application-managecatalogs-display-component---detailCatalog--BASE_UNIT_OF_MEASURE-arrow\"]"}
COMMAND: POST /session/4113d6d129359fd9dc4ee692ed3652ac/element/f.7E3A8558AA8FB2FD891CA09AA9D59AAC.d.3A0CF350185C51A0932386B1F080D4B0.e.1543/click - {}
RESULT: {}
COMMAND: GET /session/4113d6d129359fd9dc4ee692ed3652ac/screenshot - {}
RESULT: {}
COMMAND: POST /session/4113d6d129359fd9dc4ee692ed3652ac/execute/async - {"script":"<script> [1562 bytes]","args":[{"selector":{"controlType":"sap.m.StandardListItem","viewName":"etm.portal.ui.managecatalogs.view.Detail","viewId":"application-managecatalogs-display-component---detailCatalog","properties":{"title":"Piece"},"searchOpenDialogs":true,"interaction":{"idSuffix":"titleText"}},"wdio_ui5_key":"etmportal.ui.managecatalogs.view.Detailsap.m.StandardListItem{\"title\":\"Piece\"}"}]}
RESULT: {"script":"<script> [1562 bytes]","args":[{"selector":{"controlType":"sap.m.StandardListItem","viewName":"etm.portal.ui.managecatalogs.view.Detail","viewId":"application-managecatalogs-display-component---detailCatalog","properties":{"title":"Piece"},"searchOpenDialogs":true,"interaction":{"idSuffix":"titleText"}},"wdio_ui5_key":"etmportal.ui.managecatalogs.view.Detailsap.m.StandardListItem{\"title\":\"Piece\"}"}]}
RESULT: undefined
COMMAND: POST /session/4113d6d129359fd9dc4ee692ed3652ac/element - {"using":"xpath","value":"//*[@id=\"__item219\"]"}
RESULT: {"using":"xpath","value":"//*[@id=\"__item219\"]"}
COMMAND: POST /session/4113d6d129359fd9dc4ee692ed3652ac/element/f.7E3A8558AA8FB2FD891CA09AA9D59AAC.d.3A0CF350185C51A0932386B1F080D4B0.e.1547/click - {}
RESULT: {}
COMMAND: POST /session/4113d6d129359fd9dc4ee692ed3652ac/execute/async - {"script":"<script> [1562 bytes]","args":[{"selector":{"controlType":"sap.ui.core.Icon","viewName":"etm.portal.ui.managecatalogs.view.Detail","viewId":"application-managecatalogs-display-component---detailCatalog","properties":{"src":{"regex":{"source":"add"}}},"ancestor":{"controlType":"sap.m.Button","viewName":"etm.portal.ui.managecatalogs.view.Detail","viewId":"application-managecatalogs-display-component---detailCatalog","i18NText":{"propertyName":"tooltip","key":"addClass"}}},"wdio_ui5_key":"etmportal.ui.managecatalogs.view.Detailsap.ui.core.Icon{\"src\":{\"regex\":{\"source\":\"add\"}}}{\"controlType\":\"sap.m.Button\",\"viewName\":\"etm.portal.ui.managecatalogs.view.Detail\",\"viewId\":\"application-managecatalogs-display-component---detailCatalog\",\"i18NText\":{\"propertyName\":\"tooltip\",\"key\":\"addClass\"}}"}]}
COMMAND: GET /session/4113d6d129359fd9dc4ee692ed3652ac/screenshot - {}
RESULT: {"script":"<script> [1562 bytes]","args":[{"selector":{"controlType":"sap.ui.core.Icon","viewName":"etm.portal.ui.managecatalogs.view.Detail","viewId":"application-managecatalogs-display-component---detailCatalog","properties":{"src":{"regex":{"source":"add"}}},"ancestor":{"controlType":"sap.m.Button","viewName":"etm.portal.ui.managecatalogs.view.Detail","viewId":"application-managecatalogs-display-component---detailCatalog","i18NText":{"propertyName":"tooltip","key":"addClass"}}},"wdio_ui5_key":"etmportal.ui.managecatalogs.view.Detailsap.ui.core.Icon{\"src\":{\"regex\":{\"source\":\"add\"}}}{\"controlType\":\"sap.m.Button\",\"viewName\":\"etm.portal.ui.managecatalogs.view.Detail\",\"viewId\":\"application-managecatalogs-display-component---detailCatalog\",\"i18NText\":{\"propertyName\":\"tooltip\",\"key\":\"addClass\"}}"}]}
RESULT: undefined
COMMAND: POST /session/4113d6d129359fd9dc4ee692ed3652ac/element - {"using":"xpath","value":"//*[@id=\"__button39-img\"]"}
RESULT: {}
RESULT: {"using":"xpath","value":"//*[@id=\"__button39-img\"]"}
COMMAND: POST /session/4113d6d129359fd9dc4ee692ed3652ac/element/f.7E3A8558AA8FB2FD891CA09AA9D59AAC.d.3A0CF350185C51A0932386B1F080D4B0.e.1548/click - {}
RESULT: {}
COMMAND: GET /session/4113d6d129359fd9dc4ee692ed3652ac/screenshot - {}
RESULT: {}
COMMAND: POST /session/4113d6d129359fd9dc4ee692ed3652ac/element - {"using":"xpath","value":"//input[contains(@id ,\"searchField-I\")]"}
RESULT: {"using":"xpath","value":"//input[contains(@id ,\"searchField-I\")]"}
COMMAND: POST /session/4113d6d129359fd9dc4ee692ed3652ac/element/f.7E3A8558AA8FB2FD891CA09AA9D59AAC.d.3A0CF350185C51A0932386B1F080D4B0.e.1552/value - {"text":"WebdriverYardClassi2h0m"}
RESULT: {"text":"WebdriverYardClassi2h0m"}
COMMAND: POST /session/4113d6d129359fd9dc4ee692ed3652ac/actions - {"actions":[{"id":"action6","type":"key","parameters":{},"actions":[{"type":"keyDown","value":"î€‡"},{"type":"pause","duration":10},{"type":"keyUp","value":"î€‡"}]}]}
COMMAND: GET /session/4113d6d129359fd9dc4ee692ed3652ac/screenshot - {}
RESULT: {"actions":[{"id":"action6","type":"key","parameters":{},"actions":[{"type":"keyDown","value":"î€‡"},{"type":"pause","duration":10},{"type":"keyUp","value":"î€‡"}]}]}
COMMAND: GET /session/4113d6d129359fd9dc4ee692ed3652ac/screenshot - {}
RESULT: {}
RESULT: {}
COMMAND: POST /session/4113d6d129359fd9dc4ee692ed3652ac/element - {"using":"xpath","value":"//span[contains(text(), \"WebdriverYardClassi2h0m\")]"}
RESULT: {"using":"xpath","value":"//span[contains(text(), \"WebdriverYardClassi2h0m\")]"}
COMMAND: POST /session/4113d6d129359fd9dc4ee692ed3652ac/element/f.7E3A8558AA8FB2FD891CA09AA9D59AAC.d.3A0CF350185C51A0932386B1F080D4B0.e.1588/click - {}
RESULT: {}
COMMAND: GET /session/4113d6d129359fd9dc4ee692ed3652ac/screenshot - {}
RESULT: {}
COMMAND: POST /session/4113d6d129359fd9dc4ee692ed3652ac/execute/async - {"script":"<script> [1562 bytes]","args":[{"selector":{"controlType":"sap.m.Button","viewName":"etm.portal.ui.managecatalogs.view.Detail","viewId":"application-managecatalogs-display-component---detailCatalog","properties":{"text":"Classification"},"interaction":{"idSuffix":"BDI-content"}},"wdio_ui5_key":"etmportal.ui.managecatalogs.view.Detailsap.m.Button{\"text\":\"Classification\"}"}]}
RESULT: {"script":"<script> [1562 bytes]","args":[{"selector":{"controlType":"sap.m.Button","viewName":"etm.portal.ui.managecatalogs.view.Detail","viewId":"application-managecatalogs-display-component---detailCatalog","properties":{"text":"Classification"},"interaction":{"idSuffix":"BDI-content"}},"wdio_ui5_key":"etmportal.ui.managecatalogs.view.Detailsap.m.Button{\"text\":\"Classification\"}"}]}
RESULT: undefined
COMMAND: POST /session/4113d6d129359fd9dc4ee692ed3652ac/element - {"using":"xpath","value":"//*[@id=\"application-managecatalogs-display-component---detailCatalog--ObjectPageLayout-anchBar-__section3-anchor\"]"}
RESULT: {"using":"xpath","value":"//*[@id=\"application-managecatalogs-display-component---detailCatalog--ObjectPageLayout-anchBar-__section3-anchor\"]"}
COMMAND: POST /session/4113d6d129359fd9dc4ee692ed3652ac/element/f.7E3A8558AA8FB2FD891CA09AA9D59AAC.d.3A0CF350185C51A0932386B1F080D4B0.e.1593/click - {}
RESULT: {}
COMMAND: GET /session/4113d6d129359fd9dc4ee692ed3652ac/screenshot - {}
RESULT: {}
COMMAND: POST /session/4113d6d129359fd9dc4ee692ed3652ac/element - {"using":"xpath","value":"//span[contains(@id ,\"expandButton-img\")]"}
RESULT: {"using":"xpath","value":"//span[contains(@id ,\"expandButton-img\")]"}
COMMAND: POST /session/4113d6d129359fd9dc4ee692ed3652ac/element/f.7E3A8558AA8FB2FD891CA09AA9D59AAC.d.3A0CF350185C51A0932386B1F080D4B0.e.1599/click - {}
RESULT: {}
COMMAND: POST /session/4113d6d129359fd9dc4ee692ed3652ac/execute/async - {"script":"<script> [1562 bytes]","args":[{"selector":{"controlType":"sap.m.CheckBox","viewName":"etm.portal.ui.managecatalogs.view.Detail","viewId":"application-managecatalogs-display-component---detailCatalog","bindingPath":{"path":"/data/0/PROPERTIES/0","propertyPath":"SELECTED","modelName":"classModel"},"interaction":{"idSuffix":"CbBg"}},"wdio_ui5_key":"etmportal.ui.managecatalogs.view.Detailsap.m.CheckBox{\"path\":\"/data/0/PROPERTIES/0\",\"propertyPath\":\"SELECTED\",\"modelName\":\"classModel\"}"}]}
COMMAND: GET /session/4113d6d129359fd9dc4ee692ed3652ac/screenshot - {}
RESULT: {"script":"<script> [1562 bytes]","args":[{"selector":{"controlType":"sap.m.CheckBox","viewName":"etm.portal.ui.managecatalogs.view.Detail","viewId":"application-managecatalogs-display-component---detailCatalog","bindingPath":{"path":"/data/0/PROPERTIES/0","propertyPath":"SELECTED","modelName":"classModel"},"interaction":{"idSuffix":"CbBg"}},"wdio_ui5_key":"etmportal.ui.managecatalogs.view.Detailsap.m.CheckBox{\"path\":\"/data/0/PROPERTIES/0\",\"propertyPath\":\"SELECTED\",\"modelName\":\"classModel\"}"}]}
RESULT: undefined
COMMAND: POST /session/4113d6d129359fd9dc4ee692ed3652ac/element - {"using":"xpath","value":"//*[@id=\"__box32\"]"}
RESULT: {}
RESULT: {"using":"xpath","value":"//*[@id=\"__box32\"]"}
COMMAND: POST /session/4113d6d129359fd9dc4ee692ed3652ac/element/f.7E3A8558AA8FB2FD891CA09AA9D59AAC.d.3A0CF350185C51A0932386B1F080D4B0.e.1614/click - {}
RESULT: {}
RESULT: undefined
COMMAND: POST /session/4113d6d129359fd9dc4ee692ed3652ac/execute/async - {"script":"<script> [6424 bytes]","args":[{"element-6066-11e4-a52e-4f735466cecf":"f.7E3A8558AA8FB2FD891CA09AA9D59AAC.d.3A0CF350185C51A0932386B1F080D4B0.e.1612"},"getSelected",[]]}
COMMAND: GET /session/4113d6d129359fd9dc4ee692ed3652ac/screenshot - {}
RESULT: {"script":"<script> [6424 bytes]","args":[{"element-6066-11e4-a52e-4f735466cecf":"f.7E3A8558AA8FB2FD891CA09AA9D59AAC.d.3A0CF350185C51A0932386B1F080D4B0.e.1612"},"getSelected",[]]}
COMMAND: POST /session/4113d6d129359fd9dc4ee692ed3652ac/execute/async - {"script":"<script> [1562 bytes]","args":[{"selector":{"controlType":"sap.m.Button","viewName":"etm.portal.ui.managecatalogs.view.Detail","viewId":"application-managecatalogs-display-component---detailCatalog","i18NText":{"propertyName":"text","key":"save"},"interaction":{"idSuffix":"BDI-content"}},"wdio_ui5_key":"etmportal.ui.managecatalogs.view.Detailsap.m.Button{\"propertyName\":\"text\",\"key\":\"save\"}"}]}
RESULT: {}
RESULT: {"script":"<script> [1562 bytes]","args":[{"selector":{"controlType":"sap.m.Button","viewName":"etm.portal.ui.managecatalogs.view.Detail","viewId":"application-managecatalogs-display-component---detailCatalog","i18NText":{"propertyName":"text","key":"save"},"interaction":{"idSuffix":"BDI-content"}},"wdio_ui5_key":"etmportal.ui.managecatalogs.view.Detailsap.m.Button{\"propertyName\":\"text\",\"key\":\"save\"}"}]}
RESULT: undefined
COMMAND: POST /session/4113d6d129359fd9dc4ee692ed3652ac/element - {"using":"xpath","value":"//*[@id=\"__button51\"]"}
RESULT: {"using":"xpath","value":"//*[@id=\"__button51\"]"}
COMMAND: POST /session/4113d6d129359fd9dc4ee692ed3652ac/element/f.7E3A8558AA8FB2FD891CA09AA9D59AAC.d.3A0CF350185C51A0932386B1F080D4B0.e.1519/click - {}
RESULT: {}
COMMAND: GET /session/4113d6d129359fd9dc4ee692ed3652ac/screenshot - {}
RESULT: {}
COMMAND: POST /session/4113d6d129359fd9dc4ee692ed3652ac/element - {"using":"css selector","value":"#shell-header-logo"}
RESULT: {"using":"css selector","value":"#shell-header-logo"}
COMMAND: POST /session/4113d6d129359fd9dc4ee692ed3652ac/element/f.7E3A8558AA8FB2FD891CA09AA9D59AAC.d.3A0CF350185C51A0932386B1F080D4B0.e.1259/click - {}
RESULT: {}
COMMAND: GET /session/4113d6d129359fd9dc4ee692ed3652ac/screenshot - {}
RESULT: {}
]]></system-out>
    </testcase>
    <testcase classname="chrome.136_0_7103_93.windows.Manage_catalogs_-_yard_assignment_classification_US138930" name="Should verify if the catalog item is visible after selecting the yard" time="45.997">
      <system-out><![CDATA[
COMMAND: POST /session/4113d6d129359fd9dc4ee692ed3652ac/execute/async - {"script":"<script> [1562 bytes]","args":[{"selector":{"controlType":"sap.m.Text","properties":{"text":"Webshop"},"interaction":{"idSuffix":"inner"}},"wdio_ui5_key":"sapm.Text{\"text\":\"Webshop\"}"}]}
RESULT: {"script":"<script> [1562 bytes]","args":[{"selector":{"controlType":"sap.m.Text","properties":{"text":"Webshop"},"interaction":{"idSuffix":"inner"}},"wdio_ui5_key":"sapm.Text{\"text\":\"Webshop\"}"}]}
RESULT: undefined
COMMAND: POST /session/4113d6d129359fd9dc4ee692ed3652ac/element - {"using":"xpath","value":"//*[@id=\"__tile49-title\"]"}
RESULT: {"using":"xpath","value":"//*[@id=\"__tile49-title\"]"}
COMMAND: POST /session/4113d6d129359fd9dc4ee692ed3652ac/element/f.7E3A8558AA8FB2FD891CA09AA9D59AAC.d.3A0CF350185C51A0932386B1F080D4B0.e.1641/click - {}
RESULT: {}
COMMAND: GET /session/4113d6d129359fd9dc4ee692ed3652ac/screenshot - {}
RESULT: {}
COMMAND: POST /session/4113d6d129359fd9dc4ee692ed3652ac/element - {"using":"css selector","value":"#requestCreationDialog--createRequestPopUp-title-inner"}
RESULT: {"using":"css selector","value":"#requestCreationDialog--createRequestPopUp-title-inner"}
COMMAND: POST /session/4113d6d129359fd9dc4ee692ed3652ac/execute/sync - {"script":"<script> [8489 bytes]","args":[{"element-6066-11e4-a52e-4f735466cecf":"f.7E3A8558AA8FB2FD891CA09AA9D59AAC.d.3A0CF350185C51A0932386B1F080D4B0.e.1670","ELEMENT":"f.7E3A8558AA8FB2FD891CA09AA9D59AAC.d.3A0CF350185C51A0932386B1F080D4B0.e.1670"}]}
RESULT: {"script":"<script> [8489 bytes]","args":[{"element-6066-11e4-a52e-4f735466cecf":"f.7E3A8558AA8FB2FD891CA09AA9D59AAC.d.3A0CF350185C51A0932386B1F080D4B0.e.1670","ELEMENT":"f.7E3A8558AA8FB2FD891CA09AA9D59AAC.d.3A0CF350185C51A0932386B1F080D4B0.e.1670"}]}
COMMAND: GET /session/4113d6d129359fd9dc4ee692ed3652ac/element/f.7E3A8558AA8FB2FD891CA09AA9D59AAC.d.3A0CF350185C51A0932386B1F080D4B0.e.1670/enabled - {}
COMMAND: GET /session/4113d6d129359fd9dc4ee692ed3652ac/screenshot - {}
RESULT: {}
COMMAND: POST /session/4113d6d129359fd9dc4ee692ed3652ac/elements - {"using":"css selector","value":"#requestCreationDialog--createRequestPopUp-title-inner"}
COMMAND: GET /session/4113d6d129359fd9dc4ee692ed3652ac/screenshot - {}
RESULT: {}
RESULT: {"using":"css selector","value":"#requestCreationDialog--createRequestPopUp-title-inner"}
COMMAND: POST /session/4113d6d129359fd9dc4ee692ed3652ac/execute/async - {"script":"<script> [1562 bytes]","args":[{"selector":{"id":"requestCreationDialog--requestName","searchOpenDialogs":true,"interaction":{"idSuffix":"inner"}},"wdio_ui5_key":"requestCreationDialogrequestName"}]}
RESULT: {}
RESULT: {"script":"<script> [1562 bytes]","args":[{"selector":{"id":"requestCreationDialog--requestName","searchOpenDialogs":true,"interaction":{"idSuffix":"inner"}},"wdio_ui5_key":"requestCreationDialogrequestName"}]}
RESULT: undefined
COMMAND: POST /session/4113d6d129359fd9dc4ee692ed3652ac/execute/async - {"script":"<script> [776 bytes]","args":[{"enterText":"WebdriverTest","selector":{"id":"requestCreationDialog--requestName","searchOpenDialogs":true,"interaction":{"idSuffix":"inner"}},"clearTextFirst":true,"interactionType":"ENTER_TEXT"}]}
RESULT: {"script":"<script> [776 bytes]","args":[{"enterText":"WebdriverTest","selector":{"id":"requestCreationDialog--requestName","searchOpenDialogs":true,"interaction":{"idSuffix":"inner"}},"clearTextFirst":true,"interactionType":"ENTER_TEXT"}]}
COMMAND: POST /session/4113d6d129359fd9dc4ee692ed3652ac/element - {"using":"xpath","value":"//input[contains(@id ,\"requestCreationDialog--yardId-inner\")]"}
RESULT: {"using":"xpath","value":"//input[contains(@id ,\"requestCreationDialog--yardId-inner\")]"}
COMMAND: POST /session/4113d6d129359fd9dc4ee692ed3652ac/element/f.7E3A8558AA8FB2FD891CA09AA9D59AAC.d.3A0CF350185C51A0932386B1F080D4B0.e.1658/clear - {}
RESULT: {}
COMMAND: POST /session/4113d6d129359fd9dc4ee692ed3652ac/element/f.7E3A8558AA8FB2FD891CA09AA9D59AAC.d.3A0CF350185C51A0932386B1F080D4B0.e.1658/value - {"text":"101"}
COMMAND: GET /session/4113d6d129359fd9dc4ee692ed3652ac/screenshot - {}
RESULT: {"text":"101"}
COMMAND: GET /session/4113d6d129359fd9dc4ee692ed3652ac/screenshot - {}
RESULT: {}
RESULT: {}
COMMAND: POST /session/4113d6d129359fd9dc4ee692ed3652ac/execute/async - {"script":"<script> [1562 bytes]","args":[{"selector":{"id":"requestCreationDialog--okButton","searchOpenDialogs":true,"interaction":{"idSuffix":"BDI-content"}},"wdio_ui5_key":"requestCreationDialogokButton"}]}
RESULT: {"script":"<script> [1562 bytes]","args":[{"selector":{"id":"requestCreationDialog--okButton","searchOpenDialogs":true,"interaction":{"idSuffix":"BDI-content"}},"wdio_ui5_key":"requestCreationDialogokButton"}]}
RESULT: undefined
COMMAND: POST /session/4113d6d129359fd9dc4ee692ed3652ac/element - {"using":"xpath","value":"//*[@id=\"requestCreationDialog--okButton\"]"}
RESULT: {"using":"xpath","value":"//*[@id=\"requestCreationDialog--okButton\"]"}
COMMAND: POST /session/4113d6d129359fd9dc4ee692ed3652ac/element/f.7E3A8558AA8FB2FD891CA09AA9D59AAC.d.3A0CF350185C51A0932386B1F080D4B0.e.1676/click - {}
RESULT: {}
COMMAND: GET /session/4113d6d129359fd9dc4ee692ed3652ac/screenshot - {}
RESULT: {}
COMMAND: POST /session/4113d6d129359fd9dc4ee692ed3652ac/element - {"using":"xpath","value":"//input[contains(@id ,\"searchFiledId-I\")]"}
RESULT: {"using":"xpath","value":"//input[contains(@id ,\"searchFiledId-I\")]"}
COMMAND: POST /session/4113d6d129359fd9dc4ee692ed3652ac/element/f.7E3A8558AA8FB2FD891CA09AA9D59AAC.d.3A0CF350185C51A0932386B1F080D4B0.e.1647/value - {"text":"catalogItemhigh4"}
RESULT: {"text":"catalogItemhigh4"}
COMMAND: POST /session/4113d6d129359fd9dc4ee692ed3652ac/actions - {"actions":[{"id":"action7","type":"key","parameters":{},"actions":[{"type":"keyDown","value":"î€‡"},{"type":"pause","duration":10},{"type":"keyUp","value":"î€‡"}]}]}
COMMAND: GET /session/4113d6d129359fd9dc4ee692ed3652ac/screenshot - {}
RESULT: {"actions":[{"id":"action7","type":"key","parameters":{},"actions":[{"type":"keyDown","value":"î€‡"},{"type":"pause","duration":10},{"type":"keyUp","value":"î€‡"}]}]}
COMMAND: GET /session/4113d6d129359fd9dc4ee692ed3652ac/screenshot - {}
RESULT: {}
RESULT: {}
COMMAND: POST /session/4113d6d129359fd9dc4ee692ed3652ac/element - {"using":"xpath","value":"//span[contains(@id ,\"subTitle\")][contains(text(), \"catalogItemhigh4\")]"}
RESULT: {"using":"xpath","value":"//span[contains(@id ,\"subTitle\")][contains(text(), \"catalogItemhigh4\")]"}
COMMAND: POST /session/4113d6d129359fd9dc4ee692ed3652ac/element - {"using":"xpath","value":"//span[contains(@id ,\"subTitle\")][contains(text(), \"catalogItemhigh4\")]"}
RESULT: {"using":"xpath","value":"//span[contains(@id ,\"subTitle\")][contains(text(), \"catalogItemhigh4\")]"}
COMMAND: POST /session/4113d6d129359fd9dc4ee692ed3652ac/execute/async - {"script":"<script> [1562 bytes]","args":[{"selector":{"controlType":"sap.tnt.NavigationListItem","viewName":"etm.portal.ui.webshop.view.Homepage","i18NText":{"propertyName":"text","key":"exit"},"interaction":{"idSuffix":"a"}},"wdio_ui5_key":"etmportal.ui.webshop.view.Homepagesap.tnt.NavigationListItem{\"propertyName\":\"text\",\"key\":\"exit\"}"}]}
RESULT: {"script":"<script> [1562 bytes]","args":[{"selector":{"controlType":"sap.tnt.NavigationListItem","viewName":"etm.portal.ui.webshop.view.Homepage","i18NText":{"propertyName":"text","key":"exit"},"interaction":{"idSuffix":"a"}},"wdio_ui5_key":"etmportal.ui.webshop.view.Homepagesap.tnt.NavigationListItem{\"propertyName\":\"text\",\"key\":\"exit\"}"}]}
RESULT: undefined
COMMAND: POST /session/4113d6d129359fd9dc4ee692ed3652ac/element - {"using":"xpath","value":"//*[@id=\"__item277\"]"}
RESULT: {"using":"xpath","value":"//*[@id=\"__item277\"]"}
COMMAND: POST /session/4113d6d129359fd9dc4ee692ed3652ac/element/f.7E3A8558AA8FB2FD891CA09AA9D59AAC.d.3A0CF350185C51A0932386B1F080D4B0.e.1683/click - {}
RESULT: {}
]]></system-out>
    </testcase>
  </testsuite>
  <testsuite timestamp="2025-05-15T18:25:01" time="236.457" tests="1" failures="0" errors="0" skipped="0">
    <properties>
      <property name="specId" value="0" />
      <property name="suiteName" value="Catalogs section" />
      <property name="capabilities" value="chrome.136_0_7103_93.windows" />
      <property name="file" value="file:///D:/a/1/s/test/specs/R2C/manage-catalogs-values-section.spec.js" />
    </properties>
    <testcase classname="chrome.136_0_7103_93.windows.Catalogs_section" name="Should add values to a catalog item" time="236.454">
      <system-out><![CDATA[
COMMAND: POST /session/4113d6d129359fd9dc4ee692ed3652ac/element - {"using":"xpath","value":"//span[contains(@id ,\"requestCreationDialog--createRequestPopUp-title-inner\")]"}
COMMAND: GET /session/4113d6d129359fd9dc4ee692ed3652ac/screenshot - {}
RESULT: {"using":"xpath","value":"//span[contains(@id ,\"requestCreationDialog--createRequestPopUp-title-inner\")]"}
COMMAND: POST /session/4113d6d129359fd9dc4ee692ed3652ac/elements - {"using":"xpath","value":"//span[contains(@id ,\"requestCreationDialog--createRequestPopUp-title-inner\")]"}
RESULT: {}
RESULT: {"using":"xpath","value":"//span[contains(@id ,\"requestCreationDialog--createRequestPopUp-title-inner\")]"}
COMMAND: POST /session/4113d6d129359fd9dc4ee692ed3652ac/execute/async - {"script":"<script> [1562 bytes]","args":[{"selector":{"controlType":"sap.m.GenericTile","properties":{"header":"Manage Catalogs"}},"wdio_ui5_key":"sapm.GenericTile{\"header\":\"Manage Catalogs\"}"}]}
RESULT: {"script":"<script> [1562 bytes]","args":[{"selector":{"controlType":"sap.m.GenericTile","properties":{"header":"Manage Catalogs"}},"wdio_ui5_key":"sapm.GenericTile{\"header\":\"Manage Catalogs\"}"}]}
RESULT: undefined
COMMAND: POST /session/4113d6d129359fd9dc4ee692ed3652ac/element - {"using":"xpath","value":"//*[@id=\"__tile37\"]"}
RESULT: {"using":"xpath","value":"//*[@id=\"__tile37\"]"}
COMMAND: POST /session/4113d6d129359fd9dc4ee692ed3652ac/element/f.7E3A8558AA8FB2FD891CA09AA9D59AAC.d.3A0CF350185C51A0932386B1F080D4B0.e.1688/click - {}
RESULT: {}
COMMAND: GET /session/4113d6d129359fd9dc4ee692ed3652ac/screenshot - {}
RESULT: {}
COMMAND: POST /session/4113d6d129359fd9dc4ee692ed3652ac/elements - {"using":"xpath","value":"//span[text()='Error']"}
RESULT: {"using":"xpath","value":"//span[text()='Error']"}
COMMAND: POST /session/4113d6d129359fd9dc4ee692ed3652ac/refresh - {}
RESULT: {}
COMMAND: GET /session/4113d6d129359fd9dc4ee692ed3652ac/screenshot - {}
RESULT: {}
COMMAND: POST /session/4113d6d129359fd9dc4ee692ed3652ac/execute/async - {"script":"<script> [189 bytes]","args":[]}
RESULT: {"script":"<script> [189 bytes]","args":[]}
COMMAND: POST /session/4113d6d129359fd9dc4ee692ed3652ac/execute/async - {"script":"<script> [123 bytes]","args":[]}
RESULT: {"script":"<script> [123 bytes]","args":[]}
COMMAND: POST /session/4113d6d129359fd9dc4ee692ed3652ac/timeouts - {"script":"<number>"}
RESULT: {"script":"<number>"}
COMMAND: GET /session/4113d6d129359fd9dc4ee692ed3652ac/timeouts - {}
RESULT: {}
RESULT: undefined
COMMAND: POST /session/4113d6d129359fd9dc4ee692ed3652ac/execute/async - {"script":"<script> [2676 bytes]","args":[]}
RESULT: {"script":"<script> [2676 bytes]","args":[]}
COMMAND: POST /session/4113d6d129359fd9dc4ee692ed3652ac/execute/async - {"script":"<script> [2342 bytes]","args":[{"protocol":"http","hostname":"0.0.0.0","path":"/","capabilities":{"browserName":"chrome","goog:chromeOptions":{"binary":"C:\\Program Files\\Google\\Chrome\\Application\\chrome.exe","args":["--start-maximized"]}},"logLevel":"warn","connectionRetryTimeout":120000,"connectionRetryCount":3,"logLevels":{},"enableDirectConnect":true,"strictSSL":true,"_":"65 more keys: [\"cacheDir\",\"port\",\"requestedCapabilities\",\"automationProtocol\",\"baseUrl\",\"waitforInterval\",\"waitforTimeout\",\"onReload\",\"beforeCommand\",\"afterCommand\",\"rootDir\",\"specs\",\"suites\",\"exclude\",\"groupLogsByTestSpec\",\"excludeDriverLogs\",\"bail\",\"framework\",\"reporters\",\"services\",\"maxInstances\",\"maxInstancesPerCapability\",\"injectGlobals\",\"filesToWatch\",\"execArgv\",\"runnerEnv\",\"runner\",\"shard\",\"specFileRetries\",\"specFileRetriesDelay\",\"specFileRetriesDeferred\",\"reporterSyncInterval\",\"reporterSyncTimeout\",\"cucumberFeaturesWithLineNumbers\",\"autoCompileOpts\",\"mochaOpts\",\"jasmineOpts\",\"cucumberOpts\",\"onPrepare\",\"onWorkerStart\",\"onWorkerEnd\",\"before\",\"beforeSession\",\"beforeSuite\",\"beforeHook\",\"beforeTest\",\"afterTest\",\"afterHook\",\"afterSuite\",\"afterSession\",\"after\",\"onComplete\",\"beforeAssertion\",\"afterAssertion\",\"beforeFeature\",\"beforeScenario\",\"beforeStep\",\"afterStep\",\"afterScenario\",\"afterFeature\",\"_\",\"suite\",\"$0\",\"ignoredWorkerServices\",\"wdi5\"]"}]}
RESULT: {"script":"<script> [2342 bytes]","args":[{"protocol":"http","hostname":"0.0.0.0","path":"/","capabilities":{"browserName":"chrome","goog:chromeOptions":{"binary":"C:\\Program Files\\Google\\Chrome\\Application\\chrome.exe","args":["--start-maximized"]}},"logLevel":"warn","connectionRetryTimeout":120000,"connectionRetryCount":3,"logLevels":{},"enableDirectConnect":true,"strictSSL":true,"_":"65 more keys: [\"cacheDir\",\"port\",\"requestedCapabilities\",\"automationProtocol\",\"baseUrl\",\"waitforInterval\",\"waitforTimeout\",\"onReload\",\"beforeCommand\",\"afterCommand\",\"rootDir\",\"specs\",\"suites\",\"exclude\",\"groupLogsByTestSpec\",\"excludeDriverLogs\",\"bail\",\"framework\",\"reporters\",\"services\",\"maxInstances\",\"maxInstancesPerCapability\",\"injectGlobals\",\"filesToWatch\",\"execArgv\",\"runnerEnv\",\"runner\",\"shard\",\"specFileRetries\",\"specFileRetriesDelay\",\"specFileRetriesDeferred\",\"reporterSyncInterval\",\"reporterSyncTimeout\",\"cucumberFeaturesWithLineNumbers\",\"autoCompileOpts\",\"mochaOpts\",\"jasmineOpts\",\"cucumberOpts\",\"onPrepare\",\"onWorkerStart\",\"onWorkerEnd\",\"before\",\"beforeSession\",\"beforeSuite\",\"beforeHook\",\"beforeTest\",\"afterTest\",\"afterHook\",\"afterSuite\",\"afterSession\",\"after\",\"onComplete\",\"beforeAssertion\",\"afterAssertion\",\"beforeFeature\",\"beforeScenario\",\"beforeStep\",\"afterStep\",\"afterScenario\",\"afterFeature\",\"_\",\"suite\",\"$0\",\"ignoredWorkerServices\",\"wdi5\"]"}]}
COMMAND: POST /session/4113d6d129359fd9dc4ee692ed3652ac/execute/async - {"script":"<script> [21126 bytes]","args":[35000]}
RESULT: {"script":"<script> [21126 bytes]","args":[35000]}
COMMAND: POST /session/4113d6d129359fd9dc4ee692ed3652ac/element - {"using":"xpath","value":"//span[contains(text(), \"Webshop Catalog\")][contains(@id ,\"masterCatalogs\")]"}
RESULT: {"using":"xpath","value":"//span[contains(text(), \"Webshop Catalog\")][contains(@id ,\"masterCatalogs\")]"}
COMMAND: POST /session/4113d6d129359fd9dc4ee692ed3652ac/element/f.7E3A8558AA8FB2FD891CA09AA9D59AAC.d.3CB1572E166A205C62B50ADC7156A564.e.1790/click - {}
RESULT: {}
COMMAND: GET /session/4113d6d129359fd9dc4ee692ed3652ac/screenshot - {}
RESULT: {}
COMMAND: POST /session/4113d6d129359fd9dc4ee692ed3652ac/element - {"using":"xpath","value":"//input[contains(@id ,\"application-managecatalogs-display-component---masterCatalogItems--searchItemsField-I\")]"}
RESULT: {"using":"xpath","value":"//input[contains(@id ,\"application-managecatalogs-display-component---masterCatalogItems--searchItemsField-I\")]"}
COMMAND: POST /session/4113d6d129359fd9dc4ee692ed3652ac/element/f.7E3A8558AA8FB2FD891CA09AA9D59AAC.d.3CB1572E166A205C62B50ADC7156A564.e.1799/value - {"text":"SecondSectioncu7ln"}
RESULT: {"text":"SecondSectioncu7ln"}
COMMAND: POST /session/4113d6d129359fd9dc4ee692ed3652ac/actions - {"actions":[{"id":"action8","type":"key","parameters":{},"actions":[{"type":"keyDown","value":"î€‡"},{"type":"pause","duration":10},{"type":"keyUp","value":"î€‡"}]}]}
COMMAND: GET /session/4113d6d129359fd9dc4ee692ed3652ac/screenshot - {}
RESULT: {"actions":[{"id":"action8","type":"key","parameters":{},"actions":[{"type":"keyDown","value":"î€‡"},{"type":"pause","duration":10},{"type":"keyUp","value":"î€‡"}]}]}
COMMAND: GET /session/4113d6d129359fd9dc4ee692ed3652ac/screenshot - {}
RESULT: {}
RESULT: {}
COMMAND: POST /session/4113d6d129359fd9dc4ee692ed3652ac/element - {"using":"xpath","value":"(//span[contains(text(), \"SecondSectioncu7ln\")])[1]"}
RESULT: {"using":"xpath","value":"(//span[contains(text(), \"SecondSectioncu7ln\")])[1]"}
COMMAND: POST /session/4113d6d129359fd9dc4ee692ed3652ac/element/f.7E3A8558AA8FB2FD891CA09AA9D59AAC.d.3CB1572E166A205C62B50ADC7156A564.e.1827/click - {}
RESULT: {}
COMMAND: POST /session/4113d6d129359fd9dc4ee692ed3652ac/execute/async - {"script":"<script> [1562 bytes]","args":[{"selector":{"controlType":"sap.m.Button","viewName":"etm.portal.ui.managecatalogs.view.Detail","viewId":"application-managecatalogs-display-component---detailCatalog","i18NText":{"propertyName":"text","key":"edit"},"interaction":{"idSuffix":"BDI-content"}},"wdio_ui5_key":"etmportal.ui.managecatalogs.view.Detailsap.m.Button{\"propertyName\":\"text\",\"key\":\"edit\"}"}]}
COMMAND: GET /session/4113d6d129359fd9dc4ee692ed3652ac/screenshot - {}
RESULT: {"script":"<script> [1562 bytes]","args":[{"selector":{"controlType":"sap.m.Button","viewName":"etm.portal.ui.managecatalogs.view.Detail","viewId":"application-managecatalogs-display-component---detailCatalog","i18NText":{"propertyName":"text","key":"edit"},"interaction":{"idSuffix":"BDI-content"}},"wdio_ui5_key":"etmportal.ui.managecatalogs.view.Detailsap.m.Button{\"propertyName\":\"text\",\"key\":\"edit\"}"}]}
RESULT: undefined
COMMAND: POST /session/4113d6d129359fd9dc4ee692ed3652ac/element - {"using":"xpath","value":"//*[@id=\"__button33\"]"}
RESULT: {}
RESULT: {"using":"xpath","value":"//*[@id=\"__button33\"]"}
COMMAND: POST /session/4113d6d129359fd9dc4ee692ed3652ac/element/f.7E3A8558AA8FB2FD891CA09AA9D59AAC.d.3CB1572E166A205C62B50ADC7156A564.e.1895/click - {}
RESULT: {}
COMMAND: POST /session/4113d6d129359fd9dc4ee692ed3652ac/execute/async - {"script":"<script> [1562 bytes]","args":[{"selector":{"controlType":"sap.ui.core.Icon","viewName":"etm.portal.ui.managecatalogs.view.Detail","viewId":"application-managecatalogs-display-component---detailCatalog","properties":{"src":{"regex":{"source":"add\\-document"}}}},"wdio_ui5_key":"etmportal.ui.managecatalogs.view.Detailsap.ui.core.Icon{\"src\":{\"regex\":{\"source\":\"add\\\\-document\"}}}"}]}
COMMAND: GET /session/4113d6d129359fd9dc4ee692ed3652ac/screenshot - {}
RESULT: {"script":"<script> [1562 bytes]","args":[{"selector":{"controlType":"sap.ui.core.Icon","viewName":"etm.portal.ui.managecatalogs.view.Detail","viewId":"application-managecatalogs-display-component---detailCatalog","properties":{"src":{"regex":{"source":"add\\-document"}}}},"wdio_ui5_key":"etmportal.ui.managecatalogs.view.Detailsap.ui.core.Icon{\"src\":{\"regex\":{\"source\":\"add\\\\-document\"}}}"}]}
RESULT: undefined
COMMAND: POST /session/4113d6d129359fd9dc4ee692ed3652ac/element - {"using":"xpath","value":"//*[@id=\"__button42-img\"]"}
RESULT: {}
RESULT: {"using":"xpath","value":"//*[@id=\"__button42-img\"]"}
COMMAND: POST /session/4113d6d129359fd9dc4ee692ed3652ac/element/f.7E3A8558AA8FB2FD891CA09AA9D59AAC.d.3CB1572E166A205C62B50ADC7156A564.e.1901/click - {}
RESULT: {}
COMMAND: POST /session/4113d6d129359fd9dc4ee692ed3652ac/execute/async - {"script":"<script> [1562 bytes]","args":[{"selector":{"id":"application-managecatalogs-display-component---detailCatalog--newItemNumberInput","searchOpenDialogs":true,"interaction":{"idSuffix":"inner"}},"wdio_ui5_key":"applicationmanagecatalogs-display-component---detailCatalog--newItemNumberInput"}]}
COMMAND: GET /session/4113d6d129359fd9dc4ee692ed3652ac/screenshot - {}
RESULT: {"script":"<script> [1562 bytes]","args":[{"selector":{"id":"application-managecatalogs-display-component---detailCatalog--newItemNumberInput","searchOpenDialogs":true,"interaction":{"idSuffix":"inner"}},"wdio_ui5_key":"applicationmanagecatalogs-display-component---detailCatalog--newItemNumberInput"}]}
RESULT: undefined
COMMAND: POST /session/4113d6d129359fd9dc4ee692ed3652ac/execute/async - {"script":"<script> [776 bytes]","args":[{"enterText":"catalogItemmcfvj","selector":{"id":"application-managecatalogs-display-component---detailCatalog--newItemNumberInput","searchOpenDialogs":true,"interaction":{"idSuffix":"inner"}},"clearTextFirst":true,"interactionType":"ENTER_TEXT"}]}
RESULT: {}
RESULT: {"script":"<script> [776 bytes]","args":[{"enterText":"catalogItemmcfvj","selector":{"id":"application-managecatalogs-display-component---detailCatalog--newItemNumberInput","searchOpenDialogs":true,"interaction":{"idSuffix":"inner"}},"clearTextFirst":true,"interactionType":"ENTER_TEXT"}]}
COMMAND: POST /session/4113d6d129359fd9dc4ee692ed3652ac/execute/async - {"script":"<script> [1562 bytes]","args":[{"selector":{"controlType":"sap.m.Input","viewName":"etm.portal.ui.managecatalogs.view.Detail","viewId":"application-managecatalogs-display-component---detailCatalog","bindingPath":{"path":"","propertyPath":"/DESCRIPTION"},"searchOpenDialogs":true,"interaction":{"idSuffix":"inner"}},"wdio_ui5_key":"etmportal.ui.managecatalogs.view.Detailsap.m.Input{\"path\":\"\",\"propertyPath\":\"/DESCRIPTION\"}"}]}
RESULT: {"script":"<script> [1562 bytes]","args":[{"selector":{"controlType":"sap.m.Input","viewName":"etm.portal.ui.managecatalogs.view.Detail","viewId":"application-managecatalogs-display-component---detailCatalog","bindingPath":{"path":"","propertyPath":"/DESCRIPTION"},"searchOpenDialogs":true,"interaction":{"idSuffix":"inner"}},"wdio_ui5_key":"etmportal.ui.managecatalogs.view.Detailsap.m.Input{\"path\":\"\",\"propertyPath\":\"/DESCRIPTION\"}"}]}
RESULT: undefined
COMMAND: POST /session/4113d6d129359fd9dc4ee692ed3652ac/execute/async - {"script":"<script> [776 bytes]","args":[{"enterText":"catalogItemNameyu1da","selector":{"controlType":"sap.m.Input","viewName":"etm.portal.ui.managecatalogs.view.Detail","viewId":"application-managecatalogs-display-component---detailCatalog","bindingPath":{"path":"","propertyPath":"/DESCRIPTION"},"searchOpenDialogs":true,"interaction":{"idSuffix":"inner"}},"clearTextFirst":true,"interactionType":"ENTER_TEXT"}]}
RESULT: {"script":"<script> [776 bytes]","args":[{"enterText":"catalogItemNameyu1da","selector":{"controlType":"sap.m.Input","viewName":"etm.portal.ui.managecatalogs.view.Detail","viewId":"application-managecatalogs-display-component---detailCatalog","bindingPath":{"path":"","propertyPath":"/DESCRIPTION"},"searchOpenDialogs":true,"interaction":{"idSuffix":"inner"}},"clearTextFirst":true,"interactionType":"ENTER_TEXT"}]}
COMMAND: POST /session/4113d6d129359fd9dc4ee692ed3652ac/execute/async - {"script":"<script> [1562 bytes]","args":[{"selector":{"controlType":"sap.m.Button","viewName":"etm.portal.ui.managecatalogs.view.Detail","viewId":"application-managecatalogs-display-component---detailCatalog","i18NText":{"propertyName":"text","key":"create"},"searchOpenDialogs":true,"interaction":{"idSuffix":"BDI-content"}},"wdio_ui5_key":"etmportal.ui.managecatalogs.view.Detailsap.m.Button{\"propertyName\":\"text\",\"key\":\"create\"}"}]}
RESULT: {"script":"<script> [1562 bytes]","args":[{"selector":{"controlType":"sap.m.Button","viewName":"etm.portal.ui.managecatalogs.view.Detail","viewId":"application-managecatalogs-display-component---detailCatalog","i18NText":{"propertyName":"text","key":"create"},"searchOpenDialogs":true,"interaction":{"idSuffix":"BDI-content"}},"wdio_ui5_key":"etmportal.ui.managecatalogs.view.Detailsap.m.Button{\"propertyName\":\"text\",\"key\":\"create\"}"}]}
RESULT: undefined
COMMAND: POST /session/4113d6d129359fd9dc4ee692ed3652ac/element - {"using":"xpath","value":"//*[@id=\"__button17\"]"}
RESULT: {"using":"xpath","value":"//*[@id=\"__button17\"]"}
COMMAND: POST /session/4113d6d129359fd9dc4ee692ed3652ac/element/f.7E3A8558AA8FB2FD891CA09AA9D59AAC.d.3CB1572E166A205C62B50ADC7156A564.e.1910/click - {}
RESULT: {}
COMMAND: GET /session/4113d6d129359fd9dc4ee692ed3652ac/screenshot - {}
RESULT: {}
COMMAND: POST /session/4113d6d129359fd9dc4ee692ed3652ac/element - {"using":"xpath","value":"//button[@title=\"Save\"]"}
RESULT: {"using":"xpath","value":"//button[@title=\"Save\"]"}
COMMAND: POST /session/4113d6d129359fd9dc4ee692ed3652ac/element/f.7E3A8558AA8FB2FD891CA09AA9D59AAC.d.3CB1572E166A205C62B50ADC7156A564.e.1911/click - {}
RESULT: {}
COMMAND: GET /session/4113d6d129359fd9dc4ee692ed3652ac/screenshot - {}
RESULT: {}
COMMAND: POST /session/4113d6d129359fd9dc4ee692ed3652ac/execute/async - {"script":"<script> [1562 bytes]","args":[{"selector":{"controlType":"sap.ui.core.Icon","viewName":"etm.portal.ui.managecatalogs.view.Detail","viewId":"application-managecatalogs-display-component---detailCatalog","properties":{"src":{"regex":{"source":"decline"}}}},"wdio_ui5_key":"etmportal.ui.managecatalogs.view.Detailsap.ui.core.Icon{\"src\":{\"regex\":{\"source\":\"decline\"}}}"}]}
RESULT: {"script":"<script> [1562 bytes]","args":[{"selector":{"controlType":"sap.ui.core.Icon","viewName":"etm.portal.ui.managecatalogs.view.Detail","viewId":"application-managecatalogs-display-component---detailCatalog","properties":{"src":{"regex":{"source":"decline"}}}},"wdio_ui5_key":"etmportal.ui.managecatalogs.view.Detailsap.ui.core.Icon{\"src\":{\"regex\":{\"source\":\"decline\"}}}"}]}
RESULT: undefined
COMMAND: POST /session/4113d6d129359fd9dc4ee692ed3652ac/element - {"using":"xpath","value":"//*[@id=\"__button36-img\"]"}
RESULT: {"using":"xpath","value":"//*[@id=\"__button36-img\"]"}
COMMAND: POST /session/4113d6d129359fd9dc4ee692ed3652ac/element/f.7E3A8558AA8FB2FD891CA09AA9D59AAC.d.3CB1572E166A205C62B50ADC7156A564.e.1916/click - {}
RESULT: {}
COMMAND: GET /session/4113d6d129359fd9dc4ee692ed3652ac/screenshot - {}
RESULT: {}
COMMAND: POST /session/4113d6d129359fd9dc4ee692ed3652ac/execute/async - {"script":"<script> [1562 bytes]","args":[{"selector":{"controlType":"sap.ui.core.Icon","viewName":"etm.portal.ui.managecatalogs.view.MasterItems","viewId":"application-managecatalogs-display-component---masterCatalogItems","properties":{"src":{"regex":{"source":"refresh"}}}},"wdio_ui5_key":"etmportal.ui.managecatalogs.view.MasterItemssap.ui.core.Icon{\"src\":{\"regex\":{\"source\":\"refresh\"}}}"}]}
RESULT: {"script":"<script> [1562 bytes]","args":[{"selector":{"controlType":"sap.ui.core.Icon","viewName":"etm.portal.ui.managecatalogs.view.MasterItems","viewId":"application-managecatalogs-display-component---masterCatalogItems","properties":{"src":{"regex":{"source":"refresh"}}}},"wdio_ui5_key":"etmportal.ui.managecatalogs.view.MasterItemssap.ui.core.Icon{\"src\":{\"regex\":{\"source\":\"refresh\"}}}"}]}
RESULT: undefined
COMMAND: POST /session/4113d6d129359fd9dc4ee692ed3652ac/element - {"using":"xpath","value":"//*[@id=\"__button9-img\"]"}
RESULT: {"using":"xpath","value":"//*[@id=\"__button9-img\"]"}
COMMAND: POST /session/4113d6d129359fd9dc4ee692ed3652ac/element/f.7E3A8558AA8FB2FD891CA09AA9D59AAC.d.3CB1572E166A205C62B50ADC7156A564.e.1952/click - {}
RESULT: {}
COMMAND: GET /session/4113d6d129359fd9dc4ee692ed3652ac/screenshot - {}
RESULT: {}
COMMAND: POST /session/4113d6d129359fd9dc4ee692ed3652ac/execute/async - {"script":"<script> [1562 bytes]","args":[{"selector":{"id":"application-managecatalogs-display-component---masterCatalogItems--searchItemsField","interaction":{"idSuffix":"I"}},"wdio_ui5_key":"applicationmanagecatalogs-display-component---masterCatalogItems--searchItemsField"}]}
RESULT: {"script":"<script> [1562 bytes]","args":[{"selector":{"id":"application-managecatalogs-display-component---masterCatalogItems--searchItemsField","interaction":{"idSuffix":"I"}},"wdio_ui5_key":"applicationmanagecatalogs-display-component---masterCatalogItems--searchItemsField"}]}
RESULT: undefined
COMMAND: POST /session/4113d6d129359fd9dc4ee692ed3652ac/execute/async - {"script":"<script> [776 bytes]","args":[{"enterText":"catalogItemNameyu1da","selector":{"id":"application-managecatalogs-display-component---masterCatalogItems--searchItemsField","interaction":{"idSuffix":"I"}},"clearTextFirst":true,"interactionType":"ENTER_TEXT"}]}
RESULT: {"script":"<script> [776 bytes]","args":[{"enterText":"catalogItemNameyu1da","selector":{"id":"application-managecatalogs-display-component---masterCatalogItems--searchItemsField","interaction":{"idSuffix":"I"}},"clearTextFirst":true,"interactionType":"ENTER_TEXT"}]}
COMMAND: POST /session/4113d6d129359fd9dc4ee692ed3652ac/actions - {"actions":[{"id":"action9","type":"key","parameters":{},"actions":[{"type":"keyDown","value":"î€‡"},{"type":"pause","duration":10},{"type":"keyUp","value":"î€‡"}]}]}
RESULT: {"actions":[{"id":"action9","type":"key","parameters":{},"actions":[{"type":"keyDown","value":"î€‡"},{"type":"pause","duration":10},{"type":"keyUp","value":"î€‡"}]}]}
COMMAND: POST /session/4113d6d129359fd9dc4ee692ed3652ac/element - {"using":"xpath","value":"(//span[contains(text(), \"catalogItemNameyu1da\")])[1]"}
COMMAND: GET /session/4113d6d129359fd9dc4ee692ed3652ac/screenshot - {}
RESULT: {"using":"xpath","value":"(//span[contains(text(), \"catalogItemNameyu1da\")])[1]"}
COMMAND: POST /session/4113d6d129359fd9dc4ee692ed3652ac/element/f.7E3A8558AA8FB2FD891CA09AA9D59AAC.d.3CB1572E166A205C62B50ADC7156A564.e.1959/click - {}
RESULT: {}
RESULT: {}
COMMAND: GET /session/4113d6d129359fd9dc4ee692ed3652ac/screenshot - {}
RESULT: {}
COMMAND: POST /session/4113d6d129359fd9dc4ee692ed3652ac/element - {"using":"xpath","value":"//span[contains(text(), \"catalogItemmcfvj\")]"}
RESULT: {"using":"xpath","value":"//span[contains(text(), \"catalogItemmcfvj\")]"}
COMMAND: GET /session/4113d6d129359fd9dc4ee692ed3652ac/element/f.7E3A8558AA8FB2FD891CA09AA9D59AAC.d.3CB1572E166A205C62B50ADC7156A564.e.2020/text - {}
RESULT: {}
RESULT: undefined
COMMAND: POST /session/4113d6d129359fd9dc4ee692ed3652ac/element - {"using":"xpath","value":"//*[@id=\"__button33\"]"}
RESULT: {"using":"xpath","value":"//*[@id=\"__button33\"]"}
COMMAND: POST /session/4113d6d129359fd9dc4ee692ed3652ac/element/f.7E3A8558AA8FB2FD891CA09AA9D59AAC.d.3CB1572E166A205C62B50ADC7156A564.e.2021/click - {}
RESULT: {}
COMMAND: GET /session/4113d6d129359fd9dc4ee692ed3652ac/screenshot - {}
RESULT: {}
COMMAND: POST /session/4113d6d129359fd9dc4ee692ed3652ac/execute/async - {"script":"<script> [1562 bytes]","args":[{"selector":{"id":"application-managecatalogs-display-component---detailCatalog--BASE_UNIT_OF_MEASURE-arrow"},"wdio_ui5_key":"applicationmanagecatalogs-display-component---detailCatalog--BASE_UNIT_OF_MEASURE-arrow"}]}
RESULT: {"script":"<script> [1562 bytes]","args":[{"selector":{"id":"application-managecatalogs-display-component---detailCatalog--BASE_UNIT_OF_MEASURE-arrow"},"wdio_ui5_key":"applicationmanagecatalogs-display-component---detailCatalog--BASE_UNIT_OF_MEASURE-arrow"}]}
RESULT: undefined
COMMAND: POST /session/4113d6d129359fd9dc4ee692ed3652ac/element - {"using":"xpath","value":"//*[@id=\"application-managecatalogs-display-component---detailCatalog--BASE_UNIT_OF_MEASURE-arrow\"]"}
RESULT: {"using":"xpath","value":"//*[@id=\"application-managecatalogs-display-component---detailCatalog--BASE_UNIT_OF_MEASURE-arrow\"]"}
COMMAND: POST /session/4113d6d129359fd9dc4ee692ed3652ac/element/f.7E3A8558AA8FB2FD891CA09AA9D59AAC.d.3CB1572E166A205C62B50ADC7156A564.e.2047/click - {}
RESULT: {}
COMMAND: GET /session/4113d6d129359fd9dc4ee692ed3652ac/screenshot - {}
RESULT: {}
COMMAND: POST /session/4113d6d129359fd9dc4ee692ed3652ac/execute/async - {"script":"<script> [1562 bytes]","args":[{"selector":{"controlType":"sap.m.StandardListItem","viewName":"etm.portal.ui.managecatalogs.view.Detail","viewId":"application-managecatalogs-display-component---detailCatalog","properties":{"title":"Piece"},"searchOpenDialogs":true,"interaction":{"idSuffix":"titleText"}},"wdio_ui5_key":"etmportal.ui.managecatalogs.view.Detailsap.m.StandardListItem{\"title\":\"Piece\"}"}]}
RESULT: {"script":"<script> [1562 bytes]","args":[{"selector":{"controlType":"sap.m.StandardListItem","viewName":"etm.portal.ui.managecatalogs.view.Detail","viewId":"application-managecatalogs-display-component---detailCatalog","properties":{"title":"Piece"},"searchOpenDialogs":true,"interaction":{"idSuffix":"titleText"}},"wdio_ui5_key":"etmportal.ui.managecatalogs.view.Detailsap.m.StandardListItem{\"title\":\"Piece\"}"}]}
RESULT: undefined
COMMAND: POST /session/4113d6d129359fd9dc4ee692ed3652ac/element - {"using":"xpath","value":"//*[@id=\"__item219\"]"}
RESULT: {"using":"xpath","value":"//*[@id=\"__item219\"]"}
COMMAND: POST /session/4113d6d129359fd9dc4ee692ed3652ac/element/f.7E3A8558AA8FB2FD891CA09AA9D59AAC.d.3CB1572E166A205C62B50ADC7156A564.e.2051/click - {}
RESULT: {}
COMMAND: POST /session/4113d6d129359fd9dc4ee692ed3652ac/execute/async - {"script":"<script> [1562 bytes]","args":[{"selector":{"id":"application-managecatalogs-display-component---detailCatalog--ObjectPageLayout-anchBar-application-managecatalogs-display-component---detailCatalog--sectionValues-anchor","interaction":{"idSuffix":"BDI-content"}},"wdio_ui5_key":"applicationmanagecatalogs-display-component---detailCatalog--ObjectPageLayout-anchBar-application-managecatalogs-display-component---detailCatalog--sectionValues-anchor"}]}
COMMAND: GET /session/4113d6d129359fd9dc4ee692ed3652ac/screenshot - {}
RESULT: {"script":"<script> [1562 bytes]","args":[{"selector":{"id":"application-managecatalogs-display-component---detailCatalog--ObjectPageLayout-anchBar-application-managecatalogs-display-component---detailCatalog--sectionValues-anchor","interaction":{"idSuffix":"BDI-content"}},"wdio_ui5_key":"applicationmanagecatalogs-display-component---detailCatalog--ObjectPageLayout-anchBar-application-managecatalogs-display-component---detailCatalog--sectionValues-anchor"}]}
RESULT: undefined
COMMAND: POST /session/4113d6d129359fd9dc4ee692ed3652ac/element - {"using":"xpath","value":"//*[@id=\"application-managecatalogs-display-component---detailCatalog--ObjectPageLayout-anchBar-application-managecatalogs-display-component---detailCatalog--sectionValues-anchor\"]"}
RESULT: {}
RESULT: {"using":"xpath","value":"//*[@id=\"application-managecatalogs-display-component---detailCatalog--ObjectPageLayout-anchBar-application-managecatalogs-display-component---detailCatalog--sectionValues-anchor\"]"}
COMMAND: POST /session/4113d6d129359fd9dc4ee692ed3652ac/element/f.7E3A8558AA8FB2FD891CA09AA9D59AAC.d.3CB1572E166A205C62B50ADC7156A564.e.2053/click - {}
RESULT: {}
COMMAND: GET /session/4113d6d129359fd9dc4ee692ed3652ac/screenshot - {}
RESULT: {}
COMMAND: POST /session/4113d6d129359fd9dc4ee692ed3652ac/execute/async - {"script":"<script> [1562 bytes]","args":[{"selector":{"controlType":"sap.ui.core.Icon","viewName":"etm.portal.ui.managecatalogs.view.Detail","viewId":"application-managecatalogs-display-component---detailCatalog","properties":{"src":{"regex":{"source":"add"}}},"ancestor":{"id":"application-managecatalogs-display-component---detailCatalog--ValuesTable"}},"wdio_ui5_key":"etmportal.ui.managecatalogs.view.Detailsap.ui.core.Icon{\"src\":{\"regex\":{\"source\":\"add\"}}}{\"id\":\"application-managecatalogs-display-component---detailCatalog--ValuesTable\"}"}]}
RESULT: {"script":"<script> [1562 bytes]","args":[{"selector":{"controlType":"sap.ui.core.Icon","viewName":"etm.portal.ui.managecatalogs.view.Detail","viewId":"application-managecatalogs-display-component---detailCatalog","properties":{"src":{"regex":{"source":"add"}}},"ancestor":{"id":"application-managecatalogs-display-component---detailCatalog--ValuesTable"}},"wdio_ui5_key":"etmportal.ui.managecatalogs.view.Detailsap.ui.core.Icon{\"src\":{\"regex\":{\"source\":\"add\"}}}{\"id\":\"application-managecatalogs-display-component---detailCatalog--ValuesTable\"}"}]}
RESULT: undefined
COMMAND: POST /session/4113d6d129359fd9dc4ee692ed3652ac/element - {"using":"xpath","value":"//*[@id=\"__button45-img\"]"}
RESULT: {"using":"xpath","value":"//*[@id=\"__button45-img\"]"}
COMMAND: POST /session/4113d6d129359fd9dc4ee692ed3652ac/element/f.7E3A8558AA8FB2FD891CA09AA9D59AAC.d.3CB1572E166A205C62B50ADC7156A564.e.2058/click - {}
RESULT: {}
RESULT: undefined
COMMAND: POST /session/4113d6d129359fd9dc4ee692ed3652ac/element - {"using":"xpath","value":"//*[@id=\"__button45-img\"]"}
COMMAND: GET /session/4113d6d129359fd9dc4ee692ed3652ac/screenshot - {}
RESULT: {"using":"xpath","value":"//*[@id=\"__button45-img\"]"}
COMMAND: POST /session/4113d6d129359fd9dc4ee692ed3652ac/element/f.7E3A8558AA8FB2FD891CA09AA9D59AAC.d.3CB1572E166A205C62B50ADC7156A564.e.2058/click - {}
RESULT: {}
RESULT: {}
COMMAND: POST /session/4113d6d129359fd9dc4ee692ed3652ac/element - {"using":"xpath","value":"(//input[contains(@id ,\"application-managecatalogs-display-component---detailCatalog--ValuesTable-0-inner\")])[1]"}
COMMAND: GET /session/4113d6d129359fd9dc4ee692ed3652ac/screenshot - {}
RESULT: {"using":"xpath","value":"(//input[contains(@id ,\"application-managecatalogs-display-component---detailCatalog--ValuesTable-0-inner\")])[1]"}
COMMAND: POST /session/4113d6d129359fd9dc4ee692ed3652ac/element/f.7E3A8558AA8FB2FD891CA09AA9D59AAC.d.3CB1572E166A205C62B50ADC7156A564.e.2061/clear - {}
RESULT: {}
RESULT: {}
COMMAND: POST /session/4113d6d129359fd9dc4ee692ed3652ac/element/f.7E3A8558AA8FB2FD891CA09AA9D59AAC.d.3CB1572E166A205C62B50ADC7156A564.e.2061/value - {"text":"D&I catalog price"}
COMMAND: GET /session/4113d6d129359fd9dc4ee692ed3652ac/screenshot - {}
RESULT: {"text":"D&I catalog price"}
COMMAND: GET /session/4113d6d129359fd9dc4ee692ed3652ac/screenshot - {}
RESULT: {}
RESULT: {}
COMMAND: POST /session/4113d6d129359fd9dc4ee692ed3652ac/actions - {"actions":[{"id":"action10","type":"key","parameters":{},"actions":[{"type":"keyDown","value":"î€‡"},{"type":"pause","duration":10},{"type":"keyUp","value":"î€‡"}]}]}
RESULT: {"actions":[{"id":"action10","type":"key","parameters":{},"actions":[{"type":"keyDown","value":"î€‡"},{"type":"pause","duration":10},{"type":"keyUp","value":"î€‡"}]}]}
COMMAND: POST /session/4113d6d129359fd9dc4ee692ed3652ac/element - {"using":"xpath","value":"(//input[contains(@id ,\"application-managecatalogs-display-component---detailCatalog--ValuesTable-1-inner\")])[1]"}
COMMAND: GET /session/4113d6d129359fd9dc4ee692ed3652ac/screenshot - {}
RESULT: {"using":"xpath","value":"(//input[contains(@id ,\"application-managecatalogs-display-component---detailCatalog--ValuesTable-1-inner\")])[1]"}
COMMAND: POST /session/4113d6d129359fd9dc4ee692ed3652ac/element/f.7E3A8558AA8FB2FD891CA09AA9D59AAC.d.3CB1572E166A205C62B50ADC7156A564.e.2085/clear - {}
RESULT: {}
RESULT: {}
COMMAND: POST /session/4113d6d129359fd9dc4ee692ed3652ac/element/f.7E3A8558AA8FB2FD891CA09AA9D59AAC.d.3CB1572E166A205C62B50ADC7156A564.e.2085/value - {"text":"D&I catalog price"}
COMMAND: GET /session/4113d6d129359fd9dc4ee692ed3652ac/screenshot - {}
RESULT: {"text":"D&I catalog price"}
COMMAND: GET /session/4113d6d129359fd9dc4ee692ed3652ac/screenshot - {}
RESULT: {}
RESULT: {}
COMMAND: POST /session/4113d6d129359fd9dc4ee692ed3652ac/actions - {"actions":[{"id":"action11","type":"key","parameters":{},"actions":[{"type":"keyDown","value":"î€‡"},{"type":"pause","duration":10},{"type":"keyUp","value":"î€‡"}]}]}
RESULT: {"actions":[{"id":"action11","type":"key","parameters":{},"actions":[{"type":"keyDown","value":"î€‡"},{"type":"pause","duration":10},{"type":"keyUp","value":"î€‡"}]}]}
COMMAND: POST /session/4113d6d129359fd9dc4ee692ed3652ac/execute/async - {"script":"<script> [1562 bytes]","args":[{"selector":{"controlType":"sap.m.Button","viewName":"etm.portal.ui.managecatalogs.view.Detail","viewId":"application-managecatalogs-display-component---detailCatalog","i18NText":{"propertyName":"text","key":"save"},"interaction":{"idSuffix":"BDI-content"}},"wdio_ui5_key":"etmportal.ui.managecatalogs.view.Detailsap.m.Button{\"propertyName\":\"text\",\"key\":\"save\"}"}]}
COMMAND: GET /session/4113d6d129359fd9dc4ee692ed3652ac/screenshot - {}
RESULT: {"script":"<script> [1562 bytes]","args":[{"selector":{"controlType":"sap.m.Button","viewName":"etm.portal.ui.managecatalogs.view.Detail","viewId":"application-managecatalogs-display-component---detailCatalog","i18NText":{"propertyName":"text","key":"save"},"interaction":{"idSuffix":"BDI-content"}},"wdio_ui5_key":"etmportal.ui.managecatalogs.view.Detailsap.m.Button{\"propertyName\":\"text\",\"key\":\"save\"}"}]}
RESULT: undefined
COMMAND: POST /session/4113d6d129359fd9dc4ee692ed3652ac/element - {"using":"xpath","value":"//*[@id=\"__button51\"]"}
RESULT: {}
RESULT: {"using":"xpath","value":"//*[@id=\"__button51\"]"}
COMMAND: POST /session/4113d6d129359fd9dc4ee692ed3652ac/element/f.7E3A8558AA8FB2FD891CA09AA9D59AAC.d.3CB1572E166A205C62B50ADC7156A564.e.2023/click - {}
RESULT: {}
COMMAND: GET /session/4113d6d129359fd9dc4ee692ed3652ac/screenshot - {}
RESULT: {}
COMMAND: POST /session/4113d6d129359fd9dc4ee692ed3652ac/execute/async - {"script":"<script> [1562 bytes]","args":[{"selector":{"controlType":"sap.m.Text","properties":{"text":"Existing values with the same start date!"},"searchOpenDialogs":true},"wdio_ui5_key":"sapm.Text{\"text\":\"Existing values with the same start date!\"}"}]}
RESULT: {"script":"<script> [1562 bytes]","args":[{"selector":{"controlType":"sap.m.Text","properties":{"text":"Existing values with the same start date!"},"searchOpenDialogs":true},"wdio_ui5_key":"sapm.Text{\"text\":\"Existing values with the same start date!\"}"}]}
RESULT: undefined
COMMAND: POST /session/4113d6d129359fd9dc4ee692ed3652ac/execute/async - {"script":"<script> [6424 bytes]","args":[{"element-6066-11e4-a52e-4f735466cecf":"f.7E3A8558AA8FB2FD891CA09AA9D59AAC.d.3CB1572E166A205C62B50ADC7156A564.e.2099"},"getText",[]]}
RESULT: {"script":"<script> [6424 bytes]","args":[{"element-6066-11e4-a52e-4f735466cecf":"f.7E3A8558AA8FB2FD891CA09AA9D59AAC.d.3CB1572E166A205C62B50ADC7156A564.e.2099"},"getText",[]]}
COMMAND: POST /session/4113d6d129359fd9dc4ee692ed3652ac/execute/async - {"script":"<script> [1562 bytes]","args":[{"selector":{"controlType":"sap.m.Button","properties":{"text":"OK"},"searchOpenDialogs":true,"interaction":{"idSuffix":"BDI-content"}},"wdio_ui5_key":"sapm.Button{\"text\":\"OK\"}"}]}
RESULT: {"script":"<script> [1562 bytes]","args":[{"selector":{"controlType":"sap.m.Button","properties":{"text":"OK"},"searchOpenDialogs":true,"interaction":{"idSuffix":"BDI-content"}},"wdio_ui5_key":"sapm.Button{\"text\":\"OK\"}"}]}
RESULT: undefined
COMMAND: POST /session/4113d6d129359fd9dc4ee692ed3652ac/element - {"using":"xpath","value":"//*[@id=\"__mbox-btn-0\"]"}
RESULT: {"using":"xpath","value":"//*[@id=\"__mbox-btn-0\"]"}
COMMAND: POST /session/4113d6d129359fd9dc4ee692ed3652ac/element/f.7E3A8558AA8FB2FD891CA09AA9D59AAC.d.3CB1572E166A205C62B50ADC7156A564.e.2097/click - {}
RESULT: {}
COMMAND: POST /session/4113d6d129359fd9dc4ee692ed3652ac/execute/async - {"script":"<script> [1562 bytes]","args":[{"selector":{"controlType":"sap.m.DatePicker","viewName":"etm.portal.ui.managecatalogs.view.Detail","viewId":"application-managecatalogs-display-component---detailCatalog","bindingPath":{"propertyPath":"VALID_TO","modelName":"catalogModel"},"interaction":{"idSuffix":"inner"}},"wdio_ui5_key":"etmportal.ui.managecatalogs.view.Detailsap.m.DatePicker{\"propertyPath\":\"VALID_TO\",\"modelName\":\"catalogModel\"}"}]}
COMMAND: GET /session/4113d6d129359fd9dc4ee692ed3652ac/screenshot - {}
RESULT: {"script":"<script> [1562 bytes]","args":[{"selector":{"controlType":"sap.m.DatePicker","viewName":"etm.portal.ui.managecatalogs.view.Detail","viewId":"application-managecatalogs-display-component---detailCatalog","bindingPath":{"propertyPath":"VALID_TO","modelName":"catalogModel"},"interaction":{"idSuffix":"inner"}},"wdio_ui5_key":"etmportal.ui.managecatalogs.view.Detailsap.m.DatePicker{\"propertyPath\":\"VALID_TO\",\"modelName\":\"catalogModel\"}"}]}
RESULT: undefined
COMMAND: POST /session/4113d6d129359fd9dc4ee692ed3652ac/execute/async - {"script":"<script> [776 bytes]","args":[{"enterText":"05/16/25","selector":{"controlType":"sap.m.DatePicker","viewName":"etm.portal.ui.managecatalogs.view.Detail","viewId":"application-managecatalogs-display-component---detailCatalog","bindingPath":{"propertyPath":"VALID_TO","modelName":"catalogModel"},"interaction":{"idSuffix":"inner"}},"clearTextFirst":true,"interactionType":"ENTER_TEXT"}]}
RESULT: {}
RESULT: {"script":"<script> [776 bytes]","args":[{"enterText":"05/16/25","selector":{"controlType":"sap.m.DatePicker","viewName":"etm.portal.ui.managecatalogs.view.Detail","viewId":"application-managecatalogs-display-component---detailCatalog","bindingPath":{"propertyPath":"VALID_TO","modelName":"catalogModel"},"interaction":{"idSuffix":"inner"}},"clearTextFirst":true,"interactionType":"ENTER_TEXT"}]}
COMMAND: POST /session/4113d6d129359fd9dc4ee692ed3652ac/element - {"using":"xpath","value":"(//input[contains(@id ,\"-application-managecatalogs-display-component---detailCatalog--ValuesTable-0-inner\")])[7]"}
RESULT: {"using":"xpath","value":"(//input[contains(@id ,\"-application-managecatalogs-display-component---detailCatalog--ValuesTable-0-inner\")])[7]"}
COMMAND: POST /session/4113d6d129359fd9dc4ee692ed3652ac/element/f.7E3A8558AA8FB2FD891CA09AA9D59AAC.d.3CB1572E166A205C62B50ADC7156A564.e.2067/clear - {}
RESULT: {}
COMMAND: POST /session/4113d6d129359fd9dc4ee692ed3652ac/element/f.7E3A8558AA8FB2FD891CA09AA9D59AAC.d.3CB1572E166A205C62B50ADC7156A564.e.2067/value - {"text":"05/16/25"}
COMMAND: GET /session/4113d6d129359fd9dc4ee692ed3652ac/screenshot - {}
RESULT: {"text":"05/16/25"}
COMMAND: POST /session/4113d6d129359fd9dc4ee692ed3652ac/element - {"using":"xpath","value":"(//input[contains(@id ,\"application-managecatalogs-display-component---detailCatalog--ValuesTable-1-inner\")])[6]"}
COMMAND: GET /session/4113d6d129359fd9dc4ee692ed3652ac/screenshot - {}
RESULT: {}
RESULT: {"using":"xpath","value":"(//input[contains(@id ,\"application-managecatalogs-display-component---detailCatalog--ValuesTable-1-inner\")])[6]"}
COMMAND: POST /session/4113d6d129359fd9dc4ee692ed3652ac/element/f.7E3A8558AA8FB2FD891CA09AA9D59AAC.d.3CB1572E166A205C62B50ADC7156A564.e.2090/clear - {}
RESULT: {}
RESULT: {}
COMMAND: POST /session/4113d6d129359fd9dc4ee692ed3652ac/element/f.7E3A8558AA8FB2FD891CA09AA9D59AAC.d.3CB1572E166A205C62B50ADC7156A564.e.2090/value - {"text":"05/17/25"}
COMMAND: GET /session/4113d6d129359fd9dc4ee692ed3652ac/screenshot - {}
RESULT: {"text":"05/17/25"}
COMMAND: POST /session/4113d6d129359fd9dc4ee692ed3652ac/element - {"using":"xpath","value":"//bdi[contains(text(), \"Save\")]"}
COMMAND: GET /session/4113d6d129359fd9dc4ee692ed3652ac/screenshot - {}
RESULT: {}
RESULT: {}
RESULT: {"using":"xpath","value":"//bdi[contains(text(), \"Save\")]"}
COMMAND: POST /session/4113d6d129359fd9dc4ee692ed3652ac/element/f.7E3A8558AA8FB2FD891CA09AA9D59AAC.d.3CB1572E166A205C62B50ADC7156A564.e.2096/click - {}
RESULT: {}
COMMAND: POST /session/4113d6d129359fd9dc4ee692ed3652ac/execute/async - {"script":"<script> [1562 bytes]","args":[{"selector":{"controlType":"sap.m.Title","properties":{"text":"Warning"},"searchOpenDialogs":true},"wdio_ui5_key":"sapm.Title{\"text\":\"Warning\"}"}]}
COMMAND: GET /session/4113d6d129359fd9dc4ee692ed3652ac/screenshot - {}
RESULT: {"script":"<script> [1562 bytes]","args":[{"selector":{"controlType":"sap.m.Title","properties":{"text":"Warning"},"searchOpenDialogs":true},"wdio_ui5_key":"sapm.Title{\"text\":\"Warning\"}"}]}
RESULT: undefined
COMMAND: POST /session/4113d6d129359fd9dc4ee692ed3652ac/execute/async - {"script":"<script> [6424 bytes]","args":[{"element-6066-11e4-a52e-4f735466cecf":"f.7E3A8558AA8FB2FD891CA09AA9D59AAC.d.3CB1572E166A205C62B50ADC7156A564.e.2107"},"getText",[]]}
RESULT: {}
RESULT: {"script":"<script> [6424 bytes]","args":[{"element-6066-11e4-a52e-4f735466cecf":"f.7E3A8558AA8FB2FD891CA09AA9D59AAC.d.3CB1572E166A205C62B50ADC7156A564.e.2107"},"getText",[]]}
COMMAND: POST /session/4113d6d129359fd9dc4ee692ed3652ac/execute/async - {"script":"<script> [1562 bytes]","args":[{"selector":{"controlType":"sap.m.Button","properties":{"text":"Yes"},"searchOpenDialogs":true,"interaction":{"idSuffix":"BDI-content"}},"wdio_ui5_key":"sapm.Button{\"text\":\"Yes\"}"}]}
RESULT: {"script":"<script> [1562 bytes]","args":[{"selector":{"controlType":"sap.m.Button","properties":{"text":"Yes"},"searchOpenDialogs":true,"interaction":{"idSuffix":"BDI-content"}},"wdio_ui5_key":"sapm.Button{\"text\":\"Yes\"}"}]}
RESULT: undefined
COMMAND: POST /session/4113d6d129359fd9dc4ee692ed3652ac/element - {"using":"xpath","value":"//*[@id=\"__mbox-btn-1\"]"}
RESULT: {"using":"xpath","value":"//*[@id=\"__mbox-btn-1\"]"}
COMMAND: POST /session/4113d6d129359fd9dc4ee692ed3652ac/element/f.7E3A8558AA8FB2FD891CA09AA9D59AAC.d.3CB1572E166A205C62B50ADC7156A564.e.2105/click - {}
RESULT: {}
COMMAND: GET /session/4113d6d129359fd9dc4ee692ed3652ac/screenshot - {}
RESULT: {}
COMMAND: POST /session/4113d6d129359fd9dc4ee692ed3652ac/refresh - {}
RESULT: {}
COMMAND: GET /session/4113d6d129359fd9dc4ee692ed3652ac/screenshot - {}
RESULT: {}
COMMAND: POST /session/4113d6d129359fd9dc4ee692ed3652ac/execute/async - {"script":"<script> [189 bytes]","args":[]}
RESULT: {"script":"<script> [189 bytes]","args":[]}
COMMAND: POST /session/4113d6d129359fd9dc4ee692ed3652ac/execute/async - {"script":"<script> [123 bytes]","args":[]}
RESULT: {"script":"<script> [123 bytes]","args":[]}
COMMAND: POST /session/4113d6d129359fd9dc4ee692ed3652ac/timeouts - {"script":"<number>"}
RESULT: {"script":"<number>"}
COMMAND: GET /session/4113d6d129359fd9dc4ee692ed3652ac/timeouts - {}
RESULT: {}
RESULT: undefined
COMMAND: POST /session/4113d6d129359fd9dc4ee692ed3652ac/execute/async - {"script":"<script> [2676 bytes]","args":[]}
RESULT: {"script":"<script> [2676 bytes]","args":[]}
COMMAND: POST /session/4113d6d129359fd9dc4ee692ed3652ac/execute/async - {"script":"<script> [2342 bytes]","args":[{"protocol":"http","hostname":"0.0.0.0","path":"/","capabilities":{"browserName":"chrome","goog:chromeOptions":{"binary":"C:\\Program Files\\Google\\Chrome\\Application\\chrome.exe","args":["--start-maximized"]}},"logLevel":"warn","connectionRetryTimeout":120000,"connectionRetryCount":3,"logLevels":{},"enableDirectConnect":true,"strictSSL":true,"_":"65 more keys: [\"cacheDir\",\"port\",\"requestedCapabilities\",\"automationProtocol\",\"baseUrl\",\"waitforInterval\",\"waitforTimeout\",\"onReload\",\"beforeCommand\",\"afterCommand\",\"rootDir\",\"specs\",\"suites\",\"exclude\",\"groupLogsByTestSpec\",\"excludeDriverLogs\",\"bail\",\"framework\",\"reporters\",\"services\",\"maxInstances\",\"maxInstancesPerCapability\",\"injectGlobals\",\"filesToWatch\",\"execArgv\",\"runnerEnv\",\"runner\",\"shard\",\"specFileRetries\",\"specFileRetriesDelay\",\"specFileRetriesDeferred\",\"reporterSyncInterval\",\"reporterSyncTimeout\",\"cucumberFeaturesWithLineNumbers\",\"autoCompileOpts\",\"mochaOpts\",\"jasmineOpts\",\"cucumberOpts\",\"onPrepare\",\"onWorkerStart\",\"onWorkerEnd\",\"before\",\"beforeSession\",\"beforeSuite\",\"beforeHook\",\"beforeTest\",\"afterTest\",\"afterHook\",\"afterSuite\",\"afterSession\",\"after\",\"onComplete\",\"beforeAssertion\",\"afterAssertion\",\"beforeFeature\",\"beforeScenario\",\"beforeStep\",\"afterStep\",\"afterScenario\",\"afterFeature\",\"_\",\"suite\",\"$0\",\"ignoredWorkerServices\",\"wdi5\"]"}]}
RESULT: {"script":"<script> [2342 bytes]","args":[{"protocol":"http","hostname":"0.0.0.0","path":"/","capabilities":{"browserName":"chrome","goog:chromeOptions":{"binary":"C:\\Program Files\\Google\\Chrome\\Application\\chrome.exe","args":["--start-maximized"]}},"logLevel":"warn","connectionRetryTimeout":120000,"connectionRetryCount":3,"logLevels":{},"enableDirectConnect":true,"strictSSL":true,"_":"65 more keys: [\"cacheDir\",\"port\",\"requestedCapabilities\",\"automationProtocol\",\"baseUrl\",\"waitforInterval\",\"waitforTimeout\",\"onReload\",\"beforeCommand\",\"afterCommand\",\"rootDir\",\"specs\",\"suites\",\"exclude\",\"groupLogsByTestSpec\",\"excludeDriverLogs\",\"bail\",\"framework\",\"reporters\",\"services\",\"maxInstances\",\"maxInstancesPerCapability\",\"injectGlobals\",\"filesToWatch\",\"execArgv\",\"runnerEnv\",\"runner\",\"shard\",\"specFileRetries\",\"specFileRetriesDelay\",\"specFileRetriesDeferred\",\"reporterSyncInterval\",\"reporterSyncTimeout\",\"cucumberFeaturesWithLineNumbers\",\"autoCompileOpts\",\"mochaOpts\",\"jasmineOpts\",\"cucumberOpts\",\"onPrepare\",\"onWorkerStart\",\"onWorkerEnd\",\"before\",\"beforeSession\",\"beforeSuite\",\"beforeHook\",\"beforeTest\",\"afterTest\",\"afterHook\",\"afterSuite\",\"afterSession\",\"after\",\"onComplete\",\"beforeAssertion\",\"afterAssertion\",\"beforeFeature\",\"beforeScenario\",\"beforeStep\",\"afterStep\",\"afterScenario\",\"afterFeature\",\"_\",\"suite\",\"$0\",\"ignoredWorkerServices\",\"wdi5\"]"}]}
COMMAND: POST /session/4113d6d129359fd9dc4ee692ed3652ac/execute/async - {"script":"<script> [21126 bytes]","args":[35000]}
RESULT: {"script":"<script> [21126 bytes]","args":[35000]}
COMMAND: POST /session/4113d6d129359fd9dc4ee692ed3652ac/execute/async - {"script":"<script> [1562 bytes]","args":[{"selector":{"id":"application-managecatalogs-display-component---detailCatalog--ValuesSmartTable-header"},"wdio_ui5_key":"applicationmanagecatalogs-display-component---detailCatalog--ValuesSmartTable-header"}]}
RESULT: {"script":"<script> [1562 bytes]","args":[{"selector":{"id":"application-managecatalogs-display-component---detailCatalog--ValuesSmartTable-header"},"wdio_ui5_key":"applicationmanagecatalogs-display-component---detailCatalog--ValuesSmartTable-header"}]}
RESULT: undefined
COMMAND: POST /session/4113d6d129359fd9dc4ee692ed3652ac/execute/async - {"script":"<script> [6424 bytes]","args":[{"element-6066-11e4-a52e-4f735466cecf":"f.7E3A8558AA8FB2FD891CA09AA9D59AAC.d.21E9526E1CEF9FDD464636F2E27004B1.e.2189"},"getText",[]]}
RESULT: {"script":"<script> [6424 bytes]","args":[{"element-6066-11e4-a52e-4f735466cecf":"f.7E3A8558AA8FB2FD891CA09AA9D59AAC.d.21E9526E1CEF9FDD464636F2E27004B1.e.2189"},"getText",[]]}
COMMAND: POST /session/4113d6d129359fd9dc4ee692ed3652ac/execute/async - {"script":"<script> [1562 bytes]","args":[{"selector":{"controlType":"sap.m.Button","viewName":"etm.portal.ui.managecatalogs.view.Detail","viewId":"application-managecatalogs-display-component---detailCatalog","i18NText":{"propertyName":"text","key":"edit"},"interaction":{"idSuffix":"BDI-content"}},"wdio_ui5_key":"etmportal.ui.managecatalogs.view.Detailsap.m.Button{\"propertyName\":\"text\",\"key\":\"edit\"}"}]}
RESULT: {"script":"<script> [1562 bytes]","args":[{"selector":{"controlType":"sap.m.Button","viewName":"etm.portal.ui.managecatalogs.view.Detail","viewId":"application-managecatalogs-display-component---detailCatalog","i18NText":{"propertyName":"text","key":"edit"},"interaction":{"idSuffix":"BDI-content"}},"wdio_ui5_key":"etmportal.ui.managecatalogs.view.Detailsap.m.Button{\"propertyName\":\"text\",\"key\":\"edit\"}"}]}
RESULT: undefined
COMMAND: POST /session/4113d6d129359fd9dc4ee692ed3652ac/element - {"using":"xpath","value":"//*[@id=\"__button25\"]"}
RESULT: {"using":"xpath","value":"//*[@id=\"__button25\"]"}
COMMAND: POST /session/4113d6d129359fd9dc4ee692ed3652ac/element/f.7E3A8558AA8FB2FD891CA09AA9D59AAC.d.21E9526E1CEF9FDD464636F2E27004B1.e.2191/click - {}
RESULT: {}
COMMAND: POST /session/4113d6d129359fd9dc4ee692ed3652ac/execute/async - {"script":"<script> [1562 bytes]","args":[{"selector":{"id":"application-managecatalogs-display-component---detailCatalog--ObjectPageLayout-anchBar-application-managecatalogs-display-component---detailCatalog--sectionValues-anchor","interaction":{"idSuffix":"BDI-content"}},"wdio_ui5_key":"applicationmanagecatalogs-display-component---detailCatalog--ObjectPageLayout-anchBar-application-managecatalogs-display-component---detailCatalog--sectionValues-anchor"}]}
COMMAND: GET /session/4113d6d129359fd9dc4ee692ed3652ac/screenshot - {}
RESULT: {"script":"<script> [1562 bytes]","args":[{"selector":{"id":"application-managecatalogs-display-component---detailCatalog--ObjectPageLayout-anchBar-application-managecatalogs-display-component---detailCatalog--sectionValues-anchor","interaction":{"idSuffix":"BDI-content"}},"wdio_ui5_key":"applicationmanagecatalogs-display-component---detailCatalog--ObjectPageLayout-anchBar-application-managecatalogs-display-component---detailCatalog--sectionValues-anchor"}]}
RESULT: undefined
COMMAND: POST /session/4113d6d129359fd9dc4ee692ed3652ac/element - {"using":"xpath","value":"//*[@id=\"application-managecatalogs-display-component---detailCatalog--ObjectPageLayout-anchBar-application-managecatalogs-display-component---detailCatalog--sectionValues-anchor\"]"}
RESULT: {}
RESULT: {"using":"xpath","value":"//*[@id=\"application-managecatalogs-display-component---detailCatalog--ObjectPageLayout-anchBar-application-managecatalogs-display-component---detailCatalog--sectionValues-anchor\"]"}
COMMAND: POST /session/4113d6d129359fd9dc4ee692ed3652ac/element/f.7E3A8558AA8FB2FD891CA09AA9D59AAC.d.21E9526E1CEF9FDD464636F2E27004B1.e.2230/click - {}
RESULT: {}
COMMAND: GET /session/4113d6d129359fd9dc4ee692ed3652ac/screenshot - {}
RESULT: {}
COMMAND: POST /session/4113d6d129359fd9dc4ee692ed3652ac/execute/async - {"script":"<script> [1562 bytes]","args":[{"selector":{"id":"application-managecatalogs-display-component---detailCatalog--ValuesTable-sa","interaction":{"idSuffix":"CbBg"}},"wdio_ui5_key":"applicationmanagecatalogs-display-component---detailCatalog--ValuesTable-sa"}]}
RESULT: {"script":"<script> [1562 bytes]","args":[{"selector":{"id":"application-managecatalogs-display-component---detailCatalog--ValuesTable-sa","interaction":{"idSuffix":"CbBg"}},"wdio_ui5_key":"applicationmanagecatalogs-display-component---detailCatalog--ValuesTable-sa"}]}
RESULT: undefined
COMMAND: POST /session/4113d6d129359fd9dc4ee692ed3652ac/element - {"using":"xpath","value":"//*[@id=\"application-managecatalogs-display-component---detailCatalog--ValuesTable-sa\"]"}
RESULT: {"using":"xpath","value":"//*[@id=\"application-managecatalogs-display-component---detailCatalog--ValuesTable-sa\"]"}
COMMAND: POST /session/4113d6d129359fd9dc4ee692ed3652ac/element/f.7E3A8558AA8FB2FD891CA09AA9D59AAC.d.21E9526E1CEF9FDD464636F2E27004B1.e.2236/click - {}
RESULT: {}
COMMAND: POST /session/4113d6d129359fd9dc4ee692ed3652ac/execute/async - {"script":"<script> [1562 bytes]","args":[{"selector":{"controlType":"sap.ui.core.Icon","viewName":"etm.portal.ui.managecatalogs.view.Detail","viewId":"application-managecatalogs-display-component---detailCatalog","properties":{"src":{"regex":{"source":"delete"}}},"ancestor":{"id":"application-managecatalogs-display-component---detailCatalog--ValuesTable"}},"wdio_ui5_key":"etmportal.ui.managecatalogs.view.Detailsap.ui.core.Icon{\"src\":{\"regex\":{\"source\":\"delete\"}}}{\"id\":\"application-managecatalogs-display-component---detailCatalog--ValuesTable\"}"}]}
COMMAND: GET /session/4113d6d129359fd9dc4ee692ed3652ac/screenshot - {}
RESULT: {"script":"<script> [1562 bytes]","args":[{"selector":{"controlType":"sap.ui.core.Icon","viewName":"etm.portal.ui.managecatalogs.view.Detail","viewId":"application-managecatalogs-display-component---detailCatalog","properties":{"src":{"regex":{"source":"delete"}}},"ancestor":{"id":"application-managecatalogs-display-component---detailCatalog--ValuesTable"}},"wdio_ui5_key":"etmportal.ui.managecatalogs.view.Detailsap.ui.core.Icon{\"src\":{\"regex\":{\"source\":\"delete\"}}}{\"id\":\"application-managecatalogs-display-component---detailCatalog--ValuesTable\"}"}]}
RESULT: undefined
COMMAND: POST /session/4113d6d129359fd9dc4ee692ed3652ac/element - {"using":"xpath","value":"//*[@id=\"__button36-img\"]"}
RESULT: {}
RESULT: {"using":"xpath","value":"//*[@id=\"__button36-img\"]"}
COMMAND: POST /session/4113d6d129359fd9dc4ee692ed3652ac/element/f.7E3A8558AA8FB2FD891CA09AA9D59AAC.d.21E9526E1CEF9FDD464636F2E27004B1.e.2237/click - {}
RESULT: {}
COMMAND: POST /session/4113d6d129359fd9dc4ee692ed3652ac/execute/async - {"script":"<script> [1562 bytes]","args":[{"selector":{"controlType":"sap.m.Button","properties":{"text":"Yes"},"searchOpenDialogs":true,"interaction":{"idSuffix":"BDI-content"}},"wdio_ui5_key":"sapm.Button{\"text\":\"Yes\"}"}]}
COMMAND: GET /session/4113d6d129359fd9dc4ee692ed3652ac/screenshot - {}
RESULT: {"script":"<script> [1562 bytes]","args":[{"selector":{"controlType":"sap.m.Button","properties":{"text":"Yes"},"searchOpenDialogs":true,"interaction":{"idSuffix":"BDI-content"}},"wdio_ui5_key":"sapm.Button{\"text\":\"Yes\"}"}]}
RESULT: undefined
COMMAND: POST /session/4113d6d129359fd9dc4ee692ed3652ac/element - {"using":"xpath","value":"//*[@id=\"__mbox-btn-0\"]"}
RESULT: {}
RESULT: {"using":"xpath","value":"//*[@id=\"__mbox-btn-0\"]"}
COMMAND: POST /session/4113d6d129359fd9dc4ee692ed3652ac/element/f.7E3A8558AA8FB2FD891CA09AA9D59AAC.d.21E9526E1CEF9FDD464636F2E27004B1.e.2239/click - {}
RESULT: {}
COMMAND: GET /session/4113d6d129359fd9dc4ee692ed3652ac/screenshot - {}
RESULT: {}
COMMAND: POST /session/4113d6d129359fd9dc4ee692ed3652ac/execute/async - {"script":"<script> [1562 bytes]","args":[{"selector":{"controlType":"sap.m.Button","viewName":"etm.portal.ui.managecatalogs.view.Detail","viewId":"application-managecatalogs-display-component---detailCatalog","i18NText":{"propertyName":"text","key":"save"},"interaction":{"idSuffix":"BDI-content"}},"wdio_ui5_key":"etmportal.ui.managecatalogs.view.Detailsap.m.Button{\"propertyName\":\"text\",\"key\":\"save\"}"}]}
RESULT: {"script":"<script> [1562 bytes]","args":[{"selector":{"controlType":"sap.m.Button","viewName":"etm.portal.ui.managecatalogs.view.Detail","viewId":"application-managecatalogs-display-component---detailCatalog","i18NText":{"propertyName":"text","key":"save"},"interaction":{"idSuffix":"BDI-content"}},"wdio_ui5_key":"etmportal.ui.managecatalogs.view.Detailsap.m.Button{\"propertyName\":\"text\",\"key\":\"save\"}"}]}
RESULT: undefined
COMMAND: POST /session/4113d6d129359fd9dc4ee692ed3652ac/element - {"using":"xpath","value":"//*[@id=\"__button43\"]"}
RESULT: {"using":"xpath","value":"//*[@id=\"__button43\"]"}
COMMAND: POST /session/4113d6d129359fd9dc4ee692ed3652ac/element/f.7E3A8558AA8FB2FD891CA09AA9D59AAC.d.21E9526E1CEF9FDD464636F2E27004B1.e.2244/click - {}
RESULT: {}
COMMAND: GET /session/4113d6d129359fd9dc4ee692ed3652ac/screenshot - {}
RESULT: {}
RESULT: undefined
COMMAND: POST /session/4113d6d129359fd9dc4ee692ed3652ac/element - {"using":"xpath","value":"//*[@id=\"__button25\"]"}
RESULT: {"using":"xpath","value":"//*[@id=\"__button25\"]"}
COMMAND: POST /session/4113d6d129359fd9dc4ee692ed3652ac/element/f.7E3A8558AA8FB2FD891CA09AA9D59AAC.d.21E9526E1CEF9FDD464636F2E27004B1.e.2245/click - {}
RESULT: {}
COMMAND: GET /session/4113d6d129359fd9dc4ee692ed3652ac/screenshot - {}
RESULT: {}
RESULT: undefined
COMMAND: POST /session/4113d6d129359fd9dc4ee692ed3652ac/element - {"using":"xpath","value":"//*[@id=\"application-managecatalogs-display-component---detailCatalog--ObjectPageLayout-anchBar-application-managecatalogs-display-component---detailCatalog--sectionValues-anchor\"]"}
RESULT: {"using":"xpath","value":"//*[@id=\"application-managecatalogs-display-component---detailCatalog--ObjectPageLayout-anchBar-application-managecatalogs-display-component---detailCatalog--sectionValues-anchor\"]"}
COMMAND: POST /session/4113d6d129359fd9dc4ee692ed3652ac/element/f.7E3A8558AA8FB2FD891CA09AA9D59AAC.d.21E9526E1CEF9FDD464636F2E27004B1.e.2272/click - {}
RESULT: {}
COMMAND: GET /session/4113d6d129359fd9dc4ee692ed3652ac/screenshot - {}
RESULT: {}
COMMAND: POST /session/4113d6d129359fd9dc4ee692ed3652ac/execute/async - {"script":"<script> [1562 bytes]","args":[{"selector":{"controlType":"sap.ui.core.Icon","viewName":"etm.portal.ui.managecatalogs.view.Detail","viewId":"application-managecatalogs-display-component---detailCatalog","properties":{"src":{"regex":{"source":"add"}}},"ancestor":{"id":"application-managecatalogs-display-component---detailCatalog--ValuesTable"}},"wdio_ui5_key":"etmportal.ui.managecatalogs.view.Detailsap.ui.core.Icon{\"src\":{\"regex\":{\"source\":\"add\"}}}{\"id\":\"application-managecatalogs-display-component---detailCatalog--ValuesTable\"}"}]}
RESULT: {"script":"<script> [1562 bytes]","args":[{"selector":{"controlType":"sap.ui.core.Icon","viewName":"etm.portal.ui.managecatalogs.view.Detail","viewId":"application-managecatalogs-display-component---detailCatalog","properties":{"src":{"regex":{"source":"add"}}},"ancestor":{"id":"application-managecatalogs-display-component---detailCatalog--ValuesTable"}},"wdio_ui5_key":"etmportal.ui.managecatalogs.view.Detailsap.ui.core.Icon{\"src\":{\"regex\":{\"source\":\"add\"}}}{\"id\":\"application-managecatalogs-display-component---detailCatalog--ValuesTable\"}"}]}
RESULT: undefined
COMMAND: POST /session/4113d6d129359fd9dc4ee692ed3652ac/element - {"using":"xpath","value":"//*[@id=\"__button37-img\"]"}
RESULT: {"using":"xpath","value":"//*[@id=\"__button37-img\"]"}
COMMAND: POST /session/4113d6d129359fd9dc4ee692ed3652ac/element/f.7E3A8558AA8FB2FD891CA09AA9D59AAC.d.21E9526E1CEF9FDD464636F2E27004B1.e.2274/click - {}
RESULT: {}
RESULT: undefined
COMMAND: POST /session/4113d6d129359fd9dc4ee692ed3652ac/element - {"using":"xpath","value":"//*[@id=\"__button37-img\"]"}
COMMAND: GET /session/4113d6d129359fd9dc4ee692ed3652ac/screenshot - {}
RESULT: {"using":"xpath","value":"//*[@id=\"__button37-img\"]"}
COMMAND: POST /session/4113d6d129359fd9dc4ee692ed3652ac/element/f.7E3A8558AA8FB2FD891CA09AA9D59AAC.d.21E9526E1CEF9FDD464636F2E27004B1.e.2274/click - {}
RESULT: {}
RESULT: {}
COMMAND: POST /session/4113d6d129359fd9dc4ee692ed3652ac/element - {"using":"xpath","value":"(//input[contains(@id ,\"application-managecatalogs-display-component---detailCatalog--ValuesTable-0-inner\")])[1]"}
COMMAND: GET /session/4113d6d129359fd9dc4ee692ed3652ac/screenshot - {}
RESULT: {"using":"xpath","value":"(//input[contains(@id ,\"application-managecatalogs-display-component---detailCatalog--ValuesTable-0-inner\")])[1]"}
COMMAND: POST /session/4113d6d129359fd9dc4ee692ed3652ac/element/f.7E3A8558AA8FB2FD891CA09AA9D59AAC.d.21E9526E1CEF9FDD464636F2E27004B1.e.2277/clear - {}
RESULT: {}
RESULT: {}
COMMAND: POST /session/4113d6d129359fd9dc4ee692ed3652ac/element/f.7E3A8558AA8FB2FD891CA09AA9D59AAC.d.21E9526E1CEF9FDD464636F2E27004B1.e.2277/value - {"text":"D&I catalog price"}
COMMAND: GET /session/4113d6d129359fd9dc4ee692ed3652ac/screenshot - {}
RESULT: {"text":"D&I catalog price"}
COMMAND: GET /session/4113d6d129359fd9dc4ee692ed3652ac/screenshot - {}
RESULT: {}
RESULT: {}
COMMAND: POST /session/4113d6d129359fd9dc4ee692ed3652ac/actions - {"actions":[{"id":"action12","type":"key","parameters":{},"actions":[{"type":"keyDown","value":"î€‡"},{"type":"pause","duration":10},{"type":"keyUp","value":"î€‡"}]}]}
RESULT: {"actions":[{"id":"action12","type":"key","parameters":{},"actions":[{"type":"keyDown","value":"î€‡"},{"type":"pause","duration":10},{"type":"keyUp","value":"î€‡"}]}]}
COMMAND: POST /session/4113d6d129359fd9dc4ee692ed3652ac/element - {"using":"xpath","value":"(//input[contains(@id ,\"application-managecatalogs-display-component---detailCatalog--ValuesTable-1-inner\")])[1]"}
COMMAND: GET /session/4113d6d129359fd9dc4ee692ed3652ac/screenshot - {}
RESULT: {"using":"xpath","value":"(//input[contains(@id ,\"application-managecatalogs-display-component---detailCatalog--ValuesTable-1-inner\")])[1]"}
COMMAND: POST /session/4113d6d129359fd9dc4ee692ed3652ac/element/f.7E3A8558AA8FB2FD891CA09AA9D59AAC.d.21E9526E1CEF9FDD464636F2E27004B1.e.2291/clear - {}
RESULT: {}
RESULT: {}
COMMAND: POST /session/4113d6d129359fd9dc4ee692ed3652ac/element/f.7E3A8558AA8FB2FD891CA09AA9D59AAC.d.21E9526E1CEF9FDD464636F2E27004B1.e.2291/value - {"text":"D&I catalog price"}
COMMAND: GET /session/4113d6d129359fd9dc4ee692ed3652ac/screenshot - {}
RESULT: {"text":"D&I catalog price"}
COMMAND: GET /session/4113d6d129359fd9dc4ee692ed3652ac/screenshot - {}
RESULT: {}
RESULT: {}
COMMAND: POST /session/4113d6d129359fd9dc4ee692ed3652ac/actions - {"actions":[{"id":"action13","type":"key","parameters":{},"actions":[{"type":"keyDown","value":"î€‡"},{"type":"pause","duration":10},{"type":"keyUp","value":"î€‡"}]}]}
RESULT: {"actions":[{"id":"action13","type":"key","parameters":{},"actions":[{"type":"keyDown","value":"î€‡"},{"type":"pause","duration":10},{"type":"keyUp","value":"î€‡"}]}]}
COMMAND: POST /session/4113d6d129359fd9dc4ee692ed3652ac/element - {"using":"xpath","value":"(//input[contains(@id ,\"application-managecatalogs-display-component---detailCatalog--ValuesTable-0-inner\")])[8]"}
COMMAND: GET /session/4113d6d129359fd9dc4ee692ed3652ac/screenshot - {}
RESULT: {"using":"xpath","value":"(//input[contains(@id ,\"application-managecatalogs-display-component---detailCatalog--ValuesTable-0-inner\")])[8]"}
COMMAND: POST /session/4113d6d129359fd9dc4ee692ed3652ac/element/f.7E3A8558AA8FB2FD891CA09AA9D59AAC.d.21E9526E1CEF9FDD464636F2E27004B1.e.2284/clear - {}
RESULT: {}
RESULT: {}
COMMAND: POST /session/4113d6d129359fd9dc4ee692ed3652ac/element/f.7E3A8558AA8FB2FD891CA09AA9D59AAC.d.21E9526E1CEF9FDD464636F2E27004B1.e.2284/value - {"text":"101"}
COMMAND: GET /session/4113d6d129359fd9dc4ee692ed3652ac/screenshot - {}
RESULT: {"text":"101"}
COMMAND: GET /session/4113d6d129359fd9dc4ee692ed3652ac/screenshot - {}
RESULT: {}
RESULT: {}
COMMAND: POST /session/4113d6d129359fd9dc4ee692ed3652ac/actions - {"actions":[{"id":"action14","type":"key","parameters":{},"actions":[{"type":"keyDown","value":"î€‡"},{"type":"pause","duration":10},{"type":"keyUp","value":"î€‡"}]}]}
RESULT: {"actions":[{"id":"action14","type":"key","parameters":{},"actions":[{"type":"keyDown","value":"î€‡"},{"type":"pause","duration":10},{"type":"keyUp","value":"î€‡"}]}]}
COMMAND: POST /session/4113d6d129359fd9dc4ee692ed3652ac/element - {"using":"xpath","value":"(//input[contains(@id ,\"application-managecatalogs-display-component---detailCatalog--ValuesTable-1-inner\")])[8]"}
COMMAND: GET /session/4113d6d129359fd9dc4ee692ed3652ac/screenshot - {}
RESULT: {"using":"xpath","value":"(//input[contains(@id ,\"application-managecatalogs-display-component---detailCatalog--ValuesTable-1-inner\")])[8]"}
COMMAND: POST /session/4113d6d129359fd9dc4ee692ed3652ac/element/f.7E3A8558AA8FB2FD891CA09AA9D59AAC.d.21E9526E1CEF9FDD464636F2E27004B1.e.2298/clear - {}
RESULT: {}
RESULT: {}
COMMAND: POST /session/4113d6d129359fd9dc4ee692ed3652ac/element/f.7E3A8558AA8FB2FD891CA09AA9D59AAC.d.21E9526E1CEF9FDD464636F2E27004B1.e.2298/value - {"text":"101"}
COMMAND: GET /session/4113d6d129359fd9dc4ee692ed3652ac/screenshot - {}
RESULT: {"text":"101"}
COMMAND: GET /session/4113d6d129359fd9dc4ee692ed3652ac/screenshot - {}
RESULT: {}
RESULT: {}
COMMAND: POST /session/4113d6d129359fd9dc4ee692ed3652ac/actions - {"actions":[{"id":"action15","type":"key","parameters":{},"actions":[{"type":"keyDown","value":"î€‡"},{"type":"pause","duration":10},{"type":"keyUp","value":"î€‡"}]}]}
RESULT: {"actions":[{"id":"action15","type":"key","parameters":{},"actions":[{"type":"keyDown","value":"î€‡"},{"type":"pause","duration":10},{"type":"keyUp","value":"î€‡"}]}]}
RESULT: undefined
COMMAND: POST /session/4113d6d129359fd9dc4ee692ed3652ac/element - {"using":"xpath","value":"//*[@id=\"__button43\"]"}
COMMAND: GET /session/4113d6d129359fd9dc4ee692ed3652ac/screenshot - {}
RESULT: {"using":"xpath","value":"//*[@id=\"__button43\"]"}
COMMAND: POST /session/4113d6d129359fd9dc4ee692ed3652ac/element/f.7E3A8558AA8FB2FD891CA09AA9D59AAC.d.21E9526E1CEF9FDD464636F2E27004B1.e.2265/click - {}
RESULT: {}
RESULT: {}
COMMAND: POST /session/4113d6d129359fd9dc4ee692ed3652ac/execute/async - {"script":"<script> [1562 bytes]","args":[{"selector":{"controlType":"sap.m.Text","properties":{"text":"Existing values with the same start date!"},"searchOpenDialogs":true},"wdio_ui5_key":"sapm.Text{\"text\":\"Existing values with the same start date!\"}"}]}
COMMAND: GET /session/4113d6d129359fd9dc4ee692ed3652ac/screenshot - {}
RESULT: {"script":"<script> [1562 bytes]","args":[{"selector":{"controlType":"sap.m.Text","properties":{"text":"Existing values with the same start date!"},"searchOpenDialogs":true},"wdio_ui5_key":"sapm.Text{\"text\":\"Existing values with the same start date!\"}"}]}
RESULT: undefined
COMMAND: POST /session/4113d6d129359fd9dc4ee692ed3652ac/execute/async - {"script":"<script> [6424 bytes]","args":[{"element-6066-11e4-a52e-4f735466cecf":"f.7E3A8558AA8FB2FD891CA09AA9D59AAC.d.21E9526E1CEF9FDD464636F2E27004B1.e.2323"},"getText",[]]}
RESULT: {}
RESULT: {"script":"<script> [6424 bytes]","args":[{"element-6066-11e4-a52e-4f735466cecf":"f.7E3A8558AA8FB2FD891CA09AA9D59AAC.d.21E9526E1CEF9FDD464636F2E27004B1.e.2323"},"getText",[]]}
COMMAND: POST /session/4113d6d129359fd9dc4ee692ed3652ac/execute/async - {"script":"<script> [1562 bytes]","args":[{"selector":{"controlType":"sap.m.Button","properties":{"text":"OK"},"searchOpenDialogs":true,"interaction":{"idSuffix":"BDI-content"}},"wdio_ui5_key":"sapm.Button{\"text\":\"OK\"}"}]}
RESULT: {"script":"<script> [1562 bytes]","args":[{"selector":{"controlType":"sap.m.Button","properties":{"text":"OK"},"searchOpenDialogs":true,"interaction":{"idSuffix":"BDI-content"}},"wdio_ui5_key":"sapm.Button{\"text\":\"OK\"}"}]}
RESULT: undefined
COMMAND: POST /session/4113d6d129359fd9dc4ee692ed3652ac/element - {"using":"xpath","value":"//*[@id=\"__mbox-btn-2\"]"}
RESULT: {"using":"xpath","value":"//*[@id=\"__mbox-btn-2\"]"}
COMMAND: POST /session/4113d6d129359fd9dc4ee692ed3652ac/element/f.7E3A8558AA8FB2FD891CA09AA9D59AAC.d.21E9526E1CEF9FDD464636F2E27004B1.e.2321/click - {}
RESULT: {}
COMMAND: POST /session/4113d6d129359fd9dc4ee692ed3652ac/element - {"using":"xpath","value":"(//input[contains(@id ,\"application-managecatalogs-display-component---detailCatalog--ValuesTable-0-inner\")])[8]"}
COMMAND: GET /session/4113d6d129359fd9dc4ee692ed3652ac/screenshot - {}
RESULT: {"using":"xpath","value":"(//input[contains(@id ,\"application-managecatalogs-display-component---detailCatalog--ValuesTable-0-inner\")])[8]"}
COMMAND: POST /session/4113d6d129359fd9dc4ee692ed3652ac/element/f.7E3A8558AA8FB2FD891CA09AA9D59AAC.d.21E9526E1CEF9FDD464636F2E27004B1.e.2284/clear - {}
RESULT: {}
RESULT: {}
COMMAND: POST /session/4113d6d129359fd9dc4ee692ed3652ac/element/f.7E3A8558AA8FB2FD891CA09AA9D59AAC.d.21E9526E1CEF9FDD464636F2E27004B1.e.2284/value - {"text":"102"}
COMMAND: GET /session/4113d6d129359fd9dc4ee692ed3652ac/screenshot - {}
RESULT: {"text":"102"}
COMMAND: GET /session/4113d6d129359fd9dc4ee692ed3652ac/screenshot - {}
RESULT: {}
RESULT: {}
COMMAND: POST /session/4113d6d129359fd9dc4ee692ed3652ac/actions - {"actions":[{"id":"action16","type":"key","parameters":{},"actions":[{"type":"keyDown","value":"î€‡"},{"type":"pause","duration":10},{"type":"keyUp","value":"î€‡"}]}]}
RESULT: {"actions":[{"id":"action16","type":"key","parameters":{},"actions":[{"type":"keyDown","value":"î€‡"},{"type":"pause","duration":10},{"type":"keyUp","value":"î€‡"}]}]}
COMMAND: GET /session/4113d6d129359fd9dc4ee692ed3652ac/screenshot - {}
RESULT: {}
RESULT: undefined
COMMAND: POST /session/4113d6d129359fd9dc4ee692ed3652ac/element - {"using":"xpath","value":"//*[@id=\"__button43\"]"}
RESULT: {"using":"xpath","value":"//*[@id=\"__button43\"]"}
COMMAND: POST /session/4113d6d129359fd9dc4ee692ed3652ac/element/f.7E3A8558AA8FB2FD891CA09AA9D59AAC.d.21E9526E1CEF9FDD464636F2E27004B1.e.2265/click - {}
RESULT: {}
COMMAND: GET /session/4113d6d129359fd9dc4ee692ed3652ac/screenshot - {}
RESULT: {}
COMMAND: POST /session/4113d6d129359fd9dc4ee692ed3652ac/refresh - {}
RESULT: {}
COMMAND: GET /session/4113d6d129359fd9dc4ee692ed3652ac/screenshot - {}
RESULT: {}
COMMAND: POST /session/4113d6d129359fd9dc4ee692ed3652ac/execute/async - {"script":"<script> [189 bytes]","args":[]}
RESULT: {"script":"<script> [189 bytes]","args":[]}
COMMAND: POST /session/4113d6d129359fd9dc4ee692ed3652ac/execute/async - {"script":"<script> [123 bytes]","args":[]}
RESULT: {"script":"<script> [123 bytes]","args":[]}
COMMAND: POST /session/4113d6d129359fd9dc4ee692ed3652ac/timeouts - {"script":"<number>"}
RESULT: {"script":"<number>"}
COMMAND: GET /session/4113d6d129359fd9dc4ee692ed3652ac/timeouts - {}
RESULT: {}
RESULT: undefined
COMMAND: POST /session/4113d6d129359fd9dc4ee692ed3652ac/execute/async - {"script":"<script> [2676 bytes]","args":[]}
RESULT: {"script":"<script> [2676 bytes]","args":[]}
COMMAND: POST /session/4113d6d129359fd9dc4ee692ed3652ac/execute/async - {"script":"<script> [2342 bytes]","args":[{"protocol":"http","hostname":"0.0.0.0","path":"/","capabilities":{"browserName":"chrome","goog:chromeOptions":{"binary":"C:\\Program Files\\Google\\Chrome\\Application\\chrome.exe","args":["--start-maximized"]}},"logLevel":"warn","connectionRetryTimeout":120000,"connectionRetryCount":3,"logLevels":{},"enableDirectConnect":true,"strictSSL":true,"_":"65 more keys: [\"cacheDir\",\"port\",\"requestedCapabilities\",\"automationProtocol\",\"baseUrl\",\"waitforInterval\",\"waitforTimeout\",\"onReload\",\"beforeCommand\",\"afterCommand\",\"rootDir\",\"specs\",\"suites\",\"exclude\",\"groupLogsByTestSpec\",\"excludeDriverLogs\",\"bail\",\"framework\",\"reporters\",\"services\",\"maxInstances\",\"maxInstancesPerCapability\",\"injectGlobals\",\"filesToWatch\",\"execArgv\",\"runnerEnv\",\"runner\",\"shard\",\"specFileRetries\",\"specFileRetriesDelay\",\"specFileRetriesDeferred\",\"reporterSyncInterval\",\"reporterSyncTimeout\",\"cucumberFeaturesWithLineNumbers\",\"autoCompileOpts\",\"mochaOpts\",\"jasmineOpts\",\"cucumberOpts\",\"onPrepare\",\"onWorkerStart\",\"onWorkerEnd\",\"before\",\"beforeSession\",\"beforeSuite\",\"beforeHook\",\"beforeTest\",\"afterTest\",\"afterHook\",\"afterSuite\",\"afterSession\",\"after\",\"onComplete\",\"beforeAssertion\",\"afterAssertion\",\"beforeFeature\",\"beforeScenario\",\"beforeStep\",\"afterStep\",\"afterScenario\",\"afterFeature\",\"_\",\"suite\",\"$0\",\"ignoredWorkerServices\",\"wdi5\"]"}]}
RESULT: {"script":"<script> [2342 bytes]","args":[{"protocol":"http","hostname":"0.0.0.0","path":"/","capabilities":{"browserName":"chrome","goog:chromeOptions":{"binary":"C:\\Program Files\\Google\\Chrome\\Application\\chrome.exe","args":["--start-maximized"]}},"logLevel":"warn","connectionRetryTimeout":120000,"connectionRetryCount":3,"logLevels":{},"enableDirectConnect":true,"strictSSL":true,"_":"65 more keys: [\"cacheDir\",\"port\",\"requestedCapabilities\",\"automationProtocol\",\"baseUrl\",\"waitforInterval\",\"waitforTimeout\",\"onReload\",\"beforeCommand\",\"afterCommand\",\"rootDir\",\"specs\",\"suites\",\"exclude\",\"groupLogsByTestSpec\",\"excludeDriverLogs\",\"bail\",\"framework\",\"reporters\",\"services\",\"maxInstances\",\"maxInstancesPerCapability\",\"injectGlobals\",\"filesToWatch\",\"execArgv\",\"runnerEnv\",\"runner\",\"shard\",\"specFileRetries\",\"specFileRetriesDelay\",\"specFileRetriesDeferred\",\"reporterSyncInterval\",\"reporterSyncTimeout\",\"cucumberFeaturesWithLineNumbers\",\"autoCompileOpts\",\"mochaOpts\",\"jasmineOpts\",\"cucumberOpts\",\"onPrepare\",\"onWorkerStart\",\"onWorkerEnd\",\"before\",\"beforeSession\",\"beforeSuite\",\"beforeHook\",\"beforeTest\",\"afterTest\",\"afterHook\",\"afterSuite\",\"afterSession\",\"after\",\"onComplete\",\"beforeAssertion\",\"afterAssertion\",\"beforeFeature\",\"beforeScenario\",\"beforeStep\",\"afterStep\",\"afterScenario\",\"afterFeature\",\"_\",\"suite\",\"$0\",\"ignoredWorkerServices\",\"wdi5\"]"}]}
COMMAND: POST /session/4113d6d129359fd9dc4ee692ed3652ac/execute/async - {"script":"<script> [21126 bytes]","args":[35000]}
RESULT: {"script":"<script> [21126 bytes]","args":[35000]}
COMMAND: POST /session/4113d6d129359fd9dc4ee692ed3652ac/execute/async - {"script":"<script> [1562 bytes]","args":[{"selector":{"id":"application-managecatalogs-display-component---detailCatalog--ValuesSmartTable-header"},"wdio_ui5_key":"applicationmanagecatalogs-display-component---detailCatalog--ValuesSmartTable-header"}]}
RESULT: {"script":"<script> [1562 bytes]","args":[{"selector":{"id":"application-managecatalogs-display-component---detailCatalog--ValuesSmartTable-header"},"wdio_ui5_key":"applicationmanagecatalogs-display-component---detailCatalog--ValuesSmartTable-header"}]}
RESULT: undefined
COMMAND: POST /session/4113d6d129359fd9dc4ee692ed3652ac/execute/async - {"script":"<script> [6424 bytes]","args":[{"element-6066-11e4-a52e-4f735466cecf":"f.7E3A8558AA8FB2FD891CA09AA9D59AAC.d.F97F6EA8D56154FFE5C46AA454D587B9.e.2400"},"getText",[]]}
RESULT: {"script":"<script> [6424 bytes]","args":[{"element-6066-11e4-a52e-4f735466cecf":"f.7E3A8558AA8FB2FD891CA09AA9D59AAC.d.F97F6EA8D56154FFE5C46AA454D587B9.e.2400"},"getText",[]]}
COMMAND: POST /session/4113d6d129359fd9dc4ee692ed3652ac/element - {"using":"css selector","value":"#shell-header-logo"}
RESULT: {"using":"css selector","value":"#shell-header-logo"}
COMMAND: POST /session/4113d6d129359fd9dc4ee692ed3652ac/element/f.7E3A8558AA8FB2FD891CA09AA9D59AAC.d.F97F6EA8D56154FFE5C46AA454D587B9.e.2356/click - {}
RESULT: {}
COMMAND: GET /session/4113d6d129359fd9dc4ee692ed3652ac/screenshot - {}
RESULT: {}
]]></system-out>
    </testcase>
  </testsuite>
  <testsuite timestamp="2025-05-15T18:28:57" time="374.743" tests="4" failures="0" errors="0" skipped="0">
    <properties>
      <property name="specId" value="0" />
      <property name="suiteName" value="Verify RU inventory split cost information US139363" />
      <property name="capabilities" value="chrome.136_0_7103_93.windows" />
      <property name="file" value="file:///D:/a/1/s/test/specs/R2C/verify-ru-inventory-split-cost-information.spec.js" />
    </properties>
    <testcase classname="chrome.136_0_7103_93.windows.Verify_RU_inventory_split_cost_information_US139363" name="Should create a new contract" time="92.458">
      <system-out><![CDATA[
COMMAND: POST /session/4113d6d129359fd9dc4ee692ed3652ac/execute/async - {"script":"<script> [1562 bytes]","args":[{"selector":{"controlType":"sap.m.GenericTile","properties":{"header":"Manage Contracts"}},"wdio_ui5_key":"sapm.GenericTile{\"header\":\"Manage Contracts\"}"}]}
RESULT: {"script":"<script> [1562 bytes]","args":[{"selector":{"controlType":"sap.m.GenericTile","properties":{"header":"Manage Contracts"}},"wdio_ui5_key":"sapm.GenericTile{\"header\":\"Manage Contracts\"}"}]}
RESULT: undefined
COMMAND: POST /session/4113d6d129359fd9dc4ee692ed3652ac/element - {"using":"xpath","value":"//*[@id=\"__tile132\"]"}
RESULT: {"using":"xpath","value":"//*[@id=\"__tile132\"]"}
COMMAND: POST /session/4113d6d129359fd9dc4ee692ed3652ac/element/f.7E3A8558AA8FB2FD891CA09AA9D59AAC.d.F97F6EA8D56154FFE5C46AA454D587B9.e.2419/click - {}
RESULT: {}
COMMAND: GET /session/4113d6d129359fd9dc4ee692ed3652ac/screenshot - {}
RESULT: {}
COMMAND: POST /session/4113d6d129359fd9dc4ee692ed3652ac/elements - {"using":"xpath","value":"//span[text()='Error']"}
RESULT: {"using":"xpath","value":"//span[text()='Error']"}
COMMAND: POST /session/4113d6d129359fd9dc4ee692ed3652ac/element - {"using":"xpath","value":"//button[@data-kt=\"addButton\"]"}
RESULT: {"using":"xpath","value":"//button[@data-kt=\"addButton\"]"}
COMMAND: POST /session/4113d6d129359fd9dc4ee692ed3652ac/element/f.7E3A8558AA8FB2FD891CA09AA9D59AAC.d.F97F6EA8D56154FFE5C46AA454D587B9.e.2468/click - {}
RESULT: {}
COMMAND: GET /session/4113d6d129359fd9dc4ee692ed3652ac/screenshot - {}
RESULT: {}
COMMAND: POST /session/4113d6d129359fd9dc4ee692ed3652ac/execute/async - {"script":"<script> [1562 bytes]","args":[{"selector":{"id":"application-managecontracts-display-component---AddNewContract--projectDescription","interaction":{"idSuffix":"inner"}},"wdio_ui5_key":"applicationmanagecontracts-display-component---AddNewContract--projectDescription"}]}
RESULT: {"script":"<script> [1562 bytes]","args":[{"selector":{"id":"application-managecontracts-display-component---AddNewContract--projectDescription","interaction":{"idSuffix":"inner"}},"wdio_ui5_key":"applicationmanagecontracts-display-component---AddNewContract--projectDescription"}]}
RESULT: undefined
COMMAND: POST /session/4113d6d129359fd9dc4ee692ed3652ac/execute/async - {"script":"<script> [776 bytes]","args":[{"enterText":"WdIOR2crunm2","selector":{"id":"application-managecontracts-display-component---AddNewContract--projectDescription","interaction":{"idSuffix":"inner"}},"clearTextFirst":true,"interactionType":"ENTER_TEXT"}]}
RESULT: {"script":"<script> [776 bytes]","args":[{"enterText":"WdIOR2crunm2","selector":{"id":"application-managecontracts-display-component---AddNewContract--projectDescription","interaction":{"idSuffix":"inner"}},"clearTextFirst":true,"interactionType":"ENTER_TEXT"}]}
COMMAND: POST /session/4113d6d129359fd9dc4ee692ed3652ac/element - {"using":"xpath","value":"//input[@id=\"application-managecontracts-display-component---AddNewContract--yardId-inner\"]"}
RESULT: {"using":"xpath","value":"//input[@id=\"application-managecontracts-display-component---AddNewContract--yardId-inner\"]"}
COMMAND: POST /session/4113d6d129359fd9dc4ee692ed3652ac/element/f.7E3A8558AA8FB2FD891CA09AA9D59AAC.d.F97F6EA8D56154FFE5C46AA454D587B9.e.2770/clear - {}
RESULT: {}
COMMAND: POST /session/4113d6d129359fd9dc4ee692ed3652ac/element/f.7E3A8558AA8FB2FD891CA09AA9D59AAC.d.F97F6EA8D56154FFE5C46AA454D587B9.e.2770/value - {"text":"webdriveryard"}
COMMAND: GET /session/4113d6d129359fd9dc4ee692ed3652ac/screenshot - {}
RESULT: {"text":"webdriveryard"}
COMMAND: GET /session/4113d6d129359fd9dc4ee692ed3652ac/screenshot - {}
RESULT: {}
RESULT: {}
COMMAND: POST /session/4113d6d129359fd9dc4ee692ed3652ac/actions - {"actions":[{"id":"action17","type":"key","parameters":{},"actions":[{"type":"keyDown","value":"î€‡"},{"type":"pause","duration":10},{"type":"keyUp","value":"î€‡"}]}]}
RESULT: {"actions":[{"id":"action17","type":"key","parameters":{},"actions":[{"type":"keyDown","value":"î€‡"},{"type":"pause","duration":10},{"type":"keyUp","value":"î€‡"}]}]}
COMMAND: GET /session/4113d6d129359fd9dc4ee692ed3652ac/screenshot - {}
RESULT: {}
COMMAND: POST /session/4113d6d129359fd9dc4ee692ed3652ac/element - {"using":"xpath","value":"//input[@id=\"application-managecontracts-display-component---AddNewContract--customerSelect-inner\"]"}
RESULT: {"using":"xpath","value":"//input[@id=\"application-managecontracts-display-component---AddNewContract--customerSelect-inner\"]"}
COMMAND: POST /session/4113d6d129359fd9dc4ee692ed3652ac/element/f.7E3A8558AA8FB2FD891CA09AA9D59AAC.d.F97F6EA8D56154FFE5C46AA454D587B9.e.2768/clear - {}
RESULT: {}
COMMAND: POST /session/4113d6d129359fd9dc4ee692ed3652ac/element/f.7E3A8558AA8FB2FD891CA09AA9D59AAC.d.F97F6EA8D56154FFE5C46AA454D587B9.e.2768/value - {"text":"webdriverpartner"}
COMMAND: GET /session/4113d6d129359fd9dc4ee692ed3652ac/screenshot - {}
RESULT: {"text":"webdriverpartner"}
COMMAND: GET /session/4113d6d129359fd9dc4ee692ed3652ac/screenshot - {}
RESULT: {}
RESULT: {}
COMMAND: POST /session/4113d6d129359fd9dc4ee692ed3652ac/actions - {"actions":[{"id":"action18","type":"key","parameters":{},"actions":[{"type":"keyDown","value":"î€‡"},{"type":"pause","duration":10},{"type":"keyUp","value":"î€‡"}]}]}
RESULT: {"actions":[{"id":"action18","type":"key","parameters":{},"actions":[{"type":"keyDown","value":"î€‡"},{"type":"pause","duration":10},{"type":"keyUp","value":"î€‡"}]}]}
COMMAND: GET /session/4113d6d129359fd9dc4ee692ed3652ac/screenshot - {}
RESULT: {}
COMMAND: POST /session/4113d6d129359fd9dc4ee692ed3652ac/element - {"using":"xpath","value":"//input[@id=\"application-managecontracts-display-component---AddNewContract--site-inner\"]"}
RESULT: {"using":"xpath","value":"//input[@id=\"application-managecontracts-display-component---AddNewContract--site-inner\"]"}
COMMAND: POST /session/4113d6d129359fd9dc4ee692ed3652ac/element/f.7E3A8558AA8FB2FD891CA09AA9D59AAC.d.F97F6EA8D56154FFE5C46AA454D587B9.e.2769/clear - {}
RESULT: {}
COMMAND: POST /session/4113d6d129359fd9dc4ee692ed3652ac/element/f.7E3A8558AA8FB2FD891CA09AA9D59AAC.d.F97F6EA8D56154FFE5C46AA454D587B9.e.2769/value - {"text":"Webdriversite"}
COMMAND: GET /session/4113d6d129359fd9dc4ee692ed3652ac/screenshot - {}
RESULT: {"text":"Webdriversite"}
COMMAND: GET /session/4113d6d129359fd9dc4ee692ed3652ac/screenshot - {}
RESULT: {}
RESULT: {}
COMMAND: POST /session/4113d6d129359fd9dc4ee692ed3652ac/actions - {"actions":[{"id":"action19","type":"key","parameters":{},"actions":[{"type":"keyDown","value":"î€‡"},{"type":"pause","duration":10},{"type":"keyUp","value":"î€‡"}]}]}
RESULT: {"actions":[{"id":"action19","type":"key","parameters":{},"actions":[{"type":"keyDown","value":"î€‡"},{"type":"pause","duration":10},{"type":"keyUp","value":"î€‡"}]}]}
COMMAND: GET /session/4113d6d129359fd9dc4ee692ed3652ac/screenshot - {}
RESULT: {}
COMMAND: POST /session/4113d6d129359fd9dc4ee692ed3652ac/element - {"using":"xpath","value":"//button[@data-kt=\"saveButton\"]"}
RESULT: {"using":"xpath","value":"//button[@data-kt=\"saveButton\"]"}
COMMAND: POST /session/4113d6d129359fd9dc4ee692ed3652ac/element/f.7E3A8558AA8FB2FD891CA09AA9D59AAC.d.F97F6EA8D56154FFE5C46AA454D587B9.e.2804/click - {}
RESULT: {}
COMMAND: GET /session/4113d6d129359fd9dc4ee692ed3652ac/screenshot - {}
RESULT: {}
COMMAND: POST /session/4113d6d129359fd9dc4ee692ed3652ac/execute/async - {"script":"<script> [1562 bytes]","args":[{"selector":{"id":"contractDetailTitleNoExpanded","viewName":"etm.portal.ui.managecontracts.view.Detail"},"wdio_ui5_key":"contractDetailTitleNoExpandedetmportal.ui.managecontracts.view.Detail"}]}
RESULT: {"script":"<script> [1562 bytes]","args":[{"selector":{"id":"contractDetailTitleNoExpanded","viewName":"etm.portal.ui.managecontracts.view.Detail"},"wdio_ui5_key":"contractDetailTitleNoExpandedetmportal.ui.managecontracts.view.Detail"}]}
RESULT: undefined
COMMAND: POST /session/4113d6d129359fd9dc4ee692ed3652ac/execute/async - {"script":"<script> [6424 bytes]","args":[{"element-6066-11e4-a52e-4f735466cecf":"f.7E3A8558AA8FB2FD891CA09AA9D59AAC.d.F97F6EA8D56154FFE5C46AA454D587B9.e.2817"},"getText",[]]}
RESULT: {"script":"<script> [6424 bytes]","args":[{"element-6066-11e4-a52e-4f735466cecf":"f.7E3A8558AA8FB2FD891CA09AA9D59AAC.d.F97F6EA8D56154FFE5C46AA454D587B9.e.2817"},"getText",[]]}
COMMAND: POST /session/4113d6d129359fd9dc4ee692ed3652ac/element - {"using":"css selector","value":"#shell-header-logo"}
RESULT: {"using":"css selector","value":"#shell-header-logo"}
COMMAND: POST /session/4113d6d129359fd9dc4ee692ed3652ac/element/f.7E3A8558AA8FB2FD891CA09AA9D59AAC.d.F97F6EA8D56154FFE5C46AA454D587B9.e.2421/click - {}
RESULT: {}
COMMAND: GET /session/4113d6d129359fd9dc4ee692ed3652ac/screenshot - {}
RESULT: {}
]]></system-out>
    </testcase>
    <testcase classname="chrome.136_0_7103_93.windows.Verify_RU_inventory_split_cost_information_US139363" name="Should create a new equipment" time="113.944">
      <system-out><![CDATA[
COMMAND: POST /session/4113d6d129359fd9dc4ee692ed3652ac/execute/async - {"script":"<script> [1562 bytes]","args":[{"selector":{"controlType":"sap.m.GenericTile","properties":{"header":"Manage Resources"}},"wdio_ui5_key":"sapm.GenericTile{\"header\":\"Manage Resources\"}"}]}
RESULT: {"script":"<script> [1562 bytes]","args":[{"selector":{"controlType":"sap.m.GenericTile","properties":{"header":"Manage Resources"}},"wdio_ui5_key":"sapm.GenericTile{\"header\":\"Manage Resources\"}"}]}
RESULT: undefined
COMMAND: POST /session/4113d6d129359fd9dc4ee692ed3652ac/element - {"using":"xpath","value":"//*[@id=\"__tile39\"]"}
RESULT: {"using":"xpath","value":"//*[@id=\"__tile39\"]"}
COMMAND: POST /session/4113d6d129359fd9dc4ee692ed3652ac/element/f.7E3A8558AA8FB2FD891CA09AA9D59AAC.d.F97F6EA8D56154FFE5C46AA454D587B9.e.2820/click - {}
RESULT: {}
COMMAND: GET /session/4113d6d129359fd9dc4ee692ed3652ac/screenshot - {}
RESULT: {}
COMMAND: POST /session/4113d6d129359fd9dc4ee692ed3652ac/elements - {"using":"xpath","value":"//span[text()='Error']"}
RESULT: {"using":"xpath","value":"//span[text()='Error']"}
COMMAND: POST /session/4113d6d129359fd9dc4ee692ed3652ac/element - {"using":"xpath","value":"//button[@data-kt=\"addNewRUOverflowToolbarButton\"]"}
RESULT: {"using":"xpath","value":"//button[@data-kt=\"addNewRUOverflowToolbarButton\"]"}
COMMAND: POST /session/4113d6d129359fd9dc4ee692ed3652ac/execute/sync - {"script":"<script> [8489 bytes]","args":[{"element-6066-11e4-a52e-4f735466cecf":"f.7E3A8558AA8FB2FD891CA09AA9D59AAC.d.F97F6EA8D56154FFE5C46AA454D587B9.e.2863","ELEMENT":"f.7E3A8558AA8FB2FD891CA09AA9D59AAC.d.F97F6EA8D56154FFE5C46AA454D587B9.e.2863"}]}
RESULT: {"script":"<script> [8489 bytes]","args":[{"element-6066-11e4-a52e-4f735466cecf":"f.7E3A8558AA8FB2FD891CA09AA9D59AAC.d.F97F6EA8D56154FFE5C46AA454D587B9.e.2863","ELEMENT":"f.7E3A8558AA8FB2FD891CA09AA9D59AAC.d.F97F6EA8D56154FFE5C46AA454D587B9.e.2863"}]}
COMMAND: POST /session/4113d6d129359fd9dc4ee692ed3652ac/element/f.7E3A8558AA8FB2FD891CA09AA9D59AAC.d.F97F6EA8D56154FFE5C46AA454D587B9.e.2863/click - {}
COMMAND: GET /session/4113d6d129359fd9dc4ee692ed3652ac/screenshot - {}
RESULT: {}
COMMAND: GET /session/4113d6d129359fd9dc4ee692ed3652ac/screenshot - {}
RESULT: {}
RESULT: {}
COMMAND: POST /session/4113d6d129359fd9dc4ee692ed3652ac/execute/async - {"script":"<script> [1562 bytes]","args":[{"selector":{"id":"application-manageresources-display-component---newResourceUnit--TYPE-arrow"},"wdio_ui5_key":"applicationmanageresources-display-component---newResourceUnit--TYPE-arrow"}]}
RESULT: {"script":"<script> [1562 bytes]","args":[{"selector":{"id":"application-manageresources-display-component---newResourceUnit--TYPE-arrow"},"wdio_ui5_key":"applicationmanageresources-display-component---newResourceUnit--TYPE-arrow"}]}
RESULT: undefined
COMMAND: POST /session/4113d6d129359fd9dc4ee692ed3652ac/element - {"using":"xpath","value":"//*[@id=\"application-manageresources-display-component---newResourceUnit--TYPE-arrow\"]"}
RESULT: {"using":"xpath","value":"//*[@id=\"application-manageresources-display-component---newResourceUnit--TYPE-arrow\"]"}
COMMAND: POST /session/4113d6d129359fd9dc4ee692ed3652ac/element/f.7E3A8558AA8FB2FD891CA09AA9D59AAC.d.F97F6EA8D56154FFE5C46AA454D587B9.e.3190/click - {}
RESULT: {}
COMMAND: POST /session/4113d6d129359fd9dc4ee692ed3652ac/execute/async - {"script":"<script> [1562 bytes]","args":[{"selector":{"controlType":"sap.m.StandardListItem","viewName":"reusables.view.manageresources.NewResourceUnit","viewId":"application-manageresources-display-component---newResourceUnit","properties":{"title":"Equipment"},"searchOpenDialogs":true,"interaction":{"idSuffix":"content"}},"wdio_ui5_key":"reusablesview.manageresources.NewResourceUnitsap.m.StandardListItem{\"title\":\"Equipment\"}"}]}
COMMAND: GET /session/4113d6d129359fd9dc4ee692ed3652ac/screenshot - {}
RESULT: {"script":"<script> [1562 bytes]","args":[{"selector":{"controlType":"sap.m.StandardListItem","viewName":"reusables.view.manageresources.NewResourceUnit","viewId":"application-manageresources-display-component---newResourceUnit","properties":{"title":"Equipment"},"searchOpenDialogs":true,"interaction":{"idSuffix":"content"}},"wdio_ui5_key":"reusablesview.manageresources.NewResourceUnitsap.m.StandardListItem{\"title\":\"Equipment\"}"}]}
RESULT: undefined
COMMAND: POST /session/4113d6d129359fd9dc4ee692ed3652ac/element - {"using":"xpath","value":"//*[@id=\"__item1492\"]"}
RESULT: {}
RESULT: {"using":"xpath","value":"//*[@id=\"__item1492\"]"}
COMMAND: POST /session/4113d6d129359fd9dc4ee692ed3652ac/element/f.7E3A8558AA8FB2FD891CA09AA9D59AAC.d.F97F6EA8D56154FFE5C46AA454D587B9.e.3193/click - {}
RESULT: {}
COMMAND: POST /session/4113d6d129359fd9dc4ee692ed3652ac/execute/async - {"script":"<script> [1562 bytes]","args":[{"selector":{"id":"application-manageresources-display-component---newResourceUnit--resourceId","interaction":{"idSuffix":"inner"}},"wdio_ui5_key":"applicationmanageresources-display-component---newResourceUnit--resourceId"}]}
COMMAND: GET /session/4113d6d129359fd9dc4ee692ed3652ac/screenshot - {}
RESULT: {}
RESULT: {"script":"<script> [1562 bytes]","args":[{"selector":{"id":"application-manageresources-display-component---newResourceUnit--resourceId","interaction":{"idSuffix":"inner"}},"wdio_ui5_key":"applicationmanageresources-display-component---newResourceUnit--resourceId"}]}
RESULT: undefined
COMMAND: POST /session/4113d6d129359fd9dc4ee692ed3652ac/execute/async - {"script":"<script> [776 bytes]","args":[{"enterText":"WdIOR2cEquip1lmd8","selector":{"id":"application-manageresources-display-component---newResourceUnit--resourceId","interaction":{"idSuffix":"inner"}},"clearTextFirst":true,"interactionType":"ENTER_TEXT"}]}
RESULT: {"script":"<script> [776 bytes]","args":[{"enterText":"WdIOR2cEquip1lmd8","selector":{"id":"application-manageresources-display-component---newResourceUnit--resourceId","interaction":{"idSuffix":"inner"}},"clearTextFirst":true,"interactionType":"ENTER_TEXT"}]}
COMMAND: POST /session/4113d6d129359fd9dc4ee692ed3652ac/execute/async - {"script":"<script> [1562 bytes]","args":[{"selector":{"id":"application-manageresources-display-component---newResourceUnit--SHORT_TEXT","interaction":{"idSuffix":"inner"}},"wdio_ui5_key":"applicationmanageresources-display-component---newResourceUnit--SHORT_TEXT"}]}
RESULT: {"script":"<script> [1562 bytes]","args":[{"selector":{"id":"application-manageresources-display-component---newResourceUnit--SHORT_TEXT","interaction":{"idSuffix":"inner"}},"wdio_ui5_key":"applicationmanageresources-display-component---newResourceUnit--SHORT_TEXT"}]}
RESULT: undefined
COMMAND: POST /session/4113d6d129359fd9dc4ee692ed3652ac/execute/async - {"script":"<script> [776 bytes]","args":[{"enterText":"WdIOR2cEquip1lmd8","selector":{"id":"application-manageresources-display-component---newResourceUnit--SHORT_TEXT","interaction":{"idSuffix":"inner"}},"clearTextFirst":true,"interactionType":"ENTER_TEXT"}]}
RESULT: {"script":"<script> [776 bytes]","args":[{"enterText":"WdIOR2cEquip1lmd8","selector":{"id":"application-manageresources-display-component---newResourceUnit--SHORT_TEXT","interaction":{"idSuffix":"inner"}},"clearTextFirst":true,"interactionType":"ENTER_TEXT"}]}
COMMAND: POST /session/4113d6d129359fd9dc4ee692ed3652ac/execute/async - {"script":"<script> [1562 bytes]","args":[{"selector":{"id":"application-manageresources-display-component---newResourceUnit--BASE_UNIT_OF_MEASURE","interaction":{"idSuffix":"inner"}},"wdio_ui5_key":"applicationmanageresources-display-component---newResourceUnit--BASE_UNIT_OF_MEASURE"}]}
RESULT: {"script":"<script> [1562 bytes]","args":[{"selector":{"id":"application-manageresources-display-component---newResourceUnit--BASE_UNIT_OF_MEASURE","interaction":{"idSuffix":"inner"}},"wdio_ui5_key":"applicationmanageresources-display-component---newResourceUnit--BASE_UNIT_OF_MEASURE"}]}
RESULT: undefined
COMMAND: POST /session/4113d6d129359fd9dc4ee692ed3652ac/execute/async - {"script":"<script> [776 bytes]","args":[{"enterText":"Piece","selector":{"id":"application-manageresources-display-component---newResourceUnit--BASE_UNIT_OF_MEASURE","interaction":{"idSuffix":"inner"}},"clearTextFirst":true,"interactionType":"ENTER_TEXT"}]}
RESULT: {"script":"<script> [776 bytes]","args":[{"enterText":"Piece","selector":{"id":"application-manageresources-display-component---newResourceUnit--BASE_UNIT_OF_MEASURE","interaction":{"idSuffix":"inner"}},"clearTextFirst":true,"interactionType":"ENTER_TEXT"}]}
COMMAND: POST /session/4113d6d129359fd9dc4ee692ed3652ac/execute/async - {"script":"<script> [1562 bytes]","args":[{"selector":{"id":"application-manageresources-display-component---newResourceUnit--WEIGHT_UNIT","interaction":{"idSuffix":"inner"}},"wdio_ui5_key":"applicationmanageresources-display-component---newResourceUnit--WEIGHT_UNIT"}]}
RESULT: {"script":"<script> [1562 bytes]","args":[{"selector":{"id":"application-manageresources-display-component---newResourceUnit--WEIGHT_UNIT","interaction":{"idSuffix":"inner"}},"wdio_ui5_key":"applicationmanageresources-display-component---newResourceUnit--WEIGHT_UNIT"}]}
RESULT: undefined
COMMAND: POST /session/4113d6d129359fd9dc4ee692ed3652ac/execute/async - {"script":"<script> [776 bytes]","args":[{"enterText":"Gram","selector":{"id":"application-manageresources-display-component---newResourceUnit--WEIGHT_UNIT","interaction":{"idSuffix":"inner"}},"clearTextFirst":true,"interactionType":"ENTER_TEXT"}]}
RESULT: {"script":"<script> [776 bytes]","args":[{"enterText":"Gram","selector":{"id":"application-manageresources-display-component---newResourceUnit--WEIGHT_UNIT","interaction":{"idSuffix":"inner"}},"clearTextFirst":true,"interactionType":"ENTER_TEXT"}]}
COMMAND: POST /session/4113d6d129359fd9dc4ee692ed3652ac/execute/async - {"script":"<script> [1562 bytes]","args":[{"selector":{"id":"application-manageresources-display-component---newResourceUnit--newRRUPage-OPHeaderContent-collapseBtn-img"},"wdio_ui5_key":"applicationmanageresources-display-component---newResourceUnit--newRRUPage-OPHeaderContent-collapseBtn-img"}]}
RESULT: {"script":"<script> [1562 bytes]","args":[{"selector":{"id":"application-manageresources-display-component---newResourceUnit--newRRUPage-OPHeaderContent-collapseBtn-img"},"wdio_ui5_key":"applicationmanageresources-display-component---newResourceUnit--newRRUPage-OPHeaderContent-collapseBtn-img"}]}
RESULT: undefined
COMMAND: POST /session/4113d6d129359fd9dc4ee692ed3652ac/element - {"using":"xpath","value":"//*[@id=\"application-manageresources-display-component---newResourceUnit--newRRUPage-OPHeaderContent-collapseBtn-img\"]"}
RESULT: {"using":"xpath","value":"//*[@id=\"application-manageresources-display-component---newResourceUnit--newRRUPage-OPHeaderContent-collapseBtn-img\"]"}
COMMAND: POST /session/4113d6d129359fd9dc4ee692ed3652ac/element/f.7E3A8558AA8FB2FD891CA09AA9D59AAC.d.F97F6EA8D56154FFE5C46AA454D587B9.e.3201/click - {}
RESULT: {}
COMMAND: GET /session/4113d6d129359fd9dc4ee692ed3652ac/screenshot - {}
RESULT: {}
COMMAND: POST /session/4113d6d129359fd9dc4ee692ed3652ac/element - {"using":"xpath","value":"(//span[contains(@id ,\"application-manageresources-display-component---newResourceUnit--DIMENSION_UNIT-arrow\")])[1]"}
RESULT: {"using":"xpath","value":"(//span[contains(@id ,\"application-manageresources-display-component---newResourceUnit--DIMENSION_UNIT-arrow\")])[1]"}
COMMAND: POST /session/4113d6d129359fd9dc4ee692ed3652ac/element/f.7E3A8558AA8FB2FD891CA09AA9D59AAC.d.F97F6EA8D56154FFE5C46AA454D587B9.e.3322/click - {}
RESULT: {}
COMMAND: GET /session/4113d6d129359fd9dc4ee692ed3652ac/screenshot - {}
RESULT: {}
COMMAND: POST /session/4113d6d129359fd9dc4ee692ed3652ac/execute/async - {"script":"<script> [1562 bytes]","args":[{"selector":{"controlType":"sap.m.StandardListItem","viewName":"reusables.view.manageresources.NewResourceUnit","viewId":"application-manageresources-display-component---newResourceUnit","properties":{"title":"Centimeter"},"searchOpenDialogs":true,"interaction":{"idSuffix":"titleText"}},"wdio_ui5_key":"reusablesview.manageresources.NewResourceUnitsap.m.StandardListItem{\"title\":\"Centimeter\"}"}]}
RESULT: {"script":"<script> [1562 bytes]","args":[{"selector":{"controlType":"sap.m.StandardListItem","viewName":"reusables.view.manageresources.NewResourceUnit","viewId":"application-manageresources-display-component---newResourceUnit","properties":{"title":"Centimeter"},"searchOpenDialogs":true,"interaction":{"idSuffix":"titleText"}},"wdio_ui5_key":"reusablesview.manageresources.NewResourceUnitsap.m.StandardListItem{\"title\":\"Centimeter\"}"}]}
RESULT: undefined
COMMAND: POST /session/4113d6d129359fd9dc4ee692ed3652ac/element - {"using":"xpath","value":"//*[@id=\"__item1533\"]"}
RESULT: {"using":"xpath","value":"//*[@id=\"__item1533\"]"}
COMMAND: POST /session/4113d6d129359fd9dc4ee692ed3652ac/element/f.7E3A8558AA8FB2FD891CA09AA9D59AAC.d.F97F6EA8D56154FFE5C46AA454D587B9.e.3326/click - {}
RESULT: {}
COMMAND: GET /session/4113d6d129359fd9dc4ee692ed3652ac/screenshot - {}
RESULT: {}
COMMAND: POST /session/4113d6d129359fd9dc4ee692ed3652ac/execute/async - {"script":"<script> [1562 bytes]","args":[{"selector":{"id":"application-manageresources-display-component---newResourceUnit--newRRUPage-anchBar-application-manageresources-display-component---newResourceUnit--control-anchor","interaction":{"idSuffix":"BDI-content"}},"wdio_ui5_key":"applicationmanageresources-display-component---newResourceUnit--newRRUPage-anchBar-application-manageresources-display-component---newResourceUnit--control-anchor"}]}
RESULT: {"script":"<script> [1562 bytes]","args":[{"selector":{"id":"application-manageresources-display-component---newResourceUnit--newRRUPage-anchBar-application-manageresources-display-component---newResourceUnit--control-anchor","interaction":{"idSuffix":"BDI-content"}},"wdio_ui5_key":"applicationmanageresources-display-component---newResourceUnit--newRRUPage-anchBar-application-manageresources-display-component---newResourceUnit--control-anchor"}]}
RESULT: undefined
COMMAND: POST /session/4113d6d129359fd9dc4ee692ed3652ac/element - {"using":"xpath","value":"//*[@id=\"application-manageresources-display-component---newResourceUnit--newRRUPage-anchBar-application-manageresources-display-component---newResourceUnit--control-anchor\"]"}
RESULT: {"using":"xpath","value":"//*[@id=\"application-manageresources-display-component---newResourceUnit--newRRUPage-anchBar-application-manageresources-display-component---newResourceUnit--control-anchor\"]"}
COMMAND: POST /session/4113d6d129359fd9dc4ee692ed3652ac/element/f.7E3A8558AA8FB2FD891CA09AA9D59AAC.d.F97F6EA8D56154FFE5C46AA454D587B9.e.3328/click - {}
RESULT: {}
COMMAND: POST /session/4113d6d129359fd9dc4ee692ed3652ac/execute/async - {"script":"<script> [1562 bytes]","args":[{"selector":{"id":"application-manageresources-display-component---newResourceUnit--PLANNING_GROUP","interaction":{"idSuffix":"inner"}},"wdio_ui5_key":"applicationmanageresources-display-component---newResourceUnit--PLANNING_GROUP"}]}
COMMAND: GET /session/4113d6d129359fd9dc4ee692ed3652ac/screenshot - {}
RESULT: {"script":"<script> [1562 bytes]","args":[{"selector":{"id":"application-manageresources-display-component---newResourceUnit--PLANNING_GROUP","interaction":{"idSuffix":"inner"}},"wdio_ui5_key":"applicationmanageresources-display-component---newResourceUnit--PLANNING_GROUP"}]}
RESULT: undefined
COMMAND: POST /session/4113d6d129359fd9dc4ee692ed3652ac/execute/async - {"script":"<script> [776 bytes]","args":[{"enterText":"Heavy Equi","selector":{"id":"application-manageresources-display-component---newResourceUnit--PLANNING_GROUP","interaction":{"idSuffix":"inner"}},"clearTextFirst":true,"interactionType":"ENTER_TEXT"}]}
RESULT: {}
RESULT: {"script":"<script> [776 bytes]","args":[{"enterText":"Heavy Equi","selector":{"id":"application-manageresources-display-component---newResourceUnit--PLANNING_GROUP","interaction":{"idSuffix":"inner"}},"clearTextFirst":true,"interactionType":"ENTER_TEXT"}]}
COMMAND: POST /session/4113d6d129359fd9dc4ee692ed3652ac/execute/async - {"script":"<script> [1562 bytes]","args":[{"selector":{"id":"application-manageresources-display-component---newResourceUnit--ITEM_TYPE-arrow"},"wdio_ui5_key":"applicationmanageresources-display-component---newResourceUnit--ITEM_TYPE-arrow"}]}
RESULT: {"script":"<script> [1562 bytes]","args":[{"selector":{"id":"application-manageresources-display-component---newResourceUnit--ITEM_TYPE-arrow"},"wdio_ui5_key":"applicationmanageresources-display-component---newResourceUnit--ITEM_TYPE-arrow"}]}
RESULT: undefined
COMMAND: POST /session/4113d6d129359fd9dc4ee692ed3652ac/element - {"using":"xpath","value":"//*[@id=\"application-manageresources-display-component---newResourceUnit--ITEM_TYPE-arrow\"]"}
RESULT: {"using":"xpath","value":"//*[@id=\"application-manageresources-display-component---newResourceUnit--ITEM_TYPE-arrow\"]"}
COMMAND: POST /session/4113d6d129359fd9dc4ee692ed3652ac/element/f.7E3A8558AA8FB2FD891CA09AA9D59AAC.d.F97F6EA8D56154FFE5C46AA454D587B9.e.3335/click - {}
RESULT: {}
COMMAND: POST /session/4113d6d129359fd9dc4ee692ed3652ac/execute/async - {"script":"<script> [1562 bytes]","args":[{"selector":{"controlType":"sap.m.StandardListItem","viewName":"reusables.view.manageresources.NewResourceUnit","viewId":"application-manageresources-display-component---newResourceUnit","properties":{"title":"Resource Unit"},"searchOpenDialogs":true,"interaction":{"idSuffix":"titleText"}},"wdio_ui5_key":"reusablesview.manageresources.NewResourceUnitsap.m.StandardListItem{\"title\":\"Resource Unit\"}"}]}
COMMAND: GET /session/4113d6d129359fd9dc4ee692ed3652ac/screenshot - {}
RESULT: {}
RESULT: {"script":"<script> [1562 bytes]","args":[{"selector":{"controlType":"sap.m.StandardListItem","viewName":"reusables.view.manageresources.NewResourceUnit","viewId":"application-manageresources-display-component---newResourceUnit","properties":{"title":"Resource Unit"},"searchOpenDialogs":true,"interaction":{"idSuffix":"titleText"}},"wdio_ui5_key":"reusablesview.manageresources.NewResourceUnitsap.m.StandardListItem{\"title\":\"Resource Unit\"}"}]}
RESULT: undefined
COMMAND: POST /session/4113d6d129359fd9dc4ee692ed3652ac/element - {"using":"xpath","value":"//*[@id=\"__item1555\"]"}
RESULT: {"using":"xpath","value":"//*[@id=\"__item1555\"]"}
COMMAND: POST /session/4113d6d129359fd9dc4ee692ed3652ac/element/f.7E3A8558AA8FB2FD891CA09AA9D59AAC.d.F97F6EA8D56154FFE5C46AA454D587B9.e.3337/click - {}
RESULT: {}
COMMAND: POST /session/4113d6d129359fd9dc4ee692ed3652ac/element - {"using":"xpath","value":"//bdi[contains(text(), \"Time Segment\")]"}
COMMAND: GET /session/4113d6d129359fd9dc4ee692ed3652ac/screenshot - {}
RESULT: {"using":"xpath","value":"//bdi[contains(text(), \"Time Segment\")]"}
COMMAND: GET /session/4113d6d129359fd9dc4ee692ed3652ac/element/f.7E3A8558AA8FB2FD891CA09AA9D59AAC.d.F97F6EA8D56154FFE5C46AA454D587B9.e.3338/rect - {}
RESULT: {}
RESULT: {}
COMMAND: GET /session/4113d6d129359fd9dc4ee692ed3652ac/window/rect - {}
RESULT: {}
COMMAND: POST /session/4113d6d129359fd9dc4ee692ed3652ac/execute/sync - {"script":"<script> [92 bytes]","args":[]}
RESULT: {"script":"<script> [92 bytes]","args":[]}
COMMAND: POST /session/4113d6d129359fd9dc4ee692ed3652ac/actions - {"actions":[{"id":"action20","type":"wheel","parameters":{},"actions":[{"type":"scroll","x":-1820,"y":-21,"deltaX":0,"deltaY":0,"duration":0,"origin":{"element-6066-11e4-a52e-4f735466cecf":"f.7E3A8558AA8FB2FD891CA09AA9D59AAC.d.F97F6EA8D56154FFE5C46AA454D587B9.e.3338"}}]}]}
COMMAND: GET /session/4113d6d129359fd9dc4ee692ed3652ac/screenshot - {}
RESULT: {}
COMMAND: POST /session/4113d6d129359fd9dc4ee692ed3652ac/execute/sync - {"script":"<script> [79 bytes]","args":[{"element-6066-11e4-a52e-4f735466cecf":"f.7E3A8558AA8FB2FD891CA09AA9D59AAC.d.F97F6EA8D56154FFE5C46AA454D587B9.e.3338","ELEMENT":"f.7E3A8558AA8FB2FD891CA09AA9D59AAC.d.F97F6EA8D56154FFE5C46AA454D587B9.e.3338"},{"block":"start","inline":"nearest"}]}
RESULT: {"script":"<script> [79 bytes]","args":[{"element-6066-11e4-a52e-4f735466cecf":"f.7E3A8558AA8FB2FD891CA09AA9D59AAC.d.F97F6EA8D56154FFE5C46AA454D587B9.e.3338","ELEMENT":"f.7E3A8558AA8FB2FD891CA09AA9D59AAC.d.F97F6EA8D56154FFE5C46AA454D587B9.e.3338"},{"block":"start","inline":"nearest"}]}
COMMAND: POST /session/4113d6d129359fd9dc4ee692ed3652ac/execute/async - {"script":"<script> [1562 bytes]","args":[{"selector":{"id":"application-manageresources-display-component---newResourceUnit--btnAddTimeSegment-img"},"wdio_ui5_key":"applicationmanageresources-display-component---newResourceUnit--btnAddTimeSegment-img"}]}
COMMAND: GET /session/4113d6d129359fd9dc4ee692ed3652ac/screenshot - {}
RESULT: {"script":"<script> [1562 bytes]","args":[{"selector":{"id":"application-manageresources-display-component---newResourceUnit--btnAddTimeSegment-img"},"wdio_ui5_key":"applicationmanageresources-display-component---newResourceUnit--btnAddTimeSegment-img"}]}
RESULT: undefined
COMMAND: POST /session/4113d6d129359fd9dc4ee692ed3652ac/element - {"using":"xpath","value":"//*[@id=\"application-manageresources-display-component---newResourceUnit--btnAddTimeSegment-img\"]"}
RESULT: {}
RESULT: {"using":"xpath","value":"//*[@id=\"application-manageresources-display-component---newResourceUnit--btnAddTimeSegment-img\"]"}
COMMAND: POST /session/4113d6d129359fd9dc4ee692ed3652ac/element/f.7E3A8558AA8FB2FD891CA09AA9D59AAC.d.F97F6EA8D56154FFE5C46AA454D587B9.e.3341/click - {}
RESULT: {}
COMMAND: GET /session/4113d6d129359fd9dc4ee692ed3652ac/screenshot - {}
RESULT: {}
COMMAND: POST /session/4113d6d129359fd9dc4ee692ed3652ac/element - {"using":"xpath","value":"//input[@id=\"application-manageresources-display-component---newResourceUnit--idRuTSAdmin-application-manageresources-display-component---newResourceUnit--RUTimeSegment-0-inner\"]"}
RESULT: {"using":"xpath","value":"//input[@id=\"application-manageresources-display-component---newResourceUnit--idRuTSAdmin-application-manageresources-display-component---newResourceUnit--RUTimeSegment-0-inner\"]"}
COMMAND: POST /session/4113d6d129359fd9dc4ee692ed3652ac/element/f.7E3A8558AA8FB2FD891CA09AA9D59AAC.d.F97F6EA8D56154FFE5C46AA454D587B9.e.3345/clear - {}
RESULT: {}
COMMAND: POST /session/4113d6d129359fd9dc4ee692ed3652ac/element/f.7E3A8558AA8FB2FD891CA09AA9D59AAC.d.F97F6EA8D56154FFE5C46AA454D587B9.e.3345/value - {"text":"webdriveryard"}
COMMAND: GET /session/4113d6d129359fd9dc4ee692ed3652ac/screenshot - {}
RESULT: {"text":"webdriveryard"}
COMMAND: GET /session/4113d6d129359fd9dc4ee692ed3652ac/screenshot - {}
RESULT: {}
RESULT: {}
COMMAND: POST /session/4113d6d129359fd9dc4ee692ed3652ac/actions - {"actions":[{"id":"action21","type":"key","parameters":{},"actions":[{"type":"keyDown","value":"î€‡"},{"type":"pause","duration":10},{"type":"keyUp","value":"î€‡"}]}]}
RESULT: {"actions":[{"id":"action21","type":"key","parameters":{},"actions":[{"type":"keyDown","value":"î€‡"},{"type":"pause","duration":10},{"type":"keyUp","value":"î€‡"}]}]}
COMMAND: POST /session/4113d6d129359fd9dc4ee692ed3652ac/execute/async - {"script":"<script> [1562 bytes]","args":[{"selector":{"controlType":"sap.ui.core.Icon","viewName":"reusables.view.manageresources.NewResourceUnit","viewId":"application-manageresources-display-component---newResourceUnit","properties":{"src":{"regex":{"source":"slim\\-arrow\\-down"}}},"ancestor":{"controlType":"sap.m.ComboBox","viewName":"reusables.view.manageresources.NewResourceUnit","viewId":"application-manageresources-display-component---newResourceUnit","bindingPath":{"path":"/RESOURCE_UNIT_TIME_SEQUENCES/0","propertyPath":"COST_OBJECT_ADMIN_CST_TYPE","modelName":"oNewRruModel"}}},"wdio_ui5_key":"reusablesview.manageresources.NewResourceUnitsap.ui.core.Icon{\"src\":{\"regex\":{\"source\":\"slim\\\\-arrow\\\\-down\"}}}{\"controlType\":\"sap.m.ComboBox\",\"viewName\":\"reusables.view.manageresources.NewResourceUnit\",\"viewId\":\"application-manageresources-display-component---newResourceUnit\",\"bindingPath\":{\"path\":\"/RESOURCE_UNIT_TIME_SEQUENCES/0\",\"propertyPath\":\"COST_OBJECT_ADMIN_CST_TYPE\",\"modelName\":\"oNewRruModel\"}}"}]}
COMMAND: GET /session/4113d6d129359fd9dc4ee692ed3652ac/screenshot - {}
RESULT: {"script":"<script> [1562 bytes]","args":[{"selector":{"controlType":"sap.ui.core.Icon","viewName":"reusables.view.manageresources.NewResourceUnit","viewId":"application-manageresources-display-component---newResourceUnit","properties":{"src":{"regex":{"source":"slim\\-arrow\\-down"}}},"ancestor":{"controlType":"sap.m.ComboBox","viewName":"reusables.view.manageresources.NewResourceUnit","viewId":"application-manageresources-display-component---newResourceUnit","bindingPath":{"path":"/RESOURCE_UNIT_TIME_SEQUENCES/0","propertyPath":"COST_OBJECT_ADMIN_CST_TYPE","modelName":"oNewRruModel"}}},"wdio_ui5_key":"reusablesview.manageresources.NewResourceUnitsap.ui.core.Icon{\"src\":{\"regex\":{\"source\":\"slim\\\\-arrow\\\\-down\"}}}{\"controlType\":\"sap.m.ComboBox\",\"viewName\":\"reusables.view.manageresources.NewResourceUnit\",\"viewId\":\"application-manageresources-display-component---newResourceUnit\",\"bindingPath\":{\"path\":\"/RESOURCE_UNIT_TIME_SEQUENCES/0\",\"propertyPath\":\"COST_OBJECT_ADMIN_CST_TYPE\",\"modelName\":\"oNewRruModel\"}}"}]}
RESULT: undefined
COMMAND: POST /session/4113d6d129359fd9dc4ee692ed3652ac/element - {"using":"xpath","value":"//*[@id=\"__box16-application-manageresources-display-component---newResourceUnit--RUTimeSegment-0-arrow\"]"}
RESULT: {}
RESULT: {"using":"xpath","value":"//*[@id=\"__box16-application-manageresources-display-component---newResourceUnit--RUTimeSegment-0-arrow\"]"}
COMMAND: POST /session/4113d6d129359fd9dc4ee692ed3652ac/element/f.7E3A8558AA8FB2FD891CA09AA9D59AAC.d.F97F6EA8D56154FFE5C46AA454D587B9.e.3359/click - {}
RESULT: {}
COMMAND: POST /session/4113d6d129359fd9dc4ee692ed3652ac/execute/async - {"script":"<script> [1562 bytes]","args":[{"selector":{"controlType":"sap.m.StandardListItem","viewName":"reusables.view.manageresources.NewResourceUnit","viewId":"application-manageresources-display-component---newResourceUnit","properties":{"title":"PM Order"},"searchOpenDialogs":true,"interaction":{"idSuffix":"titleText"}},"wdio_ui5_key":"reusablesview.manageresources.NewResourceUnitsap.m.StandardListItem{\"title\":\"PM Order\"}"}]}
COMMAND: GET /session/4113d6d129359fd9dc4ee692ed3652ac/screenshot - {}
RESULT: {"script":"<script> [1562 bytes]","args":[{"selector":{"controlType":"sap.m.StandardListItem","viewName":"reusables.view.manageresources.NewResourceUnit","viewId":"application-manageresources-display-component---newResourceUnit","properties":{"title":"PM Order"},"searchOpenDialogs":true,"interaction":{"idSuffix":"titleText"}},"wdio_ui5_key":"reusablesview.manageresources.NewResourceUnitsap.m.StandardListItem{\"title\":\"PM Order\"}"}]}
RESULT: undefined
COMMAND: POST /session/4113d6d129359fd9dc4ee692ed3652ac/element - {"using":"xpath","value":"//*[@id=\"__item1949\"]"}
RESULT: {}
RESULT: {"using":"xpath","value":"//*[@id=\"__item1949\"]"}
COMMAND: POST /session/4113d6d129359fd9dc4ee692ed3652ac/element/f.7E3A8558AA8FB2FD891CA09AA9D59AAC.d.F97F6EA8D56154FFE5C46AA454D587B9.e.3363/click - {}
RESULT: {}
COMMAND: GET /session/4113d6d129359fd9dc4ee692ed3652ac/screenshot - {}
RESULT: {}
COMMAND: POST /session/4113d6d129359fd9dc4ee692ed3652ac/element - {"using":"xpath","value":"(//input[contains(@id ,\"-application-manageresources-display-component---newResourceUnit--RUTimeSegment-0-inner\")])[8]"}
RESULT: {"using":"xpath","value":"(//input[contains(@id ,\"-application-manageresources-display-component---newResourceUnit--RUTimeSegment-0-inner\")])[8]"}
COMMAND: POST /session/4113d6d129359fd9dc4ee692ed3652ac/element/f.7E3A8558AA8FB2FD891CA09AA9D59AAC.d.F97F6EA8D56154FFE5C46AA454D587B9.e.3366/clear - {}
RESULT: {}
COMMAND: POST /session/4113d6d129359fd9dc4ee692ed3652ac/element/f.7E3A8558AA8FB2FD891CA09AA9D59AAC.d.F97F6EA8D56154FFE5C46AA454D587B9.e.3366/value - {"text":"4000360"}
COMMAND: GET /session/4113d6d129359fd9dc4ee692ed3652ac/screenshot - {}
RESULT: {"text":"4000360"}
COMMAND: GET /session/4113d6d129359fd9dc4ee692ed3652ac/screenshot - {}
RESULT: {}
RESULT: {}
COMMAND: POST /session/4113d6d129359fd9dc4ee692ed3652ac/actions - {"actions":[{"id":"action22","type":"key","parameters":{},"actions":[{"type":"keyDown","value":"î€‡"},{"type":"pause","duration":10},{"type":"keyUp","value":"î€‡"}]}]}
RESULT: {"actions":[{"id":"action22","type":"key","parameters":{},"actions":[{"type":"keyDown","value":"î€‡"},{"type":"pause","duration":10},{"type":"keyUp","value":"î€‡"}]}]}
COMMAND: GET /session/4113d6d129359fd9dc4ee692ed3652ac/screenshot - {}
RESULT: {}
COMMAND: POST /session/4113d6d129359fd9dc4ee692ed3652ac/element - {"using":"xpath","value":"//input[contains(@id ,\"application-manageresources-display-component---newResourceUnit--newTimeSegmentFromDatePicker-application-manageresources-display-component---newResourceUnit--RUTimeSegment-0-inner\")]"}
RESULT: {"using":"xpath","value":"//input[contains(@id ,\"application-manageresources-display-component---newResourceUnit--newTimeSegmentFromDatePicker-application-manageresources-display-component---newResourceUnit--RUTimeSegment-0-inner\")]"}
COMMAND: POST /session/4113d6d129359fd9dc4ee692ed3652ac/element/f.7E3A8558AA8FB2FD891CA09AA9D59AAC.d.F97F6EA8D56154FFE5C46AA454D587B9.e.3352/clear - {}
RESULT: {}
COMMAND: POST /session/4113d6d129359fd9dc4ee692ed3652ac/element/f.7E3A8558AA8FB2FD891CA09AA9D59AAC.d.F97F6EA8D56154FFE5C46AA454D587B9.e.3352/clear - {}
COMMAND: GET /session/4113d6d129359fd9dc4ee692ed3652ac/screenshot - {}
RESULT: {}
COMMAND: POST /session/4113d6d129359fd9dc4ee692ed3652ac/element/f.7E3A8558AA8FB2FD891CA09AA9D59AAC.d.F97F6EA8D56154FFE5C46AA454D587B9.e.3352/value - {"text":"06/15/24"}
COMMAND: GET /session/4113d6d129359fd9dc4ee692ed3652ac/screenshot - {}
RESULT: {}
RESULT: {"text":"06/15/24"}
COMMAND: POST /session/4113d6d129359fd9dc4ee692ed3652ac/execute/async - {"script":"<script> [1562 bytes]","args":[{"selector":{"id":"application-manageresources-display-component---newResourceUnit--newRRUPage-anchBar-application-manageresources-display-component---newResourceUnit--resource-anchor","interaction":{"idSuffix":"BDI-content"}},"wdio_ui5_key":"applicationmanageresources-display-component---newResourceUnit--newRRUPage-anchBar-application-manageresources-display-component---newResourceUnit--resource-anchor"}]}
COMMAND: GET /session/4113d6d129359fd9dc4ee692ed3652ac/screenshot - {}
RESULT: {}
RESULT: {"script":"<script> [1562 bytes]","args":[{"selector":{"id":"application-manageresources-display-component---newResourceUnit--newRRUPage-anchBar-application-manageresources-display-component---newResourceUnit--resource-anchor","interaction":{"idSuffix":"BDI-content"}},"wdio_ui5_key":"applicationmanageresources-display-component---newResourceUnit--newRRUPage-anchBar-application-manageresources-display-component---newResourceUnit--resource-anchor"}]}
RESULT: undefined
COMMAND: POST /session/4113d6d129359fd9dc4ee692ed3652ac/element - {"using":"xpath","value":"//*[@id=\"application-manageresources-display-component---newResourceUnit--newRRUPage-anchBar-application-manageresources-display-component---newResourceUnit--resource-anchor\"]"}
RESULT: {}
RESULT: {"using":"xpath","value":"//*[@id=\"application-manageresources-display-component---newResourceUnit--newRRUPage-anchBar-application-manageresources-display-component---newResourceUnit--resource-anchor\"]"}
COMMAND: POST /session/4113d6d129359fd9dc4ee692ed3652ac/element/f.7E3A8558AA8FB2FD891CA09AA9D59AAC.d.F97F6EA8D56154FFE5C46AA454D587B9.e.3387/click - {}
RESULT: {}
COMMAND: POST /session/4113d6d129359fd9dc4ee692ed3652ac/execute/async - {"script":"<script> [1562 bytes]","args":[{"selector":{"id":"application-manageresources-display-component---newResourceUnit--PLANNED_DELIVERY_DATE","interaction":{"idSuffix":"inner"}},"wdio_ui5_key":"applicationmanageresources-display-component---newResourceUnit--PLANNED_DELIVERY_DATE"}]}
COMMAND: GET /session/4113d6d129359fd9dc4ee692ed3652ac/screenshot - {}
RESULT: {"script":"<script> [1562 bytes]","args":[{"selector":{"id":"application-manageresources-display-component---newResourceUnit--PLANNED_DELIVERY_DATE","interaction":{"idSuffix":"inner"}},"wdio_ui5_key":"applicationmanageresources-display-component---newResourceUnit--PLANNED_DELIVERY_DATE"}]}
RESULT: undefined
COMMAND: POST /session/4113d6d129359fd9dc4ee692ed3652ac/execute/async - {"script":"<script> [6424 bytes]","args":[{"element-6066-11e4-a52e-4f735466cecf":"f.7E3A8558AA8FB2FD891CA09AA9D59AAC.d.F97F6EA8D56154FFE5C46AA454D587B9.e.3246"},"setValue",["06/15/24"]]}
RESULT: {}
RESULT: {"script":"<script> [6424 bytes]","args":[{"element-6066-11e4-a52e-4f735466cecf":"f.7E3A8558AA8FB2FD891CA09AA9D59AAC.d.F97F6EA8D56154FFE5C46AA454D587B9.e.3246"},"setValue",["06/15/24"]]}
COMMAND: POST /session/4113d6d129359fd9dc4ee692ed3652ac/execute/async - {"script":"<script> [1562 bytes]","args":[{"selector":{"id":"application-manageresources-display-component---newResourceUnit--RETIRE_PLANNED_DATE","interaction":{"idSuffix":"inner"}},"wdio_ui5_key":"applicationmanageresources-display-component---newResourceUnit--RETIRE_PLANNED_DATE"}]}
RESULT: {"script":"<script> [1562 bytes]","args":[{"selector":{"id":"application-manageresources-display-component---newResourceUnit--RETIRE_PLANNED_DATE","interaction":{"idSuffix":"inner"}},"wdio_ui5_key":"applicationmanageresources-display-component---newResourceUnit--RETIRE_PLANNED_DATE"}]}
RESULT: undefined
COMMAND: POST /session/4113d6d129359fd9dc4ee692ed3652ac/execute/async - {"script":"<script> [776 bytes]","args":[{"enterText":"3/14/29","selector":{"id":"application-manageresources-display-component---newResourceUnit--RETIRE_PLANNED_DATE","interaction":{"idSuffix":"inner"}},"clearTextFirst":true,"interactionType":"ENTER_TEXT"}]}
RESULT: {"script":"<script> [776 bytes]","args":[{"enterText":"3/14/29","selector":{"id":"application-manageresources-display-component---newResourceUnit--RETIRE_PLANNED_DATE","interaction":{"idSuffix":"inner"}},"clearTextFirst":true,"interactionType":"ENTER_TEXT"}]}
COMMAND: POST /session/4113d6d129359fd9dc4ee692ed3652ac/execute/async - {"script":"<script> [1562 bytes]","args":[{"selector":{"controlType":"sap.m.Button","viewName":"reusables.view.manageresources.NewResourceUnit","viewId":"application-manageresources-display-component---newResourceUnit","i18NText":{"propertyName":"tooltip","key":"save"},"interaction":{"idSuffix":"BDI-content"}},"wdio_ui5_key":"reusablesview.manageresources.NewResourceUnitsap.m.Button{\"propertyName\":\"tooltip\",\"key\":\"save\"}"}]}
RESULT: {"script":"<script> [1562 bytes]","args":[{"selector":{"controlType":"sap.m.Button","viewName":"reusables.view.manageresources.NewResourceUnit","viewId":"application-manageresources-display-component---newResourceUnit","i18NText":{"propertyName":"tooltip","key":"save"},"interaction":{"idSuffix":"BDI-content"}},"wdio_ui5_key":"reusablesview.manageresources.NewResourceUnitsap.m.Button{\"propertyName\":\"tooltip\",\"key\":\"save\"}"}]}
RESULT: undefined
COMMAND: POST /session/4113d6d129359fd9dc4ee692ed3652ac/element - {"using":"xpath","value":"//*[@id=\"application-manageresources-display-component---newResourceUnit--createRuButton\"]"}
RESULT: {"using":"xpath","value":"//*[@id=\"application-manageresources-display-component---newResourceUnit--createRuButton\"]"}
COMMAND: POST /session/4113d6d129359fd9dc4ee692ed3652ac/element/f.7E3A8558AA8FB2FD891CA09AA9D59AAC.d.F97F6EA8D56154FFE5C46AA454D587B9.e.3207/click - {}
RESULT: {}
COMMAND: GET /session/4113d6d129359fd9dc4ee692ed3652ac/screenshot - {}
RESULT: {}
COMMAND: POST /session/4113d6d129359fd9dc4ee692ed3652ac/execute/async - {"script":"<script> [1562 bytes]","args":[{"selector":{"controlType":"sap.m.Button","properties":{"text":"Close"},"searchOpenDialogs":true,"interaction":{"idSuffix":"inner"}},"wdio_ui5_key":"sapm.Button{\"text\":\"Close\"}"}]}
RESULT: {"script":"<script> [1562 bytes]","args":[{"selector":{"controlType":"sap.m.Button","properties":{"text":"Close"},"searchOpenDialogs":true,"interaction":{"idSuffix":"inner"}},"wdio_ui5_key":"sapm.Button{\"text\":\"Close\"}"}]}
RESULT: undefined
COMMAND: POST /session/4113d6d129359fd9dc4ee692ed3652ac/element - {"using":"xpath","value":"//*[@id=\"__mbox-btn-0\"]"}
RESULT: {"using":"xpath","value":"//*[@id=\"__mbox-btn-0\"]"}
COMMAND: POST /session/4113d6d129359fd9dc4ee692ed3652ac/element/f.7E3A8558AA8FB2FD891CA09AA9D59AAC.d.F97F6EA8D56154FFE5C46AA454D587B9.e.3397/click - {}
RESULT: {}
COMMAND: GET /session/4113d6d129359fd9dc4ee692ed3652ac/screenshot - {}
RESULT: {}
COMMAND: POST /session/4113d6d129359fd9dc4ee692ed3652ac/execute/async - {"script":"<script> [1562 bytes]","args":[{"selector":{"controlType":"sap.m.Text","viewName":"etm.portal.ui.manageresources.view.Detail","viewId":"application-manageresources-display-component---detailRU","bindingPath":{"propertyPath":"ID","modelName":"catalogModel"}},"wdio_ui5_key":"etmportal.ui.manageresources.view.Detailsap.m.Text{\"propertyPath\":\"ID\",\"modelName\":\"catalogModel\"}"}]}
RESULT: {"script":"<script> [1562 bytes]","args":[{"selector":{"controlType":"sap.m.Text","viewName":"etm.portal.ui.manageresources.view.Detail","viewId":"application-manageresources-display-component---detailRU","bindingPath":{"propertyPath":"ID","modelName":"catalogModel"}},"wdio_ui5_key":"etmportal.ui.manageresources.view.Detailsap.m.Text{\"propertyPath\":\"ID\",\"modelName\":\"catalogModel\"}"}]}
RESULT: undefined
COMMAND: POST /session/4113d6d129359fd9dc4ee692ed3652ac/execute/async - {"script":"<script> [6424 bytes]","args":[{"element-6066-11e4-a52e-4f735466cecf":"f.7E3A8558AA8FB2FD891CA09AA9D59AAC.d.F97F6EA8D56154FFE5C46AA454D587B9.e.3453"},"getText",[]]}
RESULT: {"script":"<script> [6424 bytes]","args":[{"element-6066-11e4-a52e-4f735466cecf":"f.7E3A8558AA8FB2FD891CA09AA9D59AAC.d.F97F6EA8D56154FFE5C46AA454D587B9.e.3453"},"getText",[]]}
COMMAND: POST /session/4113d6d129359fd9dc4ee692ed3652ac/element - {"using":"css selector","value":"#shell-header-logo"}
RESULT: {"using":"css selector","value":"#shell-header-logo"}
COMMAND: POST /session/4113d6d129359fd9dc4ee692ed3652ac/element/f.7E3A8558AA8FB2FD891CA09AA9D59AAC.d.F97F6EA8D56154FFE5C46AA454D587B9.e.2822/click - {}
RESULT: {}
COMMAND: GET /session/4113d6d129359fd9dc4ee692ed3652ac/screenshot - {}
RESULT: {}
]]></system-out>
    </testcase>
    <testcase classname="chrome.136_0_7103_93.windows.Verify_RU_inventory_split_cost_information_US139363" name="Should do a stock increase for the equipment" time="77.893">
      <system-out><![CDATA[
COMMAND: POST /session/4113d6d129359fd9dc4ee692ed3652ac/execute/async - {"script":"<script> [1562 bytes]","args":[{"selector":{"controlType":"sap.m.GenericTile","properties":{"header":"Manage Handovers"}},"wdio_ui5_key":"sapm.GenericTile{\"header\":\"Manage Handovers\"}"}]}
RESULT: {"script":"<script> [1562 bytes]","args":[{"selector":{"controlType":"sap.m.GenericTile","properties":{"header":"Manage Handovers"}},"wdio_ui5_key":"sapm.GenericTile{\"header\":\"Manage Handovers\"}"}]}
RESULT: undefined
COMMAND: POST /session/4113d6d129359fd9dc4ee692ed3652ac/element - {"using":"xpath","value":"//*[@id=\"__tile133\"]"}
RESULT: {"using":"xpath","value":"//*[@id=\"__tile133\"]"}
COMMAND: POST /session/4113d6d129359fd9dc4ee692ed3652ac/element/f.7E3A8558AA8FB2FD891CA09AA9D59AAC.d.F97F6EA8D56154FFE5C46AA454D587B9.e.3455/click - {}
RESULT: {}
COMMAND: GET /session/4113d6d129359fd9dc4ee692ed3652ac/screenshot - {}
RESULT: {}
COMMAND: POST /session/4113d6d129359fd9dc4ee692ed3652ac/elements - {"using":"xpath","value":"//span[text()='Error']"}
RESULT: {"using":"xpath","value":"//span[text()='Error']"}
COMMAND: POST /session/4113d6d129359fd9dc4ee692ed3652ac/element - {"using":"xpath","value":"//button[@data-kt=\"masterHOAddButton\"]"}
RESULT: {"using":"xpath","value":"//button[@data-kt=\"masterHOAddButton\"]"}
COMMAND: POST /session/4113d6d129359fd9dc4ee692ed3652ac/execute/sync - {"script":"<script> [8489 bytes]","args":[{"element-6066-11e4-a52e-4f735466cecf":"f.7E3A8558AA8FB2FD891CA09AA9D59AAC.d.F97F6EA8D56154FFE5C46AA454D587B9.e.3509","ELEMENT":"f.7E3A8558AA8FB2FD891CA09AA9D59AAC.d.F97F6EA8D56154FFE5C46AA454D587B9.e.3509"}]}
RESULT: {"script":"<script> [8489 bytes]","args":[{"element-6066-11e4-a52e-4f735466cecf":"f.7E3A8558AA8FB2FD891CA09AA9D59AAC.d.F97F6EA8D56154FFE5C46AA454D587B9.e.3509","ELEMENT":"f.7E3A8558AA8FB2FD891CA09AA9D59AAC.d.F97F6EA8D56154FFE5C46AA454D587B9.e.3509"}]}
COMMAND: POST /session/4113d6d129359fd9dc4ee692ed3652ac/element/f.7E3A8558AA8FB2FD891CA09AA9D59AAC.d.F97F6EA8D56154FFE5C46AA454D587B9.e.3509/click - {}
COMMAND: GET /session/4113d6d129359fd9dc4ee692ed3652ac/screenshot - {}
RESULT: {}
COMMAND: GET /session/4113d6d129359fd9dc4ee692ed3652ac/screenshot - {}
RESULT: {}
COMMAND: POST /session/4113d6d129359fd9dc4ee692ed3652ac/element - {"using":"xpath","value":"//span[contains(@id ,\"AddNewHO--typeSelect-arrow\")]"}
RESULT: {}
RESULT: {"using":"xpath","value":"//span[contains(@id ,\"AddNewHO--typeSelect-arrow\")]"}
COMMAND: POST /session/4113d6d129359fd9dc4ee692ed3652ac/element/f.7E3A8558AA8FB2FD891CA09AA9D59AAC.d.F97F6EA8D56154FFE5C46AA454D587B9.e.3862/click - {}
RESULT: {}
COMMAND: GET /session/4113d6d129359fd9dc4ee692ed3652ac/screenshot - {}
RESULT: {}
COMMAND: POST /session/4113d6d129359fd9dc4ee692ed3652ac/element - {"using":"xpath","value":"(//li[contains(text(), \"stock increase yard\")])[1]"}
RESULT: {"using":"xpath","value":"(//li[contains(text(), \"stock increase yard\")])[1]"}
COMMAND: POST /session/4113d6d129359fd9dc4ee692ed3652ac/element/f.7E3A8558AA8FB2FD891CA09AA9D59AAC.d.F97F6EA8D56154FFE5C46AA454D587B9.e.3863/click - {}
RESULT: {}
COMMAND: GET /session/4113d6d129359fd9dc4ee692ed3652ac/screenshot - {}
RESULT: {}
COMMAND: POST /session/4113d6d129359fd9dc4ee692ed3652ac/execute/async - {"script":"<script> [1562 bytes]","args":[{"selector":{"id":"application-managehandovers-display-component---AddNewHO--dueDate","interaction":{"idSuffix":"inner"}},"wdio_ui5_key":"applicationmanagehandovers-display-component---AddNewHO--dueDate"}]}
RESULT: {"script":"<script> [1562 bytes]","args":[{"selector":{"id":"application-managehandovers-display-component---AddNewHO--dueDate","interaction":{"idSuffix":"inner"}},"wdio_ui5_key":"applicationmanagehandovers-display-component---AddNewHO--dueDate"}]}
RESULT: undefined
COMMAND: POST /session/4113d6d129359fd9dc4ee692ed3652ac/execute/async - {"script":"<script> [6424 bytes]","args":[{"element-6066-11e4-a52e-4f735466cecf":"f.7E3A8558AA8FB2FD891CA09AA9D59AAC.d.F97F6EA8D56154FFE5C46AA454D587B9.e.3865"},"setValue",["5/15/25"]]}
RESULT: {"script":"<script> [6424 bytes]","args":[{"element-6066-11e4-a52e-4f735466cecf":"f.7E3A8558AA8FB2FD891CA09AA9D59AAC.d.F97F6EA8D56154FFE5C46AA454D587B9.e.3865"},"setValue",["5/15/25"]]}
COMMAND: POST /session/4113d6d129359fd9dc4ee692ed3652ac/element - {"using":"xpath","value":"//input[@id=\"generalSectionFrg--receiveYard-inner\"]"}
RESULT: {"using":"xpath","value":"//input[@id=\"generalSectionFrg--receiveYard-inner\"]"}
COMMAND: POST /session/4113d6d129359fd9dc4ee692ed3652ac/element/f.7E3A8558AA8FB2FD891CA09AA9D59AAC.d.F97F6EA8D56154FFE5C46AA454D587B9.e.3869/clear - {}
RESULT: {}
COMMAND: POST /session/4113d6d129359fd9dc4ee692ed3652ac/element/f.7E3A8558AA8FB2FD891CA09AA9D59AAC.d.F97F6EA8D56154FFE5C46AA454D587B9.e.3869/value - {"text":"webdriveryard"}
COMMAND: GET /session/4113d6d129359fd9dc4ee692ed3652ac/screenshot - {}
RESULT: {"text":"webdriveryard"}
COMMAND: GET /session/4113d6d129359fd9dc4ee692ed3652ac/screenshot - {}
RESULT: {}
RESULT: {}
COMMAND: POST /session/4113d6d129359fd9dc4ee692ed3652ac/execute/async - {"script":"<script> [1562 bytes]","args":[{"selector":{"id":"application-managehandovers-display-component---AddNewHO--ObjectPageLayout-anchBar-application-managehandovers-display-component---AddNewHO--section4-anchor","interaction":{"idSuffix":"BDI-content"}},"wdio_ui5_key":"applicationmanagehandovers-display-component---AddNewHO--ObjectPageLayout-anchBar-application-managehandovers-display-component---AddNewHO--section4-anchor"}]}
RESULT: {"script":"<script> [1562 bytes]","args":[{"selector":{"id":"application-managehandovers-display-component---AddNewHO--ObjectPageLayout-anchBar-application-managehandovers-display-component---AddNewHO--section4-anchor","interaction":{"idSuffix":"BDI-content"}},"wdio_ui5_key":"applicationmanagehandovers-display-component---AddNewHO--ObjectPageLayout-anchBar-application-managehandovers-display-component---AddNewHO--section4-anchor"}]}
RESULT: undefined
COMMAND: POST /session/4113d6d129359fd9dc4ee692ed3652ac/element - {"using":"xpath","value":"//*[@id=\"application-managehandovers-display-component---AddNewHO--ObjectPageLayout-anchBar-application-managehandovers-display-component---AddNewHO--section4-anchor\"]"}
RESULT: {"using":"xpath","value":"//*[@id=\"application-managehandovers-display-component---AddNewHO--ObjectPageLayout-anchBar-application-managehandovers-display-component---AddNewHO--section4-anchor\"]"}
COMMAND: POST /session/4113d6d129359fd9dc4ee692ed3652ac/element/f.7E3A8558AA8FB2FD891CA09AA9D59AAC.d.F97F6EA8D56154FFE5C46AA454D587B9.e.3890/click - {}
RESULT: {}
COMMAND: GET /session/4113d6d129359fd9dc4ee692ed3652ac/screenshot - {}
RESULT: {}
COMMAND: POST /session/4113d6d129359fd9dc4ee692ed3652ac/element - {"using":"xpath","value":"//button[@aria-label=\"Add\"]"}
RESULT: {"using":"xpath","value":"//button[@aria-label=\"Add\"]"}
COMMAND: POST /session/4113d6d129359fd9dc4ee692ed3652ac/element/f.7E3A8558AA8FB2FD891CA09AA9D59AAC.d.F97F6EA8D56154FFE5C46AA454D587B9.e.3894/click - {}
RESULT: {}
COMMAND: GET /session/4113d6d129359fd9dc4ee692ed3652ac/screenshot - {}
RESULT: {}
COMMAND: POST /session/4113d6d129359fd9dc4ee692ed3652ac/execute/async - {"script":"<script> [1562 bytes]","args":[{"selector":{"id":"application-managehandovers-display-component---AddNewHO--smartFilterBar-btnBasicSearch","searchOpenDialogs":true,"interaction":{"idSuffix":"I"}},"wdio_ui5_key":"applicationmanagehandovers-display-component---AddNewHO--smartFilterBar-btnBasicSearch"}]}
RESULT: {"script":"<script> [1562 bytes]","args":[{"selector":{"id":"application-managehandovers-display-component---AddNewHO--smartFilterBar-btnBasicSearch","searchOpenDialogs":true,"interaction":{"idSuffix":"I"}},"wdio_ui5_key":"applicationmanagehandovers-display-component---AddNewHO--smartFilterBar-btnBasicSearch"}]}
RESULT: undefined
COMMAND: POST /session/4113d6d129359fd9dc4ee692ed3652ac/execute/async - {"script":"<script> [776 bytes]","args":[{"enterText":"WdIOR2cEquip1lmd8","selector":{"id":"application-managehandovers-display-component---AddNewHO--smartFilterBar-btnBasicSearch","searchOpenDialogs":true,"interaction":{"idSuffix":"I"}},"clearTextFirst":true,"interactionType":"ENTER_TEXT"}]}
RESULT: {"script":"<script> [776 bytes]","args":[{"enterText":"WdIOR2cEquip1lmd8","selector":{"id":"application-managehandovers-display-component---AddNewHO--smartFilterBar-btnBasicSearch","searchOpenDialogs":true,"interaction":{"idSuffix":"I"}},"clearTextFirst":true,"interactionType":"ENTER_TEXT"}]}
COMMAND: POST /session/4113d6d129359fd9dc4ee692ed3652ac/actions - {"actions":[{"id":"action23","type":"key","parameters":{},"actions":[{"type":"keyDown","value":"î€‡"},{"type":"pause","duration":10},{"type":"keyUp","value":"î€‡"}]}]}
RESULT: {"actions":[{"id":"action23","type":"key","parameters":{},"actions":[{"type":"keyDown","value":"î€‡"},{"type":"pause","duration":10},{"type":"keyUp","value":"î€‡"}]}]}
COMMAND: POST /session/4113d6d129359fd9dc4ee692ed3652ac/execute/async - {"script":"<script> [1562 bytes]","args":[{"selector":{"id":"application-managehandovers-display-component---AddNewHO--popup-sa","searchOpenDialogs":true,"interaction":{"idSuffix":"CbBg"}},"wdio_ui5_key":"applicationmanagehandovers-display-component---AddNewHO--popup-sa"}]}
COMMAND: GET /session/4113d6d129359fd9dc4ee692ed3652ac/screenshot - {}
RESULT: {"script":"<script> [1562 bytes]","args":[{"selector":{"id":"application-managehandovers-display-component---AddNewHO--popup-sa","searchOpenDialogs":true,"interaction":{"idSuffix":"CbBg"}},"wdio_ui5_key":"applicationmanagehandovers-display-component---AddNewHO--popup-sa"}]}
RESULT: undefined
COMMAND: POST /session/4113d6d129359fd9dc4ee692ed3652ac/element - {"using":"xpath","value":"//*[@id=\"application-managehandovers-display-component---AddNewHO--popup-sa\"]"}
RESULT: {}
RESULT: {"using":"xpath","value":"//*[@id=\"application-managehandovers-display-component---AddNewHO--popup-sa\"]"}
COMMAND: POST /session/4113d6d129359fd9dc4ee692ed3652ac/element/f.7E3A8558AA8FB2FD891CA09AA9D59AAC.d.F97F6EA8D56154FFE5C46AA454D587B9.e.4010/click - {}
RESULT: {}
COMMAND: GET /session/4113d6d129359fd9dc4ee692ed3652ac/screenshot - {}
RESULT: {}
COMMAND: POST /session/4113d6d129359fd9dc4ee692ed3652ac/element - {"using":"xpath","value":"//bdi[contains(text(), \"Select\")]"}
RESULT: {"using":"xpath","value":"//bdi[contains(text(), \"Select\")]"}
COMMAND: POST /session/4113d6d129359fd9dc4ee692ed3652ac/element/f.7E3A8558AA8FB2FD891CA09AA9D59AAC.d.F97F6EA8D56154FFE5C46AA454D587B9.e.4011/click - {}
RESULT: {}
COMMAND: GET /session/4113d6d129359fd9dc4ee692ed3652ac/screenshot - {}
RESULT: {}
COMMAND: POST /session/4113d6d129359fd9dc4ee692ed3652ac/element - {"using":"xpath","value":"//button[@data-kt=\"AddNewHOSaveButton\"]"}
RESULT: {"using":"xpath","value":"//button[@data-kt=\"AddNewHOSaveButton\"]"}
COMMAND: POST /session/4113d6d129359fd9dc4ee692ed3652ac/element/f.7E3A8558AA8FB2FD891CA09AA9D59AAC.d.F97F6EA8D56154FFE5C46AA454D587B9.e.4015/click - {}
RESULT: {}
COMMAND: GET /session/4113d6d129359fd9dc4ee692ed3652ac/screenshot - {}
RESULT: {}
COMMAND: POST /session/4113d6d129359fd9dc4ee692ed3652ac/execute/async - {"script":"<script> [1562 bytes]","args":[{"selector":{"id":"receiptDatePicker","viewName":"etm.portal.ui.managehandovers.view.DetailExecuteHO","interaction":{"idSuffix":"inner"}},"wdio_ui5_key":"receiptDatePickeretmportal.ui.managehandovers.view.DetailExecuteHO"}]}
RESULT: {"script":"<script> [1562 bytes]","args":[{"selector":{"id":"receiptDatePicker","viewName":"etm.portal.ui.managehandovers.view.DetailExecuteHO","interaction":{"idSuffix":"inner"}},"wdio_ui5_key":"receiptDatePickeretmportal.ui.managehandovers.view.DetailExecuteHO"}]}
RESULT: undefined
COMMAND: POST /session/4113d6d129359fd9dc4ee692ed3652ac/execute/async - {"script":"<script> [6424 bytes]","args":[{"element-6066-11e4-a52e-4f735466cecf":"f.7E3A8558AA8FB2FD891CA09AA9D59AAC.d.F97F6EA8D56154FFE5C46AA454D587B9.e.4033"},"setValue",["5/15/25"]]}
RESULT: {"script":"<script> [6424 bytes]","args":[{"element-6066-11e4-a52e-4f735466cecf":"f.7E3A8558AA8FB2FD891CA09AA9D59AAC.d.F97F6EA8D56154FFE5C46AA454D587B9.e.4033"},"setValue",["5/15/25"]]}
COMMAND: POST /session/4113d6d129359fd9dc4ee692ed3652ac/element - {"using":"xpath","value":"//button[@data-kt=\"PickingTableConfirmAllButton\"]"}
RESULT: {"using":"xpath","value":"//button[@data-kt=\"PickingTableConfirmAllButton\"]"}
COMMAND: POST /session/4113d6d129359fd9dc4ee692ed3652ac/element/f.7E3A8558AA8FB2FD891CA09AA9D59AAC.d.F97F6EA8D56154FFE5C46AA454D587B9.e.4049/click - {}
RESULT: {}
COMMAND: GET /session/4113d6d129359fd9dc4ee692ed3652ac/screenshot - {}
RESULT: {}
COMMAND: POST /session/4113d6d129359fd9dc4ee692ed3652ac/element - {"using":"xpath","value":"//bdi[contains(text(), \"OK\")]"}
RESULT: {"using":"xpath","value":"//bdi[contains(text(), \"OK\")]"}
COMMAND: POST /session/4113d6d129359fd9dc4ee692ed3652ac/element/f.7E3A8558AA8FB2FD891CA09AA9D59AAC.d.F97F6EA8D56154FFE5C46AA454D587B9.e.4052/click - {}
RESULT: {}
COMMAND: GET /session/4113d6d129359fd9dc4ee692ed3652ac/screenshot - {}
RESULT: {}
COMMAND: POST /session/4113d6d129359fd9dc4ee692ed3652ac/element - {"using":"xpath","value":"(//bdi[contains(text(), \"Receive\")])[2]"}
RESULT: {"using":"xpath","value":"(//bdi[contains(text(), \"Receive\")])[2]"}
COMMAND: POST /session/4113d6d129359fd9dc4ee692ed3652ac/element/f.7E3A8558AA8FB2FD891CA09AA9D59AAC.d.F97F6EA8D56154FFE5C46AA454D587B9.e.4053/click - {}
RESULT: {}
COMMAND: GET /session/4113d6d129359fd9dc4ee692ed3652ac/screenshot - {}
RESULT: {}
COMMAND: POST /session/4113d6d129359fd9dc4ee692ed3652ac/element - {"using":"css selector","value":"#shell-header-logo"}
RESULT: {"using":"css selector","value":"#shell-header-logo"}
COMMAND: POST /session/4113d6d129359fd9dc4ee692ed3652ac/element/f.7E3A8558AA8FB2FD891CA09AA9D59AAC.d.F97F6EA8D56154FFE5C46AA454D587B9.e.3459/click - {}
RESULT: {}
COMMAND: GET /session/4113d6d129359fd9dc4ee692ed3652ac/screenshot - {}
]]></system-out>
    </testcase>
    <testcase classname="chrome.136_0_7103_93.windows.Verify_RU_inventory_split_cost_information_US139363" name="Should navigate to RU inventory and add the resource to the contract" time="84.511">
      <system-out><![CDATA[
COMMAND: POST /session/4113d6d129359fd9dc4ee692ed3652ac/execute/async - {"script":"<script> [1562 bytes]","args":[{"selector":{"controlType":"sap.m.GenericTile","properties":{"header":"RU Inventory List"}},"wdio_ui5_key":"sapm.GenericTile{\"header\":\"RU Inventory List\"}"}]}
RESULT: {}
RESULT: {"script":"<script> [1562 bytes]","args":[{"selector":{"controlType":"sap.m.GenericTile","properties":{"header":"RU Inventory List"}},"wdio_ui5_key":"sapm.GenericTile{\"header\":\"RU Inventory List\"}"}]}
RESULT: undefined
COMMAND: POST /session/4113d6d129359fd9dc4ee692ed3652ac/element - {"using":"xpath","value":"//*[@id=\"__tile99\"]"}
RESULT: {"using":"xpath","value":"//*[@id=\"__tile99\"]"}
COMMAND: POST /session/4113d6d129359fd9dc4ee692ed3652ac/element/f.7E3A8558AA8FB2FD891CA09AA9D59AAC.d.F97F6EA8D56154FFE5C46AA454D587B9.e.4199/click - {}
RESULT: {}
COMMAND: GET /session/4113d6d129359fd9dc4ee692ed3652ac/screenshot - {}
RESULT: {}
COMMAND: POST /session/4113d6d129359fd9dc4ee692ed3652ac/elements - {"using":"xpath","value":"//span[text()='Error']"}
RESULT: {"using":"xpath","value":"//span[text()='Error']"}
COMMAND: POST /session/4113d6d129359fd9dc4ee692ed3652ac/execute/async - {"script":"<script> [1562 bytes]","args":[{"selector":{"id":"application-ruinventorylist-display-component---Master--smartFilterBar-btnBasicSearch","interaction":{"idSuffix":"I"}},"wdio_ui5_key":"applicationruinventorylist-display-component---Master--smartFilterBar-btnBasicSearch"}]}
RESULT: {"script":"<script> [1562 bytes]","args":[{"selector":{"id":"application-ruinventorylist-display-component---Master--smartFilterBar-btnBasicSearch","interaction":{"idSuffix":"I"}},"wdio_ui5_key":"applicationruinventorylist-display-component---Master--smartFilterBar-btnBasicSearch"}]}
RESULT: undefined
COMMAND: POST /session/4113d6d129359fd9dc4ee692ed3652ac/execute/async - {"script":"<script> [776 bytes]","args":[{"enterText":"WdIOR2cEquip1lmd8","selector":{"id":"application-ruinventorylist-display-component---Master--smartFilterBar-btnBasicSearch","interaction":{"idSuffix":"I"}},"clearTextFirst":true,"interactionType":"ENTER_TEXT"}]}
RESULT: {"script":"<script> [776 bytes]","args":[{"enterText":"WdIOR2cEquip1lmd8","selector":{"id":"application-ruinventorylist-display-component---Master--smartFilterBar-btnBasicSearch","interaction":{"idSuffix":"I"}},"clearTextFirst":true,"interactionType":"ENTER_TEXT"}]}
COMMAND: POST /session/4113d6d129359fd9dc4ee692ed3652ac/actions - {"actions":[{"id":"action24","type":"key","parameters":{},"actions":[{"type":"keyDown","value":"î€‡"},{"type":"pause","duration":10},{"type":"keyUp","value":"î€‡"}]}]}
RESULT: {"actions":[{"id":"action24","type":"key","parameters":{},"actions":[{"type":"keyDown","value":"î€‡"},{"type":"pause","duration":10},{"type":"keyUp","value":"î€‡"}]}]}
COMMAND: GET /session/4113d6d129359fd9dc4ee692ed3652ac/screenshot - {}
RESULT: {}
COMMAND: POST /session/4113d6d129359fd9dc4ee692ed3652ac/execute/async - {"script":"<script> [1562 bytes]","args":[{"selector":{"id":"application-ruinventorylist-display-component---Master--smartTableRuInventoryList-header"},"wdio_ui5_key":"applicationruinventorylist-display-component---Master--smartTableRuInventoryList-header"}]}
RESULT: {"script":"<script> [1562 bytes]","args":[{"selector":{"id":"application-ruinventorylist-display-component---Master--smartTableRuInventoryList-header"},"wdio_ui5_key":"applicationruinventorylist-display-component---Master--smartTableRuInventoryList-header"}]}
RESULT: undefined
COMMAND: POST /session/4113d6d129359fd9dc4ee692ed3652ac/execute/async - {"script":"<script> [6424 bytes]","args":[{"element-6066-11e4-a52e-4f735466cecf":"f.7E3A8558AA8FB2FD891CA09AA9D59AAC.d.F97F6EA8D56154FFE5C46AA454D587B9.e.4414"},"getText",[]]}
RESULT: {"script":"<script> [6424 bytes]","args":[{"element-6066-11e4-a52e-4f735466cecf":"f.7E3A8558AA8FB2FD891CA09AA9D59AAC.d.F97F6EA8D56154FFE5C46AA454D587B9.e.4414"},"getText",[]]}
COMMAND: POST /session/4113d6d129359fd9dc4ee692ed3652ac/execute/async - {"script":"<script> [1562 bytes]","args":[{"selector":{"id":"application-ruinventorylist-display-component---Master--createContractItemsBtn-img"},"wdio_ui5_key":"applicationruinventorylist-display-component---Master--createContractItemsBtn-img"}]}
RESULT: {"script":"<script> [1562 bytes]","args":[{"selector":{"id":"application-ruinventorylist-display-component---Master--createContractItemsBtn-img"},"wdio_ui5_key":"applicationruinventorylist-display-component---Master--createContractItemsBtn-img"}]}
RESULT: undefined
COMMAND: POST /session/4113d6d129359fd9dc4ee692ed3652ac/element - {"using":"xpath","value":"//*[@id=\"application-ruinventorylist-display-component---Master--createContractItemsBtn-img\"]"}
RESULT: {"using":"xpath","value":"//*[@id=\"application-ruinventorylist-display-component---Master--createContractItemsBtn-img\"]"}
COMMAND: POST /session/4113d6d129359fd9dc4ee692ed3652ac/element/f.7E3A8558AA8FB2FD891CA09AA9D59AAC.d.F97F6EA8D56154FFE5C46AA454D587B9.e.4276/click - {}
RESULT: {}
COMMAND: GET /session/4113d6d129359fd9dc4ee692ed3652ac/screenshot - {}
RESULT: {}
COMMAND: POST /session/4113d6d129359fd9dc4ee692ed3652ac/element - {"using":"xpath","value":"//div[contains(@id ,\"application-ruinventorylist-display-component---Master--tableRuInventoryList-sa-CbBg\")]"}
RESULT: {"using":"xpath","value":"//div[contains(@id ,\"application-ruinventorylist-display-component---Master--tableRuInventoryList-sa-CbBg\")]"}
COMMAND: POST /session/4113d6d129359fd9dc4ee692ed3652ac/element/f.7E3A8558AA8FB2FD891CA09AA9D59AAC.d.F97F6EA8D56154FFE5C46AA454D587B9.e.4423/click - {}
RESULT: {}
RESULT: undefined
COMMAND: POST /session/4113d6d129359fd9dc4ee692ed3652ac/element - {"using":"xpath","value":"//*[@id=\"application-ruinventorylist-display-component---Master--createContractItemsBtn-img\"]"}
COMMAND: GET /session/4113d6d129359fd9dc4ee692ed3652ac/screenshot - {}
RESULT: {"using":"xpath","value":"//*[@id=\"application-ruinventorylist-display-component---Master--createContractItemsBtn-img\"]"}
COMMAND: POST /session/4113d6d129359fd9dc4ee692ed3652ac/element/f.7E3A8558AA8FB2FD891CA09AA9D59AAC.d.F97F6EA8D56154FFE5C46AA454D587B9.e.4276/click - {}
RESULT: {}
RESULT: {}
COMMAND: GET /session/4113d6d129359fd9dc4ee692ed3652ac/screenshot - {}
RESULT: {}
COMMAND: POST /session/4113d6d129359fd9dc4ee692ed3652ac/element - {"using":"xpath","value":"//div[contains(@class ,\"sapMObjStatus sapMObjStatusError sapMObjStatusActive\")]"}
RESULT: {"using":"xpath","value":"//div[contains(@class ,\"sapMObjStatus sapMObjStatusError sapMObjStatusActive\")]"}
COMMAND: POST /session/4113d6d129359fd9dc4ee692ed3652ac/elements - {"using":"xpath","value":"//div[contains(@class ,\"sapMObjStatus sapMObjStatusError sapMObjStatusActive\")]"}
RESULT: {"using":"xpath","value":"//div[contains(@class ,\"sapMObjStatus sapMObjStatusError sapMObjStatusActive\")]"}
COMMAND: POST /session/4113d6d129359fd9dc4ee692ed3652ac/element - {"using":"xpath","value":"//input[contains(@id, \"application-ruinventorylist-display-component---Master--contractCb-inner\")]"}
RESULT: {"using":"xpath","value":"//input[contains(@id, \"application-ruinventorylist-display-component---Master--contractCb-inner\")]"}
COMMAND: POST /session/4113d6d129359fd9dc4ee692ed3652ac/element/f.7E3A8558AA8FB2FD891CA09AA9D59AAC.d.F97F6EA8D56154FFE5C46AA454D587B9.e.4426/clear - {}
RESULT: {}
COMMAND: POST /session/4113d6d129359fd9dc4ee692ed3652ac/element/f.7E3A8558AA8FB2FD891CA09AA9D59AAC.d.F97F6EA8D56154FFE5C46AA454D587B9.e.4426/value - {"text":"10279"}
COMMAND: GET /session/4113d6d129359fd9dc4ee692ed3652ac/screenshot - {}
RESULT: {"text":"10279"}
COMMAND: GET /session/4113d6d129359fd9dc4ee692ed3652ac/screenshot - {}
RESULT: {}
RESULT: {}
COMMAND: POST /session/4113d6d129359fd9dc4ee692ed3652ac/actions - {"actions":[{"id":"action25","type":"key","parameters":{},"actions":[{"type":"keyDown","value":"î€‡"},{"type":"pause","duration":10},{"type":"keyUp","value":"î€‡"}]}]}
RESULT: {"actions":[{"id":"action25","type":"key","parameters":{},"actions":[{"type":"keyDown","value":"î€‡"},{"type":"pause","duration":10},{"type":"keyUp","value":"î€‡"}]}]}
COMMAND: GET /session/4113d6d129359fd9dc4ee692ed3652ac/screenshot - {}
RESULT: {}
COMMAND: POST /session/4113d6d129359fd9dc4ee692ed3652ac/actions - {"actions":[{"id":"action26","type":"key","parameters":{},"actions":[{"type":"keyDown","value":"î€‡"},{"type":"pause","duration":10},{"type":"keyUp","value":"î€‡"}]}]}
RESULT: {"actions":[{"id":"action26","type":"key","parameters":{},"actions":[{"type":"keyDown","value":"î€‡"},{"type":"pause","duration":10},{"type":"keyUp","value":"î€‡"}]}]}
COMMAND: GET /session/4113d6d129359fd9dc4ee692ed3652ac/screenshot - {}
RESULT: {}
COMMAND: POST /session/4113d6d129359fd9dc4ee692ed3652ac/element - {"using":"xpath","value":"//input[contains(@id, \"application-ruinventorylist-display-component---Master--endDate-inner\")]"}
RESULT: {"using":"xpath","value":"//input[contains(@id, \"application-ruinventorylist-display-component---Master--endDate-inner\")]"}
COMMAND: POST /session/4113d6d129359fd9dc4ee692ed3652ac/element/f.7E3A8558AA8FB2FD891CA09AA9D59AAC.d.F97F6EA8D56154FFE5C46AA454D587B9.e.4429/clear - {}
RESULT: {}
COMMAND: POST /session/4113d6d129359fd9dc4ee692ed3652ac/element/f.7E3A8558AA8FB2FD891CA09AA9D59AAC.d.F97F6EA8D56154FFE5C46AA454D587B9.e.4429/value - {"text":"05/16/25"}
COMMAND: GET /session/4113d6d129359fd9dc4ee692ed3652ac/screenshot - {}
RESULT: {"text":"05/16/25"}
COMMAND: POST /session/4113d6d129359fd9dc4ee692ed3652ac/element - {"using":"xpath","value":"(//div[contains(@data-kt ,\"characteristicsObjectStatus\")])[2]"}
COMMAND: GET /session/4113d6d129359fd9dc4ee692ed3652ac/screenshot - {}
RESULT: {}
RESULT: {"using":"xpath","value":"(//div[contains(@data-kt ,\"characteristicsObjectStatus\")])[2]"}
COMMAND: POST /session/4113d6d129359fd9dc4ee692ed3652ac/element/f.7E3A8558AA8FB2FD891CA09AA9D59AAC.d.F97F6EA8D56154FFE5C46AA454D587B9.e.4443/click - {}
RESULT: {}
RESULT: {}
COMMAND: GET /session/4113d6d129359fd9dc4ee692ed3652ac/screenshot - {}
RESULT: {}
COMMAND: POST /session/4113d6d129359fd9dc4ee692ed3652ac/element - {"using":"xpath","value":"//span[contains(@id ,\"application-ruinventorylist-display-component---Master--addSplitCharacteristicsRowButton-img\")]"}
RESULT: {"using":"xpath","value":"//span[contains(@id ,\"application-ruinventorylist-display-component---Master--addSplitCharacteristicsRowButton-img\")]"}
COMMAND: POST /session/4113d6d129359fd9dc4ee692ed3652ac/element/f.7E3A8558AA8FB2FD891CA09AA9D59AAC.d.F97F6EA8D56154FFE5C46AA454D587B9.e.4447/click - {}
RESULT: {}
COMMAND: POST /session/4113d6d129359fd9dc4ee692ed3652ac/element - {"using":"xpath","value":"(//input[contains(@id ,\"application-ruinventorylist-display-component---Master--splitCharacteristicsTable-0-inner\")])[1]"}
COMMAND: GET /session/4113d6d129359fd9dc4ee692ed3652ac/screenshot - {}
RESULT: {"using":"xpath","value":"(//input[contains(@id ,\"application-ruinventorylist-display-component---Master--splitCharacteristicsTable-0-inner\")])[1]"}
COMMAND: POST /session/4113d6d129359fd9dc4ee692ed3652ac/element/f.7E3A8558AA8FB2FD891CA09AA9D59AAC.d.F97F6EA8D56154FFE5C46AA454D587B9.e.4449/clear - {}
RESULT: {}
RESULT: {}
COMMAND: POST /session/4113d6d129359fd9dc4ee692ed3652ac/element/f.7E3A8558AA8FB2FD891CA09AA9D59AAC.d.F97F6EA8D56154FFE5C46AA454D587B9.e.4449/value - {"text":"Cost Center"}
COMMAND: GET /session/4113d6d129359fd9dc4ee692ed3652ac/screenshot - {}
RESULT: {"text":"Cost Center"}
COMMAND: GET /session/4113d6d129359fd9dc4ee692ed3652ac/screenshot - {}
RESULT: {}
RESULT: {}
COMMAND: POST /session/4113d6d129359fd9dc4ee692ed3652ac/actions - {"actions":[{"id":"action27","type":"key","parameters":{},"actions":[{"type":"keyDown","value":"î€‡"},{"type":"pause","duration":10},{"type":"keyUp","value":"î€‡"}]}]}
RESULT: {"actions":[{"id":"action27","type":"key","parameters":{},"actions":[{"type":"keyDown","value":"î€‡"},{"type":"pause","duration":10},{"type":"keyUp","value":"î€‡"}]}]}
COMMAND: POST /session/4113d6d129359fd9dc4ee692ed3652ac/execute/async - {"script":"<script> [1562 bytes]","args":[{"selector":{"controlType":"sap.ui.core.Icon","viewName":"etm.portal.ui.ruinventorylist.view.Master","viewId":"application-ruinventorylist-display-component---Master","properties":{"src":{"regex":{"source":"value\\-help"}}},"searchOpenDialogs":true,"ancestor":{"controlType":"sap.m.ColumnListItem","viewName":"etm.portal.ui.ruinventorylist.view.Master","viewId":"application-ruinventorylist-display-component---Master","bindingPath":{"modelName":"additionalRequiredFields","path":"/currentCharacteristics/0"},"ancestor":{"id":"application-ruinventorylist-display-component---Master--splitCharacteristicsTable","searchOpenDialogs":true}}},"wdio_ui5_key":"etmportal.ui.ruinventorylist.view.Mastersap.ui.core.Icon{\"src\":{\"regex\":{\"source\":\"value\\\\-help\"}}}{\"controlType\":\"sap.m.ColumnListItem\",\"viewName\":\"etm.portal.ui.ruinventorylist.view.Master\",\"viewId\":\"application-ruinventorylist-display-component---Master\",\"bindingPath\":{\"modelName\":\"additionalRequiredFields\",\"path\":\"/currentCharacteristics/0\"},\"ancestor\":{\"id\":\"application-ruinventorylist-display-component---Master--splitCharacteristicsTable\",\"searchOpenDialogs\":true}}"}]}
COMMAND: GET /session/4113d6d129359fd9dc4ee692ed3652ac/screenshot - {}
RESULT: {"script":"<script> [1562 bytes]","args":[{"selector":{"controlType":"sap.ui.core.Icon","viewName":"etm.portal.ui.ruinventorylist.view.Master","viewId":"application-ruinventorylist-display-component---Master","properties":{"src":{"regex":{"source":"value\\-help"}}},"searchOpenDialogs":true,"ancestor":{"controlType":"sap.m.ColumnListItem","viewName":"etm.portal.ui.ruinventorylist.view.Master","viewId":"application-ruinventorylist-display-component---Master","bindingPath":{"modelName":"additionalRequiredFields","path":"/currentCharacteristics/0"},"ancestor":{"id":"application-ruinventorylist-display-component---Master--splitCharacteristicsTable","searchOpenDialogs":true}}},"wdio_ui5_key":"etmportal.ui.ruinventorylist.view.Mastersap.ui.core.Icon{\"src\":{\"regex\":{\"source\":\"value\\\\-help\"}}}{\"controlType\":\"sap.m.ColumnListItem\",\"viewName\":\"etm.portal.ui.ruinventorylist.view.Master\",\"viewId\":\"application-ruinventorylist-display-component---Master\",\"bindingPath\":{\"modelName\":\"additionalRequiredFields\",\"path\":\"/currentCharacteristics/0\"},\"ancestor\":{\"id\":\"application-ruinventorylist-display-component---Master--splitCharacteristicsTable\",\"searchOpenDialogs\":true}}"}]}
RESULT: undefined
COMMAND: POST /session/4113d6d129359fd9dc4ee692ed3652ac/element - {"using":"xpath","value":"//*[@id=\"__help4-application-ruinventorylist-display-component---Master--splitCharacteristicsTable-0-vhi\"]"}
RESULT: {}
RESULT: {"using":"xpath","value":"//*[@id=\"__help4-application-ruinventorylist-display-component---Master--splitCharacteristicsTable-0-vhi\"]"}
COMMAND: POST /session/4113d6d129359fd9dc4ee692ed3652ac/element/f.7E3A8558AA8FB2FD891CA09AA9D59AAC.d.F97F6EA8D56154FFE5C46AA454D587B9.e.4457/click - {}
RESULT: {}
COMMAND: POST /session/4113d6d129359fd9dc4ee692ed3652ac/element - {"using":"xpath","value":"(//input[contains(@aria-label ,\"Search\")])[1]"}
COMMAND: GET /session/4113d6d129359fd9dc4ee692ed3652ac/screenshot - {}
RESULT: {"using":"xpath","value":"(//input[contains(@aria-label ,\"Search\")])[1]"}
COMMAND: POST /session/4113d6d129359fd9dc4ee692ed3652ac/element/f.7E3A8558AA8FB2FD891CA09AA9D59AAC.d.F97F6EA8D56154FFE5C46AA454D587B9.e.4459/clear - {}
RESULT: {}
RESULT: {}
COMMAND: POST /session/4113d6d129359fd9dc4ee692ed3652ac/element/f.7E3A8558AA8FB2FD891CA09AA9D59AAC.d.F97F6EA8D56154FFE5C46AA454D587B9.e.4459/value - {"text":"10001010"}
COMMAND: GET /session/4113d6d129359fd9dc4ee692ed3652ac/screenshot - {}
RESULT: {"text":"10001010"}
COMMAND: POST /session/4113d6d129359fd9dc4ee692ed3652ac/actions - {"actions":[{"id":"action28","type":"key","parameters":{},"actions":[{"type":"keyDown","value":"î€‡"},{"type":"pause","duration":10},{"type":"keyUp","value":"î€‡"}]}]}
COMMAND: GET /session/4113d6d129359fd9dc4ee692ed3652ac/screenshot - {}
RESULT: {}
RESULT: {"actions":[{"id":"action28","type":"key","parameters":{},"actions":[{"type":"keyDown","value":"î€‡"},{"type":"pause","duration":10},{"type":"keyUp","value":"î€‡"}]}]}
COMMAND: GET /session/4113d6d129359fd9dc4ee692ed3652ac/screenshot - {}
RESULT: {}
RESULT: {}
COMMAND: POST /session/4113d6d129359fd9dc4ee692ed3652ac/element - {"using":"xpath","value":"(//span[contains(text(), \"Purchasing\")])[1]"}
RESULT: {"using":"xpath","value":"(//span[contains(text(), \"Purchasing\")])[1]"}
COMMAND: POST /session/4113d6d129359fd9dc4ee692ed3652ac/element/f.7E3A8558AA8FB2FD891CA09AA9D59AAC.d.F97F6EA8D56154FFE5C46AA454D587B9.e.4496/click - {}
RESULT: {}
COMMAND: GET /session/4113d6d129359fd9dc4ee692ed3652ac/screenshot - {}
RESULT: {}
COMMAND: POST /session/4113d6d129359fd9dc4ee692ed3652ac/element - {"using":"xpath","value":"//span[contains(@id ,\"ok-content\")]"}
RESULT: {"using":"xpath","value":"//span[contains(@id ,\"ok-content\")]"}
COMMAND: POST /session/4113d6d129359fd9dc4ee692ed3652ac/element/f.7E3A8558AA8FB2FD891CA09AA9D59AAC.d.F97F6EA8D56154FFE5C46AA454D587B9.e.4497/click - {}
RESULT: {}
COMMAND: GET /session/4113d6d129359fd9dc4ee692ed3652ac/screenshot - {}
RESULT: {}
COMMAND: POST /session/4113d6d129359fd9dc4ee692ed3652ac/element - {"using":"xpath","value":"//bdi[contains(text(), \"Save\")]"}
RESULT: {"using":"xpath","value":"//bdi[contains(text(), \"Save\")]"}
COMMAND: POST /session/4113d6d129359fd9dc4ee692ed3652ac/element/f.7E3A8558AA8FB2FD891CA09AA9D59AAC.d.F97F6EA8D56154FFE5C46AA454D587B9.e.4500/click - {}
RESULT: {}
COMMAND: GET /session/4113d6d129359fd9dc4ee692ed3652ac/screenshot - {}
RESULT: {}
COMMAND: POST /session/4113d6d129359fd9dc4ee692ed3652ac/element - {"using":"xpath","value":"//bdi[contains(text(), \"OK\")]"}
RESULT: {"using":"xpath","value":"//bdi[contains(text(), \"OK\")]"}
COMMAND: POST /session/4113d6d129359fd9dc4ee692ed3652ac/element/f.7E3A8558AA8FB2FD891CA09AA9D59AAC.d.F97F6EA8D56154FFE5C46AA454D587B9.e.4502/click - {}
RESULT: {}
COMMAND: GET /session/4113d6d129359fd9dc4ee692ed3652ac/screenshot - {}
RESULT: {}
COMMAND: POST /session/4113d6d129359fd9dc4ee692ed3652ac/actions - {"actions":[{"id":"action29","type":"key","parameters":{},"actions":[{"type":"keyDown","value":"î€‡"},{"type":"pause","duration":10},{"type":"keyUp","value":"î€‡"}]}]}
RESULT: {"actions":[{"id":"action29","type":"key","parameters":{},"actions":[{"type":"keyDown","value":"î€‡"},{"type":"pause","duration":10},{"type":"keyUp","value":"î€‡"}]}]}
COMMAND: GET /session/4113d6d129359fd9dc4ee692ed3652ac/screenshot - {}
RESULT: {}
COMMAND: POST /session/4113d6d129359fd9dc4ee692ed3652ac/execute/async - {"script":"<script> [1562 bytes]","args":[{"selector":{"controlType":"sap.m.Title","viewName":"etm.portal.ui.managecontracts.view.Detail","properties":{"text":"Contract Items (1)"}},"wdio_ui5_key":"etmportal.ui.managecontracts.view.Detailsap.m.Title{\"text\":\"Contract Items (1)\"}"}]}
RESULT: {"script":"<script> [1562 bytes]","args":[{"selector":{"controlType":"sap.m.Title","viewName":"etm.portal.ui.managecontracts.view.Detail","properties":{"text":"Contract Items (1)"}},"wdio_ui5_key":"etmportal.ui.managecontracts.view.Detailsap.m.Title{\"text\":\"Contract Items (1)\"}"}]}
RESULT: undefined
COMMAND: POST /session/4113d6d129359fd9dc4ee692ed3652ac/execute/async - {"script":"<script> [6424 bytes]","args":[{"element-6066-11e4-a52e-4f735466cecf":"f.7E3A8558AA8FB2FD891CA09AA9D59AAC.d.F97F6EA8D56154FFE5C46AA454D587B9.e.4723"},"getText",[]]}
RESULT: {"script":"<script> [6424 bytes]","args":[{"element-6066-11e4-a52e-4f735466cecf":"f.7E3A8558AA8FB2FD891CA09AA9D59AAC.d.F97F6EA8D56154FFE5C46AA454D587B9.e.4723"},"getText",[]]}
COMMAND: POST /session/4113d6d129359fd9dc4ee692ed3652ac/element - {"using":"xpath","value":"//div[contains(@data-kt ,\"characteristicsObjectStatus\")]"}
RESULT: {"using":"xpath","value":"//div[contains(@data-kt ,\"characteristicsObjectStatus\")]"}
COMMAND: POST /session/4113d6d129359fd9dc4ee692ed3652ac/element/f.7E3A8558AA8FB2FD891CA09AA9D59AAC.d.F97F6EA8D56154FFE5C46AA454D587B9.e.4724/click - {}
RESULT: {}
COMMAND: GET /session/4113d6d129359fd9dc4ee692ed3652ac/screenshot - {}
RESULT: {}
COMMAND: POST /session/4113d6d129359fd9dc4ee692ed3652ac/element - {"using":"xpath","value":"(//input[contains(@class ,\"sapMInputBaseInner sapMComboBoxInner\")])[2]"}
RESULT: {"using":"xpath","value":"(//input[contains(@class ,\"sapMInputBaseInner sapMComboBoxInner\")])[2]"}
COMMAND: GET /session/4113d6d129359fd9dc4ee692ed3652ac/element/f.7E3A8558AA8FB2FD891CA09AA9D59AAC.d.F97F6EA8D56154FFE5C46AA454D587B9.e.4730/property/value - {}
RESULT: {}
COMMAND: POST /session/4113d6d129359fd9dc4ee692ed3652ac/element - {"using":"xpath","value":"//span[contains(text(), \"Input (10001010) 10001010 - Purchasing\")]"}
COMMAND: GET /session/4113d6d129359fd9dc4ee692ed3652ac/screenshot - {}
RESULT: {"using":"xpath","value":"//span[contains(text(), \"Input (10001010) 10001010 - Purchasing\")]"}
COMMAND: POST /session/4113d6d129359fd9dc4ee692ed3652ac/elements - {"using":"xpath","value":"//span[contains(text(), \"Input (10001010) 10001010 - Purchasing\")]"}
RESULT: {}
RESULT: {"using":"xpath","value":"//span[contains(text(), \"Input (10001010) 10001010 - Purchasing\")]"}
COMMAND: POST /session/4113d6d129359fd9dc4ee692ed3652ac/elements - {"using":"xpath","value":"//span[contains(text(), \"Input (10001010) 10001010 - Purchasing\")]"}
RESULT: {"using":"xpath","value":"//span[contains(text(), \"Input (10001010) 10001010 - Purchasing\")]"}
COMMAND: POST /session/4113d6d129359fd9dc4ee692ed3652ac/elements - {"using":"xpath","value":"//span[contains(text(), \"Input (10001010) 10001010 - Purchasing\")]"}
RESULT: {"using":"xpath","value":"//span[contains(text(), \"Input (10001010) 10001010 - Purchasing\")]"}
COMMAND: POST /session/4113d6d129359fd9dc4ee692ed3652ac/elements - {"using":"xpath","value":"//span[contains(text(), \"Input (10001010) 10001010 - Purchasing\")]"}
RESULT: {"using":"xpath","value":"//span[contains(text(), \"Input (10001010) 10001010 - Purchasing\")]"}
COMMAND: POST /session/4113d6d129359fd9dc4ee692ed3652ac/elements - {"using":"xpath","value":"//span[contains(text(), \"Input (10001010) 10001010 - Purchasing\")]"}
RESULT: {"using":"xpath","value":"//span[contains(text(), \"Input (10001010) 10001010 - Purchasing\")]"}
COMMAND: POST /session/4113d6d129359fd9dc4ee692ed3652ac/elements - {"using":"xpath","value":"//span[contains(text(), \"Input (10001010) 10001010 - Purchasing\")]"}
RESULT: {"using":"xpath","value":"//span[contains(text(), \"Input (10001010) 10001010 - Purchasing\")]"}
COMMAND: POST /session/4113d6d129359fd9dc4ee692ed3652ac/elements - {"using":"xpath","value":"//span[contains(text(), \"Input (10001010) 10001010 - Purchasing\")]"}
RESULT: {"using":"xpath","value":"//span[contains(text(), \"Input (10001010) 10001010 - Purchasing\")]"}
COMMAND: POST /session/4113d6d129359fd9dc4ee692ed3652ac/elements - {"using":"xpath","value":"//span[contains(text(), \"Input (10001010) 10001010 - Purchasing\")]"}
RESULT: {"using":"xpath","value":"//span[contains(text(), \"Input (10001010) 10001010 - Purchasing\")]"}
COMMAND: POST /session/4113d6d129359fd9dc4ee692ed3652ac/elements - {"using":"xpath","value":"//span[contains(text(), \"Input (10001010) 10001010 - Purchasing\")]"}
RESULT: {"using":"xpath","value":"//span[contains(text(), \"Input (10001010) 10001010 - Purchasing\")]"}
COMMAND: POST /session/4113d6d129359fd9dc4ee692ed3652ac/elements - {"using":"xpath","value":"//span[contains(text(), \"Input (10001010) 10001010 - Purchasing\")]"}
RESULT: {"using":"xpath","value":"//span[contains(text(), \"Input (10001010) 10001010 - Purchasing\")]"}
COMMAND: POST /session/4113d6d129359fd9dc4ee692ed3652ac/elements - {"using":"xpath","value":"//span[contains(text(), \"Input (10001010) 10001010 - Purchasing\")]"}
RESULT: {"using":"xpath","value":"//span[contains(text(), \"Input (10001010) 10001010 - Purchasing\")]"}
COMMAND: POST /session/4113d6d129359fd9dc4ee692ed3652ac/elements - {"using":"xpath","value":"//span[contains(text(), \"Input (10001010) 10001010 - Purchasing\")]"}
RESULT: {"using":"xpath","value":"//span[contains(text(), \"Input (10001010) 10001010 - Purchasing\")]"}
COMMAND: POST /session/4113d6d129359fd9dc4ee692ed3652ac/elements - {"using":"xpath","value":"//span[contains(text(), \"Input (10001010) 10001010 - Purchasing\")]"}
RESULT: {"using":"xpath","value":"//span[contains(text(), \"Input (10001010) 10001010 - Purchasing\")]"}
COMMAND: POST /session/4113d6d129359fd9dc4ee692ed3652ac/elements - {"using":"xpath","value":"//span[contains(text(), \"Input (10001010) 10001010 - Purchasing\")]"}
RESULT: {"using":"xpath","value":"//span[contains(text(), \"Input (10001010) 10001010 - Purchasing\")]"}
COMMAND: POST /session/4113d6d129359fd9dc4ee692ed3652ac/elements - {"using":"xpath","value":"//span[contains(text(), \"Input (10001010) 10001010 - Purchasing\")]"}
RESULT: {"using":"xpath","value":"//span[contains(text(), \"Input (10001010) 10001010 - Purchasing\")]"}
COMMAND: POST /session/4113d6d129359fd9dc4ee692ed3652ac/elements - {"using":"xpath","value":"//span[contains(text(), \"Input (10001010) 10001010 - Purchasing\")]"}
RESULT: {"using":"xpath","value":"//span[contains(text(), \"Input (10001010) 10001010 - Purchasing\")]"}
COMMAND: POST /session/4113d6d129359fd9dc4ee692ed3652ac/elements - {"using":"xpath","value":"//span[contains(text(), \"Input (10001010) 10001010 - Purchasing\")]"}
RESULT: {"using":"xpath","value":"//span[contains(text(), \"Input (10001010) 10001010 - Purchasing\")]"}
COMMAND: POST /session/4113d6d129359fd9dc4ee692ed3652ac/elements - {"using":"xpath","value":"//span[contains(text(), \"Input (10001010) 10001010 - Purchasing\")]"}
RESULT: {"using":"xpath","value":"//span[contains(text(), \"Input (10001010) 10001010 - Purchasing\")]"}
COMMAND: POST /session/4113d6d129359fd9dc4ee692ed3652ac/elements - {"using":"xpath","value":"//span[contains(text(), \"Input (10001010) 10001010 - Purchasing\")]"}
RESULT: {"using":"xpath","value":"//span[contains(text(), \"Input (10001010) 10001010 - Purchasing\")]"}
COMMAND: DELETE /session/4113d6d129359fd9dc4ee692ed3652ac - {}
RESULT: {}
]]></system-out>
    </testcase>
  </testsuite>
</testsuites>