<?xml version="1.0" encoding="UTF-8"?>
<testsuites tests="9" failures="0" errors="0" skipped="0">
  <testsuite timestamp="2025-05-28T18:02:46" time="965.656" tests="9" failures="0" errors="0" skipped="0">
    <properties>
      <property name="specId" value="0"/>
      <property name="suiteName" value="Tests for Mass State Change on Manage States &amp; Performances US104416 US"/>
      <property name="capabilities" value="chrome.136_0_7103_93.windows"/>
      <property name="file" value="file:///D:/a/1/s/test/specs/HTR/create-mass-state-change.spec.js"/>
    </properties>
    <testcase classname="chrome.136_0_7103_93.windows.Tests_for_Mass_State_Change_on_Manage_States_&amp;_Performances_US104416_US" name="Prereq Should create a new yard used for all following tests" time="139.429">
      <system-out><![CDATA[
COMMAND: POST /session/adcd3ed6fb0100e4772cacde8c89e218/window/fullscreen - {}
RESULT: {}
COMMAND: POST /session/adcd3ed6fb0100e4772cacde8c89e218/execute/async - {"script":"<script> [1562 bytes]","args":[{"selector":{"controlType":"sap.m.GenericTile","properties":{"header":"Manage Yards"}},"wdio_ui5_key":"sapm.GenericTile{\"header\":\"Manage Yards\"}"}]}
RESULT: {"script":"<script> [1562 bytes]","args":[{"selector":{"controlType":"sap.m.GenericTile","properties":{"header":"Manage Yards"}},"wdio_ui5_key":"sapm.GenericTile{\"header\":\"Manage Yards\"}"}]}
RESULT: undefined
COMMAND: POST /session/adcd3ed6fb0100e4772cacde8c89e218/element - {"using":"xpath","value":"//*[@id=\"__tile41\"]"}
RESULT: {"using":"xpath","value":"//*[@id=\"__tile41\"]"}
COMMAND: POST /session/adcd3ed6fb0100e4772cacde8c89e218/element/f.AE3220A217D4F6A0A4C8BD50DBA47D19.d.39BA2B5DE2E2A43B561EC4256D800698.e.163/click - {}
RESULT: {}
COMMAND: GET /session/adcd3ed6fb0100e4772cacde8c89e218/screenshot - {}
RESULT: {}
COMMAND: POST /session/adcd3ed6fb0100e4772cacde8c89e218/elements - {"using":"xpath","value":"//span[text()='Error']"}
RESULT: {"using":"xpath","value":"//span[text()='Error']"}
COMMAND: POST /session/adcd3ed6fb0100e4772cacde8c89e218/element - {"using":"xpath","value":"//button[@data-kt=\"addNewYardOverflowToolbarButton\"]"}
RESULT: {"using":"xpath","value":"//button[@data-kt=\"addNewYardOverflowToolbarButton\"]"}
COMMAND: POST /session/adcd3ed6fb0100e4772cacde8c89e218/elements - {"using":"xpath","value":"//button[@data-kt=\"addNewYardOverflowToolbarButton\"]"}
RESULT: {"using":"xpath","value":"//button[@data-kt=\"addNewYardOverflowToolbarButton\"]"}
COMMAND: POST /session/adcd3ed6fb0100e4772cacde8c89e218/element - {"using":"xpath","value":"//button[@data-kt=\"addNewYardOverflowToolbarButton\"]"}
RESULT: {"using":"xpath","value":"//button[@data-kt=\"addNewYardOverflowToolbarButton\"]"}
COMMAND: POST /session/adcd3ed6fb0100e4772cacde8c89e218/execute/sync - {"script":"<script> [8489 bytes]","args":[{"element-6066-11e4-a52e-4f735466cecf":"f.AE3220A217D4F6A0A4C8BD50DBA47D19.d.39BA2B5DE2E2A43B561EC4256D800698.e.311","ELEMENT":"f.AE3220A217D4F6A0A4C8BD50DBA47D19.d.39BA2B5DE2E2A43B561EC4256D800698.e.311"}]}
RESULT: {"script":"<script> [8489 bytes]","args":[{"element-6066-11e4-a52e-4f735466cecf":"f.AE3220A217D4F6A0A4C8BD50DBA47D19.d.39BA2B5DE2E2A43B561EC4256D800698.e.311","ELEMENT":"f.AE3220A217D4F6A0A4C8BD50DBA47D19.d.39BA2B5DE2E2A43B561EC4256D800698.e.311"}]}
COMMAND: GET /session/adcd3ed6fb0100e4772cacde8c89e218/element/f.AE3220A217D4F6A0A4C8BD50DBA47D19.d.39BA2B5DE2E2A43B561EC4256D800698.e.311/enabled - {}
COMMAND: GET /session/adcd3ed6fb0100e4772cacde8c89e218/screenshot - {}
RESULT: {}
COMMAND: POST /session/adcd3ed6fb0100e4772cacde8c89e218/execute/sync - {"script":"<script> [8489 bytes]","args":[{"element-6066-11e4-a52e-4f735466cecf":"f.AE3220A217D4F6A0A4C8BD50DBA47D19.d.39BA2B5DE2E2A43B561EC4256D800698.e.311","ELEMENT":"f.AE3220A217D4F6A0A4C8BD50DBA47D19.d.39BA2B5DE2E2A43B561EC4256D800698.e.311"}]}
COMMAND: GET /session/adcd3ed6fb0100e4772cacde8c89e218/screenshot - {}
RESULT: {}
RESULT: {"script":"<script> [8489 bytes]","args":[{"element-6066-11e4-a52e-4f735466cecf":"f.AE3220A217D4F6A0A4C8BD50DBA47D19.d.39BA2B5DE2E2A43B561EC4256D800698.e.311","ELEMENT":"f.AE3220A217D4F6A0A4C8BD50DBA47D19.d.39BA2B5DE2E2A43B561EC4256D800698.e.311"}]}
COMMAND: POST /session/adcd3ed6fb0100e4772cacde8c89e218/execute/sync - {"script":"<script> [5351 bytes]","args":[{"element-6066-11e4-a52e-4f735466cecf":"f.AE3220A217D4F6A0A4C8BD50DBA47D19.d.39BA2B5DE2E2A43B561EC4256D800698.e.311","ELEMENT":"f.AE3220A217D4F6A0A4C8BD50DBA47D19.d.39BA2B5DE2E2A43B561EC4256D800698.e.311"}]}
COMMAND: GET /session/adcd3ed6fb0100e4772cacde8c89e218/screenshot - {}
RESULT: {}
RESULT: {"script":"<script> [5351 bytes]","args":[{"element-6066-11e4-a52e-4f735466cecf":"f.AE3220A217D4F6A0A4C8BD50DBA47D19.d.39BA2B5DE2E2A43B561EC4256D800698.e.311","ELEMENT":"f.AE3220A217D4F6A0A4C8BD50DBA47D19.d.39BA2B5DE2E2A43B561EC4256D800698.e.311"}]}
COMMAND: POST /session/adcd3ed6fb0100e4772cacde8c89e218/element/f.AE3220A217D4F6A0A4C8BD50DBA47D19.d.39BA2B5DE2E2A43B561EC4256D800698.e.311/click - {}
COMMAND: GET /session/adcd3ed6fb0100e4772cacde8c89e218/screenshot - {}
RESULT: {}
RESULT: {}
COMMAND: GET /session/adcd3ed6fb0100e4772cacde8c89e218/screenshot - {}
COMMAND: POST /session/adcd3ed6fb0100e4772cacde8c89e218/element - {"using":"xpath","value":"//input[@id=\"application-manageyards-display-component---NewYard--yardId-inner\"]"}
RESULT: {}
RESULT: {}
RESULT: {"using":"xpath","value":"//input[@id=\"application-manageyards-display-component---NewYard--yardId-inner\"]"}
COMMAND: POST /session/adcd3ed6fb0100e4772cacde8c89e218/element - {"using":"xpath","value":"//input[@id=\"application-manageyards-display-component---NewYard--yardId-inner\"]"}
RESULT: {"using":"xpath","value":"//input[@id=\"application-manageyards-display-component---NewYard--yardId-inner\"]"}
COMMAND: POST /session/adcd3ed6fb0100e4772cacde8c89e218/execute/async - {"script":"<script> [1562 bytes]","args":[{"selector":{"id":"application-manageyards-display-component---NewYard--addressDetailDetailsName1","interaction":{"idSuffix":"inner"}},"wdio_ui5_key":"applicationmanageyards-display-component---NewYard--addressDetailDetailsName1"}]}
RESULT: {"script":"<script> [1562 bytes]","args":[{"selector":{"id":"application-manageyards-display-component---NewYard--addressDetailDetailsName1","interaction":{"idSuffix":"inner"}},"wdio_ui5_key":"applicationmanageyards-display-component---NewYard--addressDetailDetailsName1"}]}
RESULT: undefined
COMMAND: POST /session/adcd3ed6fb0100e4772cacde8c89e218/execute/async - {"script":"<script> [776 bytes]","args":[{"enterText":"Other Yard WDIO","selector":{"id":"application-manageyards-display-component---NewYard--addressDetailDetailsName1","interaction":{"idSuffix":"inner"}},"clearTextFirst":true,"interactionType":"ENTER_TEXT"}]}
RESULT: {"script":"<script> [776 bytes]","args":[{"enterText":"Other Yard WDIO","selector":{"id":"application-manageyards-display-component---NewYard--addressDetailDetailsName1","interaction":{"idSuffix":"inner"}},"clearTextFirst":true,"interactionType":"ENTER_TEXT"}]}
COMMAND: POST /session/adcd3ed6fb0100e4772cacde8c89e218/execute/async - {"script":"<script> [1562 bytes]","args":[{"selector":{"id":"application-manageyards-display-component---NewYard--addressDetailDetailsLanguage-arrow"},"wdio_ui5_key":"applicationmanageyards-display-component---NewYard--addressDetailDetailsLanguage-arrow"}]}
RESULT: {"script":"<script> [1562 bytes]","args":[{"selector":{"id":"application-manageyards-display-component---NewYard--addressDetailDetailsLanguage-arrow"},"wdio_ui5_key":"applicationmanageyards-display-component---NewYard--addressDetailDetailsLanguage-arrow"}]}
RESULT: undefined
COMMAND: POST /session/adcd3ed6fb0100e4772cacde8c89e218/element - {"using":"xpath","value":"//*[@id=\"application-manageyards-display-component---NewYard--addressDetailDetailsLanguage-arrow\"]"}
RESULT: {"using":"xpath","value":"//*[@id=\"application-manageyards-display-component---NewYard--addressDetailDetailsLanguage-arrow\"]"}
COMMAND: POST /session/adcd3ed6fb0100e4772cacde8c89e218/element/f.AE3220A217D4F6A0A4C8BD50DBA47D19.d.39BA2B5DE2E2A43B561EC4256D800698.e.729/click - {}
RESULT: {}
COMMAND: POST /session/adcd3ed6fb0100e4772cacde8c89e218/element - {"using":"xpath","value":"//span[contains(text(), \"English\")]"}
COMMAND: GET /session/adcd3ed6fb0100e4772cacde8c89e218/screenshot - {}
RESULT: {"using":"xpath","value":"//span[contains(text(), \"English\")]"}
COMMAND: POST /session/adcd3ed6fb0100e4772cacde8c89e218/element/f.AE3220A217D4F6A0A4C8BD50DBA47D19.d.39BA2B5DE2E2A43B561EC4256D800698.e.730/click - {}
RESULT: {}
RESULT: {}
COMMAND: POST /session/adcd3ed6fb0100e4772cacde8c89e218/execute/async - {"script":"<script> [1562 bytes]","args":[{"selector":{"id":"application-manageyards-display-component---NewYard--addressDetailDetailsCity1","interaction":{"idSuffix":"inner"}},"wdio_ui5_key":"applicationmanageyards-display-component---NewYard--addressDetailDetailsCity1"}]}
COMMAND: GET /session/adcd3ed6fb0100e4772cacde8c89e218/screenshot - {}
RESULT: {"script":"<script> [1562 bytes]","args":[{"selector":{"id":"application-manageyards-display-component---NewYard--addressDetailDetailsCity1","interaction":{"idSuffix":"inner"}},"wdio_ui5_key":"applicationmanageyards-display-component---NewYard--addressDetailDetailsCity1"}]}
RESULT: undefined
COMMAND: POST /session/adcd3ed6fb0100e4772cacde8c89e218/execute/async - {"script":"<script> [776 bytes]","args":[{"enterText":"Rosario","selector":{"id":"application-manageyards-display-component---NewYard--addressDetailDetailsCity1","interaction":{"idSuffix":"inner"}},"clearTextFirst":true,"interactionType":"ENTER_TEXT"}]}
RESULT: {}
RESULT: {"script":"<script> [776 bytes]","args":[{"enterText":"Rosario","selector":{"id":"application-manageyards-display-component---NewYard--addressDetailDetailsCity1","interaction":{"idSuffix":"inner"}},"clearTextFirst":true,"interactionType":"ENTER_TEXT"}]}
COMMAND: POST /session/adcd3ed6fb0100e4772cacde8c89e218/execute/async - {"script":"<script> [1562 bytes]","args":[{"selector":{"id":"application-manageyards-display-component---NewYard--addressDetailDetailsCountry-arrow"},"wdio_ui5_key":"applicationmanageyards-display-component---NewYard--addressDetailDetailsCountry-arrow"}]}
RESULT: {"script":"<script> [1562 bytes]","args":[{"selector":{"id":"application-manageyards-display-component---NewYard--addressDetailDetailsCountry-arrow"},"wdio_ui5_key":"applicationmanageyards-display-component---NewYard--addressDetailDetailsCountry-arrow"}]}
RESULT: undefined
COMMAND: POST /session/adcd3ed6fb0100e4772cacde8c89e218/element - {"using":"xpath","value":"//*[@id=\"application-manageyards-display-component---NewYard--addressDetailDetailsCountry-arrow\"]"}
RESULT: {"using":"xpath","value":"//*[@id=\"application-manageyards-display-component---NewYard--addressDetailDetailsCountry-arrow\"]"}
COMMAND: POST /session/adcd3ed6fb0100e4772cacde8c89e218/element/f.AE3220A217D4F6A0A4C8BD50DBA47D19.d.39BA2B5DE2E2A43B561EC4256D800698.e.732/click - {}
RESULT: {}
COMMAND: POST /session/adcd3ed6fb0100e4772cacde8c89e218/element - {"using":"xpath","value":"//span[contains(text(), \"Argentina\")]"}
COMMAND: GET /session/adcd3ed6fb0100e4772cacde8c89e218/screenshot - {}
RESULT: {"using":"xpath","value":"//span[contains(text(), \"Argentina\")]"}
COMMAND: POST /session/adcd3ed6fb0100e4772cacde8c89e218/element/f.AE3220A217D4F6A0A4C8BD50DBA47D19.d.39BA2B5DE2E2A43B561EC4256D800698.e.733/click - {}
RESULT: {}
RESULT: {}
COMMAND: POST /session/adcd3ed6fb0100e4772cacde8c89e218/execute/async - {"script":"<script> [1562 bytes]","args":[{"selector":{"id":"application-manageyards-display-component---NewYard--addressEditDetailsCostObjectCstType-arrow"},"wdio_ui5_key":"applicationmanageyards-display-component---NewYard--addressEditDetailsCostObjectCstType-arrow"}]}
COMMAND: GET /session/adcd3ed6fb0100e4772cacde8c89e218/screenshot - {}
RESULT: {"script":"<script> [1562 bytes]","args":[{"selector":{"id":"application-manageyards-display-component---NewYard--addressEditDetailsCostObjectCstType-arrow"},"wdio_ui5_key":"applicationmanageyards-display-component---NewYard--addressEditDetailsCostObjectCstType-arrow"}]}
RESULT: undefined
COMMAND: POST /session/adcd3ed6fb0100e4772cacde8c89e218/element - {"using":"xpath","value":"//*[@id=\"application-manageyards-display-component---NewYard--addressEditDetailsCostObjectCstType-arrow\"]"}
RESULT: {}
RESULT: {"using":"xpath","value":"//*[@id=\"application-manageyards-display-component---NewYard--addressEditDetailsCostObjectCstType-arrow\"]"}
COMMAND: POST /session/adcd3ed6fb0100e4772cacde8c89e218/element/f.AE3220A217D4F6A0A4C8BD50DBA47D19.d.39BA2B5DE2E2A43B561EC4256D800698.e.735/click - {}
RESULT: {}
COMMAND: POST /session/adcd3ed6fb0100e4772cacde8c89e218/element - {"using":"xpath","value":"//span[contains(text(), \"Cost Center\")]"}
COMMAND: GET /session/adcd3ed6fb0100e4772cacde8c89e218/screenshot - {}
RESULT: {"using":"xpath","value":"//span[contains(text(), \"Cost Center\")]"}
COMMAND: POST /session/adcd3ed6fb0100e4772cacde8c89e218/element/f.AE3220A217D4F6A0A4C8BD50DBA47D19.d.39BA2B5DE2E2A43B561EC4256D800698.e.736/click - {}
RESULT: {}
RESULT: {}
COMMAND: GET /session/adcd3ed6fb0100e4772cacde8c89e218/screenshot - {}
RESULT: {}
COMMAND: POST /session/adcd3ed6fb0100e4772cacde8c89e218/element - {"using":"xpath","value":"//span[@id=\"application-manageyards-display-component---NewYard--addressNewCostObjectCstID-vhi\"]"}
RESULT: {"using":"xpath","value":"//span[@id=\"application-manageyards-display-component---NewYard--addressNewCostObjectCstID-vhi\"]"}
COMMAND: POST /session/adcd3ed6fb0100e4772cacde8c89e218/execute/sync - {"script":"<script> [8489 bytes]","args":[{"element-6066-11e4-a52e-4f735466cecf":"f.AE3220A217D4F6A0A4C8BD50DBA47D19.d.39BA2B5DE2E2A43B561EC4256D800698.e.740","ELEMENT":"f.AE3220A217D4F6A0A4C8BD50DBA47D19.d.39BA2B5DE2E2A43B561EC4256D800698.e.740"}]}
RESULT: {"script":"<script> [8489 bytes]","args":[{"element-6066-11e4-a52e-4f735466cecf":"f.AE3220A217D4F6A0A4C8BD50DBA47D19.d.39BA2B5DE2E2A43B561EC4256D800698.e.740","ELEMENT":"f.AE3220A217D4F6A0A4C8BD50DBA47D19.d.39BA2B5DE2E2A43B561EC4256D800698.e.740"}]}
COMMAND: POST /session/adcd3ed6fb0100e4772cacde8c89e218/execute/async - {"script":"<script> [1562 bytes]","args":[{"selector":{"id":"application-manageyards-display-component---NewYard--addressNewCostObjectCstID-vhi"},"wdio_ui5_key":"applicationmanageyards-display-component---NewYard--addressNewCostObjectCstID-vhi"}]}
COMMAND: GET /session/adcd3ed6fb0100e4772cacde8c89e218/screenshot - {}
RESULT: {"script":"<script> [1562 bytes]","args":[{"selector":{"id":"application-manageyards-display-component---NewYard--addressNewCostObjectCstID-vhi"},"wdio_ui5_key":"applicationmanageyards-display-component---NewYard--addressNewCostObjectCstID-vhi"}]}
RESULT: undefined
COMMAND: POST /session/adcd3ed6fb0100e4772cacde8c89e218/element - {"using":"xpath","value":"//*[@id=\"application-manageyards-display-component---NewYard--addressNewCostObjectCstID-vhi\"]"}
RESULT: {}
RESULT: {"using":"xpath","value":"//*[@id=\"application-manageyards-display-component---NewYard--addressNewCostObjectCstID-vhi\"]"}
COMMAND: POST /session/adcd3ed6fb0100e4772cacde8c89e218/element/f.AE3220A217D4F6A0A4C8BD50DBA47D19.d.39BA2B5DE2E2A43B561EC4256D800698.e.740/click - {}
RESULT: {}
COMMAND: GET /session/adcd3ed6fb0100e4772cacde8c89e218/screenshot - {}
RESULT: {}
COMMAND: POST /session/adcd3ed6fb0100e4772cacde8c89e218/execute/async - {"script":"<script> [1562 bytes]","args":[{"selector":{"controlType":"sap.m.SearchField","properties":{"placeholder":"Search"},"searchOpenDialogs":true,"interaction":{"idSuffix":"I"}},"wdio_ui5_key":"sapm.SearchField{\"placeholder\":\"Search\"}"}]}
RESULT: {"script":"<script> [1562 bytes]","args":[{"selector":{"controlType":"sap.m.SearchField","properties":{"placeholder":"Search"},"searchOpenDialogs":true,"interaction":{"idSuffix":"I"}},"wdio_ui5_key":"sapm.SearchField{\"placeholder\":\"Search\"}"}]}
RESULT: undefined
COMMAND: POST /session/adcd3ed6fb0100e4772cacde8c89e218/execute/async - {"script":"<script> [776 bytes]","args":[{"enterText":"bauh_b","selector":{"controlType":"sap.m.SearchField","properties":{"placeholder":"Search"},"searchOpenDialogs":true,"interaction":{"idSuffix":"I"}},"clearTextFirst":true,"interactionType":"ENTER_TEXT"}]}
RESULT: {"script":"<script> [776 bytes]","args":[{"enterText":"bauh_b","selector":{"controlType":"sap.m.SearchField","properties":{"placeholder":"Search"},"searchOpenDialogs":true,"interaction":{"idSuffix":"I"}},"clearTextFirst":true,"interactionType":"ENTER_TEXT"}]}
COMMAND: POST /session/adcd3ed6fb0100e4772cacde8c89e218/actions - {"actions":[{"id":"action1","type":"key","parameters":{},"actions":[{"type":"keyDown","value":""},{"type":"pause","duration":10},{"type":"keyUp","value":""}]}]}
RESULT: {"actions":[{"id":"action1","type":"key","parameters":{},"actions":[{"type":"keyDown","value":""},{"type":"pause","duration":10},{"type":"keyUp","value":""}]}]}
COMMAND: GET /session/adcd3ed6fb0100e4772cacde8c89e218/screenshot - {}
RESULT: {}
COMMAND: POST /session/adcd3ed6fb0100e4772cacde8c89e218/element - {"using":"xpath","value":"//span[contains(text(), \"Demo Yard\")]"}
RESULT: {"using":"xpath","value":"//span[contains(text(), \"Demo Yard\")]"}
COMMAND: POST /session/adcd3ed6fb0100e4772cacde8c89e218/element/f.AE3220A217D4F6A0A4C8BD50DBA47D19.d.39BA2B5DE2E2A43B561EC4256D800698.e.781/click - {}
RESULT: {}
COMMAND: GET /session/adcd3ed6fb0100e4772cacde8c89e218/screenshot - {}
RESULT: {}
COMMAND: POST /session/adcd3ed6fb0100e4772cacde8c89e218/element - {"using":"xpath","value":"//bdi[contains(text(), \"OK\")]"}
RESULT: {"using":"xpath","value":"//bdi[contains(text(), \"OK\")]"}
COMMAND: POST /session/adcd3ed6fb0100e4772cacde8c89e218/element/f.AE3220A217D4F6A0A4C8BD50DBA47D19.d.39BA2B5DE2E2A43B561EC4256D800698.e.782/click - {}
RESULT: {}
COMMAND: GET /session/adcd3ed6fb0100e4772cacde8c89e218/screenshot - {}
RESULT: {}
COMMAND: POST /session/adcd3ed6fb0100e4772cacde8c89e218/execute/async - {"script":"<script> [1562 bytes]","args":[{"selector":{"id":"application-manageyards-display-component---NewYard--addressEditDetailsCurrency-arrow"},"wdio_ui5_key":"applicationmanageyards-display-component---NewYard--addressEditDetailsCurrency-arrow"}]}
RESULT: {"script":"<script> [1562 bytes]","args":[{"selector":{"id":"application-manageyards-display-component---NewYard--addressEditDetailsCurrency-arrow"},"wdio_ui5_key":"applicationmanageyards-display-component---NewYard--addressEditDetailsCurrency-arrow"}]}
RESULT: undefined
COMMAND: POST /session/adcd3ed6fb0100e4772cacde8c89e218/element - {"using":"xpath","value":"//*[@id=\"application-manageyards-display-component---NewYard--addressEditDetailsCurrency-arrow\"]"}
RESULT: {"using":"xpath","value":"//*[@id=\"application-manageyards-display-component---NewYard--addressEditDetailsCurrency-arrow\"]"}
COMMAND: POST /session/adcd3ed6fb0100e4772cacde8c89e218/element/f.AE3220A217D4F6A0A4C8BD50DBA47D19.d.39BA2B5DE2E2A43B561EC4256D800698.e.785/click - {}
RESULT: {}
COMMAND: POST /session/adcd3ed6fb0100e4772cacde8c89e218/element - {"using":"xpath","value":"//span[contains(text(), \"Euro\")]"}
COMMAND: GET /session/adcd3ed6fb0100e4772cacde8c89e218/screenshot - {}
RESULT: {"using":"xpath","value":"//span[contains(text(), \"Euro\")]"}
COMMAND: POST /session/adcd3ed6fb0100e4772cacde8c89e218/element/f.AE3220A217D4F6A0A4C8BD50DBA47D19.d.39BA2B5DE2E2A43B561EC4256D800698.e.786/click - {}
RESULT: {}
RESULT: {}
COMMAND: POST /session/adcd3ed6fb0100e4772cacde8c89e218/execute/async - {"script":"<script> [1562 bytes]","args":[{"selector":{"controlType":"sap.m.Input","viewName":"etm.portal.ui.manageyards.view.New","viewId":"application-manageyards-display-component---NewYard","bindingPath":{"path":"","propertyPath":"/CONTROLLING_AREA","modelName":"NewYardModel"},"interaction":{"idSuffix":"inner"}},"wdio_ui5_key":"etmportal.ui.manageyards.view.Newsap.m.Input{\"path\":\"\",\"propertyPath\":\"/CONTROLLING_AREA\",\"modelName\":\"NewYardModel\"}"}]}
COMMAND: GET /session/adcd3ed6fb0100e4772cacde8c89e218/screenshot - {}
RESULT: {"script":"<script> [1562 bytes]","args":[{"selector":{"controlType":"sap.m.Input","viewName":"etm.portal.ui.manageyards.view.New","viewId":"application-manageyards-display-component---NewYard","bindingPath":{"path":"","propertyPath":"/CONTROLLING_AREA","modelName":"NewYardModel"},"interaction":{"idSuffix":"inner"}},"wdio_ui5_key":"etmportal.ui.manageyards.view.Newsap.m.Input{\"path\":\"\",\"propertyPath\":\"/CONTROLLING_AREA\",\"modelName\":\"NewYardModel\"}"}]}
RESULT: undefined
COMMAND: POST /session/adcd3ed6fb0100e4772cacde8c89e218/execute/async - {"script":"<script> [776 bytes]","args":[{"enterText":"Z001","selector":{"controlType":"sap.m.Input","viewName":"etm.portal.ui.manageyards.view.New","viewId":"application-manageyards-display-component---NewYard","bindingPath":{"path":"","propertyPath":"/CONTROLLING_AREA","modelName":"NewYardModel"},"interaction":{"idSuffix":"inner"}},"clearTextFirst":true,"interactionType":"ENTER_TEXT"}]}
RESULT: {}
RESULT: {"script":"<script> [776 bytes]","args":[{"enterText":"Z001","selector":{"controlType":"sap.m.Input","viewName":"etm.portal.ui.manageyards.view.New","viewId":"application-manageyards-display-component---NewYard","bindingPath":{"path":"","propertyPath":"/CONTROLLING_AREA","modelName":"NewYardModel"},"interaction":{"idSuffix":"inner"}},"clearTextFirst":true,"interactionType":"ENTER_TEXT"}]}
COMMAND: POST /session/adcd3ed6fb0100e4772cacde8c89e218/execute/async - {"script":"<script> [1562 bytes]","args":[{"selector":{"id":"application-manageyards-display-component---NewYard--companyCodeComboBox","interaction":{"idSuffix":"inner"}},"wdio_ui5_key":"applicationmanageyards-display-component---NewYard--companyCodeComboBox"}]}
RESULT: {"script":"<script> [1562 bytes]","args":[{"selector":{"id":"application-manageyards-display-component---NewYard--companyCodeComboBox","interaction":{"idSuffix":"inner"}},"wdio_ui5_key":"applicationmanageyards-display-component---NewYard--companyCodeComboBox"}]}
RESULT: undefined
COMMAND: POST /session/adcd3ed6fb0100e4772cacde8c89e218/execute/async - {"script":"<script> [776 bytes]","args":[{"enterText":"1000","selector":{"id":"application-manageyards-display-component---NewYard--companyCodeComboBox","interaction":{"idSuffix":"inner"}},"clearTextFirst":true,"interactionType":"ENTER_TEXT"}]}
RESULT: {"script":"<script> [776 bytes]","args":[{"enterText":"1000","selector":{"id":"application-manageyards-display-component---NewYard--companyCodeComboBox","interaction":{"idSuffix":"inner"}},"clearTextFirst":true,"interactionType":"ENTER_TEXT"}]}
COMMAND: POST /session/adcd3ed6fb0100e4772cacde8c89e218/execute/async - {"script":"<script> [1562 bytes]","args":[{"selector":{"controlType":"sap.m.Input","viewName":"etm.portal.ui.manageyards.view.New","viewId":"application-manageyards-display-component---NewYard","bindingPath":{"path":"","propertyPath":"/PLANT","modelName":"NewYardModel"},"interaction":{"idSuffix":"inner"}},"wdio_ui5_key":"etmportal.ui.manageyards.view.Newsap.m.Input{\"path\":\"\",\"propertyPath\":\"/PLANT\",\"modelName\":\"NewYardModel\"}"}]}
RESULT: {"script":"<script> [1562 bytes]","args":[{"selector":{"controlType":"sap.m.Input","viewName":"etm.portal.ui.manageyards.view.New","viewId":"application-manageyards-display-component---NewYard","bindingPath":{"path":"","propertyPath":"/PLANT","modelName":"NewYardModel"},"interaction":{"idSuffix":"inner"}},"wdio_ui5_key":"etmportal.ui.manageyards.view.Newsap.m.Input{\"path\":\"\",\"propertyPath\":\"/PLANT\",\"modelName\":\"NewYardModel\"}"}]}
RESULT: undefined
COMMAND: POST /session/adcd3ed6fb0100e4772cacde8c89e218/execute/async - {"script":"<script> [776 bytes]","args":[{"enterText":"1001","selector":{"controlType":"sap.m.Input","viewName":"etm.portal.ui.manageyards.view.New","viewId":"application-manageyards-display-component---NewYard","bindingPath":{"path":"","propertyPath":"/PLANT","modelName":"NewYardModel"},"interaction":{"idSuffix":"inner"}},"clearTextFirst":true,"interactionType":"ENTER_TEXT"}]}
RESULT: {"script":"<script> [776 bytes]","args":[{"enterText":"1001","selector":{"controlType":"sap.m.Input","viewName":"etm.portal.ui.manageyards.view.New","viewId":"application-manageyards-display-component---NewYard","bindingPath":{"path":"","propertyPath":"/PLANT","modelName":"NewYardModel"},"interaction":{"idSuffix":"inner"}},"clearTextFirst":true,"interactionType":"ENTER_TEXT"}]}
COMMAND: POST /session/adcd3ed6fb0100e4772cacde8c89e218/execute/async - {"script":"<script> [1562 bytes]","args":[{"selector":{"controlType":"sap.m.Input","viewName":"etm.portal.ui.manageyards.view.New","viewId":"application-manageyards-display-component---NewYard","bindingPath":{"path":"","propertyPath":"/SALES_AREA_VKORG","modelName":"NewYardModel"},"interaction":{"idSuffix":"inner"}},"wdio_ui5_key":"etmportal.ui.manageyards.view.Newsap.m.Input{\"path\":\"\",\"propertyPath\":\"/SALES_AREA_VKORG\",\"modelName\":\"NewYardModel\"}"}]}
RESULT: {"script":"<script> [1562 bytes]","args":[{"selector":{"controlType":"sap.m.Input","viewName":"etm.portal.ui.manageyards.view.New","viewId":"application-manageyards-display-component---NewYard","bindingPath":{"path":"","propertyPath":"/SALES_AREA_VKORG","modelName":"NewYardModel"},"interaction":{"idSuffix":"inner"}},"wdio_ui5_key":"etmportal.ui.manageyards.view.Newsap.m.Input{\"path\":\"\",\"propertyPath\":\"/SALES_AREA_VKORG\",\"modelName\":\"NewYardModel\"}"}]}
RESULT: undefined
COMMAND: POST /session/adcd3ed6fb0100e4772cacde8c89e218/execute/async - {"script":"<script> [776 bytes]","args":[{"enterText":"C002","selector":{"controlType":"sap.m.Input","viewName":"etm.portal.ui.manageyards.view.New","viewId":"application-manageyards-display-component---NewYard","bindingPath":{"path":"","propertyPath":"/SALES_AREA_VKORG","modelName":"NewYardModel"},"interaction":{"idSuffix":"inner"}},"clearTextFirst":true,"interactionType":"ENTER_TEXT"}]}
RESULT: {"script":"<script> [776 bytes]","args":[{"enterText":"C002","selector":{"controlType":"sap.m.Input","viewName":"etm.portal.ui.manageyards.view.New","viewId":"application-manageyards-display-component---NewYard","bindingPath":{"path":"","propertyPath":"/SALES_AREA_VKORG","modelName":"NewYardModel"},"interaction":{"idSuffix":"inner"}},"clearTextFirst":true,"interactionType":"ENTER_TEXT"}]}
COMMAND: POST /session/adcd3ed6fb0100e4772cacde8c89e218/execute/async - {"script":"<script> [1562 bytes]","args":[{"selector":{"controlType":"sap.m.Input","viewName":"etm.portal.ui.manageyards.view.New","viewId":"application-manageyards-display-component---NewYard","bindingPath":{"path":"","propertyPath":"/SALES_AREA_VTWEG","modelName":"NewYardModel"},"interaction":{"idSuffix":"inner"}},"wdio_ui5_key":"etmportal.ui.manageyards.view.Newsap.m.Input{\"path\":\"\",\"propertyPath\":\"/SALES_AREA_VTWEG\",\"modelName\":\"NewYardModel\"}"}]}
RESULT: {"script":"<script> [1562 bytes]","args":[{"selector":{"controlType":"sap.m.Input","viewName":"etm.portal.ui.manageyards.view.New","viewId":"application-manageyards-display-component---NewYard","bindingPath":{"path":"","propertyPath":"/SALES_AREA_VTWEG","modelName":"NewYardModel"},"interaction":{"idSuffix":"inner"}},"wdio_ui5_key":"etmportal.ui.manageyards.view.Newsap.m.Input{\"path\":\"\",\"propertyPath\":\"/SALES_AREA_VTWEG\",\"modelName\":\"NewYardModel\"}"}]}
RESULT: undefined
COMMAND: POST /session/adcd3ed6fb0100e4772cacde8c89e218/execute/async - {"script":"<script> [776 bytes]","args":[{"enterText":"C2","selector":{"controlType":"sap.m.Input","viewName":"etm.portal.ui.manageyards.view.New","viewId":"application-manageyards-display-component---NewYard","bindingPath":{"path":"","propertyPath":"/SALES_AREA_VTWEG","modelName":"NewYardModel"},"interaction":{"idSuffix":"inner"}},"clearTextFirst":true,"interactionType":"ENTER_TEXT"}]}
RESULT: {"script":"<script> [776 bytes]","args":[{"enterText":"C2","selector":{"controlType":"sap.m.Input","viewName":"etm.portal.ui.manageyards.view.New","viewId":"application-manageyards-display-component---NewYard","bindingPath":{"path":"","propertyPath":"/SALES_AREA_VTWEG","modelName":"NewYardModel"},"interaction":{"idSuffix":"inner"}},"clearTextFirst":true,"interactionType":"ENTER_TEXT"}]}
COMMAND: POST /session/adcd3ed6fb0100e4772cacde8c89e218/execute/async - {"script":"<script> [1562 bytes]","args":[{"selector":{"controlType":"sap.m.Input","viewName":"etm.portal.ui.manageyards.view.New","viewId":"application-manageyards-display-component---NewYard","bindingPath":{"path":"","propertyPath":"/SALES_AREA_SPART","modelName":"NewYardModel"},"interaction":{"idSuffix":"inner"}},"wdio_ui5_key":"etmportal.ui.manageyards.view.Newsap.m.Input{\"path\":\"\",\"propertyPath\":\"/SALES_AREA_SPART\",\"modelName\":\"NewYardModel\"}"}]}
RESULT: {"script":"<script> [1562 bytes]","args":[{"selector":{"controlType":"sap.m.Input","viewName":"etm.portal.ui.manageyards.view.New","viewId":"application-manageyards-display-component---NewYard","bindingPath":{"path":"","propertyPath":"/SALES_AREA_SPART","modelName":"NewYardModel"},"interaction":{"idSuffix":"inner"}},"wdio_ui5_key":"etmportal.ui.manageyards.view.Newsap.m.Input{\"path\":\"\",\"propertyPath\":\"/SALES_AREA_SPART\",\"modelName\":\"NewYardModel\"}"}]}
RESULT: undefined
COMMAND: POST /session/adcd3ed6fb0100e4772cacde8c89e218/execute/async - {"script":"<script> [776 bytes]","args":[{"enterText":"C2","selector":{"controlType":"sap.m.Input","viewName":"etm.portal.ui.manageyards.view.New","viewId":"application-manageyards-display-component---NewYard","bindingPath":{"path":"","propertyPath":"/SALES_AREA_SPART","modelName":"NewYardModel"},"interaction":{"idSuffix":"inner"}},"clearTextFirst":true,"interactionType":"ENTER_TEXT"}]}
RESULT: {"script":"<script> [776 bytes]","args":[{"enterText":"C2","selector":{"controlType":"sap.m.Input","viewName":"etm.portal.ui.manageyards.view.New","viewId":"application-manageyards-display-component---NewYard","bindingPath":{"path":"","propertyPath":"/SALES_AREA_SPART","modelName":"NewYardModel"},"interaction":{"idSuffix":"inner"}},"clearTextFirst":true,"interactionType":"ENTER_TEXT"}]}
COMMAND: POST /session/adcd3ed6fb0100e4772cacde8c89e218/execute/async - {"script":"<script> [1562 bytes]","args":[{"selector":{"controlType":"sap.m.Input","viewName":"etm.portal.ui.manageyards.view.New","viewId":"application-manageyards-display-component---NewYard","bindingPath":{"path":"","propertyPath":"/SHIP_POINT","modelName":"NewYardModel"},"interaction":{"idSuffix":"inner"}},"wdio_ui5_key":"etmportal.ui.manageyards.view.Newsap.m.Input{\"path\":\"\",\"propertyPath\":\"/SHIP_POINT\",\"modelName\":\"NewYardModel\"}"}]}
RESULT: {"script":"<script> [1562 bytes]","args":[{"selector":{"controlType":"sap.m.Input","viewName":"etm.portal.ui.manageyards.view.New","viewId":"application-manageyards-display-component---NewYard","bindingPath":{"path":"","propertyPath":"/SHIP_POINT","modelName":"NewYardModel"},"interaction":{"idSuffix":"inner"}},"wdio_ui5_key":"etmportal.ui.manageyards.view.Newsap.m.Input{\"path\":\"\",\"propertyPath\":\"/SHIP_POINT\",\"modelName\":\"NewYardModel\"}"}]}
RESULT: undefined
COMMAND: POST /session/adcd3ed6fb0100e4772cacde8c89e218/execute/async - {"script":"<script> [776 bytes]","args":[{"enterText":"1710","selector":{"controlType":"sap.m.Input","viewName":"etm.portal.ui.manageyards.view.New","viewId":"application-manageyards-display-component---NewYard","bindingPath":{"path":"","propertyPath":"/SHIP_POINT","modelName":"NewYardModel"},"interaction":{"idSuffix":"inner"}},"clearTextFirst":true,"interactionType":"ENTER_TEXT"}]}
RESULT: {"script":"<script> [776 bytes]","args":[{"enterText":"1710","selector":{"controlType":"sap.m.Input","viewName":"etm.portal.ui.manageyards.view.New","viewId":"application-manageyards-display-component---NewYard","bindingPath":{"path":"","propertyPath":"/SHIP_POINT","modelName":"NewYardModel"},"interaction":{"idSuffix":"inner"}},"clearTextFirst":true,"interactionType":"ENTER_TEXT"}]}
COMMAND: POST /session/adcd3ed6fb0100e4772cacde8c89e218/execute/async - {"script":"<script> [1562 bytes]","args":[{"selector":{"controlType":"sap.m.Input","viewName":"etm.portal.ui.manageyards.view.New","viewId":"application-manageyards-display-component---NewYard","bindingPath":{"path":"","propertyPath":"/DELIVERY_TYPE","modelName":"NewYardModel"},"interaction":{"idSuffix":"inner"}},"wdio_ui5_key":"etmportal.ui.manageyards.view.Newsap.m.Input{\"path\":\"\",\"propertyPath\":\"/DELIVERY_TYPE\",\"modelName\":\"NewYardModel\"}"}]}
RESULT: {"script":"<script> [1562 bytes]","args":[{"selector":{"controlType":"sap.m.Input","viewName":"etm.portal.ui.manageyards.view.New","viewId":"application-manageyards-display-component---NewYard","bindingPath":{"path":"","propertyPath":"/DELIVERY_TYPE","modelName":"NewYardModel"},"interaction":{"idSuffix":"inner"}},"wdio_ui5_key":"etmportal.ui.manageyards.view.Newsap.m.Input{\"path\":\"\",\"propertyPath\":\"/DELIVERY_TYPE\",\"modelName\":\"NewYardModel\"}"}]}
RESULT: undefined
COMMAND: POST /session/adcd3ed6fb0100e4772cacde8c89e218/execute/async - {"script":"<script> [776 bytes]","args":[{"enterText":"ZL01","selector":{"controlType":"sap.m.Input","viewName":"etm.portal.ui.manageyards.view.New","viewId":"application-manageyards-display-component---NewYard","bindingPath":{"path":"","propertyPath":"/DELIVERY_TYPE","modelName":"NewYardModel"},"interaction":{"idSuffix":"inner"}},"clearTextFirst":true,"interactionType":"ENTER_TEXT"}]}
RESULT: {"script":"<script> [776 bytes]","args":[{"enterText":"ZL01","selector":{"controlType":"sap.m.Input","viewName":"etm.portal.ui.manageyards.view.New","viewId":"application-manageyards-display-component---NewYard","bindingPath":{"path":"","propertyPath":"/DELIVERY_TYPE","modelName":"NewYardModel"},"interaction":{"idSuffix":"inner"}},"clearTextFirst":true,"interactionType":"ENTER_TEXT"}]}
COMMAND: POST /session/adcd3ed6fb0100e4772cacde8c89e218/execute/async - {"script":"<script> [1562 bytes]","args":[{"selector":{"controlType":"sap.m.Input","viewName":"etm.portal.ui.manageyards.view.New","viewId":"application-manageyards-display-component---NewYard","bindingPath":{"path":"","propertyPath":"/AUART","modelName":"NewYardModel"},"interaction":{"idSuffix":"inner"}},"wdio_ui5_key":"etmportal.ui.manageyards.view.Newsap.m.Input{\"path\":\"\",\"propertyPath\":\"/AUART\",\"modelName\":\"NewYardModel\"}"}]}
RESULT: {"script":"<script> [1562 bytes]","args":[{"selector":{"controlType":"sap.m.Input","viewName":"etm.portal.ui.manageyards.view.New","viewId":"application-manageyards-display-component---NewYard","bindingPath":{"path":"","propertyPath":"/AUART","modelName":"NewYardModel"},"interaction":{"idSuffix":"inner"}},"wdio_ui5_key":"etmportal.ui.manageyards.view.Newsap.m.Input{\"path\":\"\",\"propertyPath\":\"/AUART\",\"modelName\":\"NewYardModel\"}"}]}
RESULT: undefined
COMMAND: POST /session/adcd3ed6fb0100e4772cacde8c89e218/execute/async - {"script":"<script> [776 bytes]","args":[{"enterText":"TA","selector":{"controlType":"sap.m.Input","viewName":"etm.portal.ui.manageyards.view.New","viewId":"application-manageyards-display-component---NewYard","bindingPath":{"path":"","propertyPath":"/AUART","modelName":"NewYardModel"},"interaction":{"idSuffix":"inner"}},"clearTextFirst":true,"interactionType":"ENTER_TEXT"}]}
RESULT: {"script":"<script> [776 bytes]","args":[{"enterText":"TA","selector":{"controlType":"sap.m.Input","viewName":"etm.portal.ui.manageyards.view.New","viewId":"application-manageyards-display-component---NewYard","bindingPath":{"path":"","propertyPath":"/AUART","modelName":"NewYardModel"},"interaction":{"idSuffix":"inner"}},"clearTextFirst":true,"interactionType":"ENTER_TEXT"}]}
COMMAND: POST /session/adcd3ed6fb0100e4772cacde8c89e218/element - {"using":"xpath","value":"//button[@data-kt=\"newYardSaveButton\"]"}
RESULT: {"using":"xpath","value":"//button[@data-kt=\"newYardSaveButton\"]"}
COMMAND: POST /session/adcd3ed6fb0100e4772cacde8c89e218/element/f.AE3220A217D4F6A0A4C8BD50DBA47D19.d.39BA2B5DE2E2A43B561EC4256D800698.e.714/click - {}
RESULT: {}
COMMAND: GET /session/adcd3ed6fb0100e4772cacde8c89e218/screenshot - {}
RESULT: {}
COMMAND: POST /session/adcd3ed6fb0100e4772cacde8c89e218/element - {"using":"xpath","value":"//header[contains(@id, 'ObjectPageLayout-headerTitle')]/div[1]/div[2]/div[1]/span[1]"}
RESULT: {"using":"xpath","value":"//header[contains(@id, 'ObjectPageLayout-headerTitle')]/div[1]/div[2]/div[1]/span[1]"}
COMMAND: POST /session/adcd3ed6fb0100e4772cacde8c89e218/elements - {"using":"xpath","value":"//header[contains(@id, 'ObjectPageLayout-headerTitle')]/div[1]/div[2]/div[1]/span[1]"}
RESULT: {"using":"xpath","value":"//header[contains(@id, 'ObjectPageLayout-headerTitle')]/div[1]/div[2]/div[1]/span[1]"}
COMMAND: POST /session/adcd3ed6fb0100e4772cacde8c89e218/execute/sync - {"script":"<script> [56 bytes]","args":[{"element-6066-11e4-a52e-4f735466cecf":"f.AE3220A217D4F6A0A4C8BD50DBA47D19.d.39BA2B5DE2E2A43B561EC4256D800698.e.1005","ELEMENT":"f.AE3220A217D4F6A0A4C8BD50DBA47D19.d.39BA2B5DE2E2A43B561EC4256D800698.e.1005"}]}
RESULT: {"script":"<script> [56 bytes]","args":[{"element-6066-11e4-a52e-4f735466cecf":"f.AE3220A217D4F6A0A4C8BD50DBA47D19.d.39BA2B5DE2E2A43B561EC4256D800698.e.1005","ELEMENT":"f.AE3220A217D4F6A0A4C8BD50DBA47D19.d.39BA2B5DE2E2A43B561EC4256D800698.e.1005"}]}
COMMAND: GET /session/adcd3ed6fb0100e4772cacde8c89e218/screenshot - {}
RESULT: {}
COMMAND: POST /session/adcd3ed6fb0100e4772cacde8c89e218/element - {"using":"css selector","value":"#shell-header-logo"}
RESULT: {"using":"css selector","value":"#shell-header-logo"}
COMMAND: POST /session/adcd3ed6fb0100e4772cacde8c89e218/element/f.AE3220A217D4F6A0A4C8BD50DBA47D19.d.39BA2B5DE2E2A43B561EC4256D800698.e.268/click - {}
RESULT: {}
COMMAND: GET /session/adcd3ed6fb0100e4772cacde8c89e218/screenshot - {}
RESULT: {}
COMMAND: POST /session/adcd3ed6fb0100e4772cacde8c89e218/execute/sync - {"script":"<script> [299 bytes]","args":[["getModel","getResource"]]}
RESULT: {"script":"<script> [299 bytes]","args":[["getModel","getResource"]]}
COMMAND: GET /session/adcd3ed6fb0100e4772cacde8c89e218/screenshot - {}
]]></system-out>
    </testcase>
    <testcase classname="chrome.136_0_7103_93.windows.Tests_for_Mass_State_Change_on_Manage_States_&amp;_Performances_US104416_US" name="Prereq Should create a new partner" time="150.592">
      <system-out><![CDATA[
COMMAND: POST /session/adcd3ed6fb0100e4772cacde8c89e218/window/fullscreen - {}
RESULT: {}
RESULT: {}
COMMAND: POST /session/adcd3ed6fb0100e4772cacde8c89e218/execute/async - {"script":"<script> [1562 bytes]","args":[{"selector":{"controlType":"sap.m.GenericTile","properties":{"header":"Manage Partners"}},"wdio_ui5_key":"sapm.GenericTile{\"header\":\"Manage Partners\"}"}]}
RESULT: {"script":"<script> [1562 bytes]","args":[{"selector":{"controlType":"sap.m.GenericTile","properties":{"header":"Manage Partners"}},"wdio_ui5_key":"sapm.GenericTile{\"header\":\"Manage Partners\"}"}]}
RESULT: undefined
COMMAND: POST /session/adcd3ed6fb0100e4772cacde8c89e218/element - {"using":"xpath","value":"//*[@id=\"__tile38\"]"}
RESULT: {"using":"xpath","value":"//*[@id=\"__tile38\"]"}
COMMAND: POST /session/adcd3ed6fb0100e4772cacde8c89e218/element/f.AE3220A217D4F6A0A4C8BD50DBA47D19.d.39BA2B5DE2E2A43B561EC4256D800698.e.154/click - {}
RESULT: {}
COMMAND: GET /session/adcd3ed6fb0100e4772cacde8c89e218/screenshot - {}
RESULT: {}
COMMAND: POST /session/adcd3ed6fb0100e4772cacde8c89e218/elements - {"using":"xpath","value":"//span[text()='Error']"}
RESULT: {"using":"xpath","value":"//span[text()='Error']"}
COMMAND: POST /session/adcd3ed6fb0100e4772cacde8c89e218/element - {"using":"xpath","value":"//button[@data-kt=\"addButton\"]"}
RESULT: {"using":"xpath","value":"//button[@data-kt=\"addButton\"]"}
COMMAND: POST /session/adcd3ed6fb0100e4772cacde8c89e218/elements - {"using":"xpath","value":"//button[@data-kt=\"addButton\"]"}
RESULT: {"using":"xpath","value":"//button[@data-kt=\"addButton\"]"}
COMMAND: POST /session/adcd3ed6fb0100e4772cacde8c89e218/elements - {"using":"xpath","value":"//button[@data-kt=\"addButton\"]"}
RESULT: {"using":"xpath","value":"//button[@data-kt=\"addButton\"]"}
COMMAND: POST /session/adcd3ed6fb0100e4772cacde8c89e218/element - {"using":"xpath","value":"//button[@data-kt=\"addButton\"]"}
RESULT: {"using":"xpath","value":"//button[@data-kt=\"addButton\"]"}
COMMAND: POST /session/adcd3ed6fb0100e4772cacde8c89e218/execute/sync - {"script":"<script> [8489 bytes]","args":[{"element-6066-11e4-a52e-4f735466cecf":"f.AE3220A217D4F6A0A4C8BD50DBA47D19.d.39BA2B5DE2E2A43B561EC4256D800698.e.1053","ELEMENT":"f.AE3220A217D4F6A0A4C8BD50DBA47D19.d.39BA2B5DE2E2A43B561EC4256D800698.e.1053"}]}
RESULT: {"script":"<script> [8489 bytes]","args":[{"element-6066-11e4-a52e-4f735466cecf":"f.AE3220A217D4F6A0A4C8BD50DBA47D19.d.39BA2B5DE2E2A43B561EC4256D800698.e.1053","ELEMENT":"f.AE3220A217D4F6A0A4C8BD50DBA47D19.d.39BA2B5DE2E2A43B561EC4256D800698.e.1053"}]}
COMMAND: GET /session/adcd3ed6fb0100e4772cacde8c89e218/element/f.AE3220A217D4F6A0A4C8BD50DBA47D19.d.39BA2B5DE2E2A43B561EC4256D800698.e.1053/enabled - {}
COMMAND: GET /session/adcd3ed6fb0100e4772cacde8c89e218/screenshot - {}
RESULT: {}
COMMAND: POST /session/adcd3ed6fb0100e4772cacde8c89e218/execute/sync - {"script":"<script> [8489 bytes]","args":[{"element-6066-11e4-a52e-4f735466cecf":"f.AE3220A217D4F6A0A4C8BD50DBA47D19.d.39BA2B5DE2E2A43B561EC4256D800698.e.1053","ELEMENT":"f.AE3220A217D4F6A0A4C8BD50DBA47D19.d.39BA2B5DE2E2A43B561EC4256D800698.e.1053"}]}
COMMAND: GET /session/adcd3ed6fb0100e4772cacde8c89e218/screenshot - {}
RESULT: {}
RESULT: {"script":"<script> [8489 bytes]","args":[{"element-6066-11e4-a52e-4f735466cecf":"f.AE3220A217D4F6A0A4C8BD50DBA47D19.d.39BA2B5DE2E2A43B561EC4256D800698.e.1053","ELEMENT":"f.AE3220A217D4F6A0A4C8BD50DBA47D19.d.39BA2B5DE2E2A43B561EC4256D800698.e.1053"}]}
COMMAND: POST /session/adcd3ed6fb0100e4772cacde8c89e218/execute/sync - {"script":"<script> [5351 bytes]","args":[{"element-6066-11e4-a52e-4f735466cecf":"f.AE3220A217D4F6A0A4C8BD50DBA47D19.d.39BA2B5DE2E2A43B561EC4256D800698.e.1053","ELEMENT":"f.AE3220A217D4F6A0A4C8BD50DBA47D19.d.39BA2B5DE2E2A43B561EC4256D800698.e.1053"}]}
COMMAND: GET /session/adcd3ed6fb0100e4772cacde8c89e218/screenshot - {}
RESULT: {}
RESULT: {"script":"<script> [5351 bytes]","args":[{"element-6066-11e4-a52e-4f735466cecf":"f.AE3220A217D4F6A0A4C8BD50DBA47D19.d.39BA2B5DE2E2A43B561EC4256D800698.e.1053","ELEMENT":"f.AE3220A217D4F6A0A4C8BD50DBA47D19.d.39BA2B5DE2E2A43B561EC4256D800698.e.1053"}]}
COMMAND: POST /session/adcd3ed6fb0100e4772cacde8c89e218/element/f.AE3220A217D4F6A0A4C8BD50DBA47D19.d.39BA2B5DE2E2A43B561EC4256D800698.e.1053/click - {}
COMMAND: GET /session/adcd3ed6fb0100e4772cacde8c89e218/screenshot - {}
RESULT: {}
RESULT: {}
COMMAND: GET /session/adcd3ed6fb0100e4772cacde8c89e218/screenshot - {}
RESULT: {}
RESULT: {}
COMMAND: POST /session/adcd3ed6fb0100e4772cacde8c89e218/execute/async - {"script":"<script> [1562 bytes]","args":[{"selector":{"id":"application-managepartners-display-component---NewPartner--addressDetailDetailsName1","interaction":{"idSuffix":"inner"}},"wdio_ui5_key":"applicationmanagepartners-display-component---NewPartner--addressDetailDetailsName1"}]}
RESULT: {"script":"<script> [1562 bytes]","args":[{"selector":{"id":"application-managepartners-display-component---NewPartner--addressDetailDetailsName1","interaction":{"idSuffix":"inner"}},"wdio_ui5_key":"applicationmanagepartners-display-component---NewPartner--addressDetailDetailsName1"}]}
RESULT: undefined
COMMAND: POST /session/adcd3ed6fb0100e4772cacde8c89e218/execute/async - {"script":"<script> [776 bytes]","args":[{"enterText":"Intracompany Partner WDIO","selector":{"id":"application-managepartners-display-component---NewPartner--addressDetailDetailsName1","interaction":{"idSuffix":"inner"}},"clearTextFirst":true,"interactionType":"ENTER_TEXT"}]}
RESULT: {"script":"<script> [776 bytes]","args":[{"enterText":"Intracompany Partner WDIO","selector":{"id":"application-managepartners-display-component---NewPartner--addressDetailDetailsName1","interaction":{"idSuffix":"inner"}},"clearTextFirst":true,"interactionType":"ENTER_TEXT"}]}
COMMAND: POST /session/adcd3ed6fb0100e4772cacde8c89e218/execute/async - {"script":"<script> [1562 bytes]","args":[{"selector":{"id":"application-managepartners-display-component---NewPartner--addressDetailDetailsLanguage-arrow"},"wdio_ui5_key":"applicationmanagepartners-display-component---NewPartner--addressDetailDetailsLanguage-arrow"}]}
RESULT: {"script":"<script> [1562 bytes]","args":[{"selector":{"id":"application-managepartners-display-component---NewPartner--addressDetailDetailsLanguage-arrow"},"wdio_ui5_key":"applicationmanagepartners-display-component---NewPartner--addressDetailDetailsLanguage-arrow"}]}
RESULT: undefined
COMMAND: POST /session/adcd3ed6fb0100e4772cacde8c89e218/element - {"using":"xpath","value":"//*[@id=\"application-managepartners-display-component---NewPartner--addressDetailDetailsLanguage-arrow\"]"}
RESULT: {"using":"xpath","value":"//*[@id=\"application-managepartners-display-component---NewPartner--addressDetailDetailsLanguage-arrow\"]"}
COMMAND: POST /session/adcd3ed6fb0100e4772cacde8c89e218/element/f.AE3220A217D4F6A0A4C8BD50DBA47D19.d.39BA2B5DE2E2A43B561EC4256D800698.e.1493/click - {}
RESULT: {}
COMMAND: POST /session/adcd3ed6fb0100e4772cacde8c89e218/element - {"using":"xpath","value":"//span[contains(text(), \"English\")]"}
COMMAND: GET /session/adcd3ed6fb0100e4772cacde8c89e218/screenshot - {}
RESULT: {"using":"xpath","value":"//span[contains(text(), \"English\")]"}
COMMAND: POST /session/adcd3ed6fb0100e4772cacde8c89e218/element/f.AE3220A217D4F6A0A4C8BD50DBA47D19.d.39BA2B5DE2E2A43B561EC4256D800698.e.1494/click - {}
RESULT: {}
RESULT: {}
COMMAND: GET /session/adcd3ed6fb0100e4772cacde8c89e218/screenshot - {}
RESULT: {}
COMMAND: POST /session/adcd3ed6fb0100e4772cacde8c89e218/execute/async - {"script":"<script> [1562 bytes]","args":[{"selector":{"id":"application-managepartners-display-component---NewPartner--addressDetailDetailsCity1","interaction":{"idSuffix":"inner"}},"wdio_ui5_key":"applicationmanagepartners-display-component---NewPartner--addressDetailDetailsCity1"}]}
RESULT: {"script":"<script> [1562 bytes]","args":[{"selector":{"id":"application-managepartners-display-component---NewPartner--addressDetailDetailsCity1","interaction":{"idSuffix":"inner"}},"wdio_ui5_key":"applicationmanagepartners-display-component---NewPartner--addressDetailDetailsCity1"}]}
RESULT: undefined
COMMAND: POST /session/adcd3ed6fb0100e4772cacde8c89e218/execute/async - {"script":"<script> [776 bytes]","args":[{"enterText":"Rosario","selector":{"id":"application-managepartners-display-component---NewPartner--addressDetailDetailsCity1","interaction":{"idSuffix":"inner"}},"clearTextFirst":true,"interactionType":"ENTER_TEXT"}]}
RESULT: {"script":"<script> [776 bytes]","args":[{"enterText":"Rosario","selector":{"id":"application-managepartners-display-component---NewPartner--addressDetailDetailsCity1","interaction":{"idSuffix":"inner"}},"clearTextFirst":true,"interactionType":"ENTER_TEXT"}]}
COMMAND: POST /session/adcd3ed6fb0100e4772cacde8c89e218/execute/async - {"script":"<script> [1562 bytes]","args":[{"selector":{"id":"application-managepartners-display-component---NewPartner--addressDetailDetailsCountry-arrow"},"wdio_ui5_key":"applicationmanagepartners-display-component---NewPartner--addressDetailDetailsCountry-arrow"}]}
RESULT: {"script":"<script> [1562 bytes]","args":[{"selector":{"id":"application-managepartners-display-component---NewPartner--addressDetailDetailsCountry-arrow"},"wdio_ui5_key":"applicationmanagepartners-display-component---NewPartner--addressDetailDetailsCountry-arrow"}]}
RESULT: undefined
COMMAND: POST /session/adcd3ed6fb0100e4772cacde8c89e218/element - {"using":"xpath","value":"//*[@id=\"application-managepartners-display-component---NewPartner--addressDetailDetailsCountry-arrow\"]"}
RESULT: {"using":"xpath","value":"//*[@id=\"application-managepartners-display-component---NewPartner--addressDetailDetailsCountry-arrow\"]"}
COMMAND: POST /session/adcd3ed6fb0100e4772cacde8c89e218/element/f.AE3220A217D4F6A0A4C8BD50DBA47D19.d.39BA2B5DE2E2A43B561EC4256D800698.e.1317/click - {}
RESULT: {}
COMMAND: POST /session/adcd3ed6fb0100e4772cacde8c89e218/element - {"using":"xpath","value":"//span[contains(text(), \"Argentina\")]"}
COMMAND: GET /session/adcd3ed6fb0100e4772cacde8c89e218/screenshot - {}
RESULT: {"using":"xpath","value":"//span[contains(text(), \"Argentina\")]"}
COMMAND: POST /session/adcd3ed6fb0100e4772cacde8c89e218/element/f.AE3220A217D4F6A0A4C8BD50DBA47D19.d.39BA2B5DE2E2A43B561EC4256D800698.e.1496/click - {}
RESULT: {}
RESULT: {}
COMMAND: GET /session/adcd3ed6fb0100e4772cacde8c89e218/screenshot - {}
RESULT: {}
COMMAND: POST /session/adcd3ed6fb0100e4772cacde8c89e218/element - {"using":"xpath","value":"//bdi[contains(text(), \"Commercial\")]"}
RESULT: {"using":"xpath","value":"//bdi[contains(text(), \"Commercial\")]"}
COMMAND: POST /session/adcd3ed6fb0100e4772cacde8c89e218/element/f.AE3220A217D4F6A0A4C8BD50DBA47D19.d.39BA2B5DE2E2A43B561EC4256D800698.e.1497/click - {}
RESULT: {}
COMMAND: GET /session/adcd3ed6fb0100e4772cacde8c89e218/screenshot - {}
RESULT: {}
COMMAND: POST /session/adcd3ed6fb0100e4772cacde8c89e218/execute/async - {"script":"<script> [1562 bytes]","args":[{"selector":{"id":"application-managepartners-display-component---NewPartner--partnerDetailInternal-arrow"},"wdio_ui5_key":"applicationmanagepartners-display-component---NewPartner--partnerDetailInternal-arrow"}]}
RESULT: {"script":"<script> [1562 bytes]","args":[{"selector":{"id":"application-managepartners-display-component---NewPartner--partnerDetailInternal-arrow"},"wdio_ui5_key":"applicationmanagepartners-display-component---NewPartner--partnerDetailInternal-arrow"}]}
RESULT: undefined
COMMAND: POST /session/adcd3ed6fb0100e4772cacde8c89e218/element - {"using":"xpath","value":"//*[@id=\"application-managepartners-display-component---NewPartner--partnerDetailInternal-arrow\"]"}
RESULT: {"using":"xpath","value":"//*[@id=\"application-managepartners-display-component---NewPartner--partnerDetailInternal-arrow\"]"}
COMMAND: POST /session/adcd3ed6fb0100e4772cacde8c89e218/element/f.AE3220A217D4F6A0A4C8BD50DBA47D19.d.39BA2B5DE2E2A43B561EC4256D800698.e.1505/click - {}
RESULT: {}
COMMAND: POST /session/adcd3ed6fb0100e4772cacde8c89e218/element - {"using":"xpath","value":"//span[contains(text(), \"Affiliated company\")]"}
COMMAND: GET /session/adcd3ed6fb0100e4772cacde8c89e218/screenshot - {}
RESULT: {"using":"xpath","value":"//span[contains(text(), \"Affiliated company\")]"}
COMMAND: POST /session/adcd3ed6fb0100e4772cacde8c89e218/element/f.AE3220A217D4F6A0A4C8BD50DBA47D19.d.39BA2B5DE2E2A43B561EC4256D800698.e.1506/click - {}
RESULT: {}
RESULT: {}
COMMAND: POST /session/adcd3ed6fb0100e4772cacde8c89e218/execute/async - {"script":"<script> [1562 bytes]","args":[{"selector":{"id":"application-managepartners-display-component---NewPartner--partnerDetailsCurrency-arrow"},"wdio_ui5_key":"applicationmanagepartners-display-component---NewPartner--partnerDetailsCurrency-arrow"}]}
COMMAND: GET /session/adcd3ed6fb0100e4772cacde8c89e218/screenshot - {}
RESULT: {"script":"<script> [1562 bytes]","args":[{"selector":{"id":"application-managepartners-display-component---NewPartner--partnerDetailsCurrency-arrow"},"wdio_ui5_key":"applicationmanagepartners-display-component---NewPartner--partnerDetailsCurrency-arrow"}]}
RESULT: undefined
COMMAND: POST /session/adcd3ed6fb0100e4772cacde8c89e218/element - {"using":"xpath","value":"//*[@id=\"application-managepartners-display-component---NewPartner--partnerDetailsCurrency-arrow\"]"}
RESULT: {}
RESULT: {"using":"xpath","value":"//*[@id=\"application-managepartners-display-component---NewPartner--partnerDetailsCurrency-arrow\"]"}
COMMAND: POST /session/adcd3ed6fb0100e4772cacde8c89e218/element/f.AE3220A217D4F6A0A4C8BD50DBA47D19.d.39BA2B5DE2E2A43B561EC4256D800698.e.1513/click - {}
RESULT: {}
COMMAND: POST /session/adcd3ed6fb0100e4772cacde8c89e218/element - {"using":"xpath","value":"//span[contains(text(), \"Euro\")]"}
COMMAND: GET /session/adcd3ed6fb0100e4772cacde8c89e218/screenshot - {}
RESULT: {"using":"xpath","value":"//span[contains(text(), \"Euro\")]"}
COMMAND: POST /session/adcd3ed6fb0100e4772cacde8c89e218/element/f.AE3220A217D4F6A0A4C8BD50DBA47D19.d.39BA2B5DE2E2A43B561EC4256D800698.e.1514/click - {}
RESULT: {}
RESULT: {}
COMMAND: POST /session/adcd3ed6fb0100e4772cacde8c89e218/execute/async - {"script":"<script> [1562 bytes]","args":[{"selector":{"id":"application-managepartners-display-component---NewPartner--addressEditDetailsCostObjectCstType-arrow"},"wdio_ui5_key":"applicationmanagepartners-display-component---NewPartner--addressEditDetailsCostObjectCstType-arrow"}]}
COMMAND: GET /session/adcd3ed6fb0100e4772cacde8c89e218/screenshot - {}
RESULT: {"script":"<script> [1562 bytes]","args":[{"selector":{"id":"application-managepartners-display-component---NewPartner--addressEditDetailsCostObjectCstType-arrow"},"wdio_ui5_key":"applicationmanagepartners-display-component---NewPartner--addressEditDetailsCostObjectCstType-arrow"}]}
RESULT: undefined
COMMAND: POST /session/adcd3ed6fb0100e4772cacde8c89e218/element - {"using":"xpath","value":"//*[@id=\"application-managepartners-display-component---NewPartner--addressEditDetailsCostObjectCstType-arrow\"]"}
RESULT: {}
RESULT: {"using":"xpath","value":"//*[@id=\"application-managepartners-display-component---NewPartner--addressEditDetailsCostObjectCstType-arrow\"]"}
COMMAND: POST /session/adcd3ed6fb0100e4772cacde8c89e218/element/f.AE3220A217D4F6A0A4C8BD50DBA47D19.d.39BA2B5DE2E2A43B561EC4256D800698.e.1515/click - {}
RESULT: {}
COMMAND: POST /session/adcd3ed6fb0100e4772cacde8c89e218/element - {"using":"xpath","value":"//span[contains(text(), \"Cost Center\")]"}
COMMAND: GET /session/adcd3ed6fb0100e4772cacde8c89e218/screenshot - {}
RESULT: {"using":"xpath","value":"//span[contains(text(), \"Cost Center\")]"}
COMMAND: POST /session/adcd3ed6fb0100e4772cacde8c89e218/element/f.AE3220A217D4F6A0A4C8BD50DBA47D19.d.39BA2B5DE2E2A43B561EC4256D800698.e.1516/click - {}
RESULT: {}
RESULT: {}
COMMAND: GET /session/adcd3ed6fb0100e4772cacde8c89e218/screenshot - {}
RESULT: {}
COMMAND: POST /session/adcd3ed6fb0100e4772cacde8c89e218/element - {"using":"xpath","value":"//span[@id=\"application-managepartners-display-component---NewPartner--addressNewCostObjectCstID-vhi\"]"}
RESULT: {"using":"xpath","value":"//span[@id=\"application-managepartners-display-component---NewPartner--addressNewCostObjectCstID-vhi\"]"}
COMMAND: POST /session/adcd3ed6fb0100e4772cacde8c89e218/execute/sync - {"script":"<script> [8489 bytes]","args":[{"element-6066-11e4-a52e-4f735466cecf":"f.AE3220A217D4F6A0A4C8BD50DBA47D19.d.39BA2B5DE2E2A43B561EC4256D800698.e.1520","ELEMENT":"f.AE3220A217D4F6A0A4C8BD50DBA47D19.d.39BA2B5DE2E2A43B561EC4256D800698.e.1520"}]}
RESULT: {"script":"<script> [8489 bytes]","args":[{"element-6066-11e4-a52e-4f735466cecf":"f.AE3220A217D4F6A0A4C8BD50DBA47D19.d.39BA2B5DE2E2A43B561EC4256D800698.e.1520","ELEMENT":"f.AE3220A217D4F6A0A4C8BD50DBA47D19.d.39BA2B5DE2E2A43B561EC4256D800698.e.1520"}]}
COMMAND: POST /session/adcd3ed6fb0100e4772cacde8c89e218/execute/async - {"script":"<script> [1562 bytes]","args":[{"selector":{"id":"application-managepartners-display-component---NewPartner--addressNewCostObjectCstID-vhi"},"wdio_ui5_key":"applicationmanagepartners-display-component---NewPartner--addressNewCostObjectCstID-vhi"}]}
COMMAND: GET /session/adcd3ed6fb0100e4772cacde8c89e218/screenshot - {}
RESULT: {"script":"<script> [1562 bytes]","args":[{"selector":{"id":"application-managepartners-display-component---NewPartner--addressNewCostObjectCstID-vhi"},"wdio_ui5_key":"applicationmanagepartners-display-component---NewPartner--addressNewCostObjectCstID-vhi"}]}
RESULT: undefined
COMMAND: POST /session/adcd3ed6fb0100e4772cacde8c89e218/element - {"using":"xpath","value":"//*[@id=\"application-managepartners-display-component---NewPartner--addressNewCostObjectCstID-vhi\"]"}
RESULT: {}
RESULT: {"using":"xpath","value":"//*[@id=\"application-managepartners-display-component---NewPartner--addressNewCostObjectCstID-vhi\"]"}
COMMAND: POST /session/adcd3ed6fb0100e4772cacde8c89e218/element/f.AE3220A217D4F6A0A4C8BD50DBA47D19.d.39BA2B5DE2E2A43B561EC4256D800698.e.1520/click - {}
RESULT: {}
COMMAND: GET /session/adcd3ed6fb0100e4772cacde8c89e218/screenshot - {}
RESULT: {}
RESULT: undefined
COMMAND: POST /session/adcd3ed6fb0100e4772cacde8c89e218/execute/async - {"script":"<script> [776 bytes]","args":[{"enterText":"10001013","selector":{"controlType":"sap.m.SearchField","properties":{"placeholder":"Search"},"searchOpenDialogs":true,"interaction":{"idSuffix":"I"}},"clearTextFirst":true,"interactionType":"ENTER_TEXT"}]}
RESULT: {"script":"<script> [776 bytes]","args":[{"enterText":"10001013","selector":{"controlType":"sap.m.SearchField","properties":{"placeholder":"Search"},"searchOpenDialogs":true,"interaction":{"idSuffix":"I"}},"clearTextFirst":true,"interactionType":"ENTER_TEXT"}]}
COMMAND: POST /session/adcd3ed6fb0100e4772cacde8c89e218/actions - {"actions":[{"id":"action2","type":"key","parameters":{},"actions":[{"type":"keyDown","value":""},{"type":"pause","duration":10},{"type":"keyUp","value":""}]}]}
RESULT: {"actions":[{"id":"action2","type":"key","parameters":{},"actions":[{"type":"keyDown","value":""},{"type":"pause","duration":10},{"type":"keyUp","value":""}]}]}
COMMAND: GET /session/adcd3ed6fb0100e4772cacde8c89e218/screenshot - {}
RESULT: {}
COMMAND: POST /session/adcd3ed6fb0100e4772cacde8c89e218/element - {"using":"xpath","value":"//span[contains(text(), \"General Management\")]"}
RESULT: {"using":"xpath","value":"//span[contains(text(), \"General Management\")]"}
COMMAND: POST /session/adcd3ed6fb0100e4772cacde8c89e218/element/f.AE3220A217D4F6A0A4C8BD50DBA47D19.d.39BA2B5DE2E2A43B561EC4256D800698.e.1559/click - {}
RESULT: {}
COMMAND: GET /session/adcd3ed6fb0100e4772cacde8c89e218/screenshot - {}
RESULT: {}
COMMAND: POST /session/adcd3ed6fb0100e4772cacde8c89e218/element - {"using":"xpath","value":"//bdi[contains(text(), \"OK\")]"}
RESULT: {"using":"xpath","value":"//bdi[contains(text(), \"OK\")]"}
COMMAND: POST /session/adcd3ed6fb0100e4772cacde8c89e218/element/f.AE3220A217D4F6A0A4C8BD50DBA47D19.d.39BA2B5DE2E2A43B561EC4256D800698.e.1560/click - {}
RESULT: {}
COMMAND: GET /session/adcd3ed6fb0100e4772cacde8c89e218/screenshot - {}
RESULT: {}
COMMAND: POST /session/adcd3ed6fb0100e4772cacde8c89e218/element - {"using":"xpath","value":"//input[@id=\"application-managepartners-display-component---NewPartner--companyCodeComboBox-inner\"]"}
RESULT: {"using":"xpath","value":"//input[@id=\"application-managepartners-display-component---NewPartner--companyCodeComboBox-inner\"]"}
COMMAND: POST /session/adcd3ed6fb0100e4772cacde8c89e218/element/f.AE3220A217D4F6A0A4C8BD50DBA47D19.d.39BA2B5DE2E2A43B561EC4256D800698.e.1454/clear - {}
RESULT: {}
COMMAND: POST /session/adcd3ed6fb0100e4772cacde8c89e218/element/f.AE3220A217D4F6A0A4C8BD50DBA47D19.d.39BA2B5DE2E2A43B561EC4256D800698.e.1454/value - {"text":"1000"}
COMMAND: GET /session/adcd3ed6fb0100e4772cacde8c89e218/screenshot - {}
RESULT: {"text":"1000"}
COMMAND: GET /session/adcd3ed6fb0100e4772cacde8c89e218/screenshot - {}
RESULT: {}
RESULT: {}
COMMAND: POST /session/adcd3ed6fb0100e4772cacde8c89e218/element - {"using":"xpath","value":"//li[.//span[text()= \"1000\"]]"}
RESULT: {"using":"xpath","value":"//li[.//span[text()= \"1000\"]]"}
COMMAND: POST /session/adcd3ed6fb0100e4772cacde8c89e218/element/f.AE3220A217D4F6A0A4C8BD50DBA47D19.d.39BA2B5DE2E2A43B561EC4256D800698.e.1566/click - {}
RESULT: {}
COMMAND: GET /session/adcd3ed6fb0100e4772cacde8c89e218/screenshot - {}
RESULT: {}
COMMAND: POST /session/adcd3ed6fb0100e4772cacde8c89e218/execute/async - {"script":"<script> [1562 bytes]","args":[{"selector":{"id":"application-managepartners-display-component---NewPartner--btnAddTableRow-img"},"wdio_ui5_key":"applicationmanagepartners-display-component---NewPartner--btnAddTableRow-img"}]}
RESULT: {"script":"<script> [1562 bytes]","args":[{"selector":{"id":"application-managepartners-display-component---NewPartner--btnAddTableRow-img"},"wdio_ui5_key":"applicationmanagepartners-display-component---NewPartner--btnAddTableRow-img"}]}
RESULT: undefined
COMMAND: POST /session/adcd3ed6fb0100e4772cacde8c89e218/element - {"using":"xpath","value":"//*[@id=\"application-managepartners-display-component---NewPartner--btnAddTableRow-img\"]"}
RESULT: {"using":"xpath","value":"//*[@id=\"application-managepartners-display-component---NewPartner--btnAddTableRow-img\"]"}
COMMAND: POST /session/adcd3ed6fb0100e4772cacde8c89e218/element/f.AE3220A217D4F6A0A4C8BD50DBA47D19.d.39BA2B5DE2E2A43B561EC4256D800698.e.1567/click - {}
RESULT: {}
COMMAND: GET /session/adcd3ed6fb0100e4772cacde8c89e218/screenshot - {}
RESULT: {}
COMMAND: POST /session/adcd3ed6fb0100e4772cacde8c89e218/element - {"using":"xpath","value":"//input[@id=\"application-managepartners-display-component---NewPartner--assignmentYard-application-managepartners-display-component---NewPartner--assignmentsTable-0-inner\"]"}
RESULT: {"using":"xpath","value":"//input[@id=\"application-managepartners-display-component---NewPartner--assignmentYard-application-managepartners-display-component---NewPartner--assignmentsTable-0-inner\"]"}
COMMAND: POST /session/adcd3ed6fb0100e4772cacde8c89e218/element/f.AE3220A217D4F6A0A4C8BD50DBA47D19.d.39BA2B5DE2E2A43B561EC4256D800698.e.1570/clear - {}
RESULT: {}
COMMAND: POST /session/adcd3ed6fb0100e4772cacde8c89e218/element/f.AE3220A217D4F6A0A4C8BD50DBA47D19.d.39BA2B5DE2E2A43B561EC4256D800698.e.1570/value - {"text":"436"}
COMMAND: GET /session/adcd3ed6fb0100e4772cacde8c89e218/screenshot - {}
RESULT: {"text":"436"}
COMMAND: GET /session/adcd3ed6fb0100e4772cacde8c89e218/screenshot - {}
RESULT: {}
RESULT: {}
COMMAND: POST /session/adcd3ed6fb0100e4772cacde8c89e218/element - {"using":"xpath","value":"//li[.//span[text()='436']]"}
RESULT: {"using":"xpath","value":"//li[.//span[text()='436']]"}
COMMAND: POST /session/adcd3ed6fb0100e4772cacde8c89e218/element/f.AE3220A217D4F6A0A4C8BD50DBA47D19.d.39BA2B5DE2E2A43B561EC4256D800698.e.1579/click - {}
RESULT: {}
COMMAND: GET /session/adcd3ed6fb0100e4772cacde8c89e218/screenshot - {}
RESULT: {}
COMMAND: POST /session/adcd3ed6fb0100e4772cacde8c89e218/actions - {"actions":[{"id":"action3","type":"key","parameters":{},"actions":[{"type":"keyDown","value":""},{"type":"pause","duration":10},{"type":"keyUp","value":""}]}]}
RESULT: {"actions":[{"id":"action3","type":"key","parameters":{},"actions":[{"type":"keyDown","value":""},{"type":"pause","duration":10},{"type":"keyUp","value":""}]}]}
COMMAND: POST /session/adcd3ed6fb0100e4772cacde8c89e218/execute/async - {"script":"<script> [1562 bytes]","args":[{"selector":{"id":"application-managepartners-display-component---NewPartner--externalCustomerComboBox-application-managepartners-display-component---NewPartner--assignmentsTable-0-vhi"},"wdio_ui5_key":"applicationmanagepartners-display-component---NewPartner--externalCustomerComboBox-application-managepartners-display-component---NewPartner--assignmentsTable-0-vhi"}]}
COMMAND: GET /session/adcd3ed6fb0100e4772cacde8c89e218/screenshot - {}
RESULT: {"script":"<script> [1562 bytes]","args":[{"selector":{"id":"application-managepartners-display-component---NewPartner--externalCustomerComboBox-application-managepartners-display-component---NewPartner--assignmentsTable-0-vhi"},"wdio_ui5_key":"applicationmanagepartners-display-component---NewPartner--externalCustomerComboBox-application-managepartners-display-component---NewPartner--assignmentsTable-0-vhi"}]}
RESULT: undefined
COMMAND: POST /session/adcd3ed6fb0100e4772cacde8c89e218/element - {"using":"xpath","value":"//*[@id=\"application-managepartners-display-component---NewPartner--externalCustomerComboBox-application-managepartners-display-component---NewPartner--assignmentsTable-0-vhi\"]"}
RESULT: {}
RESULT: {"using":"xpath","value":"//*[@id=\"application-managepartners-display-component---NewPartner--externalCustomerComboBox-application-managepartners-display-component---NewPartner--assignmentsTable-0-vhi\"]"}
COMMAND: POST /session/adcd3ed6fb0100e4772cacde8c89e218/element/f.AE3220A217D4F6A0A4C8BD50DBA47D19.d.39BA2B5DE2E2A43B561EC4256D800698.e.1583/click - {}
RESULT: {}
RESULT: undefined
COMMAND: POST /session/adcd3ed6fb0100e4772cacde8c89e218/execute/async - {"script":"<script> [776 bytes]","args":[{"enterText":"300003","selector":{"controlType":"sap.m.SearchField","properties":{"placeholder":"Search"},"searchOpenDialogs":true,"interaction":{"idSuffix":"I"}},"clearTextFirst":true,"interactionType":"ENTER_TEXT"}]}
COMMAND: GET /session/adcd3ed6fb0100e4772cacde8c89e218/screenshot - {}
RESULT: {"script":"<script> [776 bytes]","args":[{"enterText":"300003","selector":{"controlType":"sap.m.SearchField","properties":{"placeholder":"Search"},"searchOpenDialogs":true,"interaction":{"idSuffix":"I"}},"clearTextFirst":true,"interactionType":"ENTER_TEXT"}]}
COMMAND: POST /session/adcd3ed6fb0100e4772cacde8c89e218/actions - {"actions":[{"id":"action4","type":"key","parameters":{},"actions":[{"type":"keyDown","value":""},{"type":"pause","duration":10},{"type":"keyUp","value":""}]}]}
RESULT: {}
RESULT: {"actions":[{"id":"action4","type":"key","parameters":{},"actions":[{"type":"keyDown","value":""},{"type":"pause","duration":10},{"type":"keyUp","value":""}]}]}
COMMAND: GET /session/adcd3ed6fb0100e4772cacde8c89e218/screenshot - {}
RESULT: {}
COMMAND: POST /session/adcd3ed6fb0100e4772cacde8c89e218/element - {"using":"xpath","value":"//span[contains(text(), \"300003\")]"}
RESULT: {"using":"xpath","value":"//span[contains(text(), \"300003\")]"}
COMMAND: POST /session/adcd3ed6fb0100e4772cacde8c89e218/element/f.AE3220A217D4F6A0A4C8BD50DBA47D19.d.39BA2B5DE2E2A43B561EC4256D800698.e.1600/click - {}
RESULT: {}
COMMAND: GET /session/adcd3ed6fb0100e4772cacde8c89e218/screenshot - {}
RESULT: {}
COMMAND: POST /session/adcd3ed6fb0100e4772cacde8c89e218/element - {"using":"xpath","value":"//bdi[contains(text(), \"OK\")]"}
RESULT: {"using":"xpath","value":"//bdi[contains(text(), \"OK\")]"}
COMMAND: POST /session/adcd3ed6fb0100e4772cacde8c89e218/element/f.AE3220A217D4F6A0A4C8BD50DBA47D19.d.39BA2B5DE2E2A43B561EC4256D800698.e.1602/click - {}
RESULT: {}
COMMAND: GET /session/adcd3ed6fb0100e4772cacde8c89e218/screenshot - {}
RESULT: {}
COMMAND: POST /session/adcd3ed6fb0100e4772cacde8c89e218/execute/async - {"script":"<script> [1562 bytes]","args":[{"selector":{"id":"application-managepartners-display-component---NewPartner--intercompVendorComboBox-application-managepartners-display-component---NewPartner--assignmentsTable-0-vhi"},"wdio_ui5_key":"applicationmanagepartners-display-component---NewPartner--intercompVendorComboBox-application-managepartners-display-component---NewPartner--assignmentsTable-0-vhi"}]}
RESULT: {"script":"<script> [1562 bytes]","args":[{"selector":{"id":"application-managepartners-display-component---NewPartner--intercompVendorComboBox-application-managepartners-display-component---NewPartner--assignmentsTable-0-vhi"},"wdio_ui5_key":"applicationmanagepartners-display-component---NewPartner--intercompVendorComboBox-application-managepartners-display-component---NewPartner--assignmentsTable-0-vhi"}]}
RESULT: undefined
COMMAND: POST /session/adcd3ed6fb0100e4772cacde8c89e218/element - {"using":"xpath","value":"//*[@id=\"application-managepartners-display-component---NewPartner--intercompVendorComboBox-application-managepartners-display-component---NewPartner--assignmentsTable-0-vhi\"]"}
RESULT: {"using":"xpath","value":"//*[@id=\"application-managepartners-display-component---NewPartner--intercompVendorComboBox-application-managepartners-display-component---NewPartner--assignmentsTable-0-vhi\"]"}
COMMAND: POST /session/adcd3ed6fb0100e4772cacde8c89e218/element/f.AE3220A217D4F6A0A4C8BD50DBA47D19.d.39BA2B5DE2E2A43B561EC4256D800698.e.1605/click - {}
RESULT: {}
RESULT: undefined
COMMAND: POST /session/adcd3ed6fb0100e4772cacde8c89e218/execute/async - {"script":"<script> [776 bytes]","args":[{"enterText":"100005","selector":{"controlType":"sap.m.SearchField","properties":{"placeholder":"Search"},"searchOpenDialogs":true,"interaction":{"idSuffix":"I"}},"clearTextFirst":true,"interactionType":"ENTER_TEXT"}]}
COMMAND: GET /session/adcd3ed6fb0100e4772cacde8c89e218/screenshot - {}
RESULT: {"script":"<script> [776 bytes]","args":[{"enterText":"100005","selector":{"controlType":"sap.m.SearchField","properties":{"placeholder":"Search"},"searchOpenDialogs":true,"interaction":{"idSuffix":"I"}},"clearTextFirst":true,"interactionType":"ENTER_TEXT"}]}
COMMAND: POST /session/adcd3ed6fb0100e4772cacde8c89e218/actions - {"actions":[{"id":"action5","type":"key","parameters":{},"actions":[{"type":"keyDown","value":""},{"type":"pause","duration":10},{"type":"keyUp","value":""}]}]}
RESULT: {}
RESULT: {"actions":[{"id":"action5","type":"key","parameters":{},"actions":[{"type":"keyDown","value":""},{"type":"pause","duration":10},{"type":"keyUp","value":""}]}]}
COMMAND: GET /session/adcd3ed6fb0100e4772cacde8c89e218/screenshot - {}
RESULT: {}
COMMAND: POST /session/adcd3ed6fb0100e4772cacde8c89e218/element - {"using":"xpath","value":"//span[contains(text(), \"Penguins - Field/12345 Berlin\")]"}
RESULT: {"using":"xpath","value":"//span[contains(text(), \"Penguins - Field/12345 Berlin\")]"}
COMMAND: POST /session/adcd3ed6fb0100e4772cacde8c89e218/element/f.AE3220A217D4F6A0A4C8BD50DBA47D19.d.39BA2B5DE2E2A43B561EC4256D800698.e.1623/click - {}
RESULT: {}
COMMAND: GET /session/adcd3ed6fb0100e4772cacde8c89e218/screenshot - {}
RESULT: {}
COMMAND: POST /session/adcd3ed6fb0100e4772cacde8c89e218/element - {"using":"xpath","value":"//bdi[contains(text(), \"OK\")]"}
RESULT: {"using":"xpath","value":"//bdi[contains(text(), \"OK\")]"}
COMMAND: POST /session/adcd3ed6fb0100e4772cacde8c89e218/element/f.AE3220A217D4F6A0A4C8BD50DBA47D19.d.39BA2B5DE2E2A43B561EC4256D800698.e.1624/click - {}
RESULT: {}
COMMAND: GET /session/adcd3ed6fb0100e4772cacde8c89e218/screenshot - {}
RESULT: {}
COMMAND: POST /session/adcd3ed6fb0100e4772cacde8c89e218/element - {"using":"xpath","value":"//button[@data-kt=\"saveButton\"]"}
RESULT: {"using":"xpath","value":"//button[@data-kt=\"saveButton\"]"}
COMMAND: POST /session/adcd3ed6fb0100e4772cacde8c89e218/element/f.AE3220A217D4F6A0A4C8BD50DBA47D19.d.39BA2B5DE2E2A43B561EC4256D800698.e.1459/click - {}
RESULT: {}
COMMAND: GET /session/adcd3ed6fb0100e4772cacde8c89e218/screenshot - {}
RESULT: {}
COMMAND: POST /session/adcd3ed6fb0100e4772cacde8c89e218/element - {"using":"xpath","value":"//header[contains(@id, 'ObjectPageLayout-headerTitle')]/div[1]/div[2]/div[2]/span[1]"}
RESULT: {"using":"xpath","value":"//header[contains(@id, 'ObjectPageLayout-headerTitle')]/div[1]/div[2]/div[2]/span[1]"}
COMMAND: POST /session/adcd3ed6fb0100e4772cacde8c89e218/elements - {"using":"xpath","value":"//header[contains(@id, 'ObjectPageLayout-headerTitle')]/div[1]/div[2]/div[2]/span[1]"}
RESULT: {"using":"xpath","value":"//header[contains(@id, 'ObjectPageLayout-headerTitle')]/div[1]/div[2]/div[2]/span[1]"}
COMMAND: POST /session/adcd3ed6fb0100e4772cacde8c89e218/execute/sync - {"script":"<script> [56 bytes]","args":[{"element-6066-11e4-a52e-4f735466cecf":"f.AE3220A217D4F6A0A4C8BD50DBA47D19.d.39BA2B5DE2E2A43B561EC4256D800698.e.1789","ELEMENT":"f.AE3220A217D4F6A0A4C8BD50DBA47D19.d.39BA2B5DE2E2A43B561EC4256D800698.e.1789"}]}
RESULT: {"script":"<script> [56 bytes]","args":[{"element-6066-11e4-a52e-4f735466cecf":"f.AE3220A217D4F6A0A4C8BD50DBA47D19.d.39BA2B5DE2E2A43B561EC4256D800698.e.1789","ELEMENT":"f.AE3220A217D4F6A0A4C8BD50DBA47D19.d.39BA2B5DE2E2A43B561EC4256D800698.e.1789"}]}
COMMAND: POST /session/adcd3ed6fb0100e4772cacde8c89e218/element - {"using":"css selector","value":"#shell-header-logo"}
COMMAND: GET /session/adcd3ed6fb0100e4772cacde8c89e218/screenshot - {}
RESULT: {"using":"css selector","value":"#shell-header-logo"}
COMMAND: POST /session/adcd3ed6fb0100e4772cacde8c89e218/element/f.AE3220A217D4F6A0A4C8BD50DBA47D19.d.39BA2B5DE2E2A43B561EC4256D800698.e.1009/click - {}
RESULT: {}
RESULT: {}
COMMAND: GET /session/adcd3ed6fb0100e4772cacde8c89e218/screenshot - {}
RESULT: {}
COMMAND: POST /session/adcd3ed6fb0100e4772cacde8c89e218/execute/sync - {"script":"<script> [299 bytes]","args":[["getModel","getResource"]]}
RESULT: {"script":"<script> [299 bytes]","args":[["getModel","getResource"]]}
COMMAND: GET /session/adcd3ed6fb0100e4772cacde8c89e218/screenshot - {}
]]></system-out>
    </testcase>
    <testcase classname="chrome.136_0_7103_93.windows.Tests_for_Mass_State_Change_on_Manage_States_&amp;_Performances_US104416_US" name="Prereq Should create a new site" time="102.438">
      <system-out><![CDATA[
COMMAND: POST /session/adcd3ed6fb0100e4772cacde8c89e218/execute/async - {"script":"<script> [1562 bytes]","args":[{"selector":{"controlType":"sap.m.GenericTile","properties":{"header":"Manage Sites"}},"wdio_ui5_key":"sapm.GenericTile{\"header\":\"Manage Sites\"}"}]}
RESULT: {}
RESULT: {"script":"<script> [1562 bytes]","args":[{"selector":{"controlType":"sap.m.GenericTile","properties":{"header":"Manage Sites"}},"wdio_ui5_key":"sapm.GenericTile{\"header\":\"Manage Sites\"}"}]}
RESULT: undefined
COMMAND: POST /session/adcd3ed6fb0100e4772cacde8c89e218/element - {"using":"xpath","value":"//*[@id=\"__tile40\"]"}
RESULT: {"using":"xpath","value":"//*[@id=\"__tile40\"]"}
COMMAND: POST /session/adcd3ed6fb0100e4772cacde8c89e218/element/f.AE3220A217D4F6A0A4C8BD50DBA47D19.d.39BA2B5DE2E2A43B561EC4256D800698.e.160/click - {}
RESULT: {}
COMMAND: GET /session/adcd3ed6fb0100e4772cacde8c89e218/screenshot - {}
RESULT: {}
COMMAND: POST /session/adcd3ed6fb0100e4772cacde8c89e218/elements - {"using":"xpath","value":"//span[text()='Error']"}
RESULT: {"using":"xpath","value":"//span[text()='Error']"}
COMMAND: POST /session/adcd3ed6fb0100e4772cacde8c89e218/element - {"using":"xpath","value":"//button[@data-kt=\"addOverflowToolbarButton\"]"}
RESULT: {"using":"xpath","value":"//button[@data-kt=\"addOverflowToolbarButton\"]"}
COMMAND: POST /session/adcd3ed6fb0100e4772cacde8c89e218/elements - {"using":"xpath","value":"//button[@data-kt=\"addOverflowToolbarButton\"]"}
RESULT: {"using":"xpath","value":"//button[@data-kt=\"addOverflowToolbarButton\"]"}
COMMAND: POST /session/adcd3ed6fb0100e4772cacde8c89e218/execute/sync - {"script":"<script> [8489 bytes]","args":[{"element-6066-11e4-a52e-4f735466cecf":"f.AE3220A217D4F6A0A4C8BD50DBA47D19.d.39BA2B5DE2E2A43B561EC4256D800698.e.1830","ELEMENT":"f.AE3220A217D4F6A0A4C8BD50DBA47D19.d.39BA2B5DE2E2A43B561EC4256D800698.e.1830"}]}
RESULT: {"script":"<script> [8489 bytes]","args":[{"element-6066-11e4-a52e-4f735466cecf":"f.AE3220A217D4F6A0A4C8BD50DBA47D19.d.39BA2B5DE2E2A43B561EC4256D800698.e.1830","ELEMENT":"f.AE3220A217D4F6A0A4C8BD50DBA47D19.d.39BA2B5DE2E2A43B561EC4256D800698.e.1830"}]}
COMMAND: GET /session/adcd3ed6fb0100e4772cacde8c89e218/element/f.AE3220A217D4F6A0A4C8BD50DBA47D19.d.39BA2B5DE2E2A43B561EC4256D800698.e.1830/enabled - {}
COMMAND: GET /session/adcd3ed6fb0100e4772cacde8c89e218/screenshot - {}
RESULT: {}
COMMAND: POST /session/adcd3ed6fb0100e4772cacde8c89e218/execute/sync - {"script":"<script> [8489 bytes]","args":[{"element-6066-11e4-a52e-4f735466cecf":"f.AE3220A217D4F6A0A4C8BD50DBA47D19.d.39BA2B5DE2E2A43B561EC4256D800698.e.1830","ELEMENT":"f.AE3220A217D4F6A0A4C8BD50DBA47D19.d.39BA2B5DE2E2A43B561EC4256D800698.e.1830"}]}
COMMAND: GET /session/adcd3ed6fb0100e4772cacde8c89e218/screenshot - {}
RESULT: {}
RESULT: {"script":"<script> [8489 bytes]","args":[{"element-6066-11e4-a52e-4f735466cecf":"f.AE3220A217D4F6A0A4C8BD50DBA47D19.d.39BA2B5DE2E2A43B561EC4256D800698.e.1830","ELEMENT":"f.AE3220A217D4F6A0A4C8BD50DBA47D19.d.39BA2B5DE2E2A43B561EC4256D800698.e.1830"}]}
COMMAND: POST /session/adcd3ed6fb0100e4772cacde8c89e218/execute/sync - {"script":"<script> [5351 bytes]","args":[{"element-6066-11e4-a52e-4f735466cecf":"f.AE3220A217D4F6A0A4C8BD50DBA47D19.d.39BA2B5DE2E2A43B561EC4256D800698.e.1830","ELEMENT":"f.AE3220A217D4F6A0A4C8BD50DBA47D19.d.39BA2B5DE2E2A43B561EC4256D800698.e.1830"}]}
COMMAND: GET /session/adcd3ed6fb0100e4772cacde8c89e218/screenshot - {}
RESULT: {}
RESULT: {"script":"<script> [5351 bytes]","args":[{"element-6066-11e4-a52e-4f735466cecf":"f.AE3220A217D4F6A0A4C8BD50DBA47D19.d.39BA2B5DE2E2A43B561EC4256D800698.e.1830","ELEMENT":"f.AE3220A217D4F6A0A4C8BD50DBA47D19.d.39BA2B5DE2E2A43B561EC4256D800698.e.1830"}]}
COMMAND: POST /session/adcd3ed6fb0100e4772cacde8c89e218/element/f.AE3220A217D4F6A0A4C8BD50DBA47D19.d.39BA2B5DE2E2A43B561EC4256D800698.e.1830/click - {}
COMMAND: GET /session/adcd3ed6fb0100e4772cacde8c89e218/screenshot - {}
RESULT: {}
RESULT: {}
COMMAND: GET /session/adcd3ed6fb0100e4772cacde8c89e218/screenshot - {}
COMMAND: POST /session/adcd3ed6fb0100e4772cacde8c89e218/element - {"using":"xpath","value":"//input[@id=\"application-managesites-display-component---NewSite--siteId-inner\"]"}
RESULT: {}
RESULT: {}
RESULT: {"using":"xpath","value":"//input[@id=\"application-managesites-display-component---NewSite--siteId-inner\"]"}
COMMAND: POST /session/adcd3ed6fb0100e4772cacde8c89e218/element - {"using":"xpath","value":"//input[@id=\"application-managesites-display-component---NewSite--siteId-inner\"]"}
RESULT: {"using":"xpath","value":"//input[@id=\"application-managesites-display-component---NewSite--siteId-inner\"]"}
COMMAND: POST /session/adcd3ed6fb0100e4772cacde8c89e218/execute/async - {"script":"<script> [1562 bytes]","args":[{"selector":{"id":"application-managesites-display-component---NewSite--addressDetailDetailsName1","interaction":{"idSuffix":"inner"}},"wdio_ui5_key":"applicationmanagesites-display-component---NewSite--addressDetailDetailsName1"}]}
RESULT: {"script":"<script> [1562 bytes]","args":[{"selector":{"id":"application-managesites-display-component---NewSite--addressDetailDetailsName1","interaction":{"idSuffix":"inner"}},"wdio_ui5_key":"applicationmanagesites-display-component---NewSite--addressDetailDetailsName1"}]}
RESULT: undefined
COMMAND: POST /session/adcd3ed6fb0100e4772cacde8c89e218/execute/async - {"script":"<script> [776 bytes]","args":[{"enterText":"Intracompany Site wdIO","selector":{"id":"application-managesites-display-component---NewSite--addressDetailDetailsName1","interaction":{"idSuffix":"inner"}},"clearTextFirst":true,"interactionType":"ENTER_TEXT"}]}
RESULT: {"script":"<script> [776 bytes]","args":[{"enterText":"Intracompany Site wdIO","selector":{"id":"application-managesites-display-component---NewSite--addressDetailDetailsName1","interaction":{"idSuffix":"inner"}},"clearTextFirst":true,"interactionType":"ENTER_TEXT"}]}
COMMAND: POST /session/adcd3ed6fb0100e4772cacde8c89e218/execute/async - {"script":"<script> [1562 bytes]","args":[{"selector":{"id":"application-managesites-display-component---NewSite--addressDetailDetailsLanguage-arrow"},"wdio_ui5_key":"applicationmanagesites-display-component---NewSite--addressDetailDetailsLanguage-arrow"}]}
RESULT: {"script":"<script> [1562 bytes]","args":[{"selector":{"id":"application-managesites-display-component---NewSite--addressDetailDetailsLanguage-arrow"},"wdio_ui5_key":"applicationmanagesites-display-component---NewSite--addressDetailDetailsLanguage-arrow"}]}
RESULT: undefined
COMMAND: POST /session/adcd3ed6fb0100e4772cacde8c89e218/element - {"using":"xpath","value":"//*[@id=\"application-managesites-display-component---NewSite--addressDetailDetailsLanguage-arrow\"]"}
RESULT: {"using":"xpath","value":"//*[@id=\"application-managesites-display-component---NewSite--addressDetailDetailsLanguage-arrow\"]"}
COMMAND: POST /session/adcd3ed6fb0100e4772cacde8c89e218/element/f.AE3220A217D4F6A0A4C8BD50DBA47D19.d.39BA2B5DE2E2A43B561EC4256D800698.e.2249/click - {}
RESULT: {}
COMMAND: POST /session/adcd3ed6fb0100e4772cacde8c89e218/element - {"using":"xpath","value":"//span[contains(text(), \"English\")]"}
COMMAND: GET /session/adcd3ed6fb0100e4772cacde8c89e218/screenshot - {}
RESULT: {"using":"xpath","value":"//span[contains(text(), \"English\")]"}
COMMAND: POST /session/adcd3ed6fb0100e4772cacde8c89e218/element/f.AE3220A217D4F6A0A4C8BD50DBA47D19.d.39BA2B5DE2E2A43B561EC4256D800698.e.2250/click - {}
RESULT: {}
RESULT: {}
COMMAND: POST /session/adcd3ed6fb0100e4772cacde8c89e218/execute/async - {"script":"<script> [1562 bytes]","args":[{"selector":{"id":"application-managesites-display-component---NewSite--addressDetailDetailsCity1","interaction":{"idSuffix":"inner"}},"wdio_ui5_key":"applicationmanagesites-display-component---NewSite--addressDetailDetailsCity1"}]}
COMMAND: GET /session/adcd3ed6fb0100e4772cacde8c89e218/screenshot - {}
RESULT: {"script":"<script> [1562 bytes]","args":[{"selector":{"id":"application-managesites-display-component---NewSite--addressDetailDetailsCity1","interaction":{"idSuffix":"inner"}},"wdio_ui5_key":"applicationmanagesites-display-component---NewSite--addressDetailDetailsCity1"}]}
RESULT: undefined
COMMAND: POST /session/adcd3ed6fb0100e4772cacde8c89e218/execute/async - {"script":"<script> [776 bytes]","args":[{"enterText":"Rosario","selector":{"id":"application-managesites-display-component---NewSite--addressDetailDetailsCity1","interaction":{"idSuffix":"inner"}},"clearTextFirst":true,"interactionType":"ENTER_TEXT"}]}
RESULT: {}
RESULT: {"script":"<script> [776 bytes]","args":[{"enterText":"Rosario","selector":{"id":"application-managesites-display-component---NewSite--addressDetailDetailsCity1","interaction":{"idSuffix":"inner"}},"clearTextFirst":true,"interactionType":"ENTER_TEXT"}]}
COMMAND: POST /session/adcd3ed6fb0100e4772cacde8c89e218/execute/async - {"script":"<script> [1562 bytes]","args":[{"selector":{"id":"application-managesites-display-component---NewSite--addressDetailDetailsCountry-arrow"},"wdio_ui5_key":"applicationmanagesites-display-component---NewSite--addressDetailDetailsCountry-arrow"}]}
RESULT: {"script":"<script> [1562 bytes]","args":[{"selector":{"id":"application-managesites-display-component---NewSite--addressDetailDetailsCountry-arrow"},"wdio_ui5_key":"applicationmanagesites-display-component---NewSite--addressDetailDetailsCountry-arrow"}]}
RESULT: undefined
COMMAND: POST /session/adcd3ed6fb0100e4772cacde8c89e218/element - {"using":"xpath","value":"//*[@id=\"application-managesites-display-component---NewSite--addressDetailDetailsCountry-arrow\"]"}
RESULT: {"using":"xpath","value":"//*[@id=\"application-managesites-display-component---NewSite--addressDetailDetailsCountry-arrow\"]"}
COMMAND: POST /session/adcd3ed6fb0100e4772cacde8c89e218/element/f.AE3220A217D4F6A0A4C8BD50DBA47D19.d.39BA2B5DE2E2A43B561EC4256D800698.e.2252/click - {}
RESULT: {}
COMMAND: POST /session/adcd3ed6fb0100e4772cacde8c89e218/element - {"using":"xpath","value":"//span[contains(text(), \"Argentina\")]"}
COMMAND: GET /session/adcd3ed6fb0100e4772cacde8c89e218/screenshot - {}
RESULT: {"using":"xpath","value":"//span[contains(text(), \"Argentina\")]"}
COMMAND: POST /session/adcd3ed6fb0100e4772cacde8c89e218/element/f.AE3220A217D4F6A0A4C8BD50DBA47D19.d.39BA2B5DE2E2A43B561EC4256D800698.e.2254/click - {}
RESULT: {}
RESULT: {}
COMMAND: GET /session/adcd3ed6fb0100e4772cacde8c89e218/screenshot - {}
RESULT: {}
COMMAND: POST /session/adcd3ed6fb0100e4772cacde8c89e218/execute/async - {"script":"<script> [1562 bytes]","args":[{"selector":{"id":"application-managesites-display-component---NewSite--addressEditDetailsCostObjectCstType-arrow"},"wdio_ui5_key":"applicationmanagesites-display-component---NewSite--addressEditDetailsCostObjectCstType-arrow"}]}
RESULT: {"script":"<script> [1562 bytes]","args":[{"selector":{"id":"application-managesites-display-component---NewSite--addressEditDetailsCostObjectCstType-arrow"},"wdio_ui5_key":"applicationmanagesites-display-component---NewSite--addressEditDetailsCostObjectCstType-arrow"}]}
RESULT: undefined
COMMAND: POST /session/adcd3ed6fb0100e4772cacde8c89e218/element - {"using":"xpath","value":"//*[@id=\"application-managesites-display-component---NewSite--addressEditDetailsCostObjectCstType-arrow\"]"}
RESULT: {"using":"xpath","value":"//*[@id=\"application-managesites-display-component---NewSite--addressEditDetailsCostObjectCstType-arrow\"]"}
COMMAND: POST /session/adcd3ed6fb0100e4772cacde8c89e218/element/f.AE3220A217D4F6A0A4C8BD50DBA47D19.d.39BA2B5DE2E2A43B561EC4256D800698.e.2255/click - {}
RESULT: {}
COMMAND: POST /session/adcd3ed6fb0100e4772cacde8c89e218/element - {"using":"xpath","value":"//span[contains(text(), \"Cost Center\")]"}
COMMAND: GET /session/adcd3ed6fb0100e4772cacde8c89e218/screenshot - {}
RESULT: {"using":"xpath","value":"//span[contains(text(), \"Cost Center\")]"}
COMMAND: POST /session/adcd3ed6fb0100e4772cacde8c89e218/element/f.AE3220A217D4F6A0A4C8BD50DBA47D19.d.39BA2B5DE2E2A43B561EC4256D800698.e.2257/click - {}
RESULT: {}
RESULT: {}
COMMAND: GET /session/adcd3ed6fb0100e4772cacde8c89e218/screenshot - {}
RESULT: {}
COMMAND: POST /session/adcd3ed6fb0100e4772cacde8c89e218/element - {"using":"xpath","value":"//span[@id=\"application-managesites-display-component---NewSite--addressNewCostObjectCstID-vhi\"]"}
RESULT: {"using":"xpath","value":"//span[@id=\"application-managesites-display-component---NewSite--addressNewCostObjectCstID-vhi\"]"}
COMMAND: POST /session/adcd3ed6fb0100e4772cacde8c89e218/execute/sync - {"script":"<script> [8489 bytes]","args":[{"element-6066-11e4-a52e-4f735466cecf":"f.AE3220A217D4F6A0A4C8BD50DBA47D19.d.39BA2B5DE2E2A43B561EC4256D800698.e.2261","ELEMENT":"f.AE3220A217D4F6A0A4C8BD50DBA47D19.d.39BA2B5DE2E2A43B561EC4256D800698.e.2261"}]}
RESULT: {"script":"<script> [8489 bytes]","args":[{"element-6066-11e4-a52e-4f735466cecf":"f.AE3220A217D4F6A0A4C8BD50DBA47D19.d.39BA2B5DE2E2A43B561EC4256D800698.e.2261","ELEMENT":"f.AE3220A217D4F6A0A4C8BD50DBA47D19.d.39BA2B5DE2E2A43B561EC4256D800698.e.2261"}]}
COMMAND: POST /session/adcd3ed6fb0100e4772cacde8c89e218/execute/async - {"script":"<script> [1562 bytes]","args":[{"selector":{"id":"application-managesites-display-component---NewSite--addressNewCostObjectCstID-vhi"},"wdio_ui5_key":"applicationmanagesites-display-component---NewSite--addressNewCostObjectCstID-vhi"}]}
COMMAND: GET /session/adcd3ed6fb0100e4772cacde8c89e218/screenshot - {}
RESULT: {"script":"<script> [1562 bytes]","args":[{"selector":{"id":"application-managesites-display-component---NewSite--addressNewCostObjectCstID-vhi"},"wdio_ui5_key":"applicationmanagesites-display-component---NewSite--addressNewCostObjectCstID-vhi"}]}
RESULT: undefined
COMMAND: POST /session/adcd3ed6fb0100e4772cacde8c89e218/element - {"using":"xpath","value":"//*[@id=\"application-managesites-display-component---NewSite--addressNewCostObjectCstID-vhi\"]"}
RESULT: {}
RESULT: {"using":"xpath","value":"//*[@id=\"application-managesites-display-component---NewSite--addressNewCostObjectCstID-vhi\"]"}
COMMAND: POST /session/adcd3ed6fb0100e4772cacde8c89e218/element/f.AE3220A217D4F6A0A4C8BD50DBA47D19.d.39BA2B5DE2E2A43B561EC4256D800698.e.2261/click - {}
RESULT: {}
COMMAND: GET /session/adcd3ed6fb0100e4772cacde8c89e218/screenshot - {}
RESULT: {}
RESULT: undefined
COMMAND: POST /session/adcd3ed6fb0100e4772cacde8c89e218/execute/async - {"script":"<script> [776 bytes]","args":[{"enterText":"10001013","selector":{"controlType":"sap.m.SearchField","properties":{"placeholder":"Search"},"searchOpenDialogs":true,"interaction":{"idSuffix":"I"}},"clearTextFirst":true,"interactionType":"ENTER_TEXT"}]}
RESULT: {"script":"<script> [776 bytes]","args":[{"enterText":"10001013","selector":{"controlType":"sap.m.SearchField","properties":{"placeholder":"Search"},"searchOpenDialogs":true,"interaction":{"idSuffix":"I"}},"clearTextFirst":true,"interactionType":"ENTER_TEXT"}]}
COMMAND: POST /session/adcd3ed6fb0100e4772cacde8c89e218/actions - {"actions":[{"id":"action6","type":"key","parameters":{},"actions":[{"type":"keyDown","value":""},{"type":"pause","duration":10},{"type":"keyUp","value":""}]}]}
RESULT: {"actions":[{"id":"action6","type":"key","parameters":{},"actions":[{"type":"keyDown","value":""},{"type":"pause","duration":10},{"type":"keyUp","value":""}]}]}
COMMAND: GET /session/adcd3ed6fb0100e4772cacde8c89e218/screenshot - {}
RESULT: {}
COMMAND: POST /session/adcd3ed6fb0100e4772cacde8c89e218/element - {"using":"xpath","value":"//span[contains(text(), \"General Management\")]"}
RESULT: {"using":"xpath","value":"//span[contains(text(), \"General Management\")]"}
COMMAND: POST /session/adcd3ed6fb0100e4772cacde8c89e218/element/f.AE3220A217D4F6A0A4C8BD50DBA47D19.d.39BA2B5DE2E2A43B561EC4256D800698.e.2300/click - {}
RESULT: {}
COMMAND: GET /session/adcd3ed6fb0100e4772cacde8c89e218/screenshot - {}
RESULT: {}
COMMAND: POST /session/adcd3ed6fb0100e4772cacde8c89e218/element - {"using":"xpath","value":"//bdi[contains(text(), \"OK\")]"}
RESULT: {"using":"xpath","value":"//bdi[contains(text(), \"OK\")]"}
COMMAND: POST /session/adcd3ed6fb0100e4772cacde8c89e218/element/f.AE3220A217D4F6A0A4C8BD50DBA47D19.d.39BA2B5DE2E2A43B561EC4256D800698.e.2301/click - {}
RESULT: {}
COMMAND: GET /session/adcd3ed6fb0100e4772cacde8c89e218/screenshot - {}
RESULT: {}
COMMAND: POST /session/adcd3ed6fb0100e4772cacde8c89e218/element - {"using":"xpath","value":"//input[@id=\"application-managesites-display-component---NewSite--addressDetailDetailsCalendar-inner\"]"}
RESULT: {"using":"xpath","value":"//input[@id=\"application-managesites-display-component---NewSite--addressDetailDetailsCalendar-inner\"]"}
COMMAND: POST /session/adcd3ed6fb0100e4772cacde8c89e218/element/f.AE3220A217D4F6A0A4C8BD50DBA47D19.d.39BA2B5DE2E2A43B561EC4256D800698.e.2039/clear - {}
RESULT: {}
COMMAND: POST /session/adcd3ed6fb0100e4772cacde8c89e218/element/f.AE3220A217D4F6A0A4C8BD50DBA47D19.d.39BA2B5DE2E2A43B561EC4256D800698.e.2039/value - {"text":"Unit"}
COMMAND: GET /session/adcd3ed6fb0100e4772cacde8c89e218/screenshot - {}
RESULT: {"text":"Unit"}
COMMAND: GET /session/adcd3ed6fb0100e4772cacde8c89e218/screenshot - {}
RESULT: {}
RESULT: {}
COMMAND: POST /session/adcd3ed6fb0100e4772cacde8c89e218/actions - {"actions":[{"id":"action7","type":"key","parameters":{},"actions":[{"type":"keyDown","value":""},{"type":"pause","duration":10},{"type":"keyUp","value":""}]}]}
RESULT: {"actions":[{"id":"action7","type":"key","parameters":{},"actions":[{"type":"keyDown","value":""},{"type":"pause","duration":10},{"type":"keyUp","value":""}]}]}
COMMAND: POST /session/adcd3ed6fb0100e4772cacde8c89e218/element - {"using":"xpath","value":"//input[@id=\"application-managesites-display-component---NewSite--addressDetailDetailsYard-inner\"]"}
COMMAND: GET /session/adcd3ed6fb0100e4772cacde8c89e218/screenshot - {}
RESULT: {"using":"xpath","value":"//input[@id=\"application-managesites-display-component---NewSite--addressDetailDetailsYard-inner\"]"}
COMMAND: POST /session/adcd3ed6fb0100e4772cacde8c89e218/element/f.AE3220A217D4F6A0A4C8BD50DBA47D19.d.39BA2B5DE2E2A43B561EC4256D800698.e.2040/clear - {}
RESULT: {}
RESULT: {}
COMMAND: POST /session/adcd3ed6fb0100e4772cacde8c89e218/element/f.AE3220A217D4F6A0A4C8BD50DBA47D19.d.39BA2B5DE2E2A43B561EC4256D800698.e.2040/value - {"text":"436"}
COMMAND: GET /session/adcd3ed6fb0100e4772cacde8c89e218/screenshot - {}
RESULT: {"text":"436"}
COMMAND: GET /session/adcd3ed6fb0100e4772cacde8c89e218/screenshot - {}
RESULT: {}
RESULT: {}
COMMAND: POST /session/adcd3ed6fb0100e4772cacde8c89e218/element - {"using":"xpath","value":"//li[.//span[text()='436']]"}
RESULT: {"using":"xpath","value":"//li[.//span[text()='436']]"}
COMMAND: POST /session/adcd3ed6fb0100e4772cacde8c89e218/element/f.AE3220A217D4F6A0A4C8BD50DBA47D19.d.39BA2B5DE2E2A43B561EC4256D800698.e.2309/click - {}
RESULT: {}
COMMAND: GET /session/adcd3ed6fb0100e4772cacde8c89e218/screenshot - {}
RESULT: {}
COMMAND: POST /session/adcd3ed6fb0100e4772cacde8c89e218/element - {"using":"xpath","value":"//input[@id=\"application-managesites-display-component---NewSite--addressDetailDetailsPartner-inner\"]"}
RESULT: {"using":"xpath","value":"//input[@id=\"application-managesites-display-component---NewSite--addressDetailDetailsPartner-inner\"]"}
COMMAND: POST /session/adcd3ed6fb0100e4772cacde8c89e218/element - {"using":"xpath","value":"//input[@id=\"application-managesites-display-component---NewSite--addressDetailDetailsPartner-inner\"]"}
RESULT: {"using":"xpath","value":"//input[@id=\"application-managesites-display-component---NewSite--addressDetailDetailsPartner-inner\"]"}
COMMAND: POST /session/adcd3ed6fb0100e4772cacde8c89e218/element - {"using":"xpath","value":"//button[@data-kt=\"saveButton\"]"}
RESULT: {"using":"xpath","value":"//button[@data-kt=\"saveButton\"]"}
COMMAND: POST /session/adcd3ed6fb0100e4772cacde8c89e218/element/f.AE3220A217D4F6A0A4C8BD50DBA47D19.d.39BA2B5DE2E2A43B561EC4256D800698.e.2234/click - {}
RESULT: {}
COMMAND: GET /session/adcd3ed6fb0100e4772cacde8c89e218/screenshot - {}
RESULT: {}
COMMAND: POST /session/adcd3ed6fb0100e4772cacde8c89e218/element - {"using":"xpath","value":"//header[contains(@id, 'ObjectPageLayout-headerTitle')]/div[1]/div[2]/div[2]/span[1]"}
RESULT: {"using":"xpath","value":"//header[contains(@id, 'ObjectPageLayout-headerTitle')]/div[1]/div[2]/div[2]/span[1]"}
COMMAND: POST /session/adcd3ed6fb0100e4772cacde8c89e218/elements - {"using":"xpath","value":"//header[contains(@id, 'ObjectPageLayout-headerTitle')]/div[1]/div[2]/div[2]/span[1]"}
RESULT: {"using":"xpath","value":"//header[contains(@id, 'ObjectPageLayout-headerTitle')]/div[1]/div[2]/div[2]/span[1]"}
COMMAND: POST /session/adcd3ed6fb0100e4772cacde8c89e218/execute/sync - {"script":"<script> [56 bytes]","args":[{"element-6066-11e4-a52e-4f735466cecf":"f.AE3220A217D4F6A0A4C8BD50DBA47D19.d.39BA2B5DE2E2A43B561EC4256D800698.e.2511","ELEMENT":"f.AE3220A217D4F6A0A4C8BD50DBA47D19.d.39BA2B5DE2E2A43B561EC4256D800698.e.2511"}]}
RESULT: {"script":"<script> [56 bytes]","args":[{"element-6066-11e4-a52e-4f735466cecf":"f.AE3220A217D4F6A0A4C8BD50DBA47D19.d.39BA2B5DE2E2A43B561EC4256D800698.e.2511","ELEMENT":"f.AE3220A217D4F6A0A4C8BD50DBA47D19.d.39BA2B5DE2E2A43B561EC4256D800698.e.2511"}]}
COMMAND: POST /session/adcd3ed6fb0100e4772cacde8c89e218/element - {"using":"css selector","value":"#shell-header-logo"}
COMMAND: GET /session/adcd3ed6fb0100e4772cacde8c89e218/screenshot - {}
RESULT: {"using":"css selector","value":"#shell-header-logo"}
COMMAND: POST /session/adcd3ed6fb0100e4772cacde8c89e218/element/f.AE3220A217D4F6A0A4C8BD50DBA47D19.d.39BA2B5DE2E2A43B561EC4256D800698.e.1795/click - {}
RESULT: {}
RESULT: {}
COMMAND: GET /session/adcd3ed6fb0100e4772cacde8c89e218/screenshot - {}
RESULT: {}
COMMAND: POST /session/adcd3ed6fb0100e4772cacde8c89e218/execute/sync - {"script":"<script> [299 bytes]","args":[["getModel","getResource"]]}
RESULT: {"script":"<script> [299 bytes]","args":[["getModel","getResource"]]}
]]></system-out>
    </testcase>
    <testcase classname="chrome.136_0_7103_93.windows.Tests_for_Mass_State_Change_on_Manage_States_&amp;_Performances_US104416_US" name="Prereq Should create a new equipment multipart" time="137.38">
      <system-out><![CDATA[
COMMAND: GET /session/adcd3ed6fb0100e4772cacde8c89e218/screenshot - {}
COMMAND: POST /session/adcd3ed6fb0100e4772cacde8c89e218/execute/async - {"script":"<script> [1562 bytes]","args":[{"selector":{"controlType":"sap.m.GenericTile","properties":{"header":"Manage Resources"}},"wdio_ui5_key":"sapm.GenericTile{\"header\":\"Manage Resources\"}"}]}
RESULT: {}
RESULT: {"script":"<script> [1562 bytes]","args":[{"selector":{"controlType":"sap.m.GenericTile","properties":{"header":"Manage Resources"}},"wdio_ui5_key":"sapm.GenericTile{\"header\":\"Manage Resources\"}"}]}
RESULT: undefined
COMMAND: POST /session/adcd3ed6fb0100e4772cacde8c89e218/element - {"using":"xpath","value":"//*[@id=\"__tile39\"]"}
RESULT: {"using":"xpath","value":"//*[@id=\"__tile39\"]"}
COMMAND: POST /session/adcd3ed6fb0100e4772cacde8c89e218/element/f.AE3220A217D4F6A0A4C8BD50DBA47D19.d.39BA2B5DE2E2A43B561EC4256D800698.e.157/click - {}
RESULT: {}
COMMAND: GET /session/adcd3ed6fb0100e4772cacde8c89e218/screenshot - {}
RESULT: {}
COMMAND: POST /session/adcd3ed6fb0100e4772cacde8c89e218/elements - {"using":"xpath","value":"//span[text()='Error']"}
RESULT: {"using":"xpath","value":"//span[text()='Error']"}
COMMAND: POST /session/adcd3ed6fb0100e4772cacde8c89e218/element - {"using":"xpath","value":"//button[@data-kt=\"addNewRUOverflowToolbarButton\"]"}
RESULT: {"using":"xpath","value":"//button[@data-kt=\"addNewRUOverflowToolbarButton\"]"}
COMMAND: POST /session/adcd3ed6fb0100e4772cacde8c89e218/elements - {"using":"xpath","value":"//button[@data-kt=\"addNewRUOverflowToolbarButton\"]"}
RESULT: {"using":"xpath","value":"//button[@data-kt=\"addNewRUOverflowToolbarButton\"]"}
COMMAND: POST /session/adcd3ed6fb0100e4772cacde8c89e218/elements - {"using":"xpath","value":"//button[@data-kt=\"addNewRUOverflowToolbarButton\"]"}
RESULT: {"using":"xpath","value":"//button[@data-kt=\"addNewRUOverflowToolbarButton\"]"}
COMMAND: POST /session/adcd3ed6fb0100e4772cacde8c89e218/element - {"using":"xpath","value":"//button[@data-kt=\"addNewRUOverflowToolbarButton\"]"}
RESULT: {"using":"xpath","value":"//button[@data-kt=\"addNewRUOverflowToolbarButton\"]"}
COMMAND: POST /session/adcd3ed6fb0100e4772cacde8c89e218/execute/sync - {"script":"<script> [8489 bytes]","args":[{"element-6066-11e4-a52e-4f735466cecf":"f.AE3220A217D4F6A0A4C8BD50DBA47D19.d.39BA2B5DE2E2A43B561EC4256D800698.e.2544","ELEMENT":"f.AE3220A217D4F6A0A4C8BD50DBA47D19.d.39BA2B5DE2E2A43B561EC4256D800698.e.2544"}]}
RESULT: {"script":"<script> [8489 bytes]","args":[{"element-6066-11e4-a52e-4f735466cecf":"f.AE3220A217D4F6A0A4C8BD50DBA47D19.d.39BA2B5DE2E2A43B561EC4256D800698.e.2544","ELEMENT":"f.AE3220A217D4F6A0A4C8BD50DBA47D19.d.39BA2B5DE2E2A43B561EC4256D800698.e.2544"}]}
COMMAND: GET /session/adcd3ed6fb0100e4772cacde8c89e218/element/f.AE3220A217D4F6A0A4C8BD50DBA47D19.d.39BA2B5DE2E2A43B561EC4256D800698.e.2544/enabled - {}
COMMAND: GET /session/adcd3ed6fb0100e4772cacde8c89e218/screenshot - {}
RESULT: {}
COMMAND: POST /session/adcd3ed6fb0100e4772cacde8c89e218/execute/sync - {"script":"<script> [8489 bytes]","args":[{"element-6066-11e4-a52e-4f735466cecf":"f.AE3220A217D4F6A0A4C8BD50DBA47D19.d.39BA2B5DE2E2A43B561EC4256D800698.e.2544","ELEMENT":"f.AE3220A217D4F6A0A4C8BD50DBA47D19.d.39BA2B5DE2E2A43B561EC4256D800698.e.2544"}]}
COMMAND: GET /session/adcd3ed6fb0100e4772cacde8c89e218/screenshot - {}
RESULT: {}
RESULT: {"script":"<script> [8489 bytes]","args":[{"element-6066-11e4-a52e-4f735466cecf":"f.AE3220A217D4F6A0A4C8BD50DBA47D19.d.39BA2B5DE2E2A43B561EC4256D800698.e.2544","ELEMENT":"f.AE3220A217D4F6A0A4C8BD50DBA47D19.d.39BA2B5DE2E2A43B561EC4256D800698.e.2544"}]}
COMMAND: POST /session/adcd3ed6fb0100e4772cacde8c89e218/execute/sync - {"script":"<script> [5351 bytes]","args":[{"element-6066-11e4-a52e-4f735466cecf":"f.AE3220A217D4F6A0A4C8BD50DBA47D19.d.39BA2B5DE2E2A43B561EC4256D800698.e.2544","ELEMENT":"f.AE3220A217D4F6A0A4C8BD50DBA47D19.d.39BA2B5DE2E2A43B561EC4256D800698.e.2544"}]}
COMMAND: GET /session/adcd3ed6fb0100e4772cacde8c89e218/screenshot - {}
RESULT: {}
RESULT: {"script":"<script> [5351 bytes]","args":[{"element-6066-11e4-a52e-4f735466cecf":"f.AE3220A217D4F6A0A4C8BD50DBA47D19.d.39BA2B5DE2E2A43B561EC4256D800698.e.2544","ELEMENT":"f.AE3220A217D4F6A0A4C8BD50DBA47D19.d.39BA2B5DE2E2A43B561EC4256D800698.e.2544"}]}
COMMAND: POST /session/adcd3ed6fb0100e4772cacde8c89e218/element/f.AE3220A217D4F6A0A4C8BD50DBA47D19.d.39BA2B5DE2E2A43B561EC4256D800698.e.2544/click - {}
COMMAND: GET /session/adcd3ed6fb0100e4772cacde8c89e218/screenshot - {}
RESULT: {}
RESULT: {}
COMMAND: GET /session/adcd3ed6fb0100e4772cacde8c89e218/screenshot - {}
RESULT: {}
RESULT: {}
COMMAND: POST /session/adcd3ed6fb0100e4772cacde8c89e218/execute/async - {"script":"<script> [1562 bytes]","args":[{"selector":{"id":"application-manageresources-display-component---newResourceUnit--TYPE-arrow"},"wdio_ui5_key":"applicationmanageresources-display-component---newResourceUnit--TYPE-arrow"}]}
RESULT: {"script":"<script> [1562 bytes]","args":[{"selector":{"id":"application-manageresources-display-component---newResourceUnit--TYPE-arrow"},"wdio_ui5_key":"applicationmanageresources-display-component---newResourceUnit--TYPE-arrow"}]}
RESULT: undefined
COMMAND: POST /session/adcd3ed6fb0100e4772cacde8c89e218/element - {"using":"xpath","value":"//*[@id=\"application-manageresources-display-component---newResourceUnit--TYPE-arrow\"]"}
RESULT: {"using":"xpath","value":"//*[@id=\"application-manageresources-display-component---newResourceUnit--TYPE-arrow\"]"}
COMMAND: POST /session/adcd3ed6fb0100e4772cacde8c89e218/element/f.AE3220A217D4F6A0A4C8BD50DBA47D19.d.39BA2B5DE2E2A43B561EC4256D800698.e.2903/click - {}
RESULT: {}
COMMAND: POST /session/adcd3ed6fb0100e4772cacde8c89e218/element - {"using":"xpath","value":"//input[@id=\"application-manageresources-display-component---newResourceUnit--TYPE-inner\"]"}
COMMAND: GET /session/adcd3ed6fb0100e4772cacde8c89e218/screenshot - {}
RESULT: {"using":"xpath","value":"//input[@id=\"application-manageresources-display-component---newResourceUnit--TYPE-inner\"]"}
COMMAND: POST /session/adcd3ed6fb0100e4772cacde8c89e218/element/f.AE3220A217D4F6A0A4C8BD50DBA47D19.d.39BA2B5DE2E2A43B561EC4256D800698.e.2895/clear - {}
RESULT: {}
RESULT: {}
COMMAND: POST /session/adcd3ed6fb0100e4772cacde8c89e218/element/f.AE3220A217D4F6A0A4C8BD50DBA47D19.d.39BA2B5DE2E2A43B561EC4256D800698.e.2895/value - {"text":"Equi Multipart"}
COMMAND: GET /session/adcd3ed6fb0100e4772cacde8c89e218/screenshot - {}
RESULT: {"text":"Equi Multipart"}
COMMAND: GET /session/adcd3ed6fb0100e4772cacde8c89e218/screenshot - {}
RESULT: {}
RESULT: {}
COMMAND: POST /session/adcd3ed6fb0100e4772cacde8c89e218/actions - {"actions":[{"id":"action8","type":"key","parameters":{},"actions":[{"type":"keyDown","value":""},{"type":"pause","duration":10},{"type":"keyUp","value":""}]}]}
RESULT: {"actions":[{"id":"action8","type":"key","parameters":{},"actions":[{"type":"keyDown","value":""},{"type":"pause","duration":10},{"type":"keyUp","value":""}]}]}
COMMAND: POST /session/adcd3ed6fb0100e4772cacde8c89e218/execute/async - {"script":"<script> [1562 bytes]","args":[{"selector":{"id":"application-manageresources-display-component---newResourceUnit--SHORT_TEXT","interaction":{"idSuffix":"inner"}},"wdio_ui5_key":"applicationmanageresources-display-component---newResourceUnit--SHORT_TEXT"}]}
COMMAND: GET /session/adcd3ed6fb0100e4772cacde8c89e218/screenshot - {}
RESULT: {"script":"<script> [1562 bytes]","args":[{"selector":{"id":"application-manageresources-display-component---newResourceUnit--SHORT_TEXT","interaction":{"idSuffix":"inner"}},"wdio_ui5_key":"applicationmanageresources-display-component---newResourceUnit--SHORT_TEXT"}]}
RESULT: undefined
COMMAND: POST /session/adcd3ed6fb0100e4772cacde8c89e218/execute/async - {"script":"<script> [776 bytes]","args":[{"enterText":"Equipment Multipart WDIO","selector":{"id":"application-manageresources-display-component---newResourceUnit--SHORT_TEXT","interaction":{"idSuffix":"inner"}},"clearTextFirst":true,"interactionType":"ENTER_TEXT"}]}
RESULT: {}
RESULT: {"script":"<script> [776 bytes]","args":[{"enterText":"Equipment Multipart WDIO","selector":{"id":"application-manageresources-display-component---newResourceUnit--SHORT_TEXT","interaction":{"idSuffix":"inner"}},"clearTextFirst":true,"interactionType":"ENTER_TEXT"}]}
COMMAND: POST /session/adcd3ed6fb0100e4772cacde8c89e218/execute/async - {"script":"<script> [1562 bytes]","args":[{"selector":{"id":"application-manageresources-display-component---newResourceUnit--BASE_UNIT_OF_MEASURE","interaction":{"idSuffix":"inner"}},"wdio_ui5_key":"applicationmanageresources-display-component---newResourceUnit--BASE_UNIT_OF_MEASURE"}]}
RESULT: {"script":"<script> [1562 bytes]","args":[{"selector":{"id":"application-manageresources-display-component---newResourceUnit--BASE_UNIT_OF_MEASURE","interaction":{"idSuffix":"inner"}},"wdio_ui5_key":"applicationmanageresources-display-component---newResourceUnit--BASE_UNIT_OF_MEASURE"}]}
RESULT: undefined
COMMAND: POST /session/adcd3ed6fb0100e4772cacde8c89e218/execute/async - {"script":"<script> [776 bytes]","args":[{"enterText":"Piece","selector":{"id":"application-manageresources-display-component---newResourceUnit--BASE_UNIT_OF_MEASURE","interaction":{"idSuffix":"inner"}},"clearTextFirst":true,"interactionType":"ENTER_TEXT"}]}
RESULT: {"script":"<script> [776 bytes]","args":[{"enterText":"Piece","selector":{"id":"application-manageresources-display-component---newResourceUnit--BASE_UNIT_OF_MEASURE","interaction":{"idSuffix":"inner"}},"clearTextFirst":true,"interactionType":"ENTER_TEXT"}]}
COMMAND: POST /session/adcd3ed6fb0100e4772cacde8c89e218/execute/async - {"script":"<script> [1562 bytes]","args":[{"selector":{"id":"application-manageresources-display-component---newResourceUnit--WEIGHT_UNIT","interaction":{"idSuffix":"inner"}},"wdio_ui5_key":"applicationmanageresources-display-component---newResourceUnit--WEIGHT_UNIT"}]}
RESULT: {"script":"<script> [1562 bytes]","args":[{"selector":{"id":"application-manageresources-display-component---newResourceUnit--WEIGHT_UNIT","interaction":{"idSuffix":"inner"}},"wdio_ui5_key":"applicationmanageresources-display-component---newResourceUnit--WEIGHT_UNIT"}]}
RESULT: undefined
COMMAND: POST /session/adcd3ed6fb0100e4772cacde8c89e218/execute/async - {"script":"<script> [776 bytes]","args":[{"enterText":"Gram","selector":{"id":"application-manageresources-display-component---newResourceUnit--WEIGHT_UNIT","interaction":{"idSuffix":"inner"}},"clearTextFirst":true,"interactionType":"ENTER_TEXT"}]}
RESULT: {"script":"<script> [776 bytes]","args":[{"enterText":"Gram","selector":{"id":"application-manageresources-display-component---newResourceUnit--WEIGHT_UNIT","interaction":{"idSuffix":"inner"}},"clearTextFirst":true,"interactionType":"ENTER_TEXT"}]}
COMMAND: POST /session/adcd3ed6fb0100e4772cacde8c89e218/execute/async - {"script":"<script> [1562 bytes]","args":[{"selector":{"id":"application-manageresources-display-component---newResourceUnit--DIMENSION_UNIT","interaction":{"idSuffix":"inner"}},"wdio_ui5_key":"applicationmanageresources-display-component---newResourceUnit--DIMENSION_UNIT"}]}
RESULT: {"script":"<script> [1562 bytes]","args":[{"selector":{"id":"application-manageresources-display-component---newResourceUnit--DIMENSION_UNIT","interaction":{"idSuffix":"inner"}},"wdio_ui5_key":"applicationmanageresources-display-component---newResourceUnit--DIMENSION_UNIT"}]}
RESULT: undefined
COMMAND: POST /session/adcd3ed6fb0100e4772cacde8c89e218/execute/async - {"script":"<script> [776 bytes]","args":[{"enterText":"Meter","selector":{"id":"application-manageresources-display-component---newResourceUnit--DIMENSION_UNIT","interaction":{"idSuffix":"inner"}},"clearTextFirst":true,"interactionType":"ENTER_TEXT"}]}
RESULT: {"script":"<script> [776 bytes]","args":[{"enterText":"Meter","selector":{"id":"application-manageresources-display-component---newResourceUnit--DIMENSION_UNIT","interaction":{"idSuffix":"inner"}},"clearTextFirst":true,"interactionType":"ENTER_TEXT"}]}
COMMAND: POST /session/adcd3ed6fb0100e4772cacde8c89e218/execute/async - {"script":"<script> [1562 bytes]","args":[{"selector":{"id":"application-manageresources-display-component---newResourceUnit--newRRUPage-anchBar-application-manageresources-display-component---newResourceUnit--control-anchor","interaction":{"idSuffix":"BDI-content"}},"wdio_ui5_key":"applicationmanageresources-display-component---newResourceUnit--newRRUPage-anchBar-application-manageresources-display-component---newResourceUnit--control-anchor"}]}
RESULT: {"script":"<script> [1562 bytes]","args":[{"selector":{"id":"application-manageresources-display-component---newResourceUnit--newRRUPage-anchBar-application-manageresources-display-component---newResourceUnit--control-anchor","interaction":{"idSuffix":"BDI-content"}},"wdio_ui5_key":"applicationmanageresources-display-component---newResourceUnit--newRRUPage-anchBar-application-manageresources-display-component---newResourceUnit--control-anchor"}]}
RESULT: undefined
COMMAND: POST /session/adcd3ed6fb0100e4772cacde8c89e218/element - {"using":"xpath","value":"//*[@id=\"application-manageresources-display-component---newResourceUnit--newRRUPage-anchBar-application-manageresources-display-component---newResourceUnit--control-anchor\"]"}
RESULT: {"using":"xpath","value":"//*[@id=\"application-manageresources-display-component---newResourceUnit--newRRUPage-anchBar-application-manageresources-display-component---newResourceUnit--control-anchor\"]"}
COMMAND: POST /session/adcd3ed6fb0100e4772cacde8c89e218/element/f.AE3220A217D4F6A0A4C8BD50DBA47D19.d.39BA2B5DE2E2A43B561EC4256D800698.e.3036/click - {}
RESULT: {}
COMMAND: POST /session/adcd3ed6fb0100e4772cacde8c89e218/execute/async - {"script":"<script> [1562 bytes]","args":[{"selector":{"id":"application-manageresources-display-component---newResourceUnit--PLANNING_GROUP","interaction":{"idSuffix":"inner"}},"wdio_ui5_key":"applicationmanageresources-display-component---newResourceUnit--PLANNING_GROUP"}]}
COMMAND: GET /session/adcd3ed6fb0100e4772cacde8c89e218/screenshot - {}
RESULT: {"script":"<script> [1562 bytes]","args":[{"selector":{"id":"application-manageresources-display-component---newResourceUnit--PLANNING_GROUP","interaction":{"idSuffix":"inner"}},"wdio_ui5_key":"applicationmanageresources-display-component---newResourceUnit--PLANNING_GROUP"}]}
RESULT: undefined
COMMAND: POST /session/adcd3ed6fb0100e4772cacde8c89e218/execute/async - {"script":"<script> [776 bytes]","args":[{"enterText":"Heavy Equi","selector":{"id":"application-manageresources-display-component---newResourceUnit--PLANNING_GROUP","interaction":{"idSuffix":"inner"}},"clearTextFirst":true,"interactionType":"ENTER_TEXT"}]}
RESULT: {}
RESULT: {"script":"<script> [776 bytes]","args":[{"enterText":"Heavy Equi","selector":{"id":"application-manageresources-display-component---newResourceUnit--PLANNING_GROUP","interaction":{"idSuffix":"inner"}},"clearTextFirst":true,"interactionType":"ENTER_TEXT"}]}
COMMAND: POST /session/adcd3ed6fb0100e4772cacde8c89e218/execute/async - {"script":"<script> [1562 bytes]","args":[{"selector":{"id":"application-manageresources-display-component---newResourceUnit--PLANNING_INDICATOR","interaction":{"idSuffix":"inner"}},"wdio_ui5_key":"applicationmanageresources-display-component---newResourceUnit--PLANNING_INDICATOR"}]}
RESULT: {"script":"<script> [1562 bytes]","args":[{"selector":{"id":"application-manageresources-display-component---newResourceUnit--PLANNING_INDICATOR","interaction":{"idSuffix":"inner"}},"wdio_ui5_key":"applicationmanageresources-display-component---newResourceUnit--PLANNING_INDICATOR"}]}
RESULT: undefined
COMMAND: POST /session/adcd3ed6fb0100e4772cacde8c89e218/execute/async - {"script":"<script> [776 bytes]","args":[{"enterText":"10 - infinite","selector":{"id":"application-manageresources-display-component---newResourceUnit--PLANNING_INDICATOR","interaction":{"idSuffix":"inner"}},"clearTextFirst":true,"interactionType":"ENTER_TEXT"}]}
RESULT: {"script":"<script> [776 bytes]","args":[{"enterText":"10 - infinite","selector":{"id":"application-manageresources-display-component---newResourceUnit--PLANNING_INDICATOR","interaction":{"idSuffix":"inner"}},"clearTextFirst":true,"interactionType":"ENTER_TEXT"}]}
COMMAND: POST /session/adcd3ed6fb0100e4772cacde8c89e218/execute/async - {"script":"<script> [1562 bytes]","args":[{"selector":{"id":"application-manageresources-display-component---newResourceUnit--ITEM_TYPE-arrow"},"wdio_ui5_key":"applicationmanageresources-display-component---newResourceUnit--ITEM_TYPE-arrow"}]}
RESULT: {"script":"<script> [1562 bytes]","args":[{"selector":{"id":"application-manageresources-display-component---newResourceUnit--ITEM_TYPE-arrow"},"wdio_ui5_key":"applicationmanageresources-display-component---newResourceUnit--ITEM_TYPE-arrow"}]}
RESULT: undefined
COMMAND: POST /session/adcd3ed6fb0100e4772cacde8c89e218/element - {"using":"xpath","value":"//*[@id=\"application-manageresources-display-component---newResourceUnit--ITEM_TYPE-arrow\"]"}
RESULT: {"using":"xpath","value":"//*[@id=\"application-manageresources-display-component---newResourceUnit--ITEM_TYPE-arrow\"]"}
COMMAND: POST /session/adcd3ed6fb0100e4772cacde8c89e218/element/f.AE3220A217D4F6A0A4C8BD50DBA47D19.d.39BA2B5DE2E2A43B561EC4256D800698.e.3046/click - {}
RESULT: {}
COMMAND: GET /session/adcd3ed6fb0100e4772cacde8c89e218/screenshot - {}
RESULT: {}
COMMAND: POST /session/adcd3ed6fb0100e4772cacde8c89e218/execute/async - {"script":"<script> [1562 bytes]","args":[{"selector":{"controlType":"sap.m.StandardListItem","viewName":"reusables.view.manageresources.NewResourceUnit","viewId":"application-manageresources-display-component---newResourceUnit","properties":{"title":"Pool Equipment"},"searchOpenDialogs":true,"interaction":{"idSuffix":"content"}},"wdio_ui5_key":"reusablesview.manageresources.NewResourceUnitsap.m.StandardListItem{\"title\":\"Pool Equipment\"}"}]}
RESULT: {"script":"<script> [1562 bytes]","args":[{"selector":{"controlType":"sap.m.StandardListItem","viewName":"reusables.view.manageresources.NewResourceUnit","viewId":"application-manageresources-display-component---newResourceUnit","properties":{"title":"Pool Equipment"},"searchOpenDialogs":true,"interaction":{"idSuffix":"content"}},"wdio_ui5_key":"reusablesview.manageresources.NewResourceUnitsap.m.StandardListItem{\"title\":\"Pool Equipment\"}"}]}
RESULT: undefined
COMMAND: POST /session/adcd3ed6fb0100e4772cacde8c89e218/element - {"using":"xpath","value":"//*[@id=\"__item1678\"]"}
RESULT: {"using":"xpath","value":"//*[@id=\"__item1678\"]"}
COMMAND: POST /session/adcd3ed6fb0100e4772cacde8c89e218/element/f.AE3220A217D4F6A0A4C8BD50DBA47D19.d.39BA2B5DE2E2A43B561EC4256D800698.e.3048/click - {}
RESULT: {}
COMMAND: GET /session/adcd3ed6fb0100e4772cacde8c89e218/screenshot - {}
RESULT: {}
COMMAND: POST /session/adcd3ed6fb0100e4772cacde8c89e218/element - {"using":"css selector","value":"#application-manageresources-display-component---newResourceUnit--btnAddTimeSegment"}
RESULT: {"using":"css selector","value":"#application-manageresources-display-component---newResourceUnit--btnAddTimeSegment"}
COMMAND: GET /session/adcd3ed6fb0100e4772cacde8c89e218/element/f.AE3220A217D4F6A0A4C8BD50DBA47D19.d.39BA2B5DE2E2A43B561EC4256D800698.e.3110/rect - {}
RESULT: {}
COMMAND: GET /session/adcd3ed6fb0100e4772cacde8c89e218/window/rect - {}
RESULT: {}
COMMAND: POST /session/adcd3ed6fb0100e4772cacde8c89e218/execute/sync - {"script":"<script> [92 bytes]","args":[]}
RESULT: {"script":"<script> [92 bytes]","args":[]}
COMMAND: POST /session/adcd3ed6fb0100e4772cacde8c89e218/actions - {"actions":[{"id":"action9","type":"wheel","parameters":{},"actions":[{"type":"scroll","x":-1888,"y":-32,"deltaX":0,"deltaY":0,"duration":0,"origin":{"element-6066-11e4-a52e-4f735466cecf":"f.AE3220A217D4F6A0A4C8BD50DBA47D19.d.39BA2B5DE2E2A43B561EC4256D800698.e.3110"}}]}]}
COMMAND: GET /session/adcd3ed6fb0100e4772cacde8c89e218/screenshot - {}
RESULT: {}
COMMAND: POST /session/adcd3ed6fb0100e4772cacde8c89e218/execute/sync - {"script":"<script> [79 bytes]","args":[{"element-6066-11e4-a52e-4f735466cecf":"f.AE3220A217D4F6A0A4C8BD50DBA47D19.d.39BA2B5DE2E2A43B561EC4256D800698.e.3110","ELEMENT":"f.AE3220A217D4F6A0A4C8BD50DBA47D19.d.39BA2B5DE2E2A43B561EC4256D800698.e.3110"},{"block":"start","inline":"nearest"}]}
RESULT: {"script":"<script> [79 bytes]","args":[{"element-6066-11e4-a52e-4f735466cecf":"f.AE3220A217D4F6A0A4C8BD50DBA47D19.d.39BA2B5DE2E2A43B561EC4256D800698.e.3110","ELEMENT":"f.AE3220A217D4F6A0A4C8BD50DBA47D19.d.39BA2B5DE2E2A43B561EC4256D800698.e.3110"},{"block":"start","inline":"nearest"}]}
COMMAND: POST /session/adcd3ed6fb0100e4772cacde8c89e218/execute/async - {"script":"<script> [1562 bytes]","args":[{"selector":{"id":"application-manageresources-display-component---newResourceUnit--btnAddTimeSegment","interaction":{"idSuffix":"inner"}},"wdio_ui5_key":"applicationmanageresources-display-component---newResourceUnit--btnAddTimeSegment"}]}
COMMAND: GET /session/adcd3ed6fb0100e4772cacde8c89e218/screenshot - {}
RESULT: {"script":"<script> [1562 bytes]","args":[{"selector":{"id":"application-manageresources-display-component---newResourceUnit--btnAddTimeSegment","interaction":{"idSuffix":"inner"}},"wdio_ui5_key":"applicationmanageresources-display-component---newResourceUnit--btnAddTimeSegment"}]}
RESULT: undefined
COMMAND: POST /session/adcd3ed6fb0100e4772cacde8c89e218/element - {"using":"xpath","value":"//*[@id=\"application-manageresources-display-component---newResourceUnit--btnAddTimeSegment\"]"}
RESULT: {}
RESULT: {"using":"xpath","value":"//*[@id=\"application-manageresources-display-component---newResourceUnit--btnAddTimeSegment\"]"}
COMMAND: POST /session/adcd3ed6fb0100e4772cacde8c89e218/element/f.AE3220A217D4F6A0A4C8BD50DBA47D19.d.39BA2B5DE2E2A43B561EC4256D800698.e.3110/click - {}
RESULT: {}
COMMAND: GET /session/adcd3ed6fb0100e4772cacde8c89e218/screenshot - {}
RESULT: {}
COMMAND: POST /session/adcd3ed6fb0100e4772cacde8c89e218/element - {"using":"xpath","value":"//input[@id=\"application-manageresources-display-component---newResourceUnit--idRuTSAdmin-application-manageresources-display-component---newResourceUnit--RUTimeSegment-0-inner\"]"}
RESULT: {"using":"xpath","value":"//input[@id=\"application-manageresources-display-component---newResourceUnit--idRuTSAdmin-application-manageresources-display-component---newResourceUnit--RUTimeSegment-0-inner\"]"}
COMMAND: POST /session/adcd3ed6fb0100e4772cacde8c89e218/element/f.AE3220A217D4F6A0A4C8BD50DBA47D19.d.39BA2B5DE2E2A43B561EC4256D800698.e.3116/clear - {}
RESULT: {}
COMMAND: POST /session/adcd3ed6fb0100e4772cacde8c89e218/element/f.AE3220A217D4F6A0A4C8BD50DBA47D19.d.39BA2B5DE2E2A43B561EC4256D800698.e.3116/value - {"text":"436"}
COMMAND: GET /session/adcd3ed6fb0100e4772cacde8c89e218/screenshot - {}
RESULT: {"text":"436"}
COMMAND: GET /session/adcd3ed6fb0100e4772cacde8c89e218/screenshot - {}
RESULT: {}
RESULT: {}
COMMAND: POST /session/adcd3ed6fb0100e4772cacde8c89e218/element - {"using":"xpath","value":"//li[.//span[text()='436']]"}
RESULT: {"using":"xpath","value":"//li[.//span[text()='436']]"}
COMMAND: POST /session/adcd3ed6fb0100e4772cacde8c89e218/element/f.AE3220A217D4F6A0A4C8BD50DBA47D19.d.39BA2B5DE2E2A43B561EC4256D800698.e.3129/click - {}
RESULT: {}
COMMAND: GET /session/adcd3ed6fb0100e4772cacde8c89e218/screenshot - {}
RESULT: {}
COMMAND: POST /session/adcd3ed6fb0100e4772cacde8c89e218/element - {"using":"xpath","value":"(//span[contains(@id, \"-application-manageresources-display-component---newResourceUnit--RUTimeSegment-0-arrow\")])[5]"}
RESULT: {"using":"xpath","value":"(//span[contains(@id, \"-application-manageresources-display-component---newResourceUnit--RUTimeSegment-0-arrow\")])[5]"}
COMMAND: POST /session/adcd3ed6fb0100e4772cacde8c89e218/element/f.AE3220A217D4F6A0A4C8BD50DBA47D19.d.39BA2B5DE2E2A43B561EC4256D800698.e.3130/click - {}
RESULT: {}
COMMAND: GET /session/adcd3ed6fb0100e4772cacde8c89e218/screenshot - {}
RESULT: {}
COMMAND: POST /session/adcd3ed6fb0100e4772cacde8c89e218/element - {"using":"xpath","value":"//span[contains(text(), \"PM Order\")]"}
RESULT: {"using":"xpath","value":"//span[contains(text(), \"PM Order\")]"}
COMMAND: POST /session/adcd3ed6fb0100e4772cacde8c89e218/element/f.AE3220A217D4F6A0A4C8BD50DBA47D19.d.39BA2B5DE2E2A43B561EC4256D800698.e.3131/click - {}
RESULT: {}
COMMAND: GET /session/adcd3ed6fb0100e4772cacde8c89e218/screenshot - {}
RESULT: {}
COMMAND: POST /session/adcd3ed6fb0100e4772cacde8c89e218/element - {"using":"xpath","value":"(//span[contains(@id ,\"manageresources-display-component---newResourceUnit--RUTimeSegment-0-vhi\")])[1]"}
RESULT: {"using":"xpath","value":"(//span[contains(@id ,\"manageresources-display-component---newResourceUnit--RUTimeSegment-0-vhi\")])[1]"}
COMMAND: GET /session/adcd3ed6fb0100e4772cacde8c89e218/element/f.AE3220A217D4F6A0A4C8BD50DBA47D19.d.39BA2B5DE2E2A43B561EC4256D800698.e.3135/rect - {}
RESULT: {}
COMMAND: GET /session/adcd3ed6fb0100e4772cacde8c89e218/window/rect - {}
RESULT: {}
COMMAND: POST /session/adcd3ed6fb0100e4772cacde8c89e218/execute/sync - {"script":"<script> [92 bytes]","args":[]}
RESULT: {"script":"<script> [92 bytes]","args":[]}
COMMAND: POST /session/adcd3ed6fb0100e4772cacde8c89e218/actions - {"actions":[{"id":"action10","type":"wheel","parameters":{},"actions":[{"type":"scroll","x":-1888,"y":-24,"deltaX":0,"deltaY":0,"duration":0,"origin":{"element-6066-11e4-a52e-4f735466cecf":"f.AE3220A217D4F6A0A4C8BD50DBA47D19.d.39BA2B5DE2E2A43B561EC4256D800698.e.3135"}}]}]}
COMMAND: GET /session/adcd3ed6fb0100e4772cacde8c89e218/screenshot - {}
RESULT: {}
COMMAND: POST /session/adcd3ed6fb0100e4772cacde8c89e218/execute/sync - {"script":"<script> [79 bytes]","args":[{"element-6066-11e4-a52e-4f735466cecf":"f.AE3220A217D4F6A0A4C8BD50DBA47D19.d.39BA2B5DE2E2A43B561EC4256D800698.e.3135","ELEMENT":"f.AE3220A217D4F6A0A4C8BD50DBA47D19.d.39BA2B5DE2E2A43B561EC4256D800698.e.3135"},{"block":"start","inline":"nearest"}]}
RESULT: {"script":"<script> [79 bytes]","args":[{"element-6066-11e4-a52e-4f735466cecf":"f.AE3220A217D4F6A0A4C8BD50DBA47D19.d.39BA2B5DE2E2A43B561EC4256D800698.e.3135","ELEMENT":"f.AE3220A217D4F6A0A4C8BD50DBA47D19.d.39BA2B5DE2E2A43B561EC4256D800698.e.3135"},{"block":"start","inline":"nearest"}]}
COMMAND: GET /session/adcd3ed6fb0100e4772cacde8c89e218/screenshot - {}
RESULT: {}
COMMAND: POST /session/adcd3ed6fb0100e4772cacde8c89e218/element/f.AE3220A217D4F6A0A4C8BD50DBA47D19.d.39BA2B5DE2E2A43B561EC4256D800698.e.3135/click - {}
RESULT: {}
COMMAND: GET /session/adcd3ed6fb0100e4772cacde8c89e218/screenshot - {}
RESULT: {}
RESULT: undefined
COMMAND: POST /session/adcd3ed6fb0100e4772cacde8c89e218/execute/async - {"script":"<script> [776 bytes]","args":[{"enterText":"4000360","selector":{"controlType":"sap.m.SearchField","properties":{"placeholder":"Search"},"searchOpenDialogs":true,"interaction":{"idSuffix":"I"}},"clearTextFirst":true,"interactionType":"ENTER_TEXT"}]}
RESULT: {"script":"<script> [776 bytes]","args":[{"enterText":"4000360","selector":{"controlType":"sap.m.SearchField","properties":{"placeholder":"Search"},"searchOpenDialogs":true,"interaction":{"idSuffix":"I"}},"clearTextFirst":true,"interactionType":"ENTER_TEXT"}]}
COMMAND: POST /session/adcd3ed6fb0100e4772cacde8c89e218/actions - {"actions":[{"id":"action11","type":"key","parameters":{},"actions":[{"type":"keyDown","value":""},{"type":"pause","duration":10},{"type":"keyUp","value":""}]}]}
RESULT: {"actions":[{"id":"action11","type":"key","parameters":{},"actions":[{"type":"keyDown","value":""},{"type":"pause","duration":10},{"type":"keyUp","value":""}]}]}
COMMAND: GET /session/adcd3ed6fb0100e4772cacde8c89e218/screenshot - {}
RESULT: {}
COMMAND: POST /session/adcd3ed6fb0100e4772cacde8c89e218/element - {"using":"xpath","value":"//td/div/span[contains(text(), \"BGL Vehicles\")]"}
RESULT: {"using":"xpath","value":"//td/div/span[contains(text(), \"BGL Vehicles\")]"}
COMMAND: POST /session/adcd3ed6fb0100e4772cacde8c89e218/element/f.AE3220A217D4F6A0A4C8BD50DBA47D19.d.39BA2B5DE2E2A43B561EC4256D800698.e.3157/click - {}
RESULT: {}
COMMAND: GET /session/adcd3ed6fb0100e4772cacde8c89e218/screenshot - {}
RESULT: {}
COMMAND: POST /session/adcd3ed6fb0100e4772cacde8c89e218/element - {"using":"xpath","value":"//bdi[contains(text(), \"OK\")]"}
RESULT: {"using":"xpath","value":"//bdi[contains(text(), \"OK\")]"}
COMMAND: POST /session/adcd3ed6fb0100e4772cacde8c89e218/element/f.AE3220A217D4F6A0A4C8BD50DBA47D19.d.39BA2B5DE2E2A43B561EC4256D800698.e.3158/click - {}
RESULT: {}
COMMAND: GET /session/adcd3ed6fb0100e4772cacde8c89e218/screenshot - {}
RESULT: {}
COMMAND: POST /session/adcd3ed6fb0100e4772cacde8c89e218/element - {"using":"xpath","value":"//label[contains(@class, 'sapMLabelRequired') and .//bdi[contains(text(), 'Planned Retirement')]]"}
RESULT: {"using":"xpath","value":"//label[contains(@class, 'sapMLabelRequired') and .//bdi[contains(text(), 'Planned Retirement')]]"}
COMMAND: POST /session/adcd3ed6fb0100e4772cacde8c89e218/elements - {"using":"xpath","value":"//label[contains(@class, 'sapMLabelRequired') and .//bdi[contains(text(), 'Planned Retirement')]]"}
RESULT: {"using":"xpath","value":"//label[contains(@class, 'sapMLabelRequired') and .//bdi[contains(text(), 'Planned Retirement')]]"}
COMMAND: POST /session/adcd3ed6fb0100e4772cacde8c89e218/element - {"using":"xpath","value":"//button[@data-kt=\"resourceUnitSaveButton\"]"}
RESULT: {"using":"xpath","value":"//button[@data-kt=\"resourceUnitSaveButton\"]"}
COMMAND: POST /session/adcd3ed6fb0100e4772cacde8c89e218/element/f.AE3220A217D4F6A0A4C8BD50DBA47D19.d.39BA2B5DE2E2A43B561EC4256D800698.e.2919/click - {}
RESULT: {}
COMMAND: GET /session/adcd3ed6fb0100e4772cacde8c89e218/screenshot - {}
RESULT: {}
COMMAND: POST /session/adcd3ed6fb0100e4772cacde8c89e218/element - {"using":"xpath","value":"//bdi[contains(text(), \"Close\")]"}
RESULT: {"using":"xpath","value":"//bdi[contains(text(), \"Close\")]"}
COMMAND: POST /session/adcd3ed6fb0100e4772cacde8c89e218/element/f.AE3220A217D4F6A0A4C8BD50DBA47D19.d.39BA2B5DE2E2A43B561EC4256D800698.e.3164/click - {}
RESULT: {}
COMMAND: GET /session/adcd3ed6fb0100e4772cacde8c89e218/screenshot - {}
RESULT: {}
COMMAND: POST /session/adcd3ed6fb0100e4772cacde8c89e218/element - {"using":"xpath","value":"//header[contains(@id, 'detailRruPage-headerTitle')]/div[1]/div[2]/div[2]/span[1]"}
RESULT: {"using":"xpath","value":"//header[contains(@id, 'detailRruPage-headerTitle')]/div[1]/div[2]/div[2]/span[1]"}
COMMAND: POST /session/adcd3ed6fb0100e4772cacde8c89e218/elements - {"using":"xpath","value":"//header[contains(@id, 'detailRruPage-headerTitle')]/div[1]/div[2]/div[2]/span[1]"}
RESULT: {"using":"xpath","value":"//header[contains(@id, 'detailRruPage-headerTitle')]/div[1]/div[2]/div[2]/span[1]"}
COMMAND: POST /session/adcd3ed6fb0100e4772cacde8c89e218/execute/sync - {"script":"<script> [56 bytes]","args":[{"element-6066-11e4-a52e-4f735466cecf":"f.AE3220A217D4F6A0A4C8BD50DBA47D19.d.39BA2B5DE2E2A43B561EC4256D800698.e.3196","ELEMENT":"f.AE3220A217D4F6A0A4C8BD50DBA47D19.d.39BA2B5DE2E2A43B561EC4256D800698.e.3196"}]}
RESULT: {"script":"<script> [56 bytes]","args":[{"element-6066-11e4-a52e-4f735466cecf":"f.AE3220A217D4F6A0A4C8BD50DBA47D19.d.39BA2B5DE2E2A43B561EC4256D800698.e.3196","ELEMENT":"f.AE3220A217D4F6A0A4C8BD50DBA47D19.d.39BA2B5DE2E2A43B561EC4256D800698.e.3196"}]}
COMMAND: POST /session/adcd3ed6fb0100e4772cacde8c89e218/element - {"using":"css selector","value":"#shell-header-logo"}
COMMAND: GET /session/adcd3ed6fb0100e4772cacde8c89e218/screenshot - {}
RESULT: {"using":"css selector","value":"#shell-header-logo"}
COMMAND: POST /session/adcd3ed6fb0100e4772cacde8c89e218/element/f.AE3220A217D4F6A0A4C8BD50DBA47D19.d.39BA2B5DE2E2A43B561EC4256D800698.e.2517/click - {}
RESULT: {}
RESULT: {}
COMMAND: GET /session/adcd3ed6fb0100e4772cacde8c89e218/screenshot - {}
RESULT: {}
]]></system-out>
    </testcase>
    <testcase classname="chrome.136_0_7103_93.windows.Tests_for_Mass_State_Change_on_Manage_States_&amp;_Performances_US104416_US" name="Prereq Should do stock increase" time="104.914">
      <system-out><![CDATA[
COMMAND: POST /session/adcd3ed6fb0100e4772cacde8c89e218/execute/async - {"script":"<script> [1562 bytes]","args":[{"selector":{"controlType":"sap.m.GenericTile","properties":{"header":"Manage Handovers"}},"wdio_ui5_key":"sapm.GenericTile{\"header\":\"Manage Handovers\"}"}]}
RESULT: {"script":"<script> [1562 bytes]","args":[{"selector":{"controlType":"sap.m.GenericTile","properties":{"header":"Manage Handovers"}},"wdio_ui5_key":"sapm.GenericTile{\"header\":\"Manage Handovers\"}"}]}
RESULT: undefined
COMMAND: POST /session/adcd3ed6fb0100e4772cacde8c89e218/element - {"using":"xpath","value":"//*[@id=\"__tile132\"]"}
RESULT: {"using":"xpath","value":"//*[@id=\"__tile132\"]"}
COMMAND: POST /session/adcd3ed6fb0100e4772cacde8c89e218/element/f.AE3220A217D4F6A0A4C8BD50DBA47D19.d.39BA2B5DE2E2A43B561EC4256D800698.e.242/click - {}
RESULT: {}
COMMAND: GET /session/adcd3ed6fb0100e4772cacde8c89e218/screenshot - {}
RESULT: {}
COMMAND: POST /session/adcd3ed6fb0100e4772cacde8c89e218/elements - {"using":"xpath","value":"//span[text()='Error']"}
RESULT: {"using":"xpath","value":"//span[text()='Error']"}
COMMAND: POST /session/adcd3ed6fb0100e4772cacde8c89e218/element - {"using":"xpath","value":"//button[@data-kt=\"masterHOAddButton\"]"}
RESULT: {"using":"xpath","value":"//button[@data-kt=\"masterHOAddButton\"]"}
COMMAND: POST /session/adcd3ed6fb0100e4772cacde8c89e218/elements - {"using":"xpath","value":"//button[@data-kt=\"masterHOAddButton\"]"}
RESULT: {"using":"xpath","value":"//button[@data-kt=\"masterHOAddButton\"]"}
COMMAND: POST /session/adcd3ed6fb0100e4772cacde8c89e218/elements - {"using":"xpath","value":"//button[@data-kt=\"masterHOAddButton\"]"}
RESULT: {"using":"xpath","value":"//button[@data-kt=\"masterHOAddButton\"]"}
COMMAND: POST /session/adcd3ed6fb0100e4772cacde8c89e218/element - {"using":"xpath","value":"//button[@data-kt=\"masterHOAddButton\"]"}
RESULT: {"using":"xpath","value":"//button[@data-kt=\"masterHOAddButton\"]"}
COMMAND: POST /session/adcd3ed6fb0100e4772cacde8c89e218/execute/sync - {"script":"<script> [8489 bytes]","args":[{"element-6066-11e4-a52e-4f735466cecf":"f.AE3220A217D4F6A0A4C8BD50DBA47D19.d.39BA2B5DE2E2A43B561EC4256D800698.e.3228","ELEMENT":"f.AE3220A217D4F6A0A4C8BD50DBA47D19.d.39BA2B5DE2E2A43B561EC4256D800698.e.3228"}]}
RESULT: {"script":"<script> [8489 bytes]","args":[{"element-6066-11e4-a52e-4f735466cecf":"f.AE3220A217D4F6A0A4C8BD50DBA47D19.d.39BA2B5DE2E2A43B561EC4256D800698.e.3228","ELEMENT":"f.AE3220A217D4F6A0A4C8BD50DBA47D19.d.39BA2B5DE2E2A43B561EC4256D800698.e.3228"}]}
COMMAND: GET /session/adcd3ed6fb0100e4772cacde8c89e218/element/f.AE3220A217D4F6A0A4C8BD50DBA47D19.d.39BA2B5DE2E2A43B561EC4256D800698.e.3228/enabled - {}
COMMAND: GET /session/adcd3ed6fb0100e4772cacde8c89e218/screenshot - {}
RESULT: {}
COMMAND: POST /session/adcd3ed6fb0100e4772cacde8c89e218/execute/sync - {"script":"<script> [8489 bytes]","args":[{"element-6066-11e4-a52e-4f735466cecf":"f.AE3220A217D4F6A0A4C8BD50DBA47D19.d.39BA2B5DE2E2A43B561EC4256D800698.e.3228","ELEMENT":"f.AE3220A217D4F6A0A4C8BD50DBA47D19.d.39BA2B5DE2E2A43B561EC4256D800698.e.3228"}]}
COMMAND: GET /session/adcd3ed6fb0100e4772cacde8c89e218/screenshot - {}
RESULT: {}
RESULT: {"script":"<script> [8489 bytes]","args":[{"element-6066-11e4-a52e-4f735466cecf":"f.AE3220A217D4F6A0A4C8BD50DBA47D19.d.39BA2B5DE2E2A43B561EC4256D800698.e.3228","ELEMENT":"f.AE3220A217D4F6A0A4C8BD50DBA47D19.d.39BA2B5DE2E2A43B561EC4256D800698.e.3228"}]}
COMMAND: POST /session/adcd3ed6fb0100e4772cacde8c89e218/execute/sync - {"script":"<script> [5351 bytes]","args":[{"element-6066-11e4-a52e-4f735466cecf":"f.AE3220A217D4F6A0A4C8BD50DBA47D19.d.39BA2B5DE2E2A43B561EC4256D800698.e.3228","ELEMENT":"f.AE3220A217D4F6A0A4C8BD50DBA47D19.d.39BA2B5DE2E2A43B561EC4256D800698.e.3228"}]}
COMMAND: GET /session/adcd3ed6fb0100e4772cacde8c89e218/screenshot - {}
RESULT: {}
RESULT: {"script":"<script> [5351 bytes]","args":[{"element-6066-11e4-a52e-4f735466cecf":"f.AE3220A217D4F6A0A4C8BD50DBA47D19.d.39BA2B5DE2E2A43B561EC4256D800698.e.3228","ELEMENT":"f.AE3220A217D4F6A0A4C8BD50DBA47D19.d.39BA2B5DE2E2A43B561EC4256D800698.e.3228"}]}
COMMAND: POST /session/adcd3ed6fb0100e4772cacde8c89e218/element/f.AE3220A217D4F6A0A4C8BD50DBA47D19.d.39BA2B5DE2E2A43B561EC4256D800698.e.3228/click - {}
COMMAND: GET /session/adcd3ed6fb0100e4772cacde8c89e218/screenshot - {}
RESULT: {}
RESULT: {}
COMMAND: GET /session/adcd3ed6fb0100e4772cacde8c89e218/screenshot - {}
RESULT: {}
RESULT: {}
COMMAND: POST /session/adcd3ed6fb0100e4772cacde8c89e218/element - {"using":"xpath","value":"//span[contains(@id ,\"AddNewHO--typeSelect-arrow\")]"}
RESULT: {"using":"xpath","value":"//span[contains(@id ,\"AddNewHO--typeSelect-arrow\")]"}
COMMAND: POST /session/adcd3ed6fb0100e4772cacde8c89e218/element/f.AE3220A217D4F6A0A4C8BD50DBA47D19.d.39BA2B5DE2E2A43B561EC4256D800698.e.3577/click - {}
RESULT: {}
COMMAND: GET /session/adcd3ed6fb0100e4772cacde8c89e218/screenshot - {}
RESULT: {}
COMMAND: POST /session/adcd3ed6fb0100e4772cacde8c89e218/element - {"using":"xpath","value":"(//li[contains(text(), \"stock increase yard\")])[1]"}
RESULT: {"using":"xpath","value":"(//li[contains(text(), \"stock increase yard\")])[1]"}
COMMAND: POST /session/adcd3ed6fb0100e4772cacde8c89e218/element/f.AE3220A217D4F6A0A4C8BD50DBA47D19.d.39BA2B5DE2E2A43B561EC4256D800698.e.3578/click - {}
RESULT: {}
COMMAND: GET /session/adcd3ed6fb0100e4772cacde8c89e218/screenshot - {}
RESULT: {}
COMMAND: POST /session/adcd3ed6fb0100e4772cacde8c89e218/execute/async - {"script":"<script> [1562 bytes]","args":[{"selector":{"id":"application-managehandovers-display-component---AddNewHO--dueDate","interaction":{"idSuffix":"inner"}},"wdio_ui5_key":"applicationmanagehandovers-display-component---AddNewHO--dueDate"}]}
RESULT: {"script":"<script> [1562 bytes]","args":[{"selector":{"id":"application-managehandovers-display-component---AddNewHO--dueDate","interaction":{"idSuffix":"inner"}},"wdio_ui5_key":"applicationmanagehandovers-display-component---AddNewHO--dueDate"}]}
RESULT: undefined
COMMAND: POST /session/adcd3ed6fb0100e4772cacde8c89e218/execute/async - {"script":"<script> [6424 bytes]","args":[{"element-6066-11e4-a52e-4f735466cecf":"f.AE3220A217D4F6A0A4C8BD50DBA47D19.d.39BA2B5DE2E2A43B561EC4256D800698.e.3580"},"setValue",["5/28/25"]]}
RESULT: {"script":"<script> [6424 bytes]","args":[{"element-6066-11e4-a52e-4f735466cecf":"f.AE3220A217D4F6A0A4C8BD50DBA47D19.d.39BA2B5DE2E2A43B561EC4256D800698.e.3580"},"setValue",["5/28/25"]]}
COMMAND: POST /session/adcd3ed6fb0100e4772cacde8c89e218/element - {"using":"xpath","value":"//input[@id=\"generalSectionFrg--receiveYard-inner\"]"}
RESULT: {"using":"xpath","value":"//input[@id=\"generalSectionFrg--receiveYard-inner\"]"}
COMMAND: POST /session/adcd3ed6fb0100e4772cacde8c89e218/element/f.AE3220A217D4F6A0A4C8BD50DBA47D19.d.39BA2B5DE2E2A43B561EC4256D800698.e.3586/clear - {}
RESULT: {}
COMMAND: POST /session/adcd3ed6fb0100e4772cacde8c89e218/element/f.AE3220A217D4F6A0A4C8BD50DBA47D19.d.39BA2B5DE2E2A43B561EC4256D800698.e.3586/value - {"text":"436"}
COMMAND: GET /session/adcd3ed6fb0100e4772cacde8c89e218/screenshot - {}
RESULT: {"text":"436"}
COMMAND: GET /session/adcd3ed6fb0100e4772cacde8c89e218/screenshot - {}
RESULT: {}
RESULT: {}
COMMAND: POST /session/adcd3ed6fb0100e4772cacde8c89e218/element - {"using":"xpath","value":"//li[.//span[text()='436']]"}
RESULT: {"using":"xpath","value":"//li[.//span[text()='436']]"}
COMMAND: POST /session/adcd3ed6fb0100e4772cacde8c89e218/element/f.AE3220A217D4F6A0A4C8BD50DBA47D19.d.39BA2B5DE2E2A43B561EC4256D800698.e.3604/click - {}
RESULT: {}
COMMAND: GET /session/adcd3ed6fb0100e4772cacde8c89e218/screenshot - {}
RESULT: {}
COMMAND: POST /session/adcd3ed6fb0100e4772cacde8c89e218/execute/async - {"script":"<script> [1562 bytes]","args":[{"selector":{"id":"application-managehandovers-display-component---AddNewHO--ObjectPageLayout-anchBar-application-managehandovers-display-component---AddNewHO--section4-anchor","interaction":{"idSuffix":"BDI-content"}},"wdio_ui5_key":"applicationmanagehandovers-display-component---AddNewHO--ObjectPageLayout-anchBar-application-managehandovers-display-component---AddNewHO--section4-anchor"}]}
RESULT: {"script":"<script> [1562 bytes]","args":[{"selector":{"id":"application-managehandovers-display-component---AddNewHO--ObjectPageLayout-anchBar-application-managehandovers-display-component---AddNewHO--section4-anchor","interaction":{"idSuffix":"BDI-content"}},"wdio_ui5_key":"applicationmanagehandovers-display-component---AddNewHO--ObjectPageLayout-anchBar-application-managehandovers-display-component---AddNewHO--section4-anchor"}]}
RESULT: undefined
COMMAND: POST /session/adcd3ed6fb0100e4772cacde8c89e218/element - {"using":"xpath","value":"//*[@id=\"application-managehandovers-display-component---AddNewHO--ObjectPageLayout-anchBar-application-managehandovers-display-component---AddNewHO--section4-anchor\"]"}
RESULT: {"using":"xpath","value":"//*[@id=\"application-managehandovers-display-component---AddNewHO--ObjectPageLayout-anchBar-application-managehandovers-display-component---AddNewHO--section4-anchor\"]"}
COMMAND: POST /session/adcd3ed6fb0100e4772cacde8c89e218/element/f.AE3220A217D4F6A0A4C8BD50DBA47D19.d.39BA2B5DE2E2A43B561EC4256D800698.e.3606/click - {}
RESULT: {}
COMMAND: POST /session/adcd3ed6fb0100e4772cacde8c89e218/element - {"using":"xpath","value":"//button[@aria-label=\"Add\"]"}
COMMAND: GET /session/adcd3ed6fb0100e4772cacde8c89e218/screenshot - {}
RESULT: {"using":"xpath","value":"//button[@aria-label=\"Add\"]"}
COMMAND: POST /session/adcd3ed6fb0100e4772cacde8c89e218/element/f.AE3220A217D4F6A0A4C8BD50DBA47D19.d.39BA2B5DE2E2A43B561EC4256D800698.e.3609/click - {}
RESULT: {}
RESULT: {}
COMMAND: GET /session/adcd3ed6fb0100e4772cacde8c89e218/screenshot - {}
RESULT: {}
COMMAND: POST /session/adcd3ed6fb0100e4772cacde8c89e218/execute/async - {"script":"<script> [1562 bytes]","args":[{"selector":{"id":"application-managehandovers-display-component---AddNewHO--smartFilterBar-btnBasicSearch","searchOpenDialogs":true,"interaction":{"idSuffix":"I"}},"wdio_ui5_key":"applicationmanagehandovers-display-component---AddNewHO--smartFilterBar-btnBasicSearch"}]}
RESULT: {"script":"<script> [1562 bytes]","args":[{"selector":{"id":"application-managehandovers-display-component---AddNewHO--smartFilterBar-btnBasicSearch","searchOpenDialogs":true,"interaction":{"idSuffix":"I"}},"wdio_ui5_key":"applicationmanagehandovers-display-component---AddNewHO--smartFilterBar-btnBasicSearch"}]}
RESULT: undefined
COMMAND: POST /session/adcd3ed6fb0100e4772cacde8c89e218/execute/async - {"script":"<script> [776 bytes]","args":[{"enterText":"400027","selector":{"id":"application-managehandovers-display-component---AddNewHO--smartFilterBar-btnBasicSearch","searchOpenDialogs":true,"interaction":{"idSuffix":"I"}},"clearTextFirst":true,"interactionType":"ENTER_TEXT"}]}
RESULT: {"script":"<script> [776 bytes]","args":[{"enterText":"400027","selector":{"id":"application-managehandovers-display-component---AddNewHO--smartFilterBar-btnBasicSearch","searchOpenDialogs":true,"interaction":{"idSuffix":"I"}},"clearTextFirst":true,"interactionType":"ENTER_TEXT"}]}
COMMAND: POST /session/adcd3ed6fb0100e4772cacde8c89e218/actions - {"actions":[{"id":"action12","type":"key","parameters":{},"actions":[{"type":"keyDown","value":""},{"type":"pause","duration":10},{"type":"keyUp","value":""}]}]}
RESULT: {"actions":[{"id":"action12","type":"key","parameters":{},"actions":[{"type":"keyDown","value":""},{"type":"pause","duration":10},{"type":"keyUp","value":""}]}]}
COMMAND: GET /session/adcd3ed6fb0100e4772cacde8c89e218/screenshot - {}
RESULT: {}
COMMAND: POST /session/adcd3ed6fb0100e4772cacde8c89e218/execute/async - {"script":"<script> [1562 bytes]","args":[{"selector":{"id":"application-managehandovers-display-component---AddNewHO--popup-sa","searchOpenDialogs":true,"interaction":{"idSuffix":"CbBg"}},"wdio_ui5_key":"applicationmanagehandovers-display-component---AddNewHO--popup-sa"}]}
RESULT: {"script":"<script> [1562 bytes]","args":[{"selector":{"id":"application-managehandovers-display-component---AddNewHO--popup-sa","searchOpenDialogs":true,"interaction":{"idSuffix":"CbBg"}},"wdio_ui5_key":"applicationmanagehandovers-display-component---AddNewHO--popup-sa"}]}
RESULT: undefined
COMMAND: POST /session/adcd3ed6fb0100e4772cacde8c89e218/element - {"using":"xpath","value":"//*[@id=\"application-managehandovers-display-component---AddNewHO--popup-sa\"]"}
RESULT: {"using":"xpath","value":"//*[@id=\"application-managehandovers-display-component---AddNewHO--popup-sa\"]"}
COMMAND: POST /session/adcd3ed6fb0100e4772cacde8c89e218/element/f.AE3220A217D4F6A0A4C8BD50DBA47D19.d.39BA2B5DE2E2A43B561EC4256D800698.e.3763/click - {}
RESULT: {}
COMMAND: GET /session/adcd3ed6fb0100e4772cacde8c89e218/screenshot - {}
RESULT: {}
COMMAND: POST /session/adcd3ed6fb0100e4772cacde8c89e218/element - {"using":"xpath","value":"//bdi[contains(text(), \"Select\")]"}
RESULT: {"using":"xpath","value":"//bdi[contains(text(), \"Select\")]"}
COMMAND: POST /session/adcd3ed6fb0100e4772cacde8c89e218/element/f.AE3220A217D4F6A0A4C8BD50DBA47D19.d.39BA2B5DE2E2A43B561EC4256D800698.e.3764/click - {}
RESULT: {}
COMMAND: GET /session/adcd3ed6fb0100e4772cacde8c89e218/screenshot - {}
RESULT: {}
COMMAND: POST /session/adcd3ed6fb0100e4772cacde8c89e218/element - {"using":"xpath","value":"//button[@data-kt=\"AddNewHOSaveButton\"]"}
RESULT: {"using":"xpath","value":"//button[@data-kt=\"AddNewHOSaveButton\"]"}
COMMAND: POST /session/adcd3ed6fb0100e4772cacde8c89e218/element/f.AE3220A217D4F6A0A4C8BD50DBA47D19.d.39BA2B5DE2E2A43B561EC4256D800698.e.3770/click - {}
RESULT: {}
COMMAND: GET /session/adcd3ed6fb0100e4772cacde8c89e218/screenshot - {}
RESULT: {}
COMMAND: POST /session/adcd3ed6fb0100e4772cacde8c89e218/execute/async - {"script":"<script> [1562 bytes]","args":[{"selector":{"id":"receiptDatePicker","viewName":"etm.portal.ui.managehandovers.view.DetailExecuteHO","interaction":{"idSuffix":"inner"}},"wdio_ui5_key":"receiptDatePickeretmportal.ui.managehandovers.view.DetailExecuteHO"}]}
RESULT: {"script":"<script> [1562 bytes]","args":[{"selector":{"id":"receiptDatePicker","viewName":"etm.portal.ui.managehandovers.view.DetailExecuteHO","interaction":{"idSuffix":"inner"}},"wdio_ui5_key":"receiptDatePickeretmportal.ui.managehandovers.view.DetailExecuteHO"}]}
RESULT: undefined
COMMAND: POST /session/adcd3ed6fb0100e4772cacde8c89e218/execute/async - {"script":"<script> [6424 bytes]","args":[{"element-6066-11e4-a52e-4f735466cecf":"f.AE3220A217D4F6A0A4C8BD50DBA47D19.d.39BA2B5DE2E2A43B561EC4256D800698.e.3800"},"setValue",["5/28/25"]]}
RESULT: {"script":"<script> [6424 bytes]","args":[{"element-6066-11e4-a52e-4f735466cecf":"f.AE3220A217D4F6A0A4C8BD50DBA47D19.d.39BA2B5DE2E2A43B561EC4256D800698.e.3800"},"setValue",["5/28/25"]]}
COMMAND: POST /session/adcd3ed6fb0100e4772cacde8c89e218/element - {"using":"xpath","value":"//button[@data-kt=\"ReceivingTableConfirmAllButton\"]"}
RESULT: {"using":"xpath","value":"//button[@data-kt=\"ReceivingTableConfirmAllButton\"]"}
COMMAND: POST /session/adcd3ed6fb0100e4772cacde8c89e218/element/f.AE3220A217D4F6A0A4C8BD50DBA47D19.d.39BA2B5DE2E2A43B561EC4256D800698.e.3814/click - {}
RESULT: {}
COMMAND: GET /session/adcd3ed6fb0100e4772cacde8c89e218/screenshot - {}
RESULT: {}
COMMAND: POST /session/adcd3ed6fb0100e4772cacde8c89e218/element - {"using":"xpath","value":"//bdi[contains(text(), \"OK\")]"}
RESULT: {"using":"xpath","value":"//bdi[contains(text(), \"OK\")]"}
COMMAND: POST /session/adcd3ed6fb0100e4772cacde8c89e218/element/f.AE3220A217D4F6A0A4C8BD50DBA47D19.d.39BA2B5DE2E2A43B561EC4256D800698.e.3816/click - {}
RESULT: {}
COMMAND: GET /session/adcd3ed6fb0100e4772cacde8c89e218/screenshot - {}
RESULT: {}
COMMAND: POST /session/adcd3ed6fb0100e4772cacde8c89e218/element - {"using":"xpath","value":"(//bdi[contains(text(), \"Receive\")])[2]"}
RESULT: {"using":"xpath","value":"(//bdi[contains(text(), \"Receive\")])[2]"}
COMMAND: POST /session/adcd3ed6fb0100e4772cacde8c89e218/element/f.AE3220A217D4F6A0A4C8BD50DBA47D19.d.39BA2B5DE2E2A43B561EC4256D800698.e.3818/click - {}
RESULT: {}
COMMAND: GET /session/adcd3ed6fb0100e4772cacde8c89e218/screenshot - {}
RESULT: {}
COMMAND: POST /session/adcd3ed6fb0100e4772cacde8c89e218/element - {"using":"css selector","value":"#shell-header-logo"}
RESULT: {"using":"css selector","value":"#shell-header-logo"}
COMMAND: POST /session/adcd3ed6fb0100e4772cacde8c89e218/element/f.AE3220A217D4F6A0A4C8BD50DBA47D19.d.39BA2B5DE2E2A43B561EC4256D800698.e.3200/click - {}
RESULT: {}
COMMAND: GET /session/adcd3ed6fb0100e4772cacde8c89e218/screenshot - {}
RESULT: {}
]]></system-out>
    </testcase>
    <testcase classname="chrome.136_0_7103_93.windows.Tests_for_Mass_State_Change_on_Manage_States_&amp;_Performances_US104416_US" name="Prereq Should create a new contract" time="66.007">
      <system-out><![CDATA[
COMMAND: POST /session/adcd3ed6fb0100e4772cacde8c89e218/execute/async - {"script":"<script> [1562 bytes]","args":[{"selector":{"controlType":"sap.m.GenericTile","properties":{"header":"Manage Contracts"}},"wdio_ui5_key":"sapm.GenericTile{\"header\":\"Manage Contracts\"}"}]}
RESULT: {"script":"<script> [1562 bytes]","args":[{"selector":{"controlType":"sap.m.GenericTile","properties":{"header":"Manage Contracts"}},"wdio_ui5_key":"sapm.GenericTile{\"header\":\"Manage Contracts\"}"}]}
RESULT: undefined
COMMAND: POST /session/adcd3ed6fb0100e4772cacde8c89e218/element - {"using":"xpath","value":"//*[@id=\"__tile130\"]"}
RESULT: {"using":"xpath","value":"//*[@id=\"__tile130\"]"}
COMMAND: POST /session/adcd3ed6fb0100e4772cacde8c89e218/element/f.AE3220A217D4F6A0A4C8BD50DBA47D19.d.39BA2B5DE2E2A43B561EC4256D800698.e.173/click - {}
RESULT: {}
COMMAND: GET /session/adcd3ed6fb0100e4772cacde8c89e218/screenshot - {}
RESULT: {}
COMMAND: POST /session/adcd3ed6fb0100e4772cacde8c89e218/elements - {"using":"xpath","value":"//span[text()='Error']"}
RESULT: {"using":"xpath","value":"//span[text()='Error']"}
COMMAND: POST /session/adcd3ed6fb0100e4772cacde8c89e218/element - {"using":"xpath","value":"//button[@data-kt=\"addButton\"]"}
RESULT: {"using":"xpath","value":"//button[@data-kt=\"addButton\"]"}
COMMAND: POST /session/adcd3ed6fb0100e4772cacde8c89e218/elements - {"using":"xpath","value":"//button[@data-kt=\"addButton\"]"}
RESULT: {"using":"xpath","value":"//button[@data-kt=\"addButton\"]"}
COMMAND: POST /session/adcd3ed6fb0100e4772cacde8c89e218/execute/sync - {"script":"<script> [8489 bytes]","args":[{"element-6066-11e4-a52e-4f735466cecf":"f.AE3220A217D4F6A0A4C8BD50DBA47D19.d.39BA2B5DE2E2A43B561EC4256D800698.e.4082","ELEMENT":"f.AE3220A217D4F6A0A4C8BD50DBA47D19.d.39BA2B5DE2E2A43B561EC4256D800698.e.4082"}]}
RESULT: {"script":"<script> [8489 bytes]","args":[{"element-6066-11e4-a52e-4f735466cecf":"f.AE3220A217D4F6A0A4C8BD50DBA47D19.d.39BA2B5DE2E2A43B561EC4256D800698.e.4082","ELEMENT":"f.AE3220A217D4F6A0A4C8BD50DBA47D19.d.39BA2B5DE2E2A43B561EC4256D800698.e.4082"}]}
COMMAND: GET /session/adcd3ed6fb0100e4772cacde8c89e218/element/f.AE3220A217D4F6A0A4C8BD50DBA47D19.d.39BA2B5DE2E2A43B561EC4256D800698.e.4082/enabled - {}
COMMAND: GET /session/adcd3ed6fb0100e4772cacde8c89e218/screenshot - {}
RESULT: {}
COMMAND: POST /session/adcd3ed6fb0100e4772cacde8c89e218/execute/sync - {"script":"<script> [8489 bytes]","args":[{"element-6066-11e4-a52e-4f735466cecf":"f.AE3220A217D4F6A0A4C8BD50DBA47D19.d.39BA2B5DE2E2A43B561EC4256D800698.e.4082","ELEMENT":"f.AE3220A217D4F6A0A4C8BD50DBA47D19.d.39BA2B5DE2E2A43B561EC4256D800698.e.4082"}]}
COMMAND: GET /session/adcd3ed6fb0100e4772cacde8c89e218/screenshot - {}
RESULT: {}
RESULT: {"script":"<script> [8489 bytes]","args":[{"element-6066-11e4-a52e-4f735466cecf":"f.AE3220A217D4F6A0A4C8BD50DBA47D19.d.39BA2B5DE2E2A43B561EC4256D800698.e.4082","ELEMENT":"f.AE3220A217D4F6A0A4C8BD50DBA47D19.d.39BA2B5DE2E2A43B561EC4256D800698.e.4082"}]}
COMMAND: POST /session/adcd3ed6fb0100e4772cacde8c89e218/execute/sync - {"script":"<script> [5351 bytes]","args":[{"element-6066-11e4-a52e-4f735466cecf":"f.AE3220A217D4F6A0A4C8BD50DBA47D19.d.39BA2B5DE2E2A43B561EC4256D800698.e.4082","ELEMENT":"f.AE3220A217D4F6A0A4C8BD50DBA47D19.d.39BA2B5DE2E2A43B561EC4256D800698.e.4082"}]}
COMMAND: GET /session/adcd3ed6fb0100e4772cacde8c89e218/screenshot - {}
RESULT: {}
RESULT: {"script":"<script> [5351 bytes]","args":[{"element-6066-11e4-a52e-4f735466cecf":"f.AE3220A217D4F6A0A4C8BD50DBA47D19.d.39BA2B5DE2E2A43B561EC4256D800698.e.4082","ELEMENT":"f.AE3220A217D4F6A0A4C8BD50DBA47D19.d.39BA2B5DE2E2A43B561EC4256D800698.e.4082"}]}
COMMAND: GET /session/adcd3ed6fb0100e4772cacde8c89e218/screenshot - {}
RESULT: {}
RESULT: {}
COMMAND: POST /session/adcd3ed6fb0100e4772cacde8c89e218/element/f.AE3220A217D4F6A0A4C8BD50DBA47D19.d.39BA2B5DE2E2A43B561EC4256D800698.e.4082/click - {}
RESULT: {}
COMMAND: GET /session/adcd3ed6fb0100e4772cacde8c89e218/screenshot - {}
RESULT: {}
COMMAND: POST /session/adcd3ed6fb0100e4772cacde8c89e218/execute/async - {"script":"<script> [1562 bytes]","args":[{"selector":{"id":"application-managecontracts-display-component---AddNewContract--projectDescription","interaction":{"idSuffix":"inner"}},"wdio_ui5_key":"applicationmanagecontracts-display-component---AddNewContract--projectDescription"}]}
RESULT: {"script":"<script> [1562 bytes]","args":[{"selector":{"id":"application-managecontracts-display-component---AddNewContract--projectDescription","interaction":{"idSuffix":"inner"}},"wdio_ui5_key":"applicationmanagecontracts-display-component---AddNewContract--projectDescription"}]}
RESULT: undefined
COMMAND: POST /session/adcd3ed6fb0100e4772cacde8c89e218/execute/async - {"script":"<script> [776 bytes]","args":[{"enterText":"Contract WDIO","selector":{"id":"application-managecontracts-display-component---AddNewContract--projectDescription","interaction":{"idSuffix":"inner"}},"clearTextFirst":true,"interactionType":"ENTER_TEXT"}]}
RESULT: {"script":"<script> [776 bytes]","args":[{"enterText":"Contract WDIO","selector":{"id":"application-managecontracts-display-component---AddNewContract--projectDescription","interaction":{"idSuffix":"inner"}},"clearTextFirst":true,"interactionType":"ENTER_TEXT"}]}
COMMAND: POST /session/adcd3ed6fb0100e4772cacde8c89e218/element - {"using":"xpath","value":"//input[@id=\"application-managecontracts-display-component---AddNewContract--site-inner\"]"}
RESULT: {"using":"xpath","value":"//input[@id=\"application-managecontracts-display-component---AddNewContract--site-inner\"]"}
COMMAND: POST /session/adcd3ed6fb0100e4772cacde8c89e218/element/f.AE3220A217D4F6A0A4C8BD50DBA47D19.d.39BA2B5DE2E2A43B561EC4256D800698.e.4398/clear - {}
RESULT: {}
COMMAND: POST /session/adcd3ed6fb0100e4772cacde8c89e218/element/f.AE3220A217D4F6A0A4C8BD50DBA47D19.d.39BA2B5DE2E2A43B561EC4256D800698.e.4398/value - {"text":"2214"}
COMMAND: GET /session/adcd3ed6fb0100e4772cacde8c89e218/screenshot - {}
RESULT: {"text":"2214"}
COMMAND: GET /session/adcd3ed6fb0100e4772cacde8c89e218/screenshot - {}
RESULT: {}
RESULT: {}
COMMAND: POST /session/adcd3ed6fb0100e4772cacde8c89e218/element - {"using":"xpath","value":"//li[.//span[text()='2214']]"}
RESULT: {"using":"xpath","value":"//li[.//span[text()='2214']]"}
COMMAND: POST /session/adcd3ed6fb0100e4772cacde8c89e218/element/f.AE3220A217D4F6A0A4C8BD50DBA47D19.d.39BA2B5DE2E2A43B561EC4256D800698.e.4481/click - {}
RESULT: {}
COMMAND: GET /session/adcd3ed6fb0100e4772cacde8c89e218/screenshot - {}
RESULT: {}
COMMAND: POST /session/adcd3ed6fb0100e4772cacde8c89e218/element - {"using":"xpath","value":"//input[@id=\"application-managecontracts-display-component---AddNewContract--yardId-inner\"]"}
RESULT: {"using":"xpath","value":"//input[@id=\"application-managecontracts-display-component---AddNewContract--yardId-inner\"]"}
COMMAND: GET /session/adcd3ed6fb0100e4772cacde8c89e218/element/f.AE3220A217D4F6A0A4C8BD50DBA47D19.d.39BA2B5DE2E2A43B561EC4256D800698.e.4399/property/value - {}
RESULT: {}
COMMAND: POST /session/adcd3ed6fb0100e4772cacde8c89e218/element - {"using":"xpath","value":"//input[@id=\"application-managecontracts-display-component---AddNewContract--customerSelect-inner\"]"}
COMMAND: GET /session/adcd3ed6fb0100e4772cacde8c89e218/screenshot - {}
RESULT: {"using":"xpath","value":"//input[@id=\"application-managecontracts-display-component---AddNewContract--customerSelect-inner\"]"}
COMMAND: POST /session/adcd3ed6fb0100e4772cacde8c89e218/element/f.AE3220A217D4F6A0A4C8BD50DBA47D19.d.39BA2B5DE2E2A43B561EC4256D800698.e.4397/clear - {}
RESULT: {}
RESULT: {}
COMMAND: POST /session/adcd3ed6fb0100e4772cacde8c89e218/element/f.AE3220A217D4F6A0A4C8BD50DBA47D19.d.39BA2B5DE2E2A43B561EC4256D800698.e.4397/value - {"text":"1248"}
COMMAND: GET /session/adcd3ed6fb0100e4772cacde8c89e218/screenshot - {}
RESULT: {"text":"1248"}
COMMAND: GET /session/adcd3ed6fb0100e4772cacde8c89e218/screenshot - {}
RESULT: {}
RESULT: {}
COMMAND: POST /session/adcd3ed6fb0100e4772cacde8c89e218/element - {"using":"xpath","value":"//li[.//span[text()='1248']]"}
RESULT: {"using":"xpath","value":"//li[.//span[text()='1248']]"}
COMMAND: POST /session/adcd3ed6fb0100e4772cacde8c89e218/element/f.AE3220A217D4F6A0A4C8BD50DBA47D19.d.39BA2B5DE2E2A43B561EC4256D800698.e.4484/click - {}
RESULT: {}
COMMAND: GET /session/adcd3ed6fb0100e4772cacde8c89e218/screenshot - {}
RESULT: {}
COMMAND: POST /session/adcd3ed6fb0100e4772cacde8c89e218/element - {"using":"xpath","value":"//button[@data-kt=\"saveButton\"]"}
RESULT: {"using":"xpath","value":"//button[@data-kt=\"saveButton\"]"}
COMMAND: POST /session/adcd3ed6fb0100e4772cacde8c89e218/element/f.AE3220A217D4F6A0A4C8BD50DBA47D19.d.39BA2B5DE2E2A43B561EC4256D800698.e.4473/click - {}
RESULT: {}
COMMAND: GET /session/adcd3ed6fb0100e4772cacde8c89e218/screenshot - {}
RESULT: {}
COMMAND: POST /session/adcd3ed6fb0100e4772cacde8c89e218/element - {"using":"xpath","value":"//span[contains(@id ,\"contractDetailTitleNoExpanded\")]"}
RESULT: {"using":"xpath","value":"//span[contains(@id ,\"contractDetailTitleNoExpanded\")]"}
COMMAND: POST /session/adcd3ed6fb0100e4772cacde8c89e218/elements - {"using":"xpath","value":"//span[contains(@id ,\"contractDetailTitleNoExpanded\")]"}
RESULT: {"using":"xpath","value":"//span[contains(@id ,\"contractDetailTitleNoExpanded\")]"}
COMMAND: POST /session/adcd3ed6fb0100e4772cacde8c89e218/execute/sync - {"script":"<script> [56 bytes]","args":[{"element-6066-11e4-a52e-4f735466cecf":"f.AE3220A217D4F6A0A4C8BD50DBA47D19.d.39BA2B5DE2E2A43B561EC4256D800698.e.4496","ELEMENT":"f.AE3220A217D4F6A0A4C8BD50DBA47D19.d.39BA2B5DE2E2A43B561EC4256D800698.e.4496"}]}
RESULT: {"script":"<script> [56 bytes]","args":[{"element-6066-11e4-a52e-4f735466cecf":"f.AE3220A217D4F6A0A4C8BD50DBA47D19.d.39BA2B5DE2E2A43B561EC4256D800698.e.4496","ELEMENT":"f.AE3220A217D4F6A0A4C8BD50DBA47D19.d.39BA2B5DE2E2A43B561EC4256D800698.e.4496"}]}
COMMAND: GET /session/adcd3ed6fb0100e4772cacde8c89e218/screenshot - {}
RESULT: {}
]]></system-out>
    </testcase>
    <testcase classname="chrome.136_0_7103_93.windows.Tests_for_Mass_State_Change_on_Manage_States_&amp;_Performances_US104416_US" name="Prereq Should add created equipment to contract but to have the item 2 days earlier" time="65.863">
      <system-out><![CDATA[
COMMAND: POST /session/adcd3ed6fb0100e4772cacde8c89e218/element - {"using":"xpath","value":"//button[@data-kt=\"contractDetailEditBtnButton\"]"}
RESULT: {"using":"xpath","value":"//button[@data-kt=\"contractDetailEditBtnButton\"]"}
COMMAND: POST /session/adcd3ed6fb0100e4772cacde8c89e218/element/f.AE3220A217D4F6A0A4C8BD50DBA47D19.d.39BA2B5DE2E2A43B561EC4256D800698.e.4497/click - {}
RESULT: {}
COMMAND: GET /session/adcd3ed6fb0100e4772cacde8c89e218/screenshot - {}
RESULT: {}
COMMAND: POST /session/adcd3ed6fb0100e4772cacde8c89e218/element - {"using":"xpath","value":"(//span[contains(text(), \"Additional Addresses\")])[2]"}
RESULT: {"using":"xpath","value":"(//span[contains(text(), \"Additional Addresses\")])[2]"}
COMMAND: POST /session/adcd3ed6fb0100e4772cacde8c89e218/element/f.AE3220A217D4F6A0A4C8BD50DBA47D19.d.39BA2B5DE2E2A43B561EC4256D800698.e.4554/click - {}
RESULT: {}
COMMAND: GET /session/adcd3ed6fb0100e4772cacde8c89e218/screenshot - {}
RESULT: {}
COMMAND: POST /session/adcd3ed6fb0100e4772cacde8c89e218/element - {"using":"xpath","value":"//button[@data-kt=\"btnAddTableRowOverflowToolbarButton\"]"}
RESULT: {"using":"xpath","value":"//button[@data-kt=\"btnAddTableRowOverflowToolbarButton\"]"}
COMMAND: POST /session/adcd3ed6fb0100e4772cacde8c89e218/element/f.AE3220A217D4F6A0A4C8BD50DBA47D19.d.39BA2B5DE2E2A43B561EC4256D800698.e.4556/click - {}
RESULT: {}
COMMAND: GET /session/adcd3ed6fb0100e4772cacde8c89e218/screenshot - {}
RESULT: {}
COMMAND: POST /session/adcd3ed6fb0100e4772cacde8c89e218/element - {"using":"xpath","value":"//div[(text() = 'Standard Entry' or . = 'Standard Entry')]"}
RESULT: {"using":"xpath","value":"//div[(text() = 'Standard Entry' or . = 'Standard Entry')]"}
COMMAND: POST /session/adcd3ed6fb0100e4772cacde8c89e218/element/f.AE3220A217D4F6A0A4C8BD50DBA47D19.d.39BA2B5DE2E2A43B561EC4256D800698.e.4558/click - {}
RESULT: {}
COMMAND: GET /session/adcd3ed6fb0100e4772cacde8c89e218/screenshot - {}
RESULT: {}
COMMAND: POST /session/adcd3ed6fb0100e4772cacde8c89e218/element - {"using":"xpath","value":"//td[6]/div/div/div/span"}
RESULT: {"using":"xpath","value":"//td[6]/div/div/div/span"}
COMMAND: POST /session/adcd3ed6fb0100e4772cacde8c89e218/element/f.AE3220A217D4F6A0A4C8BD50DBA47D19.d.39BA2B5DE2E2A43B561EC4256D800698.e.4570/click - {}
RESULT: {}
COMMAND: GET /session/adcd3ed6fb0100e4772cacde8c89e218/screenshot - {}
RESULT: {}
COMMAND: POST /session/adcd3ed6fb0100e4772cacde8c89e218/element - {"using":"xpath","value":"(//span[contains(text(), \"Equi Multipart\")])"}
RESULT: {"using":"xpath","value":"(//span[contains(text(), \"Equi Multipart\")])"}
COMMAND: POST /session/adcd3ed6fb0100e4772cacde8c89e218/element/f.AE3220A217D4F6A0A4C8BD50DBA47D19.d.39BA2B5DE2E2A43B561EC4256D800698.e.4571/click - {}
RESULT: {}
COMMAND: GET /session/adcd3ed6fb0100e4772cacde8c89e218/screenshot - {}
RESULT: {}
COMMAND: POST /session/adcd3ed6fb0100e4772cacde8c89e218/element - {"using":"xpath","value":"//td[7]/div/div/input"}
RESULT: {"using":"xpath","value":"//td[7]/div/div/input"}
COMMAND: POST /session/adcd3ed6fb0100e4772cacde8c89e218/element/f.AE3220A217D4F6A0A4C8BD50DBA47D19.d.39BA2B5DE2E2A43B561EC4256D800698.e.4575/clear - {}
RESULT: {}
COMMAND: POST /session/adcd3ed6fb0100e4772cacde8c89e218/element/f.AE3220A217D4F6A0A4C8BD50DBA47D19.d.39BA2B5DE2E2A43B561EC4256D800698.e.4575/value - {"text":"400027"}
COMMAND: GET /session/adcd3ed6fb0100e4772cacde8c89e218/screenshot - {}
RESULT: {"text":"400027"}
COMMAND: GET /session/adcd3ed6fb0100e4772cacde8c89e218/screenshot - {}
RESULT: {}
RESULT: {}
COMMAND: POST /session/adcd3ed6fb0100e4772cacde8c89e218/actions - {"actions":[{"id":"action13","type":"key","parameters":{},"actions":[{"type":"keyDown","value":""},{"type":"pause","duration":10},{"type":"keyUp","value":""}]}]}
RESULT: {"actions":[{"id":"action13","type":"key","parameters":{},"actions":[{"type":"keyDown","value":""},{"type":"pause","duration":10},{"type":"keyUp","value":""}]}]}
COMMAND: GET /session/adcd3ed6fb0100e4772cacde8c89e218/screenshot - {}
RESULT: {}
COMMAND: POST /session/adcd3ed6fb0100e4772cacde8c89e218/execute/sync - {"script":"<script> [276 bytes]","args":["No pricing information was found"]}
RESULT: {"script":"<script> [276 bytes]","args":["No pricing information was found"]}
COMMAND: POST /session/adcd3ed6fb0100e4772cacde8c89e218/element - {"using":"xpath","value":"//bdi[contains(text(), \"OK\")]"}
COMMAND: GET /session/adcd3ed6fb0100e4772cacde8c89e218/screenshot - {}
RESULT: {"using":"xpath","value":"//bdi[contains(text(), \"OK\")]"}
COMMAND: POST /session/adcd3ed6fb0100e4772cacde8c89e218/element/f.AE3220A217D4F6A0A4C8BD50DBA47D19.d.39BA2B5DE2E2A43B561EC4256D800698.e.4601/click - {}
RESULT: {}
RESULT: {}
COMMAND: GET /session/adcd3ed6fb0100e4772cacde8c89e218/screenshot - {}
RESULT: {}
COMMAND: POST /session/adcd3ed6fb0100e4772cacde8c89e218/element - {"using":"xpath","value":"//td[19]/div/div/input"}
RESULT: {"using":"xpath","value":"//td[19]/div/div/input"}
COMMAND: POST /session/adcd3ed6fb0100e4772cacde8c89e218/element/f.AE3220A217D4F6A0A4C8BD50DBA47D19.d.39BA2B5DE2E2A43B561EC4256D800698.e.4598/clear - {}
RESULT: {}
COMMAND: POST /session/adcd3ed6fb0100e4772cacde8c89e218/element/f.AE3220A217D4F6A0A4C8BD50DBA47D19.d.39BA2B5DE2E2A43B561EC4256D800698.e.4598/value - {"text":"5/26/25"}
COMMAND: GET /session/adcd3ed6fb0100e4772cacde8c89e218/screenshot - {}
RESULT: {"text":"5/26/25"}
COMMAND: GET /session/adcd3ed6fb0100e4772cacde8c89e218/screenshot - {}
RESULT: {}
RESULT: {}
COMMAND: POST /session/adcd3ed6fb0100e4772cacde8c89e218/element - {"using":"xpath","value":"(//button[@data-kt=\"saveButton\"])[2]"}
RESULT: {"using":"xpath","value":"(//button[@data-kt=\"saveButton\"])[2]"}
COMMAND: POST /session/adcd3ed6fb0100e4772cacde8c89e218/element/f.AE3220A217D4F6A0A4C8BD50DBA47D19.d.39BA2B5DE2E2A43B561EC4256D800698.e.4603/click - {}
RESULT: {}
COMMAND: GET /session/adcd3ed6fb0100e4772cacde8c89e218/screenshot - {}
RESULT: {}
COMMAND: POST /session/adcd3ed6fb0100e4772cacde8c89e218/execute/sync - {"script":"<script> [276 bytes]","args":["Some contract items are having rental validity exceeding header rental validity"]}
RESULT: {"script":"<script> [276 bytes]","args":["Some contract items are having rental validity exceeding header rental validity"]}
COMMAND: POST /session/adcd3ed6fb0100e4772cacde8c89e218/element - {"using":"xpath","value":"//bdi[contains(text(), \"OK\")]"}
COMMAND: GET /session/adcd3ed6fb0100e4772cacde8c89e218/screenshot - {}
RESULT: {"using":"xpath","value":"//bdi[contains(text(), \"OK\")]"}
COMMAND: POST /session/adcd3ed6fb0100e4772cacde8c89e218/element/f.AE3220A217D4F6A0A4C8BD50DBA47D19.d.39BA2B5DE2E2A43B561EC4256D800698.e.4607/click - {}
RESULT: {}
RESULT: {}
COMMAND: GET /session/adcd3ed6fb0100e4772cacde8c89e218/screenshot - {}
RESULT: {}
COMMAND: POST /session/adcd3ed6fb0100e4772cacde8c89e218/element - {"using":"xpath","value":"//span[contains(@id ,\"contractItemsSmartTable-header-inner\")]"}
RESULT: {"using":"xpath","value":"//span[contains(@id ,\"contractItemsSmartTable-header-inner\")]"}
COMMAND: POST /session/adcd3ed6fb0100e4772cacde8c89e218/elements - {"using":"xpath","value":"//span[contains(@id ,\"contractItemsSmartTable-header-inner\")]"}
RESULT: {"using":"xpath","value":"//span[contains(@id ,\"contractItemsSmartTable-header-inner\")]"}
COMMAND: POST /session/adcd3ed6fb0100e4772cacde8c89e218/execute/sync - {"script":"<script> [56 bytes]","args":[{"element-6066-11e4-a52e-4f735466cecf":"f.AE3220A217D4F6A0A4C8BD50DBA47D19.d.39BA2B5DE2E2A43B561EC4256D800698.e.4613","ELEMENT":"f.AE3220A217D4F6A0A4C8BD50DBA47D19.d.39BA2B5DE2E2A43B561EC4256D800698.e.4613"}]}
RESULT: {"script":"<script> [56 bytes]","args":[{"element-6066-11e4-a52e-4f735466cecf":"f.AE3220A217D4F6A0A4C8BD50DBA47D19.d.39BA2B5DE2E2A43B561EC4256D800698.e.4613","ELEMENT":"f.AE3220A217D4F6A0A4C8BD50DBA47D19.d.39BA2B5DE2E2A43B561EC4256D800698.e.4613"}]}
COMMAND: GET /session/adcd3ed6fb0100e4772cacde8c89e218/screenshot - {}
]]></system-out>
    </testcase>
    <testcase classname="chrome.136_0_7103_93.windows.Tests_for_Mass_State_Change_on_Manage_States_&amp;_Performances_US104416_US" name="Prereq Should do a provide to site handover for today" time="63.081">
      <system-out><![CDATA[
COMMAND: POST /session/adcd3ed6fb0100e4772cacde8c89e218/element - {"using":"xpath","value":"//button[@data-kt=\"provideButton\"]"}
RESULT: {}
RESULT: {"using":"xpath","value":"//button[@data-kt=\"provideButton\"]"}
COMMAND: POST /session/adcd3ed6fb0100e4772cacde8c89e218/element/f.AE3220A217D4F6A0A4C8BD50DBA47D19.d.39BA2B5DE2E2A43B561EC4256D800698.e.4614/click - {}
RESULT: {}
COMMAND: GET /session/adcd3ed6fb0100e4772cacde8c89e218/screenshot - {}
RESULT: {}
RESULT: undefined
COMMAND: POST /session/adcd3ed6fb0100e4772cacde8c89e218/execute/async - {"script":"<script> [6424 bytes]","args":[{"element-6066-11e4-a52e-4f735466cecf":"f.AE3220A217D4F6A0A4C8BD50DBA47D19.d.39BA2B5DE2E2A43B561EC4256D800698.e.3580"},"setValue",["5/28/25"]]}
COMMAND: POST /session/adcd3ed6fb0100e4772cacde8c89e218/execute/async - {"script":"<script> [1562 bytes]","args":[{"selector":{"id":"application-managehandovers-display-component---AddNewHO--dueDate","interaction":{"idSuffix":"inner"}},"wdio_ui5_key":"applicationmanagehandovers-display-component---AddNewHO--dueDate"}]}
RESULT: {"script":"<script> [1562 bytes]","args":[{"selector":{"id":"application-managehandovers-display-component---AddNewHO--dueDate","interaction":{"idSuffix":"inner"}},"wdio_ui5_key":"applicationmanagehandovers-display-component---AddNewHO--dueDate"}]}
COMMAND: POST /session/adcd3ed6fb0100e4772cacde8c89e218/execute/async - {"script":"<script> [6424 bytes]","args":[{"element-6066-11e4-a52e-4f735466cecf":"f.AE3220A217D4F6A0A4C8BD50DBA47D19.d.39BA2B5DE2E2A43B561EC4256D800698.e.4690"},"setValue",["5/28/25"]]}
RESULT: {"script":"<script> [6424 bytes]","args":[{"element-6066-11e4-a52e-4f735466cecf":"f.AE3220A217D4F6A0A4C8BD50DBA47D19.d.39BA2B5DE2E2A43B561EC4256D800698.e.4690"},"setValue",["5/28/25"]]}
COMMAND: POST /session/adcd3ed6fb0100e4772cacde8c89e218/element - {"using":"xpath","value":"//bdi[contains(text(), \"Instructions\")]"}
RESULT: {"using":"xpath","value":"//bdi[contains(text(), \"Instructions\")]"}
COMMAND: POST /session/adcd3ed6fb0100e4772cacde8c89e218/element/f.AE3220A217D4F6A0A4C8BD50DBA47D19.d.39BA2B5DE2E2A43B561EC4256D800698.e.4933/click - {}
RESULT: {}
COMMAND: GET /session/adcd3ed6fb0100e4772cacde8c89e218/screenshot - {}
RESULT: {}
COMMAND: POST /session/adcd3ed6fb0100e4772cacde8c89e218/element - {"using":"xpath","value":"//button[@data-kt=\"AddNewHOProvideAddItemsButton\"]"}
RESULT: {"using":"xpath","value":"//button[@data-kt=\"AddNewHOProvideAddItemsButton\"]"}
COMMAND: POST /session/adcd3ed6fb0100e4772cacde8c89e218/element/f.AE3220A217D4F6A0A4C8BD50DBA47D19.d.39BA2B5DE2E2A43B561EC4256D800698.e.4937/click - {}
RESULT: {}
COMMAND: GET /session/adcd3ed6fb0100e4772cacde8c89e218/screenshot - {}
RESULT: {}
RESULT: undefined
COMMAND: POST /session/adcd3ed6fb0100e4772cacde8c89e218/element - {"using":"xpath","value":"//*[@id=\"application-managehandovers-display-component---AddNewHO--popup-sa\"]"}
RESULT: {"using":"xpath","value":"//*[@id=\"application-managehandovers-display-component---AddNewHO--popup-sa\"]"}
COMMAND: POST /session/adcd3ed6fb0100e4772cacde8c89e218/element/f.AE3220A217D4F6A0A4C8BD50DBA47D19.d.39BA2B5DE2E2A43B561EC4256D800698.e.4947/click - {}
RESULT: {}
COMMAND: GET /session/adcd3ed6fb0100e4772cacde8c89e218/screenshot - {}
RESULT: {}
COMMAND: POST /session/adcd3ed6fb0100e4772cacde8c89e218/element - {"using":"xpath","value":"//*[contains(@id ,\"BDI-content\")][contains(text(), \"Select\")]"}
RESULT: {"using":"xpath","value":"//*[contains(@id ,\"BDI-content\")][contains(text(), \"Select\")]"}
COMMAND: POST /session/adcd3ed6fb0100e4772cacde8c89e218/element/f.AE3220A217D4F6A0A4C8BD50DBA47D19.d.39BA2B5DE2E2A43B561EC4256D800698.e.4948/click - {}
RESULT: {}
COMMAND: GET /session/adcd3ed6fb0100e4772cacde8c89e218/screenshot - {}
RESULT: {}
COMMAND: POST /session/adcd3ed6fb0100e4772cacde8c89e218/execute/async - {"script":"<script> [1562 bytes]","args":[{"selector":{"id":"application-managehandovers-display-component---AddNewHO--confirmCreationButton","interaction":{"idSuffix":"BDI-content"}},"wdio_ui5_key":"applicationmanagehandovers-display-component---AddNewHO--confirmCreationButton"}]}
RESULT: {"script":"<script> [1562 bytes]","args":[{"selector":{"id":"application-managehandovers-display-component---AddNewHO--confirmCreationButton","interaction":{"idSuffix":"BDI-content"}},"wdio_ui5_key":"applicationmanagehandovers-display-component---AddNewHO--confirmCreationButton"}]}
RESULT: undefined
COMMAND: POST /session/adcd3ed6fb0100e4772cacde8c89e218/element - {"using":"xpath","value":"//*[@id=\"application-managehandovers-display-component---AddNewHO--confirmCreationButton\"]"}
RESULT: {"using":"xpath","value":"//*[@id=\"application-managehandovers-display-component---AddNewHO--confirmCreationButton\"]"}
COMMAND: POST /session/adcd3ed6fb0100e4772cacde8c89e218/element/f.AE3220A217D4F6A0A4C8BD50DBA47D19.d.39BA2B5DE2E2A43B561EC4256D800698.e.4737/click - {}
RESULT: {}
COMMAND: GET /session/adcd3ed6fb0100e4772cacde8c89e218/screenshot - {}
RESULT: {}
COMMAND: POST /session/adcd3ed6fb0100e4772cacde8c89e218/execute/async - {"script":"<script> [1562 bytes]","args":[{"selector":{"id":"issueDatePicker","viewName":"etm.portal.ui.managehandovers.view.DetailExecuteHO","interaction":{"idSuffix":"inner"}},"wdio_ui5_key":"issueDatePickeretmportal.ui.managehandovers.view.DetailExecuteHO"}]}
RESULT: {"script":"<script> [1562 bytes]","args":[{"selector":{"id":"issueDatePicker","viewName":"etm.portal.ui.managehandovers.view.DetailExecuteHO","interaction":{"idSuffix":"inner"}},"wdio_ui5_key":"issueDatePickeretmportal.ui.managehandovers.view.DetailExecuteHO"}]}
RESULT: undefined
COMMAND: POST /session/adcd3ed6fb0100e4772cacde8c89e218/execute/async - {"script":"<script> [776 bytes]","args":[{"enterText":"5/28/25","selector":{"id":"issueDatePicker","viewName":"etm.portal.ui.managehandovers.view.DetailExecuteHO","interaction":{"idSuffix":"inner"}},"clearTextFirst":true,"interactionType":"ENTER_TEXT"}]}
RESULT: {"script":"<script> [776 bytes]","args":[{"enterText":"5/28/25","selector":{"id":"issueDatePicker","viewName":"etm.portal.ui.managehandovers.view.DetailExecuteHO","interaction":{"idSuffix":"inner"}},"clearTextFirst":true,"interactionType":"ENTER_TEXT"}]}
COMMAND: POST /session/adcd3ed6fb0100e4772cacde8c89e218/element - {"using":"xpath","value":"//button[@data-kt=\"PickingTableConfirmAllButton\"]"}
RESULT: {"using":"xpath","value":"//button[@data-kt=\"PickingTableConfirmAllButton\"]"}
COMMAND: POST /session/adcd3ed6fb0100e4772cacde8c89e218/element/f.AE3220A217D4F6A0A4C8BD50DBA47D19.d.39BA2B5DE2E2A43B561EC4256D800698.e.5006/click - {}
RESULT: {}
COMMAND: GET /session/adcd3ed6fb0100e4772cacde8c89e218/screenshot - {}
RESULT: {}
COMMAND: POST /session/adcd3ed6fb0100e4772cacde8c89e218/element - {"using":"xpath","value":"//bdi[contains(text(), \"OK\")]"}
RESULT: {"using":"xpath","value":"//bdi[contains(text(), \"OK\")]"}
COMMAND: POST /session/adcd3ed6fb0100e4772cacde8c89e218/element/f.AE3220A217D4F6A0A4C8BD50DBA47D19.d.39BA2B5DE2E2A43B561EC4256D800698.e.5009/click - {}
RESULT: {}
COMMAND: GET /session/adcd3ed6fb0100e4772cacde8c89e218/screenshot - {}
RESULT: {}
COMMAND: POST /session/adcd3ed6fb0100e4772cacde8c89e218/element - {"using":"xpath","value":"//bdi[contains(text(), \"Issue\")]"}
RESULT: {"using":"xpath","value":"//bdi[contains(text(), \"Issue\")]"}
COMMAND: POST /session/adcd3ed6fb0100e4772cacde8c89e218/element/f.AE3220A217D4F6A0A4C8BD50DBA47D19.d.39BA2B5DE2E2A43B561EC4256D800698.e.5011/click - {}
RESULT: {}
COMMAND: GET /session/adcd3ed6fb0100e4772cacde8c89e218/screenshot - {}
RESULT: {}
COMMAND: POST /session/adcd3ed6fb0100e4772cacde8c89e218/element - {"using":"css selector","value":"#shell-header-logo"}
RESULT: {"using":"css selector","value":"#shell-header-logo"}
COMMAND: POST /session/adcd3ed6fb0100e4772cacde8c89e218/element/f.AE3220A217D4F6A0A4C8BD50DBA47D19.d.39BA2B5DE2E2A43B561EC4256D800698.e.4034/click - {}
RESULT: {}
COMMAND: GET /session/adcd3ed6fb0100e4772cacde8c89e218/screenshot - {}
RESULT: {}
]]></system-out>
    </testcase>
    <testcase classname="chrome.136_0_7103_93.windows.Tests_for_Mass_State_Change_on_Manage_States_&amp;_Performances_US104416_US" name="Should do mass state change on the RU equip multipart 2 days in the future US104416" time="69.275">
      <system-out><![CDATA[
COMMAND: POST /session/adcd3ed6fb0100e4772cacde8c89e218/execute/async - {"script":"<script> [1562 bytes]","args":[{"selector":{"controlType":"sap.m.GenericTile","properties":{"header":"Manage States & Performance"}},"wdio_ui5_key":"sapm.GenericTile{\"header\":\"Manage States & Performance\"}"}]}
RESULT: {"script":"<script> [1562 bytes]","args":[{"selector":{"controlType":"sap.m.GenericTile","properties":{"header":"Manage States & Performance"}},"wdio_ui5_key":"sapm.GenericTile{\"header\":\"Manage States & Performance\"}"}]}
RESULT: undefined
COMMAND: POST /session/adcd3ed6fb0100e4772cacde8c89e218/element - {"using":"xpath","value":"//*[@id=\"__tile56\"]"}
RESULT: {"using":"xpath","value":"//*[@id=\"__tile56\"]"}
COMMAND: POST /session/adcd3ed6fb0100e4772cacde8c89e218/element/f.AE3220A217D4F6A0A4C8BD50DBA47D19.d.39BA2B5DE2E2A43B561EC4256D800698.e.263/click - {}
RESULT: {}
COMMAND: GET /session/adcd3ed6fb0100e4772cacde8c89e218/screenshot - {}
RESULT: {}
COMMAND: POST /session/adcd3ed6fb0100e4772cacde8c89e218/elements - {"using":"xpath","value":"//span[text()='Error']"}
RESULT: {"using":"xpath","value":"//span[text()='Error']"}
COMMAND: POST /session/adcd3ed6fb0100e4772cacde8c89e218/element - {"using":"xpath","value":"//button[contains(@id, \"btnMassStateChange\")]"}
RESULT: {"using":"xpath","value":"//button[contains(@id, \"btnMassStateChange\")]"}
COMMAND: POST /session/adcd3ed6fb0100e4772cacde8c89e218/elements - {"using":"xpath","value":"//button[contains(@id, \"btnMassStateChange\")]"}
RESULT: {"using":"xpath","value":"//button[contains(@id, \"btnMassStateChange\")]"}
COMMAND: POST /session/adcd3ed6fb0100e4772cacde8c89e218/execute/sync - {"script":"<script> [8489 bytes]","args":[{"element-6066-11e4-a52e-4f735466cecf":"f.AE3220A217D4F6A0A4C8BD50DBA47D19.d.39BA2B5DE2E2A43B561EC4256D800698.e.5244","ELEMENT":"f.AE3220A217D4F6A0A4C8BD50DBA47D19.d.39BA2B5DE2E2A43B561EC4256D800698.e.5244"}]}
RESULT: {"script":"<script> [8489 bytes]","args":[{"element-6066-11e4-a52e-4f735466cecf":"f.AE3220A217D4F6A0A4C8BD50DBA47D19.d.39BA2B5DE2E2A43B561EC4256D800698.e.5244","ELEMENT":"f.AE3220A217D4F6A0A4C8BD50DBA47D19.d.39BA2B5DE2E2A43B561EC4256D800698.e.5244"}]}
COMMAND: GET /session/adcd3ed6fb0100e4772cacde8c89e218/element/f.AE3220A217D4F6A0A4C8BD50DBA47D19.d.39BA2B5DE2E2A43B561EC4256D800698.e.5244/enabled - {}
COMMAND: GET /session/adcd3ed6fb0100e4772cacde8c89e218/screenshot - {}
RESULT: {}
COMMAND: POST /session/adcd3ed6fb0100e4772cacde8c89e218/execute/sync - {"script":"<script> [8489 bytes]","args":[{"element-6066-11e4-a52e-4f735466cecf":"f.AE3220A217D4F6A0A4C8BD50DBA47D19.d.39BA2B5DE2E2A43B561EC4256D800698.e.5244","ELEMENT":"f.AE3220A217D4F6A0A4C8BD50DBA47D19.d.39BA2B5DE2E2A43B561EC4256D800698.e.5244"}]}
COMMAND: GET /session/adcd3ed6fb0100e4772cacde8c89e218/screenshot - {}
RESULT: {}
RESULT: {"script":"<script> [8489 bytes]","args":[{"element-6066-11e4-a52e-4f735466cecf":"f.AE3220A217D4F6A0A4C8BD50DBA47D19.d.39BA2B5DE2E2A43B561EC4256D800698.e.5244","ELEMENT":"f.AE3220A217D4F6A0A4C8BD50DBA47D19.d.39BA2B5DE2E2A43B561EC4256D800698.e.5244"}]}
COMMAND: POST /session/adcd3ed6fb0100e4772cacde8c89e218/execute/sync - {"script":"<script> [5351 bytes]","args":[{"element-6066-11e4-a52e-4f735466cecf":"f.AE3220A217D4F6A0A4C8BD50DBA47D19.d.39BA2B5DE2E2A43B561EC4256D800698.e.5244","ELEMENT":"f.AE3220A217D4F6A0A4C8BD50DBA47D19.d.39BA2B5DE2E2A43B561EC4256D800698.e.5244"}]}
COMMAND: GET /session/adcd3ed6fb0100e4772cacde8c89e218/screenshot - {}
RESULT: {}
RESULT: {"script":"<script> [5351 bytes]","args":[{"element-6066-11e4-a52e-4f735466cecf":"f.AE3220A217D4F6A0A4C8BD50DBA47D19.d.39BA2B5DE2E2A43B561EC4256D800698.e.5244","ELEMENT":"f.AE3220A217D4F6A0A4C8BD50DBA47D19.d.39BA2B5DE2E2A43B561EC4256D800698.e.5244"}]}
COMMAND: GET /session/adcd3ed6fb0100e4772cacde8c89e218/screenshot - {}
RESULT: {}
RESULT: {}
COMMAND: POST /session/adcd3ed6fb0100e4772cacde8c89e218/execute/async - {"script":"<script> [1562 bytes]","args":[{"selector":{"controlType":"sap.ui.core.Icon","viewName":"etm.portal.ui.managestatesandperformance.view.Master","viewId":"application-managestatesandperformance-display-component---stateAndPerform","properties":{"src":{"regex":{"source":"chart\\-table\\-view"}}}},"wdio_ui5_key":"etmportal.ui.managestatesandperformance.view.Mastersap.ui.core.Icon{\"src\":{\"regex\":{\"source\":\"chart\\\\-table\\\\-view\"}}}"}]}
RESULT: {"script":"<script> [1562 bytes]","args":[{"selector":{"controlType":"sap.ui.core.Icon","viewName":"etm.portal.ui.managestatesandperformance.view.Master","viewId":"application-managestatesandperformance-display-component---stateAndPerform","properties":{"src":{"regex":{"source":"chart\\-table\\-view"}}}},"wdio_ui5_key":"etmportal.ui.managestatesandperformance.view.Mastersap.ui.core.Icon{\"src\":{\"regex\":{\"source\":\"chart\\\\-table\\\\-view\"}}}"}]}
RESULT: undefined
COMMAND: POST /session/adcd3ed6fb0100e4772cacde8c89e218/element - {"using":"xpath","value":"//*[@id=\"__filter61-icon\"]"}
RESULT: {"using":"xpath","value":"//*[@id=\"__filter61-icon\"]"}
COMMAND: POST /session/adcd3ed6fb0100e4772cacde8c89e218/element/f.AE3220A217D4F6A0A4C8BD50DBA47D19.d.39BA2B5DE2E2A43B561EC4256D800698.e.5420/click - {}
RESULT: {}
COMMAND: POST /session/adcd3ed6fb0100e4772cacde8c89e218/element/f.AE3220A217D4F6A0A4C8BD50DBA47D19.d.39BA2B5DE2E2A43B561EC4256D800698.e.5244/click - {}
COMMAND: GET /session/adcd3ed6fb0100e4772cacde8c89e218/screenshot - {}
COMMAND: POST /session/adcd3ed6fb0100e4772cacde8c89e218/element - {"using":"xpath","value":"//button[contains(@id, \"btnMassStateChange\")]"}
RESULT: {}
RESULT: {"using":"xpath","value":"//button[contains(@id, \"btnMassStateChange\")]"}
COMMAND: POST /session/adcd3ed6fb0100e4772cacde8c89e218/element/f.AE3220A217D4F6A0A4C8BD50DBA47D19.d.39BA2B5DE2E2A43B561EC4256D800698.e.5244/click - {}
COMMAND: POST /session/adcd3ed6fb0100e4772cacde8c89e218/element - {"using":"xpath","value":"//button[contains(@id, \"btnMassStateChange\")]"}
RESULT: {"using":"xpath","value":"//button[contains(@id, \"btnMassStateChange\")]"}
COMMAND: POST /session/adcd3ed6fb0100e4772cacde8c89e218/element/f.AE3220A217D4F6A0A4C8BD50DBA47D19.d.39BA2B5DE2E2A43B561EC4256D800698.e.5437/click - {}
RESULT: {}
COMMAND: GET /session/adcd3ed6fb0100e4772cacde8c89e218/screenshot - {}
RESULT: {}
COMMAND: POST /session/adcd3ed6fb0100e4772cacde8c89e218/execute/async - {"script":"<script> [1562 bytes]","args":[{"selector":{"id":"application-managestatesandperformance-display-component---stateAndPerform--smartFilterBarContracts-btnBasicSearch","interaction":{"idSuffix":"I"}},"wdio_ui5_key":"applicationmanagestatesandperformance-display-component---stateAndPerform--smartFilterBarContracts-btnBasicSearch"}]}
RESULT: {"script":"<script> [1562 bytes]","args":[{"selector":{"id":"application-managestatesandperformance-display-component---stateAndPerform--smartFilterBarContracts-btnBasicSearch","interaction":{"idSuffix":"I"}},"wdio_ui5_key":"applicationmanagestatesandperformance-display-component---stateAndPerform--smartFilterBarContracts-btnBasicSearch"}]}
RESULT: undefined
COMMAND: POST /session/adcd3ed6fb0100e4772cacde8c89e218/execute/async - {"script":"<script> [776 bytes]","args":[{"enterText":"400027","selector":{"id":"application-managestatesandperformance-display-component---stateAndPerform--smartFilterBarContracts-btnBasicSearch","interaction":{"idSuffix":"I"}},"clearTextFirst":true,"interactionType":"ENTER_TEXT"}]}
RESULT: {"script":"<script> [776 bytes]","args":[{"enterText":"400027","selector":{"id":"application-managestatesandperformance-display-component---stateAndPerform--smartFilterBarContracts-btnBasicSearch","interaction":{"idSuffix":"I"}},"clearTextFirst":true,"interactionType":"ENTER_TEXT"}]}
COMMAND: POST /session/adcd3ed6fb0100e4772cacde8c89e218/actions - {"actions":[{"id":"action14","type":"key","parameters":{},"actions":[{"type":"keyDown","value":""},{"type":"pause","duration":10},{"type":"keyUp","value":""}]}]}
RESULT: {"actions":[{"id":"action14","type":"key","parameters":{},"actions":[{"type":"keyDown","value":""},{"type":"pause","duration":10},{"type":"keyUp","value":""}]}]}
COMMAND: GET /session/adcd3ed6fb0100e4772cacde8c89e218/screenshot - {}
RESULT: {}
COMMAND: POST /session/adcd3ed6fb0100e4772cacde8c89e218/element - {"using":"xpath","value":"//span[@id=\"application-managestatesandperformance-display-component---stateAndPerform--stateAndPerformContractItemsSmartTable-header-inner\"]"}
RESULT: {"using":"xpath","value":"//span[@id=\"application-managestatesandperformance-display-component---stateAndPerform--stateAndPerformContractItemsSmartTable-header-inner\"]"}
COMMAND: POST /session/adcd3ed6fb0100e4772cacde8c89e218/elements - {"using":"xpath","value":"//span[@id=\"application-managestatesandperformance-display-component---stateAndPerform--stateAndPerformContractItemsSmartTable-header-inner\"]"}
RESULT: {"using":"xpath","value":"//span[@id=\"application-managestatesandperformance-display-component---stateAndPerform--stateAndPerformContractItemsSmartTable-header-inner\"]"}
COMMAND: POST /session/adcd3ed6fb0100e4772cacde8c89e218/execute/sync - {"script":"<script> [56 bytes]","args":[{"element-6066-11e4-a52e-4f735466cecf":"f.AE3220A217D4F6A0A4C8BD50DBA47D19.d.39BA2B5DE2E2A43B561EC4256D800698.e.5606","ELEMENT":"f.AE3220A217D4F6A0A4C8BD50DBA47D19.d.39BA2B5DE2E2A43B561EC4256D800698.e.5606"}]}
RESULT: {"script":"<script> [56 bytes]","args":[{"element-6066-11e4-a52e-4f735466cecf":"f.AE3220A217D4F6A0A4C8BD50DBA47D19.d.39BA2B5DE2E2A43B561EC4256D800698.e.5606","ELEMENT":"f.AE3220A217D4F6A0A4C8BD50DBA47D19.d.39BA2B5DE2E2A43B561EC4256D800698.e.5606"}]}
COMMAND: POST /session/adcd3ed6fb0100e4772cacde8c89e218/element - {"using":"xpath","value":"//table[contains(@id, \"stateAndPerform--stateAndPerformContractItemsTable-listUl\")]/tbody/tr[1]/td[2]/div/div"}
COMMAND: GET /session/adcd3ed6fb0100e4772cacde8c89e218/screenshot - {}
RESULT: {"using":"xpath","value":"//table[contains(@id, \"stateAndPerform--stateAndPerformContractItemsTable-listUl\")]/tbody/tr[1]/td[2]/div/div"}
COMMAND: POST /session/adcd3ed6fb0100e4772cacde8c89e218/element/f.AE3220A217D4F6A0A4C8BD50DBA47D19.d.39BA2B5DE2E2A43B561EC4256D800698.e.5607/click - {}
RESULT: {}
RESULT: {}
COMMAND: GET /session/adcd3ed6fb0100e4772cacde8c89e218/screenshot - {}
RESULT: {}
COMMAND: POST /session/adcd3ed6fb0100e4772cacde8c89e218/element/f.AE3220A217D4F6A0A4C8BD50DBA47D19.d.39BA2B5DE2E2A43B561EC4256D800698.e.5437/click - {}
RESULT: {}
COMMAND: GET /session/adcd3ed6fb0100e4772cacde8c89e218/screenshot - {}
RESULT: {}
COMMAND: POST /session/adcd3ed6fb0100e4772cacde8c89e218/execute/async - {"script":"<script> [1562 bytes]","args":[{"selector":{"id":"application-managestatesandperformance-display-component---stateAndPerform--ruStateTypes-arrow","searchOpenDialogs":true},"wdio_ui5_key":"applicationmanagestatesandperformance-display-component---stateAndPerform--ruStateTypes-arrow"}]}
RESULT: {"script":"<script> [1562 bytes]","args":[{"selector":{"id":"application-managestatesandperformance-display-component---stateAndPerform--ruStateTypes-arrow","searchOpenDialogs":true},"wdio_ui5_key":"applicationmanagestatesandperformance-display-component---stateAndPerform--ruStateTypes-arrow"}]}
RESULT: undefined
COMMAND: POST /session/adcd3ed6fb0100e4772cacde8c89e218/element - {"using":"xpath","value":"//*[@id=\"application-managestatesandperformance-display-component---stateAndPerform--ruStateTypes-arrow\"]"}
RESULT: {"using":"xpath","value":"//*[@id=\"application-managestatesandperformance-display-component---stateAndPerform--ruStateTypes-arrow\"]"}
COMMAND: POST /session/adcd3ed6fb0100e4772cacde8c89e218/element/f.AE3220A217D4F6A0A4C8BD50DBA47D19.d.39BA2B5DE2E2A43B561EC4256D800698.e.5616/click - {}
RESULT: {}
COMMAND: GET /session/adcd3ed6fb0100e4772cacde8c89e218/screenshot - {}
RESULT: {}
COMMAND: POST /session/adcd3ed6fb0100e4772cacde8c89e218/element - {"using":"xpath","value":"//li[.//span[text()=\"defect\"]]"}
RESULT: {"using":"xpath","value":"//li[.//span[text()=\"defect\"]]"}
COMMAND: POST /session/adcd3ed6fb0100e4772cacde8c89e218/element/f.AE3220A217D4F6A0A4C8BD50DBA47D19.d.39BA2B5DE2E2A43B561EC4256D800698.e.5617/click - {}
RESULT: {}
COMMAND: GET /session/adcd3ed6fb0100e4772cacde8c89e218/screenshot - {}
RESULT: {}
COMMAND: POST /session/adcd3ed6fb0100e4772cacde8c89e218/execute/async - {"script":"<script> [1562 bytes]","args":[{"selector":{"id":"application-managestatesandperformance-display-component---stateAndPerform--effectiveDate","searchOpenDialogs":true,"interaction":{"idSuffix":"inner"}},"wdio_ui5_key":"applicationmanagestatesandperformance-display-component---stateAndPerform--effectiveDate"}]}
RESULT: {"script":"<script> [1562 bytes]","args":[{"selector":{"id":"application-managestatesandperformance-display-component---stateAndPerform--effectiveDate","searchOpenDialogs":true,"interaction":{"idSuffix":"inner"}},"wdio_ui5_key":"applicationmanagestatesandperformance-display-component---stateAndPerform--effectiveDate"}]}
RESULT: undefined
COMMAND: POST /session/adcd3ed6fb0100e4772cacde8c89e218/execute/async - {"script":"<script> [776 bytes]","args":[{"enterText":"05/31/25","selector":{"id":"application-managestatesandperformance-display-component---stateAndPerform--effectiveDate","searchOpenDialogs":true,"interaction":{"idSuffix":"inner"}},"clearTextFirst":true,"interactionType":"ENTER_TEXT"}]}
RESULT: {"script":"<script> [776 bytes]","args":[{"enterText":"05/31/25","selector":{"id":"application-managestatesandperformance-display-component---stateAndPerform--effectiveDate","searchOpenDialogs":true,"interaction":{"idSuffix":"inner"}},"clearTextFirst":true,"interactionType":"ENTER_TEXT"}]}
COMMAND: POST /session/adcd3ed6fb0100e4772cacde8c89e218/element - {"using":"xpath","value":"(//bdi[contains(text(), \"OK\")])[1]"}
RESULT: {"using":"xpath","value":"(//bdi[contains(text(), \"OK\")])[1]"}
COMMAND: POST /session/adcd3ed6fb0100e4772cacde8c89e218/element/f.AE3220A217D4F6A0A4C8BD50DBA47D19.d.39BA2B5DE2E2A43B561EC4256D800698.e.5620/click - {}
RESULT: {}
COMMAND: GET /session/adcd3ed6fb0100e4772cacde8c89e218/screenshot - {}
RESULT: {}
COMMAND: POST /session/adcd3ed6fb0100e4772cacde8c89e218/element - {"using":"xpath","value":"(//bdi[contains(text(), \"OK\")])[2]"}
RESULT: {"using":"xpath","value":"(//bdi[contains(text(), \"OK\")])[2]"}
COMMAND: POST /session/adcd3ed6fb0100e4772cacde8c89e218/element/f.AE3220A217D4F6A0A4C8BD50DBA47D19.d.39BA2B5DE2E2A43B561EC4256D800698.e.5625/click - {}
RESULT: {}
COMMAND: GET /session/adcd3ed6fb0100e4772cacde8c89e218/screenshot - {}
RESULT: {}
COMMAND: POST /session/adcd3ed6fb0100e4772cacde8c89e218/element - {"using":"css selector","value":"#shell-header-logo"}
RESULT: {"using":"css selector","value":"#shell-header-logo"}
COMMAND: POST /session/adcd3ed6fb0100e4772cacde8c89e218/element/f.AE3220A217D4F6A0A4C8BD50DBA47D19.d.39BA2B5DE2E2A43B561EC4256D800698.e.5198/click - {}
RESULT: {}
COMMAND: GET /session/adcd3ed6fb0100e4772cacde8c89e218/screenshot - {}
RESULT: {}
COMMAND: DELETE /session/adcd3ed6fb0100e4772cacde8c89e218 - {}
RESULT: {}
]]></system-out>
    </testcase>
  </testsuite>
</testsuites>