<?xml version="1.0" encoding="UTF-8"?>
<testsuites tests="20" failures="2" errors="2" skipped="0">
  <testsuite timestamp="2025-05-16T05:41:31" time="65.01" tests="2" failures="0" errors="0" skipped="0">
    <properties>
      <property name="specId" value="0" />
      <property name="suiteName" value="Assign the user test user id to an address" />
      <property name="capabilities" value="chrome.136_0_7103_93.windows" />
      <property name="file" value="file:///D:/a/1/s/test/specs/R2C/assign-user-id-to-an-address.spec.js" />
    </properties>
    <testcase classname="chrome.136_0_7103_93.windows.Assign_the_user_test_user_id_to_an_address" name="Should search for test1ETM create only if not present" time="8.062">
      <system-out><![CDATA[
COMMAND: POST /session/62c6c4e2516ebe3f1de2f3a3d288490f/execute/async - {"script":"<script> [1562 bytes]","args":[{"selector":{"id":"application-addressmanagement-display-component---masterAdm--smartFilterBar-filterItemControl_BASIC-NAME-vhi"},"wdio_ui5_key":"applicationaddressmanagement-display-component---masterAdm--smartFilterBar-filterItemControl_BASIC-NAME-vhi"}]}
RESULT: {"script":"<script> [1562 bytes]","args":[{"selector":{"id":"application-addressmanagement-display-component---masterAdm--smartFilterBar-filterItemControl_BASIC-NAME-vhi"},"wdio_ui5_key":"applicationaddressmanagement-display-component---masterAdm--smartFilterBar-filterItemControl_BASIC-NAME-vhi"}]}
RESULT: undefined
COMMAND: POST /session/62c6c4e2516ebe3f1de2f3a3d288490f/element - {"using":"xpath","value":"//*[@id=\"application-addressmanagement-display-component---masterAdm--smartFilterBar-filterItemControl_BASIC-NAME-vhi\"]"}
RESULT: {"using":"xpath","value":"//*[@id=\"application-addressmanagement-display-component---masterAdm--smartFilterBar-filterItemControl_BASIC-NAME-vhi\"]"}
COMMAND: POST /session/62c6c4e2516ebe3f1de2f3a3d288490f/element/f.E4C2DC6123E2A493099A271DC72A1D12.d.94DF478D4E4799AC07CDCD8244037828.e.292/click - {}
RESULT: {}
COMMAND: POST /session/62c6c4e2516ebe3f1de2f3a3d288490f/execute/async - {"script":"<script> [1562 bytes]","args":[{"selector":{"controlType":"sap.m.Input","viewName":"etm.portal.ui.addressmanagement.view.Master","viewId":"application-addressmanagement-display-component---masterAdm","properties":{"valueState":"None"},"searchOpenDialogs":true,"interaction":{"idSuffix":"inner"}},"wdio_ui5_key":"etmportal.ui.addressmanagement.view.Mastersap.m.Input{\"valueState\":\"None\"}"}]}
COMMAND: GET /session/62c6c4e2516ebe3f1de2f3a3d288490f/screenshot - {}
RESULT: {"script":"<script> [1562 bytes]","args":[{"selector":{"controlType":"sap.m.Input","viewName":"etm.portal.ui.addressmanagement.view.Master","viewId":"application-addressmanagement-display-component---masterAdm","properties":{"valueState":"None"},"searchOpenDialogs":true,"interaction":{"idSuffix":"inner"}},"wdio_ui5_key":"etmportal.ui.addressmanagement.view.Mastersap.m.Input{\"valueState\":\"None\"}"}]}
RESULT: undefined
COMMAND: POST /session/62c6c4e2516ebe3f1de2f3a3d288490f/execute/async - {"script":"<script> [776 bytes]","args":[{"enterText":"Test1ETM","selector":{"controlType":"sap.m.Input","viewName":"etm.portal.ui.addressmanagement.view.Master","viewId":"application-addressmanagement-display-component---masterAdm","properties":{"valueState":"None"},"searchOpenDialogs":true,"interaction":{"idSuffix":"inner"}},"clearTextFirst":true,"interactionType":"ENTER_TEXT"}]}
RESULT: {}
RESULT: {"script":"<script> [776 bytes]","args":[{"enterText":"Test1ETM","selector":{"controlType":"sap.m.Input","viewName":"etm.portal.ui.addressmanagement.view.Master","viewId":"application-addressmanagement-display-component---masterAdm","properties":{"valueState":"None"},"searchOpenDialogs":true,"interaction":{"idSuffix":"inner"}},"clearTextFirst":true,"interactionType":"ENTER_TEXT"}]}
COMMAND: POST /session/62c6c4e2516ebe3f1de2f3a3d288490f/actions - {"actions":[{"id":"action1","type":"key","parameters":{},"actions":[{"type":"keyDown","value":"î€‡"},{"type":"pause","duration":10},{"type":"keyUp","value":"î€‡"}]}]}
RESULT: {"actions":[{"id":"action1","type":"key","parameters":{},"actions":[{"type":"keyDown","value":"î€‡"},{"type":"pause","duration":10},{"type":"keyUp","value":"î€‡"}]}]}
COMMAND: POST /session/62c6c4e2516ebe3f1de2f3a3d288490f/execute/async - {"script":"<script> [1562 bytes]","args":[{"selector":{"id":"application-addressmanagement-display-component---masterAdm--smartFilterBar-filterItemControl_BASIC-NAME-valueHelpDialog-ok","searchOpenDialogs":true,"interaction":{"idSuffix":"BDI-content"}},"wdio_ui5_key":"applicationaddressmanagement-display-component---masterAdm--smartFilterBar-filterItemControl_BASIC-NAME-valueHelpDialog-ok"}]}
COMMAND: GET /session/62c6c4e2516ebe3f1de2f3a3d288490f/screenshot - {}
RESULT: {"script":"<script> [1562 bytes]","args":[{"selector":{"id":"application-addressmanagement-display-component---masterAdm--smartFilterBar-filterItemControl_BASIC-NAME-valueHelpDialog-ok","searchOpenDialogs":true,"interaction":{"idSuffix":"BDI-content"}},"wdio_ui5_key":"applicationaddressmanagement-display-component---masterAdm--smartFilterBar-filterItemControl_BASIC-NAME-valueHelpDialog-ok"}]}
RESULT: undefined
COMMAND: POST /session/62c6c4e2516ebe3f1de2f3a3d288490f/element - {"using":"xpath","value":"//*[@id=\"application-addressmanagement-display-component---masterAdm--smartFilterBar-filterItemControl_BASIC-NAME-valueHelpDialog-ok\"]"}
RESULT: {}
RESULT: {"using":"xpath","value":"//*[@id=\"application-addressmanagement-display-component---masterAdm--smartFilterBar-filterItemControl_BASIC-NAME-valueHelpDialog-ok\"]"}
COMMAND: POST /session/62c6c4e2516ebe3f1de2f3a3d288490f/element/f.E4C2DC6123E2A493099A271DC72A1D12.d.94DF478D4E4799AC07CDCD8244037828.e.301/click - {}
RESULT: {}
COMMAND: GET /session/62c6c4e2516ebe3f1de2f3a3d288490f/screenshot - {}
RESULT: {}
COMMAND: POST /session/62c6c4e2516ebe3f1de2f3a3d288490f/element - {"using":"xpath","value":"(//span[text()=\"Active\"])[1]"}
RESULT: {"using":"xpath","value":"(//span[text()=\"Active\"])[1]"}
COMMAND: POST /session/62c6c4e2516ebe3f1de2f3a3d288490f/elements - {"using":"xpath","value":"(//span[text()=\"Active\"])[1]"}
RESULT: {"using":"xpath","value":"(//span[text()=\"Active\"])[1]"}
COMMAND: POST /session/62c6c4e2516ebe3f1de2f3a3d288490f/execute/sync - {"script":"<script> [8489 bytes]","args":[{"element-6066-11e4-a52e-4f735466cecf":"f.E4C2DC6123E2A493099A271DC72A1D12.d.94DF478D4E4799AC07CDCD8244037828.e.319","ELEMENT":"f.E4C2DC6123E2A493099A271DC72A1D12.d.94DF478D4E4799AC07CDCD8244037828.e.319"}]}
RESULT: {"script":"<script> [8489 bytes]","args":[{"element-6066-11e4-a52e-4f735466cecf":"f.E4C2DC6123E2A493099A271DC72A1D12.d.94DF478D4E4799AC07CDCD8244037828.e.319","ELEMENT":"f.E4C2DC6123E2A493099A271DC72A1D12.d.94DF478D4E4799AC07CDCD8244037828.e.319"}]}
COMMAND: POST /session/62c6c4e2516ebe3f1de2f3a3d288490f/execute/sync - {"script":"<script> [5351 bytes]","args":[{"element-6066-11e4-a52e-4f735466cecf":"f.E4C2DC6123E2A493099A271DC72A1D12.d.94DF478D4E4799AC07CDCD8244037828.e.319","ELEMENT":"f.E4C2DC6123E2A493099A271DC72A1D12.d.94DF478D4E4799AC07CDCD8244037828.e.319"}]}
COMMAND: GET /session/62c6c4e2516ebe3f1de2f3a3d288490f/screenshot - {}
RESULT: {"script":"<script> [5351 bytes]","args":[{"element-6066-11e4-a52e-4f735466cecf":"f.E4C2DC6123E2A493099A271DC72A1D12.d.94DF478D4E4799AC07CDCD8244037828.e.319","ELEMENT":"f.E4C2DC6123E2A493099A271DC72A1D12.d.94DF478D4E4799AC07CDCD8244037828.e.319"}]}
COMMAND: POST /session/62c6c4e2516ebe3f1de2f3a3d288490f/element/f.E4C2DC6123E2A493099A271DC72A1D12.d.94DF478D4E4799AC07CDCD8244037828.e.319/click - {}
COMMAND: GET /session/62c6c4e2516ebe3f1de2f3a3d288490f/screenshot - {}
RESULT: {}
RESULT: {}
COMMAND: POST /session/62c6c4e2516ebe3f1de2f3a3d288490f/element - {"using":"xpath","value":"//span[@id=\"application-addressmanagement-display-component---detailAdm--addressDetailDetailsName1\"]"}
COMMAND: GET /session/62c6c4e2516ebe3f1de2f3a3d288490f/screenshot - {}
RESULT: {}
RESULT: {"using":"xpath","value":"//span[@id=\"application-addressmanagement-display-component---detailAdm--addressDetailDetailsName1\"]"}
COMMAND: POST /session/62c6c4e2516ebe3f1de2f3a3d288490f/execute/sync - {"script":"<script> [8489 bytes]","args":[{"element-6066-11e4-a52e-4f735466cecf":"f.E4C2DC6123E2A493099A271DC72A1D12.d.94DF478D4E4799AC07CDCD8244037828.e.401","ELEMENT":"f.E4C2DC6123E2A493099A271DC72A1D12.d.94DF478D4E4799AC07CDCD8244037828.e.401"}]}
RESULT: {}
RESULT: {"script":"<script> [8489 bytes]","args":[{"element-6066-11e4-a52e-4f735466cecf":"f.E4C2DC6123E2A493099A271DC72A1D12.d.94DF478D4E4799AC07CDCD8244037828.e.401","ELEMENT":"f.E4C2DC6123E2A493099A271DC72A1D12.d.94DF478D4E4799AC07CDCD8244037828.e.401"}]}
]]></system-out>
    </testcase>
    <testcase classname="chrome.136_0_7103_93.windows.Assign_the_user_test_user_id_to_an_address" name="Should edit the title of the created found address" time="10.548">
      <system-out><![CDATA[
COMMAND: POST /session/62c6c4e2516ebe3f1de2f3a3d288490f/execute/async - {"script":"<script> [1562 bytes]","args":[{"selector":{"controlType":"sap.m.Button","viewName":"etm.portal.ui.addressmanagement.view.Detail","viewId":"application-addressmanagement-display-component---detailAdm","i18NText":{"propertyName":"text","key":"edit"}},"wdio_ui5_key":"etmportal.ui.addressmanagement.view.Detailsap.m.Button{\"propertyName\":\"text\",\"key\":\"edit\"}"}]}
COMMAND: GET /session/62c6c4e2516ebe3f1de2f3a3d288490f/screenshot - {}
RESULT: {"script":"<script> [1562 bytes]","args":[{"selector":{"controlType":"sap.m.Button","viewName":"etm.portal.ui.addressmanagement.view.Detail","viewId":"application-addressmanagement-display-component---detailAdm","i18NText":{"propertyName":"text","key":"edit"}},"wdio_ui5_key":"etmportal.ui.addressmanagement.view.Detailsap.m.Button{\"propertyName\":\"text\",\"key\":\"edit\"}"}]}
RESULT: undefined
COMMAND: POST /session/62c6c4e2516ebe3f1de2f3a3d288490f/element - {"using":"xpath","value":"//*[@id=\"__button16\"]"}
RESULT: {}
RESULT: {"using":"xpath","value":"//*[@id=\"__button16\"]"}
COMMAND: POST /session/62c6c4e2516ebe3f1de2f3a3d288490f/element/f.E4C2DC6123E2A493099A271DC72A1D12.d.94DF478D4E4799AC07CDCD8244037828.e.407/click - {}
RESULT: {}
COMMAND: POST /session/62c6c4e2516ebe3f1de2f3a3d288490f/execute/async - {"script":"<script> [1562 bytes]","args":[{"selector":{"controlType":"sap.ui.core.Icon","viewName":"etm.portal.ui.addressmanagement.view.EditDetail","properties":{"src":{"regex":{"source":"slim\\-arrow\\-down"}}},"ancestor":{"id":"addressTitle","viewName":"etm.portal.ui.addressmanagement.view.EditDetail"}},"wdio_ui5_key":"etmportal.ui.addressmanagement.view.EditDetailsap.ui.core.Icon{\"src\":{\"regex\":{\"source\":\"slim\\\\-arrow\\\\-down\"}}}{\"id\":\"addressTitle\",\"viewName\":\"etm.portal.ui.addressmanagement.view.EditDetail\"}"}]}
COMMAND: GET /session/62c6c4e2516ebe3f1de2f3a3d288490f/screenshot - {}
RESULT: {"script":"<script> [1562 bytes]","args":[{"selector":{"controlType":"sap.ui.core.Icon","viewName":"etm.portal.ui.addressmanagement.view.EditDetail","properties":{"src":{"regex":{"source":"slim\\-arrow\\-down"}}},"ancestor":{"id":"addressTitle","viewName":"etm.portal.ui.addressmanagement.view.EditDetail"}},"wdio_ui5_key":"etmportal.ui.addressmanagement.view.EditDetailsap.ui.core.Icon{\"src\":{\"regex\":{\"source\":\"slim\\\\-arrow\\\\-down\"}}}{\"id\":\"addressTitle\",\"viewName\":\"etm.portal.ui.addressmanagement.view.EditDetail\"}"}]}
RESULT: undefined
COMMAND: POST /session/62c6c4e2516ebe3f1de2f3a3d288490f/element - {"using":"xpath","value":"//*[@id=\"__xmlview58--addressTitle-arrow\"]"}
RESULT: {}
RESULT: {"using":"xpath","value":"//*[@id=\"__xmlview58--addressTitle-arrow\"]"}
COMMAND: POST /session/62c6c4e2516ebe3f1de2f3a3d288490f/element/f.E4C2DC6123E2A493099A271DC72A1D12.d.94DF478D4E4799AC07CDCD8244037828.e.442/click - {}
RESULT: {}
COMMAND: POST /session/62c6c4e2516ebe3f1de2f3a3d288490f/execute/async - {"script":"<script> [1562 bytes]","args":[{"selector":{"controlType":"sap.m.StandardListItem","viewName":"etm.portal.ui.addressmanagement.view.EditDetail","properties":{"title":"Dr."},"searchOpenDialogs":true},"wdio_ui5_key":"etmportal.ui.addressmanagement.view.EditDetailsap.m.StandardListItem{\"title\":\"Dr.\"}"}]}
COMMAND: GET /session/62c6c4e2516ebe3f1de2f3a3d288490f/screenshot - {}
RESULT: {"script":"<script> [1562 bytes]","args":[{"selector":{"controlType":"sap.m.StandardListItem","viewName":"etm.portal.ui.addressmanagement.view.EditDetail","properties":{"title":"Dr."},"searchOpenDialogs":true},"wdio_ui5_key":"etmportal.ui.addressmanagement.view.EditDetailsap.m.StandardListItem{\"title\":\"Dr.\"}"}]}
RESULT: undefined
COMMAND: POST /session/62c6c4e2516ebe3f1de2f3a3d288490f/element - {"using":"xpath","value":"//*[@id=\"__item219\"]"}
RESULT: {}
RESULT: {"using":"xpath","value":"//*[@id=\"__item219\"]"}
COMMAND: POST /session/62c6c4e2516ebe3f1de2f3a3d288490f/element/f.E4C2DC6123E2A493099A271DC72A1D12.d.94DF478D4E4799AC07CDCD8244037828.e.443/click - {}
RESULT: {}
COMMAND: POST /session/62c6c4e2516ebe3f1de2f3a3d288490f/execute/async - {"script":"<script> [1562 bytes]","args":[{"selector":{"controlType":"sap.m.Button","viewName":"etm.portal.ui.addressmanagement.view.EditDetail","i18NText":{"propertyName":"text","key":"save"}},"wdio_ui5_key":"etmportal.ui.addressmanagement.view.EditDetailsap.m.Button{\"propertyName\":\"text\",\"key\":\"save\"}"}]}
COMMAND: GET /session/62c6c4e2516ebe3f1de2f3a3d288490f/screenshot - {}
RESULT: {"script":"<script> [1562 bytes]","args":[{"selector":{"controlType":"sap.m.Button","viewName":"etm.portal.ui.addressmanagement.view.EditDetail","i18NText":{"propertyName":"text","key":"save"}},"wdio_ui5_key":"etmportal.ui.addressmanagement.view.EditDetailsap.m.Button{\"propertyName\":\"text\",\"key\":\"save\"}"}]}
RESULT: undefined
COMMAND: POST /session/62c6c4e2516ebe3f1de2f3a3d288490f/element - {"using":"xpath","value":"//*[@id=\"__button37\"]"}
RESULT: {}
RESULT: {"using":"xpath","value":"//*[@id=\"__button37\"]"}
COMMAND: POST /session/62c6c4e2516ebe3f1de2f3a3d288490f/element/f.E4C2DC6123E2A493099A271DC72A1D12.d.94DF478D4E4799AC07CDCD8244037828.e.444/click - {}
RESULT: {}
COMMAND: GET /session/62c6c4e2516ebe3f1de2f3a3d288490f/screenshot - {}
RESULT: {}
COMMAND: POST /session/62c6c4e2516ebe3f1de2f3a3d288490f/element - {"using":"xpath","value":"//span[@id=\"application-addressmanagement-display-component---detailAdm--addressTitle\"]"}
RESULT: {"using":"xpath","value":"//span[@id=\"application-addressmanagement-display-component---detailAdm--addressTitle\"]"}
COMMAND: GET /session/62c6c4e2516ebe3f1de2f3a3d288490f/element/f.E4C2DC6123E2A493099A271DC72A1D12.d.94DF478D4E4799AC07CDCD8244037828.e.449/text - {}
RESULT: {}
COMMAND: POST /session/62c6c4e2516ebe3f1de2f3a3d288490f/element - {"using":"xpath","value":"//span[@id=\"application-addressmanagement-display-component---detailAdm--addressDetailDetailsName1\"]"}
RESULT: {"using":"xpath","value":"//span[@id=\"application-addressmanagement-display-component---detailAdm--addressDetailDetailsName1\"]"}
COMMAND: GET /session/62c6c4e2516ebe3f1de2f3a3d288490f/element/f.E4C2DC6123E2A493099A271DC72A1D12.d.94DF478D4E4799AC07CDCD8244037828.e.401/text - {}
RESULT: {}
COMMAND: POST /session/62c6c4e2516ebe3f1de2f3a3d288490f/refresh - {}
RESULT: {}
COMMAND: GET /session/62c6c4e2516ebe3f1de2f3a3d288490f/screenshot - {}
RESULT: {}
COMMAND: POST /session/62c6c4e2516ebe3f1de2f3a3d288490f/refresh - {}
RESULT: {}
COMMAND: GET /session/62c6c4e2516ebe3f1de2f3a3d288490f/screenshot - {}
RESULT: {}
COMMAND: POST /session/62c6c4e2516ebe3f1de2f3a3d288490f/window/fullscreen - {}
RESULT: {}
COMMAND: POST /session/62c6c4e2516ebe3f1de2f3a3d288490f/execute/async - {"script":"<script> [189 bytes]","args":[]}
RESULT: {"script":"<script> [189 bytes]","args":[]}
COMMAND: POST /session/62c6c4e2516ebe3f1de2f3a3d288490f/execute/async - {"script":"<script> [123 bytes]","args":[]}
RESULT: {"script":"<script> [123 bytes]","args":[]}
COMMAND: POST /session/62c6c4e2516ebe3f1de2f3a3d288490f/timeouts - {"script":"<number>"}
RESULT: {"script":"<number>"}
COMMAND: GET /session/62c6c4e2516ebe3f1de2f3a3d288490f/timeouts - {}
RESULT: {}
RESULT: undefined
COMMAND: POST /session/62c6c4e2516ebe3f1de2f3a3d288490f/execute/async - {"script":"<script> [2676 bytes]","args":[]}
RESULT: {"script":"<script> [2676 bytes]","args":[]}
COMMAND: POST /session/62c6c4e2516ebe3f1de2f3a3d288490f/execute/async - {"script":"<script> [2342 bytes]","args":[{"protocol":"http","hostname":"0.0.0.0","path":"/","capabilities":{"browserName":"chrome","goog:chromeOptions":{"binary":"C:\\Program Files\\Google\\Chrome\\Application\\chrome.exe","args":["--start-maximized"]}},"logLevel":"warn","connectionRetryTimeout":120000,"connectionRetryCount":3,"logLevels":{},"enableDirectConnect":true,"strictSSL":true,"_":"65 more keys: [\"cacheDir\",\"port\",\"requestedCapabilities\",\"automationProtocol\",\"baseUrl\",\"waitforInterval\",\"waitforTimeout\",\"onReload\",\"beforeCommand\",\"afterCommand\",\"rootDir\",\"specs\",\"suites\",\"exclude\",\"groupLogsByTestSpec\",\"excludeDriverLogs\",\"bail\",\"framework\",\"reporters\",\"services\",\"maxInstances\",\"maxInstancesPerCapability\",\"injectGlobals\",\"filesToWatch\",\"execArgv\",\"runnerEnv\",\"runner\",\"shard\",\"specFileRetries\",\"specFileRetriesDelay\",\"specFileRetriesDeferred\",\"reporterSyncInterval\",\"reporterSyncTimeout\",\"cucumberFeaturesWithLineNumbers\",\"autoCompileOpts\",\"mochaOpts\",\"jasmineOpts\",\"cucumberOpts\",\"onPrepare\",\"onWorkerStart\",\"onWorkerEnd\",\"before\",\"beforeSession\",\"beforeSuite\",\"beforeHook\",\"beforeTest\",\"afterTest\",\"afterHook\",\"afterSuite\",\"afterSession\",\"after\",\"onComplete\",\"beforeAssertion\",\"afterAssertion\",\"beforeFeature\",\"beforeScenario\",\"beforeStep\",\"afterStep\",\"afterScenario\",\"afterFeature\",\"_\",\"suite\",\"$0\",\"ignoredWorkerServices\",\"wdi5\"]"}]}
RESULT: {"script":"<script> [2342 bytes]","args":[{"protocol":"http","hostname":"0.0.0.0","path":"/","capabilities":{"browserName":"chrome","goog:chromeOptions":{"binary":"C:\\Program Files\\Google\\Chrome\\Application\\chrome.exe","args":["--start-maximized"]}},"logLevel":"warn","connectionRetryTimeout":120000,"connectionRetryCount":3,"logLevels":{},"enableDirectConnect":true,"strictSSL":true,"_":"65 more keys: [\"cacheDir\",\"port\",\"requestedCapabilities\",\"automationProtocol\",\"baseUrl\",\"waitforInterval\",\"waitforTimeout\",\"onReload\",\"beforeCommand\",\"afterCommand\",\"rootDir\",\"specs\",\"suites\",\"exclude\",\"groupLogsByTestSpec\",\"excludeDriverLogs\",\"bail\",\"framework\",\"reporters\",\"services\",\"maxInstances\",\"maxInstancesPerCapability\",\"injectGlobals\",\"filesToWatch\",\"execArgv\",\"runnerEnv\",\"runner\",\"shard\",\"specFileRetries\",\"specFileRetriesDelay\",\"specFileRetriesDeferred\",\"reporterSyncInterval\",\"reporterSyncTimeout\",\"cucumberFeaturesWithLineNumbers\",\"autoCompileOpts\",\"mochaOpts\",\"jasmineOpts\",\"cucumberOpts\",\"onPrepare\",\"onWorkerStart\",\"onWorkerEnd\",\"before\",\"beforeSession\",\"beforeSuite\",\"beforeHook\",\"beforeTest\",\"afterTest\",\"afterHook\",\"afterSuite\",\"afterSession\",\"after\",\"onComplete\",\"beforeAssertion\",\"afterAssertion\",\"beforeFeature\",\"beforeScenario\",\"beforeStep\",\"afterStep\",\"afterScenario\",\"afterFeature\",\"_\",\"suite\",\"$0\",\"ignoredWorkerServices\",\"wdi5\"]"}]}
COMMAND: POST /session/62c6c4e2516ebe3f1de2f3a3d288490f/execute/async - {"script":"<script> [21126 bytes]","args":[35000]}
RESULT: {"script":"<script> [21126 bytes]","args":[35000]}
COMMAND: POST /session/62c6c4e2516ebe3f1de2f3a3d288490f/element - {"using":"css selector","value":"#shell-header-logo"}
RESULT: {"using":"css selector","value":"#shell-header-logo"}
COMMAND: POST /session/62c6c4e2516ebe3f1de2f3a3d288490f/element/f.E4C2DC6123E2A493099A271DC72A1D12.d.33F95C24B47B70D9D64C665DE4F885DE.e.464/click - {}
RESULT: {}
COMMAND: GET /session/62c6c4e2516ebe3f1de2f3a3d288490f/screenshot - {}
RESULT: {}
COMMAND: POST /session/62c6c4e2516ebe3f1de2f3a3d288490f/execute/async - {"script":"<script> [1562 bytes]","args":[{"selector":{"controlType":"sap.m.GenericTile","properties":{"header":"Manage Yards"}},"wdio_ui5_key":"sapm.GenericTile{\"header\":\"Manage Yards\"}"}]}
RESULT: {"script":"<script> [1562 bytes]","args":[{"selector":{"controlType":"sap.m.GenericTile","properties":{"header":"Manage Yards"}},"wdio_ui5_key":"sapm.GenericTile{\"header\":\"Manage Yards\"}"}]}
RESULT: undefined
COMMAND: POST /session/62c6c4e2516ebe3f1de2f3a3d288490f/element - {"using":"xpath","value":"//*[@id=\"__tile52\"]"}
RESULT: {"using":"xpath","value":"//*[@id=\"__tile52\"]"}
COMMAND: POST /session/62c6c4e2516ebe3f1de2f3a3d288490f/element/f.E4C2DC6123E2A493099A271DC72A1D12.d.33F95C24B47B70D9D64C665DE4F885DE.e.755/click - {}
RESULT: {}
COMMAND: GET /session/62c6c4e2516ebe3f1de2f3a3d288490f/screenshot - {}
RESULT: {}
COMMAND: POST /session/62c6c4e2516ebe3f1de2f3a3d288490f/elements - {"using":"xpath","value":"//span[text()='Error']"}
RESULT: {"using":"xpath","value":"//span[text()='Error']"}
]]></system-out>
    </testcase>
  </testsuite>
  <testsuite timestamp="2025-05-16T05:42:36" time="260.088" tests="2" failures="0" errors="0" skipped="0">
    <properties>
      <property name="specId" value="0" />
      <property name="suiteName" value="Create 2 Yards US112496" />
      <property name="capabilities" value="chrome.136_0_7103_93.windows" />
      <property name="file" value="file:///D:/a/1/s/test/specs/R2C/create-yard.spec.js" />
    </properties>
    <testcase classname="chrome.136_0_7103_93.windows.Create_2_Yards_US112496" name="Should create a new simple yard" time="126.09">
      <system-out><![CDATA[
COMMAND: POST /session/62c6c4e2516ebe3f1de2f3a3d288490f/execute/async - {"script":"<script> [1562 bytes]","args":[{"selector":{"controlType":"sap.ui.core.Icon","viewName":"etm.portal.ui.manageyards.view.Master","viewId":"application-manageyards-display-component---masterYard","properties":{"src":{"regex":{"source":"add"}}}},"wdio_ui5_key":"etmportal.ui.manageyards.view.Mastersap.ui.core.Icon{\"src\":{\"regex\":{\"source\":\"add\"}}}"}]}
RESULT: {"script":"<script> [1562 bytes]","args":[{"selector":{"controlType":"sap.ui.core.Icon","viewName":"etm.portal.ui.manageyards.view.Master","viewId":"application-manageyards-display-component---masterYard","properties":{"src":{"regex":{"source":"add"}}}},"wdio_ui5_key":"etmportal.ui.manageyards.view.Mastersap.ui.core.Icon{\"src\":{\"regex\":{\"source\":\"add\"}}}"}]}
RESULT: undefined
COMMAND: POST /session/62c6c4e2516ebe3f1de2f3a3d288490f/element - {"using":"xpath","value":"//*[@id=\"__button23-img\"]"}
RESULT: {"using":"xpath","value":"//*[@id=\"__button23-img\"]"}
COMMAND: POST /session/62c6c4e2516ebe3f1de2f3a3d288490f/element/f.E4C2DC6123E2A493099A271DC72A1D12.d.33F95C24B47B70D9D64C665DE4F885DE.e.802/click - {}
RESULT: {}
COMMAND: GET /session/62c6c4e2516ebe3f1de2f3a3d288490f/screenshot - {}
RESULT: {}
COMMAND: POST /session/62c6c4e2516ebe3f1de2f3a3d288490f/execute/async - {"script":"<script> [1562 bytes]","args":[{"selector":{"id":"application-manageyards-display-component---NewYard--yardId","interaction":{"idSuffix":"inner"}},"wdio_ui5_key":"applicationmanageyards-display-component---NewYard--yardId"}]}
RESULT: {"script":"<script> [1562 bytes]","args":[{"selector":{"id":"application-manageyards-display-component---NewYard--yardId","interaction":{"idSuffix":"inner"}},"wdio_ui5_key":"applicationmanageyards-display-component---NewYard--yardId"}]}
RESULT: undefined
COMMAND: POST /session/62c6c4e2516ebe3f1de2f3a3d288490f/element - {"using":"xpath","value":"//*[@id=\"application-manageyards-display-component---NewYard--addressDetailDetailsName1-inner\"]"}
RESULT: {"using":"xpath","value":"//*[@id=\"application-manageyards-display-component---NewYard--addressDetailDetailsName1-inner\"]"}
COMMAND: POST /session/62c6c4e2516ebe3f1de2f3a3d288490f/element/f.E4C2DC6123E2A493099A271DC72A1D12.d.33F95C24B47B70D9D64C665DE4F885DE.e.1225/clear - {}
RESULT: {}
COMMAND: POST /session/62c6c4e2516ebe3f1de2f3a3d288490f/element/f.E4C2DC6123E2A493099A271DC72A1D12.d.33F95C24B47B70D9D64C665DE4F885DE.e.1225/value - {"text":"Webdriver Yard gwdfd"}
COMMAND: GET /session/62c6c4e2516ebe3f1de2f3a3d288490f/screenshot - {}
RESULT: {"text":"Webdriver Yard gwdfd"}
COMMAND: POST /session/62c6c4e2516ebe3f1de2f3a3d288490f/element - {"using":"xpath","value":"//*[@id=\"application-manageyards-display-component---NewYard--addressDetailDetailsLanguage-inner\"]"}
COMMAND: GET /session/62c6c4e2516ebe3f1de2f3a3d288490f/screenshot - {}
RESULT: {}
RESULT: {"using":"xpath","value":"//*[@id=\"application-manageyards-display-component---NewYard--addressDetailDetailsLanguage-inner\"]"}
COMMAND: POST /session/62c6c4e2516ebe3f1de2f3a3d288490f/element/f.E4C2DC6123E2A493099A271DC72A1D12.d.33F95C24B47B70D9D64C665DE4F885DE.e.1226/clear - {}
RESULT: {}
RESULT: {}
COMMAND: POST /session/62c6c4e2516ebe3f1de2f3a3d288490f/element/f.E4C2DC6123E2A493099A271DC72A1D12.d.33F95C24B47B70D9D64C665DE4F885DE.e.1226/value - {"text":"Romanian"}
COMMAND: GET /session/62c6c4e2516ebe3f1de2f3a3d288490f/screenshot - {}
RESULT: {"text":"Romanian"}
COMMAND: GET /session/62c6c4e2516ebe3f1de2f3a3d288490f/screenshot - {}
RESULT: {}
RESULT: {}
COMMAND: POST /session/62c6c4e2516ebe3f1de2f3a3d288490f/element - {"using":"xpath","value":"//*[@id=\"application-manageyards-display-component---NewYard--addressDetailDetailsCity1-inner\"]"}
RESULT: {"using":"xpath","value":"//*[@id=\"application-manageyards-display-component---NewYard--addressDetailDetailsCity1-inner\"]"}
COMMAND: POST /session/62c6c4e2516ebe3f1de2f3a3d288490f/element/f.E4C2DC6123E2A493099A271DC72A1D12.d.33F95C24B47B70D9D64C665DE4F885DE.e.1228/clear - {}
RESULT: {}
COMMAND: POST /session/62c6c4e2516ebe3f1de2f3a3d288490f/element/f.E4C2DC6123E2A493099A271DC72A1D12.d.33F95C24B47B70D9D64C665DE4F885DE.e.1228/value - {"text":"Bucuresti"}
COMMAND: GET /session/62c6c4e2516ebe3f1de2f3a3d288490f/screenshot - {}
RESULT: {"text":"Bucuresti"}
COMMAND: GET /session/62c6c4e2516ebe3f1de2f3a3d288490f/screenshot - {}
RESULT: {}
RESULT: {}
COMMAND: POST /session/62c6c4e2516ebe3f1de2f3a3d288490f/element - {"using":"xpath","value":"//*[@id=\"application-manageyards-display-component---NewYard--addressDetailDetailsCountry-inner\"]"}
RESULT: {"using":"xpath","value":"//*[@id=\"application-manageyards-display-component---NewYard--addressDetailDetailsCountry-inner\"]"}
COMMAND: POST /session/62c6c4e2516ebe3f1de2f3a3d288490f/element/f.E4C2DC6123E2A493099A271DC72A1D12.d.33F95C24B47B70D9D64C665DE4F885DE.e.1232/clear - {}
RESULT: {}
COMMAND: POST /session/62c6c4e2516ebe3f1de2f3a3d288490f/element/f.E4C2DC6123E2A493099A271DC72A1D12.d.33F95C24B47B70D9D64C665DE4F885DE.e.1232/value - {"text":"Romania"}
COMMAND: GET /session/62c6c4e2516ebe3f1de2f3a3d288490f/screenshot - {}
RESULT: {"text":"Romania"}
COMMAND: GET /session/62c6c4e2516ebe3f1de2f3a3d288490f/screenshot - {}
RESULT: {}
RESULT: {}
COMMAND: POST /session/62c6c4e2516ebe3f1de2f3a3d288490f/element - {"using":"xpath","value":"//div[contains(text(), \"Commercial\")]"}
RESULT: {"using":"xpath","value":"//div[contains(text(), \"Commercial\")]"}
COMMAND: GET /session/62c6c4e2516ebe3f1de2f3a3d288490f/element/f.E4C2DC6123E2A493099A271DC72A1D12.d.33F95C24B47B70D9D64C665DE4F885DE.e.1417/rect - {}
RESULT: {}
COMMAND: GET /session/62c6c4e2516ebe3f1de2f3a3d288490f/window/rect - {}
RESULT: {}
COMMAND: POST /session/62c6c4e2516ebe3f1de2f3a3d288490f/execute/sync - {"script":"<script> [92 bytes]","args":[]}
RESULT: {"script":"<script> [92 bytes]","args":[]}
COMMAND: POST /session/62c6c4e2516ebe3f1de2f3a3d288490f/actions - {"actions":[{"id":"action2","type":"wheel","parameters":{},"actions":[{"type":"scroll","x":-1825,"y":-44,"deltaX":0,"deltaY":0,"duration":0,"origin":{"element-6066-11e4-a52e-4f735466cecf":"f.E4C2DC6123E2A493099A271DC72A1D12.d.33F95C24B47B70D9D64C665DE4F885DE.e.1417"}}]}]}
COMMAND: GET /session/62c6c4e2516ebe3f1de2f3a3d288490f/screenshot - {}
RESULT: {}
COMMAND: POST /session/62c6c4e2516ebe3f1de2f3a3d288490f/execute/sync - {"script":"<script> [79 bytes]","args":[{"element-6066-11e4-a52e-4f735466cecf":"f.E4C2DC6123E2A493099A271DC72A1D12.d.33F95C24B47B70D9D64C665DE4F885DE.e.1417","ELEMENT":"f.E4C2DC6123E2A493099A271DC72A1D12.d.33F95C24B47B70D9D64C665DE4F885DE.e.1417"},{"block":"start","inline":"nearest"}]}
RESULT: {"script":"<script> [79 bytes]","args":[{"element-6066-11e4-a52e-4f735466cecf":"f.E4C2DC6123E2A493099A271DC72A1D12.d.33F95C24B47B70D9D64C665DE4F885DE.e.1417","ELEMENT":"f.E4C2DC6123E2A493099A271DC72A1D12.d.33F95C24B47B70D9D64C665DE4F885DE.e.1417"},{"block":"start","inline":"nearest"}]}
COMMAND: GET /session/62c6c4e2516ebe3f1de2f3a3d288490f/screenshot - {}
RESULT: {}
COMMAND: POST /session/62c6c4e2516ebe3f1de2f3a3d288490f/element - {"using":"xpath","value":"//input[@id='application-manageyards-display-component---NewYard--addressEditDetailsCostObjectCstType-inner']"}
RESULT: {"using":"xpath","value":"//input[@id='application-manageyards-display-component---NewYard--addressEditDetailsCostObjectCstType-inner']"}
COMMAND: POST /session/62c6c4e2516ebe3f1de2f3a3d288490f/execute/sync - {"script":"<script> [8489 bytes]","args":[{"element-6066-11e4-a52e-4f735466cecf":"f.E4C2DC6123E2A493099A271DC72A1D12.d.33F95C24B47B70D9D64C665DE4F885DE.e.1238","ELEMENT":"f.E4C2DC6123E2A493099A271DC72A1D12.d.33F95C24B47B70D9D64C665DE4F885DE.e.1238"}]}
RESULT: {"script":"<script> [8489 bytes]","args":[{"element-6066-11e4-a52e-4f735466cecf":"f.E4C2DC6123E2A493099A271DC72A1D12.d.33F95C24B47B70D9D64C665DE4F885DE.e.1238","ELEMENT":"f.E4C2DC6123E2A493099A271DC72A1D12.d.33F95C24B47B70D9D64C665DE4F885DE.e.1238"}]}
COMMAND: POST /session/62c6c4e2516ebe3f1de2f3a3d288490f/element/f.E4C2DC6123E2A493099A271DC72A1D12.d.33F95C24B47B70D9D64C665DE4F885DE.e.1238/clear - {}
COMMAND: GET /session/62c6c4e2516ebe3f1de2f3a3d288490f/screenshot - {}
RESULT: {}
COMMAND: POST /session/62c6c4e2516ebe3f1de2f3a3d288490f/element/f.E4C2DC6123E2A493099A271DC72A1D12.d.33F95C24B47B70D9D64C665DE4F885DE.e.1238/value - {"text":"Cost"}
COMMAND: GET /session/62c6c4e2516ebe3f1de2f3a3d288490f/screenshot - {}
RESULT: {}
RESULT: {"text":"Cost"}
COMMAND: GET /session/62c6c4e2516ebe3f1de2f3a3d288490f/screenshot - {}
RESULT: {}
RESULT: {}
COMMAND: POST /session/62c6c4e2516ebe3f1de2f3a3d288490f/execute/async - {"script":"<script> [1562 bytes]","args":[{"selector":{"id":"application-manageyards-display-component---NewYard--addressNewCostObjectCstID","interaction":{"idSuffix":"inner"}},"wdio_ui5_key":"applicationmanageyards-display-component---NewYard--addressNewCostObjectCstID"}]}
RESULT: {"script":"<script> [1562 bytes]","args":[{"selector":{"id":"application-manageyards-display-component---NewYard--addressNewCostObjectCstID","interaction":{"idSuffix":"inner"}},"wdio_ui5_key":"applicationmanageyards-display-component---NewYard--addressNewCostObjectCstID"}]}
RESULT: undefined
COMMAND: POST /session/62c6c4e2516ebe3f1de2f3a3d288490f/execute/async - {"script":"<script> [776 bytes]","args":[{"enterText":"10001013","selector":{"id":"application-manageyards-display-component---NewYard--addressNewCostObjectCstID","interaction":{"idSuffix":"inner"}},"clearTextFirst":true,"interactionType":"ENTER_TEXT"}]}
RESULT: {"script":"<script> [776 bytes]","args":[{"enterText":"10001013","selector":{"id":"application-manageyards-display-component---NewYard--addressNewCostObjectCstID","interaction":{"idSuffix":"inner"}},"clearTextFirst":true,"interactionType":"ENTER_TEXT"}]}
COMMAND: POST /session/62c6c4e2516ebe3f1de2f3a3d288490f/actions - {"actions":[{"id":"action3","type":"key","parameters":{},"actions":[{"type":"keyDown","value":"î€‡"},{"type":"pause","duration":10},{"type":"keyUp","value":"î€‡"}]}]}
RESULT: {"actions":[{"id":"action3","type":"key","parameters":{},"actions":[{"type":"keyDown","value":"î€‡"},{"type":"pause","duration":10},{"type":"keyUp","value":"î€‡"}]}]}
COMMAND: GET /session/62c6c4e2516ebe3f1de2f3a3d288490f/screenshot - {}
RESULT: {}
COMMAND: POST /session/62c6c4e2516ebe3f1de2f3a3d288490f/execute/async - {"script":"<script> [1562 bytes]","args":[{"selector":{"controlType":"sap.m.Button","viewName":"etm.portal.ui.manageyards.view.New","viewId":"application-manageyards-display-component---NewYard","i18NText":{"propertyName":"text","key":"save"},"interaction":{"idSuffix":"inner"}},"wdio_ui5_key":"etmportal.ui.manageyards.view.Newsap.m.Button{\"propertyName\":\"text\",\"key\":\"save\"}"}]}
RESULT: {"script":"<script> [1562 bytes]","args":[{"selector":{"controlType":"sap.m.Button","viewName":"etm.portal.ui.manageyards.view.New","viewId":"application-manageyards-display-component---NewYard","i18NText":{"propertyName":"text","key":"save"},"interaction":{"idSuffix":"inner"}},"wdio_ui5_key":"etmportal.ui.manageyards.view.Newsap.m.Button{\"propertyName\":\"text\",\"key\":\"save\"}"}]}
RESULT: undefined
COMMAND: POST /session/62c6c4e2516ebe3f1de2f3a3d288490f/element - {"using":"xpath","value":"//*[@id=\"__button37\"]"}
RESULT: {"using":"xpath","value":"//*[@id=\"__button37\"]"}
COMMAND: POST /session/62c6c4e2516ebe3f1de2f3a3d288490f/element/f.E4C2DC6123E2A493099A271DC72A1D12.d.33F95C24B47B70D9D64C665DE4F885DE.e.1370/click - {}
RESULT: {}
COMMAND: GET /session/62c6c4e2516ebe3f1de2f3a3d288490f/screenshot - {}
RESULT: {}
COMMAND: POST /session/62c6c4e2516ebe3f1de2f3a3d288490f/element - {"using":"xpath","value":"//header/div/div/div/div/div/div[2]/div/span"}
RESULT: {"using":"xpath","value":"//header/div/div/div/div/div/div[2]/div/span"}
COMMAND: GET /session/62c6c4e2516ebe3f1de2f3a3d288490f/element/f.E4C2DC6123E2A493099A271DC72A1D12.d.33F95C24B47B70D9D64C665DE4F885DE.e.1637/text - {}
RESULT: {}
COMMAND: POST /session/62c6c4e2516ebe3f1de2f3a3d288490f/element - {"using":"xpath","value":"//header/div/div[2]/div[2]/span"}
RESULT: {"using":"xpath","value":"//header/div/div[2]/div[2]/span"}
COMMAND: GET /session/62c6c4e2516ebe3f1de2f3a3d288490f/element/f.E4C2DC6123E2A493099A271DC72A1D12.d.33F95C24B47B70D9D64C665DE4F885DE.e.1639/text - {}
RESULT: {}
COMMAND: POST /session/62c6c4e2516ebe3f1de2f3a3d288490f/execute/async - {"script":"<script> [1562 bytes]","args":[{"selector":{"controlType":"sap.m.OverflowToolbarButton","viewName":"etm.portal.ui.manageyards.view.Detail","viewId":"application-manageyards-display-component---detailYard","i18NText":{"propertyName":"tooltip","key":"closeColumn"},"interaction":{"idSuffix":"inner"}},"wdio_ui5_key":"etmportal.ui.manageyards.view.Detailsap.m.OverflowToolbarButton{\"propertyName\":\"tooltip\",\"key\":\"closeColumn\"}"}]}
RESULT: {"script":"<script> [1562 bytes]","args":[{"selector":{"controlType":"sap.m.OverflowToolbarButton","viewName":"etm.portal.ui.manageyards.view.Detail","viewId":"application-manageyards-display-component---detailYard","i18NText":{"propertyName":"tooltip","key":"closeColumn"},"interaction":{"idSuffix":"inner"}},"wdio_ui5_key":"etmportal.ui.manageyards.view.Detailsap.m.OverflowToolbarButton{\"propertyName\":\"tooltip\",\"key\":\"closeColumn\"}"}]}
RESULT: undefined
COMMAND: POST /session/62c6c4e2516ebe3f1de2f3a3d288490f/element - {"using":"xpath","value":"//*[@id=\"__button58\"]"}
RESULT: {"using":"xpath","value":"//*[@id=\"__button58\"]"}
COMMAND: POST /session/62c6c4e2516ebe3f1de2f3a3d288490f/element/f.E4C2DC6123E2A493099A271DC72A1D12.d.33F95C24B47B70D9D64C665DE4F885DE.e.1641/click - {}
RESULT: {}
COMMAND: POST /session/62c6c4e2516ebe3f1de2f3a3d288490f/refresh - {}
COMMAND: GET /session/62c6c4e2516ebe3f1de2f3a3d288490f/screenshot - {}
RESULT: {}
COMMAND: GET /session/62c6c4e2516ebe3f1de2f3a3d288490f/screenshot - {}
RESULT: {}
RESULT: {}
COMMAND: POST /session/62c6c4e2516ebe3f1de2f3a3d288490f/refresh - {}
RESULT: {}
COMMAND: GET /session/62c6c4e2516ebe3f1de2f3a3d288490f/screenshot - {}
RESULT: {}
COMMAND: POST /session/62c6c4e2516ebe3f1de2f3a3d288490f/window/fullscreen - {}
RESULT: {}
COMMAND: POST /session/62c6c4e2516ebe3f1de2f3a3d288490f/execute/async - {"script":"<script> [189 bytes]","args":[]}
RESULT: {"script":"<script> [189 bytes]","args":[]}
COMMAND: POST /session/62c6c4e2516ebe3f1de2f3a3d288490f/execute/async - {"script":"<script> [123 bytes]","args":[]}
RESULT: {"script":"<script> [123 bytes]","args":[]}
COMMAND: POST /session/62c6c4e2516ebe3f1de2f3a3d288490f/timeouts - {"script":"<number>"}
RESULT: {"script":"<number>"}
COMMAND: GET /session/62c6c4e2516ebe3f1de2f3a3d288490f/timeouts - {}
RESULT: {}
RESULT: undefined
COMMAND: POST /session/62c6c4e2516ebe3f1de2f3a3d288490f/execute/async - {"script":"<script> [2676 bytes]","args":[]}
RESULT: {"script":"<script> [2676 bytes]","args":[]}
COMMAND: POST /session/62c6c4e2516ebe3f1de2f3a3d288490f/execute/async - {"script":"<script> [2342 bytes]","args":[{"protocol":"http","hostname":"0.0.0.0","path":"/","capabilities":{"browserName":"chrome","goog:chromeOptions":{"binary":"C:\\Program Files\\Google\\Chrome\\Application\\chrome.exe","args":["--start-maximized"]}},"logLevel":"warn","connectionRetryTimeout":120000,"connectionRetryCount":3,"logLevels":{},"enableDirectConnect":true,"strictSSL":true,"_":"65 more keys: [\"cacheDir\",\"port\",\"requestedCapabilities\",\"automationProtocol\",\"baseUrl\",\"waitforInterval\",\"waitforTimeout\",\"onReload\",\"beforeCommand\",\"afterCommand\",\"rootDir\",\"specs\",\"suites\",\"exclude\",\"groupLogsByTestSpec\",\"excludeDriverLogs\",\"bail\",\"framework\",\"reporters\",\"services\",\"maxInstances\",\"maxInstancesPerCapability\",\"injectGlobals\",\"filesToWatch\",\"execArgv\",\"runnerEnv\",\"runner\",\"shard\",\"specFileRetries\",\"specFileRetriesDelay\",\"specFileRetriesDeferred\",\"reporterSyncInterval\",\"reporterSyncTimeout\",\"cucumberFeaturesWithLineNumbers\",\"autoCompileOpts\",\"mochaOpts\",\"jasmineOpts\",\"cucumberOpts\",\"onPrepare\",\"onWorkerStart\",\"onWorkerEnd\",\"before\",\"beforeSession\",\"beforeSuite\",\"beforeHook\",\"beforeTest\",\"afterTest\",\"afterHook\",\"afterSuite\",\"afterSession\",\"after\",\"onComplete\",\"beforeAssertion\",\"afterAssertion\",\"beforeFeature\",\"beforeScenario\",\"beforeStep\",\"afterStep\",\"afterScenario\",\"afterFeature\",\"_\",\"suite\",\"$0\",\"ignoredWorkerServices\",\"wdi5\"]"}]}
RESULT: {"script":"<script> [2342 bytes]","args":[{"protocol":"http","hostname":"0.0.0.0","path":"/","capabilities":{"browserName":"chrome","goog:chromeOptions":{"binary":"C:\\Program Files\\Google\\Chrome\\Application\\chrome.exe","args":["--start-maximized"]}},"logLevel":"warn","connectionRetryTimeout":120000,"connectionRetryCount":3,"logLevels":{},"enableDirectConnect":true,"strictSSL":true,"_":"65 more keys: [\"cacheDir\",\"port\",\"requestedCapabilities\",\"automationProtocol\",\"baseUrl\",\"waitforInterval\",\"waitforTimeout\",\"onReload\",\"beforeCommand\",\"afterCommand\",\"rootDir\",\"specs\",\"suites\",\"exclude\",\"groupLogsByTestSpec\",\"excludeDriverLogs\",\"bail\",\"framework\",\"reporters\",\"services\",\"maxInstances\",\"maxInstancesPerCapability\",\"injectGlobals\",\"filesToWatch\",\"execArgv\",\"runnerEnv\",\"runner\",\"shard\",\"specFileRetries\",\"specFileRetriesDelay\",\"specFileRetriesDeferred\",\"reporterSyncInterval\",\"reporterSyncTimeout\",\"cucumberFeaturesWithLineNumbers\",\"autoCompileOpts\",\"mochaOpts\",\"jasmineOpts\",\"cucumberOpts\",\"onPrepare\",\"onWorkerStart\",\"onWorkerEnd\",\"before\",\"beforeSession\",\"beforeSuite\",\"beforeHook\",\"beforeTest\",\"afterTest\",\"afterHook\",\"afterSuite\",\"afterSession\",\"after\",\"onComplete\",\"beforeAssertion\",\"afterAssertion\",\"beforeFeature\",\"beforeScenario\",\"beforeStep\",\"afterStep\",\"afterScenario\",\"afterFeature\",\"_\",\"suite\",\"$0\",\"ignoredWorkerServices\",\"wdi5\"]"}]}
COMMAND: POST /session/62c6c4e2516ebe3f1de2f3a3d288490f/execute/async - {"script":"<script> [21126 bytes]","args":[35000]}
RESULT: {"script":"<script> [21126 bytes]","args":[35000]}
]]></system-out>
    </testcase>
    <testcase classname="chrome.136_0_7103_93.windows.Create_2_Yards_US112496" name="Should create a WHM yard" time="69.242">
      <system-out><![CDATA[
COMMAND: POST /session/62c6c4e2516ebe3f1de2f3a3d288490f/execute/async - {"script":"<script> [1562 bytes]","args":[{"selector":{"controlType":"sap.ui.core.Icon","viewName":"etm.portal.ui.manageyards.view.Master","viewId":"application-manageyards-display-component---masterYard","properties":{"src":{"regex":{"source":"add"}}}},"wdio_ui5_key":"etmportal.ui.manageyards.view.Mastersap.ui.core.Icon{\"src\":{\"regex\":{\"source\":\"add\"}}}"}]}
RESULT: {"script":"<script> [1562 bytes]","args":[{"selector":{"controlType":"sap.ui.core.Icon","viewName":"etm.portal.ui.manageyards.view.Master","viewId":"application-manageyards-display-component---masterYard","properties":{"src":{"regex":{"source":"add"}}}},"wdio_ui5_key":"etmportal.ui.manageyards.view.Mastersap.ui.core.Icon{\"src\":{\"regex\":{\"source\":\"add\"}}}"}]}
RESULT: undefined
COMMAND: POST /session/62c6c4e2516ebe3f1de2f3a3d288490f/element - {"using":"xpath","value":"//*[@id=\"__button9-img\"]"}
RESULT: {"using":"xpath","value":"//*[@id=\"__button9-img\"]"}
COMMAND: POST /session/62c6c4e2516ebe3f1de2f3a3d288490f/element/f.E4C2DC6123E2A493099A271DC72A1D12.d.38864720BC0A13DC0CC78825237FD889.e.1761/click - {}
RESULT: {}
COMMAND: GET /session/62c6c4e2516ebe3f1de2f3a3d288490f/screenshot - {}
RESULT: {}
COMMAND: POST /session/62c6c4e2516ebe3f1de2f3a3d288490f/execute/async - {"script":"<script> [1562 bytes]","args":[{"selector":{"id":"application-manageyards-display-component---NewYard--yardId","interaction":{"idSuffix":"inner"}},"wdio_ui5_key":"applicationmanageyards-display-component---NewYard--yardId"}]}
RESULT: {"script":"<script> [1562 bytes]","args":[{"selector":{"id":"application-manageyards-display-component---NewYard--yardId","interaction":{"idSuffix":"inner"}},"wdio_ui5_key":"applicationmanageyards-display-component---NewYard--yardId"}]}
RESULT: undefined
COMMAND: POST /session/62c6c4e2516ebe3f1de2f3a3d288490f/element - {"using":"xpath","value":"//*[@id=\"application-manageyards-display-component---NewYard--addressDetailDetailsName1-inner\"]"}
RESULT: {"using":"xpath","value":"//*[@id=\"application-manageyards-display-component---NewYard--addressDetailDetailsName1-inner\"]"}
COMMAND: POST /session/62c6c4e2516ebe3f1de2f3a3d288490f/element/f.E4C2DC6123E2A493099A271DC72A1D12.d.38864720BC0A13DC0CC78825237FD889.e.1906/clear - {}
RESULT: {}
COMMAND: POST /session/62c6c4e2516ebe3f1de2f3a3d288490f/element/f.E4C2DC6123E2A493099A271DC72A1D12.d.38864720BC0A13DC0CC78825237FD889.e.1906/value - {"text":"Webdriver WHM Yard hvkw3h"}
COMMAND: GET /session/62c6c4e2516ebe3f1de2f3a3d288490f/screenshot - {}
RESULT: {"text":"Webdriver WHM Yard hvkw3h"}
COMMAND: POST /session/62c6c4e2516ebe3f1de2f3a3d288490f/element - {"using":"xpath","value":"//*[@id=\"application-manageyards-display-component---NewYard--addressDetailDetailsLanguage-inner\"]"}
COMMAND: GET /session/62c6c4e2516ebe3f1de2f3a3d288490f/screenshot - {}
RESULT: {}
RESULT: {"using":"xpath","value":"//*[@id=\"application-manageyards-display-component---NewYard--addressDetailDetailsLanguage-inner\"]"}
COMMAND: POST /session/62c6c4e2516ebe3f1de2f3a3d288490f/element/f.E4C2DC6123E2A493099A271DC72A1D12.d.38864720BC0A13DC0CC78825237FD889.e.1907/clear - {}
RESULT: {}
RESULT: {}
COMMAND: POST /session/62c6c4e2516ebe3f1de2f3a3d288490f/element/f.E4C2DC6123E2A493099A271DC72A1D12.d.38864720BC0A13DC0CC78825237FD889.e.1907/value - {"text":"Romanian"}
COMMAND: GET /session/62c6c4e2516ebe3f1de2f3a3d288490f/screenshot - {}
RESULT: {"text":"Romanian"}
COMMAND: GET /session/62c6c4e2516ebe3f1de2f3a3d288490f/screenshot - {}
RESULT: {}
RESULT: {}
COMMAND: POST /session/62c6c4e2516ebe3f1de2f3a3d288490f/element - {"using":"xpath","value":"//*[@id=\"application-manageyards-display-component---NewYard--addressDetailDetailsCity1-inner\"]"}
RESULT: {"using":"xpath","value":"//*[@id=\"application-manageyards-display-component---NewYard--addressDetailDetailsCity1-inner\"]"}
COMMAND: POST /session/62c6c4e2516ebe3f1de2f3a3d288490f/element/f.E4C2DC6123E2A493099A271DC72A1D12.d.38864720BC0A13DC0CC78825237FD889.e.1909/clear - {}
RESULT: {}
COMMAND: POST /session/62c6c4e2516ebe3f1de2f3a3d288490f/element/f.E4C2DC6123E2A493099A271DC72A1D12.d.38864720BC0A13DC0CC78825237FD889.e.1909/value - {"text":"Bucuresti"}
COMMAND: GET /session/62c6c4e2516ebe3f1de2f3a3d288490f/screenshot - {}
RESULT: {"text":"Bucuresti"}
COMMAND: GET /session/62c6c4e2516ebe3f1de2f3a3d288490f/screenshot - {}
RESULT: {}
RESULT: {}
COMMAND: POST /session/62c6c4e2516ebe3f1de2f3a3d288490f/element - {"using":"xpath","value":"//*[@id=\"application-manageyards-display-component---NewYard--addressDetailDetailsCountry-inner\"]"}
RESULT: {"using":"xpath","value":"//*[@id=\"application-manageyards-display-component---NewYard--addressDetailDetailsCountry-inner\"]"}
COMMAND: POST /session/62c6c4e2516ebe3f1de2f3a3d288490f/element/f.E4C2DC6123E2A493099A271DC72A1D12.d.38864720BC0A13DC0CC78825237FD889.e.1913/clear - {}
RESULT: {}
COMMAND: POST /session/62c6c4e2516ebe3f1de2f3a3d288490f/element/f.E4C2DC6123E2A493099A271DC72A1D12.d.38864720BC0A13DC0CC78825237FD889.e.1913/value - {"text":"Romania"}
COMMAND: GET /session/62c6c4e2516ebe3f1de2f3a3d288490f/screenshot - {}
RESULT: {"text":"Romania"}
COMMAND: GET /session/62c6c4e2516ebe3f1de2f3a3d288490f/screenshot - {}
RESULT: {}
RESULT: {}
COMMAND: POST /session/62c6c4e2516ebe3f1de2f3a3d288490f/execute/async - {"script":"<script> [1562 bytes]","args":[{"selector":{"controlType":"sap.m.Button","viewName":"etm.portal.ui.manageyards.view.New","viewId":"application-manageyards-display-component---NewYard","properties":{"text":"Commercial"},"interaction":{"idSuffix":"BDI-content"}},"wdio_ui5_key":"etmportal.ui.manageyards.view.Newsap.m.Button{\"text\":\"Commercial\"}"}]}
RESULT: {"script":"<script> [1562 bytes]","args":[{"selector":{"controlType":"sap.m.Button","viewName":"etm.portal.ui.manageyards.view.New","viewId":"application-manageyards-display-component---NewYard","properties":{"text":"Commercial"},"interaction":{"idSuffix":"BDI-content"}},"wdio_ui5_key":"etmportal.ui.manageyards.view.Newsap.m.Button{\"text\":\"Commercial\"}"}]}
RESULT: undefined
COMMAND: POST /session/62c6c4e2516ebe3f1de2f3a3d288490f/element - {"using":"xpath","value":"//*[@id=\"application-manageyards-display-component---NewYard--ObjectPageLayout-anchBar-__section17-anchor\"]"}
RESULT: {"using":"xpath","value":"//*[@id=\"application-manageyards-display-component---NewYard--ObjectPageLayout-anchBar-__section17-anchor\"]"}
COMMAND: POST /session/62c6c4e2516ebe3f1de2f3a3d288490f/element/f.E4C2DC6123E2A493099A271DC72A1D12.d.38864720BC0A13DC0CC78825237FD889.e.2056/click - {}
RESULT: {}
COMMAND: GET /session/62c6c4e2516ebe3f1de2f3a3d288490f/screenshot - {}
RESULT: {}
COMMAND: POST /session/62c6c4e2516ebe3f1de2f3a3d288490f/element - {"using":"xpath","value":"//input[@id='application-manageyards-display-component---NewYard--addressEditDetailsCostObjectCstType-inner']"}
RESULT: {"using":"xpath","value":"//input[@id='application-manageyards-display-component---NewYard--addressEditDetailsCostObjectCstType-inner']"}
COMMAND: POST /session/62c6c4e2516ebe3f1de2f3a3d288490f/execute/sync - {"script":"<script> [8489 bytes]","args":[{"element-6066-11e4-a52e-4f735466cecf":"f.E4C2DC6123E2A493099A271DC72A1D12.d.38864720BC0A13DC0CC78825237FD889.e.1919","ELEMENT":"f.E4C2DC6123E2A493099A271DC72A1D12.d.38864720BC0A13DC0CC78825237FD889.e.1919"}]}
RESULT: {"script":"<script> [8489 bytes]","args":[{"element-6066-11e4-a52e-4f735466cecf":"f.E4C2DC6123E2A493099A271DC72A1D12.d.38864720BC0A13DC0CC78825237FD889.e.1919","ELEMENT":"f.E4C2DC6123E2A493099A271DC72A1D12.d.38864720BC0A13DC0CC78825237FD889.e.1919"}]}
COMMAND: POST /session/62c6c4e2516ebe3f1de2f3a3d288490f/element/f.E4C2DC6123E2A493099A271DC72A1D12.d.38864720BC0A13DC0CC78825237FD889.e.1919/clear - {}
COMMAND: GET /session/62c6c4e2516ebe3f1de2f3a3d288490f/screenshot - {}
RESULT: {}
COMMAND: POST /session/62c6c4e2516ebe3f1de2f3a3d288490f/element/f.E4C2DC6123E2A493099A271DC72A1D12.d.38864720BC0A13DC0CC78825237FD889.e.1919/value - {"text":"Cost"}
COMMAND: GET /session/62c6c4e2516ebe3f1de2f3a3d288490f/screenshot - {}
RESULT: {}
RESULT: {"text":"Cost"}
COMMAND: GET /session/62c6c4e2516ebe3f1de2f3a3d288490f/screenshot - {}
RESULT: {}
RESULT: {}
COMMAND: POST /session/62c6c4e2516ebe3f1de2f3a3d288490f/execute/async - {"script":"<script> [1562 bytes]","args":[{"selector":{"id":"application-manageyards-display-component---NewYard--addressNewCostObjectCstID","interaction":{"idSuffix":"inner"}},"wdio_ui5_key":"applicationmanageyards-display-component---NewYard--addressNewCostObjectCstID"}]}
RESULT: {"script":"<script> [1562 bytes]","args":[{"selector":{"id":"application-manageyards-display-component---NewYard--addressNewCostObjectCstID","interaction":{"idSuffix":"inner"}},"wdio_ui5_key":"applicationmanageyards-display-component---NewYard--addressNewCostObjectCstID"}]}
RESULT: undefined
COMMAND: POST /session/62c6c4e2516ebe3f1de2f3a3d288490f/execute/async - {"script":"<script> [776 bytes]","args":[{"enterText":"10001013","selector":{"id":"application-manageyards-display-component---NewYard--addressNewCostObjectCstID","interaction":{"idSuffix":"inner"}},"clearTextFirst":true,"interactionType":"ENTER_TEXT"}]}
RESULT: {"script":"<script> [776 bytes]","args":[{"enterText":"10001013","selector":{"id":"application-manageyards-display-component---NewYard--addressNewCostObjectCstID","interaction":{"idSuffix":"inner"}},"clearTextFirst":true,"interactionType":"ENTER_TEXT"}]}
COMMAND: POST /session/62c6c4e2516ebe3f1de2f3a3d288490f/actions - {"actions":[{"id":"action4","type":"key","parameters":{},"actions":[{"type":"keyDown","value":"î€‡"},{"type":"pause","duration":10},{"type":"keyUp","value":"î€‡"}]}]}
RESULT: {"actions":[{"id":"action4","type":"key","parameters":{},"actions":[{"type":"keyDown","value":"î€‡"},{"type":"pause","duration":10},{"type":"keyUp","value":"î€‡"}]}]}
COMMAND: POST /session/62c6c4e2516ebe3f1de2f3a3d288490f/execute/async - {"script":"<script> [1562 bytes]","args":[{"selector":{"id":"application-manageyards-display-component---NewYard--addressEditDetailsCurrency","interaction":{"idSuffix":"inner"}},"wdio_ui5_key":"applicationmanageyards-display-component---NewYard--addressEditDetailsCurrency"}]}
COMMAND: GET /session/62c6c4e2516ebe3f1de2f3a3d288490f/screenshot - {}
RESULT: {"script":"<script> [1562 bytes]","args":[{"selector":{"id":"application-manageyards-display-component---NewYard--addressEditDetailsCurrency","interaction":{"idSuffix":"inner"}},"wdio_ui5_key":"applicationmanageyards-display-component---NewYard--addressEditDetailsCurrency"}]}
RESULT: undefined
COMMAND: POST /session/62c6c4e2516ebe3f1de2f3a3d288490f/execute/async - {"script":"<script> [776 bytes]","args":[{"enterText":"Euro","selector":{"id":"application-manageyards-display-component---NewYard--addressEditDetailsCurrency","interaction":{"idSuffix":"inner"}},"clearTextFirst":true,"interactionType":"ENTER_TEXT"}]}
RESULT: {}
RESULT: {"script":"<script> [776 bytes]","args":[{"enterText":"Euro","selector":{"id":"application-manageyards-display-component---NewYard--addressEditDetailsCurrency","interaction":{"idSuffix":"inner"}},"clearTextFirst":true,"interactionType":"ENTER_TEXT"}]}
COMMAND: POST /session/62c6c4e2516ebe3f1de2f3a3d288490f/execute/async - {"script":"<script> [1562 bytes]","args":[{"selector":{"controlType":"sap.m.Input","viewName":"etm.portal.ui.manageyards.view.New","viewId":"application-manageyards-display-component---NewYard","bindingPath":{"path":"","propertyPath":"/CONTROLLING_AREA","modelName":"NewYardModel"},"interaction":{"idSuffix":"inner"}},"wdio_ui5_key":"etmportal.ui.manageyards.view.Newsap.m.Input{\"path\":\"\",\"propertyPath\":\"/CONTROLLING_AREA\",\"modelName\":\"NewYardModel\"}"}]}
RESULT: {"script":"<script> [1562 bytes]","args":[{"selector":{"controlType":"sap.m.Input","viewName":"etm.portal.ui.manageyards.view.New","viewId":"application-manageyards-display-component---NewYard","bindingPath":{"path":"","propertyPath":"/CONTROLLING_AREA","modelName":"NewYardModel"},"interaction":{"idSuffix":"inner"}},"wdio_ui5_key":"etmportal.ui.manageyards.view.Newsap.m.Input{\"path\":\"\",\"propertyPath\":\"/CONTROLLING_AREA\",\"modelName\":\"NewYardModel\"}"}]}
RESULT: undefined
COMMAND: POST /session/62c6c4e2516ebe3f1de2f3a3d288490f/execute/async - {"script":"<script> [776 bytes]","args":[{"enterText":"Z001","selector":{"controlType":"sap.m.Input","viewName":"etm.portal.ui.manageyards.view.New","viewId":"application-manageyards-display-component---NewYard","bindingPath":{"path":"","propertyPath":"/CONTROLLING_AREA","modelName":"NewYardModel"},"interaction":{"idSuffix":"inner"}},"clearTextFirst":true,"interactionType":"ENTER_TEXT"}]}
RESULT: {"script":"<script> [776 bytes]","args":[{"enterText":"Z001","selector":{"controlType":"sap.m.Input","viewName":"etm.portal.ui.manageyards.view.New","viewId":"application-manageyards-display-component---NewYard","bindingPath":{"path":"","propertyPath":"/CONTROLLING_AREA","modelName":"NewYardModel"},"interaction":{"idSuffix":"inner"}},"clearTextFirst":true,"interactionType":"ENTER_TEXT"}]}
COMMAND: POST /session/62c6c4e2516ebe3f1de2f3a3d288490f/execute/async - {"script":"<script> [1562 bytes]","args":[{"selector":{"id":"application-manageyards-display-component---NewYard--companyCodeComboBox","interaction":{"idSuffix":"inner"}},"wdio_ui5_key":"applicationmanageyards-display-component---NewYard--companyCodeComboBox"}]}
RESULT: {"script":"<script> [1562 bytes]","args":[{"selector":{"id":"application-manageyards-display-component---NewYard--companyCodeComboBox","interaction":{"idSuffix":"inner"}},"wdio_ui5_key":"applicationmanageyards-display-component---NewYard--companyCodeComboBox"}]}
RESULT: undefined
COMMAND: POST /session/62c6c4e2516ebe3f1de2f3a3d288490f/execute/async - {"script":"<script> [776 bytes]","args":[{"enterText":"1000","selector":{"id":"application-manageyards-display-component---NewYard--companyCodeComboBox","interaction":{"idSuffix":"inner"}},"clearTextFirst":true,"interactionType":"ENTER_TEXT"}]}
RESULT: {"script":"<script> [776 bytes]","args":[{"enterText":"1000","selector":{"id":"application-manageyards-display-component---NewYard--companyCodeComboBox","interaction":{"idSuffix":"inner"}},"clearTextFirst":true,"interactionType":"ENTER_TEXT"}]}
COMMAND: POST /session/62c6c4e2516ebe3f1de2f3a3d288490f/actions - {"actions":[{"id":"action5","type":"key","parameters":{},"actions":[{"type":"keyDown","value":"î€‡"},{"type":"pause","duration":10},{"type":"keyUp","value":"î€‡"}]}]}
RESULT: {"actions":[{"id":"action5","type":"key","parameters":{},"actions":[{"type":"keyDown","value":"î€‡"},{"type":"pause","duration":10},{"type":"keyUp","value":"î€‡"}]}]}
COMMAND: POST /session/62c6c4e2516ebe3f1de2f3a3d288490f/execute/async - {"script":"<script> [1562 bytes]","args":[{"selector":{"controlType":"sap.m.Input","viewName":"etm.portal.ui.manageyards.view.New","viewId":"application-manageyards-display-component---NewYard","bindingPath":{"path":"","propertyPath":"/PLANT","modelName":"NewYardModel"},"interaction":{"idSuffix":"inner"}},"wdio_ui5_key":"etmportal.ui.manageyards.view.Newsap.m.Input{\"path\":\"\",\"propertyPath\":\"/PLANT\",\"modelName\":\"NewYardModel\"}"}]}
COMMAND: GET /session/62c6c4e2516ebe3f1de2f3a3d288490f/screenshot - {}
RESULT: {"script":"<script> [1562 bytes]","args":[{"selector":{"controlType":"sap.m.Input","viewName":"etm.portal.ui.manageyards.view.New","viewId":"application-manageyards-display-component---NewYard","bindingPath":{"path":"","propertyPath":"/PLANT","modelName":"NewYardModel"},"interaction":{"idSuffix":"inner"}},"wdio_ui5_key":"etmportal.ui.manageyards.view.Newsap.m.Input{\"path\":\"\",\"propertyPath\":\"/PLANT\",\"modelName\":\"NewYardModel\"}"}]}
RESULT: undefined
COMMAND: POST /session/62c6c4e2516ebe3f1de2f3a3d288490f/execute/async - {"script":"<script> [776 bytes]","args":[{"enterText":"1001","selector":{"controlType":"sap.m.Input","viewName":"etm.portal.ui.manageyards.view.New","viewId":"application-manageyards-display-component---NewYard","bindingPath":{"path":"","propertyPath":"/PLANT","modelName":"NewYardModel"},"interaction":{"idSuffix":"inner"}},"clearTextFirst":true,"interactionType":"ENTER_TEXT"}]}
RESULT: {}
RESULT: {"script":"<script> [776 bytes]","args":[{"enterText":"1001","selector":{"controlType":"sap.m.Input","viewName":"etm.portal.ui.manageyards.view.New","viewId":"application-manageyards-display-component---NewYard","bindingPath":{"path":"","propertyPath":"/PLANT","modelName":"NewYardModel"},"interaction":{"idSuffix":"inner"}},"clearTextFirst":true,"interactionType":"ENTER_TEXT"}]}
COMMAND: POST /session/62c6c4e2516ebe3f1de2f3a3d288490f/execute/async - {"script":"<script> [1562 bytes]","args":[{"selector":{"controlType":"sap.m.Input","viewName":"etm.portal.ui.manageyards.view.New","viewId":"application-manageyards-display-component---NewYard","bindingPath":{"path":"","propertyPath":"/SALES_AREA_VKORG","modelName":"NewYardModel"},"interaction":{"idSuffix":"inner"}},"wdio_ui5_key":"etmportal.ui.manageyards.view.Newsap.m.Input{\"path\":\"\",\"propertyPath\":\"/SALES_AREA_VKORG\",\"modelName\":\"NewYardModel\"}"}]}
RESULT: {"script":"<script> [1562 bytes]","args":[{"selector":{"controlType":"sap.m.Input","viewName":"etm.portal.ui.manageyards.view.New","viewId":"application-manageyards-display-component---NewYard","bindingPath":{"path":"","propertyPath":"/SALES_AREA_VKORG","modelName":"NewYardModel"},"interaction":{"idSuffix":"inner"}},"wdio_ui5_key":"etmportal.ui.manageyards.view.Newsap.m.Input{\"path\":\"\",\"propertyPath\":\"/SALES_AREA_VKORG\",\"modelName\":\"NewYardModel\"}"}]}
RESULT: undefined
COMMAND: POST /session/62c6c4e2516ebe3f1de2f3a3d288490f/execute/async - {"script":"<script> [776 bytes]","args":[{"enterText":"C002","selector":{"controlType":"sap.m.Input","viewName":"etm.portal.ui.manageyards.view.New","viewId":"application-manageyards-display-component---NewYard","bindingPath":{"path":"","propertyPath":"/SALES_AREA_VKORG","modelName":"NewYardModel"},"interaction":{"idSuffix":"inner"}},"clearTextFirst":true,"interactionType":"ENTER_TEXT"}]}
RESULT: {"script":"<script> [776 bytes]","args":[{"enterText":"C002","selector":{"controlType":"sap.m.Input","viewName":"etm.portal.ui.manageyards.view.New","viewId":"application-manageyards-display-component---NewYard","bindingPath":{"path":"","propertyPath":"/SALES_AREA_VKORG","modelName":"NewYardModel"},"interaction":{"idSuffix":"inner"}},"clearTextFirst":true,"interactionType":"ENTER_TEXT"}]}
COMMAND: POST /session/62c6c4e2516ebe3f1de2f3a3d288490f/execute/async - {"script":"<script> [1562 bytes]","args":[{"selector":{"controlType":"sap.m.Input","viewName":"etm.portal.ui.manageyards.view.New","viewId":"application-manageyards-display-component---NewYard","bindingPath":{"path":"","propertyPath":"/SALES_AREA_VTWEG","modelName":"NewYardModel"},"interaction":{"idSuffix":"inner"}},"wdio_ui5_key":"etmportal.ui.manageyards.view.Newsap.m.Input{\"path\":\"\",\"propertyPath\":\"/SALES_AREA_VTWEG\",\"modelName\":\"NewYardModel\"}"}]}
RESULT: {"script":"<script> [1562 bytes]","args":[{"selector":{"controlType":"sap.m.Input","viewName":"etm.portal.ui.manageyards.view.New","viewId":"application-manageyards-display-component---NewYard","bindingPath":{"path":"","propertyPath":"/SALES_AREA_VTWEG","modelName":"NewYardModel"},"interaction":{"idSuffix":"inner"}},"wdio_ui5_key":"etmportal.ui.manageyards.view.Newsap.m.Input{\"path\":\"\",\"propertyPath\":\"/SALES_AREA_VTWEG\",\"modelName\":\"NewYardModel\"}"}]}
RESULT: undefined
COMMAND: POST /session/62c6c4e2516ebe3f1de2f3a3d288490f/execute/async - {"script":"<script> [776 bytes]","args":[{"enterText":"C2","selector":{"controlType":"sap.m.Input","viewName":"etm.portal.ui.manageyards.view.New","viewId":"application-manageyards-display-component---NewYard","bindingPath":{"path":"","propertyPath":"/SALES_AREA_VTWEG","modelName":"NewYardModel"},"interaction":{"idSuffix":"inner"}},"clearTextFirst":true,"interactionType":"ENTER_TEXT"}]}
RESULT: {"script":"<script> [776 bytes]","args":[{"enterText":"C2","selector":{"controlType":"sap.m.Input","viewName":"etm.portal.ui.manageyards.view.New","viewId":"application-manageyards-display-component---NewYard","bindingPath":{"path":"","propertyPath":"/SALES_AREA_VTWEG","modelName":"NewYardModel"},"interaction":{"idSuffix":"inner"}},"clearTextFirst":true,"interactionType":"ENTER_TEXT"}]}
COMMAND: POST /session/62c6c4e2516ebe3f1de2f3a3d288490f/execute/async - {"script":"<script> [1562 bytes]","args":[{"selector":{"controlType":"sap.m.Input","viewName":"etm.portal.ui.manageyards.view.New","viewId":"application-manageyards-display-component---NewYard","bindingPath":{"path":"","propertyPath":"/SALES_AREA_SPART","modelName":"NewYardModel"},"interaction":{"idSuffix":"inner"}},"wdio_ui5_key":"etmportal.ui.manageyards.view.Newsap.m.Input{\"path\":\"\",\"propertyPath\":\"/SALES_AREA_SPART\",\"modelName\":\"NewYardModel\"}"}]}
RESULT: {"script":"<script> [1562 bytes]","args":[{"selector":{"controlType":"sap.m.Input","viewName":"etm.portal.ui.manageyards.view.New","viewId":"application-manageyards-display-component---NewYard","bindingPath":{"path":"","propertyPath":"/SALES_AREA_SPART","modelName":"NewYardModel"},"interaction":{"idSuffix":"inner"}},"wdio_ui5_key":"etmportal.ui.manageyards.view.Newsap.m.Input{\"path\":\"\",\"propertyPath\":\"/SALES_AREA_SPART\",\"modelName\":\"NewYardModel\"}"}]}
RESULT: undefined
COMMAND: POST /session/62c6c4e2516ebe3f1de2f3a3d288490f/execute/async - {"script":"<script> [776 bytes]","args":[{"enterText":"C2","selector":{"controlType":"sap.m.Input","viewName":"etm.portal.ui.manageyards.view.New","viewId":"application-manageyards-display-component---NewYard","bindingPath":{"path":"","propertyPath":"/SALES_AREA_SPART","modelName":"NewYardModel"},"interaction":{"idSuffix":"inner"}},"clearTextFirst":true,"interactionType":"ENTER_TEXT"}]}
RESULT: {"script":"<script> [776 bytes]","args":[{"enterText":"C2","selector":{"controlType":"sap.m.Input","viewName":"etm.portal.ui.manageyards.view.New","viewId":"application-manageyards-display-component---NewYard","bindingPath":{"path":"","propertyPath":"/SALES_AREA_SPART","modelName":"NewYardModel"},"interaction":{"idSuffix":"inner"}},"clearTextFirst":true,"interactionType":"ENTER_TEXT"}]}
COMMAND: POST /session/62c6c4e2516ebe3f1de2f3a3d288490f/execute/async - {"script":"<script> [1562 bytes]","args":[{"selector":{"id":"application-manageyards-display-component---NewYard--whmCheckBox","interaction":{"idSuffix":"CbBg"}},"wdio_ui5_key":"applicationmanageyards-display-component---NewYard--whmCheckBox"}]}
RESULT: {"script":"<script> [1562 bytes]","args":[{"selector":{"id":"application-manageyards-display-component---NewYard--whmCheckBox","interaction":{"idSuffix":"CbBg"}},"wdio_ui5_key":"applicationmanageyards-display-component---NewYard--whmCheckBox"}]}
RESULT: undefined
COMMAND: POST /session/62c6c4e2516ebe3f1de2f3a3d288490f/element - {"using":"xpath","value":"//*[@id=\"application-manageyards-display-component---NewYard--whmCheckBox\"]"}
RESULT: {"using":"xpath","value":"//*[@id=\"application-manageyards-display-component---NewYard--whmCheckBox\"]"}
COMMAND: POST /session/62c6c4e2516ebe3f1de2f3a3d288490f/element/f.E4C2DC6123E2A493099A271DC72A1D12.d.38864720BC0A13DC0CC78825237FD889.e.2087/click - {}
RESULT: {}
COMMAND: POST /session/62c6c4e2516ebe3f1de2f3a3d288490f/execute/async - {"script":"<script> [1562 bytes]","args":[{"selector":{"controlType":"sap.m.Button","viewName":"etm.portal.ui.manageyards.view.New","viewId":"application-manageyards-display-component---NewYard","i18NText":{"propertyName":"text","key":"save"},"interaction":{"idSuffix":"inner"}},"wdio_ui5_key":"etmportal.ui.manageyards.view.Newsap.m.Button{\"propertyName\":\"text\",\"key\":\"save\"}"}]}
COMMAND: GET /session/62c6c4e2516ebe3f1de2f3a3d288490f/screenshot - {}
RESULT: {"script":"<script> [1562 bytes]","args":[{"selector":{"controlType":"sap.m.Button","viewName":"etm.portal.ui.manageyards.view.New","viewId":"application-manageyards-display-component---NewYard","i18NText":{"propertyName":"text","key":"save"},"interaction":{"idSuffix":"inner"}},"wdio_ui5_key":"etmportal.ui.manageyards.view.Newsap.m.Button{\"propertyName\":\"text\",\"key\":\"save\"}"}]}
RESULT: undefined
COMMAND: POST /session/62c6c4e2516ebe3f1de2f3a3d288490f/element - {"using":"xpath","value":"//*[@id=\"__button41\"]"}
RESULT: {}
RESULT: {"using":"xpath","value":"//*[@id=\"__button41\"]"}
COMMAND: POST /session/62c6c4e2516ebe3f1de2f3a3d288490f/element/f.E4C2DC6123E2A493099A271DC72A1D12.d.38864720BC0A13DC0CC78825237FD889.e.2041/click - {}
RESULT: {}
COMMAND: GET /session/62c6c4e2516ebe3f1de2f3a3d288490f/screenshot - {}
RESULT: {}
COMMAND: POST /session/62c6c4e2516ebe3f1de2f3a3d288490f/element - {"using":"xpath","value":"//header/div/div/div/div/div/div[2]/div/span"}
RESULT: {"using":"xpath","value":"//header/div/div/div/div/div/div[2]/div/span"}
COMMAND: GET /session/62c6c4e2516ebe3f1de2f3a3d288490f/element/f.E4C2DC6123E2A493099A271DC72A1D12.d.38864720BC0A13DC0CC78825237FD889.e.2238/text - {}
RESULT: {}
COMMAND: POST /session/62c6c4e2516ebe3f1de2f3a3d288490f/element - {"using":"xpath","value":"//header/div/div[2]/div[2]/span"}
RESULT: {"using":"xpath","value":"//header/div/div[2]/div[2]/span"}
COMMAND: GET /session/62c6c4e2516ebe3f1de2f3a3d288490f/element/f.E4C2DC6123E2A493099A271DC72A1D12.d.38864720BC0A13DC0CC78825237FD889.e.2239/text - {}
RESULT: {}
COMMAND: POST /session/62c6c4e2516ebe3f1de2f3a3d288490f/element - {"using":"css selector","value":"#j_username"}
COMMAND: POST /session/62c6c4e2516ebe3f1de2f3a3d288490f/url - {"url":"https://qa-testing-00-live-etm-ui.cfapps.eu10-004.hana.ondemand.com/"}
RESULT: {"using":"css selector","value":"#j_username"}
COMMAND: POST /session/62c6c4e2516ebe3f1de2f3a3d288490f/element - {"using":"css selector","value":"#j_username"}
RESULT: {"url":"https://qa-testing-00-live-etm-ui.cfapps.eu10-004.hana.ondemand.com/"}
RESULT: undefined
COMMAND: GET /session/62c6c4e2516ebe3f1de2f3a3d288490f/screenshot - {}
RESULT: {"using":"css selector","value":"#j_username"}
COMMAND: POST /session/62c6c4e2516ebe3f1de2f3a3d288490f/element - {"using":"css selector","value":"#shell-header-logo"}
RESULT: {}
RESULT: {"using":"css selector","value":"#shell-header-logo"}
COMMAND: POST /session/62c6c4e2516ebe3f1de2f3a3d288490f/execute/sync - {"script":"<script> [8489 bytes]","args":[{"element-6066-11e4-a52e-4f735466cecf":"f.E4C2DC6123E2A493099A271DC72A1D12.d.89657A2105B9739B14305BFBBCF7DC30.e.2249","ELEMENT":"f.E4C2DC6123E2A493099A271DC72A1D12.d.89657A2105B9739B14305BFBBCF7DC30.e.2249"}]}
RESULT: {"script":"<script> [8489 bytes]","args":[{"element-6066-11e4-a52e-4f735466cecf":"f.E4C2DC6123E2A493099A271DC72A1D12.d.89657A2105B9739B14305BFBBCF7DC30.e.2249","ELEMENT":"f.E4C2DC6123E2A493099A271DC72A1D12.d.89657A2105B9739B14305BFBBCF7DC30.e.2249"}]}
COMMAND: POST /session/62c6c4e2516ebe3f1de2f3a3d288490f/element - {"using":"css selector","value":"#shell-header-logo"}
COMMAND: GET /session/62c6c4e2516ebe3f1de2f3a3d288490f/screenshot - {}
RESULT: {"using":"css selector","value":"#shell-header-logo"}
COMMAND: POST /session/62c6c4e2516ebe3f1de2f3a3d288490f/execute/sync - {"script":"<script> [8489 bytes]","args":[{"element-6066-11e4-a52e-4f735466cecf":"f.E4C2DC6123E2A493099A271DC72A1D12.d.89657A2105B9739B14305BFBBCF7DC30.e.2249","ELEMENT":"f.E4C2DC6123E2A493099A271DC72A1D12.d.89657A2105B9739B14305BFBBCF7DC30.e.2249"}]}
RESULT: {}
RESULT: {"script":"<script> [8489 bytes]","args":[{"element-6066-11e4-a52e-4f735466cecf":"f.E4C2DC6123E2A493099A271DC72A1D12.d.89657A2105B9739B14305BFBBCF7DC30.e.2249","ELEMENT":"f.E4C2DC6123E2A493099A271DC72A1D12.d.89657A2105B9739B14305BFBBCF7DC30.e.2249"}]}
COMMAND: POST /session/62c6c4e2516ebe3f1de2f3a3d288490f/execute/sync - {"script":"<script> [5351 bytes]","args":[{"element-6066-11e4-a52e-4f735466cecf":"f.E4C2DC6123E2A493099A271DC72A1D12.d.89657A2105B9739B14305BFBBCF7DC30.e.2249","ELEMENT":"f.E4C2DC6123E2A493099A271DC72A1D12.d.89657A2105B9739B14305BFBBCF7DC30.e.2249"}]}
COMMAND: GET /session/62c6c4e2516ebe3f1de2f3a3d288490f/screenshot - {}
RESULT: {"script":"<script> [5351 bytes]","args":[{"element-6066-11e4-a52e-4f735466cecf":"f.E4C2DC6123E2A493099A271DC72A1D12.d.89657A2105B9739B14305BFBBCF7DC30.e.2249","ELEMENT":"f.E4C2DC6123E2A493099A271DC72A1D12.d.89657A2105B9739B14305BFBBCF7DC30.e.2249"}]}
COMMAND: POST /session/62c6c4e2516ebe3f1de2f3a3d288490f/element - {"using":"css selector","value":"#shell-header-logo"}
COMMAND: GET /session/62c6c4e2516ebe3f1de2f3a3d288490f/screenshot - {}
RESULT: {}
RESULT: {"using":"css selector","value":"#shell-header-logo"}
COMMAND: POST /session/62c6c4e2516ebe3f1de2f3a3d288490f/element/f.E4C2DC6123E2A493099A271DC72A1D12.d.89657A2105B9739B14305BFBBCF7DC30.e.2249/click - {}
RESULT: {}
RESULT: {}
COMMAND: GET /session/62c6c4e2516ebe3f1de2f3a3d288490f/screenshot - {}
RESULT: {}
COMMAND: POST /session/62c6c4e2516ebe3f1de2f3a3d288490f/execute/async - {"script":"<script> [189 bytes]","args":[]}
RESULT: {"script":"<script> [189 bytes]","args":[]}
COMMAND: POST /session/62c6c4e2516ebe3f1de2f3a3d288490f/execute/async - {"script":"<script> [123 bytes]","args":[]}
RESULT: {"script":"<script> [123 bytes]","args":[]}
COMMAND: POST /session/62c6c4e2516ebe3f1de2f3a3d288490f/timeouts - {"script":"<number>"}
RESULT: {"script":"<number>"}
COMMAND: GET /session/62c6c4e2516ebe3f1de2f3a3d288490f/timeouts - {}
RESULT: {}
RESULT: undefined
COMMAND: POST /session/62c6c4e2516ebe3f1de2f3a3d288490f/execute/async - {"script":"<script> [2676 bytes]","args":[]}
RESULT: {"script":"<script> [2676 bytes]","args":[]}
COMMAND: POST /session/62c6c4e2516ebe3f1de2f3a3d288490f/execute/async - {"script":"<script> [2342 bytes]","args":[{"protocol":"http","hostname":"0.0.0.0","path":"/","capabilities":{"browserName":"chrome","goog:chromeOptions":{"binary":"C:\\Program Files\\Google\\Chrome\\Application\\chrome.exe","args":["--start-maximized"]}},"logLevel":"warn","connectionRetryTimeout":120000,"connectionRetryCount":3,"logLevels":{},"enableDirectConnect":true,"strictSSL":true,"_":"65 more keys: [\"cacheDir\",\"port\",\"requestedCapabilities\",\"automationProtocol\",\"baseUrl\",\"waitforInterval\",\"waitforTimeout\",\"onReload\",\"beforeCommand\",\"afterCommand\",\"rootDir\",\"specs\",\"suites\",\"exclude\",\"groupLogsByTestSpec\",\"excludeDriverLogs\",\"bail\",\"framework\",\"reporters\",\"services\",\"maxInstances\",\"maxInstancesPerCapability\",\"injectGlobals\",\"filesToWatch\",\"execArgv\",\"runnerEnv\",\"runner\",\"shard\",\"specFileRetries\",\"specFileRetriesDelay\",\"specFileRetriesDeferred\",\"reporterSyncInterval\",\"reporterSyncTimeout\",\"cucumberFeaturesWithLineNumbers\",\"autoCompileOpts\",\"mochaOpts\",\"jasmineOpts\",\"cucumberOpts\",\"onPrepare\",\"onWorkerStart\",\"onWorkerEnd\",\"before\",\"beforeSession\",\"beforeSuite\",\"beforeHook\",\"beforeTest\",\"afterTest\",\"afterHook\",\"afterSuite\",\"afterSession\",\"after\",\"onComplete\",\"beforeAssertion\",\"afterAssertion\",\"beforeFeature\",\"beforeScenario\",\"beforeStep\",\"afterStep\",\"afterScenario\",\"afterFeature\",\"_\",\"suite\",\"$0\",\"ignoredWorkerServices\",\"wdi5\"]"}]}
RESULT: {"script":"<script> [2342 bytes]","args":[{"protocol":"http","hostname":"0.0.0.0","path":"/","capabilities":{"browserName":"chrome","goog:chromeOptions":{"binary":"C:\\Program Files\\Google\\Chrome\\Application\\chrome.exe","args":["--start-maximized"]}},"logLevel":"warn","connectionRetryTimeout":120000,"connectionRetryCount":3,"logLevels":{},"enableDirectConnect":true,"strictSSL":true,"_":"65 more keys: [\"cacheDir\",\"port\",\"requestedCapabilities\",\"automationProtocol\",\"baseUrl\",\"waitforInterval\",\"waitforTimeout\",\"onReload\",\"beforeCommand\",\"afterCommand\",\"rootDir\",\"specs\",\"suites\",\"exclude\",\"groupLogsByTestSpec\",\"excludeDriverLogs\",\"bail\",\"framework\",\"reporters\",\"services\",\"maxInstances\",\"maxInstancesPerCapability\",\"injectGlobals\",\"filesToWatch\",\"execArgv\",\"runnerEnv\",\"runner\",\"shard\",\"specFileRetries\",\"specFileRetriesDelay\",\"specFileRetriesDeferred\",\"reporterSyncInterval\",\"reporterSyncTimeout\",\"cucumberFeaturesWithLineNumbers\",\"autoCompileOpts\",\"mochaOpts\",\"jasmineOpts\",\"cucumberOpts\",\"onPrepare\",\"onWorkerStart\",\"onWorkerEnd\",\"before\",\"beforeSession\",\"beforeSuite\",\"beforeHook\",\"beforeTest\",\"afterTest\",\"afterHook\",\"afterSuite\",\"afterSession\",\"after\",\"onComplete\",\"beforeAssertion\",\"afterAssertion\",\"beforeFeature\",\"beforeScenario\",\"beforeStep\",\"afterStep\",\"afterScenario\",\"afterFeature\",\"_\",\"suite\",\"$0\",\"ignoredWorkerServices\",\"wdi5\"]"}]}
COMMAND: POST /session/62c6c4e2516ebe3f1de2f3a3d288490f/execute/async - {"script":"<script> [21126 bytes]","args":[35000]}
RESULT: {"script":"<script> [21126 bytes]","args":[35000]}
COMMAND: POST /session/62c6c4e2516ebe3f1de2f3a3d288490f/window/maximize - {}
RESULT: {}
COMMAND: POST /session/62c6c4e2516ebe3f1de2f3a3d288490f/execute/async - {"script":"<script> [1562 bytes]","args":[{"selector":{"id":"shell-header","interaction":{"idSuffix":"icon"}},"wdio_ui5_key":"shellheader"}]}
COMMAND: GET /session/62c6c4e2516ebe3f1de2f3a3d288490f/screenshot - {}
RESULT: {"script":"<script> [1562 bytes]","args":[{"selector":{"id":"shell-header","interaction":{"idSuffix":"icon"}},"wdio_ui5_key":"shellheader"}]}
RESULT: undefined
COMMAND: POST /session/62c6c4e2516ebe3f1de2f3a3d288490f/refresh - {}
RESULT: {}
RESULT: {}
COMMAND: GET /session/62c6c4e2516ebe3f1de2f3a3d288490f/screenshot - {}
RESULT: {}
COMMAND: POST /session/62c6c4e2516ebe3f1de2f3a3d288490f/refresh - {}
RESULT: {}
COMMAND: GET /session/62c6c4e2516ebe3f1de2f3a3d288490f/screenshot - {}
RESULT: {}
COMMAND: POST /session/62c6c4e2516ebe3f1de2f3a3d288490f/window/fullscreen - {}
RESULT: {}
COMMAND: POST /session/62c6c4e2516ebe3f1de2f3a3d288490f/execute/async - {"script":"<script> [189 bytes]","args":[]}
RESULT: {"script":"<script> [189 bytes]","args":[]}
COMMAND: POST /session/62c6c4e2516ebe3f1de2f3a3d288490f/execute/async - {"script":"<script> [123 bytes]","args":[]}
RESULT: {"script":"<script> [123 bytes]","args":[]}
COMMAND: POST /session/62c6c4e2516ebe3f1de2f3a3d288490f/timeouts - {"script":"<number>"}
RESULT: {"script":"<number>"}
COMMAND: GET /session/62c6c4e2516ebe3f1de2f3a3d288490f/timeouts - {}
RESULT: {}
RESULT: undefined
COMMAND: POST /session/62c6c4e2516ebe3f1de2f3a3d288490f/execute/async - {"script":"<script> [2676 bytes]","args":[]}
RESULT: {"script":"<script> [2676 bytes]","args":[]}
COMMAND: POST /session/62c6c4e2516ebe3f1de2f3a3d288490f/execute/async - {"script":"<script> [2342 bytes]","args":[{"protocol":"http","hostname":"0.0.0.0","path":"/","capabilities":{"browserName":"chrome","goog:chromeOptions":{"binary":"C:\\Program Files\\Google\\Chrome\\Application\\chrome.exe","args":["--start-maximized"]}},"logLevel":"warn","connectionRetryTimeout":120000,"connectionRetryCount":3,"logLevels":{},"enableDirectConnect":true,"strictSSL":true,"_":"65 more keys: [\"cacheDir\",\"port\",\"requestedCapabilities\",\"automationProtocol\",\"baseUrl\",\"waitforInterval\",\"waitforTimeout\",\"onReload\",\"beforeCommand\",\"afterCommand\",\"rootDir\",\"specs\",\"suites\",\"exclude\",\"groupLogsByTestSpec\",\"excludeDriverLogs\",\"bail\",\"framework\",\"reporters\",\"services\",\"maxInstances\",\"maxInstancesPerCapability\",\"injectGlobals\",\"filesToWatch\",\"execArgv\",\"runnerEnv\",\"runner\",\"shard\",\"specFileRetries\",\"specFileRetriesDelay\",\"specFileRetriesDeferred\",\"reporterSyncInterval\",\"reporterSyncTimeout\",\"cucumberFeaturesWithLineNumbers\",\"autoCompileOpts\",\"mochaOpts\",\"jasmineOpts\",\"cucumberOpts\",\"onPrepare\",\"onWorkerStart\",\"onWorkerEnd\",\"before\",\"beforeSession\",\"beforeSuite\",\"beforeHook\",\"beforeTest\",\"afterTest\",\"afterHook\",\"afterSuite\",\"afterSession\",\"after\",\"onComplete\",\"beforeAssertion\",\"afterAssertion\",\"beforeFeature\",\"beforeScenario\",\"beforeStep\",\"afterStep\",\"afterScenario\",\"afterFeature\",\"_\",\"suite\",\"$0\",\"ignoredWorkerServices\",\"wdi5\"]"}]}
RESULT: {"script":"<script> [2342 bytes]","args":[{"protocol":"http","hostname":"0.0.0.0","path":"/","capabilities":{"browserName":"chrome","goog:chromeOptions":{"binary":"C:\\Program Files\\Google\\Chrome\\Application\\chrome.exe","args":["--start-maximized"]}},"logLevel":"warn","connectionRetryTimeout":120000,"connectionRetryCount":3,"logLevels":{},"enableDirectConnect":true,"strictSSL":true,"_":"65 more keys: [\"cacheDir\",\"port\",\"requestedCapabilities\",\"automationProtocol\",\"baseUrl\",\"waitforInterval\",\"waitforTimeout\",\"onReload\",\"beforeCommand\",\"afterCommand\",\"rootDir\",\"specs\",\"suites\",\"exclude\",\"groupLogsByTestSpec\",\"excludeDriverLogs\",\"bail\",\"framework\",\"reporters\",\"services\",\"maxInstances\",\"maxInstancesPerCapability\",\"injectGlobals\",\"filesToWatch\",\"execArgv\",\"runnerEnv\",\"runner\",\"shard\",\"specFileRetries\",\"specFileRetriesDelay\",\"specFileRetriesDeferred\",\"reporterSyncInterval\",\"reporterSyncTimeout\",\"cucumberFeaturesWithLineNumbers\",\"autoCompileOpts\",\"mochaOpts\",\"jasmineOpts\",\"cucumberOpts\",\"onPrepare\",\"onWorkerStart\",\"onWorkerEnd\",\"before\",\"beforeSession\",\"beforeSuite\",\"beforeHook\",\"beforeTest\",\"afterTest\",\"afterHook\",\"afterSuite\",\"afterSession\",\"after\",\"onComplete\",\"beforeAssertion\",\"afterAssertion\",\"beforeFeature\",\"beforeScenario\",\"beforeStep\",\"afterStep\",\"afterScenario\",\"afterFeature\",\"_\",\"suite\",\"$0\",\"ignoredWorkerServices\",\"wdi5\"]"}]}
COMMAND: POST /session/62c6c4e2516ebe3f1de2f3a3d288490f/execute/async - {"script":"<script> [21126 bytes]","args":[35000]}
RESULT: {"script":"<script> [21126 bytes]","args":[35000]}
]]></system-out>
    </testcase>
  </testsuite>
  <testsuite timestamp="2025-05-16T05:46:56" time="225.513" tests="4" failures="0" errors="0" skipped="0">
    <properties>
      <property name="specId" value="0" />
      <property name="suiteName" value="Create partner US118246" />
      <property name="capabilities" value="chrome.136_0_7103_93.windows" />
      <property name="file" value="file:///D:/a/1/s/test/specs/BTS/create-partner.spec.js" />
    </properties>
    <testcase classname="chrome.136_0_7103_93.windows.Create_partner_US118246" name="Should create a new yard in case create yard failed" time="0.021">
      <system-out><![CDATA[
COMMAND: POST /session/62c6c4e2516ebe3f1de2f3a3d288490f/window/fullscreen - {}
RESULT: {}
]]></system-out>
    </testcase>
    <testcase classname="chrome.136_0_7103_93.windows.Create_partner_US118246" name="Should create new external partner" time="92.911">
      <system-out><![CDATA[
COMMAND: POST /session/62c6c4e2516ebe3f1de2f3a3d288490f/window/fullscreen - {}
RESULT: {}
COMMAND: POST /session/62c6c4e2516ebe3f1de2f3a3d288490f/execute/async - {"script":"<script> [1562 bytes]","args":[{"selector":{"controlType":"sap.m.GenericTile","properties":{"header":"Manage Partners"}},"wdio_ui5_key":"sapm.GenericTile{\"header\":\"Manage Partners\"}"}]}
RESULT: {"script":"<script> [1562 bytes]","args":[{"selector":{"controlType":"sap.m.GenericTile","properties":{"header":"Manage Partners"}},"wdio_ui5_key":"sapm.GenericTile{\"header\":\"Manage Partners\"}"}]}
RESULT: undefined
COMMAND: POST /session/62c6c4e2516ebe3f1de2f3a3d288490f/element - {"using":"xpath","value":"//*[@id=\"__tile38\"]"}
RESULT: {"using":"xpath","value":"//*[@id=\"__tile38\"]"}
COMMAND: POST /session/62c6c4e2516ebe3f1de2f3a3d288490f/element/f.E4C2DC6123E2A493099A271DC72A1D12.d.6B163830EFF4F92AF3D7C4286A55F2BD.e.2401/click - {}
RESULT: {}
COMMAND: GET /session/62c6c4e2516ebe3f1de2f3a3d288490f/screenshot - {}
RESULT: {}
COMMAND: POST /session/62c6c4e2516ebe3f1de2f3a3d288490f/elements - {"using":"xpath","value":"//span[text()='Error']"}
RESULT: {"using":"xpath","value":"//span[text()='Error']"}
COMMAND: POST /session/62c6c4e2516ebe3f1de2f3a3d288490f/element - {"using":"xpath","value":"//button[@data-kt=\"addButton\"]"}
RESULT: {"using":"xpath","value":"//button[@data-kt=\"addButton\"]"}
COMMAND: POST /session/62c6c4e2516ebe3f1de2f3a3d288490f/elements - {"using":"xpath","value":"//button[@data-kt=\"addButton\"]"}
RESULT: {"using":"xpath","value":"//button[@data-kt=\"addButton\"]"}
COMMAND: POST /session/62c6c4e2516ebe3f1de2f3a3d288490f/execute/sync - {"script":"<script> [8489 bytes]","args":[{"element-6066-11e4-a52e-4f735466cecf":"f.E4C2DC6123E2A493099A271DC72A1D12.d.6B163830EFF4F92AF3D7C4286A55F2BD.e.2548","ELEMENT":"f.E4C2DC6123E2A493099A271DC72A1D12.d.6B163830EFF4F92AF3D7C4286A55F2BD.e.2548"}]}
RESULT: {"script":"<script> [8489 bytes]","args":[{"element-6066-11e4-a52e-4f735466cecf":"f.E4C2DC6123E2A493099A271DC72A1D12.d.6B163830EFF4F92AF3D7C4286A55F2BD.e.2548","ELEMENT":"f.E4C2DC6123E2A493099A271DC72A1D12.d.6B163830EFF4F92AF3D7C4286A55F2BD.e.2548"}]}
COMMAND: GET /session/62c6c4e2516ebe3f1de2f3a3d288490f/element/f.E4C2DC6123E2A493099A271DC72A1D12.d.6B163830EFF4F92AF3D7C4286A55F2BD.e.2548/enabled - {}
COMMAND: GET /session/62c6c4e2516ebe3f1de2f3a3d288490f/screenshot - {}
RESULT: {}
COMMAND: POST /session/62c6c4e2516ebe3f1de2f3a3d288490f/execute/sync - {"script":"<script> [8489 bytes]","args":[{"element-6066-11e4-a52e-4f735466cecf":"f.E4C2DC6123E2A493099A271DC72A1D12.d.6B163830EFF4F92AF3D7C4286A55F2BD.e.2548","ELEMENT":"f.E4C2DC6123E2A493099A271DC72A1D12.d.6B163830EFF4F92AF3D7C4286A55F2BD.e.2548"}]}
COMMAND: GET /session/62c6c4e2516ebe3f1de2f3a3d288490f/screenshot - {}
RESULT: {}
RESULT: {"script":"<script> [8489 bytes]","args":[{"element-6066-11e4-a52e-4f735466cecf":"f.E4C2DC6123E2A493099A271DC72A1D12.d.6B163830EFF4F92AF3D7C4286A55F2BD.e.2548","ELEMENT":"f.E4C2DC6123E2A493099A271DC72A1D12.d.6B163830EFF4F92AF3D7C4286A55F2BD.e.2548"}]}
COMMAND: POST /session/62c6c4e2516ebe3f1de2f3a3d288490f/execute/sync - {"script":"<script> [5351 bytes]","args":[{"element-6066-11e4-a52e-4f735466cecf":"f.E4C2DC6123E2A493099A271DC72A1D12.d.6B163830EFF4F92AF3D7C4286A55F2BD.e.2548","ELEMENT":"f.E4C2DC6123E2A493099A271DC72A1D12.d.6B163830EFF4F92AF3D7C4286A55F2BD.e.2548"}]}
COMMAND: GET /session/62c6c4e2516ebe3f1de2f3a3d288490f/screenshot - {}
RESULT: {}
RESULT: {"script":"<script> [5351 bytes]","args":[{"element-6066-11e4-a52e-4f735466cecf":"f.E4C2DC6123E2A493099A271DC72A1D12.d.6B163830EFF4F92AF3D7C4286A55F2BD.e.2548","ELEMENT":"f.E4C2DC6123E2A493099A271DC72A1D12.d.6B163830EFF4F92AF3D7C4286A55F2BD.e.2548"}]}
COMMAND: POST /session/62c6c4e2516ebe3f1de2f3a3d288490f/element/f.E4C2DC6123E2A493099A271DC72A1D12.d.6B163830EFF4F92AF3D7C4286A55F2BD.e.2548/click - {}
COMMAND: GET /session/62c6c4e2516ebe3f1de2f3a3d288490f/screenshot - {}
RESULT: {}
RESULT: {}
COMMAND: GET /session/62c6c4e2516ebe3f1de2f3a3d288490f/screenshot - {}
COMMAND: POST /session/62c6c4e2516ebe3f1de2f3a3d288490f/execute/async - {"script":"<script> [1562 bytes]","args":[{"selector":{"id":"application-managepartners-display-component---NewPartner--addressDetailDetailsName1","interaction":{"idSuffix":"inner"}},"wdio_ui5_key":"applicationmanagepartners-display-component---NewPartner--addressDetailDetailsName1"}]}
RESULT: {}
RESULT: {}
RESULT: {"script":"<script> [1562 bytes]","args":[{"selector":{"id":"application-managepartners-display-component---NewPartner--addressDetailDetailsName1","interaction":{"idSuffix":"inner"}},"wdio_ui5_key":"applicationmanagepartners-display-component---NewPartner--addressDetailDetailsName1"}]}
RESULT: undefined
COMMAND: POST /session/62c6c4e2516ebe3f1de2f3a3d288490f/execute/async - {"script":"<script> [776 bytes]","args":[{"enterText":"External Partner WDIO","selector":{"id":"application-managepartners-display-component---NewPartner--addressDetailDetailsName1","interaction":{"idSuffix":"inner"}},"clearTextFirst":true,"interactionType":"ENTER_TEXT"}]}
RESULT: {"script":"<script> [776 bytes]","args":[{"enterText":"External Partner WDIO","selector":{"id":"application-managepartners-display-component---NewPartner--addressDetailDetailsName1","interaction":{"idSuffix":"inner"}},"clearTextFirst":true,"interactionType":"ENTER_TEXT"}]}
COMMAND: POST /session/62c6c4e2516ebe3f1de2f3a3d288490f/execute/async - {"script":"<script> [1562 bytes]","args":[{"selector":{"id":"application-managepartners-display-component---NewPartner--addressDetailDetailsLanguage-arrow"},"wdio_ui5_key":"applicationmanagepartners-display-component---NewPartner--addressDetailDetailsLanguage-arrow"}]}
RESULT: {"script":"<script> [1562 bytes]","args":[{"selector":{"id":"application-managepartners-display-component---NewPartner--addressDetailDetailsLanguage-arrow"},"wdio_ui5_key":"applicationmanagepartners-display-component---NewPartner--addressDetailDetailsLanguage-arrow"}]}
RESULT: undefined
COMMAND: POST /session/62c6c4e2516ebe3f1de2f3a3d288490f/element - {"using":"xpath","value":"//*[@id=\"application-managepartners-display-component---NewPartner--addressDetailDetailsLanguage-arrow\"]"}
RESULT: {"using":"xpath","value":"//*[@id=\"application-managepartners-display-component---NewPartner--addressDetailDetailsLanguage-arrow\"]"}
COMMAND: POST /session/62c6c4e2516ebe3f1de2f3a3d288490f/element/f.E4C2DC6123E2A493099A271DC72A1D12.d.6B163830EFF4F92AF3D7C4286A55F2BD.e.3002/click - {}
RESULT: {}
COMMAND: POST /session/62c6c4e2516ebe3f1de2f3a3d288490f/element - {"using":"xpath","value":"//span[contains(text(), \"English\")]"}
COMMAND: GET /session/62c6c4e2516ebe3f1de2f3a3d288490f/screenshot - {}
RESULT: {"using":"xpath","value":"//span[contains(text(), \"English\")]"}
COMMAND: POST /session/62c6c4e2516ebe3f1de2f3a3d288490f/element/f.E4C2DC6123E2A493099A271DC72A1D12.d.6B163830EFF4F92AF3D7C4286A55F2BD.e.3003/click - {}
RESULT: {}
RESULT: {}
COMMAND: GET /session/62c6c4e2516ebe3f1de2f3a3d288490f/screenshot - {}
RESULT: {}
COMMAND: POST /session/62c6c4e2516ebe3f1de2f3a3d288490f/execute/async - {"script":"<script> [1562 bytes]","args":[{"selector":{"id":"application-managepartners-display-component---NewPartner--addressDetailDetailsCity1","interaction":{"idSuffix":"inner"}},"wdio_ui5_key":"applicationmanagepartners-display-component---NewPartner--addressDetailDetailsCity1"}]}
RESULT: {"script":"<script> [1562 bytes]","args":[{"selector":{"id":"application-managepartners-display-component---NewPartner--addressDetailDetailsCity1","interaction":{"idSuffix":"inner"}},"wdio_ui5_key":"applicationmanagepartners-display-component---NewPartner--addressDetailDetailsCity1"}]}
RESULT: undefined
COMMAND: POST /session/62c6c4e2516ebe3f1de2f3a3d288490f/execute/async - {"script":"<script> [776 bytes]","args":[{"enterText":"Rosario","selector":{"id":"application-managepartners-display-component---NewPartner--addressDetailDetailsCity1","interaction":{"idSuffix":"inner"}},"clearTextFirst":true,"interactionType":"ENTER_TEXT"}]}
RESULT: {"script":"<script> [776 bytes]","args":[{"enterText":"Rosario","selector":{"id":"application-managepartners-display-component---NewPartner--addressDetailDetailsCity1","interaction":{"idSuffix":"inner"}},"clearTextFirst":true,"interactionType":"ENTER_TEXT"}]}
COMMAND: POST /session/62c6c4e2516ebe3f1de2f3a3d288490f/execute/async - {"script":"<script> [1562 bytes]","args":[{"selector":{"id":"application-managepartners-display-component---NewPartner--addressDetailDetailsCountry-arrow"},"wdio_ui5_key":"applicationmanagepartners-display-component---NewPartner--addressDetailDetailsCountry-arrow"}]}
RESULT: {"script":"<script> [1562 bytes]","args":[{"selector":{"id":"application-managepartners-display-component---NewPartner--addressDetailDetailsCountry-arrow"},"wdio_ui5_key":"applicationmanagepartners-display-component---NewPartner--addressDetailDetailsCountry-arrow"}]}
RESULT: undefined
COMMAND: POST /session/62c6c4e2516ebe3f1de2f3a3d288490f/element - {"using":"xpath","value":"//*[@id=\"application-managepartners-display-component---NewPartner--addressDetailDetailsCountry-arrow\"]"}
RESULT: {"using":"xpath","value":"//*[@id=\"application-managepartners-display-component---NewPartner--addressDetailDetailsCountry-arrow\"]"}
COMMAND: POST /session/62c6c4e2516ebe3f1de2f3a3d288490f/element/f.E4C2DC6123E2A493099A271DC72A1D12.d.6B163830EFF4F92AF3D7C4286A55F2BD.e.2988/click - {}
RESULT: {}
COMMAND: POST /session/62c6c4e2516ebe3f1de2f3a3d288490f/element - {"using":"xpath","value":"//span[contains(text(), \"Argentina\")]"}
COMMAND: GET /session/62c6c4e2516ebe3f1de2f3a3d288490f/screenshot - {}
RESULT: {"using":"xpath","value":"//span[contains(text(), \"Argentina\")]"}
COMMAND: POST /session/62c6c4e2516ebe3f1de2f3a3d288490f/element/f.E4C2DC6123E2A493099A271DC72A1D12.d.6B163830EFF4F92AF3D7C4286A55F2BD.e.3005/click - {}
RESULT: {}
RESULT: {}
COMMAND: GET /session/62c6c4e2516ebe3f1de2f3a3d288490f/screenshot - {}
RESULT: {}
COMMAND: POST /session/62c6c4e2516ebe3f1de2f3a3d288490f/element - {"using":"xpath","value":"//bdi[contains(text(), \"Commercial\")]"}
RESULT: {"using":"xpath","value":"//bdi[contains(text(), \"Commercial\")]"}
COMMAND: POST /session/62c6c4e2516ebe3f1de2f3a3d288490f/element/f.E4C2DC6123E2A493099A271DC72A1D12.d.6B163830EFF4F92AF3D7C4286A55F2BD.e.3006/click - {}
RESULT: {}
COMMAND: GET /session/62c6c4e2516ebe3f1de2f3a3d288490f/screenshot - {}
RESULT: {}
COMMAND: POST /session/62c6c4e2516ebe3f1de2f3a3d288490f/execute/async - {"script":"<script> [1562 bytes]","args":[{"selector":{"id":"application-managepartners-display-component---NewPartner--partnerDetailInternal-arrow"},"wdio_ui5_key":"applicationmanagepartners-display-component---NewPartner--partnerDetailInternal-arrow"}]}
RESULT: {"script":"<script> [1562 bytes]","args":[{"selector":{"id":"application-managepartners-display-component---NewPartner--partnerDetailInternal-arrow"},"wdio_ui5_key":"applicationmanagepartners-display-component---NewPartner--partnerDetailInternal-arrow"}]}
RESULT: undefined
COMMAND: POST /session/62c6c4e2516ebe3f1de2f3a3d288490f/element - {"using":"xpath","value":"//*[@id=\"application-managepartners-display-component---NewPartner--partnerDetailInternal-arrow\"]"}
RESULT: {"using":"xpath","value":"//*[@id=\"application-managepartners-display-component---NewPartner--partnerDetailInternal-arrow\"]"}
COMMAND: POST /session/62c6c4e2516ebe3f1de2f3a3d288490f/element/f.E4C2DC6123E2A493099A271DC72A1D12.d.6B163830EFF4F92AF3D7C4286A55F2BD.e.3012/click - {}
RESULT: {}
COMMAND: POST /session/62c6c4e2516ebe3f1de2f3a3d288490f/element - {"using":"xpath","value":"//span[contains(text(), \"External partner\")]"}
COMMAND: GET /session/62c6c4e2516ebe3f1de2f3a3d288490f/screenshot - {}
RESULT: {"using":"xpath","value":"//span[contains(text(), \"External partner\")]"}
COMMAND: POST /session/62c6c4e2516ebe3f1de2f3a3d288490f/element/f.E4C2DC6123E2A493099A271DC72A1D12.d.6B163830EFF4F92AF3D7C4286A55F2BD.e.3015/click - {}
RESULT: {}
RESULT: {}
COMMAND: POST /session/62c6c4e2516ebe3f1de2f3a3d288490f/execute/async - {"script":"<script> [1562 bytes]","args":[{"selector":{"id":"application-managepartners-display-component---NewPartner--partnerDetailsCurrency-arrow"},"wdio_ui5_key":"applicationmanagepartners-display-component---NewPartner--partnerDetailsCurrency-arrow"}]}
COMMAND: GET /session/62c6c4e2516ebe3f1de2f3a3d288490f/screenshot - {}
RESULT: {"script":"<script> [1562 bytes]","args":[{"selector":{"id":"application-managepartners-display-component---NewPartner--partnerDetailsCurrency-arrow"},"wdio_ui5_key":"applicationmanagepartners-display-component---NewPartner--partnerDetailsCurrency-arrow"}]}
RESULT: undefined
COMMAND: POST /session/62c6c4e2516ebe3f1de2f3a3d288490f/element - {"using":"xpath","value":"//*[@id=\"application-managepartners-display-component---NewPartner--partnerDetailsCurrency-arrow\"]"}
RESULT: {}
RESULT: {"using":"xpath","value":"//*[@id=\"application-managepartners-display-component---NewPartner--partnerDetailsCurrency-arrow\"]"}
COMMAND: POST /session/62c6c4e2516ebe3f1de2f3a3d288490f/element/f.E4C2DC6123E2A493099A271DC72A1D12.d.6B163830EFF4F92AF3D7C4286A55F2BD.e.3020/click - {}
RESULT: {}
COMMAND: POST /session/62c6c4e2516ebe3f1de2f3a3d288490f/element - {"using":"xpath","value":"//span[contains(text(), \"US Dollar\")]"}
COMMAND: GET /session/62c6c4e2516ebe3f1de2f3a3d288490f/screenshot - {}
RESULT: {"using":"xpath","value":"//span[contains(text(), \"US Dollar\")]"}
COMMAND: POST /session/62c6c4e2516ebe3f1de2f3a3d288490f/element/f.E4C2DC6123E2A493099A271DC72A1D12.d.6B163830EFF4F92AF3D7C4286A55F2BD.e.3021/click - {}
RESULT: {}
RESULT: {}
COMMAND: GET /session/62c6c4e2516ebe3f1de2f3a3d288490f/screenshot - {}
RESULT: {}
COMMAND: POST /session/62c6c4e2516ebe3f1de2f3a3d288490f/element - {"using":"xpath","value":"//input[@id=\"application-managepartners-display-component---NewPartner--companyCodeComboBox-inner\"]"}
RESULT: {"using":"xpath","value":"//input[@id=\"application-managepartners-display-component---NewPartner--companyCodeComboBox-inner\"]"}
COMMAND: POST /session/62c6c4e2516ebe3f1de2f3a3d288490f/element/f.E4C2DC6123E2A493099A271DC72A1D12.d.6B163830EFF4F92AF3D7C4286A55F2BD.e.2872/clear - {}
RESULT: {}
COMMAND: POST /session/62c6c4e2516ebe3f1de2f3a3d288490f/element/f.E4C2DC6123E2A493099A271DC72A1D12.d.6B163830EFF4F92AF3D7C4286A55F2BD.e.2872/value - {"text":"C002"}
COMMAND: GET /session/62c6c4e2516ebe3f1de2f3a3d288490f/screenshot - {}
RESULT: {"text":"C002"}
COMMAND: GET /session/62c6c4e2516ebe3f1de2f3a3d288490f/screenshot - {}
RESULT: {}
RESULT: {}
COMMAND: POST /session/62c6c4e2516ebe3f1de2f3a3d288490f/element - {"using":"xpath","value":"//li[.//span[text()= \"C002\"]]"}
RESULT: {"using":"xpath","value":"//li[.//span[text()= \"C002\"]]"}
COMMAND: POST /session/62c6c4e2516ebe3f1de2f3a3d288490f/element/f.E4C2DC6123E2A493099A271DC72A1D12.d.6B163830EFF4F92AF3D7C4286A55F2BD.e.3025/click - {}
RESULT: {}
COMMAND: GET /session/62c6c4e2516ebe3f1de2f3a3d288490f/screenshot - {}
RESULT: {}
COMMAND: POST /session/62c6c4e2516ebe3f1de2f3a3d288490f/execute/async - {"script":"<script> [1562 bytes]","args":[{"selector":{"id":"application-managepartners-display-component---NewPartner--btnAddTableRow-img"},"wdio_ui5_key":"applicationmanagepartners-display-component---NewPartner--btnAddTableRow-img"}]}
RESULT: {"script":"<script> [1562 bytes]","args":[{"selector":{"id":"application-managepartners-display-component---NewPartner--btnAddTableRow-img"},"wdio_ui5_key":"applicationmanagepartners-display-component---NewPartner--btnAddTableRow-img"}]}
RESULT: undefined
COMMAND: POST /session/62c6c4e2516ebe3f1de2f3a3d288490f/element - {"using":"xpath","value":"//*[@id=\"application-managepartners-display-component---NewPartner--btnAddTableRow-img\"]"}
RESULT: {"using":"xpath","value":"//*[@id=\"application-managepartners-display-component---NewPartner--btnAddTableRow-img\"]"}
COMMAND: POST /session/62c6c4e2516ebe3f1de2f3a3d288490f/element/f.E4C2DC6123E2A493099A271DC72A1D12.d.6B163830EFF4F92AF3D7C4286A55F2BD.e.3026/click - {}
RESULT: {}
COMMAND: GET /session/62c6c4e2516ebe3f1de2f3a3d288490f/screenshot - {}
RESULT: {}
COMMAND: POST /session/62c6c4e2516ebe3f1de2f3a3d288490f/element - {"using":"xpath","value":"//input[@id=\"application-managepartners-display-component---NewPartner--assignmentYard-application-managepartners-display-component---NewPartner--assignmentsTable-0-inner\"]"}
RESULT: {"using":"xpath","value":"//input[@id=\"application-managepartners-display-component---NewPartner--assignmentYard-application-managepartners-display-component---NewPartner--assignmentsTable-0-inner\"]"}
COMMAND: POST /session/62c6c4e2516ebe3f1de2f3a3d288490f/element/f.E4C2DC6123E2A493099A271DC72A1D12.d.6B163830EFF4F92AF3D7C4286A55F2BD.e.3029/clear - {}
RESULT: {}
COMMAND: POST /session/62c6c4e2516ebe3f1de2f3a3d288490f/element/f.E4C2DC6123E2A493099A271DC72A1D12.d.6B163830EFF4F92AF3D7C4286A55F2BD.e.3029/value - {"text":"430"}
COMMAND: GET /session/62c6c4e2516ebe3f1de2f3a3d288490f/screenshot - {}
RESULT: {"text":"430"}
COMMAND: GET /session/62c6c4e2516ebe3f1de2f3a3d288490f/screenshot - {}
RESULT: {}
RESULT: {}
COMMAND: POST /session/62c6c4e2516ebe3f1de2f3a3d288490f/element - {"using":"xpath","value":"//li[.//span[text()='430']]"}
RESULT: {"using":"xpath","value":"//li[.//span[text()='430']]"}
COMMAND: POST /session/62c6c4e2516ebe3f1de2f3a3d288490f/element/f.E4C2DC6123E2A493099A271DC72A1D12.d.6B163830EFF4F92AF3D7C4286A55F2BD.e.3037/click - {}
RESULT: {}
COMMAND: GET /session/62c6c4e2516ebe3f1de2f3a3d288490f/screenshot - {}
RESULT: {}
COMMAND: POST /session/62c6c4e2516ebe3f1de2f3a3d288490f/actions - {"actions":[{"id":"action6","type":"key","parameters":{},"actions":[{"type":"keyDown","value":"î€‡"},{"type":"pause","duration":10},{"type":"keyUp","value":"î€‡"}]}]}
RESULT: {"actions":[{"id":"action6","type":"key","parameters":{},"actions":[{"type":"keyDown","value":"î€‡"},{"type":"pause","duration":10},{"type":"keyUp","value":"î€‡"}]}]}
COMMAND: POST /session/62c6c4e2516ebe3f1de2f3a3d288490f/element - {"using":"xpath","value":"//td[contains(@id, \"assignmentsTable-0-cell2\")]/div/div"}
COMMAND: GET /session/62c6c4e2516ebe3f1de2f3a3d288490f/screenshot - {}
RESULT: {"using":"xpath","value":"//td[contains(@id, \"assignmentsTable-0-cell2\")]/div/div"}
COMMAND: POST /session/62c6c4e2516ebe3f1de2f3a3d288490f/element/f.E4C2DC6123E2A493099A271DC72A1D12.d.6B163830EFF4F92AF3D7C4286A55F2BD.e.3040/click - {}
RESULT: {}
RESULT: {}
COMMAND: GET /session/62c6c4e2516ebe3f1de2f3a3d288490f/screenshot - {}
RESULT: {}
COMMAND: POST /session/62c6c4e2516ebe3f1de2f3a3d288490f/element - {"using":"xpath","value":"//button[@data-kt=\"saveButton\"]"}
RESULT: {"using":"xpath","value":"//button[@data-kt=\"saveButton\"]"}
COMMAND: POST /session/62c6c4e2516ebe3f1de2f3a3d288490f/element/f.E4C2DC6123E2A493099A271DC72A1D12.d.6B163830EFF4F92AF3D7C4286A55F2BD.e.2902/click - {}
RESULT: {}
COMMAND: GET /session/62c6c4e2516ebe3f1de2f3a3d288490f/screenshot - {}
RESULT: {}
COMMAND: POST /session/62c6c4e2516ebe3f1de2f3a3d288490f/element - {"using":"xpath","value":"//header[contains(@id, 'ObjectPageLayout-headerTitle')]/div[1]/div[2]/div[2]/span[1]"}
RESULT: {"using":"xpath","value":"//header[contains(@id, 'ObjectPageLayout-headerTitle')]/div[1]/div[2]/div[2]/span[1]"}
COMMAND: POST /session/62c6c4e2516ebe3f1de2f3a3d288490f/elements - {"using":"xpath","value":"//header[contains(@id, 'ObjectPageLayout-headerTitle')]/div[1]/div[2]/div[2]/span[1]"}
RESULT: {"using":"xpath","value":"//header[contains(@id, 'ObjectPageLayout-headerTitle')]/div[1]/div[2]/div[2]/span[1]"}
COMMAND: POST /session/62c6c4e2516ebe3f1de2f3a3d288490f/execute/sync - {"script":"<script> [56 bytes]","args":[{"element-6066-11e4-a52e-4f735466cecf":"f.E4C2DC6123E2A493099A271DC72A1D12.d.6B163830EFF4F92AF3D7C4286A55F2BD.e.3206","ELEMENT":"f.E4C2DC6123E2A493099A271DC72A1D12.d.6B163830EFF4F92AF3D7C4286A55F2BD.e.3206"}]}
RESULT: {"script":"<script> [56 bytes]","args":[{"element-6066-11e4-a52e-4f735466cecf":"f.E4C2DC6123E2A493099A271DC72A1D12.d.6B163830EFF4F92AF3D7C4286A55F2BD.e.3206","ELEMENT":"f.E4C2DC6123E2A493099A271DC72A1D12.d.6B163830EFF4F92AF3D7C4286A55F2BD.e.3206"}]}
COMMAND: POST /session/62c6c4e2516ebe3f1de2f3a3d288490f/element - {"using":"css selector","value":"#shell-header-logo"}
COMMAND: GET /session/62c6c4e2516ebe3f1de2f3a3d288490f/screenshot - {}
RESULT: {"using":"css selector","value":"#shell-header-logo"}
COMMAND: POST /session/62c6c4e2516ebe3f1de2f3a3d288490f/element/f.E4C2DC6123E2A493099A271DC72A1D12.d.6B163830EFF4F92AF3D7C4286A55F2BD.e.2513/click - {}
RESULT: {}
RESULT: {}
COMMAND: GET /session/62c6c4e2516ebe3f1de2f3a3d288490f/screenshot - {}
RESULT: {}
COMMAND: POST /session/62c6c4e2516ebe3f1de2f3a3d288490f/execute/sync - {"script":"<script> [299 bytes]","args":[["getModel","getResource"]]}
RESULT: {"script":"<script> [299 bytes]","args":[["getModel","getResource"]]}
]]></system-out>
    </testcase>
    <testcase classname="chrome.136_0_7103_93.windows.Create_partner_US118246" name="Should create a new yard in case create yard failed" time="0.004">
      <system-out><![CDATA[
COMMAND: GET /session/62c6c4e2516ebe3f1de2f3a3d288490f/screenshot - {}
]]></system-out>
    </testcase>
    <testcase classname="chrome.136_0_7103_93.windows.Create_partner_US118246" name="Should create new external WHM partner" time="86.974">
      <system-out><![CDATA[
COMMAND: POST /session/62c6c4e2516ebe3f1de2f3a3d288490f/window/fullscreen - {}
RESULT: {}
RESULT: {}
RESULT: undefined
COMMAND: POST /session/62c6c4e2516ebe3f1de2f3a3d288490f/element - {"using":"xpath","value":"//*[@id=\"__tile38\"]"}
RESULT: {"using":"xpath","value":"//*[@id=\"__tile38\"]"}
COMMAND: POST /session/62c6c4e2516ebe3f1de2f3a3d288490f/element/f.E4C2DC6123E2A493099A271DC72A1D12.d.6B163830EFF4F92AF3D7C4286A55F2BD.e.2401/click - {}
RESULT: {}
COMMAND: GET /session/62c6c4e2516ebe3f1de2f3a3d288490f/screenshot - {}
RESULT: {}
COMMAND: POST /session/62c6c4e2516ebe3f1de2f3a3d288490f/elements - {"using":"xpath","value":"//span[text()='Error']"}
RESULT: {"using":"xpath","value":"//span[text()='Error']"}
COMMAND: POST /session/62c6c4e2516ebe3f1de2f3a3d288490f/element - {"using":"xpath","value":"//button[@data-kt=\"addButton\"]"}
RESULT: {"using":"xpath","value":"//button[@data-kt=\"addButton\"]"}
COMMAND: POST /session/62c6c4e2516ebe3f1de2f3a3d288490f/elements - {"using":"xpath","value":"//button[@data-kt=\"addButton\"]"}
RESULT: {"using":"xpath","value":"//button[@data-kt=\"addButton\"]"}
COMMAND: POST /session/62c6c4e2516ebe3f1de2f3a3d288490f/execute/sync - {"script":"<script> [8489 bytes]","args":[{"element-6066-11e4-a52e-4f735466cecf":"f.E4C2DC6123E2A493099A271DC72A1D12.d.6B163830EFF4F92AF3D7C4286A55F2BD.e.3253","ELEMENT":"f.E4C2DC6123E2A493099A271DC72A1D12.d.6B163830EFF4F92AF3D7C4286A55F2BD.e.3253"}]}
RESULT: {"script":"<script> [8489 bytes]","args":[{"element-6066-11e4-a52e-4f735466cecf":"f.E4C2DC6123E2A493099A271DC72A1D12.d.6B163830EFF4F92AF3D7C4286A55F2BD.e.3253","ELEMENT":"f.E4C2DC6123E2A493099A271DC72A1D12.d.6B163830EFF4F92AF3D7C4286A55F2BD.e.3253"}]}
COMMAND: GET /session/62c6c4e2516ebe3f1de2f3a3d288490f/element/f.E4C2DC6123E2A493099A271DC72A1D12.d.6B163830EFF4F92AF3D7C4286A55F2BD.e.3253/enabled - {}
COMMAND: GET /session/62c6c4e2516ebe3f1de2f3a3d288490f/screenshot - {}
RESULT: {}
COMMAND: POST /session/62c6c4e2516ebe3f1de2f3a3d288490f/execute/sync - {"script":"<script> [8489 bytes]","args":[{"element-6066-11e4-a52e-4f735466cecf":"f.E4C2DC6123E2A493099A271DC72A1D12.d.6B163830EFF4F92AF3D7C4286A55F2BD.e.3253","ELEMENT":"f.E4C2DC6123E2A493099A271DC72A1D12.d.6B163830EFF4F92AF3D7C4286A55F2BD.e.3253"}]}
COMMAND: GET /session/62c6c4e2516ebe3f1de2f3a3d288490f/screenshot - {}
RESULT: {}
RESULT: {"script":"<script> [8489 bytes]","args":[{"element-6066-11e4-a52e-4f735466cecf":"f.E4C2DC6123E2A493099A271DC72A1D12.d.6B163830EFF4F92AF3D7C4286A55F2BD.e.3253","ELEMENT":"f.E4C2DC6123E2A493099A271DC72A1D12.d.6B163830EFF4F92AF3D7C4286A55F2BD.e.3253"}]}
COMMAND: POST /session/62c6c4e2516ebe3f1de2f3a3d288490f/execute/sync - {"script":"<script> [5351 bytes]","args":[{"element-6066-11e4-a52e-4f735466cecf":"f.E4C2DC6123E2A493099A271DC72A1D12.d.6B163830EFF4F92AF3D7C4286A55F2BD.e.3253","ELEMENT":"f.E4C2DC6123E2A493099A271DC72A1D12.d.6B163830EFF4F92AF3D7C4286A55F2BD.e.3253"}]}
COMMAND: GET /session/62c6c4e2516ebe3f1de2f3a3d288490f/screenshot - {}
RESULT: {}
RESULT: {"script":"<script> [5351 bytes]","args":[{"element-6066-11e4-a52e-4f735466cecf":"f.E4C2DC6123E2A493099A271DC72A1D12.d.6B163830EFF4F92AF3D7C4286A55F2BD.e.3253","ELEMENT":"f.E4C2DC6123E2A493099A271DC72A1D12.d.6B163830EFF4F92AF3D7C4286A55F2BD.e.3253"}]}
COMMAND: POST /session/62c6c4e2516ebe3f1de2f3a3d288490f/element/f.E4C2DC6123E2A493099A271DC72A1D12.d.6B163830EFF4F92AF3D7C4286A55F2BD.e.3253/click - {}
COMMAND: GET /session/62c6c4e2516ebe3f1de2f3a3d288490f/screenshot - {}
RESULT: {}
RESULT: {}
COMMAND: GET /session/62c6c4e2516ebe3f1de2f3a3d288490f/screenshot - {}
RESULT: undefined
COMMAND: POST /session/62c6c4e2516ebe3f1de2f3a3d288490f/execute/async - {"script":"<script> [776 bytes]","args":[{"enterText":"External Partner WDIO","selector":{"id":"application-managepartners-display-component---NewPartner--addressDetailDetailsName1","interaction":{"idSuffix":"inner"}},"clearTextFirst":true,"interactionType":"ENTER_TEXT"}]}
RESULT: {}
RESULT: {}
RESULT: {"script":"<script> [776 bytes]","args":[{"enterText":"External Partner WDIO","selector":{"id":"application-managepartners-display-component---NewPartner--addressDetailDetailsName1","interaction":{"idSuffix":"inner"}},"clearTextFirst":true,"interactionType":"ENTER_TEXT"}]}
RESULT: undefined
COMMAND: POST /session/62c6c4e2516ebe3f1de2f3a3d288490f/element - {"using":"xpath","value":"//*[@id=\"application-managepartners-display-component---NewPartner--addressDetailDetailsLanguage-arrow\"]"}
RESULT: {"using":"xpath","value":"//*[@id=\"application-managepartners-display-component---NewPartner--addressDetailDetailsLanguage-arrow\"]"}
COMMAND: POST /session/62c6c4e2516ebe3f1de2f3a3d288490f/element/f.E4C2DC6123E2A493099A271DC72A1D12.d.6B163830EFF4F92AF3D7C4286A55F2BD.e.3700/click - {}
RESULT: {}
COMMAND: POST /session/62c6c4e2516ebe3f1de2f3a3d288490f/element - {"using":"xpath","value":"//span[contains(text(), \"English\")]"}
COMMAND: GET /session/62c6c4e2516ebe3f1de2f3a3d288490f/screenshot - {}
RESULT: {"using":"xpath","value":"//span[contains(text(), \"English\")]"}
COMMAND: POST /session/62c6c4e2516ebe3f1de2f3a3d288490f/element/f.E4C2DC6123E2A493099A271DC72A1D12.d.6B163830EFF4F92AF3D7C4286A55F2BD.e.3701/click - {}
RESULT: {}
RESULT: {}
COMMAND: GET /session/62c6c4e2516ebe3f1de2f3a3d288490f/screenshot - {}
RESULT: {}
RESULT: undefined
COMMAND: POST /session/62c6c4e2516ebe3f1de2f3a3d288490f/execute/async - {"script":"<script> [776 bytes]","args":[{"enterText":"Rosario","selector":{"id":"application-managepartners-display-component---NewPartner--addressDetailDetailsCity1","interaction":{"idSuffix":"inner"}},"clearTextFirst":true,"interactionType":"ENTER_TEXT"}]}
RESULT: {"script":"<script> [776 bytes]","args":[{"enterText":"Rosario","selector":{"id":"application-managepartners-display-component---NewPartner--addressDetailDetailsCity1","interaction":{"idSuffix":"inner"}},"clearTextFirst":true,"interactionType":"ENTER_TEXT"}]}
RESULT: undefined
COMMAND: POST /session/62c6c4e2516ebe3f1de2f3a3d288490f/element - {"using":"xpath","value":"//*[@id=\"application-managepartners-display-component---NewPartner--addressDetailDetailsCountry-arrow\"]"}
RESULT: {"using":"xpath","value":"//*[@id=\"application-managepartners-display-component---NewPartner--addressDetailDetailsCountry-arrow\"]"}
COMMAND: POST /session/62c6c4e2516ebe3f1de2f3a3d288490f/element/f.E4C2DC6123E2A493099A271DC72A1D12.d.6B163830EFF4F92AF3D7C4286A55F2BD.e.3688/click - {}
RESULT: {}
COMMAND: POST /session/62c6c4e2516ebe3f1de2f3a3d288490f/element - {"using":"xpath","value":"//span[contains(text(), \"Argentina\")]"}
COMMAND: GET /session/62c6c4e2516ebe3f1de2f3a3d288490f/screenshot - {}
RESULT: {"using":"xpath","value":"//span[contains(text(), \"Argentina\")]"}
COMMAND: POST /session/62c6c4e2516ebe3f1de2f3a3d288490f/element/f.E4C2DC6123E2A493099A271DC72A1D12.d.6B163830EFF4F92AF3D7C4286A55F2BD.e.3702/click - {}
RESULT: {}
RESULT: {}
COMMAND: GET /session/62c6c4e2516ebe3f1de2f3a3d288490f/screenshot - {}
RESULT: {}
COMMAND: POST /session/62c6c4e2516ebe3f1de2f3a3d288490f/element - {"using":"xpath","value":"//bdi[contains(text(), \"Commercial\")]"}
RESULT: {"using":"xpath","value":"//bdi[contains(text(), \"Commercial\")]"}
COMMAND: POST /session/62c6c4e2516ebe3f1de2f3a3d288490f/element/f.E4C2DC6123E2A493099A271DC72A1D12.d.6B163830EFF4F92AF3D7C4286A55F2BD.e.3703/click - {}
RESULT: {}
COMMAND: GET /session/62c6c4e2516ebe3f1de2f3a3d288490f/screenshot - {}
RESULT: {}
RESULT: undefined
COMMAND: POST /session/62c6c4e2516ebe3f1de2f3a3d288490f/element - {"using":"xpath","value":"//*[@id=\"application-managepartners-display-component---NewPartner--partnerDetailInternal-arrow\"]"}
RESULT: {"using":"xpath","value":"//*[@id=\"application-managepartners-display-component---NewPartner--partnerDetailInternal-arrow\"]"}
COMMAND: POST /session/62c6c4e2516ebe3f1de2f3a3d288490f/element/f.E4C2DC6123E2A493099A271DC72A1D12.d.6B163830EFF4F92AF3D7C4286A55F2BD.e.3709/click - {}
RESULT: {}
COMMAND: POST /session/62c6c4e2516ebe3f1de2f3a3d288490f/element - {"using":"xpath","value":"//span[contains(text(), \"External partner\")]"}
COMMAND: GET /session/62c6c4e2516ebe3f1de2f3a3d288490f/screenshot - {}
RESULT: {"using":"xpath","value":"//span[contains(text(), \"External partner\")]"}
COMMAND: POST /session/62c6c4e2516ebe3f1de2f3a3d288490f/element/f.E4C2DC6123E2A493099A271DC72A1D12.d.6B163830EFF4F92AF3D7C4286A55F2BD.e.3710/click - {}
RESULT: {}
RESULT: {}
RESULT: undefined
COMMAND: POST /session/62c6c4e2516ebe3f1de2f3a3d288490f/element - {"using":"xpath","value":"//*[@id=\"application-managepartners-display-component---NewPartner--partnerDetailsCurrency-arrow\"]"}
COMMAND: GET /session/62c6c4e2516ebe3f1de2f3a3d288490f/screenshot - {}
RESULT: {"using":"xpath","value":"//*[@id=\"application-managepartners-display-component---NewPartner--partnerDetailsCurrency-arrow\"]"}
COMMAND: POST /session/62c6c4e2516ebe3f1de2f3a3d288490f/element/f.E4C2DC6123E2A493099A271DC72A1D12.d.6B163830EFF4F92AF3D7C4286A55F2BD.e.3715/click - {}
RESULT: {}
RESULT: {}
COMMAND: POST /session/62c6c4e2516ebe3f1de2f3a3d288490f/element - {"using":"xpath","value":"//span[contains(text(), \"US Dollar\")]"}
COMMAND: GET /session/62c6c4e2516ebe3f1de2f3a3d288490f/screenshot - {}
RESULT: {"using":"xpath","value":"//span[contains(text(), \"US Dollar\")]"}
COMMAND: POST /session/62c6c4e2516ebe3f1de2f3a3d288490f/element/f.E4C2DC6123E2A493099A271DC72A1D12.d.6B163830EFF4F92AF3D7C4286A55F2BD.e.3716/click - {}
RESULT: {}
RESULT: {}
COMMAND: GET /session/62c6c4e2516ebe3f1de2f3a3d288490f/screenshot - {}
RESULT: {}
COMMAND: POST /session/62c6c4e2516ebe3f1de2f3a3d288490f/element - {"using":"xpath","value":"//input[@id=\"application-managepartners-display-component---NewPartner--companyCodeComboBox-inner\"]"}
RESULT: {"using":"xpath","value":"//input[@id=\"application-managepartners-display-component---NewPartner--companyCodeComboBox-inner\"]"}
COMMAND: POST /session/62c6c4e2516ebe3f1de2f3a3d288490f/element/f.E4C2DC6123E2A493099A271DC72A1D12.d.6B163830EFF4F92AF3D7C4286A55F2BD.e.3520/clear - {}
RESULT: {}
COMMAND: POST /session/62c6c4e2516ebe3f1de2f3a3d288490f/element/f.E4C2DC6123E2A493099A271DC72A1D12.d.6B163830EFF4F92AF3D7C4286A55F2BD.e.3520/value - {"text":"C002"}
COMMAND: GET /session/62c6c4e2516ebe3f1de2f3a3d288490f/screenshot - {}
RESULT: {"text":"C002"}
COMMAND: GET /session/62c6c4e2516ebe3f1de2f3a3d288490f/screenshot - {}
RESULT: {}
RESULT: {}
COMMAND: POST /session/62c6c4e2516ebe3f1de2f3a3d288490f/element - {"using":"xpath","value":"//li[.//span[text()= \"C002\"]]"}
RESULT: {"using":"xpath","value":"//li[.//span[text()= \"C002\"]]"}
COMMAND: POST /session/62c6c4e2516ebe3f1de2f3a3d288490f/element/f.E4C2DC6123E2A493099A271DC72A1D12.d.6B163830EFF4F92AF3D7C4286A55F2BD.e.3720/click - {}
RESULT: {}
COMMAND: GET /session/62c6c4e2516ebe3f1de2f3a3d288490f/screenshot - {}
RESULT: {}
RESULT: undefined
COMMAND: POST /session/62c6c4e2516ebe3f1de2f3a3d288490f/element - {"using":"xpath","value":"//*[@id=\"application-managepartners-display-component---NewPartner--btnAddTableRow-img\"]"}
RESULT: {"using":"xpath","value":"//*[@id=\"application-managepartners-display-component---NewPartner--btnAddTableRow-img\"]"}
COMMAND: POST /session/62c6c4e2516ebe3f1de2f3a3d288490f/element/f.E4C2DC6123E2A493099A271DC72A1D12.d.6B163830EFF4F92AF3D7C4286A55F2BD.e.3721/click - {}
RESULT: {}
COMMAND: GET /session/62c6c4e2516ebe3f1de2f3a3d288490f/screenshot - {}
RESULT: {}
COMMAND: POST /session/62c6c4e2516ebe3f1de2f3a3d288490f/element - {"using":"xpath","value":"//input[@id=\"application-managepartners-display-component---NewPartner--assignmentYard-application-managepartners-display-component---NewPartner--assignmentsTable-0-inner\"]"}
RESULT: {"using":"xpath","value":"//input[@id=\"application-managepartners-display-component---NewPartner--assignmentYard-application-managepartners-display-component---NewPartner--assignmentsTable-0-inner\"]"}
COMMAND: POST /session/62c6c4e2516ebe3f1de2f3a3d288490f/element/f.E4C2DC6123E2A493099A271DC72A1D12.d.6B163830EFF4F92AF3D7C4286A55F2BD.e.3724/clear - {}
RESULT: {}
COMMAND: POST /session/62c6c4e2516ebe3f1de2f3a3d288490f/element/f.E4C2DC6123E2A493099A271DC72A1D12.d.6B163830EFF4F92AF3D7C4286A55F2BD.e.3724/value - {"text":"432"}
COMMAND: GET /session/62c6c4e2516ebe3f1de2f3a3d288490f/screenshot - {}
RESULT: {"text":"432"}
COMMAND: GET /session/62c6c4e2516ebe3f1de2f3a3d288490f/screenshot - {}
RESULT: {}
RESULT: {}
COMMAND: POST /session/62c6c4e2516ebe3f1de2f3a3d288490f/element - {"using":"xpath","value":"//li[.//span[text()='432']]"}
RESULT: {"using":"xpath","value":"//li[.//span[text()='432']]"}
COMMAND: POST /session/62c6c4e2516ebe3f1de2f3a3d288490f/element/f.E4C2DC6123E2A493099A271DC72A1D12.d.6B163830EFF4F92AF3D7C4286A55F2BD.e.3731/click - {}
RESULT: {}
COMMAND: GET /session/62c6c4e2516ebe3f1de2f3a3d288490f/screenshot - {}
RESULT: {}
COMMAND: POST /session/62c6c4e2516ebe3f1de2f3a3d288490f/actions - {"actions":[{"id":"action7","type":"key","parameters":{},"actions":[{"type":"keyDown","value":"î€‡"},{"type":"pause","duration":10},{"type":"keyUp","value":"î€‡"}]}]}
RESULT: {"actions":[{"id":"action7","type":"key","parameters":{},"actions":[{"type":"keyDown","value":"î€‡"},{"type":"pause","duration":10},{"type":"keyUp","value":"î€‡"}]}]}
COMMAND: POST /session/62c6c4e2516ebe3f1de2f3a3d288490f/element - {"using":"xpath","value":"//td[contains(@id, \"assignmentsTable-0-cell2\")]/div/div"}
COMMAND: GET /session/62c6c4e2516ebe3f1de2f3a3d288490f/screenshot - {}
RESULT: {"using":"xpath","value":"//td[contains(@id, \"assignmentsTable-0-cell2\")]/div/div"}
COMMAND: POST /session/62c6c4e2516ebe3f1de2f3a3d288490f/element/f.E4C2DC6123E2A493099A271DC72A1D12.d.6B163830EFF4F92AF3D7C4286A55F2BD.e.3734/click - {}
RESULT: {}
RESULT: {}
COMMAND: GET /session/62c6c4e2516ebe3f1de2f3a3d288490f/screenshot - {}
RESULT: {}
COMMAND: POST /session/62c6c4e2516ebe3f1de2f3a3d288490f/element - {"using":"xpath","value":"//button[@data-kt=\"saveButton\"]"}
RESULT: {"using":"xpath","value":"//button[@data-kt=\"saveButton\"]"}
COMMAND: POST /session/62c6c4e2516ebe3f1de2f3a3d288490f/element/f.E4C2DC6123E2A493099A271DC72A1D12.d.6B163830EFF4F92AF3D7C4286A55F2BD.e.3598/click - {}
RESULT: {}
COMMAND: GET /session/62c6c4e2516ebe3f1de2f3a3d288490f/screenshot - {}
RESULT: {}
COMMAND: POST /session/62c6c4e2516ebe3f1de2f3a3d288490f/element - {"using":"xpath","value":"//header[contains(@id, 'ObjectPageLayout-headerTitle')]/div[1]/div[2]/div[2]/span[1]"}
RESULT: {"using":"xpath","value":"//header[contains(@id, 'ObjectPageLayout-headerTitle')]/div[1]/div[2]/div[2]/span[1]"}
COMMAND: POST /session/62c6c4e2516ebe3f1de2f3a3d288490f/elements - {"using":"xpath","value":"//header[contains(@id, 'ObjectPageLayout-headerTitle')]/div[1]/div[2]/div[2]/span[1]"}
RESULT: {"using":"xpath","value":"//header[contains(@id, 'ObjectPageLayout-headerTitle')]/div[1]/div[2]/div[2]/span[1]"}
COMMAND: POST /session/62c6c4e2516ebe3f1de2f3a3d288490f/execute/sync - {"script":"<script> [56 bytes]","args":[{"element-6066-11e4-a52e-4f735466cecf":"f.E4C2DC6123E2A493099A271DC72A1D12.d.6B163830EFF4F92AF3D7C4286A55F2BD.e.3896","ELEMENT":"f.E4C2DC6123E2A493099A271DC72A1D12.d.6B163830EFF4F92AF3D7C4286A55F2BD.e.3896"}]}
RESULT: {"script":"<script> [56 bytes]","args":[{"element-6066-11e4-a52e-4f735466cecf":"f.E4C2DC6123E2A493099A271DC72A1D12.d.6B163830EFF4F92AF3D7C4286A55F2BD.e.3896","ELEMENT":"f.E4C2DC6123E2A493099A271DC72A1D12.d.6B163830EFF4F92AF3D7C4286A55F2BD.e.3896"}]}
COMMAND: POST /session/62c6c4e2516ebe3f1de2f3a3d288490f/element - {"using":"css selector","value":"#shell-header-logo"}
COMMAND: GET /session/62c6c4e2516ebe3f1de2f3a3d288490f/screenshot - {}
RESULT: {"using":"css selector","value":"#shell-header-logo"}
COMMAND: POST /session/62c6c4e2516ebe3f1de2f3a3d288490f/element/f.E4C2DC6123E2A493099A271DC72A1D12.d.6B163830EFF4F92AF3D7C4286A55F2BD.e.3209/click - {}
RESULT: {}
RESULT: {}
COMMAND: GET /session/62c6c4e2516ebe3f1de2f3a3d288490f/screenshot - {}
RESULT: {}
COMMAND: POST /session/62c6c4e2516ebe3f1de2f3a3d288490f/execute/sync - {"script":"<script> [299 bytes]","args":[["getModel","getResource"]]}
RESULT: {"script":"<script> [299 bytes]","args":[["getModel","getResource"]]}
COMMAND: GET /session/62c6c4e2516ebe3f1de2f3a3d288490f/screenshot - {}
COMMAND: POST /session/62c6c4e2516ebe3f1de2f3a3d288490f/refresh - {}
RESULT: {}
RESULT: {}
COMMAND: GET /session/62c6c4e2516ebe3f1de2f3a3d288490f/screenshot - {}
RESULT: {}
COMMAND: POST /session/62c6c4e2516ebe3f1de2f3a3d288490f/refresh - {}
RESULT: {}
COMMAND: GET /session/62c6c4e2516ebe3f1de2f3a3d288490f/screenshot - {}
RESULT: {}
COMMAND: POST /session/62c6c4e2516ebe3f1de2f3a3d288490f/window/fullscreen - {}
RESULT: {}
COMMAND: POST /session/62c6c4e2516ebe3f1de2f3a3d288490f/execute/async - {"script":"<script> [189 bytes]","args":[]}
RESULT: {"script":"<script> [189 bytes]","args":[]}
COMMAND: POST /session/62c6c4e2516ebe3f1de2f3a3d288490f/execute/async - {"script":"<script> [123 bytes]","args":[]}
RESULT: {"script":"<script> [123 bytes]","args":[]}
COMMAND: POST /session/62c6c4e2516ebe3f1de2f3a3d288490f/timeouts - {"script":"<number>"}
RESULT: {"script":"<number>"}
COMMAND: GET /session/62c6c4e2516ebe3f1de2f3a3d288490f/timeouts - {}
RESULT: {}
RESULT: undefined
COMMAND: POST /session/62c6c4e2516ebe3f1de2f3a3d288490f/execute/async - {"script":"<script> [2676 bytes]","args":[]}
RESULT: {"script":"<script> [2676 bytes]","args":[]}
COMMAND: POST /session/62c6c4e2516ebe3f1de2f3a3d288490f/execute/async - {"script":"<script> [2342 bytes]","args":[{"protocol":"http","hostname":"0.0.0.0","path":"/","capabilities":{"browserName":"chrome","goog:chromeOptions":{"binary":"C:\\Program Files\\Google\\Chrome\\Application\\chrome.exe","args":["--start-maximized"]}},"logLevel":"warn","connectionRetryTimeout":120000,"connectionRetryCount":3,"logLevels":{},"enableDirectConnect":true,"strictSSL":true,"_":"65 more keys: [\"cacheDir\",\"port\",\"requestedCapabilities\",\"automationProtocol\",\"baseUrl\",\"waitforInterval\",\"waitforTimeout\",\"onReload\",\"beforeCommand\",\"afterCommand\",\"rootDir\",\"specs\",\"suites\",\"exclude\",\"groupLogsByTestSpec\",\"excludeDriverLogs\",\"bail\",\"framework\",\"reporters\",\"services\",\"maxInstances\",\"maxInstancesPerCapability\",\"injectGlobals\",\"filesToWatch\",\"execArgv\",\"runnerEnv\",\"runner\",\"shard\",\"specFileRetries\",\"specFileRetriesDelay\",\"specFileRetriesDeferred\",\"reporterSyncInterval\",\"reporterSyncTimeout\",\"cucumberFeaturesWithLineNumbers\",\"autoCompileOpts\",\"mochaOpts\",\"jasmineOpts\",\"cucumberOpts\",\"onPrepare\",\"onWorkerStart\",\"onWorkerEnd\",\"before\",\"beforeSession\",\"beforeSuite\",\"beforeHook\",\"beforeTest\",\"afterTest\",\"afterHook\",\"afterSuite\",\"afterSession\",\"after\",\"onComplete\",\"beforeAssertion\",\"afterAssertion\",\"beforeFeature\",\"beforeScenario\",\"beforeStep\",\"afterStep\",\"afterScenario\",\"afterFeature\",\"_\",\"suite\",\"$0\",\"ignoredWorkerServices\",\"wdi5\"]"}]}
RESULT: {"script":"<script> [2342 bytes]","args":[{"protocol":"http","hostname":"0.0.0.0","path":"/","capabilities":{"browserName":"chrome","goog:chromeOptions":{"binary":"C:\\Program Files\\Google\\Chrome\\Application\\chrome.exe","args":["--start-maximized"]}},"logLevel":"warn","connectionRetryTimeout":120000,"connectionRetryCount":3,"logLevels":{},"enableDirectConnect":true,"strictSSL":true,"_":"65 more keys: [\"cacheDir\",\"port\",\"requestedCapabilities\",\"automationProtocol\",\"baseUrl\",\"waitforInterval\",\"waitforTimeout\",\"onReload\",\"beforeCommand\",\"afterCommand\",\"rootDir\",\"specs\",\"suites\",\"exclude\",\"groupLogsByTestSpec\",\"excludeDriverLogs\",\"bail\",\"framework\",\"reporters\",\"services\",\"maxInstances\",\"maxInstancesPerCapability\",\"injectGlobals\",\"filesToWatch\",\"execArgv\",\"runnerEnv\",\"runner\",\"shard\",\"specFileRetries\",\"specFileRetriesDelay\",\"specFileRetriesDeferred\",\"reporterSyncInterval\",\"reporterSyncTimeout\",\"cucumberFeaturesWithLineNumbers\",\"autoCompileOpts\",\"mochaOpts\",\"jasmineOpts\",\"cucumberOpts\",\"onPrepare\",\"onWorkerStart\",\"onWorkerEnd\",\"before\",\"beforeSession\",\"beforeSuite\",\"beforeHook\",\"beforeTest\",\"afterTest\",\"afterHook\",\"afterSuite\",\"afterSession\",\"after\",\"onComplete\",\"beforeAssertion\",\"afterAssertion\",\"beforeFeature\",\"beforeScenario\",\"beforeStep\",\"afterStep\",\"afterScenario\",\"afterFeature\",\"_\",\"suite\",\"$0\",\"ignoredWorkerServices\",\"wdi5\"]"}]}
COMMAND: POST /session/62c6c4e2516ebe3f1de2f3a3d288490f/execute/async - {"script":"<script> [21126 bytes]","args":[35000]}
RESULT: {"script":"<script> [21126 bytes]","args":[35000]}
COMMAND: POST /session/62c6c4e2516ebe3f1de2f3a3d288490f/element - {"using":"css selector","value":"#shell-header-logo"}
RESULT: {"using":"css selector","value":"#shell-header-logo"}
COMMAND: POST /session/62c6c4e2516ebe3f1de2f3a3d288490f/element/f.E4C2DC6123E2A493099A271DC72A1D12.d.6E3710629C6513942CAC2AD71C5D1E79.e.4038/click - {}
RESULT: {}
COMMAND: GET /session/62c6c4e2516ebe3f1de2f3a3d288490f/screenshot - {}
RESULT: {}
COMMAND: POST /session/62c6c4e2516ebe3f1de2f3a3d288490f/execute/async - {"script":"<script> [1562 bytes]","args":[{"selector":{"controlType":"sap.m.GenericTile","properties":{"header":"Manage Sites"}},"wdio_ui5_key":"sapm.GenericTile{\"header\":\"Manage Sites\"}"}]}
RESULT: {"script":"<script> [1562 bytes]","args":[{"selector":{"controlType":"sap.m.GenericTile","properties":{"header":"Manage Sites"}},"wdio_ui5_key":"sapm.GenericTile{\"header\":\"Manage Sites\"}"}]}
RESULT: undefined
COMMAND: POST /session/62c6c4e2516ebe3f1de2f3a3d288490f/element - {"using":"xpath","value":"//*[@id=\"__tile32\"]"}
RESULT: {"using":"xpath","value":"//*[@id=\"__tile32\"]"}
COMMAND: POST /session/62c6c4e2516ebe3f1de2f3a3d288490f/element/f.E4C2DC6123E2A493099A271DC72A1D12.d.6E3710629C6513942CAC2AD71C5D1E79.e.3966/click - {}
RESULT: {}
COMMAND: GET /session/62c6c4e2516ebe3f1de2f3a3d288490f/screenshot - {}
RESULT: {}
COMMAND: POST /session/62c6c4e2516ebe3f1de2f3a3d288490f/elements - {"using":"xpath","value":"//span[text()='Error']"}
RESULT: {"using":"xpath","value":"//span[text()='Error']"}
]]></system-out>
    </testcase>
  </testsuite>
  <testsuite timestamp="2025-05-16T05:50:42" time="178.913" tests="2" failures="0" errors="0" skipped="0">
    <properties>
      <property name="specId" value="0" />
      <property name="suiteName" value="Create 2 sites US118246" />
      <property name="capabilities" value="chrome.136_0_7103_93.windows" />
      <property name="file" value="file:///D:/a/1/s/test/specs/R2C/create-site.spec.js" />
    </properties>
    <testcase classname="chrome.136_0_7103_93.windows.Create_2_sites_US118246" name="Should create new site" time="69.116">
      <system-out><![CDATA[
COMMAND: POST /session/62c6c4e2516ebe3f1de2f3a3d288490f/execute/async - {"script":"<script> [1562 bytes]","args":[{"selector":{"controlType":"sap.m.Title","viewName":"etm.portal.ui.managesites.view.Master","viewId":"application-managesites-display-component---masterSite","i18NText":{"propertyName":"text","key":"sites"}},"wdio_ui5_key":"etmportal.ui.managesites.view.Mastersap.m.Title{\"propertyName\":\"text\",\"key\":\"sites\"}"}]}
RESULT: {"script":"<script> [1562 bytes]","args":[{"selector":{"controlType":"sap.m.Title","viewName":"etm.portal.ui.managesites.view.Master","viewId":"application-managesites-display-component---masterSite","i18NText":{"propertyName":"text","key":"sites"}},"wdio_ui5_key":"etmportal.ui.managesites.view.Mastersap.m.Title{\"propertyName\":\"text\",\"key\":\"sites\"}"}]}
RESULT: undefined
COMMAND: POST /session/62c6c4e2516ebe3f1de2f3a3d288490f/execute/async - {"script":"<script> [6424 bytes]","args":[{"element-6066-11e4-a52e-4f735466cecf":"f.E4C2DC6123E2A493099A271DC72A1D12.d.6E3710629C6513942CAC2AD71C5D1E79.e.4211"},"getText",[]]}
RESULT: {"script":"<script> [6424 bytes]","args":[{"element-6066-11e4-a52e-4f735466cecf":"f.E4C2DC6123E2A493099A271DC72A1D12.d.6E3710629C6513942CAC2AD71C5D1E79.e.4211"},"getText",[]]}
COMMAND: POST /session/62c6c4e2516ebe3f1de2f3a3d288490f/execute/async - {"script":"<script> [1562 bytes]","args":[{"selector":{"controlType":"sap.ui.core.Icon","viewName":"etm.portal.ui.managesites.view.Master","viewId":"application-managesites-display-component---masterSite","properties":{"src":{"regex":{"source":"add"}}}},"wdio_ui5_key":"etmportal.ui.managesites.view.Mastersap.ui.core.Icon{\"src\":{\"regex\":{\"source\":\"add\"}}}"}]}
RESULT: {"script":"<script> [1562 bytes]","args":[{"selector":{"controlType":"sap.ui.core.Icon","viewName":"etm.portal.ui.managesites.view.Master","viewId":"application-managesites-display-component---masterSite","properties":{"src":{"regex":{"source":"add"}}}},"wdio_ui5_key":"etmportal.ui.managesites.view.Mastersap.ui.core.Icon{\"src\":{\"regex\":{\"source\":\"add\"}}}"}]}
RESULT: undefined
COMMAND: POST /session/62c6c4e2516ebe3f1de2f3a3d288490f/element - {"using":"xpath","value":"//*[@id=\"__button4-img\"]"}
RESULT: {"using":"xpath","value":"//*[@id=\"__button4-img\"]"}
COMMAND: POST /session/62c6c4e2516ebe3f1de2f3a3d288490f/element/f.E4C2DC6123E2A493099A271DC72A1D12.d.6E3710629C6513942CAC2AD71C5D1E79.e.4087/click - {}
RESULT: {}
COMMAND: POST /session/62c6c4e2516ebe3f1de2f3a3d288490f/execute/async - {"script":"<script> [1562 bytes]","args":[{"selector":{"id":"application-managesites-display-component---NewSite--siteId","interaction":{"idSuffix":"inner"}},"wdio_ui5_key":"applicationmanagesites-display-component---NewSite--siteId"}]}
COMMAND: GET /session/62c6c4e2516ebe3f1de2f3a3d288490f/screenshot - {}
RESULT: {"script":"<script> [1562 bytes]","args":[{"selector":{"id":"application-managesites-display-component---NewSite--siteId","interaction":{"idSuffix":"inner"}},"wdio_ui5_key":"applicationmanagesites-display-component---NewSite--siteId"}]}
RESULT: undefined
COMMAND: POST /session/62c6c4e2516ebe3f1de2f3a3d288490f/execute/async - {"script":"<script> [1562 bytes]","args":[{"selector":{"id":"application-managesites-display-component---NewSite--addressDetailDetailsName1","interaction":{"idSuffix":"inner"}},"wdio_ui5_key":"applicationmanagesites-display-component---NewSite--addressDetailDetailsName1"}]}
RESULT: {}
RESULT: {"script":"<script> [1562 bytes]","args":[{"selector":{"id":"application-managesites-display-component---NewSite--addressDetailDetailsName1","interaction":{"idSuffix":"inner"}},"wdio_ui5_key":"applicationmanagesites-display-component---NewSite--addressDetailDetailsName1"}]}
RESULT: undefined
COMMAND: POST /session/62c6c4e2516ebe3f1de2f3a3d288490f/execute/async - {"script":"<script> [776 bytes]","args":[{"enterText":"Webdriver Site fmr9p","selector":{"id":"application-managesites-display-component---NewSite--addressDetailDetailsName1","interaction":{"idSuffix":"inner"}},"clearTextFirst":true,"interactionType":"ENTER_TEXT"}]}
RESULT: {"script":"<script> [776 bytes]","args":[{"enterText":"Webdriver Site fmr9p","selector":{"id":"application-managesites-display-component---NewSite--addressDetailDetailsName1","interaction":{"idSuffix":"inner"}},"clearTextFirst":true,"interactionType":"ENTER_TEXT"}]}
COMMAND: POST /session/62c6c4e2516ebe3f1de2f3a3d288490f/execute/async - {"script":"<script> [1562 bytes]","args":[{"selector":{"id":"application-managesites-display-component---NewSite--addressDetailDetailsLanguage","interaction":{"idSuffix":"inner"}},"wdio_ui5_key":"applicationmanagesites-display-component---NewSite--addressDetailDetailsLanguage"}]}
RESULT: {"script":"<script> [1562 bytes]","args":[{"selector":{"id":"application-managesites-display-component---NewSite--addressDetailDetailsLanguage","interaction":{"idSuffix":"inner"}},"wdio_ui5_key":"applicationmanagesites-display-component---NewSite--addressDetailDetailsLanguage"}]}
RESULT: undefined
COMMAND: POST /session/62c6c4e2516ebe3f1de2f3a3d288490f/execute/async - {"script":"<script> [776 bytes]","args":[{"enterText":"Romanian","selector":{"id":"application-managesites-display-component---NewSite--addressDetailDetailsLanguage","interaction":{"idSuffix":"inner"}},"clearTextFirst":true,"interactionType":"ENTER_TEXT"}]}
RESULT: {"script":"<script> [776 bytes]","args":[{"enterText":"Romanian","selector":{"id":"application-managesites-display-component---NewSite--addressDetailDetailsLanguage","interaction":{"idSuffix":"inner"}},"clearTextFirst":true,"interactionType":"ENTER_TEXT"}]}
COMMAND: POST /session/62c6c4e2516ebe3f1de2f3a3d288490f/execute/async - {"script":"<script> [1562 bytes]","args":[{"selector":{"id":"application-managesites-display-component---NewSite--addressDetailDetailsCity1","interaction":{"idSuffix":"inner"}},"wdio_ui5_key":"applicationmanagesites-display-component---NewSite--addressDetailDetailsCity1"}]}
RESULT: {"script":"<script> [1562 bytes]","args":[{"selector":{"id":"application-managesites-display-component---NewSite--addressDetailDetailsCity1","interaction":{"idSuffix":"inner"}},"wdio_ui5_key":"applicationmanagesites-display-component---NewSite--addressDetailDetailsCity1"}]}
RESULT: undefined
COMMAND: POST /session/62c6c4e2516ebe3f1de2f3a3d288490f/execute/async - {"script":"<script> [776 bytes]","args":[{"enterText":"Bucharest","selector":{"id":"application-managesites-display-component---NewSite--addressDetailDetailsCity1","interaction":{"idSuffix":"inner"}},"clearTextFirst":true,"interactionType":"ENTER_TEXT"}]}
RESULT: {"script":"<script> [776 bytes]","args":[{"enterText":"Bucharest","selector":{"id":"application-managesites-display-component---NewSite--addressDetailDetailsCity1","interaction":{"idSuffix":"inner"}},"clearTextFirst":true,"interactionType":"ENTER_TEXT"}]}
COMMAND: POST /session/62c6c4e2516ebe3f1de2f3a3d288490f/execute/async - {"script":"<script> [1562 bytes]","args":[{"selector":{"id":"application-managesites-display-component---NewSite--addressDetailDetailsCountry","interaction":{"idSuffix":"inner"}},"wdio_ui5_key":"applicationmanagesites-display-component---NewSite--addressDetailDetailsCountry"}]}
RESULT: {"script":"<script> [1562 bytes]","args":[{"selector":{"id":"application-managesites-display-component---NewSite--addressDetailDetailsCountry","interaction":{"idSuffix":"inner"}},"wdio_ui5_key":"applicationmanagesites-display-component---NewSite--addressDetailDetailsCountry"}]}
RESULT: undefined
COMMAND: POST /session/62c6c4e2516ebe3f1de2f3a3d288490f/execute/async - {"script":"<script> [776 bytes]","args":[{"enterText":"Romania","selector":{"id":"application-managesites-display-component---NewSite--addressDetailDetailsCountry","interaction":{"idSuffix":"inner"}},"clearTextFirst":true,"interactionType":"ENTER_TEXT"}]}
RESULT: {"script":"<script> [776 bytes]","args":[{"enterText":"Romania","selector":{"id":"application-managesites-display-component---NewSite--addressDetailDetailsCountry","interaction":{"idSuffix":"inner"}},"clearTextFirst":true,"interactionType":"ENTER_TEXT"}]}
COMMAND: POST /session/62c6c4e2516ebe3f1de2f3a3d288490f/execute/async - {"script":"<script> [1562 bytes]","args":[{"selector":{"id":"application-managesites-display-component---NewSite--addressDetailDetailsCalendar","interaction":{"idSuffix":"inner"}},"wdio_ui5_key":"applicationmanagesites-display-component---NewSite--addressDetailDetailsCalendar"}]}
RESULT: {"script":"<script> [1562 bytes]","args":[{"selector":{"id":"application-managesites-display-component---NewSite--addressDetailDetailsCalendar","interaction":{"idSuffix":"inner"}},"wdio_ui5_key":"applicationmanagesites-display-component---NewSite--addressDetailDetailsCalendar"}]}
RESULT: undefined
COMMAND: POST /session/62c6c4e2516ebe3f1de2f3a3d288490f/execute/async - {"script":"<script> [776 bytes]","args":[{"enterText":"Germany","selector":{"id":"application-managesites-display-component---NewSite--addressDetailDetailsCalendar","interaction":{"idSuffix":"inner"}},"clearTextFirst":true,"interactionType":"ENTER_TEXT"}]}
RESULT: {"script":"<script> [776 bytes]","args":[{"enterText":"Germany","selector":{"id":"application-managesites-display-component---NewSite--addressDetailDetailsCalendar","interaction":{"idSuffix":"inner"}},"clearTextFirst":true,"interactionType":"ENTER_TEXT"}]}
COMMAND: POST /session/62c6c4e2516ebe3f1de2f3a3d288490f/execute/async - {"script":"<script> [1562 bytes]","args":[{"selector":{"id":"application-managesites-display-component---NewSite--addressEditDetailsCostObjectCstType-arrow"},"wdio_ui5_key":"applicationmanagesites-display-component---NewSite--addressEditDetailsCostObjectCstType-arrow"}]}
RESULT: {"script":"<script> [1562 bytes]","args":[{"selector":{"id":"application-managesites-display-component---NewSite--addressEditDetailsCostObjectCstType-arrow"},"wdio_ui5_key":"applicationmanagesites-display-component---NewSite--addressEditDetailsCostObjectCstType-arrow"}]}
RESULT: undefined
COMMAND: POST /session/62c6c4e2516ebe3f1de2f3a3d288490f/element - {"using":"xpath","value":"//*[@id=\"application-managesites-display-component---NewSite--addressEditDetailsCostObjectCstType-arrow\"]"}
RESULT: {"using":"xpath","value":"//*[@id=\"application-managesites-display-component---NewSite--addressEditDetailsCostObjectCstType-arrow\"]"}
COMMAND: POST /session/62c6c4e2516ebe3f1de2f3a3d288490f/element/f.E4C2DC6123E2A493099A271DC72A1D12.d.6E3710629C6513942CAC2AD71C5D1E79.e.4481/click - {}
RESULT: {}
COMMAND: POST /session/62c6c4e2516ebe3f1de2f3a3d288490f/element - {"using":"xpath","value":"//span[contains(text(), \"Work Breakdown Structure\")]"}
COMMAND: GET /session/62c6c4e2516ebe3f1de2f3a3d288490f/screenshot - {}
RESULT: {"using":"xpath","value":"//span[contains(text(), \"Work Breakdown Structure\")]"}
COMMAND: POST /session/62c6c4e2516ebe3f1de2f3a3d288490f/element/f.E4C2DC6123E2A493099A271DC72A1D12.d.6E3710629C6513942CAC2AD71C5D1E79.e.4482/click - {}
RESULT: {}
RESULT: {}
COMMAND: GET /session/62c6c4e2516ebe3f1de2f3a3d288490f/screenshot - {}
RESULT: {}
COMMAND: POST /session/62c6c4e2516ebe3f1de2f3a3d288490f/execute/async - {"script":"<script> [1562 bytes]","args":[{"selector":{"id":"application-managesites-display-component---NewSite--addressNewCostObjectCstID-vhi"},"wdio_ui5_key":"applicationmanagesites-display-component---NewSite--addressNewCostObjectCstID-vhi"}]}
RESULT: {"script":"<script> [1562 bytes]","args":[{"selector":{"id":"application-managesites-display-component---NewSite--addressNewCostObjectCstID-vhi"},"wdio_ui5_key":"applicationmanagesites-display-component---NewSite--addressNewCostObjectCstID-vhi"}]}
RESULT: undefined
COMMAND: POST /session/62c6c4e2516ebe3f1de2f3a3d288490f/element - {"using":"xpath","value":"//*[@id=\"application-managesites-display-component---NewSite--addressNewCostObjectCstID-vhi\"]"}
RESULT: {"using":"xpath","value":"//*[@id=\"application-managesites-display-component---NewSite--addressNewCostObjectCstID-vhi\"]"}
COMMAND: POST /session/62c6c4e2516ebe3f1de2f3a3d288490f/element/f.E4C2DC6123E2A493099A271DC72A1D12.d.6E3710629C6513942CAC2AD71C5D1E79.e.4486/click - {}
RESULT: {}
COMMAND: GET /session/62c6c4e2516ebe3f1de2f3a3d288490f/screenshot - {}
RESULT: {}
COMMAND: POST /session/62c6c4e2516ebe3f1de2f3a3d288490f/execute/async - {"script":"<script> [1562 bytes]","args":[{"selector":{"controlType":"sap.m.SearchField","properties":{"placeholder":"Search"},"searchOpenDialogs":true,"interaction":{"idSuffix":"I"}},"wdio_ui5_key":"sapm.SearchField{\"placeholder\":\"Search\"}"}]}
RESULT: {"script":"<script> [1562 bytes]","args":[{"selector":{"controlType":"sap.m.SearchField","properties":{"placeholder":"Search"},"searchOpenDialogs":true,"interaction":{"idSuffix":"I"}},"wdio_ui5_key":"sapm.SearchField{\"placeholder\":\"Search\"}"}]}
RESULT: undefined
COMMAND: POST /session/62c6c4e2516ebe3f1de2f3a3d288490f/execute/async - {"script":"<script> [776 bytes]","args":[{"enterText":"A1-000100-01","selector":{"controlType":"sap.m.SearchField","properties":{"placeholder":"Search"},"searchOpenDialogs":true,"interaction":{"idSuffix":"I"}},"clearTextFirst":true,"interactionType":"ENTER_TEXT"}]}
RESULT: {"script":"<script> [776 bytes]","args":[{"enterText":"A1-000100-01","selector":{"controlType":"sap.m.SearchField","properties":{"placeholder":"Search"},"searchOpenDialogs":true,"interaction":{"idSuffix":"I"}},"clearTextFirst":true,"interactionType":"ENTER_TEXT"}]}
COMMAND: POST /session/62c6c4e2516ebe3f1de2f3a3d288490f/actions - {"actions":[{"id":"action8","type":"key","parameters":{},"actions":[{"type":"keyDown","value":"î€‡"},{"type":"pause","duration":10},{"type":"keyUp","value":"î€‡"}]}]}
RESULT: {"actions":[{"id":"action8","type":"key","parameters":{},"actions":[{"type":"keyDown","value":"î€‡"},{"type":"pause","duration":10},{"type":"keyUp","value":"î€‡"}]}]}
COMMAND: GET /session/62c6c4e2516ebe3f1de2f3a3d288490f/screenshot - {}
RESULT: {}
COMMAND: POST /session/62c6c4e2516ebe3f1de2f3a3d288490f/element - {"using":"xpath","value":"//span[contains(text(), \"Template for ETO-Process\")]"}
RESULT: {"using":"xpath","value":"//span[contains(text(), \"Template for ETO-Process\")]"}
COMMAND: POST /session/62c6c4e2516ebe3f1de2f3a3d288490f/element/f.E4C2DC6123E2A493099A271DC72A1D12.d.6E3710629C6513942CAC2AD71C5D1E79.e.4506/click - {}
RESULT: {}
COMMAND: GET /session/62c6c4e2516ebe3f1de2f3a3d288490f/screenshot - {}
RESULT: {}
COMMAND: POST /session/62c6c4e2516ebe3f1de2f3a3d288490f/element - {"using":"xpath","value":"//bdi[contains(text(), \"OK\")]"}
RESULT: {"using":"xpath","value":"//bdi[contains(text(), \"OK\")]"}
COMMAND: POST /session/62c6c4e2516ebe3f1de2f3a3d288490f/element/f.E4C2DC6123E2A493099A271DC72A1D12.d.6E3710629C6513942CAC2AD71C5D1E79.e.4507/click - {}
RESULT: {}
COMMAND: GET /session/62c6c4e2516ebe3f1de2f3a3d288490f/screenshot - {}
RESULT: {}
COMMAND: POST /session/62c6c4e2516ebe3f1de2f3a3d288490f/element - {"using":"xpath","value":"//input[@id=\"application-managesites-display-component---NewSite--addressDetailDetailsYard-inner\"]"}
RESULT: {"using":"xpath","value":"//input[@id=\"application-managesites-display-component---NewSite--addressDetailDetailsYard-inner\"]"}
COMMAND: POST /session/62c6c4e2516ebe3f1de2f3a3d288490f/element/f.E4C2DC6123E2A493099A271DC72A1D12.d.6E3710629C6513942CAC2AD71C5D1E79.e.4279/value - {"text":"430"}
RESULT: {"text":"430"}
COMMAND: GET /session/62c6c4e2516ebe3f1de2f3a3d288490f/screenshot - {}
RESULT: {}
COMMAND: POST /session/62c6c4e2516ebe3f1de2f3a3d288490f/actions - {"actions":[{"id":"action9","type":"key","parameters":{},"actions":[{"type":"keyDown","value":"î€‡"},{"type":"pause","duration":10},{"type":"keyUp","value":"î€‡"}]}]}
RESULT: {"actions":[{"id":"action9","type":"key","parameters":{},"actions":[{"type":"keyDown","value":"î€‡"},{"type":"pause","duration":10},{"type":"keyUp","value":"î€‡"}]}]}
COMMAND: GET /session/62c6c4e2516ebe3f1de2f3a3d288490f/screenshot - {}
RESULT: {}
COMMAND: POST /session/62c6c4e2516ebe3f1de2f3a3d288490f/element - {"using":"xpath","value":"//input[@id=\"application-managesites-display-component---NewSite--addressDetailDetailsPartner-inner\"]"}
RESULT: {"using":"xpath","value":"//input[@id=\"application-managesites-display-component---NewSite--addressDetailDetailsPartner-inner\"]"}
COMMAND: POST /session/62c6c4e2516ebe3f1de2f3a3d288490f/elements - {"using":"xpath","value":"//input[@id=\"application-managesites-display-component---NewSite--addressDetailDetailsPartner-inner\"]"}
RESULT: {"using":"xpath","value":"//input[@id=\"application-managesites-display-component---NewSite--addressDetailDetailsPartner-inner\"]"}
COMMAND: POST /session/62c6c4e2516ebe3f1de2f3a3d288490f/execute/async - {"script":"<script> [1562 bytes]","args":[{"selector":{"controlType":"sap.m.Button","viewName":"etm.portal.ui.managesites.view.NewSmartSite","viewId":"application-managesites-display-component---NewSite","properties":{"text":"Commercial"},"interaction":{"idSuffix":"BDI-content"}},"wdio_ui5_key":"etmportal.ui.managesites.view.NewSmartSitesap.m.Button{\"text\":\"Commercial\"}"}]}
RESULT: {"script":"<script> [1562 bytes]","args":[{"selector":{"controlType":"sap.m.Button","viewName":"etm.portal.ui.managesites.view.NewSmartSite","viewId":"application-managesites-display-component---NewSite","properties":{"text":"Commercial"},"interaction":{"idSuffix":"BDI-content"}},"wdio_ui5_key":"etmportal.ui.managesites.view.NewSmartSitesap.m.Button{\"text\":\"Commercial\"}"}]}
RESULT: undefined
COMMAND: POST /session/62c6c4e2516ebe3f1de2f3a3d288490f/element - {"using":"xpath","value":"//*[@id=\"application-managesites-display-component---NewSite--ObjectPageLayout-anchBar-__section5-anchor\"]"}
RESULT: {"using":"xpath","value":"//*[@id=\"application-managesites-display-component---NewSite--ObjectPageLayout-anchBar-__section5-anchor\"]"}
COMMAND: POST /session/62c6c4e2516ebe3f1de2f3a3d288490f/element/f.E4C2DC6123E2A493099A271DC72A1D12.d.6E3710629C6513942CAC2AD71C5D1E79.e.4514/click - {}
RESULT: {}
COMMAND: POST /session/62c6c4e2516ebe3f1de2f3a3d288490f/execute/async - {"script":"<script> [1562 bytes]","args":[{"selector":{"controlType":"sap.m.Button","viewName":"etm.portal.ui.managesites.view.NewSmartSite","viewId":"application-managesites-display-component---NewSite","i18NText":{"propertyName":"text","key":"save"},"interaction":{"idSuffix":"BDI-content"}},"wdio_ui5_key":"etmportal.ui.managesites.view.NewSmartSitesap.m.Button{\"propertyName\":\"text\",\"key\":\"save\"}"}]}
COMMAND: GET /session/62c6c4e2516ebe3f1de2f3a3d288490f/screenshot - {}
RESULT: {"script":"<script> [1562 bytes]","args":[{"selector":{"controlType":"sap.m.Button","viewName":"etm.portal.ui.managesites.view.NewSmartSite","viewId":"application-managesites-display-component---NewSite","i18NText":{"propertyName":"text","key":"save"},"interaction":{"idSuffix":"BDI-content"}},"wdio_ui5_key":"etmportal.ui.managesites.view.NewSmartSitesap.m.Button{\"propertyName\":\"text\",\"key\":\"save\"}"}]}
RESULT: undefined
COMMAND: POST /session/62c6c4e2516ebe3f1de2f3a3d288490f/element - {"using":"xpath","value":"//*[@id=\"__button16\"]"}
RESULT: {}
RESULT: {"using":"xpath","value":"//*[@id=\"__button16\"]"}
COMMAND: POST /session/62c6c4e2516ebe3f1de2f3a3d288490f/element/f.E4C2DC6123E2A493099A271DC72A1D12.d.6E3710629C6513942CAC2AD71C5D1E79.e.4410/click - {}
RESULT: {}
COMMAND: GET /session/62c6c4e2516ebe3f1de2f3a3d288490f/screenshot - {}
RESULT: {}
COMMAND: POST /session/62c6c4e2516ebe3f1de2f3a3d288490f/execute/async - {"script":"<script> [1562 bytes]","args":[{"selector":{"id":"application-managesites-display-component---detailSite--addressDetailDetailsYardText"},"wdio_ui5_key":"applicationmanagesites-display-component---detailSite--addressDetailDetailsYardText"}]}
RESULT: {"script":"<script> [1562 bytes]","args":[{"selector":{"id":"application-managesites-display-component---detailSite--addressDetailDetailsYardText"},"wdio_ui5_key":"applicationmanagesites-display-component---detailSite--addressDetailDetailsYardText"}]}
RESULT: undefined
COMMAND: POST /session/62c6c4e2516ebe3f1de2f3a3d288490f/element - {"using":"xpath","value":"//header/div/div[2]/div[2]/span"}
RESULT: {"using":"xpath","value":"//header/div/div[2]/div[2]/span"}
COMMAND: GET /session/62c6c4e2516ebe3f1de2f3a3d288490f/element/f.E4C2DC6123E2A493099A271DC72A1D12.d.6E3710629C6513942CAC2AD71C5D1E79.e.4737/text - {}
RESULT: {}
COMMAND: POST /session/62c6c4e2516ebe3f1de2f3a3d288490f/execute/async - {"script":"<script> [1562 bytes]","args":[{"selector":{"controlType":"sap.m.Label","viewName":"etm.portal.ui.managesites.view.Detail","viewId":"application-managesites-display-component---detailSite","i18NText":{"propertyName":"text","key":"status"}},"wdio_ui5_key":"etmportal.ui.managesites.view.Detailsap.m.Label{\"propertyName\":\"text\",\"key\":\"status\"}"}]}
RESULT: {"script":"<script> [1562 bytes]","args":[{"selector":{"controlType":"sap.m.Label","viewName":"etm.portal.ui.managesites.view.Detail","viewId":"application-managesites-display-component---detailSite","i18NText":{"propertyName":"text","key":"status"}},"wdio_ui5_key":"etmportal.ui.managesites.view.Detailsap.m.Label{\"propertyName\":\"text\",\"key\":\"status\"}"}]}
RESULT: undefined
COMMAND: POST /session/62c6c4e2516ebe3f1de2f3a3d288490f/execute/async - {"script":"<script> [6424 bytes]","args":[{"element-6066-11e4-a52e-4f735466cecf":"f.E4C2DC6123E2A493099A271DC72A1D12.d.6E3710629C6513942CAC2AD71C5D1E79.e.4722"},"getText",[]]}
RESULT: {"script":"<script> [6424 bytes]","args":[{"element-6066-11e4-a52e-4f735466cecf":"f.E4C2DC6123E2A493099A271DC72A1D12.d.6E3710629C6513942CAC2AD71C5D1E79.e.4722"},"getText",[]]}
]]></system-out>
    </testcase>
    <testcase classname="chrome.136_0_7103_93.windows.Create_2_sites_US118246" name="Should create WHM site" time="54.175">
      <system-out><![CDATA[
RESULT: undefined
COMMAND: POST /session/62c6c4e2516ebe3f1de2f3a3d288490f/element - {"using":"xpath","value":"//*[@id=\"__button4-img\"]"}
RESULT: {"using":"xpath","value":"//*[@id=\"__button4-img\"]"}
COMMAND: POST /session/62c6c4e2516ebe3f1de2f3a3d288490f/element/f.E4C2DC6123E2A493099A271DC72A1D12.d.6E3710629C6513942CAC2AD71C5D1E79.e.4738/click - {}
RESULT: {}
COMMAND: GET /session/62c6c4e2516ebe3f1de2f3a3d288490f/screenshot - {}
RESULT: {}
RESULT: undefined
COMMAND: POST /session/62c6c4e2516ebe3f1de2f3a3d288490f/execute/async - {"script":"<script> [1562 bytes]","args":[{"selector":{"controlType":"sap.m.Button","viewName":"etm.portal.ui.managesites.view.NewSmartSite","viewId":"application-managesites-display-component---NewSite","properties":{"text":"General Information"},"interaction":{"idSuffix":"BDI-content"}},"wdio_ui5_key":"etmportal.ui.managesites.view.NewSmartSitesap.m.Button{\"text\":\"General Information\"}"}]}
RESULT: {"script":"<script> [1562 bytes]","args":[{"selector":{"controlType":"sap.m.Button","viewName":"etm.portal.ui.managesites.view.NewSmartSite","viewId":"application-managesites-display-component---NewSite","properties":{"text":"General Information"},"interaction":{"idSuffix":"BDI-content"}},"wdio_ui5_key":"etmportal.ui.managesites.view.NewSmartSitesap.m.Button{\"text\":\"General Information\"}"}]}
RESULT: undefined
COMMAND: POST /session/62c6c4e2516ebe3f1de2f3a3d288490f/element - {"using":"xpath","value":"//*[@id=\"application-managesites-display-component---NewSite--ObjectPageLayout-anchBar-__section3-anchor\"]"}
RESULT: {"using":"xpath","value":"//*[@id=\"application-managesites-display-component---NewSite--ObjectPageLayout-anchBar-__section3-anchor\"]"}
COMMAND: POST /session/62c6c4e2516ebe3f1de2f3a3d288490f/element/f.E4C2DC6123E2A493099A271DC72A1D12.d.6E3710629C6513942CAC2AD71C5D1E79.e.4920/click - {}
RESULT: {}
RESULT: undefined
COMMAND: POST /session/62c6c4e2516ebe3f1de2f3a3d288490f/execute/async - {"script":"<script> [776 bytes]","args":[{"enterText":"Webdriver WHM Site a3l13","selector":{"id":"application-managesites-display-component---NewSite--addressDetailDetailsName1","interaction":{"idSuffix":"inner"}},"clearTextFirst":true,"interactionType":"ENTER_TEXT"}]}
COMMAND: GET /session/62c6c4e2516ebe3f1de2f3a3d288490f/screenshot - {}
RESULT: {"script":"<script> [776 bytes]","args":[{"enterText":"Webdriver WHM Site a3l13","selector":{"id":"application-managesites-display-component---NewSite--addressDetailDetailsName1","interaction":{"idSuffix":"inner"}},"clearTextFirst":true,"interactionType":"ENTER_TEXT"}]}
RESULT: {}
RESULT: undefined
COMMAND: POST /session/62c6c4e2516ebe3f1de2f3a3d288490f/execute/async - {"script":"<script> [776 bytes]","args":[{"enterText":"Romanian","selector":{"id":"application-managesites-display-component---NewSite--addressDetailDetailsLanguage","interaction":{"idSuffix":"inner"}},"clearTextFirst":true,"interactionType":"ENTER_TEXT"}]}
RESULT: {"script":"<script> [776 bytes]","args":[{"enterText":"Romanian","selector":{"id":"application-managesites-display-component---NewSite--addressDetailDetailsLanguage","interaction":{"idSuffix":"inner"}},"clearTextFirst":true,"interactionType":"ENTER_TEXT"}]}
COMMAND: POST /session/62c6c4e2516ebe3f1de2f3a3d288490f/actions - {"actions":[{"id":"action10","type":"key","parameters":{},"actions":[{"type":"keyDown","value":"î€‡"},{"type":"pause","duration":10},{"type":"keyUp","value":"î€‡"}]}]}
RESULT: {"actions":[{"id":"action10","type":"key","parameters":{},"actions":[{"type":"keyDown","value":"î€‡"},{"type":"pause","duration":10},{"type":"keyUp","value":"î€‡"}]}]}
RESULT: undefined
COMMAND: POST /session/62c6c4e2516ebe3f1de2f3a3d288490f/execute/async - {"script":"<script> [776 bytes]","args":[{"enterText":"Bucharest","selector":{"id":"application-managesites-display-component---NewSite--addressDetailDetailsCity1","interaction":{"idSuffix":"inner"}},"clearTextFirst":true,"interactionType":"ENTER_TEXT"}]}
COMMAND: GET /session/62c6c4e2516ebe3f1de2f3a3d288490f/screenshot - {}
RESULT: {"script":"<script> [776 bytes]","args":[{"enterText":"Bucharest","selector":{"id":"application-managesites-display-component---NewSite--addressDetailDetailsCity1","interaction":{"idSuffix":"inner"}},"clearTextFirst":true,"interactionType":"ENTER_TEXT"}]}
RESULT: {}
COMMAND: POST /session/62c6c4e2516ebe3f1de2f3a3d288490f/actions - {"actions":[{"id":"action11","type":"key","parameters":{},"actions":[{"type":"keyDown","value":"î€‡"},{"type":"pause","duration":10},{"type":"keyUp","value":"î€‡"}]}]}
RESULT: {"actions":[{"id":"action11","type":"key","parameters":{},"actions":[{"type":"keyDown","value":"î€‡"},{"type":"pause","duration":10},{"type":"keyUp","value":"î€‡"}]}]}
RESULT: undefined
COMMAND: POST /session/62c6c4e2516ebe3f1de2f3a3d288490f/execute/async - {"script":"<script> [6424 bytes]","args":[{"element-6066-11e4-a52e-4f735466cecf":"f.E4C2DC6123E2A493099A271DC72A1D12.d.6E3710629C6513942CAC2AD71C5D1E79.e.4268"},"setValue",["Romania"]]}
COMMAND: GET /session/62c6c4e2516ebe3f1de2f3a3d288490f/screenshot - {}
COMMAND: POST /session/62c6c4e2516ebe3f1de2f3a3d288490f/execute/async - {"script":"<script> [1562 bytes]","args":[{"selector":{"id":"application-managesites-display-component---NewSite--addressDetailDetailsCountry","interaction":{"idSuffix":"inner"}},"wdio_ui5_key":"applicationmanagesites-display-component---NewSite--addressDetailDetailsCountry"}]}
RESULT: {}
RESULT: {"script":"<script> [1562 bytes]","args":[{"selector":{"id":"application-managesites-display-component---NewSite--addressDetailDetailsCountry","interaction":{"idSuffix":"inner"}},"wdio_ui5_key":"applicationmanagesites-display-component---NewSite--addressDetailDetailsCountry"}]}
COMMAND: POST /session/62c6c4e2516ebe3f1de2f3a3d288490f/execute/async - {"script":"<script> [6424 bytes]","args":[{"element-6066-11e4-a52e-4f735466cecf":"f.E4C2DC6123E2A493099A271DC72A1D12.d.6E3710629C6513942CAC2AD71C5D1E79.e.4792"},"setValue",["Romania"]]}
RESULT: {"script":"<script> [6424 bytes]","args":[{"element-6066-11e4-a52e-4f735466cecf":"f.E4C2DC6123E2A493099A271DC72A1D12.d.6E3710629C6513942CAC2AD71C5D1E79.e.4792"},"setValue",["Romania"]]}
COMMAND: POST /session/62c6c4e2516ebe3f1de2f3a3d288490f/actions - {"actions":[{"id":"action12","type":"key","parameters":{},"actions":[{"type":"keyDown","value":"î€‡"},{"type":"pause","duration":10},{"type":"keyUp","value":"î€‡"}]}]}
RESULT: {"actions":[{"id":"action12","type":"key","parameters":{},"actions":[{"type":"keyDown","value":"î€‡"},{"type":"pause","duration":10},{"type":"keyUp","value":"î€‡"}]}]}
RESULT: undefined
COMMAND: POST /session/62c6c4e2516ebe3f1de2f3a3d288490f/execute/async - {"script":"<script> [776 bytes]","args":[{"enterText":"Germany","selector":{"id":"application-managesites-display-component---NewSite--addressDetailDetailsCalendar","interaction":{"idSuffix":"inner"}},"clearTextFirst":true,"interactionType":"ENTER_TEXT"}]}
COMMAND: GET /session/62c6c4e2516ebe3f1de2f3a3d288490f/screenshot - {}
RESULT: {"script":"<script> [776 bytes]","args":[{"enterText":"Germany","selector":{"id":"application-managesites-display-component---NewSite--addressDetailDetailsCalendar","interaction":{"idSuffix":"inner"}},"clearTextFirst":true,"interactionType":"ENTER_TEXT"}]}
RESULT: {}
COMMAND: POST /session/62c6c4e2516ebe3f1de2f3a3d288490f/actions - {"actions":[{"id":"action13","type":"key","parameters":{},"actions":[{"type":"keyDown","value":"î€‡"},{"type":"pause","duration":10},{"type":"keyUp","value":"î€‡"}]}]}
RESULT: {"actions":[{"id":"action13","type":"key","parameters":{},"actions":[{"type":"keyDown","value":"î€‡"},{"type":"pause","duration":10},{"type":"keyUp","value":"î€‡"}]}]}
COMMAND: POST /session/62c6c4e2516ebe3f1de2f3a3d288490f/execute/async - {"script":"<script> [1562 bytes]","args":[{"selector":{"id":"application-managesites-display-component---NewSite--addressEditDetailsCostObjectCstType","interaction":{"idSuffix":"inner"}},"wdio_ui5_key":"applicationmanagesites-display-component---NewSite--addressEditDetailsCostObjectCstType"}]}
COMMAND: GET /session/62c6c4e2516ebe3f1de2f3a3d288490f/screenshot - {}
RESULT: {"script":"<script> [1562 bytes]","args":[{"selector":{"id":"application-managesites-display-component---NewSite--addressEditDetailsCostObjectCstType","interaction":{"idSuffix":"inner"}},"wdio_ui5_key":"applicationmanagesites-display-component---NewSite--addressEditDetailsCostObjectCstType"}]}
RESULT: undefined
COMMAND: POST /session/62c6c4e2516ebe3f1de2f3a3d288490f/execute/async - {"script":"<script> [776 bytes]","args":[{"enterText":"Cost","selector":{"id":"application-managesites-display-component---NewSite--addressEditDetailsCostObjectCstType","interaction":{"idSuffix":"inner"}},"clearTextFirst":true,"interactionType":"ENTER_TEXT"}]}
RESULT: {}
RESULT: {"script":"<script> [776 bytes]","args":[{"enterText":"Cost","selector":{"id":"application-managesites-display-component---NewSite--addressEditDetailsCostObjectCstType","interaction":{"idSuffix":"inner"}},"clearTextFirst":true,"interactionType":"ENTER_TEXT"}]}
COMMAND: POST /session/62c6c4e2516ebe3f1de2f3a3d288490f/actions - {"actions":[{"id":"action14","type":"key","parameters":{},"actions":[{"type":"keyDown","value":"î€‡"},{"type":"pause","duration":10},{"type":"keyUp","value":"î€‡"}]}]}
RESULT: {"actions":[{"id":"action14","type":"key","parameters":{},"actions":[{"type":"keyDown","value":"î€‡"},{"type":"pause","duration":10},{"type":"keyUp","value":"î€‡"}]}]}
COMMAND: POST /session/62c6c4e2516ebe3f1de2f3a3d288490f/execute/async - {"script":"<script> [1562 bytes]","args":[{"selector":{"id":"application-managesites-display-component---NewSite--addressNewCostObjectCstID","interaction":{"idSuffix":"inner"}},"wdio_ui5_key":"applicationmanagesites-display-component---NewSite--addressNewCostObjectCstID"}]}
COMMAND: GET /session/62c6c4e2516ebe3f1de2f3a3d288490f/screenshot - {}
RESULT: {"script":"<script> [1562 bytes]","args":[{"selector":{"id":"application-managesites-display-component---NewSite--addressNewCostObjectCstID","interaction":{"idSuffix":"inner"}},"wdio_ui5_key":"applicationmanagesites-display-component---NewSite--addressNewCostObjectCstID"}]}
RESULT: undefined
COMMAND: POST /session/62c6c4e2516ebe3f1de2f3a3d288490f/execute/async - {"script":"<script> [776 bytes]","args":[{"enterText":"1001","selector":{"id":"application-managesites-display-component---NewSite--addressNewCostObjectCstID","interaction":{"idSuffix":"inner"}},"clearTextFirst":true,"interactionType":"ENTER_TEXT"}]}
RESULT: {}
RESULT: {"script":"<script> [776 bytes]","args":[{"enterText":"1001","selector":{"id":"application-managesites-display-component---NewSite--addressNewCostObjectCstID","interaction":{"idSuffix":"inner"}},"clearTextFirst":true,"interactionType":"ENTER_TEXT"}]}
COMMAND: POST /session/62c6c4e2516ebe3f1de2f3a3d288490f/actions - {"actions":[{"id":"action15","type":"key","parameters":{},"actions":[{"type":"keyDown","value":"î€‡"},{"type":"pause","duration":10},{"type":"keyUp","value":"î€‡"}]}]}
RESULT: {"actions":[{"id":"action15","type":"key","parameters":{},"actions":[{"type":"keyDown","value":"î€‡"},{"type":"pause","duration":10},{"type":"keyUp","value":"î€‡"}]}]}
COMMAND: POST /session/62c6c4e2516ebe3f1de2f3a3d288490f/element - {"using":"xpath","value":"//input[@id=\"application-managesites-display-component---NewSite--addressDetailDetailsYard-inner\"]"}
COMMAND: GET /session/62c6c4e2516ebe3f1de2f3a3d288490f/screenshot - {}
RESULT: {"using":"xpath","value":"//input[@id=\"application-managesites-display-component---NewSite--addressDetailDetailsYard-inner\"]"}
COMMAND: POST /session/62c6c4e2516ebe3f1de2f3a3d288490f/element/f.E4C2DC6123E2A493099A271DC72A1D12.d.6E3710629C6513942CAC2AD71C5D1E79.e.4803/value - {"text":"432"}
RESULT: {}
RESULT: {"text":"432"}
COMMAND: GET /session/62c6c4e2516ebe3f1de2f3a3d288490f/screenshot - {}
RESULT: {}
COMMAND: POST /session/62c6c4e2516ebe3f1de2f3a3d288490f/actions - {"actions":[{"id":"action16","type":"key","parameters":{},"actions":[{"type":"keyDown","value":"î€‡"},{"type":"pause","duration":10},{"type":"keyUp","value":"î€‡"}]}]}
RESULT: {"actions":[{"id":"action16","type":"key","parameters":{},"actions":[{"type":"keyDown","value":"î€‡"},{"type":"pause","duration":10},{"type":"keyUp","value":"î€‡"}]}]}
COMMAND: GET /session/62c6c4e2516ebe3f1de2f3a3d288490f/screenshot - {}
RESULT: {}
COMMAND: POST /session/62c6c4e2516ebe3f1de2f3a3d288490f/element - {"using":"xpath","value":"//input[@id=\"application-managesites-display-component---NewSite--addressDetailDetailsPartner-inner\"]"}
RESULT: {"using":"xpath","value":"//input[@id=\"application-managesites-display-component---NewSite--addressDetailDetailsPartner-inner\"]"}
COMMAND: POST /session/62c6c4e2516ebe3f1de2f3a3d288490f/elements - {"using":"xpath","value":"//input[@id=\"application-managesites-display-component---NewSite--addressDetailDetailsPartner-inner\"]"}
RESULT: {"using":"xpath","value":"//input[@id=\"application-managesites-display-component---NewSite--addressDetailDetailsPartner-inner\"]"}
RESULT: undefined
COMMAND: POST /session/62c6c4e2516ebe3f1de2f3a3d288490f/element - {"using":"xpath","value":"//*[@id=\"application-managesites-display-component---NewSite--ObjectPageLayout-anchBar-__section5-anchor\"]"}
RESULT: {"using":"xpath","value":"//*[@id=\"application-managesites-display-component---NewSite--ObjectPageLayout-anchBar-__section5-anchor\"]"}
COMMAND: POST /session/62c6c4e2516ebe3f1de2f3a3d288490f/element/f.E4C2DC6123E2A493099A271DC72A1D12.d.6E3710629C6513942CAC2AD71C5D1E79.e.4927/click - {}
RESULT: {}
COMMAND: POST /session/62c6c4e2516ebe3f1de2f3a3d288490f/execute/async - {"script":"<script> [1562 bytes]","args":[{"selector":{"id":"application-managesites-display-component---NewSite--siteWhmCheckBox-label","interaction":{"idSuffix":"bdi"}},"wdio_ui5_key":"applicationmanagesites-display-component---NewSite--siteWhmCheckBox-label"}]}
COMMAND: GET /session/62c6c4e2516ebe3f1de2f3a3d288490f/screenshot - {}
RESULT: {"script":"<script> [1562 bytes]","args":[{"selector":{"id":"application-managesites-display-component---NewSite--siteWhmCheckBox-label","interaction":{"idSuffix":"bdi"}},"wdio_ui5_key":"applicationmanagesites-display-component---NewSite--siteWhmCheckBox-label"}]}
RESULT: undefined
COMMAND: POST /session/62c6c4e2516ebe3f1de2f3a3d288490f/element - {"using":"xpath","value":"//*[@id=\"application-managesites-display-component---NewSite--siteWhmCheckBox-label\"]"}
RESULT: {}
RESULT: {"using":"xpath","value":"//*[@id=\"application-managesites-display-component---NewSite--siteWhmCheckBox-label\"]"}
COMMAND: POST /session/62c6c4e2516ebe3f1de2f3a3d288490f/element/f.E4C2DC6123E2A493099A271DC72A1D12.d.6E3710629C6513942CAC2AD71C5D1E79.e.4930/click - {}
RESULT: {}
RESULT: undefined
COMMAND: POST /session/62c6c4e2516ebe3f1de2f3a3d288490f/element - {"using":"xpath","value":"//*[@id=\"__button16\"]"}
COMMAND: GET /session/62c6c4e2516ebe3f1de2f3a3d288490f/screenshot - {}
RESULT: {"using":"xpath","value":"//*[@id=\"__button16\"]"}
COMMAND: POST /session/62c6c4e2516ebe3f1de2f3a3d288490f/element/f.E4C2DC6123E2A493099A271DC72A1D12.d.6E3710629C6513942CAC2AD71C5D1E79.e.4931/click - {}
RESULT: {}
RESULT: {}
COMMAND: GET /session/62c6c4e2516ebe3f1de2f3a3d288490f/screenshot - {}
RESULT: {}
COMMAND: POST /session/62c6c4e2516ebe3f1de2f3a3d288490f/element - {"using":"xpath","value":"//header/div/div[2]/div[2]/span"}
RESULT: {"using":"xpath","value":"//header/div/div[2]/div[2]/span"}
COMMAND: GET /session/62c6c4e2516ebe3f1de2f3a3d288490f/element/f.E4C2DC6123E2A493099A271DC72A1D12.d.6E3710629C6513942CAC2AD71C5D1E79.e.5136/text - {}
RESULT: {}
RESULT: undefined
RESULT: undefined
COMMAND: POST /session/62c6c4e2516ebe3f1de2f3a3d288490f/execute/async - {"script":"<script> [6424 bytes]","args":[{"element-6066-11e4-a52e-4f735466cecf":"f.E4C2DC6123E2A493099A271DC72A1D12.d.6E3710629C6513942CAC2AD71C5D1E79.e.4722"},"getText",[]]}
COMMAND: POST /session/62c6c4e2516ebe3f1de2f3a3d288490f/execute/async - {"script":"<script> [1562 bytes]","args":[{"selector":{"controlType":"sap.m.Label","viewName":"etm.portal.ui.managesites.view.Detail","viewId":"application-managesites-display-component---detailSite","i18NText":{"propertyName":"text","key":"status"}},"wdio_ui5_key":"etmportal.ui.managesites.view.Detailsap.m.Label{\"propertyName\":\"text\",\"key\":\"status\"}"}]}
RESULT: {"script":"<script> [1562 bytes]","args":[{"selector":{"controlType":"sap.m.Label","viewName":"etm.portal.ui.managesites.view.Detail","viewId":"application-managesites-display-component---detailSite","i18NText":{"propertyName":"text","key":"status"}},"wdio_ui5_key":"etmportal.ui.managesites.view.Detailsap.m.Label{\"propertyName\":\"text\",\"key\":\"status\"}"}]}
COMMAND: POST /session/62c6c4e2516ebe3f1de2f3a3d288490f/execute/async - {"script":"<script> [6424 bytes]","args":[{"element-6066-11e4-a52e-4f735466cecf":"f.E4C2DC6123E2A493099A271DC72A1D12.d.6E3710629C6513942CAC2AD71C5D1E79.e.5123"},"getText",[]]}
RESULT: {"script":"<script> [6424 bytes]","args":[{"element-6066-11e4-a52e-4f735466cecf":"f.E4C2DC6123E2A493099A271DC72A1D12.d.6E3710629C6513942CAC2AD71C5D1E79.e.5123"},"getText",[]]}
COMMAND: POST /session/62c6c4e2516ebe3f1de2f3a3d288490f/execute/async - {"script":"<script> [1562 bytes]","args":[{"selector":{"id":"shell-header","interaction":{"idSuffix":"icon"}},"wdio_ui5_key":"shellheader"}]}
RESULT: {"script":"<script> [1562 bytes]","args":[{"selector":{"id":"shell-header","interaction":{"idSuffix":"icon"}},"wdio_ui5_key":"shellheader"}]}
RESULT: undefined
COMMAND: POST /session/62c6c4e2516ebe3f1de2f3a3d288490f/element - {"using":"xpath","value":"//*[@id=\"shell-header\"]"}
RESULT: {"using":"xpath","value":"//*[@id=\"shell-header\"]"}
COMMAND: POST /session/62c6c4e2516ebe3f1de2f3a3d288490f/element/f.E4C2DC6123E2A493099A271DC72A1D12.d.6E3710629C6513942CAC2AD71C5D1E79.e.5137/click - {}
RESULT: {}
COMMAND: POST /session/62c6c4e2516ebe3f1de2f3a3d288490f/refresh - {}
COMMAND: GET /session/62c6c4e2516ebe3f1de2f3a3d288490f/screenshot - {}
RESULT: {}
RESULT: {}
COMMAND: GET /session/62c6c4e2516ebe3f1de2f3a3d288490f/screenshot - {}
RESULT: {}
COMMAND: POST /session/62c6c4e2516ebe3f1de2f3a3d288490f/refresh - {}
RESULT: {}
COMMAND: GET /session/62c6c4e2516ebe3f1de2f3a3d288490f/screenshot - {}
RESULT: {}
COMMAND: POST /session/62c6c4e2516ebe3f1de2f3a3d288490f/window/fullscreen - {}
RESULT: {}
COMMAND: POST /session/62c6c4e2516ebe3f1de2f3a3d288490f/execute/async - {"script":"<script> [189 bytes]","args":[]}
RESULT: {"script":"<script> [189 bytes]","args":[]}
COMMAND: POST /session/62c6c4e2516ebe3f1de2f3a3d288490f/execute/async - {"script":"<script> [123 bytes]","args":[]}
RESULT: {"script":"<script> [123 bytes]","args":[]}
COMMAND: POST /session/62c6c4e2516ebe3f1de2f3a3d288490f/timeouts - {"script":"<number>"}
RESULT: {"script":"<number>"}
COMMAND: GET /session/62c6c4e2516ebe3f1de2f3a3d288490f/timeouts - {}
RESULT: {}
RESULT: undefined
COMMAND: POST /session/62c6c4e2516ebe3f1de2f3a3d288490f/execute/async - {"script":"<script> [2676 bytes]","args":[]}
RESULT: {"script":"<script> [2676 bytes]","args":[]}
COMMAND: POST /session/62c6c4e2516ebe3f1de2f3a3d288490f/execute/async - {"script":"<script> [2342 bytes]","args":[{"protocol":"http","hostname":"0.0.0.0","path":"/","capabilities":{"browserName":"chrome","goog:chromeOptions":{"binary":"C:\\Program Files\\Google\\Chrome\\Application\\chrome.exe","args":["--start-maximized"]}},"logLevel":"warn","connectionRetryTimeout":120000,"connectionRetryCount":3,"logLevels":{},"enableDirectConnect":true,"strictSSL":true,"_":"65 more keys: [\"cacheDir\",\"port\",\"requestedCapabilities\",\"automationProtocol\",\"baseUrl\",\"waitforInterval\",\"waitforTimeout\",\"onReload\",\"beforeCommand\",\"afterCommand\",\"rootDir\",\"specs\",\"suites\",\"exclude\",\"groupLogsByTestSpec\",\"excludeDriverLogs\",\"bail\",\"framework\",\"reporters\",\"services\",\"maxInstances\",\"maxInstancesPerCapability\",\"injectGlobals\",\"filesToWatch\",\"execArgv\",\"runnerEnv\",\"runner\",\"shard\",\"specFileRetries\",\"specFileRetriesDelay\",\"specFileRetriesDeferred\",\"reporterSyncInterval\",\"reporterSyncTimeout\",\"cucumberFeaturesWithLineNumbers\",\"autoCompileOpts\",\"mochaOpts\",\"jasmineOpts\",\"cucumberOpts\",\"onPrepare\",\"onWorkerStart\",\"onWorkerEnd\",\"before\",\"beforeSession\",\"beforeSuite\",\"beforeHook\",\"beforeTest\",\"afterTest\",\"afterHook\",\"afterSuite\",\"afterSession\",\"after\",\"onComplete\",\"beforeAssertion\",\"afterAssertion\",\"beforeFeature\",\"beforeScenario\",\"beforeStep\",\"afterStep\",\"afterScenario\",\"afterFeature\",\"_\",\"suite\",\"$0\",\"ignoredWorkerServices\",\"wdi5\"]"}]}
RESULT: {"script":"<script> [2342 bytes]","args":[{"protocol":"http","hostname":"0.0.0.0","path":"/","capabilities":{"browserName":"chrome","goog:chromeOptions":{"binary":"C:\\Program Files\\Google\\Chrome\\Application\\chrome.exe","args":["--start-maximized"]}},"logLevel":"warn","connectionRetryTimeout":120000,"connectionRetryCount":3,"logLevels":{},"enableDirectConnect":true,"strictSSL":true,"_":"65 more keys: [\"cacheDir\",\"port\",\"requestedCapabilities\",\"automationProtocol\",\"baseUrl\",\"waitforInterval\",\"waitforTimeout\",\"onReload\",\"beforeCommand\",\"afterCommand\",\"rootDir\",\"specs\",\"suites\",\"exclude\",\"groupLogsByTestSpec\",\"excludeDriverLogs\",\"bail\",\"framework\",\"reporters\",\"services\",\"maxInstances\",\"maxInstancesPerCapability\",\"injectGlobals\",\"filesToWatch\",\"execArgv\",\"runnerEnv\",\"runner\",\"shard\",\"specFileRetries\",\"specFileRetriesDelay\",\"specFileRetriesDeferred\",\"reporterSyncInterval\",\"reporterSyncTimeout\",\"cucumberFeaturesWithLineNumbers\",\"autoCompileOpts\",\"mochaOpts\",\"jasmineOpts\",\"cucumberOpts\",\"onPrepare\",\"onWorkerStart\",\"onWorkerEnd\",\"before\",\"beforeSession\",\"beforeSuite\",\"beforeHook\",\"beforeTest\",\"afterTest\",\"afterHook\",\"afterSuite\",\"afterSession\",\"after\",\"onComplete\",\"beforeAssertion\",\"afterAssertion\",\"beforeFeature\",\"beforeScenario\",\"beforeStep\",\"afterStep\",\"afterScenario\",\"afterFeature\",\"_\",\"suite\",\"$0\",\"ignoredWorkerServices\",\"wdi5\"]"}]}
COMMAND: POST /session/62c6c4e2516ebe3f1de2f3a3d288490f/execute/async - {"script":"<script> [21126 bytes]","args":[35000]}
RESULT: {"script":"<script> [21126 bytes]","args":[35000]}
COMMAND: POST /session/62c6c4e2516ebe3f1de2f3a3d288490f/element - {"using":"css selector","value":"#j_username"}
COMMAND: POST /session/62c6c4e2516ebe3f1de2f3a3d288490f/url - {"url":"https://qa-testing-00-live-etm-ui.cfapps.eu10-004.hana.ondemand.com/"}
RESULT: {"using":"css selector","value":"#j_username"}
COMMAND: POST /session/62c6c4e2516ebe3f1de2f3a3d288490f/element - {"using":"css selector","value":"#j_username"}
RESULT: {"url":"https://qa-testing-00-live-etm-ui.cfapps.eu10-004.hana.ondemand.com/"}
RESULT: undefined
COMMAND: GET /session/62c6c4e2516ebe3f1de2f3a3d288490f/screenshot - {}
RESULT: {"using":"css selector","value":"#j_username"}
COMMAND: POST /session/62c6c4e2516ebe3f1de2f3a3d288490f/element - {"using":"css selector","value":"#shell-header-logo"}
RESULT: {}
RESULT: {"using":"css selector","value":"#shell-header-logo"}
COMMAND: POST /session/62c6c4e2516ebe3f1de2f3a3d288490f/execute/sync - {"script":"<script> [8489 bytes]","args":[{"element-6066-11e4-a52e-4f735466cecf":"f.E4C2DC6123E2A493099A271DC72A1D12.d.FDBF2251B71E830C3461E265DC1D41BF.e.5399","ELEMENT":"f.E4C2DC6123E2A493099A271DC72A1D12.d.FDBF2251B71E830C3461E265DC1D41BF.e.5399"}]}
RESULT: {"script":"<script> [8489 bytes]","args":[{"element-6066-11e4-a52e-4f735466cecf":"f.E4C2DC6123E2A493099A271DC72A1D12.d.FDBF2251B71E830C3461E265DC1D41BF.e.5399","ELEMENT":"f.E4C2DC6123E2A493099A271DC72A1D12.d.FDBF2251B71E830C3461E265DC1D41BF.e.5399"}]}
COMMAND: POST /session/62c6c4e2516ebe3f1de2f3a3d288490f/element - {"using":"css selector","value":"#shell-header-logo"}
COMMAND: GET /session/62c6c4e2516ebe3f1de2f3a3d288490f/screenshot - {}
RESULT: {"using":"css selector","value":"#shell-header-logo"}
COMMAND: POST /session/62c6c4e2516ebe3f1de2f3a3d288490f/execute/sync - {"script":"<script> [8489 bytes]","args":[{"element-6066-11e4-a52e-4f735466cecf":"f.E4C2DC6123E2A493099A271DC72A1D12.d.FDBF2251B71E830C3461E265DC1D41BF.e.5399","ELEMENT":"f.E4C2DC6123E2A493099A271DC72A1D12.d.FDBF2251B71E830C3461E265DC1D41BF.e.5399"}]}
RESULT: {}
RESULT: {"script":"<script> [8489 bytes]","args":[{"element-6066-11e4-a52e-4f735466cecf":"f.E4C2DC6123E2A493099A271DC72A1D12.d.FDBF2251B71E830C3461E265DC1D41BF.e.5399","ELEMENT":"f.E4C2DC6123E2A493099A271DC72A1D12.d.FDBF2251B71E830C3461E265DC1D41BF.e.5399"}]}
COMMAND: POST /session/62c6c4e2516ebe3f1de2f3a3d288490f/execute/sync - {"script":"<script> [5351 bytes]","args":[{"element-6066-11e4-a52e-4f735466cecf":"f.E4C2DC6123E2A493099A271DC72A1D12.d.FDBF2251B71E830C3461E265DC1D41BF.e.5399","ELEMENT":"f.E4C2DC6123E2A493099A271DC72A1D12.d.FDBF2251B71E830C3461E265DC1D41BF.e.5399"}]}
COMMAND: GET /session/62c6c4e2516ebe3f1de2f3a3d288490f/screenshot - {}
RESULT: {"script":"<script> [5351 bytes]","args":[{"element-6066-11e4-a52e-4f735466cecf":"f.E4C2DC6123E2A493099A271DC72A1D12.d.FDBF2251B71E830C3461E265DC1D41BF.e.5399","ELEMENT":"f.E4C2DC6123E2A493099A271DC72A1D12.d.FDBF2251B71E830C3461E265DC1D41BF.e.5399"}]}
COMMAND: POST /session/62c6c4e2516ebe3f1de2f3a3d288490f/element - {"using":"css selector","value":"#shell-header-logo"}
COMMAND: GET /session/62c6c4e2516ebe3f1de2f3a3d288490f/screenshot - {}
RESULT: {}
RESULT: {"using":"css selector","value":"#shell-header-logo"}
COMMAND: POST /session/62c6c4e2516ebe3f1de2f3a3d288490f/element/f.E4C2DC6123E2A493099A271DC72A1D12.d.FDBF2251B71E830C3461E265DC1D41BF.e.5399/click - {}
RESULT: {}
RESULT: {}
COMMAND: GET /session/62c6c4e2516ebe3f1de2f3a3d288490f/screenshot - {}
RESULT: {}
COMMAND: POST /session/62c6c4e2516ebe3f1de2f3a3d288490f/execute/async - {"script":"<script> [189 bytes]","args":[]}
RESULT: {"script":"<script> [189 bytes]","args":[]}
COMMAND: POST /session/62c6c4e2516ebe3f1de2f3a3d288490f/execute/async - {"script":"<script> [123 bytes]","args":[]}
RESULT: {"script":"<script> [123 bytes]","args":[]}
COMMAND: POST /session/62c6c4e2516ebe3f1de2f3a3d288490f/timeouts - {"script":"<number>"}
RESULT: {"script":"<number>"}
COMMAND: GET /session/62c6c4e2516ebe3f1de2f3a3d288490f/timeouts - {}
RESULT: {}
RESULT: undefined
COMMAND: POST /session/62c6c4e2516ebe3f1de2f3a3d288490f/execute/async - {"script":"<script> [2676 bytes]","args":[]}
RESULT: {"script":"<script> [2676 bytes]","args":[]}
COMMAND: POST /session/62c6c4e2516ebe3f1de2f3a3d288490f/execute/async - {"script":"<script> [2342 bytes]","args":[{"protocol":"http","hostname":"0.0.0.0","path":"/","capabilities":{"browserName":"chrome","goog:chromeOptions":{"binary":"C:\\Program Files\\Google\\Chrome\\Application\\chrome.exe","args":["--start-maximized"]}},"logLevel":"warn","connectionRetryTimeout":120000,"connectionRetryCount":3,"logLevels":{},"enableDirectConnect":true,"strictSSL":true,"_":"65 more keys: [\"cacheDir\",\"port\",\"requestedCapabilities\",\"automationProtocol\",\"baseUrl\",\"waitforInterval\",\"waitforTimeout\",\"onReload\",\"beforeCommand\",\"afterCommand\",\"rootDir\",\"specs\",\"suites\",\"exclude\",\"groupLogsByTestSpec\",\"excludeDriverLogs\",\"bail\",\"framework\",\"reporters\",\"services\",\"maxInstances\",\"maxInstancesPerCapability\",\"injectGlobals\",\"filesToWatch\",\"execArgv\",\"runnerEnv\",\"runner\",\"shard\",\"specFileRetries\",\"specFileRetriesDelay\",\"specFileRetriesDeferred\",\"reporterSyncInterval\",\"reporterSyncTimeout\",\"cucumberFeaturesWithLineNumbers\",\"autoCompileOpts\",\"mochaOpts\",\"jasmineOpts\",\"cucumberOpts\",\"onPrepare\",\"onWorkerStart\",\"onWorkerEnd\",\"before\",\"beforeSession\",\"beforeSuite\",\"beforeHook\",\"beforeTest\",\"afterTest\",\"afterHook\",\"afterSuite\",\"afterSession\",\"after\",\"onComplete\",\"beforeAssertion\",\"afterAssertion\",\"beforeFeature\",\"beforeScenario\",\"beforeStep\",\"afterStep\",\"afterScenario\",\"afterFeature\",\"_\",\"suite\",\"$0\",\"ignoredWorkerServices\",\"wdi5\"]"}]}
RESULT: {"script":"<script> [2342 bytes]","args":[{"protocol":"http","hostname":"0.0.0.0","path":"/","capabilities":{"browserName":"chrome","goog:chromeOptions":{"binary":"C:\\Program Files\\Google\\Chrome\\Application\\chrome.exe","args":["--start-maximized"]}},"logLevel":"warn","connectionRetryTimeout":120000,"connectionRetryCount":3,"logLevels":{},"enableDirectConnect":true,"strictSSL":true,"_":"65 more keys: [\"cacheDir\",\"port\",\"requestedCapabilities\",\"automationProtocol\",\"baseUrl\",\"waitforInterval\",\"waitforTimeout\",\"onReload\",\"beforeCommand\",\"afterCommand\",\"rootDir\",\"specs\",\"suites\",\"exclude\",\"groupLogsByTestSpec\",\"excludeDriverLogs\",\"bail\",\"framework\",\"reporters\",\"services\",\"maxInstances\",\"maxInstancesPerCapability\",\"injectGlobals\",\"filesToWatch\",\"execArgv\",\"runnerEnv\",\"runner\",\"shard\",\"specFileRetries\",\"specFileRetriesDelay\",\"specFileRetriesDeferred\",\"reporterSyncInterval\",\"reporterSyncTimeout\",\"cucumberFeaturesWithLineNumbers\",\"autoCompileOpts\",\"mochaOpts\",\"jasmineOpts\",\"cucumberOpts\",\"onPrepare\",\"onWorkerStart\",\"onWorkerEnd\",\"before\",\"beforeSession\",\"beforeSuite\",\"beforeHook\",\"beforeTest\",\"afterTest\",\"afterHook\",\"afterSuite\",\"afterSession\",\"after\",\"onComplete\",\"beforeAssertion\",\"afterAssertion\",\"beforeFeature\",\"beforeScenario\",\"beforeStep\",\"afterStep\",\"afterScenario\",\"afterFeature\",\"_\",\"suite\",\"$0\",\"ignoredWorkerServices\",\"wdi5\"]"}]}
COMMAND: POST /session/62c6c4e2516ebe3f1de2f3a3d288490f/execute/async - {"script":"<script> [21126 bytes]","args":[35000]}
RESULT: {"script":"<script> [21126 bytes]","args":[35000]}
COMMAND: POST /session/62c6c4e2516ebe3f1de2f3a3d288490f/window/maximize - {}
RESULT: {}
COMMAND: POST /session/62c6c4e2516ebe3f1de2f3a3d288490f/execute/async - {"script":"<script> [1562 bytes]","args":[{"selector":{"id":"shell-header","interaction":{"idSuffix":"icon"}},"wdio_ui5_key":"shellheader"}]}
COMMAND: GET /session/62c6c4e2516ebe3f1de2f3a3d288490f/screenshot - {}
RESULT: {"script":"<script> [1562 bytes]","args":[{"selector":{"id":"shell-header","interaction":{"idSuffix":"icon"}},"wdio_ui5_key":"shellheader"}]}
RESULT: undefined
RESULT: {}
COMMAND: POST /session/62c6c4e2516ebe3f1de2f3a3d288490f/execute/async - {"script":"<script> [1562 bytes]","args":[{"selector":{"controlType":"sap.m.Title","i18NText":{"propertyName":"text","key":"dataCollectionAgreement"},"searchOpenDialogs":true},"wdio_ui5_key":"sapm.Title{\"propertyName\":\"text\",\"key\":\"dataCollectionAgreement\"}"}]}
RESULT: {"script":"<script> [1562 bytes]","args":[{"selector":{"controlType":"sap.m.Title","i18NText":{"propertyName":"text","key":"dataCollectionAgreement"},"searchOpenDialogs":true},"wdio_ui5_key":"sapm.Title{\"propertyName\":\"text\",\"key\":\"dataCollectionAgreement\"}"}]}
RESULT: undefined
COMMAND: POST /session/62c6c4e2516ebe3f1de2f3a3d288490f/execute/async - {"script":"<script> [1562 bytes]","args":[{"selector":{"controlType":"sap.m.GenericTile","properties":{"header":"Manage Resources"}},"wdio_ui5_key":"sapm.GenericTile{\"header\":\"Manage Resources\"}"}]}
RESULT: {"script":"<script> [1562 bytes]","args":[{"selector":{"controlType":"sap.m.GenericTile","properties":{"header":"Manage Resources"}},"wdio_ui5_key":"sapm.GenericTile{\"header\":\"Manage Resources\"}"}]}
RESULT: undefined
COMMAND: POST /session/62c6c4e2516ebe3f1de2f3a3d288490f/element - {"using":"xpath","value":"//*[@id=\"__tile31\"]"}
RESULT: {"using":"xpath","value":"//*[@id=\"__tile31\"]"}
COMMAND: POST /session/62c6c4e2516ebe3f1de2f3a3d288490f/element/f.E4C2DC6123E2A493099A271DC72A1D12.d.FDBF2251B71E830C3461E265DC1D41BF.e.5427/click - {}
RESULT: {}
COMMAND: GET /session/62c6c4e2516ebe3f1de2f3a3d288490f/screenshot - {}
RESULT: {}
COMMAND: POST /session/62c6c4e2516ebe3f1de2f3a3d288490f/elements - {"using":"xpath","value":"//span[text()='Error']"}
RESULT: {"using":"xpath","value":"//span[text()='Error']"}
]]></system-out>
    </testcase>
  </testsuite>
  <testsuite timestamp="2025-05-16T05:53:41" time="516.82" tests="2" failures="0" errors="0" skipped="0">
    <properties>
      <property name="specId" value="0" />
      <property name="suiteName" value="Create 2 RU material US118246" />
      <property name="capabilities" value="chrome.136_0_7103_93.windows" />
      <property name="file" value="file:///D:/a/1/s/test/specs/R2C/create-material.spec.js" />
    </properties>
    <testcase classname="chrome.136_0_7103_93.windows.Create_2_RU_material_US118246" name="Create material" time="236.601">
      <system-out><![CDATA[
COMMAND: POST /session/62c6c4e2516ebe3f1de2f3a3d288490f/element - {"using":"xpath","value":"//button[@data-kt=\"addNewRUOverflowToolbarButton\"]"}
RESULT: {"using":"xpath","value":"//button[@data-kt=\"addNewRUOverflowToolbarButton\"]"}
COMMAND: POST /session/62c6c4e2516ebe3f1de2f3a3d288490f/execute/sync - {"script":"<script> [8489 bytes]","args":[{"element-6066-11e4-a52e-4f735466cecf":"f.E4C2DC6123E2A493099A271DC72A1D12.d.FDBF2251B71E830C3461E265DC1D41BF.e.5564","ELEMENT":"f.E4C2DC6123E2A493099A271DC72A1D12.d.FDBF2251B71E830C3461E265DC1D41BF.e.5564"}]}
RESULT: {"script":"<script> [8489 bytes]","args":[{"element-6066-11e4-a52e-4f735466cecf":"f.E4C2DC6123E2A493099A271DC72A1D12.d.FDBF2251B71E830C3461E265DC1D41BF.e.5564","ELEMENT":"f.E4C2DC6123E2A493099A271DC72A1D12.d.FDBF2251B71E830C3461E265DC1D41BF.e.5564"}]}
COMMAND: POST /session/62c6c4e2516ebe3f1de2f3a3d288490f/element/f.E4C2DC6123E2A493099A271DC72A1D12.d.FDBF2251B71E830C3461E265DC1D41BF.e.5564/click - {}
COMMAND: GET /session/62c6c4e2516ebe3f1de2f3a3d288490f/screenshot - {}
RESULT: {}
COMMAND: GET /session/62c6c4e2516ebe3f1de2f3a3d288490f/screenshot - {}
RESULT: {}
RESULT: {}
COMMAND: POST /session/62c6c4e2516ebe3f1de2f3a3d288490f/execute/async - {"script":"<script> [1562 bytes]","args":[{"selector":{"controlType":"sap.m.ComboBox","viewName":"reusables.view.manageresources.NewResourceUnit","viewId":"application-manageresources-display-component---newResourceUnit","bindingPath":{"path":"","propertyPath":"/RuTypes","modelName":"catalogModel"},"searchOpenDialogs":true},"wdio_ui5_key":"reusablesview.manageresources.NewResourceUnitsap.m.ComboBox{\"path\":\"\",\"propertyPath\":\"/RuTypes\",\"modelName\":\"catalogModel\"}"}]}
RESULT: {"script":"<script> [1562 bytes]","args":[{"selector":{"controlType":"sap.m.ComboBox","viewName":"reusables.view.manageresources.NewResourceUnit","viewId":"application-manageresources-display-component---newResourceUnit","bindingPath":{"path":"","propertyPath":"/RuTypes","modelName":"catalogModel"},"searchOpenDialogs":true},"wdio_ui5_key":"reusablesview.manageresources.NewResourceUnitsap.m.ComboBox{\"path\":\"\",\"propertyPath\":\"/RuTypes\",\"modelName\":\"catalogModel\"}"}]}
RESULT: undefined
COMMAND: POST /session/62c6c4e2516ebe3f1de2f3a3d288490f/execute/async - {"script":"<script> [1562 bytes]","args":[{"selector":{"controlType":"sap.m.ComboBox","viewName":"reusables.view.manageresources.NewResourceUnit","viewId":"application-manageresources-display-component---newResourceUnit","bindingPath":{"path":"","propertyPath":"/Yards","modelName":"catalogModel"},"searchOpenDialogs":true},"wdio_ui5_key":"reusablesview.manageresources.NewResourceUnitsap.m.ComboBox{\"path\":\"\",\"propertyPath\":\"/Yards\",\"modelName\":\"catalogModel\"}"}]}
RESULT: {"script":"<script> [1562 bytes]","args":[{"selector":{"controlType":"sap.m.ComboBox","viewName":"reusables.view.manageresources.NewResourceUnit","viewId":"application-manageresources-display-component---newResourceUnit","bindingPath":{"path":"","propertyPath":"/Yards","modelName":"catalogModel"},"searchOpenDialogs":true},"wdio_ui5_key":"reusablesview.manageresources.NewResourceUnitsap.m.ComboBox{\"path\":\"\",\"propertyPath\":\"/Yards\",\"modelName\":\"catalogModel\"}"}]}
RESULT: undefined
COMMAND: POST /session/62c6c4e2516ebe3f1de2f3a3d288490f/execute/async - {"script":"<script> [1562 bytes]","args":[{"selector":{"controlType":"etm.portal.ui.reusables.customControls.LiveSearchComboBox","viewName":"reusables.view.manageresources.NewResourceUnit","viewId":"application-manageresources-display-component---newResourceUnit","bindingPath":{"path":"","propertyPath":"/CatalogItems","modelName":"catalogModel"},"searchOpenDialogs":true},"wdio_ui5_key":"reusablesview.manageresources.NewResourceUnitetm.portal.ui.reusables.customControls.LiveSearchComboBox{\"path\":\"\",\"propertyPath\":\"/CatalogItems\",\"modelName\":\"catalogModel\"}"}]}
RESULT: {"script":"<script> [1562 bytes]","args":[{"selector":{"controlType":"etm.portal.ui.reusables.customControls.LiveSearchComboBox","viewName":"reusables.view.manageresources.NewResourceUnit","viewId":"application-manageresources-display-component---newResourceUnit","bindingPath":{"path":"","propertyPath":"/CatalogItems","modelName":"catalogModel"},"searchOpenDialogs":true},"wdio_ui5_key":"reusablesview.manageresources.NewResourceUnitetm.portal.ui.reusables.customControls.LiveSearchComboBox{\"path\":\"\",\"propertyPath\":\"/CatalogItems\",\"modelName\":\"catalogModel\"}"}]}
RESULT: undefined
COMMAND: POST /session/62c6c4e2516ebe3f1de2f3a3d288490f/element - {"using":"xpath","value":"//bdi[text()=\"OK\"]"}
RESULT: {"using":"xpath","value":"//bdi[text()=\"OK\"]"}
COMMAND: POST /session/62c6c4e2516ebe3f1de2f3a3d288490f/elements - {"using":"xpath","value":"//bdi[text()=\"OK\"]"}
RESULT: {"using":"xpath","value":"//bdi[text()=\"OK\"]"}
COMMAND: POST /session/62c6c4e2516ebe3f1de2f3a3d288490f/elements - {"using":"xpath","value":"//bdi[text()=\"OK\"]"}
RESULT: {"using":"xpath","value":"//bdi[text()=\"OK\"]"}
COMMAND: POST /session/62c6c4e2516ebe3f1de2f3a3d288490f/elements - {"using":"xpath","value":"//bdi[text()=\"OK\"]"}
RESULT: {"using":"xpath","value":"//bdi[text()=\"OK\"]"}
COMMAND: POST /session/62c6c4e2516ebe3f1de2f3a3d288490f/elements - {"using":"xpath","value":"//bdi[text()=\"OK\"]"}
RESULT: {"using":"xpath","value":"//bdi[text()=\"OK\"]"}
COMMAND: POST /session/62c6c4e2516ebe3f1de2f3a3d288490f/elements - {"using":"xpath","value":"//bdi[text()=\"OK\"]"}
RESULT: {"using":"xpath","value":"//bdi[text()=\"OK\"]"}
COMMAND: POST /session/62c6c4e2516ebe3f1de2f3a3d288490f/elements - {"using":"xpath","value":"//bdi[text()=\"OK\"]"}
RESULT: {"using":"xpath","value":"//bdi[text()=\"OK\"]"}
COMMAND: POST /session/62c6c4e2516ebe3f1de2f3a3d288490f/elements - {"using":"xpath","value":"//bdi[text()=\"OK\"]"}
RESULT: {"using":"xpath","value":"//bdi[text()=\"OK\"]"}
COMMAND: POST /session/62c6c4e2516ebe3f1de2f3a3d288490f/elements - {"using":"xpath","value":"//bdi[text()=\"OK\"]"}
RESULT: {"using":"xpath","value":"//bdi[text()=\"OK\"]"}
COMMAND: POST /session/62c6c4e2516ebe3f1de2f3a3d288490f/elements - {"using":"xpath","value":"//bdi[text()=\"OK\"]"}
RESULT: {"using":"xpath","value":"//bdi[text()=\"OK\"]"}
COMMAND: POST /session/62c6c4e2516ebe3f1de2f3a3d288490f/elements - {"using":"xpath","value":"//bdi[text()=\"OK\"]"}
RESULT: {"using":"xpath","value":"//bdi[text()=\"OK\"]"}
COMMAND: POST /session/62c6c4e2516ebe3f1de2f3a3d288490f/elements - {"using":"xpath","value":"//bdi[text()=\"OK\"]"}
RESULT: {"using":"xpath","value":"//bdi[text()=\"OK\"]"}
COMMAND: POST /session/62c6c4e2516ebe3f1de2f3a3d288490f/elements - {"using":"xpath","value":"//bdi[text()=\"OK\"]"}
RESULT: {"using":"xpath","value":"//bdi[text()=\"OK\"]"}
COMMAND: POST /session/62c6c4e2516ebe3f1de2f3a3d288490f/elements - {"using":"xpath","value":"//bdi[text()=\"OK\"]"}
RESULT: {"using":"xpath","value":"//bdi[text()=\"OK\"]"}
COMMAND: POST /session/62c6c4e2516ebe3f1de2f3a3d288490f/elements - {"using":"xpath","value":"//bdi[text()=\"OK\"]"}
RESULT: {"using":"xpath","value":"//bdi[text()=\"OK\"]"}
COMMAND: POST /session/62c6c4e2516ebe3f1de2f3a3d288490f/elements - {"using":"xpath","value":"//bdi[text()=\"OK\"]"}
RESULT: {"using":"xpath","value":"//bdi[text()=\"OK\"]"}
COMMAND: POST /session/62c6c4e2516ebe3f1de2f3a3d288490f/elements - {"using":"xpath","value":"//bdi[text()=\"OK\"]"}
RESULT: {"using":"xpath","value":"//bdi[text()=\"OK\"]"}
COMMAND: POST /session/62c6c4e2516ebe3f1de2f3a3d288490f/elements - {"using":"xpath","value":"//bdi[text()=\"OK\"]"}
RESULT: {"using":"xpath","value":"//bdi[text()=\"OK\"]"}
COMMAND: POST /session/62c6c4e2516ebe3f1de2f3a3d288490f/elements - {"using":"xpath","value":"//bdi[text()=\"OK\"]"}
RESULT: {"using":"xpath","value":"//bdi[text()=\"OK\"]"}
COMMAND: POST /session/62c6c4e2516ebe3f1de2f3a3d288490f/elements - {"using":"xpath","value":"//bdi[text()=\"OK\"]"}
RESULT: {"using":"xpath","value":"//bdi[text()=\"OK\"]"}
COMMAND: POST /session/62c6c4e2516ebe3f1de2f3a3d288490f/elements - {"using":"xpath","value":"//bdi[text()=\"OK\"]"}
RESULT: {"using":"xpath","value":"//bdi[text()=\"OK\"]"}
COMMAND: POST /session/62c6c4e2516ebe3f1de2f3a3d288490f/elements - {"using":"xpath","value":"//bdi[text()=\"OK\"]"}
RESULT: {"using":"xpath","value":"//bdi[text()=\"OK\"]"}
COMMAND: POST /session/62c6c4e2516ebe3f1de2f3a3d288490f/elements - {"using":"xpath","value":"//bdi[text()=\"OK\"]"}
RESULT: {"using":"xpath","value":"//bdi[text()=\"OK\"]"}
COMMAND: POST /session/62c6c4e2516ebe3f1de2f3a3d288490f/elements - {"using":"xpath","value":"//bdi[text()=\"OK\"]"}
RESULT: {"using":"xpath","value":"//bdi[text()=\"OK\"]"}
COMMAND: POST /session/62c6c4e2516ebe3f1de2f3a3d288490f/elements - {"using":"xpath","value":"//bdi[text()=\"OK\"]"}
RESULT: {"using":"xpath","value":"//bdi[text()=\"OK\"]"}
COMMAND: POST /session/62c6c4e2516ebe3f1de2f3a3d288490f/elements - {"using":"xpath","value":"//bdi[text()=\"OK\"]"}
RESULT: {"using":"xpath","value":"//bdi[text()=\"OK\"]"}
COMMAND: POST /session/62c6c4e2516ebe3f1de2f3a3d288490f/elements - {"using":"xpath","value":"//bdi[text()=\"OK\"]"}
RESULT: {"using":"xpath","value":"//bdi[text()=\"OK\"]"}
COMMAND: POST /session/62c6c4e2516ebe3f1de2f3a3d288490f/elements - {"using":"xpath","value":"//bdi[text()=\"OK\"]"}
RESULT: {"using":"xpath","value":"//bdi[text()=\"OK\"]"}
COMMAND: POST /session/62c6c4e2516ebe3f1de2f3a3d288490f/elements - {"using":"xpath","value":"//bdi[text()=\"OK\"]"}
RESULT: {"using":"xpath","value":"//bdi[text()=\"OK\"]"}
COMMAND: POST /session/62c6c4e2516ebe3f1de2f3a3d288490f/elements - {"using":"xpath","value":"//bdi[text()=\"OK\"]"}
RESULT: {"using":"xpath","value":"//bdi[text()=\"OK\"]"}
COMMAND: POST /session/62c6c4e2516ebe3f1de2f3a3d288490f/elements - {"using":"xpath","value":"//bdi[text()=\"OK\"]"}
RESULT: {"using":"xpath","value":"//bdi[text()=\"OK\"]"}
COMMAND: POST /session/62c6c4e2516ebe3f1de2f3a3d288490f/elements - {"using":"xpath","value":"//bdi[text()=\"OK\"]"}
RESULT: {"using":"xpath","value":"//bdi[text()=\"OK\"]"}
COMMAND: POST /session/62c6c4e2516ebe3f1de2f3a3d288490f/elements - {"using":"xpath","value":"//bdi[text()=\"OK\"]"}
RESULT: {"using":"xpath","value":"//bdi[text()=\"OK\"]"}
COMMAND: POST /session/62c6c4e2516ebe3f1de2f3a3d288490f/elements - {"using":"xpath","value":"//bdi[text()=\"OK\"]"}
RESULT: {"using":"xpath","value":"//bdi[text()=\"OK\"]"}
COMMAND: POST /session/62c6c4e2516ebe3f1de2f3a3d288490f/elements - {"using":"xpath","value":"//bdi[text()=\"OK\"]"}
RESULT: {"using":"xpath","value":"//bdi[text()=\"OK\"]"}
COMMAND: POST /session/62c6c4e2516ebe3f1de2f3a3d288490f/elements - {"using":"xpath","value":"//bdi[text()=\"OK\"]"}
RESULT: {"using":"xpath","value":"//bdi[text()=\"OK\"]"}
COMMAND: POST /session/62c6c4e2516ebe3f1de2f3a3d288490f/elements - {"using":"xpath","value":"//bdi[text()=\"OK\"]"}
RESULT: {"using":"xpath","value":"//bdi[text()=\"OK\"]"}
COMMAND: POST /session/62c6c4e2516ebe3f1de2f3a3d288490f/elements - {"using":"xpath","value":"//bdi[text()=\"OK\"]"}
RESULT: {"using":"xpath","value":"//bdi[text()=\"OK\"]"}
COMMAND: POST /session/62c6c4e2516ebe3f1de2f3a3d288490f/elements - {"using":"xpath","value":"//bdi[text()=\"OK\"]"}
RESULT: {"using":"xpath","value":"//bdi[text()=\"OK\"]"}
COMMAND: POST /session/62c6c4e2516ebe3f1de2f3a3d288490f/elements - {"using":"xpath","value":"//bdi[text()=\"OK\"]"}
RESULT: {"using":"xpath","value":"//bdi[text()=\"OK\"]"}
COMMAND: POST /session/62c6c4e2516ebe3f1de2f3a3d288490f/elements - {"using":"xpath","value":"//bdi[text()=\"OK\"]"}
RESULT: {"using":"xpath","value":"//bdi[text()=\"OK\"]"}
COMMAND: POST /session/62c6c4e2516ebe3f1de2f3a3d288490f/elements - {"using":"xpath","value":"//bdi[text()=\"OK\"]"}
RESULT: {"using":"xpath","value":"//bdi[text()=\"OK\"]"}
COMMAND: POST /session/62c6c4e2516ebe3f1de2f3a3d288490f/elements - {"using":"xpath","value":"//bdi[text()=\"OK\"]"}
RESULT: {"using":"xpath","value":"//bdi[text()=\"OK\"]"}
COMMAND: POST /session/62c6c4e2516ebe3f1de2f3a3d288490f/elements - {"using":"xpath","value":"//bdi[text()=\"OK\"]"}
RESULT: {"using":"xpath","value":"//bdi[text()=\"OK\"]"}
COMMAND: POST /session/62c6c4e2516ebe3f1de2f3a3d288490f/elements - {"using":"xpath","value":"//bdi[text()=\"OK\"]"}
RESULT: {"using":"xpath","value":"//bdi[text()=\"OK\"]"}
COMMAND: POST /session/62c6c4e2516ebe3f1de2f3a3d288490f/elements - {"using":"xpath","value":"//bdi[text()=\"OK\"]"}
RESULT: {"using":"xpath","value":"//bdi[text()=\"OK\"]"}
COMMAND: POST /session/62c6c4e2516ebe3f1de2f3a3d288490f/elements - {"using":"xpath","value":"//bdi[text()=\"OK\"]"}
RESULT: {"using":"xpath","value":"//bdi[text()=\"OK\"]"}
COMMAND: POST /session/62c6c4e2516ebe3f1de2f3a3d288490f/elements - {"using":"xpath","value":"//bdi[text()=\"OK\"]"}
RESULT: {"using":"xpath","value":"//bdi[text()=\"OK\"]"}
COMMAND: POST /session/62c6c4e2516ebe3f1de2f3a3d288490f/elements - {"using":"xpath","value":"//bdi[text()=\"OK\"]"}
RESULT: {"using":"xpath","value":"//bdi[text()=\"OK\"]"}
COMMAND: POST /session/62c6c4e2516ebe3f1de2f3a3d288490f/elements - {"using":"xpath","value":"//bdi[text()=\"OK\"]"}
RESULT: {"using":"xpath","value":"//bdi[text()=\"OK\"]"}
COMMAND: POST /session/62c6c4e2516ebe3f1de2f3a3d288490f/elements - {"using":"xpath","value":"//bdi[text()=\"OK\"]"}
RESULT: {"using":"xpath","value":"//bdi[text()=\"OK\"]"}
COMMAND: POST /session/62c6c4e2516ebe3f1de2f3a3d288490f/elements - {"using":"xpath","value":"//bdi[text()=\"OK\"]"}
RESULT: {"using":"xpath","value":"//bdi[text()=\"OK\"]"}
COMMAND: POST /session/62c6c4e2516ebe3f1de2f3a3d288490f/elements - {"using":"xpath","value":"//bdi[text()=\"OK\"]"}
RESULT: {"using":"xpath","value":"//bdi[text()=\"OK\"]"}
COMMAND: POST /session/62c6c4e2516ebe3f1de2f3a3d288490f/elements - {"using":"xpath","value":"//bdi[text()=\"OK\"]"}
RESULT: {"using":"xpath","value":"//bdi[text()=\"OK\"]"}
COMMAND: POST /session/62c6c4e2516ebe3f1de2f3a3d288490f/elements - {"using":"xpath","value":"//bdi[text()=\"OK\"]"}
RESULT: {"using":"xpath","value":"//bdi[text()=\"OK\"]"}
COMMAND: POST /session/62c6c4e2516ebe3f1de2f3a3d288490f/elements - {"using":"xpath","value":"//bdi[text()=\"OK\"]"}
RESULT: {"using":"xpath","value":"//bdi[text()=\"OK\"]"}
COMMAND: POST /session/62c6c4e2516ebe3f1de2f3a3d288490f/elements - {"using":"xpath","value":"//bdi[text()=\"OK\"]"}
RESULT: {"using":"xpath","value":"//bdi[text()=\"OK\"]"}
COMMAND: POST /session/62c6c4e2516ebe3f1de2f3a3d288490f/elements - {"using":"xpath","value":"//bdi[text()=\"OK\"]"}
RESULT: {"using":"xpath","value":"//bdi[text()=\"OK\"]"}
COMMAND: POST /session/62c6c4e2516ebe3f1de2f3a3d288490f/elements - {"using":"xpath","value":"//bdi[text()=\"OK\"]"}
RESULT: {"using":"xpath","value":"//bdi[text()=\"OK\"]"}
COMMAND: POST /session/62c6c4e2516ebe3f1de2f3a3d288490f/elements - {"using":"xpath","value":"//bdi[text()=\"OK\"]"}
RESULT: {"using":"xpath","value":"//bdi[text()=\"OK\"]"}
COMMAND: POST /session/62c6c4e2516ebe3f1de2f3a3d288490f/elements - {"using":"xpath","value":"//bdi[text()=\"OK\"]"}
RESULT: {"using":"xpath","value":"//bdi[text()=\"OK\"]"}
COMMAND: POST /session/62c6c4e2516ebe3f1de2f3a3d288490f/elements - {"using":"xpath","value":"//bdi[text()=\"OK\"]"}
RESULT: {"using":"xpath","value":"//bdi[text()=\"OK\"]"}
COMMAND: POST /session/62c6c4e2516ebe3f1de2f3a3d288490f/elements - {"using":"xpath","value":"//bdi[text()=\"OK\"]"}
RESULT: {"using":"xpath","value":"//bdi[text()=\"OK\"]"}
COMMAND: POST /session/62c6c4e2516ebe3f1de2f3a3d288490f/elements - {"using":"xpath","value":"//bdi[text()=\"OK\"]"}
RESULT: {"using":"xpath","value":"//bdi[text()=\"OK\"]"}
COMMAND: POST /session/62c6c4e2516ebe3f1de2f3a3d288490f/elements - {"using":"xpath","value":"//bdi[text()=\"OK\"]"}
RESULT: {"using":"xpath","value":"//bdi[text()=\"OK\"]"}
COMMAND: POST /session/62c6c4e2516ebe3f1de2f3a3d288490f/elements - {"using":"xpath","value":"//bdi[text()=\"OK\"]"}
RESULT: {"using":"xpath","value":"//bdi[text()=\"OK\"]"}
COMMAND: POST /session/62c6c4e2516ebe3f1de2f3a3d288490f/elements - {"using":"xpath","value":"//bdi[text()=\"OK\"]"}
RESULT: {"using":"xpath","value":"//bdi[text()=\"OK\"]"}
COMMAND: POST /session/62c6c4e2516ebe3f1de2f3a3d288490f/elements - {"using":"xpath","value":"//bdi[text()=\"OK\"]"}
RESULT: {"using":"xpath","value":"//bdi[text()=\"OK\"]"}
COMMAND: POST /session/62c6c4e2516ebe3f1de2f3a3d288490f/elements - {"using":"xpath","value":"//bdi[text()=\"OK\"]"}
RESULT: {"using":"xpath","value":"//bdi[text()=\"OK\"]"}
COMMAND: POST /session/62c6c4e2516ebe3f1de2f3a3d288490f/elements - {"using":"xpath","value":"//bdi[text()=\"OK\"]"}
RESULT: {"using":"xpath","value":"//bdi[text()=\"OK\"]"}
COMMAND: POST /session/62c6c4e2516ebe3f1de2f3a3d288490f/elements - {"using":"xpath","value":"//bdi[text()=\"OK\"]"}
RESULT: {"using":"xpath","value":"//bdi[text()=\"OK\"]"}
COMMAND: POST /session/62c6c4e2516ebe3f1de2f3a3d288490f/elements - {"using":"xpath","value":"//bdi[text()=\"OK\"]"}
RESULT: {"using":"xpath","value":"//bdi[text()=\"OK\"]"}
COMMAND: POST /session/62c6c4e2516ebe3f1de2f3a3d288490f/elements - {"using":"xpath","value":"//bdi[text()=\"OK\"]"}
RESULT: {"using":"xpath","value":"//bdi[text()=\"OK\"]"}
COMMAND: POST /session/62c6c4e2516ebe3f1de2f3a3d288490f/elements - {"using":"xpath","value":"//bdi[text()=\"OK\"]"}
RESULT: {"using":"xpath","value":"//bdi[text()=\"OK\"]"}
COMMAND: POST /session/62c6c4e2516ebe3f1de2f3a3d288490f/elements - {"using":"xpath","value":"//bdi[text()=\"OK\"]"}
RESULT: {"using":"xpath","value":"//bdi[text()=\"OK\"]"}
COMMAND: POST /session/62c6c4e2516ebe3f1de2f3a3d288490f/elements - {"using":"xpath","value":"//bdi[text()=\"OK\"]"}
RESULT: {"using":"xpath","value":"//bdi[text()=\"OK\"]"}
COMMAND: POST /session/62c6c4e2516ebe3f1de2f3a3d288490f/elements - {"using":"xpath","value":"//bdi[text()=\"OK\"]"}
RESULT: {"using":"xpath","value":"//bdi[text()=\"OK\"]"}
COMMAND: POST /session/62c6c4e2516ebe3f1de2f3a3d288490f/elements - {"using":"xpath","value":"//bdi[text()=\"OK\"]"}
RESULT: {"using":"xpath","value":"//bdi[text()=\"OK\"]"}
COMMAND: POST /session/62c6c4e2516ebe3f1de2f3a3d288490f/elements - {"using":"xpath","value":"//bdi[text()=\"OK\"]"}
RESULT: {"using":"xpath","value":"//bdi[text()=\"OK\"]"}
COMMAND: POST /session/62c6c4e2516ebe3f1de2f3a3d288490f/elements - {"using":"xpath","value":"//bdi[text()=\"OK\"]"}
RESULT: {"using":"xpath","value":"//bdi[text()=\"OK\"]"}
COMMAND: POST /session/62c6c4e2516ebe3f1de2f3a3d288490f/elements - {"using":"xpath","value":"//bdi[text()=\"OK\"]"}
RESULT: {"using":"xpath","value":"//bdi[text()=\"OK\"]"}
COMMAND: POST /session/62c6c4e2516ebe3f1de2f3a3d288490f/elements - {"using":"xpath","value":"//bdi[text()=\"OK\"]"}
RESULT: {"using":"xpath","value":"//bdi[text()=\"OK\"]"}
COMMAND: POST /session/62c6c4e2516ebe3f1de2f3a3d288490f/elements - {"using":"xpath","value":"//bdi[text()=\"OK\"]"}
RESULT: {"using":"xpath","value":"//bdi[text()=\"OK\"]"}
COMMAND: POST /session/62c6c4e2516ebe3f1de2f3a3d288490f/elements - {"using":"xpath","value":"//bdi[text()=\"OK\"]"}
RESULT: {"using":"xpath","value":"//bdi[text()=\"OK\"]"}
COMMAND: POST /session/62c6c4e2516ebe3f1de2f3a3d288490f/elements - {"using":"xpath","value":"//bdi[text()=\"OK\"]"}
RESULT: {"using":"xpath","value":"//bdi[text()=\"OK\"]"}
COMMAND: POST /session/62c6c4e2516ebe3f1de2f3a3d288490f/elements - {"using":"xpath","value":"//bdi[text()=\"OK\"]"}
RESULT: {"using":"xpath","value":"//bdi[text()=\"OK\"]"}
COMMAND: POST /session/62c6c4e2516ebe3f1de2f3a3d288490f/elements - {"using":"xpath","value":"//bdi[text()=\"OK\"]"}
RESULT: {"using":"xpath","value":"//bdi[text()=\"OK\"]"}
COMMAND: POST /session/62c6c4e2516ebe3f1de2f3a3d288490f/elements - {"using":"xpath","value":"//bdi[text()=\"OK\"]"}
RESULT: {"using":"xpath","value":"//bdi[text()=\"OK\"]"}
COMMAND: POST /session/62c6c4e2516ebe3f1de2f3a3d288490f/elements - {"using":"xpath","value":"//bdi[text()=\"OK\"]"}
RESULT: {"using":"xpath","value":"//bdi[text()=\"OK\"]"}
COMMAND: POST /session/62c6c4e2516ebe3f1de2f3a3d288490f/elements - {"using":"xpath","value":"//bdi[text()=\"OK\"]"}
RESULT: {"using":"xpath","value":"//bdi[text()=\"OK\"]"}
COMMAND: POST /session/62c6c4e2516ebe3f1de2f3a3d288490f/elements - {"using":"xpath","value":"//bdi[text()=\"OK\"]"}
RESULT: {"using":"xpath","value":"//bdi[text()=\"OK\"]"}
COMMAND: POST /session/62c6c4e2516ebe3f1de2f3a3d288490f/elements - {"using":"xpath","value":"//bdi[text()=\"OK\"]"}
RESULT: {"using":"xpath","value":"//bdi[text()=\"OK\"]"}
COMMAND: POST /session/62c6c4e2516ebe3f1de2f3a3d288490f/elements - {"using":"xpath","value":"//bdi[text()=\"OK\"]"}
RESULT: {"using":"xpath","value":"//bdi[text()=\"OK\"]"}
COMMAND: POST /session/62c6c4e2516ebe3f1de2f3a3d288490f/elements - {"using":"xpath","value":"//bdi[text()=\"OK\"]"}
RESULT: {"using":"xpath","value":"//bdi[text()=\"OK\"]"}
COMMAND: POST /session/62c6c4e2516ebe3f1de2f3a3d288490f/elements - {"using":"xpath","value":"//bdi[text()=\"OK\"]"}
RESULT: {"using":"xpath","value":"//bdi[text()=\"OK\"]"}
COMMAND: POST /session/62c6c4e2516ebe3f1de2f3a3d288490f/elements - {"using":"xpath","value":"//bdi[text()=\"OK\"]"}
RESULT: {"using":"xpath","value":"//bdi[text()=\"OK\"]"}
COMMAND: POST /session/62c6c4e2516ebe3f1de2f3a3d288490f/elements - {"using":"xpath","value":"//bdi[text()=\"OK\"]"}
RESULT: {"using":"xpath","value":"//bdi[text()=\"OK\"]"}
COMMAND: POST /session/62c6c4e2516ebe3f1de2f3a3d288490f/elements - {"using":"xpath","value":"//bdi[text()=\"OK\"]"}
RESULT: {"using":"xpath","value":"//bdi[text()=\"OK\"]"}
COMMAND: POST /session/62c6c4e2516ebe3f1de2f3a3d288490f/elements - {"using":"xpath","value":"//bdi[text()=\"OK\"]"}
RESULT: {"using":"xpath","value":"//bdi[text()=\"OK\"]"}
COMMAND: POST /session/62c6c4e2516ebe3f1de2f3a3d288490f/elements - {"using":"xpath","value":"//bdi[text()=\"OK\"]"}
RESULT: {"using":"xpath","value":"//bdi[text()=\"OK\"]"}
COMMAND: POST /session/62c6c4e2516ebe3f1de2f3a3d288490f/elements - {"using":"xpath","value":"//bdi[text()=\"OK\"]"}
RESULT: {"using":"xpath","value":"//bdi[text()=\"OK\"]"}
COMMAND: POST /session/62c6c4e2516ebe3f1de2f3a3d288490f/elements - {"using":"xpath","value":"//bdi[text()=\"OK\"]"}
RESULT: {"using":"xpath","value":"//bdi[text()=\"OK\"]"}
COMMAND: POST /session/62c6c4e2516ebe3f1de2f3a3d288490f/elements - {"using":"xpath","value":"//bdi[text()=\"OK\"]"}
RESULT: {"using":"xpath","value":"//bdi[text()=\"OK\"]"}
COMMAND: POST /session/62c6c4e2516ebe3f1de2f3a3d288490f/elements - {"using":"xpath","value":"//bdi[text()=\"OK\"]"}
RESULT: {"using":"xpath","value":"//bdi[text()=\"OK\"]"}
COMMAND: POST /session/62c6c4e2516ebe3f1de2f3a3d288490f/elements - {"using":"xpath","value":"//bdi[text()=\"OK\"]"}
RESULT: {"using":"xpath","value":"//bdi[text()=\"OK\"]"}
COMMAND: POST /session/62c6c4e2516ebe3f1de2f3a3d288490f/elements - {"using":"xpath","value":"//bdi[text()=\"OK\"]"}
RESULT: {"using":"xpath","value":"//bdi[text()=\"OK\"]"}
COMMAND: POST /session/62c6c4e2516ebe3f1de2f3a3d288490f/elements - {"using":"xpath","value":"//bdi[text()=\"OK\"]"}
RESULT: {"using":"xpath","value":"//bdi[text()=\"OK\"]"}
COMMAND: POST /session/62c6c4e2516ebe3f1de2f3a3d288490f/elements - {"using":"xpath","value":"//bdi[text()=\"OK\"]"}
RESULT: {"using":"xpath","value":"//bdi[text()=\"OK\"]"}
COMMAND: POST /session/62c6c4e2516ebe3f1de2f3a3d288490f/elements - {"using":"xpath","value":"//bdi[text()=\"OK\"]"}
RESULT: {"using":"xpath","value":"//bdi[text()=\"OK\"]"}
COMMAND: POST /session/62c6c4e2516ebe3f1de2f3a3d288490f/elements - {"using":"xpath","value":"//bdi[text()=\"OK\"]"}
RESULT: {"using":"xpath","value":"//bdi[text()=\"OK\"]"}
COMMAND: POST /session/62c6c4e2516ebe3f1de2f3a3d288490f/elements - {"using":"xpath","value":"//bdi[text()=\"OK\"]"}
RESULT: {"using":"xpath","value":"//bdi[text()=\"OK\"]"}
COMMAND: POST /session/62c6c4e2516ebe3f1de2f3a3d288490f/elements - {"using":"xpath","value":"//bdi[text()=\"OK\"]"}
RESULT: {"using":"xpath","value":"//bdi[text()=\"OK\"]"}
COMMAND: POST /session/62c6c4e2516ebe3f1de2f3a3d288490f/elements - {"using":"xpath","value":"//bdi[text()=\"OK\"]"}
RESULT: {"using":"xpath","value":"//bdi[text()=\"OK\"]"}
COMMAND: POST /session/62c6c4e2516ebe3f1de2f3a3d288490f/elements - {"using":"xpath","value":"//bdi[text()=\"OK\"]"}
RESULT: {"using":"xpath","value":"//bdi[text()=\"OK\"]"}
COMMAND: POST /session/62c6c4e2516ebe3f1de2f3a3d288490f/elements - {"using":"xpath","value":"//bdi[text()=\"OK\"]"}
RESULT: {"using":"xpath","value":"//bdi[text()=\"OK\"]"}
COMMAND: POST /session/62c6c4e2516ebe3f1de2f3a3d288490f/elements - {"using":"xpath","value":"//bdi[text()=\"OK\"]"}
RESULT: {"using":"xpath","value":"//bdi[text()=\"OK\"]"}
COMMAND: POST /session/62c6c4e2516ebe3f1de2f3a3d288490f/elements - {"using":"xpath","value":"//bdi[text()=\"OK\"]"}
RESULT: {"using":"xpath","value":"//bdi[text()=\"OK\"]"}
COMMAND: POST /session/62c6c4e2516ebe3f1de2f3a3d288490f/elements - {"using":"xpath","value":"//bdi[text()=\"OK\"]"}
RESULT: {"using":"xpath","value":"//bdi[text()=\"OK\"]"}
COMMAND: POST /session/62c6c4e2516ebe3f1de2f3a3d288490f/elements - {"using":"xpath","value":"//bdi[text()=\"OK\"]"}
RESULT: {"using":"xpath","value":"//bdi[text()=\"OK\"]"}
COMMAND: POST /session/62c6c4e2516ebe3f1de2f3a3d288490f/elements - {"using":"xpath","value":"//bdi[text()=\"OK\"]"}
RESULT: {"using":"xpath","value":"//bdi[text()=\"OK\"]"}
COMMAND: POST /session/62c6c4e2516ebe3f1de2f3a3d288490f/elements - {"using":"xpath","value":"//bdi[text()=\"OK\"]"}
RESULT: {"using":"xpath","value":"//bdi[text()=\"OK\"]"}
COMMAND: POST /session/62c6c4e2516ebe3f1de2f3a3d288490f/elements - {"using":"xpath","value":"//bdi[text()=\"OK\"]"}
COMMAND: POST /session/62c6c4e2516ebe3f1de2f3a3d288490f/element - {"using":"xpath","value":"//bdi[text()=\"OK\"]"}
RESULT: {"using":"xpath","value":"//bdi[text()=\"OK\"]"}
RESULT: {"using":"xpath","value":"//bdi[text()=\"OK\"]"}
COMMAND: POST /session/62c6c4e2516ebe3f1de2f3a3d288490f/elements - {"using":"xpath","value":"//bdi[text()=\"OK\"]"}
RESULT: {"using":"xpath","value":"//bdi[text()=\"OK\"]"}
COMMAND: POST /session/62c6c4e2516ebe3f1de2f3a3d288490f/elements - {"using":"xpath","value":"//bdi[text()=\"OK\"]"}
RESULT: {"using":"xpath","value":"//bdi[text()=\"OK\"]"}
COMMAND: POST /session/62c6c4e2516ebe3f1de2f3a3d288490f/elements - {"using":"xpath","value":"//bdi[text()=\"OK\"]"}
RESULT: {"using":"xpath","value":"//bdi[text()=\"OK\"]"}
COMMAND: POST /session/62c6c4e2516ebe3f1de2f3a3d288490f/elements - {"using":"xpath","value":"//bdi[text()=\"OK\"]"}
RESULT: {"using":"xpath","value":"//bdi[text()=\"OK\"]"}
COMMAND: POST /session/62c6c4e2516ebe3f1de2f3a3d288490f/elements - {"using":"xpath","value":"//bdi[text()=\"OK\"]"}
RESULT: {"using":"xpath","value":"//bdi[text()=\"OK\"]"}
COMMAND: POST /session/62c6c4e2516ebe3f1de2f3a3d288490f/elements - {"using":"xpath","value":"//bdi[text()=\"OK\"]"}
RESULT: {"using":"xpath","value":"//bdi[text()=\"OK\"]"}
COMMAND: POST /session/62c6c4e2516ebe3f1de2f3a3d288490f/elements - {"using":"xpath","value":"//bdi[text()=\"OK\"]"}
RESULT: {"using":"xpath","value":"//bdi[text()=\"OK\"]"}
COMMAND: POST /session/62c6c4e2516ebe3f1de2f3a3d288490f/elements - {"using":"xpath","value":"//bdi[text()=\"OK\"]"}
RESULT: {"using":"xpath","value":"//bdi[text()=\"OK\"]"}
COMMAND: POST /session/62c6c4e2516ebe3f1de2f3a3d288490f/elements - {"using":"xpath","value":"//bdi[text()=\"OK\"]"}
RESULT: {"using":"xpath","value":"//bdi[text()=\"OK\"]"}
COMMAND: POST /session/62c6c4e2516ebe3f1de2f3a3d288490f/elements - {"using":"xpath","value":"//bdi[text()=\"OK\"]"}
RESULT: {"using":"xpath","value":"//bdi[text()=\"OK\"]"}
COMMAND: POST /session/62c6c4e2516ebe3f1de2f3a3d288490f/elements - {"using":"xpath","value":"//bdi[text()=\"OK\"]"}
RESULT: {"using":"xpath","value":"//bdi[text()=\"OK\"]"}
COMMAND: POST /session/62c6c4e2516ebe3f1de2f3a3d288490f/elements - {"using":"xpath","value":"//bdi[text()=\"OK\"]"}
RESULT: {"using":"xpath","value":"//bdi[text()=\"OK\"]"}
COMMAND: POST /session/62c6c4e2516ebe3f1de2f3a3d288490f/elements - {"using":"xpath","value":"//bdi[text()=\"OK\"]"}
RESULT: {"using":"xpath","value":"//bdi[text()=\"OK\"]"}
COMMAND: POST /session/62c6c4e2516ebe3f1de2f3a3d288490f/elements - {"using":"xpath","value":"//bdi[text()=\"OK\"]"}
RESULT: {"using":"xpath","value":"//bdi[text()=\"OK\"]"}
COMMAND: POST /session/62c6c4e2516ebe3f1de2f3a3d288490f/elements - {"using":"xpath","value":"//bdi[text()=\"OK\"]"}
RESULT: {"using":"xpath","value":"//bdi[text()=\"OK\"]"}
COMMAND: POST /session/62c6c4e2516ebe3f1de2f3a3d288490f/elements - {"using":"xpath","value":"//bdi[text()=\"OK\"]"}
RESULT: {"using":"xpath","value":"//bdi[text()=\"OK\"]"}
COMMAND: POST /session/62c6c4e2516ebe3f1de2f3a3d288490f/elements - {"using":"xpath","value":"//bdi[text()=\"OK\"]"}
RESULT: {"using":"xpath","value":"//bdi[text()=\"OK\"]"}
COMMAND: POST /session/62c6c4e2516ebe3f1de2f3a3d288490f/elements - {"using":"xpath","value":"//bdi[text()=\"OK\"]"}
RESULT: {"using":"xpath","value":"//bdi[text()=\"OK\"]"}
COMMAND: POST /session/62c6c4e2516ebe3f1de2f3a3d288490f/elements - {"using":"xpath","value":"//bdi[text()=\"OK\"]"}
RESULT: {"using":"xpath","value":"//bdi[text()=\"OK\"]"}
COMMAND: POST /session/62c6c4e2516ebe3f1de2f3a3d288490f/elements - {"using":"xpath","value":"//bdi[text()=\"OK\"]"}
RESULT: {"using":"xpath","value":"//bdi[text()=\"OK\"]"}
COMMAND: POST /session/62c6c4e2516ebe3f1de2f3a3d288490f/elements - {"using":"xpath","value":"//bdi[text()=\"OK\"]"}
RESULT: {"using":"xpath","value":"//bdi[text()=\"OK\"]"}
COMMAND: POST /session/62c6c4e2516ebe3f1de2f3a3d288490f/elements - {"using":"xpath","value":"//bdi[text()=\"OK\"]"}
RESULT: {"using":"xpath","value":"//bdi[text()=\"OK\"]"}
COMMAND: POST /session/62c6c4e2516ebe3f1de2f3a3d288490f/elements - {"using":"xpath","value":"//bdi[text()=\"OK\"]"}
RESULT: {"using":"xpath","value":"//bdi[text()=\"OK\"]"}
COMMAND: POST /session/62c6c4e2516ebe3f1de2f3a3d288490f/elements - {"using":"xpath","value":"//bdi[text()=\"OK\"]"}
RESULT: {"using":"xpath","value":"//bdi[text()=\"OK\"]"}
COMMAND: POST /session/62c6c4e2516ebe3f1de2f3a3d288490f/elements - {"using":"xpath","value":"//bdi[text()=\"OK\"]"}
RESULT: {"using":"xpath","value":"//bdi[text()=\"OK\"]"}
COMMAND: POST /session/62c6c4e2516ebe3f1de2f3a3d288490f/elements - {"using":"xpath","value":"//bdi[text()=\"OK\"]"}
RESULT: {"using":"xpath","value":"//bdi[text()=\"OK\"]"}
COMMAND: POST /session/62c6c4e2516ebe3f1de2f3a3d288490f/elements - {"using":"xpath","value":"//bdi[text()=\"OK\"]"}
RESULT: {"using":"xpath","value":"//bdi[text()=\"OK\"]"}
COMMAND: POST /session/62c6c4e2516ebe3f1de2f3a3d288490f/elements - {"using":"xpath","value":"//bdi[text()=\"OK\"]"}
RESULT: {"using":"xpath","value":"//bdi[text()=\"OK\"]"}
COMMAND: POST /session/62c6c4e2516ebe3f1de2f3a3d288490f/elements - {"using":"xpath","value":"//bdi[text()=\"OK\"]"}
RESULT: {"using":"xpath","value":"//bdi[text()=\"OK\"]"}
COMMAND: POST /session/62c6c4e2516ebe3f1de2f3a3d288490f/elements - {"using":"xpath","value":"//bdi[text()=\"OK\"]"}
RESULT: {"using":"xpath","value":"//bdi[text()=\"OK\"]"}
COMMAND: POST /session/62c6c4e2516ebe3f1de2f3a3d288490f/elements - {"using":"xpath","value":"//bdi[text()=\"OK\"]"}
RESULT: {"using":"xpath","value":"//bdi[text()=\"OK\"]"}
COMMAND: POST /session/62c6c4e2516ebe3f1de2f3a3d288490f/elements - {"using":"xpath","value":"//bdi[text()=\"OK\"]"}
RESULT: {"using":"xpath","value":"//bdi[text()=\"OK\"]"}
COMMAND: POST /session/62c6c4e2516ebe3f1de2f3a3d288490f/elements - {"using":"xpath","value":"//bdi[text()=\"OK\"]"}
RESULT: {"using":"xpath","value":"//bdi[text()=\"OK\"]"}
COMMAND: POST /session/62c6c4e2516ebe3f1de2f3a3d288490f/elements - {"using":"xpath","value":"//bdi[text()=\"OK\"]"}
RESULT: {"using":"xpath","value":"//bdi[text()=\"OK\"]"}
COMMAND: POST /session/62c6c4e2516ebe3f1de2f3a3d288490f/elements - {"using":"xpath","value":"//bdi[text()=\"OK\"]"}
RESULT: {"using":"xpath","value":"//bdi[text()=\"OK\"]"}
COMMAND: POST /session/62c6c4e2516ebe3f1de2f3a3d288490f/elements - {"using":"xpath","value":"//bdi[text()=\"OK\"]"}
RESULT: {"using":"xpath","value":"//bdi[text()=\"OK\"]"}
COMMAND: POST /session/62c6c4e2516ebe3f1de2f3a3d288490f/elements - {"using":"xpath","value":"//bdi[text()=\"OK\"]"}
RESULT: {"using":"xpath","value":"//bdi[text()=\"OK\"]"}
COMMAND: POST /session/62c6c4e2516ebe3f1de2f3a3d288490f/elements - {"using":"xpath","value":"//bdi[text()=\"OK\"]"}
RESULT: {"using":"xpath","value":"//bdi[text()=\"OK\"]"}
COMMAND: POST /session/62c6c4e2516ebe3f1de2f3a3d288490f/elements - {"using":"xpath","value":"//bdi[text()=\"OK\"]"}
RESULT: {"using":"xpath","value":"//bdi[text()=\"OK\"]"}
COMMAND: POST /session/62c6c4e2516ebe3f1de2f3a3d288490f/elements - {"using":"xpath","value":"//bdi[text()=\"OK\"]"}
RESULT: {"using":"xpath","value":"//bdi[text()=\"OK\"]"}
COMMAND: POST /session/62c6c4e2516ebe3f1de2f3a3d288490f/elements - {"using":"xpath","value":"//bdi[text()=\"OK\"]"}
RESULT: {"using":"xpath","value":"//bdi[text()=\"OK\"]"}
COMMAND: POST /session/62c6c4e2516ebe3f1de2f3a3d288490f/elements - {"using":"xpath","value":"//bdi[text()=\"OK\"]"}
RESULT: {"using":"xpath","value":"//bdi[text()=\"OK\"]"}
COMMAND: POST /session/62c6c4e2516ebe3f1de2f3a3d288490f/elements - {"using":"xpath","value":"//bdi[text()=\"OK\"]"}
RESULT: {"using":"xpath","value":"//bdi[text()=\"OK\"]"}
COMMAND: POST /session/62c6c4e2516ebe3f1de2f3a3d288490f/elements - {"using":"xpath","value":"//bdi[text()=\"OK\"]"}
RESULT: {"using":"xpath","value":"//bdi[text()=\"OK\"]"}
COMMAND: POST /session/62c6c4e2516ebe3f1de2f3a3d288490f/elements - {"using":"xpath","value":"//bdi[text()=\"OK\"]"}
RESULT: {"using":"xpath","value":"//bdi[text()=\"OK\"]"}
COMMAND: POST /session/62c6c4e2516ebe3f1de2f3a3d288490f/elements - {"using":"xpath","value":"//bdi[text()=\"OK\"]"}
RESULT: {"using":"xpath","value":"//bdi[text()=\"OK\"]"}
COMMAND: POST /session/62c6c4e2516ebe3f1de2f3a3d288490f/elements - {"using":"xpath","value":"//bdi[text()=\"OK\"]"}
RESULT: {"using":"xpath","value":"//bdi[text()=\"OK\"]"}
COMMAND: POST /session/62c6c4e2516ebe3f1de2f3a3d288490f/elements - {"using":"xpath","value":"//bdi[text()=\"OK\"]"}
RESULT: {"using":"xpath","value":"//bdi[text()=\"OK\"]"}
COMMAND: POST /session/62c6c4e2516ebe3f1de2f3a3d288490f/elements - {"using":"xpath","value":"//bdi[text()=\"OK\"]"}
RESULT: {"using":"xpath","value":"//bdi[text()=\"OK\"]"}
COMMAND: POST /session/62c6c4e2516ebe3f1de2f3a3d288490f/elements - {"using":"xpath","value":"//bdi[text()=\"OK\"]"}
RESULT: {"using":"xpath","value":"//bdi[text()=\"OK\"]"}
COMMAND: POST /session/62c6c4e2516ebe3f1de2f3a3d288490f/elements - {"using":"xpath","value":"//bdi[text()=\"OK\"]"}
RESULT: {"using":"xpath","value":"//bdi[text()=\"OK\"]"}
COMMAND: POST /session/62c6c4e2516ebe3f1de2f3a3d288490f/elements - {"using":"xpath","value":"//bdi[text()=\"OK\"]"}
RESULT: {"using":"xpath","value":"//bdi[text()=\"OK\"]"}
COMMAND: POST /session/62c6c4e2516ebe3f1de2f3a3d288490f/elements - {"using":"xpath","value":"//bdi[text()=\"OK\"]"}
RESULT: {"using":"xpath","value":"//bdi[text()=\"OK\"]"}
COMMAND: POST /session/62c6c4e2516ebe3f1de2f3a3d288490f/elements - {"using":"xpath","value":"//bdi[text()=\"OK\"]"}
RESULT: {"using":"xpath","value":"//bdi[text()=\"OK\"]"}
COMMAND: POST /session/62c6c4e2516ebe3f1de2f3a3d288490f/elements - {"using":"xpath","value":"//bdi[text()=\"OK\"]"}
RESULT: {"using":"xpath","value":"//bdi[text()=\"OK\"]"}
COMMAND: POST /session/62c6c4e2516ebe3f1de2f3a3d288490f/elements - {"using":"xpath","value":"//bdi[text()=\"OK\"]"}
RESULT: {"using":"xpath","value":"//bdi[text()=\"OK\"]"}
COMMAND: POST /session/62c6c4e2516ebe3f1de2f3a3d288490f/elements - {"using":"xpath","value":"//bdi[text()=\"OK\"]"}
RESULT: {"using":"xpath","value":"//bdi[text()=\"OK\"]"}
COMMAND: POST /session/62c6c4e2516ebe3f1de2f3a3d288490f/elements - {"using":"xpath","value":"//bdi[text()=\"OK\"]"}
RESULT: {"using":"xpath","value":"//bdi[text()=\"OK\"]"}
COMMAND: POST /session/62c6c4e2516ebe3f1de2f3a3d288490f/elements - {"using":"xpath","value":"//bdi[text()=\"OK\"]"}
RESULT: {"using":"xpath","value":"//bdi[text()=\"OK\"]"}
COMMAND: POST /session/62c6c4e2516ebe3f1de2f3a3d288490f/elements - {"using":"xpath","value":"//bdi[text()=\"OK\"]"}
RESULT: {"using":"xpath","value":"//bdi[text()=\"OK\"]"}
COMMAND: POST /session/62c6c4e2516ebe3f1de2f3a3d288490f/elements - {"using":"xpath","value":"//bdi[text()=\"OK\"]"}
RESULT: {"using":"xpath","value":"//bdi[text()=\"OK\"]"}
COMMAND: POST /session/62c6c4e2516ebe3f1de2f3a3d288490f/elements - {"using":"xpath","value":"//bdi[text()=\"OK\"]"}
RESULT: {"using":"xpath","value":"//bdi[text()=\"OK\"]"}
COMMAND: POST /session/62c6c4e2516ebe3f1de2f3a3d288490f/elements - {"using":"xpath","value":"//bdi[text()=\"OK\"]"}
RESULT: {"using":"xpath","value":"//bdi[text()=\"OK\"]"}
COMMAND: POST /session/62c6c4e2516ebe3f1de2f3a3d288490f/elements - {"using":"xpath","value":"//bdi[text()=\"OK\"]"}
RESULT: {"using":"xpath","value":"//bdi[text()=\"OK\"]"}
COMMAND: POST /session/62c6c4e2516ebe3f1de2f3a3d288490f/elements - {"using":"xpath","value":"//bdi[text()=\"OK\"]"}
RESULT: {"using":"xpath","value":"//bdi[text()=\"OK\"]"}
COMMAND: POST /session/62c6c4e2516ebe3f1de2f3a3d288490f/elements - {"using":"xpath","value":"//bdi[text()=\"OK\"]"}
RESULT: {"using":"xpath","value":"//bdi[text()=\"OK\"]"}
COMMAND: POST /session/62c6c4e2516ebe3f1de2f3a3d288490f/elements - {"using":"xpath","value":"//bdi[text()=\"OK\"]"}
RESULT: {"using":"xpath","value":"//bdi[text()=\"OK\"]"}
COMMAND: POST /session/62c6c4e2516ebe3f1de2f3a3d288490f/elements - {"using":"xpath","value":"//bdi[text()=\"OK\"]"}
RESULT: {"using":"xpath","value":"//bdi[text()=\"OK\"]"}
COMMAND: POST /session/62c6c4e2516ebe3f1de2f3a3d288490f/elements - {"using":"xpath","value":"//bdi[text()=\"OK\"]"}
RESULT: {"using":"xpath","value":"//bdi[text()=\"OK\"]"}
COMMAND: POST /session/62c6c4e2516ebe3f1de2f3a3d288490f/elements - {"using":"xpath","value":"//bdi[text()=\"OK\"]"}
RESULT: {"using":"xpath","value":"//bdi[text()=\"OK\"]"}
COMMAND: POST /session/62c6c4e2516ebe3f1de2f3a3d288490f/elements - {"using":"xpath","value":"//bdi[text()=\"OK\"]"}
RESULT: {"using":"xpath","value":"//bdi[text()=\"OK\"]"}
COMMAND: POST /session/62c6c4e2516ebe3f1de2f3a3d288490f/elements - {"using":"xpath","value":"//bdi[text()=\"OK\"]"}
RESULT: {"using":"xpath","value":"//bdi[text()=\"OK\"]"}
COMMAND: POST /session/62c6c4e2516ebe3f1de2f3a3d288490f/elements - {"using":"xpath","value":"//bdi[text()=\"OK\"]"}
RESULT: {"using":"xpath","value":"//bdi[text()=\"OK\"]"}
COMMAND: POST /session/62c6c4e2516ebe3f1de2f3a3d288490f/elements - {"using":"xpath","value":"//bdi[text()=\"OK\"]"}
RESULT: {"using":"xpath","value":"//bdi[text()=\"OK\"]"}
COMMAND: POST /session/62c6c4e2516ebe3f1de2f3a3d288490f/elements - {"using":"xpath","value":"//bdi[text()=\"OK\"]"}
RESULT: {"using":"xpath","value":"//bdi[text()=\"OK\"]"}
COMMAND: POST /session/62c6c4e2516ebe3f1de2f3a3d288490f/elements - {"using":"xpath","value":"//bdi[text()=\"OK\"]"}
RESULT: {"using":"xpath","value":"//bdi[text()=\"OK\"]"}
COMMAND: POST /session/62c6c4e2516ebe3f1de2f3a3d288490f/elements - {"using":"xpath","value":"//bdi[text()=\"OK\"]"}
RESULT: {"using":"xpath","value":"//bdi[text()=\"OK\"]"}
COMMAND: POST /session/62c6c4e2516ebe3f1de2f3a3d288490f/elements - {"using":"xpath","value":"//bdi[text()=\"OK\"]"}
RESULT: {"using":"xpath","value":"//bdi[text()=\"OK\"]"}
COMMAND: POST /session/62c6c4e2516ebe3f1de2f3a3d288490f/elements - {"using":"xpath","value":"//bdi[text()=\"OK\"]"}
RESULT: {"using":"xpath","value":"//bdi[text()=\"OK\"]"}
COMMAND: POST /session/62c6c4e2516ebe3f1de2f3a3d288490f/elements - {"using":"xpath","value":"//bdi[text()=\"OK\"]"}
RESULT: {"using":"xpath","value":"//bdi[text()=\"OK\"]"}
COMMAND: POST /session/62c6c4e2516ebe3f1de2f3a3d288490f/elements - {"using":"xpath","value":"//bdi[text()=\"OK\"]"}
RESULT: {"using":"xpath","value":"//bdi[text()=\"OK\"]"}
COMMAND: POST /session/62c6c4e2516ebe3f1de2f3a3d288490f/elements - {"using":"xpath","value":"//bdi[text()=\"OK\"]"}
RESULT: {"using":"xpath","value":"//bdi[text()=\"OK\"]"}
COMMAND: POST /session/62c6c4e2516ebe3f1de2f3a3d288490f/elements - {"using":"xpath","value":"//bdi[text()=\"OK\"]"}
RESULT: {"using":"xpath","value":"//bdi[text()=\"OK\"]"}
COMMAND: POST /session/62c6c4e2516ebe3f1de2f3a3d288490f/elements - {"using":"xpath","value":"//bdi[text()=\"OK\"]"}
RESULT: {"using":"xpath","value":"//bdi[text()=\"OK\"]"}
COMMAND: POST /session/62c6c4e2516ebe3f1de2f3a3d288490f/elements - {"using":"xpath","value":"//bdi[text()=\"OK\"]"}
RESULT: {"using":"xpath","value":"//bdi[text()=\"OK\"]"}
COMMAND: POST /session/62c6c4e2516ebe3f1de2f3a3d288490f/elements - {"using":"xpath","value":"//bdi[text()=\"OK\"]"}
RESULT: {"using":"xpath","value":"//bdi[text()=\"OK\"]"}
COMMAND: POST /session/62c6c4e2516ebe3f1de2f3a3d288490f/elements - {"using":"xpath","value":"//bdi[text()=\"OK\"]"}
RESULT: {"using":"xpath","value":"//bdi[text()=\"OK\"]"}
COMMAND: POST /session/62c6c4e2516ebe3f1de2f3a3d288490f/elements - {"using":"xpath","value":"//bdi[text()=\"OK\"]"}
RESULT: {"using":"xpath","value":"//bdi[text()=\"OK\"]"}
COMMAND: POST /session/62c6c4e2516ebe3f1de2f3a3d288490f/elements - {"using":"xpath","value":"//bdi[text()=\"OK\"]"}
RESULT: {"using":"xpath","value":"//bdi[text()=\"OK\"]"}
COMMAND: POST /session/62c6c4e2516ebe3f1de2f3a3d288490f/elements - {"using":"xpath","value":"//bdi[text()=\"OK\"]"}
RESULT: {"using":"xpath","value":"//bdi[text()=\"OK\"]"}
COMMAND: POST /session/62c6c4e2516ebe3f1de2f3a3d288490f/elements - {"using":"xpath","value":"//bdi[text()=\"OK\"]"}
RESULT: {"using":"xpath","value":"//bdi[text()=\"OK\"]"}
COMMAND: POST /session/62c6c4e2516ebe3f1de2f3a3d288490f/elements - {"using":"xpath","value":"//bdi[text()=\"OK\"]"}
RESULT: {"using":"xpath","value":"//bdi[text()=\"OK\"]"}
COMMAND: POST /session/62c6c4e2516ebe3f1de2f3a3d288490f/elements - {"using":"xpath","value":"//bdi[text()=\"OK\"]"}
RESULT: {"using":"xpath","value":"//bdi[text()=\"OK\"]"}
COMMAND: POST /session/62c6c4e2516ebe3f1de2f3a3d288490f/elements - {"using":"xpath","value":"//bdi[text()=\"OK\"]"}
RESULT: {"using":"xpath","value":"//bdi[text()=\"OK\"]"}
COMMAND: POST /session/62c6c4e2516ebe3f1de2f3a3d288490f/elements - {"using":"xpath","value":"//bdi[text()=\"OK\"]"}
RESULT: {"using":"xpath","value":"//bdi[text()=\"OK\"]"}
COMMAND: POST /session/62c6c4e2516ebe3f1de2f3a3d288490f/elements - {"using":"xpath","value":"//bdi[text()=\"OK\"]"}
RESULT: {"using":"xpath","value":"//bdi[text()=\"OK\"]"}
COMMAND: POST /session/62c6c4e2516ebe3f1de2f3a3d288490f/elements - {"using":"xpath","value":"//bdi[text()=\"OK\"]"}
RESULT: {"using":"xpath","value":"//bdi[text()=\"OK\"]"}
COMMAND: POST /session/62c6c4e2516ebe3f1de2f3a3d288490f/elements - {"using":"xpath","value":"//bdi[text()=\"OK\"]"}
RESULT: {"using":"xpath","value":"//bdi[text()=\"OK\"]"}
COMMAND: POST /session/62c6c4e2516ebe3f1de2f3a3d288490f/elements - {"using":"xpath","value":"//bdi[text()=\"OK\"]"}
RESULT: {"using":"xpath","value":"//bdi[text()=\"OK\"]"}
COMMAND: POST /session/62c6c4e2516ebe3f1de2f3a3d288490f/elements - {"using":"xpath","value":"//bdi[text()=\"OK\"]"}
RESULT: {"using":"xpath","value":"//bdi[text()=\"OK\"]"}
COMMAND: POST /session/62c6c4e2516ebe3f1de2f3a3d288490f/elements - {"using":"xpath","value":"//bdi[text()=\"OK\"]"}
RESULT: {"using":"xpath","value":"//bdi[text()=\"OK\"]"}
COMMAND: POST /session/62c6c4e2516ebe3f1de2f3a3d288490f/elements - {"using":"xpath","value":"//bdi[text()=\"OK\"]"}
RESULT: {"using":"xpath","value":"//bdi[text()=\"OK\"]"}
COMMAND: POST /session/62c6c4e2516ebe3f1de2f3a3d288490f/elements - {"using":"xpath","value":"//bdi[text()=\"OK\"]"}
RESULT: {"using":"xpath","value":"//bdi[text()=\"OK\"]"}
COMMAND: POST /session/62c6c4e2516ebe3f1de2f3a3d288490f/elements - {"using":"xpath","value":"//bdi[text()=\"OK\"]"}
RESULT: {"using":"xpath","value":"//bdi[text()=\"OK\"]"}
COMMAND: POST /session/62c6c4e2516ebe3f1de2f3a3d288490f/elements - {"using":"xpath","value":"//bdi[text()=\"OK\"]"}
RESULT: {"using":"xpath","value":"//bdi[text()=\"OK\"]"}
COMMAND: POST /session/62c6c4e2516ebe3f1de2f3a3d288490f/elements - {"using":"xpath","value":"//bdi[text()=\"OK\"]"}
RESULT: {"using":"xpath","value":"//bdi[text()=\"OK\"]"}
COMMAND: POST /session/62c6c4e2516ebe3f1de2f3a3d288490f/elements - {"using":"xpath","value":"//bdi[text()=\"OK\"]"}
RESULT: {"using":"xpath","value":"//bdi[text()=\"OK\"]"}
COMMAND: POST /session/62c6c4e2516ebe3f1de2f3a3d288490f/elements - {"using":"xpath","value":"//bdi[text()=\"OK\"]"}
RESULT: {"using":"xpath","value":"//bdi[text()=\"OK\"]"}
COMMAND: POST /session/62c6c4e2516ebe3f1de2f3a3d288490f/elements - {"using":"xpath","value":"//bdi[text()=\"OK\"]"}
RESULT: {"using":"xpath","value":"//bdi[text()=\"OK\"]"}
COMMAND: POST /session/62c6c4e2516ebe3f1de2f3a3d288490f/elements - {"using":"xpath","value":"//bdi[text()=\"OK\"]"}
RESULT: {"using":"xpath","value":"//bdi[text()=\"OK\"]"}
COMMAND: POST /session/62c6c4e2516ebe3f1de2f3a3d288490f/elements - {"using":"xpath","value":"//bdi[text()=\"OK\"]"}
RESULT: {"using":"xpath","value":"//bdi[text()=\"OK\"]"}
COMMAND: POST /session/62c6c4e2516ebe3f1de2f3a3d288490f/elements - {"using":"xpath","value":"//bdi[text()=\"OK\"]"}
RESULT: {"using":"xpath","value":"//bdi[text()=\"OK\"]"}
COMMAND: POST /session/62c6c4e2516ebe3f1de2f3a3d288490f/elements - {"using":"xpath","value":"//bdi[text()=\"OK\"]"}
RESULT: {"using":"xpath","value":"//bdi[text()=\"OK\"]"}
COMMAND: POST /session/62c6c4e2516ebe3f1de2f3a3d288490f/elements - {"using":"xpath","value":"//bdi[text()=\"OK\"]"}
RESULT: {"using":"xpath","value":"//bdi[text()=\"OK\"]"}
COMMAND: POST /session/62c6c4e2516ebe3f1de2f3a3d288490f/elements - {"using":"xpath","value":"//bdi[text()=\"OK\"]"}
RESULT: {"using":"xpath","value":"//bdi[text()=\"OK\"]"}
COMMAND: POST /session/62c6c4e2516ebe3f1de2f3a3d288490f/elements - {"using":"xpath","value":"//bdi[text()=\"OK\"]"}
RESULT: {"using":"xpath","value":"//bdi[text()=\"OK\"]"}
COMMAND: POST /session/62c6c4e2516ebe3f1de2f3a3d288490f/elements - {"using":"xpath","value":"//bdi[text()=\"OK\"]"}
RESULT: {"using":"xpath","value":"//bdi[text()=\"OK\"]"}
COMMAND: POST /session/62c6c4e2516ebe3f1de2f3a3d288490f/elements - {"using":"xpath","value":"//bdi[text()=\"OK\"]"}
RESULT: {"using":"xpath","value":"//bdi[text()=\"OK\"]"}
COMMAND: POST /session/62c6c4e2516ebe3f1de2f3a3d288490f/elements - {"using":"xpath","value":"//bdi[text()=\"OK\"]"}
RESULT: {"using":"xpath","value":"//bdi[text()=\"OK\"]"}
COMMAND: POST /session/62c6c4e2516ebe3f1de2f3a3d288490f/elements - {"using":"xpath","value":"//bdi[text()=\"OK\"]"}
RESULT: {"using":"xpath","value":"//bdi[text()=\"OK\"]"}
COMMAND: POST /session/62c6c4e2516ebe3f1de2f3a3d288490f/elements - {"using":"xpath","value":"//bdi[text()=\"OK\"]"}
COMMAND: POST /session/62c6c4e2516ebe3f1de2f3a3d288490f/execute/async - {"script":"<script> [1562 bytes]","args":[{"selector":{"id":"application-manageresources-display-component---newResourceUnit--TYPE-arrow"},"wdio_ui5_key":"applicationmanageresources-display-component---newResourceUnit--TYPE-arrow"}]}
RESULT: {"using":"xpath","value":"//bdi[text()=\"OK\"]"}
RESULT: {"script":"<script> [1562 bytes]","args":[{"selector":{"id":"application-manageresources-display-component---newResourceUnit--TYPE-arrow"},"wdio_ui5_key":"applicationmanageresources-display-component---newResourceUnit--TYPE-arrow"}]}
RESULT: undefined
COMMAND: POST /session/62c6c4e2516ebe3f1de2f3a3d288490f/element - {"using":"xpath","value":"//*[@id=\"application-manageresources-display-component---newResourceUnit--TYPE-arrow\"]"}
RESULT: {"using":"xpath","value":"//*[@id=\"application-manageresources-display-component---newResourceUnit--TYPE-arrow\"]"}
COMMAND: POST /session/62c6c4e2516ebe3f1de2f3a3d288490f/element/f.E4C2DC6123E2A493099A271DC72A1D12.d.FDBF2251B71E830C3461E265DC1D41BF.e.5888/click - {}
RESULT: {}
COMMAND: POST /session/62c6c4e2516ebe3f1de2f3a3d288490f/execute/async - {"script":"<script> [1562 bytes]","args":[{"selector":{"controlType":"sap.m.StandardListItem","viewName":"reusables.view.manageresources.NewResourceUnit","viewId":"application-manageresources-display-component---newResourceUnit","properties":{"title":"Material"},"searchOpenDialogs":true,"interaction":{"idSuffix":"titleText"}},"wdio_ui5_key":"reusablesview.manageresources.NewResourceUnitsap.m.StandardListItem{\"title\":\"Material\"}"}]}
COMMAND: GET /session/62c6c4e2516ebe3f1de2f3a3d288490f/screenshot - {}
RESULT: {"script":"<script> [1562 bytes]","args":[{"selector":{"controlType":"sap.m.StandardListItem","viewName":"reusables.view.manageresources.NewResourceUnit","viewId":"application-manageresources-display-component---newResourceUnit","properties":{"title":"Material"},"searchOpenDialogs":true,"interaction":{"idSuffix":"titleText"}},"wdio_ui5_key":"reusablesview.manageresources.NewResourceUnitsap.m.StandardListItem{\"title\":\"Material\"}"}]}
RESULT: undefined
COMMAND: POST /session/62c6c4e2516ebe3f1de2f3a3d288490f/element - {"using":"xpath","value":"//*[@id=\"__item141\"]"}
RESULT: {}
RESULT: {"using":"xpath","value":"//*[@id=\"__item141\"]"}
COMMAND: POST /session/62c6c4e2516ebe3f1de2f3a3d288490f/element/f.E4C2DC6123E2A493099A271DC72A1D12.d.FDBF2251B71E830C3461E265DC1D41BF.e.5891/click - {}
RESULT: {}
COMMAND: POST /session/62c6c4e2516ebe3f1de2f3a3d288490f/execute/async - {"script":"<script> [1562 bytes]","args":[{"selector":{"id":"application-manageresources-display-component---newResourceUnit--SHORT_TEXT","interaction":{"idSuffix":"inner"}},"wdio_ui5_key":"applicationmanageresources-display-component---newResourceUnit--SHORT_TEXT"}]}
COMMAND: GET /session/62c6c4e2516ebe3f1de2f3a3d288490f/screenshot - {}
RESULT: {"script":"<script> [1562 bytes]","args":[{"selector":{"id":"application-manageresources-display-component---newResourceUnit--SHORT_TEXT","interaction":{"idSuffix":"inner"}},"wdio_ui5_key":"applicationmanageresources-display-component---newResourceUnit--SHORT_TEXT"}]}
RESULT: undefined
COMMAND: POST /session/62c6c4e2516ebe3f1de2f3a3d288490f/execute/async - {"script":"<script> [776 bytes]","args":[{"enterText":"WebdriverRU R2Cnnahjg","selector":{"id":"application-manageresources-display-component---newResourceUnit--SHORT_TEXT","interaction":{"idSuffix":"inner"}},"clearTextFirst":true,"interactionType":"ENTER_TEXT"}]}
RESULT: {}
RESULT: {"script":"<script> [776 bytes]","args":[{"enterText":"WebdriverRU R2Cnnahjg","selector":{"id":"application-manageresources-display-component---newResourceUnit--SHORT_TEXT","interaction":{"idSuffix":"inner"}},"clearTextFirst":true,"interactionType":"ENTER_TEXT"}]}
COMMAND: POST /session/62c6c4e2516ebe3f1de2f3a3d288490f/execute/async - {"script":"<script> [1562 bytes]","args":[{"selector":{"id":"application-manageresources-display-component---newResourceUnit--BASE_UNIT_OF_MEASURE-arrow"},"wdio_ui5_key":"applicationmanageresources-display-component---newResourceUnit--BASE_UNIT_OF_MEASURE-arrow"}]}
RESULT: {"script":"<script> [1562 bytes]","args":[{"selector":{"id":"application-manageresources-display-component---newResourceUnit--BASE_UNIT_OF_MEASURE-arrow"},"wdio_ui5_key":"applicationmanageresources-display-component---newResourceUnit--BASE_UNIT_OF_MEASURE-arrow"}]}
RESULT: undefined
COMMAND: POST /session/62c6c4e2516ebe3f1de2f3a3d288490f/element - {"using":"xpath","value":"//*[@id=\"application-manageresources-display-component---newResourceUnit--BASE_UNIT_OF_MEASURE-arrow\"]"}
RESULT: {"using":"xpath","value":"//*[@id=\"application-manageresources-display-component---newResourceUnit--BASE_UNIT_OF_MEASURE-arrow\"]"}
COMMAND: POST /session/62c6c4e2516ebe3f1de2f3a3d288490f/element/f.E4C2DC6123E2A493099A271DC72A1D12.d.FDBF2251B71E830C3461E265DC1D41BF.e.5947/click - {}
RESULT: {}
COMMAND: POST /session/62c6c4e2516ebe3f1de2f3a3d288490f/execute/async - {"script":"<script> [1562 bytes]","args":[{"selector":{"controlType":"sap.m.StandardListItem","viewName":"reusables.view.manageresources.NewResourceUnit","viewId":"application-manageresources-display-component---newResourceUnit","properties":{"title":"Piece"},"searchOpenDialogs":true,"interaction":{"idSuffix":"titleText"}},"wdio_ui5_key":"reusablesview.manageresources.NewResourceUnitsap.m.StandardListItem{\"title\":\"Piece\"}"}]}
COMMAND: GET /session/62c6c4e2516ebe3f1de2f3a3d288490f/screenshot - {}
RESULT: {"script":"<script> [1562 bytes]","args":[{"selector":{"controlType":"sap.m.StandardListItem","viewName":"reusables.view.manageresources.NewResourceUnit","viewId":"application-manageresources-display-component---newResourceUnit","properties":{"title":"Piece"},"searchOpenDialogs":true,"interaction":{"idSuffix":"titleText"}},"wdio_ui5_key":"reusablesview.manageresources.NewResourceUnitsap.m.StandardListItem{\"title\":\"Piece\"}"}]}
RESULT: undefined
COMMAND: POST /session/62c6c4e2516ebe3f1de2f3a3d288490f/element - {"using":"xpath","value":"//*[@id=\"__item183\"]"}
RESULT: {}
RESULT: {"using":"xpath","value":"//*[@id=\"__item183\"]"}
COMMAND: POST /session/62c6c4e2516ebe3f1de2f3a3d288490f/element/f.E4C2DC6123E2A493099A271DC72A1D12.d.FDBF2251B71E830C3461E265DC1D41BF.e.5949/click - {}
RESULT: {}
COMMAND: POST /session/62c6c4e2516ebe3f1de2f3a3d288490f/execute/async - {"script":"<script> [1562 bytes]","args":[{"selector":{"id":"application-manageresources-display-component---newResourceUnit--WEIGHT_UNIT-arrow"},"wdio_ui5_key":"applicationmanageresources-display-component---newResourceUnit--WEIGHT_UNIT-arrow"}]}
COMMAND: GET /session/62c6c4e2516ebe3f1de2f3a3d288490f/screenshot - {}
RESULT: {"script":"<script> [1562 bytes]","args":[{"selector":{"id":"application-manageresources-display-component---newResourceUnit--WEIGHT_UNIT-arrow"},"wdio_ui5_key":"applicationmanageresources-display-component---newResourceUnit--WEIGHT_UNIT-arrow"}]}
RESULT: undefined
COMMAND: POST /session/62c6c4e2516ebe3f1de2f3a3d288490f/element - {"using":"xpath","value":"//*[@id=\"application-manageresources-display-component---newResourceUnit--WEIGHT_UNIT-arrow\"]"}
RESULT: {}
RESULT: {"using":"xpath","value":"//*[@id=\"application-manageresources-display-component---newResourceUnit--WEIGHT_UNIT-arrow\"]"}
COMMAND: POST /session/62c6c4e2516ebe3f1de2f3a3d288490f/element/f.E4C2DC6123E2A493099A271DC72A1D12.d.FDBF2251B71E830C3461E265DC1D41BF.e.5950/click - {}
RESULT: {}
COMMAND: POST /session/62c6c4e2516ebe3f1de2f3a3d288490f/execute/async - {"script":"<script> [1562 bytes]","args":[{"selector":{"controlType":"sap.m.StandardListItem","viewName":"reusables.view.manageresources.NewResourceUnit","viewId":"application-manageresources-display-component---newResourceUnit","properties":{"title":"Gram"},"searchOpenDialogs":true,"interaction":{"idSuffix":"content"}},"wdio_ui5_key":"reusablesview.manageresources.NewResourceUnitsap.m.StandardListItem{\"title\":\"Gram\"}"}]}
COMMAND: GET /session/62c6c4e2516ebe3f1de2f3a3d288490f/screenshot - {}
RESULT: {"script":"<script> [1562 bytes]","args":[{"selector":{"controlType":"sap.m.StandardListItem","viewName":"reusables.view.manageresources.NewResourceUnit","viewId":"application-manageresources-display-component---newResourceUnit","properties":{"title":"Gram"},"searchOpenDialogs":true,"interaction":{"idSuffix":"content"}},"wdio_ui5_key":"reusablesview.manageresources.NewResourceUnitsap.m.StandardListItem{\"title\":\"Gram\"}"}]}
RESULT: undefined
COMMAND: POST /session/62c6c4e2516ebe3f1de2f3a3d288490f/element - {"using":"xpath","value":"//*[@id=\"__item248\"]"}
RESULT: {}
RESULT: {"using":"xpath","value":"//*[@id=\"__item248\"]"}
COMMAND: POST /session/62c6c4e2516ebe3f1de2f3a3d288490f/element/f.E4C2DC6123E2A493099A271DC72A1D12.d.FDBF2251B71E830C3461E265DC1D41BF.e.5952/click - {}
RESULT: {}
COMMAND: GET /session/62c6c4e2516ebe3f1de2f3a3d288490f/screenshot - {}
RESULT: {}
COMMAND: POST /session/62c6c4e2516ebe3f1de2f3a3d288490f/execute/async - {"script":"<script> [1562 bytes]","args":[{"selector":{"id":"application-manageresources-display-component---newResourceUnit--newRRUPage-OPHeaderContent-collapseBtn-img"},"wdio_ui5_key":"applicationmanageresources-display-component---newResourceUnit--newRRUPage-OPHeaderContent-collapseBtn-img"}]}
RESULT: {"script":"<script> [1562 bytes]","args":[{"selector":{"id":"application-manageresources-display-component---newResourceUnit--newRRUPage-OPHeaderContent-collapseBtn-img"},"wdio_ui5_key":"applicationmanageresources-display-component---newResourceUnit--newRRUPage-OPHeaderContent-collapseBtn-img"}]}
RESULT: undefined
COMMAND: POST /session/62c6c4e2516ebe3f1de2f3a3d288490f/element - {"using":"xpath","value":"//*[@id=\"application-manageresources-display-component---newResourceUnit--newRRUPage-OPHeaderContent-collapseBtn-img\"]"}
RESULT: {"using":"xpath","value":"//*[@id=\"application-manageresources-display-component---newResourceUnit--newRRUPage-OPHeaderContent-collapseBtn-img\"]"}
COMMAND: POST /session/62c6c4e2516ebe3f1de2f3a3d288490f/element/f.E4C2DC6123E2A493099A271DC72A1D12.d.FDBF2251B71E830C3461E265DC1D41BF.e.5899/click - {}
RESULT: {}
COMMAND: GET /session/62c6c4e2516ebe3f1de2f3a3d288490f/screenshot - {}
RESULT: {}
COMMAND: POST /session/62c6c4e2516ebe3f1de2f3a3d288490f/element - {"using":"xpath","value":"(//span[contains(@id ,\"application-manageresources-display-component---newResourceUnit--DIMENSION_UNIT-arrow\")])[1]"}
RESULT: {"using":"xpath","value":"(//span[contains(@id ,\"application-manageresources-display-component---newResourceUnit--DIMENSION_UNIT-arrow\")])[1]"}
COMMAND: POST /session/62c6c4e2516ebe3f1de2f3a3d288490f/element/f.E4C2DC6123E2A493099A271DC72A1D12.d.FDBF2251B71E830C3461E265DC1D41BF.e.5958/click - {}
RESULT: {}
COMMAND: GET /session/62c6c4e2516ebe3f1de2f3a3d288490f/screenshot - {}
RESULT: {}
COMMAND: POST /session/62c6c4e2516ebe3f1de2f3a3d288490f/execute/async - {"script":"<script> [1562 bytes]","args":[{"selector":{"controlType":"sap.m.StandardListItem","viewName":"reusables.view.manageresources.NewResourceUnit","viewId":"application-manageresources-display-component---newResourceUnit","properties":{"title":"Centimeter"},"searchOpenDialogs":true,"interaction":{"idSuffix":"titleText"}},"wdio_ui5_key":"reusablesview.manageresources.NewResourceUnitsap.m.StandardListItem{\"title\":\"Centimeter\"}"}]}
RESULT: {"script":"<script> [1562 bytes]","args":[{"selector":{"controlType":"sap.m.StandardListItem","viewName":"reusables.view.manageresources.NewResourceUnit","viewId":"application-manageresources-display-component---newResourceUnit","properties":{"title":"Centimeter"},"searchOpenDialogs":true,"interaction":{"idSuffix":"titleText"}},"wdio_ui5_key":"reusablesview.manageresources.NewResourceUnitsap.m.StandardListItem{\"title\":\"Centimeter\"}"}]}
RESULT: undefined
COMMAND: POST /session/62c6c4e2516ebe3f1de2f3a3d288490f/element - {"using":"xpath","value":"//*[@id=\"__item251\"]"}
RESULT: {"using":"xpath","value":"//*[@id=\"__item251\"]"}
COMMAND: POST /session/62c6c4e2516ebe3f1de2f3a3d288490f/element/f.E4C2DC6123E2A493099A271DC72A1D12.d.FDBF2251B71E830C3461E265DC1D41BF.e.5960/click - {}
RESULT: {}
COMMAND: GET /session/62c6c4e2516ebe3f1de2f3a3d288490f/screenshot - {}
RESULT: {}
COMMAND: POST /session/62c6c4e2516ebe3f1de2f3a3d288490f/execute/async - {"script":"<script> [1562 bytes]","args":[{"selector":{"id":"application-manageresources-display-component---newResourceUnit--newRRUPage-anchBar-application-manageresources-display-component---newResourceUnit--reference-anchor","interaction":{"idSuffix":"BDI-content"}},"wdio_ui5_key":"applicationmanageresources-display-component---newResourceUnit--newRRUPage-anchBar-application-manageresources-display-component---newResourceUnit--reference-anchor"}]}
RESULT: {"script":"<script> [1562 bytes]","args":[{"selector":{"id":"application-manageresources-display-component---newResourceUnit--newRRUPage-anchBar-application-manageresources-display-component---newResourceUnit--reference-anchor","interaction":{"idSuffix":"BDI-content"}},"wdio_ui5_key":"applicationmanageresources-display-component---newResourceUnit--newRRUPage-anchBar-application-manageresources-display-component---newResourceUnit--reference-anchor"}]}
RESULT: undefined
COMMAND: POST /session/62c6c4e2516ebe3f1de2f3a3d288490f/element - {"using":"xpath","value":"//*[@id=\"application-manageresources-display-component---newResourceUnit--newRRUPage-anchBar-application-manageresources-display-component---newResourceUnit--reference-anchor\"]"}
RESULT: {"using":"xpath","value":"//*[@id=\"application-manageresources-display-component---newResourceUnit--newRRUPage-anchBar-application-manageresources-display-component---newResourceUnit--reference-anchor\"]"}
COMMAND: POST /session/62c6c4e2516ebe3f1de2f3a3d288490f/element/f.E4C2DC6123E2A493099A271DC72A1D12.d.FDBF2251B71E830C3461E265DC1D41BF.e.5962/click - {}
RESULT: {}
COMMAND: POST /session/62c6c4e2516ebe3f1de2f3a3d288490f/execute/async - {"script":"<script> [1562 bytes]","args":[{"selector":{"id":"application-manageresources-display-component---newResourceUnit--PLANNING_GROUP-arrow"},"wdio_ui5_key":"applicationmanageresources-display-component---newResourceUnit--PLANNING_GROUP-arrow"}]}
COMMAND: GET /session/62c6c4e2516ebe3f1de2f3a3d288490f/screenshot - {}
RESULT: {"script":"<script> [1562 bytes]","args":[{"selector":{"id":"application-manageresources-display-component---newResourceUnit--PLANNING_GROUP-arrow"},"wdio_ui5_key":"applicationmanageresources-display-component---newResourceUnit--PLANNING_GROUP-arrow"}]}
RESULT: undefined
COMMAND: POST /session/62c6c4e2516ebe3f1de2f3a3d288490f/element - {"using":"xpath","value":"//*[@id=\"application-manageresources-display-component---newResourceUnit--PLANNING_GROUP-arrow\"]"}
RESULT: {}
RESULT: {"using":"xpath","value":"//*[@id=\"application-manageresources-display-component---newResourceUnit--PLANNING_GROUP-arrow\"]"}
COMMAND: POST /session/62c6c4e2516ebe3f1de2f3a3d288490f/element/f.E4C2DC6123E2A493099A271DC72A1D12.d.FDBF2251B71E830C3461E265DC1D41BF.e.5966/click - {}
RESULT: {}
COMMAND: POST /session/62c6c4e2516ebe3f1de2f3a3d288490f/execute/async - {"script":"<script> [1562 bytes]","args":[{"selector":{"controlType":"sap.m.StandardListItem","viewName":"reusables.view.manageresources.NewResourceUnit","viewId":"application-manageresources-display-component---newResourceUnit","properties":{"title":"Heavy Equi"},"searchOpenDialogs":true,"interaction":{"idSuffix":"content"}},"wdio_ui5_key":"reusablesview.manageresources.NewResourceUnitsap.m.StandardListItem{\"title\":\"Heavy Equi\"}"}]}
COMMAND: GET /session/62c6c4e2516ebe3f1de2f3a3d288490f/screenshot - {}
RESULT: {"script":"<script> [1562 bytes]","args":[{"selector":{"controlType":"sap.m.StandardListItem","viewName":"reusables.view.manageresources.NewResourceUnit","viewId":"application-manageresources-display-component---newResourceUnit","properties":{"title":"Heavy Equi"},"searchOpenDialogs":true,"interaction":{"idSuffix":"content"}},"wdio_ui5_key":"reusablesview.manageresources.NewResourceUnitsap.m.StandardListItem{\"title\":\"Heavy Equi\"}"}]}
RESULT: undefined
COMMAND: POST /session/62c6c4e2516ebe3f1de2f3a3d288490f/element - {"using":"xpath","value":"//*[@id=\"__item259\"]"}
RESULT: {}
RESULT: {"using":"xpath","value":"//*[@id=\"__item259\"]"}
COMMAND: POST /session/62c6c4e2516ebe3f1de2f3a3d288490f/element/f.E4C2DC6123E2A493099A271DC72A1D12.d.FDBF2251B71E830C3461E265DC1D41BF.e.5970/click - {}
RESULT: {}
COMMAND: GET /session/62c6c4e2516ebe3f1de2f3a3d288490f/screenshot - {}
RESULT: {}
COMMAND: POST /session/62c6c4e2516ebe3f1de2f3a3d288490f/execute/async - {"script":"<script> [1562 bytes]","args":[{"selector":{"id":"application-manageresources-display-component---newResourceUnit--PLANNING_INDICATOR-arrow"},"wdio_ui5_key":"applicationmanageresources-display-component---newResourceUnit--PLANNING_INDICATOR-arrow"}]}
RESULT: {"script":"<script> [1562 bytes]","args":[{"selector":{"id":"application-manageresources-display-component---newResourceUnit--PLANNING_INDICATOR-arrow"},"wdio_ui5_key":"applicationmanageresources-display-component---newResourceUnit--PLANNING_INDICATOR-arrow"}]}
RESULT: undefined
COMMAND: POST /session/62c6c4e2516ebe3f1de2f3a3d288490f/element - {"using":"xpath","value":"//*[@id=\"application-manageresources-display-component---newResourceUnit--PLANNING_INDICATOR-arrow\"]"}
RESULT: {"using":"xpath","value":"//*[@id=\"application-manageresources-display-component---newResourceUnit--PLANNING_INDICATOR-arrow\"]"}
COMMAND: POST /session/62c6c4e2516ebe3f1de2f3a3d288490f/element/f.E4C2DC6123E2A493099A271DC72A1D12.d.FDBF2251B71E830C3461E265DC1D41BF.e.5971/click - {}
RESULT: {}
COMMAND: POST /session/62c6c4e2516ebe3f1de2f3a3d288490f/execute/async - {"script":"<script> [1562 bytes]","args":[{"selector":{"controlType":"sap.m.StandardListItem","viewName":"reusables.view.manageresources.NewResourceUnit","viewId":"application-manageresources-display-component---newResourceUnit","properties":{"title":"10 - infinite"},"searchOpenDialogs":true,"interaction":{"idSuffix":"content"}},"wdio_ui5_key":"reusablesview.manageresources.NewResourceUnitsap.m.StandardListItem{\"title\":\"10 - infinite\"}"}]}
COMMAND: GET /session/62c6c4e2516ebe3f1de2f3a3d288490f/screenshot - {}
RESULT: {"script":"<script> [1562 bytes]","args":[{"selector":{"controlType":"sap.m.StandardListItem","viewName":"reusables.view.manageresources.NewResourceUnit","viewId":"application-manageresources-display-component---newResourceUnit","properties":{"title":"10 - infinite"},"searchOpenDialogs":true,"interaction":{"idSuffix":"content"}},"wdio_ui5_key":"reusablesview.manageresources.NewResourceUnitsap.m.StandardListItem{\"title\":\"10 - infinite\"}"}]}
RESULT: undefined
COMMAND: POST /session/62c6c4e2516ebe3f1de2f3a3d288490f/element - {"using":"xpath","value":"//*[@id=\"__item269\"]"}
RESULT: {}
RESULT: {"using":"xpath","value":"//*[@id=\"__item269\"]"}
COMMAND: POST /session/62c6c4e2516ebe3f1de2f3a3d288490f/element/f.E4C2DC6123E2A493099A271DC72A1D12.d.FDBF2251B71E830C3461E265DC1D41BF.e.5973/click - {}
RESULT: {}
COMMAND: GET /session/62c6c4e2516ebe3f1de2f3a3d288490f/screenshot - {}
RESULT: {}
COMMAND: POST /session/62c6c4e2516ebe3f1de2f3a3d288490f/element - {"using":"xpath","value":"//bdi[contains(text(), \"Time Segment\")]"}
RESULT: {"using":"xpath","value":"//bdi[contains(text(), \"Time Segment\")]"}
COMMAND: GET /session/62c6c4e2516ebe3f1de2f3a3d288490f/element/f.E4C2DC6123E2A493099A271DC72A1D12.d.FDBF2251B71E830C3461E265DC1D41BF.e.5974/rect - {}
RESULT: {}
COMMAND: GET /session/62c6c4e2516ebe3f1de2f3a3d288490f/window/rect - {}
RESULT: {}
COMMAND: POST /session/62c6c4e2516ebe3f1de2f3a3d288490f/execute/sync - {"script":"<script> [92 bytes]","args":[]}
RESULT: {"script":"<script> [92 bytes]","args":[]}
COMMAND: POST /session/62c6c4e2516ebe3f1de2f3a3d288490f/actions - {"actions":[{"id":"action17","type":"wheel","parameters":{},"actions":[{"type":"scroll","x":-1820,"y":-21,"deltaX":0,"deltaY":0,"duration":0,"origin":{"element-6066-11e4-a52e-4f735466cecf":"f.E4C2DC6123E2A493099A271DC72A1D12.d.FDBF2251B71E830C3461E265DC1D41BF.e.5974"}}]}]}
COMMAND: GET /session/62c6c4e2516ebe3f1de2f3a3d288490f/screenshot - {}
RESULT: {}
COMMAND: POST /session/62c6c4e2516ebe3f1de2f3a3d288490f/execute/sync - {"script":"<script> [79 bytes]","args":[{"element-6066-11e4-a52e-4f735466cecf":"f.E4C2DC6123E2A493099A271DC72A1D12.d.FDBF2251B71E830C3461E265DC1D41BF.e.5974","ELEMENT":"f.E4C2DC6123E2A493099A271DC72A1D12.d.FDBF2251B71E830C3461E265DC1D41BF.e.5974"},{"block":"start","inline":"nearest"}]}
RESULT: {"script":"<script> [79 bytes]","args":[{"element-6066-11e4-a52e-4f735466cecf":"f.E4C2DC6123E2A493099A271DC72A1D12.d.FDBF2251B71E830C3461E265DC1D41BF.e.5974","ELEMENT":"f.E4C2DC6123E2A493099A271DC72A1D12.d.FDBF2251B71E830C3461E265DC1D41BF.e.5974"},{"block":"start","inline":"nearest"}]}
COMMAND: GET /session/62c6c4e2516ebe3f1de2f3a3d288490f/screenshot - {}
RESULT: {}
COMMAND: POST /session/62c6c4e2516ebe3f1de2f3a3d288490f/element - {"using":"xpath","value":"//span[@id=\"application-manageresources-display-component---newResourceUnit--btnAddTimeSegment-img\"]"}
RESULT: {"using":"xpath","value":"//span[@id=\"application-manageresources-display-component---newResourceUnit--btnAddTimeSegment-img\"]"}
COMMAND: POST /session/62c6c4e2516ebe3f1de2f3a3d288490f/execute/sync - {"script":"<script> [8489 bytes]","args":[{"element-6066-11e4-a52e-4f735466cecf":"f.E4C2DC6123E2A493099A271DC72A1D12.d.FDBF2251B71E830C3461E265DC1D41BF.e.5977","ELEMENT":"f.E4C2DC6123E2A493099A271DC72A1D12.d.FDBF2251B71E830C3461E265DC1D41BF.e.5977"}]}
RESULT: {"script":"<script> [8489 bytes]","args":[{"element-6066-11e4-a52e-4f735466cecf":"f.E4C2DC6123E2A493099A271DC72A1D12.d.FDBF2251B71E830C3461E265DC1D41BF.e.5977","ELEMENT":"f.E4C2DC6123E2A493099A271DC72A1D12.d.FDBF2251B71E830C3461E265DC1D41BF.e.5977"}]}
COMMAND: POST /session/62c6c4e2516ebe3f1de2f3a3d288490f/element/f.E4C2DC6123E2A493099A271DC72A1D12.d.FDBF2251B71E830C3461E265DC1D41BF.e.5977/click - {}
COMMAND: GET /session/62c6c4e2516ebe3f1de2f3a3d288490f/screenshot - {}
RESULT: {}
COMMAND: GET /session/62c6c4e2516ebe3f1de2f3a3d288490f/screenshot - {}
COMMAND: POST /session/62c6c4e2516ebe3f1de2f3a3d288490f/element - {"using":"xpath","value":"//input[@id=\"application-manageresources-display-component---newResourceUnit--idRuTSAdmin-application-manageresources-display-component---newResourceUnit--RUTimeSegment-0-inner\"]"}
RESULT: {}
RESULT: {}
RESULT: {"using":"xpath","value":"//input[@id=\"application-manageresources-display-component---newResourceUnit--idRuTSAdmin-application-manageresources-display-component---newResourceUnit--RUTimeSegment-0-inner\"]"}
COMMAND: POST /session/62c6c4e2516ebe3f1de2f3a3d288490f/element/f.E4C2DC6123E2A493099A271DC72A1D12.d.FDBF2251B71E830C3461E265DC1D41BF.e.5980/clear - {}
RESULT: {}
COMMAND: POST /session/62c6c4e2516ebe3f1de2f3a3d288490f/element/f.E4C2DC6123E2A493099A271DC72A1D12.d.FDBF2251B71E830C3461E265DC1D41BF.e.5980/value - {"text":"430"}
COMMAND: GET /session/62c6c4e2516ebe3f1de2f3a3d288490f/screenshot - {}
RESULT: {"text":"430"}
COMMAND: GET /session/62c6c4e2516ebe3f1de2f3a3d288490f/screenshot - {}
RESULT: {}
RESULT: {}
COMMAND: POST /session/62c6c4e2516ebe3f1de2f3a3d288490f/actions - {"actions":[{"id":"action18","type":"key","parameters":{},"actions":[{"type":"keyDown","value":"î€‡"},{"type":"pause","duration":10},{"type":"keyUp","value":"î€‡"}]}]}
RESULT: {"actions":[{"id":"action18","type":"key","parameters":{},"actions":[{"type":"keyDown","value":"î€‡"},{"type":"pause","duration":10},{"type":"keyUp","value":"î€‡"}]}]}
COMMAND: GET /session/62c6c4e2516ebe3f1de2f3a3d288490f/screenshot - {}
RESULT: {}
COMMAND: POST /session/62c6c4e2516ebe3f1de2f3a3d288490f/execute/async - {"script":"<script> [1562 bytes]","args":[{"selector":{"controlType":"sap.m.Button","viewName":"reusables.view.manageresources.NewResourceUnit","viewId":"application-manageresources-display-component---newResourceUnit","i18NText":{"propertyName":"tooltip","key":"save"},"interaction":{"idSuffix":"BDI-content"}},"wdio_ui5_key":"reusablesview.manageresources.NewResourceUnitsap.m.Button{\"propertyName\":\"tooltip\",\"key\":\"save\"}"}]}
RESULT: {"script":"<script> [1562 bytes]","args":[{"selector":{"controlType":"sap.m.Button","viewName":"reusables.view.manageresources.NewResourceUnit","viewId":"application-manageresources-display-component---newResourceUnit","i18NText":{"propertyName":"tooltip","key":"save"},"interaction":{"idSuffix":"BDI-content"}},"wdio_ui5_key":"reusablesview.manageresources.NewResourceUnitsap.m.Button{\"propertyName\":\"tooltip\",\"key\":\"save\"}"}]}
RESULT: undefined
COMMAND: POST /session/62c6c4e2516ebe3f1de2f3a3d288490f/element - {"using":"xpath","value":"//*[@id=\"application-manageresources-display-component---newResourceUnit--createRuButton\"]"}
RESULT: {"using":"xpath","value":"//*[@id=\"application-manageresources-display-component---newResourceUnit--createRuButton\"]"}
COMMAND: POST /session/62c6c4e2516ebe3f1de2f3a3d288490f/element/f.E4C2DC6123E2A493099A271DC72A1D12.d.FDBF2251B71E830C3461E265DC1D41BF.e.5905/click - {}
RESULT: {}
COMMAND: GET /session/62c6c4e2516ebe3f1de2f3a3d288490f/screenshot - {}
RESULT: {}
COMMAND: POST /session/62c6c4e2516ebe3f1de2f3a3d288490f/execute/async - {"script":"<script> [1562 bytes]","args":[{"selector":{"controlType":"sap.m.Title","properties":{"text":"Success"},"searchOpenDialogs":true},"wdio_ui5_key":"sapm.Title{\"text\":\"Success\"}"}]}
RESULT: {"script":"<script> [1562 bytes]","args":[{"selector":{"controlType":"sap.m.Title","properties":{"text":"Success"},"searchOpenDialogs":true},"wdio_ui5_key":"sapm.Title{\"text\":\"Success\"}"}]}
RESULT: undefined
COMMAND: POST /session/62c6c4e2516ebe3f1de2f3a3d288490f/execute/async - {"script":"<script> [6424 bytes]","args":[{"element-6066-11e4-a52e-4f735466cecf":"f.E4C2DC6123E2A493099A271DC72A1D12.d.FDBF2251B71E830C3461E265DC1D41BF.e.5994"},"getText",[]]}
RESULT: {"script":"<script> [6424 bytes]","args":[{"element-6066-11e4-a52e-4f735466cecf":"f.E4C2DC6123E2A493099A271DC72A1D12.d.FDBF2251B71E830C3461E265DC1D41BF.e.5994"},"getText",[]]}
COMMAND: POST /session/62c6c4e2516ebe3f1de2f3a3d288490f/element - {"using":"xpath","value":"//*[contains(@id, '__text') and (contains(text(), 'successfully created') or contains(., 'successfully created'))]"}
RESULT: {"using":"xpath","value":"//*[contains(@id, '__text') and (contains(text(), 'successfully created') or contains(., 'successfully created'))]"}
COMMAND: GET /session/62c6c4e2516ebe3f1de2f3a3d288490f/element/f.E4C2DC6123E2A493099A271DC72A1D12.d.FDBF2251B71E830C3461E265DC1D41BF.e.5992/text - {}
RESULT: {}
COMMAND: POST /session/62c6c4e2516ebe3f1de2f3a3d288490f/execute/async - {"script":"<script> [1562 bytes]","args":[{"selector":{"controlType":"sap.m.Button","properties":{"text":"Close"},"searchOpenDialogs":true,"interaction":{"idSuffix":"BDI-content"}},"wdio_ui5_key":"sapm.Button{\"text\":\"Close\"}"}]}
RESULT: {"script":"<script> [1562 bytes]","args":[{"selector":{"controlType":"sap.m.Button","properties":{"text":"Close"},"searchOpenDialogs":true,"interaction":{"idSuffix":"BDI-content"}},"wdio_ui5_key":"sapm.Button{\"text\":\"Close\"}"}]}
RESULT: undefined
COMMAND: POST /session/62c6c4e2516ebe3f1de2f3a3d288490f/element - {"using":"xpath","value":"//*[@id=\"__mbox-btn-0\"]"}
RESULT: {"using":"xpath","value":"//*[@id=\"__mbox-btn-0\"]"}
COMMAND: POST /session/62c6c4e2516ebe3f1de2f3a3d288490f/element/f.E4C2DC6123E2A493099A271DC72A1D12.d.FDBF2251B71E830C3461E265DC1D41BF.e.5990/click - {}
RESULT: {}
COMMAND: GET /session/62c6c4e2516ebe3f1de2f3a3d288490f/screenshot - {}
RESULT: {}
COMMAND: POST /session/62c6c4e2516ebe3f1de2f3a3d288490f/execute/async - {"script":"<script> [1562 bytes]","args":[{"selector":{"controlType":"sap.ui.core.Icon","viewName":"etm.portal.ui.manageresources.view.Detail","viewId":"application-manageresources-display-component---detailRU","properties":{"src":{"regex":{"source":"overflow"}}}},"wdio_ui5_key":"etmportal.ui.manageresources.view.Detailsap.ui.core.Icon{\"src\":{\"regex\":{\"source\":\"overflow\"}}}"}]}
RESULT: {"script":"<script> [1562 bytes]","args":[{"selector":{"controlType":"sap.ui.core.Icon","viewName":"etm.portal.ui.manageresources.view.Detail","viewId":"application-manageresources-display-component---detailRU","properties":{"src":{"regex":{"source":"overflow"}}}},"wdio_ui5_key":"etmportal.ui.manageresources.view.Detailsap.ui.core.Icon{\"src\":{\"regex\":{\"source\":\"overflow\"}}}"}]}
RESULT: undefined
COMMAND: POST /session/62c6c4e2516ebe3f1de2f3a3d288490f/element - {"using":"xpath","value":"//*[@id=\"__title14-_actionsToolbar-overflowButton-img\"]"}
RESULT: {"using":"xpath","value":"//*[@id=\"__title14-_actionsToolbar-overflowButton-img\"]"}
COMMAND: POST /session/62c6c4e2516ebe3f1de2f3a3d288490f/element/f.E4C2DC6123E2A493099A271DC72A1D12.d.FDBF2251B71E830C3461E265DC1D41BF.e.6023/click - {}
RESULT: {}
COMMAND: POST /session/62c6c4e2516ebe3f1de2f3a3d288490f/execute/async - {"script":"<script> [1562 bytes]","args":[{"selector":{"controlType":"sap.m.Button","viewName":"etm.portal.ui.manageresources.view.Detail","viewId":"application-manageresources-display-component---detailRU","i18NText":{"propertyName":"tooltip","key":"closeColumn"},"searchOpenDialogs":true,"interaction":{"idSuffix":"inner"}},"wdio_ui5_key":"etmportal.ui.manageresources.view.Detailsap.m.Button{\"propertyName\":\"tooltip\",\"key\":\"closeColumn\"}"}]}
COMMAND: GET /session/62c6c4e2516ebe3f1de2f3a3d288490f/screenshot - {}
RESULT: {"script":"<script> [1562 bytes]","args":[{"selector":{"controlType":"sap.m.Button","viewName":"etm.portal.ui.manageresources.view.Detail","viewId":"application-manageresources-display-component---detailRU","i18NText":{"propertyName":"tooltip","key":"closeColumn"},"searchOpenDialogs":true,"interaction":{"idSuffix":"inner"}},"wdio_ui5_key":"etmportal.ui.manageresources.view.Detailsap.m.Button{\"propertyName\":\"tooltip\",\"key\":\"closeColumn\"}"}]}
RESULT: undefined
COMMAND: POST /session/62c6c4e2516ebe3f1de2f3a3d288490f/element - {"using":"xpath","value":"//*[@id=\"__button41\"]"}
RESULT: {}
RESULT: {"using":"xpath","value":"//*[@id=\"__button41\"]"}
COMMAND: POST /session/62c6c4e2516ebe3f1de2f3a3d288490f/element/f.E4C2DC6123E2A493099A271DC72A1D12.d.FDBF2251B71E830C3461E265DC1D41BF.e.6025/click - {}
RESULT: {}
COMMAND: GET /session/62c6c4e2516ebe3f1de2f3a3d288490f/screenshot - {}
RESULT: {}
COMMAND: POST /session/62c6c4e2516ebe3f1de2f3a3d288490f/refresh - {}
RESULT: {}
COMMAND: GET /session/62c6c4e2516ebe3f1de2f3a3d288490f/screenshot - {}
RESULT: {}
COMMAND: POST /session/62c6c4e2516ebe3f1de2f3a3d288490f/refresh - {}
RESULT: {}
COMMAND: GET /session/62c6c4e2516ebe3f1de2f3a3d288490f/screenshot - {}
RESULT: {}
COMMAND: POST /session/62c6c4e2516ebe3f1de2f3a3d288490f/window/fullscreen - {}
RESULT: {}
COMMAND: POST /session/62c6c4e2516ebe3f1de2f3a3d288490f/execute/async - {"script":"<script> [189 bytes]","args":[]}
RESULT: {"script":"<script> [189 bytes]","args":[]}
COMMAND: POST /session/62c6c4e2516ebe3f1de2f3a3d288490f/execute/async - {"script":"<script> [123 bytes]","args":[]}
RESULT: {"script":"<script> [123 bytes]","args":[]}
COMMAND: POST /session/62c6c4e2516ebe3f1de2f3a3d288490f/timeouts - {"script":"<number>"}
RESULT: {"script":"<number>"}
COMMAND: GET /session/62c6c4e2516ebe3f1de2f3a3d288490f/timeouts - {}
RESULT: {}
RESULT: undefined
COMMAND: POST /session/62c6c4e2516ebe3f1de2f3a3d288490f/execute/async - {"script":"<script> [2676 bytes]","args":[]}
RESULT: {"script":"<script> [2676 bytes]","args":[]}
COMMAND: POST /session/62c6c4e2516ebe3f1de2f3a3d288490f/execute/async - {"script":"<script> [2342 bytes]","args":[{"protocol":"http","hostname":"0.0.0.0","path":"/","capabilities":{"browserName":"chrome","goog:chromeOptions":{"binary":"C:\\Program Files\\Google\\Chrome\\Application\\chrome.exe","args":["--start-maximized"]}},"logLevel":"warn","connectionRetryTimeout":120000,"connectionRetryCount":3,"logLevels":{},"enableDirectConnect":true,"strictSSL":true,"_":"65 more keys: [\"cacheDir\",\"port\",\"requestedCapabilities\",\"automationProtocol\",\"baseUrl\",\"waitforInterval\",\"waitforTimeout\",\"onReload\",\"beforeCommand\",\"afterCommand\",\"rootDir\",\"specs\",\"suites\",\"exclude\",\"groupLogsByTestSpec\",\"excludeDriverLogs\",\"bail\",\"framework\",\"reporters\",\"services\",\"maxInstances\",\"maxInstancesPerCapability\",\"injectGlobals\",\"filesToWatch\",\"execArgv\",\"runnerEnv\",\"runner\",\"shard\",\"specFileRetries\",\"specFileRetriesDelay\",\"specFileRetriesDeferred\",\"reporterSyncInterval\",\"reporterSyncTimeout\",\"cucumberFeaturesWithLineNumbers\",\"autoCompileOpts\",\"mochaOpts\",\"jasmineOpts\",\"cucumberOpts\",\"onPrepare\",\"onWorkerStart\",\"onWorkerEnd\",\"before\",\"beforeSession\",\"beforeSuite\",\"beforeHook\",\"beforeTest\",\"afterTest\",\"afterHook\",\"afterSuite\",\"afterSession\",\"after\",\"onComplete\",\"beforeAssertion\",\"afterAssertion\",\"beforeFeature\",\"beforeScenario\",\"beforeStep\",\"afterStep\",\"afterScenario\",\"afterFeature\",\"_\",\"suite\",\"$0\",\"ignoredWorkerServices\",\"wdi5\"]"}]}
RESULT: {"script":"<script> [2342 bytes]","args":[{"protocol":"http","hostname":"0.0.0.0","path":"/","capabilities":{"browserName":"chrome","goog:chromeOptions":{"binary":"C:\\Program Files\\Google\\Chrome\\Application\\chrome.exe","args":["--start-maximized"]}},"logLevel":"warn","connectionRetryTimeout":120000,"connectionRetryCount":3,"logLevels":{},"enableDirectConnect":true,"strictSSL":true,"_":"65 more keys: [\"cacheDir\",\"port\",\"requestedCapabilities\",\"automationProtocol\",\"baseUrl\",\"waitforInterval\",\"waitforTimeout\",\"onReload\",\"beforeCommand\",\"afterCommand\",\"rootDir\",\"specs\",\"suites\",\"exclude\",\"groupLogsByTestSpec\",\"excludeDriverLogs\",\"bail\",\"framework\",\"reporters\",\"services\",\"maxInstances\",\"maxInstancesPerCapability\",\"injectGlobals\",\"filesToWatch\",\"execArgv\",\"runnerEnv\",\"runner\",\"shard\",\"specFileRetries\",\"specFileRetriesDelay\",\"specFileRetriesDeferred\",\"reporterSyncInterval\",\"reporterSyncTimeout\",\"cucumberFeaturesWithLineNumbers\",\"autoCompileOpts\",\"mochaOpts\",\"jasmineOpts\",\"cucumberOpts\",\"onPrepare\",\"onWorkerStart\",\"onWorkerEnd\",\"before\",\"beforeSession\",\"beforeSuite\",\"beforeHook\",\"beforeTest\",\"afterTest\",\"afterHook\",\"afterSuite\",\"afterSession\",\"after\",\"onComplete\",\"beforeAssertion\",\"afterAssertion\",\"beforeFeature\",\"beforeScenario\",\"beforeStep\",\"afterStep\",\"afterScenario\",\"afterFeature\",\"_\",\"suite\",\"$0\",\"ignoredWorkerServices\",\"wdi5\"]"}]}
COMMAND: POST /session/62c6c4e2516ebe3f1de2f3a3d288490f/execute/async - {"script":"<script> [21126 bytes]","args":[35000]}
RESULT: {"script":"<script> [21126 bytes]","args":[35000]}
]]></system-out>
    </testcase>
    <testcase classname="chrome.136_0_7103_93.windows.Create_2_RU_material_US118246" name="Create WHM material" time="184.77">
      <system-out><![CDATA[
COMMAND: POST /session/62c6c4e2516ebe3f1de2f3a3d288490f/element - {"using":"xpath","value":"//button[@data-kt=\"addNewRUOverflowToolbarButton\"]"}
RESULT: {"using":"xpath","value":"//button[@data-kt=\"addNewRUOverflowToolbarButton\"]"}
COMMAND: POST /session/62c6c4e2516ebe3f1de2f3a3d288490f/execute/sync - {"script":"<script> [8489 bytes]","args":[{"element-6066-11e4-a52e-4f735466cecf":"f.E4C2DC6123E2A493099A271DC72A1D12.d.1CFDD74806C1050EF5C72722F7F7A20D.e.6156","ELEMENT":"f.E4C2DC6123E2A493099A271DC72A1D12.d.1CFDD74806C1050EF5C72722F7F7A20D.e.6156"}]}
RESULT: {"script":"<script> [8489 bytes]","args":[{"element-6066-11e4-a52e-4f735466cecf":"f.E4C2DC6123E2A493099A271DC72A1D12.d.1CFDD74806C1050EF5C72722F7F7A20D.e.6156","ELEMENT":"f.E4C2DC6123E2A493099A271DC72A1D12.d.1CFDD74806C1050EF5C72722F7F7A20D.e.6156"}]}
COMMAND: POST /session/62c6c4e2516ebe3f1de2f3a3d288490f/element/f.E4C2DC6123E2A493099A271DC72A1D12.d.1CFDD74806C1050EF5C72722F7F7A20D.e.6156/click - {}
COMMAND: GET /session/62c6c4e2516ebe3f1de2f3a3d288490f/screenshot - {}
RESULT: {}
COMMAND: GET /session/62c6c4e2516ebe3f1de2f3a3d288490f/screenshot - {}
RESULT: {}
RESULT: {}
COMMAND: POST /session/62c6c4e2516ebe3f1de2f3a3d288490f/execute/async - {"script":"<script> [1562 bytes]","args":[{"selector":{"controlType":"sap.m.ComboBox","viewName":"reusables.view.manageresources.NewResourceUnit","viewId":"application-manageresources-display-component---newResourceUnit","bindingPath":{"path":"","propertyPath":"/RuTypes","modelName":"catalogModel"},"searchOpenDialogs":true},"wdio_ui5_key":"reusablesview.manageresources.NewResourceUnitsap.m.ComboBox{\"path\":\"\",\"propertyPath\":\"/RuTypes\",\"modelName\":\"catalogModel\"}"}]}
RESULT: {"script":"<script> [1562 bytes]","args":[{"selector":{"controlType":"sap.m.ComboBox","viewName":"reusables.view.manageresources.NewResourceUnit","viewId":"application-manageresources-display-component---newResourceUnit","bindingPath":{"path":"","propertyPath":"/RuTypes","modelName":"catalogModel"},"searchOpenDialogs":true},"wdio_ui5_key":"reusablesview.manageresources.NewResourceUnitsap.m.ComboBox{\"path\":\"\",\"propertyPath\":\"/RuTypes\",\"modelName\":\"catalogModel\"}"}]}
RESULT: undefined
COMMAND: POST /session/62c6c4e2516ebe3f1de2f3a3d288490f/execute/async - {"script":"<script> [1562 bytes]","args":[{"selector":{"controlType":"sap.m.ComboBox","viewName":"reusables.view.manageresources.NewResourceUnit","viewId":"application-manageresources-display-component---newResourceUnit","bindingPath":{"path":"","propertyPath":"/Yards","modelName":"catalogModel"},"searchOpenDialogs":true},"wdio_ui5_key":"reusablesview.manageresources.NewResourceUnitsap.m.ComboBox{\"path\":\"\",\"propertyPath\":\"/Yards\",\"modelName\":\"catalogModel\"}"}]}
RESULT: {"script":"<script> [1562 bytes]","args":[{"selector":{"controlType":"sap.m.ComboBox","viewName":"reusables.view.manageresources.NewResourceUnit","viewId":"application-manageresources-display-component---newResourceUnit","bindingPath":{"path":"","propertyPath":"/Yards","modelName":"catalogModel"},"searchOpenDialogs":true},"wdio_ui5_key":"reusablesview.manageresources.NewResourceUnitsap.m.ComboBox{\"path\":\"\",\"propertyPath\":\"/Yards\",\"modelName\":\"catalogModel\"}"}]}
RESULT: undefined
COMMAND: POST /session/62c6c4e2516ebe3f1de2f3a3d288490f/execute/async - {"script":"<script> [1562 bytes]","args":[{"selector":{"controlType":"etm.portal.ui.reusables.customControls.LiveSearchComboBox","viewName":"reusables.view.manageresources.NewResourceUnit","viewId":"application-manageresources-display-component---newResourceUnit","bindingPath":{"path":"","propertyPath":"/CatalogItems","modelName":"catalogModel"},"searchOpenDialogs":true},"wdio_ui5_key":"reusablesview.manageresources.NewResourceUnitetm.portal.ui.reusables.customControls.LiveSearchComboBox{\"path\":\"\",\"propertyPath\":\"/CatalogItems\",\"modelName\":\"catalogModel\"}"}]}
RESULT: {"script":"<script> [1562 bytes]","args":[{"selector":{"controlType":"etm.portal.ui.reusables.customControls.LiveSearchComboBox","viewName":"reusables.view.manageresources.NewResourceUnit","viewId":"application-manageresources-display-component---newResourceUnit","bindingPath":{"path":"","propertyPath":"/CatalogItems","modelName":"catalogModel"},"searchOpenDialogs":true},"wdio_ui5_key":"reusablesview.manageresources.NewResourceUnitetm.portal.ui.reusables.customControls.LiveSearchComboBox{\"path\":\"\",\"propertyPath\":\"/CatalogItems\",\"modelName\":\"catalogModel\"}"}]}
RESULT: undefined
COMMAND: POST /session/62c6c4e2516ebe3f1de2f3a3d288490f/element - {"using":"xpath","value":"//bdi[text()=\"OK\"]"}
RESULT: {"using":"xpath","value":"//bdi[text()=\"OK\"]"}
COMMAND: POST /session/62c6c4e2516ebe3f1de2f3a3d288490f/elements - {"using":"xpath","value":"//bdi[text()=\"OK\"]"}
RESULT: {"using":"xpath","value":"//bdi[text()=\"OK\"]"}
COMMAND: POST /session/62c6c4e2516ebe3f1de2f3a3d288490f/elements - {"using":"xpath","value":"//bdi[text()=\"OK\"]"}
RESULT: {"using":"xpath","value":"//bdi[text()=\"OK\"]"}
COMMAND: POST /session/62c6c4e2516ebe3f1de2f3a3d288490f/elements - {"using":"xpath","value":"//bdi[text()=\"OK\"]"}
RESULT: {"using":"xpath","value":"//bdi[text()=\"OK\"]"}
COMMAND: POST /session/62c6c4e2516ebe3f1de2f3a3d288490f/elements - {"using":"xpath","value":"//bdi[text()=\"OK\"]"}
RESULT: {"using":"xpath","value":"//bdi[text()=\"OK\"]"}
COMMAND: POST /session/62c6c4e2516ebe3f1de2f3a3d288490f/elements - {"using":"xpath","value":"//bdi[text()=\"OK\"]"}
RESULT: {"using":"xpath","value":"//bdi[text()=\"OK\"]"}
COMMAND: POST /session/62c6c4e2516ebe3f1de2f3a3d288490f/elements - {"using":"xpath","value":"//bdi[text()=\"OK\"]"}
RESULT: {"using":"xpath","value":"//bdi[text()=\"OK\"]"}
COMMAND: POST /session/62c6c4e2516ebe3f1de2f3a3d288490f/elements - {"using":"xpath","value":"//bdi[text()=\"OK\"]"}
RESULT: {"using":"xpath","value":"//bdi[text()=\"OK\"]"}
COMMAND: POST /session/62c6c4e2516ebe3f1de2f3a3d288490f/elements - {"using":"xpath","value":"//bdi[text()=\"OK\"]"}
RESULT: {"using":"xpath","value":"//bdi[text()=\"OK\"]"}
COMMAND: POST /session/62c6c4e2516ebe3f1de2f3a3d288490f/elements - {"using":"xpath","value":"//bdi[text()=\"OK\"]"}
RESULT: {"using":"xpath","value":"//bdi[text()=\"OK\"]"}
COMMAND: POST /session/62c6c4e2516ebe3f1de2f3a3d288490f/elements - {"using":"xpath","value":"//bdi[text()=\"OK\"]"}
RESULT: {"using":"xpath","value":"//bdi[text()=\"OK\"]"}
COMMAND: POST /session/62c6c4e2516ebe3f1de2f3a3d288490f/elements - {"using":"xpath","value":"//bdi[text()=\"OK\"]"}
RESULT: {"using":"xpath","value":"//bdi[text()=\"OK\"]"}
COMMAND: POST /session/62c6c4e2516ebe3f1de2f3a3d288490f/elements - {"using":"xpath","value":"//bdi[text()=\"OK\"]"}
RESULT: {"using":"xpath","value":"//bdi[text()=\"OK\"]"}
COMMAND: POST /session/62c6c4e2516ebe3f1de2f3a3d288490f/elements - {"using":"xpath","value":"//bdi[text()=\"OK\"]"}
RESULT: {"using":"xpath","value":"//bdi[text()=\"OK\"]"}
COMMAND: POST /session/62c6c4e2516ebe3f1de2f3a3d288490f/elements - {"using":"xpath","value":"//bdi[text()=\"OK\"]"}
RESULT: {"using":"xpath","value":"//bdi[text()=\"OK\"]"}
COMMAND: POST /session/62c6c4e2516ebe3f1de2f3a3d288490f/elements - {"using":"xpath","value":"//bdi[text()=\"OK\"]"}
RESULT: {"using":"xpath","value":"//bdi[text()=\"OK\"]"}
COMMAND: POST /session/62c6c4e2516ebe3f1de2f3a3d288490f/elements - {"using":"xpath","value":"//bdi[text()=\"OK\"]"}
RESULT: {"using":"xpath","value":"//bdi[text()=\"OK\"]"}
COMMAND: POST /session/62c6c4e2516ebe3f1de2f3a3d288490f/elements - {"using":"xpath","value":"//bdi[text()=\"OK\"]"}
RESULT: {"using":"xpath","value":"//bdi[text()=\"OK\"]"}
COMMAND: POST /session/62c6c4e2516ebe3f1de2f3a3d288490f/elements - {"using":"xpath","value":"//bdi[text()=\"OK\"]"}
RESULT: {"using":"xpath","value":"//bdi[text()=\"OK\"]"}
COMMAND: POST /session/62c6c4e2516ebe3f1de2f3a3d288490f/elements - {"using":"xpath","value":"//bdi[text()=\"OK\"]"}
RESULT: {"using":"xpath","value":"//bdi[text()=\"OK\"]"}
COMMAND: POST /session/62c6c4e2516ebe3f1de2f3a3d288490f/elements - {"using":"xpath","value":"//bdi[text()=\"OK\"]"}
RESULT: {"using":"xpath","value":"//bdi[text()=\"OK\"]"}
COMMAND: POST /session/62c6c4e2516ebe3f1de2f3a3d288490f/elements - {"using":"xpath","value":"//bdi[text()=\"OK\"]"}
RESULT: {"using":"xpath","value":"//bdi[text()=\"OK\"]"}
COMMAND: POST /session/62c6c4e2516ebe3f1de2f3a3d288490f/elements - {"using":"xpath","value":"//bdi[text()=\"OK\"]"}
RESULT: {"using":"xpath","value":"//bdi[text()=\"OK\"]"}
COMMAND: POST /session/62c6c4e2516ebe3f1de2f3a3d288490f/elements - {"using":"xpath","value":"//bdi[text()=\"OK\"]"}
RESULT: {"using":"xpath","value":"//bdi[text()=\"OK\"]"}
COMMAND: POST /session/62c6c4e2516ebe3f1de2f3a3d288490f/elements - {"using":"xpath","value":"//bdi[text()=\"OK\"]"}
RESULT: {"using":"xpath","value":"//bdi[text()=\"OK\"]"}
COMMAND: POST /session/62c6c4e2516ebe3f1de2f3a3d288490f/elements - {"using":"xpath","value":"//bdi[text()=\"OK\"]"}
RESULT: {"using":"xpath","value":"//bdi[text()=\"OK\"]"}
COMMAND: POST /session/62c6c4e2516ebe3f1de2f3a3d288490f/elements - {"using":"xpath","value":"//bdi[text()=\"OK\"]"}
RESULT: {"using":"xpath","value":"//bdi[text()=\"OK\"]"}
COMMAND: POST /session/62c6c4e2516ebe3f1de2f3a3d288490f/elements - {"using":"xpath","value":"//bdi[text()=\"OK\"]"}
RESULT: {"using":"xpath","value":"//bdi[text()=\"OK\"]"}
COMMAND: POST /session/62c6c4e2516ebe3f1de2f3a3d288490f/elements - {"using":"xpath","value":"//bdi[text()=\"OK\"]"}
RESULT: {"using":"xpath","value":"//bdi[text()=\"OK\"]"}
COMMAND: POST /session/62c6c4e2516ebe3f1de2f3a3d288490f/elements - {"using":"xpath","value":"//bdi[text()=\"OK\"]"}
RESULT: {"using":"xpath","value":"//bdi[text()=\"OK\"]"}
COMMAND: POST /session/62c6c4e2516ebe3f1de2f3a3d288490f/elements - {"using":"xpath","value":"//bdi[text()=\"OK\"]"}
RESULT: {"using":"xpath","value":"//bdi[text()=\"OK\"]"}
COMMAND: POST /session/62c6c4e2516ebe3f1de2f3a3d288490f/elements - {"using":"xpath","value":"//bdi[text()=\"OK\"]"}
RESULT: {"using":"xpath","value":"//bdi[text()=\"OK\"]"}
COMMAND: POST /session/62c6c4e2516ebe3f1de2f3a3d288490f/elements - {"using":"xpath","value":"//bdi[text()=\"OK\"]"}
RESULT: {"using":"xpath","value":"//bdi[text()=\"OK\"]"}
COMMAND: POST /session/62c6c4e2516ebe3f1de2f3a3d288490f/elements - {"using":"xpath","value":"//bdi[text()=\"OK\"]"}
RESULT: {"using":"xpath","value":"//bdi[text()=\"OK\"]"}
COMMAND: POST /session/62c6c4e2516ebe3f1de2f3a3d288490f/elements - {"using":"xpath","value":"//bdi[text()=\"OK\"]"}
RESULT: {"using":"xpath","value":"//bdi[text()=\"OK\"]"}
COMMAND: POST /session/62c6c4e2516ebe3f1de2f3a3d288490f/elements - {"using":"xpath","value":"//bdi[text()=\"OK\"]"}
RESULT: {"using":"xpath","value":"//bdi[text()=\"OK\"]"}
COMMAND: POST /session/62c6c4e2516ebe3f1de2f3a3d288490f/elements - {"using":"xpath","value":"//bdi[text()=\"OK\"]"}
RESULT: {"using":"xpath","value":"//bdi[text()=\"OK\"]"}
COMMAND: POST /session/62c6c4e2516ebe3f1de2f3a3d288490f/elements - {"using":"xpath","value":"//bdi[text()=\"OK\"]"}
RESULT: {"using":"xpath","value":"//bdi[text()=\"OK\"]"}
COMMAND: POST /session/62c6c4e2516ebe3f1de2f3a3d288490f/elements - {"using":"xpath","value":"//bdi[text()=\"OK\"]"}
RESULT: {"using":"xpath","value":"//bdi[text()=\"OK\"]"}
COMMAND: POST /session/62c6c4e2516ebe3f1de2f3a3d288490f/elements - {"using":"xpath","value":"//bdi[text()=\"OK\"]"}
RESULT: {"using":"xpath","value":"//bdi[text()=\"OK\"]"}
COMMAND: POST /session/62c6c4e2516ebe3f1de2f3a3d288490f/elements - {"using":"xpath","value":"//bdi[text()=\"OK\"]"}
RESULT: {"using":"xpath","value":"//bdi[text()=\"OK\"]"}
COMMAND: POST /session/62c6c4e2516ebe3f1de2f3a3d288490f/elements - {"using":"xpath","value":"//bdi[text()=\"OK\"]"}
RESULT: {"using":"xpath","value":"//bdi[text()=\"OK\"]"}
COMMAND: POST /session/62c6c4e2516ebe3f1de2f3a3d288490f/elements - {"using":"xpath","value":"//bdi[text()=\"OK\"]"}
RESULT: {"using":"xpath","value":"//bdi[text()=\"OK\"]"}
COMMAND: POST /session/62c6c4e2516ebe3f1de2f3a3d288490f/elements - {"using":"xpath","value":"//bdi[text()=\"OK\"]"}
RESULT: {"using":"xpath","value":"//bdi[text()=\"OK\"]"}
COMMAND: POST /session/62c6c4e2516ebe3f1de2f3a3d288490f/elements - {"using":"xpath","value":"//bdi[text()=\"OK\"]"}
RESULT: {"using":"xpath","value":"//bdi[text()=\"OK\"]"}
COMMAND: POST /session/62c6c4e2516ebe3f1de2f3a3d288490f/elements - {"using":"xpath","value":"//bdi[text()=\"OK\"]"}
RESULT: {"using":"xpath","value":"//bdi[text()=\"OK\"]"}
COMMAND: POST /session/62c6c4e2516ebe3f1de2f3a3d288490f/elements - {"using":"xpath","value":"//bdi[text()=\"OK\"]"}
RESULT: {"using":"xpath","value":"//bdi[text()=\"OK\"]"}
COMMAND: POST /session/62c6c4e2516ebe3f1de2f3a3d288490f/elements - {"using":"xpath","value":"//bdi[text()=\"OK\"]"}
RESULT: {"using":"xpath","value":"//bdi[text()=\"OK\"]"}
COMMAND: POST /session/62c6c4e2516ebe3f1de2f3a3d288490f/elements - {"using":"xpath","value":"//bdi[text()=\"OK\"]"}
RESULT: {"using":"xpath","value":"//bdi[text()=\"OK\"]"}
COMMAND: POST /session/62c6c4e2516ebe3f1de2f3a3d288490f/elements - {"using":"xpath","value":"//bdi[text()=\"OK\"]"}
RESULT: {"using":"xpath","value":"//bdi[text()=\"OK\"]"}
COMMAND: POST /session/62c6c4e2516ebe3f1de2f3a3d288490f/elements - {"using":"xpath","value":"//bdi[text()=\"OK\"]"}
RESULT: {"using":"xpath","value":"//bdi[text()=\"OK\"]"}
COMMAND: POST /session/62c6c4e2516ebe3f1de2f3a3d288490f/elements - {"using":"xpath","value":"//bdi[text()=\"OK\"]"}
RESULT: {"using":"xpath","value":"//bdi[text()=\"OK\"]"}
COMMAND: POST /session/62c6c4e2516ebe3f1de2f3a3d288490f/elements - {"using":"xpath","value":"//bdi[text()=\"OK\"]"}
RESULT: {"using":"xpath","value":"//bdi[text()=\"OK\"]"}
COMMAND: POST /session/62c6c4e2516ebe3f1de2f3a3d288490f/elements - {"using":"xpath","value":"//bdi[text()=\"OK\"]"}
RESULT: {"using":"xpath","value":"//bdi[text()=\"OK\"]"}
COMMAND: POST /session/62c6c4e2516ebe3f1de2f3a3d288490f/elements - {"using":"xpath","value":"//bdi[text()=\"OK\"]"}
RESULT: {"using":"xpath","value":"//bdi[text()=\"OK\"]"}
COMMAND: POST /session/62c6c4e2516ebe3f1de2f3a3d288490f/elements - {"using":"xpath","value":"//bdi[text()=\"OK\"]"}
RESULT: {"using":"xpath","value":"//bdi[text()=\"OK\"]"}
COMMAND: POST /session/62c6c4e2516ebe3f1de2f3a3d288490f/elements - {"using":"xpath","value":"//bdi[text()=\"OK\"]"}
RESULT: {"using":"xpath","value":"//bdi[text()=\"OK\"]"}
COMMAND: POST /session/62c6c4e2516ebe3f1de2f3a3d288490f/elements - {"using":"xpath","value":"//bdi[text()=\"OK\"]"}
RESULT: {"using":"xpath","value":"//bdi[text()=\"OK\"]"}
COMMAND: POST /session/62c6c4e2516ebe3f1de2f3a3d288490f/elements - {"using":"xpath","value":"//bdi[text()=\"OK\"]"}
RESULT: {"using":"xpath","value":"//bdi[text()=\"OK\"]"}
COMMAND: POST /session/62c6c4e2516ebe3f1de2f3a3d288490f/elements - {"using":"xpath","value":"//bdi[text()=\"OK\"]"}
RESULT: {"using":"xpath","value":"//bdi[text()=\"OK\"]"}
COMMAND: POST /session/62c6c4e2516ebe3f1de2f3a3d288490f/elements - {"using":"xpath","value":"//bdi[text()=\"OK\"]"}
RESULT: {"using":"xpath","value":"//bdi[text()=\"OK\"]"}
COMMAND: POST /session/62c6c4e2516ebe3f1de2f3a3d288490f/elements - {"using":"xpath","value":"//bdi[text()=\"OK\"]"}
RESULT: {"using":"xpath","value":"//bdi[text()=\"OK\"]"}
COMMAND: POST /session/62c6c4e2516ebe3f1de2f3a3d288490f/elements - {"using":"xpath","value":"//bdi[text()=\"OK\"]"}
RESULT: {"using":"xpath","value":"//bdi[text()=\"OK\"]"}
COMMAND: POST /session/62c6c4e2516ebe3f1de2f3a3d288490f/elements - {"using":"xpath","value":"//bdi[text()=\"OK\"]"}
RESULT: {"using":"xpath","value":"//bdi[text()=\"OK\"]"}
COMMAND: POST /session/62c6c4e2516ebe3f1de2f3a3d288490f/elements - {"using":"xpath","value":"//bdi[text()=\"OK\"]"}
RESULT: {"using":"xpath","value":"//bdi[text()=\"OK\"]"}
COMMAND: POST /session/62c6c4e2516ebe3f1de2f3a3d288490f/elements - {"using":"xpath","value":"//bdi[text()=\"OK\"]"}
RESULT: {"using":"xpath","value":"//bdi[text()=\"OK\"]"}
COMMAND: POST /session/62c6c4e2516ebe3f1de2f3a3d288490f/elements - {"using":"xpath","value":"//bdi[text()=\"OK\"]"}
RESULT: {"using":"xpath","value":"//bdi[text()=\"OK\"]"}
COMMAND: POST /session/62c6c4e2516ebe3f1de2f3a3d288490f/elements - {"using":"xpath","value":"//bdi[text()=\"OK\"]"}
RESULT: {"using":"xpath","value":"//bdi[text()=\"OK\"]"}
COMMAND: POST /session/62c6c4e2516ebe3f1de2f3a3d288490f/elements - {"using":"xpath","value":"//bdi[text()=\"OK\"]"}
RESULT: {"using":"xpath","value":"//bdi[text()=\"OK\"]"}
COMMAND: POST /session/62c6c4e2516ebe3f1de2f3a3d288490f/elements - {"using":"xpath","value":"//bdi[text()=\"OK\"]"}
RESULT: {"using":"xpath","value":"//bdi[text()=\"OK\"]"}
COMMAND: POST /session/62c6c4e2516ebe3f1de2f3a3d288490f/elements - {"using":"xpath","value":"//bdi[text()=\"OK\"]"}
RESULT: {"using":"xpath","value":"//bdi[text()=\"OK\"]"}
COMMAND: POST /session/62c6c4e2516ebe3f1de2f3a3d288490f/elements - {"using":"xpath","value":"//bdi[text()=\"OK\"]"}
RESULT: {"using":"xpath","value":"//bdi[text()=\"OK\"]"}
COMMAND: POST /session/62c6c4e2516ebe3f1de2f3a3d288490f/elements - {"using":"xpath","value":"//bdi[text()=\"OK\"]"}
RESULT: {"using":"xpath","value":"//bdi[text()=\"OK\"]"}
COMMAND: POST /session/62c6c4e2516ebe3f1de2f3a3d288490f/elements - {"using":"xpath","value":"//bdi[text()=\"OK\"]"}
RESULT: {"using":"xpath","value":"//bdi[text()=\"OK\"]"}
COMMAND: POST /session/62c6c4e2516ebe3f1de2f3a3d288490f/elements - {"using":"xpath","value":"//bdi[text()=\"OK\"]"}
RESULT: {"using":"xpath","value":"//bdi[text()=\"OK\"]"}
COMMAND: POST /session/62c6c4e2516ebe3f1de2f3a3d288490f/elements - {"using":"xpath","value":"//bdi[text()=\"OK\"]"}
RESULT: {"using":"xpath","value":"//bdi[text()=\"OK\"]"}
COMMAND: POST /session/62c6c4e2516ebe3f1de2f3a3d288490f/elements - {"using":"xpath","value":"//bdi[text()=\"OK\"]"}
RESULT: {"using":"xpath","value":"//bdi[text()=\"OK\"]"}
COMMAND: POST /session/62c6c4e2516ebe3f1de2f3a3d288490f/elements - {"using":"xpath","value":"//bdi[text()=\"OK\"]"}
RESULT: {"using":"xpath","value":"//bdi[text()=\"OK\"]"}
COMMAND: POST /session/62c6c4e2516ebe3f1de2f3a3d288490f/elements - {"using":"xpath","value":"//bdi[text()=\"OK\"]"}
RESULT: {"using":"xpath","value":"//bdi[text()=\"OK\"]"}
COMMAND: POST /session/62c6c4e2516ebe3f1de2f3a3d288490f/elements - {"using":"xpath","value":"//bdi[text()=\"OK\"]"}
RESULT: {"using":"xpath","value":"//bdi[text()=\"OK\"]"}
COMMAND: POST /session/62c6c4e2516ebe3f1de2f3a3d288490f/elements - {"using":"xpath","value":"//bdi[text()=\"OK\"]"}
RESULT: {"using":"xpath","value":"//bdi[text()=\"OK\"]"}
COMMAND: POST /session/62c6c4e2516ebe3f1de2f3a3d288490f/elements - {"using":"xpath","value":"//bdi[text()=\"OK\"]"}
RESULT: {"using":"xpath","value":"//bdi[text()=\"OK\"]"}
COMMAND: POST /session/62c6c4e2516ebe3f1de2f3a3d288490f/elements - {"using":"xpath","value":"//bdi[text()=\"OK\"]"}
RESULT: {"using":"xpath","value":"//bdi[text()=\"OK\"]"}
COMMAND: POST /session/62c6c4e2516ebe3f1de2f3a3d288490f/elements - {"using":"xpath","value":"//bdi[text()=\"OK\"]"}
RESULT: {"using":"xpath","value":"//bdi[text()=\"OK\"]"}
COMMAND: POST /session/62c6c4e2516ebe3f1de2f3a3d288490f/elements - {"using":"xpath","value":"//bdi[text()=\"OK\"]"}
RESULT: {"using":"xpath","value":"//bdi[text()=\"OK\"]"}
COMMAND: POST /session/62c6c4e2516ebe3f1de2f3a3d288490f/elements - {"using":"xpath","value":"//bdi[text()=\"OK\"]"}
RESULT: {"using":"xpath","value":"//bdi[text()=\"OK\"]"}
COMMAND: POST /session/62c6c4e2516ebe3f1de2f3a3d288490f/elements - {"using":"xpath","value":"//bdi[text()=\"OK\"]"}
RESULT: {"using":"xpath","value":"//bdi[text()=\"OK\"]"}
COMMAND: POST /session/62c6c4e2516ebe3f1de2f3a3d288490f/elements - {"using":"xpath","value":"//bdi[text()=\"OK\"]"}
RESULT: {"using":"xpath","value":"//bdi[text()=\"OK\"]"}
COMMAND: POST /session/62c6c4e2516ebe3f1de2f3a3d288490f/elements - {"using":"xpath","value":"//bdi[text()=\"OK\"]"}
RESULT: {"using":"xpath","value":"//bdi[text()=\"OK\"]"}
COMMAND: POST /session/62c6c4e2516ebe3f1de2f3a3d288490f/elements - {"using":"xpath","value":"//bdi[text()=\"OK\"]"}
RESULT: {"using":"xpath","value":"//bdi[text()=\"OK\"]"}
COMMAND: POST /session/62c6c4e2516ebe3f1de2f3a3d288490f/elements - {"using":"xpath","value":"//bdi[text()=\"OK\"]"}
RESULT: {"using":"xpath","value":"//bdi[text()=\"OK\"]"}
COMMAND: POST /session/62c6c4e2516ebe3f1de2f3a3d288490f/elements - {"using":"xpath","value":"//bdi[text()=\"OK\"]"}
RESULT: {"using":"xpath","value":"//bdi[text()=\"OK\"]"}
COMMAND: POST /session/62c6c4e2516ebe3f1de2f3a3d288490f/elements - {"using":"xpath","value":"//bdi[text()=\"OK\"]"}
RESULT: {"using":"xpath","value":"//bdi[text()=\"OK\"]"}
COMMAND: POST /session/62c6c4e2516ebe3f1de2f3a3d288490f/elements - {"using":"xpath","value":"//bdi[text()=\"OK\"]"}
RESULT: {"using":"xpath","value":"//bdi[text()=\"OK\"]"}
COMMAND: POST /session/62c6c4e2516ebe3f1de2f3a3d288490f/elements - {"using":"xpath","value":"//bdi[text()=\"OK\"]"}
RESULT: {"using":"xpath","value":"//bdi[text()=\"OK\"]"}
COMMAND: POST /session/62c6c4e2516ebe3f1de2f3a3d288490f/elements - {"using":"xpath","value":"//bdi[text()=\"OK\"]"}
RESULT: {"using":"xpath","value":"//bdi[text()=\"OK\"]"}
COMMAND: POST /session/62c6c4e2516ebe3f1de2f3a3d288490f/elements - {"using":"xpath","value":"//bdi[text()=\"OK\"]"}
RESULT: {"using":"xpath","value":"//bdi[text()=\"OK\"]"}
COMMAND: POST /session/62c6c4e2516ebe3f1de2f3a3d288490f/elements - {"using":"xpath","value":"//bdi[text()=\"OK\"]"}
RESULT: {"using":"xpath","value":"//bdi[text()=\"OK\"]"}
COMMAND: POST /session/62c6c4e2516ebe3f1de2f3a3d288490f/elements - {"using":"xpath","value":"//bdi[text()=\"OK\"]"}
RESULT: {"using":"xpath","value":"//bdi[text()=\"OK\"]"}
COMMAND: POST /session/62c6c4e2516ebe3f1de2f3a3d288490f/elements - {"using":"xpath","value":"//bdi[text()=\"OK\"]"}
RESULT: {"using":"xpath","value":"//bdi[text()=\"OK\"]"}
COMMAND: POST /session/62c6c4e2516ebe3f1de2f3a3d288490f/elements - {"using":"xpath","value":"//bdi[text()=\"OK\"]"}
RESULT: {"using":"xpath","value":"//bdi[text()=\"OK\"]"}
COMMAND: POST /session/62c6c4e2516ebe3f1de2f3a3d288490f/elements - {"using":"xpath","value":"//bdi[text()=\"OK\"]"}
RESULT: {"using":"xpath","value":"//bdi[text()=\"OK\"]"}
COMMAND: POST /session/62c6c4e2516ebe3f1de2f3a3d288490f/elements - {"using":"xpath","value":"//bdi[text()=\"OK\"]"}
RESULT: {"using":"xpath","value":"//bdi[text()=\"OK\"]"}
COMMAND: POST /session/62c6c4e2516ebe3f1de2f3a3d288490f/elements - {"using":"xpath","value":"//bdi[text()=\"OK\"]"}
RESULT: {"using":"xpath","value":"//bdi[text()=\"OK\"]"}
COMMAND: POST /session/62c6c4e2516ebe3f1de2f3a3d288490f/elements - {"using":"xpath","value":"//bdi[text()=\"OK\"]"}
RESULT: {"using":"xpath","value":"//bdi[text()=\"OK\"]"}
COMMAND: POST /session/62c6c4e2516ebe3f1de2f3a3d288490f/elements - {"using":"xpath","value":"//bdi[text()=\"OK\"]"}
RESULT: {"using":"xpath","value":"//bdi[text()=\"OK\"]"}
COMMAND: POST /session/62c6c4e2516ebe3f1de2f3a3d288490f/elements - {"using":"xpath","value":"//bdi[text()=\"OK\"]"}
RESULT: {"using":"xpath","value":"//bdi[text()=\"OK\"]"}
COMMAND: POST /session/62c6c4e2516ebe3f1de2f3a3d288490f/elements - {"using":"xpath","value":"//bdi[text()=\"OK\"]"}
RESULT: {"using":"xpath","value":"//bdi[text()=\"OK\"]"}
COMMAND: POST /session/62c6c4e2516ebe3f1de2f3a3d288490f/elements - {"using":"xpath","value":"//bdi[text()=\"OK\"]"}
RESULT: {"using":"xpath","value":"//bdi[text()=\"OK\"]"}
COMMAND: POST /session/62c6c4e2516ebe3f1de2f3a3d288490f/elements - {"using":"xpath","value":"//bdi[text()=\"OK\"]"}
RESULT: {"using":"xpath","value":"//bdi[text()=\"OK\"]"}
COMMAND: POST /session/62c6c4e2516ebe3f1de2f3a3d288490f/elements - {"using":"xpath","value":"//bdi[text()=\"OK\"]"}
RESULT: {"using":"xpath","value":"//bdi[text()=\"OK\"]"}
COMMAND: POST /session/62c6c4e2516ebe3f1de2f3a3d288490f/elements - {"using":"xpath","value":"//bdi[text()=\"OK\"]"}
RESULT: {"using":"xpath","value":"//bdi[text()=\"OK\"]"}
COMMAND: POST /session/62c6c4e2516ebe3f1de2f3a3d288490f/elements - {"using":"xpath","value":"//bdi[text()=\"OK\"]"}
RESULT: {"using":"xpath","value":"//bdi[text()=\"OK\"]"}
COMMAND: POST /session/62c6c4e2516ebe3f1de2f3a3d288490f/elements - {"using":"xpath","value":"//bdi[text()=\"OK\"]"}
RESULT: {"using":"xpath","value":"//bdi[text()=\"OK\"]"}
COMMAND: POST /session/62c6c4e2516ebe3f1de2f3a3d288490f/elements - {"using":"xpath","value":"//bdi[text()=\"OK\"]"}
RESULT: {"using":"xpath","value":"//bdi[text()=\"OK\"]"}
COMMAND: POST /session/62c6c4e2516ebe3f1de2f3a3d288490f/elements - {"using":"xpath","value":"//bdi[text()=\"OK\"]"}
RESULT: {"using":"xpath","value":"//bdi[text()=\"OK\"]"}
COMMAND: POST /session/62c6c4e2516ebe3f1de2f3a3d288490f/elements - {"using":"xpath","value":"//bdi[text()=\"OK\"]"}
RESULT: {"using":"xpath","value":"//bdi[text()=\"OK\"]"}
COMMAND: POST /session/62c6c4e2516ebe3f1de2f3a3d288490f/elements - {"using":"xpath","value":"//bdi[text()=\"OK\"]"}
RESULT: {"using":"xpath","value":"//bdi[text()=\"OK\"]"}
COMMAND: POST /session/62c6c4e2516ebe3f1de2f3a3d288490f/elements - {"using":"xpath","value":"//bdi[text()=\"OK\"]"}
RESULT: {"using":"xpath","value":"//bdi[text()=\"OK\"]"}
COMMAND: POST /session/62c6c4e2516ebe3f1de2f3a3d288490f/elements - {"using":"xpath","value":"//bdi[text()=\"OK\"]"}
RESULT: {"using":"xpath","value":"//bdi[text()=\"OK\"]"}
COMMAND: POST /session/62c6c4e2516ebe3f1de2f3a3d288490f/elements - {"using":"xpath","value":"//bdi[text()=\"OK\"]"}
RESULT: {"using":"xpath","value":"//bdi[text()=\"OK\"]"}
COMMAND: POST /session/62c6c4e2516ebe3f1de2f3a3d288490f/elements - {"using":"xpath","value":"//bdi[text()=\"OK\"]"}
COMMAND: POST /session/62c6c4e2516ebe3f1de2f3a3d288490f/element - {"using":"xpath","value":"//bdi[text()=\"OK\"]"}
RESULT: {"using":"xpath","value":"//bdi[text()=\"OK\"]"}
RESULT: {"using":"xpath","value":"//bdi[text()=\"OK\"]"}
COMMAND: POST /session/62c6c4e2516ebe3f1de2f3a3d288490f/elements - {"using":"xpath","value":"//bdi[text()=\"OK\"]"}
RESULT: {"using":"xpath","value":"//bdi[text()=\"OK\"]"}
COMMAND: POST /session/62c6c4e2516ebe3f1de2f3a3d288490f/elements - {"using":"xpath","value":"//bdi[text()=\"OK\"]"}
RESULT: {"using":"xpath","value":"//bdi[text()=\"OK\"]"}
COMMAND: POST /session/62c6c4e2516ebe3f1de2f3a3d288490f/elements - {"using":"xpath","value":"//bdi[text()=\"OK\"]"}
RESULT: {"using":"xpath","value":"//bdi[text()=\"OK\"]"}
COMMAND: POST /session/62c6c4e2516ebe3f1de2f3a3d288490f/elements - {"using":"xpath","value":"//bdi[text()=\"OK\"]"}
RESULT: {"using":"xpath","value":"//bdi[text()=\"OK\"]"}
COMMAND: POST /session/62c6c4e2516ebe3f1de2f3a3d288490f/elements - {"using":"xpath","value":"//bdi[text()=\"OK\"]"}
RESULT: {"using":"xpath","value":"//bdi[text()=\"OK\"]"}
COMMAND: POST /session/62c6c4e2516ebe3f1de2f3a3d288490f/elements - {"using":"xpath","value":"//bdi[text()=\"OK\"]"}
RESULT: {"using":"xpath","value":"//bdi[text()=\"OK\"]"}
COMMAND: POST /session/62c6c4e2516ebe3f1de2f3a3d288490f/elements - {"using":"xpath","value":"//bdi[text()=\"OK\"]"}
RESULT: {"using":"xpath","value":"//bdi[text()=\"OK\"]"}
COMMAND: POST /session/62c6c4e2516ebe3f1de2f3a3d288490f/elements - {"using":"xpath","value":"//bdi[text()=\"OK\"]"}
RESULT: {"using":"xpath","value":"//bdi[text()=\"OK\"]"}
COMMAND: POST /session/62c6c4e2516ebe3f1de2f3a3d288490f/elements - {"using":"xpath","value":"//bdi[text()=\"OK\"]"}
RESULT: {"using":"xpath","value":"//bdi[text()=\"OK\"]"}
COMMAND: POST /session/62c6c4e2516ebe3f1de2f3a3d288490f/elements - {"using":"xpath","value":"//bdi[text()=\"OK\"]"}
RESULT: {"using":"xpath","value":"//bdi[text()=\"OK\"]"}
COMMAND: POST /session/62c6c4e2516ebe3f1de2f3a3d288490f/elements - {"using":"xpath","value":"//bdi[text()=\"OK\"]"}
RESULT: {"using":"xpath","value":"//bdi[text()=\"OK\"]"}
COMMAND: POST /session/62c6c4e2516ebe3f1de2f3a3d288490f/elements - {"using":"xpath","value":"//bdi[text()=\"OK\"]"}
RESULT: {"using":"xpath","value":"//bdi[text()=\"OK\"]"}
COMMAND: POST /session/62c6c4e2516ebe3f1de2f3a3d288490f/elements - {"using":"xpath","value":"//bdi[text()=\"OK\"]"}
RESULT: {"using":"xpath","value":"//bdi[text()=\"OK\"]"}
COMMAND: POST /session/62c6c4e2516ebe3f1de2f3a3d288490f/elements - {"using":"xpath","value":"//bdi[text()=\"OK\"]"}
RESULT: {"using":"xpath","value":"//bdi[text()=\"OK\"]"}
COMMAND: POST /session/62c6c4e2516ebe3f1de2f3a3d288490f/elements - {"using":"xpath","value":"//bdi[text()=\"OK\"]"}
RESULT: {"using":"xpath","value":"//bdi[text()=\"OK\"]"}
COMMAND: POST /session/62c6c4e2516ebe3f1de2f3a3d288490f/elements - {"using":"xpath","value":"//bdi[text()=\"OK\"]"}
RESULT: {"using":"xpath","value":"//bdi[text()=\"OK\"]"}
COMMAND: POST /session/62c6c4e2516ebe3f1de2f3a3d288490f/elements - {"using":"xpath","value":"//bdi[text()=\"OK\"]"}
RESULT: {"using":"xpath","value":"//bdi[text()=\"OK\"]"}
COMMAND: POST /session/62c6c4e2516ebe3f1de2f3a3d288490f/elements - {"using":"xpath","value":"//bdi[text()=\"OK\"]"}
RESULT: {"using":"xpath","value":"//bdi[text()=\"OK\"]"}
COMMAND: POST /session/62c6c4e2516ebe3f1de2f3a3d288490f/elements - {"using":"xpath","value":"//bdi[text()=\"OK\"]"}
RESULT: {"using":"xpath","value":"//bdi[text()=\"OK\"]"}
COMMAND: POST /session/62c6c4e2516ebe3f1de2f3a3d288490f/elements - {"using":"xpath","value":"//bdi[text()=\"OK\"]"}
RESULT: {"using":"xpath","value":"//bdi[text()=\"OK\"]"}
COMMAND: POST /session/62c6c4e2516ebe3f1de2f3a3d288490f/elements - {"using":"xpath","value":"//bdi[text()=\"OK\"]"}
RESULT: {"using":"xpath","value":"//bdi[text()=\"OK\"]"}
COMMAND: POST /session/62c6c4e2516ebe3f1de2f3a3d288490f/elements - {"using":"xpath","value":"//bdi[text()=\"OK\"]"}
RESULT: {"using":"xpath","value":"//bdi[text()=\"OK\"]"}
COMMAND: POST /session/62c6c4e2516ebe3f1de2f3a3d288490f/elements - {"using":"xpath","value":"//bdi[text()=\"OK\"]"}
RESULT: {"using":"xpath","value":"//bdi[text()=\"OK\"]"}
COMMAND: POST /session/62c6c4e2516ebe3f1de2f3a3d288490f/elements - {"using":"xpath","value":"//bdi[text()=\"OK\"]"}
RESULT: {"using":"xpath","value":"//bdi[text()=\"OK\"]"}
COMMAND: POST /session/62c6c4e2516ebe3f1de2f3a3d288490f/elements - {"using":"xpath","value":"//bdi[text()=\"OK\"]"}
RESULT: {"using":"xpath","value":"//bdi[text()=\"OK\"]"}
COMMAND: POST /session/62c6c4e2516ebe3f1de2f3a3d288490f/elements - {"using":"xpath","value":"//bdi[text()=\"OK\"]"}
RESULT: {"using":"xpath","value":"//bdi[text()=\"OK\"]"}
COMMAND: POST /session/62c6c4e2516ebe3f1de2f3a3d288490f/elements - {"using":"xpath","value":"//bdi[text()=\"OK\"]"}
RESULT: {"using":"xpath","value":"//bdi[text()=\"OK\"]"}
COMMAND: POST /session/62c6c4e2516ebe3f1de2f3a3d288490f/elements - {"using":"xpath","value":"//bdi[text()=\"OK\"]"}
RESULT: {"using":"xpath","value":"//bdi[text()=\"OK\"]"}
COMMAND: POST /session/62c6c4e2516ebe3f1de2f3a3d288490f/elements - {"using":"xpath","value":"//bdi[text()=\"OK\"]"}
RESULT: {"using":"xpath","value":"//bdi[text()=\"OK\"]"}
COMMAND: POST /session/62c6c4e2516ebe3f1de2f3a3d288490f/elements - {"using":"xpath","value":"//bdi[text()=\"OK\"]"}
RESULT: {"using":"xpath","value":"//bdi[text()=\"OK\"]"}
COMMAND: POST /session/62c6c4e2516ebe3f1de2f3a3d288490f/elements - {"using":"xpath","value":"//bdi[text()=\"OK\"]"}
RESULT: {"using":"xpath","value":"//bdi[text()=\"OK\"]"}
COMMAND: POST /session/62c6c4e2516ebe3f1de2f3a3d288490f/elements - {"using":"xpath","value":"//bdi[text()=\"OK\"]"}
RESULT: {"using":"xpath","value":"//bdi[text()=\"OK\"]"}
COMMAND: POST /session/62c6c4e2516ebe3f1de2f3a3d288490f/elements - {"using":"xpath","value":"//bdi[text()=\"OK\"]"}
RESULT: {"using":"xpath","value":"//bdi[text()=\"OK\"]"}
COMMAND: POST /session/62c6c4e2516ebe3f1de2f3a3d288490f/elements - {"using":"xpath","value":"//bdi[text()=\"OK\"]"}
RESULT: {"using":"xpath","value":"//bdi[text()=\"OK\"]"}
COMMAND: POST /session/62c6c4e2516ebe3f1de2f3a3d288490f/elements - {"using":"xpath","value":"//bdi[text()=\"OK\"]"}
RESULT: {"using":"xpath","value":"//bdi[text()=\"OK\"]"}
COMMAND: POST /session/62c6c4e2516ebe3f1de2f3a3d288490f/elements - {"using":"xpath","value":"//bdi[text()=\"OK\"]"}
RESULT: {"using":"xpath","value":"//bdi[text()=\"OK\"]"}
COMMAND: POST /session/62c6c4e2516ebe3f1de2f3a3d288490f/elements - {"using":"xpath","value":"//bdi[text()=\"OK\"]"}
RESULT: {"using":"xpath","value":"//bdi[text()=\"OK\"]"}
COMMAND: POST /session/62c6c4e2516ebe3f1de2f3a3d288490f/elements - {"using":"xpath","value":"//bdi[text()=\"OK\"]"}
RESULT: {"using":"xpath","value":"//bdi[text()=\"OK\"]"}
COMMAND: POST /session/62c6c4e2516ebe3f1de2f3a3d288490f/elements - {"using":"xpath","value":"//bdi[text()=\"OK\"]"}
RESULT: {"using":"xpath","value":"//bdi[text()=\"OK\"]"}
COMMAND: POST /session/62c6c4e2516ebe3f1de2f3a3d288490f/elements - {"using":"xpath","value":"//bdi[text()=\"OK\"]"}
RESULT: {"using":"xpath","value":"//bdi[text()=\"OK\"]"}
COMMAND: POST /session/62c6c4e2516ebe3f1de2f3a3d288490f/elements - {"using":"xpath","value":"//bdi[text()=\"OK\"]"}
RESULT: {"using":"xpath","value":"//bdi[text()=\"OK\"]"}
COMMAND: POST /session/62c6c4e2516ebe3f1de2f3a3d288490f/elements - {"using":"xpath","value":"//bdi[text()=\"OK\"]"}
RESULT: {"using":"xpath","value":"//bdi[text()=\"OK\"]"}
COMMAND: POST /session/62c6c4e2516ebe3f1de2f3a3d288490f/elements - {"using":"xpath","value":"//bdi[text()=\"OK\"]"}
RESULT: {"using":"xpath","value":"//bdi[text()=\"OK\"]"}
COMMAND: POST /session/62c6c4e2516ebe3f1de2f3a3d288490f/elements - {"using":"xpath","value":"//bdi[text()=\"OK\"]"}
RESULT: {"using":"xpath","value":"//bdi[text()=\"OK\"]"}
COMMAND: POST /session/62c6c4e2516ebe3f1de2f3a3d288490f/elements - {"using":"xpath","value":"//bdi[text()=\"OK\"]"}
RESULT: {"using":"xpath","value":"//bdi[text()=\"OK\"]"}
COMMAND: POST /session/62c6c4e2516ebe3f1de2f3a3d288490f/elements - {"using":"xpath","value":"//bdi[text()=\"OK\"]"}
RESULT: {"using":"xpath","value":"//bdi[text()=\"OK\"]"}
COMMAND: POST /session/62c6c4e2516ebe3f1de2f3a3d288490f/elements - {"using":"xpath","value":"//bdi[text()=\"OK\"]"}
RESULT: {"using":"xpath","value":"//bdi[text()=\"OK\"]"}
COMMAND: POST /session/62c6c4e2516ebe3f1de2f3a3d288490f/elements - {"using":"xpath","value":"//bdi[text()=\"OK\"]"}
RESULT: {"using":"xpath","value":"//bdi[text()=\"OK\"]"}
COMMAND: POST /session/62c6c4e2516ebe3f1de2f3a3d288490f/elements - {"using":"xpath","value":"//bdi[text()=\"OK\"]"}
RESULT: {"using":"xpath","value":"//bdi[text()=\"OK\"]"}
COMMAND: POST /session/62c6c4e2516ebe3f1de2f3a3d288490f/elements - {"using":"xpath","value":"//bdi[text()=\"OK\"]"}
RESULT: {"using":"xpath","value":"//bdi[text()=\"OK\"]"}
COMMAND: POST /session/62c6c4e2516ebe3f1de2f3a3d288490f/elements - {"using":"xpath","value":"//bdi[text()=\"OK\"]"}
RESULT: {"using":"xpath","value":"//bdi[text()=\"OK\"]"}
COMMAND: POST /session/62c6c4e2516ebe3f1de2f3a3d288490f/elements - {"using":"xpath","value":"//bdi[text()=\"OK\"]"}
RESULT: {"using":"xpath","value":"//bdi[text()=\"OK\"]"}
COMMAND: POST /session/62c6c4e2516ebe3f1de2f3a3d288490f/elements - {"using":"xpath","value":"//bdi[text()=\"OK\"]"}
RESULT: {"using":"xpath","value":"//bdi[text()=\"OK\"]"}
COMMAND: POST /session/62c6c4e2516ebe3f1de2f3a3d288490f/elements - {"using":"xpath","value":"//bdi[text()=\"OK\"]"}
RESULT: {"using":"xpath","value":"//bdi[text()=\"OK\"]"}
COMMAND: POST /session/62c6c4e2516ebe3f1de2f3a3d288490f/elements - {"using":"xpath","value":"//bdi[text()=\"OK\"]"}
RESULT: {"using":"xpath","value":"//bdi[text()=\"OK\"]"}
COMMAND: POST /session/62c6c4e2516ebe3f1de2f3a3d288490f/elements - {"using":"xpath","value":"//bdi[text()=\"OK\"]"}
RESULT: {"using":"xpath","value":"//bdi[text()=\"OK\"]"}
COMMAND: POST /session/62c6c4e2516ebe3f1de2f3a3d288490f/elements - {"using":"xpath","value":"//bdi[text()=\"OK\"]"}
RESULT: {"using":"xpath","value":"//bdi[text()=\"OK\"]"}
COMMAND: POST /session/62c6c4e2516ebe3f1de2f3a3d288490f/elements - {"using":"xpath","value":"//bdi[text()=\"OK\"]"}
RESULT: {"using":"xpath","value":"//bdi[text()=\"OK\"]"}
COMMAND: POST /session/62c6c4e2516ebe3f1de2f3a3d288490f/elements - {"using":"xpath","value":"//bdi[text()=\"OK\"]"}
RESULT: {"using":"xpath","value":"//bdi[text()=\"OK\"]"}
COMMAND: POST /session/62c6c4e2516ebe3f1de2f3a3d288490f/elements - {"using":"xpath","value":"//bdi[text()=\"OK\"]"}
RESULT: {"using":"xpath","value":"//bdi[text()=\"OK\"]"}
COMMAND: POST /session/62c6c4e2516ebe3f1de2f3a3d288490f/elements - {"using":"xpath","value":"//bdi[text()=\"OK\"]"}
RESULT: {"using":"xpath","value":"//bdi[text()=\"OK\"]"}
COMMAND: POST /session/62c6c4e2516ebe3f1de2f3a3d288490f/elements - {"using":"xpath","value":"//bdi[text()=\"OK\"]"}
RESULT: {"using":"xpath","value":"//bdi[text()=\"OK\"]"}
COMMAND: POST /session/62c6c4e2516ebe3f1de2f3a3d288490f/elements - {"using":"xpath","value":"//bdi[text()=\"OK\"]"}
RESULT: {"using":"xpath","value":"//bdi[text()=\"OK\"]"}
COMMAND: POST /session/62c6c4e2516ebe3f1de2f3a3d288490f/elements - {"using":"xpath","value":"//bdi[text()=\"OK\"]"}
RESULT: {"using":"xpath","value":"//bdi[text()=\"OK\"]"}
COMMAND: POST /session/62c6c4e2516ebe3f1de2f3a3d288490f/elements - {"using":"xpath","value":"//bdi[text()=\"OK\"]"}
RESULT: {"using":"xpath","value":"//bdi[text()=\"OK\"]"}
COMMAND: POST /session/62c6c4e2516ebe3f1de2f3a3d288490f/elements - {"using":"xpath","value":"//bdi[text()=\"OK\"]"}
RESULT: {"using":"xpath","value":"//bdi[text()=\"OK\"]"}
COMMAND: POST /session/62c6c4e2516ebe3f1de2f3a3d288490f/elements - {"using":"xpath","value":"//bdi[text()=\"OK\"]"}
RESULT: {"using":"xpath","value":"//bdi[text()=\"OK\"]"}
COMMAND: POST /session/62c6c4e2516ebe3f1de2f3a3d288490f/elements - {"using":"xpath","value":"//bdi[text()=\"OK\"]"}
RESULT: {"using":"xpath","value":"//bdi[text()=\"OK\"]"}
COMMAND: POST /session/62c6c4e2516ebe3f1de2f3a3d288490f/elements - {"using":"xpath","value":"//bdi[text()=\"OK\"]"}
RESULT: {"using":"xpath","value":"//bdi[text()=\"OK\"]"}
COMMAND: POST /session/62c6c4e2516ebe3f1de2f3a3d288490f/elements - {"using":"xpath","value":"//bdi[text()=\"OK\"]"}
RESULT: {"using":"xpath","value":"//bdi[text()=\"OK\"]"}
COMMAND: POST /session/62c6c4e2516ebe3f1de2f3a3d288490f/elements - {"using":"xpath","value":"//bdi[text()=\"OK\"]"}
RESULT: {"using":"xpath","value":"//bdi[text()=\"OK\"]"}
COMMAND: POST /session/62c6c4e2516ebe3f1de2f3a3d288490f/elements - {"using":"xpath","value":"//bdi[text()=\"OK\"]"}
RESULT: {"using":"xpath","value":"//bdi[text()=\"OK\"]"}
COMMAND: POST /session/62c6c4e2516ebe3f1de2f3a3d288490f/elements - {"using":"xpath","value":"//bdi[text()=\"OK\"]"}
RESULT: {"using":"xpath","value":"//bdi[text()=\"OK\"]"}
COMMAND: POST /session/62c6c4e2516ebe3f1de2f3a3d288490f/elements - {"using":"xpath","value":"//bdi[text()=\"OK\"]"}
RESULT: {"using":"xpath","value":"//bdi[text()=\"OK\"]"}
COMMAND: POST /session/62c6c4e2516ebe3f1de2f3a3d288490f/elements - {"using":"xpath","value":"//bdi[text()=\"OK\"]"}
RESULT: {"using":"xpath","value":"//bdi[text()=\"OK\"]"}
COMMAND: POST /session/62c6c4e2516ebe3f1de2f3a3d288490f/elements - {"using":"xpath","value":"//bdi[text()=\"OK\"]"}
RESULT: {"using":"xpath","value":"//bdi[text()=\"OK\"]"}
COMMAND: POST /session/62c6c4e2516ebe3f1de2f3a3d288490f/elements - {"using":"xpath","value":"//bdi[text()=\"OK\"]"}
RESULT: {"using":"xpath","value":"//bdi[text()=\"OK\"]"}
COMMAND: POST /session/62c6c4e2516ebe3f1de2f3a3d288490f/elements - {"using":"xpath","value":"//bdi[text()=\"OK\"]"}
RESULT: {"using":"xpath","value":"//bdi[text()=\"OK\"]"}
COMMAND: POST /session/62c6c4e2516ebe3f1de2f3a3d288490f/elements - {"using":"xpath","value":"//bdi[text()=\"OK\"]"}
RESULT: {"using":"xpath","value":"//bdi[text()=\"OK\"]"}
COMMAND: POST /session/62c6c4e2516ebe3f1de2f3a3d288490f/elements - {"using":"xpath","value":"//bdi[text()=\"OK\"]"}
RESULT: {"using":"xpath","value":"//bdi[text()=\"OK\"]"}
COMMAND: POST /session/62c6c4e2516ebe3f1de2f3a3d288490f/elements - {"using":"xpath","value":"//bdi[text()=\"OK\"]"}
RESULT: {"using":"xpath","value":"//bdi[text()=\"OK\"]"}
COMMAND: POST /session/62c6c4e2516ebe3f1de2f3a3d288490f/elements - {"using":"xpath","value":"//bdi[text()=\"OK\"]"}
RESULT: {"using":"xpath","value":"//bdi[text()=\"OK\"]"}
COMMAND: POST /session/62c6c4e2516ebe3f1de2f3a3d288490f/elements - {"using":"xpath","value":"//bdi[text()=\"OK\"]"}
RESULT: {"using":"xpath","value":"//bdi[text()=\"OK\"]"}
COMMAND: POST /session/62c6c4e2516ebe3f1de2f3a3d288490f/elements - {"using":"xpath","value":"//bdi[text()=\"OK\"]"}
RESULT: {"using":"xpath","value":"//bdi[text()=\"OK\"]"}
COMMAND: POST /session/62c6c4e2516ebe3f1de2f3a3d288490f/elements - {"using":"xpath","value":"//bdi[text()=\"OK\"]"}
RESULT: {"using":"xpath","value":"//bdi[text()=\"OK\"]"}
COMMAND: POST /session/62c6c4e2516ebe3f1de2f3a3d288490f/elements - {"using":"xpath","value":"//bdi[text()=\"OK\"]"}
RESULT: {"using":"xpath","value":"//bdi[text()=\"OK\"]"}
COMMAND: POST /session/62c6c4e2516ebe3f1de2f3a3d288490f/elements - {"using":"xpath","value":"//bdi[text()=\"OK\"]"}
RESULT: {"using":"xpath","value":"//bdi[text()=\"OK\"]"}
COMMAND: POST /session/62c6c4e2516ebe3f1de2f3a3d288490f/elements - {"using":"xpath","value":"//bdi[text()=\"OK\"]"}
RESULT: {"using":"xpath","value":"//bdi[text()=\"OK\"]"}
COMMAND: POST /session/62c6c4e2516ebe3f1de2f3a3d288490f/elements - {"using":"xpath","value":"//bdi[text()=\"OK\"]"}
RESULT: {"using":"xpath","value":"//bdi[text()=\"OK\"]"}
COMMAND: POST /session/62c6c4e2516ebe3f1de2f3a3d288490f/elements - {"using":"xpath","value":"//bdi[text()=\"OK\"]"}
RESULT: {"using":"xpath","value":"//bdi[text()=\"OK\"]"}
COMMAND: POST /session/62c6c4e2516ebe3f1de2f3a3d288490f/elements - {"using":"xpath","value":"//bdi[text()=\"OK\"]"}
RESULT: {"using":"xpath","value":"//bdi[text()=\"OK\"]"}
COMMAND: POST /session/62c6c4e2516ebe3f1de2f3a3d288490f/elements - {"using":"xpath","value":"//bdi[text()=\"OK\"]"}
RESULT: {"using":"xpath","value":"//bdi[text()=\"OK\"]"}
COMMAND: POST /session/62c6c4e2516ebe3f1de2f3a3d288490f/elements - {"using":"xpath","value":"//bdi[text()=\"OK\"]"}
RESULT: {"using":"xpath","value":"//bdi[text()=\"OK\"]"}
COMMAND: POST /session/62c6c4e2516ebe3f1de2f3a3d288490f/elements - {"using":"xpath","value":"//bdi[text()=\"OK\"]"}
RESULT: {"using":"xpath","value":"//bdi[text()=\"OK\"]"}
COMMAND: POST /session/62c6c4e2516ebe3f1de2f3a3d288490f/elements - {"using":"xpath","value":"//bdi[text()=\"OK\"]"}
RESULT: {"using":"xpath","value":"//bdi[text()=\"OK\"]"}
COMMAND: POST /session/62c6c4e2516ebe3f1de2f3a3d288490f/elements - {"using":"xpath","value":"//bdi[text()=\"OK\"]"}
RESULT: {"using":"xpath","value":"//bdi[text()=\"OK\"]"}
COMMAND: POST /session/62c6c4e2516ebe3f1de2f3a3d288490f/elements - {"using":"xpath","value":"//bdi[text()=\"OK\"]"}
RESULT: {"using":"xpath","value":"//bdi[text()=\"OK\"]"}
COMMAND: POST /session/62c6c4e2516ebe3f1de2f3a3d288490f/elements - {"using":"xpath","value":"//bdi[text()=\"OK\"]"}
RESULT: {"using":"xpath","value":"//bdi[text()=\"OK\"]"}
COMMAND: POST /session/62c6c4e2516ebe3f1de2f3a3d288490f/elements - {"using":"xpath","value":"//bdi[text()=\"OK\"]"}
RESULT: {"using":"xpath","value":"//bdi[text()=\"OK\"]"}
COMMAND: POST /session/62c6c4e2516ebe3f1de2f3a3d288490f/elements - {"using":"xpath","value":"//bdi[text()=\"OK\"]"}
RESULT: {"using":"xpath","value":"//bdi[text()=\"OK\"]"}
COMMAND: POST /session/62c6c4e2516ebe3f1de2f3a3d288490f/elements - {"using":"xpath","value":"//bdi[text()=\"OK\"]"}
RESULT: {"using":"xpath","value":"//bdi[text()=\"OK\"]"}
COMMAND: POST /session/62c6c4e2516ebe3f1de2f3a3d288490f/elements - {"using":"xpath","value":"//bdi[text()=\"OK\"]"}
RESULT: {"using":"xpath","value":"//bdi[text()=\"OK\"]"}
COMMAND: POST /session/62c6c4e2516ebe3f1de2f3a3d288490f/elements - {"using":"xpath","value":"//bdi[text()=\"OK\"]"}
RESULT: {"using":"xpath","value":"//bdi[text()=\"OK\"]"}
COMMAND: POST /session/62c6c4e2516ebe3f1de2f3a3d288490f/elements - {"using":"xpath","value":"//bdi[text()=\"OK\"]"}
RESULT: {"using":"xpath","value":"//bdi[text()=\"OK\"]"}
COMMAND: POST /session/62c6c4e2516ebe3f1de2f3a3d288490f/elements - {"using":"xpath","value":"//bdi[text()=\"OK\"]"}
RESULT: {"using":"xpath","value":"//bdi[text()=\"OK\"]"}
COMMAND: POST /session/62c6c4e2516ebe3f1de2f3a3d288490f/elements - {"using":"xpath","value":"//bdi[text()=\"OK\"]"}
RESULT: {"using":"xpath","value":"//bdi[text()=\"OK\"]"}
COMMAND: POST /session/62c6c4e2516ebe3f1de2f3a3d288490f/elements - {"using":"xpath","value":"//bdi[text()=\"OK\"]"}
RESULT: {"using":"xpath","value":"//bdi[text()=\"OK\"]"}
COMMAND: POST /session/62c6c4e2516ebe3f1de2f3a3d288490f/elements - {"using":"xpath","value":"//bdi[text()=\"OK\"]"}
RESULT: {"using":"xpath","value":"//bdi[text()=\"OK\"]"}
COMMAND: POST /session/62c6c4e2516ebe3f1de2f3a3d288490f/elements - {"using":"xpath","value":"//bdi[text()=\"OK\"]"}
RESULT: {"using":"xpath","value":"//bdi[text()=\"OK\"]"}
COMMAND: POST /session/62c6c4e2516ebe3f1de2f3a3d288490f/elements - {"using":"xpath","value":"//bdi[text()=\"OK\"]"}
RESULT: {"using":"xpath","value":"//bdi[text()=\"OK\"]"}
COMMAND: POST /session/62c6c4e2516ebe3f1de2f3a3d288490f/elements - {"using":"xpath","value":"//bdi[text()=\"OK\"]"}
RESULT: {"using":"xpath","value":"//bdi[text()=\"OK\"]"}
COMMAND: POST /session/62c6c4e2516ebe3f1de2f3a3d288490f/elements - {"using":"xpath","value":"//bdi[text()=\"OK\"]"}
RESULT: {"using":"xpath","value":"//bdi[text()=\"OK\"]"}
COMMAND: POST /session/62c6c4e2516ebe3f1de2f3a3d288490f/elements - {"using":"xpath","value":"//bdi[text()=\"OK\"]"}
RESULT: {"using":"xpath","value":"//bdi[text()=\"OK\"]"}
COMMAND: POST /session/62c6c4e2516ebe3f1de2f3a3d288490f/elements - {"using":"xpath","value":"//bdi[text()=\"OK\"]"}
RESULT: {"using":"xpath","value":"//bdi[text()=\"OK\"]"}
COMMAND: POST /session/62c6c4e2516ebe3f1de2f3a3d288490f/elements - {"using":"xpath","value":"//bdi[text()=\"OK\"]"}
RESULT: {"using":"xpath","value":"//bdi[text()=\"OK\"]"}
COMMAND: POST /session/62c6c4e2516ebe3f1de2f3a3d288490f/elements - {"using":"xpath","value":"//bdi[text()=\"OK\"]"}
RESULT: {"using":"xpath","value":"//bdi[text()=\"OK\"]"}
COMMAND: POST /session/62c6c4e2516ebe3f1de2f3a3d288490f/elements - {"using":"xpath","value":"//bdi[text()=\"OK\"]"}
RESULT: {"using":"xpath","value":"//bdi[text()=\"OK\"]"}
COMMAND: POST /session/62c6c4e2516ebe3f1de2f3a3d288490f/elements - {"using":"xpath","value":"//bdi[text()=\"OK\"]"}
RESULT: {"using":"xpath","value":"//bdi[text()=\"OK\"]"}
COMMAND: POST /session/62c6c4e2516ebe3f1de2f3a3d288490f/elements - {"using":"xpath","value":"//bdi[text()=\"OK\"]"}
RESULT: {"using":"xpath","value":"//bdi[text()=\"OK\"]"}
COMMAND: POST /session/62c6c4e2516ebe3f1de2f3a3d288490f/elements - {"using":"xpath","value":"//bdi[text()=\"OK\"]"}
RESULT: {"using":"xpath","value":"//bdi[text()=\"OK\"]"}
COMMAND: POST /session/62c6c4e2516ebe3f1de2f3a3d288490f/elements - {"using":"xpath","value":"//bdi[text()=\"OK\"]"}
COMMAND: POST /session/62c6c4e2516ebe3f1de2f3a3d288490f/execute/async - {"script":"<script> [1562 bytes]","args":[{"selector":{"id":"application-manageresources-display-component---newResourceUnit--TYPE-arrow"},"wdio_ui5_key":"applicationmanageresources-display-component---newResourceUnit--TYPE-arrow"}]}
RESULT: {"using":"xpath","value":"//bdi[text()=\"OK\"]"}
RESULT: {"script":"<script> [1562 bytes]","args":[{"selector":{"id":"application-manageresources-display-component---newResourceUnit--TYPE-arrow"},"wdio_ui5_key":"applicationmanageresources-display-component---newResourceUnit--TYPE-arrow"}]}
RESULT: undefined
COMMAND: POST /session/62c6c4e2516ebe3f1de2f3a3d288490f/element - {"using":"xpath","value":"//*[@id=\"application-manageresources-display-component---newResourceUnit--TYPE-arrow\"]"}
RESULT: {"using":"xpath","value":"//*[@id=\"application-manageresources-display-component---newResourceUnit--TYPE-arrow\"]"}
COMMAND: POST /session/62c6c4e2516ebe3f1de2f3a3d288490f/element/f.E4C2DC6123E2A493099A271DC72A1D12.d.1CFDD74806C1050EF5C72722F7F7A20D.e.6502/click - {}
RESULT: {}
COMMAND: POST /session/62c6c4e2516ebe3f1de2f3a3d288490f/execute/async - {"script":"<script> [1562 bytes]","args":[{"selector":{"controlType":"sap.m.StandardListItem","viewName":"reusables.view.manageresources.NewResourceUnit","viewId":"application-manageresources-display-component---newResourceUnit","properties":{"title":"Material"},"searchOpenDialogs":true,"interaction":{"idSuffix":"titleText"}},"wdio_ui5_key":"reusablesview.manageresources.NewResourceUnitsap.m.StandardListItem{\"title\":\"Material\"}"}]}
COMMAND: GET /session/62c6c4e2516ebe3f1de2f3a3d288490f/screenshot - {}
RESULT: {"script":"<script> [1562 bytes]","args":[{"selector":{"controlType":"sap.m.StandardListItem","viewName":"reusables.view.manageresources.NewResourceUnit","viewId":"application-manageresources-display-component---newResourceUnit","properties":{"title":"Material"},"searchOpenDialogs":true,"interaction":{"idSuffix":"titleText"}},"wdio_ui5_key":"reusablesview.manageresources.NewResourceUnitsap.m.StandardListItem{\"title\":\"Material\"}"}]}
RESULT: undefined
COMMAND: POST /session/62c6c4e2516ebe3f1de2f3a3d288490f/element - {"using":"xpath","value":"//*[@id=\"__item142\"]"}
RESULT: {}
RESULT: {"using":"xpath","value":"//*[@id=\"__item142\"]"}
COMMAND: POST /session/62c6c4e2516ebe3f1de2f3a3d288490f/element/f.E4C2DC6123E2A493099A271DC72A1D12.d.1CFDD74806C1050EF5C72722F7F7A20D.e.6505/click - {}
RESULT: {}
COMMAND: POST /session/62c6c4e2516ebe3f1de2f3a3d288490f/execute/async - {"script":"<script> [1562 bytes]","args":[{"selector":{"id":"application-manageresources-display-component---newResourceUnit--SHORT_TEXT","interaction":{"idSuffix":"inner"}},"wdio_ui5_key":"applicationmanageresources-display-component---newResourceUnit--SHORT_TEXT"}]}
COMMAND: GET /session/62c6c4e2516ebe3f1de2f3a3d288490f/screenshot - {}
RESULT: {"script":"<script> [1562 bytes]","args":[{"selector":{"id":"application-manageresources-display-component---newResourceUnit--SHORT_TEXT","interaction":{"idSuffix":"inner"}},"wdio_ui5_key":"applicationmanageresources-display-component---newResourceUnit--SHORT_TEXT"}]}
RESULT: undefined
COMMAND: POST /session/62c6c4e2516ebe3f1de2f3a3d288490f/execute/async - {"script":"<script> [776 bytes]","args":[{"enterText":"WebdriverWHM_RU R2Cdgsog","selector":{"id":"application-manageresources-display-component---newResourceUnit--SHORT_TEXT","interaction":{"idSuffix":"inner"}},"clearTextFirst":true,"interactionType":"ENTER_TEXT"}]}
RESULT: {}
RESULT: {"script":"<script> [776 bytes]","args":[{"enterText":"WebdriverWHM_RU R2Cdgsog","selector":{"id":"application-manageresources-display-component---newResourceUnit--SHORT_TEXT","interaction":{"idSuffix":"inner"}},"clearTextFirst":true,"interactionType":"ENTER_TEXT"}]}
COMMAND: POST /session/62c6c4e2516ebe3f1de2f3a3d288490f/execute/async - {"script":"<script> [1562 bytes]","args":[{"selector":{"id":"application-manageresources-display-component---newResourceUnit--BASE_UNIT_OF_MEASURE-arrow"},"wdio_ui5_key":"applicationmanageresources-display-component---newResourceUnit--BASE_UNIT_OF_MEASURE-arrow"}]}
RESULT: {"script":"<script> [1562 bytes]","args":[{"selector":{"id":"application-manageresources-display-component---newResourceUnit--BASE_UNIT_OF_MEASURE-arrow"},"wdio_ui5_key":"applicationmanageresources-display-component---newResourceUnit--BASE_UNIT_OF_MEASURE-arrow"}]}
RESULT: undefined
COMMAND: POST /session/62c6c4e2516ebe3f1de2f3a3d288490f/element - {"using":"xpath","value":"//*[@id=\"application-manageresources-display-component---newResourceUnit--BASE_UNIT_OF_MEASURE-arrow\"]"}
RESULT: {"using":"xpath","value":"//*[@id=\"application-manageresources-display-component---newResourceUnit--BASE_UNIT_OF_MEASURE-arrow\"]"}
COMMAND: POST /session/62c6c4e2516ebe3f1de2f3a3d288490f/element/f.E4C2DC6123E2A493099A271DC72A1D12.d.1CFDD74806C1050EF5C72722F7F7A20D.e.6561/click - {}
RESULT: {}
COMMAND: POST /session/62c6c4e2516ebe3f1de2f3a3d288490f/execute/async - {"script":"<script> [1562 bytes]","args":[{"selector":{"controlType":"sap.m.StandardListItem","viewName":"reusables.view.manageresources.NewResourceUnit","viewId":"application-manageresources-display-component---newResourceUnit","properties":{"title":"Piece"},"searchOpenDialogs":true,"interaction":{"idSuffix":"content"}},"wdio_ui5_key":"reusablesview.manageresources.NewResourceUnitsap.m.StandardListItem{\"title\":\"Piece\"}"}]}
COMMAND: GET /session/62c6c4e2516ebe3f1de2f3a3d288490f/screenshot - {}
RESULT: {"script":"<script> [1562 bytes]","args":[{"selector":{"controlType":"sap.m.StandardListItem","viewName":"reusables.view.manageresources.NewResourceUnit","viewId":"application-manageresources-display-component---newResourceUnit","properties":{"title":"Piece"},"searchOpenDialogs":true,"interaction":{"idSuffix":"content"}},"wdio_ui5_key":"reusablesview.manageresources.NewResourceUnitsap.m.StandardListItem{\"title\":\"Piece\"}"}]}
RESULT: undefined
COMMAND: POST /session/62c6c4e2516ebe3f1de2f3a3d288490f/element - {"using":"xpath","value":"//*[@id=\"__item184\"]"}
RESULT: {}
RESULT: {"using":"xpath","value":"//*[@id=\"__item184\"]"}
COMMAND: POST /session/62c6c4e2516ebe3f1de2f3a3d288490f/element/f.E4C2DC6123E2A493099A271DC72A1D12.d.1CFDD74806C1050EF5C72722F7F7A20D.e.6563/click - {}
RESULT: {}
COMMAND: POST /session/62c6c4e2516ebe3f1de2f3a3d288490f/execute/async - {"script":"<script> [1562 bytes]","args":[{"selector":{"id":"application-manageresources-display-component---newResourceUnit--WEIGHT_UNIT-arrow"},"wdio_ui5_key":"applicationmanageresources-display-component---newResourceUnit--WEIGHT_UNIT-arrow"}]}
COMMAND: GET /session/62c6c4e2516ebe3f1de2f3a3d288490f/screenshot - {}
RESULT: {"script":"<script> [1562 bytes]","args":[{"selector":{"id":"application-manageresources-display-component---newResourceUnit--WEIGHT_UNIT-arrow"},"wdio_ui5_key":"applicationmanageresources-display-component---newResourceUnit--WEIGHT_UNIT-arrow"}]}
RESULT: undefined
COMMAND: POST /session/62c6c4e2516ebe3f1de2f3a3d288490f/element - {"using":"xpath","value":"//*[@id=\"application-manageresources-display-component---newResourceUnit--WEIGHT_UNIT-arrow\"]"}
RESULT: {}
RESULT: {"using":"xpath","value":"//*[@id=\"application-manageresources-display-component---newResourceUnit--WEIGHT_UNIT-arrow\"]"}
COMMAND: POST /session/62c6c4e2516ebe3f1de2f3a3d288490f/element/f.E4C2DC6123E2A493099A271DC72A1D12.d.1CFDD74806C1050EF5C72722F7F7A20D.e.6564/click - {}
RESULT: {}
COMMAND: POST /session/62c6c4e2516ebe3f1de2f3a3d288490f/execute/async - {"script":"<script> [1562 bytes]","args":[{"selector":{"controlType":"sap.m.StandardListItem","viewName":"reusables.view.manageresources.NewResourceUnit","viewId":"application-manageresources-display-component---newResourceUnit","properties":{"title":"Gram"},"searchOpenDialogs":true,"interaction":{"idSuffix":"content"}},"wdio_ui5_key":"reusablesview.manageresources.NewResourceUnitsap.m.StandardListItem{\"title\":\"Gram\"}"}]}
COMMAND: GET /session/62c6c4e2516ebe3f1de2f3a3d288490f/screenshot - {}
RESULT: {"script":"<script> [1562 bytes]","args":[{"selector":{"controlType":"sap.m.StandardListItem","viewName":"reusables.view.manageresources.NewResourceUnit","viewId":"application-manageresources-display-component---newResourceUnit","properties":{"title":"Gram"},"searchOpenDialogs":true,"interaction":{"idSuffix":"content"}},"wdio_ui5_key":"reusablesview.manageresources.NewResourceUnitsap.m.StandardListItem{\"title\":\"Gram\"}"}]}
RESULT: undefined
COMMAND: POST /session/62c6c4e2516ebe3f1de2f3a3d288490f/element - {"using":"xpath","value":"//*[@id=\"__item249\"]"}
RESULT: {}
RESULT: {"using":"xpath","value":"//*[@id=\"__item249\"]"}
COMMAND: POST /session/62c6c4e2516ebe3f1de2f3a3d288490f/element/f.E4C2DC6123E2A493099A271DC72A1D12.d.1CFDD74806C1050EF5C72722F7F7A20D.e.6566/click - {}
RESULT: {}
COMMAND: GET /session/62c6c4e2516ebe3f1de2f3a3d288490f/screenshot - {}
RESULT: {}
COMMAND: POST /session/62c6c4e2516ebe3f1de2f3a3d288490f/execute/async - {"script":"<script> [1562 bytes]","args":[{"selector":{"id":"application-manageresources-display-component---newResourceUnit--newRRUPage-OPHeaderContent-collapseBtn-img"},"wdio_ui5_key":"applicationmanageresources-display-component---newResourceUnit--newRRUPage-OPHeaderContent-collapseBtn-img"}]}
RESULT: {"script":"<script> [1562 bytes]","args":[{"selector":{"id":"application-manageresources-display-component---newResourceUnit--newRRUPage-OPHeaderContent-collapseBtn-img"},"wdio_ui5_key":"applicationmanageresources-display-component---newResourceUnit--newRRUPage-OPHeaderContent-collapseBtn-img"}]}
RESULT: undefined
COMMAND: POST /session/62c6c4e2516ebe3f1de2f3a3d288490f/element - {"using":"xpath","value":"//*[@id=\"application-manageresources-display-component---newResourceUnit--newRRUPage-OPHeaderContent-collapseBtn-img\"]"}
RESULT: {"using":"xpath","value":"//*[@id=\"application-manageresources-display-component---newResourceUnit--newRRUPage-OPHeaderContent-collapseBtn-img\"]"}
COMMAND: POST /session/62c6c4e2516ebe3f1de2f3a3d288490f/element/f.E4C2DC6123E2A493099A271DC72A1D12.d.1CFDD74806C1050EF5C72722F7F7A20D.e.6513/click - {}
RESULT: {}
COMMAND: GET /session/62c6c4e2516ebe3f1de2f3a3d288490f/screenshot - {}
RESULT: {}
COMMAND: POST /session/62c6c4e2516ebe3f1de2f3a3d288490f/element - {"using":"xpath","value":"(//span[contains(@id ,\"application-manageresources-display-component---newResourceUnit--DIMENSION_UNIT-arrow\")])[1]"}
RESULT: {"using":"xpath","value":"(//span[contains(@id ,\"application-manageresources-display-component---newResourceUnit--DIMENSION_UNIT-arrow\")])[1]"}
COMMAND: POST /session/62c6c4e2516ebe3f1de2f3a3d288490f/element/f.E4C2DC6123E2A493099A271DC72A1D12.d.1CFDD74806C1050EF5C72722F7F7A20D.e.6570/click - {}
RESULT: {}
COMMAND: GET /session/62c6c4e2516ebe3f1de2f3a3d288490f/screenshot - {}
RESULT: {}
COMMAND: POST /session/62c6c4e2516ebe3f1de2f3a3d288490f/execute/async - {"script":"<script> [1562 bytes]","args":[{"selector":{"controlType":"sap.m.StandardListItem","viewName":"reusables.view.manageresources.NewResourceUnit","viewId":"application-manageresources-display-component---newResourceUnit","properties":{"title":"Centimeter"},"searchOpenDialogs":true,"interaction":{"idSuffix":"titleText"}},"wdio_ui5_key":"reusablesview.manageresources.NewResourceUnitsap.m.StandardListItem{\"title\":\"Centimeter\"}"}]}
RESULT: {"script":"<script> [1562 bytes]","args":[{"selector":{"controlType":"sap.m.StandardListItem","viewName":"reusables.view.manageresources.NewResourceUnit","viewId":"application-manageresources-display-component---newResourceUnit","properties":{"title":"Centimeter"},"searchOpenDialogs":true,"interaction":{"idSuffix":"titleText"}},"wdio_ui5_key":"reusablesview.manageresources.NewResourceUnitsap.m.StandardListItem{\"title\":\"Centimeter\"}"}]}
RESULT: undefined
COMMAND: POST /session/62c6c4e2516ebe3f1de2f3a3d288490f/element - {"using":"xpath","value":"//*[@id=\"__item252\"]"}
RESULT: {"using":"xpath","value":"//*[@id=\"__item252\"]"}
COMMAND: POST /session/62c6c4e2516ebe3f1de2f3a3d288490f/element/f.E4C2DC6123E2A493099A271DC72A1D12.d.1CFDD74806C1050EF5C72722F7F7A20D.e.6574/click - {}
RESULT: {}
COMMAND: GET /session/62c6c4e2516ebe3f1de2f3a3d288490f/screenshot - {}
RESULT: {}
COMMAND: POST /session/62c6c4e2516ebe3f1de2f3a3d288490f/execute/async - {"script":"<script> [1562 bytes]","args":[{"selector":{"id":"application-manageresources-display-component---newResourceUnit--newRRUPage-anchBar-application-manageresources-display-component---newResourceUnit--reference-anchor","interaction":{"idSuffix":"BDI-content"}},"wdio_ui5_key":"applicationmanageresources-display-component---newResourceUnit--newRRUPage-anchBar-application-manageresources-display-component---newResourceUnit--reference-anchor"}]}
RESULT: {"script":"<script> [1562 bytes]","args":[{"selector":{"id":"application-manageresources-display-component---newResourceUnit--newRRUPage-anchBar-application-manageresources-display-component---newResourceUnit--reference-anchor","interaction":{"idSuffix":"BDI-content"}},"wdio_ui5_key":"applicationmanageresources-display-component---newResourceUnit--newRRUPage-anchBar-application-manageresources-display-component---newResourceUnit--reference-anchor"}]}
RESULT: undefined
COMMAND: POST /session/62c6c4e2516ebe3f1de2f3a3d288490f/element - {"using":"xpath","value":"//*[@id=\"application-manageresources-display-component---newResourceUnit--newRRUPage-anchBar-application-manageresources-display-component---newResourceUnit--reference-anchor\"]"}
RESULT: {"using":"xpath","value":"//*[@id=\"application-manageresources-display-component---newResourceUnit--newRRUPage-anchBar-application-manageresources-display-component---newResourceUnit--reference-anchor\"]"}
COMMAND: POST /session/62c6c4e2516ebe3f1de2f3a3d288490f/element/f.E4C2DC6123E2A493099A271DC72A1D12.d.1CFDD74806C1050EF5C72722F7F7A20D.e.6576/click - {}
RESULT: {}
COMMAND: POST /session/62c6c4e2516ebe3f1de2f3a3d288490f/execute/async - {"script":"<script> [1562 bytes]","args":[{"selector":{"id":"application-manageresources-display-component---newResourceUnit--PLANNING_GROUP-arrow"},"wdio_ui5_key":"applicationmanageresources-display-component---newResourceUnit--PLANNING_GROUP-arrow"}]}
COMMAND: GET /session/62c6c4e2516ebe3f1de2f3a3d288490f/screenshot - {}
RESULT: {"script":"<script> [1562 bytes]","args":[{"selector":{"id":"application-manageresources-display-component---newResourceUnit--PLANNING_GROUP-arrow"},"wdio_ui5_key":"applicationmanageresources-display-component---newResourceUnit--PLANNING_GROUP-arrow"}]}
RESULT: undefined
COMMAND: POST /session/62c6c4e2516ebe3f1de2f3a3d288490f/element - {"using":"xpath","value":"//*[@id=\"application-manageresources-display-component---newResourceUnit--PLANNING_GROUP-arrow\"]"}
RESULT: {}
RESULT: {"using":"xpath","value":"//*[@id=\"application-manageresources-display-component---newResourceUnit--PLANNING_GROUP-arrow\"]"}
COMMAND: POST /session/62c6c4e2516ebe3f1de2f3a3d288490f/element/f.E4C2DC6123E2A493099A271DC72A1D12.d.1CFDD74806C1050EF5C72722F7F7A20D.e.6580/click - {}
RESULT: {}
COMMAND: POST /session/62c6c4e2516ebe3f1de2f3a3d288490f/execute/async - {"script":"<script> [1562 bytes]","args":[{"selector":{"controlType":"sap.m.StandardListItem","viewName":"reusables.view.manageresources.NewResourceUnit","viewId":"application-manageresources-display-component---newResourceUnit","properties":{"title":"Heavy Equi"},"searchOpenDialogs":true,"interaction":{"idSuffix":"content"}},"wdio_ui5_key":"reusablesview.manageresources.NewResourceUnitsap.m.StandardListItem{\"title\":\"Heavy Equi\"}"}]}
COMMAND: GET /session/62c6c4e2516ebe3f1de2f3a3d288490f/screenshot - {}
RESULT: {"script":"<script> [1562 bytes]","args":[{"selector":{"controlType":"sap.m.StandardListItem","viewName":"reusables.view.manageresources.NewResourceUnit","viewId":"application-manageresources-display-component---newResourceUnit","properties":{"title":"Heavy Equi"},"searchOpenDialogs":true,"interaction":{"idSuffix":"content"}},"wdio_ui5_key":"reusablesview.manageresources.NewResourceUnitsap.m.StandardListItem{\"title\":\"Heavy Equi\"}"}]}
RESULT: undefined
COMMAND: POST /session/62c6c4e2516ebe3f1de2f3a3d288490f/element - {"using":"xpath","value":"//*[@id=\"__item260\"]"}
RESULT: {}
RESULT: {"using":"xpath","value":"//*[@id=\"__item260\"]"}
COMMAND: POST /session/62c6c4e2516ebe3f1de2f3a3d288490f/element/f.E4C2DC6123E2A493099A271DC72A1D12.d.1CFDD74806C1050EF5C72722F7F7A20D.e.6582/click - {}
RESULT: {}
COMMAND: GET /session/62c6c4e2516ebe3f1de2f3a3d288490f/screenshot - {}
RESULT: {}
COMMAND: POST /session/62c6c4e2516ebe3f1de2f3a3d288490f/execute/async - {"script":"<script> [1562 bytes]","args":[{"selector":{"id":"application-manageresources-display-component---newResourceUnit--PLANNING_INDICATOR-arrow"},"wdio_ui5_key":"applicationmanageresources-display-component---newResourceUnit--PLANNING_INDICATOR-arrow"}]}
RESULT: {"script":"<script> [1562 bytes]","args":[{"selector":{"id":"application-manageresources-display-component---newResourceUnit--PLANNING_INDICATOR-arrow"},"wdio_ui5_key":"applicationmanageresources-display-component---newResourceUnit--PLANNING_INDICATOR-arrow"}]}
RESULT: undefined
COMMAND: POST /session/62c6c4e2516ebe3f1de2f3a3d288490f/element - {"using":"xpath","value":"//*[@id=\"application-manageresources-display-component---newResourceUnit--PLANNING_INDICATOR-arrow\"]"}
RESULT: {"using":"xpath","value":"//*[@id=\"application-manageresources-display-component---newResourceUnit--PLANNING_INDICATOR-arrow\"]"}
COMMAND: POST /session/62c6c4e2516ebe3f1de2f3a3d288490f/element/f.E4C2DC6123E2A493099A271DC72A1D12.d.1CFDD74806C1050EF5C72722F7F7A20D.e.6583/click - {}
RESULT: {}
COMMAND: POST /session/62c6c4e2516ebe3f1de2f3a3d288490f/execute/async - {"script":"<script> [1562 bytes]","args":[{"selector":{"controlType":"sap.m.StandardListItem","viewName":"reusables.view.manageresources.NewResourceUnit","viewId":"application-manageresources-display-component---newResourceUnit","properties":{"title":"10 - infinite"},"searchOpenDialogs":true,"interaction":{"idSuffix":"content"}},"wdio_ui5_key":"reusablesview.manageresources.NewResourceUnitsap.m.StandardListItem{\"title\":\"10 - infinite\"}"}]}
COMMAND: GET /session/62c6c4e2516ebe3f1de2f3a3d288490f/screenshot - {}
RESULT: {"script":"<script> [1562 bytes]","args":[{"selector":{"controlType":"sap.m.StandardListItem","viewName":"reusables.view.manageresources.NewResourceUnit","viewId":"application-manageresources-display-component---newResourceUnit","properties":{"title":"10 - infinite"},"searchOpenDialogs":true,"interaction":{"idSuffix":"content"}},"wdio_ui5_key":"reusablesview.manageresources.NewResourceUnitsap.m.StandardListItem{\"title\":\"10 - infinite\"}"}]}
RESULT: undefined
COMMAND: POST /session/62c6c4e2516ebe3f1de2f3a3d288490f/element - {"using":"xpath","value":"//*[@id=\"__item270\"]"}
RESULT: {}
RESULT: {"using":"xpath","value":"//*[@id=\"__item270\"]"}
COMMAND: POST /session/62c6c4e2516ebe3f1de2f3a3d288490f/element/f.E4C2DC6123E2A493099A271DC72A1D12.d.1CFDD74806C1050EF5C72722F7F7A20D.e.6585/click - {}
RESULT: {}
COMMAND: GET /session/62c6c4e2516ebe3f1de2f3a3d288490f/screenshot - {}
RESULT: {}
COMMAND: POST /session/62c6c4e2516ebe3f1de2f3a3d288490f/element - {"using":"xpath","value":"//bdi[contains(text(), \"Time Segment\")]"}
RESULT: {"using":"xpath","value":"//bdi[contains(text(), \"Time Segment\")]"}
COMMAND: GET /session/62c6c4e2516ebe3f1de2f3a3d288490f/element/f.E4C2DC6123E2A493099A271DC72A1D12.d.1CFDD74806C1050EF5C72722F7F7A20D.e.6586/rect - {}
RESULT: {}
COMMAND: GET /session/62c6c4e2516ebe3f1de2f3a3d288490f/window/rect - {}
RESULT: {}
COMMAND: POST /session/62c6c4e2516ebe3f1de2f3a3d288490f/execute/sync - {"script":"<script> [92 bytes]","args":[]}
RESULT: {"script":"<script> [92 bytes]","args":[]}
COMMAND: POST /session/62c6c4e2516ebe3f1de2f3a3d288490f/actions - {"actions":[{"id":"action19","type":"wheel","parameters":{},"actions":[{"type":"scroll","x":-1804,"y":-21,"deltaX":0,"deltaY":0,"duration":0,"origin":{"element-6066-11e4-a52e-4f735466cecf":"f.E4C2DC6123E2A493099A271DC72A1D12.d.1CFDD74806C1050EF5C72722F7F7A20D.e.6586"}}]}]}
COMMAND: GET /session/62c6c4e2516ebe3f1de2f3a3d288490f/screenshot - {}
RESULT: {}
COMMAND: POST /session/62c6c4e2516ebe3f1de2f3a3d288490f/execute/sync - {"script":"<script> [79 bytes]","args":[{"element-6066-11e4-a52e-4f735466cecf":"f.E4C2DC6123E2A493099A271DC72A1D12.d.1CFDD74806C1050EF5C72722F7F7A20D.e.6586","ELEMENT":"f.E4C2DC6123E2A493099A271DC72A1D12.d.1CFDD74806C1050EF5C72722F7F7A20D.e.6586"},{"block":"start","inline":"nearest"}]}
RESULT: {"script":"<script> [79 bytes]","args":[{"element-6066-11e4-a52e-4f735466cecf":"f.E4C2DC6123E2A493099A271DC72A1D12.d.1CFDD74806C1050EF5C72722F7F7A20D.e.6586","ELEMENT":"f.E4C2DC6123E2A493099A271DC72A1D12.d.1CFDD74806C1050EF5C72722F7F7A20D.e.6586"},{"block":"start","inline":"nearest"}]}
COMMAND: GET /session/62c6c4e2516ebe3f1de2f3a3d288490f/screenshot - {}
RESULT: {}
COMMAND: POST /session/62c6c4e2516ebe3f1de2f3a3d288490f/element - {"using":"xpath","value":"//span[@id=\"application-manageresources-display-component---newResourceUnit--btnAddTimeSegment-img\"]"}
RESULT: {"using":"xpath","value":"//span[@id=\"application-manageresources-display-component---newResourceUnit--btnAddTimeSegment-img\"]"}
COMMAND: POST /session/62c6c4e2516ebe3f1de2f3a3d288490f/execute/sync - {"script":"<script> [8489 bytes]","args":[{"element-6066-11e4-a52e-4f735466cecf":"f.E4C2DC6123E2A493099A271DC72A1D12.d.1CFDD74806C1050EF5C72722F7F7A20D.e.6589","ELEMENT":"f.E4C2DC6123E2A493099A271DC72A1D12.d.1CFDD74806C1050EF5C72722F7F7A20D.e.6589"}]}
RESULT: {"script":"<script> [8489 bytes]","args":[{"element-6066-11e4-a52e-4f735466cecf":"f.E4C2DC6123E2A493099A271DC72A1D12.d.1CFDD74806C1050EF5C72722F7F7A20D.e.6589","ELEMENT":"f.E4C2DC6123E2A493099A271DC72A1D12.d.1CFDD74806C1050EF5C72722F7F7A20D.e.6589"}]}
COMMAND: POST /session/62c6c4e2516ebe3f1de2f3a3d288490f/element/f.E4C2DC6123E2A493099A271DC72A1D12.d.1CFDD74806C1050EF5C72722F7F7A20D.e.6589/click - {}
COMMAND: GET /session/62c6c4e2516ebe3f1de2f3a3d288490f/screenshot - {}
RESULT: {}
COMMAND: GET /session/62c6c4e2516ebe3f1de2f3a3d288490f/screenshot - {}
COMMAND: POST /session/62c6c4e2516ebe3f1de2f3a3d288490f/element - {"using":"xpath","value":"//input[@id=\"application-manageresources-display-component---newResourceUnit--idRuTSAdmin-application-manageresources-display-component---newResourceUnit--RUTimeSegment-0-inner\"]"}
RESULT: {}
RESULT: {}
RESULT: {"using":"xpath","value":"//input[@id=\"application-manageresources-display-component---newResourceUnit--idRuTSAdmin-application-manageresources-display-component---newResourceUnit--RUTimeSegment-0-inner\"]"}
COMMAND: POST /session/62c6c4e2516ebe3f1de2f3a3d288490f/element/f.E4C2DC6123E2A493099A271DC72A1D12.d.1CFDD74806C1050EF5C72722F7F7A20D.e.6592/clear - {}
RESULT: {}
COMMAND: POST /session/62c6c4e2516ebe3f1de2f3a3d288490f/element/f.E4C2DC6123E2A493099A271DC72A1D12.d.1CFDD74806C1050EF5C72722F7F7A20D.e.6592/value - {"text":"432"}
COMMAND: GET /session/62c6c4e2516ebe3f1de2f3a3d288490f/screenshot - {}
RESULT: {"text":"432"}
COMMAND: GET /session/62c6c4e2516ebe3f1de2f3a3d288490f/screenshot - {}
RESULT: {}
RESULT: {}
COMMAND: POST /session/62c6c4e2516ebe3f1de2f3a3d288490f/actions - {"actions":[{"id":"action20","type":"key","parameters":{},"actions":[{"type":"keyDown","value":"î€‡"},{"type":"pause","duration":10},{"type":"keyUp","value":"î€‡"}]}]}
RESULT: {"actions":[{"id":"action20","type":"key","parameters":{},"actions":[{"type":"keyDown","value":"î€‡"},{"type":"pause","duration":10},{"type":"keyUp","value":"î€‡"}]}]}
COMMAND: POST /session/62c6c4e2516ebe3f1de2f3a3d288490f/execute/async - {"script":"<script> [1562 bytes]","args":[{"selector":{"controlType":"sap.m.Button","viewName":"reusables.view.manageresources.NewResourceUnit","viewId":"application-manageresources-display-component---newResourceUnit","i18NText":{"propertyName":"tooltip","key":"save"},"interaction":{"idSuffix":"BDI-content"}},"wdio_ui5_key":"reusablesview.manageresources.NewResourceUnitsap.m.Button{\"propertyName\":\"tooltip\",\"key\":\"save\"}"}]}
COMMAND: GET /session/62c6c4e2516ebe3f1de2f3a3d288490f/screenshot - {}
RESULT: {"script":"<script> [1562 bytes]","args":[{"selector":{"controlType":"sap.m.Button","viewName":"reusables.view.manageresources.NewResourceUnit","viewId":"application-manageresources-display-component---newResourceUnit","i18NText":{"propertyName":"tooltip","key":"save"},"interaction":{"idSuffix":"BDI-content"}},"wdio_ui5_key":"reusablesview.manageresources.NewResourceUnitsap.m.Button{\"propertyName\":\"tooltip\",\"key\":\"save\"}"}]}
RESULT: undefined
COMMAND: POST /session/62c6c4e2516ebe3f1de2f3a3d288490f/element - {"using":"xpath","value":"//*[@id=\"application-manageresources-display-component---newResourceUnit--createRuButton\"]"}
RESULT: {}
RESULT: {"using":"xpath","value":"//*[@id=\"application-manageresources-display-component---newResourceUnit--createRuButton\"]"}
COMMAND: POST /session/62c6c4e2516ebe3f1de2f3a3d288490f/element/f.E4C2DC6123E2A493099A271DC72A1D12.d.1CFDD74806C1050EF5C72722F7F7A20D.e.6519/click - {}
RESULT: {}
COMMAND: GET /session/62c6c4e2516ebe3f1de2f3a3d288490f/screenshot - {}
RESULT: {}
COMMAND: POST /session/62c6c4e2516ebe3f1de2f3a3d288490f/execute/async - {"script":"<script> [1562 bytes]","args":[{"selector":{"controlType":"sap.m.Title","properties":{"text":"Success"},"searchOpenDialogs":true},"wdio_ui5_key":"sapm.Title{\"text\":\"Success\"}"}]}
RESULT: {"script":"<script> [1562 bytes]","args":[{"selector":{"controlType":"sap.m.Title","properties":{"text":"Success"},"searchOpenDialogs":true},"wdio_ui5_key":"sapm.Title{\"text\":\"Success\"}"}]}
RESULT: undefined
COMMAND: POST /session/62c6c4e2516ebe3f1de2f3a3d288490f/execute/async - {"script":"<script> [6424 bytes]","args":[{"element-6066-11e4-a52e-4f735466cecf":"f.E4C2DC6123E2A493099A271DC72A1D12.d.1CFDD74806C1050EF5C72722F7F7A20D.e.6606"},"getText",[]]}
RESULT: {"script":"<script> [6424 bytes]","args":[{"element-6066-11e4-a52e-4f735466cecf":"f.E4C2DC6123E2A493099A271DC72A1D12.d.1CFDD74806C1050EF5C72722F7F7A20D.e.6606"},"getText",[]]}
COMMAND: POST /session/62c6c4e2516ebe3f1de2f3a3d288490f/element - {"using":"xpath","value":"//*[contains(@id, '__text') and (contains(text(), 'successfully created') or contains(., 'successfully created'))]"}
RESULT: {"using":"xpath","value":"//*[contains(@id, '__text') and (contains(text(), 'successfully created') or contains(., 'successfully created'))]"}
COMMAND: GET /session/62c6c4e2516ebe3f1de2f3a3d288490f/element/f.E4C2DC6123E2A493099A271DC72A1D12.d.1CFDD74806C1050EF5C72722F7F7A20D.e.6605/text - {}
RESULT: {}
COMMAND: POST /session/62c6c4e2516ebe3f1de2f3a3d288490f/execute/async - {"script":"<script> [1562 bytes]","args":[{"selector":{"controlType":"sap.m.Button","properties":{"text":"Close"},"searchOpenDialogs":true,"interaction":{"idSuffix":"BDI-content"}},"wdio_ui5_key":"sapm.Button{\"text\":\"Close\"}"}]}
RESULT: {"script":"<script> [1562 bytes]","args":[{"selector":{"controlType":"sap.m.Button","properties":{"text":"Close"},"searchOpenDialogs":true,"interaction":{"idSuffix":"BDI-content"}},"wdio_ui5_key":"sapm.Button{\"text\":\"Close\"}"}]}
RESULT: undefined
COMMAND: POST /session/62c6c4e2516ebe3f1de2f3a3d288490f/element - {"using":"xpath","value":"//*[@id=\"__mbox-btn-0\"]"}
RESULT: {"using":"xpath","value":"//*[@id=\"__mbox-btn-0\"]"}
COMMAND: POST /session/62c6c4e2516ebe3f1de2f3a3d288490f/element/f.E4C2DC6123E2A493099A271DC72A1D12.d.1CFDD74806C1050EF5C72722F7F7A20D.e.6602/click - {}
RESULT: {}
COMMAND: GET /session/62c6c4e2516ebe3f1de2f3a3d288490f/screenshot - {}
RESULT: {}
COMMAND: POST /session/62c6c4e2516ebe3f1de2f3a3d288490f/execute/async - {"script":"<script> [1562 bytes]","args":[{"selector":{"controlType":"sap.ui.core.Icon","viewName":"etm.portal.ui.manageresources.view.Detail","viewId":"application-manageresources-display-component---detailRU","properties":{"src":{"regex":{"source":"overflow"}}}},"wdio_ui5_key":"etmportal.ui.manageresources.view.Detailsap.ui.core.Icon{\"src\":{\"regex\":{\"source\":\"overflow\"}}}"}]}
RESULT: {"script":"<script> [1562 bytes]","args":[{"selector":{"controlType":"sap.ui.core.Icon","viewName":"etm.portal.ui.manageresources.view.Detail","viewId":"application-manageresources-display-component---detailRU","properties":{"src":{"regex":{"source":"overflow"}}}},"wdio_ui5_key":"etmportal.ui.manageresources.view.Detailsap.ui.core.Icon{\"src\":{\"regex\":{\"source\":\"overflow\"}}}"}]}
RESULT: undefined
COMMAND: POST /session/62c6c4e2516ebe3f1de2f3a3d288490f/element - {"using":"xpath","value":"//*[@id=\"__title14-_actionsToolbar-overflowButton-img\"]"}
RESULT: {"using":"xpath","value":"//*[@id=\"__title14-_actionsToolbar-overflowButton-img\"]"}
COMMAND: POST /session/62c6c4e2516ebe3f1de2f3a3d288490f/element/f.E4C2DC6123E2A493099A271DC72A1D12.d.1CFDD74806C1050EF5C72722F7F7A20D.e.6641/click - {}
RESULT: {}
COMMAND: POST /session/62c6c4e2516ebe3f1de2f3a3d288490f/execute/async - {"script":"<script> [1562 bytes]","args":[{"selector":{"controlType":"sap.m.Button","viewName":"etm.portal.ui.manageresources.view.Detail","viewId":"application-manageresources-display-component---detailRU","i18NText":{"propertyName":"tooltip","key":"closeColumn"},"searchOpenDialogs":true,"interaction":{"idSuffix":"inner"}},"wdio_ui5_key":"etmportal.ui.manageresources.view.Detailsap.m.Button{\"propertyName\":\"tooltip\",\"key\":\"closeColumn\"}"}]}
COMMAND: GET /session/62c6c4e2516ebe3f1de2f3a3d288490f/screenshot - {}
RESULT: {"script":"<script> [1562 bytes]","args":[{"selector":{"controlType":"sap.m.Button","viewName":"etm.portal.ui.manageresources.view.Detail","viewId":"application-manageresources-display-component---detailRU","i18NText":{"propertyName":"tooltip","key":"closeColumn"},"searchOpenDialogs":true,"interaction":{"idSuffix":"inner"}},"wdio_ui5_key":"etmportal.ui.manageresources.view.Detailsap.m.Button{\"propertyName\":\"tooltip\",\"key\":\"closeColumn\"}"}]}
RESULT: undefined
COMMAND: POST /session/62c6c4e2516ebe3f1de2f3a3d288490f/element - {"using":"xpath","value":"//*[@id=\"__button39\"]"}
RESULT: {}
RESULT: {"using":"xpath","value":"//*[@id=\"__button39\"]"}
COMMAND: POST /session/62c6c4e2516ebe3f1de2f3a3d288490f/element/f.E4C2DC6123E2A493099A271DC72A1D12.d.1CFDD74806C1050EF5C72722F7F7A20D.e.6643/click - {}
RESULT: {}
COMMAND: GET /session/62c6c4e2516ebe3f1de2f3a3d288490f/screenshot - {}
COMMAND: POST /session/62c6c4e2516ebe3f1de2f3a3d288490f/element - {"using":"css selector","value":"#j_username"}
COMMAND: POST /session/62c6c4e2516ebe3f1de2f3a3d288490f/url - {"url":"https://qa-testing-00-live-etm-ui.cfapps.eu10-004.hana.ondemand.com/"}
RESULT: {}
RESULT: {"using":"css selector","value":"#j_username"}
COMMAND: POST /session/62c6c4e2516ebe3f1de2f3a3d288490f/element - {"using":"css selector","value":"#j_username"}
RESULT: {"url":"https://qa-testing-00-live-etm-ui.cfapps.eu10-004.hana.ondemand.com/"}
RESULT: undefined
COMMAND: GET /session/62c6c4e2516ebe3f1de2f3a3d288490f/screenshot - {}
RESULT: {"using":"css selector","value":"#j_username"}
COMMAND: POST /session/62c6c4e2516ebe3f1de2f3a3d288490f/element - {"using":"css selector","value":"#shell-header-logo"}
RESULT: {}
RESULT: {"using":"css selector","value":"#shell-header-logo"}
COMMAND: POST /session/62c6c4e2516ebe3f1de2f3a3d288490f/execute/sync - {"script":"<script> [8489 bytes]","args":[{"element-6066-11e4-a52e-4f735466cecf":"f.E4C2DC6123E2A493099A271DC72A1D12.d.7770DDAE49FE674DA7709BDABF18817C.e.6763","ELEMENT":"f.E4C2DC6123E2A493099A271DC72A1D12.d.7770DDAE49FE674DA7709BDABF18817C.e.6763"}]}
RESULT: {"script":"<script> [8489 bytes]","args":[{"element-6066-11e4-a52e-4f735466cecf":"f.E4C2DC6123E2A493099A271DC72A1D12.d.7770DDAE49FE674DA7709BDABF18817C.e.6763","ELEMENT":"f.E4C2DC6123E2A493099A271DC72A1D12.d.7770DDAE49FE674DA7709BDABF18817C.e.6763"}]}
COMMAND: POST /session/62c6c4e2516ebe3f1de2f3a3d288490f/element - {"using":"css selector","value":"#shell-header-logo"}
COMMAND: GET /session/62c6c4e2516ebe3f1de2f3a3d288490f/screenshot - {}
RESULT: {"using":"css selector","value":"#shell-header-logo"}
COMMAND: POST /session/62c6c4e2516ebe3f1de2f3a3d288490f/execute/sync - {"script":"<script> [8489 bytes]","args":[{"element-6066-11e4-a52e-4f735466cecf":"f.E4C2DC6123E2A493099A271DC72A1D12.d.7770DDAE49FE674DA7709BDABF18817C.e.6763","ELEMENT":"f.E4C2DC6123E2A493099A271DC72A1D12.d.7770DDAE49FE674DA7709BDABF18817C.e.6763"}]}
RESULT: {}
RESULT: {"script":"<script> [8489 bytes]","args":[{"element-6066-11e4-a52e-4f735466cecf":"f.E4C2DC6123E2A493099A271DC72A1D12.d.7770DDAE49FE674DA7709BDABF18817C.e.6763","ELEMENT":"f.E4C2DC6123E2A493099A271DC72A1D12.d.7770DDAE49FE674DA7709BDABF18817C.e.6763"}]}
COMMAND: POST /session/62c6c4e2516ebe3f1de2f3a3d288490f/execute/sync - {"script":"<script> [5351 bytes]","args":[{"element-6066-11e4-a52e-4f735466cecf":"f.E4C2DC6123E2A493099A271DC72A1D12.d.7770DDAE49FE674DA7709BDABF18817C.e.6763","ELEMENT":"f.E4C2DC6123E2A493099A271DC72A1D12.d.7770DDAE49FE674DA7709BDABF18817C.e.6763"}]}
COMMAND: GET /session/62c6c4e2516ebe3f1de2f3a3d288490f/screenshot - {}
RESULT: {"script":"<script> [5351 bytes]","args":[{"element-6066-11e4-a52e-4f735466cecf":"f.E4C2DC6123E2A493099A271DC72A1D12.d.7770DDAE49FE674DA7709BDABF18817C.e.6763","ELEMENT":"f.E4C2DC6123E2A493099A271DC72A1D12.d.7770DDAE49FE674DA7709BDABF18817C.e.6763"}]}
COMMAND: POST /session/62c6c4e2516ebe3f1de2f3a3d288490f/element - {"using":"css selector","value":"#shell-header-logo"}
COMMAND: GET /session/62c6c4e2516ebe3f1de2f3a3d288490f/screenshot - {}
RESULT: {}
RESULT: {"using":"css selector","value":"#shell-header-logo"}
COMMAND: POST /session/62c6c4e2516ebe3f1de2f3a3d288490f/element/f.E4C2DC6123E2A493099A271DC72A1D12.d.7770DDAE49FE674DA7709BDABF18817C.e.6763/click - {}
RESULT: {}
RESULT: {}
COMMAND: GET /session/62c6c4e2516ebe3f1de2f3a3d288490f/screenshot - {}
RESULT: {}
COMMAND: POST /session/62c6c4e2516ebe3f1de2f3a3d288490f/execute/async - {"script":"<script> [189 bytes]","args":[]}
RESULT: {"script":"<script> [189 bytes]","args":[]}
COMMAND: POST /session/62c6c4e2516ebe3f1de2f3a3d288490f/execute/async - {"script":"<script> [123 bytes]","args":[]}
RESULT: {"script":"<script> [123 bytes]","args":[]}
COMMAND: POST /session/62c6c4e2516ebe3f1de2f3a3d288490f/timeouts - {"script":"<number>"}
RESULT: {"script":"<number>"}
COMMAND: GET /session/62c6c4e2516ebe3f1de2f3a3d288490f/timeouts - {}
RESULT: {}
RESULT: undefined
COMMAND: POST /session/62c6c4e2516ebe3f1de2f3a3d288490f/execute/async - {"script":"<script> [2676 bytes]","args":[]}
RESULT: {"script":"<script> [2676 bytes]","args":[]}
COMMAND: POST /session/62c6c4e2516ebe3f1de2f3a3d288490f/execute/async - {"script":"<script> [2342 bytes]","args":[{"protocol":"http","hostname":"0.0.0.0","path":"/","capabilities":{"browserName":"chrome","goog:chromeOptions":{"binary":"C:\\Program Files\\Google\\Chrome\\Application\\chrome.exe","args":["--start-maximized"]}},"logLevel":"warn","connectionRetryTimeout":120000,"connectionRetryCount":3,"logLevels":{},"enableDirectConnect":true,"strictSSL":true,"_":"65 more keys: [\"cacheDir\",\"port\",\"requestedCapabilities\",\"automationProtocol\",\"baseUrl\",\"waitforInterval\",\"waitforTimeout\",\"onReload\",\"beforeCommand\",\"afterCommand\",\"rootDir\",\"specs\",\"suites\",\"exclude\",\"groupLogsByTestSpec\",\"excludeDriverLogs\",\"bail\",\"framework\",\"reporters\",\"services\",\"maxInstances\",\"maxInstancesPerCapability\",\"injectGlobals\",\"filesToWatch\",\"execArgv\",\"runnerEnv\",\"runner\",\"shard\",\"specFileRetries\",\"specFileRetriesDelay\",\"specFileRetriesDeferred\",\"reporterSyncInterval\",\"reporterSyncTimeout\",\"cucumberFeaturesWithLineNumbers\",\"autoCompileOpts\",\"mochaOpts\",\"jasmineOpts\",\"cucumberOpts\",\"onPrepare\",\"onWorkerStart\",\"onWorkerEnd\",\"before\",\"beforeSession\",\"beforeSuite\",\"beforeHook\",\"beforeTest\",\"afterTest\",\"afterHook\",\"afterSuite\",\"afterSession\",\"after\",\"onComplete\",\"beforeAssertion\",\"afterAssertion\",\"beforeFeature\",\"beforeScenario\",\"beforeStep\",\"afterStep\",\"afterScenario\",\"afterFeature\",\"_\",\"suite\",\"$0\",\"ignoredWorkerServices\",\"wdi5\"]"}]}
RESULT: {"script":"<script> [2342 bytes]","args":[{"protocol":"http","hostname":"0.0.0.0","path":"/","capabilities":{"browserName":"chrome","goog:chromeOptions":{"binary":"C:\\Program Files\\Google\\Chrome\\Application\\chrome.exe","args":["--start-maximized"]}},"logLevel":"warn","connectionRetryTimeout":120000,"connectionRetryCount":3,"logLevels":{},"enableDirectConnect":true,"strictSSL":true,"_":"65 more keys: [\"cacheDir\",\"port\",\"requestedCapabilities\",\"automationProtocol\",\"baseUrl\",\"waitforInterval\",\"waitforTimeout\",\"onReload\",\"beforeCommand\",\"afterCommand\",\"rootDir\",\"specs\",\"suites\",\"exclude\",\"groupLogsByTestSpec\",\"excludeDriverLogs\",\"bail\",\"framework\",\"reporters\",\"services\",\"maxInstances\",\"maxInstancesPerCapability\",\"injectGlobals\",\"filesToWatch\",\"execArgv\",\"runnerEnv\",\"runner\",\"shard\",\"specFileRetries\",\"specFileRetriesDelay\",\"specFileRetriesDeferred\",\"reporterSyncInterval\",\"reporterSyncTimeout\",\"cucumberFeaturesWithLineNumbers\",\"autoCompileOpts\",\"mochaOpts\",\"jasmineOpts\",\"cucumberOpts\",\"onPrepare\",\"onWorkerStart\",\"onWorkerEnd\",\"before\",\"beforeSession\",\"beforeSuite\",\"beforeHook\",\"beforeTest\",\"afterTest\",\"afterHook\",\"afterSuite\",\"afterSession\",\"after\",\"onComplete\",\"beforeAssertion\",\"afterAssertion\",\"beforeFeature\",\"beforeScenario\",\"beforeStep\",\"afterStep\",\"afterScenario\",\"afterFeature\",\"_\",\"suite\",\"$0\",\"ignoredWorkerServices\",\"wdi5\"]"}]}
COMMAND: POST /session/62c6c4e2516ebe3f1de2f3a3d288490f/execute/async - {"script":"<script> [21126 bytes]","args":[35000]}
RESULT: {"script":"<script> [21126 bytes]","args":[35000]}
COMMAND: POST /session/62c6c4e2516ebe3f1de2f3a3d288490f/window/maximize - {}
RESULT: {}
COMMAND: POST /session/62c6c4e2516ebe3f1de2f3a3d288490f/execute/async - {"script":"<script> [1562 bytes]","args":[{"selector":{"id":"shell-header","interaction":{"idSuffix":"icon"}},"wdio_ui5_key":"shellheader"}]}
COMMAND: GET /session/62c6c4e2516ebe3f1de2f3a3d288490f/screenshot - {}
RESULT: {"script":"<script> [1562 bytes]","args":[{"selector":{"id":"shell-header","interaction":{"idSuffix":"icon"}},"wdio_ui5_key":"shellheader"}]}
RESULT: undefined
]]></system-out>
    </testcase>
  </testsuite>
  <testsuite timestamp="2025-05-16T06:02:18" time="278.963" tests="1" failures="0" errors="0" skipped="0">
    <properties>
      <property name="specId" value="0" />
      <property name="suiteName" value="create-equipment" />
      <property name="capabilities" value="chrome.136_0_7103_93.windows" />
      <property name="file" value="file:///D:/a/1/s/test/specs/R2C/create-equipment.spec.js" />
    </properties>
    <testcase classname="chrome.136_0_7103_93.windows.create-equipment" name="create equipment" time="263.169">
      <system-out><![CDATA[
COMMAND: POST /session/62c6c4e2516ebe3f1de2f3a3d288490f/execute/async - {"script":"<script> [1562 bytes]","args":[{"selector":{"controlType":"sap.m.GenericTile","properties":{"header":"Manage Resources"}},"wdio_ui5_key":"sapm.GenericTile{\"header\":\"Manage Resources\"}"}]}
RESULT: {}
RESULT: {"script":"<script> [1562 bytes]","args":[{"selector":{"controlType":"sap.m.GenericTile","properties":{"header":"Manage Resources"}},"wdio_ui5_key":"sapm.GenericTile{\"header\":\"Manage Resources\"}"}]}
RESULT: undefined
COMMAND: POST /session/62c6c4e2516ebe3f1de2f3a3d288490f/element - {"using":"xpath","value":"//*[@id=\"__tile31\"]"}
RESULT: {"using":"xpath","value":"//*[@id=\"__tile31\"]"}
COMMAND: POST /session/62c6c4e2516ebe3f1de2f3a3d288490f/element/f.E4C2DC6123E2A493099A271DC72A1D12.d.7770DDAE49FE674DA7709BDABF18817C.e.6788/click - {}
RESULT: {}
COMMAND: GET /session/62c6c4e2516ebe3f1de2f3a3d288490f/screenshot - {}
RESULT: {}
COMMAND: POST /session/62c6c4e2516ebe3f1de2f3a3d288490f/elements - {"using":"xpath","value":"//span[text()='Error']"}
RESULT: {"using":"xpath","value":"//span[text()='Error']"}
COMMAND: POST /session/62c6c4e2516ebe3f1de2f3a3d288490f/element - {"using":"xpath","value":"//button[@data-kt=\"addNewRUOverflowToolbarButton\"]"}
RESULT: {"using":"xpath","value":"//button[@data-kt=\"addNewRUOverflowToolbarButton\"]"}
COMMAND: POST /session/62c6c4e2516ebe3f1de2f3a3d288490f/execute/sync - {"script":"<script> [8489 bytes]","args":[{"element-6066-11e4-a52e-4f735466cecf":"f.E4C2DC6123E2A493099A271DC72A1D12.d.7770DDAE49FE674DA7709BDABF18817C.e.6924","ELEMENT":"f.E4C2DC6123E2A493099A271DC72A1D12.d.7770DDAE49FE674DA7709BDABF18817C.e.6924"}]}
RESULT: {"script":"<script> [8489 bytes]","args":[{"element-6066-11e4-a52e-4f735466cecf":"f.E4C2DC6123E2A493099A271DC72A1D12.d.7770DDAE49FE674DA7709BDABF18817C.e.6924","ELEMENT":"f.E4C2DC6123E2A493099A271DC72A1D12.d.7770DDAE49FE674DA7709BDABF18817C.e.6924"}]}
COMMAND: POST /session/62c6c4e2516ebe3f1de2f3a3d288490f/element/f.E4C2DC6123E2A493099A271DC72A1D12.d.7770DDAE49FE674DA7709BDABF18817C.e.6924/click - {}
COMMAND: GET /session/62c6c4e2516ebe3f1de2f3a3d288490f/screenshot - {}
RESULT: {}
COMMAND: GET /session/62c6c4e2516ebe3f1de2f3a3d288490f/screenshot - {}
RESULT: {}
RESULT: {}
COMMAND: POST /session/62c6c4e2516ebe3f1de2f3a3d288490f/execute/async - {"script":"<script> [1562 bytes]","args":[{"selector":{"controlType":"sap.m.ComboBox","viewName":"reusables.view.manageresources.NewResourceUnit","viewId":"application-manageresources-display-component---newResourceUnit","bindingPath":{"path":"","propertyPath":"/RuTypes","modelName":"catalogModel"},"searchOpenDialogs":true},"wdio_ui5_key":"reusablesview.manageresources.NewResourceUnitsap.m.ComboBox{\"path\":\"\",\"propertyPath\":\"/RuTypes\",\"modelName\":\"catalogModel\"}"}]}
RESULT: {"script":"<script> [1562 bytes]","args":[{"selector":{"controlType":"sap.m.ComboBox","viewName":"reusables.view.manageresources.NewResourceUnit","viewId":"application-manageresources-display-component---newResourceUnit","bindingPath":{"path":"","propertyPath":"/RuTypes","modelName":"catalogModel"},"searchOpenDialogs":true},"wdio_ui5_key":"reusablesview.manageresources.NewResourceUnitsap.m.ComboBox{\"path\":\"\",\"propertyPath\":\"/RuTypes\",\"modelName\":\"catalogModel\"}"}]}
RESULT: undefined
COMMAND: POST /session/62c6c4e2516ebe3f1de2f3a3d288490f/execute/async - {"script":"<script> [1562 bytes]","args":[{"selector":{"controlType":"sap.m.ComboBox","viewName":"reusables.view.manageresources.NewResourceUnit","viewId":"application-manageresources-display-component---newResourceUnit","bindingPath":{"path":"","propertyPath":"/Yards","modelName":"catalogModel"},"searchOpenDialogs":true},"wdio_ui5_key":"reusablesview.manageresources.NewResourceUnitsap.m.ComboBox{\"path\":\"\",\"propertyPath\":\"/Yards\",\"modelName\":\"catalogModel\"}"}]}
RESULT: {"script":"<script> [1562 bytes]","args":[{"selector":{"controlType":"sap.m.ComboBox","viewName":"reusables.view.manageresources.NewResourceUnit","viewId":"application-manageresources-display-component---newResourceUnit","bindingPath":{"path":"","propertyPath":"/Yards","modelName":"catalogModel"},"searchOpenDialogs":true},"wdio_ui5_key":"reusablesview.manageresources.NewResourceUnitsap.m.ComboBox{\"path\":\"\",\"propertyPath\":\"/Yards\",\"modelName\":\"catalogModel\"}"}]}
RESULT: undefined
COMMAND: POST /session/62c6c4e2516ebe3f1de2f3a3d288490f/execute/async - {"script":"<script> [1562 bytes]","args":[{"selector":{"controlType":"etm.portal.ui.reusables.customControls.LiveSearchComboBox","viewName":"reusables.view.manageresources.NewResourceUnit","viewId":"application-manageresources-display-component---newResourceUnit","bindingPath":{"path":"","propertyPath":"/CatalogItems","modelName":"catalogModel"},"searchOpenDialogs":true},"wdio_ui5_key":"reusablesview.manageresources.NewResourceUnitetm.portal.ui.reusables.customControls.LiveSearchComboBox{\"path\":\"\",\"propertyPath\":\"/CatalogItems\",\"modelName\":\"catalogModel\"}"}]}
RESULT: {"script":"<script> [1562 bytes]","args":[{"selector":{"controlType":"etm.portal.ui.reusables.customControls.LiveSearchComboBox","viewName":"reusables.view.manageresources.NewResourceUnit","viewId":"application-manageresources-display-component---newResourceUnit","bindingPath":{"path":"","propertyPath":"/CatalogItems","modelName":"catalogModel"},"searchOpenDialogs":true},"wdio_ui5_key":"reusablesview.manageresources.NewResourceUnitetm.portal.ui.reusables.customControls.LiveSearchComboBox{\"path\":\"\",\"propertyPath\":\"/CatalogItems\",\"modelName\":\"catalogModel\"}"}]}
RESULT: undefined
COMMAND: POST /session/62c6c4e2516ebe3f1de2f3a3d288490f/element - {"using":"xpath","value":"//bdi[text()=\"OK\"]"}
RESULT: {"using":"xpath","value":"//bdi[text()=\"OK\"]"}
COMMAND: POST /session/62c6c4e2516ebe3f1de2f3a3d288490f/elements - {"using":"xpath","value":"//bdi[text()=\"OK\"]"}
RESULT: {"using":"xpath","value":"//bdi[text()=\"OK\"]"}
COMMAND: POST /session/62c6c4e2516ebe3f1de2f3a3d288490f/elements - {"using":"xpath","value":"//bdi[text()=\"OK\"]"}
RESULT: {"using":"xpath","value":"//bdi[text()=\"OK\"]"}
COMMAND: POST /session/62c6c4e2516ebe3f1de2f3a3d288490f/elements - {"using":"xpath","value":"//bdi[text()=\"OK\"]"}
RESULT: {"using":"xpath","value":"//bdi[text()=\"OK\"]"}
COMMAND: POST /session/62c6c4e2516ebe3f1de2f3a3d288490f/elements - {"using":"xpath","value":"//bdi[text()=\"OK\"]"}
RESULT: {"using":"xpath","value":"//bdi[text()=\"OK\"]"}
COMMAND: POST /session/62c6c4e2516ebe3f1de2f3a3d288490f/elements - {"using":"xpath","value":"//bdi[text()=\"OK\"]"}
RESULT: {"using":"xpath","value":"//bdi[text()=\"OK\"]"}
COMMAND: POST /session/62c6c4e2516ebe3f1de2f3a3d288490f/elements - {"using":"xpath","value":"//bdi[text()=\"OK\"]"}
RESULT: {"using":"xpath","value":"//bdi[text()=\"OK\"]"}
COMMAND: POST /session/62c6c4e2516ebe3f1de2f3a3d288490f/elements - {"using":"xpath","value":"//bdi[text()=\"OK\"]"}
RESULT: {"using":"xpath","value":"//bdi[text()=\"OK\"]"}
COMMAND: POST /session/62c6c4e2516ebe3f1de2f3a3d288490f/elements - {"using":"xpath","value":"//bdi[text()=\"OK\"]"}
RESULT: {"using":"xpath","value":"//bdi[text()=\"OK\"]"}
COMMAND: POST /session/62c6c4e2516ebe3f1de2f3a3d288490f/elements - {"using":"xpath","value":"//bdi[text()=\"OK\"]"}
RESULT: {"using":"xpath","value":"//bdi[text()=\"OK\"]"}
COMMAND: POST /session/62c6c4e2516ebe3f1de2f3a3d288490f/elements - {"using":"xpath","value":"//bdi[text()=\"OK\"]"}
RESULT: {"using":"xpath","value":"//bdi[text()=\"OK\"]"}
COMMAND: POST /session/62c6c4e2516ebe3f1de2f3a3d288490f/elements - {"using":"xpath","value":"//bdi[text()=\"OK\"]"}
RESULT: {"using":"xpath","value":"//bdi[text()=\"OK\"]"}
COMMAND: POST /session/62c6c4e2516ebe3f1de2f3a3d288490f/elements - {"using":"xpath","value":"//bdi[text()=\"OK\"]"}
RESULT: {"using":"xpath","value":"//bdi[text()=\"OK\"]"}
COMMAND: POST /session/62c6c4e2516ebe3f1de2f3a3d288490f/elements - {"using":"xpath","value":"//bdi[text()=\"OK\"]"}
RESULT: {"using":"xpath","value":"//bdi[text()=\"OK\"]"}
COMMAND: POST /session/62c6c4e2516ebe3f1de2f3a3d288490f/elements - {"using":"xpath","value":"//bdi[text()=\"OK\"]"}
RESULT: {"using":"xpath","value":"//bdi[text()=\"OK\"]"}
COMMAND: POST /session/62c6c4e2516ebe3f1de2f3a3d288490f/elements - {"using":"xpath","value":"//bdi[text()=\"OK\"]"}
RESULT: {"using":"xpath","value":"//bdi[text()=\"OK\"]"}
COMMAND: POST /session/62c6c4e2516ebe3f1de2f3a3d288490f/elements - {"using":"xpath","value":"//bdi[text()=\"OK\"]"}
RESULT: {"using":"xpath","value":"//bdi[text()=\"OK\"]"}
COMMAND: POST /session/62c6c4e2516ebe3f1de2f3a3d288490f/elements - {"using":"xpath","value":"//bdi[text()=\"OK\"]"}
RESULT: {"using":"xpath","value":"//bdi[text()=\"OK\"]"}
COMMAND: POST /session/62c6c4e2516ebe3f1de2f3a3d288490f/elements - {"using":"xpath","value":"//bdi[text()=\"OK\"]"}
RESULT: {"using":"xpath","value":"//bdi[text()=\"OK\"]"}
COMMAND: POST /session/62c6c4e2516ebe3f1de2f3a3d288490f/elements - {"using":"xpath","value":"//bdi[text()=\"OK\"]"}
RESULT: {"using":"xpath","value":"//bdi[text()=\"OK\"]"}
COMMAND: POST /session/62c6c4e2516ebe3f1de2f3a3d288490f/elements - {"using":"xpath","value":"//bdi[text()=\"OK\"]"}
RESULT: {"using":"xpath","value":"//bdi[text()=\"OK\"]"}
COMMAND: POST /session/62c6c4e2516ebe3f1de2f3a3d288490f/elements - {"using":"xpath","value":"//bdi[text()=\"OK\"]"}
RESULT: {"using":"xpath","value":"//bdi[text()=\"OK\"]"}
COMMAND: POST /session/62c6c4e2516ebe3f1de2f3a3d288490f/elements - {"using":"xpath","value":"//bdi[text()=\"OK\"]"}
RESULT: {"using":"xpath","value":"//bdi[text()=\"OK\"]"}
COMMAND: POST /session/62c6c4e2516ebe3f1de2f3a3d288490f/elements - {"using":"xpath","value":"//bdi[text()=\"OK\"]"}
RESULT: {"using":"xpath","value":"//bdi[text()=\"OK\"]"}
COMMAND: POST /session/62c6c4e2516ebe3f1de2f3a3d288490f/elements - {"using":"xpath","value":"//bdi[text()=\"OK\"]"}
RESULT: {"using":"xpath","value":"//bdi[text()=\"OK\"]"}
COMMAND: POST /session/62c6c4e2516ebe3f1de2f3a3d288490f/elements - {"using":"xpath","value":"//bdi[text()=\"OK\"]"}
RESULT: {"using":"xpath","value":"//bdi[text()=\"OK\"]"}
COMMAND: POST /session/62c6c4e2516ebe3f1de2f3a3d288490f/elements - {"using":"xpath","value":"//bdi[text()=\"OK\"]"}
RESULT: {"using":"xpath","value":"//bdi[text()=\"OK\"]"}
COMMAND: POST /session/62c6c4e2516ebe3f1de2f3a3d288490f/elements - {"using":"xpath","value":"//bdi[text()=\"OK\"]"}
RESULT: {"using":"xpath","value":"//bdi[text()=\"OK\"]"}
COMMAND: POST /session/62c6c4e2516ebe3f1de2f3a3d288490f/elements - {"using":"xpath","value":"//bdi[text()=\"OK\"]"}
RESULT: {"using":"xpath","value":"//bdi[text()=\"OK\"]"}
COMMAND: POST /session/62c6c4e2516ebe3f1de2f3a3d288490f/elements - {"using":"xpath","value":"//bdi[text()=\"OK\"]"}
RESULT: {"using":"xpath","value":"//bdi[text()=\"OK\"]"}
COMMAND: POST /session/62c6c4e2516ebe3f1de2f3a3d288490f/elements - {"using":"xpath","value":"//bdi[text()=\"OK\"]"}
RESULT: {"using":"xpath","value":"//bdi[text()=\"OK\"]"}
COMMAND: POST /session/62c6c4e2516ebe3f1de2f3a3d288490f/elements - {"using":"xpath","value":"//bdi[text()=\"OK\"]"}
RESULT: {"using":"xpath","value":"//bdi[text()=\"OK\"]"}
COMMAND: POST /session/62c6c4e2516ebe3f1de2f3a3d288490f/elements - {"using":"xpath","value":"//bdi[text()=\"OK\"]"}
RESULT: {"using":"xpath","value":"//bdi[text()=\"OK\"]"}
COMMAND: POST /session/62c6c4e2516ebe3f1de2f3a3d288490f/elements - {"using":"xpath","value":"//bdi[text()=\"OK\"]"}
RESULT: {"using":"xpath","value":"//bdi[text()=\"OK\"]"}
COMMAND: POST /session/62c6c4e2516ebe3f1de2f3a3d288490f/elements - {"using":"xpath","value":"//bdi[text()=\"OK\"]"}
RESULT: {"using":"xpath","value":"//bdi[text()=\"OK\"]"}
COMMAND: POST /session/62c6c4e2516ebe3f1de2f3a3d288490f/elements - {"using":"xpath","value":"//bdi[text()=\"OK\"]"}
RESULT: {"using":"xpath","value":"//bdi[text()=\"OK\"]"}
COMMAND: POST /session/62c6c4e2516ebe3f1de2f3a3d288490f/elements - {"using":"xpath","value":"//bdi[text()=\"OK\"]"}
RESULT: {"using":"xpath","value":"//bdi[text()=\"OK\"]"}
COMMAND: POST /session/62c6c4e2516ebe3f1de2f3a3d288490f/elements - {"using":"xpath","value":"//bdi[text()=\"OK\"]"}
RESULT: {"using":"xpath","value":"//bdi[text()=\"OK\"]"}
COMMAND: POST /session/62c6c4e2516ebe3f1de2f3a3d288490f/elements - {"using":"xpath","value":"//bdi[text()=\"OK\"]"}
RESULT: {"using":"xpath","value":"//bdi[text()=\"OK\"]"}
COMMAND: POST /session/62c6c4e2516ebe3f1de2f3a3d288490f/elements - {"using":"xpath","value":"//bdi[text()=\"OK\"]"}
RESULT: {"using":"xpath","value":"//bdi[text()=\"OK\"]"}
COMMAND: POST /session/62c6c4e2516ebe3f1de2f3a3d288490f/elements - {"using":"xpath","value":"//bdi[text()=\"OK\"]"}
RESULT: {"using":"xpath","value":"//bdi[text()=\"OK\"]"}
COMMAND: POST /session/62c6c4e2516ebe3f1de2f3a3d288490f/elements - {"using":"xpath","value":"//bdi[text()=\"OK\"]"}
RESULT: {"using":"xpath","value":"//bdi[text()=\"OK\"]"}
COMMAND: POST /session/62c6c4e2516ebe3f1de2f3a3d288490f/elements - {"using":"xpath","value":"//bdi[text()=\"OK\"]"}
RESULT: {"using":"xpath","value":"//bdi[text()=\"OK\"]"}
COMMAND: POST /session/62c6c4e2516ebe3f1de2f3a3d288490f/elements - {"using":"xpath","value":"//bdi[text()=\"OK\"]"}
RESULT: {"using":"xpath","value":"//bdi[text()=\"OK\"]"}
COMMAND: POST /session/62c6c4e2516ebe3f1de2f3a3d288490f/elements - {"using":"xpath","value":"//bdi[text()=\"OK\"]"}
RESULT: {"using":"xpath","value":"//bdi[text()=\"OK\"]"}
COMMAND: POST /session/62c6c4e2516ebe3f1de2f3a3d288490f/elements - {"using":"xpath","value":"//bdi[text()=\"OK\"]"}
RESULT: {"using":"xpath","value":"//bdi[text()=\"OK\"]"}
COMMAND: POST /session/62c6c4e2516ebe3f1de2f3a3d288490f/elements - {"using":"xpath","value":"//bdi[text()=\"OK\"]"}
RESULT: {"using":"xpath","value":"//bdi[text()=\"OK\"]"}
COMMAND: POST /session/62c6c4e2516ebe3f1de2f3a3d288490f/elements - {"using":"xpath","value":"//bdi[text()=\"OK\"]"}
RESULT: {"using":"xpath","value":"//bdi[text()=\"OK\"]"}
COMMAND: POST /session/62c6c4e2516ebe3f1de2f3a3d288490f/elements - {"using":"xpath","value":"//bdi[text()=\"OK\"]"}
RESULT: {"using":"xpath","value":"//bdi[text()=\"OK\"]"}
COMMAND: POST /session/62c6c4e2516ebe3f1de2f3a3d288490f/elements - {"using":"xpath","value":"//bdi[text()=\"OK\"]"}
RESULT: {"using":"xpath","value":"//bdi[text()=\"OK\"]"}
COMMAND: POST /session/62c6c4e2516ebe3f1de2f3a3d288490f/elements - {"using":"xpath","value":"//bdi[text()=\"OK\"]"}
RESULT: {"using":"xpath","value":"//bdi[text()=\"OK\"]"}
COMMAND: POST /session/62c6c4e2516ebe3f1de2f3a3d288490f/elements - {"using":"xpath","value":"//bdi[text()=\"OK\"]"}
RESULT: {"using":"xpath","value":"//bdi[text()=\"OK\"]"}
COMMAND: POST /session/62c6c4e2516ebe3f1de2f3a3d288490f/elements - {"using":"xpath","value":"//bdi[text()=\"OK\"]"}
RESULT: {"using":"xpath","value":"//bdi[text()=\"OK\"]"}
COMMAND: POST /session/62c6c4e2516ebe3f1de2f3a3d288490f/elements - {"using":"xpath","value":"//bdi[text()=\"OK\"]"}
RESULT: {"using":"xpath","value":"//bdi[text()=\"OK\"]"}
COMMAND: POST /session/62c6c4e2516ebe3f1de2f3a3d288490f/elements - {"using":"xpath","value":"//bdi[text()=\"OK\"]"}
RESULT: {"using":"xpath","value":"//bdi[text()=\"OK\"]"}
COMMAND: POST /session/62c6c4e2516ebe3f1de2f3a3d288490f/elements - {"using":"xpath","value":"//bdi[text()=\"OK\"]"}
RESULT: {"using":"xpath","value":"//bdi[text()=\"OK\"]"}
COMMAND: POST /session/62c6c4e2516ebe3f1de2f3a3d288490f/elements - {"using":"xpath","value":"//bdi[text()=\"OK\"]"}
RESULT: {"using":"xpath","value":"//bdi[text()=\"OK\"]"}
COMMAND: POST /session/62c6c4e2516ebe3f1de2f3a3d288490f/elements - {"using":"xpath","value":"//bdi[text()=\"OK\"]"}
RESULT: {"using":"xpath","value":"//bdi[text()=\"OK\"]"}
COMMAND: POST /session/62c6c4e2516ebe3f1de2f3a3d288490f/elements - {"using":"xpath","value":"//bdi[text()=\"OK\"]"}
RESULT: {"using":"xpath","value":"//bdi[text()=\"OK\"]"}
COMMAND: POST /session/62c6c4e2516ebe3f1de2f3a3d288490f/elements - {"using":"xpath","value":"//bdi[text()=\"OK\"]"}
RESULT: {"using":"xpath","value":"//bdi[text()=\"OK\"]"}
COMMAND: POST /session/62c6c4e2516ebe3f1de2f3a3d288490f/elements - {"using":"xpath","value":"//bdi[text()=\"OK\"]"}
RESULT: {"using":"xpath","value":"//bdi[text()=\"OK\"]"}
COMMAND: POST /session/62c6c4e2516ebe3f1de2f3a3d288490f/elements - {"using":"xpath","value":"//bdi[text()=\"OK\"]"}
RESULT: {"using":"xpath","value":"//bdi[text()=\"OK\"]"}
COMMAND: POST /session/62c6c4e2516ebe3f1de2f3a3d288490f/elements - {"using":"xpath","value":"//bdi[text()=\"OK\"]"}
RESULT: {"using":"xpath","value":"//bdi[text()=\"OK\"]"}
COMMAND: POST /session/62c6c4e2516ebe3f1de2f3a3d288490f/elements - {"using":"xpath","value":"//bdi[text()=\"OK\"]"}
RESULT: {"using":"xpath","value":"//bdi[text()=\"OK\"]"}
COMMAND: POST /session/62c6c4e2516ebe3f1de2f3a3d288490f/elements - {"using":"xpath","value":"//bdi[text()=\"OK\"]"}
RESULT: {"using":"xpath","value":"//bdi[text()=\"OK\"]"}
COMMAND: POST /session/62c6c4e2516ebe3f1de2f3a3d288490f/elements - {"using":"xpath","value":"//bdi[text()=\"OK\"]"}
RESULT: {"using":"xpath","value":"//bdi[text()=\"OK\"]"}
COMMAND: POST /session/62c6c4e2516ebe3f1de2f3a3d288490f/elements - {"using":"xpath","value":"//bdi[text()=\"OK\"]"}
RESULT: {"using":"xpath","value":"//bdi[text()=\"OK\"]"}
COMMAND: POST /session/62c6c4e2516ebe3f1de2f3a3d288490f/elements - {"using":"xpath","value":"//bdi[text()=\"OK\"]"}
RESULT: {"using":"xpath","value":"//bdi[text()=\"OK\"]"}
COMMAND: POST /session/62c6c4e2516ebe3f1de2f3a3d288490f/elements - {"using":"xpath","value":"//bdi[text()=\"OK\"]"}
RESULT: {"using":"xpath","value":"//bdi[text()=\"OK\"]"}
COMMAND: POST /session/62c6c4e2516ebe3f1de2f3a3d288490f/elements - {"using":"xpath","value":"//bdi[text()=\"OK\"]"}
RESULT: {"using":"xpath","value":"//bdi[text()=\"OK\"]"}
COMMAND: POST /session/62c6c4e2516ebe3f1de2f3a3d288490f/elements - {"using":"xpath","value":"//bdi[text()=\"OK\"]"}
RESULT: {"using":"xpath","value":"//bdi[text()=\"OK\"]"}
COMMAND: POST /session/62c6c4e2516ebe3f1de2f3a3d288490f/elements - {"using":"xpath","value":"//bdi[text()=\"OK\"]"}
RESULT: {"using":"xpath","value":"//bdi[text()=\"OK\"]"}
COMMAND: POST /session/62c6c4e2516ebe3f1de2f3a3d288490f/elements - {"using":"xpath","value":"//bdi[text()=\"OK\"]"}
RESULT: {"using":"xpath","value":"//bdi[text()=\"OK\"]"}
COMMAND: POST /session/62c6c4e2516ebe3f1de2f3a3d288490f/elements - {"using":"xpath","value":"//bdi[text()=\"OK\"]"}
RESULT: {"using":"xpath","value":"//bdi[text()=\"OK\"]"}
COMMAND: POST /session/62c6c4e2516ebe3f1de2f3a3d288490f/elements - {"using":"xpath","value":"//bdi[text()=\"OK\"]"}
RESULT: {"using":"xpath","value":"//bdi[text()=\"OK\"]"}
COMMAND: POST /session/62c6c4e2516ebe3f1de2f3a3d288490f/elements - {"using":"xpath","value":"//bdi[text()=\"OK\"]"}
RESULT: {"using":"xpath","value":"//bdi[text()=\"OK\"]"}
COMMAND: POST /session/62c6c4e2516ebe3f1de2f3a3d288490f/elements - {"using":"xpath","value":"//bdi[text()=\"OK\"]"}
RESULT: {"using":"xpath","value":"//bdi[text()=\"OK\"]"}
COMMAND: POST /session/62c6c4e2516ebe3f1de2f3a3d288490f/elements - {"using":"xpath","value":"//bdi[text()=\"OK\"]"}
RESULT: {"using":"xpath","value":"//bdi[text()=\"OK\"]"}
COMMAND: POST /session/62c6c4e2516ebe3f1de2f3a3d288490f/elements - {"using":"xpath","value":"//bdi[text()=\"OK\"]"}
RESULT: {"using":"xpath","value":"//bdi[text()=\"OK\"]"}
COMMAND: POST /session/62c6c4e2516ebe3f1de2f3a3d288490f/elements - {"using":"xpath","value":"//bdi[text()=\"OK\"]"}
RESULT: {"using":"xpath","value":"//bdi[text()=\"OK\"]"}
COMMAND: POST /session/62c6c4e2516ebe3f1de2f3a3d288490f/elements - {"using":"xpath","value":"//bdi[text()=\"OK\"]"}
RESULT: {"using":"xpath","value":"//bdi[text()=\"OK\"]"}
COMMAND: POST /session/62c6c4e2516ebe3f1de2f3a3d288490f/elements - {"using":"xpath","value":"//bdi[text()=\"OK\"]"}
RESULT: {"using":"xpath","value":"//bdi[text()=\"OK\"]"}
COMMAND: POST /session/62c6c4e2516ebe3f1de2f3a3d288490f/elements - {"using":"xpath","value":"//bdi[text()=\"OK\"]"}
RESULT: {"using":"xpath","value":"//bdi[text()=\"OK\"]"}
COMMAND: POST /session/62c6c4e2516ebe3f1de2f3a3d288490f/elements - {"using":"xpath","value":"//bdi[text()=\"OK\"]"}
RESULT: {"using":"xpath","value":"//bdi[text()=\"OK\"]"}
COMMAND: POST /session/62c6c4e2516ebe3f1de2f3a3d288490f/elements - {"using":"xpath","value":"//bdi[text()=\"OK\"]"}
RESULT: {"using":"xpath","value":"//bdi[text()=\"OK\"]"}
COMMAND: POST /session/62c6c4e2516ebe3f1de2f3a3d288490f/elements - {"using":"xpath","value":"//bdi[text()=\"OK\"]"}
RESULT: {"using":"xpath","value":"//bdi[text()=\"OK\"]"}
COMMAND: POST /session/62c6c4e2516ebe3f1de2f3a3d288490f/elements - {"using":"xpath","value":"//bdi[text()=\"OK\"]"}
RESULT: {"using":"xpath","value":"//bdi[text()=\"OK\"]"}
COMMAND: POST /session/62c6c4e2516ebe3f1de2f3a3d288490f/elements - {"using":"xpath","value":"//bdi[text()=\"OK\"]"}
RESULT: {"using":"xpath","value":"//bdi[text()=\"OK\"]"}
COMMAND: POST /session/62c6c4e2516ebe3f1de2f3a3d288490f/elements - {"using":"xpath","value":"//bdi[text()=\"OK\"]"}
RESULT: {"using":"xpath","value":"//bdi[text()=\"OK\"]"}
COMMAND: POST /session/62c6c4e2516ebe3f1de2f3a3d288490f/elements - {"using":"xpath","value":"//bdi[text()=\"OK\"]"}
RESULT: {"using":"xpath","value":"//bdi[text()=\"OK\"]"}
COMMAND: POST /session/62c6c4e2516ebe3f1de2f3a3d288490f/elements - {"using":"xpath","value":"//bdi[text()=\"OK\"]"}
RESULT: {"using":"xpath","value":"//bdi[text()=\"OK\"]"}
COMMAND: POST /session/62c6c4e2516ebe3f1de2f3a3d288490f/elements - {"using":"xpath","value":"//bdi[text()=\"OK\"]"}
RESULT: {"using":"xpath","value":"//bdi[text()=\"OK\"]"}
COMMAND: POST /session/62c6c4e2516ebe3f1de2f3a3d288490f/elements - {"using":"xpath","value":"//bdi[text()=\"OK\"]"}
RESULT: {"using":"xpath","value":"//bdi[text()=\"OK\"]"}
COMMAND: POST /session/62c6c4e2516ebe3f1de2f3a3d288490f/elements - {"using":"xpath","value":"//bdi[text()=\"OK\"]"}
RESULT: {"using":"xpath","value":"//bdi[text()=\"OK\"]"}
COMMAND: POST /session/62c6c4e2516ebe3f1de2f3a3d288490f/elements - {"using":"xpath","value":"//bdi[text()=\"OK\"]"}
RESULT: {"using":"xpath","value":"//bdi[text()=\"OK\"]"}
COMMAND: POST /session/62c6c4e2516ebe3f1de2f3a3d288490f/elements - {"using":"xpath","value":"//bdi[text()=\"OK\"]"}
RESULT: {"using":"xpath","value":"//bdi[text()=\"OK\"]"}
COMMAND: POST /session/62c6c4e2516ebe3f1de2f3a3d288490f/elements - {"using":"xpath","value":"//bdi[text()=\"OK\"]"}
RESULT: {"using":"xpath","value":"//bdi[text()=\"OK\"]"}
COMMAND: POST /session/62c6c4e2516ebe3f1de2f3a3d288490f/elements - {"using":"xpath","value":"//bdi[text()=\"OK\"]"}
RESULT: {"using":"xpath","value":"//bdi[text()=\"OK\"]"}
COMMAND: POST /session/62c6c4e2516ebe3f1de2f3a3d288490f/elements - {"using":"xpath","value":"//bdi[text()=\"OK\"]"}
RESULT: {"using":"xpath","value":"//bdi[text()=\"OK\"]"}
COMMAND: POST /session/62c6c4e2516ebe3f1de2f3a3d288490f/elements - {"using":"xpath","value":"//bdi[text()=\"OK\"]"}
RESULT: {"using":"xpath","value":"//bdi[text()=\"OK\"]"}
COMMAND: POST /session/62c6c4e2516ebe3f1de2f3a3d288490f/elements - {"using":"xpath","value":"//bdi[text()=\"OK\"]"}
RESULT: {"using":"xpath","value":"//bdi[text()=\"OK\"]"}
COMMAND: POST /session/62c6c4e2516ebe3f1de2f3a3d288490f/elements - {"using":"xpath","value":"//bdi[text()=\"OK\"]"}
RESULT: {"using":"xpath","value":"//bdi[text()=\"OK\"]"}
COMMAND: POST /session/62c6c4e2516ebe3f1de2f3a3d288490f/elements - {"using":"xpath","value":"//bdi[text()=\"OK\"]"}
RESULT: {"using":"xpath","value":"//bdi[text()=\"OK\"]"}
COMMAND: POST /session/62c6c4e2516ebe3f1de2f3a3d288490f/elements - {"using":"xpath","value":"//bdi[text()=\"OK\"]"}
RESULT: {"using":"xpath","value":"//bdi[text()=\"OK\"]"}
COMMAND: POST /session/62c6c4e2516ebe3f1de2f3a3d288490f/elements - {"using":"xpath","value":"//bdi[text()=\"OK\"]"}
RESULT: {"using":"xpath","value":"//bdi[text()=\"OK\"]"}
COMMAND: POST /session/62c6c4e2516ebe3f1de2f3a3d288490f/elements - {"using":"xpath","value":"//bdi[text()=\"OK\"]"}
RESULT: {"using":"xpath","value":"//bdi[text()=\"OK\"]"}
COMMAND: POST /session/62c6c4e2516ebe3f1de2f3a3d288490f/elements - {"using":"xpath","value":"//bdi[text()=\"OK\"]"}
RESULT: {"using":"xpath","value":"//bdi[text()=\"OK\"]"}
COMMAND: POST /session/62c6c4e2516ebe3f1de2f3a3d288490f/elements - {"using":"xpath","value":"//bdi[text()=\"OK\"]"}
RESULT: {"using":"xpath","value":"//bdi[text()=\"OK\"]"}
COMMAND: POST /session/62c6c4e2516ebe3f1de2f3a3d288490f/elements - {"using":"xpath","value":"//bdi[text()=\"OK\"]"}
RESULT: {"using":"xpath","value":"//bdi[text()=\"OK\"]"}
COMMAND: POST /session/62c6c4e2516ebe3f1de2f3a3d288490f/elements - {"using":"xpath","value":"//bdi[text()=\"OK\"]"}
RESULT: {"using":"xpath","value":"//bdi[text()=\"OK\"]"}
COMMAND: POST /session/62c6c4e2516ebe3f1de2f3a3d288490f/elements - {"using":"xpath","value":"//bdi[text()=\"OK\"]"}
RESULT: {"using":"xpath","value":"//bdi[text()=\"OK\"]"}
COMMAND: POST /session/62c6c4e2516ebe3f1de2f3a3d288490f/elements - {"using":"xpath","value":"//bdi[text()=\"OK\"]"}
RESULT: {"using":"xpath","value":"//bdi[text()=\"OK\"]"}
COMMAND: POST /session/62c6c4e2516ebe3f1de2f3a3d288490f/elements - {"using":"xpath","value":"//bdi[text()=\"OK\"]"}
RESULT: {"using":"xpath","value":"//bdi[text()=\"OK\"]"}
COMMAND: POST /session/62c6c4e2516ebe3f1de2f3a3d288490f/elements - {"using":"xpath","value":"//bdi[text()=\"OK\"]"}
RESULT: {"using":"xpath","value":"//bdi[text()=\"OK\"]"}
COMMAND: POST /session/62c6c4e2516ebe3f1de2f3a3d288490f/elements - {"using":"xpath","value":"//bdi[text()=\"OK\"]"}
RESULT: {"using":"xpath","value":"//bdi[text()=\"OK\"]"}
COMMAND: POST /session/62c6c4e2516ebe3f1de2f3a3d288490f/elements - {"using":"xpath","value":"//bdi[text()=\"OK\"]"}
RESULT: {"using":"xpath","value":"//bdi[text()=\"OK\"]"}
COMMAND: POST /session/62c6c4e2516ebe3f1de2f3a3d288490f/elements - {"using":"xpath","value":"//bdi[text()=\"OK\"]"}
RESULT: {"using":"xpath","value":"//bdi[text()=\"OK\"]"}
COMMAND: POST /session/62c6c4e2516ebe3f1de2f3a3d288490f/elements - {"using":"xpath","value":"//bdi[text()=\"OK\"]"}
RESULT: {"using":"xpath","value":"//bdi[text()=\"OK\"]"}
COMMAND: POST /session/62c6c4e2516ebe3f1de2f3a3d288490f/elements - {"using":"xpath","value":"//bdi[text()=\"OK\"]"}
RESULT: {"using":"xpath","value":"//bdi[text()=\"OK\"]"}
COMMAND: POST /session/62c6c4e2516ebe3f1de2f3a3d288490f/elements - {"using":"xpath","value":"//bdi[text()=\"OK\"]"}
RESULT: {"using":"xpath","value":"//bdi[text()=\"OK\"]"}
COMMAND: POST /session/62c6c4e2516ebe3f1de2f3a3d288490f/elements - {"using":"xpath","value":"//bdi[text()=\"OK\"]"}
RESULT: {"using":"xpath","value":"//bdi[text()=\"OK\"]"}
COMMAND: POST /session/62c6c4e2516ebe3f1de2f3a3d288490f/elements - {"using":"xpath","value":"//bdi[text()=\"OK\"]"}
COMMAND: POST /session/62c6c4e2516ebe3f1de2f3a3d288490f/element - {"using":"xpath","value":"//bdi[text()=\"OK\"]"}
RESULT: {"using":"xpath","value":"//bdi[text()=\"OK\"]"}
RESULT: {"using":"xpath","value":"//bdi[text()=\"OK\"]"}
COMMAND: POST /session/62c6c4e2516ebe3f1de2f3a3d288490f/elements - {"using":"xpath","value":"//bdi[text()=\"OK\"]"}
RESULT: {"using":"xpath","value":"//bdi[text()=\"OK\"]"}
COMMAND: POST /session/62c6c4e2516ebe3f1de2f3a3d288490f/elements - {"using":"xpath","value":"//bdi[text()=\"OK\"]"}
RESULT: {"using":"xpath","value":"//bdi[text()=\"OK\"]"}
COMMAND: POST /session/62c6c4e2516ebe3f1de2f3a3d288490f/elements - {"using":"xpath","value":"//bdi[text()=\"OK\"]"}
RESULT: {"using":"xpath","value":"//bdi[text()=\"OK\"]"}
COMMAND: POST /session/62c6c4e2516ebe3f1de2f3a3d288490f/elements - {"using":"xpath","value":"//bdi[text()=\"OK\"]"}
RESULT: {"using":"xpath","value":"//bdi[text()=\"OK\"]"}
COMMAND: POST /session/62c6c4e2516ebe3f1de2f3a3d288490f/elements - {"using":"xpath","value":"//bdi[text()=\"OK\"]"}
RESULT: {"using":"xpath","value":"//bdi[text()=\"OK\"]"}
COMMAND: POST /session/62c6c4e2516ebe3f1de2f3a3d288490f/elements - {"using":"xpath","value":"//bdi[text()=\"OK\"]"}
RESULT: {"using":"xpath","value":"//bdi[text()=\"OK\"]"}
COMMAND: POST /session/62c6c4e2516ebe3f1de2f3a3d288490f/elements - {"using":"xpath","value":"//bdi[text()=\"OK\"]"}
RESULT: {"using":"xpath","value":"//bdi[text()=\"OK\"]"}
COMMAND: POST /session/62c6c4e2516ebe3f1de2f3a3d288490f/elements - {"using":"xpath","value":"//bdi[text()=\"OK\"]"}
RESULT: {"using":"xpath","value":"//bdi[text()=\"OK\"]"}
COMMAND: POST /session/62c6c4e2516ebe3f1de2f3a3d288490f/elements - {"using":"xpath","value":"//bdi[text()=\"OK\"]"}
RESULT: {"using":"xpath","value":"//bdi[text()=\"OK\"]"}
COMMAND: POST /session/62c6c4e2516ebe3f1de2f3a3d288490f/elements - {"using":"xpath","value":"//bdi[text()=\"OK\"]"}
RESULT: {"using":"xpath","value":"//bdi[text()=\"OK\"]"}
COMMAND: POST /session/62c6c4e2516ebe3f1de2f3a3d288490f/elements - {"using":"xpath","value":"//bdi[text()=\"OK\"]"}
RESULT: {"using":"xpath","value":"//bdi[text()=\"OK\"]"}
COMMAND: POST /session/62c6c4e2516ebe3f1de2f3a3d288490f/elements - {"using":"xpath","value":"//bdi[text()=\"OK\"]"}
RESULT: {"using":"xpath","value":"//bdi[text()=\"OK\"]"}
COMMAND: POST /session/62c6c4e2516ebe3f1de2f3a3d288490f/elements - {"using":"xpath","value":"//bdi[text()=\"OK\"]"}
RESULT: {"using":"xpath","value":"//bdi[text()=\"OK\"]"}
COMMAND: POST /session/62c6c4e2516ebe3f1de2f3a3d288490f/elements - {"using":"xpath","value":"//bdi[text()=\"OK\"]"}
RESULT: {"using":"xpath","value":"//bdi[text()=\"OK\"]"}
COMMAND: POST /session/62c6c4e2516ebe3f1de2f3a3d288490f/elements - {"using":"xpath","value":"//bdi[text()=\"OK\"]"}
RESULT: {"using":"xpath","value":"//bdi[text()=\"OK\"]"}
COMMAND: POST /session/62c6c4e2516ebe3f1de2f3a3d288490f/elements - {"using":"xpath","value":"//bdi[text()=\"OK\"]"}
RESULT: {"using":"xpath","value":"//bdi[text()=\"OK\"]"}
COMMAND: POST /session/62c6c4e2516ebe3f1de2f3a3d288490f/elements - {"using":"xpath","value":"//bdi[text()=\"OK\"]"}
RESULT: {"using":"xpath","value":"//bdi[text()=\"OK\"]"}
COMMAND: POST /session/62c6c4e2516ebe3f1de2f3a3d288490f/elements - {"using":"xpath","value":"//bdi[text()=\"OK\"]"}
RESULT: {"using":"xpath","value":"//bdi[text()=\"OK\"]"}
COMMAND: POST /session/62c6c4e2516ebe3f1de2f3a3d288490f/elements - {"using":"xpath","value":"//bdi[text()=\"OK\"]"}
RESULT: {"using":"xpath","value":"//bdi[text()=\"OK\"]"}
COMMAND: POST /session/62c6c4e2516ebe3f1de2f3a3d288490f/elements - {"using":"xpath","value":"//bdi[text()=\"OK\"]"}
RESULT: {"using":"xpath","value":"//bdi[text()=\"OK\"]"}
COMMAND: POST /session/62c6c4e2516ebe3f1de2f3a3d288490f/elements - {"using":"xpath","value":"//bdi[text()=\"OK\"]"}
RESULT: {"using":"xpath","value":"//bdi[text()=\"OK\"]"}
COMMAND: POST /session/62c6c4e2516ebe3f1de2f3a3d288490f/elements - {"using":"xpath","value":"//bdi[text()=\"OK\"]"}
RESULT: {"using":"xpath","value":"//bdi[text()=\"OK\"]"}
COMMAND: POST /session/62c6c4e2516ebe3f1de2f3a3d288490f/elements - {"using":"xpath","value":"//bdi[text()=\"OK\"]"}
RESULT: {"using":"xpath","value":"//bdi[text()=\"OK\"]"}
COMMAND: POST /session/62c6c4e2516ebe3f1de2f3a3d288490f/elements - {"using":"xpath","value":"//bdi[text()=\"OK\"]"}
RESULT: {"using":"xpath","value":"//bdi[text()=\"OK\"]"}
COMMAND: POST /session/62c6c4e2516ebe3f1de2f3a3d288490f/elements - {"using":"xpath","value":"//bdi[text()=\"OK\"]"}
RESULT: {"using":"xpath","value":"//bdi[text()=\"OK\"]"}
COMMAND: POST /session/62c6c4e2516ebe3f1de2f3a3d288490f/elements - {"using":"xpath","value":"//bdi[text()=\"OK\"]"}
RESULT: {"using":"xpath","value":"//bdi[text()=\"OK\"]"}
COMMAND: POST /session/62c6c4e2516ebe3f1de2f3a3d288490f/elements - {"using":"xpath","value":"//bdi[text()=\"OK\"]"}
RESULT: {"using":"xpath","value":"//bdi[text()=\"OK\"]"}
COMMAND: POST /session/62c6c4e2516ebe3f1de2f3a3d288490f/elements - {"using":"xpath","value":"//bdi[text()=\"OK\"]"}
RESULT: {"using":"xpath","value":"//bdi[text()=\"OK\"]"}
COMMAND: POST /session/62c6c4e2516ebe3f1de2f3a3d288490f/elements - {"using":"xpath","value":"//bdi[text()=\"OK\"]"}
RESULT: {"using":"xpath","value":"//bdi[text()=\"OK\"]"}
COMMAND: POST /session/62c6c4e2516ebe3f1de2f3a3d288490f/elements - {"using":"xpath","value":"//bdi[text()=\"OK\"]"}
RESULT: {"using":"xpath","value":"//bdi[text()=\"OK\"]"}
COMMAND: POST /session/62c6c4e2516ebe3f1de2f3a3d288490f/elements - {"using":"xpath","value":"//bdi[text()=\"OK\"]"}
RESULT: {"using":"xpath","value":"//bdi[text()=\"OK\"]"}
COMMAND: POST /session/62c6c4e2516ebe3f1de2f3a3d288490f/elements - {"using":"xpath","value":"//bdi[text()=\"OK\"]"}
RESULT: {"using":"xpath","value":"//bdi[text()=\"OK\"]"}
COMMAND: POST /session/62c6c4e2516ebe3f1de2f3a3d288490f/elements - {"using":"xpath","value":"//bdi[text()=\"OK\"]"}
RESULT: {"using":"xpath","value":"//bdi[text()=\"OK\"]"}
COMMAND: POST /session/62c6c4e2516ebe3f1de2f3a3d288490f/elements - {"using":"xpath","value":"//bdi[text()=\"OK\"]"}
RESULT: {"using":"xpath","value":"//bdi[text()=\"OK\"]"}
COMMAND: POST /session/62c6c4e2516ebe3f1de2f3a3d288490f/elements - {"using":"xpath","value":"//bdi[text()=\"OK\"]"}
RESULT: {"using":"xpath","value":"//bdi[text()=\"OK\"]"}
COMMAND: POST /session/62c6c4e2516ebe3f1de2f3a3d288490f/elements - {"using":"xpath","value":"//bdi[text()=\"OK\"]"}
RESULT: {"using":"xpath","value":"//bdi[text()=\"OK\"]"}
COMMAND: POST /session/62c6c4e2516ebe3f1de2f3a3d288490f/elements - {"using":"xpath","value":"//bdi[text()=\"OK\"]"}
RESULT: {"using":"xpath","value":"//bdi[text()=\"OK\"]"}
COMMAND: POST /session/62c6c4e2516ebe3f1de2f3a3d288490f/elements - {"using":"xpath","value":"//bdi[text()=\"OK\"]"}
RESULT: {"using":"xpath","value":"//bdi[text()=\"OK\"]"}
COMMAND: POST /session/62c6c4e2516ebe3f1de2f3a3d288490f/elements - {"using":"xpath","value":"//bdi[text()=\"OK\"]"}
RESULT: {"using":"xpath","value":"//bdi[text()=\"OK\"]"}
COMMAND: POST /session/62c6c4e2516ebe3f1de2f3a3d288490f/elements - {"using":"xpath","value":"//bdi[text()=\"OK\"]"}
RESULT: {"using":"xpath","value":"//bdi[text()=\"OK\"]"}
COMMAND: POST /session/62c6c4e2516ebe3f1de2f3a3d288490f/elements - {"using":"xpath","value":"//bdi[text()=\"OK\"]"}
RESULT: {"using":"xpath","value":"//bdi[text()=\"OK\"]"}
COMMAND: POST /session/62c6c4e2516ebe3f1de2f3a3d288490f/elements - {"using":"xpath","value":"//bdi[text()=\"OK\"]"}
RESULT: {"using":"xpath","value":"//bdi[text()=\"OK\"]"}
COMMAND: POST /session/62c6c4e2516ebe3f1de2f3a3d288490f/elements - {"using":"xpath","value":"//bdi[text()=\"OK\"]"}
RESULT: {"using":"xpath","value":"//bdi[text()=\"OK\"]"}
COMMAND: POST /session/62c6c4e2516ebe3f1de2f3a3d288490f/elements - {"using":"xpath","value":"//bdi[text()=\"OK\"]"}
RESULT: {"using":"xpath","value":"//bdi[text()=\"OK\"]"}
COMMAND: POST /session/62c6c4e2516ebe3f1de2f3a3d288490f/elements - {"using":"xpath","value":"//bdi[text()=\"OK\"]"}
RESULT: {"using":"xpath","value":"//bdi[text()=\"OK\"]"}
COMMAND: POST /session/62c6c4e2516ebe3f1de2f3a3d288490f/elements - {"using":"xpath","value":"//bdi[text()=\"OK\"]"}
RESULT: {"using":"xpath","value":"//bdi[text()=\"OK\"]"}
COMMAND: POST /session/62c6c4e2516ebe3f1de2f3a3d288490f/elements - {"using":"xpath","value":"//bdi[text()=\"OK\"]"}
RESULT: {"using":"xpath","value":"//bdi[text()=\"OK\"]"}
COMMAND: POST /session/62c6c4e2516ebe3f1de2f3a3d288490f/elements - {"using":"xpath","value":"//bdi[text()=\"OK\"]"}
RESULT: {"using":"xpath","value":"//bdi[text()=\"OK\"]"}
COMMAND: POST /session/62c6c4e2516ebe3f1de2f3a3d288490f/elements - {"using":"xpath","value":"//bdi[text()=\"OK\"]"}
RESULT: {"using":"xpath","value":"//bdi[text()=\"OK\"]"}
COMMAND: POST /session/62c6c4e2516ebe3f1de2f3a3d288490f/elements - {"using":"xpath","value":"//bdi[text()=\"OK\"]"}
RESULT: {"using":"xpath","value":"//bdi[text()=\"OK\"]"}
COMMAND: POST /session/62c6c4e2516ebe3f1de2f3a3d288490f/elements - {"using":"xpath","value":"//bdi[text()=\"OK\"]"}
RESULT: {"using":"xpath","value":"//bdi[text()=\"OK\"]"}
COMMAND: POST /session/62c6c4e2516ebe3f1de2f3a3d288490f/elements - {"using":"xpath","value":"//bdi[text()=\"OK\"]"}
RESULT: {"using":"xpath","value":"//bdi[text()=\"OK\"]"}
COMMAND: POST /session/62c6c4e2516ebe3f1de2f3a3d288490f/elements - {"using":"xpath","value":"//bdi[text()=\"OK\"]"}
RESULT: {"using":"xpath","value":"//bdi[text()=\"OK\"]"}
COMMAND: POST /session/62c6c4e2516ebe3f1de2f3a3d288490f/elements - {"using":"xpath","value":"//bdi[text()=\"OK\"]"}
RESULT: {"using":"xpath","value":"//bdi[text()=\"OK\"]"}
COMMAND: POST /session/62c6c4e2516ebe3f1de2f3a3d288490f/elements - {"using":"xpath","value":"//bdi[text()=\"OK\"]"}
RESULT: {"using":"xpath","value":"//bdi[text()=\"OK\"]"}
COMMAND: POST /session/62c6c4e2516ebe3f1de2f3a3d288490f/elements - {"using":"xpath","value":"//bdi[text()=\"OK\"]"}
RESULT: {"using":"xpath","value":"//bdi[text()=\"OK\"]"}
COMMAND: POST /session/62c6c4e2516ebe3f1de2f3a3d288490f/elements - {"using":"xpath","value":"//bdi[text()=\"OK\"]"}
RESULT: {"using":"xpath","value":"//bdi[text()=\"OK\"]"}
COMMAND: POST /session/62c6c4e2516ebe3f1de2f3a3d288490f/elements - {"using":"xpath","value":"//bdi[text()=\"OK\"]"}
RESULT: {"using":"xpath","value":"//bdi[text()=\"OK\"]"}
COMMAND: POST /session/62c6c4e2516ebe3f1de2f3a3d288490f/elements - {"using":"xpath","value":"//bdi[text()=\"OK\"]"}
RESULT: {"using":"xpath","value":"//bdi[text()=\"OK\"]"}
COMMAND: POST /session/62c6c4e2516ebe3f1de2f3a3d288490f/elements - {"using":"xpath","value":"//bdi[text()=\"OK\"]"}
RESULT: {"using":"xpath","value":"//bdi[text()=\"OK\"]"}
COMMAND: POST /session/62c6c4e2516ebe3f1de2f3a3d288490f/elements - {"using":"xpath","value":"//bdi[text()=\"OK\"]"}
RESULT: {"using":"xpath","value":"//bdi[text()=\"OK\"]"}
COMMAND: POST /session/62c6c4e2516ebe3f1de2f3a3d288490f/elements - {"using":"xpath","value":"//bdi[text()=\"OK\"]"}
RESULT: {"using":"xpath","value":"//bdi[text()=\"OK\"]"}
COMMAND: POST /session/62c6c4e2516ebe3f1de2f3a3d288490f/elements - {"using":"xpath","value":"//bdi[text()=\"OK\"]"}
RESULT: {"using":"xpath","value":"//bdi[text()=\"OK\"]"}
COMMAND: POST /session/62c6c4e2516ebe3f1de2f3a3d288490f/elements - {"using":"xpath","value":"//bdi[text()=\"OK\"]"}
RESULT: {"using":"xpath","value":"//bdi[text()=\"OK\"]"}
COMMAND: POST /session/62c6c4e2516ebe3f1de2f3a3d288490f/elements - {"using":"xpath","value":"//bdi[text()=\"OK\"]"}
RESULT: {"using":"xpath","value":"//bdi[text()=\"OK\"]"}
COMMAND: POST /session/62c6c4e2516ebe3f1de2f3a3d288490f/elements - {"using":"xpath","value":"//bdi[text()=\"OK\"]"}
RESULT: {"using":"xpath","value":"//bdi[text()=\"OK\"]"}
COMMAND: POST /session/62c6c4e2516ebe3f1de2f3a3d288490f/elements - {"using":"xpath","value":"//bdi[text()=\"OK\"]"}
RESULT: {"using":"xpath","value":"//bdi[text()=\"OK\"]"}
COMMAND: POST /session/62c6c4e2516ebe3f1de2f3a3d288490f/elements - {"using":"xpath","value":"//bdi[text()=\"OK\"]"}
RESULT: {"using":"xpath","value":"//bdi[text()=\"OK\"]"}
COMMAND: POST /session/62c6c4e2516ebe3f1de2f3a3d288490f/elements - {"using":"xpath","value":"//bdi[text()=\"OK\"]"}
RESULT: {"using":"xpath","value":"//bdi[text()=\"OK\"]"}
COMMAND: POST /session/62c6c4e2516ebe3f1de2f3a3d288490f/elements - {"using":"xpath","value":"//bdi[text()=\"OK\"]"}
RESULT: {"using":"xpath","value":"//bdi[text()=\"OK\"]"}
COMMAND: POST /session/62c6c4e2516ebe3f1de2f3a3d288490f/elements - {"using":"xpath","value":"//bdi[text()=\"OK\"]"}
RESULT: {"using":"xpath","value":"//bdi[text()=\"OK\"]"}
COMMAND: POST /session/62c6c4e2516ebe3f1de2f3a3d288490f/elements - {"using":"xpath","value":"//bdi[text()=\"OK\"]"}
RESULT: {"using":"xpath","value":"//bdi[text()=\"OK\"]"}
COMMAND: POST /session/62c6c4e2516ebe3f1de2f3a3d288490f/elements - {"using":"xpath","value":"//bdi[text()=\"OK\"]"}
RESULT: {"using":"xpath","value":"//bdi[text()=\"OK\"]"}
COMMAND: POST /session/62c6c4e2516ebe3f1de2f3a3d288490f/elements - {"using":"xpath","value":"//bdi[text()=\"OK\"]"}
RESULT: {"using":"xpath","value":"//bdi[text()=\"OK\"]"}
COMMAND: POST /session/62c6c4e2516ebe3f1de2f3a3d288490f/elements - {"using":"xpath","value":"//bdi[text()=\"OK\"]"}
RESULT: {"using":"xpath","value":"//bdi[text()=\"OK\"]"}
COMMAND: POST /session/62c6c4e2516ebe3f1de2f3a3d288490f/elements - {"using":"xpath","value":"//bdi[text()=\"OK\"]"}
RESULT: {"using":"xpath","value":"//bdi[text()=\"OK\"]"}
COMMAND: POST /session/62c6c4e2516ebe3f1de2f3a3d288490f/elements - {"using":"xpath","value":"//bdi[text()=\"OK\"]"}
RESULT: {"using":"xpath","value":"//bdi[text()=\"OK\"]"}
COMMAND: POST /session/62c6c4e2516ebe3f1de2f3a3d288490f/elements - {"using":"xpath","value":"//bdi[text()=\"OK\"]"}
RESULT: {"using":"xpath","value":"//bdi[text()=\"OK\"]"}
COMMAND: POST /session/62c6c4e2516ebe3f1de2f3a3d288490f/elements - {"using":"xpath","value":"//bdi[text()=\"OK\"]"}
RESULT: {"using":"xpath","value":"//bdi[text()=\"OK\"]"}
COMMAND: POST /session/62c6c4e2516ebe3f1de2f3a3d288490f/elements - {"using":"xpath","value":"//bdi[text()=\"OK\"]"}
RESULT: {"using":"xpath","value":"//bdi[text()=\"OK\"]"}
COMMAND: POST /session/62c6c4e2516ebe3f1de2f3a3d288490f/elements - {"using":"xpath","value":"//bdi[text()=\"OK\"]"}
RESULT: {"using":"xpath","value":"//bdi[text()=\"OK\"]"}
COMMAND: POST /session/62c6c4e2516ebe3f1de2f3a3d288490f/elements - {"using":"xpath","value":"//bdi[text()=\"OK\"]"}
RESULT: {"using":"xpath","value":"//bdi[text()=\"OK\"]"}
COMMAND: POST /session/62c6c4e2516ebe3f1de2f3a3d288490f/elements - {"using":"xpath","value":"//bdi[text()=\"OK\"]"}
RESULT: {"using":"xpath","value":"//bdi[text()=\"OK\"]"}
COMMAND: POST /session/62c6c4e2516ebe3f1de2f3a3d288490f/elements - {"using":"xpath","value":"//bdi[text()=\"OK\"]"}
RESULT: {"using":"xpath","value":"//bdi[text()=\"OK\"]"}
COMMAND: POST /session/62c6c4e2516ebe3f1de2f3a3d288490f/elements - {"using":"xpath","value":"//bdi[text()=\"OK\"]"}
RESULT: {"using":"xpath","value":"//bdi[text()=\"OK\"]"}
COMMAND: POST /session/62c6c4e2516ebe3f1de2f3a3d288490f/elements - {"using":"xpath","value":"//bdi[text()=\"OK\"]"}
RESULT: {"using":"xpath","value":"//bdi[text()=\"OK\"]"}
COMMAND: POST /session/62c6c4e2516ebe3f1de2f3a3d288490f/elements - {"using":"xpath","value":"//bdi[text()=\"OK\"]"}
RESULT: {"using":"xpath","value":"//bdi[text()=\"OK\"]"}
COMMAND: POST /session/62c6c4e2516ebe3f1de2f3a3d288490f/elements - {"using":"xpath","value":"//bdi[text()=\"OK\"]"}
RESULT: {"using":"xpath","value":"//bdi[text()=\"OK\"]"}
COMMAND: POST /session/62c6c4e2516ebe3f1de2f3a3d288490f/elements - {"using":"xpath","value":"//bdi[text()=\"OK\"]"}
RESULT: {"using":"xpath","value":"//bdi[text()=\"OK\"]"}
COMMAND: POST /session/62c6c4e2516ebe3f1de2f3a3d288490f/elements - {"using":"xpath","value":"//bdi[text()=\"OK\"]"}
RESULT: {"using":"xpath","value":"//bdi[text()=\"OK\"]"}
COMMAND: POST /session/62c6c4e2516ebe3f1de2f3a3d288490f/elements - {"using":"xpath","value":"//bdi[text()=\"OK\"]"}
RESULT: {"using":"xpath","value":"//bdi[text()=\"OK\"]"}
COMMAND: POST /session/62c6c4e2516ebe3f1de2f3a3d288490f/elements - {"using":"xpath","value":"//bdi[text()=\"OK\"]"}
RESULT: {"using":"xpath","value":"//bdi[text()=\"OK\"]"}
COMMAND: POST /session/62c6c4e2516ebe3f1de2f3a3d288490f/elements - {"using":"xpath","value":"//bdi[text()=\"OK\"]"}
RESULT: {"using":"xpath","value":"//bdi[text()=\"OK\"]"}
COMMAND: POST /session/62c6c4e2516ebe3f1de2f3a3d288490f/elements - {"using":"xpath","value":"//bdi[text()=\"OK\"]"}
RESULT: {"using":"xpath","value":"//bdi[text()=\"OK\"]"}
COMMAND: POST /session/62c6c4e2516ebe3f1de2f3a3d288490f/elements - {"using":"xpath","value":"//bdi[text()=\"OK\"]"}
RESULT: {"using":"xpath","value":"//bdi[text()=\"OK\"]"}
COMMAND: POST /session/62c6c4e2516ebe3f1de2f3a3d288490f/elements - {"using":"xpath","value":"//bdi[text()=\"OK\"]"}
RESULT: {"using":"xpath","value":"//bdi[text()=\"OK\"]"}
COMMAND: POST /session/62c6c4e2516ebe3f1de2f3a3d288490f/elements - {"using":"xpath","value":"//bdi[text()=\"OK\"]"}
RESULT: {"using":"xpath","value":"//bdi[text()=\"OK\"]"}
COMMAND: POST /session/62c6c4e2516ebe3f1de2f3a3d288490f/elements - {"using":"xpath","value":"//bdi[text()=\"OK\"]"}
RESULT: {"using":"xpath","value":"//bdi[text()=\"OK\"]"}
COMMAND: POST /session/62c6c4e2516ebe3f1de2f3a3d288490f/elements - {"using":"xpath","value":"//bdi[text()=\"OK\"]"}
RESULT: {"using":"xpath","value":"//bdi[text()=\"OK\"]"}
COMMAND: POST /session/62c6c4e2516ebe3f1de2f3a3d288490f/elements - {"using":"xpath","value":"//bdi[text()=\"OK\"]"}
RESULT: {"using":"xpath","value":"//bdi[text()=\"OK\"]"}
COMMAND: POST /session/62c6c4e2516ebe3f1de2f3a3d288490f/elements - {"using":"xpath","value":"//bdi[text()=\"OK\"]"}
RESULT: {"using":"xpath","value":"//bdi[text()=\"OK\"]"}
COMMAND: POST /session/62c6c4e2516ebe3f1de2f3a3d288490f/elements - {"using":"xpath","value":"//bdi[text()=\"OK\"]"}
RESULT: {"using":"xpath","value":"//bdi[text()=\"OK\"]"}
COMMAND: POST /session/62c6c4e2516ebe3f1de2f3a3d288490f/elements - {"using":"xpath","value":"//bdi[text()=\"OK\"]"}
RESULT: {"using":"xpath","value":"//bdi[text()=\"OK\"]"}
COMMAND: POST /session/62c6c4e2516ebe3f1de2f3a3d288490f/elements - {"using":"xpath","value":"//bdi[text()=\"OK\"]"}
RESULT: {"using":"xpath","value":"//bdi[text()=\"OK\"]"}
COMMAND: POST /session/62c6c4e2516ebe3f1de2f3a3d288490f/elements - {"using":"xpath","value":"//bdi[text()=\"OK\"]"}
RESULT: {"using":"xpath","value":"//bdi[text()=\"OK\"]"}
COMMAND: POST /session/62c6c4e2516ebe3f1de2f3a3d288490f/elements - {"using":"xpath","value":"//bdi[text()=\"OK\"]"}
RESULT: {"using":"xpath","value":"//bdi[text()=\"OK\"]"}
COMMAND: POST /session/62c6c4e2516ebe3f1de2f3a3d288490f/elements - {"using":"xpath","value":"//bdi[text()=\"OK\"]"}
RESULT: {"using":"xpath","value":"//bdi[text()=\"OK\"]"}
COMMAND: POST /session/62c6c4e2516ebe3f1de2f3a3d288490f/elements - {"using":"xpath","value":"//bdi[text()=\"OK\"]"}
RESULT: {"using":"xpath","value":"//bdi[text()=\"OK\"]"}
COMMAND: POST /session/62c6c4e2516ebe3f1de2f3a3d288490f/elements - {"using":"xpath","value":"//bdi[text()=\"OK\"]"}
RESULT: {"using":"xpath","value":"//bdi[text()=\"OK\"]"}
COMMAND: POST /session/62c6c4e2516ebe3f1de2f3a3d288490f/elements - {"using":"xpath","value":"//bdi[text()=\"OK\"]"}
RESULT: {"using":"xpath","value":"//bdi[text()=\"OK\"]"}
COMMAND: POST /session/62c6c4e2516ebe3f1de2f3a3d288490f/elements - {"using":"xpath","value":"//bdi[text()=\"OK\"]"}
RESULT: {"using":"xpath","value":"//bdi[text()=\"OK\"]"}
COMMAND: POST /session/62c6c4e2516ebe3f1de2f3a3d288490f/elements - {"using":"xpath","value":"//bdi[text()=\"OK\"]"}
RESULT: {"using":"xpath","value":"//bdi[text()=\"OK\"]"}
COMMAND: POST /session/62c6c4e2516ebe3f1de2f3a3d288490f/elements - {"using":"xpath","value":"//bdi[text()=\"OK\"]"}
RESULT: {"using":"xpath","value":"//bdi[text()=\"OK\"]"}
COMMAND: POST /session/62c6c4e2516ebe3f1de2f3a3d288490f/elements - {"using":"xpath","value":"//bdi[text()=\"OK\"]"}
RESULT: {"using":"xpath","value":"//bdi[text()=\"OK\"]"}
COMMAND: POST /session/62c6c4e2516ebe3f1de2f3a3d288490f/elements - {"using":"xpath","value":"//bdi[text()=\"OK\"]"}
RESULT: {"using":"xpath","value":"//bdi[text()=\"OK\"]"}
COMMAND: POST /session/62c6c4e2516ebe3f1de2f3a3d288490f/elements - {"using":"xpath","value":"//bdi[text()=\"OK\"]"}
RESULT: {"using":"xpath","value":"//bdi[text()=\"OK\"]"}
COMMAND: POST /session/62c6c4e2516ebe3f1de2f3a3d288490f/elements - {"using":"xpath","value":"//bdi[text()=\"OK\"]"}
RESULT: {"using":"xpath","value":"//bdi[text()=\"OK\"]"}
COMMAND: POST /session/62c6c4e2516ebe3f1de2f3a3d288490f/elements - {"using":"xpath","value":"//bdi[text()=\"OK\"]"}
RESULT: {"using":"xpath","value":"//bdi[text()=\"OK\"]"}
COMMAND: POST /session/62c6c4e2516ebe3f1de2f3a3d288490f/elements - {"using":"xpath","value":"//bdi[text()=\"OK\"]"}
RESULT: {"using":"xpath","value":"//bdi[text()=\"OK\"]"}
COMMAND: POST /session/62c6c4e2516ebe3f1de2f3a3d288490f/elements - {"using":"xpath","value":"//bdi[text()=\"OK\"]"}
RESULT: {"using":"xpath","value":"//bdi[text()=\"OK\"]"}
COMMAND: POST /session/62c6c4e2516ebe3f1de2f3a3d288490f/execute/async - {"script":"<script> [1562 bytes]","args":[{"selector":{"id":"application-manageresources-display-component---newResourceUnit--TYPE-arrow"},"wdio_ui5_key":"applicationmanageresources-display-component---newResourceUnit--TYPE-arrow"}]}
RESULT: {"script":"<script> [1562 bytes]","args":[{"selector":{"id":"application-manageresources-display-component---newResourceUnit--TYPE-arrow"},"wdio_ui5_key":"applicationmanageresources-display-component---newResourceUnit--TYPE-arrow"}]}
RESULT: undefined
COMMAND: POST /session/62c6c4e2516ebe3f1de2f3a3d288490f/element - {"using":"xpath","value":"//*[@id=\"application-manageresources-display-component---newResourceUnit--TYPE-arrow\"]"}
RESULT: {"using":"xpath","value":"//*[@id=\"application-manageresources-display-component---newResourceUnit--TYPE-arrow\"]"}
COMMAND: POST /session/62c6c4e2516ebe3f1de2f3a3d288490f/element/f.E4C2DC6123E2A493099A271DC72A1D12.d.7770DDAE49FE674DA7709BDABF18817C.e.7251/click - {}
RESULT: {}
COMMAND: POST /session/62c6c4e2516ebe3f1de2f3a3d288490f/execute/async - {"script":"<script> [1562 bytes]","args":[{"selector":{"controlType":"sap.m.StandardListItem","viewName":"reusables.view.manageresources.NewResourceUnit","viewId":"application-manageresources-display-component---newResourceUnit","properties":{"title":"Equipment"},"searchOpenDialogs":true,"interaction":{"idSuffix":"content"}},"wdio_ui5_key":"reusablesview.manageresources.NewResourceUnitsap.m.StandardListItem{\"title\":\"Equipment\"}"}]}
COMMAND: GET /session/62c6c4e2516ebe3f1de2f3a3d288490f/screenshot - {}
RESULT: {"script":"<script> [1562 bytes]","args":[{"selector":{"controlType":"sap.m.StandardListItem","viewName":"reusables.view.manageresources.NewResourceUnit","viewId":"application-manageresources-display-component---newResourceUnit","properties":{"title":"Equipment"},"searchOpenDialogs":true,"interaction":{"idSuffix":"content"}},"wdio_ui5_key":"reusablesview.manageresources.NewResourceUnitsap.m.StandardListItem{\"title\":\"Equipment\"}"}]}
RESULT: undefined
COMMAND: POST /session/62c6c4e2516ebe3f1de2f3a3d288490f/element - {"using":"xpath","value":"//*[@id=\"__item138\"]"}
RESULT: {}
RESULT: {"using":"xpath","value":"//*[@id=\"__item138\"]"}
COMMAND: POST /session/62c6c4e2516ebe3f1de2f3a3d288490f/element/f.E4C2DC6123E2A493099A271DC72A1D12.d.7770DDAE49FE674DA7709BDABF18817C.e.7254/click - {}
RESULT: {}
COMMAND: POST /session/62c6c4e2516ebe3f1de2f3a3d288490f/execute/async - {"script":"<script> [1562 bytes]","args":[{"selector":{"id":"application-manageresources-display-component---newResourceUnit--resourceId","interaction":{"idSuffix":"inner"}},"wdio_ui5_key":"applicationmanageresources-display-component---newResourceUnit--resourceId"}]}
COMMAND: GET /session/62c6c4e2516ebe3f1de2f3a3d288490f/screenshot - {}
RESULT: {"script":"<script> [1562 bytes]","args":[{"selector":{"id":"application-manageresources-display-component---newResourceUnit--resourceId","interaction":{"idSuffix":"inner"}},"wdio_ui5_key":"applicationmanageresources-display-component---newResourceUnit--resourceId"}]}
RESULT: undefined
COMMAND: POST /session/62c6c4e2516ebe3f1de2f3a3d288490f/execute/async - {"script":"<script> [776 bytes]","args":[{"enterText":"EquipmentCounter xzard","selector":{"id":"application-manageresources-display-component---newResourceUnit--resourceId","interaction":{"idSuffix":"inner"}},"clearTextFirst":true,"interactionType":"ENTER_TEXT"}]}
RESULT: {}
RESULT: {"script":"<script> [776 bytes]","args":[{"enterText":"EquipmentCounter xzard","selector":{"id":"application-manageresources-display-component---newResourceUnit--resourceId","interaction":{"idSuffix":"inner"}},"clearTextFirst":true,"interactionType":"ENTER_TEXT"}]}
COMMAND: POST /session/62c6c4e2516ebe3f1de2f3a3d288490f/execute/async - {"script":"<script> [1562 bytes]","args":[{"selector":{"id":"application-manageresources-display-component---newResourceUnit--SHORT_TEXT","interaction":{"idSuffix":"inner"}},"wdio_ui5_key":"applicationmanageresources-display-component---newResourceUnit--SHORT_TEXT"}]}
RESULT: {"script":"<script> [1562 bytes]","args":[{"selector":{"id":"application-manageresources-display-component---newResourceUnit--SHORT_TEXT","interaction":{"idSuffix":"inner"}},"wdio_ui5_key":"applicationmanageresources-display-component---newResourceUnit--SHORT_TEXT"}]}
RESULT: undefined
COMMAND: POST /session/62c6c4e2516ebe3f1de2f3a3d288490f/execute/async - {"script":"<script> [776 bytes]","args":[{"enterText":"EquipmentCounter xzard","selector":{"id":"application-manageresources-display-component---newResourceUnit--SHORT_TEXT","interaction":{"idSuffix":"inner"}},"clearTextFirst":true,"interactionType":"ENTER_TEXT"}]}
RESULT: {"script":"<script> [776 bytes]","args":[{"enterText":"EquipmentCounter xzard","selector":{"id":"application-manageresources-display-component---newResourceUnit--SHORT_TEXT","interaction":{"idSuffix":"inner"}},"clearTextFirst":true,"interactionType":"ENTER_TEXT"}]}
COMMAND: POST /session/62c6c4e2516ebe3f1de2f3a3d288490f/execute/async - {"script":"<script> [1562 bytes]","args":[{"selector":{"id":"application-manageresources-display-component---newResourceUnit--BASE_UNIT_OF_MEASURE","interaction":{"idSuffix":"inner"}},"wdio_ui5_key":"applicationmanageresources-display-component---newResourceUnit--BASE_UNIT_OF_MEASURE"}]}
RESULT: {"script":"<script> [1562 bytes]","args":[{"selector":{"id":"application-manageresources-display-component---newResourceUnit--BASE_UNIT_OF_MEASURE","interaction":{"idSuffix":"inner"}},"wdio_ui5_key":"applicationmanageresources-display-component---newResourceUnit--BASE_UNIT_OF_MEASURE"}]}
RESULT: undefined
COMMAND: POST /session/62c6c4e2516ebe3f1de2f3a3d288490f/execute/async - {"script":"<script> [776 bytes]","args":[{"enterText":"Piece","selector":{"id":"application-manageresources-display-component---newResourceUnit--BASE_UNIT_OF_MEASURE","interaction":{"idSuffix":"inner"}},"clearTextFirst":true,"interactionType":"ENTER_TEXT"}]}
RESULT: {"script":"<script> [776 bytes]","args":[{"enterText":"Piece","selector":{"id":"application-manageresources-display-component---newResourceUnit--BASE_UNIT_OF_MEASURE","interaction":{"idSuffix":"inner"}},"clearTextFirst":true,"interactionType":"ENTER_TEXT"}]}
COMMAND: POST /session/62c6c4e2516ebe3f1de2f3a3d288490f/execute/async - {"script":"<script> [1562 bytes]","args":[{"selector":{"id":"application-manageresources-display-component---newResourceUnit--WEIGHT_UNIT","interaction":{"idSuffix":"inner"}},"wdio_ui5_key":"applicationmanageresources-display-component---newResourceUnit--WEIGHT_UNIT"}]}
RESULT: {"script":"<script> [1562 bytes]","args":[{"selector":{"id":"application-manageresources-display-component---newResourceUnit--WEIGHT_UNIT","interaction":{"idSuffix":"inner"}},"wdio_ui5_key":"applicationmanageresources-display-component---newResourceUnit--WEIGHT_UNIT"}]}
RESULT: undefined
COMMAND: POST /session/62c6c4e2516ebe3f1de2f3a3d288490f/execute/async - {"script":"<script> [776 bytes]","args":[{"enterText":"Gram","selector":{"id":"application-manageresources-display-component---newResourceUnit--WEIGHT_UNIT","interaction":{"idSuffix":"inner"}},"clearTextFirst":true,"interactionType":"ENTER_TEXT"}]}
RESULT: {"script":"<script> [776 bytes]","args":[{"enterText":"Gram","selector":{"id":"application-manageresources-display-component---newResourceUnit--WEIGHT_UNIT","interaction":{"idSuffix":"inner"}},"clearTextFirst":true,"interactionType":"ENTER_TEXT"}]}
COMMAND: POST /session/62c6c4e2516ebe3f1de2f3a3d288490f/execute/async - {"script":"<script> [1562 bytes]","args":[{"selector":{"id":"application-manageresources-display-component---newResourceUnit--newRRUPage-OPHeaderContent-collapseBtn-img"},"wdio_ui5_key":"applicationmanageresources-display-component---newResourceUnit--newRRUPage-OPHeaderContent-collapseBtn-img"}]}
RESULT: {"script":"<script> [1562 bytes]","args":[{"selector":{"id":"application-manageresources-display-component---newResourceUnit--newRRUPage-OPHeaderContent-collapseBtn-img"},"wdio_ui5_key":"applicationmanageresources-display-component---newResourceUnit--newRRUPage-OPHeaderContent-collapseBtn-img"}]}
RESULT: undefined
COMMAND: POST /session/62c6c4e2516ebe3f1de2f3a3d288490f/element - {"using":"xpath","value":"//*[@id=\"application-manageresources-display-component---newResourceUnit--newRRUPage-OPHeaderContent-collapseBtn-img\"]"}
RESULT: {"using":"xpath","value":"//*[@id=\"application-manageresources-display-component---newResourceUnit--newRRUPage-OPHeaderContent-collapseBtn-img\"]"}
COMMAND: POST /session/62c6c4e2516ebe3f1de2f3a3d288490f/element/f.E4C2DC6123E2A493099A271DC72A1D12.d.7770DDAE49FE674DA7709BDABF18817C.e.7263/click - {}
RESULT: {}
COMMAND: GET /session/62c6c4e2516ebe3f1de2f3a3d288490f/screenshot - {}
RESULT: {}
COMMAND: POST /session/62c6c4e2516ebe3f1de2f3a3d288490f/element - {"using":"xpath","value":"(//span[contains(@id ,\"application-manageresources-display-component---newResourceUnit--DIMENSION_UNIT-arrow\")])[1]"}
RESULT: {"using":"xpath","value":"(//span[contains(@id ,\"application-manageresources-display-component---newResourceUnit--DIMENSION_UNIT-arrow\")])[1]"}
COMMAND: POST /session/62c6c4e2516ebe3f1de2f3a3d288490f/element/f.E4C2DC6123E2A493099A271DC72A1D12.d.7770DDAE49FE674DA7709BDABF18817C.e.7385/click - {}
RESULT: {}
COMMAND: GET /session/62c6c4e2516ebe3f1de2f3a3d288490f/screenshot - {}
RESULT: {}
COMMAND: POST /session/62c6c4e2516ebe3f1de2f3a3d288490f/execute/async - {"script":"<script> [1562 bytes]","args":[{"selector":{"controlType":"sap.m.StandardListItem","viewName":"reusables.view.manageresources.NewResourceUnit","viewId":"application-manageresources-display-component---newResourceUnit","properties":{"title":"Centimeter"},"searchOpenDialogs":true,"interaction":{"idSuffix":"titleText"}},"wdio_ui5_key":"reusablesview.manageresources.NewResourceUnitsap.m.StandardListItem{\"title\":\"Centimeter\"}"}]}
RESULT: {"script":"<script> [1562 bytes]","args":[{"selector":{"controlType":"sap.m.StandardListItem","viewName":"reusables.view.manageresources.NewResourceUnit","viewId":"application-manageresources-display-component---newResourceUnit","properties":{"title":"Centimeter"},"searchOpenDialogs":true,"interaction":{"idSuffix":"titleText"}},"wdio_ui5_key":"reusablesview.manageresources.NewResourceUnitsap.m.StandardListItem{\"title\":\"Centimeter\"}"}]}
RESULT: undefined
COMMAND: POST /session/62c6c4e2516ebe3f1de2f3a3d288490f/element - {"using":"xpath","value":"//*[@id=\"__item179\"]"}
RESULT: {"using":"xpath","value":"//*[@id=\"__item179\"]"}
COMMAND: POST /session/62c6c4e2516ebe3f1de2f3a3d288490f/element/f.E4C2DC6123E2A493099A271DC72A1D12.d.7770DDAE49FE674DA7709BDABF18817C.e.7387/click - {}
RESULT: {}
COMMAND: GET /session/62c6c4e2516ebe3f1de2f3a3d288490f/screenshot - {}
RESULT: {}
COMMAND: POST /session/62c6c4e2516ebe3f1de2f3a3d288490f/execute/async - {"script":"<script> [1562 bytes]","args":[{"selector":{"id":"application-manageresources-display-component---newResourceUnit--newRRUPage-anchBar-application-manageresources-display-component---newResourceUnit--control-anchor","interaction":{"idSuffix":"BDI-content"}},"wdio_ui5_key":"applicationmanageresources-display-component---newResourceUnit--newRRUPage-anchBar-application-manageresources-display-component---newResourceUnit--control-anchor"}]}
RESULT: {"script":"<script> [1562 bytes]","args":[{"selector":{"id":"application-manageresources-display-component---newResourceUnit--newRRUPage-anchBar-application-manageresources-display-component---newResourceUnit--control-anchor","interaction":{"idSuffix":"BDI-content"}},"wdio_ui5_key":"applicationmanageresources-display-component---newResourceUnit--newRRUPage-anchBar-application-manageresources-display-component---newResourceUnit--control-anchor"}]}
RESULT: undefined
COMMAND: POST /session/62c6c4e2516ebe3f1de2f3a3d288490f/element - {"using":"xpath","value":"//*[@id=\"application-manageresources-display-component---newResourceUnit--newRRUPage-anchBar-application-manageresources-display-component---newResourceUnit--control-anchor\"]"}
RESULT: {"using":"xpath","value":"//*[@id=\"application-manageresources-display-component---newResourceUnit--newRRUPage-anchBar-application-manageresources-display-component---newResourceUnit--control-anchor\"]"}
COMMAND: POST /session/62c6c4e2516ebe3f1de2f3a3d288490f/element/f.E4C2DC6123E2A493099A271DC72A1D12.d.7770DDAE49FE674DA7709BDABF18817C.e.7389/click - {}
RESULT: {}
COMMAND: POST /session/62c6c4e2516ebe3f1de2f3a3d288490f/execute/async - {"script":"<script> [1562 bytes]","args":[{"selector":{"id":"application-manageresources-display-component---newResourceUnit--PLANNING_GROUP","interaction":{"idSuffix":"inner"}},"wdio_ui5_key":"applicationmanageresources-display-component---newResourceUnit--PLANNING_GROUP"}]}
COMMAND: GET /session/62c6c4e2516ebe3f1de2f3a3d288490f/screenshot - {}
RESULT: {"script":"<script> [1562 bytes]","args":[{"selector":{"id":"application-manageresources-display-component---newResourceUnit--PLANNING_GROUP","interaction":{"idSuffix":"inner"}},"wdio_ui5_key":"applicationmanageresources-display-component---newResourceUnit--PLANNING_GROUP"}]}
RESULT: undefined
COMMAND: POST /session/62c6c4e2516ebe3f1de2f3a3d288490f/execute/async - {"script":"<script> [776 bytes]","args":[{"enterText":"Heavy Equi","selector":{"id":"application-manageresources-display-component---newResourceUnit--PLANNING_GROUP","interaction":{"idSuffix":"inner"}},"clearTextFirst":true,"interactionType":"ENTER_TEXT"}]}
RESULT: {}
RESULT: {"script":"<script> [776 bytes]","args":[{"enterText":"Heavy Equi","selector":{"id":"application-manageresources-display-component---newResourceUnit--PLANNING_GROUP","interaction":{"idSuffix":"inner"}},"clearTextFirst":true,"interactionType":"ENTER_TEXT"}]}
COMMAND: POST /session/62c6c4e2516ebe3f1de2f3a3d288490f/execute/async - {"script":"<script> [1562 bytes]","args":[{"selector":{"id":"application-manageresources-display-component---newResourceUnit--ITEM_TYPE-arrow"},"wdio_ui5_key":"applicationmanageresources-display-component---newResourceUnit--ITEM_TYPE-arrow"}]}
RESULT: {"script":"<script> [1562 bytes]","args":[{"selector":{"id":"application-manageresources-display-component---newResourceUnit--ITEM_TYPE-arrow"},"wdio_ui5_key":"applicationmanageresources-display-component---newResourceUnit--ITEM_TYPE-arrow"}]}
RESULT: undefined
COMMAND: POST /session/62c6c4e2516ebe3f1de2f3a3d288490f/element - {"using":"xpath","value":"//*[@id=\"application-manageresources-display-component---newResourceUnit--ITEM_TYPE-arrow\"]"}
RESULT: {"using":"xpath","value":"//*[@id=\"application-manageresources-display-component---newResourceUnit--ITEM_TYPE-arrow\"]"}
COMMAND: POST /session/62c6c4e2516ebe3f1de2f3a3d288490f/element/f.E4C2DC6123E2A493099A271DC72A1D12.d.7770DDAE49FE674DA7709BDABF18817C.e.7394/click - {}
RESULT: {}
COMMAND: POST /session/62c6c4e2516ebe3f1de2f3a3d288490f/execute/async - {"script":"<script> [1562 bytes]","args":[{"selector":{"controlType":"sap.m.StandardListItem","viewName":"reusables.view.manageresources.NewResourceUnit","viewId":"application-manageresources-display-component---newResourceUnit","properties":{"title":"Resource Unit"},"searchOpenDialogs":true,"interaction":{"idSuffix":"titleText"}},"wdio_ui5_key":"reusablesview.manageresources.NewResourceUnitsap.m.StandardListItem{\"title\":\"Resource Unit\"}"}]}
COMMAND: GET /session/62c6c4e2516ebe3f1de2f3a3d288490f/screenshot - {}
RESULT: {"script":"<script> [1562 bytes]","args":[{"selector":{"controlType":"sap.m.StandardListItem","viewName":"reusables.view.manageresources.NewResourceUnit","viewId":"application-manageresources-display-component---newResourceUnit","properties":{"title":"Resource Unit"},"searchOpenDialogs":true,"interaction":{"idSuffix":"titleText"}},"wdio_ui5_key":"reusablesview.manageresources.NewResourceUnitsap.m.StandardListItem{\"title\":\"Resource Unit\"}"}]}
RESULT: undefined
COMMAND: POST /session/62c6c4e2516ebe3f1de2f3a3d288490f/element - {"using":"xpath","value":"//*[@id=\"__item201\"]"}
RESULT: {}
RESULT: {"using":"xpath","value":"//*[@id=\"__item201\"]"}
COMMAND: POST /session/62c6c4e2516ebe3f1de2f3a3d288490f/element/f.E4C2DC6123E2A493099A271DC72A1D12.d.7770DDAE49FE674DA7709BDABF18817C.e.7396/click - {}
RESULT: {}
COMMAND: POST /session/62c6c4e2516ebe3f1de2f3a3d288490f/element - {"using":"xpath","value":"//bdi[contains(text(), \"Time Segment\")]"}
COMMAND: GET /session/62c6c4e2516ebe3f1de2f3a3d288490f/screenshot - {}
RESULT: {"using":"xpath","value":"//bdi[contains(text(), \"Time Segment\")]"}
COMMAND: GET /session/62c6c4e2516ebe3f1de2f3a3d288490f/element/f.E4C2DC6123E2A493099A271DC72A1D12.d.7770DDAE49FE674DA7709BDABF18817C.e.7397/rect - {}
RESULT: {}
RESULT: {}
COMMAND: GET /session/62c6c4e2516ebe3f1de2f3a3d288490f/window/rect - {}
RESULT: {}
COMMAND: POST /session/62c6c4e2516ebe3f1de2f3a3d288490f/execute/sync - {"script":"<script> [92 bytes]","args":[]}
RESULT: {"script":"<script> [92 bytes]","args":[]}
COMMAND: POST /session/62c6c4e2516ebe3f1de2f3a3d288490f/actions - {"actions":[{"id":"action21","type":"wheel","parameters":{},"actions":[{"type":"scroll","x":-1820,"y":-21,"deltaX":0,"deltaY":0,"duration":0,"origin":{"element-6066-11e4-a52e-4f735466cecf":"f.E4C2DC6123E2A493099A271DC72A1D12.d.7770DDAE49FE674DA7709BDABF18817C.e.7397"}}]}]}
COMMAND: GET /session/62c6c4e2516ebe3f1de2f3a3d288490f/screenshot - {}
RESULT: {}
COMMAND: POST /session/62c6c4e2516ebe3f1de2f3a3d288490f/execute/sync - {"script":"<script> [79 bytes]","args":[{"element-6066-11e4-a52e-4f735466cecf":"f.E4C2DC6123E2A493099A271DC72A1D12.d.7770DDAE49FE674DA7709BDABF18817C.e.7397","ELEMENT":"f.E4C2DC6123E2A493099A271DC72A1D12.d.7770DDAE49FE674DA7709BDABF18817C.e.7397"},{"block":"start","inline":"nearest"}]}
RESULT: {"script":"<script> [79 bytes]","args":[{"element-6066-11e4-a52e-4f735466cecf":"f.E4C2DC6123E2A493099A271DC72A1D12.d.7770DDAE49FE674DA7709BDABF18817C.e.7397","ELEMENT":"f.E4C2DC6123E2A493099A271DC72A1D12.d.7770DDAE49FE674DA7709BDABF18817C.e.7397"},{"block":"start","inline":"nearest"}]}
COMMAND: POST /session/62c6c4e2516ebe3f1de2f3a3d288490f/execute/async - {"script":"<script> [1562 bytes]","args":[{"selector":{"id":"application-manageresources-display-component---newResourceUnit--btnAddTimeSegment-img"},"wdio_ui5_key":"applicationmanageresources-display-component---newResourceUnit--btnAddTimeSegment-img"}]}
COMMAND: GET /session/62c6c4e2516ebe3f1de2f3a3d288490f/screenshot - {}
RESULT: {"script":"<script> [1562 bytes]","args":[{"selector":{"id":"application-manageresources-display-component---newResourceUnit--btnAddTimeSegment-img"},"wdio_ui5_key":"applicationmanageresources-display-component---newResourceUnit--btnAddTimeSegment-img"}]}
RESULT: undefined
COMMAND: POST /session/62c6c4e2516ebe3f1de2f3a3d288490f/element - {"using":"xpath","value":"//*[@id=\"application-manageresources-display-component---newResourceUnit--btnAddTimeSegment-img\"]"}
RESULT: {}
RESULT: {"using":"xpath","value":"//*[@id=\"application-manageresources-display-component---newResourceUnit--btnAddTimeSegment-img\"]"}
COMMAND: POST /session/62c6c4e2516ebe3f1de2f3a3d288490f/element/f.E4C2DC6123E2A493099A271DC72A1D12.d.7770DDAE49FE674DA7709BDABF18817C.e.7398/click - {}
RESULT: {}
COMMAND: POST /session/62c6c4e2516ebe3f1de2f3a3d288490f/element - {"using":"xpath","value":"//input[@id=\"application-manageresources-display-component---newResourceUnit--idRuTSAdmin-application-manageresources-display-component---newResourceUnit--RUTimeSegment-0-inner\"]"}
COMMAND: GET /session/62c6c4e2516ebe3f1de2f3a3d288490f/screenshot - {}
RESULT: {"using":"xpath","value":"//input[@id=\"application-manageresources-display-component---newResourceUnit--idRuTSAdmin-application-manageresources-display-component---newResourceUnit--RUTimeSegment-0-inner\"]"}
COMMAND: POST /session/62c6c4e2516ebe3f1de2f3a3d288490f/element/f.E4C2DC6123E2A493099A271DC72A1D12.d.7770DDAE49FE674DA7709BDABF18817C.e.7403/clear - {}
RESULT: {}
RESULT: {}
COMMAND: POST /session/62c6c4e2516ebe3f1de2f3a3d288490f/element/f.E4C2DC6123E2A493099A271DC72A1D12.d.7770DDAE49FE674DA7709BDABF18817C.e.7403/value - {"text":"Webdriver Yard"}
COMMAND: GET /session/62c6c4e2516ebe3f1de2f3a3d288490f/screenshot - {}
RESULT: {"text":"Webdriver Yard"}
COMMAND: GET /session/62c6c4e2516ebe3f1de2f3a3d288490f/screenshot - {}
RESULT: {}
RESULT: {}
COMMAND: POST /session/62c6c4e2516ebe3f1de2f3a3d288490f/actions - {"actions":[{"id":"action22","type":"key","parameters":{},"actions":[{"type":"keyDown","value":"î€‡"},{"type":"pause","duration":10},{"type":"keyUp","value":"î€‡"}]}]}
RESULT: {"actions":[{"id":"action22","type":"key","parameters":{},"actions":[{"type":"keyDown","value":"î€‡"},{"type":"pause","duration":10},{"type":"keyUp","value":"î€‡"}]}]}
COMMAND: POST /session/62c6c4e2516ebe3f1de2f3a3d288490f/execute/async - {"script":"<script> [1562 bytes]","args":[{"selector":{"controlType":"sap.ui.core.Icon","viewName":"reusables.view.manageresources.NewResourceUnit","viewId":"application-manageresources-display-component---newResourceUnit","properties":{"src":{"regex":{"source":"slim\\-arrow\\-down"}}},"ancestor":{"controlType":"sap.m.ComboBox","viewName":"reusables.view.manageresources.NewResourceUnit","viewId":"application-manageresources-display-component---newResourceUnit","bindingPath":{"path":"/RESOURCE_UNIT_TIME_SEQUENCES/0","propertyPath":"COST_OBJECT_ADMIN_CST_TYPE","modelName":"oNewRruModel"}}},"wdio_ui5_key":"reusablesview.manageresources.NewResourceUnitsap.ui.core.Icon{\"src\":{\"regex\":{\"source\":\"slim\\\\-arrow\\\\-down\"}}}{\"controlType\":\"sap.m.ComboBox\",\"viewName\":\"reusables.view.manageresources.NewResourceUnit\",\"viewId\":\"application-manageresources-display-component---newResourceUnit\",\"bindingPath\":{\"path\":\"/RESOURCE_UNIT_TIME_SEQUENCES/0\",\"propertyPath\":\"COST_OBJECT_ADMIN_CST_TYPE\",\"modelName\":\"oNewRruModel\"}}"}]}
COMMAND: GET /session/62c6c4e2516ebe3f1de2f3a3d288490f/screenshot - {}
RESULT: {"script":"<script> [1562 bytes]","args":[{"selector":{"controlType":"sap.ui.core.Icon","viewName":"reusables.view.manageresources.NewResourceUnit","viewId":"application-manageresources-display-component---newResourceUnit","properties":{"src":{"regex":{"source":"slim\\-arrow\\-down"}}},"ancestor":{"controlType":"sap.m.ComboBox","viewName":"reusables.view.manageresources.NewResourceUnit","viewId":"application-manageresources-display-component---newResourceUnit","bindingPath":{"path":"/RESOURCE_UNIT_TIME_SEQUENCES/0","propertyPath":"COST_OBJECT_ADMIN_CST_TYPE","modelName":"oNewRruModel"}}},"wdio_ui5_key":"reusablesview.manageresources.NewResourceUnitsap.ui.core.Icon{\"src\":{\"regex\":{\"source\":\"slim\\\\-arrow\\\\-down\"}}}{\"controlType\":\"sap.m.ComboBox\",\"viewName\":\"reusables.view.manageresources.NewResourceUnit\",\"viewId\":\"application-manageresources-display-component---newResourceUnit\",\"bindingPath\":{\"path\":\"/RESOURCE_UNIT_TIME_SEQUENCES/0\",\"propertyPath\":\"COST_OBJECT_ADMIN_CST_TYPE\",\"modelName\":\"oNewRruModel\"}}"}]}
RESULT: undefined
COMMAND: POST /session/62c6c4e2516ebe3f1de2f3a3d288490f/element - {"using":"xpath","value":"//*[@id=\"__box4-application-manageresources-display-component---newResourceUnit--RUTimeSegment-0-arrow\"]"}
RESULT: {}
RESULT: {"using":"xpath","value":"//*[@id=\"__box4-application-manageresources-display-component---newResourceUnit--RUTimeSegment-0-arrow\"]"}
COMMAND: POST /session/62c6c4e2516ebe3f1de2f3a3d288490f/element/f.E4C2DC6123E2A493099A271DC72A1D12.d.7770DDAE49FE674DA7709BDABF18817C.e.7418/click - {}
RESULT: {}
COMMAND: POST /session/62c6c4e2516ebe3f1de2f3a3d288490f/execute/async - {"script":"<script> [1562 bytes]","args":[{"selector":{"controlType":"sap.m.StandardListItem","viewName":"reusables.view.manageresources.NewResourceUnit","viewId":"application-manageresources-display-component---newResourceUnit","properties":{"title":"PM Order"},"searchOpenDialogs":true,"interaction":{"idSuffix":"titleText"}},"wdio_ui5_key":"reusablesview.manageresources.NewResourceUnitsap.m.StandardListItem{\"title\":\"PM Order\"}"}]}
COMMAND: GET /session/62c6c4e2516ebe3f1de2f3a3d288490f/screenshot - {}
RESULT: {"script":"<script> [1562 bytes]","args":[{"selector":{"controlType":"sap.m.StandardListItem","viewName":"reusables.view.manageresources.NewResourceUnit","viewId":"application-manageresources-display-component---newResourceUnit","properties":{"title":"PM Order"},"searchOpenDialogs":true,"interaction":{"idSuffix":"titleText"}},"wdio_ui5_key":"reusablesview.manageresources.NewResourceUnitsap.m.StandardListItem{\"title\":\"PM Order\"}"}]}
RESULT: undefined
COMMAND: POST /session/62c6c4e2516ebe3f1de2f3a3d288490f/element - {"using":"xpath","value":"//*[@id=\"__item626\"]"}
RESULT: {}
RESULT: {"using":"xpath","value":"//*[@id=\"__item626\"]"}
COMMAND: POST /session/62c6c4e2516ebe3f1de2f3a3d288490f/element/f.E4C2DC6123E2A493099A271DC72A1D12.d.7770DDAE49FE674DA7709BDABF18817C.e.7422/click - {}
RESULT: {}
COMMAND: GET /session/62c6c4e2516ebe3f1de2f3a3d288490f/screenshot - {}
RESULT: {}
COMMAND: POST /session/62c6c4e2516ebe3f1de2f3a3d288490f/element - {"using":"xpath","value":"(//input[contains(@id ,\"-application-manageresources-display-component---newResourceUnit--RUTimeSegment-0-inner\")])[8]"}
RESULT: {"using":"xpath","value":"(//input[contains(@id ,\"-application-manageresources-display-component---newResourceUnit--RUTimeSegment-0-inner\")])[8]"}
COMMAND: POST /session/62c6c4e2516ebe3f1de2f3a3d288490f/element/f.E4C2DC6123E2A493099A271DC72A1D12.d.7770DDAE49FE674DA7709BDABF18817C.e.7425/clear - {}
RESULT: {}
COMMAND: POST /session/62c6c4e2516ebe3f1de2f3a3d288490f/element/f.E4C2DC6123E2A493099A271DC72A1D12.d.7770DDAE49FE674DA7709BDABF18817C.e.7425/value - {"text":"4000360"}
COMMAND: GET /session/62c6c4e2516ebe3f1de2f3a3d288490f/screenshot - {}
RESULT: {"text":"4000360"}
COMMAND: GET /session/62c6c4e2516ebe3f1de2f3a3d288490f/screenshot - {}
RESULT: {}
RESULT: {}
COMMAND: POST /session/62c6c4e2516ebe3f1de2f3a3d288490f/actions - {"actions":[{"id":"action23","type":"key","parameters":{},"actions":[{"type":"keyDown","value":"î€‡"},{"type":"pause","duration":10},{"type":"keyUp","value":"î€‡"}]}]}
RESULT: {"actions":[{"id":"action23","type":"key","parameters":{},"actions":[{"type":"keyDown","value":"î€‡"},{"type":"pause","duration":10},{"type":"keyUp","value":"î€‡"}]}]}
COMMAND: GET /session/62c6c4e2516ebe3f1de2f3a3d288490f/screenshot - {}
RESULT: {}
COMMAND: POST /session/62c6c4e2516ebe3f1de2f3a3d288490f/execute/async - {"script":"<script> [1562 bytes]","args":[{"selector":{"id":"application-manageresources-display-component---newResourceUnit--newTimeSegmentDateRangePicker-application-manageresources-display-component---newResourceUnit--RUTimeSegment-0","interaction":{"idSuffix":"inner"}},"wdio_ui5_key":"applicationmanageresources-display-component---newResourceUnit--newTimeSegmentDateRangePicker-application-manageresources-display-component---newResourceUnit--RUTimeSegment-0"}]}
RESULT: {"script":"<script> [1562 bytes]","args":[{"selector":{"id":"application-manageresources-display-component---newResourceUnit--newTimeSegmentDateRangePicker-application-manageresources-display-component---newResourceUnit--RUTimeSegment-0","interaction":{"idSuffix":"inner"}},"wdio_ui5_key":"applicationmanageresources-display-component---newResourceUnit--newTimeSegmentDateRangePicker-application-manageresources-display-component---newResourceUnit--RUTimeSegment-0"}]}
RESULT: undefined
COMMAND: POST /session/62c6c4e2516ebe3f1de2f3a3d288490f/execute/async - {"script":"<script> [1562 bytes]","args":[{"selector":{"id":"application-manageresources-display-component---newResourceUnit--newRRUPage-anchBar-application-manageresources-display-component---newResourceUnit--resource-anchor","interaction":{"idSuffix":"BDI-content"}},"wdio_ui5_key":"applicationmanageresources-display-component---newResourceUnit--newRRUPage-anchBar-application-manageresources-display-component---newResourceUnit--resource-anchor"}]}
RESULT: {"script":"<script> [1562 bytes]","args":[{"selector":{"id":"application-manageresources-display-component---newResourceUnit--newRRUPage-anchBar-application-manageresources-display-component---newResourceUnit--resource-anchor","interaction":{"idSuffix":"BDI-content"}},"wdio_ui5_key":"applicationmanageresources-display-component---newResourceUnit--newRRUPage-anchBar-application-manageresources-display-component---newResourceUnit--resource-anchor"}]}
RESULT: undefined
COMMAND: POST /session/62c6c4e2516ebe3f1de2f3a3d288490f/element - {"using":"xpath","value":"//*[@id=\"application-manageresources-display-component---newResourceUnit--newRRUPage-anchBar-application-manageresources-display-component---newResourceUnit--resource-anchor\"]"}
RESULT: {"using":"xpath","value":"//*[@id=\"application-manageresources-display-component---newResourceUnit--newRRUPage-anchBar-application-manageresources-display-component---newResourceUnit--resource-anchor\"]"}
COMMAND: POST /session/62c6c4e2516ebe3f1de2f3a3d288490f/element/f.E4C2DC6123E2A493099A271DC72A1D12.d.7770DDAE49FE674DA7709BDABF18817C.e.7430/click - {}
RESULT: {}
COMMAND: POST /session/62c6c4e2516ebe3f1de2f3a3d288490f/execute/async - {"script":"<script> [1562 bytes]","args":[{"selector":{"id":"application-manageresources-display-component---newResourceUnit--PLANNED_DELIVERY_DATE","interaction":{"idSuffix":"inner"}},"wdio_ui5_key":"applicationmanageresources-display-component---newResourceUnit--PLANNED_DELIVERY_DATE"}]}
COMMAND: GET /session/62c6c4e2516ebe3f1de2f3a3d288490f/screenshot - {}
RESULT: {"script":"<script> [1562 bytes]","args":[{"selector":{"id":"application-manageresources-display-component---newResourceUnit--PLANNED_DELIVERY_DATE","interaction":{"idSuffix":"inner"}},"wdio_ui5_key":"applicationmanageresources-display-component---newResourceUnit--PLANNED_DELIVERY_DATE"}]}
RESULT: undefined
COMMAND: POST /session/62c6c4e2516ebe3f1de2f3a3d288490f/execute/async - {"script":"<script> [6424 bytes]","args":[{"element-6066-11e4-a52e-4f735466cecf":"f.E4C2DC6123E2A493099A271DC72A1D12.d.7770DDAE49FE674DA7709BDABF18817C.e.7308"},"setValue",["06/16/24"]]}
RESULT: {}
RESULT: {"script":"<script> [6424 bytes]","args":[{"element-6066-11e4-a52e-4f735466cecf":"f.E4C2DC6123E2A493099A271DC72A1D12.d.7770DDAE49FE674DA7709BDABF18817C.e.7308"},"setValue",["06/16/24"]]}
COMMAND: POST /session/62c6c4e2516ebe3f1de2f3a3d288490f/execute/async - {"script":"<script> [1562 bytes]","args":[{"selector":{"controlType":"sap.m.Button","viewName":"reusables.view.manageresources.NewResourceUnit","viewId":"application-manageresources-display-component---newResourceUnit","i18NText":{"propertyName":"tooltip","key":"save"},"interaction":{"idSuffix":"BDI-content"}},"wdio_ui5_key":"reusablesview.manageresources.NewResourceUnitsap.m.Button{\"propertyName\":\"tooltip\",\"key\":\"save\"}"}]}
RESULT: {"script":"<script> [1562 bytes]","args":[{"selector":{"controlType":"sap.m.Button","viewName":"reusables.view.manageresources.NewResourceUnit","viewId":"application-manageresources-display-component---newResourceUnit","i18NText":{"propertyName":"tooltip","key":"save"},"interaction":{"idSuffix":"BDI-content"}},"wdio_ui5_key":"reusablesview.manageresources.NewResourceUnitsap.m.Button{\"propertyName\":\"tooltip\",\"key\":\"save\"}"}]}
RESULT: undefined
COMMAND: POST /session/62c6c4e2516ebe3f1de2f3a3d288490f/element - {"using":"xpath","value":"//*[@id=\"application-manageresources-display-component---newResourceUnit--createRuButton\"]"}
RESULT: {"using":"xpath","value":"//*[@id=\"application-manageresources-display-component---newResourceUnit--createRuButton\"]"}
COMMAND: POST /session/62c6c4e2516ebe3f1de2f3a3d288490f/element/f.E4C2DC6123E2A493099A271DC72A1D12.d.7770DDAE49FE674DA7709BDABF18817C.e.7269/click - {}
RESULT: {}
COMMAND: GET /session/62c6c4e2516ebe3f1de2f3a3d288490f/screenshot - {}
RESULT: {}
COMMAND: POST /session/62c6c4e2516ebe3f1de2f3a3d288490f/execute/async - {"script":"<script> [1562 bytes]","args":[{"selector":{"controlType":"sap.m.Button","properties":{"text":"Close"},"searchOpenDialogs":true,"interaction":{"idSuffix":"inner"}},"wdio_ui5_key":"sapm.Button{\"text\":\"Close\"}"}]}
RESULT: {"script":"<script> [1562 bytes]","args":[{"selector":{"controlType":"sap.m.Button","properties":{"text":"Close"},"searchOpenDialogs":true,"interaction":{"idSuffix":"inner"}},"wdio_ui5_key":"sapm.Button{\"text\":\"Close\"}"}]}
RESULT: undefined
COMMAND: POST /session/62c6c4e2516ebe3f1de2f3a3d288490f/element - {"using":"xpath","value":"//*[@id=\"__mbox-btn-0\"]"}
RESULT: {"using":"xpath","value":"//*[@id=\"__mbox-btn-0\"]"}
COMMAND: POST /session/62c6c4e2516ebe3f1de2f3a3d288490f/element/f.E4C2DC6123E2A493099A271DC72A1D12.d.7770DDAE49FE674DA7709BDABF18817C.e.7436/click - {}
RESULT: {}
COMMAND: GET /session/62c6c4e2516ebe3f1de2f3a3d288490f/screenshot - {}
RESULT: {}
COMMAND: POST /session/62c6c4e2516ebe3f1de2f3a3d288490f/execute/async - {"script":"<script> [1562 bytes]","args":[{"selector":{"controlType":"sap.m.Text","viewName":"etm.portal.ui.manageresources.view.Detail","viewId":"application-manageresources-display-component---detailRU","bindingPath":{"propertyPath":"ID","modelName":"catalogModel"}},"wdio_ui5_key":"etmportal.ui.manageresources.view.Detailsap.m.Text{\"propertyPath\":\"ID\",\"modelName\":\"catalogModel\"}"}]}
RESULT: {"script":"<script> [1562 bytes]","args":[{"selector":{"controlType":"sap.m.Text","viewName":"etm.portal.ui.manageresources.view.Detail","viewId":"application-manageresources-display-component---detailRU","bindingPath":{"propertyPath":"ID","modelName":"catalogModel"}},"wdio_ui5_key":"etmportal.ui.manageresources.view.Detailsap.m.Text{\"propertyPath\":\"ID\",\"modelName\":\"catalogModel\"}"}]}
RESULT: undefined
COMMAND: POST /session/62c6c4e2516ebe3f1de2f3a3d288490f/execute/async - {"script":"<script> [6424 bytes]","args":[{"element-6066-11e4-a52e-4f735466cecf":"f.E4C2DC6123E2A493099A271DC72A1D12.d.7770DDAE49FE674DA7709BDABF18817C.e.7494"},"getText",[]]}
RESULT: {"script":"<script> [6424 bytes]","args":[{"element-6066-11e4-a52e-4f735466cecf":"f.E4C2DC6123E2A493099A271DC72A1D12.d.7770DDAE49FE674DA7709BDABF18817C.e.7494"},"getText",[]]}
COMMAND: POST /session/62c6c4e2516ebe3f1de2f3a3d288490f/element - {"using":"xpath","value":"//bdi[text()=\"Edit\"]"}
RESULT: {"using":"xpath","value":"//bdi[text()=\"Edit\"]"}
COMMAND: GET /session/62c6c4e2516ebe3f1de2f3a3d288490f/element/f.E4C2DC6123E2A493099A271DC72A1D12.d.7770DDAE49FE674DA7709BDABF18817C.e.7495/enabled - {}
RESULT: {}
COMMAND: POST /session/62c6c4e2516ebe3f1de2f3a3d288490f/execute/sync - {"script":"<script> [8489 bytes]","args":[{"element-6066-11e4-a52e-4f735466cecf":"f.E4C2DC6123E2A493099A271DC72A1D12.d.7770DDAE49FE674DA7709BDABF18817C.e.7495","ELEMENT":"f.E4C2DC6123E2A493099A271DC72A1D12.d.7770DDAE49FE674DA7709BDABF18817C.e.7495"}]}
COMMAND: GET /session/62c6c4e2516ebe3f1de2f3a3d288490f/screenshot - {}
RESULT: {"script":"<script> [8489 bytes]","args":[{"element-6066-11e4-a52e-4f735466cecf":"f.E4C2DC6123E2A493099A271DC72A1D12.d.7770DDAE49FE674DA7709BDABF18817C.e.7495","ELEMENT":"f.E4C2DC6123E2A493099A271DC72A1D12.d.7770DDAE49FE674DA7709BDABF18817C.e.7495"}]}
COMMAND: POST /session/62c6c4e2516ebe3f1de2f3a3d288490f/execute/sync - {"script":"<script> [5351 bytes]","args":[{"element-6066-11e4-a52e-4f735466cecf":"f.E4C2DC6123E2A493099A271DC72A1D12.d.7770DDAE49FE674DA7709BDABF18817C.e.7495","ELEMENT":"f.E4C2DC6123E2A493099A271DC72A1D12.d.7770DDAE49FE674DA7709BDABF18817C.e.7495"}]}
COMMAND: GET /session/62c6c4e2516ebe3f1de2f3a3d288490f/screenshot - {}
RESULT: {}
RESULT: {"script":"<script> [5351 bytes]","args":[{"element-6066-11e4-a52e-4f735466cecf":"f.E4C2DC6123E2A493099A271DC72A1D12.d.7770DDAE49FE674DA7709BDABF18817C.e.7495","ELEMENT":"f.E4C2DC6123E2A493099A271DC72A1D12.d.7770DDAE49FE674DA7709BDABF18817C.e.7495"}]}
COMMAND: POST /session/62c6c4e2516ebe3f1de2f3a3d288490f/element/f.E4C2DC6123E2A493099A271DC72A1D12.d.7770DDAE49FE674DA7709BDABF18817C.e.7495/click - {}
COMMAND: GET /session/62c6c4e2516ebe3f1de2f3a3d288490f/screenshot - {}
RESULT: {}
RESULT: {}
COMMAND: GET /session/62c6c4e2516ebe3f1de2f3a3d288490f/screenshot - {}
RESULT: {}
RESULT: {}
COMMAND: POST /session/62c6c4e2516ebe3f1de2f3a3d288490f/element - {"using":"xpath","value":"//bdi[@id=\"application-manageresources-display-component---editResource--editRruPage-anchBar-application-manageresources-display-component---editResource--counters-anchor-BDI-content\"]"}
RESULT: {"using":"xpath","value":"//bdi[@id=\"application-manageresources-display-component---editResource--editRruPage-anchBar-application-manageresources-display-component---editResource--counters-anchor-BDI-content\"]"}
COMMAND: POST /session/62c6c4e2516ebe3f1de2f3a3d288490f/execute/sync - {"script":"<script> [8489 bytes]","args":[{"element-6066-11e4-a52e-4f735466cecf":"f.E4C2DC6123E2A493099A271DC72A1D12.d.7770DDAE49FE674DA7709BDABF18817C.e.7603","ELEMENT":"f.E4C2DC6123E2A493099A271DC72A1D12.d.7770DDAE49FE674DA7709BDABF18817C.e.7603"}]}
RESULT: {"script":"<script> [8489 bytes]","args":[{"element-6066-11e4-a52e-4f735466cecf":"f.E4C2DC6123E2A493099A271DC72A1D12.d.7770DDAE49FE674DA7709BDABF18817C.e.7603","ELEMENT":"f.E4C2DC6123E2A493099A271DC72A1D12.d.7770DDAE49FE674DA7709BDABF18817C.e.7603"}]}
COMMAND: POST /session/62c6c4e2516ebe3f1de2f3a3d288490f/element/f.E4C2DC6123E2A493099A271DC72A1D12.d.7770DDAE49FE674DA7709BDABF18817C.e.7603/click - {}
COMMAND: GET /session/62c6c4e2516ebe3f1de2f3a3d288490f/screenshot - {}
RESULT: {}
COMMAND: GET /session/62c6c4e2516ebe3f1de2f3a3d288490f/screenshot - {}
RESULT: {}
RESULT: {}
COMMAND: POST /session/62c6c4e2516ebe3f1de2f3a3d288490f/execute/async - {"script":"<script> [1562 bytes]","args":[{"selector":{"id":"application-manageresources-display-component---editResource--btnAddCounter-img"},"wdio_ui5_key":"applicationmanageresources-display-component---editResource--btnAddCounter-img"}]}
RESULT: {"script":"<script> [1562 bytes]","args":[{"selector":{"id":"application-manageresources-display-component---editResource--btnAddCounter-img"},"wdio_ui5_key":"applicationmanageresources-display-component---editResource--btnAddCounter-img"}]}
RESULT: undefined
COMMAND: POST /session/62c6c4e2516ebe3f1de2f3a3d288490f/element - {"using":"xpath","value":"//*[@id=\"application-manageresources-display-component---editResource--btnAddCounter-img\"]"}
RESULT: {"using":"xpath","value":"//*[@id=\"application-manageresources-display-component---editResource--btnAddCounter-img\"]"}
COMMAND: POST /session/62c6c4e2516ebe3f1de2f3a3d288490f/element/f.E4C2DC6123E2A493099A271DC72A1D12.d.7770DDAE49FE674DA7709BDABF18817C.e.7638/click - {}
RESULT: {}
COMMAND: GET /session/62c6c4e2516ebe3f1de2f3a3d288490f/screenshot - {}
RESULT: {}
COMMAND: POST /session/62c6c4e2516ebe3f1de2f3a3d288490f/execute/async - {"script":"<script> [1562 bytes]","args":[{"selector":{"id":"application-manageresources-display-component---editResource--HAND_OVER_TYPE-application-manageresources-display-component---editResource--RUCounters-0","interaction":{"idSuffix":"CbBg"}},"wdio_ui5_key":"applicationmanageresources-display-component---editResource--HAND_OVER_TYPE-application-manageresources-display-component---editResource--RUCounters-0"}]}
RESULT: {"script":"<script> [1562 bytes]","args":[{"selector":{"id":"application-manageresources-display-component---editResource--HAND_OVER_TYPE-application-manageresources-display-component---editResource--RUCounters-0","interaction":{"idSuffix":"CbBg"}},"wdio_ui5_key":"applicationmanageresources-display-component---editResource--HAND_OVER_TYPE-application-manageresources-display-component---editResource--RUCounters-0"}]}
RESULT: undefined
COMMAND: POST /session/62c6c4e2516ebe3f1de2f3a3d288490f/element - {"using":"xpath","value":"//*[@id=\"application-manageresources-display-component---editResource--HAND_OVER_TYPE-application-manageresources-display-component---editResource--RUCounters-0\"]"}
RESULT: {"using":"xpath","value":"//*[@id=\"application-manageresources-display-component---editResource--HAND_OVER_TYPE-application-manageresources-display-component---editResource--RUCounters-0\"]"}
COMMAND: POST /session/62c6c4e2516ebe3f1de2f3a3d288490f/element/f.E4C2DC6123E2A493099A271DC72A1D12.d.7770DDAE49FE674DA7709BDABF18817C.e.7644/click - {}
RESULT: {}
COMMAND: POST /session/62c6c4e2516ebe3f1de2f3a3d288490f/execute/async - {"script":"<script> [1562 bytes]","args":[{"selector":{"controlType":"sap.m.Button","viewName":"etm.portal.ui.manageresources.view.EditResource","viewId":"application-manageresources-display-component---editResource","i18NText":{"propertyName":"text","key":"save"},"interaction":{"idSuffix":"BDI-content"}},"wdio_ui5_key":"etmportal.ui.manageresources.view.EditResourcesap.m.Button{\"propertyName\":\"text\",\"key\":\"save\"}"}]}
COMMAND: GET /session/62c6c4e2516ebe3f1de2f3a3d288490f/screenshot - {}
RESULT: {"script":"<script> [1562 bytes]","args":[{"selector":{"controlType":"sap.m.Button","viewName":"etm.portal.ui.manageresources.view.EditResource","viewId":"application-manageresources-display-component---editResource","i18NText":{"propertyName":"text","key":"save"},"interaction":{"idSuffix":"BDI-content"}},"wdio_ui5_key":"etmportal.ui.manageresources.view.EditResourcesap.m.Button{\"propertyName\":\"text\",\"key\":\"save\"}"}]}
RESULT: undefined
COMMAND: POST /session/62c6c4e2516ebe3f1de2f3a3d288490f/element - {"using":"xpath","value":"//*[@id=\"__button86\"]"}
RESULT: {}
RESULT: {"using":"xpath","value":"//*[@id=\"__button86\"]"}
COMMAND: POST /session/62c6c4e2516ebe3f1de2f3a3d288490f/element/f.E4C2DC6123E2A493099A271DC72A1D12.d.7770DDAE49FE674DA7709BDABF18817C.e.7646/click - {}
RESULT: {}
COMMAND: GET /session/62c6c4e2516ebe3f1de2f3a3d288490f/screenshot - {}
RESULT: {}
COMMAND: POST /session/62c6c4e2516ebe3f1de2f3a3d288490f/element - {"using":"css selector","value":"#shell-header-logo"}
RESULT: {"using":"css selector","value":"#shell-header-logo"}
COMMAND: POST /session/62c6c4e2516ebe3f1de2f3a3d288490f/elements - {"using":"css selector","value":"#shell-header-logo"}
RESULT: {"using":"css selector","value":"#shell-header-logo"}
COMMAND: POST /session/62c6c4e2516ebe3f1de2f3a3d288490f/execute/sync - {"script":"<script> [8489 bytes]","args":[{"element-6066-11e4-a52e-4f735466cecf":"f.E4C2DC6123E2A493099A271DC72A1D12.d.7770DDAE49FE674DA7709BDABF18817C.e.6763","ELEMENT":"f.E4C2DC6123E2A493099A271DC72A1D12.d.7770DDAE49FE674DA7709BDABF18817C.e.6763"}]}
RESULT: {"script":"<script> [8489 bytes]","args":[{"element-6066-11e4-a52e-4f735466cecf":"f.E4C2DC6123E2A493099A271DC72A1D12.d.7770DDAE49FE674DA7709BDABF18817C.e.6763","ELEMENT":"f.E4C2DC6123E2A493099A271DC72A1D12.d.7770DDAE49FE674DA7709BDABF18817C.e.6763"}]}
COMMAND: POST /session/62c6c4e2516ebe3f1de2f3a3d288490f/execute/sync - {"script":"<script> [5351 bytes]","args":[{"element-6066-11e4-a52e-4f735466cecf":"f.E4C2DC6123E2A493099A271DC72A1D12.d.7770DDAE49FE674DA7709BDABF18817C.e.6763","ELEMENT":"f.E4C2DC6123E2A493099A271DC72A1D12.d.7770DDAE49FE674DA7709BDABF18817C.e.6763"}]}
COMMAND: GET /session/62c6c4e2516ebe3f1de2f3a3d288490f/screenshot - {}
RESULT: {"script":"<script> [5351 bytes]","args":[{"element-6066-11e4-a52e-4f735466cecf":"f.E4C2DC6123E2A493099A271DC72A1D12.d.7770DDAE49FE674DA7709BDABF18817C.e.6763","ELEMENT":"f.E4C2DC6123E2A493099A271DC72A1D12.d.7770DDAE49FE674DA7709BDABF18817C.e.6763"}]}
COMMAND: POST /session/62c6c4e2516ebe3f1de2f3a3d288490f/element/f.E4C2DC6123E2A493099A271DC72A1D12.d.7770DDAE49FE674DA7709BDABF18817C.e.6763/click - {}
COMMAND: GET /session/62c6c4e2516ebe3f1de2f3a3d288490f/screenshot - {}
RESULT: {}
RESULT: {}
COMMAND: GET /session/62c6c4e2516ebe3f1de2f3a3d288490f/screenshot - {}
RESULT: {}
RESULT: {}
COMMAND: POST /session/62c6c4e2516ebe3f1de2f3a3d288490f/element - {"using":"css selector","value":"#shell-header-logo"}
RESULT: {"using":"css selector","value":"#shell-header-logo"}
COMMAND: POST /session/62c6c4e2516ebe3f1de2f3a3d288490f/element/f.E4C2DC6123E2A493099A271DC72A1D12.d.7770DDAE49FE674DA7709BDABF18817C.e.7659/click - {}
RESULT: {}
COMMAND: GET /session/62c6c4e2516ebe3f1de2f3a3d288490f/screenshot - {}
RESULT: {}
]]></system-out>
    </testcase>
  </testsuite>
  <testsuite timestamp="2025-05-16T06:06:57" time="80.746" tests="2" failures="0" errors="0" skipped="0">
    <properties>
      <property name="specId" value="0" />
      <property name="suiteName" value="Personnel creation and reference material verification  US120163" />
      <property name="capabilities" value="chrome.136_0_7103_93.windows" />
      <property name="file" value="file:///D:/a/1/s/test/specs/R2C/create-personnel-no-material-reference.spec.js" />
    </properties>
    <testcase classname="chrome.136_0_7103_93.windows.Personnel_creation_and_reference_material_verification__US120163" name="Should create a new personnel and verify if the material reference is visible" time="61.998">
      <system-out><![CDATA[
RESULT: undefined
COMMAND: POST /session/62c6c4e2516ebe3f1de2f3a3d288490f/element - {"using":"xpath","value":"//*[@id=\"__tile31\"]"}
RESULT: {"using":"xpath","value":"//*[@id=\"__tile31\"]"}
COMMAND: POST /session/62c6c4e2516ebe3f1de2f3a3d288490f/element/f.E4C2DC6123E2A493099A271DC72A1D12.d.7770DDAE49FE674DA7709BDABF18817C.e.6788/click - {}
RESULT: {}
COMMAND: GET /session/62c6c4e2516ebe3f1de2f3a3d288490f/screenshot - {}
RESULT: {}
COMMAND: POST /session/62c6c4e2516ebe3f1de2f3a3d288490f/elements - {"using":"xpath","value":"//span[text()='Error']"}
RESULT: {"using":"xpath","value":"//span[text()='Error']"}
COMMAND: POST /session/62c6c4e2516ebe3f1de2f3a3d288490f/element - {"using":"xpath","value":"//button[@data-kt=\"addNewRUOverflowToolbarButton\"]"}
RESULT: {"using":"xpath","value":"//button[@data-kt=\"addNewRUOverflowToolbarButton\"]"}
COMMAND: POST /session/62c6c4e2516ebe3f1de2f3a3d288490f/execute/sync - {"script":"<script> [8489 bytes]","args":[{"element-6066-11e4-a52e-4f735466cecf":"f.E4C2DC6123E2A493099A271DC72A1D12.d.7770DDAE49FE674DA7709BDABF18817C.e.7699","ELEMENT":"f.E4C2DC6123E2A493099A271DC72A1D12.d.7770DDAE49FE674DA7709BDABF18817C.e.7699"}]}
RESULT: {"script":"<script> [8489 bytes]","args":[{"element-6066-11e4-a52e-4f735466cecf":"f.E4C2DC6123E2A493099A271DC72A1D12.d.7770DDAE49FE674DA7709BDABF18817C.e.7699","ELEMENT":"f.E4C2DC6123E2A493099A271DC72A1D12.d.7770DDAE49FE674DA7709BDABF18817C.e.7699"}]}
COMMAND: POST /session/62c6c4e2516ebe3f1de2f3a3d288490f/element/f.E4C2DC6123E2A493099A271DC72A1D12.d.7770DDAE49FE674DA7709BDABF18817C.e.7699/click - {}
COMMAND: GET /session/62c6c4e2516ebe3f1de2f3a3d288490f/screenshot - {}
RESULT: {}
RESULT: undefined
COMMAND: POST /session/62c6c4e2516ebe3f1de2f3a3d288490f/element - {"using":"xpath","value":"//*[@id=\"application-manageresources-display-component---newResourceUnit--TYPE-arrow\"]"}
COMMAND: GET /session/62c6c4e2516ebe3f1de2f3a3d288490f/screenshot - {}
RESULT: {}
RESULT: {"using":"xpath","value":"//*[@id=\"application-manageresources-display-component---newResourceUnit--TYPE-arrow\"]"}
COMMAND: POST /session/62c6c4e2516ebe3f1de2f3a3d288490f/element/f.E4C2DC6123E2A493099A271DC72A1D12.d.7770DDAE49FE674DA7709BDABF18817C.e.8020/click - {}
RESULT: {}
RESULT: {}
COMMAND: POST /session/62c6c4e2516ebe3f1de2f3a3d288490f/execute/async - {"script":"<script> [1562 bytes]","args":[{"selector":{"controlType":"sap.m.StandardListItem","viewName":"reusables.view.manageresources.NewResourceUnit","viewId":"application-manageresources-display-component---newResourceUnit","properties":{"title":"Personnel"},"searchOpenDialogs":true,"interaction":{"idSuffix":"titleText"}},"wdio_ui5_key":"reusablesview.manageresources.NewResourceUnitsap.m.StandardListItem{\"title\":\"Personnel\"}"}]}
COMMAND: GET /session/62c6c4e2516ebe3f1de2f3a3d288490f/screenshot - {}
RESULT: {"script":"<script> [1562 bytes]","args":[{"selector":{"controlType":"sap.m.StandardListItem","viewName":"reusables.view.manageresources.NewResourceUnit","viewId":"application-manageresources-display-component---newResourceUnit","properties":{"title":"Personnel"},"searchOpenDialogs":true,"interaction":{"idSuffix":"titleText"}},"wdio_ui5_key":"reusablesview.manageresources.NewResourceUnitsap.m.StandardListItem{\"title\":\"Personnel\"}"}]}
RESULT: undefined
COMMAND: POST /session/62c6c4e2516ebe3f1de2f3a3d288490f/element - {"using":"xpath","value":"//*[@id=\"__item1185\"]"}
RESULT: {}
RESULT: {"using":"xpath","value":"//*[@id=\"__item1185\"]"}
COMMAND: POST /session/62c6c4e2516ebe3f1de2f3a3d288490f/element/f.E4C2DC6123E2A493099A271DC72A1D12.d.7770DDAE49FE674DA7709BDABF18817C.e.8027/click - {}
RESULT: {}
RESULT: undefined
COMMAND: POST /session/62c6c4e2516ebe3f1de2f3a3d288490f/execute/async - {"script":"<script> [776 bytes]","args":[{"enterText":"WdIOPersonnelu37njl","selector":{"id":"application-manageresources-display-component---newResourceUnit--SHORT_TEXT","interaction":{"idSuffix":"inner"}},"clearTextFirst":true,"interactionType":"ENTER_TEXT"}]}
COMMAND: GET /session/62c6c4e2516ebe3f1de2f3a3d288490f/screenshot - {}
RESULT: {"script":"<script> [776 bytes]","args":[{"enterText":"WdIOPersonnelu37njl","selector":{"id":"application-manageresources-display-component---newResourceUnit--SHORT_TEXT","interaction":{"idSuffix":"inner"}},"clearTextFirst":true,"interactionType":"ENTER_TEXT"}]}
COMMAND: POST /session/62c6c4e2516ebe3f1de2f3a3d288490f/element - {"using":"xpath","value":"//bdi[contains(text(), \"Material\")]"}
RESULT: {}
RESULT: {"using":"xpath","value":"//bdi[contains(text(), \"Material\")]"}
COMMAND: POST /session/62c6c4e2516ebe3f1de2f3a3d288490f/element - {"using":"xpath","value":"//bdi[contains(text(), \"Material\")]"}
RESULT: {"using":"xpath","value":"//bdi[contains(text(), \"Material\")]"}
COMMAND: POST /session/62c6c4e2516ebe3f1de2f3a3d288490f/execute/async - {"script":"<script> [1562 bytes]","args":[{"selector":{"id":"application-manageresources-display-component---newResourceUnit--BASE_UNIT_OF_MEASURE-arrow"},"wdio_ui5_key":"applicationmanageresources-display-component---newResourceUnit--BASE_UNIT_OF_MEASURE-arrow"}]}
RESULT: {"script":"<script> [1562 bytes]","args":[{"selector":{"id":"application-manageresources-display-component---newResourceUnit--BASE_UNIT_OF_MEASURE-arrow"},"wdio_ui5_key":"applicationmanageresources-display-component---newResourceUnit--BASE_UNIT_OF_MEASURE-arrow"}]}
RESULT: undefined
COMMAND: POST /session/62c6c4e2516ebe3f1de2f3a3d288490f/element - {"using":"xpath","value":"//*[@id=\"application-manageresources-display-component---newResourceUnit--BASE_UNIT_OF_MEASURE-arrow\"]"}
RESULT: {"using":"xpath","value":"//*[@id=\"application-manageresources-display-component---newResourceUnit--BASE_UNIT_OF_MEASURE-arrow\"]"}
COMMAND: POST /session/62c6c4e2516ebe3f1de2f3a3d288490f/element/f.E4C2DC6123E2A493099A271DC72A1D12.d.7770DDAE49FE674DA7709BDABF18817C.e.8067/click - {}
RESULT: {}
COMMAND: POST /session/62c6c4e2516ebe3f1de2f3a3d288490f/execute/async - {"script":"<script> [1562 bytes]","args":[{"selector":{"controlType":"sap.m.StandardListItem","viewName":"reusables.view.manageresources.NewResourceUnit","viewId":"application-manageresources-display-component---newResourceUnit","properties":{"title":"Percent"},"searchOpenDialogs":true,"interaction":{"idSuffix":"titleText"}},"wdio_ui5_key":"reusablesview.manageresources.NewResourceUnitsap.m.StandardListItem{\"title\":\"Percent\"}"}]}
COMMAND: GET /session/62c6c4e2516ebe3f1de2f3a3d288490f/screenshot - {}
RESULT: {"script":"<script> [1562 bytes]","args":[{"selector":{"controlType":"sap.m.StandardListItem","viewName":"reusables.view.manageresources.NewResourceUnit","viewId":"application-manageresources-display-component---newResourceUnit","properties":{"title":"Percent"},"searchOpenDialogs":true,"interaction":{"idSuffix":"titleText"}},"wdio_ui5_key":"reusablesview.manageresources.NewResourceUnitsap.m.StandardListItem{\"title\":\"Percent\"}"}]}
RESULT: undefined
COMMAND: POST /session/62c6c4e2516ebe3f1de2f3a3d288490f/element - {"using":"xpath","value":"//*[@id=\"__item1205\"]"}
RESULT: {}
RESULT: {"using":"xpath","value":"//*[@id=\"__item1205\"]"}
COMMAND: POST /session/62c6c4e2516ebe3f1de2f3a3d288490f/element/f.E4C2DC6123E2A493099A271DC72A1D12.d.7770DDAE49FE674DA7709BDABF18817C.e.8069/click - {}
RESULT: {}
COMMAND: POST /session/62c6c4e2516ebe3f1de2f3a3d288490f/execute/async - {"script":"<script> [1562 bytes]","args":[{"selector":{"id":"application-manageresources-display-component---newResourceUnit--PLANNING_GROUP-arrow"},"wdio_ui5_key":"applicationmanageresources-display-component---newResourceUnit--PLANNING_GROUP-arrow"}]}
COMMAND: GET /session/62c6c4e2516ebe3f1de2f3a3d288490f/screenshot - {}
RESULT: {"script":"<script> [1562 bytes]","args":[{"selector":{"id":"application-manageresources-display-component---newResourceUnit--PLANNING_GROUP-arrow"},"wdio_ui5_key":"applicationmanageresources-display-component---newResourceUnit--PLANNING_GROUP-arrow"}]}
RESULT: undefined
COMMAND: POST /session/62c6c4e2516ebe3f1de2f3a3d288490f/element - {"using":"xpath","value":"//*[@id=\"application-manageresources-display-component---newResourceUnit--PLANNING_GROUP-arrow\"]"}
RESULT: {}
RESULT: {"using":"xpath","value":"//*[@id=\"application-manageresources-display-component---newResourceUnit--PLANNING_GROUP-arrow\"]"}
COMMAND: POST /session/62c6c4e2516ebe3f1de2f3a3d288490f/element/f.E4C2DC6123E2A493099A271DC72A1D12.d.7770DDAE49FE674DA7709BDABF18817C.e.8070/click - {}
RESULT: {}
COMMAND: GET /session/62c6c4e2516ebe3f1de2f3a3d288490f/screenshot - {}
RESULT: {}
COMMAND: POST /session/62c6c4e2516ebe3f1de2f3a3d288490f/execute/async - {"script":"<script> [1562 bytes]","args":[{"selector":{"controlType":"sap.m.StandardListItem","viewName":"reusables.view.manageresources.NewResourceUnit","viewId":"application-manageresources-display-component---newResourceUnit","properties":{"title":"Operating personnel"},"searchOpenDialogs":true,"interaction":{"idSuffix":"titleText"}},"wdio_ui5_key":"reusablesview.manageresources.NewResourceUnitsap.m.StandardListItem{\"title\":\"Operating personnel\"}"}]}
RESULT: {"script":"<script> [1562 bytes]","args":[{"selector":{"controlType":"sap.m.StandardListItem","viewName":"reusables.view.manageresources.NewResourceUnit","viewId":"application-manageresources-display-component---newResourceUnit","properties":{"title":"Operating personnel"},"searchOpenDialogs":true,"interaction":{"idSuffix":"titleText"}},"wdio_ui5_key":"reusablesview.manageresources.NewResourceUnitsap.m.StandardListItem{\"title\":\"Operating personnel\"}"}]}
RESULT: undefined
COMMAND: POST /session/62c6c4e2516ebe3f1de2f3a3d288490f/element - {"using":"xpath","value":"//*[@id=\"__item1214\"]"}
RESULT: {"using":"xpath","value":"//*[@id=\"__item1214\"]"}
COMMAND: POST /session/62c6c4e2516ebe3f1de2f3a3d288490f/element/f.E4C2DC6123E2A493099A271DC72A1D12.d.7770DDAE49FE674DA7709BDABF18817C.e.8072/click - {}
RESULT: {}
COMMAND: GET /session/62c6c4e2516ebe3f1de2f3a3d288490f/screenshot - {}
RESULT: {}
COMMAND: POST /session/62c6c4e2516ebe3f1de2f3a3d288490f/element - {"using":"xpath","value":"//bdi[contains(text(), \"Time Segment\")]"}
RESULT: {"using":"xpath","value":"//bdi[contains(text(), \"Time Segment\")]"}
COMMAND: GET /session/62c6c4e2516ebe3f1de2f3a3d288490f/element/f.E4C2DC6123E2A493099A271DC72A1D12.d.7770DDAE49FE674DA7709BDABF18817C.e.8073/rect - {}
RESULT: {}
COMMAND: GET /session/62c6c4e2516ebe3f1de2f3a3d288490f/window/rect - {}
RESULT: {}
COMMAND: POST /session/62c6c4e2516ebe3f1de2f3a3d288490f/execute/sync - {"script":"<script> [92 bytes]","args":[]}
RESULT: {"script":"<script> [92 bytes]","args":[]}
COMMAND: POST /session/62c6c4e2516ebe3f1de2f3a3d288490f/actions - {"actions":[{"id":"action24","type":"wheel","parameters":{},"actions":[{"type":"scroll","x":-1820,"y":804,"deltaX":0,"deltaY":0,"duration":0,"origin":{"element-6066-11e4-a52e-4f735466cecf":"f.E4C2DC6123E2A493099A271DC72A1D12.d.7770DDAE49FE674DA7709BDABF18817C.e.8073"}}]}]}
COMMAND: GET /session/62c6c4e2516ebe3f1de2f3a3d288490f/screenshot - {}
RESULT: {}
COMMAND: POST /session/62c6c4e2516ebe3f1de2f3a3d288490f/execute/sync - {"script":"<script> [79 bytes]","args":[{"element-6066-11e4-a52e-4f735466cecf":"f.E4C2DC6123E2A493099A271DC72A1D12.d.7770DDAE49FE674DA7709BDABF18817C.e.8073","ELEMENT":"f.E4C2DC6123E2A493099A271DC72A1D12.d.7770DDAE49FE674DA7709BDABF18817C.e.8073"},{"block":"start","inline":"nearest"}]}
RESULT: {"script":"<script> [79 bytes]","args":[{"element-6066-11e4-a52e-4f735466cecf":"f.E4C2DC6123E2A493099A271DC72A1D12.d.7770DDAE49FE674DA7709BDABF18817C.e.8073","ELEMENT":"f.E4C2DC6123E2A493099A271DC72A1D12.d.7770DDAE49FE674DA7709BDABF18817C.e.8073"},{"block":"start","inline":"nearest"}]}
COMMAND: GET /session/62c6c4e2516ebe3f1de2f3a3d288490f/screenshot - {}
RESULT: {}
COMMAND: POST /session/62c6c4e2516ebe3f1de2f3a3d288490f/element - {"using":"xpath","value":"//span[@id=\"application-manageresources-display-component---newResourceUnit--btnAddTimeSegment-img\"]"}
RESULT: {"using":"xpath","value":"//span[@id=\"application-manageresources-display-component---newResourceUnit--btnAddTimeSegment-img\"]"}
COMMAND: POST /session/62c6c4e2516ebe3f1de2f3a3d288490f/execute/sync - {"script":"<script> [8489 bytes]","args":[{"element-6066-11e4-a52e-4f735466cecf":"f.E4C2DC6123E2A493099A271DC72A1D12.d.7770DDAE49FE674DA7709BDABF18817C.e.8078","ELEMENT":"f.E4C2DC6123E2A493099A271DC72A1D12.d.7770DDAE49FE674DA7709BDABF18817C.e.8078"}]}
RESULT: {"script":"<script> [8489 bytes]","args":[{"element-6066-11e4-a52e-4f735466cecf":"f.E4C2DC6123E2A493099A271DC72A1D12.d.7770DDAE49FE674DA7709BDABF18817C.e.8078","ELEMENT":"f.E4C2DC6123E2A493099A271DC72A1D12.d.7770DDAE49FE674DA7709BDABF18817C.e.8078"}]}
COMMAND: POST /session/62c6c4e2516ebe3f1de2f3a3d288490f/element/f.E4C2DC6123E2A493099A271DC72A1D12.d.7770DDAE49FE674DA7709BDABF18817C.e.8078/click - {}
COMMAND: GET /session/62c6c4e2516ebe3f1de2f3a3d288490f/screenshot - {}
RESULT: {}
COMMAND: GET /session/62c6c4e2516ebe3f1de2f3a3d288490f/screenshot - {}
RESULT: {}
RESULT: {}
COMMAND: POST /session/62c6c4e2516ebe3f1de2f3a3d288490f/element - {"using":"xpath","value":"//input[@id=\"application-manageresources-display-component---newResourceUnit--idRuTSAdmin-application-manageresources-display-component---newResourceUnit--RUTimeSegment-0-inner\"]"}
RESULT: {"using":"xpath","value":"//input[@id=\"application-manageresources-display-component---newResourceUnit--idRuTSAdmin-application-manageresources-display-component---newResourceUnit--RUTimeSegment-0-inner\"]"}
COMMAND: POST /session/62c6c4e2516ebe3f1de2f3a3d288490f/element/f.E4C2DC6123E2A493099A271DC72A1D12.d.7770DDAE49FE674DA7709BDABF18817C.e.8081/clear - {}
RESULT: {}
COMMAND: POST /session/62c6c4e2516ebe3f1de2f3a3d288490f/element/f.E4C2DC6123E2A493099A271DC72A1D12.d.7770DDAE49FE674DA7709BDABF18817C.e.8081/value - {"text":"webdriveryard"}
COMMAND: GET /session/62c6c4e2516ebe3f1de2f3a3d288490f/screenshot - {}
RESULT: {"text":"webdriveryard"}
COMMAND: GET /session/62c6c4e2516ebe3f1de2f3a3d288490f/screenshot - {}
RESULT: {}
RESULT: {}
COMMAND: POST /session/62c6c4e2516ebe3f1de2f3a3d288490f/actions - {"actions":[{"id":"action25","type":"key","parameters":{},"actions":[{"type":"keyDown","value":"î€‡"},{"type":"pause","duration":10},{"type":"keyUp","value":"î€‡"}]}]}
RESULT: {"actions":[{"id":"action25","type":"key","parameters":{},"actions":[{"type":"keyDown","value":"î€‡"},{"type":"pause","duration":10},{"type":"keyUp","value":"î€‡"}]}]}
COMMAND: GET /session/62c6c4e2516ebe3f1de2f3a3d288490f/screenshot - {}
RESULT: {}
COMMAND: POST /session/62c6c4e2516ebe3f1de2f3a3d288490f/element - {"using":"xpath","value":"//input[contains(@id, \"application-manageresources-display-component---newResourceUnit--newControlDataDateRangePicker-inner\")]"}
RESULT: {"using":"xpath","value":"//input[contains(@id, \"application-manageresources-display-component---newResourceUnit--newControlDataDateRangePicker-inner\")]"}
COMMAND: POST /session/62c6c4e2516ebe3f1de2f3a3d288490f/element/f.E4C2DC6123E2A493099A271DC72A1D12.d.7770DDAE49FE674DA7709BDABF18817C.e.8056/clear - {}
RESULT: {}
COMMAND: POST /session/62c6c4e2516ebe3f1de2f3a3d288490f/element/f.E4C2DC6123E2A493099A271DC72A1D12.d.7770DDAE49FE674DA7709BDABF18817C.e.8056/value - {"text":"12/17/26 - 2/18/27"}
COMMAND: GET /session/62c6c4e2516ebe3f1de2f3a3d288490f/screenshot - {}
RESULT: {"text":"12/17/26 - 2/18/27"}
COMMAND: POST /session/62c6c4e2516ebe3f1de2f3a3d288490f/element - {"using":"xpath","value":"//bdi[contains(@id, \"application-manageresources-display-component---newResourceUnit--createRuButton-BDI-content\")]"}
COMMAND: GET /session/62c6c4e2516ebe3f1de2f3a3d288490f/screenshot - {}
RESULT: {}
RESULT: {"using":"xpath","value":"//bdi[contains(@id, \"application-manageresources-display-component---newResourceUnit--createRuButton-BDI-content\")]"}
COMMAND: POST /session/62c6c4e2516ebe3f1de2f3a3d288490f/element/f.E4C2DC6123E2A493099A271DC72A1D12.d.7770DDAE49FE674DA7709BDABF18817C.e.8095/click - {}
RESULT: {}
RESULT: {}
COMMAND: GET /session/62c6c4e2516ebe3f1de2f3a3d288490f/screenshot - {}
RESULT: {}
COMMAND: POST /session/62c6c4e2516ebe3f1de2f3a3d288490f/actions - {"actions":[{"id":"action26","type":"key","parameters":{},"actions":[{"type":"keyDown","value":"î€‡"},{"type":"pause","duration":10},{"type":"keyUp","value":"î€‡"}]}]}
RESULT: {"actions":[{"id":"action26","type":"key","parameters":{},"actions":[{"type":"keyDown","value":"î€‡"},{"type":"pause","duration":10},{"type":"keyUp","value":"î€‡"}]}]}
COMMAND: GET /session/62c6c4e2516ebe3f1de2f3a3d288490f/screenshot - {}
RESULT: {}
]]></system-out>
    </testcase>
    <testcase classname="chrome.136_0_7103_93.windows.Personnel_creation_and_reference_material_verification__US120163" name="Should verify if the reference material is visible in edit and detail mode" time="15.575">
      <system-out><![CDATA[
COMMAND: POST /session/62c6c4e2516ebe3f1de2f3a3d288490f/element - {"using":"xpath","value":"//bdi[contains(text(), \"Edit\")]"}
RESULT: {"using":"xpath","value":"//bdi[contains(text(), \"Edit\")]"}
COMMAND: POST /session/62c6c4e2516ebe3f1de2f3a3d288490f/element/f.E4C2DC6123E2A493099A271DC72A1D12.d.7770DDAE49FE674DA7709BDABF18817C.e.8118/click - {}
RESULT: {}
COMMAND: GET /session/62c6c4e2516ebe3f1de2f3a3d288490f/screenshot - {}
RESULT: {}
COMMAND: POST /session/62c6c4e2516ebe3f1de2f3a3d288490f/element - {"using":"xpath","value":"//bdi[contains(text(), \"Material\")]"}
RESULT: {"using":"xpath","value":"//bdi[contains(text(), \"Material\")]"}
COMMAND: POST /session/62c6c4e2516ebe3f1de2f3a3d288490f/element - {"using":"xpath","value":"//bdi[contains(text(), \"Material\")]"}
RESULT: {"using":"xpath","value":"//bdi[contains(text(), \"Material\")]"}
COMMAND: POST /session/62c6c4e2516ebe3f1de2f3a3d288490f/element - {"using":"xpath","value":"(//bdi[contains(text(), \"Save\")])[2]"}
RESULT: {"using":"xpath","value":"(//bdi[contains(text(), \"Save\")])[2]"}
COMMAND: POST /session/62c6c4e2516ebe3f1de2f3a3d288490f/element/f.E4C2DC6123E2A493099A271DC72A1D12.d.7770DDAE49FE674DA7709BDABF18817C.e.8194/click - {}
RESULT: {}
COMMAND: GET /session/62c6c4e2516ebe3f1de2f3a3d288490f/screenshot - {}
RESULT: {}
COMMAND: POST /session/62c6c4e2516ebe3f1de2f3a3d288490f/element - {"using":"css selector","value":"#j_username"}
COMMAND: POST /session/62c6c4e2516ebe3f1de2f3a3d288490f/url - {"url":"https://qa-testing-00-live-etm-ui.cfapps.eu10-004.hana.ondemand.com/"}
RESULT: {"using":"css selector","value":"#j_username"}
COMMAND: POST /session/62c6c4e2516ebe3f1de2f3a3d288490f/element - {"using":"css selector","value":"#j_username"}
RESULT: {"url":"https://qa-testing-00-live-etm-ui.cfapps.eu10-004.hana.ondemand.com/"}
RESULT: undefined
COMMAND: GET /session/62c6c4e2516ebe3f1de2f3a3d288490f/screenshot - {}
RESULT: {"using":"css selector","value":"#j_username"}
COMMAND: POST /session/62c6c4e2516ebe3f1de2f3a3d288490f/element - {"using":"css selector","value":"#shell-header-logo"}
RESULT: {}
RESULT: {"using":"css selector","value":"#shell-header-logo"}
COMMAND: POST /session/62c6c4e2516ebe3f1de2f3a3d288490f/execute/sync - {"script":"<script> [8489 bytes]","args":[{"element-6066-11e4-a52e-4f735466cecf":"f.E4C2DC6123E2A493099A271DC72A1D12.d.599D9257E78BA8C1B5454BFD7FC86894.e.8212","ELEMENT":"f.E4C2DC6123E2A493099A271DC72A1D12.d.599D9257E78BA8C1B5454BFD7FC86894.e.8212"}]}
RESULT: {"script":"<script> [8489 bytes]","args":[{"element-6066-11e4-a52e-4f735466cecf":"f.E4C2DC6123E2A493099A271DC72A1D12.d.599D9257E78BA8C1B5454BFD7FC86894.e.8212","ELEMENT":"f.E4C2DC6123E2A493099A271DC72A1D12.d.599D9257E78BA8C1B5454BFD7FC86894.e.8212"}]}
COMMAND: POST /session/62c6c4e2516ebe3f1de2f3a3d288490f/element - {"using":"css selector","value":"#shell-header-logo"}
COMMAND: GET /session/62c6c4e2516ebe3f1de2f3a3d288490f/screenshot - {}
RESULT: {"using":"css selector","value":"#shell-header-logo"}
COMMAND: POST /session/62c6c4e2516ebe3f1de2f3a3d288490f/execute/sync - {"script":"<script> [8489 bytes]","args":[{"element-6066-11e4-a52e-4f735466cecf":"f.E4C2DC6123E2A493099A271DC72A1D12.d.599D9257E78BA8C1B5454BFD7FC86894.e.8212","ELEMENT":"f.E4C2DC6123E2A493099A271DC72A1D12.d.599D9257E78BA8C1B5454BFD7FC86894.e.8212"}]}
RESULT: {}
RESULT: {"script":"<script> [8489 bytes]","args":[{"element-6066-11e4-a52e-4f735466cecf":"f.E4C2DC6123E2A493099A271DC72A1D12.d.599D9257E78BA8C1B5454BFD7FC86894.e.8212","ELEMENT":"f.E4C2DC6123E2A493099A271DC72A1D12.d.599D9257E78BA8C1B5454BFD7FC86894.e.8212"}]}
COMMAND: POST /session/62c6c4e2516ebe3f1de2f3a3d288490f/execute/sync - {"script":"<script> [5351 bytes]","args":[{"element-6066-11e4-a52e-4f735466cecf":"f.E4C2DC6123E2A493099A271DC72A1D12.d.599D9257E78BA8C1B5454BFD7FC86894.e.8212","ELEMENT":"f.E4C2DC6123E2A493099A271DC72A1D12.d.599D9257E78BA8C1B5454BFD7FC86894.e.8212"}]}
COMMAND: GET /session/62c6c4e2516ebe3f1de2f3a3d288490f/screenshot - {}
RESULT: {"script":"<script> [5351 bytes]","args":[{"element-6066-11e4-a52e-4f735466cecf":"f.E4C2DC6123E2A493099A271DC72A1D12.d.599D9257E78BA8C1B5454BFD7FC86894.e.8212","ELEMENT":"f.E4C2DC6123E2A493099A271DC72A1D12.d.599D9257E78BA8C1B5454BFD7FC86894.e.8212"}]}
COMMAND: POST /session/62c6c4e2516ebe3f1de2f3a3d288490f/element - {"using":"css selector","value":"#shell-header-logo"}
COMMAND: GET /session/62c6c4e2516ebe3f1de2f3a3d288490f/screenshot - {}
RESULT: {}
RESULT: {"using":"css selector","value":"#shell-header-logo"}
COMMAND: POST /session/62c6c4e2516ebe3f1de2f3a3d288490f/element/f.E4C2DC6123E2A493099A271DC72A1D12.d.599D9257E78BA8C1B5454BFD7FC86894.e.8212/click - {}
RESULT: {}
RESULT: {}
COMMAND: GET /session/62c6c4e2516ebe3f1de2f3a3d288490f/screenshot - {}
RESULT: {}
COMMAND: POST /session/62c6c4e2516ebe3f1de2f3a3d288490f/execute/async - {"script":"<script> [189 bytes]","args":[]}
RESULT: {"script":"<script> [189 bytes]","args":[]}
COMMAND: POST /session/62c6c4e2516ebe3f1de2f3a3d288490f/execute/async - {"script":"<script> [123 bytes]","args":[]}
RESULT: {"script":"<script> [123 bytes]","args":[]}
COMMAND: POST /session/62c6c4e2516ebe3f1de2f3a3d288490f/timeouts - {"script":"<number>"}
RESULT: {"script":"<number>"}
COMMAND: GET /session/62c6c4e2516ebe3f1de2f3a3d288490f/timeouts - {}
RESULT: {}
RESULT: undefined
COMMAND: POST /session/62c6c4e2516ebe3f1de2f3a3d288490f/execute/async - {"script":"<script> [2676 bytes]","args":[]}
RESULT: {"script":"<script> [2676 bytes]","args":[]}
COMMAND: POST /session/62c6c4e2516ebe3f1de2f3a3d288490f/execute/async - {"script":"<script> [2342 bytes]","args":[{"protocol":"http","hostname":"0.0.0.0","path":"/","capabilities":{"browserName":"chrome","goog:chromeOptions":{"binary":"C:\\Program Files\\Google\\Chrome\\Application\\chrome.exe","args":["--start-maximized"]}},"logLevel":"warn","connectionRetryTimeout":120000,"connectionRetryCount":3,"logLevels":{},"enableDirectConnect":true,"strictSSL":true,"_":"65 more keys: [\"cacheDir\",\"port\",\"requestedCapabilities\",\"automationProtocol\",\"baseUrl\",\"waitforInterval\",\"waitforTimeout\",\"onReload\",\"beforeCommand\",\"afterCommand\",\"rootDir\",\"specs\",\"suites\",\"exclude\",\"groupLogsByTestSpec\",\"excludeDriverLogs\",\"bail\",\"framework\",\"reporters\",\"services\",\"maxInstances\",\"maxInstancesPerCapability\",\"injectGlobals\",\"filesToWatch\",\"execArgv\",\"runnerEnv\",\"runner\",\"shard\",\"specFileRetries\",\"specFileRetriesDelay\",\"specFileRetriesDeferred\",\"reporterSyncInterval\",\"reporterSyncTimeout\",\"cucumberFeaturesWithLineNumbers\",\"autoCompileOpts\",\"mochaOpts\",\"jasmineOpts\",\"cucumberOpts\",\"onPrepare\",\"onWorkerStart\",\"onWorkerEnd\",\"before\",\"beforeSession\",\"beforeSuite\",\"beforeHook\",\"beforeTest\",\"afterTest\",\"afterHook\",\"afterSuite\",\"afterSession\",\"after\",\"onComplete\",\"beforeAssertion\",\"afterAssertion\",\"beforeFeature\",\"beforeScenario\",\"beforeStep\",\"afterStep\",\"afterScenario\",\"afterFeature\",\"_\",\"suite\",\"$0\",\"ignoredWorkerServices\",\"wdi5\"]"}]}
RESULT: {"script":"<script> [2342 bytes]","args":[{"protocol":"http","hostname":"0.0.0.0","path":"/","capabilities":{"browserName":"chrome","goog:chromeOptions":{"binary":"C:\\Program Files\\Google\\Chrome\\Application\\chrome.exe","args":["--start-maximized"]}},"logLevel":"warn","connectionRetryTimeout":120000,"connectionRetryCount":3,"logLevels":{},"enableDirectConnect":true,"strictSSL":true,"_":"65 more keys: [\"cacheDir\",\"port\",\"requestedCapabilities\",\"automationProtocol\",\"baseUrl\",\"waitforInterval\",\"waitforTimeout\",\"onReload\",\"beforeCommand\",\"afterCommand\",\"rootDir\",\"specs\",\"suites\",\"exclude\",\"groupLogsByTestSpec\",\"excludeDriverLogs\",\"bail\",\"framework\",\"reporters\",\"services\",\"maxInstances\",\"maxInstancesPerCapability\",\"injectGlobals\",\"filesToWatch\",\"execArgv\",\"runnerEnv\",\"runner\",\"shard\",\"specFileRetries\",\"specFileRetriesDelay\",\"specFileRetriesDeferred\",\"reporterSyncInterval\",\"reporterSyncTimeout\",\"cucumberFeaturesWithLineNumbers\",\"autoCompileOpts\",\"mochaOpts\",\"jasmineOpts\",\"cucumberOpts\",\"onPrepare\",\"onWorkerStart\",\"onWorkerEnd\",\"before\",\"beforeSession\",\"beforeSuite\",\"beforeHook\",\"beforeTest\",\"afterTest\",\"afterHook\",\"afterSuite\",\"afterSession\",\"after\",\"onComplete\",\"beforeAssertion\",\"afterAssertion\",\"beforeFeature\",\"beforeScenario\",\"beforeStep\",\"afterStep\",\"afterScenario\",\"afterFeature\",\"_\",\"suite\",\"$0\",\"ignoredWorkerServices\",\"wdi5\"]"}]}
COMMAND: POST /session/62c6c4e2516ebe3f1de2f3a3d288490f/execute/async - {"script":"<script> [21126 bytes]","args":[35000]}
RESULT: {"script":"<script> [21126 bytes]","args":[35000]}
COMMAND: POST /session/62c6c4e2516ebe3f1de2f3a3d288490f/window/maximize - {}
RESULT: {}
COMMAND: POST /session/62c6c4e2516ebe3f1de2f3a3d288490f/execute/async - {"script":"<script> [1562 bytes]","args":[{"selector":{"id":"shell-header","interaction":{"idSuffix":"icon"}},"wdio_ui5_key":"shellheader"}]}
COMMAND: GET /session/62c6c4e2516ebe3f1de2f3a3d288490f/screenshot - {}
RESULT: {"script":"<script> [1562 bytes]","args":[{"selector":{"id":"shell-header","interaction":{"idSuffix":"icon"}},"wdio_ui5_key":"shellheader"}]}
RESULT: undefined
RESULT: {}
]]></system-out>
    </testcase>
  </testsuite>
  <testsuite timestamp="2025-05-16T06:08:17" time="477.091" tests="5" failures="2" errors="2" skipped="0">
    <properties>
      <property name="specId" value="0" />
      <property name="suiteName" value="Warehouse movements inventory test" />
      <property name="capabilities" value="chrome.136_0_7103_93.windows" />
      <property name="file" value="file:///D:/a/1/s/test/specs/R2C/create-resource.spec.js" />
    </properties>
    <testcase classname="chrome.136_0_7103_93.windows.Warehouse_movements_inventory_test" name="Should create a new WHM yard" time="127.039">
      <system-out><![CDATA[
COMMAND: POST /session/62c6c4e2516ebe3f1de2f3a3d288490f/execute/async - {"script":"<script> [1562 bytes]","args":[{"selector":{"controlType":"sap.m.GenericTile","properties":{"header":"Manage Yards"}},"wdio_ui5_key":"sapm.GenericTile{\"header\":\"Manage Yards\"}"}]}
RESULT: {"script":"<script> [1562 bytes]","args":[{"selector":{"controlType":"sap.m.GenericTile","properties":{"header":"Manage Yards"}},"wdio_ui5_key":"sapm.GenericTile{\"header\":\"Manage Yards\"}"}]}
RESULT: undefined
COMMAND: POST /session/62c6c4e2516ebe3f1de2f3a3d288490f/element - {"using":"xpath","value":"//*[@id=\"__tile41\"]"}
RESULT: {"using":"xpath","value":"//*[@id=\"__tile41\"]"}
COMMAND: POST /session/62c6c4e2516ebe3f1de2f3a3d288490f/element/f.E4C2DC6123E2A493099A271DC72A1D12.d.599D9257E78BA8C1B5454BFD7FC86894.e.8218/click - {}
RESULT: {}
COMMAND: GET /session/62c6c4e2516ebe3f1de2f3a3d288490f/screenshot - {}
RESULT: {}
COMMAND: POST /session/62c6c4e2516ebe3f1de2f3a3d288490f/elements - {"using":"xpath","value":"//span[text()='Error']"}
RESULT: {"using":"xpath","value":"//span[text()='Error']"}
COMMAND: POST /session/62c6c4e2516ebe3f1de2f3a3d288490f/execute/async - {"script":"<script> [1562 bytes]","args":[{"selector":{"controlType":"sap.ui.core.Icon","viewName":"etm.portal.ui.manageyards.view.Master","viewId":"application-manageyards-display-component---masterYard","properties":{"src":{"regex":{"source":"add"}}}},"wdio_ui5_key":"etmportal.ui.manageyards.view.Mastersap.ui.core.Icon{\"src\":{\"regex\":{\"source\":\"add\"}}}"}]}
RESULT: {"script":"<script> [1562 bytes]","args":[{"selector":{"controlType":"sap.ui.core.Icon","viewName":"etm.portal.ui.manageyards.view.Master","viewId":"application-manageyards-display-component---masterYard","properties":{"src":{"regex":{"source":"add"}}}},"wdio_ui5_key":"etmportal.ui.manageyards.view.Mastersap.ui.core.Icon{\"src\":{\"regex\":{\"source\":\"add\"}}}"}]}
RESULT: undefined
COMMAND: POST /session/62c6c4e2516ebe3f1de2f3a3d288490f/element - {"using":"xpath","value":"//*[@id=\"__button4-img\"]"}
RESULT: {"using":"xpath","value":"//*[@id=\"__button4-img\"]"}
COMMAND: POST /session/62c6c4e2516ebe3f1de2f3a3d288490f/element/f.E4C2DC6123E2A493099A271DC72A1D12.d.599D9257E78BA8C1B5454BFD7FC86894.e.8263/click - {}
RESULT: {}
COMMAND: GET /session/62c6c4e2516ebe3f1de2f3a3d288490f/screenshot - {}
RESULT: {}
COMMAND: POST /session/62c6c4e2516ebe3f1de2f3a3d288490f/execute/async - {"script":"<script> [1562 bytes]","args":[{"selector":{"id":"application-manageyards-display-component---NewYard--yardId","interaction":{"idSuffix":"inner"}},"wdio_ui5_key":"applicationmanageyards-display-component---NewYard--yardId"}]}
RESULT: {"script":"<script> [1562 bytes]","args":[{"selector":{"id":"application-manageyards-display-component---NewYard--yardId","interaction":{"idSuffix":"inner"}},"wdio_ui5_key":"applicationmanageyards-display-component---NewYard--yardId"}]}
RESULT: undefined
COMMAND: POST /session/62c6c4e2516ebe3f1de2f3a3d288490f/element - {"using":"xpath","value":"//*[@id=\"application-manageyards-display-component---NewYard--addressDetailDetailsName1-inner\"]"}
RESULT: {"using":"xpath","value":"//*[@id=\"application-manageyards-display-component---NewYard--addressDetailDetailsName1-inner\"]"}
COMMAND: POST /session/62c6c4e2516ebe3f1de2f3a3d288490f/element/f.E4C2DC6123E2A493099A271DC72A1D12.d.599D9257E78BA8C1B5454BFD7FC86894.e.8431/clear - {}
RESULT: {}
COMMAND: POST /session/62c6c4e2516ebe3f1de2f3a3d288490f/element/f.E4C2DC6123E2A493099A271DC72A1D12.d.599D9257E78BA8C1B5454BFD7FC86894.e.8431/value - {"text":"WebdriverWHMYardod55j"}
COMMAND: GET /session/62c6c4e2516ebe3f1de2f3a3d288490f/screenshot - {}
RESULT: {"text":"WebdriverWHMYardod55j"}
COMMAND: POST /session/62c6c4e2516ebe3f1de2f3a3d288490f/element - {"using":"xpath","value":"//*[@id=\"application-manageyards-display-component---NewYard--addressDetailDetailsLanguage-inner\"]"}
COMMAND: GET /session/62c6c4e2516ebe3f1de2f3a3d288490f/screenshot - {}
RESULT: {}
RESULT: {"using":"xpath","value":"//*[@id=\"application-manageyards-display-component---NewYard--addressDetailDetailsLanguage-inner\"]"}
COMMAND: POST /session/62c6c4e2516ebe3f1de2f3a3d288490f/element/f.E4C2DC6123E2A493099A271DC72A1D12.d.599D9257E78BA8C1B5454BFD7FC86894.e.8432/clear - {}
RESULT: {}
RESULT: {}
COMMAND: POST /session/62c6c4e2516ebe3f1de2f3a3d288490f/element/f.E4C2DC6123E2A493099A271DC72A1D12.d.599D9257E78BA8C1B5454BFD7FC86894.e.8432/value - {"text":"Romanian"}
COMMAND: GET /session/62c6c4e2516ebe3f1de2f3a3d288490f/screenshot - {}
RESULT: {"text":"Romanian"}
COMMAND: POST /session/62c6c4e2516ebe3f1de2f3a3d288490f/element - {"using":"xpath","value":"//input[contains(@id ,\"application-manageyards-display-component---NewYard--addressDetailDetailsName1-inner\")]"}
COMMAND: GET /session/62c6c4e2516ebe3f1de2f3a3d288490f/screenshot - {}
RESULT: {}
RESULT: {"using":"xpath","value":"//input[contains(@id ,\"application-manageyards-display-component---NewYard--addressDetailDetailsName1-inner\")]"}
COMMAND: GET /session/62c6c4e2516ebe3f1de2f3a3d288490f/element/f.E4C2DC6123E2A493099A271DC72A1D12.d.599D9257E78BA8C1B5454BFD7FC86894.e.8431/property/value - {}
RESULT: {}
RESULT: {}
COMMAND: GET /session/62c6c4e2516ebe3f1de2f3a3d288490f/screenshot - {}
RESULT: {}
COMMAND: POST /session/62c6c4e2516ebe3f1de2f3a3d288490f/element - {"using":"xpath","value":"//*[@id=\"application-manageyards-display-component---NewYard--addressDetailDetailsCity1-inner\"]"}
RESULT: {"using":"xpath","value":"//*[@id=\"application-manageyards-display-component---NewYard--addressDetailDetailsCity1-inner\"]"}
COMMAND: POST /session/62c6c4e2516ebe3f1de2f3a3d288490f/element/f.E4C2DC6123E2A493099A271DC72A1D12.d.599D9257E78BA8C1B5454BFD7FC86894.e.8434/clear - {}
RESULT: {}
COMMAND: POST /session/62c6c4e2516ebe3f1de2f3a3d288490f/element/f.E4C2DC6123E2A493099A271DC72A1D12.d.599D9257E78BA8C1B5454BFD7FC86894.e.8434/value - {"text":"Bucuresti"}
COMMAND: GET /session/62c6c4e2516ebe3f1de2f3a3d288490f/screenshot - {}
RESULT: {"text":"Bucuresti"}
COMMAND: GET /session/62c6c4e2516ebe3f1de2f3a3d288490f/screenshot - {}
RESULT: {}
RESULT: {}
COMMAND: POST /session/62c6c4e2516ebe3f1de2f3a3d288490f/element - {"using":"xpath","value":"//*[@id=\"application-manageyards-display-component---NewYard--addressDetailDetailsCountry-inner\"]"}
RESULT: {"using":"xpath","value":"//*[@id=\"application-manageyards-display-component---NewYard--addressDetailDetailsCountry-inner\"]"}
COMMAND: POST /session/62c6c4e2516ebe3f1de2f3a3d288490f/element/f.E4C2DC6123E2A493099A271DC72A1D12.d.599D9257E78BA8C1B5454BFD7FC86894.e.8438/clear - {}
RESULT: {}
COMMAND: POST /session/62c6c4e2516ebe3f1de2f3a3d288490f/element/f.E4C2DC6123E2A493099A271DC72A1D12.d.599D9257E78BA8C1B5454BFD7FC86894.e.8438/value - {"text":"Romania"}
COMMAND: GET /session/62c6c4e2516ebe3f1de2f3a3d288490f/screenshot - {}
RESULT: {"text":"Romania"}
COMMAND: GET /session/62c6c4e2516ebe3f1de2f3a3d288490f/screenshot - {}
RESULT: {}
RESULT: {}
COMMAND: POST /session/62c6c4e2516ebe3f1de2f3a3d288490f/execute/async - {"script":"<script> [1562 bytes]","args":[{"selector":{"controlType":"sap.m.Button","viewName":"etm.portal.ui.manageyards.view.New","viewId":"application-manageyards-display-component---NewYard","properties":{"text":"Commercial"},"interaction":{"idSuffix":"BDI-content"}},"wdio_ui5_key":"etmportal.ui.manageyards.view.Newsap.m.Button{\"text\":\"Commercial\"}"}]}
RESULT: {"script":"<script> [1562 bytes]","args":[{"selector":{"controlType":"sap.m.Button","viewName":"etm.portal.ui.manageyards.view.New","viewId":"application-manageyards-display-component---NewYard","properties":{"text":"Commercial"},"interaction":{"idSuffix":"BDI-content"}},"wdio_ui5_key":"etmportal.ui.manageyards.view.Newsap.m.Button{\"text\":\"Commercial\"}"}]}
RESULT: undefined
COMMAND: POST /session/62c6c4e2516ebe3f1de2f3a3d288490f/element - {"using":"xpath","value":"//*[@id=\"application-manageyards-display-component---NewYard--ObjectPageLayout-anchBar-__section5-anchor\"]"}
RESULT: {"using":"xpath","value":"//*[@id=\"application-manageyards-display-component---NewYard--ObjectPageLayout-anchBar-__section5-anchor\"]"}
COMMAND: POST /session/62c6c4e2516ebe3f1de2f3a3d288490f/element/f.E4C2DC6123E2A493099A271DC72A1D12.d.599D9257E78BA8C1B5454BFD7FC86894.e.8675/click - {}
RESULT: {}
COMMAND: GET /session/62c6c4e2516ebe3f1de2f3a3d288490f/screenshot - {}
RESULT: {}
COMMAND: POST /session/62c6c4e2516ebe3f1de2f3a3d288490f/element - {"using":"xpath","value":"//div[contains(text(), \"Commercial\")]"}
RESULT: {"using":"xpath","value":"//div[contains(text(), \"Commercial\")]"}
COMMAND: GET /session/62c6c4e2516ebe3f1de2f3a3d288490f/element/f.E4C2DC6123E2A493099A271DC72A1D12.d.599D9257E78BA8C1B5454BFD7FC86894.e.8684/rect - {}
RESULT: {}
COMMAND: GET /session/62c6c4e2516ebe3f1de2f3a3d288490f/window/rect - {}
RESULT: {}
COMMAND: POST /session/62c6c4e2516ebe3f1de2f3a3d288490f/execute/sync - {"script":"<script> [92 bytes]","args":[]}
RESULT: {"script":"<script> [92 bytes]","args":[]}
COMMAND: POST /session/62c6c4e2516ebe3f1de2f3a3d288490f/actions - {"actions":[{"id":"action27","type":"wheel","parameters":{},"actions":[{"type":"scroll","x":-1841,"y":-44,"deltaX":0,"deltaY":0,"duration":0,"origin":{"element-6066-11e4-a52e-4f735466cecf":"f.E4C2DC6123E2A493099A271DC72A1D12.d.599D9257E78BA8C1B5454BFD7FC86894.e.8684"}}]}]}
COMMAND: GET /session/62c6c4e2516ebe3f1de2f3a3d288490f/screenshot - {}
RESULT: {}
COMMAND: POST /session/62c6c4e2516ebe3f1de2f3a3d288490f/execute/sync - {"script":"<script> [79 bytes]","args":[{"element-6066-11e4-a52e-4f735466cecf":"f.E4C2DC6123E2A493099A271DC72A1D12.d.599D9257E78BA8C1B5454BFD7FC86894.e.8684","ELEMENT":"f.E4C2DC6123E2A493099A271DC72A1D12.d.599D9257E78BA8C1B5454BFD7FC86894.e.8684"},{"block":"start","inline":"nearest"}]}
RESULT: {"script":"<script> [79 bytes]","args":[{"element-6066-11e4-a52e-4f735466cecf":"f.E4C2DC6123E2A493099A271DC72A1D12.d.599D9257E78BA8C1B5454BFD7FC86894.e.8684","ELEMENT":"f.E4C2DC6123E2A493099A271DC72A1D12.d.599D9257E78BA8C1B5454BFD7FC86894.e.8684"},{"block":"start","inline":"nearest"}]}
COMMAND: GET /session/62c6c4e2516ebe3f1de2f3a3d288490f/screenshot - {}
RESULT: {}
COMMAND: POST /session/62c6c4e2516ebe3f1de2f3a3d288490f/execute/async - {"script":"<script> [1562 bytes]","args":[{"selector":{"id":"application-manageyards-display-component---NewYard--addressEditDetailsCostObjectCstType-arrow"},"wdio_ui5_key":"applicationmanageyards-display-component---NewYard--addressEditDetailsCostObjectCstType-arrow"}]}
RESULT: {"script":"<script> [1562 bytes]","args":[{"selector":{"id":"application-manageyards-display-component---NewYard--addressEditDetailsCostObjectCstType-arrow"},"wdio_ui5_key":"applicationmanageyards-display-component---NewYard--addressEditDetailsCostObjectCstType-arrow"}]}
RESULT: undefined
COMMAND: POST /session/62c6c4e2516ebe3f1de2f3a3d288490f/element - {"using":"xpath","value":"//*[@id=\"application-manageyards-display-component---NewYard--addressEditDetailsCostObjectCstType-arrow\"]"}
RESULT: {"using":"xpath","value":"//*[@id=\"application-manageyards-display-component---NewYard--addressEditDetailsCostObjectCstType-arrow\"]"}
COMMAND: POST /session/62c6c4e2516ebe3f1de2f3a3d288490f/element/f.E4C2DC6123E2A493099A271DC72A1D12.d.599D9257E78BA8C1B5454BFD7FC86894.e.8685/click - {}
RESULT: {}
COMMAND: POST /session/62c6c4e2516ebe3f1de2f3a3d288490f/element - {"using":"xpath","value":"//span[contains(text(), \"Cost Center\")]"}
COMMAND: GET /session/62c6c4e2516ebe3f1de2f3a3d288490f/screenshot - {}
RESULT: {"using":"xpath","value":"//span[contains(text(), \"Cost Center\")]"}
COMMAND: POST /session/62c6c4e2516ebe3f1de2f3a3d288490f/element/f.E4C2DC6123E2A493099A271DC72A1D12.d.599D9257E78BA8C1B5454BFD7FC86894.e.8686/click - {}
RESULT: {}
RESULT: {}
COMMAND: GET /session/62c6c4e2516ebe3f1de2f3a3d288490f/screenshot - {}
RESULT: {}
COMMAND: POST /session/62c6c4e2516ebe3f1de2f3a3d288490f/execute/async - {"script":"<script> [1562 bytes]","args":[{"selector":{"id":"application-manageyards-display-component---NewYard--addressNewCostObjectCstID-vhi"},"wdio_ui5_key":"applicationmanageyards-display-component---NewYard--addressNewCostObjectCstID-vhi"}]}
RESULT: {"script":"<script> [1562 bytes]","args":[{"selector":{"id":"application-manageyards-display-component---NewYard--addressNewCostObjectCstID-vhi"},"wdio_ui5_key":"applicationmanageyards-display-component---NewYard--addressNewCostObjectCstID-vhi"}]}
RESULT: undefined
COMMAND: POST /session/62c6c4e2516ebe3f1de2f3a3d288490f/element - {"using":"xpath","value":"//*[@id=\"application-manageyards-display-component---NewYard--addressNewCostObjectCstID-vhi\"]"}
RESULT: {"using":"xpath","value":"//*[@id=\"application-manageyards-display-component---NewYard--addressNewCostObjectCstID-vhi\"]"}
COMMAND: POST /session/62c6c4e2516ebe3f1de2f3a3d288490f/element/f.E4C2DC6123E2A493099A271DC72A1D12.d.599D9257E78BA8C1B5454BFD7FC86894.e.8690/click - {}
RESULT: {}
COMMAND: GET /session/62c6c4e2516ebe3f1de2f3a3d288490f/screenshot - {}
RESULT: {}
COMMAND: POST /session/62c6c4e2516ebe3f1de2f3a3d288490f/execute/async - {"script":"<script> [1562 bytes]","args":[{"selector":{"controlType":"sap.m.SearchField","properties":{"placeholder":"Search"},"searchOpenDialogs":true,"interaction":{"idSuffix":"I"}},"wdio_ui5_key":"sapm.SearchField{\"placeholder\":\"Search\"}"}]}
RESULT: {"script":"<script> [1562 bytes]","args":[{"selector":{"controlType":"sap.m.SearchField","properties":{"placeholder":"Search"},"searchOpenDialogs":true,"interaction":{"idSuffix":"I"}},"wdio_ui5_key":"sapm.SearchField{\"placeholder\":\"Search\"}"}]}
RESULT: undefined
COMMAND: POST /session/62c6c4e2516ebe3f1de2f3a3d288490f/execute/async - {"script":"<script> [776 bytes]","args":[{"enterText":"10001013","selector":{"controlType":"sap.m.SearchField","properties":{"placeholder":"Search"},"searchOpenDialogs":true,"interaction":{"idSuffix":"I"}},"clearTextFirst":true,"interactionType":"ENTER_TEXT"}]}
RESULT: {"script":"<script> [776 bytes]","args":[{"enterText":"10001013","selector":{"controlType":"sap.m.SearchField","properties":{"placeholder":"Search"},"searchOpenDialogs":true,"interaction":{"idSuffix":"I"}},"clearTextFirst":true,"interactionType":"ENTER_TEXT"}]}
COMMAND: POST /session/62c6c4e2516ebe3f1de2f3a3d288490f/actions - {"actions":[{"id":"action28","type":"key","parameters":{},"actions":[{"type":"keyDown","value":"î€‡"},{"type":"pause","duration":10},{"type":"keyUp","value":"î€‡"}]}]}
RESULT: {"actions":[{"id":"action28","type":"key","parameters":{},"actions":[{"type":"keyDown","value":"î€‡"},{"type":"pause","duration":10},{"type":"keyUp","value":"î€‡"}]}]}
COMMAND: GET /session/62c6c4e2516ebe3f1de2f3a3d288490f/screenshot - {}
RESULT: {}
COMMAND: POST /session/62c6c4e2516ebe3f1de2f3a3d288490f/element - {"using":"xpath","value":"//span[contains(text(), \"General Management\")]"}
RESULT: {"using":"xpath","value":"//span[contains(text(), \"General Management\")]"}
COMMAND: POST /session/62c6c4e2516ebe3f1de2f3a3d288490f/element/f.E4C2DC6123E2A493099A271DC72A1D12.d.599D9257E78BA8C1B5454BFD7FC86894.e.8732/click - {}
RESULT: {}
COMMAND: GET /session/62c6c4e2516ebe3f1de2f3a3d288490f/screenshot - {}
RESULT: {}
COMMAND: POST /session/62c6c4e2516ebe3f1de2f3a3d288490f/element - {"using":"xpath","value":"//bdi[contains(text(), \"OK\")]"}
RESULT: {"using":"xpath","value":"//bdi[contains(text(), \"OK\")]"}
COMMAND: POST /session/62c6c4e2516ebe3f1de2f3a3d288490f/element/f.E4C2DC6123E2A493099A271DC72A1D12.d.599D9257E78BA8C1B5454BFD7FC86894.e.8733/click - {}
RESULT: {}
COMMAND: GET /session/62c6c4e2516ebe3f1de2f3a3d288490f/screenshot - {}
RESULT: {}
COMMAND: POST /session/62c6c4e2516ebe3f1de2f3a3d288490f/execute/async - {"script":"<script> [1562 bytes]","args":[{"selector":{"id":"application-manageyards-display-component---NewYard--addressEditDetailsCurrency","interaction":{"idSuffix":"inner"}},"wdio_ui5_key":"applicationmanageyards-display-component---NewYard--addressEditDetailsCurrency"}]}
RESULT: {"script":"<script> [1562 bytes]","args":[{"selector":{"id":"application-manageyards-display-component---NewYard--addressEditDetailsCurrency","interaction":{"idSuffix":"inner"}},"wdio_ui5_key":"applicationmanageyards-display-component---NewYard--addressEditDetailsCurrency"}]}
RESULT: undefined
COMMAND: POST /session/62c6c4e2516ebe3f1de2f3a3d288490f/execute/async - {"script":"<script> [776 bytes]","args":[{"enterText":"Euro","selector":{"id":"application-manageyards-display-component---NewYard--addressEditDetailsCurrency","interaction":{"idSuffix":"inner"}},"clearTextFirst":true,"interactionType":"ENTER_TEXT"}]}
RESULT: {"script":"<script> [776 bytes]","args":[{"enterText":"Euro","selector":{"id":"application-manageyards-display-component---NewYard--addressEditDetailsCurrency","interaction":{"idSuffix":"inner"}},"clearTextFirst":true,"interactionType":"ENTER_TEXT"}]}
COMMAND: POST /session/62c6c4e2516ebe3f1de2f3a3d288490f/execute/async - {"script":"<script> [1562 bytes]","args":[{"selector":{"controlType":"sap.m.Input","viewName":"etm.portal.ui.manageyards.view.New","viewId":"application-manageyards-display-component---NewYard","bindingPath":{"path":"","propertyPath":"/CONTROLLING_AREA","modelName":"NewYardModel"},"interaction":{"idSuffix":"inner"}},"wdio_ui5_key":"etmportal.ui.manageyards.view.Newsap.m.Input{\"path\":\"\",\"propertyPath\":\"/CONTROLLING_AREA\",\"modelName\":\"NewYardModel\"}"}]}
RESULT: {"script":"<script> [1562 bytes]","args":[{"selector":{"controlType":"sap.m.Input","viewName":"etm.portal.ui.manageyards.view.New","viewId":"application-manageyards-display-component---NewYard","bindingPath":{"path":"","propertyPath":"/CONTROLLING_AREA","modelName":"NewYardModel"},"interaction":{"idSuffix":"inner"}},"wdio_ui5_key":"etmportal.ui.manageyards.view.Newsap.m.Input{\"path\":\"\",\"propertyPath\":\"/CONTROLLING_AREA\",\"modelName\":\"NewYardModel\"}"}]}
RESULT: undefined
COMMAND: POST /session/62c6c4e2516ebe3f1de2f3a3d288490f/execute/async - {"script":"<script> [776 bytes]","args":[{"enterText":"Z001","selector":{"controlType":"sap.m.Input","viewName":"etm.portal.ui.manageyards.view.New","viewId":"application-manageyards-display-component---NewYard","bindingPath":{"path":"","propertyPath":"/CONTROLLING_AREA","modelName":"NewYardModel"},"interaction":{"idSuffix":"inner"}},"clearTextFirst":true,"interactionType":"ENTER_TEXT"}]}
RESULT: {"script":"<script> [776 bytes]","args":[{"enterText":"Z001","selector":{"controlType":"sap.m.Input","viewName":"etm.portal.ui.manageyards.view.New","viewId":"application-manageyards-display-component---NewYard","bindingPath":{"path":"","propertyPath":"/CONTROLLING_AREA","modelName":"NewYardModel"},"interaction":{"idSuffix":"inner"}},"clearTextFirst":true,"interactionType":"ENTER_TEXT"}]}
COMMAND: POST /session/62c6c4e2516ebe3f1de2f3a3d288490f/execute/async - {"script":"<script> [1562 bytes]","args":[{"selector":{"id":"application-manageyards-display-component---NewYard--companyCodeComboBox","interaction":{"idSuffix":"inner"}},"wdio_ui5_key":"applicationmanageyards-display-component---NewYard--companyCodeComboBox"}]}
RESULT: {"script":"<script> [1562 bytes]","args":[{"selector":{"id":"application-manageyards-display-component---NewYard--companyCodeComboBox","interaction":{"idSuffix":"inner"}},"wdio_ui5_key":"applicationmanageyards-display-component---NewYard--companyCodeComboBox"}]}
RESULT: undefined
COMMAND: POST /session/62c6c4e2516ebe3f1de2f3a3d288490f/execute/async - {"script":"<script> [776 bytes]","args":[{"enterText":"1000","selector":{"id":"application-manageyards-display-component---NewYard--companyCodeComboBox","interaction":{"idSuffix":"inner"}},"clearTextFirst":true,"interactionType":"ENTER_TEXT"}]}
RESULT: {"script":"<script> [776 bytes]","args":[{"enterText":"1000","selector":{"id":"application-manageyards-display-component---NewYard--companyCodeComboBox","interaction":{"idSuffix":"inner"}},"clearTextFirst":true,"interactionType":"ENTER_TEXT"}]}
COMMAND: POST /session/62c6c4e2516ebe3f1de2f3a3d288490f/actions - {"actions":[{"id":"action29","type":"key","parameters":{},"actions":[{"type":"keyDown","value":"î€‡"},{"type":"pause","duration":10},{"type":"keyUp","value":"î€‡"}]}]}
RESULT: {"actions":[{"id":"action29","type":"key","parameters":{},"actions":[{"type":"keyDown","value":"î€‡"},{"type":"pause","duration":10},{"type":"keyUp","value":"î€‡"}]}]}
COMMAND: POST /session/62c6c4e2516ebe3f1de2f3a3d288490f/execute/async - {"script":"<script> [1562 bytes]","args":[{"selector":{"controlType":"sap.m.Input","viewName":"etm.portal.ui.manageyards.view.New","viewId":"application-manageyards-display-component---NewYard","bindingPath":{"path":"","propertyPath":"/PLANT","modelName":"NewYardModel"},"interaction":{"idSuffix":"inner"}},"wdio_ui5_key":"etmportal.ui.manageyards.view.Newsap.m.Input{\"path\":\"\",\"propertyPath\":\"/PLANT\",\"modelName\":\"NewYardModel\"}"}]}
COMMAND: GET /session/62c6c4e2516ebe3f1de2f3a3d288490f/screenshot - {}
RESULT: {"script":"<script> [1562 bytes]","args":[{"selector":{"controlType":"sap.m.Input","viewName":"etm.portal.ui.manageyards.view.New","viewId":"application-manageyards-display-component---NewYard","bindingPath":{"path":"","propertyPath":"/PLANT","modelName":"NewYardModel"},"interaction":{"idSuffix":"inner"}},"wdio_ui5_key":"etmportal.ui.manageyards.view.Newsap.m.Input{\"path\":\"\",\"propertyPath\":\"/PLANT\",\"modelName\":\"NewYardModel\"}"}]}
RESULT: undefined
COMMAND: POST /session/62c6c4e2516ebe3f1de2f3a3d288490f/execute/async - {"script":"<script> [776 bytes]","args":[{"enterText":"1001","selector":{"controlType":"sap.m.Input","viewName":"etm.portal.ui.manageyards.view.New","viewId":"application-manageyards-display-component---NewYard","bindingPath":{"path":"","propertyPath":"/PLANT","modelName":"NewYardModel"},"interaction":{"idSuffix":"inner"}},"clearTextFirst":true,"interactionType":"ENTER_TEXT"}]}
RESULT: {}
RESULT: {"script":"<script> [776 bytes]","args":[{"enterText":"1001","selector":{"controlType":"sap.m.Input","viewName":"etm.portal.ui.manageyards.view.New","viewId":"application-manageyards-display-component---NewYard","bindingPath":{"path":"","propertyPath":"/PLANT","modelName":"NewYardModel"},"interaction":{"idSuffix":"inner"}},"clearTextFirst":true,"interactionType":"ENTER_TEXT"}]}
COMMAND: POST /session/62c6c4e2516ebe3f1de2f3a3d288490f/execute/async - {"script":"<script> [1562 bytes]","args":[{"selector":{"controlType":"sap.m.Input","viewName":"etm.portal.ui.manageyards.view.New","viewId":"application-manageyards-display-component---NewYard","bindingPath":{"path":"","propertyPath":"/SALES_AREA_VKORG","modelName":"NewYardModel"},"interaction":{"idSuffix":"inner"}},"wdio_ui5_key":"etmportal.ui.manageyards.view.Newsap.m.Input{\"path\":\"\",\"propertyPath\":\"/SALES_AREA_VKORG\",\"modelName\":\"NewYardModel\"}"}]}
RESULT: {"script":"<script> [1562 bytes]","args":[{"selector":{"controlType":"sap.m.Input","viewName":"etm.portal.ui.manageyards.view.New","viewId":"application-manageyards-display-component---NewYard","bindingPath":{"path":"","propertyPath":"/SALES_AREA_VKORG","modelName":"NewYardModel"},"interaction":{"idSuffix":"inner"}},"wdio_ui5_key":"etmportal.ui.manageyards.view.Newsap.m.Input{\"path\":\"\",\"propertyPath\":\"/SALES_AREA_VKORG\",\"modelName\":\"NewYardModel\"}"}]}
RESULT: undefined
COMMAND: POST /session/62c6c4e2516ebe3f1de2f3a3d288490f/execute/async - {"script":"<script> [776 bytes]","args":[{"enterText":"C002","selector":{"controlType":"sap.m.Input","viewName":"etm.portal.ui.manageyards.view.New","viewId":"application-manageyards-display-component---NewYard","bindingPath":{"path":"","propertyPath":"/SALES_AREA_VKORG","modelName":"NewYardModel"},"interaction":{"idSuffix":"inner"}},"clearTextFirst":true,"interactionType":"ENTER_TEXT"}]}
RESULT: {"script":"<script> [776 bytes]","args":[{"enterText":"C002","selector":{"controlType":"sap.m.Input","viewName":"etm.portal.ui.manageyards.view.New","viewId":"application-manageyards-display-component---NewYard","bindingPath":{"path":"","propertyPath":"/SALES_AREA_VKORG","modelName":"NewYardModel"},"interaction":{"idSuffix":"inner"}},"clearTextFirst":true,"interactionType":"ENTER_TEXT"}]}
COMMAND: POST /session/62c6c4e2516ebe3f1de2f3a3d288490f/execute/async - {"script":"<script> [1562 bytes]","args":[{"selector":{"controlType":"sap.m.Input","viewName":"etm.portal.ui.manageyards.view.New","viewId":"application-manageyards-display-component---NewYard","bindingPath":{"path":"","propertyPath":"/SALES_AREA_VTWEG","modelName":"NewYardModel"},"interaction":{"idSuffix":"inner"}},"wdio_ui5_key":"etmportal.ui.manageyards.view.Newsap.m.Input{\"path\":\"\",\"propertyPath\":\"/SALES_AREA_VTWEG\",\"modelName\":\"NewYardModel\"}"}]}
RESULT: {"script":"<script> [1562 bytes]","args":[{"selector":{"controlType":"sap.m.Input","viewName":"etm.portal.ui.manageyards.view.New","viewId":"application-manageyards-display-component---NewYard","bindingPath":{"path":"","propertyPath":"/SALES_AREA_VTWEG","modelName":"NewYardModel"},"interaction":{"idSuffix":"inner"}},"wdio_ui5_key":"etmportal.ui.manageyards.view.Newsap.m.Input{\"path\":\"\",\"propertyPath\":\"/SALES_AREA_VTWEG\",\"modelName\":\"NewYardModel\"}"}]}
RESULT: undefined
COMMAND: POST /session/62c6c4e2516ebe3f1de2f3a3d288490f/execute/async - {"script":"<script> [776 bytes]","args":[{"enterText":"C2","selector":{"controlType":"sap.m.Input","viewName":"etm.portal.ui.manageyards.view.New","viewId":"application-manageyards-display-component---NewYard","bindingPath":{"path":"","propertyPath":"/SALES_AREA_VTWEG","modelName":"NewYardModel"},"interaction":{"idSuffix":"inner"}},"clearTextFirst":true,"interactionType":"ENTER_TEXT"}]}
RESULT: {"script":"<script> [776 bytes]","args":[{"enterText":"C2","selector":{"controlType":"sap.m.Input","viewName":"etm.portal.ui.manageyards.view.New","viewId":"application-manageyards-display-component---NewYard","bindingPath":{"path":"","propertyPath":"/SALES_AREA_VTWEG","modelName":"NewYardModel"},"interaction":{"idSuffix":"inner"}},"clearTextFirst":true,"interactionType":"ENTER_TEXT"}]}
COMMAND: POST /session/62c6c4e2516ebe3f1de2f3a3d288490f/execute/async - {"script":"<script> [1562 bytes]","args":[{"selector":{"controlType":"sap.m.Input","viewName":"etm.portal.ui.manageyards.view.New","viewId":"application-manageyards-display-component---NewYard","bindingPath":{"path":"","propertyPath":"/SALES_AREA_SPART","modelName":"NewYardModel"},"interaction":{"idSuffix":"inner"}},"wdio_ui5_key":"etmportal.ui.manageyards.view.Newsap.m.Input{\"path\":\"\",\"propertyPath\":\"/SALES_AREA_SPART\",\"modelName\":\"NewYardModel\"}"}]}
RESULT: {"script":"<script> [1562 bytes]","args":[{"selector":{"controlType":"sap.m.Input","viewName":"etm.portal.ui.manageyards.view.New","viewId":"application-manageyards-display-component---NewYard","bindingPath":{"path":"","propertyPath":"/SALES_AREA_SPART","modelName":"NewYardModel"},"interaction":{"idSuffix":"inner"}},"wdio_ui5_key":"etmportal.ui.manageyards.view.Newsap.m.Input{\"path\":\"\",\"propertyPath\":\"/SALES_AREA_SPART\",\"modelName\":\"NewYardModel\"}"}]}
RESULT: undefined
COMMAND: POST /session/62c6c4e2516ebe3f1de2f3a3d288490f/execute/async - {"script":"<script> [776 bytes]","args":[{"enterText":"C2","selector":{"controlType":"sap.m.Input","viewName":"etm.portal.ui.manageyards.view.New","viewId":"application-manageyards-display-component---NewYard","bindingPath":{"path":"","propertyPath":"/SALES_AREA_SPART","modelName":"NewYardModel"},"interaction":{"idSuffix":"inner"}},"clearTextFirst":true,"interactionType":"ENTER_TEXT"}]}
RESULT: {"script":"<script> [776 bytes]","args":[{"enterText":"C2","selector":{"controlType":"sap.m.Input","viewName":"etm.portal.ui.manageyards.view.New","viewId":"application-manageyards-display-component---NewYard","bindingPath":{"path":"","propertyPath":"/SALES_AREA_SPART","modelName":"NewYardModel"},"interaction":{"idSuffix":"inner"}},"clearTextFirst":true,"interactionType":"ENTER_TEXT"}]}
COMMAND: POST /session/62c6c4e2516ebe3f1de2f3a3d288490f/execute/async - {"script":"<script> [1562 bytes]","args":[{"selector":{"id":"application-manageyards-display-component---NewYard--whmCheckBox","interaction":{"idSuffix":"CbBg"}},"wdio_ui5_key":"applicationmanageyards-display-component---NewYard--whmCheckBox"}]}
RESULT: {"script":"<script> [1562 bytes]","args":[{"selector":{"id":"application-manageyards-display-component---NewYard--whmCheckBox","interaction":{"idSuffix":"CbBg"}},"wdio_ui5_key":"applicationmanageyards-display-component---NewYard--whmCheckBox"}]}
RESULT: undefined
COMMAND: POST /session/62c6c4e2516ebe3f1de2f3a3d288490f/element - {"using":"xpath","value":"//*[@id=\"application-manageyards-display-component---NewYard--whmCheckBox\"]"}
RESULT: {"using":"xpath","value":"//*[@id=\"application-manageyards-display-component---NewYard--whmCheckBox\"]"}
COMMAND: POST /session/62c6c4e2516ebe3f1de2f3a3d288490f/element/f.E4C2DC6123E2A493099A271DC72A1D12.d.599D9257E78BA8C1B5454BFD7FC86894.e.8744/click - {}
RESULT: {}
COMMAND: POST /session/62c6c4e2516ebe3f1de2f3a3d288490f/execute/async - {"script":"<script> [1562 bytes]","args":[{"selector":{"controlType":"sap.m.Button","viewName":"etm.portal.ui.manageyards.view.New","viewId":"application-manageyards-display-component---NewYard","i18NText":{"propertyName":"text","key":"save"},"interaction":{"idSuffix":"inner"}},"wdio_ui5_key":"etmportal.ui.manageyards.view.Newsap.m.Button{\"propertyName\":\"text\",\"key\":\"save\"}"}]}
COMMAND: GET /session/62c6c4e2516ebe3f1de2f3a3d288490f/screenshot - {}
RESULT: {"script":"<script> [1562 bytes]","args":[{"selector":{"controlType":"sap.m.Button","viewName":"etm.portal.ui.manageyards.view.New","viewId":"application-manageyards-display-component---NewYard","i18NText":{"propertyName":"text","key":"save"},"interaction":{"idSuffix":"inner"}},"wdio_ui5_key":"etmportal.ui.manageyards.view.Newsap.m.Button{\"propertyName\":\"text\",\"key\":\"save\"}"}]}
RESULT: undefined
COMMAND: POST /session/62c6c4e2516ebe3f1de2f3a3d288490f/element - {"using":"xpath","value":"//*[@id=\"__button18\"]"}
RESULT: {}
RESULT: {"using":"xpath","value":"//*[@id=\"__button18\"]"}
COMMAND: POST /session/62c6c4e2516ebe3f1de2f3a3d288490f/element/f.E4C2DC6123E2A493099A271DC72A1D12.d.599D9257E78BA8C1B5454BFD7FC86894.e.8633/click - {}
RESULT: {}
COMMAND: GET /session/62c6c4e2516ebe3f1de2f3a3d288490f/screenshot - {}
RESULT: {}
COMMAND: POST /session/62c6c4e2516ebe3f1de2f3a3d288490f/element - {"using":"css selector","value":"#shell-header-logo"}
RESULT: {"using":"css selector","value":"#shell-header-logo"}
COMMAND: POST /session/62c6c4e2516ebe3f1de2f3a3d288490f/element/f.E4C2DC6123E2A493099A271DC72A1D12.d.599D9257E78BA8C1B5454BFD7FC86894.e.8212/click - {}
RESULT: {}
COMMAND: GET /session/62c6c4e2516ebe3f1de2f3a3d288490f/screenshot - {}
RESULT: {}
COMMAND: POST /session/62c6c4e2516ebe3f1de2f3a3d288490f/refresh - {}
RESULT: {}
COMMAND: GET /session/62c6c4e2516ebe3f1de2f3a3d288490f/screenshot - {}
RESULT: {}
COMMAND: POST /session/62c6c4e2516ebe3f1de2f3a3d288490f/execute/async - {"script":"<script> [189 bytes]","args":[]}
RESULT: {"script":"<script> [189 bytes]","args":[]}
COMMAND: POST /session/62c6c4e2516ebe3f1de2f3a3d288490f/execute/async - {"script":"<script> [123 bytes]","args":[]}
RESULT: {"script":"<script> [123 bytes]","args":[]}
COMMAND: POST /session/62c6c4e2516ebe3f1de2f3a3d288490f/timeouts - {"script":"<number>"}
RESULT: {"script":"<number>"}
COMMAND: GET /session/62c6c4e2516ebe3f1de2f3a3d288490f/timeouts - {}
RESULT: {}
RESULT: undefined
COMMAND: POST /session/62c6c4e2516ebe3f1de2f3a3d288490f/execute/async - {"script":"<script> [2676 bytes]","args":[]}
RESULT: {"script":"<script> [2676 bytes]","args":[]}
COMMAND: POST /session/62c6c4e2516ebe3f1de2f3a3d288490f/execute/async - {"script":"<script> [2342 bytes]","args":[{"protocol":"http","hostname":"0.0.0.0","path":"/","capabilities":{"browserName":"chrome","goog:chromeOptions":{"binary":"C:\\Program Files\\Google\\Chrome\\Application\\chrome.exe","args":["--start-maximized"]}},"logLevel":"warn","connectionRetryTimeout":120000,"connectionRetryCount":3,"logLevels":{},"enableDirectConnect":true,"strictSSL":true,"_":"65 more keys: [\"cacheDir\",\"port\",\"requestedCapabilities\",\"automationProtocol\",\"baseUrl\",\"waitforInterval\",\"waitforTimeout\",\"onReload\",\"beforeCommand\",\"afterCommand\",\"rootDir\",\"specs\",\"suites\",\"exclude\",\"groupLogsByTestSpec\",\"excludeDriverLogs\",\"bail\",\"framework\",\"reporters\",\"services\",\"maxInstances\",\"maxInstancesPerCapability\",\"injectGlobals\",\"filesToWatch\",\"execArgv\",\"runnerEnv\",\"runner\",\"shard\",\"specFileRetries\",\"specFileRetriesDelay\",\"specFileRetriesDeferred\",\"reporterSyncInterval\",\"reporterSyncTimeout\",\"cucumberFeaturesWithLineNumbers\",\"autoCompileOpts\",\"mochaOpts\",\"jasmineOpts\",\"cucumberOpts\",\"onPrepare\",\"onWorkerStart\",\"onWorkerEnd\",\"before\",\"beforeSession\",\"beforeSuite\",\"beforeHook\",\"beforeTest\",\"afterTest\",\"afterHook\",\"afterSuite\",\"afterSession\",\"after\",\"onComplete\",\"beforeAssertion\",\"afterAssertion\",\"beforeFeature\",\"beforeScenario\",\"beforeStep\",\"afterStep\",\"afterScenario\",\"afterFeature\",\"_\",\"suite\",\"$0\",\"ignoredWorkerServices\",\"wdi5\"]"}]}
RESULT: {"script":"<script> [2342 bytes]","args":[{"protocol":"http","hostname":"0.0.0.0","path":"/","capabilities":{"browserName":"chrome","goog:chromeOptions":{"binary":"C:\\Program Files\\Google\\Chrome\\Application\\chrome.exe","args":["--start-maximized"]}},"logLevel":"warn","connectionRetryTimeout":120000,"connectionRetryCount":3,"logLevels":{},"enableDirectConnect":true,"strictSSL":true,"_":"65 more keys: [\"cacheDir\",\"port\",\"requestedCapabilities\",\"automationProtocol\",\"baseUrl\",\"waitforInterval\",\"waitforTimeout\",\"onReload\",\"beforeCommand\",\"afterCommand\",\"rootDir\",\"specs\",\"suites\",\"exclude\",\"groupLogsByTestSpec\",\"excludeDriverLogs\",\"bail\",\"framework\",\"reporters\",\"services\",\"maxInstances\",\"maxInstancesPerCapability\",\"injectGlobals\",\"filesToWatch\",\"execArgv\",\"runnerEnv\",\"runner\",\"shard\",\"specFileRetries\",\"specFileRetriesDelay\",\"specFileRetriesDeferred\",\"reporterSyncInterval\",\"reporterSyncTimeout\",\"cucumberFeaturesWithLineNumbers\",\"autoCompileOpts\",\"mochaOpts\",\"jasmineOpts\",\"cucumberOpts\",\"onPrepare\",\"onWorkerStart\",\"onWorkerEnd\",\"before\",\"beforeSession\",\"beforeSuite\",\"beforeHook\",\"beforeTest\",\"afterTest\",\"afterHook\",\"afterSuite\",\"afterSession\",\"after\",\"onComplete\",\"beforeAssertion\",\"afterAssertion\",\"beforeFeature\",\"beforeScenario\",\"beforeStep\",\"afterStep\",\"afterScenario\",\"afterFeature\",\"_\",\"suite\",\"$0\",\"ignoredWorkerServices\",\"wdi5\"]"}]}
COMMAND: POST /session/62c6c4e2516ebe3f1de2f3a3d288490f/execute/async - {"script":"<script> [21126 bytes]","args":[35000]}
RESULT: {"script":"<script> [21126 bytes]","args":[35000]}
]]></system-out>
    </testcase>
    <testcase classname="chrome.136_0_7103_93.windows.Warehouse_movements_inventory_test" name="Should create a new warehouse organization" time="59.857">
      <system-out><![CDATA[
COMMAND: POST /session/62c6c4e2516ebe3f1de2f3a3d288490f/execute/async - {"script":"<script> [1562 bytes]","args":[{"selector":{"controlType":"sap.m.GenericTile","properties":{"header":"Bin Status Report"}},"wdio_ui5_key":"sapm.GenericTile{\"header\":\"Bin Status Report\"}"}]}
RESULT: {"script":"<script> [1562 bytes]","args":[{"selector":{"controlType":"sap.m.GenericTile","properties":{"header":"Bin Status Report"}},"wdio_ui5_key":"sapm.GenericTile{\"header\":\"Bin Status Report\"}"}]}
RESULT: undefined
COMMAND: POST /session/62c6c4e2516ebe3f1de2f3a3d288490f/element - {"using":"xpath","value":"//*[@id=\"__tile104\"]"}
RESULT: {"using":"xpath","value":"//*[@id=\"__tile104\"]"}
COMMAND: POST /session/62c6c4e2516ebe3f1de2f3a3d288490f/element/f.E4C2DC6123E2A493099A271DC72A1D12.d.129B0353B990F3909E60D68EE2D98C12.e.8958/click - {}
RESULT: {}
COMMAND: GET /session/62c6c4e2516ebe3f1de2f3a3d288490f/screenshot - {}
RESULT: {}
COMMAND: POST /session/62c6c4e2516ebe3f1de2f3a3d288490f/elements - {"using":"xpath","value":"//span[text()='Error']"}
RESULT: {"using":"xpath","value":"//span[text()='Error']"}
COMMAND: POST /session/62c6c4e2516ebe3f1de2f3a3d288490f/execute/async - {"script":"<script> [1562 bytes]","args":[{"selector":{"id":"application-binstatusreport-display-component---warehousing--createOrgBtn","interaction":{"idSuffix":"BDI-content"}},"wdio_ui5_key":"applicationbinstatusreport-display-component---warehousing--createOrgBtn"}]}
RESULT: {"script":"<script> [1562 bytes]","args":[{"selector":{"id":"application-binstatusreport-display-component---warehousing--createOrgBtn","interaction":{"idSuffix":"BDI-content"}},"wdio_ui5_key":"applicationbinstatusreport-display-component---warehousing--createOrgBtn"}]}
RESULT: undefined
COMMAND: POST /session/62c6c4e2516ebe3f1de2f3a3d288490f/element - {"using":"xpath","value":"//*[@id=\"application-binstatusreport-display-component---warehousing--createOrgBtn\"]"}
RESULT: {"using":"xpath","value":"//*[@id=\"application-binstatusreport-display-component---warehousing--createOrgBtn\"]"}
COMMAND: POST /session/62c6c4e2516ebe3f1de2f3a3d288490f/element/f.E4C2DC6123E2A493099A271DC72A1D12.d.129B0353B990F3909E60D68EE2D98C12.e.9005/click - {}
RESULT: {}
COMMAND: GET /session/62c6c4e2516ebe3f1de2f3a3d288490f/screenshot - {}
RESULT: {}
COMMAND: POST /session/62c6c4e2516ebe3f1de2f3a3d288490f/execute/async - {"script":"<script> [1562 bytes]","args":[{"selector":{"id":"createOrganizationPop--sectionInput","searchOpenDialogs":true,"interaction":{"idSuffix":"inner"}},"wdio_ui5_key":"createOrganizationPopsectionInput"}]}
RESULT: {"script":"<script> [1562 bytes]","args":[{"selector":{"id":"createOrganizationPop--sectionInput","searchOpenDialogs":true,"interaction":{"idSuffix":"inner"}},"wdio_ui5_key":"createOrganizationPopsectionInput"}]}
RESULT: undefined
COMMAND: POST /session/62c6c4e2516ebe3f1de2f3a3d288490f/execute/async - {"script":"<script> [776 bytes]","args":[{"enterText":"Secdwbb7","selector":{"id":"createOrganizationPop--sectionInput","searchOpenDialogs":true,"interaction":{"idSuffix":"inner"}},"clearTextFirst":true,"interactionType":"ENTER_TEXT"}]}
RESULT: {"script":"<script> [776 bytes]","args":[{"enterText":"Secdwbb7","selector":{"id":"createOrganizationPop--sectionInput","searchOpenDialogs":true,"interaction":{"idSuffix":"inner"}},"clearTextFirst":true,"interactionType":"ENTER_TEXT"}]}
COMMAND: POST /session/62c6c4e2516ebe3f1de2f3a3d288490f/execute/async - {"script":"<script> [1562 bytes]","args":[{"selector":{"id":"createOrganizationPop--descriptionInput","searchOpenDialogs":true,"interaction":{"idSuffix":"inner"}},"wdio_ui5_key":"createOrganizationPopdescriptionInput"}]}
RESULT: {"script":"<script> [1562 bytes]","args":[{"selector":{"id":"createOrganizationPop--descriptionInput","searchOpenDialogs":true,"interaction":{"idSuffix":"inner"}},"wdio_ui5_key":"createOrganizationPopdescriptionInput"}]}
RESULT: undefined
COMMAND: POST /session/62c6c4e2516ebe3f1de2f3a3d288490f/execute/async - {"script":"<script> [776 bytes]","args":[{"enterText":"OrgNameoiq2w","selector":{"id":"createOrganizationPop--descriptionInput","searchOpenDialogs":true,"interaction":{"idSuffix":"inner"}},"clearTextFirst":true,"interactionType":"ENTER_TEXT"}]}
RESULT: {"script":"<script> [776 bytes]","args":[{"enterText":"OrgNameoiq2w","selector":{"id":"createOrganizationPop--descriptionInput","searchOpenDialogs":true,"interaction":{"idSuffix":"inner"}},"clearTextFirst":true,"interactionType":"ENTER_TEXT"}]}
COMMAND: POST /session/62c6c4e2516ebe3f1de2f3a3d288490f/element - {"using":"xpath","value":"//input[contains(@id ,\"createOrganizationPop--yardOrg-inner\")]"}
RESULT: {"using":"xpath","value":"//input[contains(@id ,\"createOrganizationPop--yardOrg-inner\")]"}
COMMAND: POST /session/62c6c4e2516ebe3f1de2f3a3d288490f/element/f.E4C2DC6123E2A493099A271DC72A1D12.d.129B0353B990F3909E60D68EE2D98C12.e.9044/clear - {}
RESULT: {}
COMMAND: POST /session/62c6c4e2516ebe3f1de2f3a3d288490f/element/f.E4C2DC6123E2A493099A271DC72A1D12.d.129B0353B990F3909E60D68EE2D98C12.e.9044/value - {"text":"WebdriverWHMYardod55j"}
COMMAND: GET /session/62c6c4e2516ebe3f1de2f3a3d288490f/screenshot - {}
RESULT: {"text":"WebdriverWHMYardod55j"}
COMMAND: GET /session/62c6c4e2516ebe3f1de2f3a3d288490f/screenshot - {}
RESULT: {}
RESULT: {}
COMMAND: POST /session/62c6c4e2516ebe3f1de2f3a3d288490f/actions - {"actions":[{"id":"action30","type":"key","parameters":{},"actions":[{"type":"keyDown","value":"î€‡"},{"type":"pause","duration":10},{"type":"keyUp","value":"î€‡"}]}]}
RESULT: {"actions":[{"id":"action30","type":"key","parameters":{},"actions":[{"type":"keyDown","value":"î€‡"},{"type":"pause","duration":10},{"type":"keyUp","value":"î€‡"}]}]}
COMMAND: GET /session/62c6c4e2516ebe3f1de2f3a3d288490f/screenshot - {}
RESULT: {}
COMMAND: POST /session/62c6c4e2516ebe3f1de2f3a3d288490f/execute/async - {"script":"<script> [1562 bytes]","args":[{"selector":{"id":"createOrganizationPop--grZone","searchOpenDialogs":true,"interaction":{"idSuffix":"CbBg"}},"wdio_ui5_key":"createOrganizationPopgrZone"}]}
RESULT: {"script":"<script> [1562 bytes]","args":[{"selector":{"id":"createOrganizationPop--grZone","searchOpenDialogs":true,"interaction":{"idSuffix":"CbBg"}},"wdio_ui5_key":"createOrganizationPopgrZone"}]}
RESULT: undefined
COMMAND: POST /session/62c6c4e2516ebe3f1de2f3a3d288490f/element - {"using":"xpath","value":"//*[@id=\"createOrganizationPop--grZone\"]"}
RESULT: {"using":"xpath","value":"//*[@id=\"createOrganizationPop--grZone\"]"}
COMMAND: POST /session/62c6c4e2516ebe3f1de2f3a3d288490f/element/f.E4C2DC6123E2A493099A271DC72A1D12.d.129B0353B990F3909E60D68EE2D98C12.e.9066/click - {}
RESULT: {}
COMMAND: POST /session/62c6c4e2516ebe3f1de2f3a3d288490f/execute/async - {"script":"<script> [1562 bytes]","args":[{"selector":{"id":"createOrganizationPop--giZone","searchOpenDialogs":true,"interaction":{"idSuffix":"CbBg"}},"wdio_ui5_key":"createOrganizationPopgiZone"}]}
COMMAND: GET /session/62c6c4e2516ebe3f1de2f3a3d288490f/screenshot - {}
RESULT: {"script":"<script> [1562 bytes]","args":[{"selector":{"id":"createOrganizationPop--giZone","searchOpenDialogs":true,"interaction":{"idSuffix":"CbBg"}},"wdio_ui5_key":"createOrganizationPopgiZone"}]}
RESULT: undefined
COMMAND: POST /session/62c6c4e2516ebe3f1de2f3a3d288490f/element - {"using":"xpath","value":"//*[@id=\"createOrganizationPop--giZone\"]"}
RESULT: {}
RESULT: {"using":"xpath","value":"//*[@id=\"createOrganizationPop--giZone\"]"}
COMMAND: POST /session/62c6c4e2516ebe3f1de2f3a3d288490f/element/f.E4C2DC6123E2A493099A271DC72A1D12.d.129B0353B990F3909E60D68EE2D98C12.e.9068/click - {}
RESULT: {}
COMMAND: POST /session/62c6c4e2516ebe3f1de2f3a3d288490f/execute/async - {"script":"<script> [1562 bytes]","args":[{"selector":{"id":"createOrganizationPop--binNoInput","searchOpenDialogs":true,"interaction":{"idSuffix":"inner"}},"wdio_ui5_key":"createOrganizationPopbinNoInput"}]}
COMMAND: GET /session/62c6c4e2516ebe3f1de2f3a3d288490f/screenshot - {}
RESULT: {"script":"<script> [1562 bytes]","args":[{"selector":{"id":"createOrganizationPop--binNoInput","searchOpenDialogs":true,"interaction":{"idSuffix":"inner"}},"wdio_ui5_key":"createOrganizationPopbinNoInput"}]}
RESULT: undefined
COMMAND: POST /session/62c6c4e2516ebe3f1de2f3a3d288490f/execute/async - {"script":"<script> [776 bytes]","args":[{"enterText":"Bing72me","selector":{"id":"createOrganizationPop--binNoInput","searchOpenDialogs":true,"interaction":{"idSuffix":"inner"}},"clearTextFirst":true,"interactionType":"ENTER_TEXT"}]}
RESULT: {}
RESULT: {"script":"<script> [776 bytes]","args":[{"enterText":"Bing72me","selector":{"id":"createOrganizationPop--binNoInput","searchOpenDialogs":true,"interaction":{"idSuffix":"inner"}},"clearTextFirst":true,"interactionType":"ENTER_TEXT"}]}
COMMAND: POST /session/62c6c4e2516ebe3f1de2f3a3d288490f/execute/async - {"script":"<script> [1562 bytes]","args":[{"selector":{"id":"createOrganizationPop--descriptionId","searchOpenDialogs":true,"interaction":{"idSuffix":"inner"}},"wdio_ui5_key":"createOrganizationPopdescriptionId"}]}
RESULT: {"script":"<script> [1562 bytes]","args":[{"selector":{"id":"createOrganizationPop--descriptionId","searchOpenDialogs":true,"interaction":{"idSuffix":"inner"}},"wdio_ui5_key":"createOrganizationPopdescriptionId"}]}
RESULT: undefined
COMMAND: POST /session/62c6c4e2516ebe3f1de2f3a3d288490f/execute/async - {"script":"<script> [776 bytes]","args":[{"enterText":"Binb4r4pi","selector":{"id":"createOrganizationPop--descriptionId","searchOpenDialogs":true,"interaction":{"idSuffix":"inner"}},"clearTextFirst":true,"interactionType":"ENTER_TEXT"}]}
RESULT: {"script":"<script> [776 bytes]","args":[{"enterText":"Binb4r4pi","selector":{"id":"createOrganizationPop--descriptionId","searchOpenDialogs":true,"interaction":{"idSuffix":"inner"}},"clearTextFirst":true,"interactionType":"ENTER_TEXT"}]}
COMMAND: POST /session/62c6c4e2516ebe3f1de2f3a3d288490f/execute/async - {"script":"<script> [1562 bytes]","args":[{"selector":{"controlType":"sap.m.CheckBox","viewName":"etm.portal.ui.binstatusreport.view.MasterWareBins","viewId":"application-binstatusreport-display-component---warehousing","bindingPath":{"path":"","propertyPath":"/ZONE","modelName":"newBin"},"searchOpenDialogs":true,"interaction":{"idSuffix":"CbBg"}},"wdio_ui5_key":"etmportal.ui.binstatusreport.view.MasterWareBinssap.m.CheckBox{\"path\":\"\",\"propertyPath\":\"/ZONE\",\"modelName\":\"newBin\"}"}]}
RESULT: {"script":"<script> [1562 bytes]","args":[{"selector":{"controlType":"sap.m.CheckBox","viewName":"etm.portal.ui.binstatusreport.view.MasterWareBins","viewId":"application-binstatusreport-display-component---warehousing","bindingPath":{"path":"","propertyPath":"/ZONE","modelName":"newBin"},"searchOpenDialogs":true,"interaction":{"idSuffix":"CbBg"}},"wdio_ui5_key":"etmportal.ui.binstatusreport.view.MasterWareBinssap.m.CheckBox{\"path\":\"\",\"propertyPath\":\"/ZONE\",\"modelName\":\"newBin\"}"}]}
RESULT: undefined
COMMAND: POST /session/62c6c4e2516ebe3f1de2f3a3d288490f/element - {"using":"xpath","value":"//*[@id=\"__box12\"]"}
RESULT: {"using":"xpath","value":"//*[@id=\"__box12\"]"}
COMMAND: POST /session/62c6c4e2516ebe3f1de2f3a3d288490f/element/f.E4C2DC6123E2A493099A271DC72A1D12.d.129B0353B990F3909E60D68EE2D98C12.e.9072/click - {}
RESULT: {}
COMMAND: POST /session/62c6c4e2516ebe3f1de2f3a3d288490f/execute/async - {"script":"<script> [1562 bytes]","args":[{"selector":{"id":"createOrganizationPop--binTypesCB-arrow","searchOpenDialogs":true},"wdio_ui5_key":"createOrganizationPopbinTypesCB-arrow"}]}
COMMAND: GET /session/62c6c4e2516ebe3f1de2f3a3d288490f/screenshot - {}
RESULT: {"script":"<script> [1562 bytes]","args":[{"selector":{"id":"createOrganizationPop--binTypesCB-arrow","searchOpenDialogs":true},"wdio_ui5_key":"createOrganizationPopbinTypesCB-arrow"}]}
RESULT: undefined
COMMAND: POST /session/62c6c4e2516ebe3f1de2f3a3d288490f/element - {"using":"xpath","value":"//*[@id=\"createOrganizationPop--binTypesCB-arrow\"]"}
RESULT: {}
RESULT: {"using":"xpath","value":"//*[@id=\"createOrganizationPop--binTypesCB-arrow\"]"}
COMMAND: POST /session/62c6c4e2516ebe3f1de2f3a3d288490f/element/f.E4C2DC6123E2A493099A271DC72A1D12.d.129B0353B990F3909E60D68EE2D98C12.e.9073/click - {}
RESULT: {}
COMMAND: POST /session/62c6c4e2516ebe3f1de2f3a3d288490f/execute/async - {"script":"<script> [1562 bytes]","args":[{"selector":{"controlType":"sap.m.StandardListItem","viewName":"etm.portal.ui.binstatusreport.view.MasterWareBins","viewId":"application-binstatusreport-display-component---warehousing","properties":{"title":"1 - General / No capacity check"},"searchOpenDialogs":true,"interaction":{"idSuffix":"content"}},"wdio_ui5_key":"etmportal.ui.binstatusreport.view.MasterWareBinssap.m.StandardListItem{\"title\":\"1 - General / No capacity check\"}"}]}
COMMAND: GET /session/62c6c4e2516ebe3f1de2f3a3d288490f/screenshot - {}
RESULT: {"script":"<script> [1562 bytes]","args":[{"selector":{"controlType":"sap.m.StandardListItem","viewName":"etm.portal.ui.binstatusreport.view.MasterWareBins","viewId":"application-binstatusreport-display-component---warehousing","properties":{"title":"1 - General / No capacity check"},"searchOpenDialogs":true,"interaction":{"idSuffix":"content"}},"wdio_ui5_key":"etmportal.ui.binstatusreport.view.MasterWareBinssap.m.StandardListItem{\"title\":\"1 - General / No capacity check\"}"}]}
RESULT: undefined
COMMAND: POST /session/62c6c4e2516ebe3f1de2f3a3d288490f/element - {"using":"xpath","value":"//*[@id=\"__item120\"]"}
RESULT: {}
RESULT: {"using":"xpath","value":"//*[@id=\"__item120\"]"}
COMMAND: POST /session/62c6c4e2516ebe3f1de2f3a3d288490f/element/f.E4C2DC6123E2A493099A271DC72A1D12.d.129B0353B990F3909E60D68EE2D98C12.e.9075/click - {}
RESULT: {}
COMMAND: POST /session/62c6c4e2516ebe3f1de2f3a3d288490f/execute/async - {"script":"<script> [1562 bytes]","args":[{"selector":{"id":"createOrganizationPop--finishBtn","searchOpenDialogs":true,"interaction":{"idSuffix":"BDI-content"}},"wdio_ui5_key":"createOrganizationPopfinishBtn"}]}
COMMAND: GET /session/62c6c4e2516ebe3f1de2f3a3d288490f/screenshot - {}
RESULT: {"script":"<script> [1562 bytes]","args":[{"selector":{"id":"createOrganizationPop--finishBtn","searchOpenDialogs":true,"interaction":{"idSuffix":"BDI-content"}},"wdio_ui5_key":"createOrganizationPopfinishBtn"}]}
RESULT: undefined
COMMAND: POST /session/62c6c4e2516ebe3f1de2f3a3d288490f/element - {"using":"xpath","value":"//*[@id=\"createOrganizationPop--finishBtn\"]"}
RESULT: {}
RESULT: {"using":"xpath","value":"//*[@id=\"createOrganizationPop--finishBtn\"]"}
COMMAND: POST /session/62c6c4e2516ebe3f1de2f3a3d288490f/element/f.E4C2DC6123E2A493099A271DC72A1D12.d.129B0353B990F3909E60D68EE2D98C12.e.9077/click - {}
RESULT: {}
COMMAND: GET /session/62c6c4e2516ebe3f1de2f3a3d288490f/screenshot - {}
RESULT: {}
COMMAND: POST /session/62c6c4e2516ebe3f1de2f3a3d288490f/element - {"using":"css selector","value":"#shell-header-logo"}
RESULT: {"using":"css selector","value":"#shell-header-logo"}
COMMAND: POST /session/62c6c4e2516ebe3f1de2f3a3d288490f/element/f.E4C2DC6123E2A493099A271DC72A1D12.d.129B0353B990F3909E60D68EE2D98C12.e.8963/click - {}
RESULT: {}
COMMAND: GET /session/62c6c4e2516ebe3f1de2f3a3d288490f/screenshot - {}
RESULT: {}
]]></system-out>
    </testcase>
    <testcase classname="chrome.136_0_7103_93.windows.Warehouse_movements_inventory_test" name="Should Create new material for WHM yard" time="126.942">
      <system-out><![CDATA[
COMMAND: POST /session/62c6c4e2516ebe3f1de2f3a3d288490f/execute/async - {"script":"<script> [1562 bytes]","args":[{"selector":{"controlType":"sap.m.GenericTile","properties":{"header":"Manage Resources"}},"wdio_ui5_key":"sapm.GenericTile{\"header\":\"Manage Resources\"}"}]}
RESULT: {"script":"<script> [1562 bytes]","args":[{"selector":{"controlType":"sap.m.GenericTile","properties":{"header":"Manage Resources"}},"wdio_ui5_key":"sapm.GenericTile{\"header\":\"Manage Resources\"}"}]}
RESULT: undefined
COMMAND: POST /session/62c6c4e2516ebe3f1de2f3a3d288490f/element - {"using":"xpath","value":"//*[@id=\"__tile39\"]"}
RESULT: {"using":"xpath","value":"//*[@id=\"__tile39\"]"}
COMMAND: POST /session/62c6c4e2516ebe3f1de2f3a3d288490f/element/f.E4C2DC6123E2A493099A271DC72A1D12.d.129B0353B990F3909E60D68EE2D98C12.e.9084/click - {}
RESULT: {}
COMMAND: GET /session/62c6c4e2516ebe3f1de2f3a3d288490f/screenshot - {}
RESULT: {}
COMMAND: POST /session/62c6c4e2516ebe3f1de2f3a3d288490f/elements - {"using":"xpath","value":"//span[text()='Error']"}
RESULT: {"using":"xpath","value":"//span[text()='Error']"}
COMMAND: POST /session/62c6c4e2516ebe3f1de2f3a3d288490f/element - {"using":"xpath","value":"//button[@data-kt=\"addNewRUOverflowToolbarButton\"]"}
RESULT: {"using":"xpath","value":"//button[@data-kt=\"addNewRUOverflowToolbarButton\"]"}
COMMAND: POST /session/62c6c4e2516ebe3f1de2f3a3d288490f/execute/sync - {"script":"<script> [8489 bytes]","args":[{"element-6066-11e4-a52e-4f735466cecf":"f.E4C2DC6123E2A493099A271DC72A1D12.d.129B0353B990F3909E60D68EE2D98C12.e.9126","ELEMENT":"f.E4C2DC6123E2A493099A271DC72A1D12.d.129B0353B990F3909E60D68EE2D98C12.e.9126"}]}
RESULT: {"script":"<script> [8489 bytes]","args":[{"element-6066-11e4-a52e-4f735466cecf":"f.E4C2DC6123E2A493099A271DC72A1D12.d.129B0353B990F3909E60D68EE2D98C12.e.9126","ELEMENT":"f.E4C2DC6123E2A493099A271DC72A1D12.d.129B0353B990F3909E60D68EE2D98C12.e.9126"}]}
COMMAND: POST /session/62c6c4e2516ebe3f1de2f3a3d288490f/element/f.E4C2DC6123E2A493099A271DC72A1D12.d.129B0353B990F3909E60D68EE2D98C12.e.9126/click - {}
COMMAND: GET /session/62c6c4e2516ebe3f1de2f3a3d288490f/screenshot - {}
RESULT: {}
COMMAND: POST /session/62c6c4e2516ebe3f1de2f3a3d288490f/execute/async - {"script":"<script> [1562 bytes]","args":[{"selector":{"id":"application-manageresources-display-component---newResourceUnit--TYPE-arrow"},"wdio_ui5_key":"applicationmanageresources-display-component---newResourceUnit--TYPE-arrow"}]}
COMMAND: GET /session/62c6c4e2516ebe3f1de2f3a3d288490f/screenshot - {}
RESULT: {}
RESULT: {"script":"<script> [1562 bytes]","args":[{"selector":{"id":"application-manageresources-display-component---newResourceUnit--TYPE-arrow"},"wdio_ui5_key":"applicationmanageresources-display-component---newResourceUnit--TYPE-arrow"}]}
RESULT: undefined
COMMAND: POST /session/62c6c4e2516ebe3f1de2f3a3d288490f/element - {"using":"xpath","value":"//*[@id=\"application-manageresources-display-component---newResourceUnit--TYPE-arrow\"]"}
RESULT: {}
RESULT: {"using":"xpath","value":"//*[@id=\"application-manageresources-display-component---newResourceUnit--TYPE-arrow\"]"}
COMMAND: POST /session/62c6c4e2516ebe3f1de2f3a3d288490f/element/f.E4C2DC6123E2A493099A271DC72A1D12.d.129B0353B990F3909E60D68EE2D98C12.e.9449/click - {}
RESULT: {}
COMMAND: POST /session/62c6c4e2516ebe3f1de2f3a3d288490f/execute/async - {"script":"<script> [1562 bytes]","args":[{"selector":{"controlType":"sap.m.StandardListItem","viewName":"reusables.view.manageresources.NewResourceUnit","viewId":"application-manageresources-display-component---newResourceUnit","properties":{"title":"Material"},"searchOpenDialogs":true,"interaction":{"idSuffix":"titleText"}},"wdio_ui5_key":"reusablesview.manageresources.NewResourceUnitsap.m.StandardListItem{\"title\":\"Material\"}"}]}
COMMAND: GET /session/62c6c4e2516ebe3f1de2f3a3d288490f/screenshot - {}
RESULT: {"script":"<script> [1562 bytes]","args":[{"selector":{"controlType":"sap.m.StandardListItem","viewName":"reusables.view.manageresources.NewResourceUnit","viewId":"application-manageresources-display-component---newResourceUnit","properties":{"title":"Material"},"searchOpenDialogs":true,"interaction":{"idSuffix":"titleText"}},"wdio_ui5_key":"reusablesview.manageresources.NewResourceUnitsap.m.StandardListItem{\"title\":\"Material\"}"}]}
RESULT: undefined
COMMAND: POST /session/62c6c4e2516ebe3f1de2f3a3d288490f/element - {"using":"xpath","value":"//*[@id=\"__item249\"]"}
RESULT: {}
RESULT: {"using":"xpath","value":"//*[@id=\"__item249\"]"}
COMMAND: POST /session/62c6c4e2516ebe3f1de2f3a3d288490f/element/f.E4C2DC6123E2A493099A271DC72A1D12.d.129B0353B990F3909E60D68EE2D98C12.e.9452/click - {}
RESULT: {}
COMMAND: POST /session/62c6c4e2516ebe3f1de2f3a3d288490f/execute/async - {"script":"<script> [1562 bytes]","args":[{"selector":{"id":"application-manageresources-display-component---newResourceUnit--SHORT_TEXT","interaction":{"idSuffix":"inner"}},"wdio_ui5_key":"applicationmanageresources-display-component---newResourceUnit--SHORT_TEXT"}]}
COMMAND: GET /session/62c6c4e2516ebe3f1de2f3a3d288490f/screenshot - {}
RESULT: {"script":"<script> [1562 bytes]","args":[{"selector":{"id":"application-manageresources-display-component---newResourceUnit--SHORT_TEXT","interaction":{"idSuffix":"inner"}},"wdio_ui5_key":"applicationmanageresources-display-component---newResourceUnit--SHORT_TEXT"}]}
RESULT: undefined
COMMAND: POST /session/62c6c4e2516ebe3f1de2f3a3d288490f/execute/async - {"script":"<script> [776 bytes]","args":[{"enterText":"WebdriverRUR2C081uc","selector":{"id":"application-manageresources-display-component---newResourceUnit--SHORT_TEXT","interaction":{"idSuffix":"inner"}},"clearTextFirst":true,"interactionType":"ENTER_TEXT"}]}
RESULT: {}
RESULT: {"script":"<script> [776 bytes]","args":[{"enterText":"WebdriverRUR2C081uc","selector":{"id":"application-manageresources-display-component---newResourceUnit--SHORT_TEXT","interaction":{"idSuffix":"inner"}},"clearTextFirst":true,"interactionType":"ENTER_TEXT"}]}
COMMAND: POST /session/62c6c4e2516ebe3f1de2f3a3d288490f/execute/async - {"script":"<script> [1562 bytes]","args":[{"selector":{"id":"application-manageresources-display-component---newResourceUnit--BASE_UNIT_OF_MEASURE-arrow"},"wdio_ui5_key":"applicationmanageresources-display-component---newResourceUnit--BASE_UNIT_OF_MEASURE-arrow"}]}
RESULT: {"script":"<script> [1562 bytes]","args":[{"selector":{"id":"application-manageresources-display-component---newResourceUnit--BASE_UNIT_OF_MEASURE-arrow"},"wdio_ui5_key":"applicationmanageresources-display-component---newResourceUnit--BASE_UNIT_OF_MEASURE-arrow"}]}
RESULT: undefined
COMMAND: POST /session/62c6c4e2516ebe3f1de2f3a3d288490f/element - {"using":"xpath","value":"//*[@id=\"application-manageresources-display-component---newResourceUnit--BASE_UNIT_OF_MEASURE-arrow\"]"}
RESULT: {"using":"xpath","value":"//*[@id=\"application-manageresources-display-component---newResourceUnit--BASE_UNIT_OF_MEASURE-arrow\"]"}
COMMAND: POST /session/62c6c4e2516ebe3f1de2f3a3d288490f/element/f.E4C2DC6123E2A493099A271DC72A1D12.d.129B0353B990F3909E60D68EE2D98C12.e.9506/click - {}
RESULT: {}
COMMAND: POST /session/62c6c4e2516ebe3f1de2f3a3d288490f/execute/async - {"script":"<script> [1562 bytes]","args":[{"selector":{"controlType":"sap.m.StandardListItem","viewName":"reusables.view.manageresources.NewResourceUnit","viewId":"application-manageresources-display-component---newResourceUnit","properties":{"title":"Piece"},"searchOpenDialogs":true,"interaction":{"idSuffix":"titleText"}},"wdio_ui5_key":"reusablesview.manageresources.NewResourceUnitsap.m.StandardListItem{\"title\":\"Piece\"}"}]}
COMMAND: GET /session/62c6c4e2516ebe3f1de2f3a3d288490f/screenshot - {}
RESULT: {"script":"<script> [1562 bytes]","args":[{"selector":{"controlType":"sap.m.StandardListItem","viewName":"reusables.view.manageresources.NewResourceUnit","viewId":"application-manageresources-display-component---newResourceUnit","properties":{"title":"Piece"},"searchOpenDialogs":true,"interaction":{"idSuffix":"titleText"}},"wdio_ui5_key":"reusablesview.manageresources.NewResourceUnitsap.m.StandardListItem{\"title\":\"Piece\"}"}]}
RESULT: undefined
COMMAND: POST /session/62c6c4e2516ebe3f1de2f3a3d288490f/element - {"using":"xpath","value":"//*[@id=\"__item291\"]"}
RESULT: {}
RESULT: {"using":"xpath","value":"//*[@id=\"__item291\"]"}
COMMAND: POST /session/62c6c4e2516ebe3f1de2f3a3d288490f/element/f.E4C2DC6123E2A493099A271DC72A1D12.d.129B0353B990F3909E60D68EE2D98C12.e.9508/click - {}
RESULT: {}
COMMAND: POST /session/62c6c4e2516ebe3f1de2f3a3d288490f/element - {"using":"xpath","value":"//input[contains(@id ,\"application-manageresources-display-component---newResourceUnit--SHORT_TEXT-inner\")]"}
COMMAND: GET /session/62c6c4e2516ebe3f1de2f3a3d288490f/screenshot - {}
RESULT: {"using":"xpath","value":"//input[contains(@id ,\"application-manageresources-display-component---newResourceUnit--SHORT_TEXT-inner\")]"}
COMMAND: GET /session/62c6c4e2516ebe3f1de2f3a3d288490f/element/f.E4C2DC6123E2A493099A271DC72A1D12.d.129B0353B990F3909E60D68EE2D98C12.e.9469/property/value - {}
RESULT: {}
RESULT: {}
COMMAND: POST /session/62c6c4e2516ebe3f1de2f3a3d288490f/execute/async - {"script":"<script> [1562 bytes]","args":[{"selector":{"id":"application-manageresources-display-component---newResourceUnit--WEIGHT_UNIT-arrow"},"wdio_ui5_key":"applicationmanageresources-display-component---newResourceUnit--WEIGHT_UNIT-arrow"}]}
COMMAND: GET /session/62c6c4e2516ebe3f1de2f3a3d288490f/screenshot - {}
RESULT: {"script":"<script> [1562 bytes]","args":[{"selector":{"id":"application-manageresources-display-component---newResourceUnit--WEIGHT_UNIT-arrow"},"wdio_ui5_key":"applicationmanageresources-display-component---newResourceUnit--WEIGHT_UNIT-arrow"}]}
RESULT: undefined
COMMAND: POST /session/62c6c4e2516ebe3f1de2f3a3d288490f/element - {"using":"xpath","value":"//*[@id=\"application-manageresources-display-component---newResourceUnit--WEIGHT_UNIT-arrow\"]"}
RESULT: {}
RESULT: {"using":"xpath","value":"//*[@id=\"application-manageresources-display-component---newResourceUnit--WEIGHT_UNIT-arrow\"]"}
COMMAND: POST /session/62c6c4e2516ebe3f1de2f3a3d288490f/element/f.E4C2DC6123E2A493099A271DC72A1D12.d.129B0353B990F3909E60D68EE2D98C12.e.9509/click - {}
RESULT: {}
COMMAND: POST /session/62c6c4e2516ebe3f1de2f3a3d288490f/execute/async - {"script":"<script> [1562 bytes]","args":[{"selector":{"controlType":"sap.m.StandardListItem","viewName":"reusables.view.manageresources.NewResourceUnit","viewId":"application-manageresources-display-component---newResourceUnit","properties":{"title":"Gram"},"searchOpenDialogs":true,"interaction":{"idSuffix":"content"}},"wdio_ui5_key":"reusablesview.manageresources.NewResourceUnitsap.m.StandardListItem{\"title\":\"Gram\"}"}]}
COMMAND: GET /session/62c6c4e2516ebe3f1de2f3a3d288490f/screenshot - {}
RESULT: {"script":"<script> [1562 bytes]","args":[{"selector":{"controlType":"sap.m.StandardListItem","viewName":"reusables.view.manageresources.NewResourceUnit","viewId":"application-manageresources-display-component---newResourceUnit","properties":{"title":"Gram"},"searchOpenDialogs":true,"interaction":{"idSuffix":"content"}},"wdio_ui5_key":"reusablesview.manageresources.NewResourceUnitsap.m.StandardListItem{\"title\":\"Gram\"}"}]}
RESULT: undefined
COMMAND: POST /session/62c6c4e2516ebe3f1de2f3a3d288490f/element - {"using":"xpath","value":"//*[@id=\"__item356\"]"}
RESULT: {}
RESULT: {"using":"xpath","value":"//*[@id=\"__item356\"]"}
COMMAND: POST /session/62c6c4e2516ebe3f1de2f3a3d288490f/element/f.E4C2DC6123E2A493099A271DC72A1D12.d.129B0353B990F3909E60D68EE2D98C12.e.9511/click - {}
RESULT: {}
COMMAND: POST /session/62c6c4e2516ebe3f1de2f3a3d288490f/execute/async - {"script":"<script> [1562 bytes]","args":[{"selector":{"id":"application-manageresources-display-component---newResourceUnit--newRRUPage-OPHeaderContent-collapseBtn-img"},"wdio_ui5_key":"applicationmanageresources-display-component---newResourceUnit--newRRUPage-OPHeaderContent-collapseBtn-img"}]}
COMMAND: GET /session/62c6c4e2516ebe3f1de2f3a3d288490f/screenshot - {}
RESULT: {"script":"<script> [1562 bytes]","args":[{"selector":{"id":"application-manageresources-display-component---newResourceUnit--newRRUPage-OPHeaderContent-collapseBtn-img"},"wdio_ui5_key":"applicationmanageresources-display-component---newResourceUnit--newRRUPage-OPHeaderContent-collapseBtn-img"}]}
RESULT: undefined
COMMAND: POST /session/62c6c4e2516ebe3f1de2f3a3d288490f/element - {"using":"xpath","value":"//*[@id=\"application-manageresources-display-component---newResourceUnit--newRRUPage-OPHeaderContent-collapseBtn-img\"]"}
RESULT: {}
RESULT: {"using":"xpath","value":"//*[@id=\"application-manageresources-display-component---newResourceUnit--newRRUPage-OPHeaderContent-collapseBtn-img\"]"}
COMMAND: POST /session/62c6c4e2516ebe3f1de2f3a3d288490f/element/f.E4C2DC6123E2A493099A271DC72A1D12.d.129B0353B990F3909E60D68EE2D98C12.e.9459/click - {}
RESULT: {}
COMMAND: GET /session/62c6c4e2516ebe3f1de2f3a3d288490f/screenshot - {}
RESULT: {}
COMMAND: POST /session/62c6c4e2516ebe3f1de2f3a3d288490f/element - {"using":"xpath","value":"(//span[contains(@id ,\"application-manageresources-display-component---newResourceUnit--DIMENSION_UNIT-arrow\")])[1]"}
RESULT: {"using":"xpath","value":"(//span[contains(@id ,\"application-manageresources-display-component---newResourceUnit--DIMENSION_UNIT-arrow\")])[1]"}
COMMAND: POST /session/62c6c4e2516ebe3f1de2f3a3d288490f/element/f.E4C2DC6123E2A493099A271DC72A1D12.d.129B0353B990F3909E60D68EE2D98C12.e.9515/click - {}
RESULT: {}
COMMAND: GET /session/62c6c4e2516ebe3f1de2f3a3d288490f/screenshot - {}
RESULT: {}
COMMAND: POST /session/62c6c4e2516ebe3f1de2f3a3d288490f/execute/async - {"script":"<script> [1562 bytes]","args":[{"selector":{"controlType":"sap.m.StandardListItem","viewName":"reusables.view.manageresources.NewResourceUnit","viewId":"application-manageresources-display-component---newResourceUnit","properties":{"title":"Centimeter"},"searchOpenDialogs":true,"interaction":{"idSuffix":"titleText"}},"wdio_ui5_key":"reusablesview.manageresources.NewResourceUnitsap.m.StandardListItem{\"title\":\"Centimeter\"}"}]}
RESULT: {"script":"<script> [1562 bytes]","args":[{"selector":{"controlType":"sap.m.StandardListItem","viewName":"reusables.view.manageresources.NewResourceUnit","viewId":"application-manageresources-display-component---newResourceUnit","properties":{"title":"Centimeter"},"searchOpenDialogs":true,"interaction":{"idSuffix":"titleText"}},"wdio_ui5_key":"reusablesview.manageresources.NewResourceUnitsap.m.StandardListItem{\"title\":\"Centimeter\"}"}]}
RESULT: undefined
COMMAND: POST /session/62c6c4e2516ebe3f1de2f3a3d288490f/element - {"using":"xpath","value":"//*[@id=\"__item359\"]"}
RESULT: {"using":"xpath","value":"//*[@id=\"__item359\"]"}
COMMAND: POST /session/62c6c4e2516ebe3f1de2f3a3d288490f/element/f.E4C2DC6123E2A493099A271DC72A1D12.d.129B0353B990F3909E60D68EE2D98C12.e.9519/click - {}
RESULT: {}
COMMAND: POST /session/62c6c4e2516ebe3f1de2f3a3d288490f/execute/async - {"script":"<script> [1562 bytes]","args":[{"selector":{"id":"application-manageresources-display-component---newResourceUnit--newRRUPage-anchBar-application-manageresources-display-component---newResourceUnit--reference-anchor","interaction":{"idSuffix":"BDI-content"}},"wdio_ui5_key":"applicationmanageresources-display-component---newResourceUnit--newRRUPage-anchBar-application-manageresources-display-component---newResourceUnit--reference-anchor"}]}
COMMAND: GET /session/62c6c4e2516ebe3f1de2f3a3d288490f/screenshot - {}
RESULT: {"script":"<script> [1562 bytes]","args":[{"selector":{"id":"application-manageresources-display-component---newResourceUnit--newRRUPage-anchBar-application-manageresources-display-component---newResourceUnit--reference-anchor","interaction":{"idSuffix":"BDI-content"}},"wdio_ui5_key":"applicationmanageresources-display-component---newResourceUnit--newRRUPage-anchBar-application-manageresources-display-component---newResourceUnit--reference-anchor"}]}
RESULT: undefined
COMMAND: POST /session/62c6c4e2516ebe3f1de2f3a3d288490f/element - {"using":"xpath","value":"//*[@id=\"application-manageresources-display-component---newResourceUnit--newRRUPage-anchBar-application-manageresources-display-component---newResourceUnit--reference-anchor\"]"}
RESULT: {}
RESULT: {"using":"xpath","value":"//*[@id=\"application-manageresources-display-component---newResourceUnit--newRRUPage-anchBar-application-manageresources-display-component---newResourceUnit--reference-anchor\"]"}
COMMAND: POST /session/62c6c4e2516ebe3f1de2f3a3d288490f/element/f.E4C2DC6123E2A493099A271DC72A1D12.d.129B0353B990F3909E60D68EE2D98C12.e.9521/click - {}
RESULT: {}
COMMAND: POST /session/62c6c4e2516ebe3f1de2f3a3d288490f/execute/async - {"script":"<script> [1562 bytes]","args":[{"selector":{"id":"application-manageresources-display-component---newResourceUnit--PLANNING_GROUP-arrow"},"wdio_ui5_key":"applicationmanageresources-display-component---newResourceUnit--PLANNING_GROUP-arrow"}]}
COMMAND: GET /session/62c6c4e2516ebe3f1de2f3a3d288490f/screenshot - {}
RESULT: {"script":"<script> [1562 bytes]","args":[{"selector":{"id":"application-manageresources-display-component---newResourceUnit--PLANNING_GROUP-arrow"},"wdio_ui5_key":"applicationmanageresources-display-component---newResourceUnit--PLANNING_GROUP-arrow"}]}
RESULT: undefined
COMMAND: POST /session/62c6c4e2516ebe3f1de2f3a3d288490f/element - {"using":"xpath","value":"//*[@id=\"application-manageresources-display-component---newResourceUnit--PLANNING_GROUP-arrow\"]"}
RESULT: {}
RESULT: {"using":"xpath","value":"//*[@id=\"application-manageresources-display-component---newResourceUnit--PLANNING_GROUP-arrow\"]"}
COMMAND: POST /session/62c6c4e2516ebe3f1de2f3a3d288490f/element/f.E4C2DC6123E2A493099A271DC72A1D12.d.129B0353B990F3909E60D68EE2D98C12.e.9525/click - {}
RESULT: {}
COMMAND: POST /session/62c6c4e2516ebe3f1de2f3a3d288490f/execute/async - {"script":"<script> [1562 bytes]","args":[{"selector":{"controlType":"sap.m.StandardListItem","viewName":"reusables.view.manageresources.NewResourceUnit","viewId":"application-manageresources-display-component---newResourceUnit","properties":{"title":"Heavy Equi"},"searchOpenDialogs":true,"interaction":{"idSuffix":"content"}},"wdio_ui5_key":"reusablesview.manageresources.NewResourceUnitsap.m.StandardListItem{\"title\":\"Heavy Equi\"}"}]}
COMMAND: GET /session/62c6c4e2516ebe3f1de2f3a3d288490f/screenshot - {}
RESULT: {"script":"<script> [1562 bytes]","args":[{"selector":{"controlType":"sap.m.StandardListItem","viewName":"reusables.view.manageresources.NewResourceUnit","viewId":"application-manageresources-display-component---newResourceUnit","properties":{"title":"Heavy Equi"},"searchOpenDialogs":true,"interaction":{"idSuffix":"content"}},"wdio_ui5_key":"reusablesview.manageresources.NewResourceUnitsap.m.StandardListItem{\"title\":\"Heavy Equi\"}"}]}
RESULT: undefined
COMMAND: POST /session/62c6c4e2516ebe3f1de2f3a3d288490f/element - {"using":"xpath","value":"//*[@id=\"__item367\"]"}
RESULT: {}
RESULT: {"using":"xpath","value":"//*[@id=\"__item367\"]"}
COMMAND: POST /session/62c6c4e2516ebe3f1de2f3a3d288490f/element/f.E4C2DC6123E2A493099A271DC72A1D12.d.129B0353B990F3909E60D68EE2D98C12.e.9529/click - {}
RESULT: {}
COMMAND: GET /session/62c6c4e2516ebe3f1de2f3a3d288490f/screenshot - {}
RESULT: {}
COMMAND: POST /session/62c6c4e2516ebe3f1de2f3a3d288490f/execute/async - {"script":"<script> [1562 bytes]","args":[{"selector":{"id":"application-manageresources-display-component---newResourceUnit--PLANNING_INDICATOR-arrow"},"wdio_ui5_key":"applicationmanageresources-display-component---newResourceUnit--PLANNING_INDICATOR-arrow"}]}
RESULT: {"script":"<script> [1562 bytes]","args":[{"selector":{"id":"application-manageresources-display-component---newResourceUnit--PLANNING_INDICATOR-arrow"},"wdio_ui5_key":"applicationmanageresources-display-component---newResourceUnit--PLANNING_INDICATOR-arrow"}]}
RESULT: undefined
COMMAND: POST /session/62c6c4e2516ebe3f1de2f3a3d288490f/element - {"using":"xpath","value":"//*[@id=\"application-manageresources-display-component---newResourceUnit--PLANNING_INDICATOR-arrow\"]"}
RESULT: {"using":"xpath","value":"//*[@id=\"application-manageresources-display-component---newResourceUnit--PLANNING_INDICATOR-arrow\"]"}
COMMAND: POST /session/62c6c4e2516ebe3f1de2f3a3d288490f/element/f.E4C2DC6123E2A493099A271DC72A1D12.d.129B0353B990F3909E60D68EE2D98C12.e.9530/click - {}
RESULT: {}
COMMAND: POST /session/62c6c4e2516ebe3f1de2f3a3d288490f/execute/async - {"script":"<script> [1562 bytes]","args":[{"selector":{"controlType":"sap.m.StandardListItem","viewName":"reusables.view.manageresources.NewResourceUnit","viewId":"application-manageresources-display-component---newResourceUnit","properties":{"title":"10 - infinite"},"searchOpenDialogs":true,"interaction":{"idSuffix":"content"}},"wdio_ui5_key":"reusablesview.manageresources.NewResourceUnitsap.m.StandardListItem{\"title\":\"10 - infinite\"}"}]}
COMMAND: GET /session/62c6c4e2516ebe3f1de2f3a3d288490f/screenshot - {}
RESULT: {"script":"<script> [1562 bytes]","args":[{"selector":{"controlType":"sap.m.StandardListItem","viewName":"reusables.view.manageresources.NewResourceUnit","viewId":"application-manageresources-display-component---newResourceUnit","properties":{"title":"10 - infinite"},"searchOpenDialogs":true,"interaction":{"idSuffix":"content"}},"wdio_ui5_key":"reusablesview.manageresources.NewResourceUnitsap.m.StandardListItem{\"title\":\"10 - infinite\"}"}]}
RESULT: undefined
COMMAND: POST /session/62c6c4e2516ebe3f1de2f3a3d288490f/element - {"using":"xpath","value":"//*[@id=\"__item377\"]"}
RESULT: {}
RESULT: {"using":"xpath","value":"//*[@id=\"__item377\"]"}
COMMAND: POST /session/62c6c4e2516ebe3f1de2f3a3d288490f/element/f.E4C2DC6123E2A493099A271DC72A1D12.d.129B0353B990F3909E60D68EE2D98C12.e.9532/click - {}
RESULT: {}
COMMAND: GET /session/62c6c4e2516ebe3f1de2f3a3d288490f/screenshot - {}
RESULT: {}
COMMAND: POST /session/62c6c4e2516ebe3f1de2f3a3d288490f/element - {"using":"xpath","value":"//bdi[contains(text(), \"Time Segment\")]"}
RESULT: {"using":"xpath","value":"//bdi[contains(text(), \"Time Segment\")]"}
COMMAND: GET /session/62c6c4e2516ebe3f1de2f3a3d288490f/element/f.E4C2DC6123E2A493099A271DC72A1D12.d.129B0353B990F3909E60D68EE2D98C12.e.9533/rect - {}
RESULT: {}
COMMAND: GET /session/62c6c4e2516ebe3f1de2f3a3d288490f/window/rect - {}
RESULT: {}
COMMAND: POST /session/62c6c4e2516ebe3f1de2f3a3d288490f/execute/sync - {"script":"<script> [92 bytes]","args":[]}
RESULT: {"script":"<script> [92 bytes]","args":[]}
COMMAND: POST /session/62c6c4e2516ebe3f1de2f3a3d288490f/actions - {"actions":[{"id":"action31","type":"wheel","parameters":{},"actions":[{"type":"scroll","x":-1820,"y":-21,"deltaX":0,"deltaY":0,"duration":0,"origin":{"element-6066-11e4-a52e-4f735466cecf":"f.E4C2DC6123E2A493099A271DC72A1D12.d.129B0353B990F3909E60D68EE2D98C12.e.9533"}}]}]}
COMMAND: GET /session/62c6c4e2516ebe3f1de2f3a3d288490f/screenshot - {}
RESULT: {}
COMMAND: POST /session/62c6c4e2516ebe3f1de2f3a3d288490f/execute/sync - {"script":"<script> [79 bytes]","args":[{"element-6066-11e4-a52e-4f735466cecf":"f.E4C2DC6123E2A493099A271DC72A1D12.d.129B0353B990F3909E60D68EE2D98C12.e.9533","ELEMENT":"f.E4C2DC6123E2A493099A271DC72A1D12.d.129B0353B990F3909E60D68EE2D98C12.e.9533"},{"block":"start","inline":"nearest"}]}
RESULT: {"script":"<script> [79 bytes]","args":[{"element-6066-11e4-a52e-4f735466cecf":"f.E4C2DC6123E2A493099A271DC72A1D12.d.129B0353B990F3909E60D68EE2D98C12.e.9533","ELEMENT":"f.E4C2DC6123E2A493099A271DC72A1D12.d.129B0353B990F3909E60D68EE2D98C12.e.9533"},{"block":"start","inline":"nearest"}]}
COMMAND: GET /session/62c6c4e2516ebe3f1de2f3a3d288490f/screenshot - {}
RESULT: {}
COMMAND: POST /session/62c6c4e2516ebe3f1de2f3a3d288490f/element - {"using":"xpath","value":"//span[@id=\"application-manageresources-display-component---newResourceUnit--btnAddTimeSegment-img\"]"}
RESULT: {"using":"xpath","value":"//span[@id=\"application-manageresources-display-component---newResourceUnit--btnAddTimeSegment-img\"]"}
COMMAND: POST /session/62c6c4e2516ebe3f1de2f3a3d288490f/execute/sync - {"script":"<script> [8489 bytes]","args":[{"element-6066-11e4-a52e-4f735466cecf":"f.E4C2DC6123E2A493099A271DC72A1D12.d.129B0353B990F3909E60D68EE2D98C12.e.9536","ELEMENT":"f.E4C2DC6123E2A493099A271DC72A1D12.d.129B0353B990F3909E60D68EE2D98C12.e.9536"}]}
RESULT: {"script":"<script> [8489 bytes]","args":[{"element-6066-11e4-a52e-4f735466cecf":"f.E4C2DC6123E2A493099A271DC72A1D12.d.129B0353B990F3909E60D68EE2D98C12.e.9536","ELEMENT":"f.E4C2DC6123E2A493099A271DC72A1D12.d.129B0353B990F3909E60D68EE2D98C12.e.9536"}]}
COMMAND: POST /session/62c6c4e2516ebe3f1de2f3a3d288490f/element/f.E4C2DC6123E2A493099A271DC72A1D12.d.129B0353B990F3909E60D68EE2D98C12.e.9536/click - {}
COMMAND: GET /session/62c6c4e2516ebe3f1de2f3a3d288490f/screenshot - {}
RESULT: {}
COMMAND: GET /session/62c6c4e2516ebe3f1de2f3a3d288490f/screenshot - {}
COMMAND: POST /session/62c6c4e2516ebe3f1de2f3a3d288490f/element - {"using":"xpath","value":"//input[@id=\"application-manageresources-display-component---newResourceUnit--idRuTSAdmin-application-manageresources-display-component---newResourceUnit--RUTimeSegment-0-inner\"]"}
RESULT: {}
RESULT: {}
RESULT: {"using":"xpath","value":"//input[@id=\"application-manageresources-display-component---newResourceUnit--idRuTSAdmin-application-manageresources-display-component---newResourceUnit--RUTimeSegment-0-inner\"]"}
COMMAND: POST /session/62c6c4e2516ebe3f1de2f3a3d288490f/element/f.E4C2DC6123E2A493099A271DC72A1D12.d.129B0353B990F3909E60D68EE2D98C12.e.9539/clear - {}
RESULT: {}
COMMAND: POST /session/62c6c4e2516ebe3f1de2f3a3d288490f/element/f.E4C2DC6123E2A493099A271DC72A1D12.d.129B0353B990F3909E60D68EE2D98C12.e.9539/value - {"text":"WebdriverWHMYardod55j"}
COMMAND: GET /session/62c6c4e2516ebe3f1de2f3a3d288490f/screenshot - {}
RESULT: {"text":"WebdriverWHMYardod55j"}
COMMAND: GET /session/62c6c4e2516ebe3f1de2f3a3d288490f/screenshot - {}
RESULT: {}
RESULT: {}
COMMAND: POST /session/62c6c4e2516ebe3f1de2f3a3d288490f/actions - {"actions":[{"id":"action32","type":"key","parameters":{},"actions":[{"type":"keyDown","value":"î€‡"},{"type":"pause","duration":10},{"type":"keyUp","value":"î€‡"}]}]}
RESULT: {"actions":[{"id":"action32","type":"key","parameters":{},"actions":[{"type":"keyDown","value":"î€‡"},{"type":"pause","duration":10},{"type":"keyUp","value":"î€‡"}]}]}
COMMAND: GET /session/62c6c4e2516ebe3f1de2f3a3d288490f/screenshot - {}
RESULT: {}
COMMAND: POST /session/62c6c4e2516ebe3f1de2f3a3d288490f/execute/async - {"script":"<script> [1562 bytes]","args":[{"selector":{"controlType":"sap.m.Button","viewName":"reusables.view.manageresources.NewResourceUnit","viewId":"application-manageresources-display-component---newResourceUnit","i18NText":{"propertyName":"tooltip","key":"save"},"interaction":{"idSuffix":"BDI-content"}},"wdio_ui5_key":"reusablesview.manageresources.NewResourceUnitsap.m.Button{\"propertyName\":\"tooltip\",\"key\":\"save\"}"}]}
RESULT: {"script":"<script> [1562 bytes]","args":[{"selector":{"controlType":"sap.m.Button","viewName":"reusables.view.manageresources.NewResourceUnit","viewId":"application-manageresources-display-component---newResourceUnit","i18NText":{"propertyName":"tooltip","key":"save"},"interaction":{"idSuffix":"BDI-content"}},"wdio_ui5_key":"reusablesview.manageresources.NewResourceUnitsap.m.Button{\"propertyName\":\"tooltip\",\"key\":\"save\"}"}]}
RESULT: undefined
COMMAND: POST /session/62c6c4e2516ebe3f1de2f3a3d288490f/element - {"using":"xpath","value":"//*[@id=\"application-manageresources-display-component---newResourceUnit--createRuButton\"]"}
RESULT: {"using":"xpath","value":"//*[@id=\"application-manageresources-display-component---newResourceUnit--createRuButton\"]"}
COMMAND: POST /session/62c6c4e2516ebe3f1de2f3a3d288490f/element/f.E4C2DC6123E2A493099A271DC72A1D12.d.129B0353B990F3909E60D68EE2D98C12.e.9465/click - {}
RESULT: {}
COMMAND: GET /session/62c6c4e2516ebe3f1de2f3a3d288490f/screenshot - {}
RESULT: {}
COMMAND: POST /session/62c6c4e2516ebe3f1de2f3a3d288490f/execute/async - {"script":"<script> [1562 bytes]","args":[{"selector":{"controlType":"sap.m.Title","properties":{"text":"Success"},"searchOpenDialogs":true},"wdio_ui5_key":"sapm.Title{\"text\":\"Success\"}"}]}
RESULT: {"script":"<script> [1562 bytes]","args":[{"selector":{"controlType":"sap.m.Title","properties":{"text":"Success"},"searchOpenDialogs":true},"wdio_ui5_key":"sapm.Title{\"text\":\"Success\"}"}]}
RESULT: undefined
COMMAND: POST /session/62c6c4e2516ebe3f1de2f3a3d288490f/execute/async - {"script":"<script> [6424 bytes]","args":[{"element-6066-11e4-a52e-4f735466cecf":"f.E4C2DC6123E2A493099A271DC72A1D12.d.129B0353B990F3909E60D68EE2D98C12.e.9553"},"getText",[]]}
RESULT: {"script":"<script> [6424 bytes]","args":[{"element-6066-11e4-a52e-4f735466cecf":"f.E4C2DC6123E2A493099A271DC72A1D12.d.129B0353B990F3909E60D68EE2D98C12.e.9553"},"getText",[]]}
COMMAND: POST /session/62c6c4e2516ebe3f1de2f3a3d288490f/element - {"using":"xpath","value":"//*[contains(@id, '__text') and (contains(text(), 'successfully created') or contains(., 'successfully created'))]"}
RESULT: {"using":"xpath","value":"//*[contains(@id, '__text') and (contains(text(), 'successfully created') or contains(., 'successfully created'))]"}
COMMAND: GET /session/62c6c4e2516ebe3f1de2f3a3d288490f/element/f.E4C2DC6123E2A493099A271DC72A1D12.d.129B0353B990F3909E60D68EE2D98C12.e.9551/text - {}
RESULT: {}
COMMAND: POST /session/62c6c4e2516ebe3f1de2f3a3d288490f/execute/async - {"script":"<script> [1562 bytes]","args":[{"selector":{"controlType":"sap.m.Button","properties":{"text":"Close"},"searchOpenDialogs":true,"interaction":{"idSuffix":"BDI-content"}},"wdio_ui5_key":"sapm.Button{\"text\":\"Close\"}"}]}
RESULT: {"script":"<script> [1562 bytes]","args":[{"selector":{"controlType":"sap.m.Button","properties":{"text":"Close"},"searchOpenDialogs":true,"interaction":{"idSuffix":"BDI-content"}},"wdio_ui5_key":"sapm.Button{\"text\":\"Close\"}"}]}
RESULT: undefined
COMMAND: POST /session/62c6c4e2516ebe3f1de2f3a3d288490f/element - {"using":"xpath","value":"//*[@id=\"__mbox-btn-0\"]"}
RESULT: {"using":"xpath","value":"//*[@id=\"__mbox-btn-0\"]"}
COMMAND: POST /session/62c6c4e2516ebe3f1de2f3a3d288490f/element/f.E4C2DC6123E2A493099A271DC72A1D12.d.129B0353B990F3909E60D68EE2D98C12.e.9549/click - {}
RESULT: {}
COMMAND: GET /session/62c6c4e2516ebe3f1de2f3a3d288490f/screenshot - {}
RESULT: {}
COMMAND: POST /session/62c6c4e2516ebe3f1de2f3a3d288490f/execute/async - {"script":"<script> [1562 bytes]","args":[{"selector":{"controlType":"sap.ui.core.Icon","viewName":"etm.portal.ui.manageresources.view.Detail","viewId":"application-manageresources-display-component---detailRU","properties":{"src":{"regex":{"source":"overflow"}}}},"wdio_ui5_key":"etmportal.ui.manageresources.view.Detailsap.ui.core.Icon{\"src\":{\"regex\":{\"source\":\"overflow\"}}}"}]}
RESULT: {"script":"<script> [1562 bytes]","args":[{"selector":{"controlType":"sap.ui.core.Icon","viewName":"etm.portal.ui.manageresources.view.Detail","viewId":"application-manageresources-display-component---detailRU","properties":{"src":{"regex":{"source":"overflow"}}}},"wdio_ui5_key":"etmportal.ui.manageresources.view.Detailsap.ui.core.Icon{\"src\":{\"regex\":{\"source\":\"overflow\"}}}"}]}
RESULT: undefined
COMMAND: POST /session/62c6c4e2516ebe3f1de2f3a3d288490f/element - {"using":"xpath","value":"//*[@id=\"__title17-_actionsToolbar-overflowButton-img\"]"}
RESULT: {"using":"xpath","value":"//*[@id=\"__title17-_actionsToolbar-overflowButton-img\"]"}
COMMAND: POST /session/62c6c4e2516ebe3f1de2f3a3d288490f/element/f.E4C2DC6123E2A493099A271DC72A1D12.d.129B0353B990F3909E60D68EE2D98C12.e.9584/click - {}
RESULT: {}
COMMAND: POST /session/62c6c4e2516ebe3f1de2f3a3d288490f/execute/async - {"script":"<script> [1562 bytes]","args":[{"selector":{"controlType":"sap.m.Button","viewName":"etm.portal.ui.manageresources.view.Detail","viewId":"application-manageresources-display-component---detailRU","i18NText":{"propertyName":"tooltip","key":"closeColumn"},"searchOpenDialogs":true,"interaction":{"idSuffix":"inner"}},"wdio_ui5_key":"etmportal.ui.manageresources.view.Detailsap.m.Button{\"propertyName\":\"tooltip\",\"key\":\"closeColumn\"}"}]}
COMMAND: GET /session/62c6c4e2516ebe3f1de2f3a3d288490f/screenshot - {}
RESULT: {"script":"<script> [1562 bytes]","args":[{"selector":{"controlType":"sap.m.Button","viewName":"etm.portal.ui.manageresources.view.Detail","viewId":"application-manageresources-display-component---detailRU","i18NText":{"propertyName":"tooltip","key":"closeColumn"},"searchOpenDialogs":true,"interaction":{"idSuffix":"inner"}},"wdio_ui5_key":"etmportal.ui.manageresources.view.Detailsap.m.Button{\"propertyName\":\"tooltip\",\"key\":\"closeColumn\"}"}]}
RESULT: undefined
COMMAND: POST /session/62c6c4e2516ebe3f1de2f3a3d288490f/element - {"using":"xpath","value":"//*[@id=\"__button45\"]"}
RESULT: {}
RESULT: {"using":"xpath","value":"//*[@id=\"__button45\"]"}
COMMAND: POST /session/62c6c4e2516ebe3f1de2f3a3d288490f/element/f.E4C2DC6123E2A493099A271DC72A1D12.d.129B0353B990F3909E60D68EE2D98C12.e.9586/click - {}
RESULT: {}
COMMAND: GET /session/62c6c4e2516ebe3f1de2f3a3d288490f/screenshot - {}
RESULT: {}
COMMAND: POST /session/62c6c4e2516ebe3f1de2f3a3d288490f/refresh - {}
RESULT: {}
COMMAND: GET /session/62c6c4e2516ebe3f1de2f3a3d288490f/screenshot - {}
RESULT: {}
COMMAND: POST /session/62c6c4e2516ebe3f1de2f3a3d288490f/execute/async - {"script":"<script> [189 bytes]","args":[]}
RESULT: {"script":"<script> [189 bytes]","args":[]}
COMMAND: POST /session/62c6c4e2516ebe3f1de2f3a3d288490f/execute/async - {"script":"<script> [123 bytes]","args":[]}
RESULT: {"script":"<script> [123 bytes]","args":[]}
COMMAND: POST /session/62c6c4e2516ebe3f1de2f3a3d288490f/timeouts - {"script":"<number>"}
RESULT: {"script":"<number>"}
COMMAND: GET /session/62c6c4e2516ebe3f1de2f3a3d288490f/timeouts - {}
RESULT: {}
RESULT: undefined
COMMAND: POST /session/62c6c4e2516ebe3f1de2f3a3d288490f/execute/async - {"script":"<script> [2676 bytes]","args":[]}
RESULT: {"script":"<script> [2676 bytes]","args":[]}
COMMAND: POST /session/62c6c4e2516ebe3f1de2f3a3d288490f/execute/async - {"script":"<script> [2342 bytes]","args":[{"protocol":"http","hostname":"0.0.0.0","path":"/","capabilities":{"browserName":"chrome","goog:chromeOptions":{"binary":"C:\\Program Files\\Google\\Chrome\\Application\\chrome.exe","args":["--start-maximized"]}},"logLevel":"warn","connectionRetryTimeout":120000,"connectionRetryCount":3,"logLevels":{},"enableDirectConnect":true,"strictSSL":true,"_":"65 more keys: [\"cacheDir\",\"port\",\"requestedCapabilities\",\"automationProtocol\",\"baseUrl\",\"waitforInterval\",\"waitforTimeout\",\"onReload\",\"beforeCommand\",\"afterCommand\",\"rootDir\",\"specs\",\"suites\",\"exclude\",\"groupLogsByTestSpec\",\"excludeDriverLogs\",\"bail\",\"framework\",\"reporters\",\"services\",\"maxInstances\",\"maxInstancesPerCapability\",\"injectGlobals\",\"filesToWatch\",\"execArgv\",\"runnerEnv\",\"runner\",\"shard\",\"specFileRetries\",\"specFileRetriesDelay\",\"specFileRetriesDeferred\",\"reporterSyncInterval\",\"reporterSyncTimeout\",\"cucumberFeaturesWithLineNumbers\",\"autoCompileOpts\",\"mochaOpts\",\"jasmineOpts\",\"cucumberOpts\",\"onPrepare\",\"onWorkerStart\",\"onWorkerEnd\",\"before\",\"beforeSession\",\"beforeSuite\",\"beforeHook\",\"beforeTest\",\"afterTest\",\"afterHook\",\"afterSuite\",\"afterSession\",\"after\",\"onComplete\",\"beforeAssertion\",\"afterAssertion\",\"beforeFeature\",\"beforeScenario\",\"beforeStep\",\"afterStep\",\"afterScenario\",\"afterFeature\",\"_\",\"suite\",\"$0\",\"ignoredWorkerServices\",\"wdi5\"]"}]}
RESULT: {"script":"<script> [2342 bytes]","args":[{"protocol":"http","hostname":"0.0.0.0","path":"/","capabilities":{"browserName":"chrome","goog:chromeOptions":{"binary":"C:\\Program Files\\Google\\Chrome\\Application\\chrome.exe","args":["--start-maximized"]}},"logLevel":"warn","connectionRetryTimeout":120000,"connectionRetryCount":3,"logLevels":{},"enableDirectConnect":true,"strictSSL":true,"_":"65 more keys: [\"cacheDir\",\"port\",\"requestedCapabilities\",\"automationProtocol\",\"baseUrl\",\"waitforInterval\",\"waitforTimeout\",\"onReload\",\"beforeCommand\",\"afterCommand\",\"rootDir\",\"specs\",\"suites\",\"exclude\",\"groupLogsByTestSpec\",\"excludeDriverLogs\",\"bail\",\"framework\",\"reporters\",\"services\",\"maxInstances\",\"maxInstancesPerCapability\",\"injectGlobals\",\"filesToWatch\",\"execArgv\",\"runnerEnv\",\"runner\",\"shard\",\"specFileRetries\",\"specFileRetriesDelay\",\"specFileRetriesDeferred\",\"reporterSyncInterval\",\"reporterSyncTimeout\",\"cucumberFeaturesWithLineNumbers\",\"autoCompileOpts\",\"mochaOpts\",\"jasmineOpts\",\"cucumberOpts\",\"onPrepare\",\"onWorkerStart\",\"onWorkerEnd\",\"before\",\"beforeSession\",\"beforeSuite\",\"beforeHook\",\"beforeTest\",\"afterTest\",\"afterHook\",\"afterSuite\",\"afterSession\",\"after\",\"onComplete\",\"beforeAssertion\",\"afterAssertion\",\"beforeFeature\",\"beforeScenario\",\"beforeStep\",\"afterStep\",\"afterScenario\",\"afterFeature\",\"_\",\"suite\",\"$0\",\"ignoredWorkerServices\",\"wdi5\"]"}]}
COMMAND: POST /session/62c6c4e2516ebe3f1de2f3a3d288490f/execute/async - {"script":"<script> [21126 bytes]","args":[35000]}
RESULT: {"script":"<script> [21126 bytes]","args":[35000]}
COMMAND: POST /session/62c6c4e2516ebe3f1de2f3a3d288490f/element - {"using":"css selector","value":"#shell-header-logo"}
RESULT: {"using":"css selector","value":"#shell-header-logo"}
COMMAND: POST /session/62c6c4e2516ebe3f1de2f3a3d288490f/element/f.E4C2DC6123E2A493099A271DC72A1D12.d.179D6757C39B5028FA453EB0B15B15B6.e.9666/click - {}
RESULT: {}
COMMAND: GET /session/62c6c4e2516ebe3f1de2f3a3d288490f/screenshot - {}
RESULT: {}
COMMAND: POST /session/62c6c4e2516ebe3f1de2f3a3d288490f/element - {"using":"css selector","value":"#shell-header-logo"}
RESULT: {"using":"css selector","value":"#shell-header-logo"}
COMMAND: POST /session/62c6c4e2516ebe3f1de2f3a3d288490f/element/f.E4C2DC6123E2A493099A271DC72A1D12.d.179D6757C39B5028FA453EB0B15B15B6.e.9845/click - {}
RESULT: {}
COMMAND: GET /session/62c6c4e2516ebe3f1de2f3a3d288490f/screenshot - {}
RESULT: {}
]]></system-out>
    </testcase>
  </testsuite>
</testsuites>