<?xml version="1.0" encoding="UTF-8"?>
<testsuites tests="4" failures="0" errors="0" skipped="0">
  <testsuite timestamp="2025-05-29T16:57:52" time="438.902" tests="4" failures="0" errors="0" skipped="0">
    <properties>
      <property name="specId" value="0"/>
      <property name="suiteName" value="ISC Template - Time schedule US156099"/>
      <property name="capabilities" value="chrome.136_0_7103_93.windows"/>
      <property name="file" value="file:///D:/a/1/s/test/specs/ISC/isc-template-time-schedule.spec.js"/>
    </properties>
    <testcase classname="chrome.136_0_7103_93.windows.ISC_Template_-_Time_schedule_US156099" name="Should verify if the yard has the currency and the storage location assigned" time="65.537">
      <system-out><![CDATA[
COMMAND: POST /session/7e4b44058a7e7b2c816d2d2d32a70be9/execute/async - {"script":"<script> [1562 bytes]","args":[{"selector":{"controlType":"sap.m.GenericTile","properties":{"header":"Manage Yards"}},"wdio_ui5_key":"sapm.GenericTile{\"header\":\"Manage Yards\"}"}]}
RESULT: {"script":"<script> [1562 bytes]","args":[{"selector":{"controlType":"sap.m.GenericTile","properties":{"header":"Manage Yards"}},"wdio_ui5_key":"sapm.GenericTile{\"header\":\"Manage Yards\"}"}]}
RESULT: undefined
COMMAND: POST /session/7e4b44058a7e7b2c816d2d2d32a70be9/element - {"using":"xpath","value":"//*[@id=\"__tile41\"]"}
RESULT: {"using":"xpath","value":"//*[@id=\"__tile41\"]"}
COMMAND: POST /session/7e4b44058a7e7b2c816d2d2d32a70be9/element/f.7E6F204F20BF9C5CF27A0713B1580845.d.4F6C63A505A04F57EF8817B198A4BCF2.e.127/click - {}
RESULT: {}
COMMAND: GET /session/7e4b44058a7e7b2c816d2d2d32a70be9/screenshot - {}
RESULT: {}
COMMAND: POST /session/7e4b44058a7e7b2c816d2d2d32a70be9/elements - {"using":"xpath","value":"//span[text()='Error']"}
RESULT: {"using":"xpath","value":"//span[text()='Error']"}
COMMAND: POST /session/7e4b44058a7e7b2c816d2d2d32a70be9/element - {"using":"xpath","value":"//input[contains(@id ,\"application-manageyards-display-component---masterYard--smartFilterBar-btnBasicSearch\")]"}
RESULT: {"using":"xpath","value":"//input[contains(@id ,\"application-manageyards-display-component---masterYard--smartFilterBar-btnBasicSearch\")]"}
COMMAND: POST /session/7e4b44058a7e7b2c816d2d2d32a70be9/element/f.7E6F204F20BF9C5CF27A0713B1580845.d.4F6C63A505A04F57EF8817B198A4BCF2.e.150/clear - {}
RESULT: {}
COMMAND: POST /session/7e4b44058a7e7b2c816d2d2d32a70be9/element/f.7E6F204F20BF9C5CF27A0713B1580845.d.4F6C63A505A04F57EF8817B198A4BCF2.e.150/value - {"text":"109"}
COMMAND: GET /session/7e4b44058a7e7b2c816d2d2d32a70be9/screenshot - {}
RESULT: {"text":"109"}
COMMAND: POST /session/7e4b44058a7e7b2c816d2d2d32a70be9/actions - {"actions":[{"id":"action1","type":"key","parameters":{},"actions":[{"type":"keyDown","value":""},{"type":"pause","duration":10},{"type":"keyUp","value":""}]}]}
COMMAND: GET /session/7e4b44058a7e7b2c816d2d2d32a70be9/screenshot - {}
RESULT: {}
RESULT: {"actions":[{"id":"action1","type":"key","parameters":{},"actions":[{"type":"keyDown","value":""},{"type":"pause","duration":10},{"type":"keyUp","value":""}]}]}
COMMAND: GET /session/7e4b44058a7e7b2c816d2d2d32a70be9/screenshot - {}
RESULT: {}
RESULT: {}
COMMAND: POST /session/7e4b44058a7e7b2c816d2d2d32a70be9/execute/async - {"script":"<script> [1562 bytes]","args":[{"selector":{"controlType":"sap.ui.core.Icon","viewName":"etm.portal.ui.manageyards.view.Master","viewId":"application-manageyards-display-component---masterYard","properties":{"src":{"regex":{"source":"slim\\-arrow\\-right"}}}},"wdio_ui5_key":"etmportal.ui.manageyards.view.Mastersap.ui.core.Icon{\"src\":{\"regex\":{\"source\":\"slim\\\\-arrow\\\\-right\"}}}"}]}
RESULT: {"script":"<script> [1562 bytes]","args":[{"selector":{"controlType":"sap.ui.core.Icon","viewName":"etm.portal.ui.manageyards.view.Master","viewId":"application-manageyards-display-component---masterYard","properties":{"src":{"regex":{"source":"slim\\-arrow\\-right"}}}},"wdio_ui5_key":"etmportal.ui.manageyards.view.Mastersap.ui.core.Icon{\"src\":{\"regex\":{\"source\":\"slim\\\\-arrow\\\\-right\"}}}"}]}
RESULT: undefined
COMMAND: POST /session/7e4b44058a7e7b2c816d2d2d32a70be9/element - {"using":"xpath","value":"//*[@id=\"__item22-__clone19-imgNav\"]"}
RESULT: {"using":"xpath","value":"//*[@id=\"__item22-__clone19-imgNav\"]"}
COMMAND: POST /session/7e4b44058a7e7b2c816d2d2d32a70be9/element/f.7E6F204F20BF9C5CF27A0713B1580845.d.4F6C63A505A04F57EF8817B198A4BCF2.e.311/click - {}
RESULT: {}
COMMAND: GET /session/7e4b44058a7e7b2c816d2d2d32a70be9/screenshot - {}
RESULT: {}
COMMAND: POST /session/7e4b44058a7e7b2c816d2d2d32a70be9/execute/async - {"script":"<script> [1562 bytes]","args":[{"selector":{"controlType":"sap.m.Button","viewName":"etm.portal.ui.manageyards.view.Detail","viewId":"application-manageyards-display-component---detailYard","properties":{"text":"Commercial"},"interaction":{"idSuffix":"BDI-content"}},"wdio_ui5_key":"etmportal.ui.manageyards.view.Detailsap.m.Button{\"text\":\"Commercial\"}"}]}
RESULT: {"script":"<script> [1562 bytes]","args":[{"selector":{"controlType":"sap.m.Button","viewName":"etm.portal.ui.manageyards.view.Detail","viewId":"application-manageyards-display-component---detailYard","properties":{"text":"Commercial"},"interaction":{"idSuffix":"BDI-content"}},"wdio_ui5_key":"etmportal.ui.manageyards.view.Detailsap.m.Button{\"text\":\"Commercial\"}"}]}
RESULT: undefined
COMMAND: POST /session/7e4b44058a7e7b2c816d2d2d32a70be9/element - {"using":"xpath","value":"//*[@id=\"application-manageyards-display-component---detailYard--ObjectPageLayout-anchBar-__section5-anchor\"]"}
RESULT: {"using":"xpath","value":"//*[@id=\"application-manageyards-display-component---detailYard--ObjectPageLayout-anchBar-__section5-anchor\"]"}
COMMAND: POST /session/7e4b44058a7e7b2c816d2d2d32a70be9/element/f.7E6F204F20BF9C5CF27A0713B1580845.d.4F6C63A505A04F57EF8817B198A4BCF2.e.439/click - {}
RESULT: {}
COMMAND: GET /session/7e4b44058a7e7b2c816d2d2d32a70be9/screenshot - {}
RESULT: {}
COMMAND: POST /session/7e4b44058a7e7b2c816d2d2d32a70be9/element - {"using":"xpath","value":"//span[contains(text(), \"Euro\")]"}
RESULT: {"using":"xpath","value":"//span[contains(text(), \"Euro\")]"}
COMMAND: POST /session/7e4b44058a7e7b2c816d2d2d32a70be9/element - {"using":"xpath","value":"//span[contains(text(), \"0010\")]"}
RESULT: {"using":"xpath","value":"//span[contains(text(), \"0010\")]"}
COMMAND: POST /session/7e4b44058a7e7b2c816d2d2d32a70be9/execute/sync - {"script":"<script> [8489 bytes]","args":[{"element-6066-11e4-a52e-4f735466cecf":"f.7E6F204F20BF9C5CF27A0713B1580845.d.4F6C63A505A04F57EF8817B198A4BCF2.e.448","ELEMENT":"f.7E6F204F20BF9C5CF27A0713B1580845.d.4F6C63A505A04F57EF8817B198A4BCF2.e.448"}]}
RESULT: {"script":"<script> [8489 bytes]","args":[{"element-6066-11e4-a52e-4f735466cecf":"f.7E6F204F20BF9C5CF27A0713B1580845.d.4F6C63A505A04F57EF8817B198A4BCF2.e.448","ELEMENT":"f.7E6F204F20BF9C5CF27A0713B1580845.d.4F6C63A505A04F57EF8817B198A4BCF2.e.448"}]}
COMMAND: POST /session/7e4b44058a7e7b2c816d2d2d32a70be9/execute/sync - {"script":"<script> [8489 bytes]","args":[{"element-6066-11e4-a52e-4f735466cecf":"f.7E6F204F20BF9C5CF27A0713B1580845.d.4F6C63A505A04F57EF8817B198A4BCF2.e.449","ELEMENT":"f.7E6F204F20BF9C5CF27A0713B1580845.d.4F6C63A505A04F57EF8817B198A4BCF2.e.449"}]}
COMMAND: GET /session/7e4b44058a7e7b2c816d2d2d32a70be9/screenshot - {}
RESULT: {"script":"<script> [8489 bytes]","args":[{"element-6066-11e4-a52e-4f735466cecf":"f.7E6F204F20BF9C5CF27A0713B1580845.d.4F6C63A505A04F57EF8817B198A4BCF2.e.449","ELEMENT":"f.7E6F204F20BF9C5CF27A0713B1580845.d.4F6C63A505A04F57EF8817B198A4BCF2.e.449"}]}
COMMAND: POST /session/7e4b44058a7e7b2c816d2d2d32a70be9/element - {"using":"css selector","value":"#shell-header-logo"}
COMMAND: GET /session/7e4b44058a7e7b2c816d2d2d32a70be9/screenshot - {}
RESULT: {}
RESULT: {"using":"css selector","value":"#shell-header-logo"}
COMMAND: POST /session/7e4b44058a7e7b2c816d2d2d32a70be9/element/f.7E6F204F20BF9C5CF27A0713B1580845.d.4F6C63A505A04F57EF8817B198A4BCF2.e.129/click - {}
RESULT: {}
RESULT: {}
COMMAND: GET /session/7e4b44058a7e7b2c816d2d2d32a70be9/screenshot - {}
RESULT: {}
COMMAND: POST /session/7e4b44058a7e7b2c816d2d2d32a70be9/refresh - {}
RESULT: {}
COMMAND: GET /session/7e4b44058a7e7b2c816d2d2d32a70be9/screenshot - {}
RESULT: {}
COMMAND: POST /session/7e4b44058a7e7b2c816d2d2d32a70be9/execute/async - {"script":"<script> [189 bytes]","args":[]}
RESULT: {"script":"<script> [189 bytes]","args":[]}
COMMAND: POST /session/7e4b44058a7e7b2c816d2d2d32a70be9/execute/async - {"script":"<script> [123 bytes]","args":[]}
RESULT: {"script":"<script> [123 bytes]","args":[]}
COMMAND: POST /session/7e4b44058a7e7b2c816d2d2d32a70be9/timeouts - {"script":"<number>"}
RESULT: {"script":"<number>"}
COMMAND: GET /session/7e4b44058a7e7b2c816d2d2d32a70be9/timeouts - {}
RESULT: {}
RESULT: undefined
COMMAND: POST /session/7e4b44058a7e7b2c816d2d2d32a70be9/execute/async - {"script":"<script> [2676 bytes]","args":[]}
RESULT: {"script":"<script> [2676 bytes]","args":[]}
COMMAND: POST /session/7e4b44058a7e7b2c816d2d2d32a70be9/execute/async - {"script":"<script> [2342 bytes]","args":[{"protocol":"http","hostname":"0.0.0.0","path":"/","capabilities":{"browserName":"chrome","goog:chromeOptions":{"binary":"C:\\Program Files\\Google\\Chrome\\Application\\chrome.exe","args":["--start-maximized"]}},"logLevel":"warn","connectionRetryTimeout":120000,"connectionRetryCount":3,"logLevels":{},"enableDirectConnect":true,"strictSSL":true,"_":"65 more keys: [\"cacheDir\",\"port\",\"requestedCapabilities\",\"automationProtocol\",\"baseUrl\",\"waitforInterval\",\"waitforTimeout\",\"onReload\",\"beforeCommand\",\"afterCommand\",\"rootDir\",\"specs\",\"suites\",\"exclude\",\"groupLogsByTestSpec\",\"excludeDriverLogs\",\"bail\",\"framework\",\"reporters\",\"services\",\"maxInstances\",\"maxInstancesPerCapability\",\"injectGlobals\",\"filesToWatch\",\"execArgv\",\"runnerEnv\",\"runner\",\"shard\",\"specFileRetries\",\"specFileRetriesDelay\",\"specFileRetriesDeferred\",\"reporterSyncInterval\",\"reporterSyncTimeout\",\"cucumberFeaturesWithLineNumbers\",\"autoCompileOpts\",\"mochaOpts\",\"jasmineOpts\",\"cucumberOpts\",\"onPrepare\",\"onWorkerStart\",\"onWorkerEnd\",\"before\",\"beforeSession\",\"beforeSuite\",\"beforeHook\",\"beforeTest\",\"afterTest\",\"afterHook\",\"afterSuite\",\"afterSession\",\"after\",\"onComplete\",\"beforeAssertion\",\"afterAssertion\",\"beforeFeature\",\"beforeScenario\",\"beforeStep\",\"afterStep\",\"afterScenario\",\"afterFeature\",\"_\",\"suite\",\"$0\",\"ignoredWorkerServices\",\"wdi5\"]"}]}
RESULT: {"script":"<script> [2342 bytes]","args":[{"protocol":"http","hostname":"0.0.0.0","path":"/","capabilities":{"browserName":"chrome","goog:chromeOptions":{"binary":"C:\\Program Files\\Google\\Chrome\\Application\\chrome.exe","args":["--start-maximized"]}},"logLevel":"warn","connectionRetryTimeout":120000,"connectionRetryCount":3,"logLevels":{},"enableDirectConnect":true,"strictSSL":true,"_":"65 more keys: [\"cacheDir\",\"port\",\"requestedCapabilities\",\"automationProtocol\",\"baseUrl\",\"waitforInterval\",\"waitforTimeout\",\"onReload\",\"beforeCommand\",\"afterCommand\",\"rootDir\",\"specs\",\"suites\",\"exclude\",\"groupLogsByTestSpec\",\"excludeDriverLogs\",\"bail\",\"framework\",\"reporters\",\"services\",\"maxInstances\",\"maxInstancesPerCapability\",\"injectGlobals\",\"filesToWatch\",\"execArgv\",\"runnerEnv\",\"runner\",\"shard\",\"specFileRetries\",\"specFileRetriesDelay\",\"specFileRetriesDeferred\",\"reporterSyncInterval\",\"reporterSyncTimeout\",\"cucumberFeaturesWithLineNumbers\",\"autoCompileOpts\",\"mochaOpts\",\"jasmineOpts\",\"cucumberOpts\",\"onPrepare\",\"onWorkerStart\",\"onWorkerEnd\",\"before\",\"beforeSession\",\"beforeSuite\",\"beforeHook\",\"beforeTest\",\"afterTest\",\"afterHook\",\"afterSuite\",\"afterSession\",\"after\",\"onComplete\",\"beforeAssertion\",\"afterAssertion\",\"beforeFeature\",\"beforeScenario\",\"beforeStep\",\"afterStep\",\"afterScenario\",\"afterFeature\",\"_\",\"suite\",\"$0\",\"ignoredWorkerServices\",\"wdi5\"]"}]}
COMMAND: POST /session/7e4b44058a7e7b2c816d2d2d32a70be9/execute/async - {"script":"<script> [21126 bytes]","args":[35000]}
RESULT: {"script":"<script> [21126 bytes]","args":[35000]}
]]></system-out>
    </testcase>
    <testcase classname="chrome.136_0_7103_93.windows.ISC_Template_-_Time_schedule_US156099" name="Should add the material link" time="70.579">
      <system-out><![CDATA[
COMMAND: POST /session/7e4b44058a7e7b2c816d2d2d32a70be9/execute/async - {"script":"<script> [1562 bytes]","args":[{"selector":{"controlType":"sap.m.GenericTile","properties":{"header":"Manage Resources"}},"wdio_ui5_key":"sapm.GenericTile{\"header\":\"Manage Resources\"}"}]}
RESULT: {"script":"<script> [1562 bytes]","args":[{"selector":{"controlType":"sap.m.GenericTile","properties":{"header":"Manage Resources"}},"wdio_ui5_key":"sapm.GenericTile{\"header\":\"Manage Resources\"}"}]}
RESULT: undefined
COMMAND: POST /session/7e4b44058a7e7b2c816d2d2d32a70be9/element - {"using":"xpath","value":"//*[@id=\"__tile39\"]"}
RESULT: {"using":"xpath","value":"//*[@id=\"__tile39\"]"}
COMMAND: POST /session/7e4b44058a7e7b2c816d2d2d32a70be9/element/f.7E6F204F20BF9C5CF27A0713B1580845.d.6AF61EE6DFDE0085ED04113428DEEC57.e.467/click - {}
RESULT: {}
COMMAND: GET /session/7e4b44058a7e7b2c816d2d2d32a70be9/screenshot - {}
RESULT: {}
COMMAND: POST /session/7e4b44058a7e7b2c816d2d2d32a70be9/elements - {"using":"xpath","value":"//span[text()='Error']"}
RESULT: {"using":"xpath","value":"//span[text()='Error']"}
COMMAND: POST /session/7e4b44058a7e7b2c816d2d2d32a70be9/element - {"using":"xpath","value":"//input[contains(@id ,\"application-manageresources-display-component---masterRU--smartFilterBar-btnBasicSearch-I\")]"}
RESULT: {"using":"xpath","value":"//input[contains(@id ,\"application-manageresources-display-component---masterRU--smartFilterBar-btnBasicSearch-I\")]"}
COMMAND: POST /session/7e4b44058a7e7b2c816d2d2d32a70be9/element/f.7E6F204F20BF9C5CF27A0713B1580845.d.6AF61EE6DFDE0085ED04113428DEEC57.e.486/value - {"text":"200013"}
RESULT: {"text":"200013"}
COMMAND: GET /session/7e4b44058a7e7b2c816d2d2d32a70be9/screenshot - {}
RESULT: {}
COMMAND: POST /session/7e4b44058a7e7b2c816d2d2d32a70be9/actions - {"actions":[{"id":"action2","type":"key","parameters":{},"actions":[{"type":"keyDown","value":""},{"type":"pause","duration":10},{"type":"keyUp","value":""}]}]}
RESULT: {"actions":[{"id":"action2","type":"key","parameters":{},"actions":[{"type":"keyDown","value":""},{"type":"pause","duration":10},{"type":"keyUp","value":""}]}]}
COMMAND: GET /session/7e4b44058a7e7b2c816d2d2d32a70be9/screenshot - {}
RESULT: {}
COMMAND: POST /session/7e4b44058a7e7b2c816d2d2d32a70be9/execute/async - {"script":"<script> [1562 bytes]","args":[{"selector":{"controlType":"sap.ui.core.Icon","viewName":"etm.portal.ui.manageresources.view.Master","viewId":"application-manageresources-display-component---masterRU","properties":{"src":{"regex":{"source":"slim\\-arrow\\-right"}}}},"wdio_ui5_key":"etmportal.ui.manageresources.view.Mastersap.ui.core.Icon{\"src\":{\"regex\":{\"source\":\"slim\\\\-arrow\\\\-right\"}}}"}]}
RESULT: {"script":"<script> [1562 bytes]","args":[{"selector":{"controlType":"sap.ui.core.Icon","viewName":"etm.portal.ui.manageresources.view.Master","viewId":"application-manageresources-display-component---masterRU","properties":{"src":{"regex":{"source":"slim\\-arrow\\-right"}}}},"wdio_ui5_key":"etmportal.ui.manageresources.view.Mastersap.ui.core.Icon{\"src\":{\"regex\":{\"source\":\"slim\\\\-arrow\\\\-right\"}}}"}]}
RESULT: undefined
COMMAND: POST /session/7e4b44058a7e7b2c816d2d2d32a70be9/element - {"using":"xpath","value":"//*[@id=\"__item35-__clone109-imgNav\"]"}
RESULT: {"using":"xpath","value":"//*[@id=\"__item35-__clone109-imgNav\"]"}
COMMAND: POST /session/7e4b44058a7e7b2c816d2d2d32a70be9/element/f.7E6F204F20BF9C5CF27A0713B1580845.d.6AF61EE6DFDE0085ED04113428DEEC57.e.655/click - {}
RESULT: {}
COMMAND: GET /session/7e4b44058a7e7b2c816d2d2d32a70be9/screenshot - {}
RESULT: {}
COMMAND: POST /session/7e4b44058a7e7b2c816d2d2d32a70be9/element - {"using":"xpath","value":"//*[contains(@data-kt ,\"materialNoLink\")][contains(text(), \"1000100022\")]"}
RESULT: {"using":"xpath","value":"//*[contains(@data-kt ,\"materialNoLink\")][contains(text(), \"1000100022\")]"}
COMMAND: POST /session/7e4b44058a7e7b2c816d2d2d32a70be9/execute/sync - {"script":"<script> [8489 bytes]","args":[{"element-6066-11e4-a52e-4f735466cecf":"f.7E6F204F20BF9C5CF27A0713B1580845.d.6AF61EE6DFDE0085ED04113428DEEC57.e.804","ELEMENT":"f.7E6F204F20BF9C5CF27A0713B1580845.d.6AF61EE6DFDE0085ED04113428DEEC57.e.804"}]}
RESULT: {"script":"<script> [8489 bytes]","args":[{"element-6066-11e4-a52e-4f735466cecf":"f.7E6F204F20BF9C5CF27A0713B1580845.d.6AF61EE6DFDE0085ED04113428DEEC57.e.804","ELEMENT":"f.7E6F204F20BF9C5CF27A0713B1580845.d.6AF61EE6DFDE0085ED04113428DEEC57.e.804"}]}
COMMAND: POST /session/7e4b44058a7e7b2c816d2d2d32a70be9/element - {"using":"css selector","value":"#shell-header-logo"}
COMMAND: GET /session/7e4b44058a7e7b2c816d2d2d32a70be9/screenshot - {}
RESULT: {"using":"css selector","value":"#shell-header-logo"}
COMMAND: POST /session/7e4b44058a7e7b2c816d2d2d32a70be9/element/f.7E6F204F20BF9C5CF27A0713B1580845.d.6AF61EE6DFDE0085ED04113428DEEC57.e.469/click - {}
RESULT: {}
RESULT: {}
COMMAND: GET /session/7e4b44058a7e7b2c816d2d2d32a70be9/screenshot - {}
RESULT: {}
COMMAND: POST /session/7e4b44058a7e7b2c816d2d2d32a70be9/refresh - {}
RESULT: {}
COMMAND: GET /session/7e4b44058a7e7b2c816d2d2d32a70be9/screenshot - {}
RESULT: {}
COMMAND: POST /session/7e4b44058a7e7b2c816d2d2d32a70be9/execute/async - {"script":"<script> [189 bytes]","args":[]}
RESULT: {"script":"<script> [189 bytes]","args":[]}
COMMAND: POST /session/7e4b44058a7e7b2c816d2d2d32a70be9/execute/async - {"script":"<script> [123 bytes]","args":[]}
RESULT: {"script":"<script> [123 bytes]","args":[]}
COMMAND: POST /session/7e4b44058a7e7b2c816d2d2d32a70be9/timeouts - {"script":"<number>"}
RESULT: {"script":"<number>"}
COMMAND: GET /session/7e4b44058a7e7b2c816d2d2d32a70be9/timeouts - {}
RESULT: {}
RESULT: undefined
COMMAND: POST /session/7e4b44058a7e7b2c816d2d2d32a70be9/execute/async - {"script":"<script> [2676 bytes]","args":[]}
RESULT: {"script":"<script> [2676 bytes]","args":[]}
COMMAND: POST /session/7e4b44058a7e7b2c816d2d2d32a70be9/execute/async - {"script":"<script> [2342 bytes]","args":[{"protocol":"http","hostname":"0.0.0.0","path":"/","capabilities":{"browserName":"chrome","goog:chromeOptions":{"binary":"C:\\Program Files\\Google\\Chrome\\Application\\chrome.exe","args":["--start-maximized"]}},"logLevel":"warn","connectionRetryTimeout":120000,"connectionRetryCount":3,"logLevels":{},"enableDirectConnect":true,"strictSSL":true,"_":"65 more keys: [\"cacheDir\",\"port\",\"requestedCapabilities\",\"automationProtocol\",\"baseUrl\",\"waitforInterval\",\"waitforTimeout\",\"onReload\",\"beforeCommand\",\"afterCommand\",\"rootDir\",\"specs\",\"suites\",\"exclude\",\"groupLogsByTestSpec\",\"excludeDriverLogs\",\"bail\",\"framework\",\"reporters\",\"services\",\"maxInstances\",\"maxInstancesPerCapability\",\"injectGlobals\",\"filesToWatch\",\"execArgv\",\"runnerEnv\",\"runner\",\"shard\",\"specFileRetries\",\"specFileRetriesDelay\",\"specFileRetriesDeferred\",\"reporterSyncInterval\",\"reporterSyncTimeout\",\"cucumberFeaturesWithLineNumbers\",\"autoCompileOpts\",\"mochaOpts\",\"jasmineOpts\",\"cucumberOpts\",\"onPrepare\",\"onWorkerStart\",\"onWorkerEnd\",\"before\",\"beforeSession\",\"beforeSuite\",\"beforeHook\",\"beforeTest\",\"afterTest\",\"afterHook\",\"afterSuite\",\"afterSession\",\"after\",\"onComplete\",\"beforeAssertion\",\"afterAssertion\",\"beforeFeature\",\"beforeScenario\",\"beforeStep\",\"afterStep\",\"afterScenario\",\"afterFeature\",\"_\",\"suite\",\"$0\",\"ignoredWorkerServices\",\"wdi5\"]"}]}
RESULT: {"script":"<script> [2342 bytes]","args":[{"protocol":"http","hostname":"0.0.0.0","path":"/","capabilities":{"browserName":"chrome","goog:chromeOptions":{"binary":"C:\\Program Files\\Google\\Chrome\\Application\\chrome.exe","args":["--start-maximized"]}},"logLevel":"warn","connectionRetryTimeout":120000,"connectionRetryCount":3,"logLevels":{},"enableDirectConnect":true,"strictSSL":true,"_":"65 more keys: [\"cacheDir\",\"port\",\"requestedCapabilities\",\"automationProtocol\",\"baseUrl\",\"waitforInterval\",\"waitforTimeout\",\"onReload\",\"beforeCommand\",\"afterCommand\",\"rootDir\",\"specs\",\"suites\",\"exclude\",\"groupLogsByTestSpec\",\"excludeDriverLogs\",\"bail\",\"framework\",\"reporters\",\"services\",\"maxInstances\",\"maxInstancesPerCapability\",\"injectGlobals\",\"filesToWatch\",\"execArgv\",\"runnerEnv\",\"runner\",\"shard\",\"specFileRetries\",\"specFileRetriesDelay\",\"specFileRetriesDeferred\",\"reporterSyncInterval\",\"reporterSyncTimeout\",\"cucumberFeaturesWithLineNumbers\",\"autoCompileOpts\",\"mochaOpts\",\"jasmineOpts\",\"cucumberOpts\",\"onPrepare\",\"onWorkerStart\",\"onWorkerEnd\",\"before\",\"beforeSession\",\"beforeSuite\",\"beforeHook\",\"beforeTest\",\"afterTest\",\"afterHook\",\"afterSuite\",\"afterSession\",\"after\",\"onComplete\",\"beforeAssertion\",\"afterAssertion\",\"beforeFeature\",\"beforeScenario\",\"beforeStep\",\"afterStep\",\"afterScenario\",\"afterFeature\",\"_\",\"suite\",\"$0\",\"ignoredWorkerServices\",\"wdi5\"]"}]}
COMMAND: POST /session/7e4b44058a7e7b2c816d2d2d32a70be9/execute/async - {"script":"<script> [21126 bytes]","args":[35000]}
RESULT: {"script":"<script> [21126 bytes]","args":[35000]}
]]></system-out>
    </testcase>
    <testcase classname="chrome.136_0_7103_93.windows.ISC_Template_-_Time_schedule_US156099" name="Should create a condition for the spare part" time="64.837">
      <system-out><![CDATA[
COMMAND: POST /session/7e4b44058a7e7b2c816d2d2d32a70be9/execute/async - {"script":"<script> [1562 bytes]","args":[{"selector":{"controlType":"sap.m.GenericTile","properties":{"header":"Manage Conditions & Prices"}},"wdio_ui5_key":"sapm.GenericTile{\"header\":\"Manage Conditions & Prices\"}"}]}
RESULT: {"script":"<script> [1562 bytes]","args":[{"selector":{"controlType":"sap.m.GenericTile","properties":{"header":"Manage Conditions & Prices"}},"wdio_ui5_key":"sapm.GenericTile{\"header\":\"Manage Conditions & Prices\"}"}]}
RESULT: undefined
COMMAND: POST /session/7e4b44058a7e7b2c816d2d2d32a70be9/element - {"using":"xpath","value":"//*[@id=\"__tile53\"]"}
RESULT: {"using":"xpath","value":"//*[@id=\"__tile53\"]"}
COMMAND: POST /session/7e4b44058a7e7b2c816d2d2d32a70be9/element/f.7E6F204F20BF9C5CF27A0713B1580845.d.DD6053FB74356F301E17E3BE8560C36F.e.826/click - {}
RESULT: {}
COMMAND: GET /session/7e4b44058a7e7b2c816d2d2d32a70be9/screenshot - {}
RESULT: {}
COMMAND: POST /session/7e4b44058a7e7b2c816d2d2d32a70be9/elements - {"using":"xpath","value":"//span[text()='Error']"}
RESULT: {"using":"xpath","value":"//span[text()='Error']"}
COMMAND: POST /session/7e4b44058a7e7b2c816d2d2d32a70be9/execute/async - {"script":"<script> [1562 bytes]","args":[{"selector":{"id":"application-manageconditionprice-display-component---conditions--smartFilterBar-btnBasicSearch","interaction":{"idSuffix":"I"}},"wdio_ui5_key":"applicationmanageconditionprice-display-component---conditions--smartFilterBar-btnBasicSearch"}]}
RESULT: {"script":"<script> [1562 bytes]","args":[{"selector":{"id":"application-manageconditionprice-display-component---conditions--smartFilterBar-btnBasicSearch","interaction":{"idSuffix":"I"}},"wdio_ui5_key":"applicationmanageconditionprice-display-component---conditions--smartFilterBar-btnBasicSearch"}]}
RESULT: undefined
COMMAND: POST /session/7e4b44058a7e7b2c816d2d2d32a70be9/execute/async - {"script":"<script> [776 bytes]","args":[{"enterText":"200013","selector":{"id":"application-manageconditionprice-display-component---conditions--smartFilterBar-btnBasicSearch","interaction":{"idSuffix":"I"}},"clearTextFirst":true,"interactionType":"ENTER_TEXT"}]}
RESULT: {"script":"<script> [776 bytes]","args":[{"enterText":"200013","selector":{"id":"application-manageconditionprice-display-component---conditions--smartFilterBar-btnBasicSearch","interaction":{"idSuffix":"I"}},"clearTextFirst":true,"interactionType":"ENTER_TEXT"}]}
COMMAND: POST /session/7e4b44058a7e7b2c816d2d2d32a70be9/actions - {"actions":[{"id":"action3","type":"key","parameters":{},"actions":[{"type":"keyDown","value":""},{"type":"pause","duration":10},{"type":"keyUp","value":""}]}]}
RESULT: {"actions":[{"id":"action3","type":"key","parameters":{},"actions":[{"type":"keyDown","value":""},{"type":"pause","duration":10},{"type":"keyUp","value":""}]}]}
COMMAND: GET /session/7e4b44058a7e7b2c816d2d2d32a70be9/screenshot - {}
RESULT: {}
COMMAND: POST /session/7e4b44058a7e7b2c816d2d2d32a70be9/element - {"using":"xpath","value":"//span[contains(@id ,\"application-manageconditionprice-display-component---conditions--smartTable-header-inner\")][contains(text(), \"Records (1)\")]"}
RESULT: {"using":"xpath","value":"//span[contains(@id ,\"application-manageconditionprice-display-component---conditions--smartTable-header-inner\")][contains(text(), \"Records (1)\")]"}
COMMAND: POST /session/7e4b44058a7e7b2c816d2d2d32a70be9/element - {"using":"xpath","value":"//span[contains(@id ,\"application-manageconditionprice-display-component---conditions--smartTable-header-inner\")][contains(text(), \"Records (1)\")]"}
RESULT: {"using":"xpath","value":"//span[contains(@id ,\"application-manageconditionprice-display-component---conditions--smartTable-header-inner\")][contains(text(), \"Records (1)\")]"}
COMMAND: POST /session/7e4b44058a7e7b2c816d2d2d32a70be9/element - {"using":"xpath","value":"//button[@aria-label=\"Create\"]"}
RESULT: {"using":"xpath","value":"//button[@aria-label=\"Create\"]"}
COMMAND: POST /session/7e4b44058a7e7b2c816d2d2d32a70be9/element/f.7E6F204F20BF9C5CF27A0713B1580845.d.DD6053FB74356F301E17E3BE8560C36F.e.865/click - {}
RESULT: {}
COMMAND: POST /session/7e4b44058a7e7b2c816d2d2d32a70be9/actions - {"actions":[{"id":"action4","type":"key","parameters":{},"actions":[{"type":"keyDown","value":""},{"type":"pause","duration":10},{"type":"keyUp","value":""}]}]}
COMMAND: GET /session/7e4b44058a7e7b2c816d2d2d32a70be9/screenshot - {}
RESULT: {"actions":[{"id":"action4","type":"key","parameters":{},"actions":[{"type":"keyDown","value":""},{"type":"pause","duration":10},{"type":"keyUp","value":""}]}]}
COMMAND: POST /session/7e4b44058a7e7b2c816d2d2d32a70be9/execute/async - {"script":"<script> [1562 bytes]","args":[{"selector":{"id":"application-manageconditionprice-display-component---newCondition--condBillCond-arrow"},"wdio_ui5_key":"applicationmanageconditionprice-display-component---newCondition--condBillCond-arrow"}]}
COMMAND: GET /session/7e4b44058a7e7b2c816d2d2d32a70be9/screenshot - {}
RESULT: {}
RESULT: {"script":"<script> [1562 bytes]","args":[{"selector":{"id":"application-manageconditionprice-display-component---newCondition--condBillCond-arrow"},"wdio_ui5_key":"applicationmanageconditionprice-display-component---newCondition--condBillCond-arrow"}]}
RESULT: undefined
COMMAND: POST /session/7e4b44058a7e7b2c816d2d2d32a70be9/element - {"using":"xpath","value":"//*[@id=\"application-manageconditionprice-display-component---newCondition--condBillCond-arrow\"]"}
RESULT: {}
RESULT: {"using":"xpath","value":"//*[@id=\"application-manageconditionprice-display-component---newCondition--condBillCond-arrow\"]"}
COMMAND: POST /session/7e4b44058a7e7b2c816d2d2d32a70be9/element/f.7E6F204F20BF9C5CF27A0713B1580845.d.DD6053FB74356F301E17E3BE8560C36F.e.1187/click - {}
RESULT: {}
COMMAND: POST /session/7e4b44058a7e7b2c816d2d2d32a70be9/execute/async - {"script":"<script> [1562 bytes]","args":[{"selector":{"controlType":"sap.m.StandardListItem","viewName":"etm.portal.ui.manageconditionprice.view.NewCondition","viewId":"application-manageconditionprice-display-component---newCondition","properties":{"title":"SPPR - Spare parts price"},"searchOpenDialogs":true,"interaction":{"idSuffix":"titleText"}},"wdio_ui5_key":"etmportal.ui.manageconditionprice.view.NewConditionsap.m.StandardListItem{\"title\":\"SPPR - Spare parts price\"}"}]}
COMMAND: GET /session/7e4b44058a7e7b2c816d2d2d32a70be9/screenshot - {}
RESULT: {"script":"<script> [1562 bytes]","args":[{"selector":{"controlType":"sap.m.StandardListItem","viewName":"etm.portal.ui.manageconditionprice.view.NewCondition","viewId":"application-manageconditionprice-display-component---newCondition","properties":{"title":"SPPR - Spare parts price"},"searchOpenDialogs":true,"interaction":{"idSuffix":"titleText"}},"wdio_ui5_key":"etmportal.ui.manageconditionprice.view.NewConditionsap.m.StandardListItem{\"title\":\"SPPR - Spare parts price\"}"}]}
RESULT: undefined
COMMAND: POST /session/7e4b44058a7e7b2c816d2d2d32a70be9/element - {"using":"xpath","value":"//*[@id=\"__item119\"]"}
RESULT: {}
RESULT: {"using":"xpath","value":"//*[@id=\"__item119\"]"}
COMMAND: POST /session/7e4b44058a7e7b2c816d2d2d32a70be9/element/f.7E6F204F20BF9C5CF27A0713B1580845.d.DD6053FB74356F301E17E3BE8560C36F.e.1191/click - {}
RESULT: {}
COMMAND: GET /session/7e4b44058a7e7b2c816d2d2d32a70be9/screenshot - {}
RESULT: {}
COMMAND: POST /session/7e4b44058a7e7b2c816d2d2d32a70be9/execute/async - {"script":"<script> [1562 bytes]","args":[{"selector":{"id":"application-manageconditionprice-display-component---newCondition--condRuCond-arrow"},"wdio_ui5_key":"applicationmanageconditionprice-display-component---newCondition--condRuCond-arrow"}]}
RESULT: {"script":"<script> [1562 bytes]","args":[{"selector":{"id":"application-manageconditionprice-display-component---newCondition--condRuCond-arrow"},"wdio_ui5_key":"applicationmanageconditionprice-display-component---newCondition--condRuCond-arrow"}]}
RESULT: undefined
COMMAND: POST /session/7e4b44058a7e7b2c816d2d2d32a70be9/element - {"using":"xpath","value":"//*[@id=\"application-manageconditionprice-display-component---newCondition--condRuCond-arrow\"]"}
RESULT: {"using":"xpath","value":"//*[@id=\"application-manageconditionprice-display-component---newCondition--condRuCond-arrow\"]"}
COMMAND: POST /session/7e4b44058a7e7b2c816d2d2d32a70be9/element/f.7E6F204F20BF9C5CF27A0713B1580845.d.DD6053FB74356F301E17E3BE8560C36F.e.1217/click - {}
RESULT: {}
COMMAND: GET /session/7e4b44058a7e7b2c816d2d2d32a70be9/screenshot - {}
RESULT: {}
COMMAND: POST /session/7e4b44058a7e7b2c816d2d2d32a70be9/execute/async - {"script":"<script> [1562 bytes]","args":[{"selector":{"controlType":"sap.m.StandardListItem","viewName":"etm.portal.ui.manageconditionprice.view.NewCondition","viewId":"application-manageconditionprice-display-component---newCondition","properties":{"title":"new"},"searchOpenDialogs":true,"interaction":{"idSuffix":"titleText"}},"wdio_ui5_key":"etmportal.ui.manageconditionprice.view.NewConditionsap.m.StandardListItem{\"title\":\"new\"}"}]}
RESULT: {"script":"<script> [1562 bytes]","args":[{"selector":{"controlType":"sap.m.StandardListItem","viewName":"etm.portal.ui.manageconditionprice.view.NewCondition","viewId":"application-manageconditionprice-display-component---newCondition","properties":{"title":"new"},"searchOpenDialogs":true,"interaction":{"idSuffix":"titleText"}},"wdio_ui5_key":"etmportal.ui.manageconditionprice.view.NewConditionsap.m.StandardListItem{\"title\":\"new\"}"}]}
RESULT: undefined
COMMAND: POST /session/7e4b44058a7e7b2c816d2d2d32a70be9/element - {"using":"xpath","value":"//*[@id=\"__item122\"]"}
RESULT: {"using":"xpath","value":"//*[@id=\"__item122\"]"}
COMMAND: POST /session/7e4b44058a7e7b2c816d2d2d32a70be9/element/f.7E6F204F20BF9C5CF27A0713B1580845.d.DD6053FB74356F301E17E3BE8560C36F.e.1219/click - {}
RESULT: {}
COMMAND: POST /session/7e4b44058a7e7b2c816d2d2d32a70be9/execute/async - {"script":"<script> [1562 bytes]","args":[{"selector":{"id":"application-manageconditionprice-display-component---newCondition--condValidTo","interaction":{"idSuffix":"inner"}},"wdio_ui5_key":"applicationmanageconditionprice-display-component---newCondition--condValidTo"}]}
COMMAND: GET /session/7e4b44058a7e7b2c816d2d2d32a70be9/screenshot - {}
RESULT: {"script":"<script> [1562 bytes]","args":[{"selector":{"id":"application-manageconditionprice-display-component---newCondition--condValidTo","interaction":{"idSuffix":"inner"}},"wdio_ui5_key":"applicationmanageconditionprice-display-component---newCondition--condValidTo"}]}
RESULT: undefined
COMMAND: POST /session/7e4b44058a7e7b2c816d2d2d32a70be9/execute/async - {"script":"<script> [776 bytes]","args":[{"enterText":"5/11/33","selector":{"id":"application-manageconditionprice-display-component---newCondition--condValidTo","interaction":{"idSuffix":"inner"}},"clearTextFirst":true,"interactionType":"ENTER_TEXT"}]}
RESULT: {}
RESULT: {"script":"<script> [776 bytes]","args":[{"enterText":"5/11/33","selector":{"id":"application-manageconditionprice-display-component---newCondition--condValidTo","interaction":{"idSuffix":"inner"}},"clearTextFirst":true,"interactionType":"ENTER_TEXT"}]}
COMMAND: POST /session/7e4b44058a7e7b2c816d2d2d32a70be9/element - {"using":"xpath","value":"//input[@id=\"application-manageconditionprice-display-component---newCondition--condRU-inner\"]"}
RESULT: {"using":"xpath","value":"//input[@id=\"application-manageconditionprice-display-component---newCondition--condRU-inner\"]"}
COMMAND: POST /session/7e4b44058a7e7b2c816d2d2d32a70be9/element/f.7E6F204F20BF9C5CF27A0713B1580845.d.DD6053FB74356F301E17E3BE8560C36F.e.1022/clear - {}
RESULT: {}
COMMAND: POST /session/7e4b44058a7e7b2c816d2d2d32a70be9/element/f.7E6F204F20BF9C5CF27A0713B1580845.d.DD6053FB74356F301E17E3BE8560C36F.e.1022/value - {"text":"200013"}
COMMAND: GET /session/7e4b44058a7e7b2c816d2d2d32a70be9/screenshot - {}
RESULT: {"text":"200013"}
COMMAND: GET /session/7e4b44058a7e7b2c816d2d2d32a70be9/screenshot - {}
RESULT: {}
RESULT: {}
COMMAND: POST /session/7e4b44058a7e7b2c816d2d2d32a70be9/actions - {"actions":[{"id":"action5","type":"key","parameters":{},"actions":[{"type":"keyDown","value":""},{"type":"pause","duration":10},{"type":"keyUp","value":""}]}]}
RESULT: {"actions":[{"id":"action5","type":"key","parameters":{},"actions":[{"type":"keyDown","value":""},{"type":"pause","duration":10},{"type":"keyUp","value":""}]}]}
COMMAND: POST /session/7e4b44058a7e7b2c816d2d2d32a70be9/execute/async - {"script":"<script> [1562 bytes]","args":[{"selector":{"id":"application-manageconditionprice-display-component---newCondition--condBaseQty","interaction":{"idSuffix":"inner"}},"wdio_ui5_key":"applicationmanageconditionprice-display-component---newCondition--condBaseQty"}]}
COMMAND: GET /session/7e4b44058a7e7b2c816d2d2d32a70be9/screenshot - {}
RESULT: {"script":"<script> [1562 bytes]","args":[{"selector":{"id":"application-manageconditionprice-display-component---newCondition--condBaseQty","interaction":{"idSuffix":"inner"}},"wdio_ui5_key":"applicationmanageconditionprice-display-component---newCondition--condBaseQty"}]}
RESULT: undefined
COMMAND: POST /session/7e4b44058a7e7b2c816d2d2d32a70be9/execute/async - {"script":"<script> [776 bytes]","args":[{"enterText":"1","selector":{"id":"application-manageconditionprice-display-component---newCondition--condBaseQty","interaction":{"idSuffix":"inner"}},"clearTextFirst":true,"interactionType":"ENTER_TEXT"}]}
RESULT: {}
RESULT: {"script":"<script> [776 bytes]","args":[{"enterText":"1","selector":{"id":"application-manageconditionprice-display-component---newCondition--condBaseQty","interaction":{"idSuffix":"inner"}},"clearTextFirst":true,"interactionType":"ENTER_TEXT"}]}
COMMAND: POST /session/7e4b44058a7e7b2c816d2d2d32a70be9/execute/async - {"script":"<script> [1562 bytes]","args":[{"selector":{"id":"application-manageconditionprice-display-component---newCondition--condValue","interaction":{"idSuffix":"inner"}},"wdio_ui5_key":"applicationmanageconditionprice-display-component---newCondition--condValue"}]}
RESULT: {"script":"<script> [1562 bytes]","args":[{"selector":{"id":"application-manageconditionprice-display-component---newCondition--condValue","interaction":{"idSuffix":"inner"}},"wdio_ui5_key":"applicationmanageconditionprice-display-component---newCondition--condValue"}]}
RESULT: undefined
COMMAND: POST /session/7e4b44058a7e7b2c816d2d2d32a70be9/execute/async - {"script":"<script> [776 bytes]","args":[{"enterText":"100","selector":{"id":"application-manageconditionprice-display-component---newCondition--condValue","interaction":{"idSuffix":"inner"}},"clearTextFirst":true,"interactionType":"ENTER_TEXT"}]}
RESULT: {"script":"<script> [776 bytes]","args":[{"enterText":"100","selector":{"id":"application-manageconditionprice-display-component---newCondition--condValue","interaction":{"idSuffix":"inner"}},"clearTextFirst":true,"interactionType":"ENTER_TEXT"}]}
COMMAND: POST /session/7e4b44058a7e7b2c816d2d2d32a70be9/execute/async - {"script":"<script> [1562 bytes]","args":[{"selector":{"id":"application-manageconditionprice-display-component---newCondition--condCurr-arrow"},"wdio_ui5_key":"applicationmanageconditionprice-display-component---newCondition--condCurr-arrow"}]}
RESULT: {"script":"<script> [1562 bytes]","args":[{"selector":{"id":"application-manageconditionprice-display-component---newCondition--condCurr-arrow"},"wdio_ui5_key":"applicationmanageconditionprice-display-component---newCondition--condCurr-arrow"}]}
RESULT: undefined
COMMAND: POST /session/7e4b44058a7e7b2c816d2d2d32a70be9/element - {"using":"xpath","value":"//*[@id=\"application-manageconditionprice-display-component---newCondition--condCurr-arrow\"]"}
RESULT: {"using":"xpath","value":"//*[@id=\"application-manageconditionprice-display-component---newCondition--condCurr-arrow\"]"}
COMMAND: POST /session/7e4b44058a7e7b2c816d2d2d32a70be9/element/f.7E6F204F20BF9C5CF27A0713B1580845.d.DD6053FB74356F301E17E3BE8560C36F.e.1142/click - {}
RESULT: {}
COMMAND: POST /session/7e4b44058a7e7b2c816d2d2d32a70be9/element - {"using":"xpath","value":"//span[contains(text(), \"Euro\")]"}
COMMAND: GET /session/7e4b44058a7e7b2c816d2d2d32a70be9/screenshot - {}
RESULT: {"using":"xpath","value":"//span[contains(text(), \"Euro\")]"}
COMMAND: POST /session/7e4b44058a7e7b2c816d2d2d32a70be9/element/f.7E6F204F20BF9C5CF27A0713B1580845.d.DD6053FB74356F301E17E3BE8560C36F.e.1224/click - {}
RESULT: {}
RESULT: {}
COMMAND: GET /session/7e4b44058a7e7b2c816d2d2d32a70be9/screenshot - {}
RESULT: {}
COMMAND: POST /session/7e4b44058a7e7b2c816d2d2d32a70be9/element - {"using":"css selector","value":"#shell-header-logo"}
RESULT: {"using":"css selector","value":"#shell-header-logo"}
COMMAND: POST /session/7e4b44058a7e7b2c816d2d2d32a70be9/element/f.7E6F204F20BF9C5CF27A0713B1580845.d.DD6053FB74356F301E17E3BE8560C36F.e.828/click - {}
RESULT: {}
]]></system-out>
    </testcase>
    <testcase classname="chrome.136_0_7103_93.windows.ISC_Template_-_Time_schedule_US156099" name="Should create a new time template" time="201.95">
      <system-out><![CDATA[
COMMAND: POST /session/7e4b44058a7e7b2c816d2d2d32a70be9/element - {"using":"css selector","value":"#shell-header-logo"}
COMMAND: GET /session/7e4b44058a7e7b2c816d2d2d32a70be9/screenshot - {}
RESULT: {"using":"css selector","value":"#shell-header-logo"}
COMMAND: POST /session/7e4b44058a7e7b2c816d2d2d32a70be9/element/f.7E6F204F20BF9C5CF27A0713B1580845.d.DD6053FB74356F301E17E3BE8560C36F.e.1228/click - {}
RESULT: {}
RESULT: {}
COMMAND: GET /session/7e4b44058a7e7b2c816d2d2d32a70be9/screenshot - {}
RESULT: {}
COMMAND: POST /session/7e4b44058a7e7b2c816d2d2d32a70be9/execute/async - {"script":"<script> [1562 bytes]","args":[{"selector":{"controlType":"sap.m.GenericTile","properties":{"header":"ISC Templates"}},"wdio_ui5_key":"sapm.GenericTile{\"header\":\"ISC Templates\"}"}]}
RESULT: {"script":"<script> [1562 bytes]","args":[{"selector":{"controlType":"sap.m.GenericTile","properties":{"header":"ISC Templates"}},"wdio_ui5_key":"sapm.GenericTile{\"header\":\"ISC Templates\"}"}]}
RESULT: undefined
COMMAND: POST /session/7e4b44058a7e7b2c816d2d2d32a70be9/element - {"using":"xpath","value":"//*[@id=\"__tile111\"]"}
RESULT: {"using":"xpath","value":"//*[@id=\"__tile111\"]"}
COMMAND: POST /session/7e4b44058a7e7b2c816d2d2d32a70be9/element/f.7E6F204F20BF9C5CF27A0713B1580845.d.DD6053FB74356F301E17E3BE8560C36F.e.1229/click - {}
RESULT: {}
COMMAND: GET /session/7e4b44058a7e7b2c816d2d2d32a70be9/screenshot - {}
RESULT: {}
COMMAND: POST /session/7e4b44058a7e7b2c816d2d2d32a70be9/elements - {"using":"xpath","value":"//span[text()='Error']"}
RESULT: {"using":"xpath","value":"//span[text()='Error']"}
COMMAND: POST /session/7e4b44058a7e7b2c816d2d2d32a70be9/execute/async - {"script":"<script> [1562 bytes]","args":[{"selector":{"id":"application-isctemplates-display-component---masterSafetyAndCompliance--idCreate-img"},"wdio_ui5_key":"applicationisctemplates-display-component---masterSafetyAndCompliance--idCreate-img"}]}
RESULT: {"script":"<script> [1562 bytes]","args":[{"selector":{"id":"application-isctemplates-display-component---masterSafetyAndCompliance--idCreate-img"},"wdio_ui5_key":"applicationisctemplates-display-component---masterSafetyAndCompliance--idCreate-img"}]}
RESULT: undefined
COMMAND: POST /session/7e4b44058a7e7b2c816d2d2d32a70be9/element - {"using":"xpath","value":"//*[@id=\"application-isctemplates-display-component---masterSafetyAndCompliance--idCreate-img\"]"}
RESULT: {"using":"xpath","value":"//*[@id=\"application-isctemplates-display-component---masterSafetyAndCompliance--idCreate-img\"]"}
COMMAND: POST /session/7e4b44058a7e7b2c816d2d2d32a70be9/element/f.7E6F204F20BF9C5CF27A0713B1580845.d.DD6053FB74356F301E17E3BE8560C36F.e.1268/click - {}
RESULT: {}
COMMAND: GET /session/7e4b44058a7e7b2c816d2d2d32a70be9/screenshot - {}
RESULT: {}
COMMAND: POST /session/7e4b44058a7e7b2c816d2d2d32a70be9/execute/async - {"script":"<script> [1562 bytes]","args":[{"selector":{"id":"application-isctemplates-display-component---addDetailSafetyAndCompliance--iscTypeSelect","interaction":{"idSuffix":"arrow"}},"wdio_ui5_key":"applicationisctemplates-display-component---addDetailSafetyAndCompliance--iscTypeSelect"}]}
RESULT: {"script":"<script> [1562 bytes]","args":[{"selector":{"id":"application-isctemplates-display-component---addDetailSafetyAndCompliance--iscTypeSelect","interaction":{"idSuffix":"arrow"}},"wdio_ui5_key":"applicationisctemplates-display-component---addDetailSafetyAndCompliance--iscTypeSelect"}]}
RESULT: undefined
COMMAND: POST /session/7e4b44058a7e7b2c816d2d2d32a70be9/element - {"using":"xpath","value":"//*[@id=\"application-isctemplates-display-component---addDetailSafetyAndCompliance--iscTypeSelect\"]"}
RESULT: {"using":"xpath","value":"//*[@id=\"application-isctemplates-display-component---addDetailSafetyAndCompliance--iscTypeSelect\"]"}
COMMAND: POST /session/7e4b44058a7e7b2c816d2d2d32a70be9/element/f.7E6F204F20BF9C5CF27A0713B1580845.d.DD6053FB74356F301E17E3BE8560C36F.e.1627/click - {}
RESULT: {}
COMMAND: GET /session/7e4b44058a7e7b2c816d2d2d32a70be9/screenshot - {}
RESULT: {}
COMMAND: POST /session/7e4b44058a7e7b2c816d2d2d32a70be9/element - {"using":"xpath","value":"(//li[contains(text(), \"Time based planning\")])[1]"}
RESULT: {"using":"xpath","value":"(//li[contains(text(), \"Time based planning\")])[1]"}
COMMAND: POST /session/7e4b44058a7e7b2c816d2d2d32a70be9/element/f.7E6F204F20BF9C5CF27A0713B1580845.d.DD6053FB74356F301E17E3BE8560C36F.e.1628/click - {}
RESULT: {}
COMMAND: GET /session/7e4b44058a7e7b2c816d2d2d32a70be9/screenshot - {}
RESULT: {}
COMMAND: POST /session/7e4b44058a7e7b2c816d2d2d32a70be9/element - {"using":"xpath","value":"//input[contains(@id ,\"application-isctemplates-display-component---addDetailSafetyAndCompliance--validFromDate-inner\")]"}
RESULT: {"using":"xpath","value":"//input[contains(@id ,\"application-isctemplates-display-component---addDetailSafetyAndCompliance--validFromDate-inner\")]"}
COMMAND: POST /session/7e4b44058a7e7b2c816d2d2d32a70be9/element/f.7E6F204F20BF9C5CF27A0713B1580845.d.DD6053FB74356F301E17E3BE8560C36F.e.1298/clear - {}
RESULT: {}
COMMAND: GET /session/7e4b44058a7e7b2c816d2d2d32a70be9/screenshot - {}
RESULT: {}
COMMAND: POST /session/7e4b44058a7e7b2c816d2d2d32a70be9/element/f.7E6F204F20BF9C5CF27A0713B1580845.d.DD6053FB74356F301E17E3BE8560C36F.e.1298/clear - {}
RESULT: {}
COMMAND: POST /session/7e4b44058a7e7b2c816d2d2d32a70be9/element/f.7E6F204F20BF9C5CF27A0713B1580845.d.DD6053FB74356F301E17E3BE8560C36F.e.1298/value - {"text":"1/1/25"}
COMMAND: GET /session/7e4b44058a7e7b2c816d2d2d32a70be9/screenshot - {}
RESULT: {}
RESULT: {"text":"1/1/25"}
COMMAND: POST /session/7e4b44058a7e7b2c816d2d2d32a70be9/element - {"using":"xpath","value":"//input[contains(@id ,\"application-isctemplates-display-component---addDetailSafetyAndCompliance--validToDate-inner\")]"}
COMMAND: GET /session/7e4b44058a7e7b2c816d2d2d32a70be9/screenshot - {}
RESULT: {"using":"xpath","value":"//input[contains(@id ,\"application-isctemplates-display-component---addDetailSafetyAndCompliance--validToDate-inner\")]"}
COMMAND: POST /session/7e4b44058a7e7b2c816d2d2d32a70be9/element/f.7E6F204F20BF9C5CF27A0713B1580845.d.DD6053FB74356F301E17E3BE8560C36F.e.1299/clear - {}
RESULT: {}
RESULT: {}
COMMAND: GET /session/7e4b44058a7e7b2c816d2d2d32a70be9/screenshot - {}
RESULT: {}
COMMAND: POST /session/7e4b44058a7e7b2c816d2d2d32a70be9/element/f.7E6F204F20BF9C5CF27A0713B1580845.d.DD6053FB74356F301E17E3BE8560C36F.e.1299/clear - {}
RESULT: {}
COMMAND: POST /session/7e4b44058a7e7b2c816d2d2d32a70be9/element/f.7E6F204F20BF9C5CF27A0713B1580845.d.DD6053FB74356F301E17E3BE8560C36F.e.1299/value - {"text":"11/11/49"}
COMMAND: GET /session/7e4b44058a7e7b2c816d2d2d32a70be9/screenshot - {}
RESULT: {"text":"11/11/49"}
COMMAND: POST /session/7e4b44058a7e7b2c816d2d2d32a70be9/execute/async - {"script":"<script> [1562 bytes]","args":[{"selector":{"id":"application-isctemplates-display-component---addDetailSafetyAndCompliance--sitNameInput","interaction":{"idSuffix":"inner"}},"wdio_ui5_key":"applicationisctemplates-display-component---addDetailSafetyAndCompliance--sitNameInput"}]}
COMMAND: GET /session/7e4b44058a7e7b2c816d2d2d32a70be9/screenshot - {}
RESULT: {}
RESULT: {"script":"<script> [1562 bytes]","args":[{"selector":{"id":"application-isctemplates-display-component---addDetailSafetyAndCompliance--sitNameInput","interaction":{"idSuffix":"inner"}},"wdio_ui5_key":"applicationisctemplates-display-component---addDetailSafetyAndCompliance--sitNameInput"}]}
RESULT: undefined
COMMAND: POST /session/7e4b44058a7e7b2c816d2d2d32a70be9/execute/async - {"script":"<script> [776 bytes]","args":[{"enterText":"Webdriver ISC time","selector":{"id":"application-isctemplates-display-component---addDetailSafetyAndCompliance--sitNameInput","interaction":{"idSuffix":"inner"}},"clearTextFirst":true,"interactionType":"ENTER_TEXT"}]}
RESULT: {}
RESULT: {"script":"<script> [776 bytes]","args":[{"enterText":"Webdriver ISC time","selector":{"id":"application-isctemplates-display-component---addDetailSafetyAndCompliance--sitNameInput","interaction":{"idSuffix":"inner"}},"clearTextFirst":true,"interactionType":"ENTER_TEXT"}]}
COMMAND: POST /session/7e4b44058a7e7b2c816d2d2d32a70be9/execute/async - {"script":"<script> [1562 bytes]","args":[{"selector":{"id":"application-isctemplates-display-component---addDetailSafetyAndCompliance--tempDesc","interaction":{"idSuffix":"inner"}},"wdio_ui5_key":"applicationisctemplates-display-component---addDetailSafetyAndCompliance--tempDesc"}]}
RESULT: {"script":"<script> [1562 bytes]","args":[{"selector":{"id":"application-isctemplates-display-component---addDetailSafetyAndCompliance--tempDesc","interaction":{"idSuffix":"inner"}},"wdio_ui5_key":"applicationisctemplates-display-component---addDetailSafetyAndCompliance--tempDesc"}]}
RESULT: undefined
COMMAND: POST /session/7e4b44058a7e7b2c816d2d2d32a70be9/execute/async - {"script":"<script> [776 bytes]","args":[{"enterText":"ISC time","selector":{"id":"application-isctemplates-display-component---addDetailSafetyAndCompliance--tempDesc","interaction":{"idSuffix":"inner"}},"clearTextFirst":true,"interactionType":"ENTER_TEXT"}]}
RESULT: {"script":"<script> [776 bytes]","args":[{"enterText":"ISC time","selector":{"id":"application-isctemplates-display-component---addDetailSafetyAndCompliance--tempDesc","interaction":{"idSuffix":"inner"}},"clearTextFirst":true,"interactionType":"ENTER_TEXT"}]}
COMMAND: POST /session/7e4b44058a7e7b2c816d2d2d32a70be9/execute/async - {"script":"<script> [1562 bytes]","args":[{"selector":{"id":"application-isctemplates-display-component---addDetailSafetyAndCompliance--firstInsp","interaction":{"idSuffix":"inner"}},"wdio_ui5_key":"applicationisctemplates-display-component---addDetailSafetyAndCompliance--firstInsp"}]}
RESULT: {"script":"<script> [1562 bytes]","args":[{"selector":{"id":"application-isctemplates-display-component---addDetailSafetyAndCompliance--firstInsp","interaction":{"idSuffix":"inner"}},"wdio_ui5_key":"applicationisctemplates-display-component---addDetailSafetyAndCompliance--firstInsp"}]}
RESULT: undefined
COMMAND: POST /session/7e4b44058a7e7b2c816d2d2d32a70be9/execute/async - {"script":"<script> [776 bytes]","args":[{"enterText":"1","selector":{"id":"application-isctemplates-display-component---addDetailSafetyAndCompliance--firstInsp","interaction":{"idSuffix":"inner"}},"clearTextFirst":true,"interactionType":"ENTER_TEXT"}]}
RESULT: {"script":"<script> [776 bytes]","args":[{"enterText":"1","selector":{"id":"application-isctemplates-display-component---addDetailSafetyAndCompliance--firstInsp","interaction":{"idSuffix":"inner"}},"clearTextFirst":true,"interactionType":"ENTER_TEXT"}]}
COMMAND: POST /session/7e4b44058a7e7b2c816d2d2d32a70be9/execute/async - {"script":"<script> [1562 bytes]","args":[{"selector":{"id":"application-isctemplates-display-component---addDetailSafetyAndCompliance--inspectionDimension","interaction":{"idSuffix":"inner"}},"wdio_ui5_key":"applicationisctemplates-display-component---addDetailSafetyAndCompliance--inspectionDimension"}]}
RESULT: {"script":"<script> [1562 bytes]","args":[{"selector":{"id":"application-isctemplates-display-component---addDetailSafetyAndCompliance--inspectionDimension","interaction":{"idSuffix":"inner"}},"wdio_ui5_key":"applicationisctemplates-display-component---addDetailSafetyAndCompliance--inspectionDimension"}]}
RESULT: undefined
COMMAND: POST /session/7e4b44058a7e7b2c816d2d2d32a70be9/execute/async - {"script":"<script> [776 bytes]","args":[{"enterText":"Days","selector":{"id":"application-isctemplates-display-component---addDetailSafetyAndCompliance--inspectionDimension","interaction":{"idSuffix":"inner"}},"clearTextFirst":true,"interactionType":"ENTER_TEXT"}]}
RESULT: {"script":"<script> [776 bytes]","args":[{"enterText":"Days","selector":{"id":"application-isctemplates-display-component---addDetailSafetyAndCompliance--inspectionDimension","interaction":{"idSuffix":"inner"}},"clearTextFirst":true,"interactionType":"ENTER_TEXT"}]}
COMMAND: POST /session/7e4b44058a7e7b2c816d2d2d32a70be9/element - {"using":"xpath","value":"//input[contains(@id ,\"application-isctemplates-display-component---addDetailSafetyAndCompliance--firstIntv-inner\")]"}
RESULT: {"using":"xpath","value":"//input[contains(@id ,\"application-isctemplates-display-component---addDetailSafetyAndCompliance--firstIntv-inner\")]"}
COMMAND: POST /session/7e4b44058a7e7b2c816d2d2d32a70be9/element/f.7E6F204F20BF9C5CF27A0713B1580845.d.DD6053FB74356F301E17E3BE8560C36F.e.1633/clear - {}
RESULT: {}
COMMAND: POST /session/7e4b44058a7e7b2c816d2d2d32a70be9/element/f.7E6F204F20BF9C5CF27A0713B1580845.d.DD6053FB74356F301E17E3BE8560C36F.e.1633/value - {"text":"1"}
COMMAND: GET /session/7e4b44058a7e7b2c816d2d2d32a70be9/screenshot - {}
RESULT: {"text":"1"}
COMMAND: POST /session/7e4b44058a7e7b2c816d2d2d32a70be9/element - {"using":"xpath","value":"//input[contains(@id ,\"application-isctemplates-display-component---addDetailSafetyAndCompliance--intervalDimension-inner\")]"}
COMMAND: GET /session/7e4b44058a7e7b2c816d2d2d32a70be9/screenshot - {}
RESULT: {}
RESULT: {"using":"xpath","value":"//input[contains(@id ,\"application-isctemplates-display-component---addDetailSafetyAndCompliance--intervalDimension-inner\")]"}
COMMAND: POST /session/7e4b44058a7e7b2c816d2d2d32a70be9/element/f.7E6F204F20BF9C5CF27A0713B1580845.d.DD6053FB74356F301E17E3BE8560C36F.e.1639/clear - {}
RESULT: {}
RESULT: {}
COMMAND: POST /session/7e4b44058a7e7b2c816d2d2d32a70be9/element/f.7E6F204F20BF9C5CF27A0713B1580845.d.DD6053FB74356F301E17E3BE8560C36F.e.1639/value - {"text":"Years"}
COMMAND: GET /session/7e4b44058a7e7b2c816d2d2d32a70be9/screenshot - {}
RESULT: {"text":"Years"}
COMMAND: GET /session/7e4b44058a7e7b2c816d2d2d32a70be9/screenshot - {}
RESULT: {}
RESULT: {}
COMMAND: POST /session/7e4b44058a7e7b2c816d2d2d32a70be9/element - {"using":"xpath","value":"//input[contains(@id ,\"application-isctemplates-display-component---addDetailSafetyAndCompliance--durationEditMode-inner\")]"}
RESULT: {"using":"xpath","value":"//input[contains(@id ,\"application-isctemplates-display-component---addDetailSafetyAndCompliance--durationEditMode-inner\")]"}
COMMAND: POST /session/7e4b44058a7e7b2c816d2d2d32a70be9/element/f.7E6F204F20BF9C5CF27A0713B1580845.d.DD6053FB74356F301E17E3BE8560C36F.e.1634/clear - {}
RESULT: {}
COMMAND: POST /session/7e4b44058a7e7b2c816d2d2d32a70be9/element/f.7E6F204F20BF9C5CF27A0713B1580845.d.DD6053FB74356F301E17E3BE8560C36F.e.1634/value - {"text":"1"}
COMMAND: GET /session/7e4b44058a7e7b2c816d2d2d32a70be9/screenshot - {}
RESULT: {"text":"1"}
COMMAND: POST /session/7e4b44058a7e7b2c816d2d2d32a70be9/element - {"using":"xpath","value":"//input[contains(@id ,\"application-isctemplates-display-component---addDetailSafetyAndCompliance--durationDimension-inner\")]"}
COMMAND: GET /session/7e4b44058a7e7b2c816d2d2d32a70be9/screenshot - {}
RESULT: {}
RESULT: {"using":"xpath","value":"//input[contains(@id ,\"application-isctemplates-display-component---addDetailSafetyAndCompliance--durationDimension-inner\")]"}
COMMAND: POST /session/7e4b44058a7e7b2c816d2d2d32a70be9/element/f.7E6F204F20BF9C5CF27A0713B1580845.d.DD6053FB74356F301E17E3BE8560C36F.e.1640/clear - {}
RESULT: {}
RESULT: {}
COMMAND: POST /session/7e4b44058a7e7b2c816d2d2d32a70be9/element/f.7E6F204F20BF9C5CF27A0713B1580845.d.DD6053FB74356F301E17E3BE8560C36F.e.1640/value - {"text":"Days"}
COMMAND: GET /session/7e4b44058a7e7b2c816d2d2d32a70be9/screenshot - {}
RESULT: {"text":"Days"}
COMMAND: POST /session/7e4b44058a7e7b2c816d2d2d32a70be9/element - {"using":"xpath","value":"//input[contains(@id ,\"application-isctemplates-display-component---addDetailSafetyAndCompliance--remindersInput-inner\")]"}
COMMAND: GET /session/7e4b44058a7e7b2c816d2d2d32a70be9/screenshot - {}
RESULT: {}
RESULT: {"using":"xpath","value":"//input[contains(@id ,\"application-isctemplates-display-component---addDetailSafetyAndCompliance--remindersInput-inner\")]"}
COMMAND: POST /session/7e4b44058a7e7b2c816d2d2d32a70be9/element/f.7E6F204F20BF9C5CF27A0713B1580845.d.DD6053FB74356F301E17E3BE8560C36F.e.1635/clear - {}
RESULT: {}
RESULT: {}
COMMAND: POST /session/7e4b44058a7e7b2c816d2d2d32a70be9/element/f.7E6F204F20BF9C5CF27A0713B1580845.d.DD6053FB74356F301E17E3BE8560C36F.e.1635/value - {"text":"2"}
COMMAND: GET /session/7e4b44058a7e7b2c816d2d2d32a70be9/screenshot - {}
RESULT: {"text":"2"}
COMMAND: POST /session/7e4b44058a7e7b2c816d2d2d32a70be9/element - {"using":"xpath","value":"//input[contains(@id ,\"application-isctemplates-display-component---addDetailSafetyAndCompliance--reminderDimension-inner\")]"}
COMMAND: GET /session/7e4b44058a7e7b2c816d2d2d32a70be9/screenshot - {}
RESULT: {}
RESULT: {"using":"xpath","value":"//input[contains(@id ,\"application-isctemplates-display-component---addDetailSafetyAndCompliance--reminderDimension-inner\")]"}
COMMAND: POST /session/7e4b44058a7e7b2c816d2d2d32a70be9/element/f.7E6F204F20BF9C5CF27A0713B1580845.d.DD6053FB74356F301E17E3BE8560C36F.e.1641/clear - {}
RESULT: {}
RESULT: {}
COMMAND: POST /session/7e4b44058a7e7b2c816d2d2d32a70be9/element/f.7E6F204F20BF9C5CF27A0713B1580845.d.DD6053FB74356F301E17E3BE8560C36F.e.1641/value - {"text":"Weeks"}
COMMAND: GET /session/7e4b44058a7e7b2c816d2d2d32a70be9/screenshot - {}
RESULT: {"text":"Weeks"}
COMMAND: POST /session/7e4b44058a7e7b2c816d2d2d32a70be9/element - {"using":"xpath","value":"//input[contains(@id ,\"application-isctemplates-display-component---addDetailSafetyAndCompliance--recurringReminder-inner\")]"}
COMMAND: GET /session/7e4b44058a7e7b2c816d2d2d32a70be9/screenshot - {}
RESULT: {}
RESULT: {"using":"xpath","value":"//input[contains(@id ,\"application-isctemplates-display-component---addDetailSafetyAndCompliance--recurringReminder-inner\")]"}
COMMAND: POST /session/7e4b44058a7e7b2c816d2d2d32a70be9/element/f.7E6F204F20BF9C5CF27A0713B1580845.d.DD6053FB74356F301E17E3BE8560C36F.e.1636/clear - {}
RESULT: {}
RESULT: {}
COMMAND: POST /session/7e4b44058a7e7b2c816d2d2d32a70be9/element/f.7E6F204F20BF9C5CF27A0713B1580845.d.DD6053FB74356F301E17E3BE8560C36F.e.1636/value - {"text":"2"}
COMMAND: GET /session/7e4b44058a7e7b2c816d2d2d32a70be9/screenshot - {}
RESULT: {"text":"2"}
COMMAND: POST /session/7e4b44058a7e7b2c816d2d2d32a70be9/element - {"using":"xpath","value":"//input[contains(@id ,\"application-isctemplates-display-component---addDetailSafetyAndCompliance--recurringReminderUom-inner\")]"}
COMMAND: GET /session/7e4b44058a7e7b2c816d2d2d32a70be9/screenshot - {}
RESULT: {}
RESULT: {"using":"xpath","value":"//input[contains(@id ,\"application-isctemplates-display-component---addDetailSafetyAndCompliance--recurringReminderUom-inner\")]"}
COMMAND: POST /session/7e4b44058a7e7b2c816d2d2d32a70be9/element/f.7E6F204F20BF9C5CF27A0713B1580845.d.DD6053FB74356F301E17E3BE8560C36F.e.1642/clear - {}
RESULT: {}
RESULT: {}
COMMAND: POST /session/7e4b44058a7e7b2c816d2d2d32a70be9/element/f.7E6F204F20BF9C5CF27A0713B1580845.d.DD6053FB74356F301E17E3BE8560C36F.e.1642/value - {"text":"Weeks"}
COMMAND: GET /session/7e4b44058a7e7b2c816d2d2d32a70be9/screenshot - {}
RESULT: {"text":"Weeks"}
COMMAND: POST /session/7e4b44058a7e7b2c816d2d2d32a70be9/element - {"using":"xpath","value":"//input[contains(@id ,\"application-isctemplates-display-component---addDetailSafetyAndCompliance--recurringReminderRepetitions-inner\")]"}
COMMAND: GET /session/7e4b44058a7e7b2c816d2d2d32a70be9/screenshot - {}
RESULT: {}
RESULT: {"using":"xpath","value":"//input[contains(@id ,\"application-isctemplates-display-component---addDetailSafetyAndCompliance--recurringReminderRepetitions-inner\")]"}
COMMAND: POST /session/7e4b44058a7e7b2c816d2d2d32a70be9/element/f.7E6F204F20BF9C5CF27A0713B1580845.d.DD6053FB74356F301E17E3BE8560C36F.e.1637/clear - {}
RESULT: {}
RESULT: {}
COMMAND: POST /session/7e4b44058a7e7b2c816d2d2d32a70be9/element/f.7E6F204F20BF9C5CF27A0713B1580845.d.DD6053FB74356F301E17E3BE8560C36F.e.1637/value - {"text":"2"}
COMMAND: GET /session/7e4b44058a7e7b2c816d2d2d32a70be9/screenshot - {}
RESULT: {"text":"2"}
COMMAND: POST /session/7e4b44058a7e7b2c816d2d2d32a70be9/element - {"using":"xpath","value":"//input[contains(@id ,\"application-isctemplates-display-component---addDetailSafetyAndCompliance--tagInputAdd-inner\")]"}
COMMAND: GET /session/7e4b44058a7e7b2c816d2d2d32a70be9/screenshot - {}
RESULT: {}
RESULT: {"using":"xpath","value":"//input[contains(@id ,\"application-isctemplates-display-component---addDetailSafetyAndCompliance--tagInputAdd-inner\")]"}
COMMAND: POST /session/7e4b44058a7e7b2c816d2d2d32a70be9/element/f.7E6F204F20BF9C5CF27A0713B1580845.d.DD6053FB74356F301E17E3BE8560C36F.e.1508/clear - {}
RESULT: {}
RESULT: {}
COMMAND: POST /session/7e4b44058a7e7b2c816d2d2d32a70be9/element/f.7E6F204F20BF9C5CF27A0713B1580845.d.DD6053FB74356F301E17E3BE8560C36F.e.1508/value - {"text":"Webdriver"}
COMMAND: GET /session/7e4b44058a7e7b2c816d2d2d32a70be9/screenshot - {}
RESULT: {"text":"Webdriver"}
COMMAND: GET /session/7e4b44058a7e7b2c816d2d2d32a70be9/screenshot - {}
RESULT: {}
RESULT: {}
COMMAND: POST /session/7e4b44058a7e7b2c816d2d2d32a70be9/actions - {"actions":[{"id":"action6","type":"key","parameters":{},"actions":[{"type":"keyDown","value":""},{"type":"pause","duration":10},{"type":"keyUp","value":""}]}]}
RESULT: {"actions":[{"id":"action6","type":"key","parameters":{},"actions":[{"type":"keyDown","value":""},{"type":"pause","duration":10},{"type":"keyUp","value":""}]}]}
COMMAND: GET /session/7e4b44058a7e7b2c816d2d2d32a70be9/screenshot - {}
RESULT: {}
COMMAND: POST /session/7e4b44058a7e7b2c816d2d2d32a70be9/actions - {"actions":[{"id":"action7","type":"key","parameters":{},"actions":[{"type":"keyDown","value":""},{"type":"pause","duration":10},{"type":"keyUp","value":""}]}]}
RESULT: {"actions":[{"id":"action7","type":"key","parameters":{},"actions":[{"type":"keyDown","value":""},{"type":"pause","duration":10},{"type":"keyUp","value":""}]}]}
COMMAND: POST /session/7e4b44058a7e7b2c816d2d2d32a70be9/actions - {"actions":[{"id":"action8","type":"key","parameters":{},"actions":[{"type":"keyDown","value":""},{"type":"pause","duration":10},{"type":"keyUp","value":""}]}]}
COMMAND: GET /session/7e4b44058a7e7b2c816d2d2d32a70be9/screenshot - {}
RESULT: {"actions":[{"id":"action8","type":"key","parameters":{},"actions":[{"type":"keyDown","value":""},{"type":"pause","duration":10},{"type":"keyUp","value":""}]}]}
COMMAND: POST /session/7e4b44058a7e7b2c816d2d2d32a70be9/actions - {"actions":[{"id":"action9","type":"key","parameters":{},"actions":[{"type":"keyDown","value":""},{"type":"pause","duration":10},{"type":"keyUp","value":""}]}]}
COMMAND: GET /session/7e4b44058a7e7b2c816d2d2d32a70be9/screenshot - {}
RESULT: {}
RESULT: {"actions":[{"id":"action9","type":"key","parameters":{},"actions":[{"type":"keyDown","value":""},{"type":"pause","duration":10},{"type":"keyUp","value":""}]}]}
COMMAND: POST /session/7e4b44058a7e7b2c816d2d2d32a70be9/actions - {"actions":[{"id":"action10","type":"key","parameters":{},"actions":[{"type":"keyDown","value":""},{"type":"pause","duration":10},{"type":"keyUp","value":""}]}]}
COMMAND: GET /session/7e4b44058a7e7b2c816d2d2d32a70be9/screenshot - {}
RESULT: {}
RESULT: {"actions":[{"id":"action10","type":"key","parameters":{},"actions":[{"type":"keyDown","value":""},{"type":"pause","duration":10},{"type":"keyUp","value":""}]}]}
COMMAND: GET /session/7e4b44058a7e7b2c816d2d2d32a70be9/screenshot - {}
RESULT: {}
RESULT: {}
COMMAND: POST /session/7e4b44058a7e7b2c816d2d2d32a70be9/element - {"using":"xpath","value":"//div[contains(@id ,\"application-isctemplates-display-component---addDetailSafetyAndCompliance--orderReschedulingCheckBox-CbBg\")]"}
RESULT: {"using":"xpath","value":"//div[contains(@id ,\"application-isctemplates-display-component---addDetailSafetyAndCompliance--orderReschedulingCheckBox-CbBg\")]"}
COMMAND: POST /session/7e4b44058a7e7b2c816d2d2d32a70be9/element/f.7E6F204F20BF9C5CF27A0713B1580845.d.DD6053FB74356F301E17E3BE8560C36F.e.1492/click - {}
RESULT: {}
COMMAND: POST /session/7e4b44058a7e7b2c816d2d2d32a70be9/element - {"using":"xpath","value":"//div[contains(@id ,\"application-isctemplates-display-component---addDetailSafetyAndCompliance--automaticReleaseCheckBox-CbBg\")]"}
COMMAND: GET /session/7e4b44058a7e7b2c816d2d2d32a70be9/screenshot - {}
RESULT: {"using":"xpath","value":"//div[contains(@id ,\"application-isctemplates-display-component---addDetailSafetyAndCompliance--automaticReleaseCheckBox-CbBg\")]"}
COMMAND: POST /session/7e4b44058a7e7b2c816d2d2d32a70be9/element/f.7E6F204F20BF9C5CF27A0713B1580845.d.DD6053FB74356F301E17E3BE8560C36F.e.1494/click - {}
RESULT: {}
RESULT: {}
COMMAND: GET /session/7e4b44058a7e7b2c816d2d2d32a70be9/screenshot - {}
RESULT: {}
COMMAND: POST /session/7e4b44058a7e7b2c816d2d2d32a70be9/execute/async - {"script":"<script> [1562 bytes]","args":[{"selector":{"controlType":"sap.m.Button","viewName":"etm.portal.ui.isctemplates.view.New","viewId":"application-isctemplates-display-component---addDetailSafetyAndCompliance","properties":{"text":"Tasks"},"interaction":{"idSuffix":"BDI-content"}},"wdio_ui5_key":"etmportal.ui.isctemplates.view.Newsap.m.Button{\"text\":\"Tasks\"}"}]}
RESULT: {"script":"<script> [1562 bytes]","args":[{"selector":{"controlType":"sap.m.Button","viewName":"etm.portal.ui.isctemplates.view.New","viewId":"application-isctemplates-display-component---addDetailSafetyAndCompliance","properties":{"text":"Tasks"},"interaction":{"idSuffix":"BDI-content"}},"wdio_ui5_key":"etmportal.ui.isctemplates.view.Newsap.m.Button{\"text\":\"Tasks\"}"}]}
RESULT: undefined
COMMAND: POST /session/7e4b44058a7e7b2c816d2d2d32a70be9/element - {"using":"xpath","value":"//*[@id=\"__layout44-anchBar-__section12-anchor\"]"}
RESULT: {"using":"xpath","value":"//*[@id=\"__layout44-anchBar-__section12-anchor\"]"}
COMMAND: POST /session/7e4b44058a7e7b2c816d2d2d32a70be9/element/f.7E6F204F20BF9C5CF27A0713B1580845.d.DD6053FB74356F301E17E3BE8560C36F.e.1764/click - {}
RESULT: {}
COMMAND: GET /session/7e4b44058a7e7b2c816d2d2d32a70be9/screenshot - {}
RESULT: {}
COMMAND: POST /session/7e4b44058a7e7b2c816d2d2d32a70be9/execute/async - {"script":"<script> [1562 bytes]","args":[{"selector":{"id":"application-isctemplates-display-component---addDetailSafetyAndCompliance--createTaskButton","interaction":{"idSuffix":"BDI-content"}},"wdio_ui5_key":"applicationisctemplates-display-component---addDetailSafetyAndCompliance--createTaskButton"}]}
RESULT: {"script":"<script> [1562 bytes]","args":[{"selector":{"id":"application-isctemplates-display-component---addDetailSafetyAndCompliance--createTaskButton","interaction":{"idSuffix":"BDI-content"}},"wdio_ui5_key":"applicationisctemplates-display-component---addDetailSafetyAndCompliance--createTaskButton"}]}
RESULT: undefined
COMMAND: POST /session/7e4b44058a7e7b2c816d2d2d32a70be9/element - {"using":"xpath","value":"//*[@id=\"application-isctemplates-display-component---addDetailSafetyAndCompliance--createTaskButton\"]"}
RESULT: {"using":"xpath","value":"//*[@id=\"application-isctemplates-display-component---addDetailSafetyAndCompliance--createTaskButton\"]"}
COMMAND: POST /session/7e4b44058a7e7b2c816d2d2d32a70be9/element/f.7E6F204F20BF9C5CF27A0713B1580845.d.DD6053FB74356F301E17E3BE8560C36F.e.1768/click - {}
RESULT: {}
COMMAND: GET /session/7e4b44058a7e7b2c816d2d2d32a70be9/screenshot - {}
RESULT: {}
COMMAND: POST /session/7e4b44058a7e7b2c816d2d2d32a70be9/execute/async - {"script":"<script> [1562 bytes]","args":[{"selector":{"controlType":"sap.m.Input","viewName":"etm.portal.ui.isctemplates.view.New","viewId":"application-isctemplates-display-component---addDetailSafetyAndCompliance","bindingPath":{"path":"/0","propertyPath":"NAME","modelName":"tasksModel"},"interaction":{"idSuffix":"inner"}},"wdio_ui5_key":"etmportal.ui.isctemplates.view.Newsap.m.Input{\"path\":\"/0\",\"propertyPath\":\"NAME\",\"modelName\":\"tasksModel\"}"}]}
RESULT: {"script":"<script> [1562 bytes]","args":[{"selector":{"controlType":"sap.m.Input","viewName":"etm.portal.ui.isctemplates.view.New","viewId":"application-isctemplates-display-component---addDetailSafetyAndCompliance","bindingPath":{"path":"/0","propertyPath":"NAME","modelName":"tasksModel"},"interaction":{"idSuffix":"inner"}},"wdio_ui5_key":"etmportal.ui.isctemplates.view.Newsap.m.Input{\"path\":\"/0\",\"propertyPath\":\"NAME\",\"modelName\":\"tasksModel\"}"}]}
RESULT: undefined
COMMAND: POST /session/7e4b44058a7e7b2c816d2d2d32a70be9/execute/async - {"script":"<script> [776 bytes]","args":[{"enterText":"test1","selector":{"controlType":"sap.m.Input","viewName":"etm.portal.ui.isctemplates.view.New","viewId":"application-isctemplates-display-component---addDetailSafetyAndCompliance","bindingPath":{"path":"/0","propertyPath":"NAME","modelName":"tasksModel"},"interaction":{"idSuffix":"inner"}},"clearTextFirst":true,"interactionType":"ENTER_TEXT"}]}
RESULT: {"script":"<script> [776 bytes]","args":[{"enterText":"test1","selector":{"controlType":"sap.m.Input","viewName":"etm.portal.ui.isctemplates.view.New","viewId":"application-isctemplates-display-component---addDetailSafetyAndCompliance","bindingPath":{"path":"/0","propertyPath":"NAME","modelName":"tasksModel"},"interaction":{"idSuffix":"inner"}},"clearTextFirst":true,"interactionType":"ENTER_TEXT"}]}
COMMAND: POST /session/7e4b44058a7e7b2c816d2d2d32a70be9/execute/async - {"script":"<script> [1562 bytes]","args":[{"selector":{"controlType":"sap.m.Input","viewName":"etm.portal.ui.isctemplates.view.New","viewId":"application-isctemplates-display-component---addDetailSafetyAndCompliance","bindingPath":{"path":"/0","propertyPath":"DESCRIPTION","modelName":"tasksModel"},"interaction":{"idSuffix":"inner"}},"wdio_ui5_key":"etmportal.ui.isctemplates.view.Newsap.m.Input{\"path\":\"/0\",\"propertyPath\":\"DESCRIPTION\",\"modelName\":\"tasksModel\"}"}]}
RESULT: {"script":"<script> [1562 bytes]","args":[{"selector":{"controlType":"sap.m.Input","viewName":"etm.portal.ui.isctemplates.view.New","viewId":"application-isctemplates-display-component---addDetailSafetyAndCompliance","bindingPath":{"path":"/0","propertyPath":"DESCRIPTION","modelName":"tasksModel"},"interaction":{"idSuffix":"inner"}},"wdio_ui5_key":"etmportal.ui.isctemplates.view.Newsap.m.Input{\"path\":\"/0\",\"propertyPath\":\"DESCRIPTION\",\"modelName\":\"tasksModel\"}"}]}
RESULT: undefined
COMMAND: POST /session/7e4b44058a7e7b2c816d2d2d32a70be9/execute/async - {"script":"<script> [776 bytes]","args":[{"enterText":"wdio1","selector":{"controlType":"sap.m.Input","viewName":"etm.portal.ui.isctemplates.view.New","viewId":"application-isctemplates-display-component---addDetailSafetyAndCompliance","bindingPath":{"path":"/0","propertyPath":"DESCRIPTION","modelName":"tasksModel"},"interaction":{"idSuffix":"inner"}},"clearTextFirst":true,"interactionType":"ENTER_TEXT"}]}
RESULT: {"script":"<script> [776 bytes]","args":[{"enterText":"wdio1","selector":{"controlType":"sap.m.Input","viewName":"etm.portal.ui.isctemplates.view.New","viewId":"application-isctemplates-display-component---addDetailSafetyAndCompliance","bindingPath":{"path":"/0","propertyPath":"DESCRIPTION","modelName":"tasksModel"},"interaction":{"idSuffix":"inner"}},"clearTextFirst":true,"interactionType":"ENTER_TEXT"}]}
COMMAND: POST /session/7e4b44058a7e7b2c816d2d2d32a70be9/execute/async - {"script":"<script> [1562 bytes]","args":[{"selector":{"controlType":"sap.m.Input","viewName":"etm.portal.ui.isctemplates.view.New","viewId":"application-isctemplates-display-component---addDetailSafetyAndCompliance","bindingPath":{"path":"/0","propertyPath":"DURATION_FORMATTED","modelName":"tasksModel"},"interaction":{"idSuffix":"inner"}},"wdio_ui5_key":"etmportal.ui.isctemplates.view.Newsap.m.Input{\"path\":\"/0\",\"propertyPath\":\"DURATION_FORMATTED\",\"modelName\":\"tasksModel\"}"}]}
RESULT: {"script":"<script> [1562 bytes]","args":[{"selector":{"controlType":"sap.m.Input","viewName":"etm.portal.ui.isctemplates.view.New","viewId":"application-isctemplates-display-component---addDetailSafetyAndCompliance","bindingPath":{"path":"/0","propertyPath":"DURATION_FORMATTED","modelName":"tasksModel"},"interaction":{"idSuffix":"inner"}},"wdio_ui5_key":"etmportal.ui.isctemplates.view.Newsap.m.Input{\"path\":\"/0\",\"propertyPath\":\"DURATION_FORMATTED\",\"modelName\":\"tasksModel\"}"}]}
RESULT: undefined
COMMAND: POST /session/7e4b44058a7e7b2c816d2d2d32a70be9/execute/async - {"script":"<script> [776 bytes]","args":[{"enterText":"1","selector":{"controlType":"sap.m.Input","viewName":"etm.portal.ui.isctemplates.view.New","viewId":"application-isctemplates-display-component---addDetailSafetyAndCompliance","bindingPath":{"path":"/0","propertyPath":"DURATION_FORMATTED","modelName":"tasksModel"},"interaction":{"idSuffix":"inner"}},"clearTextFirst":true,"interactionType":"ENTER_TEXT"}]}
RESULT: {"script":"<script> [776 bytes]","args":[{"enterText":"1","selector":{"controlType":"sap.m.Input","viewName":"etm.portal.ui.isctemplates.view.New","viewId":"application-isctemplates-display-component---addDetailSafetyAndCompliance","bindingPath":{"path":"/0","propertyPath":"DURATION_FORMATTED","modelName":"tasksModel"},"interaction":{"idSuffix":"inner"}},"clearTextFirst":true,"interactionType":"ENTER_TEXT"}]}
COMMAND: POST /session/7e4b44058a7e7b2c816d2d2d32a70be9/execute/async - {"script":"<script> [1562 bytes]","args":[{"selector":{"controlType":"sap.m.ComboBox","viewName":"etm.portal.ui.isctemplates.view.New","viewId":"application-isctemplates-display-component---addDetailSafetyAndCompliance","bindingPath":{"path":"/0","propertyPath":"DURATION_UNIT_OF_MEASURE","modelName":"tasksModel"},"interaction":{"idSuffix":"inner"}},"wdio_ui5_key":"etmportal.ui.isctemplates.view.Newsap.m.ComboBox{\"path\":\"/0\",\"propertyPath\":\"DURATION_UNIT_OF_MEASURE\",\"modelName\":\"tasksModel\"}"}]}
RESULT: {"script":"<script> [1562 bytes]","args":[{"selector":{"controlType":"sap.m.ComboBox","viewName":"etm.portal.ui.isctemplates.view.New","viewId":"application-isctemplates-display-component---addDetailSafetyAndCompliance","bindingPath":{"path":"/0","propertyPath":"DURATION_UNIT_OF_MEASURE","modelName":"tasksModel"},"interaction":{"idSuffix":"inner"}},"wdio_ui5_key":"etmportal.ui.isctemplates.view.Newsap.m.ComboBox{\"path\":\"/0\",\"propertyPath\":\"DURATION_UNIT_OF_MEASURE\",\"modelName\":\"tasksModel\"}"}]}
RESULT: undefined
COMMAND: POST /session/7e4b44058a7e7b2c816d2d2d32a70be9/execute/async - {"script":"<script> [776 bytes]","args":[{"enterText":"Days","selector":{"controlType":"sap.m.ComboBox","viewName":"etm.portal.ui.isctemplates.view.New","viewId":"application-isctemplates-display-component---addDetailSafetyAndCompliance","bindingPath":{"path":"/0","propertyPath":"DURATION_UNIT_OF_MEASURE","modelName":"tasksModel"},"interaction":{"idSuffix":"inner"}},"clearTextFirst":true,"interactionType":"ENTER_TEXT"}]}
RESULT: {"script":"<script> [776 bytes]","args":[{"enterText":"Days","selector":{"controlType":"sap.m.ComboBox","viewName":"etm.portal.ui.isctemplates.view.New","viewId":"application-isctemplates-display-component---addDetailSafetyAndCompliance","bindingPath":{"path":"/0","propertyPath":"DURATION_UNIT_OF_MEASURE","modelName":"tasksModel"},"interaction":{"idSuffix":"inner"}},"clearTextFirst":true,"interactionType":"ENTER_TEXT"}]}
COMMAND: POST /session/7e4b44058a7e7b2c816d2d2d32a70be9/execute/async - {"script":"<script> [1562 bytes]","args":[{"selector":{"controlType":"netm.SmartInput","viewName":"etm.portal.ui.isctemplates.view.New","viewId":"application-isctemplates-display-component---addDetailSafetyAndCompliance","bindingPath":{"path":"/0","propertyPath":"ACTIVITY_DESCRIPTION","modelName":"tasksModel"},"interaction":{"idSuffix":"inner"}},"wdio_ui5_key":"etmportal.ui.isctemplates.view.Newnetm.SmartInput{\"path\":\"/0\",\"propertyPath\":\"ACTIVITY_DESCRIPTION\",\"modelName\":\"tasksModel\"}"}]}
RESULT: {"script":"<script> [1562 bytes]","args":[{"selector":{"controlType":"netm.SmartInput","viewName":"etm.portal.ui.isctemplates.view.New","viewId":"application-isctemplates-display-component---addDetailSafetyAndCompliance","bindingPath":{"path":"/0","propertyPath":"ACTIVITY_DESCRIPTION","modelName":"tasksModel"},"interaction":{"idSuffix":"inner"}},"wdio_ui5_key":"etmportal.ui.isctemplates.view.Newnetm.SmartInput{\"path\":\"/0\",\"propertyPath\":\"ACTIVITY_DESCRIPTION\",\"modelName\":\"tasksModel\"}"}]}
RESULT: undefined
COMMAND: POST /session/7e4b44058a7e7b2c816d2d2d32a70be9/execute/async - {"script":"<script> [776 bytes]","args":[{"enterText":"Standard Hour","selector":{"controlType":"netm.SmartInput","viewName":"etm.portal.ui.isctemplates.view.New","viewId":"application-isctemplates-display-component---addDetailSafetyAndCompliance","bindingPath":{"path":"/0","propertyPath":"ACTIVITY_DESCRIPTION","modelName":"tasksModel"},"interaction":{"idSuffix":"inner"}},"clearTextFirst":true,"interactionType":"ENTER_TEXT"}]}
RESULT: {"script":"<script> [776 bytes]","args":[{"enterText":"Standard Hour","selector":{"controlType":"netm.SmartInput","viewName":"etm.portal.ui.isctemplates.view.New","viewId":"application-isctemplates-display-component---addDetailSafetyAndCompliance","bindingPath":{"path":"/0","propertyPath":"ACTIVITY_DESCRIPTION","modelName":"tasksModel"},"interaction":{"idSuffix":"inner"}},"clearTextFirst":true,"interactionType":"ENTER_TEXT"}]}
COMMAND: POST /session/7e4b44058a7e7b2c816d2d2d32a70be9/actions - {"actions":[{"id":"action11","type":"key","parameters":{},"actions":[{"type":"keyDown","value":""},{"type":"pause","duration":10},{"type":"keyUp","value":""}]}]}
RESULT: {"actions":[{"id":"action11","type":"key","parameters":{},"actions":[{"type":"keyDown","value":""},{"type":"pause","duration":10},{"type":"keyUp","value":""}]}]}
COMMAND: GET /session/7e4b44058a7e7b2c816d2d2d32a70be9/screenshot - {}
RESULT: {}
COMMAND: POST /session/7e4b44058a7e7b2c816d2d2d32a70be9/execute/async - {"script":"<script> [1562 bytes]","args":[{"selector":{"controlType":"sap.m.Text","viewName":"etm.portal.ui.isctemplates.view.New","viewId":"application-isctemplates-display-component---addDetailSafetyAndCompliance","bindingPath":{"path":"/YardIscActivity('T01')","propertyPath":"DESCRIPTION"},"searchOpenDialogs":true},"wdio_ui5_key":"etmportal.ui.isctemplates.view.Newsap.m.Text{\"path\":\"/YardIscActivity('T01')\",\"propertyPath\":\"DESCRIPTION\"}"}]}
RESULT: {"script":"<script> [1562 bytes]","args":[{"selector":{"controlType":"sap.m.Text","viewName":"etm.portal.ui.isctemplates.view.New","viewId":"application-isctemplates-display-component---addDetailSafetyAndCompliance","bindingPath":{"path":"/YardIscActivity('T01')","propertyPath":"DESCRIPTION"},"searchOpenDialogs":true},"wdio_ui5_key":"etmportal.ui.isctemplates.view.Newsap.m.Text{\"path\":\"/YardIscActivity('T01')\",\"propertyPath\":\"DESCRIPTION\"}"}]}
RESULT: undefined
COMMAND: POST /session/7e4b44058a7e7b2c816d2d2d32a70be9/execute/async - {"script":"<script> [1562 bytes]","args":[{"selector":{"controlType":"sap.m.Input","viewName":"etm.portal.ui.isctemplates.view.New","viewId":"application-isctemplates-display-component---addDetailSafetyAndCompliance","bindingPath":{"path":"/0","propertyPath":"PLAN_FORMATTED","modelName":"tasksModel"},"interaction":{"idSuffix":"inner"}},"wdio_ui5_key":"etmportal.ui.isctemplates.view.Newsap.m.Input{\"path\":\"/0\",\"propertyPath\":\"PLAN_FORMATTED\",\"modelName\":\"tasksModel\"}"}]}
RESULT: {"script":"<script> [1562 bytes]","args":[{"selector":{"controlType":"sap.m.Input","viewName":"etm.portal.ui.isctemplates.view.New","viewId":"application-isctemplates-display-component---addDetailSafetyAndCompliance","bindingPath":{"path":"/0","propertyPath":"PLAN_FORMATTED","modelName":"tasksModel"},"interaction":{"idSuffix":"inner"}},"wdio_ui5_key":"etmportal.ui.isctemplates.view.Newsap.m.Input{\"path\":\"/0\",\"propertyPath\":\"PLAN_FORMATTED\",\"modelName\":\"tasksModel\"}"}]}
RESULT: undefined
COMMAND: POST /session/7e4b44058a7e7b2c816d2d2d32a70be9/execute/async - {"script":"<script> [776 bytes]","args":[{"enterText":"3","selector":{"controlType":"sap.m.Input","viewName":"etm.portal.ui.isctemplates.view.New","viewId":"application-isctemplates-display-component---addDetailSafetyAndCompliance","bindingPath":{"path":"/0","propertyPath":"PLAN_FORMATTED","modelName":"tasksModel"},"interaction":{"idSuffix":"inner"}},"clearTextFirst":true,"interactionType":"ENTER_TEXT"}]}
RESULT: {"script":"<script> [776 bytes]","args":[{"enterText":"3","selector":{"controlType":"sap.m.Input","viewName":"etm.portal.ui.isctemplates.view.New","viewId":"application-isctemplates-display-component---addDetailSafetyAndCompliance","bindingPath":{"path":"/0","propertyPath":"PLAN_FORMATTED","modelName":"tasksModel"},"interaction":{"idSuffix":"inner"}},"clearTextFirst":true,"interactionType":"ENTER_TEXT"}]}
COMMAND: POST /session/7e4b44058a7e7b2c816d2d2d32a70be9/execute/async - {"script":"<script> [1562 bytes]","args":[{"selector":{"controlType":"netm.SmartInput","viewName":"etm.portal.ui.isctemplates.view.New","viewId":"application-isctemplates-display-component---addDetailSafetyAndCompliance","bindingPath":{"path":"/0","propertyPath":"BILLING_CONDITION_DESCRIPTION","modelName":"tasksModel"},"interaction":{"idSuffix":"inner"}},"wdio_ui5_key":"etmportal.ui.isctemplates.view.Newnetm.SmartInput{\"path\":\"/0\",\"propertyPath\":\"BILLING_CONDITION_DESCRIPTION\",\"modelName\":\"tasksModel\"}"}]}
RESULT: {"script":"<script> [1562 bytes]","args":[{"selector":{"controlType":"netm.SmartInput","viewName":"etm.portal.ui.isctemplates.view.New","viewId":"application-isctemplates-display-component---addDetailSafetyAndCompliance","bindingPath":{"path":"/0","propertyPath":"BILLING_CONDITION_DESCRIPTION","modelName":"tasksModel"},"interaction":{"idSuffix":"inner"}},"wdio_ui5_key":"etmportal.ui.isctemplates.view.Newnetm.SmartInput{\"path\":\"/0\",\"propertyPath\":\"BILLING_CONDITION_DESCRIPTION\",\"modelName\":\"tasksModel\"}"}]}
RESULT: undefined
COMMAND: POST /session/7e4b44058a7e7b2c816d2d2d32a70be9/execute/async - {"script":"<script> [776 bytes]","args":[{"enterText":"Manual fee","selector":{"controlType":"netm.SmartInput","viewName":"etm.portal.ui.isctemplates.view.New","viewId":"application-isctemplates-display-component---addDetailSafetyAndCompliance","bindingPath":{"path":"/0","propertyPath":"BILLING_CONDITION_DESCRIPTION","modelName":"tasksModel"},"interaction":{"idSuffix":"inner"}},"clearTextFirst":true,"interactionType":"ENTER_TEXT"}]}
RESULT: {"script":"<script> [776 bytes]","args":[{"enterText":"Manual fee","selector":{"controlType":"netm.SmartInput","viewName":"etm.portal.ui.isctemplates.view.New","viewId":"application-isctemplates-display-component---addDetailSafetyAndCompliance","bindingPath":{"path":"/0","propertyPath":"BILLING_CONDITION_DESCRIPTION","modelName":"tasksModel"},"interaction":{"idSuffix":"inner"}},"clearTextFirst":true,"interactionType":"ENTER_TEXT"}]}
COMMAND: POST /session/7e4b44058a7e7b2c816d2d2d32a70be9/actions - {"actions":[{"id":"action12","type":"key","parameters":{},"actions":[{"type":"keyDown","value":""},{"type":"pause","duration":10},{"type":"keyUp","value":""}]}]}
RESULT: {"actions":[{"id":"action12","type":"key","parameters":{},"actions":[{"type":"keyDown","value":""},{"type":"pause","duration":10},{"type":"keyUp","value":""}]}]}
COMMAND: GET /session/7e4b44058a7e7b2c816d2d2d32a70be9/screenshot - {}
RESULT: {}
RESULT: undefined
COMMAND: POST /session/7e4b44058a7e7b2c816d2d2d32a70be9/element - {"using":"xpath","value":"//*[@id=\"application-isctemplates-display-component---addDetailSafetyAndCompliance--createTaskButton\"]"}
RESULT: {"using":"xpath","value":"//*[@id=\"application-isctemplates-display-component---addDetailSafetyAndCompliance--createTaskButton\"]"}
COMMAND: POST /session/7e4b44058a7e7b2c816d2d2d32a70be9/element/f.7E6F204F20BF9C5CF27A0713B1580845.d.DD6053FB74356F301E17E3BE8560C36F.e.1768/click - {}
RESULT: {}
COMMAND: GET /session/7e4b44058a7e7b2c816d2d2d32a70be9/screenshot - {}
RESULT: {}
COMMAND: POST /session/7e4b44058a7e7b2c816d2d2d32a70be9/execute/async - {"script":"<script> [1562 bytes]","args":[{"selector":{"controlType":"sap.m.Input","viewName":"etm.portal.ui.isctemplates.view.New","viewId":"application-isctemplates-display-component---addDetailSafetyAndCompliance","bindingPath":{"path":"/1","propertyPath":"NAME","modelName":"tasksModel"},"interaction":{"idSuffix":"inner"}},"wdio_ui5_key":"etmportal.ui.isctemplates.view.Newsap.m.Input{\"path\":\"/1\",\"propertyPath\":\"NAME\",\"modelName\":\"tasksModel\"}"}]}
RESULT: {"script":"<script> [1562 bytes]","args":[{"selector":{"controlType":"sap.m.Input","viewName":"etm.portal.ui.isctemplates.view.New","viewId":"application-isctemplates-display-component---addDetailSafetyAndCompliance","bindingPath":{"path":"/1","propertyPath":"NAME","modelName":"tasksModel"},"interaction":{"idSuffix":"inner"}},"wdio_ui5_key":"etmportal.ui.isctemplates.view.Newsap.m.Input{\"path\":\"/1\",\"propertyPath\":\"NAME\",\"modelName\":\"tasksModel\"}"}]}
RESULT: undefined
COMMAND: POST /session/7e4b44058a7e7b2c816d2d2d32a70be9/execute/async - {"script":"<script> [776 bytes]","args":[{"enterText":"test2","selector":{"controlType":"sap.m.Input","viewName":"etm.portal.ui.isctemplates.view.New","viewId":"application-isctemplates-display-component---addDetailSafetyAndCompliance","bindingPath":{"path":"/1","propertyPath":"NAME","modelName":"tasksModel"},"interaction":{"idSuffix":"inner"}},"clearTextFirst":true,"interactionType":"ENTER_TEXT"}]}
RESULT: {"script":"<script> [776 bytes]","args":[{"enterText":"test2","selector":{"controlType":"sap.m.Input","viewName":"etm.portal.ui.isctemplates.view.New","viewId":"application-isctemplates-display-component---addDetailSafetyAndCompliance","bindingPath":{"path":"/1","propertyPath":"NAME","modelName":"tasksModel"},"interaction":{"idSuffix":"inner"}},"clearTextFirst":true,"interactionType":"ENTER_TEXT"}]}
COMMAND: POST /session/7e4b44058a7e7b2c816d2d2d32a70be9/execute/async - {"script":"<script> [1562 bytes]","args":[{"selector":{"controlType":"sap.m.Input","viewName":"etm.portal.ui.isctemplates.view.New","viewId":"application-isctemplates-display-component---addDetailSafetyAndCompliance","bindingPath":{"path":"/1","propertyPath":"DESCRIPTION","modelName":"tasksModel"},"interaction":{"idSuffix":"inner"}},"wdio_ui5_key":"etmportal.ui.isctemplates.view.Newsap.m.Input{\"path\":\"/1\",\"propertyPath\":\"DESCRIPTION\",\"modelName\":\"tasksModel\"}"}]}
RESULT: {"script":"<script> [1562 bytes]","args":[{"selector":{"controlType":"sap.m.Input","viewName":"etm.portal.ui.isctemplates.view.New","viewId":"application-isctemplates-display-component---addDetailSafetyAndCompliance","bindingPath":{"path":"/1","propertyPath":"DESCRIPTION","modelName":"tasksModel"},"interaction":{"idSuffix":"inner"}},"wdio_ui5_key":"etmportal.ui.isctemplates.view.Newsap.m.Input{\"path\":\"/1\",\"propertyPath\":\"DESCRIPTION\",\"modelName\":\"tasksModel\"}"}]}
RESULT: undefined
COMMAND: POST /session/7e4b44058a7e7b2c816d2d2d32a70be9/execute/async - {"script":"<script> [776 bytes]","args":[{"enterText":"wdio2","selector":{"controlType":"sap.m.Input","viewName":"etm.portal.ui.isctemplates.view.New","viewId":"application-isctemplates-display-component---addDetailSafetyAndCompliance","bindingPath":{"path":"/1","propertyPath":"DESCRIPTION","modelName":"tasksModel"},"interaction":{"idSuffix":"inner"}},"clearTextFirst":true,"interactionType":"ENTER_TEXT"}]}
RESULT: {"script":"<script> [776 bytes]","args":[{"enterText":"wdio2","selector":{"controlType":"sap.m.Input","viewName":"etm.portal.ui.isctemplates.view.New","viewId":"application-isctemplates-display-component---addDetailSafetyAndCompliance","bindingPath":{"path":"/1","propertyPath":"DESCRIPTION","modelName":"tasksModel"},"interaction":{"idSuffix":"inner"}},"clearTextFirst":true,"interactionType":"ENTER_TEXT"}]}
COMMAND: POST /session/7e4b44058a7e7b2c816d2d2d32a70be9/execute/async - {"script":"<script> [1562 bytes]","args":[{"selector":{"controlType":"sap.m.Input","viewName":"etm.portal.ui.isctemplates.view.New","viewId":"application-isctemplates-display-component---addDetailSafetyAndCompliance","bindingPath":{"path":"/1","propertyPath":"DURATION_FORMATTED","modelName":"tasksModel"},"interaction":{"idSuffix":"inner"}},"wdio_ui5_key":"etmportal.ui.isctemplates.view.Newsap.m.Input{\"path\":\"/1\",\"propertyPath\":\"DURATION_FORMATTED\",\"modelName\":\"tasksModel\"}"}]}
RESULT: {"script":"<script> [1562 bytes]","args":[{"selector":{"controlType":"sap.m.Input","viewName":"etm.portal.ui.isctemplates.view.New","viewId":"application-isctemplates-display-component---addDetailSafetyAndCompliance","bindingPath":{"path":"/1","propertyPath":"DURATION_FORMATTED","modelName":"tasksModel"},"interaction":{"idSuffix":"inner"}},"wdio_ui5_key":"etmportal.ui.isctemplates.view.Newsap.m.Input{\"path\":\"/1\",\"propertyPath\":\"DURATION_FORMATTED\",\"modelName\":\"tasksModel\"}"}]}
RESULT: undefined
COMMAND: POST /session/7e4b44058a7e7b2c816d2d2d32a70be9/execute/async - {"script":"<script> [776 bytes]","args":[{"enterText":"1","selector":{"controlType":"sap.m.Input","viewName":"etm.portal.ui.isctemplates.view.New","viewId":"application-isctemplates-display-component---addDetailSafetyAndCompliance","bindingPath":{"path":"/1","propertyPath":"DURATION_FORMATTED","modelName":"tasksModel"},"interaction":{"idSuffix":"inner"}},"clearTextFirst":true,"interactionType":"ENTER_TEXT"}]}
RESULT: {"script":"<script> [776 bytes]","args":[{"enterText":"1","selector":{"controlType":"sap.m.Input","viewName":"etm.portal.ui.isctemplates.view.New","viewId":"application-isctemplates-display-component---addDetailSafetyAndCompliance","bindingPath":{"path":"/1","propertyPath":"DURATION_FORMATTED","modelName":"tasksModel"},"interaction":{"idSuffix":"inner"}},"clearTextFirst":true,"interactionType":"ENTER_TEXT"}]}
COMMAND: POST /session/7e4b44058a7e7b2c816d2d2d32a70be9/execute/async - {"script":"<script> [1562 bytes]","args":[{"selector":{"controlType":"sap.m.ComboBox","viewName":"etm.portal.ui.isctemplates.view.New","viewId":"application-isctemplates-display-component---addDetailSafetyAndCompliance","bindingPath":{"path":"/1","propertyPath":"DURATION_UNIT_OF_MEASURE","modelName":"tasksModel"},"interaction":{"idSuffix":"inner"}},"wdio_ui5_key":"etmportal.ui.isctemplates.view.Newsap.m.ComboBox{\"path\":\"/1\",\"propertyPath\":\"DURATION_UNIT_OF_MEASURE\",\"modelName\":\"tasksModel\"}"}]}
RESULT: {"script":"<script> [1562 bytes]","args":[{"selector":{"controlType":"sap.m.ComboBox","viewName":"etm.portal.ui.isctemplates.view.New","viewId":"application-isctemplates-display-component---addDetailSafetyAndCompliance","bindingPath":{"path":"/1","propertyPath":"DURATION_UNIT_OF_MEASURE","modelName":"tasksModel"},"interaction":{"idSuffix":"inner"}},"wdio_ui5_key":"etmportal.ui.isctemplates.view.Newsap.m.ComboBox{\"path\":\"/1\",\"propertyPath\":\"DURATION_UNIT_OF_MEASURE\",\"modelName\":\"tasksModel\"}"}]}
RESULT: undefined
COMMAND: POST /session/7e4b44058a7e7b2c816d2d2d32a70be9/execute/async - {"script":"<script> [776 bytes]","args":[{"enterText":"Days","selector":{"controlType":"sap.m.ComboBox","viewName":"etm.portal.ui.isctemplates.view.New","viewId":"application-isctemplates-display-component---addDetailSafetyAndCompliance","bindingPath":{"path":"/1","propertyPath":"DURATION_UNIT_OF_MEASURE","modelName":"tasksModel"},"interaction":{"idSuffix":"inner"}},"clearTextFirst":true,"interactionType":"ENTER_TEXT"}]}
RESULT: {"script":"<script> [776 bytes]","args":[{"enterText":"Days","selector":{"controlType":"sap.m.ComboBox","viewName":"etm.portal.ui.isctemplates.view.New","viewId":"application-isctemplates-display-component---addDetailSafetyAndCompliance","bindingPath":{"path":"/1","propertyPath":"DURATION_UNIT_OF_MEASURE","modelName":"tasksModel"},"interaction":{"idSuffix":"inner"}},"clearTextFirst":true,"interactionType":"ENTER_TEXT"}]}
COMMAND: POST /session/7e4b44058a7e7b2c816d2d2d32a70be9/execute/async - {"script":"<script> [1562 bytes]","args":[{"selector":{"controlType":"netm.SmartInput","viewName":"etm.portal.ui.isctemplates.view.New","viewId":"application-isctemplates-display-component---addDetailSafetyAndCompliance","bindingPath":{"path":"/1","propertyPath":"ACTIVITY_DESCRIPTION","modelName":"tasksModel"},"interaction":{"idSuffix":"inner"}},"wdio_ui5_key":"etmportal.ui.isctemplates.view.Newnetm.SmartInput{\"path\":\"/1\",\"propertyPath\":\"ACTIVITY_DESCRIPTION\",\"modelName\":\"tasksModel\"}"}]}
RESULT: {"script":"<script> [1562 bytes]","args":[{"selector":{"controlType":"netm.SmartInput","viewName":"etm.portal.ui.isctemplates.view.New","viewId":"application-isctemplates-display-component---addDetailSafetyAndCompliance","bindingPath":{"path":"/1","propertyPath":"ACTIVITY_DESCRIPTION","modelName":"tasksModel"},"interaction":{"idSuffix":"inner"}},"wdio_ui5_key":"etmportal.ui.isctemplates.view.Newnetm.SmartInput{\"path\":\"/1\",\"propertyPath\":\"ACTIVITY_DESCRIPTION\",\"modelName\":\"tasksModel\"}"}]}
RESULT: undefined
COMMAND: POST /session/7e4b44058a7e7b2c816d2d2d32a70be9/execute/async - {"script":"<script> [776 bytes]","args":[{"enterText":"Standard Hour","selector":{"controlType":"netm.SmartInput","viewName":"etm.portal.ui.isctemplates.view.New","viewId":"application-isctemplates-display-component---addDetailSafetyAndCompliance","bindingPath":{"path":"/1","propertyPath":"ACTIVITY_DESCRIPTION","modelName":"tasksModel"},"interaction":{"idSuffix":"inner"}},"clearTextFirst":true,"interactionType":"ENTER_TEXT"}]}
RESULT: {"script":"<script> [776 bytes]","args":[{"enterText":"Standard Hour","selector":{"controlType":"netm.SmartInput","viewName":"etm.portal.ui.isctemplates.view.New","viewId":"application-isctemplates-display-component---addDetailSafetyAndCompliance","bindingPath":{"path":"/1","propertyPath":"ACTIVITY_DESCRIPTION","modelName":"tasksModel"},"interaction":{"idSuffix":"inner"}},"clearTextFirst":true,"interactionType":"ENTER_TEXT"}]}
COMMAND: POST /session/7e4b44058a7e7b2c816d2d2d32a70be9/actions - {"actions":[{"id":"action13","type":"key","parameters":{},"actions":[{"type":"keyDown","value":""},{"type":"pause","duration":10},{"type":"keyUp","value":""}]}]}
RESULT: {"actions":[{"id":"action13","type":"key","parameters":{},"actions":[{"type":"keyDown","value":""},{"type":"pause","duration":10},{"type":"keyUp","value":""}]}]}
COMMAND: GET /session/7e4b44058a7e7b2c816d2d2d32a70be9/screenshot - {}
RESULT: {}
COMMAND: POST /session/7e4b44058a7e7b2c816d2d2d32a70be9/execute/async - {"script":"<script> [1562 bytes]","args":[{"selector":{"controlType":"sap.m.Input","viewName":"etm.portal.ui.isctemplates.view.New","viewId":"application-isctemplates-display-component---addDetailSafetyAndCompliance","bindingPath":{"path":"/1","propertyPath":"PLAN_FORMATTED","modelName":"tasksModel"},"interaction":{"idSuffix":"inner"}},"wdio_ui5_key":"etmportal.ui.isctemplates.view.Newsap.m.Input{\"path\":\"/1\",\"propertyPath\":\"PLAN_FORMATTED\",\"modelName\":\"tasksModel\"}"}]}
RESULT: {"script":"<script> [1562 bytes]","args":[{"selector":{"controlType":"sap.m.Input","viewName":"etm.portal.ui.isctemplates.view.New","viewId":"application-isctemplates-display-component---addDetailSafetyAndCompliance","bindingPath":{"path":"/1","propertyPath":"PLAN_FORMATTED","modelName":"tasksModel"},"interaction":{"idSuffix":"inner"}},"wdio_ui5_key":"etmportal.ui.isctemplates.view.Newsap.m.Input{\"path\":\"/1\",\"propertyPath\":\"PLAN_FORMATTED\",\"modelName\":\"tasksModel\"}"}]}
RESULT: undefined
COMMAND: POST /session/7e4b44058a7e7b2c816d2d2d32a70be9/execute/async - {"script":"<script> [776 bytes]","args":[{"enterText":"3","selector":{"controlType":"sap.m.Input","viewName":"etm.portal.ui.isctemplates.view.New","viewId":"application-isctemplates-display-component---addDetailSafetyAndCompliance","bindingPath":{"path":"/1","propertyPath":"PLAN_FORMATTED","modelName":"tasksModel"},"interaction":{"idSuffix":"inner"}},"clearTextFirst":true,"interactionType":"ENTER_TEXT"}]}
RESULT: {"script":"<script> [776 bytes]","args":[{"enterText":"3","selector":{"controlType":"sap.m.Input","viewName":"etm.portal.ui.isctemplates.view.New","viewId":"application-isctemplates-display-component---addDetailSafetyAndCompliance","bindingPath":{"path":"/1","propertyPath":"PLAN_FORMATTED","modelName":"tasksModel"},"interaction":{"idSuffix":"inner"}},"clearTextFirst":true,"interactionType":"ENTER_TEXT"}]}
COMMAND: POST /session/7e4b44058a7e7b2c816d2d2d32a70be9/execute/async - {"script":"<script> [1562 bytes]","args":[{"selector":{"controlType":"netm.SmartInput","viewName":"etm.portal.ui.isctemplates.view.New","viewId":"application-isctemplates-display-component---addDetailSafetyAndCompliance","bindingPath":{"path":"/1","propertyPath":"BILLING_CONDITION_DESCRIPTION","modelName":"tasksModel"},"interaction":{"idSuffix":"inner"}},"wdio_ui5_key":"etmportal.ui.isctemplates.view.Newnetm.SmartInput{\"path\":\"/1\",\"propertyPath\":\"BILLING_CONDITION_DESCRIPTION\",\"modelName\":\"tasksModel\"}"}]}
RESULT: {"script":"<script> [1562 bytes]","args":[{"selector":{"controlType":"netm.SmartInput","viewName":"etm.portal.ui.isctemplates.view.New","viewId":"application-isctemplates-display-component---addDetailSafetyAndCompliance","bindingPath":{"path":"/1","propertyPath":"BILLING_CONDITION_DESCRIPTION","modelName":"tasksModel"},"interaction":{"idSuffix":"inner"}},"wdio_ui5_key":"etmportal.ui.isctemplates.view.Newnetm.SmartInput{\"path\":\"/1\",\"propertyPath\":\"BILLING_CONDITION_DESCRIPTION\",\"modelName\":\"tasksModel\"}"}]}
RESULT: undefined
COMMAND: POST /session/7e4b44058a7e7b2c816d2d2d32a70be9/execute/async - {"script":"<script> [776 bytes]","args":[{"enterText":"Manual fee","selector":{"controlType":"netm.SmartInput","viewName":"etm.portal.ui.isctemplates.view.New","viewId":"application-isctemplates-display-component---addDetailSafetyAndCompliance","bindingPath":{"path":"/1","propertyPath":"BILLING_CONDITION_DESCRIPTION","modelName":"tasksModel"},"interaction":{"idSuffix":"inner"}},"clearTextFirst":true,"interactionType":"ENTER_TEXT"}]}
RESULT: {"script":"<script> [776 bytes]","args":[{"enterText":"Manual fee","selector":{"controlType":"netm.SmartInput","viewName":"etm.portal.ui.isctemplates.view.New","viewId":"application-isctemplates-display-component---addDetailSafetyAndCompliance","bindingPath":{"path":"/1","propertyPath":"BILLING_CONDITION_DESCRIPTION","modelName":"tasksModel"},"interaction":{"idSuffix":"inner"}},"clearTextFirst":true,"interactionType":"ENTER_TEXT"}]}
COMMAND: POST /session/7e4b44058a7e7b2c816d2d2d32a70be9/actions - {"actions":[{"id":"action14","type":"key","parameters":{},"actions":[{"type":"keyDown","value":""},{"type":"pause","duration":10},{"type":"keyUp","value":""}]}]}
RESULT: {"actions":[{"id":"action14","type":"key","parameters":{},"actions":[{"type":"keyDown","value":""},{"type":"pause","duration":10},{"type":"keyUp","value":""}]}]}
COMMAND: GET /session/7e4b44058a7e7b2c816d2d2d32a70be9/screenshot - {}
RESULT: {}
COMMAND: POST /session/7e4b44058a7e7b2c816d2d2d32a70be9/execute/async - {"script":"<script> [1562 bytes]","args":[{"selector":{"controlType":"sap.m.Button","viewName":"etm.portal.ui.isctemplates.view.New","viewId":"application-isctemplates-display-component---addDetailSafetyAndCompliance","properties":{"text":"Spare parts"},"interaction":{"idSuffix":"BDI-content"}},"wdio_ui5_key":"etmportal.ui.isctemplates.view.Newsap.m.Button{\"text\":\"Spare parts\"}"}]}
RESULT: {"script":"<script> [1562 bytes]","args":[{"selector":{"controlType":"sap.m.Button","viewName":"etm.portal.ui.isctemplates.view.New","viewId":"application-isctemplates-display-component---addDetailSafetyAndCompliance","properties":{"text":"Spare parts"},"interaction":{"idSuffix":"BDI-content"}},"wdio_ui5_key":"etmportal.ui.isctemplates.view.Newsap.m.Button{\"text\":\"Spare parts\"}"}]}
RESULT: undefined
COMMAND: POST /session/7e4b44058a7e7b2c816d2d2d32a70be9/element - {"using":"xpath","value":"//*[@id=\"__layout44-anchBar-__section13-anchor\"]"}
RESULT: {"using":"xpath","value":"//*[@id=\"__layout44-anchBar-__section13-anchor\"]"}
COMMAND: POST /session/7e4b44058a7e7b2c816d2d2d32a70be9/element/f.7E6F204F20BF9C5CF27A0713B1580845.d.DD6053FB74356F301E17E3BE8560C36F.e.1803/click - {}
RESULT: {}
COMMAND: GET /session/7e4b44058a7e7b2c816d2d2d32a70be9/screenshot - {}
RESULT: {}
COMMAND: POST /session/7e4b44058a7e7b2c816d2d2d32a70be9/execute/async - {"script":"<script> [1562 bytes]","args":[{"selector":{"controlType":"sap.ui.core.Icon","viewName":"etm.portal.ui.isctemplates.view.New","viewId":"application-isctemplates-display-component---addDetailSafetyAndCompliance","properties":{"src":{"regex":{"source":"add"}}},"ancestor":{"controlType":"sap.m.Button","viewName":"etm.portal.ui.isctemplates.view.New","viewId":"application-isctemplates-display-component---addDetailSafetyAndCompliance","i18NText":{"propertyName":"tooltip","key":"create"}}},"wdio_ui5_key":"etmportal.ui.isctemplates.view.Newsap.ui.core.Icon{\"src\":{\"regex\":{\"source\":\"add\"}}}{\"controlType\":\"sap.m.Button\",\"viewName\":\"etm.portal.ui.isctemplates.view.New\",\"viewId\":\"application-isctemplates-display-component---addDetailSafetyAndCompliance\",\"i18NText\":{\"propertyName\":\"tooltip\",\"key\":\"create\"}}"}]}
RESULT: {"script":"<script> [1562 bytes]","args":[{"selector":{"controlType":"sap.ui.core.Icon","viewName":"etm.portal.ui.isctemplates.view.New","viewId":"application-isctemplates-display-component---addDetailSafetyAndCompliance","properties":{"src":{"regex":{"source":"add"}}},"ancestor":{"controlType":"sap.m.Button","viewName":"etm.portal.ui.isctemplates.view.New","viewId":"application-isctemplates-display-component---addDetailSafetyAndCompliance","i18NText":{"propertyName":"tooltip","key":"create"}}},"wdio_ui5_key":"etmportal.ui.isctemplates.view.Newsap.ui.core.Icon{\"src\":{\"regex\":{\"source\":\"add\"}}}{\"controlType\":\"sap.m.Button\",\"viewName\":\"etm.portal.ui.isctemplates.view.New\",\"viewId\":\"application-isctemplates-display-component---addDetailSafetyAndCompliance\",\"i18NText\":{\"propertyName\":\"tooltip\",\"key\":\"create\"}}"}]}
RESULT: undefined
COMMAND: POST /session/7e4b44058a7e7b2c816d2d2d32a70be9/element - {"using":"xpath","value":"//*[@id=\"__button30-img\"]"}
RESULT: {"using":"xpath","value":"//*[@id=\"__button30-img\"]"}
COMMAND: POST /session/7e4b44058a7e7b2c816d2d2d32a70be9/element/f.7E6F204F20BF9C5CF27A0713B1580845.d.DD6053FB74356F301E17E3BE8560C36F.e.1807/click - {}
RESULT: {}
COMMAND: GET /session/7e4b44058a7e7b2c816d2d2d32a70be9/screenshot - {}
RESULT: {}
COMMAND: POST /session/7e4b44058a7e7b2c816d2d2d32a70be9/execute/async - {"script":"<script> [1562 bytes]","args":[{"selector":{"controlType":"sap.m.Input","viewName":"etm.portal.ui.isctemplates.view.New","viewId":"application-isctemplates-display-component---addDetailSafetyAndCompliance","bindingPath":{"path":"/0","propertyPath":"INPUT_ITEM","modelName":"sparePartsModel"},"interaction":{"idSuffix":"inner"}},"wdio_ui5_key":"etmportal.ui.isctemplates.view.Newsap.m.Input{\"path\":\"/0\",\"propertyPath\":\"INPUT_ITEM\",\"modelName\":\"sparePartsModel\"}"}]}
RESULT: {"script":"<script> [1562 bytes]","args":[{"selector":{"controlType":"sap.m.Input","viewName":"etm.portal.ui.isctemplates.view.New","viewId":"application-isctemplates-display-component---addDetailSafetyAndCompliance","bindingPath":{"path":"/0","propertyPath":"INPUT_ITEM","modelName":"sparePartsModel"},"interaction":{"idSuffix":"inner"}},"wdio_ui5_key":"etmportal.ui.isctemplates.view.Newsap.m.Input{\"path\":\"/0\",\"propertyPath\":\"INPUT_ITEM\",\"modelName\":\"sparePartsModel\"}"}]}
RESULT: undefined
COMMAND: POST /session/7e4b44058a7e7b2c816d2d2d32a70be9/execute/async - {"script":"<script> [776 bytes]","args":[{"enterText":"10","selector":{"controlType":"sap.m.Input","viewName":"etm.portal.ui.isctemplates.view.New","viewId":"application-isctemplates-display-component---addDetailSafetyAndCompliance","bindingPath":{"path":"/0","propertyPath":"INPUT_ITEM","modelName":"sparePartsModel"},"interaction":{"idSuffix":"inner"}},"clearTextFirst":true,"interactionType":"ENTER_TEXT"}]}
RESULT: {"script":"<script> [776 bytes]","args":[{"enterText":"10","selector":{"controlType":"sap.m.Input","viewName":"etm.portal.ui.isctemplates.view.New","viewId":"application-isctemplates-display-component---addDetailSafetyAndCompliance","bindingPath":{"path":"/0","propertyPath":"INPUT_ITEM","modelName":"sparePartsModel"},"interaction":{"idSuffix":"inner"}},"clearTextFirst":true,"interactionType":"ENTER_TEXT"}]}
COMMAND: POST /session/7e4b44058a7e7b2c816d2d2d32a70be9/execute/async - {"script":"<script> [1562 bytes]","args":[{"selector":{"controlType":"sap.m.Input","viewName":"etm.portal.ui.isctemplates.view.New","viewId":"application-isctemplates-display-component---addDetailSafetyAndCompliance","bindingPath":{"path":"/0","propertyPath":"DESCRIPTION","modelName":"sparePartsModel"},"interaction":{"idSuffix":"inner"}},"wdio_ui5_key":"etmportal.ui.isctemplates.view.Newsap.m.Input{\"path\":\"/0\",\"propertyPath\":\"DESCRIPTION\",\"modelName\":\"sparePartsModel\"}"}]}
RESULT: {"script":"<script> [1562 bytes]","args":[{"selector":{"controlType":"sap.m.Input","viewName":"etm.portal.ui.isctemplates.view.New","viewId":"application-isctemplates-display-component---addDetailSafetyAndCompliance","bindingPath":{"path":"/0","propertyPath":"DESCRIPTION","modelName":"sparePartsModel"},"interaction":{"idSuffix":"inner"}},"wdio_ui5_key":"etmportal.ui.isctemplates.view.Newsap.m.Input{\"path\":\"/0\",\"propertyPath\":\"DESCRIPTION\",\"modelName\":\"sparePartsModel\"}"}]}
RESULT: undefined
COMMAND: POST /session/7e4b44058a7e7b2c816d2d2d32a70be9/execute/async - {"script":"<script> [776 bytes]","args":[{"enterText":"Spare part wdIO","selector":{"controlType":"sap.m.Input","viewName":"etm.portal.ui.isctemplates.view.New","viewId":"application-isctemplates-display-component---addDetailSafetyAndCompliance","bindingPath":{"path":"/0","propertyPath":"DESCRIPTION","modelName":"sparePartsModel"},"interaction":{"idSuffix":"inner"}},"clearTextFirst":true,"interactionType":"ENTER_TEXT"}]}
RESULT: {"script":"<script> [776 bytes]","args":[{"enterText":"Spare part wdIO","selector":{"controlType":"sap.m.Input","viewName":"etm.portal.ui.isctemplates.view.New","viewId":"application-isctemplates-display-component---addDetailSafetyAndCompliance","bindingPath":{"path":"/0","propertyPath":"DESCRIPTION","modelName":"sparePartsModel"},"interaction":{"idSuffix":"inner"}},"clearTextFirst":true,"interactionType":"ENTER_TEXT"}]}
COMMAND: POST /session/7e4b44058a7e7b2c816d2d2d32a70be9/actions - {"actions":[{"id":"action15","type":"key","parameters":{},"actions":[{"type":"keyDown","value":""},{"type":"pause","duration":10},{"type":"keyUp","value":""}]}]}
RESULT: {"actions":[{"id":"action15","type":"key","parameters":{},"actions":[{"type":"keyDown","value":""},{"type":"pause","duration":10},{"type":"keyUp","value":""}]}]}
COMMAND: GET /session/7e4b44058a7e7b2c816d2d2d32a70be9/screenshot - {}
RESULT: {}
COMMAND: POST /session/7e4b44058a7e7b2c816d2d2d32a70be9/actions - {"actions":[{"id":"action16","type":"key","parameters":{},"actions":[{"type":"keyDown","value":""},{"type":"pause","duration":10},{"type":"keyUp","value":""}]}]}
RESULT: {"actions":[{"id":"action16","type":"key","parameters":{},"actions":[{"type":"keyDown","value":""},{"type":"pause","duration":10},{"type":"keyUp","value":""}]}]}
COMMAND: GET /session/7e4b44058a7e7b2c816d2d2d32a70be9/screenshot - {}
RESULT: {}
COMMAND: POST /session/7e4b44058a7e7b2c816d2d2d32a70be9/element - {"using":"xpath","value":"(//input[contains(@type ,\"search\")][contains(@aria-label ,\"Search\")])[1]"}
RESULT: {"using":"xpath","value":"(//input[contains(@type ,\"search\")][contains(@aria-label ,\"Search\")])[1]"}
COMMAND: POST /session/7e4b44058a7e7b2c816d2d2d32a70be9/element/f.7E6F204F20BF9C5CF27A0713B1580845.d.DD6053FB74356F301E17E3BE8560C36F.e.1815/clear - {}
RESULT: {}
COMMAND: POST /session/7e4b44058a7e7b2c816d2d2d32a70be9/element/f.7E6F204F20BF9C5CF27A0713B1580845.d.DD6053FB74356F301E17E3BE8560C36F.e.1815/value - {"text":"200013"}
COMMAND: GET /session/7e4b44058a7e7b2c816d2d2d32a70be9/screenshot - {}
RESULT: {"text":"200013"}
COMMAND: GET /session/7e4b44058a7e7b2c816d2d2d32a70be9/screenshot - {}
RESULT: {}
RESULT: {}
COMMAND: POST /session/7e4b44058a7e7b2c816d2d2d32a70be9/actions - {"actions":[{"id":"action17","type":"key","parameters":{},"actions":[{"type":"keyDown","value":""},{"type":"pause","duration":10},{"type":"keyUp","value":""}]}]}
RESULT: {"actions":[{"id":"action17","type":"key","parameters":{},"actions":[{"type":"keyDown","value":""},{"type":"pause","duration":10},{"type":"keyUp","value":""}]}]}
COMMAND: GET /session/7e4b44058a7e7b2c816d2d2d32a70be9/screenshot - {}
RESULT: {}
COMMAND: POST /session/7e4b44058a7e7b2c816d2d2d32a70be9/element - {"using":"xpath","value":"(//span[contains(text(), \"Material\")])[1]"}
RESULT: {"using":"xpath","value":"(//span[contains(text(), \"Material\")])[1]"}
COMMAND: POST /session/7e4b44058a7e7b2c816d2d2d32a70be9/element/f.7E6F204F20BF9C5CF27A0713B1580845.d.DD6053FB74356F301E17E3BE8560C36F.e.1839/click - {}
RESULT: {}
COMMAND: GET /session/7e4b44058a7e7b2c816d2d2d32a70be9/screenshot - {}
RESULT: {}
COMMAND: POST /session/7e4b44058a7e7b2c816d2d2d32a70be9/execute/async - {"script":"<script> [1562 bytes]","args":[{"selector":{"controlType":"sap.m.Input","viewName":"etm.portal.ui.isctemplates.view.New","viewId":"application-isctemplates-display-component---addDetailSafetyAndCompliance","bindingPath":{"path":"/0","propertyPath":"INPUT_PLANNED_QUANTITY","modelName":"sparePartsModel"},"interaction":{"idSuffix":"inner"}},"wdio_ui5_key":"etmportal.ui.isctemplates.view.Newsap.m.Input{\"path\":\"/0\",\"propertyPath\":\"INPUT_PLANNED_QUANTITY\",\"modelName\":\"sparePartsModel\"}"}]}
RESULT: {"script":"<script> [1562 bytes]","args":[{"selector":{"controlType":"sap.m.Input","viewName":"etm.portal.ui.isctemplates.view.New","viewId":"application-isctemplates-display-component---addDetailSafetyAndCompliance","bindingPath":{"path":"/0","propertyPath":"INPUT_PLANNED_QUANTITY","modelName":"sparePartsModel"},"interaction":{"idSuffix":"inner"}},"wdio_ui5_key":"etmportal.ui.isctemplates.view.Newsap.m.Input{\"path\":\"/0\",\"propertyPath\":\"INPUT_PLANNED_QUANTITY\",\"modelName\":\"sparePartsModel\"}"}]}
RESULT: undefined
COMMAND: POST /session/7e4b44058a7e7b2c816d2d2d32a70be9/execute/async - {"script":"<script> [776 bytes]","args":[{"enterText":"2","selector":{"controlType":"sap.m.Input","viewName":"etm.portal.ui.isctemplates.view.New","viewId":"application-isctemplates-display-component---addDetailSafetyAndCompliance","bindingPath":{"path":"/0","propertyPath":"INPUT_PLANNED_QUANTITY","modelName":"sparePartsModel"},"interaction":{"idSuffix":"inner"}},"clearTextFirst":true,"interactionType":"ENTER_TEXT"}]}
RESULT: {"script":"<script> [776 bytes]","args":[{"enterText":"2","selector":{"controlType":"sap.m.Input","viewName":"etm.portal.ui.isctemplates.view.New","viewId":"application-isctemplates-display-component---addDetailSafetyAndCompliance","bindingPath":{"path":"/0","propertyPath":"INPUT_PLANNED_QUANTITY","modelName":"sparePartsModel"},"interaction":{"idSuffix":"inner"}},"clearTextFirst":true,"interactionType":"ENTER_TEXT"}]}
COMMAND: POST /session/7e4b44058a7e7b2c816d2d2d32a70be9/execute/async - {"script":"<script> [1562 bytes]","args":[{"selector":{"controlType":"netm.SmartInput","viewName":"etm.portal.ui.isctemplates.view.New","viewId":"application-isctemplates-display-component---addDetailSafetyAndCompliance","bindingPath":{"path":"/0","propertyPath":"ITEM_TYPE_GROUP","modelName":"sparePartsModel"},"interaction":{"idSuffix":"inner"}},"wdio_ui5_key":"etmportal.ui.isctemplates.view.Newnetm.SmartInput{\"path\":\"/0\",\"propertyPath\":\"ITEM_TYPE_GROUP\",\"modelName\":\"sparePartsModel\"}"}]}
RESULT: {"script":"<script> [1562 bytes]","args":[{"selector":{"controlType":"netm.SmartInput","viewName":"etm.portal.ui.isctemplates.view.New","viewId":"application-isctemplates-display-component---addDetailSafetyAndCompliance","bindingPath":{"path":"/0","propertyPath":"ITEM_TYPE_GROUP","modelName":"sparePartsModel"},"interaction":{"idSuffix":"inner"}},"wdio_ui5_key":"etmportal.ui.isctemplates.view.Newnetm.SmartInput{\"path\":\"/0\",\"propertyPath\":\"ITEM_TYPE_GROUP\",\"modelName\":\"sparePartsModel\"}"}]}
RESULT: undefined
COMMAND: POST /session/7e4b44058a7e7b2c816d2d2d32a70be9/execute/async - {"script":"<script> [776 bytes]","args":[{"enterText":"Manual fee","selector":{"controlType":"netm.SmartInput","viewName":"etm.portal.ui.isctemplates.view.New","viewId":"application-isctemplates-display-component---addDetailSafetyAndCompliance","bindingPath":{"path":"/0","propertyPath":"ITEM_TYPE_GROUP","modelName":"sparePartsModel"},"interaction":{"idSuffix":"inner"}},"clearTextFirst":true,"interactionType":"ENTER_TEXT"}]}
RESULT: {"script":"<script> [776 bytes]","args":[{"enterText":"Manual fee","selector":{"controlType":"netm.SmartInput","viewName":"etm.portal.ui.isctemplates.view.New","viewId":"application-isctemplates-display-component---addDetailSafetyAndCompliance","bindingPath":{"path":"/0","propertyPath":"ITEM_TYPE_GROUP","modelName":"sparePartsModel"},"interaction":{"idSuffix":"inner"}},"clearTextFirst":true,"interactionType":"ENTER_TEXT"}]}
COMMAND: POST /session/7e4b44058a7e7b2c816d2d2d32a70be9/actions - {"actions":[{"id":"action18","type":"key","parameters":{},"actions":[{"type":"keyDown","value":""},{"type":"pause","duration":10},{"type":"keyUp","value":""}]}]}
RESULT: {"actions":[{"id":"action18","type":"key","parameters":{},"actions":[{"type":"keyDown","value":""},{"type":"pause","duration":10},{"type":"keyUp","value":""}]}]}
COMMAND: GET /session/7e4b44058a7e7b2c816d2d2d32a70be9/screenshot - {}
RESULT: {}
COMMAND: POST /session/7e4b44058a7e7b2c816d2d2d32a70be9/execute/async - {"script":"<script> [1562 bytes]","args":[{"selector":{"id":"application-isctemplates-display-component---addDetailSafetyAndCompliance--saveBtn","interaction":{"idSuffix":"BDI-content"}},"wdio_ui5_key":"applicationisctemplates-display-component---addDetailSafetyAndCompliance--saveBtn"}]}
RESULT: {"script":"<script> [1562 bytes]","args":[{"selector":{"id":"application-isctemplates-display-component---addDetailSafetyAndCompliance--saveBtn","interaction":{"idSuffix":"BDI-content"}},"wdio_ui5_key":"applicationisctemplates-display-component---addDetailSafetyAndCompliance--saveBtn"}]}
RESULT: undefined
COMMAND: POST /session/7e4b44058a7e7b2c816d2d2d32a70be9/element - {"using":"xpath","value":"//*[@id=\"application-isctemplates-display-component---addDetailSafetyAndCompliance--saveBtn\"]"}
RESULT: {"using":"xpath","value":"//*[@id=\"application-isctemplates-display-component---addDetailSafetyAndCompliance--saveBtn\"]"}
COMMAND: POST /session/7e4b44058a7e7b2c816d2d2d32a70be9/element/f.7E6F204F20BF9C5CF27A0713B1580845.d.DD6053FB74356F301E17E3BE8560C36F.e.1619/click - {}
RESULT: {}
COMMAND: GET /session/7e4b44058a7e7b2c816d2d2d32a70be9/screenshot - {}
RESULT: {}
COMMAND: POST /session/7e4b44058a7e7b2c816d2d2d32a70be9/element - {"using":"xpath","value":"//div[contains(@id, \"expand-wrapper\")]/span"}
RESULT: {"using":"xpath","value":"//div[contains(@id, \"expand-wrapper\")]/span"}
COMMAND: GET /session/7e4b44058a7e7b2c816d2d2d32a70be9/element/f.7E6F204F20BF9C5CF27A0713B1580845.d.DD6053FB74356F301E17E3BE8560C36F.e.1862/text - {}
RESULT: {}
COMMAND: DELETE /session/7e4b44058a7e7b2c816d2d2d32a70be9 - {}
RESULT: {}
]]></system-out>
    </testcase>
  </testsuite>
</testsuites>