<?xml version="1.0" encoding="UTF-8"?>
<testsuites tests="9" failures="0" errors="0" skipped="0">
  <testsuite timestamp="2025-05-20T17:58:49" time="1090.636" tests="9" failures="0" errors="0" skipped="0">
    <properties>
      <property name="specId" value="0" />
      <property name="suiteName" value="Tests for Mass State Change on Manage States &amp; Performances US104416 US" />
      <property name="capabilities" value="chrome.136_0_7103_93.windows" />
      <property name="file" value="file:///D:/a/1/s/test/specs/HTR/create-mass-state-change.spec.js" />
    </properties>
    <testcase classname="chrome.136_0_7103_93.windows.Tests_for_Mass_State_Change_on_Manage_States_&amp;_Performances_US104416_US" name="Prereq Should create a new yard used for all following tests" time="146.749">
      <system-out><![CDATA[
COMMAND: POST /session/2244ff7962b0b6fa4a7d495ddc40b06b/window/fullscreen - {}
RESULT: {}
COMMAND: POST /session/2244ff7962b0b6fa4a7d495ddc40b06b/execute/async - {"script":"<script> [1562 bytes]","args":[{"selector":{"controlType":"sap.m.GenericTile","properties":{"header":"Manage Yards"}},"wdio_ui5_key":"sapm.GenericTile{\"header\":\"Manage Yards\"}"}]}
RESULT: {"script":"<script> [1562 bytes]","args":[{"selector":{"controlType":"sap.m.GenericTile","properties":{"header":"Manage Yards"}},"wdio_ui5_key":"sapm.GenericTile{\"header\":\"Manage Yards\"}"}]}
RESULT: undefined
COMMAND: POST /session/2244ff7962b0b6fa4a7d495ddc40b06b/element - {"using":"xpath","value":"//*[@id=\"__tile41\"]"}
RESULT: {"using":"xpath","value":"//*[@id=\"__tile41\"]"}
COMMAND: POST /session/2244ff7962b0b6fa4a7d495ddc40b06b/element/f.FC05DF9C3021EB39F8DA3FE791B32878.d.F6F902D0C27C2D394131B7521386D3EB.e.150/click - {}
RESULT: {}
COMMAND: GET /session/2244ff7962b0b6fa4a7d495ddc40b06b/screenshot - {}
RESULT: {}
COMMAND: POST /session/2244ff7962b0b6fa4a7d495ddc40b06b/elements - {"using":"xpath","value":"//span[text()='Error']"}
RESULT: {"using":"xpath","value":"//span[text()='Error']"}
COMMAND: POST /session/2244ff7962b0b6fa4a7d495ddc40b06b/element - {"using":"xpath","value":"//button[@data-kt=\"addNewYardOverflowToolbarButton\"]"}
RESULT: {"using":"xpath","value":"//button[@data-kt=\"addNewYardOverflowToolbarButton\"]"}
COMMAND: POST /session/2244ff7962b0b6fa4a7d495ddc40b06b/elements - {"using":"xpath","value":"//button[@data-kt=\"addNewYardOverflowToolbarButton\"]"}
RESULT: {"using":"xpath","value":"//button[@data-kt=\"addNewYardOverflowToolbarButton\"]"}
COMMAND: POST /session/2244ff7962b0b6fa4a7d495ddc40b06b/elements - {"using":"xpath","value":"//button[@data-kt=\"addNewYardOverflowToolbarButton\"]"}
RESULT: {"using":"xpath","value":"//button[@data-kt=\"addNewYardOverflowToolbarButton\"]"}
COMMAND: POST /session/2244ff7962b0b6fa4a7d495ddc40b06b/elements - {"using":"xpath","value":"//button[@data-kt=\"addNewYardOverflowToolbarButton\"]"}
RESULT: {"using":"xpath","value":"//button[@data-kt=\"addNewYardOverflowToolbarButton\"]"}
COMMAND: POST /session/2244ff7962b0b6fa4a7d495ddc40b06b/elements - {"using":"xpath","value":"//button[@data-kt=\"addNewYardOverflowToolbarButton\"]"}
RESULT: {"using":"xpath","value":"//button[@data-kt=\"addNewYardOverflowToolbarButton\"]"}
COMMAND: POST /session/2244ff7962b0b6fa4a7d495ddc40b06b/elements - {"using":"xpath","value":"//button[@data-kt=\"addNewYardOverflowToolbarButton\"]"}
RESULT: {"using":"xpath","value":"//button[@data-kt=\"addNewYardOverflowToolbarButton\"]"}
COMMAND: POST /session/2244ff7962b0b6fa4a7d495ddc40b06b/elements - {"using":"xpath","value":"//button[@data-kt=\"addNewYardOverflowToolbarButton\"]"}
RESULT: {"using":"xpath","value":"//button[@data-kt=\"addNewYardOverflowToolbarButton\"]"}
COMMAND: POST /session/2244ff7962b0b6fa4a7d495ddc40b06b/elements - {"using":"xpath","value":"//button[@data-kt=\"addNewYardOverflowToolbarButton\"]"}
RESULT: {"using":"xpath","value":"//button[@data-kt=\"addNewYardOverflowToolbarButton\"]"}
COMMAND: POST /session/2244ff7962b0b6fa4a7d495ddc40b06b/elements - {"using":"xpath","value":"//button[@data-kt=\"addNewYardOverflowToolbarButton\"]"}
RESULT: {"using":"xpath","value":"//button[@data-kt=\"addNewYardOverflowToolbarButton\"]"}
COMMAND: POST /session/2244ff7962b0b6fa4a7d495ddc40b06b/elements - {"using":"xpath","value":"//button[@data-kt=\"addNewYardOverflowToolbarButton\"]"}
RESULT: {"using":"xpath","value":"//button[@data-kt=\"addNewYardOverflowToolbarButton\"]"}
COMMAND: POST /session/2244ff7962b0b6fa4a7d495ddc40b06b/elements - {"using":"xpath","value":"//button[@data-kt=\"addNewYardOverflowToolbarButton\"]"}
RESULT: {"using":"xpath","value":"//button[@data-kt=\"addNewYardOverflowToolbarButton\"]"}
COMMAND: POST /session/2244ff7962b0b6fa4a7d495ddc40b06b/elements - {"using":"xpath","value":"//button[@data-kt=\"addNewYardOverflowToolbarButton\"]"}
RESULT: {"using":"xpath","value":"//button[@data-kt=\"addNewYardOverflowToolbarButton\"]"}
COMMAND: POST /session/2244ff7962b0b6fa4a7d495ddc40b06b/elements - {"using":"xpath","value":"//button[@data-kt=\"addNewYardOverflowToolbarButton\"]"}
RESULT: {"using":"xpath","value":"//button[@data-kt=\"addNewYardOverflowToolbarButton\"]"}
COMMAND: POST /session/2244ff7962b0b6fa4a7d495ddc40b06b/elements - {"using":"xpath","value":"//button[@data-kt=\"addNewYardOverflowToolbarButton\"]"}
RESULT: {"using":"xpath","value":"//button[@data-kt=\"addNewYardOverflowToolbarButton\"]"}
COMMAND: POST /session/2244ff7962b0b6fa4a7d495ddc40b06b/elements - {"using":"xpath","value":"//button[@data-kt=\"addNewYardOverflowToolbarButton\"]"}
RESULT: {"using":"xpath","value":"//button[@data-kt=\"addNewYardOverflowToolbarButton\"]"}
COMMAND: POST /session/2244ff7962b0b6fa4a7d495ddc40b06b/elements - {"using":"xpath","value":"//button[@data-kt=\"addNewYardOverflowToolbarButton\"]"}
RESULT: {"using":"xpath","value":"//button[@data-kt=\"addNewYardOverflowToolbarButton\"]"}
COMMAND: POST /session/2244ff7962b0b6fa4a7d495ddc40b06b/elements - {"using":"xpath","value":"//button[@data-kt=\"addNewYardOverflowToolbarButton\"]"}
RESULT: {"using":"xpath","value":"//button[@data-kt=\"addNewYardOverflowToolbarButton\"]"}
COMMAND: POST /session/2244ff7962b0b6fa4a7d495ddc40b06b/elements - {"using":"xpath","value":"//button[@data-kt=\"addNewYardOverflowToolbarButton\"]"}
RESULT: {"using":"xpath","value":"//button[@data-kt=\"addNewYardOverflowToolbarButton\"]"}
COMMAND: POST /session/2244ff7962b0b6fa4a7d495ddc40b06b/elements - {"using":"xpath","value":"//button[@data-kt=\"addNewYardOverflowToolbarButton\"]"}
RESULT: {"using":"xpath","value":"//button[@data-kt=\"addNewYardOverflowToolbarButton\"]"}
COMMAND: POST /session/2244ff7962b0b6fa4a7d495ddc40b06b/elements - {"using":"xpath","value":"//button[@data-kt=\"addNewYardOverflowToolbarButton\"]"}
RESULT: {"using":"xpath","value":"//button[@data-kt=\"addNewYardOverflowToolbarButton\"]"}
COMMAND: POST /session/2244ff7962b0b6fa4a7d495ddc40b06b/elements - {"using":"xpath","value":"//button[@data-kt=\"addNewYardOverflowToolbarButton\"]"}
RESULT: {"using":"xpath","value":"//button[@data-kt=\"addNewYardOverflowToolbarButton\"]"}
COMMAND: POST /session/2244ff7962b0b6fa4a7d495ddc40b06b/elements - {"using":"xpath","value":"//button[@data-kt=\"addNewYardOverflowToolbarButton\"]"}
RESULT: {"using":"xpath","value":"//button[@data-kt=\"addNewYardOverflowToolbarButton\"]"}
COMMAND: POST /session/2244ff7962b0b6fa4a7d495ddc40b06b/elements - {"using":"xpath","value":"//button[@data-kt=\"addNewYardOverflowToolbarButton\"]"}
RESULT: {"using":"xpath","value":"//button[@data-kt=\"addNewYardOverflowToolbarButton\"]"}
COMMAND: POST /session/2244ff7962b0b6fa4a7d495ddc40b06b/element - {"using":"xpath","value":"//button[@data-kt=\"addNewYardOverflowToolbarButton\"]"}
RESULT: {"using":"xpath","value":"//button[@data-kt=\"addNewYardOverflowToolbarButton\"]"}
COMMAND: POST /session/2244ff7962b0b6fa4a7d495ddc40b06b/execute/sync - {"script":"<script> [8489 bytes]","args":[{"element-6066-11e4-a52e-4f735466cecf":"f.FC05DF9C3021EB39F8DA3FE791B32878.d.F6F902D0C27C2D394131B7521386D3EB.e.287","ELEMENT":"f.FC05DF9C3021EB39F8DA3FE791B32878.d.F6F902D0C27C2D394131B7521386D3EB.e.287"}]}
RESULT: {"script":"<script> [8489 bytes]","args":[{"element-6066-11e4-a52e-4f735466cecf":"f.FC05DF9C3021EB39F8DA3FE791B32878.d.F6F902D0C27C2D394131B7521386D3EB.e.287","ELEMENT":"f.FC05DF9C3021EB39F8DA3FE791B32878.d.F6F902D0C27C2D394131B7521386D3EB.e.287"}]}
COMMAND: GET /session/2244ff7962b0b6fa4a7d495ddc40b06b/element/f.FC05DF9C3021EB39F8DA3FE791B32878.d.F6F902D0C27C2D394131B7521386D3EB.e.287/enabled - {}
COMMAND: GET /session/2244ff7962b0b6fa4a7d495ddc40b06b/screenshot - {}
RESULT: {}
COMMAND: POST /session/2244ff7962b0b6fa4a7d495ddc40b06b/execute/sync - {"script":"<script> [8489 bytes]","args":[{"element-6066-11e4-a52e-4f735466cecf":"f.FC05DF9C3021EB39F8DA3FE791B32878.d.F6F902D0C27C2D394131B7521386D3EB.e.287","ELEMENT":"f.FC05DF9C3021EB39F8DA3FE791B32878.d.F6F902D0C27C2D394131B7521386D3EB.e.287"}]}
COMMAND: GET /session/2244ff7962b0b6fa4a7d495ddc40b06b/screenshot - {}
RESULT: {}
RESULT: {"script":"<script> [8489 bytes]","args":[{"element-6066-11e4-a52e-4f735466cecf":"f.FC05DF9C3021EB39F8DA3FE791B32878.d.F6F902D0C27C2D394131B7521386D3EB.e.287","ELEMENT":"f.FC05DF9C3021EB39F8DA3FE791B32878.d.F6F902D0C27C2D394131B7521386D3EB.e.287"}]}
COMMAND: POST /session/2244ff7962b0b6fa4a7d495ddc40b06b/execute/sync - {"script":"<script> [5351 bytes]","args":[{"element-6066-11e4-a52e-4f735466cecf":"f.FC05DF9C3021EB39F8DA3FE791B32878.d.F6F902D0C27C2D394131B7521386D3EB.e.287","ELEMENT":"f.FC05DF9C3021EB39F8DA3FE791B32878.d.F6F902D0C27C2D394131B7521386D3EB.e.287"}]}
COMMAND: GET /session/2244ff7962b0b6fa4a7d495ddc40b06b/screenshot - {}
RESULT: {}
RESULT: {"script":"<script> [5351 bytes]","args":[{"element-6066-11e4-a52e-4f735466cecf":"f.FC05DF9C3021EB39F8DA3FE791B32878.d.F6F902D0C27C2D394131B7521386D3EB.e.287","ELEMENT":"f.FC05DF9C3021EB39F8DA3FE791B32878.d.F6F902D0C27C2D394131B7521386D3EB.e.287"}]}
COMMAND: POST /session/2244ff7962b0b6fa4a7d495ddc40b06b/element/f.FC05DF9C3021EB39F8DA3FE791B32878.d.F6F902D0C27C2D394131B7521386D3EB.e.287/click - {}
COMMAND: GET /session/2244ff7962b0b6fa4a7d495ddc40b06b/screenshot - {}
RESULT: {}
RESULT: {}
COMMAND: GET /session/2244ff7962b0b6fa4a7d495ddc40b06b/screenshot - {}
COMMAND: POST /session/2244ff7962b0b6fa4a7d495ddc40b06b/element - {"using":"xpath","value":"//input[@id=\"application-manageyards-display-component---NewYard--yardId-inner\"]"}
RESULT: {}
RESULT: {}
RESULT: {"using":"xpath","value":"//input[@id=\"application-manageyards-display-component---NewYard--yardId-inner\"]"}
COMMAND: POST /session/2244ff7962b0b6fa4a7d495ddc40b06b/element - {"using":"xpath","value":"//input[@id=\"application-manageyards-display-component---NewYard--yardId-inner\"]"}
RESULT: {"using":"xpath","value":"//input[@id=\"application-manageyards-display-component---NewYard--yardId-inner\"]"}
COMMAND: POST /session/2244ff7962b0b6fa4a7d495ddc40b06b/execute/async - {"script":"<script> [1562 bytes]","args":[{"selector":{"id":"application-manageyards-display-component---NewYard--addressDetailDetailsName1","interaction":{"idSuffix":"inner"}},"wdio_ui5_key":"applicationmanageyards-display-component---NewYard--addressDetailDetailsName1"}]}
RESULT: {"script":"<script> [1562 bytes]","args":[{"selector":{"id":"application-manageyards-display-component---NewYard--addressDetailDetailsName1","interaction":{"idSuffix":"inner"}},"wdio_ui5_key":"applicationmanageyards-display-component---NewYard--addressDetailDetailsName1"}]}
RESULT: undefined
COMMAND: POST /session/2244ff7962b0b6fa4a7d495ddc40b06b/execute/async - {"script":"<script> [776 bytes]","args":[{"enterText":"Other Yard WDIO","selector":{"id":"application-manageyards-display-component---NewYard--addressDetailDetailsName1","interaction":{"idSuffix":"inner"}},"clearTextFirst":true,"interactionType":"ENTER_TEXT"}]}
RESULT: {"script":"<script> [776 bytes]","args":[{"enterText":"Other Yard WDIO","selector":{"id":"application-manageyards-display-component---NewYard--addressDetailDetailsName1","interaction":{"idSuffix":"inner"}},"clearTextFirst":true,"interactionType":"ENTER_TEXT"}]}
COMMAND: POST /session/2244ff7962b0b6fa4a7d495ddc40b06b/execute/async - {"script":"<script> [1562 bytes]","args":[{"selector":{"id":"application-manageyards-display-component---NewYard--addressDetailDetailsLanguage-arrow"},"wdio_ui5_key":"applicationmanageyards-display-component---NewYard--addressDetailDetailsLanguage-arrow"}]}
RESULT: {"script":"<script> [1562 bytes]","args":[{"selector":{"id":"application-manageyards-display-component---NewYard--addressDetailDetailsLanguage-arrow"},"wdio_ui5_key":"applicationmanageyards-display-component---NewYard--addressDetailDetailsLanguage-arrow"}]}
RESULT: undefined
COMMAND: POST /session/2244ff7962b0b6fa4a7d495ddc40b06b/element - {"using":"xpath","value":"//*[@id=\"application-manageyards-display-component---NewYard--addressDetailDetailsLanguage-arrow\"]"}
RESULT: {"using":"xpath","value":"//*[@id=\"application-manageyards-display-component---NewYard--addressDetailDetailsLanguage-arrow\"]"}
COMMAND: POST /session/2244ff7962b0b6fa4a7d495ddc40b06b/element/f.FC05DF9C3021EB39F8DA3FE791B32878.d.F6F902D0C27C2D394131B7521386D3EB.e.725/click - {}
RESULT: {}
COMMAND: POST /session/2244ff7962b0b6fa4a7d495ddc40b06b/element - {"using":"xpath","value":"//span[contains(text(), \"English\")]"}
COMMAND: GET /session/2244ff7962b0b6fa4a7d495ddc40b06b/screenshot - {}
RESULT: {"using":"xpath","value":"//span[contains(text(), \"English\")]"}
COMMAND: POST /session/2244ff7962b0b6fa4a7d495ddc40b06b/element/f.FC05DF9C3021EB39F8DA3FE791B32878.d.F6F902D0C27C2D394131B7521386D3EB.e.726/click - {}
RESULT: {}
RESULT: {}
COMMAND: POST /session/2244ff7962b0b6fa4a7d495ddc40b06b/execute/async - {"script":"<script> [1562 bytes]","args":[{"selector":{"id":"application-manageyards-display-component---NewYard--addressDetailDetailsCity1","interaction":{"idSuffix":"inner"}},"wdio_ui5_key":"applicationmanageyards-display-component---NewYard--addressDetailDetailsCity1"}]}
COMMAND: GET /session/2244ff7962b0b6fa4a7d495ddc40b06b/screenshot - {}
RESULT: {"script":"<script> [1562 bytes]","args":[{"selector":{"id":"application-manageyards-display-component---NewYard--addressDetailDetailsCity1","interaction":{"idSuffix":"inner"}},"wdio_ui5_key":"applicationmanageyards-display-component---NewYard--addressDetailDetailsCity1"}]}
RESULT: undefined
COMMAND: POST /session/2244ff7962b0b6fa4a7d495ddc40b06b/execute/async - {"script":"<script> [776 bytes]","args":[{"enterText":"Rosario","selector":{"id":"application-manageyards-display-component---NewYard--addressDetailDetailsCity1","interaction":{"idSuffix":"inner"}},"clearTextFirst":true,"interactionType":"ENTER_TEXT"}]}
RESULT: {}
RESULT: {"script":"<script> [776 bytes]","args":[{"enterText":"Rosario","selector":{"id":"application-manageyards-display-component---NewYard--addressDetailDetailsCity1","interaction":{"idSuffix":"inner"}},"clearTextFirst":true,"interactionType":"ENTER_TEXT"}]}
COMMAND: POST /session/2244ff7962b0b6fa4a7d495ddc40b06b/execute/async - {"script":"<script> [1562 bytes]","args":[{"selector":{"id":"application-manageyards-display-component---NewYard--addressDetailDetailsCountry-arrow"},"wdio_ui5_key":"applicationmanageyards-display-component---NewYard--addressDetailDetailsCountry-arrow"}]}
RESULT: {"script":"<script> [1562 bytes]","args":[{"selector":{"id":"application-manageyards-display-component---NewYard--addressDetailDetailsCountry-arrow"},"wdio_ui5_key":"applicationmanageyards-display-component---NewYard--addressDetailDetailsCountry-arrow"}]}
RESULT: undefined
COMMAND: POST /session/2244ff7962b0b6fa4a7d495ddc40b06b/element - {"using":"xpath","value":"//*[@id=\"application-manageyards-display-component---NewYard--addressDetailDetailsCountry-arrow\"]"}
RESULT: {"using":"xpath","value":"//*[@id=\"application-manageyards-display-component---NewYard--addressDetailDetailsCountry-arrow\"]"}
COMMAND: POST /session/2244ff7962b0b6fa4a7d495ddc40b06b/element/f.FC05DF9C3021EB39F8DA3FE791B32878.d.F6F902D0C27C2D394131B7521386D3EB.e.728/click - {}
RESULT: {}
COMMAND: POST /session/2244ff7962b0b6fa4a7d495ddc40b06b/element - {"using":"xpath","value":"//span[contains(text(), \"Argentina\")]"}
COMMAND: GET /session/2244ff7962b0b6fa4a7d495ddc40b06b/screenshot - {}
RESULT: {"using":"xpath","value":"//span[contains(text(), \"Argentina\")]"}
COMMAND: POST /session/2244ff7962b0b6fa4a7d495ddc40b06b/element/f.FC05DF9C3021EB39F8DA3FE791B32878.d.F6F902D0C27C2D394131B7521386D3EB.e.729/click - {}
RESULT: {}
RESULT: {}
COMMAND: POST /session/2244ff7962b0b6fa4a7d495ddc40b06b/execute/async - {"script":"<script> [1562 bytes]","args":[{"selector":{"id":"application-manageyards-display-component---NewYard--addressEditDetailsCostObjectCstType-arrow"},"wdio_ui5_key":"applicationmanageyards-display-component---NewYard--addressEditDetailsCostObjectCstType-arrow"}]}
COMMAND: GET /session/2244ff7962b0b6fa4a7d495ddc40b06b/screenshot - {}
RESULT: {"script":"<script> [1562 bytes]","args":[{"selector":{"id":"application-manageyards-display-component---NewYard--addressEditDetailsCostObjectCstType-arrow"},"wdio_ui5_key":"applicationmanageyards-display-component---NewYard--addressEditDetailsCostObjectCstType-arrow"}]}
RESULT: undefined
COMMAND: POST /session/2244ff7962b0b6fa4a7d495ddc40b06b/element - {"using":"xpath","value":"//*[@id=\"application-manageyards-display-component---NewYard--addressEditDetailsCostObjectCstType-arrow\"]"}
RESULT: {}
RESULT: {"using":"xpath","value":"//*[@id=\"application-manageyards-display-component---NewYard--addressEditDetailsCostObjectCstType-arrow\"]"}
COMMAND: POST /session/2244ff7962b0b6fa4a7d495ddc40b06b/element/f.FC05DF9C3021EB39F8DA3FE791B32878.d.F6F902D0C27C2D394131B7521386D3EB.e.731/click - {}
RESULT: {}
COMMAND: POST /session/2244ff7962b0b6fa4a7d495ddc40b06b/element - {"using":"xpath","value":"//span[contains(text(), \"Cost Center\")]"}
COMMAND: GET /session/2244ff7962b0b6fa4a7d495ddc40b06b/screenshot - {}
RESULT: {"using":"xpath","value":"//span[contains(text(), \"Cost Center\")]"}
COMMAND: POST /session/2244ff7962b0b6fa4a7d495ddc40b06b/element/f.FC05DF9C3021EB39F8DA3FE791B32878.d.F6F902D0C27C2D394131B7521386D3EB.e.732/click - {}
RESULT: {}
RESULT: {}
COMMAND: GET /session/2244ff7962b0b6fa4a7d495ddc40b06b/screenshot - {}
RESULT: {}
COMMAND: POST /session/2244ff7962b0b6fa4a7d495ddc40b06b/element - {"using":"xpath","value":"//span[@id=\"application-manageyards-display-component---NewYard--addressNewCostObjectCstID-vhi\"]"}
RESULT: {"using":"xpath","value":"//span[@id=\"application-manageyards-display-component---NewYard--addressNewCostObjectCstID-vhi\"]"}
COMMAND: POST /session/2244ff7962b0b6fa4a7d495ddc40b06b/execute/sync - {"script":"<script> [8489 bytes]","args":[{"element-6066-11e4-a52e-4f735466cecf":"f.FC05DF9C3021EB39F8DA3FE791B32878.d.F6F902D0C27C2D394131B7521386D3EB.e.736","ELEMENT":"f.FC05DF9C3021EB39F8DA3FE791B32878.d.F6F902D0C27C2D394131B7521386D3EB.e.736"}]}
RESULT: {"script":"<script> [8489 bytes]","args":[{"element-6066-11e4-a52e-4f735466cecf":"f.FC05DF9C3021EB39F8DA3FE791B32878.d.F6F902D0C27C2D394131B7521386D3EB.e.736","ELEMENT":"f.FC05DF9C3021EB39F8DA3FE791B32878.d.F6F902D0C27C2D394131B7521386D3EB.e.736"}]}
COMMAND: POST /session/2244ff7962b0b6fa4a7d495ddc40b06b/execute/async - {"script":"<script> [1562 bytes]","args":[{"selector":{"id":"application-manageyards-display-component---NewYard--addressNewCostObjectCstID-vhi"},"wdio_ui5_key":"applicationmanageyards-display-component---NewYard--addressNewCostObjectCstID-vhi"}]}
COMMAND: GET /session/2244ff7962b0b6fa4a7d495ddc40b06b/screenshot - {}
RESULT: {"script":"<script> [1562 bytes]","args":[{"selector":{"id":"application-manageyards-display-component---NewYard--addressNewCostObjectCstID-vhi"},"wdio_ui5_key":"applicationmanageyards-display-component---NewYard--addressNewCostObjectCstID-vhi"}]}
RESULT: undefined
COMMAND: POST /session/2244ff7962b0b6fa4a7d495ddc40b06b/element - {"using":"xpath","value":"//*[@id=\"application-manageyards-display-component---NewYard--addressNewCostObjectCstID-vhi\"]"}
RESULT: {}
RESULT: {"using":"xpath","value":"//*[@id=\"application-manageyards-display-component---NewYard--addressNewCostObjectCstID-vhi\"]"}
COMMAND: POST /session/2244ff7962b0b6fa4a7d495ddc40b06b/element/f.FC05DF9C3021EB39F8DA3FE791B32878.d.F6F902D0C27C2D394131B7521386D3EB.e.736/click - {}
RESULT: {}
COMMAND: GET /session/2244ff7962b0b6fa4a7d495ddc40b06b/screenshot - {}
RESULT: {}
COMMAND: POST /session/2244ff7962b0b6fa4a7d495ddc40b06b/execute/async - {"script":"<script> [1562 bytes]","args":[{"selector":{"controlType":"sap.m.SearchField","properties":{"placeholder":"Search"},"searchOpenDialogs":true,"interaction":{"idSuffix":"I"}},"wdio_ui5_key":"sapm.SearchField{\"placeholder\":\"Search\"}"}]}
RESULT: {"script":"<script> [1562 bytes]","args":[{"selector":{"controlType":"sap.m.SearchField","properties":{"placeholder":"Search"},"searchOpenDialogs":true,"interaction":{"idSuffix":"I"}},"wdio_ui5_key":"sapm.SearchField{\"placeholder\":\"Search\"}"}]}
RESULT: undefined
COMMAND: POST /session/2244ff7962b0b6fa4a7d495ddc40b06b/execute/async - {"script":"<script> [776 bytes]","args":[{"enterText":"bauh_b","selector":{"controlType":"sap.m.SearchField","properties":{"placeholder":"Search"},"searchOpenDialogs":true,"interaction":{"idSuffix":"I"}},"clearTextFirst":true,"interactionType":"ENTER_TEXT"}]}
RESULT: {"script":"<script> [776 bytes]","args":[{"enterText":"bauh_b","selector":{"controlType":"sap.m.SearchField","properties":{"placeholder":"Search"},"searchOpenDialogs":true,"interaction":{"idSuffix":"I"}},"clearTextFirst":true,"interactionType":"ENTER_TEXT"}]}
COMMAND: POST /session/2244ff7962b0b6fa4a7d495ddc40b06b/actions - {"actions":[{"id":"action1","type":"key","parameters":{},"actions":[{"type":"keyDown","value":"î€‡"},{"type":"pause","duration":10},{"type":"keyUp","value":"î€‡"}]}]}
RESULT: {"actions":[{"id":"action1","type":"key","parameters":{},"actions":[{"type":"keyDown","value":"î€‡"},{"type":"pause","duration":10},{"type":"keyUp","value":"î€‡"}]}]}
COMMAND: GET /session/2244ff7962b0b6fa4a7d495ddc40b06b/screenshot - {}
RESULT: {}
COMMAND: POST /session/2244ff7962b0b6fa4a7d495ddc40b06b/element - {"using":"xpath","value":"//span[contains(text(), \"Demo Yard\")]"}
RESULT: {"using":"xpath","value":"//span[contains(text(), \"Demo Yard\")]"}
COMMAND: POST /session/2244ff7962b0b6fa4a7d495ddc40b06b/element/f.FC05DF9C3021EB39F8DA3FE791B32878.d.F6F902D0C27C2D394131B7521386D3EB.e.778/click - {}
RESULT: {}
COMMAND: GET /session/2244ff7962b0b6fa4a7d495ddc40b06b/screenshot - {}
RESULT: {}
COMMAND: POST /session/2244ff7962b0b6fa4a7d495ddc40b06b/element - {"using":"xpath","value":"//bdi[contains(text(), \"OK\")]"}
RESULT: {"using":"xpath","value":"//bdi[contains(text(), \"OK\")]"}
COMMAND: POST /session/2244ff7962b0b6fa4a7d495ddc40b06b/element/f.FC05DF9C3021EB39F8DA3FE791B32878.d.F6F902D0C27C2D394131B7521386D3EB.e.779/click - {}
RESULT: {}
COMMAND: GET /session/2244ff7962b0b6fa4a7d495ddc40b06b/screenshot - {}
RESULT: {}
COMMAND: POST /session/2244ff7962b0b6fa4a7d495ddc40b06b/execute/async - {"script":"<script> [1562 bytes]","args":[{"selector":{"id":"application-manageyards-display-component---NewYard--addressEditDetailsCurrency-arrow"},"wdio_ui5_key":"applicationmanageyards-display-component---NewYard--addressEditDetailsCurrency-arrow"}]}
RESULT: {"script":"<script> [1562 bytes]","args":[{"selector":{"id":"application-manageyards-display-component---NewYard--addressEditDetailsCurrency-arrow"},"wdio_ui5_key":"applicationmanageyards-display-component---NewYard--addressEditDetailsCurrency-arrow"}]}
RESULT: undefined
COMMAND: POST /session/2244ff7962b0b6fa4a7d495ddc40b06b/element - {"using":"xpath","value":"//*[@id=\"application-manageyards-display-component---NewYard--addressEditDetailsCurrency-arrow\"]"}
RESULT: {"using":"xpath","value":"//*[@id=\"application-manageyards-display-component---NewYard--addressEditDetailsCurrency-arrow\"]"}
COMMAND: POST /session/2244ff7962b0b6fa4a7d495ddc40b06b/element/f.FC05DF9C3021EB39F8DA3FE791B32878.d.F6F902D0C27C2D394131B7521386D3EB.e.782/click - {}
RESULT: {}
COMMAND: POST /session/2244ff7962b0b6fa4a7d495ddc40b06b/element - {"using":"xpath","value":"//span[contains(text(), \"Euro\")]"}
COMMAND: GET /session/2244ff7962b0b6fa4a7d495ddc40b06b/screenshot - {}
RESULT: {"using":"xpath","value":"//span[contains(text(), \"Euro\")]"}
COMMAND: POST /session/2244ff7962b0b6fa4a7d495ddc40b06b/element/f.FC05DF9C3021EB39F8DA3FE791B32878.d.F6F902D0C27C2D394131B7521386D3EB.e.783/click - {}
RESULT: {}
RESULT: {}
COMMAND: POST /session/2244ff7962b0b6fa4a7d495ddc40b06b/execute/async - {"script":"<script> [1562 bytes]","args":[{"selector":{"controlType":"sap.m.Input","viewName":"etm.portal.ui.manageyards.view.New","viewId":"application-manageyards-display-component---NewYard","bindingPath":{"path":"","propertyPath":"/CONTROLLING_AREA","modelName":"NewYardModel"},"interaction":{"idSuffix":"inner"}},"wdio_ui5_key":"etmportal.ui.manageyards.view.Newsap.m.Input{\"path\":\"\",\"propertyPath\":\"/CONTROLLING_AREA\",\"modelName\":\"NewYardModel\"}"}]}
COMMAND: GET /session/2244ff7962b0b6fa4a7d495ddc40b06b/screenshot - {}
RESULT: {"script":"<script> [1562 bytes]","args":[{"selector":{"controlType":"sap.m.Input","viewName":"etm.portal.ui.manageyards.view.New","viewId":"application-manageyards-display-component---NewYard","bindingPath":{"path":"","propertyPath":"/CONTROLLING_AREA","modelName":"NewYardModel"},"interaction":{"idSuffix":"inner"}},"wdio_ui5_key":"etmportal.ui.manageyards.view.Newsap.m.Input{\"path\":\"\",\"propertyPath\":\"/CONTROLLING_AREA\",\"modelName\":\"NewYardModel\"}"}]}
RESULT: undefined
COMMAND: POST /session/2244ff7962b0b6fa4a7d495ddc40b06b/execute/async - {"script":"<script> [776 bytes]","args":[{"enterText":"Z001","selector":{"controlType":"sap.m.Input","viewName":"etm.portal.ui.manageyards.view.New","viewId":"application-manageyards-display-component---NewYard","bindingPath":{"path":"","propertyPath":"/CONTROLLING_AREA","modelName":"NewYardModel"},"interaction":{"idSuffix":"inner"}},"clearTextFirst":true,"interactionType":"ENTER_TEXT"}]}
RESULT: {}
RESULT: {"script":"<script> [776 bytes]","args":[{"enterText":"Z001","selector":{"controlType":"sap.m.Input","viewName":"etm.portal.ui.manageyards.view.New","viewId":"application-manageyards-display-component---NewYard","bindingPath":{"path":"","propertyPath":"/CONTROLLING_AREA","modelName":"NewYardModel"},"interaction":{"idSuffix":"inner"}},"clearTextFirst":true,"interactionType":"ENTER_TEXT"}]}
COMMAND: POST /session/2244ff7962b0b6fa4a7d495ddc40b06b/execute/async - {"script":"<script> [1562 bytes]","args":[{"selector":{"id":"application-manageyards-display-component---NewYard--companyCodeComboBox","interaction":{"idSuffix":"inner"}},"wdio_ui5_key":"applicationmanageyards-display-component---NewYard--companyCodeComboBox"}]}
RESULT: {"script":"<script> [1562 bytes]","args":[{"selector":{"id":"application-manageyards-display-component---NewYard--companyCodeComboBox","interaction":{"idSuffix":"inner"}},"wdio_ui5_key":"applicationmanageyards-display-component---NewYard--companyCodeComboBox"}]}
RESULT: undefined
COMMAND: POST /session/2244ff7962b0b6fa4a7d495ddc40b06b/execute/async - {"script":"<script> [776 bytes]","args":[{"enterText":"1000","selector":{"id":"application-manageyards-display-component---NewYard--companyCodeComboBox","interaction":{"idSuffix":"inner"}},"clearTextFirst":true,"interactionType":"ENTER_TEXT"}]}
RESULT: {"script":"<script> [776 bytes]","args":[{"enterText":"1000","selector":{"id":"application-manageyards-display-component---NewYard--companyCodeComboBox","interaction":{"idSuffix":"inner"}},"clearTextFirst":true,"interactionType":"ENTER_TEXT"}]}
COMMAND: POST /session/2244ff7962b0b6fa4a7d495ddc40b06b/execute/async - {"script":"<script> [1562 bytes]","args":[{"selector":{"controlType":"sap.m.Input","viewName":"etm.portal.ui.manageyards.view.New","viewId":"application-manageyards-display-component---NewYard","bindingPath":{"path":"","propertyPath":"/PLANT","modelName":"NewYardModel"},"interaction":{"idSuffix":"inner"}},"wdio_ui5_key":"etmportal.ui.manageyards.view.Newsap.m.Input{\"path\":\"\",\"propertyPath\":\"/PLANT\",\"modelName\":\"NewYardModel\"}"}]}
RESULT: {"script":"<script> [1562 bytes]","args":[{"selector":{"controlType":"sap.m.Input","viewName":"etm.portal.ui.manageyards.view.New","viewId":"application-manageyards-display-component---NewYard","bindingPath":{"path":"","propertyPath":"/PLANT","modelName":"NewYardModel"},"interaction":{"idSuffix":"inner"}},"wdio_ui5_key":"etmportal.ui.manageyards.view.Newsap.m.Input{\"path\":\"\",\"propertyPath\":\"/PLANT\",\"modelName\":\"NewYardModel\"}"}]}
RESULT: undefined
COMMAND: POST /session/2244ff7962b0b6fa4a7d495ddc40b06b/execute/async - {"script":"<script> [776 bytes]","args":[{"enterText":"1001","selector":{"controlType":"sap.m.Input","viewName":"etm.portal.ui.manageyards.view.New","viewId":"application-manageyards-display-component---NewYard","bindingPath":{"path":"","propertyPath":"/PLANT","modelName":"NewYardModel"},"interaction":{"idSuffix":"inner"}},"clearTextFirst":true,"interactionType":"ENTER_TEXT"}]}
RESULT: {"script":"<script> [776 bytes]","args":[{"enterText":"1001","selector":{"controlType":"sap.m.Input","viewName":"etm.portal.ui.manageyards.view.New","viewId":"application-manageyards-display-component---NewYard","bindingPath":{"path":"","propertyPath":"/PLANT","modelName":"NewYardModel"},"interaction":{"idSuffix":"inner"}},"clearTextFirst":true,"interactionType":"ENTER_TEXT"}]}
COMMAND: POST /session/2244ff7962b0b6fa4a7d495ddc40b06b/execute/async - {"script":"<script> [1562 bytes]","args":[{"selector":{"controlType":"sap.m.Input","viewName":"etm.portal.ui.manageyards.view.New","viewId":"application-manageyards-display-component---NewYard","bindingPath":{"path":"","propertyPath":"/SALES_AREA_VKORG","modelName":"NewYardModel"},"interaction":{"idSuffix":"inner"}},"wdio_ui5_key":"etmportal.ui.manageyards.view.Newsap.m.Input{\"path\":\"\",\"propertyPath\":\"/SALES_AREA_VKORG\",\"modelName\":\"NewYardModel\"}"}]}
RESULT: {"script":"<script> [1562 bytes]","args":[{"selector":{"controlType":"sap.m.Input","viewName":"etm.portal.ui.manageyards.view.New","viewId":"application-manageyards-display-component---NewYard","bindingPath":{"path":"","propertyPath":"/SALES_AREA_VKORG","modelName":"NewYardModel"},"interaction":{"idSuffix":"inner"}},"wdio_ui5_key":"etmportal.ui.manageyards.view.Newsap.m.Input{\"path\":\"\",\"propertyPath\":\"/SALES_AREA_VKORG\",\"modelName\":\"NewYardModel\"}"}]}
RESULT: undefined
COMMAND: POST /session/2244ff7962b0b6fa4a7d495ddc40b06b/execute/async - {"script":"<script> [776 bytes]","args":[{"enterText":"C002","selector":{"controlType":"sap.m.Input","viewName":"etm.portal.ui.manageyards.view.New","viewId":"application-manageyards-display-component---NewYard","bindingPath":{"path":"","propertyPath":"/SALES_AREA_VKORG","modelName":"NewYardModel"},"interaction":{"idSuffix":"inner"}},"clearTextFirst":true,"interactionType":"ENTER_TEXT"}]}
RESULT: {"script":"<script> [776 bytes]","args":[{"enterText":"C002","selector":{"controlType":"sap.m.Input","viewName":"etm.portal.ui.manageyards.view.New","viewId":"application-manageyards-display-component---NewYard","bindingPath":{"path":"","propertyPath":"/SALES_AREA_VKORG","modelName":"NewYardModel"},"interaction":{"idSuffix":"inner"}},"clearTextFirst":true,"interactionType":"ENTER_TEXT"}]}
COMMAND: POST /session/2244ff7962b0b6fa4a7d495ddc40b06b/execute/async - {"script":"<script> [1562 bytes]","args":[{"selector":{"controlType":"sap.m.Input","viewName":"etm.portal.ui.manageyards.view.New","viewId":"application-manageyards-display-component---NewYard","bindingPath":{"path":"","propertyPath":"/SALES_AREA_VTWEG","modelName":"NewYardModel"},"interaction":{"idSuffix":"inner"}},"wdio_ui5_key":"etmportal.ui.manageyards.view.Newsap.m.Input{\"path\":\"\",\"propertyPath\":\"/SALES_AREA_VTWEG\",\"modelName\":\"NewYardModel\"}"}]}
RESULT: {"script":"<script> [1562 bytes]","args":[{"selector":{"controlType":"sap.m.Input","viewName":"etm.portal.ui.manageyards.view.New","viewId":"application-manageyards-display-component---NewYard","bindingPath":{"path":"","propertyPath":"/SALES_AREA_VTWEG","modelName":"NewYardModel"},"interaction":{"idSuffix":"inner"}},"wdio_ui5_key":"etmportal.ui.manageyards.view.Newsap.m.Input{\"path\":\"\",\"propertyPath\":\"/SALES_AREA_VTWEG\",\"modelName\":\"NewYardModel\"}"}]}
RESULT: undefined
COMMAND: POST /session/2244ff7962b0b6fa4a7d495ddc40b06b/execute/async - {"script":"<script> [776 bytes]","args":[{"enterText":"C2","selector":{"controlType":"sap.m.Input","viewName":"etm.portal.ui.manageyards.view.New","viewId":"application-manageyards-display-component---NewYard","bindingPath":{"path":"","propertyPath":"/SALES_AREA_VTWEG","modelName":"NewYardModel"},"interaction":{"idSuffix":"inner"}},"clearTextFirst":true,"interactionType":"ENTER_TEXT"}]}
RESULT: {"script":"<script> [776 bytes]","args":[{"enterText":"C2","selector":{"controlType":"sap.m.Input","viewName":"etm.portal.ui.manageyards.view.New","viewId":"application-manageyards-display-component---NewYard","bindingPath":{"path":"","propertyPath":"/SALES_AREA_VTWEG","modelName":"NewYardModel"},"interaction":{"idSuffix":"inner"}},"clearTextFirst":true,"interactionType":"ENTER_TEXT"}]}
COMMAND: POST /session/2244ff7962b0b6fa4a7d495ddc40b06b/execute/async - {"script":"<script> [1562 bytes]","args":[{"selector":{"controlType":"sap.m.Input","viewName":"etm.portal.ui.manageyards.view.New","viewId":"application-manageyards-display-component---NewYard","bindingPath":{"path":"","propertyPath":"/SALES_AREA_SPART","modelName":"NewYardModel"},"interaction":{"idSuffix":"inner"}},"wdio_ui5_key":"etmportal.ui.manageyards.view.Newsap.m.Input{\"path\":\"\",\"propertyPath\":\"/SALES_AREA_SPART\",\"modelName\":\"NewYardModel\"}"}]}
RESULT: {"script":"<script> [1562 bytes]","args":[{"selector":{"controlType":"sap.m.Input","viewName":"etm.portal.ui.manageyards.view.New","viewId":"application-manageyards-display-component---NewYard","bindingPath":{"path":"","propertyPath":"/SALES_AREA_SPART","modelName":"NewYardModel"},"interaction":{"idSuffix":"inner"}},"wdio_ui5_key":"etmportal.ui.manageyards.view.Newsap.m.Input{\"path\":\"\",\"propertyPath\":\"/SALES_AREA_SPART\",\"modelName\":\"NewYardModel\"}"}]}
RESULT: undefined
COMMAND: POST /session/2244ff7962b0b6fa4a7d495ddc40b06b/execute/async - {"script":"<script> [776 bytes]","args":[{"enterText":"C2","selector":{"controlType":"sap.m.Input","viewName":"etm.portal.ui.manageyards.view.New","viewId":"application-manageyards-display-component---NewYard","bindingPath":{"path":"","propertyPath":"/SALES_AREA_SPART","modelName":"NewYardModel"},"interaction":{"idSuffix":"inner"}},"clearTextFirst":true,"interactionType":"ENTER_TEXT"}]}
RESULT: {"script":"<script> [776 bytes]","args":[{"enterText":"C2","selector":{"controlType":"sap.m.Input","viewName":"etm.portal.ui.manageyards.view.New","viewId":"application-manageyards-display-component---NewYard","bindingPath":{"path":"","propertyPath":"/SALES_AREA_SPART","modelName":"NewYardModel"},"interaction":{"idSuffix":"inner"}},"clearTextFirst":true,"interactionType":"ENTER_TEXT"}]}
COMMAND: POST /session/2244ff7962b0b6fa4a7d495ddc40b06b/execute/async - {"script":"<script> [1562 bytes]","args":[{"selector":{"controlType":"sap.m.Input","viewName":"etm.portal.ui.manageyards.view.New","viewId":"application-manageyards-display-component---NewYard","bindingPath":{"path":"","propertyPath":"/SHIP_POINT","modelName":"NewYardModel"},"interaction":{"idSuffix":"inner"}},"wdio_ui5_key":"etmportal.ui.manageyards.view.Newsap.m.Input{\"path\":\"\",\"propertyPath\":\"/SHIP_POINT\",\"modelName\":\"NewYardModel\"}"}]}
RESULT: {"script":"<script> [1562 bytes]","args":[{"selector":{"controlType":"sap.m.Input","viewName":"etm.portal.ui.manageyards.view.New","viewId":"application-manageyards-display-component---NewYard","bindingPath":{"path":"","propertyPath":"/SHIP_POINT","modelName":"NewYardModel"},"interaction":{"idSuffix":"inner"}},"wdio_ui5_key":"etmportal.ui.manageyards.view.Newsap.m.Input{\"path\":\"\",\"propertyPath\":\"/SHIP_POINT\",\"modelName\":\"NewYardModel\"}"}]}
RESULT: undefined
COMMAND: POST /session/2244ff7962b0b6fa4a7d495ddc40b06b/execute/async - {"script":"<script> [776 bytes]","args":[{"enterText":"1710","selector":{"controlType":"sap.m.Input","viewName":"etm.portal.ui.manageyards.view.New","viewId":"application-manageyards-display-component---NewYard","bindingPath":{"path":"","propertyPath":"/SHIP_POINT","modelName":"NewYardModel"},"interaction":{"idSuffix":"inner"}},"clearTextFirst":true,"interactionType":"ENTER_TEXT"}]}
RESULT: {"script":"<script> [776 bytes]","args":[{"enterText":"1710","selector":{"controlType":"sap.m.Input","viewName":"etm.portal.ui.manageyards.view.New","viewId":"application-manageyards-display-component---NewYard","bindingPath":{"path":"","propertyPath":"/SHIP_POINT","modelName":"NewYardModel"},"interaction":{"idSuffix":"inner"}},"clearTextFirst":true,"interactionType":"ENTER_TEXT"}]}
COMMAND: POST /session/2244ff7962b0b6fa4a7d495ddc40b06b/execute/async - {"script":"<script> [1562 bytes]","args":[{"selector":{"controlType":"sap.m.Input","viewName":"etm.portal.ui.manageyards.view.New","viewId":"application-manageyards-display-component---NewYard","bindingPath":{"path":"","propertyPath":"/DELIVERY_TYPE","modelName":"NewYardModel"},"interaction":{"idSuffix":"inner"}},"wdio_ui5_key":"etmportal.ui.manageyards.view.Newsap.m.Input{\"path\":\"\",\"propertyPath\":\"/DELIVERY_TYPE\",\"modelName\":\"NewYardModel\"}"}]}
RESULT: {"script":"<script> [1562 bytes]","args":[{"selector":{"controlType":"sap.m.Input","viewName":"etm.portal.ui.manageyards.view.New","viewId":"application-manageyards-display-component---NewYard","bindingPath":{"path":"","propertyPath":"/DELIVERY_TYPE","modelName":"NewYardModel"},"interaction":{"idSuffix":"inner"}},"wdio_ui5_key":"etmportal.ui.manageyards.view.Newsap.m.Input{\"path\":\"\",\"propertyPath\":\"/DELIVERY_TYPE\",\"modelName\":\"NewYardModel\"}"}]}
RESULT: undefined
COMMAND: POST /session/2244ff7962b0b6fa4a7d495ddc40b06b/execute/async - {"script":"<script> [776 bytes]","args":[{"enterText":"ZL01","selector":{"controlType":"sap.m.Input","viewName":"etm.portal.ui.manageyards.view.New","viewId":"application-manageyards-display-component---NewYard","bindingPath":{"path":"","propertyPath":"/DELIVERY_TYPE","modelName":"NewYardModel"},"interaction":{"idSuffix":"inner"}},"clearTextFirst":true,"interactionType":"ENTER_TEXT"}]}
RESULT: {"script":"<script> [776 bytes]","args":[{"enterText":"ZL01","selector":{"controlType":"sap.m.Input","viewName":"etm.portal.ui.manageyards.view.New","viewId":"application-manageyards-display-component---NewYard","bindingPath":{"path":"","propertyPath":"/DELIVERY_TYPE","modelName":"NewYardModel"},"interaction":{"idSuffix":"inner"}},"clearTextFirst":true,"interactionType":"ENTER_TEXT"}]}
COMMAND: POST /session/2244ff7962b0b6fa4a7d495ddc40b06b/execute/async - {"script":"<script> [1562 bytes]","args":[{"selector":{"controlType":"sap.m.Input","viewName":"etm.portal.ui.manageyards.view.New","viewId":"application-manageyards-display-component---NewYard","bindingPath":{"path":"","propertyPath":"/AUART","modelName":"NewYardModel"},"interaction":{"idSuffix":"inner"}},"wdio_ui5_key":"etmportal.ui.manageyards.view.Newsap.m.Input{\"path\":\"\",\"propertyPath\":\"/AUART\",\"modelName\":\"NewYardModel\"}"}]}
RESULT: {"script":"<script> [1562 bytes]","args":[{"selector":{"controlType":"sap.m.Input","viewName":"etm.portal.ui.manageyards.view.New","viewId":"application-manageyards-display-component---NewYard","bindingPath":{"path":"","propertyPath":"/AUART","modelName":"NewYardModel"},"interaction":{"idSuffix":"inner"}},"wdio_ui5_key":"etmportal.ui.manageyards.view.Newsap.m.Input{\"path\":\"\",\"propertyPath\":\"/AUART\",\"modelName\":\"NewYardModel\"}"}]}
RESULT: undefined
COMMAND: POST /session/2244ff7962b0b6fa4a7d495ddc40b06b/execute/async - {"script":"<script> [776 bytes]","args":[{"enterText":"TA","selector":{"controlType":"sap.m.Input","viewName":"etm.portal.ui.manageyards.view.New","viewId":"application-manageyards-display-component---NewYard","bindingPath":{"path":"","propertyPath":"/AUART","modelName":"NewYardModel"},"interaction":{"idSuffix":"inner"}},"clearTextFirst":true,"interactionType":"ENTER_TEXT"}]}
RESULT: {"script":"<script> [776 bytes]","args":[{"enterText":"TA","selector":{"controlType":"sap.m.Input","viewName":"etm.portal.ui.manageyards.view.New","viewId":"application-manageyards-display-component---NewYard","bindingPath":{"path":"","propertyPath":"/AUART","modelName":"NewYardModel"},"interaction":{"idSuffix":"inner"}},"clearTextFirst":true,"interactionType":"ENTER_TEXT"}]}
COMMAND: POST /session/2244ff7962b0b6fa4a7d495ddc40b06b/element - {"using":"xpath","value":"//button[@data-kt=\"newYardSaveButton\"]"}
RESULT: {"using":"xpath","value":"//button[@data-kt=\"newYardSaveButton\"]"}
COMMAND: POST /session/2244ff7962b0b6fa4a7d495ddc40b06b/element/f.FC05DF9C3021EB39F8DA3FE791B32878.d.F6F902D0C27C2D394131B7521386D3EB.e.686/click - {}
RESULT: {}
COMMAND: GET /session/2244ff7962b0b6fa4a7d495ddc40b06b/screenshot - {}
RESULT: {}
COMMAND: POST /session/2244ff7962b0b6fa4a7d495ddc40b06b/element - {"using":"xpath","value":"//header[contains(@id, 'ObjectPageLayout-headerTitle')]/div[1]/div[2]/div[1]/span[1]"}
RESULT: {"using":"xpath","value":"//header[contains(@id, 'ObjectPageLayout-headerTitle')]/div[1]/div[2]/div[1]/span[1]"}
COMMAND: POST /session/2244ff7962b0b6fa4a7d495ddc40b06b/elements - {"using":"xpath","value":"//header[contains(@id, 'ObjectPageLayout-headerTitle')]/div[1]/div[2]/div[1]/span[1]"}
RESULT: {"using":"xpath","value":"//header[contains(@id, 'ObjectPageLayout-headerTitle')]/div[1]/div[2]/div[1]/span[1]"}
COMMAND: POST /session/2244ff7962b0b6fa4a7d495ddc40b06b/execute/sync - {"script":"<script> [56 bytes]","args":[{"element-6066-11e4-a52e-4f735466cecf":"f.FC05DF9C3021EB39F8DA3FE791B32878.d.F6F902D0C27C2D394131B7521386D3EB.e.1012","ELEMENT":"f.FC05DF9C3021EB39F8DA3FE791B32878.d.F6F902D0C27C2D394131B7521386D3EB.e.1012"}]}
RESULT: {"script":"<script> [56 bytes]","args":[{"element-6066-11e4-a52e-4f735466cecf":"f.FC05DF9C3021EB39F8DA3FE791B32878.d.F6F902D0C27C2D394131B7521386D3EB.e.1012","ELEMENT":"f.FC05DF9C3021EB39F8DA3FE791B32878.d.F6F902D0C27C2D394131B7521386D3EB.e.1012"}]}
COMMAND: GET /session/2244ff7962b0b6fa4a7d495ddc40b06b/screenshot - {}
RESULT: {}
COMMAND: POST /session/2244ff7962b0b6fa4a7d495ddc40b06b/element - {"using":"css selector","value":"#shell-header-logo"}
RESULT: {"using":"css selector","value":"#shell-header-logo"}
COMMAND: POST /session/2244ff7962b0b6fa4a7d495ddc40b06b/element/f.FC05DF9C3021EB39F8DA3FE791B32878.d.F6F902D0C27C2D394131B7521386D3EB.e.256/click - {}
RESULT: {}
COMMAND: GET /session/2244ff7962b0b6fa4a7d495ddc40b06b/screenshot - {}
RESULT: {}
COMMAND: POST /session/2244ff7962b0b6fa4a7d495ddc40b06b/execute/sync - {"script":"<script> [299 bytes]","args":[["getModel","getResource"]]}
RESULT: {"script":"<script> [299 bytes]","args":[["getModel","getResource"]]}
]]></system-out>
    </testcase>
    <testcase classname="chrome.136_0_7103_93.windows.Tests_for_Mass_State_Change_on_Manage_States_&amp;_Performances_US104416_US" name="Prereq Should create a new partner" time="147.722">
      <system-out><![CDATA[
COMMAND: GET /session/2244ff7962b0b6fa4a7d495ddc40b06b/screenshot - {}
COMMAND: POST /session/2244ff7962b0b6fa4a7d495ddc40b06b/window/fullscreen - {}
RESULT: {}
RESULT: {}
COMMAND: POST /session/2244ff7962b0b6fa4a7d495ddc40b06b/execute/async - {"script":"<script> [1562 bytes]","args":[{"selector":{"controlType":"sap.m.GenericTile","properties":{"header":"Manage Partners"}},"wdio_ui5_key":"sapm.GenericTile{\"header\":\"Manage Partners\"}"}]}
RESULT: {"script":"<script> [1562 bytes]","args":[{"selector":{"controlType":"sap.m.GenericTile","properties":{"header":"Manage Partners"}},"wdio_ui5_key":"sapm.GenericTile{\"header\":\"Manage Partners\"}"}]}
RESULT: undefined
COMMAND: POST /session/2244ff7962b0b6fa4a7d495ddc40b06b/element - {"using":"xpath","value":"//*[@id=\"__tile38\"]"}
RESULT: {"using":"xpath","value":"//*[@id=\"__tile38\"]"}
COMMAND: POST /session/2244ff7962b0b6fa4a7d495ddc40b06b/element/f.FC05DF9C3021EB39F8DA3FE791B32878.d.F6F902D0C27C2D394131B7521386D3EB.e.141/click - {}
RESULT: {}
COMMAND: GET /session/2244ff7962b0b6fa4a7d495ddc40b06b/screenshot - {}
RESULT: {}
COMMAND: POST /session/2244ff7962b0b6fa4a7d495ddc40b06b/elements - {"using":"xpath","value":"//span[text()='Error']"}
RESULT: {"using":"xpath","value":"//span[text()='Error']"}
COMMAND: POST /session/2244ff7962b0b6fa4a7d495ddc40b06b/element - {"using":"xpath","value":"//button[@data-kt=\"addButton\"]"}
RESULT: {"using":"xpath","value":"//button[@data-kt=\"addButton\"]"}
COMMAND: POST /session/2244ff7962b0b6fa4a7d495ddc40b06b/elements - {"using":"xpath","value":"//button[@data-kt=\"addButton\"]"}
RESULT: {"using":"xpath","value":"//button[@data-kt=\"addButton\"]"}
COMMAND: POST /session/2244ff7962b0b6fa4a7d495ddc40b06b/elements - {"using":"xpath","value":"//button[@data-kt=\"addButton\"]"}
RESULT: {"using":"xpath","value":"//button[@data-kt=\"addButton\"]"}
COMMAND: POST /session/2244ff7962b0b6fa4a7d495ddc40b06b/element - {"using":"xpath","value":"//button[@data-kt=\"addButton\"]"}
RESULT: {"using":"xpath","value":"//button[@data-kt=\"addButton\"]"}
COMMAND: POST /session/2244ff7962b0b6fa4a7d495ddc40b06b/execute/sync - {"script":"<script> [8489 bytes]","args":[{"element-6066-11e4-a52e-4f735466cecf":"f.FC05DF9C3021EB39F8DA3FE791B32878.d.F6F902D0C27C2D394131B7521386D3EB.e.1062","ELEMENT":"f.FC05DF9C3021EB39F8DA3FE791B32878.d.F6F902D0C27C2D394131B7521386D3EB.e.1062"}]}
RESULT: {"script":"<script> [8489 bytes]","args":[{"element-6066-11e4-a52e-4f735466cecf":"f.FC05DF9C3021EB39F8DA3FE791B32878.d.F6F902D0C27C2D394131B7521386D3EB.e.1062","ELEMENT":"f.FC05DF9C3021EB39F8DA3FE791B32878.d.F6F902D0C27C2D394131B7521386D3EB.e.1062"}]}
COMMAND: GET /session/2244ff7962b0b6fa4a7d495ddc40b06b/element/f.FC05DF9C3021EB39F8DA3FE791B32878.d.F6F902D0C27C2D394131B7521386D3EB.e.1062/enabled - {}
COMMAND: GET /session/2244ff7962b0b6fa4a7d495ddc40b06b/screenshot - {}
RESULT: {}
COMMAND: POST /session/2244ff7962b0b6fa4a7d495ddc40b06b/execute/sync - {"script":"<script> [8489 bytes]","args":[{"element-6066-11e4-a52e-4f735466cecf":"f.FC05DF9C3021EB39F8DA3FE791B32878.d.F6F902D0C27C2D394131B7521386D3EB.e.1062","ELEMENT":"f.FC05DF9C3021EB39F8DA3FE791B32878.d.F6F902D0C27C2D394131B7521386D3EB.e.1062"}]}
COMMAND: GET /session/2244ff7962b0b6fa4a7d495ddc40b06b/screenshot - {}
RESULT: {}
RESULT: {"script":"<script> [8489 bytes]","args":[{"element-6066-11e4-a52e-4f735466cecf":"f.FC05DF9C3021EB39F8DA3FE791B32878.d.F6F902D0C27C2D394131B7521386D3EB.e.1062","ELEMENT":"f.FC05DF9C3021EB39F8DA3FE791B32878.d.F6F902D0C27C2D394131B7521386D3EB.e.1062"}]}
COMMAND: POST /session/2244ff7962b0b6fa4a7d495ddc40b06b/execute/sync - {"script":"<script> [5351 bytes]","args":[{"element-6066-11e4-a52e-4f735466cecf":"f.FC05DF9C3021EB39F8DA3FE791B32878.d.F6F902D0C27C2D394131B7521386D3EB.e.1062","ELEMENT":"f.FC05DF9C3021EB39F8DA3FE791B32878.d.F6F902D0C27C2D394131B7521386D3EB.e.1062"}]}
COMMAND: GET /session/2244ff7962b0b6fa4a7d495ddc40b06b/screenshot - {}
RESULT: {}
RESULT: {"script":"<script> [5351 bytes]","args":[{"element-6066-11e4-a52e-4f735466cecf":"f.FC05DF9C3021EB39F8DA3FE791B32878.d.F6F902D0C27C2D394131B7521386D3EB.e.1062","ELEMENT":"f.FC05DF9C3021EB39F8DA3FE791B32878.d.F6F902D0C27C2D394131B7521386D3EB.e.1062"}]}
COMMAND: POST /session/2244ff7962b0b6fa4a7d495ddc40b06b/element/f.FC05DF9C3021EB39F8DA3FE791B32878.d.F6F902D0C27C2D394131B7521386D3EB.e.1062/click - {}
COMMAND: GET /session/2244ff7962b0b6fa4a7d495ddc40b06b/screenshot - {}
RESULT: {}
RESULT: {}
COMMAND: GET /session/2244ff7962b0b6fa4a7d495ddc40b06b/screenshot - {}
RESULT: {}
RESULT: {}
COMMAND: POST /session/2244ff7962b0b6fa4a7d495ddc40b06b/execute/async - {"script":"<script> [1562 bytes]","args":[{"selector":{"id":"application-managepartners-display-component---NewPartner--addressDetailDetailsName1","interaction":{"idSuffix":"inner"}},"wdio_ui5_key":"applicationmanagepartners-display-component---NewPartner--addressDetailDetailsName1"}]}
RESULT: {"script":"<script> [1562 bytes]","args":[{"selector":{"id":"application-managepartners-display-component---NewPartner--addressDetailDetailsName1","interaction":{"idSuffix":"inner"}},"wdio_ui5_key":"applicationmanagepartners-display-component---NewPartner--addressDetailDetailsName1"}]}
RESULT: undefined
COMMAND: POST /session/2244ff7962b0b6fa4a7d495ddc40b06b/execute/async - {"script":"<script> [776 bytes]","args":[{"enterText":"Intracompany Partner WDIO","selector":{"id":"application-managepartners-display-component---NewPartner--addressDetailDetailsName1","interaction":{"idSuffix":"inner"}},"clearTextFirst":true,"interactionType":"ENTER_TEXT"}]}
RESULT: {"script":"<script> [776 bytes]","args":[{"enterText":"Intracompany Partner WDIO","selector":{"id":"application-managepartners-display-component---NewPartner--addressDetailDetailsName1","interaction":{"idSuffix":"inner"}},"clearTextFirst":true,"interactionType":"ENTER_TEXT"}]}
COMMAND: POST /session/2244ff7962b0b6fa4a7d495ddc40b06b/execute/async - {"script":"<script> [1562 bytes]","args":[{"selector":{"id":"application-managepartners-display-component---NewPartner--addressDetailDetailsLanguage-arrow"},"wdio_ui5_key":"applicationmanagepartners-display-component---NewPartner--addressDetailDetailsLanguage-arrow"}]}
RESULT: {"script":"<script> [1562 bytes]","args":[{"selector":{"id":"application-managepartners-display-component---NewPartner--addressDetailDetailsLanguage-arrow"},"wdio_ui5_key":"applicationmanagepartners-display-component---NewPartner--addressDetailDetailsLanguage-arrow"}]}
RESULT: undefined
COMMAND: POST /session/2244ff7962b0b6fa4a7d495ddc40b06b/element - {"using":"xpath","value":"//*[@id=\"application-managepartners-display-component---NewPartner--addressDetailDetailsLanguage-arrow\"]"}
RESULT: {"using":"xpath","value":"//*[@id=\"application-managepartners-display-component---NewPartner--addressDetailDetailsLanguage-arrow\"]"}
COMMAND: POST /session/2244ff7962b0b6fa4a7d495ddc40b06b/element/f.FC05DF9C3021EB39F8DA3FE791B32878.d.F6F902D0C27C2D394131B7521386D3EB.e.1506/click - {}
RESULT: {}
COMMAND: POST /session/2244ff7962b0b6fa4a7d495ddc40b06b/element - {"using":"xpath","value":"//span[contains(text(), \"English\")]"}
COMMAND: GET /session/2244ff7962b0b6fa4a7d495ddc40b06b/screenshot - {}
RESULT: {"using":"xpath","value":"//span[contains(text(), \"English\")]"}
COMMAND: POST /session/2244ff7962b0b6fa4a7d495ddc40b06b/element/f.FC05DF9C3021EB39F8DA3FE791B32878.d.F6F902D0C27C2D394131B7521386D3EB.e.1507/click - {}
RESULT: {}
RESULT: {}
COMMAND: GET /session/2244ff7962b0b6fa4a7d495ddc40b06b/screenshot - {}
RESULT: {}
COMMAND: POST /session/2244ff7962b0b6fa4a7d495ddc40b06b/execute/async - {"script":"<script> [1562 bytes]","args":[{"selector":{"id":"application-managepartners-display-component---NewPartner--addressDetailDetailsCity1","interaction":{"idSuffix":"inner"}},"wdio_ui5_key":"applicationmanagepartners-display-component---NewPartner--addressDetailDetailsCity1"}]}
RESULT: {"script":"<script> [1562 bytes]","args":[{"selector":{"id":"application-managepartners-display-component---NewPartner--addressDetailDetailsCity1","interaction":{"idSuffix":"inner"}},"wdio_ui5_key":"applicationmanagepartners-display-component---NewPartner--addressDetailDetailsCity1"}]}
RESULT: undefined
COMMAND: POST /session/2244ff7962b0b6fa4a7d495ddc40b06b/execute/async - {"script":"<script> [776 bytes]","args":[{"enterText":"Rosario","selector":{"id":"application-managepartners-display-component---NewPartner--addressDetailDetailsCity1","interaction":{"idSuffix":"inner"}},"clearTextFirst":true,"interactionType":"ENTER_TEXT"}]}
RESULT: {"script":"<script> [776 bytes]","args":[{"enterText":"Rosario","selector":{"id":"application-managepartners-display-component---NewPartner--addressDetailDetailsCity1","interaction":{"idSuffix":"inner"}},"clearTextFirst":true,"interactionType":"ENTER_TEXT"}]}
COMMAND: POST /session/2244ff7962b0b6fa4a7d495ddc40b06b/execute/async - {"script":"<script> [1562 bytes]","args":[{"selector":{"id":"application-managepartners-display-component---NewPartner--addressDetailDetailsCountry-arrow"},"wdio_ui5_key":"applicationmanagepartners-display-component---NewPartner--addressDetailDetailsCountry-arrow"}]}
RESULT: {"script":"<script> [1562 bytes]","args":[{"selector":{"id":"application-managepartners-display-component---NewPartner--addressDetailDetailsCountry-arrow"},"wdio_ui5_key":"applicationmanagepartners-display-component---NewPartner--addressDetailDetailsCountry-arrow"}]}
RESULT: undefined
COMMAND: POST /session/2244ff7962b0b6fa4a7d495ddc40b06b/element - {"using":"xpath","value":"//*[@id=\"application-managepartners-display-component---NewPartner--addressDetailDetailsCountry-arrow\"]"}
RESULT: {"using":"xpath","value":"//*[@id=\"application-managepartners-display-component---NewPartner--addressDetailDetailsCountry-arrow\"]"}
COMMAND: POST /session/2244ff7962b0b6fa4a7d495ddc40b06b/element/f.FC05DF9C3021EB39F8DA3FE791B32878.d.F6F902D0C27C2D394131B7521386D3EB.e.1474/click - {}
RESULT: {}
COMMAND: POST /session/2244ff7962b0b6fa4a7d495ddc40b06b/element - {"using":"xpath","value":"//span[contains(text(), \"Argentina\")]"}
COMMAND: GET /session/2244ff7962b0b6fa4a7d495ddc40b06b/screenshot - {}
RESULT: {"using":"xpath","value":"//span[contains(text(), \"Argentina\")]"}
COMMAND: POST /session/2244ff7962b0b6fa4a7d495ddc40b06b/element/f.FC05DF9C3021EB39F8DA3FE791B32878.d.F6F902D0C27C2D394131B7521386D3EB.e.1509/click - {}
RESULT: {}
RESULT: {}
COMMAND: GET /session/2244ff7962b0b6fa4a7d495ddc40b06b/screenshot - {}
RESULT: {}
COMMAND: POST /session/2244ff7962b0b6fa4a7d495ddc40b06b/element - {"using":"xpath","value":"//bdi[contains(text(), \"Commercial\")]"}
RESULT: {"using":"xpath","value":"//bdi[contains(text(), \"Commercial\")]"}
COMMAND: POST /session/2244ff7962b0b6fa4a7d495ddc40b06b/element/f.FC05DF9C3021EB39F8DA3FE791B32878.d.F6F902D0C27C2D394131B7521386D3EB.e.1510/click - {}
RESULT: {}
COMMAND: GET /session/2244ff7962b0b6fa4a7d495ddc40b06b/screenshot - {}
RESULT: {}
COMMAND: POST /session/2244ff7962b0b6fa4a7d495ddc40b06b/execute/async - {"script":"<script> [1562 bytes]","args":[{"selector":{"id":"application-managepartners-display-component---NewPartner--partnerDetailInternal-arrow"},"wdio_ui5_key":"applicationmanagepartners-display-component---NewPartner--partnerDetailInternal-arrow"}]}
RESULT: {"script":"<script> [1562 bytes]","args":[{"selector":{"id":"application-managepartners-display-component---NewPartner--partnerDetailInternal-arrow"},"wdio_ui5_key":"applicationmanagepartners-display-component---NewPartner--partnerDetailInternal-arrow"}]}
RESULT: undefined
COMMAND: POST /session/2244ff7962b0b6fa4a7d495ddc40b06b/element - {"using":"xpath","value":"//*[@id=\"application-managepartners-display-component---NewPartner--partnerDetailInternal-arrow\"]"}
RESULT: {"using":"xpath","value":"//*[@id=\"application-managepartners-display-component---NewPartner--partnerDetailInternal-arrow\"]"}
COMMAND: POST /session/2244ff7962b0b6fa4a7d495ddc40b06b/element/f.FC05DF9C3021EB39F8DA3FE791B32878.d.F6F902D0C27C2D394131B7521386D3EB.e.1516/click - {}
RESULT: {}
COMMAND: POST /session/2244ff7962b0b6fa4a7d495ddc40b06b/element - {"using":"xpath","value":"//span[contains(text(), \"Affiliated company\")]"}
COMMAND: GET /session/2244ff7962b0b6fa4a7d495ddc40b06b/screenshot - {}
RESULT: {"using":"xpath","value":"//span[contains(text(), \"Affiliated company\")]"}
COMMAND: POST /session/2244ff7962b0b6fa4a7d495ddc40b06b/element/f.FC05DF9C3021EB39F8DA3FE791B32878.d.F6F902D0C27C2D394131B7521386D3EB.e.1519/click - {}
RESULT: {}
RESULT: {}
COMMAND: POST /session/2244ff7962b0b6fa4a7d495ddc40b06b/execute/async - {"script":"<script> [1562 bytes]","args":[{"selector":{"id":"application-managepartners-display-component---NewPartner--partnerDetailsCurrency-arrow"},"wdio_ui5_key":"applicationmanagepartners-display-component---NewPartner--partnerDetailsCurrency-arrow"}]}
COMMAND: GET /session/2244ff7962b0b6fa4a7d495ddc40b06b/screenshot - {}
RESULT: {"script":"<script> [1562 bytes]","args":[{"selector":{"id":"application-managepartners-display-component---NewPartner--partnerDetailsCurrency-arrow"},"wdio_ui5_key":"applicationmanagepartners-display-component---NewPartner--partnerDetailsCurrency-arrow"}]}
RESULT: undefined
COMMAND: POST /session/2244ff7962b0b6fa4a7d495ddc40b06b/element - {"using":"xpath","value":"//*[@id=\"application-managepartners-display-component---NewPartner--partnerDetailsCurrency-arrow\"]"}
RESULT: {}
RESULT: {"using":"xpath","value":"//*[@id=\"application-managepartners-display-component---NewPartner--partnerDetailsCurrency-arrow\"]"}
COMMAND: POST /session/2244ff7962b0b6fa4a7d495ddc40b06b/element/f.FC05DF9C3021EB39F8DA3FE791B32878.d.F6F902D0C27C2D394131B7521386D3EB.e.1526/click - {}
RESULT: {}
COMMAND: POST /session/2244ff7962b0b6fa4a7d495ddc40b06b/element - {"using":"xpath","value":"//span[contains(text(), \"Euro\")]"}
RESULT: {"using":"xpath","value":"//span[contains(text(), \"Euro\")]"}
COMMAND: POST /session/2244ff7962b0b6fa4a7d495ddc40b06b/element/f.FC05DF9C3021EB39F8DA3FE791B32878.d.F6F902D0C27C2D394131B7521386D3EB.e.1527/click - {}
COMMAND: GET /session/2244ff7962b0b6fa4a7d495ddc40b06b/screenshot - {}
RESULT: {}
COMMAND: POST /session/2244ff7962b0b6fa4a7d495ddc40b06b/execute/async - {"script":"<script> [1562 bytes]","args":[{"selector":{"id":"application-managepartners-display-component---NewPartner--addressEditDetailsCostObjectCstType-arrow"},"wdio_ui5_key":"applicationmanagepartners-display-component---NewPartner--addressEditDetailsCostObjectCstType-arrow"}]}
COMMAND: GET /session/2244ff7962b0b6fa4a7d495ddc40b06b/screenshot - {}
RESULT: {}
RESULT: {"script":"<script> [1562 bytes]","args":[{"selector":{"id":"application-managepartners-display-component---NewPartner--addressEditDetailsCostObjectCstType-arrow"},"wdio_ui5_key":"applicationmanagepartners-display-component---NewPartner--addressEditDetailsCostObjectCstType-arrow"}]}
RESULT: undefined
COMMAND: POST /session/2244ff7962b0b6fa4a7d495ddc40b06b/element - {"using":"xpath","value":"//*[@id=\"application-managepartners-display-component---NewPartner--addressEditDetailsCostObjectCstType-arrow\"]"}
RESULT: {}
RESULT: {"using":"xpath","value":"//*[@id=\"application-managepartners-display-component---NewPartner--addressEditDetailsCostObjectCstType-arrow\"]"}
COMMAND: POST /session/2244ff7962b0b6fa4a7d495ddc40b06b/element/f.FC05DF9C3021EB39F8DA3FE791B32878.d.F6F902D0C27C2D394131B7521386D3EB.e.1528/click - {}
RESULT: {}
COMMAND: POST /session/2244ff7962b0b6fa4a7d495ddc40b06b/element - {"using":"xpath","value":"//span[contains(text(), \"Cost Center\")]"}
COMMAND: GET /session/2244ff7962b0b6fa4a7d495ddc40b06b/screenshot - {}
RESULT: {"using":"xpath","value":"//span[contains(text(), \"Cost Center\")]"}
COMMAND: POST /session/2244ff7962b0b6fa4a7d495ddc40b06b/element/f.FC05DF9C3021EB39F8DA3FE791B32878.d.F6F902D0C27C2D394131B7521386D3EB.e.1529/click - {}
RESULT: {}
RESULT: {}
COMMAND: GET /session/2244ff7962b0b6fa4a7d495ddc40b06b/screenshot - {}
RESULT: {}
COMMAND: POST /session/2244ff7962b0b6fa4a7d495ddc40b06b/element - {"using":"xpath","value":"//span[@id=\"application-managepartners-display-component---NewPartner--addressNewCostObjectCstID-vhi\"]"}
RESULT: {"using":"xpath","value":"//span[@id=\"application-managepartners-display-component---NewPartner--addressNewCostObjectCstID-vhi\"]"}
COMMAND: POST /session/2244ff7962b0b6fa4a7d495ddc40b06b/execute/sync - {"script":"<script> [8489 bytes]","args":[{"element-6066-11e4-a52e-4f735466cecf":"f.FC05DF9C3021EB39F8DA3FE791B32878.d.F6F902D0C27C2D394131B7521386D3EB.e.1533","ELEMENT":"f.FC05DF9C3021EB39F8DA3FE791B32878.d.F6F902D0C27C2D394131B7521386D3EB.e.1533"}]}
RESULT: {"script":"<script> [8489 bytes]","args":[{"element-6066-11e4-a52e-4f735466cecf":"f.FC05DF9C3021EB39F8DA3FE791B32878.d.F6F902D0C27C2D394131B7521386D3EB.e.1533","ELEMENT":"f.FC05DF9C3021EB39F8DA3FE791B32878.d.F6F902D0C27C2D394131B7521386D3EB.e.1533"}]}
COMMAND: POST /session/2244ff7962b0b6fa4a7d495ddc40b06b/execute/async - {"script":"<script> [1562 bytes]","args":[{"selector":{"id":"application-managepartners-display-component---NewPartner--addressNewCostObjectCstID-vhi"},"wdio_ui5_key":"applicationmanagepartners-display-component---NewPartner--addressNewCostObjectCstID-vhi"}]}
COMMAND: GET /session/2244ff7962b0b6fa4a7d495ddc40b06b/screenshot - {}
RESULT: {"script":"<script> [1562 bytes]","args":[{"selector":{"id":"application-managepartners-display-component---NewPartner--addressNewCostObjectCstID-vhi"},"wdio_ui5_key":"applicationmanagepartners-display-component---NewPartner--addressNewCostObjectCstID-vhi"}]}
RESULT: undefined
COMMAND: POST /session/2244ff7962b0b6fa4a7d495ddc40b06b/element - {"using":"xpath","value":"//*[@id=\"application-managepartners-display-component---NewPartner--addressNewCostObjectCstID-vhi\"]"}
RESULT: {}
RESULT: {"using":"xpath","value":"//*[@id=\"application-managepartners-display-component---NewPartner--addressNewCostObjectCstID-vhi\"]"}
COMMAND: POST /session/2244ff7962b0b6fa4a7d495ddc40b06b/element/f.FC05DF9C3021EB39F8DA3FE791B32878.d.F6F902D0C27C2D394131B7521386D3EB.e.1533/click - {}
RESULT: {}
COMMAND: GET /session/2244ff7962b0b6fa4a7d495ddc40b06b/screenshot - {}
RESULT: {}
RESULT: undefined
COMMAND: POST /session/2244ff7962b0b6fa4a7d495ddc40b06b/execute/async - {"script":"<script> [776 bytes]","args":[{"enterText":"10001013","selector":{"controlType":"sap.m.SearchField","properties":{"placeholder":"Search"},"searchOpenDialogs":true,"interaction":{"idSuffix":"I"}},"clearTextFirst":true,"interactionType":"ENTER_TEXT"}]}
RESULT: {"script":"<script> [776 bytes]","args":[{"enterText":"10001013","selector":{"controlType":"sap.m.SearchField","properties":{"placeholder":"Search"},"searchOpenDialogs":true,"interaction":{"idSuffix":"I"}},"clearTextFirst":true,"interactionType":"ENTER_TEXT"}]}
COMMAND: POST /session/2244ff7962b0b6fa4a7d495ddc40b06b/actions - {"actions":[{"id":"action2","type":"key","parameters":{},"actions":[{"type":"keyDown","value":"î€‡"},{"type":"pause","duration":10},{"type":"keyUp","value":"î€‡"}]}]}
RESULT: {"actions":[{"id":"action2","type":"key","parameters":{},"actions":[{"type":"keyDown","value":"î€‡"},{"type":"pause","duration":10},{"type":"keyUp","value":"î€‡"}]}]}
COMMAND: GET /session/2244ff7962b0b6fa4a7d495ddc40b06b/screenshot - {}
RESULT: {}
COMMAND: POST /session/2244ff7962b0b6fa4a7d495ddc40b06b/element - {"using":"xpath","value":"//span[contains(text(), \"General Management\")]"}
RESULT: {"using":"xpath","value":"//span[contains(text(), \"General Management\")]"}
COMMAND: POST /session/2244ff7962b0b6fa4a7d495ddc40b06b/element/f.FC05DF9C3021EB39F8DA3FE791B32878.d.F6F902D0C27C2D394131B7521386D3EB.e.1572/click - {}
RESULT: {}
COMMAND: GET /session/2244ff7962b0b6fa4a7d495ddc40b06b/screenshot - {}
RESULT: {}
COMMAND: POST /session/2244ff7962b0b6fa4a7d495ddc40b06b/element - {"using":"xpath","value":"//bdi[contains(text(), \"OK\")]"}
RESULT: {"using":"xpath","value":"//bdi[contains(text(), \"OK\")]"}
COMMAND: POST /session/2244ff7962b0b6fa4a7d495ddc40b06b/element/f.FC05DF9C3021EB39F8DA3FE791B32878.d.F6F902D0C27C2D394131B7521386D3EB.e.1573/click - {}
RESULT: {}
COMMAND: GET /session/2244ff7962b0b6fa4a7d495ddc40b06b/screenshot - {}
RESULT: {}
COMMAND: POST /session/2244ff7962b0b6fa4a7d495ddc40b06b/element - {"using":"xpath","value":"//input[@id=\"application-managepartners-display-component---NewPartner--companyCodeComboBox-inner\"]"}
RESULT: {"using":"xpath","value":"//input[@id=\"application-managepartners-display-component---NewPartner--companyCodeComboBox-inner\"]"}
COMMAND: POST /session/2244ff7962b0b6fa4a7d495ddc40b06b/element/f.FC05DF9C3021EB39F8DA3FE791B32878.d.F6F902D0C27C2D394131B7521386D3EB.e.1412/clear - {}
RESULT: {}
COMMAND: POST /session/2244ff7962b0b6fa4a7d495ddc40b06b/element/f.FC05DF9C3021EB39F8DA3FE791B32878.d.F6F902D0C27C2D394131B7521386D3EB.e.1412/value - {"text":"1000"}
COMMAND: GET /session/2244ff7962b0b6fa4a7d495ddc40b06b/screenshot - {}
RESULT: {"text":"1000"}
COMMAND: GET /session/2244ff7962b0b6fa4a7d495ddc40b06b/screenshot - {}
RESULT: {}
RESULT: {}
COMMAND: POST /session/2244ff7962b0b6fa4a7d495ddc40b06b/element - {"using":"xpath","value":"//li[.//span[text()= \"1000\"]]"}
RESULT: {"using":"xpath","value":"//li[.//span[text()= \"1000\"]]"}
COMMAND: POST /session/2244ff7962b0b6fa4a7d495ddc40b06b/element/f.FC05DF9C3021EB39F8DA3FE791B32878.d.F6F902D0C27C2D394131B7521386D3EB.e.1579/click - {}
RESULT: {}
COMMAND: GET /session/2244ff7962b0b6fa4a7d495ddc40b06b/screenshot - {}
RESULT: {}
COMMAND: POST /session/2244ff7962b0b6fa4a7d495ddc40b06b/execute/async - {"script":"<script> [1562 bytes]","args":[{"selector":{"id":"application-managepartners-display-component---NewPartner--btnAddTableRow-img"},"wdio_ui5_key":"applicationmanagepartners-display-component---NewPartner--btnAddTableRow-img"}]}
RESULT: {"script":"<script> [1562 bytes]","args":[{"selector":{"id":"application-managepartners-display-component---NewPartner--btnAddTableRow-img"},"wdio_ui5_key":"applicationmanagepartners-display-component---NewPartner--btnAddTableRow-img"}]}
RESULT: undefined
COMMAND: POST /session/2244ff7962b0b6fa4a7d495ddc40b06b/element - {"using":"xpath","value":"//*[@id=\"application-managepartners-display-component---NewPartner--btnAddTableRow-img\"]"}
RESULT: {"using":"xpath","value":"//*[@id=\"application-managepartners-display-component---NewPartner--btnAddTableRow-img\"]"}
COMMAND: POST /session/2244ff7962b0b6fa4a7d495ddc40b06b/element/f.FC05DF9C3021EB39F8DA3FE791B32878.d.F6F902D0C27C2D394131B7521386D3EB.e.1580/click - {}
RESULT: {}
COMMAND: GET /session/2244ff7962b0b6fa4a7d495ddc40b06b/screenshot - {}
RESULT: {}
COMMAND: POST /session/2244ff7962b0b6fa4a7d495ddc40b06b/element - {"using":"xpath","value":"//input[@id=\"application-managepartners-display-component---NewPartner--assignmentYard-application-managepartners-display-component---NewPartner--assignmentsTable-0-inner\"]"}
RESULT: {"using":"xpath","value":"//input[@id=\"application-managepartners-display-component---NewPartner--assignmentYard-application-managepartners-display-component---NewPartner--assignmentsTable-0-inner\"]"}
COMMAND: POST /session/2244ff7962b0b6fa4a7d495ddc40b06b/element/f.FC05DF9C3021EB39F8DA3FE791B32878.d.F6F902D0C27C2D394131B7521386D3EB.e.1583/clear - {}
RESULT: {}
COMMAND: POST /session/2244ff7962b0b6fa4a7d495ddc40b06b/element/f.FC05DF9C3021EB39F8DA3FE791B32878.d.F6F902D0C27C2D394131B7521386D3EB.e.1583/value - {"text":"607"}
COMMAND: GET /session/2244ff7962b0b6fa4a7d495ddc40b06b/screenshot - {}
RESULT: {"text":"607"}
COMMAND: GET /session/2244ff7962b0b6fa4a7d495ddc40b06b/screenshot - {}
RESULT: {}
RESULT: {}
COMMAND: POST /session/2244ff7962b0b6fa4a7d495ddc40b06b/element - {"using":"xpath","value":"//li[.//span[text()='607']]"}
RESULT: {"using":"xpath","value":"//li[.//span[text()='607']]"}
COMMAND: POST /session/2244ff7962b0b6fa4a7d495ddc40b06b/element/f.FC05DF9C3021EB39F8DA3FE791B32878.d.F6F902D0C27C2D394131B7521386D3EB.e.1592/click - {}
RESULT: {}
COMMAND: GET /session/2244ff7962b0b6fa4a7d495ddc40b06b/screenshot - {}
RESULT: {}
COMMAND: POST /session/2244ff7962b0b6fa4a7d495ddc40b06b/actions - {"actions":[{"id":"action3","type":"key","parameters":{},"actions":[{"type":"keyDown","value":"î€‡"},{"type":"pause","duration":10},{"type":"keyUp","value":"î€‡"}]}]}
RESULT: {"actions":[{"id":"action3","type":"key","parameters":{},"actions":[{"type":"keyDown","value":"î€‡"},{"type":"pause","duration":10},{"type":"keyUp","value":"î€‡"}]}]}
COMMAND: POST /session/2244ff7962b0b6fa4a7d495ddc40b06b/execute/async - {"script":"<script> [1562 bytes]","args":[{"selector":{"id":"application-managepartners-display-component---NewPartner--externalCustomerComboBox-application-managepartners-display-component---NewPartner--assignmentsTable-0-vhi"},"wdio_ui5_key":"applicationmanagepartners-display-component---NewPartner--externalCustomerComboBox-application-managepartners-display-component---NewPartner--assignmentsTable-0-vhi"}]}
COMMAND: GET /session/2244ff7962b0b6fa4a7d495ddc40b06b/screenshot - {}
RESULT: {"script":"<script> [1562 bytes]","args":[{"selector":{"id":"application-managepartners-display-component---NewPartner--externalCustomerComboBox-application-managepartners-display-component---NewPartner--assignmentsTable-0-vhi"},"wdio_ui5_key":"applicationmanagepartners-display-component---NewPartner--externalCustomerComboBox-application-managepartners-display-component---NewPartner--assignmentsTable-0-vhi"}]}
RESULT: undefined
COMMAND: POST /session/2244ff7962b0b6fa4a7d495ddc40b06b/element - {"using":"xpath","value":"//*[@id=\"application-managepartners-display-component---NewPartner--externalCustomerComboBox-application-managepartners-display-component---NewPartner--assignmentsTable-0-vhi\"]"}
RESULT: {}
RESULT: {"using":"xpath","value":"//*[@id=\"application-managepartners-display-component---NewPartner--externalCustomerComboBox-application-managepartners-display-component---NewPartner--assignmentsTable-0-vhi\"]"}
COMMAND: POST /session/2244ff7962b0b6fa4a7d495ddc40b06b/element/f.FC05DF9C3021EB39F8DA3FE791B32878.d.F6F902D0C27C2D394131B7521386D3EB.e.1596/click - {}
RESULT: {}
RESULT: undefined
COMMAND: POST /session/2244ff7962b0b6fa4a7d495ddc40b06b/execute/async - {"script":"<script> [776 bytes]","args":[{"enterText":"300003","selector":{"controlType":"sap.m.SearchField","properties":{"placeholder":"Search"},"searchOpenDialogs":true,"interaction":{"idSuffix":"I"}},"clearTextFirst":true,"interactionType":"ENTER_TEXT"}]}
COMMAND: GET /session/2244ff7962b0b6fa4a7d495ddc40b06b/screenshot - {}
RESULT: {"script":"<script> [776 bytes]","args":[{"enterText":"300003","selector":{"controlType":"sap.m.SearchField","properties":{"placeholder":"Search"},"searchOpenDialogs":true,"interaction":{"idSuffix":"I"}},"clearTextFirst":true,"interactionType":"ENTER_TEXT"}]}
COMMAND: POST /session/2244ff7962b0b6fa4a7d495ddc40b06b/actions - {"actions":[{"id":"action4","type":"key","parameters":{},"actions":[{"type":"keyDown","value":"î€‡"},{"type":"pause","duration":10},{"type":"keyUp","value":"î€‡"}]}]}
RESULT: {}
RESULT: {"actions":[{"id":"action4","type":"key","parameters":{},"actions":[{"type":"keyDown","value":"î€‡"},{"type":"pause","duration":10},{"type":"keyUp","value":"î€‡"}]}]}
COMMAND: GET /session/2244ff7962b0b6fa4a7d495ddc40b06b/screenshot - {}
RESULT: {}
COMMAND: POST /session/2244ff7962b0b6fa4a7d495ddc40b06b/element - {"using":"xpath","value":"//span[contains(text(), \"300003\")]"}
RESULT: {"using":"xpath","value":"//span[contains(text(), \"300003\")]"}
COMMAND: POST /session/2244ff7962b0b6fa4a7d495ddc40b06b/element/f.FC05DF9C3021EB39F8DA3FE791B32878.d.F6F902D0C27C2D394131B7521386D3EB.e.1613/click - {}
RESULT: {}
COMMAND: GET /session/2244ff7962b0b6fa4a7d495ddc40b06b/screenshot - {}
RESULT: {}
COMMAND: POST /session/2244ff7962b0b6fa4a7d495ddc40b06b/element - {"using":"xpath","value":"//bdi[contains(text(), \"OK\")]"}
RESULT: {"using":"xpath","value":"//bdi[contains(text(), \"OK\")]"}
COMMAND: POST /session/2244ff7962b0b6fa4a7d495ddc40b06b/element/f.FC05DF9C3021EB39F8DA3FE791B32878.d.F6F902D0C27C2D394131B7521386D3EB.e.1615/click - {}
RESULT: {}
COMMAND: GET /session/2244ff7962b0b6fa4a7d495ddc40b06b/screenshot - {}
RESULT: {}
COMMAND: POST /session/2244ff7962b0b6fa4a7d495ddc40b06b/execute/async - {"script":"<script> [1562 bytes]","args":[{"selector":{"id":"application-managepartners-display-component---NewPartner--intercompVendorComboBox-application-managepartners-display-component---NewPartner--assignmentsTable-0-vhi"},"wdio_ui5_key":"applicationmanagepartners-display-component---NewPartner--intercompVendorComboBox-application-managepartners-display-component---NewPartner--assignmentsTable-0-vhi"}]}
RESULT: {"script":"<script> [1562 bytes]","args":[{"selector":{"id":"application-managepartners-display-component---NewPartner--intercompVendorComboBox-application-managepartners-display-component---NewPartner--assignmentsTable-0-vhi"},"wdio_ui5_key":"applicationmanagepartners-display-component---NewPartner--intercompVendorComboBox-application-managepartners-display-component---NewPartner--assignmentsTable-0-vhi"}]}
RESULT: undefined
COMMAND: POST /session/2244ff7962b0b6fa4a7d495ddc40b06b/element - {"using":"xpath","value":"//*[@id=\"application-managepartners-display-component---NewPartner--intercompVendorComboBox-application-managepartners-display-component---NewPartner--assignmentsTable-0-vhi\"]"}
RESULT: {"using":"xpath","value":"//*[@id=\"application-managepartners-display-component---NewPartner--intercompVendorComboBox-application-managepartners-display-component---NewPartner--assignmentsTable-0-vhi\"]"}
COMMAND: POST /session/2244ff7962b0b6fa4a7d495ddc40b06b/element/f.FC05DF9C3021EB39F8DA3FE791B32878.d.F6F902D0C27C2D394131B7521386D3EB.e.1619/click - {}
RESULT: {}
RESULT: undefined
COMMAND: POST /session/2244ff7962b0b6fa4a7d495ddc40b06b/execute/async - {"script":"<script> [776 bytes]","args":[{"enterText":"100005","selector":{"controlType":"sap.m.SearchField","properties":{"placeholder":"Search"},"searchOpenDialogs":true,"interaction":{"idSuffix":"I"}},"clearTextFirst":true,"interactionType":"ENTER_TEXT"}]}
COMMAND: GET /session/2244ff7962b0b6fa4a7d495ddc40b06b/screenshot - {}
RESULT: {"script":"<script> [776 bytes]","args":[{"enterText":"100005","selector":{"controlType":"sap.m.SearchField","properties":{"placeholder":"Search"},"searchOpenDialogs":true,"interaction":{"idSuffix":"I"}},"clearTextFirst":true,"interactionType":"ENTER_TEXT"}]}
COMMAND: POST /session/2244ff7962b0b6fa4a7d495ddc40b06b/actions - {"actions":[{"id":"action5","type":"key","parameters":{},"actions":[{"type":"keyDown","value":"î€‡"},{"type":"pause","duration":10},{"type":"keyUp","value":"î€‡"}]}]}
RESULT: {}
RESULT: {"actions":[{"id":"action5","type":"key","parameters":{},"actions":[{"type":"keyDown","value":"î€‡"},{"type":"pause","duration":10},{"type":"keyUp","value":"î€‡"}]}]}
COMMAND: GET /session/2244ff7962b0b6fa4a7d495ddc40b06b/screenshot - {}
RESULT: {}
COMMAND: POST /session/2244ff7962b0b6fa4a7d495ddc40b06b/element - {"using":"xpath","value":"//span[contains(text(), \"Penguins - Field/12345 Berlin\")]"}
RESULT: {"using":"xpath","value":"//span[contains(text(), \"Penguins - Field/12345 Berlin\")]"}
COMMAND: POST /session/2244ff7962b0b6fa4a7d495ddc40b06b/element/f.FC05DF9C3021EB39F8DA3FE791B32878.d.F6F902D0C27C2D394131B7521386D3EB.e.1637/click - {}
RESULT: {}
COMMAND: GET /session/2244ff7962b0b6fa4a7d495ddc40b06b/screenshot - {}
RESULT: {}
COMMAND: POST /session/2244ff7962b0b6fa4a7d495ddc40b06b/element - {"using":"xpath","value":"//bdi[contains(text(), \"OK\")]"}
RESULT: {"using":"xpath","value":"//bdi[contains(text(), \"OK\")]"}
COMMAND: POST /session/2244ff7962b0b6fa4a7d495ddc40b06b/element/f.FC05DF9C3021EB39F8DA3FE791B32878.d.F6F902D0C27C2D394131B7521386D3EB.e.1638/click - {}
RESULT: {}
COMMAND: GET /session/2244ff7962b0b6fa4a7d495ddc40b06b/screenshot - {}
RESULT: {}
COMMAND: POST /session/2244ff7962b0b6fa4a7d495ddc40b06b/element - {"using":"xpath","value":"//button[@data-kt=\"saveButton\"]"}
RESULT: {"using":"xpath","value":"//button[@data-kt=\"saveButton\"]"}
COMMAND: POST /session/2244ff7962b0b6fa4a7d495ddc40b06b/element/f.FC05DF9C3021EB39F8DA3FE791B32878.d.F6F902D0C27C2D394131B7521386D3EB.e.1470/click - {}
RESULT: {}
COMMAND: GET /session/2244ff7962b0b6fa4a7d495ddc40b06b/screenshot - {}
RESULT: {}
COMMAND: POST /session/2244ff7962b0b6fa4a7d495ddc40b06b/element - {"using":"xpath","value":"//header[contains(@id, 'ObjectPageLayout-headerTitle')]/div[1]/div[2]/div[2]/span[1]"}
RESULT: {"using":"xpath","value":"//header[contains(@id, 'ObjectPageLayout-headerTitle')]/div[1]/div[2]/div[2]/span[1]"}
COMMAND: POST /session/2244ff7962b0b6fa4a7d495ddc40b06b/elements - {"using":"xpath","value":"//header[contains(@id, 'ObjectPageLayout-headerTitle')]/div[1]/div[2]/div[2]/span[1]"}
RESULT: {"using":"xpath","value":"//header[contains(@id, 'ObjectPageLayout-headerTitle')]/div[1]/div[2]/div[2]/span[1]"}
COMMAND: POST /session/2244ff7962b0b6fa4a7d495ddc40b06b/execute/sync - {"script":"<script> [56 bytes]","args":[{"element-6066-11e4-a52e-4f735466cecf":"f.FC05DF9C3021EB39F8DA3FE791B32878.d.F6F902D0C27C2D394131B7521386D3EB.e.1805","ELEMENT":"f.FC05DF9C3021EB39F8DA3FE791B32878.d.F6F902D0C27C2D394131B7521386D3EB.e.1805"}]}
RESULT: {"script":"<script> [56 bytes]","args":[{"element-6066-11e4-a52e-4f735466cecf":"f.FC05DF9C3021EB39F8DA3FE791B32878.d.F6F902D0C27C2D394131B7521386D3EB.e.1805","ELEMENT":"f.FC05DF9C3021EB39F8DA3FE791B32878.d.F6F902D0C27C2D394131B7521386D3EB.e.1805"}]}
COMMAND: POST /session/2244ff7962b0b6fa4a7d495ddc40b06b/element - {"using":"css selector","value":"#shell-header-logo"}
COMMAND: GET /session/2244ff7962b0b6fa4a7d495ddc40b06b/screenshot - {}
RESULT: {"using":"css selector","value":"#shell-header-logo"}
COMMAND: POST /session/2244ff7962b0b6fa4a7d495ddc40b06b/element/f.FC05DF9C3021EB39F8DA3FE791B32878.d.F6F902D0C27C2D394131B7521386D3EB.e.1017/click - {}
RESULT: {}
RESULT: {}
COMMAND: GET /session/2244ff7962b0b6fa4a7d495ddc40b06b/screenshot - {}
RESULT: {}
COMMAND: POST /session/2244ff7962b0b6fa4a7d495ddc40b06b/execute/sync - {"script":"<script> [299 bytes]","args":[["getModel","getResource"]]}
RESULT: {"script":"<script> [299 bytes]","args":[["getModel","getResource"]]}
COMMAND: GET /session/2244ff7962b0b6fa4a7d495ddc40b06b/screenshot - {}
]]></system-out>
    </testcase>
    <testcase classname="chrome.136_0_7103_93.windows.Tests_for_Mass_State_Change_on_Manage_States_&amp;_Performances_US104416_US" name="Prereq Should create a new site" time="179.981">
      <system-out><![CDATA[
COMMAND: POST /session/2244ff7962b0b6fa4a7d495ddc40b06b/execute/async - {"script":"<script> [1562 bytes]","args":[{"selector":{"controlType":"sap.m.GenericTile","properties":{"header":"Manage Sites"}},"wdio_ui5_key":"sapm.GenericTile{\"header\":\"Manage Sites\"}"}]}
RESULT: {}
RESULT: {"script":"<script> [1562 bytes]","args":[{"selector":{"controlType":"sap.m.GenericTile","properties":{"header":"Manage Sites"}},"wdio_ui5_key":"sapm.GenericTile{\"header\":\"Manage Sites\"}"}]}
RESULT: undefined
COMMAND: POST /session/2244ff7962b0b6fa4a7d495ddc40b06b/element - {"using":"xpath","value":"//*[@id=\"__tile40\"]"}
RESULT: {"using":"xpath","value":"//*[@id=\"__tile40\"]"}
COMMAND: POST /session/2244ff7962b0b6fa4a7d495ddc40b06b/element/f.FC05DF9C3021EB39F8DA3FE791B32878.d.F6F902D0C27C2D394131B7521386D3EB.e.147/click - {}
RESULT: {}
COMMAND: GET /session/2244ff7962b0b6fa4a7d495ddc40b06b/screenshot - {}
RESULT: {}
COMMAND: POST /session/2244ff7962b0b6fa4a7d495ddc40b06b/elements - {"using":"xpath","value":"//span[text()='Error']"}
RESULT: {"using":"xpath","value":"//span[text()='Error']"}
COMMAND: POST /session/2244ff7962b0b6fa4a7d495ddc40b06b/element - {"using":"xpath","value":"//button[@data-kt=\"addOverflowToolbarButton\"]"}
RESULT: {"using":"xpath","value":"//button[@data-kt=\"addOverflowToolbarButton\"]"}
COMMAND: POST /session/2244ff7962b0b6fa4a7d495ddc40b06b/elements - {"using":"xpath","value":"//button[@data-kt=\"addOverflowToolbarButton\"]"}
RESULT: {"using":"xpath","value":"//button[@data-kt=\"addOverflowToolbarButton\"]"}
COMMAND: POST /session/2244ff7962b0b6fa4a7d495ddc40b06b/execute/sync - {"script":"<script> [8489 bytes]","args":[{"element-6066-11e4-a52e-4f735466cecf":"f.FC05DF9C3021EB39F8DA3FE791B32878.d.F6F902D0C27C2D394131B7521386D3EB.e.1852","ELEMENT":"f.FC05DF9C3021EB39F8DA3FE791B32878.d.F6F902D0C27C2D394131B7521386D3EB.e.1852"}]}
RESULT: {"script":"<script> [8489 bytes]","args":[{"element-6066-11e4-a52e-4f735466cecf":"f.FC05DF9C3021EB39F8DA3FE791B32878.d.F6F902D0C27C2D394131B7521386D3EB.e.1852","ELEMENT":"f.FC05DF9C3021EB39F8DA3FE791B32878.d.F6F902D0C27C2D394131B7521386D3EB.e.1852"}]}
COMMAND: GET /session/2244ff7962b0b6fa4a7d495ddc40b06b/element/f.FC05DF9C3021EB39F8DA3FE791B32878.d.F6F902D0C27C2D394131B7521386D3EB.e.1852/enabled - {}
COMMAND: GET /session/2244ff7962b0b6fa4a7d495ddc40b06b/screenshot - {}
RESULT: {}
COMMAND: POST /session/2244ff7962b0b6fa4a7d495ddc40b06b/execute/sync - {"script":"<script> [8489 bytes]","args":[{"element-6066-11e4-a52e-4f735466cecf":"f.FC05DF9C3021EB39F8DA3FE791B32878.d.F6F902D0C27C2D394131B7521386D3EB.e.1852","ELEMENT":"f.FC05DF9C3021EB39F8DA3FE791B32878.d.F6F902D0C27C2D394131B7521386D3EB.e.1852"}]}
COMMAND: GET /session/2244ff7962b0b6fa4a7d495ddc40b06b/screenshot - {}
RESULT: {}
RESULT: {"script":"<script> [8489 bytes]","args":[{"element-6066-11e4-a52e-4f735466cecf":"f.FC05DF9C3021EB39F8DA3FE791B32878.d.F6F902D0C27C2D394131B7521386D3EB.e.1852","ELEMENT":"f.FC05DF9C3021EB39F8DA3FE791B32878.d.F6F902D0C27C2D394131B7521386D3EB.e.1852"}]}
COMMAND: POST /session/2244ff7962b0b6fa4a7d495ddc40b06b/execute/sync - {"script":"<script> [5351 bytes]","args":[{"element-6066-11e4-a52e-4f735466cecf":"f.FC05DF9C3021EB39F8DA3FE791B32878.d.F6F902D0C27C2D394131B7521386D3EB.e.1852","ELEMENT":"f.FC05DF9C3021EB39F8DA3FE791B32878.d.F6F902D0C27C2D394131B7521386D3EB.e.1852"}]}
COMMAND: GET /session/2244ff7962b0b6fa4a7d495ddc40b06b/screenshot - {}
RESULT: {}
RESULT: {}
RESULT: {"script":"<script> [5351 bytes]","args":[{"element-6066-11e4-a52e-4f735466cecf":"f.FC05DF9C3021EB39F8DA3FE791B32878.d.F6F902D0C27C2D394131B7521386D3EB.e.1852","ELEMENT":"f.FC05DF9C3021EB39F8DA3FE791B32878.d.F6F902D0C27C2D394131B7521386D3EB.e.1852"}]}
COMMAND: POST /session/2244ff7962b0b6fa4a7d495ddc40b06b/element/f.FC05DF9C3021EB39F8DA3FE791B32878.d.F6F902D0C27C2D394131B7521386D3EB.e.1852/click - {}
COMMAND: GET /session/2244ff7962b0b6fa4a7d495ddc40b06b/screenshot - {}
RESULT: {}
COMMAND: GET /session/2244ff7962b0b6fa4a7d495ddc40b06b/screenshot - {}
COMMAND: POST /session/2244ff7962b0b6fa4a7d495ddc40b06b/element - {"using":"xpath","value":"//input[@id=\"application-managesites-display-component---NewSite--siteId-inner\"]"}
RESULT: {}
RESULT: {}
RESULT: {"using":"xpath","value":"//input[@id=\"application-managesites-display-component---NewSite--siteId-inner\"]"}
COMMAND: POST /session/2244ff7962b0b6fa4a7d495ddc40b06b/element - {"using":"xpath","value":"//input[@id=\"application-managesites-display-component---NewSite--siteId-inner\"]"}
RESULT: {"using":"xpath","value":"//input[@id=\"application-managesites-display-component---NewSite--siteId-inner\"]"}
COMMAND: POST /session/2244ff7962b0b6fa4a7d495ddc40b06b/execute/async - {"script":"<script> [1562 bytes]","args":[{"selector":{"id":"application-managesites-display-component---NewSite--addressDetailDetailsName1","interaction":{"idSuffix":"inner"}},"wdio_ui5_key":"applicationmanagesites-display-component---NewSite--addressDetailDetailsName1"}]}
RESULT: {"script":"<script> [1562 bytes]","args":[{"selector":{"id":"application-managesites-display-component---NewSite--addressDetailDetailsName1","interaction":{"idSuffix":"inner"}},"wdio_ui5_key":"applicationmanagesites-display-component---NewSite--addressDetailDetailsName1"}]}
RESULT: undefined
COMMAND: POST /session/2244ff7962b0b6fa4a7d495ddc40b06b/execute/async - {"script":"<script> [776 bytes]","args":[{"enterText":"Intracompany Site wdIO","selector":{"id":"application-managesites-display-component---NewSite--addressDetailDetailsName1","interaction":{"idSuffix":"inner"}},"clearTextFirst":true,"interactionType":"ENTER_TEXT"}]}
RESULT: {"script":"<script> [776 bytes]","args":[{"enterText":"Intracompany Site wdIO","selector":{"id":"application-managesites-display-component---NewSite--addressDetailDetailsName1","interaction":{"idSuffix":"inner"}},"clearTextFirst":true,"interactionType":"ENTER_TEXT"}]}
COMMAND: POST /session/2244ff7962b0b6fa4a7d495ddc40b06b/execute/async - {"script":"<script> [1562 bytes]","args":[{"selector":{"id":"application-managesites-display-component---NewSite--addressDetailDetailsLanguage-arrow"},"wdio_ui5_key":"applicationmanagesites-display-component---NewSite--addressDetailDetailsLanguage-arrow"}]}
RESULT: {"script":"<script> [1562 bytes]","args":[{"selector":{"id":"application-managesites-display-component---NewSite--addressDetailDetailsLanguage-arrow"},"wdio_ui5_key":"applicationmanagesites-display-component---NewSite--addressDetailDetailsLanguage-arrow"}]}
RESULT: undefined
COMMAND: POST /session/2244ff7962b0b6fa4a7d495ddc40b06b/element - {"using":"xpath","value":"//*[@id=\"application-managesites-display-component---NewSite--addressDetailDetailsLanguage-arrow\"]"}
RESULT: {"using":"xpath","value":"//*[@id=\"application-managesites-display-component---NewSite--addressDetailDetailsLanguage-arrow\"]"}
COMMAND: POST /session/2244ff7962b0b6fa4a7d495ddc40b06b/element/f.FC05DF9C3021EB39F8DA3FE791B32878.d.F6F902D0C27C2D394131B7521386D3EB.e.2264/click - {}
RESULT: {}
COMMAND: POST /session/2244ff7962b0b6fa4a7d495ddc40b06b/element - {"using":"xpath","value":"//span[contains(text(), \"English\")]"}
COMMAND: GET /session/2244ff7962b0b6fa4a7d495ddc40b06b/screenshot - {}
RESULT: {"using":"xpath","value":"//span[contains(text(), \"English\")]"}
COMMAND: POST /session/2244ff7962b0b6fa4a7d495ddc40b06b/element/f.FC05DF9C3021EB39F8DA3FE791B32878.d.F6F902D0C27C2D394131B7521386D3EB.e.2265/click - {}
RESULT: {}
RESULT: {}
COMMAND: POST /session/2244ff7962b0b6fa4a7d495ddc40b06b/execute/async - {"script":"<script> [1562 bytes]","args":[{"selector":{"id":"application-managesites-display-component---NewSite--addressDetailDetailsCity1","interaction":{"idSuffix":"inner"}},"wdio_ui5_key":"applicationmanagesites-display-component---NewSite--addressDetailDetailsCity1"}]}
COMMAND: GET /session/2244ff7962b0b6fa4a7d495ddc40b06b/screenshot - {}
RESULT: {"script":"<script> [1562 bytes]","args":[{"selector":{"id":"application-managesites-display-component---NewSite--addressDetailDetailsCity1","interaction":{"idSuffix":"inner"}},"wdio_ui5_key":"applicationmanagesites-display-component---NewSite--addressDetailDetailsCity1"}]}
RESULT: undefined
COMMAND: POST /session/2244ff7962b0b6fa4a7d495ddc40b06b/execute/async - {"script":"<script> [776 bytes]","args":[{"enterText":"Rosario","selector":{"id":"application-managesites-display-component---NewSite--addressDetailDetailsCity1","interaction":{"idSuffix":"inner"}},"clearTextFirst":true,"interactionType":"ENTER_TEXT"}]}
RESULT: {}
RESULT: {"script":"<script> [776 bytes]","args":[{"enterText":"Rosario","selector":{"id":"application-managesites-display-component---NewSite--addressDetailDetailsCity1","interaction":{"idSuffix":"inner"}},"clearTextFirst":true,"interactionType":"ENTER_TEXT"}]}
COMMAND: POST /session/2244ff7962b0b6fa4a7d495ddc40b06b/execute/async - {"script":"<script> [1562 bytes]","args":[{"selector":{"id":"application-managesites-display-component---NewSite--addressDetailDetailsCountry-arrow"},"wdio_ui5_key":"applicationmanagesites-display-component---NewSite--addressDetailDetailsCountry-arrow"}]}
RESULT: {"script":"<script> [1562 bytes]","args":[{"selector":{"id":"application-managesites-display-component---NewSite--addressDetailDetailsCountry-arrow"},"wdio_ui5_key":"applicationmanagesites-display-component---NewSite--addressDetailDetailsCountry-arrow"}]}
RESULT: undefined
COMMAND: POST /session/2244ff7962b0b6fa4a7d495ddc40b06b/element - {"using":"xpath","value":"//*[@id=\"application-managesites-display-component---NewSite--addressDetailDetailsCountry-arrow\"]"}
RESULT: {"using":"xpath","value":"//*[@id=\"application-managesites-display-component---NewSite--addressDetailDetailsCountry-arrow\"]"}
COMMAND: POST /session/2244ff7962b0b6fa4a7d495ddc40b06b/element/f.FC05DF9C3021EB39F8DA3FE791B32878.d.F6F902D0C27C2D394131B7521386D3EB.e.2267/click - {}
RESULT: {}
COMMAND: POST /session/2244ff7962b0b6fa4a7d495ddc40b06b/element - {"using":"xpath","value":"//span[contains(text(), \"Argentina\")]"}
COMMAND: GET /session/2244ff7962b0b6fa4a7d495ddc40b06b/screenshot - {}
RESULT: {"using":"xpath","value":"//span[contains(text(), \"Argentina\")]"}
COMMAND: POST /session/2244ff7962b0b6fa4a7d495ddc40b06b/element/f.FC05DF9C3021EB39F8DA3FE791B32878.d.F6F902D0C27C2D394131B7521386D3EB.e.2269/click - {}
RESULT: {}
RESULT: {}
COMMAND: GET /session/2244ff7962b0b6fa4a7d495ddc40b06b/screenshot - {}
RESULT: {}
COMMAND: POST /session/2244ff7962b0b6fa4a7d495ddc40b06b/execute/async - {"script":"<script> [1562 bytes]","args":[{"selector":{"id":"application-managesites-display-component---NewSite--addressEditDetailsCostObjectCstType-arrow"},"wdio_ui5_key":"applicationmanagesites-display-component---NewSite--addressEditDetailsCostObjectCstType-arrow"}]}
RESULT: {"script":"<script> [1562 bytes]","args":[{"selector":{"id":"application-managesites-display-component---NewSite--addressEditDetailsCostObjectCstType-arrow"},"wdio_ui5_key":"applicationmanagesites-display-component---NewSite--addressEditDetailsCostObjectCstType-arrow"}]}
RESULT: undefined
COMMAND: POST /session/2244ff7962b0b6fa4a7d495ddc40b06b/element - {"using":"xpath","value":"//*[@id=\"application-managesites-display-component---NewSite--addressEditDetailsCostObjectCstType-arrow\"]"}
RESULT: {"using":"xpath","value":"//*[@id=\"application-managesites-display-component---NewSite--addressEditDetailsCostObjectCstType-arrow\"]"}
COMMAND: POST /session/2244ff7962b0b6fa4a7d495ddc40b06b/element/f.FC05DF9C3021EB39F8DA3FE791B32878.d.F6F902D0C27C2D394131B7521386D3EB.e.2270/click - {}
RESULT: {}
COMMAND: POST /session/2244ff7962b0b6fa4a7d495ddc40b06b/element - {"using":"xpath","value":"//span[contains(text(), \"Cost Center\")]"}
COMMAND: GET /session/2244ff7962b0b6fa4a7d495ddc40b06b/screenshot - {}
RESULT: {"using":"xpath","value":"//span[contains(text(), \"Cost Center\")]"}
COMMAND: POST /session/2244ff7962b0b6fa4a7d495ddc40b06b/element/f.FC05DF9C3021EB39F8DA3FE791B32878.d.F6F902D0C27C2D394131B7521386D3EB.e.2271/click - {}
RESULT: {}
RESULT: {}
COMMAND: GET /session/2244ff7962b0b6fa4a7d495ddc40b06b/screenshot - {}
RESULT: {}
COMMAND: POST /session/2244ff7962b0b6fa4a7d495ddc40b06b/element - {"using":"xpath","value":"//span[@id=\"application-managesites-display-component---NewSite--addressNewCostObjectCstID-vhi\"]"}
RESULT: {"using":"xpath","value":"//span[@id=\"application-managesites-display-component---NewSite--addressNewCostObjectCstID-vhi\"]"}
COMMAND: POST /session/2244ff7962b0b6fa4a7d495ddc40b06b/execute/sync - {"script":"<script> [8489 bytes]","args":[{"element-6066-11e4-a52e-4f735466cecf":"f.FC05DF9C3021EB39F8DA3FE791B32878.d.F6F902D0C27C2D394131B7521386D3EB.e.2276","ELEMENT":"f.FC05DF9C3021EB39F8DA3FE791B32878.d.F6F902D0C27C2D394131B7521386D3EB.e.2276"}]}
RESULT: {"script":"<script> [8489 bytes]","args":[{"element-6066-11e4-a52e-4f735466cecf":"f.FC05DF9C3021EB39F8DA3FE791B32878.d.F6F902D0C27C2D394131B7521386D3EB.e.2276","ELEMENT":"f.FC05DF9C3021EB39F8DA3FE791B32878.d.F6F902D0C27C2D394131B7521386D3EB.e.2276"}]}
COMMAND: POST /session/2244ff7962b0b6fa4a7d495ddc40b06b/execute/async - {"script":"<script> [1562 bytes]","args":[{"selector":{"id":"application-managesites-display-component---NewSite--addressNewCostObjectCstID-vhi"},"wdio_ui5_key":"applicationmanagesites-display-component---NewSite--addressNewCostObjectCstID-vhi"}]}
COMMAND: GET /session/2244ff7962b0b6fa4a7d495ddc40b06b/screenshot - {}
RESULT: {"script":"<script> [1562 bytes]","args":[{"selector":{"id":"application-managesites-display-component---NewSite--addressNewCostObjectCstID-vhi"},"wdio_ui5_key":"applicationmanagesites-display-component---NewSite--addressNewCostObjectCstID-vhi"}]}
RESULT: undefined
COMMAND: POST /session/2244ff7962b0b6fa4a7d495ddc40b06b/element - {"using":"xpath","value":"//*[@id=\"application-managesites-display-component---NewSite--addressNewCostObjectCstID-vhi\"]"}
RESULT: {}
RESULT: {"using":"xpath","value":"//*[@id=\"application-managesites-display-component---NewSite--addressNewCostObjectCstID-vhi\"]"}
COMMAND: POST /session/2244ff7962b0b6fa4a7d495ddc40b06b/element/f.FC05DF9C3021EB39F8DA3FE791B32878.d.F6F902D0C27C2D394131B7521386D3EB.e.2276/click - {}
RESULT: {}
COMMAND: GET /session/2244ff7962b0b6fa4a7d495ddc40b06b/screenshot - {}
RESULT: {}
RESULT: undefined
COMMAND: POST /session/2244ff7962b0b6fa4a7d495ddc40b06b/execute/async - {"script":"<script> [776 bytes]","args":[{"enterText":"10001013","selector":{"controlType":"sap.m.SearchField","properties":{"placeholder":"Search"},"searchOpenDialogs":true,"interaction":{"idSuffix":"I"}},"clearTextFirst":true,"interactionType":"ENTER_TEXT"}]}
RESULT: {"script":"<script> [776 bytes]","args":[{"enterText":"10001013","selector":{"controlType":"sap.m.SearchField","properties":{"placeholder":"Search"},"searchOpenDialogs":true,"interaction":{"idSuffix":"I"}},"clearTextFirst":true,"interactionType":"ENTER_TEXT"}]}
COMMAND: POST /session/2244ff7962b0b6fa4a7d495ddc40b06b/actions - {"actions":[{"id":"action6","type":"key","parameters":{},"actions":[{"type":"keyDown","value":"î€‡"},{"type":"pause","duration":10},{"type":"keyUp","value":"î€‡"}]}]}
RESULT: {"actions":[{"id":"action6","type":"key","parameters":{},"actions":[{"type":"keyDown","value":"î€‡"},{"type":"pause","duration":10},{"type":"keyUp","value":"î€‡"}]}]}
COMMAND: GET /session/2244ff7962b0b6fa4a7d495ddc40b06b/screenshot - {}
RESULT: {}
COMMAND: POST /session/2244ff7962b0b6fa4a7d495ddc40b06b/element - {"using":"xpath","value":"//span[contains(text(), \"General Management\")]"}
RESULT: {"using":"xpath","value":"//span[contains(text(), \"General Management\")]"}
COMMAND: POST /session/2244ff7962b0b6fa4a7d495ddc40b06b/element/f.FC05DF9C3021EB39F8DA3FE791B32878.d.F6F902D0C27C2D394131B7521386D3EB.e.2316/click - {}
RESULT: {}
COMMAND: GET /session/2244ff7962b0b6fa4a7d495ddc40b06b/screenshot - {}
RESULT: {}
COMMAND: POST /session/2244ff7962b0b6fa4a7d495ddc40b06b/element - {"using":"xpath","value":"//bdi[contains(text(), \"OK\")]"}
RESULT: {"using":"xpath","value":"//bdi[contains(text(), \"OK\")]"}
COMMAND: POST /session/2244ff7962b0b6fa4a7d495ddc40b06b/element/f.FC05DF9C3021EB39F8DA3FE791B32878.d.F6F902D0C27C2D394131B7521386D3EB.e.2317/click - {}
RESULT: {}
COMMAND: GET /session/2244ff7962b0b6fa4a7d495ddc40b06b/screenshot - {}
RESULT: {}
COMMAND: POST /session/2244ff7962b0b6fa4a7d495ddc40b06b/element - {"using":"xpath","value":"//input[@id=\"application-managesites-display-component---NewSite--addressDetailDetailsCalendar-inner\"]"}
RESULT: {"using":"xpath","value":"//input[@id=\"application-managesites-display-component---NewSite--addressDetailDetailsCalendar-inner\"]"}
COMMAND: POST /session/2244ff7962b0b6fa4a7d495ddc40b06b/element/f.FC05DF9C3021EB39F8DA3FE791B32878.d.F6F902D0C27C2D394131B7521386D3EB.e.2061/clear - {}
RESULT: {}
COMMAND: POST /session/2244ff7962b0b6fa4a7d495ddc40b06b/element/f.FC05DF9C3021EB39F8DA3FE791B32878.d.F6F902D0C27C2D394131B7521386D3EB.e.2061/value - {"text":"Unit"}
COMMAND: GET /session/2244ff7962b0b6fa4a7d495ddc40b06b/screenshot - {}
RESULT: {"text":"Unit"}
COMMAND: GET /session/2244ff7962b0b6fa4a7d495ddc40b06b/screenshot - {}
RESULT: {}
RESULT: {}
COMMAND: POST /session/2244ff7962b0b6fa4a7d495ddc40b06b/actions - {"actions":[{"id":"action7","type":"key","parameters":{},"actions":[{"type":"keyDown","value":"î€‡"},{"type":"pause","duration":10},{"type":"keyUp","value":"î€‡"}]}]}
RESULT: {"actions":[{"id":"action7","type":"key","parameters":{},"actions":[{"type":"keyDown","value":"î€‡"},{"type":"pause","duration":10},{"type":"keyUp","value":"î€‡"}]}]}
COMMAND: POST /session/2244ff7962b0b6fa4a7d495ddc40b06b/element - {"using":"xpath","value":"//input[@id=\"application-managesites-display-component---NewSite--addressDetailDetailsYard-inner\"]"}
COMMAND: GET /session/2244ff7962b0b6fa4a7d495ddc40b06b/screenshot - {}
RESULT: {"using":"xpath","value":"//input[@id=\"application-managesites-display-component---NewSite--addressDetailDetailsYard-inner\"]"}
COMMAND: POST /session/2244ff7962b0b6fa4a7d495ddc40b06b/element/f.FC05DF9C3021EB39F8DA3FE791B32878.d.F6F902D0C27C2D394131B7521386D3EB.e.2062/clear - {}
RESULT: {}
RESULT: {}
COMMAND: POST /session/2244ff7962b0b6fa4a7d495ddc40b06b/element/f.FC05DF9C3021EB39F8DA3FE791B32878.d.F6F902D0C27C2D394131B7521386D3EB.e.2062/value - {"text":"607"}
COMMAND: GET /session/2244ff7962b0b6fa4a7d495ddc40b06b/screenshot - {}
RESULT: {"text":"607"}
COMMAND: GET /session/2244ff7962b0b6fa4a7d495ddc40b06b/screenshot - {}
RESULT: {}
RESULT: {}
COMMAND: POST /session/2244ff7962b0b6fa4a7d495ddc40b06b/element - {"using":"xpath","value":"//li[.//span[text()='607']]"}
RESULT: {"using":"xpath","value":"//li[.//span[text()='607']]"}
COMMAND: POST /session/2244ff7962b0b6fa4a7d495ddc40b06b/element/f.FC05DF9C3021EB39F8DA3FE791B32878.d.F6F902D0C27C2D394131B7521386D3EB.e.2325/click - {}
RESULT: {}
COMMAND: GET /session/2244ff7962b0b6fa4a7d495ddc40b06b/screenshot - {}
RESULT: {}
COMMAND: POST /session/2244ff7962b0b6fa4a7d495ddc40b06b/element - {"using":"xpath","value":"//input[@id=\"application-managesites-display-component---NewSite--addressDetailDetailsPartner-inner\"]"}
RESULT: {"using":"xpath","value":"//input[@id=\"application-managesites-display-component---NewSite--addressDetailDetailsPartner-inner\"]"}
COMMAND: POST /session/2244ff7962b0b6fa4a7d495ddc40b06b/element - {"using":"xpath","value":"//input[@id=\"application-managesites-display-component---NewSite--addressDetailDetailsPartner-inner\"]"}
RESULT: {"using":"xpath","value":"//input[@id=\"application-managesites-display-component---NewSite--addressDetailDetailsPartner-inner\"]"}
COMMAND: POST /session/2244ff7962b0b6fa4a7d495ddc40b06b/element - {"using":"xpath","value":"//button[@data-kt=\"saveButton\"]"}
RESULT: {"using":"xpath","value":"//button[@data-kt=\"saveButton\"]"}
COMMAND: POST /session/2244ff7962b0b6fa4a7d495ddc40b06b/element/f.FC05DF9C3021EB39F8DA3FE791B32878.d.F6F902D0C27C2D394131B7521386D3EB.e.2213/click - {}
RESULT: {}
COMMAND: GET /session/2244ff7962b0b6fa4a7d495ddc40b06b/screenshot - {}
RESULT: {}
COMMAND: POST /session/2244ff7962b0b6fa4a7d495ddc40b06b/element - {"using":"xpath","value":"//header[contains(@id, 'ObjectPageLayout-headerTitle')]/div[1]/div[2]/div[2]/span[1]"}
RESULT: {"using":"xpath","value":"//header[contains(@id, 'ObjectPageLayout-headerTitle')]/div[1]/div[2]/div[2]/span[1]"}
COMMAND: POST /session/2244ff7962b0b6fa4a7d495ddc40b06b/elements - {"using":"xpath","value":"//header[contains(@id, 'ObjectPageLayout-headerTitle')]/div[1]/div[2]/div[2]/span[1]"}
RESULT: {"using":"xpath","value":"//header[contains(@id, 'ObjectPageLayout-headerTitle')]/div[1]/div[2]/div[2]/span[1]"}
COMMAND: POST /session/2244ff7962b0b6fa4a7d495ddc40b06b/execute/sync - {"script":"<script> [56 bytes]","args":[{"element-6066-11e4-a52e-4f735466cecf":"f.FC05DF9C3021EB39F8DA3FE791B32878.d.F6F902D0C27C2D394131B7521386D3EB.e.2529","ELEMENT":"f.FC05DF9C3021EB39F8DA3FE791B32878.d.F6F902D0C27C2D394131B7521386D3EB.e.2529"}]}
RESULT: {"script":"<script> [56 bytes]","args":[{"element-6066-11e4-a52e-4f735466cecf":"f.FC05DF9C3021EB39F8DA3FE791B32878.d.F6F902D0C27C2D394131B7521386D3EB.e.2529","ELEMENT":"f.FC05DF9C3021EB39F8DA3FE791B32878.d.F6F902D0C27C2D394131B7521386D3EB.e.2529"}]}
COMMAND: POST /session/2244ff7962b0b6fa4a7d495ddc40b06b/element - {"using":"css selector","value":"#shell-header-logo"}
COMMAND: GET /session/2244ff7962b0b6fa4a7d495ddc40b06b/screenshot - {}
RESULT: {"using":"css selector","value":"#shell-header-logo"}
COMMAND: POST /session/2244ff7962b0b6fa4a7d495ddc40b06b/element/f.FC05DF9C3021EB39F8DA3FE791B32878.d.F6F902D0C27C2D394131B7521386D3EB.e.1810/click - {}
RESULT: {}
RESULT: {}
COMMAND: GET /session/2244ff7962b0b6fa4a7d495ddc40b06b/screenshot - {}
RESULT: {}
COMMAND: POST /session/2244ff7962b0b6fa4a7d495ddc40b06b/execute/sync - {"script":"<script> [299 bytes]","args":[["getModel","getResource"]]}
RESULT: {"script":"<script> [299 bytes]","args":[["getModel","getResource"]]}
COMMAND: POST /session/2244ff7962b0b6fa4a7d495ddc40b06b/actions - {"actions":[{"id":"action8","type":"key","parameters":{},"actions":[{"type":"keyDown","value":"î€‡"},{"type":"pause","duration":10},{"type":"keyUp","value":"î€‡"}]}]}
COMMAND: GET /session/2244ff7962b0b6fa4a7d495ddc40b06b/screenshot - {}
RESULT: {"actions":[{"id":"action8","type":"key","parameters":{},"actions":[{"type":"keyDown","value":"î€‡"},{"type":"pause","duration":10},{"type":"keyUp","value":"î€‡"}]}]}
COMMAND: GET /session/2244ff7962b0b6fa4a7d495ddc40b06b/screenshot - {}
RESULT: {}
RESULT: {}
COMMAND: POST /session/2244ff7962b0b6fa4a7d495ddc40b06b/refresh - {}
RESULT: {}
COMMAND: GET /session/2244ff7962b0b6fa4a7d495ddc40b06b/screenshot - {}
RESULT: {}
COMMAND: POST /session/2244ff7962b0b6fa4a7d495ddc40b06b/refresh - {}
RESULT: {}
COMMAND: GET /session/2244ff7962b0b6fa4a7d495ddc40b06b/screenshot - {}
RESULT: {}
COMMAND: POST /session/2244ff7962b0b6fa4a7d495ddc40b06b/window/fullscreen - {}
RESULT: {}
COMMAND: POST /session/2244ff7962b0b6fa4a7d495ddc40b06b/execute/async - {"script":"<script> [189 bytes]","args":[]}
RESULT: {"script":"<script> [189 bytes]","args":[]}
COMMAND: POST /session/2244ff7962b0b6fa4a7d495ddc40b06b/execute/async - {"script":"<script> [123 bytes]","args":[]}
RESULT: {"script":"<script> [123 bytes]","args":[]}
COMMAND: POST /session/2244ff7962b0b6fa4a7d495ddc40b06b/timeouts - {"script":"<number>"}
RESULT: {"script":"<number>"}
COMMAND: GET /session/2244ff7962b0b6fa4a7d495ddc40b06b/timeouts - {}
RESULT: {}
RESULT: undefined
COMMAND: POST /session/2244ff7962b0b6fa4a7d495ddc40b06b/execute/async - {"script":"<script> [2676 bytes]","args":[]}
RESULT: {"script":"<script> [2676 bytes]","args":[]}
COMMAND: POST /session/2244ff7962b0b6fa4a7d495ddc40b06b/execute/async - {"script":"<script> [2342 bytes]","args":[{"protocol":"http","hostname":"0.0.0.0","path":"/","capabilities":{"browserName":"chrome","goog:chromeOptions":{"binary":"C:\\Program Files\\Google\\Chrome\\Application\\chrome.exe","args":["--start-maximized"]}},"logLevel":"warn","connectionRetryTimeout":120000,"connectionRetryCount":3,"logLevels":{},"enableDirectConnect":true,"strictSSL":true,"_":"65 more keys: [\"cacheDir\",\"port\",\"requestedCapabilities\",\"automationProtocol\",\"baseUrl\",\"waitforInterval\",\"waitforTimeout\",\"onReload\",\"beforeCommand\",\"afterCommand\",\"rootDir\",\"specs\",\"suites\",\"exclude\",\"groupLogsByTestSpec\",\"excludeDriverLogs\",\"bail\",\"framework\",\"reporters\",\"services\",\"maxInstances\",\"maxInstancesPerCapability\",\"injectGlobals\",\"filesToWatch\",\"execArgv\",\"runnerEnv\",\"runner\",\"shard\",\"specFileRetries\",\"specFileRetriesDelay\",\"specFileRetriesDeferred\",\"reporterSyncInterval\",\"reporterSyncTimeout\",\"cucumberFeaturesWithLineNumbers\",\"autoCompileOpts\",\"mochaOpts\",\"jasmineOpts\",\"cucumberOpts\",\"onPrepare\",\"onWorkerStart\",\"onWorkerEnd\",\"before\",\"beforeSession\",\"beforeSuite\",\"beforeHook\",\"beforeTest\",\"afterTest\",\"afterHook\",\"afterSuite\",\"afterSession\",\"after\",\"onComplete\",\"beforeAssertion\",\"afterAssertion\",\"beforeFeature\",\"beforeScenario\",\"beforeStep\",\"afterStep\",\"afterScenario\",\"afterFeature\",\"_\",\"suite\",\"$0\",\"ignoredWorkerServices\",\"wdi5\"]"}]}
RESULT: {"script":"<script> [2342 bytes]","args":[{"protocol":"http","hostname":"0.0.0.0","path":"/","capabilities":{"browserName":"chrome","goog:chromeOptions":{"binary":"C:\\Program Files\\Google\\Chrome\\Application\\chrome.exe","args":["--start-maximized"]}},"logLevel":"warn","connectionRetryTimeout":120000,"connectionRetryCount":3,"logLevels":{},"enableDirectConnect":true,"strictSSL":true,"_":"65 more keys: [\"cacheDir\",\"port\",\"requestedCapabilities\",\"automationProtocol\",\"baseUrl\",\"waitforInterval\",\"waitforTimeout\",\"onReload\",\"beforeCommand\",\"afterCommand\",\"rootDir\",\"specs\",\"suites\",\"exclude\",\"groupLogsByTestSpec\",\"excludeDriverLogs\",\"bail\",\"framework\",\"reporters\",\"services\",\"maxInstances\",\"maxInstancesPerCapability\",\"injectGlobals\",\"filesToWatch\",\"execArgv\",\"runnerEnv\",\"runner\",\"shard\",\"specFileRetries\",\"specFileRetriesDelay\",\"specFileRetriesDeferred\",\"reporterSyncInterval\",\"reporterSyncTimeout\",\"cucumberFeaturesWithLineNumbers\",\"autoCompileOpts\",\"mochaOpts\",\"jasmineOpts\",\"cucumberOpts\",\"onPrepare\",\"onWorkerStart\",\"onWorkerEnd\",\"before\",\"beforeSession\",\"beforeSuite\",\"beforeHook\",\"beforeTest\",\"afterTest\",\"afterHook\",\"afterSuite\",\"afterSession\",\"after\",\"onComplete\",\"beforeAssertion\",\"afterAssertion\",\"beforeFeature\",\"beforeScenario\",\"beforeStep\",\"afterStep\",\"afterScenario\",\"afterFeature\",\"_\",\"suite\",\"$0\",\"ignoredWorkerServices\",\"wdi5\"]"}]}
COMMAND: POST /session/2244ff7962b0b6fa4a7d495ddc40b06b/execute/async - {"script":"<script> [21126 bytes]","args":[35000]}
RESULT: {"script":"<script> [21126 bytes]","args":[35000]}
COMMAND: POST /session/2244ff7962b0b6fa4a7d495ddc40b06b/window/fullscreen - {}
RESULT: {}
]]></system-out>
    </testcase>
    <testcase classname="chrome.136_0_7103_93.windows.Tests_for_Mass_State_Change_on_Manage_States_&amp;_Performances_US104416_US" name="Prereq Should create a new equipment multipart" time="155.861">
      <system-out><![CDATA[
COMMAND: POST /session/2244ff7962b0b6fa4a7d495ddc40b06b/execute/async - {"script":"<script> [1562 bytes]","args":[{"selector":{"controlType":"sap.m.GenericTile","properties":{"header":"Manage Resources"}},"wdio_ui5_key":"sapm.GenericTile{\"header\":\"Manage Resources\"}"}]}
RESULT: {"script":"<script> [1562 bytes]","args":[{"selector":{"controlType":"sap.m.GenericTile","properties":{"header":"Manage Resources"}},"wdio_ui5_key":"sapm.GenericTile{\"header\":\"Manage Resources\"}"}]}
RESULT: undefined
COMMAND: POST /session/2244ff7962b0b6fa4a7d495ddc40b06b/element - {"using":"xpath","value":"//*[@id=\"__tile31\"]"}
RESULT: {"using":"xpath","value":"//*[@id=\"__tile31\"]"}
COMMAND: POST /session/2244ff7962b0b6fa4a7d495ddc40b06b/element/f.FC05DF9C3021EB39F8DA3FE791B32878.d.314A13343E1551072B4C841069D3B041.e.2679/click - {}
RESULT: {}
COMMAND: GET /session/2244ff7962b0b6fa4a7d495ddc40b06b/screenshot - {}
RESULT: {}
COMMAND: POST /session/2244ff7962b0b6fa4a7d495ddc40b06b/elements - {"using":"xpath","value":"//span[text()='Error']"}
RESULT: {"using":"xpath","value":"//span[text()='Error']"}
COMMAND: POST /session/2244ff7962b0b6fa4a7d495ddc40b06b/element - {"using":"xpath","value":"//button[@data-kt=\"addNewRUOverflowToolbarButton\"]"}
RESULT: {"using":"xpath","value":"//button[@data-kt=\"addNewRUOverflowToolbarButton\"]"}
COMMAND: POST /session/2244ff7962b0b6fa4a7d495ddc40b06b/elements - {"using":"xpath","value":"//button[@data-kt=\"addNewRUOverflowToolbarButton\"]"}
RESULT: {"using":"xpath","value":"//button[@data-kt=\"addNewRUOverflowToolbarButton\"]"}
COMMAND: POST /session/2244ff7962b0b6fa4a7d495ddc40b06b/elements - {"using":"xpath","value":"//button[@data-kt=\"addNewRUOverflowToolbarButton\"]"}
RESULT: {"using":"xpath","value":"//button[@data-kt=\"addNewRUOverflowToolbarButton\"]"}
COMMAND: POST /session/2244ff7962b0b6fa4a7d495ddc40b06b/elements - {"using":"xpath","value":"//button[@data-kt=\"addNewRUOverflowToolbarButton\"]"}
RESULT: {"using":"xpath","value":"//button[@data-kt=\"addNewRUOverflowToolbarButton\"]"}
COMMAND: POST /session/2244ff7962b0b6fa4a7d495ddc40b06b/elements - {"using":"xpath","value":"//button[@data-kt=\"addNewRUOverflowToolbarButton\"]"}
RESULT: {"using":"xpath","value":"//button[@data-kt=\"addNewRUOverflowToolbarButton\"]"}
COMMAND: POST /session/2244ff7962b0b6fa4a7d495ddc40b06b/elements - {"using":"xpath","value":"//button[@data-kt=\"addNewRUOverflowToolbarButton\"]"}
RESULT: {"using":"xpath","value":"//button[@data-kt=\"addNewRUOverflowToolbarButton\"]"}
COMMAND: POST /session/2244ff7962b0b6fa4a7d495ddc40b06b/elements - {"using":"xpath","value":"//button[@data-kt=\"addNewRUOverflowToolbarButton\"]"}
RESULT: {"using":"xpath","value":"//button[@data-kt=\"addNewRUOverflowToolbarButton\"]"}
COMMAND: POST /session/2244ff7962b0b6fa4a7d495ddc40b06b/elements - {"using":"xpath","value":"//button[@data-kt=\"addNewRUOverflowToolbarButton\"]"}
RESULT: {"using":"xpath","value":"//button[@data-kt=\"addNewRUOverflowToolbarButton\"]"}
COMMAND: POST /session/2244ff7962b0b6fa4a7d495ddc40b06b/elements - {"using":"xpath","value":"//button[@data-kt=\"addNewRUOverflowToolbarButton\"]"}
RESULT: {"using":"xpath","value":"//button[@data-kt=\"addNewRUOverflowToolbarButton\"]"}
COMMAND: POST /session/2244ff7962b0b6fa4a7d495ddc40b06b/elements - {"using":"xpath","value":"//button[@data-kt=\"addNewRUOverflowToolbarButton\"]"}
RESULT: {"using":"xpath","value":"//button[@data-kt=\"addNewRUOverflowToolbarButton\"]"}
COMMAND: POST /session/2244ff7962b0b6fa4a7d495ddc40b06b/elements - {"using":"xpath","value":"//button[@data-kt=\"addNewRUOverflowToolbarButton\"]"}
RESULT: {"using":"xpath","value":"//button[@data-kt=\"addNewRUOverflowToolbarButton\"]"}
COMMAND: POST /session/2244ff7962b0b6fa4a7d495ddc40b06b/elements - {"using":"xpath","value":"//button[@data-kt=\"addNewRUOverflowToolbarButton\"]"}
RESULT: {"using":"xpath","value":"//button[@data-kt=\"addNewRUOverflowToolbarButton\"]"}
COMMAND: POST /session/2244ff7962b0b6fa4a7d495ddc40b06b/elements - {"using":"xpath","value":"//button[@data-kt=\"addNewRUOverflowToolbarButton\"]"}
RESULT: {"using":"xpath","value":"//button[@data-kt=\"addNewRUOverflowToolbarButton\"]"}
COMMAND: POST /session/2244ff7962b0b6fa4a7d495ddc40b06b/elements - {"using":"xpath","value":"//button[@data-kt=\"addNewRUOverflowToolbarButton\"]"}
RESULT: {"using":"xpath","value":"//button[@data-kt=\"addNewRUOverflowToolbarButton\"]"}
COMMAND: POST /session/2244ff7962b0b6fa4a7d495ddc40b06b/elements - {"using":"xpath","value":"//button[@data-kt=\"addNewRUOverflowToolbarButton\"]"}
RESULT: {"using":"xpath","value":"//button[@data-kt=\"addNewRUOverflowToolbarButton\"]"}
COMMAND: POST /session/2244ff7962b0b6fa4a7d495ddc40b06b/elements - {"using":"xpath","value":"//button[@data-kt=\"addNewRUOverflowToolbarButton\"]"}
RESULT: {"using":"xpath","value":"//button[@data-kt=\"addNewRUOverflowToolbarButton\"]"}
COMMAND: POST /session/2244ff7962b0b6fa4a7d495ddc40b06b/elements - {"using":"xpath","value":"//button[@data-kt=\"addNewRUOverflowToolbarButton\"]"}
RESULT: {"using":"xpath","value":"//button[@data-kt=\"addNewRUOverflowToolbarButton\"]"}
COMMAND: POST /session/2244ff7962b0b6fa4a7d495ddc40b06b/elements - {"using":"xpath","value":"//button[@data-kt=\"addNewRUOverflowToolbarButton\"]"}
RESULT: {"using":"xpath","value":"//button[@data-kt=\"addNewRUOverflowToolbarButton\"]"}
COMMAND: POST /session/2244ff7962b0b6fa4a7d495ddc40b06b/elements - {"using":"xpath","value":"//button[@data-kt=\"addNewRUOverflowToolbarButton\"]"}
RESULT: {"using":"xpath","value":"//button[@data-kt=\"addNewRUOverflowToolbarButton\"]"}
COMMAND: POST /session/2244ff7962b0b6fa4a7d495ddc40b06b/elements - {"using":"xpath","value":"//button[@data-kt=\"addNewRUOverflowToolbarButton\"]"}
RESULT: {"using":"xpath","value":"//button[@data-kt=\"addNewRUOverflowToolbarButton\"]"}
COMMAND: POST /session/2244ff7962b0b6fa4a7d495ddc40b06b/elements - {"using":"xpath","value":"//button[@data-kt=\"addNewRUOverflowToolbarButton\"]"}
RESULT: {"using":"xpath","value":"//button[@data-kt=\"addNewRUOverflowToolbarButton\"]"}
COMMAND: POST /session/2244ff7962b0b6fa4a7d495ddc40b06b/elements - {"using":"xpath","value":"//button[@data-kt=\"addNewRUOverflowToolbarButton\"]"}
RESULT: {"using":"xpath","value":"//button[@data-kt=\"addNewRUOverflowToolbarButton\"]"}
COMMAND: POST /session/2244ff7962b0b6fa4a7d495ddc40b06b/elements - {"using":"xpath","value":"//button[@data-kt=\"addNewRUOverflowToolbarButton\"]"}
RESULT: {"using":"xpath","value":"//button[@data-kt=\"addNewRUOverflowToolbarButton\"]"}
COMMAND: POST /session/2244ff7962b0b6fa4a7d495ddc40b06b/elements - {"using":"xpath","value":"//button[@data-kt=\"addNewRUOverflowToolbarButton\"]"}
RESULT: {"using":"xpath","value":"//button[@data-kt=\"addNewRUOverflowToolbarButton\"]"}
COMMAND: POST /session/2244ff7962b0b6fa4a7d495ddc40b06b/elements - {"using":"xpath","value":"//button[@data-kt=\"addNewRUOverflowToolbarButton\"]"}
RESULT: {"using":"xpath","value":"//button[@data-kt=\"addNewRUOverflowToolbarButton\"]"}
COMMAND: POST /session/2244ff7962b0b6fa4a7d495ddc40b06b/elements - {"using":"xpath","value":"//button[@data-kt=\"addNewRUOverflowToolbarButton\"]"}
RESULT: {"using":"xpath","value":"//button[@data-kt=\"addNewRUOverflowToolbarButton\"]"}
COMMAND: POST /session/2244ff7962b0b6fa4a7d495ddc40b06b/elements - {"using":"xpath","value":"//button[@data-kt=\"addNewRUOverflowToolbarButton\"]"}
RESULT: {"using":"xpath","value":"//button[@data-kt=\"addNewRUOverflowToolbarButton\"]"}
COMMAND: POST /session/2244ff7962b0b6fa4a7d495ddc40b06b/elements - {"using":"xpath","value":"//button[@data-kt=\"addNewRUOverflowToolbarButton\"]"}
RESULT: {"using":"xpath","value":"//button[@data-kt=\"addNewRUOverflowToolbarButton\"]"}
COMMAND: POST /session/2244ff7962b0b6fa4a7d495ddc40b06b/element - {"using":"xpath","value":"//button[@data-kt=\"addNewRUOverflowToolbarButton\"]"}
RESULT: {"using":"xpath","value":"//button[@data-kt=\"addNewRUOverflowToolbarButton\"]"}
COMMAND: POST /session/2244ff7962b0b6fa4a7d495ddc40b06b/execute/sync - {"script":"<script> [8489 bytes]","args":[{"element-6066-11e4-a52e-4f735466cecf":"f.FC05DF9C3021EB39F8DA3FE791B32878.d.314A13343E1551072B4C841069D3B041.e.2901","ELEMENT":"f.FC05DF9C3021EB39F8DA3FE791B32878.d.314A13343E1551072B4C841069D3B041.e.2901"}]}
RESULT: {"script":"<script> [8489 bytes]","args":[{"element-6066-11e4-a52e-4f735466cecf":"f.FC05DF9C3021EB39F8DA3FE791B32878.d.314A13343E1551072B4C841069D3B041.e.2901","ELEMENT":"f.FC05DF9C3021EB39F8DA3FE791B32878.d.314A13343E1551072B4C841069D3B041.e.2901"}]}
COMMAND: GET /session/2244ff7962b0b6fa4a7d495ddc40b06b/element/f.FC05DF9C3021EB39F8DA3FE791B32878.d.314A13343E1551072B4C841069D3B041.e.2901/enabled - {}
COMMAND: GET /session/2244ff7962b0b6fa4a7d495ddc40b06b/screenshot - {}
RESULT: {}
COMMAND: POST /session/2244ff7962b0b6fa4a7d495ddc40b06b/execute/sync - {"script":"<script> [8489 bytes]","args":[{"element-6066-11e4-a52e-4f735466cecf":"f.FC05DF9C3021EB39F8DA3FE791B32878.d.314A13343E1551072B4C841069D3B041.e.2901","ELEMENT":"f.FC05DF9C3021EB39F8DA3FE791B32878.d.314A13343E1551072B4C841069D3B041.e.2901"}]}
COMMAND: GET /session/2244ff7962b0b6fa4a7d495ddc40b06b/screenshot - {}
RESULT: {}
RESULT: {"script":"<script> [8489 bytes]","args":[{"element-6066-11e4-a52e-4f735466cecf":"f.FC05DF9C3021EB39F8DA3FE791B32878.d.314A13343E1551072B4C841069D3B041.e.2901","ELEMENT":"f.FC05DF9C3021EB39F8DA3FE791B32878.d.314A13343E1551072B4C841069D3B041.e.2901"}]}
COMMAND: POST /session/2244ff7962b0b6fa4a7d495ddc40b06b/execute/sync - {"script":"<script> [5351 bytes]","args":[{"element-6066-11e4-a52e-4f735466cecf":"f.FC05DF9C3021EB39F8DA3FE791B32878.d.314A13343E1551072B4C841069D3B041.e.2901","ELEMENT":"f.FC05DF9C3021EB39F8DA3FE791B32878.d.314A13343E1551072B4C841069D3B041.e.2901"}]}
COMMAND: GET /session/2244ff7962b0b6fa4a7d495ddc40b06b/screenshot - {}
RESULT: {}
RESULT: {"script":"<script> [5351 bytes]","args":[{"element-6066-11e4-a52e-4f735466cecf":"f.FC05DF9C3021EB39F8DA3FE791B32878.d.314A13343E1551072B4C841069D3B041.e.2901","ELEMENT":"f.FC05DF9C3021EB39F8DA3FE791B32878.d.314A13343E1551072B4C841069D3B041.e.2901"}]}
COMMAND: POST /session/2244ff7962b0b6fa4a7d495ddc40b06b/element/f.FC05DF9C3021EB39F8DA3FE791B32878.d.314A13343E1551072B4C841069D3B041.e.2901/click - {}
COMMAND: GET /session/2244ff7962b0b6fa4a7d495ddc40b06b/screenshot - {}
RESULT: {}
RESULT: {}
COMMAND: GET /session/2244ff7962b0b6fa4a7d495ddc40b06b/screenshot - {}
COMMAND: POST /session/2244ff7962b0b6fa4a7d495ddc40b06b/execute/async - {"script":"<script> [1562 bytes]","args":[{"selector":{"id":"application-manageresources-display-component---newResourceUnit--TYPE-arrow"},"wdio_ui5_key":"applicationmanageresources-display-component---newResourceUnit--TYPE-arrow"}]}
RESULT: {}
RESULT: {}
RESULT: {"script":"<script> [1562 bytes]","args":[{"selector":{"id":"application-manageresources-display-component---newResourceUnit--TYPE-arrow"},"wdio_ui5_key":"applicationmanageresources-display-component---newResourceUnit--TYPE-arrow"}]}
RESULT: undefined
COMMAND: POST /session/2244ff7962b0b6fa4a7d495ddc40b06b/element - {"using":"xpath","value":"//*[@id=\"application-manageresources-display-component---newResourceUnit--TYPE-arrow\"]"}
RESULT: {"using":"xpath","value":"//*[@id=\"application-manageresources-display-component---newResourceUnit--TYPE-arrow\"]"}
COMMAND: POST /session/2244ff7962b0b6fa4a7d495ddc40b06b/element/f.FC05DF9C3021EB39F8DA3FE791B32878.d.314A13343E1551072B4C841069D3B041.e.3147/click - {}
RESULT: {}
COMMAND: POST /session/2244ff7962b0b6fa4a7d495ddc40b06b/element - {"using":"xpath","value":"//input[@id=\"application-manageresources-display-component---newResourceUnit--TYPE-inner\"]"}
COMMAND: GET /session/2244ff7962b0b6fa4a7d495ddc40b06b/screenshot - {}
RESULT: {"using":"xpath","value":"//input[@id=\"application-manageresources-display-component---newResourceUnit--TYPE-inner\"]"}
COMMAND: POST /session/2244ff7962b0b6fa4a7d495ddc40b06b/element/f.FC05DF9C3021EB39F8DA3FE791B32878.d.314A13343E1551072B4C841069D3B041.e.3143/clear - {}
RESULT: {}
RESULT: {}
COMMAND: POST /session/2244ff7962b0b6fa4a7d495ddc40b06b/element/f.FC05DF9C3021EB39F8DA3FE791B32878.d.314A13343E1551072B4C841069D3B041.e.3143/value - {"text":"Equi Multipart"}
RESULT: {"text":"Equi Multipart"}
COMMAND: GET /session/2244ff7962b0b6fa4a7d495ddc40b06b/screenshot - {}
COMMAND: GET /session/2244ff7962b0b6fa4a7d495ddc40b06b/screenshot - {}
RESULT: {}
RESULT: {}
COMMAND: POST /session/2244ff7962b0b6fa4a7d495ddc40b06b/actions - {"actions":[{"id":"action9","type":"key","parameters":{},"actions":[{"type":"keyDown","value":"î€‡"},{"type":"pause","duration":10},{"type":"keyUp","value":"î€‡"}]}]}
RESULT: {"actions":[{"id":"action9","type":"key","parameters":{},"actions":[{"type":"keyDown","value":"î€‡"},{"type":"pause","duration":10},{"type":"keyUp","value":"î€‡"}]}]}
COMMAND: POST /session/2244ff7962b0b6fa4a7d495ddc40b06b/execute/async - {"script":"<script> [1562 bytes]","args":[{"selector":{"id":"application-manageresources-display-component---newResourceUnit--SHORT_TEXT","interaction":{"idSuffix":"inner"}},"wdio_ui5_key":"applicationmanageresources-display-component---newResourceUnit--SHORT_TEXT"}]}
COMMAND: GET /session/2244ff7962b0b6fa4a7d495ddc40b06b/screenshot - {}
RESULT: {"script":"<script> [1562 bytes]","args":[{"selector":{"id":"application-manageresources-display-component---newResourceUnit--SHORT_TEXT","interaction":{"idSuffix":"inner"}},"wdio_ui5_key":"applicationmanageresources-display-component---newResourceUnit--SHORT_TEXT"}]}
RESULT: undefined
COMMAND: POST /session/2244ff7962b0b6fa4a7d495ddc40b06b/execute/async - {"script":"<script> [776 bytes]","args":[{"enterText":"Equipment Multipart WDIO","selector":{"id":"application-manageresources-display-component---newResourceUnit--SHORT_TEXT","interaction":{"idSuffix":"inner"}},"clearTextFirst":true,"interactionType":"ENTER_TEXT"}]}
RESULT: {}
RESULT: {"script":"<script> [776 bytes]","args":[{"enterText":"Equipment Multipart WDIO","selector":{"id":"application-manageresources-display-component---newResourceUnit--SHORT_TEXT","interaction":{"idSuffix":"inner"}},"clearTextFirst":true,"interactionType":"ENTER_TEXT"}]}
COMMAND: POST /session/2244ff7962b0b6fa4a7d495ddc40b06b/execute/async - {"script":"<script> [1562 bytes]","args":[{"selector":{"id":"application-manageresources-display-component---newResourceUnit--BASE_UNIT_OF_MEASURE","interaction":{"idSuffix":"inner"}},"wdio_ui5_key":"applicationmanageresources-display-component---newResourceUnit--BASE_UNIT_OF_MEASURE"}]}
RESULT: {"script":"<script> [1562 bytes]","args":[{"selector":{"id":"application-manageresources-display-component---newResourceUnit--BASE_UNIT_OF_MEASURE","interaction":{"idSuffix":"inner"}},"wdio_ui5_key":"applicationmanageresources-display-component---newResourceUnit--BASE_UNIT_OF_MEASURE"}]}
RESULT: undefined
COMMAND: POST /session/2244ff7962b0b6fa4a7d495ddc40b06b/execute/async - {"script":"<script> [776 bytes]","args":[{"enterText":"Piece","selector":{"id":"application-manageresources-display-component---newResourceUnit--BASE_UNIT_OF_MEASURE","interaction":{"idSuffix":"inner"}},"clearTextFirst":true,"interactionType":"ENTER_TEXT"}]}
RESULT: {"script":"<script> [776 bytes]","args":[{"enterText":"Piece","selector":{"id":"application-manageresources-display-component---newResourceUnit--BASE_UNIT_OF_MEASURE","interaction":{"idSuffix":"inner"}},"clearTextFirst":true,"interactionType":"ENTER_TEXT"}]}
COMMAND: POST /session/2244ff7962b0b6fa4a7d495ddc40b06b/execute/async - {"script":"<script> [1562 bytes]","args":[{"selector":{"id":"application-manageresources-display-component---newResourceUnit--WEIGHT_UNIT","interaction":{"idSuffix":"inner"}},"wdio_ui5_key":"applicationmanageresources-display-component---newResourceUnit--WEIGHT_UNIT"}]}
RESULT: {"script":"<script> [1562 bytes]","args":[{"selector":{"id":"application-manageresources-display-component---newResourceUnit--WEIGHT_UNIT","interaction":{"idSuffix":"inner"}},"wdio_ui5_key":"applicationmanageresources-display-component---newResourceUnit--WEIGHT_UNIT"}]}
RESULT: undefined
COMMAND: POST /session/2244ff7962b0b6fa4a7d495ddc40b06b/execute/async - {"script":"<script> [776 bytes]","args":[{"enterText":"Gram","selector":{"id":"application-manageresources-display-component---newResourceUnit--WEIGHT_UNIT","interaction":{"idSuffix":"inner"}},"clearTextFirst":true,"interactionType":"ENTER_TEXT"}]}
RESULT: {"script":"<script> [776 bytes]","args":[{"enterText":"Gram","selector":{"id":"application-manageresources-display-component---newResourceUnit--WEIGHT_UNIT","interaction":{"idSuffix":"inner"}},"clearTextFirst":true,"interactionType":"ENTER_TEXT"}]}
COMMAND: POST /session/2244ff7962b0b6fa4a7d495ddc40b06b/execute/async - {"script":"<script> [1562 bytes]","args":[{"selector":{"id":"application-manageresources-display-component---newResourceUnit--DIMENSION_UNIT","interaction":{"idSuffix":"inner"}},"wdio_ui5_key":"applicationmanageresources-display-component---newResourceUnit--DIMENSION_UNIT"}]}
RESULT: {"script":"<script> [1562 bytes]","args":[{"selector":{"id":"application-manageresources-display-component---newResourceUnit--DIMENSION_UNIT","interaction":{"idSuffix":"inner"}},"wdio_ui5_key":"applicationmanageresources-display-component---newResourceUnit--DIMENSION_UNIT"}]}
RESULT: undefined
COMMAND: POST /session/2244ff7962b0b6fa4a7d495ddc40b06b/execute/async - {"script":"<script> [776 bytes]","args":[{"enterText":"Meter","selector":{"id":"application-manageresources-display-component---newResourceUnit--DIMENSION_UNIT","interaction":{"idSuffix":"inner"}},"clearTextFirst":true,"interactionType":"ENTER_TEXT"}]}
RESULT: {"script":"<script> [776 bytes]","args":[{"enterText":"Meter","selector":{"id":"application-manageresources-display-component---newResourceUnit--DIMENSION_UNIT","interaction":{"idSuffix":"inner"}},"clearTextFirst":true,"interactionType":"ENTER_TEXT"}]}
COMMAND: POST /session/2244ff7962b0b6fa4a7d495ddc40b06b/execute/async - {"script":"<script> [1562 bytes]","args":[{"selector":{"id":"application-manageresources-display-component---newResourceUnit--newRRUPage-anchBar-application-manageresources-display-component---newResourceUnit--control-anchor","interaction":{"idSuffix":"BDI-content"}},"wdio_ui5_key":"applicationmanageresources-display-component---newResourceUnit--newRRUPage-anchBar-application-manageresources-display-component---newResourceUnit--control-anchor"}]}
RESULT: {"script":"<script> [1562 bytes]","args":[{"selector":{"id":"application-manageresources-display-component---newResourceUnit--newRRUPage-anchBar-application-manageresources-display-component---newResourceUnit--control-anchor","interaction":{"idSuffix":"BDI-content"}},"wdio_ui5_key":"applicationmanageresources-display-component---newResourceUnit--newRRUPage-anchBar-application-manageresources-display-component---newResourceUnit--control-anchor"}]}
RESULT: undefined
COMMAND: POST /session/2244ff7962b0b6fa4a7d495ddc40b06b/element - {"using":"xpath","value":"//*[@id=\"application-manageresources-display-component---newResourceUnit--newRRUPage-anchBar-application-manageresources-display-component---newResourceUnit--control-anchor\"]"}
RESULT: {"using":"xpath","value":"//*[@id=\"application-manageresources-display-component---newResourceUnit--newRRUPage-anchBar-application-manageresources-display-component---newResourceUnit--control-anchor\"]"}
COMMAND: POST /session/2244ff7962b0b6fa4a7d495ddc40b06b/element/f.FC05DF9C3021EB39F8DA3FE791B32878.d.314A13343E1551072B4C841069D3B041.e.3217/click - {}
RESULT: {}
COMMAND: POST /session/2244ff7962b0b6fa4a7d495ddc40b06b/execute/async - {"script":"<script> [1562 bytes]","args":[{"selector":{"id":"application-manageresources-display-component---newResourceUnit--PLANNING_GROUP","interaction":{"idSuffix":"inner"}},"wdio_ui5_key":"applicationmanageresources-display-component---newResourceUnit--PLANNING_GROUP"}]}
COMMAND: GET /session/2244ff7962b0b6fa4a7d495ddc40b06b/screenshot - {}
RESULT: {"script":"<script> [1562 bytes]","args":[{"selector":{"id":"application-manageresources-display-component---newResourceUnit--PLANNING_GROUP","interaction":{"idSuffix":"inner"}},"wdio_ui5_key":"applicationmanageresources-display-component---newResourceUnit--PLANNING_GROUP"}]}
RESULT: undefined
COMMAND: POST /session/2244ff7962b0b6fa4a7d495ddc40b06b/execute/async - {"script":"<script> [776 bytes]","args":[{"enterText":"Heavy Equi","selector":{"id":"application-manageresources-display-component---newResourceUnit--PLANNING_GROUP","interaction":{"idSuffix":"inner"}},"clearTextFirst":true,"interactionType":"ENTER_TEXT"}]}
RESULT: {}
RESULT: {"script":"<script> [776 bytes]","args":[{"enterText":"Heavy Equi","selector":{"id":"application-manageresources-display-component---newResourceUnit--PLANNING_GROUP","interaction":{"idSuffix":"inner"}},"clearTextFirst":true,"interactionType":"ENTER_TEXT"}]}
COMMAND: POST /session/2244ff7962b0b6fa4a7d495ddc40b06b/execute/async - {"script":"<script> [1562 bytes]","args":[{"selector":{"id":"application-manageresources-display-component---newResourceUnit--PLANNING_INDICATOR","interaction":{"idSuffix":"inner"}},"wdio_ui5_key":"applicationmanageresources-display-component---newResourceUnit--PLANNING_INDICATOR"}]}
RESULT: {"script":"<script> [1562 bytes]","args":[{"selector":{"id":"application-manageresources-display-component---newResourceUnit--PLANNING_INDICATOR","interaction":{"idSuffix":"inner"}},"wdio_ui5_key":"applicationmanageresources-display-component---newResourceUnit--PLANNING_INDICATOR"}]}
RESULT: undefined
COMMAND: POST /session/2244ff7962b0b6fa4a7d495ddc40b06b/execute/async - {"script":"<script> [776 bytes]","args":[{"enterText":"10 - infinite","selector":{"id":"application-manageresources-display-component---newResourceUnit--PLANNING_INDICATOR","interaction":{"idSuffix":"inner"}},"clearTextFirst":true,"interactionType":"ENTER_TEXT"}]}
RESULT: {"script":"<script> [776 bytes]","args":[{"enterText":"10 - infinite","selector":{"id":"application-manageresources-display-component---newResourceUnit--PLANNING_INDICATOR","interaction":{"idSuffix":"inner"}},"clearTextFirst":true,"interactionType":"ENTER_TEXT"}]}
COMMAND: POST /session/2244ff7962b0b6fa4a7d495ddc40b06b/execute/async - {"script":"<script> [1562 bytes]","args":[{"selector":{"id":"application-manageresources-display-component---newResourceUnit--ITEM_TYPE-arrow"},"wdio_ui5_key":"applicationmanageresources-display-component---newResourceUnit--ITEM_TYPE-arrow"}]}
RESULT: {"script":"<script> [1562 bytes]","args":[{"selector":{"id":"application-manageresources-display-component---newResourceUnit--ITEM_TYPE-arrow"},"wdio_ui5_key":"applicationmanageresources-display-component---newResourceUnit--ITEM_TYPE-arrow"}]}
RESULT: undefined
COMMAND: POST /session/2244ff7962b0b6fa4a7d495ddc40b06b/element - {"using":"xpath","value":"//*[@id=\"application-manageresources-display-component---newResourceUnit--ITEM_TYPE-arrow\"]"}
RESULT: {"using":"xpath","value":"//*[@id=\"application-manageresources-display-component---newResourceUnit--ITEM_TYPE-arrow\"]"}
COMMAND: POST /session/2244ff7962b0b6fa4a7d495ddc40b06b/element/f.FC05DF9C3021EB39F8DA3FE791B32878.d.314A13343E1551072B4C841069D3B041.e.3225/click - {}
RESULT: {}
COMMAND: GET /session/2244ff7962b0b6fa4a7d495ddc40b06b/screenshot - {}
RESULT: {}
COMMAND: POST /session/2244ff7962b0b6fa4a7d495ddc40b06b/execute/async - {"script":"<script> [1562 bytes]","args":[{"selector":{"controlType":"sap.m.StandardListItem","viewName":"reusables.view.manageresources.NewResourceUnit","viewId":"application-manageresources-display-component---newResourceUnit","properties":{"title":"Pool Equipment"},"searchOpenDialogs":true,"interaction":{"idSuffix":"content"}},"wdio_ui5_key":"reusablesview.manageresources.NewResourceUnitsap.m.StandardListItem{\"title\":\"Pool Equipment\"}"}]}
RESULT: {"script":"<script> [1562 bytes]","args":[{"selector":{"controlType":"sap.m.StandardListItem","viewName":"reusables.view.manageresources.NewResourceUnit","viewId":"application-manageresources-display-component---newResourceUnit","properties":{"title":"Pool Equipment"},"searchOpenDialogs":true,"interaction":{"idSuffix":"content"}},"wdio_ui5_key":"reusablesview.manageresources.NewResourceUnitsap.m.StandardListItem{\"title\":\"Pool Equipment\"}"}]}
RESULT: undefined
COMMAND: POST /session/2244ff7962b0b6fa4a7d495ddc40b06b/element - {"using":"xpath","value":"//*[@id=\"__item199\"]"}
RESULT: {"using":"xpath","value":"//*[@id=\"__item199\"]"}
COMMAND: POST /session/2244ff7962b0b6fa4a7d495ddc40b06b/element/f.FC05DF9C3021EB39F8DA3FE791B32878.d.314A13343E1551072B4C841069D3B041.e.3227/click - {}
RESULT: {}
COMMAND: GET /session/2244ff7962b0b6fa4a7d495ddc40b06b/screenshot - {}
RESULT: {}
COMMAND: POST /session/2244ff7962b0b6fa4a7d495ddc40b06b/element - {"using":"css selector","value":"#application-manageresources-display-component---newResourceUnit--btnAddTimeSegment"}
RESULT: {"using":"css selector","value":"#application-manageresources-display-component---newResourceUnit--btnAddTimeSegment"}
COMMAND: GET /session/2244ff7962b0b6fa4a7d495ddc40b06b/element/f.FC05DF9C3021EB39F8DA3FE791B32878.d.314A13343E1551072B4C841069D3B041.e.3228/rect - {}
RESULT: {}
COMMAND: GET /session/2244ff7962b0b6fa4a7d495ddc40b06b/window/rect - {}
RESULT: {}
COMMAND: POST /session/2244ff7962b0b6fa4a7d495ddc40b06b/execute/sync - {"script":"<script> [92 bytes]","args":[]}
RESULT: {"script":"<script> [92 bytes]","args":[]}
COMMAND: POST /session/2244ff7962b0b6fa4a7d495ddc40b06b/actions - {"actions":[{"id":"action10","type":"wheel","parameters":{},"actions":[{"type":"scroll","x":-1888,"y":-32,"deltaX":0,"deltaY":0,"duration":0,"origin":{"element-6066-11e4-a52e-4f735466cecf":"f.FC05DF9C3021EB39F8DA3FE791B32878.d.314A13343E1551072B4C841069D3B041.e.3228"}}]}]}
COMMAND: GET /session/2244ff7962b0b6fa4a7d495ddc40b06b/screenshot - {}
RESULT: {}
COMMAND: POST /session/2244ff7962b0b6fa4a7d495ddc40b06b/execute/sync - {"script":"<script> [79 bytes]","args":[{"element-6066-11e4-a52e-4f735466cecf":"f.FC05DF9C3021EB39F8DA3FE791B32878.d.314A13343E1551072B4C841069D3B041.e.3228","ELEMENT":"f.FC05DF9C3021EB39F8DA3FE791B32878.d.314A13343E1551072B4C841069D3B041.e.3228"},{"block":"start","inline":"nearest"}]}
RESULT: {"script":"<script> [79 bytes]","args":[{"element-6066-11e4-a52e-4f735466cecf":"f.FC05DF9C3021EB39F8DA3FE791B32878.d.314A13343E1551072B4C841069D3B041.e.3228","ELEMENT":"f.FC05DF9C3021EB39F8DA3FE791B32878.d.314A13343E1551072B4C841069D3B041.e.3228"},{"block":"start","inline":"nearest"}]}
COMMAND: POST /session/2244ff7962b0b6fa4a7d495ddc40b06b/execute/async - {"script":"<script> [1562 bytes]","args":[{"selector":{"id":"application-manageresources-display-component---newResourceUnit--btnAddTimeSegment","interaction":{"idSuffix":"inner"}},"wdio_ui5_key":"applicationmanageresources-display-component---newResourceUnit--btnAddTimeSegment"}]}
COMMAND: GET /session/2244ff7962b0b6fa4a7d495ddc40b06b/screenshot - {}
RESULT: {"script":"<script> [1562 bytes]","args":[{"selector":{"id":"application-manageresources-display-component---newResourceUnit--btnAddTimeSegment","interaction":{"idSuffix":"inner"}},"wdio_ui5_key":"applicationmanageresources-display-component---newResourceUnit--btnAddTimeSegment"}]}
RESULT: undefined
COMMAND: POST /session/2244ff7962b0b6fa4a7d495ddc40b06b/element - {"using":"xpath","value":"//*[@id=\"application-manageresources-display-component---newResourceUnit--btnAddTimeSegment\"]"}
RESULT: {}
RESULT: {"using":"xpath","value":"//*[@id=\"application-manageresources-display-component---newResourceUnit--btnAddTimeSegment\"]"}
COMMAND: POST /session/2244ff7962b0b6fa4a7d495ddc40b06b/element/f.FC05DF9C3021EB39F8DA3FE791B32878.d.314A13343E1551072B4C841069D3B041.e.3228/click - {}
RESULT: {}
COMMAND: GET /session/2244ff7962b0b6fa4a7d495ddc40b06b/screenshot - {}
RESULT: {}
COMMAND: POST /session/2244ff7962b0b6fa4a7d495ddc40b06b/element - {"using":"xpath","value":"//input[@id=\"application-manageresources-display-component---newResourceUnit--idRuTSAdmin-application-manageresources-display-component---newResourceUnit--RUTimeSegment-0-inner\"]"}
RESULT: {"using":"xpath","value":"//input[@id=\"application-manageresources-display-component---newResourceUnit--idRuTSAdmin-application-manageresources-display-component---newResourceUnit--RUTimeSegment-0-inner\"]"}
COMMAND: POST /session/2244ff7962b0b6fa4a7d495ddc40b06b/element/f.FC05DF9C3021EB39F8DA3FE791B32878.d.314A13343E1551072B4C841069D3B041.e.3234/clear - {}
RESULT: {}
COMMAND: POST /session/2244ff7962b0b6fa4a7d495ddc40b06b/element/f.FC05DF9C3021EB39F8DA3FE791B32878.d.314A13343E1551072B4C841069D3B041.e.3234/value - {"text":"607"}
COMMAND: GET /session/2244ff7962b0b6fa4a7d495ddc40b06b/screenshot - {}
RESULT: {"text":"607"}
COMMAND: GET /session/2244ff7962b0b6fa4a7d495ddc40b06b/screenshot - {}
RESULT: {}
RESULT: {}
COMMAND: POST /session/2244ff7962b0b6fa4a7d495ddc40b06b/element - {"using":"xpath","value":"//li[.//span[text()='607']]"}
RESULT: {"using":"xpath","value":"//li[.//span[text()='607']]"}
COMMAND: POST /session/2244ff7962b0b6fa4a7d495ddc40b06b/element/f.FC05DF9C3021EB39F8DA3FE791B32878.d.314A13343E1551072B4C841069D3B041.e.3249/click - {}
RESULT: {}
COMMAND: GET /session/2244ff7962b0b6fa4a7d495ddc40b06b/screenshot - {}
RESULT: {}
COMMAND: POST /session/2244ff7962b0b6fa4a7d495ddc40b06b/element - {"using":"xpath","value":"(//span[contains(@id, \"-application-manageresources-display-component---newResourceUnit--RUTimeSegment-0-arrow\")])[5]"}
RESULT: {"using":"xpath","value":"(//span[contains(@id, \"-application-manageresources-display-component---newResourceUnit--RUTimeSegment-0-arrow\")])[5]"}
COMMAND: POST /session/2244ff7962b0b6fa4a7d495ddc40b06b/element/f.FC05DF9C3021EB39F8DA3FE791B32878.d.314A13343E1551072B4C841069D3B041.e.3250/click - {}
RESULT: {}
COMMAND: GET /session/2244ff7962b0b6fa4a7d495ddc40b06b/screenshot - {}
RESULT: {}
COMMAND: POST /session/2244ff7962b0b6fa4a7d495ddc40b06b/element - {"using":"xpath","value":"//span[contains(text(), \"PM Order\")]"}
RESULT: {"using":"xpath","value":"//span[contains(text(), \"PM Order\")]"}
COMMAND: POST /session/2244ff7962b0b6fa4a7d495ddc40b06b/element/f.FC05DF9C3021EB39F8DA3FE791B32878.d.314A13343E1551072B4C841069D3B041.e.3251/click - {}
RESULT: {}
COMMAND: GET /session/2244ff7962b0b6fa4a7d495ddc40b06b/screenshot - {}
RESULT: {}
COMMAND: POST /session/2244ff7962b0b6fa4a7d495ddc40b06b/element - {"using":"xpath","value":"(//span[contains(@id ,\"manageresources-display-component---newResourceUnit--RUTimeSegment-0-vhi\")])[1]"}
RESULT: {"using":"xpath","value":"(//span[contains(@id ,\"manageresources-display-component---newResourceUnit--RUTimeSegment-0-vhi\")])[1]"}
COMMAND: GET /session/2244ff7962b0b6fa4a7d495ddc40b06b/element/f.FC05DF9C3021EB39F8DA3FE791B32878.d.314A13343E1551072B4C841069D3B041.e.3255/rect - {}
RESULT: {}
COMMAND: GET /session/2244ff7962b0b6fa4a7d495ddc40b06b/window/rect - {}
RESULT: {}
COMMAND: POST /session/2244ff7962b0b6fa4a7d495ddc40b06b/execute/sync - {"script":"<script> [92 bytes]","args":[]}
RESULT: {"script":"<script> [92 bytes]","args":[]}
COMMAND: POST /session/2244ff7962b0b6fa4a7d495ddc40b06b/actions - {"actions":[{"id":"action11","type":"wheel","parameters":{},"actions":[{"type":"scroll","x":-1888,"y":-24,"deltaX":0,"deltaY":0,"duration":0,"origin":{"element-6066-11e4-a52e-4f735466cecf":"f.FC05DF9C3021EB39F8DA3FE791B32878.d.314A13343E1551072B4C841069D3B041.e.3255"}}]}]}
COMMAND: GET /session/2244ff7962b0b6fa4a7d495ddc40b06b/screenshot - {}
RESULT: {}
COMMAND: POST /session/2244ff7962b0b6fa4a7d495ddc40b06b/execute/sync - {"script":"<script> [79 bytes]","args":[{"element-6066-11e4-a52e-4f735466cecf":"f.FC05DF9C3021EB39F8DA3FE791B32878.d.314A13343E1551072B4C841069D3B041.e.3255","ELEMENT":"f.FC05DF9C3021EB39F8DA3FE791B32878.d.314A13343E1551072B4C841069D3B041.e.3255"},{"block":"start","inline":"nearest"}]}
RESULT: {"script":"<script> [79 bytes]","args":[{"element-6066-11e4-a52e-4f735466cecf":"f.FC05DF9C3021EB39F8DA3FE791B32878.d.314A13343E1551072B4C841069D3B041.e.3255","ELEMENT":"f.FC05DF9C3021EB39F8DA3FE791B32878.d.314A13343E1551072B4C841069D3B041.e.3255"},{"block":"start","inline":"nearest"}]}
COMMAND: GET /session/2244ff7962b0b6fa4a7d495ddc40b06b/screenshot - {}
RESULT: {}
COMMAND: POST /session/2244ff7962b0b6fa4a7d495ddc40b06b/element/f.FC05DF9C3021EB39F8DA3FE791B32878.d.314A13343E1551072B4C841069D3B041.e.3255/click - {}
RESULT: {}
COMMAND: GET /session/2244ff7962b0b6fa4a7d495ddc40b06b/screenshot - {}
RESULT: {}
COMMAND: POST /session/2244ff7962b0b6fa4a7d495ddc40b06b/execute/async - {"script":"<script> [1562 bytes]","args":[{"selector":{"controlType":"sap.m.SearchField","properties":{"placeholder":"Search"},"searchOpenDialogs":true,"interaction":{"idSuffix":"I"}},"wdio_ui5_key":"sapm.SearchField{\"placeholder\":\"Search\"}"}]}
RESULT: {"script":"<script> [1562 bytes]","args":[{"selector":{"controlType":"sap.m.SearchField","properties":{"placeholder":"Search"},"searchOpenDialogs":true,"interaction":{"idSuffix":"I"}},"wdio_ui5_key":"sapm.SearchField{\"placeholder\":\"Search\"}"}]}
RESULT: undefined
COMMAND: POST /session/2244ff7962b0b6fa4a7d495ddc40b06b/execute/async - {"script":"<script> [776 bytes]","args":[{"enterText":"4000360","selector":{"controlType":"sap.m.SearchField","properties":{"placeholder":"Search"},"searchOpenDialogs":true,"interaction":{"idSuffix":"I"}},"clearTextFirst":true,"interactionType":"ENTER_TEXT"}]}
RESULT: {"script":"<script> [776 bytes]","args":[{"enterText":"4000360","selector":{"controlType":"sap.m.SearchField","properties":{"placeholder":"Search"},"searchOpenDialogs":true,"interaction":{"idSuffix":"I"}},"clearTextFirst":true,"interactionType":"ENTER_TEXT"}]}
COMMAND: POST /session/2244ff7962b0b6fa4a7d495ddc40b06b/actions - {"actions":[{"id":"action12","type":"key","parameters":{},"actions":[{"type":"keyDown","value":"î€‡"},{"type":"pause","duration":10},{"type":"keyUp","value":"î€‡"}]}]}
RESULT: {"actions":[{"id":"action12","type":"key","parameters":{},"actions":[{"type":"keyDown","value":"î€‡"},{"type":"pause","duration":10},{"type":"keyUp","value":"î€‡"}]}]}
COMMAND: GET /session/2244ff7962b0b6fa4a7d495ddc40b06b/screenshot - {}
RESULT: {}
COMMAND: POST /session/2244ff7962b0b6fa4a7d495ddc40b06b/element - {"using":"xpath","value":"//td/div/span[contains(text(), \"BGL Vehicles\")]"}
RESULT: {"using":"xpath","value":"//td/div/span[contains(text(), \"BGL Vehicles\")]"}
COMMAND: POST /session/2244ff7962b0b6fa4a7d495ddc40b06b/element/f.FC05DF9C3021EB39F8DA3FE791B32878.d.314A13343E1551072B4C841069D3B041.e.3277/click - {}
RESULT: {}
COMMAND: GET /session/2244ff7962b0b6fa4a7d495ddc40b06b/screenshot - {}
RESULT: {}
COMMAND: POST /session/2244ff7962b0b6fa4a7d495ddc40b06b/element - {"using":"xpath","value":"//bdi[contains(text(), \"OK\")]"}
RESULT: {"using":"xpath","value":"//bdi[contains(text(), \"OK\")]"}
COMMAND: POST /session/2244ff7962b0b6fa4a7d495ddc40b06b/element/f.FC05DF9C3021EB39F8DA3FE791B32878.d.314A13343E1551072B4C841069D3B041.e.3278/click - {}
RESULT: {}
COMMAND: GET /session/2244ff7962b0b6fa4a7d495ddc40b06b/screenshot - {}
RESULT: {}
COMMAND: POST /session/2244ff7962b0b6fa4a7d495ddc40b06b/element - {"using":"xpath","value":"//label[contains(@class, 'sapMLabelRequired') and .//bdi[contains(text(), 'Planned Retirement')]]"}
RESULT: {"using":"xpath","value":"//label[contains(@class, 'sapMLabelRequired') and .//bdi[contains(text(), 'Planned Retirement')]]"}
COMMAND: POST /session/2244ff7962b0b6fa4a7d495ddc40b06b/elements - {"using":"xpath","value":"//label[contains(@class, 'sapMLabelRequired') and .//bdi[contains(text(), 'Planned Retirement')]]"}
RESULT: {"using":"xpath","value":"//label[contains(@class, 'sapMLabelRequired') and .//bdi[contains(text(), 'Planned Retirement')]]"}
COMMAND: POST /session/2244ff7962b0b6fa4a7d495ddc40b06b/element - {"using":"xpath","value":"//button[@data-kt=\"resourceUnitSaveButton\"]"}
RESULT: {"using":"xpath","value":"//button[@data-kt=\"resourceUnitSaveButton\"]"}
COMMAND: POST /session/2244ff7962b0b6fa4a7d495ddc40b06b/element/f.FC05DF9C3021EB39F8DA3FE791B32878.d.314A13343E1551072B4C841069D3B041.e.3166/click - {}
RESULT: {}
COMMAND: GET /session/2244ff7962b0b6fa4a7d495ddc40b06b/screenshot - {}
RESULT: {}
COMMAND: POST /session/2244ff7962b0b6fa4a7d495ddc40b06b/element - {"using":"xpath","value":"//bdi[contains(text(), \"Close\")]"}
RESULT: {"using":"xpath","value":"//bdi[contains(text(), \"Close\")]"}
COMMAND: POST /session/2244ff7962b0b6fa4a7d495ddc40b06b/element/f.FC05DF9C3021EB39F8DA3FE791B32878.d.314A13343E1551072B4C841069D3B041.e.3285/click - {}
RESULT: {}
COMMAND: GET /session/2244ff7962b0b6fa4a7d495ddc40b06b/screenshot - {}
RESULT: {}
COMMAND: POST /session/2244ff7962b0b6fa4a7d495ddc40b06b/element - {"using":"xpath","value":"//header[contains(@id, 'detailRruPage-headerTitle')]/div[1]/div[2]/div[2]/span[1]"}
RESULT: {"using":"xpath","value":"//header[contains(@id, 'detailRruPage-headerTitle')]/div[1]/div[2]/div[2]/span[1]"}
COMMAND: POST /session/2244ff7962b0b6fa4a7d495ddc40b06b/elements - {"using":"xpath","value":"//header[contains(@id, 'detailRruPage-headerTitle')]/div[1]/div[2]/div[2]/span[1]"}
RESULT: {"using":"xpath","value":"//header[contains(@id, 'detailRruPage-headerTitle')]/div[1]/div[2]/div[2]/span[1]"}
COMMAND: POST /session/2244ff7962b0b6fa4a7d495ddc40b06b/execute/sync - {"script":"<script> [56 bytes]","args":[{"element-6066-11e4-a52e-4f735466cecf":"f.FC05DF9C3021EB39F8DA3FE791B32878.d.314A13343E1551072B4C841069D3B041.e.3329","ELEMENT":"f.FC05DF9C3021EB39F8DA3FE791B32878.d.314A13343E1551072B4C841069D3B041.e.3329"}]}
RESULT: {"script":"<script> [56 bytes]","args":[{"element-6066-11e4-a52e-4f735466cecf":"f.FC05DF9C3021EB39F8DA3FE791B32878.d.314A13343E1551072B4C841069D3B041.e.3329","ELEMENT":"f.FC05DF9C3021EB39F8DA3FE791B32878.d.314A13343E1551072B4C841069D3B041.e.3329"}]}
COMMAND: POST /session/2244ff7962b0b6fa4a7d495ddc40b06b/element - {"using":"css selector","value":"#shell-header-logo"}
COMMAND: GET /session/2244ff7962b0b6fa4a7d495ddc40b06b/screenshot - {}
RESULT: {"using":"css selector","value":"#shell-header-logo"}
COMMAND: POST /session/2244ff7962b0b6fa4a7d495ddc40b06b/element/f.FC05DF9C3021EB39F8DA3FE791B32878.d.314A13343E1551072B4C841069D3B041.e.2757/click - {}
RESULT: {}
RESULT: {}
COMMAND: GET /session/2244ff7962b0b6fa4a7d495ddc40b06b/screenshot - {}
RESULT: {}
]]></system-out>
    </testcase>
    <testcase classname="chrome.136_0_7103_93.windows.Tests_for_Mass_State_Change_on_Manage_States_&amp;_Performances_US104416_US" name="Prereq Should do stock increase" time="103.072">
      <system-out><![CDATA[
COMMAND: POST /session/2244ff7962b0b6fa4a7d495ddc40b06b/execute/async - {"script":"<script> [1562 bytes]","args":[{"selector":{"controlType":"sap.m.GenericTile","properties":{"header":"Manage Handovers"}},"wdio_ui5_key":"sapm.GenericTile{\"header\":\"Manage Handovers\"}"}]}
RESULT: {"script":"<script> [1562 bytes]","args":[{"selector":{"controlType":"sap.m.GenericTile","properties":{"header":"Manage Handovers"}},"wdio_ui5_key":"sapm.GenericTile{\"header\":\"Manage Handovers\"}"}]}
RESULT: undefined
COMMAND: POST /session/2244ff7962b0b6fa4a7d495ddc40b06b/element - {"using":"xpath","value":"//*[@id=\"__tile131\"]"}
RESULT: {"using":"xpath","value":"//*[@id=\"__tile131\"]"}
COMMAND: POST /session/2244ff7962b0b6fa4a7d495ddc40b06b/element/f.FC05DF9C3021EB39F8DA3FE791B32878.d.314A13343E1551072B4C841069D3B041.e.2706/click - {}
RESULT: {}
COMMAND: GET /session/2244ff7962b0b6fa4a7d495ddc40b06b/screenshot - {}
RESULT: {}
COMMAND: POST /session/2244ff7962b0b6fa4a7d495ddc40b06b/elements - {"using":"xpath","value":"//span[text()='Error']"}
RESULT: {"using":"xpath","value":"//span[text()='Error']"}
COMMAND: POST /session/2244ff7962b0b6fa4a7d495ddc40b06b/element - {"using":"xpath","value":"//button[@data-kt=\"masterHOAddButton\"]"}
RESULT: {"using":"xpath","value":"//button[@data-kt=\"masterHOAddButton\"]"}
COMMAND: POST /session/2244ff7962b0b6fa4a7d495ddc40b06b/elements - {"using":"xpath","value":"//button[@data-kt=\"masterHOAddButton\"]"}
RESULT: {"using":"xpath","value":"//button[@data-kt=\"masterHOAddButton\"]"}
COMMAND: POST /session/2244ff7962b0b6fa4a7d495ddc40b06b/execute/sync - {"script":"<script> [8489 bytes]","args":[{"element-6066-11e4-a52e-4f735466cecf":"f.FC05DF9C3021EB39F8DA3FE791B32878.d.314A13343E1551072B4C841069D3B041.e.3361","ELEMENT":"f.FC05DF9C3021EB39F8DA3FE791B32878.d.314A13343E1551072B4C841069D3B041.e.3361"}]}
RESULT: {"script":"<script> [8489 bytes]","args":[{"element-6066-11e4-a52e-4f735466cecf":"f.FC05DF9C3021EB39F8DA3FE791B32878.d.314A13343E1551072B4C841069D3B041.e.3361","ELEMENT":"f.FC05DF9C3021EB39F8DA3FE791B32878.d.314A13343E1551072B4C841069D3B041.e.3361"}]}
COMMAND: GET /session/2244ff7962b0b6fa4a7d495ddc40b06b/element/f.FC05DF9C3021EB39F8DA3FE791B32878.d.314A13343E1551072B4C841069D3B041.e.3361/enabled - {}
COMMAND: GET /session/2244ff7962b0b6fa4a7d495ddc40b06b/screenshot - {}
RESULT: {}
COMMAND: POST /session/2244ff7962b0b6fa4a7d495ddc40b06b/execute/sync - {"script":"<script> [8489 bytes]","args":[{"element-6066-11e4-a52e-4f735466cecf":"f.FC05DF9C3021EB39F8DA3FE791B32878.d.314A13343E1551072B4C841069D3B041.e.3361","ELEMENT":"f.FC05DF9C3021EB39F8DA3FE791B32878.d.314A13343E1551072B4C841069D3B041.e.3361"}]}
COMMAND: GET /session/2244ff7962b0b6fa4a7d495ddc40b06b/screenshot - {}
RESULT: {}
RESULT: {"script":"<script> [8489 bytes]","args":[{"element-6066-11e4-a52e-4f735466cecf":"f.FC05DF9C3021EB39F8DA3FE791B32878.d.314A13343E1551072B4C841069D3B041.e.3361","ELEMENT":"f.FC05DF9C3021EB39F8DA3FE791B32878.d.314A13343E1551072B4C841069D3B041.e.3361"}]}
COMMAND: POST /session/2244ff7962b0b6fa4a7d495ddc40b06b/execute/sync - {"script":"<script> [5351 bytes]","args":[{"element-6066-11e4-a52e-4f735466cecf":"f.FC05DF9C3021EB39F8DA3FE791B32878.d.314A13343E1551072B4C841069D3B041.e.3361","ELEMENT":"f.FC05DF9C3021EB39F8DA3FE791B32878.d.314A13343E1551072B4C841069D3B041.e.3361"}]}
COMMAND: GET /session/2244ff7962b0b6fa4a7d495ddc40b06b/screenshot - {}
RESULT: {}
RESULT: {"script":"<script> [5351 bytes]","args":[{"element-6066-11e4-a52e-4f735466cecf":"f.FC05DF9C3021EB39F8DA3FE791B32878.d.314A13343E1551072B4C841069D3B041.e.3361","ELEMENT":"f.FC05DF9C3021EB39F8DA3FE791B32878.d.314A13343E1551072B4C841069D3B041.e.3361"}]}
COMMAND: POST /session/2244ff7962b0b6fa4a7d495ddc40b06b/element/f.FC05DF9C3021EB39F8DA3FE791B32878.d.314A13343E1551072B4C841069D3B041.e.3361/click - {}
COMMAND: GET /session/2244ff7962b0b6fa4a7d495ddc40b06b/screenshot - {}
RESULT: {}
RESULT: {}
COMMAND: GET /session/2244ff7962b0b6fa4a7d495ddc40b06b/screenshot - {}
COMMAND: POST /session/2244ff7962b0b6fa4a7d495ddc40b06b/element - {"using":"xpath","value":"//span[contains(@id ,\"AddNewHO--typeSelect-arrow\")]"}
RESULT: {}
RESULT: {}
RESULT: {"using":"xpath","value":"//span[contains(@id ,\"AddNewHO--typeSelect-arrow\")]"}
COMMAND: POST /session/2244ff7962b0b6fa4a7d495ddc40b06b/element/f.FC05DF9C3021EB39F8DA3FE791B32878.d.314A13343E1551072B4C841069D3B041.e.3720/click - {}
RESULT: {}
COMMAND: GET /session/2244ff7962b0b6fa4a7d495ddc40b06b/screenshot - {}
RESULT: {}
COMMAND: POST /session/2244ff7962b0b6fa4a7d495ddc40b06b/element - {"using":"xpath","value":"(//li[contains(text(), \"stock increase yard\")])[1]"}
RESULT: {"using":"xpath","value":"(//li[contains(text(), \"stock increase yard\")])[1]"}
COMMAND: POST /session/2244ff7962b0b6fa4a7d495ddc40b06b/element/f.FC05DF9C3021EB39F8DA3FE791B32878.d.314A13343E1551072B4C841069D3B041.e.3721/click - {}
RESULT: {}
COMMAND: GET /session/2244ff7962b0b6fa4a7d495ddc40b06b/screenshot - {}
RESULT: {}
COMMAND: POST /session/2244ff7962b0b6fa4a7d495ddc40b06b/execute/async - {"script":"<script> [1562 bytes]","args":[{"selector":{"id":"application-managehandovers-display-component---AddNewHO--dueDate","interaction":{"idSuffix":"inner"}},"wdio_ui5_key":"applicationmanagehandovers-display-component---AddNewHO--dueDate"}]}
RESULT: {"script":"<script> [1562 bytes]","args":[{"selector":{"id":"application-managehandovers-display-component---AddNewHO--dueDate","interaction":{"idSuffix":"inner"}},"wdio_ui5_key":"applicationmanagehandovers-display-component---AddNewHO--dueDate"}]}
RESULT: undefined
COMMAND: POST /session/2244ff7962b0b6fa4a7d495ddc40b06b/execute/async - {"script":"<script> [6424 bytes]","args":[{"element-6066-11e4-a52e-4f735466cecf":"f.FC05DF9C3021EB39F8DA3FE791B32878.d.314A13343E1551072B4C841069D3B041.e.3725"},"setValue",["5/20/25"]]}
RESULT: {"script":"<script> [6424 bytes]","args":[{"element-6066-11e4-a52e-4f735466cecf":"f.FC05DF9C3021EB39F8DA3FE791B32878.d.314A13343E1551072B4C841069D3B041.e.3725"},"setValue",["5/20/25"]]}
COMMAND: POST /session/2244ff7962b0b6fa4a7d495ddc40b06b/element - {"using":"xpath","value":"//input[@id=\"generalSectionFrg--receiveYard-inner\"]"}
RESULT: {"using":"xpath","value":"//input[@id=\"generalSectionFrg--receiveYard-inner\"]"}
COMMAND: POST /session/2244ff7962b0b6fa4a7d495ddc40b06b/element/f.FC05DF9C3021EB39F8DA3FE791B32878.d.314A13343E1551072B4C841069D3B041.e.3729/clear - {}
RESULT: {}
COMMAND: POST /session/2244ff7962b0b6fa4a7d495ddc40b06b/element/f.FC05DF9C3021EB39F8DA3FE791B32878.d.314A13343E1551072B4C841069D3B041.e.3729/value - {"text":"607"}
COMMAND: GET /session/2244ff7962b0b6fa4a7d495ddc40b06b/screenshot - {}
RESULT: {"text":"607"}
COMMAND: GET /session/2244ff7962b0b6fa4a7d495ddc40b06b/screenshot - {}
RESULT: {}
RESULT: {}
COMMAND: POST /session/2244ff7962b0b6fa4a7d495ddc40b06b/element - {"using":"xpath","value":"//li[.//span[text()='607']]"}
RESULT: {"using":"xpath","value":"//li[.//span[text()='607']]"}
COMMAND: POST /session/2244ff7962b0b6fa4a7d495ddc40b06b/element/f.FC05DF9C3021EB39F8DA3FE791B32878.d.314A13343E1551072B4C841069D3B041.e.3745/click - {}
RESULT: {}
COMMAND: GET /session/2244ff7962b0b6fa4a7d495ddc40b06b/screenshot - {}
RESULT: {}
COMMAND: POST /session/2244ff7962b0b6fa4a7d495ddc40b06b/execute/async - {"script":"<script> [1562 bytes]","args":[{"selector":{"id":"application-managehandovers-display-component---AddNewHO--ObjectPageLayout-anchBar-application-managehandovers-display-component---AddNewHO--section4-anchor","interaction":{"idSuffix":"BDI-content"}},"wdio_ui5_key":"applicationmanagehandovers-display-component---AddNewHO--ObjectPageLayout-anchBar-application-managehandovers-display-component---AddNewHO--section4-anchor"}]}
RESULT: {"script":"<script> [1562 bytes]","args":[{"selector":{"id":"application-managehandovers-display-component---AddNewHO--ObjectPageLayout-anchBar-application-managehandovers-display-component---AddNewHO--section4-anchor","interaction":{"idSuffix":"BDI-content"}},"wdio_ui5_key":"applicationmanagehandovers-display-component---AddNewHO--ObjectPageLayout-anchBar-application-managehandovers-display-component---AddNewHO--section4-anchor"}]}
RESULT: undefined
COMMAND: POST /session/2244ff7962b0b6fa4a7d495ddc40b06b/element - {"using":"xpath","value":"//*[@id=\"application-managehandovers-display-component---AddNewHO--ObjectPageLayout-anchBar-application-managehandovers-display-component---AddNewHO--section4-anchor\"]"}
RESULT: {"using":"xpath","value":"//*[@id=\"application-managehandovers-display-component---AddNewHO--ObjectPageLayout-anchBar-application-managehandovers-display-component---AddNewHO--section4-anchor\"]"}
COMMAND: POST /session/2244ff7962b0b6fa4a7d495ddc40b06b/element/f.FC05DF9C3021EB39F8DA3FE791B32878.d.314A13343E1551072B4C841069D3B041.e.3747/click - {}
RESULT: {}
COMMAND: POST /session/2244ff7962b0b6fa4a7d495ddc40b06b/element - {"using":"xpath","value":"//button[@aria-label=\"Add\"]"}
COMMAND: GET /session/2244ff7962b0b6fa4a7d495ddc40b06b/screenshot - {}
RESULT: {"using":"xpath","value":"//button[@aria-label=\"Add\"]"}
COMMAND: POST /session/2244ff7962b0b6fa4a7d495ddc40b06b/element/f.FC05DF9C3021EB39F8DA3FE791B32878.d.314A13343E1551072B4C841069D3B041.e.3749/click - {}
RESULT: {}
RESULT: {}
COMMAND: GET /session/2244ff7962b0b6fa4a7d495ddc40b06b/screenshot - {}
RESULT: {}
COMMAND: POST /session/2244ff7962b0b6fa4a7d495ddc40b06b/execute/async - {"script":"<script> [1562 bytes]","args":[{"selector":{"id":"application-managehandovers-display-component---AddNewHO--smartFilterBar-btnBasicSearch","searchOpenDialogs":true,"interaction":{"idSuffix":"I"}},"wdio_ui5_key":"applicationmanagehandovers-display-component---AddNewHO--smartFilterBar-btnBasicSearch"}]}
RESULT: {"script":"<script> [1562 bytes]","args":[{"selector":{"id":"application-managehandovers-display-component---AddNewHO--smartFilterBar-btnBasicSearch","searchOpenDialogs":true,"interaction":{"idSuffix":"I"}},"wdio_ui5_key":"applicationmanagehandovers-display-component---AddNewHO--smartFilterBar-btnBasicSearch"}]}
RESULT: undefined
COMMAND: POST /session/2244ff7962b0b6fa4a7d495ddc40b06b/execute/async - {"script":"<script> [776 bytes]","args":[{"enterText":"400050","selector":{"id":"application-managehandovers-display-component---AddNewHO--smartFilterBar-btnBasicSearch","searchOpenDialogs":true,"interaction":{"idSuffix":"I"}},"clearTextFirst":true,"interactionType":"ENTER_TEXT"}]}
RESULT: {"script":"<script> [776 bytes]","args":[{"enterText":"400050","selector":{"id":"application-managehandovers-display-component---AddNewHO--smartFilterBar-btnBasicSearch","searchOpenDialogs":true,"interaction":{"idSuffix":"I"}},"clearTextFirst":true,"interactionType":"ENTER_TEXT"}]}
COMMAND: POST /session/2244ff7962b0b6fa4a7d495ddc40b06b/actions - {"actions":[{"id":"action13","type":"key","parameters":{},"actions":[{"type":"keyDown","value":"î€‡"},{"type":"pause","duration":10},{"type":"keyUp","value":"î€‡"}]}]}
RESULT: {"actions":[{"id":"action13","type":"key","parameters":{},"actions":[{"type":"keyDown","value":"î€‡"},{"type":"pause","duration":10},{"type":"keyUp","value":"î€‡"}]}]}
COMMAND: GET /session/2244ff7962b0b6fa4a7d495ddc40b06b/screenshot - {}
RESULT: {}
COMMAND: POST /session/2244ff7962b0b6fa4a7d495ddc40b06b/execute/async - {"script":"<script> [1562 bytes]","args":[{"selector":{"id":"application-managehandovers-display-component---AddNewHO--popup-sa","searchOpenDialogs":true,"interaction":{"idSuffix":"CbBg"}},"wdio_ui5_key":"applicationmanagehandovers-display-component---AddNewHO--popup-sa"}]}
RESULT: {"script":"<script> [1562 bytes]","args":[{"selector":{"id":"application-managehandovers-display-component---AddNewHO--popup-sa","searchOpenDialogs":true,"interaction":{"idSuffix":"CbBg"}},"wdio_ui5_key":"applicationmanagehandovers-display-component---AddNewHO--popup-sa"}]}
RESULT: undefined
COMMAND: POST /session/2244ff7962b0b6fa4a7d495ddc40b06b/element - {"using":"xpath","value":"//*[@id=\"application-managehandovers-display-component---AddNewHO--popup-sa\"]"}
RESULT: {"using":"xpath","value":"//*[@id=\"application-managehandovers-display-component---AddNewHO--popup-sa\"]"}
COMMAND: POST /session/2244ff7962b0b6fa4a7d495ddc40b06b/element/f.FC05DF9C3021EB39F8DA3FE791B32878.d.314A13343E1551072B4C841069D3B041.e.3904/click - {}
RESULT: {}
COMMAND: GET /session/2244ff7962b0b6fa4a7d495ddc40b06b/screenshot - {}
RESULT: {}
COMMAND: POST /session/2244ff7962b0b6fa4a7d495ddc40b06b/element - {"using":"xpath","value":"//bdi[contains(text(), \"Select\")]"}
RESULT: {"using":"xpath","value":"//bdi[contains(text(), \"Select\")]"}
COMMAND: POST /session/2244ff7962b0b6fa4a7d495ddc40b06b/element/f.FC05DF9C3021EB39F8DA3FE791B32878.d.314A13343E1551072B4C841069D3B041.e.3905/click - {}
RESULT: {}
COMMAND: GET /session/2244ff7962b0b6fa4a7d495ddc40b06b/screenshot - {}
RESULT: {}
COMMAND: POST /session/2244ff7962b0b6fa4a7d495ddc40b06b/element - {"using":"xpath","value":"//button[@data-kt=\"AddNewHOSaveButton\"]"}
RESULT: {"using":"xpath","value":"//button[@data-kt=\"AddNewHOSaveButton\"]"}
COMMAND: POST /session/2244ff7962b0b6fa4a7d495ddc40b06b/element/f.FC05DF9C3021EB39F8DA3FE791B32878.d.314A13343E1551072B4C841069D3B041.e.3909/click - {}
RESULT: {}
COMMAND: GET /session/2244ff7962b0b6fa4a7d495ddc40b06b/screenshot - {}
RESULT: {}
COMMAND: POST /session/2244ff7962b0b6fa4a7d495ddc40b06b/execute/async - {"script":"<script> [1562 bytes]","args":[{"selector":{"id":"receiptDatePicker","viewName":"etm.portal.ui.managehandovers.view.DetailExecuteHO","interaction":{"idSuffix":"inner"}},"wdio_ui5_key":"receiptDatePickeretmportal.ui.managehandovers.view.DetailExecuteHO"}]}
RESULT: {"script":"<script> [1562 bytes]","args":[{"selector":{"id":"receiptDatePicker","viewName":"etm.portal.ui.managehandovers.view.DetailExecuteHO","interaction":{"idSuffix":"inner"}},"wdio_ui5_key":"receiptDatePickeretmportal.ui.managehandovers.view.DetailExecuteHO"}]}
RESULT: undefined
COMMAND: POST /session/2244ff7962b0b6fa4a7d495ddc40b06b/execute/async - {"script":"<script> [6424 bytes]","args":[{"element-6066-11e4-a52e-4f735466cecf":"f.FC05DF9C3021EB39F8DA3FE791B32878.d.314A13343E1551072B4C841069D3B041.e.3928"},"setValue",["5/20/25"]]}
RESULT: {"script":"<script> [6424 bytes]","args":[{"element-6066-11e4-a52e-4f735466cecf":"f.FC05DF9C3021EB39F8DA3FE791B32878.d.314A13343E1551072B4C841069D3B041.e.3928"},"setValue",["5/20/25"]]}
COMMAND: POST /session/2244ff7962b0b6fa4a7d495ddc40b06b/element - {"using":"xpath","value":"//button[@data-kt=\"PickingTableConfirmAllButton\"]"}
RESULT: {"using":"xpath","value":"//button[@data-kt=\"PickingTableConfirmAllButton\"]"}
COMMAND: POST /session/2244ff7962b0b6fa4a7d495ddc40b06b/element/f.FC05DF9C3021EB39F8DA3FE791B32878.d.314A13343E1551072B4C841069D3B041.e.3944/click - {}
RESULT: {}
COMMAND: GET /session/2244ff7962b0b6fa4a7d495ddc40b06b/screenshot - {}
RESULT: {}
COMMAND: POST /session/2244ff7962b0b6fa4a7d495ddc40b06b/element - {"using":"xpath","value":"//bdi[contains(text(), \"OK\")]"}
RESULT: {"using":"xpath","value":"//bdi[contains(text(), \"OK\")]"}
COMMAND: POST /session/2244ff7962b0b6fa4a7d495ddc40b06b/element/f.FC05DF9C3021EB39F8DA3FE791B32878.d.314A13343E1551072B4C841069D3B041.e.3946/click - {}
RESULT: {}
COMMAND: GET /session/2244ff7962b0b6fa4a7d495ddc40b06b/screenshot - {}
RESULT: {}
COMMAND: POST /session/2244ff7962b0b6fa4a7d495ddc40b06b/element - {"using":"xpath","value":"(//bdi[contains(text(), \"Receive\")])[2]"}
RESULT: {"using":"xpath","value":"(//bdi[contains(text(), \"Receive\")])[2]"}
COMMAND: POST /session/2244ff7962b0b6fa4a7d495ddc40b06b/element/f.FC05DF9C3021EB39F8DA3FE791B32878.d.314A13343E1551072B4C841069D3B041.e.3948/click - {}
RESULT: {}
COMMAND: GET /session/2244ff7962b0b6fa4a7d495ddc40b06b/screenshot - {}
RESULT: {}
COMMAND: POST /session/2244ff7962b0b6fa4a7d495ddc40b06b/element - {"using":"css selector","value":"#shell-header-logo"}
RESULT: {"using":"css selector","value":"#shell-header-logo"}
COMMAND: POST /session/2244ff7962b0b6fa4a7d495ddc40b06b/element/f.FC05DF9C3021EB39F8DA3FE791B32878.d.314A13343E1551072B4C841069D3B041.e.3333/click - {}
RESULT: {}
COMMAND: GET /session/2244ff7962b0b6fa4a7d495ddc40b06b/screenshot - {}
RESULT: {}
]]></system-out>
    </testcase>
    <testcase classname="chrome.136_0_7103_93.windows.Tests_for_Mass_State_Change_on_Manage_States_&amp;_Performances_US104416_US" name="Prereq Should create a new contract" time="72.956">
      <system-out><![CDATA[
COMMAND: POST /session/2244ff7962b0b6fa4a7d495ddc40b06b/execute/async - {"script":"<script> [1562 bytes]","args":[{"selector":{"controlType":"sap.m.GenericTile","properties":{"header":"Manage Contracts"}},"wdio_ui5_key":"sapm.GenericTile{\"header\":\"Manage Contracts\"}"}]}
RESULT: {"script":"<script> [1562 bytes]","args":[{"selector":{"controlType":"sap.m.GenericTile","properties":{"header":"Manage Contracts"}},"wdio_ui5_key":"sapm.GenericTile{\"header\":\"Manage Contracts\"}"}]}
RESULT: undefined
COMMAND: POST /session/2244ff7962b0b6fa4a7d495ddc40b06b/element - {"using":"xpath","value":"//*[@id=\"__tile133\"]"}
RESULT: {"using":"xpath","value":"//*[@id=\"__tile133\"]"}
COMMAND: POST /session/2244ff7962b0b6fa4a7d495ddc40b06b/element/f.FC05DF9C3021EB39F8DA3FE791B32878.d.314A13343E1551072B4C841069D3B041.e.2695/click - {}
RESULT: {}
COMMAND: GET /session/2244ff7962b0b6fa4a7d495ddc40b06b/screenshot - {}
RESULT: {}
COMMAND: POST /session/2244ff7962b0b6fa4a7d495ddc40b06b/elements - {"using":"xpath","value":"//span[text()='Error']"}
RESULT: {"using":"xpath","value":"//span[text()='Error']"}
COMMAND: POST /session/2244ff7962b0b6fa4a7d495ddc40b06b/element - {"using":"xpath","value":"//button[@data-kt=\"addButton\"]"}
RESULT: {"using":"xpath","value":"//button[@data-kt=\"addButton\"]"}
COMMAND: POST /session/2244ff7962b0b6fa4a7d495ddc40b06b/elements - {"using":"xpath","value":"//button[@data-kt=\"addButton\"]"}
RESULT: {"using":"xpath","value":"//button[@data-kt=\"addButton\"]"}
COMMAND: POST /session/2244ff7962b0b6fa4a7d495ddc40b06b/execute/sync - {"script":"<script> [8489 bytes]","args":[{"element-6066-11e4-a52e-4f735466cecf":"f.FC05DF9C3021EB39F8DA3FE791B32878.d.314A13343E1551072B4C841069D3B041.e.4276","ELEMENT":"f.FC05DF9C3021EB39F8DA3FE791B32878.d.314A13343E1551072B4C841069D3B041.e.4276"}]}
RESULT: {"script":"<script> [8489 bytes]","args":[{"element-6066-11e4-a52e-4f735466cecf":"f.FC05DF9C3021EB39F8DA3FE791B32878.d.314A13343E1551072B4C841069D3B041.e.4276","ELEMENT":"f.FC05DF9C3021EB39F8DA3FE791B32878.d.314A13343E1551072B4C841069D3B041.e.4276"}]}
COMMAND: GET /session/2244ff7962b0b6fa4a7d495ddc40b06b/element/f.FC05DF9C3021EB39F8DA3FE791B32878.d.314A13343E1551072B4C841069D3B041.e.4276/enabled - {}
COMMAND: GET /session/2244ff7962b0b6fa4a7d495ddc40b06b/screenshot - {}
RESULT: {}
COMMAND: POST /session/2244ff7962b0b6fa4a7d495ddc40b06b/execute/sync - {"script":"<script> [8489 bytes]","args":[{"element-6066-11e4-a52e-4f735466cecf":"f.FC05DF9C3021EB39F8DA3FE791B32878.d.314A13343E1551072B4C841069D3B041.e.4276","ELEMENT":"f.FC05DF9C3021EB39F8DA3FE791B32878.d.314A13343E1551072B4C841069D3B041.e.4276"}]}
COMMAND: GET /session/2244ff7962b0b6fa4a7d495ddc40b06b/screenshot - {}
RESULT: {}
RESULT: {"script":"<script> [8489 bytes]","args":[{"element-6066-11e4-a52e-4f735466cecf":"f.FC05DF9C3021EB39F8DA3FE791B32878.d.314A13343E1551072B4C841069D3B041.e.4276","ELEMENT":"f.FC05DF9C3021EB39F8DA3FE791B32878.d.314A13343E1551072B4C841069D3B041.e.4276"}]}
COMMAND: POST /session/2244ff7962b0b6fa4a7d495ddc40b06b/execute/sync - {"script":"<script> [5351 bytes]","args":[{"element-6066-11e4-a52e-4f735466cecf":"f.FC05DF9C3021EB39F8DA3FE791B32878.d.314A13343E1551072B4C841069D3B041.e.4276","ELEMENT":"f.FC05DF9C3021EB39F8DA3FE791B32878.d.314A13343E1551072B4C841069D3B041.e.4276"}]}
COMMAND: GET /session/2244ff7962b0b6fa4a7d495ddc40b06b/screenshot - {}
RESULT: {}
RESULT: {"script":"<script> [5351 bytes]","args":[{"element-6066-11e4-a52e-4f735466cecf":"f.FC05DF9C3021EB39F8DA3FE791B32878.d.314A13343E1551072B4C841069D3B041.e.4276","ELEMENT":"f.FC05DF9C3021EB39F8DA3FE791B32878.d.314A13343E1551072B4C841069D3B041.e.4276"}]}
COMMAND: GET /session/2244ff7962b0b6fa4a7d495ddc40b06b/screenshot - {}
RESULT: {}
RESULT: {}
COMMAND: POST /session/2244ff7962b0b6fa4a7d495ddc40b06b/element/f.FC05DF9C3021EB39F8DA3FE791B32878.d.314A13343E1551072B4C841069D3B041.e.4276/click - {}
RESULT: {}
COMMAND: GET /session/2244ff7962b0b6fa4a7d495ddc40b06b/screenshot - {}
COMMAND: POST /session/2244ff7962b0b6fa4a7d495ddc40b06b/execute/async - {"script":"<script> [1562 bytes]","args":[{"selector":{"id":"application-managecontracts-display-component---AddNewContract--projectDescription","interaction":{"idSuffix":"inner"}},"wdio_ui5_key":"applicationmanagecontracts-display-component---AddNewContract--projectDescription"}]}
RESULT: {}
RESULT: {"script":"<script> [1562 bytes]","args":[{"selector":{"id":"application-managecontracts-display-component---AddNewContract--projectDescription","interaction":{"idSuffix":"inner"}},"wdio_ui5_key":"applicationmanagecontracts-display-component---AddNewContract--projectDescription"}]}
RESULT: undefined
COMMAND: POST /session/2244ff7962b0b6fa4a7d495ddc40b06b/execute/async - {"script":"<script> [776 bytes]","args":[{"enterText":"Contract WDIO","selector":{"id":"application-managecontracts-display-component---AddNewContract--projectDescription","interaction":{"idSuffix":"inner"}},"clearTextFirst":true,"interactionType":"ENTER_TEXT"}]}
RESULT: {"script":"<script> [776 bytes]","args":[{"enterText":"Contract WDIO","selector":{"id":"application-managecontracts-display-component---AddNewContract--projectDescription","interaction":{"idSuffix":"inner"}},"clearTextFirst":true,"interactionType":"ENTER_TEXT"}]}
COMMAND: POST /session/2244ff7962b0b6fa4a7d495ddc40b06b/element - {"using":"xpath","value":"//input[@id=\"application-managecontracts-display-component---AddNewContract--site-inner\"]"}
RESULT: {"using":"xpath","value":"//input[@id=\"application-managecontracts-display-component---AddNewContract--site-inner\"]"}
COMMAND: POST /session/2244ff7962b0b6fa4a7d495ddc40b06b/element/f.FC05DF9C3021EB39F8DA3FE791B32878.d.314A13343E1551072B4C841069D3B041.e.4633/clear - {}
RESULT: {}
COMMAND: POST /session/2244ff7962b0b6fa4a7d495ddc40b06b/element/f.FC05DF9C3021EB39F8DA3FE791B32878.d.314A13343E1551072B4C841069D3B041.e.4633/value - {"text":"2312"}
COMMAND: GET /session/2244ff7962b0b6fa4a7d495ddc40b06b/screenshot - {}
RESULT: {"text":"2312"}
COMMAND: GET /session/2244ff7962b0b6fa4a7d495ddc40b06b/screenshot - {}
RESULT: {}
RESULT: {}
COMMAND: POST /session/2244ff7962b0b6fa4a7d495ddc40b06b/element - {"using":"xpath","value":"//li[.//span[text()='2312']]"}
RESULT: {"using":"xpath","value":"//li[.//span[text()='2312']]"}
COMMAND: POST /session/2244ff7962b0b6fa4a7d495ddc40b06b/element/f.FC05DF9C3021EB39F8DA3FE791B32878.d.314A13343E1551072B4C841069D3B041.e.4667/click - {}
RESULT: {}
COMMAND: GET /session/2244ff7962b0b6fa4a7d495ddc40b06b/screenshot - {}
RESULT: {}
COMMAND: POST /session/2244ff7962b0b6fa4a7d495ddc40b06b/element - {"using":"xpath","value":"//input[@id=\"application-managecontracts-display-component---AddNewContract--yardId-inner\"]"}
RESULT: {"using":"xpath","value":"//input[@id=\"application-managecontracts-display-component---AddNewContract--yardId-inner\"]"}
COMMAND: GET /session/2244ff7962b0b6fa4a7d495ddc40b06b/element/f.FC05DF9C3021EB39F8DA3FE791B32878.d.314A13343E1551072B4C841069D3B041.e.4634/property/value - {}
RESULT: {}
COMMAND: POST /session/2244ff7962b0b6fa4a7d495ddc40b06b/element - {"using":"xpath","value":"//input[@id=\"application-managecontracts-display-component---AddNewContract--customerSelect-inner\"]"}
COMMAND: GET /session/2244ff7962b0b6fa4a7d495ddc40b06b/screenshot - {}
RESULT: {"using":"xpath","value":"//input[@id=\"application-managecontracts-display-component---AddNewContract--customerSelect-inner\"]"}
COMMAND: POST /session/2244ff7962b0b6fa4a7d495ddc40b06b/element/f.FC05DF9C3021EB39F8DA3FE791B32878.d.314A13343E1551072B4C841069D3B041.e.4632/clear - {}
RESULT: {}
RESULT: {}
COMMAND: POST /session/2244ff7962b0b6fa4a7d495ddc40b06b/element/f.FC05DF9C3021EB39F8DA3FE791B32878.d.314A13343E1551072B4C841069D3B041.e.4632/value - {"text":"1378"}
COMMAND: GET /session/2244ff7962b0b6fa4a7d495ddc40b06b/screenshot - {}
RESULT: {"text":"1378"}
COMMAND: GET /session/2244ff7962b0b6fa4a7d495ddc40b06b/screenshot - {}
COMMAND: POST /session/2244ff7962b0b6fa4a7d495ddc40b06b/element - {"using":"xpath","value":"//li[.//span[text()='1378']]"}
RESULT: {}
RESULT: {}
RESULT: {"using":"xpath","value":"//li[.//span[text()='1378']]"}
COMMAND: POST /session/2244ff7962b0b6fa4a7d495ddc40b06b/elements - {"using":"xpath","value":"//li[.//span[text()='1378']]"}
RESULT: {"using":"xpath","value":"//li[.//span[text()='1378']]"}
COMMAND: POST /session/2244ff7962b0b6fa4a7d495ddc40b06b/element - {"using":"xpath","value":"//li[.//span[text()='1378']]"}
RESULT: {"using":"xpath","value":"//li[.//span[text()='1378']]"}
COMMAND: POST /session/2244ff7962b0b6fa4a7d495ddc40b06b/element/f.FC05DF9C3021EB39F8DA3FE791B32878.d.314A13343E1551072B4C841069D3B041.e.4670/click - {}
RESULT: {}
COMMAND: GET /session/2244ff7962b0b6fa4a7d495ddc40b06b/screenshot - {}
RESULT: {}
COMMAND: POST /session/2244ff7962b0b6fa4a7d495ddc40b06b/element - {"using":"xpath","value":"//button[@data-kt=\"saveButton\"]"}
RESULT: {"using":"xpath","value":"//button[@data-kt=\"saveButton\"]"}
COMMAND: POST /session/2244ff7962b0b6fa4a7d495ddc40b06b/element/f.FC05DF9C3021EB39F8DA3FE791B32878.d.314A13343E1551072B4C841069D3B041.e.4671/click - {}
RESULT: {}
COMMAND: GET /session/2244ff7962b0b6fa4a7d495ddc40b06b/screenshot - {}
RESULT: {}
COMMAND: POST /session/2244ff7962b0b6fa4a7d495ddc40b06b/element - {"using":"xpath","value":"//span[contains(@id ,\"contractDetailTitleNoExpanded\")]"}
RESULT: {"using":"xpath","value":"//span[contains(@id ,\"contractDetailTitleNoExpanded\")]"}
COMMAND: POST /session/2244ff7962b0b6fa4a7d495ddc40b06b/elements - {"using":"xpath","value":"//span[contains(@id ,\"contractDetailTitleNoExpanded\")]"}
RESULT: {"using":"xpath","value":"//span[contains(@id ,\"contractDetailTitleNoExpanded\")]"}
COMMAND: POST /session/2244ff7962b0b6fa4a7d495ddc40b06b/execute/sync - {"script":"<script> [56 bytes]","args":[{"element-6066-11e4-a52e-4f735466cecf":"f.FC05DF9C3021EB39F8DA3FE791B32878.d.314A13343E1551072B4C841069D3B041.e.4742","ELEMENT":"f.FC05DF9C3021EB39F8DA3FE791B32878.d.314A13343E1551072B4C841069D3B041.e.4742"}]}
RESULT: {"script":"<script> [56 bytes]","args":[{"element-6066-11e4-a52e-4f735466cecf":"f.FC05DF9C3021EB39F8DA3FE791B32878.d.314A13343E1551072B4C841069D3B041.e.4742","ELEMENT":"f.FC05DF9C3021EB39F8DA3FE791B32878.d.314A13343E1551072B4C841069D3B041.e.4742"}]}
COMMAND: GET /session/2244ff7962b0b6fa4a7d495ddc40b06b/screenshot - {}
RESULT: {}
]]></system-out>
    </testcase>
    <testcase classname="chrome.136_0_7103_93.windows.Tests_for_Mass_State_Change_on_Manage_States_&amp;_Performances_US104416_US" name="Prereq Should add created equipment to contract but to have the item 2 days earlier" time="69.759">
      <system-out><![CDATA[
COMMAND: POST /session/2244ff7962b0b6fa4a7d495ddc40b06b/element - {"using":"xpath","value":"//button[@data-kt=\"contractDetailEditBtnButton\"]"}
RESULT: {"using":"xpath","value":"//button[@data-kt=\"contractDetailEditBtnButton\"]"}
COMMAND: POST /session/2244ff7962b0b6fa4a7d495ddc40b06b/element/f.FC05DF9C3021EB39F8DA3FE791B32878.d.314A13343E1551072B4C841069D3B041.e.4744/click - {}
RESULT: {}
COMMAND: GET /session/2244ff7962b0b6fa4a7d495ddc40b06b/screenshot - {}
RESULT: {}
COMMAND: POST /session/2244ff7962b0b6fa4a7d495ddc40b06b/element - {"using":"xpath","value":"(//span[contains(text(), \"Additional Addresses\")])[2]"}
RESULT: {"using":"xpath","value":"(//span[contains(text(), \"Additional Addresses\")])[2]"}
COMMAND: POST /session/2244ff7962b0b6fa4a7d495ddc40b06b/element/f.FC05DF9C3021EB39F8DA3FE791B32878.d.314A13343E1551072B4C841069D3B041.e.4800/click - {}
RESULT: {}
COMMAND: GET /session/2244ff7962b0b6fa4a7d495ddc40b06b/screenshot - {}
RESULT: {}
COMMAND: POST /session/2244ff7962b0b6fa4a7d495ddc40b06b/element - {"using":"xpath","value":"//button[@data-kt=\"btnAddTableRowOverflowToolbarButton\"]"}
RESULT: {"using":"xpath","value":"//button[@data-kt=\"btnAddTableRowOverflowToolbarButton\"]"}
COMMAND: POST /session/2244ff7962b0b6fa4a7d495ddc40b06b/element/f.FC05DF9C3021EB39F8DA3FE791B32878.d.314A13343E1551072B4C841069D3B041.e.4803/click - {}
RESULT: {}
COMMAND: GET /session/2244ff7962b0b6fa4a7d495ddc40b06b/screenshot - {}
RESULT: {}
COMMAND: POST /session/2244ff7962b0b6fa4a7d495ddc40b06b/element - {"using":"xpath","value":"//div[(text() = 'Standard Entry' or . = 'Standard Entry')]"}
RESULT: {"using":"xpath","value":"//div[(text() = 'Standard Entry' or . = 'Standard Entry')]"}
COMMAND: POST /session/2244ff7962b0b6fa4a7d495ddc40b06b/element/f.FC05DF9C3021EB39F8DA3FE791B32878.d.314A13343E1551072B4C841069D3B041.e.4805/click - {}
RESULT: {}
COMMAND: GET /session/2244ff7962b0b6fa4a7d495ddc40b06b/screenshot - {}
RESULT: {}
COMMAND: POST /session/2244ff7962b0b6fa4a7d495ddc40b06b/element - {"using":"xpath","value":"//td[6]/div/div/div/span"}
RESULT: {"using":"xpath","value":"//td[6]/div/div/div/span"}
COMMAND: POST /session/2244ff7962b0b6fa4a7d495ddc40b06b/element/f.FC05DF9C3021EB39F8DA3FE791B32878.d.314A13343E1551072B4C841069D3B041.e.4817/click - {}
RESULT: {}
COMMAND: GET /session/2244ff7962b0b6fa4a7d495ddc40b06b/screenshot - {}
RESULT: {}
COMMAND: POST /session/2244ff7962b0b6fa4a7d495ddc40b06b/element - {"using":"xpath","value":"(//span[contains(text(), \"Equi Multipart\")])"}
RESULT: {"using":"xpath","value":"(//span[contains(text(), \"Equi Multipart\")])"}
COMMAND: POST /session/2244ff7962b0b6fa4a7d495ddc40b06b/element/f.FC05DF9C3021EB39F8DA3FE791B32878.d.314A13343E1551072B4C841069D3B041.e.4818/click - {}
RESULT: {}
COMMAND: GET /session/2244ff7962b0b6fa4a7d495ddc40b06b/screenshot - {}
RESULT: {}
COMMAND: POST /session/2244ff7962b0b6fa4a7d495ddc40b06b/element - {"using":"xpath","value":"//td[7]/div/div/input"}
RESULT: {"using":"xpath","value":"//td[7]/div/div/input"}
COMMAND: POST /session/2244ff7962b0b6fa4a7d495ddc40b06b/element/f.FC05DF9C3021EB39F8DA3FE791B32878.d.314A13343E1551072B4C841069D3B041.e.4822/clear - {}
RESULT: {}
COMMAND: POST /session/2244ff7962b0b6fa4a7d495ddc40b06b/element/f.FC05DF9C3021EB39F8DA3FE791B32878.d.314A13343E1551072B4C841069D3B041.e.4822/value - {"text":"400050"}
COMMAND: GET /session/2244ff7962b0b6fa4a7d495ddc40b06b/screenshot - {}
RESULT: {"text":"400050"}
COMMAND: GET /session/2244ff7962b0b6fa4a7d495ddc40b06b/screenshot - {}
RESULT: {}
RESULT: {}
COMMAND: POST /session/2244ff7962b0b6fa4a7d495ddc40b06b/actions - {"actions":[{"id":"action14","type":"key","parameters":{},"actions":[{"type":"keyDown","value":"î€‡"},{"type":"pause","duration":10},{"type":"keyUp","value":"î€‡"}]}]}
RESULT: {"actions":[{"id":"action14","type":"key","parameters":{},"actions":[{"type":"keyDown","value":"î€‡"},{"type":"pause","duration":10},{"type":"keyUp","value":"î€‡"}]}]}
COMMAND: GET /session/2244ff7962b0b6fa4a7d495ddc40b06b/screenshot - {}
RESULT: {}
COMMAND: POST /session/2244ff7962b0b6fa4a7d495ddc40b06b/execute/sync - {"script":"<script> [276 bytes]","args":["No pricing information was found"]}
RESULT: {"script":"<script> [276 bytes]","args":["No pricing information was found"]}
COMMAND: POST /session/2244ff7962b0b6fa4a7d495ddc40b06b/element - {"using":"xpath","value":"//bdi[contains(text(), \"OK\")]"}
COMMAND: GET /session/2244ff7962b0b6fa4a7d495ddc40b06b/screenshot - {}
RESULT: {"using":"xpath","value":"//bdi[contains(text(), \"OK\")]"}
COMMAND: POST /session/2244ff7962b0b6fa4a7d495ddc40b06b/element/f.FC05DF9C3021EB39F8DA3FE791B32878.d.314A13343E1551072B4C841069D3B041.e.4848/click - {}
RESULT: {}
RESULT: {}
COMMAND: GET /session/2244ff7962b0b6fa4a7d495ddc40b06b/screenshot - {}
RESULT: {}
COMMAND: POST /session/2244ff7962b0b6fa4a7d495ddc40b06b/element - {"using":"xpath","value":"//td[19]/div/div/input"}
RESULT: {"using":"xpath","value":"//td[19]/div/div/input"}
COMMAND: POST /session/2244ff7962b0b6fa4a7d495ddc40b06b/element/f.FC05DF9C3021EB39F8DA3FE791B32878.d.314A13343E1551072B4C841069D3B041.e.4845/clear - {}
RESULT: {}
COMMAND: POST /session/2244ff7962b0b6fa4a7d495ddc40b06b/element/f.FC05DF9C3021EB39F8DA3FE791B32878.d.314A13343E1551072B4C841069D3B041.e.4845/value - {"text":"5/18/25"}
COMMAND: GET /session/2244ff7962b0b6fa4a7d495ddc40b06b/screenshot - {}
RESULT: {"text":"5/18/25"}
COMMAND: GET /session/2244ff7962b0b6fa4a7d495ddc40b06b/screenshot - {}
RESULT: {}
RESULT: {}
COMMAND: POST /session/2244ff7962b0b6fa4a7d495ddc40b06b/element - {"using":"xpath","value":"(//button[@data-kt=\"saveButton\"])[2]"}
RESULT: {"using":"xpath","value":"(//button[@data-kt=\"saveButton\"])[2]"}
COMMAND: POST /session/2244ff7962b0b6fa4a7d495ddc40b06b/element/f.FC05DF9C3021EB39F8DA3FE791B32878.d.314A13343E1551072B4C841069D3B041.e.4850/click - {}
RESULT: {}
COMMAND: GET /session/2244ff7962b0b6fa4a7d495ddc40b06b/screenshot - {}
RESULT: {}
COMMAND: POST /session/2244ff7962b0b6fa4a7d495ddc40b06b/execute/sync - {"script":"<script> [276 bytes]","args":["Some contract items are having rental validity exceeding header rental validity"]}
RESULT: {"script":"<script> [276 bytes]","args":["Some contract items are having rental validity exceeding header rental validity"]}
COMMAND: POST /session/2244ff7962b0b6fa4a7d495ddc40b06b/element - {"using":"xpath","value":"//bdi[contains(text(), \"OK\")]"}
COMMAND: GET /session/2244ff7962b0b6fa4a7d495ddc40b06b/screenshot - {}
RESULT: {"using":"xpath","value":"//bdi[contains(text(), \"OK\")]"}
COMMAND: POST /session/2244ff7962b0b6fa4a7d495ddc40b06b/element/f.FC05DF9C3021EB39F8DA3FE791B32878.d.314A13343E1551072B4C841069D3B041.e.4853/click - {}
RESULT: {}
RESULT: {}
COMMAND: GET /session/2244ff7962b0b6fa4a7d495ddc40b06b/screenshot - {}
RESULT: {}
COMMAND: POST /session/2244ff7962b0b6fa4a7d495ddc40b06b/element - {"using":"xpath","value":"//span[contains(@id ,\"contractItemsSmartTable-header-inner\")]"}
RESULT: {"using":"xpath","value":"//span[contains(@id ,\"contractItemsSmartTable-header-inner\")]"}
COMMAND: POST /session/2244ff7962b0b6fa4a7d495ddc40b06b/elements - {"using":"xpath","value":"//span[contains(@id ,\"contractItemsSmartTable-header-inner\")]"}
RESULT: {"using":"xpath","value":"//span[contains(@id ,\"contractItemsSmartTable-header-inner\")]"}
COMMAND: POST /session/2244ff7962b0b6fa4a7d495ddc40b06b/execute/sync - {"script":"<script> [56 bytes]","args":[{"element-6066-11e4-a52e-4f735466cecf":"f.FC05DF9C3021EB39F8DA3FE791B32878.d.314A13343E1551072B4C841069D3B041.e.4860","ELEMENT":"f.FC05DF9C3021EB39F8DA3FE791B32878.d.314A13343E1551072B4C841069D3B041.e.4860"}]}
RESULT: {"script":"<script> [56 bytes]","args":[{"element-6066-11e4-a52e-4f735466cecf":"f.FC05DF9C3021EB39F8DA3FE791B32878.d.314A13343E1551072B4C841069D3B041.e.4860","ELEMENT":"f.FC05DF9C3021EB39F8DA3FE791B32878.d.314A13343E1551072B4C841069D3B041.e.4860"}]}
COMMAND: GET /session/2244ff7962b0b6fa4a7d495ddc40b06b/screenshot - {}
]]></system-out>
    </testcase>
    <testcase classname="chrome.136_0_7103_93.windows.Tests_for_Mass_State_Change_on_Manage_States_&amp;_Performances_US104416_US" name="Prereq Should do a provide to site handover for today" time="76.089">
      <system-out><![CDATA[
COMMAND: POST /session/2244ff7962b0b6fa4a7d495ddc40b06b/element - {"using":"xpath","value":"//button[@data-kt=\"provideButton\"]"}
RESULT: {"using":"xpath","value":"//button[@data-kt=\"provideButton\"]"}
COMMAND: POST /session/2244ff7962b0b6fa4a7d495ddc40b06b/element/f.FC05DF9C3021EB39F8DA3FE791B32878.d.314A13343E1551072B4C841069D3B041.e.4861/click - {}
RESULT: {}
RESULT: {}
COMMAND: GET /session/2244ff7962b0b6fa4a7d495ddc40b06b/screenshot - {}
RESULT: {}
RESULT: undefined
COMMAND: POST /session/2244ff7962b0b6fa4a7d495ddc40b06b/execute/async - {"script":"<script> [6424 bytes]","args":[{"element-6066-11e4-a52e-4f735466cecf":"f.FC05DF9C3021EB39F8DA3FE791B32878.d.314A13343E1551072B4C841069D3B041.e.3725"},"setValue",["5/20/25"]]}
COMMAND: POST /session/2244ff7962b0b6fa4a7d495ddc40b06b/execute/async - {"script":"<script> [1562 bytes]","args":[{"selector":{"id":"application-managehandovers-display-component---AddNewHO--dueDate","interaction":{"idSuffix":"inner"}},"wdio_ui5_key":"applicationmanagehandovers-display-component---AddNewHO--dueDate"}]}
RESULT: {"script":"<script> [1562 bytes]","args":[{"selector":{"id":"application-managehandovers-display-component---AddNewHO--dueDate","interaction":{"idSuffix":"inner"}},"wdio_ui5_key":"applicationmanagehandovers-display-component---AddNewHO--dueDate"}]}
COMMAND: POST /session/2244ff7962b0b6fa4a7d495ddc40b06b/execute/async - {"script":"<script> [6424 bytes]","args":[{"element-6066-11e4-a52e-4f735466cecf":"f.FC05DF9C3021EB39F8DA3FE791B32878.d.314A13343E1551072B4C841069D3B041.e.4935"},"setValue",["5/20/25"]]}
RESULT: {"script":"<script> [6424 bytes]","args":[{"element-6066-11e4-a52e-4f735466cecf":"f.FC05DF9C3021EB39F8DA3FE791B32878.d.314A13343E1551072B4C841069D3B041.e.4935"},"setValue",["5/20/25"]]}
COMMAND: POST /session/2244ff7962b0b6fa4a7d495ddc40b06b/element - {"using":"xpath","value":"//bdi[contains(text(), \"Instructions\")]"}
RESULT: {"using":"xpath","value":"//bdi[contains(text(), \"Instructions\")]"}
COMMAND: POST /session/2244ff7962b0b6fa4a7d495ddc40b06b/element/f.FC05DF9C3021EB39F8DA3FE791B32878.d.314A13343E1551072B4C841069D3B041.e.5179/click - {}
RESULT: {}
COMMAND: GET /session/2244ff7962b0b6fa4a7d495ddc40b06b/screenshot - {}
RESULT: {}
COMMAND: POST /session/2244ff7962b0b6fa4a7d495ddc40b06b/element - {"using":"xpath","value":"//button[@data-kt=\"AddNewHOProvideAddItemsButton\"]"}
RESULT: {"using":"xpath","value":"//button[@data-kt=\"AddNewHOProvideAddItemsButton\"]"}
COMMAND: POST /session/2244ff7962b0b6fa4a7d495ddc40b06b/element/f.FC05DF9C3021EB39F8DA3FE791B32878.d.314A13343E1551072B4C841069D3B041.e.5183/click - {}
RESULT: {}
COMMAND: GET /session/2244ff7962b0b6fa4a7d495ddc40b06b/screenshot - {}
RESULT: {}
RESULT: undefined
COMMAND: POST /session/2244ff7962b0b6fa4a7d495ddc40b06b/element - {"using":"xpath","value":"//*[@id=\"application-managehandovers-display-component---AddNewHO--popup-sa\"]"}
RESULT: {"using":"xpath","value":"//*[@id=\"application-managehandovers-display-component---AddNewHO--popup-sa\"]"}
COMMAND: POST /session/2244ff7962b0b6fa4a7d495ddc40b06b/element/f.FC05DF9C3021EB39F8DA3FE791B32878.d.314A13343E1551072B4C841069D3B041.e.5199/click - {}
RESULT: {}
COMMAND: GET /session/2244ff7962b0b6fa4a7d495ddc40b06b/screenshot - {}
RESULT: {}
COMMAND: POST /session/2244ff7962b0b6fa4a7d495ddc40b06b/element - {"using":"xpath","value":"//*[contains(@id ,\"BDI-content\")][contains(text(), \"Select\")]"}
RESULT: {"using":"xpath","value":"//*[contains(@id ,\"BDI-content\")][contains(text(), \"Select\")]"}
COMMAND: POST /session/2244ff7962b0b6fa4a7d495ddc40b06b/element/f.FC05DF9C3021EB39F8DA3FE791B32878.d.314A13343E1551072B4C841069D3B041.e.5200/click - {}
RESULT: {}
COMMAND: GET /session/2244ff7962b0b6fa4a7d495ddc40b06b/screenshot - {}
RESULT: {}
COMMAND: POST /session/2244ff7962b0b6fa4a7d495ddc40b06b/execute/async - {"script":"<script> [1562 bytes]","args":[{"selector":{"id":"application-managehandovers-display-component---AddNewHO--confirmCreationButton","interaction":{"idSuffix":"BDI-content"}},"wdio_ui5_key":"applicationmanagehandovers-display-component---AddNewHO--confirmCreationButton"}]}
RESULT: {"script":"<script> [1562 bytes]","args":[{"selector":{"id":"application-managehandovers-display-component---AddNewHO--confirmCreationButton","interaction":{"idSuffix":"BDI-content"}},"wdio_ui5_key":"applicationmanagehandovers-display-component---AddNewHO--confirmCreationButton"}]}
RESULT: undefined
COMMAND: POST /session/2244ff7962b0b6fa4a7d495ddc40b06b/element - {"using":"xpath","value":"//*[@id=\"application-managehandovers-display-component---AddNewHO--confirmCreationButton\"]"}
RESULT: {"using":"xpath","value":"//*[@id=\"application-managehandovers-display-component---AddNewHO--confirmCreationButton\"]"}
COMMAND: POST /session/2244ff7962b0b6fa4a7d495ddc40b06b/element/f.FC05DF9C3021EB39F8DA3FE791B32878.d.314A13343E1551072B4C841069D3B041.e.4985/click - {}
RESULT: {}
COMMAND: GET /session/2244ff7962b0b6fa4a7d495ddc40b06b/screenshot - {}
RESULT: {}
COMMAND: POST /session/2244ff7962b0b6fa4a7d495ddc40b06b/execute/async - {"script":"<script> [1562 bytes]","args":[{"selector":{"id":"issueDatePicker","viewName":"etm.portal.ui.managehandovers.view.DetailExecuteHO","interaction":{"idSuffix":"inner"}},"wdio_ui5_key":"issueDatePickeretmportal.ui.managehandovers.view.DetailExecuteHO"}]}
RESULT: {"script":"<script> [1562 bytes]","args":[{"selector":{"id":"issueDatePicker","viewName":"etm.portal.ui.managehandovers.view.DetailExecuteHO","interaction":{"idSuffix":"inner"}},"wdio_ui5_key":"issueDatePickeretmportal.ui.managehandovers.view.DetailExecuteHO"}]}
RESULT: undefined
COMMAND: POST /session/2244ff7962b0b6fa4a7d495ddc40b06b/execute/async - {"script":"<script> [776 bytes]","args":[{"enterText":"5/20/25","selector":{"id":"issueDatePicker","viewName":"etm.portal.ui.managehandovers.view.DetailExecuteHO","interaction":{"idSuffix":"inner"}},"clearTextFirst":true,"interactionType":"ENTER_TEXT"}]}
RESULT: {"script":"<script> [776 bytes]","args":[{"enterText":"5/20/25","selector":{"id":"issueDatePicker","viewName":"etm.portal.ui.managehandovers.view.DetailExecuteHO","interaction":{"idSuffix":"inner"}},"clearTextFirst":true,"interactionType":"ENTER_TEXT"}]}
COMMAND: POST /session/2244ff7962b0b6fa4a7d495ddc40b06b/element - {"using":"xpath","value":"//bdi[contains(text(), \"OK\")]"}
RESULT: {"using":"xpath","value":"//bdi[contains(text(), \"OK\")]"}
COMMAND: POST /session/2244ff7962b0b6fa4a7d495ddc40b06b/element/f.FC05DF9C3021EB39F8DA3FE791B32878.d.314A13343E1551072B4C841069D3B041.e.5246/click - {}
RESULT: {}
COMMAND: GET /session/2244ff7962b0b6fa4a7d495ddc40b06b/screenshot - {}
RESULT: {}
COMMAND: POST /session/2244ff7962b0b6fa4a7d495ddc40b06b/element - {"using":"xpath","value":"//button[@data-kt=\"PickingTableConfirmAllButton\"]"}
RESULT: {"using":"xpath","value":"//button[@data-kt=\"PickingTableConfirmAllButton\"]"}
COMMAND: POST /session/2244ff7962b0b6fa4a7d495ddc40b06b/element/f.FC05DF9C3021EB39F8DA3FE791B32878.d.314A13343E1551072B4C841069D3B041.e.5254/click - {}
RESULT: {}
COMMAND: GET /session/2244ff7962b0b6fa4a7d495ddc40b06b/screenshot - {}
RESULT: {}
COMMAND: POST /session/2244ff7962b0b6fa4a7d495ddc40b06b/element - {"using":"xpath","value":"//bdi[contains(text(), \"OK\")]"}
RESULT: {"using":"xpath","value":"//bdi[contains(text(), \"OK\")]"}
COMMAND: POST /session/2244ff7962b0b6fa4a7d495ddc40b06b/element/f.FC05DF9C3021EB39F8DA3FE791B32878.d.314A13343E1551072B4C841069D3B041.e.5257/click - {}
RESULT: {}
COMMAND: GET /session/2244ff7962b0b6fa4a7d495ddc40b06b/screenshot - {}
RESULT: {}
COMMAND: POST /session/2244ff7962b0b6fa4a7d495ddc40b06b/element - {"using":"xpath","value":"//bdi[contains(text(), \"Issue\")]"}
RESULT: {"using":"xpath","value":"//bdi[contains(text(), \"Issue\")]"}
COMMAND: POST /session/2244ff7962b0b6fa4a7d495ddc40b06b/element/f.FC05DF9C3021EB39F8DA3FE791B32878.d.314A13343E1551072B4C841069D3B041.e.5259/click - {}
RESULT: {}
COMMAND: GET /session/2244ff7962b0b6fa4a7d495ddc40b06b/screenshot - {}
RESULT: {}
COMMAND: POST /session/2244ff7962b0b6fa4a7d495ddc40b06b/element - {"using":"css selector","value":"#shell-header-logo"}
RESULT: {"using":"css selector","value":"#shell-header-logo"}
COMMAND: POST /session/2244ff7962b0b6fa4a7d495ddc40b06b/element/f.FC05DF9C3021EB39F8DA3FE791B32878.d.314A13343E1551072B4C841069D3B041.e.4231/click - {}
RESULT: {}
COMMAND: GET /session/2244ff7962b0b6fa4a7d495ddc40b06b/screenshot - {}
RESULT: {}
]]></system-out>
    </testcase>
    <testcase classname="chrome.136_0_7103_93.windows.Tests_for_Mass_State_Change_on_Manage_States_&amp;_Performances_US104416_US" name="Should do mass state change on the RU equip multipart 2 days in the future US104416" time="79.254">
      <system-out><![CDATA[
COMMAND: POST /session/2244ff7962b0b6fa4a7d495ddc40b06b/execute/async - {"script":"<script> [1562 bytes]","args":[{"selector":{"controlType":"sap.m.GenericTile","properties":{"header":"Manage States & Performance"}},"wdio_ui5_key":"sapm.GenericTile{\"header\":\"Manage States & Performance\"}"}]}
RESULT: {"script":"<script> [1562 bytes]","args":[{"selector":{"controlType":"sap.m.GenericTile","properties":{"header":"Manage States & Performance"}},"wdio_ui5_key":"sapm.GenericTile{\"header\":\"Manage States & Performance\"}"}]}
RESULT: undefined
COMMAND: POST /session/2244ff7962b0b6fa4a7d495ddc40b06b/element - {"using":"xpath","value":"//*[@id=\"__tile96\"]"}
RESULT: {"using":"xpath","value":"//*[@id=\"__tile96\"]"}
COMMAND: POST /session/2244ff7962b0b6fa4a7d495ddc40b06b/element/f.FC05DF9C3021EB39F8DA3FE791B32878.d.314A13343E1551072B4C841069D3B041.e.2751/click - {}
RESULT: {}
COMMAND: GET /session/2244ff7962b0b6fa4a7d495ddc40b06b/screenshot - {}
RESULT: {}
COMMAND: POST /session/2244ff7962b0b6fa4a7d495ddc40b06b/elements - {"using":"xpath","value":"//span[text()='Error']"}
RESULT: {"using":"xpath","value":"//span[text()='Error']"}
COMMAND: POST /session/2244ff7962b0b6fa4a7d495ddc40b06b/element - {"using":"xpath","value":"//button[contains(@id, \"btnMassStateChange\")]"}
RESULT: {"using":"xpath","value":"//button[contains(@id, \"btnMassStateChange\")]"}
COMMAND: POST /session/2244ff7962b0b6fa4a7d495ddc40b06b/elements - {"using":"xpath","value":"//button[contains(@id, \"btnMassStateChange\")]"}
RESULT: {"using":"xpath","value":"//button[contains(@id, \"btnMassStateChange\")]"}
COMMAND: POST /session/2244ff7962b0b6fa4a7d495ddc40b06b/execute/sync - {"script":"<script> [8489 bytes]","args":[{"element-6066-11e4-a52e-4f735466cecf":"f.FC05DF9C3021EB39F8DA3FE791B32878.d.314A13343E1551072B4C841069D3B041.e.5473","ELEMENT":"f.FC05DF9C3021EB39F8DA3FE791B32878.d.314A13343E1551072B4C841069D3B041.e.5473"}]}
RESULT: {"script":"<script> [8489 bytes]","args":[{"element-6066-11e4-a52e-4f735466cecf":"f.FC05DF9C3021EB39F8DA3FE791B32878.d.314A13343E1551072B4C841069D3B041.e.5473","ELEMENT":"f.FC05DF9C3021EB39F8DA3FE791B32878.d.314A13343E1551072B4C841069D3B041.e.5473"}]}
COMMAND: GET /session/2244ff7962b0b6fa4a7d495ddc40b06b/element/f.FC05DF9C3021EB39F8DA3FE791B32878.d.314A13343E1551072B4C841069D3B041.e.5473/enabled - {}
COMMAND: GET /session/2244ff7962b0b6fa4a7d495ddc40b06b/screenshot - {}
RESULT: {}
COMMAND: POST /session/2244ff7962b0b6fa4a7d495ddc40b06b/execute/sync - {"script":"<script> [8489 bytes]","args":[{"element-6066-11e4-a52e-4f735466cecf":"f.FC05DF9C3021EB39F8DA3FE791B32878.d.314A13343E1551072B4C841069D3B041.e.5473","ELEMENT":"f.FC05DF9C3021EB39F8DA3FE791B32878.d.314A13343E1551072B4C841069D3B041.e.5473"}]}
COMMAND: GET /session/2244ff7962b0b6fa4a7d495ddc40b06b/screenshot - {}
RESULT: {}
RESULT: {"script":"<script> [8489 bytes]","args":[{"element-6066-11e4-a52e-4f735466cecf":"f.FC05DF9C3021EB39F8DA3FE791B32878.d.314A13343E1551072B4C841069D3B041.e.5473","ELEMENT":"f.FC05DF9C3021EB39F8DA3FE791B32878.d.314A13343E1551072B4C841069D3B041.e.5473"}]}
COMMAND: POST /session/2244ff7962b0b6fa4a7d495ddc40b06b/execute/sync - {"script":"<script> [5351 bytes]","args":[{"element-6066-11e4-a52e-4f735466cecf":"f.FC05DF9C3021EB39F8DA3FE791B32878.d.314A13343E1551072B4C841069D3B041.e.5473","ELEMENT":"f.FC05DF9C3021EB39F8DA3FE791B32878.d.314A13343E1551072B4C841069D3B041.e.5473"}]}
COMMAND: GET /session/2244ff7962b0b6fa4a7d495ddc40b06b/screenshot - {}
RESULT: {}
RESULT: {"script":"<script> [5351 bytes]","args":[{"element-6066-11e4-a52e-4f735466cecf":"f.FC05DF9C3021EB39F8DA3FE791B32878.d.314A13343E1551072B4C841069D3B041.e.5473","ELEMENT":"f.FC05DF9C3021EB39F8DA3FE791B32878.d.314A13343E1551072B4C841069D3B041.e.5473"}]}
COMMAND: GET /session/2244ff7962b0b6fa4a7d495ddc40b06b/screenshot - {}
RESULT: {}
RESULT: {}
COMMAND: POST /session/2244ff7962b0b6fa4a7d495ddc40b06b/execute/async - {"script":"<script> [1562 bytes]","args":[{"selector":{"controlType":"sap.ui.core.Icon","viewName":"etm.portal.ui.managestatesandperformance.view.Master","viewId":"application-managestatesandperformance-display-component---stateAndPerform","properties":{"src":{"regex":{"source":"chart\\-table\\-view"}}}},"wdio_ui5_key":"etmportal.ui.managestatesandperformance.view.Mastersap.ui.core.Icon{\"src\":{\"regex\":{\"source\":\"chart\\\\-table\\\\-view\"}}}"}]}
RESULT: {"script":"<script> [1562 bytes]","args":[{"selector":{"controlType":"sap.ui.core.Icon","viewName":"etm.portal.ui.managestatesandperformance.view.Master","viewId":"application-managestatesandperformance-display-component---stateAndPerform","properties":{"src":{"regex":{"source":"chart\\-table\\-view"}}}},"wdio_ui5_key":"etmportal.ui.managestatesandperformance.view.Mastersap.ui.core.Icon{\"src\":{\"regex\":{\"source\":\"chart\\\\-table\\\\-view\"}}}"}]}
RESULT: undefined
COMMAND: POST /session/2244ff7962b0b6fa4a7d495ddc40b06b/element - {"using":"xpath","value":"//*[@id=\"__filter61-icon\"]"}
RESULT: {"using":"xpath","value":"//*[@id=\"__filter61-icon\"]"}
COMMAND: POST /session/2244ff7962b0b6fa4a7d495ddc40b06b/element/f.FC05DF9C3021EB39F8DA3FE791B32878.d.314A13343E1551072B4C841069D3B041.e.5525/click - {}
RESULT: {}
COMMAND: POST /session/2244ff7962b0b6fa4a7d495ddc40b06b/element/f.FC05DF9C3021EB39F8DA3FE791B32878.d.314A13343E1551072B4C841069D3B041.e.5473/click - {}
COMMAND: GET /session/2244ff7962b0b6fa4a7d495ddc40b06b/screenshot - {}
COMMAND: POST /session/2244ff7962b0b6fa4a7d495ddc40b06b/element - {"using":"xpath","value":"//button[contains(@id, \"btnMassStateChange\")]"}
RESULT: {}
RESULT: {"using":"xpath","value":"//button[contains(@id, \"btnMassStateChange\")]"}
COMMAND: POST /session/2244ff7962b0b6fa4a7d495ddc40b06b/element/f.FC05DF9C3021EB39F8DA3FE791B32878.d.314A13343E1551072B4C841069D3B041.e.5473/click - {}
COMMAND: POST /session/2244ff7962b0b6fa4a7d495ddc40b06b/element - {"using":"xpath","value":"//button[contains(@id, \"btnMassStateChange\")]"}
RESULT: {"using":"xpath","value":"//button[contains(@id, \"btnMassStateChange\")]"}
COMMAND: POST /session/2244ff7962b0b6fa4a7d495ddc40b06b/element/f.FC05DF9C3021EB39F8DA3FE791B32878.d.314A13343E1551072B4C841069D3B041.e.5542/click - {}
RESULT: {}
COMMAND: GET /session/2244ff7962b0b6fa4a7d495ddc40b06b/screenshot - {}
RESULT: {}
COMMAND: POST /session/2244ff7962b0b6fa4a7d495ddc40b06b/execute/async - {"script":"<script> [1562 bytes]","args":[{"selector":{"id":"application-managestatesandperformance-display-component---stateAndPerform--smartFilterBarContracts-btnBasicSearch","interaction":{"idSuffix":"I"}},"wdio_ui5_key":"applicationmanagestatesandperformance-display-component---stateAndPerform--smartFilterBarContracts-btnBasicSearch"}]}
RESULT: {"script":"<script> [1562 bytes]","args":[{"selector":{"id":"application-managestatesandperformance-display-component---stateAndPerform--smartFilterBarContracts-btnBasicSearch","interaction":{"idSuffix":"I"}},"wdio_ui5_key":"applicationmanagestatesandperformance-display-component---stateAndPerform--smartFilterBarContracts-btnBasicSearch"}]}
RESULT: undefined
COMMAND: POST /session/2244ff7962b0b6fa4a7d495ddc40b06b/execute/async - {"script":"<script> [776 bytes]","args":[{"enterText":"400050","selector":{"id":"application-managestatesandperformance-display-component---stateAndPerform--smartFilterBarContracts-btnBasicSearch","interaction":{"idSuffix":"I"}},"clearTextFirst":true,"interactionType":"ENTER_TEXT"}]}
RESULT: {"script":"<script> [776 bytes]","args":[{"enterText":"400050","selector":{"id":"application-managestatesandperformance-display-component---stateAndPerform--smartFilterBarContracts-btnBasicSearch","interaction":{"idSuffix":"I"}},"clearTextFirst":true,"interactionType":"ENTER_TEXT"}]}
COMMAND: POST /session/2244ff7962b0b6fa4a7d495ddc40b06b/actions - {"actions":[{"id":"action15","type":"key","parameters":{},"actions":[{"type":"keyDown","value":"î€‡"},{"type":"pause","duration":10},{"type":"keyUp","value":"î€‡"}]}]}
RESULT: {"actions":[{"id":"action15","type":"key","parameters":{},"actions":[{"type":"keyDown","value":"î€‡"},{"type":"pause","duration":10},{"type":"keyUp","value":"î€‡"}]}]}
COMMAND: GET /session/2244ff7962b0b6fa4a7d495ddc40b06b/screenshot - {}
RESULT: {}
COMMAND: POST /session/2244ff7962b0b6fa4a7d495ddc40b06b/element - {"using":"xpath","value":"//span[@id=\"application-managestatesandperformance-display-component---stateAndPerform--stateAndPerformContractItemsSmartTable-header-inner\"]"}
RESULT: {"using":"xpath","value":"//span[@id=\"application-managestatesandperformance-display-component---stateAndPerform--stateAndPerformContractItemsSmartTable-header-inner\"]"}
COMMAND: POST /session/2244ff7962b0b6fa4a7d495ddc40b06b/elements - {"using":"xpath","value":"//span[@id=\"application-managestatesandperformance-display-component---stateAndPerform--stateAndPerformContractItemsSmartTable-header-inner\"]"}
RESULT: {"using":"xpath","value":"//span[@id=\"application-managestatesandperformance-display-component---stateAndPerform--stateAndPerformContractItemsSmartTable-header-inner\"]"}
COMMAND: POST /session/2244ff7962b0b6fa4a7d495ddc40b06b/execute/sync - {"script":"<script> [56 bytes]","args":[{"element-6066-11e4-a52e-4f735466cecf":"f.FC05DF9C3021EB39F8DA3FE791B32878.d.314A13343E1551072B4C841069D3B041.e.5711","ELEMENT":"f.FC05DF9C3021EB39F8DA3FE791B32878.d.314A13343E1551072B4C841069D3B041.e.5711"}]}
RESULT: {"script":"<script> [56 bytes]","args":[{"element-6066-11e4-a52e-4f735466cecf":"f.FC05DF9C3021EB39F8DA3FE791B32878.d.314A13343E1551072B4C841069D3B041.e.5711","ELEMENT":"f.FC05DF9C3021EB39F8DA3FE791B32878.d.314A13343E1551072B4C841069D3B041.e.5711"}]}
COMMAND: POST /session/2244ff7962b0b6fa4a7d495ddc40b06b/element - {"using":"xpath","value":"//table[contains(@id, \"stateAndPerform--stateAndPerformContractItemsTable-listUl\")]/tbody/tr[1]/td[2]/div/div"}
RESULT: {"using":"xpath","value":"//table[contains(@id, \"stateAndPerform--stateAndPerformContractItemsTable-listUl\")]/tbody/tr[1]/td[2]/div/div"}
COMMAND: POST /session/2244ff7962b0b6fa4a7d495ddc40b06b/element/f.FC05DF9C3021EB39F8DA3FE791B32878.d.314A13343E1551072B4C841069D3B041.e.5712/click - {}
COMMAND: GET /session/2244ff7962b0b6fa4a7d495ddc40b06b/screenshot - {}
RESULT: {}
RESULT: {}
COMMAND: GET /session/2244ff7962b0b6fa4a7d495ddc40b06b/screenshot - {}
RESULT: {}
COMMAND: POST /session/2244ff7962b0b6fa4a7d495ddc40b06b/element/f.FC05DF9C3021EB39F8DA3FE791B32878.d.314A13343E1551072B4C841069D3B041.e.5542/click - {}
RESULT: {}
COMMAND: GET /session/2244ff7962b0b6fa4a7d495ddc40b06b/screenshot - {}
RESULT: {}
COMMAND: POST /session/2244ff7962b0b6fa4a7d495ddc40b06b/execute/async - {"script":"<script> [1562 bytes]","args":[{"selector":{"id":"application-managestatesandperformance-display-component---stateAndPerform--ruStateTypes-arrow","searchOpenDialogs":true},"wdio_ui5_key":"applicationmanagestatesandperformance-display-component---stateAndPerform--ruStateTypes-arrow"}]}
RESULT: {"script":"<script> [1562 bytes]","args":[{"selector":{"id":"application-managestatesandperformance-display-component---stateAndPerform--ruStateTypes-arrow","searchOpenDialogs":true},"wdio_ui5_key":"applicationmanagestatesandperformance-display-component---stateAndPerform--ruStateTypes-arrow"}]}
RESULT: undefined
COMMAND: POST /session/2244ff7962b0b6fa4a7d495ddc40b06b/element - {"using":"xpath","value":"//*[@id=\"application-managestatesandperformance-display-component---stateAndPerform--ruStateTypes-arrow\"]"}
RESULT: {"using":"xpath","value":"//*[@id=\"application-managestatesandperformance-display-component---stateAndPerform--ruStateTypes-arrow\"]"}
COMMAND: POST /session/2244ff7962b0b6fa4a7d495ddc40b06b/element/f.FC05DF9C3021EB39F8DA3FE791B32878.d.314A13343E1551072B4C841069D3B041.e.5721/click - {}
RESULT: {}
COMMAND: GET /session/2244ff7962b0b6fa4a7d495ddc40b06b/screenshot - {}
RESULT: {}
COMMAND: POST /session/2244ff7962b0b6fa4a7d495ddc40b06b/element - {"using":"xpath","value":"//li[.//span[text()=\"defect\"]]"}
RESULT: {"using":"xpath","value":"//li[.//span[text()=\"defect\"]]"}
COMMAND: POST /session/2244ff7962b0b6fa4a7d495ddc40b06b/element/f.FC05DF9C3021EB39F8DA3FE791B32878.d.314A13343E1551072B4C841069D3B041.e.5722/click - {}
RESULT: {}
COMMAND: GET /session/2244ff7962b0b6fa4a7d495ddc40b06b/screenshot - {}
RESULT: {}
COMMAND: POST /session/2244ff7962b0b6fa4a7d495ddc40b06b/execute/async - {"script":"<script> [1562 bytes]","args":[{"selector":{"id":"application-managestatesandperformance-display-component---stateAndPerform--effectiveDate","searchOpenDialogs":true,"interaction":{"idSuffix":"inner"}},"wdio_ui5_key":"applicationmanagestatesandperformance-display-component---stateAndPerform--effectiveDate"}]}
RESULT: {"script":"<script> [1562 bytes]","args":[{"selector":{"id":"application-managestatesandperformance-display-component---stateAndPerform--effectiveDate","searchOpenDialogs":true,"interaction":{"idSuffix":"inner"}},"wdio_ui5_key":"applicationmanagestatesandperformance-display-component---stateAndPerform--effectiveDate"}]}
RESULT: undefined
COMMAND: POST /session/2244ff7962b0b6fa4a7d495ddc40b06b/execute/async - {"script":"<script> [776 bytes]","args":[{"enterText":"05/23/25","selector":{"id":"application-managestatesandperformance-display-component---stateAndPerform--effectiveDate","searchOpenDialogs":true,"interaction":{"idSuffix":"inner"}},"clearTextFirst":true,"interactionType":"ENTER_TEXT"}]}
RESULT: {"script":"<script> [776 bytes]","args":[{"enterText":"05/23/25","selector":{"id":"application-managestatesandperformance-display-component---stateAndPerform--effectiveDate","searchOpenDialogs":true,"interaction":{"idSuffix":"inner"}},"clearTextFirst":true,"interactionType":"ENTER_TEXT"}]}
COMMAND: POST /session/2244ff7962b0b6fa4a7d495ddc40b06b/element - {"using":"xpath","value":"(//bdi[contains(text(), \"OK\")])[1]"}
RESULT: {"using":"xpath","value":"(//bdi[contains(text(), \"OK\")])[1]"}
COMMAND: POST /session/2244ff7962b0b6fa4a7d495ddc40b06b/element/f.FC05DF9C3021EB39F8DA3FE791B32878.d.314A13343E1551072B4C841069D3B041.e.5725/click - {}
RESULT: {}
COMMAND: GET /session/2244ff7962b0b6fa4a7d495ddc40b06b/screenshot - {}
RESULT: {}
COMMAND: POST /session/2244ff7962b0b6fa4a7d495ddc40b06b/element - {"using":"xpath","value":"(//bdi[contains(text(), \"OK\")])[2]"}
RESULT: {"using":"xpath","value":"(//bdi[contains(text(), \"OK\")])[2]"}
COMMAND: POST /session/2244ff7962b0b6fa4a7d495ddc40b06b/element/f.FC05DF9C3021EB39F8DA3FE791B32878.d.314A13343E1551072B4C841069D3B041.e.5730/click - {}
RESULT: {}
COMMAND: GET /session/2244ff7962b0b6fa4a7d495ddc40b06b/screenshot - {}
RESULT: {}
COMMAND: POST /session/2244ff7962b0b6fa4a7d495ddc40b06b/element - {"using":"css selector","value":"#shell-header-logo"}
RESULT: {"using":"css selector","value":"#shell-header-logo"}
COMMAND: POST /session/2244ff7962b0b6fa4a7d495ddc40b06b/element/f.FC05DF9C3021EB39F8DA3FE791B32878.d.314A13343E1551072B4C841069D3B041.e.5438/click - {}
RESULT: {}
COMMAND: GET /session/2244ff7962b0b6fa4a7d495ddc40b06b/screenshot - {}
RESULT: {}
COMMAND: DELETE /session/2244ff7962b0b6fa4a7d495ddc40b06b - {}
RESULT: {}
]]></system-out>
    </testcase>
  </testsuite>
</testsuites>