<?xml version="1.0" encoding="UTF-8"?>
<testsuites tests="9" failures="0" errors="0" skipped="0">
  <testsuite timestamp="2025-05-21T15:38:45" time="970.043" tests="8" failures="0" errors="0" skipped="0">
    <properties>
      <property name="specId" value="0"/>
      <property name="suiteName" value="Create masterdata for Yard Overview - trigger provide US130988"/>
      <property name="capabilities" value="chrome.136_0_7103_93.windows"/>
      <property name="file" value="file:///D:/a/1/s/test/specs/HTR/yard-overview-trigger.spec.js"/>
    </properties>
    <testcase classname="chrome.136_0_7103_93.windows.Create_masterdata_for_Yard_Overview_-_trigger_provide_US130988" name="Should create a new yard" time="137.465">
      <system-out><![CDATA[
COMMAND: POST /session/b82276ffbb9492990a85e43e5d9fdefc/window/fullscreen - {}
RESULT: {}
COMMAND: POST /session/b82276ffbb9492990a85e43e5d9fdefc/execute/async - {"script":"<script> [1562 bytes]","args":[{"selector":{"controlType":"sap.m.GenericTile","properties":{"header":"Manage Yards"}},"wdio_ui5_key":"sapm.GenericTile{\"header\":\"Manage Yards\"}"}]}
RESULT: {"script":"<script> [1562 bytes]","args":[{"selector":{"controlType":"sap.m.GenericTile","properties":{"header":"Manage Yards"}},"wdio_ui5_key":"sapm.GenericTile{\"header\":\"Manage Yards\"}"}]}
RESULT: undefined
COMMAND: POST /session/b82276ffbb9492990a85e43e5d9fdefc/element - {"using":"xpath","value":"//*[@id=\"__tile41\"]"}
RESULT: {"using":"xpath","value":"//*[@id=\"__tile41\"]"}
COMMAND: POST /session/b82276ffbb9492990a85e43e5d9fdefc/element/f.6AF3DC3554ABF6CF809F86825A1E03B6.d.67796AF37FED60337BF61471CD5B5D62.e.130/click - {}
RESULT: {}
COMMAND: GET /session/b82276ffbb9492990a85e43e5d9fdefc/screenshot - {}
RESULT: {}
COMMAND: POST /session/b82276ffbb9492990a85e43e5d9fdefc/elements - {"using":"xpath","value":"//span[text()='Error']"}
RESULT: {"using":"xpath","value":"//span[text()='Error']"}
COMMAND: POST /session/b82276ffbb9492990a85e43e5d9fdefc/element - {"using":"xpath","value":"//button[@data-kt=\"addNewYardOverflowToolbarButton\"]"}
RESULT: {"using":"xpath","value":"//button[@data-kt=\"addNewYardOverflowToolbarButton\"]"}
COMMAND: POST /session/b82276ffbb9492990a85e43e5d9fdefc/elements - {"using":"xpath","value":"//button[@data-kt=\"addNewYardOverflowToolbarButton\"]"}
RESULT: {"using":"xpath","value":"//button[@data-kt=\"addNewYardOverflowToolbarButton\"]"}
COMMAND: POST /session/b82276ffbb9492990a85e43e5d9fdefc/elements - {"using":"xpath","value":"//button[@data-kt=\"addNewYardOverflowToolbarButton\"]"}
RESULT: {"using":"xpath","value":"//button[@data-kt=\"addNewYardOverflowToolbarButton\"]"}
COMMAND: POST /session/b82276ffbb9492990a85e43e5d9fdefc/elements - {"using":"xpath","value":"//button[@data-kt=\"addNewYardOverflowToolbarButton\"]"}
RESULT: {"using":"xpath","value":"//button[@data-kt=\"addNewYardOverflowToolbarButton\"]"}
COMMAND: POST /session/b82276ffbb9492990a85e43e5d9fdefc/elements - {"using":"xpath","value":"//button[@data-kt=\"addNewYardOverflowToolbarButton\"]"}
RESULT: {"using":"xpath","value":"//button[@data-kt=\"addNewYardOverflowToolbarButton\"]"}
COMMAND: POST /session/b82276ffbb9492990a85e43e5d9fdefc/elements - {"using":"xpath","value":"//button[@data-kt=\"addNewYardOverflowToolbarButton\"]"}
RESULT: {"using":"xpath","value":"//button[@data-kt=\"addNewYardOverflowToolbarButton\"]"}
COMMAND: POST /session/b82276ffbb9492990a85e43e5d9fdefc/elements - {"using":"xpath","value":"//button[@data-kt=\"addNewYardOverflowToolbarButton\"]"}
RESULT: {"using":"xpath","value":"//button[@data-kt=\"addNewYardOverflowToolbarButton\"]"}
COMMAND: POST /session/b82276ffbb9492990a85e43e5d9fdefc/elements - {"using":"xpath","value":"//button[@data-kt=\"addNewYardOverflowToolbarButton\"]"}
RESULT: {"using":"xpath","value":"//button[@data-kt=\"addNewYardOverflowToolbarButton\"]"}
COMMAND: POST /session/b82276ffbb9492990a85e43e5d9fdefc/elements - {"using":"xpath","value":"//button[@data-kt=\"addNewYardOverflowToolbarButton\"]"}
RESULT: {"using":"xpath","value":"//button[@data-kt=\"addNewYardOverflowToolbarButton\"]"}
COMMAND: POST /session/b82276ffbb9492990a85e43e5d9fdefc/elements - {"using":"xpath","value":"//button[@data-kt=\"addNewYardOverflowToolbarButton\"]"}
RESULT: {"using":"xpath","value":"//button[@data-kt=\"addNewYardOverflowToolbarButton\"]"}
COMMAND: POST /session/b82276ffbb9492990a85e43e5d9fdefc/elements - {"using":"xpath","value":"//button[@data-kt=\"addNewYardOverflowToolbarButton\"]"}
RESULT: {"using":"xpath","value":"//button[@data-kt=\"addNewYardOverflowToolbarButton\"]"}
COMMAND: POST /session/b82276ffbb9492990a85e43e5d9fdefc/elements - {"using":"xpath","value":"//button[@data-kt=\"addNewYardOverflowToolbarButton\"]"}
RESULT: {"using":"xpath","value":"//button[@data-kt=\"addNewYardOverflowToolbarButton\"]"}
COMMAND: POST /session/b82276ffbb9492990a85e43e5d9fdefc/elements - {"using":"xpath","value":"//button[@data-kt=\"addNewYardOverflowToolbarButton\"]"}
RESULT: {"using":"xpath","value":"//button[@data-kt=\"addNewYardOverflowToolbarButton\"]"}
COMMAND: POST /session/b82276ffbb9492990a85e43e5d9fdefc/elements - {"using":"xpath","value":"//button[@data-kt=\"addNewYardOverflowToolbarButton\"]"}
RESULT: {"using":"xpath","value":"//button[@data-kt=\"addNewYardOverflowToolbarButton\"]"}
COMMAND: POST /session/b82276ffbb9492990a85e43e5d9fdefc/elements - {"using":"xpath","value":"//button[@data-kt=\"addNewYardOverflowToolbarButton\"]"}
RESULT: {"using":"xpath","value":"//button[@data-kt=\"addNewYardOverflowToolbarButton\"]"}
COMMAND: POST /session/b82276ffbb9492990a85e43e5d9fdefc/elements - {"using":"xpath","value":"//button[@data-kt=\"addNewYardOverflowToolbarButton\"]"}
RESULT: {"using":"xpath","value":"//button[@data-kt=\"addNewYardOverflowToolbarButton\"]"}
COMMAND: POST /session/b82276ffbb9492990a85e43e5d9fdefc/elements - {"using":"xpath","value":"//button[@data-kt=\"addNewYardOverflowToolbarButton\"]"}
RESULT: {"using":"xpath","value":"//button[@data-kt=\"addNewYardOverflowToolbarButton\"]"}
COMMAND: POST /session/b82276ffbb9492990a85e43e5d9fdefc/elements - {"using":"xpath","value":"//button[@data-kt=\"addNewYardOverflowToolbarButton\"]"}
RESULT: {"using":"xpath","value":"//button[@data-kt=\"addNewYardOverflowToolbarButton\"]"}
COMMAND: POST /session/b82276ffbb9492990a85e43e5d9fdefc/elements - {"using":"xpath","value":"//button[@data-kt=\"addNewYardOverflowToolbarButton\"]"}
RESULT: {"using":"xpath","value":"//button[@data-kt=\"addNewYardOverflowToolbarButton\"]"}
COMMAND: POST /session/b82276ffbb9492990a85e43e5d9fdefc/elements - {"using":"xpath","value":"//button[@data-kt=\"addNewYardOverflowToolbarButton\"]"}
RESULT: {"using":"xpath","value":"//button[@data-kt=\"addNewYardOverflowToolbarButton\"]"}
COMMAND: POST /session/b82276ffbb9492990a85e43e5d9fdefc/elements - {"using":"xpath","value":"//button[@data-kt=\"addNewYardOverflowToolbarButton\"]"}
RESULT: {"using":"xpath","value":"//button[@data-kt=\"addNewYardOverflowToolbarButton\"]"}
COMMAND: POST /session/b82276ffbb9492990a85e43e5d9fdefc/elements - {"using":"xpath","value":"//button[@data-kt=\"addNewYardOverflowToolbarButton\"]"}
RESULT: {"using":"xpath","value":"//button[@data-kt=\"addNewYardOverflowToolbarButton\"]"}
COMMAND: POST /session/b82276ffbb9492990a85e43e5d9fdefc/element - {"using":"xpath","value":"//button[@data-kt=\"addNewYardOverflowToolbarButton\"]"}
RESULT: {"using":"xpath","value":"//button[@data-kt=\"addNewYardOverflowToolbarButton\"]"}
COMMAND: POST /session/b82276ffbb9492990a85e43e5d9fdefc/execute/sync - {"script":"<script> [8489 bytes]","args":[{"element-6066-11e4-a52e-4f735466cecf":"f.6AF3DC3554ABF6CF809F86825A1E03B6.d.67796AF37FED60337BF61471CD5B5D62.e.267","ELEMENT":"f.6AF3DC3554ABF6CF809F86825A1E03B6.d.67796AF37FED60337BF61471CD5B5D62.e.267"}]}
RESULT: {"script":"<script> [8489 bytes]","args":[{"element-6066-11e4-a52e-4f735466cecf":"f.6AF3DC3554ABF6CF809F86825A1E03B6.d.67796AF37FED60337BF61471CD5B5D62.e.267","ELEMENT":"f.6AF3DC3554ABF6CF809F86825A1E03B6.d.67796AF37FED60337BF61471CD5B5D62.e.267"}]}
COMMAND: GET /session/b82276ffbb9492990a85e43e5d9fdefc/element/f.6AF3DC3554ABF6CF809F86825A1E03B6.d.67796AF37FED60337BF61471CD5B5D62.e.267/enabled - {}
COMMAND: GET /session/b82276ffbb9492990a85e43e5d9fdefc/screenshot - {}
RESULT: {}
COMMAND: POST /session/b82276ffbb9492990a85e43e5d9fdefc/execute/sync - {"script":"<script> [8489 bytes]","args":[{"element-6066-11e4-a52e-4f735466cecf":"f.6AF3DC3554ABF6CF809F86825A1E03B6.d.67796AF37FED60337BF61471CD5B5D62.e.267","ELEMENT":"f.6AF3DC3554ABF6CF809F86825A1E03B6.d.67796AF37FED60337BF61471CD5B5D62.e.267"}]}
COMMAND: GET /session/b82276ffbb9492990a85e43e5d9fdefc/screenshot - {}
RESULT: {}
RESULT: {"script":"<script> [8489 bytes]","args":[{"element-6066-11e4-a52e-4f735466cecf":"f.6AF3DC3554ABF6CF809F86825A1E03B6.d.67796AF37FED60337BF61471CD5B5D62.e.267","ELEMENT":"f.6AF3DC3554ABF6CF809F86825A1E03B6.d.67796AF37FED60337BF61471CD5B5D62.e.267"}]}
COMMAND: POST /session/b82276ffbb9492990a85e43e5d9fdefc/execute/sync - {"script":"<script> [5351 bytes]","args":[{"element-6066-11e4-a52e-4f735466cecf":"f.6AF3DC3554ABF6CF809F86825A1E03B6.d.67796AF37FED60337BF61471CD5B5D62.e.267","ELEMENT":"f.6AF3DC3554ABF6CF809F86825A1E03B6.d.67796AF37FED60337BF61471CD5B5D62.e.267"}]}
COMMAND: GET /session/b82276ffbb9492990a85e43e5d9fdefc/screenshot - {}
RESULT: {}
RESULT: {"script":"<script> [5351 bytes]","args":[{"element-6066-11e4-a52e-4f735466cecf":"f.6AF3DC3554ABF6CF809F86825A1E03B6.d.67796AF37FED60337BF61471CD5B5D62.e.267","ELEMENT":"f.6AF3DC3554ABF6CF809F86825A1E03B6.d.67796AF37FED60337BF61471CD5B5D62.e.267"}]}
COMMAND: POST /session/b82276ffbb9492990a85e43e5d9fdefc/element/f.6AF3DC3554ABF6CF809F86825A1E03B6.d.67796AF37FED60337BF61471CD5B5D62.e.267/click - {}
COMMAND: GET /session/b82276ffbb9492990a85e43e5d9fdefc/screenshot - {}
RESULT: {}
RESULT: {}
COMMAND: GET /session/b82276ffbb9492990a85e43e5d9fdefc/screenshot - {}
RESULT: {}
RESULT: {}
COMMAND: POST /session/b82276ffbb9492990a85e43e5d9fdefc/element - {"using":"xpath","value":"//input[@id=\"application-manageyards-display-component---NewYard--yardId-inner\"]"}
RESULT: {"using":"xpath","value":"//input[@id=\"application-manageyards-display-component---NewYard--yardId-inner\"]"}
COMMAND: POST /session/b82276ffbb9492990a85e43e5d9fdefc/element - {"using":"xpath","value":"//input[@id=\"application-manageyards-display-component---NewYard--yardId-inner\"]"}
RESULT: {"using":"xpath","value":"//input[@id=\"application-manageyards-display-component---NewYard--yardId-inner\"]"}
COMMAND: POST /session/b82276ffbb9492990a85e43e5d9fdefc/execute/async - {"script":"<script> [1562 bytes]","args":[{"selector":{"id":"application-manageyards-display-component---NewYard--addressDetailDetailsName1","interaction":{"idSuffix":"inner"}},"wdio_ui5_key":"applicationmanageyards-display-component---NewYard--addressDetailDetailsName1"}]}
RESULT: {"script":"<script> [1562 bytes]","args":[{"selector":{"id":"application-manageyards-display-component---NewYard--addressDetailDetailsName1","interaction":{"idSuffix":"inner"}},"wdio_ui5_key":"applicationmanageyards-display-component---NewYard--addressDetailDetailsName1"}]}
RESULT: undefined
COMMAND: POST /session/b82276ffbb9492990a85e43e5d9fdefc/execute/async - {"script":"<script> [776 bytes]","args":[{"enterText":"Other Yard WDIO","selector":{"id":"application-manageyards-display-component---NewYard--addressDetailDetailsName1","interaction":{"idSuffix":"inner"}},"clearTextFirst":true,"interactionType":"ENTER_TEXT"}]}
RESULT: {"script":"<script> [776 bytes]","args":[{"enterText":"Other Yard WDIO","selector":{"id":"application-manageyards-display-component---NewYard--addressDetailDetailsName1","interaction":{"idSuffix":"inner"}},"clearTextFirst":true,"interactionType":"ENTER_TEXT"}]}
COMMAND: POST /session/b82276ffbb9492990a85e43e5d9fdefc/execute/async - {"script":"<script> [1562 bytes]","args":[{"selector":{"id":"application-manageyards-display-component---NewYard--addressDetailDetailsLanguage-arrow"},"wdio_ui5_key":"applicationmanageyards-display-component---NewYard--addressDetailDetailsLanguage-arrow"}]}
RESULT: {"script":"<script> [1562 bytes]","args":[{"selector":{"id":"application-manageyards-display-component---NewYard--addressDetailDetailsLanguage-arrow"},"wdio_ui5_key":"applicationmanageyards-display-component---NewYard--addressDetailDetailsLanguage-arrow"}]}
RESULT: undefined
COMMAND: POST /session/b82276ffbb9492990a85e43e5d9fdefc/element - {"using":"xpath","value":"//*[@id=\"application-manageyards-display-component---NewYard--addressDetailDetailsLanguage-arrow\"]"}
RESULT: {"using":"xpath","value":"//*[@id=\"application-manageyards-display-component---NewYard--addressDetailDetailsLanguage-arrow\"]"}
COMMAND: POST /session/b82276ffbb9492990a85e43e5d9fdefc/element/f.6AF3DC3554ABF6CF809F86825A1E03B6.d.67796AF37FED60337BF61471CD5B5D62.e.534/click - {}
RESULT: {}
COMMAND: POST /session/b82276ffbb9492990a85e43e5d9fdefc/element - {"using":"xpath","value":"//span[contains(text(), \"English\")]"}
COMMAND: GET /session/b82276ffbb9492990a85e43e5d9fdefc/screenshot - {}
RESULT: {"using":"xpath","value":"//span[contains(text(), \"English\")]"}
COMMAND: POST /session/b82276ffbb9492990a85e43e5d9fdefc/element/f.6AF3DC3554ABF6CF809F86825A1E03B6.d.67796AF37FED60337BF61471CD5B5D62.e.535/click - {}
RESULT: {}
RESULT: {}
COMMAND: POST /session/b82276ffbb9492990a85e43e5d9fdefc/execute/async - {"script":"<script> [1562 bytes]","args":[{"selector":{"id":"application-manageyards-display-component---NewYard--addressDetailDetailsCity1","interaction":{"idSuffix":"inner"}},"wdio_ui5_key":"applicationmanageyards-display-component---NewYard--addressDetailDetailsCity1"}]}
COMMAND: GET /session/b82276ffbb9492990a85e43e5d9fdefc/screenshot - {}
RESULT: {"script":"<script> [1562 bytes]","args":[{"selector":{"id":"application-manageyards-display-component---NewYard--addressDetailDetailsCity1","interaction":{"idSuffix":"inner"}},"wdio_ui5_key":"applicationmanageyards-display-component---NewYard--addressDetailDetailsCity1"}]}
RESULT: undefined
COMMAND: POST /session/b82276ffbb9492990a85e43e5d9fdefc/execute/async - {"script":"<script> [776 bytes]","args":[{"enterText":"Rosario","selector":{"id":"application-manageyards-display-component---NewYard--addressDetailDetailsCity1","interaction":{"idSuffix":"inner"}},"clearTextFirst":true,"interactionType":"ENTER_TEXT"}]}
RESULT: {}
RESULT: {"script":"<script> [776 bytes]","args":[{"enterText":"Rosario","selector":{"id":"application-manageyards-display-component---NewYard--addressDetailDetailsCity1","interaction":{"idSuffix":"inner"}},"clearTextFirst":true,"interactionType":"ENTER_TEXT"}]}
COMMAND: POST /session/b82276ffbb9492990a85e43e5d9fdefc/execute/async - {"script":"<script> [1562 bytes]","args":[{"selector":{"id":"application-manageyards-display-component---NewYard--addressDetailDetailsCountry-arrow"},"wdio_ui5_key":"applicationmanageyards-display-component---NewYard--addressDetailDetailsCountry-arrow"}]}
RESULT: {"script":"<script> [1562 bytes]","args":[{"selector":{"id":"application-manageyards-display-component---NewYard--addressDetailDetailsCountry-arrow"},"wdio_ui5_key":"applicationmanageyards-display-component---NewYard--addressDetailDetailsCountry-arrow"}]}
RESULT: undefined
COMMAND: POST /session/b82276ffbb9492990a85e43e5d9fdefc/element - {"using":"xpath","value":"//*[@id=\"application-manageyards-display-component---NewYard--addressDetailDetailsCountry-arrow\"]"}
RESULT: {"using":"xpath","value":"//*[@id=\"application-manageyards-display-component---NewYard--addressDetailDetailsCountry-arrow\"]"}
COMMAND: POST /session/b82276ffbb9492990a85e43e5d9fdefc/element/f.6AF3DC3554ABF6CF809F86825A1E03B6.d.67796AF37FED60337BF61471CD5B5D62.e.537/click - {}
RESULT: {}
COMMAND: POST /session/b82276ffbb9492990a85e43e5d9fdefc/element - {"using":"xpath","value":"//span[contains(text(), \"Argentina\")]"}
COMMAND: GET /session/b82276ffbb9492990a85e43e5d9fdefc/screenshot - {}
RESULT: {"using":"xpath","value":"//span[contains(text(), \"Argentina\")]"}
COMMAND: POST /session/b82276ffbb9492990a85e43e5d9fdefc/element/f.6AF3DC3554ABF6CF809F86825A1E03B6.d.67796AF37FED60337BF61471CD5B5D62.e.538/click - {}
RESULT: {}
RESULT: {}
COMMAND: POST /session/b82276ffbb9492990a85e43e5d9fdefc/execute/async - {"script":"<script> [1562 bytes]","args":[{"selector":{"id":"application-manageyards-display-component---NewYard--addressEditDetailsCostObjectCstType-arrow"},"wdio_ui5_key":"applicationmanageyards-display-component---NewYard--addressEditDetailsCostObjectCstType-arrow"}]}
COMMAND: GET /session/b82276ffbb9492990a85e43e5d9fdefc/screenshot - {}
RESULT: {"script":"<script> [1562 bytes]","args":[{"selector":{"id":"application-manageyards-display-component---NewYard--addressEditDetailsCostObjectCstType-arrow"},"wdio_ui5_key":"applicationmanageyards-display-component---NewYard--addressEditDetailsCostObjectCstType-arrow"}]}
RESULT: undefined
COMMAND: POST /session/b82276ffbb9492990a85e43e5d9fdefc/element - {"using":"xpath","value":"//*[@id=\"application-manageyards-display-component---NewYard--addressEditDetailsCostObjectCstType-arrow\"]"}
RESULT: {}
RESULT: {"using":"xpath","value":"//*[@id=\"application-manageyards-display-component---NewYard--addressEditDetailsCostObjectCstType-arrow\"]"}
COMMAND: POST /session/b82276ffbb9492990a85e43e5d9fdefc/element/f.6AF3DC3554ABF6CF809F86825A1E03B6.d.67796AF37FED60337BF61471CD5B5D62.e.540/click - {}
RESULT: {}
COMMAND: POST /session/b82276ffbb9492990a85e43e5d9fdefc/element - {"using":"xpath","value":"//span[contains(text(), \"Cost Center\")]"}
COMMAND: GET /session/b82276ffbb9492990a85e43e5d9fdefc/screenshot - {}
RESULT: {"using":"xpath","value":"//span[contains(text(), \"Cost Center\")]"}
COMMAND: POST /session/b82276ffbb9492990a85e43e5d9fdefc/element/f.6AF3DC3554ABF6CF809F86825A1E03B6.d.67796AF37FED60337BF61471CD5B5D62.e.541/click - {}
RESULT: {}
RESULT: {}
COMMAND: GET /session/b82276ffbb9492990a85e43e5d9fdefc/screenshot - {}
RESULT: {}
COMMAND: POST /session/b82276ffbb9492990a85e43e5d9fdefc/element - {"using":"xpath","value":"//span[@id=\"application-manageyards-display-component---NewYard--addressNewCostObjectCstID-vhi\"]"}
RESULT: {"using":"xpath","value":"//span[@id=\"application-manageyards-display-component---NewYard--addressNewCostObjectCstID-vhi\"]"}
COMMAND: POST /session/b82276ffbb9492990a85e43e5d9fdefc/execute/sync - {"script":"<script> [8489 bytes]","args":[{"element-6066-11e4-a52e-4f735466cecf":"f.6AF3DC3554ABF6CF809F86825A1E03B6.d.67796AF37FED60337BF61471CD5B5D62.e.545","ELEMENT":"f.6AF3DC3554ABF6CF809F86825A1E03B6.d.67796AF37FED60337BF61471CD5B5D62.e.545"}]}
RESULT: {"script":"<script> [8489 bytes]","args":[{"element-6066-11e4-a52e-4f735466cecf":"f.6AF3DC3554ABF6CF809F86825A1E03B6.d.67796AF37FED60337BF61471CD5B5D62.e.545","ELEMENT":"f.6AF3DC3554ABF6CF809F86825A1E03B6.d.67796AF37FED60337BF61471CD5B5D62.e.545"}]}
COMMAND: POST /session/b82276ffbb9492990a85e43e5d9fdefc/execute/async - {"script":"<script> [1562 bytes]","args":[{"selector":{"id":"application-manageyards-display-component---NewYard--addressNewCostObjectCstID-vhi"},"wdio_ui5_key":"applicationmanageyards-display-component---NewYard--addressNewCostObjectCstID-vhi"}]}
COMMAND: GET /session/b82276ffbb9492990a85e43e5d9fdefc/screenshot - {}
RESULT: {"script":"<script> [1562 bytes]","args":[{"selector":{"id":"application-manageyards-display-component---NewYard--addressNewCostObjectCstID-vhi"},"wdio_ui5_key":"applicationmanageyards-display-component---NewYard--addressNewCostObjectCstID-vhi"}]}
RESULT: undefined
COMMAND: POST /session/b82276ffbb9492990a85e43e5d9fdefc/element - {"using":"xpath","value":"//*[@id=\"application-manageyards-display-component---NewYard--addressNewCostObjectCstID-vhi\"]"}
RESULT: {}
RESULT: {"using":"xpath","value":"//*[@id=\"application-manageyards-display-component---NewYard--addressNewCostObjectCstID-vhi\"]"}
COMMAND: POST /session/b82276ffbb9492990a85e43e5d9fdefc/element/f.6AF3DC3554ABF6CF809F86825A1E03B6.d.67796AF37FED60337BF61471CD5B5D62.e.545/click - {}
RESULT: {}
COMMAND: GET /session/b82276ffbb9492990a85e43e5d9fdefc/screenshot - {}
RESULT: {}
COMMAND: POST /session/b82276ffbb9492990a85e43e5d9fdefc/execute/async - {"script":"<script> [1562 bytes]","args":[{"selector":{"controlType":"sap.m.SearchField","properties":{"placeholder":"Search"},"searchOpenDialogs":true,"interaction":{"idSuffix":"I"}},"wdio_ui5_key":"sapm.SearchField{\"placeholder\":\"Search\"}"}]}
RESULT: {"script":"<script> [1562 bytes]","args":[{"selector":{"controlType":"sap.m.SearchField","properties":{"placeholder":"Search"},"searchOpenDialogs":true,"interaction":{"idSuffix":"I"}},"wdio_ui5_key":"sapm.SearchField{\"placeholder\":\"Search\"}"}]}
RESULT: undefined
COMMAND: POST /session/b82276ffbb9492990a85e43e5d9fdefc/execute/async - {"script":"<script> [776 bytes]","args":[{"enterText":"bauh_b","selector":{"controlType":"sap.m.SearchField","properties":{"placeholder":"Search"},"searchOpenDialogs":true,"interaction":{"idSuffix":"I"}},"clearTextFirst":true,"interactionType":"ENTER_TEXT"}]}
RESULT: {"script":"<script> [776 bytes]","args":[{"enterText":"bauh_b","selector":{"controlType":"sap.m.SearchField","properties":{"placeholder":"Search"},"searchOpenDialogs":true,"interaction":{"idSuffix":"I"}},"clearTextFirst":true,"interactionType":"ENTER_TEXT"}]}
COMMAND: POST /session/b82276ffbb9492990a85e43e5d9fdefc/actions - {"actions":[{"id":"action1","type":"key","parameters":{},"actions":[{"type":"keyDown","value":""},{"type":"pause","duration":10},{"type":"keyUp","value":""}]}]}
RESULT: {"actions":[{"id":"action1","type":"key","parameters":{},"actions":[{"type":"keyDown","value":""},{"type":"pause","duration":10},{"type":"keyUp","value":""}]}]}
COMMAND: GET /session/b82276ffbb9492990a85e43e5d9fdefc/screenshot - {}
RESULT: {}
COMMAND: POST /session/b82276ffbb9492990a85e43e5d9fdefc/element - {"using":"xpath","value":"//span[contains(text(), \"Demo Yard\")]"}
RESULT: {"using":"xpath","value":"//span[contains(text(), \"Demo Yard\")]"}
COMMAND: POST /session/b82276ffbb9492990a85e43e5d9fdefc/element/f.6AF3DC3554ABF6CF809F86825A1E03B6.d.67796AF37FED60337BF61471CD5B5D62.e.583/click - {}
RESULT: {}
COMMAND: GET /session/b82276ffbb9492990a85e43e5d9fdefc/screenshot - {}
RESULT: {}
COMMAND: POST /session/b82276ffbb9492990a85e43e5d9fdefc/element - {"using":"xpath","value":"//bdi[contains(text(), \"OK\")]"}
RESULT: {"using":"xpath","value":"//bdi[contains(text(), \"OK\")]"}
COMMAND: POST /session/b82276ffbb9492990a85e43e5d9fdefc/element/f.6AF3DC3554ABF6CF809F86825A1E03B6.d.67796AF37FED60337BF61471CD5B5D62.e.584/click - {}
RESULT: {}
COMMAND: GET /session/b82276ffbb9492990a85e43e5d9fdefc/screenshot - {}
RESULT: {}
COMMAND: POST /session/b82276ffbb9492990a85e43e5d9fdefc/execute/async - {"script":"<script> [1562 bytes]","args":[{"selector":{"id":"application-manageyards-display-component---NewYard--addressEditDetailsCurrency-arrow"},"wdio_ui5_key":"applicationmanageyards-display-component---NewYard--addressEditDetailsCurrency-arrow"}]}
RESULT: {"script":"<script> [1562 bytes]","args":[{"selector":{"id":"application-manageyards-display-component---NewYard--addressEditDetailsCurrency-arrow"},"wdio_ui5_key":"applicationmanageyards-display-component---NewYard--addressEditDetailsCurrency-arrow"}]}
RESULT: undefined
COMMAND: POST /session/b82276ffbb9492990a85e43e5d9fdefc/element - {"using":"xpath","value":"//*[@id=\"application-manageyards-display-component---NewYard--addressEditDetailsCurrency-arrow\"]"}
RESULT: {"using":"xpath","value":"//*[@id=\"application-manageyards-display-component---NewYard--addressEditDetailsCurrency-arrow\"]"}
COMMAND: POST /session/b82276ffbb9492990a85e43e5d9fdefc/element/f.6AF3DC3554ABF6CF809F86825A1E03B6.d.67796AF37FED60337BF61471CD5B5D62.e.587/click - {}
RESULT: {}
COMMAND: POST /session/b82276ffbb9492990a85e43e5d9fdefc/element - {"using":"xpath","value":"//span[contains(text(), \"Euro\")]"}
COMMAND: GET /session/b82276ffbb9492990a85e43e5d9fdefc/screenshot - {}
RESULT: {"using":"xpath","value":"//span[contains(text(), \"Euro\")]"}
COMMAND: POST /session/b82276ffbb9492990a85e43e5d9fdefc/element/f.6AF3DC3554ABF6CF809F86825A1E03B6.d.67796AF37FED60337BF61471CD5B5D62.e.588/click - {}
RESULT: {}
RESULT: {}
COMMAND: POST /session/b82276ffbb9492990a85e43e5d9fdefc/execute/async - {"script":"<script> [1562 bytes]","args":[{"selector":{"controlType":"sap.m.Input","viewName":"etm.portal.ui.manageyards.view.New","viewId":"application-manageyards-display-component---NewYard","bindingPath":{"path":"","propertyPath":"/CONTROLLING_AREA","modelName":"NewYardModel"},"interaction":{"idSuffix":"inner"}},"wdio_ui5_key":"etmportal.ui.manageyards.view.Newsap.m.Input{\"path\":\"\",\"propertyPath\":\"/CONTROLLING_AREA\",\"modelName\":\"NewYardModel\"}"}]}
COMMAND: GET /session/b82276ffbb9492990a85e43e5d9fdefc/screenshot - {}
RESULT: {"script":"<script> [1562 bytes]","args":[{"selector":{"controlType":"sap.m.Input","viewName":"etm.portal.ui.manageyards.view.New","viewId":"application-manageyards-display-component---NewYard","bindingPath":{"path":"","propertyPath":"/CONTROLLING_AREA","modelName":"NewYardModel"},"interaction":{"idSuffix":"inner"}},"wdio_ui5_key":"etmportal.ui.manageyards.view.Newsap.m.Input{\"path\":\"\",\"propertyPath\":\"/CONTROLLING_AREA\",\"modelName\":\"NewYardModel\"}"}]}
RESULT: undefined
COMMAND: POST /session/b82276ffbb9492990a85e43e5d9fdefc/execute/async - {"script":"<script> [776 bytes]","args":[{"enterText":"Z001","selector":{"controlType":"sap.m.Input","viewName":"etm.portal.ui.manageyards.view.New","viewId":"application-manageyards-display-component---NewYard","bindingPath":{"path":"","propertyPath":"/CONTROLLING_AREA","modelName":"NewYardModel"},"interaction":{"idSuffix":"inner"}},"clearTextFirst":true,"interactionType":"ENTER_TEXT"}]}
RESULT: {}
RESULT: {"script":"<script> [776 bytes]","args":[{"enterText":"Z001","selector":{"controlType":"sap.m.Input","viewName":"etm.portal.ui.manageyards.view.New","viewId":"application-manageyards-display-component---NewYard","bindingPath":{"path":"","propertyPath":"/CONTROLLING_AREA","modelName":"NewYardModel"},"interaction":{"idSuffix":"inner"}},"clearTextFirst":true,"interactionType":"ENTER_TEXT"}]}
COMMAND: POST /session/b82276ffbb9492990a85e43e5d9fdefc/execute/async - {"script":"<script> [1562 bytes]","args":[{"selector":{"id":"application-manageyards-display-component---NewYard--companyCodeComboBox","interaction":{"idSuffix":"inner"}},"wdio_ui5_key":"applicationmanageyards-display-component---NewYard--companyCodeComboBox"}]}
RESULT: {"script":"<script> [1562 bytes]","args":[{"selector":{"id":"application-manageyards-display-component---NewYard--companyCodeComboBox","interaction":{"idSuffix":"inner"}},"wdio_ui5_key":"applicationmanageyards-display-component---NewYard--companyCodeComboBox"}]}
RESULT: undefined
COMMAND: POST /session/b82276ffbb9492990a85e43e5d9fdefc/execute/async - {"script":"<script> [776 bytes]","args":[{"enterText":"1000","selector":{"id":"application-manageyards-display-component---NewYard--companyCodeComboBox","interaction":{"idSuffix":"inner"}},"clearTextFirst":true,"interactionType":"ENTER_TEXT"}]}
RESULT: {"script":"<script> [776 bytes]","args":[{"enterText":"1000","selector":{"id":"application-manageyards-display-component---NewYard--companyCodeComboBox","interaction":{"idSuffix":"inner"}},"clearTextFirst":true,"interactionType":"ENTER_TEXT"}]}
COMMAND: POST /session/b82276ffbb9492990a85e43e5d9fdefc/execute/async - {"script":"<script> [1562 bytes]","args":[{"selector":{"controlType":"sap.m.Input","viewName":"etm.portal.ui.manageyards.view.New","viewId":"application-manageyards-display-component---NewYard","bindingPath":{"path":"","propertyPath":"/PLANT","modelName":"NewYardModel"},"interaction":{"idSuffix":"inner"}},"wdio_ui5_key":"etmportal.ui.manageyards.view.Newsap.m.Input{\"path\":\"\",\"propertyPath\":\"/PLANT\",\"modelName\":\"NewYardModel\"}"}]}
RESULT: {"script":"<script> [1562 bytes]","args":[{"selector":{"controlType":"sap.m.Input","viewName":"etm.portal.ui.manageyards.view.New","viewId":"application-manageyards-display-component---NewYard","bindingPath":{"path":"","propertyPath":"/PLANT","modelName":"NewYardModel"},"interaction":{"idSuffix":"inner"}},"wdio_ui5_key":"etmportal.ui.manageyards.view.Newsap.m.Input{\"path\":\"\",\"propertyPath\":\"/PLANT\",\"modelName\":\"NewYardModel\"}"}]}
RESULT: undefined
COMMAND: POST /session/b82276ffbb9492990a85e43e5d9fdefc/execute/async - {"script":"<script> [776 bytes]","args":[{"enterText":"1001","selector":{"controlType":"sap.m.Input","viewName":"etm.portal.ui.manageyards.view.New","viewId":"application-manageyards-display-component---NewYard","bindingPath":{"path":"","propertyPath":"/PLANT","modelName":"NewYardModel"},"interaction":{"idSuffix":"inner"}},"clearTextFirst":true,"interactionType":"ENTER_TEXT"}]}
RESULT: {"script":"<script> [776 bytes]","args":[{"enterText":"1001","selector":{"controlType":"sap.m.Input","viewName":"etm.portal.ui.manageyards.view.New","viewId":"application-manageyards-display-component---NewYard","bindingPath":{"path":"","propertyPath":"/PLANT","modelName":"NewYardModel"},"interaction":{"idSuffix":"inner"}},"clearTextFirst":true,"interactionType":"ENTER_TEXT"}]}
COMMAND: POST /session/b82276ffbb9492990a85e43e5d9fdefc/execute/async - {"script":"<script> [1562 bytes]","args":[{"selector":{"controlType":"sap.m.Input","viewName":"etm.portal.ui.manageyards.view.New","viewId":"application-manageyards-display-component---NewYard","bindingPath":{"path":"","propertyPath":"/SALES_AREA_VKORG","modelName":"NewYardModel"},"interaction":{"idSuffix":"inner"}},"wdio_ui5_key":"etmportal.ui.manageyards.view.Newsap.m.Input{\"path\":\"\",\"propertyPath\":\"/SALES_AREA_VKORG\",\"modelName\":\"NewYardModel\"}"}]}
RESULT: {"script":"<script> [1562 bytes]","args":[{"selector":{"controlType":"sap.m.Input","viewName":"etm.portal.ui.manageyards.view.New","viewId":"application-manageyards-display-component---NewYard","bindingPath":{"path":"","propertyPath":"/SALES_AREA_VKORG","modelName":"NewYardModel"},"interaction":{"idSuffix":"inner"}},"wdio_ui5_key":"etmportal.ui.manageyards.view.Newsap.m.Input{\"path\":\"\",\"propertyPath\":\"/SALES_AREA_VKORG\",\"modelName\":\"NewYardModel\"}"}]}
RESULT: undefined
COMMAND: POST /session/b82276ffbb9492990a85e43e5d9fdefc/execute/async - {"script":"<script> [776 bytes]","args":[{"enterText":"C002","selector":{"controlType":"sap.m.Input","viewName":"etm.portal.ui.manageyards.view.New","viewId":"application-manageyards-display-component---NewYard","bindingPath":{"path":"","propertyPath":"/SALES_AREA_VKORG","modelName":"NewYardModel"},"interaction":{"idSuffix":"inner"}},"clearTextFirst":true,"interactionType":"ENTER_TEXT"}]}
RESULT: {"script":"<script> [776 bytes]","args":[{"enterText":"C002","selector":{"controlType":"sap.m.Input","viewName":"etm.portal.ui.manageyards.view.New","viewId":"application-manageyards-display-component---NewYard","bindingPath":{"path":"","propertyPath":"/SALES_AREA_VKORG","modelName":"NewYardModel"},"interaction":{"idSuffix":"inner"}},"clearTextFirst":true,"interactionType":"ENTER_TEXT"}]}
COMMAND: POST /session/b82276ffbb9492990a85e43e5d9fdefc/execute/async - {"script":"<script> [1562 bytes]","args":[{"selector":{"controlType":"sap.m.Input","viewName":"etm.portal.ui.manageyards.view.New","viewId":"application-manageyards-display-component---NewYard","bindingPath":{"path":"","propertyPath":"/SALES_AREA_VTWEG","modelName":"NewYardModel"},"interaction":{"idSuffix":"inner"}},"wdio_ui5_key":"etmportal.ui.manageyards.view.Newsap.m.Input{\"path\":\"\",\"propertyPath\":\"/SALES_AREA_VTWEG\",\"modelName\":\"NewYardModel\"}"}]}
RESULT: {"script":"<script> [1562 bytes]","args":[{"selector":{"controlType":"sap.m.Input","viewName":"etm.portal.ui.manageyards.view.New","viewId":"application-manageyards-display-component---NewYard","bindingPath":{"path":"","propertyPath":"/SALES_AREA_VTWEG","modelName":"NewYardModel"},"interaction":{"idSuffix":"inner"}},"wdio_ui5_key":"etmportal.ui.manageyards.view.Newsap.m.Input{\"path\":\"\",\"propertyPath\":\"/SALES_AREA_VTWEG\",\"modelName\":\"NewYardModel\"}"}]}
RESULT: undefined
COMMAND: POST /session/b82276ffbb9492990a85e43e5d9fdefc/execute/async - {"script":"<script> [776 bytes]","args":[{"enterText":"C2","selector":{"controlType":"sap.m.Input","viewName":"etm.portal.ui.manageyards.view.New","viewId":"application-manageyards-display-component---NewYard","bindingPath":{"path":"","propertyPath":"/SALES_AREA_VTWEG","modelName":"NewYardModel"},"interaction":{"idSuffix":"inner"}},"clearTextFirst":true,"interactionType":"ENTER_TEXT"}]}
RESULT: {"script":"<script> [776 bytes]","args":[{"enterText":"C2","selector":{"controlType":"sap.m.Input","viewName":"etm.portal.ui.manageyards.view.New","viewId":"application-manageyards-display-component---NewYard","bindingPath":{"path":"","propertyPath":"/SALES_AREA_VTWEG","modelName":"NewYardModel"},"interaction":{"idSuffix":"inner"}},"clearTextFirst":true,"interactionType":"ENTER_TEXT"}]}
COMMAND: POST /session/b82276ffbb9492990a85e43e5d9fdefc/execute/async - {"script":"<script> [1562 bytes]","args":[{"selector":{"controlType":"sap.m.Input","viewName":"etm.portal.ui.manageyards.view.New","viewId":"application-manageyards-display-component---NewYard","bindingPath":{"path":"","propertyPath":"/SALES_AREA_SPART","modelName":"NewYardModel"},"interaction":{"idSuffix":"inner"}},"wdio_ui5_key":"etmportal.ui.manageyards.view.Newsap.m.Input{\"path\":\"\",\"propertyPath\":\"/SALES_AREA_SPART\",\"modelName\":\"NewYardModel\"}"}]}
RESULT: {"script":"<script> [1562 bytes]","args":[{"selector":{"controlType":"sap.m.Input","viewName":"etm.portal.ui.manageyards.view.New","viewId":"application-manageyards-display-component---NewYard","bindingPath":{"path":"","propertyPath":"/SALES_AREA_SPART","modelName":"NewYardModel"},"interaction":{"idSuffix":"inner"}},"wdio_ui5_key":"etmportal.ui.manageyards.view.Newsap.m.Input{\"path\":\"\",\"propertyPath\":\"/SALES_AREA_SPART\",\"modelName\":\"NewYardModel\"}"}]}
RESULT: undefined
COMMAND: POST /session/b82276ffbb9492990a85e43e5d9fdefc/execute/async - {"script":"<script> [776 bytes]","args":[{"enterText":"C2","selector":{"controlType":"sap.m.Input","viewName":"etm.portal.ui.manageyards.view.New","viewId":"application-manageyards-display-component---NewYard","bindingPath":{"path":"","propertyPath":"/SALES_AREA_SPART","modelName":"NewYardModel"},"interaction":{"idSuffix":"inner"}},"clearTextFirst":true,"interactionType":"ENTER_TEXT"}]}
RESULT: {"script":"<script> [776 bytes]","args":[{"enterText":"C2","selector":{"controlType":"sap.m.Input","viewName":"etm.portal.ui.manageyards.view.New","viewId":"application-manageyards-display-component---NewYard","bindingPath":{"path":"","propertyPath":"/SALES_AREA_SPART","modelName":"NewYardModel"},"interaction":{"idSuffix":"inner"}},"clearTextFirst":true,"interactionType":"ENTER_TEXT"}]}
COMMAND: POST /session/b82276ffbb9492990a85e43e5d9fdefc/execute/async - {"script":"<script> [1562 bytes]","args":[{"selector":{"controlType":"sap.m.Input","viewName":"etm.portal.ui.manageyards.view.New","viewId":"application-manageyards-display-component---NewYard","bindingPath":{"path":"","propertyPath":"/SHIP_POINT","modelName":"NewYardModel"},"interaction":{"idSuffix":"inner"}},"wdio_ui5_key":"etmportal.ui.manageyards.view.Newsap.m.Input{\"path\":\"\",\"propertyPath\":\"/SHIP_POINT\",\"modelName\":\"NewYardModel\"}"}]}
RESULT: {"script":"<script> [1562 bytes]","args":[{"selector":{"controlType":"sap.m.Input","viewName":"etm.portal.ui.manageyards.view.New","viewId":"application-manageyards-display-component---NewYard","bindingPath":{"path":"","propertyPath":"/SHIP_POINT","modelName":"NewYardModel"},"interaction":{"idSuffix":"inner"}},"wdio_ui5_key":"etmportal.ui.manageyards.view.Newsap.m.Input{\"path\":\"\",\"propertyPath\":\"/SHIP_POINT\",\"modelName\":\"NewYardModel\"}"}]}
RESULT: undefined
COMMAND: POST /session/b82276ffbb9492990a85e43e5d9fdefc/execute/async - {"script":"<script> [776 bytes]","args":[{"enterText":"1710","selector":{"controlType":"sap.m.Input","viewName":"etm.portal.ui.manageyards.view.New","viewId":"application-manageyards-display-component---NewYard","bindingPath":{"path":"","propertyPath":"/SHIP_POINT","modelName":"NewYardModel"},"interaction":{"idSuffix":"inner"}},"clearTextFirst":true,"interactionType":"ENTER_TEXT"}]}
RESULT: {"script":"<script> [776 bytes]","args":[{"enterText":"1710","selector":{"controlType":"sap.m.Input","viewName":"etm.portal.ui.manageyards.view.New","viewId":"application-manageyards-display-component---NewYard","bindingPath":{"path":"","propertyPath":"/SHIP_POINT","modelName":"NewYardModel"},"interaction":{"idSuffix":"inner"}},"clearTextFirst":true,"interactionType":"ENTER_TEXT"}]}
COMMAND: POST /session/b82276ffbb9492990a85e43e5d9fdefc/execute/async - {"script":"<script> [1562 bytes]","args":[{"selector":{"controlType":"sap.m.Input","viewName":"etm.portal.ui.manageyards.view.New","viewId":"application-manageyards-display-component---NewYard","bindingPath":{"path":"","propertyPath":"/DELIVERY_TYPE","modelName":"NewYardModel"},"interaction":{"idSuffix":"inner"}},"wdio_ui5_key":"etmportal.ui.manageyards.view.Newsap.m.Input{\"path\":\"\",\"propertyPath\":\"/DELIVERY_TYPE\",\"modelName\":\"NewYardModel\"}"}]}
RESULT: {"script":"<script> [1562 bytes]","args":[{"selector":{"controlType":"sap.m.Input","viewName":"etm.portal.ui.manageyards.view.New","viewId":"application-manageyards-display-component---NewYard","bindingPath":{"path":"","propertyPath":"/DELIVERY_TYPE","modelName":"NewYardModel"},"interaction":{"idSuffix":"inner"}},"wdio_ui5_key":"etmportal.ui.manageyards.view.Newsap.m.Input{\"path\":\"\",\"propertyPath\":\"/DELIVERY_TYPE\",\"modelName\":\"NewYardModel\"}"}]}
RESULT: undefined
COMMAND: POST /session/b82276ffbb9492990a85e43e5d9fdefc/execute/async - {"script":"<script> [776 bytes]","args":[{"enterText":"ZL01","selector":{"controlType":"sap.m.Input","viewName":"etm.portal.ui.manageyards.view.New","viewId":"application-manageyards-display-component---NewYard","bindingPath":{"path":"","propertyPath":"/DELIVERY_TYPE","modelName":"NewYardModel"},"interaction":{"idSuffix":"inner"}},"clearTextFirst":true,"interactionType":"ENTER_TEXT"}]}
RESULT: {"script":"<script> [776 bytes]","args":[{"enterText":"ZL01","selector":{"controlType":"sap.m.Input","viewName":"etm.portal.ui.manageyards.view.New","viewId":"application-manageyards-display-component---NewYard","bindingPath":{"path":"","propertyPath":"/DELIVERY_TYPE","modelName":"NewYardModel"},"interaction":{"idSuffix":"inner"}},"clearTextFirst":true,"interactionType":"ENTER_TEXT"}]}
COMMAND: POST /session/b82276ffbb9492990a85e43e5d9fdefc/execute/async - {"script":"<script> [1562 bytes]","args":[{"selector":{"controlType":"sap.m.Input","viewName":"etm.portal.ui.manageyards.view.New","viewId":"application-manageyards-display-component---NewYard","bindingPath":{"path":"","propertyPath":"/AUART","modelName":"NewYardModel"},"interaction":{"idSuffix":"inner"}},"wdio_ui5_key":"etmportal.ui.manageyards.view.Newsap.m.Input{\"path\":\"\",\"propertyPath\":\"/AUART\",\"modelName\":\"NewYardModel\"}"}]}
RESULT: {"script":"<script> [1562 bytes]","args":[{"selector":{"controlType":"sap.m.Input","viewName":"etm.portal.ui.manageyards.view.New","viewId":"application-manageyards-display-component---NewYard","bindingPath":{"path":"","propertyPath":"/AUART","modelName":"NewYardModel"},"interaction":{"idSuffix":"inner"}},"wdio_ui5_key":"etmportal.ui.manageyards.view.Newsap.m.Input{\"path\":\"\",\"propertyPath\":\"/AUART\",\"modelName\":\"NewYardModel\"}"}]}
RESULT: undefined
COMMAND: POST /session/b82276ffbb9492990a85e43e5d9fdefc/execute/async - {"script":"<script> [776 bytes]","args":[{"enterText":"TA","selector":{"controlType":"sap.m.Input","viewName":"etm.portal.ui.manageyards.view.New","viewId":"application-manageyards-display-component---NewYard","bindingPath":{"path":"","propertyPath":"/AUART","modelName":"NewYardModel"},"interaction":{"idSuffix":"inner"}},"clearTextFirst":true,"interactionType":"ENTER_TEXT"}]}
RESULT: {"script":"<script> [776 bytes]","args":[{"enterText":"TA","selector":{"controlType":"sap.m.Input","viewName":"etm.portal.ui.manageyards.view.New","viewId":"application-manageyards-display-component---NewYard","bindingPath":{"path":"","propertyPath":"/AUART","modelName":"NewYardModel"},"interaction":{"idSuffix":"inner"}},"clearTextFirst":true,"interactionType":"ENTER_TEXT"}]}
COMMAND: POST /session/b82276ffbb9492990a85e43e5d9fdefc/element - {"using":"xpath","value":"//button[@data-kt=\"newYardSaveButton\"]"}
RESULT: {"using":"xpath","value":"//button[@data-kt=\"newYardSaveButton\"]"}
COMMAND: POST /session/b82276ffbb9492990a85e43e5d9fdefc/element/f.6AF3DC3554ABF6CF809F86825A1E03B6.d.67796AF37FED60337BF61471CD5B5D62.e.340/click - {}
RESULT: {}
COMMAND: GET /session/b82276ffbb9492990a85e43e5d9fdefc/screenshot - {}
RESULT: {}
COMMAND: POST /session/b82276ffbb9492990a85e43e5d9fdefc/element - {"using":"xpath","value":"//header[contains(@id, 'ObjectPageLayout-headerTitle')]/div[1]/div[2]/div[1]/span[1]"}
RESULT: {"using":"xpath","value":"//header[contains(@id, 'ObjectPageLayout-headerTitle')]/div[1]/div[2]/div[1]/span[1]"}
COMMAND: POST /session/b82276ffbb9492990a85e43e5d9fdefc/elements - {"using":"xpath","value":"//header[contains(@id, 'ObjectPageLayout-headerTitle')]/div[1]/div[2]/div[1]/span[1]"}
RESULT: {"using":"xpath","value":"//header[contains(@id, 'ObjectPageLayout-headerTitle')]/div[1]/div[2]/div[1]/span[1]"}
COMMAND: POST /session/b82276ffbb9492990a85e43e5d9fdefc/execute/sync - {"script":"<script> [56 bytes]","args":[{"element-6066-11e4-a52e-4f735466cecf":"f.6AF3DC3554ABF6CF809F86825A1E03B6.d.67796AF37FED60337BF61471CD5B5D62.e.814","ELEMENT":"f.6AF3DC3554ABF6CF809F86825A1E03B6.d.67796AF37FED60337BF61471CD5B5D62.e.814"}]}
RESULT: {"script":"<script> [56 bytes]","args":[{"element-6066-11e4-a52e-4f735466cecf":"f.6AF3DC3554ABF6CF809F86825A1E03B6.d.67796AF37FED60337BF61471CD5B5D62.e.814","ELEMENT":"f.6AF3DC3554ABF6CF809F86825A1E03B6.d.67796AF37FED60337BF61471CD5B5D62.e.814"}]}
COMMAND: GET /session/b82276ffbb9492990a85e43e5d9fdefc/screenshot - {}
RESULT: {}
COMMAND: POST /session/b82276ffbb9492990a85e43e5d9fdefc/element - {"using":"css selector","value":"#shell-header-logo"}
RESULT: {"using":"css selector","value":"#shell-header-logo"}
COMMAND: POST /session/b82276ffbb9492990a85e43e5d9fdefc/element/f.6AF3DC3554ABF6CF809F86825A1E03B6.d.67796AF37FED60337BF61471CD5B5D62.e.237/click - {}
RESULT: {}
COMMAND: GET /session/b82276ffbb9492990a85e43e5d9fdefc/screenshot - {}
RESULT: {}
COMMAND: POST /session/b82276ffbb9492990a85e43e5d9fdefc/execute/sync - {"script":"<script> [299 bytes]","args":[["getModel","getResource"]]}
RESULT: {"script":"<script> [299 bytes]","args":[["getModel","getResource"]]}
COMMAND: GET /session/b82276ffbb9492990a85e43e5d9fdefc/screenshot - {}
]]></system-out>
    </testcase>
    <testcase classname="chrome.136_0_7103_93.windows.Create_masterdata_for_Yard_Overview_-_trigger_provide_US130988" name="Should create a new external partner" time="103.968">
      <system-out><![CDATA[
COMMAND: POST /session/b82276ffbb9492990a85e43e5d9fdefc/window/fullscreen - {}
RESULT: {}
RESULT: {}
COMMAND: POST /session/b82276ffbb9492990a85e43e5d9fdefc/execute/async - {"script":"<script> [1562 bytes]","args":[{"selector":{"controlType":"sap.m.GenericTile","properties":{"header":"Manage Partners"}},"wdio_ui5_key":"sapm.GenericTile{\"header\":\"Manage Partners\"}"}]}
RESULT: {"script":"<script> [1562 bytes]","args":[{"selector":{"controlType":"sap.m.GenericTile","properties":{"header":"Manage Partners"}},"wdio_ui5_key":"sapm.GenericTile{\"header\":\"Manage Partners\"}"}]}
RESULT: undefined
COMMAND: POST /session/b82276ffbb9492990a85e43e5d9fdefc/element - {"using":"xpath","value":"//*[@id=\"__tile38\"]"}
RESULT: {"using":"xpath","value":"//*[@id=\"__tile38\"]"}
COMMAND: POST /session/b82276ffbb9492990a85e43e5d9fdefc/element/f.6AF3DC3554ABF6CF809F86825A1E03B6.d.67796AF37FED60337BF61471CD5B5D62.e.121/click - {}
RESULT: {}
COMMAND: GET /session/b82276ffbb9492990a85e43e5d9fdefc/screenshot - {}
RESULT: {}
COMMAND: POST /session/b82276ffbb9492990a85e43e5d9fdefc/elements - {"using":"xpath","value":"//span[text()='Error']"}
RESULT: {"using":"xpath","value":"//span[text()='Error']"}
COMMAND: POST /session/b82276ffbb9492990a85e43e5d9fdefc/element - {"using":"xpath","value":"//button[@data-kt=\"addButton\"]"}
RESULT: {"using":"xpath","value":"//button[@data-kt=\"addButton\"]"}
COMMAND: POST /session/b82276ffbb9492990a85e43e5d9fdefc/elements - {"using":"xpath","value":"//button[@data-kt=\"addButton\"]"}
RESULT: {"using":"xpath","value":"//button[@data-kt=\"addButton\"]"}
COMMAND: POST /session/b82276ffbb9492990a85e43e5d9fdefc/elements - {"using":"xpath","value":"//button[@data-kt=\"addButton\"]"}
RESULT: {"using":"xpath","value":"//button[@data-kt=\"addButton\"]"}
COMMAND: POST /session/b82276ffbb9492990a85e43e5d9fdefc/elements - {"using":"xpath","value":"//button[@data-kt=\"addButton\"]"}
RESULT: {"using":"xpath","value":"//button[@data-kt=\"addButton\"]"}
COMMAND: POST /session/b82276ffbb9492990a85e43e5d9fdefc/elements - {"using":"xpath","value":"//button[@data-kt=\"addButton\"]"}
RESULT: {"using":"xpath","value":"//button[@data-kt=\"addButton\"]"}
COMMAND: POST /session/b82276ffbb9492990a85e43e5d9fdefc/elements - {"using":"xpath","value":"//button[@data-kt=\"addButton\"]"}
RESULT: {"using":"xpath","value":"//button[@data-kt=\"addButton\"]"}
COMMAND: POST /session/b82276ffbb9492990a85e43e5d9fdefc/element - {"using":"xpath","value":"//button[@data-kt=\"addButton\"]"}
RESULT: {"using":"xpath","value":"//button[@data-kt=\"addButton\"]"}
COMMAND: POST /session/b82276ffbb9492990a85e43e5d9fdefc/execute/sync - {"script":"<script> [8489 bytes]","args":[{"element-6066-11e4-a52e-4f735466cecf":"f.6AF3DC3554ABF6CF809F86825A1E03B6.d.67796AF37FED60337BF61471CD5B5D62.e.853","ELEMENT":"f.6AF3DC3554ABF6CF809F86825A1E03B6.d.67796AF37FED60337BF61471CD5B5D62.e.853"}]}
RESULT: {"script":"<script> [8489 bytes]","args":[{"element-6066-11e4-a52e-4f735466cecf":"f.6AF3DC3554ABF6CF809F86825A1E03B6.d.67796AF37FED60337BF61471CD5B5D62.e.853","ELEMENT":"f.6AF3DC3554ABF6CF809F86825A1E03B6.d.67796AF37FED60337BF61471CD5B5D62.e.853"}]}
COMMAND: GET /session/b82276ffbb9492990a85e43e5d9fdefc/element/f.6AF3DC3554ABF6CF809F86825A1E03B6.d.67796AF37FED60337BF61471CD5B5D62.e.853/enabled - {}
COMMAND: GET /session/b82276ffbb9492990a85e43e5d9fdefc/screenshot - {}
RESULT: {}
COMMAND: POST /session/b82276ffbb9492990a85e43e5d9fdefc/execute/sync - {"script":"<script> [8489 bytes]","args":[{"element-6066-11e4-a52e-4f735466cecf":"f.6AF3DC3554ABF6CF809F86825A1E03B6.d.67796AF37FED60337BF61471CD5B5D62.e.853","ELEMENT":"f.6AF3DC3554ABF6CF809F86825A1E03B6.d.67796AF37FED60337BF61471CD5B5D62.e.853"}]}
COMMAND: GET /session/b82276ffbb9492990a85e43e5d9fdefc/screenshot - {}
RESULT: {}
RESULT: {"script":"<script> [8489 bytes]","args":[{"element-6066-11e4-a52e-4f735466cecf":"f.6AF3DC3554ABF6CF809F86825A1E03B6.d.67796AF37FED60337BF61471CD5B5D62.e.853","ELEMENT":"f.6AF3DC3554ABF6CF809F86825A1E03B6.d.67796AF37FED60337BF61471CD5B5D62.e.853"}]}
COMMAND: POST /session/b82276ffbb9492990a85e43e5d9fdefc/execute/sync - {"script":"<script> [5351 bytes]","args":[{"element-6066-11e4-a52e-4f735466cecf":"f.6AF3DC3554ABF6CF809F86825A1E03B6.d.67796AF37FED60337BF61471CD5B5D62.e.853","ELEMENT":"f.6AF3DC3554ABF6CF809F86825A1E03B6.d.67796AF37FED60337BF61471CD5B5D62.e.853"}]}
COMMAND: GET /session/b82276ffbb9492990a85e43e5d9fdefc/screenshot - {}
RESULT: {}
RESULT: {"script":"<script> [5351 bytes]","args":[{"element-6066-11e4-a52e-4f735466cecf":"f.6AF3DC3554ABF6CF809F86825A1E03B6.d.67796AF37FED60337BF61471CD5B5D62.e.853","ELEMENT":"f.6AF3DC3554ABF6CF809F86825A1E03B6.d.67796AF37FED60337BF61471CD5B5D62.e.853"}]}
COMMAND: POST /session/b82276ffbb9492990a85e43e5d9fdefc/element/f.6AF3DC3554ABF6CF809F86825A1E03B6.d.67796AF37FED60337BF61471CD5B5D62.e.853/click - {}
COMMAND: GET /session/b82276ffbb9492990a85e43e5d9fdefc/screenshot - {}
RESULT: {}
RESULT: {}
COMMAND: GET /session/b82276ffbb9492990a85e43e5d9fdefc/screenshot - {}
RESULT: {}
RESULT: {}
COMMAND: POST /session/b82276ffbb9492990a85e43e5d9fdefc/execute/async - {"script":"<script> [1562 bytes]","args":[{"selector":{"id":"application-managepartners-display-component---NewPartner--addressDetailDetailsName1","interaction":{"idSuffix":"inner"}},"wdio_ui5_key":"applicationmanagepartners-display-component---NewPartner--addressDetailDetailsName1"}]}
RESULT: {"script":"<script> [1562 bytes]","args":[{"selector":{"id":"application-managepartners-display-component---NewPartner--addressDetailDetailsName1","interaction":{"idSuffix":"inner"}},"wdio_ui5_key":"applicationmanagepartners-display-component---NewPartner--addressDetailDetailsName1"}]}
RESULT: undefined
COMMAND: POST /session/b82276ffbb9492990a85e43e5d9fdefc/execute/async - {"script":"<script> [776 bytes]","args":[{"enterText":"External Partner WDIO","selector":{"id":"application-managepartners-display-component---NewPartner--addressDetailDetailsName1","interaction":{"idSuffix":"inner"}},"clearTextFirst":true,"interactionType":"ENTER_TEXT"}]}
RESULT: {"script":"<script> [776 bytes]","args":[{"enterText":"External Partner WDIO","selector":{"id":"application-managepartners-display-component---NewPartner--addressDetailDetailsName1","interaction":{"idSuffix":"inner"}},"clearTextFirst":true,"interactionType":"ENTER_TEXT"}]}
COMMAND: POST /session/b82276ffbb9492990a85e43e5d9fdefc/execute/async - {"script":"<script> [1562 bytes]","args":[{"selector":{"id":"application-managepartners-display-component---NewPartner--addressDetailDetailsLanguage-arrow"},"wdio_ui5_key":"applicationmanagepartners-display-component---NewPartner--addressDetailDetailsLanguage-arrow"}]}
RESULT: {"script":"<script> [1562 bytes]","args":[{"selector":{"id":"application-managepartners-display-component---NewPartner--addressDetailDetailsLanguage-arrow"},"wdio_ui5_key":"applicationmanagepartners-display-component---NewPartner--addressDetailDetailsLanguage-arrow"}]}
RESULT: undefined
COMMAND: POST /session/b82276ffbb9492990a85e43e5d9fdefc/element - {"using":"xpath","value":"//*[@id=\"application-managepartners-display-component---NewPartner--addressDetailDetailsLanguage-arrow\"]"}
RESULT: {"using":"xpath","value":"//*[@id=\"application-managepartners-display-component---NewPartner--addressDetailDetailsLanguage-arrow\"]"}
COMMAND: POST /session/b82276ffbb9492990a85e43e5d9fdefc/element/f.6AF3DC3554ABF6CF809F86825A1E03B6.d.67796AF37FED60337BF61471CD5B5D62.e.1132/click - {}
RESULT: {}
COMMAND: POST /session/b82276ffbb9492990a85e43e5d9fdefc/element - {"using":"xpath","value":"//span[contains(text(), \"English\")]"}
COMMAND: GET /session/b82276ffbb9492990a85e43e5d9fdefc/screenshot - {}
RESULT: {"using":"xpath","value":"//span[contains(text(), \"English\")]"}
COMMAND: POST /session/b82276ffbb9492990a85e43e5d9fdefc/element/f.6AF3DC3554ABF6CF809F86825A1E03B6.d.67796AF37FED60337BF61471CD5B5D62.e.1133/click - {}
RESULT: {}
RESULT: {}
COMMAND: GET /session/b82276ffbb9492990a85e43e5d9fdefc/screenshot - {}
RESULT: {}
COMMAND: POST /session/b82276ffbb9492990a85e43e5d9fdefc/execute/async - {"script":"<script> [1562 bytes]","args":[{"selector":{"id":"application-managepartners-display-component---NewPartner--addressDetailDetailsCity1","interaction":{"idSuffix":"inner"}},"wdio_ui5_key":"applicationmanagepartners-display-component---NewPartner--addressDetailDetailsCity1"}]}
RESULT: {"script":"<script> [1562 bytes]","args":[{"selector":{"id":"application-managepartners-display-component---NewPartner--addressDetailDetailsCity1","interaction":{"idSuffix":"inner"}},"wdio_ui5_key":"applicationmanagepartners-display-component---NewPartner--addressDetailDetailsCity1"}]}
RESULT: undefined
COMMAND: POST /session/b82276ffbb9492990a85e43e5d9fdefc/execute/async - {"script":"<script> [776 bytes]","args":[{"enterText":"Rosario","selector":{"id":"application-managepartners-display-component---NewPartner--addressDetailDetailsCity1","interaction":{"idSuffix":"inner"}},"clearTextFirst":true,"interactionType":"ENTER_TEXT"}]}
RESULT: {"script":"<script> [776 bytes]","args":[{"enterText":"Rosario","selector":{"id":"application-managepartners-display-component---NewPartner--addressDetailDetailsCity1","interaction":{"idSuffix":"inner"}},"clearTextFirst":true,"interactionType":"ENTER_TEXT"}]}
COMMAND: POST /session/b82276ffbb9492990a85e43e5d9fdefc/execute/async - {"script":"<script> [1562 bytes]","args":[{"selector":{"id":"application-managepartners-display-component---NewPartner--addressDetailDetailsCountry-arrow"},"wdio_ui5_key":"applicationmanagepartners-display-component---NewPartner--addressDetailDetailsCountry-arrow"}]}
RESULT: {"script":"<script> [1562 bytes]","args":[{"selector":{"id":"application-managepartners-display-component---NewPartner--addressDetailDetailsCountry-arrow"},"wdio_ui5_key":"applicationmanagepartners-display-component---NewPartner--addressDetailDetailsCountry-arrow"}]}
RESULT: undefined
COMMAND: POST /session/b82276ffbb9492990a85e43e5d9fdefc/element - {"using":"xpath","value":"//*[@id=\"application-managepartners-display-component---NewPartner--addressDetailDetailsCountry-arrow\"]"}
RESULT: {"using":"xpath","value":"//*[@id=\"application-managepartners-display-component---NewPartner--addressDetailDetailsCountry-arrow\"]"}
COMMAND: POST /session/b82276ffbb9492990a85e43e5d9fdefc/element/f.6AF3DC3554ABF6CF809F86825A1E03B6.d.67796AF37FED60337BF61471CD5B5D62.e.973/click - {}
RESULT: {}
COMMAND: POST /session/b82276ffbb9492990a85e43e5d9fdefc/element - {"using":"xpath","value":"//span[contains(text(), \"Argentina\")]"}
COMMAND: GET /session/b82276ffbb9492990a85e43e5d9fdefc/screenshot - {}
RESULT: {"using":"xpath","value":"//span[contains(text(), \"Argentina\")]"}
COMMAND: POST /session/b82276ffbb9492990a85e43e5d9fdefc/element/f.6AF3DC3554ABF6CF809F86825A1E03B6.d.67796AF37FED60337BF61471CD5B5D62.e.1135/click - {}
RESULT: {}
RESULT: {}
COMMAND: GET /session/b82276ffbb9492990a85e43e5d9fdefc/screenshot - {}
RESULT: {}
COMMAND: POST /session/b82276ffbb9492990a85e43e5d9fdefc/element - {"using":"xpath","value":"//bdi[contains(text(), \"Commercial\")]"}
RESULT: {"using":"xpath","value":"//bdi[contains(text(), \"Commercial\")]"}
COMMAND: POST /session/b82276ffbb9492990a85e43e5d9fdefc/element/f.6AF3DC3554ABF6CF809F86825A1E03B6.d.67796AF37FED60337BF61471CD5B5D62.e.1136/click - {}
RESULT: {}
COMMAND: GET /session/b82276ffbb9492990a85e43e5d9fdefc/screenshot - {}
RESULT: {}
COMMAND: POST /session/b82276ffbb9492990a85e43e5d9fdefc/execute/async - {"script":"<script> [1562 bytes]","args":[{"selector":{"id":"application-managepartners-display-component---NewPartner--partnerDetailInternal-arrow"},"wdio_ui5_key":"applicationmanagepartners-display-component---NewPartner--partnerDetailInternal-arrow"}]}
RESULT: {"script":"<script> [1562 bytes]","args":[{"selector":{"id":"application-managepartners-display-component---NewPartner--partnerDetailInternal-arrow"},"wdio_ui5_key":"applicationmanagepartners-display-component---NewPartner--partnerDetailInternal-arrow"}]}
RESULT: undefined
COMMAND: POST /session/b82276ffbb9492990a85e43e5d9fdefc/element - {"using":"xpath","value":"//*[@id=\"application-managepartners-display-component---NewPartner--partnerDetailInternal-arrow\"]"}
RESULT: {"using":"xpath","value":"//*[@id=\"application-managepartners-display-component---NewPartner--partnerDetailInternal-arrow\"]"}
COMMAND: POST /session/b82276ffbb9492990a85e43e5d9fdefc/element/f.6AF3DC3554ABF6CF809F86825A1E03B6.d.67796AF37FED60337BF61471CD5B5D62.e.1142/click - {}
RESULT: {}
COMMAND: POST /session/b82276ffbb9492990a85e43e5d9fdefc/element - {"using":"xpath","value":"//span[contains(text(), \"External partner\")]"}
COMMAND: GET /session/b82276ffbb9492990a85e43e5d9fdefc/screenshot - {}
RESULT: {"using":"xpath","value":"//span[contains(text(), \"External partner\")]"}
COMMAND: POST /session/b82276ffbb9492990a85e43e5d9fdefc/element/f.6AF3DC3554ABF6CF809F86825A1E03B6.d.67796AF37FED60337BF61471CD5B5D62.e.1143/click - {}
RESULT: {}
RESULT: {}
COMMAND: POST /session/b82276ffbb9492990a85e43e5d9fdefc/execute/async - {"script":"<script> [1562 bytes]","args":[{"selector":{"id":"application-managepartners-display-component---NewPartner--partnerDetailsCurrency-arrow"},"wdio_ui5_key":"applicationmanagepartners-display-component---NewPartner--partnerDetailsCurrency-arrow"}]}
COMMAND: GET /session/b82276ffbb9492990a85e43e5d9fdefc/screenshot - {}
RESULT: {"script":"<script> [1562 bytes]","args":[{"selector":{"id":"application-managepartners-display-component---NewPartner--partnerDetailsCurrency-arrow"},"wdio_ui5_key":"applicationmanagepartners-display-component---NewPartner--partnerDetailsCurrency-arrow"}]}
RESULT: undefined
COMMAND: POST /session/b82276ffbb9492990a85e43e5d9fdefc/element - {"using":"xpath","value":"//*[@id=\"application-managepartners-display-component---NewPartner--partnerDetailsCurrency-arrow\"]"}
RESULT: {}
RESULT: {"using":"xpath","value":"//*[@id=\"application-managepartners-display-component---NewPartner--partnerDetailsCurrency-arrow\"]"}
COMMAND: POST /session/b82276ffbb9492990a85e43e5d9fdefc/element/f.6AF3DC3554ABF6CF809F86825A1E03B6.d.67796AF37FED60337BF61471CD5B5D62.e.1148/click - {}
RESULT: {}
COMMAND: POST /session/b82276ffbb9492990a85e43e5d9fdefc/element - {"using":"xpath","value":"//span[contains(text(), \"US Dollar\")]"}
COMMAND: GET /session/b82276ffbb9492990a85e43e5d9fdefc/screenshot - {}
RESULT: {"using":"xpath","value":"//span[contains(text(), \"US Dollar\")]"}
COMMAND: POST /session/b82276ffbb9492990a85e43e5d9fdefc/element/f.6AF3DC3554ABF6CF809F86825A1E03B6.d.67796AF37FED60337BF61471CD5B5D62.e.1149/click - {}
RESULT: {}
RESULT: {}
COMMAND: GET /session/b82276ffbb9492990a85e43e5d9fdefc/screenshot - {}
RESULT: {}
COMMAND: POST /session/b82276ffbb9492990a85e43e5d9fdefc/element - {"using":"xpath","value":"//input[@id=\"application-managepartners-display-component---NewPartner--companyCodeComboBox-inner\"]"}
RESULT: {"using":"xpath","value":"//input[@id=\"application-managepartners-display-component---NewPartner--companyCodeComboBox-inner\"]"}
COMMAND: POST /session/b82276ffbb9492990a85e43e5d9fdefc/element/f.6AF3DC3554ABF6CF809F86825A1E03B6.d.67796AF37FED60337BF61471CD5B5D62.e.890/clear - {}
RESULT: {}
COMMAND: POST /session/b82276ffbb9492990a85e43e5d9fdefc/element/f.6AF3DC3554ABF6CF809F86825A1E03B6.d.67796AF37FED60337BF61471CD5B5D62.e.890/value - {"text":"C002"}
COMMAND: GET /session/b82276ffbb9492990a85e43e5d9fdefc/screenshot - {}
RESULT: {"text":"C002"}
COMMAND: GET /session/b82276ffbb9492990a85e43e5d9fdefc/screenshot - {}
RESULT: {}
RESULT: {}
COMMAND: POST /session/b82276ffbb9492990a85e43e5d9fdefc/element - {"using":"xpath","value":"//li[.//span[text()= \"C002\"]]"}
RESULT: {"using":"xpath","value":"//li[.//span[text()= \"C002\"]]"}
COMMAND: POST /session/b82276ffbb9492990a85e43e5d9fdefc/element/f.6AF3DC3554ABF6CF809F86825A1E03B6.d.67796AF37FED60337BF61471CD5B5D62.e.1153/click - {}
RESULT: {}
COMMAND: GET /session/b82276ffbb9492990a85e43e5d9fdefc/screenshot - {}
RESULT: {}
COMMAND: POST /session/b82276ffbb9492990a85e43e5d9fdefc/execute/async - {"script":"<script> [1562 bytes]","args":[{"selector":{"id":"application-managepartners-display-component---NewPartner--btnAddTableRow-img"},"wdio_ui5_key":"applicationmanagepartners-display-component---NewPartner--btnAddTableRow-img"}]}
RESULT: {"script":"<script> [1562 bytes]","args":[{"selector":{"id":"application-managepartners-display-component---NewPartner--btnAddTableRow-img"},"wdio_ui5_key":"applicationmanagepartners-display-component---NewPartner--btnAddTableRow-img"}]}
RESULT: undefined
COMMAND: POST /session/b82276ffbb9492990a85e43e5d9fdefc/element - {"using":"xpath","value":"//*[@id=\"application-managepartners-display-component---NewPartner--btnAddTableRow-img\"]"}
RESULT: {"using":"xpath","value":"//*[@id=\"application-managepartners-display-component---NewPartner--btnAddTableRow-img\"]"}
COMMAND: POST /session/b82276ffbb9492990a85e43e5d9fdefc/element/f.6AF3DC3554ABF6CF809F86825A1E03B6.d.67796AF37FED60337BF61471CD5B5D62.e.1154/click - {}
RESULT: {}
COMMAND: GET /session/b82276ffbb9492990a85e43e5d9fdefc/screenshot - {}
RESULT: {}
COMMAND: POST /session/b82276ffbb9492990a85e43e5d9fdefc/element - {"using":"xpath","value":"//input[@id=\"application-managepartners-display-component---NewPartner--assignmentYard-application-managepartners-display-component---NewPartner--assignmentsTable-0-inner\"]"}
RESULT: {"using":"xpath","value":"//input[@id=\"application-managepartners-display-component---NewPartner--assignmentYard-application-managepartners-display-component---NewPartner--assignmentsTable-0-inner\"]"}
COMMAND: POST /session/b82276ffbb9492990a85e43e5d9fdefc/element/f.6AF3DC3554ABF6CF809F86825A1E03B6.d.67796AF37FED60337BF61471CD5B5D62.e.1157/clear - {}
RESULT: {}
COMMAND: POST /session/b82276ffbb9492990a85e43e5d9fdefc/element/f.6AF3DC3554ABF6CF809F86825A1E03B6.d.67796AF37FED60337BF61471CD5B5D62.e.1157/value - {"text":"629"}
COMMAND: GET /session/b82276ffbb9492990a85e43e5d9fdefc/screenshot - {}
RESULT: {"text":"629"}
COMMAND: GET /session/b82276ffbb9492990a85e43e5d9fdefc/screenshot - {}
RESULT: {}
RESULT: {}
COMMAND: POST /session/b82276ffbb9492990a85e43e5d9fdefc/element - {"using":"xpath","value":"//li[.//span[text()='629']]"}
RESULT: {"using":"xpath","value":"//li[.//span[text()='629']]"}
COMMAND: POST /session/b82276ffbb9492990a85e43e5d9fdefc/element/f.6AF3DC3554ABF6CF809F86825A1E03B6.d.67796AF37FED60337BF61471CD5B5D62.e.1165/click - {}
RESULT: {}
COMMAND: GET /session/b82276ffbb9492990a85e43e5d9fdefc/screenshot - {}
RESULT: {}
COMMAND: POST /session/b82276ffbb9492990a85e43e5d9fdefc/actions - {"actions":[{"id":"action2","type":"key","parameters":{},"actions":[{"type":"keyDown","value":""},{"type":"pause","duration":10},{"type":"keyUp","value":""}]}]}
RESULT: {"actions":[{"id":"action2","type":"key","parameters":{},"actions":[{"type":"keyDown","value":""},{"type":"pause","duration":10},{"type":"keyUp","value":""}]}]}
COMMAND: POST /session/b82276ffbb9492990a85e43e5d9fdefc/element - {"using":"xpath","value":"//td[contains(@id, \"assignmentsTable-0-cell2\")]/div/div"}
COMMAND: GET /session/b82276ffbb9492990a85e43e5d9fdefc/screenshot - {}
RESULT: {"using":"xpath","value":"//td[contains(@id, \"assignmentsTable-0-cell2\")]/div/div"}
COMMAND: POST /session/b82276ffbb9492990a85e43e5d9fdefc/element/f.6AF3DC3554ABF6CF809F86825A1E03B6.d.67796AF37FED60337BF61471CD5B5D62.e.1168/click - {}
RESULT: {}
RESULT: {}
COMMAND: GET /session/b82276ffbb9492990a85e43e5d9fdefc/screenshot - {}
RESULT: {}
COMMAND: POST /session/b82276ffbb9492990a85e43e5d9fdefc/element - {"using":"xpath","value":"//button[@data-kt=\"saveButton\"]"}
RESULT: {"using":"xpath","value":"//button[@data-kt=\"saveButton\"]"}
COMMAND: POST /session/b82276ffbb9492990a85e43e5d9fdefc/element/f.6AF3DC3554ABF6CF809F86825A1E03B6.d.67796AF37FED60337BF61471CD5B5D62.e.931/click - {}
RESULT: {}
COMMAND: GET /session/b82276ffbb9492990a85e43e5d9fdefc/screenshot - {}
RESULT: {}
COMMAND: POST /session/b82276ffbb9492990a85e43e5d9fdefc/element - {"using":"xpath","value":"//header[contains(@id, 'ObjectPageLayout-headerTitle')]/div[1]/div[2]/div[2]/span[1]"}
RESULT: {"using":"xpath","value":"//header[contains(@id, 'ObjectPageLayout-headerTitle')]/div[1]/div[2]/div[2]/span[1]"}
COMMAND: POST /session/b82276ffbb9492990a85e43e5d9fdefc/elements - {"using":"xpath","value":"//header[contains(@id, 'ObjectPageLayout-headerTitle')]/div[1]/div[2]/div[2]/span[1]"}
RESULT: {"using":"xpath","value":"//header[contains(@id, 'ObjectPageLayout-headerTitle')]/div[1]/div[2]/div[2]/span[1]"}
COMMAND: POST /session/b82276ffbb9492990a85e43e5d9fdefc/execute/sync - {"script":"<script> [56 bytes]","args":[{"element-6066-11e4-a52e-4f735466cecf":"f.6AF3DC3554ABF6CF809F86825A1E03B6.d.67796AF37FED60337BF61471CD5B5D62.e.1331","ELEMENT":"f.6AF3DC3554ABF6CF809F86825A1E03B6.d.67796AF37FED60337BF61471CD5B5D62.e.1331"}]}
RESULT: {"script":"<script> [56 bytes]","args":[{"element-6066-11e4-a52e-4f735466cecf":"f.6AF3DC3554ABF6CF809F86825A1E03B6.d.67796AF37FED60337BF61471CD5B5D62.e.1331","ELEMENT":"f.6AF3DC3554ABF6CF809F86825A1E03B6.d.67796AF37FED60337BF61471CD5B5D62.e.1331"}]}
COMMAND: POST /session/b82276ffbb9492990a85e43e5d9fdefc/element - {"using":"css selector","value":"#shell-header-logo"}
COMMAND: GET /session/b82276ffbb9492990a85e43e5d9fdefc/screenshot - {}
RESULT: {"using":"css selector","value":"#shell-header-logo"}
COMMAND: POST /session/b82276ffbb9492990a85e43e5d9fdefc/element/f.6AF3DC3554ABF6CF809F86825A1E03B6.d.67796AF37FED60337BF61471CD5B5D62.e.819/click - {}
RESULT: {}
RESULT: {}
COMMAND: GET /session/b82276ffbb9492990a85e43e5d9fdefc/screenshot - {}
RESULT: {}
COMMAND: POST /session/b82276ffbb9492990a85e43e5d9fdefc/execute/sync - {"script":"<script> [299 bytes]","args":[["getModel","getResource"]]}
RESULT: {"script":"<script> [299 bytes]","args":[["getModel","getResource"]]}
]]></system-out>
    </testcase>
    <testcase classname="chrome.136_0_7103_93.windows.Create_masterdata_for_Yard_Overview_-_trigger_provide_US130988" name="Should create a new site" time="165.77">
      <system-out><![CDATA[
COMMAND: POST /session/b82276ffbb9492990a85e43e5d9fdefc/execute/async - {"script":"<script> [1562 bytes]","args":[{"selector":{"controlType":"sap.m.GenericTile","properties":{"header":"Manage Sites"}},"wdio_ui5_key":"sapm.GenericTile{\"header\":\"Manage Sites\"}"}]}
COMMAND: GET /session/b82276ffbb9492990a85e43e5d9fdefc/screenshot - {}
RESULT: {"script":"<script> [1562 bytes]","args":[{"selector":{"controlType":"sap.m.GenericTile","properties":{"header":"Manage Sites"}},"wdio_ui5_key":"sapm.GenericTile{\"header\":\"Manage Sites\"}"}]}
RESULT: undefined
COMMAND: POST /session/b82276ffbb9492990a85e43e5d9fdefc/element - {"using":"xpath","value":"//*[@id=\"__tile40\"]"}
RESULT: {}
RESULT: {"using":"xpath","value":"//*[@id=\"__tile40\"]"}
COMMAND: POST /session/b82276ffbb9492990a85e43e5d9fdefc/element/f.6AF3DC3554ABF6CF809F86825A1E03B6.d.67796AF37FED60337BF61471CD5B5D62.e.127/click - {}
RESULT: {}
COMMAND: GET /session/b82276ffbb9492990a85e43e5d9fdefc/screenshot - {}
RESULT: {}
COMMAND: POST /session/b82276ffbb9492990a85e43e5d9fdefc/elements - {"using":"xpath","value":"//span[text()='Error']"}
RESULT: {"using":"xpath","value":"//span[text()='Error']"}
COMMAND: POST /session/b82276ffbb9492990a85e43e5d9fdefc/element - {"using":"xpath","value":"//button[@data-kt=\"addOverflowToolbarButton\"]"}
RESULT: {"using":"xpath","value":"//button[@data-kt=\"addOverflowToolbarButton\"]"}
COMMAND: POST /session/b82276ffbb9492990a85e43e5d9fdefc/elements - {"using":"xpath","value":"//button[@data-kt=\"addOverflowToolbarButton\"]"}
RESULT: {"using":"xpath","value":"//button[@data-kt=\"addOverflowToolbarButton\"]"}
COMMAND: POST /session/b82276ffbb9492990a85e43e5d9fdefc/execute/sync - {"script":"<script> [8489 bytes]","args":[{"element-6066-11e4-a52e-4f735466cecf":"f.6AF3DC3554ABF6CF809F86825A1E03B6.d.67796AF37FED60337BF61471CD5B5D62.e.1379","ELEMENT":"f.6AF3DC3554ABF6CF809F86825A1E03B6.d.67796AF37FED60337BF61471CD5B5D62.e.1379"}]}
RESULT: {"script":"<script> [8489 bytes]","args":[{"element-6066-11e4-a52e-4f735466cecf":"f.6AF3DC3554ABF6CF809F86825A1E03B6.d.67796AF37FED60337BF61471CD5B5D62.e.1379","ELEMENT":"f.6AF3DC3554ABF6CF809F86825A1E03B6.d.67796AF37FED60337BF61471CD5B5D62.e.1379"}]}
COMMAND: GET /session/b82276ffbb9492990a85e43e5d9fdefc/element/f.6AF3DC3554ABF6CF809F86825A1E03B6.d.67796AF37FED60337BF61471CD5B5D62.e.1379/enabled - {}
COMMAND: GET /session/b82276ffbb9492990a85e43e5d9fdefc/screenshot - {}
RESULT: {}
COMMAND: POST /session/b82276ffbb9492990a85e43e5d9fdefc/execute/sync - {"script":"<script> [8489 bytes]","args":[{"element-6066-11e4-a52e-4f735466cecf":"f.6AF3DC3554ABF6CF809F86825A1E03B6.d.67796AF37FED60337BF61471CD5B5D62.e.1379","ELEMENT":"f.6AF3DC3554ABF6CF809F86825A1E03B6.d.67796AF37FED60337BF61471CD5B5D62.e.1379"}]}
COMMAND: GET /session/b82276ffbb9492990a85e43e5d9fdefc/screenshot - {}
RESULT: {}
RESULT: {"script":"<script> [8489 bytes]","args":[{"element-6066-11e4-a52e-4f735466cecf":"f.6AF3DC3554ABF6CF809F86825A1E03B6.d.67796AF37FED60337BF61471CD5B5D62.e.1379","ELEMENT":"f.6AF3DC3554ABF6CF809F86825A1E03B6.d.67796AF37FED60337BF61471CD5B5D62.e.1379"}]}
COMMAND: POST /session/b82276ffbb9492990a85e43e5d9fdefc/execute/sync - {"script":"<script> [5351 bytes]","args":[{"element-6066-11e4-a52e-4f735466cecf":"f.6AF3DC3554ABF6CF809F86825A1E03B6.d.67796AF37FED60337BF61471CD5B5D62.e.1379","ELEMENT":"f.6AF3DC3554ABF6CF809F86825A1E03B6.d.67796AF37FED60337BF61471CD5B5D62.e.1379"}]}
COMMAND: GET /session/b82276ffbb9492990a85e43e5d9fdefc/screenshot - {}
RESULT: {}
RESULT: {"script":"<script> [5351 bytes]","args":[{"element-6066-11e4-a52e-4f735466cecf":"f.6AF3DC3554ABF6CF809F86825A1E03B6.d.67796AF37FED60337BF61471CD5B5D62.e.1379","ELEMENT":"f.6AF3DC3554ABF6CF809F86825A1E03B6.d.67796AF37FED60337BF61471CD5B5D62.e.1379"}]}
COMMAND: POST /session/b82276ffbb9492990a85e43e5d9fdefc/element/f.6AF3DC3554ABF6CF809F86825A1E03B6.d.67796AF37FED60337BF61471CD5B5D62.e.1379/click - {}
COMMAND: GET /session/b82276ffbb9492990a85e43e5d9fdefc/screenshot - {}
RESULT: {}
RESULT: {}
COMMAND: GET /session/b82276ffbb9492990a85e43e5d9fdefc/screenshot - {}
COMMAND: POST /session/b82276ffbb9492990a85e43e5d9fdefc/element - {"using":"xpath","value":"//input[@id=\"application-managesites-display-component---NewSite--siteId-inner\"]"}
RESULT: {}
RESULT: {}
RESULT: {"using":"xpath","value":"//input[@id=\"application-managesites-display-component---NewSite--siteId-inner\"]"}
COMMAND: POST /session/b82276ffbb9492990a85e43e5d9fdefc/element - {"using":"xpath","value":"//input[@id=\"application-managesites-display-component---NewSite--siteId-inner\"]"}
RESULT: {"using":"xpath","value":"//input[@id=\"application-managesites-display-component---NewSite--siteId-inner\"]"}
COMMAND: POST /session/b82276ffbb9492990a85e43e5d9fdefc/execute/async - {"script":"<script> [1562 bytes]","args":[{"selector":{"id":"application-managesites-display-component---NewSite--addressDetailDetailsName1","interaction":{"idSuffix":"inner"}},"wdio_ui5_key":"applicationmanagesites-display-component---NewSite--addressDetailDetailsName1"}]}
RESULT: {"script":"<script> [1562 bytes]","args":[{"selector":{"id":"application-managesites-display-component---NewSite--addressDetailDetailsName1","interaction":{"idSuffix":"inner"}},"wdio_ui5_key":"applicationmanagesites-display-component---NewSite--addressDetailDetailsName1"}]}
RESULT: undefined
COMMAND: POST /session/b82276ffbb9492990a85e43e5d9fdefc/execute/async - {"script":"<script> [776 bytes]","args":[{"enterText":"Other Type Site WDIO","selector":{"id":"application-managesites-display-component---NewSite--addressDetailDetailsName1","interaction":{"idSuffix":"inner"}},"clearTextFirst":true,"interactionType":"ENTER_TEXT"}]}
RESULT: {"script":"<script> [776 bytes]","args":[{"enterText":"Other Type Site WDIO","selector":{"id":"application-managesites-display-component---NewSite--addressDetailDetailsName1","interaction":{"idSuffix":"inner"}},"clearTextFirst":true,"interactionType":"ENTER_TEXT"}]}
COMMAND: POST /session/b82276ffbb9492990a85e43e5d9fdefc/execute/async - {"script":"<script> [1562 bytes]","args":[{"selector":{"id":"application-managesites-display-component---NewSite--addressDetailDetailsLanguage-arrow"},"wdio_ui5_key":"applicationmanagesites-display-component---NewSite--addressDetailDetailsLanguage-arrow"}]}
RESULT: {"script":"<script> [1562 bytes]","args":[{"selector":{"id":"application-managesites-display-component---NewSite--addressDetailDetailsLanguage-arrow"},"wdio_ui5_key":"applicationmanagesites-display-component---NewSite--addressDetailDetailsLanguage-arrow"}]}
RESULT: undefined
COMMAND: POST /session/b82276ffbb9492990a85e43e5d9fdefc/element - {"using":"xpath","value":"//*[@id=\"application-managesites-display-component---NewSite--addressDetailDetailsLanguage-arrow\"]"}
RESULT: {"using":"xpath","value":"//*[@id=\"application-managesites-display-component---NewSite--addressDetailDetailsLanguage-arrow\"]"}
COMMAND: POST /session/b82276ffbb9492990a85e43e5d9fdefc/element/f.6AF3DC3554ABF6CF809F86825A1E03B6.d.67796AF37FED60337BF61471CD5B5D62.e.1778/click - {}
RESULT: {}
COMMAND: POST /session/b82276ffbb9492990a85e43e5d9fdefc/element - {"using":"xpath","value":"//span[contains(text(), \"English\")]"}
COMMAND: GET /session/b82276ffbb9492990a85e43e5d9fdefc/screenshot - {}
RESULT: {"using":"xpath","value":"//span[contains(text(), \"English\")]"}
COMMAND: POST /session/b82276ffbb9492990a85e43e5d9fdefc/element/f.6AF3DC3554ABF6CF809F86825A1E03B6.d.67796AF37FED60337BF61471CD5B5D62.e.1779/click - {}
RESULT: {}
RESULT: {}
COMMAND: POST /session/b82276ffbb9492990a85e43e5d9fdefc/execute/async - {"script":"<script> [1562 bytes]","args":[{"selector":{"id":"application-managesites-display-component---NewSite--addressDetailDetailsCity1","interaction":{"idSuffix":"inner"}},"wdio_ui5_key":"applicationmanagesites-display-component---NewSite--addressDetailDetailsCity1"}]}
COMMAND: GET /session/b82276ffbb9492990a85e43e5d9fdefc/screenshot - {}
RESULT: {"script":"<script> [1562 bytes]","args":[{"selector":{"id":"application-managesites-display-component---NewSite--addressDetailDetailsCity1","interaction":{"idSuffix":"inner"}},"wdio_ui5_key":"applicationmanagesites-display-component---NewSite--addressDetailDetailsCity1"}]}
RESULT: undefined
COMMAND: POST /session/b82276ffbb9492990a85e43e5d9fdefc/execute/async - {"script":"<script> [776 bytes]","args":[{"enterText":"Rosario","selector":{"id":"application-managesites-display-component---NewSite--addressDetailDetailsCity1","interaction":{"idSuffix":"inner"}},"clearTextFirst":true,"interactionType":"ENTER_TEXT"}]}
RESULT: {}
RESULT: {"script":"<script> [776 bytes]","args":[{"enterText":"Rosario","selector":{"id":"application-managesites-display-component---NewSite--addressDetailDetailsCity1","interaction":{"idSuffix":"inner"}},"clearTextFirst":true,"interactionType":"ENTER_TEXT"}]}
COMMAND: POST /session/b82276ffbb9492990a85e43e5d9fdefc/execute/async - {"script":"<script> [1562 bytes]","args":[{"selector":{"id":"application-managesites-display-component---NewSite--addressDetailDetailsCountry-arrow"},"wdio_ui5_key":"applicationmanagesites-display-component---NewSite--addressDetailDetailsCountry-arrow"}]}
RESULT: {"script":"<script> [1562 bytes]","args":[{"selector":{"id":"application-managesites-display-component---NewSite--addressDetailDetailsCountry-arrow"},"wdio_ui5_key":"applicationmanagesites-display-component---NewSite--addressDetailDetailsCountry-arrow"}]}
RESULT: undefined
COMMAND: POST /session/b82276ffbb9492990a85e43e5d9fdefc/element - {"using":"xpath","value":"//*[@id=\"application-managesites-display-component---NewSite--addressDetailDetailsCountry-arrow\"]"}
RESULT: {"using":"xpath","value":"//*[@id=\"application-managesites-display-component---NewSite--addressDetailDetailsCountry-arrow\"]"}
COMMAND: POST /session/b82276ffbb9492990a85e43e5d9fdefc/element/f.6AF3DC3554ABF6CF809F86825A1E03B6.d.67796AF37FED60337BF61471CD5B5D62.e.1781/click - {}
RESULT: {}
COMMAND: POST /session/b82276ffbb9492990a85e43e5d9fdefc/element - {"using":"xpath","value":"//span[contains(text(), \"Argentina\")]"}
COMMAND: GET /session/b82276ffbb9492990a85e43e5d9fdefc/screenshot - {}
RESULT: {"using":"xpath","value":"//span[contains(text(), \"Argentina\")]"}
COMMAND: POST /session/b82276ffbb9492990a85e43e5d9fdefc/element/f.6AF3DC3554ABF6CF809F86825A1E03B6.d.67796AF37FED60337BF61471CD5B5D62.e.1783/click - {}
RESULT: {}
RESULT: {}
COMMAND: GET /session/b82276ffbb9492990a85e43e5d9fdefc/screenshot - {}
RESULT: {}
COMMAND: POST /session/b82276ffbb9492990a85e43e5d9fdefc/execute/async - {"script":"<script> [1562 bytes]","args":[{"selector":{"id":"application-managesites-display-component---NewSite--addressEditDetailsCostObjectCstType-arrow"},"wdio_ui5_key":"applicationmanagesites-display-component---NewSite--addressEditDetailsCostObjectCstType-arrow"}]}
RESULT: {"script":"<script> [1562 bytes]","args":[{"selector":{"id":"application-managesites-display-component---NewSite--addressEditDetailsCostObjectCstType-arrow"},"wdio_ui5_key":"applicationmanagesites-display-component---NewSite--addressEditDetailsCostObjectCstType-arrow"}]}
RESULT: undefined
COMMAND: POST /session/b82276ffbb9492990a85e43e5d9fdefc/element - {"using":"xpath","value":"//*[@id=\"application-managesites-display-component---NewSite--addressEditDetailsCostObjectCstType-arrow\"]"}
RESULT: {"using":"xpath","value":"//*[@id=\"application-managesites-display-component---NewSite--addressEditDetailsCostObjectCstType-arrow\"]"}
COMMAND: POST /session/b82276ffbb9492990a85e43e5d9fdefc/element/f.6AF3DC3554ABF6CF809F86825A1E03B6.d.67796AF37FED60337BF61471CD5B5D62.e.1784/click - {}
RESULT: {}
COMMAND: POST /session/b82276ffbb9492990a85e43e5d9fdefc/element - {"using":"xpath","value":"//span[contains(text(), \"Cost Center\")]"}
COMMAND: GET /session/b82276ffbb9492990a85e43e5d9fdefc/screenshot - {}
RESULT: {"using":"xpath","value":"//span[contains(text(), \"Cost Center\")]"}
COMMAND: POST /session/b82276ffbb9492990a85e43e5d9fdefc/element/f.6AF3DC3554ABF6CF809F86825A1E03B6.d.67796AF37FED60337BF61471CD5B5D62.e.1785/click - {}
RESULT: {}
RESULT: {}
COMMAND: GET /session/b82276ffbb9492990a85e43e5d9fdefc/screenshot - {}
RESULT: {}
COMMAND: POST /session/b82276ffbb9492990a85e43e5d9fdefc/element - {"using":"xpath","value":"//span[@id=\"application-managesites-display-component---NewSite--addressNewCostObjectCstID-vhi\"]"}
RESULT: {"using":"xpath","value":"//span[@id=\"application-managesites-display-component---NewSite--addressNewCostObjectCstID-vhi\"]"}
COMMAND: POST /session/b82276ffbb9492990a85e43e5d9fdefc/execute/sync - {"script":"<script> [8489 bytes]","args":[{"element-6066-11e4-a52e-4f735466cecf":"f.6AF3DC3554ABF6CF809F86825A1E03B6.d.67796AF37FED60337BF61471CD5B5D62.e.1790","ELEMENT":"f.6AF3DC3554ABF6CF809F86825A1E03B6.d.67796AF37FED60337BF61471CD5B5D62.e.1790"}]}
RESULT: {"script":"<script> [8489 bytes]","args":[{"element-6066-11e4-a52e-4f735466cecf":"f.6AF3DC3554ABF6CF809F86825A1E03B6.d.67796AF37FED60337BF61471CD5B5D62.e.1790","ELEMENT":"f.6AF3DC3554ABF6CF809F86825A1E03B6.d.67796AF37FED60337BF61471CD5B5D62.e.1790"}]}
COMMAND: POST /session/b82276ffbb9492990a85e43e5d9fdefc/execute/async - {"script":"<script> [1562 bytes]","args":[{"selector":{"id":"application-managesites-display-component---NewSite--addressNewCostObjectCstID-vhi"},"wdio_ui5_key":"applicationmanagesites-display-component---NewSite--addressNewCostObjectCstID-vhi"}]}
COMMAND: GET /session/b82276ffbb9492990a85e43e5d9fdefc/screenshot - {}
RESULT: {"script":"<script> [1562 bytes]","args":[{"selector":{"id":"application-managesites-display-component---NewSite--addressNewCostObjectCstID-vhi"},"wdio_ui5_key":"applicationmanagesites-display-component---NewSite--addressNewCostObjectCstID-vhi"}]}
RESULT: undefined
COMMAND: POST /session/b82276ffbb9492990a85e43e5d9fdefc/element - {"using":"xpath","value":"//*[@id=\"application-managesites-display-component---NewSite--addressNewCostObjectCstID-vhi\"]"}
RESULT: {}
RESULT: {"using":"xpath","value":"//*[@id=\"application-managesites-display-component---NewSite--addressNewCostObjectCstID-vhi\"]"}
COMMAND: POST /session/b82276ffbb9492990a85e43e5d9fdefc/element/f.6AF3DC3554ABF6CF809F86825A1E03B6.d.67796AF37FED60337BF61471CD5B5D62.e.1790/click - {}
RESULT: {}
COMMAND: GET /session/b82276ffbb9492990a85e43e5d9fdefc/screenshot - {}
RESULT: {}
RESULT: undefined
COMMAND: POST /session/b82276ffbb9492990a85e43e5d9fdefc/execute/async - {"script":"<script> [776 bytes]","args":[{"enterText":"10001013","selector":{"controlType":"sap.m.SearchField","properties":{"placeholder":"Search"},"searchOpenDialogs":true,"interaction":{"idSuffix":"I"}},"clearTextFirst":true,"interactionType":"ENTER_TEXT"}]}
RESULT: {"script":"<script> [776 bytes]","args":[{"enterText":"10001013","selector":{"controlType":"sap.m.SearchField","properties":{"placeholder":"Search"},"searchOpenDialogs":true,"interaction":{"idSuffix":"I"}},"clearTextFirst":true,"interactionType":"ENTER_TEXT"}]}
COMMAND: POST /session/b82276ffbb9492990a85e43e5d9fdefc/actions - {"actions":[{"id":"action3","type":"key","parameters":{},"actions":[{"type":"keyDown","value":""},{"type":"pause","duration":10},{"type":"keyUp","value":""}]}]}
RESULT: {"actions":[{"id":"action3","type":"key","parameters":{},"actions":[{"type":"keyDown","value":""},{"type":"pause","duration":10},{"type":"keyUp","value":""}]}]}
COMMAND: GET /session/b82276ffbb9492990a85e43e5d9fdefc/screenshot - {}
RESULT: {}
COMMAND: POST /session/b82276ffbb9492990a85e43e5d9fdefc/element - {"using":"xpath","value":"//span[contains(text(), \"General Management\")]"}
RESULT: {"using":"xpath","value":"//span[contains(text(), \"General Management\")]"}
COMMAND: POST /session/b82276ffbb9492990a85e43e5d9fdefc/element/f.6AF3DC3554ABF6CF809F86825A1E03B6.d.67796AF37FED60337BF61471CD5B5D62.e.1828/click - {}
RESULT: {}
COMMAND: GET /session/b82276ffbb9492990a85e43e5d9fdefc/screenshot - {}
RESULT: {}
COMMAND: POST /session/b82276ffbb9492990a85e43e5d9fdefc/element - {"using":"xpath","value":"//bdi[contains(text(), \"OK\")]"}
RESULT: {"using":"xpath","value":"//bdi[contains(text(), \"OK\")]"}
COMMAND: POST /session/b82276ffbb9492990a85e43e5d9fdefc/element/f.6AF3DC3554ABF6CF809F86825A1E03B6.d.67796AF37FED60337BF61471CD5B5D62.e.1829/click - {}
RESULT: {}
COMMAND: GET /session/b82276ffbb9492990a85e43e5d9fdefc/screenshot - {}
RESULT: {}
COMMAND: POST /session/b82276ffbb9492990a85e43e5d9fdefc/element - {"using":"xpath","value":"//input[@id=\"application-managesites-display-component---NewSite--addressDetailDetailsCalendar-inner\"]"}
RESULT: {"using":"xpath","value":"//input[@id=\"application-managesites-display-component---NewSite--addressDetailDetailsCalendar-inner\"]"}
COMMAND: POST /session/b82276ffbb9492990a85e43e5d9fdefc/element/f.6AF3DC3554ABF6CF809F86825A1E03B6.d.67796AF37FED60337BF61471CD5B5D62.e.1578/clear - {}
RESULT: {}
COMMAND: POST /session/b82276ffbb9492990a85e43e5d9fdefc/element/f.6AF3DC3554ABF6CF809F86825A1E03B6.d.67796AF37FED60337BF61471CD5B5D62.e.1578/value - {"text":"Unit"}
COMMAND: GET /session/b82276ffbb9492990a85e43e5d9fdefc/screenshot - {}
RESULT: {"text":"Unit"}
COMMAND: GET /session/b82276ffbb9492990a85e43e5d9fdefc/screenshot - {}
RESULT: {}
RESULT: {}
COMMAND: POST /session/b82276ffbb9492990a85e43e5d9fdefc/actions - {"actions":[{"id":"action4","type":"key","parameters":{},"actions":[{"type":"keyDown","value":""},{"type":"pause","duration":10},{"type":"keyUp","value":""}]}]}
RESULT: {"actions":[{"id":"action4","type":"key","parameters":{},"actions":[{"type":"keyDown","value":""},{"type":"pause","duration":10},{"type":"keyUp","value":""}]}]}
COMMAND: POST /session/b82276ffbb9492990a85e43e5d9fdefc/element - {"using":"xpath","value":"//input[@id=\"application-managesites-display-component---NewSite--addressDetailDetailsYard-inner\"]"}
COMMAND: GET /session/b82276ffbb9492990a85e43e5d9fdefc/screenshot - {}
RESULT: {"using":"xpath","value":"//input[@id=\"application-managesites-display-component---NewSite--addressDetailDetailsYard-inner\"]"}
COMMAND: POST /session/b82276ffbb9492990a85e43e5d9fdefc/element/f.6AF3DC3554ABF6CF809F86825A1E03B6.d.67796AF37FED60337BF61471CD5B5D62.e.1579/clear - {}
RESULT: {}
RESULT: {}
COMMAND: POST /session/b82276ffbb9492990a85e43e5d9fdefc/element/f.6AF3DC3554ABF6CF809F86825A1E03B6.d.67796AF37FED60337BF61471CD5B5D62.e.1579/value - {"text":"629"}
COMMAND: GET /session/b82276ffbb9492990a85e43e5d9fdefc/screenshot - {}
RESULT: {"text":"629"}
COMMAND: GET /session/b82276ffbb9492990a85e43e5d9fdefc/screenshot - {}
RESULT: {}
RESULT: {}
COMMAND: POST /session/b82276ffbb9492990a85e43e5d9fdefc/element - {"using":"xpath","value":"//li[.//span[text()='629']]"}
RESULT: {"using":"xpath","value":"//li[.//span[text()='629']]"}
COMMAND: POST /session/b82276ffbb9492990a85e43e5d9fdefc/element/f.6AF3DC3554ABF6CF809F86825A1E03B6.d.67796AF37FED60337BF61471CD5B5D62.e.1837/click - {}
RESULT: {}
COMMAND: GET /session/b82276ffbb9492990a85e43e5d9fdefc/screenshot - {}
RESULT: {}
COMMAND: POST /session/b82276ffbb9492990a85e43e5d9fdefc/element - {"using":"xpath","value":"//input[@id=\"application-managesites-display-component---NewSite--addressDetailDetailsPartner-inner\"]"}
RESULT: {"using":"xpath","value":"//input[@id=\"application-managesites-display-component---NewSite--addressDetailDetailsPartner-inner\"]"}
COMMAND: POST /session/b82276ffbb9492990a85e43e5d9fdefc/element - {"using":"xpath","value":"//input[@id=\"application-managesites-display-component---NewSite--addressDetailDetailsPartner-inner\"]"}
RESULT: {"using":"xpath","value":"//input[@id=\"application-managesites-display-component---NewSite--addressDetailDetailsPartner-inner\"]"}
COMMAND: POST /session/b82276ffbb9492990a85e43e5d9fdefc/element - {"using":"xpath","value":"//button[@data-kt=\"saveButton\"]"}
RESULT: {"using":"xpath","value":"//button[@data-kt=\"saveButton\"]"}
COMMAND: POST /session/b82276ffbb9492990a85e43e5d9fdefc/element/f.6AF3DC3554ABF6CF809F86825A1E03B6.d.67796AF37FED60337BF61471CD5B5D62.e.1728/click - {}
RESULT: {}
COMMAND: GET /session/b82276ffbb9492990a85e43e5d9fdefc/screenshot - {}
RESULT: {}
COMMAND: POST /session/b82276ffbb9492990a85e43e5d9fdefc/element - {"using":"xpath","value":"//header[contains(@id, 'ObjectPageLayout-headerTitle')]/div[1]/div[2]/div[2]/span[1]"}
RESULT: {"using":"xpath","value":"//header[contains(@id, 'ObjectPageLayout-headerTitle')]/div[1]/div[2]/div[2]/span[1]"}
COMMAND: POST /session/b82276ffbb9492990a85e43e5d9fdefc/elements - {"using":"xpath","value":"//header[contains(@id, 'ObjectPageLayout-headerTitle')]/div[1]/div[2]/div[2]/span[1]"}
RESULT: {"using":"xpath","value":"//header[contains(@id, 'ObjectPageLayout-headerTitle')]/div[1]/div[2]/div[2]/span[1]"}
COMMAND: POST /session/b82276ffbb9492990a85e43e5d9fdefc/execute/sync - {"script":"<script> [56 bytes]","args":[{"element-6066-11e4-a52e-4f735466cecf":"f.6AF3DC3554ABF6CF809F86825A1E03B6.d.67796AF37FED60337BF61471CD5B5D62.e.2041","ELEMENT":"f.6AF3DC3554ABF6CF809F86825A1E03B6.d.67796AF37FED60337BF61471CD5B5D62.e.2041"}]}
RESULT: {"script":"<script> [56 bytes]","args":[{"element-6066-11e4-a52e-4f735466cecf":"f.6AF3DC3554ABF6CF809F86825A1E03B6.d.67796AF37FED60337BF61471CD5B5D62.e.2041","ELEMENT":"f.6AF3DC3554ABF6CF809F86825A1E03B6.d.67796AF37FED60337BF61471CD5B5D62.e.2041"}]}
COMMAND: POST /session/b82276ffbb9492990a85e43e5d9fdefc/element - {"using":"css selector","value":"#shell-header-logo"}
COMMAND: GET /session/b82276ffbb9492990a85e43e5d9fdefc/screenshot - {}
RESULT: {"using":"css selector","value":"#shell-header-logo"}
COMMAND: POST /session/b82276ffbb9492990a85e43e5d9fdefc/element/f.6AF3DC3554ABF6CF809F86825A1E03B6.d.67796AF37FED60337BF61471CD5B5D62.e.1335/click - {}
RESULT: {}
RESULT: {}
COMMAND: GET /session/b82276ffbb9492990a85e43e5d9fdefc/screenshot - {}
RESULT: {}
COMMAND: POST /session/b82276ffbb9492990a85e43e5d9fdefc/execute/sync - {"script":"<script> [299 bytes]","args":[["getModel","getResource"]]}
RESULT: {"script":"<script> [299 bytes]","args":[["getModel","getResource"]]}
COMMAND: POST /session/b82276ffbb9492990a85e43e5d9fdefc/actions - {"actions":[{"id":"action5","type":"key","parameters":{},"actions":[{"type":"keyDown","value":""},{"type":"pause","duration":10},{"type":"keyUp","value":""}]}]}
COMMAND: GET /session/b82276ffbb9492990a85e43e5d9fdefc/screenshot - {}
RESULT: {"actions":[{"id":"action5","type":"key","parameters":{},"actions":[{"type":"keyDown","value":""},{"type":"pause","duration":10},{"type":"keyUp","value":""}]}]}
COMMAND: GET /session/b82276ffbb9492990a85e43e5d9fdefc/screenshot - {}
RESULT: {}
RESULT: {}
COMMAND: POST /session/b82276ffbb9492990a85e43e5d9fdefc/refresh - {}
RESULT: {}
COMMAND: GET /session/b82276ffbb9492990a85e43e5d9fdefc/screenshot - {}
RESULT: {}
COMMAND: POST /session/b82276ffbb9492990a85e43e5d9fdefc/refresh - {}
RESULT: {}
COMMAND: GET /session/b82276ffbb9492990a85e43e5d9fdefc/screenshot - {}
RESULT: {}
COMMAND: POST /session/b82276ffbb9492990a85e43e5d9fdefc/window/fullscreen - {}
RESULT: {}
COMMAND: POST /session/b82276ffbb9492990a85e43e5d9fdefc/execute/async - {"script":"<script> [189 bytes]","args":[]}
RESULT: {"script":"<script> [189 bytes]","args":[]}
COMMAND: POST /session/b82276ffbb9492990a85e43e5d9fdefc/execute/async - {"script":"<script> [123 bytes]","args":[]}
RESULT: {"script":"<script> [123 bytes]","args":[]}
COMMAND: POST /session/b82276ffbb9492990a85e43e5d9fdefc/timeouts - {"script":"<number>"}
RESULT: {"script":"<number>"}
COMMAND: GET /session/b82276ffbb9492990a85e43e5d9fdefc/timeouts - {}
RESULT: {}
RESULT: undefined
COMMAND: POST /session/b82276ffbb9492990a85e43e5d9fdefc/execute/async - {"script":"<script> [2676 bytes]","args":[]}
RESULT: {"script":"<script> [2676 bytes]","args":[]}
COMMAND: POST /session/b82276ffbb9492990a85e43e5d9fdefc/execute/async - {"script":"<script> [2342 bytes]","args":[{"protocol":"http","hostname":"0.0.0.0","path":"/","capabilities":{"browserName":"chrome","goog:chromeOptions":{"binary":"C:\\Program Files\\Google\\Chrome\\Application\\chrome.exe","args":["--start-maximized"]}},"logLevel":"warn","connectionRetryTimeout":120000,"connectionRetryCount":3,"logLevels":{},"enableDirectConnect":true,"strictSSL":true,"_":"65 more keys: [\"cacheDir\",\"port\",\"requestedCapabilities\",\"automationProtocol\",\"baseUrl\",\"waitforInterval\",\"waitforTimeout\",\"onReload\",\"beforeCommand\",\"afterCommand\",\"rootDir\",\"specs\",\"suites\",\"exclude\",\"groupLogsByTestSpec\",\"excludeDriverLogs\",\"bail\",\"framework\",\"reporters\",\"services\",\"maxInstances\",\"maxInstancesPerCapability\",\"injectGlobals\",\"filesToWatch\",\"execArgv\",\"runnerEnv\",\"runner\",\"shard\",\"specFileRetries\",\"specFileRetriesDelay\",\"specFileRetriesDeferred\",\"reporterSyncInterval\",\"reporterSyncTimeout\",\"cucumberFeaturesWithLineNumbers\",\"autoCompileOpts\",\"mochaOpts\",\"jasmineOpts\",\"cucumberOpts\",\"onPrepare\",\"onWorkerStart\",\"onWorkerEnd\",\"before\",\"beforeSession\",\"beforeSuite\",\"beforeHook\",\"beforeTest\",\"afterTest\",\"afterHook\",\"afterSuite\",\"afterSession\",\"after\",\"onComplete\",\"beforeAssertion\",\"afterAssertion\",\"beforeFeature\",\"beforeScenario\",\"beforeStep\",\"afterStep\",\"afterScenario\",\"afterFeature\",\"_\",\"suite\",\"$0\",\"ignoredWorkerServices\",\"wdi5\"]"}]}
RESULT: {"script":"<script> [2342 bytes]","args":[{"protocol":"http","hostname":"0.0.0.0","path":"/","capabilities":{"browserName":"chrome","goog:chromeOptions":{"binary":"C:\\Program Files\\Google\\Chrome\\Application\\chrome.exe","args":["--start-maximized"]}},"logLevel":"warn","connectionRetryTimeout":120000,"connectionRetryCount":3,"logLevels":{},"enableDirectConnect":true,"strictSSL":true,"_":"65 more keys: [\"cacheDir\",\"port\",\"requestedCapabilities\",\"automationProtocol\",\"baseUrl\",\"waitforInterval\",\"waitforTimeout\",\"onReload\",\"beforeCommand\",\"afterCommand\",\"rootDir\",\"specs\",\"suites\",\"exclude\",\"groupLogsByTestSpec\",\"excludeDriverLogs\",\"bail\",\"framework\",\"reporters\",\"services\",\"maxInstances\",\"maxInstancesPerCapability\",\"injectGlobals\",\"filesToWatch\",\"execArgv\",\"runnerEnv\",\"runner\",\"shard\",\"specFileRetries\",\"specFileRetriesDelay\",\"specFileRetriesDeferred\",\"reporterSyncInterval\",\"reporterSyncTimeout\",\"cucumberFeaturesWithLineNumbers\",\"autoCompileOpts\",\"mochaOpts\",\"jasmineOpts\",\"cucumberOpts\",\"onPrepare\",\"onWorkerStart\",\"onWorkerEnd\",\"before\",\"beforeSession\",\"beforeSuite\",\"beforeHook\",\"beforeTest\",\"afterTest\",\"afterHook\",\"afterSuite\",\"afterSession\",\"after\",\"onComplete\",\"beforeAssertion\",\"afterAssertion\",\"beforeFeature\",\"beforeScenario\",\"beforeStep\",\"afterStep\",\"afterScenario\",\"afterFeature\",\"_\",\"suite\",\"$0\",\"ignoredWorkerServices\",\"wdi5\"]"}]}
COMMAND: POST /session/b82276ffbb9492990a85e43e5d9fdefc/execute/async - {"script":"<script> [21126 bytes]","args":[35000]}
RESULT: {"script":"<script> [21126 bytes]","args":[35000]}
COMMAND: POST /session/b82276ffbb9492990a85e43e5d9fdefc/window/fullscreen - {}
RESULT: {}
]]></system-out>
    </testcase>
    <testcase classname="chrome.136_0_7103_93.windows.Create_masterdata_for_Yard_Overview_-_trigger_provide_US130988" name="Should create a new material" time="133.737">
      <system-out><![CDATA[
COMMAND: POST /session/b82276ffbb9492990a85e43e5d9fdefc/execute/async - {"script":"<script> [1562 bytes]","args":[{"selector":{"controlType":"sap.m.GenericTile","properties":{"header":"Manage Resources"}},"wdio_ui5_key":"sapm.GenericTile{\"header\":\"Manage Resources\"}"}]}
RESULT: {"script":"<script> [1562 bytes]","args":[{"selector":{"controlType":"sap.m.GenericTile","properties":{"header":"Manage Resources"}},"wdio_ui5_key":"sapm.GenericTile{\"header\":\"Manage Resources\"}"}]}
RESULT: undefined
COMMAND: POST /session/b82276ffbb9492990a85e43e5d9fdefc/element - {"using":"xpath","value":"//*[@id=\"__tile31\"]"}
RESULT: {"using":"xpath","value":"//*[@id=\"__tile31\"]"}
COMMAND: POST /session/b82276ffbb9492990a85e43e5d9fdefc/element/f.6AF3DC3554ABF6CF809F86825A1E03B6.d.E21D46C580238B9B1D012ECC2CC4F2A4.e.2116/click - {}
RESULT: {}
COMMAND: GET /session/b82276ffbb9492990a85e43e5d9fdefc/screenshot - {}
RESULT: {}
COMMAND: POST /session/b82276ffbb9492990a85e43e5d9fdefc/elements - {"using":"xpath","value":"//span[text()='Error']"}
RESULT: {"using":"xpath","value":"//span[text()='Error']"}
COMMAND: POST /session/b82276ffbb9492990a85e43e5d9fdefc/element - {"using":"xpath","value":"//button[@data-kt=\"addNewRUOverflowToolbarButton\"]"}
RESULT: {"using":"xpath","value":"//button[@data-kt=\"addNewRUOverflowToolbarButton\"]"}
COMMAND: POST /session/b82276ffbb9492990a85e43e5d9fdefc/elements - {"using":"xpath","value":"//button[@data-kt=\"addNewRUOverflowToolbarButton\"]"}
RESULT: {"using":"xpath","value":"//button[@data-kt=\"addNewRUOverflowToolbarButton\"]"}
COMMAND: POST /session/b82276ffbb9492990a85e43e5d9fdefc/elements - {"using":"xpath","value":"//button[@data-kt=\"addNewRUOverflowToolbarButton\"]"}
RESULT: {"using":"xpath","value":"//button[@data-kt=\"addNewRUOverflowToolbarButton\"]"}
COMMAND: POST /session/b82276ffbb9492990a85e43e5d9fdefc/elements - {"using":"xpath","value":"//button[@data-kt=\"addNewRUOverflowToolbarButton\"]"}
RESULT: {"using":"xpath","value":"//button[@data-kt=\"addNewRUOverflowToolbarButton\"]"}
COMMAND: POST /session/b82276ffbb9492990a85e43e5d9fdefc/elements - {"using":"xpath","value":"//button[@data-kt=\"addNewRUOverflowToolbarButton\"]"}
RESULT: {"using":"xpath","value":"//button[@data-kt=\"addNewRUOverflowToolbarButton\"]"}
COMMAND: POST /session/b82276ffbb9492990a85e43e5d9fdefc/elements - {"using":"xpath","value":"//button[@data-kt=\"addNewRUOverflowToolbarButton\"]"}
RESULT: {"using":"xpath","value":"//button[@data-kt=\"addNewRUOverflowToolbarButton\"]"}
COMMAND: POST /session/b82276ffbb9492990a85e43e5d9fdefc/elements - {"using":"xpath","value":"//button[@data-kt=\"addNewRUOverflowToolbarButton\"]"}
RESULT: {"using":"xpath","value":"//button[@data-kt=\"addNewRUOverflowToolbarButton\"]"}
COMMAND: POST /session/b82276ffbb9492990a85e43e5d9fdefc/elements - {"using":"xpath","value":"//button[@data-kt=\"addNewRUOverflowToolbarButton\"]"}
RESULT: {"using":"xpath","value":"//button[@data-kt=\"addNewRUOverflowToolbarButton\"]"}
COMMAND: POST /session/b82276ffbb9492990a85e43e5d9fdefc/elements - {"using":"xpath","value":"//button[@data-kt=\"addNewRUOverflowToolbarButton\"]"}
RESULT: {"using":"xpath","value":"//button[@data-kt=\"addNewRUOverflowToolbarButton\"]"}
COMMAND: POST /session/b82276ffbb9492990a85e43e5d9fdefc/elements - {"using":"xpath","value":"//button[@data-kt=\"addNewRUOverflowToolbarButton\"]"}
RESULT: {"using":"xpath","value":"//button[@data-kt=\"addNewRUOverflowToolbarButton\"]"}
COMMAND: POST /session/b82276ffbb9492990a85e43e5d9fdefc/elements - {"using":"xpath","value":"//button[@data-kt=\"addNewRUOverflowToolbarButton\"]"}
RESULT: {"using":"xpath","value":"//button[@data-kt=\"addNewRUOverflowToolbarButton\"]"}
COMMAND: POST /session/b82276ffbb9492990a85e43e5d9fdefc/elements - {"using":"xpath","value":"//button[@data-kt=\"addNewRUOverflowToolbarButton\"]"}
RESULT: {"using":"xpath","value":"//button[@data-kt=\"addNewRUOverflowToolbarButton\"]"}
COMMAND: POST /session/b82276ffbb9492990a85e43e5d9fdefc/elements - {"using":"xpath","value":"//button[@data-kt=\"addNewRUOverflowToolbarButton\"]"}
RESULT: {"using":"xpath","value":"//button[@data-kt=\"addNewRUOverflowToolbarButton\"]"}
COMMAND: POST /session/b82276ffbb9492990a85e43e5d9fdefc/element - {"using":"xpath","value":"//button[@data-kt=\"addNewRUOverflowToolbarButton\"]"}
RESULT: {"using":"xpath","value":"//button[@data-kt=\"addNewRUOverflowToolbarButton\"]"}
COMMAND: POST /session/b82276ffbb9492990a85e43e5d9fdefc/execute/sync - {"script":"<script> [8489 bytes]","args":[{"element-6066-11e4-a52e-4f735466cecf":"f.6AF3DC3554ABF6CF809F86825A1E03B6.d.E21D46C580238B9B1D012ECC2CC4F2A4.e.2225","ELEMENT":"f.6AF3DC3554ABF6CF809F86825A1E03B6.d.E21D46C580238B9B1D012ECC2CC4F2A4.e.2225"}]}
RESULT: {"script":"<script> [8489 bytes]","args":[{"element-6066-11e4-a52e-4f735466cecf":"f.6AF3DC3554ABF6CF809F86825A1E03B6.d.E21D46C580238B9B1D012ECC2CC4F2A4.e.2225","ELEMENT":"f.6AF3DC3554ABF6CF809F86825A1E03B6.d.E21D46C580238B9B1D012ECC2CC4F2A4.e.2225"}]}
COMMAND: GET /session/b82276ffbb9492990a85e43e5d9fdefc/element/f.6AF3DC3554ABF6CF809F86825A1E03B6.d.E21D46C580238B9B1D012ECC2CC4F2A4.e.2225/enabled - {}
COMMAND: GET /session/b82276ffbb9492990a85e43e5d9fdefc/screenshot - {}
RESULT: {}
COMMAND: POST /session/b82276ffbb9492990a85e43e5d9fdefc/execute/sync - {"script":"<script> [8489 bytes]","args":[{"element-6066-11e4-a52e-4f735466cecf":"f.6AF3DC3554ABF6CF809F86825A1E03B6.d.E21D46C580238B9B1D012ECC2CC4F2A4.e.2225","ELEMENT":"f.6AF3DC3554ABF6CF809F86825A1E03B6.d.E21D46C580238B9B1D012ECC2CC4F2A4.e.2225"}]}
COMMAND: GET /session/b82276ffbb9492990a85e43e5d9fdefc/screenshot - {}
RESULT: {}
RESULT: {"script":"<script> [8489 bytes]","args":[{"element-6066-11e4-a52e-4f735466cecf":"f.6AF3DC3554ABF6CF809F86825A1E03B6.d.E21D46C580238B9B1D012ECC2CC4F2A4.e.2225","ELEMENT":"f.6AF3DC3554ABF6CF809F86825A1E03B6.d.E21D46C580238B9B1D012ECC2CC4F2A4.e.2225"}]}
COMMAND: POST /session/b82276ffbb9492990a85e43e5d9fdefc/execute/sync - {"script":"<script> [5351 bytes]","args":[{"element-6066-11e4-a52e-4f735466cecf":"f.6AF3DC3554ABF6CF809F86825A1E03B6.d.E21D46C580238B9B1D012ECC2CC4F2A4.e.2225","ELEMENT":"f.6AF3DC3554ABF6CF809F86825A1E03B6.d.E21D46C580238B9B1D012ECC2CC4F2A4.e.2225"}]}
COMMAND: GET /session/b82276ffbb9492990a85e43e5d9fdefc/screenshot - {}
RESULT: {}
RESULT: {"script":"<script> [5351 bytes]","args":[{"element-6066-11e4-a52e-4f735466cecf":"f.6AF3DC3554ABF6CF809F86825A1E03B6.d.E21D46C580238B9B1D012ECC2CC4F2A4.e.2225","ELEMENT":"f.6AF3DC3554ABF6CF809F86825A1E03B6.d.E21D46C580238B9B1D012ECC2CC4F2A4.e.2225"}]}
COMMAND: POST /session/b82276ffbb9492990a85e43e5d9fdefc/element/f.6AF3DC3554ABF6CF809F86825A1E03B6.d.E21D46C580238B9B1D012ECC2CC4F2A4.e.2225/click - {}
COMMAND: GET /session/b82276ffbb9492990a85e43e5d9fdefc/screenshot - {}
RESULT: {}
RESULT: {}
COMMAND: GET /session/b82276ffbb9492990a85e43e5d9fdefc/screenshot - {}
RESULT: {}
COMMAND: POST /session/b82276ffbb9492990a85e43e5d9fdefc/execute/async - {"script":"<script> [1562 bytes]","args":[{"selector":{"id":"application-manageresources-display-component---newResourceUnit--TYPE-arrow"},"wdio_ui5_key":"applicationmanageresources-display-component---newResourceUnit--TYPE-arrow"}]}
RESULT: {}
RESULT: {"script":"<script> [1562 bytes]","args":[{"selector":{"id":"application-manageresources-display-component---newResourceUnit--TYPE-arrow"},"wdio_ui5_key":"applicationmanageresources-display-component---newResourceUnit--TYPE-arrow"}]}
RESULT: undefined
COMMAND: POST /session/b82276ffbb9492990a85e43e5d9fdefc/element - {"using":"xpath","value":"//*[@id=\"application-manageresources-display-component---newResourceUnit--TYPE-arrow\"]"}
RESULT: {"using":"xpath","value":"//*[@id=\"application-manageresources-display-component---newResourceUnit--TYPE-arrow\"]"}
COMMAND: POST /session/b82276ffbb9492990a85e43e5d9fdefc/element/f.6AF3DC3554ABF6CF809F86825A1E03B6.d.E21D46C580238B9B1D012ECC2CC4F2A4.e.2584/click - {}
RESULT: {}
COMMAND: POST /session/b82276ffbb9492990a85e43e5d9fdefc/element - {"using":"xpath","value":"//input[@id=\"application-manageresources-display-component---newResourceUnit--TYPE-inner\"]"}
COMMAND: GET /session/b82276ffbb9492990a85e43e5d9fdefc/screenshot - {}
RESULT: {"using":"xpath","value":"//input[@id=\"application-manageresources-display-component---newResourceUnit--TYPE-inner\"]"}
COMMAND: POST /session/b82276ffbb9492990a85e43e5d9fdefc/element/f.6AF3DC3554ABF6CF809F86825A1E03B6.d.E21D46C580238B9B1D012ECC2CC4F2A4.e.2579/clear - {}
RESULT: {}
RESULT: {}
COMMAND: POST /session/b82276ffbb9492990a85e43e5d9fdefc/element/f.6AF3DC3554ABF6CF809F86825A1E03B6.d.E21D46C580238B9B1D012ECC2CC4F2A4.e.2579/value - {"text":"Material"}
COMMAND: GET /session/b82276ffbb9492990a85e43e5d9fdefc/screenshot - {}
RESULT: {"text":"Material"}
COMMAND: GET /session/b82276ffbb9492990a85e43e5d9fdefc/screenshot - {}
RESULT: {}
RESULT: {}
COMMAND: POST /session/b82276ffbb9492990a85e43e5d9fdefc/actions - {"actions":[{"id":"action6","type":"key","parameters":{},"actions":[{"type":"keyDown","value":""},{"type":"pause","duration":10},{"type":"keyUp","value":""}]}]}
RESULT: {"actions":[{"id":"action6","type":"key","parameters":{},"actions":[{"type":"keyDown","value":""},{"type":"pause","duration":10},{"type":"keyUp","value":""}]}]}
COMMAND: POST /session/b82276ffbb9492990a85e43e5d9fdefc/execute/async - {"script":"<script> [1562 bytes]","args":[{"selector":{"id":"application-manageresources-display-component---newResourceUnit--SHORT_TEXT","interaction":{"idSuffix":"inner"}},"wdio_ui5_key":"applicationmanageresources-display-component---newResourceUnit--SHORT_TEXT"}]}
COMMAND: GET /session/b82276ffbb9492990a85e43e5d9fdefc/screenshot - {}
RESULT: {"script":"<script> [1562 bytes]","args":[{"selector":{"id":"application-manageresources-display-component---newResourceUnit--SHORT_TEXT","interaction":{"idSuffix":"inner"}},"wdio_ui5_key":"applicationmanageresources-display-component---newResourceUnit--SHORT_TEXT"}]}
RESULT: undefined
COMMAND: POST /session/b82276ffbb9492990a85e43e5d9fdefc/execute/async - {"script":"<script> [776 bytes]","args":[{"enterText":"Cement WDIO","selector":{"id":"application-manageresources-display-component---newResourceUnit--SHORT_TEXT","interaction":{"idSuffix":"inner"}},"clearTextFirst":true,"interactionType":"ENTER_TEXT"}]}
RESULT: {}
RESULT: {"script":"<script> [776 bytes]","args":[{"enterText":"Cement WDIO","selector":{"id":"application-manageresources-display-component---newResourceUnit--SHORT_TEXT","interaction":{"idSuffix":"inner"}},"clearTextFirst":true,"interactionType":"ENTER_TEXT"}]}
COMMAND: POST /session/b82276ffbb9492990a85e43e5d9fdefc/execute/async - {"script":"<script> [1562 bytes]","args":[{"selector":{"id":"application-manageresources-display-component---newResourceUnit--BASE_UNIT_OF_MEASURE","interaction":{"idSuffix":"inner"}},"wdio_ui5_key":"applicationmanageresources-display-component---newResourceUnit--BASE_UNIT_OF_MEASURE"}]}
RESULT: {"script":"<script> [1562 bytes]","args":[{"selector":{"id":"application-manageresources-display-component---newResourceUnit--BASE_UNIT_OF_MEASURE","interaction":{"idSuffix":"inner"}},"wdio_ui5_key":"applicationmanageresources-display-component---newResourceUnit--BASE_UNIT_OF_MEASURE"}]}
RESULT: undefined
COMMAND: POST /session/b82276ffbb9492990a85e43e5d9fdefc/execute/async - {"script":"<script> [776 bytes]","args":[{"enterText":"Piece","selector":{"id":"application-manageresources-display-component---newResourceUnit--BASE_UNIT_OF_MEASURE","interaction":{"idSuffix":"inner"}},"clearTextFirst":true,"interactionType":"ENTER_TEXT"}]}
RESULT: {"script":"<script> [776 bytes]","args":[{"enterText":"Piece","selector":{"id":"application-manageresources-display-component---newResourceUnit--BASE_UNIT_OF_MEASURE","interaction":{"idSuffix":"inner"}},"clearTextFirst":true,"interactionType":"ENTER_TEXT"}]}
COMMAND: POST /session/b82276ffbb9492990a85e43e5d9fdefc/execute/async - {"script":"<script> [1562 bytes]","args":[{"selector":{"id":"application-manageresources-display-component---newResourceUnit--WEIGHT_UNIT","interaction":{"idSuffix":"inner"}},"wdio_ui5_key":"applicationmanageresources-display-component---newResourceUnit--WEIGHT_UNIT"}]}
RESULT: {"script":"<script> [1562 bytes]","args":[{"selector":{"id":"application-manageresources-display-component---newResourceUnit--WEIGHT_UNIT","interaction":{"idSuffix":"inner"}},"wdio_ui5_key":"applicationmanageresources-display-component---newResourceUnit--WEIGHT_UNIT"}]}
RESULT: undefined
COMMAND: POST /session/b82276ffbb9492990a85e43e5d9fdefc/execute/async - {"script":"<script> [776 bytes]","args":[{"enterText":"Gram","selector":{"id":"application-manageresources-display-component---newResourceUnit--WEIGHT_UNIT","interaction":{"idSuffix":"inner"}},"clearTextFirst":true,"interactionType":"ENTER_TEXT"}]}
RESULT: {"script":"<script> [776 bytes]","args":[{"enterText":"Gram","selector":{"id":"application-manageresources-display-component---newResourceUnit--WEIGHT_UNIT","interaction":{"idSuffix":"inner"}},"clearTextFirst":true,"interactionType":"ENTER_TEXT"}]}
COMMAND: POST /session/b82276ffbb9492990a85e43e5d9fdefc/execute/async - {"script":"<script> [1562 bytes]","args":[{"selector":{"id":"application-manageresources-display-component---newResourceUnit--DIMENSION_UNIT","interaction":{"idSuffix":"inner"}},"wdio_ui5_key":"applicationmanageresources-display-component---newResourceUnit--DIMENSION_UNIT"}]}
RESULT: {"script":"<script> [1562 bytes]","args":[{"selector":{"id":"application-manageresources-display-component---newResourceUnit--DIMENSION_UNIT","interaction":{"idSuffix":"inner"}},"wdio_ui5_key":"applicationmanageresources-display-component---newResourceUnit--DIMENSION_UNIT"}]}
RESULT: undefined
COMMAND: POST /session/b82276ffbb9492990a85e43e5d9fdefc/execute/async - {"script":"<script> [776 bytes]","args":[{"enterText":"Meter","selector":{"id":"application-manageresources-display-component---newResourceUnit--DIMENSION_UNIT","interaction":{"idSuffix":"inner"}},"clearTextFirst":true,"interactionType":"ENTER_TEXT"}]}
RESULT: {"script":"<script> [776 bytes]","args":[{"enterText":"Meter","selector":{"id":"application-manageresources-display-component---newResourceUnit--DIMENSION_UNIT","interaction":{"idSuffix":"inner"}},"clearTextFirst":true,"interactionType":"ENTER_TEXT"}]}
COMMAND: POST /session/b82276ffbb9492990a85e43e5d9fdefc/execute/async - {"script":"<script> [1562 bytes]","args":[{"selector":{"id":"application-manageresources-display-component---newResourceUnit--newRRUPage-anchBar-application-manageresources-display-component---newResourceUnit--control-anchor","interaction":{"idSuffix":"BDI-content"}},"wdio_ui5_key":"applicationmanageresources-display-component---newResourceUnit--newRRUPage-anchBar-application-manageresources-display-component---newResourceUnit--control-anchor"}]}
RESULT: {"script":"<script> [1562 bytes]","args":[{"selector":{"id":"application-manageresources-display-component---newResourceUnit--newRRUPage-anchBar-application-manageresources-display-component---newResourceUnit--control-anchor","interaction":{"idSuffix":"BDI-content"}},"wdio_ui5_key":"applicationmanageresources-display-component---newResourceUnit--newRRUPage-anchBar-application-manageresources-display-component---newResourceUnit--control-anchor"}]}
RESULT: undefined
COMMAND: POST /session/b82276ffbb9492990a85e43e5d9fdefc/element - {"using":"xpath","value":"//*[@id=\"application-manageresources-display-component---newResourceUnit--newRRUPage-anchBar-application-manageresources-display-component---newResourceUnit--control-anchor\"]"}
RESULT: {"using":"xpath","value":"//*[@id=\"application-manageresources-display-component---newResourceUnit--newRRUPage-anchBar-application-manageresources-display-component---newResourceUnit--control-anchor\"]"}
COMMAND: POST /session/b82276ffbb9492990a85e43e5d9fdefc/element/f.6AF3DC3554ABF6CF809F86825A1E03B6.d.E21D46C580238B9B1D012ECC2CC4F2A4.e.2651/click - {}
RESULT: {}
COMMAND: POST /session/b82276ffbb9492990a85e43e5d9fdefc/execute/async - {"script":"<script> [1562 bytes]","args":[{"selector":{"id":"application-manageresources-display-component---newResourceUnit--PLANNING_GROUP","interaction":{"idSuffix":"inner"}},"wdio_ui5_key":"applicationmanageresources-display-component---newResourceUnit--PLANNING_GROUP"}]}
COMMAND: GET /session/b82276ffbb9492990a85e43e5d9fdefc/screenshot - {}
RESULT: {"script":"<script> [1562 bytes]","args":[{"selector":{"id":"application-manageresources-display-component---newResourceUnit--PLANNING_GROUP","interaction":{"idSuffix":"inner"}},"wdio_ui5_key":"applicationmanageresources-display-component---newResourceUnit--PLANNING_GROUP"}]}
RESULT: undefined
COMMAND: POST /session/b82276ffbb9492990a85e43e5d9fdefc/execute/async - {"script":"<script> [776 bytes]","args":[{"enterText":"Material","selector":{"id":"application-manageresources-display-component---newResourceUnit--PLANNING_GROUP","interaction":{"idSuffix":"inner"}},"clearTextFirst":true,"interactionType":"ENTER_TEXT"}]}
RESULT: {}
RESULT: {"script":"<script> [776 bytes]","args":[{"enterText":"Material","selector":{"id":"application-manageresources-display-component---newResourceUnit--PLANNING_GROUP","interaction":{"idSuffix":"inner"}},"clearTextFirst":true,"interactionType":"ENTER_TEXT"}]}
COMMAND: POST /session/b82276ffbb9492990a85e43e5d9fdefc/execute/async - {"script":"<script> [1562 bytes]","args":[{"selector":{"id":"application-manageresources-display-component---newResourceUnit--PLANNING_INDICATOR","interaction":{"idSuffix":"inner"}},"wdio_ui5_key":"applicationmanageresources-display-component---newResourceUnit--PLANNING_INDICATOR"}]}
RESULT: {"script":"<script> [1562 bytes]","args":[{"selector":{"id":"application-manageresources-display-component---newResourceUnit--PLANNING_INDICATOR","interaction":{"idSuffix":"inner"}},"wdio_ui5_key":"applicationmanageresources-display-component---newResourceUnit--PLANNING_INDICATOR"}]}
RESULT: undefined
COMMAND: POST /session/b82276ffbb9492990a85e43e5d9fdefc/execute/async - {"script":"<script> [776 bytes]","args":[{"enterText":"10 - infinite","selector":{"id":"application-manageresources-display-component---newResourceUnit--PLANNING_INDICATOR","interaction":{"idSuffix":"inner"}},"clearTextFirst":true,"interactionType":"ENTER_TEXT"}]}
RESULT: {"script":"<script> [776 bytes]","args":[{"enterText":"10 - infinite","selector":{"id":"application-manageresources-display-component---newResourceUnit--PLANNING_INDICATOR","interaction":{"idSuffix":"inner"}},"clearTextFirst":true,"interactionType":"ENTER_TEXT"}]}
COMMAND: POST /session/b82276ffbb9492990a85e43e5d9fdefc/element - {"using":"css selector","value":"#application-manageresources-display-component---newResourceUnit--btnAddTimeSegment"}
RESULT: {"using":"css selector","value":"#application-manageresources-display-component---newResourceUnit--btnAddTimeSegment"}
COMMAND: GET /session/b82276ffbb9492990a85e43e5d9fdefc/element/f.6AF3DC3554ABF6CF809F86825A1E03B6.d.E21D46C580238B9B1D012ECC2CC4F2A4.e.2659/rect - {}
RESULT: {}
COMMAND: GET /session/b82276ffbb9492990a85e43e5d9fdefc/window/rect - {}
RESULT: {}
COMMAND: POST /session/b82276ffbb9492990a85e43e5d9fdefc/execute/sync - {"script":"<script> [92 bytes]","args":[]}
RESULT: {"script":"<script> [92 bytes]","args":[]}
COMMAND: POST /session/b82276ffbb9492990a85e43e5d9fdefc/actions - {"actions":[{"id":"action7","type":"wheel","parameters":{},"actions":[{"type":"scroll","x":-1888,"y":-32,"deltaX":0,"deltaY":0,"duration":0,"origin":{"element-6066-11e4-a52e-4f735466cecf":"f.6AF3DC3554ABF6CF809F86825A1E03B6.d.E21D46C580238B9B1D012ECC2CC4F2A4.e.2659"}}]}]}
COMMAND: GET /session/b82276ffbb9492990a85e43e5d9fdefc/screenshot - {}
RESULT: {}
COMMAND: POST /session/b82276ffbb9492990a85e43e5d9fdefc/execute/sync - {"script":"<script> [79 bytes]","args":[{"element-6066-11e4-a52e-4f735466cecf":"f.6AF3DC3554ABF6CF809F86825A1E03B6.d.E21D46C580238B9B1D012ECC2CC4F2A4.e.2659","ELEMENT":"f.6AF3DC3554ABF6CF809F86825A1E03B6.d.E21D46C580238B9B1D012ECC2CC4F2A4.e.2659"},{"block":"start","inline":"nearest"}]}
RESULT: {"script":"<script> [79 bytes]","args":[{"element-6066-11e4-a52e-4f735466cecf":"f.6AF3DC3554ABF6CF809F86825A1E03B6.d.E21D46C580238B9B1D012ECC2CC4F2A4.e.2659","ELEMENT":"f.6AF3DC3554ABF6CF809F86825A1E03B6.d.E21D46C580238B9B1D012ECC2CC4F2A4.e.2659"},{"block":"start","inline":"nearest"}]}
COMMAND: POST /session/b82276ffbb9492990a85e43e5d9fdefc/execute/async - {"script":"<script> [1562 bytes]","args":[{"selector":{"id":"application-manageresources-display-component---newResourceUnit--btnAddTimeSegment","interaction":{"idSuffix":"inner"}},"wdio_ui5_key":"applicationmanageresources-display-component---newResourceUnit--btnAddTimeSegment"}]}
COMMAND: GET /session/b82276ffbb9492990a85e43e5d9fdefc/screenshot - {}
RESULT: {"script":"<script> [1562 bytes]","args":[{"selector":{"id":"application-manageresources-display-component---newResourceUnit--btnAddTimeSegment","interaction":{"idSuffix":"inner"}},"wdio_ui5_key":"applicationmanageresources-display-component---newResourceUnit--btnAddTimeSegment"}]}
RESULT: undefined
COMMAND: POST /session/b82276ffbb9492990a85e43e5d9fdefc/element - {"using":"xpath","value":"//*[@id=\"application-manageresources-display-component---newResourceUnit--btnAddTimeSegment\"]"}
RESULT: {}
RESULT: {"using":"xpath","value":"//*[@id=\"application-manageresources-display-component---newResourceUnit--btnAddTimeSegment\"]"}
COMMAND: POST /session/b82276ffbb9492990a85e43e5d9fdefc/element/f.6AF3DC3554ABF6CF809F86825A1E03B6.d.E21D46C580238B9B1D012ECC2CC4F2A4.e.2659/click - {}
RESULT: {}
COMMAND: GET /session/b82276ffbb9492990a85e43e5d9fdefc/screenshot - {}
RESULT: {}
COMMAND: POST /session/b82276ffbb9492990a85e43e5d9fdefc/element - {"using":"xpath","value":"//input[@id=\"application-manageresources-display-component---newResourceUnit--idRuTSAdmin-application-manageresources-display-component---newResourceUnit--RUTimeSegment-0-inner\"]"}
RESULT: {"using":"xpath","value":"//input[@id=\"application-manageresources-display-component---newResourceUnit--idRuTSAdmin-application-manageresources-display-component---newResourceUnit--RUTimeSegment-0-inner\"]"}
COMMAND: POST /session/b82276ffbb9492990a85e43e5d9fdefc/element/f.6AF3DC3554ABF6CF809F86825A1E03B6.d.E21D46C580238B9B1D012ECC2CC4F2A4.e.2664/clear - {}
RESULT: {}
COMMAND: POST /session/b82276ffbb9492990a85e43e5d9fdefc/element/f.6AF3DC3554ABF6CF809F86825A1E03B6.d.E21D46C580238B9B1D012ECC2CC4F2A4.e.2664/value - {"text":"629"}
COMMAND: GET /session/b82276ffbb9492990a85e43e5d9fdefc/screenshot - {}
RESULT: {"text":"629"}
COMMAND: GET /session/b82276ffbb9492990a85e43e5d9fdefc/screenshot - {}
RESULT: {}
RESULT: {}
COMMAND: POST /session/b82276ffbb9492990a85e43e5d9fdefc/element - {"using":"xpath","value":"//li[.//span[text()='629']]"}
RESULT: {"using":"xpath","value":"//li[.//span[text()='629']]"}
COMMAND: POST /session/b82276ffbb9492990a85e43e5d9fdefc/element/f.6AF3DC3554ABF6CF809F86825A1E03B6.d.E21D46C580238B9B1D012ECC2CC4F2A4.e.2675/click - {}
RESULT: {}
COMMAND: GET /session/b82276ffbb9492990a85e43e5d9fdefc/screenshot - {}
RESULT: {}
COMMAND: POST /session/b82276ffbb9492990a85e43e5d9fdefc/element - {"using":"xpath","value":"(//span[contains(@id, \"-application-manageresources-display-component---newResourceUnit--RUTimeSegment-0-arrow\")])[2]"}
RESULT: {"using":"xpath","value":"(//span[contains(@id, \"-application-manageresources-display-component---newResourceUnit--RUTimeSegment-0-arrow\")])[2]"}
COMMAND: POST /session/b82276ffbb9492990a85e43e5d9fdefc/element/f.6AF3DC3554ABF6CF809F86825A1E03B6.d.E21D46C580238B9B1D012ECC2CC4F2A4.e.2676/click - {}
RESULT: {}
COMMAND: POST /session/b82276ffbb9492990a85e43e5d9fdefc/element - {"using":"xpath","value":"//span[contains(text(), \"PM Order\")]"}
COMMAND: GET /session/b82276ffbb9492990a85e43e5d9fdefc/screenshot - {}
RESULT: {"using":"xpath","value":"//span[contains(text(), \"PM Order\")]"}
COMMAND: POST /session/b82276ffbb9492990a85e43e5d9fdefc/element/f.6AF3DC3554ABF6CF809F86825A1E03B6.d.E21D46C580238B9B1D012ECC2CC4F2A4.e.2677/click - {}
RESULT: {}
RESULT: {}
COMMAND: GET /session/b82276ffbb9492990a85e43e5d9fdefc/screenshot - {}
RESULT: {}
COMMAND: POST /session/b82276ffbb9492990a85e43e5d9fdefc/element - {"using":"xpath","value":"//td/div/div/div/span[contains(@id, \"newResourceUnit--RUTimeSegment-0-vhi\")][1]"}
RESULT: {"using":"xpath","value":"//td/div/div/div/span[contains(@id, \"newResourceUnit--RUTimeSegment-0-vhi\")][1]"}
COMMAND: GET /session/b82276ffbb9492990a85e43e5d9fdefc/element/f.6AF3DC3554ABF6CF809F86825A1E03B6.d.E21D46C580238B9B1D012ECC2CC4F2A4.e.2681/rect - {}
RESULT: {}
COMMAND: GET /session/b82276ffbb9492990a85e43e5d9fdefc/window/rect - {}
RESULT: {}
COMMAND: POST /session/b82276ffbb9492990a85e43e5d9fdefc/execute/sync - {"script":"<script> [92 bytes]","args":[]}
RESULT: {"script":"<script> [92 bytes]","args":[]}
COMMAND: POST /session/b82276ffbb9492990a85e43e5d9fdefc/actions - {"actions":[{"id":"action8","type":"wheel","parameters":{},"actions":[{"type":"scroll","x":-1888,"y":-24,"deltaX":0,"deltaY":0,"duration":0,"origin":{"element-6066-11e4-a52e-4f735466cecf":"f.6AF3DC3554ABF6CF809F86825A1E03B6.d.E21D46C580238B9B1D012ECC2CC4F2A4.e.2681"}}]}]}
COMMAND: GET /session/b82276ffbb9492990a85e43e5d9fdefc/screenshot - {}
RESULT: {}
COMMAND: POST /session/b82276ffbb9492990a85e43e5d9fdefc/execute/sync - {"script":"<script> [79 bytes]","args":[{"element-6066-11e4-a52e-4f735466cecf":"f.6AF3DC3554ABF6CF809F86825A1E03B6.d.E21D46C580238B9B1D012ECC2CC4F2A4.e.2681","ELEMENT":"f.6AF3DC3554ABF6CF809F86825A1E03B6.d.E21D46C580238B9B1D012ECC2CC4F2A4.e.2681"},{"block":"start","inline":"nearest"}]}
RESULT: {"script":"<script> [79 bytes]","args":[{"element-6066-11e4-a52e-4f735466cecf":"f.6AF3DC3554ABF6CF809F86825A1E03B6.d.E21D46C580238B9B1D012ECC2CC4F2A4.e.2681","ELEMENT":"f.6AF3DC3554ABF6CF809F86825A1E03B6.d.E21D46C580238B9B1D012ECC2CC4F2A4.e.2681"},{"block":"start","inline":"nearest"}]}
COMMAND: GET /session/b82276ffbb9492990a85e43e5d9fdefc/screenshot - {}
RESULT: {}
COMMAND: POST /session/b82276ffbb9492990a85e43e5d9fdefc/element/f.6AF3DC3554ABF6CF809F86825A1E03B6.d.E21D46C580238B9B1D012ECC2CC4F2A4.e.2681/click - {}
RESULT: {}
COMMAND: GET /session/b82276ffbb9492990a85e43e5d9fdefc/screenshot - {}
RESULT: {}
COMMAND: POST /session/b82276ffbb9492990a85e43e5d9fdefc/execute/async - {"script":"<script> [1562 bytes]","args":[{"selector":{"controlType":"sap.m.SearchField","properties":{"placeholder":"Search"},"searchOpenDialogs":true,"interaction":{"idSuffix":"I"}},"wdio_ui5_key":"sapm.SearchField{\"placeholder\":\"Search\"}"}]}
RESULT: {"script":"<script> [1562 bytes]","args":[{"selector":{"controlType":"sap.m.SearchField","properties":{"placeholder":"Search"},"searchOpenDialogs":true,"interaction":{"idSuffix":"I"}},"wdio_ui5_key":"sapm.SearchField{\"placeholder\":\"Search\"}"}]}
RESULT: undefined
COMMAND: POST /session/b82276ffbb9492990a85e43e5d9fdefc/execute/async - {"script":"<script> [776 bytes]","args":[{"enterText":"4000360","selector":{"controlType":"sap.m.SearchField","properties":{"placeholder":"Search"},"searchOpenDialogs":true,"interaction":{"idSuffix":"I"}},"clearTextFirst":true,"interactionType":"ENTER_TEXT"}]}
RESULT: {"script":"<script> [776 bytes]","args":[{"enterText":"4000360","selector":{"controlType":"sap.m.SearchField","properties":{"placeholder":"Search"},"searchOpenDialogs":true,"interaction":{"idSuffix":"I"}},"clearTextFirst":true,"interactionType":"ENTER_TEXT"}]}
COMMAND: POST /session/b82276ffbb9492990a85e43e5d9fdefc/actions - {"actions":[{"id":"action9","type":"key","parameters":{},"actions":[{"type":"keyDown","value":""},{"type":"pause","duration":10},{"type":"keyUp","value":""}]}]}
RESULT: {"actions":[{"id":"action9","type":"key","parameters":{},"actions":[{"type":"keyDown","value":""},{"type":"pause","duration":10},{"type":"keyUp","value":""}]}]}
COMMAND: GET /session/b82276ffbb9492990a85e43e5d9fdefc/screenshot - {}
RESULT: {}
COMMAND: POST /session/b82276ffbb9492990a85e43e5d9fdefc/element - {"using":"xpath","value":"//td/div/span[contains(text(), \"BGL Vehicles\")]"}
RESULT: {"using":"xpath","value":"//td/div/span[contains(text(), \"BGL Vehicles\")]"}
COMMAND: POST /session/b82276ffbb9492990a85e43e5d9fdefc/element/f.6AF3DC3554ABF6CF809F86825A1E03B6.d.E21D46C580238B9B1D012ECC2CC4F2A4.e.2702/click - {}
RESULT: {}
COMMAND: GET /session/b82276ffbb9492990a85e43e5d9fdefc/screenshot - {}
RESULT: {}
COMMAND: POST /session/b82276ffbb9492990a85e43e5d9fdefc/element - {"using":"xpath","value":"//bdi[contains(text(), \"OK\")]"}
RESULT: {"using":"xpath","value":"//bdi[contains(text(), \"OK\")]"}
COMMAND: POST /session/b82276ffbb9492990a85e43e5d9fdefc/element/f.6AF3DC3554ABF6CF809F86825A1E03B6.d.E21D46C580238B9B1D012ECC2CC4F2A4.e.2703/click - {}
RESULT: {}
COMMAND: GET /session/b82276ffbb9492990a85e43e5d9fdefc/screenshot - {}
RESULT: {}
COMMAND: POST /session/b82276ffbb9492990a85e43e5d9fdefc/element - {"using":"xpath","value":"//label[contains(@class, 'sapMLabelRequired') and .//bdi[contains(text(), 'Planned Retirement')]]"}
RESULT: {"using":"xpath","value":"//label[contains(@class, 'sapMLabelRequired') and .//bdi[contains(text(), 'Planned Retirement')]]"}
COMMAND: POST /session/b82276ffbb9492990a85e43e5d9fdefc/elements - {"using":"xpath","value":"//label[contains(@class, 'sapMLabelRequired') and .//bdi[contains(text(), 'Planned Retirement')]]"}
RESULT: {"using":"xpath","value":"//label[contains(@class, 'sapMLabelRequired') and .//bdi[contains(text(), 'Planned Retirement')]]"}
COMMAND: POST /session/b82276ffbb9492990a85e43e5d9fdefc/element - {"using":"xpath","value":"//button[@data-kt=\"resourceUnitSaveButton\"]"}
RESULT: {"using":"xpath","value":"//button[@data-kt=\"resourceUnitSaveButton\"]"}
COMMAND: POST /session/b82276ffbb9492990a85e43e5d9fdefc/element/f.6AF3DC3554ABF6CF809F86825A1E03B6.d.E21D46C580238B9B1D012ECC2CC4F2A4.e.2604/click - {}
RESULT: {}
COMMAND: GET /session/b82276ffbb9492990a85e43e5d9fdefc/screenshot - {}
RESULT: {}
COMMAND: POST /session/b82276ffbb9492990a85e43e5d9fdefc/element - {"using":"xpath","value":"//bdi[contains(text(), \"Close\")]"}
RESULT: {"using":"xpath","value":"//bdi[contains(text(), \"Close\")]"}
COMMAND: POST /session/b82276ffbb9492990a85e43e5d9fdefc/element/f.6AF3DC3554ABF6CF809F86825A1E03B6.d.E21D46C580238B9B1D012ECC2CC4F2A4.e.2709/click - {}
RESULT: {}
COMMAND: GET /session/b82276ffbb9492990a85e43e5d9fdefc/screenshot - {}
RESULT: {}
COMMAND: POST /session/b82276ffbb9492990a85e43e5d9fdefc/element - {"using":"xpath","value":"//header[contains(@id, 'detailRruPage-headerTitle')]/div[1]/div[2]/div[2]/span[1]"}
RESULT: {"using":"xpath","value":"//header[contains(@id, 'detailRruPage-headerTitle')]/div[1]/div[2]/div[2]/span[1]"}
COMMAND: POST /session/b82276ffbb9492990a85e43e5d9fdefc/elements - {"using":"xpath","value":"//header[contains(@id, 'detailRruPage-headerTitle')]/div[1]/div[2]/div[2]/span[1]"}
RESULT: {"using":"xpath","value":"//header[contains(@id, 'detailRruPage-headerTitle')]/div[1]/div[2]/div[2]/span[1]"}
COMMAND: POST /session/b82276ffbb9492990a85e43e5d9fdefc/execute/sync - {"script":"<script> [56 bytes]","args":[{"element-6066-11e4-a52e-4f735466cecf":"f.6AF3DC3554ABF6CF809F86825A1E03B6.d.E21D46C580238B9B1D012ECC2CC4F2A4.e.2743","ELEMENT":"f.6AF3DC3554ABF6CF809F86825A1E03B6.d.E21D46C580238B9B1D012ECC2CC4F2A4.e.2743"}]}
RESULT: {"script":"<script> [56 bytes]","args":[{"element-6066-11e4-a52e-4f735466cecf":"f.6AF3DC3554ABF6CF809F86825A1E03B6.d.E21D46C580238B9B1D012ECC2CC4F2A4.e.2743","ELEMENT":"f.6AF3DC3554ABF6CF809F86825A1E03B6.d.E21D46C580238B9B1D012ECC2CC4F2A4.e.2743"}]}
COMMAND: POST /session/b82276ffbb9492990a85e43e5d9fdefc/element - {"using":"css selector","value":"#shell-header-logo"}
COMMAND: GET /session/b82276ffbb9492990a85e43e5d9fdefc/screenshot - {}
RESULT: {"using":"css selector","value":"#shell-header-logo"}
COMMAND: POST /session/b82276ffbb9492990a85e43e5d9fdefc/element/f.6AF3DC3554ABF6CF809F86825A1E03B6.d.E21D46C580238B9B1D012ECC2CC4F2A4.e.2194/click - {}
RESULT: {}
RESULT: {}
COMMAND: GET /session/b82276ffbb9492990a85e43e5d9fdefc/screenshot - {}
RESULT: {}
]]></system-out>
    </testcase>
    <testcase classname="chrome.136_0_7103_93.windows.Create_masterdata_for_Yard_Overview_-_trigger_provide_US130988" name="Should do a stock increase handover" time="103.473">
      <system-out><![CDATA[
COMMAND: POST /session/b82276ffbb9492990a85e43e5d9fdefc/execute/async - {"script":"<script> [1562 bytes]","args":[{"selector":{"controlType":"sap.m.GenericTile","properties":{"header":"Manage Handovers"}},"wdio_ui5_key":"sapm.GenericTile{\"header\":\"Manage Handovers\"}"}]}
RESULT: {"script":"<script> [1562 bytes]","args":[{"selector":{"controlType":"sap.m.GenericTile","properties":{"header":"Manage Handovers"}},"wdio_ui5_key":"sapm.GenericTile{\"header\":\"Manage Handovers\"}"}]}
RESULT: undefined
COMMAND: POST /session/b82276ffbb9492990a85e43e5d9fdefc/element - {"using":"xpath","value":"//*[@id=\"__tile132\"]"}
RESULT: {"using":"xpath","value":"//*[@id=\"__tile132\"]"}
COMMAND: POST /session/b82276ffbb9492990a85e43e5d9fdefc/element/f.6AF3DC3554ABF6CF809F86825A1E03B6.d.E21D46C580238B9B1D012ECC2CC4F2A4.e.2143/click - {}
RESULT: {}
COMMAND: GET /session/b82276ffbb9492990a85e43e5d9fdefc/screenshot - {}
RESULT: {}
COMMAND: POST /session/b82276ffbb9492990a85e43e5d9fdefc/elements - {"using":"xpath","value":"//span[text()='Error']"}
RESULT: {"using":"xpath","value":"//span[text()='Error']"}
COMMAND: POST /session/b82276ffbb9492990a85e43e5d9fdefc/element - {"using":"xpath","value":"//button[@data-kt=\"masterHOAddButton\"]"}
RESULT: {"using":"xpath","value":"//button[@data-kt=\"masterHOAddButton\"]"}
COMMAND: POST /session/b82276ffbb9492990a85e43e5d9fdefc/elements - {"using":"xpath","value":"//button[@data-kt=\"masterHOAddButton\"]"}
RESULT: {"using":"xpath","value":"//button[@data-kt=\"masterHOAddButton\"]"}
COMMAND: POST /session/b82276ffbb9492990a85e43e5d9fdefc/execute/sync - {"script":"<script> [8489 bytes]","args":[{"element-6066-11e4-a52e-4f735466cecf":"f.6AF3DC3554ABF6CF809F86825A1E03B6.d.E21D46C580238B9B1D012ECC2CC4F2A4.e.2784","ELEMENT":"f.6AF3DC3554ABF6CF809F86825A1E03B6.d.E21D46C580238B9B1D012ECC2CC4F2A4.e.2784"}]}
RESULT: {"script":"<script> [8489 bytes]","args":[{"element-6066-11e4-a52e-4f735466cecf":"f.6AF3DC3554ABF6CF809F86825A1E03B6.d.E21D46C580238B9B1D012ECC2CC4F2A4.e.2784","ELEMENT":"f.6AF3DC3554ABF6CF809F86825A1E03B6.d.E21D46C580238B9B1D012ECC2CC4F2A4.e.2784"}]}
COMMAND: GET /session/b82276ffbb9492990a85e43e5d9fdefc/element/f.6AF3DC3554ABF6CF809F86825A1E03B6.d.E21D46C580238B9B1D012ECC2CC4F2A4.e.2784/enabled - {}
COMMAND: GET /session/b82276ffbb9492990a85e43e5d9fdefc/screenshot - {}
RESULT: {}
COMMAND: POST /session/b82276ffbb9492990a85e43e5d9fdefc/execute/sync - {"script":"<script> [8489 bytes]","args":[{"element-6066-11e4-a52e-4f735466cecf":"f.6AF3DC3554ABF6CF809F86825A1E03B6.d.E21D46C580238B9B1D012ECC2CC4F2A4.e.2784","ELEMENT":"f.6AF3DC3554ABF6CF809F86825A1E03B6.d.E21D46C580238B9B1D012ECC2CC4F2A4.e.2784"}]}
COMMAND: GET /session/b82276ffbb9492990a85e43e5d9fdefc/screenshot - {}
RESULT: {}
RESULT: {"script":"<script> [8489 bytes]","args":[{"element-6066-11e4-a52e-4f735466cecf":"f.6AF3DC3554ABF6CF809F86825A1E03B6.d.E21D46C580238B9B1D012ECC2CC4F2A4.e.2784","ELEMENT":"f.6AF3DC3554ABF6CF809F86825A1E03B6.d.E21D46C580238B9B1D012ECC2CC4F2A4.e.2784"}]}
COMMAND: POST /session/b82276ffbb9492990a85e43e5d9fdefc/execute/sync - {"script":"<script> [5351 bytes]","args":[{"element-6066-11e4-a52e-4f735466cecf":"f.6AF3DC3554ABF6CF809F86825A1E03B6.d.E21D46C580238B9B1D012ECC2CC4F2A4.e.2784","ELEMENT":"f.6AF3DC3554ABF6CF809F86825A1E03B6.d.E21D46C580238B9B1D012ECC2CC4F2A4.e.2784"}]}
COMMAND: GET /session/b82276ffbb9492990a85e43e5d9fdefc/screenshot - {}
RESULT: {}
RESULT: {"script":"<script> [5351 bytes]","args":[{"element-6066-11e4-a52e-4f735466cecf":"f.6AF3DC3554ABF6CF809F86825A1E03B6.d.E21D46C580238B9B1D012ECC2CC4F2A4.e.2784","ELEMENT":"f.6AF3DC3554ABF6CF809F86825A1E03B6.d.E21D46C580238B9B1D012ECC2CC4F2A4.e.2784"}]}
COMMAND: POST /session/b82276ffbb9492990a85e43e5d9fdefc/element/f.6AF3DC3554ABF6CF809F86825A1E03B6.d.E21D46C580238B9B1D012ECC2CC4F2A4.e.2784/click - {}
COMMAND: GET /session/b82276ffbb9492990a85e43e5d9fdefc/screenshot - {}
RESULT: {}
RESULT: {}
COMMAND: GET /session/b82276ffbb9492990a85e43e5d9fdefc/screenshot - {}
COMMAND: POST /session/b82276ffbb9492990a85e43e5d9fdefc/element - {"using":"xpath","value":"//span[contains(@id ,\"AddNewHO--typeSelect-arrow\")]"}
RESULT: {}
RESULT: {}
RESULT: {"using":"xpath","value":"//span[contains(@id ,\"AddNewHO--typeSelect-arrow\")]"}
COMMAND: POST /session/b82276ffbb9492990a85e43e5d9fdefc/element/f.6AF3DC3554ABF6CF809F86825A1E03B6.d.E21D46C580238B9B1D012ECC2CC4F2A4.e.3120/click - {}
RESULT: {}
COMMAND: GET /session/b82276ffbb9492990a85e43e5d9fdefc/screenshot - {}
RESULT: {}
COMMAND: POST /session/b82276ffbb9492990a85e43e5d9fdefc/element - {"using":"xpath","value":"(//li[contains(text(), \"stock increase yard\")])[1]"}
RESULT: {"using":"xpath","value":"(//li[contains(text(), \"stock increase yard\")])[1]"}
COMMAND: POST /session/b82276ffbb9492990a85e43e5d9fdefc/element/f.6AF3DC3554ABF6CF809F86825A1E03B6.d.E21D46C580238B9B1D012ECC2CC4F2A4.e.3121/click - {}
RESULT: {}
COMMAND: GET /session/b82276ffbb9492990a85e43e5d9fdefc/screenshot - {}
RESULT: {}
COMMAND: POST /session/b82276ffbb9492990a85e43e5d9fdefc/execute/async - {"script":"<script> [1562 bytes]","args":[{"selector":{"id":"application-managehandovers-display-component---AddNewHO--dueDate","interaction":{"idSuffix":"inner"}},"wdio_ui5_key":"applicationmanagehandovers-display-component---AddNewHO--dueDate"}]}
RESULT: {"script":"<script> [1562 bytes]","args":[{"selector":{"id":"application-managehandovers-display-component---AddNewHO--dueDate","interaction":{"idSuffix":"inner"}},"wdio_ui5_key":"applicationmanagehandovers-display-component---AddNewHO--dueDate"}]}
RESULT: undefined
COMMAND: POST /session/b82276ffbb9492990a85e43e5d9fdefc/execute/async - {"script":"<script> [6424 bytes]","args":[{"element-6066-11e4-a52e-4f735466cecf":"f.6AF3DC3554ABF6CF809F86825A1E03B6.d.E21D46C580238B9B1D012ECC2CC4F2A4.e.3125"},"setValue",["5/21/25"]]}
RESULT: {"script":"<script> [6424 bytes]","args":[{"element-6066-11e4-a52e-4f735466cecf":"f.6AF3DC3554ABF6CF809F86825A1E03B6.d.E21D46C580238B9B1D012ECC2CC4F2A4.e.3125"},"setValue",["5/21/25"]]}
COMMAND: POST /session/b82276ffbb9492990a85e43e5d9fdefc/element - {"using":"xpath","value":"//input[@id=\"generalSectionFrg--receiveYard-inner\"]"}
RESULT: {"using":"xpath","value":"//input[@id=\"generalSectionFrg--receiveYard-inner\"]"}
COMMAND: POST /session/b82276ffbb9492990a85e43e5d9fdefc/element/f.6AF3DC3554ABF6CF809F86825A1E03B6.d.E21D46C580238B9B1D012ECC2CC4F2A4.e.3129/clear - {}
RESULT: {}
COMMAND: POST /session/b82276ffbb9492990a85e43e5d9fdefc/element/f.6AF3DC3554ABF6CF809F86825A1E03B6.d.E21D46C580238B9B1D012ECC2CC4F2A4.e.3129/value - {"text":"629"}
COMMAND: GET /session/b82276ffbb9492990a85e43e5d9fdefc/screenshot - {}
RESULT: {"text":"629"}
COMMAND: GET /session/b82276ffbb9492990a85e43e5d9fdefc/screenshot - {}
RESULT: {}
RESULT: {}
COMMAND: POST /session/b82276ffbb9492990a85e43e5d9fdefc/element - {"using":"xpath","value":"//li[.//span[text()='629']]"}
RESULT: {"using":"xpath","value":"//li[.//span[text()='629']]"}
COMMAND: POST /session/b82276ffbb9492990a85e43e5d9fdefc/element/f.6AF3DC3554ABF6CF809F86825A1E03B6.d.E21D46C580238B9B1D012ECC2CC4F2A4.e.3143/click - {}
RESULT: {}
COMMAND: GET /session/b82276ffbb9492990a85e43e5d9fdefc/screenshot - {}
RESULT: {}
COMMAND: POST /session/b82276ffbb9492990a85e43e5d9fdefc/execute/async - {"script":"<script> [1562 bytes]","args":[{"selector":{"id":"application-managehandovers-display-component---AddNewHO--ObjectPageLayout-anchBar-application-managehandovers-display-component---AddNewHO--section4-anchor","interaction":{"idSuffix":"BDI-content"}},"wdio_ui5_key":"applicationmanagehandovers-display-component---AddNewHO--ObjectPageLayout-anchBar-application-managehandovers-display-component---AddNewHO--section4-anchor"}]}
RESULT: {"script":"<script> [1562 bytes]","args":[{"selector":{"id":"application-managehandovers-display-component---AddNewHO--ObjectPageLayout-anchBar-application-managehandovers-display-component---AddNewHO--section4-anchor","interaction":{"idSuffix":"BDI-content"}},"wdio_ui5_key":"applicationmanagehandovers-display-component---AddNewHO--ObjectPageLayout-anchBar-application-managehandovers-display-component---AddNewHO--section4-anchor"}]}
RESULT: undefined
COMMAND: POST /session/b82276ffbb9492990a85e43e5d9fdefc/element - {"using":"xpath","value":"//*[@id=\"application-managehandovers-display-component---AddNewHO--ObjectPageLayout-anchBar-application-managehandovers-display-component---AddNewHO--section4-anchor\"]"}
RESULT: {"using":"xpath","value":"//*[@id=\"application-managehandovers-display-component---AddNewHO--ObjectPageLayout-anchBar-application-managehandovers-display-component---AddNewHO--section4-anchor\"]"}
COMMAND: POST /session/b82276ffbb9492990a85e43e5d9fdefc/element/f.6AF3DC3554ABF6CF809F86825A1E03B6.d.E21D46C580238B9B1D012ECC2CC4F2A4.e.3145/click - {}
RESULT: {}
COMMAND: POST /session/b82276ffbb9492990a85e43e5d9fdefc/element - {"using":"xpath","value":"//button[@aria-label=\"Add\"]"}
COMMAND: GET /session/b82276ffbb9492990a85e43e5d9fdefc/screenshot - {}
RESULT: {"using":"xpath","value":"//button[@aria-label=\"Add\"]"}
COMMAND: POST /session/b82276ffbb9492990a85e43e5d9fdefc/element/f.6AF3DC3554ABF6CF809F86825A1E03B6.d.E21D46C580238B9B1D012ECC2CC4F2A4.e.3147/click - {}
RESULT: {}
RESULT: {}
COMMAND: GET /session/b82276ffbb9492990a85e43e5d9fdefc/screenshot - {}
RESULT: {}
COMMAND: POST /session/b82276ffbb9492990a85e43e5d9fdefc/execute/async - {"script":"<script> [1562 bytes]","args":[{"selector":{"id":"application-managehandovers-display-component---AddNewHO--smartFilterBar-btnBasicSearch","searchOpenDialogs":true,"interaction":{"idSuffix":"I"}},"wdio_ui5_key":"applicationmanagehandovers-display-component---AddNewHO--smartFilterBar-btnBasicSearch"}]}
RESULT: {"script":"<script> [1562 bytes]","args":[{"selector":{"id":"application-managehandovers-display-component---AddNewHO--smartFilterBar-btnBasicSearch","searchOpenDialogs":true,"interaction":{"idSuffix":"I"}},"wdio_ui5_key":"applicationmanagehandovers-display-component---AddNewHO--smartFilterBar-btnBasicSearch"}]}
RESULT: undefined
COMMAND: POST /session/b82276ffbb9492990a85e43e5d9fdefc/execute/async - {"script":"<script> [776 bytes]","args":[{"enterText":"200374","selector":{"id":"application-managehandovers-display-component---AddNewHO--smartFilterBar-btnBasicSearch","searchOpenDialogs":true,"interaction":{"idSuffix":"I"}},"clearTextFirst":true,"interactionType":"ENTER_TEXT"}]}
RESULT: {"script":"<script> [776 bytes]","args":[{"enterText":"200374","selector":{"id":"application-managehandovers-display-component---AddNewHO--smartFilterBar-btnBasicSearch","searchOpenDialogs":true,"interaction":{"idSuffix":"I"}},"clearTextFirst":true,"interactionType":"ENTER_TEXT"}]}
COMMAND: POST /session/b82276ffbb9492990a85e43e5d9fdefc/actions - {"actions":[{"id":"action10","type":"key","parameters":{},"actions":[{"type":"keyDown","value":""},{"type":"pause","duration":10},{"type":"keyUp","value":""}]}]}
RESULT: {"actions":[{"id":"action10","type":"key","parameters":{},"actions":[{"type":"keyDown","value":""},{"type":"pause","duration":10},{"type":"keyUp","value":""}]}]}
COMMAND: GET /session/b82276ffbb9492990a85e43e5d9fdefc/screenshot - {}
RESULT: {}
COMMAND: POST /session/b82276ffbb9492990a85e43e5d9fdefc/execute/async - {"script":"<script> [1562 bytes]","args":[{"selector":{"id":"application-managehandovers-display-component---AddNewHO--popup-sa","searchOpenDialogs":true,"interaction":{"idSuffix":"CbBg"}},"wdio_ui5_key":"applicationmanagehandovers-display-component---AddNewHO--popup-sa"}]}
RESULT: {"script":"<script> [1562 bytes]","args":[{"selector":{"id":"application-managehandovers-display-component---AddNewHO--popup-sa","searchOpenDialogs":true,"interaction":{"idSuffix":"CbBg"}},"wdio_ui5_key":"applicationmanagehandovers-display-component---AddNewHO--popup-sa"}]}
RESULT: undefined
COMMAND: POST /session/b82276ffbb9492990a85e43e5d9fdefc/element - {"using":"xpath","value":"//*[@id=\"application-managehandovers-display-component---AddNewHO--popup-sa\"]"}
RESULT: {"using":"xpath","value":"//*[@id=\"application-managehandovers-display-component---AddNewHO--popup-sa\"]"}
COMMAND: POST /session/b82276ffbb9492990a85e43e5d9fdefc/element/f.6AF3DC3554ABF6CF809F86825A1E03B6.d.E21D46C580238B9B1D012ECC2CC4F2A4.e.3302/click - {}
RESULT: {}
COMMAND: GET /session/b82276ffbb9492990a85e43e5d9fdefc/screenshot - {}
RESULT: {}
COMMAND: POST /session/b82276ffbb9492990a85e43e5d9fdefc/element - {"using":"xpath","value":"//bdi[contains(text(), \"Select\")]"}
RESULT: {"using":"xpath","value":"//bdi[contains(text(), \"Select\")]"}
COMMAND: POST /session/b82276ffbb9492990a85e43e5d9fdefc/element/f.6AF3DC3554ABF6CF809F86825A1E03B6.d.E21D46C580238B9B1D012ECC2CC4F2A4.e.3303/click - {}
RESULT: {}
COMMAND: GET /session/b82276ffbb9492990a85e43e5d9fdefc/screenshot - {}
RESULT: {}
COMMAND: POST /session/b82276ffbb9492990a85e43e5d9fdefc/element - {"using":"xpath","value":"//button[@data-kt=\"AddNewHOSaveButton\"]"}
RESULT: {"using":"xpath","value":"//button[@data-kt=\"AddNewHOSaveButton\"]"}
COMMAND: POST /session/b82276ffbb9492990a85e43e5d9fdefc/element/f.6AF3DC3554ABF6CF809F86825A1E03B6.d.E21D46C580238B9B1D012ECC2CC4F2A4.e.3307/click - {}
RESULT: {}
COMMAND: GET /session/b82276ffbb9492990a85e43e5d9fdefc/screenshot - {}
RESULT: {}
COMMAND: POST /session/b82276ffbb9492990a85e43e5d9fdefc/execute/async - {"script":"<script> [1562 bytes]","args":[{"selector":{"id":"receiptDatePicker","viewName":"etm.portal.ui.managehandovers.view.DetailExecuteHO","interaction":{"idSuffix":"inner"}},"wdio_ui5_key":"receiptDatePickeretmportal.ui.managehandovers.view.DetailExecuteHO"}]}
RESULT: {"script":"<script> [1562 bytes]","args":[{"selector":{"id":"receiptDatePicker","viewName":"etm.portal.ui.managehandovers.view.DetailExecuteHO","interaction":{"idSuffix":"inner"}},"wdio_ui5_key":"receiptDatePickeretmportal.ui.managehandovers.view.DetailExecuteHO"}]}
RESULT: undefined
COMMAND: POST /session/b82276ffbb9492990a85e43e5d9fdefc/execute/async - {"script":"<script> [6424 bytes]","args":[{"element-6066-11e4-a52e-4f735466cecf":"f.6AF3DC3554ABF6CF809F86825A1E03B6.d.E21D46C580238B9B1D012ECC2CC4F2A4.e.3327"},"setValue",["5/21/25"]]}
RESULT: {"script":"<script> [6424 bytes]","args":[{"element-6066-11e4-a52e-4f735466cecf":"f.6AF3DC3554ABF6CF809F86825A1E03B6.d.E21D46C580238B9B1D012ECC2CC4F2A4.e.3327"},"setValue",["5/21/25"]]}
COMMAND: POST /session/b82276ffbb9492990a85e43e5d9fdefc/element - {"using":"xpath","value":"//button[@data-kt=\"PickingTableConfirmAllButton\"]"}
RESULT: {"using":"xpath","value":"//button[@data-kt=\"PickingTableConfirmAllButton\"]"}
COMMAND: POST /session/b82276ffbb9492990a85e43e5d9fdefc/element/f.6AF3DC3554ABF6CF809F86825A1E03B6.d.E21D46C580238B9B1D012ECC2CC4F2A4.e.3342/click - {}
RESULT: {}
COMMAND: GET /session/b82276ffbb9492990a85e43e5d9fdefc/screenshot - {}
RESULT: {}
COMMAND: POST /session/b82276ffbb9492990a85e43e5d9fdefc/element - {"using":"xpath","value":"//bdi[contains(text(), \"OK\")]"}
RESULT: {"using":"xpath","value":"//bdi[contains(text(), \"OK\")]"}
COMMAND: POST /session/b82276ffbb9492990a85e43e5d9fdefc/element/f.6AF3DC3554ABF6CF809F86825A1E03B6.d.E21D46C580238B9B1D012ECC2CC4F2A4.e.3344/click - {}
RESULT: {}
COMMAND: GET /session/b82276ffbb9492990a85e43e5d9fdefc/screenshot - {}
RESULT: {}
COMMAND: POST /session/b82276ffbb9492990a85e43e5d9fdefc/element - {"using":"xpath","value":"(//bdi[contains(text(), \"Receive\")])[2]"}
RESULT: {"using":"xpath","value":"(//bdi[contains(text(), \"Receive\")])[2]"}
COMMAND: POST /session/b82276ffbb9492990a85e43e5d9fdefc/element/f.6AF3DC3554ABF6CF809F86825A1E03B6.d.E21D46C580238B9B1D012ECC2CC4F2A4.e.3346/click - {}
RESULT: {}
COMMAND: GET /session/b82276ffbb9492990a85e43e5d9fdefc/screenshot - {}
RESULT: {}
COMMAND: POST /session/b82276ffbb9492990a85e43e5d9fdefc/element - {"using":"css selector","value":"#shell-header-logo"}
RESULT: {"using":"css selector","value":"#shell-header-logo"}
COMMAND: POST /session/b82276ffbb9492990a85e43e5d9fdefc/element/f.6AF3DC3554ABF6CF809F86825A1E03B6.d.E21D46C580238B9B1D012ECC2CC4F2A4.e.2747/click - {}
RESULT: {}
COMMAND: GET /session/b82276ffbb9492990a85e43e5d9fdefc/screenshot - {}
RESULT: {}
]]></system-out>
    </testcase>
    <testcase classname="chrome.136_0_7103_93.windows.Create_masterdata_for_Yard_Overview_-_trigger_provide_US130988" name="Should create a new contract" time="70.084">
      <system-out><![CDATA[
COMMAND: POST /session/b82276ffbb9492990a85e43e5d9fdefc/execute/async - {"script":"<script> [1562 bytes]","args":[{"selector":{"controlType":"sap.m.GenericTile","properties":{"header":"Manage Contracts"}},"wdio_ui5_key":"sapm.GenericTile{\"header\":\"Manage Contracts\"}"}]}
RESULT: {"script":"<script> [1562 bytes]","args":[{"selector":{"controlType":"sap.m.GenericTile","properties":{"header":"Manage Contracts"}},"wdio_ui5_key":"sapm.GenericTile{\"header\":\"Manage Contracts\"}"}]}
RESULT: undefined
COMMAND: POST /session/b82276ffbb9492990a85e43e5d9fdefc/element - {"using":"xpath","value":"//*[@id=\"__tile130\"]"}
RESULT: {"using":"xpath","value":"//*[@id=\"__tile130\"]"}
COMMAND: POST /session/b82276ffbb9492990a85e43e5d9fdefc/element/f.6AF3DC3554ABF6CF809F86825A1E03B6.d.E21D46C580238B9B1D012ECC2CC4F2A4.e.2132/click - {}
RESULT: {}
COMMAND: GET /session/b82276ffbb9492990a85e43e5d9fdefc/screenshot - {}
RESULT: {}
COMMAND: POST /session/b82276ffbb9492990a85e43e5d9fdefc/elements - {"using":"xpath","value":"//span[text()='Error']"}
RESULT: {"using":"xpath","value":"//span[text()='Error']"}
COMMAND: POST /session/b82276ffbb9492990a85e43e5d9fdefc/element - {"using":"xpath","value":"//button[@data-kt=\"addButton\"]"}
RESULT: {"using":"xpath","value":"//button[@data-kt=\"addButton\"]"}
COMMAND: POST /session/b82276ffbb9492990a85e43e5d9fdefc/elements - {"using":"xpath","value":"//button[@data-kt=\"addButton\"]"}
RESULT: {"using":"xpath","value":"//button[@data-kt=\"addButton\"]"}
COMMAND: POST /session/b82276ffbb9492990a85e43e5d9fdefc/execute/sync - {"script":"<script> [8489 bytes]","args":[{"element-6066-11e4-a52e-4f735466cecf":"f.6AF3DC3554ABF6CF809F86825A1E03B6.d.E21D46C580238B9B1D012ECC2CC4F2A4.e.3565","ELEMENT":"f.6AF3DC3554ABF6CF809F86825A1E03B6.d.E21D46C580238B9B1D012ECC2CC4F2A4.e.3565"}]}
RESULT: {"script":"<script> [8489 bytes]","args":[{"element-6066-11e4-a52e-4f735466cecf":"f.6AF3DC3554ABF6CF809F86825A1E03B6.d.E21D46C580238B9B1D012ECC2CC4F2A4.e.3565","ELEMENT":"f.6AF3DC3554ABF6CF809F86825A1E03B6.d.E21D46C580238B9B1D012ECC2CC4F2A4.e.3565"}]}
COMMAND: GET /session/b82276ffbb9492990a85e43e5d9fdefc/element/f.6AF3DC3554ABF6CF809F86825A1E03B6.d.E21D46C580238B9B1D012ECC2CC4F2A4.e.3565/enabled - {}
COMMAND: GET /session/b82276ffbb9492990a85e43e5d9fdefc/screenshot - {}
RESULT: {}
COMMAND: POST /session/b82276ffbb9492990a85e43e5d9fdefc/execute/sync - {"script":"<script> [8489 bytes]","args":[{"element-6066-11e4-a52e-4f735466cecf":"f.6AF3DC3554ABF6CF809F86825A1E03B6.d.E21D46C580238B9B1D012ECC2CC4F2A4.e.3565","ELEMENT":"f.6AF3DC3554ABF6CF809F86825A1E03B6.d.E21D46C580238B9B1D012ECC2CC4F2A4.e.3565"}]}
COMMAND: GET /session/b82276ffbb9492990a85e43e5d9fdefc/screenshot - {}
RESULT: {}
RESULT: {"script":"<script> [8489 bytes]","args":[{"element-6066-11e4-a52e-4f735466cecf":"f.6AF3DC3554ABF6CF809F86825A1E03B6.d.E21D46C580238B9B1D012ECC2CC4F2A4.e.3565","ELEMENT":"f.6AF3DC3554ABF6CF809F86825A1E03B6.d.E21D46C580238B9B1D012ECC2CC4F2A4.e.3565"}]}
COMMAND: POST /session/b82276ffbb9492990a85e43e5d9fdefc/execute/sync - {"script":"<script> [5351 bytes]","args":[{"element-6066-11e4-a52e-4f735466cecf":"f.6AF3DC3554ABF6CF809F86825A1E03B6.d.E21D46C580238B9B1D012ECC2CC4F2A4.e.3565","ELEMENT":"f.6AF3DC3554ABF6CF809F86825A1E03B6.d.E21D46C580238B9B1D012ECC2CC4F2A4.e.3565"}]}
COMMAND: GET /session/b82276ffbb9492990a85e43e5d9fdefc/screenshot - {}
RESULT: {}
RESULT: {"script":"<script> [5351 bytes]","args":[{"element-6066-11e4-a52e-4f735466cecf":"f.6AF3DC3554ABF6CF809F86825A1E03B6.d.E21D46C580238B9B1D012ECC2CC4F2A4.e.3565","ELEMENT":"f.6AF3DC3554ABF6CF809F86825A1E03B6.d.E21D46C580238B9B1D012ECC2CC4F2A4.e.3565"}]}
COMMAND: GET /session/b82276ffbb9492990a85e43e5d9fdefc/screenshot - {}
RESULT: {}
RESULT: {}
COMMAND: POST /session/b82276ffbb9492990a85e43e5d9fdefc/element/f.6AF3DC3554ABF6CF809F86825A1E03B6.d.E21D46C580238B9B1D012ECC2CC4F2A4.e.3565/click - {}
RESULT: {}
COMMAND: GET /session/b82276ffbb9492990a85e43e5d9fdefc/screenshot - {}
RESULT: {}
COMMAND: POST /session/b82276ffbb9492990a85e43e5d9fdefc/execute/async - {"script":"<script> [1562 bytes]","args":[{"selector":{"id":"application-managecontracts-display-component---AddNewContract--projectDescription","interaction":{"idSuffix":"inner"}},"wdio_ui5_key":"applicationmanagecontracts-display-component---AddNewContract--projectDescription"}]}
RESULT: {"script":"<script> [1562 bytes]","args":[{"selector":{"id":"application-managecontracts-display-component---AddNewContract--projectDescription","interaction":{"idSuffix":"inner"}},"wdio_ui5_key":"applicationmanagecontracts-display-component---AddNewContract--projectDescription"}]}
RESULT: undefined
COMMAND: POST /session/b82276ffbb9492990a85e43e5d9fdefc/execute/async - {"script":"<script> [776 bytes]","args":[{"enterText":"Contract WDIO","selector":{"id":"application-managecontracts-display-component---AddNewContract--projectDescription","interaction":{"idSuffix":"inner"}},"clearTextFirst":true,"interactionType":"ENTER_TEXT"}]}
RESULT: {"script":"<script> [776 bytes]","args":[{"enterText":"Contract WDIO","selector":{"id":"application-managecontracts-display-component---AddNewContract--projectDescription","interaction":{"idSuffix":"inner"}},"clearTextFirst":true,"interactionType":"ENTER_TEXT"}]}
COMMAND: POST /session/b82276ffbb9492990a85e43e5d9fdefc/element - {"using":"xpath","value":"//input[@id=\"application-managecontracts-display-component---AddNewContract--site-inner\"]"}
RESULT: {"using":"xpath","value":"//input[@id=\"application-managecontracts-display-component---AddNewContract--site-inner\"]"}
COMMAND: POST /session/b82276ffbb9492990a85e43e5d9fdefc/element/f.6AF3DC3554ABF6CF809F86825A1E03B6.d.E21D46C580238B9B1D012ECC2CC4F2A4.e.3926/clear - {}
RESULT: {}
COMMAND: POST /session/b82276ffbb9492990a85e43e5d9fdefc/element/f.6AF3DC3554ABF6CF809F86825A1E03B6.d.E21D46C580238B9B1D012ECC2CC4F2A4.e.3926/value - {"text":"2332"}
COMMAND: GET /session/b82276ffbb9492990a85e43e5d9fdefc/screenshot - {}
RESULT: {"text":"2332"}
COMMAND: GET /session/b82276ffbb9492990a85e43e5d9fdefc/screenshot - {}
RESULT: {}
RESULT: {}
COMMAND: POST /session/b82276ffbb9492990a85e43e5d9fdefc/element - {"using":"xpath","value":"//li[.//span[text()='2332']]"}
RESULT: {"using":"xpath","value":"//li[.//span[text()='2332']]"}
COMMAND: POST /session/b82276ffbb9492990a85e43e5d9fdefc/element/f.6AF3DC3554ABF6CF809F86825A1E03B6.d.E21D46C580238B9B1D012ECC2CC4F2A4.e.3961/click - {}
RESULT: {}
COMMAND: GET /session/b82276ffbb9492990a85e43e5d9fdefc/screenshot - {}
RESULT: {}
COMMAND: POST /session/b82276ffbb9492990a85e43e5d9fdefc/element - {"using":"xpath","value":"//input[@id=\"application-managecontracts-display-component---AddNewContract--yardId-inner\"]"}
RESULT: {"using":"xpath","value":"//input[@id=\"application-managecontracts-display-component---AddNewContract--yardId-inner\"]"}
COMMAND: GET /session/b82276ffbb9492990a85e43e5d9fdefc/element/f.6AF3DC3554ABF6CF809F86825A1E03B6.d.E21D46C580238B9B1D012ECC2CC4F2A4.e.3927/property/value - {}
RESULT: {}
COMMAND: POST /session/b82276ffbb9492990a85e43e5d9fdefc/element - {"using":"xpath","value":"//input[@id=\"application-managecontracts-display-component---AddNewContract--customerSelect-inner\"]"}
COMMAND: GET /session/b82276ffbb9492990a85e43e5d9fdefc/screenshot - {}
RESULT: {"using":"xpath","value":"//input[@id=\"application-managecontracts-display-component---AddNewContract--customerSelect-inner\"]"}
COMMAND: POST /session/b82276ffbb9492990a85e43e5d9fdefc/element/f.6AF3DC3554ABF6CF809F86825A1E03B6.d.E21D46C580238B9B1D012ECC2CC4F2A4.e.3925/clear - {}
RESULT: {}
RESULT: {}
COMMAND: POST /session/b82276ffbb9492990a85e43e5d9fdefc/element/f.6AF3DC3554ABF6CF809F86825A1E03B6.d.E21D46C580238B9B1D012ECC2CC4F2A4.e.3925/value - {"text":"1397"}
COMMAND: GET /session/b82276ffbb9492990a85e43e5d9fdefc/screenshot - {}
RESULT: {"text":"1397"}
COMMAND: GET /session/b82276ffbb9492990a85e43e5d9fdefc/screenshot - {}
RESULT: {}
RESULT: {}
COMMAND: POST /session/b82276ffbb9492990a85e43e5d9fdefc/element - {"using":"xpath","value":"//li[.//span[text()='1397']]"}
RESULT: {"using":"xpath","value":"//li[.//span[text()='1397']]"}
COMMAND: POST /session/b82276ffbb9492990a85e43e5d9fdefc/element/f.6AF3DC3554ABF6CF809F86825A1E03B6.d.E21D46C580238B9B1D012ECC2CC4F2A4.e.3964/click - {}
RESULT: {}
COMMAND: GET /session/b82276ffbb9492990a85e43e5d9fdefc/screenshot - {}
RESULT: {}
COMMAND: POST /session/b82276ffbb9492990a85e43e5d9fdefc/element - {"using":"xpath","value":"//button[@data-kt=\"saveButton\"]"}
RESULT: {"using":"xpath","value":"//button[@data-kt=\"saveButton\"]"}
COMMAND: POST /session/b82276ffbb9492990a85e43e5d9fdefc/element/f.6AF3DC3554ABF6CF809F86825A1E03B6.d.E21D46C580238B9B1D012ECC2CC4F2A4.e.3965/click - {}
RESULT: {}
COMMAND: GET /session/b82276ffbb9492990a85e43e5d9fdefc/screenshot - {}
RESULT: {}
COMMAND: POST /session/b82276ffbb9492990a85e43e5d9fdefc/element - {"using":"xpath","value":"//span[contains(@id ,\"contractDetailTitleNoExpanded\")]"}
RESULT: {"using":"xpath","value":"//span[contains(@id ,\"contractDetailTitleNoExpanded\")]"}
COMMAND: POST /session/b82276ffbb9492990a85e43e5d9fdefc/elements - {"using":"xpath","value":"//span[contains(@id ,\"contractDetailTitleNoExpanded\")]"}
RESULT: {"using":"xpath","value":"//span[contains(@id ,\"contractDetailTitleNoExpanded\")]"}
COMMAND: POST /session/b82276ffbb9492990a85e43e5d9fdefc/execute/sync - {"script":"<script> [56 bytes]","args":[{"element-6066-11e4-a52e-4f735466cecf":"f.6AF3DC3554ABF6CF809F86825A1E03B6.d.E21D46C580238B9B1D012ECC2CC4F2A4.e.4034","ELEMENT":"f.6AF3DC3554ABF6CF809F86825A1E03B6.d.E21D46C580238B9B1D012ECC2CC4F2A4.e.4034"}]}
RESULT: {"script":"<script> [56 bytes]","args":[{"element-6066-11e4-a52e-4f735466cecf":"f.6AF3DC3554ABF6CF809F86825A1E03B6.d.E21D46C580238B9B1D012ECC2CC4F2A4.e.4034","ELEMENT":"f.6AF3DC3554ABF6CF809F86825A1E03B6.d.E21D46C580238B9B1D012ECC2CC4F2A4.e.4034"}]}
COMMAND: GET /session/b82276ffbb9492990a85e43e5d9fdefc/screenshot - {}
RESULT: {}
]]></system-out>
    </testcase>
    <testcase classname="chrome.136_0_7103_93.windows.Create_masterdata_for_Yard_Overview_-_trigger_provide_US130988" name="Should add created equipment to contract" time="68.763">
      <system-out><![CDATA[
COMMAND: POST /session/b82276ffbb9492990a85e43e5d9fdefc/element - {"using":"xpath","value":"//button[@data-kt=\"contractDetailEditBtnButton\"]"}
RESULT: {"using":"xpath","value":"//button[@data-kt=\"contractDetailEditBtnButton\"]"}
COMMAND: POST /session/b82276ffbb9492990a85e43e5d9fdefc/element/f.6AF3DC3554ABF6CF809F86825A1E03B6.d.E21D46C580238B9B1D012ECC2CC4F2A4.e.4037/click - {}
RESULT: {}
COMMAND: GET /session/b82276ffbb9492990a85e43e5d9fdefc/screenshot - {}
RESULT: {}
COMMAND: POST /session/b82276ffbb9492990a85e43e5d9fdefc/element - {"using":"xpath","value":"(//span[contains(text(), \"Additional Addresses\")])[2]"}
RESULT: {"using":"xpath","value":"(//span[contains(text(), \"Additional Addresses\")])[2]"}
COMMAND: POST /session/b82276ffbb9492990a85e43e5d9fdefc/element/f.6AF3DC3554ABF6CF809F86825A1E03B6.d.E21D46C580238B9B1D012ECC2CC4F2A4.e.4094/click - {}
RESULT: {}
COMMAND: GET /session/b82276ffbb9492990a85e43e5d9fdefc/screenshot - {}
RESULT: {}
COMMAND: POST /session/b82276ffbb9492990a85e43e5d9fdefc/element - {"using":"xpath","value":"//button[@data-kt=\"btnAddTableRowOverflowToolbarButton\"]"}
RESULT: {"using":"xpath","value":"//button[@data-kt=\"btnAddTableRowOverflowToolbarButton\"]"}
COMMAND: POST /session/b82276ffbb9492990a85e43e5d9fdefc/element/f.6AF3DC3554ABF6CF809F86825A1E03B6.d.E21D46C580238B9B1D012ECC2CC4F2A4.e.4097/click - {}
RESULT: {}
COMMAND: GET /session/b82276ffbb9492990a85e43e5d9fdefc/screenshot - {}
RESULT: {}
COMMAND: POST /session/b82276ffbb9492990a85e43e5d9fdefc/element - {"using":"xpath","value":"//div[(text() = 'Standard Entry' or . = 'Standard Entry')]"}
RESULT: {"using":"xpath","value":"//div[(text() = 'Standard Entry' or . = 'Standard Entry')]"}
COMMAND: POST /session/b82276ffbb9492990a85e43e5d9fdefc/element/f.6AF3DC3554ABF6CF809F86825A1E03B6.d.E21D46C580238B9B1D012ECC2CC4F2A4.e.4099/click - {}
RESULT: {}
COMMAND: GET /session/b82276ffbb9492990a85e43e5d9fdefc/screenshot - {}
RESULT: {}
COMMAND: POST /session/b82276ffbb9492990a85e43e5d9fdefc/element - {"using":"xpath","value":"//td[6]/div/div/div/span"}
RESULT: {"using":"xpath","value":"//td[6]/div/div/div/span"}
COMMAND: POST /session/b82276ffbb9492990a85e43e5d9fdefc/element/f.6AF3DC3554ABF6CF809F86825A1E03B6.d.E21D46C580238B9B1D012ECC2CC4F2A4.e.4111/click - {}
RESULT: {}
COMMAND: GET /session/b82276ffbb9492990a85e43e5d9fdefc/screenshot - {}
RESULT: {}
COMMAND: POST /session/b82276ffbb9492990a85e43e5d9fdefc/element - {"using":"xpath","value":"(//span[contains(text(), \"Material\")])"}
RESULT: {"using":"xpath","value":"(//span[contains(text(), \"Material\")])"}
COMMAND: POST /session/b82276ffbb9492990a85e43e5d9fdefc/element/f.6AF3DC3554ABF6CF809F86825A1E03B6.d.E21D46C580238B9B1D012ECC2CC4F2A4.e.4112/click - {}
RESULT: {}
COMMAND: GET /session/b82276ffbb9492990a85e43e5d9fdefc/screenshot - {}
RESULT: {}
COMMAND: POST /session/b82276ffbb9492990a85e43e5d9fdefc/element - {"using":"xpath","value":"//td[7]/div/div/input"}
RESULT: {"using":"xpath","value":"//td[7]/div/div/input"}
COMMAND: POST /session/b82276ffbb9492990a85e43e5d9fdefc/element/f.6AF3DC3554ABF6CF809F86825A1E03B6.d.E21D46C580238B9B1D012ECC2CC4F2A4.e.4116/clear - {}
RESULT: {}
COMMAND: POST /session/b82276ffbb9492990a85e43e5d9fdefc/element/f.6AF3DC3554ABF6CF809F86825A1E03B6.d.E21D46C580238B9B1D012ECC2CC4F2A4.e.4116/value - {"text":"200374"}
COMMAND: GET /session/b82276ffbb9492990a85e43e5d9fdefc/screenshot - {}
RESULT: {"text":"200374"}
COMMAND: GET /session/b82276ffbb9492990a85e43e5d9fdefc/screenshot - {}
RESULT: {}
RESULT: {}
COMMAND: POST /session/b82276ffbb9492990a85e43e5d9fdefc/actions - {"actions":[{"id":"action11","type":"key","parameters":{},"actions":[{"type":"keyDown","value":""},{"type":"pause","duration":10},{"type":"keyUp","value":""}]}]}
RESULT: {"actions":[{"id":"action11","type":"key","parameters":{},"actions":[{"type":"keyDown","value":""},{"type":"pause","duration":10},{"type":"keyUp","value":""}]}]}
COMMAND: GET /session/b82276ffbb9492990a85e43e5d9fdefc/screenshot - {}
RESULT: {}
COMMAND: POST /session/b82276ffbb9492990a85e43e5d9fdefc/execute/sync - {"script":"<script> [276 bytes]","args":["No pricing information was found"]}
RESULT: {"script":"<script> [276 bytes]","args":["No pricing information was found"]}
COMMAND: POST /session/b82276ffbb9492990a85e43e5d9fdefc/element - {"using":"xpath","value":"//bdi[contains(text(), \"OK\")]"}
COMMAND: GET /session/b82276ffbb9492990a85e43e5d9fdefc/screenshot - {}
RESULT: {"using":"xpath","value":"//bdi[contains(text(), \"OK\")]"}
COMMAND: POST /session/b82276ffbb9492990a85e43e5d9fdefc/element/f.6AF3DC3554ABF6CF809F86825A1E03B6.d.E21D46C580238B9B1D012ECC2CC4F2A4.e.4142/click - {}
RESULT: {}
RESULT: {}
COMMAND: GET /session/b82276ffbb9492990a85e43e5d9fdefc/screenshot - {}
RESULT: {}
COMMAND: POST /session/b82276ffbb9492990a85e43e5d9fdefc/element - {"using":"xpath","value":"(//button[@data-kt=\"saveButton\"])[2]"}
RESULT: {"using":"xpath","value":"(//button[@data-kt=\"saveButton\"])[2]"}
COMMAND: POST /session/b82276ffbb9492990a85e43e5d9fdefc/element/f.6AF3DC3554ABF6CF809F86825A1E03B6.d.E21D46C580238B9B1D012ECC2CC4F2A4.e.4143/click - {}
RESULT: {}
COMMAND: GET /session/b82276ffbb9492990a85e43e5d9fdefc/screenshot - {}
RESULT: {}
COMMAND: POST /session/b82276ffbb9492990a85e43e5d9fdefc/execute/sync - {"script":"<script> [276 bytes]","args":["Some contract items are having rental validity exceeding header rental validity"]}
RESULT: {"script":"<script> [276 bytes]","args":["Some contract items are having rental validity exceeding header rental validity"]}
COMMAND: GET /session/b82276ffbb9492990a85e43e5d9fdefc/screenshot - {}
RESULT: {}
COMMAND: POST /session/b82276ffbb9492990a85e43e5d9fdefc/element - {"using":"xpath","value":"//span[contains(@id ,\"contractItemsSmartTable-header-inner\")]"}
RESULT: {"using":"xpath","value":"//span[contains(@id ,\"contractItemsSmartTable-header-inner\")]"}
COMMAND: POST /session/b82276ffbb9492990a85e43e5d9fdefc/elements - {"using":"xpath","value":"//span[contains(@id ,\"contractItemsSmartTable-header-inner\")]"}
RESULT: {"using":"xpath","value":"//span[contains(@id ,\"contractItemsSmartTable-header-inner\")]"}
COMMAND: POST /session/b82276ffbb9492990a85e43e5d9fdefc/execute/sync - {"script":"<script> [56 bytes]","args":[{"element-6066-11e4-a52e-4f735466cecf":"f.6AF3DC3554ABF6CF809F86825A1E03B6.d.E21D46C580238B9B1D012ECC2CC4F2A4.e.4147","ELEMENT":"f.6AF3DC3554ABF6CF809F86825A1E03B6.d.E21D46C580238B9B1D012ECC2CC4F2A4.e.4147"}]}
RESULT: {"script":"<script> [56 bytes]","args":[{"element-6066-11e4-a52e-4f735466cecf":"f.6AF3DC3554ABF6CF809F86825A1E03B6.d.E21D46C580238B9B1D012ECC2CC4F2A4.e.4147","ELEMENT":"f.6AF3DC3554ABF6CF809F86825A1E03B6.d.E21D46C580238B9B1D012ECC2CC4F2A4.e.4147"}]}
COMMAND: POST /session/b82276ffbb9492990a85e43e5d9fdefc/element - {"using":"css selector","value":"#shell-header-logo"}
COMMAND: GET /session/b82276ffbb9492990a85e43e5d9fdefc/screenshot - {}
RESULT: {"using":"css selector","value":"#shell-header-logo"}
COMMAND: POST /session/b82276ffbb9492990a85e43e5d9fdefc/element/f.6AF3DC3554ABF6CF809F86825A1E03B6.d.E21D46C580238B9B1D012ECC2CC4F2A4.e.3524/click - {}
RESULT: {}
RESULT: {}
COMMAND: GET /session/b82276ffbb9492990a85e43e5d9fdefc/screenshot - {}
RESULT: {}
]]></system-out>
    </testcase>
    <testcase classname="chrome.136_0_7103_93.windows.Create_masterdata_for_Yard_Overview_-_trigger_provide_US130988" name="Navigate to Yard overview and provide the RU" time="162.335">
      <system-out><![CDATA[
COMMAND: POST /session/b82276ffbb9492990a85e43e5d9fdefc/execute/async - {"script":"<script> [1562 bytes]","args":[{"selector":{"controlType":"sap.m.GenericTile","properties":{"header":"Yard Overview"}},"wdio_ui5_key":"sapm.GenericTile{\"header\":\"Yard Overview\"}"}]}
RESULT: {"script":"<script> [1562 bytes]","args":[{"selector":{"controlType":"sap.m.GenericTile","properties":{"header":"Yard Overview"}},"wdio_ui5_key":"sapm.GenericTile{\"header\":\"Yard Overview\"}"}]}
RESULT: undefined
COMMAND: POST /session/b82276ffbb9492990a85e43e5d9fdefc/element - {"using":"xpath","value":"//*[@id=\"__tile102\"]"}
RESULT: {"using":"xpath","value":"//*[@id=\"__tile102\"]"}
COMMAND: POST /session/b82276ffbb9492990a85e43e5d9fdefc/element/f.6AF3DC3554ABF6CF809F86825A1E03B6.d.E21D46C580238B9B1D012ECC2CC4F2A4.e.4149/click - {}
RESULT: {}
COMMAND: GET /session/b82276ffbb9492990a85e43e5d9fdefc/screenshot - {}
RESULT: {}
COMMAND: POST /session/b82276ffbb9492990a85e43e5d9fdefc/elements - {"using":"xpath","value":"//span[text()='Error']"}
RESULT: {"using":"xpath","value":"//span[text()='Error']"}
COMMAND: POST /session/b82276ffbb9492990a85e43e5d9fdefc/element - {"using":"xpath","value":"//input[contains(@id,\"smartFilterBar-btnBasicSearch-I\")]"}
RESULT: {"using":"xpath","value":"//input[contains(@id,\"smartFilterBar-btnBasicSearch-I\")]"}
COMMAND: POST /session/b82276ffbb9492990a85e43e5d9fdefc/elements - {"using":"xpath","value":"//input[contains(@id,\"smartFilterBar-btnBasicSearch-I\")]"}
RESULT: {"using":"xpath","value":"//input[contains(@id,\"smartFilterBar-btnBasicSearch-I\")]"}
COMMAND: POST /session/b82276ffbb9492990a85e43e5d9fdefc/execute/sync - {"script":"<script> [8489 bytes]","args":[{"element-6066-11e4-a52e-4f735466cecf":"f.6AF3DC3554ABF6CF809F86825A1E03B6.d.E21D46C580238B9B1D012ECC2CC4F2A4.e.4170","ELEMENT":"f.6AF3DC3554ABF6CF809F86825A1E03B6.d.E21D46C580238B9B1D012ECC2CC4F2A4.e.4170"}]}
RESULT: {"script":"<script> [8489 bytes]","args":[{"element-6066-11e4-a52e-4f735466cecf":"f.6AF3DC3554ABF6CF809F86825A1E03B6.d.E21D46C580238B9B1D012ECC2CC4F2A4.e.4170","ELEMENT":"f.6AF3DC3554ABF6CF809F86825A1E03B6.d.E21D46C580238B9B1D012ECC2CC4F2A4.e.4170"}]}
COMMAND: GET /session/b82276ffbb9492990a85e43e5d9fdefc/element/f.6AF3DC3554ABF6CF809F86825A1E03B6.d.E21D46C580238B9B1D012ECC2CC4F2A4.e.4170/enabled - {}
COMMAND: GET /session/b82276ffbb9492990a85e43e5d9fdefc/screenshot - {}
RESULT: {}
COMMAND: POST /session/b82276ffbb9492990a85e43e5d9fdefc/execute/sync - {"script":"<script> [8489 bytes]","args":[{"element-6066-11e4-a52e-4f735466cecf":"f.6AF3DC3554ABF6CF809F86825A1E03B6.d.E21D46C580238B9B1D012ECC2CC4F2A4.e.4170","ELEMENT":"f.6AF3DC3554ABF6CF809F86825A1E03B6.d.E21D46C580238B9B1D012ECC2CC4F2A4.e.4170"}]}
COMMAND: GET /session/b82276ffbb9492990a85e43e5d9fdefc/screenshot - {}
RESULT: {}
RESULT: {"script":"<script> [8489 bytes]","args":[{"element-6066-11e4-a52e-4f735466cecf":"f.6AF3DC3554ABF6CF809F86825A1E03B6.d.E21D46C580238B9B1D012ECC2CC4F2A4.e.4170","ELEMENT":"f.6AF3DC3554ABF6CF809F86825A1E03B6.d.E21D46C580238B9B1D012ECC2CC4F2A4.e.4170"}]}
COMMAND: POST /session/b82276ffbb9492990a85e43e5d9fdefc/execute/sync - {"script":"<script> [5351 bytes]","args":[{"element-6066-11e4-a52e-4f735466cecf":"f.6AF3DC3554ABF6CF809F86825A1E03B6.d.E21D46C580238B9B1D012ECC2CC4F2A4.e.4170","ELEMENT":"f.6AF3DC3554ABF6CF809F86825A1E03B6.d.E21D46C580238B9B1D012ECC2CC4F2A4.e.4170"}]}
COMMAND: GET /session/b82276ffbb9492990a85e43e5d9fdefc/screenshot - {}
RESULT: {}
RESULT: {"script":"<script> [5351 bytes]","args":[{"element-6066-11e4-a52e-4f735466cecf":"f.6AF3DC3554ABF6CF809F86825A1E03B6.d.E21D46C580238B9B1D012ECC2CC4F2A4.e.4170","ELEMENT":"f.6AF3DC3554ABF6CF809F86825A1E03B6.d.E21D46C580238B9B1D012ECC2CC4F2A4.e.4170"}]}
COMMAND: GET /session/b82276ffbb9492990a85e43e5d9fdefc/screenshot - {}
RESULT: {}
RESULT: {}
COMMAND: POST /session/b82276ffbb9492990a85e43e5d9fdefc/element/f.6AF3DC3554ABF6CF809F86825A1E03B6.d.E21D46C580238B9B1D012ECC2CC4F2A4.e.4170/clear - {}
RESULT: {}
COMMAND: POST /session/b82276ffbb9492990a85e43e5d9fdefc/element/f.6AF3DC3554ABF6CF809F86825A1E03B6.d.E21D46C580238B9B1D012ECC2CC4F2A4.e.4170/value - {"text":"629"}
COMMAND: GET /session/b82276ffbb9492990a85e43e5d9fdefc/screenshot - {}
RESULT: {"text":"629"}
COMMAND: GET /session/b82276ffbb9492990a85e43e5d9fdefc/screenshot - {}
RESULT: {}
RESULT: {}
COMMAND: POST /session/b82276ffbb9492990a85e43e5d9fdefc/actions - {"actions":[{"id":"action12","type":"key","parameters":{},"actions":[{"type":"keyDown","value":""},{"type":"pause","duration":10},{"type":"keyUp","value":""}]}]}
RESULT: {"actions":[{"id":"action12","type":"key","parameters":{},"actions":[{"type":"keyDown","value":""},{"type":"pause","duration":10},{"type":"keyUp","value":""}]}]}
COMMAND: GET /session/b82276ffbb9492990a85e43e5d9fdefc/screenshot - {}
RESULT: {}
COMMAND: POST /session/b82276ffbb9492990a85e43e5d9fdefc/element - {"using":"xpath","value":"//span[contains(@id, \"smartTable-header-inner\")]"}
RESULT: {"using":"xpath","value":"//span[contains(@id, \"smartTable-header-inner\")]"}
COMMAND: POST /session/b82276ffbb9492990a85e43e5d9fdefc/elements - {"using":"xpath","value":"//span[contains(@id, \"smartTable-header-inner\")]"}
RESULT: {"using":"xpath","value":"//span[contains(@id, \"smartTable-header-inner\")]"}
COMMAND: POST /session/b82276ffbb9492990a85e43e5d9fdefc/execute/sync - {"script":"<script> [56 bytes]","args":[{"element-6066-11e4-a52e-4f735466cecf":"f.6AF3DC3554ABF6CF809F86825A1E03B6.d.E21D46C580238B9B1D012ECC2CC4F2A4.e.4224","ELEMENT":"f.6AF3DC3554ABF6CF809F86825A1E03B6.d.E21D46C580238B9B1D012ECC2CC4F2A4.e.4224"}]}
RESULT: {"script":"<script> [56 bytes]","args":[{"element-6066-11e4-a52e-4f735466cecf":"f.6AF3DC3554ABF6CF809F86825A1E03B6.d.E21D46C580238B9B1D012ECC2CC4F2A4.e.4224","ELEMENT":"f.6AF3DC3554ABF6CF809F86825A1E03B6.d.E21D46C580238B9B1D012ECC2CC4F2A4.e.4224"}]}
COMMAND: POST /session/b82276ffbb9492990a85e43e5d9fdefc/element - {"using":"xpath","value":"(//span[contains(@id, \"imgNav\")])[1]"}
COMMAND: GET /session/b82276ffbb9492990a85e43e5d9fdefc/screenshot - {}
RESULT: {"using":"xpath","value":"(//span[contains(@id, \"imgNav\")])[1]"}
COMMAND: POST /session/b82276ffbb9492990a85e43e5d9fdefc/element/f.6AF3DC3554ABF6CF809F86825A1E03B6.d.E21D46C580238B9B1D012ECC2CC4F2A4.e.4223/click - {}
RESULT: {}
RESULT: {}
COMMAND: GET /session/b82276ffbb9492990a85e43e5d9fdefc/screenshot - {}
RESULT: {}
COMMAND: POST /session/b82276ffbb9492990a85e43e5d9fdefc/execute/async - {"script":"<script> [1562 bytes]","args":[{"selector":{"id":"application-yardoverview-display-component---detailYardInventory--openProvides-triggerAction-provideBtn","interaction":{"idSuffix":"BDI-content"}},"wdio_ui5_key":"applicationyardoverview-display-component---detailYardInventory--openProvides-triggerAction-provideBtn"}]}
RESULT: {"script":"<script> [1562 bytes]","args":[{"selector":{"id":"application-yardoverview-display-component---detailYardInventory--openProvides-triggerAction-provideBtn","interaction":{"idSuffix":"BDI-content"}},"wdio_ui5_key":"applicationyardoverview-display-component---detailYardInventory--openProvides-triggerAction-provideBtn"}]}
RESULT: undefined
COMMAND: POST /session/b82276ffbb9492990a85e43e5d9fdefc/element - {"using":"xpath","value":"//*[@id=\"application-yardoverview-display-component---detailYardInventory--openProvides-triggerAction-provideBtn\"]"}
RESULT: {"using":"xpath","value":"//*[@id=\"application-yardoverview-display-component---detailYardInventory--openProvides-triggerAction-provideBtn\"]"}
COMMAND: POST /session/b82276ffbb9492990a85e43e5d9fdefc/element/f.6AF3DC3554ABF6CF809F86825A1E03B6.d.E21D46C580238B9B1D012ECC2CC4F2A4.e.4262/click - {}
RESULT: {}
COMMAND: GET /session/b82276ffbb9492990a85e43e5d9fdefc/screenshot - {}
RESULT: {}
COMMAND: POST /session/b82276ffbb9492990a85e43e5d9fdefc/execute/async - {"script":"<script> [1562 bytes]","args":[{"selector":{"controlType":"sap.m.CheckBox","viewName":"etm.portal.ui.yardoverview.view.Detail","viewId":"application-yardoverview-display-component---detailYardInventory","properties":{"editable":true},"ancestor":{"controlType":"sap.m.ColumnListItem","viewName":"etm.portal.ui.yardoverview.view.Detail","viewId":"application-yardoverview-display-component---detailYardInventory","bindingPath":{"path":"/SmartOpenRUYardInventory(CONTRACT='10471',ITEM=10m,SUB_ITEM=0m)"},"ancestor":{"id":"application-yardoverview-display-component---detailYardInventory--customProvidesTable"}},"interaction":{"idSuffix":"CbBg"}},"wdio_ui5_key":"etmportal.ui.yardoverview.view.Detailsap.m.CheckBox{\"editable\":true}{\"controlType\":\"sap.m.ColumnListItem\",\"viewName\":\"etm.portal.ui.yardoverview.view.Detail\",\"viewId\":\"application-yardoverview-display-component---detailYardInventory\",\"bindingPath\":{\"path\":\"/SmartOpenRUYardInventory(CONTRACT='10471',ITEM=10m,SUB_ITEM=0m)\"},\"ancestor\":{\"id\":\"application-yardoverview-display-component---detailYardInventory--customProvidesTable\"}}"}]}
RESULT: {"script":"<script> [1562 bytes]","args":[{"selector":{"controlType":"sap.m.CheckBox","viewName":"etm.portal.ui.yardoverview.view.Detail","viewId":"application-yardoverview-display-component---detailYardInventory","properties":{"editable":true},"ancestor":{"controlType":"sap.m.ColumnListItem","viewName":"etm.portal.ui.yardoverview.view.Detail","viewId":"application-yardoverview-display-component---detailYardInventory","bindingPath":{"path":"/SmartOpenRUYardInventory(CONTRACT='10471',ITEM=10m,SUB_ITEM=0m)"},"ancestor":{"id":"application-yardoverview-display-component---detailYardInventory--customProvidesTable"}},"interaction":{"idSuffix":"CbBg"}},"wdio_ui5_key":"etmportal.ui.yardoverview.view.Detailsap.m.CheckBox{\"editable\":true}{\"controlType\":\"sap.m.ColumnListItem\",\"viewName\":\"etm.portal.ui.yardoverview.view.Detail\",\"viewId\":\"application-yardoverview-display-component---detailYardInventory\",\"bindingPath\":{\"path\":\"/SmartOpenRUYardInventory(CONTRACT='10471',ITEM=10m,SUB_ITEM=0m)\"},\"ancestor\":{\"id\":\"application-yardoverview-display-component---detailYardInventory--customProvidesTable\"}}"}]}
RESULT: undefined
COMMAND: POST /session/b82276ffbb9492990a85e43e5d9fdefc/element - {"using":"xpath","value":"//*[@id=\"__item2064-__clone3899-selectMulti\"]"}
RESULT: {"using":"xpath","value":"//*[@id=\"__item2064-__clone3899-selectMulti\"]"}
COMMAND: POST /session/b82276ffbb9492990a85e43e5d9fdefc/element/f.6AF3DC3554ABF6CF809F86825A1E03B6.d.E21D46C580238B9B1D012ECC2CC4F2A4.e.4339/click - {}
RESULT: {}
COMMAND: GET /session/b82276ffbb9492990a85e43e5d9fdefc/screenshot - {}
RESULT: {}
RESULT: undefined
COMMAND: POST /session/b82276ffbb9492990a85e43e5d9fdefc/element - {"using":"xpath","value":"//*[@id=\"application-yardoverview-display-component---detailYardInventory--openProvides-triggerAction-provideBtn\"]"}
RESULT: {"using":"xpath","value":"//*[@id=\"application-yardoverview-display-component---detailYardInventory--openProvides-triggerAction-provideBtn\"]"}
COMMAND: POST /session/b82276ffbb9492990a85e43e5d9fdefc/element/f.6AF3DC3554ABF6CF809F86825A1E03B6.d.E21D46C580238B9B1D012ECC2CC4F2A4.e.4262/click - {}
RESULT: {}
COMMAND: GET /session/b82276ffbb9492990a85e43e5d9fdefc/screenshot - {}
RESULT: {}
COMMAND: POST /session/b82276ffbb9492990a85e43e5d9fdefc/actions - {"actions":[{"id":"action13","type":"key","parameters":{},"actions":[{"type":"keyDown","value":""},{"type":"pause","duration":10},{"type":"keyUp","value":""}]}]}
RESULT: {"actions":[{"id":"action13","type":"key","parameters":{},"actions":[{"type":"keyDown","value":""},{"type":"pause","duration":10},{"type":"keyUp","value":""}]}]}
COMMAND: GET /session/b82276ffbb9492990a85e43e5d9fdefc/screenshot - {}
RESULT: {}
COMMAND: POST /session/b82276ffbb9492990a85e43e5d9fdefc/execute/async - {"script":"<script> [1562 bytes]","args":[{"selector":{"id":"application-yardoverview-display-component---detailYardInventory--smartTableProvides-btnPersonalisation-img"},"wdio_ui5_key":"applicationyardoverview-display-component---detailYardInventory--smartTableProvides-btnPersonalisation-img"}]}
RESULT: {"script":"<script> [1562 bytes]","args":[{"selector":{"id":"application-yardoverview-display-component---detailYardInventory--smartTableProvides-btnPersonalisation-img"},"wdio_ui5_key":"applicationyardoverview-display-component---detailYardInventory--smartTableProvides-btnPersonalisation-img"}]}
RESULT: undefined
COMMAND: POST /session/b82276ffbb9492990a85e43e5d9fdefc/element - {"using":"xpath","value":"//*[@id=\"application-yardoverview-display-component---detailYardInventory--smartTableProvides-btnPersonalisation-img\"]"}
RESULT: {"using":"xpath","value":"//*[@id=\"application-yardoverview-display-component---detailYardInventory--smartTableProvides-btnPersonalisation-img\"]"}
COMMAND: POST /session/b82276ffbb9492990a85e43e5d9fdefc/element/f.6AF3DC3554ABF6CF809F86825A1E03B6.d.E21D46C580238B9B1D012ECC2CC4F2A4.e.4274/click - {}
RESULT: {}
COMMAND: POST /session/b82276ffbb9492990a85e43e5d9fdefc/element - {"using":"xpath","value":"//input[contains(@id ,\"searchField-I\")]"}
COMMAND: GET /session/b82276ffbb9492990a85e43e5d9fdefc/screenshot - {}
RESULT: {"using":"xpath","value":"//input[contains(@id ,\"searchField-I\")]"}
COMMAND: POST /session/b82276ffbb9492990a85e43e5d9fdefc/element/f.6AF3DC3554ABF6CF809F86825A1E03B6.d.E21D46C580238B9B1D012ECC2CC4F2A4.e.4356/clear - {}
RESULT: {}
RESULT: {}
COMMAND: POST /session/b82276ffbb9492990a85e43e5d9fdefc/element/f.6AF3DC3554ABF6CF809F86825A1E03B6.d.E21D46C580238B9B1D012ECC2CC4F2A4.e.4356/value - {"text":"Handover Provided"}
COMMAND: GET /session/b82276ffbb9492990a85e43e5d9fdefc/screenshot - {}
RESULT: {"text":"Handover Provided"}
COMMAND: GET /session/b82276ffbb9492990a85e43e5d9fdefc/screenshot - {}
RESULT: {}
RESULT: {}
COMMAND: POST /session/b82276ffbb9492990a85e43e5d9fdefc/element - {"using":"xpath","value":"//div[contains(@id ,\"innerSelectionPanelTable-sa-CbBg\")]"}
RESULT: {"using":"xpath","value":"//div[contains(@id ,\"innerSelectionPanelTable-sa-CbBg\")]"}
COMMAND: POST /session/b82276ffbb9492990a85e43e5d9fdefc/element/f.6AF3DC3554ABF6CF809F86825A1E03B6.d.E21D46C580238B9B1D012ECC2CC4F2A4.e.4385/click - {}
RESULT: {}
COMMAND: GET /session/b82276ffbb9492990a85e43e5d9fdefc/screenshot - {}
RESULT: {}
COMMAND: POST /session/b82276ffbb9492990a85e43e5d9fdefc/element - {"using":"xpath","value":"//bdi[contains(@id ,\"confirmBtn-BDI-content\")]"}
RESULT: {"using":"xpath","value":"//bdi[contains(@id ,\"confirmBtn-BDI-content\")]"}
COMMAND: POST /session/b82276ffbb9492990a85e43e5d9fdefc/element/f.6AF3DC3554ABF6CF809F86825A1E03B6.d.E21D46C580238B9B1D012ECC2CC4F2A4.e.4386/click - {}
RESULT: {}
COMMAND: GET /session/b82276ffbb9492990a85e43e5d9fdefc/screenshot - {}
RESULT: {}
COMMAND: POST /session/b82276ffbb9492990a85e43e5d9fdefc/element - {"using":"xpath","value":"//a[contains(@data-kt ,\"OpenProvidesHandOverItemLink\")]"}
RESULT: {"using":"xpath","value":"//a[contains(@data-kt ,\"OpenProvidesHandOverItemLink\")]"}
COMMAND: POST /session/b82276ffbb9492990a85e43e5d9fdefc/element/f.6AF3DC3554ABF6CF809F86825A1E03B6.d.E21D46C580238B9B1D012ECC2CC4F2A4.e.4392/click - {}
RESULT: {}
COMMAND: GET /session/b82276ffbb9492990a85e43e5d9fdefc/screenshot - {}
RESULT: {}
COMMAND: POST /session/b82276ffbb9492990a85e43e5d9fdefc/actions - {"actions":[{"id":"action14","type":"key","parameters":{},"actions":[{"type":"keyDown","value":""},{"type":"pause","duration":10},{"type":"keyUp","value":""}]}]}
RESULT: {"actions":[{"id":"action14","type":"key","parameters":{},"actions":[{"type":"keyDown","value":""},{"type":"pause","duration":10},{"type":"keyUp","value":""}]}]}
COMMAND: GET /session/b82276ffbb9492990a85e43e5d9fdefc/screenshot - {}
RESULT: {}
COMMAND: POST /session/b82276ffbb9492990a85e43e5d9fdefc/execute/async - {"script":"<script> [1562 bytes]","args":[{"selector":{"id":"issueDatePicker","viewName":"etm.portal.ui.managehandovers.view.DetailExecuteHO","interaction":{"idSuffix":"inner"}},"wdio_ui5_key":"issueDatePickeretmportal.ui.managehandovers.view.DetailExecuteHO"}]}
RESULT: {"script":"<script> [1562 bytes]","args":[{"selector":{"id":"issueDatePicker","viewName":"etm.portal.ui.managehandovers.view.DetailExecuteHO","interaction":{"idSuffix":"inner"}},"wdio_ui5_key":"issueDatePickeretmportal.ui.managehandovers.view.DetailExecuteHO"}]}
RESULT: undefined
COMMAND: POST /session/b82276ffbb9492990a85e43e5d9fdefc/execute/async - {"script":"<script> [776 bytes]","args":[{"enterText":"5/21/25","selector":{"id":"issueDatePicker","viewName":"etm.portal.ui.managehandovers.view.DetailExecuteHO","interaction":{"idSuffix":"inner"}},"clearTextFirst":true,"interactionType":"ENTER_TEXT"}]}
RESULT: {"script":"<script> [776 bytes]","args":[{"enterText":"5/21/25","selector":{"id":"issueDatePicker","viewName":"etm.portal.ui.managehandovers.view.DetailExecuteHO","interaction":{"idSuffix":"inner"}},"clearTextFirst":true,"interactionType":"ENTER_TEXT"}]}
COMMAND: POST /session/b82276ffbb9492990a85e43e5d9fdefc/element - {"using":"xpath","value":"//bdi[contains(text(), \"OK\")]"}
RESULT: {"using":"xpath","value":"//bdi[contains(text(), \"OK\")]"}
COMMAND: POST /session/b82276ffbb9492990a85e43e5d9fdefc/element/f.6AF3DC3554ABF6CF809F86825A1E03B6.d.E21D46C580238B9B1D012ECC2CC4F2A4.e.4690/click - {}
RESULT: {}
COMMAND: GET /session/b82276ffbb9492990a85e43e5d9fdefc/screenshot - {}
RESULT: {}
COMMAND: POST /session/b82276ffbb9492990a85e43e5d9fdefc/element - {"using":"xpath","value":"//button[@data-kt=\"PickingTableConfirmAllButton\"]"}
RESULT: {"using":"xpath","value":"//button[@data-kt=\"PickingTableConfirmAllButton\"]"}
COMMAND: POST /session/b82276ffbb9492990a85e43e5d9fdefc/element/f.6AF3DC3554ABF6CF809F86825A1E03B6.d.E21D46C580238B9B1D012ECC2CC4F2A4.e.4696/click - {}
RESULT: {}
COMMAND: GET /session/b82276ffbb9492990a85e43e5d9fdefc/screenshot - {}
RESULT: {}
COMMAND: POST /session/b82276ffbb9492990a85e43e5d9fdefc/element - {"using":"xpath","value":"//bdi[contains(text(), \"OK\")]"}
RESULT: {"using":"xpath","value":"//bdi[contains(text(), \"OK\")]"}
COMMAND: POST /session/b82276ffbb9492990a85e43e5d9fdefc/element/f.6AF3DC3554ABF6CF809F86825A1E03B6.d.E21D46C580238B9B1D012ECC2CC4F2A4.e.4699/click - {}
RESULT: {}
COMMAND: GET /session/b82276ffbb9492990a85e43e5d9fdefc/screenshot - {}
RESULT: {}
COMMAND: POST /session/b82276ffbb9492990a85e43e5d9fdefc/element - {"using":"xpath","value":"//bdi[contains(text(), \"Issue\")]"}
RESULT: {"using":"xpath","value":"//bdi[contains(text(), \"Issue\")]"}
COMMAND: POST /session/b82276ffbb9492990a85e43e5d9fdefc/element/f.6AF3DC3554ABF6CF809F86825A1E03B6.d.E21D46C580238B9B1D012ECC2CC4F2A4.e.4701/click - {}
RESULT: {}
COMMAND: GET /session/b82276ffbb9492990a85e43e5d9fdefc/screenshot - {}
RESULT: {}
COMMAND: POST /session/b82276ffbb9492990a85e43e5d9fdefc/element - {"using":"css selector","value":"#shell-header-logo"}
RESULT: {"using":"css selector","value":"#shell-header-logo"}
COMMAND: POST /session/b82276ffbb9492990a85e43e5d9fdefc/element/f.6AF3DC3554ABF6CF809F86825A1E03B6.d.E21D46C580238B9B1D012ECC2CC4F2A4.e.4152/click - {}
RESULT: {}
COMMAND: GET /session/b82276ffbb9492990a85e43e5d9fdefc/screenshot - {}
RESULT: {}
RESULT: undefined
COMMAND: POST /session/b82276ffbb9492990a85e43e5d9fdefc/element - {"using":"xpath","value":"//*[@id=\"__tile130\"]"}
RESULT: {"using":"xpath","value":"//*[@id=\"__tile130\"]"}
COMMAND: POST /session/b82276ffbb9492990a85e43e5d9fdefc/element/f.6AF3DC3554ABF6CF809F86825A1E03B6.d.E21D46C580238B9B1D012ECC2CC4F2A4.e.2132/click - {}
RESULT: {}
COMMAND: GET /session/b82276ffbb9492990a85e43e5d9fdefc/screenshot - {}
RESULT: {}
COMMAND: POST /session/b82276ffbb9492990a85e43e5d9fdefc/elements - {"using":"xpath","value":"//span[text()='Error']"}
RESULT: {"using":"xpath","value":"//span[text()='Error']"}
COMMAND: POST /session/b82276ffbb9492990a85e43e5d9fdefc/element - {"using":"xpath","value":"//button[@data-kt=\"addButton\"]"}
RESULT: {"using":"xpath","value":"//button[@data-kt=\"addButton\"]"}
COMMAND: POST /session/b82276ffbb9492990a85e43e5d9fdefc/elements - {"using":"xpath","value":"//button[@data-kt=\"addButton\"]"}
RESULT: {"using":"xpath","value":"//button[@data-kt=\"addButton\"]"}
COMMAND: POST /session/b82276ffbb9492990a85e43e5d9fdefc/execute/sync - {"script":"<script> [8489 bytes]","args":[{"element-6066-11e4-a52e-4f735466cecf":"f.6AF3DC3554ABF6CF809F86825A1E03B6.d.E21D46C580238B9B1D012ECC2CC4F2A4.e.4819","ELEMENT":"f.6AF3DC3554ABF6CF809F86825A1E03B6.d.E21D46C580238B9B1D012ECC2CC4F2A4.e.4819"}]}
RESULT: {"script":"<script> [8489 bytes]","args":[{"element-6066-11e4-a52e-4f735466cecf":"f.6AF3DC3554ABF6CF809F86825A1E03B6.d.E21D46C580238B9B1D012ECC2CC4F2A4.e.4819","ELEMENT":"f.6AF3DC3554ABF6CF809F86825A1E03B6.d.E21D46C580238B9B1D012ECC2CC4F2A4.e.4819"}]}
COMMAND: GET /session/b82276ffbb9492990a85e43e5d9fdefc/element/f.6AF3DC3554ABF6CF809F86825A1E03B6.d.E21D46C580238B9B1D012ECC2CC4F2A4.e.4819/enabled - {}
COMMAND: GET /session/b82276ffbb9492990a85e43e5d9fdefc/screenshot - {}
RESULT: {}
COMMAND: POST /session/b82276ffbb9492990a85e43e5d9fdefc/execute/sync - {"script":"<script> [8489 bytes]","args":[{"element-6066-11e4-a52e-4f735466cecf":"f.6AF3DC3554ABF6CF809F86825A1E03B6.d.E21D46C580238B9B1D012ECC2CC4F2A4.e.4819","ELEMENT":"f.6AF3DC3554ABF6CF809F86825A1E03B6.d.E21D46C580238B9B1D012ECC2CC4F2A4.e.4819"}]}
COMMAND: GET /session/b82276ffbb9492990a85e43e5d9fdefc/screenshot - {}
RESULT: {}
RESULT: {"script":"<script> [8489 bytes]","args":[{"element-6066-11e4-a52e-4f735466cecf":"f.6AF3DC3554ABF6CF809F86825A1E03B6.d.E21D46C580238B9B1D012ECC2CC4F2A4.e.4819","ELEMENT":"f.6AF3DC3554ABF6CF809F86825A1E03B6.d.E21D46C580238B9B1D012ECC2CC4F2A4.e.4819"}]}
COMMAND: POST /session/b82276ffbb9492990a85e43e5d9fdefc/execute/sync - {"script":"<script> [5351 bytes]","args":[{"element-6066-11e4-a52e-4f735466cecf":"f.6AF3DC3554ABF6CF809F86825A1E03B6.d.E21D46C580238B9B1D012ECC2CC4F2A4.e.4819","ELEMENT":"f.6AF3DC3554ABF6CF809F86825A1E03B6.d.E21D46C580238B9B1D012ECC2CC4F2A4.e.4819"}]}
COMMAND: GET /session/b82276ffbb9492990a85e43e5d9fdefc/screenshot - {}
RESULT: {}
RESULT: {"script":"<script> [5351 bytes]","args":[{"element-6066-11e4-a52e-4f735466cecf":"f.6AF3DC3554ABF6CF809F86825A1E03B6.d.E21D46C580238B9B1D012ECC2CC4F2A4.e.4819","ELEMENT":"f.6AF3DC3554ABF6CF809F86825A1E03B6.d.E21D46C580238B9B1D012ECC2CC4F2A4.e.4819"}]}
COMMAND: GET /session/b82276ffbb9492990a85e43e5d9fdefc/screenshot - {}
RESULT: {}
RESULT: {}
COMMAND: POST /session/b82276ffbb9492990a85e43e5d9fdefc/execute/async - {"script":"<script> [1562 bytes]","args":[{"selector":{"controlType":"sap.m.SearchField","viewName":"etm.portal.ui.managecontracts.view.Master","bindingPath":{"path":"","propertyPath":"/_BASIC_SEARCH_FIELD","modelName":"fi1t3rM0d31"},"interaction":{"idSuffix":"I"}},"wdio_ui5_key":"etmportal.ui.managecontracts.view.Mastersap.m.SearchField{\"path\":\"\",\"propertyPath\":\"/_BASIC_SEARCH_FIELD\",\"modelName\":\"fi1t3rM0d31\"}"}]}
RESULT: {"script":"<script> [1562 bytes]","args":[{"selector":{"controlType":"sap.m.SearchField","viewName":"etm.portal.ui.managecontracts.view.Master","bindingPath":{"path":"","propertyPath":"/_BASIC_SEARCH_FIELD","modelName":"fi1t3rM0d31"},"interaction":{"idSuffix":"I"}},"wdio_ui5_key":"etmportal.ui.managecontracts.view.Mastersap.m.SearchField{\"path\":\"\",\"propertyPath\":\"/_BASIC_SEARCH_FIELD\",\"modelName\":\"fi1t3rM0d31\"}"}]}
RESULT: undefined
COMMAND: POST /session/b82276ffbb9492990a85e43e5d9fdefc/execute/async - {"script":"<script> [776 bytes]","args":[{"enterText":"10471","selector":{"controlType":"sap.m.SearchField","viewName":"etm.portal.ui.managecontracts.view.Master","bindingPath":{"path":"","propertyPath":"/_BASIC_SEARCH_FIELD","modelName":"fi1t3rM0d31"},"interaction":{"idSuffix":"I"}},"clearTextFirst":true,"interactionType":"ENTER_TEXT"}]}
RESULT: {"script":"<script> [776 bytes]","args":[{"enterText":"10471","selector":{"controlType":"sap.m.SearchField","viewName":"etm.portal.ui.managecontracts.view.Master","bindingPath":{"path":"","propertyPath":"/_BASIC_SEARCH_FIELD","modelName":"fi1t3rM0d31"},"interaction":{"idSuffix":"I"}},"clearTextFirst":true,"interactionType":"ENTER_TEXT"}]}
COMMAND: POST /session/b82276ffbb9492990a85e43e5d9fdefc/actions - {"actions":[{"id":"action15","type":"key","parameters":{},"actions":[{"type":"keyDown","value":""},{"type":"pause","duration":10},{"type":"keyUp","value":""}]}]}
RESULT: {"actions":[{"id":"action15","type":"key","parameters":{},"actions":[{"type":"keyDown","value":""},{"type":"pause","duration":10},{"type":"keyUp","value":""}]}]}
COMMAND: GET /session/b82276ffbb9492990a85e43e5d9fdefc/screenshot - {}
RESULT: {}
COMMAND: POST /session/b82276ffbb9492990a85e43e5d9fdefc/element - {"using":"xpath","value":"//span[contains(@id, \"masterListContractsSmartTable-header-inner\")]"}
RESULT: {"using":"xpath","value":"//span[contains(@id, \"masterListContractsSmartTable-header-inner\")]"}
COMMAND: POST /session/b82276ffbb9492990a85e43e5d9fdefc/elements - {"using":"xpath","value":"//span[contains(@id, \"masterListContractsSmartTable-header-inner\")]"}
RESULT: {"using":"xpath","value":"//span[contains(@id, \"masterListContractsSmartTable-header-inner\")]"}
COMMAND: POST /session/b82276ffbb9492990a85e43e5d9fdefc/execute/sync - {"script":"<script> [56 bytes]","args":[{"element-6066-11e4-a52e-4f735466cecf":"f.6AF3DC3554ABF6CF809F86825A1E03B6.d.E21D46C580238B9B1D012ECC2CC4F2A4.e.4884","ELEMENT":"f.6AF3DC3554ABF6CF809F86825A1E03B6.d.E21D46C580238B9B1D012ECC2CC4F2A4.e.4884"}]}
RESULT: {"script":"<script> [56 bytes]","args":[{"element-6066-11e4-a52e-4f735466cecf":"f.6AF3DC3554ABF6CF809F86825A1E03B6.d.E21D46C580238B9B1D012ECC2CC4F2A4.e.4884","ELEMENT":"f.6AF3DC3554ABF6CF809F86825A1E03B6.d.E21D46C580238B9B1D012ECC2CC4F2A4.e.4884"}]}
COMMAND: POST /session/b82276ffbb9492990a85e43e5d9fdefc/element - {"using":"xpath","value":"(//span[contains(@id, \"imgNav\")])[1]"}
COMMAND: GET /session/b82276ffbb9492990a85e43e5d9fdefc/screenshot - {}
RESULT: {"using":"xpath","value":"(//span[contains(@id, \"imgNav\")])[1]"}
COMMAND: POST /session/b82276ffbb9492990a85e43e5d9fdefc/element/f.6AF3DC3554ABF6CF809F86825A1E03B6.d.E21D46C580238B9B1D012ECC2CC4F2A4.e.4872/click - {}
RESULT: {}
RESULT: {}
COMMAND: GET /session/b82276ffbb9492990a85e43e5d9fdefc/screenshot - {}
RESULT: {}
COMMAND: POST /session/b82276ffbb9492990a85e43e5d9fdefc/element - {"using":"xpath","value":"//table[contains(@id, \"ProductsTable-listUl\")]/tbody/tr[1]/td[6]/div/span"}
RESULT: {"using":"xpath","value":"//table[contains(@id, \"ProductsTable-listUl\")]/tbody/tr[1]/td[6]/div/span"}
COMMAND: POST /session/b82276ffbb9492990a85e43e5d9fdefc/elements - {"using":"xpath","value":"//table[contains(@id, \"ProductsTable-listUl\")]/tbody/tr[1]/td[6]/div/span"}
RESULT: {"using":"xpath","value":"//table[contains(@id, \"ProductsTable-listUl\")]/tbody/tr[1]/td[6]/div/span"}
COMMAND: POST /session/b82276ffbb9492990a85e43e5d9fdefc/execute/sync - {"script":"<script> [56 bytes]","args":[{"element-6066-11e4-a52e-4f735466cecf":"f.6AF3DC3554ABF6CF809F86825A1E03B6.d.E21D46C580238B9B1D012ECC2CC4F2A4.e.5009","ELEMENT":"f.6AF3DC3554ABF6CF809F86825A1E03B6.d.E21D46C580238B9B1D012ECC2CC4F2A4.e.5009"}]}
RESULT: {"script":"<script> [56 bytes]","args":[{"element-6066-11e4-a52e-4f735466cecf":"f.6AF3DC3554ABF6CF809F86825A1E03B6.d.E21D46C580238B9B1D012ECC2CC4F2A4.e.5009","ELEMENT":"f.6AF3DC3554ABF6CF809F86825A1E03B6.d.E21D46C580238B9B1D012ECC2CC4F2A4.e.5009"}]}
COMMAND: POST /session/b82276ffbb9492990a85e43e5d9fdefc/element - {"using":"css selector","value":"#shell-header-logo"}
COMMAND: GET /session/b82276ffbb9492990a85e43e5d9fdefc/screenshot - {}
RESULT: {"using":"css selector","value":"#shell-header-logo"}
COMMAND: POST /session/b82276ffbb9492990a85e43e5d9fdefc/element/f.6AF3DC3554ABF6CF809F86825A1E03B6.d.E21D46C580238B9B1D012ECC2CC4F2A4.e.4775/click - {}
RESULT: {}
RESULT: {}
COMMAND: GET /session/b82276ffbb9492990a85e43e5d9fdefc/screenshot - {}
RESULT: {}
COMMAND: POST /session/b82276ffbb9492990a85e43e5d9fdefc/element - {"using":"css selector","value":"#j_username"}
COMMAND: POST /session/b82276ffbb9492990a85e43e5d9fdefc/url - {"url":"https://qa-testing-00-live-etm-ui.cfapps.eu10-004.hana.ondemand.com/"}
RESULT: {"using":"css selector","value":"#j_username"}
COMMAND: POST /session/b82276ffbb9492990a85e43e5d9fdefc/element - {"using":"css selector","value":"#j_username"}
RESULT: {"url":"https://qa-testing-00-live-etm-ui.cfapps.eu10-004.hana.ondemand.com/"}
RESULT: undefined
COMMAND: GET /session/b82276ffbb9492990a85e43e5d9fdefc/screenshot - {}
RESULT: {"using":"css selector","value":"#j_username"}
COMMAND: POST /session/b82276ffbb9492990a85e43e5d9fdefc/element - {"using":"css selector","value":"#shell-header-logo"}
RESULT: {}
RESULT: {"using":"css selector","value":"#shell-header-logo"}
COMMAND: POST /session/b82276ffbb9492990a85e43e5d9fdefc/element - {"using":"css selector","value":"#shell-header-logo"}
RESULT: {"using":"css selector","value":"#shell-header-logo"}
COMMAND: POST /session/b82276ffbb9492990a85e43e5d9fdefc/refresh - {}
RESULT: {}
COMMAND: GET /session/b82276ffbb9492990a85e43e5d9fdefc/screenshot - {}
RESULT: {}
COMMAND: POST /session/b82276ffbb9492990a85e43e5d9fdefc/element - {"using":"css selector","value":"#j_username"}
RESULT: {"using":"css selector","value":"#j_username"}
COMMAND: POST /session/b82276ffbb9492990a85e43e5d9fdefc/element - {"using":"css selector","value":"#j_username"}
RESULT: {"using":"css selector","value":"#j_username"}
COMMAND: POST /session/b82276ffbb9492990a85e43e5d9fdefc/element - {"using":"css selector","value":"#shell-header-logo"}
RESULT: {"using":"css selector","value":"#shell-header-logo"}
COMMAND: POST /session/b82276ffbb9492990a85e43e5d9fdefc/execute/sync - {"script":"<script> [8489 bytes]","args":[{"element-6066-11e4-a52e-4f735466cecf":"f.6AF3DC3554ABF6CF809F86825A1E03B6.d.73C45FA15391BF5FEF820B5FBA43134D.e.5025","ELEMENT":"f.6AF3DC3554ABF6CF809F86825A1E03B6.d.73C45FA15391BF5FEF820B5FBA43134D.e.5025"}]}
RESULT: {"script":"<script> [8489 bytes]","args":[{"element-6066-11e4-a52e-4f735466cecf":"f.6AF3DC3554ABF6CF809F86825A1E03B6.d.73C45FA15391BF5FEF820B5FBA43134D.e.5025","ELEMENT":"f.6AF3DC3554ABF6CF809F86825A1E03B6.d.73C45FA15391BF5FEF820B5FBA43134D.e.5025"}]}
COMMAND: POST /session/b82276ffbb9492990a85e43e5d9fdefc/element - {"using":"css selector","value":"#shell-header-logo"}
COMMAND: GET /session/b82276ffbb9492990a85e43e5d9fdefc/screenshot - {}
RESULT: {"using":"css selector","value":"#shell-header-logo"}
COMMAND: POST /session/b82276ffbb9492990a85e43e5d9fdefc/execute/sync - {"script":"<script> [8489 bytes]","args":[{"element-6066-11e4-a52e-4f735466cecf":"f.6AF3DC3554ABF6CF809F86825A1E03B6.d.73C45FA15391BF5FEF820B5FBA43134D.e.5025","ELEMENT":"f.6AF3DC3554ABF6CF809F86825A1E03B6.d.73C45FA15391BF5FEF820B5FBA43134D.e.5025"}]}
RESULT: {}
RESULT: {"script":"<script> [8489 bytes]","args":[{"element-6066-11e4-a52e-4f735466cecf":"f.6AF3DC3554ABF6CF809F86825A1E03B6.d.73C45FA15391BF5FEF820B5FBA43134D.e.5025","ELEMENT":"f.6AF3DC3554ABF6CF809F86825A1E03B6.d.73C45FA15391BF5FEF820B5FBA43134D.e.5025"}]}
COMMAND: POST /session/b82276ffbb9492990a85e43e5d9fdefc/execute/sync - {"script":"<script> [5351 bytes]","args":[{"element-6066-11e4-a52e-4f735466cecf":"f.6AF3DC3554ABF6CF809F86825A1E03B6.d.73C45FA15391BF5FEF820B5FBA43134D.e.5025","ELEMENT":"f.6AF3DC3554ABF6CF809F86825A1E03B6.d.73C45FA15391BF5FEF820B5FBA43134D.e.5025"}]}
COMMAND: GET /session/b82276ffbb9492990a85e43e5d9fdefc/screenshot - {}
RESULT: {}
RESULT: {"script":"<script> [5351 bytes]","args":[{"element-6066-11e4-a52e-4f735466cecf":"f.6AF3DC3554ABF6CF809F86825A1E03B6.d.73C45FA15391BF5FEF820B5FBA43134D.e.5025","ELEMENT":"f.6AF3DC3554ABF6CF809F86825A1E03B6.d.73C45FA15391BF5FEF820B5FBA43134D.e.5025"}]}
COMMAND: POST /session/b82276ffbb9492990a85e43e5d9fdefc/element - {"using":"css selector","value":"#shell-header-logo"}
COMMAND: GET /session/b82276ffbb9492990a85e43e5d9fdefc/screenshot - {}
RESULT: {"using":"css selector","value":"#shell-header-logo"}
COMMAND: POST /session/b82276ffbb9492990a85e43e5d9fdefc/element/f.6AF3DC3554ABF6CF809F86825A1E03B6.d.73C45FA15391BF5FEF820B5FBA43134D.e.5025/click - {}
RESULT: {}
RESULT: {}
COMMAND: GET /session/b82276ffbb9492990a85e43e5d9fdefc/screenshot - {}
RESULT: {}
COMMAND: POST /session/b82276ffbb9492990a85e43e5d9fdefc/execute/async - {"script":"<script> [189 bytes]","args":[]}
RESULT: {"script":"<script> [189 bytes]","args":[]}
COMMAND: POST /session/b82276ffbb9492990a85e43e5d9fdefc/execute/async - {"script":"<script> [123 bytes]","args":[]}
RESULT: {"script":"<script> [123 bytes]","args":[]}
COMMAND: POST /session/b82276ffbb9492990a85e43e5d9fdefc/timeouts - {"script":"<number>"}
RESULT: {"script":"<number>"}
COMMAND: GET /session/b82276ffbb9492990a85e43e5d9fdefc/timeouts - {}
RESULT: {}
RESULT: undefined
COMMAND: POST /session/b82276ffbb9492990a85e43e5d9fdefc/execute/async - {"script":"<script> [2676 bytes]","args":[]}
RESULT: {"script":"<script> [2676 bytes]","args":[]}
COMMAND: POST /session/b82276ffbb9492990a85e43e5d9fdefc/execute/async - {"script":"<script> [2342 bytes]","args":[{"protocol":"http","hostname":"0.0.0.0","path":"/","capabilities":{"browserName":"chrome","goog:chromeOptions":{"binary":"C:\\Program Files\\Google\\Chrome\\Application\\chrome.exe","args":["--start-maximized"]}},"logLevel":"warn","connectionRetryTimeout":120000,"connectionRetryCount":3,"logLevels":{},"enableDirectConnect":true,"strictSSL":true,"_":"65 more keys: [\"cacheDir\",\"port\",\"requestedCapabilities\",\"automationProtocol\",\"baseUrl\",\"waitforInterval\",\"waitforTimeout\",\"onReload\",\"beforeCommand\",\"afterCommand\",\"rootDir\",\"specs\",\"suites\",\"exclude\",\"groupLogsByTestSpec\",\"excludeDriverLogs\",\"bail\",\"framework\",\"reporters\",\"services\",\"maxInstances\",\"maxInstancesPerCapability\",\"injectGlobals\",\"filesToWatch\",\"execArgv\",\"runnerEnv\",\"runner\",\"shard\",\"specFileRetries\",\"specFileRetriesDelay\",\"specFileRetriesDeferred\",\"reporterSyncInterval\",\"reporterSyncTimeout\",\"cucumberFeaturesWithLineNumbers\",\"autoCompileOpts\",\"mochaOpts\",\"jasmineOpts\",\"cucumberOpts\",\"onPrepare\",\"onWorkerStart\",\"onWorkerEnd\",\"before\",\"beforeSession\",\"beforeSuite\",\"beforeHook\",\"beforeTest\",\"afterTest\",\"afterHook\",\"afterSuite\",\"afterSession\",\"after\",\"onComplete\",\"beforeAssertion\",\"afterAssertion\",\"beforeFeature\",\"beforeScenario\",\"beforeStep\",\"afterStep\",\"afterScenario\",\"afterFeature\",\"_\",\"suite\",\"$0\",\"ignoredWorkerServices\",\"wdi5\"]"}]}
RESULT: {"script":"<script> [2342 bytes]","args":[{"protocol":"http","hostname":"0.0.0.0","path":"/","capabilities":{"browserName":"chrome","goog:chromeOptions":{"binary":"C:\\Program Files\\Google\\Chrome\\Application\\chrome.exe","args":["--start-maximized"]}},"logLevel":"warn","connectionRetryTimeout":120000,"connectionRetryCount":3,"logLevels":{},"enableDirectConnect":true,"strictSSL":true,"_":"65 more keys: [\"cacheDir\",\"port\",\"requestedCapabilities\",\"automationProtocol\",\"baseUrl\",\"waitforInterval\",\"waitforTimeout\",\"onReload\",\"beforeCommand\",\"afterCommand\",\"rootDir\",\"specs\",\"suites\",\"exclude\",\"groupLogsByTestSpec\",\"excludeDriverLogs\",\"bail\",\"framework\",\"reporters\",\"services\",\"maxInstances\",\"maxInstancesPerCapability\",\"injectGlobals\",\"filesToWatch\",\"execArgv\",\"runnerEnv\",\"runner\",\"shard\",\"specFileRetries\",\"specFileRetriesDelay\",\"specFileRetriesDeferred\",\"reporterSyncInterval\",\"reporterSyncTimeout\",\"cucumberFeaturesWithLineNumbers\",\"autoCompileOpts\",\"mochaOpts\",\"jasmineOpts\",\"cucumberOpts\",\"onPrepare\",\"onWorkerStart\",\"onWorkerEnd\",\"before\",\"beforeSession\",\"beforeSuite\",\"beforeHook\",\"beforeTest\",\"afterTest\",\"afterHook\",\"afterSuite\",\"afterSession\",\"after\",\"onComplete\",\"beforeAssertion\",\"afterAssertion\",\"beforeFeature\",\"beforeScenario\",\"beforeStep\",\"afterStep\",\"afterScenario\",\"afterFeature\",\"_\",\"suite\",\"$0\",\"ignoredWorkerServices\",\"wdi5\"]"}]}
COMMAND: POST /session/b82276ffbb9492990a85e43e5d9fdefc/execute/async - {"script":"<script> [21126 bytes]","args":[35000]}
RESULT: {"script":"<script> [21126 bytes]","args":[35000]}
COMMAND: POST /session/b82276ffbb9492990a85e43e5d9fdefc/window/maximize - {}
RESULT: {}
COMMAND: POST /session/b82276ffbb9492990a85e43e5d9fdefc/execute/async - {"script":"<script> [1562 bytes]","args":[{"selector":{"id":"shell-header","interaction":{"idSuffix":"icon"}},"wdio_ui5_key":"shellheader"}]}
COMMAND: GET /session/b82276ffbb9492990a85e43e5d9fdefc/screenshot - {}
RESULT: {"script":"<script> [1562 bytes]","args":[{"selector":{"id":"shell-header","interaction":{"idSuffix":"icon"}},"wdio_ui5_key":"shellheader"}]}
RESULT: undefined
COMMAND: POST /session/b82276ffbb9492990a85e43e5d9fdefc/window/fullscreen - {}
RESULT: {}
RESULT: {}
]]></system-out>
    </testcase>
  </testsuite>
  <testsuite timestamp="2025-05-21T15:54:55" time="230.099" tests="1" failures="0" errors="0" skipped="0">
    <properties>
      <property name="specId" value="0"/>
      <property name="suiteName" value="Create masterdata for Yard Overview - trigger provide US130988"/>
      <property name="capabilities" value="chrome.136_0_7103_93.windows"/>
      <property name="file" value="file:///D:/a/1/s/test/specs/HTR/site-overview-return.spec.js"/>
    </properties>
    <testcase classname="chrome.136_0_7103_93.windows.Create_masterdata_for_Yard_Overview_-_trigger_provide_US130988" name="Should navigate to site overview and trigger return" time="208.752">
      <system-out><![CDATA[
COMMAND: POST /session/b82276ffbb9492990a85e43e5d9fdefc/execute/async - {"script":"<script> [1562 bytes]","args":[{"selector":{"controlType":"sap.m.GenericTile","properties":{"header":"Site Overview"}},"wdio_ui5_key":"sapm.GenericTile{\"header\":\"Site Overview\"}"}]}
RESULT: {"script":"<script> [1562 bytes]","args":[{"selector":{"controlType":"sap.m.GenericTile","properties":{"header":"Site Overview"}},"wdio_ui5_key":"sapm.GenericTile{\"header\":\"Site Overview\"}"}]}
RESULT: undefined
COMMAND: POST /session/b82276ffbb9492990a85e43e5d9fdefc/element - {"using":"xpath","value":"//*[@id=\"__tile100\"]"}
RESULT: {"using":"xpath","value":"//*[@id=\"__tile100\"]"}
COMMAND: POST /session/b82276ffbb9492990a85e43e5d9fdefc/element/f.6AF3DC3554ABF6CF809F86825A1E03B6.d.73C45FA15391BF5FEF820B5FBA43134D.e.5148/click - {}
RESULT: {}
COMMAND: GET /session/b82276ffbb9492990a85e43e5d9fdefc/screenshot - {}
RESULT: {}
COMMAND: POST /session/b82276ffbb9492990a85e43e5d9fdefc/elements - {"using":"xpath","value":"//span[text()='Error']"}
RESULT: {"using":"xpath","value":"//span[text()='Error']"}
COMMAND: POST /session/b82276ffbb9492990a85e43e5d9fdefc/element - {"using":"xpath","value":"//input[contains(@id,\"smartFilterBar-btnBasicSearch-I\")]"}
RESULT: {"using":"xpath","value":"//input[contains(@id,\"smartFilterBar-btnBasicSearch-I\")]"}
COMMAND: POST /session/b82276ffbb9492990a85e43e5d9fdefc/elements - {"using":"xpath","value":"//input[contains(@id,\"smartFilterBar-btnBasicSearch-I\")]"}
RESULT: {"using":"xpath","value":"//input[contains(@id,\"smartFilterBar-btnBasicSearch-I\")]"}
COMMAND: POST /session/b82276ffbb9492990a85e43e5d9fdefc/elements - {"using":"xpath","value":"//input[contains(@id,\"smartFilterBar-btnBasicSearch-I\")]"}
RESULT: {"using":"xpath","value":"//input[contains(@id,\"smartFilterBar-btnBasicSearch-I\")]"}
COMMAND: POST /session/b82276ffbb9492990a85e43e5d9fdefc/elements - {"using":"xpath","value":"//input[contains(@id,\"smartFilterBar-btnBasicSearch-I\")]"}
RESULT: {"using":"xpath","value":"//input[contains(@id,\"smartFilterBar-btnBasicSearch-I\")]"}
COMMAND: POST /session/b82276ffbb9492990a85e43e5d9fdefc/element - {"using":"xpath","value":"//input[contains(@id,\"smartFilterBar-btnBasicSearch-I\")]"}
RESULT: {"using":"xpath","value":"//input[contains(@id,\"smartFilterBar-btnBasicSearch-I\")]"}
COMMAND: POST /session/b82276ffbb9492990a85e43e5d9fdefc/execute/sync - {"script":"<script> [8489 bytes]","args":[{"element-6066-11e4-a52e-4f735466cecf":"f.6AF3DC3554ABF6CF809F86825A1E03B6.d.73C45FA15391BF5FEF820B5FBA43134D.e.5171","ELEMENT":"f.6AF3DC3554ABF6CF809F86825A1E03B6.d.73C45FA15391BF5FEF820B5FBA43134D.e.5171"}]}
RESULT: {"script":"<script> [8489 bytes]","args":[{"element-6066-11e4-a52e-4f735466cecf":"f.6AF3DC3554ABF6CF809F86825A1E03B6.d.73C45FA15391BF5FEF820B5FBA43134D.e.5171","ELEMENT":"f.6AF3DC3554ABF6CF809F86825A1E03B6.d.73C45FA15391BF5FEF820B5FBA43134D.e.5171"}]}
COMMAND: GET /session/b82276ffbb9492990a85e43e5d9fdefc/element/f.6AF3DC3554ABF6CF809F86825A1E03B6.d.73C45FA15391BF5FEF820B5FBA43134D.e.5171/enabled - {}
COMMAND: GET /session/b82276ffbb9492990a85e43e5d9fdefc/screenshot - {}
RESULT: {}
COMMAND: POST /session/b82276ffbb9492990a85e43e5d9fdefc/execute/sync - {"script":"<script> [8489 bytes]","args":[{"element-6066-11e4-a52e-4f735466cecf":"f.6AF3DC3554ABF6CF809F86825A1E03B6.d.73C45FA15391BF5FEF820B5FBA43134D.e.5171","ELEMENT":"f.6AF3DC3554ABF6CF809F86825A1E03B6.d.73C45FA15391BF5FEF820B5FBA43134D.e.5171"}]}
COMMAND: GET /session/b82276ffbb9492990a85e43e5d9fdefc/screenshot - {}
RESULT: {}
RESULT: {"script":"<script> [8489 bytes]","args":[{"element-6066-11e4-a52e-4f735466cecf":"f.6AF3DC3554ABF6CF809F86825A1E03B6.d.73C45FA15391BF5FEF820B5FBA43134D.e.5171","ELEMENT":"f.6AF3DC3554ABF6CF809F86825A1E03B6.d.73C45FA15391BF5FEF820B5FBA43134D.e.5171"}]}
COMMAND: POST /session/b82276ffbb9492990a85e43e5d9fdefc/execute/sync - {"script":"<script> [5351 bytes]","args":[{"element-6066-11e4-a52e-4f735466cecf":"f.6AF3DC3554ABF6CF809F86825A1E03B6.d.73C45FA15391BF5FEF820B5FBA43134D.e.5171","ELEMENT":"f.6AF3DC3554ABF6CF809F86825A1E03B6.d.73C45FA15391BF5FEF820B5FBA43134D.e.5171"}]}
COMMAND: GET /session/b82276ffbb9492990a85e43e5d9fdefc/screenshot - {}
RESULT: {}
RESULT: {"script":"<script> [5351 bytes]","args":[{"element-6066-11e4-a52e-4f735466cecf":"f.6AF3DC3554ABF6CF809F86825A1E03B6.d.73C45FA15391BF5FEF820B5FBA43134D.e.5171","ELEMENT":"f.6AF3DC3554ABF6CF809F86825A1E03B6.d.73C45FA15391BF5FEF820B5FBA43134D.e.5171"}]}
COMMAND: GET /session/b82276ffbb9492990a85e43e5d9fdefc/screenshot - {}
RESULT: {}
RESULT: {}
COMMAND: POST /session/b82276ffbb9492990a85e43e5d9fdefc/element/f.6AF3DC3554ABF6CF809F86825A1E03B6.d.73C45FA15391BF5FEF820B5FBA43134D.e.5171/clear - {}
RESULT: {}
COMMAND: POST /session/b82276ffbb9492990a85e43e5d9fdefc/element/f.6AF3DC3554ABF6CF809F86825A1E03B6.d.73C45FA15391BF5FEF820B5FBA43134D.e.5171/value - {"text":"2332"}
COMMAND: GET /session/b82276ffbb9492990a85e43e5d9fdefc/screenshot - {}
RESULT: {"text":"2332"}
COMMAND: GET /session/b82276ffbb9492990a85e43e5d9fdefc/screenshot - {}
RESULT: {}
RESULT: {}
COMMAND: POST /session/b82276ffbb9492990a85e43e5d9fdefc/actions - {"actions":[{"id":"action16","type":"key","parameters":{},"actions":[{"type":"keyDown","value":""},{"type":"pause","duration":10},{"type":"keyUp","value":""}]}]}
RESULT: {"actions":[{"id":"action16","type":"key","parameters":{},"actions":[{"type":"keyDown","value":""},{"type":"pause","duration":10},{"type":"keyUp","value":""}]}]}
COMMAND: GET /session/b82276ffbb9492990a85e43e5d9fdefc/screenshot - {}
RESULT: {}
COMMAND: POST /session/b82276ffbb9492990a85e43e5d9fdefc/element - {"using":"xpath","value":"//span[contains(@id, \"smartTable-header-inner\")]"}
RESULT: {"using":"xpath","value":"//span[contains(@id, \"smartTable-header-inner\")]"}
COMMAND: POST /session/b82276ffbb9492990a85e43e5d9fdefc/elements - {"using":"xpath","value":"//span[contains(@id, \"smartTable-header-inner\")]"}
RESULT: {"using":"xpath","value":"//span[contains(@id, \"smartTable-header-inner\")]"}
COMMAND: POST /session/b82276ffbb9492990a85e43e5d9fdefc/execute/sync - {"script":"<script> [56 bytes]","args":[{"element-6066-11e4-a52e-4f735466cecf":"f.6AF3DC3554ABF6CF809F86825A1E03B6.d.73C45FA15391BF5FEF820B5FBA43134D.e.5276","ELEMENT":"f.6AF3DC3554ABF6CF809F86825A1E03B6.d.73C45FA15391BF5FEF820B5FBA43134D.e.5276"}]}
RESULT: {"script":"<script> [56 bytes]","args":[{"element-6066-11e4-a52e-4f735466cecf":"f.6AF3DC3554ABF6CF809F86825A1E03B6.d.73C45FA15391BF5FEF820B5FBA43134D.e.5276","ELEMENT":"f.6AF3DC3554ABF6CF809F86825A1E03B6.d.73C45FA15391BF5FEF820B5FBA43134D.e.5276"}]}
COMMAND: POST /session/b82276ffbb9492990a85e43e5d9fdefc/element - {"using":"xpath","value":"(//span[contains(@id, \"imgNav\")])[1]"}
COMMAND: GET /session/b82276ffbb9492990a85e43e5d9fdefc/screenshot - {}
RESULT: {"using":"xpath","value":"(//span[contains(@id, \"imgNav\")])[1]"}
COMMAND: POST /session/b82276ffbb9492990a85e43e5d9fdefc/element/f.6AF3DC3554ABF6CF809F86825A1E03B6.d.73C45FA15391BF5FEF820B5FBA43134D.e.5275/click - {}
RESULT: {}
RESULT: {}
COMMAND: GET /session/b82276ffbb9492990a85e43e5d9fdefc/screenshot - {}
RESULT: {}
COMMAND: POST /session/b82276ffbb9492990a85e43e5d9fdefc/execute/async - {"script":"<script> [1562 bytes]","args":[{"selector":{"id":"application-siteinventory-display-component---detailSiteInventory--onSite-triggerAction-returnBtn","interaction":{"idSuffix":"BDI-content"}},"wdio_ui5_key":"applicationsiteinventory-display-component---detailSiteInventory--onSite-triggerAction-returnBtn"}]}
RESULT: {"script":"<script> [1562 bytes]","args":[{"selector":{"id":"application-siteinventory-display-component---detailSiteInventory--onSite-triggerAction-returnBtn","interaction":{"idSuffix":"BDI-content"}},"wdio_ui5_key":"applicationsiteinventory-display-component---detailSiteInventory--onSite-triggerAction-returnBtn"}]}
RESULT: undefined
COMMAND: POST /session/b82276ffbb9492990a85e43e5d9fdefc/element - {"using":"xpath","value":"//*[@id=\"application-siteinventory-display-component---detailSiteInventory--onSite-triggerAction-returnBtn\"]"}
RESULT: {"using":"xpath","value":"//*[@id=\"application-siteinventory-display-component---detailSiteInventory--onSite-triggerAction-returnBtn\"]"}
COMMAND: POST /session/b82276ffbb9492990a85e43e5d9fdefc/element/f.6AF3DC3554ABF6CF809F86825A1E03B6.d.73C45FA15391BF5FEF820B5FBA43134D.e.5308/click - {}
RESULT: {}
COMMAND: GET /session/b82276ffbb9492990a85e43e5d9fdefc/screenshot - {}
RESULT: {}
COMMAND: POST /session/b82276ffbb9492990a85e43e5d9fdefc/execute/async - {"script":"<script> [1562 bytes]","args":[{"selector":{"id":"application-siteinventory-display-component---detailSiteInventory--smartSiteHoItemsTable-sa","interaction":{"idSuffix":"CbBg"}},"wdio_ui5_key":"applicationsiteinventory-display-component---detailSiteInventory--smartSiteHoItemsTable-sa"}]}
RESULT: {"script":"<script> [1562 bytes]","args":[{"selector":{"id":"application-siteinventory-display-component---detailSiteInventory--smartSiteHoItemsTable-sa","interaction":{"idSuffix":"CbBg"}},"wdio_ui5_key":"applicationsiteinventory-display-component---detailSiteInventory--smartSiteHoItemsTable-sa"}]}
RESULT: undefined
COMMAND: POST /session/b82276ffbb9492990a85e43e5d9fdefc/element - {"using":"xpath","value":"//*[@id=\"application-siteinventory-display-component---detailSiteInventory--smartSiteHoItemsTable-sa\"]"}
RESULT: {"using":"xpath","value":"//*[@id=\"application-siteinventory-display-component---detailSiteInventory--smartSiteHoItemsTable-sa\"]"}
COMMAND: POST /session/b82276ffbb9492990a85e43e5d9fdefc/element/f.6AF3DC3554ABF6CF809F86825A1E03B6.d.73C45FA15391BF5FEF820B5FBA43134D.e.5392/click - {}
RESULT: {}
COMMAND: GET /session/b82276ffbb9492990a85e43e5d9fdefc/screenshot - {}
RESULT: {}
RESULT: undefined
COMMAND: POST /session/b82276ffbb9492990a85e43e5d9fdefc/element - {"using":"xpath","value":"//*[@id=\"application-siteinventory-display-component---detailSiteInventory--onSite-triggerAction-returnBtn\"]"}
RESULT: {"using":"xpath","value":"//*[@id=\"application-siteinventory-display-component---detailSiteInventory--onSite-triggerAction-returnBtn\"]"}
COMMAND: POST /session/b82276ffbb9492990a85e43e5d9fdefc/element/f.6AF3DC3554ABF6CF809F86825A1E03B6.d.73C45FA15391BF5FEF820B5FBA43134D.e.5308/click - {}
RESULT: {}
COMMAND: GET /session/b82276ffbb9492990a85e43e5d9fdefc/screenshot - {}
RESULT: {}
COMMAND: POST /session/b82276ffbb9492990a85e43e5d9fdefc/actions - {"actions":[{"id":"action17","type":"key","parameters":{},"actions":[{"type":"keyDown","value":""},{"type":"pause","duration":10},{"type":"keyUp","value":""}]}]}
RESULT: {"actions":[{"id":"action17","type":"key","parameters":{},"actions":[{"type":"keyDown","value":""},{"type":"pause","duration":10},{"type":"keyUp","value":""}]}]}
COMMAND: GET /session/b82276ffbb9492990a85e43e5d9fdefc/screenshot - {}
RESULT: {}
COMMAND: POST /session/b82276ffbb9492990a85e43e5d9fdefc/execute/async - {"script":"<script> [1562 bytes]","args":[{"selector":{"id":"application-siteinventory-display-component---detailSiteInventory--hoItemsSmartTable-btnPersonalisation-img"},"wdio_ui5_key":"applicationsiteinventory-display-component---detailSiteInventory--hoItemsSmartTable-btnPersonalisation-img"}]}
RESULT: {"script":"<script> [1562 bytes]","args":[{"selector":{"id":"application-siteinventory-display-component---detailSiteInventory--hoItemsSmartTable-btnPersonalisation-img"},"wdio_ui5_key":"applicationsiteinventory-display-component---detailSiteInventory--hoItemsSmartTable-btnPersonalisation-img"}]}
RESULT: undefined
COMMAND: POST /session/b82276ffbb9492990a85e43e5d9fdefc/element - {"using":"xpath","value":"//*[@id=\"application-siteinventory-display-component---detailSiteInventory--hoItemsSmartTable-btnPersonalisation-img\"]"}
RESULT: {"using":"xpath","value":"//*[@id=\"application-siteinventory-display-component---detailSiteInventory--hoItemsSmartTable-btnPersonalisation-img\"]"}
COMMAND: POST /session/b82276ffbb9492990a85e43e5d9fdefc/element/f.6AF3DC3554ABF6CF809F86825A1E03B6.d.73C45FA15391BF5FEF820B5FBA43134D.e.5317/click - {}
RESULT: {}
COMMAND: GET /session/b82276ffbb9492990a85e43e5d9fdefc/screenshot - {}
RESULT: {}
COMMAND: POST /session/b82276ffbb9492990a85e43e5d9fdefc/element - {"using":"xpath","value":"//input[contains(@id ,\"searchField-I\")]"}
RESULT: {"using":"xpath","value":"//input[contains(@id ,\"searchField-I\")]"}
COMMAND: POST /session/b82276ffbb9492990a85e43e5d9fdefc/element/f.6AF3DC3554ABF6CF809F86825A1E03B6.d.73C45FA15391BF5FEF820B5FBA43134D.e.5400/clear - {}
RESULT: {}
COMMAND: POST /session/b82276ffbb9492990a85e43e5d9fdefc/element/f.6AF3DC3554ABF6CF809F86825A1E03B6.d.73C45FA15391BF5FEF820B5FBA43134D.e.5400/value - {"text":"Handover Returned"}
COMMAND: GET /session/b82276ffbb9492990a85e43e5d9fdefc/screenshot - {}
RESULT: {"text":"Handover Returned"}
COMMAND: GET /session/b82276ffbb9492990a85e43e5d9fdefc/screenshot - {}
RESULT: {}
RESULT: {}
COMMAND: POST /session/b82276ffbb9492990a85e43e5d9fdefc/element - {"using":"xpath","value":"//div[contains(@id ,\"innerSelectionPanelTable-sa-CbBg\")]"}
RESULT: {"using":"xpath","value":"//div[contains(@id ,\"innerSelectionPanelTable-sa-CbBg\")]"}
COMMAND: POST /session/b82276ffbb9492990a85e43e5d9fdefc/element/f.6AF3DC3554ABF6CF809F86825A1E03B6.d.73C45FA15391BF5FEF820B5FBA43134D.e.5425/click - {}
RESULT: {}
COMMAND: POST /session/b82276ffbb9492990a85e43e5d9fdefc/execute/async - {"script":"<script> [1562 bytes]","args":[{"selector":{"controlType":"sap.m.Button","viewName":"etm.portal.ui.siteinventory.view.Detail","viewId":"application-siteinventory-display-component---detailSiteInventory","properties":{"text":"OK"},"searchOpenDialogs":true,"interaction":{"idSuffix":"BDI-content"}},"wdio_ui5_key":"etmportal.ui.siteinventory.view.Detailsap.m.Button{\"text\":\"OK\"}"}]}
COMMAND: GET /session/b82276ffbb9492990a85e43e5d9fdefc/screenshot - {}
RESULT: {"script":"<script> [1562 bytes]","args":[{"selector":{"controlType":"sap.m.Button","viewName":"etm.portal.ui.siteinventory.view.Detail","viewId":"application-siteinventory-display-component---detailSiteInventory","properties":{"text":"OK"},"searchOpenDialogs":true,"interaction":{"idSuffix":"BDI-content"}},"wdio_ui5_key":"etmportal.ui.siteinventory.view.Detailsap.m.Button{\"text\":\"OK\"}"}]}
RESULT: undefined
COMMAND: POST /session/b82276ffbb9492990a85e43e5d9fdefc/element - {"using":"xpath","value":"//*[@id=\"__popup37-confirmBtn\"]"}
RESULT: {}
RESULT: {"using":"xpath","value":"//*[@id=\"__popup37-confirmBtn\"]"}
COMMAND: POST /session/b82276ffbb9492990a85e43e5d9fdefc/element/f.6AF3DC3554ABF6CF809F86825A1E03B6.d.73C45FA15391BF5FEF820B5FBA43134D.e.5427/click - {}
RESULT: {}
COMMAND: GET /session/b82276ffbb9492990a85e43e5d9fdefc/screenshot - {}
RESULT: {}
COMMAND: POST /session/b82276ffbb9492990a85e43e5d9fdefc/element - {"using":"css selector","value":"#shell-header-logo"}
RESULT: {"using":"css selector","value":"#shell-header-logo"}
COMMAND: POST /session/b82276ffbb9492990a85e43e5d9fdefc/element/f.6AF3DC3554ABF6CF809F86825A1E03B6.d.73C45FA15391BF5FEF820B5FBA43134D.e.5025/click - {}
RESULT: {}
COMMAND: GET /session/b82276ffbb9492990a85e43e5d9fdefc/screenshot - {}
RESULT: {}
COMMAND: POST /session/b82276ffbb9492990a85e43e5d9fdefc/execute/async - {"script":"<script> [1562 bytes]","args":[{"selector":{"controlType":"sap.m.GenericTile","properties":{"header":"Manage Handovers"}},"wdio_ui5_key":"sapm.GenericTile{\"header\":\"Manage Handovers\"}"}]}
RESULT: {"script":"<script> [1562 bytes]","args":[{"selector":{"controlType":"sap.m.GenericTile","properties":{"header":"Manage Handovers"}},"wdio_ui5_key":"sapm.GenericTile{\"header\":\"Manage Handovers\"}"}]}
RESULT: undefined
COMMAND: POST /session/b82276ffbb9492990a85e43e5d9fdefc/element - {"using":"xpath","value":"//*[@id=\"__tile133\"]"}
RESULT: {"using":"xpath","value":"//*[@id=\"__tile133\"]"}
COMMAND: POST /session/b82276ffbb9492990a85e43e5d9fdefc/element/f.6AF3DC3554ABF6CF809F86825A1E03B6.d.73C45FA15391BF5FEF820B5FBA43134D.e.5076/click - {}
RESULT: {}
COMMAND: GET /session/b82276ffbb9492990a85e43e5d9fdefc/screenshot - {}
RESULT: {}
COMMAND: POST /session/b82276ffbb9492990a85e43e5d9fdefc/elements - {"using":"xpath","value":"//span[text()='Error']"}
RESULT: {"using":"xpath","value":"//span[text()='Error']"}
COMMAND: POST /session/b82276ffbb9492990a85e43e5d9fdefc/element - {"using":"xpath","value":"//button[@data-kt=\"masterHOAddButton\"]"}
RESULT: {"using":"xpath","value":"//button[@data-kt=\"masterHOAddButton\"]"}
COMMAND: POST /session/b82276ffbb9492990a85e43e5d9fdefc/elements - {"using":"xpath","value":"//button[@data-kt=\"masterHOAddButton\"]"}
RESULT: {"using":"xpath","value":"//button[@data-kt=\"masterHOAddButton\"]"}
COMMAND: POST /session/b82276ffbb9492990a85e43e5d9fdefc/execute/sync - {"script":"<script> [8489 bytes]","args":[{"element-6066-11e4-a52e-4f735466cecf":"f.6AF3DC3554ABF6CF809F86825A1E03B6.d.73C45FA15391BF5FEF820B5FBA43134D.e.5476","ELEMENT":"f.6AF3DC3554ABF6CF809F86825A1E03B6.d.73C45FA15391BF5FEF820B5FBA43134D.e.5476"}]}
RESULT: {"script":"<script> [8489 bytes]","args":[{"element-6066-11e4-a52e-4f735466cecf":"f.6AF3DC3554ABF6CF809F86825A1E03B6.d.73C45FA15391BF5FEF820B5FBA43134D.e.5476","ELEMENT":"f.6AF3DC3554ABF6CF809F86825A1E03B6.d.73C45FA15391BF5FEF820B5FBA43134D.e.5476"}]}
COMMAND: GET /session/b82276ffbb9492990a85e43e5d9fdefc/element/f.6AF3DC3554ABF6CF809F86825A1E03B6.d.73C45FA15391BF5FEF820B5FBA43134D.e.5476/enabled - {}
COMMAND: GET /session/b82276ffbb9492990a85e43e5d9fdefc/screenshot - {}
RESULT: {}
COMMAND: POST /session/b82276ffbb9492990a85e43e5d9fdefc/execute/sync - {"script":"<script> [8489 bytes]","args":[{"element-6066-11e4-a52e-4f735466cecf":"f.6AF3DC3554ABF6CF809F86825A1E03B6.d.73C45FA15391BF5FEF820B5FBA43134D.e.5476","ELEMENT":"f.6AF3DC3554ABF6CF809F86825A1E03B6.d.73C45FA15391BF5FEF820B5FBA43134D.e.5476"}]}
COMMAND: GET /session/b82276ffbb9492990a85e43e5d9fdefc/screenshot - {}
RESULT: {}
RESULT: {"script":"<script> [8489 bytes]","args":[{"element-6066-11e4-a52e-4f735466cecf":"f.6AF3DC3554ABF6CF809F86825A1E03B6.d.73C45FA15391BF5FEF820B5FBA43134D.e.5476","ELEMENT":"f.6AF3DC3554ABF6CF809F86825A1E03B6.d.73C45FA15391BF5FEF820B5FBA43134D.e.5476"}]}
COMMAND: POST /session/b82276ffbb9492990a85e43e5d9fdefc/execute/sync - {"script":"<script> [5351 bytes]","args":[{"element-6066-11e4-a52e-4f735466cecf":"f.6AF3DC3554ABF6CF809F86825A1E03B6.d.73C45FA15391BF5FEF820B5FBA43134D.e.5476","ELEMENT":"f.6AF3DC3554ABF6CF809F86825A1E03B6.d.73C45FA15391BF5FEF820B5FBA43134D.e.5476"}]}
COMMAND: GET /session/b82276ffbb9492990a85e43e5d9fdefc/screenshot - {}
RESULT: {}
RESULT: {"script":"<script> [5351 bytes]","args":[{"element-6066-11e4-a52e-4f735466cecf":"f.6AF3DC3554ABF6CF809F86825A1E03B6.d.73C45FA15391BF5FEF820B5FBA43134D.e.5476","ELEMENT":"f.6AF3DC3554ABF6CF809F86825A1E03B6.d.73C45FA15391BF5FEF820B5FBA43134D.e.5476"}]}
COMMAND: GET /session/b82276ffbb9492990a85e43e5d9fdefc/screenshot - {}
RESULT: {}
RESULT: {}
COMMAND: POST /session/b82276ffbb9492990a85e43e5d9fdefc/element - {"using":"xpath","value":"//span[contains(@id ,\"filterItemControl_BASIC-SEND_CONTRACT-vhi\")]"}
RESULT: {"using":"xpath","value":"//span[contains(@id ,\"filterItemControl_BASIC-SEND_CONTRACT-vhi\")]"}
COMMAND: POST /session/b82276ffbb9492990a85e43e5d9fdefc/element/f.6AF3DC3554ABF6CF809F86825A1E03B6.d.73C45FA15391BF5FEF820B5FBA43134D.e.5508/click - {}
RESULT: {}
COMMAND: GET /session/b82276ffbb9492990a85e43e5d9fdefc/screenshot - {}
RESULT: {}
COMMAND: POST /session/b82276ffbb9492990a85e43e5d9fdefc/execute/async - {"script":"<script> [1562 bytes]","args":[{"selector":{"controlType":"sap.m.SearchField","viewName":"etm.portal.ui.managehandovers.view.MasterHO","bindingPath":{"path":"","propertyPath":"/_BASIC_SEARCH_FIELD","modelName":"fi1t3rM0d31"},"searchOpenDialogs":true,"interaction":{"idSuffix":"I"}},"wdio_ui5_key":"etmportal.ui.managehandovers.view.MasterHOsap.m.SearchField{\"path\":\"\",\"propertyPath\":\"/_BASIC_SEARCH_FIELD\",\"modelName\":\"fi1t3rM0d31\"}"}]}
RESULT: {"script":"<script> [1562 bytes]","args":[{"selector":{"controlType":"sap.m.SearchField","viewName":"etm.portal.ui.managehandovers.view.MasterHO","bindingPath":{"path":"","propertyPath":"/_BASIC_SEARCH_FIELD","modelName":"fi1t3rM0d31"},"searchOpenDialogs":true,"interaction":{"idSuffix":"I"}},"wdio_ui5_key":"etmportal.ui.managehandovers.view.MasterHOsap.m.SearchField{\"path\":\"\",\"propertyPath\":\"/_BASIC_SEARCH_FIELD\",\"modelName\":\"fi1t3rM0d31\"}"}]}
RESULT: undefined
COMMAND: POST /session/b82276ffbb9492990a85e43e5d9fdefc/execute/async - {"script":"<script> [776 bytes]","args":[{"enterText":"10471","selector":{"controlType":"sap.m.SearchField","viewName":"etm.portal.ui.managehandovers.view.MasterHO","bindingPath":{"path":"","propertyPath":"/_BASIC_SEARCH_FIELD","modelName":"fi1t3rM0d31"},"searchOpenDialogs":true,"interaction":{"idSuffix":"I"}},"clearTextFirst":true,"interactionType":"ENTER_TEXT"}]}
RESULT: {"script":"<script> [776 bytes]","args":[{"enterText":"10471","selector":{"controlType":"sap.m.SearchField","viewName":"etm.portal.ui.managehandovers.view.MasterHO","bindingPath":{"path":"","propertyPath":"/_BASIC_SEARCH_FIELD","modelName":"fi1t3rM0d31"},"searchOpenDialogs":true,"interaction":{"idSuffix":"I"}},"clearTextFirst":true,"interactionType":"ENTER_TEXT"}]}
COMMAND: POST /session/b82276ffbb9492990a85e43e5d9fdefc/actions - {"actions":[{"id":"action18","type":"key","parameters":{},"actions":[{"type":"keyDown","value":""},{"type":"pause","duration":10},{"type":"keyUp","value":""}]}]}
RESULT: {"actions":[{"id":"action18","type":"key","parameters":{},"actions":[{"type":"keyDown","value":""},{"type":"pause","duration":10},{"type":"keyUp","value":""}]}]}
COMMAND: GET /session/b82276ffbb9492990a85e43e5d9fdefc/screenshot - {}
RESULT: {}
COMMAND: POST /session/b82276ffbb9492990a85e43e5d9fdefc/element - {"using":"xpath","value":"//div[contains(@id, 'filterItemControl_BASIC-SEND_CONTRACT-valueHelpDialog-table-rowsel0')]"}
RESULT: {"using":"xpath","value":"//div[contains(@id, 'filterItemControl_BASIC-SEND_CONTRACT-valueHelpDialog-table-rowsel0')]"}
COMMAND: POST /session/b82276ffbb9492990a85e43e5d9fdefc/element/f.6AF3DC3554ABF6CF809F86825A1E03B6.d.73C45FA15391BF5FEF820B5FBA43134D.e.5520/click - {}
RESULT: {}
COMMAND: GET /session/b82276ffbb9492990a85e43e5d9fdefc/screenshot - {}
RESULT: {}
COMMAND: POST /session/b82276ffbb9492990a85e43e5d9fdefc/element - {"using":"xpath","value":"//bdi[contains(text(), \"OK\")]"}
RESULT: {"using":"xpath","value":"//bdi[contains(text(), \"OK\")]"}
COMMAND: POST /session/b82276ffbb9492990a85e43e5d9fdefc/element/f.6AF3DC3554ABF6CF809F86825A1E03B6.d.73C45FA15391BF5FEF820B5FBA43134D.e.5522/click - {}
RESULT: {}
COMMAND: GET /session/b82276ffbb9492990a85e43e5d9fdefc/screenshot - {}
RESULT: {}
COMMAND: POST /session/b82276ffbb9492990a85e43e5d9fdefc/element - {"using":"xpath","value":"//span[contains(@id, \"smartTable-header-inner\")]"}
RESULT: {"using":"xpath","value":"//span[contains(@id, \"smartTable-header-inner\")]"}
COMMAND: POST /session/b82276ffbb9492990a85e43e5d9fdefc/elements - {"using":"xpath","value":"//span[contains(@id, \"smartTable-header-inner\")]"}
RESULT: {"using":"xpath","value":"//span[contains(@id, \"smartTable-header-inner\")]"}
COMMAND: POST /session/b82276ffbb9492990a85e43e5d9fdefc/execute/sync - {"script":"<script> [56 bytes]","args":[{"element-6066-11e4-a52e-4f735466cecf":"f.6AF3DC3554ABF6CF809F86825A1E03B6.d.73C45FA15391BF5FEF820B5FBA43134D.e.5562","ELEMENT":"f.6AF3DC3554ABF6CF809F86825A1E03B6.d.73C45FA15391BF5FEF820B5FBA43134D.e.5562"}]}
RESULT: {"script":"<script> [56 bytes]","args":[{"element-6066-11e4-a52e-4f735466cecf":"f.6AF3DC3554ABF6CF809F86825A1E03B6.d.73C45FA15391BF5FEF820B5FBA43134D.e.5562","ELEMENT":"f.6AF3DC3554ABF6CF809F86825A1E03B6.d.73C45FA15391BF5FEF820B5FBA43134D.e.5562"}]}
COMMAND: POST /session/b82276ffbb9492990a85e43e5d9fdefc/element - {"using":"xpath","value":"//table[contains(@id, \"customHandovers\")]//tbody/tr[1]/td[2]/span"}
COMMAND: GET /session/b82276ffbb9492990a85e43e5d9fdefc/screenshot - {}
RESULT: {"using":"xpath","value":"//table[contains(@id, \"customHandovers\")]//tbody/tr[1]/td[2]/span"}
COMMAND: POST /session/b82276ffbb9492990a85e43e5d9fdefc/execute/sync - {"script":"<script> [56 bytes]","args":[{"element-6066-11e4-a52e-4f735466cecf":"f.6AF3DC3554ABF6CF809F86825A1E03B6.d.73C45FA15391BF5FEF820B5FBA43134D.e.5563","ELEMENT":"f.6AF3DC3554ABF6CF809F86825A1E03B6.d.73C45FA15391BF5FEF820B5FBA43134D.e.5563"}]}
RESULT: {}
RESULT: {"script":"<script> [56 bytes]","args":[{"element-6066-11e4-a52e-4f735466cecf":"f.6AF3DC3554ABF6CF809F86825A1E03B6.d.73C45FA15391BF5FEF820B5FBA43134D.e.5563","ELEMENT":"f.6AF3DC3554ABF6CF809F86825A1E03B6.d.73C45FA15391BF5FEF820B5FBA43134D.e.5563"}]}
COMMAND: POST /session/b82276ffbb9492990a85e43e5d9fdefc/element - {"using":"xpath","value":"(//span[contains(@id, \"imgNav\")])[1]"}
COMMAND: GET /session/b82276ffbb9492990a85e43e5d9fdefc/screenshot - {}
RESULT: {"using":"xpath","value":"(//span[contains(@id, \"imgNav\")])[1]"}
COMMAND: POST /session/b82276ffbb9492990a85e43e5d9fdefc/element/f.6AF3DC3554ABF6CF809F86825A1E03B6.d.73C45FA15391BF5FEF820B5FBA43134D.e.5561/click - {}
RESULT: {}
RESULT: {}
COMMAND: GET /session/b82276ffbb9492990a85e43e5d9fdefc/screenshot - {}
COMMAND: POST /session/b82276ffbb9492990a85e43e5d9fdefc/execute/async - {"script":"<script> [1562 bytes]","args":[{"selector":{"id":"issueDatePicker","viewName":"etm.portal.ui.managehandovers.view.DetailExecuteHO","interaction":{"idSuffix":"inner"}},"wdio_ui5_key":"issueDatePickeretmportal.ui.managehandovers.view.DetailExecuteHO"}]}
RESULT: {}
RESULT: {"script":"<script> [1562 bytes]","args":[{"selector":{"id":"issueDatePicker","viewName":"etm.portal.ui.managehandovers.view.DetailExecuteHO","interaction":{"idSuffix":"inner"}},"wdio_ui5_key":"issueDatePickeretmportal.ui.managehandovers.view.DetailExecuteHO"}]}
RESULT: undefined
COMMAND: POST /session/b82276ffbb9492990a85e43e5d9fdefc/execute/async - {"script":"<script> [776 bytes]","args":[{"enterText":"5/21/25","selector":{"id":"issueDatePicker","viewName":"etm.portal.ui.managehandovers.view.DetailExecuteHO","interaction":{"idSuffix":"inner"}},"clearTextFirst":true,"interactionType":"ENTER_TEXT"}]}
RESULT: {"script":"<script> [776 bytes]","args":[{"enterText":"5/21/25","selector":{"id":"issueDatePicker","viewName":"etm.portal.ui.managehandovers.view.DetailExecuteHO","interaction":{"idSuffix":"inner"}},"clearTextFirst":true,"interactionType":"ENTER_TEXT"}]}
COMMAND: POST /session/b82276ffbb9492990a85e43e5d9fdefc/element - {"using":"xpath","value":"//bdi[contains(text(), \"OK\")]"}
RESULT: {"using":"xpath","value":"//bdi[contains(text(), \"OK\")]"}
COMMAND: POST /session/b82276ffbb9492990a85e43e5d9fdefc/element/f.6AF3DC3554ABF6CF809F86825A1E03B6.d.73C45FA15391BF5FEF820B5FBA43134D.e.5667/click - {}
RESULT: {}
COMMAND: GET /session/b82276ffbb9492990a85e43e5d9fdefc/screenshot - {}
RESULT: {}
COMMAND: POST /session/b82276ffbb9492990a85e43e5d9fdefc/element - {"using":"xpath","value":"//button[@data-kt=\"PickingTableConfirmAllButton\"]"}
RESULT: {"using":"xpath","value":"//button[@data-kt=\"PickingTableConfirmAllButton\"]"}
COMMAND: POST /session/b82276ffbb9492990a85e43e5d9fdefc/element/f.6AF3DC3554ABF6CF809F86825A1E03B6.d.73C45FA15391BF5FEF820B5FBA43134D.e.5674/click - {}
RESULT: {}
COMMAND: GET /session/b82276ffbb9492990a85e43e5d9fdefc/screenshot - {}
RESULT: {}
COMMAND: POST /session/b82276ffbb9492990a85e43e5d9fdefc/element - {"using":"xpath","value":"//bdi[contains(text(), \"OK\")]"}
RESULT: {"using":"xpath","value":"//bdi[contains(text(), \"OK\")]"}
COMMAND: POST /session/b82276ffbb9492990a85e43e5d9fdefc/element/f.6AF3DC3554ABF6CF809F86825A1E03B6.d.73C45FA15391BF5FEF820B5FBA43134D.e.5677/click - {}
RESULT: {}
COMMAND: GET /session/b82276ffbb9492990a85e43e5d9fdefc/screenshot - {}
RESULT: {}
COMMAND: POST /session/b82276ffbb9492990a85e43e5d9fdefc/element - {"using":"xpath","value":"//button[@data-kt=\"execHoIssueButton\"]"}
RESULT: {"using":"xpath","value":"//button[@data-kt=\"execHoIssueButton\"]"}
COMMAND: POST /session/b82276ffbb9492990a85e43e5d9fdefc/element/f.6AF3DC3554ABF6CF809F86825A1E03B6.d.73C45FA15391BF5FEF820B5FBA43134D.e.5681/click - {}
RESULT: {}
COMMAND: GET /session/b82276ffbb9492990a85e43e5d9fdefc/screenshot - {}
RESULT: {}
COMMAND: POST /session/b82276ffbb9492990a85e43e5d9fdefc/element - {"using":"css selector","value":"#shell-header-logo"}
RESULT: {"using":"css selector","value":"#shell-header-logo"}
COMMAND: POST /session/b82276ffbb9492990a85e43e5d9fdefc/element/f.6AF3DC3554ABF6CF809F86825A1E03B6.d.73C45FA15391BF5FEF820B5FBA43134D.e.5446/click - {}
RESULT: {}
COMMAND: GET /session/b82276ffbb9492990a85e43e5d9fdefc/screenshot - {}
RESULT: {}
RESULT: undefined
COMMAND: POST /session/b82276ffbb9492990a85e43e5d9fdefc/element - {"using":"xpath","value":"//*[@id=\"__tile133\"]"}
RESULT: {"using":"xpath","value":"//*[@id=\"__tile133\"]"}
COMMAND: POST /session/b82276ffbb9492990a85e43e5d9fdefc/element/f.6AF3DC3554ABF6CF809F86825A1E03B6.d.73C45FA15391BF5FEF820B5FBA43134D.e.5076/click - {}
RESULT: {}
COMMAND: GET /session/b82276ffbb9492990a85e43e5d9fdefc/screenshot - {}
RESULT: {}
COMMAND: POST /session/b82276ffbb9492990a85e43e5d9fdefc/elements - {"using":"xpath","value":"//span[text()='Error']"}
RESULT: {"using":"xpath","value":"//span[text()='Error']"}
COMMAND: POST /session/b82276ffbb9492990a85e43e5d9fdefc/element - {"using":"xpath","value":"//button[@data-kt=\"masterHOAddButton\"]"}
RESULT: {"using":"xpath","value":"//button[@data-kt=\"masterHOAddButton\"]"}
COMMAND: POST /session/b82276ffbb9492990a85e43e5d9fdefc/elements - {"using":"xpath","value":"//button[@data-kt=\"masterHOAddButton\"]"}
RESULT: {"using":"xpath","value":"//button[@data-kt=\"masterHOAddButton\"]"}
COMMAND: POST /session/b82276ffbb9492990a85e43e5d9fdefc/execute/sync - {"script":"<script> [8489 bytes]","args":[{"element-6066-11e4-a52e-4f735466cecf":"f.6AF3DC3554ABF6CF809F86825A1E03B6.d.73C45FA15391BF5FEF820B5FBA43134D.e.5757","ELEMENT":"f.6AF3DC3554ABF6CF809F86825A1E03B6.d.73C45FA15391BF5FEF820B5FBA43134D.e.5757"}]}
RESULT: {"script":"<script> [8489 bytes]","args":[{"element-6066-11e4-a52e-4f735466cecf":"f.6AF3DC3554ABF6CF809F86825A1E03B6.d.73C45FA15391BF5FEF820B5FBA43134D.e.5757","ELEMENT":"f.6AF3DC3554ABF6CF809F86825A1E03B6.d.73C45FA15391BF5FEF820B5FBA43134D.e.5757"}]}
COMMAND: GET /session/b82276ffbb9492990a85e43e5d9fdefc/element/f.6AF3DC3554ABF6CF809F86825A1E03B6.d.73C45FA15391BF5FEF820B5FBA43134D.e.5757/enabled - {}
COMMAND: GET /session/b82276ffbb9492990a85e43e5d9fdefc/screenshot - {}
RESULT: {}
COMMAND: POST /session/b82276ffbb9492990a85e43e5d9fdefc/execute/sync - {"script":"<script> [8489 bytes]","args":[{"element-6066-11e4-a52e-4f735466cecf":"f.6AF3DC3554ABF6CF809F86825A1E03B6.d.73C45FA15391BF5FEF820B5FBA43134D.e.5757","ELEMENT":"f.6AF3DC3554ABF6CF809F86825A1E03B6.d.73C45FA15391BF5FEF820B5FBA43134D.e.5757"}]}
COMMAND: GET /session/b82276ffbb9492990a85e43e5d9fdefc/screenshot - {}
RESULT: {}
RESULT: {"script":"<script> [8489 bytes]","args":[{"element-6066-11e4-a52e-4f735466cecf":"f.6AF3DC3554ABF6CF809F86825A1E03B6.d.73C45FA15391BF5FEF820B5FBA43134D.e.5757","ELEMENT":"f.6AF3DC3554ABF6CF809F86825A1E03B6.d.73C45FA15391BF5FEF820B5FBA43134D.e.5757"}]}
COMMAND: POST /session/b82276ffbb9492990a85e43e5d9fdefc/execute/sync - {"script":"<script> [5351 bytes]","args":[{"element-6066-11e4-a52e-4f735466cecf":"f.6AF3DC3554ABF6CF809F86825A1E03B6.d.73C45FA15391BF5FEF820B5FBA43134D.e.5757","ELEMENT":"f.6AF3DC3554ABF6CF809F86825A1E03B6.d.73C45FA15391BF5FEF820B5FBA43134D.e.5757"}]}
COMMAND: GET /session/b82276ffbb9492990a85e43e5d9fdefc/screenshot - {}
RESULT: {}
RESULT: {"script":"<script> [5351 bytes]","args":[{"element-6066-11e4-a52e-4f735466cecf":"f.6AF3DC3554ABF6CF809F86825A1E03B6.d.73C45FA15391BF5FEF820B5FBA43134D.e.5757","ELEMENT":"f.6AF3DC3554ABF6CF809F86825A1E03B6.d.73C45FA15391BF5FEF820B5FBA43134D.e.5757"}]}
COMMAND: GET /session/b82276ffbb9492990a85e43e5d9fdefc/screenshot - {}
RESULT: {}
RESULT: {}
COMMAND: POST /session/b82276ffbb9492990a85e43e5d9fdefc/element - {"using":"xpath","value":"//input[contains(@id ,\"smartFilterBar-btnBasicSearch-I\")]"}
RESULT: {"using":"xpath","value":"//input[contains(@id ,\"smartFilterBar-btnBasicSearch-I\")]"}
COMMAND: POST /session/b82276ffbb9492990a85e43e5d9fdefc/element/f.6AF3DC3554ABF6CF809F86825A1E03B6.d.73C45FA15391BF5FEF820B5FBA43134D.e.5731/clear - {}
RESULT: {}
COMMAND: POST /session/b82276ffbb9492990a85e43e5d9fdefc/element/f.6AF3DC3554ABF6CF809F86825A1E03B6.d.73C45FA15391BF5FEF820B5FBA43134D.e.5731/value - {"text":"30943"}
COMMAND: GET /session/b82276ffbb9492990a85e43e5d9fdefc/screenshot - {}
RESULT: {"text":"30943"}
COMMAND: GET /session/b82276ffbb9492990a85e43e5d9fdefc/screenshot - {}
RESULT: {}
RESULT: {}
COMMAND: POST /session/b82276ffbb9492990a85e43e5d9fdefc/actions - {"actions":[{"id":"action19","type":"key","parameters":{},"actions":[{"type":"keyDown","value":""},{"type":"pause","duration":10},{"type":"keyUp","value":""}]}]}
RESULT: {"actions":[{"id":"action19","type":"key","parameters":{},"actions":[{"type":"keyDown","value":""},{"type":"pause","duration":10},{"type":"keyUp","value":""}]}]}
COMMAND: GET /session/b82276ffbb9492990a85e43e5d9fdefc/screenshot - {}
RESULT: {}
COMMAND: POST /session/b82276ffbb9492990a85e43e5d9fdefc/element - {"using":"xpath","value":"//span[contains(@id, \"smartTable-header-inner\")]"}
RESULT: {"using":"xpath","value":"//span[contains(@id, \"smartTable-header-inner\")]"}
COMMAND: POST /session/b82276ffbb9492990a85e43e5d9fdefc/elements - {"using":"xpath","value":"//span[contains(@id, \"smartTable-header-inner\")]"}
RESULT: {"using":"xpath","value":"//span[contains(@id, \"smartTable-header-inner\")]"}
COMMAND: POST /session/b82276ffbb9492990a85e43e5d9fdefc/execute/sync - {"script":"<script> [56 bytes]","args":[{"element-6066-11e4-a52e-4f735466cecf":"f.6AF3DC3554ABF6CF809F86825A1E03B6.d.73C45FA15391BF5FEF820B5FBA43134D.e.6006","ELEMENT":"f.6AF3DC3554ABF6CF809F86825A1E03B6.d.73C45FA15391BF5FEF820B5FBA43134D.e.6006"}]}
RESULT: {"script":"<script> [56 bytes]","args":[{"element-6066-11e4-a52e-4f735466cecf":"f.6AF3DC3554ABF6CF809F86825A1E03B6.d.73C45FA15391BF5FEF820B5FBA43134D.e.6006","ELEMENT":"f.6AF3DC3554ABF6CF809F86825A1E03B6.d.73C45FA15391BF5FEF820B5FBA43134D.e.6006"}]}
COMMAND: POST /session/b82276ffbb9492990a85e43e5d9fdefc/element - {"using":"xpath","value":"(//span[contains(@id, \"imgNav\")])[1]"}
COMMAND: GET /session/b82276ffbb9492990a85e43e5d9fdefc/screenshot - {}
RESULT: {"using":"xpath","value":"(//span[contains(@id, \"imgNav\")])[1]"}
COMMAND: POST /session/b82276ffbb9492990a85e43e5d9fdefc/element/f.6AF3DC3554ABF6CF809F86825A1E03B6.d.73C45FA15391BF5FEF820B5FBA43134D.e.6005/click - {}
RESULT: {}
RESULT: {}
COMMAND: GET /session/b82276ffbb9492990a85e43e5d9fdefc/screenshot - {}
RESULT: {}
COMMAND: POST /session/b82276ffbb9492990a85e43e5d9fdefc/element - {"using":"xpath","value":"//section[contains(@id, \"detailManageHO--headerContentForm--FC-NoHead\")]/div/div[4]/div[2]/div/span"}
RESULT: {"using":"xpath","value":"//section[contains(@id, \"detailManageHO--headerContentForm--FC-NoHead\")]/div/div[4]/div[2]/div/span"}
COMMAND: POST /session/b82276ffbb9492990a85e43e5d9fdefc/elements - {"using":"xpath","value":"//section[contains(@id, \"detailManageHO--headerContentForm--FC-NoHead\")]/div/div[4]/div[2]/div/span"}
RESULT: {"using":"xpath","value":"//section[contains(@id, \"detailManageHO--headerContentForm--FC-NoHead\")]/div/div[4]/div[2]/div/span"}
COMMAND: POST /session/b82276ffbb9492990a85e43e5d9fdefc/execute/sync - {"script":"<script> [56 bytes]","args":[{"element-6066-11e4-a52e-4f735466cecf":"f.6AF3DC3554ABF6CF809F86825A1E03B6.d.73C45FA15391BF5FEF820B5FBA43134D.e.6084","ELEMENT":"f.6AF3DC3554ABF6CF809F86825A1E03B6.d.73C45FA15391BF5FEF820B5FBA43134D.e.6084"}]}
RESULT: {"script":"<script> [56 bytes]","args":[{"element-6066-11e4-a52e-4f735466cecf":"f.6AF3DC3554ABF6CF809F86825A1E03B6.d.73C45FA15391BF5FEF820B5FBA43134D.e.6084","ELEMENT":"f.6AF3DC3554ABF6CF809F86825A1E03B6.d.73C45FA15391BF5FEF820B5FBA43134D.e.6084"}]}
COMMAND: POST /session/b82276ffbb9492990a85e43e5d9fdefc/element - {"using":"xpath","value":"//a[contains(@data-kt ,\"GeneralSectionSendContractLink\")]"}
RESULT: {"using":"xpath","value":"//a[contains(@data-kt ,\"GeneralSectionSendContractLink\")]"}
COMMAND: POST /session/b82276ffbb9492990a85e43e5d9fdefc/element/f.6AF3DC3554ABF6CF809F86825A1E03B6.d.73C45FA15391BF5FEF820B5FBA43134D.e.6085/click - {}
COMMAND: GET /session/b82276ffbb9492990a85e43e5d9fdefc/screenshot - {}
RESULT: {}
COMMAND: GET /session/b82276ffbb9492990a85e43e5d9fdefc/screenshot - {}
RESULT: {}
RESULT: {}
COMMAND: POST /session/b82276ffbb9492990a85e43e5d9fdefc/element - {"using":"xpath","value":"//a[contains(@data-kt ,\"ContextMenuId2Link\")]"}
RESULT: {"using":"xpath","value":"//a[contains(@data-kt ,\"ContextMenuId2Link\")]"}
COMMAND: POST /session/b82276ffbb9492990a85e43e5d9fdefc/element/f.6AF3DC3554ABF6CF809F86825A1E03B6.d.73C45FA15391BF5FEF820B5FBA43134D.e.6087/click - {}
RESULT: {}
COMMAND: GET /session/b82276ffbb9492990a85e43e5d9fdefc/screenshot - {}
RESULT: {}
COMMAND: POST /session/b82276ffbb9492990a85e43e5d9fdefc/execute/async - {"script":"<script> [1562 bytes]","args":[{"selector":{"id":"headerBillingItemsTabFilter","viewName":"etm.portal.ui.managecontracts.view.Detail","interaction":{"idSuffix":"text"}},"wdio_ui5_key":"headerBillingItemsTabFilteretmportal.ui.managecontracts.view.Detail"}]}
RESULT: {"script":"<script> [1562 bytes]","args":[{"selector":{"id":"headerBillingItemsTabFilter","viewName":"etm.portal.ui.managecontracts.view.Detail","interaction":{"idSuffix":"text"}},"wdio_ui5_key":"headerBillingItemsTabFilteretmportal.ui.managecontracts.view.Detail"}]}
RESULT: undefined
COMMAND: POST /session/b82276ffbb9492990a85e43e5d9fdefc/element - {"using":"xpath","value":"//*[@id=\"__xmlview62--headerBillingItemsTabFilter\"]"}
RESULT: {"using":"xpath","value":"//*[@id=\"__xmlview62--headerBillingItemsTabFilter\"]"}
COMMAND: POST /session/b82276ffbb9492990a85e43e5d9fdefc/element/f.6AF3DC3554ABF6CF809F86825A1E03B6.d.73C45FA15391BF5FEF820B5FBA43134D.e.6309/click - {}
RESULT: {}
COMMAND: GET /session/b82276ffbb9492990a85e43e5d9fdefc/screenshot - {}
RESULT: {}
COMMAND: POST /session/b82276ffbb9492990a85e43e5d9fdefc/element - {"using":"xpath","value":"//table[contains(@id, \"ProductsTable-listUl\")]/tbody/tr[1]/td[6]/div/span"}
RESULT: {"using":"xpath","value":"//table[contains(@id, \"ProductsTable-listUl\")]/tbody/tr[1]/td[6]/div/span"}
COMMAND: POST /session/b82276ffbb9492990a85e43e5d9fdefc/elements - {"using":"xpath","value":"//table[contains(@id, \"ProductsTable-listUl\")]/tbody/tr[1]/td[6]/div/span"}
RESULT: {"using":"xpath","value":"//table[contains(@id, \"ProductsTable-listUl\")]/tbody/tr[1]/td[6]/div/span"}
COMMAND: POST /session/b82276ffbb9492990a85e43e5d9fdefc/execute/sync - {"script":"<script> [56 bytes]","args":[{"element-6066-11e4-a52e-4f735466cecf":"f.6AF3DC3554ABF6CF809F86825A1E03B6.d.73C45FA15391BF5FEF820B5FBA43134D.e.6311","ELEMENT":"f.6AF3DC3554ABF6CF809F86825A1E03B6.d.73C45FA15391BF5FEF820B5FBA43134D.e.6311"}]}
RESULT: {"script":"<script> [56 bytes]","args":[{"element-6066-11e4-a52e-4f735466cecf":"f.6AF3DC3554ABF6CF809F86825A1E03B6.d.73C45FA15391BF5FEF820B5FBA43134D.e.6311","ELEMENT":"f.6AF3DC3554ABF6CF809F86825A1E03B6.d.73C45FA15391BF5FEF820B5FBA43134D.e.6311"}]}
COMMAND: POST /session/b82276ffbb9492990a85e43e5d9fdefc/element - {"using":"css selector","value":"#shell-header-logo"}
COMMAND: GET /session/b82276ffbb9492990a85e43e5d9fdefc/screenshot - {}
RESULT: {"using":"css selector","value":"#shell-header-logo"}
COMMAND: POST /session/b82276ffbb9492990a85e43e5d9fdefc/element/f.6AF3DC3554ABF6CF809F86825A1E03B6.d.73C45FA15391BF5FEF820B5FBA43134D.e.5729/click - {}
RESULT: {}
RESULT: {}
COMMAND: GET /session/b82276ffbb9492990a85e43e5d9fdefc/screenshot - {}
RESULT: {}
COMMAND: DELETE /session/b82276ffbb9492990a85e43e5d9fdefc - {}
RESULT: {}
]]></system-out>
    </testcase>
  </testsuite>
</testsuites>