<?xml version="1.0" encoding="UTF-8"?>
<testsuites tests="7" failures="0" errors="0" skipped="0">
  <testsuite timestamp="2025-05-19T05:40:08" time="890.313" tests="7" failures="0" errors="0" skipped="0">
    <properties>
      <property name="specId" value="0" />
      <property name="suiteName" value="Related resources for groups US139107" />
      <property name="capabilities" value="chrome.136_0_7103_93.windows" />
      <property name="file" value="file:///D:/a/1/s/test/specs/R2C/related-resources-area-rpg.spec.js" />
    </properties>
    <testcase classname="chrome.136_0_7103_93.windows.Related_resources_for_groups_US139107" name="Should create a new yard" time="142.042">
      <system-out><![CDATA[
COMMAND: POST /session/baa8039192228d9a0a588c2c554a7daa/execute/async - {"script":"<script> [1562 bytes]","args":[{"selector":{"controlType":"sap.m.GenericTile","properties":{"header":"Manage Yards"}},"wdio_ui5_key":"sapm.GenericTile{\"header\":\"Manage Yards\"}"}]}
RESULT: {"script":"<script> [1562 bytes]","args":[{"selector":{"controlType":"sap.m.GenericTile","properties":{"header":"Manage Yards"}},"wdio_ui5_key":"sapm.GenericTile{\"header\":\"Manage Yards\"}"}]}
RESULT: undefined
COMMAND: POST /session/baa8039192228d9a0a588c2c554a7daa/element - {"using":"xpath","value":"//*[@id=\"__tile41\"]"}
RESULT: {"using":"xpath","value":"//*[@id=\"__tile41\"]"}
COMMAND: POST /session/baa8039192228d9a0a588c2c554a7daa/element/f.433F1701EA3C2F53086EAE1C24884C44.d.8170F71004D28A0A866129235BC9856B.e.118/click - {}
RESULT: {}
COMMAND: GET /session/baa8039192228d9a0a588c2c554a7daa/screenshot - {}
RESULT: {}
COMMAND: POST /session/baa8039192228d9a0a588c2c554a7daa/elements - {"using":"xpath","value":"//span[text()='Error']"}
RESULT: {"using":"xpath","value":"//span[text()='Error']"}
COMMAND: POST /session/baa8039192228d9a0a588c2c554a7daa/execute/async - {"script":"<script> [1562 bytes]","args":[{"selector":{"controlType":"sap.ui.core.Icon","viewName":"etm.portal.ui.manageyards.view.Master","viewId":"application-manageyards-display-component---masterYard","properties":{"src":{"regex":{"source":"add"}}}},"wdio_ui5_key":"etmportal.ui.manageyards.view.Mastersap.ui.core.Icon{\"src\":{\"regex\":{\"source\":\"add\"}}}"}]}
RESULT: {"script":"<script> [1562 bytes]","args":[{"selector":{"controlType":"sap.ui.core.Icon","viewName":"etm.portal.ui.manageyards.view.Master","viewId":"application-manageyards-display-component---masterYard","properties":{"src":{"regex":{"source":"add"}}}},"wdio_ui5_key":"etmportal.ui.manageyards.view.Mastersap.ui.core.Icon{\"src\":{\"regex\":{\"source\":\"add\"}}}"}]}
RESULT: undefined
COMMAND: POST /session/baa8039192228d9a0a588c2c554a7daa/element - {"using":"xpath","value":"//*[@id=\"__button4-img\"]"}
RESULT: {"using":"xpath","value":"//*[@id=\"__button4-img\"]"}
COMMAND: POST /session/baa8039192228d9a0a588c2c554a7daa/element/f.433F1701EA3C2F53086EAE1C24884C44.d.8170F71004D28A0A866129235BC9856B.e.165/click - {}
RESULT: {}
COMMAND: GET /session/baa8039192228d9a0a588c2c554a7daa/screenshot - {}
RESULT: {}
COMMAND: POST /session/baa8039192228d9a0a588c2c554a7daa/execute/async - {"script":"<script> [1562 bytes]","args":[{"selector":{"id":"application-manageyards-display-component---NewYard--yardId","interaction":{"idSuffix":"inner"}},"wdio_ui5_key":"applicationmanageyards-display-component---NewYard--yardId"}]}
RESULT: {"script":"<script> [1562 bytes]","args":[{"selector":{"id":"application-manageyards-display-component---NewYard--yardId","interaction":{"idSuffix":"inner"}},"wdio_ui5_key":"applicationmanageyards-display-component---NewYard--yardId"}]}
RESULT: undefined
COMMAND: POST /session/baa8039192228d9a0a588c2c554a7daa/element - {"using":"xpath","value":"//*[@id=\"application-manageyards-display-component---NewYard--addressDetailDetailsName1-inner\"]"}
RESULT: {"using":"xpath","value":"//*[@id=\"application-manageyards-display-component---NewYard--addressDetailDetailsName1-inner\"]"}
COMMAND: POST /session/baa8039192228d9a0a588c2c554a7daa/element/f.433F1701EA3C2F53086EAE1C24884C44.d.8170F71004D28A0A866129235BC9856B.e.383/clear - {}
RESULT: {}
COMMAND: POST /session/baa8039192228d9a0a588c2c554a7daa/element/f.433F1701EA3C2F53086EAE1C24884C44.d.8170F71004D28A0A866129235BC9856B.e.383/value - {"text":"WebdriverYardaocme"}
COMMAND: GET /session/baa8039192228d9a0a588c2c554a7daa/screenshot - {}
RESULT: {"text":"WebdriverYardaocme"}
COMMAND: POST /session/baa8039192228d9a0a588c2c554a7daa/element - {"using":"xpath","value":"//*[@id=\"application-manageyards-display-component---NewYard--addressDetailDetailsLanguage-inner\"]"}
COMMAND: GET /session/baa8039192228d9a0a588c2c554a7daa/screenshot - {}
RESULT: {}
RESULT: {"using":"xpath","value":"//*[@id=\"application-manageyards-display-component---NewYard--addressDetailDetailsLanguage-inner\"]"}
COMMAND: POST /session/baa8039192228d9a0a588c2c554a7daa/element/f.433F1701EA3C2F53086EAE1C24884C44.d.8170F71004D28A0A866129235BC9856B.e.384/clear - {}
RESULT: {}
RESULT: {}
COMMAND: POST /session/baa8039192228d9a0a588c2c554a7daa/element/f.433F1701EA3C2F53086EAE1C24884C44.d.8170F71004D28A0A866129235BC9856B.e.384/value - {"text":"Romanian"}
COMMAND: GET /session/baa8039192228d9a0a588c2c554a7daa/screenshot - {}
RESULT: {"text":"Romanian"}
COMMAND: POST /session/baa8039192228d9a0a588c2c554a7daa/element - {"using":"xpath","value":"//input[contains(@id ,\"application-manageyards-display-component---NewYard--addressDetailDetailsName1-inner\")]"}
COMMAND: GET /session/baa8039192228d9a0a588c2c554a7daa/screenshot - {}
RESULT: {}
RESULT: {"using":"xpath","value":"//input[contains(@id ,\"application-manageyards-display-component---NewYard--addressDetailDetailsName1-inner\")]"}
COMMAND: GET /session/baa8039192228d9a0a588c2c554a7daa/element/f.433F1701EA3C2F53086EAE1C24884C44.d.8170F71004D28A0A866129235BC9856B.e.383/property/value - {}
RESULT: {}
RESULT: {}
COMMAND: GET /session/baa8039192228d9a0a588c2c554a7daa/screenshot - {}
RESULT: {}
COMMAND: POST /session/baa8039192228d9a0a588c2c554a7daa/element - {"using":"xpath","value":"//*[@id=\"application-manageyards-display-component---NewYard--addressDetailDetailsCity1-inner\"]"}
RESULT: {"using":"xpath","value":"//*[@id=\"application-manageyards-display-component---NewYard--addressDetailDetailsCity1-inner\"]"}
COMMAND: POST /session/baa8039192228d9a0a588c2c554a7daa/element/f.433F1701EA3C2F53086EAE1C24884C44.d.8170F71004D28A0A866129235BC9856B.e.386/clear - {}
RESULT: {}
COMMAND: POST /session/baa8039192228d9a0a588c2c554a7daa/element/f.433F1701EA3C2F53086EAE1C24884C44.d.8170F71004D28A0A866129235BC9856B.e.386/value - {"text":"Bucuresti"}
COMMAND: GET /session/baa8039192228d9a0a588c2c554a7daa/screenshot - {}
RESULT: {"text":"Bucuresti"}
COMMAND: GET /session/baa8039192228d9a0a588c2c554a7daa/screenshot - {}
RESULT: {}
RESULT: {}
COMMAND: POST /session/baa8039192228d9a0a588c2c554a7daa/element - {"using":"xpath","value":"//*[@id=\"application-manageyards-display-component---NewYard--addressDetailDetailsCountry-inner\"]"}
RESULT: {"using":"xpath","value":"//*[@id=\"application-manageyards-display-component---NewYard--addressDetailDetailsCountry-inner\"]"}
COMMAND: POST /session/baa8039192228d9a0a588c2c554a7daa/element/f.433F1701EA3C2F53086EAE1C24884C44.d.8170F71004D28A0A866129235BC9856B.e.390/clear - {}
RESULT: {}
COMMAND: POST /session/baa8039192228d9a0a588c2c554a7daa/element/f.433F1701EA3C2F53086EAE1C24884C44.d.8170F71004D28A0A866129235BC9856B.e.390/value - {"text":"Romania"}
COMMAND: GET /session/baa8039192228d9a0a588c2c554a7daa/screenshot - {}
RESULT: {}
RESULT: {"text":"Romania"}
COMMAND: GET /session/baa8039192228d9a0a588c2c554a7daa/screenshot - {}
RESULT: {}
COMMAND: POST /session/baa8039192228d9a0a588c2c554a7daa/element - {"using":"xpath","value":"//div[contains(text(), \"Commercial\")]"}
RESULT: {"using":"xpath","value":"//div[contains(text(), \"Commercial\")]"}
COMMAND: GET /session/baa8039192228d9a0a588c2c554a7daa/element/f.433F1701EA3C2F53086EAE1C24884C44.d.8170F71004D28A0A866129235BC9856B.e.578/rect - {}
RESULT: {}
COMMAND: GET /session/baa8039192228d9a0a588c2c554a7daa/window/rect - {}
RESULT: {}
COMMAND: POST /session/baa8039192228d9a0a588c2c554a7daa/execute/sync - {"script":"<script> [92 bytes]","args":[]}
RESULT: {"script":"<script> [92 bytes]","args":[]}
COMMAND: POST /session/baa8039192228d9a0a588c2c554a7daa/actions - {"actions":[{"id":"action1","type":"wheel","parameters":{},"actions":[{"type":"scroll","x":-1841,"y":-44,"deltaX":0,"deltaY":0,"duration":0,"origin":{"element-6066-11e4-a52e-4f735466cecf":"f.433F1701EA3C2F53086EAE1C24884C44.d.8170F71004D28A0A866129235BC9856B.e.578"}}]}]}
COMMAND: GET /session/baa8039192228d9a0a588c2c554a7daa/screenshot - {}
RESULT: {}
COMMAND: POST /session/baa8039192228d9a0a588c2c554a7daa/execute/sync - {"script":"<script> [79 bytes]","args":[{"element-6066-11e4-a52e-4f735466cecf":"f.433F1701EA3C2F53086EAE1C24884C44.d.8170F71004D28A0A866129235BC9856B.e.578","ELEMENT":"f.433F1701EA3C2F53086EAE1C24884C44.d.8170F71004D28A0A866129235BC9856B.e.578"},{"block":"start","inline":"nearest"}]}
RESULT: {"script":"<script> [79 bytes]","args":[{"element-6066-11e4-a52e-4f735466cecf":"f.433F1701EA3C2F53086EAE1C24884C44.d.8170F71004D28A0A866129235BC9856B.e.578","ELEMENT":"f.433F1701EA3C2F53086EAE1C24884C44.d.8170F71004D28A0A866129235BC9856B.e.578"},{"block":"start","inline":"nearest"}]}
COMMAND: GET /session/baa8039192228d9a0a588c2c554a7daa/screenshot - {}
RESULT: {}
COMMAND: POST /session/baa8039192228d9a0a588c2c554a7daa/execute/async - {"script":"<script> [1562 bytes]","args":[{"selector":{"id":"application-manageyards-display-component---NewYard--addressEditDetailsCostObjectCstType-arrow"},"wdio_ui5_key":"applicationmanageyards-display-component---NewYard--addressEditDetailsCostObjectCstType-arrow"}]}
RESULT: {"script":"<script> [1562 bytes]","args":[{"selector":{"id":"application-manageyards-display-component---NewYard--addressEditDetailsCostObjectCstType-arrow"},"wdio_ui5_key":"applicationmanageyards-display-component---NewYard--addressEditDetailsCostObjectCstType-arrow"}]}
RESULT: undefined
COMMAND: POST /session/baa8039192228d9a0a588c2c554a7daa/element - {"using":"xpath","value":"//*[@id=\"application-manageyards-display-component---NewYard--addressEditDetailsCostObjectCstType-arrow\"]"}
RESULT: {"using":"xpath","value":"//*[@id=\"application-manageyards-display-component---NewYard--addressEditDetailsCostObjectCstType-arrow\"]"}
COMMAND: POST /session/baa8039192228d9a0a588c2c554a7daa/element/f.433F1701EA3C2F53086EAE1C24884C44.d.8170F71004D28A0A866129235BC9856B.e.586/click - {}
RESULT: {}
COMMAND: POST /session/baa8039192228d9a0a588c2c554a7daa/element - {"using":"xpath","value":"//span[contains(text(), \"Cost Center\")]"}
COMMAND: GET /session/baa8039192228d9a0a588c2c554a7daa/screenshot - {}
RESULT: {"using":"xpath","value":"//span[contains(text(), \"Cost Center\")]"}
COMMAND: POST /session/baa8039192228d9a0a588c2c554a7daa/element/f.433F1701EA3C2F53086EAE1C24884C44.d.8170F71004D28A0A866129235BC9856B.e.587/click - {}
RESULT: {}
RESULT: {}
COMMAND: GET /session/baa8039192228d9a0a588c2c554a7daa/screenshot - {}
RESULT: {}
COMMAND: POST /session/baa8039192228d9a0a588c2c554a7daa/execute/async - {"script":"<script> [1562 bytes]","args":[{"selector":{"id":"application-manageyards-display-component---NewYard--addressNewCostObjectCstID-vhi"},"wdio_ui5_key":"applicationmanageyards-display-component---NewYard--addressNewCostObjectCstID-vhi"}]}
RESULT: {"script":"<script> [1562 bytes]","args":[{"selector":{"id":"application-manageyards-display-component---NewYard--addressNewCostObjectCstID-vhi"},"wdio_ui5_key":"applicationmanageyards-display-component---NewYard--addressNewCostObjectCstID-vhi"}]}
RESULT: undefined
COMMAND: POST /session/baa8039192228d9a0a588c2c554a7daa/element - {"using":"xpath","value":"//*[@id=\"application-manageyards-display-component---NewYard--addressNewCostObjectCstID-vhi\"]"}
RESULT: {"using":"xpath","value":"//*[@id=\"application-manageyards-display-component---NewYard--addressNewCostObjectCstID-vhi\"]"}
COMMAND: POST /session/baa8039192228d9a0a588c2c554a7daa/element/f.433F1701EA3C2F53086EAE1C24884C44.d.8170F71004D28A0A866129235BC9856B.e.591/click - {}
RESULT: {}
COMMAND: GET /session/baa8039192228d9a0a588c2c554a7daa/screenshot - {}
RESULT: {}
COMMAND: POST /session/baa8039192228d9a0a588c2c554a7daa/execute/async - {"script":"<script> [1562 bytes]","args":[{"selector":{"controlType":"sap.m.SearchField","properties":{"placeholder":"Search"},"searchOpenDialogs":true,"interaction":{"idSuffix":"I"}},"wdio_ui5_key":"sapm.SearchField{\"placeholder\":\"Search\"}"}]}
RESULT: {"script":"<script> [1562 bytes]","args":[{"selector":{"controlType":"sap.m.SearchField","properties":{"placeholder":"Search"},"searchOpenDialogs":true,"interaction":{"idSuffix":"I"}},"wdio_ui5_key":"sapm.SearchField{\"placeholder\":\"Search\"}"}]}
RESULT: undefined
COMMAND: POST /session/baa8039192228d9a0a588c2c554a7daa/execute/async - {"script":"<script> [776 bytes]","args":[{"enterText":"10001013","selector":{"controlType":"sap.m.SearchField","properties":{"placeholder":"Search"},"searchOpenDialogs":true,"interaction":{"idSuffix":"I"}},"clearTextFirst":true,"interactionType":"ENTER_TEXT"}]}
RESULT: {"script":"<script> [776 bytes]","args":[{"enterText":"10001013","selector":{"controlType":"sap.m.SearchField","properties":{"placeholder":"Search"},"searchOpenDialogs":true,"interaction":{"idSuffix":"I"}},"clearTextFirst":true,"interactionType":"ENTER_TEXT"}]}
COMMAND: POST /session/baa8039192228d9a0a588c2c554a7daa/actions - {"actions":[{"id":"action2","type":"key","parameters":{},"actions":[{"type":"keyDown","value":"î€‡"},{"type":"pause","duration":10},{"type":"keyUp","value":"î€‡"}]}]}
RESULT: {"actions":[{"id":"action2","type":"key","parameters":{},"actions":[{"type":"keyDown","value":"î€‡"},{"type":"pause","duration":10},{"type":"keyUp","value":"î€‡"}]}]}
COMMAND: GET /session/baa8039192228d9a0a588c2c554a7daa/screenshot - {}
RESULT: {}
COMMAND: POST /session/baa8039192228d9a0a588c2c554a7daa/element - {"using":"xpath","value":"//span[contains(text(), \"General Management\")]"}
RESULT: {"using":"xpath","value":"//span[contains(text(), \"General Management\")]"}
COMMAND: POST /session/baa8039192228d9a0a588c2c554a7daa/element/f.433F1701EA3C2F53086EAE1C24884C44.d.8170F71004D28A0A866129235BC9856B.e.631/click - {}
RESULT: {}
COMMAND: GET /session/baa8039192228d9a0a588c2c554a7daa/screenshot - {}
RESULT: {}
COMMAND: POST /session/baa8039192228d9a0a588c2c554a7daa/element - {"using":"xpath","value":"//bdi[contains(text(), \"OK\")]"}
RESULT: {"using":"xpath","value":"//bdi[contains(text(), \"OK\")]"}
COMMAND: POST /session/baa8039192228d9a0a588c2c554a7daa/element/f.433F1701EA3C2F53086EAE1C24884C44.d.8170F71004D28A0A866129235BC9856B.e.632/click - {}
RESULT: {}
COMMAND: GET /session/baa8039192228d9a0a588c2c554a7daa/screenshot - {}
RESULT: {}
COMMAND: POST /session/baa8039192228d9a0a588c2c554a7daa/execute/async - {"script":"<script> [1562 bytes]","args":[{"selector":{"controlType":"sap.m.Button","viewName":"etm.portal.ui.manageyards.view.New","viewId":"application-manageyards-display-component---NewYard","i18NText":{"propertyName":"text","key":"save"},"interaction":{"idSuffix":"inner"}},"wdio_ui5_key":"etmportal.ui.manageyards.view.Newsap.m.Button{\"propertyName\":\"text\",\"key\":\"save\"}"}]}
RESULT: {"script":"<script> [1562 bytes]","args":[{"selector":{"controlType":"sap.m.Button","viewName":"etm.portal.ui.manageyards.view.New","viewId":"application-manageyards-display-component---NewYard","i18NText":{"propertyName":"text","key":"save"},"interaction":{"idSuffix":"inner"}},"wdio_ui5_key":"etmportal.ui.manageyards.view.Newsap.m.Button{\"propertyName\":\"text\",\"key\":\"save\"}"}]}
RESULT: undefined
COMMAND: POST /session/baa8039192228d9a0a588c2c554a7daa/element - {"using":"xpath","value":"//*[@id=\"__button18\"]"}
RESULT: {"using":"xpath","value":"//*[@id=\"__button18\"]"}
COMMAND: POST /session/baa8039192228d9a0a588c2c554a7daa/element/f.433F1701EA3C2F53086EAE1C24884C44.d.8170F71004D28A0A866129235BC9856B.e.541/click - {}
RESULT: {}
COMMAND: GET /session/baa8039192228d9a0a588c2c554a7daa/screenshot - {}
RESULT: {}
COMMAND: POST /session/baa8039192228d9a0a588c2c554a7daa/element - {"using":"xpath","value":"//header/div/div[2]/div[2]/span"}
RESULT: {"using":"xpath","value":"//header/div/div[2]/div[2]/span"}
COMMAND: GET /session/baa8039192228d9a0a588c2c554a7daa/element/f.433F1701EA3C2F53086EAE1C24884C44.d.8170F71004D28A0A866129235BC9856B.e.832/text - {}
RESULT: {}
COMMAND: POST /session/baa8039192228d9a0a588c2c554a7daa/execute/async - {"script":"<script> [1562 bytes]","args":[{"selector":{"controlType":"sap.m.OverflowToolbarButton","viewName":"etm.portal.ui.manageyards.view.Detail","viewId":"application-manageyards-display-component---detailYard","i18NText":{"propertyName":"tooltip","key":"closeColumn"},"interaction":{"idSuffix":"inner"}},"wdio_ui5_key":"etmportal.ui.manageyards.view.Detailsap.m.OverflowToolbarButton{\"propertyName\":\"tooltip\",\"key\":\"closeColumn\"}"}]}
RESULT: {"script":"<script> [1562 bytes]","args":[{"selector":{"controlType":"sap.m.OverflowToolbarButton","viewName":"etm.portal.ui.manageyards.view.Detail","viewId":"application-manageyards-display-component---detailYard","i18NText":{"propertyName":"tooltip","key":"closeColumn"},"interaction":{"idSuffix":"inner"}},"wdio_ui5_key":"etmportal.ui.manageyards.view.Detailsap.m.OverflowToolbarButton{\"propertyName\":\"tooltip\",\"key\":\"closeColumn\"}"}]}
RESULT: undefined
COMMAND: POST /session/baa8039192228d9a0a588c2c554a7daa/element - {"using":"xpath","value":"//*[@id=\"__button40\"]"}
RESULT: {"using":"xpath","value":"//*[@id=\"__button40\"]"}
COMMAND: POST /session/baa8039192228d9a0a588c2c554a7daa/element/f.433F1701EA3C2F53086EAE1C24884C44.d.8170F71004D28A0A866129235BC9856B.e.834/click - {}
RESULT: {}
COMMAND: GET /session/baa8039192228d9a0a588c2c554a7daa/screenshot - {}
RESULT: {}
COMMAND: POST /session/baa8039192228d9a0a588c2c554a7daa/element - {"using":"css selector","value":"#shell-header-logo"}
RESULT: {"using":"css selector","value":"#shell-header-logo"}
COMMAND: POST /session/baa8039192228d9a0a588c2c554a7daa/element/f.433F1701EA3C2F53086EAE1C24884C44.d.8170F71004D28A0A866129235BC9856B.e.120/click - {}
RESULT: {}
COMMAND: GET /session/baa8039192228d9a0a588c2c554a7daa/screenshot - {}
RESULT: {}
COMMAND: POST /session/baa8039192228d9a0a588c2c554a7daa/refresh - {}
RESULT: {}
COMMAND: GET /session/baa8039192228d9a0a588c2c554a7daa/screenshot - {}
RESULT: {}
COMMAND: POST /session/baa8039192228d9a0a588c2c554a7daa/execute/async - {"script":"<script> [189 bytes]","args":[]}
RESULT: {"script":"<script> [189 bytes]","args":[]}
COMMAND: POST /session/baa8039192228d9a0a588c2c554a7daa/execute/async - {"script":"<script> [123 bytes]","args":[]}
RESULT: {"script":"<script> [123 bytes]","args":[]}
COMMAND: POST /session/baa8039192228d9a0a588c2c554a7daa/timeouts - {"script":"<number>"}
RESULT: {"script":"<number>"}
COMMAND: GET /session/baa8039192228d9a0a588c2c554a7daa/timeouts - {}
RESULT: {}
RESULT: undefined
COMMAND: POST /session/baa8039192228d9a0a588c2c554a7daa/execute/async - {"script":"<script> [2676 bytes]","args":[]}
RESULT: {"script":"<script> [2676 bytes]","args":[]}
COMMAND: POST /session/baa8039192228d9a0a588c2c554a7daa/execute/async - {"script":"<script> [2342 bytes]","args":[{"protocol":"http","hostname":"0.0.0.0","path":"/","capabilities":{"browserName":"chrome","goog:chromeOptions":{"binary":"C:\\Program Files\\Google\\Chrome\\Application\\chrome.exe","args":["--start-maximized"]}},"logLevel":"warn","connectionRetryTimeout":120000,"connectionRetryCount":3,"logLevels":{},"enableDirectConnect":true,"strictSSL":true,"_":"65 more keys: [\"cacheDir\",\"port\",\"requestedCapabilities\",\"automationProtocol\",\"baseUrl\",\"waitforInterval\",\"waitforTimeout\",\"onReload\",\"beforeCommand\",\"afterCommand\",\"rootDir\",\"specs\",\"suites\",\"exclude\",\"groupLogsByTestSpec\",\"excludeDriverLogs\",\"bail\",\"framework\",\"reporters\",\"services\",\"maxInstances\",\"maxInstancesPerCapability\",\"injectGlobals\",\"filesToWatch\",\"execArgv\",\"runnerEnv\",\"runner\",\"shard\",\"specFileRetries\",\"specFileRetriesDelay\",\"specFileRetriesDeferred\",\"reporterSyncInterval\",\"reporterSyncTimeout\",\"cucumberFeaturesWithLineNumbers\",\"autoCompileOpts\",\"mochaOpts\",\"jasmineOpts\",\"cucumberOpts\",\"onPrepare\",\"onWorkerStart\",\"onWorkerEnd\",\"before\",\"beforeSession\",\"beforeSuite\",\"beforeHook\",\"beforeTest\",\"afterTest\",\"afterHook\",\"afterSuite\",\"afterSession\",\"after\",\"onComplete\",\"beforeAssertion\",\"afterAssertion\",\"beforeFeature\",\"beforeScenario\",\"beforeStep\",\"afterStep\",\"afterScenario\",\"afterFeature\",\"_\",\"suite\",\"$0\",\"ignoredWorkerServices\",\"wdi5\"]"}]}
RESULT: {"script":"<script> [2342 bytes]","args":[{"protocol":"http","hostname":"0.0.0.0","path":"/","capabilities":{"browserName":"chrome","goog:chromeOptions":{"binary":"C:\\Program Files\\Google\\Chrome\\Application\\chrome.exe","args":["--start-maximized"]}},"logLevel":"warn","connectionRetryTimeout":120000,"connectionRetryCount":3,"logLevels":{},"enableDirectConnect":true,"strictSSL":true,"_":"65 more keys: [\"cacheDir\",\"port\",\"requestedCapabilities\",\"automationProtocol\",\"baseUrl\",\"waitforInterval\",\"waitforTimeout\",\"onReload\",\"beforeCommand\",\"afterCommand\",\"rootDir\",\"specs\",\"suites\",\"exclude\",\"groupLogsByTestSpec\",\"excludeDriverLogs\",\"bail\",\"framework\",\"reporters\",\"services\",\"maxInstances\",\"maxInstancesPerCapability\",\"injectGlobals\",\"filesToWatch\",\"execArgv\",\"runnerEnv\",\"runner\",\"shard\",\"specFileRetries\",\"specFileRetriesDelay\",\"specFileRetriesDeferred\",\"reporterSyncInterval\",\"reporterSyncTimeout\",\"cucumberFeaturesWithLineNumbers\",\"autoCompileOpts\",\"mochaOpts\",\"jasmineOpts\",\"cucumberOpts\",\"onPrepare\",\"onWorkerStart\",\"onWorkerEnd\",\"before\",\"beforeSession\",\"beforeSuite\",\"beforeHook\",\"beforeTest\",\"afterTest\",\"afterHook\",\"afterSuite\",\"afterSession\",\"after\",\"onComplete\",\"beforeAssertion\",\"afterAssertion\",\"beforeFeature\",\"beforeScenario\",\"beforeStep\",\"afterStep\",\"afterScenario\",\"afterFeature\",\"_\",\"suite\",\"$0\",\"ignoredWorkerServices\",\"wdi5\"]"}]}
COMMAND: POST /session/baa8039192228d9a0a588c2c554a7daa/execute/async - {"script":"<script> [21126 bytes]","args":[35000]}
RESULT: {"script":"<script> [21126 bytes]","args":[35000]}
]]></system-out>
    </testcase>
    <testcase classname="chrome.136_0_7103_93.windows.Related_resources_for_groups_US139107" name="Should create a resource of type group" time="97.424">
      <system-out><![CDATA[
COMMAND: POST /session/baa8039192228d9a0a588c2c554a7daa/execute/async - {"script":"<script> [1562 bytes]","args":[{"selector":{"controlType":"sap.m.GenericTile","properties":{"header":"Manage Resources"}},"wdio_ui5_key":"sapm.GenericTile{\"header\":\"Manage Resources\"}"}]}
RESULT: {"script":"<script> [1562 bytes]","args":[{"selector":{"controlType":"sap.m.GenericTile","properties":{"header":"Manage Resources"}},"wdio_ui5_key":"sapm.GenericTile{\"header\":\"Manage Resources\"}"}]}
RESULT: undefined
COMMAND: POST /session/baa8039192228d9a0a588c2c554a7daa/element - {"using":"xpath","value":"//*[@id=\"__tile39\"]"}
RESULT: {"using":"xpath","value":"//*[@id=\"__tile39\"]"}
COMMAND: POST /session/baa8039192228d9a0a588c2c554a7daa/element/f.433F1701EA3C2F53086EAE1C24884C44.d.5605161303BC8E3D1507F0ED1A6429B4.e.1189/click - {}
RESULT: {}
COMMAND: GET /session/baa8039192228d9a0a588c2c554a7daa/screenshot - {}
RESULT: {}
COMMAND: POST /session/baa8039192228d9a0a588c2c554a7daa/elements - {"using":"xpath","value":"//span[text()='Error']"}
RESULT: {"using":"xpath","value":"//span[text()='Error']"}
COMMAND: POST /session/baa8039192228d9a0a588c2c554a7daa/element - {"using":"xpath","value":"//button[@data-kt=\"addNewRUOverflowToolbarButton\"]"}
RESULT: {"using":"xpath","value":"//button[@data-kt=\"addNewRUOverflowToolbarButton\"]"}
COMMAND: POST /session/baa8039192228d9a0a588c2c554a7daa/execute/sync - {"script":"<script> [8489 bytes]","args":[{"element-6066-11e4-a52e-4f735466cecf":"f.433F1701EA3C2F53086EAE1C24884C44.d.5605161303BC8E3D1507F0ED1A6429B4.e.1234","ELEMENT":"f.433F1701EA3C2F53086EAE1C24884C44.d.5605161303BC8E3D1507F0ED1A6429B4.e.1234"}]}
RESULT: {"script":"<script> [8489 bytes]","args":[{"element-6066-11e4-a52e-4f735466cecf":"f.433F1701EA3C2F53086EAE1C24884C44.d.5605161303BC8E3D1507F0ED1A6429B4.e.1234","ELEMENT":"f.433F1701EA3C2F53086EAE1C24884C44.d.5605161303BC8E3D1507F0ED1A6429B4.e.1234"}]}
COMMAND: POST /session/baa8039192228d9a0a588c2c554a7daa/element/f.433F1701EA3C2F53086EAE1C24884C44.d.5605161303BC8E3D1507F0ED1A6429B4.e.1234/click - {}
COMMAND: GET /session/baa8039192228d9a0a588c2c554a7daa/screenshot - {}
RESULT: {}
COMMAND: GET /session/baa8039192228d9a0a588c2c554a7daa/screenshot - {}
RESULT: {}
RESULT: {}
COMMAND: POST /session/baa8039192228d9a0a588c2c554a7daa/execute/async - {"script":"<script> [1562 bytes]","args":[{"selector":{"id":"application-manageresources-display-component---newResourceUnit--TYPE-arrow"},"wdio_ui5_key":"applicationmanageresources-display-component---newResourceUnit--TYPE-arrow"}]}
RESULT: {"script":"<script> [1562 bytes]","args":[{"selector":{"id":"application-manageresources-display-component---newResourceUnit--TYPE-arrow"},"wdio_ui5_key":"applicationmanageresources-display-component---newResourceUnit--TYPE-arrow"}]}
RESULT: undefined
COMMAND: POST /session/baa8039192228d9a0a588c2c554a7daa/element - {"using":"xpath","value":"//*[@id=\"application-manageresources-display-component---newResourceUnit--TYPE-arrow\"]"}
RESULT: {"using":"xpath","value":"//*[@id=\"application-manageresources-display-component---newResourceUnit--TYPE-arrow\"]"}
COMMAND: POST /session/baa8039192228d9a0a588c2c554a7daa/element/f.433F1701EA3C2F53086EAE1C24884C44.d.5605161303BC8E3D1507F0ED1A6429B4.e.1550/click - {}
RESULT: {}
COMMAND: POST /session/baa8039192228d9a0a588c2c554a7daa/execute/async - {"script":"<script> [1562 bytes]","args":[{"selector":{"controlType":"sap.m.StandardListItem","viewName":"reusables.view.manageresources.NewResourceUnit","viewId":"application-manageresources-display-component---newResourceUnit","properties":{"title":"Group"},"searchOpenDialogs":true,"interaction":{"idSuffix":"content"}},"wdio_ui5_key":"reusablesview.manageresources.NewResourceUnitsap.m.StandardListItem{\"title\":\"Group\"}"}]}
COMMAND: GET /session/baa8039192228d9a0a588c2c554a7daa/screenshot - {}
RESULT: {"script":"<script> [1562 bytes]","args":[{"selector":{"controlType":"sap.m.StandardListItem","viewName":"reusables.view.manageresources.NewResourceUnit","viewId":"application-manageresources-display-component---newResourceUnit","properties":{"title":"Group"},"searchOpenDialogs":true,"interaction":{"idSuffix":"content"}},"wdio_ui5_key":"reusablesview.manageresources.NewResourceUnitsap.m.StandardListItem{\"title\":\"Group\"}"}]}
RESULT: undefined
COMMAND: POST /session/baa8039192228d9a0a588c2c554a7daa/element - {"using":"xpath","value":"//*[@id=\"__item149\"]"}
RESULT: {}
RESULT: {"using":"xpath","value":"//*[@id=\"__item149\"]"}
COMMAND: POST /session/baa8039192228d9a0a588c2c554a7daa/element/f.433F1701EA3C2F53086EAE1C24884C44.d.5605161303BC8E3D1507F0ED1A6429B4.e.1553/click - {}
RESULT: {}
COMMAND: GET /session/baa8039192228d9a0a588c2c554a7daa/screenshot - {}
RESULT: {}
COMMAND: POST /session/baa8039192228d9a0a588c2c554a7daa/execute/async - {"script":"<script> [1562 bytes]","args":[{"selector":{"id":"application-manageresources-display-component---newResourceUnit--SHORT_TEXT","interaction":{"idSuffix":"inner"}},"wdio_ui5_key":"applicationmanageresources-display-component---newResourceUnit--SHORT_TEXT"}]}
RESULT: {"script":"<script> [1562 bytes]","args":[{"selector":{"id":"application-manageresources-display-component---newResourceUnit--SHORT_TEXT","interaction":{"idSuffix":"inner"}},"wdio_ui5_key":"applicationmanageresources-display-component---newResourceUnit--SHORT_TEXT"}]}
RESULT: undefined
COMMAND: POST /session/baa8039192228d9a0a588c2c554a7daa/execute/async - {"script":"<script> [776 bytes]","args":[{"enterText":"WdIORUGroup5ltr8","selector":{"id":"application-manageresources-display-component---newResourceUnit--SHORT_TEXT","interaction":{"idSuffix":"inner"}},"clearTextFirst":true,"interactionType":"ENTER_TEXT"}]}
RESULT: {"script":"<script> [776 bytes]","args":[{"enterText":"WdIORUGroup5ltr8","selector":{"id":"application-manageresources-display-component---newResourceUnit--SHORT_TEXT","interaction":{"idSuffix":"inner"}},"clearTextFirst":true,"interactionType":"ENTER_TEXT"}]}
COMMAND: POST /session/baa8039192228d9a0a588c2c554a7daa/execute/async - {"script":"<script> [1562 bytes]","args":[{"selector":{"id":"application-manageresources-display-component---newResourceUnit--BASE_UNIT_OF_MEASURE","interaction":{"idSuffix":"inner"}},"wdio_ui5_key":"applicationmanageresources-display-component---newResourceUnit--BASE_UNIT_OF_MEASURE"}]}
RESULT: {"script":"<script> [1562 bytes]","args":[{"selector":{"id":"application-manageresources-display-component---newResourceUnit--BASE_UNIT_OF_MEASURE","interaction":{"idSuffix":"inner"}},"wdio_ui5_key":"applicationmanageresources-display-component---newResourceUnit--BASE_UNIT_OF_MEASURE"}]}
RESULT: undefined
COMMAND: POST /session/baa8039192228d9a0a588c2c554a7daa/execute/async - {"script":"<script> [776 bytes]","args":[{"enterText":"Piece","selector":{"id":"application-manageresources-display-component---newResourceUnit--BASE_UNIT_OF_MEASURE","interaction":{"idSuffix":"inner"}},"clearTextFirst":true,"interactionType":"ENTER_TEXT"}]}
RESULT: {"script":"<script> [776 bytes]","args":[{"enterText":"Piece","selector":{"id":"application-manageresources-display-component---newResourceUnit--BASE_UNIT_OF_MEASURE","interaction":{"idSuffix":"inner"}},"clearTextFirst":true,"interactionType":"ENTER_TEXT"}]}
COMMAND: POST /session/baa8039192228d9a0a588c2c554a7daa/execute/async - {"script":"<script> [1562 bytes]","args":[{"selector":{"id":"application-manageresources-display-component---newResourceUnit--newRRUPage-OPHeaderContent-collapseBtn-img"},"wdio_ui5_key":"applicationmanageresources-display-component---newResourceUnit--newRRUPage-OPHeaderContent-collapseBtn-img"}]}
RESULT: {"script":"<script> [1562 bytes]","args":[{"selector":{"id":"application-manageresources-display-component---newResourceUnit--newRRUPage-OPHeaderContent-collapseBtn-img"},"wdio_ui5_key":"applicationmanageresources-display-component---newResourceUnit--newRRUPage-OPHeaderContent-collapseBtn-img"}]}
RESULT: undefined
COMMAND: POST /session/baa8039192228d9a0a588c2c554a7daa/element - {"using":"xpath","value":"//*[@id=\"application-manageresources-display-component---newResourceUnit--newRRUPage-OPHeaderContent-collapseBtn-img\"]"}
RESULT: {"using":"xpath","value":"//*[@id=\"application-manageresources-display-component---newResourceUnit--newRRUPage-OPHeaderContent-collapseBtn-img\"]"}
COMMAND: POST /session/baa8039192228d9a0a588c2c554a7daa/element/f.433F1701EA3C2F53086EAE1C24884C44.d.5605161303BC8E3D1507F0ED1A6429B4.e.1561/click - {}
RESULT: {}
COMMAND: GET /session/baa8039192228d9a0a588c2c554a7daa/screenshot - {}
RESULT: {}
COMMAND: POST /session/baa8039192228d9a0a588c2c554a7daa/execute/async - {"script":"<script> [1562 bytes]","args":[{"selector":{"id":"application-manageresources-display-component---newResourceUnit--newRRUPage-anchBar-application-manageresources-display-component---newResourceUnit--control-anchor","interaction":{"idSuffix":"BDI-content"}},"wdio_ui5_key":"applicationmanageresources-display-component---newResourceUnit--newRRUPage-anchBar-application-manageresources-display-component---newResourceUnit--control-anchor"}]}
RESULT: {"script":"<script> [1562 bytes]","args":[{"selector":{"id":"application-manageresources-display-component---newResourceUnit--newRRUPage-anchBar-application-manageresources-display-component---newResourceUnit--control-anchor","interaction":{"idSuffix":"BDI-content"}},"wdio_ui5_key":"applicationmanageresources-display-component---newResourceUnit--newRRUPage-anchBar-application-manageresources-display-component---newResourceUnit--control-anchor"}]}
RESULT: undefined
COMMAND: POST /session/baa8039192228d9a0a588c2c554a7daa/element - {"using":"xpath","value":"//*[@id=\"application-manageresources-display-component---newResourceUnit--newRRUPage-anchBar-application-manageresources-display-component---newResourceUnit--control-anchor\"]"}
RESULT: {"using":"xpath","value":"//*[@id=\"application-manageresources-display-component---newResourceUnit--newRRUPage-anchBar-application-manageresources-display-component---newResourceUnit--control-anchor\"]"}
COMMAND: POST /session/baa8039192228d9a0a588c2c554a7daa/element/f.433F1701EA3C2F53086EAE1C24884C44.d.5605161303BC8E3D1507F0ED1A6429B4.e.1608/click - {}
RESULT: {}
COMMAND: POST /session/baa8039192228d9a0a588c2c554a7daa/execute/async - {"script":"<script> [1562 bytes]","args":[{"selector":{"id":"application-manageresources-display-component---newResourceUnit--PLANNING_GROUP","interaction":{"idSuffix":"inner"}},"wdio_ui5_key":"applicationmanageresources-display-component---newResourceUnit--PLANNING_GROUP"}]}
COMMAND: GET /session/baa8039192228d9a0a588c2c554a7daa/screenshot - {}
RESULT: {"script":"<script> [1562 bytes]","args":[{"selector":{"id":"application-manageresources-display-component---newResourceUnit--PLANNING_GROUP","interaction":{"idSuffix":"inner"}},"wdio_ui5_key":"applicationmanageresources-display-component---newResourceUnit--PLANNING_GROUP"}]}
RESULT: undefined
COMMAND: POST /session/baa8039192228d9a0a588c2c554a7daa/execute/async - {"script":"<script> [776 bytes]","args":[{"enterText":"Heavy Equi","selector":{"id":"application-manageresources-display-component---newResourceUnit--PLANNING_GROUP","interaction":{"idSuffix":"inner"}},"clearTextFirst":true,"interactionType":"ENTER_TEXT"}]}
RESULT: {}
RESULT: {"script":"<script> [776 bytes]","args":[{"enterText":"Heavy Equi","selector":{"id":"application-manageresources-display-component---newResourceUnit--PLANNING_GROUP","interaction":{"idSuffix":"inner"}},"clearTextFirst":true,"interactionType":"ENTER_TEXT"}]}
COMMAND: POST /session/baa8039192228d9a0a588c2c554a7daa/element - {"using":"xpath","value":"//bdi[contains(text(), \"Time Segment\")]"}
RESULT: {"using":"xpath","value":"//bdi[contains(text(), \"Time Segment\")]"}
COMMAND: GET /session/baa8039192228d9a0a588c2c554a7daa/element/f.433F1701EA3C2F53086EAE1C24884C44.d.5605161303BC8E3D1507F0ED1A6429B4.e.1613/rect - {}
RESULT: {}
COMMAND: GET /session/baa8039192228d9a0a588c2c554a7daa/window/rect - {}
RESULT: {}
COMMAND: POST /session/baa8039192228d9a0a588c2c554a7daa/execute/sync - {"script":"<script> [92 bytes]","args":[]}
RESULT: {"script":"<script> [92 bytes]","args":[]}
COMMAND: POST /session/baa8039192228d9a0a588c2c554a7daa/actions - {"actions":[{"id":"action3","type":"wheel","parameters":{},"actions":[{"type":"scroll","x":-1820,"y":-21,"deltaX":0,"deltaY":0,"duration":0,"origin":{"element-6066-11e4-a52e-4f735466cecf":"f.433F1701EA3C2F53086EAE1C24884C44.d.5605161303BC8E3D1507F0ED1A6429B4.e.1613"}}]}]}
COMMAND: GET /session/baa8039192228d9a0a588c2c554a7daa/screenshot - {}
RESULT: {}
COMMAND: POST /session/baa8039192228d9a0a588c2c554a7daa/execute/sync - {"script":"<script> [79 bytes]","args":[{"element-6066-11e4-a52e-4f735466cecf":"f.433F1701EA3C2F53086EAE1C24884C44.d.5605161303BC8E3D1507F0ED1A6429B4.e.1613","ELEMENT":"f.433F1701EA3C2F53086EAE1C24884C44.d.5605161303BC8E3D1507F0ED1A6429B4.e.1613"},{"block":"start","inline":"nearest"}]}
RESULT: {"script":"<script> [79 bytes]","args":[{"element-6066-11e4-a52e-4f735466cecf":"f.433F1701EA3C2F53086EAE1C24884C44.d.5605161303BC8E3D1507F0ED1A6429B4.e.1613","ELEMENT":"f.433F1701EA3C2F53086EAE1C24884C44.d.5605161303BC8E3D1507F0ED1A6429B4.e.1613"},{"block":"start","inline":"nearest"}]}
COMMAND: GET /session/baa8039192228d9a0a588c2c554a7daa/screenshot - {}
RESULT: {}
COMMAND: POST /session/baa8039192228d9a0a588c2c554a7daa/execute/async - {"script":"<script> [1562 bytes]","args":[{"selector":{"id":"application-manageresources-display-component---newResourceUnit--btnAddTimeSegment-img"},"wdio_ui5_key":"applicationmanageresources-display-component---newResourceUnit--btnAddTimeSegment-img"}]}
RESULT: {"script":"<script> [1562 bytes]","args":[{"selector":{"id":"application-manageresources-display-component---newResourceUnit--btnAddTimeSegment-img"},"wdio_ui5_key":"applicationmanageresources-display-component---newResourceUnit--btnAddTimeSegment-img"}]}
RESULT: undefined
COMMAND: POST /session/baa8039192228d9a0a588c2c554a7daa/element - {"using":"xpath","value":"//*[@id=\"application-manageresources-display-component---newResourceUnit--btnAddTimeSegment-img\"]"}
RESULT: {"using":"xpath","value":"//*[@id=\"application-manageresources-display-component---newResourceUnit--btnAddTimeSegment-img\"]"}
COMMAND: POST /session/baa8039192228d9a0a588c2c554a7daa/element/f.433F1701EA3C2F53086EAE1C24884C44.d.5605161303BC8E3D1507F0ED1A6429B4.e.1616/click - {}
RESULT: {}
COMMAND: GET /session/baa8039192228d9a0a588c2c554a7daa/screenshot - {}
COMMAND: POST /session/baa8039192228d9a0a588c2c554a7daa/element - {"using":"xpath","value":"//input[@id=\"application-manageresources-display-component---newResourceUnit--idRuTSAdmin-application-manageresources-display-component---newResourceUnit--RUTimeSegment-0-inner\"]"}
RESULT: {}
RESULT: {"using":"xpath","value":"//input[@id=\"application-manageresources-display-component---newResourceUnit--idRuTSAdmin-application-manageresources-display-component---newResourceUnit--RUTimeSegment-0-inner\"]"}
COMMAND: POST /session/baa8039192228d9a0a588c2c554a7daa/element/f.433F1701EA3C2F53086EAE1C24884C44.d.5605161303BC8E3D1507F0ED1A6429B4.e.1619/clear - {}
RESULT: {}
COMMAND: POST /session/baa8039192228d9a0a588c2c554a7daa/element/f.433F1701EA3C2F53086EAE1C24884C44.d.5605161303BC8E3D1507F0ED1A6429B4.e.1619/value - {"text":"WebdriverYardaocme"}
COMMAND: GET /session/baa8039192228d9a0a588c2c554a7daa/screenshot - {}
RESULT: {"text":"WebdriverYardaocme"}
COMMAND: GET /session/baa8039192228d9a0a588c2c554a7daa/screenshot - {}
RESULT: {}
RESULT: {}
COMMAND: POST /session/baa8039192228d9a0a588c2c554a7daa/actions - {"actions":[{"id":"action4","type":"key","parameters":{},"actions":[{"type":"keyDown","value":"î€‡"},{"type":"pause","duration":10},{"type":"keyUp","value":"î€‡"}]}]}
RESULT: {"actions":[{"id":"action4","type":"key","parameters":{},"actions":[{"type":"keyDown","value":"î€‡"},{"type":"pause","duration":10},{"type":"keyUp","value":"î€‡"}]}]}
COMMAND: GET /session/baa8039192228d9a0a588c2c554a7daa/screenshot - {}
RESULT: {}
COMMAND: POST /session/baa8039192228d9a0a588c2c554a7daa/execute/async - {"script":"<script> [1562 bytes]","args":[{"selector":{"controlType":"sap.m.Button","viewName":"reusables.view.manageresources.NewResourceUnit","viewId":"application-manageresources-display-component---newResourceUnit","i18NText":{"propertyName":"tooltip","key":"save"},"interaction":{"idSuffix":"BDI-content"}},"wdio_ui5_key":"reusablesview.manageresources.NewResourceUnitsap.m.Button{\"propertyName\":\"tooltip\",\"key\":\"save\"}"}]}
RESULT: {"script":"<script> [1562 bytes]","args":[{"selector":{"controlType":"sap.m.Button","viewName":"reusables.view.manageresources.NewResourceUnit","viewId":"application-manageresources-display-component---newResourceUnit","i18NText":{"propertyName":"tooltip","key":"save"},"interaction":{"idSuffix":"BDI-content"}},"wdio_ui5_key":"reusablesview.manageresources.NewResourceUnitsap.m.Button{\"propertyName\":\"tooltip\",\"key\":\"save\"}"}]}
RESULT: undefined
COMMAND: POST /session/baa8039192228d9a0a588c2c554a7daa/element - {"using":"xpath","value":"//*[@id=\"application-manageresources-display-component---newResourceUnit--createRuButton\"]"}
RESULT: {"using":"xpath","value":"//*[@id=\"application-manageresources-display-component---newResourceUnit--createRuButton\"]"}
COMMAND: POST /session/baa8039192228d9a0a588c2c554a7daa/element/f.433F1701EA3C2F53086EAE1C24884C44.d.5605161303BC8E3D1507F0ED1A6429B4.e.1567/click - {}
RESULT: {}
COMMAND: GET /session/baa8039192228d9a0a588c2c554a7daa/screenshot - {}
RESULT: {}
COMMAND: POST /session/baa8039192228d9a0a588c2c554a7daa/execute/async - {"script":"<script> [1562 bytes]","args":[{"selector":{"controlType":"sap.m.Button","properties":{"text":"Close"},"searchOpenDialogs":true,"interaction":{"idSuffix":"inner"}},"wdio_ui5_key":"sapm.Button{\"text\":\"Close\"}"}]}
RESULT: {"script":"<script> [1562 bytes]","args":[{"selector":{"controlType":"sap.m.Button","properties":{"text":"Close"},"searchOpenDialogs":true,"interaction":{"idSuffix":"inner"}},"wdio_ui5_key":"sapm.Button{\"text\":\"Close\"}"}]}
RESULT: undefined
COMMAND: POST /session/baa8039192228d9a0a588c2c554a7daa/element - {"using":"xpath","value":"//*[@id=\"__mbox-btn-0\"]"}
RESULT: {"using":"xpath","value":"//*[@id=\"__mbox-btn-0\"]"}
COMMAND: POST /session/baa8039192228d9a0a588c2c554a7daa/element/f.433F1701EA3C2F53086EAE1C24884C44.d.5605161303BC8E3D1507F0ED1A6429B4.e.1626/click - {}
RESULT: {}
COMMAND: GET /session/baa8039192228d9a0a588c2c554a7daa/screenshot - {}
RESULT: {}
]]></system-out>
    </testcase>
    <testcase classname="chrome.136_0_7103_93.windows.Related_resources_for_groups_US139107" name="Should create first equipment and add it to the group" time="136.471">
      <system-out><![CDATA[
RESULT: undefined
COMMAND: POST /session/baa8039192228d9a0a588c2c554a7daa/element - {"using":"xpath","value":"//*[@id=\"__tile39\"]"}
RESULT: {"using":"xpath","value":"//*[@id=\"__tile39\"]"}
COMMAND: POST /session/baa8039192228d9a0a588c2c554a7daa/element/f.433F1701EA3C2F53086EAE1C24884C44.d.5605161303BC8E3D1507F0ED1A6429B4.e.1189/click - {}
COMMAND: POST /session/baa8039192228d9a0a588c2c554a7daa/elements - {"using":"xpath","value":"//span[text()='Error']"}
RESULT: {"using":"xpath","value":"//span[text()='Error']"}
COMMAND: POST /session/baa8039192228d9a0a588c2c554a7daa/element - {"using":"xpath","value":"//button[@data-kt=\"addNewRUOverflowToolbarButton\"]"}
RESULT: {"using":"xpath","value":"//button[@data-kt=\"addNewRUOverflowToolbarButton\"]"}
COMMAND: POST /session/baa8039192228d9a0a588c2c554a7daa/execute/sync - {"script":"<script> [8489 bytes]","args":[{"element-6066-11e4-a52e-4f735466cecf":"f.433F1701EA3C2F53086EAE1C24884C44.d.5605161303BC8E3D1507F0ED1A6429B4.e.1234","ELEMENT":"f.433F1701EA3C2F53086EAE1C24884C44.d.5605161303BC8E3D1507F0ED1A6429B4.e.1234"}]}
RESULT: {"script":"<script> [8489 bytes]","args":[{"element-6066-11e4-a52e-4f735466cecf":"f.433F1701EA3C2F53086EAE1C24884C44.d.5605161303BC8E3D1507F0ED1A6429B4.e.1234","ELEMENT":"f.433F1701EA3C2F53086EAE1C24884C44.d.5605161303BC8E3D1507F0ED1A6429B4.e.1234"}]}
COMMAND: POST /session/baa8039192228d9a0a588c2c554a7daa/element/f.433F1701EA3C2F53086EAE1C24884C44.d.5605161303BC8E3D1507F0ED1A6429B4.e.1234/click - {}
COMMAND: GET /session/baa8039192228d9a0a588c2c554a7daa/screenshot - {}
RESULT: {}
COMMAND: GET /session/baa8039192228d9a0a588c2c554a7daa/screenshot - {}
RESULT: {}
RESULT: {}
RESULT: undefined
COMMAND: POST /session/baa8039192228d9a0a588c2c554a7daa/element - {"using":"xpath","value":"//*[@id=\"application-manageresources-display-component---newResourceUnit--TYPE-arrow\"]"}
RESULT: {"using":"xpath","value":"//*[@id=\"application-manageresources-display-component---newResourceUnit--TYPE-arrow\"]"}
COMMAND: POST /session/baa8039192228d9a0a588c2c554a7daa/element/f.433F1701EA3C2F53086EAE1C24884C44.d.5605161303BC8E3D1507F0ED1A6429B4.e.1550/click - {}
RESULT: {}
COMMAND: POST /session/baa8039192228d9a0a588c2c554a7daa/execute/async - {"script":"<script> [1562 bytes]","args":[{"selector":{"controlType":"sap.m.StandardListItem","viewName":"reusables.view.manageresources.NewResourceUnit","viewId":"application-manageresources-display-component---newResourceUnit","properties":{"title":"Equipment"},"searchOpenDialogs":true,"interaction":{"idSuffix":"content"}},"wdio_ui5_key":"reusablesview.manageresources.NewResourceUnitsap.m.StandardListItem{\"title\":\"Equipment\"}"}]}
COMMAND: GET /session/baa8039192228d9a0a588c2c554a7daa/screenshot - {}
RESULT: {"script":"<script> [1562 bytes]","args":[{"selector":{"controlType":"sap.m.StandardListItem","viewName":"reusables.view.manageresources.NewResourceUnit","viewId":"application-manageresources-display-component---newResourceUnit","properties":{"title":"Equipment"},"searchOpenDialogs":true,"interaction":{"idSuffix":"content"}},"wdio_ui5_key":"reusablesview.manageresources.NewResourceUnitsap.m.StandardListItem{\"title\":\"Equipment\"}"}]}
RESULT: undefined
COMMAND: POST /session/baa8039192228d9a0a588c2c554a7daa/element - {"using":"xpath","value":"//*[@id=\"__item140\"]"}
RESULT: {}
RESULT: {"using":"xpath","value":"//*[@id=\"__item140\"]"}
COMMAND: POST /session/baa8039192228d9a0a588c2c554a7daa/element/f.433F1701EA3C2F53086EAE1C24884C44.d.5605161303BC8E3D1507F0ED1A6429B4.e.1672/click - {}
RESULT: {}
COMMAND: POST /session/baa8039192228d9a0a588c2c554a7daa/execute/async - {"script":"<script> [1562 bytes]","args":[{"selector":{"id":"application-manageresources-display-component---newResourceUnit--resourceId","interaction":{"idSuffix":"inner"}},"wdio_ui5_key":"applicationmanageresources-display-component---newResourceUnit--resourceId"}]}
COMMAND: GET /session/baa8039192228d9a0a588c2c554a7daa/screenshot - {}
RESULT: {"script":"<script> [1562 bytes]","args":[{"selector":{"id":"application-manageresources-display-component---newResourceUnit--resourceId","interaction":{"idSuffix":"inner"}},"wdio_ui5_key":"applicationmanageresources-display-component---newResourceUnit--resourceId"}]}
RESULT: undefined
COMMAND: POST /session/baa8039192228d9a0a588c2c554a7daa/execute/async - {"script":"<script> [776 bytes]","args":[{"enterText":"WdIORUEquip1f9oyfj","selector":{"id":"application-manageresources-display-component---newResourceUnit--resourceId","interaction":{"idSuffix":"inner"}},"clearTextFirst":true,"interactionType":"ENTER_TEXT"}]}
RESULT: {}
RESULT: {"script":"<script> [776 bytes]","args":[{"enterText":"WdIORUEquip1f9oyfj","selector":{"id":"application-manageresources-display-component---newResourceUnit--resourceId","interaction":{"idSuffix":"inner"}},"clearTextFirst":true,"interactionType":"ENTER_TEXT"}]}
RESULT: undefined
COMMAND: POST /session/baa8039192228d9a0a588c2c554a7daa/execute/async - {"script":"<script> [776 bytes]","args":[{"enterText":"WdIORUEquip1f9oyfj","selector":{"id":"application-manageresources-display-component---newResourceUnit--SHORT_TEXT","interaction":{"idSuffix":"inner"}},"clearTextFirst":true,"interactionType":"ENTER_TEXT"}]}
RESULT: {"script":"<script> [776 bytes]","args":[{"enterText":"WdIORUEquip1f9oyfj","selector":{"id":"application-manageresources-display-component---newResourceUnit--SHORT_TEXT","interaction":{"idSuffix":"inner"}},"clearTextFirst":true,"interactionType":"ENTER_TEXT"}]}
RESULT: undefined
COMMAND: POST /session/baa8039192228d9a0a588c2c554a7daa/execute/async - {"script":"<script> [776 bytes]","args":[{"enterText":"Piece","selector":{"id":"application-manageresources-display-component---newResourceUnit--BASE_UNIT_OF_MEASURE","interaction":{"idSuffix":"inner"}},"clearTextFirst":true,"interactionType":"ENTER_TEXT"}]}
RESULT: {"script":"<script> [776 bytes]","args":[{"enterText":"Piece","selector":{"id":"application-manageresources-display-component---newResourceUnit--BASE_UNIT_OF_MEASURE","interaction":{"idSuffix":"inner"}},"clearTextFirst":true,"interactionType":"ENTER_TEXT"}]}
COMMAND: POST /session/baa8039192228d9a0a588c2c554a7daa/element - {"using":"xpath","value":"//input[contains(@id ,\"application-manageresources-display-component---newResourceUnit--HIGHER_LEVEL_RESOURCE-inner\")]"}
RESULT: {"using":"xpath","value":"//input[contains(@id ,\"application-manageresources-display-component---newResourceUnit--HIGHER_LEVEL_RESOURCE-inner\")]"}
COMMAND: POST /session/baa8039192228d9a0a588c2c554a7daa/element/f.433F1701EA3C2F53086EAE1C24884C44.d.5605161303BC8E3D1507F0ED1A6429B4.e.1678/value - {"text":"WdIORUGroup5ltr8"}
RESULT: {"text":"WdIORUGroup5ltr8"}
COMMAND: GET /session/baa8039192228d9a0a588c2c554a7daa/screenshot - {}
RESULT: {}
COMMAND: POST /session/baa8039192228d9a0a588c2c554a7daa/actions - {"actions":[{"id":"action5","type":"key","parameters":{},"actions":[{"type":"keyDown","value":"î€‡"},{"type":"pause","duration":10},{"type":"keyUp","value":"î€‡"}]}]}
RESULT: {"actions":[{"id":"action5","type":"key","parameters":{},"actions":[{"type":"keyDown","value":"î€‡"},{"type":"pause","duration":10},{"type":"keyUp","value":"î€‡"}]}]}
COMMAND: POST /session/baa8039192228d9a0a588c2c554a7daa/execute/async - {"script":"<script> [1562 bytes]","args":[{"selector":{"id":"application-manageresources-display-component---newResourceUnit--WEIGHT_UNIT","interaction":{"idSuffix":"inner"}},"wdio_ui5_key":"applicationmanageresources-display-component---newResourceUnit--WEIGHT_UNIT"}]}
COMMAND: GET /session/baa8039192228d9a0a588c2c554a7daa/screenshot - {}
RESULT: {"script":"<script> [1562 bytes]","args":[{"selector":{"id":"application-manageresources-display-component---newResourceUnit--WEIGHT_UNIT","interaction":{"idSuffix":"inner"}},"wdio_ui5_key":"applicationmanageresources-display-component---newResourceUnit--WEIGHT_UNIT"}]}
RESULT: undefined
COMMAND: POST /session/baa8039192228d9a0a588c2c554a7daa/execute/async - {"script":"<script> [776 bytes]","args":[{"enterText":"Gram","selector":{"id":"application-manageresources-display-component---newResourceUnit--WEIGHT_UNIT","interaction":{"idSuffix":"inner"}},"clearTextFirst":true,"interactionType":"ENTER_TEXT"}]}
RESULT: {}
RESULT: {"script":"<script> [776 bytes]","args":[{"enterText":"Gram","selector":{"id":"application-manageresources-display-component---newResourceUnit--WEIGHT_UNIT","interaction":{"idSuffix":"inner"}},"clearTextFirst":true,"interactionType":"ENTER_TEXT"}]}
RESULT: undefined
COMMAND: POST /session/baa8039192228d9a0a588c2c554a7daa/element - {"using":"xpath","value":"//*[@id=\"application-manageresources-display-component---newResourceUnit--newRRUPage-OPHeaderContent-collapseBtn-img\"]"}
RESULT: {"using":"xpath","value":"//*[@id=\"application-manageresources-display-component---newResourceUnit--newRRUPage-OPHeaderContent-collapseBtn-img\"]"}
COMMAND: POST /session/baa8039192228d9a0a588c2c554a7daa/element/f.433F1701EA3C2F53086EAE1C24884C44.d.5605161303BC8E3D1507F0ED1A6429B4.e.1561/click - {}
RESULT: {}
COMMAND: GET /session/baa8039192228d9a0a588c2c554a7daa/screenshot - {}
RESULT: {}
COMMAND: POST /session/baa8039192228d9a0a588c2c554a7daa/element - {"using":"xpath","value":"(//span[contains(@id ,\"application-manageresources-display-component---newResourceUnit--DIMENSION_UNIT-arrow\")])[1]"}
RESULT: {"using":"xpath","value":"(//span[contains(@id ,\"application-manageresources-display-component---newResourceUnit--DIMENSION_UNIT-arrow\")])[1]"}
COMMAND: POST /session/baa8039192228d9a0a588c2c554a7daa/element/f.433F1701EA3C2F53086EAE1C24884C44.d.5605161303BC8E3D1507F0ED1A6429B4.e.1799/click - {}
RESULT: {}
COMMAND: GET /session/baa8039192228d9a0a588c2c554a7daa/screenshot - {}
RESULT: {}
COMMAND: POST /session/baa8039192228d9a0a588c2c554a7daa/execute/async - {"script":"<script> [1562 bytes]","args":[{"selector":{"controlType":"sap.m.StandardListItem","viewName":"reusables.view.manageresources.NewResourceUnit","viewId":"application-manageresources-display-component---newResourceUnit","properties":{"title":"Centimeter"},"searchOpenDialogs":true,"interaction":{"idSuffix":"titleText"}},"wdio_ui5_key":"reusablesview.manageresources.NewResourceUnitsap.m.StandardListItem{\"title\":\"Centimeter\"}"}]}
RESULT: {"script":"<script> [1562 bytes]","args":[{"selector":{"controlType":"sap.m.StandardListItem","viewName":"reusables.view.manageresources.NewResourceUnit","viewId":"application-manageresources-display-component---newResourceUnit","properties":{"title":"Centimeter"},"searchOpenDialogs":true,"interaction":{"idSuffix":"titleText"}},"wdio_ui5_key":"reusablesview.manageresources.NewResourceUnitsap.m.StandardListItem{\"title\":\"Centimeter\"}"}]}
RESULT: undefined
COMMAND: POST /session/baa8039192228d9a0a588c2c554a7daa/element - {"using":"xpath","value":"//*[@id=\"__item751\"]"}
RESULT: {"using":"xpath","value":"//*[@id=\"__item751\"]"}
COMMAND: POST /session/baa8039192228d9a0a588c2c554a7daa/element/f.433F1701EA3C2F53086EAE1C24884C44.d.5605161303BC8E3D1507F0ED1A6429B4.e.1803/click - {}
RESULT: {}
COMMAND: GET /session/baa8039192228d9a0a588c2c554a7daa/screenshot - {}
RESULT: {}
RESULT: undefined
COMMAND: POST /session/baa8039192228d9a0a588c2c554a7daa/element - {"using":"xpath","value":"//*[@id=\"application-manageresources-display-component---newResourceUnit--newRRUPage-anchBar-application-manageresources-display-component---newResourceUnit--control-anchor\"]"}
RESULT: {"using":"xpath","value":"//*[@id=\"application-manageresources-display-component---newResourceUnit--newRRUPage-anchBar-application-manageresources-display-component---newResourceUnit--control-anchor\"]"}
COMMAND: POST /session/baa8039192228d9a0a588c2c554a7daa/element/f.433F1701EA3C2F53086EAE1C24884C44.d.5605161303BC8E3D1507F0ED1A6429B4.e.1804/click - {}
RESULT: {}
RESULT: undefined
COMMAND: POST /session/baa8039192228d9a0a588c2c554a7daa/execute/async - {"script":"<script> [776 bytes]","args":[{"enterText":"Heavy Equi","selector":{"id":"application-manageresources-display-component---newResourceUnit--PLANNING_GROUP","interaction":{"idSuffix":"inner"}},"clearTextFirst":true,"interactionType":"ENTER_TEXT"}]}
COMMAND: GET /session/baa8039192228d9a0a588c2c554a7daa/screenshot - {}
RESULT: {"script":"<script> [776 bytes]","args":[{"enterText":"Heavy Equi","selector":{"id":"application-manageresources-display-component---newResourceUnit--PLANNING_GROUP","interaction":{"idSuffix":"inner"}},"clearTextFirst":true,"interactionType":"ENTER_TEXT"}]}
RESULT: {}
COMMAND: POST /session/baa8039192228d9a0a588c2c554a7daa/execute/async - {"script":"<script> [1562 bytes]","args":[{"selector":{"id":"application-manageresources-display-component---newResourceUnit--ITEM_TYPE-arrow"},"wdio_ui5_key":"applicationmanageresources-display-component---newResourceUnit--ITEM_TYPE-arrow"}]}
RESULT: {"script":"<script> [1562 bytes]","args":[{"selector":{"id":"application-manageresources-display-component---newResourceUnit--ITEM_TYPE-arrow"},"wdio_ui5_key":"applicationmanageresources-display-component---newResourceUnit--ITEM_TYPE-arrow"}]}
RESULT: undefined
COMMAND: POST /session/baa8039192228d9a0a588c2c554a7daa/element - {"using":"xpath","value":"//*[@id=\"application-manageresources-display-component---newResourceUnit--ITEM_TYPE-arrow\"]"}
RESULT: {"using":"xpath","value":"//*[@id=\"application-manageresources-display-component---newResourceUnit--ITEM_TYPE-arrow\"]"}
COMMAND: POST /session/baa8039192228d9a0a588c2c554a7daa/element/f.433F1701EA3C2F53086EAE1C24884C44.d.5605161303BC8E3D1507F0ED1A6429B4.e.1809/click - {}
RESULT: {}
COMMAND: POST /session/baa8039192228d9a0a588c2c554a7daa/execute/async - {"script":"<script> [1562 bytes]","args":[{"selector":{"controlType":"sap.m.StandardListItem","viewName":"reusables.view.manageresources.NewResourceUnit","viewId":"application-manageresources-display-component---newResourceUnit","properties":{"title":"Resource Unit"},"searchOpenDialogs":true,"interaction":{"idSuffix":"titleText"}},"wdio_ui5_key":"reusablesview.manageresources.NewResourceUnitsap.m.StandardListItem{\"title\":\"Resource Unit\"}"}]}
COMMAND: GET /session/baa8039192228d9a0a588c2c554a7daa/screenshot - {}
RESULT: {"script":"<script> [1562 bytes]","args":[{"selector":{"controlType":"sap.m.StandardListItem","viewName":"reusables.view.manageresources.NewResourceUnit","viewId":"application-manageresources-display-component---newResourceUnit","properties":{"title":"Resource Unit"},"searchOpenDialogs":true,"interaction":{"idSuffix":"titleText"}},"wdio_ui5_key":"reusablesview.manageresources.NewResourceUnitsap.m.StandardListItem{\"title\":\"Resource Unit\"}"}]}
RESULT: undefined
COMMAND: POST /session/baa8039192228d9a0a588c2c554a7daa/element - {"using":"xpath","value":"//*[@id=\"__item760\"]"}
RESULT: {}
RESULT: {"using":"xpath","value":"//*[@id=\"__item760\"]"}
COMMAND: POST /session/baa8039192228d9a0a588c2c554a7daa/element/f.433F1701EA3C2F53086EAE1C24884C44.d.5605161303BC8E3D1507F0ED1A6429B4.e.1811/click - {}
RESULT: {}
COMMAND: POST /session/baa8039192228d9a0a588c2c554a7daa/element - {"using":"xpath","value":"//bdi[contains(text(), \"Time Segment\")]"}
COMMAND: GET /session/baa8039192228d9a0a588c2c554a7daa/screenshot - {}
RESULT: {"using":"xpath","value":"//bdi[contains(text(), \"Time Segment\")]"}
COMMAND: GET /session/baa8039192228d9a0a588c2c554a7daa/element/f.433F1701EA3C2F53086EAE1C24884C44.d.5605161303BC8E3D1507F0ED1A6429B4.e.1812/rect - {}
RESULT: {}
RESULT: {}
COMMAND: GET /session/baa8039192228d9a0a588c2c554a7daa/window/rect - {}
RESULT: {}
COMMAND: POST /session/baa8039192228d9a0a588c2c554a7daa/execute/sync - {"script":"<script> [92 bytes]","args":[]}
RESULT: {"script":"<script> [92 bytes]","args":[]}
COMMAND: POST /session/baa8039192228d9a0a588c2c554a7daa/actions - {"actions":[{"id":"action6","type":"wheel","parameters":{},"actions":[{"type":"scroll","x":-1820,"y":-21,"deltaX":0,"deltaY":0,"duration":0,"origin":{"element-6066-11e4-a52e-4f735466cecf":"f.433F1701EA3C2F53086EAE1C24884C44.d.5605161303BC8E3D1507F0ED1A6429B4.e.1812"}}]}]}
COMMAND: GET /session/baa8039192228d9a0a588c2c554a7daa/screenshot - {}
RESULT: {}
COMMAND: POST /session/baa8039192228d9a0a588c2c554a7daa/execute/sync - {"script":"<script> [79 bytes]","args":[{"element-6066-11e4-a52e-4f735466cecf":"f.433F1701EA3C2F53086EAE1C24884C44.d.5605161303BC8E3D1507F0ED1A6429B4.e.1812","ELEMENT":"f.433F1701EA3C2F53086EAE1C24884C44.d.5605161303BC8E3D1507F0ED1A6429B4.e.1812"},{"block":"start","inline":"nearest"}]}
RESULT: {"script":"<script> [79 bytes]","args":[{"element-6066-11e4-a52e-4f735466cecf":"f.433F1701EA3C2F53086EAE1C24884C44.d.5605161303BC8E3D1507F0ED1A6429B4.e.1812","ELEMENT":"f.433F1701EA3C2F53086EAE1C24884C44.d.5605161303BC8E3D1507F0ED1A6429B4.e.1812"},{"block":"start","inline":"nearest"}]}
RESULT: undefined
COMMAND: POST /session/baa8039192228d9a0a588c2c554a7daa/element - {"using":"xpath","value":"//*[@id=\"application-manageresources-display-component---newResourceUnit--btnAddTimeSegment-img\"]"}
COMMAND: GET /session/baa8039192228d9a0a588c2c554a7daa/screenshot - {}
RESULT: {"using":"xpath","value":"//*[@id=\"application-manageresources-display-component---newResourceUnit--btnAddTimeSegment-img\"]"}
COMMAND: POST /session/baa8039192228d9a0a588c2c554a7daa/element/f.433F1701EA3C2F53086EAE1C24884C44.d.5605161303BC8E3D1507F0ED1A6429B4.e.1813/click - {}
RESULT: {}
RESULT: {}
COMMAND: GET /session/baa8039192228d9a0a588c2c554a7daa/screenshot - {}
COMMAND: POST /session/baa8039192228d9a0a588c2c554a7daa/element - {"using":"xpath","value":"//input[@id=\"application-manageresources-display-component---newResourceUnit--idRuTSAdmin-application-manageresources-display-component---newResourceUnit--RUTimeSegment-0-inner\"]"}
RESULT: {}
RESULT: {"using":"xpath","value":"//input[@id=\"application-manageresources-display-component---newResourceUnit--idRuTSAdmin-application-manageresources-display-component---newResourceUnit--RUTimeSegment-0-inner\"]"}
COMMAND: POST /session/baa8039192228d9a0a588c2c554a7daa/element/f.433F1701EA3C2F53086EAE1C24884C44.d.5605161303BC8E3D1507F0ED1A6429B4.e.1819/clear - {}
RESULT: {}
COMMAND: POST /session/baa8039192228d9a0a588c2c554a7daa/element/f.433F1701EA3C2F53086EAE1C24884C44.d.5605161303BC8E3D1507F0ED1A6429B4.e.1819/value - {"text":"WebdriverYardaocme"}
COMMAND: GET /session/baa8039192228d9a0a588c2c554a7daa/screenshot - {}
RESULT: {"text":"WebdriverYardaocme"}
COMMAND: GET /session/baa8039192228d9a0a588c2c554a7daa/screenshot - {}
RESULT: {}
RESULT: {}
COMMAND: POST /session/baa8039192228d9a0a588c2c554a7daa/actions - {"actions":[{"id":"action7","type":"key","parameters":{},"actions":[{"type":"keyDown","value":"î€‡"},{"type":"pause","duration":10},{"type":"keyUp","value":"î€‡"}]}]}
RESULT: {"actions":[{"id":"action7","type":"key","parameters":{},"actions":[{"type":"keyDown","value":"î€‡"},{"type":"pause","duration":10},{"type":"keyUp","value":"î€‡"}]}]}
COMMAND: POST /session/baa8039192228d9a0a588c2c554a7daa/execute/async - {"script":"<script> [1562 bytes]","args":[{"selector":{"controlType":"sap.ui.core.Icon","viewName":"reusables.view.manageresources.NewResourceUnit","viewId":"application-manageresources-display-component---newResourceUnit","properties":{"src":{"regex":{"source":"slim\\-arrow\\-down"}}},"ancestor":{"controlType":"sap.m.ComboBox","viewName":"reusables.view.manageresources.NewResourceUnit","viewId":"application-manageresources-display-component---newResourceUnit","bindingPath":{"path":"/RESOURCE_UNIT_TIME_SEQUENCES/0","propertyPath":"COST_OBJECT_ADMIN_CST_TYPE","modelName":"oNewRruModel"}}},"wdio_ui5_key":"reusablesview.manageresources.NewResourceUnitsap.ui.core.Icon{\"src\":{\"regex\":{\"source\":\"slim\\\\-arrow\\\\-down\"}}}{\"controlType\":\"sap.m.ComboBox\",\"viewName\":\"reusables.view.manageresources.NewResourceUnit\",\"viewId\":\"application-manageresources-display-component---newResourceUnit\",\"bindingPath\":{\"path\":\"/RESOURCE_UNIT_TIME_SEQUENCES/0\",\"propertyPath\":\"COST_OBJECT_ADMIN_CST_TYPE\",\"modelName\":\"oNewRruModel\"}}"}]}
COMMAND: GET /session/baa8039192228d9a0a588c2c554a7daa/screenshot - {}
RESULT: {"script":"<script> [1562 bytes]","args":[{"selector":{"controlType":"sap.ui.core.Icon","viewName":"reusables.view.manageresources.NewResourceUnit","viewId":"application-manageresources-display-component---newResourceUnit","properties":{"src":{"regex":{"source":"slim\\-arrow\\-down"}}},"ancestor":{"controlType":"sap.m.ComboBox","viewName":"reusables.view.manageresources.NewResourceUnit","viewId":"application-manageresources-display-component---newResourceUnit","bindingPath":{"path":"/RESOURCE_UNIT_TIME_SEQUENCES/0","propertyPath":"COST_OBJECT_ADMIN_CST_TYPE","modelName":"oNewRruModel"}}},"wdio_ui5_key":"reusablesview.manageresources.NewResourceUnitsap.ui.core.Icon{\"src\":{\"regex\":{\"source\":\"slim\\\\-arrow\\\\-down\"}}}{\"controlType\":\"sap.m.ComboBox\",\"viewName\":\"reusables.view.manageresources.NewResourceUnit\",\"viewId\":\"application-manageresources-display-component---newResourceUnit\",\"bindingPath\":{\"path\":\"/RESOURCE_UNIT_TIME_SEQUENCES/0\",\"propertyPath\":\"COST_OBJECT_ADMIN_CST_TYPE\",\"modelName\":\"oNewRruModel\"}}"}]}
RESULT: undefined
COMMAND: POST /session/baa8039192228d9a0a588c2c554a7daa/element - {"using":"xpath","value":"//*[@id=\"__box5-application-manageresources-display-component---newResourceUnit--RUTimeSegment-0-arrow\"]"}
RESULT: {}
RESULT: {"using":"xpath","value":"//*[@id=\"__box5-application-manageresources-display-component---newResourceUnit--RUTimeSegment-0-arrow\"]"}
COMMAND: POST /session/baa8039192228d9a0a588c2c554a7daa/element/f.433F1701EA3C2F53086EAE1C24884C44.d.5605161303BC8E3D1507F0ED1A6429B4.e.1833/click - {}
RESULT: {}
COMMAND: POST /session/baa8039192228d9a0a588c2c554a7daa/execute/async - {"script":"<script> [1562 bytes]","args":[{"selector":{"controlType":"sap.m.StandardListItem","viewName":"reusables.view.manageresources.NewResourceUnit","viewId":"application-manageresources-display-component---newResourceUnit","properties":{"title":"PM Order"},"searchOpenDialogs":true,"interaction":{"idSuffix":"titleText"}},"wdio_ui5_key":"reusablesview.manageresources.NewResourceUnitsap.m.StandardListItem{\"title\":\"PM Order\"}"}]}
COMMAND: GET /session/baa8039192228d9a0a588c2c554a7daa/screenshot - {}
RESULT: {"script":"<script> [1562 bytes]","args":[{"selector":{"controlType":"sap.m.StandardListItem","viewName":"reusables.view.manageresources.NewResourceUnit","viewId":"application-manageresources-display-component---newResourceUnit","properties":{"title":"PM Order"},"searchOpenDialogs":true,"interaction":{"idSuffix":"titleText"}},"wdio_ui5_key":"reusablesview.manageresources.NewResourceUnitsap.m.StandardListItem{\"title\":\"PM Order\"}"}]}
RESULT: undefined
COMMAND: POST /session/baa8039192228d9a0a588c2c554a7daa/element - {"using":"xpath","value":"//*[@id=\"__item1572\"]"}
RESULT: {}
RESULT: {"using":"xpath","value":"//*[@id=\"__item1572\"]"}
COMMAND: POST /session/baa8039192228d9a0a588c2c554a7daa/element/f.433F1701EA3C2F53086EAE1C24884C44.d.5605161303BC8E3D1507F0ED1A6429B4.e.1837/click - {}
RESULT: {}
COMMAND: GET /session/baa8039192228d9a0a588c2c554a7daa/screenshot - {}
RESULT: {}
COMMAND: POST /session/baa8039192228d9a0a588c2c554a7daa/element - {"using":"xpath","value":"(//input[contains(@id ,\"-application-manageresources-display-component---newResourceUnit--RUTimeSegment-0-inner\")])[8]"}
RESULT: {"using":"xpath","value":"(//input[contains(@id ,\"-application-manageresources-display-component---newResourceUnit--RUTimeSegment-0-inner\")])[8]"}
COMMAND: POST /session/baa8039192228d9a0a588c2c554a7daa/element/f.433F1701EA3C2F53086EAE1C24884C44.d.5605161303BC8E3D1507F0ED1A6429B4.e.1840/clear - {}
RESULT: {}
COMMAND: POST /session/baa8039192228d9a0a588c2c554a7daa/element/f.433F1701EA3C2F53086EAE1C24884C44.d.5605161303BC8E3D1507F0ED1A6429B4.e.1840/value - {"text":"4000360"}
COMMAND: GET /session/baa8039192228d9a0a588c2c554a7daa/screenshot - {}
RESULT: {"text":"4000360"}
COMMAND: GET /session/baa8039192228d9a0a588c2c554a7daa/screenshot - {}
RESULT: {}
RESULT: {}
COMMAND: POST /session/baa8039192228d9a0a588c2c554a7daa/actions - {"actions":[{"id":"action8","type":"key","parameters":{},"actions":[{"type":"keyDown","value":"î€‡"},{"type":"pause","duration":10},{"type":"keyUp","value":"î€‡"}]}]}
RESULT: {"actions":[{"id":"action8","type":"key","parameters":{},"actions":[{"type":"keyDown","value":"î€‡"},{"type":"pause","duration":10},{"type":"keyUp","value":"î€‡"}]}]}
COMMAND: GET /session/baa8039192228d9a0a588c2c554a7daa/screenshot - {}
RESULT: {}
COMMAND: POST /session/baa8039192228d9a0a588c2c554a7daa/element - {"using":"xpath","value":"//input[contains(@id ,\"application-manageresources-display-component---newResourceUnit--newTimeSegmentFromDatePicker-application-manageresources-display-component---newResourceUnit--RUTimeSegment-0-inner\")]"}
RESULT: {"using":"xpath","value":"//input[contains(@id ,\"application-manageresources-display-component---newResourceUnit--newTimeSegmentFromDatePicker-application-manageresources-display-component---newResourceUnit--RUTimeSegment-0-inner\")]"}
COMMAND: POST /session/baa8039192228d9a0a588c2c554a7daa/element/f.433F1701EA3C2F53086EAE1C24884C44.d.5605161303BC8E3D1507F0ED1A6429B4.e.1826/clear - {}
RESULT: {}
COMMAND: POST /session/baa8039192228d9a0a588c2c554a7daa/element/f.433F1701EA3C2F53086EAE1C24884C44.d.5605161303BC8E3D1507F0ED1A6429B4.e.1826/clear - {}
COMMAND: GET /session/baa8039192228d9a0a588c2c554a7daa/screenshot - {}
RESULT: {}
COMMAND: POST /session/baa8039192228d9a0a588c2c554a7daa/element/f.433F1701EA3C2F53086EAE1C24884C44.d.5605161303BC8E3D1507F0ED1A6429B4.e.1826/value - {"text":"06/19/24"}
COMMAND: GET /session/baa8039192228d9a0a588c2c554a7daa/screenshot - {}
RESULT: {}
RESULT: {"text":"06/19/24"}
COMMAND: POST /session/baa8039192228d9a0a588c2c554a7daa/execute/async - {"script":"<script> [1562 bytes]","args":[{"selector":{"id":"application-manageresources-display-component---newResourceUnit--newRRUPage-anchBar-application-manageresources-display-component---newResourceUnit--resource-anchor","interaction":{"idSuffix":"BDI-content"}},"wdio_ui5_key":"applicationmanageresources-display-component---newResourceUnit--newRRUPage-anchBar-application-manageresources-display-component---newResourceUnit--resource-anchor"}]}
COMMAND: GET /session/baa8039192228d9a0a588c2c554a7daa/screenshot - {}
RESULT: {}
RESULT: {"script":"<script> [1562 bytes]","args":[{"selector":{"id":"application-manageresources-display-component---newResourceUnit--newRRUPage-anchBar-application-manageresources-display-component---newResourceUnit--resource-anchor","interaction":{"idSuffix":"BDI-content"}},"wdio_ui5_key":"applicationmanageresources-display-component---newResourceUnit--newRRUPage-anchBar-application-manageresources-display-component---newResourceUnit--resource-anchor"}]}
RESULT: undefined
COMMAND: POST /session/baa8039192228d9a0a588c2c554a7daa/element - {"using":"xpath","value":"//*[@id=\"application-manageresources-display-component---newResourceUnit--newRRUPage-anchBar-application-manageresources-display-component---newResourceUnit--resource-anchor\"]"}
RESULT: {}
RESULT: {"using":"xpath","value":"//*[@id=\"application-manageresources-display-component---newResourceUnit--newRRUPage-anchBar-application-manageresources-display-component---newResourceUnit--resource-anchor\"]"}
COMMAND: POST /session/baa8039192228d9a0a588c2c554a7daa/element/f.433F1701EA3C2F53086EAE1C24884C44.d.5605161303BC8E3D1507F0ED1A6429B4.e.1861/click - {}
RESULT: {}
COMMAND: POST /session/baa8039192228d9a0a588c2c554a7daa/execute/async - {"script":"<script> [1562 bytes]","args":[{"selector":{"id":"application-manageresources-display-component---newResourceUnit--PLANNED_DELIVERY_DATE","interaction":{"idSuffix":"inner"}},"wdio_ui5_key":"applicationmanageresources-display-component---newResourceUnit--PLANNED_DELIVERY_DATE"}]}
COMMAND: GET /session/baa8039192228d9a0a588c2c554a7daa/screenshot - {}
RESULT: {"script":"<script> [1562 bytes]","args":[{"selector":{"id":"application-manageresources-display-component---newResourceUnit--PLANNED_DELIVERY_DATE","interaction":{"idSuffix":"inner"}},"wdio_ui5_key":"applicationmanageresources-display-component---newResourceUnit--PLANNED_DELIVERY_DATE"}]}
RESULT: undefined
COMMAND: POST /session/baa8039192228d9a0a588c2c554a7daa/execute/async - {"script":"<script> [6424 bytes]","args":[{"element-6066-11e4-a52e-4f735466cecf":"f.433F1701EA3C2F53086EAE1C24884C44.d.5605161303BC8E3D1507F0ED1A6429B4.e.1708"},"setValue",["06/19/24"]]}
RESULT: {}
RESULT: {"script":"<script> [6424 bytes]","args":[{"element-6066-11e4-a52e-4f735466cecf":"f.433F1701EA3C2F53086EAE1C24884C44.d.5605161303BC8E3D1507F0ED1A6429B4.e.1708"},"setValue",["06/19/24"]]}
COMMAND: POST /session/baa8039192228d9a0a588c2c554a7daa/execute/async - {"script":"<script> [1562 bytes]","args":[{"selector":{"id":"application-manageresources-display-component---newResourceUnit--RETIRE_PLANNED_DATE","interaction":{"idSuffix":"inner"}},"wdio_ui5_key":"applicationmanageresources-display-component---newResourceUnit--RETIRE_PLANNED_DATE"}]}
RESULT: {"script":"<script> [1562 bytes]","args":[{"selector":{"id":"application-manageresources-display-component---newResourceUnit--RETIRE_PLANNED_DATE","interaction":{"idSuffix":"inner"}},"wdio_ui5_key":"applicationmanageresources-display-component---newResourceUnit--RETIRE_PLANNED_DATE"}]}
RESULT: undefined
COMMAND: POST /session/baa8039192228d9a0a588c2c554a7daa/execute/async - {"script":"<script> [776 bytes]","args":[{"enterText":"3/14/29","selector":{"id":"application-manageresources-display-component---newResourceUnit--RETIRE_PLANNED_DATE","interaction":{"idSuffix":"inner"}},"clearTextFirst":true,"interactionType":"ENTER_TEXT"}]}
RESULT: {"script":"<script> [776 bytes]","args":[{"enterText":"3/14/29","selector":{"id":"application-manageresources-display-component---newResourceUnit--RETIRE_PLANNED_DATE","interaction":{"idSuffix":"inner"}},"clearTextFirst":true,"interactionType":"ENTER_TEXT"}]}
RESULT: undefined
COMMAND: POST /session/baa8039192228d9a0a588c2c554a7daa/element - {"using":"xpath","value":"//*[@id=\"application-manageresources-display-component---newResourceUnit--createRuButton\"]"}
RESULT: {"using":"xpath","value":"//*[@id=\"application-manageresources-display-component---newResourceUnit--createRuButton\"]"}
COMMAND: POST /session/baa8039192228d9a0a588c2c554a7daa/element/f.433F1701EA3C2F53086EAE1C24884C44.d.5605161303BC8E3D1507F0ED1A6429B4.e.1567/click - {}
RESULT: {}
COMMAND: GET /session/baa8039192228d9a0a588c2c554a7daa/screenshot - {}
RESULT: {}
COMMAND: POST /session/baa8039192228d9a0a588c2c554a7daa/element - {"using":"xpath","value":"(//bdi[contains(text(), \"Close\")])[1]"}
RESULT: {"using":"xpath","value":"(//bdi[contains(text(), \"Close\")])[1]"}
COMMAND: POST /session/baa8039192228d9a0a588c2c554a7daa/element/f.433F1701EA3C2F53086EAE1C24884C44.d.5605161303BC8E3D1507F0ED1A6429B4.e.1870/click - {}
RESULT: {}
COMMAND: GET /session/baa8039192228d9a0a588c2c554a7daa/screenshot - {}
RESULT: {}
]]></system-out>
    </testcase>
    <testcase classname="chrome.136_0_7103_93.windows.Related_resources_for_groups_US139107" name="Should create one more equipment using copy function and add it to the group" time="77.94">
      <system-out><![CDATA[
COMMAND: POST /session/baa8039192228d9a0a588c2c554a7daa/element - {"using":"xpath","value":"//span[contains(@id ,\"actionsToolbar-overflowButton-img\")]"}
RESULT: {"using":"xpath","value":"//span[contains(@id ,\"actionsToolbar-overflowButton-img\")]"}
COMMAND: POST /session/baa8039192228d9a0a588c2c554a7daa/execute/sync - {"script":"<script> [8489 bytes]","args":[{"element-6066-11e4-a52e-4f735466cecf":"f.433F1701EA3C2F53086EAE1C24884C44.d.5605161303BC8E3D1507F0ED1A6429B4.e.1880","ELEMENT":"f.433F1701EA3C2F53086EAE1C24884C44.d.5605161303BC8E3D1507F0ED1A6429B4.e.1880"}]}
RESULT: {"script":"<script> [8489 bytes]","args":[{"element-6066-11e4-a52e-4f735466cecf":"f.433F1701EA3C2F53086EAE1C24884C44.d.5605161303BC8E3D1507F0ED1A6429B4.e.1880","ELEMENT":"f.433F1701EA3C2F53086EAE1C24884C44.d.5605161303BC8E3D1507F0ED1A6429B4.e.1880"}]}
COMMAND: POST /session/baa8039192228d9a0a588c2c554a7daa/execute/sync - {"script":"<script> [5351 bytes]","args":[{"element-6066-11e4-a52e-4f735466cecf":"f.433F1701EA3C2F53086EAE1C24884C44.d.5605161303BC8E3D1507F0ED1A6429B4.e.1880","ELEMENT":"f.433F1701EA3C2F53086EAE1C24884C44.d.5605161303BC8E3D1507F0ED1A6429B4.e.1880"}]}
COMMAND: GET /session/baa8039192228d9a0a588c2c554a7daa/screenshot - {}
RESULT: {}
RESULT: {"script":"<script> [5351 bytes]","args":[{"element-6066-11e4-a52e-4f735466cecf":"f.433F1701EA3C2F53086EAE1C24884C44.d.5605161303BC8E3D1507F0ED1A6429B4.e.1880","ELEMENT":"f.433F1701EA3C2F53086EAE1C24884C44.d.5605161303BC8E3D1507F0ED1A6429B4.e.1880"}]}
COMMAND: GET /session/baa8039192228d9a0a588c2c554a7daa/screenshot - {}
COMMAND: POST /session/baa8039192228d9a0a588c2c554a7daa/execute/sync - {"script":"<script> [8489 bytes]","args":[{"element-6066-11e4-a52e-4f735466cecf":"f.433F1701EA3C2F53086EAE1C24884C44.d.5605161303BC8E3D1507F0ED1A6429B4.e.1880","ELEMENT":"f.433F1701EA3C2F53086EAE1C24884C44.d.5605161303BC8E3D1507F0ED1A6429B4.e.1880"}]}
RESULT: {}
RESULT: {"script":"<script> [8489 bytes]","args":[{"element-6066-11e4-a52e-4f735466cecf":"f.433F1701EA3C2F53086EAE1C24884C44.d.5605161303BC8E3D1507F0ED1A6429B4.e.1880","ELEMENT":"f.433F1701EA3C2F53086EAE1C24884C44.d.5605161303BC8E3D1507F0ED1A6429B4.e.1880"}]}
COMMAND: POST /session/baa8039192228d9a0a588c2c554a7daa/execute/sync - {"script":"<script> [5351 bytes]","args":[{"element-6066-11e4-a52e-4f735466cecf":"f.433F1701EA3C2F53086EAE1C24884C44.d.5605161303BC8E3D1507F0ED1A6429B4.e.1880","ELEMENT":"f.433F1701EA3C2F53086EAE1C24884C44.d.5605161303BC8E3D1507F0ED1A6429B4.e.1880"}]}
COMMAND: GET /session/baa8039192228d9a0a588c2c554a7daa/screenshot - {}
RESULT: {"script":"<script> [5351 bytes]","args":[{"element-6066-11e4-a52e-4f735466cecf":"f.433F1701EA3C2F53086EAE1C24884C44.d.5605161303BC8E3D1507F0ED1A6429B4.e.1880","ELEMENT":"f.433F1701EA3C2F53086EAE1C24884C44.d.5605161303BC8E3D1507F0ED1A6429B4.e.1880"}]}
COMMAND: GET /session/baa8039192228d9a0a588c2c554a7daa/screenshot - {}
COMMAND: POST /session/baa8039192228d9a0a588c2c554a7daa/execute/sync - {"script":"<script> [8489 bytes]","args":[{"element-6066-11e4-a52e-4f735466cecf":"f.433F1701EA3C2F53086EAE1C24884C44.d.5605161303BC8E3D1507F0ED1A6429B4.e.1880","ELEMENT":"f.433F1701EA3C2F53086EAE1C24884C44.d.5605161303BC8E3D1507F0ED1A6429B4.e.1880"}]}
RESULT: {}
RESULT: {}
RESULT: {"script":"<script> [8489 bytes]","args":[{"element-6066-11e4-a52e-4f735466cecf":"f.433F1701EA3C2F53086EAE1C24884C44.d.5605161303BC8E3D1507F0ED1A6429B4.e.1880","ELEMENT":"f.433F1701EA3C2F53086EAE1C24884C44.d.5605161303BC8E3D1507F0ED1A6429B4.e.1880"}]}
COMMAND: POST /session/baa8039192228d9a0a588c2c554a7daa/execute/sync - {"script":"<script> [5351 bytes]","args":[{"element-6066-11e4-a52e-4f735466cecf":"f.433F1701EA3C2F53086EAE1C24884C44.d.5605161303BC8E3D1507F0ED1A6429B4.e.1880","ELEMENT":"f.433F1701EA3C2F53086EAE1C24884C44.d.5605161303BC8E3D1507F0ED1A6429B4.e.1880"}]}
COMMAND: GET /session/baa8039192228d9a0a588c2c554a7daa/screenshot - {}
RESULT: {"script":"<script> [5351 bytes]","args":[{"element-6066-11e4-a52e-4f735466cecf":"f.433F1701EA3C2F53086EAE1C24884C44.d.5605161303BC8E3D1507F0ED1A6429B4.e.1880","ELEMENT":"f.433F1701EA3C2F53086EAE1C24884C44.d.5605161303BC8E3D1507F0ED1A6429B4.e.1880"}]}
COMMAND: GET /session/baa8039192228d9a0a588c2c554a7daa/screenshot - {}
COMMAND: POST /session/baa8039192228d9a0a588c2c554a7daa/execute/sync - {"script":"<script> [8489 bytes]","args":[{"element-6066-11e4-a52e-4f735466cecf":"f.433F1701EA3C2F53086EAE1C24884C44.d.5605161303BC8E3D1507F0ED1A6429B4.e.1880","ELEMENT":"f.433F1701EA3C2F53086EAE1C24884C44.d.5605161303BC8E3D1507F0ED1A6429B4.e.1880"}]}
RESULT: {}
RESULT: {}
COMMAND: POST /session/baa8039192228d9a0a588c2c554a7daa/element - {"using":"xpath","value":"//span[contains(@id ,\"actionsToolbar-overflowButton-img\")]"}
RESULT: {"using":"xpath","value":"//span[contains(@id ,\"actionsToolbar-overflowButton-img\")]"}
COMMAND: POST /session/baa8039192228d9a0a588c2c554a7daa/execute/sync - {"script":"<script> [8489 bytes]","args":[{"element-6066-11e4-a52e-4f735466cecf":"f.433F1701EA3C2F53086EAE1C24884C44.d.5605161303BC8E3D1507F0ED1A6429B4.e.1942","ELEMENT":"f.433F1701EA3C2F53086EAE1C24884C44.d.5605161303BC8E3D1507F0ED1A6429B4.e.1942"}]}
RESULT: {"script":"<script> [8489 bytes]","args":[{"element-6066-11e4-a52e-4f735466cecf":"f.433F1701EA3C2F53086EAE1C24884C44.d.5605161303BC8E3D1507F0ED1A6429B4.e.1942","ELEMENT":"f.433F1701EA3C2F53086EAE1C24884C44.d.5605161303BC8E3D1507F0ED1A6429B4.e.1942"}]}
COMMAND: POST /session/baa8039192228d9a0a588c2c554a7daa/execute/sync - {"script":"<script> [5351 bytes]","args":[{"element-6066-11e4-a52e-4f735466cecf":"f.433F1701EA3C2F53086EAE1C24884C44.d.5605161303BC8E3D1507F0ED1A6429B4.e.1942","ELEMENT":"f.433F1701EA3C2F53086EAE1C24884C44.d.5605161303BC8E3D1507F0ED1A6429B4.e.1942"}]}
COMMAND: GET /session/baa8039192228d9a0a588c2c554a7daa/screenshot - {}
RESULT: {"script":"<script> [5351 bytes]","args":[{"element-6066-11e4-a52e-4f735466cecf":"f.433F1701EA3C2F53086EAE1C24884C44.d.5605161303BC8E3D1507F0ED1A6429B4.e.1942","ELEMENT":"f.433F1701EA3C2F53086EAE1C24884C44.d.5605161303BC8E3D1507F0ED1A6429B4.e.1942"}]}
COMMAND: GET /session/baa8039192228d9a0a588c2c554a7daa/screenshot - {}
COMMAND: POST /session/baa8039192228d9a0a588c2c554a7daa/execute/sync - {"script":"<script> [8489 bytes]","args":[{"element-6066-11e4-a52e-4f735466cecf":"f.433F1701EA3C2F53086EAE1C24884C44.d.5605161303BC8E3D1507F0ED1A6429B4.e.1942","ELEMENT":"f.433F1701EA3C2F53086EAE1C24884C44.d.5605161303BC8E3D1507F0ED1A6429B4.e.1942"}]}
RESULT: {}
RESULT: {}
COMMAND: POST /session/baa8039192228d9a0a588c2c554a7daa/element - {"using":"xpath","value":"//span[contains(@id ,\"actionsToolbar-overflowButton-img\")]"}
RESULT: {"using":"xpath","value":"//span[contains(@id ,\"actionsToolbar-overflowButton-img\")]"}
COMMAND: POST /session/baa8039192228d9a0a588c2c554a7daa/execute/sync - {"script":"<script> [8489 bytes]","args":[{"element-6066-11e4-a52e-4f735466cecf":"f.433F1701EA3C2F53086EAE1C24884C44.d.5605161303BC8E3D1507F0ED1A6429B4.e.1945","ELEMENT":"f.433F1701EA3C2F53086EAE1C24884C44.d.5605161303BC8E3D1507F0ED1A6429B4.e.1945"}]}
RESULT: {"script":"<script> [8489 bytes]","args":[{"element-6066-11e4-a52e-4f735466cecf":"f.433F1701EA3C2F53086EAE1C24884C44.d.5605161303BC8E3D1507F0ED1A6429B4.e.1945","ELEMENT":"f.433F1701EA3C2F53086EAE1C24884C44.d.5605161303BC8E3D1507F0ED1A6429B4.e.1945"}]}
COMMAND: POST /session/baa8039192228d9a0a588c2c554a7daa/execute/sync - {"script":"<script> [5351 bytes]","args":[{"element-6066-11e4-a52e-4f735466cecf":"f.433F1701EA3C2F53086EAE1C24884C44.d.5605161303BC8E3D1507F0ED1A6429B4.e.1945","ELEMENT":"f.433F1701EA3C2F53086EAE1C24884C44.d.5605161303BC8E3D1507F0ED1A6429B4.e.1945"}]}
COMMAND: GET /session/baa8039192228d9a0a588c2c554a7daa/screenshot - {}
RESULT: {"script":"<script> [5351 bytes]","args":[{"element-6066-11e4-a52e-4f735466cecf":"f.433F1701EA3C2F53086EAE1C24884C44.d.5605161303BC8E3D1507F0ED1A6429B4.e.1945","ELEMENT":"f.433F1701EA3C2F53086EAE1C24884C44.d.5605161303BC8E3D1507F0ED1A6429B4.e.1945"}]}
COMMAND: POST /session/baa8039192228d9a0a588c2c554a7daa/element/f.433F1701EA3C2F53086EAE1C24884C44.d.5605161303BC8E3D1507F0ED1A6429B4.e.1945/click - {}
COMMAND: GET /session/baa8039192228d9a0a588c2c554a7daa/screenshot - {}
RESULT: {}
RESULT: {}
COMMAND: GET /session/baa8039192228d9a0a588c2c554a7daa/screenshot - {}
RESULT: {}
RESULT: {}
COMMAND: POST /session/baa8039192228d9a0a588c2c554a7daa/execute/async - {"script":"<script> [1562 bytes]","args":[{"selector":{"controlType":"sap.m.Button","viewName":"etm.portal.ui.manageresources.view.Detail","viewId":"application-manageresources-display-component---detailRU","i18NText":{"propertyName":"text","key":"copy"},"interaction":{"idSuffix":"BDI-content"}},"wdio_ui5_key":"etmportal.ui.manageresources.view.Detailsap.m.Button{\"propertyName\":\"text\",\"key\":\"copy\"}"}]}
RESULT: {"script":"<script> [1562 bytes]","args":[{"selector":{"controlType":"sap.m.Button","viewName":"etm.portal.ui.manageresources.view.Detail","viewId":"application-manageresources-display-component---detailRU","i18NText":{"propertyName":"text","key":"copy"},"interaction":{"idSuffix":"BDI-content"}},"wdio_ui5_key":"etmportal.ui.manageresources.view.Detailsap.m.Button{\"propertyName\":\"text\",\"key\":\"copy\"}"}]}
RESULT: undefined
COMMAND: POST /session/baa8039192228d9a0a588c2c554a7daa/element - {"using":"xpath","value":"//*[@id=\"__button31\"]"}
RESULT: {"using":"xpath","value":"//*[@id=\"__button31\"]"}
COMMAND: POST /session/baa8039192228d9a0a588c2c554a7daa/element/f.433F1701EA3C2F53086EAE1C24884C44.d.5605161303BC8E3D1507F0ED1A6429B4.e.1949/click - {}
RESULT: {}
COMMAND: GET /session/baa8039192228d9a0a588c2c554a7daa/screenshot - {}
RESULT: {}
COMMAND: POST /session/baa8039192228d9a0a588c2c554a7daa/execute/async - {"script":"<script> [1562 bytes]","args":[{"selector":{"controlType":"sap.m.Button","viewName":"etm.portal.ui.manageresources.view.Detail","viewId":"application-manageresources-display-component---detailRU","i18NText":{"propertyName":"text","key":"selectAll"},"searchOpenDialogs":true,"interaction":{"idSuffix":"BDI-content"}},"wdio_ui5_key":"etmportal.ui.manageresources.view.Detailsap.m.Button{\"propertyName\":\"text\",\"key\":\"selectAll\"}"}]}
RESULT: {"script":"<script> [1562 bytes]","args":[{"selector":{"controlType":"sap.m.Button","viewName":"etm.portal.ui.manageresources.view.Detail","viewId":"application-manageresources-display-component---detailRU","i18NText":{"propertyName":"text","key":"selectAll"},"searchOpenDialogs":true,"interaction":{"idSuffix":"BDI-content"}},"wdio_ui5_key":"etmportal.ui.manageresources.view.Detailsap.m.Button{\"propertyName\":\"text\",\"key\":\"selectAll\"}"}]}
RESULT: undefined
COMMAND: POST /session/baa8039192228d9a0a588c2c554a7daa/element - {"using":"xpath","value":"//*[@id=\"__button79\"]"}
RESULT: {"using":"xpath","value":"//*[@id=\"__button79\"]"}
COMMAND: POST /session/baa8039192228d9a0a588c2c554a7daa/element/f.433F1701EA3C2F53086EAE1C24884C44.d.5605161303BC8E3D1507F0ED1A6429B4.e.1950/click - {}
RESULT: {}
COMMAND: GET /session/baa8039192228d9a0a588c2c554a7daa/screenshot - {}
RESULT: {}
COMMAND: POST /session/baa8039192228d9a0a588c2c554a7daa/execute/async - {"script":"<script> [1562 bytes]","args":[{"selector":{"controlType":"sap.m.Button","viewName":"etm.portal.ui.manageresources.view.Detail","viewId":"application-manageresources-display-component---detailRU","i18NText":{"propertyName":"text","key":"confirm"},"searchOpenDialogs":true,"interaction":{"idSuffix":"content"}},"wdio_ui5_key":"etmportal.ui.manageresources.view.Detailsap.m.Button{\"propertyName\":\"text\",\"key\":\"confirm\"}"}]}
RESULT: {"script":"<script> [1562 bytes]","args":[{"selector":{"controlType":"sap.m.Button","viewName":"etm.portal.ui.manageresources.view.Detail","viewId":"application-manageresources-display-component---detailRU","i18NText":{"propertyName":"text","key":"confirm"},"searchOpenDialogs":true,"interaction":{"idSuffix":"content"}},"wdio_ui5_key":"etmportal.ui.manageresources.view.Detailsap.m.Button{\"propertyName\":\"text\",\"key\":\"confirm\"}"}]}
RESULT: undefined
COMMAND: POST /session/baa8039192228d9a0a588c2c554a7daa/element - {"using":"xpath","value":"//*[@id=\"__button80\"]"}
RESULT: {"using":"xpath","value":"//*[@id=\"__button80\"]"}
COMMAND: POST /session/baa8039192228d9a0a588c2c554a7daa/element/f.433F1701EA3C2F53086EAE1C24884C44.d.5605161303BC8E3D1507F0ED1A6429B4.e.1974/click - {}
RESULT: {}
COMMAND: GET /session/baa8039192228d9a0a588c2c554a7daa/screenshot - {}
RESULT: {}
COMMAND: POST /session/baa8039192228d9a0a588c2c554a7daa/element - {"using":"xpath","value":"(//span[contains(@id ,\"expandBtn-inner\")])[2]"}
RESULT: {"using":"xpath","value":"(//span[contains(@id ,\"expandBtn-inner\")])[2]"}
COMMAND: POST /session/baa8039192228d9a0a588c2c554a7daa/element/f.433F1701EA3C2F53086EAE1C24884C44.d.5605161303BC8E3D1507F0ED1A6429B4.e.1989/click - {}
RESULT: {}
COMMAND: GET /session/baa8039192228d9a0a588c2c554a7daa/screenshot - {}
RESULT: {}
COMMAND: POST /session/baa8039192228d9a0a588c2c554a7daa/element - {"using":"xpath","value":"//input[contains(@id ,\"application-manageresources-display-component---newResourceUnit--resourceId-inner\")]"}
RESULT: {"using":"xpath","value":"//input[contains(@id ,\"application-manageresources-display-component---newResourceUnit--resourceId-inner\")]"}
COMMAND: POST /session/baa8039192228d9a0a588c2c554a7daa/element/f.433F1701EA3C2F53086EAE1C24884C44.d.5605161303BC8E3D1507F0ED1A6429B4.e.1673/clear - {}
RESULT: {}
COMMAND: POST /session/baa8039192228d9a0a588c2c554a7daa/element/f.433F1701EA3C2F53086EAE1C24884C44.d.5605161303BC8E3D1507F0ED1A6429B4.e.1673/value - {"text":"WdIORUEquip2iebqtj"}
COMMAND: GET /session/baa8039192228d9a0a588c2c554a7daa/screenshot - {}
RESULT: {"text":"WdIORUEquip2iebqtj"}
COMMAND: POST /session/baa8039192228d9a0a588c2c554a7daa/element - {"using":"xpath","value":"//input[contains(@id ,\"application-manageresources-display-component---newResourceUnit--SHORT_TEXT-inner\")]"}
COMMAND: GET /session/baa8039192228d9a0a588c2c554a7daa/screenshot - {}
RESULT: {}
RESULT: {"using":"xpath","value":"//input[contains(@id ,\"application-manageresources-display-component---newResourceUnit--SHORT_TEXT-inner\")]"}
COMMAND: POST /session/baa8039192228d9a0a588c2c554a7daa/element/f.433F1701EA3C2F53086EAE1C24884C44.d.5605161303BC8E3D1507F0ED1A6429B4.e.1674/clear - {}
RESULT: {}
RESULT: {}
COMMAND: POST /session/baa8039192228d9a0a588c2c554a7daa/element/f.433F1701EA3C2F53086EAE1C24884C44.d.5605161303BC8E3D1507F0ED1A6429B4.e.1674/clear - {}
COMMAND: GET /session/baa8039192228d9a0a588c2c554a7daa/screenshot - {}
RESULT: {}
RESULT: {}
COMMAND: POST /session/baa8039192228d9a0a588c2c554a7daa/element/f.433F1701EA3C2F53086EAE1C24884C44.d.5605161303BC8E3D1507F0ED1A6429B4.e.1674/value - {"text":"WdIORUEquip2iebqtj"}
COMMAND: GET /session/baa8039192228d9a0a588c2c554a7daa/screenshot - {}
RESULT: {"text":"WdIORUEquip2iebqtj"}
COMMAND: POST /session/baa8039192228d9a0a588c2c554a7daa/element - {"using":"xpath","value":"//bdi[contains(text(), \"Time Segment\")]"}
COMMAND: GET /session/baa8039192228d9a0a588c2c554a7daa/screenshot - {}
RESULT: {}
RESULT: {"using":"xpath","value":"//bdi[contains(text(), \"Time Segment\")]"}
COMMAND: GET /session/baa8039192228d9a0a588c2c554a7daa/element/f.433F1701EA3C2F53086EAE1C24884C44.d.5605161303BC8E3D1507F0ED1A6429B4.e.1812/rect - {}
RESULT: {}
RESULT: {}
COMMAND: GET /session/baa8039192228d9a0a588c2c554a7daa/window/rect - {}
RESULT: {}
COMMAND: POST /session/baa8039192228d9a0a588c2c554a7daa/execute/sync - {"script":"<script> [92 bytes]","args":[]}
RESULT: {"script":"<script> [92 bytes]","args":[]}
COMMAND: POST /session/baa8039192228d9a0a588c2c554a7daa/actions - {"actions":[{"id":"action9","type":"wheel","parameters":{},"actions":[{"type":"scroll","x":-1820,"y":1110,"deltaX":0,"deltaY":0,"duration":0,"origin":{"element-6066-11e4-a52e-4f735466cecf":"f.433F1701EA3C2F53086EAE1C24884C44.d.5605161303BC8E3D1507F0ED1A6429B4.e.1812"}}]}]}
COMMAND: GET /session/baa8039192228d9a0a588c2c554a7daa/screenshot - {}
RESULT: {}
COMMAND: POST /session/baa8039192228d9a0a588c2c554a7daa/execute/sync - {"script":"<script> [79 bytes]","args":[{"element-6066-11e4-a52e-4f735466cecf":"f.433F1701EA3C2F53086EAE1C24884C44.d.5605161303BC8E3D1507F0ED1A6429B4.e.1812","ELEMENT":"f.433F1701EA3C2F53086EAE1C24884C44.d.5605161303BC8E3D1507F0ED1A6429B4.e.1812"},{"block":"start","inline":"nearest"}]}
RESULT: {"script":"<script> [79 bytes]","args":[{"element-6066-11e4-a52e-4f735466cecf":"f.433F1701EA3C2F53086EAE1C24884C44.d.5605161303BC8E3D1507F0ED1A6429B4.e.1812","ELEMENT":"f.433F1701EA3C2F53086EAE1C24884C44.d.5605161303BC8E3D1507F0ED1A6429B4.e.1812"},{"block":"start","inline":"nearest"}]}
COMMAND: GET /session/baa8039192228d9a0a588c2c554a7daa/screenshot - {}
RESULT: {}
COMMAND: POST /session/baa8039192228d9a0a588c2c554a7daa/element - {"using":"xpath","value":"//input[@id=\"application-manageresources-display-component---newResourceUnit--idRuTSAdmin-application-manageresources-display-component---newResourceUnit--RUTimeSegment-0-inner\"]"}
RESULT: {"using":"xpath","value":"//input[@id=\"application-manageresources-display-component---newResourceUnit--idRuTSAdmin-application-manageresources-display-component---newResourceUnit--RUTimeSegment-0-inner\"]"}
COMMAND: POST /session/baa8039192228d9a0a588c2c554a7daa/element/f.433F1701EA3C2F53086EAE1C24884C44.d.5605161303BC8E3D1507F0ED1A6429B4.e.1819/clear - {}
RESULT: {}
COMMAND: POST /session/baa8039192228d9a0a588c2c554a7daa/element/f.433F1701EA3C2F53086EAE1C24884C44.d.5605161303BC8E3D1507F0ED1A6429B4.e.1819/value - {"text":"WebdriverYardaocme"}
COMMAND: GET /session/baa8039192228d9a0a588c2c554a7daa/screenshot - {}
RESULT: {"text":"WebdriverYardaocme"}
COMMAND: GET /session/baa8039192228d9a0a588c2c554a7daa/screenshot - {}
RESULT: {}
RESULT: {}
COMMAND: POST /session/baa8039192228d9a0a588c2c554a7daa/actions - {"actions":[{"id":"action10","type":"key","parameters":{},"actions":[{"type":"keyDown","value":"î€‡"},{"type":"pause","duration":10},{"type":"keyUp","value":"î€‡"}]}]}
RESULT: {"actions":[{"id":"action10","type":"key","parameters":{},"actions":[{"type":"keyDown","value":"î€‡"},{"type":"pause","duration":10},{"type":"keyUp","value":"î€‡"}]}]}
COMMAND: GET /session/baa8039192228d9a0a588c2c554a7daa/screenshot - {}
RESULT: {}
RESULT: undefined
COMMAND: POST /session/baa8039192228d9a0a588c2c554a7daa/element - {"using":"xpath","value":"//*[@id=\"__box5-application-manageresources-display-component---newResourceUnit--RUTimeSegment-0-arrow\"]"}
RESULT: {"using":"xpath","value":"//*[@id=\"__box5-application-manageresources-display-component---newResourceUnit--RUTimeSegment-0-arrow\"]"}
COMMAND: POST /session/baa8039192228d9a0a588c2c554a7daa/element/f.433F1701EA3C2F53086EAE1C24884C44.d.5605161303BC8E3D1507F0ED1A6429B4.e.1833/click - {}
RESULT: {}
COMMAND: GET /session/baa8039192228d9a0a588c2c554a7daa/screenshot - {}
RESULT: {}
COMMAND: POST /session/baa8039192228d9a0a588c2c554a7daa/element - {"using":"xpath","value":"//span[contains(@id ,\"titleText\")][contains(text(), \"PM Order\")]"}
RESULT: {"using":"xpath","value":"//span[contains(@id ,\"titleText\")][contains(text(), \"PM Order\")]"}
COMMAND: POST /session/baa8039192228d9a0a588c2c554a7daa/element/f.433F1701EA3C2F53086EAE1C24884C44.d.5605161303BC8E3D1507F0ED1A6429B4.e.2060/click - {}
RESULT: {}
COMMAND: GET /session/baa8039192228d9a0a588c2c554a7daa/screenshot - {}
RESULT: {}
COMMAND: POST /session/baa8039192228d9a0a588c2c554a7daa/element - {"using":"xpath","value":"(//input[contains(@id ,\"-application-manageresources-display-component---newResourceUnit--RUTimeSegment-0-inner\")])[8]"}
RESULT: {"using":"xpath","value":"(//input[contains(@id ,\"-application-manageresources-display-component---newResourceUnit--RUTimeSegment-0-inner\")])[8]"}
COMMAND: POST /session/baa8039192228d9a0a588c2c554a7daa/element/f.433F1701EA3C2F53086EAE1C24884C44.d.5605161303BC8E3D1507F0ED1A6429B4.e.2063/clear - {}
RESULT: {}
COMMAND: POST /session/baa8039192228d9a0a588c2c554a7daa/element/f.433F1701EA3C2F53086EAE1C24884C44.d.5605161303BC8E3D1507F0ED1A6429B4.e.2063/value - {"text":"4000360"}
COMMAND: GET /session/baa8039192228d9a0a588c2c554a7daa/screenshot - {}
RESULT: {"text":"4000360"}
COMMAND: GET /session/baa8039192228d9a0a588c2c554a7daa/screenshot - {}
RESULT: {}
RESULT: {}
COMMAND: POST /session/baa8039192228d9a0a588c2c554a7daa/actions - {"actions":[{"id":"action11","type":"key","parameters":{},"actions":[{"type":"keyDown","value":"î€‡"},{"type":"pause","duration":10},{"type":"keyUp","value":"î€‡"}]}]}
RESULT: {"actions":[{"id":"action11","type":"key","parameters":{},"actions":[{"type":"keyDown","value":"î€‡"},{"type":"pause","duration":10},{"type":"keyUp","value":"î€‡"}]}]}
COMMAND: GET /session/baa8039192228d9a0a588c2c554a7daa/screenshot - {}
RESULT: {}
RESULT: undefined
COMMAND: POST /session/baa8039192228d9a0a588c2c554a7daa/element - {"using":"xpath","value":"//*[@id=\"application-manageresources-display-component---newResourceUnit--createRuButton\"]"}
RESULT: {"using":"xpath","value":"//*[@id=\"application-manageresources-display-component---newResourceUnit--createRuButton\"]"}
COMMAND: POST /session/baa8039192228d9a0a588c2c554a7daa/element/f.433F1701EA3C2F53086EAE1C24884C44.d.5605161303BC8E3D1507F0ED1A6429B4.e.1567/click - {}
RESULT: {}
COMMAND: GET /session/baa8039192228d9a0a588c2c554a7daa/screenshot - {}
RESULT: {}
COMMAND: POST /session/baa8039192228d9a0a588c2c554a7daa/element - {"using":"xpath","value":"(//bdi[contains(text(), \"Close\")])[1]"}
RESULT: {"using":"xpath","value":"(//bdi[contains(text(), \"Close\")])[1]"}
COMMAND: POST /session/baa8039192228d9a0a588c2c554a7daa/element/f.433F1701EA3C2F53086EAE1C24884C44.d.5605161303BC8E3D1507F0ED1A6429B4.e.2083/click - {}
RESULT: {}
COMMAND: GET /session/baa8039192228d9a0a588c2c554a7daa/screenshot - {}
RESULT: {}
]]></system-out>
    </testcase>
    <testcase classname="chrome.136_0_7103_93.windows.Related_resources_for_groups_US139107" name="Should verify the Yard Overview hyperlinks in related resource" time="136.365">
      <system-out><![CDATA[
COMMAND: POST /session/baa8039192228d9a0a588c2c554a7daa/execute/async - {"script":"<script> [1562 bytes]","args":[{"selector":{"controlType":"sap.ui.core.Icon","viewName":"etm.portal.ui.manageresources.view.Detail","viewId":"application-manageresources-display-component---detailRU","properties":{"src":{"regex":{"source":"decline"}}}},"wdio_ui5_key":"etmportal.ui.manageresources.view.Detailsap.ui.core.Icon{\"src\":{\"regex\":{\"source\":\"decline\"}}}"}]}
RESULT: {"script":"<script> [1562 bytes]","args":[{"selector":{"controlType":"sap.ui.core.Icon","viewName":"etm.portal.ui.manageresources.view.Detail","viewId":"application-manageresources-display-component---detailRU","properties":{"src":{"regex":{"source":"decline"}}}},"wdio_ui5_key":"etmportal.ui.manageresources.view.Detailsap.ui.core.Icon{\"src\":{\"regex\":{\"source\":\"decline\"}}}"}]}
RESULT: undefined
COMMAND: POST /session/baa8039192228d9a0a588c2c554a7daa/element - {"using":"xpath","value":"//input[contains(@id ,\"application-manageresources-display-component---masterRU--smartFilterBar-btnBasicSearch-I\")]"}
RESULT: {"using":"xpath","value":"//input[contains(@id ,\"application-manageresources-display-component---masterRU--smartFilterBar-btnBasicSearch-I\")]"}
COMMAND: POST /session/baa8039192228d9a0a588c2c554a7daa/element/f.433F1701EA3C2F53086EAE1C24884C44.d.5605161303BC8E3D1507F0ED1A6429B4.e.1209/value - {"text":"WdIORUGroup5ltr8"}
RESULT: {"text":"WdIORUGroup5ltr8"}
COMMAND: GET /session/baa8039192228d9a0a588c2c554a7daa/screenshot - {}
RESULT: {}
COMMAND: POST /session/baa8039192228d9a0a588c2c554a7daa/actions - {"actions":[{"id":"action12","type":"key","parameters":{},"actions":[{"type":"keyDown","value":"î€‡"},{"type":"pause","duration":10},{"type":"keyUp","value":"î€‡"}]}]}
RESULT: {"actions":[{"id":"action12","type":"key","parameters":{},"actions":[{"type":"keyDown","value":"î€‡"},{"type":"pause","duration":10},{"type":"keyUp","value":"î€‡"}]}]}
COMMAND: GET /session/baa8039192228d9a0a588c2c554a7daa/screenshot - {}
RESULT: {}
COMMAND: POST /session/baa8039192228d9a0a588c2c554a7daa/execute/async - {"script":"<script> [1562 bytes]","args":[{"selector":{"controlType":"sap.ui.core.Icon","viewName":"etm.portal.ui.manageresources.view.Master","viewId":"application-manageresources-display-component---masterRU","properties":{"src":{"regex":{"source":"slim\\-arrow\\-right"}}}},"wdio_ui5_key":"etmportal.ui.manageresources.view.Mastersap.ui.core.Icon{\"src\":{\"regex\":{\"source\":\"slim\\\\-arrow\\\\-right\"}}}"}]}
RESULT: {"script":"<script> [1562 bytes]","args":[{"selector":{"controlType":"sap.ui.core.Icon","viewName":"etm.portal.ui.manageresources.view.Master","viewId":"application-manageresources-display-component---masterRU","properties":{"src":{"regex":{"source":"slim\\-arrow\\-right"}}}},"wdio_ui5_key":"etmportal.ui.manageresources.view.Mastersap.ui.core.Icon{\"src\":{\"regex\":{\"source\":\"slim\\\\-arrow\\\\-right\"}}}"}]}
RESULT: undefined
COMMAND: POST /session/baa8039192228d9a0a588c2c554a7daa/element - {"using":"xpath","value":"//*[@id=\"__item35-__clone109-imgNav\"]"}
RESULT: {"using":"xpath","value":"//*[@id=\"__item35-__clone109-imgNav\"]"}
COMMAND: POST /session/baa8039192228d9a0a588c2c554a7daa/element/f.433F1701EA3C2F53086EAE1C24884C44.d.5605161303BC8E3D1507F0ED1A6429B4.e.1380/click - {}
RESULT: {}
COMMAND: GET /session/baa8039192228d9a0a588c2c554a7daa/screenshot - {}
RESULT: {}
COMMAND: POST /session/baa8039192228d9a0a588c2c554a7daa/element - {"using":"xpath","value":"//bdi[contains(@id ,\"application-manageresources-display-component---detailRU--openRelatedRus-BDI-content\")]"}
RESULT: {"using":"xpath","value":"//bdi[contains(@id ,\"application-manageresources-display-component---detailRU--openRelatedRus-BDI-content\")]"}
COMMAND: POST /session/baa8039192228d9a0a588c2c554a7daa/execute/sync - {"script":"<script> [8489 bytes]","args":[{"element-6066-11e4-a52e-4f735466cecf":"f.433F1701EA3C2F53086EAE1C24884C44.d.5605161303BC8E3D1507F0ED1A6429B4.e.2130","ELEMENT":"f.433F1701EA3C2F53086EAE1C24884C44.d.5605161303BC8E3D1507F0ED1A6429B4.e.2130"}]}
RESULT: {"script":"<script> [8489 bytes]","args":[{"element-6066-11e4-a52e-4f735466cecf":"f.433F1701EA3C2F53086EAE1C24884C44.d.5605161303BC8E3D1507F0ED1A6429B4.e.2130","ELEMENT":"f.433F1701EA3C2F53086EAE1C24884C44.d.5605161303BC8E3D1507F0ED1A6429B4.e.2130"}]}
COMMAND: POST /session/baa8039192228d9a0a588c2c554a7daa/execute/sync - {"script":"<script> [5351 bytes]","args":[{"element-6066-11e4-a52e-4f735466cecf":"f.433F1701EA3C2F53086EAE1C24884C44.d.5605161303BC8E3D1507F0ED1A6429B4.e.2130","ELEMENT":"f.433F1701EA3C2F53086EAE1C24884C44.d.5605161303BC8E3D1507F0ED1A6429B4.e.2130"}]}
COMMAND: GET /session/baa8039192228d9a0a588c2c554a7daa/screenshot - {}
RESULT: {"script":"<script> [5351 bytes]","args":[{"element-6066-11e4-a52e-4f735466cecf":"f.433F1701EA3C2F53086EAE1C24884C44.d.5605161303BC8E3D1507F0ED1A6429B4.e.2130","ELEMENT":"f.433F1701EA3C2F53086EAE1C24884C44.d.5605161303BC8E3D1507F0ED1A6429B4.e.2130"}]}
COMMAND: POST /session/baa8039192228d9a0a588c2c554a7daa/element/f.433F1701EA3C2F53086EAE1C24884C44.d.5605161303BC8E3D1507F0ED1A6429B4.e.2130/click - {}
COMMAND: GET /session/baa8039192228d9a0a588c2c554a7daa/screenshot - {}
RESULT: {}
RESULT: {}
COMMAND: GET /session/baa8039192228d9a0a588c2c554a7daa/screenshot - {}
RESULT: {}
RESULT: {}
COMMAND: POST /session/baa8039192228d9a0a588c2c554a7daa/element - {"using":"xpath","value":"//*[contains(@data-kt ,\"openRUIdMenuLink\")]"}
RESULT: {"using":"xpath","value":"//*[contains(@data-kt ,\"openRUIdMenuLink\")]"}
COMMAND: POST /session/baa8039192228d9a0a588c2c554a7daa/execute/sync - {"script":"<script> [8489 bytes]","args":[{"element-6066-11e4-a52e-4f735466cecf":"f.433F1701EA3C2F53086EAE1C24884C44.d.5605161303BC8E3D1507F0ED1A6429B4.e.2137","ELEMENT":"f.433F1701EA3C2F53086EAE1C24884C44.d.5605161303BC8E3D1507F0ED1A6429B4.e.2137"}]}
RESULT: {"script":"<script> [8489 bytes]","args":[{"element-6066-11e4-a52e-4f735466cecf":"f.433F1701EA3C2F53086EAE1C24884C44.d.5605161303BC8E3D1507F0ED1A6429B4.e.2137","ELEMENT":"f.433F1701EA3C2F53086EAE1C24884C44.d.5605161303BC8E3D1507F0ED1A6429B4.e.2137"}]}
COMMAND: POST /session/baa8039192228d9a0a588c2c554a7daa/execute/sync - {"script":"<script> [5351 bytes]","args":[{"element-6066-11e4-a52e-4f735466cecf":"f.433F1701EA3C2F53086EAE1C24884C44.d.5605161303BC8E3D1507F0ED1A6429B4.e.2137","ELEMENT":"f.433F1701EA3C2F53086EAE1C24884C44.d.5605161303BC8E3D1507F0ED1A6429B4.e.2137"}]}
COMMAND: GET /session/baa8039192228d9a0a588c2c554a7daa/screenshot - {}
RESULT: {"script":"<script> [5351 bytes]","args":[{"element-6066-11e4-a52e-4f735466cecf":"f.433F1701EA3C2F53086EAE1C24884C44.d.5605161303BC8E3D1507F0ED1A6429B4.e.2137","ELEMENT":"f.433F1701EA3C2F53086EAE1C24884C44.d.5605161303BC8E3D1507F0ED1A6429B4.e.2137"}]}
COMMAND: POST /session/baa8039192228d9a0a588c2c554a7daa/execute/async - {"script":"<script> [1562 bytes]","args":[{"selector":{"id":"RelatedRUsFragmentID--smartTableRUs-header","searchOpenDialogs":true},"wdio_ui5_key":"RelatedRUsFragmentIDsmartTableRUs-header"}]}
COMMAND: GET /session/baa8039192228d9a0a588c2c554a7daa/screenshot - {}
RESULT: {}
RESULT: {"script":"<script> [1562 bytes]","args":[{"selector":{"id":"RelatedRUsFragmentID--smartTableRUs-header","searchOpenDialogs":true},"wdio_ui5_key":"RelatedRUsFragmentIDsmartTableRUs-header"}]}
RESULT: undefined
COMMAND: POST /session/baa8039192228d9a0a588c2c554a7daa/execute/async - {"script":"<script> [6424 bytes]","args":[{"element-6066-11e4-a52e-4f735466cecf":"f.433F1701EA3C2F53086EAE1C24884C44.d.5605161303BC8E3D1507F0ED1A6429B4.e.2138"},"getText",[]]}
RESULT: {}
RESULT: {"script":"<script> [6424 bytes]","args":[{"element-6066-11e4-a52e-4f735466cecf":"f.433F1701EA3C2F53086EAE1C24884C44.d.5605161303BC8E3D1507F0ED1A6429B4.e.2138"},"getText",[]]}
COMMAND: POST /session/baa8039192228d9a0a588c2c554a7daa/element/f.433F1701EA3C2F53086EAE1C24884C44.d.5605161303BC8E3D1507F0ED1A6429B4.e.2137/click - {}
RESULT: {}
COMMAND: GET /session/baa8039192228d9a0a588c2c554a7daa/screenshot - {}
RESULT: {}
COMMAND: POST /session/baa8039192228d9a0a588c2c554a7daa/element - {"using":"xpath","value":"//*[contains(@data-kt ,\"ContextMenuId2Link\")][contains(text(), \"RU Overview\")]"}
RESULT: {"using":"xpath","value":"//*[contains(@data-kt ,\"ContextMenuId2Link\")][contains(text(), \"RU Overview\")]"}
COMMAND: POST /session/baa8039192228d9a0a588c2c554a7daa/execute/sync - {"script":"<script> [8489 bytes]","args":[{"element-6066-11e4-a52e-4f735466cecf":"f.433F1701EA3C2F53086EAE1C24884C44.d.5605161303BC8E3D1507F0ED1A6429B4.e.2140","ELEMENT":"f.433F1701EA3C2F53086EAE1C24884C44.d.5605161303BC8E3D1507F0ED1A6429B4.e.2140"}]}
COMMAND: POST /session/baa8039192228d9a0a588c2c554a7daa/element/f.433F1701EA3C2F53086EAE1C24884C44.d.5605161303BC8E3D1507F0ED1A6429B4.e.2140/click - {}
RESULT: {"script":"<script> [8489 bytes]","args":[{"element-6066-11e4-a52e-4f735466cecf":"f.433F1701EA3C2F53086EAE1C24884C44.d.5605161303BC8E3D1507F0ED1A6429B4.e.2140","ELEMENT":"f.433F1701EA3C2F53086EAE1C24884C44.d.5605161303BC8E3D1507F0ED1A6429B4.e.2140"}]}
COMMAND: GET /session/baa8039192228d9a0a588c2c554a7daa/screenshot - {}
RESULT: {}
COMMAND: GET /session/baa8039192228d9a0a588c2c554a7daa/screenshot - {}
RESULT: {}
RESULT: {}
COMMAND: POST /session/baa8039192228d9a0a588c2c554a7daa/execute/async - {"script":"<script> [1562 bytes]","args":[{"selector":{"id":"shellAppTitle"},"wdio_ui5_key":"shellAppTitle"}]}
RESULT: {"script":"<script> [1562 bytes]","args":[{"selector":{"id":"shellAppTitle"},"wdio_ui5_key":"shellAppTitle"}]}
RESULT: undefined
COMMAND: POST /session/baa8039192228d9a0a588c2c554a7daa/execute/async - {"script":"<script> [6424 bytes]","args":[{"element-6066-11e4-a52e-4f735466cecf":"f.433F1701EA3C2F53086EAE1C24884C44.d.5605161303BC8E3D1507F0ED1A6429B4.e.2394"},"getTitle",[]]}
RESULT: {"script":"<script> [6424 bytes]","args":[{"element-6066-11e4-a52e-4f735466cecf":"f.433F1701EA3C2F53086EAE1C24884C44.d.5605161303BC8E3D1507F0ED1A6429B4.e.2394"},"getTitle",[]]}
COMMAND: POST /session/baa8039192228d9a0a588c2c554a7daa/element - {"using":"xpath","value":"//span[contains(@id ,\"application-manageresources-display-component---detailRU--snappedTitle-inner\")][contains(text(), \"WdIORUEquip1f9oyfj\")]"}
RESULT: {"using":"xpath","value":"//span[contains(@id ,\"application-manageresources-display-component---detailRU--snappedTitle-inner\")][contains(text(), \"WdIORUEquip1f9oyfj\")]"}
COMMAND: POST /session/baa8039192228d9a0a588c2c554a7daa/execute/sync - {"script":"<script> [8489 bytes]","args":[{"element-6066-11e4-a52e-4f735466cecf":"f.433F1701EA3C2F53086EAE1C24884C44.d.5605161303BC8E3D1507F0ED1A6429B4.e.2395","ELEMENT":"f.433F1701EA3C2F53086EAE1C24884C44.d.5605161303BC8E3D1507F0ED1A6429B4.e.2395"}]}
COMMAND: POST /session/baa8039192228d9a0a588c2c554a7daa/execute/async - {"script":"<script> [1562 bytes]","args":[{"selector":{"id":"backBtn"},"wdio_ui5_key":"backBtn"}]}
RESULT: {"script":"<script> [1562 bytes]","args":[{"selector":{"id":"backBtn"},"wdio_ui5_key":"backBtn"}]}
RESULT: undefined
COMMAND: POST /session/baa8039192228d9a0a588c2c554a7daa/element - {"using":"xpath","value":"//*[@id=\"backBtn\"]"}
RESULT: {"script":"<script> [8489 bytes]","args":[{"element-6066-11e4-a52e-4f735466cecf":"f.433F1701EA3C2F53086EAE1C24884C44.d.5605161303BC8E3D1507F0ED1A6429B4.e.2395","ELEMENT":"f.433F1701EA3C2F53086EAE1C24884C44.d.5605161303BC8E3D1507F0ED1A6429B4.e.2395"}]}
COMMAND: GET /session/baa8039192228d9a0a588c2c554a7daa/screenshot - {}
RESULT: {"using":"xpath","value":"//*[@id=\"backBtn\"]"}
COMMAND: POST /session/baa8039192228d9a0a588c2c554a7daa/element/f.433F1701EA3C2F53086EAE1C24884C44.d.5605161303BC8E3D1507F0ED1A6429B4.e.2396/click - {}
RESULT: {}
RESULT: {}
COMMAND: GET /session/baa8039192228d9a0a588c2c554a7daa/screenshot - {}
RESULT: {}
COMMAND: POST /session/baa8039192228d9a0a588c2c554a7daa/execute/sync - {"script":"<script> [8489 bytes]","args":[{"element-6066-11e4-a52e-4f735466cecf":"f.433F1701EA3C2F53086EAE1C24884C44.d.5605161303BC8E3D1507F0ED1A6429B4.e.2130","ELEMENT":"f.433F1701EA3C2F53086EAE1C24884C44.d.5605161303BC8E3D1507F0ED1A6429B4.e.2130"}]}
COMMAND: POST /session/baa8039192228d9a0a588c2c554a7daa/element - {"using":"xpath","value":"//bdi[contains(@id ,\"application-manageresources-display-component---detailRU--openRelatedRus-BDI-content\")]"}
RESULT: {"using":"xpath","value":"//bdi[contains(@id ,\"application-manageresources-display-component---detailRU--openRelatedRus-BDI-content\")]"}
COMMAND: POST /session/baa8039192228d9a0a588c2c554a7daa/execute/sync - {"script":"<script> [8489 bytes]","args":[{"element-6066-11e4-a52e-4f735466cecf":"f.433F1701EA3C2F53086EAE1C24884C44.d.5605161303BC8E3D1507F0ED1A6429B4.e.2632","ELEMENT":"f.433F1701EA3C2F53086EAE1C24884C44.d.5605161303BC8E3D1507F0ED1A6429B4.e.2632"}]}
RESULT: {"script":"<script> [8489 bytes]","args":[{"element-6066-11e4-a52e-4f735466cecf":"f.433F1701EA3C2F53086EAE1C24884C44.d.5605161303BC8E3D1507F0ED1A6429B4.e.2632","ELEMENT":"f.433F1701EA3C2F53086EAE1C24884C44.d.5605161303BC8E3D1507F0ED1A6429B4.e.2632"}]}
COMMAND: POST /session/baa8039192228d9a0a588c2c554a7daa/execute/sync - {"script":"<script> [5351 bytes]","args":[{"element-6066-11e4-a52e-4f735466cecf":"f.433F1701EA3C2F53086EAE1C24884C44.d.5605161303BC8E3D1507F0ED1A6429B4.e.2632","ELEMENT":"f.433F1701EA3C2F53086EAE1C24884C44.d.5605161303BC8E3D1507F0ED1A6429B4.e.2632"}]}
COMMAND: GET /session/baa8039192228d9a0a588c2c554a7daa/screenshot - {}
RESULT: {"script":"<script> [5351 bytes]","args":[{"element-6066-11e4-a52e-4f735466cecf":"f.433F1701EA3C2F53086EAE1C24884C44.d.5605161303BC8E3D1507F0ED1A6429B4.e.2632","ELEMENT":"f.433F1701EA3C2F53086EAE1C24884C44.d.5605161303BC8E3D1507F0ED1A6429B4.e.2632"}]}
COMMAND: POST /session/baa8039192228d9a0a588c2c554a7daa/element/f.433F1701EA3C2F53086EAE1C24884C44.d.5605161303BC8E3D1507F0ED1A6429B4.e.2632/click - {}
COMMAND: GET /session/baa8039192228d9a0a588c2c554a7daa/screenshot - {}
RESULT: {}
RESULT: {}
COMMAND: GET /session/baa8039192228d9a0a588c2c554a7daa/screenshot - {}
RESULT: {}
RESULT: {}
COMMAND: POST /session/baa8039192228d9a0a588c2c554a7daa/execute/sync - {"script":"<script> [8489 bytes]","args":[{"element-6066-11e4-a52e-4f735466cecf":"f.433F1701EA3C2F53086EAE1C24884C44.d.5605161303BC8E3D1507F0ED1A6429B4.e.2137","ELEMENT":"f.433F1701EA3C2F53086EAE1C24884C44.d.5605161303BC8E3D1507F0ED1A6429B4.e.2137"}]}
COMMAND: POST /session/baa8039192228d9a0a588c2c554a7daa/element - {"using":"xpath","value":"//*[contains(@data-kt ,\"openRUIdMenuLink\")]"}
RESULT: {"using":"xpath","value":"//*[contains(@data-kt ,\"openRUIdMenuLink\")]"}
COMMAND: POST /session/baa8039192228d9a0a588c2c554a7daa/execute/sync - {"script":"<script> [8489 bytes]","args":[{"element-6066-11e4-a52e-4f735466cecf":"f.433F1701EA3C2F53086EAE1C24884C44.d.5605161303BC8E3D1507F0ED1A6429B4.e.2637","ELEMENT":"f.433F1701EA3C2F53086EAE1C24884C44.d.5605161303BC8E3D1507F0ED1A6429B4.e.2637"}]}
RESULT: {"script":"<script> [8489 bytes]","args":[{"element-6066-11e4-a52e-4f735466cecf":"f.433F1701EA3C2F53086EAE1C24884C44.d.5605161303BC8E3D1507F0ED1A6429B4.e.2637","ELEMENT":"f.433F1701EA3C2F53086EAE1C24884C44.d.5605161303BC8E3D1507F0ED1A6429B4.e.2637"}]}
COMMAND: POST /session/baa8039192228d9a0a588c2c554a7daa/execute/sync - {"script":"<script> [5351 bytes]","args":[{"element-6066-11e4-a52e-4f735466cecf":"f.433F1701EA3C2F53086EAE1C24884C44.d.5605161303BC8E3D1507F0ED1A6429B4.e.2637","ELEMENT":"f.433F1701EA3C2F53086EAE1C24884C44.d.5605161303BC8E3D1507F0ED1A6429B4.e.2637"}]}
COMMAND: GET /session/baa8039192228d9a0a588c2c554a7daa/screenshot - {}
RESULT: {"script":"<script> [5351 bytes]","args":[{"element-6066-11e4-a52e-4f735466cecf":"f.433F1701EA3C2F53086EAE1C24884C44.d.5605161303BC8E3D1507F0ED1A6429B4.e.2637","ELEMENT":"f.433F1701EA3C2F53086EAE1C24884C44.d.5605161303BC8E3D1507F0ED1A6429B4.e.2637"}]}
COMMAND: POST /session/baa8039192228d9a0a588c2c554a7daa/element/f.433F1701EA3C2F53086EAE1C24884C44.d.5605161303BC8E3D1507F0ED1A6429B4.e.2637/click - {}
COMMAND: GET /session/baa8039192228d9a0a588c2c554a7daa/screenshot - {}
RESULT: {}
RESULT: {}
COMMAND: GET /session/baa8039192228d9a0a588c2c554a7daa/screenshot - {}
RESULT: {}
RESULT: {}
COMMAND: POST /session/baa8039192228d9a0a588c2c554a7daa/element - {"using":"xpath","value":"//button[contains(@data-kt ,\"ContextMenuExternalId2Link\")]"}
RESULT: {"using":"xpath","value":"//button[contains(@data-kt ,\"ContextMenuExternalId2Link\")]"}
COMMAND: POST /session/baa8039192228d9a0a588c2c554a7daa/element/f.433F1701EA3C2F53086EAE1C24884C44.d.5605161303BC8E3D1507F0ED1A6429B4.e.2638/click - {}
RESULT: {}
COMMAND: GET /session/baa8039192228d9a0a588c2c554a7daa/screenshot - {}
RESULT: {}
COMMAND: GET /session/baa8039192228d9a0a588c2c554a7daa/window/handles - {}
RESULT: {}
COMMAND: POST /session/baa8039192228d9a0a588c2c554a7daa/window - {"handle":"F6A26C8D9787CD8E74B8B40CCE20EA5A"}
RESULT: {"handle":"F6A26C8D9787CD8E74B8B40CCE20EA5A"}
COMMAND: GET /session/baa8039192228d9a0a588c2c554a7daa/url - {}
RESULT: {}
COMMAND: GET /session/baa8039192228d9a0a588c2c554a7daa/screenshot - {}
RESULT: {}
COMMAND: POST /session/baa8039192228d9a0a588c2c554a7daa/execute/sync - {"script":"<script> [8489 bytes]","args":[{"element-6066-11e4-a52e-4f735466cecf":"f.433F1701EA3C2F53086EAE1C24884C44.d.5605161303BC8E3D1507F0ED1A6429B4.e.2395","ELEMENT":"f.433F1701EA3C2F53086EAE1C24884C44.d.5605161303BC8E3D1507F0ED1A6429B4.e.2395"}]}
COMMAND: DELETE /session/baa8039192228d9a0a588c2c554a7daa/window - {}
RESULT: {}
COMMAND: POST /session/baa8039192228d9a0a588c2c554a7daa/window - {"handle":"433F1701EA3C2F53086EAE1C24884C44"}
RESULT: {"handle":"433F1701EA3C2F53086EAE1C24884C44"}
COMMAND: GET /session/baa8039192228d9a0a588c2c554a7daa/url - {}
COMMAND: POST /session/baa8039192228d9a0a588c2c554a7daa/element - {"using":"xpath","value":"//span[contains(@id ,\"application-manageresources-display-component---detailRU--snappedTitle-inner\")][contains(text(), \"WdIORUEquip1f9oyfj\")]"}
RESULT: {}
COMMAND: GET /session/baa8039192228d9a0a588c2c554a7daa/screenshot - {}
RESULT: {"using":"xpath","value":"//span[contains(@id ,\"application-manageresources-display-component---detailRU--snappedTitle-inner\")][contains(text(), \"WdIORUEquip1f9oyfj\")]"}
COMMAND: POST /session/baa8039192228d9a0a588c2c554a7daa/element - {"using":"xpath","value":"//span[contains(@id ,\"application-manageresources-display-component---detailRU--snappedTitle-inner\")][contains(text(), \"WdIORUEquip1f9oyfj\")]"}
RESULT: {}
RESULT: {"using":"xpath","value":"//span[contains(@id ,\"application-manageresources-display-component---detailRU--snappedTitle-inner\")][contains(text(), \"WdIORUEquip1f9oyfj\")]"}
COMMAND: POST /session/baa8039192228d9a0a588c2c554a7daa/element - {"using":"xpath","value":"//span[contains(@id ,\"application-manageresources-display-component---detailRU--snappedTitle-inner\")][contains(text(), \"WdIORUEquip1f9oyfj\")]"}
RESULT: {"using":"xpath","value":"//span[contains(@id ,\"application-manageresources-display-component---detailRU--snappedTitle-inner\")][contains(text(), \"WdIORUEquip1f9oyfj\")]"}
COMMAND: POST /session/baa8039192228d9a0a588c2c554a7daa/element - {"using":"xpath","value":"//span[contains(@id ,\"application-manageresources-display-component---detailRU--snappedTitle-inner\")][contains(text(), \"WdIORUEquip1f9oyfj\")]"}
RESULT: {"using":"xpath","value":"//span[contains(@id ,\"application-manageresources-display-component---detailRU--snappedTitle-inner\")][contains(text(), \"WdIORUEquip1f9oyfj\")]"}
COMMAND: POST /session/baa8039192228d9a0a588c2c554a7daa/element - {"using":"xpath","value":"//span[contains(@id ,\"application-manageresources-display-component---detailRU--snappedTitle-inner\")][contains(text(), \"WdIORUEquip1f9oyfj\")]"}
RESULT: {"using":"xpath","value":"//span[contains(@id ,\"application-manageresources-display-component---detailRU--snappedTitle-inner\")][contains(text(), \"WdIORUEquip1f9oyfj\")]"}
COMMAND: POST /session/baa8039192228d9a0a588c2c554a7daa/element - {"using":"xpath","value":"//span[contains(@id ,\"application-manageresources-display-component---detailRU--snappedTitle-inner\")][contains(text(), \"WdIORUEquip1f9oyfj\")]"}
RESULT: {"using":"xpath","value":"//span[contains(@id ,\"application-manageresources-display-component---detailRU--snappedTitle-inner\")][contains(text(), \"WdIORUEquip1f9oyfj\")]"}
COMMAND: POST /session/baa8039192228d9a0a588c2c554a7daa/element - {"using":"xpath","value":"//span[contains(@id ,\"application-manageresources-display-component---detailRU--snappedTitle-inner\")][contains(text(), \"WdIORUEquip1f9oyfj\")]"}
RESULT: {"using":"xpath","value":"//span[contains(@id ,\"application-manageresources-display-component---detailRU--snappedTitle-inner\")][contains(text(), \"WdIORUEquip1f9oyfj\")]"}
COMMAND: POST /session/baa8039192228d9a0a588c2c554a7daa/element - {"using":"xpath","value":"//span[contains(@id ,\"application-manageresources-display-component---detailRU--snappedTitle-inner\")][contains(text(), \"WdIORUEquip1f9oyfj\")]"}
RESULT: {"using":"xpath","value":"//span[contains(@id ,\"application-manageresources-display-component---detailRU--snappedTitle-inner\")][contains(text(), \"WdIORUEquip1f9oyfj\")]"}
COMMAND: POST /session/baa8039192228d9a0a588c2c554a7daa/element - {"using":"xpath","value":"//span[contains(@id ,\"application-manageresources-display-component---detailRU--snappedTitle-inner\")][contains(text(), \"WdIORUEquip1f9oyfj\")]"}
RESULT: {"using":"xpath","value":"//span[contains(@id ,\"application-manageresources-display-component---detailRU--snappedTitle-inner\")][contains(text(), \"WdIORUEquip1f9oyfj\")]"}
]]></system-out>
    </testcase>
    <testcase classname="chrome.136_0_7103_93.windows.Related_resources_for_groups_US139107" name="Should verify the current location hyperlinks in related resources" time="184.575">
      <system-out><![CDATA[
COMMAND: POST /session/baa8039192228d9a0a588c2c554a7daa/element - {"using":"xpath","value":"//*[contains(@data-kt ,\"openLocationActionMenuLink\")]"}
COMMAND: POST /session/baa8039192228d9a0a588c2c554a7daa/element - {"using":"xpath","value":"//span[contains(@id ,\"application-manageresources-display-component---detailRU--snappedTitle-inner\")][contains(text(), \"WdIORUEquip1f9oyfj\")]"}
RESULT: {"using":"xpath","value":"//*[contains(@data-kt ,\"openLocationActionMenuLink\")]"}
COMMAND: POST /session/baa8039192228d9a0a588c2c554a7daa/execute/sync - {"script":"<script> [8489 bytes]","args":[{"element-6066-11e4-a52e-4f735466cecf":"f.433F1701EA3C2F53086EAE1C24884C44.d.5605161303BC8E3D1507F0ED1A6429B4.e.2778","ELEMENT":"f.433F1701EA3C2F53086EAE1C24884C44.d.5605161303BC8E3D1507F0ED1A6429B4.e.2778"}]}
RESULT: {"using":"xpath","value":"//span[contains(@id ,\"application-manageresources-display-component---detailRU--snappedTitle-inner\")][contains(text(), \"WdIORUEquip1f9oyfj\")]"}
RESULT: {"script":"<script> [8489 bytes]","args":[{"element-6066-11e4-a52e-4f735466cecf":"f.433F1701EA3C2F53086EAE1C24884C44.d.5605161303BC8E3D1507F0ED1A6429B4.e.2778","ELEMENT":"f.433F1701EA3C2F53086EAE1C24884C44.d.5605161303BC8E3D1507F0ED1A6429B4.e.2778"}]}
COMMAND: POST /session/baa8039192228d9a0a588c2c554a7daa/execute/sync - {"script":"<script> [5351 bytes]","args":[{"element-6066-11e4-a52e-4f735466cecf":"f.433F1701EA3C2F53086EAE1C24884C44.d.5605161303BC8E3D1507F0ED1A6429B4.e.2778","ELEMENT":"f.433F1701EA3C2F53086EAE1C24884C44.d.5605161303BC8E3D1507F0ED1A6429B4.e.2778"}]}
RESULT: {"script":"<script> [5351 bytes]","args":[{"element-6066-11e4-a52e-4f735466cecf":"f.433F1701EA3C2F53086EAE1C24884C44.d.5605161303BC8E3D1507F0ED1A6429B4.e.2778","ELEMENT":"f.433F1701EA3C2F53086EAE1C24884C44.d.5605161303BC8E3D1507F0ED1A6429B4.e.2778"}]}
COMMAND: POST /session/baa8039192228d9a0a588c2c554a7daa/element/f.433F1701EA3C2F53086EAE1C24884C44.d.5605161303BC8E3D1507F0ED1A6429B4.e.2778/click - {}
COMMAND: GET /session/baa8039192228d9a0a588c2c554a7daa/screenshot - {}
COMMAND: GET /session/baa8039192228d9a0a588c2c554a7daa/screenshot - {}
RESULT: {}
COMMAND: GET /session/baa8039192228d9a0a588c2c554a7daa/screenshot - {}
COMMAND: POST /session/baa8039192228d9a0a588c2c554a7daa/element - {"using":"xpath","value":"//span[contains(@id ,\"application-manageresources-display-component---detailRU--snappedTitle-inner\")][contains(text(), \"WdIORUEquip1f9oyfj\")]"}
RESULT: {"using":"xpath","value":"//span[contains(@id ,\"application-manageresources-display-component---detailRU--snappedTitle-inner\")][contains(text(), \"WdIORUEquip1f9oyfj\")]"}
RESULT: {}
RESULT: {}
RESULT: {}
COMMAND: POST /session/baa8039192228d9a0a588c2c554a7daa/element - {"using":"xpath","value":"//span[contains(@id ,\"application-manageresources-display-component---detailRU--snappedTitle-inner\")][contains(text(), \"WdIORUEquip1f9oyfj\")]"}
RESULT: {"using":"xpath","value":"//span[contains(@id ,\"application-manageresources-display-component---detailRU--snappedTitle-inner\")][contains(text(), \"WdIORUEquip1f9oyfj\")]"}
COMMAND: POST /session/baa8039192228d9a0a588c2c554a7daa/element - {"using":"xpath","value":"//span[contains(@id ,\"application-manageresources-display-component---detailRU--snappedTitle-inner\")][contains(text(), \"WdIORUEquip1f9oyfj\")]"}
RESULT: {"using":"xpath","value":"//span[contains(@id ,\"application-manageresources-display-component---detailRU--snappedTitle-inner\")][contains(text(), \"WdIORUEquip1f9oyfj\")]"}
COMMAND: POST /session/baa8039192228d9a0a588c2c554a7daa/element - {"using":"xpath","value":"//a[contains(@class ,\"sapMLnk sapMLnkMaxWidth sapUiTinyMarginTop\")][contains(text(), \"Yard Overview\")]"}
RESULT: {"using":"xpath","value":"//a[contains(@class ,\"sapMLnk sapMLnkMaxWidth sapUiTinyMarginTop\")][contains(text(), \"Yard Overview\")]"}
COMMAND: POST /session/baa8039192228d9a0a588c2c554a7daa/execute/sync - {"script":"<script> [8489 bytes]","args":[{"element-6066-11e4-a52e-4f735466cecf":"f.433F1701EA3C2F53086EAE1C24884C44.d.5605161303BC8E3D1507F0ED1A6429B4.e.2780","ELEMENT":"f.433F1701EA3C2F53086EAE1C24884C44.d.5605161303BC8E3D1507F0ED1A6429B4.e.2780"}]}
COMMAND: POST /session/baa8039192228d9a0a588c2c554a7daa/element - {"using":"xpath","value":"//a[contains(@class ,\"sapMLnk sapMLnkMaxWidth sapUiTinyMarginTop\")][contains(text(), \"Yard Address\")]"}
RESULT: {"using":"xpath","value":"//a[contains(@class ,\"sapMLnk sapMLnkMaxWidth sapUiTinyMarginTop\")][contains(text(), \"Yard Address\")]"}
COMMAND: POST /session/baa8039192228d9a0a588c2c554a7daa/execute/sync - {"script":"<script> [8489 bytes]","args":[{"element-6066-11e4-a52e-4f735466cecf":"f.433F1701EA3C2F53086EAE1C24884C44.d.5605161303BC8E3D1507F0ED1A6429B4.e.2781","ELEMENT":"f.433F1701EA3C2F53086EAE1C24884C44.d.5605161303BC8E3D1507F0ED1A6429B4.e.2781"}]}
COMMAND: POST /session/baa8039192228d9a0a588c2c554a7daa/element/f.433F1701EA3C2F53086EAE1C24884C44.d.5605161303BC8E3D1507F0ED1A6429B4.e.2780/click - {}
RESULT: {"script":"<script> [8489 bytes]","args":[{"element-6066-11e4-a52e-4f735466cecf":"f.433F1701EA3C2F53086EAE1C24884C44.d.5605161303BC8E3D1507F0ED1A6429B4.e.2780","ELEMENT":"f.433F1701EA3C2F53086EAE1C24884C44.d.5605161303BC8E3D1507F0ED1A6429B4.e.2780"}]}
COMMAND: GET /session/baa8039192228d9a0a588c2c554a7daa/screenshot - {}
RESULT: {"script":"<script> [8489 bytes]","args":[{"element-6066-11e4-a52e-4f735466cecf":"f.433F1701EA3C2F53086EAE1C24884C44.d.5605161303BC8E3D1507F0ED1A6429B4.e.2781","ELEMENT":"f.433F1701EA3C2F53086EAE1C24884C44.d.5605161303BC8E3D1507F0ED1A6429B4.e.2781"}]}
COMMAND: GET /session/baa8039192228d9a0a588c2c554a7daa/screenshot - {}
RESULT: {}
COMMAND: GET /session/baa8039192228d9a0a588c2c554a7daa/screenshot - {}
COMMAND: POST /session/baa8039192228d9a0a588c2c554a7daa/element - {"using":"xpath","value":"//span[contains(@id ,\"application-manageresources-display-component---detailRU--snappedTitle-inner\")][contains(text(), \"WdIORUEquip1f9oyfj\")]"}
RESULT: {}
RESULT: {}
RESULT: {}
RESULT: {"using":"xpath","value":"//span[contains(@id ,\"application-manageresources-display-component---detailRU--snappedTitle-inner\")][contains(text(), \"WdIORUEquip1f9oyfj\")]"}
COMMAND: POST /session/baa8039192228d9a0a588c2c554a7daa/element - {"using":"xpath","value":"//span[contains(@id ,\"application-manageresources-display-component---detailRU--snappedTitle-inner\")][contains(text(), \"WdIORUEquip1f9oyfj\")]"}
RESULT: {"using":"xpath","value":"//span[contains(@id ,\"application-manageresources-display-component---detailRU--snappedTitle-inner\")][contains(text(), \"WdIORUEquip1f9oyfj\")]"}
COMMAND: POST /session/baa8039192228d9a0a588c2c554a7daa/element - {"using":"xpath","value":"//span[contains(@id ,\"application-manageresources-display-component---detailRU--snappedTitle-inner\")][contains(text(), \"WdIORUEquip1f9oyfj\")]"}
RESULT: {"using":"xpath","value":"//span[contains(@id ,\"application-manageresources-display-component---detailRU--snappedTitle-inner\")][contains(text(), \"WdIORUEquip1f9oyfj\")]"}
COMMAND: POST /session/baa8039192228d9a0a588c2c554a7daa/element - {"using":"xpath","value":"//span[contains(@id ,\"application-manageresources-display-component---detailRU--snappedTitle-inner\")][contains(text(), \"WdIORUEquip1f9oyfj\")]"}
RESULT: {"using":"xpath","value":"//span[contains(@id ,\"application-manageresources-display-component---detailRU--snappedTitle-inner\")][contains(text(), \"WdIORUEquip1f9oyfj\")]"}
COMMAND: POST /session/baa8039192228d9a0a588c2c554a7daa/element - {"using":"xpath","value":"//span[contains(@id ,\"application-manageresources-display-component---detailRU--snappedTitle-inner\")][contains(text(), \"WdIORUEquip1f9oyfj\")]"}
RESULT: {"using":"xpath","value":"//span[contains(@id ,\"application-manageresources-display-component---detailRU--snappedTitle-inner\")][contains(text(), \"WdIORUEquip1f9oyfj\")]"}
COMMAND: POST /session/baa8039192228d9a0a588c2c554a7daa/element - {"using":"xpath","value":"//span[contains(@id ,\"application-manageresources-display-component---detailRU--snappedTitle-inner\")][contains(text(), \"WdIORUEquip1f9oyfj\")]"}
RESULT: {"using":"xpath","value":"//span[contains(@id ,\"application-manageresources-display-component---detailRU--snappedTitle-inner\")][contains(text(), \"WdIORUEquip1f9oyfj\")]"}
COMMAND: POST /session/baa8039192228d9a0a588c2c554a7daa/element - {"using":"xpath","value":"//span[contains(@id ,\"application-manageresources-display-component---detailRU--snappedTitle-inner\")][contains(text(), \"WdIORUEquip1f9oyfj\")]"}
RESULT: {"using":"xpath","value":"//span[contains(@id ,\"application-manageresources-display-component---detailRU--snappedTitle-inner\")][contains(text(), \"WdIORUEquip1f9oyfj\")]"}
COMMAND: POST /session/baa8039192228d9a0a588c2c554a7daa/element - {"using":"xpath","value":"//span[contains(@id ,\"application-manageresources-display-component---detailRU--snappedTitle-inner\")][contains(text(), \"WdIORUEquip1f9oyfj\")]"}
RESULT: {"using":"xpath","value":"//span[contains(@id ,\"application-manageresources-display-component---detailRU--snappedTitle-inner\")][contains(text(), \"WdIORUEquip1f9oyfj\")]"}
RESULT: undefined
COMMAND: POST /session/baa8039192228d9a0a588c2c554a7daa/execute/async - {"script":"<script> [6424 bytes]","args":[{"element-6066-11e4-a52e-4f735466cecf":"f.433F1701EA3C2F53086EAE1C24884C44.d.5605161303BC8E3D1507F0ED1A6429B4.e.2394"},"getTitle",[]]}
COMMAND: POST /session/baa8039192228d9a0a588c2c554a7daa/execute/async - {"script":"<script> [1562 bytes]","args":[{"selector":{"id":"shellAppTitle"},"wdio_ui5_key":"shellAppTitle"}]}
COMMAND: POST /session/baa8039192228d9a0a588c2c554a7daa/element - {"using":"xpath","value":"//span[contains(@id ,\"application-manageresources-display-component---detailRU--snappedTitle-inner\")][contains(text(), \"WdIORUEquip1f9oyfj\")]"}
RESULT: {"script":"<script> [1562 bytes]","args":[{"selector":{"id":"shellAppTitle"},"wdio_ui5_key":"shellAppTitle"}]}
COMMAND: POST /session/baa8039192228d9a0a588c2c554a7daa/execute/async - {"script":"<script> [6424 bytes]","args":[{"element-6066-11e4-a52e-4f735466cecf":"f.433F1701EA3C2F53086EAE1C24884C44.d.5605161303BC8E3D1507F0ED1A6429B4.e.2905"},"getTitle",[]]}
RESULT: {"using":"xpath","value":"//span[contains(@id ,\"application-manageresources-display-component---detailRU--snappedTitle-inner\")][contains(text(), \"WdIORUEquip1f9oyfj\")]"}
RESULT: {"script":"<script> [6424 bytes]","args":[{"element-6066-11e4-a52e-4f735466cecf":"f.433F1701EA3C2F53086EAE1C24884C44.d.5605161303BC8E3D1507F0ED1A6429B4.e.2905"},"getTitle",[]]}
COMMAND: POST /session/baa8039192228d9a0a588c2c554a7daa/element - {"using":"xpath","value":"(//span[contains(text(), \"null\")])[2]"}
RESULT: {"using":"xpath","value":"(//span[contains(text(), \"null\")])[2]"}
COMMAND: POST /session/baa8039192228d9a0a588c2c554a7daa/element - {"using":"xpath","value":"(//span[contains(text(), \"null\")])[2]"}
RESULT: undefined
COMMAND: POST /session/baa8039192228d9a0a588c2c554a7daa/element - {"using":"xpath","value":"//*[@id=\"backBtn\"]"}
RESULT: {"using":"xpath","value":"(//span[contains(text(), \"null\")])[2]"}
COMMAND: POST /session/baa8039192228d9a0a588c2c554a7daa/element - {"using":"xpath","value":"//span[contains(@id ,\"application-manageresources-display-component---detailRU--snappedTitle-inner\")][contains(text(), \"WdIORUEquip1f9oyfj\")]"}
RESULT: {"using":"xpath","value":"//*[@id=\"backBtn\"]"}
COMMAND: POST /session/baa8039192228d9a0a588c2c554a7daa/element/f.433F1701EA3C2F53086EAE1C24884C44.d.5605161303BC8E3D1507F0ED1A6429B4.e.2396/click - {}
RESULT: {"using":"xpath","value":"//span[contains(@id ,\"application-manageresources-display-component---detailRU--snappedTitle-inner\")][contains(text(), \"WdIORUEquip1f9oyfj\")]"}
RESULT: {}
COMMAND: GET /session/baa8039192228d9a0a588c2c554a7daa/screenshot - {}
COMMAND: POST /session/baa8039192228d9a0a588c2c554a7daa/element - {"using":"xpath","value":"(//span[contains(text(), \"null\")])[2]"}
COMMAND: POST /session/baa8039192228d9a0a588c2c554a7daa/element - {"using":"xpath","value":"//span[contains(@id ,\"application-manageresources-display-component---detailRU--snappedTitle-inner\")][contains(text(), \"WdIORUEquip1f9oyfj\")]"}
RESULT: {}
RESULT: {"using":"xpath","value":"(//span[contains(text(), \"null\")])[2]"}
RESULT: {"using":"xpath","value":"//span[contains(@id ,\"application-manageresources-display-component---detailRU--snappedTitle-inner\")][contains(text(), \"WdIORUEquip1f9oyfj\")]"}
COMMAND: POST /session/baa8039192228d9a0a588c2c554a7daa/element - {"using":"xpath","value":"(//span[contains(text(), \"null\")])[2]"}
COMMAND: POST /session/baa8039192228d9a0a588c2c554a7daa/element - {"using":"xpath","value":"//span[contains(@id ,\"application-manageresources-display-component---detailRU--snappedTitle-inner\")][contains(text(), \"WdIORUEquip1f9oyfj\")]"}
RESULT: {"using":"xpath","value":"(//span[contains(text(), \"null\")])[2]"}
RESULT: {"using":"xpath","value":"//span[contains(@id ,\"application-manageresources-display-component---detailRU--snappedTitle-inner\")][contains(text(), \"WdIORUEquip1f9oyfj\")]"}
COMMAND: POST /session/baa8039192228d9a0a588c2c554a7daa/element - {"using":"xpath","value":"(//span[contains(text(), \"null\")])[2]"}
COMMAND: POST /session/baa8039192228d9a0a588c2c554a7daa/element - {"using":"xpath","value":"//span[contains(@id ,\"application-manageresources-display-component---detailRU--snappedTitle-inner\")][contains(text(), \"WdIORUEquip1f9oyfj\")]"}
RESULT: {"using":"xpath","value":"(//span[contains(text(), \"null\")])[2]"}
RESULT: {"using":"xpath","value":"//span[contains(@id ,\"application-manageresources-display-component---detailRU--snappedTitle-inner\")][contains(text(), \"WdIORUEquip1f9oyfj\")]"}
COMMAND: POST /session/baa8039192228d9a0a588c2c554a7daa/element - {"using":"xpath","value":"(//span[contains(text(), \"null\")])[2]"}
COMMAND: POST /session/baa8039192228d9a0a588c2c554a7daa/element - {"using":"xpath","value":"//span[contains(@id ,\"application-manageresources-display-component---detailRU--snappedTitle-inner\")][contains(text(), \"WdIORUEquip1f9oyfj\")]"}
RESULT: {"using":"xpath","value":"(//span[contains(text(), \"null\")])[2]"}
RESULT: {"using":"xpath","value":"//span[contains(@id ,\"application-manageresources-display-component---detailRU--snappedTitle-inner\")][contains(text(), \"WdIORUEquip1f9oyfj\")]"}
COMMAND: POST /session/baa8039192228d9a0a588c2c554a7daa/element - {"using":"xpath","value":"(//span[contains(text(), \"null\")])[2]"}
COMMAND: POST /session/baa8039192228d9a0a588c2c554a7daa/element - {"using":"xpath","value":"//span[contains(@id ,\"application-manageresources-display-component---detailRU--snappedTitle-inner\")][contains(text(), \"WdIORUEquip1f9oyfj\")]"}
RESULT: {"using":"xpath","value":"(//span[contains(text(), \"null\")])[2]"}
RESULT: {"using":"xpath","value":"//span[contains(@id ,\"application-manageresources-display-component---detailRU--snappedTitle-inner\")][contains(text(), \"WdIORUEquip1f9oyfj\")]"}
COMMAND: POST /session/baa8039192228d9a0a588c2c554a7daa/element - {"using":"xpath","value":"(//span[contains(text(), \"null\")])[2]"}
COMMAND: POST /session/baa8039192228d9a0a588c2c554a7daa/element - {"using":"xpath","value":"//span[contains(@id ,\"application-manageresources-display-component---detailRU--snappedTitle-inner\")][contains(text(), \"WdIORUEquip1f9oyfj\")]"}
RESULT: {"using":"xpath","value":"(//span[contains(text(), \"null\")])[2]"}
RESULT: {"using":"xpath","value":"//span[contains(@id ,\"application-manageresources-display-component---detailRU--snappedTitle-inner\")][contains(text(), \"WdIORUEquip1f9oyfj\")]"}
COMMAND: POST /session/baa8039192228d9a0a588c2c554a7daa/element - {"using":"xpath","value":"//bdi[contains(@id ,\"application-manageresources-display-component---detailRU--openRelatedRus-BDI-content\")]"}
RESULT: {"using":"xpath","value":"//bdi[contains(@id ,\"application-manageresources-display-component---detailRU--openRelatedRus-BDI-content\")]"}
COMMAND: POST /session/baa8039192228d9a0a588c2c554a7daa/execute/sync - {"script":"<script> [8489 bytes]","args":[{"element-6066-11e4-a52e-4f735466cecf":"f.433F1701EA3C2F53086EAE1C24884C44.d.5605161303BC8E3D1507F0ED1A6429B4.e.3265","ELEMENT":"f.433F1701EA3C2F53086EAE1C24884C44.d.5605161303BC8E3D1507F0ED1A6429B4.e.3265"}]}
RESULT: {"script":"<script> [8489 bytes]","args":[{"element-6066-11e4-a52e-4f735466cecf":"f.433F1701EA3C2F53086EAE1C24884C44.d.5605161303BC8E3D1507F0ED1A6429B4.e.3265","ELEMENT":"f.433F1701EA3C2F53086EAE1C24884C44.d.5605161303BC8E3D1507F0ED1A6429B4.e.3265"}]}
COMMAND: POST /session/baa8039192228d9a0a588c2c554a7daa/execute/sync - {"script":"<script> [5351 bytes]","args":[{"element-6066-11e4-a52e-4f735466cecf":"f.433F1701EA3C2F53086EAE1C24884C44.d.5605161303BC8E3D1507F0ED1A6429B4.e.3265","ELEMENT":"f.433F1701EA3C2F53086EAE1C24884C44.d.5605161303BC8E3D1507F0ED1A6429B4.e.3265"}]}
COMMAND: GET /session/baa8039192228d9a0a588c2c554a7daa/screenshot - {}
RESULT: {"script":"<script> [5351 bytes]","args":[{"element-6066-11e4-a52e-4f735466cecf":"f.433F1701EA3C2F53086EAE1C24884C44.d.5605161303BC8E3D1507F0ED1A6429B4.e.3265","ELEMENT":"f.433F1701EA3C2F53086EAE1C24884C44.d.5605161303BC8E3D1507F0ED1A6429B4.e.3265"}]}
COMMAND: POST /session/baa8039192228d9a0a588c2c554a7daa/element/f.433F1701EA3C2F53086EAE1C24884C44.d.5605161303BC8E3D1507F0ED1A6429B4.e.3265/click - {}
COMMAND: GET /session/baa8039192228d9a0a588c2c554a7daa/screenshot - {}
RESULT: {}
COMMAND: POST /session/baa8039192228d9a0a588c2c554a7daa/element - {"using":"xpath","value":"(//span[contains(text(), \"null\")])[2]"}
COMMAND: POST /session/baa8039192228d9a0a588c2c554a7daa/element - {"using":"xpath","value":"//span[contains(@id ,\"application-manageresources-display-component---detailRU--snappedTitle-inner\")][contains(text(), \"WdIORUEquip1f9oyfj\")]"}
RESULT: {}
COMMAND: GET /session/baa8039192228d9a0a588c2c554a7daa/screenshot - {}
RESULT: {}
RESULT: {"using":"xpath","value":"(//span[contains(text(), \"null\")])[2]"}
RESULT: {"using":"xpath","value":"//span[contains(@id ,\"application-manageresources-display-component---detailRU--snappedTitle-inner\")][contains(text(), \"WdIORUEquip1f9oyfj\")]"}
RESULT: {}
COMMAND: POST /session/baa8039192228d9a0a588c2c554a7daa/element - {"using":"xpath","value":"(//span[contains(text(), \"null\")])[2]"}
RESULT: {"using":"xpath","value":"(//span[contains(text(), \"null\")])[2]"}
COMMAND: POST /session/baa8039192228d9a0a588c2c554a7daa/element - {"using":"xpath","value":"//span[contains(@id ,\"application-manageresources-display-component---detailRU--snappedTitle-inner\")][contains(text(), \"WdIORUEquip1f9oyfj\")]"}
RESULT: {"using":"xpath","value":"//span[contains(@id ,\"application-manageresources-display-component---detailRU--snappedTitle-inner\")][contains(text(), \"WdIORUEquip1f9oyfj\")]"}
COMMAND: POST /session/baa8039192228d9a0a588c2c554a7daa/element - {"using":"xpath","value":"(//span[contains(text(), \"null\")])[2]"}
RESULT: {"using":"xpath","value":"(//span[contains(text(), \"null\")])[2]"}
COMMAND: POST /session/baa8039192228d9a0a588c2c554a7daa/element - {"using":"xpath","value":"//span[contains(@id ,\"application-manageresources-display-component---detailRU--snappedTitle-inner\")][contains(text(), \"WdIORUEquip1f9oyfj\")]"}
RESULT: {"using":"xpath","value":"//span[contains(@id ,\"application-manageresources-display-component---detailRU--snappedTitle-inner\")][contains(text(), \"WdIORUEquip1f9oyfj\")]"}
COMMAND: POST /session/baa8039192228d9a0a588c2c554a7daa/element - {"using":"xpath","value":"(//span[contains(text(), \"null\")])[2]"}
RESULT: {"using":"xpath","value":"(//span[contains(text(), \"null\")])[2]"}
COMMAND: POST /session/baa8039192228d9a0a588c2c554a7daa/element - {"using":"xpath","value":"//span[contains(@id ,\"application-manageresources-display-component---detailRU--snappedTitle-inner\")][contains(text(), \"WdIORUEquip1f9oyfj\")]"}
RESULT: {"using":"xpath","value":"//span[contains(@id ,\"application-manageresources-display-component---detailRU--snappedTitle-inner\")][contains(text(), \"WdIORUEquip1f9oyfj\")]"}
COMMAND: POST /session/baa8039192228d9a0a588c2c554a7daa/element - {"using":"xpath","value":"(//span[contains(text(), \"null\")])[2]"}
RESULT: {"using":"xpath","value":"(//span[contains(text(), \"null\")])[2]"}
COMMAND: POST /session/baa8039192228d9a0a588c2c554a7daa/element - {"using":"xpath","value":"//span[contains(@id ,\"application-manageresources-display-component---detailRU--snappedTitle-inner\")][contains(text(), \"WdIORUEquip1f9oyfj\")]"}
RESULT: {"using":"xpath","value":"//span[contains(@id ,\"application-manageresources-display-component---detailRU--snappedTitle-inner\")][contains(text(), \"WdIORUEquip1f9oyfj\")]"}
COMMAND: POST /session/baa8039192228d9a0a588c2c554a7daa/element - {"using":"xpath","value":"(//span[contains(text(), \"null\")])[2]"}
RESULT: {"using":"xpath","value":"(//span[contains(text(), \"null\")])[2]"}
COMMAND: POST /session/baa8039192228d9a0a588c2c554a7daa/element - {"using":"xpath","value":"//span[contains(@id ,\"application-manageresources-display-component---detailRU--snappedTitle-inner\")][contains(text(), \"WdIORUEquip1f9oyfj\")]"}
RESULT: {"using":"xpath","value":"//span[contains(@id ,\"application-manageresources-display-component---detailRU--snappedTitle-inner\")][contains(text(), \"WdIORUEquip1f9oyfj\")]"}
COMMAND: POST /session/baa8039192228d9a0a588c2c554a7daa/element - {"using":"xpath","value":"(//span[contains(text(), \"null\")])[2]"}
RESULT: {"using":"xpath","value":"(//span[contains(text(), \"null\")])[2]"}
COMMAND: POST /session/baa8039192228d9a0a588c2c554a7daa/element - {"using":"xpath","value":"//span[contains(@id ,\"application-manageresources-display-component---detailRU--snappedTitle-inner\")][contains(text(), \"WdIORUEquip1f9oyfj\")]"}
RESULT: {"using":"xpath","value":"//span[contains(@id ,\"application-manageresources-display-component---detailRU--snappedTitle-inner\")][contains(text(), \"WdIORUEquip1f9oyfj\")]"}
COMMAND: POST /session/baa8039192228d9a0a588c2c554a7daa/element - {"using":"xpath","value":"(//span[contains(text(), \"null\")])[2]"}
RESULT: {"using":"xpath","value":"(//span[contains(text(), \"null\")])[2]"}
COMMAND: POST /session/baa8039192228d9a0a588c2c554a7daa/element - {"using":"xpath","value":"//span[contains(@id ,\"application-manageresources-display-component---detailRU--snappedTitle-inner\")][contains(text(), \"WdIORUEquip1f9oyfj\")]"}
RESULT: {"using":"xpath","value":"//span[contains(@id ,\"application-manageresources-display-component---detailRU--snappedTitle-inner\")][contains(text(), \"WdIORUEquip1f9oyfj\")]"}
COMMAND: POST /session/baa8039192228d9a0a588c2c554a7daa/element/f.433F1701EA3C2F53086EAE1C24884C44.d.5605161303BC8E3D1507F0ED1A6429B4.e.2778/click - {}
COMMAND: POST /session/baa8039192228d9a0a588c2c554a7daa/element - {"using":"xpath","value":"//*[contains(@data-kt ,\"openLocationActionMenuLink\")]"}
RESULT: {"using":"xpath","value":"//*[contains(@data-kt ,\"openLocationActionMenuLink\")]"}
COMMAND: POST /session/baa8039192228d9a0a588c2c554a7daa/element/f.433F1701EA3C2F53086EAE1C24884C44.d.5605161303BC8E3D1507F0ED1A6429B4.e.2778/click - {}
COMMAND: POST /session/baa8039192228d9a0a588c2c554a7daa/element - {"using":"xpath","value":"//*[contains(@data-kt ,\"openLocationActionMenuLink\")]"}
COMMAND: POST /session/baa8039192228d9a0a588c2c554a7daa/element - {"using":"xpath","value":"(//span[contains(text(), \"null\")])[2]"}
RESULT: {"using":"xpath","value":"//*[contains(@data-kt ,\"openLocationActionMenuLink\")]"}
COMMAND: POST /session/baa8039192228d9a0a588c2c554a7daa/element/f.433F1701EA3C2F53086EAE1C24884C44.d.5605161303BC8E3D1507F0ED1A6429B4.e.3269/click - {}
RESULT: {"using":"xpath","value":"(//span[contains(text(), \"null\")])[2]"}
COMMAND: POST /session/baa8039192228d9a0a588c2c554a7daa/element - {"using":"xpath","value":"//span[contains(@id ,\"application-manageresources-display-component---detailRU--snappedTitle-inner\")][contains(text(), \"WdIORUEquip1f9oyfj\")]"}
RESULT: {}
RESULT: {"using":"xpath","value":"//span[contains(@id ,\"application-manageresources-display-component---detailRU--snappedTitle-inner\")][contains(text(), \"WdIORUEquip1f9oyfj\")]"}
COMMAND: GET /session/baa8039192228d9a0a588c2c554a7daa/screenshot - {}
COMMAND: POST /session/baa8039192228d9a0a588c2c554a7daa/element - {"using":"xpath","value":"(//span[contains(text(), \"null\")])[2]"}
RESULT: {}
RESULT: {"using":"xpath","value":"(//span[contains(text(), \"null\")])[2]"}
COMMAND: POST /session/baa8039192228d9a0a588c2c554a7daa/element - {"using":"xpath","value":"//span[contains(@id ,\"application-manageresources-display-component---detailRU--snappedTitle-inner\")][contains(text(), \"WdIORUEquip1f9oyfj\")]"}
RESULT: {"using":"xpath","value":"//span[contains(@id ,\"application-manageresources-display-component---detailRU--snappedTitle-inner\")][contains(text(), \"WdIORUEquip1f9oyfj\")]"}
COMMAND: POST /session/baa8039192228d9a0a588c2c554a7daa/element - {"using":"xpath","value":"(//span[contains(text(), \"null\")])[2]"}
COMMAND: POST /session/baa8039192228d9a0a588c2c554a7daa/element - {"using":"xpath","value":"//span[contains(@id ,\"application-manageresources-display-component---detailRU--snappedTitle-inner\")][contains(text(), \"WdIORUEquip1f9oyfj\")]"}
RESULT: {"using":"xpath","value":"(//span[contains(text(), \"null\")])[2]"}
RESULT: {"using":"xpath","value":"//span[contains(@id ,\"application-manageresources-display-component---detailRU--snappedTitle-inner\")][contains(text(), \"WdIORUEquip1f9oyfj\")]"}
COMMAND: POST /session/baa8039192228d9a0a588c2c554a7daa/element - {"using":"xpath","value":"(//span[contains(text(), \"null\")])[2]"}
RESULT: {"using":"xpath","value":"(//span[contains(text(), \"null\")])[2]"}
COMMAND: POST /session/baa8039192228d9a0a588c2c554a7daa/element/f.433F1701EA3C2F53086EAE1C24884C44.d.5605161303BC8E3D1507F0ED1A6429B4.e.2781/click - {}
COMMAND: POST /session/baa8039192228d9a0a588c2c554a7daa/element - {"using":"xpath","value":"//a[contains(@class ,\"sapMLnk sapMLnkMaxWidth sapUiTinyMarginTop\")][contains(text(), \"Yard Address\")]"}
COMMAND: POST /session/baa8039192228d9a0a588c2c554a7daa/element - {"using":"xpath","value":"(//span[contains(text(), \"null\")])[2]"}
RESULT: {"using":"xpath","value":"//a[contains(@class ,\"sapMLnk sapMLnkMaxWidth sapUiTinyMarginTop\")][contains(text(), \"Yard Address\")]"}
COMMAND: POST /session/baa8039192228d9a0a588c2c554a7daa/element/f.433F1701EA3C2F53086EAE1C24884C44.d.5605161303BC8E3D1507F0ED1A6429B4.e.2781/click - {}
RESULT: {"using":"xpath","value":"(//span[contains(text(), \"null\")])[2]"}
COMMAND: POST /session/baa8039192228d9a0a588c2c554a7daa/element - {"using":"xpath","value":"//a[contains(@class ,\"sapMLnk sapMLnkMaxWidth sapUiTinyMarginTop\")][contains(text(), \"Yard Address\")]"}
RESULT: {"using":"xpath","value":"//a[contains(@class ,\"sapMLnk sapMLnkMaxWidth sapUiTinyMarginTop\")][contains(text(), \"Yard Address\")]"}
COMMAND: POST /session/baa8039192228d9a0a588c2c554a7daa/element/f.433F1701EA3C2F53086EAE1C24884C44.d.5605161303BC8E3D1507F0ED1A6429B4.e.3271/click - {}
COMMAND: POST /session/baa8039192228d9a0a588c2c554a7daa/element - {"using":"xpath","value":"(//span[contains(text(), \"null\")])[2]"}
RESULT: {}
COMMAND: GET /session/baa8039192228d9a0a588c2c554a7daa/screenshot - {}
RESULT: {"using":"xpath","value":"(//span[contains(text(), \"null\")])[2]"}
COMMAND: POST /session/baa8039192228d9a0a588c2c554a7daa/element - {"using":"xpath","value":"(//span[contains(text(), \"null\")])[2]"}
RESULT: {}
RESULT: {"using":"xpath","value":"(//span[contains(text(), \"null\")])[2]"}
COMMAND: POST /session/baa8039192228d9a0a588c2c554a7daa/element - {"using":"xpath","value":"(//span[contains(text(), \"null\")])[2]"}
RESULT: {"using":"xpath","value":"(//span[contains(text(), \"null\")])[2]"}
COMMAND: POST /session/baa8039192228d9a0a588c2c554a7daa/element - {"using":"xpath","value":"(//span[contains(text(), \"null\")])[2]"}
RESULT: {"using":"xpath","value":"(//span[contains(text(), \"null\")])[2]"}
COMMAND: POST /session/baa8039192228d9a0a588c2c554a7daa/element - {"using":"xpath","value":"(//span[contains(text(), \"null\")])[2]"}
RESULT: {"using":"xpath","value":"(//span[contains(text(), \"null\")])[2]"}
COMMAND: POST /session/baa8039192228d9a0a588c2c554a7daa/element - {"using":"xpath","value":"(//span[contains(text(), \"null\")])[2]"}
RESULT: {"using":"xpath","value":"(//span[contains(text(), \"null\")])[2]"}
COMMAND: POST /session/baa8039192228d9a0a588c2c554a7daa/element - {"using":"xpath","value":"(//span[contains(text(), \"null\")])[2]"}
RESULT: {"using":"xpath","value":"(//span[contains(text(), \"null\")])[2]"}
COMMAND: POST /session/baa8039192228d9a0a588c2c554a7daa/element - {"using":"xpath","value":"(//span[contains(text(), \"null\")])[2]"}
RESULT: {"using":"xpath","value":"(//span[contains(text(), \"null\")])[2]"}
RESULT: undefined
COMMAND: POST /session/baa8039192228d9a0a588c2c554a7daa/execute/async - {"script":"<script> [6424 bytes]","args":[{"element-6066-11e4-a52e-4f735466cecf":"f.433F1701EA3C2F53086EAE1C24884C44.d.5605161303BC8E3D1507F0ED1A6429B4.e.2394"},"getTitle",[]]}
COMMAND: POST /session/baa8039192228d9a0a588c2c554a7daa/execute/async - {"script":"<script> [1562 bytes]","args":[{"selector":{"id":"shellAppTitle"},"wdio_ui5_key":"shellAppTitle"}]}
COMMAND: POST /session/baa8039192228d9a0a588c2c554a7daa/element - {"using":"xpath","value":"(//span[contains(text(), \"null\")])[2]"}
RESULT: {"using":"xpath","value":"(//span[contains(text(), \"null\")])[2]"}
RESULT: {"script":"<script> [1562 bytes]","args":[{"selector":{"id":"shellAppTitle"},"wdio_ui5_key":"shellAppTitle"}]}
COMMAND: POST /session/baa8039192228d9a0a588c2c554a7daa/execute/async - {"script":"<script> [6424 bytes]","args":[{"element-6066-11e4-a52e-4f735466cecf":"f.433F1701EA3C2F53086EAE1C24884C44.d.5605161303BC8E3D1507F0ED1A6429B4.e.3557"},"getTitle",[]]}
COMMAND: POST /session/baa8039192228d9a0a588c2c554a7daa/element - {"using":"xpath","value":"(//span[contains(text(), \"null\")])[2]"}
RESULT: {"script":"<script> [6424 bytes]","args":[{"element-6066-11e4-a52e-4f735466cecf":"f.433F1701EA3C2F53086EAE1C24884C44.d.5605161303BC8E3D1507F0ED1A6429B4.e.3557"},"getTitle",[]]}
COMMAND: POST /session/baa8039192228d9a0a588c2c554a7daa/element - {"using":"xpath","value":"//span[contains(@id ,\"application-addressmanagement-display-component---detailAdm--addressDetailDetailsName1\")][contains(text(), \"null\")]"}
RESULT: {"using":"xpath","value":"(//span[contains(text(), \"null\")])[2]"}
RESULT: {"using":"xpath","value":"//span[contains(@id ,\"application-addressmanagement-display-component---detailAdm--addressDetailDetailsName1\")][contains(text(), \"null\")]"}
COMMAND: POST /session/baa8039192228d9a0a588c2c554a7daa/element - {"using":"xpath","value":"//span[contains(@id ,\"application-addressmanagement-display-component---detailAdm--addressDetailDetailsName1\")][contains(text(), \"null\")]"}
RESULT: undefined
COMMAND: POST /session/baa8039192228d9a0a588c2c554a7daa/element - {"using":"xpath","value":"//*[@id=\"backBtn\"]"}
RESULT: {"using":"xpath","value":"//*[@id=\"backBtn\"]"}
COMMAND: POST /session/baa8039192228d9a0a588c2c554a7daa/element/f.433F1701EA3C2F53086EAE1C24884C44.d.5605161303BC8E3D1507F0ED1A6429B4.e.2396/click - {}
RESULT: {"using":"xpath","value":"//span[contains(@id ,\"application-addressmanagement-display-component---detailAdm--addressDetailDetailsName1\")][contains(text(), \"null\")]"}
RESULT: {}
COMMAND: GET /session/baa8039192228d9a0a588c2c554a7daa/screenshot - {}
COMMAND: POST /session/baa8039192228d9a0a588c2c554a7daa/element - {"using":"xpath","value":"(//span[contains(text(), \"null\")])[2]"}
COMMAND: POST /session/baa8039192228d9a0a588c2c554a7daa/element - {"using":"xpath","value":"//span[contains(@id ,\"application-addressmanagement-display-component---detailAdm--addressDetailDetailsName1\")][contains(text(), \"null\")]"}
RESULT: {}
RESULT: {"using":"xpath","value":"(//span[contains(text(), \"null\")])[2]"}
RESULT: {"using":"xpath","value":"//span[contains(@id ,\"application-addressmanagement-display-component---detailAdm--addressDetailDetailsName1\")][contains(text(), \"null\")]"}
COMMAND: POST /session/baa8039192228d9a0a588c2c554a7daa/element - {"using":"xpath","value":"(//span[contains(text(), \"null\")])[2]"}
COMMAND: POST /session/baa8039192228d9a0a588c2c554a7daa/element - {"using":"xpath","value":"//span[contains(@id ,\"application-addressmanagement-display-component---detailAdm--addressDetailDetailsName1\")][contains(text(), \"null\")]"}
RESULT: {"using":"xpath","value":"(//span[contains(text(), \"null\")])[2]"}
COMMAND: POST /session/baa8039192228d9a0a588c2c554a7daa/element - {"using":"xpath","value":"(//span[contains(text(), \"null\")])[2]"}
RESULT: {"using":"xpath","value":"//span[contains(@id ,\"application-addressmanagement-display-component---detailAdm--addressDetailDetailsName1\")][contains(text(), \"null\")]"}
RESULT: {"using":"xpath","value":"(//span[contains(text(), \"null\")])[2]"}
COMMAND: POST /session/baa8039192228d9a0a588c2c554a7daa/element - {"using":"xpath","value":"//span[contains(@id ,\"application-addressmanagement-display-component---detailAdm--addressDetailDetailsName1\")][contains(text(), \"null\")]"}
RESULT: {"using":"xpath","value":"//span[contains(@id ,\"application-addressmanagement-display-component---detailAdm--addressDetailDetailsName1\")][contains(text(), \"null\")]"}
COMMAND: POST /session/baa8039192228d9a0a588c2c554a7daa/element - {"using":"xpath","value":"//span[contains(@id ,\"application-addressmanagement-display-component---detailAdm--addressDetailDetailsName1\")][contains(text(), \"null\")]"}
RESULT: {"using":"xpath","value":"//span[contains(@id ,\"application-addressmanagement-display-component---detailAdm--addressDetailDetailsName1\")][contains(text(), \"null\")]"}
COMMAND: POST /session/baa8039192228d9a0a588c2c554a7daa/element - {"using":"xpath","value":"//span[contains(@id ,\"application-addressmanagement-display-component---detailAdm--addressDetailDetailsName1\")][contains(text(), \"null\")]"}
RESULT: {"using":"xpath","value":"//span[contains(@id ,\"application-addressmanagement-display-component---detailAdm--addressDetailDetailsName1\")][contains(text(), \"null\")]"}
COMMAND: POST /session/baa8039192228d9a0a588c2c554a7daa/element - {"using":"xpath","value":"//span[contains(@id ,\"application-addressmanagement-display-component---detailAdm--addressDetailDetailsName1\")][contains(text(), \"null\")]"}
RESULT: {"using":"xpath","value":"//span[contains(@id ,\"application-addressmanagement-display-component---detailAdm--addressDetailDetailsName1\")][contains(text(), \"null\")]"}
COMMAND: POST /session/baa8039192228d9a0a588c2c554a7daa/element - {"using":"xpath","value":"//span[contains(@id ,\"application-addressmanagement-display-component---detailAdm--addressDetailDetailsName1\")][contains(text(), \"null\")]"}
RESULT: {"using":"xpath","value":"//span[contains(@id ,\"application-addressmanagement-display-component---detailAdm--addressDetailDetailsName1\")][contains(text(), \"null\")]"}
COMMAND: POST /session/baa8039192228d9a0a588c2c554a7daa/element - {"using":"xpath","value":"//span[contains(@id ,\"application-addressmanagement-display-component---detailAdm--addressDetailDetailsName1\")][contains(text(), \"null\")]"}
RESULT: {"using":"xpath","value":"//span[contains(@id ,\"application-addressmanagement-display-component---detailAdm--addressDetailDetailsName1\")][contains(text(), \"null\")]"}
COMMAND: POST /session/baa8039192228d9a0a588c2c554a7daa/element - {"using":"xpath","value":"//span[contains(@id ,\"application-addressmanagement-display-component---detailAdm--addressDetailDetailsName1\")][contains(text(), \"null\")]"}
RESULT: {"using":"xpath","value":"//span[contains(@id ,\"application-addressmanagement-display-component---detailAdm--addressDetailDetailsName1\")][contains(text(), \"null\")]"}
COMMAND: POST /session/baa8039192228d9a0a588c2c554a7daa/element - {"using":"xpath","value":"//span[contains(@id ,\"application-addressmanagement-display-component---detailAdm--addressDetailDetailsName1\")][contains(text(), \"null\")]"}
RESULT: {"using":"xpath","value":"//span[contains(@id ,\"application-addressmanagement-display-component---detailAdm--addressDetailDetailsName1\")][contains(text(), \"null\")]"}
COMMAND: POST /session/baa8039192228d9a0a588c2c554a7daa/element - {"using":"xpath","value":"//span[contains(@id ,\"application-addressmanagement-display-component---detailAdm--addressDetailDetailsName1\")][contains(text(), \"null\")]"}
RESULT: {"using":"xpath","value":"//span[contains(@id ,\"application-addressmanagement-display-component---detailAdm--addressDetailDetailsName1\")][contains(text(), \"null\")]"}
COMMAND: POST /session/baa8039192228d9a0a588c2c554a7daa/element - {"using":"xpath","value":"//span[contains(@id ,\"application-addressmanagement-display-component---detailAdm--addressDetailDetailsName1\")][contains(text(), \"null\")]"}
RESULT: {"using":"xpath","value":"//span[contains(@id ,\"application-addressmanagement-display-component---detailAdm--addressDetailDetailsName1\")][contains(text(), \"null\")]"}
COMMAND: POST /session/baa8039192228d9a0a588c2c554a7daa/execute/sync - {"script":"<script> [8489 bytes]","args":[{"element-6066-11e4-a52e-4f735466cecf":"f.433F1701EA3C2F53086EAE1C24884C44.d.5605161303BC8E3D1507F0ED1A6429B4.e.3265","ELEMENT":"f.433F1701EA3C2F53086EAE1C24884C44.d.5605161303BC8E3D1507F0ED1A6429B4.e.3265"}]}
COMMAND: POST /session/baa8039192228d9a0a588c2c554a7daa/element - {"using":"xpath","value":"//bdi[contains(@id ,\"application-manageresources-display-component---detailRU--openRelatedRus-BDI-content\")]"}
RESULT: {"using":"xpath","value":"//bdi[contains(@id ,\"application-manageresources-display-component---detailRU--openRelatedRus-BDI-content\")]"}
COMMAND: POST /session/baa8039192228d9a0a588c2c554a7daa/execute/sync - {"script":"<script> [8489 bytes]","args":[{"element-6066-11e4-a52e-4f735466cecf":"f.433F1701EA3C2F53086EAE1C24884C44.d.5605161303BC8E3D1507F0ED1A6429B4.e.3790","ELEMENT":"f.433F1701EA3C2F53086EAE1C24884C44.d.5605161303BC8E3D1507F0ED1A6429B4.e.3790"}]}
RESULT: {"script":"<script> [8489 bytes]","args":[{"element-6066-11e4-a52e-4f735466cecf":"f.433F1701EA3C2F53086EAE1C24884C44.d.5605161303BC8E3D1507F0ED1A6429B4.e.3790","ELEMENT":"f.433F1701EA3C2F53086EAE1C24884C44.d.5605161303BC8E3D1507F0ED1A6429B4.e.3790"}]}
COMMAND: POST /session/baa8039192228d9a0a588c2c554a7daa/execute/sync - {"script":"<script> [5351 bytes]","args":[{"element-6066-11e4-a52e-4f735466cecf":"f.433F1701EA3C2F53086EAE1C24884C44.d.5605161303BC8E3D1507F0ED1A6429B4.e.3790","ELEMENT":"f.433F1701EA3C2F53086EAE1C24884C44.d.5605161303BC8E3D1507F0ED1A6429B4.e.3790"}]}
COMMAND: GET /session/baa8039192228d9a0a588c2c554a7daa/screenshot - {}
RESULT: {"script":"<script> [5351 bytes]","args":[{"element-6066-11e4-a52e-4f735466cecf":"f.433F1701EA3C2F53086EAE1C24884C44.d.5605161303BC8E3D1507F0ED1A6429B4.e.3790","ELEMENT":"f.433F1701EA3C2F53086EAE1C24884C44.d.5605161303BC8E3D1507F0ED1A6429B4.e.3790"}]}
COMMAND: POST /session/baa8039192228d9a0a588c2c554a7daa/element/f.433F1701EA3C2F53086EAE1C24884C44.d.5605161303BC8E3D1507F0ED1A6429B4.e.3790/click - {}
COMMAND: GET /session/baa8039192228d9a0a588c2c554a7daa/screenshot - {}
RESULT: {}
COMMAND: POST /session/baa8039192228d9a0a588c2c554a7daa/element - {"using":"xpath","value":"//span[contains(@id ,\"application-addressmanagement-display-component---detailAdm--addressDetailDetailsName1\")][contains(text(), \"null\")]"}
RESULT: {}
COMMAND: GET /session/baa8039192228d9a0a588c2c554a7daa/screenshot - {}
RESULT: {}
RESULT: {"using":"xpath","value":"//span[contains(@id ,\"application-addressmanagement-display-component---detailAdm--addressDetailDetailsName1\")][contains(text(), \"null\")]"}
RESULT: {}
COMMAND: POST /session/baa8039192228d9a0a588c2c554a7daa/element/f.433F1701EA3C2F53086EAE1C24884C44.d.5605161303BC8E3D1507F0ED1A6429B4.e.3269/click - {}
COMMAND: POST /session/baa8039192228d9a0a588c2c554a7daa/element - {"using":"xpath","value":"//*[contains(@data-kt ,\"openLocationActionMenuLink\")]"}
RESULT: {"using":"xpath","value":"//*[contains(@data-kt ,\"openLocationActionMenuLink\")]"}
COMMAND: POST /session/baa8039192228d9a0a588c2c554a7daa/element/f.433F1701EA3C2F53086EAE1C24884C44.d.5605161303BC8E3D1507F0ED1A6429B4.e.3269/click - {}
COMMAND: POST /session/baa8039192228d9a0a588c2c554a7daa/element - {"using":"xpath","value":"//*[contains(@data-kt ,\"openLocationActionMenuLink\")]"}
RESULT: {"using":"xpath","value":"//*[contains(@data-kt ,\"openLocationActionMenuLink\")]"}
COMMAND: POST /session/baa8039192228d9a0a588c2c554a7daa/element/f.433F1701EA3C2F53086EAE1C24884C44.d.5605161303BC8E3D1507F0ED1A6429B4.e.3795/click - {}
RESULT: {}
COMMAND: GET /session/baa8039192228d9a0a588c2c554a7daa/screenshot - {}
COMMAND: POST /session/baa8039192228d9a0a588c2c554a7daa/element - {"using":"xpath","value":"//span[contains(@id ,\"application-addressmanagement-display-component---detailAdm--addressDetailDetailsName1\")][contains(text(), \"null\")]"}
RESULT: {}
RESULT: {"using":"xpath","value":"//span[contains(@id ,\"application-addressmanagement-display-component---detailAdm--addressDetailDetailsName1\")][contains(text(), \"null\")]"}
COMMAND: POST /session/baa8039192228d9a0a588c2c554a7daa/element - {"using":"xpath","value":"//span[contains(@id ,\"application-addressmanagement-display-component---detailAdm--addressDetailDetailsName1\")][contains(text(), \"null\")]"}
RESULT: {"using":"xpath","value":"//span[contains(@id ,\"application-addressmanagement-display-component---detailAdm--addressDetailDetailsName1\")][contains(text(), \"null\")]"}
COMMAND: POST /session/baa8039192228d9a0a588c2c554a7daa/element - {"using":"xpath","value":"//span[contains(@id ,\"application-addressmanagement-display-component---detailAdm--addressDetailDetailsName1\")][contains(text(), \"null\")]"}
RESULT: {"using":"xpath","value":"//span[contains(@id ,\"application-addressmanagement-display-component---detailAdm--addressDetailDetailsName1\")][contains(text(), \"null\")]"}
COMMAND: POST /session/baa8039192228d9a0a588c2c554a7daa/element - {"using":"xpath","value":"(//button[contains(@title ,\"Open in new tab\")])[1]"}
RESULT: {"using":"xpath","value":"(//button[contains(@title ,\"Open in new tab\")])[1]"}
COMMAND: POST /session/baa8039192228d9a0a588c2c554a7daa/element/f.433F1701EA3C2F53086EAE1C24884C44.d.5605161303BC8E3D1507F0ED1A6429B4.e.3796/click - {}
COMMAND: POST /session/baa8039192228d9a0a588c2c554a7daa/element - {"using":"xpath","value":"//span[contains(@id ,\"application-addressmanagement-display-component---detailAdm--addressDetailDetailsName1\")][contains(text(), \"null\")]"}
RESULT: {}
COMMAND: GET /session/baa8039192228d9a0a588c2c554a7daa/screenshot - {}
RESULT: {"using":"xpath","value":"//span[contains(@id ,\"application-addressmanagement-display-component---detailAdm--addressDetailDetailsName1\")][contains(text(), \"null\")]"}
COMMAND: POST /session/baa8039192228d9a0a588c2c554a7daa/element - {"using":"xpath","value":"//span[contains(@id ,\"application-addressmanagement-display-component---detailAdm--addressDetailDetailsName1\")][contains(text(), \"null\")]"}
RESULT: {}
RESULT: {"using":"xpath","value":"//span[contains(@id ,\"application-addressmanagement-display-component---detailAdm--addressDetailDetailsName1\")][contains(text(), \"null\")]"}
COMMAND: POST /session/baa8039192228d9a0a588c2c554a7daa/element - {"using":"xpath","value":"//span[contains(@id ,\"application-addressmanagement-display-component---detailAdm--addressDetailDetailsName1\")][contains(text(), \"null\")]"}
RESULT: {"using":"xpath","value":"//span[contains(@id ,\"application-addressmanagement-display-component---detailAdm--addressDetailDetailsName1\")][contains(text(), \"null\")]"}
COMMAND: POST /session/baa8039192228d9a0a588c2c554a7daa/element - {"using":"xpath","value":"//span[contains(@id ,\"application-addressmanagement-display-component---detailAdm--addressDetailDetailsName1\")][contains(text(), \"null\")]"}
RESULT: {"using":"xpath","value":"//span[contains(@id ,\"application-addressmanagement-display-component---detailAdm--addressDetailDetailsName1\")][contains(text(), \"null\")]"}
COMMAND: POST /session/baa8039192228d9a0a588c2c554a7daa/element - {"using":"xpath","value":"//span[contains(@id ,\"application-addressmanagement-display-component---detailAdm--addressDetailDetailsName1\")][contains(text(), \"null\")]"}
RESULT: {"using":"xpath","value":"//span[contains(@id ,\"application-addressmanagement-display-component---detailAdm--addressDetailDetailsName1\")][contains(text(), \"null\")]"}
COMMAND: POST /session/baa8039192228d9a0a588c2c554a7daa/element - {"using":"xpath","value":"//span[contains(@id ,\"application-addressmanagement-display-component---detailAdm--addressDetailDetailsName1\")][contains(text(), \"null\")]"}
RESULT: {"using":"xpath","value":"//span[contains(@id ,\"application-addressmanagement-display-component---detailAdm--addressDetailDetailsName1\")][contains(text(), \"null\")]"}
COMMAND: POST /session/baa8039192228d9a0a588c2c554a7daa/element - {"using":"xpath","value":"//span[contains(@id ,\"application-addressmanagement-display-component---detailAdm--addressDetailDetailsName1\")][contains(text(), \"null\")]"}
RESULT: {"using":"xpath","value":"//span[contains(@id ,\"application-addressmanagement-display-component---detailAdm--addressDetailDetailsName1\")][contains(text(), \"null\")]"}
COMMAND: POST /session/baa8039192228d9a0a588c2c554a7daa/element - {"using":"xpath","value":"//span[contains(@id ,\"application-addressmanagement-display-component---detailAdm--addressDetailDetailsName1\")][contains(text(), \"null\")]"}
RESULT: {"using":"xpath","value":"//span[contains(@id ,\"application-addressmanagement-display-component---detailAdm--addressDetailDetailsName1\")][contains(text(), \"null\")]"}
COMMAND: POST /session/baa8039192228d9a0a588c2c554a7daa/element - {"using":"xpath","value":"//span[contains(@id ,\"application-addressmanagement-display-component---detailAdm--addressDetailDetailsName1\")][contains(text(), \"null\")]"}
RESULT: {"using":"xpath","value":"//span[contains(@id ,\"application-addressmanagement-display-component---detailAdm--addressDetailDetailsName1\")][contains(text(), \"null\")]"}
COMMAND: POST /session/baa8039192228d9a0a588c2c554a7daa/element - {"using":"xpath","value":"//span[contains(@id ,\"application-addressmanagement-display-component---detailAdm--addressDetailDetailsName1\")][contains(text(), \"null\")]"}
RESULT: {"using":"xpath","value":"//span[contains(@id ,\"application-addressmanagement-display-component---detailAdm--addressDetailDetailsName1\")][contains(text(), \"null\")]"}
COMMAND: POST /session/baa8039192228d9a0a588c2c554a7daa/element - {"using":"xpath","value":"//span[contains(@id ,\"application-addressmanagement-display-component---detailAdm--addressDetailDetailsName1\")][contains(text(), \"null\")]"}
COMMAND: GET /session/baa8039192228d9a0a588c2c554a7daa/window/handles - {}
RESULT: {"using":"xpath","value":"//span[contains(@id ,\"application-addressmanagement-display-component---detailAdm--addressDetailDetailsName1\")][contains(text(), \"null\")]"}
RESULT: {}
COMMAND: POST /session/baa8039192228d9a0a588c2c554a7daa/window - {"handle":"3A158CC89B97D386BF648AE453D5B986"}
RESULT: {"handle":"3A158CC89B97D386BF648AE453D5B986"}
COMMAND: GET /session/baa8039192228d9a0a588c2c554a7daa/url - {}
COMMAND: POST /session/baa8039192228d9a0a588c2c554a7daa/element - {"using":"xpath","value":"//span[contains(@id ,\"application-addressmanagement-display-component---detailAdm--addressDetailDetailsName1\")][contains(text(), \"null\")]"}
RESULT: {}
COMMAND: GET /session/baa8039192228d9a0a588c2c554a7daa/screenshot - {}
RESULT: {"using":"xpath","value":"//span[contains(@id ,\"application-addressmanagement-display-component---detailAdm--addressDetailDetailsName1\")][contains(text(), \"null\")]"}
COMMAND: POST /session/baa8039192228d9a0a588c2c554a7daa/element - {"using":"xpath","value":"//span[contains(@id ,\"application-addressmanagement-display-component---detailAdm--addressDetailDetailsName1\")][contains(text(), \"null\")]"}
RESULT: {}
RESULT: {"using":"xpath","value":"//span[contains(@id ,\"application-addressmanagement-display-component---detailAdm--addressDetailDetailsName1\")][contains(text(), \"null\")]"}
COMMAND: POST /session/baa8039192228d9a0a588c2c554a7daa/element - {"using":"xpath","value":"//span[contains(@id ,\"application-addressmanagement-display-component---detailAdm--addressDetailDetailsName1\")][contains(text(), \"null\")]"}
RESULT: {"using":"xpath","value":"//span[contains(@id ,\"application-addressmanagement-display-component---detailAdm--addressDetailDetailsName1\")][contains(text(), \"null\")]"}
COMMAND: POST /session/baa8039192228d9a0a588c2c554a7daa/element - {"using":"xpath","value":"//span[contains(@id ,\"application-addressmanagement-display-component---detailAdm--addressDetailDetailsName1\")][contains(text(), \"null\")]"}
RESULT: {"using":"xpath","value":"//span[contains(@id ,\"application-addressmanagement-display-component---detailAdm--addressDetailDetailsName1\")][contains(text(), \"null\")]"}
COMMAND: POST /session/baa8039192228d9a0a588c2c554a7daa/element - {"using":"xpath","value":"//span[contains(@id ,\"application-addressmanagement-display-component---detailAdm--addressDetailDetailsName1\")][contains(text(), \"null\")]"}
RESULT: {"using":"xpath","value":"//span[contains(@id ,\"application-addressmanagement-display-component---detailAdm--addressDetailDetailsName1\")][contains(text(), \"null\")]"}
COMMAND: POST /session/baa8039192228d9a0a588c2c554a7daa/element - {"using":"xpath","value":"(//span[contains(text(), \"null\")])[2]"}
COMMAND: DELETE /session/baa8039192228d9a0a588c2c554a7daa/window - {}
RESULT: {}
COMMAND: POST /session/baa8039192228d9a0a588c2c554a7daa/window - {"handle":"433F1701EA3C2F53086EAE1C24884C44"}
RESULT: {"handle":"433F1701EA3C2F53086EAE1C24884C44"}
COMMAND: GET /session/baa8039192228d9a0a588c2c554a7daa/url - {}
RESULT: {"using":"xpath","value":"(//span[contains(text(), \"null\")])[2]"}
RESULT: {}
COMMAND: POST /session/baa8039192228d9a0a588c2c554a7daa/element - {"using":"xpath","value":"//span[contains(@id ,\"application-addressmanagement-display-component---detailAdm--addressDetailDetailsName1\")][contains(text(), \"null\")]"}
COMMAND: GET /session/baa8039192228d9a0a588c2c554a7daa/screenshot - {}
RESULT: {"using":"xpath","value":"//span[contains(@id ,\"application-addressmanagement-display-component---detailAdm--addressDetailDetailsName1\")][contains(text(), \"null\")]"}
COMMAND: POST /session/baa8039192228d9a0a588c2c554a7daa/element - {"using":"xpath","value":"(//span[contains(text(), \"null\")])[2]"}
COMMAND: POST /session/baa8039192228d9a0a588c2c554a7daa/element - {"using":"xpath","value":"//span[contains(@id ,\"application-addressmanagement-display-component---detailAdm--addressDetailDetailsName1\")][contains(text(), \"null\")]"}
RESULT: {}
RESULT: {"using":"xpath","value":"(//span[contains(text(), \"null\")])[2]"}
RESULT: {"using":"xpath","value":"//span[contains(@id ,\"application-addressmanagement-display-component---detailAdm--addressDetailDetailsName1\")][contains(text(), \"null\")]"}
COMMAND: POST /session/baa8039192228d9a0a588c2c554a7daa/element - {"using":"xpath","value":"(//span[contains(text(), \"null\")])[2]"}
COMMAND: POST /session/baa8039192228d9a0a588c2c554a7daa/element - {"using":"xpath","value":"//span[contains(@id ,\"application-addressmanagement-display-component---detailAdm--addressDetailDetailsName1\")][contains(text(), \"null\")]"}
RESULT: {"using":"xpath","value":"(//span[contains(text(), \"null\")])[2]"}
RESULT: {"using":"xpath","value":"//span[contains(@id ,\"application-addressmanagement-display-component---detailAdm--addressDetailDetailsName1\")][contains(text(), \"null\")]"}
COMMAND: POST /session/baa8039192228d9a0a588c2c554a7daa/element - {"using":"xpath","value":"(//span[contains(text(), \"null\")])[2]"}
RESULT: {"using":"xpath","value":"(//span[contains(text(), \"null\")])[2]"}
COMMAND: POST /session/baa8039192228d9a0a588c2c554a7daa/element - {"using":"xpath","value":"(//span[contains(text(), \"null\")])[2]"}
COMMAND: POST /session/baa8039192228d9a0a588c2c554a7daa/element - {"using":"xpath","value":"(//button[contains(@title ,\"Open in new tab\")])[2]"}
RESULT: {"using":"xpath","value":"(//span[contains(text(), \"null\")])[2]"}
RESULT: {"using":"xpath","value":"(//button[contains(@title ,\"Open in new tab\")])[2]"}
COMMAND: POST /session/baa8039192228d9a0a588c2c554a7daa/element/f.433F1701EA3C2F53086EAE1C24884C44.d.5605161303BC8E3D1507F0ED1A6429B4.e.3826/click - {}
RESULT: {}
COMMAND: GET /session/baa8039192228d9a0a588c2c554a7daa/screenshot - {}
COMMAND: POST /session/baa8039192228d9a0a588c2c554a7daa/element - {"using":"xpath","value":"(//span[contains(text(), \"null\")])[2]"}
RESULT: {}
RESULT: {"using":"xpath","value":"(//span[contains(text(), \"null\")])[2]"}
COMMAND: POST /session/baa8039192228d9a0a588c2c554a7daa/element - {"using":"xpath","value":"(//span[contains(text(), \"null\")])[2]"}
RESULT: {"using":"xpath","value":"(//span[contains(text(), \"null\")])[2]"}
COMMAND: POST /session/baa8039192228d9a0a588c2c554a7daa/element - {"using":"xpath","value":"(//span[contains(text(), \"null\")])[2]"}
RESULT: {"using":"xpath","value":"(//span[contains(text(), \"null\")])[2]"}
COMMAND: POST /session/baa8039192228d9a0a588c2c554a7daa/element - {"using":"xpath","value":"(//span[contains(text(), \"null\")])[2]"}
RESULT: {"using":"xpath","value":"(//span[contains(text(), \"null\")])[2]"}
COMMAND: POST /session/baa8039192228d9a0a588c2c554a7daa/element - {"using":"xpath","value":"(//span[contains(text(), \"null\")])[2]"}
RESULT: {"using":"xpath","value":"(//span[contains(text(), \"null\")])[2]"}
COMMAND: POST /session/baa8039192228d9a0a588c2c554a7daa/element - {"using":"xpath","value":"(//span[contains(text(), \"null\")])[2]"}
RESULT: {"using":"xpath","value":"(//span[contains(text(), \"null\")])[2]"}
COMMAND: POST /session/baa8039192228d9a0a588c2c554a7daa/element - {"using":"xpath","value":"(//span[contains(text(), \"null\")])[2]"}
RESULT: {"using":"xpath","value":"(//span[contains(text(), \"null\")])[2]"}
COMMAND: POST /session/baa8039192228d9a0a588c2c554a7daa/element - {"using":"xpath","value":"(//span[contains(text(), \"null\")])[2]"}
COMMAND: GET /session/baa8039192228d9a0a588c2c554a7daa/window/handles - {}
RESULT: {"using":"xpath","value":"(//span[contains(text(), \"null\")])[2]"}
RESULT: {}
COMMAND: POST /session/baa8039192228d9a0a588c2c554a7daa/window - {"handle":"73AB764BAE5160E6F129CEAEB64E17EE"}
COMMAND: POST /session/baa8039192228d9a0a588c2c554a7daa/element - {"using":"xpath","value":"(//span[contains(text(), \"null\")])[2]"}
RESULT: {"handle":"73AB764BAE5160E6F129CEAEB64E17EE"}
COMMAND: GET /session/baa8039192228d9a0a588c2c554a7daa/url - {}
RESULT: {"using":"xpath","value":"(//span[contains(text(), \"null\")])[2]"}
RESULT: {}
COMMAND: GET /session/baa8039192228d9a0a588c2c554a7daa/screenshot - {}
RESULT: {}
COMMAND: POST /session/baa8039192228d9a0a588c2c554a7daa/element - {"using":"xpath","value":"(//span[contains(text(), \"null\")])[2]"}
RESULT: {"using":"xpath","value":"(//span[contains(text(), \"null\")])[2]"}
COMMAND: POST /session/baa8039192228d9a0a588c2c554a7daa/element - {"using":"xpath","value":"(//span[contains(text(), \"null\")])[2]"}
RESULT: {"using":"xpath","value":"(//span[contains(text(), \"null\")])[2]"}
COMMAND: POST /session/baa8039192228d9a0a588c2c554a7daa/element - {"using":"xpath","value":"(//span[contains(text(), \"null\")])[2]"}
RESULT: {"using":"xpath","value":"(//span[contains(text(), \"null\")])[2]"}
COMMAND: POST /session/baa8039192228d9a0a588c2c554a7daa/element - {"using":"xpath","value":"(//span[contains(text(), \"null\")])[2]"}
RESULT: {"using":"xpath","value":"(//span[contains(text(), \"null\")])[2]"}
COMMAND: POST /session/baa8039192228d9a0a588c2c554a7daa/element - {"using":"xpath","value":"(//span[contains(text(), \"null\")])[2]"}
RESULT: {"using":"xpath","value":"(//span[contains(text(), \"null\")])[2]"}
COMMAND: POST /session/baa8039192228d9a0a588c2c554a7daa/element - {"using":"xpath","value":"(//span[contains(text(), \"null\")])[2]"}
RESULT: {"using":"xpath","value":"(//span[contains(text(), \"null\")])[2]"}
COMMAND: POST /session/baa8039192228d9a0a588c2c554a7daa/element - {"using":"xpath","value":"(//span[contains(text(), \"null\")])[2]"}
RESULT: {"using":"xpath","value":"(//span[contains(text(), \"null\")])[2]"}
COMMAND: POST /session/baa8039192228d9a0a588c2c554a7daa/element - {"using":"xpath","value":"(//span[contains(text(), \"null\")])[2]"}
RESULT: {"using":"xpath","value":"(//span[contains(text(), \"null\")])[2]"}
COMMAND: POST /session/baa8039192228d9a0a588c2c554a7daa/element - {"using":"xpath","value":"(//span[contains(text(), \"null\")])[2]"}
RESULT: {"using":"xpath","value":"(//span[contains(text(), \"null\")])[2]"}
COMMAND: POST /session/baa8039192228d9a0a588c2c554a7daa/element - {"using":"xpath","value":"//span[contains(@id ,\"application-addressmanagement-display-component---detailAdm--addressDetailDetailsName1\")][contains(text(), \"null\")]"}
COMMAND: DELETE /session/baa8039192228d9a0a588c2c554a7daa/window - {}
COMMAND: POST /session/baa8039192228d9a0a588c2c554a7daa/element - {"using":"xpath","value":"(//span[contains(text(), \"null\")])[2]"}
RESULT: {}
COMMAND: POST /session/baa8039192228d9a0a588c2c554a7daa/window - {"handle":"433F1701EA3C2F53086EAE1C24884C44"}
RESULT: {"handle":"433F1701EA3C2F53086EAE1C24884C44"}
COMMAND: GET /session/baa8039192228d9a0a588c2c554a7daa/url - {}
RESULT: {"using":"xpath","value":"//span[contains(@id ,\"application-addressmanagement-display-component---detailAdm--addressDetailDetailsName1\")][contains(text(), \"null\")]"}
RESULT: {"using":"xpath","value":"(//span[contains(text(), \"null\")])[2]"}
RESULT: {}
COMMAND: GET /session/baa8039192228d9a0a588c2c554a7daa/screenshot - {}
COMMAND: POST /session/baa8039192228d9a0a588c2c554a7daa/element - {"using":"xpath","value":"//span[contains(@id ,\"application-addressmanagement-display-component---detailAdm--addressDetailDetailsName1\")][contains(text(), \"null\")]"}
COMMAND: POST /session/baa8039192228d9a0a588c2c554a7daa/element - {"using":"xpath","value":"(//span[contains(text(), \"null\")])[2]"}
RESULT: {}
RESULT: {"using":"xpath","value":"//span[contains(@id ,\"application-addressmanagement-display-component---detailAdm--addressDetailDetailsName1\")][contains(text(), \"null\")]"}
RESULT: {"using":"xpath","value":"(//span[contains(text(), \"null\")])[2]"}
COMMAND: POST /session/baa8039192228d9a0a588c2c554a7daa/element - {"using":"xpath","value":"//span[contains(@id ,\"application-addressmanagement-display-component---detailAdm--addressDetailDetailsName1\")][contains(text(), \"null\")]"}
RESULT: {"using":"xpath","value":"//span[contains(@id ,\"application-addressmanagement-display-component---detailAdm--addressDetailDetailsName1\")][contains(text(), \"null\")]"}
COMMAND: POST /session/baa8039192228d9a0a588c2c554a7daa/element - {"using":"xpath","value":"(//span[contains(text(), \"null\")])[2]"}
RESULT: {"using":"xpath","value":"(//span[contains(text(), \"null\")])[2]"}
COMMAND: POST /session/baa8039192228d9a0a588c2c554a7daa/element - {"using":"xpath","value":"//span[contains(@id ,\"application-addressmanagement-display-component---detailAdm--addressDetailDetailsName1\")][contains(text(), \"null\")]"}
RESULT: {"using":"xpath","value":"//span[contains(@id ,\"application-addressmanagement-display-component---detailAdm--addressDetailDetailsName1\")][contains(text(), \"null\")]"}
COMMAND: POST /session/baa8039192228d9a0a588c2c554a7daa/element - {"using":"xpath","value":"(//span[contains(text(), \"null\")])[2]"}
RESULT: {"using":"xpath","value":"(//span[contains(text(), \"null\")])[2]"}
COMMAND: POST /session/baa8039192228d9a0a588c2c554a7daa/element - {"using":"xpath","value":"//span[contains(@id ,\"application-addressmanagement-display-component---detailAdm--addressDetailDetailsName1\")][contains(text(), \"null\")]"}
RESULT: {"using":"xpath","value":"//span[contains(@id ,\"application-addressmanagement-display-component---detailAdm--addressDetailDetailsName1\")][contains(text(), \"null\")]"}
COMMAND: POST /session/baa8039192228d9a0a588c2c554a7daa/element - {"using":"xpath","value":"(//span[contains(text(), \"null\")])[2]"}
RESULT: {"using":"xpath","value":"(//span[contains(text(), \"null\")])[2]"}
COMMAND: POST /session/baa8039192228d9a0a588c2c554a7daa/element - {"using":"xpath","value":"//span[contains(@id ,\"application-addressmanagement-display-component---detailAdm--addressDetailDetailsName1\")][contains(text(), \"null\")]"}
RESULT: {"using":"xpath","value":"//span[contains(@id ,\"application-addressmanagement-display-component---detailAdm--addressDetailDetailsName1\")][contains(text(), \"null\")]"}
COMMAND: POST /session/baa8039192228d9a0a588c2c554a7daa/element - {"using":"xpath","value":"(//span[contains(text(), \"null\")])[2]"}
RESULT: {"using":"xpath","value":"(//span[contains(text(), \"null\")])[2]"}
COMMAND: POST /session/baa8039192228d9a0a588c2c554a7daa/element - {"using":"xpath","value":"//span[contains(@id ,\"application-addressmanagement-display-component---detailAdm--addressDetailDetailsName1\")][contains(text(), \"null\")]"}
RESULT: {"using":"xpath","value":"//span[contains(@id ,\"application-addressmanagement-display-component---detailAdm--addressDetailDetailsName1\")][contains(text(), \"null\")]"}
COMMAND: POST /session/baa8039192228d9a0a588c2c554a7daa/element - {"using":"xpath","value":"(//span[contains(text(), \"null\")])[2]"}
RESULT: {"using":"xpath","value":"(//span[contains(text(), \"null\")])[2]"}
COMMAND: POST /session/baa8039192228d9a0a588c2c554a7daa/element - {"using":"xpath","value":"//span[contains(@id ,\"application-addressmanagement-display-component---detailAdm--addressDetailDetailsName1\")][contains(text(), \"null\")]"}
RESULT: {"using":"xpath","value":"//span[contains(@id ,\"application-addressmanagement-display-component---detailAdm--addressDetailDetailsName1\")][contains(text(), \"null\")]"}
COMMAND: POST /session/baa8039192228d9a0a588c2c554a7daa/element - {"using":"xpath","value":"(//span[contains(text(), \"null\")])[2]"}
RESULT: {"using":"xpath","value":"(//span[contains(text(), \"null\")])[2]"}
COMMAND: POST /session/baa8039192228d9a0a588c2c554a7daa/element - {"using":"xpath","value":"//span[contains(@id ,\"application-addressmanagement-display-component---detailAdm--addressDetailDetailsName1\")][contains(text(), \"null\")]"}
]]></system-out>
    </testcase>
    <testcase classname="chrome.136_0_7103_93.windows.Related_resources_for_groups_US139107" name="Should set one equipment to inactive and verify that it does not show in the releated resources" time="73.721">
      <system-out><![CDATA[
COMMAND: POST /session/baa8039192228d9a0a588c2c554a7daa/element - {"using":"xpath","value":"//*[contains(@data-kt ,\"openRUIdMenuLink\")]"}
RESULT: {"using":"xpath","value":"//span[contains(@id ,\"application-addressmanagement-display-component---detailAdm--addressDetailDetailsName1\")][contains(text(), \"null\")]"}
RESULT: {"using":"xpath","value":"//*[contains(@data-kt ,\"openRUIdMenuLink\")]"}
COMMAND: POST /session/baa8039192228d9a0a588c2c554a7daa/execute/sync - {"script":"<script> [8489 bytes]","args":[{"element-6066-11e4-a52e-4f735466cecf":"f.433F1701EA3C2F53086EAE1C24884C44.d.5605161303BC8E3D1507F0ED1A6429B4.e.4035","ELEMENT":"f.433F1701EA3C2F53086EAE1C24884C44.d.5605161303BC8E3D1507F0ED1A6429B4.e.4035"}]}
RESULT: {"script":"<script> [8489 bytes]","args":[{"element-6066-11e4-a52e-4f735466cecf":"f.433F1701EA3C2F53086EAE1C24884C44.d.5605161303BC8E3D1507F0ED1A6429B4.e.4035","ELEMENT":"f.433F1701EA3C2F53086EAE1C24884C44.d.5605161303BC8E3D1507F0ED1A6429B4.e.4035"}]}
COMMAND: POST /session/baa8039192228d9a0a588c2c554a7daa/execute/sync - {"script":"<script> [5351 bytes]","args":[{"element-6066-11e4-a52e-4f735466cecf":"f.433F1701EA3C2F53086EAE1C24884C44.d.5605161303BC8E3D1507F0ED1A6429B4.e.4035","ELEMENT":"f.433F1701EA3C2F53086EAE1C24884C44.d.5605161303BC8E3D1507F0ED1A6429B4.e.4035"}]}
COMMAND: GET /session/baa8039192228d9a0a588c2c554a7daa/screenshot - {}
RESULT: {"script":"<script> [5351 bytes]","args":[{"element-6066-11e4-a52e-4f735466cecf":"f.433F1701EA3C2F53086EAE1C24884C44.d.5605161303BC8E3D1507F0ED1A6429B4.e.4035","ELEMENT":"f.433F1701EA3C2F53086EAE1C24884C44.d.5605161303BC8E3D1507F0ED1A6429B4.e.4035"}]}
COMMAND: POST /session/baa8039192228d9a0a588c2c554a7daa/element/f.433F1701EA3C2F53086EAE1C24884C44.d.5605161303BC8E3D1507F0ED1A6429B4.e.4035/click - {}
COMMAND: GET /session/baa8039192228d9a0a588c2c554a7daa/screenshot - {}
COMMAND: POST /session/baa8039192228d9a0a588c2c554a7daa/element - {"using":"xpath","value":"(//span[contains(text(), \"null\")])[2]"}
RESULT: {}
COMMAND: POST /session/baa8039192228d9a0a588c2c554a7daa/element - {"using":"xpath","value":"//span[contains(@id ,\"application-addressmanagement-display-component---detailAdm--addressDetailDetailsName1\")][contains(text(), \"null\")]"}
RESULT: {}
COMMAND: GET /session/baa8039192228d9a0a588c2c554a7daa/screenshot - {}
RESULT: {}
RESULT: {"using":"xpath","value":"(//span[contains(text(), \"null\")])[2]"}
RESULT: {"using":"xpath","value":"//span[contains(@id ,\"application-addressmanagement-display-component---detailAdm--addressDetailDetailsName1\")][contains(text(), \"null\")]"}
RESULT: {}
COMMAND: POST /session/baa8039192228d9a0a588c2c554a7daa/element - {"using":"xpath","value":"(//span[contains(text(), \"null\")])[2]"}
RESULT: {"using":"xpath","value":"(//span[contains(text(), \"null\")])[2]"}
COMMAND: POST /session/baa8039192228d9a0a588c2c554a7daa/element - {"using":"xpath","value":"//span[contains(@id ,\"application-addressmanagement-display-component---detailAdm--addressDetailDetailsName1\")][contains(text(), \"null\")]"}
RESULT: {"using":"xpath","value":"//span[contains(@id ,\"application-addressmanagement-display-component---detailAdm--addressDetailDetailsName1\")][contains(text(), \"null\")]"}
COMMAND: POST /session/baa8039192228d9a0a588c2c554a7daa/element - {"using":"xpath","value":"(//span[contains(text(), \"null\")])[2]"}
RESULT: {"using":"xpath","value":"(//span[contains(text(), \"null\")])[2]"}
COMMAND: POST /session/baa8039192228d9a0a588c2c554a7daa/element - {"using":"xpath","value":"//span[contains(@id ,\"application-addressmanagement-display-component---detailAdm--addressDetailDetailsName1\")][contains(text(), \"null\")]"}
RESULT: {"using":"xpath","value":"//span[contains(@id ,\"application-addressmanagement-display-component---detailAdm--addressDetailDetailsName1\")][contains(text(), \"null\")]"}
COMMAND: POST /session/baa8039192228d9a0a588c2c554a7daa/element - {"using":"xpath","value":"(//span[contains(text(), \"null\")])[2]"}
RESULT: {"using":"xpath","value":"(//span[contains(text(), \"null\")])[2]"}
COMMAND: POST /session/baa8039192228d9a0a588c2c554a7daa/element - {"using":"xpath","value":"//span[contains(@id ,\"application-addressmanagement-display-component---detailAdm--addressDetailDetailsName1\")][contains(text(), \"null\")]"}
RESULT: {"using":"xpath","value":"//span[contains(@id ,\"application-addressmanagement-display-component---detailAdm--addressDetailDetailsName1\")][contains(text(), \"null\")]"}
COMMAND: POST /session/baa8039192228d9a0a588c2c554a7daa/element - {"using":"xpath","value":"//*[contains(@data-kt ,\"ContextMenuId2Link\")][contains(text(), \"RU Overview\")]"}
RESULT: {"using":"xpath","value":"//*[contains(@data-kt ,\"ContextMenuId2Link\")][contains(text(), \"RU Overview\")]"}
COMMAND: POST /session/baa8039192228d9a0a588c2c554a7daa/execute/sync - {"script":"<script> [8489 bytes]","args":[{"element-6066-11e4-a52e-4f735466cecf":"f.433F1701EA3C2F53086EAE1C24884C44.d.5605161303BC8E3D1507F0ED1A6429B4.e.4037","ELEMENT":"f.433F1701EA3C2F53086EAE1C24884C44.d.5605161303BC8E3D1507F0ED1A6429B4.e.4037"}]}
COMMAND: POST /session/baa8039192228d9a0a588c2c554a7daa/element/f.433F1701EA3C2F53086EAE1C24884C44.d.5605161303BC8E3D1507F0ED1A6429B4.e.4037/click - {}
RESULT: {"script":"<script> [8489 bytes]","args":[{"element-6066-11e4-a52e-4f735466cecf":"f.433F1701EA3C2F53086EAE1C24884C44.d.5605161303BC8E3D1507F0ED1A6429B4.e.4037","ELEMENT":"f.433F1701EA3C2F53086EAE1C24884C44.d.5605161303BC8E3D1507F0ED1A6429B4.e.4037"}]}
COMMAND: GET /session/baa8039192228d9a0a588c2c554a7daa/screenshot - {}
COMMAND: POST /session/baa8039192228d9a0a588c2c554a7daa/element - {"using":"xpath","value":"(//span[contains(text(), \"null\")])[2]"}
RESULT: {}
COMMAND: POST /session/baa8039192228d9a0a588c2c554a7daa/element - {"using":"xpath","value":"//span[contains(@id ,\"application-addressmanagement-display-component---detailAdm--addressDetailDetailsName1\")][contains(text(), \"null\")]"}
COMMAND: GET /session/baa8039192228d9a0a588c2c554a7daa/screenshot - {}
RESULT: {}
RESULT: {"using":"xpath","value":"(//span[contains(text(), \"null\")])[2]"}
COMMAND: POST /session/baa8039192228d9a0a588c2c554a7daa/element - {"using":"xpath","value":"//span[contains(@id ,\"actionsToolbar-overflowButton-img\")]"}
RESULT: {"using":"xpath","value":"//span[contains(@id ,\"application-addressmanagement-display-component---detailAdm--addressDetailDetailsName1\")][contains(text(), \"null\")]"}
RESULT: {}
RESULT: {"using":"xpath","value":"//span[contains(@id ,\"actionsToolbar-overflowButton-img\")]"}
COMMAND: POST /session/baa8039192228d9a0a588c2c554a7daa/execute/sync - {"script":"<script> [8489 bytes]","args":[{"element-6066-11e4-a52e-4f735466cecf":"f.433F1701EA3C2F53086EAE1C24884C44.d.5605161303BC8E3D1507F0ED1A6429B4.e.4288","ELEMENT":"f.433F1701EA3C2F53086EAE1C24884C44.d.5605161303BC8E3D1507F0ED1A6429B4.e.4288"}]}
COMMAND: POST /session/baa8039192228d9a0a588c2c554a7daa/element - {"using":"xpath","value":"//span[contains(@id ,\"application-addressmanagement-display-component---detailAdm--addressDetailDetailsName1\")][contains(text(), \"null\")]"}
RESULT: {"script":"<script> [8489 bytes]","args":[{"element-6066-11e4-a52e-4f735466cecf":"f.433F1701EA3C2F53086EAE1C24884C44.d.5605161303BC8E3D1507F0ED1A6429B4.e.4288","ELEMENT":"f.433F1701EA3C2F53086EAE1C24884C44.d.5605161303BC8E3D1507F0ED1A6429B4.e.4288"}]}
COMMAND: POST /session/baa8039192228d9a0a588c2c554a7daa/execute/sync - {"script":"<script> [5351 bytes]","args":[{"element-6066-11e4-a52e-4f735466cecf":"f.433F1701EA3C2F53086EAE1C24884C44.d.5605161303BC8E3D1507F0ED1A6429B4.e.4288","ELEMENT":"f.433F1701EA3C2F53086EAE1C24884C44.d.5605161303BC8E3D1507F0ED1A6429B4.e.4288"}]}
COMMAND: GET /session/baa8039192228d9a0a588c2c554a7daa/screenshot - {}
RESULT: {"using":"xpath","value":"//span[contains(@id ,\"application-addressmanagement-display-component---detailAdm--addressDetailDetailsName1\")][contains(text(), \"null\")]"}
RESULT: {"script":"<script> [5351 bytes]","args":[{"element-6066-11e4-a52e-4f735466cecf":"f.433F1701EA3C2F53086EAE1C24884C44.d.5605161303BC8E3D1507F0ED1A6429B4.e.4288","ELEMENT":"f.433F1701EA3C2F53086EAE1C24884C44.d.5605161303BC8E3D1507F0ED1A6429B4.e.4288"}]}
COMMAND: GET /session/baa8039192228d9a0a588c2c554a7daa/screenshot - {}
COMMAND: POST /session/baa8039192228d9a0a588c2c554a7daa/execute/sync - {"script":"<script> [8489 bytes]","args":[{"element-6066-11e4-a52e-4f735466cecf":"f.433F1701EA3C2F53086EAE1C24884C44.d.5605161303BC8E3D1507F0ED1A6429B4.e.4288","ELEMENT":"f.433F1701EA3C2F53086EAE1C24884C44.d.5605161303BC8E3D1507F0ED1A6429B4.e.4288"}]}
COMMAND: POST /session/baa8039192228d9a0a588c2c554a7daa/element - {"using":"xpath","value":"//span[contains(@id ,\"application-addressmanagement-display-component---detailAdm--addressDetailDetailsName1\")][contains(text(), \"null\")]"}
RESULT: {}
RESULT: {}
RESULT: {"script":"<script> [8489 bytes]","args":[{"element-6066-11e4-a52e-4f735466cecf":"f.433F1701EA3C2F53086EAE1C24884C44.d.5605161303BC8E3D1507F0ED1A6429B4.e.4288","ELEMENT":"f.433F1701EA3C2F53086EAE1C24884C44.d.5605161303BC8E3D1507F0ED1A6429B4.e.4288"}]}
COMMAND: POST /session/baa8039192228d9a0a588c2c554a7daa/execute/sync - {"script":"<script> [5351 bytes]","args":[{"element-6066-11e4-a52e-4f735466cecf":"f.433F1701EA3C2F53086EAE1C24884C44.d.5605161303BC8E3D1507F0ED1A6429B4.e.4288","ELEMENT":"f.433F1701EA3C2F53086EAE1C24884C44.d.5605161303BC8E3D1507F0ED1A6429B4.e.4288"}]}
RESULT: {"using":"xpath","value":"//span[contains(@id ,\"application-addressmanagement-display-component---detailAdm--addressDetailDetailsName1\")][contains(text(), \"null\")]"}
COMMAND: GET /session/baa8039192228d9a0a588c2c554a7daa/screenshot - {}
RESULT: {"script":"<script> [5351 bytes]","args":[{"element-6066-11e4-a52e-4f735466cecf":"f.433F1701EA3C2F53086EAE1C24884C44.d.5605161303BC8E3D1507F0ED1A6429B4.e.4288","ELEMENT":"f.433F1701EA3C2F53086EAE1C24884C44.d.5605161303BC8E3D1507F0ED1A6429B4.e.4288"}]}
COMMAND: GET /session/baa8039192228d9a0a588c2c554a7daa/screenshot - {}
COMMAND: POST /session/baa8039192228d9a0a588c2c554a7daa/execute/sync - {"script":"<script> [8489 bytes]","args":[{"element-6066-11e4-a52e-4f735466cecf":"f.433F1701EA3C2F53086EAE1C24884C44.d.5605161303BC8E3D1507F0ED1A6429B4.e.4288","ELEMENT":"f.433F1701EA3C2F53086EAE1C24884C44.d.5605161303BC8E3D1507F0ED1A6429B4.e.4288"}]}
RESULT: {}
COMMAND: POST /session/baa8039192228d9a0a588c2c554a7daa/element - {"using":"xpath","value":"//span[contains(@id ,\"application-addressmanagement-display-component---detailAdm--addressDetailDetailsName1\")][contains(text(), \"null\")]"}
RESULT: {}
RESULT: {"script":"<script> [8489 bytes]","args":[{"element-6066-11e4-a52e-4f735466cecf":"f.433F1701EA3C2F53086EAE1C24884C44.d.5605161303BC8E3D1507F0ED1A6429B4.e.4288","ELEMENT":"f.433F1701EA3C2F53086EAE1C24884C44.d.5605161303BC8E3D1507F0ED1A6429B4.e.4288"}]}
COMMAND: POST /session/baa8039192228d9a0a588c2c554a7daa/execute/sync - {"script":"<script> [5351 bytes]","args":[{"element-6066-11e4-a52e-4f735466cecf":"f.433F1701EA3C2F53086EAE1C24884C44.d.5605161303BC8E3D1507F0ED1A6429B4.e.4288","ELEMENT":"f.433F1701EA3C2F53086EAE1C24884C44.d.5605161303BC8E3D1507F0ED1A6429B4.e.4288"}]}
RESULT: {"using":"xpath","value":"//span[contains(@id ,\"application-addressmanagement-display-component---detailAdm--addressDetailDetailsName1\")][contains(text(), \"null\")]"}
COMMAND: GET /session/baa8039192228d9a0a588c2c554a7daa/screenshot - {}
RESULT: {"script":"<script> [5351 bytes]","args":[{"element-6066-11e4-a52e-4f735466cecf":"f.433F1701EA3C2F53086EAE1C24884C44.d.5605161303BC8E3D1507F0ED1A6429B4.e.4288","ELEMENT":"f.433F1701EA3C2F53086EAE1C24884C44.d.5605161303BC8E3D1507F0ED1A6429B4.e.4288"}]}
COMMAND: POST /session/baa8039192228d9a0a588c2c554a7daa/execute/sync - {"script":"<script> [8489 bytes]","args":[{"element-6066-11e4-a52e-4f735466cecf":"f.433F1701EA3C2F53086EAE1C24884C44.d.5605161303BC8E3D1507F0ED1A6429B4.e.4288","ELEMENT":"f.433F1701EA3C2F53086EAE1C24884C44.d.5605161303BC8E3D1507F0ED1A6429B4.e.4288"}]}
COMMAND: GET /session/baa8039192228d9a0a588c2c554a7daa/screenshot - {}
RESULT: {}
RESULT: {"script":"<script> [8489 bytes]","args":[{"element-6066-11e4-a52e-4f735466cecf":"f.433F1701EA3C2F53086EAE1C24884C44.d.5605161303BC8E3D1507F0ED1A6429B4.e.4288","ELEMENT":"f.433F1701EA3C2F53086EAE1C24884C44.d.5605161303BC8E3D1507F0ED1A6429B4.e.4288"}]}
COMMAND: POST /session/baa8039192228d9a0a588c2c554a7daa/execute/sync - {"script":"<script> [5351 bytes]","args":[{"element-6066-11e4-a52e-4f735466cecf":"f.433F1701EA3C2F53086EAE1C24884C44.d.5605161303BC8E3D1507F0ED1A6429B4.e.4288","ELEMENT":"f.433F1701EA3C2F53086EAE1C24884C44.d.5605161303BC8E3D1507F0ED1A6429B4.e.4288"}]}
COMMAND: GET /session/baa8039192228d9a0a588c2c554a7daa/screenshot - {}
COMMAND: POST /session/baa8039192228d9a0a588c2c554a7daa/element - {"using":"xpath","value":"//span[contains(@id ,\"application-addressmanagement-display-component---detailAdm--addressDetailDetailsName1\")][contains(text(), \"null\")]"}
RESULT: {}
RESULT: {"script":"<script> [5351 bytes]","args":[{"element-6066-11e4-a52e-4f735466cecf":"f.433F1701EA3C2F53086EAE1C24884C44.d.5605161303BC8E3D1507F0ED1A6429B4.e.4288","ELEMENT":"f.433F1701EA3C2F53086EAE1C24884C44.d.5605161303BC8E3D1507F0ED1A6429B4.e.4288"}]}
COMMAND: POST /session/baa8039192228d9a0a588c2c554a7daa/execute/sync - {"script":"<script> [8489 bytes]","args":[{"element-6066-11e4-a52e-4f735466cecf":"f.433F1701EA3C2F53086EAE1C24884C44.d.5605161303BC8E3D1507F0ED1A6429B4.e.4288","ELEMENT":"f.433F1701EA3C2F53086EAE1C24884C44.d.5605161303BC8E3D1507F0ED1A6429B4.e.4288"}]}
COMMAND: GET /session/baa8039192228d9a0a588c2c554a7daa/screenshot - {}
RESULT: {}
RESULT: {"using":"xpath","value":"//span[contains(@id ,\"application-addressmanagement-display-component---detailAdm--addressDetailDetailsName1\")][contains(text(), \"null\")]"}
RESULT: {"script":"<script> [8489 bytes]","args":[{"element-6066-11e4-a52e-4f735466cecf":"f.433F1701EA3C2F53086EAE1C24884C44.d.5605161303BC8E3D1507F0ED1A6429B4.e.4288","ELEMENT":"f.433F1701EA3C2F53086EAE1C24884C44.d.5605161303BC8E3D1507F0ED1A6429B4.e.4288"}]}
COMMAND: POST /session/baa8039192228d9a0a588c2c554a7daa/execute/sync - {"script":"<script> [5351 bytes]","args":[{"element-6066-11e4-a52e-4f735466cecf":"f.433F1701EA3C2F53086EAE1C24884C44.d.5605161303BC8E3D1507F0ED1A6429B4.e.4288","ELEMENT":"f.433F1701EA3C2F53086EAE1C24884C44.d.5605161303BC8E3D1507F0ED1A6429B4.e.4288"}]}
RESULT: {}
COMMAND: GET /session/baa8039192228d9a0a588c2c554a7daa/screenshot - {}
RESULT: {"script":"<script> [5351 bytes]","args":[{"element-6066-11e4-a52e-4f735466cecf":"f.433F1701EA3C2F53086EAE1C24884C44.d.5605161303BC8E3D1507F0ED1A6429B4.e.4288","ELEMENT":"f.433F1701EA3C2F53086EAE1C24884C44.d.5605161303BC8E3D1507F0ED1A6429B4.e.4288"}]}
COMMAND: POST /session/baa8039192228d9a0a588c2c554a7daa/element/f.433F1701EA3C2F53086EAE1C24884C44.d.5605161303BC8E3D1507F0ED1A6429B4.e.4288/click - {}
COMMAND: GET /session/baa8039192228d9a0a588c2c554a7daa/screenshot - {}
RESULT: {}
COMMAND: POST /session/baa8039192228d9a0a588c2c554a7daa/element - {"using":"xpath","value":"//span[contains(@id ,\"application-addressmanagement-display-component---detailAdm--addressDetailDetailsName1\")][contains(text(), \"null\")]"}
RESULT: {}
COMMAND: GET /session/baa8039192228d9a0a588c2c554a7daa/screenshot - {}
RESULT: {}
RESULT: {"using":"xpath","value":"//span[contains(@id ,\"application-addressmanagement-display-component---detailAdm--addressDetailDetailsName1\")][contains(text(), \"null\")]"}
RESULT: {}
COMMAND: POST /session/baa8039192228d9a0a588c2c554a7daa/element - {"using":"xpath","value":"//span[contains(@id ,\"application-addressmanagement-display-component---detailAdm--addressDetailDetailsName1\")][contains(text(), \"null\")]"}
RESULT: {"using":"xpath","value":"//span[contains(@id ,\"application-addressmanagement-display-component---detailAdm--addressDetailDetailsName1\")][contains(text(), \"null\")]"}
COMMAND: POST /session/baa8039192228d9a0a588c2c554a7daa/element - {"using":"xpath","value":"//span[contains(@id ,\"application-addressmanagement-display-component---detailAdm--addressDetailDetailsName1\")][contains(text(), \"null\")]"}
RESULT: {"using":"xpath","value":"//span[contains(@id ,\"application-addressmanagement-display-component---detailAdm--addressDetailDetailsName1\")][contains(text(), \"null\")]"}
COMMAND: POST /session/baa8039192228d9a0a588c2c554a7daa/element - {"using":"xpath","value":"(//bdi[contains(text(), \"Deactivate\")])[1]"}
RESULT: {"using":"xpath","value":"(//bdi[contains(text(), \"Deactivate\")])[1]"}
COMMAND: POST /session/baa8039192228d9a0a588c2c554a7daa/element/f.433F1701EA3C2F53086EAE1C24884C44.d.5605161303BC8E3D1507F0ED1A6429B4.e.4299/click - {}
COMMAND: POST /session/baa8039192228d9a0a588c2c554a7daa/element - {"using":"xpath","value":"//span[contains(@id ,\"application-addressmanagement-display-component---detailAdm--addressDetailDetailsName1\")][contains(text(), \"null\")]"}
RESULT: {}
COMMAND: GET /session/baa8039192228d9a0a588c2c554a7daa/screenshot - {}
RESULT: {"using":"xpath","value":"//span[contains(@id ,\"application-addressmanagement-display-component---detailAdm--addressDetailDetailsName1\")][contains(text(), \"null\")]"}
RESULT: {}
COMMAND: POST /session/baa8039192228d9a0a588c2c554a7daa/element - {"using":"xpath","value":"//span[contains(@id ,\"application-addressmanagement-display-component---detailAdm--addressDetailDetailsName1\")][contains(text(), \"null\")]"}
RESULT: {"using":"xpath","value":"//span[contains(@id ,\"application-addressmanagement-display-component---detailAdm--addressDetailDetailsName1\")][contains(text(), \"null\")]"}
COMMAND: POST /session/baa8039192228d9a0a588c2c554a7daa/element - {"using":"xpath","value":"//span[contains(@id ,\"application-addressmanagement-display-component---detailAdm--addressDetailDetailsName1\")][contains(text(), \"null\")]"}
RESULT: {"using":"xpath","value":"//span[contains(@id ,\"application-addressmanagement-display-component---detailAdm--addressDetailDetailsName1\")][contains(text(), \"null\")]"}
COMMAND: POST /session/baa8039192228d9a0a588c2c554a7daa/element - {"using":"xpath","value":"//span[contains(@id ,\"application-addressmanagement-display-component---detailAdm--addressDetailDetailsName1\")][contains(text(), \"null\")]"}
RESULT: {"using":"xpath","value":"//span[contains(@id ,\"application-addressmanagement-display-component---detailAdm--addressDetailDetailsName1\")][contains(text(), \"null\")]"}
COMMAND: POST /session/baa8039192228d9a0a588c2c554a7daa/element - {"using":"xpath","value":"(//bdi[contains(text(), \"OK\")])[1]"}
COMMAND: POST /session/baa8039192228d9a0a588c2c554a7daa/element - {"using":"xpath","value":"//span[contains(@id ,\"application-addressmanagement-display-component---detailAdm--addressDetailDetailsName1\")][contains(text(), \"null\")]"}
RESULT: {"using":"xpath","value":"(//bdi[contains(text(), \"OK\")])[1]"}
COMMAND: POST /session/baa8039192228d9a0a588c2c554a7daa/element/f.433F1701EA3C2F53086EAE1C24884C44.d.5605161303BC8E3D1507F0ED1A6429B4.e.4302/click - {}
RESULT: {"using":"xpath","value":"//span[contains(@id ,\"application-addressmanagement-display-component---detailAdm--addressDetailDetailsName1\")][contains(text(), \"null\")]"}
COMMAND: POST /session/baa8039192228d9a0a588c2c554a7daa/element - {"using":"xpath","value":"//span[contains(@id ,\"application-addressmanagement-display-component---detailAdm--addressDetailDetailsName1\")][contains(text(), \"null\")]"}
RESULT: {}
COMMAND: GET /session/baa8039192228d9a0a588c2c554a7daa/screenshot - {}
RESULT: {"using":"xpath","value":"//span[contains(@id ,\"application-addressmanagement-display-component---detailAdm--addressDetailDetailsName1\")][contains(text(), \"null\")]"}
RESULT: {}
COMMAND: POST /session/baa8039192228d9a0a588c2c554a7daa/element - {"using":"xpath","value":"//input[contains(@id ,\"application-manageresources-display-component---masterRU--smartFilterBar-btnBasicSearch-I\")]"}
RESULT: {"using":"xpath","value":"//input[contains(@id ,\"application-manageresources-display-component---masterRU--smartFilterBar-btnBasicSearch-I\")]"}
COMMAND: POST /session/baa8039192228d9a0a588c2c554a7daa/element/f.433F1701EA3C2F53086EAE1C24884C44.d.5605161303BC8E3D1507F0ED1A6429B4.e.4047/value - {"text":"WdIORUGroup5ltr8"}
RESULT: {"text":"WdIORUGroup5ltr8"}
COMMAND: GET /session/baa8039192228d9a0a588c2c554a7daa/screenshot - {}
RESULT: {}
COMMAND: POST /session/baa8039192228d9a0a588c2c554a7daa/actions - {"actions":[{"id":"action13","type":"key","parameters":{},"actions":[{"type":"keyDown","value":"î€‡"},{"type":"pause","duration":10},{"type":"keyUp","value":"î€‡"}]}]}
RESULT: {"actions":[{"id":"action13","type":"key","parameters":{},"actions":[{"type":"keyDown","value":"î€‡"},{"type":"pause","duration":10},{"type":"keyUp","value":"î€‡"}]}]}
COMMAND: GET /session/baa8039192228d9a0a588c2c554a7daa/screenshot - {}
RESULT: {}
COMMAND: POST /session/baa8039192228d9a0a588c2c554a7daa/element - {"using":"xpath","value":"//span[contains(text(), \"WdIORUGroup5ltr8\")][contains(@class ,\"sapMText sapUiSelectable sapMTextBreakWord sapMTextMaxWidth\")]"}
RESULT: {"using":"xpath","value":"//span[contains(text(), \"WdIORUGroup5ltr8\")][contains(@class ,\"sapMText sapUiSelectable sapMTextBreakWord sapMTextMaxWidth\")]"}
COMMAND: POST /session/baa8039192228d9a0a588c2c554a7daa/element/f.433F1701EA3C2F53086EAE1C24884C44.d.5605161303BC8E3D1507F0ED1A6429B4.e.4574/click - {}
RESULT: {}
COMMAND: GET /session/baa8039192228d9a0a588c2c554a7daa/screenshot - {}
RESULT: {}
COMMAND: POST /session/baa8039192228d9a0a588c2c554a7daa/element - {"using":"xpath","value":"//bdi[contains(@id ,\"application-manageresources-display-component---detailRU--openRelatedRus-BDI-content\")]"}
RESULT: {"using":"xpath","value":"//bdi[contains(@id ,\"application-manageresources-display-component---detailRU--openRelatedRus-BDI-content\")]"}
COMMAND: POST /session/baa8039192228d9a0a588c2c554a7daa/execute/sync - {"script":"<script> [8489 bytes]","args":[{"element-6066-11e4-a52e-4f735466cecf":"f.433F1701EA3C2F53086EAE1C24884C44.d.5605161303BC8E3D1507F0ED1A6429B4.e.4626","ELEMENT":"f.433F1701EA3C2F53086EAE1C24884C44.d.5605161303BC8E3D1507F0ED1A6429B4.e.4626"}]}
RESULT: {"script":"<script> [8489 bytes]","args":[{"element-6066-11e4-a52e-4f735466cecf":"f.433F1701EA3C2F53086EAE1C24884C44.d.5605161303BC8E3D1507F0ED1A6429B4.e.4626","ELEMENT":"f.433F1701EA3C2F53086EAE1C24884C44.d.5605161303BC8E3D1507F0ED1A6429B4.e.4626"}]}
COMMAND: POST /session/baa8039192228d9a0a588c2c554a7daa/execute/sync - {"script":"<script> [5351 bytes]","args":[{"element-6066-11e4-a52e-4f735466cecf":"f.433F1701EA3C2F53086EAE1C24884C44.d.5605161303BC8E3D1507F0ED1A6429B4.e.4626","ELEMENT":"f.433F1701EA3C2F53086EAE1C24884C44.d.5605161303BC8E3D1507F0ED1A6429B4.e.4626"}]}
COMMAND: GET /session/baa8039192228d9a0a588c2c554a7daa/screenshot - {}
RESULT: {"script":"<script> [5351 bytes]","args":[{"element-6066-11e4-a52e-4f735466cecf":"f.433F1701EA3C2F53086EAE1C24884C44.d.5605161303BC8E3D1507F0ED1A6429B4.e.4626","ELEMENT":"f.433F1701EA3C2F53086EAE1C24884C44.d.5605161303BC8E3D1507F0ED1A6429B4.e.4626"}]}
COMMAND: POST /session/baa8039192228d9a0a588c2c554a7daa/element/f.433F1701EA3C2F53086EAE1C24884C44.d.5605161303BC8E3D1507F0ED1A6429B4.e.4626/click - {}
COMMAND: GET /session/baa8039192228d9a0a588c2c554a7daa/screenshot - {}
RESULT: {}
RESULT: {}
COMMAND: GET /session/baa8039192228d9a0a588c2c554a7daa/screenshot - {}
RESULT: {}
RESULT: {}
RESULT: undefined
COMMAND: POST /session/baa8039192228d9a0a588c2c554a7daa/execute/async - {"script":"<script> [6424 bytes]","args":[{"element-6066-11e4-a52e-4f735466cecf":"f.433F1701EA3C2F53086EAE1C24884C44.d.5605161303BC8E3D1507F0ED1A6429B4.e.2138"},"getText",[]]}
COMMAND: POST /session/baa8039192228d9a0a588c2c554a7daa/execute/async - {"script":"<script> [1562 bytes]","args":[{"selector":{"id":"RelatedRUsFragmentID--smartTableRUs-header","searchOpenDialogs":true},"wdio_ui5_key":"RelatedRUsFragmentIDsmartTableRUs-header"}]}
RESULT: {"script":"<script> [1562 bytes]","args":[{"selector":{"id":"RelatedRUsFragmentID--smartTableRUs-header","searchOpenDialogs":true},"wdio_ui5_key":"RelatedRUsFragmentIDsmartTableRUs-header"}]}
COMMAND: POST /session/baa8039192228d9a0a588c2c554a7daa/execute/async - {"script":"<script> [6424 bytes]","args":[{"element-6066-11e4-a52e-4f735466cecf":"f.433F1701EA3C2F53086EAE1C24884C44.d.5605161303BC8E3D1507F0ED1A6429B4.e.4631"},"getText",[]]}
RESULT: {"script":"<script> [6424 bytes]","args":[{"element-6066-11e4-a52e-4f735466cecf":"f.433F1701EA3C2F53086EAE1C24884C44.d.5605161303BC8E3D1507F0ED1A6429B4.e.4631"},"getText",[]]}
COMMAND: POST /session/baa8039192228d9a0a588c2c554a7daa/element - {"using":"xpath","value":"//span[contains(text(), \"WdIORUEquip1f9oyfj\")]"}
RESULT: {"using":"xpath","value":"//span[contains(text(), \"WdIORUEquip1f9oyfj\")]"}
COMMAND: POST /session/baa8039192228d9a0a588c2c554a7daa/element - {"using":"xpath","value":"//span[contains(text(), \"WdIORUEquip1f9oyfj\")]"}
RESULT: {"using":"xpath","value":"//span[contains(text(), \"WdIORUEquip1f9oyfj\")]"}
COMMAND: DELETE /session/baa8039192228d9a0a588c2c554a7daa - {}
RESULT: {}
]]></system-out>
    </testcase>
  </testsuite>
</testsuites>