<?xml version="1.0" encoding="UTF-8"?>
<testsuites tests="24" failures="0" errors="0" skipped="0">
  <testsuite timestamp="2025-06-14T15:36:31" time="656.856" tests="5" failures="0" errors="0" skipped="0">
    <properties>
      <property name="specId" value="0"/>
      <property name="suiteName" value="Manage Requests Tags Tests US120163"/>
      <property name="capabilities" value="chrome.137_0_7151_69.windows"/>
      <property name="file" value="file:///D:/a/1/s/test/specs/R2C/create-request-Tags.spec.js"/>
    </properties>
    <testcase classname="chrome.137_0_7151_69.windows.Manage_Requests_Tags_Tests_US120163" name="Should create a new yard" time="123.614">
      <system-out><![CDATA[
COMMAND: POST /session/87d62074a4cb28b4ac0fd763e82d6371/execute/async - {"script":"<script> [1562 bytes]","args":[{"selector":{"controlType":"sap.m.GenericTile","properties":{"header":"Manage Yards"}},"wdio_ui5_key":"sapm.GenericTile{\"header\":\"Manage Yards\"}"}]}
RESULT: {"script":"<script> [1562 bytes]","args":[{"selector":{"controlType":"sap.m.GenericTile","properties":{"header":"Manage Yards"}},"wdio_ui5_key":"sapm.GenericTile{\"header\":\"Manage Yards\"}"}]}
RESULT: undefined
COMMAND: POST /session/87d62074a4cb28b4ac0fd763e82d6371/element - {"using":"xpath","value":"//*[@id=\"__tile42\"]"}
RESULT: {"using":"xpath","value":"//*[@id=\"__tile42\"]"}
COMMAND: POST /session/87d62074a4cb28b4ac0fd763e82d6371/element/f.62693C2623AD3835EDB30C63D0026C38.d.76360024429B0EA0D1FC4A64F361FA4D.e.115/click - {}
RESULT: {}
COMMAND: GET /session/87d62074a4cb28b4ac0fd763e82d6371/screenshot - {}
RESULT: {}
COMMAND: POST /session/87d62074a4cb28b4ac0fd763e82d6371/elements - {"using":"xpath","value":"//span[text()='Error']"}
RESULT: {"using":"xpath","value":"//span[text()='Error']"}
COMMAND: POST /session/87d62074a4cb28b4ac0fd763e82d6371/execute/async - {"script":"<script> [1562 bytes]","args":[{"selector":{"controlType":"sap.ui.core.Icon","viewName":"etm.portal.ui.manageyards.view.Master","viewId":"application-manageyards-display-component---masterYard","properties":{"src":{"regex":{"source":"add"}}}},"wdio_ui5_key":"etmportal.ui.manageyards.view.Mastersap.ui.core.Icon{\"src\":{\"regex\":{\"source\":\"add\"}}}"}]}
RESULT: {"script":"<script> [1562 bytes]","args":[{"selector":{"controlType":"sap.ui.core.Icon","viewName":"etm.portal.ui.manageyards.view.Master","viewId":"application-manageyards-display-component---masterYard","properties":{"src":{"regex":{"source":"add"}}}},"wdio_ui5_key":"etmportal.ui.manageyards.view.Mastersap.ui.core.Icon{\"src\":{\"regex\":{\"source\":\"add\"}}}"}]}
RESULT: undefined
COMMAND: POST /session/87d62074a4cb28b4ac0fd763e82d6371/element - {"using":"xpath","value":"//*[@id=\"__button4-img\"]"}
RESULT: {"using":"xpath","value":"//*[@id=\"__button4-img\"]"}
COMMAND: POST /session/87d62074a4cb28b4ac0fd763e82d6371/element/f.62693C2623AD3835EDB30C63D0026C38.d.76360024429B0EA0D1FC4A64F361FA4D.e.163/click - {}
RESULT: {}
COMMAND: GET /session/87d62074a4cb28b4ac0fd763e82d6371/screenshot - {}
RESULT: {}
COMMAND: POST /session/87d62074a4cb28b4ac0fd763e82d6371/execute/async - {"script":"<script> [1562 bytes]","args":[{"selector":{"id":"application-manageyards-display-component---NewYard--yardId","interaction":{"idSuffix":"inner"}},"wdio_ui5_key":"applicationmanageyards-display-component---NewYard--yardId"}]}
RESULT: {"script":"<script> [1562 bytes]","args":[{"selector":{"id":"application-manageyards-display-component---NewYard--yardId","interaction":{"idSuffix":"inner"}},"wdio_ui5_key":"applicationmanageyards-display-component---NewYard--yardId"}]}
RESULT: undefined
COMMAND: POST /session/87d62074a4cb28b4ac0fd763e82d6371/element - {"using":"xpath","value":"//*[@id=\"application-manageyards-display-component---NewYard--addressDetailDetailsName1-inner\"]"}
RESULT: {"using":"xpath","value":"//*[@id=\"application-manageyards-display-component---NewYard--addressDetailDetailsName1-inner\"]"}
COMMAND: POST /session/87d62074a4cb28b4ac0fd763e82d6371/element/f.62693C2623AD3835EDB30C63D0026C38.d.76360024429B0EA0D1FC4A64F361FA4D.e.377/clear - {}
RESULT: {}
COMMAND: POST /session/87d62074a4cb28b4ac0fd763e82d6371/element/f.62693C2623AD3835EDB30C63D0026C38.d.76360024429B0EA0D1FC4A64F361FA4D.e.377/value - {"text":"WebdriverYardcxril"}
COMMAND: GET /session/87d62074a4cb28b4ac0fd763e82d6371/screenshot - {}
RESULT: {"text":"WebdriverYardcxril"}
COMMAND: POST /session/87d62074a4cb28b4ac0fd763e82d6371/element - {"using":"xpath","value":"//*[@id=\"application-manageyards-display-component---NewYard--addressDetailDetailsLanguage-inner\"]"}
COMMAND: GET /session/87d62074a4cb28b4ac0fd763e82d6371/screenshot - {}
RESULT: {}
RESULT: {"using":"xpath","value":"//*[@id=\"application-manageyards-display-component---NewYard--addressDetailDetailsLanguage-inner\"]"}
COMMAND: POST /session/87d62074a4cb28b4ac0fd763e82d6371/element/f.62693C2623AD3835EDB30C63D0026C38.d.76360024429B0EA0D1FC4A64F361FA4D.e.378/clear - {}
RESULT: {}
RESULT: {}
COMMAND: POST /session/87d62074a4cb28b4ac0fd763e82d6371/element/f.62693C2623AD3835EDB30C63D0026C38.d.76360024429B0EA0D1FC4A64F361FA4D.e.378/value - {"text":"Romanian"}
COMMAND: GET /session/87d62074a4cb28b4ac0fd763e82d6371/screenshot - {}
RESULT: {"text":"Romanian"}
COMMAND: POST /session/87d62074a4cb28b4ac0fd763e82d6371/element - {"using":"xpath","value":"//input[contains(@id ,\"application-manageyards-display-component---NewYard--addressDetailDetailsName1-inner\")]"}
COMMAND: GET /session/87d62074a4cb28b4ac0fd763e82d6371/screenshot - {}
RESULT: {}
RESULT: {"using":"xpath","value":"//input[contains(@id ,\"application-manageyards-display-component---NewYard--addressDetailDetailsName1-inner\")]"}
COMMAND: GET /session/87d62074a4cb28b4ac0fd763e82d6371/element/f.62693C2623AD3835EDB30C63D0026C38.d.76360024429B0EA0D1FC4A64F361FA4D.e.377/property/value - {}
RESULT: {}
RESULT: {}
COMMAND: GET /session/87d62074a4cb28b4ac0fd763e82d6371/screenshot - {}
RESULT: {}
COMMAND: POST /session/87d62074a4cb28b4ac0fd763e82d6371/element - {"using":"xpath","value":"//*[@id=\"application-manageyards-display-component---NewYard--addressDetailDetailsCity1-inner\"]"}
RESULT: {"using":"xpath","value":"//*[@id=\"application-manageyards-display-component---NewYard--addressDetailDetailsCity1-inner\"]"}
COMMAND: POST /session/87d62074a4cb28b4ac0fd763e82d6371/element/f.62693C2623AD3835EDB30C63D0026C38.d.76360024429B0EA0D1FC4A64F361FA4D.e.380/clear - {}
RESULT: {}
COMMAND: POST /session/87d62074a4cb28b4ac0fd763e82d6371/element/f.62693C2623AD3835EDB30C63D0026C38.d.76360024429B0EA0D1FC4A64F361FA4D.e.380/value - {"text":"Bucuresti"}
COMMAND: GET /session/87d62074a4cb28b4ac0fd763e82d6371/screenshot - {}
RESULT: {"text":"Bucuresti"}
COMMAND: GET /session/87d62074a4cb28b4ac0fd763e82d6371/screenshot - {}
RESULT: {}
RESULT: {}
COMMAND: POST /session/87d62074a4cb28b4ac0fd763e82d6371/element - {"using":"xpath","value":"//*[@id=\"application-manageyards-display-component---NewYard--addressDetailDetailsCountry-inner\"]"}
RESULT: {"using":"xpath","value":"//*[@id=\"application-manageyards-display-component---NewYard--addressDetailDetailsCountry-inner\"]"}
COMMAND: POST /session/87d62074a4cb28b4ac0fd763e82d6371/element/f.62693C2623AD3835EDB30C63D0026C38.d.76360024429B0EA0D1FC4A64F361FA4D.e.384/clear - {}
RESULT: {}
COMMAND: POST /session/87d62074a4cb28b4ac0fd763e82d6371/element/f.62693C2623AD3835EDB30C63D0026C38.d.76360024429B0EA0D1FC4A64F361FA4D.e.384/value - {"text":"Romania"}
COMMAND: GET /session/87d62074a4cb28b4ac0fd763e82d6371/screenshot - {}
RESULT: {"text":"Romania"}
COMMAND: GET /session/87d62074a4cb28b4ac0fd763e82d6371/screenshot - {}
RESULT: {}
RESULT: {}
COMMAND: POST /session/87d62074a4cb28b4ac0fd763e82d6371/element - {"using":"xpath","value":"//div[contains(text(), \"Commercial\")]"}
RESULT: {"using":"xpath","value":"//div[contains(text(), \"Commercial\")]"}
COMMAND: GET /session/87d62074a4cb28b4ac0fd763e82d6371/element/f.62693C2623AD3835EDB30C63D0026C38.d.76360024429B0EA0D1FC4A64F361FA4D.e.581/rect - {}
RESULT: {}
COMMAND: GET /session/87d62074a4cb28b4ac0fd763e82d6371/window/rect - {}
RESULT: {}
COMMAND: POST /session/87d62074a4cb28b4ac0fd763e82d6371/execute/sync - {"script":"<script> [92 bytes]","args":[]}
RESULT: {"script":"<script> [92 bytes]","args":[]}
COMMAND: POST /session/87d62074a4cb28b4ac0fd763e82d6371/actions - {"actions":[{"id":"action1","type":"wheel","parameters":{},"actions":[{"type":"scroll","x":-1841,"y":-44,"deltaX":0,"deltaY":0,"duration":0,"origin":{"element-6066-11e4-a52e-4f735466cecf":"f.62693C2623AD3835EDB30C63D0026C38.d.76360024429B0EA0D1FC4A64F361FA4D.e.581"}}]}]}
COMMAND: GET /session/87d62074a4cb28b4ac0fd763e82d6371/screenshot - {}
RESULT: {}
COMMAND: POST /session/87d62074a4cb28b4ac0fd763e82d6371/execute/sync - {"script":"<script> [79 bytes]","args":[{"element-6066-11e4-a52e-4f735466cecf":"f.62693C2623AD3835EDB30C63D0026C38.d.76360024429B0EA0D1FC4A64F361FA4D.e.581","ELEMENT":"f.62693C2623AD3835EDB30C63D0026C38.d.76360024429B0EA0D1FC4A64F361FA4D.e.581"},{"block":"start","inline":"nearest"}]}
RESULT: {"script":"<script> [79 bytes]","args":[{"element-6066-11e4-a52e-4f735466cecf":"f.62693C2623AD3835EDB30C63D0026C38.d.76360024429B0EA0D1FC4A64F361FA4D.e.581","ELEMENT":"f.62693C2623AD3835EDB30C63D0026C38.d.76360024429B0EA0D1FC4A64F361FA4D.e.581"},{"block":"start","inline":"nearest"}]}
COMMAND: GET /session/87d62074a4cb28b4ac0fd763e82d6371/screenshot - {}
RESULT: {}
COMMAND: POST /session/87d62074a4cb28b4ac0fd763e82d6371/execute/async - {"script":"<script> [1562 bytes]","args":[{"selector":{"id":"application-manageyards-display-component---NewYard--addressEditDetailsCostObjectCstType-arrow"},"wdio_ui5_key":"applicationmanageyards-display-component---NewYard--addressEditDetailsCostObjectCstType-arrow"}]}
RESULT: {"script":"<script> [1562 bytes]","args":[{"selector":{"id":"application-manageyards-display-component---NewYard--addressEditDetailsCostObjectCstType-arrow"},"wdio_ui5_key":"applicationmanageyards-display-component---NewYard--addressEditDetailsCostObjectCstType-arrow"}]}
RESULT: undefined
COMMAND: POST /session/87d62074a4cb28b4ac0fd763e82d6371/element - {"using":"xpath","value":"//*[@id=\"application-manageyards-display-component---NewYard--addressEditDetailsCostObjectCstType-arrow\"]"}
RESULT: {"using":"xpath","value":"//*[@id=\"application-manageyards-display-component---NewYard--addressEditDetailsCostObjectCstType-arrow\"]"}
COMMAND: POST /session/87d62074a4cb28b4ac0fd763e82d6371/element/f.62693C2623AD3835EDB30C63D0026C38.d.76360024429B0EA0D1FC4A64F361FA4D.e.590/click - {}
RESULT: {}
COMMAND: POST /session/87d62074a4cb28b4ac0fd763e82d6371/element - {"using":"xpath","value":"//span[contains(text(), \"Cost Center\")]"}
COMMAND: GET /session/87d62074a4cb28b4ac0fd763e82d6371/screenshot - {}
RESULT: {"using":"xpath","value":"//span[contains(text(), \"Cost Center\")]"}
COMMAND: POST /session/87d62074a4cb28b4ac0fd763e82d6371/element/f.62693C2623AD3835EDB30C63D0026C38.d.76360024429B0EA0D1FC4A64F361FA4D.e.591/click - {}
RESULT: {}
RESULT: {}
COMMAND: GET /session/87d62074a4cb28b4ac0fd763e82d6371/screenshot - {}
RESULT: {}
COMMAND: POST /session/87d62074a4cb28b4ac0fd763e82d6371/execute/async - {"script":"<script> [1562 bytes]","args":[{"selector":{"id":"application-manageyards-display-component---NewYard--addressNewCostObjectCstID-vhi"},"wdio_ui5_key":"applicationmanageyards-display-component---NewYard--addressNewCostObjectCstID-vhi"}]}
RESULT: {"script":"<script> [1562 bytes]","args":[{"selector":{"id":"application-manageyards-display-component---NewYard--addressNewCostObjectCstID-vhi"},"wdio_ui5_key":"applicationmanageyards-display-component---NewYard--addressNewCostObjectCstID-vhi"}]}
RESULT: undefined
COMMAND: POST /session/87d62074a4cb28b4ac0fd763e82d6371/element - {"using":"xpath","value":"//*[@id=\"application-manageyards-display-component---NewYard--addressNewCostObjectCstID-vhi\"]"}
RESULT: {"using":"xpath","value":"//*[@id=\"application-manageyards-display-component---NewYard--addressNewCostObjectCstID-vhi\"]"}
COMMAND: POST /session/87d62074a4cb28b4ac0fd763e82d6371/element/f.62693C2623AD3835EDB30C63D0026C38.d.76360024429B0EA0D1FC4A64F361FA4D.e.595/click - {}
RESULT: {}
COMMAND: GET /session/87d62074a4cb28b4ac0fd763e82d6371/screenshot - {}
RESULT: {}
COMMAND: POST /session/87d62074a4cb28b4ac0fd763e82d6371/execute/async - {"script":"<script> [1562 bytes]","args":[{"selector":{"controlType":"sap.m.SearchField","properties":{"placeholder":"Search"},"searchOpenDialogs":true,"interaction":{"idSuffix":"I"}},"wdio_ui5_key":"sapm.SearchField{\"placeholder\":\"Search\"}"}]}
RESULT: {"script":"<script> [1562 bytes]","args":[{"selector":{"controlType":"sap.m.SearchField","properties":{"placeholder":"Search"},"searchOpenDialogs":true,"interaction":{"idSuffix":"I"}},"wdio_ui5_key":"sapm.SearchField{\"placeholder\":\"Search\"}"}]}
RESULT: undefined
COMMAND: POST /session/87d62074a4cb28b4ac0fd763e82d6371/execute/async - {"script":"<script> [776 bytes]","args":[{"enterText":"10001013","selector":{"controlType":"sap.m.SearchField","properties":{"placeholder":"Search"},"searchOpenDialogs":true,"interaction":{"idSuffix":"I"}},"clearTextFirst":true,"interactionType":"ENTER_TEXT"}]}
RESULT: {"script":"<script> [776 bytes]","args":[{"enterText":"10001013","selector":{"controlType":"sap.m.SearchField","properties":{"placeholder":"Search"},"searchOpenDialogs":true,"interaction":{"idSuffix":"I"}},"clearTextFirst":true,"interactionType":"ENTER_TEXT"}]}
COMMAND: POST /session/87d62074a4cb28b4ac0fd763e82d6371/actions - {"actions":[{"id":"action2","type":"key","parameters":{},"actions":[{"type":"keyDown","value":""},{"type":"pause","duration":10},{"type":"keyUp","value":""}]}]}
RESULT: {"actions":[{"id":"action2","type":"key","parameters":{},"actions":[{"type":"keyDown","value":""},{"type":"pause","duration":10},{"type":"keyUp","value":""}]}]}
COMMAND: GET /session/87d62074a4cb28b4ac0fd763e82d6371/screenshot - {}
RESULT: {}
COMMAND: POST /session/87d62074a4cb28b4ac0fd763e82d6371/element - {"using":"xpath","value":"//span[contains(text(), \"General Management\")]"}
RESULT: {"using":"xpath","value":"//span[contains(text(), \"General Management\")]"}
COMMAND: POST /session/87d62074a4cb28b4ac0fd763e82d6371/element/f.62693C2623AD3835EDB30C63D0026C38.d.76360024429B0EA0D1FC4A64F361FA4D.e.637/click - {}
RESULT: {}
COMMAND: GET /session/87d62074a4cb28b4ac0fd763e82d6371/screenshot - {}
RESULT: {}
COMMAND: POST /session/87d62074a4cb28b4ac0fd763e82d6371/element - {"using":"xpath","value":"//bdi[contains(text(), \"OK\")]"}
RESULT: {"using":"xpath","value":"//bdi[contains(text(), \"OK\")]"}
COMMAND: POST /session/87d62074a4cb28b4ac0fd763e82d6371/element/f.62693C2623AD3835EDB30C63D0026C38.d.76360024429B0EA0D1FC4A64F361FA4D.e.638/click - {}
RESULT: {}
COMMAND: GET /session/87d62074a4cb28b4ac0fd763e82d6371/screenshot - {}
RESULT: {}
COMMAND: POST /session/87d62074a4cb28b4ac0fd763e82d6371/execute/async - {"script":"<script> [1562 bytes]","args":[{"selector":{"controlType":"sap.m.Button","viewName":"etm.portal.ui.manageyards.view.New","viewId":"application-manageyards-display-component---NewYard","i18NText":{"propertyName":"text","key":"save"},"interaction":{"idSuffix":"inner"}},"wdio_ui5_key":"etmportal.ui.manageyards.view.Newsap.m.Button{\"propertyName\":\"text\",\"key\":\"save\"}"}]}
RESULT: {"script":"<script> [1562 bytes]","args":[{"selector":{"controlType":"sap.m.Button","viewName":"etm.portal.ui.manageyards.view.New","viewId":"application-manageyards-display-component---NewYard","i18NText":{"propertyName":"text","key":"save"},"interaction":{"idSuffix":"inner"}},"wdio_ui5_key":"etmportal.ui.manageyards.view.Newsap.m.Button{\"propertyName\":\"text\",\"key\":\"save\"}"}]}
RESULT: undefined
COMMAND: POST /session/87d62074a4cb28b4ac0fd763e82d6371/element - {"using":"xpath","value":"//*[@id=\"__button18\"]"}
RESULT: {"using":"xpath","value":"//*[@id=\"__button18\"]"}
COMMAND: POST /session/87d62074a4cb28b4ac0fd763e82d6371/element/f.62693C2623AD3835EDB30C63D0026C38.d.76360024429B0EA0D1FC4A64F361FA4D.e.557/click - {}
RESULT: {}
COMMAND: GET /session/87d62074a4cb28b4ac0fd763e82d6371/screenshot - {}
RESULT: {}
COMMAND: POST /session/87d62074a4cb28b4ac0fd763e82d6371/element - {"using":"xpath","value":"//header/div/div[2]/div[2]/span"}
RESULT: {"using":"xpath","value":"//header/div/div[2]/div[2]/span"}
COMMAND: GET /session/87d62074a4cb28b4ac0fd763e82d6371/element/f.62693C2623AD3835EDB30C63D0026C38.d.76360024429B0EA0D1FC4A64F361FA4D.e.837/text - {}
RESULT: {}
COMMAND: POST /session/87d62074a4cb28b4ac0fd763e82d6371/execute/async - {"script":"<script> [1562 bytes]","args":[{"selector":{"controlType":"sap.m.OverflowToolbarButton","viewName":"etm.portal.ui.manageyards.view.Detail","viewId":"application-manageyards-display-component---detailYard","i18NText":{"propertyName":"tooltip","key":"closeColumn"},"interaction":{"idSuffix":"inner"}},"wdio_ui5_key":"etmportal.ui.manageyards.view.Detailsap.m.OverflowToolbarButton{\"propertyName\":\"tooltip\",\"key\":\"closeColumn\"}"}]}
RESULT: {"script":"<script> [1562 bytes]","args":[{"selector":{"controlType":"sap.m.OverflowToolbarButton","viewName":"etm.portal.ui.manageyards.view.Detail","viewId":"application-manageyards-display-component---detailYard","i18NText":{"propertyName":"tooltip","key":"closeColumn"},"interaction":{"idSuffix":"inner"}},"wdio_ui5_key":"etmportal.ui.manageyards.view.Detailsap.m.OverflowToolbarButton{\"propertyName\":\"tooltip\",\"key\":\"closeColumn\"}"}]}
RESULT: undefined
COMMAND: POST /session/87d62074a4cb28b4ac0fd763e82d6371/element - {"using":"xpath","value":"//*[@id=\"__button42\"]"}
RESULT: {"using":"xpath","value":"//*[@id=\"__button42\"]"}
COMMAND: POST /session/87d62074a4cb28b4ac0fd763e82d6371/element/f.62693C2623AD3835EDB30C63D0026C38.d.76360024429B0EA0D1FC4A64F361FA4D.e.839/click - {}
RESULT: {}
COMMAND: GET /session/87d62074a4cb28b4ac0fd763e82d6371/screenshot - {}
RESULT: {}
COMMAND: POST /session/87d62074a4cb28b4ac0fd763e82d6371/element - {"using":"css selector","value":"#shell-header-logo"}
RESULT: {"using":"css selector","value":"#shell-header-logo"}
COMMAND: POST /session/87d62074a4cb28b4ac0fd763e82d6371/element/f.62693C2623AD3835EDB30C63D0026C38.d.76360024429B0EA0D1FC4A64F361FA4D.e.118/click - {}
RESULT: {}
COMMAND: GET /session/87d62074a4cb28b4ac0fd763e82d6371/screenshot - {}
RESULT: {}
COMMAND: POST /session/87d62074a4cb28b4ac0fd763e82d6371/refresh - {}
RESULT: {}
COMMAND: GET /session/87d62074a4cb28b4ac0fd763e82d6371/screenshot - {}
RESULT: {}
COMMAND: POST /session/87d62074a4cb28b4ac0fd763e82d6371/execute/async - {"script":"<script> [189 bytes]","args":[]}
RESULT: {"script":"<script> [189 bytes]","args":[]}
COMMAND: POST /session/87d62074a4cb28b4ac0fd763e82d6371/execute/async - {"script":"<script> [123 bytes]","args":[]}
RESULT: {"script":"<script> [123 bytes]","args":[]}
COMMAND: POST /session/87d62074a4cb28b4ac0fd763e82d6371/timeouts - {"script":"<number>"}
RESULT: {"script":"<number>"}
COMMAND: GET /session/87d62074a4cb28b4ac0fd763e82d6371/timeouts - {}
RESULT: {}
RESULT: undefined
COMMAND: POST /session/87d62074a4cb28b4ac0fd763e82d6371/execute/async - {"script":"<script> [2676 bytes]","args":[]}
RESULT: {"script":"<script> [2676 bytes]","args":[]}
COMMAND: POST /session/87d62074a4cb28b4ac0fd763e82d6371/execute/async - {"script":"<script> [2342 bytes]","args":[{"protocol":"http","hostname":"0.0.0.0","path":"/","capabilities":{"browserName":"chrome","goog:chromeOptions":{"binary":"C:\\Program Files\\Google\\Chrome\\Application\\chrome.exe","args":["--start-maximized"]}},"logLevel":"warn","connectionRetryTimeout":120000,"connectionRetryCount":3,"logLevels":{},"enableDirectConnect":true,"strictSSL":true,"_":"65 more keys: [\"cacheDir\",\"port\",\"requestedCapabilities\",\"automationProtocol\",\"baseUrl\",\"waitforInterval\",\"waitforTimeout\",\"onReload\",\"beforeCommand\",\"afterCommand\",\"rootDir\",\"specs\",\"suites\",\"exclude\",\"groupLogsByTestSpec\",\"excludeDriverLogs\",\"bail\",\"framework\",\"reporters\",\"services\",\"maxInstances\",\"maxInstancesPerCapability\",\"injectGlobals\",\"filesToWatch\",\"execArgv\",\"runnerEnv\",\"runner\",\"shard\",\"specFileRetries\",\"specFileRetriesDelay\",\"specFileRetriesDeferred\",\"reporterSyncInterval\",\"reporterSyncTimeout\",\"cucumberFeaturesWithLineNumbers\",\"autoCompileOpts\",\"mochaOpts\",\"jasmineOpts\",\"cucumberOpts\",\"onPrepare\",\"onWorkerStart\",\"onWorkerEnd\",\"before\",\"beforeSession\",\"beforeSuite\",\"beforeHook\",\"beforeTest\",\"afterTest\",\"afterHook\",\"afterSuite\",\"afterSession\",\"after\",\"onComplete\",\"beforeAssertion\",\"afterAssertion\",\"beforeFeature\",\"beforeScenario\",\"beforeStep\",\"afterStep\",\"afterScenario\",\"afterFeature\",\"_\",\"suite\",\"$0\",\"ignoredWorkerServices\",\"wdi5\"]"}]}
RESULT: {"script":"<script> [2342 bytes]","args":[{"protocol":"http","hostname":"0.0.0.0","path":"/","capabilities":{"browserName":"chrome","goog:chromeOptions":{"binary":"C:\\Program Files\\Google\\Chrome\\Application\\chrome.exe","args":["--start-maximized"]}},"logLevel":"warn","connectionRetryTimeout":120000,"connectionRetryCount":3,"logLevels":{},"enableDirectConnect":true,"strictSSL":true,"_":"65 more keys: [\"cacheDir\",\"port\",\"requestedCapabilities\",\"automationProtocol\",\"baseUrl\",\"waitforInterval\",\"waitforTimeout\",\"onReload\",\"beforeCommand\",\"afterCommand\",\"rootDir\",\"specs\",\"suites\",\"exclude\",\"groupLogsByTestSpec\",\"excludeDriverLogs\",\"bail\",\"framework\",\"reporters\",\"services\",\"maxInstances\",\"maxInstancesPerCapability\",\"injectGlobals\",\"filesToWatch\",\"execArgv\",\"runnerEnv\",\"runner\",\"shard\",\"specFileRetries\",\"specFileRetriesDelay\",\"specFileRetriesDeferred\",\"reporterSyncInterval\",\"reporterSyncTimeout\",\"cucumberFeaturesWithLineNumbers\",\"autoCompileOpts\",\"mochaOpts\",\"jasmineOpts\",\"cucumberOpts\",\"onPrepare\",\"onWorkerStart\",\"onWorkerEnd\",\"before\",\"beforeSession\",\"beforeSuite\",\"beforeHook\",\"beforeTest\",\"afterTest\",\"afterHook\",\"afterSuite\",\"afterSession\",\"after\",\"onComplete\",\"beforeAssertion\",\"afterAssertion\",\"beforeFeature\",\"beforeScenario\",\"beforeStep\",\"afterStep\",\"afterScenario\",\"afterFeature\",\"_\",\"suite\",\"$0\",\"ignoredWorkerServices\",\"wdi5\"]"}]}
COMMAND: POST /session/87d62074a4cb28b4ac0fd763e82d6371/execute/async - {"script":"<script> [21126 bytes]","args":[35000]}
RESULT: {"script":"<script> [21126 bytes]","args":[35000]}
]]></system-out>
    </testcase>
    <testcase classname="chrome.137_0_7151_69.windows.Manage_Requests_Tags_Tests_US120163" name="Should create a new partner" time="84.94">
      <system-out><![CDATA[
COMMAND: POST /session/87d62074a4cb28b4ac0fd763e82d6371/execute/async - {"script":"<script> [1562 bytes]","args":[{"selector":{"controlType":"sap.m.GenericTile","properties":{"header":"Manage Partners"}},"wdio_ui5_key":"sapm.GenericTile{\"header\":\"Manage Partners\"}"}]}
RESULT: {"script":"<script> [1562 bytes]","args":[{"selector":{"controlType":"sap.m.GenericTile","properties":{"header":"Manage Partners"}},"wdio_ui5_key":"sapm.GenericTile{\"header\":\"Manage Partners\"}"}]}
RESULT: undefined
COMMAND: POST /session/87d62074a4cb28b4ac0fd763e82d6371/element - {"using":"xpath","value":"//*[@id=\"__tile39\"]"}
RESULT: {"using":"xpath","value":"//*[@id=\"__tile39\"]"}
COMMAND: POST /session/87d62074a4cb28b4ac0fd763e82d6371/element/f.62693C2623AD3835EDB30C63D0026C38.d.7D62EEC6F13079523F290CFC00795F2E.e.1193/click - {}
RESULT: {}
COMMAND: GET /session/87d62074a4cb28b4ac0fd763e82d6371/screenshot - {}
RESULT: {}
COMMAND: POST /session/87d62074a4cb28b4ac0fd763e82d6371/elements - {"using":"xpath","value":"//span[text()='Error']"}
RESULT: {"using":"xpath","value":"//span[text()='Error']"}
COMMAND: POST /session/87d62074a4cb28b4ac0fd763e82d6371/execute/async - {"script":"<script> [1562 bytes]","args":[{"selector":{"controlType":"sap.ui.core.Icon","viewName":"etm.portal.ui.managepartners.view.Master","viewId":"application-managepartners-display-component---masterPtm","properties":{"src":{"regex":{"source":"add"}}}},"wdio_ui5_key":"etmportal.ui.managepartners.view.Mastersap.ui.core.Icon{\"src\":{\"regex\":{\"source\":\"add\"}}}"}]}
RESULT: {"script":"<script> [1562 bytes]","args":[{"selector":{"controlType":"sap.ui.core.Icon","viewName":"etm.portal.ui.managepartners.view.Master","viewId":"application-managepartners-display-component---masterPtm","properties":{"src":{"regex":{"source":"add"}}}},"wdio_ui5_key":"etmportal.ui.managepartners.view.Mastersap.ui.core.Icon{\"src\":{\"regex\":{\"source\":\"add\"}}}"}]}
RESULT: undefined
COMMAND: POST /session/87d62074a4cb28b4ac0fd763e82d6371/element - {"using":"xpath","value":"//*[@id=\"__button4-img\"]"}
RESULT: {"using":"xpath","value":"//*[@id=\"__button4-img\"]"}
COMMAND: POST /session/87d62074a4cb28b4ac0fd763e82d6371/element/f.62693C2623AD3835EDB30C63D0026C38.d.7D62EEC6F13079523F290CFC00795F2E.e.1244/click - {}
RESULT: {}
COMMAND: GET /session/87d62074a4cb28b4ac0fd763e82d6371/screenshot - {}
RESULT: {}
COMMAND: POST /session/87d62074a4cb28b4ac0fd763e82d6371/execute/async - {"script":"<script> [1562 bytes]","args":[{"selector":{"id":"application-managepartners-display-component---NewPartner--partnerId","interaction":{"idSuffix":"inner"}},"wdio_ui5_key":"applicationmanagepartners-display-component---NewPartner--partnerId"}]}
RESULT: {"script":"<script> [1562 bytes]","args":[{"selector":{"id":"application-managepartners-display-component---NewPartner--partnerId","interaction":{"idSuffix":"inner"}},"wdio_ui5_key":"applicationmanagepartners-display-component---NewPartner--partnerId"}]}
RESULT: undefined
COMMAND: POST /session/87d62074a4cb28b4ac0fd763e82d6371/execute/async - {"script":"<script> [1562 bytes]","args":[{"selector":{"id":"application-managepartners-display-component---NewPartner--addressDetailDetailsName1","interaction":{"idSuffix":"inner"}},"wdio_ui5_key":"applicationmanagepartners-display-component---NewPartner--addressDetailDetailsName1"}]}
RESULT: {"script":"<script> [1562 bytes]","args":[{"selector":{"id":"application-managepartners-display-component---NewPartner--addressDetailDetailsName1","interaction":{"idSuffix":"inner"}},"wdio_ui5_key":"applicationmanagepartners-display-component---NewPartner--addressDetailDetailsName1"}]}
RESULT: undefined
COMMAND: POST /session/87d62074a4cb28b4ac0fd763e82d6371/execute/async - {"script":"<script> [776 bytes]","args":[{"enterText":"WebdriverPartnerg5xni","selector":{"id":"application-managepartners-display-component---NewPartner--addressDetailDetailsName1","interaction":{"idSuffix":"inner"}},"clearTextFirst":true,"interactionType":"ENTER_TEXT"}]}
RESULT: {"script":"<script> [776 bytes]","args":[{"enterText":"WebdriverPartnerg5xni","selector":{"id":"application-managepartners-display-component---NewPartner--addressDetailDetailsName1","interaction":{"idSuffix":"inner"}},"clearTextFirst":true,"interactionType":"ENTER_TEXT"}]}
COMMAND: POST /session/87d62074a4cb28b4ac0fd763e82d6371/execute/async - {"script":"<script> [1562 bytes]","args":[{"selector":{"id":"application-managepartners-display-component---NewPartner--addressDetailDetailsLanguage","interaction":{"idSuffix":"inner"}},"wdio_ui5_key":"applicationmanagepartners-display-component---NewPartner--addressDetailDetailsLanguage"}]}
RESULT: {"script":"<script> [1562 bytes]","args":[{"selector":{"id":"application-managepartners-display-component---NewPartner--addressDetailDetailsLanguage","interaction":{"idSuffix":"inner"}},"wdio_ui5_key":"applicationmanagepartners-display-component---NewPartner--addressDetailDetailsLanguage"}]}
RESULT: undefined
COMMAND: POST /session/87d62074a4cb28b4ac0fd763e82d6371/execute/async - {"script":"<script> [776 bytes]","args":[{"enterText":"Romanian","selector":{"id":"application-managepartners-display-component---NewPartner--addressDetailDetailsLanguage","interaction":{"idSuffix":"inner"}},"clearTextFirst":true,"interactionType":"ENTER_TEXT"}]}
RESULT: {"script":"<script> [776 bytes]","args":[{"enterText":"Romanian","selector":{"id":"application-managepartners-display-component---NewPartner--addressDetailDetailsLanguage","interaction":{"idSuffix":"inner"}},"clearTextFirst":true,"interactionType":"ENTER_TEXT"}]}
COMMAND: POST /session/87d62074a4cb28b4ac0fd763e82d6371/element - {"using":"xpath","value":"//input[contains(@id ,\"application-managepartners-display-component---NewPartner--addressDetailDetailsName1-inner\")]"}
RESULT: {"using":"xpath","value":"//input[contains(@id ,\"application-managepartners-display-component---NewPartner--addressDetailDetailsName1-inner\")]"}
COMMAND: GET /session/87d62074a4cb28b4ac0fd763e82d6371/element/f.62693C2623AD3835EDB30C63D0026C38.d.7D62EEC6F13079523F290CFC00795F2E.e.1418/property/value - {}
RESULT: {}
COMMAND: POST /session/87d62074a4cb28b4ac0fd763e82d6371/execute/async - {"script":"<script> [1562 bytes]","args":[{"selector":{"id":"application-managepartners-display-component---NewPartner--addressDetailDetailsCity1","interaction":{"idSuffix":"inner"}},"wdio_ui5_key":"applicationmanagepartners-display-component---NewPartner--addressDetailDetailsCity1"}]}
COMMAND: GET /session/87d62074a4cb28b4ac0fd763e82d6371/screenshot - {}
RESULT: {"script":"<script> [1562 bytes]","args":[{"selector":{"id":"application-managepartners-display-component---NewPartner--addressDetailDetailsCity1","interaction":{"idSuffix":"inner"}},"wdio_ui5_key":"applicationmanagepartners-display-component---NewPartner--addressDetailDetailsCity1"}]}
RESULT: undefined
COMMAND: POST /session/87d62074a4cb28b4ac0fd763e82d6371/execute/async - {"script":"<script> [776 bytes]","args":[{"enterText":"Bucharest","selector":{"id":"application-managepartners-display-component---NewPartner--addressDetailDetailsCity1","interaction":{"idSuffix":"inner"}},"clearTextFirst":true,"interactionType":"ENTER_TEXT"}]}
RESULT: {}
RESULT: {"script":"<script> [776 bytes]","args":[{"enterText":"Bucharest","selector":{"id":"application-managepartners-display-component---NewPartner--addressDetailDetailsCity1","interaction":{"idSuffix":"inner"}},"clearTextFirst":true,"interactionType":"ENTER_TEXT"}]}
COMMAND: POST /session/87d62074a4cb28b4ac0fd763e82d6371/execute/async - {"script":"<script> [1562 bytes]","args":[{"selector":{"id":"application-managepartners-display-component---NewPartner--addressDetailDetailsCountry","interaction":{"idSuffix":"inner"}},"wdio_ui5_key":"applicationmanagepartners-display-component---NewPartner--addressDetailDetailsCountry"}]}
RESULT: {"script":"<script> [1562 bytes]","args":[{"selector":{"id":"application-managepartners-display-component---NewPartner--addressDetailDetailsCountry","interaction":{"idSuffix":"inner"}},"wdio_ui5_key":"applicationmanagepartners-display-component---NewPartner--addressDetailDetailsCountry"}]}
RESULT: undefined
COMMAND: POST /session/87d62074a4cb28b4ac0fd763e82d6371/execute/async - {"script":"<script> [6424 bytes]","args":[{"element-6066-11e4-a52e-4f735466cecf":"f.62693C2623AD3835EDB30C63D0026C38.d.7D62EEC6F13079523F290CFC00795F2E.e.1425"},"setValue",["Romania"]]}
RESULT: {"script":"<script> [6424 bytes]","args":[{"element-6066-11e4-a52e-4f735466cecf":"f.62693C2623AD3835EDB30C63D0026C38.d.7D62EEC6F13079523F290CFC00795F2E.e.1425"},"setValue",["Romania"]]}
COMMAND: POST /session/87d62074a4cb28b4ac0fd763e82d6371/execute/async - {"script":"<script> [1562 bytes]","args":[{"selector":{"id":"application-managepartners-display-component---NewPartner--partnerDetailInternal","interaction":{"idSuffix":"inner"}},"wdio_ui5_key":"applicationmanagepartners-display-component---NewPartner--partnerDetailInternal"}]}
RESULT: {"script":"<script> [1562 bytes]","args":[{"selector":{"id":"application-managepartners-display-component---NewPartner--partnerDetailInternal","interaction":{"idSuffix":"inner"}},"wdio_ui5_key":"applicationmanagepartners-display-component---NewPartner--partnerDetailInternal"}]}
RESULT: undefined
COMMAND: POST /session/87d62074a4cb28b4ac0fd763e82d6371/execute/async - {"script":"<script> [776 bytes]","args":[{"enterText":"External partner","selector":{"id":"application-managepartners-display-component---NewPartner--partnerDetailInternal","interaction":{"idSuffix":"inner"}},"clearTextFirst":true,"interactionType":"ENTER_TEXT"}]}
RESULT: {"script":"<script> [776 bytes]","args":[{"enterText":"External partner","selector":{"id":"application-managepartners-display-component---NewPartner--partnerDetailInternal","interaction":{"idSuffix":"inner"}},"clearTextFirst":true,"interactionType":"ENTER_TEXT"}]}
COMMAND: POST /session/87d62074a4cb28b4ac0fd763e82d6371/execute/async - {"script":"<script> [1562 bytes]","args":[{"selector":{"id":"application-managepartners-display-component---NewPartner--partnerDetailsCurrency","interaction":{"idSuffix":"inner"}},"wdio_ui5_key":"applicationmanagepartners-display-component---NewPartner--partnerDetailsCurrency"}]}
RESULT: {"script":"<script> [1562 bytes]","args":[{"selector":{"id":"application-managepartners-display-component---NewPartner--partnerDetailsCurrency","interaction":{"idSuffix":"inner"}},"wdio_ui5_key":"applicationmanagepartners-display-component---NewPartner--partnerDetailsCurrency"}]}
RESULT: undefined
COMMAND: POST /session/87d62074a4cb28b4ac0fd763e82d6371/execute/async - {"script":"<script> [776 bytes]","args":[{"enterText":"Euro","selector":{"id":"application-managepartners-display-component---NewPartner--partnerDetailsCurrency","interaction":{"idSuffix":"inner"}},"clearTextFirst":true,"interactionType":"ENTER_TEXT"}]}
RESULT: {"script":"<script> [776 bytes]","args":[{"enterText":"Euro","selector":{"id":"application-managepartners-display-component---NewPartner--partnerDetailsCurrency","interaction":{"idSuffix":"inner"}},"clearTextFirst":true,"interactionType":"ENTER_TEXT"}]}
COMMAND: POST /session/87d62074a4cb28b4ac0fd763e82d6371/execute/async - {"script":"<script> [1562 bytes]","args":[{"selector":{"controlType":"sap.m.Button","viewName":"etm.portal.ui.managepartners.view.NewPartner","viewId":"application-managepartners-display-component---NewPartner","properties":{"text":"Commercial"},"interaction":{"idSuffix":"BDI-content"}},"wdio_ui5_key":"etmportal.ui.managepartners.view.NewPartnersap.m.Button{\"text\":\"Commercial\"}"}]}
RESULT: {"script":"<script> [1562 bytes]","args":[{"selector":{"controlType":"sap.m.Button","viewName":"etm.portal.ui.managepartners.view.NewPartner","viewId":"application-managepartners-display-component---NewPartner","properties":{"text":"Commercial"},"interaction":{"idSuffix":"BDI-content"}},"wdio_ui5_key":"etmportal.ui.managepartners.view.NewPartnersap.m.Button{\"text\":\"Commercial\"}"}]}
RESULT: undefined
COMMAND: POST /session/87d62074a4cb28b4ac0fd763e82d6371/element - {"using":"xpath","value":"//*[@id=\"application-managepartners-display-component---NewPartner--ObjectPageLayout-anchBar-__section5-anchor\"]"}
RESULT: {"using":"xpath","value":"//*[@id=\"application-managepartners-display-component---NewPartner--ObjectPageLayout-anchBar-__section5-anchor\"]"}
COMMAND: POST /session/87d62074a4cb28b4ac0fd763e82d6371/element/f.62693C2623AD3835EDB30C63D0026C38.d.7D62EEC6F13079523F290CFC00795F2E.e.1662/click - {}
RESULT: {}
COMMAND: GET /session/87d62074a4cb28b4ac0fd763e82d6371/screenshot - {}
RESULT: {}
COMMAND: POST /session/87d62074a4cb28b4ac0fd763e82d6371/execute/async - {"script":"<script> [1562 bytes]","args":[{"selector":{"id":"application-managepartners-display-component---NewPartner--btnAddTableRow-img"},"wdio_ui5_key":"applicationmanagepartners-display-component---NewPartner--btnAddTableRow-img"}]}
RESULT: {"script":"<script> [1562 bytes]","args":[{"selector":{"id":"application-managepartners-display-component---NewPartner--btnAddTableRow-img"},"wdio_ui5_key":"applicationmanagepartners-display-component---NewPartner--btnAddTableRow-img"}]}
RESULT: undefined
COMMAND: POST /session/87d62074a4cb28b4ac0fd763e82d6371/element - {"using":"xpath","value":"//*[@id=\"application-managepartners-display-component---NewPartner--btnAddTableRow-img\"]"}
RESULT: {"using":"xpath","value":"//*[@id=\"application-managepartners-display-component---NewPartner--btnAddTableRow-img\"]"}
COMMAND: POST /session/87d62074a4cb28b4ac0fd763e82d6371/element/f.62693C2623AD3835EDB30C63D0026C38.d.7D62EEC6F13079523F290CFC00795F2E.e.1668/click - {}
RESULT: {}
COMMAND: POST /session/87d62074a4cb28b4ac0fd763e82d6371/element - {"using":"xpath","value":"//input[contains(@id ,\"application-managepartners-display-component---NewPartner--assignmentYard-application-managepartners-display-component---NewPartner\")]"}
COMMAND: GET /session/87d62074a4cb28b4ac0fd763e82d6371/screenshot - {}
RESULT: {"using":"xpath","value":"//input[contains(@id ,\"application-managepartners-display-component---NewPartner--assignmentYard-application-managepartners-display-component---NewPartner\")]"}
COMMAND: POST /session/87d62074a4cb28b4ac0fd763e82d6371/element/f.62693C2623AD3835EDB30C63D0026C38.d.7D62EEC6F13079523F290CFC00795F2E.e.1673/clear - {}
RESULT: {}
RESULT: {}
COMMAND: POST /session/87d62074a4cb28b4ac0fd763e82d6371/element/f.62693C2623AD3835EDB30C63D0026C38.d.7D62EEC6F13079523F290CFC00795F2E.e.1673/value - {"text":"WebdriverYardcxril"}
COMMAND: GET /session/87d62074a4cb28b4ac0fd763e82d6371/screenshot - {}
RESULT: {"text":"WebdriverYardcxril"}
COMMAND: GET /session/87d62074a4cb28b4ac0fd763e82d6371/screenshot - {}
RESULT: {}
RESULT: {}
COMMAND: POST /session/87d62074a4cb28b4ac0fd763e82d6371/execute/async - {"script":"<script> [1562 bytes]","args":[{"selector":{"controlType":"sap.m.Button","viewName":"etm.portal.ui.managepartners.view.NewPartner","viewId":"application-managepartners-display-component---NewPartner","i18NText":{"propertyName":"text","key":"save"},"interaction":{"idSuffix":"BDI-content"}},"wdio_ui5_key":"etmportal.ui.managepartners.view.NewPartnersap.m.Button{\"propertyName\":\"text\",\"key\":\"save\"}"}]}
RESULT: {"script":"<script> [1562 bytes]","args":[{"selector":{"controlType":"sap.m.Button","viewName":"etm.portal.ui.managepartners.view.NewPartner","viewId":"application-managepartners-display-component---NewPartner","i18NText":{"propertyName":"text","key":"save"},"interaction":{"idSuffix":"BDI-content"}},"wdio_ui5_key":"etmportal.ui.managepartners.view.NewPartnersap.m.Button{\"propertyName\":\"text\",\"key\":\"save\"}"}]}
RESULT: undefined
COMMAND: POST /session/87d62074a4cb28b4ac0fd763e82d6371/element - {"using":"xpath","value":"//*[@id=\"__button12\"]"}
RESULT: {"using":"xpath","value":"//*[@id=\"__button12\"]"}
COMMAND: POST /session/87d62074a4cb28b4ac0fd763e82d6371/element/f.62693C2623AD3835EDB30C63D0026C38.d.7D62EEC6F13079523F290CFC00795F2E.e.1623/click - {}
RESULT: {}
COMMAND: GET /session/87d62074a4cb28b4ac0fd763e82d6371/screenshot - {}
RESULT: {}
COMMAND: POST /session/87d62074a4cb28b4ac0fd763e82d6371/element - {"using":"xpath","value":"//header/div/div[2]/div[2]/span"}
RESULT: {"using":"xpath","value":"//header/div/div[2]/div[2]/span"}
COMMAND: GET /session/87d62074a4cb28b4ac0fd763e82d6371/element/f.62693C2623AD3835EDB30C63D0026C38.d.7D62EEC6F13079523F290CFC00795F2E.e.1843/text - {}
RESULT: {}
COMMAND: POST /session/87d62074a4cb28b4ac0fd763e82d6371/element - {"using":"xpath","value":"//header/div/div/div/div/div/div[2]/div/span"}
RESULT: {"using":"xpath","value":"//header/div/div/div/div/div/div[2]/div/span"}
COMMAND: GET /session/87d62074a4cb28b4ac0fd763e82d6371/element/f.62693C2623AD3835EDB30C63D0026C38.d.7D62EEC6F13079523F290CFC00795F2E.e.1844/text - {}
RESULT: {}
COMMAND: POST /session/87d62074a4cb28b4ac0fd763e82d6371/execute/async - {"script":"<script> [1562 bytes]","args":[{"selector":{"id":"application-managepartners-display-component---detailPtm--partnerType"},"wdio_ui5_key":"applicationmanagepartners-display-component---detailPtm--partnerType"}]}
RESULT: {"script":"<script> [1562 bytes]","args":[{"selector":{"id":"application-managepartners-display-component---detailPtm--partnerType"},"wdio_ui5_key":"applicationmanagepartners-display-component---detailPtm--partnerType"}]}
RESULT: undefined
COMMAND: POST /session/87d62074a4cb28b4ac0fd763e82d6371/execute/async - {"script":"<script> [6424 bytes]","args":[{"element-6066-11e4-a52e-4f735466cecf":"f.62693C2623AD3835EDB30C63D0026C38.d.7D62EEC6F13079523F290CFC00795F2E.e.1845"},"getText",[]]}
RESULT: {"script":"<script> [6424 bytes]","args":[{"element-6066-11e4-a52e-4f735466cecf":"f.62693C2623AD3835EDB30C63D0026C38.d.7D62EEC6F13079523F290CFC00795F2E.e.1845"},"getText",[]]}
COMMAND: POST /session/87d62074a4cb28b4ac0fd763e82d6371/element - {"using":"css selector","value":"#shell-header-logo"}
RESULT: {"using":"css selector","value":"#shell-header-logo"}
COMMAND: POST /session/87d62074a4cb28b4ac0fd763e82d6371/element/f.62693C2623AD3835EDB30C63D0026C38.d.7D62EEC6F13079523F290CFC00795F2E.e.1196/click - {}
RESULT: {}
COMMAND: GET /session/87d62074a4cb28b4ac0fd763e82d6371/screenshot - {}
RESULT: {}
]]></system-out>
    </testcase>
    <testcase classname="chrome.137_0_7151_69.windows.Manage_Requests_Tags_Tests_US120163" name="Should create a new site" time="100.229">
      <system-out><![CDATA[
COMMAND: POST /session/87d62074a4cb28b4ac0fd763e82d6371/execute/async - {"script":"<script> [1562 bytes]","args":[{"selector":{"controlType":"sap.m.GenericTile","properties":{"header":"Manage Sites"}},"wdio_ui5_key":"sapm.GenericTile{\"header\":\"Manage Sites\"}"}]}
RESULT: {"script":"<script> [1562 bytes]","args":[{"selector":{"controlType":"sap.m.GenericTile","properties":{"header":"Manage Sites"}},"wdio_ui5_key":"sapm.GenericTile{\"header\":\"Manage Sites\"}"}]}
RESULT: undefined
COMMAND: POST /session/87d62074a4cb28b4ac0fd763e82d6371/element - {"using":"xpath","value":"//*[@id=\"__tile41\"]"}
RESULT: {"using":"xpath","value":"//*[@id=\"__tile41\"]"}
COMMAND: POST /session/87d62074a4cb28b4ac0fd763e82d6371/element/f.62693C2623AD3835EDB30C63D0026C38.d.7D62EEC6F13079523F290CFC00795F2E.e.1847/click - {}
RESULT: {}
COMMAND: GET /session/87d62074a4cb28b4ac0fd763e82d6371/screenshot - {}
RESULT: {}
COMMAND: POST /session/87d62074a4cb28b4ac0fd763e82d6371/elements - {"using":"xpath","value":"//span[text()='Error']"}
RESULT: {"using":"xpath","value":"//span[text()='Error']"}
COMMAND: POST /session/87d62074a4cb28b4ac0fd763e82d6371/execute/async - {"script":"<script> [1562 bytes]","args":[{"selector":{"controlType":"sap.ui.core.Icon","viewName":"etm.portal.ui.managesites.view.Master","viewId":"application-managesites-display-component---masterSite","properties":{"src":{"regex":{"source":"add"}}}},"wdio_ui5_key":"etmportal.ui.managesites.view.Mastersap.ui.core.Icon{\"src\":{\"regex\":{\"source\":\"add\"}}}"}]}
RESULT: {"script":"<script> [1562 bytes]","args":[{"selector":{"controlType":"sap.ui.core.Icon","viewName":"etm.portal.ui.managesites.view.Master","viewId":"application-managesites-display-component---masterSite","properties":{"src":{"regex":{"source":"add"}}}},"wdio_ui5_key":"etmportal.ui.managesites.view.Mastersap.ui.core.Icon{\"src\":{\"regex\":{\"source\":\"add\"}}}"}]}
RESULT: undefined
COMMAND: POST /session/87d62074a4cb28b4ac0fd763e82d6371/element - {"using":"xpath","value":"//*[@id=\"__button52-img\"]"}
RESULT: {"using":"xpath","value":"//*[@id=\"__button52-img\"]"}
COMMAND: POST /session/87d62074a4cb28b4ac0fd763e82d6371/element/f.62693C2623AD3835EDB30C63D0026C38.d.7D62EEC6F13079523F290CFC00795F2E.e.1894/click - {}
RESULT: {}
COMMAND: POST /session/87d62074a4cb28b4ac0fd763e82d6371/execute/async - {"script":"<script> [1562 bytes]","args":[{"selector":{"id":"application-managesites-display-component---NewSite--siteId","interaction":{"idSuffix":"inner"}},"wdio_ui5_key":"applicationmanagesites-display-component---NewSite--siteId"}]}
COMMAND: GET /session/87d62074a4cb28b4ac0fd763e82d6371/screenshot - {}
RESULT: {"script":"<script> [1562 bytes]","args":[{"selector":{"id":"application-managesites-display-component---NewSite--siteId","interaction":{"idSuffix":"inner"}},"wdio_ui5_key":"applicationmanagesites-display-component---NewSite--siteId"}]}
RESULT: undefined
COMMAND: POST /session/87d62074a4cb28b4ac0fd763e82d6371/execute/async - {"script":"<script> [1562 bytes]","args":[{"selector":{"id":"application-managesites-display-component---NewSite--addressDetailDetailsName1","interaction":{"idSuffix":"inner"}},"wdio_ui5_key":"applicationmanagesites-display-component---NewSite--addressDetailDetailsName1"}]}
RESULT: {}
RESULT: {"script":"<script> [1562 bytes]","args":[{"selector":{"id":"application-managesites-display-component---NewSite--addressDetailDetailsName1","interaction":{"idSuffix":"inner"}},"wdio_ui5_key":"applicationmanagesites-display-component---NewSite--addressDetailDetailsName1"}]}
RESULT: undefined
COMMAND: POST /session/87d62074a4cb28b4ac0fd763e82d6371/execute/async - {"script":"<script> [776 bytes]","args":[{"enterText":"WebdriverSitenlhvxi","selector":{"id":"application-managesites-display-component---NewSite--addressDetailDetailsName1","interaction":{"idSuffix":"inner"}},"clearTextFirst":true,"interactionType":"ENTER_TEXT"}]}
RESULT: {"script":"<script> [776 bytes]","args":[{"enterText":"WebdriverSitenlhvxi","selector":{"id":"application-managesites-display-component---NewSite--addressDetailDetailsName1","interaction":{"idSuffix":"inner"}},"clearTextFirst":true,"interactionType":"ENTER_TEXT"}]}
COMMAND: POST /session/87d62074a4cb28b4ac0fd763e82d6371/execute/async - {"script":"<script> [1562 bytes]","args":[{"selector":{"id":"application-managesites-display-component---NewSite--addressDetailDetailsLanguage","interaction":{"idSuffix":"inner"}},"wdio_ui5_key":"applicationmanagesites-display-component---NewSite--addressDetailDetailsLanguage"}]}
RESULT: {"script":"<script> [1562 bytes]","args":[{"selector":{"id":"application-managesites-display-component---NewSite--addressDetailDetailsLanguage","interaction":{"idSuffix":"inner"}},"wdio_ui5_key":"applicationmanagesites-display-component---NewSite--addressDetailDetailsLanguage"}]}
RESULT: undefined
COMMAND: POST /session/87d62074a4cb28b4ac0fd763e82d6371/execute/async - {"script":"<script> [776 bytes]","args":[{"enterText":"Romanian","selector":{"id":"application-managesites-display-component---NewSite--addressDetailDetailsLanguage","interaction":{"idSuffix":"inner"}},"clearTextFirst":true,"interactionType":"ENTER_TEXT"}]}
RESULT: {"script":"<script> [776 bytes]","args":[{"enterText":"Romanian","selector":{"id":"application-managesites-display-component---NewSite--addressDetailDetailsLanguage","interaction":{"idSuffix":"inner"}},"clearTextFirst":true,"interactionType":"ENTER_TEXT"}]}
COMMAND: POST /session/87d62074a4cb28b4ac0fd763e82d6371/execute/async - {"script":"<script> [1562 bytes]","args":[{"selector":{"id":"application-managesites-display-component---NewSite--addressDetailDetailsCity1","interaction":{"idSuffix":"inner"}},"wdio_ui5_key":"applicationmanagesites-display-component---NewSite--addressDetailDetailsCity1"}]}
RESULT: {"script":"<script> [1562 bytes]","args":[{"selector":{"id":"application-managesites-display-component---NewSite--addressDetailDetailsCity1","interaction":{"idSuffix":"inner"}},"wdio_ui5_key":"applicationmanagesites-display-component---NewSite--addressDetailDetailsCity1"}]}
RESULT: undefined
COMMAND: POST /session/87d62074a4cb28b4ac0fd763e82d6371/execute/async - {"script":"<script> [776 bytes]","args":[{"enterText":"Bucharest","selector":{"id":"application-managesites-display-component---NewSite--addressDetailDetailsCity1","interaction":{"idSuffix":"inner"}},"clearTextFirst":true,"interactionType":"ENTER_TEXT"}]}
RESULT: {"script":"<script> [776 bytes]","args":[{"enterText":"Bucharest","selector":{"id":"application-managesites-display-component---NewSite--addressDetailDetailsCity1","interaction":{"idSuffix":"inner"}},"clearTextFirst":true,"interactionType":"ENTER_TEXT"}]}
COMMAND: POST /session/87d62074a4cb28b4ac0fd763e82d6371/execute/async - {"script":"<script> [1562 bytes]","args":[{"selector":{"id":"application-managesites-display-component---NewSite--addressDetailDetailsCountry","interaction":{"idSuffix":"inner"}},"wdio_ui5_key":"applicationmanagesites-display-component---NewSite--addressDetailDetailsCountry"}]}
RESULT: {"script":"<script> [1562 bytes]","args":[{"selector":{"id":"application-managesites-display-component---NewSite--addressDetailDetailsCountry","interaction":{"idSuffix":"inner"}},"wdio_ui5_key":"applicationmanagesites-display-component---NewSite--addressDetailDetailsCountry"}]}
RESULT: undefined
COMMAND: POST /session/87d62074a4cb28b4ac0fd763e82d6371/execute/async - {"script":"<script> [776 bytes]","args":[{"enterText":"Romania","selector":{"id":"application-managesites-display-component---NewSite--addressDetailDetailsCountry","interaction":{"idSuffix":"inner"}},"clearTextFirst":true,"interactionType":"ENTER_TEXT"}]}
RESULT: {"script":"<script> [776 bytes]","args":[{"enterText":"Romania","selector":{"id":"application-managesites-display-component---NewSite--addressDetailDetailsCountry","interaction":{"idSuffix":"inner"}},"clearTextFirst":true,"interactionType":"ENTER_TEXT"}]}
COMMAND: POST /session/87d62074a4cb28b4ac0fd763e82d6371/element - {"using":"css selector","value":"#application-managesites-display-component---NewSite--addressDetailDetailsCalendar-inner"}
RESULT: {"using":"css selector","value":"#application-managesites-display-component---NewSite--addressDetailDetailsCalendar-inner"}
COMMAND: POST /session/87d62074a4cb28b4ac0fd763e82d6371/element/f.62693C2623AD3835EDB30C63D0026C38.d.7D62EEC6F13079523F290CFC00795F2E.e.2088/clear - {}
RESULT: {}
COMMAND: POST /session/87d62074a4cb28b4ac0fd763e82d6371/element/f.62693C2623AD3835EDB30C63D0026C38.d.7D62EEC6F13079523F290CFC00795F2E.e.2088/value - {"text":"Germany"}
COMMAND: GET /session/87d62074a4cb28b4ac0fd763e82d6371/screenshot - {}
RESULT: {"text":"Germany"}
COMMAND: POST /session/87d62074a4cb28b4ac0fd763e82d6371/execute/async - {"script":"<script> [1562 bytes]","args":[{"selector":{"id":"application-managesites-display-component---NewSite--addressEditDetailsCostObjectCstType-arrow"},"wdio_ui5_key":"applicationmanagesites-display-component---NewSite--addressEditDetailsCostObjectCstType-arrow"}]}
COMMAND: GET /session/87d62074a4cb28b4ac0fd763e82d6371/screenshot - {}
RESULT: {}
RESULT: {"script":"<script> [1562 bytes]","args":[{"selector":{"id":"application-managesites-display-component---NewSite--addressEditDetailsCostObjectCstType-arrow"},"wdio_ui5_key":"applicationmanagesites-display-component---NewSite--addressEditDetailsCostObjectCstType-arrow"}]}
RESULT: undefined
COMMAND: POST /session/87d62074a4cb28b4ac0fd763e82d6371/element - {"using":"xpath","value":"//*[@id=\"application-managesites-display-component---NewSite--addressEditDetailsCostObjectCstType-arrow\"]"}
RESULT: {}
RESULT: {"using":"xpath","value":"//*[@id=\"application-managesites-display-component---NewSite--addressEditDetailsCostObjectCstType-arrow\"]"}
COMMAND: POST /session/87d62074a4cb28b4ac0fd763e82d6371/element/f.62693C2623AD3835EDB30C63D0026C38.d.7D62EEC6F13079523F290CFC00795F2E.e.2288/click - {}
RESULT: {}
COMMAND: POST /session/87d62074a4cb28b4ac0fd763e82d6371/element - {"using":"xpath","value":"//span[contains(text(), \"Work Breakdown Structure\")]"}
COMMAND: GET /session/87d62074a4cb28b4ac0fd763e82d6371/screenshot - {}
RESULT: {"using":"xpath","value":"//span[contains(text(), \"Work Breakdown Structure\")]"}
COMMAND: POST /session/87d62074a4cb28b4ac0fd763e82d6371/element/f.62693C2623AD3835EDB30C63D0026C38.d.7D62EEC6F13079523F290CFC00795F2E.e.2289/click - {}
RESULT: {}
RESULT: {}
COMMAND: GET /session/87d62074a4cb28b4ac0fd763e82d6371/screenshot - {}
RESULT: {}
RESULT: undefined
RESULT: undefined
COMMAND: POST /session/87d62074a4cb28b4ac0fd763e82d6371/execute/async - {"script":"<script> [1562 bytes]","args":[{"selector":{"id":"application-managesites-display-component---NewSite--addressNewCostObjectCstID-vhi"},"wdio_ui5_key":"applicationmanagesites-display-component---NewSite--addressNewCostObjectCstID-vhi"}]}
RESULT: {"script":"<script> [1562 bytes]","args":[{"selector":{"id":"application-managesites-display-component---NewSite--addressNewCostObjectCstID-vhi"},"wdio_ui5_key":"applicationmanagesites-display-component---NewSite--addressNewCostObjectCstID-vhi"}]}
RESULT: undefined
COMMAND: POST /session/87d62074a4cb28b4ac0fd763e82d6371/element - {"using":"xpath","value":"//*[@id=\"application-managesites-display-component---NewSite--addressNewCostObjectCstID-vhi\"]"}
RESULT: {"using":"xpath","value":"//*[@id=\"application-managesites-display-component---NewSite--addressNewCostObjectCstID-vhi\"]"}
COMMAND: POST /session/87d62074a4cb28b4ac0fd763e82d6371/element/f.62693C2623AD3835EDB30C63D0026C38.d.7D62EEC6F13079523F290CFC00795F2E.e.2294/click - {}
RESULT: {}
COMMAND: GET /session/87d62074a4cb28b4ac0fd763e82d6371/screenshot - {}
RESULT: {}
COMMAND: POST /session/87d62074a4cb28b4ac0fd763e82d6371/execute/async - {"script":"<script> [1562 bytes]","args":[{"selector":{"controlType":"sap.m.SearchField","properties":{"placeholder":"Search"},"searchOpenDialogs":true,"interaction":{"idSuffix":"I"}},"wdio_ui5_key":"sapm.SearchField{\"placeholder\":\"Search\"}"}]}
RESULT: {"script":"<script> [1562 bytes]","args":[{"selector":{"controlType":"sap.m.SearchField","properties":{"placeholder":"Search"},"searchOpenDialogs":true,"interaction":{"idSuffix":"I"}},"wdio_ui5_key":"sapm.SearchField{\"placeholder\":\"Search\"}"}]}
RESULT: undefined
COMMAND: POST /session/87d62074a4cb28b4ac0fd763e82d6371/execute/async - {"script":"<script> [776 bytes]","args":[{"enterText":"A1-000100-01","selector":{"controlType":"sap.m.SearchField","properties":{"placeholder":"Search"},"searchOpenDialogs":true,"interaction":{"idSuffix":"I"}},"clearTextFirst":true,"interactionType":"ENTER_TEXT"}]}
RESULT: {"script":"<script> [776 bytes]","args":[{"enterText":"A1-000100-01","selector":{"controlType":"sap.m.SearchField","properties":{"placeholder":"Search"},"searchOpenDialogs":true,"interaction":{"idSuffix":"I"}},"clearTextFirst":true,"interactionType":"ENTER_TEXT"}]}
COMMAND: POST /session/87d62074a4cb28b4ac0fd763e82d6371/actions - {"actions":[{"id":"action3","type":"key","parameters":{},"actions":[{"type":"keyDown","value":""},{"type":"pause","duration":10},{"type":"keyUp","value":""}]}]}
RESULT: {"actions":[{"id":"action3","type":"key","parameters":{},"actions":[{"type":"keyDown","value":""},{"type":"pause","duration":10},{"type":"keyUp","value":""}]}]}
COMMAND: GET /session/87d62074a4cb28b4ac0fd763e82d6371/screenshot - {}
RESULT: {}
COMMAND: POST /session/87d62074a4cb28b4ac0fd763e82d6371/element - {"using":"xpath","value":"//span[contains(text(), \"Template for ETO-Process\")]"}
RESULT: {"using":"xpath","value":"//span[contains(text(), \"Template for ETO-Process\")]"}
COMMAND: POST /session/87d62074a4cb28b4ac0fd763e82d6371/element/f.62693C2623AD3835EDB30C63D0026C38.d.7D62EEC6F13079523F290CFC00795F2E.e.2314/click - {}
RESULT: {}
COMMAND: GET /session/87d62074a4cb28b4ac0fd763e82d6371/screenshot - {}
RESULT: {}
COMMAND: POST /session/87d62074a4cb28b4ac0fd763e82d6371/element - {"using":"xpath","value":"//bdi[contains(text(), \"OK\")]"}
RESULT: {"using":"xpath","value":"//bdi[contains(text(), \"OK\")]"}
COMMAND: POST /session/87d62074a4cb28b4ac0fd763e82d6371/element/f.62693C2623AD3835EDB30C63D0026C38.d.7D62EEC6F13079523F290CFC00795F2E.e.2315/click - {}
RESULT: {}
COMMAND: GET /session/87d62074a4cb28b4ac0fd763e82d6371/screenshot - {}
RESULT: {}
COMMAND: POST /session/87d62074a4cb28b4ac0fd763e82d6371/element - {"using":"xpath","value":"//input[@id=\"application-managesites-display-component---NewSite--addressDetailDetailsYard-inner\"]"}
RESULT: {"using":"xpath","value":"//input[@id=\"application-managesites-display-component---NewSite--addressDetailDetailsYard-inner\"]"}
COMMAND: POST /session/87d62074a4cb28b4ac0fd763e82d6371/element/f.62693C2623AD3835EDB30C63D0026C38.d.7D62EEC6F13079523F290CFC00795F2E.e.2089/value - {"text":"WebdriverYardcxril"}
RESULT: {"text":"WebdriverYardcxril"}
COMMAND: GET /session/87d62074a4cb28b4ac0fd763e82d6371/screenshot - {}
RESULT: {}
COMMAND: POST /session/87d62074a4cb28b4ac0fd763e82d6371/actions - {"actions":[{"id":"action4","type":"key","parameters":{},"actions":[{"type":"keyDown","value":""},{"type":"pause","duration":10},{"type":"keyUp","value":""}]}]}
RESULT: {"actions":[{"id":"action4","type":"key","parameters":{},"actions":[{"type":"keyDown","value":""},{"type":"pause","duration":10},{"type":"keyUp","value":""}]}]}
COMMAND: GET /session/87d62074a4cb28b4ac0fd763e82d6371/screenshot - {}
RESULT: {}
COMMAND: POST /session/87d62074a4cb28b4ac0fd763e82d6371/element - {"using":"xpath","value":"//input[@id=\"application-managesites-display-component---NewSite--addressDetailDetailsPartner-inner\"]"}
RESULT: {"using":"xpath","value":"//input[@id=\"application-managesites-display-component---NewSite--addressDetailDetailsPartner-inner\"]"}
COMMAND: POST /session/87d62074a4cb28b4ac0fd763e82d6371/elements - {"using":"xpath","value":"//input[@id=\"application-managesites-display-component---NewSite--addressDetailDetailsPartner-inner\"]"}
RESULT: {"using":"xpath","value":"//input[@id=\"application-managesites-display-component---NewSite--addressDetailDetailsPartner-inner\"]"}
COMMAND: POST /session/87d62074a4cb28b4ac0fd763e82d6371/execute/async - {"script":"<script> [1562 bytes]","args":[{"selector":{"controlType":"sap.m.Button","viewName":"etm.portal.ui.managesites.view.NewSmartSite","viewId":"application-managesites-display-component---NewSite","properties":{"text":"Commercial"},"interaction":{"idSuffix":"BDI-content"}},"wdio_ui5_key":"etmportal.ui.managesites.view.NewSmartSitesap.m.Button{\"text\":\"Commercial\"}"}]}
RESULT: {"script":"<script> [1562 bytes]","args":[{"selector":{"controlType":"sap.m.Button","viewName":"etm.portal.ui.managesites.view.NewSmartSite","viewId":"application-managesites-display-component---NewSite","properties":{"text":"Commercial"},"interaction":{"idSuffix":"BDI-content"}},"wdio_ui5_key":"etmportal.ui.managesites.view.NewSmartSitesap.m.Button{\"text\":\"Commercial\"}"}]}
RESULT: undefined
COMMAND: POST /session/87d62074a4cb28b4ac0fd763e82d6371/element - {"using":"xpath","value":"//*[@id=\"application-managesites-display-component---NewSite--ObjectPageLayout-anchBar-__section31-anchor\"]"}
RESULT: {"using":"xpath","value":"//*[@id=\"application-managesites-display-component---NewSite--ObjectPageLayout-anchBar-__section31-anchor\"]"}
COMMAND: POST /session/87d62074a4cb28b4ac0fd763e82d6371/element/f.62693C2623AD3835EDB30C63D0026C38.d.7D62EEC6F13079523F290CFC00795F2E.e.2322/click - {}
RESULT: {}
COMMAND: POST /session/87d62074a4cb28b4ac0fd763e82d6371/execute/async - {"script":"<script> [1562 bytes]","args":[{"selector":{"controlType":"sap.m.Button","viewName":"etm.portal.ui.managesites.view.NewSmartSite","viewId":"application-managesites-display-component---NewSite","i18NText":{"propertyName":"text","key":"save"},"interaction":{"idSuffix":"BDI-content"}},"wdio_ui5_key":"etmportal.ui.managesites.view.NewSmartSitesap.m.Button{\"propertyName\":\"text\",\"key\":\"save\"}"}]}
COMMAND: GET /session/87d62074a4cb28b4ac0fd763e82d6371/screenshot - {}
RESULT: {"script":"<script> [1562 bytes]","args":[{"selector":{"controlType":"sap.m.Button","viewName":"etm.portal.ui.managesites.view.NewSmartSite","viewId":"application-managesites-display-component---NewSite","i18NText":{"propertyName":"text","key":"save"},"interaction":{"idSuffix":"BDI-content"}},"wdio_ui5_key":"etmportal.ui.managesites.view.NewSmartSitesap.m.Button{\"propertyName\":\"text\",\"key\":\"save\"}"}]}
RESULT: undefined
COMMAND: POST /session/87d62074a4cb28b4ac0fd763e82d6371/element - {"using":"xpath","value":"//*[@id=\"__button64\"]"}
RESULT: {}
RESULT: {"using":"xpath","value":"//*[@id=\"__button64\"]"}
COMMAND: POST /session/87d62074a4cb28b4ac0fd763e82d6371/element/f.62693C2623AD3835EDB30C63D0026C38.d.7D62EEC6F13079523F290CFC00795F2E.e.2267/click - {}
RESULT: {}
COMMAND: GET /session/87d62074a4cb28b4ac0fd763e82d6371/screenshot - {}
RESULT: {}
COMMAND: POST /session/87d62074a4cb28b4ac0fd763e82d6371/execute/async - {"script":"<script> [1562 bytes]","args":[{"selector":{"id":"application-managesites-display-component---detailSite--addressDetailDetailsYardText"},"wdio_ui5_key":"applicationmanagesites-display-component---detailSite--addressDetailDetailsYardText"}]}
RESULT: {"script":"<script> [1562 bytes]","args":[{"selector":{"id":"application-managesites-display-component---detailSite--addressDetailDetailsYardText"},"wdio_ui5_key":"applicationmanagesites-display-component---detailSite--addressDetailDetailsYardText"}]}
RESULT: undefined
COMMAND: POST /session/87d62074a4cb28b4ac0fd763e82d6371/element - {"using":"xpath","value":"//header/div/div[2]/div[2]/span"}
RESULT: {"using":"xpath","value":"//header/div/div[2]/div[2]/span"}
COMMAND: GET /session/87d62074a4cb28b4ac0fd763e82d6371/element/f.62693C2623AD3835EDB30C63D0026C38.d.7D62EEC6F13079523F290CFC00795F2E.e.2528/text - {}
RESULT: {}
COMMAND: POST /session/87d62074a4cb28b4ac0fd763e82d6371/element - {"using":"xpath","value":"//header/div/div/div/div/div/div[2]/div/span"}
RESULT: {"using":"xpath","value":"//header/div/div/div/div/div/div[2]/div/span"}
COMMAND: GET /session/87d62074a4cb28b4ac0fd763e82d6371/element/f.62693C2623AD3835EDB30C63D0026C38.d.7D62EEC6F13079523F290CFC00795F2E.e.2529/text - {}
RESULT: {}
COMMAND: POST /session/87d62074a4cb28b4ac0fd763e82d6371/element - {"using":"css selector","value":"#shell-header-logo"}
RESULT: {"using":"css selector","value":"#shell-header-logo"}
COMMAND: POST /session/87d62074a4cb28b4ac0fd763e82d6371/element/f.62693C2623AD3835EDB30C63D0026C38.d.7D62EEC6F13079523F290CFC00795F2E.e.1850/click - {}
RESULT: {}
COMMAND: GET /session/87d62074a4cb28b4ac0fd763e82d6371/screenshot - {}
RESULT: {}
]]></system-out>
    </testcase>
    <testcase classname="chrome.137_0_7151_69.windows.Manage_Requests_Tags_Tests_US120163" name="Should Create New Request Tags" time="218.255">
      <system-out><![CDATA[
COMMAND: POST /session/87d62074a4cb28b4ac0fd763e82d6371/execute/async - {"script":"<script> [1562 bytes]","args":[{"selector":{"controlType":"sap.m.GenericTile","properties":{"header":"Manage Requests"}},"wdio_ui5_key":"sapm.GenericTile{\"header\":\"Manage Requests\"}"}]}
RESULT: {"script":"<script> [1562 bytes]","args":[{"selector":{"controlType":"sap.m.GenericTile","properties":{"header":"Manage Requests"}},"wdio_ui5_key":"sapm.GenericTile{\"header\":\"Manage Requests\"}"}]}
RESULT: undefined
COMMAND: POST /session/87d62074a4cb28b4ac0fd763e82d6371/element - {"using":"xpath","value":"//*[@id=\"__tile48\"]"}
RESULT: {"using":"xpath","value":"//*[@id=\"__tile48\"]"}
COMMAND: POST /session/87d62074a4cb28b4ac0fd763e82d6371/element/f.62693C2623AD3835EDB30C63D0026C38.d.7D62EEC6F13079523F290CFC00795F2E.e.2531/click - {}
RESULT: {}
COMMAND: GET /session/87d62074a4cb28b4ac0fd763e82d6371/screenshot - {}
RESULT: {}
COMMAND: POST /session/87d62074a4cb28b4ac0fd763e82d6371/elements - {"using":"xpath","value":"//span[text()='Error']"}
RESULT: {"using":"xpath","value":"//span[text()='Error']"}
COMMAND: POST /session/87d62074a4cb28b4ac0fd763e82d6371/element - {"using":"xpath","value":"//button[contains(@data-kt ,\"btnCreateNewOverflowToolbarButton\")]"}
COMMAND: POST /session/87d62074a4cb28b4ac0fd763e82d6371/element - {"using":"xpath","value":"(//span[contains(@class ,\"sapMObjStatusText\")])[1]"}
RESULT: {"using":"xpath","value":"(//span[contains(@class ,\"sapMObjStatusText\")])[1]"}
COMMAND: POST /session/87d62074a4cb28b4ac0fd763e82d6371/execute/sync - {"script":"<script> [8489 bytes]","args":[{"element-6066-11e4-a52e-4f735466cecf":"f.62693C2623AD3835EDB30C63D0026C38.d.7D62EEC6F13079523F290CFC00795F2E.e.2626","ELEMENT":"f.62693C2623AD3835EDB30C63D0026C38.d.7D62EEC6F13079523F290CFC00795F2E.e.2626"}]}
RESULT: {"using":"xpath","value":"//button[contains(@data-kt ,\"btnCreateNewOverflowToolbarButton\")]"}
COMMAND: POST /session/87d62074a4cb28b4ac0fd763e82d6371/element/f.62693C2623AD3835EDB30C63D0026C38.d.7D62EEC6F13079523F290CFC00795F2E.e.2588/click - {}
RESULT: {"script":"<script> [8489 bytes]","args":[{"element-6066-11e4-a52e-4f735466cecf":"f.62693C2623AD3835EDB30C63D0026C38.d.7D62EEC6F13079523F290CFC00795F2E.e.2626","ELEMENT":"f.62693C2623AD3835EDB30C63D0026C38.d.7D62EEC6F13079523F290CFC00795F2E.e.2626"}]}
COMMAND: GET /session/87d62074a4cb28b4ac0fd763e82d6371/screenshot - {}
RESULT: {}
COMMAND: GET /session/87d62074a4cb28b4ac0fd763e82d6371/screenshot - {}
RESULT: {}
RESULT: {}
COMMAND: POST /session/87d62074a4cb28b4ac0fd763e82d6371/element - {"using":"xpath","value":"//input[contains(@id ,\"yardId-inner\")]"}
RESULT: {"using":"xpath","value":"//input[contains(@id ,\"yardId-inner\")]"}
COMMAND: POST /session/87d62074a4cb28b4ac0fd763e82d6371/execute/sync - {"script":"<script> [8489 bytes]","args":[{"element-6066-11e4-a52e-4f735466cecf":"f.62693C2623AD3835EDB30C63D0026C38.d.7D62EEC6F13079523F290CFC00795F2E.e.2708","ELEMENT":"f.62693C2623AD3835EDB30C63D0026C38.d.7D62EEC6F13079523F290CFC00795F2E.e.2708"}]}
RESULT: {"script":"<script> [8489 bytes]","args":[{"element-6066-11e4-a52e-4f735466cecf":"f.62693C2623AD3835EDB30C63D0026C38.d.7D62EEC6F13079523F290CFC00795F2E.e.2708","ELEMENT":"f.62693C2623AD3835EDB30C63D0026C38.d.7D62EEC6F13079523F290CFC00795F2E.e.2708"}]}
COMMAND: POST /session/87d62074a4cb28b4ac0fd763e82d6371/element - {"using":"xpath","value":"//input[contains(@id ,\"yardId-inner\")]"}
COMMAND: GET /session/87d62074a4cb28b4ac0fd763e82d6371/screenshot - {}
RESULT: {"using":"xpath","value":"//input[contains(@id ,\"yardId-inner\")]"}
COMMAND: GET /session/87d62074a4cb28b4ac0fd763e82d6371/element/f.62693C2623AD3835EDB30C63D0026C38.d.7D62EEC6F13079523F290CFC00795F2E.e.2708/enabled - {}
RESULT: {}
RESULT: {}
COMMAND: POST /session/87d62074a4cb28b4ac0fd763e82d6371/element/f.62693C2623AD3835EDB30C63D0026C38.d.7D62EEC6F13079523F290CFC00795F2E.e.2708/clear - {}
COMMAND: GET /session/87d62074a4cb28b4ac0fd763e82d6371/screenshot - {}
RESULT: {}
COMMAND: POST /session/87d62074a4cb28b4ac0fd763e82d6371/element/f.62693C2623AD3835EDB30C63D0026C38.d.7D62EEC6F13079523F290CFC00795F2E.e.2708/value - {"text":"WebdriverYardcxril"}
COMMAND: GET /session/87d62074a4cb28b4ac0fd763e82d6371/screenshot - {}
RESULT: {}
RESULT: {"text":"WebdriverYardcxril"}
COMMAND: GET /session/87d62074a4cb28b4ac0fd763e82d6371/screenshot - {}
RESULT: {}
RESULT: {}
COMMAND: POST /session/87d62074a4cb28b4ac0fd763e82d6371/element - {"using":"xpath","value":"//input[contains(@id ,\"customerNumber-inner\")]"}
RESULT: {"using":"xpath","value":"//input[contains(@id ,\"customerNumber-inner\")]"}
COMMAND: POST /session/87d62074a4cb28b4ac0fd763e82d6371/element/f.62693C2623AD3835EDB30C63D0026C38.d.7D62EEC6F13079523F290CFC00795F2E.e.2702/value - {"text":"WebdriverPartnerg5xni"}
COMMAND: POST /session/87d62074a4cb28b4ac0fd763e82d6371/actions - {"actions":[{"id":"action5","type":"key","parameters":{},"actions":[{"type":"keyDown","value":""},{"type":"pause","duration":10},{"type":"keyUp","value":""}]}]}
RESULT: {"text":"WebdriverPartnerg5xni"}
COMMAND: GET /session/87d62074a4cb28b4ac0fd763e82d6371/screenshot - {}
RESULT: {"actions":[{"id":"action5","type":"key","parameters":{},"actions":[{"type":"keyDown","value":""},{"type":"pause","duration":10},{"type":"keyUp","value":""}]}]}
COMMAND: GET /session/87d62074a4cb28b4ac0fd763e82d6371/screenshot - {}
RESULT: {}
RESULT: {}
COMMAND: POST /session/87d62074a4cb28b4ac0fd763e82d6371/element/f.62693C2623AD3835EDB30C63D0026C38.d.7D62EEC6F13079523F290CFC00795F2E.e.2708/clear - {}
RESULT: {}
COMMAND: POST /session/87d62074a4cb28b4ac0fd763e82d6371/element/f.62693C2623AD3835EDB30C63D0026C38.d.7D62EEC6F13079523F290CFC00795F2E.e.2708/clear - {}
COMMAND: GET /session/87d62074a4cb28b4ac0fd763e82d6371/screenshot - {}
RESULT: {}
COMMAND: POST /session/87d62074a4cb28b4ac0fd763e82d6371/element/f.62693C2623AD3835EDB30C63D0026C38.d.7D62EEC6F13079523F290CFC00795F2E.e.2708/value - {"text":"WebdriverYardcxril"}
COMMAND: GET /session/87d62074a4cb28b4ac0fd763e82d6371/screenshot - {}
RESULT: {}
COMMAND: POST /session/87d62074a4cb28b4ac0fd763e82d6371/actions - {"actions":[{"id":"action6","type":"key","parameters":{},"actions":[{"type":"keyDown","value":""},{"type":"pause","duration":10},{"type":"keyUp","value":""}]}]}
RESULT: {"text":"WebdriverYardcxril"}
COMMAND: GET /session/87d62074a4cb28b4ac0fd763e82d6371/screenshot - {}
RESULT: {}
RESULT: {"actions":[{"id":"action6","type":"key","parameters":{},"actions":[{"type":"keyDown","value":""},{"type":"pause","duration":10},{"type":"keyUp","value":""}]}]}
COMMAND: GET /session/87d62074a4cb28b4ac0fd763e82d6371/screenshot - {}
RESULT: {}
RESULT: {}
COMMAND: GET /session/87d62074a4cb28b4ac0fd763e82d6371/element/f.62693C2623AD3835EDB30C63D0026C38.d.7D62EEC6F13079523F290CFC00795F2E.e.2702/property/value - {}
RESULT: {}
COMMAND: POST /session/87d62074a4cb28b4ac0fd763e82d6371/element/f.62693C2623AD3835EDB30C63D0026C38.d.7D62EEC6F13079523F290CFC00795F2E.e.2702/clear - {}
COMMAND: GET /session/87d62074a4cb28b4ac0fd763e82d6371/screenshot - {}
COMMAND: POST /session/87d62074a4cb28b4ac0fd763e82d6371/actions - {"actions":[{"id":"action7","type":"key","parameters":{},"actions":[{"type":"keyDown","value":""},{"type":"pause","duration":10},{"type":"keyUp","value":""}]}]}
RESULT: {}
COMMAND: GET /session/87d62074a4cb28b4ac0fd763e82d6371/screenshot - {}
RESULT: {}
RESULT: {"actions":[{"id":"action7","type":"key","parameters":{},"actions":[{"type":"keyDown","value":""},{"type":"pause","duration":10},{"type":"keyUp","value":""}]}]}
COMMAND: GET /session/87d62074a4cb28b4ac0fd763e82d6371/screenshot - {}
RESULT: {}
RESULT: {}
COMMAND: POST /session/87d62074a4cb28b4ac0fd763e82d6371/element/f.62693C2623AD3835EDB30C63D0026C38.d.7D62EEC6F13079523F290CFC00795F2E.e.2702/value - {"text":"WebdriverPartnerg5xni"}
RESULT: {"text":"WebdriverPartnerg5xni"}
COMMAND: GET /session/87d62074a4cb28b4ac0fd763e82d6371/screenshot - {}
RESULT: {}
COMMAND: POST /session/87d62074a4cb28b4ac0fd763e82d6371/actions - {"actions":[{"id":"action8","type":"key","parameters":{},"actions":[{"type":"keyDown","value":""},{"type":"pause","duration":10},{"type":"keyUp","value":""}]}]}
RESULT: {"actions":[{"id":"action8","type":"key","parameters":{},"actions":[{"type":"keyDown","value":""},{"type":"pause","duration":10},{"type":"keyUp","value":""}]}]}
COMMAND: GET /session/87d62074a4cb28b4ac0fd763e82d6371/screenshot - {}
RESULT: {}
COMMAND: POST /session/87d62074a4cb28b4ac0fd763e82d6371/element - {"using":"xpath","value":"//input[contains(@id ,\"requestSiteId-inner\")]"}
RESULT: {"using":"xpath","value":"//input[contains(@id ,\"requestSiteId-inner\")]"}
COMMAND: POST /session/87d62074a4cb28b4ac0fd763e82d6371/element/f.62693C2623AD3835EDB30C63D0026C38.d.7D62EEC6F13079523F290CFC00795F2E.e.2701/value - {"text":"WebdriverSitenlhvxi"}
RESULT: {"text":"WebdriverSitenlhvxi"}
COMMAND: GET /session/87d62074a4cb28b4ac0fd763e82d6371/screenshot - {}
RESULT: {}
COMMAND: POST /session/87d62074a4cb28b4ac0fd763e82d6371/actions - {"actions":[{"id":"action9","type":"key","parameters":{},"actions":[{"type":"keyDown","value":""},{"type":"pause","duration":10},{"type":"keyUp","value":""}]}]}
RESULT: {"actions":[{"id":"action9","type":"key","parameters":{},"actions":[{"type":"keyDown","value":""},{"type":"pause","duration":10},{"type":"keyUp","value":""}]}]}
COMMAND: GET /session/87d62074a4cb28b4ac0fd763e82d6371/screenshot - {}
RESULT: {}
COMMAND: POST /session/87d62074a4cb28b4ac0fd763e82d6371/execute/async - {"script":"<script> [1562 bytes]","args":[{"selector":{"controlType":"sap.m.Input","viewName":"etm.portal.ui.managerequests.view.NewRequest","bindingPath":{"path":"","propertyPath":"/DESCRIPTION","modelName":"oNewRequestModel"},"interaction":{"idSuffix":"inner"}},"wdio_ui5_key":"etmportal.ui.managerequests.view.NewRequestsap.m.Input{\"path\":\"\",\"propertyPath\":\"/DESCRIPTION\",\"modelName\":\"oNewRequestModel\"}"}]}
RESULT: {"script":"<script> [1562 bytes]","args":[{"selector":{"controlType":"sap.m.Input","viewName":"etm.portal.ui.managerequests.view.NewRequest","bindingPath":{"path":"","propertyPath":"/DESCRIPTION","modelName":"oNewRequestModel"},"interaction":{"idSuffix":"inner"}},"wdio_ui5_key":"etmportal.ui.managerequests.view.NewRequestsap.m.Input{\"path\":\"\",\"propertyPath\":\"/DESCRIPTION\",\"modelName\":\"oNewRequestModel\"}"}]}
RESULT: undefined
COMMAND: POST /session/87d62074a4cb28b4ac0fd763e82d6371/execute/async - {"script":"<script> [776 bytes]","args":[{"enterText":"Wdi5 Tags Test","selector":{"controlType":"sap.m.Input","viewName":"etm.portal.ui.managerequests.view.NewRequest","bindingPath":{"path":"","propertyPath":"/DESCRIPTION","modelName":"oNewRequestModel"},"interaction":{"idSuffix":"inner"}},"clearTextFirst":true,"interactionType":"ENTER_TEXT"}]}
RESULT: {"script":"<script> [776 bytes]","args":[{"enterText":"Wdi5 Tags Test","selector":{"controlType":"sap.m.Input","viewName":"etm.portal.ui.managerequests.view.NewRequest","bindingPath":{"path":"","propertyPath":"/DESCRIPTION","modelName":"oNewRequestModel"},"interaction":{"idSuffix":"inner"}},"clearTextFirst":true,"interactionType":"ENTER_TEXT"}]}
COMMAND: POST /session/87d62074a4cb28b4ac0fd763e82d6371/execute/async - {"script":"<script> [1562 bytes]","args":[{"selector":{"id":"tagInputAdd","viewName":"etm.portal.ui.managerequests.view.NewRequest","interaction":{"idSuffix":"inner"}},"wdio_ui5_key":"tagInputAddetmportal.ui.managerequests.view.NewRequest"}]}
RESULT: {"script":"<script> [1562 bytes]","args":[{"selector":{"id":"tagInputAdd","viewName":"etm.portal.ui.managerequests.view.NewRequest","interaction":{"idSuffix":"inner"}},"wdio_ui5_key":"tagInputAddetmportal.ui.managerequests.view.NewRequest"}]}
RESULT: undefined
COMMAND: POST /session/87d62074a4cb28b4ac0fd763e82d6371/execute/async - {"script":"<script> [776 bytes]","args":[{"enterText":"RefTag","selector":{"id":"tagInputAdd","viewName":"etm.portal.ui.managerequests.view.NewRequest","interaction":{"idSuffix":"inner"}},"clearTextFirst":true,"interactionType":"ENTER_TEXT"}]}
RESULT: {"script":"<script> [776 bytes]","args":[{"enterText":"RefTag","selector":{"id":"tagInputAdd","viewName":"etm.portal.ui.managerequests.view.NewRequest","interaction":{"idSuffix":"inner"}},"clearTextFirst":true,"interactionType":"ENTER_TEXT"}]}
COMMAND: POST /session/87d62074a4cb28b4ac0fd763e82d6371/actions - {"actions":[{"id":"action10","type":"key","parameters":{},"actions":[{"type":"keyDown","value":""},{"type":"pause","duration":10},{"type":"keyUp","value":""}]}]}
RESULT: {"actions":[{"id":"action10","type":"key","parameters":{},"actions":[{"type":"keyDown","value":""},{"type":"pause","duration":10},{"type":"keyUp","value":""}]}]}
COMMAND: GET /session/87d62074a4cb28b4ac0fd763e82d6371/screenshot - {}
RESULT: {}
RESULT: undefined
COMMAND: POST /session/87d62074a4cb28b4ac0fd763e82d6371/execute/async - {"script":"<script> [776 bytes]","args":[{"enterText":"tag-header","selector":{"id":"tagInputAdd","viewName":"etm.portal.ui.managerequests.view.NewRequest","interaction":{"idSuffix":"inner"}},"clearTextFirst":true,"interactionType":"ENTER_TEXT"}]}
RESULT: {"script":"<script> [776 bytes]","args":[{"enterText":"tag-header","selector":{"id":"tagInputAdd","viewName":"etm.portal.ui.managerequests.view.NewRequest","interaction":{"idSuffix":"inner"}},"clearTextFirst":true,"interactionType":"ENTER_TEXT"}]}
COMMAND: POST /session/87d62074a4cb28b4ac0fd763e82d6371/actions - {"actions":[{"id":"action11","type":"key","parameters":{},"actions":[{"type":"keyDown","value":""},{"type":"pause","duration":10},{"type":"keyUp","value":""}]}]}
RESULT: {"actions":[{"id":"action11","type":"key","parameters":{},"actions":[{"type":"keyDown","value":""},{"type":"pause","duration":10},{"type":"keyUp","value":""}]}]}
COMMAND: GET /session/87d62074a4cb28b4ac0fd763e82d6371/screenshot - {}
RESULT: {}
RESULT: undefined
COMMAND: POST /session/87d62074a4cb28b4ac0fd763e82d6371/execute/async - {"script":"<script> [776 bytes]","args":[{"enterText":"tag-duplicate","selector":{"id":"tagInputAdd","viewName":"etm.portal.ui.managerequests.view.NewRequest","interaction":{"idSuffix":"inner"}},"clearTextFirst":true,"interactionType":"ENTER_TEXT"}]}
RESULT: {"script":"<script> [776 bytes]","args":[{"enterText":"tag-duplicate","selector":{"id":"tagInputAdd","viewName":"etm.portal.ui.managerequests.view.NewRequest","interaction":{"idSuffix":"inner"}},"clearTextFirst":true,"interactionType":"ENTER_TEXT"}]}
COMMAND: POST /session/87d62074a4cb28b4ac0fd763e82d6371/actions - {"actions":[{"id":"action12","type":"key","parameters":{},"actions":[{"type":"keyDown","value":""},{"type":"pause","duration":10},{"type":"keyUp","value":""}]}]}
RESULT: {"actions":[{"id":"action12","type":"key","parameters":{},"actions":[{"type":"keyDown","value":""},{"type":"pause","duration":10},{"type":"keyUp","value":""}]}]}
COMMAND: GET /session/87d62074a4cb28b4ac0fd763e82d6371/screenshot - {}
RESULT: {}
COMMAND: POST /session/87d62074a4cb28b4ac0fd763e82d6371/execute/async - {"script":"<script> [1562 bytes]","args":[{"selector":{"id":"tagsLayoutAdd","viewName":"etm.portal.ui.managerequests.view.NewRequest"},"wdio_ui5_key":"tagsLayoutAddetmportal.ui.managerequests.view.NewRequest"}]}
RESULT: {"script":"<script> [1562 bytes]","args":[{"selector":{"id":"tagsLayoutAdd","viewName":"etm.portal.ui.managerequests.view.NewRequest"},"wdio_ui5_key":"tagsLayoutAddetmportal.ui.managerequests.view.NewRequest"}]}
RESULT: undefined
COMMAND: POST /session/87d62074a4cb28b4ac0fd763e82d6371/execute/async - {"script":"<script> [6424 bytes]","args":[{"element-6066-11e4-a52e-4f735466cecf":"f.62693C2623AD3835EDB30C63D0026C38.d.7D62EEC6F13079523F290CFC00795F2E.e.2847"},"getTokens",[]]}
RESULT: {"script":"<script> [6424 bytes]","args":[{"element-6066-11e4-a52e-4f735466cecf":"f.62693C2623AD3835EDB30C63D0026C38.d.7D62EEC6F13079523F290CFC00795F2E.e.2847"},"getTokens",[]]}
COMMAND: POST /session/87d62074a4cb28b4ac0fd763e82d6371/execute/async - {"script":"<script> [1562 bytes]","args":[{"wdio_ui5_key":"__token9","selector":{"id":"__token9"}}]}
COMMAND: POST /session/87d62074a4cb28b4ac0fd763e82d6371/execute/async - {"script":"<script> [1562 bytes]","args":[{"wdio_ui5_key":"__token10","selector":{"id":"__token10"}}]}
COMMAND: POST /session/87d62074a4cb28b4ac0fd763e82d6371/execute/async - {"script":"<script> [1562 bytes]","args":[{"wdio_ui5_key":"__token8","selector":{"id":"__token8"}}]}
RESULT: {"script":"<script> [1562 bytes]","args":[{"wdio_ui5_key":"__token8","selector":{"id":"__token8"}}]}
RESULT: undefined
RESULT: {"script":"<script> [1562 bytes]","args":[{"wdio_ui5_key":"__token10","selector":{"id":"__token10"}}]}
RESULT: undefined
RESULT: {"script":"<script> [1562 bytes]","args":[{"wdio_ui5_key":"__token9","selector":{"id":"__token9"}}]}
RESULT: undefined
COMMAND: POST /session/87d62074a4cb28b4ac0fd763e82d6371/execute/async - {"script":"<script> [1562 bytes]","args":[{"selector":{"controlType":"sap.ui.core.Icon","viewName":"etm.portal.ui.managerequests.view.NewRequest","properties":{"src":{"regex":{"source":"decline"}}},"ancestor":{"controlType":"sap.m.Token","viewName":"etm.portal.ui.managerequests.view.NewRequest","properties":{"text":"tag-duplicate"}}},"wdio_ui5_key":"etmportal.ui.managerequests.view.NewRequestsap.ui.core.Icon{\"src\":{\"regex\":{\"source\":\"decline\"}}}{\"controlType\":\"sap.m.Token\",\"viewName\":\"etm.portal.ui.managerequests.view.NewRequest\",\"properties\":{\"text\":\"tag-duplicate\"}}"}]}
RESULT: {"script":"<script> [1562 bytes]","args":[{"selector":{"controlType":"sap.ui.core.Icon","viewName":"etm.portal.ui.managerequests.view.NewRequest","properties":{"src":{"regex":{"source":"decline"}}},"ancestor":{"controlType":"sap.m.Token","viewName":"etm.portal.ui.managerequests.view.NewRequest","properties":{"text":"tag-duplicate"}}},"wdio_ui5_key":"etmportal.ui.managerequests.view.NewRequestsap.ui.core.Icon{\"src\":{\"regex\":{\"source\":\"decline\"}}}{\"controlType\":\"sap.m.Token\",\"viewName\":\"etm.portal.ui.managerequests.view.NewRequest\",\"properties\":{\"text\":\"tag-duplicate\"}}"}]}
RESULT: undefined
COMMAND: POST /session/87d62074a4cb28b4ac0fd763e82d6371/element - {"using":"xpath","value":"//*[@id=\"__token10-icon\"]"}
RESULT: {"using":"xpath","value":"//*[@id=\"__token10-icon\"]"}
COMMAND: POST /session/87d62074a4cb28b4ac0fd763e82d6371/element/f.62693C2623AD3835EDB30C63D0026C38.d.7D62EEC6F13079523F290CFC00795F2E.e.2889/click - {}
RESULT: {}
COMMAND: POST /session/87d62074a4cb28b4ac0fd763e82d6371/execute/async - {"script":"<script> [1562 bytes]","args":[{"selector":{"controlType":"sap.ui.core.Icon","viewName":"etm.portal.ui.managerequests.view.NewRequest","properties":{"src":{"regex":{"source":"decline"}}},"ancestor":{"controlType":"sap.m.Token","viewName":"etm.portal.ui.managerequests.view.NewRequest","properties":{"text":"tag1"}}},"wdio_ui5_key":"etmportal.ui.managerequests.view.NewRequestsap.ui.core.Icon{\"src\":{\"regex\":{\"source\":\"decline\"}}}{\"controlType\":\"sap.m.Token\",\"viewName\":\"etm.portal.ui.managerequests.view.NewRequest\",\"properties\":{\"text\":\"tag1\"}}"}]}
COMMAND: GET /session/87d62074a4cb28b4ac0fd763e82d6371/screenshot - {}
RESULT: {"script":"<script> [1562 bytes]","args":[{"selector":{"controlType":"sap.ui.core.Icon","viewName":"etm.portal.ui.managerequests.view.NewRequest","properties":{"src":{"regex":{"source":"decline"}}},"ancestor":{"controlType":"sap.m.Token","viewName":"etm.portal.ui.managerequests.view.NewRequest","properties":{"text":"tag1"}}},"wdio_ui5_key":"etmportal.ui.managerequests.view.NewRequestsap.ui.core.Icon{\"src\":{\"regex\":{\"source\":\"decline\"}}}{\"controlType\":\"sap.m.Token\",\"viewName\":\"etm.portal.ui.managerequests.view.NewRequest\",\"properties\":{\"text\":\"tag1\"}}"}]}
RESULT: undefined
RESULT: {}
COMMAND: POST /session/87d62074a4cb28b4ac0fd763e82d6371/actions - {"actions":[{"id":"action13","type":"key","parameters":{},"actions":[{"type":"keyDown","value":""},{"type":"pause","duration":10},{"type":"keyUp","value":""}]}]}
RESULT: {"actions":[{"id":"action13","type":"key","parameters":{},"actions":[{"type":"keyDown","value":""},{"type":"pause","duration":10},{"type":"keyUp","value":""}]}]}
COMMAND: GET /session/87d62074a4cb28b4ac0fd763e82d6371/screenshot - {}
RESULT: {}
RESULT: undefined
COMMAND: POST /session/87d62074a4cb28b4ac0fd763e82d6371/execute/async - {"script":"<script> [6424 bytes]","args":[{"element-6066-11e4-a52e-4f735466cecf":"f.62693C2623AD3835EDB30C63D0026C38.d.7D62EEC6F13079523F290CFC00795F2E.e.2847"},"getTokens",[]]}
RESULT: {"script":"<script> [6424 bytes]","args":[{"element-6066-11e4-a52e-4f735466cecf":"f.62693C2623AD3835EDB30C63D0026C38.d.7D62EEC6F13079523F290CFC00795F2E.e.2847"},"getTokens",[]]}
RESULT: undefined
RESULT: undefined
COMMAND: POST /session/87d62074a4cb28b4ac0fd763e82d6371/execute/async - {"script":"<script> [1562 bytes]","args":[{"selector":{"controlType":"sap.m.Button","viewName":"etm.portal.ui.managerequests.view.NewRequest","properties":{"text":"Items"},"interaction":{"idSuffix":"BDI-content"}},"wdio_ui5_key":"etmportal.ui.managerequests.view.NewRequestsap.m.Button{\"text\":\"Items\"}"}]}
RESULT: {"script":"<script> [1562 bytes]","args":[{"selector":{"controlType":"sap.m.Button","viewName":"etm.portal.ui.managerequests.view.NewRequest","properties":{"text":"Items"},"interaction":{"idSuffix":"BDI-content"}},"wdio_ui5_key":"etmportal.ui.managerequests.view.NewRequestsap.m.Button{\"text\":\"Items\"}"}]}
RESULT: undefined
COMMAND: POST /session/87d62074a4cb28b4ac0fd763e82d6371/element - {"using":"xpath","value":"//*[@id=\"__xmlview60--newRequestPage-anchBar-__xmlview60--requestItemsSection-anchor\"]"}
RESULT: {"using":"xpath","value":"//*[@id=\"__xmlview60--newRequestPage-anchBar-__xmlview60--requestItemsSection-anchor\"]"}
COMMAND: POST /session/87d62074a4cb28b4ac0fd763e82d6371/element/f.62693C2623AD3835EDB30C63D0026C38.d.7D62EEC6F13079523F290CFC00795F2E.e.2896/click - {}
RESULT: {}
COMMAND: GET /session/87d62074a4cb28b4ac0fd763e82d6371/screenshot - {}
RESULT: {}
COMMAND: POST /session/87d62074a4cb28b4ac0fd763e82d6371/execute/async - {"script":"<script> [1562 bytes]","args":[{"selector":{"controlType":"sap.ui.core.Icon","viewName":"etm.portal.ui.managerequests.view.NewRequest","properties":{"src":{"regex":{"source":"inspect"}}}},"wdio_ui5_key":"etmportal.ui.managerequests.view.NewRequestsap.ui.core.Icon{\"src\":{\"regex\":{\"source\":\"inspect\"}}}"}]}
RESULT: {"script":"<script> [1562 bytes]","args":[{"selector":{"controlType":"sap.ui.core.Icon","viewName":"etm.portal.ui.managerequests.view.NewRequest","properties":{"src":{"regex":{"source":"inspect"}}}},"wdio_ui5_key":"etmportal.ui.managerequests.view.NewRequestsap.ui.core.Icon{\"src\":{\"regex\":{\"source\":\"inspect\"}}}"}]}
RESULT: undefined
COMMAND: POST /session/87d62074a4cb28b4ac0fd763e82d6371/element - {"using":"xpath","value":"//*[@id=\"__button114-img\"]"}
RESULT: {"using":"xpath","value":"//*[@id=\"__button114-img\"]"}
COMMAND: POST /session/87d62074a4cb28b4ac0fd763e82d6371/element/f.62693C2623AD3835EDB30C63D0026C38.d.7D62EEC6F13079523F290CFC00795F2E.e.2901/click - {}
RESULT: {}
COMMAND: GET /session/87d62074a4cb28b4ac0fd763e82d6371/screenshot - {}
RESULT: {}
COMMAND: POST /session/87d62074a4cb28b4ac0fd763e82d6371/execute/async - {"script":"<script> [1562 bytes]","args":[{"selector":{"controlType":"sap.ui.core.Icon","viewName":"etm.portal.ui.managerequests.view.NewRequest","properties":{"src":{"regex":{"source":"add"}}}},"wdio_ui5_key":"etmportal.ui.managerequests.view.NewRequestsap.ui.core.Icon{\"src\":{\"regex\":{\"source\":\"add\"}}}"}]}
RESULT: {"script":"<script> [1562 bytes]","args":[{"selector":{"controlType":"sap.ui.core.Icon","viewName":"etm.portal.ui.managerequests.view.NewRequest","properties":{"src":{"regex":{"source":"add"}}}},"wdio_ui5_key":"etmportal.ui.managerequests.view.NewRequestsap.ui.core.Icon{\"src\":{\"regex\":{\"source\":\"add\"}}}"}]}
RESULT: undefined
COMMAND: POST /session/87d62074a4cb28b4ac0fd763e82d6371/element - {"using":"xpath","value":"//*[@id=\"__xmlview60--btnAddTableRow-img\"]"}
RESULT: {"using":"xpath","value":"//*[@id=\"__xmlview60--btnAddTableRow-img\"]"}
COMMAND: POST /session/87d62074a4cb28b4ac0fd763e82d6371/element/f.62693C2623AD3835EDB30C63D0026C38.d.7D62EEC6F13079523F290CFC00795F2E.e.2909/click - {}
RESULT: {}
COMMAND: GET /session/87d62074a4cb28b4ac0fd763e82d6371/screenshot - {}
RESULT: {}
COMMAND: POST /session/87d62074a4cb28b4ac0fd763e82d6371/execute/async - {"script":"<script> [1562 bytes]","args":[{"selector":{"controlType":"sap.ui.unified.MenuItem","viewName":"etm.portal.ui.managerequests.view.NewRequest","i18NText":{"propertyName":"text","key":"standardEntry"},"searchOpenDialogs":true,"interaction":{"idSuffix":"txt"}},"wdio_ui5_key":"etmportal.ui.managerequests.view.NewRequestsap.ui.unified.MenuItem{\"propertyName\":\"text\",\"key\":\"standardEntry\"}"}]}
RESULT: {"script":"<script> [1562 bytes]","args":[{"selector":{"controlType":"sap.ui.unified.MenuItem","viewName":"etm.portal.ui.managerequests.view.NewRequest","i18NText":{"propertyName":"text","key":"standardEntry"},"searchOpenDialogs":true,"interaction":{"idSuffix":"txt"}},"wdio_ui5_key":"etmportal.ui.managerequests.view.NewRequestsap.ui.unified.MenuItem{\"propertyName\":\"text\",\"key\":\"standardEntry\"}"}]}
RESULT: undefined
COMMAND: POST /session/87d62074a4cb28b4ac0fd763e82d6371/element - {"using":"xpath","value":"//*[@id=\"__item1063\"]"}
RESULT: {"using":"xpath","value":"//*[@id=\"__item1063\"]"}
COMMAND: POST /session/87d62074a4cb28b4ac0fd763e82d6371/element/f.62693C2623AD3835EDB30C63D0026C38.d.7D62EEC6F13079523F290CFC00795F2E.e.2912/click - {}
RESULT: {}
COMMAND: GET /session/87d62074a4cb28b4ac0fd763e82d6371/screenshot - {}
RESULT: {}
RESULT: undefined
COMMAND: POST /session/87d62074a4cb28b4ac0fd763e82d6371/element - {"using":"xpath","value":"//*[@id=\"__xmlview60--btnAddTableRow-img\"]"}
RESULT: {"using":"xpath","value":"//*[@id=\"__xmlview60--btnAddTableRow-img\"]"}
COMMAND: POST /session/87d62074a4cb28b4ac0fd763e82d6371/element/f.62693C2623AD3835EDB30C63D0026C38.d.7D62EEC6F13079523F290CFC00795F2E.e.2909/click - {}
RESULT: {}
COMMAND: GET /session/87d62074a4cb28b4ac0fd763e82d6371/screenshot - {}
RESULT: {}
RESULT: undefined
COMMAND: POST /session/87d62074a4cb28b4ac0fd763e82d6371/element - {"using":"xpath","value":"//*[@id=\"__item1063\"]"}
RESULT: {"using":"xpath","value":"//*[@id=\"__item1063\"]"}
COMMAND: POST /session/87d62074a4cb28b4ac0fd763e82d6371/element/f.62693C2623AD3835EDB30C63D0026C38.d.7D62EEC6F13079523F290CFC00795F2E.e.2933/click - {}
RESULT: {}
COMMAND: GET /session/87d62074a4cb28b4ac0fd763e82d6371/screenshot - {}
RESULT: {}
COMMAND: POST /session/87d62074a4cb28b4ac0fd763e82d6371/element - {"using":"xpath","value":"(//input[contains(@id ,\"requestItemsTable-0-inner\")])[5]"}
RESULT: {"using":"xpath","value":"(//input[contains(@id ,\"requestItemsTable-0-inner\")])[5]"}
COMMAND: POST /session/87d62074a4cb28b4ac0fd763e82d6371/element/f.62693C2623AD3835EDB30C63D0026C38.d.7D62EEC6F13079523F290CFC00795F2E.e.2924/clear - {}
RESULT: {}
COMMAND: POST /session/87d62074a4cb28b4ac0fd763e82d6371/element/f.62693C2623AD3835EDB30C63D0026C38.d.7D62EEC6F13079523F290CFC00795F2E.e.2924/value - {"text":"1000001"}
COMMAND: GET /session/87d62074a4cb28b4ac0fd763e82d6371/screenshot - {}
RESULT: {"text":"1000001"}
COMMAND: GET /session/87d62074a4cb28b4ac0fd763e82d6371/screenshot - {}
RESULT: {}
RESULT: {}
COMMAND: POST /session/87d62074a4cb28b4ac0fd763e82d6371/actions - {"actions":[{"id":"action14","type":"key","parameters":{},"actions":[{"type":"keyDown","value":""},{"type":"pause","duration":10},{"type":"keyUp","value":""}]}]}
RESULT: {"actions":[{"id":"action14","type":"key","parameters":{},"actions":[{"type":"keyDown","value":""},{"type":"pause","duration":10},{"type":"keyUp","value":""}]}]}
COMMAND: POST /session/87d62074a4cb28b4ac0fd763e82d6371/element - {"using":"xpath","value":"(//input[contains(@id ,\"requestItemsTable-1-inner\")])[5]"}
COMMAND: GET /session/87d62074a4cb28b4ac0fd763e82d6371/screenshot - {}
RESULT: {"using":"xpath","value":"(//input[contains(@id ,\"requestItemsTable-1-inner\")])[5]"}
COMMAND: POST /session/87d62074a4cb28b4ac0fd763e82d6371/element/f.62693C2623AD3835EDB30C63D0026C38.d.7D62EEC6F13079523F290CFC00795F2E.e.2939/clear - {}
RESULT: {}
RESULT: {}
COMMAND: POST /session/87d62074a4cb28b4ac0fd763e82d6371/element/f.62693C2623AD3835EDB30C63D0026C38.d.7D62EEC6F13079523F290CFC00795F2E.e.2939/value - {"text":"1000002"}
COMMAND: GET /session/87d62074a4cb28b4ac0fd763e82d6371/screenshot - {}
RESULT: {"text":"1000002"}
COMMAND: GET /session/87d62074a4cb28b4ac0fd763e82d6371/screenshot - {}
RESULT: {}
RESULT: {}
COMMAND: POST /session/87d62074a4cb28b4ac0fd763e82d6371/actions - {"actions":[{"id":"action15","type":"key","parameters":{},"actions":[{"type":"keyDown","value":""},{"type":"pause","duration":10},{"type":"keyUp","value":""}]}]}
RESULT: {"actions":[{"id":"action15","type":"key","parameters":{},"actions":[{"type":"keyDown","value":""},{"type":"pause","duration":10},{"type":"keyUp","value":""}]}]}
COMMAND: POST /session/87d62074a4cb28b4ac0fd763e82d6371/execute/async - {"script":"<script> [1562 bytes]","args":[{"selector":{"controlType":"sap.m.Input","viewName":"etm.portal.ui.managerequests.view.NewRequest","bindingPath":{"path":"","propertyPath":"/Tags","modelName":"catalogModel"},"ancestor":{"controlType":"sap.m.ColumnListItem","viewName":"etm.portal.ui.managerequests.view.NewRequest","bindingPath":{"modelName":"newRequestItems","path":"/RequestItems/0"},"ancestor":{"id":"requestItemsTable","viewName":"etm.portal.ui.managerequests.view.NewRequest"}},"interaction":{"idSuffix":"inner"}},"wdio_ui5_key":"etmportal.ui.managerequests.view.NewRequestsap.m.Input{\"path\":\"\",\"propertyPath\":\"/Tags\",\"modelName\":\"catalogModel\"}{\"controlType\":\"sap.m.ColumnListItem\",\"viewName\":\"etm.portal.ui.managerequests.view.NewRequest\",\"bindingPath\":{\"modelName\":\"newRequestItems\",\"path\":\"/RequestItems/0\"},\"ancestor\":{\"id\":\"requestItemsTable\",\"viewName\":\"etm.portal.ui.managerequests.view.NewRequest\"}}"}]}
COMMAND: GET /session/87d62074a4cb28b4ac0fd763e82d6371/screenshot - {}
RESULT: {"script":"<script> [1562 bytes]","args":[{"selector":{"controlType":"sap.m.Input","viewName":"etm.portal.ui.managerequests.view.NewRequest","bindingPath":{"path":"","propertyPath":"/Tags","modelName":"catalogModel"},"ancestor":{"controlType":"sap.m.ColumnListItem","viewName":"etm.portal.ui.managerequests.view.NewRequest","bindingPath":{"modelName":"newRequestItems","path":"/RequestItems/0"},"ancestor":{"id":"requestItemsTable","viewName":"etm.portal.ui.managerequests.view.NewRequest"}},"interaction":{"idSuffix":"inner"}},"wdio_ui5_key":"etmportal.ui.managerequests.view.NewRequestsap.m.Input{\"path\":\"\",\"propertyPath\":\"/Tags\",\"modelName\":\"catalogModel\"}{\"controlType\":\"sap.m.ColumnListItem\",\"viewName\":\"etm.portal.ui.managerequests.view.NewRequest\",\"bindingPath\":{\"modelName\":\"newRequestItems\",\"path\":\"/RequestItems/0\"},\"ancestor\":{\"id\":\"requestItemsTable\",\"viewName\":\"etm.portal.ui.managerequests.view.NewRequest\"}}"}]}
RESULT: undefined
COMMAND: POST /session/87d62074a4cb28b4ac0fd763e82d6371/execute/async - {"script":"<script> [776 bytes]","args":[{"enterText":"tag1","selector":{"controlType":"sap.m.Input","viewName":"etm.portal.ui.managerequests.view.NewRequest","bindingPath":{"path":"","propertyPath":"/Tags","modelName":"catalogModel"},"ancestor":{"controlType":"sap.m.ColumnListItem","viewName":"etm.portal.ui.managerequests.view.NewRequest","bindingPath":{"modelName":"newRequestItems","path":"/RequestItems/0"},"ancestor":{"id":"requestItemsTable","viewName":"etm.portal.ui.managerequests.view.NewRequest"}},"interaction":{"idSuffix":"inner"}},"clearTextFirst":true,"interactionType":"ENTER_TEXT"}]}
RESULT: {}
RESULT: {"script":"<script> [776 bytes]","args":[{"enterText":"tag1","selector":{"controlType":"sap.m.Input","viewName":"etm.portal.ui.managerequests.view.NewRequest","bindingPath":{"path":"","propertyPath":"/Tags","modelName":"catalogModel"},"ancestor":{"controlType":"sap.m.ColumnListItem","viewName":"etm.portal.ui.managerequests.view.NewRequest","bindingPath":{"modelName":"newRequestItems","path":"/RequestItems/0"},"ancestor":{"id":"requestItemsTable","viewName":"etm.portal.ui.managerequests.view.NewRequest"}},"interaction":{"idSuffix":"inner"}},"clearTextFirst":true,"interactionType":"ENTER_TEXT"}]}
COMMAND: POST /session/87d62074a4cb28b4ac0fd763e82d6371/actions - {"actions":[{"id":"action16","type":"key","parameters":{},"actions":[{"type":"keyDown","value":""},{"type":"pause","duration":10},{"type":"keyUp","value":""}]}]}
RESULT: {"actions":[{"id":"action16","type":"key","parameters":{},"actions":[{"type":"keyDown","value":""},{"type":"pause","duration":10},{"type":"keyUp","value":""}]}]}
RESULT: undefined
COMMAND: POST /session/87d62074a4cb28b4ac0fd763e82d6371/execute/async - {"script":"<script> [776 bytes]","args":[{"enterText":"tag-duplicate","selector":{"controlType":"sap.m.Input","viewName":"etm.portal.ui.managerequests.view.NewRequest","bindingPath":{"path":"","propertyPath":"/Tags","modelName":"catalogModel"},"ancestor":{"controlType":"sap.m.ColumnListItem","viewName":"etm.portal.ui.managerequests.view.NewRequest","bindingPath":{"modelName":"newRequestItems","path":"/RequestItems/0"},"ancestor":{"id":"requestItemsTable","viewName":"etm.portal.ui.managerequests.view.NewRequest"}},"interaction":{"idSuffix":"inner"}},"clearTextFirst":true,"interactionType":"ENTER_TEXT"}]}
COMMAND: GET /session/87d62074a4cb28b4ac0fd763e82d6371/screenshot - {}
RESULT: {"script":"<script> [776 bytes]","args":[{"enterText":"tag-duplicate","selector":{"controlType":"sap.m.Input","viewName":"etm.portal.ui.managerequests.view.NewRequest","bindingPath":{"path":"","propertyPath":"/Tags","modelName":"catalogModel"},"ancestor":{"controlType":"sap.m.ColumnListItem","viewName":"etm.portal.ui.managerequests.view.NewRequest","bindingPath":{"modelName":"newRequestItems","path":"/RequestItems/0"},"ancestor":{"id":"requestItemsTable","viewName":"etm.portal.ui.managerequests.view.NewRequest"}},"interaction":{"idSuffix":"inner"}},"clearTextFirst":true,"interactionType":"ENTER_TEXT"}]}
RESULT: {}
COMMAND: POST /session/87d62074a4cb28b4ac0fd763e82d6371/actions - {"actions":[{"id":"action17","type":"key","parameters":{},"actions":[{"type":"keyDown","value":""},{"type":"pause","duration":10},{"type":"keyUp","value":""}]}]}
RESULT: {"actions":[{"id":"action17","type":"key","parameters":{},"actions":[{"type":"keyDown","value":""},{"type":"pause","duration":10},{"type":"keyUp","value":""}]}]}
COMMAND: GET /session/87d62074a4cb28b4ac0fd763e82d6371/screenshot - {}
RESULT: {}
COMMAND: POST /session/87d62074a4cb28b4ac0fd763e82d6371/execute/async - {"script":"<script> [1562 bytes]","args":[{"selector":{"controlType":"sap.m.Input","viewName":"etm.portal.ui.managerequests.view.NewRequest","bindingPath":{"path":"","propertyPath":"/Tags","modelName":"catalogModel"},"ancestor":{"controlType":"sap.m.ColumnListItem","viewName":"etm.portal.ui.managerequests.view.NewRequest","bindingPath":{"modelName":"newRequestItems","path":"/RequestItems/1"},"ancestor":{"id":"requestItemsTable","viewName":"etm.portal.ui.managerequests.view.NewRequest"}},"interaction":{"idSuffix":"inner"}},"wdio_ui5_key":"etmportal.ui.managerequests.view.NewRequestsap.m.Input{\"path\":\"\",\"propertyPath\":\"/Tags\",\"modelName\":\"catalogModel\"}{\"controlType\":\"sap.m.ColumnListItem\",\"viewName\":\"etm.portal.ui.managerequests.view.NewRequest\",\"bindingPath\":{\"modelName\":\"newRequestItems\",\"path\":\"/RequestItems/1\"},\"ancestor\":{\"id\":\"requestItemsTable\",\"viewName\":\"etm.portal.ui.managerequests.view.NewRequest\"}}"}]}
RESULT: {"script":"<script> [1562 bytes]","args":[{"selector":{"controlType":"sap.m.Input","viewName":"etm.portal.ui.managerequests.view.NewRequest","bindingPath":{"path":"","propertyPath":"/Tags","modelName":"catalogModel"},"ancestor":{"controlType":"sap.m.ColumnListItem","viewName":"etm.portal.ui.managerequests.view.NewRequest","bindingPath":{"modelName":"newRequestItems","path":"/RequestItems/1"},"ancestor":{"id":"requestItemsTable","viewName":"etm.portal.ui.managerequests.view.NewRequest"}},"interaction":{"idSuffix":"inner"}},"wdio_ui5_key":"etmportal.ui.managerequests.view.NewRequestsap.m.Input{\"path\":\"\",\"propertyPath\":\"/Tags\",\"modelName\":\"catalogModel\"}{\"controlType\":\"sap.m.ColumnListItem\",\"viewName\":\"etm.portal.ui.managerequests.view.NewRequest\",\"bindingPath\":{\"modelName\":\"newRequestItems\",\"path\":\"/RequestItems/1\"},\"ancestor\":{\"id\":\"requestItemsTable\",\"viewName\":\"etm.portal.ui.managerequests.view.NewRequest\"}}"}]}
RESULT: undefined
COMMAND: POST /session/87d62074a4cb28b4ac0fd763e82d6371/execute/async - {"script":"<script> [776 bytes]","args":[{"enterText":"tag1","selector":{"controlType":"sap.m.Input","viewName":"etm.portal.ui.managerequests.view.NewRequest","bindingPath":{"path":"","propertyPath":"/Tags","modelName":"catalogModel"},"ancestor":{"controlType":"sap.m.ColumnListItem","viewName":"etm.portal.ui.managerequests.view.NewRequest","bindingPath":{"modelName":"newRequestItems","path":"/RequestItems/1"},"ancestor":{"id":"requestItemsTable","viewName":"etm.portal.ui.managerequests.view.NewRequest"}},"interaction":{"idSuffix":"inner"}},"clearTextFirst":true,"interactionType":"ENTER_TEXT"}]}
RESULT: {"script":"<script> [776 bytes]","args":[{"enterText":"tag1","selector":{"controlType":"sap.m.Input","viewName":"etm.portal.ui.managerequests.view.NewRequest","bindingPath":{"path":"","propertyPath":"/Tags","modelName":"catalogModel"},"ancestor":{"controlType":"sap.m.ColumnListItem","viewName":"etm.portal.ui.managerequests.view.NewRequest","bindingPath":{"modelName":"newRequestItems","path":"/RequestItems/1"},"ancestor":{"id":"requestItemsTable","viewName":"etm.portal.ui.managerequests.view.NewRequest"}},"interaction":{"idSuffix":"inner"}},"clearTextFirst":true,"interactionType":"ENTER_TEXT"}]}
COMMAND: POST /session/87d62074a4cb28b4ac0fd763e82d6371/actions - {"actions":[{"id":"action18","type":"key","parameters":{},"actions":[{"type":"keyDown","value":""},{"type":"pause","duration":10},{"type":"keyUp","value":""}]}]}
RESULT: {"actions":[{"id":"action18","type":"key","parameters":{},"actions":[{"type":"keyDown","value":""},{"type":"pause","duration":10},{"type":"keyUp","value":""}]}]}
RESULT: undefined
COMMAND: POST /session/87d62074a4cb28b4ac0fd763e82d6371/execute/async - {"script":"<script> [776 bytes]","args":[{"enterText":"tag-duplicate","selector":{"controlType":"sap.m.Input","viewName":"etm.portal.ui.managerequests.view.NewRequest","bindingPath":{"path":"","propertyPath":"/Tags","modelName":"catalogModel"},"ancestor":{"controlType":"sap.m.ColumnListItem","viewName":"etm.portal.ui.managerequests.view.NewRequest","bindingPath":{"modelName":"newRequestItems","path":"/RequestItems/1"},"ancestor":{"id":"requestItemsTable","viewName":"etm.portal.ui.managerequests.view.NewRequest"}},"interaction":{"idSuffix":"inner"}},"clearTextFirst":true,"interactionType":"ENTER_TEXT"}]}
COMMAND: GET /session/87d62074a4cb28b4ac0fd763e82d6371/screenshot - {}
RESULT: {"script":"<script> [776 bytes]","args":[{"enterText":"tag-duplicate","selector":{"controlType":"sap.m.Input","viewName":"etm.portal.ui.managerequests.view.NewRequest","bindingPath":{"path":"","propertyPath":"/Tags","modelName":"catalogModel"},"ancestor":{"controlType":"sap.m.ColumnListItem","viewName":"etm.portal.ui.managerequests.view.NewRequest","bindingPath":{"modelName":"newRequestItems","path":"/RequestItems/1"},"ancestor":{"id":"requestItemsTable","viewName":"etm.portal.ui.managerequests.view.NewRequest"}},"interaction":{"idSuffix":"inner"}},"clearTextFirst":true,"interactionType":"ENTER_TEXT"}]}
RESULT: {}
COMMAND: POST /session/87d62074a4cb28b4ac0fd763e82d6371/actions - {"actions":[{"id":"action19","type":"key","parameters":{},"actions":[{"type":"keyDown","value":""},{"type":"pause","duration":10},{"type":"keyUp","value":""}]}]}
RESULT: {"actions":[{"id":"action19","type":"key","parameters":{},"actions":[{"type":"keyDown","value":""},{"type":"pause","duration":10},{"type":"keyUp","value":""}]}]}
COMMAND: GET /session/87d62074a4cb28b4ac0fd763e82d6371/screenshot - {}
RESULT: {}
COMMAND: POST /session/87d62074a4cb28b4ac0fd763e82d6371/execute/async - {"script":"<script> [1562 bytes]","args":[{"selector":{"controlType":"sap.ui.core.Icon","viewName":"etm.portal.ui.managerequests.view.NewRequest","properties":{"src":{"regex":{"source":"slim\\-arrow\\-down"}}},"ancestor":{"controlType":"sap.m.Button","viewName":"etm.portal.ui.managerequests.view.NewRequest","properties":{"icon":"sap-icon://slim-arrow-down"}}},"wdio_ui5_key":"etmportal.ui.managerequests.view.NewRequestsap.ui.core.Icon{\"src\":{\"regex\":{\"source\":\"slim\\\\-arrow\\\\-down\"}}}{\"controlType\":\"sap.m.Button\",\"viewName\":\"etm.portal.ui.managerequests.view.NewRequest\",\"properties\":{\"icon\":\"sap-icon://slim-arrow-down\"}}"}]}
RESULT: {"script":"<script> [1562 bytes]","args":[{"selector":{"controlType":"sap.ui.core.Icon","viewName":"etm.portal.ui.managerequests.view.NewRequest","properties":{"src":{"regex":{"source":"slim\\-arrow\\-down"}}},"ancestor":{"controlType":"sap.m.Button","viewName":"etm.portal.ui.managerequests.view.NewRequest","properties":{"icon":"sap-icon://slim-arrow-down"}}},"wdio_ui5_key":"etmportal.ui.managerequests.view.NewRequestsap.ui.core.Icon{\"src\":{\"regex\":{\"source\":\"slim\\\\-arrow\\\\-down\"}}}{\"controlType\":\"sap.m.Button\",\"viewName\":\"etm.portal.ui.managerequests.view.NewRequest\",\"properties\":{\"icon\":\"sap-icon://slim-arrow-down\"}}"}]}
RESULT: undefined
COMMAND: POST /session/87d62074a4cb28b4ac0fd763e82d6371/element - {"using":"xpath","value":"//*[@id=\"__title25-expandBtn-img\"]"}
RESULT: {"using":"xpath","value":"//*[@id=\"__title25-expandBtn-img\"]"}
COMMAND: POST /session/87d62074a4cb28b4ac0fd763e82d6371/element/f.62693C2623AD3835EDB30C63D0026C38.d.7D62EEC6F13079523F290CFC00795F2E.e.2985/click - {}
RESULT: {}
COMMAND: GET /session/87d62074a4cb28b4ac0fd763e82d6371/screenshot - {}
RESULT: {}
COMMAND: POST /session/87d62074a4cb28b4ac0fd763e82d6371/element - {"using":"xpath","value":"//div[contains(@data-kt ,\"splitAllocationObjectStatus\")]"}
RESULT: {"using":"xpath","value":"//div[contains(@data-kt ,\"splitAllocationObjectStatus\")]"}
COMMAND: POST /session/87d62074a4cb28b4ac0fd763e82d6371/elements - {"using":"xpath","value":"//div[contains(@data-kt ,\"splitAllocationObjectStatus\")]"}
RESULT: {"using":"xpath","value":"//div[contains(@data-kt ,\"splitAllocationObjectStatus\")]"}
COMMAND: POST /session/87d62074a4cb28b4ac0fd763e82d6371/execute/async - {"script":"<script> [1562 bytes]","args":[{"selector":{"controlType":"sap.ui.core.Icon","viewName":"etm.portal.ui.managerequests.view.NewRequest","properties":{"src":{"regex":{"source":"message\\-error"}}},"ancestor":{"controlType":"sap.m.ColumnListItem","viewName":"etm.portal.ui.managerequests.view.NewRequest","bindingPath":{"modelName":"newRequestItems","path":"/RequestItems/0"},"ancestor":{"id":"requestItemsTable","viewName":"etm.portal.ui.managerequests.view.NewRequest"}}},"wdio_ui5_key":"etmportal.ui.managerequests.view.NewRequestsap.ui.core.Icon{\"src\":{\"regex\":{\"source\":\"message\\\\-error\"}}}{\"controlType\":\"sap.m.ColumnListItem\",\"viewName\":\"etm.portal.ui.managerequests.view.NewRequest\",\"bindingPath\":{\"modelName\":\"newRequestItems\",\"path\":\"/RequestItems/0\"},\"ancestor\":{\"id\":\"requestItemsTable\",\"viewName\":\"etm.portal.ui.managerequests.view.NewRequest\"}}"}]}
RESULT: {"script":"<script> [1562 bytes]","args":[{"selector":{"controlType":"sap.ui.core.Icon","viewName":"etm.portal.ui.managerequests.view.NewRequest","properties":{"src":{"regex":{"source":"message\\-error"}}},"ancestor":{"controlType":"sap.m.ColumnListItem","viewName":"etm.portal.ui.managerequests.view.NewRequest","bindingPath":{"modelName":"newRequestItems","path":"/RequestItems/0"},"ancestor":{"id":"requestItemsTable","viewName":"etm.portal.ui.managerequests.view.NewRequest"}}},"wdio_ui5_key":"etmportal.ui.managerequests.view.NewRequestsap.ui.core.Icon{\"src\":{\"regex\":{\"source\":\"message\\\\-error\"}}}{\"controlType\":\"sap.m.ColumnListItem\",\"viewName\":\"etm.portal.ui.managerequests.view.NewRequest\",\"bindingPath\":{\"modelName\":\"newRequestItems\",\"path\":\"/RequestItems/0\"},\"ancestor\":{\"id\":\"requestItemsTable\",\"viewName\":\"etm.portal.ui.managerequests.view.NewRequest\"}}"}]}
RESULT: undefined
COMMAND: POST /session/87d62074a4cb28b4ac0fd763e82d6371/element - {"using":"xpath","value":"//*[@id=\"__status6-__xmlview60--requestItemsTable-0-icon\"]"}
RESULT: {"using":"xpath","value":"//*[@id=\"__status6-__xmlview60--requestItemsTable-0-icon\"]"}
COMMAND: POST /session/87d62074a4cb28b4ac0fd763e82d6371/element/f.62693C2623AD3835EDB30C63D0026C38.d.7D62EEC6F13079523F290CFC00795F2E.e.2966/click - {}
RESULT: {}
COMMAND: GET /session/87d62074a4cb28b4ac0fd763e82d6371/screenshot - {}
RESULT: {}
COMMAND: POST /session/87d62074a4cb28b4ac0fd763e82d6371/execute/async - {"script":"<script> [1562 bytes]","args":[{"selector":{"id":"costObjectAdminTypeComboBox","viewName":"etm.portal.ui.managerequests.view.NewRequest","searchOpenDialogs":true,"interaction":{"idSuffix":"inner"}},"wdio_ui5_key":"costObjectAdminTypeComboBoxetmportal.ui.managerequests.view.NewRequest"}]}
RESULT: {"script":"<script> [1562 bytes]","args":[{"selector":{"id":"costObjectAdminTypeComboBox","viewName":"etm.portal.ui.managerequests.view.NewRequest","searchOpenDialogs":true,"interaction":{"idSuffix":"inner"}},"wdio_ui5_key":"costObjectAdminTypeComboBoxetmportal.ui.managerequests.view.NewRequest"}]}
RESULT: undefined
COMMAND: POST /session/87d62074a4cb28b4ac0fd763e82d6371/execute/async - {"script":"<script> [776 bytes]","args":[{"enterText":"Cost Center","selector":{"id":"costObjectAdminTypeComboBox","viewName":"etm.portal.ui.managerequests.view.NewRequest","searchOpenDialogs":true,"interaction":{"idSuffix":"inner"}},"clearTextFirst":true,"interactionType":"ENTER_TEXT"}]}
RESULT: {"script":"<script> [776 bytes]","args":[{"enterText":"Cost Center","selector":{"id":"costObjectAdminTypeComboBox","viewName":"etm.portal.ui.managerequests.view.NewRequest","searchOpenDialogs":true,"interaction":{"idSuffix":"inner"}},"clearTextFirst":true,"interactionType":"ENTER_TEXT"}]}
COMMAND: POST /session/87d62074a4cb28b4ac0fd763e82d6371/actions - {"actions":[{"id":"action20","type":"key","parameters":{},"actions":[{"type":"keyDown","value":""},{"type":"pause","duration":10},{"type":"keyUp","value":""}]}]}
RESULT: {"actions":[{"id":"action20","type":"key","parameters":{},"actions":[{"type":"keyDown","value":""},{"type":"pause","duration":10},{"type":"keyUp","value":""}]}]}
COMMAND: GET /session/87d62074a4cb28b4ac0fd763e82d6371/screenshot - {}
RESULT: {}
COMMAND: POST /session/87d62074a4cb28b4ac0fd763e82d6371/execute/async - {"script":"<script> [1562 bytes]","args":[{"selector":{"id":"costObjectIdComboBox","viewName":"etm.portal.ui.managerequests.view.NewRequest","searchOpenDialogs":true,"interaction":{"idSuffix":"inner"}},"wdio_ui5_key":"costObjectIdComboBoxetmportal.ui.managerequests.view.NewRequest"}]}
RESULT: {"script":"<script> [1562 bytes]","args":[{"selector":{"id":"costObjectIdComboBox","viewName":"etm.portal.ui.managerequests.view.NewRequest","searchOpenDialogs":true,"interaction":{"idSuffix":"inner"}},"wdio_ui5_key":"costObjectIdComboBoxetmportal.ui.managerequests.view.NewRequest"}]}
RESULT: undefined
COMMAND: POST /session/87d62074a4cb28b4ac0fd763e82d6371/execute/async - {"script":"<script> [776 bytes]","args":[{"enterText":"1001 - 1001","selector":{"id":"costObjectIdComboBox","viewName":"etm.portal.ui.managerequests.view.NewRequest","searchOpenDialogs":true,"interaction":{"idSuffix":"inner"}},"clearTextFirst":true,"interactionType":"ENTER_TEXT"}]}
RESULT: {"script":"<script> [776 bytes]","args":[{"enterText":"1001 - 1001","selector":{"id":"costObjectIdComboBox","viewName":"etm.portal.ui.managerequests.view.NewRequest","searchOpenDialogs":true,"interaction":{"idSuffix":"inner"}},"clearTextFirst":true,"interactionType":"ENTER_TEXT"}]}
COMMAND: POST /session/87d62074a4cb28b4ac0fd763e82d6371/actions - {"actions":[{"id":"action21","type":"key","parameters":{},"actions":[{"type":"keyDown","value":""},{"type":"pause","duration":10},{"type":"keyUp","value":""}]}]}
RESULT: {"actions":[{"id":"action21","type":"key","parameters":{},"actions":[{"type":"keyDown","value":""},{"type":"pause","duration":10},{"type":"keyUp","value":""}]}]}
COMMAND: GET /session/87d62074a4cb28b4ac0fd763e82d6371/screenshot - {}
RESULT: {}
COMMAND: POST /session/87d62074a4cb28b4ac0fd763e82d6371/element - {"using":"xpath","value":"(//bdi[(text() = 'Save' or . = 'Save')])[1]"}
RESULT: {"using":"xpath","value":"(//bdi[(text() = 'Save' or . = 'Save')])[1]"}
COMMAND: POST /session/87d62074a4cb28b4ac0fd763e82d6371/element/f.62693C2623AD3835EDB30C63D0026C38.d.7D62EEC6F13079523F290CFC00795F2E.e.3005/click - {}
RESULT: {}
COMMAND: POST /session/87d62074a4cb28b4ac0fd763e82d6371/execute/async - {"script":"<script> [1562 bytes]","args":[{"selector":{"controlType":"sap.ui.core.Icon","viewName":"etm.portal.ui.managerequests.view.NewRequest","properties":{"src":{"regex":{"source":"message\\-error"}}},"ancestor":{"controlType":"sap.m.ColumnListItem","viewName":"etm.portal.ui.managerequests.view.NewRequest","bindingPath":{"modelName":"newRequestItems","path":"/RequestItems/1"},"ancestor":{"id":"requestItemsTable","viewName":"etm.portal.ui.managerequests.view.NewRequest"}}},"wdio_ui5_key":"etmportal.ui.managerequests.view.NewRequestsap.ui.core.Icon{\"src\":{\"regex\":{\"source\":\"message\\\\-error\"}}}{\"controlType\":\"sap.m.ColumnListItem\",\"viewName\":\"etm.portal.ui.managerequests.view.NewRequest\",\"bindingPath\":{\"modelName\":\"newRequestItems\",\"path\":\"/RequestItems/1\"},\"ancestor\":{\"id\":\"requestItemsTable\",\"viewName\":\"etm.portal.ui.managerequests.view.NewRequest\"}}"}]}
COMMAND: GET /session/87d62074a4cb28b4ac0fd763e82d6371/screenshot - {}
RESULT: {"script":"<script> [1562 bytes]","args":[{"selector":{"controlType":"sap.ui.core.Icon","viewName":"etm.portal.ui.managerequests.view.NewRequest","properties":{"src":{"regex":{"source":"message\\-error"}}},"ancestor":{"controlType":"sap.m.ColumnListItem","viewName":"etm.portal.ui.managerequests.view.NewRequest","bindingPath":{"modelName":"newRequestItems","path":"/RequestItems/1"},"ancestor":{"id":"requestItemsTable","viewName":"etm.portal.ui.managerequests.view.NewRequest"}}},"wdio_ui5_key":"etmportal.ui.managerequests.view.NewRequestsap.ui.core.Icon{\"src\":{\"regex\":{\"source\":\"message\\\\-error\"}}}{\"controlType\":\"sap.m.ColumnListItem\",\"viewName\":\"etm.portal.ui.managerequests.view.NewRequest\",\"bindingPath\":{\"modelName\":\"newRequestItems\",\"path\":\"/RequestItems/1\"},\"ancestor\":{\"id\":\"requestItemsTable\",\"viewName\":\"etm.portal.ui.managerequests.view.NewRequest\"}}"}]}
RESULT: undefined
COMMAND: POST /session/87d62074a4cb28b4ac0fd763e82d6371/element - {"using":"xpath","value":"//*[@id=\"__status6-__xmlview60--requestItemsTable-1-icon\"]"}
RESULT: {}
RESULT: {"using":"xpath","value":"//*[@id=\"__status6-__xmlview60--requestItemsTable-1-icon\"]"}
COMMAND: POST /session/87d62074a4cb28b4ac0fd763e82d6371/element/f.62693C2623AD3835EDB30C63D0026C38.d.7D62EEC6F13079523F290CFC00795F2E.e.2983/click - {}
RESULT: {}
COMMAND: GET /session/87d62074a4cb28b4ac0fd763e82d6371/screenshot - {}
RESULT: {}
RESULT: undefined
COMMAND: POST /session/87d62074a4cb28b4ac0fd763e82d6371/execute/async - {"script":"<script> [776 bytes]","args":[{"enterText":"Cost Center","selector":{"id":"costObjectAdminTypeComboBox","viewName":"etm.portal.ui.managerequests.view.NewRequest","searchOpenDialogs":true,"interaction":{"idSuffix":"inner"}},"clearTextFirst":true,"interactionType":"ENTER_TEXT"}]}
RESULT: {"script":"<script> [776 bytes]","args":[{"enterText":"Cost Center","selector":{"id":"costObjectAdminTypeComboBox","viewName":"etm.portal.ui.managerequests.view.NewRequest","searchOpenDialogs":true,"interaction":{"idSuffix":"inner"}},"clearTextFirst":true,"interactionType":"ENTER_TEXT"}]}
COMMAND: POST /session/87d62074a4cb28b4ac0fd763e82d6371/actions - {"actions":[{"id":"action22","type":"key","parameters":{},"actions":[{"type":"keyDown","value":""},{"type":"pause","duration":10},{"type":"keyUp","value":""}]}]}
RESULT: {"actions":[{"id":"action22","type":"key","parameters":{},"actions":[{"type":"keyDown","value":""},{"type":"pause","duration":10},{"type":"keyUp","value":""}]}]}
COMMAND: GET /session/87d62074a4cb28b4ac0fd763e82d6371/screenshot - {}
RESULT: {}
RESULT: undefined
COMMAND: POST /session/87d62074a4cb28b4ac0fd763e82d6371/execute/async - {"script":"<script> [776 bytes]","args":[{"enterText":"1001 - 1001","selector":{"id":"costObjectIdComboBox","viewName":"etm.portal.ui.managerequests.view.NewRequest","searchOpenDialogs":true,"interaction":{"idSuffix":"inner"}},"clearTextFirst":true,"interactionType":"ENTER_TEXT"}]}
RESULT: {"script":"<script> [776 bytes]","args":[{"enterText":"1001 - 1001","selector":{"id":"costObjectIdComboBox","viewName":"etm.portal.ui.managerequests.view.NewRequest","searchOpenDialogs":true,"interaction":{"idSuffix":"inner"}},"clearTextFirst":true,"interactionType":"ENTER_TEXT"}]}
COMMAND: POST /session/87d62074a4cb28b4ac0fd763e82d6371/actions - {"actions":[{"id":"action23","type":"key","parameters":{},"actions":[{"type":"keyDown","value":""},{"type":"pause","duration":10},{"type":"keyUp","value":""}]}]}
RESULT: {"actions":[{"id":"action23","type":"key","parameters":{},"actions":[{"type":"keyDown","value":""},{"type":"pause","duration":10},{"type":"keyUp","value":""}]}]}
COMMAND: GET /session/87d62074a4cb28b4ac0fd763e82d6371/screenshot - {}
RESULT: {}
COMMAND: POST /session/87d62074a4cb28b4ac0fd763e82d6371/element - {"using":"xpath","value":"(//bdi[(text() = 'Save' or . = 'Save')])[1]"}
RESULT: {"using":"xpath","value":"(//bdi[(text() = 'Save' or . = 'Save')])[1]"}
COMMAND: POST /session/87d62074a4cb28b4ac0fd763e82d6371/element/f.62693C2623AD3835EDB30C63D0026C38.d.7D62EEC6F13079523F290CFC00795F2E.e.3019/click - {}
RESULT: {}
COMMAND: POST /session/87d62074a4cb28b4ac0fd763e82d6371/execute/async - {"script":"<script> [1562 bytes]","args":[{"selector":{"controlType":"sap.ui.core.Icon","viewName":"etm.portal.ui.managerequests.view.NewRequest","properties":{"src":{"regex":{"source":"decline"}}},"ancestor":{"controlType":"sap.m.Token","viewName":"etm.portal.ui.managerequests.view.NewRequest","bindingPath":{"path":"/RequestItems/0/TOKENS/0","propertyPath":"TAG","modelName":"newRequestItems"}}},"wdio_ui5_key":"etmportal.ui.managerequests.view.NewRequestsap.ui.core.Icon{\"src\":{\"regex\":{\"source\":\"decline\"}}}{\"controlType\":\"sap.m.Token\",\"viewName\":\"etm.portal.ui.managerequests.view.NewRequest\",\"bindingPath\":{\"path\":\"/RequestItems/0/TOKENS/0\",\"propertyPath\":\"TAG\",\"modelName\":\"newRequestItems\"}}"}]}
COMMAND: GET /session/87d62074a4cb28b4ac0fd763e82d6371/screenshot - {}
RESULT: {"script":"<script> [1562 bytes]","args":[{"selector":{"controlType":"sap.ui.core.Icon","viewName":"etm.portal.ui.managerequests.view.NewRequest","properties":{"src":{"regex":{"source":"decline"}}},"ancestor":{"controlType":"sap.m.Token","viewName":"etm.portal.ui.managerequests.view.NewRequest","bindingPath":{"path":"/RequestItems/0/TOKENS/0","propertyPath":"TAG","modelName":"newRequestItems"}}},"wdio_ui5_key":"etmportal.ui.managerequests.view.NewRequestsap.ui.core.Icon{\"src\":{\"regex\":{\"source\":\"decline\"}}}{\"controlType\":\"sap.m.Token\",\"viewName\":\"etm.portal.ui.managerequests.view.NewRequest\",\"bindingPath\":{\"path\":\"/RequestItems/0/TOKENS/0\",\"propertyPath\":\"TAG\",\"modelName\":\"newRequestItems\"}}"}]}
RESULT: undefined
COMMAND: POST /session/87d62074a4cb28b4ac0fd763e82d6371/element - {"using":"xpath","value":"//*[@id=\"__token7-__tokenizer62-__xmlview60--requestItemsTable-0-0-icon\"]"}
RESULT: {}
RESULT: {"using":"xpath","value":"//*[@id=\"__token7-__tokenizer62-__xmlview60--requestItemsTable-0-0-icon\"]"}
COMMAND: POST /session/87d62074a4cb28b4ac0fd763e82d6371/element/f.62693C2623AD3835EDB30C63D0026C38.d.7D62EEC6F13079523F290CFC00795F2E.e.3021/click - {}
RESULT: {}
COMMAND: GET /session/87d62074a4cb28b4ac0fd763e82d6371/screenshot - {}
RESULT: {}
COMMAND: POST /session/87d62074a4cb28b4ac0fd763e82d6371/actions - {"actions":[{"id":"action24","type":"key","parameters":{},"actions":[{"type":"keyDown","value":""},{"type":"pause","duration":10},{"type":"keyUp","value":""}]}]}
RESULT: {"actions":[{"id":"action24","type":"key","parameters":{},"actions":[{"type":"keyDown","value":""},{"type":"pause","duration":10},{"type":"keyUp","value":""}]}]}
COMMAND: GET /session/87d62074a4cb28b4ac0fd763e82d6371/screenshot - {}
RESULT: {}
COMMAND: POST /session/87d62074a4cb28b4ac0fd763e82d6371/execute/async - {"script":"<script> [1562 bytes]","args":[{"selector":{"controlType":"sap.m.Tokenizer","viewName":"etm.portal.ui.managerequests.view.NewRequest","bindingPath":{"path":"/RequestItems/0","propertyPath":"TOKENS","modelName":"newRequestItems"}},"wdio_ui5_key":"etmportal.ui.managerequests.view.NewRequestsap.m.Tokenizer{\"path\":\"/RequestItems/0\",\"propertyPath\":\"TOKENS\",\"modelName\":\"newRequestItems\"}"}]}
RESULT: {"script":"<script> [1562 bytes]","args":[{"selector":{"controlType":"sap.m.Tokenizer","viewName":"etm.portal.ui.managerequests.view.NewRequest","bindingPath":{"path":"/RequestItems/0","propertyPath":"TOKENS","modelName":"newRequestItems"}},"wdio_ui5_key":"etmportal.ui.managerequests.view.NewRequestsap.m.Tokenizer{\"path\":\"/RequestItems/0\",\"propertyPath\":\"TOKENS\",\"modelName\":\"newRequestItems\"}"}]}
RESULT: undefined
COMMAND: POST /session/87d62074a4cb28b4ac0fd763e82d6371/execute/async - {"script":"<script> [6424 bytes]","args":[{"element-6066-11e4-a52e-4f735466cecf":"f.62693C2623AD3835EDB30C63D0026C38.d.7D62EEC6F13079523F290CFC00795F2E.e.3027"},"getTokens",[]]}
RESULT: {"script":"<script> [6424 bytes]","args":[{"element-6066-11e4-a52e-4f735466cecf":"f.62693C2623AD3835EDB30C63D0026C38.d.7D62EEC6F13079523F290CFC00795F2E.e.3027"},"getTokens",[]]}
COMMAND: POST /session/87d62074a4cb28b4ac0fd763e82d6371/execute/async - {"script":"<script> [1562 bytes]","args":[{"wdio_ui5_key":"__token7-__tokenizer62-__xmlview60--requestItemsTable-0-0","selector":{"id":"__token7-__tokenizer62-__xmlview60--requestItemsTable-0-0"}}]}
RESULT: {"script":"<script> [1562 bytes]","args":[{"wdio_ui5_key":"__token7-__tokenizer62-__xmlview60--requestItemsTable-0-0","selector":{"id":"__token7-__tokenizer62-__xmlview60--requestItemsTable-0-0"}}]}
RESULT: undefined
RESULT: undefined
COMMAND: POST /session/87d62074a4cb28b4ac0fd763e82d6371/execute/async - {"script":"<script> [776 bytes]","args":[{"enterText":"tagRequest1","selector":{"controlType":"sap.m.Input","viewName":"etm.portal.ui.managerequests.view.NewRequest","bindingPath":{"path":"","propertyPath":"/Tags","modelName":"catalogModel"},"ancestor":{"controlType":"sap.m.ColumnListItem","viewName":"etm.portal.ui.managerequests.view.NewRequest","bindingPath":{"modelName":"newRequestItems","path":"/RequestItems/0"},"ancestor":{"id":"requestItemsTable","viewName":"etm.portal.ui.managerequests.view.NewRequest"}},"interaction":{"idSuffix":"inner"}},"clearTextFirst":true,"interactionType":"ENTER_TEXT"}]}
RESULT: {"script":"<script> [776 bytes]","args":[{"enterText":"tagRequest1","selector":{"controlType":"sap.m.Input","viewName":"etm.portal.ui.managerequests.view.NewRequest","bindingPath":{"path":"","propertyPath":"/Tags","modelName":"catalogModel"},"ancestor":{"controlType":"sap.m.ColumnListItem","viewName":"etm.portal.ui.managerequests.view.NewRequest","bindingPath":{"modelName":"newRequestItems","path":"/RequestItems/0"},"ancestor":{"id":"requestItemsTable","viewName":"etm.portal.ui.managerequests.view.NewRequest"}},"interaction":{"idSuffix":"inner"}},"clearTextFirst":true,"interactionType":"ENTER_TEXT"}]}
COMMAND: POST /session/87d62074a4cb28b4ac0fd763e82d6371/actions - {"actions":[{"id":"action25","type":"key","parameters":{},"actions":[{"type":"keyDown","value":""},{"type":"pause","duration":10},{"type":"keyUp","value":""}]}]}
RESULT: {"actions":[{"id":"action25","type":"key","parameters":{},"actions":[{"type":"keyDown","value":""},{"type":"pause","duration":10},{"type":"keyUp","value":""}]}]}
COMMAND: GET /session/87d62074a4cb28b4ac0fd763e82d6371/screenshot - {}
RESULT: {}
RESULT: undefined
COMMAND: POST /session/87d62074a4cb28b4ac0fd763e82d6371/execute/async - {"script":"<script> [6424 bytes]","args":[{"element-6066-11e4-a52e-4f735466cecf":"f.62693C2623AD3835EDB30C63D0026C38.d.7D62EEC6F13079523F290CFC00795F2E.e.3027"},"getTokens",[]]}
RESULT: {"script":"<script> [6424 bytes]","args":[{"element-6066-11e4-a52e-4f735466cecf":"f.62693C2623AD3835EDB30C63D0026C38.d.7D62EEC6F13079523F290CFC00795F2E.e.3027"},"getTokens",[]]}
COMMAND: POST /session/87d62074a4cb28b4ac0fd763e82d6371/execute/async - {"script":"<script> [1562 bytes]","args":[{"wdio_ui5_key":"__token7-__tokenizer62-__xmlview60--requestItemsTable-0-1","selector":{"id":"__token7-__tokenizer62-__xmlview60--requestItemsTable-0-1"}}]}
RESULT: undefined
RESULT: {"script":"<script> [1562 bytes]","args":[{"wdio_ui5_key":"__token7-__tokenizer62-__xmlview60--requestItemsTable-0-1","selector":{"id":"__token7-__tokenizer62-__xmlview60--requestItemsTable-0-1"}}]}
RESULT: undefined
COMMAND: POST /session/87d62074a4cb28b4ac0fd763e82d6371/execute/async - {"script":"<script> [1562 bytes]","args":[{"selector":{"controlType":"sap.ui.core.Icon","viewName":"etm.portal.ui.managerequests.view.NewRequest","properties":{"src":{"regex":{"source":"decline"}}},"ancestor":{"controlType":"sap.m.Token","viewName":"etm.portal.ui.managerequests.view.NewRequest","bindingPath":{"path":"/RequestItems/1/TOKENS/0","propertyPath":"TAG","modelName":"newRequestItems"}}},"wdio_ui5_key":"etmportal.ui.managerequests.view.NewRequestsap.ui.core.Icon{\"src\":{\"regex\":{\"source\":\"decline\"}}}{\"controlType\":\"sap.m.Token\",\"viewName\":\"etm.portal.ui.managerequests.view.NewRequest\",\"bindingPath\":{\"path\":\"/RequestItems/1/TOKENS/0\",\"propertyPath\":\"TAG\",\"modelName\":\"newRequestItems\"}}"}]}
RESULT: {"script":"<script> [1562 bytes]","args":[{"selector":{"controlType":"sap.ui.core.Icon","viewName":"etm.portal.ui.managerequests.view.NewRequest","properties":{"src":{"regex":{"source":"decline"}}},"ancestor":{"controlType":"sap.m.Token","viewName":"etm.portal.ui.managerequests.view.NewRequest","bindingPath":{"path":"/RequestItems/1/TOKENS/0","propertyPath":"TAG","modelName":"newRequestItems"}}},"wdio_ui5_key":"etmportal.ui.managerequests.view.NewRequestsap.ui.core.Icon{\"src\":{\"regex\":{\"source\":\"decline\"}}}{\"controlType\":\"sap.m.Token\",\"viewName\":\"etm.portal.ui.managerequests.view.NewRequest\",\"bindingPath\":{\"path\":\"/RequestItems/1/TOKENS/0\",\"propertyPath\":\"TAG\",\"modelName\":\"newRequestItems\"}}"}]}
RESULT: undefined
COMMAND: POST /session/87d62074a4cb28b4ac0fd763e82d6371/element - {"using":"xpath","value":"//*[@id=\"__token7-__tokenizer62-__xmlview60--requestItemsTable-1-0-icon\"]"}
RESULT: {"using":"xpath","value":"//*[@id=\"__token7-__tokenizer62-__xmlview60--requestItemsTable-1-0-icon\"]"}
COMMAND: POST /session/87d62074a4cb28b4ac0fd763e82d6371/element/f.62693C2623AD3835EDB30C63D0026C38.d.7D62EEC6F13079523F290CFC00795F2E.e.3029/click - {}
RESULT: {}
COMMAND: GET /session/87d62074a4cb28b4ac0fd763e82d6371/screenshot - {}
RESULT: {}
COMMAND: POST /session/87d62074a4cb28b4ac0fd763e82d6371/actions - {"actions":[{"id":"action26","type":"key","parameters":{},"actions":[{"type":"keyDown","value":""},{"type":"pause","duration":10},{"type":"keyUp","value":""}]}]}
RESULT: {"actions":[{"id":"action26","type":"key","parameters":{},"actions":[{"type":"keyDown","value":""},{"type":"pause","duration":10},{"type":"keyUp","value":""}]}]}
COMMAND: GET /session/87d62074a4cb28b4ac0fd763e82d6371/screenshot - {}
RESULT: {}
COMMAND: POST /session/87d62074a4cb28b4ac0fd763e82d6371/execute/async - {"script":"<script> [1562 bytes]","args":[{"selector":{"controlType":"sap.m.Tokenizer","viewName":"etm.portal.ui.managerequests.view.NewRequest","bindingPath":{"path":"/RequestItems/1","propertyPath":"TOKENS","modelName":"newRequestItems"}},"wdio_ui5_key":"etmportal.ui.managerequests.view.NewRequestsap.m.Tokenizer{\"path\":\"/RequestItems/1\",\"propertyPath\":\"TOKENS\",\"modelName\":\"newRequestItems\"}"}]}
RESULT: {"script":"<script> [1562 bytes]","args":[{"selector":{"controlType":"sap.m.Tokenizer","viewName":"etm.portal.ui.managerequests.view.NewRequest","bindingPath":{"path":"/RequestItems/1","propertyPath":"TOKENS","modelName":"newRequestItems"}},"wdio_ui5_key":"etmportal.ui.managerequests.view.NewRequestsap.m.Tokenizer{\"path\":\"/RequestItems/1\",\"propertyPath\":\"TOKENS\",\"modelName\":\"newRequestItems\"}"}]}
RESULT: undefined
COMMAND: POST /session/87d62074a4cb28b4ac0fd763e82d6371/execute/async - {"script":"<script> [6424 bytes]","args":[{"element-6066-11e4-a52e-4f735466cecf":"f.62693C2623AD3835EDB30C63D0026C38.d.7D62EEC6F13079523F290CFC00795F2E.e.3035"},"getTokens",[]]}
RESULT: {"script":"<script> [6424 bytes]","args":[{"element-6066-11e4-a52e-4f735466cecf":"f.62693C2623AD3835EDB30C63D0026C38.d.7D62EEC6F13079523F290CFC00795F2E.e.3035"},"getTokens",[]]}
COMMAND: POST /session/87d62074a4cb28b4ac0fd763e82d6371/execute/async - {"script":"<script> [1562 bytes]","args":[{"wdio_ui5_key":"__token7-__tokenizer62-__xmlview60--requestItemsTable-1-0","selector":{"id":"__token7-__tokenizer62-__xmlview60--requestItemsTable-1-0"}}]}
RESULT: {"script":"<script> [1562 bytes]","args":[{"wdio_ui5_key":"__token7-__tokenizer62-__xmlview60--requestItemsTable-1-0","selector":{"id":"__token7-__tokenizer62-__xmlview60--requestItemsTable-1-0"}}]}
RESULT: undefined
RESULT: undefined
COMMAND: POST /session/87d62074a4cb28b4ac0fd763e82d6371/execute/async - {"script":"<script> [776 bytes]","args":[{"enterText":"tagRequest1","selector":{"controlType":"sap.m.Input","viewName":"etm.portal.ui.managerequests.view.NewRequest","bindingPath":{"path":"","propertyPath":"/Tags","modelName":"catalogModel"},"ancestor":{"controlType":"sap.m.ColumnListItem","viewName":"etm.portal.ui.managerequests.view.NewRequest","bindingPath":{"modelName":"newRequestItems","path":"/RequestItems/1"},"ancestor":{"id":"requestItemsTable","viewName":"etm.portal.ui.managerequests.view.NewRequest"}},"interaction":{"idSuffix":"inner"}},"clearTextFirst":true,"interactionType":"ENTER_TEXT"}]}
RESULT: {"script":"<script> [776 bytes]","args":[{"enterText":"tagRequest1","selector":{"controlType":"sap.m.Input","viewName":"etm.portal.ui.managerequests.view.NewRequest","bindingPath":{"path":"","propertyPath":"/Tags","modelName":"catalogModel"},"ancestor":{"controlType":"sap.m.ColumnListItem","viewName":"etm.portal.ui.managerequests.view.NewRequest","bindingPath":{"modelName":"newRequestItems","path":"/RequestItems/1"},"ancestor":{"id":"requestItemsTable","viewName":"etm.portal.ui.managerequests.view.NewRequest"}},"interaction":{"idSuffix":"inner"}},"clearTextFirst":true,"interactionType":"ENTER_TEXT"}]}
COMMAND: POST /session/87d62074a4cb28b4ac0fd763e82d6371/actions - {"actions":[{"id":"action27","type":"key","parameters":{},"actions":[{"type":"keyDown","value":""},{"type":"pause","duration":10},{"type":"keyUp","value":""}]}]}
RESULT: {"actions":[{"id":"action27","type":"key","parameters":{},"actions":[{"type":"keyDown","value":""},{"type":"pause","duration":10},{"type":"keyUp","value":""}]}]}
COMMAND: GET /session/87d62074a4cb28b4ac0fd763e82d6371/screenshot - {}
RESULT: {}
RESULT: undefined
COMMAND: POST /session/87d62074a4cb28b4ac0fd763e82d6371/execute/async - {"script":"<script> [6424 bytes]","args":[{"element-6066-11e4-a52e-4f735466cecf":"f.62693C2623AD3835EDB30C63D0026C38.d.7D62EEC6F13079523F290CFC00795F2E.e.3035"},"getTokens",[]]}
RESULT: {"script":"<script> [6424 bytes]","args":[{"element-6066-11e4-a52e-4f735466cecf":"f.62693C2623AD3835EDB30C63D0026C38.d.7D62EEC6F13079523F290CFC00795F2E.e.3035"},"getTokens",[]]}
COMMAND: POST /session/87d62074a4cb28b4ac0fd763e82d6371/execute/async - {"script":"<script> [1562 bytes]","args":[{"wdio_ui5_key":"__token7-__tokenizer62-__xmlview60--requestItemsTable-1-1","selector":{"id":"__token7-__tokenizer62-__xmlview60--requestItemsTable-1-1"}}]}
RESULT: undefined
RESULT: {"script":"<script> [1562 bytes]","args":[{"wdio_ui5_key":"__token7-__tokenizer62-__xmlview60--requestItemsTable-1-1","selector":{"id":"__token7-__tokenizer62-__xmlview60--requestItemsTable-1-1"}}]}
RESULT: undefined
COMMAND: POST /session/87d62074a4cb28b4ac0fd763e82d6371/execute/async - {"script":"<script> [1562 bytes]","args":[{"selector":{"controlType":"sap.m.Button","viewName":"etm.portal.ui.managerequests.view.NewRequest","properties":{"text":"Save"},"i18NText":{"propertyName":"tooltip","key":"save"},"interaction":{"idSuffix":"BDI-content"}},"wdio_ui5_key":"etmportal.ui.managerequests.view.NewRequestsap.m.Button{\"propertyName\":\"tooltip\",\"key\":\"save\"}{\"text\":\"Save\"}"}]}
RESULT: {"script":"<script> [1562 bytes]","args":[{"selector":{"controlType":"sap.m.Button","viewName":"etm.portal.ui.managerequests.view.NewRequest","properties":{"text":"Save"},"i18NText":{"propertyName":"tooltip","key":"save"},"interaction":{"idSuffix":"BDI-content"}},"wdio_ui5_key":"etmportal.ui.managerequests.view.NewRequestsap.m.Button{\"propertyName\":\"tooltip\",\"key\":\"save\"}{\"text\":\"Save\"}"}]}
RESULT: undefined
COMMAND: POST /session/87d62074a4cb28b4ac0fd763e82d6371/element - {"using":"xpath","value":"//*[@id=\"__button117\"]"}
RESULT: {"using":"xpath","value":"//*[@id=\"__button117\"]"}
COMMAND: POST /session/87d62074a4cb28b4ac0fd763e82d6371/element/f.62693C2623AD3835EDB30C63D0026C38.d.7D62EEC6F13079523F290CFC00795F2E.e.2852/click - {}
RESULT: {}
COMMAND: GET /session/87d62074a4cb28b4ac0fd763e82d6371/screenshot - {}
RESULT: {}
COMMAND: POST /session/87d62074a4cb28b4ac0fd763e82d6371/element - {"using":"xpath","value":"//bdi[contains(@id ,\"BDI-content\")][contains(text(), \"Close\")]"}
RESULT: {"using":"xpath","value":"//bdi[contains(@id ,\"BDI-content\")][contains(text(), \"Close\")]"}
COMMAND: POST /session/87d62074a4cb28b4ac0fd763e82d6371/element/f.62693C2623AD3835EDB30C63D0026C38.d.7D62EEC6F13079523F290CFC00795F2E.e.3043/click - {}
RESULT: {}
COMMAND: GET /session/87d62074a4cb28b4ac0fd763e82d6371/screenshot - {}
RESULT: {}
]]></system-out>
    </testcase>
    <testcase classname="chrome.137_0_7151_69.windows.Manage_Requests_Tags_Tests_US120163" name="Should Edit Request Tags" time="95.353">
      <system-out><![CDATA[
COMMAND: POST /session/87d62074a4cb28b4ac0fd763e82d6371/execute/async - {"script":"<script> [1562 bytes]","args":[{"selector":{"controlType":"sap.ui.core.Icon","viewName":"etm.portal.ui.managerequests.view.Detail","properties":{"src":{"regex":{"source":"overflow"}}}},"wdio_ui5_key":"etmportal.ui.managerequests.view.Detailsap.ui.core.Icon{\"src\":{\"regex\":{\"source\":\"overflow\"}}}"}]}
RESULT: {"script":"<script> [1562 bytes]","args":[{"selector":{"controlType":"sap.ui.core.Icon","viewName":"etm.portal.ui.managerequests.view.Detail","properties":{"src":{"regex":{"source":"overflow"}}}},"wdio_ui5_key":"etmportal.ui.managerequests.view.Detailsap.ui.core.Icon{\"src\":{\"regex\":{\"source\":\"overflow\"}}}"}]}
RESULT: undefined
COMMAND: POST /session/87d62074a4cb28b4ac0fd763e82d6371/element - {"using":"xpath","value":"//*[@id=\"__xmlview61--detailHeaderTitle-_actionsToolbar-overflowButton-img\"]"}
RESULT: {"using":"xpath","value":"//*[@id=\"__xmlview61--detailHeaderTitle-_actionsToolbar-overflowButton-img\"]"}
COMMAND: POST /session/87d62074a4cb28b4ac0fd763e82d6371/element/f.62693C2623AD3835EDB30C63D0026C38.d.7D62EEC6F13079523F290CFC00795F2E.e.3168/click - {}
RESULT: {}
COMMAND: GET /session/87d62074a4cb28b4ac0fd763e82d6371/screenshot - {}
RESULT: {}
COMMAND: POST /session/87d62074a4cb28b4ac0fd763e82d6371/execute/async - {"script":"<script> [1562 bytes]","args":[{"selector":{"controlType":"sap.uxap.ObjectPageHeaderActionButton","viewName":"etm.portal.ui.managerequests.view.Detail","i18NText":{"propertyName":"text","key":"edit"},"searchOpenDialogs":true,"interaction":{"idSuffix":"inner"}},"wdio_ui5_key":"etmportal.ui.managerequests.view.Detailsap.uxap.ObjectPageHeaderActionButton{\"propertyName\":\"text\",\"key\":\"edit\"}"}]}
RESULT: {"script":"<script> [1562 bytes]","args":[{"selector":{"controlType":"sap.uxap.ObjectPageHeaderActionButton","viewName":"etm.portal.ui.managerequests.view.Detail","i18NText":{"propertyName":"text","key":"edit"},"searchOpenDialogs":true,"interaction":{"idSuffix":"inner"}},"wdio_ui5_key":"etmportal.ui.managerequests.view.Detailsap.uxap.ObjectPageHeaderActionButton{\"propertyName\":\"text\",\"key\":\"edit\"}"}]}
RESULT: undefined
COMMAND: POST /session/87d62074a4cb28b4ac0fd763e82d6371/element - {"using":"xpath","value":"//*[@id=\"__button136\"]"}
RESULT: {"using":"xpath","value":"//*[@id=\"__button136\"]"}
COMMAND: POST /session/87d62074a4cb28b4ac0fd763e82d6371/element/f.62693C2623AD3835EDB30C63D0026C38.d.7D62EEC6F13079523F290CFC00795F2E.e.3171/click - {}
RESULT: {}
COMMAND: GET /session/87d62074a4cb28b4ac0fd763e82d6371/screenshot - {}
RESULT: {}
COMMAND: POST /session/87d62074a4cb28b4ac0fd763e82d6371/execute/async - {"script":"<script> [1562 bytes]","args":[{"selector":{"controlType":"sap.ui.core.Icon","viewName":"etm.portal.ui.managerequests.view.Edit","properties":{"src":{"regex":{"source":"decline"}}},"ancestor":{"controlType":"sap.m.Token","viewName":"etm.portal.ui.managerequests.view.Edit","bindingPath":{"propertyPath":"TAG","modelName":"catalogModel"},"properties":{"text":"RefTag"}}},"wdio_ui5_key":"etmportal.ui.managerequests.view.Editsap.ui.core.Icon{\"src\":{\"regex\":{\"source\":\"decline\"}}}{\"controlType\":\"sap.m.Token\",\"viewName\":\"etm.portal.ui.managerequests.view.Edit\",\"bindingPath\":{\"propertyPath\":\"TAG\",\"modelName\":\"catalogModel\"},\"properties\":{\"text\":\"RefTag\"}}"}]}
RESULT: {"script":"<script> [1562 bytes]","args":[{"selector":{"controlType":"sap.ui.core.Icon","viewName":"etm.portal.ui.managerequests.view.Edit","properties":{"src":{"regex":{"source":"decline"}}},"ancestor":{"controlType":"sap.m.Token","viewName":"etm.portal.ui.managerequests.view.Edit","bindingPath":{"propertyPath":"TAG","modelName":"catalogModel"},"properties":{"text":"RefTag"}}},"wdio_ui5_key":"etmportal.ui.managerequests.view.Editsap.ui.core.Icon{\"src\":{\"regex\":{\"source\":\"decline\"}}}{\"controlType\":\"sap.m.Token\",\"viewName\":\"etm.portal.ui.managerequests.view.Edit\",\"bindingPath\":{\"propertyPath\":\"TAG\",\"modelName\":\"catalogModel\"},\"properties\":{\"text\":\"RefTag\"}}"}]}
RESULT: undefined
COMMAND: POST /session/87d62074a4cb28b4ac0fd763e82d6371/element - {"using":"xpath","value":"//*[@id=\"__token13-__tokenizer64-0-icon\"]"}
RESULT: {"using":"xpath","value":"//*[@id=\"__token13-__tokenizer64-0-icon\"]"}
COMMAND: POST /session/87d62074a4cb28b4ac0fd763e82d6371/element/f.62693C2623AD3835EDB30C63D0026C38.d.7D62EEC6F13079523F290CFC00795F2E.e.3279/click - {}
RESULT: {}
COMMAND: POST /session/87d62074a4cb28b4ac0fd763e82d6371/execute/async - {"script":"<script> [1562 bytes]","args":[{"selector":{"id":"tagMultiInputRequests","viewName":"etm.portal.ui.managerequests.view.Edit","interaction":{"idSuffix":"inner"}},"wdio_ui5_key":"tagMultiInputRequestsetmportal.ui.managerequests.view.Edit"}]}
COMMAND: GET /session/87d62074a4cb28b4ac0fd763e82d6371/screenshot - {}
RESULT: {"script":"<script> [1562 bytes]","args":[{"selector":{"id":"tagMultiInputRequests","viewName":"etm.portal.ui.managerequests.view.Edit","interaction":{"idSuffix":"inner"}},"wdio_ui5_key":"tagMultiInputRequestsetmportal.ui.managerequests.view.Edit"}]}
RESULT: undefined
COMMAND: POST /session/87d62074a4cb28b4ac0fd763e82d6371/execute/async - {"script":"<script> [6424 bytes]","args":[{"element-6066-11e4-a52e-4f735466cecf":"f.62693C2623AD3835EDB30C63D0026C38.d.7D62EEC6F13079523F290CFC00795F2E.e.3205"},"getTokens",[]]}
RESULT: {}
RESULT: {"script":"<script> [6424 bytes]","args":[{"element-6066-11e4-a52e-4f735466cecf":"f.62693C2623AD3835EDB30C63D0026C38.d.7D62EEC6F13079523F290CFC00795F2E.e.3205"},"getTokens",[]]}
COMMAND: POST /session/87d62074a4cb28b4ac0fd763e82d6371/execute/async - {"script":"<script> [1562 bytes]","args":[{"wdio_ui5_key":"__token13-__tokenizer64-1","selector":{"id":"__token13-__tokenizer64-1"}}]}
RESULT: {"script":"<script> [1562 bytes]","args":[{"wdio_ui5_key":"__token13-__tokenizer64-1","selector":{"id":"__token13-__tokenizer64-1"}}]}
RESULT: undefined
RESULT: undefined
COMMAND: POST /session/87d62074a4cb28b4ac0fd763e82d6371/execute/async - {"script":"<script> [776 bytes]","args":[{"enterText":"RefTag","selector":{"id":"tagMultiInputRequests","viewName":"etm.portal.ui.managerequests.view.Edit","interaction":{"idSuffix":"inner"}},"clearTextFirst":true,"interactionType":"ENTER_TEXT"}]}
RESULT: {"script":"<script> [776 bytes]","args":[{"enterText":"RefTag","selector":{"id":"tagMultiInputRequests","viewName":"etm.portal.ui.managerequests.view.Edit","interaction":{"idSuffix":"inner"}},"clearTextFirst":true,"interactionType":"ENTER_TEXT"}]}
COMMAND: POST /session/87d62074a4cb28b4ac0fd763e82d6371/actions - {"actions":[{"id":"action28","type":"key","parameters":{},"actions":[{"type":"keyDown","value":""},{"type":"pause","duration":10},{"type":"keyUp","value":""}]}]}
RESULT: {"actions":[{"id":"action28","type":"key","parameters":{},"actions":[{"type":"keyDown","value":""},{"type":"pause","duration":10},{"type":"keyUp","value":""}]}]}
COMMAND: GET /session/87d62074a4cb28b4ac0fd763e82d6371/screenshot - {}
RESULT: {}
RESULT: undefined
COMMAND: POST /session/87d62074a4cb28b4ac0fd763e82d6371/execute/async - {"script":"<script> [6424 bytes]","args":[{"element-6066-11e4-a52e-4f735466cecf":"f.62693C2623AD3835EDB30C63D0026C38.d.7D62EEC6F13079523F290CFC00795F2E.e.3205"},"getTokens",[]]}
RESULT: {"script":"<script> [6424 bytes]","args":[{"element-6066-11e4-a52e-4f735466cecf":"f.62693C2623AD3835EDB30C63D0026C38.d.7D62EEC6F13079523F290CFC00795F2E.e.3205"},"getTokens",[]]}
COMMAND: POST /session/87d62074a4cb28b4ac0fd763e82d6371/execute/async - {"script":"<script> [1562 bytes]","args":[{"wdio_ui5_key":"__token16","selector":{"id":"__token16"}}]}
RESULT: undefined
RESULT: {"script":"<script> [1562 bytes]","args":[{"wdio_ui5_key":"__token16","selector":{"id":"__token16"}}]}
RESULT: undefined
COMMAND: POST /session/87d62074a4cb28b4ac0fd763e82d6371/execute/async - {"script":"<script> [1562 bytes]","args":[{"selector":{"controlType":"sap.m.Button","viewName":"etm.portal.ui.managerequests.view.Edit","properties":{"text":"Items (2)"},"interaction":{"idSuffix":"BDI-content"}},"wdio_ui5_key":"etmportal.ui.managerequests.view.Editsap.m.Button{\"text\":\"Items (2)\"}"}]}
RESULT: {"script":"<script> [1562 bytes]","args":[{"selector":{"controlType":"sap.m.Button","viewName":"etm.portal.ui.managerequests.view.Edit","properties":{"text":"Items (2)"},"interaction":{"idSuffix":"BDI-content"}},"wdio_ui5_key":"etmportal.ui.managerequests.view.Editsap.m.Button{\"text\":\"Items (2)\"}"}]}
RESULT: undefined
COMMAND: POST /session/87d62074a4cb28b4ac0fd763e82d6371/element - {"using":"xpath","value":"//*[@id=\"__xmlview62--editRequestPage-anchBar-__xmlview62--requestItemsSection-anchor\"]"}
RESULT: {"using":"xpath","value":"//*[@id=\"__xmlview62--editRequestPage-anchBar-__xmlview62--requestItemsSection-anchor\"]"}
COMMAND: POST /session/87d62074a4cb28b4ac0fd763e82d6371/element/f.62693C2623AD3835EDB30C63D0026C38.d.7D62EEC6F13079523F290CFC00795F2E.e.3284/click - {}
RESULT: {}
COMMAND: GET /session/87d62074a4cb28b4ac0fd763e82d6371/screenshot - {}
RESULT: {}
COMMAND: POST /session/87d62074a4cb28b4ac0fd763e82d6371/execute/async - {"script":"<script> [1562 bytes]","args":[{"selector":{"controlType":"sap.ui.core.Icon","viewName":"etm.portal.ui.managerequests.view.Edit","properties":{"src":{"regex":{"source":"inspect"}}}},"wdio_ui5_key":"etmportal.ui.managerequests.view.Editsap.ui.core.Icon{\"src\":{\"regex\":{\"source\":\"inspect\"}}}"}]}
RESULT: {"script":"<script> [1562 bytes]","args":[{"selector":{"controlType":"sap.ui.core.Icon","viewName":"etm.portal.ui.managerequests.view.Edit","properties":{"src":{"regex":{"source":"inspect"}}}},"wdio_ui5_key":"etmportal.ui.managerequests.view.Editsap.ui.core.Icon{\"src\":{\"regex\":{\"source\":\"inspect\"}}}"}]}
RESULT: undefined
COMMAND: POST /session/87d62074a4cb28b4ac0fd763e82d6371/element - {"using":"xpath","value":"//*[@id=\"__button163-img\"]"}
RESULT: {"using":"xpath","value":"//*[@id=\"__button163-img\"]"}
COMMAND: POST /session/87d62074a4cb28b4ac0fd763e82d6371/element/f.62693C2623AD3835EDB30C63D0026C38.d.7D62EEC6F13079523F290CFC00795F2E.e.3290/click - {}
RESULT: {}
COMMAND: GET /session/87d62074a4cb28b4ac0fd763e82d6371/screenshot - {}
RESULT: {}
COMMAND: POST /session/87d62074a4cb28b4ac0fd763e82d6371/execute/async - {"script":"<script> [1562 bytes]","args":[{"selector":{"controlType":"sap.m.Tokenizer","viewName":"etm.portal.ui.managerequests.view.Edit","bindingPath":{"path":"/RequestItems/0","propertyPath":"LINK_TO_TAGS","modelName":"RequestItemsModel"}},"wdio_ui5_key":"etmportal.ui.managerequests.view.Editsap.m.Tokenizer{\"path\":\"/RequestItems/0\",\"propertyPath\":\"LINK_TO_TAGS\",\"modelName\":\"RequestItemsModel\"}"}]}
RESULT: {"script":"<script> [1562 bytes]","args":[{"selector":{"controlType":"sap.m.Tokenizer","viewName":"etm.portal.ui.managerequests.view.Edit","bindingPath":{"path":"/RequestItems/0","propertyPath":"LINK_TO_TAGS","modelName":"RequestItemsModel"}},"wdio_ui5_key":"etmportal.ui.managerequests.view.Editsap.m.Tokenizer{\"path\":\"/RequestItems/0\",\"propertyPath\":\"LINK_TO_TAGS\",\"modelName\":\"RequestItemsModel\"}"}]}
RESULT: undefined
COMMAND: POST /session/87d62074a4cb28b4ac0fd763e82d6371/element - {"using":"xpath","value":"//*[@id=\"__tokenizer66\"]"}
RESULT: {"using":"xpath","value":"//*[@id=\"__tokenizer66\"]"}
COMMAND: POST /session/87d62074a4cb28b4ac0fd763e82d6371/element/f.62693C2623AD3835EDB30C63D0026C38.d.7D62EEC6F13079523F290CFC00795F2E.e.3292/click - {}
RESULT: {}
COMMAND: GET /session/87d62074a4cb28b4ac0fd763e82d6371/screenshot - {}
RESULT: {}
COMMAND: POST /session/87d62074a4cb28b4ac0fd763e82d6371/execute/async - {"script":"<script> [1562 bytes]","args":[{"selector":{"controlType":"sap.ui.core.Icon","viewName":"etm.portal.ui.managerequests.view.Edit","properties":{"src":{"regex":{"source":"decline"}}},"searchOpenDialogs":true,"ancestor":{"controlType":"sap.m.StandardListItem","viewName":"etm.portal.ui.managerequests.view.Edit","properties":{"title":"tag-duplicate"},"searchOpenDialogs":true}},"wdio_ui5_key":"etmportal.ui.managerequests.view.Editsap.ui.core.Icon{\"src\":{\"regex\":{\"source\":\"decline\"}}}{\"controlType\":\"sap.m.StandardListItem\",\"viewName\":\"etm.portal.ui.managerequests.view.Edit\",\"properties\":{\"title\":\"tag-duplicate\"},\"searchOpenDialogs\":true}"}]}
RESULT: {"script":"<script> [1562 bytes]","args":[{"selector":{"controlType":"sap.ui.core.Icon","viewName":"etm.portal.ui.managerequests.view.Edit","properties":{"src":{"regex":{"source":"decline"}}},"searchOpenDialogs":true,"ancestor":{"controlType":"sap.m.StandardListItem","viewName":"etm.portal.ui.managerequests.view.Edit","properties":{"title":"tag-duplicate"},"searchOpenDialogs":true}},"wdio_ui5_key":"etmportal.ui.managerequests.view.Editsap.ui.core.Icon{\"src\":{\"regex\":{\"source\":\"decline\"}}}{\"controlType\":\"sap.m.StandardListItem\",\"viewName\":\"etm.portal.ui.managerequests.view.Edit\",\"properties\":{\"title\":\"tag-duplicate\"},\"searchOpenDialogs\":true}"}]}
RESULT: undefined
COMMAND: POST /session/87d62074a4cb28b4ac0fd763e82d6371/element - {"using":"xpath","value":"//*[@id=\"__item1502-imgDel-img\"]"}
RESULT: {"using":"xpath","value":"//*[@id=\"__item1502-imgDel-img\"]"}
COMMAND: POST /session/87d62074a4cb28b4ac0fd763e82d6371/element/f.62693C2623AD3835EDB30C63D0026C38.d.7D62EEC6F13079523F290CFC00795F2E.e.3295/click - {}
RESULT: {}
COMMAND: GET /session/87d62074a4cb28b4ac0fd763e82d6371/screenshot - {}
RESULT: {}
COMMAND: POST /session/87d62074a4cb28b4ac0fd763e82d6371/actions - {"actions":[{"id":"action29","type":"key","parameters":{},"actions":[{"type":"keyDown","value":""},{"type":"pause","duration":10},{"type":"keyUp","value":""}]}]}
RESULT: {"actions":[{"id":"action29","type":"key","parameters":{},"actions":[{"type":"keyDown","value":""},{"type":"pause","duration":10},{"type":"keyUp","value":""}]}]}
COMMAND: POST /session/87d62074a4cb28b4ac0fd763e82d6371/execute/async - {"script":"<script> [1562 bytes]","args":[{"selector":{"controlType":"sap.m.Tokenizer","viewName":"etm.portal.ui.managerequests.view.Edit","bindingPath":{"path":"/RequestItems/1","propertyPath":"LINK_TO_TAGS","modelName":"RequestItemsModel"}},"wdio_ui5_key":"etmportal.ui.managerequests.view.Editsap.m.Tokenizer{\"path\":\"/RequestItems/1\",\"propertyPath\":\"LINK_TO_TAGS\",\"modelName\":\"RequestItemsModel\"}"}]}
COMMAND: GET /session/87d62074a4cb28b4ac0fd763e82d6371/screenshot - {}
RESULT: {"script":"<script> [1562 bytes]","args":[{"selector":{"controlType":"sap.m.Tokenizer","viewName":"etm.portal.ui.managerequests.view.Edit","bindingPath":{"path":"/RequestItems/1","propertyPath":"LINK_TO_TAGS","modelName":"RequestItemsModel"}},"wdio_ui5_key":"etmportal.ui.managerequests.view.Editsap.m.Tokenizer{\"path\":\"/RequestItems/1\",\"propertyPath\":\"LINK_TO_TAGS\",\"modelName\":\"RequestItemsModel\"}"}]}
RESULT: undefined
COMMAND: POST /session/87d62074a4cb28b4ac0fd763e82d6371/element - {"using":"xpath","value":"//*[@id=\"__tokenizer67\"]"}
RESULT: {}
RESULT: {"using":"xpath","value":"//*[@id=\"__tokenizer67\"]"}
COMMAND: POST /session/87d62074a4cb28b4ac0fd763e82d6371/element/f.62693C2623AD3835EDB30C63D0026C38.d.7D62EEC6F13079523F290CFC00795F2E.e.3298/click - {}
RESULT: {}
COMMAND: GET /session/87d62074a4cb28b4ac0fd763e82d6371/screenshot - {}
RESULT: {}
COMMAND: POST /session/87d62074a4cb28b4ac0fd763e82d6371/execute/async - {"script":"<script> [1562 bytes]","args":[{"selector":{"controlType":"sap.ui.core.Icon","viewName":"etm.portal.ui.managerequests.view.Edit","properties":{"src":{"regex":{"source":"decline"}}},"searchOpenDialogs":true,"ancestor":{"controlType":"sap.m.StandardListItem","viewName":"etm.portal.ui.managerequests.view.Edit","properties":{"title":"tagRequest1"},"searchOpenDialogs":true}},"wdio_ui5_key":"etmportal.ui.managerequests.view.Editsap.ui.core.Icon{\"src\":{\"regex\":{\"source\":\"decline\"}}}{\"controlType\":\"sap.m.StandardListItem\",\"viewName\":\"etm.portal.ui.managerequests.view.Edit\",\"properties\":{\"title\":\"tagRequest1\"},\"searchOpenDialogs\":true}"}]}
RESULT: {"script":"<script> [1562 bytes]","args":[{"selector":{"controlType":"sap.ui.core.Icon","viewName":"etm.portal.ui.managerequests.view.Edit","properties":{"src":{"regex":{"source":"decline"}}},"searchOpenDialogs":true,"ancestor":{"controlType":"sap.m.StandardListItem","viewName":"etm.portal.ui.managerequests.view.Edit","properties":{"title":"tagRequest1"},"searchOpenDialogs":true}},"wdio_ui5_key":"etmportal.ui.managerequests.view.Editsap.ui.core.Icon{\"src\":{\"regex\":{\"source\":\"decline\"}}}{\"controlType\":\"sap.m.StandardListItem\",\"viewName\":\"etm.portal.ui.managerequests.view.Edit\",\"properties\":{\"title\":\"tagRequest1\"},\"searchOpenDialogs\":true}"}]}
RESULT: undefined
COMMAND: POST /session/87d62074a4cb28b4ac0fd763e82d6371/element - {"using":"xpath","value":"//*[@id=\"__item1510-imgDel-img\"]"}
RESULT: {"using":"xpath","value":"//*[@id=\"__item1510-imgDel-img\"]"}
COMMAND: POST /session/87d62074a4cb28b4ac0fd763e82d6371/element/f.62693C2623AD3835EDB30C63D0026C38.d.7D62EEC6F13079523F290CFC00795F2E.e.3301/click - {}
RESULT: {}
COMMAND: GET /session/87d62074a4cb28b4ac0fd763e82d6371/screenshot - {}
RESULT: {}
COMMAND: POST /session/87d62074a4cb28b4ac0fd763e82d6371/execute/async - {"script":"<script> [1562 bytes]","args":[{"selector":{"controlType":"sap.ui.core.Icon","viewName":"etm.portal.ui.managerequests.view.Edit","properties":{"src":{"regex":{"source":"decline"}}},"searchOpenDialogs":true,"ancestor":{"controlType":"sap.m.StandardListItem","viewName":"etm.portal.ui.managerequests.view.Edit","properties":{"title":"RefTag"},"searchOpenDialogs":true}},"wdio_ui5_key":"etmportal.ui.managerequests.view.Editsap.ui.core.Icon{\"src\":{\"regex\":{\"source\":\"decline\"}}}{\"controlType\":\"sap.m.StandardListItem\",\"viewName\":\"etm.portal.ui.managerequests.view.Edit\",\"properties\":{\"title\":\"RefTag\"},\"searchOpenDialogs\":true}"}]}
RESULT: {"script":"<script> [1562 bytes]","args":[{"selector":{"controlType":"sap.ui.core.Icon","viewName":"etm.portal.ui.managerequests.view.Edit","properties":{"src":{"regex":{"source":"decline"}}},"searchOpenDialogs":true,"ancestor":{"controlType":"sap.m.StandardListItem","viewName":"etm.portal.ui.managerequests.view.Edit","properties":{"title":"RefTag"},"searchOpenDialogs":true}},"wdio_ui5_key":"etmportal.ui.managerequests.view.Editsap.ui.core.Icon{\"src\":{\"regex\":{\"source\":\"decline\"}}}{\"controlType\":\"sap.m.StandardListItem\",\"viewName\":\"etm.portal.ui.managerequests.view.Edit\",\"properties\":{\"title\":\"RefTag\"},\"searchOpenDialogs\":true}"}]}
RESULT: undefined
COMMAND: POST /session/87d62074a4cb28b4ac0fd763e82d6371/element - {"using":"xpath","value":"//*[@id=\"__item1514-imgDel-img\"]"}
RESULT: {"using":"xpath","value":"//*[@id=\"__item1514-imgDel-img\"]"}
COMMAND: POST /session/87d62074a4cb28b4ac0fd763e82d6371/element/f.62693C2623AD3835EDB30C63D0026C38.d.7D62EEC6F13079523F290CFC00795F2E.e.3304/click - {}
RESULT: {}
COMMAND: GET /session/87d62074a4cb28b4ac0fd763e82d6371/screenshot - {}
RESULT: {}
COMMAND: POST /session/87d62074a4cb28b4ac0fd763e82d6371/execute/async - {"script":"<script> [1562 bytes]","args":[{"selector":{"controlType":"sap.ui.core.Icon","viewName":"etm.portal.ui.managerequests.view.Edit","properties":{"src":{"regex":{"source":"decline"}}},"searchOpenDialogs":true,"ancestor":{"controlType":"sap.m.StandardListItem","viewName":"etm.portal.ui.managerequests.view.Edit","properties":{"title":"tag-header"},"searchOpenDialogs":true}},"wdio_ui5_key":"etmportal.ui.managerequests.view.Editsap.ui.core.Icon{\"src\":{\"regex\":{\"source\":\"decline\"}}}{\"controlType\":\"sap.m.StandardListItem\",\"viewName\":\"etm.portal.ui.managerequests.view.Edit\",\"properties\":{\"title\":\"tag-header\"},\"searchOpenDialogs\":true}"}]}
RESULT: {"script":"<script> [1562 bytes]","args":[{"selector":{"controlType":"sap.ui.core.Icon","viewName":"etm.portal.ui.managerequests.view.Edit","properties":{"src":{"regex":{"source":"decline"}}},"searchOpenDialogs":true,"ancestor":{"controlType":"sap.m.StandardListItem","viewName":"etm.portal.ui.managerequests.view.Edit","properties":{"title":"tag-header"},"searchOpenDialogs":true}},"wdio_ui5_key":"etmportal.ui.managerequests.view.Editsap.ui.core.Icon{\"src\":{\"regex\":{\"source\":\"decline\"}}}{\"controlType\":\"sap.m.StandardListItem\",\"viewName\":\"etm.portal.ui.managerequests.view.Edit\",\"properties\":{\"title\":\"tag-header\"},\"searchOpenDialogs\":true}"}]}
RESULT: undefined
COMMAND: POST /session/87d62074a4cb28b4ac0fd763e82d6371/element - {"using":"xpath","value":"//*[@id=\"__item1517-imgDel-img\"]"}
RESULT: {"using":"xpath","value":"//*[@id=\"__item1517-imgDel-img\"]"}
COMMAND: POST /session/87d62074a4cb28b4ac0fd763e82d6371/element/f.62693C2623AD3835EDB30C63D0026C38.d.7D62EEC6F13079523F290CFC00795F2E.e.3307/click - {}
RESULT: {}
COMMAND: GET /session/87d62074a4cb28b4ac0fd763e82d6371/screenshot - {}
RESULT: {}
COMMAND: POST /session/87d62074a4cb28b4ac0fd763e82d6371/actions - {"actions":[{"id":"action30","type":"key","parameters":{},"actions":[{"type":"keyDown","value":""},{"type":"pause","duration":10},{"type":"keyUp","value":""}]}]}
RESULT: {"actions":[{"id":"action30","type":"key","parameters":{},"actions":[{"type":"keyDown","value":""},{"type":"pause","duration":10},{"type":"keyUp","value":""}]}]}
COMMAND: POST /session/87d62074a4cb28b4ac0fd763e82d6371/actions - {"actions":[{"id":"action31","type":"key","parameters":{},"actions":[{"type":"keyDown","value":""},{"type":"pause","duration":10},{"type":"keyUp","value":""}]}]}
COMMAND: GET /session/87d62074a4cb28b4ac0fd763e82d6371/screenshot - {}
RESULT: {"actions":[{"id":"action31","type":"key","parameters":{},"actions":[{"type":"keyDown","value":""},{"type":"pause","duration":10},{"type":"keyUp","value":""}]}]}
COMMAND: GET /session/87d62074a4cb28b4ac0fd763e82d6371/screenshot - {}
RESULT: {}
RESULT: {}
COMMAND: POST /session/87d62074a4cb28b4ac0fd763e82d6371/execute/async - {"script":"<script> [1562 bytes]","args":[{"selector":{"controlType":"sap.m.Button","viewName":"etm.portal.ui.managerequests.view.Edit","i18NText":{"propertyName":"tooltip","key":"save"},"interaction":{"idSuffix":"BDI-content"}},"wdio_ui5_key":"etmportal.ui.managerequests.view.Editsap.m.Button{\"propertyName\":\"tooltip\",\"key\":\"save\"}"}]}
RESULT: {"script":"<script> [1562 bytes]","args":[{"selector":{"controlType":"sap.m.Button","viewName":"etm.portal.ui.managerequests.view.Edit","i18NText":{"propertyName":"tooltip","key":"save"},"interaction":{"idSuffix":"BDI-content"}},"wdio_ui5_key":"etmportal.ui.managerequests.view.Editsap.m.Button{\"propertyName\":\"tooltip\",\"key\":\"save\"}"}]}
RESULT: undefined
COMMAND: POST /session/87d62074a4cb28b4ac0fd763e82d6371/element - {"using":"xpath","value":"//*[@id=\"__xmlview62--saveButtonId\"]"}
RESULT: {"using":"xpath","value":"//*[@id=\"__xmlview62--saveButtonId\"]"}
COMMAND: POST /session/87d62074a4cb28b4ac0fd763e82d6371/element/f.62693C2623AD3835EDB30C63D0026C38.d.7D62EEC6F13079523F290CFC00795F2E.e.3213/click - {}
RESULT: {}
COMMAND: GET /session/87d62074a4cb28b4ac0fd763e82d6371/screenshot - {}
RESULT: {}
COMMAND: POST /session/87d62074a4cb28b4ac0fd763e82d6371/execute/async - {"script":"<script> [1562 bytes]","args":[{"selector":{"id":"tagsLayoutViewMode","viewName":"etm.portal.ui.managerequests.view.Detail"},"wdio_ui5_key":"tagsLayoutViewModeetmportal.ui.managerequests.view.Detail"}]}
RESULT: {"script":"<script> [1562 bytes]","args":[{"selector":{"id":"tagsLayoutViewMode","viewName":"etm.portal.ui.managerequests.view.Detail"},"wdio_ui5_key":"tagsLayoutViewModeetmportal.ui.managerequests.view.Detail"}]}
RESULT: undefined
COMMAND: POST /session/87d62074a4cb28b4ac0fd763e82d6371/execute/async - {"script":"<script> [6424 bytes]","args":[{"element-6066-11e4-a52e-4f735466cecf":"f.62693C2623AD3835EDB30C63D0026C38.d.7D62EEC6F13079523F290CFC00795F2E.e.3434"},"getTokens",[]]}
RESULT: {"script":"<script> [6424 bytes]","args":[{"element-6066-11e4-a52e-4f735466cecf":"f.62693C2623AD3835EDB30C63D0026C38.d.7D62EEC6F13079523F290CFC00795F2E.e.3434"},"getTokens",[]]}
COMMAND: POST /session/87d62074a4cb28b4ac0fd763e82d6371/execute/async - {"script":"<script> [1562 bytes]","args":[{"wdio_ui5_key":"__token11-__xmlview61--tagsLayoutViewMode-1","selector":{"id":"__token11-__xmlview61--tagsLayoutViewMode-1"}}]}
COMMAND: POST /session/87d62074a4cb28b4ac0fd763e82d6371/execute/async - {"script":"<script> [1562 bytes]","args":[{"wdio_ui5_key":"__token11-__xmlview61--tagsLayoutViewMode-0","selector":{"id":"__token11-__xmlview61--tagsLayoutViewMode-0"}}]}
RESULT: {"script":"<script> [1562 bytes]","args":[{"wdio_ui5_key":"__token11-__xmlview61--tagsLayoutViewMode-1","selector":{"id":"__token11-__xmlview61--tagsLayoutViewMode-1"}}]}
RESULT: undefined
RESULT: {"script":"<script> [1562 bytes]","args":[{"wdio_ui5_key":"__token11-__xmlview61--tagsLayoutViewMode-0","selector":{"id":"__token11-__xmlview61--tagsLayoutViewMode-0"}}]}
RESULT: undefined
COMMAND: POST /session/87d62074a4cb28b4ac0fd763e82d6371/execute/async - {"script":"<script> [1562 bytes]","args":[{"selector":{"controlType":"sap.m.OverflowToolbarButton","viewName":"etm.portal.ui.managerequests.view.Detail","properties":{"text":"Settings"},"interaction":{"idSuffix":"inner"}},"wdio_ui5_key":"etmportal.ui.managerequests.view.Detailsap.m.OverflowToolbarButton{\"text\":\"Settings\"}"}]}
RESULT: {"script":"<script> [1562 bytes]","args":[{"selector":{"controlType":"sap.m.OverflowToolbarButton","viewName":"etm.portal.ui.managerequests.view.Detail","properties":{"text":"Settings"},"interaction":{"idSuffix":"inner"}},"wdio_ui5_key":"etmportal.ui.managerequests.view.Detailsap.m.OverflowToolbarButton{\"text\":\"Settings\"}"}]}
RESULT: undefined
COMMAND: POST /session/87d62074a4cb28b4ac0fd763e82d6371/element - {"using":"xpath","value":"//*[@id=\"__xmlview61--smartTableRequestItems-btnPersonalisation\"]"}
RESULT: {"using":"xpath","value":"//*[@id=\"__xmlview61--smartTableRequestItems-btnPersonalisation\"]"}
COMMAND: POST /session/87d62074a4cb28b4ac0fd763e82d6371/element/f.62693C2623AD3835EDB30C63D0026C38.d.7D62EEC6F13079523F290CFC00795F2E.e.3438/click - {}
RESULT: {}
COMMAND: POST /session/87d62074a4cb28b4ac0fd763e82d6371/execute/async - {"script":"<script> [1562 bytes]","args":[{"selector":{"controlType":"sap.m.SearchField","viewName":"etm.portal.ui.managerequests.view.Detail","searchOpenDialogs":true,"interaction":{"idSuffix":"I"}},"wdio_ui5_key":"etmportal.ui.managerequests.view.Detailsap.m.SearchField"}]}
COMMAND: GET /session/87d62074a4cb28b4ac0fd763e82d6371/screenshot - {}
RESULT: {"script":"<script> [1562 bytes]","args":[{"selector":{"controlType":"sap.m.SearchField","viewName":"etm.portal.ui.managerequests.view.Detail","searchOpenDialogs":true,"interaction":{"idSuffix":"I"}},"wdio_ui5_key":"etmportal.ui.managerequests.view.Detailsap.m.SearchField"}]}
RESULT: undefined
COMMAND: POST /session/87d62074a4cb28b4ac0fd763e82d6371/execute/async - {"script":"<script> [776 bytes]","args":[{"enterText":"tag","selector":{"controlType":"sap.m.SearchField","viewName":"etm.portal.ui.managerequests.view.Detail","searchOpenDialogs":true,"interaction":{"idSuffix":"I"}},"clearTextFirst":true,"interactionType":"ENTER_TEXT"}]}
RESULT: {}
RESULT: {"script":"<script> [776 bytes]","args":[{"enterText":"tag","selector":{"controlType":"sap.m.SearchField","viewName":"etm.portal.ui.managerequests.view.Detail","searchOpenDialogs":true,"interaction":{"idSuffix":"I"}},"clearTextFirst":true,"interactionType":"ENTER_TEXT"}]}
COMMAND: POST /session/87d62074a4cb28b4ac0fd763e82d6371/element - {"using":"xpath","value":"//div[contains(@id ,\"innerSelectionPanelTable-0-selectMulti-CbBg\")]"}
RESULT: {"using":"xpath","value":"//div[contains(@id ,\"innerSelectionPanelTable-0-selectMulti-CbBg\")]"}
COMMAND: POST /session/87d62074a4cb28b4ac0fd763e82d6371/element/f.62693C2623AD3835EDB30C63D0026C38.d.7D62EEC6F13079523F290CFC00795F2E.e.3475/click - {}
RESULT: {}
COMMAND: POST /session/87d62074a4cb28b4ac0fd763e82d6371/execute/async - {"script":"<script> [1562 bytes]","args":[{"selector":{"controlType":"sap.m.Button","viewName":"etm.portal.ui.managerequests.view.Detail","properties":{"text":"OK"},"searchOpenDialogs":true,"interaction":{"idSuffix":"BDI-content"}},"wdio_ui5_key":"etmportal.ui.managerequests.view.Detailsap.m.Button{\"text\":\"OK\"}"}]}
COMMAND: GET /session/87d62074a4cb28b4ac0fd763e82d6371/screenshot - {}
RESULT: {"script":"<script> [1562 bytes]","args":[{"selector":{"controlType":"sap.m.Button","viewName":"etm.portal.ui.managerequests.view.Detail","properties":{"text":"OK"},"searchOpenDialogs":true,"interaction":{"idSuffix":"BDI-content"}},"wdio_ui5_key":"etmportal.ui.managerequests.view.Detailsap.m.Button{\"text\":\"OK\"}"}]}
RESULT: undefined
COMMAND: POST /session/87d62074a4cb28b4ac0fd763e82d6371/element - {"using":"xpath","value":"//*[@id=\"__popup378-confirmBtn\"]"}
RESULT: {}
RESULT: {"using":"xpath","value":"//*[@id=\"__popup378-confirmBtn\"]"}
COMMAND: POST /session/87d62074a4cb28b4ac0fd763e82d6371/element/f.62693C2623AD3835EDB30C63D0026C38.d.7D62EEC6F13079523F290CFC00795F2E.e.3479/click - {}
RESULT: {}
COMMAND: GET /session/87d62074a4cb28b4ac0fd763e82d6371/screenshot - {}
RESULT: {}
COMMAND: POST /session/87d62074a4cb28b4ac0fd763e82d6371/execute/async - {"script":"<script> [1562 bytes]","args":[{"selector":{"controlType":"sap.m.Text","viewName":"etm.portal.ui.managerequests.view.Detail","bindingPath":{"propertyPath":"NO","modelName":"catalogModel"}},"wdio_ui5_key":"etmportal.ui.managerequests.view.Detailsap.m.Text{\"propertyPath\":\"NO\",\"modelName\":\"catalogModel\"}"}]}
RESULT: {"script":"<script> [1562 bytes]","args":[{"selector":{"controlType":"sap.m.Text","viewName":"etm.portal.ui.managerequests.view.Detail","bindingPath":{"propertyPath":"NO","modelName":"catalogModel"}},"wdio_ui5_key":"etmportal.ui.managerequests.view.Detailsap.m.Text{\"propertyPath\":\"NO\",\"modelName\":\"catalogModel\"}"}]}
RESULT: undefined
COMMAND: POST /session/87d62074a4cb28b4ac0fd763e82d6371/execute/async - {"script":"<script> [6424 bytes]","args":[{"element-6066-11e4-a52e-4f735466cecf":"f.62693C2623AD3835EDB30C63D0026C38.d.7D62EEC6F13079523F290CFC00795F2E.e.3502"},"getText",[]]}
RESULT: {"script":"<script> [6424 bytes]","args":[{"element-6066-11e4-a52e-4f735466cecf":"f.62693C2623AD3835EDB30C63D0026C38.d.7D62EEC6F13079523F290CFC00795F2E.e.3502"},"getText",[]]}
COMMAND: POST /session/87d62074a4cb28b4ac0fd763e82d6371/execute/async - {"script":"<script> [1562 bytes]","args":[{"selector":{"controlType":"sap.m.Tokenizer","viewName":"etm.portal.ui.managerequests.view.Detail","bindingPath":{"path":"/SmartRequestItemsPlanningBoard(ITEM=10m,REQUEST='20085')","propertyPath":"LINK_TO_TAGS"}},"wdio_ui5_key":"etmportal.ui.managerequests.view.Detailsap.m.Tokenizer{\"path\":\"/SmartRequestItemsPlanningBoard(ITEM=10m,REQUEST='20085')\",\"propertyPath\":\"LINK_TO_TAGS\"}"}]}
RESULT: {"script":"<script> [1562 bytes]","args":[{"selector":{"controlType":"sap.m.Tokenizer","viewName":"etm.portal.ui.managerequests.view.Detail","bindingPath":{"path":"/SmartRequestItemsPlanningBoard(ITEM=10m,REQUEST='20085')","propertyPath":"LINK_TO_TAGS"}},"wdio_ui5_key":"etmportal.ui.managerequests.view.Detailsap.m.Tokenizer{\"path\":\"/SmartRequestItemsPlanningBoard(ITEM=10m,REQUEST='20085')\",\"propertyPath\":\"LINK_TO_TAGS\"}"}]}
RESULT: undefined
COMMAND: POST /session/87d62074a4cb28b4ac0fd763e82d6371/execute/async - {"script":"<script> [6424 bytes]","args":[{"element-6066-11e4-a52e-4f735466cecf":"f.62693C2623AD3835EDB30C63D0026C38.d.7D62EEC6F13079523F290CFC00795F2E.e.3503"},"getTokens",[]]}
RESULT: {"script":"<script> [6424 bytes]","args":[{"element-6066-11e4-a52e-4f735466cecf":"f.62693C2623AD3835EDB30C63D0026C38.d.7D62EEC6F13079523F290CFC00795F2E.e.3503"},"getTokens",[]]}
COMMAND: POST /session/87d62074a4cb28b4ac0fd763e82d6371/execute/async - {"script":"<script> [1562 bytes]","args":[{"wdio_ui5_key":"__token12-__tokenizer63-__clone4444-1","selector":{"id":"__token12-__tokenizer63-__clone4444-1"}}]}
COMMAND: POST /session/87d62074a4cb28b4ac0fd763e82d6371/execute/async - {"script":"<script> [1562 bytes]","args":[{"wdio_ui5_key":"__token12-__tokenizer63-__clone4444-2","selector":{"id":"__token12-__tokenizer63-__clone4444-2"}}]}
COMMAND: POST /session/87d62074a4cb28b4ac0fd763e82d6371/execute/async - {"script":"<script> [1562 bytes]","args":[{"wdio_ui5_key":"__token12-__tokenizer63-__clone4444-0","selector":{"id":"__token12-__tokenizer63-__clone4444-0"}}]}
RESULT: {"script":"<script> [1562 bytes]","args":[{"wdio_ui5_key":"__token12-__tokenizer63-__clone4444-1","selector":{"id":"__token12-__tokenizer63-__clone4444-1"}}]}
RESULT: undefined
RESULT: {"script":"<script> [1562 bytes]","args":[{"wdio_ui5_key":"__token12-__tokenizer63-__clone4444-2","selector":{"id":"__token12-__tokenizer63-__clone4444-2"}}]}
RESULT: undefined
RESULT: {"script":"<script> [1562 bytes]","args":[{"wdio_ui5_key":"__token12-__tokenizer63-__clone4444-0","selector":{"id":"__token12-__tokenizer63-__clone4444-0"}}]}
RESULT: undefined
COMMAND: POST /session/87d62074a4cb28b4ac0fd763e82d6371/element - {"using":"xpath","value":"(//span[contains(text(), \"tag-header\")])[2]"}
RESULT: {"using":"xpath","value":"(//span[contains(text(), \"tag-header\")])[2]"}
COMMAND: POST /session/87d62074a4cb28b4ac0fd763e82d6371/elements - {"using":"xpath","value":"(//span[contains(text(), \"tag-header\")])[2]"}
RESULT: {"using":"xpath","value":"(//span[contains(text(), \"tag-header\")])[2]"}
COMMAND: POST /session/87d62074a4cb28b4ac0fd763e82d6371/execute/async - {"script":"<script> [1562 bytes]","args":[{"selector":{"controlType":"sap.m.Tokenizer","viewName":"etm.portal.ui.managerequests.view.Detail","bindingPath":{"path":"/SmartRequestItemsPlanningBoard(ITEM=20m,REQUEST='20085')","propertyPath":"LINK_TO_TAGS"}},"wdio_ui5_key":"etmportal.ui.managerequests.view.Detailsap.m.Tokenizer{\"path\":\"/SmartRequestItemsPlanningBoard(ITEM=20m,REQUEST='20085')\",\"propertyPath\":\"LINK_TO_TAGS\"}"}]}
RESULT: {"script":"<script> [1562 bytes]","args":[{"selector":{"controlType":"sap.m.Tokenizer","viewName":"etm.portal.ui.managerequests.view.Detail","bindingPath":{"path":"/SmartRequestItemsPlanningBoard(ITEM=20m,REQUEST='20085')","propertyPath":"LINK_TO_TAGS"}},"wdio_ui5_key":"etmportal.ui.managerequests.view.Detailsap.m.Tokenizer{\"path\":\"/SmartRequestItemsPlanningBoard(ITEM=20m,REQUEST='20085')\",\"propertyPath\":\"LINK_TO_TAGS\"}"}]}
RESULT: undefined
COMMAND: POST /session/87d62074a4cb28b4ac0fd763e82d6371/execute/async - {"script":"<script> [6424 bytes]","args":[{"element-6066-11e4-a52e-4f735466cecf":"f.62693C2623AD3835EDB30C63D0026C38.d.7D62EEC6F13079523F290CFC00795F2E.e.3508"},"getTokens",[]]}
RESULT: {"script":"<script> [6424 bytes]","args":[{"element-6066-11e4-a52e-4f735466cecf":"f.62693C2623AD3835EDB30C63D0026C38.d.7D62EEC6F13079523F290CFC00795F2E.e.3508"},"getTokens",[]]}
COMMAND: POST /session/87d62074a4cb28b4ac0fd763e82d6371/element - {"using":"css selector","value":"#shell-header-logo"}
RESULT: {"using":"css selector","value":"#shell-header-logo"}
COMMAND: POST /session/87d62074a4cb28b4ac0fd763e82d6371/element/f.62693C2623AD3835EDB30C63D0026C38.d.7D62EEC6F13079523F290CFC00795F2E.e.2534/click - {}
RESULT: {}
COMMAND: GET /session/87d62074a4cb28b4ac0fd763e82d6371/screenshot - {}
RESULT: {}
]]></system-out>
    </testcase>
  </testsuite>
  <testsuite timestamp="2025-06-14T15:47:28" time="547.763" tests="4" failures="0" errors="0" skipped="0">
    <properties>
      <property name="specId" value="0"/>
      <property name="suiteName" value="Manage request + Contract processing pick up option US120163 "/>
      <property name="capabilities" value="chrome.137_0_7151_69.windows"/>
      <property name="file" value="file:///D:/a/1/s/test/specs/R2C/create-request-Pickup.spec.js"/>
    </properties>
    <testcase classname="chrome.137_0_7151_69.windows.Manage_request_+_Contract_processing_pick_up_option_US120163_" name="Should create a new contract" time="61.895">
      <system-out><![CDATA[
COMMAND: POST /session/87d62074a4cb28b4ac0fd763e82d6371/execute/async - {"script":"<script> [1562 bytes]","args":[{"selector":{"controlType":"sap.m.Text","viewName":"etm.portal.ui.managecontractstile.view.Master","properties":{"text":"Manage Contracts"},"interaction":{"idSuffix":"inner"}},"wdio_ui5_key":"etmportal.ui.managecontractstile.view.Mastersap.m.Text{\"text\":\"Manage Contracts\"}"}]}
RESULT: {"script":"<script> [1562 bytes]","args":[{"selector":{"controlType":"sap.m.Text","viewName":"etm.portal.ui.managecontractstile.view.Master","properties":{"text":"Manage Contracts"},"interaction":{"idSuffix":"inner"}},"wdio_ui5_key":"etmportal.ui.managecontractstile.view.Mastersap.m.Text{\"text\":\"Manage Contracts\"}"}]}
RESULT: undefined
COMMAND: POST /session/87d62074a4cb28b4ac0fd763e82d6371/element - {"using":"xpath","value":"//*[@id=\"__tile133-title\"]"}
RESULT: {"using":"xpath","value":"//*[@id=\"__tile133-title\"]"}
COMMAND: POST /session/87d62074a4cb28b4ac0fd763e82d6371/element/f.62693C2623AD3835EDB30C63D0026C38.d.7D62EEC6F13079523F290CFC00795F2E.e.3512/click - {}
RESULT: {}
COMMAND: GET /session/87d62074a4cb28b4ac0fd763e82d6371/screenshot - {}
RESULT: {}
COMMAND: POST /session/87d62074a4cb28b4ac0fd763e82d6371/execute/async - {"script":"<script> [1562 bytes]","args":[{"selector":{"controlType":"sap.ui.core.Icon","viewName":"etm.portal.ui.managecontracts.view.Master","properties":{"src":{"regex":{"source":"add"}}}},"wdio_ui5_key":"etmportal.ui.managecontracts.view.Mastersap.ui.core.Icon{\"src\":{\"regex\":{\"source\":\"add\"}}}"}]}
RESULT: {"script":"<script> [1562 bytes]","args":[{"selector":{"controlType":"sap.ui.core.Icon","viewName":"etm.portal.ui.managecontracts.view.Master","properties":{"src":{"regex":{"source":"add"}}}},"wdio_ui5_key":"etmportal.ui.managecontracts.view.Mastersap.ui.core.Icon{\"src\":{\"regex\":{\"source\":\"add\"}}}"}]}
RESULT: undefined
COMMAND: POST /session/87d62074a4cb28b4ac0fd763e82d6371/element - {"using":"xpath","value":"//*[@id=\"__button185-img\"]"}
RESULT: {"using":"xpath","value":"//*[@id=\"__button185-img\"]"}
COMMAND: POST /session/87d62074a4cb28b4ac0fd763e82d6371/element/f.62693C2623AD3835EDB30C63D0026C38.d.7D62EEC6F13079523F290CFC00795F2E.e.3563/click - {}
RESULT: {}
COMMAND: POST /session/87d62074a4cb28b4ac0fd763e82d6371/execute/async - {"script":"<script> [1562 bytes]","args":[{"selector":{"id":"application-managecontracts-display-component---AddNewContract--projectDescription","interaction":{"idSuffix":"inner"}},"wdio_ui5_key":"applicationmanagecontracts-display-component---AddNewContract--projectDescription"}]}
COMMAND: GET /session/87d62074a4cb28b4ac0fd763e82d6371/screenshot - {}
RESULT: {"script":"<script> [1562 bytes]","args":[{"selector":{"id":"application-managecontracts-display-component---AddNewContract--projectDescription","interaction":{"idSuffix":"inner"}},"wdio_ui5_key":"applicationmanagecontracts-display-component---AddNewContract--projectDescription"}]}
RESULT: undefined
COMMAND: POST /session/87d62074a4cb28b4ac0fd763e82d6371/execute/async - {"script":"<script> [776 bytes]","args":[{"enterText":"PickupContractch8wa","selector":{"id":"application-managecontracts-display-component---AddNewContract--projectDescription","interaction":{"idSuffix":"inner"}},"clearTextFirst":true,"interactionType":"ENTER_TEXT"}]}
RESULT: {}
RESULT: {"script":"<script> [776 bytes]","args":[{"enterText":"PickupContractch8wa","selector":{"id":"application-managecontracts-display-component---AddNewContract--projectDescription","interaction":{"idSuffix":"inner"}},"clearTextFirst":true,"interactionType":"ENTER_TEXT"}]}
COMMAND: POST /session/87d62074a4cb28b4ac0fd763e82d6371/element - {"using":"xpath","value":"//input[contains(@id ,\"application-managecontracts-display-component---AddNewContract--yardId-inner\")]"}
RESULT: {"using":"xpath","value":"//input[contains(@id ,\"application-managecontracts-display-component---AddNewContract--yardId-inner\")]"}
COMMAND: POST /session/87d62074a4cb28b4ac0fd763e82d6371/element/f.62693C2623AD3835EDB30C63D0026C38.d.7D62EEC6F13079523F290CFC00795F2E.e.3826/value - {"text":"WebdriverYardcxril"}
RESULT: {"text":"WebdriverYardcxril"}
COMMAND: GET /session/87d62074a4cb28b4ac0fd763e82d6371/screenshot - {}
RESULT: {}
COMMAND: POST /session/87d62074a4cb28b4ac0fd763e82d6371/actions - {"actions":[{"id":"action32","type":"key","parameters":{},"actions":[{"type":"keyDown","value":""},{"type":"pause","duration":10},{"type":"keyUp","value":""}]}]}
RESULT: {"actions":[{"id":"action32","type":"key","parameters":{},"actions":[{"type":"keyDown","value":""},{"type":"pause","duration":10},{"type":"keyUp","value":""}]}]}
COMMAND: GET /session/87d62074a4cb28b4ac0fd763e82d6371/screenshot - {}
RESULT: {}
COMMAND: POST /session/87d62074a4cb28b4ac0fd763e82d6371/element - {"using":"xpath","value":"//input[contains(@id ,\"application-managecontracts-display-component---AddNewContract--customerSelect-inner\")]"}
RESULT: {"using":"xpath","value":"//input[contains(@id ,\"application-managecontracts-display-component---AddNewContract--customerSelect-inner\")]"}
COMMAND: POST /session/87d62074a4cb28b4ac0fd763e82d6371/element/f.62693C2623AD3835EDB30C63D0026C38.d.7D62EEC6F13079523F290CFC00795F2E.e.3824/value - {"text":"WebdriverPartnerg5xni"}
RESULT: {"text":"WebdriverPartnerg5xni"}
COMMAND: GET /session/87d62074a4cb28b4ac0fd763e82d6371/screenshot - {}
RESULT: {}
COMMAND: POST /session/87d62074a4cb28b4ac0fd763e82d6371/actions - {"actions":[{"id":"action33","type":"key","parameters":{},"actions":[{"type":"keyDown","value":""},{"type":"pause","duration":10},{"type":"keyUp","value":""}]}]}
RESULT: {"actions":[{"id":"action33","type":"key","parameters":{},"actions":[{"type":"keyDown","value":""},{"type":"pause","duration":10},{"type":"keyUp","value":""}]}]}
COMMAND: GET /session/87d62074a4cb28b4ac0fd763e82d6371/screenshot - {}
RESULT: {}
COMMAND: POST /session/87d62074a4cb28b4ac0fd763e82d6371/element - {"using":"xpath","value":"//input[contains(@id ,\"application-managecontracts-display-component---AddNewContract--site-inner\")]"}
RESULT: {"using":"xpath","value":"//input[contains(@id ,\"application-managecontracts-display-component---AddNewContract--site-inner\")]"}
COMMAND: POST /session/87d62074a4cb28b4ac0fd763e82d6371/element/f.62693C2623AD3835EDB30C63D0026C38.d.7D62EEC6F13079523F290CFC00795F2E.e.3825/value - {"text":"WebdriverSitenlhvxi"}
RESULT: {"text":"WebdriverSitenlhvxi"}
COMMAND: GET /session/87d62074a4cb28b4ac0fd763e82d6371/screenshot - {}
RESULT: {}
COMMAND: POST /session/87d62074a4cb28b4ac0fd763e82d6371/actions - {"actions":[{"id":"action34","type":"key","parameters":{},"actions":[{"type":"keyDown","value":""},{"type":"pause","duration":10},{"type":"keyUp","value":""}]}]}
RESULT: {"actions":[{"id":"action34","type":"key","parameters":{},"actions":[{"type":"keyDown","value":""},{"type":"pause","duration":10},{"type":"keyUp","value":""}]}]}
COMMAND: GET /session/87d62074a4cb28b4ac0fd763e82d6371/screenshot - {}
RESULT: {}
COMMAND: POST /session/87d62074a4cb28b4ac0fd763e82d6371/execute/async - {"script":"<script> [1562 bytes]","args":[{"selector":{"id":"application-managecontracts-display-component---AddNewContract--saveBtn","interaction":{"idSuffix":"BDI-content"}},"wdio_ui5_key":"applicationmanagecontracts-display-component---AddNewContract--saveBtn"}]}
RESULT: {"script":"<script> [1562 bytes]","args":[{"selector":{"id":"application-managecontracts-display-component---AddNewContract--saveBtn","interaction":{"idSuffix":"BDI-content"}},"wdio_ui5_key":"applicationmanagecontracts-display-component---AddNewContract--saveBtn"}]}
RESULT: undefined
COMMAND: POST /session/87d62074a4cb28b4ac0fd763e82d6371/element - {"using":"xpath","value":"//*[@id=\"application-managecontracts-display-component---AddNewContract--saveBtn\"]"}
RESULT: {"using":"xpath","value":"//*[@id=\"application-managecontracts-display-component---AddNewContract--saveBtn\"]"}
COMMAND: POST /session/87d62074a4cb28b4ac0fd763e82d6371/element/f.62693C2623AD3835EDB30C63D0026C38.d.7D62EEC6F13079523F290CFC00795F2E.e.3902/click - {}
RESULT: {}
COMMAND: GET /session/87d62074a4cb28b4ac0fd763e82d6371/screenshot - {}
RESULT: {}
COMMAND: POST /session/87d62074a4cb28b4ac0fd763e82d6371/element - {"using":"xpath","value":"//span[contains(@id ,\"contractDetailTitleNoExpanded\")]"}
RESULT: {"using":"xpath","value":"//span[contains(@id ,\"contractDetailTitleNoExpanded\")]"}
COMMAND: GET /session/87d62074a4cb28b4ac0fd763e82d6371/element/f.62693C2623AD3835EDB30C63D0026C38.d.7D62EEC6F13079523F290CFC00795F2E.e.3983/text - {}
RESULT: {}
COMMAND: POST /session/87d62074a4cb28b4ac0fd763e82d6371/element - {"using":"css selector","value":"#shell-header-logo"}
RESULT: {"using":"css selector","value":"#shell-header-logo"}
COMMAND: POST /session/87d62074a4cb28b4ac0fd763e82d6371/element/f.62693C2623AD3835EDB30C63D0026C38.d.7D62EEC6F13079523F290CFC00795F2E.e.3514/click - {}
RESULT: {}
COMMAND: GET /session/87d62074a4cb28b4ac0fd763e82d6371/screenshot - {}
RESULT: {}
]]></system-out>
    </testcase>
    <testcase classname="chrome.137_0_7151_69.windows.Manage_request_+_Contract_processing_pick_up_option_US120163_" name="Should create a new material" time="142.479">
      <system-out><![CDATA[
COMMAND: POST /session/87d62074a4cb28b4ac0fd763e82d6371/execute/async - {"script":"<script> [1562 bytes]","args":[{"selector":{"controlType":"sap.m.GenericTile","properties":{"header":"Manage Resources"}},"wdio_ui5_key":"sapm.GenericTile{\"header\":\"Manage Resources\"}"}]}
RESULT: {"script":"<script> [1562 bytes]","args":[{"selector":{"controlType":"sap.m.GenericTile","properties":{"header":"Manage Resources"}},"wdio_ui5_key":"sapm.GenericTile{\"header\":\"Manage Resources\"}"}]}
RESULT: undefined
COMMAND: POST /session/87d62074a4cb28b4ac0fd763e82d6371/element - {"using":"xpath","value":"//*[@id=\"__tile40\"]"}
RESULT: {"using":"xpath","value":"//*[@id=\"__tile40\"]"}
COMMAND: POST /session/87d62074a4cb28b4ac0fd763e82d6371/element/f.62693C2623AD3835EDB30C63D0026C38.d.7D62EEC6F13079523F290CFC00795F2E.e.3985/click - {}
RESULT: {}
COMMAND: GET /session/87d62074a4cb28b4ac0fd763e82d6371/screenshot - {}
RESULT: {}
COMMAND: POST /session/87d62074a4cb28b4ac0fd763e82d6371/elements - {"using":"xpath","value":"//span[text()='Error']"}
RESULT: {"using":"xpath","value":"//span[text()='Error']"}
COMMAND: POST /session/87d62074a4cb28b4ac0fd763e82d6371/element - {"using":"xpath","value":"//button[@data-kt=\"addNewRUOverflowToolbarButton\"]"}
RESULT: {"using":"xpath","value":"//button[@data-kt=\"addNewRUOverflowToolbarButton\"]"}
COMMAND: POST /session/87d62074a4cb28b4ac0fd763e82d6371/execute/sync - {"script":"<script> [8489 bytes]","args":[{"element-6066-11e4-a52e-4f735466cecf":"f.62693C2623AD3835EDB30C63D0026C38.d.7D62EEC6F13079523F290CFC00795F2E.e.4027","ELEMENT":"f.62693C2623AD3835EDB30C63D0026C38.d.7D62EEC6F13079523F290CFC00795F2E.e.4027"}]}
RESULT: {"script":"<script> [8489 bytes]","args":[{"element-6066-11e4-a52e-4f735466cecf":"f.62693C2623AD3835EDB30C63D0026C38.d.7D62EEC6F13079523F290CFC00795F2E.e.4027","ELEMENT":"f.62693C2623AD3835EDB30C63D0026C38.d.7D62EEC6F13079523F290CFC00795F2E.e.4027"}]}
COMMAND: POST /session/87d62074a4cb28b4ac0fd763e82d6371/element/f.62693C2623AD3835EDB30C63D0026C38.d.7D62EEC6F13079523F290CFC00795F2E.e.4027/click - {}
COMMAND: GET /session/87d62074a4cb28b4ac0fd763e82d6371/screenshot - {}
RESULT: {}
RESULT: {}
COMMAND: POST /session/87d62074a4cb28b4ac0fd763e82d6371/execute/async - {"script":"<script> [1562 bytes]","args":[{"selector":{"id":"application-manageresources-display-component---newResourceUnit--TYPE-arrow"},"wdio_ui5_key":"applicationmanageresources-display-component---newResourceUnit--TYPE-arrow"}]}
COMMAND: GET /session/87d62074a4cb28b4ac0fd763e82d6371/screenshot - {}
RESULT: {"script":"<script> [1562 bytes]","args":[{"selector":{"id":"application-manageresources-display-component---newResourceUnit--TYPE-arrow"},"wdio_ui5_key":"applicationmanageresources-display-component---newResourceUnit--TYPE-arrow"}]}
RESULT: undefined
COMMAND: POST /session/87d62074a4cb28b4ac0fd763e82d6371/element - {"using":"xpath","value":"//*[@id=\"application-manageresources-display-component---newResourceUnit--TYPE-arrow\"]"}
RESULT: {}
RESULT: {"using":"xpath","value":"//*[@id=\"application-manageresources-display-component---newResourceUnit--TYPE-arrow\"]"}
COMMAND: POST /session/87d62074a4cb28b4ac0fd763e82d6371/element/f.62693C2623AD3835EDB30C63D0026C38.d.7D62EEC6F13079523F290CFC00795F2E.e.4339/click - {}
RESULT: {}
COMMAND: POST /session/87d62074a4cb28b4ac0fd763e82d6371/execute/async - {"script":"<script> [1562 bytes]","args":[{"selector":{"controlType":"sap.m.StandardListItem","viewName":"reusables.view.manageresources.NewResourceUnit","viewId":"application-manageresources-display-component---newResourceUnit","properties":{"title":"Material"},"searchOpenDialogs":true,"interaction":{"idSuffix":"titleText"}},"wdio_ui5_key":"reusablesview.manageresources.NewResourceUnitsap.m.StandardListItem{\"title\":\"Material\"}"}]}
COMMAND: GET /session/87d62074a4cb28b4ac0fd763e82d6371/screenshot - {}
RESULT: {"script":"<script> [1562 bytes]","args":[{"selector":{"controlType":"sap.m.StandardListItem","viewName":"reusables.view.manageresources.NewResourceUnit","viewId":"application-manageresources-display-component---newResourceUnit","properties":{"title":"Material"},"searchOpenDialogs":true,"interaction":{"idSuffix":"titleText"}},"wdio_ui5_key":"reusablesview.manageresources.NewResourceUnitsap.m.StandardListItem{\"title\":\"Material\"}"}]}
RESULT: undefined
COMMAND: POST /session/87d62074a4cb28b4ac0fd763e82d6371/element - {"using":"xpath","value":"//*[@id=\"__item2323\"]"}
RESULT: {}
RESULT: {"using":"xpath","value":"//*[@id=\"__item2323\"]"}
COMMAND: POST /session/87d62074a4cb28b4ac0fd763e82d6371/element/f.62693C2623AD3835EDB30C63D0026C38.d.7D62EEC6F13079523F290CFC00795F2E.e.4342/click - {}
RESULT: {}
COMMAND: POST /session/87d62074a4cb28b4ac0fd763e82d6371/execute/async - {"script":"<script> [1562 bytes]","args":[{"selector":{"id":"application-manageresources-display-component---newResourceUnit--SHORT_TEXT","interaction":{"idSuffix":"inner"}},"wdio_ui5_key":"applicationmanageresources-display-component---newResourceUnit--SHORT_TEXT"}]}
COMMAND: GET /session/87d62074a4cb28b4ac0fd763e82d6371/screenshot - {}
RESULT: undefined
RESULT: undefined
RESULT: {"script":"<script> [1562 bytes]","args":[{"selector":{"id":"application-manageresources-display-component---newResourceUnit--SHORT_TEXT","interaction":{"idSuffix":"inner"}},"wdio_ui5_key":"applicationmanageresources-display-component---newResourceUnit--SHORT_TEXT"}]}
RESULT: undefined
COMMAND: POST /session/87d62074a4cb28b4ac0fd763e82d6371/execute/async - {"script":"<script> [776 bytes]","args":[{"enterText":"WebdriverMatTestbbv68i","selector":{"id":"application-manageresources-display-component---newResourceUnit--SHORT_TEXT","interaction":{"idSuffix":"inner"}},"clearTextFirst":true,"interactionType":"ENTER_TEXT"}]}
RESULT: {}
RESULT: {"script":"<script> [776 bytes]","args":[{"enterText":"WebdriverMatTestbbv68i","selector":{"id":"application-manageresources-display-component---newResourceUnit--SHORT_TEXT","interaction":{"idSuffix":"inner"}},"clearTextFirst":true,"interactionType":"ENTER_TEXT"}]}
COMMAND: POST /session/87d62074a4cb28b4ac0fd763e82d6371/execute/async - {"script":"<script> [1562 bytes]","args":[{"selector":{"id":"application-manageresources-display-component---newResourceUnit--BASE_UNIT_OF_MEASURE-arrow"},"wdio_ui5_key":"applicationmanageresources-display-component---newResourceUnit--BASE_UNIT_OF_MEASURE-arrow"}]}
RESULT: {"script":"<script> [1562 bytes]","args":[{"selector":{"id":"application-manageresources-display-component---newResourceUnit--BASE_UNIT_OF_MEASURE-arrow"},"wdio_ui5_key":"applicationmanageresources-display-component---newResourceUnit--BASE_UNIT_OF_MEASURE-arrow"}]}
RESULT: undefined
COMMAND: POST /session/87d62074a4cb28b4ac0fd763e82d6371/element - {"using":"xpath","value":"//*[@id=\"application-manageresources-display-component---newResourceUnit--BASE_UNIT_OF_MEASURE-arrow\"]"}
RESULT: {"using":"xpath","value":"//*[@id=\"application-manageresources-display-component---newResourceUnit--BASE_UNIT_OF_MEASURE-arrow\"]"}
COMMAND: POST /session/87d62074a4cb28b4ac0fd763e82d6371/element/f.62693C2623AD3835EDB30C63D0026C38.d.7D62EEC6F13079523F290CFC00795F2E.e.4464/click - {}
RESULT: {}
COMMAND: POST /session/87d62074a4cb28b4ac0fd763e82d6371/execute/async - {"script":"<script> [1562 bytes]","args":[{"selector":{"controlType":"sap.m.StandardListItem","viewName":"reusables.view.manageresources.NewResourceUnit","viewId":"application-manageresources-display-component---newResourceUnit","properties":{"title":"Piece"},"searchOpenDialogs":true,"interaction":{"idSuffix":"titleText"}},"wdio_ui5_key":"reusablesview.manageresources.NewResourceUnitsap.m.StandardListItem{\"title\":\"Piece\"}"}]}
COMMAND: GET /session/87d62074a4cb28b4ac0fd763e82d6371/screenshot - {}
RESULT: {"script":"<script> [1562 bytes]","args":[{"selector":{"controlType":"sap.m.StandardListItem","viewName":"reusables.view.manageresources.NewResourceUnit","viewId":"application-manageresources-display-component---newResourceUnit","properties":{"title":"Piece"},"searchOpenDialogs":true,"interaction":{"idSuffix":"titleText"}},"wdio_ui5_key":"reusablesview.manageresources.NewResourceUnitsap.m.StandardListItem{\"title\":\"Piece\"}"}]}
RESULT: undefined
COMMAND: POST /session/87d62074a4cb28b4ac0fd763e82d6371/element - {"using":"xpath","value":"//*[@id=\"__item2376\"]"}
RESULT: {}
RESULT: {"using":"xpath","value":"//*[@id=\"__item2376\"]"}
COMMAND: POST /session/87d62074a4cb28b4ac0fd763e82d6371/element/f.62693C2623AD3835EDB30C63D0026C38.d.7D62EEC6F13079523F290CFC00795F2E.e.4466/click - {}
RESULT: {}
COMMAND: POST /session/87d62074a4cb28b4ac0fd763e82d6371/element - {"using":"xpath","value":"//input[contains(@id ,\"application-manageresources-display-component---newResourceUnit--SHORT_TEXT-inner\")]"}
COMMAND: GET /session/87d62074a4cb28b4ac0fd763e82d6371/screenshot - {}
RESULT: {"using":"xpath","value":"//input[contains(@id ,\"application-manageresources-display-component---newResourceUnit--SHORT_TEXT-inner\")]"}
COMMAND: GET /session/87d62074a4cb28b4ac0fd763e82d6371/element/f.62693C2623AD3835EDB30C63D0026C38.d.7D62EEC6F13079523F290CFC00795F2E.e.4359/property/value - {}
RESULT: {}
RESULT: {}
COMMAND: POST /session/87d62074a4cb28b4ac0fd763e82d6371/execute/async - {"script":"<script> [1562 bytes]","args":[{"selector":{"id":"application-manageresources-display-component---newResourceUnit--WEIGHT_UNIT-arrow"},"wdio_ui5_key":"applicationmanageresources-display-component---newResourceUnit--WEIGHT_UNIT-arrow"}]}
COMMAND: GET /session/87d62074a4cb28b4ac0fd763e82d6371/screenshot - {}
RESULT: {"script":"<script> [1562 bytes]","args":[{"selector":{"id":"application-manageresources-display-component---newResourceUnit--WEIGHT_UNIT-arrow"},"wdio_ui5_key":"applicationmanageresources-display-component---newResourceUnit--WEIGHT_UNIT-arrow"}]}
RESULT: undefined
COMMAND: POST /session/87d62074a4cb28b4ac0fd763e82d6371/element - {"using":"xpath","value":"//*[@id=\"application-manageresources-display-component---newResourceUnit--WEIGHT_UNIT-arrow\"]"}
RESULT: {}
RESULT: {"using":"xpath","value":"//*[@id=\"application-manageresources-display-component---newResourceUnit--WEIGHT_UNIT-arrow\"]"}
COMMAND: POST /session/87d62074a4cb28b4ac0fd763e82d6371/element/f.62693C2623AD3835EDB30C63D0026C38.d.7D62EEC6F13079523F290CFC00795F2E.e.4467/click - {}
RESULT: {}
COMMAND: POST /session/87d62074a4cb28b4ac0fd763e82d6371/execute/async - {"script":"<script> [1562 bytes]","args":[{"selector":{"controlType":"sap.m.StandardListItem","viewName":"reusables.view.manageresources.NewResourceUnit","viewId":"application-manageresources-display-component---newResourceUnit","properties":{"title":"Gram"},"searchOpenDialogs":true,"interaction":{"idSuffix":"content"}},"wdio_ui5_key":"reusablesview.manageresources.NewResourceUnitsap.m.StandardListItem{\"title\":\"Gram\"}"}]}
COMMAND: GET /session/87d62074a4cb28b4ac0fd763e82d6371/screenshot - {}
RESULT: {"script":"<script> [1562 bytes]","args":[{"selector":{"controlType":"sap.m.StandardListItem","viewName":"reusables.view.manageresources.NewResourceUnit","viewId":"application-manageresources-display-component---newResourceUnit","properties":{"title":"Gram"},"searchOpenDialogs":true,"interaction":{"idSuffix":"content"}},"wdio_ui5_key":"reusablesview.manageresources.NewResourceUnitsap.m.StandardListItem{\"title\":\"Gram\"}"}]}
RESULT: undefined
COMMAND: POST /session/87d62074a4cb28b4ac0fd763e82d6371/element - {"using":"xpath","value":"//*[@id=\"__item2441\"]"}
RESULT: {}
RESULT: {"using":"xpath","value":"//*[@id=\"__item2441\"]"}
COMMAND: POST /session/87d62074a4cb28b4ac0fd763e82d6371/element/f.62693C2623AD3835EDB30C63D0026C38.d.7D62EEC6F13079523F290CFC00795F2E.e.4469/click - {}
RESULT: {}
COMMAND: POST /session/87d62074a4cb28b4ac0fd763e82d6371/execute/async - {"script":"<script> [1562 bytes]","args":[{"selector":{"id":"application-manageresources-display-component---newResourceUnit--newRRUPage-OPHeaderContent-collapseBtn-img"},"wdio_ui5_key":"applicationmanageresources-display-component---newResourceUnit--newRRUPage-OPHeaderContent-collapseBtn-img"}]}
COMMAND: GET /session/87d62074a4cb28b4ac0fd763e82d6371/screenshot - {}
RESULT: {"script":"<script> [1562 bytes]","args":[{"selector":{"id":"application-manageresources-display-component---newResourceUnit--newRRUPage-OPHeaderContent-collapseBtn-img"},"wdio_ui5_key":"applicationmanageresources-display-component---newResourceUnit--newRRUPage-OPHeaderContent-collapseBtn-img"}]}
RESULT: undefined
COMMAND: POST /session/87d62074a4cb28b4ac0fd763e82d6371/element - {"using":"xpath","value":"//*[@id=\"application-manageresources-display-component---newResourceUnit--newRRUPage-OPHeaderContent-collapseBtn-img\"]"}
RESULT: {}
RESULT: {"using":"xpath","value":"//*[@id=\"application-manageresources-display-component---newResourceUnit--newRRUPage-OPHeaderContent-collapseBtn-img\"]"}
COMMAND: POST /session/87d62074a4cb28b4ac0fd763e82d6371/element/f.62693C2623AD3835EDB30C63D0026C38.d.7D62EEC6F13079523F290CFC00795F2E.e.4349/click - {}
RESULT: {}
COMMAND: GET /session/87d62074a4cb28b4ac0fd763e82d6371/screenshot - {}
RESULT: {}
COMMAND: POST /session/87d62074a4cb28b4ac0fd763e82d6371/element - {"using":"xpath","value":"(//span[contains(@id ,\"application-manageresources-display-component---newResourceUnit--DIMENSION_UNIT-arrow\")])[1]"}
RESULT: {"using":"xpath","value":"(//span[contains(@id ,\"application-manageresources-display-component---newResourceUnit--DIMENSION_UNIT-arrow\")])[1]"}
COMMAND: POST /session/87d62074a4cb28b4ac0fd763e82d6371/element/f.62693C2623AD3835EDB30C63D0026C38.d.7D62EEC6F13079523F290CFC00795F2E.e.4475/click - {}
RESULT: {}
COMMAND: GET /session/87d62074a4cb28b4ac0fd763e82d6371/screenshot - {}
RESULT: {}
COMMAND: POST /session/87d62074a4cb28b4ac0fd763e82d6371/execute/async - {"script":"<script> [1562 bytes]","args":[{"selector":{"controlType":"sap.m.StandardListItem","viewName":"reusables.view.manageresources.NewResourceUnit","viewId":"application-manageresources-display-component---newResourceUnit","properties":{"title":"Centimeter"},"searchOpenDialogs":true,"interaction":{"idSuffix":"titleText"}},"wdio_ui5_key":"reusablesview.manageresources.NewResourceUnitsap.m.StandardListItem{\"title\":\"Centimeter\"}"}]}
RESULT: {"script":"<script> [1562 bytes]","args":[{"selector":{"controlType":"sap.m.StandardListItem","viewName":"reusables.view.manageresources.NewResourceUnit","viewId":"application-manageresources-display-component---newResourceUnit","properties":{"title":"Centimeter"},"searchOpenDialogs":true,"interaction":{"idSuffix":"titleText"}},"wdio_ui5_key":"reusablesview.manageresources.NewResourceUnitsap.m.StandardListItem{\"title\":\"Centimeter\"}"}]}
RESULT: undefined
COMMAND: POST /session/87d62074a4cb28b4ac0fd763e82d6371/element - {"using":"xpath","value":"//*[@id=\"__item2444\"]"}
RESULT: {"using":"xpath","value":"//*[@id=\"__item2444\"]"}
COMMAND: POST /session/87d62074a4cb28b4ac0fd763e82d6371/element/f.62693C2623AD3835EDB30C63D0026C38.d.7D62EEC6F13079523F290CFC00795F2E.e.4477/click - {}
RESULT: {}
COMMAND: POST /session/87d62074a4cb28b4ac0fd763e82d6371/execute/async - {"script":"<script> [1562 bytes]","args":[{"selector":{"id":"application-manageresources-display-component---newResourceUnit--newRRUPage-anchBar-application-manageresources-display-component---newResourceUnit--reference-anchor","interaction":{"idSuffix":"BDI-content"}},"wdio_ui5_key":"applicationmanageresources-display-component---newResourceUnit--newRRUPage-anchBar-application-manageresources-display-component---newResourceUnit--reference-anchor"}]}
COMMAND: GET /session/87d62074a4cb28b4ac0fd763e82d6371/screenshot - {}
RESULT: {"script":"<script> [1562 bytes]","args":[{"selector":{"id":"application-manageresources-display-component---newResourceUnit--newRRUPage-anchBar-application-manageresources-display-component---newResourceUnit--reference-anchor","interaction":{"idSuffix":"BDI-content"}},"wdio_ui5_key":"applicationmanageresources-display-component---newResourceUnit--newRRUPage-anchBar-application-manageresources-display-component---newResourceUnit--reference-anchor"}]}
RESULT: undefined
COMMAND: POST /session/87d62074a4cb28b4ac0fd763e82d6371/element - {"using":"xpath","value":"//*[@id=\"application-manageresources-display-component---newResourceUnit--newRRUPage-anchBar-application-manageresources-display-component---newResourceUnit--reference-anchor\"]"}
RESULT: {}
RESULT: {"using":"xpath","value":"//*[@id=\"application-manageresources-display-component---newResourceUnit--newRRUPage-anchBar-application-manageresources-display-component---newResourceUnit--reference-anchor\"]"}
COMMAND: POST /session/87d62074a4cb28b4ac0fd763e82d6371/element/f.62693C2623AD3835EDB30C63D0026C38.d.7D62EEC6F13079523F290CFC00795F2E.e.4479/click - {}
RESULT: {}
COMMAND: POST /session/87d62074a4cb28b4ac0fd763e82d6371/execute/async - {"script":"<script> [1562 bytes]","args":[{"selector":{"id":"application-manageresources-display-component---newResourceUnit--PLANNING_GROUP-arrow"},"wdio_ui5_key":"applicationmanageresources-display-component---newResourceUnit--PLANNING_GROUP-arrow"}]}
COMMAND: GET /session/87d62074a4cb28b4ac0fd763e82d6371/screenshot - {}
RESULT: {"script":"<script> [1562 bytes]","args":[{"selector":{"id":"application-manageresources-display-component---newResourceUnit--PLANNING_GROUP-arrow"},"wdio_ui5_key":"applicationmanageresources-display-component---newResourceUnit--PLANNING_GROUP-arrow"}]}
RESULT: undefined
COMMAND: POST /session/87d62074a4cb28b4ac0fd763e82d6371/element - {"using":"xpath","value":"//*[@id=\"application-manageresources-display-component---newResourceUnit--PLANNING_GROUP-arrow\"]"}
RESULT: {}
RESULT: {"using":"xpath","value":"//*[@id=\"application-manageresources-display-component---newResourceUnit--PLANNING_GROUP-arrow\"]"}
COMMAND: POST /session/87d62074a4cb28b4ac0fd763e82d6371/element/f.62693C2623AD3835EDB30C63D0026C38.d.7D62EEC6F13079523F290CFC00795F2E.e.4483/click - {}
RESULT: {}
COMMAND: POST /session/87d62074a4cb28b4ac0fd763e82d6371/execute/async - {"script":"<script> [1562 bytes]","args":[{"selector":{"controlType":"sap.m.StandardListItem","viewName":"reusables.view.manageresources.NewResourceUnit","viewId":"application-manageresources-display-component---newResourceUnit","properties":{"title":"Heavy Equi"},"searchOpenDialogs":true,"interaction":{"idSuffix":"content"}},"wdio_ui5_key":"reusablesview.manageresources.NewResourceUnitsap.m.StandardListItem{\"title\":\"Heavy Equi\"}"}]}
COMMAND: GET /session/87d62074a4cb28b4ac0fd763e82d6371/screenshot - {}
RESULT: {"script":"<script> [1562 bytes]","args":[{"selector":{"controlType":"sap.m.StandardListItem","viewName":"reusables.view.manageresources.NewResourceUnit","viewId":"application-manageresources-display-component---newResourceUnit","properties":{"title":"Heavy Equi"},"searchOpenDialogs":true,"interaction":{"idSuffix":"content"}},"wdio_ui5_key":"reusablesview.manageresources.NewResourceUnitsap.m.StandardListItem{\"title\":\"Heavy Equi\"}"}]}
RESULT: undefined
COMMAND: POST /session/87d62074a4cb28b4ac0fd763e82d6371/element - {"using":"xpath","value":"//*[@id=\"__item2452\"]"}
RESULT: {}
RESULT: {"using":"xpath","value":"//*[@id=\"__item2452\"]"}
COMMAND: POST /session/87d62074a4cb28b4ac0fd763e82d6371/element/f.62693C2623AD3835EDB30C63D0026C38.d.7D62EEC6F13079523F290CFC00795F2E.e.4485/click - {}
RESULT: {}
COMMAND: GET /session/87d62074a4cb28b4ac0fd763e82d6371/screenshot - {}
RESULT: {}
COMMAND: POST /session/87d62074a4cb28b4ac0fd763e82d6371/execute/async - {"script":"<script> [1562 bytes]","args":[{"selector":{"id":"application-manageresources-display-component---newResourceUnit--PLANNING_INDICATOR-arrow"},"wdio_ui5_key":"applicationmanageresources-display-component---newResourceUnit--PLANNING_INDICATOR-arrow"}]}
RESULT: {"script":"<script> [1562 bytes]","args":[{"selector":{"id":"application-manageresources-display-component---newResourceUnit--PLANNING_INDICATOR-arrow"},"wdio_ui5_key":"applicationmanageresources-display-component---newResourceUnit--PLANNING_INDICATOR-arrow"}]}
RESULT: undefined
COMMAND: POST /session/87d62074a4cb28b4ac0fd763e82d6371/element - {"using":"xpath","value":"//*[@id=\"application-manageresources-display-component---newResourceUnit--PLANNING_INDICATOR-arrow\"]"}
RESULT: {"using":"xpath","value":"//*[@id=\"application-manageresources-display-component---newResourceUnit--PLANNING_INDICATOR-arrow\"]"}
COMMAND: POST /session/87d62074a4cb28b4ac0fd763e82d6371/element/f.62693C2623AD3835EDB30C63D0026C38.d.7D62EEC6F13079523F290CFC00795F2E.e.4486/click - {}
RESULT: {}
COMMAND: POST /session/87d62074a4cb28b4ac0fd763e82d6371/execute/async - {"script":"<script> [1562 bytes]","args":[{"selector":{"controlType":"sap.m.StandardListItem","viewName":"reusables.view.manageresources.NewResourceUnit","viewId":"application-manageresources-display-component---newResourceUnit","properties":{"title":"10 - infinite"},"searchOpenDialogs":true,"interaction":{"idSuffix":"content"}},"wdio_ui5_key":"reusablesview.manageresources.NewResourceUnitsap.m.StandardListItem{\"title\":\"10 - infinite\"}"}]}
COMMAND: GET /session/87d62074a4cb28b4ac0fd763e82d6371/screenshot - {}
RESULT: {"script":"<script> [1562 bytes]","args":[{"selector":{"controlType":"sap.m.StandardListItem","viewName":"reusables.view.manageresources.NewResourceUnit","viewId":"application-manageresources-display-component---newResourceUnit","properties":{"title":"10 - infinite"},"searchOpenDialogs":true,"interaction":{"idSuffix":"content"}},"wdio_ui5_key":"reusablesview.manageresources.NewResourceUnitsap.m.StandardListItem{\"title\":\"10 - infinite\"}"}]}
RESULT: undefined
COMMAND: POST /session/87d62074a4cb28b4ac0fd763e82d6371/element - {"using":"xpath","value":"//*[@id=\"__item2462\"]"}
RESULT: {}
RESULT: {"using":"xpath","value":"//*[@id=\"__item2462\"]"}
COMMAND: POST /session/87d62074a4cb28b4ac0fd763e82d6371/element/f.62693C2623AD3835EDB30C63D0026C38.d.7D62EEC6F13079523F290CFC00795F2E.e.4488/click - {}
RESULT: {}
COMMAND: GET /session/87d62074a4cb28b4ac0fd763e82d6371/screenshot - {}
RESULT: {}
COMMAND: POST /session/87d62074a4cb28b4ac0fd763e82d6371/element - {"using":"xpath","value":"//bdi[contains(text(), \"Time Segment\")]"}
RESULT: {"using":"xpath","value":"//bdi[contains(text(), \"Time Segment\")]"}
COMMAND: GET /session/87d62074a4cb28b4ac0fd763e82d6371/element/f.62693C2623AD3835EDB30C63D0026C38.d.7D62EEC6F13079523F290CFC00795F2E.e.4489/rect - {}
RESULT: {}
COMMAND: GET /session/87d62074a4cb28b4ac0fd763e82d6371/window/rect - {}
RESULT: {}
COMMAND: POST /session/87d62074a4cb28b4ac0fd763e82d6371/execute/sync - {"script":"<script> [92 bytes]","args":[]}
RESULT: {"script":"<script> [92 bytes]","args":[]}
COMMAND: POST /session/87d62074a4cb28b4ac0fd763e82d6371/actions - {"actions":[{"id":"action35","type":"wheel","parameters":{},"actions":[{"type":"scroll","x":-1820,"y":-21,"deltaX":0,"deltaY":0,"duration":0,"origin":{"element-6066-11e4-a52e-4f735466cecf":"f.62693C2623AD3835EDB30C63D0026C38.d.7D62EEC6F13079523F290CFC00795F2E.e.4489"}}]}]}
COMMAND: GET /session/87d62074a4cb28b4ac0fd763e82d6371/screenshot - {}
RESULT: {}
COMMAND: POST /session/87d62074a4cb28b4ac0fd763e82d6371/execute/sync - {"script":"<script> [79 bytes]","args":[{"element-6066-11e4-a52e-4f735466cecf":"f.62693C2623AD3835EDB30C63D0026C38.d.7D62EEC6F13079523F290CFC00795F2E.e.4489","ELEMENT":"f.62693C2623AD3835EDB30C63D0026C38.d.7D62EEC6F13079523F290CFC00795F2E.e.4489"},{"block":"start","inline":"nearest"}]}
RESULT: {"script":"<script> [79 bytes]","args":[{"element-6066-11e4-a52e-4f735466cecf":"f.62693C2623AD3835EDB30C63D0026C38.d.7D62EEC6F13079523F290CFC00795F2E.e.4489","ELEMENT":"f.62693C2623AD3835EDB30C63D0026C38.d.7D62EEC6F13079523F290CFC00795F2E.e.4489"},{"block":"start","inline":"nearest"}]}
COMMAND: GET /session/87d62074a4cb28b4ac0fd763e82d6371/screenshot - {}
RESULT: {}
COMMAND: POST /session/87d62074a4cb28b4ac0fd763e82d6371/element - {"using":"xpath","value":"//span[@id=\"application-manageresources-display-component---newResourceUnit--btnAddTimeSegment-img\"]"}
RESULT: {"using":"xpath","value":"//span[@id=\"application-manageresources-display-component---newResourceUnit--btnAddTimeSegment-img\"]"}
COMMAND: POST /session/87d62074a4cb28b4ac0fd763e82d6371/execute/sync - {"script":"<script> [8489 bytes]","args":[{"element-6066-11e4-a52e-4f735466cecf":"f.62693C2623AD3835EDB30C63D0026C38.d.7D62EEC6F13079523F290CFC00795F2E.e.4492","ELEMENT":"f.62693C2623AD3835EDB30C63D0026C38.d.7D62EEC6F13079523F290CFC00795F2E.e.4492"}]}
RESULT: {"script":"<script> [8489 bytes]","args":[{"element-6066-11e4-a52e-4f735466cecf":"f.62693C2623AD3835EDB30C63D0026C38.d.7D62EEC6F13079523F290CFC00795F2E.e.4492","ELEMENT":"f.62693C2623AD3835EDB30C63D0026C38.d.7D62EEC6F13079523F290CFC00795F2E.e.4492"}]}
COMMAND: POST /session/87d62074a4cb28b4ac0fd763e82d6371/element/f.62693C2623AD3835EDB30C63D0026C38.d.7D62EEC6F13079523F290CFC00795F2E.e.4492/click - {}
COMMAND: GET /session/87d62074a4cb28b4ac0fd763e82d6371/screenshot - {}
RESULT: {}
RESULT: {}
COMMAND: GET /session/87d62074a4cb28b4ac0fd763e82d6371/screenshot - {}
COMMAND: POST /session/87d62074a4cb28b4ac0fd763e82d6371/element - {"using":"xpath","value":"//input[@id=\"application-manageresources-display-component---newResourceUnit--idRuTSAdmin-application-manageresources-display-component---newResourceUnit--RUTimeSegment-0-inner\"]"}
RESULT: {}
RESULT: {"using":"xpath","value":"//input[@id=\"application-manageresources-display-component---newResourceUnit--idRuTSAdmin-application-manageresources-display-component---newResourceUnit--RUTimeSegment-0-inner\"]"}
COMMAND: POST /session/87d62074a4cb28b4ac0fd763e82d6371/element/f.62693C2623AD3835EDB30C63D0026C38.d.7D62EEC6F13079523F290CFC00795F2E.e.4495/clear - {}
RESULT: {}
COMMAND: POST /session/87d62074a4cb28b4ac0fd763e82d6371/element/f.62693C2623AD3835EDB30C63D0026C38.d.7D62EEC6F13079523F290CFC00795F2E.e.4495/value - {"text":"WebdriverYardcxril"}
COMMAND: GET /session/87d62074a4cb28b4ac0fd763e82d6371/screenshot - {}
RESULT: {"text":"WebdriverYardcxril"}
COMMAND: GET /session/87d62074a4cb28b4ac0fd763e82d6371/screenshot - {}
RESULT: {}
RESULT: {}
COMMAND: POST /session/87d62074a4cb28b4ac0fd763e82d6371/actions - {"actions":[{"id":"action36","type":"key","parameters":{},"actions":[{"type":"keyDown","value":""},{"type":"pause","duration":10},{"type":"keyUp","value":""}]}]}
RESULT: {"actions":[{"id":"action36","type":"key","parameters":{},"actions":[{"type":"keyDown","value":""},{"type":"pause","duration":10},{"type":"keyUp","value":""}]}]}
COMMAND: GET /session/87d62074a4cb28b4ac0fd763e82d6371/screenshot - {}
RESULT: {}
COMMAND: POST /session/87d62074a4cb28b4ac0fd763e82d6371/execute/async - {"script":"<script> [1562 bytes]","args":[{"selector":{"controlType":"sap.m.Button","viewName":"reusables.view.manageresources.NewResourceUnit","viewId":"application-manageresources-display-component---newResourceUnit","i18NText":{"propertyName":"tooltip","key":"save"},"interaction":{"idSuffix":"BDI-content"}},"wdio_ui5_key":"reusablesview.manageresources.NewResourceUnitsap.m.Button{\"propertyName\":\"tooltip\",\"key\":\"save\"}"}]}
RESULT: {"script":"<script> [1562 bytes]","args":[{"selector":{"controlType":"sap.m.Button","viewName":"reusables.view.manageresources.NewResourceUnit","viewId":"application-manageresources-display-component---newResourceUnit","i18NText":{"propertyName":"tooltip","key":"save"},"interaction":{"idSuffix":"BDI-content"}},"wdio_ui5_key":"reusablesview.manageresources.NewResourceUnitsap.m.Button{\"propertyName\":\"tooltip\",\"key\":\"save\"}"}]}
RESULT: undefined
COMMAND: POST /session/87d62074a4cb28b4ac0fd763e82d6371/element - {"using":"xpath","value":"//*[@id=\"application-manageresources-display-component---newResourceUnit--createRuButton\"]"}
RESULT: {"using":"xpath","value":"//*[@id=\"application-manageresources-display-component---newResourceUnit--createRuButton\"]"}
COMMAND: POST /session/87d62074a4cb28b4ac0fd763e82d6371/element/f.62693C2623AD3835EDB30C63D0026C38.d.7D62EEC6F13079523F290CFC00795F2E.e.4355/click - {}
RESULT: {}
COMMAND: GET /session/87d62074a4cb28b4ac0fd763e82d6371/screenshot - {}
RESULT: {}
COMMAND: POST /session/87d62074a4cb28b4ac0fd763e82d6371/execute/async - {"script":"<script> [1562 bytes]","args":[{"selector":{"controlType":"sap.m.Title","properties":{"text":"Success"},"searchOpenDialogs":true},"wdio_ui5_key":"sapm.Title{\"text\":\"Success\"}"}]}
RESULT: {"script":"<script> [1562 bytes]","args":[{"selector":{"controlType":"sap.m.Title","properties":{"text":"Success"},"searchOpenDialogs":true},"wdio_ui5_key":"sapm.Title{\"text\":\"Success\"}"}]}
RESULT: undefined
COMMAND: POST /session/87d62074a4cb28b4ac0fd763e82d6371/execute/async - {"script":"<script> [6424 bytes]","args":[{"element-6066-11e4-a52e-4f735466cecf":"f.62693C2623AD3835EDB30C63D0026C38.d.7D62EEC6F13079523F290CFC00795F2E.e.4511"},"getText",[]]}
RESULT: {"script":"<script> [6424 bytes]","args":[{"element-6066-11e4-a52e-4f735466cecf":"f.62693C2623AD3835EDB30C63D0026C38.d.7D62EEC6F13079523F290CFC00795F2E.e.4511"},"getText",[]]}
COMMAND: POST /session/87d62074a4cb28b4ac0fd763e82d6371/element - {"using":"xpath","value":"//*[contains(@id, '__text') and (contains(text(), 'successfully created') or contains(., 'successfully created'))]"}
RESULT: {"using":"xpath","value":"//*[contains(@id, '__text') and (contains(text(), 'successfully created') or contains(., 'successfully created'))]"}
COMMAND: GET /session/87d62074a4cb28b4ac0fd763e82d6371/element/f.62693C2623AD3835EDB30C63D0026C38.d.7D62EEC6F13079523F290CFC00795F2E.e.4510/text - {}
RESULT: {}
COMMAND: POST /session/87d62074a4cb28b4ac0fd763e82d6371/execute/async - {"script":"<script> [1562 bytes]","args":[{"selector":{"controlType":"sap.m.Button","properties":{"text":"Close"},"searchOpenDialogs":true,"interaction":{"idSuffix":"BDI-content"}},"wdio_ui5_key":"sapm.Button{\"text\":\"Close\"}"}]}
RESULT: {"script":"<script> [1562 bytes]","args":[{"selector":{"controlType":"sap.m.Button","properties":{"text":"Close"},"searchOpenDialogs":true,"interaction":{"idSuffix":"BDI-content"}},"wdio_ui5_key":"sapm.Button{\"text\":\"Close\"}"}]}
RESULT: undefined
COMMAND: POST /session/87d62074a4cb28b4ac0fd763e82d6371/element - {"using":"xpath","value":"//*[@id=\"__mbox-btn-1\"]"}
RESULT: {"using":"xpath","value":"//*[@id=\"__mbox-btn-1\"]"}
COMMAND: POST /session/87d62074a4cb28b4ac0fd763e82d6371/element/f.62693C2623AD3835EDB30C63D0026C38.d.7D62EEC6F13079523F290CFC00795F2E.e.4508/click - {}
RESULT: {}
COMMAND: GET /session/87d62074a4cb28b4ac0fd763e82d6371/screenshot - {}
RESULT: {}
COMMAND: POST /session/87d62074a4cb28b4ac0fd763e82d6371/execute/async - {"script":"<script> [1562 bytes]","args":[{"selector":{"controlType":"sap.ui.core.Icon","viewName":"etm.portal.ui.manageresources.view.Detail","viewId":"application-manageresources-display-component---detailRU","properties":{"src":{"regex":{"source":"overflow"}}}},"wdio_ui5_key":"etmportal.ui.manageresources.view.Detailsap.ui.core.Icon{\"src\":{\"regex\":{\"source\":\"overflow\"}}}"}]}
RESULT: {"script":"<script> [1562 bytes]","args":[{"selector":{"controlType":"sap.ui.core.Icon","viewName":"etm.portal.ui.manageresources.view.Detail","viewId":"application-manageresources-display-component---detailRU","properties":{"src":{"regex":{"source":"overflow"}}}},"wdio_ui5_key":"etmportal.ui.manageresources.view.Detailsap.ui.core.Icon{\"src\":{\"regex\":{\"source\":\"overflow\"}}}"}]}
RESULT: undefined
COMMAND: POST /session/87d62074a4cb28b4ac0fd763e82d6371/element - {"using":"xpath","value":"//*[@id=\"__title81-_actionsToolbar-overflowButton-img\"]"}
RESULT: {"using":"xpath","value":"//*[@id=\"__title81-_actionsToolbar-overflowButton-img\"]"}
COMMAND: POST /session/87d62074a4cb28b4ac0fd763e82d6371/element/f.62693C2623AD3835EDB30C63D0026C38.d.7D62EEC6F13079523F290CFC00795F2E.e.4544/click - {}
RESULT: {}
COMMAND: POST /session/87d62074a4cb28b4ac0fd763e82d6371/execute/async - {"script":"<script> [1562 bytes]","args":[{"selector":{"controlType":"sap.m.Button","viewName":"etm.portal.ui.manageresources.view.Detail","viewId":"application-manageresources-display-component---detailRU","i18NText":{"propertyName":"tooltip","key":"closeColumn"},"searchOpenDialogs":true,"interaction":{"idSuffix":"inner"}},"wdio_ui5_key":"etmportal.ui.manageresources.view.Detailsap.m.Button{\"propertyName\":\"tooltip\",\"key\":\"closeColumn\"}"}]}
COMMAND: GET /session/87d62074a4cb28b4ac0fd763e82d6371/screenshot - {}
RESULT: {"script":"<script> [1562 bytes]","args":[{"selector":{"controlType":"sap.m.Button","viewName":"etm.portal.ui.manageresources.view.Detail","viewId":"application-manageresources-display-component---detailRU","i18NText":{"propertyName":"tooltip","key":"closeColumn"},"searchOpenDialogs":true,"interaction":{"idSuffix":"inner"}},"wdio_ui5_key":"etmportal.ui.manageresources.view.Detailsap.m.Button{\"propertyName\":\"tooltip\",\"key\":\"closeColumn\"}"}]}
RESULT: undefined
COMMAND: POST /session/87d62074a4cb28b4ac0fd763e82d6371/element - {"using":"xpath","value":"//*[@id=\"__button255\"]"}
RESULT: {}
RESULT: {"using":"xpath","value":"//*[@id=\"__button255\"]"}
COMMAND: POST /session/87d62074a4cb28b4ac0fd763e82d6371/element/f.62693C2623AD3835EDB30C63D0026C38.d.7D62EEC6F13079523F290CFC00795F2E.e.4546/click - {}
RESULT: {}
COMMAND: GET /session/87d62074a4cb28b4ac0fd763e82d6371/screenshot - {}
RESULT: {}
COMMAND: POST /session/87d62074a4cb28b4ac0fd763e82d6371/refresh - {}
RESULT: {}
COMMAND: GET /session/87d62074a4cb28b4ac0fd763e82d6371/screenshot - {}
RESULT: {}
COMMAND: POST /session/87d62074a4cb28b4ac0fd763e82d6371/execute/async - {"script":"<script> [189 bytes]","args":[]}
RESULT: {"script":"<script> [189 bytes]","args":[]}
COMMAND: POST /session/87d62074a4cb28b4ac0fd763e82d6371/execute/async - {"script":"<script> [123 bytes]","args":[]}
RESULT: {"script":"<script> [123 bytes]","args":[]}
COMMAND: POST /session/87d62074a4cb28b4ac0fd763e82d6371/timeouts - {"script":"<number>"}
RESULT: {"script":"<number>"}
COMMAND: GET /session/87d62074a4cb28b4ac0fd763e82d6371/timeouts - {}
RESULT: {}
RESULT: undefined
COMMAND: POST /session/87d62074a4cb28b4ac0fd763e82d6371/execute/async - {"script":"<script> [2676 bytes]","args":[]}
RESULT: {"script":"<script> [2676 bytes]","args":[]}
COMMAND: POST /session/87d62074a4cb28b4ac0fd763e82d6371/execute/async - {"script":"<script> [2342 bytes]","args":[{"protocol":"http","hostname":"0.0.0.0","path":"/","capabilities":{"browserName":"chrome","goog:chromeOptions":{"binary":"C:\\Program Files\\Google\\Chrome\\Application\\chrome.exe","args":["--start-maximized"]}},"logLevel":"warn","connectionRetryTimeout":120000,"connectionRetryCount":3,"logLevels":{},"enableDirectConnect":true,"strictSSL":true,"_":"65 more keys: [\"cacheDir\",\"port\",\"requestedCapabilities\",\"automationProtocol\",\"baseUrl\",\"waitforInterval\",\"waitforTimeout\",\"onReload\",\"beforeCommand\",\"afterCommand\",\"rootDir\",\"specs\",\"suites\",\"exclude\",\"groupLogsByTestSpec\",\"excludeDriverLogs\",\"bail\",\"framework\",\"reporters\",\"services\",\"maxInstances\",\"maxInstancesPerCapability\",\"injectGlobals\",\"filesToWatch\",\"execArgv\",\"runnerEnv\",\"runner\",\"shard\",\"specFileRetries\",\"specFileRetriesDelay\",\"specFileRetriesDeferred\",\"reporterSyncInterval\",\"reporterSyncTimeout\",\"cucumberFeaturesWithLineNumbers\",\"autoCompileOpts\",\"mochaOpts\",\"jasmineOpts\",\"cucumberOpts\",\"onPrepare\",\"onWorkerStart\",\"onWorkerEnd\",\"before\",\"beforeSession\",\"beforeSuite\",\"beforeHook\",\"beforeTest\",\"afterTest\",\"afterHook\",\"afterSuite\",\"afterSession\",\"after\",\"onComplete\",\"beforeAssertion\",\"afterAssertion\",\"beforeFeature\",\"beforeScenario\",\"beforeStep\",\"afterStep\",\"afterScenario\",\"afterFeature\",\"_\",\"suite\",\"$0\",\"ignoredWorkerServices\",\"wdi5\"]"}]}
RESULT: {"script":"<script> [2342 bytes]","args":[{"protocol":"http","hostname":"0.0.0.0","path":"/","capabilities":{"browserName":"chrome","goog:chromeOptions":{"binary":"C:\\Program Files\\Google\\Chrome\\Application\\chrome.exe","args":["--start-maximized"]}},"logLevel":"warn","connectionRetryTimeout":120000,"connectionRetryCount":3,"logLevels":{},"enableDirectConnect":true,"strictSSL":true,"_":"65 more keys: [\"cacheDir\",\"port\",\"requestedCapabilities\",\"automationProtocol\",\"baseUrl\",\"waitforInterval\",\"waitforTimeout\",\"onReload\",\"beforeCommand\",\"afterCommand\",\"rootDir\",\"specs\",\"suites\",\"exclude\",\"groupLogsByTestSpec\",\"excludeDriverLogs\",\"bail\",\"framework\",\"reporters\",\"services\",\"maxInstances\",\"maxInstancesPerCapability\",\"injectGlobals\",\"filesToWatch\",\"execArgv\",\"runnerEnv\",\"runner\",\"shard\",\"specFileRetries\",\"specFileRetriesDelay\",\"specFileRetriesDeferred\",\"reporterSyncInterval\",\"reporterSyncTimeout\",\"cucumberFeaturesWithLineNumbers\",\"autoCompileOpts\",\"mochaOpts\",\"jasmineOpts\",\"cucumberOpts\",\"onPrepare\",\"onWorkerStart\",\"onWorkerEnd\",\"before\",\"beforeSession\",\"beforeSuite\",\"beforeHook\",\"beforeTest\",\"afterTest\",\"afterHook\",\"afterSuite\",\"afterSession\",\"after\",\"onComplete\",\"beforeAssertion\",\"afterAssertion\",\"beforeFeature\",\"beforeScenario\",\"beforeStep\",\"afterStep\",\"afterScenario\",\"afterFeature\",\"_\",\"suite\",\"$0\",\"ignoredWorkerServices\",\"wdi5\"]"}]}
COMMAND: POST /session/87d62074a4cb28b4ac0fd763e82d6371/execute/async - {"script":"<script> [21126 bytes]","args":[35000]}
RESULT: {"script":"<script> [21126 bytes]","args":[35000]}
COMMAND: POST /session/87d62074a4cb28b4ac0fd763e82d6371/element - {"using":"css selector","value":"#shell-header-logo"}
RESULT: {"using":"css selector","value":"#shell-header-logo"}
COMMAND: POST /session/87d62074a4cb28b4ac0fd763e82d6371/element/f.62693C2623AD3835EDB30C63D0026C38.d.258619910570CE86A27A859409038750.e.4650/click - {}
RESULT: {}
COMMAND: GET /session/87d62074a4cb28b4ac0fd763e82d6371/screenshot - {}
RESULT: {}
COMMAND: POST /session/87d62074a4cb28b4ac0fd763e82d6371/element - {"using":"css selector","value":"#shell-header-logo"}
RESULT: {"using":"css selector","value":"#shell-header-logo"}
COMMAND: POST /session/87d62074a4cb28b4ac0fd763e82d6371/element/f.62693C2623AD3835EDB30C63D0026C38.d.258619910570CE86A27A859409038750.e.4825/click - {}
RESULT: {}
COMMAND: GET /session/87d62074a4cb28b4ac0fd763e82d6371/screenshot - {}
RESULT: {}
]]></system-out>
    </testcase>
    <testcase classname="chrome.137_0_7151_69.windows.Manage_request_+_Contract_processing_pick_up_option_US120163_" name="Should Create New Request pick up option" time="169.059">
      <system-out><![CDATA[
COMMAND: POST /session/87d62074a4cb28b4ac0fd763e82d6371/element - {"using":"css selector","value":"#shell-header-logo"}
RESULT: {"using":"css selector","value":"#shell-header-logo"}
COMMAND: POST /session/87d62074a4cb28b4ac0fd763e82d6371/element/f.62693C2623AD3835EDB30C63D0026C38.d.258619910570CE86A27A859409038750.e.4825/click - {}
RESULT: {}
COMMAND: GET /session/87d62074a4cb28b4ac0fd763e82d6371/screenshot - {}
RESULT: {}
COMMAND: POST /session/87d62074a4cb28b4ac0fd763e82d6371/execute/async - {"script":"<script> [1562 bytes]","args":[{"selector":{"controlType":"sap.m.GenericTile","properties":{"header":"Manage Requests"}},"wdio_ui5_key":"sapm.GenericTile{\"header\":\"Manage Requests\"}"}]}
RESULT: {"script":"<script> [1562 bytes]","args":[{"selector":{"controlType":"sap.m.GenericTile","properties":{"header":"Manage Requests"}},"wdio_ui5_key":"sapm.GenericTile{\"header\":\"Manage Requests\"}"}]}
RESULT: undefined
COMMAND: POST /session/87d62074a4cb28b4ac0fd763e82d6371/element - {"using":"xpath","value":"//*[@id=\"__tile48\"]"}
RESULT: {"using":"xpath","value":"//*[@id=\"__tile48\"]"}
COMMAND: POST /session/87d62074a4cb28b4ac0fd763e82d6371/element/f.62693C2623AD3835EDB30C63D0026C38.d.258619910570CE86A27A859409038750.e.4836/click - {}
RESULT: {}
COMMAND: GET /session/87d62074a4cb28b4ac0fd763e82d6371/screenshot - {}
RESULT: {}
COMMAND: POST /session/87d62074a4cb28b4ac0fd763e82d6371/elements - {"using":"xpath","value":"//span[text()='Error']"}
RESULT: {"using":"xpath","value":"//span[text()='Error']"}
COMMAND: POST /session/87d62074a4cb28b4ac0fd763e82d6371/refresh - {}
RESULT: {}
COMMAND: GET /session/87d62074a4cb28b4ac0fd763e82d6371/screenshot - {}
RESULT: {}
COMMAND: POST /session/87d62074a4cb28b4ac0fd763e82d6371/execute/async - {"script":"<script> [189 bytes]","args":[]}
RESULT: {"script":"<script> [189 bytes]","args":[]}
COMMAND: POST /session/87d62074a4cb28b4ac0fd763e82d6371/execute/async - {"script":"<script> [123 bytes]","args":[]}
RESULT: {"script":"<script> [123 bytes]","args":[]}
COMMAND: POST /session/87d62074a4cb28b4ac0fd763e82d6371/timeouts - {"script":"<number>"}
RESULT: {"script":"<number>"}
COMMAND: GET /session/87d62074a4cb28b4ac0fd763e82d6371/timeouts - {}
RESULT: {}
RESULT: undefined
COMMAND: POST /session/87d62074a4cb28b4ac0fd763e82d6371/execute/async - {"script":"<script> [2676 bytes]","args":[]}
RESULT: {"script":"<script> [2676 bytes]","args":[]}
COMMAND: POST /session/87d62074a4cb28b4ac0fd763e82d6371/execute/async - {"script":"<script> [2342 bytes]","args":[{"protocol":"http","hostname":"0.0.0.0","path":"/","capabilities":{"browserName":"chrome","goog:chromeOptions":{"binary":"C:\\Program Files\\Google\\Chrome\\Application\\chrome.exe","args":["--start-maximized"]}},"logLevel":"warn","connectionRetryTimeout":120000,"connectionRetryCount":3,"logLevels":{},"enableDirectConnect":true,"strictSSL":true,"_":"65 more keys: [\"cacheDir\",\"port\",\"requestedCapabilities\",\"automationProtocol\",\"baseUrl\",\"waitforInterval\",\"waitforTimeout\",\"onReload\",\"beforeCommand\",\"afterCommand\",\"rootDir\",\"specs\",\"suites\",\"exclude\",\"groupLogsByTestSpec\",\"excludeDriverLogs\",\"bail\",\"framework\",\"reporters\",\"services\",\"maxInstances\",\"maxInstancesPerCapability\",\"injectGlobals\",\"filesToWatch\",\"execArgv\",\"runnerEnv\",\"runner\",\"shard\",\"specFileRetries\",\"specFileRetriesDelay\",\"specFileRetriesDeferred\",\"reporterSyncInterval\",\"reporterSyncTimeout\",\"cucumberFeaturesWithLineNumbers\",\"autoCompileOpts\",\"mochaOpts\",\"jasmineOpts\",\"cucumberOpts\",\"onPrepare\",\"onWorkerStart\",\"onWorkerEnd\",\"before\",\"beforeSession\",\"beforeSuite\",\"beforeHook\",\"beforeTest\",\"afterTest\",\"afterHook\",\"afterSuite\",\"afterSession\",\"after\",\"onComplete\",\"beforeAssertion\",\"afterAssertion\",\"beforeFeature\",\"beforeScenario\",\"beforeStep\",\"afterStep\",\"afterScenario\",\"afterFeature\",\"_\",\"suite\",\"$0\",\"ignoredWorkerServices\",\"wdi5\"]"}]}
RESULT: {"script":"<script> [2342 bytes]","args":[{"protocol":"http","hostname":"0.0.0.0","path":"/","capabilities":{"browserName":"chrome","goog:chromeOptions":{"binary":"C:\\Program Files\\Google\\Chrome\\Application\\chrome.exe","args":["--start-maximized"]}},"logLevel":"warn","connectionRetryTimeout":120000,"connectionRetryCount":3,"logLevels":{},"enableDirectConnect":true,"strictSSL":true,"_":"65 more keys: [\"cacheDir\",\"port\",\"requestedCapabilities\",\"automationProtocol\",\"baseUrl\",\"waitforInterval\",\"waitforTimeout\",\"onReload\",\"beforeCommand\",\"afterCommand\",\"rootDir\",\"specs\",\"suites\",\"exclude\",\"groupLogsByTestSpec\",\"excludeDriverLogs\",\"bail\",\"framework\",\"reporters\",\"services\",\"maxInstances\",\"maxInstancesPerCapability\",\"injectGlobals\",\"filesToWatch\",\"execArgv\",\"runnerEnv\",\"runner\",\"shard\",\"specFileRetries\",\"specFileRetriesDelay\",\"specFileRetriesDeferred\",\"reporterSyncInterval\",\"reporterSyncTimeout\",\"cucumberFeaturesWithLineNumbers\",\"autoCompileOpts\",\"mochaOpts\",\"jasmineOpts\",\"cucumberOpts\",\"onPrepare\",\"onWorkerStart\",\"onWorkerEnd\",\"before\",\"beforeSession\",\"beforeSuite\",\"beforeHook\",\"beforeTest\",\"afterTest\",\"afterHook\",\"afterSuite\",\"afterSession\",\"after\",\"onComplete\",\"beforeAssertion\",\"afterAssertion\",\"beforeFeature\",\"beforeScenario\",\"beforeStep\",\"afterStep\",\"afterScenario\",\"afterFeature\",\"_\",\"suite\",\"$0\",\"ignoredWorkerServices\",\"wdi5\"]"}]}
COMMAND: POST /session/87d62074a4cb28b4ac0fd763e82d6371/execute/async - {"script":"<script> [21126 bytes]","args":[35000]}
RESULT: {"script":"<script> [21126 bytes]","args":[35000]}
COMMAND: POST /session/87d62074a4cb28b4ac0fd763e82d6371/element - {"using":"xpath","value":"//button[contains(@data-kt ,\"btnCreateNewOverflowToolbarButton\")]"}
COMMAND: POST /session/87d62074a4cb28b4ac0fd763e82d6371/element - {"using":"xpath","value":"(//span[contains(@class ,\"sapMObjStatusText\")])[1]"}
RESULT: {"using":"xpath","value":"//button[contains(@data-kt ,\"btnCreateNewOverflowToolbarButton\")]"}
COMMAND: POST /session/87d62074a4cb28b4ac0fd763e82d6371/element/f.62693C2623AD3835EDB30C63D0026C38.d.BFF91B280CA20C7DFE99C226EA0C4B5F.e.4988/click - {}
RESULT: {"using":"xpath","value":"(//span[contains(@class ,\"sapMObjStatusText\")])[1]"}
COMMAND: POST /session/87d62074a4cb28b4ac0fd763e82d6371/execute/sync - {"script":"<script> [8489 bytes]","args":[{"element-6066-11e4-a52e-4f735466cecf":"f.62693C2623AD3835EDB30C63D0026C38.d.BFF91B280CA20C7DFE99C226EA0C4B5F.e.5025","ELEMENT":"f.62693C2623AD3835EDB30C63D0026C38.d.BFF91B280CA20C7DFE99C226EA0C4B5F.e.5025"}]}
RESULT: {}
COMMAND: GET /session/87d62074a4cb28b4ac0fd763e82d6371/screenshot - {}
COMMAND: POST /session/87d62074a4cb28b4ac0fd763e82d6371/element - {"using":"xpath","value":"(//span[contains(@class ,\"sapMObjStatusText\")])[1]"}
RESULT: {}
RESULT: {"using":"xpath","value":"(//span[contains(@class ,\"sapMObjStatusText\")])[1]"}
COMMAND: POST /session/87d62074a4cb28b4ac0fd763e82d6371/execute/sync - {"script":"<script> [8489 bytes]","args":[{"element-6066-11e4-a52e-4f735466cecf":"f.62693C2623AD3835EDB30C63D0026C38.d.BFF91B280CA20C7DFE99C226EA0C4B5F.e.5270","ELEMENT":"f.62693C2623AD3835EDB30C63D0026C38.d.BFF91B280CA20C7DFE99C226EA0C4B5F.e.5270"}]}
RESULT: {"script":"<script> [8489 bytes]","args":[{"element-6066-11e4-a52e-4f735466cecf":"f.62693C2623AD3835EDB30C63D0026C38.d.BFF91B280CA20C7DFE99C226EA0C4B5F.e.5270","ELEMENT":"f.62693C2623AD3835EDB30C63D0026C38.d.BFF91B280CA20C7DFE99C226EA0C4B5F.e.5270"}]}
COMMAND: GET /session/87d62074a4cb28b4ac0fd763e82d6371/screenshot - {}
RESULT: {}
COMMAND: POST /session/87d62074a4cb28b4ac0fd763e82d6371/element - {"using":"xpath","value":"//input[contains(@id ,\"yardId-inner\")]"}
RESULT: {"using":"xpath","value":"//input[contains(@id ,\"yardId-inner\")]"}
COMMAND: POST /session/87d62074a4cb28b4ac0fd763e82d6371/execute/sync - {"script":"<script> [8489 bytes]","args":[{"element-6066-11e4-a52e-4f735466cecf":"f.62693C2623AD3835EDB30C63D0026C38.d.BFF91B280CA20C7DFE99C226EA0C4B5F.e.5106","ELEMENT":"f.62693C2623AD3835EDB30C63D0026C38.d.BFF91B280CA20C7DFE99C226EA0C4B5F.e.5106"}]}
RESULT: {"script":"<script> [8489 bytes]","args":[{"element-6066-11e4-a52e-4f735466cecf":"f.62693C2623AD3835EDB30C63D0026C38.d.BFF91B280CA20C7DFE99C226EA0C4B5F.e.5106","ELEMENT":"f.62693C2623AD3835EDB30C63D0026C38.d.BFF91B280CA20C7DFE99C226EA0C4B5F.e.5106"}]}
COMMAND: POST /session/87d62074a4cb28b4ac0fd763e82d6371/element - {"using":"xpath","value":"//input[contains(@id ,\"requestContractNo-inner\")]"}
COMMAND: POST /session/87d62074a4cb28b4ac0fd763e82d6371/element - {"using":"xpath","value":"//input[contains(@id ,\"yardId-inner\")]"}
COMMAND: GET /session/87d62074a4cb28b4ac0fd763e82d6371/screenshot - {}
RESULT: {"using":"xpath","value":"//input[contains(@id ,\"requestContractNo-inner\")]"}
COMMAND: POST /session/87d62074a4cb28b4ac0fd763e82d6371/element/f.62693C2623AD3835EDB30C63D0026C38.d.BFF91B280CA20C7DFE99C226EA0C4B5F.e.5101/value - {"text":"10191"}
RESULT: {"using":"xpath","value":"//input[contains(@id ,\"yardId-inner\")]"}
COMMAND: GET /session/87d62074a4cb28b4ac0fd763e82d6371/element/f.62693C2623AD3835EDB30C63D0026C38.d.BFF91B280CA20C7DFE99C226EA0C4B5F.e.5106/enabled - {}
RESULT: {}
RESULT: {"text":"10191"}
COMMAND: GET /session/87d62074a4cb28b4ac0fd763e82d6371/screenshot - {}
RESULT: {}
COMMAND: GET /session/87d62074a4cb28b4ac0fd763e82d6371/screenshot - {}
RESULT: {}
RESULT: {}
COMMAND: POST /session/87d62074a4cb28b4ac0fd763e82d6371/actions - {"actions":[{"id":"action37","type":"key","parameters":{},"actions":[{"type":"keyDown","value":""},{"type":"pause","duration":10},{"type":"keyUp","value":""}]}]}
RESULT: {"actions":[{"id":"action37","type":"key","parameters":{},"actions":[{"type":"keyDown","value":""},{"type":"pause","duration":10},{"type":"keyUp","value":""}]}]}
COMMAND: GET /session/87d62074a4cb28b4ac0fd763e82d6371/screenshot - {}
RESULT: {}
COMMAND: POST /session/87d62074a4cb28b4ac0fd763e82d6371/execute/async - {"script":"<script> [1562 bytes]","args":[{"selector":{"controlType":"sap.m.Button","viewName":"etm.portal.ui.managerequests.view.NewRequest","properties":{"text":"Items"},"interaction":{"idSuffix":"BDI-content"}},"wdio_ui5_key":"etmportal.ui.managerequests.view.NewRequestsap.m.Button{\"text\":\"Items\"}"}]}
RESULT: {"script":"<script> [1562 bytes]","args":[{"selector":{"controlType":"sap.m.Button","viewName":"etm.portal.ui.managerequests.view.NewRequest","properties":{"text":"Items"},"interaction":{"idSuffix":"BDI-content"}},"wdio_ui5_key":"etmportal.ui.managerequests.view.NewRequestsap.m.Button{\"text\":\"Items\"}"}]}
RESULT: undefined
COMMAND: POST /session/87d62074a4cb28b4ac0fd763e82d6371/element - {"using":"xpath","value":"//*[@id=\"__xmlview1--newRequestPage-anchBar-__xmlview1--requestItemsSection-anchor\"]"}
RESULT: {"using":"xpath","value":"//*[@id=\"__xmlview1--newRequestPage-anchBar-__xmlview1--requestItemsSection-anchor\"]"}
COMMAND: POST /session/87d62074a4cb28b4ac0fd763e82d6371/element/f.62693C2623AD3835EDB30C63D0026C38.d.BFF91B280CA20C7DFE99C226EA0C4B5F.e.5280/click - {}
RESULT: {}
COMMAND: GET /session/87d62074a4cb28b4ac0fd763e82d6371/screenshot - {}
RESULT: {}
COMMAND: POST /session/87d62074a4cb28b4ac0fd763e82d6371/execute/async - {"script":"<script> [1562 bytes]","args":[{"selector":{"controlType":"sap.ui.core.Icon","viewName":"etm.portal.ui.managerequests.view.NewRequest","properties":{"src":{"regex":{"source":"inspect"}}}},"wdio_ui5_key":"etmportal.ui.managerequests.view.NewRequestsap.ui.core.Icon{\"src\":{\"regex\":{\"source\":\"inspect\"}}}"}]}
RESULT: {"script":"<script> [1562 bytes]","args":[{"selector":{"controlType":"sap.ui.core.Icon","viewName":"etm.portal.ui.managerequests.view.NewRequest","properties":{"src":{"regex":{"source":"inspect"}}}},"wdio_ui5_key":"etmportal.ui.managerequests.view.NewRequestsap.ui.core.Icon{\"src\":{\"regex\":{\"source\":\"inspect\"}}}"}]}
RESULT: undefined
COMMAND: POST /session/87d62074a4cb28b4ac0fd763e82d6371/element - {"using":"xpath","value":"//*[@id=\"__button8-img\"]"}
RESULT: {"using":"xpath","value":"//*[@id=\"__button8-img\"]"}
COMMAND: POST /session/87d62074a4cb28b4ac0fd763e82d6371/element/f.62693C2623AD3835EDB30C63D0026C38.d.BFF91B280CA20C7DFE99C226EA0C4B5F.e.5285/click - {}
RESULT: {}
COMMAND: GET /session/87d62074a4cb28b4ac0fd763e82d6371/screenshot - {}
RESULT: {}
COMMAND: POST /session/87d62074a4cb28b4ac0fd763e82d6371/execute/async - {"script":"<script> [1562 bytes]","args":[{"selector":{"controlType":"sap.ui.core.Icon","viewName":"etm.portal.ui.managerequests.view.NewRequest","properties":{"src":{"regex":{"source":"add"}}}},"wdio_ui5_key":"etmportal.ui.managerequests.view.NewRequestsap.ui.core.Icon{\"src\":{\"regex\":{\"source\":\"add\"}}}"}]}
RESULT: {"script":"<script> [1562 bytes]","args":[{"selector":{"controlType":"sap.ui.core.Icon","viewName":"etm.portal.ui.managerequests.view.NewRequest","properties":{"src":{"regex":{"source":"add"}}}},"wdio_ui5_key":"etmportal.ui.managerequests.view.NewRequestsap.ui.core.Icon{\"src\":{\"regex\":{\"source\":\"add\"}}}"}]}
RESULT: undefined
COMMAND: POST /session/87d62074a4cb28b4ac0fd763e82d6371/element - {"using":"xpath","value":"//*[@id=\"__xmlview1--btnAddTableRow-img\"]"}
RESULT: {"using":"xpath","value":"//*[@id=\"__xmlview1--btnAddTableRow-img\"]"}
COMMAND: POST /session/87d62074a4cb28b4ac0fd763e82d6371/element/f.62693C2623AD3835EDB30C63D0026C38.d.BFF91B280CA20C7DFE99C226EA0C4B5F.e.5293/click - {}
RESULT: {}
COMMAND: GET /session/87d62074a4cb28b4ac0fd763e82d6371/screenshot - {}
RESULT: {}
COMMAND: POST /session/87d62074a4cb28b4ac0fd763e82d6371/execute/async - {"script":"<script> [1562 bytes]","args":[{"selector":{"controlType":"sap.ui.unified.MenuItem","viewName":"etm.portal.ui.managerequests.view.NewRequest","i18NText":{"propertyName":"text","key":"standardEntry"},"searchOpenDialogs":true,"interaction":{"idSuffix":"txt"}},"wdio_ui5_key":"etmportal.ui.managerequests.view.NewRequestsap.ui.unified.MenuItem{\"propertyName\":\"text\",\"key\":\"standardEntry\"}"}]}
RESULT: {"script":"<script> [1562 bytes]","args":[{"selector":{"controlType":"sap.ui.unified.MenuItem","viewName":"etm.portal.ui.managerequests.view.NewRequest","i18NText":{"propertyName":"text","key":"standardEntry"},"searchOpenDialogs":true,"interaction":{"idSuffix":"txt"}},"wdio_ui5_key":"etmportal.ui.managerequests.view.NewRequestsap.ui.unified.MenuItem{\"propertyName\":\"text\",\"key\":\"standardEntry\"}"}]}
RESULT: undefined
COMMAND: POST /session/87d62074a4cb28b4ac0fd763e82d6371/element - {"using":"xpath","value":"//*[@id=\"__item177\"]"}
RESULT: {"using":"xpath","value":"//*[@id=\"__item177\"]"}
COMMAND: POST /session/87d62074a4cb28b4ac0fd763e82d6371/element/f.62693C2623AD3835EDB30C63D0026C38.d.BFF91B280CA20C7DFE99C226EA0C4B5F.e.5297/click - {}
RESULT: {}
COMMAND: GET /session/87d62074a4cb28b4ac0fd763e82d6371/screenshot - {}
RESULT: undefined
COMMAND: POST /session/87d62074a4cb28b4ac0fd763e82d6371/element - {"using":"xpath","value":"//*[@id=\"__xmlview1--btnAddTableRow-img\"]"}
RESULT: {}
RESULT: {"using":"xpath","value":"//*[@id=\"__xmlview1--btnAddTableRow-img\"]"}
COMMAND: POST /session/87d62074a4cb28b4ac0fd763e82d6371/element/f.62693C2623AD3835EDB30C63D0026C38.d.BFF91B280CA20C7DFE99C226EA0C4B5F.e.5293/click - {}
RESULT: {}
COMMAND: GET /session/87d62074a4cb28b4ac0fd763e82d6371/screenshot - {}
RESULT: {}
RESULT: undefined
COMMAND: POST /session/87d62074a4cb28b4ac0fd763e82d6371/element - {"using":"xpath","value":"//*[@id=\"__item177\"]"}
RESULT: {"using":"xpath","value":"//*[@id=\"__item177\"]"}
COMMAND: POST /session/87d62074a4cb28b4ac0fd763e82d6371/element/f.62693C2623AD3835EDB30C63D0026C38.d.BFF91B280CA20C7DFE99C226EA0C4B5F.e.5318/click - {}
RESULT: {}
COMMAND: GET /session/87d62074a4cb28b4ac0fd763e82d6371/screenshot - {}
RESULT: {}
COMMAND: POST /session/87d62074a4cb28b4ac0fd763e82d6371/element - {"using":"xpath","value":"(//input[contains(@id ,\"requestItemsTable-0-inner\")])[5]"}
RESULT: {"using":"xpath","value":"(//input[contains(@id ,\"requestItemsTable-0-inner\")])[5]"}
COMMAND: POST /session/87d62074a4cb28b4ac0fd763e82d6371/element/f.62693C2623AD3835EDB30C63D0026C38.d.BFF91B280CA20C7DFE99C226EA0C4B5F.e.5309/clear - {}
RESULT: {}
COMMAND: POST /session/87d62074a4cb28b4ac0fd763e82d6371/element/f.62693C2623AD3835EDB30C63D0026C38.d.BFF91B280CA20C7DFE99C226EA0C4B5F.e.5309/value - {"text":"1000001"}
COMMAND: GET /session/87d62074a4cb28b4ac0fd763e82d6371/screenshot - {}
RESULT: {"text":"1000001"}
COMMAND: GET /session/87d62074a4cb28b4ac0fd763e82d6371/screenshot - {}
RESULT: {}
RESULT: {}
COMMAND: POST /session/87d62074a4cb28b4ac0fd763e82d6371/actions - {"actions":[{"id":"action38","type":"key","parameters":{},"actions":[{"type":"keyDown","value":""},{"type":"pause","duration":10},{"type":"keyUp","value":""}]}]}
RESULT: {"actions":[{"id":"action38","type":"key","parameters":{},"actions":[{"type":"keyDown","value":""},{"type":"pause","duration":10},{"type":"keyUp","value":""}]}]}
COMMAND: POST /session/87d62074a4cb28b4ac0fd763e82d6371/element - {"using":"xpath","value":"(//input[contains(@id ,\"requestItemsTable-1-inner\")])[5]"}
COMMAND: GET /session/87d62074a4cb28b4ac0fd763e82d6371/screenshot - {}
RESULT: {"using":"xpath","value":"(//input[contains(@id ,\"requestItemsTable-1-inner\")])[5]"}
COMMAND: POST /session/87d62074a4cb28b4ac0fd763e82d6371/element/f.62693C2623AD3835EDB30C63D0026C38.d.BFF91B280CA20C7DFE99C226EA0C4B5F.e.5324/clear - {}
RESULT: {}
RESULT: {}
COMMAND: POST /session/87d62074a4cb28b4ac0fd763e82d6371/element/f.62693C2623AD3835EDB30C63D0026C38.d.BFF91B280CA20C7DFE99C226EA0C4B5F.e.5324/value - {"text":"200131"}
COMMAND: GET /session/87d62074a4cb28b4ac0fd763e82d6371/screenshot - {}
RESULT: {"text":"200131"}
COMMAND: GET /session/87d62074a4cb28b4ac0fd763e82d6371/screenshot - {}
RESULT: {}
RESULT: {}
COMMAND: POST /session/87d62074a4cb28b4ac0fd763e82d6371/actions - {"actions":[{"id":"action39","type":"key","parameters":{},"actions":[{"type":"keyDown","value":""},{"type":"pause","duration":10},{"type":"keyUp","value":""}]}]}
RESULT: {"actions":[{"id":"action39","type":"key","parameters":{},"actions":[{"type":"keyDown","value":""},{"type":"pause","duration":10},{"type":"keyUp","value":""}]}]}
COMMAND: POST /session/87d62074a4cb28b4ac0fd763e82d6371/element - {"using":"xpath","value":"//div[contains(@data-kt ,\"splitAllocationObjectStatus\")]"}
COMMAND: GET /session/87d62074a4cb28b4ac0fd763e82d6371/screenshot - {}
RESULT: {"using":"xpath","value":"//div[contains(@data-kt ,\"splitAllocationObjectStatus\")]"}
COMMAND: POST /session/87d62074a4cb28b4ac0fd763e82d6371/elements - {"using":"xpath","value":"//div[contains(@data-kt ,\"splitAllocationObjectStatus\")]"}
RESULT: {}
RESULT: {"using":"xpath","value":"//div[contains(@data-kt ,\"splitAllocationObjectStatus\")]"}
COMMAND: POST /session/87d62074a4cb28b4ac0fd763e82d6371/execute/async - {"script":"<script> [1562 bytes]","args":[{"selector":{"controlType":"sap.ui.core.Icon","viewName":"etm.portal.ui.managerequests.view.NewRequest","properties":{"src":{"regex":{"source":"message\\-error"}}},"ancestor":{"controlType":"sap.m.ColumnListItem","viewName":"etm.portal.ui.managerequests.view.NewRequest","bindingPath":{"modelName":"newRequestItems","path":"/RequestItems/0"},"ancestor":{"id":"requestItemsTable","viewName":"etm.portal.ui.managerequests.view.NewRequest"}}},"wdio_ui5_key":"etmportal.ui.managerequests.view.NewRequestsap.ui.core.Icon{\"src\":{\"regex\":{\"source\":\"message\\\\-error\"}}}{\"controlType\":\"sap.m.ColumnListItem\",\"viewName\":\"etm.portal.ui.managerequests.view.NewRequest\",\"bindingPath\":{\"modelName\":\"newRequestItems\",\"path\":\"/RequestItems/0\"},\"ancestor\":{\"id\":\"requestItemsTable\",\"viewName\":\"etm.portal.ui.managerequests.view.NewRequest\"}}"}]}
RESULT: {"script":"<script> [1562 bytes]","args":[{"selector":{"controlType":"sap.ui.core.Icon","viewName":"etm.portal.ui.managerequests.view.NewRequest","properties":{"src":{"regex":{"source":"message\\-error"}}},"ancestor":{"controlType":"sap.m.ColumnListItem","viewName":"etm.portal.ui.managerequests.view.NewRequest","bindingPath":{"modelName":"newRequestItems","path":"/RequestItems/0"},"ancestor":{"id":"requestItemsTable","viewName":"etm.portal.ui.managerequests.view.NewRequest"}}},"wdio_ui5_key":"etmportal.ui.managerequests.view.NewRequestsap.ui.core.Icon{\"src\":{\"regex\":{\"source\":\"message\\\\-error\"}}}{\"controlType\":\"sap.m.ColumnListItem\",\"viewName\":\"etm.portal.ui.managerequests.view.NewRequest\",\"bindingPath\":{\"modelName\":\"newRequestItems\",\"path\":\"/RequestItems/0\"},\"ancestor\":{\"id\":\"requestItemsTable\",\"viewName\":\"etm.portal.ui.managerequests.view.NewRequest\"}}"}]}
RESULT: undefined
COMMAND: POST /session/87d62074a4cb28b4ac0fd763e82d6371/element - {"using":"xpath","value":"//*[@id=\"__status4-__xmlview1--requestItemsTable-0-icon\"]"}
RESULT: {"using":"xpath","value":"//*[@id=\"__status4-__xmlview1--requestItemsTable-0-icon\"]"}
COMMAND: POST /session/87d62074a4cb28b4ac0fd763e82d6371/element/f.62693C2623AD3835EDB30C63D0026C38.d.BFF91B280CA20C7DFE99C226EA0C4B5F.e.5336/click - {}
RESULT: {}
COMMAND: GET /session/87d62074a4cb28b4ac0fd763e82d6371/screenshot - {}
RESULT: {}
COMMAND: POST /session/87d62074a4cb28b4ac0fd763e82d6371/execute/async - {"script":"<script> [1562 bytes]","args":[{"selector":{"id":"costObjectAdminTypeComboBox","viewName":"etm.portal.ui.managerequests.view.NewRequest","searchOpenDialogs":true,"interaction":{"idSuffix":"inner"}},"wdio_ui5_key":"costObjectAdminTypeComboBoxetmportal.ui.managerequests.view.NewRequest"}]}
RESULT: {"script":"<script> [1562 bytes]","args":[{"selector":{"id":"costObjectAdminTypeComboBox","viewName":"etm.portal.ui.managerequests.view.NewRequest","searchOpenDialogs":true,"interaction":{"idSuffix":"inner"}},"wdio_ui5_key":"costObjectAdminTypeComboBoxetmportal.ui.managerequests.view.NewRequest"}]}
RESULT: undefined
COMMAND: POST /session/87d62074a4cb28b4ac0fd763e82d6371/execute/async - {"script":"<script> [776 bytes]","args":[{"enterText":"Cost Center","selector":{"id":"costObjectAdminTypeComboBox","viewName":"etm.portal.ui.managerequests.view.NewRequest","searchOpenDialogs":true,"interaction":{"idSuffix":"inner"}},"clearTextFirst":true,"interactionType":"ENTER_TEXT"}]}
RESULT: {"script":"<script> [776 bytes]","args":[{"enterText":"Cost Center","selector":{"id":"costObjectAdminTypeComboBox","viewName":"etm.portal.ui.managerequests.view.NewRequest","searchOpenDialogs":true,"interaction":{"idSuffix":"inner"}},"clearTextFirst":true,"interactionType":"ENTER_TEXT"}]}
COMMAND: POST /session/87d62074a4cb28b4ac0fd763e82d6371/actions - {"actions":[{"id":"action40","type":"key","parameters":{},"actions":[{"type":"keyDown","value":""},{"type":"pause","duration":10},{"type":"keyUp","value":""}]}]}
RESULT: {"actions":[{"id":"action40","type":"key","parameters":{},"actions":[{"type":"keyDown","value":""},{"type":"pause","duration":10},{"type":"keyUp","value":""}]}]}
COMMAND: GET /session/87d62074a4cb28b4ac0fd763e82d6371/screenshot - {}
RESULT: {}
COMMAND: POST /session/87d62074a4cb28b4ac0fd763e82d6371/execute/async - {"script":"<script> [1562 bytes]","args":[{"selector":{"id":"costObjectIdComboBox","viewName":"etm.portal.ui.managerequests.view.NewRequest","searchOpenDialogs":true,"interaction":{"idSuffix":"inner"}},"wdio_ui5_key":"costObjectIdComboBoxetmportal.ui.managerequests.view.NewRequest"}]}
RESULT: {"script":"<script> [1562 bytes]","args":[{"selector":{"id":"costObjectIdComboBox","viewName":"etm.portal.ui.managerequests.view.NewRequest","searchOpenDialogs":true,"interaction":{"idSuffix":"inner"}},"wdio_ui5_key":"costObjectIdComboBoxetmportal.ui.managerequests.view.NewRequest"}]}
RESULT: undefined
COMMAND: POST /session/87d62074a4cb28b4ac0fd763e82d6371/execute/async - {"script":"<script> [776 bytes]","args":[{"enterText":"1001 - 1001","selector":{"id":"costObjectIdComboBox","viewName":"etm.portal.ui.managerequests.view.NewRequest","searchOpenDialogs":true,"interaction":{"idSuffix":"inner"}},"clearTextFirst":true,"interactionType":"ENTER_TEXT"}]}
RESULT: {"script":"<script> [776 bytes]","args":[{"enterText":"1001 - 1001","selector":{"id":"costObjectIdComboBox","viewName":"etm.portal.ui.managerequests.view.NewRequest","searchOpenDialogs":true,"interaction":{"idSuffix":"inner"}},"clearTextFirst":true,"interactionType":"ENTER_TEXT"}]}
COMMAND: POST /session/87d62074a4cb28b4ac0fd763e82d6371/actions - {"actions":[{"id":"action41","type":"key","parameters":{},"actions":[{"type":"keyDown","value":""},{"type":"pause","duration":10},{"type":"keyUp","value":""}]}]}
RESULT: {"actions":[{"id":"action41","type":"key","parameters":{},"actions":[{"type":"keyDown","value":""},{"type":"pause","duration":10},{"type":"keyUp","value":""}]}]}
COMMAND: GET /session/87d62074a4cb28b4ac0fd763e82d6371/screenshot - {}
RESULT: {}
COMMAND: POST /session/87d62074a4cb28b4ac0fd763e82d6371/element - {"using":"xpath","value":"(//bdi[(text() = 'Save' or . = 'Save')])[1]"}
RESULT: {"using":"xpath","value":"(//bdi[(text() = 'Save' or . = 'Save')])[1]"}
COMMAND: POST /session/87d62074a4cb28b4ac0fd763e82d6371/element/f.62693C2623AD3835EDB30C63D0026C38.d.BFF91B280CA20C7DFE99C226EA0C4B5F.e.5351/click - {}
RESULT: {}
COMMAND: POST /session/87d62074a4cb28b4ac0fd763e82d6371/execute/async - {"script":"<script> [1562 bytes]","args":[{"selector":{"controlType":"sap.ui.core.Icon","viewName":"etm.portal.ui.managerequests.view.NewRequest","properties":{"src":{"regex":{"source":"message\\-error"}}},"ancestor":{"controlType":"sap.m.ColumnListItem","viewName":"etm.portal.ui.managerequests.view.NewRequest","bindingPath":{"modelName":"newRequestItems","path":"/RequestItems/1"},"ancestor":{"id":"requestItemsTable","viewName":"etm.portal.ui.managerequests.view.NewRequest"}}},"wdio_ui5_key":"etmportal.ui.managerequests.view.NewRequestsap.ui.core.Icon{\"src\":{\"regex\":{\"source\":\"message\\\\-error\"}}}{\"controlType\":\"sap.m.ColumnListItem\",\"viewName\":\"etm.portal.ui.managerequests.view.NewRequest\",\"bindingPath\":{\"modelName\":\"newRequestItems\",\"path\":\"/RequestItems/1\"},\"ancestor\":{\"id\":\"requestItemsTable\",\"viewName\":\"etm.portal.ui.managerequests.view.NewRequest\"}}"}]}
COMMAND: GET /session/87d62074a4cb28b4ac0fd763e82d6371/screenshot - {}
RESULT: {"script":"<script> [1562 bytes]","args":[{"selector":{"controlType":"sap.ui.core.Icon","viewName":"etm.portal.ui.managerequests.view.NewRequest","properties":{"src":{"regex":{"source":"message\\-error"}}},"ancestor":{"controlType":"sap.m.ColumnListItem","viewName":"etm.portal.ui.managerequests.view.NewRequest","bindingPath":{"modelName":"newRequestItems","path":"/RequestItems/1"},"ancestor":{"id":"requestItemsTable","viewName":"etm.portal.ui.managerequests.view.NewRequest"}}},"wdio_ui5_key":"etmportal.ui.managerequests.view.NewRequestsap.ui.core.Icon{\"src\":{\"regex\":{\"source\":\"message\\\\-error\"}}}{\"controlType\":\"sap.m.ColumnListItem\",\"viewName\":\"etm.portal.ui.managerequests.view.NewRequest\",\"bindingPath\":{\"modelName\":\"newRequestItems\",\"path\":\"/RequestItems/1\"},\"ancestor\":{\"id\":\"requestItemsTable\",\"viewName\":\"etm.portal.ui.managerequests.view.NewRequest\"}}"}]}
RESULT: undefined
COMMAND: POST /session/87d62074a4cb28b4ac0fd763e82d6371/element - {"using":"xpath","value":"//*[@id=\"__status4-__xmlview1--requestItemsTable-1-icon\"]"}
RESULT: {}
RESULT: {"using":"xpath","value":"//*[@id=\"__status4-__xmlview1--requestItemsTable-1-icon\"]"}
COMMAND: POST /session/87d62074a4cb28b4ac0fd763e82d6371/element/f.62693C2623AD3835EDB30C63D0026C38.d.BFF91B280CA20C7DFE99C226EA0C4B5F.e.5354/click - {}
RESULT: {}
COMMAND: GET /session/87d62074a4cb28b4ac0fd763e82d6371/screenshot - {}
RESULT: {}
RESULT: undefined
COMMAND: POST /session/87d62074a4cb28b4ac0fd763e82d6371/execute/async - {"script":"<script> [776 bytes]","args":[{"enterText":"Cost Center","selector":{"id":"costObjectAdminTypeComboBox","viewName":"etm.portal.ui.managerequests.view.NewRequest","searchOpenDialogs":true,"interaction":{"idSuffix":"inner"}},"clearTextFirst":true,"interactionType":"ENTER_TEXT"}]}
RESULT: {"script":"<script> [776 bytes]","args":[{"enterText":"Cost Center","selector":{"id":"costObjectAdminTypeComboBox","viewName":"etm.portal.ui.managerequests.view.NewRequest","searchOpenDialogs":true,"interaction":{"idSuffix":"inner"}},"clearTextFirst":true,"interactionType":"ENTER_TEXT"}]}
COMMAND: POST /session/87d62074a4cb28b4ac0fd763e82d6371/actions - {"actions":[{"id":"action42","type":"key","parameters":{},"actions":[{"type":"keyDown","value":""},{"type":"pause","duration":10},{"type":"keyUp","value":""}]}]}
RESULT: {"actions":[{"id":"action42","type":"key","parameters":{},"actions":[{"type":"keyDown","value":""},{"type":"pause","duration":10},{"type":"keyUp","value":""}]}]}
COMMAND: GET /session/87d62074a4cb28b4ac0fd763e82d6371/screenshot - {}
RESULT: {}
RESULT: undefined
COMMAND: POST /session/87d62074a4cb28b4ac0fd763e82d6371/execute/async - {"script":"<script> [776 bytes]","args":[{"enterText":"1001 - 1001","selector":{"id":"costObjectIdComboBox","viewName":"etm.portal.ui.managerequests.view.NewRequest","searchOpenDialogs":true,"interaction":{"idSuffix":"inner"}},"clearTextFirst":true,"interactionType":"ENTER_TEXT"}]}
RESULT: {"script":"<script> [776 bytes]","args":[{"enterText":"1001 - 1001","selector":{"id":"costObjectIdComboBox","viewName":"etm.portal.ui.managerequests.view.NewRequest","searchOpenDialogs":true,"interaction":{"idSuffix":"inner"}},"clearTextFirst":true,"interactionType":"ENTER_TEXT"}]}
COMMAND: POST /session/87d62074a4cb28b4ac0fd763e82d6371/actions - {"actions":[{"id":"action43","type":"key","parameters":{},"actions":[{"type":"keyDown","value":""},{"type":"pause","duration":10},{"type":"keyUp","value":""}]}]}
RESULT: {"actions":[{"id":"action43","type":"key","parameters":{},"actions":[{"type":"keyDown","value":""},{"type":"pause","duration":10},{"type":"keyUp","value":""}]}]}
COMMAND: GET /session/87d62074a4cb28b4ac0fd763e82d6371/screenshot - {}
RESULT: {}
COMMAND: POST /session/87d62074a4cb28b4ac0fd763e82d6371/element - {"using":"xpath","value":"(//bdi[(text() = 'Save' or . = 'Save')])[1]"}
RESULT: {"using":"xpath","value":"(//bdi[(text() = 'Save' or . = 'Save')])[1]"}
COMMAND: POST /session/87d62074a4cb28b4ac0fd763e82d6371/element/f.62693C2623AD3835EDB30C63D0026C38.d.BFF91B280CA20C7DFE99C226EA0C4B5F.e.5367/click - {}
RESULT: {}
COMMAND: GET /session/87d62074a4cb28b4ac0fd763e82d6371/screenshot - {}
RESULT: {}
COMMAND: POST /session/87d62074a4cb28b4ac0fd763e82d6371/execute/async - {"script":"<script> [1562 bytes]","args":[{"selector":{"controlType":"sap.m.Button","viewName":"etm.portal.ui.managerequests.view.NewRequest","bindingPath":{"path":"/RequestItems/0","propertyPath":"PICK_UP","modelName":"newRequestItems"},"interaction":{"idSuffix":"BDI-content"}},"wdio_ui5_key":"etmportal.ui.managerequests.view.NewRequestsap.m.Button{\"path\":\"/RequestItems/0\",\"propertyPath\":\"PICK_UP\",\"modelName\":\"newRequestItems\"}"}]}
RESULT: {"script":"<script> [1562 bytes]","args":[{"selector":{"controlType":"sap.m.Button","viewName":"etm.portal.ui.managerequests.view.NewRequest","bindingPath":{"path":"/RequestItems/0","propertyPath":"PICK_UP","modelName":"newRequestItems"},"interaction":{"idSuffix":"BDI-content"}},"wdio_ui5_key":"etmportal.ui.managerequests.view.NewRequestsap.m.Button{\"path\":\"/RequestItems/0\",\"propertyPath\":\"PICK_UP\",\"modelName\":\"newRequestItems\"}"}]}
RESULT: undefined
COMMAND: POST /session/87d62074a4cb28b4ac0fd763e82d6371/element - {"using":"xpath","value":"//*[@id=\"__xmlview1--pickUpItemButton-__xmlview1--requestItemsTable-0\"]"}
RESULT: {"using":"xpath","value":"//*[@id=\"__xmlview1--pickUpItemButton-__xmlview1--requestItemsTable-0\"]"}
COMMAND: POST /session/87d62074a4cb28b4ac0fd763e82d6371/element/f.62693C2623AD3835EDB30C63D0026C38.d.BFF91B280CA20C7DFE99C226EA0C4B5F.e.5371/click - {}
RESULT: {}
COMMAND: GET /session/87d62074a4cb28b4ac0fd763e82d6371/screenshot - {}
RESULT: {}
COMMAND: POST /session/87d62074a4cb28b4ac0fd763e82d6371/execute/async - {"script":"<script> [1562 bytes]","args":[{"selector":{"controlType":"sap.m.Button","viewName":"etm.portal.ui.managerequests.view.NewRequest","properties":{"text":"Save"},"i18NText":{"propertyName":"tooltip","key":"save"},"interaction":{"idSuffix":"BDI-content"}},"wdio_ui5_key":"etmportal.ui.managerequests.view.NewRequestsap.m.Button{\"propertyName\":\"tooltip\",\"key\":\"save\"}{\"text\":\"Save\"}"}]}
RESULT: {"script":"<script> [1562 bytes]","args":[{"selector":{"controlType":"sap.m.Button","viewName":"etm.portal.ui.managerequests.view.NewRequest","properties":{"text":"Save"},"i18NText":{"propertyName":"tooltip","key":"save"},"interaction":{"idSuffix":"BDI-content"}},"wdio_ui5_key":"etmportal.ui.managerequests.view.NewRequestsap.m.Button{\"propertyName\":\"tooltip\",\"key\":\"save\"}{\"text\":\"Save\"}"}]}
RESULT: undefined
COMMAND: POST /session/87d62074a4cb28b4ac0fd763e82d6371/element - {"using":"xpath","value":"//*[@id=\"__button11\"]"}
RESULT: {"using":"xpath","value":"//*[@id=\"__button11\"]"}
COMMAND: POST /session/87d62074a4cb28b4ac0fd763e82d6371/element/f.62693C2623AD3835EDB30C63D0026C38.d.BFF91B280CA20C7DFE99C226EA0C4B5F.e.5208/click - {}
RESULT: {}
COMMAND: GET /session/87d62074a4cb28b4ac0fd763e82d6371/screenshot - {}
RESULT: {}
COMMAND: POST /session/87d62074a4cb28b4ac0fd763e82d6371/execute/async - {"script":"<script> [1562 bytes]","args":[{"selector":{"controlType":"sap.m.Text","searchOpenDialogs":true},"wdio_ui5_key":"sapm.Text"}]}
RESULT: {"script":"<script> [1562 bytes]","args":[{"selector":{"controlType":"sap.m.Text","searchOpenDialogs":true},"wdio_ui5_key":"sapm.Text"}]}
RESULT: undefined
COMMAND: POST /session/87d62074a4cb28b4ac0fd763e82d6371/execute/async - {"script":"<script> [6424 bytes]","args":[{"element-6066-11e4-a52e-4f735466cecf":"f.62693C2623AD3835EDB30C63D0026C38.d.BFF91B280CA20C7DFE99C226EA0C4B5F.e.5374"},"getText",[]]}
RESULT: {"script":"<script> [6424 bytes]","args":[{"element-6066-11e4-a52e-4f735466cecf":"f.62693C2623AD3835EDB30C63D0026C38.d.BFF91B280CA20C7DFE99C226EA0C4B5F.e.5374"},"getText",[]]}
COMMAND: POST /session/87d62074a4cb28b4ac0fd763e82d6371/execute/async - {"script":"<script> [1562 bytes]","args":[{"selector":{"controlType":"sap.m.Button","properties":{"text":"Close"},"searchOpenDialogs":true,"interaction":{"idSuffix":"BDI-content"}},"wdio_ui5_key":"sapm.Button{\"text\":\"Close\"}"}]}
RESULT: {"script":"<script> [1562 bytes]","args":[{"selector":{"controlType":"sap.m.Button","properties":{"text":"Close"},"searchOpenDialogs":true,"interaction":{"idSuffix":"BDI-content"}},"wdio_ui5_key":"sapm.Button{\"text\":\"Close\"}"}]}
RESULT: undefined
COMMAND: POST /session/87d62074a4cb28b4ac0fd763e82d6371/element - {"using":"xpath","value":"//*[@id=\"__mbox-btn-0\"]"}
RESULT: {"using":"xpath","value":"//*[@id=\"__mbox-btn-0\"]"}
COMMAND: POST /session/87d62074a4cb28b4ac0fd763e82d6371/element/f.62693C2623AD3835EDB30C63D0026C38.d.BFF91B280CA20C7DFE99C226EA0C4B5F.e.5373/click - {}
RESULT: {}
COMMAND: GET /session/87d62074a4cb28b4ac0fd763e82d6371/screenshot - {}
RESULT: {}
COMMAND: POST /session/87d62074a4cb28b4ac0fd763e82d6371/execute/async - {"script":"<script> [1562 bytes]","args":[{"selector":{"controlType":"sap.m.Button","viewName":"etm.portal.ui.managerequests.view.Detail","bindingPath":{"path":"/SmartRequestItemsPlanningBoard(ITEM=10m,REQUEST='20086')","propertyPath":"PICK_UP"}},"wdio_ui5_key":"etmportal.ui.managerequests.view.Detailsap.m.Button{\"path\":\"/SmartRequestItemsPlanningBoard(ITEM=10m,REQUEST='20086')\",\"propertyPath\":\"PICK_UP\"}"}]}
RESULT: {"script":"<script> [1562 bytes]","args":[{"selector":{"controlType":"sap.m.Button","viewName":"etm.portal.ui.managerequests.view.Detail","bindingPath":{"path":"/SmartRequestItemsPlanningBoard(ITEM=10m,REQUEST='20086')","propertyPath":"PICK_UP"}},"wdio_ui5_key":"etmportal.ui.managerequests.view.Detailsap.m.Button{\"path\":\"/SmartRequestItemsPlanningBoard(ITEM=10m,REQUEST='20086')\",\"propertyPath\":\"PICK_UP\"}"}]}
RESULT: undefined
COMMAND: POST /session/87d62074a4cb28b4ac0fd763e82d6371/execute/async - {"script":"<script> [6424 bytes]","args":[{"element-6066-11e4-a52e-4f735466cecf":"f.62693C2623AD3835EDB30C63D0026C38.d.BFF91B280CA20C7DFE99C226EA0C4B5F.e.5480"},"getType",[]]}
RESULT: {"script":"<script> [6424 bytes]","args":[{"element-6066-11e4-a52e-4f735466cecf":"f.62693C2623AD3835EDB30C63D0026C38.d.BFF91B280CA20C7DFE99C226EA0C4B5F.e.5480"},"getType",[]]}
COMMAND: POST /session/87d62074a4cb28b4ac0fd763e82d6371/execute/async - {"script":"<script> [1562 bytes]","args":[{"selector":{"controlType":"sap.m.Button","viewName":"etm.portal.ui.managerequests.view.Detail","bindingPath":{"path":"/SmartRequestItemsPlanningBoard(ITEM=20m,REQUEST='20086')","propertyPath":"PICK_UP"}},"wdio_ui5_key":"etmportal.ui.managerequests.view.Detailsap.m.Button{\"path\":\"/SmartRequestItemsPlanningBoard(ITEM=20m,REQUEST='20086')\",\"propertyPath\":\"PICK_UP\"}"}]}
RESULT: {"script":"<script> [1562 bytes]","args":[{"selector":{"controlType":"sap.m.Button","viewName":"etm.portal.ui.managerequests.view.Detail","bindingPath":{"path":"/SmartRequestItemsPlanningBoard(ITEM=20m,REQUEST='20086')","propertyPath":"PICK_UP"}},"wdio_ui5_key":"etmportal.ui.managerequests.view.Detailsap.m.Button{\"path\":\"/SmartRequestItemsPlanningBoard(ITEM=20m,REQUEST='20086')\",\"propertyPath\":\"PICK_UP\"}"}]}
RESULT: undefined
COMMAND: POST /session/87d62074a4cb28b4ac0fd763e82d6371/execute/async - {"script":"<script> [6424 bytes]","args":[{"element-6066-11e4-a52e-4f735466cecf":"f.62693C2623AD3835EDB30C63D0026C38.d.BFF91B280CA20C7DFE99C226EA0C4B5F.e.5497"},"getType",[]]}
RESULT: {"script":"<script> [6424 bytes]","args":[{"element-6066-11e4-a52e-4f735466cecf":"f.62693C2623AD3835EDB30C63D0026C38.d.BFF91B280CA20C7DFE99C226EA0C4B5F.e.5497"},"getType",[]]}
COMMAND: POST /session/87d62074a4cb28b4ac0fd763e82d6371/execute/async - {"script":"<script> [1562 bytes]","args":[{"selector":{"id":"pickUpSwitchHeader","viewName":"etm.portal.ui.managerequests.view.Detail","interaction":{"idSuffix":"handle"}},"wdio_ui5_key":"pickUpSwitchHeaderetmportal.ui.managerequests.view.Detail"}]}
RESULT: {"script":"<script> [1562 bytes]","args":[{"selector":{"id":"pickUpSwitchHeader","viewName":"etm.portal.ui.managerequests.view.Detail","interaction":{"idSuffix":"handle"}},"wdio_ui5_key":"pickUpSwitchHeaderetmportal.ui.managerequests.view.Detail"}]}
RESULT: undefined
COMMAND: POST /session/87d62074a4cb28b4ac0fd763e82d6371/element - {"using":"xpath","value":"//*[@id=\"__xmlview2--pickUpSwitchHeader\"]"}
RESULT: {"using":"xpath","value":"//*[@id=\"__xmlview2--pickUpSwitchHeader\"]"}
COMMAND: POST /session/87d62074a4cb28b4ac0fd763e82d6371/element/f.62693C2623AD3835EDB30C63D0026C38.d.BFF91B280CA20C7DFE99C226EA0C4B5F.e.5451/click - {}
RESULT: {}
COMMAND: POST /session/87d62074a4cb28b4ac0fd763e82d6371/execute/async - {"script":"<script> [1562 bytes]","args":[{"selector":{"controlType":"sap.ui.core.Icon","viewName":"etm.portal.ui.managerequests.view.Detail","properties":{"src":{"regex":{"source":"pushpin\\-off"}}}},"wdio_ui5_key":"etmportal.ui.managerequests.view.Detailsap.ui.core.Icon{\"src\":{\"regex\":{\"source\":\"pushpin\\\\-off\"}}}"}]}
COMMAND: GET /session/87d62074a4cb28b4ac0fd763e82d6371/screenshot - {}
RESULT: {}
RESULT: {"script":"<script> [1562 bytes]","args":[{"selector":{"controlType":"sap.ui.core.Icon","viewName":"etm.portal.ui.managerequests.view.Detail","properties":{"src":{"regex":{"source":"pushpin\\-off"}}}},"wdio_ui5_key":"etmportal.ui.managerequests.view.Detailsap.ui.core.Icon{\"src\":{\"regex\":{\"source\":\"pushpin\\\\-off\"}}}"}]}
RESULT: undefined
COMMAND: POST /session/87d62074a4cb28b4ac0fd763e82d6371/element - {"using":"xpath","value":"//*[@id=\"__xmlview2--detailRequestPage-OPHeaderContent-pinBtn-img\"]"}
RESULT: {"using":"xpath","value":"//*[@id=\"__xmlview2--detailRequestPage-OPHeaderContent-pinBtn-img\"]"}
COMMAND: POST /session/87d62074a4cb28b4ac0fd763e82d6371/element/f.62693C2623AD3835EDB30C63D0026C38.d.BFF91B280CA20C7DFE99C226EA0C4B5F.e.5459/click - {}
RESULT: {}
RESULT: undefined
COMMAND: POST /session/87d62074a4cb28b4ac0fd763e82d6371/execute/async - {"script":"<script> [6424 bytes]","args":[{"element-6066-11e4-a52e-4f735466cecf":"f.62693C2623AD3835EDB30C63D0026C38.d.BFF91B280CA20C7DFE99C226EA0C4B5F.e.5480"},"getType",[]]}
COMMAND: GET /session/87d62074a4cb28b4ac0fd763e82d6371/screenshot - {}
RESULT: {"script":"<script> [6424 bytes]","args":[{"element-6066-11e4-a52e-4f735466cecf":"f.62693C2623AD3835EDB30C63D0026C38.d.BFF91B280CA20C7DFE99C226EA0C4B5F.e.5480"},"getType",[]]}
RESULT: undefined
COMMAND: POST /session/87d62074a4cb28b4ac0fd763e82d6371/execute/async - {"script":"<script> [6424 bytes]","args":[{"element-6066-11e4-a52e-4f735466cecf":"f.62693C2623AD3835EDB30C63D0026C38.d.BFF91B280CA20C7DFE99C226EA0C4B5F.e.5497"},"getType",[]]}
RESULT: {}
RESULT: {"script":"<script> [6424 bytes]","args":[{"element-6066-11e4-a52e-4f735466cecf":"f.62693C2623AD3835EDB30C63D0026C38.d.BFF91B280CA20C7DFE99C226EA0C4B5F.e.5497"},"getType",[]]}
COMMAND: POST /session/87d62074a4cb28b4ac0fd763e82d6371/execute/async - {"script":"<script> [1562 bytes]","args":[{"selector":{"controlType":"sap.ui.core.Icon","viewName":"etm.portal.ui.managerequests.view.Detail","properties":{"src":{"regex":{"source":"date\\-time"}}},"ancestor":{"controlType":"sap.m.ColumnListItem","viewName":"etm.portal.ui.managerequests.view.Detail","bindingPath":{"path":"/SmartRequestItemsPlanningBoard(ITEM=10m,REQUEST='20086')"},"ancestor":{"id":"requestItemsTable","viewName":"etm.portal.ui.managerequests.view.Detail"}}},"wdio_ui5_key":"etmportal.ui.managerequests.view.Detailsap.ui.core.Icon{\"src\":{\"regex\":{\"source\":\"date\\\\-time\"}}}{\"controlType\":\"sap.m.ColumnListItem\",\"viewName\":\"etm.portal.ui.managerequests.view.Detail\",\"bindingPath\":{\"path\":\"/SmartRequestItemsPlanningBoard(ITEM=10m,REQUEST='20086')\"},\"ancestor\":{\"id\":\"requestItemsTable\",\"viewName\":\"etm.portal.ui.managerequests.view.Detail\"}}"}]}
RESULT: {"script":"<script> [1562 bytes]","args":[{"selector":{"controlType":"sap.ui.core.Icon","viewName":"etm.portal.ui.managerequests.view.Detail","properties":{"src":{"regex":{"source":"date\\-time"}}},"ancestor":{"controlType":"sap.m.ColumnListItem","viewName":"etm.portal.ui.managerequests.view.Detail","bindingPath":{"path":"/SmartRequestItemsPlanningBoard(ITEM=10m,REQUEST='20086')"},"ancestor":{"id":"requestItemsTable","viewName":"etm.portal.ui.managerequests.view.Detail"}}},"wdio_ui5_key":"etmportal.ui.managerequests.view.Detailsap.ui.core.Icon{\"src\":{\"regex\":{\"source\":\"date\\\\-time\"}}}{\"controlType\":\"sap.m.ColumnListItem\",\"viewName\":\"etm.portal.ui.managerequests.view.Detail\",\"bindingPath\":{\"path\":\"/SmartRequestItemsPlanningBoard(ITEM=10m,REQUEST='20086')\"},\"ancestor\":{\"id\":\"requestItemsTable\",\"viewName\":\"etm.portal.ui.managerequests.view.Detail\"}}"}]}
RESULT: undefined
COMMAND: POST /session/87d62074a4cb28b4ac0fd763e82d6371/element - {"using":"xpath","value":"//*[@id=\"__button37-__clone1926-img\"]"}
RESULT: {"using":"xpath","value":"//*[@id=\"__button37-__clone1926-img\"]"}
COMMAND: POST /session/87d62074a4cb28b4ac0fd763e82d6371/element/f.62693C2623AD3835EDB30C63D0026C38.d.BFF91B280CA20C7DFE99C226EA0C4B5F.e.5505/click - {}
RESULT: {}
COMMAND: POST /session/87d62074a4cb28b4ac0fd763e82d6371/execute/async - {"script":"<script> [1562 bytes]","args":[{"selector":{"controlType":"sap.m.Button","viewName":"etm.portal.ui.managerequests.view.Detail","properties":{"text":"Close"},"searchOpenDialogs":true,"interaction":{"idSuffix":"inner"}},"wdio_ui5_key":"etmportal.ui.managerequests.view.Detailsap.m.Button{\"text\":\"Close\"}"}]}
COMMAND: GET /session/87d62074a4cb28b4ac0fd763e82d6371/screenshot - {}
RESULT: {"script":"<script> [1562 bytes]","args":[{"selector":{"controlType":"sap.m.Button","viewName":"etm.portal.ui.managerequests.view.Detail","properties":{"text":"Close"},"searchOpenDialogs":true,"interaction":{"idSuffix":"inner"}},"wdio_ui5_key":"etmportal.ui.managerequests.view.Detailsap.m.Button{\"text\":\"Close\"}"}]}
RESULT: undefined
COMMAND: POST /session/87d62074a4cb28b4ac0fd763e82d6371/element - {"using":"xpath","value":"//*[@id=\"__button47\"]"}
RESULT: {}
RESULT: {"using":"xpath","value":"//*[@id=\"__button47\"]"}
COMMAND: POST /session/87d62074a4cb28b4ac0fd763e82d6371/element/f.62693C2623AD3835EDB30C63D0026C38.d.BFF91B280CA20C7DFE99C226EA0C4B5F.e.5507/click - {}
RESULT: {}
COMMAND: POST /session/87d62074a4cb28b4ac0fd763e82d6371/execute/async - {"script":"<script> [1562 bytes]","args":[{"selector":{"controlType":"sap.ui.core.Icon","viewName":"etm.portal.ui.managerequests.view.Detail","properties":{"src":{"regex":{"source":"date\\-time"}}},"ancestor":{"controlType":"sap.m.ColumnListItem","viewName":"etm.portal.ui.managerequests.view.Detail","bindingPath":{"path":"/SmartRequestItemsPlanningBoard(ITEM=20m,REQUEST='20086')"},"ancestor":{"id":"requestItemsTable","viewName":"etm.portal.ui.managerequests.view.Detail"}}},"wdio_ui5_key":"etmportal.ui.managerequests.view.Detailsap.ui.core.Icon{\"src\":{\"regex\":{\"source\":\"date\\\\-time\"}}}{\"controlType\":\"sap.m.ColumnListItem\",\"viewName\":\"etm.portal.ui.managerequests.view.Detail\",\"bindingPath\":{\"path\":\"/SmartRequestItemsPlanningBoard(ITEM=20m,REQUEST='20086')\"},\"ancestor\":{\"id\":\"requestItemsTable\",\"viewName\":\"etm.portal.ui.managerequests.view.Detail\"}}"}]}
COMMAND: GET /session/87d62074a4cb28b4ac0fd763e82d6371/screenshot - {}
RESULT: {"script":"<script> [1562 bytes]","args":[{"selector":{"controlType":"sap.ui.core.Icon","viewName":"etm.portal.ui.managerequests.view.Detail","properties":{"src":{"regex":{"source":"date\\-time"}}},"ancestor":{"controlType":"sap.m.ColumnListItem","viewName":"etm.portal.ui.managerequests.view.Detail","bindingPath":{"path":"/SmartRequestItemsPlanningBoard(ITEM=20m,REQUEST='20086')"},"ancestor":{"id":"requestItemsTable","viewName":"etm.portal.ui.managerequests.view.Detail"}}},"wdio_ui5_key":"etmportal.ui.managerequests.view.Detailsap.ui.core.Icon{\"src\":{\"regex\":{\"source\":\"date\\\\-time\"}}}{\"controlType\":\"sap.m.ColumnListItem\",\"viewName\":\"etm.portal.ui.managerequests.view.Detail\",\"bindingPath\":{\"path\":\"/SmartRequestItemsPlanningBoard(ITEM=20m,REQUEST='20086')\"},\"ancestor\":{\"id\":\"requestItemsTable\",\"viewName\":\"etm.portal.ui.managerequests.view.Detail\"}}"}]}
RESULT: undefined
COMMAND: POST /session/87d62074a4cb28b4ac0fd763e82d6371/element - {"using":"xpath","value":"//*[@id=\"__button37-__clone1927-img\"]"}
RESULT: {}
RESULT: {"using":"xpath","value":"//*[@id=\"__button37-__clone1927-img\"]"}
COMMAND: POST /session/87d62074a4cb28b4ac0fd763e82d6371/element/f.62693C2623AD3835EDB30C63D0026C38.d.BFF91B280CA20C7DFE99C226EA0C4B5F.e.5513/click - {}
RESULT: {}
RESULT: undefined
COMMAND: POST /session/87d62074a4cb28b4ac0fd763e82d6371/element - {"using":"xpath","value":"//*[@id=\"__button47\"]"}
COMMAND: GET /session/87d62074a4cb28b4ac0fd763e82d6371/screenshot - {}
RESULT: {"using":"xpath","value":"//*[@id=\"__button47\"]"}
COMMAND: POST /session/87d62074a4cb28b4ac0fd763e82d6371/elements - {"using":"xpath","value":"//*[@id=\"__button47\"]"}
RESULT: {}
RESULT: {"using":"xpath","value":"//*[@id=\"__button47\"]"}
COMMAND: POST /session/87d62074a4cb28b4ac0fd763e82d6371/element - {"using":"xpath","value":"//*[@id=\"__button47\"]"}
RESULT: {"using":"xpath","value":"//*[@id=\"__button47\"]"}
COMMAND: POST /session/87d62074a4cb28b4ac0fd763e82d6371/element/f.62693C2623AD3835EDB30C63D0026C38.d.BFF91B280CA20C7DFE99C226EA0C4B5F.e.5519/click - {}
RESULT: {}
COMMAND: POST /session/87d62074a4cb28b4ac0fd763e82d6371/execute/async - {"script":"<script> [189 bytes]","args":[]}
COMMAND: GET /session/87d62074a4cb28b4ac0fd763e82d6371/screenshot - {}
RESULT: {"script":"<script> [189 bytes]","args":[]}
COMMAND: POST /session/87d62074a4cb28b4ac0fd763e82d6371/execute/async - {"script":"<script> [123 bytes]","args":[]}
RESULT: {}
RESULT: {"script":"<script> [123 bytes]","args":[]}
COMMAND: POST /session/87d62074a4cb28b4ac0fd763e82d6371/timeouts - {"script":"<number>"}
RESULT: {"script":"<number>"}
COMMAND: GET /session/87d62074a4cb28b4ac0fd763e82d6371/timeouts - {}
RESULT: {}
RESULT: undefined
COMMAND: POST /session/87d62074a4cb28b4ac0fd763e82d6371/execute/async - {"script":"<script> [2676 bytes]","args":[]}
RESULT: {"script":"<script> [2676 bytes]","args":[]}
COMMAND: POST /session/87d62074a4cb28b4ac0fd763e82d6371/execute/async - {"script":"<script> [2342 bytes]","args":[{"protocol":"http","hostname":"0.0.0.0","path":"/","capabilities":{"browserName":"chrome","goog:chromeOptions":{"binary":"C:\\Program Files\\Google\\Chrome\\Application\\chrome.exe","args":["--start-maximized"]}},"logLevel":"warn","connectionRetryTimeout":120000,"connectionRetryCount":3,"logLevels":{},"enableDirectConnect":true,"strictSSL":true,"_":"65 more keys: [\"cacheDir\",\"port\",\"requestedCapabilities\",\"automationProtocol\",\"baseUrl\",\"waitforInterval\",\"waitforTimeout\",\"onReload\",\"beforeCommand\",\"afterCommand\",\"rootDir\",\"specs\",\"suites\",\"exclude\",\"groupLogsByTestSpec\",\"excludeDriverLogs\",\"bail\",\"framework\",\"reporters\",\"services\",\"maxInstances\",\"maxInstancesPerCapability\",\"injectGlobals\",\"filesToWatch\",\"execArgv\",\"runnerEnv\",\"runner\",\"shard\",\"specFileRetries\",\"specFileRetriesDelay\",\"specFileRetriesDeferred\",\"reporterSyncInterval\",\"reporterSyncTimeout\",\"cucumberFeaturesWithLineNumbers\",\"autoCompileOpts\",\"mochaOpts\",\"jasmineOpts\",\"cucumberOpts\",\"onPrepare\",\"onWorkerStart\",\"onWorkerEnd\",\"before\",\"beforeSession\",\"beforeSuite\",\"beforeHook\",\"beforeTest\",\"afterTest\",\"afterHook\",\"afterSuite\",\"afterSession\",\"after\",\"onComplete\",\"beforeAssertion\",\"afterAssertion\",\"beforeFeature\",\"beforeScenario\",\"beforeStep\",\"afterStep\",\"afterScenario\",\"afterFeature\",\"_\",\"suite\",\"$0\",\"ignoredWorkerServices\",\"wdi5\"]"}]}
RESULT: {"script":"<script> [2342 bytes]","args":[{"protocol":"http","hostname":"0.0.0.0","path":"/","capabilities":{"browserName":"chrome","goog:chromeOptions":{"binary":"C:\\Program Files\\Google\\Chrome\\Application\\chrome.exe","args":["--start-maximized"]}},"logLevel":"warn","connectionRetryTimeout":120000,"connectionRetryCount":3,"logLevels":{},"enableDirectConnect":true,"strictSSL":true,"_":"65 more keys: [\"cacheDir\",\"port\",\"requestedCapabilities\",\"automationProtocol\",\"baseUrl\",\"waitforInterval\",\"waitforTimeout\",\"onReload\",\"beforeCommand\",\"afterCommand\",\"rootDir\",\"specs\",\"suites\",\"exclude\",\"groupLogsByTestSpec\",\"excludeDriverLogs\",\"bail\",\"framework\",\"reporters\",\"services\",\"maxInstances\",\"maxInstancesPerCapability\",\"injectGlobals\",\"filesToWatch\",\"execArgv\",\"runnerEnv\",\"runner\",\"shard\",\"specFileRetries\",\"specFileRetriesDelay\",\"specFileRetriesDeferred\",\"reporterSyncInterval\",\"reporterSyncTimeout\",\"cucumberFeaturesWithLineNumbers\",\"autoCompileOpts\",\"mochaOpts\",\"jasmineOpts\",\"cucumberOpts\",\"onPrepare\",\"onWorkerStart\",\"onWorkerEnd\",\"before\",\"beforeSession\",\"beforeSuite\",\"beforeHook\",\"beforeTest\",\"afterTest\",\"afterHook\",\"afterSuite\",\"afterSession\",\"after\",\"onComplete\",\"beforeAssertion\",\"afterAssertion\",\"beforeFeature\",\"beforeScenario\",\"beforeStep\",\"afterStep\",\"afterScenario\",\"afterFeature\",\"_\",\"suite\",\"$0\",\"ignoredWorkerServices\",\"wdi5\"]"}]}
COMMAND: POST /session/87d62074a4cb28b4ac0fd763e82d6371/execute/async - {"script":"<script> [21126 bytes]","args":[35000]}
RESULT: {"script":"<script> [21126 bytes]","args":[35000]}
COMMAND: POST /session/87d62074a4cb28b4ac0fd763e82d6371/execute/async - {"script":"<script> [1562 bytes]","args":[{"selector":{"controlType":"sap.m.Button","viewName":"etm.portal.ui.managerequests.view.Detail","bindingPath":{"path":"/SmartRequestItemsPlanningBoard(ITEM=10m,REQUEST='20086')","propertyPath":"PICK_UP"}},"wdio_ui5_key":"etmportal.ui.managerequests.view.Detailsap.m.Button{\"path\":\"/SmartRequestItemsPlanningBoard(ITEM=10m,REQUEST='20086')\",\"propertyPath\":\"PICK_UP\"}"}]}
RESULT: {"script":"<script> [1562 bytes]","args":[{"selector":{"controlType":"sap.m.Button","viewName":"etm.portal.ui.managerequests.view.Detail","bindingPath":{"path":"/SmartRequestItemsPlanningBoard(ITEM=10m,REQUEST='20086')","propertyPath":"PICK_UP"}},"wdio_ui5_key":"etmportal.ui.managerequests.view.Detailsap.m.Button{\"path\":\"/SmartRequestItemsPlanningBoard(ITEM=10m,REQUEST='20086')\",\"propertyPath\":\"PICK_UP\"}"}]}
RESULT: undefined
COMMAND: POST /session/87d62074a4cb28b4ac0fd763e82d6371/execute/async - {"script":"<script> [6424 bytes]","args":[{"element-6066-11e4-a52e-4f735466cecf":"f.62693C2623AD3835EDB30C63D0026C38.d.BFF91B280CA20C7DFE99C226EA0C4B5F.e.5480"},"getType",[]]}
RESULT: {"script":"<script> [6424 bytes]","args":[{"element-6066-11e4-a52e-4f735466cecf":"f.62693C2623AD3835EDB30C63D0026C38.d.BFF91B280CA20C7DFE99C226EA0C4B5F.e.5480"},"getType",[]]}
COMMAND: POST /session/87d62074a4cb28b4ac0fd763e82d6371/execute/async - {"script":"<script> [1562 bytes]","args":[{"selector":{"controlType":"sap.m.Button","viewName":"etm.portal.ui.managerequests.view.Detail","bindingPath":{"path":"/SmartRequestItemsPlanningBoard(ITEM=20m,REQUEST='20086')","propertyPath":"PICK_UP"}},"wdio_ui5_key":"etmportal.ui.managerequests.view.Detailsap.m.Button{\"path\":\"/SmartRequestItemsPlanningBoard(ITEM=20m,REQUEST='20086')\",\"propertyPath\":\"PICK_UP\"}"}]}
RESULT: {"script":"<script> [1562 bytes]","args":[{"selector":{"controlType":"sap.m.Button","viewName":"etm.portal.ui.managerequests.view.Detail","bindingPath":{"path":"/SmartRequestItemsPlanningBoard(ITEM=20m,REQUEST='20086')","propertyPath":"PICK_UP"}},"wdio_ui5_key":"etmportal.ui.managerequests.view.Detailsap.m.Button{\"path\":\"/SmartRequestItemsPlanningBoard(ITEM=20m,REQUEST='20086')\",\"propertyPath\":\"PICK_UP\"}"}]}
RESULT: undefined
COMMAND: POST /session/87d62074a4cb28b4ac0fd763e82d6371/execute/async - {"script":"<script> [6424 bytes]","args":[{"element-6066-11e4-a52e-4f735466cecf":"f.62693C2623AD3835EDB30C63D0026C38.d.BFF91B280CA20C7DFE99C226EA0C4B5F.e.5497"},"getType",[]]}
RESULT: {"script":"<script> [6424 bytes]","args":[{"element-6066-11e4-a52e-4f735466cecf":"f.62693C2623AD3835EDB30C63D0026C38.d.BFF91B280CA20C7DFE99C226EA0C4B5F.e.5497"},"getType",[]]}
]]></system-out>
    </testcase>
    <testcase classname="chrome.137_0_7151_69.windows.Manage_request_+_Contract_processing_pick_up_option_US120163_" name="Should Contract processing pick up option" time="167.571">
      <system-out><![CDATA[
COMMAND: POST /session/87d62074a4cb28b4ac0fd763e82d6371/execute/async - {"script":"<script> [1562 bytes]","args":[{"selector":{"id":"requestContractNo","viewName":"etm.portal.ui.managerequests.view.Detail"},"wdio_ui5_key":"requestContractNoetmportal.ui.managerequests.view.Detail"}]}
RESULT: {"script":"<script> [1562 bytes]","args":[{"selector":{"id":"requestContractNo","viewName":"etm.portal.ui.managerequests.view.Detail"},"wdio_ui5_key":"requestContractNoetmportal.ui.managerequests.view.Detail"}]}
RESULT: undefined
COMMAND: POST /session/87d62074a4cb28b4ac0fd763e82d6371/element - {"using":"xpath","value":"//*[@id=\"__xmlview2--requestContractNo\"]"}
RESULT: {"using":"xpath","value":"//*[@id=\"__xmlview2--requestContractNo\"]"}
COMMAND: POST /session/87d62074a4cb28b4ac0fd763e82d6371/element/f.62693C2623AD3835EDB30C63D0026C38.d.BFF91B280CA20C7DFE99C226EA0C4B5F.e.5522/click - {}
RESULT: {}
COMMAND: POST /session/87d62074a4cb28b4ac0fd763e82d6371/execute/async - {"script":"<script> [1562 bytes]","args":[{"selector":{"controlType":"sap.m.Link","viewName":"etm.portal.ui.managerequests.view.Detail","properties":{"text":"Contract Overview"},"searchOpenDialogs":true},"wdio_ui5_key":"etmportal.ui.managerequests.view.Detailsap.m.Link{\"text\":\"Contract Overview\"}"}]}
COMMAND: GET /session/87d62074a4cb28b4ac0fd763e82d6371/screenshot - {}
RESULT: {"script":"<script> [1562 bytes]","args":[{"selector":{"controlType":"sap.m.Link","viewName":"etm.portal.ui.managerequests.view.Detail","properties":{"text":"Contract Overview"},"searchOpenDialogs":true},"wdio_ui5_key":"etmportal.ui.managerequests.view.Detailsap.m.Link{\"text\":\"Contract Overview\"}"}]}
RESULT: undefined
COMMAND: POST /session/87d62074a4cb28b4ac0fd763e82d6371/element - {"using":"xpath","value":"//*[@id=\"__link8\"]"}
RESULT: {}
RESULT: {"using":"xpath","value":"//*[@id=\"__link8\"]"}
COMMAND: POST /session/87d62074a4cb28b4ac0fd763e82d6371/element/f.62693C2623AD3835EDB30C63D0026C38.d.BFF91B280CA20C7DFE99C226EA0C4B5F.e.5524/click - {}
RESULT: {}
COMMAND: GET /session/87d62074a4cb28b4ac0fd763e82d6371/screenshot - {}
RESULT: {}
COMMAND: POST /session/87d62074a4cb28b4ac0fd763e82d6371/element - {"using":"xpath","value":"//div[contains(@id ,\"headerBillingItemsTabFilter-text\")]"}
RESULT: {"using":"xpath","value":"//div[contains(@id ,\"headerBillingItemsTabFilter-text\")]"}
COMMAND: POST /session/87d62074a4cb28b4ac0fd763e82d6371/element/f.62693C2623AD3835EDB30C63D0026C38.d.BFF91B280CA20C7DFE99C226EA0C4B5F.e.5723/click - {}
RESULT: {}
COMMAND: GET /session/87d62074a4cb28b4ac0fd763e82d6371/screenshot - {}
RESULT: {}
COMMAND: POST /session/87d62074a4cb28b4ac0fd763e82d6371/execute/async - {"script":"<script> [1562 bytes]","args":[{"selector":{"id":"addRequestItemBtn","viewName":"etm.portal.ui.managecontracts.view.Detail","interaction":{"idSuffix":"BDI-content"}},"wdio_ui5_key":"addRequestItemBtnetmportal.ui.managecontracts.view.Detail"}]}
RESULT: {"script":"<script> [1562 bytes]","args":[{"selector":{"id":"addRequestItemBtn","viewName":"etm.portal.ui.managecontracts.view.Detail","interaction":{"idSuffix":"BDI-content"}},"wdio_ui5_key":"addRequestItemBtnetmportal.ui.managecontracts.view.Detail"}]}
RESULT: undefined
COMMAND: POST /session/87d62074a4cb28b4ac0fd763e82d6371/element - {"using":"xpath","value":"//*[@id=\"__xmlview4--addRequestItemBtn\"]"}
RESULT: {"using":"xpath","value":"//*[@id=\"__xmlview4--addRequestItemBtn\"]"}
COMMAND: POST /session/87d62074a4cb28b4ac0fd763e82d6371/element/f.62693C2623AD3835EDB30C63D0026C38.d.BFF91B280CA20C7DFE99C226EA0C4B5F.e.5617/click - {}
RESULT: {}
COMMAND: GET /session/87d62074a4cb28b4ac0fd763e82d6371/screenshot - {}
RESULT: {}
COMMAND: POST /session/87d62074a4cb28b4ac0fd763e82d6371/element - {"using":"xpath","value":"//div[contains(@id ,\"popupRequestTable-sa-CbBg\")]"}
RESULT: {"using":"xpath","value":"//div[contains(@id ,\"popupRequestTable-sa-CbBg\")]"}
COMMAND: POST /session/87d62074a4cb28b4ac0fd763e82d6371/element/f.62693C2623AD3835EDB30C63D0026C38.d.BFF91B280CA20C7DFE99C226EA0C4B5F.e.5762/click - {}
RESULT: {}
COMMAND: GET /session/87d62074a4cb28b4ac0fd763e82d6371/screenshot - {}
RESULT: {}
COMMAND: POST /session/87d62074a4cb28b4ac0fd763e82d6371/execute/async - {"script":"<script> [1562 bytes]","args":[{"selector":{"controlType":"sap.m.Button","viewName":"etm.portal.ui.managecontracts.view.Detail","i18NText":{"propertyName":"text","key":"selectionDone"},"searchOpenDialogs":true,"interaction":{"idSuffix":"content"}},"wdio_ui5_key":"etmportal.ui.managecontracts.view.Detailsap.m.Button{\"propertyName\":\"text\",\"key\":\"selectionDone\"}"}]}
RESULT: {"script":"<script> [1562 bytes]","args":[{"selector":{"controlType":"sap.m.Button","viewName":"etm.portal.ui.managecontracts.view.Detail","i18NText":{"propertyName":"text","key":"selectionDone"},"searchOpenDialogs":true,"interaction":{"idSuffix":"content"}},"wdio_ui5_key":"etmportal.ui.managecontracts.view.Detailsap.m.Button{\"propertyName\":\"text\",\"key\":\"selectionDone\"}"}]}
RESULT: undefined
COMMAND: POST /session/87d62074a4cb28b4ac0fd763e82d6371/element - {"using":"xpath","value":"//*[@id=\"__button62\"]"}
RESULT: {"using":"xpath","value":"//*[@id=\"__button62\"]"}
COMMAND: POST /session/87d62074a4cb28b4ac0fd763e82d6371/element/f.62693C2623AD3835EDB30C63D0026C38.d.BFF91B280CA20C7DFE99C226EA0C4B5F.e.5764/click - {}
RESULT: {}
COMMAND: POST /session/87d62074a4cb28b4ac0fd763e82d6371/execute/async - {"script":"<script> [1562 bytes]","args":[{"selector":{"controlType":"sap.m.Button","properties":{"text":"OK"},"searchOpenDialogs":true,"interaction":{"idSuffix":"inner"}},"wdio_ui5_key":"sapm.Button{\"text\":\"OK\"}"}]}
COMMAND: GET /session/87d62074a4cb28b4ac0fd763e82d6371/screenshot - {}
RESULT: {"script":"<script> [1562 bytes]","args":[{"selector":{"controlType":"sap.m.Button","properties":{"text":"OK"},"searchOpenDialogs":true,"interaction":{"idSuffix":"inner"}},"wdio_ui5_key":"sapm.Button{\"text\":\"OK\"}"}]}
RESULT: undefined
COMMAND: POST /session/87d62074a4cb28b4ac0fd763e82d6371/element - {"using":"xpath","value":"//*[@id=\"__mbox-btn-1\"]"}
RESULT: {}
RESULT: {"using":"xpath","value":"//*[@id=\"__mbox-btn-1\"]"}
COMMAND: POST /session/87d62074a4cb28b4ac0fd763e82d6371/element/f.62693C2623AD3835EDB30C63D0026C38.d.BFF91B280CA20C7DFE99C226EA0C4B5F.e.5765/click - {}
RESULT: {}
COMMAND: GET /session/87d62074a4cb28b4ac0fd763e82d6371/screenshot - {}
RESULT: {}
COMMAND: POST /session/87d62074a4cb28b4ac0fd763e82d6371/element - {"using":"xpath","value":"//div[contains(@id ,\"headerBillingItemsTabFilter-text\")]"}
RESULT: {"using":"xpath","value":"//div[contains(@id ,\"headerBillingItemsTabFilter-text\")]"}
COMMAND: POST /session/87d62074a4cb28b4ac0fd763e82d6371/element/f.62693C2623AD3835EDB30C63D0026C38.d.BFF91B280CA20C7DFE99C226EA0C4B5F.e.5723/click - {}
RESULT: {}
COMMAND: GET /session/87d62074a4cb28b4ac0fd763e82d6371/screenshot - {}
RESULT: {}
COMMAND: POST /session/87d62074a4cb28b4ac0fd763e82d6371/element - {"using":"xpath","value":"//button[contains(@data-kt ,\"refreshButton\")]"}
RESULT: {"using":"xpath","value":"//button[contains(@data-kt ,\"refreshButton\")]"}
COMMAND: POST /session/87d62074a4cb28b4ac0fd763e82d6371/element/f.62693C2623AD3835EDB30C63D0026C38.d.BFF91B280CA20C7DFE99C226EA0C4B5F.e.5614/click - {}
RESULT: {}
COMMAND: GET /session/87d62074a4cb28b4ac0fd763e82d6371/screenshot - {}
RESULT: {}
COMMAND: POST /session/87d62074a4cb28b4ac0fd763e82d6371/element - {"using":"xpath","value":"//div[contains(@id ,\"headerBillingItemsTabFilter-text\")]"}
RESULT: {"using":"xpath","value":"//div[contains(@id ,\"headerBillingItemsTabFilter-text\")]"}
COMMAND: POST /session/87d62074a4cb28b4ac0fd763e82d6371/element/f.62693C2623AD3835EDB30C63D0026C38.d.BFF91B280CA20C7DFE99C226EA0C4B5F.e.5723/click - {}
RESULT: {}
COMMAND: GET /session/87d62074a4cb28b4ac0fd763e82d6371/screenshot - {}
RESULT: {}
COMMAND: POST /session/87d62074a4cb28b4ac0fd763e82d6371/execute/async - {"script":"<script> [1562 bytes]","args":[{"selector":{"id":"contractDetailProvideButton","viewName":"etm.portal.ui.managecontracts.view.Detail","interaction":{"idSuffix":"BDI-content"}},"wdio_ui5_key":"contractDetailProvideButtonetmportal.ui.managecontracts.view.Detail"}]}
RESULT: {"script":"<script> [1562 bytes]","args":[{"selector":{"id":"contractDetailProvideButton","viewName":"etm.portal.ui.managecontracts.view.Detail","interaction":{"idSuffix":"BDI-content"}},"wdio_ui5_key":"contractDetailProvideButtonetmportal.ui.managecontracts.view.Detail"}]}
RESULT: undefined
COMMAND: POST /session/87d62074a4cb28b4ac0fd763e82d6371/element - {"using":"xpath","value":"//*[@id=\"__xmlview4--contractDetailProvideButton\"]"}
RESULT: {"using":"xpath","value":"//*[@id=\"__xmlview4--contractDetailProvideButton\"]"}
COMMAND: POST /session/87d62074a4cb28b4ac0fd763e82d6371/element/f.62693C2623AD3835EDB30C63D0026C38.d.BFF91B280CA20C7DFE99C226EA0C4B5F.e.5623/click - {}
RESULT: {}
COMMAND: GET /session/87d62074a4cb28b4ac0fd763e82d6371/screenshot - {}
RESULT: {}
COMMAND: POST /session/87d62074a4cb28b4ac0fd763e82d6371/execute/async - {"script":"<script> [1562 bytes]","args":[{"selector":{"id":"application-managehandovers-display-component---AddNewHO--pickUpCheckbox","interaction":{"idSuffix":"CbBg"}},"wdio_ui5_key":"applicationmanagehandovers-display-component---AddNewHO--pickUpCheckbox"}]}
RESULT: {"script":"<script> [1562 bytes]","args":[{"selector":{"id":"application-managehandovers-display-component---AddNewHO--pickUpCheckbox","interaction":{"idSuffix":"CbBg"}},"wdio_ui5_key":"applicationmanagehandovers-display-component---AddNewHO--pickUpCheckbox"}]}
RESULT: undefined
COMMAND: POST /session/87d62074a4cb28b4ac0fd763e82d6371/element - {"using":"xpath","value":"//*[@id=\"application-managehandovers-display-component---AddNewHO--pickUpCheckbox\"]"}
RESULT: {"using":"xpath","value":"//*[@id=\"application-managehandovers-display-component---AddNewHO--pickUpCheckbox\"]"}
COMMAND: POST /session/87d62074a4cb28b4ac0fd763e82d6371/element/f.62693C2623AD3835EDB30C63D0026C38.d.BFF91B280CA20C7DFE99C226EA0C4B5F.e.5956/click - {}
RESULT: {}
COMMAND: POST /session/87d62074a4cb28b4ac0fd763e82d6371/execute/async - {"script":"<script> [1562 bytes]","args":[{"selector":{"id":"application-managehandovers-display-component---AddNewHO--ObjectPageLayout-anchBar-application-managehandovers-display-component---AddNewHO--section4-anchor","interaction":{"idSuffix":"content"}},"wdio_ui5_key":"applicationmanagehandovers-display-component---AddNewHO--ObjectPageLayout-anchBar-application-managehandovers-display-component---AddNewHO--section4-anchor"}]}
COMMAND: GET /session/87d62074a4cb28b4ac0fd763e82d6371/screenshot - {}
RESULT: {"script":"<script> [1562 bytes]","args":[{"selector":{"id":"application-managehandovers-display-component---AddNewHO--ObjectPageLayout-anchBar-application-managehandovers-display-component---AddNewHO--section4-anchor","interaction":{"idSuffix":"content"}},"wdio_ui5_key":"applicationmanagehandovers-display-component---AddNewHO--ObjectPageLayout-anchBar-application-managehandovers-display-component---AddNewHO--section4-anchor"}]}
RESULT: undefined
COMMAND: POST /session/87d62074a4cb28b4ac0fd763e82d6371/element - {"using":"xpath","value":"//*[@id=\"application-managehandovers-display-component---AddNewHO--ObjectPageLayout-anchBar-application-managehandovers-display-component---AddNewHO--section4-anchor\"]"}
RESULT: {}
RESULT: {"using":"xpath","value":"//*[@id=\"application-managehandovers-display-component---AddNewHO--ObjectPageLayout-anchBar-application-managehandovers-display-component---AddNewHO--section4-anchor\"]"}
COMMAND: POST /session/87d62074a4cb28b4ac0fd763e82d6371/element/f.62693C2623AD3835EDB30C63D0026C38.d.BFF91B280CA20C7DFE99C226EA0C4B5F.e.5960/click - {}
RESULT: {}
COMMAND: POST /session/87d62074a4cb28b4ac0fd763e82d6371/execute/async - {"script":"<script> [1562 bytes]","args":[{"selector":{"controlType":"sap.m.Button","viewName":"etm.portal.ui.managehandovers.view.AddNewHO","viewId":"application-managehandovers-display-component---AddNewHO","i18NText":{"propertyName":"tooltip","key":"addItems"},"interaction":{"idSuffix":"inner"}},"wdio_ui5_key":"etmportal.ui.managehandovers.view.AddNewHOsap.m.Button{\"propertyName\":\"tooltip\",\"key\":\"addItems\"}"}]}
COMMAND: GET /session/87d62074a4cb28b4ac0fd763e82d6371/screenshot - {}
RESULT: {"script":"<script> [1562 bytes]","args":[{"selector":{"controlType":"sap.m.Button","viewName":"etm.portal.ui.managehandovers.view.AddNewHO","viewId":"application-managehandovers-display-component---AddNewHO","i18NText":{"propertyName":"tooltip","key":"addItems"},"interaction":{"idSuffix":"inner"}},"wdio_ui5_key":"etmportal.ui.managehandovers.view.AddNewHOsap.m.Button{\"propertyName\":\"tooltip\",\"key\":\"addItems\"}"}]}
RESULT: undefined
COMMAND: POST /session/87d62074a4cb28b4ac0fd763e82d6371/element - {"using":"xpath","value":"//*[@id=\"__button79\"]"}
RESULT: {}
RESULT: {"using":"xpath","value":"//*[@id=\"__button79\"]"}
COMMAND: POST /session/87d62074a4cb28b4ac0fd763e82d6371/element/f.62693C2623AD3835EDB30C63D0026C38.d.BFF91B280CA20C7DFE99C226EA0C4B5F.e.5964/click - {}
RESULT: {}
COMMAND: POST /session/87d62074a4cb28b4ac0fd763e82d6371/execute/async - {"script":"<script> [1562 bytes]","args":[{"selector":{"id":"application-managehandovers-display-component---AddNewHO--smartTableHOPopup-header","searchOpenDialogs":true},"wdio_ui5_key":"applicationmanagehandovers-display-component---AddNewHO--smartTableHOPopup-header"}]}
COMMAND: GET /session/87d62074a4cb28b4ac0fd763e82d6371/screenshot - {}
RESULT: {"script":"<script> [1562 bytes]","args":[{"selector":{"id":"application-managehandovers-display-component---AddNewHO--smartTableHOPopup-header","searchOpenDialogs":true},"wdio_ui5_key":"applicationmanagehandovers-display-component---AddNewHO--smartTableHOPopup-header"}]}
RESULT: undefined
COMMAND: POST /session/87d62074a4cb28b4ac0fd763e82d6371/execute/async - {"script":"<script> [6424 bytes]","args":[{"element-6066-11e4-a52e-4f735466cecf":"f.62693C2623AD3835EDB30C63D0026C38.d.BFF91B280CA20C7DFE99C226EA0C4B5F.e.5973"},"getText",[]]}
RESULT: {}
RESULT: {"script":"<script> [6424 bytes]","args":[{"element-6066-11e4-a52e-4f735466cecf":"f.62693C2623AD3835EDB30C63D0026C38.d.BFF91B280CA20C7DFE99C226EA0C4B5F.e.5973"},"getText",[]]}
COMMAND: POST /session/87d62074a4cb28b4ac0fd763e82d6371/actions - {"actions":[{"id":"action44","type":"key","parameters":{},"actions":[{"type":"keyDown","value":""},{"type":"pause","duration":10},{"type":"keyUp","value":""}]}]}
RESULT: {"actions":[{"id":"action44","type":"key","parameters":{},"actions":[{"type":"keyDown","value":""},{"type":"pause","duration":10},{"type":"keyUp","value":""}]}]}
COMMAND: GET /session/87d62074a4cb28b4ac0fd763e82d6371/screenshot - {}
RESULT: {}
COMMAND: POST /session/87d62074a4cb28b4ac0fd763e82d6371/execute/async - {"script":"<script> [1562 bytes]","args":[{"selector":{"id":"backBtn"},"wdio_ui5_key":"backBtn"}]}
RESULT: {"script":"<script> [1562 bytes]","args":[{"selector":{"id":"backBtn"},"wdio_ui5_key":"backBtn"}]}
RESULT: undefined
COMMAND: POST /session/87d62074a4cb28b4ac0fd763e82d6371/element - {"using":"xpath","value":"//*[@id=\"backBtn\"]"}
RESULT: {"using":"xpath","value":"//*[@id=\"backBtn\"]"}
COMMAND: POST /session/87d62074a4cb28b4ac0fd763e82d6371/element/f.62693C2623AD3835EDB30C63D0026C38.d.BFF91B280CA20C7DFE99C226EA0C4B5F.e.5975/click - {}
RESULT: {}
COMMAND: GET /session/87d62074a4cb28b4ac0fd763e82d6371/screenshot - {}
COMMAND: POST /session/87d62074a4cb28b4ac0fd763e82d6371/refresh - {}
RESULT: {}
RESULT: {}
COMMAND: GET /session/87d62074a4cb28b4ac0fd763e82d6371/screenshot - {}
RESULT: {}
COMMAND: POST /session/87d62074a4cb28b4ac0fd763e82d6371/execute/async - {"script":"<script> [189 bytes]","args":[]}
RESULT: {"script":"<script> [189 bytes]","args":[]}
COMMAND: POST /session/87d62074a4cb28b4ac0fd763e82d6371/execute/async - {"script":"<script> [123 bytes]","args":[]}
RESULT: {"script":"<script> [123 bytes]","args":[]}
COMMAND: POST /session/87d62074a4cb28b4ac0fd763e82d6371/timeouts - {"script":"<number>"}
RESULT: {"script":"<number>"}
COMMAND: GET /session/87d62074a4cb28b4ac0fd763e82d6371/timeouts - {}
RESULT: {}
RESULT: undefined
COMMAND: POST /session/87d62074a4cb28b4ac0fd763e82d6371/execute/async - {"script":"<script> [2676 bytes]","args":[]}
RESULT: {"script":"<script> [2676 bytes]","args":[]}
COMMAND: POST /session/87d62074a4cb28b4ac0fd763e82d6371/execute/async - {"script":"<script> [2342 bytes]","args":[{"protocol":"http","hostname":"0.0.0.0","path":"/","capabilities":{"browserName":"chrome","goog:chromeOptions":{"binary":"C:\\Program Files\\Google\\Chrome\\Application\\chrome.exe","args":["--start-maximized"]}},"logLevel":"warn","connectionRetryTimeout":120000,"connectionRetryCount":3,"logLevels":{},"enableDirectConnect":true,"strictSSL":true,"_":"65 more keys: [\"cacheDir\",\"port\",\"requestedCapabilities\",\"automationProtocol\",\"baseUrl\",\"waitforInterval\",\"waitforTimeout\",\"onReload\",\"beforeCommand\",\"afterCommand\",\"rootDir\",\"specs\",\"suites\",\"exclude\",\"groupLogsByTestSpec\",\"excludeDriverLogs\",\"bail\",\"framework\",\"reporters\",\"services\",\"maxInstances\",\"maxInstancesPerCapability\",\"injectGlobals\",\"filesToWatch\",\"execArgv\",\"runnerEnv\",\"runner\",\"shard\",\"specFileRetries\",\"specFileRetriesDelay\",\"specFileRetriesDeferred\",\"reporterSyncInterval\",\"reporterSyncTimeout\",\"cucumberFeaturesWithLineNumbers\",\"autoCompileOpts\",\"mochaOpts\",\"jasmineOpts\",\"cucumberOpts\",\"onPrepare\",\"onWorkerStart\",\"onWorkerEnd\",\"before\",\"beforeSession\",\"beforeSuite\",\"beforeHook\",\"beforeTest\",\"afterTest\",\"afterHook\",\"afterSuite\",\"afterSession\",\"after\",\"onComplete\",\"beforeAssertion\",\"afterAssertion\",\"beforeFeature\",\"beforeScenario\",\"beforeStep\",\"afterStep\",\"afterScenario\",\"afterFeature\",\"_\",\"suite\",\"$0\",\"ignoredWorkerServices\",\"wdi5\"]"}]}
RESULT: {"script":"<script> [2342 bytes]","args":[{"protocol":"http","hostname":"0.0.0.0","path":"/","capabilities":{"browserName":"chrome","goog:chromeOptions":{"binary":"C:\\Program Files\\Google\\Chrome\\Application\\chrome.exe","args":["--start-maximized"]}},"logLevel":"warn","connectionRetryTimeout":120000,"connectionRetryCount":3,"logLevels":{},"enableDirectConnect":true,"strictSSL":true,"_":"65 more keys: [\"cacheDir\",\"port\",\"requestedCapabilities\",\"automationProtocol\",\"baseUrl\",\"waitforInterval\",\"waitforTimeout\",\"onReload\",\"beforeCommand\",\"afterCommand\",\"rootDir\",\"specs\",\"suites\",\"exclude\",\"groupLogsByTestSpec\",\"excludeDriverLogs\",\"bail\",\"framework\",\"reporters\",\"services\",\"maxInstances\",\"maxInstancesPerCapability\",\"injectGlobals\",\"filesToWatch\",\"execArgv\",\"runnerEnv\",\"runner\",\"shard\",\"specFileRetries\",\"specFileRetriesDelay\",\"specFileRetriesDeferred\",\"reporterSyncInterval\",\"reporterSyncTimeout\",\"cucumberFeaturesWithLineNumbers\",\"autoCompileOpts\",\"mochaOpts\",\"jasmineOpts\",\"cucumberOpts\",\"onPrepare\",\"onWorkerStart\",\"onWorkerEnd\",\"before\",\"beforeSession\",\"beforeSuite\",\"beforeHook\",\"beforeTest\",\"afterTest\",\"afterHook\",\"afterSuite\",\"afterSession\",\"after\",\"onComplete\",\"beforeAssertion\",\"afterAssertion\",\"beforeFeature\",\"beforeScenario\",\"beforeStep\",\"afterStep\",\"afterScenario\",\"afterFeature\",\"_\",\"suite\",\"$0\",\"ignoredWorkerServices\",\"wdi5\"]"}]}
COMMAND: POST /session/87d62074a4cb28b4ac0fd763e82d6371/execute/async - {"script":"<script> [21126 bytes]","args":[35000]}
RESULT: {"script":"<script> [21126 bytes]","args":[35000]}
COMMAND: POST /session/87d62074a4cb28b4ac0fd763e82d6371/element - {"using":"xpath","value":"//div[contains(@id ,\"headerBillingItemsTabFilter-text\")]"}
RESULT: {"using":"xpath","value":"//div[contains(@id ,\"headerBillingItemsTabFilter-text\")]"}
COMMAND: POST /session/87d62074a4cb28b4ac0fd763e82d6371/element/f.62693C2623AD3835EDB30C63D0026C38.d.70C8E1202FAA6AD2165D013CDA60B358.e.6433/click - {}
RESULT: {}
COMMAND: GET /session/87d62074a4cb28b4ac0fd763e82d6371/screenshot - {}
RESULT: {}
COMMAND: POST /session/87d62074a4cb28b4ac0fd763e82d6371/execute/async - {"script":"<script> [1562 bytes]","args":[{"selector":{"id":"revertPlanningBtn","viewName":"etm.portal.ui.managecontracts.view.Detail","interaction":{"idSuffix":"BDI-content"}},"wdio_ui5_key":"revertPlanningBtnetmportal.ui.managecontracts.view.Detail"}]}
RESULT: {"script":"<script> [1562 bytes]","args":[{"selector":{"id":"revertPlanningBtn","viewName":"etm.portal.ui.managecontracts.view.Detail","interaction":{"idSuffix":"BDI-content"}},"wdio_ui5_key":"revertPlanningBtnetmportal.ui.managecontracts.view.Detail"}]}
RESULT: undefined
COMMAND: POST /session/87d62074a4cb28b4ac0fd763e82d6371/element - {"using":"xpath","value":"//*[@id=\"__xmlview1--revertPlanningBtn\"]"}
RESULT: {"using":"xpath","value":"//*[@id=\"__xmlview1--revertPlanningBtn\"]"}
COMMAND: POST /session/87d62074a4cb28b4ac0fd763e82d6371/element/f.62693C2623AD3835EDB30C63D0026C38.d.70C8E1202FAA6AD2165D013CDA60B358.e.6310/click - {}
RESULT: {}
COMMAND: GET /session/87d62074a4cb28b4ac0fd763e82d6371/screenshot - {}
RESULT: {}
COMMAND: POST /session/87d62074a4cb28b4ac0fd763e82d6371/actions - {"actions":[{"id":"action45","type":"key","parameters":{},"actions":[{"type":"keyDown","value":""},{"type":"pause","duration":10},{"type":"keyUp","value":""}]}]}
RESULT: {"actions":[{"id":"action45","type":"key","parameters":{},"actions":[{"type":"keyDown","value":""},{"type":"pause","duration":10},{"type":"keyUp","value":""}]}]}
COMMAND: GET /session/87d62074a4cb28b4ac0fd763e82d6371/screenshot - {}
RESULT: {}
COMMAND: POST /session/87d62074a4cb28b4ac0fd763e82d6371/element - {"using":"xpath","value":"//div[contains(@id ,\"ProductsTable-sa-CbBg\")]"}
RESULT: {"using":"xpath","value":"//div[contains(@id ,\"ProductsTable-sa-CbBg\")]"}
COMMAND: POST /session/87d62074a4cb28b4ac0fd763e82d6371/element/f.62693C2623AD3835EDB30C63D0026C38.d.70C8E1202FAA6AD2165D013CDA60B358.e.6483/click - {}
RESULT: {}
COMMAND: GET /session/87d62074a4cb28b4ac0fd763e82d6371/screenshot - {}
RESULT: {}
COMMAND: POST /session/87d62074a4cb28b4ac0fd763e82d6371/execute/async - {"script":"<script> [1562 bytes]","args":[{"selector":{"id":"executeRevertPlanningBtn","viewName":"etm.portal.ui.managecontracts.view.Detail","interaction":{"idSuffix":"BDI-content"}},"wdio_ui5_key":"executeRevertPlanningBtnetmportal.ui.managecontracts.view.Detail"}]}
RESULT: {"script":"<script> [1562 bytes]","args":[{"selector":{"id":"executeRevertPlanningBtn","viewName":"etm.portal.ui.managecontracts.view.Detail","interaction":{"idSuffix":"BDI-content"}},"wdio_ui5_key":"executeRevertPlanningBtnetmportal.ui.managecontracts.view.Detail"}]}
RESULT: undefined
COMMAND: POST /session/87d62074a4cb28b4ac0fd763e82d6371/element - {"using":"xpath","value":"//*[@id=\"__xmlview1--executeRevertPlanningBtn\"]"}
RESULT: {"using":"xpath","value":"//*[@id=\"__xmlview1--executeRevertPlanningBtn\"]"}
COMMAND: POST /session/87d62074a4cb28b4ac0fd763e82d6371/element/f.62693C2623AD3835EDB30C63D0026C38.d.70C8E1202FAA6AD2165D013CDA60B358.e.6482/click - {}
RESULT: {}
COMMAND: GET /session/87d62074a4cb28b4ac0fd763e82d6371/screenshot - {}
RESULT: {}
COMMAND: POST /session/87d62074a4cb28b4ac0fd763e82d6371/actions - {"actions":[{"id":"action46","type":"key","parameters":{},"actions":[{"type":"keyDown","value":""},{"type":"pause","duration":10},{"type":"keyUp","value":""}]}]}
RESULT: {"actions":[{"id":"action46","type":"key","parameters":{},"actions":[{"type":"keyDown","value":""},{"type":"pause","duration":10},{"type":"keyUp","value":""}]}]}
COMMAND: POST /session/87d62074a4cb28b4ac0fd763e82d6371/execute/async - {"script":"<script> [1562 bytes]","args":[{"selector":{"id":"backBtn"},"wdio_ui5_key":"backBtn"}]}
COMMAND: GET /session/87d62074a4cb28b4ac0fd763e82d6371/screenshot - {}
RESULT: {"script":"<script> [1562 bytes]","args":[{"selector":{"id":"backBtn"},"wdio_ui5_key":"backBtn"}]}
RESULT: undefined
COMMAND: POST /session/87d62074a4cb28b4ac0fd763e82d6371/element - {"using":"xpath","value":"//*[@id=\"backBtn\"]"}
RESULT: {}
RESULT: {"using":"xpath","value":"//*[@id=\"backBtn\"]"}
COMMAND: POST /session/87d62074a4cb28b4ac0fd763e82d6371/element/f.62693C2623AD3835EDB30C63D0026C38.d.70C8E1202FAA6AD2165D013CDA60B358.e.6492/click - {}
RESULT: {}
COMMAND: GET /session/87d62074a4cb28b4ac0fd763e82d6371/screenshot - {}
RESULT: {}
COMMAND: POST /session/87d62074a4cb28b4ac0fd763e82d6371/refresh - {}
RESULT: {}
COMMAND: GET /session/87d62074a4cb28b4ac0fd763e82d6371/screenshot - {}
RESULT: {}
COMMAND: POST /session/87d62074a4cb28b4ac0fd763e82d6371/execute/async - {"script":"<script> [189 bytes]","args":[]}
RESULT: {"script":"<script> [189 bytes]","args":[]}
COMMAND: POST /session/87d62074a4cb28b4ac0fd763e82d6371/execute/async - {"script":"<script> [123 bytes]","args":[]}
RESULT: {"script":"<script> [123 bytes]","args":[]}
COMMAND: POST /session/87d62074a4cb28b4ac0fd763e82d6371/timeouts - {"script":"<number>"}
RESULT: {"script":"<number>"}
COMMAND: GET /session/87d62074a4cb28b4ac0fd763e82d6371/timeouts - {}
RESULT: {}
RESULT: undefined
COMMAND: POST /session/87d62074a4cb28b4ac0fd763e82d6371/execute/async - {"script":"<script> [2676 bytes]","args":[]}
RESULT: {"script":"<script> [2676 bytes]","args":[]}
COMMAND: POST /session/87d62074a4cb28b4ac0fd763e82d6371/execute/async - {"script":"<script> [2342 bytes]","args":[{"protocol":"http","hostname":"0.0.0.0","path":"/","capabilities":{"browserName":"chrome","goog:chromeOptions":{"binary":"C:\\Program Files\\Google\\Chrome\\Application\\chrome.exe","args":["--start-maximized"]}},"logLevel":"warn","connectionRetryTimeout":120000,"connectionRetryCount":3,"logLevels":{},"enableDirectConnect":true,"strictSSL":true,"_":"65 more keys: [\"cacheDir\",\"port\",\"requestedCapabilities\",\"automationProtocol\",\"baseUrl\",\"waitforInterval\",\"waitforTimeout\",\"onReload\",\"beforeCommand\",\"afterCommand\",\"rootDir\",\"specs\",\"suites\",\"exclude\",\"groupLogsByTestSpec\",\"excludeDriverLogs\",\"bail\",\"framework\",\"reporters\",\"services\",\"maxInstances\",\"maxInstancesPerCapability\",\"injectGlobals\",\"filesToWatch\",\"execArgv\",\"runnerEnv\",\"runner\",\"shard\",\"specFileRetries\",\"specFileRetriesDelay\",\"specFileRetriesDeferred\",\"reporterSyncInterval\",\"reporterSyncTimeout\",\"cucumberFeaturesWithLineNumbers\",\"autoCompileOpts\",\"mochaOpts\",\"jasmineOpts\",\"cucumberOpts\",\"onPrepare\",\"onWorkerStart\",\"onWorkerEnd\",\"before\",\"beforeSession\",\"beforeSuite\",\"beforeHook\",\"beforeTest\",\"afterTest\",\"afterHook\",\"afterSuite\",\"afterSession\",\"after\",\"onComplete\",\"beforeAssertion\",\"afterAssertion\",\"beforeFeature\",\"beforeScenario\",\"beforeStep\",\"afterStep\",\"afterScenario\",\"afterFeature\",\"_\",\"suite\",\"$0\",\"ignoredWorkerServices\",\"wdi5\"]"}]}
RESULT: {"script":"<script> [2342 bytes]","args":[{"protocol":"http","hostname":"0.0.0.0","path":"/","capabilities":{"browserName":"chrome","goog:chromeOptions":{"binary":"C:\\Program Files\\Google\\Chrome\\Application\\chrome.exe","args":["--start-maximized"]}},"logLevel":"warn","connectionRetryTimeout":120000,"connectionRetryCount":3,"logLevels":{},"enableDirectConnect":true,"strictSSL":true,"_":"65 more keys: [\"cacheDir\",\"port\",\"requestedCapabilities\",\"automationProtocol\",\"baseUrl\",\"waitforInterval\",\"waitforTimeout\",\"onReload\",\"beforeCommand\",\"afterCommand\",\"rootDir\",\"specs\",\"suites\",\"exclude\",\"groupLogsByTestSpec\",\"excludeDriverLogs\",\"bail\",\"framework\",\"reporters\",\"services\",\"maxInstances\",\"maxInstancesPerCapability\",\"injectGlobals\",\"filesToWatch\",\"execArgv\",\"runnerEnv\",\"runner\",\"shard\",\"specFileRetries\",\"specFileRetriesDelay\",\"specFileRetriesDeferred\",\"reporterSyncInterval\",\"reporterSyncTimeout\",\"cucumberFeaturesWithLineNumbers\",\"autoCompileOpts\",\"mochaOpts\",\"jasmineOpts\",\"cucumberOpts\",\"onPrepare\",\"onWorkerStart\",\"onWorkerEnd\",\"before\",\"beforeSession\",\"beforeSuite\",\"beforeHook\",\"beforeTest\",\"afterTest\",\"afterHook\",\"afterSuite\",\"afterSession\",\"after\",\"onComplete\",\"beforeAssertion\",\"afterAssertion\",\"beforeFeature\",\"beforeScenario\",\"beforeStep\",\"afterStep\",\"afterScenario\",\"afterFeature\",\"_\",\"suite\",\"$0\",\"ignoredWorkerServices\",\"wdi5\"]"}]}
COMMAND: POST /session/87d62074a4cb28b4ac0fd763e82d6371/execute/async - {"script":"<script> [21126 bytes]","args":[35000]}
RESULT: {"script":"<script> [21126 bytes]","args":[35000]}
COMMAND: POST /session/87d62074a4cb28b4ac0fd763e82d6371/execute/async - {"script":"<script> [1562 bytes]","args":[{"selector":{"controlType":"sap.m.ObjectStatus","viewName":"etm.portal.ui.managerequests.view.Detail","bindingPath":{"path":"/RequestHeaders('20086')","propertyPath":"LINK_TO_STATUS/DESCRIPTION","modelName":"catalogModel"}},"wdio_ui5_key":"etmportal.ui.managerequests.view.Detailsap.m.ObjectStatus{\"path\":\"/RequestHeaders('20086')\",\"propertyPath\":\"LINK_TO_STATUS/DESCRIPTION\",\"modelName\":\"catalogModel\"}"}]}
RESULT: {"script":"<script> [1562 bytes]","args":[{"selector":{"controlType":"sap.m.ObjectStatus","viewName":"etm.portal.ui.managerequests.view.Detail","bindingPath":{"path":"/RequestHeaders('20086')","propertyPath":"LINK_TO_STATUS/DESCRIPTION","modelName":"catalogModel"}},"wdio_ui5_key":"etmportal.ui.managerequests.view.Detailsap.m.ObjectStatus{\"path\":\"/RequestHeaders('20086')\",\"propertyPath\":\"LINK_TO_STATUS/DESCRIPTION\",\"modelName\":\"catalogModel\"}"}]}
RESULT: undefined
COMMAND: POST /session/87d62074a4cb28b4ac0fd763e82d6371/execute/async - {"script":"<script> [6424 bytes]","args":[{"element-6066-11e4-a52e-4f735466cecf":"f.62693C2623AD3835EDB30C63D0026C38.d.A2C0222E48974CF897B4267D8AED7505.e.6786"},"getText",[]]}
RESULT: {"script":"<script> [6424 bytes]","args":[{"element-6066-11e4-a52e-4f735466cecf":"f.62693C2623AD3835EDB30C63D0026C38.d.A2C0222E48974CF897B4267D8AED7505.e.6786"},"getText",[]]}
COMMAND: POST /session/87d62074a4cb28b4ac0fd763e82d6371/execute/async - {"script":"<script> [1562 bytes]","args":[{"selector":{"controlType":"sap.m.Button","viewName":"etm.portal.ui.managerequests.view.Detail","bindingPath":{"path":"/SmartRequestItemsPlanningBoard(ITEM=10m,REQUEST='20086')","propertyPath":"PICK_UP"}},"wdio_ui5_key":"etmportal.ui.managerequests.view.Detailsap.m.Button{\"path\":\"/SmartRequestItemsPlanningBoard(ITEM=10m,REQUEST='20086')\",\"propertyPath\":\"PICK_UP\"}"}]}
RESULT: {"script":"<script> [1562 bytes]","args":[{"selector":{"controlType":"sap.m.Button","viewName":"etm.portal.ui.managerequests.view.Detail","bindingPath":{"path":"/SmartRequestItemsPlanningBoard(ITEM=10m,REQUEST='20086')","propertyPath":"PICK_UP"}},"wdio_ui5_key":"etmportal.ui.managerequests.view.Detailsap.m.Button{\"path\":\"/SmartRequestItemsPlanningBoard(ITEM=10m,REQUEST='20086')\",\"propertyPath\":\"PICK_UP\"}"}]}
RESULT: undefined
COMMAND: POST /session/87d62074a4cb28b4ac0fd763e82d6371/execute/async - {"script":"<script> [6424 bytes]","args":[{"element-6066-11e4-a52e-4f735466cecf":"f.62693C2623AD3835EDB30C63D0026C38.d.A2C0222E48974CF897B4267D8AED7505.e.6778"},"getType",[]]}
RESULT: {"script":"<script> [6424 bytes]","args":[{"element-6066-11e4-a52e-4f735466cecf":"f.62693C2623AD3835EDB30C63D0026C38.d.A2C0222E48974CF897B4267D8AED7505.e.6778"},"getType",[]]}
COMMAND: POST /session/87d62074a4cb28b4ac0fd763e82d6371/execute/async - {"script":"<script> [1562 bytes]","args":[{"selector":{"controlType":"sap.m.Button","viewName":"etm.portal.ui.managerequests.view.Detail","bindingPath":{"path":"/SmartRequestItemsPlanningBoard(ITEM=20m,REQUEST='20086')","propertyPath":"PICK_UP"}},"wdio_ui5_key":"etmportal.ui.managerequests.view.Detailsap.m.Button{\"path\":\"/SmartRequestItemsPlanningBoard(ITEM=20m,REQUEST='20086')\",\"propertyPath\":\"PICK_UP\"}"}]}
RESULT: {"script":"<script> [1562 bytes]","args":[{"selector":{"controlType":"sap.m.Button","viewName":"etm.portal.ui.managerequests.view.Detail","bindingPath":{"path":"/SmartRequestItemsPlanningBoard(ITEM=20m,REQUEST='20086')","propertyPath":"PICK_UP"}},"wdio_ui5_key":"etmportal.ui.managerequests.view.Detailsap.m.Button{\"path\":\"/SmartRequestItemsPlanningBoard(ITEM=20m,REQUEST='20086')\",\"propertyPath\":\"PICK_UP\"}"}]}
RESULT: undefined
COMMAND: POST /session/87d62074a4cb28b4ac0fd763e82d6371/execute/async - {"script":"<script> [6424 bytes]","args":[{"element-6066-11e4-a52e-4f735466cecf":"f.62693C2623AD3835EDB30C63D0026C38.d.A2C0222E48974CF897B4267D8AED7505.e.6787"},"getType",[]]}
RESULT: {"script":"<script> [6424 bytes]","args":[{"element-6066-11e4-a52e-4f735466cecf":"f.62693C2623AD3835EDB30C63D0026C38.d.A2C0222E48974CF897B4267D8AED7505.e.6787"},"getType",[]]}
COMMAND: POST /session/87d62074a4cb28b4ac0fd763e82d6371/element - {"using":"css selector","value":"#shell-header-logo"}
RESULT: {"using":"css selector","value":"#shell-header-logo"}
COMMAND: POST /session/87d62074a4cb28b4ac0fd763e82d6371/element/f.62693C2623AD3835EDB30C63D0026C38.d.A2C0222E48974CF897B4267D8AED7505.e.6577/click - {}
RESULT: {}
COMMAND: GET /session/87d62074a4cb28b4ac0fd763e82d6371/screenshot - {}
RESULT: {}
COMMAND: POST /session/87d62074a4cb28b4ac0fd763e82d6371/execute/async - {"script":"<script> [1562 bytes]","args":[{"selector":{"controlType":"sap.m.GenericTile","properties":{"header":"Manage Classifications"}},"wdio_ui5_key":"sapm.GenericTile{\"header\":\"Manage Classifications\"}"}]}
RESULT: {"script":"<script> [1562 bytes]","args":[{"selector":{"controlType":"sap.m.GenericTile","properties":{"header":"Manage Classifications"}},"wdio_ui5_key":"sapm.GenericTile{\"header\":\"Manage Classifications\"}"}]}
RESULT: undefined
COMMAND: POST /session/87d62074a4cb28b4ac0fd763e82d6371/element - {"using":"xpath","value":"//*[@id=\"__tile117\"]"}
RESULT: {"using":"xpath","value":"//*[@id=\"__tile117\"]"}
COMMAND: POST /session/87d62074a4cb28b4ac0fd763e82d6371/element/f.62693C2623AD3835EDB30C63D0026C38.d.A2C0222E48974CF897B4267D8AED7505.e.6803/click - {}
RESULT: {}
COMMAND: GET /session/87d62074a4cb28b4ac0fd763e82d6371/screenshot - {}
RESULT: {}
COMMAND: POST /session/87d62074a4cb28b4ac0fd763e82d6371/elements - {"using":"xpath","value":"//span[text()='Error']"}
RESULT: {"using":"xpath","value":"//span[text()='Error']"}
]]></system-out>
    </testcase>
  </testsuite>
  <testsuite timestamp="2025-06-14T15:56:36" time="395.652" tests="4" failures="0" errors="0" skipped="0">
    <properties>
      <property name="specId" value="0"/>
      <property name="suiteName" value="Manage requests - requests specifications US141095"/>
      <property name="capabilities" value="chrome.137_0_7151_69.windows"/>
      <property name="file" value="file:///D:/a/1/s/test/specs/R2C/manage-requests-request-specifications.spec.js"/>
    </properties>
    <testcase classname="chrome.137_0_7151_69.windows.Manage_requests_-_requests_specifications_US141095" name="Should create a new classification of type request item" time="39.219">
      <system-out><![CDATA[
COMMAND: POST /session/87d62074a4cb28b4ac0fd763e82d6371/execute/async - {"script":"<script> [1562 bytes]","args":[{"selector":{"controlType":"sap.ui.core.Icon","viewName":"etm.portal.ui.manageclassifications.view.Master","viewId":"application-manageclassifications-display-component---classificationMaster","properties":{"src":{"regex":{"source":"add"}}}},"wdio_ui5_key":"etmportal.ui.manageclassifications.view.Mastersap.ui.core.Icon{\"src\":{\"regex\":{\"source\":\"add\"}}}"}]}
RESULT: {"script":"<script> [1562 bytes]","args":[{"selector":{"controlType":"sap.ui.core.Icon","viewName":"etm.portal.ui.manageclassifications.view.Master","viewId":"application-manageclassifications-display-component---classificationMaster","properties":{"src":{"regex":{"source":"add"}}}},"wdio_ui5_key":"etmportal.ui.manageclassifications.view.Mastersap.ui.core.Icon{\"src\":{\"regex\":{\"source\":\"add\"}}}"}]}
RESULT: undefined
COMMAND: POST /session/87d62074a4cb28b4ac0fd763e82d6371/element - {"using":"xpath","value":"//*[@id=\"__button27-img\"]"}
RESULT: {"using":"xpath","value":"//*[@id=\"__button27-img\"]"}
COMMAND: POST /session/87d62074a4cb28b4ac0fd763e82d6371/element/f.62693C2623AD3835EDB30C63D0026C38.d.A2C0222E48974CF897B4267D8AED7505.e.6844/click - {}
RESULT: {}
COMMAND: POST /session/87d62074a4cb28b4ac0fd763e82d6371/execute/async - {"script":"<script> [1562 bytes]","args":[{"selector":{"id":"application-manageclassifications-display-component---classificationCreate--classHeaderName","interaction":{"idSuffix":"inner"}},"wdio_ui5_key":"applicationmanageclassifications-display-component---classificationCreate--classHeaderName"}]}
COMMAND: GET /session/87d62074a4cb28b4ac0fd763e82d6371/screenshot - {}
RESULT: {"script":"<script> [1562 bytes]","args":[{"selector":{"id":"application-manageclassifications-display-component---classificationCreate--classHeaderName","interaction":{"idSuffix":"inner"}},"wdio_ui5_key":"applicationmanageclassifications-display-component---classificationCreate--classHeaderName"}]}
RESULT: undefined
COMMAND: POST /session/87d62074a4cb28b4ac0fd763e82d6371/execute/async - {"script":"<script> [776 bytes]","args":[{"enterText":"WebdriverItemClassx5h2ei","selector":{"id":"application-manageclassifications-display-component---classificationCreate--classHeaderName","interaction":{"idSuffix":"inner"}},"clearTextFirst":true,"interactionType":"ENTER_TEXT"}]}
RESULT: {}
RESULT: {"script":"<script> [776 bytes]","args":[{"enterText":"WebdriverItemClassx5h2ei","selector":{"id":"application-manageclassifications-display-component---classificationCreate--classHeaderName","interaction":{"idSuffix":"inner"}},"clearTextFirst":true,"interactionType":"ENTER_TEXT"}]}
COMMAND: POST /session/87d62074a4cb28b4ac0fd763e82d6371/execute/async - {"script":"<script> [1562 bytes]","args":[{"selector":{"controlType":"sap.ui.core.Icon","viewName":"etm.portal.ui.manageclassifications.view.Create","viewId":"application-manageclassifications-display-component---classificationCreate","properties":{"src":{"regex":{"source":"slim\\-arrow\\-down"}}}},"wdio_ui5_key":"etmportal.ui.manageclassifications.view.Createsap.ui.core.Icon{\"src\":{\"regex\":{\"source\":\"slim\\\\-arrow\\\\-down\"}}}"}]}
RESULT: {"script":"<script> [1562 bytes]","args":[{"selector":{"controlType":"sap.ui.core.Icon","viewName":"etm.portal.ui.manageclassifications.view.Create","viewId":"application-manageclassifications-display-component---classificationCreate","properties":{"src":{"regex":{"source":"slim\\-arrow\\-down"}}}},"wdio_ui5_key":"etmportal.ui.manageclassifications.view.Createsap.ui.core.Icon{\"src\":{\"regex\":{\"source\":\"slim\\\\-arrow\\\\-down\"}}}"}]}
RESULT: undefined
COMMAND: POST /session/87d62074a4cb28b4ac0fd763e82d6371/element - {"using":"xpath","value":"//*[@id=\"__box12-arrow\"]"}
RESULT: {"using":"xpath","value":"//*[@id=\"__box12-arrow\"]"}
COMMAND: POST /session/87d62074a4cb28b4ac0fd763e82d6371/element/f.62693C2623AD3835EDB30C63D0026C38.d.A2C0222E48974CF897B4267D8AED7505.e.7123/click - {}
RESULT: {}
COMMAND: POST /session/87d62074a4cb28b4ac0fd763e82d6371/execute/async - {"script":"<script> [1562 bytes]","args":[{"selector":{"controlType":"sap.m.StandardListItem","viewName":"etm.portal.ui.manageclassifications.view.Create","viewId":"application-manageclassifications-display-component---classificationCreate","properties":{"title":"Request Item Specifications"},"searchOpenDialogs":true,"interaction":{"idSuffix":"titleText"}},"wdio_ui5_key":"etmportal.ui.manageclassifications.view.Createsap.m.StandardListItem{\"title\":\"Request Item Specifications\"}"}]}
COMMAND: GET /session/87d62074a4cb28b4ac0fd763e82d6371/screenshot - {}
RESULT: {"script":"<script> [1562 bytes]","args":[{"selector":{"controlType":"sap.m.StandardListItem","viewName":"etm.portal.ui.manageclassifications.view.Create","viewId":"application-manageclassifications-display-component---classificationCreate","properties":{"title":"Request Item Specifications"},"searchOpenDialogs":true,"interaction":{"idSuffix":"titleText"}},"wdio_ui5_key":"etmportal.ui.manageclassifications.view.Createsap.m.StandardListItem{\"title\":\"Request Item Specifications\"}"}]}
RESULT: undefined
COMMAND: POST /session/87d62074a4cb28b4ac0fd763e82d6371/element - {"using":"xpath","value":"//*[@id=\"__item88\"]"}
RESULT: {}
RESULT: {"using":"xpath","value":"//*[@id=\"__item88\"]"}
COMMAND: POST /session/87d62074a4cb28b4ac0fd763e82d6371/element/f.62693C2623AD3835EDB30C63D0026C38.d.A2C0222E48974CF897B4267D8AED7505.e.7163/click - {}
RESULT: {}
COMMAND: POST /session/87d62074a4cb28b4ac0fd763e82d6371/execute/async - {"script":"<script> [1562 bytes]","args":[{"selector":{"controlType":"sap.ui.core.Icon","viewName":"etm.portal.ui.manageclassifications.view.Create","viewId":"application-manageclassifications-display-component---classificationCreate","properties":{"src":{"regex":{"source":"add"}}}},"wdio_ui5_key":"etmportal.ui.manageclassifications.view.Createsap.ui.core.Icon{\"src\":{\"regex\":{\"source\":\"add\"}}}"}]}
COMMAND: GET /session/87d62074a4cb28b4ac0fd763e82d6371/screenshot - {}
RESULT: {"script":"<script> [1562 bytes]","args":[{"selector":{"controlType":"sap.ui.core.Icon","viewName":"etm.portal.ui.manageclassifications.view.Create","viewId":"application-manageclassifications-display-component---classificationCreate","properties":{"src":{"regex":{"source":"add"}}}},"wdio_ui5_key":"etmportal.ui.manageclassifications.view.Createsap.ui.core.Icon{\"src\":{\"regex\":{\"source\":\"add\"}}}"}]}
RESULT: undefined
COMMAND: POST /session/87d62074a4cb28b4ac0fd763e82d6371/element - {"using":"xpath","value":"//*[@id=\"__button32-img\"]"}
RESULT: {}
RESULT: {"using":"xpath","value":"//*[@id=\"__button32-img\"]"}
COMMAND: POST /session/87d62074a4cb28b4ac0fd763e82d6371/element/f.62693C2623AD3835EDB30C63D0026C38.d.A2C0222E48974CF897B4267D8AED7505.e.7126/click - {}
RESULT: {}
COMMAND: POST /session/87d62074a4cb28b4ac0fd763e82d6371/execute/async - {"script":"<script> [1562 bytes]","args":[{"selector":{"controlType":"sap.m.Input","viewName":"etm.portal.ui.manageclassifications.view.Create","viewId":"application-manageclassifications-display-component---classificationCreate","bindingPath":{"path":"/0","propertyPath":"PROPERTY","modelName":"newConfigModel"},"interaction":{"idSuffix":"inner"}},"wdio_ui5_key":"etmportal.ui.manageclassifications.view.Createsap.m.Input{\"path\":\"/0\",\"propertyPath\":\"PROPERTY\",\"modelName\":\"newConfigModel\"}"}]}
COMMAND: GET /session/87d62074a4cb28b4ac0fd763e82d6371/screenshot - {}
RESULT: {"script":"<script> [1562 bytes]","args":[{"selector":{"controlType":"sap.m.Input","viewName":"etm.portal.ui.manageclassifications.view.Create","viewId":"application-manageclassifications-display-component---classificationCreate","bindingPath":{"path":"/0","propertyPath":"PROPERTY","modelName":"newConfigModel"},"interaction":{"idSuffix":"inner"}},"wdio_ui5_key":"etmportal.ui.manageclassifications.view.Createsap.m.Input{\"path\":\"/0\",\"propertyPath\":\"PROPERTY\",\"modelName\":\"newConfigModel\"}"}]}
RESULT: undefined
COMMAND: POST /session/87d62074a4cb28b4ac0fd763e82d6371/execute/async - {"script":"<script> [776 bytes]","args":[{"enterText":"Color","selector":{"controlType":"sap.m.Input","viewName":"etm.portal.ui.manageclassifications.view.Create","viewId":"application-manageclassifications-display-component---classificationCreate","bindingPath":{"path":"/0","propertyPath":"PROPERTY","modelName":"newConfigModel"},"interaction":{"idSuffix":"inner"}},"clearTextFirst":true,"interactionType":"ENTER_TEXT"}]}
RESULT: {}
RESULT: {"script":"<script> [776 bytes]","args":[{"enterText":"Color","selector":{"controlType":"sap.m.Input","viewName":"etm.portal.ui.manageclassifications.view.Create","viewId":"application-manageclassifications-display-component---classificationCreate","bindingPath":{"path":"/0","propertyPath":"PROPERTY","modelName":"newConfigModel"},"interaction":{"idSuffix":"inner"}},"clearTextFirst":true,"interactionType":"ENTER_TEXT"}]}
COMMAND: POST /session/87d62074a4cb28b4ac0fd763e82d6371/execute/async - {"script":"<script> [1562 bytes]","args":[{"selector":{"controlType":"sap.m.Input","viewName":"etm.portal.ui.manageclassifications.view.Create","viewId":"application-manageclassifications-display-component---classificationCreate","bindingPath":{"path":"/0","propertyPath":"DESCRIPTION","modelName":"newConfigModel"},"interaction":{"idSuffix":"inner"}},"wdio_ui5_key":"etmportal.ui.manageclassifications.view.Createsap.m.Input{\"path\":\"/0\",\"propertyPath\":\"DESCRIPTION\",\"modelName\":\"newConfigModel\"}"}]}
RESULT: {"script":"<script> [1562 bytes]","args":[{"selector":{"controlType":"sap.m.Input","viewName":"etm.portal.ui.manageclassifications.view.Create","viewId":"application-manageclassifications-display-component---classificationCreate","bindingPath":{"path":"/0","propertyPath":"DESCRIPTION","modelName":"newConfigModel"},"interaction":{"idSuffix":"inner"}},"wdio_ui5_key":"etmportal.ui.manageclassifications.view.Createsap.m.Input{\"path\":\"/0\",\"propertyPath\":\"DESCRIPTION\",\"modelName\":\"newConfigModel\"}"}]}
RESULT: undefined
COMMAND: POST /session/87d62074a4cb28b4ac0fd763e82d6371/execute/async - {"script":"<script> [776 bytes]","args":[{"enterText":"Color","selector":{"controlType":"sap.m.Input","viewName":"etm.portal.ui.manageclassifications.view.Create","viewId":"application-manageclassifications-display-component---classificationCreate","bindingPath":{"path":"/0","propertyPath":"DESCRIPTION","modelName":"newConfigModel"},"interaction":{"idSuffix":"inner"}},"clearTextFirst":true,"interactionType":"ENTER_TEXT"}]}
RESULT: {"script":"<script> [776 bytes]","args":[{"enterText":"Color","selector":{"controlType":"sap.m.Input","viewName":"etm.portal.ui.manageclassifications.view.Create","viewId":"application-manageclassifications-display-component---classificationCreate","bindingPath":{"path":"/0","propertyPath":"DESCRIPTION","modelName":"newConfigModel"},"interaction":{"idSuffix":"inner"}},"clearTextFirst":true,"interactionType":"ENTER_TEXT"}]}
COMMAND: POST /session/87d62074a4cb28b4ac0fd763e82d6371/execute/async - {"script":"<script> [1562 bytes]","args":[{"selector":{"controlType":"sap.ui.core.Icon","viewName":"etm.portal.ui.manageclassifications.view.Create","viewId":"application-manageclassifications-display-component---classificationCreate","properties":{"src":{"regex":{"source":"slim\\-arrow\\-down"}}},"ancestor":{"controlType":"sap.m.ComboBox","viewName":"etm.portal.ui.manageclassifications.view.Create","viewId":"application-manageclassifications-display-component---classificationCreate","bindingPath":{"path":"/0","propertyPath":"VALUE_TYPE","modelName":"newConfigModel"}}},"wdio_ui5_key":"etmportal.ui.manageclassifications.view.Createsap.ui.core.Icon{\"src\":{\"regex\":{\"source\":\"slim\\\\-arrow\\\\-down\"}}}{\"controlType\":\"sap.m.ComboBox\",\"viewName\":\"etm.portal.ui.manageclassifications.view.Create\",\"viewId\":\"application-manageclassifications-display-component---classificationCreate\",\"bindingPath\":{\"path\":\"/0\",\"propertyPath\":\"VALUE_TYPE\",\"modelName\":\"newConfigModel\"}}"}]}
RESULT: {"script":"<script> [1562 bytes]","args":[{"selector":{"controlType":"sap.ui.core.Icon","viewName":"etm.portal.ui.manageclassifications.view.Create","viewId":"application-manageclassifications-display-component---classificationCreate","properties":{"src":{"regex":{"source":"slim\\-arrow\\-down"}}},"ancestor":{"controlType":"sap.m.ComboBox","viewName":"etm.portal.ui.manageclassifications.view.Create","viewId":"application-manageclassifications-display-component---classificationCreate","bindingPath":{"path":"/0","propertyPath":"VALUE_TYPE","modelName":"newConfigModel"}}},"wdio_ui5_key":"etmportal.ui.manageclassifications.view.Createsap.ui.core.Icon{\"src\":{\"regex\":{\"source\":\"slim\\\\-arrow\\\\-down\"}}}{\"controlType\":\"sap.m.ComboBox\",\"viewName\":\"etm.portal.ui.manageclassifications.view.Create\",\"viewId\":\"application-manageclassifications-display-component---classificationCreate\",\"bindingPath\":{\"path\":\"/0\",\"propertyPath\":\"VALUE_TYPE\",\"modelName\":\"newConfigModel\"}}"}]}
RESULT: undefined
COMMAND: POST /session/87d62074a4cb28b4ac0fd763e82d6371/element - {"using":"xpath","value":"//*[@id=\"__box13-application-manageclassifications-display-component---classificationCreate--configurationList-0-arrow\"]"}
RESULT: {"using":"xpath","value":"//*[@id=\"__box13-application-manageclassifications-display-component---classificationCreate--configurationList-0-arrow\"]"}
COMMAND: POST /session/87d62074a4cb28b4ac0fd763e82d6371/element/f.62693C2623AD3835EDB30C63D0026C38.d.A2C0222E48974CF897B4267D8AED7505.e.7172/click - {}
RESULT: {}
COMMAND: POST /session/87d62074a4cb28b4ac0fd763e82d6371/execute/async - {"script":"<script> [1562 bytes]","args":[{"selector":{"controlType":"sap.m.StandardListItem","viewName":"etm.portal.ui.manageclassifications.view.Create","viewId":"application-manageclassifications-display-component---classificationCreate","properties":{"title":"Dropdown"},"searchOpenDialogs":true,"interaction":{"idSuffix":"titleText"}},"wdio_ui5_key":"etmportal.ui.manageclassifications.view.Createsap.m.StandardListItem{\"title\":\"Dropdown\"}"}]}
COMMAND: GET /session/87d62074a4cb28b4ac0fd763e82d6371/screenshot - {}
RESULT: {"script":"<script> [1562 bytes]","args":[{"selector":{"controlType":"sap.m.StandardListItem","viewName":"etm.portal.ui.manageclassifications.view.Create","viewId":"application-manageclassifications-display-component---classificationCreate","properties":{"title":"Dropdown"},"searchOpenDialogs":true,"interaction":{"idSuffix":"titleText"}},"wdio_ui5_key":"etmportal.ui.manageclassifications.view.Createsap.m.StandardListItem{\"title\":\"Dropdown\"}"}]}
RESULT: undefined
COMMAND: POST /session/87d62074a4cb28b4ac0fd763e82d6371/element - {"using":"xpath","value":"//*[@id=\"__item96\"]"}
RESULT: {}
RESULT: {"using":"xpath","value":"//*[@id=\"__item96\"]"}
COMMAND: POST /session/87d62074a4cb28b4ac0fd763e82d6371/element/f.62693C2623AD3835EDB30C63D0026C38.d.A2C0222E48974CF897B4267D8AED7505.e.7174/click - {}
RESULT: {}
COMMAND: POST /session/87d62074a4cb28b4ac0fd763e82d6371/execute/async - {"script":"<script> [1562 bytes]","args":[{"selector":{"controlType":"sap.ui.core.Icon","viewName":"etm.portal.ui.manageclassifications.view.Create","viewId":"application-manageclassifications-display-component---classificationCreate","properties":{"src":{"regex":{"source":"crm\\-service\\-manager"}}}},"wdio_ui5_key":"etmportal.ui.manageclassifications.view.Createsap.ui.core.Icon{\"src\":{\"regex\":{\"source\":\"crm\\\\-service\\\\-manager\"}}}"}]}
COMMAND: GET /session/87d62074a4cb28b4ac0fd763e82d6371/screenshot - {}
RESULT: {"script":"<script> [1562 bytes]","args":[{"selector":{"controlType":"sap.ui.core.Icon","viewName":"etm.portal.ui.manageclassifications.view.Create","viewId":"application-manageclassifications-display-component---classificationCreate","properties":{"src":{"regex":{"source":"crm\\-service\\-manager"}}}},"wdio_ui5_key":"etmportal.ui.manageclassifications.view.Createsap.ui.core.Icon{\"src\":{\"regex\":{\"source\":\"crm\\\\-service\\\\-manager\"}}}"}]}
RESULT: undefined
COMMAND: POST /session/87d62074a4cb28b4ac0fd763e82d6371/element - {"using":"xpath","value":"//*[@id=\"__button34-application-manageclassifications-display-component---classificationCreate--configurationList-0-img\"]"}
RESULT: {}
RESULT: {"using":"xpath","value":"//*[@id=\"__button34-application-manageclassifications-display-component---classificationCreate--configurationList-0-img\"]"}
COMMAND: POST /session/87d62074a4cb28b4ac0fd763e82d6371/element/f.62693C2623AD3835EDB30C63D0026C38.d.A2C0222E48974CF897B4267D8AED7505.e.7176/click - {}
RESULT: {}
COMMAND: POST /session/87d62074a4cb28b4ac0fd763e82d6371/element - {"using":"xpath","value":"//button[@title=\"Add additional value\"]"}
COMMAND: GET /session/87d62074a4cb28b4ac0fd763e82d6371/screenshot - {}
RESULT: {"using":"xpath","value":"//button[@title=\"Add additional value\"]"}
COMMAND: POST /session/87d62074a4cb28b4ac0fd763e82d6371/element/f.62693C2623AD3835EDB30C63D0026C38.d.A2C0222E48974CF897B4267D8AED7505.e.7177/click - {}
RESULT: {}
RESULT: {}
COMMAND: POST /session/87d62074a4cb28b4ac0fd763e82d6371/execute/async - {"script":"<script> [1562 bytes]","args":[{"selector":{"controlType":"sap.m.Input","viewName":"etm.portal.ui.manageclassifications.view.Create","viewId":"application-manageclassifications-display-component---classificationCreate","bindingPath":{"path":"/VALUES/0","propertyPath":"VALUE","modelName":"dropdownValuesModel"},"searchOpenDialogs":true,"interaction":{"idSuffix":"inner"}},"wdio_ui5_key":"etmportal.ui.manageclassifications.view.Createsap.m.Input{\"path\":\"/VALUES/0\",\"propertyPath\":\"VALUE\",\"modelName\":\"dropdownValuesModel\"}"}]}
COMMAND: GET /session/87d62074a4cb28b4ac0fd763e82d6371/screenshot - {}
RESULT: {"script":"<script> [1562 bytes]","args":[{"selector":{"controlType":"sap.m.Input","viewName":"etm.portal.ui.manageclassifications.view.Create","viewId":"application-manageclassifications-display-component---classificationCreate","bindingPath":{"path":"/VALUES/0","propertyPath":"VALUE","modelName":"dropdownValuesModel"},"searchOpenDialogs":true,"interaction":{"idSuffix":"inner"}},"wdio_ui5_key":"etmportal.ui.manageclassifications.view.Createsap.m.Input{\"path\":\"/VALUES/0\",\"propertyPath\":\"VALUE\",\"modelName\":\"dropdownValuesModel\"}"}]}
RESULT: undefined
COMMAND: POST /session/87d62074a4cb28b4ac0fd763e82d6371/execute/async - {"script":"<script> [776 bytes]","args":[{"enterText":"1","selector":{"controlType":"sap.m.Input","viewName":"etm.portal.ui.manageclassifications.view.Create","viewId":"application-manageclassifications-display-component---classificationCreate","bindingPath":{"path":"/VALUES/0","propertyPath":"VALUE","modelName":"dropdownValuesModel"},"searchOpenDialogs":true,"interaction":{"idSuffix":"inner"}},"clearTextFirst":true,"interactionType":"ENTER_TEXT"}]}
RESULT: {}
RESULT: {"script":"<script> [776 bytes]","args":[{"enterText":"1","selector":{"controlType":"sap.m.Input","viewName":"etm.portal.ui.manageclassifications.view.Create","viewId":"application-manageclassifications-display-component---classificationCreate","bindingPath":{"path":"/VALUES/0","propertyPath":"VALUE","modelName":"dropdownValuesModel"},"searchOpenDialogs":true,"interaction":{"idSuffix":"inner"}},"clearTextFirst":true,"interactionType":"ENTER_TEXT"}]}
COMMAND: POST /session/87d62074a4cb28b4ac0fd763e82d6371/execute/async - {"script":"<script> [1562 bytes]","args":[{"selector":{"controlType":"sap.m.Input","viewName":"etm.portal.ui.manageclassifications.view.Create","viewId":"application-manageclassifications-display-component---classificationCreate","bindingPath":{"path":"/VALUES/0","propertyPath":"TEXT","modelName":"dropdownValuesModel"},"searchOpenDialogs":true,"interaction":{"idSuffix":"inner"}},"wdio_ui5_key":"etmportal.ui.manageclassifications.view.Createsap.m.Input{\"path\":\"/VALUES/0\",\"propertyPath\":\"TEXT\",\"modelName\":\"dropdownValuesModel\"}"}]}
RESULT: {"script":"<script> [1562 bytes]","args":[{"selector":{"controlType":"sap.m.Input","viewName":"etm.portal.ui.manageclassifications.view.Create","viewId":"application-manageclassifications-display-component---classificationCreate","bindingPath":{"path":"/VALUES/0","propertyPath":"TEXT","modelName":"dropdownValuesModel"},"searchOpenDialogs":true,"interaction":{"idSuffix":"inner"}},"wdio_ui5_key":"etmportal.ui.manageclassifications.view.Createsap.m.Input{\"path\":\"/VALUES/0\",\"propertyPath\":\"TEXT\",\"modelName\":\"dropdownValuesModel\"}"}]}
RESULT: undefined
COMMAND: POST /session/87d62074a4cb28b4ac0fd763e82d6371/execute/async - {"script":"<script> [776 bytes]","args":[{"enterText":"blue","selector":{"controlType":"sap.m.Input","viewName":"etm.portal.ui.manageclassifications.view.Create","viewId":"application-manageclassifications-display-component---classificationCreate","bindingPath":{"path":"/VALUES/0","propertyPath":"TEXT","modelName":"dropdownValuesModel"},"searchOpenDialogs":true,"interaction":{"idSuffix":"inner"}},"clearTextFirst":true,"interactionType":"ENTER_TEXT"}]}
RESULT: {"script":"<script> [776 bytes]","args":[{"enterText":"blue","selector":{"controlType":"sap.m.Input","viewName":"etm.portal.ui.manageclassifications.view.Create","viewId":"application-manageclassifications-display-component---classificationCreate","bindingPath":{"path":"/VALUES/0","propertyPath":"TEXT","modelName":"dropdownValuesModel"},"searchOpenDialogs":true,"interaction":{"idSuffix":"inner"}},"clearTextFirst":true,"interactionType":"ENTER_TEXT"}]}
COMMAND: POST /session/87d62074a4cb28b4ac0fd763e82d6371/element - {"using":"xpath","value":"//button[@title=\"Add additional value\"]"}
RESULT: {"using":"xpath","value":"//button[@title=\"Add additional value\"]"}
COMMAND: POST /session/87d62074a4cb28b4ac0fd763e82d6371/element/f.62693C2623AD3835EDB30C63D0026C38.d.A2C0222E48974CF897B4267D8AED7505.e.7177/click - {}
RESULT: {}
COMMAND: POST /session/87d62074a4cb28b4ac0fd763e82d6371/execute/async - {"script":"<script> [1562 bytes]","args":[{"selector":{"controlType":"sap.m.Input","viewName":"etm.portal.ui.manageclassifications.view.Create","viewId":"application-manageclassifications-display-component---classificationCreate","bindingPath":{"path":"/VALUES/1","propertyPath":"VALUE","modelName":"dropdownValuesModel"},"searchOpenDialogs":true,"interaction":{"idSuffix":"inner"}},"wdio_ui5_key":"etmportal.ui.manageclassifications.view.Createsap.m.Input{\"path\":\"/VALUES/1\",\"propertyPath\":\"VALUE\",\"modelName\":\"dropdownValuesModel\"}"}]}
COMMAND: GET /session/87d62074a4cb28b4ac0fd763e82d6371/screenshot - {}
RESULT: {"script":"<script> [1562 bytes]","args":[{"selector":{"controlType":"sap.m.Input","viewName":"etm.portal.ui.manageclassifications.view.Create","viewId":"application-manageclassifications-display-component---classificationCreate","bindingPath":{"path":"/VALUES/1","propertyPath":"VALUE","modelName":"dropdownValuesModel"},"searchOpenDialogs":true,"interaction":{"idSuffix":"inner"}},"wdio_ui5_key":"etmportal.ui.manageclassifications.view.Createsap.m.Input{\"path\":\"/VALUES/1\",\"propertyPath\":\"VALUE\",\"modelName\":\"dropdownValuesModel\"}"}]}
RESULT: undefined
COMMAND: POST /session/87d62074a4cb28b4ac0fd763e82d6371/execute/async - {"script":"<script> [776 bytes]","args":[{"enterText":"2","selector":{"controlType":"sap.m.Input","viewName":"etm.portal.ui.manageclassifications.view.Create","viewId":"application-manageclassifications-display-component---classificationCreate","bindingPath":{"path":"/VALUES/1","propertyPath":"VALUE","modelName":"dropdownValuesModel"},"searchOpenDialogs":true,"interaction":{"idSuffix":"inner"}},"clearTextFirst":true,"interactionType":"ENTER_TEXT"}]}
RESULT: {}
RESULT: {"script":"<script> [776 bytes]","args":[{"enterText":"2","selector":{"controlType":"sap.m.Input","viewName":"etm.portal.ui.manageclassifications.view.Create","viewId":"application-manageclassifications-display-component---classificationCreate","bindingPath":{"path":"/VALUES/1","propertyPath":"VALUE","modelName":"dropdownValuesModel"},"searchOpenDialogs":true,"interaction":{"idSuffix":"inner"}},"clearTextFirst":true,"interactionType":"ENTER_TEXT"}]}
COMMAND: POST /session/87d62074a4cb28b4ac0fd763e82d6371/execute/async - {"script":"<script> [1562 bytes]","args":[{"selector":{"controlType":"sap.m.Input","viewName":"etm.portal.ui.manageclassifications.view.Create","viewId":"application-manageclassifications-display-component---classificationCreate","bindingPath":{"path":"/VALUES/1","propertyPath":"TEXT","modelName":"dropdownValuesModel"},"searchOpenDialogs":true,"interaction":{"idSuffix":"inner"}},"wdio_ui5_key":"etmportal.ui.manageclassifications.view.Createsap.m.Input{\"path\":\"/VALUES/1\",\"propertyPath\":\"TEXT\",\"modelName\":\"dropdownValuesModel\"}"}]}
RESULT: {"script":"<script> [1562 bytes]","args":[{"selector":{"controlType":"sap.m.Input","viewName":"etm.portal.ui.manageclassifications.view.Create","viewId":"application-manageclassifications-display-component---classificationCreate","bindingPath":{"path":"/VALUES/1","propertyPath":"TEXT","modelName":"dropdownValuesModel"},"searchOpenDialogs":true,"interaction":{"idSuffix":"inner"}},"wdio_ui5_key":"etmportal.ui.manageclassifications.view.Createsap.m.Input{\"path\":\"/VALUES/1\",\"propertyPath\":\"TEXT\",\"modelName\":\"dropdownValuesModel\"}"}]}
RESULT: undefined
COMMAND: POST /session/87d62074a4cb28b4ac0fd763e82d6371/execute/async - {"script":"<script> [776 bytes]","args":[{"enterText":"red","selector":{"controlType":"sap.m.Input","viewName":"etm.portal.ui.manageclassifications.view.Create","viewId":"application-manageclassifications-display-component---classificationCreate","bindingPath":{"path":"/VALUES/1","propertyPath":"TEXT","modelName":"dropdownValuesModel"},"searchOpenDialogs":true,"interaction":{"idSuffix":"inner"}},"clearTextFirst":true,"interactionType":"ENTER_TEXT"}]}
RESULT: {"script":"<script> [776 bytes]","args":[{"enterText":"red","selector":{"controlType":"sap.m.Input","viewName":"etm.portal.ui.manageclassifications.view.Create","viewId":"application-manageclassifications-display-component---classificationCreate","bindingPath":{"path":"/VALUES/1","propertyPath":"TEXT","modelName":"dropdownValuesModel"},"searchOpenDialogs":true,"interaction":{"idSuffix":"inner"}},"clearTextFirst":true,"interactionType":"ENTER_TEXT"}]}
COMMAND: POST /session/87d62074a4cb28b4ac0fd763e82d6371/execute/async - {"script":"<script> [1562 bytes]","args":[{"selector":{"controlType":"sap.m.Button","viewName":"etm.portal.ui.manageclassifications.view.Create","viewId":"application-manageclassifications-display-component---classificationCreate","i18NText":{"propertyName":"text","key":"save"},"searchOpenDialogs":true,"interaction":{"idSuffix":"BDI-content"}},"wdio_ui5_key":"etmportal.ui.manageclassifications.view.Createsap.m.Button{\"propertyName\":\"text\",\"key\":\"save\"}"}]}
RESULT: {"script":"<script> [1562 bytes]","args":[{"selector":{"controlType":"sap.m.Button","viewName":"etm.portal.ui.manageclassifications.view.Create","viewId":"application-manageclassifications-display-component---classificationCreate","i18NText":{"propertyName":"text","key":"save"},"searchOpenDialogs":true,"interaction":{"idSuffix":"BDI-content"}},"wdio_ui5_key":"etmportal.ui.manageclassifications.view.Createsap.m.Button{\"propertyName\":\"text\",\"key\":\"save\"}"}]}
RESULT: undefined
COMMAND: POST /session/87d62074a4cb28b4ac0fd763e82d6371/element - {"using":"xpath","value":"//*[@id=\"__button44\"]"}
RESULT: {"using":"xpath","value":"//*[@id=\"__button44\"]"}
COMMAND: POST /session/87d62074a4cb28b4ac0fd763e82d6371/element/f.62693C2623AD3835EDB30C63D0026C38.d.A2C0222E48974CF897B4267D8AED7505.e.7197/click - {}
RESULT: {}
COMMAND: GET /session/87d62074a4cb28b4ac0fd763e82d6371/screenshot - {}
RESULT: {}
COMMAND: POST /session/87d62074a4cb28b4ac0fd763e82d6371/element - {"using":"xpath","value":"//button[@title=\"Save\"]"}
RESULT: {"using":"xpath","value":"//button[@title=\"Save\"]"}
COMMAND: POST /session/87d62074a4cb28b4ac0fd763e82d6371/element/f.62693C2623AD3835EDB30C63D0026C38.d.A2C0222E48974CF897B4267D8AED7505.e.7134/click - {}
RESULT: {}
COMMAND: GET /session/87d62074a4cb28b4ac0fd763e82d6371/screenshot - {}
RESULT: {}
COMMAND: POST /session/87d62074a4cb28b4ac0fd763e82d6371/execute/async - {"script":"<script> [1562 bytes]","args":[{"selector":{"id":"application-manageclassifications-display-component---classificationMaster--smartFilterBar-btnBasicSearch","interaction":{"idSuffix":"I"}},"wdio_ui5_key":"applicationmanageclassifications-display-component---classificationMaster--smartFilterBar-btnBasicSearch"}]}
RESULT: {"script":"<script> [1562 bytes]","args":[{"selector":{"id":"application-manageclassifications-display-component---classificationMaster--smartFilterBar-btnBasicSearch","interaction":{"idSuffix":"I"}},"wdio_ui5_key":"applicationmanageclassifications-display-component---classificationMaster--smartFilterBar-btnBasicSearch"}]}
RESULT: undefined
COMMAND: POST /session/87d62074a4cb28b4ac0fd763e82d6371/execute/async - {"script":"<script> [776 bytes]","args":[{"enterText":"WebdriverItemClassx5h2ei","selector":{"id":"application-manageclassifications-display-component---classificationMaster--smartFilterBar-btnBasicSearch","interaction":{"idSuffix":"I"}},"clearTextFirst":true,"interactionType":"ENTER_TEXT"}]}
RESULT: {"script":"<script> [776 bytes]","args":[{"enterText":"WebdriverItemClassx5h2ei","selector":{"id":"application-manageclassifications-display-component---classificationMaster--smartFilterBar-btnBasicSearch","interaction":{"idSuffix":"I"}},"clearTextFirst":true,"interactionType":"ENTER_TEXT"}]}
COMMAND: POST /session/87d62074a4cb28b4ac0fd763e82d6371/actions - {"actions":[{"id":"action47","type":"key","parameters":{},"actions":[{"type":"keyDown","value":""},{"type":"pause","duration":10},{"type":"keyUp","value":""}]}]}
RESULT: {"actions":[{"id":"action47","type":"key","parameters":{},"actions":[{"type":"keyDown","value":""},{"type":"pause","duration":10},{"type":"keyUp","value":""}]}]}
COMMAND: POST /session/87d62074a4cb28b4ac0fd763e82d6371/execute/async - {"script":"<script> [1562 bytes]","args":[{"selector":{"id":"application-manageclassifications-display-component---classificationMaster--smartTable-header"},"wdio_ui5_key":"applicationmanageclassifications-display-component---classificationMaster--smartTable-header"}]}
COMMAND: GET /session/87d62074a4cb28b4ac0fd763e82d6371/screenshot - {}
RESULT: {"script":"<script> [1562 bytes]","args":[{"selector":{"id":"application-manageclassifications-display-component---classificationMaster--smartTable-header"},"wdio_ui5_key":"applicationmanageclassifications-display-component---classificationMaster--smartTable-header"}]}
RESULT: undefined
COMMAND: POST /session/87d62074a4cb28b4ac0fd763e82d6371/execute/async - {"script":"<script> [6424 bytes]","args":[{"element-6066-11e4-a52e-4f735466cecf":"f.62693C2623AD3835EDB30C63D0026C38.d.A2C0222E48974CF897B4267D8AED7505.e.7363"},"getText",[]]}
RESULT: {}
RESULT: {"script":"<script> [6424 bytes]","args":[{"element-6066-11e4-a52e-4f735466cecf":"f.62693C2623AD3835EDB30C63D0026C38.d.A2C0222E48974CF897B4267D8AED7505.e.7363"},"getText",[]]}
COMMAND: POST /session/87d62074a4cb28b4ac0fd763e82d6371/element - {"using":"css selector","value":"#shell-header-logo"}
RESULT: {"using":"css selector","value":"#shell-header-logo"}
COMMAND: POST /session/87d62074a4cb28b4ac0fd763e82d6371/element/f.62693C2623AD3835EDB30C63D0026C38.d.A2C0222E48974CF897B4267D8AED7505.e.6810/click - {}
RESULT: {}
COMMAND: GET /session/87d62074a4cb28b4ac0fd763e82d6371/screenshot - {}
RESULT: {}
]]></system-out>
    </testcase>
    <testcase classname="chrome.137_0_7151_69.windows.Manage_requests_-_requests_specifications_US141095" name="Should create a new section and a catalog item" time="140.045">
      <system-out><![CDATA[
COMMAND: POST /session/87d62074a4cb28b4ac0fd763e82d6371/execute/async - {"script":"<script> [1562 bytes]","args":[{"selector":{"controlType":"sap.m.GenericTile","properties":{"header":"Manage Catalogs"}},"wdio_ui5_key":"sapm.GenericTile{\"header\":\"Manage Catalogs\"}"}]}
RESULT: {"script":"<script> [1562 bytes]","args":[{"selector":{"controlType":"sap.m.GenericTile","properties":{"header":"Manage Catalogs"}},"wdio_ui5_key":"sapm.GenericTile{\"header\":\"Manage Catalogs\"}"}]}
RESULT: undefined
COMMAND: POST /session/87d62074a4cb28b4ac0fd763e82d6371/element - {"using":"xpath","value":"//*[@id=\"__tile38\"]"}
RESULT: {"using":"xpath","value":"//*[@id=\"__tile38\"]"}
COMMAND: POST /session/87d62074a4cb28b4ac0fd763e82d6371/element/f.62693C2623AD3835EDB30C63D0026C38.d.A2C0222E48974CF897B4267D8AED7505.e.7367/click - {}
RESULT: {}
COMMAND: GET /session/87d62074a4cb28b4ac0fd763e82d6371/screenshot - {}
RESULT: {}
COMMAND: POST /session/87d62074a4cb28b4ac0fd763e82d6371/elements - {"using":"xpath","value":"//span[text()='Error']"}
RESULT: {"using":"xpath","value":"//span[text()='Error']"}
COMMAND: POST /session/87d62074a4cb28b4ac0fd763e82d6371/execute/async - {"script":"<script> [1562 bytes]","args":[{"selector":{"controlType":"sap.m.Text","viewName":"etm.portal.ui.managecatalogs.view.MasterCatalogs","viewId":"application-managecatalogs-display-component---masterCatalogs","bindingPath":{"path":"/Catalogs('0D7502D073D53A0F1700BE067B89AFF9')","propertyPath":"DESCRIPTION","modelName":"catalogModel"}},"wdio_ui5_key":"etmportal.ui.managecatalogs.view.MasterCatalogssap.m.Text{\"path\":\"/Catalogs('0D7502D073D53A0F1700BE067B89AFF9')\",\"propertyPath\":\"DESCRIPTION\",\"modelName\":\"catalogModel\"}"}]}
RESULT: {"script":"<script> [1562 bytes]","args":[{"selector":{"controlType":"sap.m.Text","viewName":"etm.portal.ui.managecatalogs.view.MasterCatalogs","viewId":"application-managecatalogs-display-component---masterCatalogs","bindingPath":{"path":"/Catalogs('0D7502D073D53A0F1700BE067B89AFF9')","propertyPath":"DESCRIPTION","modelName":"catalogModel"}},"wdio_ui5_key":"etmportal.ui.managecatalogs.view.MasterCatalogssap.m.Text{\"path\":\"/Catalogs('0D7502D073D53A0F1700BE067B89AFF9')\",\"propertyPath\":\"DESCRIPTION\",\"modelName\":\"catalogModel\"}"}]}
RESULT: undefined
COMMAND: POST /session/87d62074a4cb28b4ac0fd763e82d6371/element - {"using":"xpath","value":"//*[@id=\"__text434-application-managecatalogs-display-component---masterCatalogs--CatalogsTable-11\"]"}
RESULT: {"using":"xpath","value":"//*[@id=\"__text434-application-managecatalogs-display-component---masterCatalogs--CatalogsTable-11\"]"}
COMMAND: POST /session/87d62074a4cb28b4ac0fd763e82d6371/element/f.62693C2623AD3835EDB30C63D0026C38.d.A2C0222E48974CF897B4267D8AED7505.e.7435/click - {}
RESULT: {}
COMMAND: POST /session/87d62074a4cb28b4ac0fd763e82d6371/execute/async - {"script":"<script> [1562 bytes]","args":[{"selector":{"controlType":"sap.ui.layout.HorizontalLayout","viewName":"etm.portal.ui.managecatalogs.view.MasterItems","viewId":"application-managecatalogs-display-component---masterCatalogItems","ancestor":{"id":"application-managecatalogs-display-component---masterCatalogItems--idCatalogItemsTree-rows-row0"}},"wdio_ui5_key":"etmportal.ui.managecatalogs.view.MasterItemssap.ui.layout.HorizontalLayout{\"id\":\"application-managecatalogs-display-component---masterCatalogItems--idCatalogItemsTree-rows-row0\"}"}]}
COMMAND: GET /session/87d62074a4cb28b4ac0fd763e82d6371/screenshot - {}
RESULT: {"script":"<script> [1562 bytes]","args":[{"selector":{"controlType":"sap.ui.layout.HorizontalLayout","viewName":"etm.portal.ui.managecatalogs.view.MasterItems","viewId":"application-managecatalogs-display-component---masterCatalogItems","ancestor":{"id":"application-managecatalogs-display-component---masterCatalogItems--idCatalogItemsTree-rows-row0"}},"wdio_ui5_key":"etmportal.ui.managecatalogs.view.MasterItemssap.ui.layout.HorizontalLayout{\"id\":\"application-managecatalogs-display-component---masterCatalogItems--idCatalogItemsTree-rows-row0\"}"}]}
RESULT: undefined
COMMAND: POST /session/87d62074a4cb28b4ac0fd763e82d6371/element - {"using":"xpath","value":"//*[@id=\"__layout40-__clone392\"]"}
RESULT: {}
RESULT: {"using":"xpath","value":"//*[@id=\"__layout40-__clone392\"]"}
COMMAND: POST /session/87d62074a4cb28b4ac0fd763e82d6371/element/f.62693C2623AD3835EDB30C63D0026C38.d.A2C0222E48974CF897B4267D8AED7505.e.7446/click - {}
RESULT: {}
COMMAND: GET /session/87d62074a4cb28b4ac0fd763e82d6371/screenshot - {}
COMMAND: POST /session/87d62074a4cb28b4ac0fd763e82d6371/execute/async - {"script":"<script> [1562 bytes]","args":[{"selector":{"controlType":"sap.m.Button","viewName":"etm.portal.ui.managecatalogs.view.Detail","viewId":"application-managecatalogs-display-component---detailCatalog","i18NText":{"propertyName":"text","key":"edit"},"interaction":{"idSuffix":"BDI-content"}},"wdio_ui5_key":"etmportal.ui.managecatalogs.view.Detailsap.m.Button{\"propertyName\":\"text\",\"key\":\"edit\"}"}]}
RESULT: {}
RESULT: {"script":"<script> [1562 bytes]","args":[{"selector":{"controlType":"sap.m.Button","viewName":"etm.portal.ui.managecatalogs.view.Detail","viewId":"application-managecatalogs-display-component---detailCatalog","i18NText":{"propertyName":"text","key":"edit"},"interaction":{"idSuffix":"BDI-content"}},"wdio_ui5_key":"etmportal.ui.managecatalogs.view.Detailsap.m.Button{\"propertyName\":\"text\",\"key\":\"edit\"}"}]}
RESULT: undefined
COMMAND: POST /session/87d62074a4cb28b4ac0fd763e82d6371/element - {"using":"xpath","value":"//*[@id=\"__button88\"]"}
RESULT: {"using":"xpath","value":"//*[@id=\"__button88\"]"}
COMMAND: POST /session/87d62074a4cb28b4ac0fd763e82d6371/element/f.62693C2623AD3835EDB30C63D0026C38.d.A2C0222E48974CF897B4267D8AED7505.e.7557/click - {}
RESULT: {}
COMMAND: GET /session/87d62074a4cb28b4ac0fd763e82d6371/screenshot - {}
RESULT: {}
RESULT: undefined
RESULT: undefined
COMMAND: POST /session/87d62074a4cb28b4ac0fd763e82d6371/element - {"using":"xpath","value":"//bdi[contains(text(), \"Unlock\")]"}
RESULT: {"using":"xpath","value":"//bdi[contains(text(), \"Unlock\")]"}
COMMAND: POST /session/87d62074a4cb28b4ac0fd763e82d6371/elements - {"using":"xpath","value":"//bdi[contains(text(), \"Unlock\")]"}
RESULT: {"using":"xpath","value":"//bdi[contains(text(), \"Unlock\")]"}
COMMAND: POST /session/87d62074a4cb28b4ac0fd763e82d6371/execute/async - {"script":"<script> [1562 bytes]","args":[{"selector":{"controlType":"sap.ui.core.Icon","viewName":"etm.portal.ui.managecatalogs.view.Detail","viewId":"application-managecatalogs-display-component---detailCatalog","properties":{"src":{"regex":{"source":"add\\-folder"}}}},"wdio_ui5_key":"etmportal.ui.managecatalogs.view.Detailsap.ui.core.Icon{\"src\":{\"regex\":{\"source\":\"add\\\\-folder\"}}}"}]}
RESULT: {"script":"<script> [1562 bytes]","args":[{"selector":{"controlType":"sap.ui.core.Icon","viewName":"etm.portal.ui.managecatalogs.view.Detail","viewId":"application-managecatalogs-display-component---detailCatalog","properties":{"src":{"regex":{"source":"add\\-folder"}}}},"wdio_ui5_key":"etmportal.ui.managecatalogs.view.Detailsap.ui.core.Icon{\"src\":{\"regex\":{\"source\":\"add\\\\-folder\"}}}"}]}
RESULT: undefined
COMMAND: POST /session/87d62074a4cb28b4ac0fd763e82d6371/element - {"using":"xpath","value":"//*[@id=\"__button96-img\"]"}
RESULT: {"using":"xpath","value":"//*[@id=\"__button96-img\"]"}
COMMAND: POST /session/87d62074a4cb28b4ac0fd763e82d6371/element/f.62693C2623AD3835EDB30C63D0026C38.d.A2C0222E48974CF897B4267D8AED7505.e.7566/click - {}
RESULT: {}
COMMAND: GET /session/87d62074a4cb28b4ac0fd763e82d6371/screenshot - {}
RESULT: {}
COMMAND: POST /session/87d62074a4cb28b4ac0fd763e82d6371/execute/async - {"script":"<script> [1562 bytes]","args":[{"selector":{"id":"application-managecatalogs-display-component---detailCatalog--numberInput","searchOpenDialogs":true,"interaction":{"idSuffix":"inner"}},"wdio_ui5_key":"applicationmanagecatalogs-display-component---detailCatalog--numberInput"}]}
RESULT: {"script":"<script> [1562 bytes]","args":[{"selector":{"id":"application-managecatalogs-display-component---detailCatalog--numberInput","searchOpenDialogs":true,"interaction":{"idSuffix":"inner"}},"wdio_ui5_key":"applicationmanagecatalogs-display-component---detailCatalog--numberInput"}]}
RESULT: undefined
COMMAND: POST /session/87d62074a4cb28b4ac0fd763e82d6371/execute/async - {"script":"<script> [776 bytes]","args":[{"enterText":"Sectionyb1du","selector":{"id":"application-managecatalogs-display-component---detailCatalog--numberInput","searchOpenDialogs":true,"interaction":{"idSuffix":"inner"}},"clearTextFirst":true,"interactionType":"ENTER_TEXT"}]}
RESULT: {"script":"<script> [776 bytes]","args":[{"enterText":"Sectionyb1du","selector":{"id":"application-managecatalogs-display-component---detailCatalog--numberInput","searchOpenDialogs":true,"interaction":{"idSuffix":"inner"}},"clearTextFirst":true,"interactionType":"ENTER_TEXT"}]}
COMMAND: POST /session/87d62074a4cb28b4ac0fd763e82d6371/element - {"using":"css selector","value":"#application-managecatalogs-display-component---detailCatalog--nameInput-inner"}
RESULT: {"using":"css selector","value":"#application-managecatalogs-display-component---detailCatalog--nameInput-inner"}
COMMAND: POST /session/87d62074a4cb28b4ac0fd763e82d6371/elements - {"using":"css selector","value":"#application-managecatalogs-display-component---detailCatalog--nameInput-inner"}
RESULT: {"using":"css selector","value":"#application-managecatalogs-display-component---detailCatalog--nameInput-inner"}
COMMAND: POST /session/87d62074a4cb28b4ac0fd763e82d6371/element/f.62693C2623AD3835EDB30C63D0026C38.d.A2C0222E48974CF897B4267D8AED7505.e.7570/clear - {}
RESULT: {}
COMMAND: POST /session/87d62074a4cb28b4ac0fd763e82d6371/element/f.62693C2623AD3835EDB30C63D0026C38.d.A2C0222E48974CF897B4267D8AED7505.e.7570/value - {"text":"Webdriverve3uo"}
COMMAND: GET /session/87d62074a4cb28b4ac0fd763e82d6371/screenshot - {}
RESULT: {"text":"Webdriverve3uo"}
COMMAND: POST /session/87d62074a4cb28b4ac0fd763e82d6371/execute/async - {"script":"<script> [1562 bytes]","args":[{"selector":{"controlType":"sap.m.Button","viewName":"etm.portal.ui.managecatalogs.view.Detail","viewId":"application-managecatalogs-display-component---detailCatalog","i18NText":{"propertyName":"text","key":"create"},"searchOpenDialogs":true,"interaction":{"idSuffix":"BDI-content"}},"wdio_ui5_key":"etmportal.ui.managecatalogs.view.Detailsap.m.Button{\"propertyName\":\"text\",\"key\":\"create\"}"}]}
COMMAND: GET /session/87d62074a4cb28b4ac0fd763e82d6371/screenshot - {}
RESULT: {}
RESULT: {"script":"<script> [1562 bytes]","args":[{"selector":{"controlType":"sap.m.Button","viewName":"etm.portal.ui.managecatalogs.view.Detail","viewId":"application-managecatalogs-display-component---detailCatalog","i18NText":{"propertyName":"text","key":"create"},"searchOpenDialogs":true,"interaction":{"idSuffix":"BDI-content"}},"wdio_ui5_key":"etmportal.ui.managecatalogs.view.Detailsap.m.Button{\"propertyName\":\"text\",\"key\":\"create\"}"}]}
RESULT: undefined
COMMAND: POST /session/87d62074a4cb28b4ac0fd763e82d6371/element - {"using":"xpath","value":"//*[@id=\"__button66\"]"}
RESULT: {}
RESULT: {"using":"xpath","value":"//*[@id=\"__button66\"]"}
COMMAND: POST /session/87d62074a4cb28b4ac0fd763e82d6371/element/f.62693C2623AD3835EDB30C63D0026C38.d.A2C0222E48974CF897B4267D8AED7505.e.7575/click - {}
RESULT: {}
COMMAND: GET /session/87d62074a4cb28b4ac0fd763e82d6371/screenshot - {}
RESULT: {}
COMMAND: POST /session/87d62074a4cb28b4ac0fd763e82d6371/element - {"using":"xpath","value":"//button[@title=\"Save\"]"}
RESULT: {"using":"xpath","value":"//button[@title=\"Save\"]"}
COMMAND: POST /session/87d62074a4cb28b4ac0fd763e82d6371/element/f.62693C2623AD3835EDB30C63D0026C38.d.A2C0222E48974CF897B4267D8AED7505.e.7576/click - {}
RESULT: {}
COMMAND: POST /session/87d62074a4cb28b4ac0fd763e82d6371/execute/async - {"script":"<script> [1562 bytes]","args":[{"selector":{"controlType":"sap.ui.core.Icon","viewName":"etm.portal.ui.managecatalogs.view.Detail","viewId":"application-managecatalogs-display-component---detailCatalog","properties":{"src":{"regex":{"source":"decline"}}}},"wdio_ui5_key":"etmportal.ui.managecatalogs.view.Detailsap.ui.core.Icon{\"src\":{\"regex\":{\"source\":\"decline\"}}}"}]}
COMMAND: GET /session/87d62074a4cb28b4ac0fd763e82d6371/screenshot - {}
RESULT: {"script":"<script> [1562 bytes]","args":[{"selector":{"controlType":"sap.ui.core.Icon","viewName":"etm.portal.ui.managecatalogs.view.Detail","viewId":"application-managecatalogs-display-component---detailCatalog","properties":{"src":{"regex":{"source":"decline"}}}},"wdio_ui5_key":"etmportal.ui.managecatalogs.view.Detailsap.ui.core.Icon{\"src\":{\"regex\":{\"source\":\"decline\"}}}"}]}
RESULT: undefined
COMMAND: POST /session/87d62074a4cb28b4ac0fd763e82d6371/element - {"using":"xpath","value":"//*[@id=\"__button91-img\"]"}
RESULT: {}
RESULT: {"using":"xpath","value":"//*[@id=\"__button91-img\"]"}
COMMAND: POST /session/87d62074a4cb28b4ac0fd763e82d6371/element/f.62693C2623AD3835EDB30C63D0026C38.d.A2C0222E48974CF897B4267D8AED7505.e.7581/click - {}
RESULT: {}
COMMAND: GET /session/87d62074a4cb28b4ac0fd763e82d6371/screenshot - {}
RESULT: {}
COMMAND: POST /session/87d62074a4cb28b4ac0fd763e82d6371/execute/async - {"script":"<script> [1562 bytes]","args":[{"selector":{"controlType":"sap.ui.core.Icon","viewName":"etm.portal.ui.managecatalogs.view.MasterItems","viewId":"application-managecatalogs-display-component---masterCatalogItems","properties":{"src":{"regex":{"source":"refresh"}}}},"wdio_ui5_key":"etmportal.ui.managecatalogs.view.MasterItemssap.ui.core.Icon{\"src\":{\"regex\":{\"source\":\"refresh\"}}}"}]}
RESULT: {"script":"<script> [1562 bytes]","args":[{"selector":{"controlType":"sap.ui.core.Icon","viewName":"etm.portal.ui.managecatalogs.view.MasterItems","viewId":"application-managecatalogs-display-component---masterCatalogItems","properties":{"src":{"regex":{"source":"refresh"}}}},"wdio_ui5_key":"etmportal.ui.managecatalogs.view.MasterItemssap.ui.core.Icon{\"src\":{\"regex\":{\"source\":\"refresh\"}}}"}]}
RESULT: undefined
COMMAND: POST /session/87d62074a4cb28b4ac0fd763e82d6371/element - {"using":"xpath","value":"//*[@id=\"__button64-img\"]"}
RESULT: {"using":"xpath","value":"//*[@id=\"__button64-img\"]"}
COMMAND: POST /session/87d62074a4cb28b4ac0fd763e82d6371/element/f.62693C2623AD3835EDB30C63D0026C38.d.A2C0222E48974CF897B4267D8AED7505.e.7614/click - {}
RESULT: {}
COMMAND: POST /session/87d62074a4cb28b4ac0fd763e82d6371/execute/async - {"script":"<script> [1562 bytes]","args":[{"selector":{"id":"application-managecatalogs-display-component---masterCatalogItems--searchItemsField","interaction":{"idSuffix":"I"}},"wdio_ui5_key":"applicationmanagecatalogs-display-component---masterCatalogItems--searchItemsField"}]}
COMMAND: GET /session/87d62074a4cb28b4ac0fd763e82d6371/screenshot - {}
RESULT: {"script":"<script> [1562 bytes]","args":[{"selector":{"id":"application-managecatalogs-display-component---masterCatalogItems--searchItemsField","interaction":{"idSuffix":"I"}},"wdio_ui5_key":"applicationmanagecatalogs-display-component---masterCatalogItems--searchItemsField"}]}
RESULT: undefined
COMMAND: POST /session/87d62074a4cb28b4ac0fd763e82d6371/execute/async - {"script":"<script> [776 bytes]","args":[{"enterText":"Webdriverve3uo","selector":{"id":"application-managecatalogs-display-component---masterCatalogItems--searchItemsField","interaction":{"idSuffix":"I"}},"clearTextFirst":true,"interactionType":"ENTER_TEXT"}]}
RESULT: {}
RESULT: {"script":"<script> [776 bytes]","args":[{"enterText":"Webdriverve3uo","selector":{"id":"application-managecatalogs-display-component---masterCatalogItems--searchItemsField","interaction":{"idSuffix":"I"}},"clearTextFirst":true,"interactionType":"ENTER_TEXT"}]}
COMMAND: POST /session/87d62074a4cb28b4ac0fd763e82d6371/actions - {"actions":[{"id":"action48","type":"key","parameters":{},"actions":[{"type":"keyDown","value":""},{"type":"pause","duration":10},{"type":"keyUp","value":""}]}]}
RESULT: {"actions":[{"id":"action48","type":"key","parameters":{},"actions":[{"type":"keyDown","value":""},{"type":"pause","duration":10},{"type":"keyUp","value":""}]}]}
COMMAND: POST /session/87d62074a4cb28b4ac0fd763e82d6371/element - {"using":"xpath","value":"(//span[contains(text(), \"Webdriverve3uo\")])[1]"}
COMMAND: GET /session/87d62074a4cb28b4ac0fd763e82d6371/screenshot - {}
RESULT: {"using":"xpath","value":"(//span[contains(text(), \"Webdriverve3uo\")])[1]"}
COMMAND: POST /session/87d62074a4cb28b4ac0fd763e82d6371/element/f.62693C2623AD3835EDB30C63D0026C38.d.A2C0222E48974CF897B4267D8AED7505.e.7617/click - {}
RESULT: {}
RESULT: {}
COMMAND: GET /session/87d62074a4cb28b4ac0fd763e82d6371/screenshot - {}
RESULT: {}
RESULT: undefined
COMMAND: POST /session/87d62074a4cb28b4ac0fd763e82d6371/element - {"using":"xpath","value":"//*[@id=\"__button88\"]"}
RESULT: {"using":"xpath","value":"//*[@id=\"__button88\"]"}
COMMAND: POST /session/87d62074a4cb28b4ac0fd763e82d6371/element/f.62693C2623AD3835EDB30C63D0026C38.d.A2C0222E48974CF897B4267D8AED7505.e.7654/click - {}
RESULT: {}
COMMAND: GET /session/87d62074a4cb28b4ac0fd763e82d6371/screenshot - {}
RESULT: {}
RESULT: undefined
COMMAND: POST /session/87d62074a4cb28b4ac0fd763e82d6371/element - {"using":"xpath","value":"//*[@id=\"__button96-img\"]"}
RESULT: {"using":"xpath","value":"//*[@id=\"__button96-img\"]"}
COMMAND: POST /session/87d62074a4cb28b4ac0fd763e82d6371/element/f.62693C2623AD3835EDB30C63D0026C38.d.A2C0222E48974CF897B4267D8AED7505.e.7702/click - {}
RESULT: {}
COMMAND: GET /session/87d62074a4cb28b4ac0fd763e82d6371/screenshot - {}
RESULT: {}
RESULT: undefined
COMMAND: POST /session/87d62074a4cb28b4ac0fd763e82d6371/execute/async - {"script":"<script> [776 bytes]","args":[{"enterText":"SecondSectiongbdo1h","selector":{"id":"application-managecatalogs-display-component---detailCatalog--numberInput","searchOpenDialogs":true,"interaction":{"idSuffix":"inner"}},"clearTextFirst":true,"interactionType":"ENTER_TEXT"}]}
RESULT: {"script":"<script> [776 bytes]","args":[{"enterText":"SecondSectiongbdo1h","selector":{"id":"application-managecatalogs-display-component---detailCatalog--numberInput","searchOpenDialogs":true,"interaction":{"idSuffix":"inner"}},"clearTextFirst":true,"interactionType":"ENTER_TEXT"}]}
COMMAND: POST /session/87d62074a4cb28b4ac0fd763e82d6371/element - {"using":"xpath","value":"//input[contains(@id ,\"application-managecatalogs-display-component---detailCatalog--nameInput-inner\")]"}
RESULT: {"using":"xpath","value":"//input[contains(@id ,\"application-managecatalogs-display-component---detailCatalog--nameInput-inner\")]"}
COMMAND: POST /session/87d62074a4cb28b4ac0fd763e82d6371/elements - {"using":"xpath","value":"//input[contains(@id ,\"application-managecatalogs-display-component---detailCatalog--nameInput-inner\")]"}
RESULT: {"using":"xpath","value":"//input[contains(@id ,\"application-managecatalogs-display-component---detailCatalog--nameInput-inner\")]"}
COMMAND: POST /session/87d62074a4cb28b4ac0fd763e82d6371/element/f.62693C2623AD3835EDB30C63D0026C38.d.A2C0222E48974CF897B4267D8AED7505.e.7706/clear - {}
RESULT: {}
COMMAND: POST /session/87d62074a4cb28b4ac0fd763e82d6371/element/f.62693C2623AD3835EDB30C63D0026C38.d.A2C0222E48974CF897B4267D8AED7505.e.7706/value - {"text":"webdriversecondkojvs"}
COMMAND: GET /session/87d62074a4cb28b4ac0fd763e82d6371/screenshot - {}
RESULT: {"text":"webdriversecondkojvs"}
RESULT: undefined
COMMAND: POST /session/87d62074a4cb28b4ac0fd763e82d6371/element - {"using":"xpath","value":"//*[@id=\"__button66\"]"}
COMMAND: GET /session/87d62074a4cb28b4ac0fd763e82d6371/screenshot - {}
RESULT: {}
RESULT: {"using":"xpath","value":"//*[@id=\"__button66\"]"}
COMMAND: POST /session/87d62074a4cb28b4ac0fd763e82d6371/element/f.62693C2623AD3835EDB30C63D0026C38.d.A2C0222E48974CF897B4267D8AED7505.e.7710/click - {}
RESULT: {}
RESULT: {}
COMMAND: GET /session/87d62074a4cb28b4ac0fd763e82d6371/screenshot - {}
RESULT: {}
COMMAND: POST /session/87d62074a4cb28b4ac0fd763e82d6371/element - {"using":"xpath","value":"//button[@title=\"Save\"]"}
RESULT: {"using":"xpath","value":"//button[@title=\"Save\"]"}
COMMAND: POST /session/87d62074a4cb28b4ac0fd763e82d6371/element/f.62693C2623AD3835EDB30C63D0026C38.d.A2C0222E48974CF897B4267D8AED7505.e.7688/click - {}
RESULT: {}
COMMAND: GET /session/87d62074a4cb28b4ac0fd763e82d6371/screenshot - {}
RESULT: {}
RESULT: undefined
COMMAND: POST /session/87d62074a4cb28b4ac0fd763e82d6371/element - {"using":"xpath","value":"//*[@id=\"__button91-img\"]"}
RESULT: {"using":"xpath","value":"//*[@id=\"__button91-img\"]"}
COMMAND: POST /session/87d62074a4cb28b4ac0fd763e82d6371/element/f.62693C2623AD3835EDB30C63D0026C38.d.A2C0222E48974CF897B4267D8AED7505.e.7661/click - {}
RESULT: {}
COMMAND: GET /session/87d62074a4cb28b4ac0fd763e82d6371/screenshot - {}
RESULT: {}
RESULT: undefined
COMMAND: POST /session/87d62074a4cb28b4ac0fd763e82d6371/element - {"using":"xpath","value":"//*[@id=\"__button64-img\"]"}
RESULT: {"using":"xpath","value":"//*[@id=\"__button64-img\"]"}
COMMAND: POST /session/87d62074a4cb28b4ac0fd763e82d6371/element/f.62693C2623AD3835EDB30C63D0026C38.d.A2C0222E48974CF897B4267D8AED7505.e.7747/click - {}
RESULT: {}
COMMAND: GET /session/87d62074a4cb28b4ac0fd763e82d6371/screenshot - {}
RESULT: {}
RESULT: undefined
COMMAND: POST /session/87d62074a4cb28b4ac0fd763e82d6371/execute/async - {"script":"<script> [776 bytes]","args":[{"enterText":"SecondSectiongbdo1h","selector":{"id":"application-managecatalogs-display-component---masterCatalogItems--searchItemsField","interaction":{"idSuffix":"I"}},"clearTextFirst":true,"interactionType":"ENTER_TEXT"}]}
RESULT: {"script":"<script> [776 bytes]","args":[{"enterText":"SecondSectiongbdo1h","selector":{"id":"application-managecatalogs-display-component---masterCatalogItems--searchItemsField","interaction":{"idSuffix":"I"}},"clearTextFirst":true,"interactionType":"ENTER_TEXT"}]}
COMMAND: POST /session/87d62074a4cb28b4ac0fd763e82d6371/actions - {"actions":[{"id":"action49","type":"key","parameters":{},"actions":[{"type":"keyDown","value":""},{"type":"pause","duration":10},{"type":"keyUp","value":""}]}]}
RESULT: {"actions":[{"id":"action49","type":"key","parameters":{},"actions":[{"type":"keyDown","value":""},{"type":"pause","duration":10},{"type":"keyUp","value":""}]}]}
COMMAND: POST /session/87d62074a4cb28b4ac0fd763e82d6371/element - {"using":"xpath","value":"(//span[contains(text(), \"SecondSectiongbdo1h\")])[1]"}
COMMAND: GET /session/87d62074a4cb28b4ac0fd763e82d6371/screenshot - {}
RESULT: {"using":"xpath","value":"(//span[contains(text(), \"SecondSectiongbdo1h\")])[1]"}
COMMAND: POST /session/87d62074a4cb28b4ac0fd763e82d6371/element/f.62693C2623AD3835EDB30C63D0026C38.d.A2C0222E48974CF897B4267D8AED7505.e.7750/click - {}
RESULT: {}
RESULT: {}
COMMAND: POST /session/87d62074a4cb28b4ac0fd763e82d6371/element - {"using":"xpath","value":"(//span[contains(text(), \"SecondSectiongbdo1h\")])[1]"}
COMMAND: GET /session/87d62074a4cb28b4ac0fd763e82d6371/screenshot - {}
RESULT: {"using":"xpath","value":"(//span[contains(text(), \"SecondSectiongbdo1h\")])[1]"}
COMMAND: GET /session/87d62074a4cb28b4ac0fd763e82d6371/element/f.62693C2623AD3835EDB30C63D0026C38.d.A2C0222E48974CF897B4267D8AED7505.e.7750/text - {}
RESULT: {}
COMMAND: POST /session/87d62074a4cb28b4ac0fd763e82d6371/element - {"using":"xpath","value":"(//span[contains(text(), \"SecondSectiongbdo1h\")])[1]"}
RESULT: {"using":"xpath","value":"(//span[contains(text(), \"SecondSectiongbdo1h\")])[1]"}
COMMAND: GET /session/87d62074a4cb28b4ac0fd763e82d6371/element/f.62693C2623AD3835EDB30C63D0026C38.d.A2C0222E48974CF897B4267D8AED7505.e.7750/text - {}
COMMAND: POST /session/87d62074a4cb28b4ac0fd763e82d6371/element - {"using":"xpath","value":"(//span[contains(text(), \"SecondSectiongbdo1h\")])[1]"}
RESULT: {"using":"xpath","value":"(//span[contains(text(), \"SecondSectiongbdo1h\")])[1]"}
COMMAND: GET /session/87d62074a4cb28b4ac0fd763e82d6371/element/f.62693C2623AD3835EDB30C63D0026C38.d.A2C0222E48974CF897B4267D8AED7505.e.7804/text - {}
RESULT: {}
COMMAND: POST /session/87d62074a4cb28b4ac0fd763e82d6371/refresh - {}
RESULT: {}
COMMAND: GET /session/87d62074a4cb28b4ac0fd763e82d6371/screenshot - {}
RESULT: {}
COMMAND: POST /session/87d62074a4cb28b4ac0fd763e82d6371/execute/async - {"script":"<script> [189 bytes]","args":[]}
RESULT: {"script":"<script> [189 bytes]","args":[]}
COMMAND: POST /session/87d62074a4cb28b4ac0fd763e82d6371/execute/async - {"script":"<script> [123 bytes]","args":[]}
RESULT: {"script":"<script> [123 bytes]","args":[]}
COMMAND: POST /session/87d62074a4cb28b4ac0fd763e82d6371/timeouts - {"script":"<number>"}
RESULT: {"script":"<number>"}
COMMAND: GET /session/87d62074a4cb28b4ac0fd763e82d6371/timeouts - {}
RESULT: {}
RESULT: undefined
COMMAND: POST /session/87d62074a4cb28b4ac0fd763e82d6371/execute/async - {"script":"<script> [2676 bytes]","args":[]}
RESULT: {"script":"<script> [2676 bytes]","args":[]}
COMMAND: POST /session/87d62074a4cb28b4ac0fd763e82d6371/execute/async - {"script":"<script> [2342 bytes]","args":[{"protocol":"http","hostname":"0.0.0.0","path":"/","capabilities":{"browserName":"chrome","goog:chromeOptions":{"binary":"C:\\Program Files\\Google\\Chrome\\Application\\chrome.exe","args":["--start-maximized"]}},"logLevel":"warn","connectionRetryTimeout":120000,"connectionRetryCount":3,"logLevels":{},"enableDirectConnect":true,"strictSSL":true,"_":"65 more keys: [\"cacheDir\",\"port\",\"requestedCapabilities\",\"automationProtocol\",\"baseUrl\",\"waitforInterval\",\"waitforTimeout\",\"onReload\",\"beforeCommand\",\"afterCommand\",\"rootDir\",\"specs\",\"suites\",\"exclude\",\"groupLogsByTestSpec\",\"excludeDriverLogs\",\"bail\",\"framework\",\"reporters\",\"services\",\"maxInstances\",\"maxInstancesPerCapability\",\"injectGlobals\",\"filesToWatch\",\"execArgv\",\"runnerEnv\",\"runner\",\"shard\",\"specFileRetries\",\"specFileRetriesDelay\",\"specFileRetriesDeferred\",\"reporterSyncInterval\",\"reporterSyncTimeout\",\"cucumberFeaturesWithLineNumbers\",\"autoCompileOpts\",\"mochaOpts\",\"jasmineOpts\",\"cucumberOpts\",\"onPrepare\",\"onWorkerStart\",\"onWorkerEnd\",\"before\",\"beforeSession\",\"beforeSuite\",\"beforeHook\",\"beforeTest\",\"afterTest\",\"afterHook\",\"afterSuite\",\"afterSession\",\"after\",\"onComplete\",\"beforeAssertion\",\"afterAssertion\",\"beforeFeature\",\"beforeScenario\",\"beforeStep\",\"afterStep\",\"afterScenario\",\"afterFeature\",\"_\",\"suite\",\"$0\",\"ignoredWorkerServices\",\"wdi5\"]"}]}
RESULT: {"script":"<script> [2342 bytes]","args":[{"protocol":"http","hostname":"0.0.0.0","path":"/","capabilities":{"browserName":"chrome","goog:chromeOptions":{"binary":"C:\\Program Files\\Google\\Chrome\\Application\\chrome.exe","args":["--start-maximized"]}},"logLevel":"warn","connectionRetryTimeout":120000,"connectionRetryCount":3,"logLevels":{},"enableDirectConnect":true,"strictSSL":true,"_":"65 more keys: [\"cacheDir\",\"port\",\"requestedCapabilities\",\"automationProtocol\",\"baseUrl\",\"waitforInterval\",\"waitforTimeout\",\"onReload\",\"beforeCommand\",\"afterCommand\",\"rootDir\",\"specs\",\"suites\",\"exclude\",\"groupLogsByTestSpec\",\"excludeDriverLogs\",\"bail\",\"framework\",\"reporters\",\"services\",\"maxInstances\",\"maxInstancesPerCapability\",\"injectGlobals\",\"filesToWatch\",\"execArgv\",\"runnerEnv\",\"runner\",\"shard\",\"specFileRetries\",\"specFileRetriesDelay\",\"specFileRetriesDeferred\",\"reporterSyncInterval\",\"reporterSyncTimeout\",\"cucumberFeaturesWithLineNumbers\",\"autoCompileOpts\",\"mochaOpts\",\"jasmineOpts\",\"cucumberOpts\",\"onPrepare\",\"onWorkerStart\",\"onWorkerEnd\",\"before\",\"beforeSession\",\"beforeSuite\",\"beforeHook\",\"beforeTest\",\"afterTest\",\"afterHook\",\"afterSuite\",\"afterSession\",\"after\",\"onComplete\",\"beforeAssertion\",\"afterAssertion\",\"beforeFeature\",\"beforeScenario\",\"beforeStep\",\"afterStep\",\"afterScenario\",\"afterFeature\",\"_\",\"suite\",\"$0\",\"ignoredWorkerServices\",\"wdi5\"]"}]}
COMMAND: POST /session/87d62074a4cb28b4ac0fd763e82d6371/execute/async - {"script":"<script> [21126 bytes]","args":[35000]}
RESULT: {"script":"<script> [21126 bytes]","args":[35000]}
COMMAND: POST /session/87d62074a4cb28b4ac0fd763e82d6371/execute/async - {"script":"<script> [1562 bytes]","args":[{"selector":{"controlType":"sap.m.Button","viewName":"etm.portal.ui.managecatalogs.view.Detail","viewId":"application-managecatalogs-display-component---detailCatalog","i18NText":{"propertyName":"text","key":"edit"},"interaction":{"idSuffix":"BDI-content"}},"wdio_ui5_key":"etmportal.ui.managecatalogs.view.Detailsap.m.Button{\"propertyName\":\"text\",\"key\":\"edit\"}"}]}
RESULT: {"script":"<script> [1562 bytes]","args":[{"selector":{"controlType":"sap.m.Button","viewName":"etm.portal.ui.managecatalogs.view.Detail","viewId":"application-managecatalogs-display-component---detailCatalog","i18NText":{"propertyName":"text","key":"edit"},"interaction":{"idSuffix":"BDI-content"}},"wdio_ui5_key":"etmportal.ui.managecatalogs.view.Detailsap.m.Button{\"propertyName\":\"text\",\"key\":\"edit\"}"}]}
RESULT: undefined
COMMAND: POST /session/87d62074a4cb28b4ac0fd763e82d6371/element - {"using":"xpath","value":"//*[@id=\"__button25\"]"}
RESULT: {"using":"xpath","value":"//*[@id=\"__button25\"]"}
COMMAND: POST /session/87d62074a4cb28b4ac0fd763e82d6371/element/f.62693C2623AD3835EDB30C63D0026C38.d.A3E713800E84F12551D7F00634BBCCD8.e.7861/click - {}
RESULT: {}
COMMAND: POST /session/87d62074a4cb28b4ac0fd763e82d6371/execute/async - {"script":"<script> [1562 bytes]","args":[{"selector":{"controlType":"sap.ui.core.Icon","viewName":"etm.portal.ui.managecatalogs.view.Detail","viewId":"application-managecatalogs-display-component---detailCatalog","properties":{"src":{"regex":{"source":"add\\-document"}}}},"wdio_ui5_key":"etmportal.ui.managecatalogs.view.Detailsap.ui.core.Icon{\"src\":{\"regex\":{\"source\":\"add\\\\-document\"}}}"}]}
COMMAND: GET /session/87d62074a4cb28b4ac0fd763e82d6371/screenshot - {}
RESULT: undefined
RESULT: {"script":"<script> [1562 bytes]","args":[{"selector":{"controlType":"sap.ui.core.Icon","viewName":"etm.portal.ui.managecatalogs.view.Detail","viewId":"application-managecatalogs-display-component---detailCatalog","properties":{"src":{"regex":{"source":"add\\-document"}}}},"wdio_ui5_key":"etmportal.ui.managecatalogs.view.Detailsap.ui.core.Icon{\"src\":{\"regex\":{\"source\":\"add\\\\-document\"}}}"}]}
RESULT: undefined
COMMAND: POST /session/87d62074a4cb28b4ac0fd763e82d6371/element - {"using":"xpath","value":"//*[@id=\"__button34-img\"]"}
RESULT: {}
RESULT: {"using":"xpath","value":"//*[@id=\"__button34-img\"]"}
COMMAND: POST /session/87d62074a4cb28b4ac0fd763e82d6371/element/f.62693C2623AD3835EDB30C63D0026C38.d.A3E713800E84F12551D7F00634BBCCD8.e.7868/click - {}
RESULT: {}
COMMAND: POST /session/87d62074a4cb28b4ac0fd763e82d6371/execute/async - {"script":"<script> [1562 bytes]","args":[{"selector":{"id":"application-managecatalogs-display-component---detailCatalog--newItemNumberInput","searchOpenDialogs":true,"interaction":{"idSuffix":"inner"}},"wdio_ui5_key":"applicationmanagecatalogs-display-component---detailCatalog--newItemNumberInput"}]}
COMMAND: GET /session/87d62074a4cb28b4ac0fd763e82d6371/screenshot - {}
RESULT: {"script":"<script> [1562 bytes]","args":[{"selector":{"id":"application-managecatalogs-display-component---detailCatalog--newItemNumberInput","searchOpenDialogs":true,"interaction":{"idSuffix":"inner"}},"wdio_ui5_key":"applicationmanagecatalogs-display-component---detailCatalog--newItemNumberInput"}]}
RESULT: undefined
COMMAND: POST /session/87d62074a4cb28b4ac0fd763e82d6371/execute/async - {"script":"<script> [776 bytes]","args":[{"enterText":"catalogItemjg6go","selector":{"id":"application-managecatalogs-display-component---detailCatalog--newItemNumberInput","searchOpenDialogs":true,"interaction":{"idSuffix":"inner"}},"clearTextFirst":true,"interactionType":"ENTER_TEXT"}]}
RESULT: {}
RESULT: {"script":"<script> [776 bytes]","args":[{"enterText":"catalogItemjg6go","selector":{"id":"application-managecatalogs-display-component---detailCatalog--newItemNumberInput","searchOpenDialogs":true,"interaction":{"idSuffix":"inner"}},"clearTextFirst":true,"interactionType":"ENTER_TEXT"}]}
COMMAND: POST /session/87d62074a4cb28b4ac0fd763e82d6371/execute/async - {"script":"<script> [1562 bytes]","args":[{"selector":{"controlType":"sap.m.Input","viewName":"etm.portal.ui.managecatalogs.view.Detail","viewId":"application-managecatalogs-display-component---detailCatalog","bindingPath":{"path":"","propertyPath":"/DESCRIPTION"},"searchOpenDialogs":true,"interaction":{"idSuffix":"inner"}},"wdio_ui5_key":"etmportal.ui.managecatalogs.view.Detailsap.m.Input{\"path\":\"\",\"propertyPath\":\"/DESCRIPTION\"}"}]}
RESULT: {"script":"<script> [1562 bytes]","args":[{"selector":{"controlType":"sap.m.Input","viewName":"etm.portal.ui.managecatalogs.view.Detail","viewId":"application-managecatalogs-display-component---detailCatalog","bindingPath":{"path":"","propertyPath":"/DESCRIPTION"},"searchOpenDialogs":true,"interaction":{"idSuffix":"inner"}},"wdio_ui5_key":"etmportal.ui.managecatalogs.view.Detailsap.m.Input{\"path\":\"\",\"propertyPath\":\"/DESCRIPTION\"}"}]}
RESULT: undefined
COMMAND: POST /session/87d62074a4cb28b4ac0fd763e82d6371/execute/async - {"script":"<script> [776 bytes]","args":[{"enterText":"catalogItemNamesj68r","selector":{"controlType":"sap.m.Input","viewName":"etm.portal.ui.managecatalogs.view.Detail","viewId":"application-managecatalogs-display-component---detailCatalog","bindingPath":{"path":"","propertyPath":"/DESCRIPTION"},"searchOpenDialogs":true,"interaction":{"idSuffix":"inner"}},"clearTextFirst":true,"interactionType":"ENTER_TEXT"}]}
RESULT: {"script":"<script> [776 bytes]","args":[{"enterText":"catalogItemNamesj68r","selector":{"controlType":"sap.m.Input","viewName":"etm.portal.ui.managecatalogs.view.Detail","viewId":"application-managecatalogs-display-component---detailCatalog","bindingPath":{"path":"","propertyPath":"/DESCRIPTION"},"searchOpenDialogs":true,"interaction":{"idSuffix":"inner"}},"clearTextFirst":true,"interactionType":"ENTER_TEXT"}]}
COMMAND: POST /session/87d62074a4cb28b4ac0fd763e82d6371/execute/async - {"script":"<script> [1562 bytes]","args":[{"selector":{"controlType":"sap.m.Button","viewName":"etm.portal.ui.managecatalogs.view.Detail","viewId":"application-managecatalogs-display-component---detailCatalog","i18NText":{"propertyName":"text","key":"create"},"searchOpenDialogs":true,"interaction":{"idSuffix":"BDI-content"}},"wdio_ui5_key":"etmportal.ui.managecatalogs.view.Detailsap.m.Button{\"propertyName\":\"text\",\"key\":\"create\"}"}]}
RESULT: {"script":"<script> [1562 bytes]","args":[{"selector":{"controlType":"sap.m.Button","viewName":"etm.portal.ui.managecatalogs.view.Detail","viewId":"application-managecatalogs-display-component---detailCatalog","i18NText":{"propertyName":"text","key":"create"},"searchOpenDialogs":true,"interaction":{"idSuffix":"BDI-content"}},"wdio_ui5_key":"etmportal.ui.managecatalogs.view.Detailsap.m.Button{\"propertyName\":\"text\",\"key\":\"create\"}"}]}
RESULT: undefined
COMMAND: POST /session/87d62074a4cb28b4ac0fd763e82d6371/element - {"using":"xpath","value":"//*[@id=\"__button9\"]"}
RESULT: {"using":"xpath","value":"//*[@id=\"__button9\"]"}
COMMAND: POST /session/87d62074a4cb28b4ac0fd763e82d6371/element/f.62693C2623AD3835EDB30C63D0026C38.d.A3E713800E84F12551D7F00634BBCCD8.e.7877/click - {}
RESULT: {}
COMMAND: GET /session/87d62074a4cb28b4ac0fd763e82d6371/screenshot - {}
RESULT: {}
COMMAND: POST /session/87d62074a4cb28b4ac0fd763e82d6371/element - {"using":"xpath","value":"//button[@title=\"Save\"]"}
RESULT: {"using":"xpath","value":"//button[@title=\"Save\"]"}
COMMAND: POST /session/87d62074a4cb28b4ac0fd763e82d6371/element/f.62693C2623AD3835EDB30C63D0026C38.d.A3E713800E84F12551D7F00634BBCCD8.e.7878/click - {}
RESULT: {}
COMMAND: GET /session/87d62074a4cb28b4ac0fd763e82d6371/screenshot - {}
RESULT: {}
COMMAND: POST /session/87d62074a4cb28b4ac0fd763e82d6371/execute/async - {"script":"<script> [1562 bytes]","args":[{"selector":{"controlType":"sap.ui.core.Icon","viewName":"etm.portal.ui.managecatalogs.view.Detail","viewId":"application-managecatalogs-display-component---detailCatalog","properties":{"src":{"regex":{"source":"decline"}}}},"wdio_ui5_key":"etmportal.ui.managecatalogs.view.Detailsap.ui.core.Icon{\"src\":{\"regex\":{\"source\":\"decline\"}}}"}]}
RESULT: {"script":"<script> [1562 bytes]","args":[{"selector":{"controlType":"sap.ui.core.Icon","viewName":"etm.portal.ui.managecatalogs.view.Detail","viewId":"application-managecatalogs-display-component---detailCatalog","properties":{"src":{"regex":{"source":"decline"}}}},"wdio_ui5_key":"etmportal.ui.managecatalogs.view.Detailsap.ui.core.Icon{\"src\":{\"regex\":{\"source\":\"decline\"}}}"}]}
RESULT: undefined
COMMAND: POST /session/87d62074a4cb28b4ac0fd763e82d6371/element - {"using":"xpath","value":"//*[@id=\"__button28-img\"]"}
RESULT: {"using":"xpath","value":"//*[@id=\"__button28-img\"]"}
COMMAND: POST /session/87d62074a4cb28b4ac0fd763e82d6371/element/f.62693C2623AD3835EDB30C63D0026C38.d.A3E713800E84F12551D7F00634BBCCD8.e.7885/click - {}
RESULT: {}
COMMAND: GET /session/87d62074a4cb28b4ac0fd763e82d6371/screenshot - {}
RESULT: {}
COMMAND: POST /session/87d62074a4cb28b4ac0fd763e82d6371/execute/async - {"script":"<script> [1562 bytes]","args":[{"selector":{"controlType":"sap.ui.core.Icon","viewName":"etm.portal.ui.managecatalogs.view.MasterItems","viewId":"application-managecatalogs-display-component---masterCatalogItems","properties":{"src":{"regex":{"source":"refresh"}}}},"wdio_ui5_key":"etmportal.ui.managecatalogs.view.MasterItemssap.ui.core.Icon{\"src\":{\"regex\":{\"source\":\"refresh\"}}}"}]}
RESULT: {"script":"<script> [1562 bytes]","args":[{"selector":{"controlType":"sap.ui.core.Icon","viewName":"etm.portal.ui.managecatalogs.view.MasterItems","viewId":"application-managecatalogs-display-component---masterCatalogItems","properties":{"src":{"regex":{"source":"refresh"}}}},"wdio_ui5_key":"etmportal.ui.managecatalogs.view.MasterItemssap.ui.core.Icon{\"src\":{\"regex\":{\"source\":\"refresh\"}}}"}]}
RESULT: undefined
COMMAND: POST /session/87d62074a4cb28b4ac0fd763e82d6371/element - {"using":"xpath","value":"//*[@id=\"__button1-img\"]"}
RESULT: {"using":"xpath","value":"//*[@id=\"__button1-img\"]"}
COMMAND: POST /session/87d62074a4cb28b4ac0fd763e82d6371/element/f.62693C2623AD3835EDB30C63D0026C38.d.A3E713800E84F12551D7F00634BBCCD8.e.7893/click - {}
RESULT: {}
COMMAND: GET /session/87d62074a4cb28b4ac0fd763e82d6371/screenshot - {}
RESULT: {}
COMMAND: POST /session/87d62074a4cb28b4ac0fd763e82d6371/execute/async - {"script":"<script> [1562 bytes]","args":[{"selector":{"id":"application-managecatalogs-display-component---masterCatalogItems--searchItemsField","interaction":{"idSuffix":"I"}},"wdio_ui5_key":"applicationmanagecatalogs-display-component---masterCatalogItems--searchItemsField"}]}
RESULT: {"script":"<script> [1562 bytes]","args":[{"selector":{"id":"application-managecatalogs-display-component---masterCatalogItems--searchItemsField","interaction":{"idSuffix":"I"}},"wdio_ui5_key":"applicationmanagecatalogs-display-component---masterCatalogItems--searchItemsField"}]}
RESULT: undefined
COMMAND: POST /session/87d62074a4cb28b4ac0fd763e82d6371/execute/async - {"script":"<script> [776 bytes]","args":[{"enterText":"catalogItemNamesj68r","selector":{"id":"application-managecatalogs-display-component---masterCatalogItems--searchItemsField","interaction":{"idSuffix":"I"}},"clearTextFirst":true,"interactionType":"ENTER_TEXT"}]}
RESULT: {"script":"<script> [776 bytes]","args":[{"enterText":"catalogItemNamesj68r","selector":{"id":"application-managecatalogs-display-component---masterCatalogItems--searchItemsField","interaction":{"idSuffix":"I"}},"clearTextFirst":true,"interactionType":"ENTER_TEXT"}]}
COMMAND: POST /session/87d62074a4cb28b4ac0fd763e82d6371/actions - {"actions":[{"id":"action50","type":"key","parameters":{},"actions":[{"type":"keyDown","value":""},{"type":"pause","duration":10},{"type":"keyUp","value":""}]}]}
RESULT: {"actions":[{"id":"action50","type":"key","parameters":{},"actions":[{"type":"keyDown","value":""},{"type":"pause","duration":10},{"type":"keyUp","value":""}]}]}
COMMAND: POST /session/87d62074a4cb28b4ac0fd763e82d6371/element - {"using":"xpath","value":"(//span[contains(text(), \"catalogItemNamesj68r\")])[1]"}
COMMAND: GET /session/87d62074a4cb28b4ac0fd763e82d6371/screenshot - {}
RESULT: {"using":"xpath","value":"(//span[contains(text(), \"catalogItemNamesj68r\")])[1]"}
COMMAND: POST /session/87d62074a4cb28b4ac0fd763e82d6371/element/f.62693C2623AD3835EDB30C63D0026C38.d.A3E713800E84F12551D7F00634BBCCD8.e.7927/click - {}
RESULT: {}
RESULT: {}
COMMAND: GET /session/87d62074a4cb28b4ac0fd763e82d6371/screenshot - {}
RESULT: {}
COMMAND: POST /session/87d62074a4cb28b4ac0fd763e82d6371/element - {"using":"xpath","value":"//span[contains(text(), \"catalogItemjg6go\")]"}
RESULT: {"using":"xpath","value":"//span[contains(text(), \"catalogItemjg6go\")]"}
COMMAND: GET /session/87d62074a4cb28b4ac0fd763e82d6371/element/f.62693C2623AD3835EDB30C63D0026C38.d.A3E713800E84F12551D7F00634BBCCD8.e.7989/text - {}
RESULT: {}
]]></system-out>
    </testcase>
    <testcase classname="chrome.137_0_7151_69.windows.Manage_requests_-_requests_specifications_US141095" name="Should add the classification to the catalog item" time="35.898">
      <system-out><![CDATA[
RESULT: undefined
COMMAND: POST /session/87d62074a4cb28b4ac0fd763e82d6371/element - {"using":"xpath","value":"//*[@id=\"__button25\"]"}
RESULT: {"using":"xpath","value":"//*[@id=\"__button25\"]"}
COMMAND: POST /session/87d62074a4cb28b4ac0fd763e82d6371/element/f.62693C2623AD3835EDB30C63D0026C38.d.A3E713800E84F12551D7F00634BBCCD8.e.7990/click - {}
RESULT: {}
COMMAND: GET /session/87d62074a4cb28b4ac0fd763e82d6371/screenshot - {}
RESULT: {}
COMMAND: POST /session/87d62074a4cb28b4ac0fd763e82d6371/execute/async - {"script":"<script> [1562 bytes]","args":[{"selector":{"id":"application-managecatalogs-display-component---detailCatalog--BASE_UNIT_OF_MEASURE-arrow"},"wdio_ui5_key":"applicationmanagecatalogs-display-component---detailCatalog--BASE_UNIT_OF_MEASURE-arrow"}]}
RESULT: {"script":"<script> [1562 bytes]","args":[{"selector":{"id":"application-managecatalogs-display-component---detailCatalog--BASE_UNIT_OF_MEASURE-arrow"},"wdio_ui5_key":"applicationmanagecatalogs-display-component---detailCatalog--BASE_UNIT_OF_MEASURE-arrow"}]}
RESULT: undefined
COMMAND: POST /session/87d62074a4cb28b4ac0fd763e82d6371/element - {"using":"xpath","value":"//*[@id=\"application-managecatalogs-display-component---detailCatalog--BASE_UNIT_OF_MEASURE-arrow\"]"}
RESULT: {"using":"xpath","value":"//*[@id=\"application-managecatalogs-display-component---detailCatalog--BASE_UNIT_OF_MEASURE-arrow\"]"}
COMMAND: POST /session/87d62074a4cb28b4ac0fd763e82d6371/element/f.62693C2623AD3835EDB30C63D0026C38.d.A3E713800E84F12551D7F00634BBCCD8.e.8021/click - {}
RESULT: {}
COMMAND: POST /session/87d62074a4cb28b4ac0fd763e82d6371/execute/async - {"script":"<script> [1562 bytes]","args":[{"selector":{"controlType":"sap.m.StandardListItem","viewName":"etm.portal.ui.managecatalogs.view.Detail","viewId":"application-managecatalogs-display-component---detailCatalog","properties":{"title":"Piece"},"searchOpenDialogs":true,"interaction":{"idSuffix":"titleText"}},"wdio_ui5_key":"etmportal.ui.managecatalogs.view.Detailsap.m.StandardListItem{\"title\":\"Piece\"}"}]}
COMMAND: GET /session/87d62074a4cb28b4ac0fd763e82d6371/screenshot - {}
RESULT: {"script":"<script> [1562 bytes]","args":[{"selector":{"controlType":"sap.m.StandardListItem","viewName":"etm.portal.ui.managecatalogs.view.Detail","viewId":"application-managecatalogs-display-component---detailCatalog","properties":{"title":"Piece"},"searchOpenDialogs":true,"interaction":{"idSuffix":"titleText"}},"wdio_ui5_key":"etmportal.ui.managecatalogs.view.Detailsap.m.StandardListItem{\"title\":\"Piece\"}"}]}
RESULT: undefined
COMMAND: POST /session/87d62074a4cb28b4ac0fd763e82d6371/element - {"using":"xpath","value":"//*[@id=\"__item229\"]"}
RESULT: {}
RESULT: {"using":"xpath","value":"//*[@id=\"__item229\"]"}
COMMAND: POST /session/87d62074a4cb28b4ac0fd763e82d6371/element/f.62693C2623AD3835EDB30C63D0026C38.d.A3E713800E84F12551D7F00634BBCCD8.e.8023/click - {}
RESULT: {}
COMMAND: POST /session/87d62074a4cb28b4ac0fd763e82d6371/element - {"using":"xpath","value":"//button[contains(@data-kt ,\"ClassificationAddClassButton\")]"}
COMMAND: GET /session/87d62074a4cb28b4ac0fd763e82d6371/screenshot - {}
RESULT: {"using":"xpath","value":"//button[contains(@data-kt ,\"ClassificationAddClassButton\")]"}
COMMAND: POST /session/87d62074a4cb28b4ac0fd763e82d6371/element/f.62693C2623AD3835EDB30C63D0026C38.d.A3E713800E84F12551D7F00634BBCCD8.e.8024/click - {}
RESULT: {}
RESULT: {}
COMMAND: GET /session/87d62074a4cb28b4ac0fd763e82d6371/screenshot - {}
RESULT: {}
COMMAND: POST /session/87d62074a4cb28b4ac0fd763e82d6371/element - {"using":"xpath","value":"//input[contains(@id ,\"searchField-I\")]"}
RESULT: {"using":"xpath","value":"//input[contains(@id ,\"searchField-I\")]"}
COMMAND: POST /session/87d62074a4cb28b4ac0fd763e82d6371/element/f.62693C2623AD3835EDB30C63D0026C38.d.A3E713800E84F12551D7F00634BBCCD8.e.8027/value - {"text":"WebdriverItemClassx5h2ei"}
RESULT: {"text":"WebdriverItemClassx5h2ei"}
COMMAND: POST /session/87d62074a4cb28b4ac0fd763e82d6371/actions - {"actions":[{"id":"action51","type":"key","parameters":{},"actions":[{"type":"keyDown","value":""},{"type":"pause","duration":10},{"type":"keyUp","value":""}]}]}
COMMAND: GET /session/87d62074a4cb28b4ac0fd763e82d6371/screenshot - {}
RESULT: {"actions":[{"id":"action51","type":"key","parameters":{},"actions":[{"type":"keyDown","value":""},{"type":"pause","duration":10},{"type":"keyUp","value":""}]}]}
COMMAND: GET /session/87d62074a4cb28b4ac0fd763e82d6371/screenshot - {}
RESULT: {}
RESULT: {}
COMMAND: POST /session/87d62074a4cb28b4ac0fd763e82d6371/element - {"using":"xpath","value":"//span[contains(text(), \"WebdriverItemClassx5h2ei\")]"}
RESULT: {"using":"xpath","value":"//span[contains(text(), \"WebdriverItemClassx5h2ei\")]"}
COMMAND: POST /session/87d62074a4cb28b4ac0fd763e82d6371/element/f.62693C2623AD3835EDB30C63D0026C38.d.A3E713800E84F12551D7F00634BBCCD8.e.8044/click - {}
RESULT: {}
COMMAND: GET /session/87d62074a4cb28b4ac0fd763e82d6371/screenshot - {}
RESULT: {}
COMMAND: POST /session/87d62074a4cb28b4ac0fd763e82d6371/execute/async - {"script":"<script> [1562 bytes]","args":[{"selector":{"controlType":"sap.m.Button","viewName":"etm.portal.ui.managecatalogs.view.Detail","viewId":"application-managecatalogs-display-component---detailCatalog","properties":{"text":"Classification"},"interaction":{"idSuffix":"BDI-content"}},"wdio_ui5_key":"etmportal.ui.managecatalogs.view.Detailsap.m.Button{\"text\":\"Classification\"}"}]}
RESULT: {"script":"<script> [1562 bytes]","args":[{"selector":{"controlType":"sap.m.Button","viewName":"etm.portal.ui.managecatalogs.view.Detail","viewId":"application-managecatalogs-display-component---detailCatalog","properties":{"text":"Classification"},"interaction":{"idSuffix":"BDI-content"}},"wdio_ui5_key":"etmportal.ui.managecatalogs.view.Detailsap.m.Button{\"text\":\"Classification\"}"}]}
RESULT: undefined
COMMAND: POST /session/87d62074a4cb28b4ac0fd763e82d6371/element - {"using":"xpath","value":"//*[@id=\"application-managecatalogs-display-component---detailCatalog--ObjectPageLayout-anchBar-__section3-anchor\"]"}
RESULT: {"using":"xpath","value":"//*[@id=\"application-managecatalogs-display-component---detailCatalog--ObjectPageLayout-anchBar-__section3-anchor\"]"}
COMMAND: POST /session/87d62074a4cb28b4ac0fd763e82d6371/element/f.62693C2623AD3835EDB30C63D0026C38.d.A3E713800E84F12551D7F00634BBCCD8.e.8049/click - {}
RESULT: {}
COMMAND: POST /session/87d62074a4cb28b4ac0fd763e82d6371/execute/async - {"script":"<script> [1562 bytes]","args":[{"selector":{"controlType":"sap.ui.core.Icon","viewName":"etm.portal.ui.managecatalogs.view.Detail","viewId":"application-managecatalogs-display-component---detailCatalog","properties":{"src":{"regex":{"source":"slim\\-arrow\\-right"}}},"ancestor":{"controlType":"sap.m.Panel","viewName":"etm.portal.ui.managecatalogs.view.Detail","viewId":"application-managecatalogs-display-component---detailCatalog"}},"wdio_ui5_key":"etmportal.ui.managecatalogs.view.Detailsap.ui.core.Icon{\"src\":{\"regex\":{\"source\":\"slim\\\\-arrow\\\\-right\"}}}{\"controlType\":\"sap.m.Panel\",\"viewName\":\"etm.portal.ui.managecatalogs.view.Detail\",\"viewId\":\"application-managecatalogs-display-component---detailCatalog\"}"}]}
COMMAND: GET /session/87d62074a4cb28b4ac0fd763e82d6371/screenshot - {}
RESULT: {"script":"<script> [1562 bytes]","args":[{"selector":{"controlType":"sap.ui.core.Icon","viewName":"etm.portal.ui.managecatalogs.view.Detail","viewId":"application-managecatalogs-display-component---detailCatalog","properties":{"src":{"regex":{"source":"slim\\-arrow\\-right"}}},"ancestor":{"controlType":"sap.m.Panel","viewName":"etm.portal.ui.managecatalogs.view.Detail","viewId":"application-managecatalogs-display-component---detailCatalog"}},"wdio_ui5_key":"etmportal.ui.managecatalogs.view.Detailsap.ui.core.Icon{\"src\":{\"regex\":{\"source\":\"slim\\\\-arrow\\\\-right\"}}}{\"controlType\":\"sap.m.Panel\",\"viewName\":\"etm.portal.ui.managecatalogs.view.Detail\",\"viewId\":\"application-managecatalogs-display-component---detailCatalog\"}"}]}
RESULT: undefined
COMMAND: POST /session/87d62074a4cb28b4ac0fd763e82d6371/element - {"using":"xpath","value":"//*[@id=\"__panel0-__layout17-0-expandButton-img\"]"}
RESULT: {}
RESULT: {"using":"xpath","value":"//*[@id=\"__panel0-__layout17-0-expandButton-img\"]"}
COMMAND: POST /session/87d62074a4cb28b4ac0fd763e82d6371/element/f.62693C2623AD3835EDB30C63D0026C38.d.A3E713800E84F12551D7F00634BBCCD8.e.8055/click - {}
RESULT: {}
COMMAND: POST /session/87d62074a4cb28b4ac0fd763e82d6371/execute/async - {"script":"<script> [1562 bytes]","args":[{"selector":{"controlType":"sap.ui.core.Icon","viewName":"etm.portal.ui.managecatalogs.view.Detail","viewId":"application-managecatalogs-display-component---detailCatalog","properties":{"src":{"regex":{"source":"slim\\-arrow\\-down"}}},"ancestor":{"controlType":"sap.m.ColumnListItem","viewName":"etm.portal.ui.managecatalogs.view.Detail","viewId":"application-managecatalogs-display-component---detailCatalog","bindingPath":{"modelName":"classModel","path":"/data/0/PROPERTIES/0"},"ancestor":{"controlType":"sap.m.Table","viewName":"etm.portal.ui.managecatalogs.view.Detail","viewId":"application-managecatalogs-display-component---detailCatalog","bindingPath":{"path":"/data/0","propertyPath":"PROPERTIES","modelName":"classModel"}}}},"wdio_ui5_key":"etmportal.ui.managecatalogs.view.Detailsap.ui.core.Icon{\"src\":{\"regex\":{\"source\":\"slim\\\\-arrow\\\\-down\"}}}{\"controlType\":\"sap.m.ColumnListItem\",\"viewName\":\"etm.portal.ui.managecatalogs.view.Detail\",\"viewId\":\"application-managecatalogs-display-component---detailCatalog\",\"bindingPath\":{\"modelName\":\"classModel\",\"path\":\"/data/0/PROPERTIES/0\"},\"ancestor\":{\"controlType\":\"sap.m.Table\",\"viewName\":\"etm.portal.ui.managecatalogs.view.Detail\",\"viewId\":\"application-managecatalogs-display-component---detailCatalog\",\"bindingPath\":{\"path\":\"/data/0\",\"propertyPath\":\"PROPERTIES\",\"modelName\":\"classModel\"}}}"}]}
COMMAND: GET /session/87d62074a4cb28b4ac0fd763e82d6371/screenshot - {}
RESULT: {"script":"<script> [1562 bytes]","args":[{"selector":{"controlType":"sap.ui.core.Icon","viewName":"etm.portal.ui.managecatalogs.view.Detail","viewId":"application-managecatalogs-display-component---detailCatalog","properties":{"src":{"regex":{"source":"slim\\-arrow\\-down"}}},"ancestor":{"controlType":"sap.m.ColumnListItem","viewName":"etm.portal.ui.managecatalogs.view.Detail","viewId":"application-managecatalogs-display-component---detailCatalog","bindingPath":{"modelName":"classModel","path":"/data/0/PROPERTIES/0"},"ancestor":{"controlType":"sap.m.Table","viewName":"etm.portal.ui.managecatalogs.view.Detail","viewId":"application-managecatalogs-display-component---detailCatalog","bindingPath":{"path":"/data/0","propertyPath":"PROPERTIES","modelName":"classModel"}}}},"wdio_ui5_key":"etmportal.ui.managecatalogs.view.Detailsap.ui.core.Icon{\"src\":{\"regex\":{\"source\":\"slim\\\\-arrow\\\\-down\"}}}{\"controlType\":\"sap.m.ColumnListItem\",\"viewName\":\"etm.portal.ui.managecatalogs.view.Detail\",\"viewId\":\"application-managecatalogs-display-component---detailCatalog\",\"bindingPath\":{\"modelName\":\"classModel\",\"path\":\"/data/0/PROPERTIES/0\"},\"ancestor\":{\"controlType\":\"sap.m.Table\",\"viewName\":\"etm.portal.ui.managecatalogs.view.Detail\",\"viewId\":\"application-managecatalogs-display-component---detailCatalog\",\"bindingPath\":{\"path\":\"/data/0\",\"propertyPath\":\"PROPERTIES\",\"modelName\":\"classModel\"}}}"}]}
RESULT: undefined
COMMAND: POST /session/87d62074a4cb28b4ac0fd763e82d6371/element - {"using":"xpath","value":"//*[@id=\"__box31-arrow\"]"}
RESULT: {}
RESULT: {"using":"xpath","value":"//*[@id=\"__box31-arrow\"]"}
COMMAND: POST /session/87d62074a4cb28b4ac0fd763e82d6371/element/f.62693C2623AD3835EDB30C63D0026C38.d.A3E713800E84F12551D7F00634BBCCD8.e.8069/click - {}
RESULT: {}
COMMAND: POST /session/87d62074a4cb28b4ac0fd763e82d6371/execute/async - {"script":"<script> [1562 bytes]","args":[{"selector":{"controlType":"sap.m.StandardListItem","viewName":"etm.portal.ui.managecatalogs.view.Detail","viewId":"application-managecatalogs-display-component---detailCatalog","properties":{"title":"red"},"searchOpenDialogs":true,"interaction":{"idSuffix":"content"}},"wdio_ui5_key":"etmportal.ui.managecatalogs.view.Detailsap.m.StandardListItem{\"title\":\"red\"}"}]}
COMMAND: GET /session/87d62074a4cb28b4ac0fd763e82d6371/screenshot - {}
RESULT: {"script":"<script> [1562 bytes]","args":[{"selector":{"controlType":"sap.m.StandardListItem","viewName":"etm.portal.ui.managecatalogs.view.Detail","viewId":"application-managecatalogs-display-component---detailCatalog","properties":{"title":"red"},"searchOpenDialogs":true,"interaction":{"idSuffix":"content"}},"wdio_ui5_key":"etmportal.ui.managecatalogs.view.Detailsap.m.StandardListItem{\"title\":\"red\"}"}]}
RESULT: undefined
COMMAND: POST /session/87d62074a4cb28b4ac0fd763e82d6371/element - {"using":"xpath","value":"//*[@id=\"__item237\"]"}
RESULT: {}
RESULT: {"using":"xpath","value":"//*[@id=\"__item237\"]"}
COMMAND: POST /session/87d62074a4cb28b4ac0fd763e82d6371/element/f.62693C2623AD3835EDB30C63D0026C38.d.A3E713800E84F12551D7F00634BBCCD8.e.8071/click - {}
RESULT: {}
COMMAND: GET /session/87d62074a4cb28b4ac0fd763e82d6371/screenshot - {}
RESULT: {}
COMMAND: POST /session/87d62074a4cb28b4ac0fd763e82d6371/execute/async - {"script":"<script> [1562 bytes]","args":[{"selector":{"controlType":"sap.m.Button","viewName":"etm.portal.ui.managecatalogs.view.Detail","viewId":"application-managecatalogs-display-component---detailCatalog","i18NText":{"propertyName":"text","key":"save"},"interaction":{"idSuffix":"BDI-content"}},"wdio_ui5_key":"etmportal.ui.managecatalogs.view.Detailsap.m.Button{\"propertyName\":\"text\",\"key\":\"save\"}"}]}
RESULT: {"script":"<script> [1562 bytes]","args":[{"selector":{"controlType":"sap.m.Button","viewName":"etm.portal.ui.managecatalogs.view.Detail","viewId":"application-managecatalogs-display-component---detailCatalog","i18NText":{"propertyName":"text","key":"save"},"interaction":{"idSuffix":"BDI-content"}},"wdio_ui5_key":"etmportal.ui.managecatalogs.view.Detailsap.m.Button{\"propertyName\":\"text\",\"key\":\"save\"}"}]}
RESULT: undefined
COMMAND: POST /session/87d62074a4cb28b4ac0fd763e82d6371/element - {"using":"xpath","value":"//*[@id=\"__button43\"]"}
RESULT: {"using":"xpath","value":"//*[@id=\"__button43\"]"}
COMMAND: POST /session/87d62074a4cb28b4ac0fd763e82d6371/element/f.62693C2623AD3835EDB30C63D0026C38.d.A3E713800E84F12551D7F00634BBCCD8.e.7993/click - {}
RESULT: {}
COMMAND: GET /session/87d62074a4cb28b4ac0fd763e82d6371/screenshot - {}
RESULT: {}
COMMAND: POST /session/87d62074a4cb28b4ac0fd763e82d6371/element - {"using":"css selector","value":"#shell-header-logo"}
RESULT: {"using":"css selector","value":"#shell-header-logo"}
COMMAND: POST /session/87d62074a4cb28b4ac0fd763e82d6371/element/f.62693C2623AD3835EDB30C63D0026C38.d.A3E713800E84F12551D7F00634BBCCD8.e.7826/click - {}
RESULT: {}
COMMAND: GET /session/87d62074a4cb28b4ac0fd763e82d6371/screenshot - {}
RESULT: {}
]]></system-out>
    </testcase>
    <testcase classname="chrome.137_0_7151_69.windows.Manage_requests_-_requests_specifications_US141095" name="Should create a new request and add the catalog item with the specifications" time="151.69">
      <system-out><![CDATA[
COMMAND: POST /session/87d62074a4cb28b4ac0fd763e82d6371/execute/async - {"script":"<script> [1562 bytes]","args":[{"selector":{"controlType":"sap.m.GenericTile","properties":{"header":"Manage Requests"}},"wdio_ui5_key":"sapm.GenericTile{\"header\":\"Manage Requests\"}"}]}
RESULT: {"script":"<script> [1562 bytes]","args":[{"selector":{"controlType":"sap.m.GenericTile","properties":{"header":"Manage Requests"}},"wdio_ui5_key":"sapm.GenericTile{\"header\":\"Manage Requests\"}"}]}
RESULT: undefined
COMMAND: POST /session/87d62074a4cb28b4ac0fd763e82d6371/element - {"using":"xpath","value":"//*[@id=\"__tile48\"]"}
RESULT: {"using":"xpath","value":"//*[@id=\"__tile48\"]"}
COMMAND: POST /session/87d62074a4cb28b4ac0fd763e82d6371/element/f.62693C2623AD3835EDB30C63D0026C38.d.A3E713800E84F12551D7F00634BBCCD8.e.8099/click - {}
RESULT: {}
COMMAND: GET /session/87d62074a4cb28b4ac0fd763e82d6371/screenshot - {}
RESULT: {}
COMMAND: POST /session/87d62074a4cb28b4ac0fd763e82d6371/elements - {"using":"xpath","value":"//span[text()='Error']"}
RESULT: {"using":"xpath","value":"//span[text()='Error']"}
COMMAND: POST /session/87d62074a4cb28b4ac0fd763e82d6371/element - {"using":"xpath","value":"//button[contains(@data-kt ,\"btnCreateNewOverflowToolbarButton\")]"}
COMMAND: POST /session/87d62074a4cb28b4ac0fd763e82d6371/element - {"using":"xpath","value":"(//span[contains(@class ,\"sapMObjStatusText\")])[1]"}
RESULT: {"using":"xpath","value":"//button[contains(@data-kt ,\"btnCreateNewOverflowToolbarButton\")]"}
COMMAND: POST /session/87d62074a4cb28b4ac0fd763e82d6371/element/f.62693C2623AD3835EDB30C63D0026C38.d.A3E713800E84F12551D7F00634BBCCD8.e.8155/click - {}
RESULT: {"using":"xpath","value":"(//span[contains(@class ,\"sapMObjStatusText\")])[1]"}
COMMAND: POST /session/87d62074a4cb28b4ac0fd763e82d6371/execute/sync - {"script":"<script> [8489 bytes]","args":[{"element-6066-11e4-a52e-4f735466cecf":"f.62693C2623AD3835EDB30C63D0026C38.d.A3E713800E84F12551D7F00634BBCCD8.e.8194","ELEMENT":"f.62693C2623AD3835EDB30C63D0026C38.d.A3E713800E84F12551D7F00634BBCCD8.e.8194"}]}
RESULT: {}
COMMAND: GET /session/87d62074a4cb28b4ac0fd763e82d6371/screenshot - {}
RESULT: {"script":"<script> [8489 bytes]","args":[{"element-6066-11e4-a52e-4f735466cecf":"f.62693C2623AD3835EDB30C63D0026C38.d.A3E713800E84F12551D7F00634BBCCD8.e.8194","ELEMENT":"f.62693C2623AD3835EDB30C63D0026C38.d.A3E713800E84F12551D7F00634BBCCD8.e.8194"}]}
COMMAND: GET /session/87d62074a4cb28b4ac0fd763e82d6371/screenshot - {}
RESULT: {}
RESULT: {}
COMMAND: POST /session/87d62074a4cb28b4ac0fd763e82d6371/element - {"using":"xpath","value":"//input[contains(@id ,\"yardId-inner\")]"}
RESULT: {"using":"xpath","value":"//input[contains(@id ,\"yardId-inner\")]"}
COMMAND: POST /session/87d62074a4cb28b4ac0fd763e82d6371/execute/sync - {"script":"<script> [8489 bytes]","args":[{"element-6066-11e4-a52e-4f735466cecf":"f.62693C2623AD3835EDB30C63D0026C38.d.A3E713800E84F12551D7F00634BBCCD8.e.8276","ELEMENT":"f.62693C2623AD3835EDB30C63D0026C38.d.A3E713800E84F12551D7F00634BBCCD8.e.8276"}]}
RESULT: {"script":"<script> [8489 bytes]","args":[{"element-6066-11e4-a52e-4f735466cecf":"f.62693C2623AD3835EDB30C63D0026C38.d.A3E713800E84F12551D7F00634BBCCD8.e.8276","ELEMENT":"f.62693C2623AD3835EDB30C63D0026C38.d.A3E713800E84F12551D7F00634BBCCD8.e.8276"}]}
COMMAND: POST /session/87d62074a4cb28b4ac0fd763e82d6371/element - {"using":"xpath","value":"//input[contains(@id ,\"yardId-inner\")]"}
COMMAND: GET /session/87d62074a4cb28b4ac0fd763e82d6371/screenshot - {}
RESULT: {"using":"xpath","value":"//input[contains(@id ,\"yardId-inner\")]"}
COMMAND: GET /session/87d62074a4cb28b4ac0fd763e82d6371/element/f.62693C2623AD3835EDB30C63D0026C38.d.A3E713800E84F12551D7F00634BBCCD8.e.8276/enabled - {}
RESULT: {}
RESULT: {}
COMMAND: POST /session/87d62074a4cb28b4ac0fd763e82d6371/element/f.62693C2623AD3835EDB30C63D0026C38.d.A3E713800E84F12551D7F00634BBCCD8.e.8276/clear - {}
COMMAND: GET /session/87d62074a4cb28b4ac0fd763e82d6371/screenshot - {}
RESULT: {}
COMMAND: POST /session/87d62074a4cb28b4ac0fd763e82d6371/element/f.62693C2623AD3835EDB30C63D0026C38.d.A3E713800E84F12551D7F00634BBCCD8.e.8276/value - {"text":"WebdriverYardcxril"}
COMMAND: GET /session/87d62074a4cb28b4ac0fd763e82d6371/screenshot - {}
RESULT: {}
RESULT: {"text":"WebdriverYardcxril"}
COMMAND: GET /session/87d62074a4cb28b4ac0fd763e82d6371/screenshot - {}
RESULT: {}
RESULT: {}
COMMAND: POST /session/87d62074a4cb28b4ac0fd763e82d6371/actions - {"actions":[{"id":"action52","type":"key","parameters":{},"actions":[{"type":"keyDown","value":""},{"type":"pause","duration":10},{"type":"keyUp","value":""}]}]}
COMMAND: POST /session/87d62074a4cb28b4ac0fd763e82d6371/element - {"using":"xpath","value":"//input[contains(@id ,\"customerNumber-inner\")]"}
RESULT: {"actions":[{"id":"action52","type":"key","parameters":{},"actions":[{"type":"keyDown","value":""},{"type":"pause","duration":10},{"type":"keyUp","value":""}]}]}
COMMAND: GET /session/87d62074a4cb28b4ac0fd763e82d6371/screenshot - {}
RESULT: {"using":"xpath","value":"//input[contains(@id ,\"customerNumber-inner\")]"}
COMMAND: POST /session/87d62074a4cb28b4ac0fd763e82d6371/element/f.62693C2623AD3835EDB30C63D0026C38.d.A3E713800E84F12551D7F00634BBCCD8.e.8270/value - {"text":"WebdriverPartnerg5xni"}
RESULT: {}
RESULT: {"text":"WebdriverPartnerg5xni"}
COMMAND: GET /session/87d62074a4cb28b4ac0fd763e82d6371/screenshot - {}
RESULT: {}
COMMAND: POST /session/87d62074a4cb28b4ac0fd763e82d6371/actions - {"actions":[{"id":"action53","type":"key","parameters":{},"actions":[{"type":"keyDown","value":""},{"type":"pause","duration":10},{"type":"keyUp","value":""}]}]}
RESULT: {"actions":[{"id":"action53","type":"key","parameters":{},"actions":[{"type":"keyDown","value":""},{"type":"pause","duration":10},{"type":"keyUp","value":""}]}]}
COMMAND: GET /session/87d62074a4cb28b4ac0fd763e82d6371/screenshot - {}
RESULT: {}
COMMAND: POST /session/87d62074a4cb28b4ac0fd763e82d6371/element - {"using":"xpath","value":"//input[contains(@id ,\"requestSiteId-inner\")]"}
RESULT: {"using":"xpath","value":"//input[contains(@id ,\"requestSiteId-inner\")]"}
COMMAND: POST /session/87d62074a4cb28b4ac0fd763e82d6371/element/f.62693C2623AD3835EDB30C63D0026C38.d.A3E713800E84F12551D7F00634BBCCD8.e.8269/value - {"text":"WebdriverSitenlhvxi"}
RESULT: {"text":"WebdriverSitenlhvxi"}
COMMAND: GET /session/87d62074a4cb28b4ac0fd763e82d6371/screenshot - {}
RESULT: {}
COMMAND: POST /session/87d62074a4cb28b4ac0fd763e82d6371/actions - {"actions":[{"id":"action54","type":"key","parameters":{},"actions":[{"type":"keyDown","value":""},{"type":"pause","duration":10},{"type":"keyUp","value":""}]}]}
RESULT: {"actions":[{"id":"action54","type":"key","parameters":{},"actions":[{"type":"keyDown","value":""},{"type":"pause","duration":10},{"type":"keyUp","value":""}]}]}
COMMAND: POST /session/87d62074a4cb28b4ac0fd763e82d6371/execute/async - {"script":"<script> [1562 bytes]","args":[{"selector":{"controlType":"sap.ui.core.Icon","viewName":"etm.portal.ui.managerequests.view.NewRequest","properties":{"src":{"regex":{"source":"add"}}}},"wdio_ui5_key":"etmportal.ui.managerequests.view.NewRequestsap.ui.core.Icon{\"src\":{\"regex\":{\"source\":\"add\"}}}"}]}
COMMAND: GET /session/87d62074a4cb28b4ac0fd763e82d6371/screenshot - {}
RESULT: {"script":"<script> [1562 bytes]","args":[{"selector":{"controlType":"sap.ui.core.Icon","viewName":"etm.portal.ui.managerequests.view.NewRequest","properties":{"src":{"regex":{"source":"add"}}}},"wdio_ui5_key":"etmportal.ui.managerequests.view.NewRequestsap.ui.core.Icon{\"src\":{\"regex\":{\"source\":\"add\"}}}"}]}
RESULT: undefined
COMMAND: POST /session/87d62074a4cb28b4ac0fd763e82d6371/element - {"using":"xpath","value":"//*[@id=\"__xmlview60--btnAddTableRow-img\"]"}
RESULT: {}
RESULT: {"using":"xpath","value":"//*[@id=\"__xmlview60--btnAddTableRow-img\"]"}
COMMAND: POST /session/87d62074a4cb28b4ac0fd763e82d6371/element/f.62693C2623AD3835EDB30C63D0026C38.d.A3E713800E84F12551D7F00634BBCCD8.e.8449/click - {}
RESULT: {}
COMMAND: GET /session/87d62074a4cb28b4ac0fd763e82d6371/screenshot - {}
RESULT: {}
COMMAND: POST /session/87d62074a4cb28b4ac0fd763e82d6371/actions - {"actions":[{"id":"action55","type":"key","parameters":{},"actions":[{"type":"keyDown","value":""},{"type":"pause","duration":10},{"type":"keyUp","value":""}]}]}
RESULT: {"actions":[{"id":"action55","type":"key","parameters":{},"actions":[{"type":"keyDown","value":""},{"type":"pause","duration":10},{"type":"keyUp","value":""}]}]}
COMMAND: POST /session/87d62074a4cb28b4ac0fd763e82d6371/actions - {"actions":[{"id":"action56","type":"key","parameters":{},"actions":[{"type":"keyDown","value":""},{"type":"pause","duration":10},{"type":"keyUp","value":""}]}]}
COMMAND: GET /session/87d62074a4cb28b4ac0fd763e82d6371/screenshot - {}
RESULT: {"actions":[{"id":"action56","type":"key","parameters":{},"actions":[{"type":"keyDown","value":""},{"type":"pause","duration":10},{"type":"keyUp","value":""}]}]}
COMMAND: POST /session/87d62074a4cb28b4ac0fd763e82d6371/element - {"using":"xpath","value":"(//input[contains(@id ,\"requestItemsTable-0-inner\")])[1]"}
COMMAND: GET /session/87d62074a4cb28b4ac0fd763e82d6371/screenshot - {}
RESULT: {}
RESULT: {"using":"xpath","value":"(//input[contains(@id ,\"requestItemsTable-0-inner\")])[1]"}
COMMAND: POST /session/87d62074a4cb28b4ac0fd763e82d6371/element/f.62693C2623AD3835EDB30C63D0026C38.d.A3E713800E84F12551D7F00634BBCCD8.e.8454/clear - {}
RESULT: {}
RESULT: {}
COMMAND: POST /session/87d62074a4cb28b4ac0fd763e82d6371/element/f.62693C2623AD3835EDB30C63D0026C38.d.A3E713800E84F12551D7F00634BBCCD8.e.8454/value - {"text":"catalogItemNamesj68r"}
COMMAND: GET /session/87d62074a4cb28b4ac0fd763e82d6371/screenshot - {}
RESULT: {"text":"catalogItemNamesj68r"}
COMMAND: GET /session/87d62074a4cb28b4ac0fd763e82d6371/screenshot - {}
RESULT: {}
RESULT: {}
COMMAND: POST /session/87d62074a4cb28b4ac0fd763e82d6371/actions - {"actions":[{"id":"action57","type":"key","parameters":{},"actions":[{"type":"keyDown","value":""},{"type":"pause","duration":10},{"type":"keyUp","value":""}]}]}
RESULT: {"actions":[{"id":"action57","type":"key","parameters":{},"actions":[{"type":"keyDown","value":""},{"type":"pause","duration":10},{"type":"keyUp","value":""}]}]}
COMMAND: GET /session/87d62074a4cb28b4ac0fd763e82d6371/screenshot - {}
RESULT: {}
COMMAND: POST /session/87d62074a4cb28b4ac0fd763e82d6371/execute/async - {"script":"<script> [1562 bytes]","args":[{"selector":{"controlType":"sap.m.Button","viewName":"etm.portal.ui.managerequests.view.NewRequest","i18NText":{"propertyName":"text","key":"requestSpecifications"},"interaction":{"idSuffix":"BDI-content"}},"wdio_ui5_key":"etmportal.ui.managerequests.view.NewRequestsap.m.Button{\"propertyName\":\"text\",\"key\":\"requestSpecifications\"}"}]}
RESULT: {"script":"<script> [1562 bytes]","args":[{"selector":{"controlType":"sap.m.Button","viewName":"etm.portal.ui.managerequests.view.NewRequest","i18NText":{"propertyName":"text","key":"requestSpecifications"},"interaction":{"idSuffix":"BDI-content"}},"wdio_ui5_key":"etmportal.ui.managerequests.view.NewRequestsap.m.Button{\"propertyName\":\"text\",\"key\":\"requestSpecifications\"}"}]}
RESULT: undefined
COMMAND: POST /session/87d62074a4cb28b4ac0fd763e82d6371/element - {"using":"xpath","value":"//*[@id=\"__button78-__xmlview60--requestItemsTable-0\"]"}
RESULT: {"using":"xpath","value":"//*[@id=\"__button78-__xmlview60--requestItemsTable-0\"]"}
COMMAND: POST /session/87d62074a4cb28b4ac0fd763e82d6371/element/f.62693C2623AD3835EDB30C63D0026C38.d.A3E713800E84F12551D7F00634BBCCD8.e.8469/click - {}
RESULT: {}
COMMAND: GET /session/87d62074a4cb28b4ac0fd763e82d6371/screenshot - {}
RESULT: {}
COMMAND: POST /session/87d62074a4cb28b4ac0fd763e82d6371/element - {"using":"xpath","value":"//input[@value=\"red\"]"}
RESULT: {"using":"xpath","value":"//input[@value=\"red\"]"}
COMMAND: POST /session/87d62074a4cb28b4ac0fd763e82d6371/elements - {"using":"xpath","value":"//input[@value=\"red\"]"}
RESULT: {"using":"xpath","value":"//input[@value=\"red\"]"}
COMMAND: POST /session/87d62074a4cb28b4ac0fd763e82d6371/execute/async - {"script":"<script> [1562 bytes]","args":[{"selector":{"controlType":"sap.m.Text","viewName":"etm.portal.ui.managerequests.view.NewRequest","bindingPath":{"path":"/currentEntries/0/PROPERTIES/0","propertyPath":"DESCRIPTION","modelName":"techSpecsClassificationModel"},"searchOpenDialogs":true},"wdio_ui5_key":"etmportal.ui.managerequests.view.NewRequestsap.m.Text{\"path\":\"/currentEntries/0/PROPERTIES/0\",\"propertyPath\":\"DESCRIPTION\",\"modelName\":\"techSpecsClassificationModel\"}"}]}
RESULT: {"script":"<script> [1562 bytes]","args":[{"selector":{"controlType":"sap.m.Text","viewName":"etm.portal.ui.managerequests.view.NewRequest","bindingPath":{"path":"/currentEntries/0/PROPERTIES/0","propertyPath":"DESCRIPTION","modelName":"techSpecsClassificationModel"},"searchOpenDialogs":true},"wdio_ui5_key":"etmportal.ui.managerequests.view.NewRequestsap.m.Text{\"path\":\"/currentEntries/0/PROPERTIES/0\",\"propertyPath\":\"DESCRIPTION\",\"modelName\":\"techSpecsClassificationModel\"}"}]}
RESULT: undefined
COMMAND: POST /session/87d62074a4cb28b4ac0fd763e82d6371/execute/async - {"script":"<script> [6424 bytes]","args":[{"element-6066-11e4-a52e-4f735466cecf":"f.62693C2623AD3835EDB30C63D0026C38.d.A3E713800E84F12551D7F00634BBCCD8.e.8478"},"getText",[]]}
RESULT: {"script":"<script> [6424 bytes]","args":[{"element-6066-11e4-a52e-4f735466cecf":"f.62693C2623AD3835EDB30C63D0026C38.d.A3E713800E84F12551D7F00634BBCCD8.e.8478"},"getText",[]]}
COMMAND: POST /session/87d62074a4cb28b4ac0fd763e82d6371/execute/async - {"script":"<script> [1562 bytes]","args":[{"selector":{"controlType":"sap.ui.core.Icon","viewName":"etm.portal.ui.managerequests.view.NewRequest","properties":{"src":{"regex":{"source":"slim\\-arrow\\-down"}}},"searchOpenDialogs":true},"wdio_ui5_key":"etmportal.ui.managerequests.view.NewRequestsap.ui.core.Icon{\"src\":{\"regex\":{\"source\":\"slim\\\\-arrow\\\\-down\"}}}"}]}
RESULT: {"script":"<script> [1562 bytes]","args":[{"selector":{"controlType":"sap.ui.core.Icon","viewName":"etm.portal.ui.managerequests.view.NewRequest","properties":{"src":{"regex":{"source":"slim\\-arrow\\-down"}}},"searchOpenDialogs":true},"wdio_ui5_key":"etmportal.ui.managerequests.view.NewRequestsap.ui.core.Icon{\"src\":{\"regex\":{\"source\":\"slim\\\\-arrow\\\\-down\"}}}"}]}
RESULT: undefined
COMMAND: POST /session/87d62074a4cb28b4ac0fd763e82d6371/element - {"using":"xpath","value":"//*[@id=\"__box58-arrow\"]"}
RESULT: {"using":"xpath","value":"//*[@id=\"__box58-arrow\"]"}
COMMAND: POST /session/87d62074a4cb28b4ac0fd763e82d6371/element/f.62693C2623AD3835EDB30C63D0026C38.d.A3E713800E84F12551D7F00634BBCCD8.e.8479/click - {}
RESULT: {}
COMMAND: POST /session/87d62074a4cb28b4ac0fd763e82d6371/execute/async - {"script":"<script> [1562 bytes]","args":[{"selector":{"controlType":"sap.m.StandardListItem","viewName":"etm.portal.ui.managerequests.view.NewRequest","properties":{"title":"blue"},"searchOpenDialogs":true,"interaction":{"idSuffix":"content"}},"wdio_ui5_key":"etmportal.ui.managerequests.view.NewRequestsap.m.StandardListItem{\"title\":\"blue\"}"}]}
COMMAND: GET /session/87d62074a4cb28b4ac0fd763e82d6371/screenshot - {}
RESULT: {"script":"<script> [1562 bytes]","args":[{"selector":{"controlType":"sap.m.StandardListItem","viewName":"etm.portal.ui.managerequests.view.NewRequest","properties":{"title":"blue"},"searchOpenDialogs":true,"interaction":{"idSuffix":"content"}},"wdio_ui5_key":"etmportal.ui.managerequests.view.NewRequestsap.m.StandardListItem{\"title\":\"blue\"}"}]}
RESULT: undefined
COMMAND: POST /session/87d62074a4cb28b4ac0fd763e82d6371/element - {"using":"xpath","value":"//*[@id=\"__item700\"]"}
RESULT: {}
RESULT: {"using":"xpath","value":"//*[@id=\"__item700\"]"}
COMMAND: POST /session/87d62074a4cb28b4ac0fd763e82d6371/element/f.62693C2623AD3835EDB30C63D0026C38.d.A3E713800E84F12551D7F00634BBCCD8.e.8481/click - {}
RESULT: {}
COMMAND: GET /session/87d62074a4cb28b4ac0fd763e82d6371/screenshot - {}
RESULT: {}
COMMAND: POST /session/87d62074a4cb28b4ac0fd763e82d6371/execute/async - {"script":"<script> [1562 bytes]","args":[{"selector":{"id":"saveButton","viewName":"etm.portal.ui.managerequests.view.NewRequest","searchOpenDialogs":true,"interaction":{"idSuffix":"BDI-content"}},"wdio_ui5_key":"saveButtonetmportal.ui.managerequests.view.NewRequest"}]}
RESULT: {"script":"<script> [1562 bytes]","args":[{"selector":{"id":"saveButton","viewName":"etm.portal.ui.managerequests.view.NewRequest","searchOpenDialogs":true,"interaction":{"idSuffix":"BDI-content"}},"wdio_ui5_key":"saveButtonetmportal.ui.managerequests.view.NewRequest"}]}
RESULT: undefined
COMMAND: POST /session/87d62074a4cb28b4ac0fd763e82d6371/element - {"using":"xpath","value":"//*[@id=\"__xmlview60--saveButton\"]"}
RESULT: {"using":"xpath","value":"//*[@id=\"__xmlview60--saveButton\"]"}
COMMAND: POST /session/87d62074a4cb28b4ac0fd763e82d6371/element/f.62693C2623AD3835EDB30C63D0026C38.d.A3E713800E84F12551D7F00634BBCCD8.e.8476/click - {}
RESULT: {}
COMMAND: POST /session/87d62074a4cb28b4ac0fd763e82d6371/execute/async - {"script":"<script> [1562 bytes]","args":[{"selector":{"controlType":"sap.ui.core.Icon","viewName":"etm.portal.ui.managerequests.view.NewRequest","properties":{"src":{"regex":{"source":"slim\\-arrow\\-down"}}},"ancestor":{"controlType":"sap.m.Button","viewName":"etm.portal.ui.managerequests.view.NewRequest","properties":{"icon":"sap-icon://slim-arrow-down"}}},"wdio_ui5_key":"etmportal.ui.managerequests.view.NewRequestsap.ui.core.Icon{\"src\":{\"regex\":{\"source\":\"slim\\\\-arrow\\\\-down\"}}}{\"controlType\":\"sap.m.Button\",\"viewName\":\"etm.portal.ui.managerequests.view.NewRequest\",\"properties\":{\"icon\":\"sap-icon://slim-arrow-down\"}}"}]}
COMMAND: GET /session/87d62074a4cb28b4ac0fd763e82d6371/screenshot - {}
RESULT: {"script":"<script> [1562 bytes]","args":[{"selector":{"controlType":"sap.ui.core.Icon","viewName":"etm.portal.ui.managerequests.view.NewRequest","properties":{"src":{"regex":{"source":"slim\\-arrow\\-down"}}},"ancestor":{"controlType":"sap.m.Button","viewName":"etm.portal.ui.managerequests.view.NewRequest","properties":{"icon":"sap-icon://slim-arrow-down"}}},"wdio_ui5_key":"etmportal.ui.managerequests.view.NewRequestsap.ui.core.Icon{\"src\":{\"regex\":{\"source\":\"slim\\\\-arrow\\\\-down\"}}}{\"controlType\":\"sap.m.Button\",\"viewName\":\"etm.portal.ui.managerequests.view.NewRequest\",\"properties\":{\"icon\":\"sap-icon://slim-arrow-down\"}}"}]}
RESULT: undefined
RESULT: {}
COMMAND: POST /session/87d62074a4cb28b4ac0fd763e82d6371/element - {"using":"xpath","value":"//div[contains(@data-kt ,\"splitAllocationObjectStatus\")]"}
RESULT: {"using":"xpath","value":"//div[contains(@data-kt ,\"splitAllocationObjectStatus\")]"}
COMMAND: POST /session/87d62074a4cb28b4ac0fd763e82d6371/elements - {"using":"xpath","value":"//div[contains(@data-kt ,\"splitAllocationObjectStatus\")]"}
RESULT: {"using":"xpath","value":"//div[contains(@data-kt ,\"splitAllocationObjectStatus\")]"}
COMMAND: POST /session/87d62074a4cb28b4ac0fd763e82d6371/execute/async - {"script":"<script> [1562 bytes]","args":[{"selector":{"controlType":"sap.ui.core.Icon","viewName":"etm.portal.ui.managerequests.view.NewRequest","properties":{"src":{"regex":{"source":"message\\-error"}}}},"wdio_ui5_key":"etmportal.ui.managerequests.view.NewRequestsap.ui.core.Icon{\"src\":{\"regex\":{\"source\":\"message\\\\-error\"}}}"}]}
RESULT: {"script":"<script> [1562 bytes]","args":[{"selector":{"controlType":"sap.ui.core.Icon","viewName":"etm.portal.ui.managerequests.view.NewRequest","properties":{"src":{"regex":{"source":"message\\-error"}}}},"wdio_ui5_key":"etmportal.ui.managerequests.view.NewRequestsap.ui.core.Icon{\"src\":{\"regex\":{\"source\":\"message\\\\-error\"}}}"}]}
RESULT: undefined
COMMAND: POST /session/87d62074a4cb28b4ac0fd763e82d6371/element - {"using":"xpath","value":"//*[@id=\"__status4-__xmlview60--requestItemsTable-0-icon\"]"}
RESULT: {"using":"xpath","value":"//*[@id=\"__status4-__xmlview60--requestItemsTable-0-icon\"]"}
COMMAND: POST /session/87d62074a4cb28b4ac0fd763e82d6371/element/f.62693C2623AD3835EDB30C63D0026C38.d.A3E713800E84F12551D7F00634BBCCD8.e.8484/click - {}
RESULT: {}
COMMAND: POST /session/87d62074a4cb28b4ac0fd763e82d6371/execute/async - {"script":"<script> [1562 bytes]","args":[{"selector":{"controlType":"sap.ui.core.Icon","viewName":"etm.portal.ui.managerequests.view.NewRequest","properties":{"src":{"regex":{"source":"slim\\-arrow\\-down"}}},"searchOpenDialogs":true,"ancestor":{"id":"costObjectAdminTypeComboBox","viewName":"etm.portal.ui.managerequests.view.NewRequest","searchOpenDialogs":true}},"wdio_ui5_key":"etmportal.ui.managerequests.view.NewRequestsap.ui.core.Icon{\"src\":{\"regex\":{\"source\":\"slim\\\\-arrow\\\\-down\"}}}{\"id\":\"costObjectAdminTypeComboBox\",\"viewName\":\"etm.portal.ui.managerequests.view.NewRequest\",\"searchOpenDialogs\":true}"}]}
COMMAND: GET /session/87d62074a4cb28b4ac0fd763e82d6371/screenshot - {}
RESULT: {"script":"<script> [1562 bytes]","args":[{"selector":{"controlType":"sap.ui.core.Icon","viewName":"etm.portal.ui.managerequests.view.NewRequest","properties":{"src":{"regex":{"source":"slim\\-arrow\\-down"}}},"searchOpenDialogs":true,"ancestor":{"id":"costObjectAdminTypeComboBox","viewName":"etm.portal.ui.managerequests.view.NewRequest","searchOpenDialogs":true}},"wdio_ui5_key":"etmportal.ui.managerequests.view.NewRequestsap.ui.core.Icon{\"src\":{\"regex\":{\"source\":\"slim\\\\-arrow\\\\-down\"}}}{\"id\":\"costObjectAdminTypeComboBox\",\"viewName\":\"etm.portal.ui.managerequests.view.NewRequest\",\"searchOpenDialogs\":true}"}]}
RESULT: undefined
COMMAND: POST /session/87d62074a4cb28b4ac0fd763e82d6371/element - {"using":"xpath","value":"//*[@id=\"__xmlview60--costObjectAdminTypeComboBox-arrow\"]"}
RESULT: {}
RESULT: {"using":"xpath","value":"//*[@id=\"__xmlview60--costObjectAdminTypeComboBox-arrow\"]"}
COMMAND: POST /session/87d62074a4cb28b4ac0fd763e82d6371/element/f.62693C2623AD3835EDB30C63D0026C38.d.A3E713800E84F12551D7F00634BBCCD8.e.8488/click - {}
RESULT: {}
COMMAND: POST /session/87d62074a4cb28b4ac0fd763e82d6371/execute/async - {"script":"<script> [1562 bytes]","args":[{"selector":{"controlType":"sap.m.StandardListItem","viewName":"etm.portal.ui.managerequests.view.NewRequest","properties":{"title":"Cost Center"},"searchOpenDialogs":true,"interaction":{"idSuffix":"titleText"}},"wdio_ui5_key":"etmportal.ui.managerequests.view.NewRequestsap.m.StandardListItem{\"title\":\"Cost Center\"}"}]}
COMMAND: GET /session/87d62074a4cb28b4ac0fd763e82d6371/screenshot - {}
RESULT: {"script":"<script> [1562 bytes]","args":[{"selector":{"controlType":"sap.m.StandardListItem","viewName":"etm.portal.ui.managerequests.view.NewRequest","properties":{"title":"Cost Center"},"searchOpenDialogs":true,"interaction":{"idSuffix":"titleText"}},"wdio_ui5_key":"etmportal.ui.managerequests.view.NewRequestsap.m.StandardListItem{\"title\":\"Cost Center\"}"}]}
RESULT: undefined
COMMAND: POST /session/87d62074a4cb28b4ac0fd763e82d6371/element - {"using":"xpath","value":"//*[@id=\"__item703\"]"}
RESULT: {}
RESULT: {"using":"xpath","value":"//*[@id=\"__item703\"]"}
COMMAND: POST /session/87d62074a4cb28b4ac0fd763e82d6371/element/f.62693C2623AD3835EDB30C63D0026C38.d.A3E713800E84F12551D7F00634BBCCD8.e.8491/click - {}
RESULT: {}
COMMAND: GET /session/87d62074a4cb28b4ac0fd763e82d6371/screenshot - {}
RESULT: {}
COMMAND: POST /session/87d62074a4cb28b4ac0fd763e82d6371/execute/async - {"script":"<script> [1562 bytes]","args":[{"selector":{"controlType":"sap.ui.core.Icon","viewName":"etm.portal.ui.managerequests.view.NewRequest","properties":{"src":{"regex":{"source":"value\\-help"}}},"searchOpenDialogs":true},"wdio_ui5_key":"etmportal.ui.managerequests.view.NewRequestsap.ui.core.Icon{\"src\":{\"regex\":{\"source\":\"value\\\\-help\"}}}"}]}
RESULT: {"script":"<script> [1562 bytes]","args":[{"selector":{"controlType":"sap.ui.core.Icon","viewName":"etm.portal.ui.managerequests.view.NewRequest","properties":{"src":{"regex":{"source":"value\\-help"}}},"searchOpenDialogs":true},"wdio_ui5_key":"etmportal.ui.managerequests.view.NewRequestsap.ui.core.Icon{\"src\":{\"regex\":{\"source\":\"value\\\\-help\"}}}"}]}
RESULT: undefined
COMMAND: POST /session/87d62074a4cb28b4ac0fd763e82d6371/element - {"using":"xpath","value":"//*[@id=\"__xmlview60--costObjectIdComboBox-vhi\"]"}
RESULT: {"using":"xpath","value":"//*[@id=\"__xmlview60--costObjectIdComboBox-vhi\"]"}
COMMAND: POST /session/87d62074a4cb28b4ac0fd763e82d6371/element/f.62693C2623AD3835EDB30C63D0026C38.d.A3E713800E84F12551D7F00634BBCCD8.e.8498/click - {}
RESULT: {}
COMMAND: POST /session/87d62074a4cb28b4ac0fd763e82d6371/execute/async - {"script":"<script> [1562 bytes]","args":[{"selector":{"controlType":"sap.m.SearchField","properties":{"placeholder":"Search"},"searchOpenDialogs":true,"interaction":{"idSuffix":"I"}},"wdio_ui5_key":"sapm.SearchField{\"placeholder\":\"Search\"}"}]}
COMMAND: GET /session/87d62074a4cb28b4ac0fd763e82d6371/screenshot - {}
RESULT: {"script":"<script> [1562 bytes]","args":[{"selector":{"controlType":"sap.m.SearchField","properties":{"placeholder":"Search"},"searchOpenDialogs":true,"interaction":{"idSuffix":"I"}},"wdio_ui5_key":"sapm.SearchField{\"placeholder\":\"Search\"}"}]}
RESULT: undefined
COMMAND: POST /session/87d62074a4cb28b4ac0fd763e82d6371/execute/async - {"script":"<script> [776 bytes]","args":[{"enterText":"10001010","selector":{"controlType":"sap.m.SearchField","properties":{"placeholder":"Search"},"searchOpenDialogs":true,"interaction":{"idSuffix":"I"}},"clearTextFirst":true,"interactionType":"ENTER_TEXT"}]}
RESULT: {}
RESULT: {"script":"<script> [776 bytes]","args":[{"enterText":"10001010","selector":{"controlType":"sap.m.SearchField","properties":{"placeholder":"Search"},"searchOpenDialogs":true,"interaction":{"idSuffix":"I"}},"clearTextFirst":true,"interactionType":"ENTER_TEXT"}]}
COMMAND: POST /session/87d62074a4cb28b4ac0fd763e82d6371/actions - {"actions":[{"id":"action58","type":"key","parameters":{},"actions":[{"type":"keyDown","value":""},{"type":"pause","duration":10},{"type":"keyUp","value":""}]}]}
RESULT: {"actions":[{"id":"action58","type":"key","parameters":{},"actions":[{"type":"keyDown","value":""},{"type":"pause","duration":10},{"type":"keyUp","value":""}]}]}
COMMAND: GET /session/87d62074a4cb28b4ac0fd763e82d6371/screenshot - {}
RESULT: {}
COMMAND: POST /session/87d62074a4cb28b4ac0fd763e82d6371/execute/async - {"script":"<script> [1562 bytes]","args":[{"selector":{"controlType":"sap.m.Text","bindingPath":{"path":"/C_CostCtrValueHelp(CostCenter='10001010',ControllingArea='Z001')","propertyPath":"CostCenterName","modelName":"CostCenterModel"},"searchOpenDialogs":true},"wdio_ui5_key":"sapm.Text{\"path\":\"/C_CostCtrValueHelp(CostCenter='10001010',ControllingArea='Z001')\",\"propertyPath\":\"CostCenterName\",\"modelName\":\"CostCenterModel\"}"}]}
RESULT: {"script":"<script> [1562 bytes]","args":[{"selector":{"controlType":"sap.m.Text","bindingPath":{"path":"/C_CostCtrValueHelp(CostCenter='10001010',ControllingArea='Z001')","propertyPath":"CostCenterName","modelName":"CostCenterModel"},"searchOpenDialogs":true},"wdio_ui5_key":"sapm.Text{\"path\":\"/C_CostCtrValueHelp(CostCenter='10001010',ControllingArea='Z001')\",\"propertyPath\":\"CostCenterName\",\"modelName\":\"CostCenterModel\"}"}]}
RESULT: undefined
COMMAND: POST /session/87d62074a4cb28b4ac0fd763e82d6371/element - {"using":"xpath","value":"//*[@id=\"__text548-__clone914\"]"}
RESULT: {"using":"xpath","value":"//*[@id=\"__text548-__clone914\"]"}
COMMAND: POST /session/87d62074a4cb28b4ac0fd763e82d6371/element/f.62693C2623AD3835EDB30C63D0026C38.d.A3E713800E84F12551D7F00634BBCCD8.e.8538/click - {}
RESULT: {}
COMMAND: POST /session/87d62074a4cb28b4ac0fd763e82d6371/execute/async - {"script":"<script> [1562 bytes]","args":[{"selector":{"controlType":"sap.m.Button","properties":{"text":"OK"},"searchOpenDialogs":true,"interaction":{"idSuffix":"BDI-content"}},"wdio_ui5_key":"sapm.Button{\"text\":\"OK\"}"}]}
COMMAND: GET /session/87d62074a4cb28b4ac0fd763e82d6371/screenshot - {}
RESULT: {"script":"<script> [1562 bytes]","args":[{"selector":{"controlType":"sap.m.Button","properties":{"text":"OK"},"searchOpenDialogs":true,"interaction":{"idSuffix":"BDI-content"}},"wdio_ui5_key":"sapm.Button{\"text\":\"OK\"}"}]}
RESULT: undefined
COMMAND: POST /session/87d62074a4cb28b4ac0fd763e82d6371/element - {"using":"xpath","value":"//*[@id=\"__dialog2-ok\"]"}
RESULT: {}
RESULT: {"using":"xpath","value":"//*[@id=\"__dialog2-ok\"]"}
COMMAND: POST /session/87d62074a4cb28b4ac0fd763e82d6371/element/f.62693C2623AD3835EDB30C63D0026C38.d.A3E713800E84F12551D7F00634BBCCD8.e.8540/click - {}
RESULT: {}
COMMAND: GET /session/87d62074a4cb28b4ac0fd763e82d6371/screenshot - {}
RESULT: {}
COMMAND: POST /session/87d62074a4cb28b4ac0fd763e82d6371/execute/async - {"script":"<script> [1562 bytes]","args":[{"selector":{"controlType":"sap.m.Button","viewName":"etm.portal.ui.managerequests.view.NewRequest","i18NText":{"propertyName":"text","key":"save"},"searchOpenDialogs":true,"interaction":{"idSuffix":"BDI-content"}},"wdio_ui5_key":"etmportal.ui.managerequests.view.NewRequestsap.m.Button{\"propertyName\":\"text\",\"key\":\"save\"}"}]}
RESULT: {"script":"<script> [1562 bytes]","args":[{"selector":{"controlType":"sap.m.Button","viewName":"etm.portal.ui.managerequests.view.NewRequest","i18NText":{"propertyName":"text","key":"save"},"searchOpenDialogs":true,"interaction":{"idSuffix":"BDI-content"}},"wdio_ui5_key":"etmportal.ui.managerequests.view.NewRequestsap.m.Button{\"propertyName\":\"text\",\"key\":\"save\"}"}]}
RESULT: undefined
COMMAND: POST /session/87d62074a4cb28b4ac0fd763e82d6371/element - {"using":"xpath","value":"//*[@id=\"__button90\"]"}
RESULT: {"using":"xpath","value":"//*[@id=\"__button90\"]"}
COMMAND: POST /session/87d62074a4cb28b4ac0fd763e82d6371/element/f.62693C2623AD3835EDB30C63D0026C38.d.A3E713800E84F12551D7F00634BBCCD8.e.8544/click - {}
RESULT: {}
COMMAND: GET /session/87d62074a4cb28b4ac0fd763e82d6371/screenshot - {}
RESULT: {}
COMMAND: POST /session/87d62074a4cb28b4ac0fd763e82d6371/execute/async - {"script":"<script> [1562 bytes]","args":[{"selector":{"controlType":"sap.m.Button","viewName":"etm.portal.ui.managerequests.view.NewRequest","i18NText":{"propertyName":"tooltip","key":"save"},"interaction":{"idSuffix":"content"}},"wdio_ui5_key":"etmportal.ui.managerequests.view.NewRequestsap.m.Button{\"propertyName\":\"tooltip\",\"key\":\"save\"}"}]}
RESULT: {"script":"<script> [1562 bytes]","args":[{"selector":{"controlType":"sap.m.Button","viewName":"etm.portal.ui.managerequests.view.NewRequest","i18NText":{"propertyName":"tooltip","key":"save"},"interaction":{"idSuffix":"content"}},"wdio_ui5_key":"etmportal.ui.managerequests.view.NewRequestsap.m.Button{\"propertyName\":\"tooltip\",\"key\":\"save\"}"}]}
RESULT: undefined
COMMAND: POST /session/87d62074a4cb28b4ac0fd763e82d6371/element - {"using":"xpath","value":"//*[@id=\"__button80\"]"}
RESULT: {"using":"xpath","value":"//*[@id=\"__button80\"]"}
COMMAND: POST /session/87d62074a4cb28b4ac0fd763e82d6371/element/f.62693C2623AD3835EDB30C63D0026C38.d.A3E713800E84F12551D7F00634BBCCD8.e.8377/click - {}
RESULT: {}
COMMAND: GET /session/87d62074a4cb28b4ac0fd763e82d6371/screenshot - {}
RESULT: {}
COMMAND: POST /session/87d62074a4cb28b4ac0fd763e82d6371/execute/async - {"script":"<script> [1562 bytes]","args":[{"selector":{"controlType":"sap.m.Title","properties":{"text":"Success"},"searchOpenDialogs":true},"wdio_ui5_key":"sapm.Title{\"text\":\"Success\"}"}]}
RESULT: {"script":"<script> [1562 bytes]","args":[{"selector":{"controlType":"sap.m.Title","properties":{"text":"Success"},"searchOpenDialogs":true},"wdio_ui5_key":"sapm.Title{\"text\":\"Success\"}"}]}
RESULT: undefined
COMMAND: POST /session/87d62074a4cb28b4ac0fd763e82d6371/execute/async - {"script":"<script> [6424 bytes]","args":[{"element-6066-11e4-a52e-4f735466cecf":"f.62693C2623AD3835EDB30C63D0026C38.d.A3E713800E84F12551D7F00634BBCCD8.e.8549"},"getText",[]]}
RESULT: {"script":"<script> [6424 bytes]","args":[{"element-6066-11e4-a52e-4f735466cecf":"f.62693C2623AD3835EDB30C63D0026C38.d.A3E713800E84F12551D7F00634BBCCD8.e.8549"},"getText",[]]}
COMMAND: POST /session/87d62074a4cb28b4ac0fd763e82d6371/execute/async - {"script":"<script> [1562 bytes]","args":[{"selector":{"controlType":"sap.m.Button","properties":{"text":"Close"},"searchOpenDialogs":true,"interaction":{"idSuffix":"BDI-content"}},"wdio_ui5_key":"sapm.Button{\"text\":\"Close\"}"}]}
RESULT: {"script":"<script> [1562 bytes]","args":[{"selector":{"controlType":"sap.m.Button","properties":{"text":"Close"},"searchOpenDialogs":true,"interaction":{"idSuffix":"BDI-content"}},"wdio_ui5_key":"sapm.Button{\"text\":\"Close\"}"}]}
RESULT: undefined
COMMAND: POST /session/87d62074a4cb28b4ac0fd763e82d6371/element - {"using":"xpath","value":"//*[@id=\"__mbox-btn-0\"]"}
RESULT: {"using":"xpath","value":"//*[@id=\"__mbox-btn-0\"]"}
COMMAND: POST /session/87d62074a4cb28b4ac0fd763e82d6371/element/f.62693C2623AD3835EDB30C63D0026C38.d.A3E713800E84F12551D7F00634BBCCD8.e.8548/click - {}
RESULT: {}
COMMAND: GET /session/87d62074a4cb28b4ac0fd763e82d6371/screenshot - {}
RESULT: {}
COMMAND: POST /session/87d62074a4cb28b4ac0fd763e82d6371/execute/async - {"script":"<script> [1562 bytes]","args":[{"selector":{"controlType":"sap.m.Button","viewName":"etm.portal.ui.managerequests.view.Detail","i18NText":{"propertyName":"text","key":"requestSpecifications"},"interaction":{"idSuffix":"BDI-content"}},"wdio_ui5_key":"etmportal.ui.managerequests.view.Detailsap.m.Button{\"propertyName\":\"text\",\"key\":\"requestSpecifications\"}"}]}
RESULT: {"script":"<script> [1562 bytes]","args":[{"selector":{"controlType":"sap.m.Button","viewName":"etm.portal.ui.managerequests.view.Detail","i18NText":{"propertyName":"text","key":"requestSpecifications"},"interaction":{"idSuffix":"BDI-content"}},"wdio_ui5_key":"etmportal.ui.managerequests.view.Detailsap.m.Button{\"propertyName\":\"text\",\"key\":\"requestSpecifications\"}"}]}
RESULT: undefined
COMMAND: POST /session/87d62074a4cb28b4ac0fd763e82d6371/element - {"using":"xpath","value":"//*[@id=\"__button106-__clone953\"]"}
RESULT: {"using":"xpath","value":"//*[@id=\"__button106-__clone953\"]"}
COMMAND: POST /session/87d62074a4cb28b4ac0fd763e82d6371/element/f.62693C2623AD3835EDB30C63D0026C38.d.A3E713800E84F12551D7F00634BBCCD8.e.8676/click - {}
RESULT: {}
COMMAND: GET /session/87d62074a4cb28b4ac0fd763e82d6371/screenshot - {}
RESULT: {}
COMMAND: POST /session/87d62074a4cb28b4ac0fd763e82d6371/element - {"using":"xpath","value":"//input[@value=\"blue\"]"}
RESULT: {"using":"xpath","value":"//input[@value=\"blue\"]"}
COMMAND: POST /session/87d62074a4cb28b4ac0fd763e82d6371/elements - {"using":"xpath","value":"//input[@value=\"blue\"]"}
RESULT: {"using":"xpath","value":"//input[@value=\"blue\"]"}
COMMAND: POST /session/87d62074a4cb28b4ac0fd763e82d6371/execute/async - {"script":"<script> [1562 bytes]","args":[{"selector":{"id":"cancelRequestSpecificationsButton","viewName":"etm.portal.ui.managerequests.view.Detail","searchOpenDialogs":true,"interaction":{"idSuffix":"BDI-content"}},"wdio_ui5_key":"cancelRequestSpecificationsButtonetmportal.ui.managerequests.view.Detail"}]}
RESULT: {"script":"<script> [1562 bytes]","args":[{"selector":{"id":"cancelRequestSpecificationsButton","viewName":"etm.portal.ui.managerequests.view.Detail","searchOpenDialogs":true,"interaction":{"idSuffix":"BDI-content"}},"wdio_ui5_key":"cancelRequestSpecificationsButtonetmportal.ui.managerequests.view.Detail"}]}
RESULT: undefined
COMMAND: POST /session/87d62074a4cb28b4ac0fd763e82d6371/element - {"using":"xpath","value":"//*[@id=\"__xmlview61--cancelRequestSpecificationsButton\"]"}
RESULT: {"using":"xpath","value":"//*[@id=\"__xmlview61--cancelRequestSpecificationsButton\"]"}
COMMAND: POST /session/87d62074a4cb28b4ac0fd763e82d6371/element/f.62693C2623AD3835EDB30C63D0026C38.d.A3E713800E84F12551D7F00634BBCCD8.e.8677/click - {}
RESULT: {}
COMMAND: GET /session/87d62074a4cb28b4ac0fd763e82d6371/screenshot - {}
COMMAND: POST /session/87d62074a4cb28b4ac0fd763e82d6371/element - {"using":"css selector","value":"#shell-header-logo"}
RESULT: {}
RESULT: {"using":"css selector","value":"#shell-header-logo"}
COMMAND: POST /session/87d62074a4cb28b4ac0fd763e82d6371/element/f.62693C2623AD3835EDB30C63D0026C38.d.A3E713800E84F12551D7F00634BBCCD8.e.8101/click - {}
RESULT: {}
COMMAND: GET /session/87d62074a4cb28b4ac0fd763e82d6371/screenshot - {}
RESULT: {}
]]></system-out>
    </testcase>
  </testsuite>
  <testsuite timestamp="2025-06-14T16:03:11" time="345.482" tests="3" failures="0" errors="0" skipped="0">
    <properties>
      <property name="specId" value="0"/>
      <property name="suiteName" value="Reserve/Unreserve request item via reserve option US139161"/>
      <property name="capabilities" value="chrome.137_0_7151_69.windows"/>
      <property name="file" value="file:///D:/a/1/s/test/specs/R2C/reserve-unreserve-request-item-via-reserve-option.spec.js"/>
    </properties>
    <testcase classname="chrome.137_0_7151_69.windows.Reserve/Unreserve_request_item_via_reserve_option_US139161" name="Should add the material to the catalog item" time="81.867">
      <system-out><![CDATA[
COMMAND: POST /session/87d62074a4cb28b4ac0fd763e82d6371/execute/async - {"script":"<script> [1562 bytes]","args":[{"selector":{"controlType":"sap.m.GenericTile","properties":{"header":"Manage Catalogs"}},"wdio_ui5_key":"sapm.GenericTile{\"header\":\"Manage Catalogs\"}"}]}
RESULT: {"script":"<script> [1562 bytes]","args":[{"selector":{"controlType":"sap.m.GenericTile","properties":{"header":"Manage Catalogs"}},"wdio_ui5_key":"sapm.GenericTile{\"header\":\"Manage Catalogs\"}"}]}
RESULT: undefined
COMMAND: POST /session/87d62074a4cb28b4ac0fd763e82d6371/element - {"using":"xpath","value":"//*[@id=\"__tile38\"]"}
RESULT: {"using":"xpath","value":"//*[@id=\"__tile38\"]"}
COMMAND: POST /session/87d62074a4cb28b4ac0fd763e82d6371/element/f.62693C2623AD3835EDB30C63D0026C38.d.A3E713800E84F12551D7F00634BBCCD8.e.8684/click - {}
RESULT: {}
COMMAND: GET /session/87d62074a4cb28b4ac0fd763e82d6371/screenshot - {}
RESULT: {}
COMMAND: POST /session/87d62074a4cb28b4ac0fd763e82d6371/elements - {"using":"xpath","value":"//span[text()='Error']"}
RESULT: {"using":"xpath","value":"//span[text()='Error']"}
COMMAND: POST /session/87d62074a4cb28b4ac0fd763e82d6371/execute/async - {"script":"<script> [1562 bytes]","args":[{"selector":{"controlType":"sap.m.Text","viewName":"etm.portal.ui.managecatalogs.view.MasterCatalogs","viewId":"application-managecatalogs-display-component---masterCatalogs","bindingPath":{"path":"/Catalogs('0D7502D073D53A0F1700BE067B89AFF9')","propertyPath":"DESCRIPTION","modelName":"catalogModel"}},"wdio_ui5_key":"etmportal.ui.managecatalogs.view.MasterCatalogssap.m.Text{\"path\":\"/Catalogs('0D7502D073D53A0F1700BE067B89AFF9')\",\"propertyPath\":\"DESCRIPTION\",\"modelName\":\"catalogModel\"}"}]}
RESULT: {"script":"<script> [1562 bytes]","args":[{"selector":{"controlType":"sap.m.Text","viewName":"etm.portal.ui.managecatalogs.view.MasterCatalogs","viewId":"application-managecatalogs-display-component---masterCatalogs","bindingPath":{"path":"/Catalogs('0D7502D073D53A0F1700BE067B89AFF9')","propertyPath":"DESCRIPTION","modelName":"catalogModel"}},"wdio_ui5_key":"etmportal.ui.managecatalogs.view.MasterCatalogssap.m.Text{\"path\":\"/Catalogs('0D7502D073D53A0F1700BE067B89AFF9')\",\"propertyPath\":\"DESCRIPTION\",\"modelName\":\"catalogModel\"}"}]}
RESULT: undefined
COMMAND: POST /session/87d62074a4cb28b4ac0fd763e82d6371/element - {"using":"xpath","value":"//*[@id=\"__text683-application-managecatalogs-display-component---masterCatalogs--CatalogsTable-11\"]"}
RESULT: {"using":"xpath","value":"//*[@id=\"__text683-application-managecatalogs-display-component---masterCatalogs--CatalogsTable-11\"]"}
COMMAND: POST /session/87d62074a4cb28b4ac0fd763e82d6371/element/f.62693C2623AD3835EDB30C63D0026C38.d.A3E713800E84F12551D7F00634BBCCD8.e.8755/click - {}
RESULT: {}
RESULT: undefined
COMMAND: POST /session/87d62074a4cb28b4ac0fd763e82d6371/execute/async - {"script":"<script> [776 bytes]","args":[{"enterText":"catalogItemjg6go","selector":{"id":"application-managecatalogs-display-component---masterCatalogItems--searchItemsField","interaction":{"idSuffix":"I"}},"clearTextFirst":true,"interactionType":"ENTER_TEXT"}]}
COMMAND: GET /session/87d62074a4cb28b4ac0fd763e82d6371/screenshot - {}
RESULT: {"script":"<script> [776 bytes]","args":[{"enterText":"catalogItemjg6go","selector":{"id":"application-managecatalogs-display-component---masterCatalogItems--searchItemsField","interaction":{"idSuffix":"I"}},"clearTextFirst":true,"interactionType":"ENTER_TEXT"}]}
COMMAND: POST /session/87d62074a4cb28b4ac0fd763e82d6371/actions - {"actions":[{"id":"action59","type":"key","parameters":{},"actions":[{"type":"keyDown","value":""},{"type":"pause","duration":10},{"type":"keyUp","value":""}]}]}
RESULT: {}
RESULT: {"actions":[{"id":"action59","type":"key","parameters":{},"actions":[{"type":"keyDown","value":""},{"type":"pause","duration":10},{"type":"keyUp","value":""}]}]}
COMMAND: POST /session/87d62074a4cb28b4ac0fd763e82d6371/element - {"using":"xpath","value":"(//span[contains(text(), \"catalogItemjg6go\")])[1]"}
COMMAND: GET /session/87d62074a4cb28b4ac0fd763e82d6371/screenshot - {}
RESULT: {"using":"xpath","value":"(//span[contains(text(), \"catalogItemjg6go\")])[1]"}
COMMAND: POST /session/87d62074a4cb28b4ac0fd763e82d6371/element/f.62693C2623AD3835EDB30C63D0026C38.d.A3E713800E84F12551D7F00634BBCCD8.e.8771/click - {}
RESULT: {}
RESULT: {}
COMMAND: GET /session/87d62074a4cb28b4ac0fd763e82d6371/screenshot - {}
RESULT: {}
COMMAND: POST /session/87d62074a4cb28b4ac0fd763e82d6371/element - {"using":"xpath","value":"//*[contains(@id ,\"BDI-content\")][contains(text(), \"Edit\")]"}
RESULT: {"using":"xpath","value":"//*[contains(@id ,\"BDI-content\")][contains(text(), \"Edit\")]"}
COMMAND: POST /session/87d62074a4cb28b4ac0fd763e82d6371/element/f.62693C2623AD3835EDB30C63D0026C38.d.A3E713800E84F12551D7F00634BBCCD8.e.8827/click - {}
RESULT: {}
COMMAND: GET /session/87d62074a4cb28b4ac0fd763e82d6371/screenshot - {}
RESULT: {}
COMMAND: POST /session/87d62074a4cb28b4ac0fd763e82d6371/element - {"using":"xpath","value":"//bdi[contains(text(), \"Assigned Resources\")]"}
RESULT: {"using":"xpath","value":"//bdi[contains(text(), \"Assigned Resources\")]"}
COMMAND: POST /session/87d62074a4cb28b4ac0fd763e82d6371/element/f.62693C2623AD3835EDB30C63D0026C38.d.A3E713800E84F12551D7F00634BBCCD8.e.8852/click - {}
RESULT: {}
COMMAND: GET /session/87d62074a4cb28b4ac0fd763e82d6371/screenshot - {}
RESULT: {}
COMMAND: POST /session/87d62074a4cb28b4ac0fd763e82d6371/element - {"using":"xpath","value":"//button[contains(@data-kt ,\"catalogItemAssignRuButton\")]"}
RESULT: {"using":"xpath","value":"//button[contains(@data-kt ,\"catalogItemAssignRuButton\")]"}
COMMAND: POST /session/87d62074a4cb28b4ac0fd763e82d6371/element/f.62693C2623AD3835EDB30C63D0026C38.d.A3E713800E84F12551D7F00634BBCCD8.e.8860/click - {}
RESULT: {}
COMMAND: GET /session/87d62074a4cb28b4ac0fd763e82d6371/screenshot - {}
RESULT: {}
COMMAND: POST /session/87d62074a4cb28b4ac0fd763e82d6371/actions - {"actions":[{"id":"action60","type":"key","parameters":{},"actions":[{"type":"keyDown","value":""},{"type":"pause","duration":10},{"type":"keyUp","value":""}]}]}
RESULT: {"actions":[{"id":"action60","type":"key","parameters":{},"actions":[{"type":"keyDown","value":""},{"type":"pause","duration":10},{"type":"keyUp","value":""}]}]}
COMMAND: GET /session/87d62074a4cb28b4ac0fd763e82d6371/screenshot - {}
RESULT: {}
COMMAND: POST /session/87d62074a4cb28b4ac0fd763e82d6371/execute/async - {"script":"<script> [1562 bytes]","args":[{"selector":{"id":"application-managecatalogs-display-component---detailCatalog--assignRUSearchField-vhi","searchOpenDialogs":true},"wdio_ui5_key":"applicationmanagecatalogs-display-component---detailCatalog--assignRUSearchField-vhi"}]}
RESULT: {"script":"<script> [1562 bytes]","args":[{"selector":{"id":"application-managecatalogs-display-component---detailCatalog--assignRUSearchField-vhi","searchOpenDialogs":true},"wdio_ui5_key":"applicationmanagecatalogs-display-component---detailCatalog--assignRUSearchField-vhi"}]}
RESULT: undefined
COMMAND: POST /session/87d62074a4cb28b4ac0fd763e82d6371/element - {"using":"xpath","value":"//*[@id=\"application-managecatalogs-display-component---detailCatalog--assignRUSearchField-vhi\"]"}
RESULT: {"using":"xpath","value":"//*[@id=\"application-managecatalogs-display-component---detailCatalog--assignRUSearchField-vhi\"]"}
COMMAND: POST /session/87d62074a4cb28b4ac0fd763e82d6371/element/f.62693C2623AD3835EDB30C63D0026C38.d.A3E713800E84F12551D7F00634BBCCD8.e.8876/click - {}
RESULT: {}
COMMAND: GET /session/87d62074a4cb28b4ac0fd763e82d6371/screenshot - {}
RESULT: {}
COMMAND: POST /session/87d62074a4cb28b4ac0fd763e82d6371/element - {"using":"xpath","value":"//input[contains(@id ,\"searchField-I\")]"}
RESULT: {"using":"xpath","value":"//input[contains(@id ,\"searchField-I\")]"}
COMMAND: POST /session/87d62074a4cb28b4ac0fd763e82d6371/element/f.62693C2623AD3835EDB30C63D0026C38.d.A3E713800E84F12551D7F00634BBCCD8.e.8880/clear - {}
RESULT: {}
COMMAND: POST /session/87d62074a4cb28b4ac0fd763e82d6371/element/f.62693C2623AD3835EDB30C63D0026C38.d.A3E713800E84F12551D7F00634BBCCD8.e.8880/value - {"text":"WebdriverMatTestbbv68i"}
COMMAND: GET /session/87d62074a4cb28b4ac0fd763e82d6371/screenshot - {}
RESULT: {"text":"WebdriverMatTestbbv68i"}
COMMAND: GET /session/87d62074a4cb28b4ac0fd763e82d6371/screenshot - {}
RESULT: {}
RESULT: {}
COMMAND: POST /session/87d62074a4cb28b4ac0fd763e82d6371/actions - {"actions":[{"id":"action61","type":"key","parameters":{},"actions":[{"type":"keyDown","value":""},{"type":"pause","duration":10},{"type":"keyUp","value":""}]}]}
RESULT: {"actions":[{"id":"action61","type":"key","parameters":{},"actions":[{"type":"keyDown","value":""},{"type":"pause","duration":10},{"type":"keyUp","value":""}]}]}
COMMAND: GET /session/87d62074a4cb28b4ac0fd763e82d6371/screenshot - {}
RESULT: {}
COMMAND: POST /session/87d62074a4cb28b4ac0fd763e82d6371/actions - {"actions":[{"id":"action62","type":"key","parameters":{},"actions":[{"type":"keyDown","value":""},{"type":"pause","duration":10},{"type":"keyUp","value":""}]}]}
RESULT: {"actions":[{"id":"action62","type":"key","parameters":{},"actions":[{"type":"keyDown","value":""},{"type":"pause","duration":10},{"type":"keyUp","value":""}]}]}
COMMAND: GET /session/87d62074a4cb28b4ac0fd763e82d6371/screenshot - {}
RESULT: {}
COMMAND: POST /session/87d62074a4cb28b4ac0fd763e82d6371/actions - {"actions":[{"id":"action63","type":"key","parameters":{},"actions":[{"type":"keyDown","value":""},{"type":"pause","duration":10},{"type":"keyUp","value":""}]}]}
RESULT: {"actions":[{"id":"action63","type":"key","parameters":{},"actions":[{"type":"keyDown","value":""},{"type":"pause","duration":10},{"type":"keyUp","value":""}]}]}
COMMAND: GET /session/87d62074a4cb28b4ac0fd763e82d6371/screenshot - {}
RESULT: {}
COMMAND: POST /session/87d62074a4cb28b4ac0fd763e82d6371/element - {"using":"xpath","value":"//bdi[contains(@id ,\"application-managecatalogs-display-component---detailCatalog--RUAssignmentSaveButton-BDI-content\")]"}
RESULT: {"using":"xpath","value":"//bdi[contains(@id ,\"application-managecatalogs-display-component---detailCatalog--RUAssignmentSaveButton-BDI-content\")]"}
COMMAND: POST /session/87d62074a4cb28b4ac0fd763e82d6371/element/f.62693C2623AD3835EDB30C63D0026C38.d.A3E713800E84F12551D7F00634BBCCD8.e.8909/click - {}
RESULT: {}
COMMAND: GET /session/87d62074a4cb28b4ac0fd763e82d6371/screenshot - {}
RESULT: {}
COMMAND: POST /session/87d62074a4cb28b4ac0fd763e82d6371/element - {"using":"xpath","value":"//bdi[contains(text(), \"Save\")]"}
RESULT: {"using":"xpath","value":"//bdi[contains(text(), \"Save\")]"}
COMMAND: POST /session/87d62074a4cb28b4ac0fd763e82d6371/element/f.62693C2623AD3835EDB30C63D0026C38.d.A3E713800E84F12551D7F00634BBCCD8.e.8926/click - {}
RESULT: {}
COMMAND: GET /session/87d62074a4cb28b4ac0fd763e82d6371/screenshot - {}
RESULT: {}
COMMAND: POST /session/87d62074a4cb28b4ac0fd763e82d6371/element - {"using":"css selector","value":"#shell-header-logo"}
RESULT: {"using":"css selector","value":"#shell-header-logo"}
COMMAND: POST /session/87d62074a4cb28b4ac0fd763e82d6371/element/f.62693C2623AD3835EDB30C63D0026C38.d.A3E713800E84F12551D7F00634BBCCD8.e.8688/click - {}
RESULT: {}
COMMAND: GET /session/87d62074a4cb28b4ac0fd763e82d6371/screenshot - {}
RESULT: {}
COMMAND: POST /session/87d62074a4cb28b4ac0fd763e82d6371/refresh - {}
RESULT: {}
COMMAND: GET /session/87d62074a4cb28b4ac0fd763e82d6371/screenshot - {}
RESULT: {}
COMMAND: POST /session/87d62074a4cb28b4ac0fd763e82d6371/execute/async - {"script":"<script> [189 bytes]","args":[]}
RESULT: {"script":"<script> [189 bytes]","args":[]}
COMMAND: POST /session/87d62074a4cb28b4ac0fd763e82d6371/execute/async - {"script":"<script> [123 bytes]","args":[]}
RESULT: {"script":"<script> [123 bytes]","args":[]}
COMMAND: POST /session/87d62074a4cb28b4ac0fd763e82d6371/timeouts - {"script":"<number>"}
RESULT: {"script":"<number>"}
COMMAND: GET /session/87d62074a4cb28b4ac0fd763e82d6371/timeouts - {}
RESULT: {}
RESULT: undefined
COMMAND: POST /session/87d62074a4cb28b4ac0fd763e82d6371/execute/async - {"script":"<script> [2676 bytes]","args":[]}
RESULT: {"script":"<script> [2676 bytes]","args":[]}
COMMAND: POST /session/87d62074a4cb28b4ac0fd763e82d6371/execute/async - {"script":"<script> [2342 bytes]","args":[{"protocol":"http","hostname":"0.0.0.0","path":"/","capabilities":{"browserName":"chrome","goog:chromeOptions":{"binary":"C:\\Program Files\\Google\\Chrome\\Application\\chrome.exe","args":["--start-maximized"]}},"logLevel":"warn","connectionRetryTimeout":120000,"connectionRetryCount":3,"logLevels":{},"enableDirectConnect":true,"strictSSL":true,"_":"65 more keys: [\"cacheDir\",\"port\",\"requestedCapabilities\",\"automationProtocol\",\"baseUrl\",\"waitforInterval\",\"waitforTimeout\",\"onReload\",\"beforeCommand\",\"afterCommand\",\"rootDir\",\"specs\",\"suites\",\"exclude\",\"groupLogsByTestSpec\",\"excludeDriverLogs\",\"bail\",\"framework\",\"reporters\",\"services\",\"maxInstances\",\"maxInstancesPerCapability\",\"injectGlobals\",\"filesToWatch\",\"execArgv\",\"runnerEnv\",\"runner\",\"shard\",\"specFileRetries\",\"specFileRetriesDelay\",\"specFileRetriesDeferred\",\"reporterSyncInterval\",\"reporterSyncTimeout\",\"cucumberFeaturesWithLineNumbers\",\"autoCompileOpts\",\"mochaOpts\",\"jasmineOpts\",\"cucumberOpts\",\"onPrepare\",\"onWorkerStart\",\"onWorkerEnd\",\"before\",\"beforeSession\",\"beforeSuite\",\"beforeHook\",\"beforeTest\",\"afterTest\",\"afterHook\",\"afterSuite\",\"afterSession\",\"after\",\"onComplete\",\"beforeAssertion\",\"afterAssertion\",\"beforeFeature\",\"beforeScenario\",\"beforeStep\",\"afterStep\",\"afterScenario\",\"afterFeature\",\"_\",\"suite\",\"$0\",\"ignoredWorkerServices\",\"wdi5\"]"}]}
RESULT: {"script":"<script> [2342 bytes]","args":[{"protocol":"http","hostname":"0.0.0.0","path":"/","capabilities":{"browserName":"chrome","goog:chromeOptions":{"binary":"C:\\Program Files\\Google\\Chrome\\Application\\chrome.exe","args":["--start-maximized"]}},"logLevel":"warn","connectionRetryTimeout":120000,"connectionRetryCount":3,"logLevels":{},"enableDirectConnect":true,"strictSSL":true,"_":"65 more keys: [\"cacheDir\",\"port\",\"requestedCapabilities\",\"automationProtocol\",\"baseUrl\",\"waitforInterval\",\"waitforTimeout\",\"onReload\",\"beforeCommand\",\"afterCommand\",\"rootDir\",\"specs\",\"suites\",\"exclude\",\"groupLogsByTestSpec\",\"excludeDriverLogs\",\"bail\",\"framework\",\"reporters\",\"services\",\"maxInstances\",\"maxInstancesPerCapability\",\"injectGlobals\",\"filesToWatch\",\"execArgv\",\"runnerEnv\",\"runner\",\"shard\",\"specFileRetries\",\"specFileRetriesDelay\",\"specFileRetriesDeferred\",\"reporterSyncInterval\",\"reporterSyncTimeout\",\"cucumberFeaturesWithLineNumbers\",\"autoCompileOpts\",\"mochaOpts\",\"jasmineOpts\",\"cucumberOpts\",\"onPrepare\",\"onWorkerStart\",\"onWorkerEnd\",\"before\",\"beforeSession\",\"beforeSuite\",\"beforeHook\",\"beforeTest\",\"afterTest\",\"afterHook\",\"afterSuite\",\"afterSession\",\"after\",\"onComplete\",\"beforeAssertion\",\"afterAssertion\",\"beforeFeature\",\"beforeScenario\",\"beforeStep\",\"afterStep\",\"afterScenario\",\"afterFeature\",\"_\",\"suite\",\"$0\",\"ignoredWorkerServices\",\"wdi5\"]"}]}
COMMAND: POST /session/87d62074a4cb28b4ac0fd763e82d6371/execute/async - {"script":"<script> [21126 bytes]","args":[35000]}
RESULT: {"script":"<script> [21126 bytes]","args":[35000]}
]]></system-out>
    </testcase>
    <testcase classname="chrome.137_0_7151_69.windows.Reserve/Unreserve_request_item_via_reserve_option_US139161" name="Should create a new request with a catalog item that can be planned" time="160.849">
      <system-out><![CDATA[
COMMAND: POST /session/87d62074a4cb28b4ac0fd763e82d6371/execute/async - {"script":"<script> [1562 bytes]","args":[{"selector":{"controlType":"sap.m.GenericTile","properties":{"header":"Manage Requests"}},"wdio_ui5_key":"sapm.GenericTile{\"header\":\"Manage Requests\"}"}]}
RESULT: {"script":"<script> [1562 bytes]","args":[{"selector":{"controlType":"sap.m.GenericTile","properties":{"header":"Manage Requests"}},"wdio_ui5_key":"sapm.GenericTile{\"header\":\"Manage Requests\"}"}]}
RESULT: undefined
COMMAND: POST /session/87d62074a4cb28b4ac0fd763e82d6371/element - {"using":"xpath","value":"//*[@id=\"__tile48\"]"}
RESULT: {"using":"xpath","value":"//*[@id=\"__tile48\"]"}
COMMAND: POST /session/87d62074a4cb28b4ac0fd763e82d6371/element/f.62693C2623AD3835EDB30C63D0026C38.d.4B0BB84E7FF77C69DC517733731C7870.e.8966/click - {}
RESULT: {}
COMMAND: GET /session/87d62074a4cb28b4ac0fd763e82d6371/screenshot - {}
RESULT: {}
COMMAND: POST /session/87d62074a4cb28b4ac0fd763e82d6371/elements - {"using":"xpath","value":"//span[text()='Error']"}
RESULT: {"using":"xpath","value":"//span[text()='Error']"}
COMMAND: POST /session/87d62074a4cb28b4ac0fd763e82d6371/element - {"using":"xpath","value":"//button[contains(@data-kt ,\"btnCreateNewOverflowToolbarButton\")]"}
COMMAND: POST /session/87d62074a4cb28b4ac0fd763e82d6371/element - {"using":"xpath","value":"(//span[contains(@class ,\"sapMObjStatusText\")])[1]"}
RESULT: {"using":"xpath","value":"//button[contains(@data-kt ,\"btnCreateNewOverflowToolbarButton\")]"}
COMMAND: POST /session/87d62074a4cb28b4ac0fd763e82d6371/element/f.62693C2623AD3835EDB30C63D0026C38.d.4B0BB84E7FF77C69DC517733731C7870.e.9024/click - {}
RESULT: {"using":"xpath","value":"(//span[contains(@class ,\"sapMObjStatusText\")])[1]"}
COMMAND: POST /session/87d62074a4cb28b4ac0fd763e82d6371/execute/sync - {"script":"<script> [8489 bytes]","args":[{"element-6066-11e4-a52e-4f735466cecf":"f.62693C2623AD3835EDB30C63D0026C38.d.4B0BB84E7FF77C69DC517733731C7870.e.9061","ELEMENT":"f.62693C2623AD3835EDB30C63D0026C38.d.4B0BB84E7FF77C69DC517733731C7870.e.9061"}]}
RESULT: {}
COMMAND: GET /session/87d62074a4cb28b4ac0fd763e82d6371/screenshot - {}
RESULT: {"script":"<script> [8489 bytes]","args":[{"element-6066-11e4-a52e-4f735466cecf":"f.62693C2623AD3835EDB30C63D0026C38.d.4B0BB84E7FF77C69DC517733731C7870.e.9061","ELEMENT":"f.62693C2623AD3835EDB30C63D0026C38.d.4B0BB84E7FF77C69DC517733731C7870.e.9061"}]}
COMMAND: GET /session/87d62074a4cb28b4ac0fd763e82d6371/screenshot - {}
RESULT: {}
RESULT: {}
COMMAND: POST /session/87d62074a4cb28b4ac0fd763e82d6371/element - {"using":"xpath","value":"//input[contains(@id ,\"yardId-inner\")]"}
RESULT: {"using":"xpath","value":"//input[contains(@id ,\"yardId-inner\")]"}
COMMAND: POST /session/87d62074a4cb28b4ac0fd763e82d6371/execute/sync - {"script":"<script> [8489 bytes]","args":[{"element-6066-11e4-a52e-4f735466cecf":"f.62693C2623AD3835EDB30C63D0026C38.d.4B0BB84E7FF77C69DC517733731C7870.e.9142","ELEMENT":"f.62693C2623AD3835EDB30C63D0026C38.d.4B0BB84E7FF77C69DC517733731C7870.e.9142"}]}
RESULT: {"script":"<script> [8489 bytes]","args":[{"element-6066-11e4-a52e-4f735466cecf":"f.62693C2623AD3835EDB30C63D0026C38.d.4B0BB84E7FF77C69DC517733731C7870.e.9142","ELEMENT":"f.62693C2623AD3835EDB30C63D0026C38.d.4B0BB84E7FF77C69DC517733731C7870.e.9142"}]}
COMMAND: POST /session/87d62074a4cb28b4ac0fd763e82d6371/element - {"using":"xpath","value":"//input[contains(@id ,\"yardId-inner\")]"}
COMMAND: GET /session/87d62074a4cb28b4ac0fd763e82d6371/screenshot - {}
RESULT: {"using":"xpath","value":"//input[contains(@id ,\"yardId-inner\")]"}
COMMAND: GET /session/87d62074a4cb28b4ac0fd763e82d6371/element/f.62693C2623AD3835EDB30C63D0026C38.d.4B0BB84E7FF77C69DC517733731C7870.e.9142/enabled - {}
RESULT: {}
RESULT: {}
COMMAND: POST /session/87d62074a4cb28b4ac0fd763e82d6371/element/f.62693C2623AD3835EDB30C63D0026C38.d.4B0BB84E7FF77C69DC517733731C7870.e.9142/clear - {}
COMMAND: GET /session/87d62074a4cb28b4ac0fd763e82d6371/screenshot - {}
RESULT: {}
COMMAND: POST /session/87d62074a4cb28b4ac0fd763e82d6371/element/f.62693C2623AD3835EDB30C63D0026C38.d.4B0BB84E7FF77C69DC517733731C7870.e.9142/value - {"text":"WebdriverYardcxril"}
COMMAND: GET /session/87d62074a4cb28b4ac0fd763e82d6371/screenshot - {}
RESULT: {}
RESULT: {"text":"WebdriverYardcxril"}
COMMAND: GET /session/87d62074a4cb28b4ac0fd763e82d6371/screenshot - {}
RESULT: {}
RESULT: {}
COMMAND: POST /session/87d62074a4cb28b4ac0fd763e82d6371/actions - {"actions":[{"id":"action64","type":"key","parameters":{},"actions":[{"type":"keyDown","value":""},{"type":"pause","duration":10},{"type":"keyUp","value":""}]}]}
COMMAND: POST /session/87d62074a4cb28b4ac0fd763e82d6371/element - {"using":"xpath","value":"//input[contains(@id ,\"customerNumber-inner\")]"}
RESULT: {"actions":[{"id":"action64","type":"key","parameters":{},"actions":[{"type":"keyDown","value":""},{"type":"pause","duration":10},{"type":"keyUp","value":""}]}]}
RESULT: {"using":"xpath","value":"//input[contains(@id ,\"customerNumber-inner\")]"}
COMMAND: POST /session/87d62074a4cb28b4ac0fd763e82d6371/element/f.62693C2623AD3835EDB30C63D0026C38.d.4B0BB84E7FF77C69DC517733731C7870.e.9136/value - {"text":"WebdriverPartnerg5xni"}
COMMAND: GET /session/87d62074a4cb28b4ac0fd763e82d6371/screenshot - {}
RESULT: {"text":"WebdriverPartnerg5xni"}
COMMAND: GET /session/87d62074a4cb28b4ac0fd763e82d6371/screenshot - {}
RESULT: {}
RESULT: {}
COMMAND: POST /session/87d62074a4cb28b4ac0fd763e82d6371/actions - {"actions":[{"id":"action65","type":"key","parameters":{},"actions":[{"type":"keyDown","value":""},{"type":"pause","duration":10},{"type":"keyUp","value":""}]}]}
RESULT: {"actions":[{"id":"action65","type":"key","parameters":{},"actions":[{"type":"keyDown","value":""},{"type":"pause","duration":10},{"type":"keyUp","value":""}]}]}
COMMAND: GET /session/87d62074a4cb28b4ac0fd763e82d6371/screenshot - {}
RESULT: {}
COMMAND: GET /session/87d62074a4cb28b4ac0fd763e82d6371/element/f.62693C2623AD3835EDB30C63D0026C38.d.4B0BB84E7FF77C69DC517733731C7870.e.9136/property/value - {}
RESULT: {}
COMMAND: GET /session/87d62074a4cb28b4ac0fd763e82d6371/screenshot - {}
RESULT: {}
COMMAND: POST /session/87d62074a4cb28b4ac0fd763e82d6371/element - {"using":"xpath","value":"//input[contains(@id ,\"requestSiteId-inner\")]"}
RESULT: {"using":"xpath","value":"//input[contains(@id ,\"requestSiteId-inner\")]"}
COMMAND: POST /session/87d62074a4cb28b4ac0fd763e82d6371/element/f.62693C2623AD3835EDB30C63D0026C38.d.4B0BB84E7FF77C69DC517733731C7870.e.9135/value - {"text":"WebdriverSitenlhvxi"}
RESULT: {"text":"WebdriverSitenlhvxi"}
COMMAND: GET /session/87d62074a4cb28b4ac0fd763e82d6371/screenshot - {}
RESULT: {}
COMMAND: POST /session/87d62074a4cb28b4ac0fd763e82d6371/actions - {"actions":[{"id":"action66","type":"key","parameters":{},"actions":[{"type":"keyDown","value":""},{"type":"pause","duration":10},{"type":"keyUp","value":""}]}]}
RESULT: {"actions":[{"id":"action66","type":"key","parameters":{},"actions":[{"type":"keyDown","value":""},{"type":"pause","duration":10},{"type":"keyUp","value":""}]}]}
COMMAND: GET /session/87d62074a4cb28b4ac0fd763e82d6371/screenshot - {}
RESULT: {}
COMMAND: POST /session/87d62074a4cb28b4ac0fd763e82d6371/element - {"using":"xpath","value":"//button[contains(@data-kt ,\"requestItemAddOverflowToolbarButton\")]"}
RESULT: {"using":"xpath","value":"//button[contains(@data-kt ,\"requestItemAddOverflowToolbarButton\")]"}
COMMAND: POST /session/87d62074a4cb28b4ac0fd763e82d6371/element/f.62693C2623AD3835EDB30C63D0026C38.d.4B0BB84E7FF77C69DC517733731C7870.e.9316/click - {}
RESULT: {}
COMMAND: GET /session/87d62074a4cb28b4ac0fd763e82d6371/screenshot - {}
RESULT: {}
COMMAND: POST /session/87d62074a4cb28b4ac0fd763e82d6371/actions - {"actions":[{"id":"action67","type":"key","parameters":{},"actions":[{"type":"keyDown","value":""},{"type":"pause","duration":10},{"type":"keyUp","value":""}]}]}
RESULT: {"actions":[{"id":"action67","type":"key","parameters":{},"actions":[{"type":"keyDown","value":""},{"type":"pause","duration":10},{"type":"keyUp","value":""}]}]}
COMMAND: POST /session/87d62074a4cb28b4ac0fd763e82d6371/actions - {"actions":[{"id":"action68","type":"key","parameters":{},"actions":[{"type":"keyDown","value":""},{"type":"pause","duration":10},{"type":"keyUp","value":""}]}]}
COMMAND: GET /session/87d62074a4cb28b4ac0fd763e82d6371/screenshot - {}
RESULT: {"actions":[{"id":"action68","type":"key","parameters":{},"actions":[{"type":"keyDown","value":""},{"type":"pause","duration":10},{"type":"keyUp","value":""}]}]}
COMMAND: POST /session/87d62074a4cb28b4ac0fd763e82d6371/element - {"using":"xpath","value":"(//input[contains(@id ,\"requestItemsTable-0-inner\")])[1]"}
COMMAND: GET /session/87d62074a4cb28b4ac0fd763e82d6371/screenshot - {}
RESULT: {}
RESULT: {"using":"xpath","value":"(//input[contains(@id ,\"requestItemsTable-0-inner\")])[1]"}
COMMAND: POST /session/87d62074a4cb28b4ac0fd763e82d6371/element/f.62693C2623AD3835EDB30C63D0026C38.d.4B0BB84E7FF77C69DC517733731C7870.e.9320/clear - {}
RESULT: {}
RESULT: {}
COMMAND: POST /session/87d62074a4cb28b4ac0fd763e82d6371/element/f.62693C2623AD3835EDB30C63D0026C38.d.4B0BB84E7FF77C69DC517733731C7870.e.9320/value - {"text":"catalogItemjg6go"}
COMMAND: GET /session/87d62074a4cb28b4ac0fd763e82d6371/screenshot - {}
RESULT: {"text":"catalogItemjg6go"}
COMMAND: GET /session/87d62074a4cb28b4ac0fd763e82d6371/screenshot - {}
RESULT: {}
RESULT: {}
COMMAND: POST /session/87d62074a4cb28b4ac0fd763e82d6371/actions - {"actions":[{"id":"action69","type":"key","parameters":{},"actions":[{"type":"keyDown","value":""},{"type":"pause","duration":10},{"type":"keyUp","value":""}]}]}
RESULT: {"actions":[{"id":"action69","type":"key","parameters":{},"actions":[{"type":"keyDown","value":""},{"type":"pause","duration":10},{"type":"keyUp","value":""}]}]}
COMMAND: GET /session/87d62074a4cb28b4ac0fd763e82d6371/screenshot - {}
RESULT: {}
COMMAND: POST /session/87d62074a4cb28b4ac0fd763e82d6371/execute/async - {"script":"<script> [1562 bytes]","args":[{"selector":{"controlType":"sap.ui.core.Icon","viewName":"etm.portal.ui.managerequests.view.NewRequest","properties":{"src":{"regex":{"source":"slim\\-arrow\\-down"}}},"ancestor":{"controlType":"sap.m.Button","viewName":"etm.portal.ui.managerequests.view.NewRequest","properties":{"icon":"sap-icon://slim-arrow-down"}}},"wdio_ui5_key":"etmportal.ui.managerequests.view.NewRequestsap.ui.core.Icon{\"src\":{\"regex\":{\"source\":\"slim\\\\-arrow\\\\-down\"}}}{\"controlType\":\"sap.m.Button\",\"viewName\":\"etm.portal.ui.managerequests.view.NewRequest\",\"properties\":{\"icon\":\"sap-icon://slim-arrow-down\"}}"}]}
RESULT: {"script":"<script> [1562 bytes]","args":[{"selector":{"controlType":"sap.ui.core.Icon","viewName":"etm.portal.ui.managerequests.view.NewRequest","properties":{"src":{"regex":{"source":"slim\\-arrow\\-down"}}},"ancestor":{"controlType":"sap.m.Button","viewName":"etm.portal.ui.managerequests.view.NewRequest","properties":{"icon":"sap-icon://slim-arrow-down"}}},"wdio_ui5_key":"etmportal.ui.managerequests.view.NewRequestsap.ui.core.Icon{\"src\":{\"regex\":{\"source\":\"slim\\\\-arrow\\\\-down\"}}}{\"controlType\":\"sap.m.Button\",\"viewName\":\"etm.portal.ui.managerequests.view.NewRequest\",\"properties\":{\"icon\":\"sap-icon://slim-arrow-down\"}}"}]}
RESULT: undefined
COMMAND: POST /session/87d62074a4cb28b4ac0fd763e82d6371/element - {"using":"xpath","value":"//div[contains(@data-kt ,\"splitAllocationObjectStatus\")]"}
RESULT: {"using":"xpath","value":"//div[contains(@data-kt ,\"splitAllocationObjectStatus\")]"}
COMMAND: POST /session/87d62074a4cb28b4ac0fd763e82d6371/elements - {"using":"xpath","value":"//div[contains(@data-kt ,\"splitAllocationObjectStatus\")]"}
RESULT: {"using":"xpath","value":"//div[contains(@data-kt ,\"splitAllocationObjectStatus\")]"}
COMMAND: POST /session/87d62074a4cb28b4ac0fd763e82d6371/execute/async - {"script":"<script> [1562 bytes]","args":[{"selector":{"controlType":"sap.ui.core.Icon","viewName":"etm.portal.ui.managerequests.view.NewRequest","properties":{"src":{"regex":{"source":"message\\-error"}}}},"wdio_ui5_key":"etmportal.ui.managerequests.view.NewRequestsap.ui.core.Icon{\"src\":{\"regex\":{\"source\":\"message\\\\-error\"}}}"}]}
RESULT: {"script":"<script> [1562 bytes]","args":[{"selector":{"controlType":"sap.ui.core.Icon","viewName":"etm.portal.ui.managerequests.view.NewRequest","properties":{"src":{"regex":{"source":"message\\-error"}}}},"wdio_ui5_key":"etmportal.ui.managerequests.view.NewRequestsap.ui.core.Icon{\"src\":{\"regex\":{\"source\":\"message\\\\-error\"}}}"}]}
RESULT: undefined
COMMAND: POST /session/87d62074a4cb28b4ac0fd763e82d6371/element - {"using":"xpath","value":"//*[@id=\"__status4-__xmlview60--requestItemsTable-0-icon\"]"}
RESULT: {"using":"xpath","value":"//*[@id=\"__status4-__xmlview60--requestItemsTable-0-icon\"]"}
COMMAND: POST /session/87d62074a4cb28b4ac0fd763e82d6371/element/f.62693C2623AD3835EDB30C63D0026C38.d.4B0BB84E7FF77C69DC517733731C7870.e.9335/click - {}
RESULT: {}
COMMAND: POST /session/87d62074a4cb28b4ac0fd763e82d6371/execute/async - {"script":"<script> [1562 bytes]","args":[{"selector":{"controlType":"sap.ui.core.Icon","viewName":"etm.portal.ui.managerequests.view.NewRequest","properties":{"src":{"regex":{"source":"slim\\-arrow\\-down"}}},"searchOpenDialogs":true,"ancestor":{"id":"costObjectAdminTypeComboBox","viewName":"etm.portal.ui.managerequests.view.NewRequest","searchOpenDialogs":true}},"wdio_ui5_key":"etmportal.ui.managerequests.view.NewRequestsap.ui.core.Icon{\"src\":{\"regex\":{\"source\":\"slim\\\\-arrow\\\\-down\"}}}{\"id\":\"costObjectAdminTypeComboBox\",\"viewName\":\"etm.portal.ui.managerequests.view.NewRequest\",\"searchOpenDialogs\":true}"}]}
COMMAND: GET /session/87d62074a4cb28b4ac0fd763e82d6371/screenshot - {}
RESULT: {"script":"<script> [1562 bytes]","args":[{"selector":{"controlType":"sap.ui.core.Icon","viewName":"etm.portal.ui.managerequests.view.NewRequest","properties":{"src":{"regex":{"source":"slim\\-arrow\\-down"}}},"searchOpenDialogs":true,"ancestor":{"id":"costObjectAdminTypeComboBox","viewName":"etm.portal.ui.managerequests.view.NewRequest","searchOpenDialogs":true}},"wdio_ui5_key":"etmportal.ui.managerequests.view.NewRequestsap.ui.core.Icon{\"src\":{\"regex\":{\"source\":\"slim\\\\-arrow\\\\-down\"}}}{\"id\":\"costObjectAdminTypeComboBox\",\"viewName\":\"etm.portal.ui.managerequests.view.NewRequest\",\"searchOpenDialogs\":true}"}]}
RESULT: undefined
COMMAND: POST /session/87d62074a4cb28b4ac0fd763e82d6371/element - {"using":"xpath","value":"//*[@id=\"__xmlview60--costObjectAdminTypeComboBox-arrow\"]"}
RESULT: {}
RESULT: {"using":"xpath","value":"//*[@id=\"__xmlview60--costObjectAdminTypeComboBox-arrow\"]"}
COMMAND: POST /session/87d62074a4cb28b4ac0fd763e82d6371/element/f.62693C2623AD3835EDB30C63D0026C38.d.4B0BB84E7FF77C69DC517733731C7870.e.9339/click - {}
RESULT: {}
COMMAND: POST /session/87d62074a4cb28b4ac0fd763e82d6371/execute/async - {"script":"<script> [1562 bytes]","args":[{"selector":{"controlType":"sap.m.StandardListItem","viewName":"etm.portal.ui.managerequests.view.NewRequest","properties":{"title":"Cost Center"},"searchOpenDialogs":true,"interaction":{"idSuffix":"titleText"}},"wdio_ui5_key":"etmportal.ui.managerequests.view.NewRequestsap.m.StandardListItem{\"title\":\"Cost Center\"}"}]}
COMMAND: GET /session/87d62074a4cb28b4ac0fd763e82d6371/screenshot - {}
RESULT: {"script":"<script> [1562 bytes]","args":[{"selector":{"controlType":"sap.m.StandardListItem","viewName":"etm.portal.ui.managerequests.view.NewRequest","properties":{"title":"Cost Center"},"searchOpenDialogs":true,"interaction":{"idSuffix":"titleText"}},"wdio_ui5_key":"etmportal.ui.managerequests.view.NewRequestsap.m.StandardListItem{\"title\":\"Cost Center\"}"}]}
RESULT: undefined
COMMAND: POST /session/87d62074a4cb28b4ac0fd763e82d6371/element - {"using":"xpath","value":"//*[@id=\"__item448\"]"}
RESULT: {}
RESULT: {"using":"xpath","value":"//*[@id=\"__item448\"]"}
COMMAND: POST /session/87d62074a4cb28b4ac0fd763e82d6371/element/f.62693C2623AD3835EDB30C63D0026C38.d.4B0BB84E7FF77C69DC517733731C7870.e.9342/click - {}
RESULT: {}
COMMAND: GET /session/87d62074a4cb28b4ac0fd763e82d6371/screenshot - {}
RESULT: {}
COMMAND: POST /session/87d62074a4cb28b4ac0fd763e82d6371/execute/async - {"script":"<script> [1562 bytes]","args":[{"selector":{"controlType":"sap.ui.core.Icon","viewName":"etm.portal.ui.managerequests.view.NewRequest","properties":{"src":{"regex":{"source":"value\\-help"}}},"searchOpenDialogs":true},"wdio_ui5_key":"etmportal.ui.managerequests.view.NewRequestsap.ui.core.Icon{\"src\":{\"regex\":{\"source\":\"value\\\\-help\"}}}"}]}
RESULT: {"script":"<script> [1562 bytes]","args":[{"selector":{"controlType":"sap.ui.core.Icon","viewName":"etm.portal.ui.managerequests.view.NewRequest","properties":{"src":{"regex":{"source":"value\\-help"}}},"searchOpenDialogs":true},"wdio_ui5_key":"etmportal.ui.managerequests.view.NewRequestsap.ui.core.Icon{\"src\":{\"regex\":{\"source\":\"value\\\\-help\"}}}"}]}
RESULT: undefined
COMMAND: POST /session/87d62074a4cb28b4ac0fd763e82d6371/element - {"using":"xpath","value":"//*[@id=\"__xmlview60--costObjectIdComboBox-vhi\"]"}
RESULT: {"using":"xpath","value":"//*[@id=\"__xmlview60--costObjectIdComboBox-vhi\"]"}
COMMAND: POST /session/87d62074a4cb28b4ac0fd763e82d6371/element/f.62693C2623AD3835EDB30C63D0026C38.d.4B0BB84E7FF77C69DC517733731C7870.e.9348/click - {}
RESULT: {}
COMMAND: POST /session/87d62074a4cb28b4ac0fd763e82d6371/execute/async - {"script":"<script> [1562 bytes]","args":[{"selector":{"controlType":"sap.m.SearchField","properties":{"placeholder":"Search"},"searchOpenDialogs":true,"interaction":{"idSuffix":"I"}},"wdio_ui5_key":"sapm.SearchField{\"placeholder\":\"Search\"}"}]}
COMMAND: GET /session/87d62074a4cb28b4ac0fd763e82d6371/screenshot - {}
RESULT: {"script":"<script> [1562 bytes]","args":[{"selector":{"controlType":"sap.m.SearchField","properties":{"placeholder":"Search"},"searchOpenDialogs":true,"interaction":{"idSuffix":"I"}},"wdio_ui5_key":"sapm.SearchField{\"placeholder\":\"Search\"}"}]}
RESULT: undefined
COMMAND: POST /session/87d62074a4cb28b4ac0fd763e82d6371/execute/async - {"script":"<script> [776 bytes]","args":[{"enterText":"10001010","selector":{"controlType":"sap.m.SearchField","properties":{"placeholder":"Search"},"searchOpenDialogs":true,"interaction":{"idSuffix":"I"}},"clearTextFirst":true,"interactionType":"ENTER_TEXT"}]}
RESULT: {}
RESULT: {"script":"<script> [776 bytes]","args":[{"enterText":"10001010","selector":{"controlType":"sap.m.SearchField","properties":{"placeholder":"Search"},"searchOpenDialogs":true,"interaction":{"idSuffix":"I"}},"clearTextFirst":true,"interactionType":"ENTER_TEXT"}]}
COMMAND: POST /session/87d62074a4cb28b4ac0fd763e82d6371/actions - {"actions":[{"id":"action70","type":"key","parameters":{},"actions":[{"type":"keyDown","value":""},{"type":"pause","duration":10},{"type":"keyUp","value":""}]}]}
RESULT: {"actions":[{"id":"action70","type":"key","parameters":{},"actions":[{"type":"keyDown","value":""},{"type":"pause","duration":10},{"type":"keyUp","value":""}]}]}
COMMAND: GET /session/87d62074a4cb28b4ac0fd763e82d6371/screenshot - {}
RESULT: {}
COMMAND: POST /session/87d62074a4cb28b4ac0fd763e82d6371/execute/async - {"script":"<script> [1562 bytes]","args":[{"selector":{"controlType":"sap.m.Text","bindingPath":{"path":"/C_CostCtrValueHelp(CostCenter='10001010',ControllingArea='Z001')","propertyPath":"CostCenterName","modelName":"CostCenterModel"},"searchOpenDialogs":true},"wdio_ui5_key":"sapm.Text{\"path\":\"/C_CostCtrValueHelp(CostCenter='10001010',ControllingArea='Z001')\",\"propertyPath\":\"CostCenterName\",\"modelName\":\"CostCenterModel\"}"}]}
RESULT: {"script":"<script> [1562 bytes]","args":[{"selector":{"controlType":"sap.m.Text","bindingPath":{"path":"/C_CostCtrValueHelp(CostCenter='10001010',ControllingArea='Z001')","propertyPath":"CostCenterName","modelName":"CostCenterModel"},"searchOpenDialogs":true},"wdio_ui5_key":"sapm.Text{\"path\":\"/C_CostCtrValueHelp(CostCenter='10001010',ControllingArea='Z001')\",\"propertyPath\":\"CostCenterName\",\"modelName\":\"CostCenterModel\"}"}]}
RESULT: undefined
COMMAND: POST /session/87d62074a4cb28b4ac0fd763e82d6371/element - {"using":"xpath","value":"//*[@id=\"__text289-__clone586\"]"}
RESULT: {"using":"xpath","value":"//*[@id=\"__text289-__clone586\"]"}
COMMAND: POST /session/87d62074a4cb28b4ac0fd763e82d6371/element/f.62693C2623AD3835EDB30C63D0026C38.d.4B0BB84E7FF77C69DC517733731C7870.e.9388/click - {}
RESULT: {}
COMMAND: POST /session/87d62074a4cb28b4ac0fd763e82d6371/execute/async - {"script":"<script> [1562 bytes]","args":[{"selector":{"controlType":"sap.m.Button","properties":{"text":"OK"},"searchOpenDialogs":true,"interaction":{"idSuffix":"BDI-content"}},"wdio_ui5_key":"sapm.Button{\"text\":\"OK\"}"}]}
COMMAND: GET /session/87d62074a4cb28b4ac0fd763e82d6371/screenshot - {}
RESULT: {"script":"<script> [1562 bytes]","args":[{"selector":{"controlType":"sap.m.Button","properties":{"text":"OK"},"searchOpenDialogs":true,"interaction":{"idSuffix":"BDI-content"}},"wdio_ui5_key":"sapm.Button{\"text\":\"OK\"}"}]}
RESULT: undefined
COMMAND: POST /session/87d62074a4cb28b4ac0fd763e82d6371/element - {"using":"xpath","value":"//*[@id=\"__dialog1-ok\"]"}
RESULT: {}
RESULT: {"using":"xpath","value":"//*[@id=\"__dialog1-ok\"]"}
COMMAND: POST /session/87d62074a4cb28b4ac0fd763e82d6371/element/f.62693C2623AD3835EDB30C63D0026C38.d.4B0BB84E7FF77C69DC517733731C7870.e.9390/click - {}
RESULT: {}
COMMAND: GET /session/87d62074a4cb28b4ac0fd763e82d6371/screenshot - {}
RESULT: {}
COMMAND: POST /session/87d62074a4cb28b4ac0fd763e82d6371/execute/async - {"script":"<script> [1562 bytes]","args":[{"selector":{"controlType":"sap.m.Button","viewName":"etm.portal.ui.managerequests.view.NewRequest","i18NText":{"propertyName":"text","key":"save"},"searchOpenDialogs":true,"interaction":{"idSuffix":"BDI-content"}},"wdio_ui5_key":"etmportal.ui.managerequests.view.NewRequestsap.m.Button{\"propertyName\":\"text\",\"key\":\"save\"}"}]}
RESULT: {"script":"<script> [1562 bytes]","args":[{"selector":{"controlType":"sap.m.Button","viewName":"etm.portal.ui.managerequests.view.NewRequest","i18NText":{"propertyName":"text","key":"save"},"searchOpenDialogs":true,"interaction":{"idSuffix":"BDI-content"}},"wdio_ui5_key":"etmportal.ui.managerequests.view.NewRequestsap.m.Button{\"propertyName\":\"text\",\"key\":\"save\"}"}]}
RESULT: undefined
COMMAND: POST /session/87d62074a4cb28b4ac0fd763e82d6371/element - {"using":"xpath","value":"//*[@id=\"__button23\"]"}
RESULT: {"using":"xpath","value":"//*[@id=\"__button23\"]"}
COMMAND: POST /session/87d62074a4cb28b4ac0fd763e82d6371/element/f.62693C2623AD3835EDB30C63D0026C38.d.4B0BB84E7FF77C69DC517733731C7870.e.9394/click - {}
RESULT: {}
COMMAND: GET /session/87d62074a4cb28b4ac0fd763e82d6371/screenshot - {}
RESULT: {}
COMMAND: POST /session/87d62074a4cb28b4ac0fd763e82d6371/element - {"using":"xpath","value":"(//bdi[contains(text() ,\"Save\")])[1]"}
RESULT: {"using":"xpath","value":"(//bdi[contains(text() ,\"Save\")])[1]"}
COMMAND: POST /session/87d62074a4cb28b4ac0fd763e82d6371/element/f.62693C2623AD3835EDB30C63D0026C38.d.4B0BB84E7FF77C69DC517733731C7870.e.9396/click - {}
RESULT: {}
COMMAND: GET /session/87d62074a4cb28b4ac0fd763e82d6371/screenshot - {}
RESULT: {}
COMMAND: POST /session/87d62074a4cb28b4ac0fd763e82d6371/execute/async - {"script":"<script> [1562 bytes]","args":[{"selector":{"controlType":"sap.m.Title","properties":{"text":"Success"},"searchOpenDialogs":true},"wdio_ui5_key":"sapm.Title{\"text\":\"Success\"}"}]}
RESULT: {"script":"<script> [1562 bytes]","args":[{"selector":{"controlType":"sap.m.Title","properties":{"text":"Success"},"searchOpenDialogs":true},"wdio_ui5_key":"sapm.Title{\"text\":\"Success\"}"}]}
RESULT: undefined
COMMAND: POST /session/87d62074a4cb28b4ac0fd763e82d6371/execute/async - {"script":"<script> [6424 bytes]","args":[{"element-6066-11e4-a52e-4f735466cecf":"f.62693C2623AD3835EDB30C63D0026C38.d.4B0BB84E7FF77C69DC517733731C7870.e.9400"},"getText",[]]}
RESULT: {"script":"<script> [6424 bytes]","args":[{"element-6066-11e4-a52e-4f735466cecf":"f.62693C2623AD3835EDB30C63D0026C38.d.4B0BB84E7FF77C69DC517733731C7870.e.9400"},"getText",[]]}
COMMAND: POST /session/87d62074a4cb28b4ac0fd763e82d6371/execute/async - {"script":"<script> [1562 bytes]","args":[{"selector":{"controlType":"sap.m.Button","properties":{"text":"Close"},"searchOpenDialogs":true,"interaction":{"idSuffix":"BDI-content"}},"wdio_ui5_key":"sapm.Button{\"text\":\"Close\"}"}]}
RESULT: {"script":"<script> [1562 bytes]","args":[{"selector":{"controlType":"sap.m.Button","properties":{"text":"Close"},"searchOpenDialogs":true,"interaction":{"idSuffix":"BDI-content"}},"wdio_ui5_key":"sapm.Button{\"text\":\"Close\"}"}]}
RESULT: undefined
COMMAND: POST /session/87d62074a4cb28b4ac0fd763e82d6371/element - {"using":"xpath","value":"//*[@id=\"__mbox-btn-0\"]"}
RESULT: {"using":"xpath","value":"//*[@id=\"__mbox-btn-0\"]"}
COMMAND: POST /session/87d62074a4cb28b4ac0fd763e82d6371/element/f.62693C2623AD3835EDB30C63D0026C38.d.4B0BB84E7FF77C69DC517733731C7870.e.9399/click - {}
RESULT: {}
COMMAND: GET /session/87d62074a4cb28b4ac0fd763e82d6371/screenshot - {}
RESULT: {}
]]></system-out>
    </testcase>
    <testcase classname="chrome.137_0_7151_69.windows.Reserve/Unreserve_request_item_via_reserve_option_US139161" name="Should navigate to planning board and reserve the resource" time="98.481">
      <system-out><![CDATA[
COMMAND: POST /session/87d62074a4cb28b4ac0fd763e82d6371/execute/async - {"script":"<script> [1562 bytes]","args":[{"selector":{"controlType":"sap.m.Button","viewName":"etm.portal.ui.managerequests.view.Detail","i18NText":{"propertyName":"text","key":"planningSituation"},"interaction":{"idSuffix":"BDI-content"}},"wdio_ui5_key":"etmportal.ui.managerequests.view.Detailsap.m.Button{\"propertyName\":\"text\",\"key\":\"planningSituation\"}"}]}
RESULT: {"script":"<script> [1562 bytes]","args":[{"selector":{"controlType":"sap.m.Button","viewName":"etm.portal.ui.managerequests.view.Detail","i18NText":{"propertyName":"text","key":"planningSituation"},"interaction":{"idSuffix":"BDI-content"}},"wdio_ui5_key":"etmportal.ui.managerequests.view.Detailsap.m.Button{\"propertyName\":\"text\",\"key\":\"planningSituation\"}"}]}
RESULT: undefined
COMMAND: POST /session/87d62074a4cb28b4ac0fd763e82d6371/element - {"using":"xpath","value":"//*[@id=\"__button26\"]"}
RESULT: {"using":"xpath","value":"//*[@id=\"__button26\"]"}
COMMAND: POST /session/87d62074a4cb28b4ac0fd763e82d6371/element/f.62693C2623AD3835EDB30C63D0026C38.d.4B0BB84E7FF77C69DC517733731C7870.e.9425/click - {}
RESULT: {}
COMMAND: GET /session/87d62074a4cb28b4ac0fd763e82d6371/screenshot - {}
RESULT: {}
COMMAND: POST /session/87d62074a4cb28b4ac0fd763e82d6371/element - {"using":"xpath","value":"(//span[contains(@title ,\"WebdriverYardcxril\")])[1]"}
RESULT: {"using":"xpath","value":"(//span[contains(@title ,\"WebdriverYardcxril\")])[1]"}
COMMAND: POST /session/87d62074a4cb28b4ac0fd763e82d6371/elements - {"using":"xpath","value":"(//span[contains(@title ,\"WebdriverYardcxril\")])[1]"}
RESULT: {"using":"xpath","value":"(//span[contains(@title ,\"WebdriverYardcxril\")])[1]"}
COMMAND: POST /session/87d62074a4cb28b4ac0fd763e82d6371/elements - {"using":"xpath","value":"(//span[contains(@title ,\"WebdriverYardcxril\")])[1]"}
RESULT: {"using":"xpath","value":"(//span[contains(@title ,\"WebdriverYardcxril\")])[1]"}
COMMAND: POST /session/87d62074a4cb28b4ac0fd763e82d6371/elements - {"using":"xpath","value":"(//span[contains(@title ,\"WebdriverYardcxril\")])[1]"}
RESULT: {"using":"xpath","value":"(//span[contains(@title ,\"WebdriverYardcxril\")])[1]"}
COMMAND: POST /session/87d62074a4cb28b4ac0fd763e82d6371/elements - {"using":"xpath","value":"(//span[contains(@title ,\"WebdriverYardcxril\")])[1]"}
RESULT: {"using":"xpath","value":"(//span[contains(@title ,\"WebdriverYardcxril\")])[1]"}
COMMAND: POST /session/87d62074a4cb28b4ac0fd763e82d6371/elements - {"using":"xpath","value":"(//span[contains(@title ,\"WebdriverYardcxril\")])[1]"}
RESULT: {"using":"xpath","value":"(//span[contains(@title ,\"WebdriverYardcxril\")])[1]"}
COMMAND: POST /session/87d62074a4cb28b4ac0fd763e82d6371/elements - {"using":"xpath","value":"(//span[contains(@title ,\"WebdriverYardcxril\")])[1]"}
RESULT: {"using":"xpath","value":"(//span[contains(@title ,\"WebdriverYardcxril\")])[1]"}
COMMAND: POST /session/87d62074a4cb28b4ac0fd763e82d6371/elements - {"using":"xpath","value":"(//span[contains(@title ,\"WebdriverYardcxril\")])[1]"}
RESULT: {"using":"xpath","value":"(//span[contains(@title ,\"WebdriverYardcxril\")])[1]"}
COMMAND: POST /session/87d62074a4cb28b4ac0fd763e82d6371/elements - {"using":"xpath","value":"(//span[contains(@title ,\"WebdriverYardcxril\")])[1]"}
RESULT: {"using":"xpath","value":"(//span[contains(@title ,\"WebdriverYardcxril\")])[1]"}
COMMAND: POST /session/87d62074a4cb28b4ac0fd763e82d6371/elements - {"using":"xpath","value":"(//span[contains(@title ,\"WebdriverYardcxril\")])[1]"}
RESULT: {"using":"xpath","value":"(//span[contains(@title ,\"WebdriverYardcxril\")])[1]"}
COMMAND: POST /session/87d62074a4cb28b4ac0fd763e82d6371/elements - {"using":"xpath","value":"(//span[contains(@title ,\"WebdriverYardcxril\")])[1]"}
RESULT: {"using":"xpath","value":"(//span[contains(@title ,\"WebdriverYardcxril\")])[1]"}
COMMAND: POST /session/87d62074a4cb28b4ac0fd763e82d6371/elements - {"using":"xpath","value":"(//span[contains(@title ,\"WebdriverYardcxril\")])[1]"}
RESULT: {"using":"xpath","value":"(//span[contains(@title ,\"WebdriverYardcxril\")])[1]"}
COMMAND: POST /session/87d62074a4cb28b4ac0fd763e82d6371/elements - {"using":"xpath","value":"(//span[contains(@title ,\"WebdriverYardcxril\")])[1]"}
RESULT: {"using":"xpath","value":"(//span[contains(@title ,\"WebdriverYardcxril\")])[1]"}
COMMAND: POST /session/87d62074a4cb28b4ac0fd763e82d6371/elements - {"using":"xpath","value":"(//span[contains(@title ,\"WebdriverYardcxril\")])[1]"}
RESULT: {"using":"xpath","value":"(//span[contains(@title ,\"WebdriverYardcxril\")])[1]"}
COMMAND: POST /session/87d62074a4cb28b4ac0fd763e82d6371/elements - {"using":"xpath","value":"(//span[contains(@title ,\"WebdriverYardcxril\")])[1]"}
RESULT: {"using":"xpath","value":"(//span[contains(@title ,\"WebdriverYardcxril\")])[1]"}
COMMAND: POST /session/87d62074a4cb28b4ac0fd763e82d6371/elements - {"using":"xpath","value":"(//span[contains(@title ,\"WebdriverYardcxril\")])[1]"}
RESULT: {"using":"xpath","value":"(//span[contains(@title ,\"WebdriverYardcxril\")])[1]"}
COMMAND: POST /session/87d62074a4cb28b4ac0fd763e82d6371/elements - {"using":"xpath","value":"(//span[contains(@title ,\"WebdriverYardcxril\")])[1]"}
RESULT: {"using":"xpath","value":"(//span[contains(@title ,\"WebdriverYardcxril\")])[1]"}
COMMAND: POST /session/87d62074a4cb28b4ac0fd763e82d6371/elements - {"using":"xpath","value":"(//span[contains(@title ,\"WebdriverYardcxril\")])[1]"}
RESULT: {"using":"xpath","value":"(//span[contains(@title ,\"WebdriverYardcxril\")])[1]"}
COMMAND: POST /session/87d62074a4cb28b4ac0fd763e82d6371/elements - {"using":"xpath","value":"(//span[contains(@title ,\"WebdriverYardcxril\")])[1]"}
RESULT: {"using":"xpath","value":"(//span[contains(@title ,\"WebdriverYardcxril\")])[1]"}
COMMAND: POST /session/87d62074a4cb28b4ac0fd763e82d6371/elements - {"using":"xpath","value":"(//span[contains(@title ,\"WebdriverYardcxril\")])[1]"}
RESULT: {"using":"xpath","value":"(//span[contains(@title ,\"WebdriverYardcxril\")])[1]"}
COMMAND: POST /session/87d62074a4cb28b4ac0fd763e82d6371/elements - {"using":"xpath","value":"(//span[contains(@title ,\"WebdriverYardcxril\")])[1]"}
RESULT: {"using":"xpath","value":"(//span[contains(@title ,\"WebdriverYardcxril\")])[1]"}
COMMAND: POST /session/87d62074a4cb28b4ac0fd763e82d6371/elements - {"using":"xpath","value":"(//span[contains(@title ,\"WebdriverYardcxril\")])[1]"}
RESULT: {"using":"xpath","value":"(//span[contains(@title ,\"WebdriverYardcxril\")])[1]"}
COMMAND: POST /session/87d62074a4cb28b4ac0fd763e82d6371/elements - {"using":"xpath","value":"(//span[contains(@title ,\"WebdriverYardcxril\")])[1]"}
RESULT: {"using":"xpath","value":"(//span[contains(@title ,\"WebdriverYardcxril\")])[1]"}
COMMAND: POST /session/87d62074a4cb28b4ac0fd763e82d6371/elements - {"using":"xpath","value":"(//span[contains(@title ,\"WebdriverYardcxril\")])[1]"}
RESULT: {"using":"xpath","value":"(//span[contains(@title ,\"WebdriverYardcxril\")])[1]"}
COMMAND: POST /session/87d62074a4cb28b4ac0fd763e82d6371/elements - {"using":"xpath","value":"(//span[contains(@title ,\"WebdriverYardcxril\")])[1]"}
RESULT: {"using":"xpath","value":"(//span[contains(@title ,\"WebdriverYardcxril\")])[1]"}
COMMAND: POST /session/87d62074a4cb28b4ac0fd763e82d6371/elements - {"using":"xpath","value":"(//span[contains(@title ,\"WebdriverYardcxril\")])[1]"}
RESULT: {"using":"xpath","value":"(//span[contains(@title ,\"WebdriverYardcxril\")])[1]"}
COMMAND: POST /session/87d62074a4cb28b4ac0fd763e82d6371/elements - {"using":"xpath","value":"(//span[contains(@title ,\"WebdriverYardcxril\")])[1]"}
RESULT: {"using":"xpath","value":"(//span[contains(@title ,\"WebdriverYardcxril\")])[1]"}
COMMAND: POST /session/87d62074a4cb28b4ac0fd763e82d6371/elements - {"using":"xpath","value":"(//span[contains(@title ,\"WebdriverYardcxril\")])[1]"}
RESULT: {"using":"xpath","value":"(//span[contains(@title ,\"WebdriverYardcxril\")])[1]"}
COMMAND: POST /session/87d62074a4cb28b4ac0fd763e82d6371/elements - {"using":"xpath","value":"(//span[contains(@title ,\"WebdriverYardcxril\")])[1]"}
RESULT: {"using":"xpath","value":"(//span[contains(@title ,\"WebdriverYardcxril\")])[1]"}
COMMAND: POST /session/87d62074a4cb28b4ac0fd763e82d6371/elements - {"using":"xpath","value":"(//span[contains(@title ,\"WebdriverYardcxril\")])[1]"}
RESULT: {"using":"xpath","value":"(//span[contains(@title ,\"WebdriverYardcxril\")])[1]"}
COMMAND: POST /session/87d62074a4cb28b4ac0fd763e82d6371/elements - {"using":"xpath","value":"(//span[contains(@title ,\"WebdriverYardcxril\")])[1]"}
RESULT: {"using":"xpath","value":"(//span[contains(@title ,\"WebdriverYardcxril\")])[1]"}
COMMAND: POST /session/87d62074a4cb28b4ac0fd763e82d6371/elements - {"using":"xpath","value":"(//span[contains(@title ,\"WebdriverYardcxril\")])[1]"}
RESULT: {"using":"xpath","value":"(//span[contains(@title ,\"WebdriverYardcxril\")])[1]"}
COMMAND: POST /session/87d62074a4cb28b4ac0fd763e82d6371/elements - {"using":"xpath","value":"(//span[contains(@title ,\"WebdriverYardcxril\")])[1]"}
RESULT: {"using":"xpath","value":"(//span[contains(@title ,\"WebdriverYardcxril\")])[1]"}
COMMAND: POST /session/87d62074a4cb28b4ac0fd763e82d6371/elements - {"using":"xpath","value":"(//span[contains(@title ,\"WebdriverYardcxril\")])[1]"}
RESULT: {"using":"xpath","value":"(//span[contains(@title ,\"WebdriverYardcxril\")])[1]"}
COMMAND: POST /session/87d62074a4cb28b4ac0fd763e82d6371/elements - {"using":"xpath","value":"(//span[contains(@title ,\"WebdriverYardcxril\")])[1]"}
RESULT: {"using":"xpath","value":"(//span[contains(@title ,\"WebdriverYardcxril\")])[1]"}
COMMAND: POST /session/87d62074a4cb28b4ac0fd763e82d6371/elements - {"using":"xpath","value":"(//span[contains(@title ,\"WebdriverYardcxril\")])[1]"}
RESULT: {"using":"xpath","value":"(//span[contains(@title ,\"WebdriverYardcxril\")])[1]"}
COMMAND: POST /session/87d62074a4cb28b4ac0fd763e82d6371/element - {"using":"xpath","value":"(//span[contains(@title ,\"WebdriverYardcxril\")])[1]"}
RESULT: {"using":"xpath","value":"(//span[contains(@title ,\"WebdriverYardcxril\")])[1]"}
COMMAND: POST /session/87d62074a4cb28b4ac0fd763e82d6371/execute/sync - {"script":"<script> [8489 bytes]","args":[{"element-6066-11e4-a52e-4f735466cecf":"f.62693C2623AD3835EDB30C63D0026C38.d.4B0BB84E7FF77C69DC517733731C7870.e.9850","ELEMENT":"f.62693C2623AD3835EDB30C63D0026C38.d.4B0BB84E7FF77C69DC517733731C7870.e.9850"}]}
RESULT: {"script":"<script> [8489 bytes]","args":[{"element-6066-11e4-a52e-4f735466cecf":"f.62693C2623AD3835EDB30C63D0026C38.d.4B0BB84E7FF77C69DC517733731C7870.e.9850","ELEMENT":"f.62693C2623AD3835EDB30C63D0026C38.d.4B0BB84E7FF77C69DC517733731C7870.e.9850"}]}
COMMAND: POST /session/87d62074a4cb28b4ac0fd763e82d6371/element - {"using":"xpath","value":"(//span[contains(@title ,\"WebdriverYardcxril\")])[1]"}
COMMAND: GET /session/87d62074a4cb28b4ac0fd763e82d6371/screenshot - {}
RESULT: {"using":"xpath","value":"(//span[contains(@title ,\"WebdriverYardcxril\")])[1]"}
COMMAND: POST /session/87d62074a4cb28b4ac0fd763e82d6371/actions - {"actions":[{"id":"action71","type":"pointer","parameters":{"pointerType":"mouse"},"actions":[{"type":"pointerMove","button":0,"width":0,"height":0,"pressure":0,"tangentialPressure":0,"tiltX":0,"tiltY":0,"twist":0,"altitudeAngle":0,"_":"5 more keys: [\"azimuthAngle\",\"x\",\"y\",\"duration\",\"origin\"]"},{"type":"pointerDown","button":2,"width":0,"height":0,"pressure":0,"tangentialPressure":0,"tiltX":0,"tiltY":0,"twist":0,"altitudeAngle":0,"_":"1 more keys: [\"azimuthAngle\"]"},{"type":"pointerUp","button":2}]}]}
RESULT: {}
RESULT: {"actions":[{"id":"action71","type":"pointer","parameters":{"pointerType":"mouse"},"actions":[{"type":"pointerMove","button":0,"width":0,"height":0,"pressure":0,"tangentialPressure":0,"tiltX":0,"tiltY":0,"twist":0,"altitudeAngle":0,"_":"5 more keys: [\"azimuthAngle\",\"x\",\"y\",\"duration\",\"origin\"]"},{"type":"pointerDown","button":2,"width":0,"height":0,"pressure":0,"tangentialPressure":0,"tiltX":0,"tiltY":0,"twist":0,"altitudeAngle":0,"_":"1 more keys: [\"azimuthAngle\"]"},{"type":"pointerUp","button":2}]}]}
COMMAND: DELETE /session/87d62074a4cb28b4ac0fd763e82d6371/actions - {}
COMMAND: GET /session/87d62074a4cb28b4ac0fd763e82d6371/screenshot - {}
RESULT: {}
COMMAND: GET /session/87d62074a4cb28b4ac0fd763e82d6371/screenshot - {}
RESULT: {}
RESULT: {}
COMMAND: POST /session/87d62074a4cb28b4ac0fd763e82d6371/actions - {"actions":[{"id":"action72","type":"key","parameters":{},"actions":[{"type":"keyDown","value":""},{"type":"pause","duration":10},{"type":"keyUp","value":""}]}]}
RESULT: {"actions":[{"id":"action72","type":"key","parameters":{},"actions":[{"type":"keyDown","value":""},{"type":"pause","duration":10},{"type":"keyUp","value":""}]}]}
COMMAND: GET /session/87d62074a4cb28b4ac0fd763e82d6371/screenshot - {}
RESULT: {}
COMMAND: POST /session/87d62074a4cb28b4ac0fd763e82d6371/actions - {"actions":[{"id":"action73","type":"key","parameters":{},"actions":[{"type":"keyDown","value":""},{"type":"pause","duration":10},{"type":"keyUp","value":""}]}]}
RESULT: {"actions":[{"id":"action73","type":"key","parameters":{},"actions":[{"type":"keyDown","value":""},{"type":"pause","duration":10},{"type":"keyUp","value":""}]}]}
COMMAND: GET /session/87d62074a4cb28b4ac0fd763e82d6371/screenshot - {}
RESULT: {}
COMMAND: POST /session/87d62074a4cb28b4ac0fd763e82d6371/execute/async - {"script":"<script> [1562 bytes]","args":[{"selector":{"id":"application-planningboard-display-component---pB_RequestHeader--RUreservationComment","searchOpenDialogs":true,"interaction":{"idSuffix":"inner"}},"wdio_ui5_key":"applicationplanningboard-display-component---pB_RequestHeader--RUreservationComment"}]}
RESULT: {"script":"<script> [1562 bytes]","args":[{"selector":{"id":"application-planningboard-display-component---pB_RequestHeader--RUreservationComment","searchOpenDialogs":true,"interaction":{"idSuffix":"inner"}},"wdio_ui5_key":"applicationplanningboard-display-component---pB_RequestHeader--RUreservationComment"}]}
RESULT: undefined
COMMAND: POST /session/87d62074a4cb28b4ac0fd763e82d6371/execute/async - {"script":"<script> [776 bytes]","args":[{"enterText":"WdIORes1z0lb5","selector":{"id":"application-planningboard-display-component---pB_RequestHeader--RUreservationComment","searchOpenDialogs":true,"interaction":{"idSuffix":"inner"}},"clearTextFirst":true,"interactionType":"ENTER_TEXT"}]}
RESULT: {"script":"<script> [776 bytes]","args":[{"enterText":"WdIORes1z0lb5","selector":{"id":"application-planningboard-display-component---pB_RequestHeader--RUreservationComment","searchOpenDialogs":true,"interaction":{"idSuffix":"inner"}},"clearTextFirst":true,"interactionType":"ENTER_TEXT"}]}
COMMAND: POST /session/87d62074a4cb28b4ac0fd763e82d6371/execute/async - {"script":"<script> [1562 bytes]","args":[{"selector":{"controlType":"sap.m.Button","viewName":"etm.portal.ui.planningboard.view.detail.RequestHeader","viewId":"application-planningboard-display-component---pB_RequestHeader","properties":{"text":"Ok"},"searchOpenDialogs":true,"interaction":{"idSuffix":"BDI-content"}},"wdio_ui5_key":"etmportal.ui.planningboard.view.detail.RequestHeadersap.m.Button{\"text\":\"Ok\"}"}]}
RESULT: {"script":"<script> [1562 bytes]","args":[{"selector":{"controlType":"sap.m.Button","viewName":"etm.portal.ui.planningboard.view.detail.RequestHeader","viewId":"application-planningboard-display-component---pB_RequestHeader","properties":{"text":"Ok"},"searchOpenDialogs":true,"interaction":{"idSuffix":"BDI-content"}},"wdio_ui5_key":"etmportal.ui.planningboard.view.detail.RequestHeadersap.m.Button{\"text\":\"Ok\"}"}]}
RESULT: undefined
COMMAND: POST /session/87d62074a4cb28b4ac0fd763e82d6371/element - {"using":"xpath","value":"//*[@id=\"__button191\"]"}
RESULT: {"using":"xpath","value":"//*[@id=\"__button191\"]"}
COMMAND: POST /session/87d62074a4cb28b4ac0fd763e82d6371/element/f.62693C2623AD3835EDB30C63D0026C38.d.4B0BB84E7FF77C69DC517733731C7870.e.9863/click - {}
RESULT: {}
COMMAND: GET /session/87d62074a4cb28b4ac0fd763e82d6371/screenshot - {}
RESULT: {}
COMMAND: POST /session/87d62074a4cb28b4ac0fd763e82d6371/element - {"using":"xpath","value":"//span[contains(@title ,\"WebdriverYardcxril\")]"}
RESULT: {"using":"xpath","value":"//span[contains(@title ,\"WebdriverYardcxril\")]"}
COMMAND: POST /session/87d62074a4cb28b4ac0fd763e82d6371/actions - {"actions":[{"id":"action74","type":"pointer","parameters":{"pointerType":"mouse"},"actions":[{"type":"pointerMove","button":0,"width":0,"height":0,"pressure":0,"tangentialPressure":0,"tiltX":0,"tiltY":0,"twist":0,"altitudeAngle":0,"_":"5 more keys: [\"azimuthAngle\",\"x\",\"y\",\"duration\",\"origin\"]"},{"type":"pointerDown","button":2,"width":0,"height":0,"pressure":0,"tangentialPressure":0,"tiltX":0,"tiltY":0,"twist":0,"altitudeAngle":0,"_":"1 more keys: [\"azimuthAngle\"]"},{"type":"pointerUp","button":2}]}]}
RESULT: {"actions":[{"id":"action74","type":"pointer","parameters":{"pointerType":"mouse"},"actions":[{"type":"pointerMove","button":0,"width":0,"height":0,"pressure":0,"tangentialPressure":0,"tiltX":0,"tiltY":0,"twist":0,"altitudeAngle":0,"_":"5 more keys: [\"azimuthAngle\",\"x\",\"y\",\"duration\",\"origin\"]"},{"type":"pointerDown","button":2,"width":0,"height":0,"pressure":0,"tangentialPressure":0,"tiltX":0,"tiltY":0,"twist":0,"altitudeAngle":0,"_":"1 more keys: [\"azimuthAngle\"]"},{"type":"pointerUp","button":2}]}]}
COMMAND: DELETE /session/87d62074a4cb28b4ac0fd763e82d6371/actions - {}
COMMAND: GET /session/87d62074a4cb28b4ac0fd763e82d6371/screenshot - {}
RESULT: {}
COMMAND: GET /session/87d62074a4cb28b4ac0fd763e82d6371/screenshot - {}
RESULT: {}
RESULT: {}
COMMAND: POST /session/87d62074a4cb28b4ac0fd763e82d6371/actions - {"actions":[{"id":"action75","type":"key","parameters":{},"actions":[{"type":"keyDown","value":""},{"type":"pause","duration":10},{"type":"keyUp","value":""}]}]}
RESULT: {"actions":[{"id":"action75","type":"key","parameters":{},"actions":[{"type":"keyDown","value":""},{"type":"pause","duration":10},{"type":"keyUp","value":""}]}]}
COMMAND: GET /session/87d62074a4cb28b4ac0fd763e82d6371/screenshot - {}
RESULT: {}
COMMAND: POST /session/87d62074a4cb28b4ac0fd763e82d6371/actions - {"actions":[{"id":"action76","type":"key","parameters":{},"actions":[{"type":"keyDown","value":""},{"type":"pause","duration":10},{"type":"keyUp","value":""}]}]}
RESULT: {"actions":[{"id":"action76","type":"key","parameters":{},"actions":[{"type":"keyDown","value":""},{"type":"pause","duration":10},{"type":"keyUp","value":""}]}]}
COMMAND: GET /session/87d62074a4cb28b4ac0fd763e82d6371/screenshot - {}
RESULT: {}
RESULT: undefined
COMMAND: POST /session/87d62074a4cb28b4ac0fd763e82d6371/execute/async - {"script":"<script> [776 bytes]","args":[{"enterText":"WdIORes2iay6x","selector":{"id":"application-planningboard-display-component---pB_RequestHeader--RUreservationComment","searchOpenDialogs":true,"interaction":{"idSuffix":"inner"}},"clearTextFirst":true,"interactionType":"ENTER_TEXT"}]}
RESULT: {"script":"<script> [776 bytes]","args":[{"enterText":"WdIORes2iay6x","selector":{"id":"application-planningboard-display-component---pB_RequestHeader--RUreservationComment","searchOpenDialogs":true,"interaction":{"idSuffix":"inner"}},"clearTextFirst":true,"interactionType":"ENTER_TEXT"}]}
RESULT: undefined
COMMAND: POST /session/87d62074a4cb28b4ac0fd763e82d6371/element - {"using":"xpath","value":"//*[@id=\"__button191\"]"}
RESULT: {"using":"xpath","value":"//*[@id=\"__button191\"]"}
COMMAND: POST /session/87d62074a4cb28b4ac0fd763e82d6371/element/f.62693C2623AD3835EDB30C63D0026C38.d.4B0BB84E7FF77C69DC517733731C7870.e.9951/click - {}
RESULT: {}
COMMAND: GET /session/87d62074a4cb28b4ac0fd763e82d6371/screenshot - {}
RESULT: {}
COMMAND: POST /session/87d62074a4cb28b4ac0fd763e82d6371/execute/async - {"script":"<script> [1562 bytes]","args":[{"selector":{"controlType":"sap.m.Button","viewName":"etm.portal.ui.planningboard.view.detail.RequestHeader","viewId":"application-planningboard-display-component---pB_RequestHeader","i18NText":{"propertyName":"text","key":"close"},"ancestor":{"id":"application-planningboard-display-component---pB_RequestHeader--requestItemDetails"},"interaction":{"idSuffix":"BDI-content"}},"wdio_ui5_key":"etmportal.ui.planningboard.view.detail.RequestHeadersap.m.Button{\"propertyName\":\"text\",\"key\":\"close\"}{\"id\":\"application-planningboard-display-component---pB_RequestHeader--requestItemDetails\"}"}]}
RESULT: {"script":"<script> [1562 bytes]","args":[{"selector":{"controlType":"sap.m.Button","viewName":"etm.portal.ui.planningboard.view.detail.RequestHeader","viewId":"application-planningboard-display-component---pB_RequestHeader","i18NText":{"propertyName":"text","key":"close"},"ancestor":{"id":"application-planningboard-display-component---pB_RequestHeader--requestItemDetails"},"interaction":{"idSuffix":"BDI-content"}},"wdio_ui5_key":"etmportal.ui.planningboard.view.detail.RequestHeadersap.m.Button{\"propertyName\":\"text\",\"key\":\"close\"}{\"id\":\"application-planningboard-display-component---pB_RequestHeader--requestItemDetails\"}"}]}
RESULT: undefined
COMMAND: POST /session/87d62074a4cb28b4ac0fd763e82d6371/element - {"using":"xpath","value":"//*[@id=\"__button61\"]"}
RESULT: {"using":"xpath","value":"//*[@id=\"__button61\"]"}
COMMAND: POST /session/87d62074a4cb28b4ac0fd763e82d6371/element/f.62693C2623AD3835EDB30C63D0026C38.d.4B0BB84E7FF77C69DC517733731C7870.e.9789/click - {}
RESULT: {}
COMMAND: GET /session/87d62074a4cb28b4ac0fd763e82d6371/screenshot - {}
RESULT: {}
COMMAND: POST /session/87d62074a4cb28b4ac0fd763e82d6371/execute/async - {"script":"<script> [1562 bytes]","args":[{"selector":{"id":"application-planningboard-display-component---pB_Master--selectView","interaction":{"idSuffix":"arrow"}},"wdio_ui5_key":"applicationplanningboard-display-component---pB_Master--selectView"}]}
RESULT: {"script":"<script> [1562 bytes]","args":[{"selector":{"id":"application-planningboard-display-component---pB_Master--selectView","interaction":{"idSuffix":"arrow"}},"wdio_ui5_key":"applicationplanningboard-display-component---pB_Master--selectView"}]}
RESULT: undefined
COMMAND: POST /session/87d62074a4cb28b4ac0fd763e82d6371/element - {"using":"xpath","value":"//*[@id=\"application-planningboard-display-component---pB_Master--selectView\"]"}
RESULT: {"using":"xpath","value":"//*[@id=\"application-planningboard-display-component---pB_Master--selectView\"]"}
COMMAND: POST /session/87d62074a4cb28b4ac0fd763e82d6371/element/f.62693C2623AD3835EDB30C63D0026C38.d.4B0BB84E7FF77C69DC517733731C7870.e.10115/click - {}
RESULT: {}
COMMAND: GET /session/87d62074a4cb28b4ac0fd763e82d6371/screenshot - {}
RESULT: {}
COMMAND: POST /session/87d62074a4cb28b4ac0fd763e82d6371/execute/async - {"script":"<script> [1562 bytes]","args":[{"selector":{"controlType":"sap.ui.core.Item","viewName":"etm.portal.ui.planningboard.view.Master","viewId":"application-planningboard-display-component---pB_Master","i18NText":{"propertyName":"text","key":"manageReservations"},"searchOpenDialogs":true},"wdio_ui5_key":"etmportal.ui.planningboard.view.Mastersap.ui.core.Item{\"propertyName\":\"text\",\"key\":\"manageReservations\"}"}]}
RESULT: {"script":"<script> [1562 bytes]","args":[{"selector":{"controlType":"sap.ui.core.Item","viewName":"etm.portal.ui.planningboard.view.Master","viewId":"application-planningboard-display-component---pB_Master","i18NText":{"propertyName":"text","key":"manageReservations"},"searchOpenDialogs":true},"wdio_ui5_key":"etmportal.ui.planningboard.view.Mastersap.ui.core.Item{\"propertyName\":\"text\",\"key\":\"manageReservations\"}"}]}
RESULT: undefined
COMMAND: POST /session/87d62074a4cb28b4ac0fd763e82d6371/element - {"using":"xpath","value":"//*[@id=\"__item495\"]"}
RESULT: {"using":"xpath","value":"//*[@id=\"__item495\"]"}
COMMAND: POST /session/87d62074a4cb28b4ac0fd763e82d6371/element/f.62693C2623AD3835EDB30C63D0026C38.d.4B0BB84E7FF77C69DC517733731C7870.e.10116/click - {}
RESULT: {}
COMMAND: GET /session/87d62074a4cb28b4ac0fd763e82d6371/screenshot - {}
RESULT: {}
COMMAND: POST /session/87d62074a4cb28b4ac0fd763e82d6371/element - {"using":"xpath","value":"//span[contains(@id ,\"clone\")][contains(text(), \"WdIORes1z0lb5\")]"}
RESULT: {"using":"xpath","value":"//span[contains(@id ,\"clone\")][contains(text(), \"WdIORes1z0lb5\")]"}
COMMAND: GET /session/87d62074a4cb28b4ac0fd763e82d6371/element/f.62693C2623AD3835EDB30C63D0026C38.d.4B0BB84E7FF77C69DC517733731C7870.e.10132/text - {}
RESULT: {}
COMMAND: POST /session/87d62074a4cb28b4ac0fd763e82d6371/element - {"using":"xpath","value":"//span[contains(@id ,\"clone\")][contains(text(), \"WdIORes2iay6x\")]"}
RESULT: {"using":"xpath","value":"//span[contains(@id ,\"clone\")][contains(text(), \"WdIORes2iay6x\")]"}
COMMAND: POST /session/87d62074a4cb28b4ac0fd763e82d6371/element/f.62693C2623AD3835EDB30C63D0026C38.d.4B0BB84E7FF77C69DC517733731C7870.e.10133/click - {}
RESULT: {}
COMMAND: GET /session/87d62074a4cb28b4ac0fd763e82d6371/screenshot - {}
RESULT: {}
COMMAND: POST /session/87d62074a4cb28b4ac0fd763e82d6371/actions - {"actions":[{"id":"action77","type":"key","parameters":{},"actions":[{"type":"keyDown","value":""},{"type":"pause","duration":10},{"type":"keyUp","value":""}]}]}
RESULT: {"actions":[{"id":"action77","type":"key","parameters":{},"actions":[{"type":"keyDown","value":""},{"type":"pause","duration":10},{"type":"keyUp","value":""}]}]}
COMMAND: GET /session/87d62074a4cb28b4ac0fd763e82d6371/screenshot - {}
RESULT: {}
COMMAND: POST /session/87d62074a4cb28b4ac0fd763e82d6371/execute/async - {"script":"<script> [1562 bytes]","args":[{"selector":{"controlType":"sap.m.Button","viewName":"etm.portal.ui.planningboard.view.detail.Planning","viewId":"application-planningboard-display-component---pB_Planning","i18NText":{"propertyName":"text","key":"unplan"},"interaction":{"idSuffix":"BDI-content"}},"wdio_ui5_key":"etmportal.ui.planningboard.view.detail.Planningsap.m.Button{\"propertyName\":\"text\",\"key\":\"unplan\"}"}]}
RESULT: {"script":"<script> [1562 bytes]","args":[{"selector":{"controlType":"sap.m.Button","viewName":"etm.portal.ui.planningboard.view.detail.Planning","viewId":"application-planningboard-display-component---pB_Planning","i18NText":{"propertyName":"text","key":"unplan"},"interaction":{"idSuffix":"BDI-content"}},"wdio_ui5_key":"etmportal.ui.planningboard.view.detail.Planningsap.m.Button{\"propertyName\":\"text\",\"key\":\"unplan\"}"}]}
RESULT: undefined
COMMAND: POST /session/87d62074a4cb28b4ac0fd763e82d6371/element - {"using":"xpath","value":"//*[@id=\"__button251\"]"}
RESULT: {"using":"xpath","value":"//*[@id=\"__button251\"]"}
COMMAND: POST /session/87d62074a4cb28b4ac0fd763e82d6371/element/f.62693C2623AD3835EDB30C63D0026C38.d.4B0BB84E7FF77C69DC517733731C7870.e.10198/click - {}
RESULT: {}
COMMAND: GET /session/87d62074a4cb28b4ac0fd763e82d6371/screenshot - {}
RESULT: {}
COMMAND: POST /session/87d62074a4cb28b4ac0fd763e82d6371/element - {"using":"xpath","value":"//span[contains(@id ,\"clone\")][contains(text(), \"WdIORes2iay6x\")]"}
RESULT: {"using":"xpath","value":"//span[contains(@id ,\"clone\")][contains(text(), \"WdIORes2iay6x\")]"}
COMMAND: POST /session/87d62074a4cb28b4ac0fd763e82d6371/element - {"using":"xpath","value":"//span[contains(@id ,\"clone\")][contains(text(), \"WdIORes2iay6x\")]"}
RESULT: {"using":"xpath","value":"//span[contains(@id ,\"clone\")][contains(text(), \"WdIORes2iay6x\")]"}
COMMAND: POST /session/87d62074a4cb28b4ac0fd763e82d6371/element - {"using":"xpath","value":"//span[contains(@id ,\"clone\")][contains(text(), \"WdIORes1z0lb5\")]"}
RESULT: {"using":"xpath","value":"//span[contains(@id ,\"clone\")][contains(text(), \"WdIORes1z0lb5\")]"}
COMMAND: POST /session/87d62074a4cb28b4ac0fd763e82d6371/element/f.62693C2623AD3835EDB30C63D0026C38.d.4B0BB84E7FF77C69DC517733731C7870.e.10264/click - {}
RESULT: {}
COMMAND: GET /session/87d62074a4cb28b4ac0fd763e82d6371/screenshot - {}
RESULT: {}
COMMAND: POST /session/87d62074a4cb28b4ac0fd763e82d6371/actions - {"actions":[{"id":"action78","type":"key","parameters":{},"actions":[{"type":"keyDown","value":""},{"type":"pause","duration":10},{"type":"keyUp","value":""}]}]}
RESULT: {"actions":[{"id":"action78","type":"key","parameters":{},"actions":[{"type":"keyDown","value":""},{"type":"pause","duration":10},{"type":"keyUp","value":""}]}]}
COMMAND: GET /session/87d62074a4cb28b4ac0fd763e82d6371/screenshot - {}
RESULT: {}
]]></system-out>
    </testcase>
  </testsuite>
  <testsuite timestamp="2025-06-14T16:08:57" time="31.766" tests="1" failures="0" errors="0" skipped="0">
    <properties>
      <property name="specId" value="0"/>
      <property name="suiteName" value="Reserve/Unreserve request item via reserve option US139161"/>
      <property name="capabilities" value="chrome.137_0_7151_69.windows"/>
      <property name="file" value="file:///D:/a/1/s/test/specs/R2C/manage-reservations-view-planning-board.spec.js"/>
    </properties>
    <testcase classname="chrome.137_0_7151_69.windows.Reserve/Unreserve_request_item_via_reserve_option_US139161" name="Should open a reservation to verify and edit the details" time="31.764">
      <system-out><![CDATA[
COMMAND: POST /session/87d62074a4cb28b4ac0fd763e82d6371/element - {"using":"xpath","value":"//button[contains(@data-kt, \"editButton\")]"}
RESULT: {"using":"xpath","value":"//button[contains(@data-kt, \"editButton\")]"}
COMMAND: POST /session/87d62074a4cb28b4ac0fd763e82d6371/execute/sync - {"script":"<script> [8489 bytes]","args":[{"element-6066-11e4-a52e-4f735466cecf":"f.62693C2623AD3835EDB30C63D0026C38.d.4B0BB84E7FF77C69DC517733731C7870.e.10297","ELEMENT":"f.62693C2623AD3835EDB30C63D0026C38.d.4B0BB84E7FF77C69DC517733731C7870.e.10297"}]}
RESULT: {"script":"<script> [8489 bytes]","args":[{"element-6066-11e4-a52e-4f735466cecf":"f.62693C2623AD3835EDB30C63D0026C38.d.4B0BB84E7FF77C69DC517733731C7870.e.10297","ELEMENT":"f.62693C2623AD3835EDB30C63D0026C38.d.4B0BB84E7FF77C69DC517733731C7870.e.10297"}]}
COMMAND: POST /session/87d62074a4cb28b4ac0fd763e82d6371/element - {"using":"xpath","value":"//button[contains(@data-kt, \"unplanButton\")]"}
COMMAND: GET /session/87d62074a4cb28b4ac0fd763e82d6371/screenshot - {}
RESULT: {"using":"xpath","value":"//button[contains(@data-kt, \"unplanButton\")]"}
COMMAND: POST /session/87d62074a4cb28b4ac0fd763e82d6371/execute/sync - {"script":"<script> [8489 bytes]","args":[{"element-6066-11e4-a52e-4f735466cecf":"f.62693C2623AD3835EDB30C63D0026C38.d.4B0BB84E7FF77C69DC517733731C7870.e.10317","ELEMENT":"f.62693C2623AD3835EDB30C63D0026C38.d.4B0BB84E7FF77C69DC517733731C7870.e.10317"}]}
RESULT: {}
RESULT: {"script":"<script> [8489 bytes]","args":[{"element-6066-11e4-a52e-4f735466cecf":"f.62693C2623AD3835EDB30C63D0026C38.d.4B0BB84E7FF77C69DC517733731C7870.e.10317","ELEMENT":"f.62693C2623AD3835EDB30C63D0026C38.d.4B0BB84E7FF77C69DC517733731C7870.e.10317"}]}
COMMAND: POST /session/87d62074a4cb28b4ac0fd763e82d6371/element - {"using":"xpath","value":"//button[contains(@data-kt, \"editButton\")]"}
COMMAND: GET /session/87d62074a4cb28b4ac0fd763e82d6371/screenshot - {}
RESULT: {"using":"xpath","value":"//button[contains(@data-kt, \"editButton\")]"}
COMMAND: POST /session/87d62074a4cb28b4ac0fd763e82d6371/element/f.62693C2623AD3835EDB30C63D0026C38.d.4B0BB84E7FF77C69DC517733731C7870.e.10297/click - {}
RESULT: {}
RESULT: {}
COMMAND: POST /session/87d62074a4cb28b4ac0fd763e82d6371/element - {"using":"xpath","value":"(//input[contains(@id ,\"picker\")][contains(@aria-roledescription ,\"Date Input\")])[4]"}
COMMAND: GET /session/87d62074a4cb28b4ac0fd763e82d6371/screenshot - {}
RESULT: {"using":"xpath","value":"(//input[contains(@id ,\"picker\")][contains(@aria-roledescription ,\"Date Input\")])[4]"}
COMMAND: POST /session/87d62074a4cb28b4ac0fd763e82d6371/element/f.62693C2623AD3835EDB30C63D0026C38.d.4B0BB84E7FF77C69DC517733731C7870.e.10284/clear - {}
RESULT: {}
RESULT: {}
COMMAND: POST /session/87d62074a4cb28b4ac0fd763e82d6371/element/f.62693C2623AD3835EDB30C63D0026C38.d.4B0BB84E7FF77C69DC517733731C7870.e.10284/value - {"text":"6/16/25"}
COMMAND: GET /session/87d62074a4cb28b4ac0fd763e82d6371/screenshot - {}
RESULT: {"text":"6/16/25"}
COMMAND: GET /session/87d62074a4cb28b4ac0fd763e82d6371/screenshot - {}
RESULT: {}
RESULT: {}
COMMAND: POST /session/87d62074a4cb28b4ac0fd763e82d6371/element - {"using":"xpath","value":"//bdi[contains(text(), \"Save\")]"}
RESULT: {"using":"xpath","value":"//bdi[contains(text(), \"Save\")]"}
COMMAND: POST /session/87d62074a4cb28b4ac0fd763e82d6371/element/f.62693C2623AD3835EDB30C63D0026C38.d.4B0BB84E7FF77C69DC517733731C7870.e.10340/click - {}
RESULT: {}
COMMAND: GET /session/87d62074a4cb28b4ac0fd763e82d6371/screenshot - {}
RESULT: {}
COMMAND: POST /session/87d62074a4cb28b4ac0fd763e82d6371/element - {"using":"xpath","value":"(//input[contains(@id ,\"picker\")][contains(@aria-roledescription ,\"Date Input\")])[4]"}
RESULT: {"using":"xpath","value":"(//input[contains(@id ,\"picker\")][contains(@aria-roledescription ,\"Date Input\")])[4]"}
COMMAND: GET /session/87d62074a4cb28b4ac0fd763e82d6371/element/f.62693C2623AD3835EDB30C63D0026C38.d.4B0BB84E7FF77C69DC517733731C7870.e.10284/property/value - {}
RESULT: {}
COMMAND: GET /session/87d62074a4cb28b4ac0fd763e82d6371/screenshot - {}
RESULT: {}
COMMAND: POST /session/87d62074a4cb28b4ac0fd763e82d6371/element - {"using":"xpath","value":"//bdi[contains(text(), \"Unplan\")]"}
RESULT: {"using":"xpath","value":"//bdi[contains(text(), \"Unplan\")]"}
COMMAND: POST /session/87d62074a4cb28b4ac0fd763e82d6371/element/f.62693C2623AD3835EDB30C63D0026C38.d.4B0BB84E7FF77C69DC517733731C7870.e.10356/click - {}
RESULT: {}
COMMAND: GET /session/87d62074a4cb28b4ac0fd763e82d6371/screenshot - {}
RESULT: {}
COMMAND: POST /session/87d62074a4cb28b4ac0fd763e82d6371/element - {"using":"css selector","value":"#shell-header-logo"}
RESULT: {"using":"css selector","value":"#shell-header-logo"}
COMMAND: POST /session/87d62074a4cb28b4ac0fd763e82d6371/element/f.62693C2623AD3835EDB30C63D0026C38.d.4B0BB84E7FF77C69DC517733731C7870.e.8967/click - {}
RESULT: {}
COMMAND: GET /session/87d62074a4cb28b4ac0fd763e82d6371/screenshot - {}
RESULT: {}
]]></system-out>
    </testcase>
  </testsuite>
  <testsuite timestamp="2025-06-14T16:09:29" time="454.56" tests="4" failures="0" errors="0" skipped="0">
    <properties>
      <property name="specId" value="0"/>
      <property name="suiteName" value="Process request items into an existing quotation US120163"/>
      <property name="capabilities" value="chrome.137_0_7151_69.windows"/>
      <property name="file" value="file:///D:/a/1/s/test/specs/R2C/process-request-items-into-existing-quotation.spec.js"/>
    </properties>
    <testcase classname="chrome.137_0_7151_69.windows.Process_request_items_into_an_existing_quotation_US120163" name="Should create a new quotation" time="106.424">
      <system-out><![CDATA[
COMMAND: POST /session/87d62074a4cb28b4ac0fd763e82d6371/execute/async - {"script":"<script> [1562 bytes]","args":[{"selector":{"controlType":"sap.m.GenericTile","properties":{"header":"Manage Quotations"}},"wdio_ui5_key":"sapm.GenericTile{\"header\":\"Manage Quotations\"}"}]}
RESULT: {"script":"<script> [1562 bytes]","args":[{"selector":{"controlType":"sap.m.GenericTile","properties":{"header":"Manage Quotations"}},"wdio_ui5_key":"sapm.GenericTile{\"header\":\"Manage Quotations\"}"}]}
RESULT: undefined
COMMAND: POST /session/87d62074a4cb28b4ac0fd763e82d6371/element - {"using":"xpath","value":"//*[@id=\"__tile134\"]"}
RESULT: {"using":"xpath","value":"//*[@id=\"__tile134\"]"}
COMMAND: POST /session/87d62074a4cb28b4ac0fd763e82d6371/element/f.62693C2623AD3835EDB30C63D0026C38.d.4B0BB84E7FF77C69DC517733731C7870.e.10411/click - {}
RESULT: {}
COMMAND: GET /session/87d62074a4cb28b4ac0fd763e82d6371/screenshot - {}
RESULT: {}
COMMAND: POST /session/87d62074a4cb28b4ac0fd763e82d6371/elements - {"using":"xpath","value":"//span[text()='Error']"}
RESULT: {"using":"xpath","value":"//span[text()='Error']"}
COMMAND: POST /session/87d62074a4cb28b4ac0fd763e82d6371/element - {"using":"xpath","value":"//button[contains(@title ,\"Add New Contract\")]"}
RESULT: {"using":"xpath","value":"//button[contains(@title ,\"Add New Contract\")]"}
COMMAND: POST /session/87d62074a4cb28b4ac0fd763e82d6371/element/f.62693C2623AD3835EDB30C63D0026C38.d.4B0BB84E7FF77C69DC517733731C7870.e.10450/click - {}
RESULT: {}
COMMAND: GET /session/87d62074a4cb28b4ac0fd763e82d6371/screenshot - {}
RESULT: {}
COMMAND: POST /session/87d62074a4cb28b4ac0fd763e82d6371/element - {"using":"xpath","value":"//input[contains(@id ,\"application-managequotations-display-component---AddNewContract--projectDescription-inner\")]"}
RESULT: {"using":"xpath","value":"//input[contains(@id ,\"application-managequotations-display-component---AddNewContract--projectDescription-inner\")]"}
COMMAND: POST /session/87d62074a4cb28b4ac0fd763e82d6371/element/f.62693C2623AD3835EDB30C63D0026C38.d.4B0BB84E7FF77C69DC517733731C7870.e.10717/value - {"text":"WdIOQuotationvqjkz"}
RESULT: {"text":"WdIOQuotationvqjkz"}
COMMAND: GET /session/87d62074a4cb28b4ac0fd763e82d6371/screenshot - {}
RESULT: {}
COMMAND: POST /session/87d62074a4cb28b4ac0fd763e82d6371/element - {"using":"xpath","value":"//input[contains(@id ,\"application-managequotations-display-component---AddNewContract--yardId-inner\")]"}
RESULT: {"using":"xpath","value":"//input[contains(@id ,\"application-managequotations-display-component---AddNewContract--yardId-inner\")]"}
COMMAND: POST /session/87d62074a4cb28b4ac0fd763e82d6371/element/f.62693C2623AD3835EDB30C63D0026C38.d.4B0BB84E7FF77C69DC517733731C7870.e.10720/value - {"text":"WebdriverYardcxril"}
RESULT: {"text":"WebdriverYardcxril"}
COMMAND: GET /session/87d62074a4cb28b4ac0fd763e82d6371/screenshot - {}
RESULT: {}
COMMAND: POST /session/87d62074a4cb28b4ac0fd763e82d6371/actions - {"actions":[{"id":"action79","type":"key","parameters":{},"actions":[{"type":"keyDown","value":""},{"type":"pause","duration":10},{"type":"keyUp","value":""}]}]}
RESULT: {"actions":[{"id":"action79","type":"key","parameters":{},"actions":[{"type":"keyDown","value":""},{"type":"pause","duration":10},{"type":"keyUp","value":""}]}]}
COMMAND: GET /session/87d62074a4cb28b4ac0fd763e82d6371/screenshot - {}
RESULT: {}
COMMAND: POST /session/87d62074a4cb28b4ac0fd763e82d6371/element - {"using":"xpath","value":"//input[contains(@id ,\"application-managequotations-display-component---AddNewContract--customerSelect-inner\")]"}
RESULT: {"using":"xpath","value":"//input[contains(@id ,\"application-managequotations-display-component---AddNewContract--customerSelect-inner\")]"}
COMMAND: POST /session/87d62074a4cb28b4ac0fd763e82d6371/element/f.62693C2623AD3835EDB30C63D0026C38.d.4B0BB84E7FF77C69DC517733731C7870.e.10718/value - {"text":"WebdriverPartnerg5xni"}
RESULT: {"text":"WebdriverPartnerg5xni"}
COMMAND: GET /session/87d62074a4cb28b4ac0fd763e82d6371/screenshot - {}
RESULT: {}
COMMAND: POST /session/87d62074a4cb28b4ac0fd763e82d6371/actions - {"actions":[{"id":"action80","type":"key","parameters":{},"actions":[{"type":"keyDown","value":""},{"type":"pause","duration":10},{"type":"keyUp","value":""}]}]}
RESULT: {"actions":[{"id":"action80","type":"key","parameters":{},"actions":[{"type":"keyDown","value":""},{"type":"pause","duration":10},{"type":"keyUp","value":""}]}]}
COMMAND: GET /session/87d62074a4cb28b4ac0fd763e82d6371/screenshot - {}
RESULT: {}
COMMAND: POST /session/87d62074a4cb28b4ac0fd763e82d6371/element - {"using":"xpath","value":"//input[contains(@id ,\"application-managequotations-display-component---AddNewContract--site-inner\")]"}
RESULT: {"using":"xpath","value":"//input[contains(@id ,\"application-managequotations-display-component---AddNewContract--site-inner\")]"}
COMMAND: POST /session/87d62074a4cb28b4ac0fd763e82d6371/element/f.62693C2623AD3835EDB30C63D0026C38.d.4B0BB84E7FF77C69DC517733731C7870.e.10719/value - {"text":"WebdriverSitenlhvxi"}
RESULT: {"text":"WebdriverSitenlhvxi"}
COMMAND: GET /session/87d62074a4cb28b4ac0fd763e82d6371/screenshot - {}
RESULT: {}
COMMAND: POST /session/87d62074a4cb28b4ac0fd763e82d6371/actions - {"actions":[{"id":"action81","type":"key","parameters":{},"actions":[{"type":"keyDown","value":""},{"type":"pause","duration":10},{"type":"keyUp","value":""}]}]}
RESULT: {"actions":[{"id":"action81","type":"key","parameters":{},"actions":[{"type":"keyDown","value":""},{"type":"pause","duration":10},{"type":"keyUp","value":""}]}]}
COMMAND: GET /session/87d62074a4cb28b4ac0fd763e82d6371/screenshot - {}
RESULT: {}
COMMAND: POST /session/87d62074a4cb28b4ac0fd763e82d6371/element - {"using":"xpath","value":"//bdi[contains(text(), \"Save\")]"}
RESULT: {"using":"xpath","value":"//bdi[contains(text(), \"Save\")]"}
COMMAND: POST /session/87d62074a4cb28b4ac0fd763e82d6371/element/f.62693C2623AD3835EDB30C63D0026C38.d.4B0BB84E7FF77C69DC517733731C7870.e.10808/click - {}
RESULT: {}
COMMAND: GET /session/87d62074a4cb28b4ac0fd763e82d6371/screenshot - {}
RESULT: {}
COMMAND: POST /session/87d62074a4cb28b4ac0fd763e82d6371/element - {"using":"css selector","value":"#shell-header-logo"}
RESULT: {"using":"css selector","value":"#shell-header-logo"}
COMMAND: POST /session/87d62074a4cb28b4ac0fd763e82d6371/element/f.62693C2623AD3835EDB30C63D0026C38.d.4B0BB84E7FF77C69DC517733731C7870.e.10413/click - {}
RESULT: {}
COMMAND: GET /session/87d62074a4cb28b4ac0fd763e82d6371/screenshot - {}
RESULT: {}
COMMAND: POST /session/87d62074a4cb28b4ac0fd763e82d6371/refresh - {}
RESULT: undefined
RESULT: {}
COMMAND: GET /session/87d62074a4cb28b4ac0fd763e82d6371/screenshot - {}
RESULT: {}
COMMAND: POST /session/87d62074a4cb28b4ac0fd763e82d6371/execute/async - {"script":"<script> [189 bytes]","args":[]}
RESULT: {"script":"<script> [189 bytes]","args":[]}
COMMAND: POST /session/87d62074a4cb28b4ac0fd763e82d6371/execute/async - {"script":"<script> [123 bytes]","args":[]}
RESULT: {"script":"<script> [123 bytes]","args":[]}
COMMAND: POST /session/87d62074a4cb28b4ac0fd763e82d6371/timeouts - {"script":"<number>"}
RESULT: {"script":"<number>"}
COMMAND: GET /session/87d62074a4cb28b4ac0fd763e82d6371/timeouts - {}
RESULT: {}
RESULT: undefined
COMMAND: POST /session/87d62074a4cb28b4ac0fd763e82d6371/execute/async - {"script":"<script> [2676 bytes]","args":[]}
RESULT: {"script":"<script> [2676 bytes]","args":[]}
COMMAND: POST /session/87d62074a4cb28b4ac0fd763e82d6371/execute/async - {"script":"<script> [2342 bytes]","args":[{"protocol":"http","hostname":"0.0.0.0","path":"/","capabilities":{"browserName":"chrome","goog:chromeOptions":{"binary":"C:\\Program Files\\Google\\Chrome\\Application\\chrome.exe","args":["--start-maximized"]}},"logLevel":"warn","connectionRetryTimeout":120000,"connectionRetryCount":3,"logLevels":{},"enableDirectConnect":true,"strictSSL":true,"_":"65 more keys: [\"cacheDir\",\"port\",\"requestedCapabilities\",\"automationProtocol\",\"baseUrl\",\"waitforInterval\",\"waitforTimeout\",\"onReload\",\"beforeCommand\",\"afterCommand\",\"rootDir\",\"specs\",\"suites\",\"exclude\",\"groupLogsByTestSpec\",\"excludeDriverLogs\",\"bail\",\"framework\",\"reporters\",\"services\",\"maxInstances\",\"maxInstancesPerCapability\",\"injectGlobals\",\"filesToWatch\",\"execArgv\",\"runnerEnv\",\"runner\",\"shard\",\"specFileRetries\",\"specFileRetriesDelay\",\"specFileRetriesDeferred\",\"reporterSyncInterval\",\"reporterSyncTimeout\",\"cucumberFeaturesWithLineNumbers\",\"autoCompileOpts\",\"mochaOpts\",\"jasmineOpts\",\"cucumberOpts\",\"onPrepare\",\"onWorkerStart\",\"onWorkerEnd\",\"before\",\"beforeSession\",\"beforeSuite\",\"beforeHook\",\"beforeTest\",\"afterTest\",\"afterHook\",\"afterSuite\",\"afterSession\",\"after\",\"onComplete\",\"beforeAssertion\",\"afterAssertion\",\"beforeFeature\",\"beforeScenario\",\"beforeStep\",\"afterStep\",\"afterScenario\",\"afterFeature\",\"_\",\"suite\",\"$0\",\"ignoredWorkerServices\",\"wdi5\"]"}]}
RESULT: {"script":"<script> [2342 bytes]","args":[{"protocol":"http","hostname":"0.0.0.0","path":"/","capabilities":{"browserName":"chrome","goog:chromeOptions":{"binary":"C:\\Program Files\\Google\\Chrome\\Application\\chrome.exe","args":["--start-maximized"]}},"logLevel":"warn","connectionRetryTimeout":120000,"connectionRetryCount":3,"logLevels":{},"enableDirectConnect":true,"strictSSL":true,"_":"65 more keys: [\"cacheDir\",\"port\",\"requestedCapabilities\",\"automationProtocol\",\"baseUrl\",\"waitforInterval\",\"waitforTimeout\",\"onReload\",\"beforeCommand\",\"afterCommand\",\"rootDir\",\"specs\",\"suites\",\"exclude\",\"groupLogsByTestSpec\",\"excludeDriverLogs\",\"bail\",\"framework\",\"reporters\",\"services\",\"maxInstances\",\"maxInstancesPerCapability\",\"injectGlobals\",\"filesToWatch\",\"execArgv\",\"runnerEnv\",\"runner\",\"shard\",\"specFileRetries\",\"specFileRetriesDelay\",\"specFileRetriesDeferred\",\"reporterSyncInterval\",\"reporterSyncTimeout\",\"cucumberFeaturesWithLineNumbers\",\"autoCompileOpts\",\"mochaOpts\",\"jasmineOpts\",\"cucumberOpts\",\"onPrepare\",\"onWorkerStart\",\"onWorkerEnd\",\"before\",\"beforeSession\",\"beforeSuite\",\"beforeHook\",\"beforeTest\",\"afterTest\",\"afterHook\",\"afterSuite\",\"afterSession\",\"after\",\"onComplete\",\"beforeAssertion\",\"afterAssertion\",\"beforeFeature\",\"beforeScenario\",\"beforeStep\",\"afterStep\",\"afterScenario\",\"afterFeature\",\"_\",\"suite\",\"$0\",\"ignoredWorkerServices\",\"wdi5\"]"}]}
COMMAND: POST /session/87d62074a4cb28b4ac0fd763e82d6371/execute/async - {"script":"<script> [21126 bytes]","args":[35000]}
RESULT: {"script":"<script> [21126 bytes]","args":[35000]}
]]></system-out>
    </testcase>
    <testcase classname="chrome.137_0_7151_69.windows.Process_request_items_into_an_existing_quotation_US120163" name="Should create a new request with catalog items and plan it" time="234.857">
      <system-out><![CDATA[
COMMAND: POST /session/87d62074a4cb28b4ac0fd763e82d6371/execute/async - {"script":"<script> [1562 bytes]","args":[{"selector":{"controlType":"sap.m.GenericTile","properties":{"header":"Manage Requests"}},"wdio_ui5_key":"sapm.GenericTile{\"header\":\"Manage Requests\"}"}]}
RESULT: {"script":"<script> [1562 bytes]","args":[{"selector":{"controlType":"sap.m.GenericTile","properties":{"header":"Manage Requests"}},"wdio_ui5_key":"sapm.GenericTile{\"header\":\"Manage Requests\"}"}]}
RESULT: undefined
COMMAND: POST /session/87d62074a4cb28b4ac0fd763e82d6371/element - {"using":"xpath","value":"//*[@id=\"__tile48\"]"}
RESULT: {"using":"xpath","value":"//*[@id=\"__tile48\"]"}
COMMAND: POST /session/87d62074a4cb28b4ac0fd763e82d6371/element/f.62693C2623AD3835EDB30C63D0026C38.d.188E9486883D96B3D5E6AA9C550A51D6.e.10902/click - {}
RESULT: {}
COMMAND: GET /session/87d62074a4cb28b4ac0fd763e82d6371/screenshot - {}
RESULT: {}
COMMAND: POST /session/87d62074a4cb28b4ac0fd763e82d6371/elements - {"using":"xpath","value":"//span[text()='Error']"}
RESULT: {"using":"xpath","value":"//span[text()='Error']"}
COMMAND: POST /session/87d62074a4cb28b4ac0fd763e82d6371/element - {"using":"xpath","value":"(//span[contains(@class ,\"sapMObjStatusText\")])[1]"}
RESULT: {"using":"xpath","value":"(//span[contains(@class ,\"sapMObjStatusText\")])[1]"}
COMMAND: POST /session/87d62074a4cb28b4ac0fd763e82d6371/execute/sync - {"script":"<script> [8489 bytes]","args":[{"element-6066-11e4-a52e-4f735466cecf":"f.62693C2623AD3835EDB30C63D0026C38.d.188E9486883D96B3D5E6AA9C550A51D6.e.11001","ELEMENT":"f.62693C2623AD3835EDB30C63D0026C38.d.188E9486883D96B3D5E6AA9C550A51D6.e.11001"}]}
RESULT: {"script":"<script> [8489 bytes]","args":[{"element-6066-11e4-a52e-4f735466cecf":"f.62693C2623AD3835EDB30C63D0026C38.d.188E9486883D96B3D5E6AA9C550A51D6.e.11001","ELEMENT":"f.62693C2623AD3835EDB30C63D0026C38.d.188E9486883D96B3D5E6AA9C550A51D6.e.11001"}]}
COMMAND: POST /session/87d62074a4cb28b4ac0fd763e82d6371/element - {"using":"xpath","value":"//button[contains(@data-kt ,\"btnCreateNewOverflowToolbarButton\")]"}
COMMAND: GET /session/87d62074a4cb28b4ac0fd763e82d6371/screenshot - {}
RESULT: {"using":"xpath","value":"//button[contains(@data-kt ,\"btnCreateNewOverflowToolbarButton\")]"}
COMMAND: POST /session/87d62074a4cb28b4ac0fd763e82d6371/element/f.62693C2623AD3835EDB30C63D0026C38.d.188E9486883D96B3D5E6AA9C550A51D6.e.10960/click - {}
RESULT: {}
RESULT: {}
COMMAND: GET /session/87d62074a4cb28b4ac0fd763e82d6371/screenshot - {}
RESULT: {}
COMMAND: POST /session/87d62074a4cb28b4ac0fd763e82d6371/element - {"using":"xpath","value":"//input[contains(@id ,\"yardId-inner\")]"}
RESULT: {"using":"xpath","value":"//input[contains(@id ,\"yardId-inner\")]"}
COMMAND: POST /session/87d62074a4cb28b4ac0fd763e82d6371/execute/sync - {"script":"<script> [8489 bytes]","args":[{"element-6066-11e4-a52e-4f735466cecf":"f.62693C2623AD3835EDB30C63D0026C38.d.188E9486883D96B3D5E6AA9C550A51D6.e.11103","ELEMENT":"f.62693C2623AD3835EDB30C63D0026C38.d.188E9486883D96B3D5E6AA9C550A51D6.e.11103"}]}
RESULT: {"script":"<script> [8489 bytes]","args":[{"element-6066-11e4-a52e-4f735466cecf":"f.62693C2623AD3835EDB30C63D0026C38.d.188E9486883D96B3D5E6AA9C550A51D6.e.11103","ELEMENT":"f.62693C2623AD3835EDB30C63D0026C38.d.188E9486883D96B3D5E6AA9C550A51D6.e.11103"}]}
COMMAND: POST /session/87d62074a4cb28b4ac0fd763e82d6371/element - {"using":"xpath","value":"//input[contains(@id ,\"yardId-inner\")]"}
COMMAND: GET /session/87d62074a4cb28b4ac0fd763e82d6371/screenshot - {}
RESULT: {"using":"xpath","value":"//input[contains(@id ,\"yardId-inner\")]"}
COMMAND: GET /session/87d62074a4cb28b4ac0fd763e82d6371/element/f.62693C2623AD3835EDB30C63D0026C38.d.188E9486883D96B3D5E6AA9C550A51D6.e.11103/enabled - {}
RESULT: {}
RESULT: {}
COMMAND: POST /session/87d62074a4cb28b4ac0fd763e82d6371/element/f.62693C2623AD3835EDB30C63D0026C38.d.188E9486883D96B3D5E6AA9C550A51D6.e.11103/clear - {}
COMMAND: GET /session/87d62074a4cb28b4ac0fd763e82d6371/screenshot - {}
RESULT: {}
COMMAND: POST /session/87d62074a4cb28b4ac0fd763e82d6371/element/f.62693C2623AD3835EDB30C63D0026C38.d.188E9486883D96B3D5E6AA9C550A51D6.e.11103/value - {"text":"WebdriverYardcxril"}
COMMAND: GET /session/87d62074a4cb28b4ac0fd763e82d6371/screenshot - {}
RESULT: {}
RESULT: {"text":"WebdriverYardcxril"}
COMMAND: GET /session/87d62074a4cb28b4ac0fd763e82d6371/screenshot - {}
RESULT: {}
RESULT: {}
COMMAND: POST /session/87d62074a4cb28b4ac0fd763e82d6371/actions - {"actions":[{"id":"action82","type":"key","parameters":{},"actions":[{"type":"keyDown","value":""},{"type":"pause","duration":10},{"type":"keyUp","value":""}]}]}
RESULT: {"actions":[{"id":"action82","type":"key","parameters":{},"actions":[{"type":"keyDown","value":""},{"type":"pause","duration":10},{"type":"keyUp","value":""}]}]}
COMMAND: GET /session/87d62074a4cb28b4ac0fd763e82d6371/screenshot - {}
RESULT: {}
COMMAND: POST /session/87d62074a4cb28b4ac0fd763e82d6371/element - {"using":"xpath","value":"//input[contains(@id ,\"customerNumber-inner\")]"}
RESULT: {"using":"xpath","value":"//input[contains(@id ,\"customerNumber-inner\")]"}
COMMAND: POST /session/87d62074a4cb28b4ac0fd763e82d6371/element/f.62693C2623AD3835EDB30C63D0026C38.d.188E9486883D96B3D5E6AA9C550A51D6.e.11097/value - {"text":"WebdriverPartnerg5xni"}
RESULT: {"text":"WebdriverPartnerg5xni"}
COMMAND: GET /session/87d62074a4cb28b4ac0fd763e82d6371/screenshot - {}
RESULT: {}
COMMAND: POST /session/87d62074a4cb28b4ac0fd763e82d6371/actions - {"actions":[{"id":"action83","type":"key","parameters":{},"actions":[{"type":"keyDown","value":""},{"type":"pause","duration":10},{"type":"keyUp","value":""}]}]}
RESULT: {"actions":[{"id":"action83","type":"key","parameters":{},"actions":[{"type":"keyDown","value":""},{"type":"pause","duration":10},{"type":"keyUp","value":""}]}]}
COMMAND: GET /session/87d62074a4cb28b4ac0fd763e82d6371/screenshot - {}
RESULT: {}
COMMAND: GET /session/87d62074a4cb28b4ac0fd763e82d6371/element/f.62693C2623AD3835EDB30C63D0026C38.d.188E9486883D96B3D5E6AA9C550A51D6.e.11097/property/value - {}
RESULT: {}
COMMAND: POST /session/87d62074a4cb28b4ac0fd763e82d6371/element/f.62693C2623AD3835EDB30C63D0026C38.d.188E9486883D96B3D5E6AA9C550A51D6.e.11097/value - {"text":"WebdriverPartnerg5xni"}
COMMAND: GET /session/87d62074a4cb28b4ac0fd763e82d6371/screenshot - {}
RESULT: {"text":"WebdriverPartnerg5xni"}
COMMAND: GET /session/87d62074a4cb28b4ac0fd763e82d6371/screenshot - {}
RESULT: {}
RESULT: {}
COMMAND: POST /session/87d62074a4cb28b4ac0fd763e82d6371/actions - {"actions":[{"id":"action84","type":"key","parameters":{},"actions":[{"type":"keyDown","value":""},{"type":"pause","duration":10},{"type":"keyUp","value":""}]}]}
RESULT: {"actions":[{"id":"action84","type":"key","parameters":{},"actions":[{"type":"keyDown","value":""},{"type":"pause","duration":10},{"type":"keyUp","value":""}]}]}
COMMAND: GET /session/87d62074a4cb28b4ac0fd763e82d6371/screenshot - {}
RESULT: {}
COMMAND: POST /session/87d62074a4cb28b4ac0fd763e82d6371/element - {"using":"xpath","value":"//input[contains(@id ,\"requestSiteId-inner\")]"}
RESULT: {"using":"xpath","value":"//input[contains(@id ,\"requestSiteId-inner\")]"}
COMMAND: POST /session/87d62074a4cb28b4ac0fd763e82d6371/element/f.62693C2623AD3835EDB30C63D0026C38.d.188E9486883D96B3D5E6AA9C550A51D6.e.11096/value - {"text":"WebdriverSitenlhvxi"}
RESULT: {"text":"WebdriverSitenlhvxi"}
COMMAND: GET /session/87d62074a4cb28b4ac0fd763e82d6371/screenshot - {}
RESULT: {}
COMMAND: POST /session/87d62074a4cb28b4ac0fd763e82d6371/actions - {"actions":[{"id":"action85","type":"key","parameters":{},"actions":[{"type":"keyDown","value":""},{"type":"pause","duration":10},{"type":"keyUp","value":""}]}]}
RESULT: {"actions":[{"id":"action85","type":"key","parameters":{},"actions":[{"type":"keyDown","value":""},{"type":"pause","duration":10},{"type":"keyUp","value":""}]}]}
COMMAND: GET /session/87d62074a4cb28b4ac0fd763e82d6371/screenshot - {}
RESULT: {}
COMMAND: POST /session/87d62074a4cb28b4ac0fd763e82d6371/element - {"using":"xpath","value":"//button[contains(@data-kt ,\"requestItemAddOverflowToolbarButton\")]"}
RESULT: {"using":"xpath","value":"//button[contains(@data-kt ,\"requestItemAddOverflowToolbarButton\")]"}
COMMAND: POST /session/87d62074a4cb28b4ac0fd763e82d6371/element/f.62693C2623AD3835EDB30C63D0026C38.d.188E9486883D96B3D5E6AA9C550A51D6.e.11251/click - {}
RESULT: {}
COMMAND: GET /session/87d62074a4cb28b4ac0fd763e82d6371/screenshot - {}
RESULT: {}
COMMAND: POST /session/87d62074a4cb28b4ac0fd763e82d6371/actions - {"actions":[{"id":"action86","type":"key","parameters":{},"actions":[{"type":"keyDown","value":""},{"type":"pause","duration":10},{"type":"keyUp","value":""}]}]}
RESULT: {"actions":[{"id":"action86","type":"key","parameters":{},"actions":[{"type":"keyDown","value":""},{"type":"pause","duration":10},{"type":"keyUp","value":""}]}]}
COMMAND: POST /session/87d62074a4cb28b4ac0fd763e82d6371/actions - {"actions":[{"id":"action87","type":"key","parameters":{},"actions":[{"type":"keyDown","value":""},{"type":"pause","duration":10},{"type":"keyUp","value":""}]}]}
COMMAND: GET /session/87d62074a4cb28b4ac0fd763e82d6371/screenshot - {}
RESULT: {"actions":[{"id":"action87","type":"key","parameters":{},"actions":[{"type":"keyDown","value":""},{"type":"pause","duration":10},{"type":"keyUp","value":""}]}]}
COMMAND: GET /session/87d62074a4cb28b4ac0fd763e82d6371/screenshot - {}
RESULT: {}
RESULT: {}
COMMAND: POST /session/87d62074a4cb28b4ac0fd763e82d6371/element - {"using":"xpath","value":"(//input[contains(@id ,\"requestItemsTable-0-inner\")])[1]"}
RESULT: {"using":"xpath","value":"(//input[contains(@id ,\"requestItemsTable-0-inner\")])[1]"}
COMMAND: POST /session/87d62074a4cb28b4ac0fd763e82d6371/element/f.62693C2623AD3835EDB30C63D0026C38.d.188E9486883D96B3D5E6AA9C550A51D6.e.11255/clear - {}
RESULT: {}
COMMAND: POST /session/87d62074a4cb28b4ac0fd763e82d6371/element/f.62693C2623AD3835EDB30C63D0026C38.d.188E9486883D96B3D5E6AA9C550A51D6.e.11255/value - {"text":"catalogItemjg6go"}
COMMAND: GET /session/87d62074a4cb28b4ac0fd763e82d6371/screenshot - {}
RESULT: {"text":"catalogItemjg6go"}
COMMAND: GET /session/87d62074a4cb28b4ac0fd763e82d6371/screenshot - {}
RESULT: {}
RESULT: {}
COMMAND: POST /session/87d62074a4cb28b4ac0fd763e82d6371/actions - {"actions":[{"id":"action88","type":"key","parameters":{},"actions":[{"type":"keyDown","value":""},{"type":"pause","duration":10},{"type":"keyUp","value":""}]}]}
RESULT: {"actions":[{"id":"action88","type":"key","parameters":{},"actions":[{"type":"keyDown","value":""},{"type":"pause","duration":10},{"type":"keyUp","value":""}]}]}
COMMAND: GET /session/87d62074a4cb28b4ac0fd763e82d6371/screenshot - {}
RESULT: {}
COMMAND: POST /session/87d62074a4cb28b4ac0fd763e82d6371/execute/async - {"script":"<script> [1562 bytes]","args":[{"selector":{"controlType":"sap.ui.core.Icon","viewName":"etm.portal.ui.managerequests.view.NewRequest","properties":{"src":{"regex":{"source":"slim\\-arrow\\-down"}}},"ancestor":{"controlType":"sap.m.Button","viewName":"etm.portal.ui.managerequests.view.NewRequest","properties":{"icon":"sap-icon://slim-arrow-down"}}},"wdio_ui5_key":"etmportal.ui.managerequests.view.NewRequestsap.ui.core.Icon{\"src\":{\"regex\":{\"source\":\"slim\\\\-arrow\\\\-down\"}}}{\"controlType\":\"sap.m.Button\",\"viewName\":\"etm.portal.ui.managerequests.view.NewRequest\",\"properties\":{\"icon\":\"sap-icon://slim-arrow-down\"}}"}]}
RESULT: {"script":"<script> [1562 bytes]","args":[{"selector":{"controlType":"sap.ui.core.Icon","viewName":"etm.portal.ui.managerequests.view.NewRequest","properties":{"src":{"regex":{"source":"slim\\-arrow\\-down"}}},"ancestor":{"controlType":"sap.m.Button","viewName":"etm.portal.ui.managerequests.view.NewRequest","properties":{"icon":"sap-icon://slim-arrow-down"}}},"wdio_ui5_key":"etmportal.ui.managerequests.view.NewRequestsap.ui.core.Icon{\"src\":{\"regex\":{\"source\":\"slim\\\\-arrow\\\\-down\"}}}{\"controlType\":\"sap.m.Button\",\"viewName\":\"etm.portal.ui.managerequests.view.NewRequest\",\"properties\":{\"icon\":\"sap-icon://slim-arrow-down\"}}"}]}
RESULT: undefined
COMMAND: POST /session/87d62074a4cb28b4ac0fd763e82d6371/element - {"using":"xpath","value":"//div[contains(@data-kt ,\"splitAllocationObjectStatus\")]"}
RESULT: {"using":"xpath","value":"//div[contains(@data-kt ,\"splitAllocationObjectStatus\")]"}
COMMAND: POST /session/87d62074a4cb28b4ac0fd763e82d6371/elements - {"using":"xpath","value":"//div[contains(@data-kt ,\"splitAllocationObjectStatus\")]"}
RESULT: {"using":"xpath","value":"//div[contains(@data-kt ,\"splitAllocationObjectStatus\")]"}
COMMAND: POST /session/87d62074a4cb28b4ac0fd763e82d6371/execute/async - {"script":"<script> [1562 bytes]","args":[{"selector":{"controlType":"sap.ui.core.Icon","viewName":"etm.portal.ui.managerequests.view.NewRequest","properties":{"src":{"regex":{"source":"message\\-error"}}}},"wdio_ui5_key":"etmportal.ui.managerequests.view.NewRequestsap.ui.core.Icon{\"src\":{\"regex\":{\"source\":\"message\\\\-error\"}}}"}]}
RESULT: {"script":"<script> [1562 bytes]","args":[{"selector":{"controlType":"sap.ui.core.Icon","viewName":"etm.portal.ui.managerequests.view.NewRequest","properties":{"src":{"regex":{"source":"message\\-error"}}}},"wdio_ui5_key":"etmportal.ui.managerequests.view.NewRequestsap.ui.core.Icon{\"src\":{\"regex\":{\"source\":\"message\\\\-error\"}}}"}]}
RESULT: undefined
COMMAND: POST /session/87d62074a4cb28b4ac0fd763e82d6371/element - {"using":"xpath","value":"//*[@id=\"__status4-__xmlview60--requestItemsTable-0-icon\"]"}
RESULT: {"using":"xpath","value":"//*[@id=\"__status4-__xmlview60--requestItemsTable-0-icon\"]"}
COMMAND: POST /session/87d62074a4cb28b4ac0fd763e82d6371/element/f.62693C2623AD3835EDB30C63D0026C38.d.188E9486883D96B3D5E6AA9C550A51D6.e.11270/click - {}
RESULT: {}
COMMAND: POST /session/87d62074a4cb28b4ac0fd763e82d6371/execute/async - {"script":"<script> [1562 bytes]","args":[{"selector":{"controlType":"sap.ui.core.Icon","viewName":"etm.portal.ui.managerequests.view.NewRequest","properties":{"src":{"regex":{"source":"slim\\-arrow\\-down"}}},"searchOpenDialogs":true,"ancestor":{"id":"costObjectAdminTypeComboBox","viewName":"etm.portal.ui.managerequests.view.NewRequest","searchOpenDialogs":true}},"wdio_ui5_key":"etmportal.ui.managerequests.view.NewRequestsap.ui.core.Icon{\"src\":{\"regex\":{\"source\":\"slim\\\\-arrow\\\\-down\"}}}{\"id\":\"costObjectAdminTypeComboBox\",\"viewName\":\"etm.portal.ui.managerequests.view.NewRequest\",\"searchOpenDialogs\":true}"}]}
COMMAND: GET /session/87d62074a4cb28b4ac0fd763e82d6371/screenshot - {}
RESULT: {"script":"<script> [1562 bytes]","args":[{"selector":{"controlType":"sap.ui.core.Icon","viewName":"etm.portal.ui.managerequests.view.NewRequest","properties":{"src":{"regex":{"source":"slim\\-arrow\\-down"}}},"searchOpenDialogs":true,"ancestor":{"id":"costObjectAdminTypeComboBox","viewName":"etm.portal.ui.managerequests.view.NewRequest","searchOpenDialogs":true}},"wdio_ui5_key":"etmportal.ui.managerequests.view.NewRequestsap.ui.core.Icon{\"src\":{\"regex\":{\"source\":\"slim\\\\-arrow\\\\-down\"}}}{\"id\":\"costObjectAdminTypeComboBox\",\"viewName\":\"etm.portal.ui.managerequests.view.NewRequest\",\"searchOpenDialogs\":true}"}]}
RESULT: undefined
COMMAND: POST /session/87d62074a4cb28b4ac0fd763e82d6371/element - {"using":"xpath","value":"//*[@id=\"__xmlview60--costObjectAdminTypeComboBox-arrow\"]"}
RESULT: {}
RESULT: {"using":"xpath","value":"//*[@id=\"__xmlview60--costObjectAdminTypeComboBox-arrow\"]"}
COMMAND: POST /session/87d62074a4cb28b4ac0fd763e82d6371/element/f.62693C2623AD3835EDB30C63D0026C38.d.188E9486883D96B3D5E6AA9C550A51D6.e.11275/click - {}
RESULT: {}
COMMAND: POST /session/87d62074a4cb28b4ac0fd763e82d6371/execute/async - {"script":"<script> [1562 bytes]","args":[{"selector":{"controlType":"sap.m.StandardListItem","viewName":"etm.portal.ui.managerequests.view.NewRequest","properties":{"title":"Cost Center"},"searchOpenDialogs":true,"interaction":{"idSuffix":"titleText"}},"wdio_ui5_key":"etmportal.ui.managerequests.view.NewRequestsap.m.StandardListItem{\"title\":\"Cost Center\"}"}]}
COMMAND: GET /session/87d62074a4cb28b4ac0fd763e82d6371/screenshot - {}
RESULT: {"script":"<script> [1562 bytes]","args":[{"selector":{"controlType":"sap.m.StandardListItem","viewName":"etm.portal.ui.managerequests.view.NewRequest","properties":{"title":"Cost Center"},"searchOpenDialogs":true,"interaction":{"idSuffix":"titleText"}},"wdio_ui5_key":"etmportal.ui.managerequests.view.NewRequestsap.m.StandardListItem{\"title\":\"Cost Center\"}"}]}
RESULT: undefined
COMMAND: POST /session/87d62074a4cb28b4ac0fd763e82d6371/element - {"using":"xpath","value":"//*[@id=\"__item469\"]"}
RESULT: {}
RESULT: {"using":"xpath","value":"//*[@id=\"__item469\"]"}
COMMAND: POST /session/87d62074a4cb28b4ac0fd763e82d6371/element/f.62693C2623AD3835EDB30C63D0026C38.d.188E9486883D96B3D5E6AA9C550A51D6.e.11278/click - {}
RESULT: {}
COMMAND: GET /session/87d62074a4cb28b4ac0fd763e82d6371/screenshot - {}
RESULT: {}
COMMAND: POST /session/87d62074a4cb28b4ac0fd763e82d6371/execute/async - {"script":"<script> [1562 bytes]","args":[{"selector":{"controlType":"sap.ui.core.Icon","viewName":"etm.portal.ui.managerequests.view.NewRequest","properties":{"src":{"regex":{"source":"value\\-help"}}},"searchOpenDialogs":true},"wdio_ui5_key":"etmportal.ui.managerequests.view.NewRequestsap.ui.core.Icon{\"src\":{\"regex\":{\"source\":\"value\\\\-help\"}}}"}]}
RESULT: {"script":"<script> [1562 bytes]","args":[{"selector":{"controlType":"sap.ui.core.Icon","viewName":"etm.portal.ui.managerequests.view.NewRequest","properties":{"src":{"regex":{"source":"value\\-help"}}},"searchOpenDialogs":true},"wdio_ui5_key":"etmportal.ui.managerequests.view.NewRequestsap.ui.core.Icon{\"src\":{\"regex\":{\"source\":\"value\\\\-help\"}}}"}]}
RESULT: undefined
COMMAND: POST /session/87d62074a4cb28b4ac0fd763e82d6371/element - {"using":"xpath","value":"//*[@id=\"__xmlview60--costObjectIdComboBox-vhi\"]"}
RESULT: {"using":"xpath","value":"//*[@id=\"__xmlview60--costObjectIdComboBox-vhi\"]"}
COMMAND: POST /session/87d62074a4cb28b4ac0fd763e82d6371/element/f.62693C2623AD3835EDB30C63D0026C38.d.188E9486883D96B3D5E6AA9C550A51D6.e.11285/click - {}
RESULT: {}
COMMAND: POST /session/87d62074a4cb28b4ac0fd763e82d6371/execute/async - {"script":"<script> [1562 bytes]","args":[{"selector":{"controlType":"sap.m.SearchField","properties":{"placeholder":"Search"},"searchOpenDialogs":true,"interaction":{"idSuffix":"I"}},"wdio_ui5_key":"sapm.SearchField{\"placeholder\":\"Search\"}"}]}
COMMAND: GET /session/87d62074a4cb28b4ac0fd763e82d6371/screenshot - {}
RESULT: {"script":"<script> [1562 bytes]","args":[{"selector":{"controlType":"sap.m.SearchField","properties":{"placeholder":"Search"},"searchOpenDialogs":true,"interaction":{"idSuffix":"I"}},"wdio_ui5_key":"sapm.SearchField{\"placeholder\":\"Search\"}"}]}
RESULT: undefined
COMMAND: POST /session/87d62074a4cb28b4ac0fd763e82d6371/execute/async - {"script":"<script> [776 bytes]","args":[{"enterText":"10001010","selector":{"controlType":"sap.m.SearchField","properties":{"placeholder":"Search"},"searchOpenDialogs":true,"interaction":{"idSuffix":"I"}},"clearTextFirst":true,"interactionType":"ENTER_TEXT"}]}
RESULT: {}
RESULT: {"script":"<script> [776 bytes]","args":[{"enterText":"10001010","selector":{"controlType":"sap.m.SearchField","properties":{"placeholder":"Search"},"searchOpenDialogs":true,"interaction":{"idSuffix":"I"}},"clearTextFirst":true,"interactionType":"ENTER_TEXT"}]}
COMMAND: POST /session/87d62074a4cb28b4ac0fd763e82d6371/actions - {"actions":[{"id":"action89","type":"key","parameters":{},"actions":[{"type":"keyDown","value":""},{"type":"pause","duration":10},{"type":"keyUp","value":""}]}]}
RESULT: {"actions":[{"id":"action89","type":"key","parameters":{},"actions":[{"type":"keyDown","value":""},{"type":"pause","duration":10},{"type":"keyUp","value":""}]}]}
COMMAND: GET /session/87d62074a4cb28b4ac0fd763e82d6371/screenshot - {}
RESULT: {}
COMMAND: POST /session/87d62074a4cb28b4ac0fd763e82d6371/execute/async - {"script":"<script> [1562 bytes]","args":[{"selector":{"controlType":"sap.m.Text","bindingPath":{"path":"/C_CostCtrValueHelp(CostCenter='10001010',ControllingArea='Z001')","propertyPath":"CostCenterName","modelName":"CostCenterModel"},"searchOpenDialogs":true},"wdio_ui5_key":"sapm.Text{\"path\":\"/C_CostCtrValueHelp(CostCenter='10001010',ControllingArea='Z001')\",\"propertyPath\":\"CostCenterName\",\"modelName\":\"CostCenterModel\"}"}]}
RESULT: {"script":"<script> [1562 bytes]","args":[{"selector":{"controlType":"sap.m.Text","bindingPath":{"path":"/C_CostCtrValueHelp(CostCenter='10001010',ControllingArea='Z001')","propertyPath":"CostCenterName","modelName":"CostCenterModel"},"searchOpenDialogs":true},"wdio_ui5_key":"sapm.Text{\"path\":\"/C_CostCtrValueHelp(CostCenter='10001010',ControllingArea='Z001')\",\"propertyPath\":\"CostCenterName\",\"modelName\":\"CostCenterModel\"}"}]}
RESULT: undefined
COMMAND: POST /session/87d62074a4cb28b4ac0fd763e82d6371/element - {"using":"xpath","value":"//*[@id=\"__text289-__clone608\"]"}
RESULT: {"using":"xpath","value":"//*[@id=\"__text289-__clone608\"]"}
COMMAND: POST /session/87d62074a4cb28b4ac0fd763e82d6371/element/f.62693C2623AD3835EDB30C63D0026C38.d.188E9486883D96B3D5E6AA9C550A51D6.e.11326/click - {}
RESULT: {}
COMMAND: POST /session/87d62074a4cb28b4ac0fd763e82d6371/execute/async - {"script":"<script> [1562 bytes]","args":[{"selector":{"controlType":"sap.m.Button","properties":{"text":"OK"},"searchOpenDialogs":true,"interaction":{"idSuffix":"BDI-content"}},"wdio_ui5_key":"sapm.Button{\"text\":\"OK\"}"}]}
COMMAND: GET /session/87d62074a4cb28b4ac0fd763e82d6371/screenshot - {}
RESULT: {"script":"<script> [1562 bytes]","args":[{"selector":{"controlType":"sap.m.Button","properties":{"text":"OK"},"searchOpenDialogs":true,"interaction":{"idSuffix":"BDI-content"}},"wdio_ui5_key":"sapm.Button{\"text\":\"OK\"}"}]}
RESULT: undefined
COMMAND: POST /session/87d62074a4cb28b4ac0fd763e82d6371/element - {"using":"xpath","value":"//*[@id=\"__dialog1-ok\"]"}
RESULT: {}
RESULT: {"using":"xpath","value":"//*[@id=\"__dialog1-ok\"]"}
COMMAND: POST /session/87d62074a4cb28b4ac0fd763e82d6371/element/f.62693C2623AD3835EDB30C63D0026C38.d.188E9486883D96B3D5E6AA9C550A51D6.e.11328/click - {}
RESULT: {}
COMMAND: GET /session/87d62074a4cb28b4ac0fd763e82d6371/screenshot - {}
RESULT: {}
COMMAND: POST /session/87d62074a4cb28b4ac0fd763e82d6371/execute/async - {"script":"<script> [1562 bytes]","args":[{"selector":{"controlType":"sap.m.Button","viewName":"etm.portal.ui.managerequests.view.NewRequest","i18NText":{"propertyName":"text","key":"save"},"searchOpenDialogs":true,"interaction":{"idSuffix":"BDI-content"}},"wdio_ui5_key":"etmportal.ui.managerequests.view.NewRequestsap.m.Button{\"propertyName\":\"text\",\"key\":\"save\"}"}]}
RESULT: {"script":"<script> [1562 bytes]","args":[{"selector":{"controlType":"sap.m.Button","viewName":"etm.portal.ui.managerequests.view.NewRequest","i18NText":{"propertyName":"text","key":"save"},"searchOpenDialogs":true,"interaction":{"idSuffix":"BDI-content"}},"wdio_ui5_key":"etmportal.ui.managerequests.view.NewRequestsap.m.Button{\"propertyName\":\"text\",\"key\":\"save\"}"}]}
RESULT: undefined
COMMAND: POST /session/87d62074a4cb28b4ac0fd763e82d6371/element - {"using":"xpath","value":"//*[@id=\"__button23\"]"}
RESULT: {"using":"xpath","value":"//*[@id=\"__button23\"]"}
COMMAND: POST /session/87d62074a4cb28b4ac0fd763e82d6371/element/f.62693C2623AD3835EDB30C63D0026C38.d.188E9486883D96B3D5E6AA9C550A51D6.e.11332/click - {}
RESULT: {}
COMMAND: GET /session/87d62074a4cb28b4ac0fd763e82d6371/screenshot - {}
RESULT: {}
COMMAND: POST /session/87d62074a4cb28b4ac0fd763e82d6371/element - {"using":"xpath","value":"(//bdi[contains(text() ,\"Save\")])[1]"}
RESULT: {"using":"xpath","value":"(//bdi[contains(text() ,\"Save\")])[1]"}
COMMAND: POST /session/87d62074a4cb28b4ac0fd763e82d6371/element/f.62693C2623AD3835EDB30C63D0026C38.d.188E9486883D96B3D5E6AA9C550A51D6.e.11334/click - {}
RESULT: {}
COMMAND: GET /session/87d62074a4cb28b4ac0fd763e82d6371/screenshot - {}
RESULT: {}
COMMAND: POST /session/87d62074a4cb28b4ac0fd763e82d6371/execute/async - {"script":"<script> [1562 bytes]","args":[{"selector":{"controlType":"sap.m.Title","properties":{"text":"Success"},"searchOpenDialogs":true},"wdio_ui5_key":"sapm.Title{\"text\":\"Success\"}"}]}
RESULT: {"script":"<script> [1562 bytes]","args":[{"selector":{"controlType":"sap.m.Title","properties":{"text":"Success"},"searchOpenDialogs":true},"wdio_ui5_key":"sapm.Title{\"text\":\"Success\"}"}]}
RESULT: undefined
COMMAND: POST /session/87d62074a4cb28b4ac0fd763e82d6371/execute/async - {"script":"<script> [6424 bytes]","args":[{"element-6066-11e4-a52e-4f735466cecf":"f.62693C2623AD3835EDB30C63D0026C38.d.188E9486883D96B3D5E6AA9C550A51D6.e.11337"},"getText",[]]}
RESULT: {"script":"<script> [6424 bytes]","args":[{"element-6066-11e4-a52e-4f735466cecf":"f.62693C2623AD3835EDB30C63D0026C38.d.188E9486883D96B3D5E6AA9C550A51D6.e.11337"},"getText",[]]}
COMMAND: POST /session/87d62074a4cb28b4ac0fd763e82d6371/execute/async - {"script":"<script> [1562 bytes]","args":[{"selector":{"controlType":"sap.m.Button","properties":{"text":"Close"},"searchOpenDialogs":true,"interaction":{"idSuffix":"BDI-content"}},"wdio_ui5_key":"sapm.Button{\"text\":\"Close\"}"}]}
RESULT: {"script":"<script> [1562 bytes]","args":[{"selector":{"controlType":"sap.m.Button","properties":{"text":"Close"},"searchOpenDialogs":true,"interaction":{"idSuffix":"BDI-content"}},"wdio_ui5_key":"sapm.Button{\"text\":\"Close\"}"}]}
RESULT: undefined
COMMAND: POST /session/87d62074a4cb28b4ac0fd763e82d6371/element - {"using":"xpath","value":"//*[@id=\"__mbox-btn-0\"]"}
RESULT: {"using":"xpath","value":"//*[@id=\"__mbox-btn-0\"]"}
COMMAND: POST /session/87d62074a4cb28b4ac0fd763e82d6371/element/f.62693C2623AD3835EDB30C63D0026C38.d.188E9486883D96B3D5E6AA9C550A51D6.e.11336/click - {}
RESULT: {}
COMMAND: GET /session/87d62074a4cb28b4ac0fd763e82d6371/screenshot - {}
RESULT: {}
COMMAND: POST /session/87d62074a4cb28b4ac0fd763e82d6371/execute/async - {"script":"<script> [1562 bytes]","args":[{"selector":{"controlType":"sap.m.Text","viewName":"etm.portal.ui.managerequests.view.Detail","bindingPath":{"propertyPath":"NO","modelName":"catalogModel"}},"wdio_ui5_key":"etmportal.ui.managerequests.view.Detailsap.m.Text{\"propertyPath\":\"NO\",\"modelName\":\"catalogModel\"}"}]}
RESULT: {"script":"<script> [1562 bytes]","args":[{"selector":{"controlType":"sap.m.Text","viewName":"etm.portal.ui.managerequests.view.Detail","bindingPath":{"propertyPath":"NO","modelName":"catalogModel"}},"wdio_ui5_key":"etmportal.ui.managerequests.view.Detailsap.m.Text{\"propertyPath\":\"NO\",\"modelName\":\"catalogModel\"}"}]}
RESULT: undefined
COMMAND: POST /session/87d62074a4cb28b4ac0fd763e82d6371/execute/async - {"script":"<script> [6424 bytes]","args":[{"element-6066-11e4-a52e-4f735466cecf":"f.62693C2623AD3835EDB30C63D0026C38.d.188E9486883D96B3D5E6AA9C550A51D6.e.11463"},"getText",[]]}
RESULT: {"script":"<script> [6424 bytes]","args":[{"element-6066-11e4-a52e-4f735466cecf":"f.62693C2623AD3835EDB30C63D0026C38.d.188E9486883D96B3D5E6AA9C550A51D6.e.11463"},"getText",[]]}
COMMAND: POST /session/87d62074a4cb28b4ac0fd763e82d6371/execute/async - {"script":"<script> [1562 bytes]","args":[{"selector":{"controlType":"sap.ui.core.Icon","viewName":"etm.portal.ui.managerequests.view.Detail","properties":{"src":{"regex":{"source":"date\\-time"}}},"ancestor":{"controlType":"sap.m.ColumnListItem","viewName":"etm.portal.ui.managerequests.view.Detail","bindingPath":{"path":"/SmartRequestItemsPlanningBoard(ITEM=10m,REQUEST='20090')"},"ancestor":{"id":"requestItemsTable","viewName":"etm.portal.ui.managerequests.view.Detail"}}},"wdio_ui5_key":"etmportal.ui.managerequests.view.Detailsap.ui.core.Icon{\"src\":{\"regex\":{\"source\":\"date\\\\-time\"}}}{\"controlType\":\"sap.m.ColumnListItem\",\"viewName\":\"etm.portal.ui.managerequests.view.Detail\",\"bindingPath\":{\"path\":\"/SmartRequestItemsPlanningBoard(ITEM=10m,REQUEST='20090')\"},\"ancestor\":{\"id\":\"requestItemsTable\",\"viewName\":\"etm.portal.ui.managerequests.view.Detail\"}}"}]}
RESULT: {"script":"<script> [1562 bytes]","args":[{"selector":{"controlType":"sap.ui.core.Icon","viewName":"etm.portal.ui.managerequests.view.Detail","properties":{"src":{"regex":{"source":"date\\-time"}}},"ancestor":{"controlType":"sap.m.ColumnListItem","viewName":"etm.portal.ui.managerequests.view.Detail","bindingPath":{"path":"/SmartRequestItemsPlanningBoard(ITEM=10m,REQUEST='20090')"},"ancestor":{"id":"requestItemsTable","viewName":"etm.portal.ui.managerequests.view.Detail"}}},"wdio_ui5_key":"etmportal.ui.managerequests.view.Detailsap.ui.core.Icon{\"src\":{\"regex\":{\"source\":\"date\\\\-time\"}}}{\"controlType\":\"sap.m.ColumnListItem\",\"viewName\":\"etm.portal.ui.managerequests.view.Detail\",\"bindingPath\":{\"path\":\"/SmartRequestItemsPlanningBoard(ITEM=10m,REQUEST='20090')\"},\"ancestor\":{\"id\":\"requestItemsTable\",\"viewName\":\"etm.portal.ui.managerequests.view.Detail\"}}"}]}
RESULT: undefined
COMMAND: POST /session/87d62074a4cb28b4ac0fd763e82d6371/element - {"using":"xpath","value":"//*[@id=\"__button38-__clone647-img\"]"}
RESULT: {"using":"xpath","value":"//*[@id=\"__button38-__clone647-img\"]"}
COMMAND: POST /session/87d62074a4cb28b4ac0fd763e82d6371/element/f.62693C2623AD3835EDB30C63D0026C38.d.188E9486883D96B3D5E6AA9C550A51D6.e.11464/click - {}
RESULT: {}
COMMAND: POST /session/87d62074a4cb28b4ac0fd763e82d6371/execute/async - {"script":"<script> [1562 bytes]","args":[{"selector":{"controlType":"sap.m.Button","viewName":"etm.portal.ui.managerequests.view.Detail","properties":{"text":"Close"},"searchOpenDialogs":true,"interaction":{"idSuffix":"BDI-content"}},"wdio_ui5_key":"etmportal.ui.managerequests.view.Detailsap.m.Button{\"text\":\"Close\"}"}]}
COMMAND: GET /session/87d62074a4cb28b4ac0fd763e82d6371/screenshot - {}
RESULT: {"script":"<script> [1562 bytes]","args":[{"selector":{"controlType":"sap.m.Button","viewName":"etm.portal.ui.managerequests.view.Detail","properties":{"text":"Close"},"searchOpenDialogs":true,"interaction":{"idSuffix":"BDI-content"}},"wdio_ui5_key":"etmportal.ui.managerequests.view.Detailsap.m.Button{\"text\":\"Close\"}"}]}
RESULT: undefined
COMMAND: POST /session/87d62074a4cb28b4ac0fd763e82d6371/element - {"using":"xpath","value":"//*[@id=\"__button48\"]"}
RESULT: {}
RESULT: {"using":"xpath","value":"//*[@id=\"__button48\"]"}
COMMAND: POST /session/87d62074a4cb28b4ac0fd763e82d6371/element/f.62693C2623AD3835EDB30C63D0026C38.d.188E9486883D96B3D5E6AA9C550A51D6.e.11467/click - {}
RESULT: {}
COMMAND: GET /session/87d62074a4cb28b4ac0fd763e82d6371/screenshot - {}
RESULT: {}
COMMAND: POST /session/87d62074a4cb28b4ac0fd763e82d6371/refresh - {}
RESULT: {}
COMMAND: GET /session/87d62074a4cb28b4ac0fd763e82d6371/screenshot - {}
RESULT: {}
COMMAND: POST /session/87d62074a4cb28b4ac0fd763e82d6371/execute/async - {"script":"<script> [189 bytes]","args":[]}
RESULT: {"script":"<script> [189 bytes]","args":[]}
COMMAND: POST /session/87d62074a4cb28b4ac0fd763e82d6371/execute/async - {"script":"<script> [123 bytes]","args":[]}
RESULT: {"script":"<script> [123 bytes]","args":[]}
COMMAND: POST /session/87d62074a4cb28b4ac0fd763e82d6371/timeouts - {"script":"<number>"}
RESULT: {"script":"<number>"}
COMMAND: GET /session/87d62074a4cb28b4ac0fd763e82d6371/timeouts - {}
RESULT: {}
RESULT: undefined
COMMAND: POST /session/87d62074a4cb28b4ac0fd763e82d6371/execute/async - {"script":"<script> [2676 bytes]","args":[]}
RESULT: {"script":"<script> [2676 bytes]","args":[]}
COMMAND: POST /session/87d62074a4cb28b4ac0fd763e82d6371/execute/async - {"script":"<script> [2342 bytes]","args":[{"protocol":"http","hostname":"0.0.0.0","path":"/","capabilities":{"browserName":"chrome","goog:chromeOptions":{"binary":"C:\\Program Files\\Google\\Chrome\\Application\\chrome.exe","args":["--start-maximized"]}},"logLevel":"warn","connectionRetryTimeout":120000,"connectionRetryCount":3,"logLevels":{},"enableDirectConnect":true,"strictSSL":true,"_":"65 more keys: [\"cacheDir\",\"port\",\"requestedCapabilities\",\"automationProtocol\",\"baseUrl\",\"waitforInterval\",\"waitforTimeout\",\"onReload\",\"beforeCommand\",\"afterCommand\",\"rootDir\",\"specs\",\"suites\",\"exclude\",\"groupLogsByTestSpec\",\"excludeDriverLogs\",\"bail\",\"framework\",\"reporters\",\"services\",\"maxInstances\",\"maxInstancesPerCapability\",\"injectGlobals\",\"filesToWatch\",\"execArgv\",\"runnerEnv\",\"runner\",\"shard\",\"specFileRetries\",\"specFileRetriesDelay\",\"specFileRetriesDeferred\",\"reporterSyncInterval\",\"reporterSyncTimeout\",\"cucumberFeaturesWithLineNumbers\",\"autoCompileOpts\",\"mochaOpts\",\"jasmineOpts\",\"cucumberOpts\",\"onPrepare\",\"onWorkerStart\",\"onWorkerEnd\",\"before\",\"beforeSession\",\"beforeSuite\",\"beforeHook\",\"beforeTest\",\"afterTest\",\"afterHook\",\"afterSuite\",\"afterSession\",\"after\",\"onComplete\",\"beforeAssertion\",\"afterAssertion\",\"beforeFeature\",\"beforeScenario\",\"beforeStep\",\"afterStep\",\"afterScenario\",\"afterFeature\",\"_\",\"suite\",\"$0\",\"ignoredWorkerServices\",\"wdi5\"]"}]}
RESULT: {"script":"<script> [2342 bytes]","args":[{"protocol":"http","hostname":"0.0.0.0","path":"/","capabilities":{"browserName":"chrome","goog:chromeOptions":{"binary":"C:\\Program Files\\Google\\Chrome\\Application\\chrome.exe","args":["--start-maximized"]}},"logLevel":"warn","connectionRetryTimeout":120000,"connectionRetryCount":3,"logLevels":{},"enableDirectConnect":true,"strictSSL":true,"_":"65 more keys: [\"cacheDir\",\"port\",\"requestedCapabilities\",\"automationProtocol\",\"baseUrl\",\"waitforInterval\",\"waitforTimeout\",\"onReload\",\"beforeCommand\",\"afterCommand\",\"rootDir\",\"specs\",\"suites\",\"exclude\",\"groupLogsByTestSpec\",\"excludeDriverLogs\",\"bail\",\"framework\",\"reporters\",\"services\",\"maxInstances\",\"maxInstancesPerCapability\",\"injectGlobals\",\"filesToWatch\",\"execArgv\",\"runnerEnv\",\"runner\",\"shard\",\"specFileRetries\",\"specFileRetriesDelay\",\"specFileRetriesDeferred\",\"reporterSyncInterval\",\"reporterSyncTimeout\",\"cucumberFeaturesWithLineNumbers\",\"autoCompileOpts\",\"mochaOpts\",\"jasmineOpts\",\"cucumberOpts\",\"onPrepare\",\"onWorkerStart\",\"onWorkerEnd\",\"before\",\"beforeSession\",\"beforeSuite\",\"beforeHook\",\"beforeTest\",\"afterTest\",\"afterHook\",\"afterSuite\",\"afterSession\",\"after\",\"onComplete\",\"beforeAssertion\",\"afterAssertion\",\"beforeFeature\",\"beforeScenario\",\"beforeStep\",\"afterStep\",\"afterScenario\",\"afterFeature\",\"_\",\"suite\",\"$0\",\"ignoredWorkerServices\",\"wdi5\"]"}]}
COMMAND: POST /session/87d62074a4cb28b4ac0fd763e82d6371/execute/async - {"script":"<script> [21126 bytes]","args":[35000]}
RESULT: {"script":"<script> [21126 bytes]","args":[35000]}
]]></system-out>
    </testcase>
    <testcase classname="chrome.137_0_7151_69.windows.Process_request_items_into_an_existing_quotation_US120163" name="Should process the request into an existing quotation" time="70.268">
      <system-out><![CDATA[
COMMAND: GET /session/87d62074a4cb28b4ac0fd763e82d6371/window - {}
RESULT: {}
COMMAND: POST /session/87d62074a4cb28b4ac0fd763e82d6371/element - {"using":"xpath","value":"//span[contains(@id ,\"detailHeaderTitle-_actionsToolbar-overflowButton-img\")]"}
RESULT: {"using":"xpath","value":"//span[contains(@id ,\"detailHeaderTitle-_actionsToolbar-overflowButton-img\")]"}
COMMAND: POST /session/87d62074a4cb28b4ac0fd763e82d6371/element/f.62693C2623AD3835EDB30C63D0026C38.d.1B9115496E83B6019D09334B8D76D67F.e.11686/click - {}
RESULT: {}
COMMAND: GET /session/87d62074a4cb28b4ac0fd763e82d6371/screenshot - {}
RESULT: {}
COMMAND: POST /session/87d62074a4cb28b4ac0fd763e82d6371/element - {"using":"xpath","value":"//span[contains(@id ,\"actionsMenuButton-internalSplitBtn-arrowButton-img\")]"}
RESULT: {"using":"xpath","value":"//span[contains(@id ,\"actionsMenuButton-internalSplitBtn-arrowButton-img\")]"}
COMMAND: POST /session/87d62074a4cb28b4ac0fd763e82d6371/element/f.62693C2623AD3835EDB30C63D0026C38.d.1B9115496E83B6019D09334B8D76D67F.e.11689/click - {}
RESULT: {}
COMMAND: GET /session/87d62074a4cb28b4ac0fd763e82d6371/screenshot - {}
RESULT: {}
COMMAND: POST /session/87d62074a4cb28b4ac0fd763e82d6371/actions - {"actions":[{"id":"action90","type":"key","parameters":{},"actions":[{"type":"keyDown","value":""},{"type":"pause","duration":10},{"type":"keyUp","value":""}]}]}
RESULT: {"actions":[{"id":"action90","type":"key","parameters":{},"actions":[{"type":"keyDown","value":""},{"type":"pause","duration":10},{"type":"keyUp","value":""}]}]}
COMMAND: GET /session/87d62074a4cb28b4ac0fd763e82d6371/screenshot - {}
RESULT: {}
COMMAND: POST /session/87d62074a4cb28b4ac0fd763e82d6371/actions - {"actions":[{"id":"action91","type":"key","parameters":{},"actions":[{"type":"keyDown","value":""},{"type":"pause","duration":10},{"type":"keyUp","value":""}]}]}
RESULT: {"actions":[{"id":"action91","type":"key","parameters":{},"actions":[{"type":"keyDown","value":""},{"type":"pause","duration":10},{"type":"keyUp","value":""}]}]}
COMMAND: GET /session/87d62074a4cb28b4ac0fd763e82d6371/screenshot - {}
RESULT: {}
COMMAND: POST /session/87d62074a4cb28b4ac0fd763e82d6371/actions - {"actions":[{"id":"action92","type":"key","parameters":{},"actions":[{"type":"keyDown","value":""},{"type":"pause","duration":10},{"type":"keyUp","value":""}]}]}
RESULT: {"actions":[{"id":"action92","type":"key","parameters":{},"actions":[{"type":"keyDown","value":""},{"type":"pause","duration":10},{"type":"keyUp","value":""}]}]}
COMMAND: GET /session/87d62074a4cb28b4ac0fd763e82d6371/screenshot - {}
RESULT: {}
COMMAND: POST /session/87d62074a4cb28b4ac0fd763e82d6371/actions - {"actions":[{"id":"action93","type":"key","parameters":{},"actions":[{"type":"keyDown","value":""},{"type":"pause","duration":10},{"type":"keyUp","value":""}]}]}
RESULT: {"actions":[{"id":"action93","type":"key","parameters":{},"actions":[{"type":"keyDown","value":""},{"type":"pause","duration":10},{"type":"keyUp","value":""}]}]}
COMMAND: GET /session/87d62074a4cb28b4ac0fd763e82d6371/screenshot - {}
RESULT: {}
COMMAND: POST /session/87d62074a4cb28b4ac0fd763e82d6371/element - {"using":"xpath","value":"//input[contains(@id ,\"quotationsSearchField-I\")]"}
RESULT: {"using":"xpath","value":"//input[contains(@id ,\"quotationsSearchField-I\")]"}
COMMAND: POST /session/87d62074a4cb28b4ac0fd763e82d6371/element/f.62693C2623AD3835EDB30C63D0026C38.d.1B9115496E83B6019D09334B8D76D67F.e.11692/clear - {}
RESULT: {}
COMMAND: POST /session/87d62074a4cb28b4ac0fd763e82d6371/element/f.62693C2623AD3835EDB30C63D0026C38.d.1B9115496E83B6019D09334B8D76D67F.e.11692/value - {"text":"WdIOQuotationvqjkz"}
COMMAND: GET /session/87d62074a4cb28b4ac0fd763e82d6371/screenshot - {}
RESULT: {"text":"WdIOQuotationvqjkz"}
COMMAND: GET /session/87d62074a4cb28b4ac0fd763e82d6371/screenshot - {}
RESULT: {}
RESULT: {}
COMMAND: POST /session/87d62074a4cb28b4ac0fd763e82d6371/actions - {"actions":[{"id":"action94","type":"key","parameters":{},"actions":[{"type":"keyDown","value":""},{"type":"pause","duration":10},{"type":"keyUp","value":""}]}]}
RESULT: {"actions":[{"id":"action94","type":"key","parameters":{},"actions":[{"type":"keyDown","value":""},{"type":"pause","duration":10},{"type":"keyUp","value":""}]}]}
COMMAND: GET /session/87d62074a4cb28b4ac0fd763e82d6371/screenshot - {}
RESULT: {}
COMMAND: POST /session/87d62074a4cb28b4ac0fd763e82d6371/element - {"using":"xpath","value":"//div[contains(@id ,\"selectSingle\")]"}
RESULT: {"using":"xpath","value":"//div[contains(@id ,\"selectSingle\")]"}
COMMAND: POST /session/87d62074a4cb28b4ac0fd763e82d6371/element/f.62693C2623AD3835EDB30C63D0026C38.d.1B9115496E83B6019D09334B8D76D67F.e.11696/click - {}
RESULT: {}
COMMAND: GET /session/87d62074a4cb28b4ac0fd763e82d6371/screenshot - {}
RESULT: {}
COMMAND: POST /session/87d62074a4cb28b4ac0fd763e82d6371/element - {"using":"xpath","value":"//bdi[contains(text() ,\"Selection Done\")]"}
RESULT: {"using":"xpath","value":"//bdi[contains(text() ,\"Selection Done\")]"}
COMMAND: POST /session/87d62074a4cb28b4ac0fd763e82d6371/element/f.62693C2623AD3835EDB30C63D0026C38.d.1B9115496E83B6019D09334B8D76D67F.e.11703/click - {}
RESULT: {}
COMMAND: GET /session/87d62074a4cb28b4ac0fd763e82d6371/screenshot - {}
RESULT: {}
COMMAND: POST /session/87d62074a4cb28b4ac0fd763e82d6371/actions - {"actions":[{"id":"action95","type":"key","parameters":{},"actions":[{"type":"keyDown","value":""},{"type":"pause","duration":10},{"type":"keyUp","value":""}]}]}
RESULT: {"actions":[{"id":"action95","type":"key","parameters":{},"actions":[{"type":"keyDown","value":""},{"type":"pause","duration":10},{"type":"keyUp","value":""}]}]}
COMMAND: GET /session/87d62074a4cb28b4ac0fd763e82d6371/screenshot - {}
RESULT: {}
COMMAND: POST /session/87d62074a4cb28b4ac0fd763e82d6371/actions - {"actions":[{"id":"action96","type":"key","parameters":{},"actions":[{"type":"keyDown","value":""},{"type":"pause","duration":10},{"type":"keyUp","value":""}]}]}
RESULT: {"actions":[{"id":"action96","type":"key","parameters":{},"actions":[{"type":"keyDown","value":""},{"type":"pause","duration":10},{"type":"keyUp","value":""}]}]}
COMMAND: GET /session/87d62074a4cb28b4ac0fd763e82d6371/screenshot - {}
RESULT: {}
COMMAND: GET /session/87d62074a4cb28b4ac0fd763e82d6371/window/handles - {}
RESULT: {}
COMMAND: GET /session/87d62074a4cb28b4ac0fd763e82d6371/window/handles - {}
RESULT: {}
COMMAND: POST /session/87d62074a4cb28b4ac0fd763e82d6371/window - {"handle":"0B5C63A36785C6A5A358379E3A78C4E4"}
RESULT: {"handle":"0B5C63A36785C6A5A358379E3A78C4E4"}
COMMAND: GET /session/87d62074a4cb28b4ac0fd763e82d6371/url - {}
RESULT: {}
COMMAND: GET /session/87d62074a4cb28b4ac0fd763e82d6371/screenshot - {}
RESULT: {}
COMMAND: POST /session/87d62074a4cb28b4ac0fd763e82d6371/element - {"using":"xpath","value":"//span[contains(text(), \"Header Billing Items\")]"}
RESULT: {"using":"xpath","value":"//span[contains(text(), \"Header Billing Items\")]"}
COMMAND: POST /session/87d62074a4cb28b4ac0fd763e82d6371/element/f.0B5C63A36785C6A5A358379E3A78C4E4.d.3FAE9BC0052E2772124BAE81131820F1.e.11922/click - {}
RESULT: {}
COMMAND: GET /session/87d62074a4cb28b4ac0fd763e82d6371/screenshot - {}
RESULT: {}
COMMAND: POST /session/87d62074a4cb28b4ac0fd763e82d6371/element - {"using":"xpath","value":"//span[contains(@id ,\"contractItemsSmartTable-header-inner\")]"}
RESULT: {"using":"xpath","value":"//span[contains(@id ,\"contractItemsSmartTable-header-inner\")]"}
COMMAND: GET /session/87d62074a4cb28b4ac0fd763e82d6371/element/f.0B5C63A36785C6A5A358379E3A78C4E4.d.3FAE9BC0052E2772124BAE81131820F1.e.11924/text - {}
RESULT: {}
COMMAND: POST /session/87d62074a4cb28b4ac0fd763e82d6371/element - {"using":"xpath","value":"//span[@class=\"sapMObjStatusText\"][contains(text(), \"proposed\")]"}
RESULT: {"using":"xpath","value":"//span[@class=\"sapMObjStatusText\"][contains(text(), \"proposed\")]"}
COMMAND: GET /session/87d62074a4cb28b4ac0fd763e82d6371/element/f.0B5C63A36785C6A5A358379E3A78C4E4.d.3FAE9BC0052E2772124BAE81131820F1.e.11925/text - {}
RESULT: {}
COMMAND: DELETE /session/87d62074a4cb28b4ac0fd763e82d6371/window - {}
RESULT: {}
COMMAND: POST /session/87d62074a4cb28b4ac0fd763e82d6371/window - {"handle":"62693C2623AD3835EDB30C63D0026C38"}
RESULT: {"handle":"62693C2623AD3835EDB30C63D0026C38"}
COMMAND: GET /session/87d62074a4cb28b4ac0fd763e82d6371/url - {}
RESULT: {}
COMMAND: GET /session/87d62074a4cb28b4ac0fd763e82d6371/screenshot - {}
RESULT: {}
]]></system-out>
    </testcase>
    <testcase classname="chrome.137_0_7151_69.windows.Process_request_items_into_an_existing_quotation_US120163" name="Should navigate back to the request and check the request and item statuses" time="38.608">
      <system-out><![CDATA[
COMMAND: POST /session/87d62074a4cb28b4ac0fd763e82d6371/refresh - {}
RESULT: {}
COMMAND: GET /session/87d62074a4cb28b4ac0fd763e82d6371/screenshot - {}
RESULT: {}
COMMAND: POST /session/87d62074a4cb28b4ac0fd763e82d6371/execute/async - {"script":"<script> [189 bytes]","args":[]}
RESULT: {"script":"<script> [189 bytes]","args":[]}
COMMAND: POST /session/87d62074a4cb28b4ac0fd763e82d6371/execute/async - {"script":"<script> [123 bytes]","args":[]}
RESULT: {"script":"<script> [123 bytes]","args":[]}
COMMAND: POST /session/87d62074a4cb28b4ac0fd763e82d6371/timeouts - {"script":"<number>"}
RESULT: {"script":"<number>"}
COMMAND: GET /session/87d62074a4cb28b4ac0fd763e82d6371/timeouts - {}
RESULT: {}
RESULT: undefined
COMMAND: POST /session/87d62074a4cb28b4ac0fd763e82d6371/execute/async - {"script":"<script> [2676 bytes]","args":[]}
RESULT: {"script":"<script> [2676 bytes]","args":[]}
COMMAND: POST /session/87d62074a4cb28b4ac0fd763e82d6371/execute/async - {"script":"<script> [2342 bytes]","args":[{"protocol":"http","hostname":"0.0.0.0","path":"/","capabilities":{"browserName":"chrome","goog:chromeOptions":{"binary":"C:\\Program Files\\Google\\Chrome\\Application\\chrome.exe","args":["--start-maximized"]}},"logLevel":"warn","connectionRetryTimeout":120000,"connectionRetryCount":3,"logLevels":{},"enableDirectConnect":true,"strictSSL":true,"_":"65 more keys: [\"cacheDir\",\"port\",\"requestedCapabilities\",\"automationProtocol\",\"baseUrl\",\"waitforInterval\",\"waitforTimeout\",\"onReload\",\"beforeCommand\",\"afterCommand\",\"rootDir\",\"specs\",\"suites\",\"exclude\",\"groupLogsByTestSpec\",\"excludeDriverLogs\",\"bail\",\"framework\",\"reporters\",\"services\",\"maxInstances\",\"maxInstancesPerCapability\",\"injectGlobals\",\"filesToWatch\",\"execArgv\",\"runnerEnv\",\"runner\",\"shard\",\"specFileRetries\",\"specFileRetriesDelay\",\"specFileRetriesDeferred\",\"reporterSyncInterval\",\"reporterSyncTimeout\",\"cucumberFeaturesWithLineNumbers\",\"autoCompileOpts\",\"mochaOpts\",\"jasmineOpts\",\"cucumberOpts\",\"onPrepare\",\"onWorkerStart\",\"onWorkerEnd\",\"before\",\"beforeSession\",\"beforeSuite\",\"beforeHook\",\"beforeTest\",\"afterTest\",\"afterHook\",\"afterSuite\",\"afterSession\",\"after\",\"onComplete\",\"beforeAssertion\",\"afterAssertion\",\"beforeFeature\",\"beforeScenario\",\"beforeStep\",\"afterStep\",\"afterScenario\",\"afterFeature\",\"_\",\"suite\",\"$0\",\"ignoredWorkerServices\",\"wdi5\"]"}]}
RESULT: {"script":"<script> [2342 bytes]","args":[{"protocol":"http","hostname":"0.0.0.0","path":"/","capabilities":{"browserName":"chrome","goog:chromeOptions":{"binary":"C:\\Program Files\\Google\\Chrome\\Application\\chrome.exe","args":["--start-maximized"]}},"logLevel":"warn","connectionRetryTimeout":120000,"connectionRetryCount":3,"logLevels":{},"enableDirectConnect":true,"strictSSL":true,"_":"65 more keys: [\"cacheDir\",\"port\",\"requestedCapabilities\",\"automationProtocol\",\"baseUrl\",\"waitforInterval\",\"waitforTimeout\",\"onReload\",\"beforeCommand\",\"afterCommand\",\"rootDir\",\"specs\",\"suites\",\"exclude\",\"groupLogsByTestSpec\",\"excludeDriverLogs\",\"bail\",\"framework\",\"reporters\",\"services\",\"maxInstances\",\"maxInstancesPerCapability\",\"injectGlobals\",\"filesToWatch\",\"execArgv\",\"runnerEnv\",\"runner\",\"shard\",\"specFileRetries\",\"specFileRetriesDelay\",\"specFileRetriesDeferred\",\"reporterSyncInterval\",\"reporterSyncTimeout\",\"cucumberFeaturesWithLineNumbers\",\"autoCompileOpts\",\"mochaOpts\",\"jasmineOpts\",\"cucumberOpts\",\"onPrepare\",\"onWorkerStart\",\"onWorkerEnd\",\"before\",\"beforeSession\",\"beforeSuite\",\"beforeHook\",\"beforeTest\",\"afterTest\",\"afterHook\",\"afterSuite\",\"afterSession\",\"after\",\"onComplete\",\"beforeAssertion\",\"afterAssertion\",\"beforeFeature\",\"beforeScenario\",\"beforeStep\",\"afterStep\",\"afterScenario\",\"afterFeature\",\"_\",\"suite\",\"$0\",\"ignoredWorkerServices\",\"wdi5\"]"}]}
COMMAND: POST /session/87d62074a4cb28b4ac0fd763e82d6371/execute/async - {"script":"<script> [21126 bytes]","args":[35000]}
RESULT: {"script":"<script> [21126 bytes]","args":[35000]}
COMMAND: POST /session/87d62074a4cb28b4ac0fd763e82d6371/execute/async - {"script":"<script> [1562 bytes]","args":[{"selector":{"controlType":"sap.m.Text","viewName":"etm.portal.ui.managerequests.view.Detail","bindingPath":{"path":"/SmartRequestItemsPlanningBoard(ITEM=10m,REQUEST='20090')","propertyPath":"STATUS_DESC"}},"wdio_ui5_key":"etmportal.ui.managerequests.view.Detailsap.m.Text{\"path\":\"/SmartRequestItemsPlanningBoard(ITEM=10m,REQUEST='20090')\",\"propertyPath\":\"STATUS_DESC\"}"}]}
RESULT: {"script":"<script> [1562 bytes]","args":[{"selector":{"controlType":"sap.m.Text","viewName":"etm.portal.ui.managerequests.view.Detail","bindingPath":{"path":"/SmartRequestItemsPlanningBoard(ITEM=10m,REQUEST='20090')","propertyPath":"STATUS_DESC"}},"wdio_ui5_key":"etmportal.ui.managerequests.view.Detailsap.m.Text{\"path\":\"/SmartRequestItemsPlanningBoard(ITEM=10m,REQUEST='20090')\",\"propertyPath\":\"STATUS_DESC\"}"}]}
RESULT: undefined
COMMAND: POST /session/87d62074a4cb28b4ac0fd763e82d6371/execute/async - {"script":"<script> [6424 bytes]","args":[{"element-6066-11e4-a52e-4f735466cecf":"f.62693C2623AD3835EDB30C63D0026C38.d.385EDB08A8391E5ACC58DA6BFEF3CF9B.e.12106"},"getText",[]]}
RESULT: {"script":"<script> [6424 bytes]","args":[{"element-6066-11e4-a52e-4f735466cecf":"f.62693C2623AD3835EDB30C63D0026C38.d.385EDB08A8391E5ACC58DA6BFEF3CF9B.e.12106"},"getText",[]]}
COMMAND: POST /session/87d62074a4cb28b4ac0fd763e82d6371/execute/async - {"script":"<script> [1562 bytes]","args":[{"selector":{"controlType":"sap.m.ObjectStatus","viewName":"etm.portal.ui.managerequests.view.Detail","bindingPath":{"path":"/RequestHeaders('20090')","propertyPath":"LINK_TO_STATUS/DESCRIPTION","modelName":"catalogModel"}},"wdio_ui5_key":"etmportal.ui.managerequests.view.Detailsap.m.ObjectStatus{\"path\":\"/RequestHeaders('20090')\",\"propertyPath\":\"LINK_TO_STATUS/DESCRIPTION\",\"modelName\":\"catalogModel\"}"}]}
RESULT: {"script":"<script> [1562 bytes]","args":[{"selector":{"controlType":"sap.m.ObjectStatus","viewName":"etm.portal.ui.managerequests.view.Detail","bindingPath":{"path":"/RequestHeaders('20090')","propertyPath":"LINK_TO_STATUS/DESCRIPTION","modelName":"catalogModel"}},"wdio_ui5_key":"etmportal.ui.managerequests.view.Detailsap.m.ObjectStatus{\"path\":\"/RequestHeaders('20090')\",\"propertyPath\":\"LINK_TO_STATUS/DESCRIPTION\",\"modelName\":\"catalogModel\"}"}]}
RESULT: undefined
COMMAND: POST /session/87d62074a4cb28b4ac0fd763e82d6371/execute/async - {"script":"<script> [6424 bytes]","args":[{"element-6066-11e4-a52e-4f735466cecf":"f.62693C2623AD3835EDB30C63D0026C38.d.385EDB08A8391E5ACC58DA6BFEF3CF9B.e.12107"},"getText",[]]}
RESULT: {"script":"<script> [6424 bytes]","args":[{"element-6066-11e4-a52e-4f735466cecf":"f.62693C2623AD3835EDB30C63D0026C38.d.385EDB08A8391E5ACC58DA6BFEF3CF9B.e.12107"},"getText",[]]}
COMMAND: POST /session/87d62074a4cb28b4ac0fd763e82d6371/element - {"using":"css selector","value":"#shell-header-logo"}
RESULT: {"using":"css selector","value":"#shell-header-logo"}
COMMAND: POST /session/87d62074a4cb28b4ac0fd763e82d6371/element/f.62693C2623AD3835EDB30C63D0026C38.d.385EDB08A8391E5ACC58DA6BFEF3CF9B.e.11933/click - {}
RESULT: {}
COMMAND: GET /session/87d62074a4cb28b4ac0fd763e82d6371/screenshot - {}
RESULT: undefined
RESULT: undefined
RESULT: {}
COMMAND: POST /session/87d62074a4cb28b4ac0fd763e82d6371/refresh - {}
RESULT: {}
COMMAND: GET /session/87d62074a4cb28b4ac0fd763e82d6371/screenshot - {}
RESULT: {}
COMMAND: POST /session/87d62074a4cb28b4ac0fd763e82d6371/execute/async - {"script":"<script> [189 bytes]","args":[]}
RESULT: {"script":"<script> [189 bytes]","args":[]}
COMMAND: POST /session/87d62074a4cb28b4ac0fd763e82d6371/execute/async - {"script":"<script> [123 bytes]","args":[]}
RESULT: {"script":"<script> [123 bytes]","args":[]}
COMMAND: POST /session/87d62074a4cb28b4ac0fd763e82d6371/timeouts - {"script":"<number>"}
RESULT: {"script":"<number>"}
COMMAND: GET /session/87d62074a4cb28b4ac0fd763e82d6371/timeouts - {}
RESULT: {}
RESULT: undefined
COMMAND: POST /session/87d62074a4cb28b4ac0fd763e82d6371/execute/async - {"script":"<script> [2676 bytes]","args":[]}
RESULT: {"script":"<script> [2676 bytes]","args":[]}
COMMAND: POST /session/87d62074a4cb28b4ac0fd763e82d6371/execute/async - {"script":"<script> [2342 bytes]","args":[{"protocol":"http","hostname":"0.0.0.0","path":"/","capabilities":{"browserName":"chrome","goog:chromeOptions":{"binary":"C:\\Program Files\\Google\\Chrome\\Application\\chrome.exe","args":["--start-maximized"]}},"logLevel":"warn","connectionRetryTimeout":120000,"connectionRetryCount":3,"logLevels":{},"enableDirectConnect":true,"strictSSL":true,"_":"65 more keys: [\"cacheDir\",\"port\",\"requestedCapabilities\",\"automationProtocol\",\"baseUrl\",\"waitforInterval\",\"waitforTimeout\",\"onReload\",\"beforeCommand\",\"afterCommand\",\"rootDir\",\"specs\",\"suites\",\"exclude\",\"groupLogsByTestSpec\",\"excludeDriverLogs\",\"bail\",\"framework\",\"reporters\",\"services\",\"maxInstances\",\"maxInstancesPerCapability\",\"injectGlobals\",\"filesToWatch\",\"execArgv\",\"runnerEnv\",\"runner\",\"shard\",\"specFileRetries\",\"specFileRetriesDelay\",\"specFileRetriesDeferred\",\"reporterSyncInterval\",\"reporterSyncTimeout\",\"cucumberFeaturesWithLineNumbers\",\"autoCompileOpts\",\"mochaOpts\",\"jasmineOpts\",\"cucumberOpts\",\"onPrepare\",\"onWorkerStart\",\"onWorkerEnd\",\"before\",\"beforeSession\",\"beforeSuite\",\"beforeHook\",\"beforeTest\",\"afterTest\",\"afterHook\",\"afterSuite\",\"afterSession\",\"after\",\"onComplete\",\"beforeAssertion\",\"afterAssertion\",\"beforeFeature\",\"beforeScenario\",\"beforeStep\",\"afterStep\",\"afterScenario\",\"afterFeature\",\"_\",\"suite\",\"$0\",\"ignoredWorkerServices\",\"wdi5\"]"}]}
RESULT: {"script":"<script> [2342 bytes]","args":[{"protocol":"http","hostname":"0.0.0.0","path":"/","capabilities":{"browserName":"chrome","goog:chromeOptions":{"binary":"C:\\Program Files\\Google\\Chrome\\Application\\chrome.exe","args":["--start-maximized"]}},"logLevel":"warn","connectionRetryTimeout":120000,"connectionRetryCount":3,"logLevels":{},"enableDirectConnect":true,"strictSSL":true,"_":"65 more keys: [\"cacheDir\",\"port\",\"requestedCapabilities\",\"automationProtocol\",\"baseUrl\",\"waitforInterval\",\"waitforTimeout\",\"onReload\",\"beforeCommand\",\"afterCommand\",\"rootDir\",\"specs\",\"suites\",\"exclude\",\"groupLogsByTestSpec\",\"excludeDriverLogs\",\"bail\",\"framework\",\"reporters\",\"services\",\"maxInstances\",\"maxInstancesPerCapability\",\"injectGlobals\",\"filesToWatch\",\"execArgv\",\"runnerEnv\",\"runner\",\"shard\",\"specFileRetries\",\"specFileRetriesDelay\",\"specFileRetriesDeferred\",\"reporterSyncInterval\",\"reporterSyncTimeout\",\"cucumberFeaturesWithLineNumbers\",\"autoCompileOpts\",\"mochaOpts\",\"jasmineOpts\",\"cucumberOpts\",\"onPrepare\",\"onWorkerStart\",\"onWorkerEnd\",\"before\",\"beforeSession\",\"beforeSuite\",\"beforeHook\",\"beforeTest\",\"afterTest\",\"afterHook\",\"afterSuite\",\"afterSession\",\"after\",\"onComplete\",\"beforeAssertion\",\"afterAssertion\",\"beforeFeature\",\"beforeScenario\",\"beforeStep\",\"afterStep\",\"afterScenario\",\"afterFeature\",\"_\",\"suite\",\"$0\",\"ignoredWorkerServices\",\"wdi5\"]"}]}
COMMAND: POST /session/87d62074a4cb28b4ac0fd763e82d6371/execute/async - {"script":"<script> [21126 bytes]","args":[35000]}
RESULT: {"script":"<script> [21126 bytes]","args":[35000]}
]]></system-out>
    </testcase>
  </testsuite>
  <testsuite timestamp="2025-06-14T16:17:03" time="310.099" tests="3" failures="0" errors="0" skipped="0">
    <properties>
      <property name="specId" value="0"/>
      <property name="suiteName" value="Process request items into new quotation US120163"/>
      <property name="capabilities" value="chrome.137_0_7151_69.windows"/>
      <property name="file" value="file:///D:/a/1/s/test/specs/R2C/process-request-items-into-new-quotation.spec.js"/>
    </properties>
    <testcase classname="chrome.137_0_7151_69.windows.Process_request_items_into_new_quotation_US120163" name="Should create a new request with catalog items and plan it" time="195.811">
      <system-out><![CDATA[
COMMAND: POST /session/87d62074a4cb28b4ac0fd763e82d6371/execute/async - {"script":"<script> [1562 bytes]","args":[{"selector":{"controlType":"sap.m.GenericTile","properties":{"header":"Manage Requests"}},"wdio_ui5_key":"sapm.GenericTile{\"header\":\"Manage Requests\"}"}]}
RESULT: {"script":"<script> [1562 bytes]","args":[{"selector":{"controlType":"sap.m.GenericTile","properties":{"header":"Manage Requests"}},"wdio_ui5_key":"sapm.GenericTile{\"header\":\"Manage Requests\"}"}]}
RESULT: undefined
COMMAND: POST /session/87d62074a4cb28b4ac0fd763e82d6371/element - {"using":"xpath","value":"//*[@id=\"__tile48\"]"}
RESULT: {"using":"xpath","value":"//*[@id=\"__tile48\"]"}
COMMAND: POST /session/87d62074a4cb28b4ac0fd763e82d6371/element/f.62693C2623AD3835EDB30C63D0026C38.d.42D4198C4DA197ACA8AFBD88B11C239D.e.12134/click - {}
RESULT: {}
COMMAND: GET /session/87d62074a4cb28b4ac0fd763e82d6371/screenshot - {}
RESULT: {}
COMMAND: POST /session/87d62074a4cb28b4ac0fd763e82d6371/elements - {"using":"xpath","value":"//span[text()='Error']"}
RESULT: {"using":"xpath","value":"//span[text()='Error']"}
COMMAND: POST /session/87d62074a4cb28b4ac0fd763e82d6371/element - {"using":"xpath","value":"//button[contains(@data-kt ,\"btnCreateNewOverflowToolbarButton\")]"}
COMMAND: POST /session/87d62074a4cb28b4ac0fd763e82d6371/element - {"using":"xpath","value":"(//span[contains(@class ,\"sapMObjStatusText\")])[1]"}
RESULT: {"using":"xpath","value":"//button[contains(@data-kt ,\"btnCreateNewOverflowToolbarButton\")]"}
COMMAND: POST /session/87d62074a4cb28b4ac0fd763e82d6371/element/f.62693C2623AD3835EDB30C63D0026C38.d.42D4198C4DA197ACA8AFBD88B11C239D.e.12191/click - {}
RESULT: {"using":"xpath","value":"(//span[contains(@class ,\"sapMObjStatusText\")])[1]"}
COMMAND: POST /session/87d62074a4cb28b4ac0fd763e82d6371/execute/sync - {"script":"<script> [8489 bytes]","args":[{"element-6066-11e4-a52e-4f735466cecf":"f.62693C2623AD3835EDB30C63D0026C38.d.42D4198C4DA197ACA8AFBD88B11C239D.e.12229","ELEMENT":"f.62693C2623AD3835EDB30C63D0026C38.d.42D4198C4DA197ACA8AFBD88B11C239D.e.12229"}]}
RESULT: {}
COMMAND: GET /session/87d62074a4cb28b4ac0fd763e82d6371/screenshot - {}
RESULT: {"script":"<script> [8489 bytes]","args":[{"element-6066-11e4-a52e-4f735466cecf":"f.62693C2623AD3835EDB30C63D0026C38.d.42D4198C4DA197ACA8AFBD88B11C239D.e.12229","ELEMENT":"f.62693C2623AD3835EDB30C63D0026C38.d.42D4198C4DA197ACA8AFBD88B11C239D.e.12229"}]}
COMMAND: GET /session/87d62074a4cb28b4ac0fd763e82d6371/screenshot - {}
RESULT: {}
RESULT: {}
COMMAND: POST /session/87d62074a4cb28b4ac0fd763e82d6371/element - {"using":"xpath","value":"//input[contains(@id ,\"yardId-inner\")]"}
RESULT: {"using":"xpath","value":"//input[contains(@id ,\"yardId-inner\")]"}
COMMAND: POST /session/87d62074a4cb28b4ac0fd763e82d6371/execute/sync - {"script":"<script> [8489 bytes]","args":[{"element-6066-11e4-a52e-4f735466cecf":"f.62693C2623AD3835EDB30C63D0026C38.d.42D4198C4DA197ACA8AFBD88B11C239D.e.12311","ELEMENT":"f.62693C2623AD3835EDB30C63D0026C38.d.42D4198C4DA197ACA8AFBD88B11C239D.e.12311"}]}
RESULT: {"script":"<script> [8489 bytes]","args":[{"element-6066-11e4-a52e-4f735466cecf":"f.62693C2623AD3835EDB30C63D0026C38.d.42D4198C4DA197ACA8AFBD88B11C239D.e.12311","ELEMENT":"f.62693C2623AD3835EDB30C63D0026C38.d.42D4198C4DA197ACA8AFBD88B11C239D.e.12311"}]}
COMMAND: POST /session/87d62074a4cb28b4ac0fd763e82d6371/element - {"using":"xpath","value":"//input[contains(@id ,\"yardId-inner\")]"}
COMMAND: GET /session/87d62074a4cb28b4ac0fd763e82d6371/screenshot - {}
RESULT: {"using":"xpath","value":"//input[contains(@id ,\"yardId-inner\")]"}
COMMAND: GET /session/87d62074a4cb28b4ac0fd763e82d6371/element/f.62693C2623AD3835EDB30C63D0026C38.d.42D4198C4DA197ACA8AFBD88B11C239D.e.12311/enabled - {}
RESULT: {}
RESULT: {}
COMMAND: POST /session/87d62074a4cb28b4ac0fd763e82d6371/element/f.62693C2623AD3835EDB30C63D0026C38.d.42D4198C4DA197ACA8AFBD88B11C239D.e.12311/clear - {}
COMMAND: GET /session/87d62074a4cb28b4ac0fd763e82d6371/screenshot - {}
RESULT: {}
COMMAND: POST /session/87d62074a4cb28b4ac0fd763e82d6371/element/f.62693C2623AD3835EDB30C63D0026C38.d.42D4198C4DA197ACA8AFBD88B11C239D.e.12311/value - {"text":"WebdriverYardcxril"}
COMMAND: GET /session/87d62074a4cb28b4ac0fd763e82d6371/screenshot - {}
RESULT: {}
RESULT: {"text":"WebdriverYardcxril"}
COMMAND: GET /session/87d62074a4cb28b4ac0fd763e82d6371/screenshot - {}
RESULT: {}
RESULT: {}
COMMAND: POST /session/87d62074a4cb28b4ac0fd763e82d6371/element - {"using":"xpath","value":"//input[contains(@id ,\"customerNumber-inner\")]"}
RESULT: {"using":"xpath","value":"//input[contains(@id ,\"customerNumber-inner\")]"}
COMMAND: POST /session/87d62074a4cb28b4ac0fd763e82d6371/element/f.62693C2623AD3835EDB30C63D0026C38.d.42D4198C4DA197ACA8AFBD88B11C239D.e.12305/value - {"text":"WebdriverPartnerg5xni"}
COMMAND: POST /session/87d62074a4cb28b4ac0fd763e82d6371/actions - {"actions":[{"id":"action97","type":"key","parameters":{},"actions":[{"type":"keyDown","value":""},{"type":"pause","duration":10},{"type":"keyUp","value":""}]}]}
RESULT: {"actions":[{"id":"action97","type":"key","parameters":{},"actions":[{"type":"keyDown","value":""},{"type":"pause","duration":10},{"type":"keyUp","value":""}]}]}
COMMAND: GET /session/87d62074a4cb28b4ac0fd763e82d6371/screenshot - {}
RESULT: {"text":"WebdriverPartnerg5xni"}
COMMAND: GET /session/87d62074a4cb28b4ac0fd763e82d6371/screenshot - {}
RESULT: {}
RESULT: {}
COMMAND: POST /session/87d62074a4cb28b4ac0fd763e82d6371/element/f.62693C2623AD3835EDB30C63D0026C38.d.42D4198C4DA197ACA8AFBD88B11C239D.e.12311/clear - {}
RESULT: {}
COMMAND: POST /session/87d62074a4cb28b4ac0fd763e82d6371/element/f.62693C2623AD3835EDB30C63D0026C38.d.42D4198C4DA197ACA8AFBD88B11C239D.e.12311/clear - {}
COMMAND: GET /session/87d62074a4cb28b4ac0fd763e82d6371/screenshot - {}
RESULT: {}
COMMAND: POST /session/87d62074a4cb28b4ac0fd763e82d6371/element/f.62693C2623AD3835EDB30C63D0026C38.d.42D4198C4DA197ACA8AFBD88B11C239D.e.12311/value - {"text":"WebdriverYardcxril"}
COMMAND: GET /session/87d62074a4cb28b4ac0fd763e82d6371/screenshot - {}
RESULT: {}
RESULT: {"text":"WebdriverYardcxril"}
COMMAND: GET /session/87d62074a4cb28b4ac0fd763e82d6371/screenshot - {}
RESULT: {}
RESULT: {}
COMMAND: POST /session/87d62074a4cb28b4ac0fd763e82d6371/actions - {"actions":[{"id":"action98","type":"key","parameters":{},"actions":[{"type":"keyDown","value":""},{"type":"pause","duration":10},{"type":"keyUp","value":""}]}]}
RESULT: {"actions":[{"id":"action98","type":"key","parameters":{},"actions":[{"type":"keyDown","value":""},{"type":"pause","duration":10},{"type":"keyUp","value":""}]}]}
COMMAND: GET /session/87d62074a4cb28b4ac0fd763e82d6371/screenshot - {}
RESULT: {}
COMMAND: POST /session/87d62074a4cb28b4ac0fd763e82d6371/actions - {"actions":[{"id":"action99","type":"key","parameters":{},"actions":[{"type":"keyDown","value":""},{"type":"pause","duration":10},{"type":"keyUp","value":""}]}]}
RESULT: {"actions":[{"id":"action99","type":"key","parameters":{},"actions":[{"type":"keyDown","value":""},{"type":"pause","duration":10},{"type":"keyUp","value":""}]}]}
COMMAND: GET /session/87d62074a4cb28b4ac0fd763e82d6371/screenshot - {}
RESULT: {}
COMMAND: GET /session/87d62074a4cb28b4ac0fd763e82d6371/element/f.62693C2623AD3835EDB30C63D0026C38.d.42D4198C4DA197ACA8AFBD88B11C239D.e.12305/property/value - {}
RESULT: {}
COMMAND: POST /session/87d62074a4cb28b4ac0fd763e82d6371/element - {"using":"xpath","value":"//input[contains(@id ,\"requestSiteId-inner\")]"}
COMMAND: GET /session/87d62074a4cb28b4ac0fd763e82d6371/screenshot - {}
RESULT: {"using":"xpath","value":"//input[contains(@id ,\"requestSiteId-inner\")]"}
COMMAND: POST /session/87d62074a4cb28b4ac0fd763e82d6371/element/f.62693C2623AD3835EDB30C63D0026C38.d.42D4198C4DA197ACA8AFBD88B11C239D.e.12304/value - {"text":"WebdriverSitenlhvxi"}
RESULT: {}
RESULT: {"text":"WebdriverSitenlhvxi"}
COMMAND: GET /session/87d62074a4cb28b4ac0fd763e82d6371/screenshot - {}
RESULT: {}
COMMAND: POST /session/87d62074a4cb28b4ac0fd763e82d6371/actions - {"actions":[{"id":"action100","type":"key","parameters":{},"actions":[{"type":"keyDown","value":""},{"type":"pause","duration":10},{"type":"keyUp","value":""}]}]}
RESULT: {"actions":[{"id":"action100","type":"key","parameters":{},"actions":[{"type":"keyDown","value":""},{"type":"pause","duration":10},{"type":"keyUp","value":""}]}]}
COMMAND: GET /session/87d62074a4cb28b4ac0fd763e82d6371/screenshot - {}
RESULT: {}
COMMAND: POST /session/87d62074a4cb28b4ac0fd763e82d6371/element - {"using":"xpath","value":"//button[contains(@data-kt ,\"requestItemAddOverflowToolbarButton\")]"}
RESULT: {"using":"xpath","value":"//button[contains(@data-kt ,\"requestItemAddOverflowToolbarButton\")]"}
COMMAND: POST /session/87d62074a4cb28b4ac0fd763e82d6371/element/f.62693C2623AD3835EDB30C63D0026C38.d.42D4198C4DA197ACA8AFBD88B11C239D.e.12482/click - {}
RESULT: {}
COMMAND: GET /session/87d62074a4cb28b4ac0fd763e82d6371/screenshot - {}
RESULT: {}
COMMAND: POST /session/87d62074a4cb28b4ac0fd763e82d6371/actions - {"actions":[{"id":"action101","type":"key","parameters":{},"actions":[{"type":"keyDown","value":""},{"type":"pause","duration":10},{"type":"keyUp","value":""}]}]}
RESULT: {"actions":[{"id":"action101","type":"key","parameters":{},"actions":[{"type":"keyDown","value":""},{"type":"pause","duration":10},{"type":"keyUp","value":""}]}]}
COMMAND: POST /session/87d62074a4cb28b4ac0fd763e82d6371/actions - {"actions":[{"id":"action102","type":"key","parameters":{},"actions":[{"type":"keyDown","value":""},{"type":"pause","duration":10},{"type":"keyUp","value":""}]}]}
COMMAND: GET /session/87d62074a4cb28b4ac0fd763e82d6371/screenshot - {}
RESULT: {"actions":[{"id":"action102","type":"key","parameters":{},"actions":[{"type":"keyDown","value":""},{"type":"pause","duration":10},{"type":"keyUp","value":""}]}]}
COMMAND: GET /session/87d62074a4cb28b4ac0fd763e82d6371/screenshot - {}
RESULT: {}
RESULT: {}
COMMAND: POST /session/87d62074a4cb28b4ac0fd763e82d6371/element - {"using":"xpath","value":"(//input[contains(@id ,\"requestItemsTable-0-inner\")])[1]"}
RESULT: {"using":"xpath","value":"(//input[contains(@id ,\"requestItemsTable-0-inner\")])[1]"}
COMMAND: POST /session/87d62074a4cb28b4ac0fd763e82d6371/element/f.62693C2623AD3835EDB30C63D0026C38.d.42D4198C4DA197ACA8AFBD88B11C239D.e.12486/clear - {}
RESULT: {}
COMMAND: POST /session/87d62074a4cb28b4ac0fd763e82d6371/element/f.62693C2623AD3835EDB30C63D0026C38.d.42D4198C4DA197ACA8AFBD88B11C239D.e.12486/value - {"text":"catalogItemjg6go"}
COMMAND: GET /session/87d62074a4cb28b4ac0fd763e82d6371/screenshot - {}
RESULT: {"text":"catalogItemjg6go"}
COMMAND: GET /session/87d62074a4cb28b4ac0fd763e82d6371/screenshot - {}
RESULT: {}
RESULT: {}
COMMAND: POST /session/87d62074a4cb28b4ac0fd763e82d6371/actions - {"actions":[{"id":"action103","type":"key","parameters":{},"actions":[{"type":"keyDown","value":""},{"type":"pause","duration":10},{"type":"keyUp","value":""}]}]}
RESULT: {"actions":[{"id":"action103","type":"key","parameters":{},"actions":[{"type":"keyDown","value":""},{"type":"pause","duration":10},{"type":"keyUp","value":""}]}]}
COMMAND: GET /session/87d62074a4cb28b4ac0fd763e82d6371/screenshot - {}
RESULT: {}
COMMAND: POST /session/87d62074a4cb28b4ac0fd763e82d6371/execute/async - {"script":"<script> [1562 bytes]","args":[{"selector":{"controlType":"sap.ui.core.Icon","viewName":"etm.portal.ui.managerequests.view.NewRequest","properties":{"src":{"regex":{"source":"slim\\-arrow\\-down"}}},"ancestor":{"controlType":"sap.m.Button","viewName":"etm.portal.ui.managerequests.view.NewRequest","properties":{"icon":"sap-icon://slim-arrow-down"}}},"wdio_ui5_key":"etmportal.ui.managerequests.view.NewRequestsap.ui.core.Icon{\"src\":{\"regex\":{\"source\":\"slim\\\\-arrow\\\\-down\"}}}{\"controlType\":\"sap.m.Button\",\"viewName\":\"etm.portal.ui.managerequests.view.NewRequest\",\"properties\":{\"icon\":\"sap-icon://slim-arrow-down\"}}"}]}
RESULT: {"script":"<script> [1562 bytes]","args":[{"selector":{"controlType":"sap.ui.core.Icon","viewName":"etm.portal.ui.managerequests.view.NewRequest","properties":{"src":{"regex":{"source":"slim\\-arrow\\-down"}}},"ancestor":{"controlType":"sap.m.Button","viewName":"etm.portal.ui.managerequests.view.NewRequest","properties":{"icon":"sap-icon://slim-arrow-down"}}},"wdio_ui5_key":"etmportal.ui.managerequests.view.NewRequestsap.ui.core.Icon{\"src\":{\"regex\":{\"source\":\"slim\\\\-arrow\\\\-down\"}}}{\"controlType\":\"sap.m.Button\",\"viewName\":\"etm.portal.ui.managerequests.view.NewRequest\",\"properties\":{\"icon\":\"sap-icon://slim-arrow-down\"}}"}]}
RESULT: undefined
COMMAND: POST /session/87d62074a4cb28b4ac0fd763e82d6371/element - {"using":"xpath","value":"//div[contains(@data-kt ,\"splitAllocationObjectStatus\")]"}
RESULT: {"using":"xpath","value":"//div[contains(@data-kt ,\"splitAllocationObjectStatus\")]"}
COMMAND: POST /session/87d62074a4cb28b4ac0fd763e82d6371/elements - {"using":"xpath","value":"//div[contains(@data-kt ,\"splitAllocationObjectStatus\")]"}
RESULT: {"using":"xpath","value":"//div[contains(@data-kt ,\"splitAllocationObjectStatus\")]"}
COMMAND: POST /session/87d62074a4cb28b4ac0fd763e82d6371/execute/async - {"script":"<script> [1562 bytes]","args":[{"selector":{"controlType":"sap.ui.core.Icon","viewName":"etm.portal.ui.managerequests.view.NewRequest","properties":{"src":{"regex":{"source":"message\\-error"}}}},"wdio_ui5_key":"etmportal.ui.managerequests.view.NewRequestsap.ui.core.Icon{\"src\":{\"regex\":{\"source\":\"message\\\\-error\"}}}"}]}
RESULT: {"script":"<script> [1562 bytes]","args":[{"selector":{"controlType":"sap.ui.core.Icon","viewName":"etm.portal.ui.managerequests.view.NewRequest","properties":{"src":{"regex":{"source":"message\\-error"}}}},"wdio_ui5_key":"etmportal.ui.managerequests.view.NewRequestsap.ui.core.Icon{\"src\":{\"regex\":{\"source\":\"message\\\\-error\"}}}"}]}
RESULT: undefined
COMMAND: POST /session/87d62074a4cb28b4ac0fd763e82d6371/element - {"using":"xpath","value":"//*[@id=\"__status4-__xmlview60--requestItemsTable-0-icon\"]"}
RESULT: {"using":"xpath","value":"//*[@id=\"__status4-__xmlview60--requestItemsTable-0-icon\"]"}
COMMAND: POST /session/87d62074a4cb28b4ac0fd763e82d6371/element/f.62693C2623AD3835EDB30C63D0026C38.d.42D4198C4DA197ACA8AFBD88B11C239D.e.12500/click - {}
RESULT: {}
COMMAND: POST /session/87d62074a4cb28b4ac0fd763e82d6371/execute/async - {"script":"<script> [1562 bytes]","args":[{"selector":{"controlType":"sap.ui.core.Icon","viewName":"etm.portal.ui.managerequests.view.NewRequest","properties":{"src":{"regex":{"source":"slim\\-arrow\\-down"}}},"searchOpenDialogs":true,"ancestor":{"id":"costObjectAdminTypeComboBox","viewName":"etm.portal.ui.managerequests.view.NewRequest","searchOpenDialogs":true}},"wdio_ui5_key":"etmportal.ui.managerequests.view.NewRequestsap.ui.core.Icon{\"src\":{\"regex\":{\"source\":\"slim\\\\-arrow\\\\-down\"}}}{\"id\":\"costObjectAdminTypeComboBox\",\"viewName\":\"etm.portal.ui.managerequests.view.NewRequest\",\"searchOpenDialogs\":true}"}]}
COMMAND: GET /session/87d62074a4cb28b4ac0fd763e82d6371/screenshot - {}
RESULT: {"script":"<script> [1562 bytes]","args":[{"selector":{"controlType":"sap.ui.core.Icon","viewName":"etm.portal.ui.managerequests.view.NewRequest","properties":{"src":{"regex":{"source":"slim\\-arrow\\-down"}}},"searchOpenDialogs":true,"ancestor":{"id":"costObjectAdminTypeComboBox","viewName":"etm.portal.ui.managerequests.view.NewRequest","searchOpenDialogs":true}},"wdio_ui5_key":"etmportal.ui.managerequests.view.NewRequestsap.ui.core.Icon{\"src\":{\"regex\":{\"source\":\"slim\\\\-arrow\\\\-down\"}}}{\"id\":\"costObjectAdminTypeComboBox\",\"viewName\":\"etm.portal.ui.managerequests.view.NewRequest\",\"searchOpenDialogs\":true}"}]}
RESULT: undefined
COMMAND: POST /session/87d62074a4cb28b4ac0fd763e82d6371/element - {"using":"xpath","value":"//*[@id=\"__xmlview60--costObjectAdminTypeComboBox-arrow\"]"}
RESULT: {}
RESULT: {"using":"xpath","value":"//*[@id=\"__xmlview60--costObjectAdminTypeComboBox-arrow\"]"}
COMMAND: POST /session/87d62074a4cb28b4ac0fd763e82d6371/element/f.62693C2623AD3835EDB30C63D0026C38.d.42D4198C4DA197ACA8AFBD88B11C239D.e.12505/click - {}
RESULT: {}
COMMAND: POST /session/87d62074a4cb28b4ac0fd763e82d6371/execute/async - {"script":"<script> [1562 bytes]","args":[{"selector":{"controlType":"sap.m.StandardListItem","viewName":"etm.portal.ui.managerequests.view.NewRequest","properties":{"title":"Cost Center"},"searchOpenDialogs":true,"interaction":{"idSuffix":"titleText"}},"wdio_ui5_key":"etmportal.ui.managerequests.view.NewRequestsap.m.StandardListItem{\"title\":\"Cost Center\"}"}]}
COMMAND: GET /session/87d62074a4cb28b4ac0fd763e82d6371/screenshot - {}
RESULT: {"script":"<script> [1562 bytes]","args":[{"selector":{"controlType":"sap.m.StandardListItem","viewName":"etm.portal.ui.managerequests.view.NewRequest","properties":{"title":"Cost Center"},"searchOpenDialogs":true,"interaction":{"idSuffix":"titleText"}},"wdio_ui5_key":"etmportal.ui.managerequests.view.NewRequestsap.m.StandardListItem{\"title\":\"Cost Center\"}"}]}
RESULT: undefined
COMMAND: POST /session/87d62074a4cb28b4ac0fd763e82d6371/element - {"using":"xpath","value":"//*[@id=\"__item449\"]"}
RESULT: {}
RESULT: {"using":"xpath","value":"//*[@id=\"__item449\"]"}
COMMAND: POST /session/87d62074a4cb28b4ac0fd763e82d6371/element/f.62693C2623AD3835EDB30C63D0026C38.d.42D4198C4DA197ACA8AFBD88B11C239D.e.12507/click - {}
RESULT: {}
COMMAND: GET /session/87d62074a4cb28b4ac0fd763e82d6371/screenshot - {}
RESULT: {}
COMMAND: POST /session/87d62074a4cb28b4ac0fd763e82d6371/execute/async - {"script":"<script> [1562 bytes]","args":[{"selector":{"controlType":"sap.ui.core.Icon","viewName":"etm.portal.ui.managerequests.view.NewRequest","properties":{"src":{"regex":{"source":"value\\-help"}}},"searchOpenDialogs":true},"wdio_ui5_key":"etmportal.ui.managerequests.view.NewRequestsap.ui.core.Icon{\"src\":{\"regex\":{\"source\":\"value\\\\-help\"}}}"}]}
RESULT: {"script":"<script> [1562 bytes]","args":[{"selector":{"controlType":"sap.ui.core.Icon","viewName":"etm.portal.ui.managerequests.view.NewRequest","properties":{"src":{"regex":{"source":"value\\-help"}}},"searchOpenDialogs":true},"wdio_ui5_key":"etmportal.ui.managerequests.view.NewRequestsap.ui.core.Icon{\"src\":{\"regex\":{\"source\":\"value\\\\-help\"}}}"}]}
RESULT: undefined
COMMAND: POST /session/87d62074a4cb28b4ac0fd763e82d6371/element - {"using":"xpath","value":"//*[@id=\"__xmlview60--costObjectIdComboBox-vhi\"]"}
RESULT: {"using":"xpath","value":"//*[@id=\"__xmlview60--costObjectIdComboBox-vhi\"]"}
COMMAND: POST /session/87d62074a4cb28b4ac0fd763e82d6371/element/f.62693C2623AD3835EDB30C63D0026C38.d.42D4198C4DA197ACA8AFBD88B11C239D.e.12513/click - {}
RESULT: {}
COMMAND: POST /session/87d62074a4cb28b4ac0fd763e82d6371/execute/async - {"script":"<script> [1562 bytes]","args":[{"selector":{"controlType":"sap.m.SearchField","properties":{"placeholder":"Search"},"searchOpenDialogs":true,"interaction":{"idSuffix":"I"}},"wdio_ui5_key":"sapm.SearchField{\"placeholder\":\"Search\"}"}]}
COMMAND: GET /session/87d62074a4cb28b4ac0fd763e82d6371/screenshot - {}
RESULT: {"script":"<script> [1562 bytes]","args":[{"selector":{"controlType":"sap.m.SearchField","properties":{"placeholder":"Search"},"searchOpenDialogs":true,"interaction":{"idSuffix":"I"}},"wdio_ui5_key":"sapm.SearchField{\"placeholder\":\"Search\"}"}]}
RESULT: undefined
COMMAND: POST /session/87d62074a4cb28b4ac0fd763e82d6371/execute/async - {"script":"<script> [776 bytes]","args":[{"enterText":"10001010","selector":{"controlType":"sap.m.SearchField","properties":{"placeholder":"Search"},"searchOpenDialogs":true,"interaction":{"idSuffix":"I"}},"clearTextFirst":true,"interactionType":"ENTER_TEXT"}]}
RESULT: {}
RESULT: {"script":"<script> [776 bytes]","args":[{"enterText":"10001010","selector":{"controlType":"sap.m.SearchField","properties":{"placeholder":"Search"},"searchOpenDialogs":true,"interaction":{"idSuffix":"I"}},"clearTextFirst":true,"interactionType":"ENTER_TEXT"}]}
COMMAND: POST /session/87d62074a4cb28b4ac0fd763e82d6371/actions - {"actions":[{"id":"action104","type":"key","parameters":{},"actions":[{"type":"keyDown","value":""},{"type":"pause","duration":10},{"type":"keyUp","value":""}]}]}
RESULT: {"actions":[{"id":"action104","type":"key","parameters":{},"actions":[{"type":"keyDown","value":""},{"type":"pause","duration":10},{"type":"keyUp","value":""}]}]}
COMMAND: GET /session/87d62074a4cb28b4ac0fd763e82d6371/screenshot - {}
RESULT: {}
COMMAND: POST /session/87d62074a4cb28b4ac0fd763e82d6371/execute/async - {"script":"<script> [1562 bytes]","args":[{"selector":{"controlType":"sap.m.Text","bindingPath":{"path":"/C_CostCtrValueHelp(CostCenter='10001010',ControllingArea='Z001')","propertyPath":"CostCenterName","modelName":"CostCenterModel"},"searchOpenDialogs":true},"wdio_ui5_key":"sapm.Text{\"path\":\"/C_CostCtrValueHelp(CostCenter='10001010',ControllingArea='Z001')\",\"propertyPath\":\"CostCenterName\",\"modelName\":\"CostCenterModel\"}"}]}
RESULT: {"script":"<script> [1562 bytes]","args":[{"selector":{"controlType":"sap.m.Text","bindingPath":{"path":"/C_CostCtrValueHelp(CostCenter='10001010',ControllingArea='Z001')","propertyPath":"CostCenterName","modelName":"CostCenterModel"},"searchOpenDialogs":true},"wdio_ui5_key":"sapm.Text{\"path\":\"/C_CostCtrValueHelp(CostCenter='10001010',ControllingArea='Z001')\",\"propertyPath\":\"CostCenterName\",\"modelName\":\"CostCenterModel\"}"}]}
RESULT: undefined
COMMAND: POST /session/87d62074a4cb28b4ac0fd763e82d6371/element - {"using":"xpath","value":"//*[@id=\"__text289-__clone587\"]"}
RESULT: {"using":"xpath","value":"//*[@id=\"__text289-__clone587\"]"}
COMMAND: POST /session/87d62074a4cb28b4ac0fd763e82d6371/element/f.62693C2623AD3835EDB30C63D0026C38.d.42D4198C4DA197ACA8AFBD88B11C239D.e.12553/click - {}
RESULT: {}
COMMAND: POST /session/87d62074a4cb28b4ac0fd763e82d6371/execute/async - {"script":"<script> [1562 bytes]","args":[{"selector":{"controlType":"sap.m.Button","properties":{"text":"OK"},"searchOpenDialogs":true,"interaction":{"idSuffix":"BDI-content"}},"wdio_ui5_key":"sapm.Button{\"text\":\"OK\"}"}]}
COMMAND: GET /session/87d62074a4cb28b4ac0fd763e82d6371/screenshot - {}
RESULT: {"script":"<script> [1562 bytes]","args":[{"selector":{"controlType":"sap.m.Button","properties":{"text":"OK"},"searchOpenDialogs":true,"interaction":{"idSuffix":"BDI-content"}},"wdio_ui5_key":"sapm.Button{\"text\":\"OK\"}"}]}
RESULT: undefined
COMMAND: POST /session/87d62074a4cb28b4ac0fd763e82d6371/element - {"using":"xpath","value":"//*[@id=\"__dialog1-ok\"]"}
RESULT: {}
RESULT: {"using":"xpath","value":"//*[@id=\"__dialog1-ok\"]"}
COMMAND: POST /session/87d62074a4cb28b4ac0fd763e82d6371/element/f.62693C2623AD3835EDB30C63D0026C38.d.42D4198C4DA197ACA8AFBD88B11C239D.e.12555/click - {}
RESULT: {}
COMMAND: GET /session/87d62074a4cb28b4ac0fd763e82d6371/screenshot - {}
RESULT: {}
COMMAND: POST /session/87d62074a4cb28b4ac0fd763e82d6371/execute/async - {"script":"<script> [1562 bytes]","args":[{"selector":{"controlType":"sap.m.Button","viewName":"etm.portal.ui.managerequests.view.NewRequest","i18NText":{"propertyName":"text","key":"save"},"searchOpenDialogs":true,"interaction":{"idSuffix":"BDI-content"}},"wdio_ui5_key":"etmportal.ui.managerequests.view.NewRequestsap.m.Button{\"propertyName\":\"text\",\"key\":\"save\"}"}]}
RESULT: {"script":"<script> [1562 bytes]","args":[{"selector":{"controlType":"sap.m.Button","viewName":"etm.portal.ui.managerequests.view.NewRequest","i18NText":{"propertyName":"text","key":"save"},"searchOpenDialogs":true,"interaction":{"idSuffix":"BDI-content"}},"wdio_ui5_key":"etmportal.ui.managerequests.view.NewRequestsap.m.Button{\"propertyName\":\"text\",\"key\":\"save\"}"}]}
RESULT: undefined
COMMAND: POST /session/87d62074a4cb28b4ac0fd763e82d6371/element - {"using":"xpath","value":"//*[@id=\"__button23\"]"}
RESULT: {"using":"xpath","value":"//*[@id=\"__button23\"]"}
COMMAND: POST /session/87d62074a4cb28b4ac0fd763e82d6371/element/f.62693C2623AD3835EDB30C63D0026C38.d.42D4198C4DA197ACA8AFBD88B11C239D.e.12559/click - {}
RESULT: {}
COMMAND: GET /session/87d62074a4cb28b4ac0fd763e82d6371/screenshot - {}
RESULT: {}
COMMAND: POST /session/87d62074a4cb28b4ac0fd763e82d6371/element - {"using":"xpath","value":"(//bdi[contains(text() ,\"Save\")])[1]"}
RESULT: {"using":"xpath","value":"(//bdi[contains(text() ,\"Save\")])[1]"}
COMMAND: POST /session/87d62074a4cb28b4ac0fd763e82d6371/element/f.62693C2623AD3835EDB30C63D0026C38.d.42D4198C4DA197ACA8AFBD88B11C239D.e.12561/click - {}
RESULT: {}
COMMAND: GET /session/87d62074a4cb28b4ac0fd763e82d6371/screenshot - {}
RESULT: {}
COMMAND: POST /session/87d62074a4cb28b4ac0fd763e82d6371/execute/async - {"script":"<script> [1562 bytes]","args":[{"selector":{"controlType":"sap.m.Title","properties":{"text":"Success"},"searchOpenDialogs":true},"wdio_ui5_key":"sapm.Title{\"text\":\"Success\"}"}]}
RESULT: {"script":"<script> [1562 bytes]","args":[{"selector":{"controlType":"sap.m.Title","properties":{"text":"Success"},"searchOpenDialogs":true},"wdio_ui5_key":"sapm.Title{\"text\":\"Success\"}"}]}
RESULT: undefined
COMMAND: POST /session/87d62074a4cb28b4ac0fd763e82d6371/execute/async - {"script":"<script> [6424 bytes]","args":[{"element-6066-11e4-a52e-4f735466cecf":"f.62693C2623AD3835EDB30C63D0026C38.d.42D4198C4DA197ACA8AFBD88B11C239D.e.12565"},"getText",[]]}
RESULT: {"script":"<script> [6424 bytes]","args":[{"element-6066-11e4-a52e-4f735466cecf":"f.62693C2623AD3835EDB30C63D0026C38.d.42D4198C4DA197ACA8AFBD88B11C239D.e.12565"},"getText",[]]}
COMMAND: POST /session/87d62074a4cb28b4ac0fd763e82d6371/execute/async - {"script":"<script> [1562 bytes]","args":[{"selector":{"controlType":"sap.m.Button","properties":{"text":"Close"},"searchOpenDialogs":true,"interaction":{"idSuffix":"BDI-content"}},"wdio_ui5_key":"sapm.Button{\"text\":\"Close\"}"}]}
RESULT: {"script":"<script> [1562 bytes]","args":[{"selector":{"controlType":"sap.m.Button","properties":{"text":"Close"},"searchOpenDialogs":true,"interaction":{"idSuffix":"BDI-content"}},"wdio_ui5_key":"sapm.Button{\"text\":\"Close\"}"}]}
RESULT: undefined
COMMAND: POST /session/87d62074a4cb28b4ac0fd763e82d6371/element - {"using":"xpath","value":"//*[@id=\"__mbox-btn-0\"]"}
RESULT: {"using":"xpath","value":"//*[@id=\"__mbox-btn-0\"]"}
COMMAND: POST /session/87d62074a4cb28b4ac0fd763e82d6371/element/f.62693C2623AD3835EDB30C63D0026C38.d.42D4198C4DA197ACA8AFBD88B11C239D.e.12564/click - {}
RESULT: {}
COMMAND: GET /session/87d62074a4cb28b4ac0fd763e82d6371/screenshot - {}
RESULT: {}
COMMAND: POST /session/87d62074a4cb28b4ac0fd763e82d6371/execute/async - {"script":"<script> [1562 bytes]","args":[{"selector":{"controlType":"sap.m.Text","viewName":"etm.portal.ui.managerequests.view.Detail","bindingPath":{"propertyPath":"NO","modelName":"catalogModel"}},"wdio_ui5_key":"etmportal.ui.managerequests.view.Detailsap.m.Text{\"propertyPath\":\"NO\",\"modelName\":\"catalogModel\"}"}]}
RESULT: {"script":"<script> [1562 bytes]","args":[{"selector":{"controlType":"sap.m.Text","viewName":"etm.portal.ui.managerequests.view.Detail","bindingPath":{"propertyPath":"NO","modelName":"catalogModel"}},"wdio_ui5_key":"etmportal.ui.managerequests.view.Detailsap.m.Text{\"propertyPath\":\"NO\",\"modelName\":\"catalogModel\"}"}]}
RESULT: undefined
COMMAND: POST /session/87d62074a4cb28b4ac0fd763e82d6371/execute/async - {"script":"<script> [6424 bytes]","args":[{"element-6066-11e4-a52e-4f735466cecf":"f.62693C2623AD3835EDB30C63D0026C38.d.42D4198C4DA197ACA8AFBD88B11C239D.e.12689"},"getText",[]]}
RESULT: {"script":"<script> [6424 bytes]","args":[{"element-6066-11e4-a52e-4f735466cecf":"f.62693C2623AD3835EDB30C63D0026C38.d.42D4198C4DA197ACA8AFBD88B11C239D.e.12689"},"getText",[]]}
COMMAND: POST /session/87d62074a4cb28b4ac0fd763e82d6371/execute/async - {"script":"<script> [1562 bytes]","args":[{"selector":{"controlType":"sap.ui.core.Icon","viewName":"etm.portal.ui.managerequests.view.Detail","properties":{"src":{"regex":{"source":"date\\-time"}}},"ancestor":{"controlType":"sap.m.ColumnListItem","viewName":"etm.portal.ui.managerequests.view.Detail","bindingPath":{"path":"/SmartRequestItemsPlanningBoard(ITEM=10m,REQUEST='20092')"},"ancestor":{"id":"requestItemsTable","viewName":"etm.portal.ui.managerequests.view.Detail"}}},"wdio_ui5_key":"etmportal.ui.managerequests.view.Detailsap.ui.core.Icon{\"src\":{\"regex\":{\"source\":\"date\\\\-time\"}}}{\"controlType\":\"sap.m.ColumnListItem\",\"viewName\":\"etm.portal.ui.managerequests.view.Detail\",\"bindingPath\":{\"path\":\"/SmartRequestItemsPlanningBoard(ITEM=10m,REQUEST='20092')\"},\"ancestor\":{\"id\":\"requestItemsTable\",\"viewName\":\"etm.portal.ui.managerequests.view.Detail\"}}"}]}
RESULT: {"script":"<script> [1562 bytes]","args":[{"selector":{"controlType":"sap.ui.core.Icon","viewName":"etm.portal.ui.managerequests.view.Detail","properties":{"src":{"regex":{"source":"date\\-time"}}},"ancestor":{"controlType":"sap.m.ColumnListItem","viewName":"etm.portal.ui.managerequests.view.Detail","bindingPath":{"path":"/SmartRequestItemsPlanningBoard(ITEM=10m,REQUEST='20092')"},"ancestor":{"id":"requestItemsTable","viewName":"etm.portal.ui.managerequests.view.Detail"}}},"wdio_ui5_key":"etmportal.ui.managerequests.view.Detailsap.ui.core.Icon{\"src\":{\"regex\":{\"source\":\"date\\\\-time\"}}}{\"controlType\":\"sap.m.ColumnListItem\",\"viewName\":\"etm.portal.ui.managerequests.view.Detail\",\"bindingPath\":{\"path\":\"/SmartRequestItemsPlanningBoard(ITEM=10m,REQUEST='20092')\"},\"ancestor\":{\"id\":\"requestItemsTable\",\"viewName\":\"etm.portal.ui.managerequests.view.Detail\"}}"}]}
RESULT: undefined
COMMAND: POST /session/87d62074a4cb28b4ac0fd763e82d6371/element - {"using":"xpath","value":"//*[@id=\"__button38-__clone626-img\"]"}
RESULT: {"using":"xpath","value":"//*[@id=\"__button38-__clone626-img\"]"}
COMMAND: POST /session/87d62074a4cb28b4ac0fd763e82d6371/element/f.62693C2623AD3835EDB30C63D0026C38.d.42D4198C4DA197ACA8AFBD88B11C239D.e.12690/click - {}
RESULT: {}
COMMAND: POST /session/87d62074a4cb28b4ac0fd763e82d6371/execute/async - {"script":"<script> [1562 bytes]","args":[{"selector":{"controlType":"sap.m.Button","viewName":"etm.portal.ui.managerequests.view.Detail","properties":{"text":"Close"},"searchOpenDialogs":true,"interaction":{"idSuffix":"BDI-content"}},"wdio_ui5_key":"etmportal.ui.managerequests.view.Detailsap.m.Button{\"text\":\"Close\"}"}]}
COMMAND: GET /session/87d62074a4cb28b4ac0fd763e82d6371/screenshot - {}
RESULT: {"script":"<script> [1562 bytes]","args":[{"selector":{"controlType":"sap.m.Button","viewName":"etm.portal.ui.managerequests.view.Detail","properties":{"text":"Close"},"searchOpenDialogs":true,"interaction":{"idSuffix":"BDI-content"}},"wdio_ui5_key":"etmportal.ui.managerequests.view.Detailsap.m.Button{\"text\":\"Close\"}"}]}
RESULT: undefined
COMMAND: POST /session/87d62074a4cb28b4ac0fd763e82d6371/element - {"using":"xpath","value":"//*[@id=\"__button48\"]"}
RESULT: {}
RESULT: {"using":"xpath","value":"//*[@id=\"__button48\"]"}
COMMAND: POST /session/87d62074a4cb28b4ac0fd763e82d6371/element/f.62693C2623AD3835EDB30C63D0026C38.d.42D4198C4DA197ACA8AFBD88B11C239D.e.12693/click - {}
RESULT: {}
COMMAND: POST /session/87d62074a4cb28b4ac0fd763e82d6371/refresh - {}
COMMAND: GET /session/87d62074a4cb28b4ac0fd763e82d6371/screenshot - {}
RESULT: {}
COMMAND: GET /session/87d62074a4cb28b4ac0fd763e82d6371/screenshot - {}
RESULT: {}
RESULT: {}
COMMAND: POST /session/87d62074a4cb28b4ac0fd763e82d6371/execute/async - {"script":"<script> [189 bytes]","args":[]}
RESULT: {"script":"<script> [189 bytes]","args":[]}
COMMAND: POST /session/87d62074a4cb28b4ac0fd763e82d6371/execute/async - {"script":"<script> [123 bytes]","args":[]}
RESULT: {"script":"<script> [123 bytes]","args":[]}
COMMAND: POST /session/87d62074a4cb28b4ac0fd763e82d6371/timeouts - {"script":"<number>"}
RESULT: {"script":"<number>"}
COMMAND: GET /session/87d62074a4cb28b4ac0fd763e82d6371/timeouts - {}
RESULT: {}
RESULT: undefined
COMMAND: POST /session/87d62074a4cb28b4ac0fd763e82d6371/execute/async - {"script":"<script> [2676 bytes]","args":[]}
RESULT: {"script":"<script> [2676 bytes]","args":[]}
COMMAND: POST /session/87d62074a4cb28b4ac0fd763e82d6371/execute/async - {"script":"<script> [2342 bytes]","args":[{"protocol":"http","hostname":"0.0.0.0","path":"/","capabilities":{"browserName":"chrome","goog:chromeOptions":{"binary":"C:\\Program Files\\Google\\Chrome\\Application\\chrome.exe","args":["--start-maximized"]}},"logLevel":"warn","connectionRetryTimeout":120000,"connectionRetryCount":3,"logLevels":{},"enableDirectConnect":true,"strictSSL":true,"_":"65 more keys: [\"cacheDir\",\"port\",\"requestedCapabilities\",\"automationProtocol\",\"baseUrl\",\"waitforInterval\",\"waitforTimeout\",\"onReload\",\"beforeCommand\",\"afterCommand\",\"rootDir\",\"specs\",\"suites\",\"exclude\",\"groupLogsByTestSpec\",\"excludeDriverLogs\",\"bail\",\"framework\",\"reporters\",\"services\",\"maxInstances\",\"maxInstancesPerCapability\",\"injectGlobals\",\"filesToWatch\",\"execArgv\",\"runnerEnv\",\"runner\",\"shard\",\"specFileRetries\",\"specFileRetriesDelay\",\"specFileRetriesDeferred\",\"reporterSyncInterval\",\"reporterSyncTimeout\",\"cucumberFeaturesWithLineNumbers\",\"autoCompileOpts\",\"mochaOpts\",\"jasmineOpts\",\"cucumberOpts\",\"onPrepare\",\"onWorkerStart\",\"onWorkerEnd\",\"before\",\"beforeSession\",\"beforeSuite\",\"beforeHook\",\"beforeTest\",\"afterTest\",\"afterHook\",\"afterSuite\",\"afterSession\",\"after\",\"onComplete\",\"beforeAssertion\",\"afterAssertion\",\"beforeFeature\",\"beforeScenario\",\"beforeStep\",\"afterStep\",\"afterScenario\",\"afterFeature\",\"_\",\"suite\",\"$0\",\"ignoredWorkerServices\",\"wdi5\"]"}]}
RESULT: {"script":"<script> [2342 bytes]","args":[{"protocol":"http","hostname":"0.0.0.0","path":"/","capabilities":{"browserName":"chrome","goog:chromeOptions":{"binary":"C:\\Program Files\\Google\\Chrome\\Application\\chrome.exe","args":["--start-maximized"]}},"logLevel":"warn","connectionRetryTimeout":120000,"connectionRetryCount":3,"logLevels":{},"enableDirectConnect":true,"strictSSL":true,"_":"65 more keys: [\"cacheDir\",\"port\",\"requestedCapabilities\",\"automationProtocol\",\"baseUrl\",\"waitforInterval\",\"waitforTimeout\",\"onReload\",\"beforeCommand\",\"afterCommand\",\"rootDir\",\"specs\",\"suites\",\"exclude\",\"groupLogsByTestSpec\",\"excludeDriverLogs\",\"bail\",\"framework\",\"reporters\",\"services\",\"maxInstances\",\"maxInstancesPerCapability\",\"injectGlobals\",\"filesToWatch\",\"execArgv\",\"runnerEnv\",\"runner\",\"shard\",\"specFileRetries\",\"specFileRetriesDelay\",\"specFileRetriesDeferred\",\"reporterSyncInterval\",\"reporterSyncTimeout\",\"cucumberFeaturesWithLineNumbers\",\"autoCompileOpts\",\"mochaOpts\",\"jasmineOpts\",\"cucumberOpts\",\"onPrepare\",\"onWorkerStart\",\"onWorkerEnd\",\"before\",\"beforeSession\",\"beforeSuite\",\"beforeHook\",\"beforeTest\",\"afterTest\",\"afterHook\",\"afterSuite\",\"afterSession\",\"after\",\"onComplete\",\"beforeAssertion\",\"afterAssertion\",\"beforeFeature\",\"beforeScenario\",\"beforeStep\",\"afterStep\",\"afterScenario\",\"afterFeature\",\"_\",\"suite\",\"$0\",\"ignoredWorkerServices\",\"wdi5\"]"}]}
COMMAND: POST /session/87d62074a4cb28b4ac0fd763e82d6371/execute/async - {"script":"<script> [21126 bytes]","args":[35000]}
RESULT: {"script":"<script> [21126 bytes]","args":[35000]}
]]></system-out>
    </testcase>
    <testcase classname="chrome.137_0_7151_69.windows.Process_request_items_into_new_quotation_US120163" name="Should process the request into a new quotation" time="51.844">
      <system-out><![CDATA[
COMMAND: GET /session/87d62074a4cb28b4ac0fd763e82d6371/window - {}
RESULT: {}
COMMAND: POST /session/87d62074a4cb28b4ac0fd763e82d6371/element - {"using":"xpath","value":"//span[contains(@id ,\"detailHeaderTitle-_actionsToolbar-overflowButton-img\")]"}
RESULT: {"using":"xpath","value":"//span[contains(@id ,\"detailHeaderTitle-_actionsToolbar-overflowButton-img\")]"}
COMMAND: POST /session/87d62074a4cb28b4ac0fd763e82d6371/element/f.62693C2623AD3835EDB30C63D0026C38.d.E4AF23938A0FA2AD5747030DFA0BA915.e.12917/click - {}
RESULT: {}
COMMAND: GET /session/87d62074a4cb28b4ac0fd763e82d6371/screenshot - {}
RESULT: {}
COMMAND: POST /session/87d62074a4cb28b4ac0fd763e82d6371/element - {"using":"xpath","value":"//span[contains(@id ,\"actionsMenuButton-internalSplitBtn-arrowButton-img\")]"}
RESULT: {"using":"xpath","value":"//span[contains(@id ,\"actionsMenuButton-internalSplitBtn-arrowButton-img\")]"}
COMMAND: POST /session/87d62074a4cb28b4ac0fd763e82d6371/element/f.62693C2623AD3835EDB30C63D0026C38.d.E4AF23938A0FA2AD5747030DFA0BA915.e.12920/click - {}
RESULT: {}
COMMAND: GET /session/87d62074a4cb28b4ac0fd763e82d6371/screenshot - {}
RESULT: {}
COMMAND: POST /session/87d62074a4cb28b4ac0fd763e82d6371/actions - {"actions":[{"id":"action105","type":"key","parameters":{},"actions":[{"type":"keyDown","value":""},{"type":"pause","duration":10},{"type":"keyUp","value":""}]}]}
RESULT: {"actions":[{"id":"action105","type":"key","parameters":{},"actions":[{"type":"keyDown","value":""},{"type":"pause","duration":10},{"type":"keyUp","value":""}]}]}
COMMAND: GET /session/87d62074a4cb28b4ac0fd763e82d6371/screenshot - {}
RESULT: {}
COMMAND: POST /session/87d62074a4cb28b4ac0fd763e82d6371/actions - {"actions":[{"id":"action106","type":"key","parameters":{},"actions":[{"type":"keyDown","value":""},{"type":"pause","duration":10},{"type":"keyUp","value":""}]}]}
RESULT: {"actions":[{"id":"action106","type":"key","parameters":{},"actions":[{"type":"keyDown","value":""},{"type":"pause","duration":10},{"type":"keyUp","value":""}]}]}
COMMAND: GET /session/87d62074a4cb28b4ac0fd763e82d6371/screenshot - {}
RESULT: {}
COMMAND: POST /session/87d62074a4cb28b4ac0fd763e82d6371/actions - {"actions":[{"id":"action107","type":"key","parameters":{},"actions":[{"type":"keyDown","value":""},{"type":"pause","duration":10},{"type":"keyUp","value":""}]}]}
RESULT: {"actions":[{"id":"action107","type":"key","parameters":{},"actions":[{"type":"keyDown","value":""},{"type":"pause","duration":10},{"type":"keyUp","value":""}]}]}
COMMAND: GET /session/87d62074a4cb28b4ac0fd763e82d6371/screenshot - {}
RESULT: {}
COMMAND: POST /session/87d62074a4cb28b4ac0fd763e82d6371/actions - {"actions":[{"id":"action108","type":"key","parameters":{},"actions":[{"type":"keyDown","value":""},{"type":"pause","duration":10},{"type":"keyUp","value":""}]}]}
RESULT: {"actions":[{"id":"action108","type":"key","parameters":{},"actions":[{"type":"keyDown","value":""},{"type":"pause","duration":10},{"type":"keyUp","value":""}]}]}
COMMAND: GET /session/87d62074a4cb28b4ac0fd763e82d6371/screenshot - {}
RESULT: {}
COMMAND: POST /session/87d62074a4cb28b4ac0fd763e82d6371/actions - {"actions":[{"id":"action109","type":"key","parameters":{},"actions":[{"type":"keyDown","value":""},{"type":"pause","duration":10},{"type":"keyUp","value":""}]}]}
RESULT: {"actions":[{"id":"action109","type":"key","parameters":{},"actions":[{"type":"keyDown","value":""},{"type":"pause","duration":10},{"type":"keyUp","value":""}]}]}
COMMAND: GET /session/87d62074a4cb28b4ac0fd763e82d6371/screenshot - {}
RESULT: {}
COMMAND: GET /session/87d62074a4cb28b4ac0fd763e82d6371/window/handles - {}
RESULT: {}
COMMAND: GET /session/87d62074a4cb28b4ac0fd763e82d6371/window/handles - {}
RESULT: {}
COMMAND: POST /session/87d62074a4cb28b4ac0fd763e82d6371/window - {"handle":"082406D2823DA7FB0C579EEA00F82C5F"}
RESULT: {"handle":"082406D2823DA7FB0C579EEA00F82C5F"}
COMMAND: GET /session/87d62074a4cb28b4ac0fd763e82d6371/url - {}
RESULT: {}
COMMAND: GET /session/87d62074a4cb28b4ac0fd763e82d6371/screenshot - {}
RESULT: {}
COMMAND: POST /session/87d62074a4cb28b4ac0fd763e82d6371/element - {"using":"xpath","value":"//span[contains(text(), \"Header Billing Items\")]"}
RESULT: {"using":"xpath","value":"//span[contains(text(), \"Header Billing Items\")]"}
COMMAND: POST /session/87d62074a4cb28b4ac0fd763e82d6371/element/f.082406D2823DA7FB0C579EEA00F82C5F.d.7E52E111E0C382BA3FC78CE27D1CB7EE.e.13069/click - {}
RESULT: {}
COMMAND: GET /session/87d62074a4cb28b4ac0fd763e82d6371/screenshot - {}
RESULT: {}
COMMAND: POST /session/87d62074a4cb28b4ac0fd763e82d6371/element - {"using":"xpath","value":"//span[contains(@id ,\"contractItemsSmartTable-header-inner\")]"}
RESULT: {"using":"xpath","value":"//span[contains(@id ,\"contractItemsSmartTable-header-inner\")]"}
COMMAND: GET /session/87d62074a4cb28b4ac0fd763e82d6371/element/f.082406D2823DA7FB0C579EEA00F82C5F.d.7E52E111E0C382BA3FC78CE27D1CB7EE.e.13071/text - {}
RESULT: {}
COMMAND: POST /session/87d62074a4cb28b4ac0fd763e82d6371/element - {"using":"xpath","value":"//span[@class=\"sapMObjStatusText\"][contains(text(), \"proposed\")]"}
RESULT: {"using":"xpath","value":"//span[@class=\"sapMObjStatusText\"][contains(text(), \"proposed\")]"}
COMMAND: GET /session/87d62074a4cb28b4ac0fd763e82d6371/element/f.082406D2823DA7FB0C579EEA00F82C5F.d.7E52E111E0C382BA3FC78CE27D1CB7EE.e.13072/text - {}
RESULT: {}
COMMAND: DELETE /session/87d62074a4cb28b4ac0fd763e82d6371/window - {}
RESULT: {}
COMMAND: POST /session/87d62074a4cb28b4ac0fd763e82d6371/window - {"handle":"62693C2623AD3835EDB30C63D0026C38"}
RESULT: {"handle":"62693C2623AD3835EDB30C63D0026C38"}
COMMAND: GET /session/87d62074a4cb28b4ac0fd763e82d6371/url - {}
RESULT: {}
COMMAND: GET /session/87d62074a4cb28b4ac0fd763e82d6371/screenshot - {}
RESULT: {}
]]></system-out>
    </testcase>
    <testcase classname="chrome.137_0_7151_69.windows.Process_request_items_into_new_quotation_US120163" name="Should navigate back to the request and check the request and item statuses" time="38.42">
      <system-out><![CDATA[
COMMAND: POST /session/87d62074a4cb28b4ac0fd763e82d6371/refresh - {}
RESULT: {}
COMMAND: GET /session/87d62074a4cb28b4ac0fd763e82d6371/screenshot - {}
RESULT: {}
COMMAND: POST /session/87d62074a4cb28b4ac0fd763e82d6371/execute/async - {"script":"<script> [189 bytes]","args":[]}
RESULT: {"script":"<script> [189 bytes]","args":[]}
COMMAND: POST /session/87d62074a4cb28b4ac0fd763e82d6371/execute/async - {"script":"<script> [123 bytes]","args":[]}
RESULT: {"script":"<script> [123 bytes]","args":[]}
COMMAND: POST /session/87d62074a4cb28b4ac0fd763e82d6371/timeouts - {"script":"<number>"}
RESULT: {"script":"<number>"}
COMMAND: GET /session/87d62074a4cb28b4ac0fd763e82d6371/timeouts - {}
RESULT: {}
RESULT: undefined
COMMAND: POST /session/87d62074a4cb28b4ac0fd763e82d6371/execute/async - {"script":"<script> [2676 bytes]","args":[]}
RESULT: {"script":"<script> [2676 bytes]","args":[]}
COMMAND: POST /session/87d62074a4cb28b4ac0fd763e82d6371/execute/async - {"script":"<script> [2342 bytes]","args":[{"protocol":"http","hostname":"0.0.0.0","path":"/","capabilities":{"browserName":"chrome","goog:chromeOptions":{"binary":"C:\\Program Files\\Google\\Chrome\\Application\\chrome.exe","args":["--start-maximized"]}},"logLevel":"warn","connectionRetryTimeout":120000,"connectionRetryCount":3,"logLevels":{},"enableDirectConnect":true,"strictSSL":true,"_":"65 more keys: [\"cacheDir\",\"port\",\"requestedCapabilities\",\"automationProtocol\",\"baseUrl\",\"waitforInterval\",\"waitforTimeout\",\"onReload\",\"beforeCommand\",\"afterCommand\",\"rootDir\",\"specs\",\"suites\",\"exclude\",\"groupLogsByTestSpec\",\"excludeDriverLogs\",\"bail\",\"framework\",\"reporters\",\"services\",\"maxInstances\",\"maxInstancesPerCapability\",\"injectGlobals\",\"filesToWatch\",\"execArgv\",\"runnerEnv\",\"runner\",\"shard\",\"specFileRetries\",\"specFileRetriesDelay\",\"specFileRetriesDeferred\",\"reporterSyncInterval\",\"reporterSyncTimeout\",\"cucumberFeaturesWithLineNumbers\",\"autoCompileOpts\",\"mochaOpts\",\"jasmineOpts\",\"cucumberOpts\",\"onPrepare\",\"onWorkerStart\",\"onWorkerEnd\",\"before\",\"beforeSession\",\"beforeSuite\",\"beforeHook\",\"beforeTest\",\"afterTest\",\"afterHook\",\"afterSuite\",\"afterSession\",\"after\",\"onComplete\",\"beforeAssertion\",\"afterAssertion\",\"beforeFeature\",\"beforeScenario\",\"beforeStep\",\"afterStep\",\"afterScenario\",\"afterFeature\",\"_\",\"suite\",\"$0\",\"ignoredWorkerServices\",\"wdi5\"]"}]}
RESULT: {"script":"<script> [2342 bytes]","args":[{"protocol":"http","hostname":"0.0.0.0","path":"/","capabilities":{"browserName":"chrome","goog:chromeOptions":{"binary":"C:\\Program Files\\Google\\Chrome\\Application\\chrome.exe","args":["--start-maximized"]}},"logLevel":"warn","connectionRetryTimeout":120000,"connectionRetryCount":3,"logLevels":{},"enableDirectConnect":true,"strictSSL":true,"_":"65 more keys: [\"cacheDir\",\"port\",\"requestedCapabilities\",\"automationProtocol\",\"baseUrl\",\"waitforInterval\",\"waitforTimeout\",\"onReload\",\"beforeCommand\",\"afterCommand\",\"rootDir\",\"specs\",\"suites\",\"exclude\",\"groupLogsByTestSpec\",\"excludeDriverLogs\",\"bail\",\"framework\",\"reporters\",\"services\",\"maxInstances\",\"maxInstancesPerCapability\",\"injectGlobals\",\"filesToWatch\",\"execArgv\",\"runnerEnv\",\"runner\",\"shard\",\"specFileRetries\",\"specFileRetriesDelay\",\"specFileRetriesDeferred\",\"reporterSyncInterval\",\"reporterSyncTimeout\",\"cucumberFeaturesWithLineNumbers\",\"autoCompileOpts\",\"mochaOpts\",\"jasmineOpts\",\"cucumberOpts\",\"onPrepare\",\"onWorkerStart\",\"onWorkerEnd\",\"before\",\"beforeSession\",\"beforeSuite\",\"beforeHook\",\"beforeTest\",\"afterTest\",\"afterHook\",\"afterSuite\",\"afterSession\",\"after\",\"onComplete\",\"beforeAssertion\",\"afterAssertion\",\"beforeFeature\",\"beforeScenario\",\"beforeStep\",\"afterStep\",\"afterScenario\",\"afterFeature\",\"_\",\"suite\",\"$0\",\"ignoredWorkerServices\",\"wdi5\"]"}]}
COMMAND: POST /session/87d62074a4cb28b4ac0fd763e82d6371/execute/async - {"script":"<script> [21126 bytes]","args":[35000]}
RESULT: {"script":"<script> [21126 bytes]","args":[35000]}
COMMAND: POST /session/87d62074a4cb28b4ac0fd763e82d6371/execute/async - {"script":"<script> [1562 bytes]","args":[{"selector":{"controlType":"sap.m.Text","viewName":"etm.portal.ui.managerequests.view.Detail","bindingPath":{"path":"/SmartRequestItemsPlanningBoard(ITEM=10m,REQUEST='20092')","propertyPath":"STATUS_DESC"}},"wdio_ui5_key":"etmportal.ui.managerequests.view.Detailsap.m.Text{\"path\":\"/SmartRequestItemsPlanningBoard(ITEM=10m,REQUEST='20092')\",\"propertyPath\":\"STATUS_DESC\"}"}]}
RESULT: {"script":"<script> [1562 bytes]","args":[{"selector":{"controlType":"sap.m.Text","viewName":"etm.portal.ui.managerequests.view.Detail","bindingPath":{"path":"/SmartRequestItemsPlanningBoard(ITEM=10m,REQUEST='20092')","propertyPath":"STATUS_DESC"}},"wdio_ui5_key":"etmportal.ui.managerequests.view.Detailsap.m.Text{\"path\":\"/SmartRequestItemsPlanningBoard(ITEM=10m,REQUEST='20092')\",\"propertyPath\":\"STATUS_DESC\"}"}]}
RESULT: undefined
COMMAND: POST /session/87d62074a4cb28b4ac0fd763e82d6371/execute/async - {"script":"<script> [6424 bytes]","args":[{"element-6066-11e4-a52e-4f735466cecf":"f.62693C2623AD3835EDB30C63D0026C38.d.2063BC9F26A1ED7DBA31FADB999CB3E2.e.13288"},"getText",[]]}
RESULT: {"script":"<script> [6424 bytes]","args":[{"element-6066-11e4-a52e-4f735466cecf":"f.62693C2623AD3835EDB30C63D0026C38.d.2063BC9F26A1ED7DBA31FADB999CB3E2.e.13288"},"getText",[]]}
COMMAND: POST /session/87d62074a4cb28b4ac0fd763e82d6371/execute/async - {"script":"<script> [1562 bytes]","args":[{"selector":{"controlType":"sap.m.ObjectStatus","viewName":"etm.portal.ui.managerequests.view.Detail","bindingPath":{"path":"/RequestHeaders('20092')","propertyPath":"LINK_TO_STATUS/DESCRIPTION","modelName":"catalogModel"}},"wdio_ui5_key":"etmportal.ui.managerequests.view.Detailsap.m.ObjectStatus{\"path\":\"/RequestHeaders('20092')\",\"propertyPath\":\"LINK_TO_STATUS/DESCRIPTION\",\"modelName\":\"catalogModel\"}"}]}
RESULT: {"script":"<script> [1562 bytes]","args":[{"selector":{"controlType":"sap.m.ObjectStatus","viewName":"etm.portal.ui.managerequests.view.Detail","bindingPath":{"path":"/RequestHeaders('20092')","propertyPath":"LINK_TO_STATUS/DESCRIPTION","modelName":"catalogModel"}},"wdio_ui5_key":"etmportal.ui.managerequests.view.Detailsap.m.ObjectStatus{\"path\":\"/RequestHeaders('20092')\",\"propertyPath\":\"LINK_TO_STATUS/DESCRIPTION\",\"modelName\":\"catalogModel\"}"}]}
RESULT: undefined
COMMAND: POST /session/87d62074a4cb28b4ac0fd763e82d6371/execute/async - {"script":"<script> [6424 bytes]","args":[{"element-6066-11e4-a52e-4f735466cecf":"f.62693C2623AD3835EDB30C63D0026C38.d.2063BC9F26A1ED7DBA31FADB999CB3E2.e.13290"},"getText",[]]}
RESULT: {"script":"<script> [6424 bytes]","args":[{"element-6066-11e4-a52e-4f735466cecf":"f.62693C2623AD3835EDB30C63D0026C38.d.2063BC9F26A1ED7DBA31FADB999CB3E2.e.13290"},"getText",[]]}
COMMAND: DELETE /session/87d62074a4cb28b4ac0fd763e82d6371 - {}
RESULT: {}
]]></system-out>
    </testcase>
  </testsuite>
</testsuites>