<?xml version="1.0" encoding="UTF-8"?>
<testsuites tests="58" failures="8" errors="8" skipped="0">
  <testsuite timestamp="2025-05-17T17:08:53" time="1009.514" tests="11" failures="8" errors="8" skipped="0">
    <properties>
      <property name="specId" value="0" />
      <property name="suiteName" value="Billing confirm US117289" />
      <property name="capabilities" value="chrome.136_0_7103_93.windows" />
      <property name="file" value="file:///D:/a/1/s/test/specs/BTS/billing-confirm.spec.js" />
    </properties>
    <testcase classname="chrome.136_0_7103_93.windows.Billing_confirm_US117289" name="Should create a new yard" time="142.963">
      <system-out><![CDATA[
COMMAND: POST /session/b9718e1e48867b0fba4e39bd9ed4a756/window/fullscreen - {}
RESULT: {}
COMMAND: POST /session/b9718e1e48867b0fba4e39bd9ed4a756/execute/async - {"script":"<script> [1562 bytes]","args":[{"selector":{"controlType":"sap.m.GenericTile","properties":{"header":"Manage Yards"}},"wdio_ui5_key":"sapm.GenericTile{\"header\":\"Manage Yards\"}"}]}
RESULT: {"script":"<script> [1562 bytes]","args":[{"selector":{"controlType":"sap.m.GenericTile","properties":{"header":"Manage Yards"}},"wdio_ui5_key":"sapm.GenericTile{\"header\":\"Manage Yards\"}"}]}
RESULT: undefined
COMMAND: POST /session/b9718e1e48867b0fba4e39bd9ed4a756/element - {"using":"xpath","value":"//*[@id=\"__tile41\"]"}
RESULT: {"using":"xpath","value":"//*[@id=\"__tile41\"]"}
COMMAND: POST /session/b9718e1e48867b0fba4e39bd9ed4a756/element/f.FE1DA32CFDBC8F8C890368A9A93AADEA.d.50101436A4609C39F87DF5FC1380CE2F.e.163/click - {}
RESULT: {}
COMMAND: GET /session/b9718e1e48867b0fba4e39bd9ed4a756/screenshot - {}
RESULT: {}
COMMAND: POST /session/b9718e1e48867b0fba4e39bd9ed4a756/elements - {"using":"xpath","value":"//span[text()='Error']"}
RESULT: {"using":"xpath","value":"//span[text()='Error']"}
COMMAND: POST /session/b9718e1e48867b0fba4e39bd9ed4a756/element - {"using":"xpath","value":"//button[@data-kt=\"addNewYardOverflowToolbarButton\"]"}
RESULT: {"using":"xpath","value":"//button[@data-kt=\"addNewYardOverflowToolbarButton\"]"}
COMMAND: POST /session/b9718e1e48867b0fba4e39bd9ed4a756/elements - {"using":"xpath","value":"//button[@data-kt=\"addNewYardOverflowToolbarButton\"]"}
RESULT: {"using":"xpath","value":"//button[@data-kt=\"addNewYardOverflowToolbarButton\"]"}
COMMAND: POST /session/b9718e1e48867b0fba4e39bd9ed4a756/elements - {"using":"xpath","value":"//button[@data-kt=\"addNewYardOverflowToolbarButton\"]"}
RESULT: {"using":"xpath","value":"//button[@data-kt=\"addNewYardOverflowToolbarButton\"]"}
COMMAND: POST /session/b9718e1e48867b0fba4e39bd9ed4a756/elements - {"using":"xpath","value":"//button[@data-kt=\"addNewYardOverflowToolbarButton\"]"}
RESULT: {"using":"xpath","value":"//button[@data-kt=\"addNewYardOverflowToolbarButton\"]"}
COMMAND: POST /session/b9718e1e48867b0fba4e39bd9ed4a756/elements - {"using":"xpath","value":"//button[@data-kt=\"addNewYardOverflowToolbarButton\"]"}
RESULT: {"using":"xpath","value":"//button[@data-kt=\"addNewYardOverflowToolbarButton\"]"}
COMMAND: POST /session/b9718e1e48867b0fba4e39bd9ed4a756/elements - {"using":"xpath","value":"//button[@data-kt=\"addNewYardOverflowToolbarButton\"]"}
RESULT: {"using":"xpath","value":"//button[@data-kt=\"addNewYardOverflowToolbarButton\"]"}
COMMAND: POST /session/b9718e1e48867b0fba4e39bd9ed4a756/elements - {"using":"xpath","value":"//button[@data-kt=\"addNewYardOverflowToolbarButton\"]"}
RESULT: {"using":"xpath","value":"//button[@data-kt=\"addNewYardOverflowToolbarButton\"]"}
COMMAND: POST /session/b9718e1e48867b0fba4e39bd9ed4a756/elements - {"using":"xpath","value":"//button[@data-kt=\"addNewYardOverflowToolbarButton\"]"}
RESULT: {"using":"xpath","value":"//button[@data-kt=\"addNewYardOverflowToolbarButton\"]"}
COMMAND: POST /session/b9718e1e48867b0fba4e39bd9ed4a756/elements - {"using":"xpath","value":"//button[@data-kt=\"addNewYardOverflowToolbarButton\"]"}
RESULT: {"using":"xpath","value":"//button[@data-kt=\"addNewYardOverflowToolbarButton\"]"}
COMMAND: POST /session/b9718e1e48867b0fba4e39bd9ed4a756/elements - {"using":"xpath","value":"//button[@data-kt=\"addNewYardOverflowToolbarButton\"]"}
RESULT: {"using":"xpath","value":"//button[@data-kt=\"addNewYardOverflowToolbarButton\"]"}
COMMAND: POST /session/b9718e1e48867b0fba4e39bd9ed4a756/elements - {"using":"xpath","value":"//button[@data-kt=\"addNewYardOverflowToolbarButton\"]"}
RESULT: {"using":"xpath","value":"//button[@data-kt=\"addNewYardOverflowToolbarButton\"]"}
COMMAND: POST /session/b9718e1e48867b0fba4e39bd9ed4a756/elements - {"using":"xpath","value":"//button[@data-kt=\"addNewYardOverflowToolbarButton\"]"}
RESULT: {"using":"xpath","value":"//button[@data-kt=\"addNewYardOverflowToolbarButton\"]"}
COMMAND: POST /session/b9718e1e48867b0fba4e39bd9ed4a756/elements - {"using":"xpath","value":"//button[@data-kt=\"addNewYardOverflowToolbarButton\"]"}
RESULT: {"using":"xpath","value":"//button[@data-kt=\"addNewYardOverflowToolbarButton\"]"}
COMMAND: POST /session/b9718e1e48867b0fba4e39bd9ed4a756/elements - {"using":"xpath","value":"//button[@data-kt=\"addNewYardOverflowToolbarButton\"]"}
RESULT: {"using":"xpath","value":"//button[@data-kt=\"addNewYardOverflowToolbarButton\"]"}
COMMAND: POST /session/b9718e1e48867b0fba4e39bd9ed4a756/elements - {"using":"xpath","value":"//button[@data-kt=\"addNewYardOverflowToolbarButton\"]"}
RESULT: {"using":"xpath","value":"//button[@data-kt=\"addNewYardOverflowToolbarButton\"]"}
COMMAND: POST /session/b9718e1e48867b0fba4e39bd9ed4a756/elements - {"using":"xpath","value":"//button[@data-kt=\"addNewYardOverflowToolbarButton\"]"}
RESULT: {"using":"xpath","value":"//button[@data-kt=\"addNewYardOverflowToolbarButton\"]"}
COMMAND: POST /session/b9718e1e48867b0fba4e39bd9ed4a756/elements - {"using":"xpath","value":"//button[@data-kt=\"addNewYardOverflowToolbarButton\"]"}
RESULT: {"using":"xpath","value":"//button[@data-kt=\"addNewYardOverflowToolbarButton\"]"}
COMMAND: POST /session/b9718e1e48867b0fba4e39bd9ed4a756/elements - {"using":"xpath","value":"//button[@data-kt=\"addNewYardOverflowToolbarButton\"]"}
RESULT: {"using":"xpath","value":"//button[@data-kt=\"addNewYardOverflowToolbarButton\"]"}
COMMAND: POST /session/b9718e1e48867b0fba4e39bd9ed4a756/elements - {"using":"xpath","value":"//button[@data-kt=\"addNewYardOverflowToolbarButton\"]"}
RESULT: {"using":"xpath","value":"//button[@data-kt=\"addNewYardOverflowToolbarButton\"]"}
COMMAND: POST /session/b9718e1e48867b0fba4e39bd9ed4a756/elements - {"using":"xpath","value":"//button[@data-kt=\"addNewYardOverflowToolbarButton\"]"}
RESULT: {"using":"xpath","value":"//button[@data-kt=\"addNewYardOverflowToolbarButton\"]"}
COMMAND: POST /session/b9718e1e48867b0fba4e39bd9ed4a756/elements - {"using":"xpath","value":"//button[@data-kt=\"addNewYardOverflowToolbarButton\"]"}
RESULT: {"using":"xpath","value":"//button[@data-kt=\"addNewYardOverflowToolbarButton\"]"}
COMMAND: POST /session/b9718e1e48867b0fba4e39bd9ed4a756/elements - {"using":"xpath","value":"//button[@data-kt=\"addNewYardOverflowToolbarButton\"]"}
RESULT: {"using":"xpath","value":"//button[@data-kt=\"addNewYardOverflowToolbarButton\"]"}
COMMAND: POST /session/b9718e1e48867b0fba4e39bd9ed4a756/elements - {"using":"xpath","value":"//button[@data-kt=\"addNewYardOverflowToolbarButton\"]"}
RESULT: {"using":"xpath","value":"//button[@data-kt=\"addNewYardOverflowToolbarButton\"]"}
COMMAND: POST /session/b9718e1e48867b0fba4e39bd9ed4a756/elements - {"using":"xpath","value":"//button[@data-kt=\"addNewYardOverflowToolbarButton\"]"}
RESULT: {"using":"xpath","value":"//button[@data-kt=\"addNewYardOverflowToolbarButton\"]"}
COMMAND: POST /session/b9718e1e48867b0fba4e39bd9ed4a756/elements - {"using":"xpath","value":"//button[@data-kt=\"addNewYardOverflowToolbarButton\"]"}
RESULT: {"using":"xpath","value":"//button[@data-kt=\"addNewYardOverflowToolbarButton\"]"}
COMMAND: POST /session/b9718e1e48867b0fba4e39bd9ed4a756/element - {"using":"xpath","value":"//button[@data-kt=\"addNewYardOverflowToolbarButton\"]"}
RESULT: {"using":"xpath","value":"//button[@data-kt=\"addNewYardOverflowToolbarButton\"]"}
COMMAND: POST /session/b9718e1e48867b0fba4e39bd9ed4a756/execute/sync - {"script":"<script> [8489 bytes]","args":[{"element-6066-11e4-a52e-4f735466cecf":"f.FE1DA32CFDBC8F8C890368A9A93AADEA.d.50101436A4609C39F87DF5FC1380CE2F.e.295","ELEMENT":"f.FE1DA32CFDBC8F8C890368A9A93AADEA.d.50101436A4609C39F87DF5FC1380CE2F.e.295"}]}
RESULT: {"script":"<script> [8489 bytes]","args":[{"element-6066-11e4-a52e-4f735466cecf":"f.FE1DA32CFDBC8F8C890368A9A93AADEA.d.50101436A4609C39F87DF5FC1380CE2F.e.295","ELEMENT":"f.FE1DA32CFDBC8F8C890368A9A93AADEA.d.50101436A4609C39F87DF5FC1380CE2F.e.295"}]}
COMMAND: GET /session/b9718e1e48867b0fba4e39bd9ed4a756/element/f.FE1DA32CFDBC8F8C890368A9A93AADEA.d.50101436A4609C39F87DF5FC1380CE2F.e.295/enabled - {}
COMMAND: GET /session/b9718e1e48867b0fba4e39bd9ed4a756/screenshot - {}
RESULT: {}
COMMAND: POST /session/b9718e1e48867b0fba4e39bd9ed4a756/execute/sync - {"script":"<script> [8489 bytes]","args":[{"element-6066-11e4-a52e-4f735466cecf":"f.FE1DA32CFDBC8F8C890368A9A93AADEA.d.50101436A4609C39F87DF5FC1380CE2F.e.295","ELEMENT":"f.FE1DA32CFDBC8F8C890368A9A93AADEA.d.50101436A4609C39F87DF5FC1380CE2F.e.295"}]}
COMMAND: GET /session/b9718e1e48867b0fba4e39bd9ed4a756/screenshot - {}
RESULT: {}
RESULT: {"script":"<script> [8489 bytes]","args":[{"element-6066-11e4-a52e-4f735466cecf":"f.FE1DA32CFDBC8F8C890368A9A93AADEA.d.50101436A4609C39F87DF5FC1380CE2F.e.295","ELEMENT":"f.FE1DA32CFDBC8F8C890368A9A93AADEA.d.50101436A4609C39F87DF5FC1380CE2F.e.295"}]}
COMMAND: POST /session/b9718e1e48867b0fba4e39bd9ed4a756/execute/sync - {"script":"<script> [5351 bytes]","args":[{"element-6066-11e4-a52e-4f735466cecf":"f.FE1DA32CFDBC8F8C890368A9A93AADEA.d.50101436A4609C39F87DF5FC1380CE2F.e.295","ELEMENT":"f.FE1DA32CFDBC8F8C890368A9A93AADEA.d.50101436A4609C39F87DF5FC1380CE2F.e.295"}]}
COMMAND: GET /session/b9718e1e48867b0fba4e39bd9ed4a756/screenshot - {}
RESULT: {}
RESULT: {"script":"<script> [5351 bytes]","args":[{"element-6066-11e4-a52e-4f735466cecf":"f.FE1DA32CFDBC8F8C890368A9A93AADEA.d.50101436A4609C39F87DF5FC1380CE2F.e.295","ELEMENT":"f.FE1DA32CFDBC8F8C890368A9A93AADEA.d.50101436A4609C39F87DF5FC1380CE2F.e.295"}]}
COMMAND: POST /session/b9718e1e48867b0fba4e39bd9ed4a756/element/f.FE1DA32CFDBC8F8C890368A9A93AADEA.d.50101436A4609C39F87DF5FC1380CE2F.e.295/click - {}
COMMAND: GET /session/b9718e1e48867b0fba4e39bd9ed4a756/screenshot - {}
RESULT: {}
RESULT: {}
COMMAND: GET /session/b9718e1e48867b0fba4e39bd9ed4a756/screenshot - {}
RESULT: {}
COMMAND: POST /session/b9718e1e48867b0fba4e39bd9ed4a756/element - {"using":"xpath","value":"//input[@id=\"application-manageyards-display-component---NewYard--yardId-inner\"]"}
RESULT: {}
RESULT: {"using":"xpath","value":"//input[@id=\"application-manageyards-display-component---NewYard--yardId-inner\"]"}
COMMAND: POST /session/b9718e1e48867b0fba4e39bd9ed4a756/element - {"using":"xpath","value":"//input[@id=\"application-manageyards-display-component---NewYard--yardId-inner\"]"}
RESULT: {"using":"xpath","value":"//input[@id=\"application-manageyards-display-component---NewYard--yardId-inner\"]"}
COMMAND: POST /session/b9718e1e48867b0fba4e39bd9ed4a756/execute/async - {"script":"<script> [1562 bytes]","args":[{"selector":{"id":"application-manageyards-display-component---NewYard--addressDetailDetailsName1","interaction":{"idSuffix":"inner"}},"wdio_ui5_key":"applicationmanageyards-display-component---NewYard--addressDetailDetailsName1"}]}
RESULT: {"script":"<script> [1562 bytes]","args":[{"selector":{"id":"application-manageyards-display-component---NewYard--addressDetailDetailsName1","interaction":{"idSuffix":"inner"}},"wdio_ui5_key":"applicationmanageyards-display-component---NewYard--addressDetailDetailsName1"}]}
RESULT: undefined
COMMAND: POST /session/b9718e1e48867b0fba4e39bd9ed4a756/execute/async - {"script":"<script> [776 bytes]","args":[{"enterText":"Intracompany Yard wdIO","selector":{"id":"application-manageyards-display-component---NewYard--addressDetailDetailsName1","interaction":{"idSuffix":"inner"}},"clearTextFirst":true,"interactionType":"ENTER_TEXT"}]}
RESULT: {"script":"<script> [776 bytes]","args":[{"enterText":"Intracompany Yard wdIO","selector":{"id":"application-manageyards-display-component---NewYard--addressDetailDetailsName1","interaction":{"idSuffix":"inner"}},"clearTextFirst":true,"interactionType":"ENTER_TEXT"}]}
COMMAND: POST /session/b9718e1e48867b0fba4e39bd9ed4a756/execute/async - {"script":"<script> [1562 bytes]","args":[{"selector":{"id":"application-manageyards-display-component---NewYard--addressDetailDetailsLanguage-arrow"},"wdio_ui5_key":"applicationmanageyards-display-component---NewYard--addressDetailDetailsLanguage-arrow"}]}
RESULT: {"script":"<script> [1562 bytes]","args":[{"selector":{"id":"application-manageyards-display-component---NewYard--addressDetailDetailsLanguage-arrow"},"wdio_ui5_key":"applicationmanageyards-display-component---NewYard--addressDetailDetailsLanguage-arrow"}]}
RESULT: undefined
COMMAND: POST /session/b9718e1e48867b0fba4e39bd9ed4a756/element - {"using":"xpath","value":"//*[@id=\"application-manageyards-display-component---NewYard--addressDetailDetailsLanguage-arrow\"]"}
RESULT: {"using":"xpath","value":"//*[@id=\"application-manageyards-display-component---NewYard--addressDetailDetailsLanguage-arrow\"]"}
COMMAND: POST /session/b9718e1e48867b0fba4e39bd9ed4a756/element/f.FE1DA32CFDBC8F8C890368A9A93AADEA.d.50101436A4609C39F87DF5FC1380CE2F.e.739/click - {}
RESULT: {}
COMMAND: POST /session/b9718e1e48867b0fba4e39bd9ed4a756/element - {"using":"xpath","value":"//span[contains(text(), \"English\")]"}
COMMAND: GET /session/b9718e1e48867b0fba4e39bd9ed4a756/screenshot - {}
RESULT: {"using":"xpath","value":"//span[contains(text(), \"English\")]"}
COMMAND: POST /session/b9718e1e48867b0fba4e39bd9ed4a756/element/f.FE1DA32CFDBC8F8C890368A9A93AADEA.d.50101436A4609C39F87DF5FC1380CE2F.e.740/click - {}
RESULT: {}
RESULT: {}
COMMAND: POST /session/b9718e1e48867b0fba4e39bd9ed4a756/execute/async - {"script":"<script> [1562 bytes]","args":[{"selector":{"id":"application-manageyards-display-component---NewYard--addressDetailDetailsCity1","interaction":{"idSuffix":"inner"}},"wdio_ui5_key":"applicationmanageyards-display-component---NewYard--addressDetailDetailsCity1"}]}
COMMAND: GET /session/b9718e1e48867b0fba4e39bd9ed4a756/screenshot - {}
RESULT: {"script":"<script> [1562 bytes]","args":[{"selector":{"id":"application-manageyards-display-component---NewYard--addressDetailDetailsCity1","interaction":{"idSuffix":"inner"}},"wdio_ui5_key":"applicationmanageyards-display-component---NewYard--addressDetailDetailsCity1"}]}
RESULT: undefined
COMMAND: POST /session/b9718e1e48867b0fba4e39bd9ed4a756/execute/async - {"script":"<script> [776 bytes]","args":[{"enterText":"Rosario","selector":{"id":"application-manageyards-display-component---NewYard--addressDetailDetailsCity1","interaction":{"idSuffix":"inner"}},"clearTextFirst":true,"interactionType":"ENTER_TEXT"}]}
RESULT: {}
RESULT: {"script":"<script> [776 bytes]","args":[{"enterText":"Rosario","selector":{"id":"application-manageyards-display-component---NewYard--addressDetailDetailsCity1","interaction":{"idSuffix":"inner"}},"clearTextFirst":true,"interactionType":"ENTER_TEXT"}]}
COMMAND: POST /session/b9718e1e48867b0fba4e39bd9ed4a756/execute/async - {"script":"<script> [1562 bytes]","args":[{"selector":{"id":"application-manageyards-display-component---NewYard--addressDetailDetailsCountry-arrow"},"wdio_ui5_key":"applicationmanageyards-display-component---NewYard--addressDetailDetailsCountry-arrow"}]}
RESULT: {"script":"<script> [1562 bytes]","args":[{"selector":{"id":"application-manageyards-display-component---NewYard--addressDetailDetailsCountry-arrow"},"wdio_ui5_key":"applicationmanageyards-display-component---NewYard--addressDetailDetailsCountry-arrow"}]}
RESULT: undefined
COMMAND: POST /session/b9718e1e48867b0fba4e39bd9ed4a756/element - {"using":"xpath","value":"//*[@id=\"application-manageyards-display-component---NewYard--addressDetailDetailsCountry-arrow\"]"}
RESULT: {"using":"xpath","value":"//*[@id=\"application-manageyards-display-component---NewYard--addressDetailDetailsCountry-arrow\"]"}
COMMAND: POST /session/b9718e1e48867b0fba4e39bd9ed4a756/element/f.FE1DA32CFDBC8F8C890368A9A93AADEA.d.50101436A4609C39F87DF5FC1380CE2F.e.742/click - {}
RESULT: {}
COMMAND: POST /session/b9718e1e48867b0fba4e39bd9ed4a756/element - {"using":"xpath","value":"//span[contains(text(), \"Argentina\")]"}
COMMAND: GET /session/b9718e1e48867b0fba4e39bd9ed4a756/screenshot - {}
RESULT: {"using":"xpath","value":"//span[contains(text(), \"Argentina\")]"}
COMMAND: POST /session/b9718e1e48867b0fba4e39bd9ed4a756/element/f.FE1DA32CFDBC8F8C890368A9A93AADEA.d.50101436A4609C39F87DF5FC1380CE2F.e.743/click - {}
RESULT: {}
RESULT: {}
COMMAND: POST /session/b9718e1e48867b0fba4e39bd9ed4a756/execute/async - {"script":"<script> [1562 bytes]","args":[{"selector":{"id":"application-manageyards-display-component---NewYard--addressEditDetailsCostObjectCstType-arrow"},"wdio_ui5_key":"applicationmanageyards-display-component---NewYard--addressEditDetailsCostObjectCstType-arrow"}]}
COMMAND: GET /session/b9718e1e48867b0fba4e39bd9ed4a756/screenshot - {}
RESULT: {"script":"<script> [1562 bytes]","args":[{"selector":{"id":"application-manageyards-display-component---NewYard--addressEditDetailsCostObjectCstType-arrow"},"wdio_ui5_key":"applicationmanageyards-display-component---NewYard--addressEditDetailsCostObjectCstType-arrow"}]}
RESULT: undefined
COMMAND: POST /session/b9718e1e48867b0fba4e39bd9ed4a756/element - {"using":"xpath","value":"//*[@id=\"application-manageyards-display-component---NewYard--addressEditDetailsCostObjectCstType-arrow\"]"}
RESULT: {}
RESULT: {"using":"xpath","value":"//*[@id=\"application-manageyards-display-component---NewYard--addressEditDetailsCostObjectCstType-arrow\"]"}
COMMAND: POST /session/b9718e1e48867b0fba4e39bd9ed4a756/element/f.FE1DA32CFDBC8F8C890368A9A93AADEA.d.50101436A4609C39F87DF5FC1380CE2F.e.745/click - {}
RESULT: {}
COMMAND: POST /session/b9718e1e48867b0fba4e39bd9ed4a756/element - {"using":"xpath","value":"//span[contains(text(), \"Cost Center\")]"}
COMMAND: GET /session/b9718e1e48867b0fba4e39bd9ed4a756/screenshot - {}
RESULT: {"using":"xpath","value":"//span[contains(text(), \"Cost Center\")]"}
COMMAND: POST /session/b9718e1e48867b0fba4e39bd9ed4a756/element/f.FE1DA32CFDBC8F8C890368A9A93AADEA.d.50101436A4609C39F87DF5FC1380CE2F.e.746/click - {}
RESULT: {}
RESULT: {}
COMMAND: GET /session/b9718e1e48867b0fba4e39bd9ed4a756/screenshot - {}
RESULT: {}
COMMAND: POST /session/b9718e1e48867b0fba4e39bd9ed4a756/element - {"using":"xpath","value":"//span[@id=\"application-manageyards-display-component---NewYard--addressNewCostObjectCstID-vhi\"]"}
RESULT: {"using":"xpath","value":"//span[@id=\"application-manageyards-display-component---NewYard--addressNewCostObjectCstID-vhi\"]"}
COMMAND: POST /session/b9718e1e48867b0fba4e39bd9ed4a756/execute/sync - {"script":"<script> [8489 bytes]","args":[{"element-6066-11e4-a52e-4f735466cecf":"f.FE1DA32CFDBC8F8C890368A9A93AADEA.d.50101436A4609C39F87DF5FC1380CE2F.e.750","ELEMENT":"f.FE1DA32CFDBC8F8C890368A9A93AADEA.d.50101436A4609C39F87DF5FC1380CE2F.e.750"}]}
RESULT: {"script":"<script> [8489 bytes]","args":[{"element-6066-11e4-a52e-4f735466cecf":"f.FE1DA32CFDBC8F8C890368A9A93AADEA.d.50101436A4609C39F87DF5FC1380CE2F.e.750","ELEMENT":"f.FE1DA32CFDBC8F8C890368A9A93AADEA.d.50101436A4609C39F87DF5FC1380CE2F.e.750"}]}
COMMAND: POST /session/b9718e1e48867b0fba4e39bd9ed4a756/execute/async - {"script":"<script> [1562 bytes]","args":[{"selector":{"id":"application-manageyards-display-component---NewYard--addressNewCostObjectCstID-vhi"},"wdio_ui5_key":"applicationmanageyards-display-component---NewYard--addressNewCostObjectCstID-vhi"}]}
COMMAND: GET /session/b9718e1e48867b0fba4e39bd9ed4a756/screenshot - {}
RESULT: {"script":"<script> [1562 bytes]","args":[{"selector":{"id":"application-manageyards-display-component---NewYard--addressNewCostObjectCstID-vhi"},"wdio_ui5_key":"applicationmanageyards-display-component---NewYard--addressNewCostObjectCstID-vhi"}]}
RESULT: undefined
COMMAND: POST /session/b9718e1e48867b0fba4e39bd9ed4a756/element - {"using":"xpath","value":"//*[@id=\"application-manageyards-display-component---NewYard--addressNewCostObjectCstID-vhi\"]"}
RESULT: {}
RESULT: {"using":"xpath","value":"//*[@id=\"application-manageyards-display-component---NewYard--addressNewCostObjectCstID-vhi\"]"}
COMMAND: POST /session/b9718e1e48867b0fba4e39bd9ed4a756/element/f.FE1DA32CFDBC8F8C890368A9A93AADEA.d.50101436A4609C39F87DF5FC1380CE2F.e.750/click - {}
RESULT: {}
COMMAND: GET /session/b9718e1e48867b0fba4e39bd9ed4a756/screenshot - {}
RESULT: {}
COMMAND: POST /session/b9718e1e48867b0fba4e39bd9ed4a756/execute/async - {"script":"<script> [1562 bytes]","args":[{"selector":{"controlType":"sap.m.SearchField","properties":{"placeholder":"Search"},"searchOpenDialogs":true,"interaction":{"idSuffix":"I"}},"wdio_ui5_key":"sapm.SearchField{\"placeholder\":\"Search\"}"}]}
RESULT: {"script":"<script> [1562 bytes]","args":[{"selector":{"controlType":"sap.m.SearchField","properties":{"placeholder":"Search"},"searchOpenDialogs":true,"interaction":{"idSuffix":"I"}},"wdio_ui5_key":"sapm.SearchField{\"placeholder\":\"Search\"}"}]}
RESULT: undefined
COMMAND: POST /session/b9718e1e48867b0fba4e39bd9ed4a756/execute/async - {"script":"<script> [776 bytes]","args":[{"enterText":"bauh_b","selector":{"controlType":"sap.m.SearchField","properties":{"placeholder":"Search"},"searchOpenDialogs":true,"interaction":{"idSuffix":"I"}},"clearTextFirst":true,"interactionType":"ENTER_TEXT"}]}
RESULT: {"script":"<script> [776 bytes]","args":[{"enterText":"bauh_b","selector":{"controlType":"sap.m.SearchField","properties":{"placeholder":"Search"},"searchOpenDialogs":true,"interaction":{"idSuffix":"I"}},"clearTextFirst":true,"interactionType":"ENTER_TEXT"}]}
COMMAND: POST /session/b9718e1e48867b0fba4e39bd9ed4a756/actions - {"actions":[{"id":"action1","type":"key","parameters":{},"actions":[{"type":"keyDown","value":"î€‡"},{"type":"pause","duration":10},{"type":"keyUp","value":"î€‡"}]}]}
RESULT: {"actions":[{"id":"action1","type":"key","parameters":{},"actions":[{"type":"keyDown","value":"î€‡"},{"type":"pause","duration":10},{"type":"keyUp","value":"î€‡"}]}]}
COMMAND: GET /session/b9718e1e48867b0fba4e39bd9ed4a756/screenshot - {}
RESULT: {}
COMMAND: POST /session/b9718e1e48867b0fba4e39bd9ed4a756/element - {"using":"xpath","value":"//span[contains(text(), \"Demo Yard\")]"}
RESULT: {"using":"xpath","value":"//span[contains(text(), \"Demo Yard\")]"}
COMMAND: POST /session/b9718e1e48867b0fba4e39bd9ed4a756/element/f.FE1DA32CFDBC8F8C890368A9A93AADEA.d.50101436A4609C39F87DF5FC1380CE2F.e.791/click - {}
RESULT: {}
COMMAND: GET /session/b9718e1e48867b0fba4e39bd9ed4a756/screenshot - {}
RESULT: {}
COMMAND: POST /session/b9718e1e48867b0fba4e39bd9ed4a756/element - {"using":"xpath","value":"//bdi[contains(text(), \"OK\")]"}
RESULT: {"using":"xpath","value":"//bdi[contains(text(), \"OK\")]"}
COMMAND: POST /session/b9718e1e48867b0fba4e39bd9ed4a756/element/f.FE1DA32CFDBC8F8C890368A9A93AADEA.d.50101436A4609C39F87DF5FC1380CE2F.e.792/click - {}
RESULT: {}
COMMAND: GET /session/b9718e1e48867b0fba4e39bd9ed4a756/screenshot - {}
RESULT: {}
COMMAND: POST /session/b9718e1e48867b0fba4e39bd9ed4a756/execute/async - {"script":"<script> [1562 bytes]","args":[{"selector":{"id":"application-manageyards-display-component---NewYard--addressEditDetailsCurrency-arrow"},"wdio_ui5_key":"applicationmanageyards-display-component---NewYard--addressEditDetailsCurrency-arrow"}]}
RESULT: {"script":"<script> [1562 bytes]","args":[{"selector":{"id":"application-manageyards-display-component---NewYard--addressEditDetailsCurrency-arrow"},"wdio_ui5_key":"applicationmanageyards-display-component---NewYard--addressEditDetailsCurrency-arrow"}]}
RESULT: undefined
COMMAND: POST /session/b9718e1e48867b0fba4e39bd9ed4a756/element - {"using":"xpath","value":"//*[@id=\"application-manageyards-display-component---NewYard--addressEditDetailsCurrency-arrow\"]"}
RESULT: {"using":"xpath","value":"//*[@id=\"application-manageyards-display-component---NewYard--addressEditDetailsCurrency-arrow\"]"}
COMMAND: POST /session/b9718e1e48867b0fba4e39bd9ed4a756/element/f.FE1DA32CFDBC8F8C890368A9A93AADEA.d.50101436A4609C39F87DF5FC1380CE2F.e.795/click - {}
RESULT: {}
COMMAND: POST /session/b9718e1e48867b0fba4e39bd9ed4a756/element - {"using":"xpath","value":"//span[contains(text(), \"Euro\")]"}
COMMAND: GET /session/b9718e1e48867b0fba4e39bd9ed4a756/screenshot - {}
RESULT: {"using":"xpath","value":"//span[contains(text(), \"Euro\")]"}
COMMAND: POST /session/b9718e1e48867b0fba4e39bd9ed4a756/element/f.FE1DA32CFDBC8F8C890368A9A93AADEA.d.50101436A4609C39F87DF5FC1380CE2F.e.796/click - {}
RESULT: {}
RESULT: {}
COMMAND: POST /session/b9718e1e48867b0fba4e39bd9ed4a756/execute/async - {"script":"<script> [1562 bytes]","args":[{"selector":{"controlType":"sap.m.Input","viewName":"etm.portal.ui.manageyards.view.New","viewId":"application-manageyards-display-component---NewYard","bindingPath":{"path":"","propertyPath":"/CONTROLLING_AREA","modelName":"NewYardModel"},"interaction":{"idSuffix":"inner"}},"wdio_ui5_key":"etmportal.ui.manageyards.view.Newsap.m.Input{\"path\":\"\",\"propertyPath\":\"/CONTROLLING_AREA\",\"modelName\":\"NewYardModel\"}"}]}
COMMAND: GET /session/b9718e1e48867b0fba4e39bd9ed4a756/screenshot - {}
RESULT: {"script":"<script> [1562 bytes]","args":[{"selector":{"controlType":"sap.m.Input","viewName":"etm.portal.ui.manageyards.view.New","viewId":"application-manageyards-display-component---NewYard","bindingPath":{"path":"","propertyPath":"/CONTROLLING_AREA","modelName":"NewYardModel"},"interaction":{"idSuffix":"inner"}},"wdio_ui5_key":"etmportal.ui.manageyards.view.Newsap.m.Input{\"path\":\"\",\"propertyPath\":\"/CONTROLLING_AREA\",\"modelName\":\"NewYardModel\"}"}]}
RESULT: undefined
COMMAND: POST /session/b9718e1e48867b0fba4e39bd9ed4a756/execute/async - {"script":"<script> [776 bytes]","args":[{"enterText":"Z001","selector":{"controlType":"sap.m.Input","viewName":"etm.portal.ui.manageyards.view.New","viewId":"application-manageyards-display-component---NewYard","bindingPath":{"path":"","propertyPath":"/CONTROLLING_AREA","modelName":"NewYardModel"},"interaction":{"idSuffix":"inner"}},"clearTextFirst":true,"interactionType":"ENTER_TEXT"}]}
RESULT: {}
RESULT: {"script":"<script> [776 bytes]","args":[{"enterText":"Z001","selector":{"controlType":"sap.m.Input","viewName":"etm.portal.ui.manageyards.view.New","viewId":"application-manageyards-display-component---NewYard","bindingPath":{"path":"","propertyPath":"/CONTROLLING_AREA","modelName":"NewYardModel"},"interaction":{"idSuffix":"inner"}},"clearTextFirst":true,"interactionType":"ENTER_TEXT"}]}
COMMAND: POST /session/b9718e1e48867b0fba4e39bd9ed4a756/execute/async - {"script":"<script> [1562 bytes]","args":[{"selector":{"id":"application-manageyards-display-component---NewYard--companyCodeComboBox","interaction":{"idSuffix":"inner"}},"wdio_ui5_key":"applicationmanageyards-display-component---NewYard--companyCodeComboBox"}]}
RESULT: {"script":"<script> [1562 bytes]","args":[{"selector":{"id":"application-manageyards-display-component---NewYard--companyCodeComboBox","interaction":{"idSuffix":"inner"}},"wdio_ui5_key":"applicationmanageyards-display-component---NewYard--companyCodeComboBox"}]}
RESULT: undefined
COMMAND: POST /session/b9718e1e48867b0fba4e39bd9ed4a756/execute/async - {"script":"<script> [776 bytes]","args":[{"enterText":"1000","selector":{"id":"application-manageyards-display-component---NewYard--companyCodeComboBox","interaction":{"idSuffix":"inner"}},"clearTextFirst":true,"interactionType":"ENTER_TEXT"}]}
RESULT: {"script":"<script> [776 bytes]","args":[{"enterText":"1000","selector":{"id":"application-manageyards-display-component---NewYard--companyCodeComboBox","interaction":{"idSuffix":"inner"}},"clearTextFirst":true,"interactionType":"ENTER_TEXT"}]}
COMMAND: POST /session/b9718e1e48867b0fba4e39bd9ed4a756/execute/async - {"script":"<script> [1562 bytes]","args":[{"selector":{"controlType":"sap.m.Input","viewName":"etm.portal.ui.manageyards.view.New","viewId":"application-manageyards-display-component---NewYard","bindingPath":{"path":"","propertyPath":"/PLANT","modelName":"NewYardModel"},"interaction":{"idSuffix":"inner"}},"wdio_ui5_key":"etmportal.ui.manageyards.view.Newsap.m.Input{\"path\":\"\",\"propertyPath\":\"/PLANT\",\"modelName\":\"NewYardModel\"}"}]}
RESULT: {"script":"<script> [1562 bytes]","args":[{"selector":{"controlType":"sap.m.Input","viewName":"etm.portal.ui.manageyards.view.New","viewId":"application-manageyards-display-component---NewYard","bindingPath":{"path":"","propertyPath":"/PLANT","modelName":"NewYardModel"},"interaction":{"idSuffix":"inner"}},"wdio_ui5_key":"etmportal.ui.manageyards.view.Newsap.m.Input{\"path\":\"\",\"propertyPath\":\"/PLANT\",\"modelName\":\"NewYardModel\"}"}]}
RESULT: undefined
COMMAND: POST /session/b9718e1e48867b0fba4e39bd9ed4a756/execute/async - {"script":"<script> [776 bytes]","args":[{"enterText":"1001","selector":{"controlType":"sap.m.Input","viewName":"etm.portal.ui.manageyards.view.New","viewId":"application-manageyards-display-component---NewYard","bindingPath":{"path":"","propertyPath":"/PLANT","modelName":"NewYardModel"},"interaction":{"idSuffix":"inner"}},"clearTextFirst":true,"interactionType":"ENTER_TEXT"}]}
RESULT: {"script":"<script> [776 bytes]","args":[{"enterText":"1001","selector":{"controlType":"sap.m.Input","viewName":"etm.portal.ui.manageyards.view.New","viewId":"application-manageyards-display-component---NewYard","bindingPath":{"path":"","propertyPath":"/PLANT","modelName":"NewYardModel"},"interaction":{"idSuffix":"inner"}},"clearTextFirst":true,"interactionType":"ENTER_TEXT"}]}
COMMAND: POST /session/b9718e1e48867b0fba4e39bd9ed4a756/execute/async - {"script":"<script> [1562 bytes]","args":[{"selector":{"controlType":"sap.m.Input","viewName":"etm.portal.ui.manageyards.view.New","viewId":"application-manageyards-display-component---NewYard","bindingPath":{"path":"","propertyPath":"/SALES_AREA_VKORG","modelName":"NewYardModel"},"interaction":{"idSuffix":"inner"}},"wdio_ui5_key":"etmportal.ui.manageyards.view.Newsap.m.Input{\"path\":\"\",\"propertyPath\":\"/SALES_AREA_VKORG\",\"modelName\":\"NewYardModel\"}"}]}
RESULT: {"script":"<script> [1562 bytes]","args":[{"selector":{"controlType":"sap.m.Input","viewName":"etm.portal.ui.manageyards.view.New","viewId":"application-manageyards-display-component---NewYard","bindingPath":{"path":"","propertyPath":"/SALES_AREA_VKORG","modelName":"NewYardModel"},"interaction":{"idSuffix":"inner"}},"wdio_ui5_key":"etmportal.ui.manageyards.view.Newsap.m.Input{\"path\":\"\",\"propertyPath\":\"/SALES_AREA_VKORG\",\"modelName\":\"NewYardModel\"}"}]}
RESULT: undefined
COMMAND: POST /session/b9718e1e48867b0fba4e39bd9ed4a756/execute/async - {"script":"<script> [776 bytes]","args":[{"enterText":"C002","selector":{"controlType":"sap.m.Input","viewName":"etm.portal.ui.manageyards.view.New","viewId":"application-manageyards-display-component---NewYard","bindingPath":{"path":"","propertyPath":"/SALES_AREA_VKORG","modelName":"NewYardModel"},"interaction":{"idSuffix":"inner"}},"clearTextFirst":true,"interactionType":"ENTER_TEXT"}]}
RESULT: {"script":"<script> [776 bytes]","args":[{"enterText":"C002","selector":{"controlType":"sap.m.Input","viewName":"etm.portal.ui.manageyards.view.New","viewId":"application-manageyards-display-component---NewYard","bindingPath":{"path":"","propertyPath":"/SALES_AREA_VKORG","modelName":"NewYardModel"},"interaction":{"idSuffix":"inner"}},"clearTextFirst":true,"interactionType":"ENTER_TEXT"}]}
COMMAND: POST /session/b9718e1e48867b0fba4e39bd9ed4a756/execute/async - {"script":"<script> [1562 bytes]","args":[{"selector":{"controlType":"sap.m.Input","viewName":"etm.portal.ui.manageyards.view.New","viewId":"application-manageyards-display-component---NewYard","bindingPath":{"path":"","propertyPath":"/SALES_AREA_VTWEG","modelName":"NewYardModel"},"interaction":{"idSuffix":"inner"}},"wdio_ui5_key":"etmportal.ui.manageyards.view.Newsap.m.Input{\"path\":\"\",\"propertyPath\":\"/SALES_AREA_VTWEG\",\"modelName\":\"NewYardModel\"}"}]}
RESULT: {"script":"<script> [1562 bytes]","args":[{"selector":{"controlType":"sap.m.Input","viewName":"etm.portal.ui.manageyards.view.New","viewId":"application-manageyards-display-component---NewYard","bindingPath":{"path":"","propertyPath":"/SALES_AREA_VTWEG","modelName":"NewYardModel"},"interaction":{"idSuffix":"inner"}},"wdio_ui5_key":"etmportal.ui.manageyards.view.Newsap.m.Input{\"path\":\"\",\"propertyPath\":\"/SALES_AREA_VTWEG\",\"modelName\":\"NewYardModel\"}"}]}
RESULT: undefined
COMMAND: POST /session/b9718e1e48867b0fba4e39bd9ed4a756/execute/async - {"script":"<script> [776 bytes]","args":[{"enterText":"C2","selector":{"controlType":"sap.m.Input","viewName":"etm.portal.ui.manageyards.view.New","viewId":"application-manageyards-display-component---NewYard","bindingPath":{"path":"","propertyPath":"/SALES_AREA_VTWEG","modelName":"NewYardModel"},"interaction":{"idSuffix":"inner"}},"clearTextFirst":true,"interactionType":"ENTER_TEXT"}]}
RESULT: {"script":"<script> [776 bytes]","args":[{"enterText":"C2","selector":{"controlType":"sap.m.Input","viewName":"etm.portal.ui.manageyards.view.New","viewId":"application-manageyards-display-component---NewYard","bindingPath":{"path":"","propertyPath":"/SALES_AREA_VTWEG","modelName":"NewYardModel"},"interaction":{"idSuffix":"inner"}},"clearTextFirst":true,"interactionType":"ENTER_TEXT"}]}
COMMAND: POST /session/b9718e1e48867b0fba4e39bd9ed4a756/execute/async - {"script":"<script> [1562 bytes]","args":[{"selector":{"controlType":"sap.m.Input","viewName":"etm.portal.ui.manageyards.view.New","viewId":"application-manageyards-display-component---NewYard","bindingPath":{"path":"","propertyPath":"/SALES_AREA_SPART","modelName":"NewYardModel"},"interaction":{"idSuffix":"inner"}},"wdio_ui5_key":"etmportal.ui.manageyards.view.Newsap.m.Input{\"path\":\"\",\"propertyPath\":\"/SALES_AREA_SPART\",\"modelName\":\"NewYardModel\"}"}]}
RESULT: {"script":"<script> [1562 bytes]","args":[{"selector":{"controlType":"sap.m.Input","viewName":"etm.portal.ui.manageyards.view.New","viewId":"application-manageyards-display-component---NewYard","bindingPath":{"path":"","propertyPath":"/SALES_AREA_SPART","modelName":"NewYardModel"},"interaction":{"idSuffix":"inner"}},"wdio_ui5_key":"etmportal.ui.manageyards.view.Newsap.m.Input{\"path\":\"\",\"propertyPath\":\"/SALES_AREA_SPART\",\"modelName\":\"NewYardModel\"}"}]}
RESULT: undefined
COMMAND: POST /session/b9718e1e48867b0fba4e39bd9ed4a756/execute/async - {"script":"<script> [776 bytes]","args":[{"enterText":"C2","selector":{"controlType":"sap.m.Input","viewName":"etm.portal.ui.manageyards.view.New","viewId":"application-manageyards-display-component---NewYard","bindingPath":{"path":"","propertyPath":"/SALES_AREA_SPART","modelName":"NewYardModel"},"interaction":{"idSuffix":"inner"}},"clearTextFirst":true,"interactionType":"ENTER_TEXT"}]}
RESULT: {"script":"<script> [776 bytes]","args":[{"enterText":"C2","selector":{"controlType":"sap.m.Input","viewName":"etm.portal.ui.manageyards.view.New","viewId":"application-manageyards-display-component---NewYard","bindingPath":{"path":"","propertyPath":"/SALES_AREA_SPART","modelName":"NewYardModel"},"interaction":{"idSuffix":"inner"}},"clearTextFirst":true,"interactionType":"ENTER_TEXT"}]}
COMMAND: POST /session/b9718e1e48867b0fba4e39bd9ed4a756/execute/async - {"script":"<script> [1562 bytes]","args":[{"selector":{"controlType":"sap.m.Input","viewName":"etm.portal.ui.manageyards.view.New","viewId":"application-manageyards-display-component---NewYard","bindingPath":{"path":"","propertyPath":"/SHIP_POINT","modelName":"NewYardModel"},"interaction":{"idSuffix":"inner"}},"wdio_ui5_key":"etmportal.ui.manageyards.view.Newsap.m.Input{\"path\":\"\",\"propertyPath\":\"/SHIP_POINT\",\"modelName\":\"NewYardModel\"}"}]}
RESULT: {"script":"<script> [1562 bytes]","args":[{"selector":{"controlType":"sap.m.Input","viewName":"etm.portal.ui.manageyards.view.New","viewId":"application-manageyards-display-component---NewYard","bindingPath":{"path":"","propertyPath":"/SHIP_POINT","modelName":"NewYardModel"},"interaction":{"idSuffix":"inner"}},"wdio_ui5_key":"etmportal.ui.manageyards.view.Newsap.m.Input{\"path\":\"\",\"propertyPath\":\"/SHIP_POINT\",\"modelName\":\"NewYardModel\"}"}]}
RESULT: undefined
COMMAND: POST /session/b9718e1e48867b0fba4e39bd9ed4a756/execute/async - {"script":"<script> [776 bytes]","args":[{"enterText":"1710","selector":{"controlType":"sap.m.Input","viewName":"etm.portal.ui.manageyards.view.New","viewId":"application-manageyards-display-component---NewYard","bindingPath":{"path":"","propertyPath":"/SHIP_POINT","modelName":"NewYardModel"},"interaction":{"idSuffix":"inner"}},"clearTextFirst":true,"interactionType":"ENTER_TEXT"}]}
RESULT: {"script":"<script> [776 bytes]","args":[{"enterText":"1710","selector":{"controlType":"sap.m.Input","viewName":"etm.portal.ui.manageyards.view.New","viewId":"application-manageyards-display-component---NewYard","bindingPath":{"path":"","propertyPath":"/SHIP_POINT","modelName":"NewYardModel"},"interaction":{"idSuffix":"inner"}},"clearTextFirst":true,"interactionType":"ENTER_TEXT"}]}
COMMAND: POST /session/b9718e1e48867b0fba4e39bd9ed4a756/execute/async - {"script":"<script> [1562 bytes]","args":[{"selector":{"controlType":"sap.m.Input","viewName":"etm.portal.ui.manageyards.view.New","viewId":"application-manageyards-display-component---NewYard","bindingPath":{"path":"","propertyPath":"/DELIVERY_TYPE","modelName":"NewYardModel"},"interaction":{"idSuffix":"inner"}},"wdio_ui5_key":"etmportal.ui.manageyards.view.Newsap.m.Input{\"path\":\"\",\"propertyPath\":\"/DELIVERY_TYPE\",\"modelName\":\"NewYardModel\"}"}]}
RESULT: {"script":"<script> [1562 bytes]","args":[{"selector":{"controlType":"sap.m.Input","viewName":"etm.portal.ui.manageyards.view.New","viewId":"application-manageyards-display-component---NewYard","bindingPath":{"path":"","propertyPath":"/DELIVERY_TYPE","modelName":"NewYardModel"},"interaction":{"idSuffix":"inner"}},"wdio_ui5_key":"etmportal.ui.manageyards.view.Newsap.m.Input{\"path\":\"\",\"propertyPath\":\"/DELIVERY_TYPE\",\"modelName\":\"NewYardModel\"}"}]}
RESULT: undefined
COMMAND: POST /session/b9718e1e48867b0fba4e39bd9ed4a756/execute/async - {"script":"<script> [776 bytes]","args":[{"enterText":"ZL01","selector":{"controlType":"sap.m.Input","viewName":"etm.portal.ui.manageyards.view.New","viewId":"application-manageyards-display-component---NewYard","bindingPath":{"path":"","propertyPath":"/DELIVERY_TYPE","modelName":"NewYardModel"},"interaction":{"idSuffix":"inner"}},"clearTextFirst":true,"interactionType":"ENTER_TEXT"}]}
RESULT: {"script":"<script> [776 bytes]","args":[{"enterText":"ZL01","selector":{"controlType":"sap.m.Input","viewName":"etm.portal.ui.manageyards.view.New","viewId":"application-manageyards-display-component---NewYard","bindingPath":{"path":"","propertyPath":"/DELIVERY_TYPE","modelName":"NewYardModel"},"interaction":{"idSuffix":"inner"}},"clearTextFirst":true,"interactionType":"ENTER_TEXT"}]}
COMMAND: POST /session/b9718e1e48867b0fba4e39bd9ed4a756/execute/async - {"script":"<script> [1562 bytes]","args":[{"selector":{"controlType":"sap.m.Input","viewName":"etm.portal.ui.manageyards.view.New","viewId":"application-manageyards-display-component---NewYard","bindingPath":{"path":"","propertyPath":"/AUART","modelName":"NewYardModel"},"interaction":{"idSuffix":"inner"}},"wdio_ui5_key":"etmportal.ui.manageyards.view.Newsap.m.Input{\"path\":\"\",\"propertyPath\":\"/AUART\",\"modelName\":\"NewYardModel\"}"}]}
RESULT: {"script":"<script> [1562 bytes]","args":[{"selector":{"controlType":"sap.m.Input","viewName":"etm.portal.ui.manageyards.view.New","viewId":"application-manageyards-display-component---NewYard","bindingPath":{"path":"","propertyPath":"/AUART","modelName":"NewYardModel"},"interaction":{"idSuffix":"inner"}},"wdio_ui5_key":"etmportal.ui.manageyards.view.Newsap.m.Input{\"path\":\"\",\"propertyPath\":\"/AUART\",\"modelName\":\"NewYardModel\"}"}]}
RESULT: undefined
COMMAND: POST /session/b9718e1e48867b0fba4e39bd9ed4a756/execute/async - {"script":"<script> [776 bytes]","args":[{"enterText":"TA","selector":{"controlType":"sap.m.Input","viewName":"etm.portal.ui.manageyards.view.New","viewId":"application-manageyards-display-component---NewYard","bindingPath":{"path":"","propertyPath":"/AUART","modelName":"NewYardModel"},"interaction":{"idSuffix":"inner"}},"clearTextFirst":true,"interactionType":"ENTER_TEXT"}]}
RESULT: {"script":"<script> [776 bytes]","args":[{"enterText":"TA","selector":{"controlType":"sap.m.Input","viewName":"etm.portal.ui.manageyards.view.New","viewId":"application-manageyards-display-component---NewYard","bindingPath":{"path":"","propertyPath":"/AUART","modelName":"NewYardModel"},"interaction":{"idSuffix":"inner"}},"clearTextFirst":true,"interactionType":"ENTER_TEXT"}]}
COMMAND: POST /session/b9718e1e48867b0fba4e39bd9ed4a756/element - {"using":"xpath","value":"//button[@data-kt=\"newYardSaveButton\"]"}
RESULT: {"using":"xpath","value":"//button[@data-kt=\"newYardSaveButton\"]"}
COMMAND: POST /session/b9718e1e48867b0fba4e39bd9ed4a756/element/f.FE1DA32CFDBC8F8C890368A9A93AADEA.d.50101436A4609C39F87DF5FC1380CE2F.e.682/click - {}
RESULT: {}
COMMAND: GET /session/b9718e1e48867b0fba4e39bd9ed4a756/screenshot - {}
RESULT: {}
COMMAND: POST /session/b9718e1e48867b0fba4e39bd9ed4a756/element - {"using":"xpath","value":"//header[contains(@id, 'ObjectPageLayout-headerTitle')]/div[1]/div[2]/div[1]/span[1]"}
RESULT: {"using":"xpath","value":"//header[contains(@id, 'ObjectPageLayout-headerTitle')]/div[1]/div[2]/div[1]/span[1]"}
COMMAND: POST /session/b9718e1e48867b0fba4e39bd9ed4a756/elements - {"using":"xpath","value":"//header[contains(@id, 'ObjectPageLayout-headerTitle')]/div[1]/div[2]/div[1]/span[1]"}
RESULT: {"using":"xpath","value":"//header[contains(@id, 'ObjectPageLayout-headerTitle')]/div[1]/div[2]/div[1]/span[1]"}
COMMAND: POST /session/b9718e1e48867b0fba4e39bd9ed4a756/execute/sync - {"script":"<script> [56 bytes]","args":[{"element-6066-11e4-a52e-4f735466cecf":"f.FE1DA32CFDBC8F8C890368A9A93AADEA.d.50101436A4609C39F87DF5FC1380CE2F.e.1022","ELEMENT":"f.FE1DA32CFDBC8F8C890368A9A93AADEA.d.50101436A4609C39F87DF5FC1380CE2F.e.1022"}]}
RESULT: {"script":"<script> [56 bytes]","args":[{"element-6066-11e4-a52e-4f735466cecf":"f.FE1DA32CFDBC8F8C890368A9A93AADEA.d.50101436A4609C39F87DF5FC1380CE2F.e.1022","ELEMENT":"f.FE1DA32CFDBC8F8C890368A9A93AADEA.d.50101436A4609C39F87DF5FC1380CE2F.e.1022"}]}
COMMAND: GET /session/b9718e1e48867b0fba4e39bd9ed4a756/screenshot - {}
RESULT: {}
COMMAND: POST /session/b9718e1e48867b0fba4e39bd9ed4a756/element - {"using":"css selector","value":"#shell-header-logo"}
RESULT: {"using":"css selector","value":"#shell-header-logo"}
COMMAND: POST /session/b9718e1e48867b0fba4e39bd9ed4a756/element/f.FE1DA32CFDBC8F8C890368A9A93AADEA.d.50101436A4609C39F87DF5FC1380CE2F.e.263/click - {}
RESULT: {}
COMMAND: GET /session/b9718e1e48867b0fba4e39bd9ed4a756/screenshot - {}
RESULT: {}
COMMAND: POST /session/b9718e1e48867b0fba4e39bd9ed4a756/execute/sync - {"script":"<script> [299 bytes]","args":[["getModel","getResource"]]}
RESULT: {"script":"<script> [299 bytes]","args":[["getModel","getResource"]]}
COMMAND: GET /session/b9718e1e48867b0fba4e39bd9ed4a756/screenshot - {}
]]></system-out>
    </testcase>
    <testcase classname="chrome.136_0_7103_93.windows.Billing_confirm_US117289" name="Should create a new partner" time="141.306">
      <system-out><![CDATA[
COMMAND: POST /session/b9718e1e48867b0fba4e39bd9ed4a756/window/fullscreen - {}
RESULT: {}
RESULT: {}
COMMAND: POST /session/b9718e1e48867b0fba4e39bd9ed4a756/execute/async - {"script":"<script> [1562 bytes]","args":[{"selector":{"controlType":"sap.m.GenericTile","properties":{"header":"Manage Partners"}},"wdio_ui5_key":"sapm.GenericTile{\"header\":\"Manage Partners\"}"}]}
RESULT: {"script":"<script> [1562 bytes]","args":[{"selector":{"controlType":"sap.m.GenericTile","properties":{"header":"Manage Partners"}},"wdio_ui5_key":"sapm.GenericTile{\"header\":\"Manage Partners\"}"}]}
RESULT: undefined
COMMAND: POST /session/b9718e1e48867b0fba4e39bd9ed4a756/element - {"using":"xpath","value":"//*[@id=\"__tile38\"]"}
RESULT: {"using":"xpath","value":"//*[@id=\"__tile38\"]"}
COMMAND: POST /session/b9718e1e48867b0fba4e39bd9ed4a756/element/f.FE1DA32CFDBC8F8C890368A9A93AADEA.d.50101436A4609C39F87DF5FC1380CE2F.e.154/click - {}
RESULT: {}
COMMAND: GET /session/b9718e1e48867b0fba4e39bd9ed4a756/screenshot - {}
RESULT: {}
COMMAND: POST /session/b9718e1e48867b0fba4e39bd9ed4a756/elements - {"using":"xpath","value":"//span[text()='Error']"}
RESULT: {"using":"xpath","value":"//span[text()='Error']"}
COMMAND: POST /session/b9718e1e48867b0fba4e39bd9ed4a756/element - {"using":"xpath","value":"//button[@data-kt=\"addButton\"]"}
RESULT: {"using":"xpath","value":"//button[@data-kt=\"addButton\"]"}
COMMAND: POST /session/b9718e1e48867b0fba4e39bd9ed4a756/elements - {"using":"xpath","value":"//button[@data-kt=\"addButton\"]"}
RESULT: {"using":"xpath","value":"//button[@data-kt=\"addButton\"]"}
COMMAND: POST /session/b9718e1e48867b0fba4e39bd9ed4a756/execute/sync - {"script":"<script> [8489 bytes]","args":[{"element-6066-11e4-a52e-4f735466cecf":"f.FE1DA32CFDBC8F8C890368A9A93AADEA.d.50101436A4609C39F87DF5FC1380CE2F.e.1060","ELEMENT":"f.FE1DA32CFDBC8F8C890368A9A93AADEA.d.50101436A4609C39F87DF5FC1380CE2F.e.1060"}]}
RESULT: {"script":"<script> [8489 bytes]","args":[{"element-6066-11e4-a52e-4f735466cecf":"f.FE1DA32CFDBC8F8C890368A9A93AADEA.d.50101436A4609C39F87DF5FC1380CE2F.e.1060","ELEMENT":"f.FE1DA32CFDBC8F8C890368A9A93AADEA.d.50101436A4609C39F87DF5FC1380CE2F.e.1060"}]}
COMMAND: GET /session/b9718e1e48867b0fba4e39bd9ed4a756/element/f.FE1DA32CFDBC8F8C890368A9A93AADEA.d.50101436A4609C39F87DF5FC1380CE2F.e.1060/enabled - {}
COMMAND: GET /session/b9718e1e48867b0fba4e39bd9ed4a756/screenshot - {}
RESULT: {}
COMMAND: POST /session/b9718e1e48867b0fba4e39bd9ed4a756/execute/sync - {"script":"<script> [8489 bytes]","args":[{"element-6066-11e4-a52e-4f735466cecf":"f.FE1DA32CFDBC8F8C890368A9A93AADEA.d.50101436A4609C39F87DF5FC1380CE2F.e.1060","ELEMENT":"f.FE1DA32CFDBC8F8C890368A9A93AADEA.d.50101436A4609C39F87DF5FC1380CE2F.e.1060"}]}
COMMAND: GET /session/b9718e1e48867b0fba4e39bd9ed4a756/screenshot - {}
RESULT: {}
RESULT: {"script":"<script> [8489 bytes]","args":[{"element-6066-11e4-a52e-4f735466cecf":"f.FE1DA32CFDBC8F8C890368A9A93AADEA.d.50101436A4609C39F87DF5FC1380CE2F.e.1060","ELEMENT":"f.FE1DA32CFDBC8F8C890368A9A93AADEA.d.50101436A4609C39F87DF5FC1380CE2F.e.1060"}]}
COMMAND: POST /session/b9718e1e48867b0fba4e39bd9ed4a756/execute/sync - {"script":"<script> [5351 bytes]","args":[{"element-6066-11e4-a52e-4f735466cecf":"f.FE1DA32CFDBC8F8C890368A9A93AADEA.d.50101436A4609C39F87DF5FC1380CE2F.e.1060","ELEMENT":"f.FE1DA32CFDBC8F8C890368A9A93AADEA.d.50101436A4609C39F87DF5FC1380CE2F.e.1060"}]}
COMMAND: GET /session/b9718e1e48867b0fba4e39bd9ed4a756/screenshot - {}
RESULT: {}
RESULT: {"script":"<script> [5351 bytes]","args":[{"element-6066-11e4-a52e-4f735466cecf":"f.FE1DA32CFDBC8F8C890368A9A93AADEA.d.50101436A4609C39F87DF5FC1380CE2F.e.1060","ELEMENT":"f.FE1DA32CFDBC8F8C890368A9A93AADEA.d.50101436A4609C39F87DF5FC1380CE2F.e.1060"}]}
COMMAND: POST /session/b9718e1e48867b0fba4e39bd9ed4a756/element/f.FE1DA32CFDBC8F8C890368A9A93AADEA.d.50101436A4609C39F87DF5FC1380CE2F.e.1060/click - {}
COMMAND: GET /session/b9718e1e48867b0fba4e39bd9ed4a756/screenshot - {}
RESULT: {}
RESULT: {}
COMMAND: GET /session/b9718e1e48867b0fba4e39bd9ed4a756/screenshot - {}
COMMAND: POST /session/b9718e1e48867b0fba4e39bd9ed4a756/execute/async - {"script":"<script> [1562 bytes]","args":[{"selector":{"id":"application-managepartners-display-component---NewPartner--addressDetailDetailsName1","interaction":{"idSuffix":"inner"}},"wdio_ui5_key":"applicationmanagepartners-display-component---NewPartner--addressDetailDetailsName1"}]}
RESULT: {}
RESULT: {}
RESULT: {"script":"<script> [1562 bytes]","args":[{"selector":{"id":"application-managepartners-display-component---NewPartner--addressDetailDetailsName1","interaction":{"idSuffix":"inner"}},"wdio_ui5_key":"applicationmanagepartners-display-component---NewPartner--addressDetailDetailsName1"}]}
RESULT: undefined
COMMAND: POST /session/b9718e1e48867b0fba4e39bd9ed4a756/execute/async - {"script":"<script> [776 bytes]","args":[{"enterText":"Intracompany Partner WDIO","selector":{"id":"application-managepartners-display-component---NewPartner--addressDetailDetailsName1","interaction":{"idSuffix":"inner"}},"clearTextFirst":true,"interactionType":"ENTER_TEXT"}]}
RESULT: {"script":"<script> [776 bytes]","args":[{"enterText":"Intracompany Partner WDIO","selector":{"id":"application-managepartners-display-component---NewPartner--addressDetailDetailsName1","interaction":{"idSuffix":"inner"}},"clearTextFirst":true,"interactionType":"ENTER_TEXT"}]}
COMMAND: POST /session/b9718e1e48867b0fba4e39bd9ed4a756/execute/async - {"script":"<script> [1562 bytes]","args":[{"selector":{"id":"application-managepartners-display-component---NewPartner--addressDetailDetailsLanguage-arrow"},"wdio_ui5_key":"applicationmanagepartners-display-component---NewPartner--addressDetailDetailsLanguage-arrow"}]}
RESULT: {"script":"<script> [1562 bytes]","args":[{"selector":{"id":"application-managepartners-display-component---NewPartner--addressDetailDetailsLanguage-arrow"},"wdio_ui5_key":"applicationmanagepartners-display-component---NewPartner--addressDetailDetailsLanguage-arrow"}]}
RESULT: undefined
COMMAND: POST /session/b9718e1e48867b0fba4e39bd9ed4a756/element - {"using":"xpath","value":"//*[@id=\"application-managepartners-display-component---NewPartner--addressDetailDetailsLanguage-arrow\"]"}
RESULT: {"using":"xpath","value":"//*[@id=\"application-managepartners-display-component---NewPartner--addressDetailDetailsLanguage-arrow\"]"}
COMMAND: POST /session/b9718e1e48867b0fba4e39bd9ed4a756/element/f.FE1DA32CFDBC8F8C890368A9A93AADEA.d.50101436A4609C39F87DF5FC1380CE2F.e.1516/click - {}
RESULT: {}
COMMAND: POST /session/b9718e1e48867b0fba4e39bd9ed4a756/element - {"using":"xpath","value":"//span[contains(text(), \"English\")]"}
COMMAND: GET /session/b9718e1e48867b0fba4e39bd9ed4a756/screenshot - {}
RESULT: {"using":"xpath","value":"//span[contains(text(), \"English\")]"}
COMMAND: POST /session/b9718e1e48867b0fba4e39bd9ed4a756/element/f.FE1DA32CFDBC8F8C890368A9A93AADEA.d.50101436A4609C39F87DF5FC1380CE2F.e.1517/click - {}
RESULT: {}
RESULT: {}
COMMAND: GET /session/b9718e1e48867b0fba4e39bd9ed4a756/screenshot - {}
RESULT: {}
COMMAND: POST /session/b9718e1e48867b0fba4e39bd9ed4a756/execute/async - {"script":"<script> [1562 bytes]","args":[{"selector":{"id":"application-managepartners-display-component---NewPartner--addressDetailDetailsCity1","interaction":{"idSuffix":"inner"}},"wdio_ui5_key":"applicationmanagepartners-display-component---NewPartner--addressDetailDetailsCity1"}]}
RESULT: {"script":"<script> [1562 bytes]","args":[{"selector":{"id":"application-managepartners-display-component---NewPartner--addressDetailDetailsCity1","interaction":{"idSuffix":"inner"}},"wdio_ui5_key":"applicationmanagepartners-display-component---NewPartner--addressDetailDetailsCity1"}]}
RESULT: undefined
COMMAND: POST /session/b9718e1e48867b0fba4e39bd9ed4a756/execute/async - {"script":"<script> [776 bytes]","args":[{"enterText":"Rosario","selector":{"id":"application-managepartners-display-component---NewPartner--addressDetailDetailsCity1","interaction":{"idSuffix":"inner"}},"clearTextFirst":true,"interactionType":"ENTER_TEXT"}]}
RESULT: {"script":"<script> [776 bytes]","args":[{"enterText":"Rosario","selector":{"id":"application-managepartners-display-component---NewPartner--addressDetailDetailsCity1","interaction":{"idSuffix":"inner"}},"clearTextFirst":true,"interactionType":"ENTER_TEXT"}]}
COMMAND: POST /session/b9718e1e48867b0fba4e39bd9ed4a756/execute/async - {"script":"<script> [1562 bytes]","args":[{"selector":{"id":"application-managepartners-display-component---NewPartner--addressDetailDetailsCountry-arrow"},"wdio_ui5_key":"applicationmanagepartners-display-component---NewPartner--addressDetailDetailsCountry-arrow"}]}
RESULT: {"script":"<script> [1562 bytes]","args":[{"selector":{"id":"application-managepartners-display-component---NewPartner--addressDetailDetailsCountry-arrow"},"wdio_ui5_key":"applicationmanagepartners-display-component---NewPartner--addressDetailDetailsCountry-arrow"}]}
RESULT: undefined
COMMAND: POST /session/b9718e1e48867b0fba4e39bd9ed4a756/element - {"using":"xpath","value":"//*[@id=\"application-managepartners-display-component---NewPartner--addressDetailDetailsCountry-arrow\"]"}
RESULT: {"using":"xpath","value":"//*[@id=\"application-managepartners-display-component---NewPartner--addressDetailDetailsCountry-arrow\"]"}
COMMAND: POST /session/b9718e1e48867b0fba4e39bd9ed4a756/element/f.FE1DA32CFDBC8F8C890368A9A93AADEA.d.50101436A4609C39F87DF5FC1380CE2F.e.1503/click - {}
RESULT: {}
COMMAND: POST /session/b9718e1e48867b0fba4e39bd9ed4a756/element - {"using":"xpath","value":"//span[contains(text(), \"Argentina\")]"}
COMMAND: GET /session/b9718e1e48867b0fba4e39bd9ed4a756/screenshot - {}
RESULT: {"using":"xpath","value":"//span[contains(text(), \"Argentina\")]"}
COMMAND: POST /session/b9718e1e48867b0fba4e39bd9ed4a756/element/f.FE1DA32CFDBC8F8C890368A9A93AADEA.d.50101436A4609C39F87DF5FC1380CE2F.e.1519/click - {}
RESULT: {}
RESULT: {}
COMMAND: GET /session/b9718e1e48867b0fba4e39bd9ed4a756/screenshot - {}
RESULT: {}
COMMAND: POST /session/b9718e1e48867b0fba4e39bd9ed4a756/element - {"using":"xpath","value":"//bdi[contains(text(), \"Commercial\")]"}
RESULT: {"using":"xpath","value":"//bdi[contains(text(), \"Commercial\")]"}
COMMAND: POST /session/b9718e1e48867b0fba4e39bd9ed4a756/element/f.FE1DA32CFDBC8F8C890368A9A93AADEA.d.50101436A4609C39F87DF5FC1380CE2F.e.1520/click - {}
RESULT: {}
COMMAND: GET /session/b9718e1e48867b0fba4e39bd9ed4a756/screenshot - {}
RESULT: {}
COMMAND: POST /session/b9718e1e48867b0fba4e39bd9ed4a756/execute/async - {"script":"<script> [1562 bytes]","args":[{"selector":{"id":"application-managepartners-display-component---NewPartner--partnerDetailInternal-arrow"},"wdio_ui5_key":"applicationmanagepartners-display-component---NewPartner--partnerDetailInternal-arrow"}]}
RESULT: {"script":"<script> [1562 bytes]","args":[{"selector":{"id":"application-managepartners-display-component---NewPartner--partnerDetailInternal-arrow"},"wdio_ui5_key":"applicationmanagepartners-display-component---NewPartner--partnerDetailInternal-arrow"}]}
RESULT: undefined
COMMAND: POST /session/b9718e1e48867b0fba4e39bd9ed4a756/element - {"using":"xpath","value":"//*[@id=\"application-managepartners-display-component---NewPartner--partnerDetailInternal-arrow\"]"}
RESULT: {"using":"xpath","value":"//*[@id=\"application-managepartners-display-component---NewPartner--partnerDetailInternal-arrow\"]"}
COMMAND: POST /session/b9718e1e48867b0fba4e39bd9ed4a756/element/f.FE1DA32CFDBC8F8C890368A9A93AADEA.d.50101436A4609C39F87DF5FC1380CE2F.e.1526/click - {}
RESULT: {}
COMMAND: POST /session/b9718e1e48867b0fba4e39bd9ed4a756/element - {"using":"xpath","value":"//span[contains(text(), \"Affiliated company\")]"}
COMMAND: GET /session/b9718e1e48867b0fba4e39bd9ed4a756/screenshot - {}
RESULT: {"using":"xpath","value":"//span[contains(text(), \"Affiliated company\")]"}
COMMAND: POST /session/b9718e1e48867b0fba4e39bd9ed4a756/element/f.FE1DA32CFDBC8F8C890368A9A93AADEA.d.50101436A4609C39F87DF5FC1380CE2F.e.1527/click - {}
RESULT: {}
RESULT: {}
COMMAND: POST /session/b9718e1e48867b0fba4e39bd9ed4a756/execute/async - {"script":"<script> [1562 bytes]","args":[{"selector":{"id":"application-managepartners-display-component---NewPartner--partnerDetailsCurrency-arrow"},"wdio_ui5_key":"applicationmanagepartners-display-component---NewPartner--partnerDetailsCurrency-arrow"}]}
COMMAND: GET /session/b9718e1e48867b0fba4e39bd9ed4a756/screenshot - {}
RESULT: {}
RESULT: {"script":"<script> [1562 bytes]","args":[{"selector":{"id":"application-managepartners-display-component---NewPartner--partnerDetailsCurrency-arrow"},"wdio_ui5_key":"applicationmanagepartners-display-component---NewPartner--partnerDetailsCurrency-arrow"}]}
RESULT: undefined
COMMAND: POST /session/b9718e1e48867b0fba4e39bd9ed4a756/element - {"using":"xpath","value":"//*[@id=\"application-managepartners-display-component---NewPartner--partnerDetailsCurrency-arrow\"]"}
RESULT: {"using":"xpath","value":"//*[@id=\"application-managepartners-display-component---NewPartner--partnerDetailsCurrency-arrow\"]"}
COMMAND: POST /session/b9718e1e48867b0fba4e39bd9ed4a756/element/f.FE1DA32CFDBC8F8C890368A9A93AADEA.d.50101436A4609C39F87DF5FC1380CE2F.e.1534/click - {}
RESULT: {}
COMMAND: POST /session/b9718e1e48867b0fba4e39bd9ed4a756/element - {"using":"xpath","value":"//span[contains(text(), \"Euro\")]"}
COMMAND: GET /session/b9718e1e48867b0fba4e39bd9ed4a756/screenshot - {}
RESULT: {"using":"xpath","value":"//span[contains(text(), \"Euro\")]"}
COMMAND: POST /session/b9718e1e48867b0fba4e39bd9ed4a756/element/f.FE1DA32CFDBC8F8C890368A9A93AADEA.d.50101436A4609C39F87DF5FC1380CE2F.e.1535/click - {}
RESULT: {}
RESULT: {}
COMMAND: POST /session/b9718e1e48867b0fba4e39bd9ed4a756/execute/async - {"script":"<script> [1562 bytes]","args":[{"selector":{"id":"application-managepartners-display-component---NewPartner--addressEditDetailsCostObjectCstType-arrow"},"wdio_ui5_key":"applicationmanagepartners-display-component---NewPartner--addressEditDetailsCostObjectCstType-arrow"}]}
COMMAND: GET /session/b9718e1e48867b0fba4e39bd9ed4a756/screenshot - {}
RESULT: {"script":"<script> [1562 bytes]","args":[{"selector":{"id":"application-managepartners-display-component---NewPartner--addressEditDetailsCostObjectCstType-arrow"},"wdio_ui5_key":"applicationmanagepartners-display-component---NewPartner--addressEditDetailsCostObjectCstType-arrow"}]}
RESULT: undefined
COMMAND: POST /session/b9718e1e48867b0fba4e39bd9ed4a756/element - {"using":"xpath","value":"//*[@id=\"application-managepartners-display-component---NewPartner--addressEditDetailsCostObjectCstType-arrow\"]"}
RESULT: {}
RESULT: {"using":"xpath","value":"//*[@id=\"application-managepartners-display-component---NewPartner--addressEditDetailsCostObjectCstType-arrow\"]"}
COMMAND: POST /session/b9718e1e48867b0fba4e39bd9ed4a756/element/f.FE1DA32CFDBC8F8C890368A9A93AADEA.d.50101436A4609C39F87DF5FC1380CE2F.e.1536/click - {}
RESULT: {}
COMMAND: POST /session/b9718e1e48867b0fba4e39bd9ed4a756/element - {"using":"xpath","value":"//span[contains(text(), \"Cost Center\")]"}
COMMAND: GET /session/b9718e1e48867b0fba4e39bd9ed4a756/screenshot - {}
RESULT: {"using":"xpath","value":"//span[contains(text(), \"Cost Center\")]"}
COMMAND: POST /session/b9718e1e48867b0fba4e39bd9ed4a756/element/f.FE1DA32CFDBC8F8C890368A9A93AADEA.d.50101436A4609C39F87DF5FC1380CE2F.e.1537/click - {}
RESULT: {}
RESULT: {}
COMMAND: GET /session/b9718e1e48867b0fba4e39bd9ed4a756/screenshot - {}
RESULT: {}
COMMAND: POST /session/b9718e1e48867b0fba4e39bd9ed4a756/element - {"using":"xpath","value":"//span[@id=\"application-managepartners-display-component---NewPartner--addressNewCostObjectCstID-vhi\"]"}
RESULT: {"using":"xpath","value":"//span[@id=\"application-managepartners-display-component---NewPartner--addressNewCostObjectCstID-vhi\"]"}
COMMAND: POST /session/b9718e1e48867b0fba4e39bd9ed4a756/execute/sync - {"script":"<script> [8489 bytes]","args":[{"element-6066-11e4-a52e-4f735466cecf":"f.FE1DA32CFDBC8F8C890368A9A93AADEA.d.50101436A4609C39F87DF5FC1380CE2F.e.1541","ELEMENT":"f.FE1DA32CFDBC8F8C890368A9A93AADEA.d.50101436A4609C39F87DF5FC1380CE2F.e.1541"}]}
RESULT: {"script":"<script> [8489 bytes]","args":[{"element-6066-11e4-a52e-4f735466cecf":"f.FE1DA32CFDBC8F8C890368A9A93AADEA.d.50101436A4609C39F87DF5FC1380CE2F.e.1541","ELEMENT":"f.FE1DA32CFDBC8F8C890368A9A93AADEA.d.50101436A4609C39F87DF5FC1380CE2F.e.1541"}]}
COMMAND: POST /session/b9718e1e48867b0fba4e39bd9ed4a756/execute/async - {"script":"<script> [1562 bytes]","args":[{"selector":{"id":"application-managepartners-display-component---NewPartner--addressNewCostObjectCstID-vhi"},"wdio_ui5_key":"applicationmanagepartners-display-component---NewPartner--addressNewCostObjectCstID-vhi"}]}
COMMAND: GET /session/b9718e1e48867b0fba4e39bd9ed4a756/screenshot - {}
RESULT: {"script":"<script> [1562 bytes]","args":[{"selector":{"id":"application-managepartners-display-component---NewPartner--addressNewCostObjectCstID-vhi"},"wdio_ui5_key":"applicationmanagepartners-display-component---NewPartner--addressNewCostObjectCstID-vhi"}]}
RESULT: undefined
COMMAND: POST /session/b9718e1e48867b0fba4e39bd9ed4a756/element - {"using":"xpath","value":"//*[@id=\"application-managepartners-display-component---NewPartner--addressNewCostObjectCstID-vhi\"]"}
RESULT: {}
RESULT: {"using":"xpath","value":"//*[@id=\"application-managepartners-display-component---NewPartner--addressNewCostObjectCstID-vhi\"]"}
COMMAND: POST /session/b9718e1e48867b0fba4e39bd9ed4a756/element/f.FE1DA32CFDBC8F8C890368A9A93AADEA.d.50101436A4609C39F87DF5FC1380CE2F.e.1541/click - {}
RESULT: {}
COMMAND: GET /session/b9718e1e48867b0fba4e39bd9ed4a756/screenshot - {}
RESULT: {}
RESULT: undefined
COMMAND: POST /session/b9718e1e48867b0fba4e39bd9ed4a756/execute/async - {"script":"<script> [776 bytes]","args":[{"enterText":"10001013","selector":{"controlType":"sap.m.SearchField","properties":{"placeholder":"Search"},"searchOpenDialogs":true,"interaction":{"idSuffix":"I"}},"clearTextFirst":true,"interactionType":"ENTER_TEXT"}]}
RESULT: {"script":"<script> [776 bytes]","args":[{"enterText":"10001013","selector":{"controlType":"sap.m.SearchField","properties":{"placeholder":"Search"},"searchOpenDialogs":true,"interaction":{"idSuffix":"I"}},"clearTextFirst":true,"interactionType":"ENTER_TEXT"}]}
COMMAND: POST /session/b9718e1e48867b0fba4e39bd9ed4a756/actions - {"actions":[{"id":"action2","type":"key","parameters":{},"actions":[{"type":"keyDown","value":"î€‡"},{"type":"pause","duration":10},{"type":"keyUp","value":"î€‡"}]}]}
RESULT: {"actions":[{"id":"action2","type":"key","parameters":{},"actions":[{"type":"keyDown","value":"î€‡"},{"type":"pause","duration":10},{"type":"keyUp","value":"î€‡"}]}]}
COMMAND: GET /session/b9718e1e48867b0fba4e39bd9ed4a756/screenshot - {}
RESULT: {}
COMMAND: POST /session/b9718e1e48867b0fba4e39bd9ed4a756/element - {"using":"xpath","value":"//span[contains(text(), \"General Management\")]"}
RESULT: {"using":"xpath","value":"//span[contains(text(), \"General Management\")]"}
COMMAND: POST /session/b9718e1e48867b0fba4e39bd9ed4a756/element/f.FE1DA32CFDBC8F8C890368A9A93AADEA.d.50101436A4609C39F87DF5FC1380CE2F.e.1579/click - {}
RESULT: {}
COMMAND: GET /session/b9718e1e48867b0fba4e39bd9ed4a756/screenshot - {}
RESULT: {}
COMMAND: POST /session/b9718e1e48867b0fba4e39bd9ed4a756/element - {"using":"xpath","value":"//bdi[contains(text(), \"OK\")]"}
RESULT: {"using":"xpath","value":"//bdi[contains(text(), \"OK\")]"}
COMMAND: POST /session/b9718e1e48867b0fba4e39bd9ed4a756/element/f.FE1DA32CFDBC8F8C890368A9A93AADEA.d.50101436A4609C39F87DF5FC1380CE2F.e.1580/click - {}
RESULT: {}
COMMAND: GET /session/b9718e1e48867b0fba4e39bd9ed4a756/screenshot - {}
RESULT: {}
COMMAND: POST /session/b9718e1e48867b0fba4e39bd9ed4a756/element - {"using":"xpath","value":"//input[@id=\"application-managepartners-display-component---NewPartner--companyCodeComboBox-inner\"]"}
RESULT: {"using":"xpath","value":"//input[@id=\"application-managepartners-display-component---NewPartner--companyCodeComboBox-inner\"]"}
COMMAND: POST /session/b9718e1e48867b0fba4e39bd9ed4a756/element/f.FE1DA32CFDBC8F8C890368A9A93AADEA.d.50101436A4609C39F87DF5FC1380CE2F.e.1385/clear - {}
RESULT: {}
COMMAND: POST /session/b9718e1e48867b0fba4e39bd9ed4a756/element/f.FE1DA32CFDBC8F8C890368A9A93AADEA.d.50101436A4609C39F87DF5FC1380CE2F.e.1385/value - {"text":"1000"}
COMMAND: GET /session/b9718e1e48867b0fba4e39bd9ed4a756/screenshot - {}
RESULT: {"text":"1000"}
COMMAND: GET /session/b9718e1e48867b0fba4e39bd9ed4a756/screenshot - {}
RESULT: {}
RESULT: {}
COMMAND: POST /session/b9718e1e48867b0fba4e39bd9ed4a756/element - {"using":"xpath","value":"//li[.//span[text()= \"1000\"]]"}
RESULT: {"using":"xpath","value":"//li[.//span[text()= \"1000\"]]"}
COMMAND: POST /session/b9718e1e48867b0fba4e39bd9ed4a756/element/f.FE1DA32CFDBC8F8C890368A9A93AADEA.d.50101436A4609C39F87DF5FC1380CE2F.e.1586/click - {}
RESULT: {}
COMMAND: GET /session/b9718e1e48867b0fba4e39bd9ed4a756/screenshot - {}
RESULT: {}
COMMAND: POST /session/b9718e1e48867b0fba4e39bd9ed4a756/execute/async - {"script":"<script> [1562 bytes]","args":[{"selector":{"id":"application-managepartners-display-component---NewPartner--btnAddTableRow-img"},"wdio_ui5_key":"applicationmanagepartners-display-component---NewPartner--btnAddTableRow-img"}]}
RESULT: {"script":"<script> [1562 bytes]","args":[{"selector":{"id":"application-managepartners-display-component---NewPartner--btnAddTableRow-img"},"wdio_ui5_key":"applicationmanagepartners-display-component---NewPartner--btnAddTableRow-img"}]}
RESULT: undefined
COMMAND: POST /session/b9718e1e48867b0fba4e39bd9ed4a756/element - {"using":"xpath","value":"//*[@id=\"application-managepartners-display-component---NewPartner--btnAddTableRow-img\"]"}
RESULT: {"using":"xpath","value":"//*[@id=\"application-managepartners-display-component---NewPartner--btnAddTableRow-img\"]"}
COMMAND: POST /session/b9718e1e48867b0fba4e39bd9ed4a756/element/f.FE1DA32CFDBC8F8C890368A9A93AADEA.d.50101436A4609C39F87DF5FC1380CE2F.e.1587/click - {}
RESULT: {}
COMMAND: GET /session/b9718e1e48867b0fba4e39bd9ed4a756/screenshot - {}
RESULT: {}
COMMAND: POST /session/b9718e1e48867b0fba4e39bd9ed4a756/element - {"using":"xpath","value":"//input[@id=\"application-managepartners-display-component---NewPartner--assignmentYard-application-managepartners-display-component---NewPartner--assignmentsTable-0-inner\"]"}
RESULT: {"using":"xpath","value":"//input[@id=\"application-managepartners-display-component---NewPartner--assignmentYard-application-managepartners-display-component---NewPartner--assignmentsTable-0-inner\"]"}
COMMAND: POST /session/b9718e1e48867b0fba4e39bd9ed4a756/element/f.FE1DA32CFDBC8F8C890368A9A93AADEA.d.50101436A4609C39F87DF5FC1380CE2F.e.1590/clear - {}
RESULT: {}
COMMAND: POST /session/b9718e1e48867b0fba4e39bd9ed4a756/element/f.FE1DA32CFDBC8F8C890368A9A93AADEA.d.50101436A4609C39F87DF5FC1380CE2F.e.1590/value - {"text":"502"}
COMMAND: GET /session/b9718e1e48867b0fba4e39bd9ed4a756/screenshot - {}
RESULT: {"text":"502"}
COMMAND: GET /session/b9718e1e48867b0fba4e39bd9ed4a756/screenshot - {}
RESULT: {}
RESULT: {}
COMMAND: POST /session/b9718e1e48867b0fba4e39bd9ed4a756/element - {"using":"xpath","value":"//li[.//span[text()='502']]"}
RESULT: {"using":"xpath","value":"//li[.//span[text()='502']]"}
COMMAND: POST /session/b9718e1e48867b0fba4e39bd9ed4a756/element/f.FE1DA32CFDBC8F8C890368A9A93AADEA.d.50101436A4609C39F87DF5FC1380CE2F.e.1599/click - {}
RESULT: {}
COMMAND: GET /session/b9718e1e48867b0fba4e39bd9ed4a756/screenshot - {}
RESULT: {}
COMMAND: POST /session/b9718e1e48867b0fba4e39bd9ed4a756/actions - {"actions":[{"id":"action3","type":"key","parameters":{},"actions":[{"type":"keyDown","value":"î€‡"},{"type":"pause","duration":10},{"type":"keyUp","value":"î€‡"}]}]}
RESULT: {"actions":[{"id":"action3","type":"key","parameters":{},"actions":[{"type":"keyDown","value":"î€‡"},{"type":"pause","duration":10},{"type":"keyUp","value":"î€‡"}]}]}
COMMAND: POST /session/b9718e1e48867b0fba4e39bd9ed4a756/execute/async - {"script":"<script> [1562 bytes]","args":[{"selector":{"id":"application-managepartners-display-component---NewPartner--externalCustomerComboBox-application-managepartners-display-component---NewPartner--assignmentsTable-0-vhi"},"wdio_ui5_key":"applicationmanagepartners-display-component---NewPartner--externalCustomerComboBox-application-managepartners-display-component---NewPartner--assignmentsTable-0-vhi"}]}
COMMAND: GET /session/b9718e1e48867b0fba4e39bd9ed4a756/screenshot - {}
RESULT: {"script":"<script> [1562 bytes]","args":[{"selector":{"id":"application-managepartners-display-component---NewPartner--externalCustomerComboBox-application-managepartners-display-component---NewPartner--assignmentsTable-0-vhi"},"wdio_ui5_key":"applicationmanagepartners-display-component---NewPartner--externalCustomerComboBox-application-managepartners-display-component---NewPartner--assignmentsTable-0-vhi"}]}
RESULT: undefined
COMMAND: POST /session/b9718e1e48867b0fba4e39bd9ed4a756/element - {"using":"xpath","value":"//*[@id=\"application-managepartners-display-component---NewPartner--externalCustomerComboBox-application-managepartners-display-component---NewPartner--assignmentsTable-0-vhi\"]"}
RESULT: {}
RESULT: {"using":"xpath","value":"//*[@id=\"application-managepartners-display-component---NewPartner--externalCustomerComboBox-application-managepartners-display-component---NewPartner--assignmentsTable-0-vhi\"]"}
COMMAND: POST /session/b9718e1e48867b0fba4e39bd9ed4a756/element/f.FE1DA32CFDBC8F8C890368A9A93AADEA.d.50101436A4609C39F87DF5FC1380CE2F.e.1603/click - {}
RESULT: {}
RESULT: undefined
COMMAND: POST /session/b9718e1e48867b0fba4e39bd9ed4a756/execute/async - {"script":"<script> [776 bytes]","args":[{"enterText":"300003","selector":{"controlType":"sap.m.SearchField","properties":{"placeholder":"Search"},"searchOpenDialogs":true,"interaction":{"idSuffix":"I"}},"clearTextFirst":true,"interactionType":"ENTER_TEXT"}]}
COMMAND: GET /session/b9718e1e48867b0fba4e39bd9ed4a756/screenshot - {}
RESULT: {"script":"<script> [776 bytes]","args":[{"enterText":"300003","selector":{"controlType":"sap.m.SearchField","properties":{"placeholder":"Search"},"searchOpenDialogs":true,"interaction":{"idSuffix":"I"}},"clearTextFirst":true,"interactionType":"ENTER_TEXT"}]}
COMMAND: POST /session/b9718e1e48867b0fba4e39bd9ed4a756/actions - {"actions":[{"id":"action4","type":"key","parameters":{},"actions":[{"type":"keyDown","value":"î€‡"},{"type":"pause","duration":10},{"type":"keyUp","value":"î€‡"}]}]}
RESULT: {}
RESULT: {"actions":[{"id":"action4","type":"key","parameters":{},"actions":[{"type":"keyDown","value":"î€‡"},{"type":"pause","duration":10},{"type":"keyUp","value":"î€‡"}]}]}
COMMAND: GET /session/b9718e1e48867b0fba4e39bd9ed4a756/screenshot - {}
RESULT: {}
COMMAND: POST /session/b9718e1e48867b0fba4e39bd9ed4a756/element - {"using":"xpath","value":"//span[contains(text(), \"300003\")]"}
RESULT: {"using":"xpath","value":"//span[contains(text(), \"300003\")]"}
COMMAND: POST /session/b9718e1e48867b0fba4e39bd9ed4a756/element/f.FE1DA32CFDBC8F8C890368A9A93AADEA.d.50101436A4609C39F87DF5FC1380CE2F.e.1621/click - {}
RESULT: {}
COMMAND: GET /session/b9718e1e48867b0fba4e39bd9ed4a756/screenshot - {}
RESULT: {}
COMMAND: POST /session/b9718e1e48867b0fba4e39bd9ed4a756/element - {"using":"xpath","value":"//bdi[contains(text(), \"OK\")]"}
RESULT: {"using":"xpath","value":"//bdi[contains(text(), \"OK\")]"}
COMMAND: POST /session/b9718e1e48867b0fba4e39bd9ed4a756/element/f.FE1DA32CFDBC8F8C890368A9A93AADEA.d.50101436A4609C39F87DF5FC1380CE2F.e.1623/click - {}
RESULT: {}
COMMAND: GET /session/b9718e1e48867b0fba4e39bd9ed4a756/screenshot - {}
RESULT: {}
COMMAND: POST /session/b9718e1e48867b0fba4e39bd9ed4a756/execute/async - {"script":"<script> [1562 bytes]","args":[{"selector":{"id":"application-managepartners-display-component---NewPartner--intercompVendorComboBox-application-managepartners-display-component---NewPartner--assignmentsTable-0-vhi"},"wdio_ui5_key":"applicationmanagepartners-display-component---NewPartner--intercompVendorComboBox-application-managepartners-display-component---NewPartner--assignmentsTable-0-vhi"}]}
RESULT: {"script":"<script> [1562 bytes]","args":[{"selector":{"id":"application-managepartners-display-component---NewPartner--intercompVendorComboBox-application-managepartners-display-component---NewPartner--assignmentsTable-0-vhi"},"wdio_ui5_key":"applicationmanagepartners-display-component---NewPartner--intercompVendorComboBox-application-managepartners-display-component---NewPartner--assignmentsTable-0-vhi"}]}
RESULT: undefined
COMMAND: POST /session/b9718e1e48867b0fba4e39bd9ed4a756/element - {"using":"xpath","value":"//*[@id=\"application-managepartners-display-component---NewPartner--intercompVendorComboBox-application-managepartners-display-component---NewPartner--assignmentsTable-0-vhi\"]"}
RESULT: {"using":"xpath","value":"//*[@id=\"application-managepartners-display-component---NewPartner--intercompVendorComboBox-application-managepartners-display-component---NewPartner--assignmentsTable-0-vhi\"]"}
COMMAND: POST /session/b9718e1e48867b0fba4e39bd9ed4a756/element/f.FE1DA32CFDBC8F8C890368A9A93AADEA.d.50101436A4609C39F87DF5FC1380CE2F.e.1627/click - {}
RESULT: {}
RESULT: undefined
COMMAND: POST /session/b9718e1e48867b0fba4e39bd9ed4a756/execute/async - {"script":"<script> [776 bytes]","args":[{"enterText":"100005","selector":{"controlType":"sap.m.SearchField","properties":{"placeholder":"Search"},"searchOpenDialogs":true,"interaction":{"idSuffix":"I"}},"clearTextFirst":true,"interactionType":"ENTER_TEXT"}]}
COMMAND: GET /session/b9718e1e48867b0fba4e39bd9ed4a756/screenshot - {}
RESULT: {"script":"<script> [776 bytes]","args":[{"enterText":"100005","selector":{"controlType":"sap.m.SearchField","properties":{"placeholder":"Search"},"searchOpenDialogs":true,"interaction":{"idSuffix":"I"}},"clearTextFirst":true,"interactionType":"ENTER_TEXT"}]}
COMMAND: POST /session/b9718e1e48867b0fba4e39bd9ed4a756/actions - {"actions":[{"id":"action5","type":"key","parameters":{},"actions":[{"type":"keyDown","value":"î€‡"},{"type":"pause","duration":10},{"type":"keyUp","value":"î€‡"}]}]}
RESULT: {}
RESULT: {"actions":[{"id":"action5","type":"key","parameters":{},"actions":[{"type":"keyDown","value":"î€‡"},{"type":"pause","duration":10},{"type":"keyUp","value":"î€‡"}]}]}
COMMAND: GET /session/b9718e1e48867b0fba4e39bd9ed4a756/screenshot - {}
RESULT: {}
COMMAND: POST /session/b9718e1e48867b0fba4e39bd9ed4a756/element - {"using":"xpath","value":"//span[contains(text(), \"Penguins - Field/12345 Berlin\")]"}
RESULT: {"using":"xpath","value":"//span[contains(text(), \"Penguins - Field/12345 Berlin\")]"}
COMMAND: POST /session/b9718e1e48867b0fba4e39bd9ed4a756/element/f.FE1DA32CFDBC8F8C890368A9A93AADEA.d.50101436A4609C39F87DF5FC1380CE2F.e.1646/click - {}
RESULT: {}
COMMAND: GET /session/b9718e1e48867b0fba4e39bd9ed4a756/screenshot - {}
RESULT: {}
COMMAND: POST /session/b9718e1e48867b0fba4e39bd9ed4a756/element - {"using":"xpath","value":"//bdi[contains(text(), \"OK\")]"}
RESULT: {"using":"xpath","value":"//bdi[contains(text(), \"OK\")]"}
COMMAND: POST /session/b9718e1e48867b0fba4e39bd9ed4a756/element/f.FE1DA32CFDBC8F8C890368A9A93AADEA.d.50101436A4609C39F87DF5FC1380CE2F.e.1647/click - {}
RESULT: {}
COMMAND: GET /session/b9718e1e48867b0fba4e39bd9ed4a756/screenshot - {}
RESULT: {}
COMMAND: POST /session/b9718e1e48867b0fba4e39bd9ed4a756/element - {"using":"xpath","value":"//button[@data-kt=\"saveButton\"]"}
RESULT: {"using":"xpath","value":"//button[@data-kt=\"saveButton\"]"}
COMMAND: POST /session/b9718e1e48867b0fba4e39bd9ed4a756/element/f.FE1DA32CFDBC8F8C890368A9A93AADEA.d.50101436A4609C39F87DF5FC1380CE2F.e.1411/click - {}
RESULT: {}
COMMAND: GET /session/b9718e1e48867b0fba4e39bd9ed4a756/screenshot - {}
RESULT: {}
COMMAND: POST /session/b9718e1e48867b0fba4e39bd9ed4a756/element - {"using":"xpath","value":"//header[contains(@id, 'ObjectPageLayout-headerTitle')]/div[1]/div[2]/div[2]/span[1]"}
RESULT: {"using":"xpath","value":"//header[contains(@id, 'ObjectPageLayout-headerTitle')]/div[1]/div[2]/div[2]/span[1]"}
COMMAND: POST /session/b9718e1e48867b0fba4e39bd9ed4a756/elements - {"using":"xpath","value":"//header[contains(@id, 'ObjectPageLayout-headerTitle')]/div[1]/div[2]/div[2]/span[1]"}
RESULT: {"using":"xpath","value":"//header[contains(@id, 'ObjectPageLayout-headerTitle')]/div[1]/div[2]/div[2]/span[1]"}
COMMAND: POST /session/b9718e1e48867b0fba4e39bd9ed4a756/execute/sync - {"script":"<script> [56 bytes]","args":[{"element-6066-11e4-a52e-4f735466cecf":"f.FE1DA32CFDBC8F8C890368A9A93AADEA.d.50101436A4609C39F87DF5FC1380CE2F.e.1812","ELEMENT":"f.FE1DA32CFDBC8F8C890368A9A93AADEA.d.50101436A4609C39F87DF5FC1380CE2F.e.1812"}]}
RESULT: {"script":"<script> [56 bytes]","args":[{"element-6066-11e4-a52e-4f735466cecf":"f.FE1DA32CFDBC8F8C890368A9A93AADEA.d.50101436A4609C39F87DF5FC1380CE2F.e.1812","ELEMENT":"f.FE1DA32CFDBC8F8C890368A9A93AADEA.d.50101436A4609C39F87DF5FC1380CE2F.e.1812"}]}
COMMAND: POST /session/b9718e1e48867b0fba4e39bd9ed4a756/element - {"using":"css selector","value":"#shell-header-logo"}
COMMAND: GET /session/b9718e1e48867b0fba4e39bd9ed4a756/screenshot - {}
RESULT: {"using":"css selector","value":"#shell-header-logo"}
COMMAND: POST /session/b9718e1e48867b0fba4e39bd9ed4a756/element/f.FE1DA32CFDBC8F8C890368A9A93AADEA.d.50101436A4609C39F87DF5FC1380CE2F.e.1026/click - {}
RESULT: {}
RESULT: {}
COMMAND: GET /session/b9718e1e48867b0fba4e39bd9ed4a756/screenshot - {}
RESULT: {}
COMMAND: POST /session/b9718e1e48867b0fba4e39bd9ed4a756/execute/sync - {"script":"<script> [299 bytes]","args":[["getModel","getResource"]]}
RESULT: {"script":"<script> [299 bytes]","args":[["getModel","getResource"]]}
COMMAND: GET /session/b9718e1e48867b0fba4e39bd9ed4a756/screenshot - {}
]]></system-out>
    </testcase>
    <testcase classname="chrome.136_0_7103_93.windows.Billing_confirm_US117289" name="Should create a new site" time="187.269">
      <system-out><![CDATA[
COMMAND: POST /session/b9718e1e48867b0fba4e39bd9ed4a756/execute/async - {"script":"<script> [1562 bytes]","args":[{"selector":{"controlType":"sap.m.GenericTile","properties":{"header":"Manage Sites"}},"wdio_ui5_key":"sapm.GenericTile{\"header\":\"Manage Sites\"}"}]}
RESULT: {}
RESULT: {"script":"<script> [1562 bytes]","args":[{"selector":{"controlType":"sap.m.GenericTile","properties":{"header":"Manage Sites"}},"wdio_ui5_key":"sapm.GenericTile{\"header\":\"Manage Sites\"}"}]}
RESULT: undefined
COMMAND: POST /session/b9718e1e48867b0fba4e39bd9ed4a756/element - {"using":"xpath","value":"//*[@id=\"__tile40\"]"}
RESULT: {"using":"xpath","value":"//*[@id=\"__tile40\"]"}
COMMAND: POST /session/b9718e1e48867b0fba4e39bd9ed4a756/element/f.FE1DA32CFDBC8F8C890368A9A93AADEA.d.50101436A4609C39F87DF5FC1380CE2F.e.160/click - {}
RESULT: {}
COMMAND: GET /session/b9718e1e48867b0fba4e39bd9ed4a756/screenshot - {}
RESULT: {}
COMMAND: POST /session/b9718e1e48867b0fba4e39bd9ed4a756/elements - {"using":"xpath","value":"//span[text()='Error']"}
RESULT: {"using":"xpath","value":"//span[text()='Error']"}
COMMAND: POST /session/b9718e1e48867b0fba4e39bd9ed4a756/element - {"using":"xpath","value":"//button[@data-kt=\"addOverflowToolbarButton\"]"}
RESULT: {"using":"xpath","value":"//button[@data-kt=\"addOverflowToolbarButton\"]"}
COMMAND: POST /session/b9718e1e48867b0fba4e39bd9ed4a756/elements - {"using":"xpath","value":"//button[@data-kt=\"addOverflowToolbarButton\"]"}
RESULT: {"using":"xpath","value":"//button[@data-kt=\"addOverflowToolbarButton\"]"}
COMMAND: POST /session/b9718e1e48867b0fba4e39bd9ed4a756/execute/sync - {"script":"<script> [8489 bytes]","args":[{"element-6066-11e4-a52e-4f735466cecf":"f.FE1DA32CFDBC8F8C890368A9A93AADEA.d.50101436A4609C39F87DF5FC1380CE2F.e.1854","ELEMENT":"f.FE1DA32CFDBC8F8C890368A9A93AADEA.d.50101436A4609C39F87DF5FC1380CE2F.e.1854"}]}
RESULT: {"script":"<script> [8489 bytes]","args":[{"element-6066-11e4-a52e-4f735466cecf":"f.FE1DA32CFDBC8F8C890368A9A93AADEA.d.50101436A4609C39F87DF5FC1380CE2F.e.1854","ELEMENT":"f.FE1DA32CFDBC8F8C890368A9A93AADEA.d.50101436A4609C39F87DF5FC1380CE2F.e.1854"}]}
COMMAND: GET /session/b9718e1e48867b0fba4e39bd9ed4a756/element/f.FE1DA32CFDBC8F8C890368A9A93AADEA.d.50101436A4609C39F87DF5FC1380CE2F.e.1854/enabled - {}
COMMAND: GET /session/b9718e1e48867b0fba4e39bd9ed4a756/screenshot - {}
RESULT: {}
COMMAND: POST /session/b9718e1e48867b0fba4e39bd9ed4a756/execute/sync - {"script":"<script> [8489 bytes]","args":[{"element-6066-11e4-a52e-4f735466cecf":"f.FE1DA32CFDBC8F8C890368A9A93AADEA.d.50101436A4609C39F87DF5FC1380CE2F.e.1854","ELEMENT":"f.FE1DA32CFDBC8F8C890368A9A93AADEA.d.50101436A4609C39F87DF5FC1380CE2F.e.1854"}]}
COMMAND: GET /session/b9718e1e48867b0fba4e39bd9ed4a756/screenshot - {}
RESULT: {}
RESULT: {"script":"<script> [8489 bytes]","args":[{"element-6066-11e4-a52e-4f735466cecf":"f.FE1DA32CFDBC8F8C890368A9A93AADEA.d.50101436A4609C39F87DF5FC1380CE2F.e.1854","ELEMENT":"f.FE1DA32CFDBC8F8C890368A9A93AADEA.d.50101436A4609C39F87DF5FC1380CE2F.e.1854"}]}
COMMAND: POST /session/b9718e1e48867b0fba4e39bd9ed4a756/execute/sync - {"script":"<script> [5351 bytes]","args":[{"element-6066-11e4-a52e-4f735466cecf":"f.FE1DA32CFDBC8F8C890368A9A93AADEA.d.50101436A4609C39F87DF5FC1380CE2F.e.1854","ELEMENT":"f.FE1DA32CFDBC8F8C890368A9A93AADEA.d.50101436A4609C39F87DF5FC1380CE2F.e.1854"}]}
COMMAND: GET /session/b9718e1e48867b0fba4e39bd9ed4a756/screenshot - {}
RESULT: {}
RESULT: {"script":"<script> [5351 bytes]","args":[{"element-6066-11e4-a52e-4f735466cecf":"f.FE1DA32CFDBC8F8C890368A9A93AADEA.d.50101436A4609C39F87DF5FC1380CE2F.e.1854","ELEMENT":"f.FE1DA32CFDBC8F8C890368A9A93AADEA.d.50101436A4609C39F87DF5FC1380CE2F.e.1854"}]}
COMMAND: POST /session/b9718e1e48867b0fba4e39bd9ed4a756/element/f.FE1DA32CFDBC8F8C890368A9A93AADEA.d.50101436A4609C39F87DF5FC1380CE2F.e.1854/click - {}
COMMAND: GET /session/b9718e1e48867b0fba4e39bd9ed4a756/screenshot - {}
RESULT: {}
RESULT: {}
COMMAND: GET /session/b9718e1e48867b0fba4e39bd9ed4a756/screenshot - {}
COMMAND: POST /session/b9718e1e48867b0fba4e39bd9ed4a756/element - {"using":"xpath","value":"//input[@id=\"application-managesites-display-component---NewSite--siteId-inner\"]"}
RESULT: {}
RESULT: {}
RESULT: {"using":"xpath","value":"//input[@id=\"application-managesites-display-component---NewSite--siteId-inner\"]"}
COMMAND: POST /session/b9718e1e48867b0fba4e39bd9ed4a756/element - {"using":"xpath","value":"//input[@id=\"application-managesites-display-component---NewSite--siteId-inner\"]"}
RESULT: {"using":"xpath","value":"//input[@id=\"application-managesites-display-component---NewSite--siteId-inner\"]"}
COMMAND: POST /session/b9718e1e48867b0fba4e39bd9ed4a756/execute/async - {"script":"<script> [1562 bytes]","args":[{"selector":{"id":"application-managesites-display-component---NewSite--addressDetailDetailsName1","interaction":{"idSuffix":"inner"}},"wdio_ui5_key":"applicationmanagesites-display-component---NewSite--addressDetailDetailsName1"}]}
RESULT: {"script":"<script> [1562 bytes]","args":[{"selector":{"id":"application-managesites-display-component---NewSite--addressDetailDetailsName1","interaction":{"idSuffix":"inner"}},"wdio_ui5_key":"applicationmanagesites-display-component---NewSite--addressDetailDetailsName1"}]}
RESULT: undefined
COMMAND: POST /session/b9718e1e48867b0fba4e39bd9ed4a756/execute/async - {"script":"<script> [776 bytes]","args":[{"enterText":"Intracompany Site wdIO","selector":{"id":"application-managesites-display-component---NewSite--addressDetailDetailsName1","interaction":{"idSuffix":"inner"}},"clearTextFirst":true,"interactionType":"ENTER_TEXT"}]}
RESULT: {"script":"<script> [776 bytes]","args":[{"enterText":"Intracompany Site wdIO","selector":{"id":"application-managesites-display-component---NewSite--addressDetailDetailsName1","interaction":{"idSuffix":"inner"}},"clearTextFirst":true,"interactionType":"ENTER_TEXT"}]}
COMMAND: POST /session/b9718e1e48867b0fba4e39bd9ed4a756/execute/async - {"script":"<script> [1562 bytes]","args":[{"selector":{"id":"application-managesites-display-component---NewSite--addressDetailDetailsLanguage-arrow"},"wdio_ui5_key":"applicationmanagesites-display-component---NewSite--addressDetailDetailsLanguage-arrow"}]}
RESULT: {"script":"<script> [1562 bytes]","args":[{"selector":{"id":"application-managesites-display-component---NewSite--addressDetailDetailsLanguage-arrow"},"wdio_ui5_key":"applicationmanagesites-display-component---NewSite--addressDetailDetailsLanguage-arrow"}]}
RESULT: undefined
COMMAND: POST /session/b9718e1e48867b0fba4e39bd9ed4a756/element - {"using":"xpath","value":"//*[@id=\"application-managesites-display-component---NewSite--addressDetailDetailsLanguage-arrow\"]"}
RESULT: {"using":"xpath","value":"//*[@id=\"application-managesites-display-component---NewSite--addressDetailDetailsLanguage-arrow\"]"}
COMMAND: POST /session/b9718e1e48867b0fba4e39bd9ed4a756/element/f.FE1DA32CFDBC8F8C890368A9A93AADEA.d.50101436A4609C39F87DF5FC1380CE2F.e.2495/click - {}
RESULT: {}
COMMAND: POST /session/b9718e1e48867b0fba4e39bd9ed4a756/element - {"using":"xpath","value":"//span[contains(text(), \"English\")]"}
COMMAND: GET /session/b9718e1e48867b0fba4e39bd9ed4a756/screenshot - {}
RESULT: {"using":"xpath","value":"//span[contains(text(), \"English\")]"}
COMMAND: POST /session/b9718e1e48867b0fba4e39bd9ed4a756/element/f.FE1DA32CFDBC8F8C890368A9A93AADEA.d.50101436A4609C39F87DF5FC1380CE2F.e.2496/click - {}
RESULT: {}
RESULT: {}
COMMAND: POST /session/b9718e1e48867b0fba4e39bd9ed4a756/execute/async - {"script":"<script> [1562 bytes]","args":[{"selector":{"id":"application-managesites-display-component---NewSite--addressDetailDetailsCity1","interaction":{"idSuffix":"inner"}},"wdio_ui5_key":"applicationmanagesites-display-component---NewSite--addressDetailDetailsCity1"}]}
COMMAND: GET /session/b9718e1e48867b0fba4e39bd9ed4a756/screenshot - {}
RESULT: {"script":"<script> [1562 bytes]","args":[{"selector":{"id":"application-managesites-display-component---NewSite--addressDetailDetailsCity1","interaction":{"idSuffix":"inner"}},"wdio_ui5_key":"applicationmanagesites-display-component---NewSite--addressDetailDetailsCity1"}]}
RESULT: undefined
COMMAND: POST /session/b9718e1e48867b0fba4e39bd9ed4a756/execute/async - {"script":"<script> [776 bytes]","args":[{"enterText":"Rosario","selector":{"id":"application-managesites-display-component---NewSite--addressDetailDetailsCity1","interaction":{"idSuffix":"inner"}},"clearTextFirst":true,"interactionType":"ENTER_TEXT"}]}
RESULT: {}
RESULT: {"script":"<script> [776 bytes]","args":[{"enterText":"Rosario","selector":{"id":"application-managesites-display-component---NewSite--addressDetailDetailsCity1","interaction":{"idSuffix":"inner"}},"clearTextFirst":true,"interactionType":"ENTER_TEXT"}]}
COMMAND: POST /session/b9718e1e48867b0fba4e39bd9ed4a756/execute/async - {"script":"<script> [1562 bytes]","args":[{"selector":{"id":"application-managesites-display-component---NewSite--addressDetailDetailsCountry-arrow"},"wdio_ui5_key":"applicationmanagesites-display-component---NewSite--addressDetailDetailsCountry-arrow"}]}
RESULT: {"script":"<script> [1562 bytes]","args":[{"selector":{"id":"application-managesites-display-component---NewSite--addressDetailDetailsCountry-arrow"},"wdio_ui5_key":"applicationmanagesites-display-component---NewSite--addressDetailDetailsCountry-arrow"}]}
RESULT: undefined
COMMAND: POST /session/b9718e1e48867b0fba4e39bd9ed4a756/element - {"using":"xpath","value":"//*[@id=\"application-managesites-display-component---NewSite--addressDetailDetailsCountry-arrow\"]"}
RESULT: {"using":"xpath","value":"//*[@id=\"application-managesites-display-component---NewSite--addressDetailDetailsCountry-arrow\"]"}
COMMAND: POST /session/b9718e1e48867b0fba4e39bd9ed4a756/element/f.FE1DA32CFDBC8F8C890368A9A93AADEA.d.50101436A4609C39F87DF5FC1380CE2F.e.2498/click - {}
RESULT: {}
COMMAND: POST /session/b9718e1e48867b0fba4e39bd9ed4a756/element - {"using":"xpath","value":"//span[contains(text(), \"Argentina\")]"}
COMMAND: GET /session/b9718e1e48867b0fba4e39bd9ed4a756/screenshot - {}
RESULT: {"using":"xpath","value":"//span[contains(text(), \"Argentina\")]"}
COMMAND: POST /session/b9718e1e48867b0fba4e39bd9ed4a756/element/f.FE1DA32CFDBC8F8C890368A9A93AADEA.d.50101436A4609C39F87DF5FC1380CE2F.e.2499/click - {}
RESULT: {}
RESULT: {}
COMMAND: GET /session/b9718e1e48867b0fba4e39bd9ed4a756/screenshot - {}
RESULT: {}
COMMAND: POST /session/b9718e1e48867b0fba4e39bd9ed4a756/execute/async - {"script":"<script> [1562 bytes]","args":[{"selector":{"id":"application-managesites-display-component---NewSite--addressEditDetailsCostObjectCstType-arrow"},"wdio_ui5_key":"applicationmanagesites-display-component---NewSite--addressEditDetailsCostObjectCstType-arrow"}]}
RESULT: {"script":"<script> [1562 bytes]","args":[{"selector":{"id":"application-managesites-display-component---NewSite--addressEditDetailsCostObjectCstType-arrow"},"wdio_ui5_key":"applicationmanagesites-display-component---NewSite--addressEditDetailsCostObjectCstType-arrow"}]}
RESULT: undefined
COMMAND: POST /session/b9718e1e48867b0fba4e39bd9ed4a756/element - {"using":"xpath","value":"//*[@id=\"application-managesites-display-component---NewSite--addressEditDetailsCostObjectCstType-arrow\"]"}
RESULT: {"using":"xpath","value":"//*[@id=\"application-managesites-display-component---NewSite--addressEditDetailsCostObjectCstType-arrow\"]"}
COMMAND: POST /session/b9718e1e48867b0fba4e39bd9ed4a756/element/f.FE1DA32CFDBC8F8C890368A9A93AADEA.d.50101436A4609C39F87DF5FC1380CE2F.e.2501/click - {}
RESULT: {}
COMMAND: POST /session/b9718e1e48867b0fba4e39bd9ed4a756/element - {"using":"xpath","value":"//span[contains(text(), \"Cost Center\")]"}
COMMAND: GET /session/b9718e1e48867b0fba4e39bd9ed4a756/screenshot - {}
RESULT: {"using":"xpath","value":"//span[contains(text(), \"Cost Center\")]"}
COMMAND: POST /session/b9718e1e48867b0fba4e39bd9ed4a756/element/f.FE1DA32CFDBC8F8C890368A9A93AADEA.d.50101436A4609C39F87DF5FC1380CE2F.e.2502/click - {}
RESULT: {}
RESULT: {}
COMMAND: GET /session/b9718e1e48867b0fba4e39bd9ed4a756/screenshot - {}
RESULT: {}
COMMAND: POST /session/b9718e1e48867b0fba4e39bd9ed4a756/element - {"using":"xpath","value":"//span[@id=\"application-managesites-display-component---NewSite--addressNewCostObjectCstID-vhi\"]"}
RESULT: {"using":"xpath","value":"//span[@id=\"application-managesites-display-component---NewSite--addressNewCostObjectCstID-vhi\"]"}
COMMAND: POST /session/b9718e1e48867b0fba4e39bd9ed4a756/execute/sync - {"script":"<script> [8489 bytes]","args":[{"element-6066-11e4-a52e-4f735466cecf":"f.FE1DA32CFDBC8F8C890368A9A93AADEA.d.50101436A4609C39F87DF5FC1380CE2F.e.2507","ELEMENT":"f.FE1DA32CFDBC8F8C890368A9A93AADEA.d.50101436A4609C39F87DF5FC1380CE2F.e.2507"}]}
RESULT: {"script":"<script> [8489 bytes]","args":[{"element-6066-11e4-a52e-4f735466cecf":"f.FE1DA32CFDBC8F8C890368A9A93AADEA.d.50101436A4609C39F87DF5FC1380CE2F.e.2507","ELEMENT":"f.FE1DA32CFDBC8F8C890368A9A93AADEA.d.50101436A4609C39F87DF5FC1380CE2F.e.2507"}]}
COMMAND: POST /session/b9718e1e48867b0fba4e39bd9ed4a756/execute/async - {"script":"<script> [1562 bytes]","args":[{"selector":{"id":"application-managesites-display-component---NewSite--addressNewCostObjectCstID-vhi"},"wdio_ui5_key":"applicationmanagesites-display-component---NewSite--addressNewCostObjectCstID-vhi"}]}
COMMAND: GET /session/b9718e1e48867b0fba4e39bd9ed4a756/screenshot - {}
RESULT: {"script":"<script> [1562 bytes]","args":[{"selector":{"id":"application-managesites-display-component---NewSite--addressNewCostObjectCstID-vhi"},"wdio_ui5_key":"applicationmanagesites-display-component---NewSite--addressNewCostObjectCstID-vhi"}]}
RESULT: undefined
COMMAND: POST /session/b9718e1e48867b0fba4e39bd9ed4a756/element - {"using":"xpath","value":"//*[@id=\"application-managesites-display-component---NewSite--addressNewCostObjectCstID-vhi\"]"}
RESULT: {}
RESULT: {"using":"xpath","value":"//*[@id=\"application-managesites-display-component---NewSite--addressNewCostObjectCstID-vhi\"]"}
COMMAND: POST /session/b9718e1e48867b0fba4e39bd9ed4a756/element/f.FE1DA32CFDBC8F8C890368A9A93AADEA.d.50101436A4609C39F87DF5FC1380CE2F.e.2507/click - {}
RESULT: {}
COMMAND: GET /session/b9718e1e48867b0fba4e39bd9ed4a756/screenshot - {}
RESULT: {}
RESULT: undefined
COMMAND: POST /session/b9718e1e48867b0fba4e39bd9ed4a756/execute/async - {"script":"<script> [776 bytes]","args":[{"enterText":"10001013","selector":{"controlType":"sap.m.SearchField","properties":{"placeholder":"Search"},"searchOpenDialogs":true,"interaction":{"idSuffix":"I"}},"clearTextFirst":true,"interactionType":"ENTER_TEXT"}]}
RESULT: {"script":"<script> [776 bytes]","args":[{"enterText":"10001013","selector":{"controlType":"sap.m.SearchField","properties":{"placeholder":"Search"},"searchOpenDialogs":true,"interaction":{"idSuffix":"I"}},"clearTextFirst":true,"interactionType":"ENTER_TEXT"}]}
COMMAND: POST /session/b9718e1e48867b0fba4e39bd9ed4a756/actions - {"actions":[{"id":"action6","type":"key","parameters":{},"actions":[{"type":"keyDown","value":"î€‡"},{"type":"pause","duration":10},{"type":"keyUp","value":"î€‡"}]}]}
RESULT: {"actions":[{"id":"action6","type":"key","parameters":{},"actions":[{"type":"keyDown","value":"î€‡"},{"type":"pause","duration":10},{"type":"keyUp","value":"î€‡"}]}]}
COMMAND: GET /session/b9718e1e48867b0fba4e39bd9ed4a756/screenshot - {}
RESULT: {}
COMMAND: POST /session/b9718e1e48867b0fba4e39bd9ed4a756/element - {"using":"xpath","value":"//span[contains(text(), \"General Management\")]"}
RESULT: {"using":"xpath","value":"//span[contains(text(), \"General Management\")]"}
COMMAND: POST /session/b9718e1e48867b0fba4e39bd9ed4a756/element/f.FE1DA32CFDBC8F8C890368A9A93AADEA.d.50101436A4609C39F87DF5FC1380CE2F.e.2547/click - {}
RESULT: {}
COMMAND: GET /session/b9718e1e48867b0fba4e39bd9ed4a756/screenshot - {}
RESULT: {}
COMMAND: POST /session/b9718e1e48867b0fba4e39bd9ed4a756/element - {"using":"xpath","value":"//bdi[contains(text(), \"OK\")]"}
RESULT: {"using":"xpath","value":"//bdi[contains(text(), \"OK\")]"}
COMMAND: POST /session/b9718e1e48867b0fba4e39bd9ed4a756/element/f.FE1DA32CFDBC8F8C890368A9A93AADEA.d.50101436A4609C39F87DF5FC1380CE2F.e.2548/click - {}
RESULT: {}
COMMAND: GET /session/b9718e1e48867b0fba4e39bd9ed4a756/screenshot - {}
RESULT: {}
COMMAND: POST /session/b9718e1e48867b0fba4e39bd9ed4a756/element - {"using":"xpath","value":"//input[@id=\"application-managesites-display-component---NewSite--addressDetailDetailsCalendar-inner\"]"}
RESULT: {"using":"xpath","value":"//input[@id=\"application-managesites-display-component---NewSite--addressDetailDetailsCalendar-inner\"]"}
COMMAND: POST /session/b9718e1e48867b0fba4e39bd9ed4a756/element/f.FE1DA32CFDBC8F8C890368A9A93AADEA.d.50101436A4609C39F87DF5FC1380CE2F.e.2297/clear - {}
RESULT: {}
COMMAND: POST /session/b9718e1e48867b0fba4e39bd9ed4a756/element/f.FE1DA32CFDBC8F8C890368A9A93AADEA.d.50101436A4609C39F87DF5FC1380CE2F.e.2297/value - {"text":"Unit"}
COMMAND: GET /session/b9718e1e48867b0fba4e39bd9ed4a756/screenshot - {}
RESULT: {"text":"Unit"}
COMMAND: GET /session/b9718e1e48867b0fba4e39bd9ed4a756/screenshot - {}
RESULT: {}
RESULT: {}
COMMAND: POST /session/b9718e1e48867b0fba4e39bd9ed4a756/actions - {"actions":[{"id":"action7","type":"key","parameters":{},"actions":[{"type":"keyDown","value":"î€‡"},{"type":"pause","duration":10},{"type":"keyUp","value":"î€‡"}]}]}
RESULT: {"actions":[{"id":"action7","type":"key","parameters":{},"actions":[{"type":"keyDown","value":"î€‡"},{"type":"pause","duration":10},{"type":"keyUp","value":"î€‡"}]}]}
COMMAND: POST /session/b9718e1e48867b0fba4e39bd9ed4a756/element - {"using":"xpath","value":"//input[@id=\"application-managesites-display-component---NewSite--addressDetailDetailsYard-inner\"]"}
COMMAND: GET /session/b9718e1e48867b0fba4e39bd9ed4a756/screenshot - {}
RESULT: {"using":"xpath","value":"//input[@id=\"application-managesites-display-component---NewSite--addressDetailDetailsYard-inner\"]"}
COMMAND: POST /session/b9718e1e48867b0fba4e39bd9ed4a756/element/f.FE1DA32CFDBC8F8C890368A9A93AADEA.d.50101436A4609C39F87DF5FC1380CE2F.e.2298/clear - {}
RESULT: {}
RESULT: {}
COMMAND: POST /session/b9718e1e48867b0fba4e39bd9ed4a756/element/f.FE1DA32CFDBC8F8C890368A9A93AADEA.d.50101436A4609C39F87DF5FC1380CE2F.e.2298/value - {"text":"502"}
COMMAND: GET /session/b9718e1e48867b0fba4e39bd9ed4a756/screenshot - {}
RESULT: {"text":"502"}
COMMAND: GET /session/b9718e1e48867b0fba4e39bd9ed4a756/screenshot - {}
RESULT: {}
RESULT: {}
COMMAND: POST /session/b9718e1e48867b0fba4e39bd9ed4a756/element - {"using":"xpath","value":"//li[.//span[text()='502']]"}
RESULT: {"using":"xpath","value":"//li[.//span[text()='502']]"}
COMMAND: POST /session/b9718e1e48867b0fba4e39bd9ed4a756/element/f.FE1DA32CFDBC8F8C890368A9A93AADEA.d.50101436A4609C39F87DF5FC1380CE2F.e.2556/click - {}
RESULT: {}
COMMAND: GET /session/b9718e1e48867b0fba4e39bd9ed4a756/screenshot - {}
RESULT: {}
COMMAND: POST /session/b9718e1e48867b0fba4e39bd9ed4a756/element - {"using":"xpath","value":"//input[@id=\"application-managesites-display-component---NewSite--addressDetailDetailsPartner-inner\"]"}
RESULT: {"using":"xpath","value":"//input[@id=\"application-managesites-display-component---NewSite--addressDetailDetailsPartner-inner\"]"}
COMMAND: POST /session/b9718e1e48867b0fba4e39bd9ed4a756/element - {"using":"xpath","value":"//input[@id=\"application-managesites-display-component---NewSite--addressDetailDetailsPartner-inner\"]"}
RESULT: {"using":"xpath","value":"//input[@id=\"application-managesites-display-component---NewSite--addressDetailDetailsPartner-inner\"]"}
COMMAND: POST /session/b9718e1e48867b0fba4e39bd9ed4a756/element - {"using":"xpath","value":"//button[@data-kt=\"saveButton\"]"}
RESULT: {"using":"xpath","value":"//button[@data-kt=\"saveButton\"]"}
COMMAND: POST /session/b9718e1e48867b0fba4e39bd9ed4a756/element/f.FE1DA32CFDBC8F8C890368A9A93AADEA.d.50101436A4609C39F87DF5FC1380CE2F.e.2428/click - {}
RESULT: {}
COMMAND: GET /session/b9718e1e48867b0fba4e39bd9ed4a756/screenshot - {}
RESULT: {}
COMMAND: POST /session/b9718e1e48867b0fba4e39bd9ed4a756/element - {"using":"xpath","value":"//header[contains(@id, 'ObjectPageLayout-headerTitle')]/div[1]/div[2]/div[2]/span[1]"}
RESULT: {"using":"xpath","value":"//header[contains(@id, 'ObjectPageLayout-headerTitle')]/div[1]/div[2]/div[2]/span[1]"}
COMMAND: POST /session/b9718e1e48867b0fba4e39bd9ed4a756/elements - {"using":"xpath","value":"//header[contains(@id, 'ObjectPageLayout-headerTitle')]/div[1]/div[2]/div[2]/span[1]"}
RESULT: {"using":"xpath","value":"//header[contains(@id, 'ObjectPageLayout-headerTitle')]/div[1]/div[2]/div[2]/span[1]"}
COMMAND: POST /session/b9718e1e48867b0fba4e39bd9ed4a756/execute/sync - {"script":"<script> [56 bytes]","args":[{"element-6066-11e4-a52e-4f735466cecf":"f.FE1DA32CFDBC8F8C890368A9A93AADEA.d.50101436A4609C39F87DF5FC1380CE2F.e.2758","ELEMENT":"f.FE1DA32CFDBC8F8C890368A9A93AADEA.d.50101436A4609C39F87DF5FC1380CE2F.e.2758"}]}
RESULT: {"script":"<script> [56 bytes]","args":[{"element-6066-11e4-a52e-4f735466cecf":"f.FE1DA32CFDBC8F8C890368A9A93AADEA.d.50101436A4609C39F87DF5FC1380CE2F.e.2758","ELEMENT":"f.FE1DA32CFDBC8F8C890368A9A93AADEA.d.50101436A4609C39F87DF5FC1380CE2F.e.2758"}]}
COMMAND: POST /session/b9718e1e48867b0fba4e39bd9ed4a756/element - {"using":"css selector","value":"#shell-header-logo"}
COMMAND: GET /session/b9718e1e48867b0fba4e39bd9ed4a756/screenshot - {}
RESULT: {"using":"css selector","value":"#shell-header-logo"}
COMMAND: POST /session/b9718e1e48867b0fba4e39bd9ed4a756/element/f.FE1DA32CFDBC8F8C890368A9A93AADEA.d.50101436A4609C39F87DF5FC1380CE2F.e.1826/click - {}
RESULT: {}
RESULT: {}
COMMAND: GET /session/b9718e1e48867b0fba4e39bd9ed4a756/screenshot - {}
RESULT: {}
COMMAND: POST /session/b9718e1e48867b0fba4e39bd9ed4a756/execute/sync - {"script":"<script> [299 bytes]","args":[["getModel","getResource"]]}
RESULT: {"script":"<script> [299 bytes]","args":[["getModel","getResource"]]}
COMMAND: POST /session/b9718e1e48867b0fba4e39bd9ed4a756/actions - {"actions":[{"id":"action8","type":"key","parameters":{},"actions":[{"type":"keyDown","value":"î€‡"},{"type":"pause","duration":10},{"type":"keyUp","value":"î€‡"}]}]}
COMMAND: GET /session/b9718e1e48867b0fba4e39bd9ed4a756/screenshot - {}
RESULT: {"actions":[{"id":"action8","type":"key","parameters":{},"actions":[{"type":"keyDown","value":"î€‡"},{"type":"pause","duration":10},{"type":"keyUp","value":"î€‡"}]}]}
COMMAND: GET /session/b9718e1e48867b0fba4e39bd9ed4a756/screenshot - {}
RESULT: {}
RESULT: {}
COMMAND: POST /session/b9718e1e48867b0fba4e39bd9ed4a756/refresh - {}
RESULT: {}
COMMAND: GET /session/b9718e1e48867b0fba4e39bd9ed4a756/screenshot - {}
COMMAND: POST /session/b9718e1e48867b0fba4e39bd9ed4a756/refresh - {}
RESULT: {}
RESULT: {}
COMMAND: GET /session/b9718e1e48867b0fba4e39bd9ed4a756/screenshot - {}
RESULT: {}
COMMAND: POST /session/b9718e1e48867b0fba4e39bd9ed4a756/window/fullscreen - {}
RESULT: {}
COMMAND: POST /session/b9718e1e48867b0fba4e39bd9ed4a756/execute/async - {"script":"<script> [189 bytes]","args":[]}
RESULT: {"script":"<script> [189 bytes]","args":[]}
COMMAND: POST /session/b9718e1e48867b0fba4e39bd9ed4a756/execute/async - {"script":"<script> [123 bytes]","args":[]}
RESULT: {"script":"<script> [123 bytes]","args":[]}
COMMAND: POST /session/b9718e1e48867b0fba4e39bd9ed4a756/timeouts - {"script":"<number>"}
RESULT: {"script":"<number>"}
COMMAND: GET /session/b9718e1e48867b0fba4e39bd9ed4a756/timeouts - {}
RESULT: {}
RESULT: undefined
COMMAND: POST /session/b9718e1e48867b0fba4e39bd9ed4a756/execute/async - {"script":"<script> [2676 bytes]","args":[]}
RESULT: {"script":"<script> [2676 bytes]","args":[]}
COMMAND: POST /session/b9718e1e48867b0fba4e39bd9ed4a756/execute/async - {"script":"<script> [2342 bytes]","args":[{"protocol":"http","hostname":"0.0.0.0","path":"/","capabilities":{"browserName":"chrome","goog:chromeOptions":{"binary":"C:\\Program Files\\Google\\Chrome\\Application\\chrome.exe","args":["--start-maximized"]}},"logLevel":"warn","connectionRetryTimeout":120000,"connectionRetryCount":3,"logLevels":{},"enableDirectConnect":true,"strictSSL":true,"_":"65 more keys: [\"cacheDir\",\"port\",\"requestedCapabilities\",\"automationProtocol\",\"baseUrl\",\"waitforInterval\",\"waitforTimeout\",\"onReload\",\"beforeCommand\",\"afterCommand\",\"rootDir\",\"specs\",\"suites\",\"exclude\",\"groupLogsByTestSpec\",\"excludeDriverLogs\",\"bail\",\"framework\",\"reporters\",\"services\",\"maxInstances\",\"maxInstancesPerCapability\",\"injectGlobals\",\"filesToWatch\",\"execArgv\",\"runnerEnv\",\"runner\",\"shard\",\"specFileRetries\",\"specFileRetriesDelay\",\"specFileRetriesDeferred\",\"reporterSyncInterval\",\"reporterSyncTimeout\",\"cucumberFeaturesWithLineNumbers\",\"autoCompileOpts\",\"mochaOpts\",\"jasmineOpts\",\"cucumberOpts\",\"onPrepare\",\"onWorkerStart\",\"onWorkerEnd\",\"before\",\"beforeSession\",\"beforeSuite\",\"beforeHook\",\"beforeTest\",\"afterTest\",\"afterHook\",\"afterSuite\",\"afterSession\",\"after\",\"onComplete\",\"beforeAssertion\",\"afterAssertion\",\"beforeFeature\",\"beforeScenario\",\"beforeStep\",\"afterStep\",\"afterScenario\",\"afterFeature\",\"_\",\"suite\",\"$0\",\"ignoredWorkerServices\",\"wdi5\"]"}]}
RESULT: {"script":"<script> [2342 bytes]","args":[{"protocol":"http","hostname":"0.0.0.0","path":"/","capabilities":{"browserName":"chrome","goog:chromeOptions":{"binary":"C:\\Program Files\\Google\\Chrome\\Application\\chrome.exe","args":["--start-maximized"]}},"logLevel":"warn","connectionRetryTimeout":120000,"connectionRetryCount":3,"logLevels":{},"enableDirectConnect":true,"strictSSL":true,"_":"65 more keys: [\"cacheDir\",\"port\",\"requestedCapabilities\",\"automationProtocol\",\"baseUrl\",\"waitforInterval\",\"waitforTimeout\",\"onReload\",\"beforeCommand\",\"afterCommand\",\"rootDir\",\"specs\",\"suites\",\"exclude\",\"groupLogsByTestSpec\",\"excludeDriverLogs\",\"bail\",\"framework\",\"reporters\",\"services\",\"maxInstances\",\"maxInstancesPerCapability\",\"injectGlobals\",\"filesToWatch\",\"execArgv\",\"runnerEnv\",\"runner\",\"shard\",\"specFileRetries\",\"specFileRetriesDelay\",\"specFileRetriesDeferred\",\"reporterSyncInterval\",\"reporterSyncTimeout\",\"cucumberFeaturesWithLineNumbers\",\"autoCompileOpts\",\"mochaOpts\",\"jasmineOpts\",\"cucumberOpts\",\"onPrepare\",\"onWorkerStart\",\"onWorkerEnd\",\"before\",\"beforeSession\",\"beforeSuite\",\"beforeHook\",\"beforeTest\",\"afterTest\",\"afterHook\",\"afterSuite\",\"afterSession\",\"after\",\"onComplete\",\"beforeAssertion\",\"afterAssertion\",\"beforeFeature\",\"beforeScenario\",\"beforeStep\",\"afterStep\",\"afterScenario\",\"afterFeature\",\"_\",\"suite\",\"$0\",\"ignoredWorkerServices\",\"wdi5\"]"}]}
COMMAND: POST /session/b9718e1e48867b0fba4e39bd9ed4a756/execute/async - {"script":"<script> [21126 bytes]","args":[35000]}
RESULT: {"script":"<script> [21126 bytes]","args":[35000]}
COMMAND: POST /session/b9718e1e48867b0fba4e39bd9ed4a756/window/fullscreen - {}
RESULT: {}
]]></system-out>
    </testcase>
  </testsuite>
  <testsuite timestamp="2025-05-17T17:25:43" time="1368.656" tests="14" failures="0" errors="0" skipped="0">
    <properties>
      <property name="specId" value="0" />
      <property name="suiteName" value="Create master data for mixed billing &amp; do billing calculation US151661" />
      <property name="capabilities" value="chrome.136_0_7103_93.windows" />
      <property name="file" value="file:///D:/a/1/s/test/specs/BTS/billing-calculation-mixed.spec.js" />
    </properties>
    <testcase classname="chrome.136_0_7103_93.windows.Create_master_data_for_mixed_billing_&amp;_do_billing_calculation_US151661" name="Should create a new yard" time="128.846">
      <system-out><![CDATA[
COMMAND: POST /session/b9718e1e48867b0fba4e39bd9ed4a756/window/fullscreen - {}
RESULT: {}
COMMAND: POST /session/b9718e1e48867b0fba4e39bd9ed4a756/execute/async - {"script":"<script> [1562 bytes]","args":[{"selector":{"controlType":"sap.m.GenericTile","properties":{"header":"Manage Yards"}},"wdio_ui5_key":"sapm.GenericTile{\"header\":\"Manage Yards\"}"}]}
RESULT: {"script":"<script> [1562 bytes]","args":[{"selector":{"controlType":"sap.m.GenericTile","properties":{"header":"Manage Yards"}},"wdio_ui5_key":"sapm.GenericTile{\"header\":\"Manage Yards\"}"}]}
RESULT: undefined
COMMAND: POST /session/b9718e1e48867b0fba4e39bd9ed4a756/element - {"using":"xpath","value":"//*[@id=\"__tile41\"]"}
RESULT: {"using":"xpath","value":"//*[@id=\"__tile41\"]"}
COMMAND: POST /session/b9718e1e48867b0fba4e39bd9ed4a756/element/f.FE1DA32CFDBC8F8C890368A9A93AADEA.d.C3A205F6D5F0689957B2F818AF31951C.e.3564/click - {}
RESULT: {}
COMMAND: GET /session/b9718e1e48867b0fba4e39bd9ed4a756/screenshot - {}
RESULT: {}
COMMAND: POST /session/b9718e1e48867b0fba4e39bd9ed4a756/elements - {"using":"xpath","value":"//span[text()='Error']"}
RESULT: {"using":"xpath","value":"//span[text()='Error']"}
COMMAND: POST /session/b9718e1e48867b0fba4e39bd9ed4a756/element - {"using":"xpath","value":"//button[@data-kt=\"addNewYardOverflowToolbarButton\"]"}
RESULT: {"using":"xpath","value":"//button[@data-kt=\"addNewYardOverflowToolbarButton\"]"}
COMMAND: POST /session/b9718e1e48867b0fba4e39bd9ed4a756/elements - {"using":"xpath","value":"//button[@data-kt=\"addNewYardOverflowToolbarButton\"]"}
RESULT: {"using":"xpath","value":"//button[@data-kt=\"addNewYardOverflowToolbarButton\"]"}
COMMAND: POST /session/b9718e1e48867b0fba4e39bd9ed4a756/elements - {"using":"xpath","value":"//button[@data-kt=\"addNewYardOverflowToolbarButton\"]"}
RESULT: {"using":"xpath","value":"//button[@data-kt=\"addNewYardOverflowToolbarButton\"]"}
COMMAND: POST /session/b9718e1e48867b0fba4e39bd9ed4a756/elements - {"using":"xpath","value":"//button[@data-kt=\"addNewYardOverflowToolbarButton\"]"}
RESULT: {"using":"xpath","value":"//button[@data-kt=\"addNewYardOverflowToolbarButton\"]"}
COMMAND: POST /session/b9718e1e48867b0fba4e39bd9ed4a756/elements - {"using":"xpath","value":"//button[@data-kt=\"addNewYardOverflowToolbarButton\"]"}
RESULT: {"using":"xpath","value":"//button[@data-kt=\"addNewYardOverflowToolbarButton\"]"}
COMMAND: POST /session/b9718e1e48867b0fba4e39bd9ed4a756/elements - {"using":"xpath","value":"//button[@data-kt=\"addNewYardOverflowToolbarButton\"]"}
RESULT: {"using":"xpath","value":"//button[@data-kt=\"addNewYardOverflowToolbarButton\"]"}
COMMAND: POST /session/b9718e1e48867b0fba4e39bd9ed4a756/elements - {"using":"xpath","value":"//button[@data-kt=\"addNewYardOverflowToolbarButton\"]"}
RESULT: {"using":"xpath","value":"//button[@data-kt=\"addNewYardOverflowToolbarButton\"]"}
COMMAND: POST /session/b9718e1e48867b0fba4e39bd9ed4a756/elements - {"using":"xpath","value":"//button[@data-kt=\"addNewYardOverflowToolbarButton\"]"}
RESULT: {"using":"xpath","value":"//button[@data-kt=\"addNewYardOverflowToolbarButton\"]"}
COMMAND: POST /session/b9718e1e48867b0fba4e39bd9ed4a756/elements - {"using":"xpath","value":"//button[@data-kt=\"addNewYardOverflowToolbarButton\"]"}
RESULT: {"using":"xpath","value":"//button[@data-kt=\"addNewYardOverflowToolbarButton\"]"}
COMMAND: POST /session/b9718e1e48867b0fba4e39bd9ed4a756/elements - {"using":"xpath","value":"//button[@data-kt=\"addNewYardOverflowToolbarButton\"]"}
RESULT: {"using":"xpath","value":"//button[@data-kt=\"addNewYardOverflowToolbarButton\"]"}
COMMAND: POST /session/b9718e1e48867b0fba4e39bd9ed4a756/elements - {"using":"xpath","value":"//button[@data-kt=\"addNewYardOverflowToolbarButton\"]"}
RESULT: {"using":"xpath","value":"//button[@data-kt=\"addNewYardOverflowToolbarButton\"]"}
COMMAND: POST /session/b9718e1e48867b0fba4e39bd9ed4a756/element - {"using":"xpath","value":"//button[@data-kt=\"addNewYardOverflowToolbarButton\"]"}
RESULT: {"using":"xpath","value":"//button[@data-kt=\"addNewYardOverflowToolbarButton\"]"}
COMMAND: POST /session/b9718e1e48867b0fba4e39bd9ed4a756/execute/sync - {"script":"<script> [8489 bytes]","args":[{"element-6066-11e4-a52e-4f735466cecf":"f.FE1DA32CFDBC8F8C890368A9A93AADEA.d.C3A205F6D5F0689957B2F818AF31951C.e.3699","ELEMENT":"f.FE1DA32CFDBC8F8C890368A9A93AADEA.d.C3A205F6D5F0689957B2F818AF31951C.e.3699"}]}
RESULT: {"script":"<script> [8489 bytes]","args":[{"element-6066-11e4-a52e-4f735466cecf":"f.FE1DA32CFDBC8F8C890368A9A93AADEA.d.C3A205F6D5F0689957B2F818AF31951C.e.3699","ELEMENT":"f.FE1DA32CFDBC8F8C890368A9A93AADEA.d.C3A205F6D5F0689957B2F818AF31951C.e.3699"}]}
COMMAND: GET /session/b9718e1e48867b0fba4e39bd9ed4a756/element/f.FE1DA32CFDBC8F8C890368A9A93AADEA.d.C3A205F6D5F0689957B2F818AF31951C.e.3699/enabled - {}
COMMAND: GET /session/b9718e1e48867b0fba4e39bd9ed4a756/screenshot - {}
RESULT: {}
COMMAND: POST /session/b9718e1e48867b0fba4e39bd9ed4a756/execute/sync - {"script":"<script> [8489 bytes]","args":[{"element-6066-11e4-a52e-4f735466cecf":"f.FE1DA32CFDBC8F8C890368A9A93AADEA.d.C3A205F6D5F0689957B2F818AF31951C.e.3699","ELEMENT":"f.FE1DA32CFDBC8F8C890368A9A93AADEA.d.C3A205F6D5F0689957B2F818AF31951C.e.3699"}]}
COMMAND: GET /session/b9718e1e48867b0fba4e39bd9ed4a756/screenshot - {}
RESULT: {}
RESULT: {"script":"<script> [8489 bytes]","args":[{"element-6066-11e4-a52e-4f735466cecf":"f.FE1DA32CFDBC8F8C890368A9A93AADEA.d.C3A205F6D5F0689957B2F818AF31951C.e.3699","ELEMENT":"f.FE1DA32CFDBC8F8C890368A9A93AADEA.d.C3A205F6D5F0689957B2F818AF31951C.e.3699"}]}
COMMAND: POST /session/b9718e1e48867b0fba4e39bd9ed4a756/execute/sync - {"script":"<script> [5351 bytes]","args":[{"element-6066-11e4-a52e-4f735466cecf":"f.FE1DA32CFDBC8F8C890368A9A93AADEA.d.C3A205F6D5F0689957B2F818AF31951C.e.3699","ELEMENT":"f.FE1DA32CFDBC8F8C890368A9A93AADEA.d.C3A205F6D5F0689957B2F818AF31951C.e.3699"}]}
COMMAND: GET /session/b9718e1e48867b0fba4e39bd9ed4a756/screenshot - {}
RESULT: {}
RESULT: {"script":"<script> [5351 bytes]","args":[{"element-6066-11e4-a52e-4f735466cecf":"f.FE1DA32CFDBC8F8C890368A9A93AADEA.d.C3A205F6D5F0689957B2F818AF31951C.e.3699","ELEMENT":"f.FE1DA32CFDBC8F8C890368A9A93AADEA.d.C3A205F6D5F0689957B2F818AF31951C.e.3699"}]}
COMMAND: POST /session/b9718e1e48867b0fba4e39bd9ed4a756/element/f.FE1DA32CFDBC8F8C890368A9A93AADEA.d.C3A205F6D5F0689957B2F818AF31951C.e.3699/click - {}
COMMAND: GET /session/b9718e1e48867b0fba4e39bd9ed4a756/screenshot - {}
RESULT: {}
RESULT: {}
COMMAND: GET /session/b9718e1e48867b0fba4e39bd9ed4a756/screenshot - {}
RESULT: {}
RESULT: {}
COMMAND: POST /session/b9718e1e48867b0fba4e39bd9ed4a756/element - {"using":"xpath","value":"//input[@id=\"application-manageyards-display-component---NewYard--yardId-inner\"]"}
RESULT: {"using":"xpath","value":"//input[@id=\"application-manageyards-display-component---NewYard--yardId-inner\"]"}
COMMAND: POST /session/b9718e1e48867b0fba4e39bd9ed4a756/element - {"using":"xpath","value":"//input[@id=\"application-manageyards-display-component---NewYard--yardId-inner\"]"}
RESULT: {"using":"xpath","value":"//input[@id=\"application-manageyards-display-component---NewYard--yardId-inner\"]"}
COMMAND: POST /session/b9718e1e48867b0fba4e39bd9ed4a756/execute/async - {"script":"<script> [1562 bytes]","args":[{"selector":{"id":"application-manageyards-display-component---NewYard--addressDetailDetailsName1","interaction":{"idSuffix":"inner"}},"wdio_ui5_key":"applicationmanageyards-display-component---NewYard--addressDetailDetailsName1"}]}
RESULT: {"script":"<script> [1562 bytes]","args":[{"selector":{"id":"application-manageyards-display-component---NewYard--addressDetailDetailsName1","interaction":{"idSuffix":"inner"}},"wdio_ui5_key":"applicationmanageyards-display-component---NewYard--addressDetailDetailsName1"}]}
RESULT: undefined
COMMAND: POST /session/b9718e1e48867b0fba4e39bd9ed4a756/execute/async - {"script":"<script> [776 bytes]","args":[{"enterText":"Intercompany Yard wdIO","selector":{"id":"application-manageyards-display-component---NewYard--addressDetailDetailsName1","interaction":{"idSuffix":"inner"}},"clearTextFirst":true,"interactionType":"ENTER_TEXT"}]}
RESULT: {"script":"<script> [776 bytes]","args":[{"enterText":"Intercompany Yard wdIO","selector":{"id":"application-manageyards-display-component---NewYard--addressDetailDetailsName1","interaction":{"idSuffix":"inner"}},"clearTextFirst":true,"interactionType":"ENTER_TEXT"}]}
COMMAND: POST /session/b9718e1e48867b0fba4e39bd9ed4a756/execute/async - {"script":"<script> [1562 bytes]","args":[{"selector":{"id":"application-manageyards-display-component---NewYard--addressDetailDetailsLanguage-arrow"},"wdio_ui5_key":"applicationmanageyards-display-component---NewYard--addressDetailDetailsLanguage-arrow"}]}
RESULT: {"script":"<script> [1562 bytes]","args":[{"selector":{"id":"application-manageyards-display-component---NewYard--addressDetailDetailsLanguage-arrow"},"wdio_ui5_key":"applicationmanageyards-display-component---NewYard--addressDetailDetailsLanguage-arrow"}]}
RESULT: undefined
COMMAND: POST /session/b9718e1e48867b0fba4e39bd9ed4a756/element - {"using":"xpath","value":"//*[@id=\"application-manageyards-display-component---NewYard--addressDetailDetailsLanguage-arrow\"]"}
RESULT: {"using":"xpath","value":"//*[@id=\"application-manageyards-display-component---NewYard--addressDetailDetailsLanguage-arrow\"]"}
COMMAND: POST /session/b9718e1e48867b0fba4e39bd9ed4a756/element/f.FE1DA32CFDBC8F8C890368A9A93AADEA.d.C3A205F6D5F0689957B2F818AF31951C.e.4134/click - {}
RESULT: {}
COMMAND: POST /session/b9718e1e48867b0fba4e39bd9ed4a756/element - {"using":"xpath","value":"//span[contains(text(), \"English\")]"}
COMMAND: GET /session/b9718e1e48867b0fba4e39bd9ed4a756/screenshot - {}
RESULT: {"using":"xpath","value":"//span[contains(text(), \"English\")]"}
COMMAND: POST /session/b9718e1e48867b0fba4e39bd9ed4a756/element/f.FE1DA32CFDBC8F8C890368A9A93AADEA.d.C3A205F6D5F0689957B2F818AF31951C.e.4135/click - {}
RESULT: {}
RESULT: {}
COMMAND: POST /session/b9718e1e48867b0fba4e39bd9ed4a756/execute/async - {"script":"<script> [1562 bytes]","args":[{"selector":{"id":"application-manageyards-display-component---NewYard--addressDetailDetailsCity1","interaction":{"idSuffix":"inner"}},"wdio_ui5_key":"applicationmanageyards-display-component---NewYard--addressDetailDetailsCity1"}]}
COMMAND: GET /session/b9718e1e48867b0fba4e39bd9ed4a756/screenshot - {}
RESULT: {"script":"<script> [1562 bytes]","args":[{"selector":{"id":"application-manageyards-display-component---NewYard--addressDetailDetailsCity1","interaction":{"idSuffix":"inner"}},"wdio_ui5_key":"applicationmanageyards-display-component---NewYard--addressDetailDetailsCity1"}]}
RESULT: undefined
COMMAND: POST /session/b9718e1e48867b0fba4e39bd9ed4a756/execute/async - {"script":"<script> [776 bytes]","args":[{"enterText":"Rosario","selector":{"id":"application-manageyards-display-component---NewYard--addressDetailDetailsCity1","interaction":{"idSuffix":"inner"}},"clearTextFirst":true,"interactionType":"ENTER_TEXT"}]}
RESULT: {}
RESULT: {"script":"<script> [776 bytes]","args":[{"enterText":"Rosario","selector":{"id":"application-manageyards-display-component---NewYard--addressDetailDetailsCity1","interaction":{"idSuffix":"inner"}},"clearTextFirst":true,"interactionType":"ENTER_TEXT"}]}
COMMAND: POST /session/b9718e1e48867b0fba4e39bd9ed4a756/execute/async - {"script":"<script> [1562 bytes]","args":[{"selector":{"id":"application-manageyards-display-component---NewYard--addressDetailDetailsCountry-arrow"},"wdio_ui5_key":"applicationmanageyards-display-component---NewYard--addressDetailDetailsCountry-arrow"}]}
RESULT: {"script":"<script> [1562 bytes]","args":[{"selector":{"id":"application-manageyards-display-component---NewYard--addressDetailDetailsCountry-arrow"},"wdio_ui5_key":"applicationmanageyards-display-component---NewYard--addressDetailDetailsCountry-arrow"}]}
RESULT: undefined
COMMAND: POST /session/b9718e1e48867b0fba4e39bd9ed4a756/element - {"using":"xpath","value":"//*[@id=\"application-manageyards-display-component---NewYard--addressDetailDetailsCountry-arrow\"]"}
RESULT: {"using":"xpath","value":"//*[@id=\"application-manageyards-display-component---NewYard--addressDetailDetailsCountry-arrow\"]"}
COMMAND: POST /session/b9718e1e48867b0fba4e39bd9ed4a756/element/f.FE1DA32CFDBC8F8C890368A9A93AADEA.d.C3A205F6D5F0689957B2F818AF31951C.e.4137/click - {}
RESULT: {}
COMMAND: POST /session/b9718e1e48867b0fba4e39bd9ed4a756/element - {"using":"xpath","value":"//span[contains(text(), \"Argentina\")]"}
COMMAND: GET /session/b9718e1e48867b0fba4e39bd9ed4a756/screenshot - {}
RESULT: {"using":"xpath","value":"//span[contains(text(), \"Argentina\")]"}
COMMAND: POST /session/b9718e1e48867b0fba4e39bd9ed4a756/element/f.FE1DA32CFDBC8F8C890368A9A93AADEA.d.C3A205F6D5F0689957B2F818AF31951C.e.4138/click - {}
RESULT: {}
RESULT: {}
COMMAND: POST /session/b9718e1e48867b0fba4e39bd9ed4a756/execute/async - {"script":"<script> [1562 bytes]","args":[{"selector":{"id":"application-manageyards-display-component---NewYard--addressEditDetailsCostObjectCstType-arrow"},"wdio_ui5_key":"applicationmanageyards-display-component---NewYard--addressEditDetailsCostObjectCstType-arrow"}]}
COMMAND: GET /session/b9718e1e48867b0fba4e39bd9ed4a756/screenshot - {}
RESULT: {"script":"<script> [1562 bytes]","args":[{"selector":{"id":"application-manageyards-display-component---NewYard--addressEditDetailsCostObjectCstType-arrow"},"wdio_ui5_key":"applicationmanageyards-display-component---NewYard--addressEditDetailsCostObjectCstType-arrow"}]}
RESULT: undefined
COMMAND: POST /session/b9718e1e48867b0fba4e39bd9ed4a756/element - {"using":"xpath","value":"//*[@id=\"application-manageyards-display-component---NewYard--addressEditDetailsCostObjectCstType-arrow\"]"}
RESULT: {}
RESULT: {"using":"xpath","value":"//*[@id=\"application-manageyards-display-component---NewYard--addressEditDetailsCostObjectCstType-arrow\"]"}
COMMAND: POST /session/b9718e1e48867b0fba4e39bd9ed4a756/element/f.FE1DA32CFDBC8F8C890368A9A93AADEA.d.C3A205F6D5F0689957B2F818AF31951C.e.4140/click - {}
RESULT: {}
COMMAND: POST /session/b9718e1e48867b0fba4e39bd9ed4a756/element - {"using":"xpath","value":"//span[contains(text(), \"Cost Center\")]"}
COMMAND: GET /session/b9718e1e48867b0fba4e39bd9ed4a756/screenshot - {}
RESULT: {"using":"xpath","value":"//span[contains(text(), \"Cost Center\")]"}
COMMAND: POST /session/b9718e1e48867b0fba4e39bd9ed4a756/element/f.FE1DA32CFDBC8F8C890368A9A93AADEA.d.C3A205F6D5F0689957B2F818AF31951C.e.4141/click - {}
RESULT: {}
RESULT: {}
COMMAND: GET /session/b9718e1e48867b0fba4e39bd9ed4a756/screenshot - {}
RESULT: {}
COMMAND: POST /session/b9718e1e48867b0fba4e39bd9ed4a756/element - {"using":"xpath","value":"//span[@id=\"application-manageyards-display-component---NewYard--addressNewCostObjectCstID-vhi\"]"}
RESULT: {"using":"xpath","value":"//span[@id=\"application-manageyards-display-component---NewYard--addressNewCostObjectCstID-vhi\"]"}
COMMAND: POST /session/b9718e1e48867b0fba4e39bd9ed4a756/execute/sync - {"script":"<script> [8489 bytes]","args":[{"element-6066-11e4-a52e-4f735466cecf":"f.FE1DA32CFDBC8F8C890368A9A93AADEA.d.C3A205F6D5F0689957B2F818AF31951C.e.4145","ELEMENT":"f.FE1DA32CFDBC8F8C890368A9A93AADEA.d.C3A205F6D5F0689957B2F818AF31951C.e.4145"}]}
RESULT: {"script":"<script> [8489 bytes]","args":[{"element-6066-11e4-a52e-4f735466cecf":"f.FE1DA32CFDBC8F8C890368A9A93AADEA.d.C3A205F6D5F0689957B2F818AF31951C.e.4145","ELEMENT":"f.FE1DA32CFDBC8F8C890368A9A93AADEA.d.C3A205F6D5F0689957B2F818AF31951C.e.4145"}]}
COMMAND: POST /session/b9718e1e48867b0fba4e39bd9ed4a756/execute/async - {"script":"<script> [1562 bytes]","args":[{"selector":{"id":"application-manageyards-display-component---NewYard--addressNewCostObjectCstID-vhi"},"wdio_ui5_key":"applicationmanageyards-display-component---NewYard--addressNewCostObjectCstID-vhi"}]}
COMMAND: GET /session/b9718e1e48867b0fba4e39bd9ed4a756/screenshot - {}
RESULT: {"script":"<script> [1562 bytes]","args":[{"selector":{"id":"application-manageyards-display-component---NewYard--addressNewCostObjectCstID-vhi"},"wdio_ui5_key":"applicationmanageyards-display-component---NewYard--addressNewCostObjectCstID-vhi"}]}
RESULT: undefined
COMMAND: POST /session/b9718e1e48867b0fba4e39bd9ed4a756/element - {"using":"xpath","value":"//*[@id=\"application-manageyards-display-component---NewYard--addressNewCostObjectCstID-vhi\"]"}
RESULT: {}
RESULT: {"using":"xpath","value":"//*[@id=\"application-manageyards-display-component---NewYard--addressNewCostObjectCstID-vhi\"]"}
COMMAND: POST /session/b9718e1e48867b0fba4e39bd9ed4a756/element/f.FE1DA32CFDBC8F8C890368A9A93AADEA.d.C3A205F6D5F0689957B2F818AF31951C.e.4145/click - {}
RESULT: {}
COMMAND: GET /session/b9718e1e48867b0fba4e39bd9ed4a756/screenshot - {}
RESULT: {}
COMMAND: POST /session/b9718e1e48867b0fba4e39bd9ed4a756/execute/async - {"script":"<script> [1562 bytes]","args":[{"selector":{"controlType":"sap.m.SearchField","properties":{"placeholder":"Search"},"searchOpenDialogs":true,"interaction":{"idSuffix":"I"}},"wdio_ui5_key":"sapm.SearchField{\"placeholder\":\"Search\"}"}]}
RESULT: {"script":"<script> [1562 bytes]","args":[{"selector":{"controlType":"sap.m.SearchField","properties":{"placeholder":"Search"},"searchOpenDialogs":true,"interaction":{"idSuffix":"I"}},"wdio_ui5_key":"sapm.SearchField{\"placeholder\":\"Search\"}"}]}
RESULT: undefined
COMMAND: POST /session/b9718e1e48867b0fba4e39bd9ed4a756/execute/async - {"script":"<script> [776 bytes]","args":[{"enterText":"bauh_b","selector":{"controlType":"sap.m.SearchField","properties":{"placeholder":"Search"},"searchOpenDialogs":true,"interaction":{"idSuffix":"I"}},"clearTextFirst":true,"interactionType":"ENTER_TEXT"}]}
RESULT: {"script":"<script> [776 bytes]","args":[{"enterText":"bauh_b","selector":{"controlType":"sap.m.SearchField","properties":{"placeholder":"Search"},"searchOpenDialogs":true,"interaction":{"idSuffix":"I"}},"clearTextFirst":true,"interactionType":"ENTER_TEXT"}]}
COMMAND: POST /session/b9718e1e48867b0fba4e39bd9ed4a756/actions - {"actions":[{"id":"action10","type":"key","parameters":{},"actions":[{"type":"keyDown","value":"î€‡"},{"type":"pause","duration":10},{"type":"keyUp","value":"î€‡"}]}]}
RESULT: {"actions":[{"id":"action10","type":"key","parameters":{},"actions":[{"type":"keyDown","value":"î€‡"},{"type":"pause","duration":10},{"type":"keyUp","value":"î€‡"}]}]}
COMMAND: GET /session/b9718e1e48867b0fba4e39bd9ed4a756/screenshot - {}
RESULT: {}
COMMAND: POST /session/b9718e1e48867b0fba4e39bd9ed4a756/element - {"using":"xpath","value":"//span[contains(text(), \"Demo Yard\")]"}
RESULT: {"using":"xpath","value":"//span[contains(text(), \"Demo Yard\")]"}
COMMAND: POST /session/b9718e1e48867b0fba4e39bd9ed4a756/element/f.FE1DA32CFDBC8F8C890368A9A93AADEA.d.C3A205F6D5F0689957B2F818AF31951C.e.4186/click - {}
RESULT: {}
COMMAND: GET /session/b9718e1e48867b0fba4e39bd9ed4a756/screenshot - {}
RESULT: {}
COMMAND: POST /session/b9718e1e48867b0fba4e39bd9ed4a756/element - {"using":"xpath","value":"//bdi[contains(text(), \"OK\")]"}
RESULT: {"using":"xpath","value":"//bdi[contains(text(), \"OK\")]"}
COMMAND: POST /session/b9718e1e48867b0fba4e39bd9ed4a756/element/f.FE1DA32CFDBC8F8C890368A9A93AADEA.d.C3A205F6D5F0689957B2F818AF31951C.e.4187/click - {}
RESULT: {}
COMMAND: GET /session/b9718e1e48867b0fba4e39bd9ed4a756/screenshot - {}
RESULT: {}
COMMAND: POST /session/b9718e1e48867b0fba4e39bd9ed4a756/execute/async - {"script":"<script> [1562 bytes]","args":[{"selector":{"id":"application-manageyards-display-component---NewYard--addressEditDetailsCurrency-arrow"},"wdio_ui5_key":"applicationmanageyards-display-component---NewYard--addressEditDetailsCurrency-arrow"}]}
RESULT: {"script":"<script> [1562 bytes]","args":[{"selector":{"id":"application-manageyards-display-component---NewYard--addressEditDetailsCurrency-arrow"},"wdio_ui5_key":"applicationmanageyards-display-component---NewYard--addressEditDetailsCurrency-arrow"}]}
RESULT: undefined
COMMAND: POST /session/b9718e1e48867b0fba4e39bd9ed4a756/element - {"using":"xpath","value":"//*[@id=\"application-manageyards-display-component---NewYard--addressEditDetailsCurrency-arrow\"]"}
RESULT: {"using":"xpath","value":"//*[@id=\"application-manageyards-display-component---NewYard--addressEditDetailsCurrency-arrow\"]"}
COMMAND: POST /session/b9718e1e48867b0fba4e39bd9ed4a756/element/f.FE1DA32CFDBC8F8C890368A9A93AADEA.d.C3A205F6D5F0689957B2F818AF31951C.e.4190/click - {}
RESULT: {}
COMMAND: POST /session/b9718e1e48867b0fba4e39bd9ed4a756/element - {"using":"xpath","value":"//span[contains(text(), \"Euro\")]"}
COMMAND: GET /session/b9718e1e48867b0fba4e39bd9ed4a756/screenshot - {}
RESULT: {"using":"xpath","value":"//span[contains(text(), \"Euro\")]"}
COMMAND: POST /session/b9718e1e48867b0fba4e39bd9ed4a756/element/f.FE1DA32CFDBC8F8C890368A9A93AADEA.d.C3A205F6D5F0689957B2F818AF31951C.e.4191/click - {}
RESULT: {}
RESULT: {}
COMMAND: POST /session/b9718e1e48867b0fba4e39bd9ed4a756/execute/async - {"script":"<script> [1562 bytes]","args":[{"selector":{"controlType":"sap.m.Input","viewName":"etm.portal.ui.manageyards.view.New","viewId":"application-manageyards-display-component---NewYard","bindingPath":{"path":"","propertyPath":"/CONTROLLING_AREA","modelName":"NewYardModel"},"interaction":{"idSuffix":"inner"}},"wdio_ui5_key":"etmportal.ui.manageyards.view.Newsap.m.Input{\"path\":\"\",\"propertyPath\":\"/CONTROLLING_AREA\",\"modelName\":\"NewYardModel\"}"}]}
COMMAND: GET /session/b9718e1e48867b0fba4e39bd9ed4a756/screenshot - {}
RESULT: {"script":"<script> [1562 bytes]","args":[{"selector":{"controlType":"sap.m.Input","viewName":"etm.portal.ui.manageyards.view.New","viewId":"application-manageyards-display-component---NewYard","bindingPath":{"path":"","propertyPath":"/CONTROLLING_AREA","modelName":"NewYardModel"},"interaction":{"idSuffix":"inner"}},"wdio_ui5_key":"etmportal.ui.manageyards.view.Newsap.m.Input{\"path\":\"\",\"propertyPath\":\"/CONTROLLING_AREA\",\"modelName\":\"NewYardModel\"}"}]}
RESULT: undefined
COMMAND: POST /session/b9718e1e48867b0fba4e39bd9ed4a756/execute/async - {"script":"<script> [776 bytes]","args":[{"enterText":"Z001","selector":{"controlType":"sap.m.Input","viewName":"etm.portal.ui.manageyards.view.New","viewId":"application-manageyards-display-component---NewYard","bindingPath":{"path":"","propertyPath":"/CONTROLLING_AREA","modelName":"NewYardModel"},"interaction":{"idSuffix":"inner"}},"clearTextFirst":true,"interactionType":"ENTER_TEXT"}]}
RESULT: {}
RESULT: {"script":"<script> [776 bytes]","args":[{"enterText":"Z001","selector":{"controlType":"sap.m.Input","viewName":"etm.portal.ui.manageyards.view.New","viewId":"application-manageyards-display-component---NewYard","bindingPath":{"path":"","propertyPath":"/CONTROLLING_AREA","modelName":"NewYardModel"},"interaction":{"idSuffix":"inner"}},"clearTextFirst":true,"interactionType":"ENTER_TEXT"}]}
COMMAND: POST /session/b9718e1e48867b0fba4e39bd9ed4a756/execute/async - {"script":"<script> [1562 bytes]","args":[{"selector":{"id":"application-manageyards-display-component---NewYard--companyCodeComboBox","interaction":{"idSuffix":"inner"}},"wdio_ui5_key":"applicationmanageyards-display-component---NewYard--companyCodeComboBox"}]}
RESULT: {"script":"<script> [1562 bytes]","args":[{"selector":{"id":"application-manageyards-display-component---NewYard--companyCodeComboBox","interaction":{"idSuffix":"inner"}},"wdio_ui5_key":"applicationmanageyards-display-component---NewYard--companyCodeComboBox"}]}
RESULT: undefined
COMMAND: POST /session/b9718e1e48867b0fba4e39bd9ed4a756/execute/async - {"script":"<script> [776 bytes]","args":[{"enterText":"1000","selector":{"id":"application-manageyards-display-component---NewYard--companyCodeComboBox","interaction":{"idSuffix":"inner"}},"clearTextFirst":true,"interactionType":"ENTER_TEXT"}]}
RESULT: {"script":"<script> [776 bytes]","args":[{"enterText":"1000","selector":{"id":"application-manageyards-display-component---NewYard--companyCodeComboBox","interaction":{"idSuffix":"inner"}},"clearTextFirst":true,"interactionType":"ENTER_TEXT"}]}
COMMAND: POST /session/b9718e1e48867b0fba4e39bd9ed4a756/execute/async - {"script":"<script> [1562 bytes]","args":[{"selector":{"controlType":"sap.m.Input","viewName":"etm.portal.ui.manageyards.view.New","viewId":"application-manageyards-display-component---NewYard","bindingPath":{"path":"","propertyPath":"/PLANT","modelName":"NewYardModel"},"interaction":{"idSuffix":"inner"}},"wdio_ui5_key":"etmportal.ui.manageyards.view.Newsap.m.Input{\"path\":\"\",\"propertyPath\":\"/PLANT\",\"modelName\":\"NewYardModel\"}"}]}
RESULT: {"script":"<script> [1562 bytes]","args":[{"selector":{"controlType":"sap.m.Input","viewName":"etm.portal.ui.manageyards.view.New","viewId":"application-manageyards-display-component---NewYard","bindingPath":{"path":"","propertyPath":"/PLANT","modelName":"NewYardModel"},"interaction":{"idSuffix":"inner"}},"wdio_ui5_key":"etmportal.ui.manageyards.view.Newsap.m.Input{\"path\":\"\",\"propertyPath\":\"/PLANT\",\"modelName\":\"NewYardModel\"}"}]}
RESULT: undefined
COMMAND: POST /session/b9718e1e48867b0fba4e39bd9ed4a756/execute/async - {"script":"<script> [776 bytes]","args":[{"enterText":"1001","selector":{"controlType":"sap.m.Input","viewName":"etm.portal.ui.manageyards.view.New","viewId":"application-manageyards-display-component---NewYard","bindingPath":{"path":"","propertyPath":"/PLANT","modelName":"NewYardModel"},"interaction":{"idSuffix":"inner"}},"clearTextFirst":true,"interactionType":"ENTER_TEXT"}]}
RESULT: {"script":"<script> [776 bytes]","args":[{"enterText":"1001","selector":{"controlType":"sap.m.Input","viewName":"etm.portal.ui.manageyards.view.New","viewId":"application-manageyards-display-component---NewYard","bindingPath":{"path":"","propertyPath":"/PLANT","modelName":"NewYardModel"},"interaction":{"idSuffix":"inner"}},"clearTextFirst":true,"interactionType":"ENTER_TEXT"}]}
COMMAND: POST /session/b9718e1e48867b0fba4e39bd9ed4a756/execute/async - {"script":"<script> [1562 bytes]","args":[{"selector":{"controlType":"sap.m.Input","viewName":"etm.portal.ui.manageyards.view.New","viewId":"application-manageyards-display-component---NewYard","bindingPath":{"path":"","propertyPath":"/SALES_AREA_VKORG","modelName":"NewYardModel"},"interaction":{"idSuffix":"inner"}},"wdio_ui5_key":"etmportal.ui.manageyards.view.Newsap.m.Input{\"path\":\"\",\"propertyPath\":\"/SALES_AREA_VKORG\",\"modelName\":\"NewYardModel\"}"}]}
RESULT: {"script":"<script> [1562 bytes]","args":[{"selector":{"controlType":"sap.m.Input","viewName":"etm.portal.ui.manageyards.view.New","viewId":"application-manageyards-display-component---NewYard","bindingPath":{"path":"","propertyPath":"/SALES_AREA_VKORG","modelName":"NewYardModel"},"interaction":{"idSuffix":"inner"}},"wdio_ui5_key":"etmportal.ui.manageyards.view.Newsap.m.Input{\"path\":\"\",\"propertyPath\":\"/SALES_AREA_VKORG\",\"modelName\":\"NewYardModel\"}"}]}
RESULT: undefined
COMMAND: POST /session/b9718e1e48867b0fba4e39bd9ed4a756/execute/async - {"script":"<script> [776 bytes]","args":[{"enterText":"C002","selector":{"controlType":"sap.m.Input","viewName":"etm.portal.ui.manageyards.view.New","viewId":"application-manageyards-display-component---NewYard","bindingPath":{"path":"","propertyPath":"/SALES_AREA_VKORG","modelName":"NewYardModel"},"interaction":{"idSuffix":"inner"}},"clearTextFirst":true,"interactionType":"ENTER_TEXT"}]}
RESULT: {"script":"<script> [776 bytes]","args":[{"enterText":"C002","selector":{"controlType":"sap.m.Input","viewName":"etm.portal.ui.manageyards.view.New","viewId":"application-manageyards-display-component---NewYard","bindingPath":{"path":"","propertyPath":"/SALES_AREA_VKORG","modelName":"NewYardModel"},"interaction":{"idSuffix":"inner"}},"clearTextFirst":true,"interactionType":"ENTER_TEXT"}]}
COMMAND: POST /session/b9718e1e48867b0fba4e39bd9ed4a756/execute/async - {"script":"<script> [1562 bytes]","args":[{"selector":{"controlType":"sap.m.Input","viewName":"etm.portal.ui.manageyards.view.New","viewId":"application-manageyards-display-component---NewYard","bindingPath":{"path":"","propertyPath":"/SALES_AREA_VTWEG","modelName":"NewYardModel"},"interaction":{"idSuffix":"inner"}},"wdio_ui5_key":"etmportal.ui.manageyards.view.Newsap.m.Input{\"path\":\"\",\"propertyPath\":\"/SALES_AREA_VTWEG\",\"modelName\":\"NewYardModel\"}"}]}
RESULT: {"script":"<script> [1562 bytes]","args":[{"selector":{"controlType":"sap.m.Input","viewName":"etm.portal.ui.manageyards.view.New","viewId":"application-manageyards-display-component---NewYard","bindingPath":{"path":"","propertyPath":"/SALES_AREA_VTWEG","modelName":"NewYardModel"},"interaction":{"idSuffix":"inner"}},"wdio_ui5_key":"etmportal.ui.manageyards.view.Newsap.m.Input{\"path\":\"\",\"propertyPath\":\"/SALES_AREA_VTWEG\",\"modelName\":\"NewYardModel\"}"}]}
RESULT: undefined
COMMAND: POST /session/b9718e1e48867b0fba4e39bd9ed4a756/execute/async - {"script":"<script> [776 bytes]","args":[{"enterText":"C2","selector":{"controlType":"sap.m.Input","viewName":"etm.portal.ui.manageyards.view.New","viewId":"application-manageyards-display-component---NewYard","bindingPath":{"path":"","propertyPath":"/SALES_AREA_VTWEG","modelName":"NewYardModel"},"interaction":{"idSuffix":"inner"}},"clearTextFirst":true,"interactionType":"ENTER_TEXT"}]}
RESULT: {"script":"<script> [776 bytes]","args":[{"enterText":"C2","selector":{"controlType":"sap.m.Input","viewName":"etm.portal.ui.manageyards.view.New","viewId":"application-manageyards-display-component---NewYard","bindingPath":{"path":"","propertyPath":"/SALES_AREA_VTWEG","modelName":"NewYardModel"},"interaction":{"idSuffix":"inner"}},"clearTextFirst":true,"interactionType":"ENTER_TEXT"}]}
COMMAND: POST /session/b9718e1e48867b0fba4e39bd9ed4a756/execute/async - {"script":"<script> [1562 bytes]","args":[{"selector":{"controlType":"sap.m.Input","viewName":"etm.portal.ui.manageyards.view.New","viewId":"application-manageyards-display-component---NewYard","bindingPath":{"path":"","propertyPath":"/SALES_AREA_SPART","modelName":"NewYardModel"},"interaction":{"idSuffix":"inner"}},"wdio_ui5_key":"etmportal.ui.manageyards.view.Newsap.m.Input{\"path\":\"\",\"propertyPath\":\"/SALES_AREA_SPART\",\"modelName\":\"NewYardModel\"}"}]}
RESULT: {"script":"<script> [1562 bytes]","args":[{"selector":{"controlType":"sap.m.Input","viewName":"etm.portal.ui.manageyards.view.New","viewId":"application-manageyards-display-component---NewYard","bindingPath":{"path":"","propertyPath":"/SALES_AREA_SPART","modelName":"NewYardModel"},"interaction":{"idSuffix":"inner"}},"wdio_ui5_key":"etmportal.ui.manageyards.view.Newsap.m.Input{\"path\":\"\",\"propertyPath\":\"/SALES_AREA_SPART\",\"modelName\":\"NewYardModel\"}"}]}
RESULT: undefined
COMMAND: POST /session/b9718e1e48867b0fba4e39bd9ed4a756/execute/async - {"script":"<script> [776 bytes]","args":[{"enterText":"C2","selector":{"controlType":"sap.m.Input","viewName":"etm.portal.ui.manageyards.view.New","viewId":"application-manageyards-display-component---NewYard","bindingPath":{"path":"","propertyPath":"/SALES_AREA_SPART","modelName":"NewYardModel"},"interaction":{"idSuffix":"inner"}},"clearTextFirst":true,"interactionType":"ENTER_TEXT"}]}
RESULT: {"script":"<script> [776 bytes]","args":[{"enterText":"C2","selector":{"controlType":"sap.m.Input","viewName":"etm.portal.ui.manageyards.view.New","viewId":"application-manageyards-display-component---NewYard","bindingPath":{"path":"","propertyPath":"/SALES_AREA_SPART","modelName":"NewYardModel"},"interaction":{"idSuffix":"inner"}},"clearTextFirst":true,"interactionType":"ENTER_TEXT"}]}
COMMAND: POST /session/b9718e1e48867b0fba4e39bd9ed4a756/execute/async - {"script":"<script> [1562 bytes]","args":[{"selector":{"controlType":"sap.m.Input","viewName":"etm.portal.ui.manageyards.view.New","viewId":"application-manageyards-display-component---NewYard","bindingPath":{"path":"","propertyPath":"/SHIP_POINT","modelName":"NewYardModel"},"interaction":{"idSuffix":"inner"}},"wdio_ui5_key":"etmportal.ui.manageyards.view.Newsap.m.Input{\"path\":\"\",\"propertyPath\":\"/SHIP_POINT\",\"modelName\":\"NewYardModel\"}"}]}
RESULT: {"script":"<script> [1562 bytes]","args":[{"selector":{"controlType":"sap.m.Input","viewName":"etm.portal.ui.manageyards.view.New","viewId":"application-manageyards-display-component---NewYard","bindingPath":{"path":"","propertyPath":"/SHIP_POINT","modelName":"NewYardModel"},"interaction":{"idSuffix":"inner"}},"wdio_ui5_key":"etmportal.ui.manageyards.view.Newsap.m.Input{\"path\":\"\",\"propertyPath\":\"/SHIP_POINT\",\"modelName\":\"NewYardModel\"}"}]}
RESULT: undefined
COMMAND: POST /session/b9718e1e48867b0fba4e39bd9ed4a756/execute/async - {"script":"<script> [776 bytes]","args":[{"enterText":"1710","selector":{"controlType":"sap.m.Input","viewName":"etm.portal.ui.manageyards.view.New","viewId":"application-manageyards-display-component---NewYard","bindingPath":{"path":"","propertyPath":"/SHIP_POINT","modelName":"NewYardModel"},"interaction":{"idSuffix":"inner"}},"clearTextFirst":true,"interactionType":"ENTER_TEXT"}]}
RESULT: {"script":"<script> [776 bytes]","args":[{"enterText":"1710","selector":{"controlType":"sap.m.Input","viewName":"etm.portal.ui.manageyards.view.New","viewId":"application-manageyards-display-component---NewYard","bindingPath":{"path":"","propertyPath":"/SHIP_POINT","modelName":"NewYardModel"},"interaction":{"idSuffix":"inner"}},"clearTextFirst":true,"interactionType":"ENTER_TEXT"}]}
COMMAND: POST /session/b9718e1e48867b0fba4e39bd9ed4a756/execute/async - {"script":"<script> [1562 bytes]","args":[{"selector":{"controlType":"sap.m.Input","viewName":"etm.portal.ui.manageyards.view.New","viewId":"application-manageyards-display-component---NewYard","bindingPath":{"path":"","propertyPath":"/DELIVERY_TYPE","modelName":"NewYardModel"},"interaction":{"idSuffix":"inner"}},"wdio_ui5_key":"etmportal.ui.manageyards.view.Newsap.m.Input{\"path\":\"\",\"propertyPath\":\"/DELIVERY_TYPE\",\"modelName\":\"NewYardModel\"}"}]}
RESULT: {"script":"<script> [1562 bytes]","args":[{"selector":{"controlType":"sap.m.Input","viewName":"etm.portal.ui.manageyards.view.New","viewId":"application-manageyards-display-component---NewYard","bindingPath":{"path":"","propertyPath":"/DELIVERY_TYPE","modelName":"NewYardModel"},"interaction":{"idSuffix":"inner"}},"wdio_ui5_key":"etmportal.ui.manageyards.view.Newsap.m.Input{\"path\":\"\",\"propertyPath\":\"/DELIVERY_TYPE\",\"modelName\":\"NewYardModel\"}"}]}
RESULT: undefined
COMMAND: POST /session/b9718e1e48867b0fba4e39bd9ed4a756/execute/async - {"script":"<script> [776 bytes]","args":[{"enterText":"ZL01","selector":{"controlType":"sap.m.Input","viewName":"etm.portal.ui.manageyards.view.New","viewId":"application-manageyards-display-component---NewYard","bindingPath":{"path":"","propertyPath":"/DELIVERY_TYPE","modelName":"NewYardModel"},"interaction":{"idSuffix":"inner"}},"clearTextFirst":true,"interactionType":"ENTER_TEXT"}]}
RESULT: {"script":"<script> [776 bytes]","args":[{"enterText":"ZL01","selector":{"controlType":"sap.m.Input","viewName":"etm.portal.ui.manageyards.view.New","viewId":"application-manageyards-display-component---NewYard","bindingPath":{"path":"","propertyPath":"/DELIVERY_TYPE","modelName":"NewYardModel"},"interaction":{"idSuffix":"inner"}},"clearTextFirst":true,"interactionType":"ENTER_TEXT"}]}
COMMAND: POST /session/b9718e1e48867b0fba4e39bd9ed4a756/execute/async - {"script":"<script> [1562 bytes]","args":[{"selector":{"controlType":"sap.m.Input","viewName":"etm.portal.ui.manageyards.view.New","viewId":"application-manageyards-display-component---NewYard","bindingPath":{"path":"","propertyPath":"/AUART","modelName":"NewYardModel"},"interaction":{"idSuffix":"inner"}},"wdio_ui5_key":"etmportal.ui.manageyards.view.Newsap.m.Input{\"path\":\"\",\"propertyPath\":\"/AUART\",\"modelName\":\"NewYardModel\"}"}]}
RESULT: {"script":"<script> [1562 bytes]","args":[{"selector":{"controlType":"sap.m.Input","viewName":"etm.portal.ui.manageyards.view.New","viewId":"application-manageyards-display-component---NewYard","bindingPath":{"path":"","propertyPath":"/AUART","modelName":"NewYardModel"},"interaction":{"idSuffix":"inner"}},"wdio_ui5_key":"etmportal.ui.manageyards.view.Newsap.m.Input{\"path\":\"\",\"propertyPath\":\"/AUART\",\"modelName\":\"NewYardModel\"}"}]}
RESULT: undefined
COMMAND: POST /session/b9718e1e48867b0fba4e39bd9ed4a756/execute/async - {"script":"<script> [776 bytes]","args":[{"enterText":"TA","selector":{"controlType":"sap.m.Input","viewName":"etm.portal.ui.manageyards.view.New","viewId":"application-manageyards-display-component---NewYard","bindingPath":{"path":"","propertyPath":"/AUART","modelName":"NewYardModel"},"interaction":{"idSuffix":"inner"}},"clearTextFirst":true,"interactionType":"ENTER_TEXT"}]}
RESULT: {"script":"<script> [776 bytes]","args":[{"enterText":"TA","selector":{"controlType":"sap.m.Input","viewName":"etm.portal.ui.manageyards.view.New","viewId":"application-manageyards-display-component---NewYard","bindingPath":{"path":"","propertyPath":"/AUART","modelName":"NewYardModel"},"interaction":{"idSuffix":"inner"}},"clearTextFirst":true,"interactionType":"ENTER_TEXT"}]}
COMMAND: POST /session/b9718e1e48867b0fba4e39bd9ed4a756/element - {"using":"xpath","value":"//button[@data-kt=\"newYardSaveButton\"]"}
RESULT: {"using":"xpath","value":"//button[@data-kt=\"newYardSaveButton\"]"}
COMMAND: POST /session/b9718e1e48867b0fba4e39bd9ed4a756/element/f.FE1DA32CFDBC8F8C890368A9A93AADEA.d.C3A205F6D5F0689957B2F818AF31951C.e.4096/click - {}
RESULT: {}
COMMAND: GET /session/b9718e1e48867b0fba4e39bd9ed4a756/screenshot - {}
RESULT: {}
COMMAND: POST /session/b9718e1e48867b0fba4e39bd9ed4a756/element - {"using":"xpath","value":"//header[contains(@id, 'ObjectPageLayout-headerTitle')]/div[1]/div[2]/div[1]/span[1]"}
RESULT: {"using":"xpath","value":"//header[contains(@id, 'ObjectPageLayout-headerTitle')]/div[1]/div[2]/div[1]/span[1]"}
COMMAND: POST /session/b9718e1e48867b0fba4e39bd9ed4a756/elements - {"using":"xpath","value":"//header[contains(@id, 'ObjectPageLayout-headerTitle')]/div[1]/div[2]/div[1]/span[1]"}
RESULT: {"using":"xpath","value":"//header[contains(@id, 'ObjectPageLayout-headerTitle')]/div[1]/div[2]/div[1]/span[1]"}
COMMAND: POST /session/b9718e1e48867b0fba4e39bd9ed4a756/execute/sync - {"script":"<script> [56 bytes]","args":[{"element-6066-11e4-a52e-4f735466cecf":"f.FE1DA32CFDBC8F8C890368A9A93AADEA.d.C3A205F6D5F0689957B2F818AF31951C.e.4418","ELEMENT":"f.FE1DA32CFDBC8F8C890368A9A93AADEA.d.C3A205F6D5F0689957B2F818AF31951C.e.4418"}]}
RESULT: {"script":"<script> [56 bytes]","args":[{"element-6066-11e4-a52e-4f735466cecf":"f.FE1DA32CFDBC8F8C890368A9A93AADEA.d.C3A205F6D5F0689957B2F818AF31951C.e.4418","ELEMENT":"f.FE1DA32CFDBC8F8C890368A9A93AADEA.d.C3A205F6D5F0689957B2F818AF31951C.e.4418"}]}
COMMAND: GET /session/b9718e1e48867b0fba4e39bd9ed4a756/screenshot - {}
RESULT: {}
COMMAND: POST /session/b9718e1e48867b0fba4e39bd9ed4a756/element - {"using":"css selector","value":"#shell-header-logo"}
RESULT: {"using":"css selector","value":"#shell-header-logo"}
COMMAND: POST /session/b9718e1e48867b0fba4e39bd9ed4a756/element/f.FE1DA32CFDBC8F8C890368A9A93AADEA.d.C3A205F6D5F0689957B2F818AF31951C.e.3669/click - {}
RESULT: {}
COMMAND: GET /session/b9718e1e48867b0fba4e39bd9ed4a756/screenshot - {}
RESULT: {}
COMMAND: POST /session/b9718e1e48867b0fba4e39bd9ed4a756/execute/sync - {"script":"<script> [299 bytes]","args":[["getModel","getResource"]]}
RESULT: {"script":"<script> [299 bytes]","args":[["getModel","getResource"]]}
]]></system-out>
    </testcase>
    <testcase classname="chrome.136_0_7103_93.windows.Create_master_data_for_mixed_billing_&amp;_do_billing_calculation_US151661" name="Should create a new partner" time="140.137">
      <system-out><![CDATA[
COMMAND: GET /session/b9718e1e48867b0fba4e39bd9ed4a756/screenshot - {}
COMMAND: POST /session/b9718e1e48867b0fba4e39bd9ed4a756/window/fullscreen - {}
RESULT: {}
RESULT: {}
COMMAND: POST /session/b9718e1e48867b0fba4e39bd9ed4a756/execute/async - {"script":"<script> [1562 bytes]","args":[{"selector":{"controlType":"sap.m.GenericTile","properties":{"header":"Manage Partners"}},"wdio_ui5_key":"sapm.GenericTile{\"header\":\"Manage Partners\"}"}]}
RESULT: {"script":"<script> [1562 bytes]","args":[{"selector":{"controlType":"sap.m.GenericTile","properties":{"header":"Manage Partners"}},"wdio_ui5_key":"sapm.GenericTile{\"header\":\"Manage Partners\"}"}]}
RESULT: undefined
COMMAND: POST /session/b9718e1e48867b0fba4e39bd9ed4a756/element - {"using":"xpath","value":"//*[@id=\"__tile38\"]"}
RESULT: {"using":"xpath","value":"//*[@id=\"__tile38\"]"}
COMMAND: POST /session/b9718e1e48867b0fba4e39bd9ed4a756/element/f.FE1DA32CFDBC8F8C890368A9A93AADEA.d.C3A205F6D5F0689957B2F818AF31951C.e.3555/click - {}
RESULT: {}
COMMAND: GET /session/b9718e1e48867b0fba4e39bd9ed4a756/screenshot - {}
RESULT: {}
COMMAND: POST /session/b9718e1e48867b0fba4e39bd9ed4a756/elements - {"using":"xpath","value":"//span[text()='Error']"}
RESULT: {"using":"xpath","value":"//span[text()='Error']"}
COMMAND: POST /session/b9718e1e48867b0fba4e39bd9ed4a756/element - {"using":"xpath","value":"//button[@data-kt=\"addButton\"]"}
RESULT: {"using":"xpath","value":"//button[@data-kt=\"addButton\"]"}
COMMAND: POST /session/b9718e1e48867b0fba4e39bd9ed4a756/elements - {"using":"xpath","value":"//button[@data-kt=\"addButton\"]"}
RESULT: {"using":"xpath","value":"//button[@data-kt=\"addButton\"]"}
COMMAND: POST /session/b9718e1e48867b0fba4e39bd9ed4a756/execute/sync - {"script":"<script> [8489 bytes]","args":[{"element-6066-11e4-a52e-4f735466cecf":"f.FE1DA32CFDBC8F8C890368A9A93AADEA.d.C3A205F6D5F0689957B2F818AF31951C.e.4466","ELEMENT":"f.FE1DA32CFDBC8F8C890368A9A93AADEA.d.C3A205F6D5F0689957B2F818AF31951C.e.4466"}]}
RESULT: {"script":"<script> [8489 bytes]","args":[{"element-6066-11e4-a52e-4f735466cecf":"f.FE1DA32CFDBC8F8C890368A9A93AADEA.d.C3A205F6D5F0689957B2F818AF31951C.e.4466","ELEMENT":"f.FE1DA32CFDBC8F8C890368A9A93AADEA.d.C3A205F6D5F0689957B2F818AF31951C.e.4466"}]}
COMMAND: GET /session/b9718e1e48867b0fba4e39bd9ed4a756/element/f.FE1DA32CFDBC8F8C890368A9A93AADEA.d.C3A205F6D5F0689957B2F818AF31951C.e.4466/enabled - {}
COMMAND: GET /session/b9718e1e48867b0fba4e39bd9ed4a756/screenshot - {}
RESULT: {}
COMMAND: POST /session/b9718e1e48867b0fba4e39bd9ed4a756/execute/sync - {"script":"<script> [8489 bytes]","args":[{"element-6066-11e4-a52e-4f735466cecf":"f.FE1DA32CFDBC8F8C890368A9A93AADEA.d.C3A205F6D5F0689957B2F818AF31951C.e.4466","ELEMENT":"f.FE1DA32CFDBC8F8C890368A9A93AADEA.d.C3A205F6D5F0689957B2F818AF31951C.e.4466"}]}
COMMAND: GET /session/b9718e1e48867b0fba4e39bd9ed4a756/screenshot - {}
RESULT: {}
RESULT: {"script":"<script> [8489 bytes]","args":[{"element-6066-11e4-a52e-4f735466cecf":"f.FE1DA32CFDBC8F8C890368A9A93AADEA.d.C3A205F6D5F0689957B2F818AF31951C.e.4466","ELEMENT":"f.FE1DA32CFDBC8F8C890368A9A93AADEA.d.C3A205F6D5F0689957B2F818AF31951C.e.4466"}]}
COMMAND: POST /session/b9718e1e48867b0fba4e39bd9ed4a756/execute/sync - {"script":"<script> [5351 bytes]","args":[{"element-6066-11e4-a52e-4f735466cecf":"f.FE1DA32CFDBC8F8C890368A9A93AADEA.d.C3A205F6D5F0689957B2F818AF31951C.e.4466","ELEMENT":"f.FE1DA32CFDBC8F8C890368A9A93AADEA.d.C3A205F6D5F0689957B2F818AF31951C.e.4466"}]}
COMMAND: GET /session/b9718e1e48867b0fba4e39bd9ed4a756/screenshot - {}
RESULT: {}
RESULT: {"script":"<script> [5351 bytes]","args":[{"element-6066-11e4-a52e-4f735466cecf":"f.FE1DA32CFDBC8F8C890368A9A93AADEA.d.C3A205F6D5F0689957B2F818AF31951C.e.4466","ELEMENT":"f.FE1DA32CFDBC8F8C890368A9A93AADEA.d.C3A205F6D5F0689957B2F818AF31951C.e.4466"}]}
COMMAND: POST /session/b9718e1e48867b0fba4e39bd9ed4a756/element/f.FE1DA32CFDBC8F8C890368A9A93AADEA.d.C3A205F6D5F0689957B2F818AF31951C.e.4466/click - {}
COMMAND: GET /session/b9718e1e48867b0fba4e39bd9ed4a756/screenshot - {}
RESULT: {}
RESULT: {}
COMMAND: GET /session/b9718e1e48867b0fba4e39bd9ed4a756/screenshot - {}
COMMAND: POST /session/b9718e1e48867b0fba4e39bd9ed4a756/execute/async - {"script":"<script> [1562 bytes]","args":[{"selector":{"id":"application-managepartners-display-component---NewPartner--addressDetailDetailsName1","interaction":{"idSuffix":"inner"}},"wdio_ui5_key":"applicationmanagepartners-display-component---NewPartner--addressDetailDetailsName1"}]}
RESULT: {}
RESULT: {}
RESULT: {"script":"<script> [1562 bytes]","args":[{"selector":{"id":"application-managepartners-display-component---NewPartner--addressDetailDetailsName1","interaction":{"idSuffix":"inner"}},"wdio_ui5_key":"applicationmanagepartners-display-component---NewPartner--addressDetailDetailsName1"}]}
RESULT: undefined
COMMAND: POST /session/b9718e1e48867b0fba4e39bd9ed4a756/execute/async - {"script":"<script> [776 bytes]","args":[{"enterText":"Intercompany Partner WDIO","selector":{"id":"application-managepartners-display-component---NewPartner--addressDetailDetailsName1","interaction":{"idSuffix":"inner"}},"clearTextFirst":true,"interactionType":"ENTER_TEXT"}]}
RESULT: {"script":"<script> [776 bytes]","args":[{"enterText":"Intercompany Partner WDIO","selector":{"id":"application-managepartners-display-component---NewPartner--addressDetailDetailsName1","interaction":{"idSuffix":"inner"}},"clearTextFirst":true,"interactionType":"ENTER_TEXT"}]}
COMMAND: POST /session/b9718e1e48867b0fba4e39bd9ed4a756/execute/async - {"script":"<script> [1562 bytes]","args":[{"selector":{"id":"application-managepartners-display-component---NewPartner--addressDetailDetailsLanguage-arrow"},"wdio_ui5_key":"applicationmanagepartners-display-component---NewPartner--addressDetailDetailsLanguage-arrow"}]}
RESULT: {"script":"<script> [1562 bytes]","args":[{"selector":{"id":"application-managepartners-display-component---NewPartner--addressDetailDetailsLanguage-arrow"},"wdio_ui5_key":"applicationmanagepartners-display-component---NewPartner--addressDetailDetailsLanguage-arrow"}]}
RESULT: undefined
COMMAND: POST /session/b9718e1e48867b0fba4e39bd9ed4a756/element - {"using":"xpath","value":"//*[@id=\"application-managepartners-display-component---NewPartner--addressDetailDetailsLanguage-arrow\"]"}
RESULT: {"using":"xpath","value":"//*[@id=\"application-managepartners-display-component---NewPartner--addressDetailDetailsLanguage-arrow\"]"}
COMMAND: POST /session/b9718e1e48867b0fba4e39bd9ed4a756/element/f.FE1DA32CFDBC8F8C890368A9A93AADEA.d.C3A205F6D5F0689957B2F818AF31951C.e.4900/click - {}
RESULT: {}
COMMAND: POST /session/b9718e1e48867b0fba4e39bd9ed4a756/element - {"using":"xpath","value":"//span[contains(text(), \"English\")]"}
COMMAND: GET /session/b9718e1e48867b0fba4e39bd9ed4a756/screenshot - {}
RESULT: {"using":"xpath","value":"//span[contains(text(), \"English\")]"}
COMMAND: POST /session/b9718e1e48867b0fba4e39bd9ed4a756/element/f.FE1DA32CFDBC8F8C890368A9A93AADEA.d.C3A205F6D5F0689957B2F818AF31951C.e.4901/click - {}
RESULT: {}
RESULT: {}
COMMAND: GET /session/b9718e1e48867b0fba4e39bd9ed4a756/screenshot - {}
RESULT: {}
COMMAND: POST /session/b9718e1e48867b0fba4e39bd9ed4a756/execute/async - {"script":"<script> [1562 bytes]","args":[{"selector":{"id":"application-managepartners-display-component---NewPartner--addressDetailDetailsCity1","interaction":{"idSuffix":"inner"}},"wdio_ui5_key":"applicationmanagepartners-display-component---NewPartner--addressDetailDetailsCity1"}]}
RESULT: {"script":"<script> [1562 bytes]","args":[{"selector":{"id":"application-managepartners-display-component---NewPartner--addressDetailDetailsCity1","interaction":{"idSuffix":"inner"}},"wdio_ui5_key":"applicationmanagepartners-display-component---NewPartner--addressDetailDetailsCity1"}]}
RESULT: undefined
COMMAND: POST /session/b9718e1e48867b0fba4e39bd9ed4a756/execute/async - {"script":"<script> [776 bytes]","args":[{"enterText":"Rosario","selector":{"id":"application-managepartners-display-component---NewPartner--addressDetailDetailsCity1","interaction":{"idSuffix":"inner"}},"clearTextFirst":true,"interactionType":"ENTER_TEXT"}]}
RESULT: {"script":"<script> [776 bytes]","args":[{"enterText":"Rosario","selector":{"id":"application-managepartners-display-component---NewPartner--addressDetailDetailsCity1","interaction":{"idSuffix":"inner"}},"clearTextFirst":true,"interactionType":"ENTER_TEXT"}]}
COMMAND: POST /session/b9718e1e48867b0fba4e39bd9ed4a756/execute/async - {"script":"<script> [1562 bytes]","args":[{"selector":{"id":"application-managepartners-display-component---NewPartner--addressDetailDetailsCountry-arrow"},"wdio_ui5_key":"applicationmanagepartners-display-component---NewPartner--addressDetailDetailsCountry-arrow"}]}
RESULT: {"script":"<script> [1562 bytes]","args":[{"selector":{"id":"application-managepartners-display-component---NewPartner--addressDetailDetailsCountry-arrow"},"wdio_ui5_key":"applicationmanagepartners-display-component---NewPartner--addressDetailDetailsCountry-arrow"}]}
RESULT: undefined
COMMAND: POST /session/b9718e1e48867b0fba4e39bd9ed4a756/element - {"using":"xpath","value":"//*[@id=\"application-managepartners-display-component---NewPartner--addressDetailDetailsCountry-arrow\"]"}
RESULT: {"using":"xpath","value":"//*[@id=\"application-managepartners-display-component---NewPartner--addressDetailDetailsCountry-arrow\"]"}
COMMAND: POST /session/b9718e1e48867b0fba4e39bd9ed4a756/element/f.FE1DA32CFDBC8F8C890368A9A93AADEA.d.C3A205F6D5F0689957B2F818AF31951C.e.4887/click - {}
RESULT: {}
COMMAND: POST /session/b9718e1e48867b0fba4e39bd9ed4a756/element - {"using":"xpath","value":"//span[contains(text(), \"Argentina\")]"}
COMMAND: GET /session/b9718e1e48867b0fba4e39bd9ed4a756/screenshot - {}
RESULT: {"using":"xpath","value":"//span[contains(text(), \"Argentina\")]"}
COMMAND: POST /session/b9718e1e48867b0fba4e39bd9ed4a756/element/f.FE1DA32CFDBC8F8C890368A9A93AADEA.d.C3A205F6D5F0689957B2F818AF31951C.e.4903/click - {}
RESULT: {}
RESULT: {}
COMMAND: GET /session/b9718e1e48867b0fba4e39bd9ed4a756/screenshot - {}
RESULT: {}
COMMAND: POST /session/b9718e1e48867b0fba4e39bd9ed4a756/element - {"using":"xpath","value":"//bdi[contains(text(), \"Commercial\")]"}
RESULT: {"using":"xpath","value":"//bdi[contains(text(), \"Commercial\")]"}
COMMAND: POST /session/b9718e1e48867b0fba4e39bd9ed4a756/element/f.FE1DA32CFDBC8F8C890368A9A93AADEA.d.C3A205F6D5F0689957B2F818AF31951C.e.4904/click - {}
RESULT: {}
COMMAND: GET /session/b9718e1e48867b0fba4e39bd9ed4a756/screenshot - {}
RESULT: {}
COMMAND: POST /session/b9718e1e48867b0fba4e39bd9ed4a756/execute/async - {"script":"<script> [1562 bytes]","args":[{"selector":{"id":"application-managepartners-display-component---NewPartner--partnerDetailInternal-arrow"},"wdio_ui5_key":"applicationmanagepartners-display-component---NewPartner--partnerDetailInternal-arrow"}]}
RESULT: {"script":"<script> [1562 bytes]","args":[{"selector":{"id":"application-managepartners-display-component---NewPartner--partnerDetailInternal-arrow"},"wdio_ui5_key":"applicationmanagepartners-display-component---NewPartner--partnerDetailInternal-arrow"}]}
RESULT: undefined
COMMAND: POST /session/b9718e1e48867b0fba4e39bd9ed4a756/element - {"using":"xpath","value":"//*[@id=\"application-managepartners-display-component---NewPartner--partnerDetailInternal-arrow\"]"}
RESULT: {"using":"xpath","value":"//*[@id=\"application-managepartners-display-component---NewPartner--partnerDetailInternal-arrow\"]"}
COMMAND: POST /session/b9718e1e48867b0fba4e39bd9ed4a756/element/f.FE1DA32CFDBC8F8C890368A9A93AADEA.d.C3A205F6D5F0689957B2F818AF31951C.e.4910/click - {}
RESULT: {}
COMMAND: POST /session/b9718e1e48867b0fba4e39bd9ed4a756/element - {"using":"xpath","value":"//span[contains(text(), \"Affiliated company\")]"}
COMMAND: GET /session/b9718e1e48867b0fba4e39bd9ed4a756/screenshot - {}
RESULT: {"using":"xpath","value":"//span[contains(text(), \"Affiliated company\")]"}
COMMAND: POST /session/b9718e1e48867b0fba4e39bd9ed4a756/element/f.FE1DA32CFDBC8F8C890368A9A93AADEA.d.C3A205F6D5F0689957B2F818AF31951C.e.4911/click - {}
RESULT: {}
RESULT: {}
COMMAND: POST /session/b9718e1e48867b0fba4e39bd9ed4a756/execute/async - {"script":"<script> [1562 bytes]","args":[{"selector":{"id":"application-managepartners-display-component---NewPartner--partnerDetailsCurrency-arrow"},"wdio_ui5_key":"applicationmanagepartners-display-component---NewPartner--partnerDetailsCurrency-arrow"}]}
COMMAND: GET /session/b9718e1e48867b0fba4e39bd9ed4a756/screenshot - {}
RESULT: {"script":"<script> [1562 bytes]","args":[{"selector":{"id":"application-managepartners-display-component---NewPartner--partnerDetailsCurrency-arrow"},"wdio_ui5_key":"applicationmanagepartners-display-component---NewPartner--partnerDetailsCurrency-arrow"}]}
RESULT: undefined
COMMAND: POST /session/b9718e1e48867b0fba4e39bd9ed4a756/element - {"using":"xpath","value":"//*[@id=\"application-managepartners-display-component---NewPartner--partnerDetailsCurrency-arrow\"]"}
RESULT: {}
RESULT: {"using":"xpath","value":"//*[@id=\"application-managepartners-display-component---NewPartner--partnerDetailsCurrency-arrow\"]"}
COMMAND: POST /session/b9718e1e48867b0fba4e39bd9ed4a756/element/f.FE1DA32CFDBC8F8C890368A9A93AADEA.d.C3A205F6D5F0689957B2F818AF31951C.e.4918/click - {}
RESULT: {}
COMMAND: POST /session/b9718e1e48867b0fba4e39bd9ed4a756/element - {"using":"xpath","value":"//span[contains(text(), \"Euro\")]"}
COMMAND: GET /session/b9718e1e48867b0fba4e39bd9ed4a756/screenshot - {}
RESULT: {"using":"xpath","value":"//span[contains(text(), \"Euro\")]"}
COMMAND: POST /session/b9718e1e48867b0fba4e39bd9ed4a756/element/f.FE1DA32CFDBC8F8C890368A9A93AADEA.d.C3A205F6D5F0689957B2F818AF31951C.e.4919/click - {}
RESULT: {}
RESULT: {}
COMMAND: POST /session/b9718e1e48867b0fba4e39bd9ed4a756/execute/async - {"script":"<script> [1562 bytes]","args":[{"selector":{"id":"application-managepartners-display-component---NewPartner--addressEditDetailsCostObjectCstType-arrow"},"wdio_ui5_key":"applicationmanagepartners-display-component---NewPartner--addressEditDetailsCostObjectCstType-arrow"}]}
COMMAND: GET /session/b9718e1e48867b0fba4e39bd9ed4a756/screenshot - {}
RESULT: {"script":"<script> [1562 bytes]","args":[{"selector":{"id":"application-managepartners-display-component---NewPartner--addressEditDetailsCostObjectCstType-arrow"},"wdio_ui5_key":"applicationmanagepartners-display-component---NewPartner--addressEditDetailsCostObjectCstType-arrow"}]}
RESULT: undefined
COMMAND: POST /session/b9718e1e48867b0fba4e39bd9ed4a756/element - {"using":"xpath","value":"//*[@id=\"application-managepartners-display-component---NewPartner--addressEditDetailsCostObjectCstType-arrow\"]"}
RESULT: {}
RESULT: {"using":"xpath","value":"//*[@id=\"application-managepartners-display-component---NewPartner--addressEditDetailsCostObjectCstType-arrow\"]"}
COMMAND: POST /session/b9718e1e48867b0fba4e39bd9ed4a756/element/f.FE1DA32CFDBC8F8C890368A9A93AADEA.d.C3A205F6D5F0689957B2F818AF31951C.e.4920/click - {}
RESULT: {}
COMMAND: POST /session/b9718e1e48867b0fba4e39bd9ed4a756/element - {"using":"xpath","value":"//span[contains(text(), \"Cost Center\")]"}
COMMAND: GET /session/b9718e1e48867b0fba4e39bd9ed4a756/screenshot - {}
RESULT: {"using":"xpath","value":"//span[contains(text(), \"Cost Center\")]"}
COMMAND: POST /session/b9718e1e48867b0fba4e39bd9ed4a756/element/f.FE1DA32CFDBC8F8C890368A9A93AADEA.d.C3A205F6D5F0689957B2F818AF31951C.e.4921/click - {}
RESULT: {}
RESULT: {}
COMMAND: GET /session/b9718e1e48867b0fba4e39bd9ed4a756/screenshot - {}
RESULT: {}
COMMAND: POST /session/b9718e1e48867b0fba4e39bd9ed4a756/element - {"using":"xpath","value":"//span[@id=\"application-managepartners-display-component---NewPartner--addressNewCostObjectCstID-vhi\"]"}
RESULT: {"using":"xpath","value":"//span[@id=\"application-managepartners-display-component---NewPartner--addressNewCostObjectCstID-vhi\"]"}
COMMAND: POST /session/b9718e1e48867b0fba4e39bd9ed4a756/execute/sync - {"script":"<script> [8489 bytes]","args":[{"element-6066-11e4-a52e-4f735466cecf":"f.FE1DA32CFDBC8F8C890368A9A93AADEA.d.C3A205F6D5F0689957B2F818AF31951C.e.4925","ELEMENT":"f.FE1DA32CFDBC8F8C890368A9A93AADEA.d.C3A205F6D5F0689957B2F818AF31951C.e.4925"}]}
RESULT: {"script":"<script> [8489 bytes]","args":[{"element-6066-11e4-a52e-4f735466cecf":"f.FE1DA32CFDBC8F8C890368A9A93AADEA.d.C3A205F6D5F0689957B2F818AF31951C.e.4925","ELEMENT":"f.FE1DA32CFDBC8F8C890368A9A93AADEA.d.C3A205F6D5F0689957B2F818AF31951C.e.4925"}]}
COMMAND: POST /session/b9718e1e48867b0fba4e39bd9ed4a756/execute/async - {"script":"<script> [1562 bytes]","args":[{"selector":{"id":"application-managepartners-display-component---NewPartner--addressNewCostObjectCstID-vhi"},"wdio_ui5_key":"applicationmanagepartners-display-component---NewPartner--addressNewCostObjectCstID-vhi"}]}
COMMAND: GET /session/b9718e1e48867b0fba4e39bd9ed4a756/screenshot - {}
RESULT: {"script":"<script> [1562 bytes]","args":[{"selector":{"id":"application-managepartners-display-component---NewPartner--addressNewCostObjectCstID-vhi"},"wdio_ui5_key":"applicationmanagepartners-display-component---NewPartner--addressNewCostObjectCstID-vhi"}]}
RESULT: undefined
COMMAND: POST /session/b9718e1e48867b0fba4e39bd9ed4a756/element - {"using":"xpath","value":"//*[@id=\"application-managepartners-display-component---NewPartner--addressNewCostObjectCstID-vhi\"]"}
RESULT: {}
RESULT: {"using":"xpath","value":"//*[@id=\"application-managepartners-display-component---NewPartner--addressNewCostObjectCstID-vhi\"]"}
COMMAND: POST /session/b9718e1e48867b0fba4e39bd9ed4a756/element/f.FE1DA32CFDBC8F8C890368A9A93AADEA.d.C3A205F6D5F0689957B2F818AF31951C.e.4925/click - {}
RESULT: {}
COMMAND: GET /session/b9718e1e48867b0fba4e39bd9ed4a756/screenshot - {}
RESULT: {}
RESULT: undefined
COMMAND: POST /session/b9718e1e48867b0fba4e39bd9ed4a756/execute/async - {"script":"<script> [776 bytes]","args":[{"enterText":"10001013","selector":{"controlType":"sap.m.SearchField","properties":{"placeholder":"Search"},"searchOpenDialogs":true,"interaction":{"idSuffix":"I"}},"clearTextFirst":true,"interactionType":"ENTER_TEXT"}]}
RESULT: {"script":"<script> [776 bytes]","args":[{"enterText":"10001013","selector":{"controlType":"sap.m.SearchField","properties":{"placeholder":"Search"},"searchOpenDialogs":true,"interaction":{"idSuffix":"I"}},"clearTextFirst":true,"interactionType":"ENTER_TEXT"}]}
COMMAND: POST /session/b9718e1e48867b0fba4e39bd9ed4a756/actions - {"actions":[{"id":"action11","type":"key","parameters":{},"actions":[{"type":"keyDown","value":"î€‡"},{"type":"pause","duration":10},{"type":"keyUp","value":"î€‡"}]}]}
RESULT: {"actions":[{"id":"action11","type":"key","parameters":{},"actions":[{"type":"keyDown","value":"î€‡"},{"type":"pause","duration":10},{"type":"keyUp","value":"î€‡"}]}]}
COMMAND: GET /session/b9718e1e48867b0fba4e39bd9ed4a756/screenshot - {}
RESULT: {}
COMMAND: POST /session/b9718e1e48867b0fba4e39bd9ed4a756/element - {"using":"xpath","value":"//span[contains(text(), \"General Management\")]"}
RESULT: {"using":"xpath","value":"//span[contains(text(), \"General Management\")]"}
COMMAND: POST /session/b9718e1e48867b0fba4e39bd9ed4a756/element/f.FE1DA32CFDBC8F8C890368A9A93AADEA.d.C3A205F6D5F0689957B2F818AF31951C.e.4964/click - {}
RESULT: {}
COMMAND: GET /session/b9718e1e48867b0fba4e39bd9ed4a756/screenshot - {}
RESULT: {}
COMMAND: POST /session/b9718e1e48867b0fba4e39bd9ed4a756/element - {"using":"xpath","value":"//bdi[contains(text(), \"OK\")]"}
RESULT: {"using":"xpath","value":"//bdi[contains(text(), \"OK\")]"}
COMMAND: POST /session/b9718e1e48867b0fba4e39bd9ed4a756/element/f.FE1DA32CFDBC8F8C890368A9A93AADEA.d.C3A205F6D5F0689957B2F818AF31951C.e.4965/click - {}
RESULT: {}
COMMAND: GET /session/b9718e1e48867b0fba4e39bd9ed4a756/screenshot - {}
RESULT: {}
COMMAND: POST /session/b9718e1e48867b0fba4e39bd9ed4a756/element - {"using":"xpath","value":"//input[@id=\"application-managepartners-display-component---NewPartner--companyCodeComboBox-inner\"]"}
RESULT: {"using":"xpath","value":"//input[@id=\"application-managepartners-display-component---NewPartner--companyCodeComboBox-inner\"]"}
COMMAND: POST /session/b9718e1e48867b0fba4e39bd9ed4a756/element/f.FE1DA32CFDBC8F8C890368A9A93AADEA.d.C3A205F6D5F0689957B2F818AF31951C.e.4778/clear - {}
RESULT: {}
COMMAND: POST /session/b9718e1e48867b0fba4e39bd9ed4a756/element/f.FE1DA32CFDBC8F8C890368A9A93AADEA.d.C3A205F6D5F0689957B2F818AF31951C.e.4778/value - {"text":"C002"}
COMMAND: GET /session/b9718e1e48867b0fba4e39bd9ed4a756/screenshot - {}
RESULT: {"text":"C002"}
COMMAND: GET /session/b9718e1e48867b0fba4e39bd9ed4a756/screenshot - {}
RESULT: {}
RESULT: {}
COMMAND: POST /session/b9718e1e48867b0fba4e39bd9ed4a756/element - {"using":"xpath","value":"//li[.//span[text()= \"C002\"]]"}
RESULT: {"using":"xpath","value":"//li[.//span[text()= \"C002\"]]"}
COMMAND: POST /session/b9718e1e48867b0fba4e39bd9ed4a756/element/f.FE1DA32CFDBC8F8C890368A9A93AADEA.d.C3A205F6D5F0689957B2F818AF31951C.e.4971/click - {}
RESULT: {}
COMMAND: GET /session/b9718e1e48867b0fba4e39bd9ed4a756/screenshot - {}
RESULT: {}
COMMAND: POST /session/b9718e1e48867b0fba4e39bd9ed4a756/execute/async - {"script":"<script> [1562 bytes]","args":[{"selector":{"id":"application-managepartners-display-component---NewPartner--btnAddTableRow-img"},"wdio_ui5_key":"applicationmanagepartners-display-component---NewPartner--btnAddTableRow-img"}]}
RESULT: {"script":"<script> [1562 bytes]","args":[{"selector":{"id":"application-managepartners-display-component---NewPartner--btnAddTableRow-img"},"wdio_ui5_key":"applicationmanagepartners-display-component---NewPartner--btnAddTableRow-img"}]}
RESULT: undefined
COMMAND: POST /session/b9718e1e48867b0fba4e39bd9ed4a756/element - {"using":"xpath","value":"//*[@id=\"application-managepartners-display-component---NewPartner--btnAddTableRow-img\"]"}
RESULT: {"using":"xpath","value":"//*[@id=\"application-managepartners-display-component---NewPartner--btnAddTableRow-img\"]"}
COMMAND: POST /session/b9718e1e48867b0fba4e39bd9ed4a756/element/f.FE1DA32CFDBC8F8C890368A9A93AADEA.d.C3A205F6D5F0689957B2F818AF31951C.e.4972/click - {}
RESULT: {}
COMMAND: GET /session/b9718e1e48867b0fba4e39bd9ed4a756/screenshot - {}
RESULT: {}
COMMAND: POST /session/b9718e1e48867b0fba4e39bd9ed4a756/element - {"using":"xpath","value":"//input[@id=\"application-managepartners-display-component---NewPartner--assignmentYard-application-managepartners-display-component---NewPartner--assignmentsTable-0-inner\"]"}
RESULT: {"using":"xpath","value":"//input[@id=\"application-managepartners-display-component---NewPartner--assignmentYard-application-managepartners-display-component---NewPartner--assignmentsTable-0-inner\"]"}
COMMAND: POST /session/b9718e1e48867b0fba4e39bd9ed4a756/element/f.FE1DA32CFDBC8F8C890368A9A93AADEA.d.C3A205F6D5F0689957B2F818AF31951C.e.4975/clear - {}
RESULT: {}
COMMAND: POST /session/b9718e1e48867b0fba4e39bd9ed4a756/element/f.FE1DA32CFDBC8F8C890368A9A93AADEA.d.C3A205F6D5F0689957B2F818AF31951C.e.4975/value - {"text":"505"}
COMMAND: GET /session/b9718e1e48867b0fba4e39bd9ed4a756/screenshot - {}
RESULT: {"text":"505"}
COMMAND: GET /session/b9718e1e48867b0fba4e39bd9ed4a756/screenshot - {}
RESULT: {}
RESULT: {}
COMMAND: POST /session/b9718e1e48867b0fba4e39bd9ed4a756/element - {"using":"xpath","value":"//li[.//span[text()='505']]"}
RESULT: {"using":"xpath","value":"//li[.//span[text()='505']]"}
COMMAND: POST /session/b9718e1e48867b0fba4e39bd9ed4a756/element/f.FE1DA32CFDBC8F8C890368A9A93AADEA.d.C3A205F6D5F0689957B2F818AF31951C.e.4984/click - {}
RESULT: {}
COMMAND: GET /session/b9718e1e48867b0fba4e39bd9ed4a756/screenshot - {}
RESULT: {}
COMMAND: POST /session/b9718e1e48867b0fba4e39bd9ed4a756/actions - {"actions":[{"id":"action12","type":"key","parameters":{},"actions":[{"type":"keyDown","value":"î€‡"},{"type":"pause","duration":10},{"type":"keyUp","value":"î€‡"}]}]}
RESULT: {"actions":[{"id":"action12","type":"key","parameters":{},"actions":[{"type":"keyDown","value":"î€‡"},{"type":"pause","duration":10},{"type":"keyUp","value":"î€‡"}]}]}
COMMAND: POST /session/b9718e1e48867b0fba4e39bd9ed4a756/execute/async - {"script":"<script> [1562 bytes]","args":[{"selector":{"id":"application-managepartners-display-component---NewPartner--externalCustomerComboBox-application-managepartners-display-component---NewPartner--assignmentsTable-0-vhi"},"wdio_ui5_key":"applicationmanagepartners-display-component---NewPartner--externalCustomerComboBox-application-managepartners-display-component---NewPartner--assignmentsTable-0-vhi"}]}
COMMAND: GET /session/b9718e1e48867b0fba4e39bd9ed4a756/screenshot - {}
RESULT: {"script":"<script> [1562 bytes]","args":[{"selector":{"id":"application-managepartners-display-component---NewPartner--externalCustomerComboBox-application-managepartners-display-component---NewPartner--assignmentsTable-0-vhi"},"wdio_ui5_key":"applicationmanagepartners-display-component---NewPartner--externalCustomerComboBox-application-managepartners-display-component---NewPartner--assignmentsTable-0-vhi"}]}
RESULT: undefined
COMMAND: POST /session/b9718e1e48867b0fba4e39bd9ed4a756/element - {"using":"xpath","value":"//*[@id=\"application-managepartners-display-component---NewPartner--externalCustomerComboBox-application-managepartners-display-component---NewPartner--assignmentsTable-0-vhi\"]"}
RESULT: {}
RESULT: {"using":"xpath","value":"//*[@id=\"application-managepartners-display-component---NewPartner--externalCustomerComboBox-application-managepartners-display-component---NewPartner--assignmentsTable-0-vhi\"]"}
COMMAND: POST /session/b9718e1e48867b0fba4e39bd9ed4a756/element/f.FE1DA32CFDBC8F8C890368A9A93AADEA.d.C3A205F6D5F0689957B2F818AF31951C.e.4988/click - {}
RESULT: {}
RESULT: undefined
COMMAND: POST /session/b9718e1e48867b0fba4e39bd9ed4a756/execute/async - {"script":"<script> [776 bytes]","args":[{"enterText":"300003","selector":{"controlType":"sap.m.SearchField","properties":{"placeholder":"Search"},"searchOpenDialogs":true,"interaction":{"idSuffix":"I"}},"clearTextFirst":true,"interactionType":"ENTER_TEXT"}]}
COMMAND: GET /session/b9718e1e48867b0fba4e39bd9ed4a756/screenshot - {}
RESULT: {"script":"<script> [776 bytes]","args":[{"enterText":"300003","selector":{"controlType":"sap.m.SearchField","properties":{"placeholder":"Search"},"searchOpenDialogs":true,"interaction":{"idSuffix":"I"}},"clearTextFirst":true,"interactionType":"ENTER_TEXT"}]}
COMMAND: POST /session/b9718e1e48867b0fba4e39bd9ed4a756/actions - {"actions":[{"id":"action13","type":"key","parameters":{},"actions":[{"type":"keyDown","value":"î€‡"},{"type":"pause","duration":10},{"type":"keyUp","value":"î€‡"}]}]}
RESULT: {}
RESULT: {"actions":[{"id":"action13","type":"key","parameters":{},"actions":[{"type":"keyDown","value":"î€‡"},{"type":"pause","duration":10},{"type":"keyUp","value":"î€‡"}]}]}
COMMAND: GET /session/b9718e1e48867b0fba4e39bd9ed4a756/screenshot - {}
RESULT: {}
COMMAND: POST /session/b9718e1e48867b0fba4e39bd9ed4a756/element - {"using":"xpath","value":"//span[contains(text(), \"300003\")]"}
RESULT: {"using":"xpath","value":"//span[contains(text(), \"300003\")]"}
COMMAND: POST /session/b9718e1e48867b0fba4e39bd9ed4a756/element/f.FE1DA32CFDBC8F8C890368A9A93AADEA.d.C3A205F6D5F0689957B2F818AF31951C.e.5005/click - {}
RESULT: {}
COMMAND: GET /session/b9718e1e48867b0fba4e39bd9ed4a756/screenshot - {}
RESULT: {}
COMMAND: POST /session/b9718e1e48867b0fba4e39bd9ed4a756/element - {"using":"xpath","value":"//bdi[contains(text(), \"OK\")]"}
RESULT: {"using":"xpath","value":"//bdi[contains(text(), \"OK\")]"}
COMMAND: POST /session/b9718e1e48867b0fba4e39bd9ed4a756/element/f.FE1DA32CFDBC8F8C890368A9A93AADEA.d.C3A205F6D5F0689957B2F818AF31951C.e.5007/click - {}
RESULT: {}
COMMAND: GET /session/b9718e1e48867b0fba4e39bd9ed4a756/screenshot - {}
RESULT: {}
COMMAND: POST /session/b9718e1e48867b0fba4e39bd9ed4a756/execute/async - {"script":"<script> [1562 bytes]","args":[{"selector":{"id":"application-managepartners-display-component---NewPartner--intercompVendorComboBox-application-managepartners-display-component---NewPartner--assignmentsTable-0-vhi"},"wdio_ui5_key":"applicationmanagepartners-display-component---NewPartner--intercompVendorComboBox-application-managepartners-display-component---NewPartner--assignmentsTable-0-vhi"}]}
RESULT: {"script":"<script> [1562 bytes]","args":[{"selector":{"id":"application-managepartners-display-component---NewPartner--intercompVendorComboBox-application-managepartners-display-component---NewPartner--assignmentsTable-0-vhi"},"wdio_ui5_key":"applicationmanagepartners-display-component---NewPartner--intercompVendorComboBox-application-managepartners-display-component---NewPartner--assignmentsTable-0-vhi"}]}
RESULT: undefined
COMMAND: POST /session/b9718e1e48867b0fba4e39bd9ed4a756/element - {"using":"xpath","value":"//*[@id=\"application-managepartners-display-component---NewPartner--intercompVendorComboBox-application-managepartners-display-component---NewPartner--assignmentsTable-0-vhi\"]"}
RESULT: {"using":"xpath","value":"//*[@id=\"application-managepartners-display-component---NewPartner--intercompVendorComboBox-application-managepartners-display-component---NewPartner--assignmentsTable-0-vhi\"]"}
COMMAND: POST /session/b9718e1e48867b0fba4e39bd9ed4a756/element/f.FE1DA32CFDBC8F8C890368A9A93AADEA.d.C3A205F6D5F0689957B2F818AF31951C.e.5010/click - {}
RESULT: {}
RESULT: undefined
COMMAND: POST /session/b9718e1e48867b0fba4e39bd9ed4a756/execute/async - {"script":"<script> [776 bytes]","args":[{"enterText":"100005","selector":{"controlType":"sap.m.SearchField","properties":{"placeholder":"Search"},"searchOpenDialogs":true,"interaction":{"idSuffix":"I"}},"clearTextFirst":true,"interactionType":"ENTER_TEXT"}]}
COMMAND: GET /session/b9718e1e48867b0fba4e39bd9ed4a756/screenshot - {}
RESULT: {"script":"<script> [776 bytes]","args":[{"enterText":"100005","selector":{"controlType":"sap.m.SearchField","properties":{"placeholder":"Search"},"searchOpenDialogs":true,"interaction":{"idSuffix":"I"}},"clearTextFirst":true,"interactionType":"ENTER_TEXT"}]}
COMMAND: POST /session/b9718e1e48867b0fba4e39bd9ed4a756/actions - {"actions":[{"id":"action14","type":"key","parameters":{},"actions":[{"type":"keyDown","value":"î€‡"},{"type":"pause","duration":10},{"type":"keyUp","value":"î€‡"}]}]}
RESULT: {}
RESULT: {"actions":[{"id":"action14","type":"key","parameters":{},"actions":[{"type":"keyDown","value":"î€‡"},{"type":"pause","duration":10},{"type":"keyUp","value":"î€‡"}]}]}
COMMAND: GET /session/b9718e1e48867b0fba4e39bd9ed4a756/screenshot - {}
RESULT: {}
COMMAND: POST /session/b9718e1e48867b0fba4e39bd9ed4a756/element - {"using":"xpath","value":"//span[contains(text(), \"Penguins - Field/12345 Berlin\")]"}
RESULT: {"using":"xpath","value":"//span[contains(text(), \"Penguins - Field/12345 Berlin\")]"}
COMMAND: POST /session/b9718e1e48867b0fba4e39bd9ed4a756/element/f.FE1DA32CFDBC8F8C890368A9A93AADEA.d.C3A205F6D5F0689957B2F818AF31951C.e.5030/click - {}
RESULT: {}
COMMAND: GET /session/b9718e1e48867b0fba4e39bd9ed4a756/screenshot - {}
RESULT: {}
COMMAND: POST /session/b9718e1e48867b0fba4e39bd9ed4a756/element - {"using":"xpath","value":"//bdi[contains(text(), \"OK\")]"}
RESULT: {"using":"xpath","value":"//bdi[contains(text(), \"OK\")]"}
COMMAND: POST /session/b9718e1e48867b0fba4e39bd9ed4a756/element/f.FE1DA32CFDBC8F8C890368A9A93AADEA.d.C3A205F6D5F0689957B2F818AF31951C.e.5031/click - {}
RESULT: {}
COMMAND: GET /session/b9718e1e48867b0fba4e39bd9ed4a756/screenshot - {}
RESULT: {}
COMMAND: POST /session/b9718e1e48867b0fba4e39bd9ed4a756/element - {"using":"xpath","value":"//button[@data-kt=\"saveButton\"]"}
RESULT: {"using":"xpath","value":"//button[@data-kt=\"saveButton\"]"}
COMMAND: POST /session/b9718e1e48867b0fba4e39bd9ed4a756/element/f.FE1DA32CFDBC8F8C890368A9A93AADEA.d.C3A205F6D5F0689957B2F818AF31951C.e.4811/click - {}
RESULT: {}
COMMAND: GET /session/b9718e1e48867b0fba4e39bd9ed4a756/screenshot - {}
RESULT: {}
COMMAND: POST /session/b9718e1e48867b0fba4e39bd9ed4a756/element - {"using":"xpath","value":"//header[contains(@id, 'ObjectPageLayout-headerTitle')]/div[1]/div[2]/div[2]/span[1]"}
RESULT: {"using":"xpath","value":"//header[contains(@id, 'ObjectPageLayout-headerTitle')]/div[1]/div[2]/div[2]/span[1]"}
COMMAND: POST /session/b9718e1e48867b0fba4e39bd9ed4a756/elements - {"using":"xpath","value":"//header[contains(@id, 'ObjectPageLayout-headerTitle')]/div[1]/div[2]/div[2]/span[1]"}
RESULT: {"using":"xpath","value":"//header[contains(@id, 'ObjectPageLayout-headerTitle')]/div[1]/div[2]/div[2]/span[1]"}
COMMAND: POST /session/b9718e1e48867b0fba4e39bd9ed4a756/execute/sync - {"script":"<script> [56 bytes]","args":[{"element-6066-11e4-a52e-4f735466cecf":"f.FE1DA32CFDBC8F8C890368A9A93AADEA.d.C3A205F6D5F0689957B2F818AF31951C.e.5198","ELEMENT":"f.FE1DA32CFDBC8F8C890368A9A93AADEA.d.C3A205F6D5F0689957B2F818AF31951C.e.5198"}]}
RESULT: {"script":"<script> [56 bytes]","args":[{"element-6066-11e4-a52e-4f735466cecf":"f.FE1DA32CFDBC8F8C890368A9A93AADEA.d.C3A205F6D5F0689957B2F818AF31951C.e.5198","ELEMENT":"f.FE1DA32CFDBC8F8C890368A9A93AADEA.d.C3A205F6D5F0689957B2F818AF31951C.e.5198"}]}
COMMAND: POST /session/b9718e1e48867b0fba4e39bd9ed4a756/element - {"using":"css selector","value":"#shell-header-logo"}
COMMAND: GET /session/b9718e1e48867b0fba4e39bd9ed4a756/screenshot - {}
RESULT: {"using":"css selector","value":"#shell-header-logo"}
COMMAND: POST /session/b9718e1e48867b0fba4e39bd9ed4a756/element/f.FE1DA32CFDBC8F8C890368A9A93AADEA.d.C3A205F6D5F0689957B2F818AF31951C.e.4421/click - {}
RESULT: {}
RESULT: {}
COMMAND: GET /session/b9718e1e48867b0fba4e39bd9ed4a756/screenshot - {}
RESULT: {}
COMMAND: POST /session/b9718e1e48867b0fba4e39bd9ed4a756/execute/sync - {"script":"<script> [299 bytes]","args":[["getModel","getResource"]]}
RESULT: {"script":"<script> [299 bytes]","args":[["getModel","getResource"]]}
]]></system-out>
    </testcase>
    <testcase classname="chrome.136_0_7103_93.windows.Create_master_data_for_mixed_billing_&amp;_do_billing_calculation_US151661" name="Should create a new site" time="159.521">
      <system-out><![CDATA[
COMMAND: POST /session/b9718e1e48867b0fba4e39bd9ed4a756/execute/async - {"script":"<script> [1562 bytes]","args":[{"selector":{"controlType":"sap.m.GenericTile","properties":{"header":"Manage Sites"}},"wdio_ui5_key":"sapm.GenericTile{\"header\":\"Manage Sites\"}"}]}
COMMAND: GET /session/b9718e1e48867b0fba4e39bd9ed4a756/screenshot - {}
RESULT: {"script":"<script> [1562 bytes]","args":[{"selector":{"controlType":"sap.m.GenericTile","properties":{"header":"Manage Sites"}},"wdio_ui5_key":"sapm.GenericTile{\"header\":\"Manage Sites\"}"}]}
RESULT: undefined
COMMAND: POST /session/b9718e1e48867b0fba4e39bd9ed4a756/element - {"using":"xpath","value":"//*[@id=\"__tile40\"]"}
RESULT: {}
RESULT: {"using":"xpath","value":"//*[@id=\"__tile40\"]"}
COMMAND: POST /session/b9718e1e48867b0fba4e39bd9ed4a756/element/f.FE1DA32CFDBC8F8C890368A9A93AADEA.d.C3A205F6D5F0689957B2F818AF31951C.e.3561/click - {}
RESULT: {}
COMMAND: GET /session/b9718e1e48867b0fba4e39bd9ed4a756/screenshot - {}
RESULT: {}
COMMAND: POST /session/b9718e1e48867b0fba4e39bd9ed4a756/elements - {"using":"xpath","value":"//span[text()='Error']"}
RESULT: {"using":"xpath","value":"//span[text()='Error']"}
COMMAND: POST /session/b9718e1e48867b0fba4e39bd9ed4a756/element - {"using":"xpath","value":"//button[@data-kt=\"addOverflowToolbarButton\"]"}
RESULT: {"using":"xpath","value":"//button[@data-kt=\"addOverflowToolbarButton\"]"}
COMMAND: POST /session/b9718e1e48867b0fba4e39bd9ed4a756/elements - {"using":"xpath","value":"//button[@data-kt=\"addOverflowToolbarButton\"]"}
RESULT: {"using":"xpath","value":"//button[@data-kt=\"addOverflowToolbarButton\"]"}
COMMAND: POST /session/b9718e1e48867b0fba4e39bd9ed4a756/execute/sync - {"script":"<script> [8489 bytes]","args":[{"element-6066-11e4-a52e-4f735466cecf":"f.FE1DA32CFDBC8F8C890368A9A93AADEA.d.C3A205F6D5F0689957B2F818AF31951C.e.5244","ELEMENT":"f.FE1DA32CFDBC8F8C890368A9A93AADEA.d.C3A205F6D5F0689957B2F818AF31951C.e.5244"}]}
RESULT: {"script":"<script> [8489 bytes]","args":[{"element-6066-11e4-a52e-4f735466cecf":"f.FE1DA32CFDBC8F8C890368A9A93AADEA.d.C3A205F6D5F0689957B2F818AF31951C.e.5244","ELEMENT":"f.FE1DA32CFDBC8F8C890368A9A93AADEA.d.C3A205F6D5F0689957B2F818AF31951C.e.5244"}]}
COMMAND: GET /session/b9718e1e48867b0fba4e39bd9ed4a756/element/f.FE1DA32CFDBC8F8C890368A9A93AADEA.d.C3A205F6D5F0689957B2F818AF31951C.e.5244/enabled - {}
COMMAND: GET /session/b9718e1e48867b0fba4e39bd9ed4a756/screenshot - {}
RESULT: {}
COMMAND: POST /session/b9718e1e48867b0fba4e39bd9ed4a756/execute/sync - {"script":"<script> [8489 bytes]","args":[{"element-6066-11e4-a52e-4f735466cecf":"f.FE1DA32CFDBC8F8C890368A9A93AADEA.d.C3A205F6D5F0689957B2F818AF31951C.e.5244","ELEMENT":"f.FE1DA32CFDBC8F8C890368A9A93AADEA.d.C3A205F6D5F0689957B2F818AF31951C.e.5244"}]}
COMMAND: GET /session/b9718e1e48867b0fba4e39bd9ed4a756/screenshot - {}
RESULT: {}
RESULT: {"script":"<script> [8489 bytes]","args":[{"element-6066-11e4-a52e-4f735466cecf":"f.FE1DA32CFDBC8F8C890368A9A93AADEA.d.C3A205F6D5F0689957B2F818AF31951C.e.5244","ELEMENT":"f.FE1DA32CFDBC8F8C890368A9A93AADEA.d.C3A205F6D5F0689957B2F818AF31951C.e.5244"}]}
COMMAND: POST /session/b9718e1e48867b0fba4e39bd9ed4a756/execute/sync - {"script":"<script> [5351 bytes]","args":[{"element-6066-11e4-a52e-4f735466cecf":"f.FE1DA32CFDBC8F8C890368A9A93AADEA.d.C3A205F6D5F0689957B2F818AF31951C.e.5244","ELEMENT":"f.FE1DA32CFDBC8F8C890368A9A93AADEA.d.C3A205F6D5F0689957B2F818AF31951C.e.5244"}]}
COMMAND: GET /session/b9718e1e48867b0fba4e39bd9ed4a756/screenshot - {}
RESULT: {}
RESULT: {"script":"<script> [5351 bytes]","args":[{"element-6066-11e4-a52e-4f735466cecf":"f.FE1DA32CFDBC8F8C890368A9A93AADEA.d.C3A205F6D5F0689957B2F818AF31951C.e.5244","ELEMENT":"f.FE1DA32CFDBC8F8C890368A9A93AADEA.d.C3A205F6D5F0689957B2F818AF31951C.e.5244"}]}
COMMAND: POST /session/b9718e1e48867b0fba4e39bd9ed4a756/element/f.FE1DA32CFDBC8F8C890368A9A93AADEA.d.C3A205F6D5F0689957B2F818AF31951C.e.5244/click - {}
COMMAND: GET /session/b9718e1e48867b0fba4e39bd9ed4a756/screenshot - {}
RESULT: {}
RESULT: {}
COMMAND: GET /session/b9718e1e48867b0fba4e39bd9ed4a756/screenshot - {}
RESULT: {}
COMMAND: POST /session/b9718e1e48867b0fba4e39bd9ed4a756/element - {"using":"xpath","value":"//input[@id=\"application-managesites-display-component---NewSite--siteId-inner\"]"}
RESULT: {}
RESULT: {"using":"xpath","value":"//input[@id=\"application-managesites-display-component---NewSite--siteId-inner\"]"}
COMMAND: POST /session/b9718e1e48867b0fba4e39bd9ed4a756/element - {"using":"xpath","value":"//input[@id=\"application-managesites-display-component---NewSite--siteId-inner\"]"}
RESULT: {"using":"xpath","value":"//input[@id=\"application-managesites-display-component---NewSite--siteId-inner\"]"}
COMMAND: POST /session/b9718e1e48867b0fba4e39bd9ed4a756/execute/async - {"script":"<script> [1562 bytes]","args":[{"selector":{"id":"application-managesites-display-component---NewSite--addressDetailDetailsName1","interaction":{"idSuffix":"inner"}},"wdio_ui5_key":"applicationmanagesites-display-component---NewSite--addressDetailDetailsName1"}]}
RESULT: {"script":"<script> [1562 bytes]","args":[{"selector":{"id":"application-managesites-display-component---NewSite--addressDetailDetailsName1","interaction":{"idSuffix":"inner"}},"wdio_ui5_key":"applicationmanagesites-display-component---NewSite--addressDetailDetailsName1"}]}
RESULT: undefined
COMMAND: POST /session/b9718e1e48867b0fba4e39bd9ed4a756/execute/async - {"script":"<script> [776 bytes]","args":[{"enterText":"Intercompany Site wdIO","selector":{"id":"application-managesites-display-component---NewSite--addressDetailDetailsName1","interaction":{"idSuffix":"inner"}},"clearTextFirst":true,"interactionType":"ENTER_TEXT"}]}
RESULT: {"script":"<script> [776 bytes]","args":[{"enterText":"Intercompany Site wdIO","selector":{"id":"application-managesites-display-component---NewSite--addressDetailDetailsName1","interaction":{"idSuffix":"inner"}},"clearTextFirst":true,"interactionType":"ENTER_TEXT"}]}
COMMAND: POST /session/b9718e1e48867b0fba4e39bd9ed4a756/execute/async - {"script":"<script> [1562 bytes]","args":[{"selector":{"id":"application-managesites-display-component---NewSite--addressDetailDetailsLanguage-arrow"},"wdio_ui5_key":"applicationmanagesites-display-component---NewSite--addressDetailDetailsLanguage-arrow"}]}
RESULT: {"script":"<script> [1562 bytes]","args":[{"selector":{"id":"application-managesites-display-component---NewSite--addressDetailDetailsLanguage-arrow"},"wdio_ui5_key":"applicationmanagesites-display-component---NewSite--addressDetailDetailsLanguage-arrow"}]}
RESULT: undefined
COMMAND: POST /session/b9718e1e48867b0fba4e39bd9ed4a756/element - {"using":"xpath","value":"//*[@id=\"application-managesites-display-component---NewSite--addressDetailDetailsLanguage-arrow\"]"}
RESULT: {"using":"xpath","value":"//*[@id=\"application-managesites-display-component---NewSite--addressDetailDetailsLanguage-arrow\"]"}
COMMAND: POST /session/b9718e1e48867b0fba4e39bd9ed4a756/element/f.FE1DA32CFDBC8F8C890368A9A93AADEA.d.C3A205F6D5F0689957B2F818AF31951C.e.5633/click - {}
RESULT: {}
COMMAND: POST /session/b9718e1e48867b0fba4e39bd9ed4a756/element - {"using":"xpath","value":"//span[contains(text(), \"English\")]"}
COMMAND: GET /session/b9718e1e48867b0fba4e39bd9ed4a756/screenshot - {}
RESULT: {"using":"xpath","value":"//span[contains(text(), \"English\")]"}
COMMAND: POST /session/b9718e1e48867b0fba4e39bd9ed4a756/element/f.FE1DA32CFDBC8F8C890368A9A93AADEA.d.C3A205F6D5F0689957B2F818AF31951C.e.5634/click - {}
RESULT: {}
RESULT: {}
COMMAND: POST /session/b9718e1e48867b0fba4e39bd9ed4a756/execute/async - {"script":"<script> [1562 bytes]","args":[{"selector":{"id":"application-managesites-display-component---NewSite--addressDetailDetailsCity1","interaction":{"idSuffix":"inner"}},"wdio_ui5_key":"applicationmanagesites-display-component---NewSite--addressDetailDetailsCity1"}]}
COMMAND: GET /session/b9718e1e48867b0fba4e39bd9ed4a756/screenshot - {}
RESULT: {"script":"<script> [1562 bytes]","args":[{"selector":{"id":"application-managesites-display-component---NewSite--addressDetailDetailsCity1","interaction":{"idSuffix":"inner"}},"wdio_ui5_key":"applicationmanagesites-display-component---NewSite--addressDetailDetailsCity1"}]}
RESULT: undefined
COMMAND: POST /session/b9718e1e48867b0fba4e39bd9ed4a756/execute/async - {"script":"<script> [776 bytes]","args":[{"enterText":"Rosario","selector":{"id":"application-managesites-display-component---NewSite--addressDetailDetailsCity1","interaction":{"idSuffix":"inner"}},"clearTextFirst":true,"interactionType":"ENTER_TEXT"}]}
RESULT: {}
RESULT: {"script":"<script> [776 bytes]","args":[{"enterText":"Rosario","selector":{"id":"application-managesites-display-component---NewSite--addressDetailDetailsCity1","interaction":{"idSuffix":"inner"}},"clearTextFirst":true,"interactionType":"ENTER_TEXT"}]}
COMMAND: POST /session/b9718e1e48867b0fba4e39bd9ed4a756/execute/async - {"script":"<script> [1562 bytes]","args":[{"selector":{"id":"application-managesites-display-component---NewSite--addressDetailDetailsCountry-arrow"},"wdio_ui5_key":"applicationmanagesites-display-component---NewSite--addressDetailDetailsCountry-arrow"}]}
RESULT: {"script":"<script> [1562 bytes]","args":[{"selector":{"id":"application-managesites-display-component---NewSite--addressDetailDetailsCountry-arrow"},"wdio_ui5_key":"applicationmanagesites-display-component---NewSite--addressDetailDetailsCountry-arrow"}]}
RESULT: undefined
COMMAND: POST /session/b9718e1e48867b0fba4e39bd9ed4a756/element - {"using":"xpath","value":"//*[@id=\"application-managesites-display-component---NewSite--addressDetailDetailsCountry-arrow\"]"}
RESULT: {"using":"xpath","value":"//*[@id=\"application-managesites-display-component---NewSite--addressDetailDetailsCountry-arrow\"]"}
COMMAND: POST /session/b9718e1e48867b0fba4e39bd9ed4a756/element/f.FE1DA32CFDBC8F8C890368A9A93AADEA.d.C3A205F6D5F0689957B2F818AF31951C.e.5636/click - {}
RESULT: {}
COMMAND: POST /session/b9718e1e48867b0fba4e39bd9ed4a756/element - {"using":"xpath","value":"//span[contains(text(), \"Argentina\")]"}
COMMAND: GET /session/b9718e1e48867b0fba4e39bd9ed4a756/screenshot - {}
RESULT: {"using":"xpath","value":"//span[contains(text(), \"Argentina\")]"}
COMMAND: POST /session/b9718e1e48867b0fba4e39bd9ed4a756/element/f.FE1DA32CFDBC8F8C890368A9A93AADEA.d.C3A205F6D5F0689957B2F818AF31951C.e.5638/click - {}
RESULT: {}
RESULT: {}
COMMAND: GET /session/b9718e1e48867b0fba4e39bd9ed4a756/screenshot - {}
RESULT: {}
COMMAND: POST /session/b9718e1e48867b0fba4e39bd9ed4a756/execute/async - {"script":"<script> [1562 bytes]","args":[{"selector":{"id":"application-managesites-display-component---NewSite--addressEditDetailsCostObjectCstType-arrow"},"wdio_ui5_key":"applicationmanagesites-display-component---NewSite--addressEditDetailsCostObjectCstType-arrow"}]}
RESULT: {"script":"<script> [1562 bytes]","args":[{"selector":{"id":"application-managesites-display-component---NewSite--addressEditDetailsCostObjectCstType-arrow"},"wdio_ui5_key":"applicationmanagesites-display-component---NewSite--addressEditDetailsCostObjectCstType-arrow"}]}
RESULT: undefined
COMMAND: POST /session/b9718e1e48867b0fba4e39bd9ed4a756/element - {"using":"xpath","value":"//*[@id=\"application-managesites-display-component---NewSite--addressEditDetailsCostObjectCstType-arrow\"]"}
RESULT: {"using":"xpath","value":"//*[@id=\"application-managesites-display-component---NewSite--addressEditDetailsCostObjectCstType-arrow\"]"}
COMMAND: POST /session/b9718e1e48867b0fba4e39bd9ed4a756/element/f.FE1DA32CFDBC8F8C890368A9A93AADEA.d.C3A205F6D5F0689957B2F818AF31951C.e.5639/click - {}
RESULT: {}
COMMAND: POST /session/b9718e1e48867b0fba4e39bd9ed4a756/element - {"using":"xpath","value":"//span[contains(text(), \"Cost Center\")]"}
COMMAND: GET /session/b9718e1e48867b0fba4e39bd9ed4a756/screenshot - {}
RESULT: {"using":"xpath","value":"//span[contains(text(), \"Cost Center\")]"}
COMMAND: POST /session/b9718e1e48867b0fba4e39bd9ed4a756/element/f.FE1DA32CFDBC8F8C890368A9A93AADEA.d.C3A205F6D5F0689957B2F818AF31951C.e.5640/click - {}
RESULT: {}
RESULT: {}
COMMAND: GET /session/b9718e1e48867b0fba4e39bd9ed4a756/screenshot - {}
RESULT: {}
COMMAND: POST /session/b9718e1e48867b0fba4e39bd9ed4a756/element - {"using":"xpath","value":"//span[@id=\"application-managesites-display-component---NewSite--addressNewCostObjectCstID-vhi\"]"}
RESULT: {"using":"xpath","value":"//span[@id=\"application-managesites-display-component---NewSite--addressNewCostObjectCstID-vhi\"]"}
COMMAND: POST /session/b9718e1e48867b0fba4e39bd9ed4a756/execute/sync - {"script":"<script> [8489 bytes]","args":[{"element-6066-11e4-a52e-4f735466cecf":"f.FE1DA32CFDBC8F8C890368A9A93AADEA.d.C3A205F6D5F0689957B2F818AF31951C.e.5645","ELEMENT":"f.FE1DA32CFDBC8F8C890368A9A93AADEA.d.C3A205F6D5F0689957B2F818AF31951C.e.5645"}]}
RESULT: {"script":"<script> [8489 bytes]","args":[{"element-6066-11e4-a52e-4f735466cecf":"f.FE1DA32CFDBC8F8C890368A9A93AADEA.d.C3A205F6D5F0689957B2F818AF31951C.e.5645","ELEMENT":"f.FE1DA32CFDBC8F8C890368A9A93AADEA.d.C3A205F6D5F0689957B2F818AF31951C.e.5645"}]}
COMMAND: POST /session/b9718e1e48867b0fba4e39bd9ed4a756/execute/async - {"script":"<script> [1562 bytes]","args":[{"selector":{"id":"application-managesites-display-component---NewSite--addressNewCostObjectCstID-vhi"},"wdio_ui5_key":"applicationmanagesites-display-component---NewSite--addressNewCostObjectCstID-vhi"}]}
COMMAND: GET /session/b9718e1e48867b0fba4e39bd9ed4a756/screenshot - {}
RESULT: {"script":"<script> [1562 bytes]","args":[{"selector":{"id":"application-managesites-display-component---NewSite--addressNewCostObjectCstID-vhi"},"wdio_ui5_key":"applicationmanagesites-display-component---NewSite--addressNewCostObjectCstID-vhi"}]}
RESULT: undefined
COMMAND: POST /session/b9718e1e48867b0fba4e39bd9ed4a756/element - {"using":"xpath","value":"//*[@id=\"application-managesites-display-component---NewSite--addressNewCostObjectCstID-vhi\"]"}
RESULT: {}
RESULT: {"using":"xpath","value":"//*[@id=\"application-managesites-display-component---NewSite--addressNewCostObjectCstID-vhi\"]"}
COMMAND: POST /session/b9718e1e48867b0fba4e39bd9ed4a756/element/f.FE1DA32CFDBC8F8C890368A9A93AADEA.d.C3A205F6D5F0689957B2F818AF31951C.e.5645/click - {}
RESULT: {}
COMMAND: GET /session/b9718e1e48867b0fba4e39bd9ed4a756/screenshot - {}
RESULT: {}
RESULT: undefined
COMMAND: POST /session/b9718e1e48867b0fba4e39bd9ed4a756/execute/async - {"script":"<script> [776 bytes]","args":[{"enterText":"10001013","selector":{"controlType":"sap.m.SearchField","properties":{"placeholder":"Search"},"searchOpenDialogs":true,"interaction":{"idSuffix":"I"}},"clearTextFirst":true,"interactionType":"ENTER_TEXT"}]}
RESULT: {"script":"<script> [776 bytes]","args":[{"enterText":"10001013","selector":{"controlType":"sap.m.SearchField","properties":{"placeholder":"Search"},"searchOpenDialogs":true,"interaction":{"idSuffix":"I"}},"clearTextFirst":true,"interactionType":"ENTER_TEXT"}]}
COMMAND: POST /session/b9718e1e48867b0fba4e39bd9ed4a756/actions - {"actions":[{"id":"action15","type":"key","parameters":{},"actions":[{"type":"keyDown","value":"î€‡"},{"type":"pause","duration":10},{"type":"keyUp","value":"î€‡"}]}]}
RESULT: {"actions":[{"id":"action15","type":"key","parameters":{},"actions":[{"type":"keyDown","value":"î€‡"},{"type":"pause","duration":10},{"type":"keyUp","value":"î€‡"}]}]}
COMMAND: GET /session/b9718e1e48867b0fba4e39bd9ed4a756/screenshot - {}
RESULT: {}
COMMAND: POST /session/b9718e1e48867b0fba4e39bd9ed4a756/element - {"using":"xpath","value":"//span[contains(text(), \"General Management\")]"}
RESULT: {"using":"xpath","value":"//span[contains(text(), \"General Management\")]"}
COMMAND: POST /session/b9718e1e48867b0fba4e39bd9ed4a756/element/f.FE1DA32CFDBC8F8C890368A9A93AADEA.d.C3A205F6D5F0689957B2F818AF31951C.e.5685/click - {}
RESULT: {}
COMMAND: GET /session/b9718e1e48867b0fba4e39bd9ed4a756/screenshot - {}
RESULT: {}
COMMAND: POST /session/b9718e1e48867b0fba4e39bd9ed4a756/element - {"using":"xpath","value":"//bdi[contains(text(), \"OK\")]"}
RESULT: {"using":"xpath","value":"//bdi[contains(text(), \"OK\")]"}
COMMAND: POST /session/b9718e1e48867b0fba4e39bd9ed4a756/element/f.FE1DA32CFDBC8F8C890368A9A93AADEA.d.C3A205F6D5F0689957B2F818AF31951C.e.5686/click - {}
RESULT: {}
COMMAND: GET /session/b9718e1e48867b0fba4e39bd9ed4a756/screenshot - {}
RESULT: {}
COMMAND: POST /session/b9718e1e48867b0fba4e39bd9ed4a756/element - {"using":"xpath","value":"//input[@id=\"application-managesites-display-component---NewSite--addressDetailDetailsCalendar-inner\"]"}
RESULT: {"using":"xpath","value":"//input[@id=\"application-managesites-display-component---NewSite--addressDetailDetailsCalendar-inner\"]"}
COMMAND: POST /session/b9718e1e48867b0fba4e39bd9ed4a756/element/f.FE1DA32CFDBC8F8C890368A9A93AADEA.d.C3A205F6D5F0689957B2F818AF31951C.e.5450/clear - {}
RESULT: {}
COMMAND: POST /session/b9718e1e48867b0fba4e39bd9ed4a756/element/f.FE1DA32CFDBC8F8C890368A9A93AADEA.d.C3A205F6D5F0689957B2F818AF31951C.e.5450/value - {"text":"Unit"}
COMMAND: GET /session/b9718e1e48867b0fba4e39bd9ed4a756/screenshot - {}
RESULT: {"text":"Unit"}
COMMAND: GET /session/b9718e1e48867b0fba4e39bd9ed4a756/screenshot - {}
RESULT: {}
RESULT: {}
COMMAND: POST /session/b9718e1e48867b0fba4e39bd9ed4a756/actions - {"actions":[{"id":"action16","type":"key","parameters":{},"actions":[{"type":"keyDown","value":"î€‡"},{"type":"pause","duration":10},{"type":"keyUp","value":"î€‡"}]}]}
RESULT: {"actions":[{"id":"action16","type":"key","parameters":{},"actions":[{"type":"keyDown","value":"î€‡"},{"type":"pause","duration":10},{"type":"keyUp","value":"î€‡"}]}]}
COMMAND: POST /session/b9718e1e48867b0fba4e39bd9ed4a756/element - {"using":"xpath","value":"//input[@id=\"application-managesites-display-component---NewSite--addressDetailDetailsYard-inner\"]"}
COMMAND: GET /session/b9718e1e48867b0fba4e39bd9ed4a756/screenshot - {}
RESULT: {"using":"xpath","value":"//input[@id=\"application-managesites-display-component---NewSite--addressDetailDetailsYard-inner\"]"}
COMMAND: POST /session/b9718e1e48867b0fba4e39bd9ed4a756/element/f.FE1DA32CFDBC8F8C890368A9A93AADEA.d.C3A205F6D5F0689957B2F818AF31951C.e.5451/clear - {}
RESULT: {}
RESULT: {}
COMMAND: POST /session/b9718e1e48867b0fba4e39bd9ed4a756/element/f.FE1DA32CFDBC8F8C890368A9A93AADEA.d.C3A205F6D5F0689957B2F818AF31951C.e.5451/value - {"text":"505"}
COMMAND: GET /session/b9718e1e48867b0fba4e39bd9ed4a756/screenshot - {}
RESULT: {"text":"505"}
COMMAND: GET /session/b9718e1e48867b0fba4e39bd9ed4a756/screenshot - {}
RESULT: {}
RESULT: {}
COMMAND: POST /session/b9718e1e48867b0fba4e39bd9ed4a756/element - {"using":"xpath","value":"//li[.//span[text()='505']]"}
RESULT: {"using":"xpath","value":"//li[.//span[text()='505']]"}
COMMAND: POST /session/b9718e1e48867b0fba4e39bd9ed4a756/element/f.FE1DA32CFDBC8F8C890368A9A93AADEA.d.C3A205F6D5F0689957B2F818AF31951C.e.5694/click - {}
RESULT: {}
COMMAND: GET /session/b9718e1e48867b0fba4e39bd9ed4a756/screenshot - {}
RESULT: {}
COMMAND: POST /session/b9718e1e48867b0fba4e39bd9ed4a756/element - {"using":"xpath","value":"//input[@id=\"application-managesites-display-component---NewSite--addressDetailDetailsPartner-inner\"]"}
RESULT: {"using":"xpath","value":"//input[@id=\"application-managesites-display-component---NewSite--addressDetailDetailsPartner-inner\"]"}
COMMAND: POST /session/b9718e1e48867b0fba4e39bd9ed4a756/element - {"using":"xpath","value":"//input[@id=\"application-managesites-display-component---NewSite--addressDetailDetailsPartner-inner\"]"}
RESULT: {"using":"xpath","value":"//input[@id=\"application-managesites-display-component---NewSite--addressDetailDetailsPartner-inner\"]"}
COMMAND: POST /session/b9718e1e48867b0fba4e39bd9ed4a756/element - {"using":"xpath","value":"//button[@data-kt=\"saveButton\"]"}
RESULT: {"using":"xpath","value":"//button[@data-kt=\"saveButton\"]"}
COMMAND: POST /session/b9718e1e48867b0fba4e39bd9ed4a756/element/f.FE1DA32CFDBC8F8C890368A9A93AADEA.d.C3A205F6D5F0689957B2F818AF31951C.e.5563/click - {}
RESULT: {}
COMMAND: GET /session/b9718e1e48867b0fba4e39bd9ed4a756/screenshot - {}
RESULT: {}
COMMAND: POST /session/b9718e1e48867b0fba4e39bd9ed4a756/element - {"using":"xpath","value":"//header[contains(@id, 'ObjectPageLayout-headerTitle')]/div[1]/div[2]/div[2]/span[1]"}
RESULT: {"using":"xpath","value":"//header[contains(@id, 'ObjectPageLayout-headerTitle')]/div[1]/div[2]/div[2]/span[1]"}
COMMAND: POST /session/b9718e1e48867b0fba4e39bd9ed4a756/elements - {"using":"xpath","value":"//header[contains(@id, 'ObjectPageLayout-headerTitle')]/div[1]/div[2]/div[2]/span[1]"}
RESULT: {"using":"xpath","value":"//header[contains(@id, 'ObjectPageLayout-headerTitle')]/div[1]/div[2]/div[2]/span[1]"}
COMMAND: POST /session/b9718e1e48867b0fba4e39bd9ed4a756/execute/sync - {"script":"<script> [56 bytes]","args":[{"element-6066-11e4-a52e-4f735466cecf":"f.FE1DA32CFDBC8F8C890368A9A93AADEA.d.C3A205F6D5F0689957B2F818AF31951C.e.5896","ELEMENT":"f.FE1DA32CFDBC8F8C890368A9A93AADEA.d.C3A205F6D5F0689957B2F818AF31951C.e.5896"}]}
RESULT: {"script":"<script> [56 bytes]","args":[{"element-6066-11e4-a52e-4f735466cecf":"f.FE1DA32CFDBC8F8C890368A9A93AADEA.d.C3A205F6D5F0689957B2F818AF31951C.e.5896","ELEMENT":"f.FE1DA32CFDBC8F8C890368A9A93AADEA.d.C3A205F6D5F0689957B2F818AF31951C.e.5896"}]}
COMMAND: POST /session/b9718e1e48867b0fba4e39bd9ed4a756/element - {"using":"css selector","value":"#shell-header-logo"}
COMMAND: GET /session/b9718e1e48867b0fba4e39bd9ed4a756/screenshot - {}
RESULT: {"using":"css selector","value":"#shell-header-logo"}
COMMAND: POST /session/b9718e1e48867b0fba4e39bd9ed4a756/element/f.FE1DA32CFDBC8F8C890368A9A93AADEA.d.C3A205F6D5F0689957B2F818AF31951C.e.5202/click - {}
RESULT: {}
RESULT: {}
COMMAND: GET /session/b9718e1e48867b0fba4e39bd9ed4a756/screenshot - {}
RESULT: {}
COMMAND: POST /session/b9718e1e48867b0fba4e39bd9ed4a756/execute/sync - {"script":"<script> [299 bytes]","args":[["getModel","getResource"]]}
RESULT: {"script":"<script> [299 bytes]","args":[["getModel","getResource"]]}
COMMAND: POST /session/b9718e1e48867b0fba4e39bd9ed4a756/actions - {"actions":[{"id":"action17","type":"key","parameters":{},"actions":[{"type":"keyDown","value":"î€‡"},{"type":"pause","duration":10},{"type":"keyUp","value":"î€‡"}]}]}
COMMAND: GET /session/b9718e1e48867b0fba4e39bd9ed4a756/screenshot - {}
RESULT: {"actions":[{"id":"action17","type":"key","parameters":{},"actions":[{"type":"keyDown","value":"î€‡"},{"type":"pause","duration":10},{"type":"keyUp","value":"î€‡"}]}]}
COMMAND: GET /session/b9718e1e48867b0fba4e39bd9ed4a756/screenshot - {}
RESULT: {}
RESULT: {}
COMMAND: POST /session/b9718e1e48867b0fba4e39bd9ed4a756/refresh - {}
RESULT: {}
COMMAND: GET /session/b9718e1e48867b0fba4e39bd9ed4a756/screenshot - {}
RESULT: {}
COMMAND: POST /session/b9718e1e48867b0fba4e39bd9ed4a756/refresh - {}
RESULT: {}
COMMAND: GET /session/b9718e1e48867b0fba4e39bd9ed4a756/screenshot - {}
RESULT: {}
COMMAND: POST /session/b9718e1e48867b0fba4e39bd9ed4a756/window/fullscreen - {}
RESULT: {}
COMMAND: POST /session/b9718e1e48867b0fba4e39bd9ed4a756/execute/async - {"script":"<script> [189 bytes]","args":[]}
RESULT: {"script":"<script> [189 bytes]","args":[]}
COMMAND: POST /session/b9718e1e48867b0fba4e39bd9ed4a756/execute/async - {"script":"<script> [123 bytes]","args":[]}
RESULT: {"script":"<script> [123 bytes]","args":[]}
COMMAND: POST /session/b9718e1e48867b0fba4e39bd9ed4a756/timeouts - {"script":"<number>"}
RESULT: {"script":"<number>"}
COMMAND: GET /session/b9718e1e48867b0fba4e39bd9ed4a756/timeouts - {}
RESULT: {}
RESULT: undefined
COMMAND: POST /session/b9718e1e48867b0fba4e39bd9ed4a756/execute/async - {"script":"<script> [2676 bytes]","args":[]}
RESULT: {"script":"<script> [2676 bytes]","args":[]}
COMMAND: POST /session/b9718e1e48867b0fba4e39bd9ed4a756/execute/async - {"script":"<script> [2342 bytes]","args":[{"protocol":"http","hostname":"0.0.0.0","path":"/","capabilities":{"browserName":"chrome","goog:chromeOptions":{"binary":"C:\\Program Files\\Google\\Chrome\\Application\\chrome.exe","args":["--start-maximized"]}},"logLevel":"warn","connectionRetryTimeout":120000,"connectionRetryCount":3,"logLevels":{},"enableDirectConnect":true,"strictSSL":true,"_":"65 more keys: [\"cacheDir\",\"port\",\"requestedCapabilities\",\"automationProtocol\",\"baseUrl\",\"waitforInterval\",\"waitforTimeout\",\"onReload\",\"beforeCommand\",\"afterCommand\",\"rootDir\",\"specs\",\"suites\",\"exclude\",\"groupLogsByTestSpec\",\"excludeDriverLogs\",\"bail\",\"framework\",\"reporters\",\"services\",\"maxInstances\",\"maxInstancesPerCapability\",\"injectGlobals\",\"filesToWatch\",\"execArgv\",\"runnerEnv\",\"runner\",\"shard\",\"specFileRetries\",\"specFileRetriesDelay\",\"specFileRetriesDeferred\",\"reporterSyncInterval\",\"reporterSyncTimeout\",\"cucumberFeaturesWithLineNumbers\",\"autoCompileOpts\",\"mochaOpts\",\"jasmineOpts\",\"cucumberOpts\",\"onPrepare\",\"onWorkerStart\",\"onWorkerEnd\",\"before\",\"beforeSession\",\"beforeSuite\",\"beforeHook\",\"beforeTest\",\"afterTest\",\"afterHook\",\"afterSuite\",\"afterSession\",\"after\",\"onComplete\",\"beforeAssertion\",\"afterAssertion\",\"beforeFeature\",\"beforeScenario\",\"beforeStep\",\"afterStep\",\"afterScenario\",\"afterFeature\",\"_\",\"suite\",\"$0\",\"ignoredWorkerServices\",\"wdi5\"]"}]}
RESULT: {"script":"<script> [2342 bytes]","args":[{"protocol":"http","hostname":"0.0.0.0","path":"/","capabilities":{"browserName":"chrome","goog:chromeOptions":{"binary":"C:\\Program Files\\Google\\Chrome\\Application\\chrome.exe","args":["--start-maximized"]}},"logLevel":"warn","connectionRetryTimeout":120000,"connectionRetryCount":3,"logLevels":{},"enableDirectConnect":true,"strictSSL":true,"_":"65 more keys: [\"cacheDir\",\"port\",\"requestedCapabilities\",\"automationProtocol\",\"baseUrl\",\"waitforInterval\",\"waitforTimeout\",\"onReload\",\"beforeCommand\",\"afterCommand\",\"rootDir\",\"specs\",\"suites\",\"exclude\",\"groupLogsByTestSpec\",\"excludeDriverLogs\",\"bail\",\"framework\",\"reporters\",\"services\",\"maxInstances\",\"maxInstancesPerCapability\",\"injectGlobals\",\"filesToWatch\",\"execArgv\",\"runnerEnv\",\"runner\",\"shard\",\"specFileRetries\",\"specFileRetriesDelay\",\"specFileRetriesDeferred\",\"reporterSyncInterval\",\"reporterSyncTimeout\",\"cucumberFeaturesWithLineNumbers\",\"autoCompileOpts\",\"mochaOpts\",\"jasmineOpts\",\"cucumberOpts\",\"onPrepare\",\"onWorkerStart\",\"onWorkerEnd\",\"before\",\"beforeSession\",\"beforeSuite\",\"beforeHook\",\"beforeTest\",\"afterTest\",\"afterHook\",\"afterSuite\",\"afterSession\",\"after\",\"onComplete\",\"beforeAssertion\",\"afterAssertion\",\"beforeFeature\",\"beforeScenario\",\"beforeStep\",\"afterStep\",\"afterScenario\",\"afterFeature\",\"_\",\"suite\",\"$0\",\"ignoredWorkerServices\",\"wdi5\"]"}]}
COMMAND: POST /session/b9718e1e48867b0fba4e39bd9ed4a756/execute/async - {"script":"<script> [21126 bytes]","args":[35000]}
RESULT: {"script":"<script> [21126 bytes]","args":[35000]}
COMMAND: POST /session/b9718e1e48867b0fba4e39bd9ed4a756/window/fullscreen - {}
RESULT: {}
]]></system-out>
    </testcase>
    <testcase classname="chrome.136_0_7103_93.windows.Create_master_data_for_mixed_billing_&amp;_do_billing_calculation_US151661" name="Should create a new equipment and add a counter to it" time="173.599">
      <system-out><![CDATA[
COMMAND: POST /session/b9718e1e48867b0fba4e39bd9ed4a756/execute/async - {"script":"<script> [1562 bytes]","args":[{"selector":{"controlType":"sap.m.GenericTile","properties":{"header":"Manage Resources"}},"wdio_ui5_key":"sapm.GenericTile{\"header\":\"Manage Resources\"}"}]}
RESULT: {"script":"<script> [1562 bytes]","args":[{"selector":{"controlType":"sap.m.GenericTile","properties":{"header":"Manage Resources"}},"wdio_ui5_key":"sapm.GenericTile{\"header\":\"Manage Resources\"}"}]}
RESULT: undefined
COMMAND: POST /session/b9718e1e48867b0fba4e39bd9ed4a756/element - {"using":"xpath","value":"//*[@id=\"__tile31\"]"}
RESULT: {"using":"xpath","value":"//*[@id=\"__tile31\"]"}
COMMAND: POST /session/b9718e1e48867b0fba4e39bd9ed4a756/element/f.FE1DA32CFDBC8F8C890368A9A93AADEA.d.6F0E08AA8C02F791F275E146DDEDF47B.e.5974/click - {}
RESULT: {}
COMMAND: GET /session/b9718e1e48867b0fba4e39bd9ed4a756/screenshot - {}
RESULT: {}
COMMAND: POST /session/b9718e1e48867b0fba4e39bd9ed4a756/elements - {"using":"xpath","value":"//span[text()='Error']"}
RESULT: {"using":"xpath","value":"//span[text()='Error']"}
COMMAND: POST /session/b9718e1e48867b0fba4e39bd9ed4a756/element - {"using":"xpath","value":"//button[@data-kt=\"addNewRUOverflowToolbarButton\"]"}
RESULT: {"using":"xpath","value":"//button[@data-kt=\"addNewRUOverflowToolbarButton\"]"}
COMMAND: POST /session/b9718e1e48867b0fba4e39bd9ed4a756/elements - {"using":"xpath","value":"//button[@data-kt=\"addNewRUOverflowToolbarButton\"]"}
RESULT: {"using":"xpath","value":"//button[@data-kt=\"addNewRUOverflowToolbarButton\"]"}
COMMAND: POST /session/b9718e1e48867b0fba4e39bd9ed4a756/elements - {"using":"xpath","value":"//button[@data-kt=\"addNewRUOverflowToolbarButton\"]"}
RESULT: {"using":"xpath","value":"//button[@data-kt=\"addNewRUOverflowToolbarButton\"]"}
COMMAND: POST /session/b9718e1e48867b0fba4e39bd9ed4a756/elements - {"using":"xpath","value":"//button[@data-kt=\"addNewRUOverflowToolbarButton\"]"}
RESULT: {"using":"xpath","value":"//button[@data-kt=\"addNewRUOverflowToolbarButton\"]"}
COMMAND: POST /session/b9718e1e48867b0fba4e39bd9ed4a756/elements - {"using":"xpath","value":"//button[@data-kt=\"addNewRUOverflowToolbarButton\"]"}
RESULT: {"using":"xpath","value":"//button[@data-kt=\"addNewRUOverflowToolbarButton\"]"}
COMMAND: POST /session/b9718e1e48867b0fba4e39bd9ed4a756/elements - {"using":"xpath","value":"//button[@data-kt=\"addNewRUOverflowToolbarButton\"]"}
RESULT: {"using":"xpath","value":"//button[@data-kt=\"addNewRUOverflowToolbarButton\"]"}
COMMAND: POST /session/b9718e1e48867b0fba4e39bd9ed4a756/elements - {"using":"xpath","value":"//button[@data-kt=\"addNewRUOverflowToolbarButton\"]"}
RESULT: {"using":"xpath","value":"//button[@data-kt=\"addNewRUOverflowToolbarButton\"]"}
COMMAND: POST /session/b9718e1e48867b0fba4e39bd9ed4a756/element - {"using":"xpath","value":"//button[@data-kt=\"addNewRUOverflowToolbarButton\"]"}
RESULT: {"using":"xpath","value":"//button[@data-kt=\"addNewRUOverflowToolbarButton\"]"}
COMMAND: POST /session/b9718e1e48867b0fba4e39bd9ed4a756/execute/sync - {"script":"<script> [8489 bytes]","args":[{"element-6066-11e4-a52e-4f735466cecf":"f.FE1DA32CFDBC8F8C890368A9A93AADEA.d.6F0E08AA8C02F791F275E146DDEDF47B.e.6081","ELEMENT":"f.FE1DA32CFDBC8F8C890368A9A93AADEA.d.6F0E08AA8C02F791F275E146DDEDF47B.e.6081"}]}
RESULT: {"script":"<script> [8489 bytes]","args":[{"element-6066-11e4-a52e-4f735466cecf":"f.FE1DA32CFDBC8F8C890368A9A93AADEA.d.6F0E08AA8C02F791F275E146DDEDF47B.e.6081","ELEMENT":"f.FE1DA32CFDBC8F8C890368A9A93AADEA.d.6F0E08AA8C02F791F275E146DDEDF47B.e.6081"}]}
COMMAND: GET /session/b9718e1e48867b0fba4e39bd9ed4a756/element/f.FE1DA32CFDBC8F8C890368A9A93AADEA.d.6F0E08AA8C02F791F275E146DDEDF47B.e.6081/enabled - {}
COMMAND: GET /session/b9718e1e48867b0fba4e39bd9ed4a756/screenshot - {}
RESULT: {}
COMMAND: POST /session/b9718e1e48867b0fba4e39bd9ed4a756/execute/sync - {"script":"<script> [8489 bytes]","args":[{"element-6066-11e4-a52e-4f735466cecf":"f.FE1DA32CFDBC8F8C890368A9A93AADEA.d.6F0E08AA8C02F791F275E146DDEDF47B.e.6081","ELEMENT":"f.FE1DA32CFDBC8F8C890368A9A93AADEA.d.6F0E08AA8C02F791F275E146DDEDF47B.e.6081"}]}
COMMAND: GET /session/b9718e1e48867b0fba4e39bd9ed4a756/screenshot - {}
RESULT: {}
RESULT: {"script":"<script> [8489 bytes]","args":[{"element-6066-11e4-a52e-4f735466cecf":"f.FE1DA32CFDBC8F8C890368A9A93AADEA.d.6F0E08AA8C02F791F275E146DDEDF47B.e.6081","ELEMENT":"f.FE1DA32CFDBC8F8C890368A9A93AADEA.d.6F0E08AA8C02F791F275E146DDEDF47B.e.6081"}]}
COMMAND: POST /session/b9718e1e48867b0fba4e39bd9ed4a756/execute/sync - {"script":"<script> [5351 bytes]","args":[{"element-6066-11e4-a52e-4f735466cecf":"f.FE1DA32CFDBC8F8C890368A9A93AADEA.d.6F0E08AA8C02F791F275E146DDEDF47B.e.6081","ELEMENT":"f.FE1DA32CFDBC8F8C890368A9A93AADEA.d.6F0E08AA8C02F791F275E146DDEDF47B.e.6081"}]}
COMMAND: GET /session/b9718e1e48867b0fba4e39bd9ed4a756/screenshot - {}
RESULT: {}
RESULT: {"script":"<script> [5351 bytes]","args":[{"element-6066-11e4-a52e-4f735466cecf":"f.FE1DA32CFDBC8F8C890368A9A93AADEA.d.6F0E08AA8C02F791F275E146DDEDF47B.e.6081","ELEMENT":"f.FE1DA32CFDBC8F8C890368A9A93AADEA.d.6F0E08AA8C02F791F275E146DDEDF47B.e.6081"}]}
COMMAND: POST /session/b9718e1e48867b0fba4e39bd9ed4a756/element/f.FE1DA32CFDBC8F8C890368A9A93AADEA.d.6F0E08AA8C02F791F275E146DDEDF47B.e.6081/click - {}
COMMAND: GET /session/b9718e1e48867b0fba4e39bd9ed4a756/screenshot - {}
RESULT: {}
RESULT: {}
COMMAND: GET /session/b9718e1e48867b0fba4e39bd9ed4a756/screenshot - {}
RESULT: {}
COMMAND: POST /session/b9718e1e48867b0fba4e39bd9ed4a756/execute/async - {"script":"<script> [1562 bytes]","args":[{"selector":{"id":"application-manageresources-display-component---newResourceUnit--TYPE-arrow"},"wdio_ui5_key":"applicationmanageresources-display-component---newResourceUnit--TYPE-arrow"}]}
RESULT: {}
RESULT: {"script":"<script> [1562 bytes]","args":[{"selector":{"id":"application-manageresources-display-component---newResourceUnit--TYPE-arrow"},"wdio_ui5_key":"applicationmanageresources-display-component---newResourceUnit--TYPE-arrow"}]}
RESULT: undefined
COMMAND: POST /session/b9718e1e48867b0fba4e39bd9ed4a756/element - {"using":"xpath","value":"//*[@id=\"application-manageresources-display-component---newResourceUnit--TYPE-arrow\"]"}
RESULT: {"using":"xpath","value":"//*[@id=\"application-manageresources-display-component---newResourceUnit--TYPE-arrow\"]"}
COMMAND: POST /session/b9718e1e48867b0fba4e39bd9ed4a756/element/f.FE1DA32CFDBC8F8C890368A9A93AADEA.d.6F0E08AA8C02F791F275E146DDEDF47B.e.6440/click - {}
RESULT: {}
COMMAND: POST /session/b9718e1e48867b0fba4e39bd9ed4a756/element - {"using":"xpath","value":"//input[@id=\"application-manageresources-display-component---newResourceUnit--TYPE-inner\"]"}
COMMAND: GET /session/b9718e1e48867b0fba4e39bd9ed4a756/screenshot - {}
RESULT: {"using":"xpath","value":"//input[@id=\"application-manageresources-display-component---newResourceUnit--TYPE-inner\"]"}
COMMAND: POST /session/b9718e1e48867b0fba4e39bd9ed4a756/element/f.FE1DA32CFDBC8F8C890368A9A93AADEA.d.6F0E08AA8C02F791F275E146DDEDF47B.e.6433/clear - {}
RESULT: {}
RESULT: {}
COMMAND: POST /session/b9718e1e48867b0fba4e39bd9ed4a756/element/f.FE1DA32CFDBC8F8C890368A9A93AADEA.d.6F0E08AA8C02F791F275E146DDEDF47B.e.6433/value - {"text":"Equipment"}
COMMAND: GET /session/b9718e1e48867b0fba4e39bd9ed4a756/screenshot - {}
RESULT: {"text":"Equipment"}
COMMAND: GET /session/b9718e1e48867b0fba4e39bd9ed4a756/screenshot - {}
RESULT: {}
RESULT: {}
COMMAND: POST /session/b9718e1e48867b0fba4e39bd9ed4a756/actions - {"actions":[{"id":"action18","type":"key","parameters":{},"actions":[{"type":"keyDown","value":"î€‡"},{"type":"pause","duration":10},{"type":"keyUp","value":"î€‡"}]}]}
RESULT: {"actions":[{"id":"action18","type":"key","parameters":{},"actions":[{"type":"keyDown","value":"î€‡"},{"type":"pause","duration":10},{"type":"keyUp","value":"î€‡"}]}]}
COMMAND: POST /session/b9718e1e48867b0fba4e39bd9ed4a756/execute/async - {"script":"<script> [1562 bytes]","args":[{"selector":{"id":"application-manageresources-display-component---newResourceUnit--resourceId","interaction":{"idSuffix":"inner"}},"wdio_ui5_key":"applicationmanageresources-display-component---newResourceUnit--resourceId"}]}
COMMAND: GET /session/b9718e1e48867b0fba4e39bd9ed4a756/screenshot - {}
RESULT: {"script":"<script> [1562 bytes]","args":[{"selector":{"id":"application-manageresources-display-component---newResourceUnit--resourceId","interaction":{"idSuffix":"inner"}},"wdio_ui5_key":"applicationmanageresources-display-component---newResourceUnit--resourceId"}]}
RESULT: undefined
COMMAND: POST /session/b9718e1e48867b0fba4e39bd9ed4a756/execute/async - {"script":"<script> [776 bytes]","args":[{"enterText":"FMLBezNP2U","selector":{"id":"application-manageresources-display-component---newResourceUnit--resourceId","interaction":{"idSuffix":"inner"}},"clearTextFirst":true,"interactionType":"ENTER_TEXT"}]}
RESULT: {}
RESULT: {"script":"<script> [776 bytes]","args":[{"enterText":"FMLBezNP2U","selector":{"id":"application-manageresources-display-component---newResourceUnit--resourceId","interaction":{"idSuffix":"inner"}},"clearTextFirst":true,"interactionType":"ENTER_TEXT"}]}
COMMAND: POST /session/b9718e1e48867b0fba4e39bd9ed4a756/execute/async - {"script":"<script> [1562 bytes]","args":[{"selector":{"id":"application-manageresources-display-component---newResourceUnit--SHORT_TEXT","interaction":{"idSuffix":"inner"}},"wdio_ui5_key":"applicationmanageresources-display-component---newResourceUnit--SHORT_TEXT"}]}
RESULT: {"script":"<script> [1562 bytes]","args":[{"selector":{"id":"application-manageresources-display-component---newResourceUnit--SHORT_TEXT","interaction":{"idSuffix":"inner"}},"wdio_ui5_key":"applicationmanageresources-display-component---newResourceUnit--SHORT_TEXT"}]}
RESULT: undefined
COMMAND: POST /session/b9718e1e48867b0fba4e39bd9ed4a756/execute/async - {"script":"<script> [776 bytes]","args":[{"enterText":"Intercompany Equipment WDIO","selector":{"id":"application-manageresources-display-component---newResourceUnit--SHORT_TEXT","interaction":{"idSuffix":"inner"}},"clearTextFirst":true,"interactionType":"ENTER_TEXT"}]}
RESULT: {"script":"<script> [776 bytes]","args":[{"enterText":"Intercompany Equipment WDIO","selector":{"id":"application-manageresources-display-component---newResourceUnit--SHORT_TEXT","interaction":{"idSuffix":"inner"}},"clearTextFirst":true,"interactionType":"ENTER_TEXT"}]}
COMMAND: POST /session/b9718e1e48867b0fba4e39bd9ed4a756/execute/async - {"script":"<script> [1562 bytes]","args":[{"selector":{"id":"application-manageresources-display-component---newResourceUnit--BASE_UNIT_OF_MEASURE","interaction":{"idSuffix":"inner"}},"wdio_ui5_key":"applicationmanageresources-display-component---newResourceUnit--BASE_UNIT_OF_MEASURE"}]}
RESULT: {"script":"<script> [1562 bytes]","args":[{"selector":{"id":"application-manageresources-display-component---newResourceUnit--BASE_UNIT_OF_MEASURE","interaction":{"idSuffix":"inner"}},"wdio_ui5_key":"applicationmanageresources-display-component---newResourceUnit--BASE_UNIT_OF_MEASURE"}]}
RESULT: undefined
COMMAND: POST /session/b9718e1e48867b0fba4e39bd9ed4a756/execute/async - {"script":"<script> [776 bytes]","args":[{"enterText":"Piece","selector":{"id":"application-manageresources-display-component---newResourceUnit--BASE_UNIT_OF_MEASURE","interaction":{"idSuffix":"inner"}},"clearTextFirst":true,"interactionType":"ENTER_TEXT"}]}
RESULT: {"script":"<script> [776 bytes]","args":[{"enterText":"Piece","selector":{"id":"application-manageresources-display-component---newResourceUnit--BASE_UNIT_OF_MEASURE","interaction":{"idSuffix":"inner"}},"clearTextFirst":true,"interactionType":"ENTER_TEXT"}]}
COMMAND: POST /session/b9718e1e48867b0fba4e39bd9ed4a756/execute/async - {"script":"<script> [1562 bytes]","args":[{"selector":{"id":"application-manageresources-display-component---newResourceUnit--WEIGHT_UNIT","interaction":{"idSuffix":"inner"}},"wdio_ui5_key":"applicationmanageresources-display-component---newResourceUnit--WEIGHT_UNIT"}]}
RESULT: {"script":"<script> [1562 bytes]","args":[{"selector":{"id":"application-manageresources-display-component---newResourceUnit--WEIGHT_UNIT","interaction":{"idSuffix":"inner"}},"wdio_ui5_key":"applicationmanageresources-display-component---newResourceUnit--WEIGHT_UNIT"}]}
RESULT: undefined
COMMAND: POST /session/b9718e1e48867b0fba4e39bd9ed4a756/execute/async - {"script":"<script> [776 bytes]","args":[{"enterText":"Gram","selector":{"id":"application-manageresources-display-component---newResourceUnit--WEIGHT_UNIT","interaction":{"idSuffix":"inner"}},"clearTextFirst":true,"interactionType":"ENTER_TEXT"}]}
RESULT: {"script":"<script> [776 bytes]","args":[{"enterText":"Gram","selector":{"id":"application-manageresources-display-component---newResourceUnit--WEIGHT_UNIT","interaction":{"idSuffix":"inner"}},"clearTextFirst":true,"interactionType":"ENTER_TEXT"}]}
COMMAND: POST /session/b9718e1e48867b0fba4e39bd9ed4a756/execute/async - {"script":"<script> [1562 bytes]","args":[{"selector":{"id":"application-manageresources-display-component---newResourceUnit--DIMENSION_UNIT","interaction":{"idSuffix":"inner"}},"wdio_ui5_key":"applicationmanageresources-display-component---newResourceUnit--DIMENSION_UNIT"}]}
RESULT: {"script":"<script> [1562 bytes]","args":[{"selector":{"id":"application-manageresources-display-component---newResourceUnit--DIMENSION_UNIT","interaction":{"idSuffix":"inner"}},"wdio_ui5_key":"applicationmanageresources-display-component---newResourceUnit--DIMENSION_UNIT"}]}
RESULT: undefined
COMMAND: POST /session/b9718e1e48867b0fba4e39bd9ed4a756/execute/async - {"script":"<script> [776 bytes]","args":[{"enterText":"Meter","selector":{"id":"application-manageresources-display-component---newResourceUnit--DIMENSION_UNIT","interaction":{"idSuffix":"inner"}},"clearTextFirst":true,"interactionType":"ENTER_TEXT"}]}
RESULT: {"script":"<script> [776 bytes]","args":[{"enterText":"Meter","selector":{"id":"application-manageresources-display-component---newResourceUnit--DIMENSION_UNIT","interaction":{"idSuffix":"inner"}},"clearTextFirst":true,"interactionType":"ENTER_TEXT"}]}
COMMAND: POST /session/b9718e1e48867b0fba4e39bd9ed4a756/execute/async - {"script":"<script> [1562 bytes]","args":[{"selector":{"id":"application-manageresources-display-component---newResourceUnit--newRRUPage-anchBar-application-manageresources-display-component---newResourceUnit--control-anchor","interaction":{"idSuffix":"BDI-content"}},"wdio_ui5_key":"applicationmanageresources-display-component---newResourceUnit--newRRUPage-anchBar-application-manageresources-display-component---newResourceUnit--control-anchor"}]}
RESULT: {"script":"<script> [1562 bytes]","args":[{"selector":{"id":"application-manageresources-display-component---newResourceUnit--newRRUPage-anchBar-application-manageresources-display-component---newResourceUnit--control-anchor","interaction":{"idSuffix":"BDI-content"}},"wdio_ui5_key":"applicationmanageresources-display-component---newResourceUnit--newRRUPage-anchBar-application-manageresources-display-component---newResourceUnit--control-anchor"}]}
RESULT: undefined
COMMAND: POST /session/b9718e1e48867b0fba4e39bd9ed4a756/element - {"using":"xpath","value":"//*[@id=\"application-manageresources-display-component---newResourceUnit--newRRUPage-anchBar-application-manageresources-display-component---newResourceUnit--control-anchor\"]"}
RESULT: {"using":"xpath","value":"//*[@id=\"application-manageresources-display-component---newResourceUnit--newRRUPage-anchBar-application-manageresources-display-component---newResourceUnit--control-anchor\"]"}
COMMAND: POST /session/b9718e1e48867b0fba4e39bd9ed4a756/element/f.FE1DA32CFDBC8F8C890368A9A93AADEA.d.6F0E08AA8C02F791F275E146DDEDF47B.e.6573/click - {}
RESULT: {}
COMMAND: POST /session/b9718e1e48867b0fba4e39bd9ed4a756/execute/async - {"script":"<script> [1562 bytes]","args":[{"selector":{"id":"application-manageresources-display-component---newResourceUnit--PLANNING_GROUP","interaction":{"idSuffix":"inner"}},"wdio_ui5_key":"applicationmanageresources-display-component---newResourceUnit--PLANNING_GROUP"}]}
COMMAND: GET /session/b9718e1e48867b0fba4e39bd9ed4a756/screenshot - {}
RESULT: {"script":"<script> [1562 bytes]","args":[{"selector":{"id":"application-manageresources-display-component---newResourceUnit--PLANNING_GROUP","interaction":{"idSuffix":"inner"}},"wdio_ui5_key":"applicationmanageresources-display-component---newResourceUnit--PLANNING_GROUP"}]}
RESULT: undefined
COMMAND: POST /session/b9718e1e48867b0fba4e39bd9ed4a756/execute/async - {"script":"<script> [776 bytes]","args":[{"enterText":"Heavy Equi","selector":{"id":"application-manageresources-display-component---newResourceUnit--PLANNING_GROUP","interaction":{"idSuffix":"inner"}},"clearTextFirst":true,"interactionType":"ENTER_TEXT"}]}
RESULT: {}
RESULT: {"script":"<script> [776 bytes]","args":[{"enterText":"Heavy Equi","selector":{"id":"application-manageresources-display-component---newResourceUnit--PLANNING_GROUP","interaction":{"idSuffix":"inner"}},"clearTextFirst":true,"interactionType":"ENTER_TEXT"}]}
COMMAND: POST /session/b9718e1e48867b0fba4e39bd9ed4a756/execute/async - {"script":"<script> [1562 bytes]","args":[{"selector":{"id":"application-manageresources-display-component---newResourceUnit--ITEM_TYPE-arrow"},"wdio_ui5_key":"applicationmanageresources-display-component---newResourceUnit--ITEM_TYPE-arrow"}]}
RESULT: {"script":"<script> [1562 bytes]","args":[{"selector":{"id":"application-manageresources-display-component---newResourceUnit--ITEM_TYPE-arrow"},"wdio_ui5_key":"applicationmanageresources-display-component---newResourceUnit--ITEM_TYPE-arrow"}]}
RESULT: undefined
COMMAND: POST /session/b9718e1e48867b0fba4e39bd9ed4a756/element - {"using":"xpath","value":"//*[@id=\"application-manageresources-display-component---newResourceUnit--ITEM_TYPE-arrow\"]"}
RESULT: {"using":"xpath","value":"//*[@id=\"application-manageresources-display-component---newResourceUnit--ITEM_TYPE-arrow\"]"}
COMMAND: POST /session/b9718e1e48867b0fba4e39bd9ed4a756/element/f.FE1DA32CFDBC8F8C890368A9A93AADEA.d.6F0E08AA8C02F791F275E146DDEDF47B.e.6580/click - {}
RESULT: {}
COMMAND: POST /session/b9718e1e48867b0fba4e39bd9ed4a756/element - {"using":"xpath","value":"(//span[contains(text(), \"Resource Unit\")])[2]"}
COMMAND: GET /session/b9718e1e48867b0fba4e39bd9ed4a756/screenshot - {}
RESULT: {"using":"xpath","value":"(//span[contains(text(), \"Resource Unit\")])[2]"}
COMMAND: POST /session/b9718e1e48867b0fba4e39bd9ed4a756/element/f.FE1DA32CFDBC8F8C890368A9A93AADEA.d.6F0E08AA8C02F791F275E146DDEDF47B.e.6581/click - {}
RESULT: {}
RESULT: {}
COMMAND: GET /session/b9718e1e48867b0fba4e39bd9ed4a756/screenshot - {}
RESULT: {}
COMMAND: POST /session/b9718e1e48867b0fba4e39bd9ed4a756/element - {"using":"css selector","value":"#application-manageresources-display-component---newResourceUnit--btnAddTimeSegment"}
RESULT: {"using":"css selector","value":"#application-manageresources-display-component---newResourceUnit--btnAddTimeSegment"}
COMMAND: GET /session/b9718e1e48867b0fba4e39bd9ed4a756/element/f.FE1DA32CFDBC8F8C890368A9A93AADEA.d.6F0E08AA8C02F791F275E146DDEDF47B.e.6582/rect - {}
RESULT: {}
COMMAND: GET /session/b9718e1e48867b0fba4e39bd9ed4a756/window/rect - {}
RESULT: {}
COMMAND: POST /session/b9718e1e48867b0fba4e39bd9ed4a756/execute/sync - {"script":"<script> [92 bytes]","args":[]}
RESULT: {"script":"<script> [92 bytes]","args":[]}
COMMAND: POST /session/b9718e1e48867b0fba4e39bd9ed4a756/actions - {"actions":[{"id":"action19","type":"wheel","parameters":{},"actions":[{"type":"scroll","x":-1888,"y":-32,"deltaX":0,"deltaY":0,"duration":0,"origin":{"element-6066-11e4-a52e-4f735466cecf":"f.FE1DA32CFDBC8F8C890368A9A93AADEA.d.6F0E08AA8C02F791F275E146DDEDF47B.e.6582"}}]}]}
COMMAND: GET /session/b9718e1e48867b0fba4e39bd9ed4a756/screenshot - {}
RESULT: {}
COMMAND: POST /session/b9718e1e48867b0fba4e39bd9ed4a756/execute/sync - {"script":"<script> [79 bytes]","args":[{"element-6066-11e4-a52e-4f735466cecf":"f.FE1DA32CFDBC8F8C890368A9A93AADEA.d.6F0E08AA8C02F791F275E146DDEDF47B.e.6582","ELEMENT":"f.FE1DA32CFDBC8F8C890368A9A93AADEA.d.6F0E08AA8C02F791F275E146DDEDF47B.e.6582"},{"block":"start","inline":"nearest"}]}
RESULT: {"script":"<script> [79 bytes]","args":[{"element-6066-11e4-a52e-4f735466cecf":"f.FE1DA32CFDBC8F8C890368A9A93AADEA.d.6F0E08AA8C02F791F275E146DDEDF47B.e.6582","ELEMENT":"f.FE1DA32CFDBC8F8C890368A9A93AADEA.d.6F0E08AA8C02F791F275E146DDEDF47B.e.6582"},{"block":"start","inline":"nearest"}]}
COMMAND: POST /session/b9718e1e48867b0fba4e39bd9ed4a756/execute/async - {"script":"<script> [1562 bytes]","args":[{"selector":{"id":"application-manageresources-display-component---newResourceUnit--btnAddTimeSegment","interaction":{"idSuffix":"inner"}},"wdio_ui5_key":"applicationmanageresources-display-component---newResourceUnit--btnAddTimeSegment"}]}
COMMAND: GET /session/b9718e1e48867b0fba4e39bd9ed4a756/screenshot - {}
RESULT: {"script":"<script> [1562 bytes]","args":[{"selector":{"id":"application-manageresources-display-component---newResourceUnit--btnAddTimeSegment","interaction":{"idSuffix":"inner"}},"wdio_ui5_key":"applicationmanageresources-display-component---newResourceUnit--btnAddTimeSegment"}]}
RESULT: undefined
COMMAND: POST /session/b9718e1e48867b0fba4e39bd9ed4a756/element - {"using":"xpath","value":"//*[@id=\"application-manageresources-display-component---newResourceUnit--btnAddTimeSegment\"]"}
RESULT: {}
RESULT: {"using":"xpath","value":"//*[@id=\"application-manageresources-display-component---newResourceUnit--btnAddTimeSegment\"]"}
COMMAND: POST /session/b9718e1e48867b0fba4e39bd9ed4a756/element/f.FE1DA32CFDBC8F8C890368A9A93AADEA.d.6F0E08AA8C02F791F275E146DDEDF47B.e.6582/click - {}
RESULT: {}
COMMAND: GET /session/b9718e1e48867b0fba4e39bd9ed4a756/screenshot - {}
RESULT: {}
COMMAND: POST /session/b9718e1e48867b0fba4e39bd9ed4a756/element - {"using":"xpath","value":"//input[@id=\"application-manageresources-display-component---newResourceUnit--idRuTSAdmin-application-manageresources-display-component---newResourceUnit--RUTimeSegment-0-inner\"]"}
RESULT: {"using":"xpath","value":"//input[@id=\"application-manageresources-display-component---newResourceUnit--idRuTSAdmin-application-manageresources-display-component---newResourceUnit--RUTimeSegment-0-inner\"]"}
COMMAND: POST /session/b9718e1e48867b0fba4e39bd9ed4a756/element/f.FE1DA32CFDBC8F8C890368A9A93AADEA.d.6F0E08AA8C02F791F275E146DDEDF47B.e.6588/clear - {}
RESULT: {}
COMMAND: POST /session/b9718e1e48867b0fba4e39bd9ed4a756/element/f.FE1DA32CFDBC8F8C890368A9A93AADEA.d.6F0E08AA8C02F791F275E146DDEDF47B.e.6588/value - {"text":"505"}
COMMAND: GET /session/b9718e1e48867b0fba4e39bd9ed4a756/screenshot - {}
RESULT: {"text":"505"}
COMMAND: GET /session/b9718e1e48867b0fba4e39bd9ed4a756/screenshot - {}
RESULT: {}
RESULT: {}
COMMAND: POST /session/b9718e1e48867b0fba4e39bd9ed4a756/element - {"using":"xpath","value":"//li[.//span[text()='505']]"}
RESULT: {"using":"xpath","value":"//li[.//span[text()='505']]"}
COMMAND: POST /session/b9718e1e48867b0fba4e39bd9ed4a756/element/f.FE1DA32CFDBC8F8C890368A9A93AADEA.d.6F0E08AA8C02F791F275E146DDEDF47B.e.6602/click - {}
RESULT: {}
COMMAND: GET /session/b9718e1e48867b0fba4e39bd9ed4a756/screenshot - {}
RESULT: {}
COMMAND: POST /session/b9718e1e48867b0fba4e39bd9ed4a756/element - {"using":"xpath","value":"(//span[contains(@id, \"-application-manageresources-display-component---newResourceUnit--RUTimeSegment-0-arrow\")])[6]"}
RESULT: {"using":"xpath","value":"(//span[contains(@id, \"-application-manageresources-display-component---newResourceUnit--RUTimeSegment-0-arrow\")])[6]"}
COMMAND: POST /session/b9718e1e48867b0fba4e39bd9ed4a756/element/f.FE1DA32CFDBC8F8C890368A9A93AADEA.d.6F0E08AA8C02F791F275E146DDEDF47B.e.6603/click - {}
RESULT: {}
COMMAND: GET /session/b9718e1e48867b0fba4e39bd9ed4a756/screenshot - {}
RESULT: {}
COMMAND: POST /session/b9718e1e48867b0fba4e39bd9ed4a756/element - {"using":"xpath","value":"//span[contains(text(), \"PM Order\")]"}
RESULT: {"using":"xpath","value":"//span[contains(text(), \"PM Order\")]"}
COMMAND: POST /session/b9718e1e48867b0fba4e39bd9ed4a756/element/f.FE1DA32CFDBC8F8C890368A9A93AADEA.d.6F0E08AA8C02F791F275E146DDEDF47B.e.6606/click - {}
RESULT: {}
COMMAND: GET /session/b9718e1e48867b0fba4e39bd9ed4a756/screenshot - {}
RESULT: {}
COMMAND: POST /session/b9718e1e48867b0fba4e39bd9ed4a756/element - {"using":"xpath","value":"(//span[contains(@id ,\"manageresources-display-component---newResourceUnit--RUTimeSegment-0-vhi\")])[1]"}
RESULT: {"using":"xpath","value":"(//span[contains(@id ,\"manageresources-display-component---newResourceUnit--RUTimeSegment-0-vhi\")])[1]"}
COMMAND: GET /session/b9718e1e48867b0fba4e39bd9ed4a756/element/f.FE1DA32CFDBC8F8C890368A9A93AADEA.d.6F0E08AA8C02F791F275E146DDEDF47B.e.6610/rect - {}
RESULT: {}
COMMAND: GET /session/b9718e1e48867b0fba4e39bd9ed4a756/window/rect - {}
RESULT: {}
COMMAND: POST /session/b9718e1e48867b0fba4e39bd9ed4a756/execute/sync - {"script":"<script> [92 bytes]","args":[]}
RESULT: {"script":"<script> [92 bytes]","args":[]}
COMMAND: POST /session/b9718e1e48867b0fba4e39bd9ed4a756/actions - {"actions":[{"id":"action20","type":"wheel","parameters":{},"actions":[{"type":"scroll","x":-869,"y":-24,"deltaX":0,"deltaY":0,"duration":0,"origin":{"element-6066-11e4-a52e-4f735466cecf":"f.FE1DA32CFDBC8F8C890368A9A93AADEA.d.6F0E08AA8C02F791F275E146DDEDF47B.e.6610"}}]}]}
COMMAND: GET /session/b9718e1e48867b0fba4e39bd9ed4a756/screenshot - {}
RESULT: {"actions":[{"id":"action20","type":"wheel","parameters":{},"actions":[{"type":"scroll","x":-869,"y":-24,"deltaX":0,"deltaY":0,"duration":0,"origin":{"element-6066-11e4-a52e-4f735466cecf":"f.FE1DA32CFDBC8F8C890368A9A93AADEA.d.6F0E08AA8C02F791F275E146DDEDF47B.e.6610"}}]}]}
COMMAND: DELETE /session/b9718e1e48867b0fba4e39bd9ed4a756/actions - {}
COMMAND: GET /session/b9718e1e48867b0fba4e39bd9ed4a756/screenshot - {}
RESULT: {}
RESULT: {}
COMMAND: GET /session/b9718e1e48867b0fba4e39bd9ed4a756/screenshot - {}
RESULT: {}
RESULT: {}
COMMAND: POST /session/b9718e1e48867b0fba4e39bd9ed4a756/element/f.FE1DA32CFDBC8F8C890368A9A93AADEA.d.6F0E08AA8C02F791F275E146DDEDF47B.e.6610/click - {}
RESULT: {}
COMMAND: GET /session/b9718e1e48867b0fba4e39bd9ed4a756/screenshot - {}
RESULT: {}
COMMAND: POST /session/b9718e1e48867b0fba4e39bd9ed4a756/execute/async - {"script":"<script> [1562 bytes]","args":[{"selector":{"controlType":"sap.m.SearchField","properties":{"placeholder":"Search"},"searchOpenDialogs":true,"interaction":{"idSuffix":"I"}},"wdio_ui5_key":"sapm.SearchField{\"placeholder\":\"Search\"}"}]}
RESULT: {"script":"<script> [1562 bytes]","args":[{"selector":{"controlType":"sap.m.SearchField","properties":{"placeholder":"Search"},"searchOpenDialogs":true,"interaction":{"idSuffix":"I"}},"wdio_ui5_key":"sapm.SearchField{\"placeholder\":\"Search\"}"}]}
RESULT: undefined
COMMAND: POST /session/b9718e1e48867b0fba4e39bd9ed4a756/execute/async - {"script":"<script> [776 bytes]","args":[{"enterText":"4000360","selector":{"controlType":"sap.m.SearchField","properties":{"placeholder":"Search"},"searchOpenDialogs":true,"interaction":{"idSuffix":"I"}},"clearTextFirst":true,"interactionType":"ENTER_TEXT"}]}
RESULT: {"script":"<script> [776 bytes]","args":[{"enterText":"4000360","selector":{"controlType":"sap.m.SearchField","properties":{"placeholder":"Search"},"searchOpenDialogs":true,"interaction":{"idSuffix":"I"}},"clearTextFirst":true,"interactionType":"ENTER_TEXT"}]}
COMMAND: POST /session/b9718e1e48867b0fba4e39bd9ed4a756/actions - {"actions":[{"id":"action21","type":"key","parameters":{},"actions":[{"type":"keyDown","value":"î€‡"},{"type":"pause","duration":10},{"type":"keyUp","value":"î€‡"}]}]}
RESULT: {"actions":[{"id":"action21","type":"key","parameters":{},"actions":[{"type":"keyDown","value":"î€‡"},{"type":"pause","duration":10},{"type":"keyUp","value":"î€‡"}]}]}
COMMAND: GET /session/b9718e1e48867b0fba4e39bd9ed4a756/screenshot - {}
RESULT: {}
COMMAND: POST /session/b9718e1e48867b0fba4e39bd9ed4a756/element - {"using":"xpath","value":"//td/div/span[contains(text(), \"BGL Vehicles\")]"}
RESULT: {"using":"xpath","value":"//td/div/span[contains(text(), \"BGL Vehicles\")]"}
COMMAND: POST /session/b9718e1e48867b0fba4e39bd9ed4a756/element/f.FE1DA32CFDBC8F8C890368A9A93AADEA.d.6F0E08AA8C02F791F275E146DDEDF47B.e.6632/click - {}
RESULT: {}
COMMAND: GET /session/b9718e1e48867b0fba4e39bd9ed4a756/screenshot - {}
RESULT: {}
COMMAND: POST /session/b9718e1e48867b0fba4e39bd9ed4a756/element - {"using":"xpath","value":"//bdi[contains(text(), \"OK\")]"}
RESULT: {"using":"xpath","value":"//bdi[contains(text(), \"OK\")]"}
COMMAND: POST /session/b9718e1e48867b0fba4e39bd9ed4a756/element/f.FE1DA32CFDBC8F8C890368A9A93AADEA.d.6F0E08AA8C02F791F275E146DDEDF47B.e.6633/click - {}
RESULT: {}
COMMAND: GET /session/b9718e1e48867b0fba4e39bd9ed4a756/screenshot - {}
RESULT: {}
COMMAND: POST /session/b9718e1e48867b0fba4e39bd9ed4a756/execute/async - {"script":"<script> [1562 bytes]","args":[{"selector":{"id":"application-manageresources-display-component---newResourceUnit--newRRUPage-anchBar-application-manageresources-display-component---newResourceUnit--resource-anchor","interaction":{"idSuffix":"BDI-content"}},"wdio_ui5_key":"applicationmanageresources-display-component---newResourceUnit--newRRUPage-anchBar-application-manageresources-display-component---newResourceUnit--resource-anchor"}]}
RESULT: {"script":"<script> [1562 bytes]","args":[{"selector":{"id":"application-manageresources-display-component---newResourceUnit--newRRUPage-anchBar-application-manageresources-display-component---newResourceUnit--resource-anchor","interaction":{"idSuffix":"BDI-content"}},"wdio_ui5_key":"applicationmanageresources-display-component---newResourceUnit--newRRUPage-anchBar-application-manageresources-display-component---newResourceUnit--resource-anchor"}]}
RESULT: undefined
COMMAND: POST /session/b9718e1e48867b0fba4e39bd9ed4a756/element - {"using":"xpath","value":"//*[@id=\"application-manageresources-display-component---newResourceUnit--newRRUPage-anchBar-application-manageresources-display-component---newResourceUnit--resource-anchor\"]"}
RESULT: {"using":"xpath","value":"//*[@id=\"application-manageresources-display-component---newResourceUnit--newRRUPage-anchBar-application-manageresources-display-component---newResourceUnit--resource-anchor\"]"}
COMMAND: POST /session/b9718e1e48867b0fba4e39bd9ed4a756/element/f.FE1DA32CFDBC8F8C890368A9A93AADEA.d.6F0E08AA8C02F791F275E146DDEDF47B.e.6637/click - {}
RESULT: {}
COMMAND: POST /session/b9718e1e48867b0fba4e39bd9ed4a756/execute/async - {"script":"<script> [1562 bytes]","args":[{"selector":{"id":"application-manageresources-display-component---newResourceUnit--PLANNED_DELIVERY_DATE","interaction":{"idSuffix":"inner"}},"wdio_ui5_key":"applicationmanageresources-display-component---newResourceUnit--PLANNED_DELIVERY_DATE"}]}
COMMAND: GET /session/b9718e1e48867b0fba4e39bd9ed4a756/screenshot - {}
RESULT: {"script":"<script> [1562 bytes]","args":[{"selector":{"id":"application-manageresources-display-component---newResourceUnit--PLANNED_DELIVERY_DATE","interaction":{"idSuffix":"inner"}},"wdio_ui5_key":"applicationmanageresources-display-component---newResourceUnit--PLANNED_DELIVERY_DATE"}]}
RESULT: undefined
COMMAND: POST /session/b9718e1e48867b0fba4e39bd9ed4a756/execute/async - {"script":"<script> [6424 bytes]","args":[{"element-6066-11e4-a52e-4f735466cecf":"f.FE1DA32CFDBC8F8C890368A9A93AADEA.d.6F0E08AA8C02F791F275E146DDEDF47B.e.6498"},"setValue",["5/17/25"]]}
RESULT: {}
RESULT: {"script":"<script> [6424 bytes]","args":[{"element-6066-11e4-a52e-4f735466cecf":"f.FE1DA32CFDBC8F8C890368A9A93AADEA.d.6F0E08AA8C02F791F275E146DDEDF47B.e.6498"},"setValue",["5/17/25"]]}
COMMAND: POST /session/b9718e1e48867b0fba4e39bd9ed4a756/element - {"using":"xpath","value":"//label[contains(@class, 'sapMLabelRequired') and .//bdi[contains(text(), 'Planned Retirement')]]"}
RESULT: {"using":"xpath","value":"//label[contains(@class, 'sapMLabelRequired') and .//bdi[contains(text(), 'Planned Retirement')]]"}
COMMAND: POST /session/b9718e1e48867b0fba4e39bd9ed4a756/elements - {"using":"xpath","value":"//label[contains(@class, 'sapMLabelRequired') and .//bdi[contains(text(), 'Planned Retirement')]]"}
RESULT: {"using":"xpath","value":"//label[contains(@class, 'sapMLabelRequired') and .//bdi[contains(text(), 'Planned Retirement')]]"}
COMMAND: POST /session/b9718e1e48867b0fba4e39bd9ed4a756/element - {"using":"xpath","value":"//button[@data-kt=\"resourceUnitSaveButton\"]"}
RESULT: {"using":"xpath","value":"//button[@data-kt=\"resourceUnitSaveButton\"]"}
COMMAND: POST /session/b9718e1e48867b0fba4e39bd9ed4a756/element/f.FE1DA32CFDBC8F8C890368A9A93AADEA.d.6F0E08AA8C02F791F275E146DDEDF47B.e.6458/click - {}
RESULT: {}
COMMAND: GET /session/b9718e1e48867b0fba4e39bd9ed4a756/screenshot - {}
RESULT: {}
COMMAND: POST /session/b9718e1e48867b0fba4e39bd9ed4a756/element - {"using":"xpath","value":"//bdi[contains(text(), \"Close\")]"}
RESULT: {"using":"xpath","value":"//bdi[contains(text(), \"Close\")]"}
COMMAND: POST /session/b9718e1e48867b0fba4e39bd9ed4a756/element/f.FE1DA32CFDBC8F8C890368A9A93AADEA.d.6F0E08AA8C02F791F275E146DDEDF47B.e.6645/click - {}
RESULT: {}
COMMAND: GET /session/b9718e1e48867b0fba4e39bd9ed4a756/screenshot - {}
RESULT: {}
COMMAND: POST /session/b9718e1e48867b0fba4e39bd9ed4a756/element - {"using":"xpath","value":"//bdi[contains(text(), \"Edit\")]"}
RESULT: {"using":"xpath","value":"//bdi[contains(text(), \"Edit\")]"}
COMMAND: POST /session/b9718e1e48867b0fba4e39bd9ed4a756/execute/sync - {"script":"<script> [8489 bytes]","args":[{"element-6066-11e4-a52e-4f735466cecf":"f.FE1DA32CFDBC8F8C890368A9A93AADEA.d.6F0E08AA8C02F791F275E146DDEDF47B.e.6678","ELEMENT":"f.FE1DA32CFDBC8F8C890368A9A93AADEA.d.6F0E08AA8C02F791F275E146DDEDF47B.e.6678"}]}
RESULT: {"script":"<script> [8489 bytes]","args":[{"element-6066-11e4-a52e-4f735466cecf":"f.FE1DA32CFDBC8F8C890368A9A93AADEA.d.6F0E08AA8C02F791F275E146DDEDF47B.e.6678","ELEMENT":"f.FE1DA32CFDBC8F8C890368A9A93AADEA.d.6F0E08AA8C02F791F275E146DDEDF47B.e.6678"}]}
COMMAND: POST /session/b9718e1e48867b0fba4e39bd9ed4a756/element/f.FE1DA32CFDBC8F8C890368A9A93AADEA.d.6F0E08AA8C02F791F275E146DDEDF47B.e.6678/click - {}
COMMAND: GET /session/b9718e1e48867b0fba4e39bd9ed4a756/screenshot - {}
RESULT: {}
COMMAND: GET /session/b9718e1e48867b0fba4e39bd9ed4a756/screenshot - {}
RESULT: {}
RESULT: {}
COMMAND: POST /session/b9718e1e48867b0fba4e39bd9ed4a756/execute/async - {"script":"<script> [1562 bytes]","args":[{"selector":{"id":"application-manageresources-display-component---editResource--editRruPage-anchBar-application-manageresources-display-component---editResource--counters-anchor","interaction":{"idSuffix":"BDI-content"}},"wdio_ui5_key":"applicationmanageresources-display-component---editResource--editRruPage-anchBar-application-manageresources-display-component---editResource--counters-anchor"}]}
RESULT: {"script":"<script> [1562 bytes]","args":[{"selector":{"id":"application-manageresources-display-component---editResource--editRruPage-anchBar-application-manageresources-display-component---editResource--counters-anchor","interaction":{"idSuffix":"BDI-content"}},"wdio_ui5_key":"applicationmanageresources-display-component---editResource--editRruPage-anchBar-application-manageresources-display-component---editResource--counters-anchor"}]}
RESULT: undefined
COMMAND: POST /session/b9718e1e48867b0fba4e39bd9ed4a756/element - {"using":"xpath","value":"//*[@id=\"application-manageresources-display-component---editResource--editRruPage-anchBar-application-manageresources-display-component---editResource--counters-anchor\"]"}
RESULT: {"using":"xpath","value":"//*[@id=\"application-manageresources-display-component---editResource--editRruPage-anchBar-application-manageresources-display-component---editResource--counters-anchor\"]"}
COMMAND: POST /session/b9718e1e48867b0fba4e39bd9ed4a756/element/f.FE1DA32CFDBC8F8C890368A9A93AADEA.d.6F0E08AA8C02F791F275E146DDEDF47B.e.6790/click - {}
RESULT: {}
COMMAND: GET /session/b9718e1e48867b0fba4e39bd9ed4a756/screenshot - {}
RESULT: {}
COMMAND: POST /session/b9718e1e48867b0fba4e39bd9ed4a756/execute/async - {"script":"<script> [1562 bytes]","args":[{"selector":{"id":"application-manageresources-display-component---editResource--btnAddCounter-img"},"wdio_ui5_key":"applicationmanageresources-display-component---editResource--btnAddCounter-img"}]}
RESULT: {"script":"<script> [1562 bytes]","args":[{"selector":{"id":"application-manageresources-display-component---editResource--btnAddCounter-img"},"wdio_ui5_key":"applicationmanageresources-display-component---editResource--btnAddCounter-img"}]}
RESULT: undefined
COMMAND: POST /session/b9718e1e48867b0fba4e39bd9ed4a756/element - {"using":"xpath","value":"//*[@id=\"application-manageresources-display-component---editResource--btnAddCounter-img\"]"}
RESULT: {"using":"xpath","value":"//*[@id=\"application-manageresources-display-component---editResource--btnAddCounter-img\"]"}
COMMAND: POST /session/b9718e1e48867b0fba4e39bd9ed4a756/element/f.FE1DA32CFDBC8F8C890368A9A93AADEA.d.6F0E08AA8C02F791F275E146DDEDF47B.e.6824/click - {}
RESULT: {}
COMMAND: POST /session/b9718e1e48867b0fba4e39bd9ed4a756/execute/async - {"script":"<script> [1562 bytes]","args":[{"selector":{"id":"application-manageresources-display-component---editResource--COUNTER_ID-application-manageresources-display-component---editResource--RUCounters-0-arrow"},"wdio_ui5_key":"applicationmanageresources-display-component---editResource--COUNTER_ID-application-manageresources-display-component---editResource--RUCounters-0-arrow"}]}
COMMAND: GET /session/b9718e1e48867b0fba4e39bd9ed4a756/screenshot - {}
RESULT: {"script":"<script> [1562 bytes]","args":[{"selector":{"id":"application-manageresources-display-component---editResource--COUNTER_ID-application-manageresources-display-component---editResource--RUCounters-0-arrow"},"wdio_ui5_key":"applicationmanageresources-display-component---editResource--COUNTER_ID-application-manageresources-display-component---editResource--RUCounters-0-arrow"}]}
RESULT: undefined
COMMAND: POST /session/b9718e1e48867b0fba4e39bd9ed4a756/element - {"using":"xpath","value":"//*[@id=\"application-manageresources-display-component---editResource--COUNTER_ID-application-manageresources-display-component---editResource--RUCounters-0-arrow\"]"}
RESULT: {}
RESULT: {"using":"xpath","value":"//*[@id=\"application-manageresources-display-component---editResource--COUNTER_ID-application-manageresources-display-component---editResource--RUCounters-0-arrow\"]"}
COMMAND: POST /session/b9718e1e48867b0fba4e39bd9ed4a756/element/f.FE1DA32CFDBC8F8C890368A9A93AADEA.d.6F0E08AA8C02F791F275E146DDEDF47B.e.6829/click - {}
RESULT: {}
COMMAND: POST /session/b9718e1e48867b0fba4e39bd9ed4a756/execute/async - {"script":"<script> [1562 bytes]","args":[{"selector":{"controlType":"sap.m.StandardListItem","viewName":"etm.portal.ui.manageresources.view.EditResource","viewId":"application-manageresources-display-component---editResource","properties":{"title":"fuel"},"searchOpenDialogs":true,"interaction":{"idSuffix":"content"}},"wdio_ui5_key":"etmportal.ui.manageresources.view.EditResourcesap.m.StandardListItem{\"title\":\"fuel\"}"}]}
COMMAND: GET /session/b9718e1e48867b0fba4e39bd9ed4a756/screenshot - {}
RESULT: {"script":"<script> [1562 bytes]","args":[{"selector":{"controlType":"sap.m.StandardListItem","viewName":"etm.portal.ui.manageresources.view.EditResource","viewId":"application-manageresources-display-component---editResource","properties":{"title":"fuel"},"searchOpenDialogs":true,"interaction":{"idSuffix":"content"}},"wdio_ui5_key":"etmportal.ui.manageresources.view.EditResourcesap.m.StandardListItem{\"title\":\"fuel\"}"}]}
RESULT: undefined
COMMAND: POST /session/b9718e1e48867b0fba4e39bd9ed4a756/element - {"using":"xpath","value":"//*[@id=\"__item1033\"]"}
RESULT: {}
RESULT: {"using":"xpath","value":"//*[@id=\"__item1033\"]"}
COMMAND: POST /session/b9718e1e48867b0fba4e39bd9ed4a756/element/f.FE1DA32CFDBC8F8C890368A9A93AADEA.d.6F0E08AA8C02F791F275E146DDEDF47B.e.6831/click - {}
RESULT: {}
COMMAND: GET /session/b9718e1e48867b0fba4e39bd9ed4a756/screenshot - {}
RESULT: {}
COMMAND: POST /session/b9718e1e48867b0fba4e39bd9ed4a756/element - {"using":"xpath","value":"//button[@data-kt=\"saveButton\"]"}
RESULT: {"using":"xpath","value":"//button[@data-kt=\"saveButton\"]"}
COMMAND: POST /session/b9718e1e48867b0fba4e39bd9ed4a756/element/f.FE1DA32CFDBC8F8C890368A9A93AADEA.d.6F0E08AA8C02F791F275E146DDEDF47B.e.6832/click - {}
RESULT: {}
COMMAND: GET /session/b9718e1e48867b0fba4e39bd9ed4a756/screenshot - {}
RESULT: {}
COMMAND: POST /session/b9718e1e48867b0fba4e39bd9ed4a756/element - {"using":"xpath","value":"(//button[contains(@id ,\"actionsToolbar-overflowButton\")])[1]"}
RESULT: {"using":"xpath","value":"(//button[contains(@id ,\"actionsToolbar-overflowButton\")])[1]"}
COMMAND: POST /session/b9718e1e48867b0fba4e39bd9ed4a756/element/f.FE1DA32CFDBC8F8C890368A9A93AADEA.d.6F0E08AA8C02F791F275E146DDEDF47B.e.6845/click - {}
RESULT: {}
COMMAND: GET /session/b9718e1e48867b0fba4e39bd9ed4a756/screenshot - {}
RESULT: {}
COMMAND: POST /session/b9718e1e48867b0fba4e39bd9ed4a756/element - {"using":"xpath","value":"//button[@data-kt=\"priceInfoButton\"]"}
RESULT: {"using":"xpath","value":"//button[@data-kt=\"priceInfoButton\"]"}
COMMAND: POST /session/b9718e1e48867b0fba4e39bd9ed4a756/element/f.FE1DA32CFDBC8F8C890368A9A93AADEA.d.6F0E08AA8C02F791F275E146DDEDF47B.e.6847/click - {}
RESULT: {}
COMMAND: GET /session/b9718e1e48867b0fba4e39bd9ed4a756/screenshot - {}
RESULT: {}
]]></system-out>
    </testcase>
    <testcase classname="chrome.136_0_7103_93.windows.Create_master_data_for_mixed_billing_&amp;_do_billing_calculation_US151661" name="Should create a TB pricing procedure" time="60.801">
      <system-out><![CDATA[
COMMAND: POST /session/b9718e1e48867b0fba4e39bd9ed4a756/element - {"using":"xpath","value":"//button[@data-kt=\"addButton\"]"}
RESULT: {"using":"xpath","value":"//button[@data-kt=\"addButton\"]"}
COMMAND: POST /session/b9718e1e48867b0fba4e39bd9ed4a756/elements - {"using":"xpath","value":"//button[@data-kt=\"addButton\"]"}
RESULT: {"using":"xpath","value":"//button[@data-kt=\"addButton\"]"}
COMMAND: POST /session/b9718e1e48867b0fba4e39bd9ed4a756/elements - {"using":"xpath","value":"//button[@data-kt=\"addButton\"]"}
RESULT: {"using":"xpath","value":"//button[@data-kt=\"addButton\"]"}
COMMAND: POST /session/b9718e1e48867b0fba4e39bd9ed4a756/elements - {"using":"xpath","value":"//button[@data-kt=\"addButton\"]"}
RESULT: {"using":"xpath","value":"//button[@data-kt=\"addButton\"]"}
COMMAND: POST /session/b9718e1e48867b0fba4e39bd9ed4a756/elements - {"using":"xpath","value":"//button[@data-kt=\"addButton\"]"}
RESULT: {"using":"xpath","value":"//button[@data-kt=\"addButton\"]"}
COMMAND: POST /session/b9718e1e48867b0fba4e39bd9ed4a756/elements - {"using":"xpath","value":"//button[@data-kt=\"addButton\"]"}
RESULT: {"using":"xpath","value":"//button[@data-kt=\"addButton\"]"}
COMMAND: POST /session/b9718e1e48867b0fba4e39bd9ed4a756/elements - {"using":"xpath","value":"//button[@data-kt=\"addButton\"]"}
RESULT: {"using":"xpath","value":"//button[@data-kt=\"addButton\"]"}
COMMAND: POST /session/b9718e1e48867b0fba4e39bd9ed4a756/elements - {"using":"xpath","value":"//button[@data-kt=\"addButton\"]"}
RESULT: {"using":"xpath","value":"//button[@data-kt=\"addButton\"]"}
COMMAND: POST /session/b9718e1e48867b0fba4e39bd9ed4a756/elements - {"using":"xpath","value":"//button[@data-kt=\"addButton\"]"}
RESULT: {"using":"xpath","value":"//button[@data-kt=\"addButton\"]"}
COMMAND: POST /session/b9718e1e48867b0fba4e39bd9ed4a756/elements - {"using":"xpath","value":"//button[@data-kt=\"addButton\"]"}
RESULT: {"using":"xpath","value":"//button[@data-kt=\"addButton\"]"}
COMMAND: POST /session/b9718e1e48867b0fba4e39bd9ed4a756/elements - {"using":"xpath","value":"//button[@data-kt=\"addButton\"]"}
RESULT: {"using":"xpath","value":"//button[@data-kt=\"addButton\"]"}
COMMAND: POST /session/b9718e1e48867b0fba4e39bd9ed4a756/elements - {"using":"xpath","value":"//button[@data-kt=\"addButton\"]"}
RESULT: {"using":"xpath","value":"//button[@data-kt=\"addButton\"]"}
COMMAND: POST /session/b9718e1e48867b0fba4e39bd9ed4a756/elements - {"using":"xpath","value":"//button[@data-kt=\"addButton\"]"}
RESULT: {"using":"xpath","value":"//button[@data-kt=\"addButton\"]"}
COMMAND: POST /session/b9718e1e48867b0fba4e39bd9ed4a756/element - {"using":"xpath","value":"//button[@data-kt=\"addButton\"]"}
RESULT: {"using":"xpath","value":"//button[@data-kt=\"addButton\"]"}
COMMAND: POST /session/b9718e1e48867b0fba4e39bd9ed4a756/execute/sync - {"script":"<script> [8489 bytes]","args":[{"element-6066-11e4-a52e-4f735466cecf":"f.FE1DA32CFDBC8F8C890368A9A93AADEA.d.6F0E08AA8C02F791F275E146DDEDF47B.e.6883","ELEMENT":"f.FE1DA32CFDBC8F8C890368A9A93AADEA.d.6F0E08AA8C02F791F275E146DDEDF47B.e.6883"}]}
RESULT: {"script":"<script> [8489 bytes]","args":[{"element-6066-11e4-a52e-4f735466cecf":"f.FE1DA32CFDBC8F8C890368A9A93AADEA.d.6F0E08AA8C02F791F275E146DDEDF47B.e.6883","ELEMENT":"f.FE1DA32CFDBC8F8C890368A9A93AADEA.d.6F0E08AA8C02F791F275E146DDEDF47B.e.6883"}]}
COMMAND: GET /session/b9718e1e48867b0fba4e39bd9ed4a756/element/f.FE1DA32CFDBC8F8C890368A9A93AADEA.d.6F0E08AA8C02F791F275E146DDEDF47B.e.6883/enabled - {}
COMMAND: GET /session/b9718e1e48867b0fba4e39bd9ed4a756/screenshot - {}
RESULT: {}
COMMAND: POST /session/b9718e1e48867b0fba4e39bd9ed4a756/execute/sync - {"script":"<script> [8489 bytes]","args":[{"element-6066-11e4-a52e-4f735466cecf":"f.FE1DA32CFDBC8F8C890368A9A93AADEA.d.6F0E08AA8C02F791F275E146DDEDF47B.e.6883","ELEMENT":"f.FE1DA32CFDBC8F8C890368A9A93AADEA.d.6F0E08AA8C02F791F275E146DDEDF47B.e.6883"}]}
COMMAND: GET /session/b9718e1e48867b0fba4e39bd9ed4a756/screenshot - {}
RESULT: {}
RESULT: {"script":"<script> [8489 bytes]","args":[{"element-6066-11e4-a52e-4f735466cecf":"f.FE1DA32CFDBC8F8C890368A9A93AADEA.d.6F0E08AA8C02F791F275E146DDEDF47B.e.6883","ELEMENT":"f.FE1DA32CFDBC8F8C890368A9A93AADEA.d.6F0E08AA8C02F791F275E146DDEDF47B.e.6883"}]}
COMMAND: POST /session/b9718e1e48867b0fba4e39bd9ed4a756/execute/sync - {"script":"<script> [5351 bytes]","args":[{"element-6066-11e4-a52e-4f735466cecf":"f.FE1DA32CFDBC8F8C890368A9A93AADEA.d.6F0E08AA8C02F791F275E146DDEDF47B.e.6883","ELEMENT":"f.FE1DA32CFDBC8F8C890368A9A93AADEA.d.6F0E08AA8C02F791F275E146DDEDF47B.e.6883"}]}
COMMAND: GET /session/b9718e1e48867b0fba4e39bd9ed4a756/screenshot - {}
RESULT: {}
RESULT: {"script":"<script> [5351 bytes]","args":[{"element-6066-11e4-a52e-4f735466cecf":"f.FE1DA32CFDBC8F8C890368A9A93AADEA.d.6F0E08AA8C02F791F275E146DDEDF47B.e.6883","ELEMENT":"f.FE1DA32CFDBC8F8C890368A9A93AADEA.d.6F0E08AA8C02F791F275E146DDEDF47B.e.6883"}]}
COMMAND: POST /session/b9718e1e48867b0fba4e39bd9ed4a756/element/f.FE1DA32CFDBC8F8C890368A9A93AADEA.d.6F0E08AA8C02F791F275E146DDEDF47B.e.6883/click - {}
COMMAND: GET /session/b9718e1e48867b0fba4e39bd9ed4a756/screenshot - {}
RESULT: {}
RESULT: {}
COMMAND: GET /session/b9718e1e48867b0fba4e39bd9ed4a756/screenshot - {}
RESULT: {}
RESULT: {}
COMMAND: POST /session/b9718e1e48867b0fba4e39bd9ed4a756/execute/async - {"script":"<script> [1562 bytes]","args":[{"selector":{"controlType":"sap.m.Title","viewName":"etm.portal.ui.managepricingrules.view.NewItem","viewId":"application-managepricingrules-display-component---newInfoPriceItem","properties":{"text":"New Pricing Rules - Item Level"}},"wdio_ui5_key":"etmportal.ui.managepricingrules.view.NewItemsap.m.Title{\"text\":\"New Pricing Rules - Item Level\"}"}]}
RESULT: {"script":"<script> [1562 bytes]","args":[{"selector":{"controlType":"sap.m.Title","viewName":"etm.portal.ui.managepricingrules.view.NewItem","viewId":"application-managepricingrules-display-component---newInfoPriceItem","properties":{"text":"New Pricing Rules - Item Level"}},"wdio_ui5_key":"etmportal.ui.managepricingrules.view.NewItemsap.m.Title{\"text\":\"New Pricing Rules - Item Level\"}"}]}
RESULT: undefined
COMMAND: POST /session/b9718e1e48867b0fba4e39bd9ed4a756/execute/async - {"script":"<script> [6424 bytes]","args":[{"element-6066-11e4-a52e-4f735466cecf":"f.FE1DA32CFDBC8F8C890368A9A93AADEA.d.6F0E08AA8C02F791F275E146DDEDF47B.e.6955"},"getText",[]]}
RESULT: {"script":"<script> [6424 bytes]","args":[{"element-6066-11e4-a52e-4f735466cecf":"f.FE1DA32CFDBC8F8C890368A9A93AADEA.d.6F0E08AA8C02F791F275E146DDEDF47B.e.6955"},"getText",[]]}
COMMAND: POST /session/b9718e1e48867b0fba4e39bd9ed4a756/execute/async - {"script":"<script> [1562 bytes]","args":[{"selector":{"id":"application-managepricingrules-display-component---newInfoPriceItem--condValidTo","interaction":{"idSuffix":"inner"}},"wdio_ui5_key":"applicationmanagepricingrules-display-component---newInfoPriceItem--condValidTo"}]}
RESULT: {"script":"<script> [1562 bytes]","args":[{"selector":{"id":"application-managepricingrules-display-component---newInfoPriceItem--condValidTo","interaction":{"idSuffix":"inner"}},"wdio_ui5_key":"applicationmanagepricingrules-display-component---newInfoPriceItem--condValidTo"}]}
RESULT: undefined
COMMAND: POST /session/b9718e1e48867b0fba4e39bd9ed4a756/execute/async - {"script":"<script> [776 bytes]","args":[{"enterText":"1/17/26","selector":{"id":"application-managepricingrules-display-component---newInfoPriceItem--condValidTo","interaction":{"idSuffix":"inner"}},"clearTextFirst":true,"interactionType":"ENTER_TEXT"}]}
RESULT: {"script":"<script> [776 bytes]","args":[{"enterText":"1/17/26","selector":{"id":"application-managepricingrules-display-component---newInfoPriceItem--condValidTo","interaction":{"idSuffix":"inner"}},"clearTextFirst":true,"interactionType":"ENTER_TEXT"}]}
COMMAND: POST /session/b9718e1e48867b0fba4e39bd9ed4a756/execute/async - {"script":"<script> [1562 bytes]","args":[{"selector":{"id":"application-managepricingrules-display-component---newInfoPriceItem--billType-arrow"},"wdio_ui5_key":"applicationmanagepricingrules-display-component---newInfoPriceItem--billType-arrow"}]}
RESULT: {"script":"<script> [1562 bytes]","args":[{"selector":{"id":"application-managepricingrules-display-component---newInfoPriceItem--billType-arrow"},"wdio_ui5_key":"applicationmanagepricingrules-display-component---newInfoPriceItem--billType-arrow"}]}
RESULT: undefined
COMMAND: POST /session/b9718e1e48867b0fba4e39bd9ed4a756/element - {"using":"xpath","value":"//*[@id=\"application-managepricingrules-display-component---newInfoPriceItem--billType-arrow\"]"}
RESULT: {"using":"xpath","value":"//*[@id=\"application-managepricingrules-display-component---newInfoPriceItem--billType-arrow\"]"}
COMMAND: POST /session/b9718e1e48867b0fba4e39bd9ed4a756/element/f.FE1DA32CFDBC8F8C890368A9A93AADEA.d.6F0E08AA8C02F791F275E146DDEDF47B.e.6968/click - {}
RESULT: {}
COMMAND: POST /session/b9718e1e48867b0fba4e39bd9ed4a756/element - {"using":"xpath","value":"//span[contains(text(), \"TB - Time based\")]"}
COMMAND: GET /session/b9718e1e48867b0fba4e39bd9ed4a756/screenshot - {}
RESULT: {"using":"xpath","value":"//span[contains(text(), \"TB - Time based\")]"}
COMMAND: POST /session/b9718e1e48867b0fba4e39bd9ed4a756/element/f.FE1DA32CFDBC8F8C890368A9A93AADEA.d.6F0E08AA8C02F791F275E146DDEDF47B.e.6969/click - {}
RESULT: {}
RESULT: {}
COMMAND: POST /session/b9718e1e48867b0fba4e39bd9ed4a756/execute/async - {"script":"<script> [1562 bytes]","args":[{"selector":{"id":"application-managepricingrules-display-component---newInfoPriceItem--priceProc-arrow"},"wdio_ui5_key":"applicationmanagepricingrules-display-component---newInfoPriceItem--priceProc-arrow"}]}
COMMAND: GET /session/b9718e1e48867b0fba4e39bd9ed4a756/screenshot - {}
RESULT: {"script":"<script> [1562 bytes]","args":[{"selector":{"id":"application-managepricingrules-display-component---newInfoPriceItem--priceProc-arrow"},"wdio_ui5_key":"applicationmanagepricingrules-display-component---newInfoPriceItem--priceProc-arrow"}]}
RESULT: undefined
COMMAND: POST /session/b9718e1e48867b0fba4e39bd9ed4a756/element - {"using":"xpath","value":"//*[@id=\"application-managepricingrules-display-component---newInfoPriceItem--priceProc-arrow\"]"}
RESULT: {}
RESULT: {"using":"xpath","value":"//*[@id=\"application-managepricingrules-display-component---newInfoPriceItem--priceProc-arrow\"]"}
COMMAND: POST /session/b9718e1e48867b0fba4e39bd9ed4a756/element/f.FE1DA32CFDBC8F8C890368A9A93AADEA.d.6F0E08AA8C02F791F275E146DDEDF47B.e.6970/click - {}
RESULT: {}
COMMAND: POST /session/b9718e1e48867b0fba4e39bd9ed4a756/element - {"using":"xpath","value":"//span[contains(text(), \"TB - Time based BGL\")]"}
COMMAND: GET /session/b9718e1e48867b0fba4e39bd9ed4a756/screenshot - {}
RESULT: {"using":"xpath","value":"//span[contains(text(), \"TB - Time based BGL\")]"}
COMMAND: POST /session/b9718e1e48867b0fba4e39bd9ed4a756/element/f.FE1DA32CFDBC8F8C890368A9A93AADEA.d.6F0E08AA8C02F791F275E146DDEDF47B.e.6971/click - {}
RESULT: {}
RESULT: {}
COMMAND: POST /session/b9718e1e48867b0fba4e39bd9ed4a756/execute/async - {"script":"<script> [1562 bytes]","args":[{"selector":{"id":"application-managepricingrules-display-component---newInfoPriceItem--calcBase-arrow"},"wdio_ui5_key":"applicationmanagepricingrules-display-component---newInfoPriceItem--calcBase-arrow"}]}
COMMAND: GET /session/b9718e1e48867b0fba4e39bd9ed4a756/screenshot - {}
RESULT: {"script":"<script> [1562 bytes]","args":[{"selector":{"id":"application-managepricingrules-display-component---newInfoPriceItem--calcBase-arrow"},"wdio_ui5_key":"applicationmanagepricingrules-display-component---newInfoPriceItem--calcBase-arrow"}]}
RESULT: undefined
COMMAND: POST /session/b9718e1e48867b0fba4e39bd9ed4a756/element - {"using":"xpath","value":"//*[@id=\"application-managepricingrules-display-component---newInfoPriceItem--calcBase-arrow\"]"}
RESULT: {}
RESULT: {"using":"xpath","value":"//*[@id=\"application-managepricingrules-display-component---newInfoPriceItem--calcBase-arrow\"]"}
COMMAND: POST /session/b9718e1e48867b0fba4e39bd9ed4a756/element/f.FE1DA32CFDBC8F8C890368A9A93AADEA.d.6F0E08AA8C02F791F275E146DDEDF47B.e.6972/click - {}
RESULT: {}
COMMAND: GET /session/b9718e1e48867b0fba4e39bd9ed4a756/screenshot - {}
RESULT: {}
COMMAND: POST /session/b9718e1e48867b0fba4e39bd9ed4a756/element - {"using":"xpath","value":"//span[contains(text(), \"0006 - TB(calendar days)\")]"}
RESULT: {"using":"xpath","value":"//span[contains(text(), \"0006 - TB(calendar days)\")]"}
COMMAND: POST /session/b9718e1e48867b0fba4e39bd9ed4a756/element/f.FE1DA32CFDBC8F8C890368A9A93AADEA.d.6F0E08AA8C02F791F275E146DDEDF47B.e.6973/click - {}
RESULT: {}
COMMAND: GET /session/b9718e1e48867b0fba4e39bd9ed4a756/screenshot - {}
RESULT: {}
COMMAND: POST /session/b9718e1e48867b0fba4e39bd9ed4a756/execute/async - {"script":"<script> [1562 bytes]","args":[{"selector":{"id":"application-managepricingrules-display-component---newInfoPriceItem--hoursMonth","interaction":{"idSuffix":"inner"}},"wdio_ui5_key":"applicationmanagepricingrules-display-component---newInfoPriceItem--hoursMonth"}]}
RESULT: {"script":"<script> [1562 bytes]","args":[{"selector":{"id":"application-managepricingrules-display-component---newInfoPriceItem--hoursMonth","interaction":{"idSuffix":"inner"}},"wdio_ui5_key":"applicationmanagepricingrules-display-component---newInfoPriceItem--hoursMonth"}]}
RESULT: undefined
COMMAND: POST /session/b9718e1e48867b0fba4e39bd9ed4a756/execute/async - {"script":"<script> [776 bytes]","args":[{"enterText":"160","selector":{"id":"application-managepricingrules-display-component---newInfoPriceItem--hoursMonth","interaction":{"idSuffix":"inner"}},"clearTextFirst":true,"interactionType":"ENTER_TEXT"}]}
RESULT: {"script":"<script> [776 bytes]","args":[{"enterText":"160","selector":{"id":"application-managepricingrules-display-component---newInfoPriceItem--hoursMonth","interaction":{"idSuffix":"inner"}},"clearTextFirst":true,"interactionType":"ENTER_TEXT"}]}
COMMAND: POST /session/b9718e1e48867b0fba4e39bd9ed4a756/execute/async - {"script":"<script> [1562 bytes]","args":[{"selector":{"id":"application-managepricingrules-display-component---newInfoPriceItem--daysMonth","interaction":{"idSuffix":"inner"}},"wdio_ui5_key":"applicationmanagepricingrules-display-component---newInfoPriceItem--daysMonth"}]}
RESULT: {"script":"<script> [1562 bytes]","args":[{"selector":{"id":"application-managepricingrules-display-component---newInfoPriceItem--daysMonth","interaction":{"idSuffix":"inner"}},"wdio_ui5_key":"applicationmanagepricingrules-display-component---newInfoPriceItem--daysMonth"}]}
RESULT: undefined
COMMAND: POST /session/b9718e1e48867b0fba4e39bd9ed4a756/execute/async - {"script":"<script> [776 bytes]","args":[{"enterText":"30","selector":{"id":"application-managepricingrules-display-component---newInfoPriceItem--daysMonth","interaction":{"idSuffix":"inner"}},"clearTextFirst":true,"interactionType":"ENTER_TEXT"}]}
RESULT: {"script":"<script> [776 bytes]","args":[{"enterText":"30","selector":{"id":"application-managepricingrules-display-component---newInfoPriceItem--daysMonth","interaction":{"idSuffix":"inner"}},"clearTextFirst":true,"interactionType":"ENTER_TEXT"}]}
COMMAND: POST /session/b9718e1e48867b0fba4e39bd9ed4a756/element - {"using":"xpath","value":"//button[@data-kt=\"saveNewRuleButton\"]"}
RESULT: {"using":"xpath","value":"//button[@data-kt=\"saveNewRuleButton\"]"}
COMMAND: POST /session/b9718e1e48867b0fba4e39bd9ed4a756/element/f.FE1DA32CFDBC8F8C890368A9A93AADEA.d.6F0E08AA8C02F791F275E146DDEDF47B.e.6976/click - {}
RESULT: {}
COMMAND: GET /session/b9718e1e48867b0fba4e39bd9ed4a756/screenshot - {}
RESULT: {}
COMMAND: POST /session/b9718e1e48867b0fba4e39bd9ed4a756/execute/async - {"script":"<script> [1562 bytes]","args":[{"selector":{"id":"application-managepricingrules-display-component---priceInfoItem--smartFilterBar-btnBasicSearch","interaction":{"idSuffix":"I"}},"wdio_ui5_key":"applicationmanagepricingrules-display-component---priceInfoItem--smartFilterBar-btnBasicSearch"}]}
RESULT: {"script":"<script> [1562 bytes]","args":[{"selector":{"id":"application-managepricingrules-display-component---priceInfoItem--smartFilterBar-btnBasicSearch","interaction":{"idSuffix":"I"}},"wdio_ui5_key":"applicationmanagepricingrules-display-component---priceInfoItem--smartFilterBar-btnBasicSearch"}]}
RESULT: undefined
COMMAND: POST /session/b9718e1e48867b0fba4e39bd9ed4a756/execute/async - {"script":"<script> [776 bytes]","args":[{"enterText":"FMLBezNP2U","selector":{"id":"application-managepricingrules-display-component---priceInfoItem--smartFilterBar-btnBasicSearch","interaction":{"idSuffix":"I"}},"clearTextFirst":true,"interactionType":"ENTER_TEXT"}]}
RESULT: {"script":"<script> [776 bytes]","args":[{"enterText":"FMLBezNP2U","selector":{"id":"application-managepricingrules-display-component---priceInfoItem--smartFilterBar-btnBasicSearch","interaction":{"idSuffix":"I"}},"clearTextFirst":true,"interactionType":"ENTER_TEXT"}]}
COMMAND: POST /session/b9718e1e48867b0fba4e39bd9ed4a756/actions - {"actions":[{"id":"action22","type":"key","parameters":{},"actions":[{"type":"keyDown","value":"î€‡"},{"type":"pause","duration":10},{"type":"keyUp","value":"î€‡"}]}]}
RESULT: {"actions":[{"id":"action22","type":"key","parameters":{},"actions":[{"type":"keyDown","value":"î€‡"},{"type":"pause","duration":10},{"type":"keyUp","value":"î€‡"}]}]}
COMMAND: GET /session/b9718e1e48867b0fba4e39bd9ed4a756/screenshot - {}
RESULT: {}
COMMAND: POST /session/b9718e1e48867b0fba4e39bd9ed4a756/element - {"using":"xpath","value":"//span[@id=\"application-managepricingrules-display-component---priceInfoItem--smartTable-header-inner\"]"}
RESULT: {"using":"xpath","value":"//span[@id=\"application-managepricingrules-display-component---priceInfoItem--smartTable-header-inner\"]"}
COMMAND: POST /session/b9718e1e48867b0fba4e39bd9ed4a756/elements - {"using":"xpath","value":"//span[@id=\"application-managepricingrules-display-component---priceInfoItem--smartTable-header-inner\"]"}
RESULT: {"using":"xpath","value":"//span[@id=\"application-managepricingrules-display-component---priceInfoItem--smartTable-header-inner\"]"}
COMMAND: POST /session/b9718e1e48867b0fba4e39bd9ed4a756/execute/sync - {"script":"<script> [56 bytes]","args":[{"element-6066-11e4-a52e-4f735466cecf":"f.FE1DA32CFDBC8F8C890368A9A93AADEA.d.6F0E08AA8C02F791F275E146DDEDF47B.e.6989","ELEMENT":"f.FE1DA32CFDBC8F8C890368A9A93AADEA.d.6F0E08AA8C02F791F275E146DDEDF47B.e.6989"}]}
RESULT: {"script":"<script> [56 bytes]","args":[{"element-6066-11e4-a52e-4f735466cecf":"f.FE1DA32CFDBC8F8C890368A9A93AADEA.d.6F0E08AA8C02F791F275E146DDEDF47B.e.6989","ELEMENT":"f.FE1DA32CFDBC8F8C890368A9A93AADEA.d.6F0E08AA8C02F791F275E146DDEDF47B.e.6989"}]}
COMMAND: POST /session/b9718e1e48867b0fba4e39bd9ed4a756/element - {"using":"css selector","value":"#shell-header-logo"}
COMMAND: GET /session/b9718e1e48867b0fba4e39bd9ed4a756/screenshot - {}
RESULT: {"using":"css selector","value":"#shell-header-logo"}
COMMAND: POST /session/b9718e1e48867b0fba4e39bd9ed4a756/element/f.FE1DA32CFDBC8F8C890368A9A93AADEA.d.6F0E08AA8C02F791F275E146DDEDF47B.e.6051/click - {}
RESULT: {}
RESULT: {}
COMMAND: GET /session/b9718e1e48867b0fba4e39bd9ed4a756/screenshot - {}
RESULT: {}
]]></system-out>
    </testcase>
    <testcase classname="chrome.136_0_7103_93.windows.Create_master_data_for_mixed_billing_&amp;_do_billing_calculation_US151661" name="Should add one time condition" time="69.174">
      <system-out><![CDATA[
COMMAND: POST /session/b9718e1e48867b0fba4e39bd9ed4a756/execute/async - {"script":"<script> [1562 bytes]","args":[{"selector":{"controlType":"sap.m.GenericTile","properties":{"header":"Manage Conditions & Prices"}},"wdio_ui5_key":"sapm.GenericTile{\"header\":\"Manage Conditions & Prices\"}"}]}
RESULT: {"script":"<script> [1562 bytes]","args":[{"selector":{"controlType":"sap.m.GenericTile","properties":{"header":"Manage Conditions & Prices"}},"wdio_ui5_key":"sapm.GenericTile{\"header\":\"Manage Conditions & Prices\"}"}]}
RESULT: undefined
COMMAND: POST /session/b9718e1e48867b0fba4e39bd9ed4a756/element - {"using":"xpath","value":"//*[@id=\"__tile93\"]"}
RESULT: {"using":"xpath","value":"//*[@id=\"__tile93\"]"}
COMMAND: POST /session/b9718e1e48867b0fba4e39bd9ed4a756/element/f.FE1DA32CFDBC8F8C890368A9A93AADEA.d.6F0E08AA8C02F791F275E146DDEDF47B.e.6037/click - {}
RESULT: {}
COMMAND: GET /session/b9718e1e48867b0fba4e39bd9ed4a756/screenshot - {}
RESULT: {}
COMMAND: POST /session/b9718e1e48867b0fba4e39bd9ed4a756/elements - {"using":"xpath","value":"//span[text()='Error']"}
RESULT: {"using":"xpath","value":"//span[text()='Error']"}
COMMAND: POST /session/b9718e1e48867b0fba4e39bd9ed4a756/element - {"using":"xpath","value":"//button[@aria-label=\"Create\"]"}
RESULT: {"using":"xpath","value":"//button[@aria-label=\"Create\"]"}
COMMAND: POST /session/b9718e1e48867b0fba4e39bd9ed4a756/elements - {"using":"xpath","value":"//button[@aria-label=\"Create\"]"}
RESULT: {"using":"xpath","value":"//button[@aria-label=\"Create\"]"}
COMMAND: POST /session/b9718e1e48867b0fba4e39bd9ed4a756/execute/sync - {"script":"<script> [8489 bytes]","args":[{"element-6066-11e4-a52e-4f735466cecf":"f.FE1DA32CFDBC8F8C890368A9A93AADEA.d.6F0E08AA8C02F791F275E146DDEDF47B.e.7025","ELEMENT":"f.FE1DA32CFDBC8F8C890368A9A93AADEA.d.6F0E08AA8C02F791F275E146DDEDF47B.e.7025"}]}
RESULT: {"script":"<script> [8489 bytes]","args":[{"element-6066-11e4-a52e-4f735466cecf":"f.FE1DA32CFDBC8F8C890368A9A93AADEA.d.6F0E08AA8C02F791F275E146DDEDF47B.e.7025","ELEMENT":"f.FE1DA32CFDBC8F8C890368A9A93AADEA.d.6F0E08AA8C02F791F275E146DDEDF47B.e.7025"}]}
COMMAND: GET /session/b9718e1e48867b0fba4e39bd9ed4a756/element/f.FE1DA32CFDBC8F8C890368A9A93AADEA.d.6F0E08AA8C02F791F275E146DDEDF47B.e.7025/enabled - {}
COMMAND: GET /session/b9718e1e48867b0fba4e39bd9ed4a756/screenshot - {}
RESULT: {}
COMMAND: POST /session/b9718e1e48867b0fba4e39bd9ed4a756/execute/sync - {"script":"<script> [8489 bytes]","args":[{"element-6066-11e4-a52e-4f735466cecf":"f.FE1DA32CFDBC8F8C890368A9A93AADEA.d.6F0E08AA8C02F791F275E146DDEDF47B.e.7025","ELEMENT":"f.FE1DA32CFDBC8F8C890368A9A93AADEA.d.6F0E08AA8C02F791F275E146DDEDF47B.e.7025"}]}
COMMAND: GET /session/b9718e1e48867b0fba4e39bd9ed4a756/screenshot - {}
RESULT: {}
RESULT: {"script":"<script> [8489 bytes]","args":[{"element-6066-11e4-a52e-4f735466cecf":"f.FE1DA32CFDBC8F8C890368A9A93AADEA.d.6F0E08AA8C02F791F275E146DDEDF47B.e.7025","ELEMENT":"f.FE1DA32CFDBC8F8C890368A9A93AADEA.d.6F0E08AA8C02F791F275E146DDEDF47B.e.7025"}]}
COMMAND: POST /session/b9718e1e48867b0fba4e39bd9ed4a756/execute/sync - {"script":"<script> [5351 bytes]","args":[{"element-6066-11e4-a52e-4f735466cecf":"f.FE1DA32CFDBC8F8C890368A9A93AADEA.d.6F0E08AA8C02F791F275E146DDEDF47B.e.7025","ELEMENT":"f.FE1DA32CFDBC8F8C890368A9A93AADEA.d.6F0E08AA8C02F791F275E146DDEDF47B.e.7025"}]}
COMMAND: GET /session/b9718e1e48867b0fba4e39bd9ed4a756/screenshot - {}
RESULT: {}
RESULT: {"script":"<script> [5351 bytes]","args":[{"element-6066-11e4-a52e-4f735466cecf":"f.FE1DA32CFDBC8F8C890368A9A93AADEA.d.6F0E08AA8C02F791F275E146DDEDF47B.e.7025","ELEMENT":"f.FE1DA32CFDBC8F8C890368A9A93AADEA.d.6F0E08AA8C02F791F275E146DDEDF47B.e.7025"}]}
COMMAND: POST /session/b9718e1e48867b0fba4e39bd9ed4a756/element/f.FE1DA32CFDBC8F8C890368A9A93AADEA.d.6F0E08AA8C02F791F275E146DDEDF47B.e.7025/click - {}
COMMAND: GET /session/b9718e1e48867b0fba4e39bd9ed4a756/screenshot - {}
RESULT: {}
RESULT: {}
COMMAND: GET /session/b9718e1e48867b0fba4e39bd9ed4a756/screenshot - {}
RESULT: {}
RESULT: {}
COMMAND: POST /session/b9718e1e48867b0fba4e39bd9ed4a756/actions - {"actions":[{"id":"action23","type":"key","parameters":{},"actions":[{"type":"keyDown","value":"î€‡"},{"type":"pause","duration":10},{"type":"keyUp","value":"î€‡"}]}]}
RESULT: {"actions":[{"id":"action23","type":"key","parameters":{},"actions":[{"type":"keyDown","value":"î€‡"},{"type":"pause","duration":10},{"type":"keyUp","value":"î€‡"}]}]}
COMMAND: GET /session/b9718e1e48867b0fba4e39bd9ed4a756/screenshot - {}
RESULT: {}
COMMAND: POST /session/b9718e1e48867b0fba4e39bd9ed4a756/execute/async - {"script":"<script> [1562 bytes]","args":[{"selector":{"id":"application-manageconditionprice-display-component---newCondition--condBillCond-arrow"},"wdio_ui5_key":"applicationmanageconditionprice-display-component---newCondition--condBillCond-arrow"}]}
RESULT: {"script":"<script> [1562 bytes]","args":[{"selector":{"id":"application-manageconditionprice-display-component---newCondition--condBillCond-arrow"},"wdio_ui5_key":"applicationmanageconditionprice-display-component---newCondition--condBillCond-arrow"}]}
RESULT: undefined
COMMAND: POST /session/b9718e1e48867b0fba4e39bd9ed4a756/element - {"using":"xpath","value":"//*[@id=\"application-manageconditionprice-display-component---newCondition--condBillCond-arrow\"]"}
RESULT: {"using":"xpath","value":"//*[@id=\"application-manageconditionprice-display-component---newCondition--condBillCond-arrow\"]"}
COMMAND: POST /session/b9718e1e48867b0fba4e39bd9ed4a756/element/f.FE1DA32CFDBC8F8C890368A9A93AADEA.d.6F0E08AA8C02F791F275E146DDEDF47B.e.7203/click - {}
RESULT: {}
COMMAND: GET /session/b9718e1e48867b0fba4e39bd9ed4a756/screenshot - {}
RESULT: {}
COMMAND: POST /session/b9718e1e48867b0fba4e39bd9ed4a756/element - {"using":"xpath","value":"//li[.//span[contains(text(), \"SAPR - Sales price\")]]"}
RESULT: {"using":"xpath","value":"//li[.//span[contains(text(), \"SAPR - Sales price\")]]"}
COMMAND: POST /session/b9718e1e48867b0fba4e39bd9ed4a756/element/f.FE1DA32CFDBC8F8C890368A9A93AADEA.d.6F0E08AA8C02F791F275E146DDEDF47B.e.7206/click - {}
RESULT: {}
COMMAND: GET /session/b9718e1e48867b0fba4e39bd9ed4a756/screenshot - {}
RESULT: {}
COMMAND: POST /session/b9718e1e48867b0fba4e39bd9ed4a756/execute/async - {"script":"<script> [1562 bytes]","args":[{"selector":{"id":"application-manageconditionprice-display-component---newCondition--condValidTo","interaction":{"idSuffix":"inner"}},"wdio_ui5_key":"applicationmanageconditionprice-display-component---newCondition--condValidTo"}]}
RESULT: {"script":"<script> [1562 bytes]","args":[{"selector":{"id":"application-manageconditionprice-display-component---newCondition--condValidTo","interaction":{"idSuffix":"inner"}},"wdio_ui5_key":"applicationmanageconditionprice-display-component---newCondition--condValidTo"}]}
RESULT: undefined
COMMAND: POST /session/b9718e1e48867b0fba4e39bd9ed4a756/execute/async - {"script":"<script> [776 bytes]","args":[{"enterText":"1/17/26","selector":{"id":"application-manageconditionprice-display-component---newCondition--condValidTo","interaction":{"idSuffix":"inner"}},"clearTextFirst":true,"interactionType":"ENTER_TEXT"}]}
RESULT: {"script":"<script> [776 bytes]","args":[{"enterText":"1/17/26","selector":{"id":"application-manageconditionprice-display-component---newCondition--condValidTo","interaction":{"idSuffix":"inner"}},"clearTextFirst":true,"interactionType":"ENTER_TEXT"}]}
COMMAND: POST /session/b9718e1e48867b0fba4e39bd9ed4a756/element - {"using":"xpath","value":"//input[@id=\"application-manageconditionprice-display-component---newCondition--condRU-inner\"]"}
RESULT: {"using":"xpath","value":"//input[@id=\"application-manageconditionprice-display-component---newCondition--condRU-inner\"]"}
COMMAND: POST /session/b9718e1e48867b0fba4e39bd9ed4a756/element/f.FE1DA32CFDBC8F8C890368A9A93AADEA.d.6F0E08AA8C02F791F275E146DDEDF47B.e.7041/clear - {}
RESULT: {}
COMMAND: POST /session/b9718e1e48867b0fba4e39bd9ed4a756/element/f.FE1DA32CFDBC8F8C890368A9A93AADEA.d.6F0E08AA8C02F791F275E146DDEDF47B.e.7041/value - {"text":"FMLBezNP2U"}
COMMAND: GET /session/b9718e1e48867b0fba4e39bd9ed4a756/screenshot - {}
RESULT: {"text":"FMLBezNP2U"}
COMMAND: GET /session/b9718e1e48867b0fba4e39bd9ed4a756/screenshot - {}
RESULT: {}
RESULT: {}
COMMAND: POST /session/b9718e1e48867b0fba4e39bd9ed4a756/actions - {"actions":[{"id":"action24","type":"key","parameters":{},"actions":[{"type":"keyDown","value":"î€‡"},{"type":"pause","duration":10},{"type":"keyUp","value":"î€‡"}]}]}
RESULT: {"actions":[{"id":"action24","type":"key","parameters":{},"actions":[{"type":"keyDown","value":"î€‡"},{"type":"pause","duration":10},{"type":"keyUp","value":"î€‡"}]}]}
COMMAND: POST /session/b9718e1e48867b0fba4e39bd9ed4a756/execute/async - {"script":"<script> [1562 bytes]","args":[{"selector":{"id":"application-manageconditionprice-display-component---newCondition--condBaseQty","interaction":{"idSuffix":"inner"}},"wdio_ui5_key":"applicationmanageconditionprice-display-component---newCondition--condBaseQty"}]}
COMMAND: GET /session/b9718e1e48867b0fba4e39bd9ed4a756/screenshot - {}
RESULT: {"script":"<script> [1562 bytes]","args":[{"selector":{"id":"application-manageconditionprice-display-component---newCondition--condBaseQty","interaction":{"idSuffix":"inner"}},"wdio_ui5_key":"applicationmanageconditionprice-display-component---newCondition--condBaseQty"}]}
RESULT: undefined
COMMAND: POST /session/b9718e1e48867b0fba4e39bd9ed4a756/execute/async - {"script":"<script> [776 bytes]","args":[{"enterText":"1","selector":{"id":"application-manageconditionprice-display-component---newCondition--condBaseQty","interaction":{"idSuffix":"inner"}},"clearTextFirst":true,"interactionType":"ENTER_TEXT"}]}
RESULT: {}
RESULT: {"script":"<script> [776 bytes]","args":[{"enterText":"1","selector":{"id":"application-manageconditionprice-display-component---newCondition--condBaseQty","interaction":{"idSuffix":"inner"}},"clearTextFirst":true,"interactionType":"ENTER_TEXT"}]}
COMMAND: POST /session/b9718e1e48867b0fba4e39bd9ed4a756/execute/async - {"script":"<script> [1562 bytes]","args":[{"selector":{"id":"application-manageconditionprice-display-component---newCondition--condValue","interaction":{"idSuffix":"inner"}},"wdio_ui5_key":"applicationmanageconditionprice-display-component---newCondition--condValue"}]}
RESULT: {"script":"<script> [1562 bytes]","args":[{"selector":{"id":"application-manageconditionprice-display-component---newCondition--condValue","interaction":{"idSuffix":"inner"}},"wdio_ui5_key":"applicationmanageconditionprice-display-component---newCondition--condValue"}]}
RESULT: undefined
COMMAND: POST /session/b9718e1e48867b0fba4e39bd9ed4a756/execute/async - {"script":"<script> [776 bytes]","args":[{"enterText":"200","selector":{"id":"application-manageconditionprice-display-component---newCondition--condValue","interaction":{"idSuffix":"inner"}},"clearTextFirst":true,"interactionType":"ENTER_TEXT"}]}
RESULT: {"script":"<script> [776 bytes]","args":[{"enterText":"200","selector":{"id":"application-manageconditionprice-display-component---newCondition--condValue","interaction":{"idSuffix":"inner"}},"clearTextFirst":true,"interactionType":"ENTER_TEXT"}]}
COMMAND: POST /session/b9718e1e48867b0fba4e39bd9ed4a756/execute/async - {"script":"<script> [1562 bytes]","args":[{"selector":{"id":"application-manageconditionprice-display-component---newCondition--condCurr-arrow"},"wdio_ui5_key":"applicationmanageconditionprice-display-component---newCondition--condCurr-arrow"}]}
RESULT: {"script":"<script> [1562 bytes]","args":[{"selector":{"id":"application-manageconditionprice-display-component---newCondition--condCurr-arrow"},"wdio_ui5_key":"applicationmanageconditionprice-display-component---newCondition--condCurr-arrow"}]}
RESULT: undefined
COMMAND: POST /session/b9718e1e48867b0fba4e39bd9ed4a756/element - {"using":"xpath","value":"//*[@id=\"application-manageconditionprice-display-component---newCondition--condCurr-arrow\"]"}
RESULT: {"using":"xpath","value":"//*[@id=\"application-manageconditionprice-display-component---newCondition--condCurr-arrow\"]"}
COMMAND: POST /session/b9718e1e48867b0fba4e39bd9ed4a756/element/f.FE1DA32CFDBC8F8C890368A9A93AADEA.d.6F0E08AA8C02F791F275E146DDEDF47B.e.7161/click - {}
RESULT: {}
COMMAND: POST /session/b9718e1e48867b0fba4e39bd9ed4a756/element - {"using":"xpath","value":"//span[contains(text(), \"Euro\")]"}
COMMAND: GET /session/b9718e1e48867b0fba4e39bd9ed4a756/screenshot - {}
RESULT: {"using":"xpath","value":"//span[contains(text(), \"Euro\")]"}
COMMAND: POST /session/b9718e1e48867b0fba4e39bd9ed4a756/element/f.FE1DA32CFDBC8F8C890368A9A93AADEA.d.6F0E08AA8C02F791F275E146DDEDF47B.e.7244/click - {}
RESULT: {}
RESULT: {}
COMMAND: POST /session/b9718e1e48867b0fba4e39bd9ed4a756/element - {"using":"xpath","value":"//button[@data-kt=\"saveButton\"]"}
COMMAND: GET /session/b9718e1e48867b0fba4e39bd9ed4a756/screenshot - {}
RESULT: {"using":"xpath","value":"//button[@data-kt=\"saveButton\"]"}
COMMAND: POST /session/b9718e1e48867b0fba4e39bd9ed4a756/element/f.FE1DA32CFDBC8F8C890368A9A93AADEA.d.6F0E08AA8C02F791F275E146DDEDF47B.e.7162/click - {}
RESULT: {}
RESULT: {}
COMMAND: GET /session/b9718e1e48867b0fba4e39bd9ed4a756/screenshot - {}
RESULT: {}
COMMAND: POST /session/b9718e1e48867b0fba4e39bd9ed4a756/execute/async - {"script":"<script> [1562 bytes]","args":[{"selector":{"id":"application-manageconditionprice-display-component---conditions--smartFilterBar-btnBasicSearch","interaction":{"idSuffix":"I"}},"wdio_ui5_key":"applicationmanageconditionprice-display-component---conditions--smartFilterBar-btnBasicSearch"}]}
RESULT: {"script":"<script> [1562 bytes]","args":[{"selector":{"id":"application-manageconditionprice-display-component---conditions--smartFilterBar-btnBasicSearch","interaction":{"idSuffix":"I"}},"wdio_ui5_key":"applicationmanageconditionprice-display-component---conditions--smartFilterBar-btnBasicSearch"}]}
RESULT: undefined
COMMAND: POST /session/b9718e1e48867b0fba4e39bd9ed4a756/execute/async - {"script":"<script> [776 bytes]","args":[{"enterText":"FMLBezNP2U","selector":{"id":"application-manageconditionprice-display-component---conditions--smartFilterBar-btnBasicSearch","interaction":{"idSuffix":"I"}},"clearTextFirst":true,"interactionType":"ENTER_TEXT"}]}
RESULT: {"script":"<script> [776 bytes]","args":[{"enterText":"FMLBezNP2U","selector":{"id":"application-manageconditionprice-display-component---conditions--smartFilterBar-btnBasicSearch","interaction":{"idSuffix":"I"}},"clearTextFirst":true,"interactionType":"ENTER_TEXT"}]}
COMMAND: POST /session/b9718e1e48867b0fba4e39bd9ed4a756/actions - {"actions":[{"id":"action25","type":"key","parameters":{},"actions":[{"type":"keyDown","value":"î€‡"},{"type":"pause","duration":10},{"type":"keyUp","value":"î€‡"}]}]}
RESULT: {"actions":[{"id":"action25","type":"key","parameters":{},"actions":[{"type":"keyDown","value":"î€‡"},{"type":"pause","duration":10},{"type":"keyUp","value":"î€‡"}]}]}
COMMAND: GET /session/b9718e1e48867b0fba4e39bd9ed4a756/screenshot - {}
RESULT: {}
COMMAND: POST /session/b9718e1e48867b0fba4e39bd9ed4a756/execute/async - {"script":"<script> [1562 bytes]","args":[{"selector":{"id":"application-manageconditionprice-display-component---conditions--smartFilterBar-filterItemControl_BASIC-BILL_TYPES-vhi"},"wdio_ui5_key":"applicationmanageconditionprice-display-component---conditions--smartFilterBar-filterItemControl_BASIC-BILL_TYPES-vhi"}]}
RESULT: {"script":"<script> [1562 bytes]","args":[{"selector":{"id":"application-manageconditionprice-display-component---conditions--smartFilterBar-filterItemControl_BASIC-BILL_TYPES-vhi"},"wdio_ui5_key":"applicationmanageconditionprice-display-component---conditions--smartFilterBar-filterItemControl_BASIC-BILL_TYPES-vhi"}]}
RESULT: undefined
COMMAND: POST /session/b9718e1e48867b0fba4e39bd9ed4a756/element - {"using":"xpath","value":"//*[@id=\"application-manageconditionprice-display-component---conditions--smartFilterBar-filterItemControl_BASIC-BILL_TYPES-vhi\"]"}
RESULT: {"using":"xpath","value":"//*[@id=\"application-manageconditionprice-display-component---conditions--smartFilterBar-filterItemControl_BASIC-BILL_TYPES-vhi\"]"}
COMMAND: POST /session/b9718e1e48867b0fba4e39bd9ed4a756/element/f.FE1DA32CFDBC8F8C890368A9A93AADEA.d.6F0E08AA8C02F791F275E146DDEDF47B.e.7260/click - {}
RESULT: {}
COMMAND: POST /session/b9718e1e48867b0fba4e39bd9ed4a756/execute/async - {"script":"<script> [1562 bytes]","args":[{"selector":{"id":"application-manageconditionprice-display-component---conditions--smartFilterBar-filterItemControl_BASIC-BILL_TYPES-valueHelpDialog-smartFilterBar-btnBasicSearch","searchOpenDialogs":true,"interaction":{"idSuffix":"I"}},"wdio_ui5_key":"applicationmanageconditionprice-display-component---conditions--smartFilterBar-filterItemControl_BASIC-BILL_TYPES-valueHelpDialog-smartFilterBar-btnBasicSearch"}]}
COMMAND: GET /session/b9718e1e48867b0fba4e39bd9ed4a756/screenshot - {}
RESULT: {"script":"<script> [1562 bytes]","args":[{"selector":{"id":"application-manageconditionprice-display-component---conditions--smartFilterBar-filterItemControl_BASIC-BILL_TYPES-valueHelpDialog-smartFilterBar-btnBasicSearch","searchOpenDialogs":true,"interaction":{"idSuffix":"I"}},"wdio_ui5_key":"applicationmanageconditionprice-display-component---conditions--smartFilterBar-filterItemControl_BASIC-BILL_TYPES-valueHelpDialog-smartFilterBar-btnBasicSearch"}]}
RESULT: undefined
COMMAND: POST /session/b9718e1e48867b0fba4e39bd9ed4a756/execute/async - {"script":"<script> [776 bytes]","args":[{"enterText":"one","selector":{"id":"application-manageconditionprice-display-component---conditions--smartFilterBar-filterItemControl_BASIC-BILL_TYPES-valueHelpDialog-smartFilterBar-btnBasicSearch","searchOpenDialogs":true,"interaction":{"idSuffix":"I"}},"clearTextFirst":true,"interactionType":"ENTER_TEXT"}]}
RESULT: {}
RESULT: {"script":"<script> [776 bytes]","args":[{"enterText":"one","selector":{"id":"application-manageconditionprice-display-component---conditions--smartFilterBar-filterItemControl_BASIC-BILL_TYPES-valueHelpDialog-smartFilterBar-btnBasicSearch","searchOpenDialogs":true,"interaction":{"idSuffix":"I"}},"clearTextFirst":true,"interactionType":"ENTER_TEXT"}]}
COMMAND: POST /session/b9718e1e48867b0fba4e39bd9ed4a756/actions - {"actions":[{"id":"action26","type":"key","parameters":{},"actions":[{"type":"keyDown","value":"î€‡"},{"type":"pause","duration":10},{"type":"keyUp","value":"î€‡"}]}]}
RESULT: {"actions":[{"id":"action26","type":"key","parameters":{},"actions":[{"type":"keyDown","value":"î€‡"},{"type":"pause","duration":10},{"type":"keyUp","value":"î€‡"}]}]}
COMMAND: GET /session/b9718e1e48867b0fba4e39bd9ed4a756/screenshot - {}
RESULT: {}
COMMAND: POST /session/b9718e1e48867b0fba4e39bd9ed4a756/element - {"using":"xpath","value":"//div[contains(@id, 'application-manageconditionprice-display-component---conditions--smartFilterBar-filterItemControl_BASIC-BILL_TYPES-valueHelpDialog-table-rowsel0')]"}
RESULT: {"using":"xpath","value":"//div[contains(@id, 'application-manageconditionprice-display-component---conditions--smartFilterBar-filterItemControl_BASIC-BILL_TYPES-valueHelpDialog-table-rowsel0')]"}
COMMAND: POST /session/b9718e1e48867b0fba4e39bd9ed4a756/element/f.FE1DA32CFDBC8F8C890368A9A93AADEA.d.6F0E08AA8C02F791F275E146DDEDF47B.e.7271/click - {}
RESULT: {}
COMMAND: GET /session/b9718e1e48867b0fba4e39bd9ed4a756/screenshot - {}
RESULT: {}
COMMAND: POST /session/b9718e1e48867b0fba4e39bd9ed4a756/element - {"using":"xpath","value":"//bdi[contains(text(), \"OK\")]"}
RESULT: {"using":"xpath","value":"//bdi[contains(text(), \"OK\")]"}
COMMAND: POST /session/b9718e1e48867b0fba4e39bd9ed4a756/element/f.FE1DA32CFDBC8F8C890368A9A93AADEA.d.6F0E08AA8C02F791F275E146DDEDF47B.e.7273/click - {}
RESULT: {}
COMMAND: GET /session/b9718e1e48867b0fba4e39bd9ed4a756/screenshot - {}
RESULT: {}
COMMAND: POST /session/b9718e1e48867b0fba4e39bd9ed4a756/element - {"using":"xpath","value":"//span[@id=\"application-manageconditionprice-display-component---conditions--smartTable-header-inner\"]"}
RESULT: {"using":"xpath","value":"//span[@id=\"application-manageconditionprice-display-component---conditions--smartTable-header-inner\"]"}
COMMAND: POST /session/b9718e1e48867b0fba4e39bd9ed4a756/elements - {"using":"xpath","value":"//span[@id=\"application-manageconditionprice-display-component---conditions--smartTable-header-inner\"]"}
RESULT: {"using":"xpath","value":"//span[@id=\"application-manageconditionprice-display-component---conditions--smartTable-header-inner\"]"}
COMMAND: POST /session/b9718e1e48867b0fba4e39bd9ed4a756/execute/sync - {"script":"<script> [56 bytes]","args":[{"element-6066-11e4-a52e-4f735466cecf":"f.FE1DA32CFDBC8F8C890368A9A93AADEA.d.6F0E08AA8C02F791F275E146DDEDF47B.e.7276","ELEMENT":"f.FE1DA32CFDBC8F8C890368A9A93AADEA.d.6F0E08AA8C02F791F275E146DDEDF47B.e.7276"}]}
RESULT: {"script":"<script> [56 bytes]","args":[{"element-6066-11e4-a52e-4f735466cecf":"f.FE1DA32CFDBC8F8C890368A9A93AADEA.d.6F0E08AA8C02F791F275E146DDEDF47B.e.7276","ELEMENT":"f.FE1DA32CFDBC8F8C890368A9A93AADEA.d.6F0E08AA8C02F791F275E146DDEDF47B.e.7276"}]}
COMMAND: POST /session/b9718e1e48867b0fba4e39bd9ed4a756/element - {"using":"css selector","value":"#shell-header-logo"}
COMMAND: GET /session/b9718e1e48867b0fba4e39bd9ed4a756/screenshot - {}
RESULT: {"using":"css selector","value":"#shell-header-logo"}
COMMAND: POST /session/b9718e1e48867b0fba4e39bd9ed4a756/element/f.FE1DA32CFDBC8F8C890368A9A93AADEA.d.6F0E08AA8C02F791F275E146DDEDF47B.e.6993/click - {}
RESULT: {}
RESULT: {}
COMMAND: GET /session/b9718e1e48867b0fba4e39bd9ed4a756/screenshot - {}
RESULT: {}
]]></system-out>
    </testcase>
    <testcase classname="chrome.136_0_7103_93.windows.Create_master_data_for_mixed_billing_&amp;_do_billing_calculation_US151661" name="Should add performance based condition" time="63.579">
      <system-out><![CDATA[
RESULT: undefined
COMMAND: POST /session/b9718e1e48867b0fba4e39bd9ed4a756/element - {"using":"xpath","value":"//*[@id=\"__tile93\"]"}
RESULT: {"using":"xpath","value":"//*[@id=\"__tile93\"]"}
COMMAND: POST /session/b9718e1e48867b0fba4e39bd9ed4a756/element/f.FE1DA32CFDBC8F8C890368A9A93AADEA.d.6F0E08AA8C02F791F275E146DDEDF47B.e.6037/click - {}
RESULT: {}
COMMAND: GET /session/b9718e1e48867b0fba4e39bd9ed4a756/screenshot - {}
RESULT: {}
COMMAND: POST /session/b9718e1e48867b0fba4e39bd9ed4a756/elements - {"using":"xpath","value":"//span[text()='Error']"}
RESULT: {"using":"xpath","value":"//span[text()='Error']"}
COMMAND: POST /session/b9718e1e48867b0fba4e39bd9ed4a756/element - {"using":"xpath","value":"//button[@aria-label=\"Create\"]"}
RESULT: {"using":"xpath","value":"//button[@aria-label=\"Create\"]"}
COMMAND: POST /session/b9718e1e48867b0fba4e39bd9ed4a756/elements - {"using":"xpath","value":"//button[@aria-label=\"Create\"]"}
RESULT: {"using":"xpath","value":"//button[@aria-label=\"Create\"]"}
COMMAND: POST /session/b9718e1e48867b0fba4e39bd9ed4a756/execute/sync - {"script":"<script> [8489 bytes]","args":[{"element-6066-11e4-a52e-4f735466cecf":"f.FE1DA32CFDBC8F8C890368A9A93AADEA.d.6F0E08AA8C02F791F275E146DDEDF47B.e.7318","ELEMENT":"f.FE1DA32CFDBC8F8C890368A9A93AADEA.d.6F0E08AA8C02F791F275E146DDEDF47B.e.7318"}]}
RESULT: {"script":"<script> [8489 bytes]","args":[{"element-6066-11e4-a52e-4f735466cecf":"f.FE1DA32CFDBC8F8C890368A9A93AADEA.d.6F0E08AA8C02F791F275E146DDEDF47B.e.7318","ELEMENT":"f.FE1DA32CFDBC8F8C890368A9A93AADEA.d.6F0E08AA8C02F791F275E146DDEDF47B.e.7318"}]}
COMMAND: GET /session/b9718e1e48867b0fba4e39bd9ed4a756/element/f.FE1DA32CFDBC8F8C890368A9A93AADEA.d.6F0E08AA8C02F791F275E146DDEDF47B.e.7318/enabled - {}
COMMAND: GET /session/b9718e1e48867b0fba4e39bd9ed4a756/screenshot - {}
RESULT: {}
COMMAND: POST /session/b9718e1e48867b0fba4e39bd9ed4a756/execute/sync - {"script":"<script> [8489 bytes]","args":[{"element-6066-11e4-a52e-4f735466cecf":"f.FE1DA32CFDBC8F8C890368A9A93AADEA.d.6F0E08AA8C02F791F275E146DDEDF47B.e.7318","ELEMENT":"f.FE1DA32CFDBC8F8C890368A9A93AADEA.d.6F0E08AA8C02F791F275E146DDEDF47B.e.7318"}]}
COMMAND: GET /session/b9718e1e48867b0fba4e39bd9ed4a756/screenshot - {}
RESULT: {}
RESULT: {"script":"<script> [8489 bytes]","args":[{"element-6066-11e4-a52e-4f735466cecf":"f.FE1DA32CFDBC8F8C890368A9A93AADEA.d.6F0E08AA8C02F791F275E146DDEDF47B.e.7318","ELEMENT":"f.FE1DA32CFDBC8F8C890368A9A93AADEA.d.6F0E08AA8C02F791F275E146DDEDF47B.e.7318"}]}
COMMAND: POST /session/b9718e1e48867b0fba4e39bd9ed4a756/execute/sync - {"script":"<script> [5351 bytes]","args":[{"element-6066-11e4-a52e-4f735466cecf":"f.FE1DA32CFDBC8F8C890368A9A93AADEA.d.6F0E08AA8C02F791F275E146DDEDF47B.e.7318","ELEMENT":"f.FE1DA32CFDBC8F8C890368A9A93AADEA.d.6F0E08AA8C02F791F275E146DDEDF47B.e.7318"}]}
COMMAND: GET /session/b9718e1e48867b0fba4e39bd9ed4a756/screenshot - {}
RESULT: {}
RESULT: {"script":"<script> [5351 bytes]","args":[{"element-6066-11e4-a52e-4f735466cecf":"f.FE1DA32CFDBC8F8C890368A9A93AADEA.d.6F0E08AA8C02F791F275E146DDEDF47B.e.7318","ELEMENT":"f.FE1DA32CFDBC8F8C890368A9A93AADEA.d.6F0E08AA8C02F791F275E146DDEDF47B.e.7318"}]}
COMMAND: POST /session/b9718e1e48867b0fba4e39bd9ed4a756/element/f.FE1DA32CFDBC8F8C890368A9A93AADEA.d.6F0E08AA8C02F791F275E146DDEDF47B.e.7318/click - {}
COMMAND: GET /session/b9718e1e48867b0fba4e39bd9ed4a756/screenshot - {}
RESULT: {}
RESULT: {}
COMMAND: GET /session/b9718e1e48867b0fba4e39bd9ed4a756/screenshot - {}
RESULT: {}
RESULT: {}
COMMAND: POST /session/b9718e1e48867b0fba4e39bd9ed4a756/actions - {"actions":[{"id":"action27","type":"key","parameters":{},"actions":[{"type":"keyDown","value":"î€‡"},{"type":"pause","duration":10},{"type":"keyUp","value":"î€‡"}]}]}
RESULT: {"actions":[{"id":"action27","type":"key","parameters":{},"actions":[{"type":"keyDown","value":"î€‡"},{"type":"pause","duration":10},{"type":"keyUp","value":"î€‡"}]}]}
COMMAND: GET /session/b9718e1e48867b0fba4e39bd9ed4a756/screenshot - {}
RESULT: undefined
COMMAND: POST /session/b9718e1e48867b0fba4e39bd9ed4a756/element - {"using":"xpath","value":"//*[@id=\"application-manageconditionprice-display-component---newCondition--condBillCond-arrow\"]"}
RESULT: {}
RESULT: {"using":"xpath","value":"//*[@id=\"application-manageconditionprice-display-component---newCondition--condBillCond-arrow\"]"}
COMMAND: POST /session/b9718e1e48867b0fba4e39bd9ed4a756/element/f.FE1DA32CFDBC8F8C890368A9A93AADEA.d.6F0E08AA8C02F791F275E146DDEDF47B.e.7791/click - {}
RESULT: {}
COMMAND: GET /session/b9718e1e48867b0fba4e39bd9ed4a756/screenshot - {}
RESULT: {}
COMMAND: POST /session/b9718e1e48867b0fba4e39bd9ed4a756/element - {"using":"xpath","value":"//li[.//span[contains(text(), \"PC06 - Performance Price - fuel\")]]"}
RESULT: {"using":"xpath","value":"//li[.//span[contains(text(), \"PC06 - Performance Price - fuel\")]]"}
COMMAND: POST /session/b9718e1e48867b0fba4e39bd9ed4a756/element/f.FE1DA32CFDBC8F8C890368A9A93AADEA.d.6F0E08AA8C02F791F275E146DDEDF47B.e.7794/click - {}
RESULT: {}
COMMAND: GET /session/b9718e1e48867b0fba4e39bd9ed4a756/screenshot - {}
RESULT: {}
RESULT: undefined
COMMAND: POST /session/b9718e1e48867b0fba4e39bd9ed4a756/execute/async - {"script":"<script> [776 bytes]","args":[{"enterText":"1/17/26","selector":{"id":"application-manageconditionprice-display-component---newCondition--condValidTo","interaction":{"idSuffix":"inner"}},"clearTextFirst":true,"interactionType":"ENTER_TEXT"}]}
RESULT: {"script":"<script> [776 bytes]","args":[{"enterText":"1/17/26","selector":{"id":"application-manageconditionprice-display-component---newCondition--condValidTo","interaction":{"idSuffix":"inner"}},"clearTextFirst":true,"interactionType":"ENTER_TEXT"}]}
COMMAND: POST /session/b9718e1e48867b0fba4e39bd9ed4a756/element - {"using":"xpath","value":"//input[@id=\"application-manageconditionprice-display-component---newCondition--condRU-inner\"]"}
RESULT: {"using":"xpath","value":"//input[@id=\"application-manageconditionprice-display-component---newCondition--condRU-inner\"]"}
COMMAND: POST /session/b9718e1e48867b0fba4e39bd9ed4a756/element/f.FE1DA32CFDBC8F8C890368A9A93AADEA.d.6F0E08AA8C02F791F275E146DDEDF47B.e.7519/clear - {}
RESULT: {}
COMMAND: POST /session/b9718e1e48867b0fba4e39bd9ed4a756/element/f.FE1DA32CFDBC8F8C890368A9A93AADEA.d.6F0E08AA8C02F791F275E146DDEDF47B.e.7519/value - {"text":"FMLBezNP2U"}
COMMAND: GET /session/b9718e1e48867b0fba4e39bd9ed4a756/screenshot - {}
RESULT: {"text":"FMLBezNP2U"}
COMMAND: GET /session/b9718e1e48867b0fba4e39bd9ed4a756/screenshot - {}
RESULT: {}
RESULT: {}
COMMAND: POST /session/b9718e1e48867b0fba4e39bd9ed4a756/actions - {"actions":[{"id":"action28","type":"key","parameters":{},"actions":[{"type":"keyDown","value":"î€‡"},{"type":"pause","duration":10},{"type":"keyUp","value":"î€‡"}]}]}
RESULT: {"actions":[{"id":"action28","type":"key","parameters":{},"actions":[{"type":"keyDown","value":"î€‡"},{"type":"pause","duration":10},{"type":"keyUp","value":"î€‡"}]}]}
RESULT: undefined
COMMAND: POST /session/b9718e1e48867b0fba4e39bd9ed4a756/execute/async - {"script":"<script> [776 bytes]","args":[{"enterText":"1","selector":{"id":"application-manageconditionprice-display-component---newCondition--condBaseQty","interaction":{"idSuffix":"inner"}},"clearTextFirst":true,"interactionType":"ENTER_TEXT"}]}
COMMAND: GET /session/b9718e1e48867b0fba4e39bd9ed4a756/screenshot - {}
RESULT: {"script":"<script> [776 bytes]","args":[{"enterText":"1","selector":{"id":"application-manageconditionprice-display-component---newCondition--condBaseQty","interaction":{"idSuffix":"inner"}},"clearTextFirst":true,"interactionType":"ENTER_TEXT"}]}
RESULT: undefined
COMMAND: POST /session/b9718e1e48867b0fba4e39bd9ed4a756/execute/async - {"script":"<script> [776 bytes]","args":[{"enterText":"10","selector":{"id":"application-manageconditionprice-display-component---newCondition--condValue","interaction":{"idSuffix":"inner"}},"clearTextFirst":true,"interactionType":"ENTER_TEXT"}]}
RESULT: {}
RESULT: {"script":"<script> [776 bytes]","args":[{"enterText":"10","selector":{"id":"application-manageconditionprice-display-component---newCondition--condValue","interaction":{"idSuffix":"inner"}},"clearTextFirst":true,"interactionType":"ENTER_TEXT"}]}
RESULT: undefined
COMMAND: POST /session/b9718e1e48867b0fba4e39bd9ed4a756/element - {"using":"xpath","value":"//*[@id=\"application-manageconditionprice-display-component---newCondition--condCurr-arrow\"]"}
RESULT: {"using":"xpath","value":"//*[@id=\"application-manageconditionprice-display-component---newCondition--condCurr-arrow\"]"}
COMMAND: POST /session/b9718e1e48867b0fba4e39bd9ed4a756/element/f.FE1DA32CFDBC8F8C890368A9A93AADEA.d.6F0E08AA8C02F791F275E146DDEDF47B.e.7744/click - {}
RESULT: {}
COMMAND: POST /session/b9718e1e48867b0fba4e39bd9ed4a756/element - {"using":"xpath","value":"//span[contains(text(), \"Euro\")]"}
COMMAND: GET /session/b9718e1e48867b0fba4e39bd9ed4a756/screenshot - {}
RESULT: {"using":"xpath","value":"//span[contains(text(), \"Euro\")]"}
COMMAND: POST /session/b9718e1e48867b0fba4e39bd9ed4a756/element/f.FE1DA32CFDBC8F8C890368A9A93AADEA.d.6F0E08AA8C02F791F275E146DDEDF47B.e.7827/click - {}
RESULT: {}
RESULT: {}
COMMAND: POST /session/b9718e1e48867b0fba4e39bd9ed4a756/element - {"using":"xpath","value":"//button[@data-kt=\"saveButton\"]"}
COMMAND: GET /session/b9718e1e48867b0fba4e39bd9ed4a756/screenshot - {}
RESULT: {"using":"xpath","value":"//button[@data-kt=\"saveButton\"]"}
COMMAND: POST /session/b9718e1e48867b0fba4e39bd9ed4a756/element/f.FE1DA32CFDBC8F8C890368A9A93AADEA.d.6F0E08AA8C02F791F275E146DDEDF47B.e.7745/click - {}
RESULT: {}
RESULT: {}
COMMAND: GET /session/b9718e1e48867b0fba4e39bd9ed4a756/screenshot - {}
RESULT: {}
RESULT: undefined
COMMAND: POST /session/b9718e1e48867b0fba4e39bd9ed4a756/execute/async - {"script":"<script> [776 bytes]","args":[{"enterText":"FMLBezNP2U","selector":{"id":"application-manageconditionprice-display-component---conditions--smartFilterBar-btnBasicSearch","interaction":{"idSuffix":"I"}},"clearTextFirst":true,"interactionType":"ENTER_TEXT"}]}
RESULT: {"script":"<script> [776 bytes]","args":[{"enterText":"FMLBezNP2U","selector":{"id":"application-manageconditionprice-display-component---conditions--smartFilterBar-btnBasicSearch","interaction":{"idSuffix":"I"}},"clearTextFirst":true,"interactionType":"ENTER_TEXT"}]}
COMMAND: POST /session/b9718e1e48867b0fba4e39bd9ed4a756/actions - {"actions":[{"id":"action29","type":"key","parameters":{},"actions":[{"type":"keyDown","value":"î€‡"},{"type":"pause","duration":10},{"type":"keyUp","value":"î€‡"}]}]}
RESULT: {"actions":[{"id":"action29","type":"key","parameters":{},"actions":[{"type":"keyDown","value":"î€‡"},{"type":"pause","duration":10},{"type":"keyUp","value":"î€‡"}]}]}
COMMAND: GET /session/b9718e1e48867b0fba4e39bd9ed4a756/screenshot - {}
RESULT: {}
RESULT: undefined
COMMAND: POST /session/b9718e1e48867b0fba4e39bd9ed4a756/element - {"using":"xpath","value":"//*[@id=\"application-manageconditionprice-display-component---conditions--smartFilterBar-filterItemControl_BASIC-BILL_TYPES-vhi\"]"}
RESULT: {"using":"xpath","value":"//*[@id=\"application-manageconditionprice-display-component---conditions--smartFilterBar-filterItemControl_BASIC-BILL_TYPES-vhi\"]"}
COMMAND: POST /session/b9718e1e48867b0fba4e39bd9ed4a756/element/f.FE1DA32CFDBC8F8C890368A9A93AADEA.d.6F0E08AA8C02F791F275E146DDEDF47B.e.8079/click - {}
RESULT: {}
RESULT: undefined
COMMAND: POST /session/b9718e1e48867b0fba4e39bd9ed4a756/execute/async - {"script":"<script> [776 bytes]","args":[{"enterText":"PB","selector":{"id":"application-manageconditionprice-display-component---conditions--smartFilterBar-filterItemControl_BASIC-BILL_TYPES-valueHelpDialog-smartFilterBar-btnBasicSearch","searchOpenDialogs":true,"interaction":{"idSuffix":"I"}},"clearTextFirst":true,"interactionType":"ENTER_TEXT"}]}
COMMAND: GET /session/b9718e1e48867b0fba4e39bd9ed4a756/screenshot - {}
RESULT: {"script":"<script> [776 bytes]","args":[{"enterText":"PB","selector":{"id":"application-manageconditionprice-display-component---conditions--smartFilterBar-filterItemControl_BASIC-BILL_TYPES-valueHelpDialog-smartFilterBar-btnBasicSearch","searchOpenDialogs":true,"interaction":{"idSuffix":"I"}},"clearTextFirst":true,"interactionType":"ENTER_TEXT"}]}
COMMAND: POST /session/b9718e1e48867b0fba4e39bd9ed4a756/actions - {"actions":[{"id":"action30","type":"key","parameters":{},"actions":[{"type":"keyDown","value":"î€‡"},{"type":"pause","duration":10},{"type":"keyUp","value":"î€‡"}]}]}
RESULT: {}
RESULT: {"actions":[{"id":"action30","type":"key","parameters":{},"actions":[{"type":"keyDown","value":"î€‡"},{"type":"pause","duration":10},{"type":"keyUp","value":"î€‡"}]}]}
COMMAND: GET /session/b9718e1e48867b0fba4e39bd9ed4a756/screenshot - {}
RESULT: {}
COMMAND: POST /session/b9718e1e48867b0fba4e39bd9ed4a756/element - {"using":"xpath","value":"//div[contains(@id, 'application-manageconditionprice-display-component---conditions--smartFilterBar-filterItemControl_BASIC-BILL_TYPES-valueHelpDialog-table-rowsel0')]"}
RESULT: {"using":"xpath","value":"//div[contains(@id, 'application-manageconditionprice-display-component---conditions--smartFilterBar-filterItemControl_BASIC-BILL_TYPES-valueHelpDialog-table-rowsel0')]"}
COMMAND: POST /session/b9718e1e48867b0fba4e39bd9ed4a756/element/f.FE1DA32CFDBC8F8C890368A9A93AADEA.d.6F0E08AA8C02F791F275E146DDEDF47B.e.8088/click - {}
RESULT: {}
COMMAND: GET /session/b9718e1e48867b0fba4e39bd9ed4a756/screenshot - {}
RESULT: {}
COMMAND: POST /session/b9718e1e48867b0fba4e39bd9ed4a756/element - {"using":"xpath","value":"//bdi[contains(text(), \"OK\")]"}
RESULT: {"using":"xpath","value":"//bdi[contains(text(), \"OK\")]"}
COMMAND: POST /session/b9718e1e48867b0fba4e39bd9ed4a756/element/f.FE1DA32CFDBC8F8C890368A9A93AADEA.d.6F0E08AA8C02F791F275E146DDEDF47B.e.8090/click - {}
RESULT: {}
COMMAND: GET /session/b9718e1e48867b0fba4e39bd9ed4a756/screenshot - {}
RESULT: {}
COMMAND: POST /session/b9718e1e48867b0fba4e39bd9ed4a756/element - {"using":"xpath","value":"//span[@id=\"application-manageconditionprice-display-component---conditions--smartTable-header-inner\"]"}
RESULT: {"using":"xpath","value":"//span[@id=\"application-manageconditionprice-display-component---conditions--smartTable-header-inner\"]"}
COMMAND: POST /session/b9718e1e48867b0fba4e39bd9ed4a756/elements - {"using":"xpath","value":"//span[@id=\"application-manageconditionprice-display-component---conditions--smartTable-header-inner\"]"}
RESULT: {"using":"xpath","value":"//span[@id=\"application-manageconditionprice-display-component---conditions--smartTable-header-inner\"]"}
COMMAND: POST /session/b9718e1e48867b0fba4e39bd9ed4a756/execute/sync - {"script":"<script> [56 bytes]","args":[{"element-6066-11e4-a52e-4f735466cecf":"f.FE1DA32CFDBC8F8C890368A9A93AADEA.d.6F0E08AA8C02F791F275E146DDEDF47B.e.8093","ELEMENT":"f.FE1DA32CFDBC8F8C890368A9A93AADEA.d.6F0E08AA8C02F791F275E146DDEDF47B.e.8093"}]}
RESULT: {"script":"<script> [56 bytes]","args":[{"element-6066-11e4-a52e-4f735466cecf":"f.FE1DA32CFDBC8F8C890368A9A93AADEA.d.6F0E08AA8C02F791F275E146DDEDF47B.e.8093","ELEMENT":"f.FE1DA32CFDBC8F8C890368A9A93AADEA.d.6F0E08AA8C02F791F275E146DDEDF47B.e.8093"}]}
COMMAND: POST /session/b9718e1e48867b0fba4e39bd9ed4a756/element - {"using":"css selector","value":"#shell-header-logo"}
COMMAND: GET /session/b9718e1e48867b0fba4e39bd9ed4a756/screenshot - {}
RESULT: {"using":"css selector","value":"#shell-header-logo"}
COMMAND: POST /session/b9718e1e48867b0fba4e39bd9ed4a756/element/f.FE1DA32CFDBC8F8C890368A9A93AADEA.d.6F0E08AA8C02F791F275E146DDEDF47B.e.7284/click - {}
RESULT: {}
RESULT: {}
COMMAND: GET /session/b9718e1e48867b0fba4e39bd9ed4a756/screenshot - {}
RESULT: {}
]]></system-out>
    </testcase>
    <testcase classname="chrome.136_0_7103_93.windows.Create_master_data_for_mixed_billing_&amp;_do_billing_calculation_US151661" name="Should add time based condition" time="77.49">
      <system-out><![CDATA[
RESULT: undefined
COMMAND: POST /session/b9718e1e48867b0fba4e39bd9ed4a756/element - {"using":"xpath","value":"//*[@id=\"__tile93\"]"}
RESULT: {"using":"xpath","value":"//*[@id=\"__tile93\"]"}
COMMAND: POST /session/b9718e1e48867b0fba4e39bd9ed4a756/element/f.FE1DA32CFDBC8F8C890368A9A93AADEA.d.6F0E08AA8C02F791F275E146DDEDF47B.e.6037/click - {}
RESULT: {}
COMMAND: GET /session/b9718e1e48867b0fba4e39bd9ed4a756/screenshot - {}
COMMAND: POST /session/b9718e1e48867b0fba4e39bd9ed4a756/elements - {"using":"xpath","value":"//span[text()='Error']"}
RESULT: {}
RESULT: {"using":"xpath","value":"//span[text()='Error']"}
COMMAND: POST /session/b9718e1e48867b0fba4e39bd9ed4a756/element - {"using":"xpath","value":"//button[@aria-label=\"Create\"]"}
RESULT: {"using":"xpath","value":"//button[@aria-label=\"Create\"]"}
COMMAND: POST /session/b9718e1e48867b0fba4e39bd9ed4a756/elements - {"using":"xpath","value":"//button[@aria-label=\"Create\"]"}
RESULT: {"using":"xpath","value":"//button[@aria-label=\"Create\"]"}
COMMAND: POST /session/b9718e1e48867b0fba4e39bd9ed4a756/execute/sync - {"script":"<script> [8489 bytes]","args":[{"element-6066-11e4-a52e-4f735466cecf":"f.FE1DA32CFDBC8F8C890368A9A93AADEA.d.6F0E08AA8C02F791F275E146DDEDF47B.e.8132","ELEMENT":"f.FE1DA32CFDBC8F8C890368A9A93AADEA.d.6F0E08AA8C02F791F275E146DDEDF47B.e.8132"}]}
RESULT: {"script":"<script> [8489 bytes]","args":[{"element-6066-11e4-a52e-4f735466cecf":"f.FE1DA32CFDBC8F8C890368A9A93AADEA.d.6F0E08AA8C02F791F275E146DDEDF47B.e.8132","ELEMENT":"f.FE1DA32CFDBC8F8C890368A9A93AADEA.d.6F0E08AA8C02F791F275E146DDEDF47B.e.8132"}]}
COMMAND: GET /session/b9718e1e48867b0fba4e39bd9ed4a756/element/f.FE1DA32CFDBC8F8C890368A9A93AADEA.d.6F0E08AA8C02F791F275E146DDEDF47B.e.8132/enabled - {}
COMMAND: GET /session/b9718e1e48867b0fba4e39bd9ed4a756/screenshot - {}
RESULT: {}
COMMAND: POST /session/b9718e1e48867b0fba4e39bd9ed4a756/execute/sync - {"script":"<script> [8489 bytes]","args":[{"element-6066-11e4-a52e-4f735466cecf":"f.FE1DA32CFDBC8F8C890368A9A93AADEA.d.6F0E08AA8C02F791F275E146DDEDF47B.e.8132","ELEMENT":"f.FE1DA32CFDBC8F8C890368A9A93AADEA.d.6F0E08AA8C02F791F275E146DDEDF47B.e.8132"}]}
COMMAND: GET /session/b9718e1e48867b0fba4e39bd9ed4a756/screenshot - {}
RESULT: {}
RESULT: {"script":"<script> [8489 bytes]","args":[{"element-6066-11e4-a52e-4f735466cecf":"f.FE1DA32CFDBC8F8C890368A9A93AADEA.d.6F0E08AA8C02F791F275E146DDEDF47B.e.8132","ELEMENT":"f.FE1DA32CFDBC8F8C890368A9A93AADEA.d.6F0E08AA8C02F791F275E146DDEDF47B.e.8132"}]}
COMMAND: POST /session/b9718e1e48867b0fba4e39bd9ed4a756/execute/sync - {"script":"<script> [5351 bytes]","args":[{"element-6066-11e4-a52e-4f735466cecf":"f.FE1DA32CFDBC8F8C890368A9A93AADEA.d.6F0E08AA8C02F791F275E146DDEDF47B.e.8132","ELEMENT":"f.FE1DA32CFDBC8F8C890368A9A93AADEA.d.6F0E08AA8C02F791F275E146DDEDF47B.e.8132"}]}
COMMAND: GET /session/b9718e1e48867b0fba4e39bd9ed4a756/screenshot - {}
RESULT: {}
RESULT: {"script":"<script> [5351 bytes]","args":[{"element-6066-11e4-a52e-4f735466cecf":"f.FE1DA32CFDBC8F8C890368A9A93AADEA.d.6F0E08AA8C02F791F275E146DDEDF47B.e.8132","ELEMENT":"f.FE1DA32CFDBC8F8C890368A9A93AADEA.d.6F0E08AA8C02F791F275E146DDEDF47B.e.8132"}]}
COMMAND: POST /session/b9718e1e48867b0fba4e39bd9ed4a756/element/f.FE1DA32CFDBC8F8C890368A9A93AADEA.d.6F0E08AA8C02F791F275E146DDEDF47B.e.8132/click - {}
COMMAND: GET /session/b9718e1e48867b0fba4e39bd9ed4a756/screenshot - {}
RESULT: {}
RESULT: {}
COMMAND: GET /session/b9718e1e48867b0fba4e39bd9ed4a756/screenshot - {}
RESULT: {}
RESULT: {}
COMMAND: POST /session/b9718e1e48867b0fba4e39bd9ed4a756/actions - {"actions":[{"id":"action31","type":"key","parameters":{},"actions":[{"type":"keyDown","value":"î€‡"},{"type":"pause","duration":10},{"type":"keyUp","value":"î€‡"}]}]}
RESULT: {"actions":[{"id":"action31","type":"key","parameters":{},"actions":[{"type":"keyDown","value":"î€‡"},{"type":"pause","duration":10},{"type":"keyUp","value":"î€‡"}]}]}
COMMAND: GET /session/b9718e1e48867b0fba4e39bd9ed4a756/screenshot - {}
RESULT: undefined
COMMAND: POST /session/b9718e1e48867b0fba4e39bd9ed4a756/element - {"using":"xpath","value":"//*[@id=\"application-manageconditionprice-display-component---newCondition--condBillCond-arrow\"]"}
RESULT: {}
RESULT: {"using":"xpath","value":"//*[@id=\"application-manageconditionprice-display-component---newCondition--condBillCond-arrow\"]"}
COMMAND: POST /session/b9718e1e48867b0fba4e39bd9ed4a756/element/f.FE1DA32CFDBC8F8C890368A9A93AADEA.d.6F0E08AA8C02F791F275E146DDEDF47B.e.8614/click - {}
RESULT: {}
COMMAND: GET /session/b9718e1e48867b0fba4e39bd9ed4a756/screenshot - {}
RESULT: {}
COMMAND: POST /session/b9718e1e48867b0fba4e39bd9ed4a756/element - {"using":"xpath","value":"//li[.//span[contains(text(), \"DISP - D&I special price\")]]"}
RESULT: {"using":"xpath","value":"//li[.//span[contains(text(), \"DISP - D&I special price\")]]"}
COMMAND: POST /session/b9718e1e48867b0fba4e39bd9ed4a756/element/f.FE1DA32CFDBC8F8C890368A9A93AADEA.d.6F0E08AA8C02F791F275E146DDEDF47B.e.8617/click - {}
RESULT: {}
COMMAND: GET /session/b9718e1e48867b0fba4e39bd9ed4a756/screenshot - {}
RESULT: {}
RESULT: undefined
COMMAND: POST /session/b9718e1e48867b0fba4e39bd9ed4a756/execute/async - {"script":"<script> [776 bytes]","args":[{"enterText":"1/17/26","selector":{"id":"application-manageconditionprice-display-component---newCondition--condValidTo","interaction":{"idSuffix":"inner"}},"clearTextFirst":true,"interactionType":"ENTER_TEXT"}]}
RESULT: {"script":"<script> [776 bytes]","args":[{"enterText":"1/17/26","selector":{"id":"application-manageconditionprice-display-component---newCondition--condValidTo","interaction":{"idSuffix":"inner"}},"clearTextFirst":true,"interactionType":"ENTER_TEXT"}]}
COMMAND: POST /session/b9718e1e48867b0fba4e39bd9ed4a756/element - {"using":"xpath","value":"//input[@id=\"application-manageconditionprice-display-component---newCondition--condRU-inner\"]"}
RESULT: {"using":"xpath","value":"//input[@id=\"application-manageconditionprice-display-component---newCondition--condRU-inner\"]"}
COMMAND: POST /session/b9718e1e48867b0fba4e39bd9ed4a756/element/f.FE1DA32CFDBC8F8C890368A9A93AADEA.d.6F0E08AA8C02F791F275E146DDEDF47B.e.8333/clear - {}
RESULT: {}
COMMAND: POST /session/b9718e1e48867b0fba4e39bd9ed4a756/element/f.FE1DA32CFDBC8F8C890368A9A93AADEA.d.6F0E08AA8C02F791F275E146DDEDF47B.e.8333/value - {"text":"FMLBezNP2U"}
COMMAND: GET /session/b9718e1e48867b0fba4e39bd9ed4a756/screenshot - {}
RESULT: {"text":"FMLBezNP2U"}
COMMAND: GET /session/b9718e1e48867b0fba4e39bd9ed4a756/screenshot - {}
RESULT: {}
RESULT: {}
COMMAND: POST /session/b9718e1e48867b0fba4e39bd9ed4a756/actions - {"actions":[{"id":"action32","type":"key","parameters":{},"actions":[{"type":"keyDown","value":"î€‡"},{"type":"pause","duration":10},{"type":"keyUp","value":"î€‡"}]}]}
RESULT: {"actions":[{"id":"action32","type":"key","parameters":{},"actions":[{"type":"keyDown","value":"î€‡"},{"type":"pause","duration":10},{"type":"keyUp","value":"î€‡"}]}]}
RESULT: undefined
COMMAND: POST /session/b9718e1e48867b0fba4e39bd9ed4a756/execute/async - {"script":"<script> [776 bytes]","args":[{"enterText":"1","selector":{"id":"application-manageconditionprice-display-component---newCondition--condBaseQty","interaction":{"idSuffix":"inner"}},"clearTextFirst":true,"interactionType":"ENTER_TEXT"}]}
COMMAND: GET /session/b9718e1e48867b0fba4e39bd9ed4a756/screenshot - {}
RESULT: {"script":"<script> [776 bytes]","args":[{"enterText":"1","selector":{"id":"application-manageconditionprice-display-component---newCondition--condBaseQty","interaction":{"idSuffix":"inner"}},"clearTextFirst":true,"interactionType":"ENTER_TEXT"}]}
RESULT: undefined
COMMAND: POST /session/b9718e1e48867b0fba4e39bd9ed4a756/execute/async - {"script":"<script> [776 bytes]","args":[{"enterText":"100","selector":{"id":"application-manageconditionprice-display-component---newCondition--condValue","interaction":{"idSuffix":"inner"}},"clearTextFirst":true,"interactionType":"ENTER_TEXT"}]}
RESULT: {}
RESULT: {"script":"<script> [776 bytes]","args":[{"enterText":"100","selector":{"id":"application-manageconditionprice-display-component---newCondition--condValue","interaction":{"idSuffix":"inner"}},"clearTextFirst":true,"interactionType":"ENTER_TEXT"}]}
RESULT: undefined
COMMAND: POST /session/b9718e1e48867b0fba4e39bd9ed4a756/element - {"using":"xpath","value":"//*[@id=\"application-manageconditionprice-display-component---newCondition--condCurr-arrow\"]"}
RESULT: {"using":"xpath","value":"//*[@id=\"application-manageconditionprice-display-component---newCondition--condCurr-arrow\"]"}
COMMAND: POST /session/b9718e1e48867b0fba4e39bd9ed4a756/element/f.FE1DA32CFDBC8F8C890368A9A93AADEA.d.6F0E08AA8C02F791F275E146DDEDF47B.e.8558/click - {}
RESULT: {}
COMMAND: POST /session/b9718e1e48867b0fba4e39bd9ed4a756/element - {"using":"xpath","value":"//span[contains(text(), \"Euro\")]"}
COMMAND: GET /session/b9718e1e48867b0fba4e39bd9ed4a756/screenshot - {}
RESULT: {"using":"xpath","value":"//span[contains(text(), \"Euro\")]"}
COMMAND: POST /session/b9718e1e48867b0fba4e39bd9ed4a756/element/f.FE1DA32CFDBC8F8C890368A9A93AADEA.d.6F0E08AA8C02F791F275E146DDEDF47B.e.8652/click - {}
RESULT: {}
RESULT: {}
COMMAND: POST /session/b9718e1e48867b0fba4e39bd9ed4a756/element - {"using":"xpath","value":"//button[@data-kt=\"saveButton\"]"}
COMMAND: GET /session/b9718e1e48867b0fba4e39bd9ed4a756/screenshot - {}
RESULT: {"using":"xpath","value":"//button[@data-kt=\"saveButton\"]"}
COMMAND: POST /session/b9718e1e48867b0fba4e39bd9ed4a756/element/f.FE1DA32CFDBC8F8C890368A9A93AADEA.d.6F0E08AA8C02F791F275E146DDEDF47B.e.8559/click - {}
RESULT: {}
RESULT: {}
COMMAND: GET /session/b9718e1e48867b0fba4e39bd9ed4a756/screenshot - {}
RESULT: {}
RESULT: undefined
COMMAND: POST /session/b9718e1e48867b0fba4e39bd9ed4a756/execute/async - {"script":"<script> [776 bytes]","args":[{"enterText":"FMLBezNP2U","selector":{"id":"application-manageconditionprice-display-component---conditions--smartFilterBar-btnBasicSearch","interaction":{"idSuffix":"I"}},"clearTextFirst":true,"interactionType":"ENTER_TEXT"}]}
RESULT: {"script":"<script> [776 bytes]","args":[{"enterText":"FMLBezNP2U","selector":{"id":"application-manageconditionprice-display-component---conditions--smartFilterBar-btnBasicSearch","interaction":{"idSuffix":"I"}},"clearTextFirst":true,"interactionType":"ENTER_TEXT"}]}
COMMAND: POST /session/b9718e1e48867b0fba4e39bd9ed4a756/actions - {"actions":[{"id":"action33","type":"key","parameters":{},"actions":[{"type":"keyDown","value":"î€‡"},{"type":"pause","duration":10},{"type":"keyUp","value":"î€‡"}]}]}
RESULT: {"actions":[{"id":"action33","type":"key","parameters":{},"actions":[{"type":"keyDown","value":"î€‡"},{"type":"pause","duration":10},{"type":"keyUp","value":"î€‡"}]}]}
COMMAND: GET /session/b9718e1e48867b0fba4e39bd9ed4a756/screenshot - {}
RESULT: {}
RESULT: undefined
COMMAND: POST /session/b9718e1e48867b0fba4e39bd9ed4a756/element - {"using":"xpath","value":"//*[@id=\"application-manageconditionprice-display-component---conditions--smartFilterBar-filterItemControl_BASIC-BILL_TYPES-vhi\"]"}
RESULT: {"using":"xpath","value":"//*[@id=\"application-manageconditionprice-display-component---conditions--smartFilterBar-filterItemControl_BASIC-BILL_TYPES-vhi\"]"}
COMMAND: POST /session/b9718e1e48867b0fba4e39bd9ed4a756/element/f.FE1DA32CFDBC8F8C890368A9A93AADEA.d.6F0E08AA8C02F791F275E146DDEDF47B.e.8879/click - {}
RESULT: {}
RESULT: undefined
COMMAND: POST /session/b9718e1e48867b0fba4e39bd9ed4a756/execute/async - {"script":"<script> [776 bytes]","args":[{"enterText":"TB","selector":{"id":"application-manageconditionprice-display-component---conditions--smartFilterBar-filterItemControl_BASIC-BILL_TYPES-valueHelpDialog-smartFilterBar-btnBasicSearch","searchOpenDialogs":true,"interaction":{"idSuffix":"I"}},"clearTextFirst":true,"interactionType":"ENTER_TEXT"}]}
COMMAND: GET /session/b9718e1e48867b0fba4e39bd9ed4a756/screenshot - {}
RESULT: {"script":"<script> [776 bytes]","args":[{"enterText":"TB","selector":{"id":"application-manageconditionprice-display-component---conditions--smartFilterBar-filterItemControl_BASIC-BILL_TYPES-valueHelpDialog-smartFilterBar-btnBasicSearch","searchOpenDialogs":true,"interaction":{"idSuffix":"I"}},"clearTextFirst":true,"interactionType":"ENTER_TEXT"}]}
COMMAND: POST /session/b9718e1e48867b0fba4e39bd9ed4a756/actions - {"actions":[{"id":"action34","type":"key","parameters":{},"actions":[{"type":"keyDown","value":"î€‡"},{"type":"pause","duration":10},{"type":"keyUp","value":"î€‡"}]}]}
RESULT: {}
RESULT: {"actions":[{"id":"action34","type":"key","parameters":{},"actions":[{"type":"keyDown","value":"î€‡"},{"type":"pause","duration":10},{"type":"keyUp","value":"î€‡"}]}]}
COMMAND: GET /session/b9718e1e48867b0fba4e39bd9ed4a756/screenshot - {}
RESULT: {}
COMMAND: POST /session/b9718e1e48867b0fba4e39bd9ed4a756/element - {"using":"xpath","value":"//div[contains(@id, 'application-manageconditionprice-display-component---conditions--smartFilterBar-filterItemControl_BASIC-BILL_TYPES-valueHelpDialog-table-rowsel0')]"}
RESULT: {"using":"xpath","value":"//div[contains(@id, 'application-manageconditionprice-display-component---conditions--smartFilterBar-filterItemControl_BASIC-BILL_TYPES-valueHelpDialog-table-rowsel0')]"}
COMMAND: POST /session/b9718e1e48867b0fba4e39bd9ed4a756/element/f.FE1DA32CFDBC8F8C890368A9A93AADEA.d.6F0E08AA8C02F791F275E146DDEDF47B.e.8887/click - {}
RESULT: {}
COMMAND: GET /session/b9718e1e48867b0fba4e39bd9ed4a756/screenshot - {}
RESULT: {}
COMMAND: POST /session/b9718e1e48867b0fba4e39bd9ed4a756/element - {"using":"xpath","value":"//bdi[contains(text(), \"OK\")]"}
RESULT: {"using":"xpath","value":"//bdi[contains(text(), \"OK\")]"}
COMMAND: POST /session/b9718e1e48867b0fba4e39bd9ed4a756/element/f.FE1DA32CFDBC8F8C890368A9A93AADEA.d.6F0E08AA8C02F791F275E146DDEDF47B.e.8889/click - {}
RESULT: {}
COMMAND: GET /session/b9718e1e48867b0fba4e39bd9ed4a756/screenshot - {}
RESULT: {}
COMMAND: POST /session/b9718e1e48867b0fba4e39bd9ed4a756/element - {"using":"xpath","value":"//span[@id=\"application-manageconditionprice-display-component---conditions--smartTable-header-inner\"]"}
RESULT: {"using":"xpath","value":"//span[@id=\"application-manageconditionprice-display-component---conditions--smartTable-header-inner\"]"}
COMMAND: POST /session/b9718e1e48867b0fba4e39bd9ed4a756/elements - {"using":"xpath","value":"//span[@id=\"application-manageconditionprice-display-component---conditions--smartTable-header-inner\"]"}
RESULT: {"using":"xpath","value":"//span[@id=\"application-manageconditionprice-display-component---conditions--smartTable-header-inner\"]"}
COMMAND: POST /session/b9718e1e48867b0fba4e39bd9ed4a756/execute/sync - {"script":"<script> [56 bytes]","args":[{"element-6066-11e4-a52e-4f735466cecf":"f.FE1DA32CFDBC8F8C890368A9A93AADEA.d.6F0E08AA8C02F791F275E146DDEDF47B.e.8926","ELEMENT":"f.FE1DA32CFDBC8F8C890368A9A93AADEA.d.6F0E08AA8C02F791F275E146DDEDF47B.e.8926"}]}
RESULT: {"script":"<script> [56 bytes]","args":[{"element-6066-11e4-a52e-4f735466cecf":"f.FE1DA32CFDBC8F8C890368A9A93AADEA.d.6F0E08AA8C02F791F275E146DDEDF47B.e.8926","ELEMENT":"f.FE1DA32CFDBC8F8C890368A9A93AADEA.d.6F0E08AA8C02F791F275E146DDEDF47B.e.8926"}]}
COMMAND: POST /session/b9718e1e48867b0fba4e39bd9ed4a756/element - {"using":"css selector","value":"#shell-header-logo"}
COMMAND: GET /session/b9718e1e48867b0fba4e39bd9ed4a756/screenshot - {}
RESULT: {"using":"css selector","value":"#shell-header-logo"}
COMMAND: POST /session/b9718e1e48867b0fba4e39bd9ed4a756/element/f.FE1DA32CFDBC8F8C890368A9A93AADEA.d.6F0E08AA8C02F791F275E146DDEDF47B.e.8098/click - {}
RESULT: {}
RESULT: {}
COMMAND: GET /session/b9718e1e48867b0fba4e39bd9ed4a756/screenshot - {}
RESULT: {}
]]></system-out>
    </testcase>
    <testcase classname="chrome.136_0_7103_93.windows.Create_master_data_for_mixed_billing_&amp;_do_billing_calculation_US151661" name="Should do a stock increase handover" time="90.782">
      <system-out><![CDATA[
COMMAND: POST /session/b9718e1e48867b0fba4e39bd9ed4a756/execute/async - {"script":"<script> [1562 bytes]","args":[{"selector":{"controlType":"sap.m.GenericTile","properties":{"header":"Manage Handovers"}},"wdio_ui5_key":"sapm.GenericTile{\"header\":\"Manage Handovers\"}"}]}
RESULT: {"script":"<script> [1562 bytes]","args":[{"selector":{"controlType":"sap.m.GenericTile","properties":{"header":"Manage Handovers"}},"wdio_ui5_key":"sapm.GenericTile{\"header\":\"Manage Handovers\"}"}]}
RESULT: undefined
COMMAND: POST /session/b9718e1e48867b0fba4e39bd9ed4a756/element - {"using":"xpath","value":"//*[@id=\"__tile132\"]"}
RESULT: {"using":"xpath","value":"//*[@id=\"__tile132\"]"}
COMMAND: POST /session/b9718e1e48867b0fba4e39bd9ed4a756/element/f.FE1DA32CFDBC8F8C890368A9A93AADEA.d.6F0E08AA8C02F791F275E146DDEDF47B.e.6001/click - {}
RESULT: {}
COMMAND: GET /session/b9718e1e48867b0fba4e39bd9ed4a756/screenshot - {}
RESULT: {}
COMMAND: POST /session/b9718e1e48867b0fba4e39bd9ed4a756/elements - {"using":"xpath","value":"//span[text()='Error']"}
RESULT: {"using":"xpath","value":"//span[text()='Error']"}
COMMAND: POST /session/b9718e1e48867b0fba4e39bd9ed4a756/element - {"using":"xpath","value":"//button[@data-kt=\"masterHOAddButton\"]"}
RESULT: {"using":"xpath","value":"//button[@data-kt=\"masterHOAddButton\"]"}
COMMAND: POST /session/b9718e1e48867b0fba4e39bd9ed4a756/elements - {"using":"xpath","value":"//button[@data-kt=\"masterHOAddButton\"]"}
RESULT: {"using":"xpath","value":"//button[@data-kt=\"masterHOAddButton\"]"}
COMMAND: POST /session/b9718e1e48867b0fba4e39bd9ed4a756/execute/sync - {"script":"<script> [8489 bytes]","args":[{"element-6066-11e4-a52e-4f735466cecf":"f.FE1DA32CFDBC8F8C890368A9A93AADEA.d.6F0E08AA8C02F791F275E146DDEDF47B.e.8970","ELEMENT":"f.FE1DA32CFDBC8F8C890368A9A93AADEA.d.6F0E08AA8C02F791F275E146DDEDF47B.e.8970"}]}
RESULT: {"script":"<script> [8489 bytes]","args":[{"element-6066-11e4-a52e-4f735466cecf":"f.FE1DA32CFDBC8F8C890368A9A93AADEA.d.6F0E08AA8C02F791F275E146DDEDF47B.e.8970","ELEMENT":"f.FE1DA32CFDBC8F8C890368A9A93AADEA.d.6F0E08AA8C02F791F275E146DDEDF47B.e.8970"}]}
COMMAND: GET /session/b9718e1e48867b0fba4e39bd9ed4a756/element/f.FE1DA32CFDBC8F8C890368A9A93AADEA.d.6F0E08AA8C02F791F275E146DDEDF47B.e.8970/enabled - {}
COMMAND: GET /session/b9718e1e48867b0fba4e39bd9ed4a756/screenshot - {}
RESULT: {}
COMMAND: POST /session/b9718e1e48867b0fba4e39bd9ed4a756/execute/sync - {"script":"<script> [8489 bytes]","args":[{"element-6066-11e4-a52e-4f735466cecf":"f.FE1DA32CFDBC8F8C890368A9A93AADEA.d.6F0E08AA8C02F791F275E146DDEDF47B.e.8970","ELEMENT":"f.FE1DA32CFDBC8F8C890368A9A93AADEA.d.6F0E08AA8C02F791F275E146DDEDF47B.e.8970"}]}
COMMAND: GET /session/b9718e1e48867b0fba4e39bd9ed4a756/screenshot - {}
RESULT: {}
RESULT: {"script":"<script> [8489 bytes]","args":[{"element-6066-11e4-a52e-4f735466cecf":"f.FE1DA32CFDBC8F8C890368A9A93AADEA.d.6F0E08AA8C02F791F275E146DDEDF47B.e.8970","ELEMENT":"f.FE1DA32CFDBC8F8C890368A9A93AADEA.d.6F0E08AA8C02F791F275E146DDEDF47B.e.8970"}]}
COMMAND: POST /session/b9718e1e48867b0fba4e39bd9ed4a756/execute/sync - {"script":"<script> [5351 bytes]","args":[{"element-6066-11e4-a52e-4f735466cecf":"f.FE1DA32CFDBC8F8C890368A9A93AADEA.d.6F0E08AA8C02F791F275E146DDEDF47B.e.8970","ELEMENT":"f.FE1DA32CFDBC8F8C890368A9A93AADEA.d.6F0E08AA8C02F791F275E146DDEDF47B.e.8970"}]}
COMMAND: GET /session/b9718e1e48867b0fba4e39bd9ed4a756/screenshot - {}
RESULT: {}
RESULT: {"script":"<script> [5351 bytes]","args":[{"element-6066-11e4-a52e-4f735466cecf":"f.FE1DA32CFDBC8F8C890368A9A93AADEA.d.6F0E08AA8C02F791F275E146DDEDF47B.e.8970","ELEMENT":"f.FE1DA32CFDBC8F8C890368A9A93AADEA.d.6F0E08AA8C02F791F275E146DDEDF47B.e.8970"}]}
COMMAND: POST /session/b9718e1e48867b0fba4e39bd9ed4a756/element/f.FE1DA32CFDBC8F8C890368A9A93AADEA.d.6F0E08AA8C02F791F275E146DDEDF47B.e.8970/click - {}
COMMAND: GET /session/b9718e1e48867b0fba4e39bd9ed4a756/screenshot - {}
RESULT: {}
RESULT: {}
COMMAND: GET /session/b9718e1e48867b0fba4e39bd9ed4a756/screenshot - {}
RESULT: {}
COMMAND: POST /session/b9718e1e48867b0fba4e39bd9ed4a756/element - {"using":"xpath","value":"//span[contains(@id ,\"AddNewHO--typeSelect-arrow\")]"}
RESULT: {}
RESULT: {"using":"xpath","value":"//span[contains(@id ,\"AddNewHO--typeSelect-arrow\")]"}
COMMAND: POST /session/b9718e1e48867b0fba4e39bd9ed4a756/element/f.FE1DA32CFDBC8F8C890368A9A93AADEA.d.6F0E08AA8C02F791F275E146DDEDF47B.e.9331/click - {}
RESULT: {}
COMMAND: GET /session/b9718e1e48867b0fba4e39bd9ed4a756/screenshot - {}
RESULT: {}
COMMAND: POST /session/b9718e1e48867b0fba4e39bd9ed4a756/element - {"using":"xpath","value":"(//li[contains(text(), \"stock increase yard\")])[1]"}
RESULT: {"using":"xpath","value":"(//li[contains(text(), \"stock increase yard\")])[1]"}
COMMAND: POST /session/b9718e1e48867b0fba4e39bd9ed4a756/element/f.FE1DA32CFDBC8F8C890368A9A93AADEA.d.6F0E08AA8C02F791F275E146DDEDF47B.e.9332/click - {}
RESULT: {}
COMMAND: GET /session/b9718e1e48867b0fba4e39bd9ed4a756/screenshot - {}
RESULT: {}
COMMAND: POST /session/b9718e1e48867b0fba4e39bd9ed4a756/execute/async - {"script":"<script> [1562 bytes]","args":[{"selector":{"id":"application-managehandovers-display-component---AddNewHO--dueDate","interaction":{"idSuffix":"inner"}},"wdio_ui5_key":"applicationmanagehandovers-display-component---AddNewHO--dueDate"}]}
RESULT: {"script":"<script> [1562 bytes]","args":[{"selector":{"id":"application-managehandovers-display-component---AddNewHO--dueDate","interaction":{"idSuffix":"inner"}},"wdio_ui5_key":"applicationmanagehandovers-display-component---AddNewHO--dueDate"}]}
RESULT: undefined
COMMAND: POST /session/b9718e1e48867b0fba4e39bd9ed4a756/execute/async - {"script":"<script> [6424 bytes]","args":[{"element-6066-11e4-a52e-4f735466cecf":"f.FE1DA32CFDBC8F8C890368A9A93AADEA.d.6F0E08AA8C02F791F275E146DDEDF47B.e.9334"},"setValue",["5/17/25"]]}
RESULT: {"script":"<script> [6424 bytes]","args":[{"element-6066-11e4-a52e-4f735466cecf":"f.FE1DA32CFDBC8F8C890368A9A93AADEA.d.6F0E08AA8C02F791F275E146DDEDF47B.e.9334"},"setValue",["5/17/25"]]}
COMMAND: POST /session/b9718e1e48867b0fba4e39bd9ed4a756/element - {"using":"xpath","value":"//input[@id=\"generalSectionFrg--receiveYard-inner\"]"}
RESULT: {"using":"xpath","value":"//input[@id=\"generalSectionFrg--receiveYard-inner\"]"}
COMMAND: POST /session/b9718e1e48867b0fba4e39bd9ed4a756/element/f.FE1DA32CFDBC8F8C890368A9A93AADEA.d.6F0E08AA8C02F791F275E146DDEDF47B.e.9338/clear - {}
RESULT: {}
COMMAND: POST /session/b9718e1e48867b0fba4e39bd9ed4a756/element/f.FE1DA32CFDBC8F8C890368A9A93AADEA.d.6F0E08AA8C02F791F275E146DDEDF47B.e.9338/value - {"text":"505"}
COMMAND: GET /session/b9718e1e48867b0fba4e39bd9ed4a756/screenshot - {}
RESULT: {"text":"505"}
COMMAND: GET /session/b9718e1e48867b0fba4e39bd9ed4a756/screenshot - {}
RESULT: {}
RESULT: {}
COMMAND: POST /session/b9718e1e48867b0fba4e39bd9ed4a756/element - {"using":"xpath","value":"//li[.//span[text()='505']]"}
RESULT: {"using":"xpath","value":"//li[.//span[text()='505']]"}
COMMAND: POST /session/b9718e1e48867b0fba4e39bd9ed4a756/element/f.FE1DA32CFDBC8F8C890368A9A93AADEA.d.6F0E08AA8C02F791F275E146DDEDF47B.e.9356/click - {}
RESULT: {}
COMMAND: GET /session/b9718e1e48867b0fba4e39bd9ed4a756/screenshot - {}
RESULT: {}
COMMAND: POST /session/b9718e1e48867b0fba4e39bd9ed4a756/execute/async - {"script":"<script> [1562 bytes]","args":[{"selector":{"id":"application-managehandovers-display-component---AddNewHO--ObjectPageLayout-anchBar-application-managehandovers-display-component---AddNewHO--section4-anchor","interaction":{"idSuffix":"BDI-content"}},"wdio_ui5_key":"applicationmanagehandovers-display-component---AddNewHO--ObjectPageLayout-anchBar-application-managehandovers-display-component---AddNewHO--section4-anchor"}]}
RESULT: {"script":"<script> [1562 bytes]","args":[{"selector":{"id":"application-managehandovers-display-component---AddNewHO--ObjectPageLayout-anchBar-application-managehandovers-display-component---AddNewHO--section4-anchor","interaction":{"idSuffix":"BDI-content"}},"wdio_ui5_key":"applicationmanagehandovers-display-component---AddNewHO--ObjectPageLayout-anchBar-application-managehandovers-display-component---AddNewHO--section4-anchor"}]}
RESULT: undefined
COMMAND: POST /session/b9718e1e48867b0fba4e39bd9ed4a756/element - {"using":"xpath","value":"//*[@id=\"application-managehandovers-display-component---AddNewHO--ObjectPageLayout-anchBar-application-managehandovers-display-component---AddNewHO--section4-anchor\"]"}
RESULT: {"using":"xpath","value":"//*[@id=\"application-managehandovers-display-component---AddNewHO--ObjectPageLayout-anchBar-application-managehandovers-display-component---AddNewHO--section4-anchor\"]"}
COMMAND: POST /session/b9718e1e48867b0fba4e39bd9ed4a756/element/f.FE1DA32CFDBC8F8C890368A9A93AADEA.d.6F0E08AA8C02F791F275E146DDEDF47B.e.9358/click - {}
RESULT: {}
COMMAND: POST /session/b9718e1e48867b0fba4e39bd9ed4a756/element - {"using":"xpath","value":"//button[@aria-label=\"Add\"]"}
COMMAND: GET /session/b9718e1e48867b0fba4e39bd9ed4a756/screenshot - {}
RESULT: {"using":"xpath","value":"//button[@aria-label=\"Add\"]"}
COMMAND: POST /session/b9718e1e48867b0fba4e39bd9ed4a756/element/f.FE1DA32CFDBC8F8C890368A9A93AADEA.d.6F0E08AA8C02F791F275E146DDEDF47B.e.9360/click - {}
RESULT: {}
RESULT: {}
COMMAND: GET /session/b9718e1e48867b0fba4e39bd9ed4a756/screenshot - {}
RESULT: {}
COMMAND: POST /session/b9718e1e48867b0fba4e39bd9ed4a756/execute/async - {"script":"<script> [1562 bytes]","args":[{"selector":{"id":"application-managehandovers-display-component---AddNewHO--smartFilterBar-btnBasicSearch","searchOpenDialogs":true,"interaction":{"idSuffix":"I"}},"wdio_ui5_key":"applicationmanagehandovers-display-component---AddNewHO--smartFilterBar-btnBasicSearch"}]}
RESULT: {"script":"<script> [1562 bytes]","args":[{"selector":{"id":"application-managehandovers-display-component---AddNewHO--smartFilterBar-btnBasicSearch","searchOpenDialogs":true,"interaction":{"idSuffix":"I"}},"wdio_ui5_key":"applicationmanagehandovers-display-component---AddNewHO--smartFilterBar-btnBasicSearch"}]}
RESULT: undefined
COMMAND: POST /session/b9718e1e48867b0fba4e39bd9ed4a756/execute/async - {"script":"<script> [776 bytes]","args":[{"enterText":"FMLBezNP2U","selector":{"id":"application-managehandovers-display-component---AddNewHO--smartFilterBar-btnBasicSearch","searchOpenDialogs":true,"interaction":{"idSuffix":"I"}},"clearTextFirst":true,"interactionType":"ENTER_TEXT"}]}
RESULT: {"script":"<script> [776 bytes]","args":[{"enterText":"FMLBezNP2U","selector":{"id":"application-managehandovers-display-component---AddNewHO--smartFilterBar-btnBasicSearch","searchOpenDialogs":true,"interaction":{"idSuffix":"I"}},"clearTextFirst":true,"interactionType":"ENTER_TEXT"}]}
COMMAND: POST /session/b9718e1e48867b0fba4e39bd9ed4a756/actions - {"actions":[{"id":"action35","type":"key","parameters":{},"actions":[{"type":"keyDown","value":"î€‡"},{"type":"pause","duration":10},{"type":"keyUp","value":"î€‡"}]}]}
RESULT: {"actions":[{"id":"action35","type":"key","parameters":{},"actions":[{"type":"keyDown","value":"î€‡"},{"type":"pause","duration":10},{"type":"keyUp","value":"î€‡"}]}]}
COMMAND: GET /session/b9718e1e48867b0fba4e39bd9ed4a756/screenshot - {}
RESULT: {}
COMMAND: POST /session/b9718e1e48867b0fba4e39bd9ed4a756/execute/async - {"script":"<script> [1562 bytes]","args":[{"selector":{"id":"application-managehandovers-display-component---AddNewHO--popup-sa","searchOpenDialogs":true,"interaction":{"idSuffix":"CbBg"}},"wdio_ui5_key":"applicationmanagehandovers-display-component---AddNewHO--popup-sa"}]}
RESULT: {"script":"<script> [1562 bytes]","args":[{"selector":{"id":"application-managehandovers-display-component---AddNewHO--popup-sa","searchOpenDialogs":true,"interaction":{"idSuffix":"CbBg"}},"wdio_ui5_key":"applicationmanagehandovers-display-component---AddNewHO--popup-sa"}]}
RESULT: undefined
COMMAND: POST /session/b9718e1e48867b0fba4e39bd9ed4a756/element - {"using":"xpath","value":"//*[@id=\"application-managehandovers-display-component---AddNewHO--popup-sa\"]"}
RESULT: {"using":"xpath","value":"//*[@id=\"application-managehandovers-display-component---AddNewHO--popup-sa\"]"}
COMMAND: POST /session/b9718e1e48867b0fba4e39bd9ed4a756/element/f.FE1DA32CFDBC8F8C890368A9A93AADEA.d.6F0E08AA8C02F791F275E146DDEDF47B.e.9513/click - {}
RESULT: {}
COMMAND: GET /session/b9718e1e48867b0fba4e39bd9ed4a756/screenshot - {}
RESULT: {}
COMMAND: POST /session/b9718e1e48867b0fba4e39bd9ed4a756/element - {"using":"xpath","value":"//bdi[contains(text(), \"Select\")]"}
RESULT: {"using":"xpath","value":"//bdi[contains(text(), \"Select\")]"}
COMMAND: POST /session/b9718e1e48867b0fba4e39bd9ed4a756/element/f.FE1DA32CFDBC8F8C890368A9A93AADEA.d.6F0E08AA8C02F791F275E146DDEDF47B.e.9514/click - {}
RESULT: {}
COMMAND: GET /session/b9718e1e48867b0fba4e39bd9ed4a756/screenshot - {}
RESULT: {}
COMMAND: POST /session/b9718e1e48867b0fba4e39bd9ed4a756/element - {"using":"xpath","value":"//button[@data-kt=\"AddNewHOSaveButton\"]"}
RESULT: {"using":"xpath","value":"//button[@data-kt=\"AddNewHOSaveButton\"]"}
COMMAND: POST /session/b9718e1e48867b0fba4e39bd9ed4a756/element/f.FE1DA32CFDBC8F8C890368A9A93AADEA.d.6F0E08AA8C02F791F275E146DDEDF47B.e.9518/click - {}
RESULT: {}
COMMAND: GET /session/b9718e1e48867b0fba4e39bd9ed4a756/screenshot - {}
RESULT: {}
COMMAND: POST /session/b9718e1e48867b0fba4e39bd9ed4a756/execute/async - {"script":"<script> [1562 bytes]","args":[{"selector":{"id":"receiptDatePicker","viewName":"etm.portal.ui.managehandovers.view.DetailExecuteHO","interaction":{"idSuffix":"inner"}},"wdio_ui5_key":"receiptDatePickeretmportal.ui.managehandovers.view.DetailExecuteHO"}]}
RESULT: {"script":"<script> [1562 bytes]","args":[{"selector":{"id":"receiptDatePicker","viewName":"etm.portal.ui.managehandovers.view.DetailExecuteHO","interaction":{"idSuffix":"inner"}},"wdio_ui5_key":"receiptDatePickeretmportal.ui.managehandovers.view.DetailExecuteHO"}]}
RESULT: undefined
COMMAND: POST /session/b9718e1e48867b0fba4e39bd9ed4a756/execute/async - {"script":"<script> [6424 bytes]","args":[{"element-6066-11e4-a52e-4f735466cecf":"f.FE1DA32CFDBC8F8C890368A9A93AADEA.d.6F0E08AA8C02F791F275E146DDEDF47B.e.9535"},"setValue",["5/17/25"]]}
RESULT: {"script":"<script> [6424 bytes]","args":[{"element-6066-11e4-a52e-4f735466cecf":"f.FE1DA32CFDBC8F8C890368A9A93AADEA.d.6F0E08AA8C02F791F275E146DDEDF47B.e.9535"},"setValue",["5/17/25"]]}
COMMAND: POST /session/b9718e1e48867b0fba4e39bd9ed4a756/element - {"using":"xpath","value":"//button[@data-kt=\"PickingTableConfirmAllButton\"]"}
RESULT: {"using":"xpath","value":"//button[@data-kt=\"PickingTableConfirmAllButton\"]"}
COMMAND: POST /session/b9718e1e48867b0fba4e39bd9ed4a756/element/f.FE1DA32CFDBC8F8C890368A9A93AADEA.d.6F0E08AA8C02F791F275E146DDEDF47B.e.9549/click - {}
RESULT: {}
COMMAND: GET /session/b9718e1e48867b0fba4e39bd9ed4a756/screenshot - {}
RESULT: {}
COMMAND: POST /session/b9718e1e48867b0fba4e39bd9ed4a756/element - {"using":"xpath","value":"//bdi[contains(text(), \"OK\")]"}
RESULT: {"using":"xpath","value":"//bdi[contains(text(), \"OK\")]"}
COMMAND: POST /session/b9718e1e48867b0fba4e39bd9ed4a756/element/f.FE1DA32CFDBC8F8C890368A9A93AADEA.d.6F0E08AA8C02F791F275E146DDEDF47B.e.9552/click - {}
RESULT: {}
COMMAND: GET /session/b9718e1e48867b0fba4e39bd9ed4a756/screenshot - {}
RESULT: {}
COMMAND: POST /session/b9718e1e48867b0fba4e39bd9ed4a756/element - {"using":"xpath","value":"(//bdi[contains(text(), \"Receive\")])[2]"}
RESULT: {"using":"xpath","value":"(//bdi[contains(text(), \"Receive\")])[2]"}
COMMAND: POST /session/b9718e1e48867b0fba4e39bd9ed4a756/element/f.FE1DA32CFDBC8F8C890368A9A93AADEA.d.6F0E08AA8C02F791F275E146DDEDF47B.e.9553/click - {}
RESULT: {}
COMMAND: GET /session/b9718e1e48867b0fba4e39bd9ed4a756/screenshot - {}
RESULT: {}
COMMAND: POST /session/b9718e1e48867b0fba4e39bd9ed4a756/element - {"using":"css selector","value":"#shell-header-logo"}
RESULT: {"using":"css selector","value":"#shell-header-logo"}
COMMAND: POST /session/b9718e1e48867b0fba4e39bd9ed4a756/element/f.FE1DA32CFDBC8F8C890368A9A93AADEA.d.6F0E08AA8C02F791F275E146DDEDF47B.e.8931/click - {}
RESULT: {}
COMMAND: GET /session/b9718e1e48867b0fba4e39bd9ed4a756/screenshot - {}
RESULT: {}
]]></system-out>
    </testcase>
    <testcase classname="chrome.136_0_7103_93.windows.Create_master_data_for_mixed_billing_&amp;_do_billing_calculation_US151661" name="Should create a new contract" time="64.77">
      <system-out><![CDATA[
COMMAND: POST /session/b9718e1e48867b0fba4e39bd9ed4a756/execute/async - {"script":"<script> [1562 bytes]","args":[{"selector":{"controlType":"sap.m.GenericTile","properties":{"header":"Manage Contracts"}},"wdio_ui5_key":"sapm.GenericTile{\"header\":\"Manage Contracts\"}"}]}
RESULT: {"script":"<script> [1562 bytes]","args":[{"selector":{"controlType":"sap.m.GenericTile","properties":{"header":"Manage Contracts"}},"wdio_ui5_key":"sapm.GenericTile{\"header\":\"Manage Contracts\"}"}]}
RESULT: undefined
COMMAND: POST /session/b9718e1e48867b0fba4e39bd9ed4a756/element - {"using":"xpath","value":"//*[@id=\"__tile130\"]"}
RESULT: {"using":"xpath","value":"//*[@id=\"__tile130\"]"}
COMMAND: POST /session/b9718e1e48867b0fba4e39bd9ed4a756/element/f.FE1DA32CFDBC8F8C890368A9A93AADEA.d.6F0E08AA8C02F791F275E146DDEDF47B.e.5990/click - {}
RESULT: {}
COMMAND: GET /session/b9718e1e48867b0fba4e39bd9ed4a756/screenshot - {}
RESULT: {}
COMMAND: POST /session/b9718e1e48867b0fba4e39bd9ed4a756/elements - {"using":"xpath","value":"//span[text()='Error']"}
RESULT: {"using":"xpath","value":"//span[text()='Error']"}
COMMAND: POST /session/b9718e1e48867b0fba4e39bd9ed4a756/element - {"using":"xpath","value":"//button[@data-kt=\"addButton\"]"}
RESULT: {"using":"xpath","value":"//button[@data-kt=\"addButton\"]"}
COMMAND: POST /session/b9718e1e48867b0fba4e39bd9ed4a756/elements - {"using":"xpath","value":"//button[@data-kt=\"addButton\"]"}
RESULT: {"using":"xpath","value":"//button[@data-kt=\"addButton\"]"}
COMMAND: POST /session/b9718e1e48867b0fba4e39bd9ed4a756/execute/sync - {"script":"<script> [8489 bytes]","args":[{"element-6066-11e4-a52e-4f735466cecf":"f.FE1DA32CFDBC8F8C890368A9A93AADEA.d.6F0E08AA8C02F791F275E146DDEDF47B.e.9773","ELEMENT":"f.FE1DA32CFDBC8F8C890368A9A93AADEA.d.6F0E08AA8C02F791F275E146DDEDF47B.e.9773"}]}
RESULT: {"script":"<script> [8489 bytes]","args":[{"element-6066-11e4-a52e-4f735466cecf":"f.FE1DA32CFDBC8F8C890368A9A93AADEA.d.6F0E08AA8C02F791F275E146DDEDF47B.e.9773","ELEMENT":"f.FE1DA32CFDBC8F8C890368A9A93AADEA.d.6F0E08AA8C02F791F275E146DDEDF47B.e.9773"}]}
COMMAND: GET /session/b9718e1e48867b0fba4e39bd9ed4a756/element/f.FE1DA32CFDBC8F8C890368A9A93AADEA.d.6F0E08AA8C02F791F275E146DDEDF47B.e.9773/enabled - {}
COMMAND: GET /session/b9718e1e48867b0fba4e39bd9ed4a756/screenshot - {}
RESULT: {}
COMMAND: POST /session/b9718e1e48867b0fba4e39bd9ed4a756/execute/sync - {"script":"<script> [8489 bytes]","args":[{"element-6066-11e4-a52e-4f735466cecf":"f.FE1DA32CFDBC8F8C890368A9A93AADEA.d.6F0E08AA8C02F791F275E146DDEDF47B.e.9773","ELEMENT":"f.FE1DA32CFDBC8F8C890368A9A93AADEA.d.6F0E08AA8C02F791F275E146DDEDF47B.e.9773"}]}
COMMAND: GET /session/b9718e1e48867b0fba4e39bd9ed4a756/screenshot - {}
RESULT: {}
RESULT: {"script":"<script> [8489 bytes]","args":[{"element-6066-11e4-a52e-4f735466cecf":"f.FE1DA32CFDBC8F8C890368A9A93AADEA.d.6F0E08AA8C02F791F275E146DDEDF47B.e.9773","ELEMENT":"f.FE1DA32CFDBC8F8C890368A9A93AADEA.d.6F0E08AA8C02F791F275E146DDEDF47B.e.9773"}]}
COMMAND: POST /session/b9718e1e48867b0fba4e39bd9ed4a756/execute/sync - {"script":"<script> [5351 bytes]","args":[{"element-6066-11e4-a52e-4f735466cecf":"f.FE1DA32CFDBC8F8C890368A9A93AADEA.d.6F0E08AA8C02F791F275E146DDEDF47B.e.9773","ELEMENT":"f.FE1DA32CFDBC8F8C890368A9A93AADEA.d.6F0E08AA8C02F791F275E146DDEDF47B.e.9773"}]}
COMMAND: GET /session/b9718e1e48867b0fba4e39bd9ed4a756/screenshot - {}
RESULT: {}
RESULT: {"script":"<script> [5351 bytes]","args":[{"element-6066-11e4-a52e-4f735466cecf":"f.FE1DA32CFDBC8F8C890368A9A93AADEA.d.6F0E08AA8C02F791F275E146DDEDF47B.e.9773","ELEMENT":"f.FE1DA32CFDBC8F8C890368A9A93AADEA.d.6F0E08AA8C02F791F275E146DDEDF47B.e.9773"}]}
COMMAND: GET /session/b9718e1e48867b0fba4e39bd9ed4a756/screenshot - {}
RESULT: {}
RESULT: {}
COMMAND: POST /session/b9718e1e48867b0fba4e39bd9ed4a756/element/f.FE1DA32CFDBC8F8C890368A9A93AADEA.d.6F0E08AA8C02F791F275E146DDEDF47B.e.9773/click - {}
RESULT: {}
COMMAND: GET /session/b9718e1e48867b0fba4e39bd9ed4a756/screenshot - {}
RESULT: {}
COMMAND: POST /session/b9718e1e48867b0fba4e39bd9ed4a756/execute/async - {"script":"<script> [1562 bytes]","args":[{"selector":{"id":"application-managecontracts-display-component---AddNewContract--projectDescription","interaction":{"idSuffix":"inner"}},"wdio_ui5_key":"applicationmanagecontracts-display-component---AddNewContract--projectDescription"}]}
RESULT: {"script":"<script> [1562 bytes]","args":[{"selector":{"id":"application-managecontracts-display-component---AddNewContract--projectDescription","interaction":{"idSuffix":"inner"}},"wdio_ui5_key":"applicationmanagecontracts-display-component---AddNewContract--projectDescription"}]}
RESULT: undefined
COMMAND: POST /session/b9718e1e48867b0fba4e39bd9ed4a756/execute/async - {"script":"<script> [776 bytes]","args":[{"enterText":"Mixed Contract WDIO","selector":{"id":"application-managecontracts-display-component---AddNewContract--projectDescription","interaction":{"idSuffix":"inner"}},"clearTextFirst":true,"interactionType":"ENTER_TEXT"}]}
RESULT: {"script":"<script> [776 bytes]","args":[{"enterText":"Mixed Contract WDIO","selector":{"id":"application-managecontracts-display-component---AddNewContract--projectDescription","interaction":{"idSuffix":"inner"}},"clearTextFirst":true,"interactionType":"ENTER_TEXT"}]}
COMMAND: POST /session/b9718e1e48867b0fba4e39bd9ed4a756/element - {"using":"xpath","value":"//input[@id=\"application-managecontracts-display-component---AddNewContract--site-inner\"]"}
RESULT: {"using":"xpath","value":"//input[@id=\"application-managecontracts-display-component---AddNewContract--site-inner\"]"}
COMMAND: POST /session/b9718e1e48867b0fba4e39bd9ed4a756/element/f.FE1DA32CFDBC8F8C890368A9A93AADEA.d.6F0E08AA8C02F791F275E146DDEDF47B.e.10128/clear - {}
RESULT: {}
COMMAND: POST /session/b9718e1e48867b0fba4e39bd9ed4a756/element/f.FE1DA32CFDBC8F8C890368A9A93AADEA.d.6F0E08AA8C02F791F275E146DDEDF47B.e.10128/value - {"text":"2244"}
COMMAND: GET /session/b9718e1e48867b0fba4e39bd9ed4a756/screenshot - {}
RESULT: {"text":"2244"}
COMMAND: GET /session/b9718e1e48867b0fba4e39bd9ed4a756/screenshot - {}
RESULT: {}
RESULT: {}
COMMAND: POST /session/b9718e1e48867b0fba4e39bd9ed4a756/element - {"using":"xpath","value":"//li[.//span[text()='2244']]"}
RESULT: {"using":"xpath","value":"//li[.//span[text()='2244']]"}
COMMAND: POST /session/b9718e1e48867b0fba4e39bd9ed4a756/element/f.FE1DA32CFDBC8F8C890368A9A93AADEA.d.6F0E08AA8C02F791F275E146DDEDF47B.e.10157/click - {}
RESULT: {}
COMMAND: GET /session/b9718e1e48867b0fba4e39bd9ed4a756/screenshot - {}
RESULT: {}
COMMAND: POST /session/b9718e1e48867b0fba4e39bd9ed4a756/element - {"using":"xpath","value":"//input[@id=\"application-managecontracts-display-component---AddNewContract--yardId-inner\"]"}
RESULT: {"using":"xpath","value":"//input[@id=\"application-managecontracts-display-component---AddNewContract--yardId-inner\"]"}
COMMAND: GET /session/b9718e1e48867b0fba4e39bd9ed4a756/element/f.FE1DA32CFDBC8F8C890368A9A93AADEA.d.6F0E08AA8C02F791F275E146DDEDF47B.e.10129/property/value - {}
RESULT: {}
COMMAND: POST /session/b9718e1e48867b0fba4e39bd9ed4a756/element - {"using":"xpath","value":"//input[@id=\"application-managecontracts-display-component---AddNewContract--customerSelect-inner\"]"}
COMMAND: GET /session/b9718e1e48867b0fba4e39bd9ed4a756/screenshot - {}
RESULT: {"using":"xpath","value":"//input[@id=\"application-managecontracts-display-component---AddNewContract--customerSelect-inner\"]"}
COMMAND: POST /session/b9718e1e48867b0fba4e39bd9ed4a756/element/f.FE1DA32CFDBC8F8C890368A9A93AADEA.d.6F0E08AA8C02F791F275E146DDEDF47B.e.10127/clear - {}
RESULT: {}
RESULT: {}
COMMAND: POST /session/b9718e1e48867b0fba4e39bd9ed4a756/element/f.FE1DA32CFDBC8F8C890368A9A93AADEA.d.6F0E08AA8C02F791F275E146DDEDF47B.e.10127/value - {"text":"1288"}
COMMAND: GET /session/b9718e1e48867b0fba4e39bd9ed4a756/screenshot - {}
RESULT: {"text":"1288"}
COMMAND: GET /session/b9718e1e48867b0fba4e39bd9ed4a756/screenshot - {}
RESULT: {}
RESULT: {}
COMMAND: POST /session/b9718e1e48867b0fba4e39bd9ed4a756/element - {"using":"xpath","value":"//li[.//span[text()='1288']]"}
RESULT: {"using":"xpath","value":"//li[.//span[text()='1288']]"}
COMMAND: POST /session/b9718e1e48867b0fba4e39bd9ed4a756/element/f.FE1DA32CFDBC8F8C890368A9A93AADEA.d.6F0E08AA8C02F791F275E146DDEDF47B.e.10160/click - {}
RESULT: {}
COMMAND: GET /session/b9718e1e48867b0fba4e39bd9ed4a756/screenshot - {}
RESULT: {}
COMMAND: POST /session/b9718e1e48867b0fba4e39bd9ed4a756/element - {"using":"xpath","value":"//button[@data-kt=\"saveButton\"]"}
RESULT: {"using":"xpath","value":"//button[@data-kt=\"saveButton\"]"}
COMMAND: POST /session/b9718e1e48867b0fba4e39bd9ed4a756/element/f.FE1DA32CFDBC8F8C890368A9A93AADEA.d.6F0E08AA8C02F791F275E146DDEDF47B.e.10161/click - {}
RESULT: {}
COMMAND: GET /session/b9718e1e48867b0fba4e39bd9ed4a756/screenshot - {}
RESULT: {}
COMMAND: POST /session/b9718e1e48867b0fba4e39bd9ed4a756/element - {"using":"xpath","value":"//span[contains(@id ,\"contractDetailTitleNoExpanded\")]"}
RESULT: {"using":"xpath","value":"//span[contains(@id ,\"contractDetailTitleNoExpanded\")]"}
COMMAND: POST /session/b9718e1e48867b0fba4e39bd9ed4a756/elements - {"using":"xpath","value":"//span[contains(@id ,\"contractDetailTitleNoExpanded\")]"}
RESULT: {"using":"xpath","value":"//span[contains(@id ,\"contractDetailTitleNoExpanded\")]"}
COMMAND: POST /session/b9718e1e48867b0fba4e39bd9ed4a756/execute/sync - {"script":"<script> [56 bytes]","args":[{"element-6066-11e4-a52e-4f735466cecf":"f.FE1DA32CFDBC8F8C890368A9A93AADEA.d.6F0E08AA8C02F791F275E146DDEDF47B.e.10234","ELEMENT":"f.FE1DA32CFDBC8F8C890368A9A93AADEA.d.6F0E08AA8C02F791F275E146DDEDF47B.e.10234"}]}
RESULT: {"script":"<script> [56 bytes]","args":[{"element-6066-11e4-a52e-4f735466cecf":"f.FE1DA32CFDBC8F8C890368A9A93AADEA.d.6F0E08AA8C02F791F275E146DDEDF47B.e.10234","ELEMENT":"f.FE1DA32CFDBC8F8C890368A9A93AADEA.d.6F0E08AA8C02F791F275E146DDEDF47B.e.10234"}]}
COMMAND: GET /session/b9718e1e48867b0fba4e39bd9ed4a756/screenshot - {}
RESULT: {}
]]></system-out>
    </testcase>
    <testcase classname="chrome.136_0_7103_93.windows.Create_master_data_for_mixed_billing_&amp;_do_billing_calculation_US151661" name="Should add equipment to the contract" time="48.974">
      <system-out><![CDATA[
COMMAND: POST /session/b9718e1e48867b0fba4e39bd9ed4a756/element - {"using":"xpath","value":"//button[@data-kt=\"contractDetailEditBtnButton\"]"}
RESULT: {"using":"xpath","value":"//button[@data-kt=\"contractDetailEditBtnButton\"]"}
COMMAND: POST /session/b9718e1e48867b0fba4e39bd9ed4a756/element/f.FE1DA32CFDBC8F8C890368A9A93AADEA.d.6F0E08AA8C02F791F275E146DDEDF47B.e.10235/click - {}
RESULT: {}
COMMAND: GET /session/b9718e1e48867b0fba4e39bd9ed4a756/screenshot - {}
RESULT: {}
COMMAND: POST /session/b9718e1e48867b0fba4e39bd9ed4a756/element - {"using":"xpath","value":"(//span[contains(text(), \"Additional Addresses\")])[2]"}
RESULT: {"using":"xpath","value":"(//span[contains(text(), \"Additional Addresses\")])[2]"}
COMMAND: POST /session/b9718e1e48867b0fba4e39bd9ed4a756/element/f.FE1DA32CFDBC8F8C890368A9A93AADEA.d.6F0E08AA8C02F791F275E146DDEDF47B.e.10290/click - {}
RESULT: {}
COMMAND: GET /session/b9718e1e48867b0fba4e39bd9ed4a756/screenshot - {}
RESULT: {}
COMMAND: POST /session/b9718e1e48867b0fba4e39bd9ed4a756/element - {"using":"xpath","value":"//button[@data-kt=\"btnAddTableRowOverflowToolbarButton\"]"}
RESULT: {"using":"xpath","value":"//button[@data-kt=\"btnAddTableRowOverflowToolbarButton\"]"}
COMMAND: POST /session/b9718e1e48867b0fba4e39bd9ed4a756/element/f.FE1DA32CFDBC8F8C890368A9A93AADEA.d.6F0E08AA8C02F791F275E146DDEDF47B.e.10293/click - {}
RESULT: {}
COMMAND: GET /session/b9718e1e48867b0fba4e39bd9ed4a756/screenshot - {}
RESULT: {}
COMMAND: POST /session/b9718e1e48867b0fba4e39bd9ed4a756/element - {"using":"xpath","value":"//div[(text() = 'Standard Entry' or . = 'Standard Entry')]"}
RESULT: {"using":"xpath","value":"//div[(text() = 'Standard Entry' or . = 'Standard Entry')]"}
COMMAND: POST /session/b9718e1e48867b0fba4e39bd9ed4a756/element/f.FE1DA32CFDBC8F8C890368A9A93AADEA.d.6F0E08AA8C02F791F275E146DDEDF47B.e.10295/click - {}
RESULT: {}
COMMAND: GET /session/b9718e1e48867b0fba4e39bd9ed4a756/screenshot - {}
RESULT: {}
COMMAND: POST /session/b9718e1e48867b0fba4e39bd9ed4a756/element - {"using":"xpath","value":"//td[7]/div/div/input"}
RESULT: {"using":"xpath","value":"//td[7]/div/div/input"}
COMMAND: POST /session/b9718e1e48867b0fba4e39bd9ed4a756/element/f.FE1DA32CFDBC8F8C890368A9A93AADEA.d.6F0E08AA8C02F791F275E146DDEDF47B.e.10304/clear - {}
RESULT: {}
COMMAND: POST /session/b9718e1e48867b0fba4e39bd9ed4a756/element/f.FE1DA32CFDBC8F8C890368A9A93AADEA.d.6F0E08AA8C02F791F275E146DDEDF47B.e.10304/value - {"text":"FMLBezNP2U"}
COMMAND: GET /session/b9718e1e48867b0fba4e39bd9ed4a756/screenshot - {}
RESULT: {"text":"FMLBezNP2U"}
COMMAND: GET /session/b9718e1e48867b0fba4e39bd9ed4a756/screenshot - {}
RESULT: {}
RESULT: {}
COMMAND: POST /session/b9718e1e48867b0fba4e39bd9ed4a756/actions - {"actions":[{"id":"action36","type":"key","parameters":{},"actions":[{"type":"keyDown","value":"î€‡"},{"type":"pause","duration":10},{"type":"keyUp","value":"î€‡"}]}]}
RESULT: {"actions":[{"id":"action36","type":"key","parameters":{},"actions":[{"type":"keyDown","value":"î€‡"},{"type":"pause","duration":10},{"type":"keyUp","value":"î€‡"}]}]}
COMMAND: GET /session/b9718e1e48867b0fba4e39bd9ed4a756/screenshot - {}
RESULT: {}
COMMAND: POST /session/b9718e1e48867b0fba4e39bd9ed4a756/execute/sync - {"script":"<script> [276 bytes]","args":["No pricing information was found"]}
RESULT: {"script":"<script> [276 bytes]","args":["No pricing information was found"]}
COMMAND: POST /session/b9718e1e48867b0fba4e39bd9ed4a756/element - {"using":"xpath","value":"(//button[@data-kt=\"saveButton\"])[2]"}
COMMAND: GET /session/b9718e1e48867b0fba4e39bd9ed4a756/screenshot - {}
RESULT: {"using":"xpath","value":"(//button[@data-kt=\"saveButton\"])[2]"}
COMMAND: POST /session/b9718e1e48867b0fba4e39bd9ed4a756/element/f.FE1DA32CFDBC8F8C890368A9A93AADEA.d.6F0E08AA8C02F791F275E146DDEDF47B.e.10319/click - {}
RESULT: {}
RESULT: {}
COMMAND: GET /session/b9718e1e48867b0fba4e39bd9ed4a756/screenshot - {}
RESULT: {}
COMMAND: POST /session/b9718e1e48867b0fba4e39bd9ed4a756/execute/sync - {"script":"<script> [276 bytes]","args":["Some contract items are having rental validity exceeding header rental validity"]}
RESULT: {"script":"<script> [276 bytes]","args":["Some contract items are having rental validity exceeding header rental validity"]}
COMMAND: GET /session/b9718e1e48867b0fba4e39bd9ed4a756/screenshot - {}
RESULT: {}
COMMAND: POST /session/b9718e1e48867b0fba4e39bd9ed4a756/element - {"using":"xpath","value":"//span[contains(@id ,\"contractItemsSmartTable-header-inner\")]"}
RESULT: {"using":"xpath","value":"//span[contains(@id ,\"contractItemsSmartTable-header-inner\")]"}
COMMAND: POST /session/b9718e1e48867b0fba4e39bd9ed4a756/elements - {"using":"xpath","value":"//span[contains(@id ,\"contractItemsSmartTable-header-inner\")]"}
RESULT: {"using":"xpath","value":"//span[contains(@id ,\"contractItemsSmartTable-header-inner\")]"}
COMMAND: POST /session/b9718e1e48867b0fba4e39bd9ed4a756/execute/sync - {"script":"<script> [56 bytes]","args":[{"element-6066-11e4-a52e-4f735466cecf":"f.FE1DA32CFDBC8F8C890368A9A93AADEA.d.6F0E08AA8C02F791F275E146DDEDF47B.e.10325","ELEMENT":"f.FE1DA32CFDBC8F8C890368A9A93AADEA.d.6F0E08AA8C02F791F275E146DDEDF47B.e.10325"}]}
RESULT: {"script":"<script> [56 bytes]","args":[{"element-6066-11e4-a52e-4f735466cecf":"f.FE1DA32CFDBC8F8C890368A9A93AADEA.d.6F0E08AA8C02F791F275E146DDEDF47B.e.10325","ELEMENT":"f.FE1DA32CFDBC8F8C890368A9A93AADEA.d.6F0E08AA8C02F791F275E146DDEDF47B.e.10325"}]}
]]></system-out>
    </testcase>
    <testcase classname="chrome.136_0_7103_93.windows.Create_master_data_for_mixed_billing_&amp;_do_billing_calculation_US151661" name="Should do a provide to site handover" time="66.16">
      <system-out><![CDATA[
COMMAND: POST /session/b9718e1e48867b0fba4e39bd9ed4a756/element - {"using":"xpath","value":"//button[@data-kt=\"provideButton\"]"}
COMMAND: GET /session/b9718e1e48867b0fba4e39bd9ed4a756/screenshot - {}
RESULT: {"using":"xpath","value":"//button[@data-kt=\"provideButton\"]"}
COMMAND: POST /session/b9718e1e48867b0fba4e39bd9ed4a756/element/f.FE1DA32CFDBC8F8C890368A9A93AADEA.d.6F0E08AA8C02F791F275E146DDEDF47B.e.10326/click - {}
RESULT: {}
RESULT: {}
COMMAND: GET /session/b9718e1e48867b0fba4e39bd9ed4a756/screenshot - {}
RESULT: undefined
COMMAND: POST /session/b9718e1e48867b0fba4e39bd9ed4a756/execute/async - {"script":"<script> [6424 bytes]","args":[{"element-6066-11e4-a52e-4f735466cecf":"f.FE1DA32CFDBC8F8C890368A9A93AADEA.d.6F0E08AA8C02F791F275E146DDEDF47B.e.9334"},"setValue",["5/17/25"]]}
RESULT: {}
COMMAND: POST /session/b9718e1e48867b0fba4e39bd9ed4a756/execute/async - {"script":"<script> [1562 bytes]","args":[{"selector":{"id":"application-managehandovers-display-component---AddNewHO--dueDate","interaction":{"idSuffix":"inner"}},"wdio_ui5_key":"applicationmanagehandovers-display-component---AddNewHO--dueDate"}]}
RESULT: {"script":"<script> [1562 bytes]","args":[{"selector":{"id":"application-managehandovers-display-component---AddNewHO--dueDate","interaction":{"idSuffix":"inner"}},"wdio_ui5_key":"applicationmanagehandovers-display-component---AddNewHO--dueDate"}]}
COMMAND: POST /session/b9718e1e48867b0fba4e39bd9ed4a756/execute/async - {"script":"<script> [6424 bytes]","args":[{"element-6066-11e4-a52e-4f735466cecf":"f.FE1DA32CFDBC8F8C890368A9A93AADEA.d.6F0E08AA8C02F791F275E146DDEDF47B.e.10383"},"setValue",["5/17/25"]]}
RESULT: {"script":"<script> [6424 bytes]","args":[{"element-6066-11e4-a52e-4f735466cecf":"f.FE1DA32CFDBC8F8C890368A9A93AADEA.d.6F0E08AA8C02F791F275E146DDEDF47B.e.10383"},"setValue",["5/17/25"]]}
COMMAND: POST /session/b9718e1e48867b0fba4e39bd9ed4a756/element - {"using":"xpath","value":"//bdi[contains(text(), \"Instructions\")]"}
RESULT: {"using":"xpath","value":"//bdi[contains(text(), \"Instructions\")]"}
COMMAND: POST /session/b9718e1e48867b0fba4e39bd9ed4a756/element/f.FE1DA32CFDBC8F8C890368A9A93AADEA.d.6F0E08AA8C02F791F275E146DDEDF47B.e.10640/click - {}
RESULT: {}
COMMAND: GET /session/b9718e1e48867b0fba4e39bd9ed4a756/screenshot - {}
RESULT: {}
COMMAND: POST /session/b9718e1e48867b0fba4e39bd9ed4a756/element - {"using":"xpath","value":"//button[@data-kt=\"AddNewHOProvideAddItemsButton\"]"}
RESULT: {"using":"xpath","value":"//button[@data-kt=\"AddNewHOProvideAddItemsButton\"]"}
COMMAND: POST /session/b9718e1e48867b0fba4e39bd9ed4a756/element/f.FE1DA32CFDBC8F8C890368A9A93AADEA.d.6F0E08AA8C02F791F275E146DDEDF47B.e.10644/click - {}
RESULT: {}
COMMAND: GET /session/b9718e1e48867b0fba4e39bd9ed4a756/screenshot - {}
RESULT: {}
RESULT: undefined
COMMAND: POST /session/b9718e1e48867b0fba4e39bd9ed4a756/element - {"using":"xpath","value":"//*[@id=\"application-managehandovers-display-component---AddNewHO--popup-sa\"]"}
RESULT: {"using":"xpath","value":"//*[@id=\"application-managehandovers-display-component---AddNewHO--popup-sa\"]"}
COMMAND: POST /session/b9718e1e48867b0fba4e39bd9ed4a756/element/f.FE1DA32CFDBC8F8C890368A9A93AADEA.d.6F0E08AA8C02F791F275E146DDEDF47B.e.10659/click - {}
RESULT: {}
COMMAND: GET /session/b9718e1e48867b0fba4e39bd9ed4a756/screenshot - {}
RESULT: {}
COMMAND: POST /session/b9718e1e48867b0fba4e39bd9ed4a756/element - {"using":"xpath","value":"//*[contains(@id ,\"BDI-content\")][contains(text(), \"Select\")]"}
RESULT: {"using":"xpath","value":"//*[contains(@id ,\"BDI-content\")][contains(text(), \"Select\")]"}
COMMAND: POST /session/b9718e1e48867b0fba4e39bd9ed4a756/element/f.FE1DA32CFDBC8F8C890368A9A93AADEA.d.6F0E08AA8C02F791F275E146DDEDF47B.e.10661/click - {}
RESULT: {}
COMMAND: GET /session/b9718e1e48867b0fba4e39bd9ed4a756/screenshot - {}
RESULT: {}
COMMAND: POST /session/b9718e1e48867b0fba4e39bd9ed4a756/execute/async - {"script":"<script> [1562 bytes]","args":[{"selector":{"id":"application-managehandovers-display-component---AddNewHO--confirmCreationButton","interaction":{"idSuffix":"BDI-content"}},"wdio_ui5_key":"applicationmanagehandovers-display-component---AddNewHO--confirmCreationButton"}]}
RESULT: {"script":"<script> [1562 bytes]","args":[{"selector":{"id":"application-managehandovers-display-component---AddNewHO--confirmCreationButton","interaction":{"idSuffix":"BDI-content"}},"wdio_ui5_key":"applicationmanagehandovers-display-component---AddNewHO--confirmCreationButton"}]}
RESULT: undefined
COMMAND: POST /session/b9718e1e48867b0fba4e39bd9ed4a756/element - {"using":"xpath","value":"//*[@id=\"application-managehandovers-display-component---AddNewHO--confirmCreationButton\"]"}
RESULT: {"using":"xpath","value":"//*[@id=\"application-managehandovers-display-component---AddNewHO--confirmCreationButton\"]"}
COMMAND: POST /session/b9718e1e48867b0fba4e39bd9ed4a756/element/f.FE1DA32CFDBC8F8C890368A9A93AADEA.d.6F0E08AA8C02F791F275E146DDEDF47B.e.10462/click - {}
RESULT: {}
COMMAND: GET /session/b9718e1e48867b0fba4e39bd9ed4a756/screenshot - {}
RESULT: {}
COMMAND: POST /session/b9718e1e48867b0fba4e39bd9ed4a756/execute/async - {"script":"<script> [1562 bytes]","args":[{"selector":{"id":"issueDatePicker","viewName":"etm.portal.ui.managehandovers.view.DetailExecuteHO","interaction":{"idSuffix":"inner"}},"wdio_ui5_key":"issueDatePickeretmportal.ui.managehandovers.view.DetailExecuteHO"}]}
RESULT: {"script":"<script> [1562 bytes]","args":[{"selector":{"id":"issueDatePicker","viewName":"etm.portal.ui.managehandovers.view.DetailExecuteHO","interaction":{"idSuffix":"inner"}},"wdio_ui5_key":"issueDatePickeretmportal.ui.managehandovers.view.DetailExecuteHO"}]}
RESULT: undefined
COMMAND: POST /session/b9718e1e48867b0fba4e39bd9ed4a756/execute/async - {"script":"<script> [776 bytes]","args":[{"enterText":"5/17/25","selector":{"id":"issueDatePicker","viewName":"etm.portal.ui.managehandovers.view.DetailExecuteHO","interaction":{"idSuffix":"inner"}},"clearTextFirst":true,"interactionType":"ENTER_TEXT"}]}
RESULT: {"script":"<script> [776 bytes]","args":[{"enterText":"5/17/25","selector":{"id":"issueDatePicker","viewName":"etm.portal.ui.managehandovers.view.DetailExecuteHO","interaction":{"idSuffix":"inner"}},"clearTextFirst":true,"interactionType":"ENTER_TEXT"}]}
COMMAND: POST /session/b9718e1e48867b0fba4e39bd9ed4a756/element - {"using":"xpath","value":"//bdi[contains(text(), \"OK\")]"}
RESULT: {"using":"xpath","value":"//bdi[contains(text(), \"OK\")]"}
COMMAND: POST /session/b9718e1e48867b0fba4e39bd9ed4a756/element/f.FE1DA32CFDBC8F8C890368A9A93AADEA.d.6F0E08AA8C02F791F275E146DDEDF47B.e.10711/click - {}
RESULT: {}
COMMAND: GET /session/b9718e1e48867b0fba4e39bd9ed4a756/screenshot - {}
RESULT: {}
COMMAND: POST /session/b9718e1e48867b0fba4e39bd9ed4a756/element - {"using":"xpath","value":"//button[@data-kt=\"PickingTableConfirmAllButton\"]"}
RESULT: {"using":"xpath","value":"//button[@data-kt=\"PickingTableConfirmAllButton\"]"}
COMMAND: POST /session/b9718e1e48867b0fba4e39bd9ed4a756/element/f.FE1DA32CFDBC8F8C890368A9A93AADEA.d.6F0E08AA8C02F791F275E146DDEDF47B.e.10717/click - {}
RESULT: {}
COMMAND: GET /session/b9718e1e48867b0fba4e39bd9ed4a756/screenshot - {}
RESULT: {}
COMMAND: POST /session/b9718e1e48867b0fba4e39bd9ed4a756/element - {"using":"xpath","value":"//bdi[contains(text(), \"OK\")]"}
RESULT: {"using":"xpath","value":"//bdi[contains(text(), \"OK\")]"}
COMMAND: POST /session/b9718e1e48867b0fba4e39bd9ed4a756/element/f.FE1DA32CFDBC8F8C890368A9A93AADEA.d.6F0E08AA8C02F791F275E146DDEDF47B.e.10720/click - {}
RESULT: {}
COMMAND: GET /session/b9718e1e48867b0fba4e39bd9ed4a756/screenshot - {}
RESULT: {}
COMMAND: POST /session/b9718e1e48867b0fba4e39bd9ed4a756/element - {"using":"xpath","value":"//bdi[contains(text(), \"Issue\")]"}
RESULT: {"using":"xpath","value":"//bdi[contains(text(), \"Issue\")]"}
COMMAND: POST /session/b9718e1e48867b0fba4e39bd9ed4a756/element/f.FE1DA32CFDBC8F8C890368A9A93AADEA.d.6F0E08AA8C02F791F275E146DDEDF47B.e.10722/click - {}
RESULT: {}
COMMAND: GET /session/b9718e1e48867b0fba4e39bd9ed4a756/screenshot - {}
RESULT: {}
COMMAND: POST /session/b9718e1e48867b0fba4e39bd9ed4a756/element - {"using":"css selector","value":"#shell-header-logo"}
RESULT: {"using":"css selector","value":"#shell-header-logo"}
COMMAND: POST /session/b9718e1e48867b0fba4e39bd9ed4a756/element/f.FE1DA32CFDBC8F8C890368A9A93AADEA.d.6F0E08AA8C02F791F275E146DDEDF47B.e.9724/click - {}
RESULT: {}
COMMAND: GET /session/b9718e1e48867b0fba4e39bd9ed4a756/screenshot - {}
RESULT: {}
]]></system-out>
    </testcase>
    <testcase classname="chrome.136_0_7103_93.windows.Create_master_data_for_mixed_billing_&amp;_do_billing_calculation_US151661" name="Should create a few performance documents" time="100.143">
      <system-out><![CDATA[
COMMAND: POST /session/b9718e1e48867b0fba4e39bd9ed4a756/execute/async - {"script":"<script> [1562 bytes]","args":[{"selector":{"controlType":"sap.m.GenericTile","properties":{"header":"Manage States & Performance"}},"wdio_ui5_key":"sapm.GenericTile{\"header\":\"Manage States & Performance\"}"}]}
RESULT: {"script":"<script> [1562 bytes]","args":[{"selector":{"controlType":"sap.m.GenericTile","properties":{"header":"Manage States & Performance"}},"wdio_ui5_key":"sapm.GenericTile{\"header\":\"Manage States & Performance\"}"}]}
RESULT: undefined
COMMAND: POST /session/b9718e1e48867b0fba4e39bd9ed4a756/element - {"using":"xpath","value":"//*[@id=\"__tile96\"]"}
RESULT: {"using":"xpath","value":"//*[@id=\"__tile96\"]"}
COMMAND: POST /session/b9718e1e48867b0fba4e39bd9ed4a756/element/f.FE1DA32CFDBC8F8C890368A9A93AADEA.d.6F0E08AA8C02F791F275E146DDEDF47B.e.6045/click - {}
RESULT: {}
COMMAND: GET /session/b9718e1e48867b0fba4e39bd9ed4a756/screenshot - {}
RESULT: {}
COMMAND: POST /session/b9718e1e48867b0fba4e39bd9ed4a756/elements - {"using":"xpath","value":"//span[text()='Error']"}
RESULT: {"using":"xpath","value":"//span[text()='Error']"}
COMMAND: POST /session/b9718e1e48867b0fba4e39bd9ed4a756/execute/async - {"script":"<script> [1562 bytes]","args":[{"selector":{"id":"application-managestatesandperformance-display-component---stateAndPerform--smartFilterBarResources-btnBasicSearch","interaction":{"idSuffix":"I"}},"wdio_ui5_key":"applicationmanagestatesandperformance-display-component---stateAndPerform--smartFilterBarResources-btnBasicSearch"}]}
RESULT: {"script":"<script> [1562 bytes]","args":[{"selector":{"id":"application-managestatesandperformance-display-component---stateAndPerform--smartFilterBarResources-btnBasicSearch","interaction":{"idSuffix":"I"}},"wdio_ui5_key":"applicationmanagestatesandperformance-display-component---stateAndPerform--smartFilterBarResources-btnBasicSearch"}]}
RESULT: undefined
COMMAND: POST /session/b9718e1e48867b0fba4e39bd9ed4a756/execute/async - {"script":"<script> [776 bytes]","args":[{"enterText":"FMLBezNP2U","selector":{"id":"application-managestatesandperformance-display-component---stateAndPerform--smartFilterBarResources-btnBasicSearch","interaction":{"idSuffix":"I"}},"clearTextFirst":true,"interactionType":"ENTER_TEXT"}]}
RESULT: {"script":"<script> [776 bytes]","args":[{"enterText":"FMLBezNP2U","selector":{"id":"application-managestatesandperformance-display-component---stateAndPerform--smartFilterBarResources-btnBasicSearch","interaction":{"idSuffix":"I"}},"clearTextFirst":true,"interactionType":"ENTER_TEXT"}]}
COMMAND: POST /session/b9718e1e48867b0fba4e39bd9ed4a756/actions - {"actions":[{"id":"action37","type":"key","parameters":{},"actions":[{"type":"keyDown","value":"î€‡"},{"type":"pause","duration":10},{"type":"keyUp","value":"î€‡"}]}]}
RESULT: {"actions":[{"id":"action37","type":"key","parameters":{},"actions":[{"type":"keyDown","value":"î€‡"},{"type":"pause","duration":10},{"type":"keyUp","value":"î€‡"}]}]}
COMMAND: GET /session/b9718e1e48867b0fba4e39bd9ed4a756/screenshot - {}
RESULT: {}
COMMAND: POST /session/b9718e1e48867b0fba4e39bd9ed4a756/execute/async - {"script":"<script> [1562 bytes]","args":[{"selector":{"id":"application-managestatesandperformance-display-component---stateAndPerform--stateAndPerformResourcesSmartTable-header"},"wdio_ui5_key":"applicationmanagestatesandperformance-display-component---stateAndPerform--stateAndPerformResourcesSmartTable-header"}]}
RESULT: {"script":"<script> [1562 bytes]","args":[{"selector":{"id":"application-managestatesandperformance-display-component---stateAndPerform--stateAndPerformResourcesSmartTable-header"},"wdio_ui5_key":"applicationmanagestatesandperformance-display-component---stateAndPerform--stateAndPerformResourcesSmartTable-header"}]}
RESULT: undefined
COMMAND: POST /session/b9718e1e48867b0fba4e39bd9ed4a756/execute/async - {"script":"<script> [6424 bytes]","args":[{"element-6066-11e4-a52e-4f735466cecf":"f.FE1DA32CFDBC8F8C890368A9A93AADEA.d.6F0E08AA8C02F791F275E146DDEDF47B.e.11016"},"getText",[]]}
RESULT: {"script":"<script> [6424 bytes]","args":[{"element-6066-11e4-a52e-4f735466cecf":"f.FE1DA32CFDBC8F8C890368A9A93AADEA.d.6F0E08AA8C02F791F275E146DDEDF47B.e.11016"},"getText",[]]}
COMMAND: POST /session/b9718e1e48867b0fba4e39bd9ed4a756/execute/async - {"script":"<script> [1562 bytes]","args":[{"selector":{"controlType":"sap.ui.core.Icon","viewName":"etm.portal.ui.managestatesandperformance.view.Master","viewId":"application-managestatesandperformance-display-component---stateAndPerform","properties":{"src":{"regex":{"source":"slim\\-arrow\\-right"}}}},"wdio_ui5_key":"etmportal.ui.managestatesandperformance.view.Mastersap.ui.core.Icon{\"src\":{\"regex\":{\"source\":\"slim\\\\-arrow\\\\-right\"}}}"}]}
RESULT: {"script":"<script> [1562 bytes]","args":[{"selector":{"controlType":"sap.ui.core.Icon","viewName":"etm.portal.ui.managestatesandperformance.view.Master","viewId":"application-managestatesandperformance-display-component---stateAndPerform","properties":{"src":{"regex":{"source":"slim\\-arrow\\-right"}}}},"wdio_ui5_key":"etmportal.ui.managestatesandperformance.view.Mastersap.ui.core.Icon{\"src\":{\"regex\":{\"source\":\"slim\\\\-arrow\\\\-right\"}}}"}]}
RESULT: undefined
COMMAND: POST /session/b9718e1e48867b0fba4e39bd9ed4a756/element - {"using":"xpath","value":"//*[@id=\"__item2663-__clone11487-imgNav\"]"}
RESULT: {"using":"xpath","value":"//*[@id=\"__item2663-__clone11487-imgNav\"]"}
COMMAND: POST /session/b9718e1e48867b0fba4e39bd9ed4a756/element/f.FE1DA32CFDBC8F8C890368A9A93AADEA.d.6F0E08AA8C02F791F275E146DDEDF47B.e.11015/click - {}
RESULT: {}
COMMAND: GET /session/b9718e1e48867b0fba4e39bd9ed4a756/screenshot - {}
RESULT: {}
COMMAND: POST /session/b9718e1e48867b0fba4e39bd9ed4a756/execute/async - {"script":"<script> [1562 bytes]","args":[{"selector":{"controlType":"sap.m.Button","viewName":"etm.portal.ui.managestatesandperformance.view.Detail","viewId":"application-managestatesandperformance-display-component---detailStateAndPerform","properties":{"text":"Performance Documents"}},"wdio_ui5_key":"etmportal.ui.managestatesandperformance.view.Detailsap.m.Button{\"text\":\"Performance Documents\"}"}]}
RESULT: {"script":"<script> [1562 bytes]","args":[{"selector":{"controlType":"sap.m.Button","viewName":"etm.portal.ui.managestatesandperformance.view.Detail","viewId":"application-managestatesandperformance-display-component---detailStateAndPerform","properties":{"text":"Performance Documents"}},"wdio_ui5_key":"etmportal.ui.managestatesandperformance.view.Detailsap.m.Button{\"text\":\"Performance Documents\"}"}]}
RESULT: undefined
COMMAND: POST /session/b9718e1e48867b0fba4e39bd9ed4a756/element - {"using":"xpath","value":"//*[@id=\"__item2686-button\"]"}
RESULT: {"using":"xpath","value":"//*[@id=\"__item2686-button\"]"}
COMMAND: POST /session/b9718e1e48867b0fba4e39bd9ed4a756/element/f.FE1DA32CFDBC8F8C890368A9A93AADEA.d.6F0E08AA8C02F791F275E146DDEDF47B.e.11059/click - {}
RESULT: {}
COMMAND: POST /session/b9718e1e48867b0fba4e39bd9ed4a756/execute/async - {"script":"<script> [1562 bytes]","args":[{"selector":{"controlType":"sap.m.Button","viewName":"etm.portal.ui.managestatesandperformance.view.Detail","viewId":"application-managestatesandperformance-display-component---detailStateAndPerform","i18NText":{"propertyName":"text","key":"createPerformanceDoc"},"interaction":{"idSuffix":"BDI-content"}},"wdio_ui5_key":"etmportal.ui.managestatesandperformance.view.Detailsap.m.Button{\"propertyName\":\"text\",\"key\":\"createPerformanceDoc\"}"}]}
COMMAND: GET /session/b9718e1e48867b0fba4e39bd9ed4a756/screenshot - {}
RESULT: {"script":"<script> [1562 bytes]","args":[{"selector":{"controlType":"sap.m.Button","viewName":"etm.portal.ui.managestatesandperformance.view.Detail","viewId":"application-managestatesandperformance-display-component---detailStateAndPerform","i18NText":{"propertyName":"text","key":"createPerformanceDoc"},"interaction":{"idSuffix":"BDI-content"}},"wdio_ui5_key":"etmportal.ui.managestatesandperformance.view.Detailsap.m.Button{\"propertyName\":\"text\",\"key\":\"createPerformanceDoc\"}"}]}
RESULT: undefined
COMMAND: POST /session/b9718e1e48867b0fba4e39bd9ed4a756/element - {"using":"xpath","value":"//*[@id=\"__button351\"]"}
RESULT: {}
RESULT: {"using":"xpath","value":"//*[@id=\"__button351\"]"}
COMMAND: POST /session/b9718e1e48867b0fba4e39bd9ed4a756/element/f.FE1DA32CFDBC8F8C890368A9A93AADEA.d.6F0E08AA8C02F791F275E146DDEDF47B.e.11062/click - {}
RESULT: {}
COMMAND: POST /session/b9718e1e48867b0fba4e39bd9ed4a756/execute/async - {"script":"<script> [1562 bytes]","args":[{"selector":{"id":"application-managestatesandperformance-display-component---detailStateAndPerform--perfDocDatePicker","searchOpenDialogs":true,"interaction":{"idSuffix":"inner"}},"wdio_ui5_key":"applicationmanagestatesandperformance-display-component---detailStateAndPerform--perfDocDatePicker"}]}
COMMAND: GET /session/b9718e1e48867b0fba4e39bd9ed4a756/screenshot - {}
RESULT: {"script":"<script> [1562 bytes]","args":[{"selector":{"id":"application-managestatesandperformance-display-component---detailStateAndPerform--perfDocDatePicker","searchOpenDialogs":true,"interaction":{"idSuffix":"inner"}},"wdio_ui5_key":"applicationmanagestatesandperformance-display-component---detailStateAndPerform--perfDocDatePicker"}]}
RESULT: undefined
COMMAND: POST /session/b9718e1e48867b0fba4e39bd9ed4a756/execute/async - {"script":"<script> [776 bytes]","args":[{"enterText":"5/19/25","selector":{"id":"application-managestatesandperformance-display-component---detailStateAndPerform--perfDocDatePicker","searchOpenDialogs":true,"interaction":{"idSuffix":"inner"}},"clearTextFirst":true,"interactionType":"ENTER_TEXT"}]}
RESULT: {}
RESULT: {"script":"<script> [776 bytes]","args":[{"enterText":"5/19/25","selector":{"id":"application-managestatesandperformance-display-component---detailStateAndPerform--perfDocDatePicker","searchOpenDialogs":true,"interaction":{"idSuffix":"inner"}},"clearTextFirst":true,"interactionType":"ENTER_TEXT"}]}
COMMAND: POST /session/b9718e1e48867b0fba4e39bd9ed4a756/execute/async - {"script":"<script> [1562 bytes]","args":[{"selector":{"id":"application-managestatesandperformance-display-component---detailStateAndPerform--counterValue-input","searchOpenDialogs":true,"interaction":{"idSuffix":"inner"}},"wdio_ui5_key":"applicationmanagestatesandperformance-display-component---detailStateAndPerform--counterValue-input"}]}
RESULT: {"script":"<script> [1562 bytes]","args":[{"selector":{"id":"application-managestatesandperformance-display-component---detailStateAndPerform--counterValue-input","searchOpenDialogs":true,"interaction":{"idSuffix":"inner"}},"wdio_ui5_key":"applicationmanagestatesandperformance-display-component---detailStateAndPerform--counterValue-input"}]}
RESULT: undefined
COMMAND: POST /session/b9718e1e48867b0fba4e39bd9ed4a756/execute/async - {"script":"<script> [776 bytes]","args":[{"enterText":"15.00","selector":{"id":"application-managestatesandperformance-display-component---detailStateAndPerform--counterValue-input","searchOpenDialogs":true,"interaction":{"idSuffix":"inner"}},"clearTextFirst":true,"interactionType":"ENTER_TEXT"}]}
RESULT: {"script":"<script> [776 bytes]","args":[{"enterText":"15.00","selector":{"id":"application-managestatesandperformance-display-component---detailStateAndPerform--counterValue-input","searchOpenDialogs":true,"interaction":{"idSuffix":"inner"}},"clearTextFirst":true,"interactionType":"ENTER_TEXT"}]}
COMMAND: POST /session/b9718e1e48867b0fba4e39bd9ed4a756/execute/async - {"script":"<script> [1562 bytes]","args":[{"selector":{"controlType":"sap.m.Button","viewName":"etm.portal.ui.managestatesandperformance.view.Detail","viewId":"application-managestatesandperformance-display-component---detailStateAndPerform","bindingPath":{"path":"","propertyPath":"/allowAddEdit","modelName":"oScreenModel"},"searchOpenDialogs":true,"interaction":{"idSuffix":"BDI-content"}},"wdio_ui5_key":"etmportal.ui.managestatesandperformance.view.Detailsap.m.Button{\"path\":\"\",\"propertyPath\":\"/allowAddEdit\",\"modelName\":\"oScreenModel\"}"}]}
RESULT: {"script":"<script> [1562 bytes]","args":[{"selector":{"controlType":"sap.m.Button","viewName":"etm.portal.ui.managestatesandperformance.view.Detail","viewId":"application-managestatesandperformance-display-component---detailStateAndPerform","bindingPath":{"path":"","propertyPath":"/allowAddEdit","modelName":"oScreenModel"},"searchOpenDialogs":true,"interaction":{"idSuffix":"BDI-content"}},"wdio_ui5_key":"etmportal.ui.managestatesandperformance.view.Detailsap.m.Button{\"path\":\"\",\"propertyPath\":\"/allowAddEdit\",\"modelName\":\"oScreenModel\"}"}]}
RESULT: undefined
COMMAND: POST /session/b9718e1e48867b0fba4e39bd9ed4a756/element - {"using":"xpath","value":"//*[@id=\"__button358\"]"}
RESULT: {"using":"xpath","value":"//*[@id=\"__button358\"]"}
COMMAND: POST /session/b9718e1e48867b0fba4e39bd9ed4a756/element/f.FE1DA32CFDBC8F8C890368A9A93AADEA.d.6F0E08AA8C02F791F275E146DDEDF47B.e.11082/click - {}
RESULT: {}
RESULT: undefined
COMMAND: POST /session/b9718e1e48867b0fba4e39bd9ed4a756/element - {"using":"xpath","value":"//*[@id=\"__button351\"]"}
COMMAND: GET /session/b9718e1e48867b0fba4e39bd9ed4a756/screenshot - {}
RESULT: {"using":"xpath","value":"//*[@id=\"__button351\"]"}
COMMAND: POST /session/b9718e1e48867b0fba4e39bd9ed4a756/element/f.FE1DA32CFDBC8F8C890368A9A93AADEA.d.6F0E08AA8C02F791F275E146DDEDF47B.e.11062/click - {}
RESULT: {}
RESULT: {}
RESULT: undefined
COMMAND: POST /session/b9718e1e48867b0fba4e39bd9ed4a756/execute/async - {"script":"<script> [776 bytes]","args":[{"enterText":"5/23/25","selector":{"id":"application-managestatesandperformance-display-component---detailStateAndPerform--perfDocDatePicker","searchOpenDialogs":true,"interaction":{"idSuffix":"inner"}},"clearTextFirst":true,"interactionType":"ENTER_TEXT"}]}
COMMAND: GET /session/b9718e1e48867b0fba4e39bd9ed4a756/screenshot - {}
RESULT: {"script":"<script> [776 bytes]","args":[{"enterText":"5/23/25","selector":{"id":"application-managestatesandperformance-display-component---detailStateAndPerform--perfDocDatePicker","searchOpenDialogs":true,"interaction":{"idSuffix":"inner"}},"clearTextFirst":true,"interactionType":"ENTER_TEXT"}]}
RESULT: undefined
COMMAND: POST /session/b9718e1e48867b0fba4e39bd9ed4a756/execute/async - {"script":"<script> [776 bytes]","args":[{"enterText":"20.00","selector":{"id":"application-managestatesandperformance-display-component---detailStateAndPerform--counterValue-input","searchOpenDialogs":true,"interaction":{"idSuffix":"inner"}},"clearTextFirst":true,"interactionType":"ENTER_TEXT"}]}
RESULT: {}
RESULT: {"script":"<script> [776 bytes]","args":[{"enterText":"20.00","selector":{"id":"application-managestatesandperformance-display-component---detailStateAndPerform--counterValue-input","searchOpenDialogs":true,"interaction":{"idSuffix":"inner"}},"clearTextFirst":true,"interactionType":"ENTER_TEXT"}]}
COMMAND: POST /session/b9718e1e48867b0fba4e39bd9ed4a756/actions - {"actions":[{"id":"action38","type":"key","parameters":{},"actions":[{"type":"keyDown","value":"î€„"},{"type":"keyDown","value":"î€„"},{"type":"pause","duration":10},{"type":"keyUp","value":"î€„"},{"type":"keyUp","value":"î€„"}]}]}
RESULT: {"actions":[{"id":"action38","type":"key","parameters":{},"actions":[{"type":"keyDown","value":"î€„"},{"type":"keyDown","value":"î€„"},{"type":"pause","duration":10},{"type":"keyUp","value":"î€„"},{"type":"keyUp","value":"î€„"}]}]}
COMMAND: POST /session/b9718e1e48867b0fba4e39bd9ed4a756/actions - {"actions":[{"id":"action39","type":"key","parameters":{},"actions":[{"type":"keyDown","value":"î€‡"},{"type":"pause","duration":10},{"type":"keyUp","value":"î€‡"}]}]}
COMMAND: GET /session/b9718e1e48867b0fba4e39bd9ed4a756/screenshot - {}
RESULT: {"actions":[{"id":"action39","type":"key","parameters":{},"actions":[{"type":"keyDown","value":"î€‡"},{"type":"pause","duration":10},{"type":"keyUp","value":"î€‡"}]}]}
RESULT: undefined
COMMAND: POST /session/b9718e1e48867b0fba4e39bd9ed4a756/element - {"using":"xpath","value":"//*[@id=\"__button358\"]"}
COMMAND: GET /session/b9718e1e48867b0fba4e39bd9ed4a756/screenshot - {}
RESULT: {}
RESULT: {"using":"xpath","value":"//*[@id=\"__button358\"]"}
COMMAND: POST /session/b9718e1e48867b0fba4e39bd9ed4a756/elements - {"using":"xpath","value":"//*[@id=\"__button358\"]"}
RESULT: {}
RESULT: {"using":"xpath","value":"//*[@id=\"__button358\"]"}
COMMAND: POST /session/b9718e1e48867b0fba4e39bd9ed4a756/elements - {"using":"xpath","value":"//*[@id=\"__button358\"]"}
RESULT: {"using":"xpath","value":"//*[@id=\"__button358\"]"}
COMMAND: POST /session/b9718e1e48867b0fba4e39bd9ed4a756/elements - {"using":"xpath","value":"//*[@id=\"__button358\"]"}
RESULT: {"using":"xpath","value":"//*[@id=\"__button358\"]"}
COMMAND: POST /session/b9718e1e48867b0fba4e39bd9ed4a756/elements - {"using":"xpath","value":"//*[@id=\"__button358\"]"}
RESULT: {"using":"xpath","value":"//*[@id=\"__button358\"]"}
COMMAND: POST /session/b9718e1e48867b0fba4e39bd9ed4a756/elements - {"using":"xpath","value":"//*[@id=\"__button358\"]"}
RESULT: {"using":"xpath","value":"//*[@id=\"__button358\"]"}
COMMAND: POST /session/b9718e1e48867b0fba4e39bd9ed4a756/elements - {"using":"xpath","value":"//*[@id=\"__button358\"]"}
RESULT: {"using":"xpath","value":"//*[@id=\"__button358\"]"}
COMMAND: POST /session/b9718e1e48867b0fba4e39bd9ed4a756/elements - {"using":"xpath","value":"//*[@id=\"__button358\"]"}
RESULT: {"using":"xpath","value":"//*[@id=\"__button358\"]"}
COMMAND: POST /session/b9718e1e48867b0fba4e39bd9ed4a756/elements - {"using":"xpath","value":"//*[@id=\"__button358\"]"}
RESULT: {"using":"xpath","value":"//*[@id=\"__button358\"]"}
COMMAND: POST /session/b9718e1e48867b0fba4e39bd9ed4a756/elements - {"using":"xpath","value":"//*[@id=\"__button358\"]"}
RESULT: {"using":"xpath","value":"//*[@id=\"__button358\"]"}
COMMAND: POST /session/b9718e1e48867b0fba4e39bd9ed4a756/elements - {"using":"xpath","value":"//*[@id=\"__button358\"]"}
RESULT: {"using":"xpath","value":"//*[@id=\"__button358\"]"}
COMMAND: POST /session/b9718e1e48867b0fba4e39bd9ed4a756/elements - {"using":"xpath","value":"//*[@id=\"__button358\"]"}
RESULT: {"using":"xpath","value":"//*[@id=\"__button358\"]"}
COMMAND: POST /session/b9718e1e48867b0fba4e39bd9ed4a756/elements - {"using":"xpath","value":"//*[@id=\"__button358\"]"}
RESULT: {"using":"xpath","value":"//*[@id=\"__button358\"]"}
COMMAND: POST /session/b9718e1e48867b0fba4e39bd9ed4a756/elements - {"using":"xpath","value":"//*[@id=\"__button358\"]"}
RESULT: {"using":"xpath","value":"//*[@id=\"__button358\"]"}
COMMAND: POST /session/b9718e1e48867b0fba4e39bd9ed4a756/elements - {"using":"xpath","value":"//*[@id=\"__button358\"]"}
RESULT: {"using":"xpath","value":"//*[@id=\"__button358\"]"}
COMMAND: POST /session/b9718e1e48867b0fba4e39bd9ed4a756/elements - {"using":"xpath","value":"//*[@id=\"__button358\"]"}
RESULT: {"using":"xpath","value":"//*[@id=\"__button358\"]"}
COMMAND: POST /session/b9718e1e48867b0fba4e39bd9ed4a756/elements - {"using":"xpath","value":"//*[@id=\"__button358\"]"}
RESULT: {"using":"xpath","value":"//*[@id=\"__button358\"]"}
COMMAND: POST /session/b9718e1e48867b0fba4e39bd9ed4a756/elements - {"using":"xpath","value":"//*[@id=\"__button358\"]"}
RESULT: {"using":"xpath","value":"//*[@id=\"__button358\"]"}
COMMAND: POST /session/b9718e1e48867b0fba4e39bd9ed4a756/elements - {"using":"xpath","value":"//*[@id=\"__button358\"]"}
RESULT: {"using":"xpath","value":"//*[@id=\"__button358\"]"}
COMMAND: POST /session/b9718e1e48867b0fba4e39bd9ed4a756/elements - {"using":"xpath","value":"//*[@id=\"__button358\"]"}
RESULT: {"using":"xpath","value":"//*[@id=\"__button358\"]"}
COMMAND: POST /session/b9718e1e48867b0fba4e39bd9ed4a756/elements - {"using":"xpath","value":"//*[@id=\"__button358\"]"}
RESULT: {"using":"xpath","value":"//*[@id=\"__button358\"]"}
COMMAND: POST /session/b9718e1e48867b0fba4e39bd9ed4a756/elements - {"using":"xpath","value":"//*[@id=\"__button358\"]"}
RESULT: {"using":"xpath","value":"//*[@id=\"__button358\"]"}
COMMAND: POST /session/b9718e1e48867b0fba4e39bd9ed4a756/elements - {"using":"xpath","value":"//*[@id=\"__button358\"]"}
RESULT: {"using":"xpath","value":"//*[@id=\"__button358\"]"}
COMMAND: POST /session/b9718e1e48867b0fba4e39bd9ed4a756/elements - {"using":"xpath","value":"//*[@id=\"__button358\"]"}
RESULT: {"using":"xpath","value":"//*[@id=\"__button358\"]"}
COMMAND: POST /session/b9718e1e48867b0fba4e39bd9ed4a756/elements - {"using":"xpath","value":"//*[@id=\"__button358\"]"}
RESULT: {"using":"xpath","value":"//*[@id=\"__button358\"]"}
COMMAND: POST /session/b9718e1e48867b0fba4e39bd9ed4a756/elements - {"using":"xpath","value":"//*[@id=\"__button358\"]"}
RESULT: {"using":"xpath","value":"//*[@id=\"__button358\"]"}
COMMAND: POST /session/b9718e1e48867b0fba4e39bd9ed4a756/elements - {"using":"xpath","value":"//*[@id=\"__button358\"]"}
RESULT: {"using":"xpath","value":"//*[@id=\"__button358\"]"}
COMMAND: POST /session/b9718e1e48867b0fba4e39bd9ed4a756/elements - {"using":"xpath","value":"//*[@id=\"__button358\"]"}
RESULT: {"using":"xpath","value":"//*[@id=\"__button358\"]"}
COMMAND: POST /session/b9718e1e48867b0fba4e39bd9ed4a756/elements - {"using":"xpath","value":"//*[@id=\"__button358\"]"}
RESULT: {"using":"xpath","value":"//*[@id=\"__button358\"]"}
COMMAND: POST /session/b9718e1e48867b0fba4e39bd9ed4a756/elements - {"using":"xpath","value":"//*[@id=\"__button358\"]"}
RESULT: {"using":"xpath","value":"//*[@id=\"__button358\"]"}
COMMAND: POST /session/b9718e1e48867b0fba4e39bd9ed4a756/elements - {"using":"xpath","value":"//*[@id=\"__button358\"]"}
RESULT: {"using":"xpath","value":"//*[@id=\"__button358\"]"}
COMMAND: POST /session/b9718e1e48867b0fba4e39bd9ed4a756/elements - {"using":"xpath","value":"//*[@id=\"__button358\"]"}
RESULT: {"using":"xpath","value":"//*[@id=\"__button358\"]"}
COMMAND: POST /session/b9718e1e48867b0fba4e39bd9ed4a756/elements - {"using":"xpath","value":"//*[@id=\"__button358\"]"}
RESULT: {"using":"xpath","value":"//*[@id=\"__button358\"]"}
COMMAND: POST /session/b9718e1e48867b0fba4e39bd9ed4a756/elements - {"using":"xpath","value":"//*[@id=\"__button358\"]"}
RESULT: {"using":"xpath","value":"//*[@id=\"__button358\"]"}
COMMAND: POST /session/b9718e1e48867b0fba4e39bd9ed4a756/elements - {"using":"xpath","value":"//*[@id=\"__button358\"]"}
RESULT: {"using":"xpath","value":"//*[@id=\"__button358\"]"}
COMMAND: POST /session/b9718e1e48867b0fba4e39bd9ed4a756/elements - {"using":"xpath","value":"//*[@id=\"__button358\"]"}
RESULT: {"using":"xpath","value":"//*[@id=\"__button358\"]"}
COMMAND: POST /session/b9718e1e48867b0fba4e39bd9ed4a756/elements - {"using":"xpath","value":"//*[@id=\"__button358\"]"}
RESULT: {"using":"xpath","value":"//*[@id=\"__button358\"]"}
COMMAND: POST /session/b9718e1e48867b0fba4e39bd9ed4a756/elements - {"using":"xpath","value":"//*[@id=\"__button358\"]"}
RESULT: {"using":"xpath","value":"//*[@id=\"__button358\"]"}
COMMAND: POST /session/b9718e1e48867b0fba4e39bd9ed4a756/elements - {"using":"xpath","value":"//*[@id=\"__button358\"]"}
RESULT: {"using":"xpath","value":"//*[@id=\"__button358\"]"}
COMMAND: POST /session/b9718e1e48867b0fba4e39bd9ed4a756/elements - {"using":"xpath","value":"//*[@id=\"__button358\"]"}
RESULT: {"using":"xpath","value":"//*[@id=\"__button358\"]"}
COMMAND: POST /session/b9718e1e48867b0fba4e39bd9ed4a756/elements - {"using":"xpath","value":"//*[@id=\"__button358\"]"}
RESULT: {"using":"xpath","value":"//*[@id=\"__button358\"]"}
COMMAND: POST /session/b9718e1e48867b0fba4e39bd9ed4a756/elements - {"using":"xpath","value":"//*[@id=\"__button358\"]"}
RESULT: {"using":"xpath","value":"//*[@id=\"__button358\"]"}
COMMAND: POST /session/b9718e1e48867b0fba4e39bd9ed4a756/elements - {"using":"xpath","value":"//*[@id=\"__button358\"]"}
RESULT: {"using":"xpath","value":"//*[@id=\"__button358\"]"}
COMMAND: POST /session/b9718e1e48867b0fba4e39bd9ed4a756/elements - {"using":"xpath","value":"//*[@id=\"__button358\"]"}
RESULT: {"using":"xpath","value":"//*[@id=\"__button358\"]"}
COMMAND: POST /session/b9718e1e48867b0fba4e39bd9ed4a756/elements - {"using":"xpath","value":"//*[@id=\"__button358\"]"}
RESULT: {"using":"xpath","value":"//*[@id=\"__button358\"]"}
COMMAND: POST /session/b9718e1e48867b0fba4e39bd9ed4a756/elements - {"using":"xpath","value":"//*[@id=\"__button358\"]"}
RESULT: {"using":"xpath","value":"//*[@id=\"__button358\"]"}
COMMAND: POST /session/b9718e1e48867b0fba4e39bd9ed4a756/elements - {"using":"xpath","value":"//*[@id=\"__button358\"]"}
RESULT: {"using":"xpath","value":"//*[@id=\"__button358\"]"}
COMMAND: POST /session/b9718e1e48867b0fba4e39bd9ed4a756/elements - {"using":"xpath","value":"//*[@id=\"__button358\"]"}
RESULT: {"using":"xpath","value":"//*[@id=\"__button358\"]"}
COMMAND: POST /session/b9718e1e48867b0fba4e39bd9ed4a756/elements - {"using":"xpath","value":"//*[@id=\"__button358\"]"}
RESULT: {"using":"xpath","value":"//*[@id=\"__button358\"]"}
COMMAND: POST /session/b9718e1e48867b0fba4e39bd9ed4a756/elements - {"using":"xpath","value":"//*[@id=\"__button358\"]"}
RESULT: {"using":"xpath","value":"//*[@id=\"__button358\"]"}
COMMAND: POST /session/b9718e1e48867b0fba4e39bd9ed4a756/elements - {"using":"xpath","value":"//*[@id=\"__button358\"]"}
RESULT: {"using":"xpath","value":"//*[@id=\"__button358\"]"}
COMMAND: POST /session/b9718e1e48867b0fba4e39bd9ed4a756/elements - {"using":"xpath","value":"//*[@id=\"__button358\"]"}
RESULT: {"using":"xpath","value":"//*[@id=\"__button358\"]"}
COMMAND: POST /session/b9718e1e48867b0fba4e39bd9ed4a756/elements - {"using":"xpath","value":"//*[@id=\"__button358\"]"}
RESULT: {"using":"xpath","value":"//*[@id=\"__button358\"]"}
COMMAND: POST /session/b9718e1e48867b0fba4e39bd9ed4a756/elements - {"using":"xpath","value":"//*[@id=\"__button358\"]"}
RESULT: {"using":"xpath","value":"//*[@id=\"__button358\"]"}
COMMAND: POST /session/b9718e1e48867b0fba4e39bd9ed4a756/elements - {"using":"xpath","value":"//*[@id=\"__button358\"]"}
RESULT: {"using":"xpath","value":"//*[@id=\"__button358\"]"}
COMMAND: POST /session/b9718e1e48867b0fba4e39bd9ed4a756/elements - {"using":"xpath","value":"//*[@id=\"__button358\"]"}
RESULT: {"using":"xpath","value":"//*[@id=\"__button358\"]"}
COMMAND: POST /session/b9718e1e48867b0fba4e39bd9ed4a756/elements - {"using":"xpath","value":"//*[@id=\"__button358\"]"}
RESULT: {"using":"xpath","value":"//*[@id=\"__button358\"]"}
COMMAND: POST /session/b9718e1e48867b0fba4e39bd9ed4a756/elements - {"using":"xpath","value":"//*[@id=\"__button358\"]"}
RESULT: {"using":"xpath","value":"//*[@id=\"__button358\"]"}
COMMAND: POST /session/b9718e1e48867b0fba4e39bd9ed4a756/elements - {"using":"xpath","value":"//*[@id=\"__button358\"]"}
RESULT: {"using":"xpath","value":"//*[@id=\"__button358\"]"}
COMMAND: POST /session/b9718e1e48867b0fba4e39bd9ed4a756/elements - {"using":"xpath","value":"//*[@id=\"__button358\"]"}
RESULT: {"using":"xpath","value":"//*[@id=\"__button358\"]"}
COMMAND: POST /session/b9718e1e48867b0fba4e39bd9ed4a756/elements - {"using":"xpath","value":"//*[@id=\"__button358\"]"}
RESULT: {"using":"xpath","value":"//*[@id=\"__button358\"]"}
COMMAND: POST /session/b9718e1e48867b0fba4e39bd9ed4a756/elements - {"using":"xpath","value":"//*[@id=\"__button358\"]"}
RESULT: {"using":"xpath","value":"//*[@id=\"__button358\"]"}
COMMAND: POST /session/b9718e1e48867b0fba4e39bd9ed4a756/elements - {"using":"xpath","value":"//*[@id=\"__button358\"]"}
RESULT: {"using":"xpath","value":"//*[@id=\"__button358\"]"}
COMMAND: POST /session/b9718e1e48867b0fba4e39bd9ed4a756/elements - {"using":"xpath","value":"//*[@id=\"__button358\"]"}
RESULT: {"using":"xpath","value":"//*[@id=\"__button358\"]"}
COMMAND: POST /session/b9718e1e48867b0fba4e39bd9ed4a756/elements - {"using":"xpath","value":"//*[@id=\"__button358\"]"}
RESULT: {"using":"xpath","value":"//*[@id=\"__button358\"]"}
COMMAND: POST /session/b9718e1e48867b0fba4e39bd9ed4a756/elements - {"using":"xpath","value":"//*[@id=\"__button358\"]"}
RESULT: {"using":"xpath","value":"//*[@id=\"__button358\"]"}
COMMAND: POST /session/b9718e1e48867b0fba4e39bd9ed4a756/elements - {"using":"xpath","value":"//*[@id=\"__button358\"]"}
RESULT: {"using":"xpath","value":"//*[@id=\"__button358\"]"}
COMMAND: POST /session/b9718e1e48867b0fba4e39bd9ed4a756/elements - {"using":"xpath","value":"//*[@id=\"__button358\"]"}
RESULT: {"using":"xpath","value":"//*[@id=\"__button358\"]"}
COMMAND: POST /session/b9718e1e48867b0fba4e39bd9ed4a756/elements - {"using":"xpath","value":"//*[@id=\"__button358\"]"}
RESULT: {"using":"xpath","value":"//*[@id=\"__button358\"]"}
COMMAND: POST /session/b9718e1e48867b0fba4e39bd9ed4a756/elements - {"using":"xpath","value":"//*[@id=\"__button358\"]"}
RESULT: {"using":"xpath","value":"//*[@id=\"__button358\"]"}
COMMAND: POST /session/b9718e1e48867b0fba4e39bd9ed4a756/elements - {"using":"xpath","value":"//*[@id=\"__button358\"]"}
RESULT: {"using":"xpath","value":"//*[@id=\"__button358\"]"}
COMMAND: POST /session/b9718e1e48867b0fba4e39bd9ed4a756/elements - {"using":"xpath","value":"//*[@id=\"__button358\"]"}
RESULT: {"using":"xpath","value":"//*[@id=\"__button358\"]"}
COMMAND: POST /session/b9718e1e48867b0fba4e39bd9ed4a756/elements - {"using":"xpath","value":"//*[@id=\"__button358\"]"}
RESULT: {"using":"xpath","value":"//*[@id=\"__button358\"]"}
COMMAND: POST /session/b9718e1e48867b0fba4e39bd9ed4a756/elements - {"using":"xpath","value":"//*[@id=\"__button358\"]"}
RESULT: {"using":"xpath","value":"//*[@id=\"__button358\"]"}
COMMAND: POST /session/b9718e1e48867b0fba4e39bd9ed4a756/elements - {"using":"xpath","value":"//*[@id=\"__button358\"]"}
RESULT: {"using":"xpath","value":"//*[@id=\"__button358\"]"}
COMMAND: POST /session/b9718e1e48867b0fba4e39bd9ed4a756/elements - {"using":"xpath","value":"//*[@id=\"__button358\"]"}
RESULT: {"using":"xpath","value":"//*[@id=\"__button358\"]"}
COMMAND: POST /session/b9718e1e48867b0fba4e39bd9ed4a756/elements - {"using":"xpath","value":"//*[@id=\"__button358\"]"}
RESULT: {"using":"xpath","value":"//*[@id=\"__button358\"]"}
COMMAND: POST /session/b9718e1e48867b0fba4e39bd9ed4a756/elements - {"using":"xpath","value":"//*[@id=\"__button358\"]"}
RESULT: {"using":"xpath","value":"//*[@id=\"__button358\"]"}
COMMAND: POST /session/b9718e1e48867b0fba4e39bd9ed4a756/elements - {"using":"xpath","value":"//*[@id=\"__button358\"]"}
RESULT: {"using":"xpath","value":"//*[@id=\"__button358\"]"}
COMMAND: POST /session/b9718e1e48867b0fba4e39bd9ed4a756/elements - {"using":"xpath","value":"//*[@id=\"__button358\"]"}
RESULT: {"using":"xpath","value":"//*[@id=\"__button358\"]"}
COMMAND: POST /session/b9718e1e48867b0fba4e39bd9ed4a756/elements - {"using":"xpath","value":"//*[@id=\"__button358\"]"}
RESULT: {"using":"xpath","value":"//*[@id=\"__button358\"]"}
COMMAND: POST /session/b9718e1e48867b0fba4e39bd9ed4a756/elements - {"using":"xpath","value":"//*[@id=\"__button358\"]"}
RESULT: {"using":"xpath","value":"//*[@id=\"__button358\"]"}
COMMAND: POST /session/b9718e1e48867b0fba4e39bd9ed4a756/elements - {"using":"xpath","value":"//*[@id=\"__button358\"]"}
RESULT: {"using":"xpath","value":"//*[@id=\"__button358\"]"}
COMMAND: POST /session/b9718e1e48867b0fba4e39bd9ed4a756/elements - {"using":"xpath","value":"//*[@id=\"__button358\"]"}
RESULT: {"using":"xpath","value":"//*[@id=\"__button358\"]"}
COMMAND: POST /session/b9718e1e48867b0fba4e39bd9ed4a756/elements - {"using":"xpath","value":"//*[@id=\"__button358\"]"}
RESULT: {"using":"xpath","value":"//*[@id=\"__button358\"]"}
COMMAND: POST /session/b9718e1e48867b0fba4e39bd9ed4a756/elements - {"using":"xpath","value":"//*[@id=\"__button358\"]"}
RESULT: {"using":"xpath","value":"//*[@id=\"__button358\"]"}
COMMAND: POST /session/b9718e1e48867b0fba4e39bd9ed4a756/elements - {"using":"xpath","value":"//*[@id=\"__button358\"]"}
RESULT: {"using":"xpath","value":"//*[@id=\"__button358\"]"}
COMMAND: POST /session/b9718e1e48867b0fba4e39bd9ed4a756/elements - {"using":"xpath","value":"//*[@id=\"__button358\"]"}
RESULT: {"using":"xpath","value":"//*[@id=\"__button358\"]"}
COMMAND: POST /session/b9718e1e48867b0fba4e39bd9ed4a756/elements - {"using":"xpath","value":"//*[@id=\"__button358\"]"}
RESULT: {"using":"xpath","value":"//*[@id=\"__button358\"]"}
COMMAND: POST /session/b9718e1e48867b0fba4e39bd9ed4a756/elements - {"using":"xpath","value":"//*[@id=\"__button358\"]"}
RESULT: {"using":"xpath","value":"//*[@id=\"__button358\"]"}
COMMAND: POST /session/b9718e1e48867b0fba4e39bd9ed4a756/elements - {"using":"xpath","value":"//*[@id=\"__button358\"]"}
RESULT: {"using":"xpath","value":"//*[@id=\"__button358\"]"}
COMMAND: POST /session/b9718e1e48867b0fba4e39bd9ed4a756/elements - {"using":"xpath","value":"//*[@id=\"__button358\"]"}
RESULT: {"using":"xpath","value":"//*[@id=\"__button358\"]"}
COMMAND: POST /session/b9718e1e48867b0fba4e39bd9ed4a756/elements - {"using":"xpath","value":"//*[@id=\"__button358\"]"}
RESULT: {"using":"xpath","value":"//*[@id=\"__button358\"]"}
COMMAND: POST /session/b9718e1e48867b0fba4e39bd9ed4a756/elements - {"using":"xpath","value":"//*[@id=\"__button358\"]"}
RESULT: {"using":"xpath","value":"//*[@id=\"__button358\"]"}
COMMAND: POST /session/b9718e1e48867b0fba4e39bd9ed4a756/elements - {"using":"xpath","value":"//*[@id=\"__button358\"]"}
RESULT: {"using":"xpath","value":"//*[@id=\"__button358\"]"}
COMMAND: POST /session/b9718e1e48867b0fba4e39bd9ed4a756/elements - {"using":"xpath","value":"//*[@id=\"__button358\"]"}
RESULT: {"using":"xpath","value":"//*[@id=\"__button358\"]"}
COMMAND: POST /session/b9718e1e48867b0fba4e39bd9ed4a756/elements - {"using":"xpath","value":"//*[@id=\"__button358\"]"}
RESULT: {"using":"xpath","value":"//*[@id=\"__button358\"]"}
COMMAND: POST /session/b9718e1e48867b0fba4e39bd9ed4a756/elements - {"using":"xpath","value":"//*[@id=\"__button358\"]"}
RESULT: {"using":"xpath","value":"//*[@id=\"__button358\"]"}
COMMAND: POST /session/b9718e1e48867b0fba4e39bd9ed4a756/elements - {"using":"xpath","value":"//*[@id=\"__button358\"]"}
RESULT: {"using":"xpath","value":"//*[@id=\"__button358\"]"}
COMMAND: POST /session/b9718e1e48867b0fba4e39bd9ed4a756/elements - {"using":"xpath","value":"//*[@id=\"__button358\"]"}
RESULT: {"using":"xpath","value":"//*[@id=\"__button358\"]"}
COMMAND: POST /session/b9718e1e48867b0fba4e39bd9ed4a756/elements - {"using":"xpath","value":"//*[@id=\"__button358\"]"}
RESULT: {"using":"xpath","value":"//*[@id=\"__button358\"]"}
COMMAND: POST /session/b9718e1e48867b0fba4e39bd9ed4a756/elements - {"using":"xpath","value":"//*[@id=\"__button358\"]"}
RESULT: {"using":"xpath","value":"//*[@id=\"__button358\"]"}
COMMAND: POST /session/b9718e1e48867b0fba4e39bd9ed4a756/elements - {"using":"xpath","value":"//*[@id=\"__button358\"]"}
RESULT: {"using":"xpath","value":"//*[@id=\"__button358\"]"}
COMMAND: POST /session/b9718e1e48867b0fba4e39bd9ed4a756/elements - {"using":"xpath","value":"//*[@id=\"__button358\"]"}
RESULT: {"using":"xpath","value":"//*[@id=\"__button358\"]"}
COMMAND: POST /session/b9718e1e48867b0fba4e39bd9ed4a756/elements - {"using":"xpath","value":"//*[@id=\"__button358\"]"}
RESULT: {"using":"xpath","value":"//*[@id=\"__button358\"]"}
COMMAND: POST /session/b9718e1e48867b0fba4e39bd9ed4a756/elements - {"using":"xpath","value":"//*[@id=\"__button358\"]"}
RESULT: {"using":"xpath","value":"//*[@id=\"__button358\"]"}
COMMAND: POST /session/b9718e1e48867b0fba4e39bd9ed4a756/elements - {"using":"xpath","value":"//*[@id=\"__button358\"]"}
RESULT: {"using":"xpath","value":"//*[@id=\"__button358\"]"}
COMMAND: POST /session/b9718e1e48867b0fba4e39bd9ed4a756/elements - {"using":"xpath","value":"//*[@id=\"__button358\"]"}
RESULT: {"using":"xpath","value":"//*[@id=\"__button358\"]"}
COMMAND: POST /session/b9718e1e48867b0fba4e39bd9ed4a756/elements - {"using":"xpath","value":"//*[@id=\"__button358\"]"}
RESULT: {"using":"xpath","value":"//*[@id=\"__button358\"]"}
COMMAND: POST /session/b9718e1e48867b0fba4e39bd9ed4a756/elements - {"using":"xpath","value":"//*[@id=\"__button358\"]"}
RESULT: {"using":"xpath","value":"//*[@id=\"__button358\"]"}
COMMAND: POST /session/b9718e1e48867b0fba4e39bd9ed4a756/elements - {"using":"xpath","value":"//*[@id=\"__button358\"]"}
RESULT: {"using":"xpath","value":"//*[@id=\"__button358\"]"}
COMMAND: POST /session/b9718e1e48867b0fba4e39bd9ed4a756/elements - {"using":"xpath","value":"//*[@id=\"__button358\"]"}
RESULT: {"using":"xpath","value":"//*[@id=\"__button358\"]"}
COMMAND: POST /session/b9718e1e48867b0fba4e39bd9ed4a756/elements - {"using":"xpath","value":"//*[@id=\"__button358\"]"}
RESULT: {"using":"xpath","value":"//*[@id=\"__button358\"]"}
COMMAND: POST /session/b9718e1e48867b0fba4e39bd9ed4a756/elements - {"using":"xpath","value":"//*[@id=\"__button358\"]"}
RESULT: {"using":"xpath","value":"//*[@id=\"__button358\"]"}
COMMAND: POST /session/b9718e1e48867b0fba4e39bd9ed4a756/elements - {"using":"xpath","value":"//*[@id=\"__button358\"]"}
RESULT: {"using":"xpath","value":"//*[@id=\"__button358\"]"}
COMMAND: POST /session/b9718e1e48867b0fba4e39bd9ed4a756/elements - {"using":"xpath","value":"//*[@id=\"__button358\"]"}
RESULT: {"using":"xpath","value":"//*[@id=\"__button358\"]"}
COMMAND: POST /session/b9718e1e48867b0fba4e39bd9ed4a756/elements - {"using":"xpath","value":"//*[@id=\"__button358\"]"}
RESULT: {"using":"xpath","value":"//*[@id=\"__button358\"]"}
COMMAND: POST /session/b9718e1e48867b0fba4e39bd9ed4a756/elements - {"using":"xpath","value":"//*[@id=\"__button358\"]"}
RESULT: {"using":"xpath","value":"//*[@id=\"__button358\"]"}
COMMAND: POST /session/b9718e1e48867b0fba4e39bd9ed4a756/elements - {"using":"xpath","value":"//*[@id=\"__button358\"]"}
RESULT: {"using":"xpath","value":"//*[@id=\"__button358\"]"}
COMMAND: POST /session/b9718e1e48867b0fba4e39bd9ed4a756/elements - {"using":"xpath","value":"//*[@id=\"__button358\"]"}
RESULT: {"using":"xpath","value":"//*[@id=\"__button358\"]"}
COMMAND: POST /session/b9718e1e48867b0fba4e39bd9ed4a756/elements - {"using":"xpath","value":"//*[@id=\"__button358\"]"}
RESULT: {"using":"xpath","value":"//*[@id=\"__button358\"]"}
COMMAND: POST /session/b9718e1e48867b0fba4e39bd9ed4a756/elements - {"using":"xpath","value":"//*[@id=\"__button358\"]"}
COMMAND: POST /session/b9718e1e48867b0fba4e39bd9ed4a756/element - {"using":"css selector","value":"#shell-header-logo"}
RESULT: {"using":"xpath","value":"//*[@id=\"__button358\"]"}
RESULT: {"using":"css selector","value":"#shell-header-logo"}
COMMAND: POST /session/b9718e1e48867b0fba4e39bd9ed4a756/execute/sync - {"script":"<script> [8489 bytes]","args":[{"element-6066-11e4-a52e-4f735466cecf":"f.FE1DA32CFDBC8F8C890368A9A93AADEA.d.6F0E08AA8C02F791F275E146DDEDF47B.e.10904","ELEMENT":"f.FE1DA32CFDBC8F8C890368A9A93AADEA.d.6F0E08AA8C02F791F275E146DDEDF47B.e.10904"}]}
RESULT: {"script":"<script> [8489 bytes]","args":[{"element-6066-11e4-a52e-4f735466cecf":"f.FE1DA32CFDBC8F8C890368A9A93AADEA.d.6F0E08AA8C02F791F275E146DDEDF47B.e.10904","ELEMENT":"f.FE1DA32CFDBC8F8C890368A9A93AADEA.d.6F0E08AA8C02F791F275E146DDEDF47B.e.10904"}]}
COMMAND: POST /session/b9718e1e48867b0fba4e39bd9ed4a756/execute/sync - {"script":"<script> [5351 bytes]","args":[{"element-6066-11e4-a52e-4f735466cecf":"f.FE1DA32CFDBC8F8C890368A9A93AADEA.d.6F0E08AA8C02F791F275E146DDEDF47B.e.10904","ELEMENT":"f.FE1DA32CFDBC8F8C890368A9A93AADEA.d.6F0E08AA8C02F791F275E146DDEDF47B.e.10904"}]}
COMMAND: GET /session/b9718e1e48867b0fba4e39bd9ed4a756/screenshot - {}
RESULT: {"script":"<script> [5351 bytes]","args":[{"element-6066-11e4-a52e-4f735466cecf":"f.FE1DA32CFDBC8F8C890368A9A93AADEA.d.6F0E08AA8C02F791F275E146DDEDF47B.e.10904","ELEMENT":"f.FE1DA32CFDBC8F8C890368A9A93AADEA.d.6F0E08AA8C02F791F275E146DDEDF47B.e.10904"}]}
COMMAND: POST /session/b9718e1e48867b0fba4e39bd9ed4a756/element/f.FE1DA32CFDBC8F8C890368A9A93AADEA.d.6F0E08AA8C02F791F275E146DDEDF47B.e.10904/click - {}
COMMAND: GET /session/b9718e1e48867b0fba4e39bd9ed4a756/screenshot - {}
RESULT: {}
RESULT: {}
]]></system-out>
    </testcase>
    <testcase classname="chrome.136_0_7103_93.windows.Create_master_data_for_mixed_billing_&amp;_do_billing_calculation_US151661" name="Should go to Manage Billings and trigger calculation check the conditions applied" time="68.427">
      <system-out><![CDATA[
COMMAND: POST /session/b9718e1e48867b0fba4e39bd9ed4a756/execute/async - {"script":"<script> [1562 bytes]","args":[{"selector":{"controlType":"sap.m.GenericTile","properties":{"header":"Manage Billings"}},"wdio_ui5_key":"sapm.GenericTile{\"header\":\"Manage Billings\"}"}]}
COMMAND: GET /session/b9718e1e48867b0fba4e39bd9ed4a756/screenshot - {}
RESULT: {}
RESULT: {"script":"<script> [1562 bytes]","args":[{"selector":{"controlType":"sap.m.GenericTile","properties":{"header":"Manage Billings"}},"wdio_ui5_key":"sapm.GenericTile{\"header\":\"Manage Billings\"}"}]}
RESULT: undefined
COMMAND: POST /session/b9718e1e48867b0fba4e39bd9ed4a756/element - {"using":"xpath","value":"//*[@id=\"__tile91\"]"}
RESULT: {}
RESULT: {"using":"xpath","value":"//*[@id=\"__tile91\"]"}
COMMAND: POST /session/b9718e1e48867b0fba4e39bd9ed4a756/element/f.FE1DA32CFDBC8F8C890368A9A93AADEA.d.6F0E08AA8C02F791F275E146DDEDF47B.e.6031/click - {}
RESULT: {}
COMMAND: GET /session/b9718e1e48867b0fba4e39bd9ed4a756/screenshot - {}
RESULT: {}
COMMAND: POST /session/b9718e1e48867b0fba4e39bd9ed4a756/elements - {"using":"xpath","value":"//span[text()='Error']"}
RESULT: {"using":"xpath","value":"//span[text()='Error']"}
COMMAND: POST /session/b9718e1e48867b0fba4e39bd9ed4a756/execute/async - {"script":"<script> [1562 bytes]","args":[{"selector":{"id":"application-managebillings-display-component---billRunCalcResult--smartFilterBar-btnBasicSearch","interaction":{"idSuffix":"I"}},"wdio_ui5_key":"applicationmanagebillings-display-component---billRunCalcResult--smartFilterBar-btnBasicSearch"}]}
RESULT: {"script":"<script> [1562 bytes]","args":[{"selector":{"id":"application-managebillings-display-component---billRunCalcResult--smartFilterBar-btnBasicSearch","interaction":{"idSuffix":"I"}},"wdio_ui5_key":"applicationmanagebillings-display-component---billRunCalcResult--smartFilterBar-btnBasicSearch"}]}
RESULT: undefined
COMMAND: POST /session/b9718e1e48867b0fba4e39bd9ed4a756/execute/async - {"script":"<script> [776 bytes]","args":[{"enterText":"10337","selector":{"id":"application-managebillings-display-component---billRunCalcResult--smartFilterBar-btnBasicSearch","interaction":{"idSuffix":"I"}},"clearTextFirst":true,"interactionType":"ENTER_TEXT"}]}
RESULT: {"script":"<script> [776 bytes]","args":[{"enterText":"10337","selector":{"id":"application-managebillings-display-component---billRunCalcResult--smartFilterBar-btnBasicSearch","interaction":{"idSuffix":"I"}},"clearTextFirst":true,"interactionType":"ENTER_TEXT"}]}
COMMAND: POST /session/b9718e1e48867b0fba4e39bd9ed4a756/actions - {"actions":[{"id":"action40","type":"key","parameters":{},"actions":[{"type":"keyDown","value":"î€‡"},{"type":"pause","duration":10},{"type":"keyUp","value":"î€‡"}]}]}
RESULT: {"actions":[{"id":"action40","type":"key","parameters":{},"actions":[{"type":"keyDown","value":"î€‡"},{"type":"pause","duration":10},{"type":"keyUp","value":"î€‡"}]}]}
COMMAND: GET /session/b9718e1e48867b0fba4e39bd9ed4a756/screenshot - {}
RESULT: {}
COMMAND: POST /session/b9718e1e48867b0fba4e39bd9ed4a756/element - {"using":"xpath","value":"//td[@aria-colindex=\"1\"]/div/div[contains(@class, \"sapMCbBg\")]"}
RESULT: {"using":"xpath","value":"//td[@aria-colindex=\"1\"]/div/div[contains(@class, \"sapMCbBg\")]"}
COMMAND: POST /session/b9718e1e48867b0fba4e39bd9ed4a756/element/f.FE1DA32CFDBC8F8C890368A9A93AADEA.d.6F0E08AA8C02F791F275E146DDEDF47B.e.11322/click - {}
RESULT: {}
COMMAND: GET /session/b9718e1e48867b0fba4e39bd9ed4a756/screenshot - {}
RESULT: {}
COMMAND: POST /session/b9718e1e48867b0fba4e39bd9ed4a756/execute/async - {"script":"<script> [1562 bytes]","args":[{"selector":{"id":"application-managebillings-display-component---billRunCalcResult--contractBillRunDate","interaction":{"idSuffix":"inner"}},"wdio_ui5_key":"applicationmanagebillings-display-component---billRunCalcResult--contractBillRunDate"}]}
RESULT: {"script":"<script> [1562 bytes]","args":[{"selector":{"id":"application-managebillings-display-component---billRunCalcResult--contractBillRunDate","interaction":{"idSuffix":"inner"}},"wdio_ui5_key":"applicationmanagebillings-display-component---billRunCalcResult--contractBillRunDate"}]}
RESULT: undefined
COMMAND: POST /session/b9718e1e48867b0fba4e39bd9ed4a756/execute/async - {"script":"<script> [776 bytes]","args":[{"enterText":"6/17/25","selector":{"id":"application-managebillings-display-component---billRunCalcResult--contractBillRunDate","interaction":{"idSuffix":"inner"}},"clearTextFirst":true,"interactionType":"ENTER_TEXT"}]}
RESULT: {"script":"<script> [776 bytes]","args":[{"enterText":"6/17/25","selector":{"id":"application-managebillings-display-component---billRunCalcResult--contractBillRunDate","interaction":{"idSuffix":"inner"}},"clearTextFirst":true,"interactionType":"ENTER_TEXT"}]}
COMMAND: POST /session/b9718e1e48867b0fba4e39bd9ed4a756/element - {"using":"xpath","value":"//bdi[contains(text(), \"Trigger Calculation\")]"}
RESULT: {"using":"xpath","value":"//bdi[contains(text(), \"Trigger Calculation\")]"}
COMMAND: POST /session/b9718e1e48867b0fba4e39bd9ed4a756/element/f.FE1DA32CFDBC8F8C890368A9A93AADEA.d.6F0E08AA8C02F791F275E146DDEDF47B.e.11372/click - {}
RESULT: {}
COMMAND: GET /session/b9718e1e48867b0fba4e39bd9ed4a756/screenshot - {}
RESULT: {}
COMMAND: POST /session/b9718e1e48867b0fba4e39bd9ed4a756/element - {"using":"xpath","value":"(//span[contains(@id, \"imgNav\")])[1]"}
RESULT: {"using":"xpath","value":"(//span[contains(@id, \"imgNav\")])[1]"}
COMMAND: POST /session/b9718e1e48867b0fba4e39bd9ed4a756/element/f.FE1DA32CFDBC8F8C890368A9A93AADEA.d.6F0E08AA8C02F791F275E146DDEDF47B.e.11323/click - {}
RESULT: {}
COMMAND: GET /session/b9718e1e48867b0fba4e39bd9ed4a756/screenshot - {}
RESULT: {}
COMMAND: POST /session/b9718e1e48867b0fba4e39bd9ed4a756/element - {"using":"xpath","value":"//tr/td[6]/div[1]/span[1]/span[1]"}
RESULT: {"using":"xpath","value":"//tr/td[6]/div[1]/span[1]/span[1]"}
COMMAND: GET /session/b9718e1e48867b0fba4e39bd9ed4a756/element/f.FE1DA32CFDBC8F8C890368A9A93AADEA.d.6F0E08AA8C02F791F275E146DDEDF47B.e.11378/text - {}
RESULT: {}
COMMAND: POST /session/b9718e1e48867b0fba4e39bd9ed4a756/element - {"using":"xpath","value":"(//span[contains(@id, \"imgNav\")])[2]"}
RESULT: {"using":"xpath","value":"(//span[contains(@id, \"imgNav\")])[2]"}
COMMAND: POST /session/b9718e1e48867b0fba4e39bd9ed4a756/element/f.FE1DA32CFDBC8F8C890368A9A93AADEA.d.6F0E08AA8C02F791F275E146DDEDF47B.e.11379/click - {}
RESULT: {}
COMMAND: POST /session/b9718e1e48867b0fba4e39bd9ed4a756/element - {"using":"xpath","value":"//bdi[contains(text(), \"Business Confirm\")]"}
COMMAND: GET /session/b9718e1e48867b0fba4e39bd9ed4a756/screenshot - {}
RESULT: {"using":"xpath","value":"//bdi[contains(text(), \"Business Confirm\")]"}
COMMAND: POST /session/b9718e1e48867b0fba4e39bd9ed4a756/elements - {"using":"xpath","value":"//bdi[contains(text(), \"Business Confirm\")]"}
RESULT: {}
RESULT: {"using":"xpath","value":"//bdi[contains(text(), \"Business Confirm\")]"}
COMMAND: POST /session/b9718e1e48867b0fba4e39bd9ed4a756/elements - {"using":"xpath","value":"//bdi[contains(text(), \"Business Confirm\")]"}
RESULT: {"using":"xpath","value":"//bdi[contains(text(), \"Business Confirm\")]"}
COMMAND: POST /session/b9718e1e48867b0fba4e39bd9ed4a756/element - {"using":"xpath","value":"//bdi[contains(text(), \"Business Confirm\")]"}
RESULT: {"using":"xpath","value":"//bdi[contains(text(), \"Business Confirm\")]"}
COMMAND: POST /session/b9718e1e48867b0fba4e39bd9ed4a756/element/f.FE1DA32CFDBC8F8C890368A9A93AADEA.d.6F0E08AA8C02F791F275E146DDEDF47B.e.11381/click - {}
COMMAND: POST /session/b9718e1e48867b0fba4e39bd9ed4a756/element - {"using":"xpath","value":"//bdi[contains(text(), \"Business Confirm\")]"}
RESULT: {"using":"xpath","value":"//bdi[contains(text(), \"Business Confirm\")]"}
COMMAND: POST /session/b9718e1e48867b0fba4e39bd9ed4a756/element/f.FE1DA32CFDBC8F8C890368A9A93AADEA.d.6F0E08AA8C02F791F275E146DDEDF47B.e.11381/click - {}
COMMAND: POST /session/b9718e1e48867b0fba4e39bd9ed4a756/element - {"using":"xpath","value":"//bdi[contains(text(), \"Business Confirm\")]"}
RESULT: {"using":"xpath","value":"//bdi[contains(text(), \"Business Confirm\")]"}
COMMAND: POST /session/b9718e1e48867b0fba4e39bd9ed4a756/element/f.FE1DA32CFDBC8F8C890368A9A93AADEA.d.6F0E08AA8C02F791F275E146DDEDF47B.e.11430/click - {}
RESULT: {}
COMMAND: POST /session/b9718e1e48867b0fba4e39bd9ed4a756/element - {"using":"css selector","value":"#shell-header-logo"}
COMMAND: GET /session/b9718e1e48867b0fba4e39bd9ed4a756/screenshot - {}
RESULT: {"using":"css selector","value":"#shell-header-logo"}
COMMAND: POST /session/b9718e1e48867b0fba4e39bd9ed4a756/element/f.FE1DA32CFDBC8F8C890368A9A93AADEA.d.6F0E08AA8C02F791F275E146DDEDF47B.e.11103/click - {}
RESULT: {}
RESULT: {}
COMMAND: GET /session/b9718e1e48867b0fba4e39bd9ed4a756/screenshot - {}
RESULT: {}
COMMAND: POST /session/b9718e1e48867b0fba4e39bd9ed4a756/element - {"using":"css selector","value":"#j_username"}
COMMAND: POST /session/b9718e1e48867b0fba4e39bd9ed4a756/url - {"url":"https://qa-testing-00-live-etm-ui.cfapps.eu10-004.hana.ondemand.com/"}
RESULT: {"using":"css selector","value":"#j_username"}
COMMAND: POST /session/b9718e1e48867b0fba4e39bd9ed4a756/element - {"using":"css selector","value":"#j_username"}
RESULT: {"url":"https://qa-testing-00-live-etm-ui.cfapps.eu10-004.hana.ondemand.com/"}
RESULT: undefined
COMMAND: GET /session/b9718e1e48867b0fba4e39bd9ed4a756/screenshot - {}
RESULT: {"using":"css selector","value":"#j_username"}
COMMAND: POST /session/b9718e1e48867b0fba4e39bd9ed4a756/element - {"using":"css selector","value":"#shell-header-logo"}
RESULT: {}
RESULT: {"using":"css selector","value":"#shell-header-logo"}
COMMAND: POST /session/b9718e1e48867b0fba4e39bd9ed4a756/execute/sync - {"script":"<script> [8489 bytes]","args":[{"element-6066-11e4-a52e-4f735466cecf":"f.FE1DA32CFDBC8F8C890368A9A93AADEA.d.5A316039414F54D635B6CDF0F6F48426.e.11461","ELEMENT":"f.FE1DA32CFDBC8F8C890368A9A93AADEA.d.5A316039414F54D635B6CDF0F6F48426.e.11461"}]}
RESULT: {"script":"<script> [8489 bytes]","args":[{"element-6066-11e4-a52e-4f735466cecf":"f.FE1DA32CFDBC8F8C890368A9A93AADEA.d.5A316039414F54D635B6CDF0F6F48426.e.11461","ELEMENT":"f.FE1DA32CFDBC8F8C890368A9A93AADEA.d.5A316039414F54D635B6CDF0F6F48426.e.11461"}]}
COMMAND: POST /session/b9718e1e48867b0fba4e39bd9ed4a756/element - {"using":"css selector","value":"#shell-header-logo"}
COMMAND: GET /session/b9718e1e48867b0fba4e39bd9ed4a756/screenshot - {}
RESULT: {"using":"css selector","value":"#shell-header-logo"}
COMMAND: POST /session/b9718e1e48867b0fba4e39bd9ed4a756/execute/sync - {"script":"<script> [8489 bytes]","args":[{"element-6066-11e4-a52e-4f735466cecf":"f.FE1DA32CFDBC8F8C890368A9A93AADEA.d.5A316039414F54D635B6CDF0F6F48426.e.11461","ELEMENT":"f.FE1DA32CFDBC8F8C890368A9A93AADEA.d.5A316039414F54D635B6CDF0F6F48426.e.11461"}]}
RESULT: {}
RESULT: {"script":"<script> [8489 bytes]","args":[{"element-6066-11e4-a52e-4f735466cecf":"f.FE1DA32CFDBC8F8C890368A9A93AADEA.d.5A316039414F54D635B6CDF0F6F48426.e.11461","ELEMENT":"f.FE1DA32CFDBC8F8C890368A9A93AADEA.d.5A316039414F54D635B6CDF0F6F48426.e.11461"}]}
COMMAND: POST /session/b9718e1e48867b0fba4e39bd9ed4a756/execute/sync - {"script":"<script> [5351 bytes]","args":[{"element-6066-11e4-a52e-4f735466cecf":"f.FE1DA32CFDBC8F8C890368A9A93AADEA.d.5A316039414F54D635B6CDF0F6F48426.e.11461","ELEMENT":"f.FE1DA32CFDBC8F8C890368A9A93AADEA.d.5A316039414F54D635B6CDF0F6F48426.e.11461"}]}
COMMAND: GET /session/b9718e1e48867b0fba4e39bd9ed4a756/screenshot - {}
RESULT: {"script":"<script> [5351 bytes]","args":[{"element-6066-11e4-a52e-4f735466cecf":"f.FE1DA32CFDBC8F8C890368A9A93AADEA.d.5A316039414F54D635B6CDF0F6F48426.e.11461","ELEMENT":"f.FE1DA32CFDBC8F8C890368A9A93AADEA.d.5A316039414F54D635B6CDF0F6F48426.e.11461"}]}
COMMAND: POST /session/b9718e1e48867b0fba4e39bd9ed4a756/element - {"using":"css selector","value":"#shell-header-logo"}
COMMAND: GET /session/b9718e1e48867b0fba4e39bd9ed4a756/screenshot - {}
RESULT: {}
RESULT: {"using":"css selector","value":"#shell-header-logo"}
COMMAND: POST /session/b9718e1e48867b0fba4e39bd9ed4a756/element/f.FE1DA32CFDBC8F8C890368A9A93AADEA.d.5A316039414F54D635B6CDF0F6F48426.e.11461/click - {}
RESULT: {}
RESULT: {}
COMMAND: GET /session/b9718e1e48867b0fba4e39bd9ed4a756/screenshot - {}
RESULT: {}
COMMAND: POST /session/b9718e1e48867b0fba4e39bd9ed4a756/execute/async - {"script":"<script> [189 bytes]","args":[]}
RESULT: {"script":"<script> [189 bytes]","args":[]}
COMMAND: POST /session/b9718e1e48867b0fba4e39bd9ed4a756/execute/async - {"script":"<script> [123 bytes]","args":[]}
RESULT: {"script":"<script> [123 bytes]","args":[]}
COMMAND: POST /session/b9718e1e48867b0fba4e39bd9ed4a756/timeouts - {"script":"<number>"}
RESULT: {"script":"<number>"}
COMMAND: GET /session/b9718e1e48867b0fba4e39bd9ed4a756/timeouts - {}
RESULT: {}
RESULT: undefined
COMMAND: POST /session/b9718e1e48867b0fba4e39bd9ed4a756/execute/async - {"script":"<script> [2676 bytes]","args":[]}
RESULT: {"script":"<script> [2676 bytes]","args":[]}
COMMAND: POST /session/b9718e1e48867b0fba4e39bd9ed4a756/execute/async - {"script":"<script> [2342 bytes]","args":[{"protocol":"http","hostname":"0.0.0.0","path":"/","capabilities":{"browserName":"chrome","goog:chromeOptions":{"binary":"C:\\Program Files\\Google\\Chrome\\Application\\chrome.exe","args":["--start-maximized"]}},"logLevel":"warn","connectionRetryTimeout":120000,"connectionRetryCount":3,"logLevels":{},"enableDirectConnect":true,"strictSSL":true,"_":"65 more keys: [\"cacheDir\",\"port\",\"requestedCapabilities\",\"automationProtocol\",\"baseUrl\",\"waitforInterval\",\"waitforTimeout\",\"onReload\",\"beforeCommand\",\"afterCommand\",\"rootDir\",\"specs\",\"suites\",\"exclude\",\"groupLogsByTestSpec\",\"excludeDriverLogs\",\"bail\",\"framework\",\"reporters\",\"services\",\"maxInstances\",\"maxInstancesPerCapability\",\"injectGlobals\",\"filesToWatch\",\"execArgv\",\"runnerEnv\",\"runner\",\"shard\",\"specFileRetries\",\"specFileRetriesDelay\",\"specFileRetriesDeferred\",\"reporterSyncInterval\",\"reporterSyncTimeout\",\"cucumberFeaturesWithLineNumbers\",\"autoCompileOpts\",\"mochaOpts\",\"jasmineOpts\",\"cucumberOpts\",\"onPrepare\",\"onWorkerStart\",\"onWorkerEnd\",\"before\",\"beforeSession\",\"beforeSuite\",\"beforeHook\",\"beforeTest\",\"afterTest\",\"afterHook\",\"afterSuite\",\"afterSession\",\"after\",\"onComplete\",\"beforeAssertion\",\"afterAssertion\",\"beforeFeature\",\"beforeScenario\",\"beforeStep\",\"afterStep\",\"afterScenario\",\"afterFeature\",\"_\",\"suite\",\"$0\",\"ignoredWorkerServices\",\"wdi5\"]"}]}
RESULT: {"script":"<script> [2342 bytes]","args":[{"protocol":"http","hostname":"0.0.0.0","path":"/","capabilities":{"browserName":"chrome","goog:chromeOptions":{"binary":"C:\\Program Files\\Google\\Chrome\\Application\\chrome.exe","args":["--start-maximized"]}},"logLevel":"warn","connectionRetryTimeout":120000,"connectionRetryCount":3,"logLevels":{},"enableDirectConnect":true,"strictSSL":true,"_":"65 more keys: [\"cacheDir\",\"port\",\"requestedCapabilities\",\"automationProtocol\",\"baseUrl\",\"waitforInterval\",\"waitforTimeout\",\"onReload\",\"beforeCommand\",\"afterCommand\",\"rootDir\",\"specs\",\"suites\",\"exclude\",\"groupLogsByTestSpec\",\"excludeDriverLogs\",\"bail\",\"framework\",\"reporters\",\"services\",\"maxInstances\",\"maxInstancesPerCapability\",\"injectGlobals\",\"filesToWatch\",\"execArgv\",\"runnerEnv\",\"runner\",\"shard\",\"specFileRetries\",\"specFileRetriesDelay\",\"specFileRetriesDeferred\",\"reporterSyncInterval\",\"reporterSyncTimeout\",\"cucumberFeaturesWithLineNumbers\",\"autoCompileOpts\",\"mochaOpts\",\"jasmineOpts\",\"cucumberOpts\",\"onPrepare\",\"onWorkerStart\",\"onWorkerEnd\",\"before\",\"beforeSession\",\"beforeSuite\",\"beforeHook\",\"beforeTest\",\"afterTest\",\"afterHook\",\"afterSuite\",\"afterSession\",\"after\",\"onComplete\",\"beforeAssertion\",\"afterAssertion\",\"beforeFeature\",\"beforeScenario\",\"beforeStep\",\"afterStep\",\"afterScenario\",\"afterFeature\",\"_\",\"suite\",\"$0\",\"ignoredWorkerServices\",\"wdi5\"]"}]}
COMMAND: POST /session/b9718e1e48867b0fba4e39bd9ed4a756/execute/async - {"script":"<script> [21126 bytes]","args":[35000]}
RESULT: {"script":"<script> [21126 bytes]","args":[35000]}
COMMAND: POST /session/b9718e1e48867b0fba4e39bd9ed4a756/window/maximize - {}
RESULT: {}
COMMAND: POST /session/b9718e1e48867b0fba4e39bd9ed4a756/execute/async - {"script":"<script> [1562 bytes]","args":[{"selector":{"id":"shell-header","interaction":{"idSuffix":"icon"}},"wdio_ui5_key":"shellheader"}]}
COMMAND: GET /session/b9718e1e48867b0fba4e39bd9ed4a756/screenshot - {}
RESULT: {"script":"<script> [1562 bytes]","args":[{"selector":{"id":"shell-header","interaction":{"idSuffix":"icon"}},"wdio_ui5_key":"shellheader"}]}
RESULT: undefined
COMMAND: POST /session/b9718e1e48867b0fba4e39bd9ed4a756/refresh - {}
RESULT: {}
RESULT: {}
COMMAND: GET /session/b9718e1e48867b0fba4e39bd9ed4a756/screenshot - {}
RESULT: {}
COMMAND: POST /session/b9718e1e48867b0fba4e39bd9ed4a756/refresh - {}
RESULT: {}
COMMAND: GET /session/b9718e1e48867b0fba4e39bd9ed4a756/screenshot - {}
RESULT: {}
COMMAND: POST /session/b9718e1e48867b0fba4e39bd9ed4a756/window/fullscreen - {}
RESULT: {}
COMMAND: POST /session/b9718e1e48867b0fba4e39bd9ed4a756/execute/async - {"script":"<script> [189 bytes]","args":[]}
RESULT: {"script":"<script> [189 bytes]","args":[]}
COMMAND: POST /session/b9718e1e48867b0fba4e39bd9ed4a756/execute/async - {"script":"<script> [123 bytes]","args":[]}
RESULT: {"script":"<script> [123 bytes]","args":[]}
COMMAND: POST /session/b9718e1e48867b0fba4e39bd9ed4a756/timeouts - {"script":"<number>"}
RESULT: {"script":"<number>"}
COMMAND: GET /session/b9718e1e48867b0fba4e39bd9ed4a756/timeouts - {}
RESULT: {}
RESULT: undefined
COMMAND: POST /session/b9718e1e48867b0fba4e39bd9ed4a756/execute/async - {"script":"<script> [2676 bytes]","args":[]}
RESULT: {"script":"<script> [2676 bytes]","args":[]}
COMMAND: POST /session/b9718e1e48867b0fba4e39bd9ed4a756/execute/async - {"script":"<script> [2342 bytes]","args":[{"protocol":"http","hostname":"0.0.0.0","path":"/","capabilities":{"browserName":"chrome","goog:chromeOptions":{"binary":"C:\\Program Files\\Google\\Chrome\\Application\\chrome.exe","args":["--start-maximized"]}},"logLevel":"warn","connectionRetryTimeout":120000,"connectionRetryCount":3,"logLevels":{},"enableDirectConnect":true,"strictSSL":true,"_":"65 more keys: [\"cacheDir\",\"port\",\"requestedCapabilities\",\"automationProtocol\",\"baseUrl\",\"waitforInterval\",\"waitforTimeout\",\"onReload\",\"beforeCommand\",\"afterCommand\",\"rootDir\",\"specs\",\"suites\",\"exclude\",\"groupLogsByTestSpec\",\"excludeDriverLogs\",\"bail\",\"framework\",\"reporters\",\"services\",\"maxInstances\",\"maxInstancesPerCapability\",\"injectGlobals\",\"filesToWatch\",\"execArgv\",\"runnerEnv\",\"runner\",\"shard\",\"specFileRetries\",\"specFileRetriesDelay\",\"specFileRetriesDeferred\",\"reporterSyncInterval\",\"reporterSyncTimeout\",\"cucumberFeaturesWithLineNumbers\",\"autoCompileOpts\",\"mochaOpts\",\"jasmineOpts\",\"cucumberOpts\",\"onPrepare\",\"onWorkerStart\",\"onWorkerEnd\",\"before\",\"beforeSession\",\"beforeSuite\",\"beforeHook\",\"beforeTest\",\"afterTest\",\"afterHook\",\"afterSuite\",\"afterSession\",\"after\",\"onComplete\",\"beforeAssertion\",\"afterAssertion\",\"beforeFeature\",\"beforeScenario\",\"beforeStep\",\"afterStep\",\"afterScenario\",\"afterFeature\",\"_\",\"suite\",\"$0\",\"ignoredWorkerServices\",\"wdi5\"]"}]}
RESULT: {"script":"<script> [2342 bytes]","args":[{"protocol":"http","hostname":"0.0.0.0","path":"/","capabilities":{"browserName":"chrome","goog:chromeOptions":{"binary":"C:\\Program Files\\Google\\Chrome\\Application\\chrome.exe","args":["--start-maximized"]}},"logLevel":"warn","connectionRetryTimeout":120000,"connectionRetryCount":3,"logLevels":{},"enableDirectConnect":true,"strictSSL":true,"_":"65 more keys: [\"cacheDir\",\"port\",\"requestedCapabilities\",\"automationProtocol\",\"baseUrl\",\"waitforInterval\",\"waitforTimeout\",\"onReload\",\"beforeCommand\",\"afterCommand\",\"rootDir\",\"specs\",\"suites\",\"exclude\",\"groupLogsByTestSpec\",\"excludeDriverLogs\",\"bail\",\"framework\",\"reporters\",\"services\",\"maxInstances\",\"maxInstancesPerCapability\",\"injectGlobals\",\"filesToWatch\",\"execArgv\",\"runnerEnv\",\"runner\",\"shard\",\"specFileRetries\",\"specFileRetriesDelay\",\"specFileRetriesDeferred\",\"reporterSyncInterval\",\"reporterSyncTimeout\",\"cucumberFeaturesWithLineNumbers\",\"autoCompileOpts\",\"mochaOpts\",\"jasmineOpts\",\"cucumberOpts\",\"onPrepare\",\"onWorkerStart\",\"onWorkerEnd\",\"before\",\"beforeSession\",\"beforeSuite\",\"beforeHook\",\"beforeTest\",\"afterTest\",\"afterHook\",\"afterSuite\",\"afterSession\",\"after\",\"onComplete\",\"beforeAssertion\",\"afterAssertion\",\"beforeFeature\",\"beforeScenario\",\"beforeStep\",\"afterStep\",\"afterScenario\",\"afterFeature\",\"_\",\"suite\",\"$0\",\"ignoredWorkerServices\",\"wdi5\"]"}]}
COMMAND: POST /session/b9718e1e48867b0fba4e39bd9ed4a756/execute/async - {"script":"<script> [21126 bytes]","args":[35000]}
RESULT: {"script":"<script> [21126 bytes]","args":[35000]}
]]></system-out>
    </testcase>
  </testsuite>
  <testsuite timestamp="2025-05-17T17:48:31" time="825.004" tests="13" failures="0" errors="0" skipped="0">
    <properties>
      <property name="specId" value="0" />
      <property name="suiteName" value="Performance based billing (work days) US139742" />
      <property name="capabilities" value="chrome.136_0_7103_93.windows" />
      <property name="file" value="file:///D:/a/1/s/test/specs/BTS/billing-performance-workdays.spec.js" />
    </properties>
    <testcase classname="chrome.136_0_7103_93.windows.Performance_based_billing_(work_days)_US139742" name="Should create a new yard" time="0.015">
      <system-out><![CDATA[
COMMAND: POST /session/b9718e1e48867b0fba4e39bd9ed4a756/window/fullscreen - {}
RESULT: {}
]]></system-out>
    </testcase>
    <testcase classname="chrome.136_0_7103_93.windows.Performance_based_billing_(work_days)_US139742" name="Should create a new partner" time="0.006" />
    <testcase classname="chrome.136_0_7103_93.windows.Performance_based_billing_(work_days)_US139742" name="Should create a new site" time="0.004" />
    <testcase classname="chrome.136_0_7103_93.windows.Performance_based_billing_(work_days)_US139742" name="Should do prerequisite steps add equipment" time="145.859">
      <system-out><![CDATA[
COMMAND: POST /session/b9718e1e48867b0fba4e39bd9ed4a756/execute/async - {"script":"<script> [1562 bytes]","args":[{"selector":{"controlType":"sap.m.GenericTile","properties":{"header":"Manage Resources"}},"wdio_ui5_key":"sapm.GenericTile{\"header\":\"Manage Resources\"}"}]}
RESULT: {"script":"<script> [1562 bytes]","args":[{"selector":{"controlType":"sap.m.GenericTile","properties":{"header":"Manage Resources"}},"wdio_ui5_key":"sapm.GenericTile{\"header\":\"Manage Resources\"}"}]}
RESULT: undefined
COMMAND: POST /session/b9718e1e48867b0fba4e39bd9ed4a756/element - {"using":"xpath","value":"//*[@id=\"__tile39\"]"}
RESULT: {"using":"xpath","value":"//*[@id=\"__tile39\"]"}
COMMAND: POST /session/b9718e1e48867b0fba4e39bd9ed4a756/element/f.FE1DA32CFDBC8F8C890368A9A93AADEA.d.E18F61EBBB72F736C0B4C5811CE18198.e.11625/click - {}
RESULT: {}
COMMAND: GET /session/b9718e1e48867b0fba4e39bd9ed4a756/screenshot - {}
RESULT: {}
COMMAND: POST /session/b9718e1e48867b0fba4e39bd9ed4a756/elements - {"using":"xpath","value":"//span[text()='Error']"}
RESULT: {"using":"xpath","value":"//span[text()='Error']"}
COMMAND: POST /session/b9718e1e48867b0fba4e39bd9ed4a756/element - {"using":"xpath","value":"//button[@data-kt=\"addNewRUOverflowToolbarButton\"]"}
RESULT: {"using":"xpath","value":"//button[@data-kt=\"addNewRUOverflowToolbarButton\"]"}
COMMAND: POST /session/b9718e1e48867b0fba4e39bd9ed4a756/elements - {"using":"xpath","value":"//button[@data-kt=\"addNewRUOverflowToolbarButton\"]"}
RESULT: {"using":"xpath","value":"//button[@data-kt=\"addNewRUOverflowToolbarButton\"]"}
COMMAND: POST /session/b9718e1e48867b0fba4e39bd9ed4a756/elements - {"using":"xpath","value":"//button[@data-kt=\"addNewRUOverflowToolbarButton\"]"}
RESULT: {"using":"xpath","value":"//button[@data-kt=\"addNewRUOverflowToolbarButton\"]"}
COMMAND: POST /session/b9718e1e48867b0fba4e39bd9ed4a756/elements - {"using":"xpath","value":"//button[@data-kt=\"addNewRUOverflowToolbarButton\"]"}
RESULT: {"using":"xpath","value":"//button[@data-kt=\"addNewRUOverflowToolbarButton\"]"}
COMMAND: POST /session/b9718e1e48867b0fba4e39bd9ed4a756/elements - {"using":"xpath","value":"//button[@data-kt=\"addNewRUOverflowToolbarButton\"]"}
RESULT: {"using":"xpath","value":"//button[@data-kt=\"addNewRUOverflowToolbarButton\"]"}
COMMAND: POST /session/b9718e1e48867b0fba4e39bd9ed4a756/elements - {"using":"xpath","value":"//button[@data-kt=\"addNewRUOverflowToolbarButton\"]"}
RESULT: {"using":"xpath","value":"//button[@data-kt=\"addNewRUOverflowToolbarButton\"]"}
COMMAND: POST /session/b9718e1e48867b0fba4e39bd9ed4a756/elements - {"using":"xpath","value":"//button[@data-kt=\"addNewRUOverflowToolbarButton\"]"}
RESULT: {"using":"xpath","value":"//button[@data-kt=\"addNewRUOverflowToolbarButton\"]"}
COMMAND: POST /session/b9718e1e48867b0fba4e39bd9ed4a756/elements - {"using":"xpath","value":"//button[@data-kt=\"addNewRUOverflowToolbarButton\"]"}
RESULT: {"using":"xpath","value":"//button[@data-kt=\"addNewRUOverflowToolbarButton\"]"}
COMMAND: POST /session/b9718e1e48867b0fba4e39bd9ed4a756/elements - {"using":"xpath","value":"//button[@data-kt=\"addNewRUOverflowToolbarButton\"]"}
RESULT: {"using":"xpath","value":"//button[@data-kt=\"addNewRUOverflowToolbarButton\"]"}
COMMAND: POST /session/b9718e1e48867b0fba4e39bd9ed4a756/elements - {"using":"xpath","value":"//button[@data-kt=\"addNewRUOverflowToolbarButton\"]"}
RESULT: {"using":"xpath","value":"//button[@data-kt=\"addNewRUOverflowToolbarButton\"]"}
COMMAND: POST /session/b9718e1e48867b0fba4e39bd9ed4a756/elements - {"using":"xpath","value":"//button[@data-kt=\"addNewRUOverflowToolbarButton\"]"}
RESULT: {"using":"xpath","value":"//button[@data-kt=\"addNewRUOverflowToolbarButton\"]"}
COMMAND: POST /session/b9718e1e48867b0fba4e39bd9ed4a756/elements - {"using":"xpath","value":"//button[@data-kt=\"addNewRUOverflowToolbarButton\"]"}
RESULT: {"using":"xpath","value":"//button[@data-kt=\"addNewRUOverflowToolbarButton\"]"}
COMMAND: POST /session/b9718e1e48867b0fba4e39bd9ed4a756/elements - {"using":"xpath","value":"//button[@data-kt=\"addNewRUOverflowToolbarButton\"]"}
RESULT: {"using":"xpath","value":"//button[@data-kt=\"addNewRUOverflowToolbarButton\"]"}
COMMAND: POST /session/b9718e1e48867b0fba4e39bd9ed4a756/elements - {"using":"xpath","value":"//button[@data-kt=\"addNewRUOverflowToolbarButton\"]"}
RESULT: {"using":"xpath","value":"//button[@data-kt=\"addNewRUOverflowToolbarButton\"]"}
COMMAND: POST /session/b9718e1e48867b0fba4e39bd9ed4a756/elements - {"using":"xpath","value":"//button[@data-kt=\"addNewRUOverflowToolbarButton\"]"}
RESULT: {"using":"xpath","value":"//button[@data-kt=\"addNewRUOverflowToolbarButton\"]"}
COMMAND: POST /session/b9718e1e48867b0fba4e39bd9ed4a756/elements - {"using":"xpath","value":"//button[@data-kt=\"addNewRUOverflowToolbarButton\"]"}
RESULT: {"using":"xpath","value":"//button[@data-kt=\"addNewRUOverflowToolbarButton\"]"}
COMMAND: POST /session/b9718e1e48867b0fba4e39bd9ed4a756/elements - {"using":"xpath","value":"//button[@data-kt=\"addNewRUOverflowToolbarButton\"]"}
RESULT: {"using":"xpath","value":"//button[@data-kt=\"addNewRUOverflowToolbarButton\"]"}
COMMAND: POST /session/b9718e1e48867b0fba4e39bd9ed4a756/elements - {"using":"xpath","value":"//button[@data-kt=\"addNewRUOverflowToolbarButton\"]"}
RESULT: {"using":"xpath","value":"//button[@data-kt=\"addNewRUOverflowToolbarButton\"]"}
COMMAND: POST /session/b9718e1e48867b0fba4e39bd9ed4a756/elements - {"using":"xpath","value":"//button[@data-kt=\"addNewRUOverflowToolbarButton\"]"}
RESULT: {"using":"xpath","value":"//button[@data-kt=\"addNewRUOverflowToolbarButton\"]"}
COMMAND: POST /session/b9718e1e48867b0fba4e39bd9ed4a756/elements - {"using":"xpath","value":"//button[@data-kt=\"addNewRUOverflowToolbarButton\"]"}
RESULT: {"using":"xpath","value":"//button[@data-kt=\"addNewRUOverflowToolbarButton\"]"}
COMMAND: POST /session/b9718e1e48867b0fba4e39bd9ed4a756/elements - {"using":"xpath","value":"//button[@data-kt=\"addNewRUOverflowToolbarButton\"]"}
RESULT: {"using":"xpath","value":"//button[@data-kt=\"addNewRUOverflowToolbarButton\"]"}
COMMAND: POST /session/b9718e1e48867b0fba4e39bd9ed4a756/elements - {"using":"xpath","value":"//button[@data-kt=\"addNewRUOverflowToolbarButton\"]"}
RESULT: {"using":"xpath","value":"//button[@data-kt=\"addNewRUOverflowToolbarButton\"]"}
COMMAND: POST /session/b9718e1e48867b0fba4e39bd9ed4a756/elements - {"using":"xpath","value":"//button[@data-kt=\"addNewRUOverflowToolbarButton\"]"}
RESULT: {"using":"xpath","value":"//button[@data-kt=\"addNewRUOverflowToolbarButton\"]"}
COMMAND: POST /session/b9718e1e48867b0fba4e39bd9ed4a756/elements - {"using":"xpath","value":"//button[@data-kt=\"addNewRUOverflowToolbarButton\"]"}
RESULT: {"using":"xpath","value":"//button[@data-kt=\"addNewRUOverflowToolbarButton\"]"}
COMMAND: POST /session/b9718e1e48867b0fba4e39bd9ed4a756/elements - {"using":"xpath","value":"//button[@data-kt=\"addNewRUOverflowToolbarButton\"]"}
RESULT: {"using":"xpath","value":"//button[@data-kt=\"addNewRUOverflowToolbarButton\"]"}
COMMAND: POST /session/b9718e1e48867b0fba4e39bd9ed4a756/elements - {"using":"xpath","value":"//button[@data-kt=\"addNewRUOverflowToolbarButton\"]"}
RESULT: {"using":"xpath","value":"//button[@data-kt=\"addNewRUOverflowToolbarButton\"]"}
COMMAND: POST /session/b9718e1e48867b0fba4e39bd9ed4a756/elements - {"using":"xpath","value":"//button[@data-kt=\"addNewRUOverflowToolbarButton\"]"}
RESULT: {"using":"xpath","value":"//button[@data-kt=\"addNewRUOverflowToolbarButton\"]"}
COMMAND: POST /session/b9718e1e48867b0fba4e39bd9ed4a756/elements - {"using":"xpath","value":"//button[@data-kt=\"addNewRUOverflowToolbarButton\"]"}
RESULT: {"using":"xpath","value":"//button[@data-kt=\"addNewRUOverflowToolbarButton\"]"}
COMMAND: POST /session/b9718e1e48867b0fba4e39bd9ed4a756/elements - {"using":"xpath","value":"//button[@data-kt=\"addNewRUOverflowToolbarButton\"]"}
RESULT: {"using":"xpath","value":"//button[@data-kt=\"addNewRUOverflowToolbarButton\"]"}
COMMAND: POST /session/b9718e1e48867b0fba4e39bd9ed4a756/elements - {"using":"xpath","value":"//button[@data-kt=\"addNewRUOverflowToolbarButton\"]"}
RESULT: {"using":"xpath","value":"//button[@data-kt=\"addNewRUOverflowToolbarButton\"]"}
COMMAND: POST /session/b9718e1e48867b0fba4e39bd9ed4a756/elements - {"using":"xpath","value":"//button[@data-kt=\"addNewRUOverflowToolbarButton\"]"}
RESULT: {"using":"xpath","value":"//button[@data-kt=\"addNewRUOverflowToolbarButton\"]"}
COMMAND: POST /session/b9718e1e48867b0fba4e39bd9ed4a756/elements - {"using":"xpath","value":"//button[@data-kt=\"addNewRUOverflowToolbarButton\"]"}
RESULT: {"using":"xpath","value":"//button[@data-kt=\"addNewRUOverflowToolbarButton\"]"}
COMMAND: POST /session/b9718e1e48867b0fba4e39bd9ed4a756/elements - {"using":"xpath","value":"//button[@data-kt=\"addNewRUOverflowToolbarButton\"]"}
RESULT: {"using":"xpath","value":"//button[@data-kt=\"addNewRUOverflowToolbarButton\"]"}
COMMAND: POST /session/b9718e1e48867b0fba4e39bd9ed4a756/element - {"using":"xpath","value":"//button[@data-kt=\"addNewRUOverflowToolbarButton\"]"}
RESULT: {"using":"xpath","value":"//button[@data-kt=\"addNewRUOverflowToolbarButton\"]"}
COMMAND: POST /session/b9718e1e48867b0fba4e39bd9ed4a756/execute/sync - {"script":"<script> [8489 bytes]","args":[{"element-6066-11e4-a52e-4f735466cecf":"f.FE1DA32CFDBC8F8C890368A9A93AADEA.d.E18F61EBBB72F736C0B4C5811CE18198.e.11757","ELEMENT":"f.FE1DA32CFDBC8F8C890368A9A93AADEA.d.E18F61EBBB72F736C0B4C5811CE18198.e.11757"}]}
RESULT: {"script":"<script> [8489 bytes]","args":[{"element-6066-11e4-a52e-4f735466cecf":"f.FE1DA32CFDBC8F8C890368A9A93AADEA.d.E18F61EBBB72F736C0B4C5811CE18198.e.11757","ELEMENT":"f.FE1DA32CFDBC8F8C890368A9A93AADEA.d.E18F61EBBB72F736C0B4C5811CE18198.e.11757"}]}
COMMAND: GET /session/b9718e1e48867b0fba4e39bd9ed4a756/element/f.FE1DA32CFDBC8F8C890368A9A93AADEA.d.E18F61EBBB72F736C0B4C5811CE18198.e.11757/enabled - {}
COMMAND: GET /session/b9718e1e48867b0fba4e39bd9ed4a756/screenshot - {}
RESULT: {}
COMMAND: POST /session/b9718e1e48867b0fba4e39bd9ed4a756/execute/sync - {"script":"<script> [8489 bytes]","args":[{"element-6066-11e4-a52e-4f735466cecf":"f.FE1DA32CFDBC8F8C890368A9A93AADEA.d.E18F61EBBB72F736C0B4C5811CE18198.e.11757","ELEMENT":"f.FE1DA32CFDBC8F8C890368A9A93AADEA.d.E18F61EBBB72F736C0B4C5811CE18198.e.11757"}]}
COMMAND: GET /session/b9718e1e48867b0fba4e39bd9ed4a756/screenshot - {}
RESULT: {}
RESULT: {"script":"<script> [8489 bytes]","args":[{"element-6066-11e4-a52e-4f735466cecf":"f.FE1DA32CFDBC8F8C890368A9A93AADEA.d.E18F61EBBB72F736C0B4C5811CE18198.e.11757","ELEMENT":"f.FE1DA32CFDBC8F8C890368A9A93AADEA.d.E18F61EBBB72F736C0B4C5811CE18198.e.11757"}]}
COMMAND: POST /session/b9718e1e48867b0fba4e39bd9ed4a756/execute/sync - {"script":"<script> [5351 bytes]","args":[{"element-6066-11e4-a52e-4f735466cecf":"f.FE1DA32CFDBC8F8C890368A9A93AADEA.d.E18F61EBBB72F736C0B4C5811CE18198.e.11757","ELEMENT":"f.FE1DA32CFDBC8F8C890368A9A93AADEA.d.E18F61EBBB72F736C0B4C5811CE18198.e.11757"}]}
COMMAND: GET /session/b9718e1e48867b0fba4e39bd9ed4a756/screenshot - {}
RESULT: {}
RESULT: {"script":"<script> [5351 bytes]","args":[{"element-6066-11e4-a52e-4f735466cecf":"f.FE1DA32CFDBC8F8C890368A9A93AADEA.d.E18F61EBBB72F736C0B4C5811CE18198.e.11757","ELEMENT":"f.FE1DA32CFDBC8F8C890368A9A93AADEA.d.E18F61EBBB72F736C0B4C5811CE18198.e.11757"}]}
COMMAND: POST /session/b9718e1e48867b0fba4e39bd9ed4a756/element/f.FE1DA32CFDBC8F8C890368A9A93AADEA.d.E18F61EBBB72F736C0B4C5811CE18198.e.11757/click - {}
COMMAND: GET /session/b9718e1e48867b0fba4e39bd9ed4a756/screenshot - {}
RESULT: {}
RESULT: {}
COMMAND: GET /session/b9718e1e48867b0fba4e39bd9ed4a756/screenshot - {}
RESULT: {}
RESULT: {}
COMMAND: POST /session/b9718e1e48867b0fba4e39bd9ed4a756/execute/async - {"script":"<script> [1562 bytes]","args":[{"selector":{"id":"application-manageresources-display-component---newResourceUnit--TYPE-arrow"},"wdio_ui5_key":"applicationmanageresources-display-component---newResourceUnit--TYPE-arrow"}]}
RESULT: {"script":"<script> [1562 bytes]","args":[{"selector":{"id":"application-manageresources-display-component---newResourceUnit--TYPE-arrow"},"wdio_ui5_key":"applicationmanageresources-display-component---newResourceUnit--TYPE-arrow"}]}
RESULT: undefined
COMMAND: POST /session/b9718e1e48867b0fba4e39bd9ed4a756/element - {"using":"xpath","value":"//*[@id=\"application-manageresources-display-component---newResourceUnit--TYPE-arrow\"]"}
RESULT: {"using":"xpath","value":"//*[@id=\"application-manageresources-display-component---newResourceUnit--TYPE-arrow\"]"}
COMMAND: POST /session/b9718e1e48867b0fba4e39bd9ed4a756/element/f.FE1DA32CFDBC8F8C890368A9A93AADEA.d.E18F61EBBB72F736C0B4C5811CE18198.e.12120/click - {}
RESULT: {}
COMMAND: POST /session/b9718e1e48867b0fba4e39bd9ed4a756/element - {"using":"xpath","value":"//input[@id=\"application-manageresources-display-component---newResourceUnit--TYPE-inner\"]"}
COMMAND: GET /session/b9718e1e48867b0fba4e39bd9ed4a756/screenshot - {}
RESULT: {"using":"xpath","value":"//input[@id=\"application-manageresources-display-component---newResourceUnit--TYPE-inner\"]"}
COMMAND: POST /session/b9718e1e48867b0fba4e39bd9ed4a756/element/f.FE1DA32CFDBC8F8C890368A9A93AADEA.d.E18F61EBBB72F736C0B4C5811CE18198.e.12111/clear - {}
RESULT: {}
RESULT: {}
COMMAND: POST /session/b9718e1e48867b0fba4e39bd9ed4a756/element/f.FE1DA32CFDBC8F8C890368A9A93AADEA.d.E18F61EBBB72F736C0B4C5811CE18198.e.12111/value - {"text":"Equipment"}
COMMAND: GET /session/b9718e1e48867b0fba4e39bd9ed4a756/screenshot - {}
RESULT: {"text":"Equipment"}
COMMAND: GET /session/b9718e1e48867b0fba4e39bd9ed4a756/screenshot - {}
RESULT: {}
RESULT: {}
COMMAND: POST /session/b9718e1e48867b0fba4e39bd9ed4a756/actions - {"actions":[{"id":"action41","type":"key","parameters":{},"actions":[{"type":"keyDown","value":"î€‡"},{"type":"pause","duration":10},{"type":"keyUp","value":"î€‡"}]}]}
RESULT: {"actions":[{"id":"action41","type":"key","parameters":{},"actions":[{"type":"keyDown","value":"î€‡"},{"type":"pause","duration":10},{"type":"keyUp","value":"î€‡"}]}]}
COMMAND: POST /session/b9718e1e48867b0fba4e39bd9ed4a756/execute/async - {"script":"<script> [1562 bytes]","args":[{"selector":{"id":"application-manageresources-display-component---newResourceUnit--resourceId","interaction":{"idSuffix":"inner"}},"wdio_ui5_key":"applicationmanageresources-display-component---newResourceUnit--resourceId"}]}
COMMAND: GET /session/b9718e1e48867b0fba4e39bd9ed4a756/screenshot - {}
RESULT: {"script":"<script> [1562 bytes]","args":[{"selector":{"id":"application-manageresources-display-component---newResourceUnit--resourceId","interaction":{"idSuffix":"inner"}},"wdio_ui5_key":"applicationmanageresources-display-component---newResourceUnit--resourceId"}]}
RESULT: undefined
COMMAND: POST /session/b9718e1e48867b0fba4e39bd9ed4a756/execute/async - {"script":"<script> [776 bytes]","args":[{"enterText":"A9AQMUzPgj","selector":{"id":"application-manageresources-display-component---newResourceUnit--resourceId","interaction":{"idSuffix":"inner"}},"clearTextFirst":true,"interactionType":"ENTER_TEXT"}]}
RESULT: {}
RESULT: {"script":"<script> [776 bytes]","args":[{"enterText":"A9AQMUzPgj","selector":{"id":"application-manageresources-display-component---newResourceUnit--resourceId","interaction":{"idSuffix":"inner"}},"clearTextFirst":true,"interactionType":"ENTER_TEXT"}]}
COMMAND: POST /session/b9718e1e48867b0fba4e39bd9ed4a756/execute/async - {"script":"<script> [1562 bytes]","args":[{"selector":{"id":"application-manageresources-display-component---newResourceUnit--SHORT_TEXT","interaction":{"idSuffix":"inner"}},"wdio_ui5_key":"applicationmanageresources-display-component---newResourceUnit--SHORT_TEXT"}]}
RESULT: {"script":"<script> [1562 bytes]","args":[{"selector":{"id":"application-manageresources-display-component---newResourceUnit--SHORT_TEXT","interaction":{"idSuffix":"inner"}},"wdio_ui5_key":"applicationmanageresources-display-component---newResourceUnit--SHORT_TEXT"}]}
RESULT: undefined
COMMAND: POST /session/b9718e1e48867b0fba4e39bd9ed4a756/execute/async - {"script":"<script> [776 bytes]","args":[{"enterText":"Intercompany Equipment WDIO","selector":{"id":"application-manageresources-display-component---newResourceUnit--SHORT_TEXT","interaction":{"idSuffix":"inner"}},"clearTextFirst":true,"interactionType":"ENTER_TEXT"}]}
RESULT: {"script":"<script> [776 bytes]","args":[{"enterText":"Intercompany Equipment WDIO","selector":{"id":"application-manageresources-display-component---newResourceUnit--SHORT_TEXT","interaction":{"idSuffix":"inner"}},"clearTextFirst":true,"interactionType":"ENTER_TEXT"}]}
COMMAND: POST /session/b9718e1e48867b0fba4e39bd9ed4a756/execute/async - {"script":"<script> [1562 bytes]","args":[{"selector":{"id":"application-manageresources-display-component---newResourceUnit--BASE_UNIT_OF_MEASURE","interaction":{"idSuffix":"inner"}},"wdio_ui5_key":"applicationmanageresources-display-component---newResourceUnit--BASE_UNIT_OF_MEASURE"}]}
RESULT: {"script":"<script> [1562 bytes]","args":[{"selector":{"id":"application-manageresources-display-component---newResourceUnit--BASE_UNIT_OF_MEASURE","interaction":{"idSuffix":"inner"}},"wdio_ui5_key":"applicationmanageresources-display-component---newResourceUnit--BASE_UNIT_OF_MEASURE"}]}
RESULT: undefined
COMMAND: POST /session/b9718e1e48867b0fba4e39bd9ed4a756/execute/async - {"script":"<script> [776 bytes]","args":[{"enterText":"Piece","selector":{"id":"application-manageresources-display-component---newResourceUnit--BASE_UNIT_OF_MEASURE","interaction":{"idSuffix":"inner"}},"clearTextFirst":true,"interactionType":"ENTER_TEXT"}]}
RESULT: {"script":"<script> [776 bytes]","args":[{"enterText":"Piece","selector":{"id":"application-manageresources-display-component---newResourceUnit--BASE_UNIT_OF_MEASURE","interaction":{"idSuffix":"inner"}},"clearTextFirst":true,"interactionType":"ENTER_TEXT"}]}
COMMAND: POST /session/b9718e1e48867b0fba4e39bd9ed4a756/execute/async - {"script":"<script> [1562 bytes]","args":[{"selector":{"id":"application-manageresources-display-component---newResourceUnit--WEIGHT_UNIT","interaction":{"idSuffix":"inner"}},"wdio_ui5_key":"applicationmanageresources-display-component---newResourceUnit--WEIGHT_UNIT"}]}
RESULT: {"script":"<script> [1562 bytes]","args":[{"selector":{"id":"application-manageresources-display-component---newResourceUnit--WEIGHT_UNIT","interaction":{"idSuffix":"inner"}},"wdio_ui5_key":"applicationmanageresources-display-component---newResourceUnit--WEIGHT_UNIT"}]}
RESULT: undefined
COMMAND: POST /session/b9718e1e48867b0fba4e39bd9ed4a756/execute/async - {"script":"<script> [776 bytes]","args":[{"enterText":"Gram","selector":{"id":"application-manageresources-display-component---newResourceUnit--WEIGHT_UNIT","interaction":{"idSuffix":"inner"}},"clearTextFirst":true,"interactionType":"ENTER_TEXT"}]}
RESULT: {"script":"<script> [776 bytes]","args":[{"enterText":"Gram","selector":{"id":"application-manageresources-display-component---newResourceUnit--WEIGHT_UNIT","interaction":{"idSuffix":"inner"}},"clearTextFirst":true,"interactionType":"ENTER_TEXT"}]}
COMMAND: POST /session/b9718e1e48867b0fba4e39bd9ed4a756/execute/async - {"script":"<script> [1562 bytes]","args":[{"selector":{"id":"application-manageresources-display-component---newResourceUnit--DIMENSION_UNIT","interaction":{"idSuffix":"inner"}},"wdio_ui5_key":"applicationmanageresources-display-component---newResourceUnit--DIMENSION_UNIT"}]}
RESULT: {"script":"<script> [1562 bytes]","args":[{"selector":{"id":"application-manageresources-display-component---newResourceUnit--DIMENSION_UNIT","interaction":{"idSuffix":"inner"}},"wdio_ui5_key":"applicationmanageresources-display-component---newResourceUnit--DIMENSION_UNIT"}]}
RESULT: undefined
COMMAND: POST /session/b9718e1e48867b0fba4e39bd9ed4a756/execute/async - {"script":"<script> [776 bytes]","args":[{"enterText":"Meter","selector":{"id":"application-manageresources-display-component---newResourceUnit--DIMENSION_UNIT","interaction":{"idSuffix":"inner"}},"clearTextFirst":true,"interactionType":"ENTER_TEXT"}]}
RESULT: {"script":"<script> [776 bytes]","args":[{"enterText":"Meter","selector":{"id":"application-manageresources-display-component---newResourceUnit--DIMENSION_UNIT","interaction":{"idSuffix":"inner"}},"clearTextFirst":true,"interactionType":"ENTER_TEXT"}]}
COMMAND: POST /session/b9718e1e48867b0fba4e39bd9ed4a756/execute/async - {"script":"<script> [1562 bytes]","args":[{"selector":{"id":"application-manageresources-display-component---newResourceUnit--newRRUPage-anchBar-application-manageresources-display-component---newResourceUnit--control-anchor","interaction":{"idSuffix":"BDI-content"}},"wdio_ui5_key":"applicationmanageresources-display-component---newResourceUnit--newRRUPage-anchBar-application-manageresources-display-component---newResourceUnit--control-anchor"}]}
RESULT: {"script":"<script> [1562 bytes]","args":[{"selector":{"id":"application-manageresources-display-component---newResourceUnit--newRRUPage-anchBar-application-manageresources-display-component---newResourceUnit--control-anchor","interaction":{"idSuffix":"BDI-content"}},"wdio_ui5_key":"applicationmanageresources-display-component---newResourceUnit--newRRUPage-anchBar-application-manageresources-display-component---newResourceUnit--control-anchor"}]}
RESULT: undefined
COMMAND: POST /session/b9718e1e48867b0fba4e39bd9ed4a756/element - {"using":"xpath","value":"//*[@id=\"application-manageresources-display-component---newResourceUnit--newRRUPage-anchBar-application-manageresources-display-component---newResourceUnit--control-anchor\"]"}
RESULT: {"using":"xpath","value":"//*[@id=\"application-manageresources-display-component---newResourceUnit--newRRUPage-anchBar-application-manageresources-display-component---newResourceUnit--control-anchor\"]"}
COMMAND: POST /session/b9718e1e48867b0fba4e39bd9ed4a756/element/f.FE1DA32CFDBC8F8C890368A9A93AADEA.d.E18F61EBBB72F736C0B4C5811CE18198.e.12252/click - {}
RESULT: {}
COMMAND: POST /session/b9718e1e48867b0fba4e39bd9ed4a756/execute/async - {"script":"<script> [1562 bytes]","args":[{"selector":{"id":"application-manageresources-display-component---newResourceUnit--PLANNING_GROUP","interaction":{"idSuffix":"inner"}},"wdio_ui5_key":"applicationmanageresources-display-component---newResourceUnit--PLANNING_GROUP"}]}
COMMAND: GET /session/b9718e1e48867b0fba4e39bd9ed4a756/screenshot - {}
RESULT: {"script":"<script> [1562 bytes]","args":[{"selector":{"id":"application-manageresources-display-component---newResourceUnit--PLANNING_GROUP","interaction":{"idSuffix":"inner"}},"wdio_ui5_key":"applicationmanageresources-display-component---newResourceUnit--PLANNING_GROUP"}]}
RESULT: undefined
COMMAND: POST /session/b9718e1e48867b0fba4e39bd9ed4a756/execute/async - {"script":"<script> [776 bytes]","args":[{"enterText":"Heavy Equi","selector":{"id":"application-manageresources-display-component---newResourceUnit--PLANNING_GROUP","interaction":{"idSuffix":"inner"}},"clearTextFirst":true,"interactionType":"ENTER_TEXT"}]}
RESULT: {}
RESULT: {"script":"<script> [776 bytes]","args":[{"enterText":"Heavy Equi","selector":{"id":"application-manageresources-display-component---newResourceUnit--PLANNING_GROUP","interaction":{"idSuffix":"inner"}},"clearTextFirst":true,"interactionType":"ENTER_TEXT"}]}
COMMAND: POST /session/b9718e1e48867b0fba4e39bd9ed4a756/execute/async - {"script":"<script> [1562 bytes]","args":[{"selector":{"id":"application-manageresources-display-component---newResourceUnit--ITEM_TYPE-arrow"},"wdio_ui5_key":"applicationmanageresources-display-component---newResourceUnit--ITEM_TYPE-arrow"}]}
RESULT: {"script":"<script> [1562 bytes]","args":[{"selector":{"id":"application-manageresources-display-component---newResourceUnit--ITEM_TYPE-arrow"},"wdio_ui5_key":"applicationmanageresources-display-component---newResourceUnit--ITEM_TYPE-arrow"}]}
RESULT: undefined
COMMAND: POST /session/b9718e1e48867b0fba4e39bd9ed4a756/element - {"using":"xpath","value":"//*[@id=\"application-manageresources-display-component---newResourceUnit--ITEM_TYPE-arrow\"]"}
RESULT: {"using":"xpath","value":"//*[@id=\"application-manageresources-display-component---newResourceUnit--ITEM_TYPE-arrow\"]"}
COMMAND: POST /session/b9718e1e48867b0fba4e39bd9ed4a756/element/f.FE1DA32CFDBC8F8C890368A9A93AADEA.d.E18F61EBBB72F736C0B4C5811CE18198.e.12261/click - {}
RESULT: {}
COMMAND: POST /session/b9718e1e48867b0fba4e39bd9ed4a756/element - {"using":"xpath","value":"(//span[contains(text(), \"Resource Unit\")])[2]"}
COMMAND: GET /session/b9718e1e48867b0fba4e39bd9ed4a756/screenshot - {}
RESULT: {"using":"xpath","value":"(//span[contains(text(), \"Resource Unit\")])[2]"}
COMMAND: POST /session/b9718e1e48867b0fba4e39bd9ed4a756/element/f.FE1DA32CFDBC8F8C890368A9A93AADEA.d.E18F61EBBB72F736C0B4C5811CE18198.e.12262/click - {}
RESULT: {}
RESULT: {}
COMMAND: GET /session/b9718e1e48867b0fba4e39bd9ed4a756/screenshot - {}
RESULT: {}
COMMAND: POST /session/b9718e1e48867b0fba4e39bd9ed4a756/element - {"using":"css selector","value":"#application-manageresources-display-component---newResourceUnit--btnAddTimeSegment"}
RESULT: {"using":"css selector","value":"#application-manageresources-display-component---newResourceUnit--btnAddTimeSegment"}
COMMAND: GET /session/b9718e1e48867b0fba4e39bd9ed4a756/element/f.FE1DA32CFDBC8F8C890368A9A93AADEA.d.E18F61EBBB72F736C0B4C5811CE18198.e.12263/rect - {}
RESULT: {}
COMMAND: GET /session/b9718e1e48867b0fba4e39bd9ed4a756/window/rect - {}
RESULT: {}
COMMAND: POST /session/b9718e1e48867b0fba4e39bd9ed4a756/execute/sync - {"script":"<script> [92 bytes]","args":[]}
RESULT: {"script":"<script> [92 bytes]","args":[]}
COMMAND: POST /session/b9718e1e48867b0fba4e39bd9ed4a756/actions - {"actions":[{"id":"action42","type":"wheel","parameters":{},"actions":[{"type":"scroll","x":-1888,"y":-32,"deltaX":0,"deltaY":0,"duration":0,"origin":{"element-6066-11e4-a52e-4f735466cecf":"f.FE1DA32CFDBC8F8C890368A9A93AADEA.d.E18F61EBBB72F736C0B4C5811CE18198.e.12263"}}]}]}
COMMAND: GET /session/b9718e1e48867b0fba4e39bd9ed4a756/screenshot - {}
RESULT: {}
COMMAND: POST /session/b9718e1e48867b0fba4e39bd9ed4a756/execute/sync - {"script":"<script> [79 bytes]","args":[{"element-6066-11e4-a52e-4f735466cecf":"f.FE1DA32CFDBC8F8C890368A9A93AADEA.d.E18F61EBBB72F736C0B4C5811CE18198.e.12263","ELEMENT":"f.FE1DA32CFDBC8F8C890368A9A93AADEA.d.E18F61EBBB72F736C0B4C5811CE18198.e.12263"},{"block":"start","inline":"nearest"}]}
RESULT: {"script":"<script> [79 bytes]","args":[{"element-6066-11e4-a52e-4f735466cecf":"f.FE1DA32CFDBC8F8C890368A9A93AADEA.d.E18F61EBBB72F736C0B4C5811CE18198.e.12263","ELEMENT":"f.FE1DA32CFDBC8F8C890368A9A93AADEA.d.E18F61EBBB72F736C0B4C5811CE18198.e.12263"},{"block":"start","inline":"nearest"}]}
COMMAND: POST /session/b9718e1e48867b0fba4e39bd9ed4a756/execute/async - {"script":"<script> [1562 bytes]","args":[{"selector":{"id":"application-manageresources-display-component---newResourceUnit--btnAddTimeSegment","interaction":{"idSuffix":"inner"}},"wdio_ui5_key":"applicationmanageresources-display-component---newResourceUnit--btnAddTimeSegment"}]}
COMMAND: GET /session/b9718e1e48867b0fba4e39bd9ed4a756/screenshot - {}
RESULT: {"script":"<script> [1562 bytes]","args":[{"selector":{"id":"application-manageresources-display-component---newResourceUnit--btnAddTimeSegment","interaction":{"idSuffix":"inner"}},"wdio_ui5_key":"applicationmanageresources-display-component---newResourceUnit--btnAddTimeSegment"}]}
RESULT: undefined
COMMAND: POST /session/b9718e1e48867b0fba4e39bd9ed4a756/element - {"using":"xpath","value":"//*[@id=\"application-manageresources-display-component---newResourceUnit--btnAddTimeSegment\"]"}
RESULT: {}
RESULT: {"using":"xpath","value":"//*[@id=\"application-manageresources-display-component---newResourceUnit--btnAddTimeSegment\"]"}
COMMAND: POST /session/b9718e1e48867b0fba4e39bd9ed4a756/element/f.FE1DA32CFDBC8F8C890368A9A93AADEA.d.E18F61EBBB72F736C0B4C5811CE18198.e.12263/click - {}
RESULT: {}
COMMAND: GET /session/b9718e1e48867b0fba4e39bd9ed4a756/screenshot - {}
RESULT: {}
COMMAND: POST /session/b9718e1e48867b0fba4e39bd9ed4a756/element - {"using":"xpath","value":"//input[@id=\"application-manageresources-display-component---newResourceUnit--idRuTSAdmin-application-manageresources-display-component---newResourceUnit--RUTimeSegment-0-inner\"]"}
RESULT: {"using":"xpath","value":"//input[@id=\"application-manageresources-display-component---newResourceUnit--idRuTSAdmin-application-manageresources-display-component---newResourceUnit--RUTimeSegment-0-inner\"]"}
COMMAND: POST /session/b9718e1e48867b0fba4e39bd9ed4a756/element/f.FE1DA32CFDBC8F8C890368A9A93AADEA.d.E18F61EBBB72F736C0B4C5811CE18198.e.12269/clear - {}
RESULT: {}
COMMAND: POST /session/b9718e1e48867b0fba4e39bd9ed4a756/element/f.FE1DA32CFDBC8F8C890368A9A93AADEA.d.E18F61EBBB72F736C0B4C5811CE18198.e.12269/value - {"text":"505"}
COMMAND: GET /session/b9718e1e48867b0fba4e39bd9ed4a756/screenshot - {}
RESULT: {"text":"505"}
COMMAND: GET /session/b9718e1e48867b0fba4e39bd9ed4a756/screenshot - {}
RESULT: {}
RESULT: {}
COMMAND: POST /session/b9718e1e48867b0fba4e39bd9ed4a756/element - {"using":"xpath","value":"//li[.//span[text()='505']]"}
RESULT: {"using":"xpath","value":"//li[.//span[text()='505']]"}
COMMAND: POST /session/b9718e1e48867b0fba4e39bd9ed4a756/element/f.FE1DA32CFDBC8F8C890368A9A93AADEA.d.E18F61EBBB72F736C0B4C5811CE18198.e.12281/click - {}
RESULT: {}
COMMAND: GET /session/b9718e1e48867b0fba4e39bd9ed4a756/screenshot - {}
RESULT: {}
COMMAND: POST /session/b9718e1e48867b0fba4e39bd9ed4a756/element - {"using":"xpath","value":"(//span[contains(@id, \"-application-manageresources-display-component---newResourceUnit--RUTimeSegment-0-arrow\")])[6]"}
RESULT: {"using":"xpath","value":"(//span[contains(@id, \"-application-manageresources-display-component---newResourceUnit--RUTimeSegment-0-arrow\")])[6]"}
COMMAND: POST /session/b9718e1e48867b0fba4e39bd9ed4a756/element/f.FE1DA32CFDBC8F8C890368A9A93AADEA.d.E18F61EBBB72F736C0B4C5811CE18198.e.12282/click - {}
RESULT: {}
COMMAND: GET /session/b9718e1e48867b0fba4e39bd9ed4a756/screenshot - {}
RESULT: {}
COMMAND: POST /session/b9718e1e48867b0fba4e39bd9ed4a756/element - {"using":"xpath","value":"//span[contains(text(), \"PM Order\")]"}
RESULT: {"using":"xpath","value":"//span[contains(text(), \"PM Order\")]"}
COMMAND: POST /session/b9718e1e48867b0fba4e39bd9ed4a756/element/f.FE1DA32CFDBC8F8C890368A9A93AADEA.d.E18F61EBBB72F736C0B4C5811CE18198.e.12285/click - {}
RESULT: {}
COMMAND: GET /session/b9718e1e48867b0fba4e39bd9ed4a756/screenshot - {}
RESULT: {}
COMMAND: POST /session/b9718e1e48867b0fba4e39bd9ed4a756/element - {"using":"xpath","value":"(//span[contains(@id ,\"manageresources-display-component---newResourceUnit--RUTimeSegment-0-vhi\")])[1]"}
RESULT: {"using":"xpath","value":"(//span[contains(@id ,\"manageresources-display-component---newResourceUnit--RUTimeSegment-0-vhi\")])[1]"}
COMMAND: GET /session/b9718e1e48867b0fba4e39bd9ed4a756/element/f.FE1DA32CFDBC8F8C890368A9A93AADEA.d.E18F61EBBB72F736C0B4C5811CE18198.e.12289/rect - {}
RESULT: {}
COMMAND: GET /session/b9718e1e48867b0fba4e39bd9ed4a756/window/rect - {}
RESULT: {}
COMMAND: POST /session/b9718e1e48867b0fba4e39bd9ed4a756/execute/sync - {"script":"<script> [92 bytes]","args":[]}
RESULT: {"script":"<script> [92 bytes]","args":[]}
COMMAND: POST /session/b9718e1e48867b0fba4e39bd9ed4a756/actions - {"actions":[{"id":"action43","type":"wheel","parameters":{},"actions":[{"type":"scroll","x":-869,"y":-24,"deltaX":0,"deltaY":0,"duration":0,"origin":{"element-6066-11e4-a52e-4f735466cecf":"f.FE1DA32CFDBC8F8C890368A9A93AADEA.d.E18F61EBBB72F736C0B4C5811CE18198.e.12289"}}]}]}
COMMAND: GET /session/b9718e1e48867b0fba4e39bd9ed4a756/screenshot - {}
RESULT: {"actions":[{"id":"action43","type":"wheel","parameters":{},"actions":[{"type":"scroll","x":-869,"y":-24,"deltaX":0,"deltaY":0,"duration":0,"origin":{"element-6066-11e4-a52e-4f735466cecf":"f.FE1DA32CFDBC8F8C890368A9A93AADEA.d.E18F61EBBB72F736C0B4C5811CE18198.e.12289"}}]}]}
COMMAND: DELETE /session/b9718e1e48867b0fba4e39bd9ed4a756/actions - {}
COMMAND: GET /session/b9718e1e48867b0fba4e39bd9ed4a756/screenshot - {}
RESULT: {}
RESULT: {}
COMMAND: GET /session/b9718e1e48867b0fba4e39bd9ed4a756/screenshot - {}
RESULT: {}
RESULT: {}
COMMAND: POST /session/b9718e1e48867b0fba4e39bd9ed4a756/element/f.FE1DA32CFDBC8F8C890368A9A93AADEA.d.E18F61EBBB72F736C0B4C5811CE18198.e.12289/click - {}
RESULT: {}
COMMAND: GET /session/b9718e1e48867b0fba4e39bd9ed4a756/screenshot - {}
RESULT: {}
COMMAND: POST /session/b9718e1e48867b0fba4e39bd9ed4a756/execute/async - {"script":"<script> [1562 bytes]","args":[{"selector":{"controlType":"sap.m.SearchField","properties":{"placeholder":"Search"},"searchOpenDialogs":true,"interaction":{"idSuffix":"I"}},"wdio_ui5_key":"sapm.SearchField{\"placeholder\":\"Search\"}"}]}
RESULT: {"script":"<script> [1562 bytes]","args":[{"selector":{"controlType":"sap.m.SearchField","properties":{"placeholder":"Search"},"searchOpenDialogs":true,"interaction":{"idSuffix":"I"}},"wdio_ui5_key":"sapm.SearchField{\"placeholder\":\"Search\"}"}]}
RESULT: undefined
COMMAND: POST /session/b9718e1e48867b0fba4e39bd9ed4a756/execute/async - {"script":"<script> [776 bytes]","args":[{"enterText":"4000360","selector":{"controlType":"sap.m.SearchField","properties":{"placeholder":"Search"},"searchOpenDialogs":true,"interaction":{"idSuffix":"I"}},"clearTextFirst":true,"interactionType":"ENTER_TEXT"}]}
RESULT: {"script":"<script> [776 bytes]","args":[{"enterText":"4000360","selector":{"controlType":"sap.m.SearchField","properties":{"placeholder":"Search"},"searchOpenDialogs":true,"interaction":{"idSuffix":"I"}},"clearTextFirst":true,"interactionType":"ENTER_TEXT"}]}
COMMAND: POST /session/b9718e1e48867b0fba4e39bd9ed4a756/actions - {"actions":[{"id":"action44","type":"key","parameters":{},"actions":[{"type":"keyDown","value":"î€‡"},{"type":"pause","duration":10},{"type":"keyUp","value":"î€‡"}]}]}
RESULT: {"actions":[{"id":"action44","type":"key","parameters":{},"actions":[{"type":"keyDown","value":"î€‡"},{"type":"pause","duration":10},{"type":"keyUp","value":"î€‡"}]}]}
COMMAND: GET /session/b9718e1e48867b0fba4e39bd9ed4a756/screenshot - {}
RESULT: {}
COMMAND: POST /session/b9718e1e48867b0fba4e39bd9ed4a756/element - {"using":"xpath","value":"//td/div/span[contains(text(), \"BGL Vehicles\")]"}
RESULT: {"using":"xpath","value":"//td/div/span[contains(text(), \"BGL Vehicles\")]"}
COMMAND: POST /session/b9718e1e48867b0fba4e39bd9ed4a756/element/f.FE1DA32CFDBC8F8C890368A9A93AADEA.d.E18F61EBBB72F736C0B4C5811CE18198.e.12312/click - {}
RESULT: {}
COMMAND: GET /session/b9718e1e48867b0fba4e39bd9ed4a756/screenshot - {}
RESULT: {}
COMMAND: POST /session/b9718e1e48867b0fba4e39bd9ed4a756/element - {"using":"xpath","value":"//bdi[contains(text(), \"OK\")]"}
RESULT: {"using":"xpath","value":"//bdi[contains(text(), \"OK\")]"}
COMMAND: POST /session/b9718e1e48867b0fba4e39bd9ed4a756/element/f.FE1DA32CFDBC8F8C890368A9A93AADEA.d.E18F61EBBB72F736C0B4C5811CE18198.e.12313/click - {}
RESULT: {}
COMMAND: GET /session/b9718e1e48867b0fba4e39bd9ed4a756/screenshot - {}
RESULT: {}
COMMAND: POST /session/b9718e1e48867b0fba4e39bd9ed4a756/execute/async - {"script":"<script> [1562 bytes]","args":[{"selector":{"id":"application-manageresources-display-component---newResourceUnit--newRRUPage-anchBar-application-manageresources-display-component---newResourceUnit--resource-anchor","interaction":{"idSuffix":"BDI-content"}},"wdio_ui5_key":"applicationmanageresources-display-component---newResourceUnit--newRRUPage-anchBar-application-manageresources-display-component---newResourceUnit--resource-anchor"}]}
RESULT: {"script":"<script> [1562 bytes]","args":[{"selector":{"id":"application-manageresources-display-component---newResourceUnit--newRRUPage-anchBar-application-manageresources-display-component---newResourceUnit--resource-anchor","interaction":{"idSuffix":"BDI-content"}},"wdio_ui5_key":"applicationmanageresources-display-component---newResourceUnit--newRRUPage-anchBar-application-manageresources-display-component---newResourceUnit--resource-anchor"}]}
RESULT: undefined
COMMAND: POST /session/b9718e1e48867b0fba4e39bd9ed4a756/element - {"using":"xpath","value":"//*[@id=\"application-manageresources-display-component---newResourceUnit--newRRUPage-anchBar-application-manageresources-display-component---newResourceUnit--resource-anchor\"]"}
RESULT: {"using":"xpath","value":"//*[@id=\"application-manageresources-display-component---newResourceUnit--newRRUPage-anchBar-application-manageresources-display-component---newResourceUnit--resource-anchor\"]"}
COMMAND: POST /session/b9718e1e48867b0fba4e39bd9ed4a756/element/f.FE1DA32CFDBC8F8C890368A9A93AADEA.d.E18F61EBBB72F736C0B4C5811CE18198.e.12317/click - {}
RESULT: {}
COMMAND: POST /session/b9718e1e48867b0fba4e39bd9ed4a756/execute/async - {"script":"<script> [1562 bytes]","args":[{"selector":{"id":"application-manageresources-display-component---newResourceUnit--PLANNED_DELIVERY_DATE","interaction":{"idSuffix":"inner"}},"wdio_ui5_key":"applicationmanageresources-display-component---newResourceUnit--PLANNED_DELIVERY_DATE"}]}
COMMAND: GET /session/b9718e1e48867b0fba4e39bd9ed4a756/screenshot - {}
RESULT: {"script":"<script> [1562 bytes]","args":[{"selector":{"id":"application-manageresources-display-component---newResourceUnit--PLANNED_DELIVERY_DATE","interaction":{"idSuffix":"inner"}},"wdio_ui5_key":"applicationmanageresources-display-component---newResourceUnit--PLANNED_DELIVERY_DATE"}]}
RESULT: undefined
COMMAND: POST /session/b9718e1e48867b0fba4e39bd9ed4a756/execute/async - {"script":"<script> [6424 bytes]","args":[{"element-6066-11e4-a52e-4f735466cecf":"f.FE1DA32CFDBC8F8C890368A9A93AADEA.d.E18F61EBBB72F736C0B4C5811CE18198.e.12177"},"setValue",["5/17/25"]]}
RESULT: {}
RESULT: {"script":"<script> [6424 bytes]","args":[{"element-6066-11e4-a52e-4f735466cecf":"f.FE1DA32CFDBC8F8C890368A9A93AADEA.d.E18F61EBBB72F736C0B4C5811CE18198.e.12177"},"setValue",["5/17/25"]]}
COMMAND: POST /session/b9718e1e48867b0fba4e39bd9ed4a756/element - {"using":"xpath","value":"//label[contains(@class, 'sapMLabelRequired') and .//bdi[contains(text(), 'Planned Retirement')]]"}
RESULT: {"using":"xpath","value":"//label[contains(@class, 'sapMLabelRequired') and .//bdi[contains(text(), 'Planned Retirement')]]"}
COMMAND: POST /session/b9718e1e48867b0fba4e39bd9ed4a756/elements - {"using":"xpath","value":"//label[contains(@class, 'sapMLabelRequired') and .//bdi[contains(text(), 'Planned Retirement')]]"}
RESULT: {"using":"xpath","value":"//label[contains(@class, 'sapMLabelRequired') and .//bdi[contains(text(), 'Planned Retirement')]]"}
COMMAND: POST /session/b9718e1e48867b0fba4e39bd9ed4a756/element - {"using":"xpath","value":"//button[@data-kt=\"resourceUnitSaveButton\"]"}
RESULT: {"using":"xpath","value":"//button[@data-kt=\"resourceUnitSaveButton\"]"}
COMMAND: POST /session/b9718e1e48867b0fba4e39bd9ed4a756/element/f.FE1DA32CFDBC8F8C890368A9A93AADEA.d.E18F61EBBB72F736C0B4C5811CE18198.e.12137/click - {}
RESULT: {}
COMMAND: GET /session/b9718e1e48867b0fba4e39bd9ed4a756/screenshot - {}
RESULT: {}
COMMAND: POST /session/b9718e1e48867b0fba4e39bd9ed4a756/element - {"using":"xpath","value":"//bdi[contains(text(), \"Close\")]"}
RESULT: {"using":"xpath","value":"//bdi[contains(text(), \"Close\")]"}
COMMAND: POST /session/b9718e1e48867b0fba4e39bd9ed4a756/element/f.FE1DA32CFDBC8F8C890368A9A93AADEA.d.E18F61EBBB72F736C0B4C5811CE18198.e.12325/click - {}
RESULT: {}
COMMAND: GET /session/b9718e1e48867b0fba4e39bd9ed4a756/screenshot - {}
RESULT: {}
COMMAND: POST /session/b9718e1e48867b0fba4e39bd9ed4a756/element - {"using":"xpath","value":"(//button[contains(@id ,\"actionsToolbar-overflowButton\")])[1]"}
RESULT: {"using":"xpath","value":"(//button[contains(@id ,\"actionsToolbar-overflowButton\")])[1]"}
COMMAND: POST /session/b9718e1e48867b0fba4e39bd9ed4a756/element/f.FE1DA32CFDBC8F8C890368A9A93AADEA.d.E18F61EBBB72F736C0B4C5811CE18198.e.12381/click - {}
RESULT: {}
COMMAND: GET /session/b9718e1e48867b0fba4e39bd9ed4a756/screenshot - {}
RESULT: {}
COMMAND: POST /session/b9718e1e48867b0fba4e39bd9ed4a756/element - {"using":"xpath","value":"//button[@data-kt=\"priceInfoButton\"]"}
RESULT: {"using":"xpath","value":"//button[@data-kt=\"priceInfoButton\"]"}
COMMAND: POST /session/b9718e1e48867b0fba4e39bd9ed4a756/element/f.FE1DA32CFDBC8F8C890368A9A93AADEA.d.E18F61EBBB72F736C0B4C5811CE18198.e.12383/click - {}
RESULT: {}
COMMAND: GET /session/b9718e1e48867b0fba4e39bd9ed4a756/screenshot - {}
RESULT: {}
]]></system-out>
    </testcase>
    <testcase classname="chrome.136_0_7103_93.windows.Performance_based_billing_(work_days)_US139742" name="Should create a pricing rule perf based on the equipment" time="52.363">
      <system-out><![CDATA[
COMMAND: POST /session/b9718e1e48867b0fba4e39bd9ed4a756/element - {"using":"xpath","value":"//button[@data-kt=\"addButton\"]"}
RESULT: {"using":"xpath","value":"//button[@data-kt=\"addButton\"]"}
COMMAND: POST /session/b9718e1e48867b0fba4e39bd9ed4a756/elements - {"using":"xpath","value":"//button[@data-kt=\"addButton\"]"}
RESULT: {"using":"xpath","value":"//button[@data-kt=\"addButton\"]"}
COMMAND: POST /session/b9718e1e48867b0fba4e39bd9ed4a756/execute/sync - {"script":"<script> [8489 bytes]","args":[{"element-6066-11e4-a52e-4f735466cecf":"f.FE1DA32CFDBC8F8C890368A9A93AADEA.d.E18F61EBBB72F736C0B4C5811CE18198.e.12419","ELEMENT":"f.FE1DA32CFDBC8F8C890368A9A93AADEA.d.E18F61EBBB72F736C0B4C5811CE18198.e.12419"}]}
RESULT: {"script":"<script> [8489 bytes]","args":[{"element-6066-11e4-a52e-4f735466cecf":"f.FE1DA32CFDBC8F8C890368A9A93AADEA.d.E18F61EBBB72F736C0B4C5811CE18198.e.12419","ELEMENT":"f.FE1DA32CFDBC8F8C890368A9A93AADEA.d.E18F61EBBB72F736C0B4C5811CE18198.e.12419"}]}
COMMAND: GET /session/b9718e1e48867b0fba4e39bd9ed4a756/element/f.FE1DA32CFDBC8F8C890368A9A93AADEA.d.E18F61EBBB72F736C0B4C5811CE18198.e.12419/enabled - {}
COMMAND: GET /session/b9718e1e48867b0fba4e39bd9ed4a756/screenshot - {}
RESULT: {}
COMMAND: POST /session/b9718e1e48867b0fba4e39bd9ed4a756/execute/sync - {"script":"<script> [8489 bytes]","args":[{"element-6066-11e4-a52e-4f735466cecf":"f.FE1DA32CFDBC8F8C890368A9A93AADEA.d.E18F61EBBB72F736C0B4C5811CE18198.e.12419","ELEMENT":"f.FE1DA32CFDBC8F8C890368A9A93AADEA.d.E18F61EBBB72F736C0B4C5811CE18198.e.12419"}]}
COMMAND: GET /session/b9718e1e48867b0fba4e39bd9ed4a756/screenshot - {}
RESULT: {}
RESULT: {"script":"<script> [8489 bytes]","args":[{"element-6066-11e4-a52e-4f735466cecf":"f.FE1DA32CFDBC8F8C890368A9A93AADEA.d.E18F61EBBB72F736C0B4C5811CE18198.e.12419","ELEMENT":"f.FE1DA32CFDBC8F8C890368A9A93AADEA.d.E18F61EBBB72F736C0B4C5811CE18198.e.12419"}]}
COMMAND: POST /session/b9718e1e48867b0fba4e39bd9ed4a756/execute/sync - {"script":"<script> [5351 bytes]","args":[{"element-6066-11e4-a52e-4f735466cecf":"f.FE1DA32CFDBC8F8C890368A9A93AADEA.d.E18F61EBBB72F736C0B4C5811CE18198.e.12419","ELEMENT":"f.FE1DA32CFDBC8F8C890368A9A93AADEA.d.E18F61EBBB72F736C0B4C5811CE18198.e.12419"}]}
COMMAND: GET /session/b9718e1e48867b0fba4e39bd9ed4a756/screenshot - {}
RESULT: {}
RESULT: {"script":"<script> [5351 bytes]","args":[{"element-6066-11e4-a52e-4f735466cecf":"f.FE1DA32CFDBC8F8C890368A9A93AADEA.d.E18F61EBBB72F736C0B4C5811CE18198.e.12419","ELEMENT":"f.FE1DA32CFDBC8F8C890368A9A93AADEA.d.E18F61EBBB72F736C0B4C5811CE18198.e.12419"}]}
COMMAND: POST /session/b9718e1e48867b0fba4e39bd9ed4a756/element/f.FE1DA32CFDBC8F8C890368A9A93AADEA.d.E18F61EBBB72F736C0B4C5811CE18198.e.12419/click - {}
COMMAND: GET /session/b9718e1e48867b0fba4e39bd9ed4a756/screenshot - {}
RESULT: {}
RESULT: {}
COMMAND: GET /session/b9718e1e48867b0fba4e39bd9ed4a756/screenshot - {}
RESULT: {}
RESULT: {}
COMMAND: POST /session/b9718e1e48867b0fba4e39bd9ed4a756/execute/async - {"script":"<script> [1562 bytes]","args":[{"selector":{"controlType":"sap.m.Title","viewName":"etm.portal.ui.managepricingrules.view.NewItem","viewId":"application-managepricingrules-display-component---newInfoPriceItem","properties":{"text":"New Pricing Rules - Item Level"}},"wdio_ui5_key":"etmportal.ui.managepricingrules.view.NewItemsap.m.Title{\"text\":\"New Pricing Rules - Item Level\"}"}]}
RESULT: {"script":"<script> [1562 bytes]","args":[{"selector":{"controlType":"sap.m.Title","viewName":"etm.portal.ui.managepricingrules.view.NewItem","viewId":"application-managepricingrules-display-component---newInfoPriceItem","properties":{"text":"New Pricing Rules - Item Level"}},"wdio_ui5_key":"etmportal.ui.managepricingrules.view.NewItemsap.m.Title{\"text\":\"New Pricing Rules - Item Level\"}"}]}
RESULT: undefined
COMMAND: POST /session/b9718e1e48867b0fba4e39bd9ed4a756/execute/async - {"script":"<script> [6424 bytes]","args":[{"element-6066-11e4-a52e-4f735466cecf":"f.FE1DA32CFDBC8F8C890368A9A93AADEA.d.E18F61EBBB72F736C0B4C5811CE18198.e.12579"},"getText",[]]}
RESULT: {"script":"<script> [6424 bytes]","args":[{"element-6066-11e4-a52e-4f735466cecf":"f.FE1DA32CFDBC8F8C890368A9A93AADEA.d.E18F61EBBB72F736C0B4C5811CE18198.e.12579"},"getText",[]]}
COMMAND: POST /session/b9718e1e48867b0fba4e39bd9ed4a756/execute/async - {"script":"<script> [1562 bytes]","args":[{"selector":{"id":"application-managepricingrules-display-component---newInfoPriceItem--condValidTo","interaction":{"idSuffix":"inner"}},"wdio_ui5_key":"applicationmanagepricingrules-display-component---newInfoPriceItem--condValidTo"}]}
RESULT: {"script":"<script> [1562 bytes]","args":[{"selector":{"id":"application-managepricingrules-display-component---newInfoPriceItem--condValidTo","interaction":{"idSuffix":"inner"}},"wdio_ui5_key":"applicationmanagepricingrules-display-component---newInfoPriceItem--condValidTo"}]}
RESULT: undefined
COMMAND: POST /session/b9718e1e48867b0fba4e39bd9ed4a756/execute/async - {"script":"<script> [776 bytes]","args":[{"enterText":"1/17/26","selector":{"id":"application-managepricingrules-display-component---newInfoPriceItem--condValidTo","interaction":{"idSuffix":"inner"}},"clearTextFirst":true,"interactionType":"ENTER_TEXT"}]}
RESULT: {"script":"<script> [776 bytes]","args":[{"enterText":"1/17/26","selector":{"id":"application-managepricingrules-display-component---newInfoPriceItem--condValidTo","interaction":{"idSuffix":"inner"}},"clearTextFirst":true,"interactionType":"ENTER_TEXT"}]}
COMMAND: POST /session/b9718e1e48867b0fba4e39bd9ed4a756/execute/async - {"script":"<script> [1562 bytes]","args":[{"selector":{"id":"application-managepricingrules-display-component---newInfoPriceItem--billType-arrow"},"wdio_ui5_key":"applicationmanagepricingrules-display-component---newInfoPriceItem--billType-arrow"}]}
RESULT: {"script":"<script> [1562 bytes]","args":[{"selector":{"id":"application-managepricingrules-display-component---newInfoPriceItem--billType-arrow"},"wdio_ui5_key":"applicationmanagepricingrules-display-component---newInfoPriceItem--billType-arrow"}]}
RESULT: undefined
COMMAND: POST /session/b9718e1e48867b0fba4e39bd9ed4a756/element - {"using":"xpath","value":"//*[@id=\"application-managepricingrules-display-component---newInfoPriceItem--billType-arrow\"]"}
RESULT: {"using":"xpath","value":"//*[@id=\"application-managepricingrules-display-component---newInfoPriceItem--billType-arrow\"]"}
COMMAND: POST /session/b9718e1e48867b0fba4e39bd9ed4a756/element/f.FE1DA32CFDBC8F8C890368A9A93AADEA.d.E18F61EBBB72F736C0B4C5811CE18198.e.12581/click - {}
RESULT: {}
COMMAND: POST /session/b9718e1e48867b0fba4e39bd9ed4a756/element - {"using":"xpath","value":"//span[contains(text(), \"PB - Performance based\")]"}
COMMAND: GET /session/b9718e1e48867b0fba4e39bd9ed4a756/screenshot - {}
RESULT: {"using":"xpath","value":"//span[contains(text(), \"PB - Performance based\")]"}
COMMAND: POST /session/b9718e1e48867b0fba4e39bd9ed4a756/element/f.FE1DA32CFDBC8F8C890368A9A93AADEA.d.E18F61EBBB72F736C0B4C5811CE18198.e.12582/click - {}
RESULT: {}
RESULT: {}
COMMAND: POST /session/b9718e1e48867b0fba4e39bd9ed4a756/execute/async - {"script":"<script> [1562 bytes]","args":[{"selector":{"id":"application-managepricingrules-display-component---newInfoPriceItem--priceProc-arrow"},"wdio_ui5_key":"applicationmanagepricingrules-display-component---newInfoPriceItem--priceProc-arrow"}]}
COMMAND: GET /session/b9718e1e48867b0fba4e39bd9ed4a756/screenshot - {}
RESULT: {"script":"<script> [1562 bytes]","args":[{"selector":{"id":"application-managepricingrules-display-component---newInfoPriceItem--priceProc-arrow"},"wdio_ui5_key":"applicationmanagepricingrules-display-component---newInfoPriceItem--priceProc-arrow"}]}
RESULT: undefined
COMMAND: POST /session/b9718e1e48867b0fba4e39bd9ed4a756/element - {"using":"xpath","value":"//*[@id=\"application-managepricingrules-display-component---newInfoPriceItem--priceProc-arrow\"]"}
RESULT: {}
RESULT: {"using":"xpath","value":"//*[@id=\"application-managepricingrules-display-component---newInfoPriceItem--priceProc-arrow\"]"}
COMMAND: POST /session/b9718e1e48867b0fba4e39bd9ed4a756/element/f.FE1DA32CFDBC8F8C890368A9A93AADEA.d.E18F61EBBB72F736C0B4C5811CE18198.e.12545/click - {}
RESULT: {}
COMMAND: POST /session/b9718e1e48867b0fba4e39bd9ed4a756/element - {"using":"xpath","value":"//span[contains(text(), \"PRF - Performance based\")]"}
COMMAND: GET /session/b9718e1e48867b0fba4e39bd9ed4a756/screenshot - {}
RESULT: {"using":"xpath","value":"//span[contains(text(), \"PRF - Performance based\")]"}
COMMAND: POST /session/b9718e1e48867b0fba4e39bd9ed4a756/element/f.FE1DA32CFDBC8F8C890368A9A93AADEA.d.E18F61EBBB72F736C0B4C5811CE18198.e.12583/click - {}
RESULT: {}
RESULT: {}
COMMAND: POST /session/b9718e1e48867b0fba4e39bd9ed4a756/execute/async - {"script":"<script> [1562 bytes]","args":[{"selector":{"id":"application-managepricingrules-display-component---newInfoPriceItem--calcBase-arrow"},"wdio_ui5_key":"applicationmanagepricingrules-display-component---newInfoPriceItem--calcBase-arrow"}]}
COMMAND: GET /session/b9718e1e48867b0fba4e39bd9ed4a756/screenshot - {}
RESULT: {"script":"<script> [1562 bytes]","args":[{"selector":{"id":"application-managepricingrules-display-component---newInfoPriceItem--calcBase-arrow"},"wdio_ui5_key":"applicationmanagepricingrules-display-component---newInfoPriceItem--calcBase-arrow"}]}
RESULT: undefined
COMMAND: POST /session/b9718e1e48867b0fba4e39bd9ed4a756/element - {"using":"xpath","value":"//*[@id=\"application-managepricingrules-display-component---newInfoPriceItem--calcBase-arrow\"]"}
RESULT: {}
RESULT: {"using":"xpath","value":"//*[@id=\"application-managepricingrules-display-component---newInfoPriceItem--calcBase-arrow\"]"}
COMMAND: POST /session/b9718e1e48867b0fba4e39bd9ed4a756/element/f.FE1DA32CFDBC8F8C890368A9A93AADEA.d.E18F61EBBB72F736C0B4C5811CE18198.e.12552/click - {}
RESULT: {}
COMMAND: GET /session/b9718e1e48867b0fba4e39bd9ed4a756/screenshot - {}
RESULT: {}
COMMAND: POST /session/b9718e1e48867b0fba4e39bd9ed4a756/element - {"using":"xpath","value":"//span[contains(text(), \"0007 - PB(work days)\")]"}
RESULT: {"using":"xpath","value":"//span[contains(text(), \"0007 - PB(work days)\")]"}
COMMAND: POST /session/b9718e1e48867b0fba4e39bd9ed4a756/element/f.FE1DA32CFDBC8F8C890368A9A93AADEA.d.E18F61EBBB72F736C0B4C5811CE18198.e.12584/click - {}
RESULT: {}
COMMAND: GET /session/b9718e1e48867b0fba4e39bd9ed4a756/screenshot - {}
RESULT: {}
COMMAND: POST /session/b9718e1e48867b0fba4e39bd9ed4a756/execute/async - {"script":"<script> [1562 bytes]","args":[{"selector":{"id":"application-managepricingrules-display-component---newInfoPriceItem--hoursMonth","interaction":{"idSuffix":"inner"}},"wdio_ui5_key":"applicationmanagepricingrules-display-component---newInfoPriceItem--hoursMonth"}]}
RESULT: {"script":"<script> [1562 bytes]","args":[{"selector":{"id":"application-managepricingrules-display-component---newInfoPriceItem--hoursMonth","interaction":{"idSuffix":"inner"}},"wdio_ui5_key":"applicationmanagepricingrules-display-component---newInfoPriceItem--hoursMonth"}]}
RESULT: undefined
COMMAND: POST /session/b9718e1e48867b0fba4e39bd9ed4a756/execute/async - {"script":"<script> [776 bytes]","args":[{"enterText":"160","selector":{"id":"application-managepricingrules-display-component---newInfoPriceItem--hoursMonth","interaction":{"idSuffix":"inner"}},"clearTextFirst":true,"interactionType":"ENTER_TEXT"}]}
RESULT: {"script":"<script> [776 bytes]","args":[{"enterText":"160","selector":{"id":"application-managepricingrules-display-component---newInfoPriceItem--hoursMonth","interaction":{"idSuffix":"inner"}},"clearTextFirst":true,"interactionType":"ENTER_TEXT"}]}
COMMAND: POST /session/b9718e1e48867b0fba4e39bd9ed4a756/element - {"using":"xpath","value":"//button[@data-kt=\"saveNewRuleButton\"]"}
RESULT: {"using":"xpath","value":"//button[@data-kt=\"saveNewRuleButton\"]"}
COMMAND: POST /session/b9718e1e48867b0fba4e39bd9ed4a756/element/f.FE1DA32CFDBC8F8C890368A9A93AADEA.d.E18F61EBBB72F736C0B4C5811CE18198.e.12570/click - {}
RESULT: {}
COMMAND: GET /session/b9718e1e48867b0fba4e39bd9ed4a756/screenshot - {}
RESULT: {}
COMMAND: POST /session/b9718e1e48867b0fba4e39bd9ed4a756/execute/async - {"script":"<script> [1562 bytes]","args":[{"selector":{"id":"application-managepricingrules-display-component---priceInfoItem--smartFilterBar-btnBasicSearch","interaction":{"idSuffix":"I"}},"wdio_ui5_key":"applicationmanagepricingrules-display-component---priceInfoItem--smartFilterBar-btnBasicSearch"}]}
RESULT: {"script":"<script> [1562 bytes]","args":[{"selector":{"id":"application-managepricingrules-display-component---priceInfoItem--smartFilterBar-btnBasicSearch","interaction":{"idSuffix":"I"}},"wdio_ui5_key":"applicationmanagepricingrules-display-component---priceInfoItem--smartFilterBar-btnBasicSearch"}]}
RESULT: undefined
COMMAND: POST /session/b9718e1e48867b0fba4e39bd9ed4a756/execute/async - {"script":"<script> [776 bytes]","args":[{"enterText":"A9AQMUzPgj","selector":{"id":"application-managepricingrules-display-component---priceInfoItem--smartFilterBar-btnBasicSearch","interaction":{"idSuffix":"I"}},"clearTextFirst":true,"interactionType":"ENTER_TEXT"}]}
RESULT: {"script":"<script> [776 bytes]","args":[{"enterText":"A9AQMUzPgj","selector":{"id":"application-managepricingrules-display-component---priceInfoItem--smartFilterBar-btnBasicSearch","interaction":{"idSuffix":"I"}},"clearTextFirst":true,"interactionType":"ENTER_TEXT"}]}
COMMAND: POST /session/b9718e1e48867b0fba4e39bd9ed4a756/actions - {"actions":[{"id":"action45","type":"key","parameters":{},"actions":[{"type":"keyDown","value":"î€‡"},{"type":"pause","duration":10},{"type":"keyUp","value":"î€‡"}]}]}
RESULT: {"actions":[{"id":"action45","type":"key","parameters":{},"actions":[{"type":"keyDown","value":"î€‡"},{"type":"pause","duration":10},{"type":"keyUp","value":"î€‡"}]}]}
COMMAND: GET /session/b9718e1e48867b0fba4e39bd9ed4a756/screenshot - {}
RESULT: {}
COMMAND: POST /session/b9718e1e48867b0fba4e39bd9ed4a756/element - {"using":"xpath","value":"//span[@id=\"application-managepricingrules-display-component---priceInfoItem--smartTable-header-inner\"]"}
RESULT: {"using":"xpath","value":"//span[@id=\"application-managepricingrules-display-component---priceInfoItem--smartTable-header-inner\"]"}
COMMAND: POST /session/b9718e1e48867b0fba4e39bd9ed4a756/elements - {"using":"xpath","value":"//span[@id=\"application-managepricingrules-display-component---priceInfoItem--smartTable-header-inner\"]"}
RESULT: {"using":"xpath","value":"//span[@id=\"application-managepricingrules-display-component---priceInfoItem--smartTable-header-inner\"]"}
COMMAND: POST /session/b9718e1e48867b0fba4e39bd9ed4a756/execute/sync - {"script":"<script> [56 bytes]","args":[{"element-6066-11e4-a52e-4f735466cecf":"f.FE1DA32CFDBC8F8C890368A9A93AADEA.d.E18F61EBBB72F736C0B4C5811CE18198.e.12608","ELEMENT":"f.FE1DA32CFDBC8F8C890368A9A93AADEA.d.E18F61EBBB72F736C0B4C5811CE18198.e.12608"}]}
RESULT: {"script":"<script> [56 bytes]","args":[{"element-6066-11e4-a52e-4f735466cecf":"f.FE1DA32CFDBC8F8C890368A9A93AADEA.d.E18F61EBBB72F736C0B4C5811CE18198.e.12608","ELEMENT":"f.FE1DA32CFDBC8F8C890368A9A93AADEA.d.E18F61EBBB72F736C0B4C5811CE18198.e.12608"}]}
COMMAND: POST /session/b9718e1e48867b0fba4e39bd9ed4a756/element - {"using":"css selector","value":"#shell-header-logo"}
COMMAND: GET /session/b9718e1e48867b0fba4e39bd9ed4a756/screenshot - {}
RESULT: {"using":"css selector","value":"#shell-header-logo"}
COMMAND: POST /session/b9718e1e48867b0fba4e39bd9ed4a756/element/f.FE1DA32CFDBC8F8C890368A9A93AADEA.d.E18F61EBBB72F736C0B4C5811CE18198.e.11727/click - {}
RESULT: {}
RESULT: {}
COMMAND: GET /session/b9718e1e48867b0fba4e39bd9ed4a756/screenshot - {}
RESULT: {}
]]></system-out>
    </testcase>
    <testcase classname="chrome.136_0_7103_93.windows.Performance_based_billing_(work_days)_US139742" name="Should create a performance based billing condition on the equipment" time="68.967">
      <system-out><![CDATA[
COMMAND: POST /session/b9718e1e48867b0fba4e39bd9ed4a756/execute/async - {"script":"<script> [1562 bytes]","args":[{"selector":{"controlType":"sap.m.GenericTile","properties":{"header":"Manage Conditions & Prices"}},"wdio_ui5_key":"sapm.GenericTile{\"header\":\"Manage Conditions & Prices\"}"}]}
RESULT: {"script":"<script> [1562 bytes]","args":[{"selector":{"controlType":"sap.m.GenericTile","properties":{"header":"Manage Conditions & Prices"}},"wdio_ui5_key":"sapm.GenericTile{\"header\":\"Manage Conditions & Prices\"}"}]}
RESULT: undefined
COMMAND: POST /session/b9718e1e48867b0fba4e39bd9ed4a756/element - {"using":"xpath","value":"//*[@id=\"__tile53\"]"}
RESULT: {"using":"xpath","value":"//*[@id=\"__tile53\"]"}
COMMAND: POST /session/b9718e1e48867b0fba4e39bd9ed4a756/element/f.FE1DA32CFDBC8F8C890368A9A93AADEA.d.E18F61EBBB72F736C0B4C5811CE18198.e.11672/click - {}
RESULT: {}
COMMAND: GET /session/b9718e1e48867b0fba4e39bd9ed4a756/screenshot - {}
COMMAND: POST /session/b9718e1e48867b0fba4e39bd9ed4a756/elements - {"using":"xpath","value":"//span[text()='Error']"}
RESULT: {}
RESULT: {"using":"xpath","value":"//span[text()='Error']"}
COMMAND: POST /session/b9718e1e48867b0fba4e39bd9ed4a756/element - {"using":"xpath","value":"//button[@aria-label=\"Create\"]"}
RESULT: {"using":"xpath","value":"//button[@aria-label=\"Create\"]"}
COMMAND: POST /session/b9718e1e48867b0fba4e39bd9ed4a756/elements - {"using":"xpath","value":"//button[@aria-label=\"Create\"]"}
RESULT: {"using":"xpath","value":"//button[@aria-label=\"Create\"]"}
COMMAND: POST /session/b9718e1e48867b0fba4e39bd9ed4a756/execute/sync - {"script":"<script> [8489 bytes]","args":[{"element-6066-11e4-a52e-4f735466cecf":"f.FE1DA32CFDBC8F8C890368A9A93AADEA.d.E18F61EBBB72F736C0B4C5811CE18198.e.12644","ELEMENT":"f.FE1DA32CFDBC8F8C890368A9A93AADEA.d.E18F61EBBB72F736C0B4C5811CE18198.e.12644"}]}
RESULT: {"script":"<script> [8489 bytes]","args":[{"element-6066-11e4-a52e-4f735466cecf":"f.FE1DA32CFDBC8F8C890368A9A93AADEA.d.E18F61EBBB72F736C0B4C5811CE18198.e.12644","ELEMENT":"f.FE1DA32CFDBC8F8C890368A9A93AADEA.d.E18F61EBBB72F736C0B4C5811CE18198.e.12644"}]}
COMMAND: GET /session/b9718e1e48867b0fba4e39bd9ed4a756/element/f.FE1DA32CFDBC8F8C890368A9A93AADEA.d.E18F61EBBB72F736C0B4C5811CE18198.e.12644/enabled - {}
COMMAND: GET /session/b9718e1e48867b0fba4e39bd9ed4a756/screenshot - {}
RESULT: {}
COMMAND: POST /session/b9718e1e48867b0fba4e39bd9ed4a756/execute/sync - {"script":"<script> [8489 bytes]","args":[{"element-6066-11e4-a52e-4f735466cecf":"f.FE1DA32CFDBC8F8C890368A9A93AADEA.d.E18F61EBBB72F736C0B4C5811CE18198.e.12644","ELEMENT":"f.FE1DA32CFDBC8F8C890368A9A93AADEA.d.E18F61EBBB72F736C0B4C5811CE18198.e.12644"}]}
COMMAND: GET /session/b9718e1e48867b0fba4e39bd9ed4a756/screenshot - {}
RESULT: {}
RESULT: {"script":"<script> [8489 bytes]","args":[{"element-6066-11e4-a52e-4f735466cecf":"f.FE1DA32CFDBC8F8C890368A9A93AADEA.d.E18F61EBBB72F736C0B4C5811CE18198.e.12644","ELEMENT":"f.FE1DA32CFDBC8F8C890368A9A93AADEA.d.E18F61EBBB72F736C0B4C5811CE18198.e.12644"}]}
COMMAND: POST /session/b9718e1e48867b0fba4e39bd9ed4a756/execute/sync - {"script":"<script> [5351 bytes]","args":[{"element-6066-11e4-a52e-4f735466cecf":"f.FE1DA32CFDBC8F8C890368A9A93AADEA.d.E18F61EBBB72F736C0B4C5811CE18198.e.12644","ELEMENT":"f.FE1DA32CFDBC8F8C890368A9A93AADEA.d.E18F61EBBB72F736C0B4C5811CE18198.e.12644"}]}
COMMAND: GET /session/b9718e1e48867b0fba4e39bd9ed4a756/screenshot - {}
RESULT: {}
RESULT: {"script":"<script> [5351 bytes]","args":[{"element-6066-11e4-a52e-4f735466cecf":"f.FE1DA32CFDBC8F8C890368A9A93AADEA.d.E18F61EBBB72F736C0B4C5811CE18198.e.12644","ELEMENT":"f.FE1DA32CFDBC8F8C890368A9A93AADEA.d.E18F61EBBB72F736C0B4C5811CE18198.e.12644"}]}
COMMAND: POST /session/b9718e1e48867b0fba4e39bd9ed4a756/element/f.FE1DA32CFDBC8F8C890368A9A93AADEA.d.E18F61EBBB72F736C0B4C5811CE18198.e.12644/click - {}
COMMAND: GET /session/b9718e1e48867b0fba4e39bd9ed4a756/screenshot - {}
RESULT: {}
RESULT: {}
COMMAND: GET /session/b9718e1e48867b0fba4e39bd9ed4a756/screenshot - {}
RESULT: {}
RESULT: {}
COMMAND: POST /session/b9718e1e48867b0fba4e39bd9ed4a756/actions - {"actions":[{"id":"action46","type":"key","parameters":{},"actions":[{"type":"keyDown","value":"î€‡"},{"type":"pause","duration":10},{"type":"keyUp","value":"î€‡"}]}]}
RESULT: {"actions":[{"id":"action46","type":"key","parameters":{},"actions":[{"type":"keyDown","value":"î€‡"},{"type":"pause","duration":10},{"type":"keyUp","value":"î€‡"}]}]}
COMMAND: GET /session/b9718e1e48867b0fba4e39bd9ed4a756/screenshot - {}
RESULT: {}
COMMAND: POST /session/b9718e1e48867b0fba4e39bd9ed4a756/execute/async - {"script":"<script> [1562 bytes]","args":[{"selector":{"id":"application-manageconditionprice-display-component---newCondition--condBillCond-arrow"},"wdio_ui5_key":"applicationmanageconditionprice-display-component---newCondition--condBillCond-arrow"}]}
RESULT: {"script":"<script> [1562 bytes]","args":[{"selector":{"id":"application-manageconditionprice-display-component---newCondition--condBillCond-arrow"},"wdio_ui5_key":"applicationmanageconditionprice-display-component---newCondition--condBillCond-arrow"}]}
RESULT: undefined
COMMAND: POST /session/b9718e1e48867b0fba4e39bd9ed4a756/element - {"using":"xpath","value":"//*[@id=\"application-manageconditionprice-display-component---newCondition--condBillCond-arrow\"]"}
RESULT: {"using":"xpath","value":"//*[@id=\"application-manageconditionprice-display-component---newCondition--condBillCond-arrow\"]"}
COMMAND: POST /session/b9718e1e48867b0fba4e39bd9ed4a756/element/f.FE1DA32CFDBC8F8C890368A9A93AADEA.d.E18F61EBBB72F736C0B4C5811CE18198.e.12815/click - {}
RESULT: {}
COMMAND: GET /session/b9718e1e48867b0fba4e39bd9ed4a756/screenshot - {}
RESULT: {}
COMMAND: POST /session/b9718e1e48867b0fba4e39bd9ed4a756/element - {"using":"xpath","value":"//li[.//span[contains(text(), \"PC06 - Performance Price - fuel\")]]"}
RESULT: {"using":"xpath","value":"//li[.//span[contains(text(), \"PC06 - Performance Price - fuel\")]]"}
COMMAND: POST /session/b9718e1e48867b0fba4e39bd9ed4a756/element/f.FE1DA32CFDBC8F8C890368A9A93AADEA.d.E18F61EBBB72F736C0B4C5811CE18198.e.12818/click - {}
RESULT: {}
COMMAND: GET /session/b9718e1e48867b0fba4e39bd9ed4a756/screenshot - {}
RESULT: {}
COMMAND: POST /session/b9718e1e48867b0fba4e39bd9ed4a756/execute/async - {"script":"<script> [1562 bytes]","args":[{"selector":{"id":"application-manageconditionprice-display-component---newCondition--condValidTo","interaction":{"idSuffix":"inner"}},"wdio_ui5_key":"applicationmanageconditionprice-display-component---newCondition--condValidTo"}]}
RESULT: {"script":"<script> [1562 bytes]","args":[{"selector":{"id":"application-manageconditionprice-display-component---newCondition--condValidTo","interaction":{"idSuffix":"inner"}},"wdio_ui5_key":"applicationmanageconditionprice-display-component---newCondition--condValidTo"}]}
RESULT: undefined
COMMAND: POST /session/b9718e1e48867b0fba4e39bd9ed4a756/execute/async - {"script":"<script> [776 bytes]","args":[{"enterText":"1/17/26","selector":{"id":"application-manageconditionprice-display-component---newCondition--condValidTo","interaction":{"idSuffix":"inner"}},"clearTextFirst":true,"interactionType":"ENTER_TEXT"}]}
RESULT: {"script":"<script> [776 bytes]","args":[{"enterText":"1/17/26","selector":{"id":"application-manageconditionprice-display-component---newCondition--condValidTo","interaction":{"idSuffix":"inner"}},"clearTextFirst":true,"interactionType":"ENTER_TEXT"}]}
COMMAND: POST /session/b9718e1e48867b0fba4e39bd9ed4a756/element - {"using":"xpath","value":"//input[@id=\"application-manageconditionprice-display-component---newCondition--condRU-inner\"]"}
RESULT: {"using":"xpath","value":"//input[@id=\"application-manageconditionprice-display-component---newCondition--condRU-inner\"]"}
COMMAND: POST /session/b9718e1e48867b0fba4e39bd9ed4a756/element/f.FE1DA32CFDBC8F8C890368A9A93AADEA.d.E18F61EBBB72F736C0B4C5811CE18198.e.12686/clear - {}
RESULT: {}
COMMAND: POST /session/b9718e1e48867b0fba4e39bd9ed4a756/element/f.FE1DA32CFDBC8F8C890368A9A93AADEA.d.E18F61EBBB72F736C0B4C5811CE18198.e.12686/value - {"text":"A9AQMUzPgj"}
COMMAND: GET /session/b9718e1e48867b0fba4e39bd9ed4a756/screenshot - {}
RESULT: {"text":"A9AQMUzPgj"}
COMMAND: GET /session/b9718e1e48867b0fba4e39bd9ed4a756/screenshot - {}
RESULT: {}
RESULT: {}
COMMAND: POST /session/b9718e1e48867b0fba4e39bd9ed4a756/actions - {"actions":[{"id":"action47","type":"key","parameters":{},"actions":[{"type":"keyDown","value":"î€‡"},{"type":"pause","duration":10},{"type":"keyUp","value":"î€‡"}]}]}
RESULT: {"actions":[{"id":"action47","type":"key","parameters":{},"actions":[{"type":"keyDown","value":"î€‡"},{"type":"pause","duration":10},{"type":"keyUp","value":"î€‡"}]}]}
COMMAND: POST /session/b9718e1e48867b0fba4e39bd9ed4a756/execute/async - {"script":"<script> [1562 bytes]","args":[{"selector":{"id":"application-manageconditionprice-display-component---newCondition--condBaseQty","interaction":{"idSuffix":"inner"}},"wdio_ui5_key":"applicationmanageconditionprice-display-component---newCondition--condBaseQty"}]}
COMMAND: GET /session/b9718e1e48867b0fba4e39bd9ed4a756/screenshot - {}
RESULT: {"script":"<script> [1562 bytes]","args":[{"selector":{"id":"application-manageconditionprice-display-component---newCondition--condBaseQty","interaction":{"idSuffix":"inner"}},"wdio_ui5_key":"applicationmanageconditionprice-display-component---newCondition--condBaseQty"}]}
RESULT: undefined
COMMAND: POST /session/b9718e1e48867b0fba4e39bd9ed4a756/execute/async - {"script":"<script> [776 bytes]","args":[{"enterText":"1","selector":{"id":"application-manageconditionprice-display-component---newCondition--condBaseQty","interaction":{"idSuffix":"inner"}},"clearTextFirst":true,"interactionType":"ENTER_TEXT"}]}
RESULT: {}
RESULT: {"script":"<script> [776 bytes]","args":[{"enterText":"1","selector":{"id":"application-manageconditionprice-display-component---newCondition--condBaseQty","interaction":{"idSuffix":"inner"}},"clearTextFirst":true,"interactionType":"ENTER_TEXT"}]}
COMMAND: POST /session/b9718e1e48867b0fba4e39bd9ed4a756/execute/async - {"script":"<script> [1562 bytes]","args":[{"selector":{"id":"application-manageconditionprice-display-component---newCondition--condValue","interaction":{"idSuffix":"inner"}},"wdio_ui5_key":"applicationmanageconditionprice-display-component---newCondition--condValue"}]}
RESULT: {"script":"<script> [1562 bytes]","args":[{"selector":{"id":"application-manageconditionprice-display-component---newCondition--condValue","interaction":{"idSuffix":"inner"}},"wdio_ui5_key":"applicationmanageconditionprice-display-component---newCondition--condValue"}]}
RESULT: undefined
COMMAND: POST /session/b9718e1e48867b0fba4e39bd9ed4a756/execute/async - {"script":"<script> [776 bytes]","args":[{"enterText":"10","selector":{"id":"application-manageconditionprice-display-component---newCondition--condValue","interaction":{"idSuffix":"inner"}},"clearTextFirst":true,"interactionType":"ENTER_TEXT"}]}
RESULT: {"script":"<script> [776 bytes]","args":[{"enterText":"10","selector":{"id":"application-manageconditionprice-display-component---newCondition--condValue","interaction":{"idSuffix":"inner"}},"clearTextFirst":true,"interactionType":"ENTER_TEXT"}]}
COMMAND: POST /session/b9718e1e48867b0fba4e39bd9ed4a756/execute/async - {"script":"<script> [1562 bytes]","args":[{"selector":{"id":"application-manageconditionprice-display-component---newCondition--condCurr-arrow"},"wdio_ui5_key":"applicationmanageconditionprice-display-component---newCondition--condCurr-arrow"}]}
RESULT: {"script":"<script> [1562 bytes]","args":[{"selector":{"id":"application-manageconditionprice-display-component---newCondition--condCurr-arrow"},"wdio_ui5_key":"applicationmanageconditionprice-display-component---newCondition--condCurr-arrow"}]}
RESULT: undefined
COMMAND: POST /session/b9718e1e48867b0fba4e39bd9ed4a756/element - {"using":"xpath","value":"//*[@id=\"application-manageconditionprice-display-component---newCondition--condCurr-arrow\"]"}
RESULT: {"using":"xpath","value":"//*[@id=\"application-manageconditionprice-display-component---newCondition--condCurr-arrow\"]"}
COMMAND: POST /session/b9718e1e48867b0fba4e39bd9ed4a756/element/f.FE1DA32CFDBC8F8C890368A9A93AADEA.d.E18F61EBBB72F736C0B4C5811CE18198.e.12770/click - {}
RESULT: {}
COMMAND: POST /session/b9718e1e48867b0fba4e39bd9ed4a756/element - {"using":"xpath","value":"//span[contains(text(), \"Euro\")]"}
COMMAND: GET /session/b9718e1e48867b0fba4e39bd9ed4a756/screenshot - {}
RESULT: {"using":"xpath","value":"//span[contains(text(), \"Euro\")]"}
COMMAND: POST /session/b9718e1e48867b0fba4e39bd9ed4a756/element/f.FE1DA32CFDBC8F8C890368A9A93AADEA.d.E18F61EBBB72F736C0B4C5811CE18198.e.12853/click - {}
RESULT: {}
RESULT: {}
COMMAND: POST /session/b9718e1e48867b0fba4e39bd9ed4a756/element - {"using":"xpath","value":"//button[@data-kt=\"saveButton\"]"}
COMMAND: GET /session/b9718e1e48867b0fba4e39bd9ed4a756/screenshot - {}
RESULT: {"using":"xpath","value":"//button[@data-kt=\"saveButton\"]"}
COMMAND: POST /session/b9718e1e48867b0fba4e39bd9ed4a756/element/f.FE1DA32CFDBC8F8C890368A9A93AADEA.d.E18F61EBBB72F736C0B4C5811CE18198.e.12771/click - {}
RESULT: {}
RESULT: {}
COMMAND: GET /session/b9718e1e48867b0fba4e39bd9ed4a756/screenshot - {}
RESULT: {}
COMMAND: POST /session/b9718e1e48867b0fba4e39bd9ed4a756/execute/async - {"script":"<script> [1562 bytes]","args":[{"selector":{"id":"application-manageconditionprice-display-component---conditions--smartFilterBar-btnBasicSearch","interaction":{"idSuffix":"I"}},"wdio_ui5_key":"applicationmanageconditionprice-display-component---conditions--smartFilterBar-btnBasicSearch"}]}
RESULT: {"script":"<script> [1562 bytes]","args":[{"selector":{"id":"application-manageconditionprice-display-component---conditions--smartFilterBar-btnBasicSearch","interaction":{"idSuffix":"I"}},"wdio_ui5_key":"applicationmanageconditionprice-display-component---conditions--smartFilterBar-btnBasicSearch"}]}
RESULT: undefined
COMMAND: POST /session/b9718e1e48867b0fba4e39bd9ed4a756/execute/async - {"script":"<script> [776 bytes]","args":[{"enterText":"A9AQMUzPgj","selector":{"id":"application-manageconditionprice-display-component---conditions--smartFilterBar-btnBasicSearch","interaction":{"idSuffix":"I"}},"clearTextFirst":true,"interactionType":"ENTER_TEXT"}]}
RESULT: {"script":"<script> [776 bytes]","args":[{"enterText":"A9AQMUzPgj","selector":{"id":"application-manageconditionprice-display-component---conditions--smartFilterBar-btnBasicSearch","interaction":{"idSuffix":"I"}},"clearTextFirst":true,"interactionType":"ENTER_TEXT"}]}
COMMAND: POST /session/b9718e1e48867b0fba4e39bd9ed4a756/actions - {"actions":[{"id":"action48","type":"key","parameters":{},"actions":[{"type":"keyDown","value":"î€‡"},{"type":"pause","duration":10},{"type":"keyUp","value":"î€‡"}]}]}
RESULT: {"actions":[{"id":"action48","type":"key","parameters":{},"actions":[{"type":"keyDown","value":"î€‡"},{"type":"pause","duration":10},{"type":"keyUp","value":"î€‡"}]}]}
COMMAND: GET /session/b9718e1e48867b0fba4e39bd9ed4a756/screenshot - {}
RESULT: {}
COMMAND: POST /session/b9718e1e48867b0fba4e39bd9ed4a756/execute/async - {"script":"<script> [1562 bytes]","args":[{"selector":{"id":"application-manageconditionprice-display-component---conditions--smartFilterBar-filterItemControl_BASIC-BILL_TYPES-vhi"},"wdio_ui5_key":"applicationmanageconditionprice-display-component---conditions--smartFilterBar-filterItemControl_BASIC-BILL_TYPES-vhi"}]}
RESULT: {"script":"<script> [1562 bytes]","args":[{"selector":{"id":"application-manageconditionprice-display-component---conditions--smartFilterBar-filterItemControl_BASIC-BILL_TYPES-vhi"},"wdio_ui5_key":"applicationmanageconditionprice-display-component---conditions--smartFilterBar-filterItemControl_BASIC-BILL_TYPES-vhi"}]}
RESULT: undefined
COMMAND: POST /session/b9718e1e48867b0fba4e39bd9ed4a756/element - {"using":"xpath","value":"//*[@id=\"application-manageconditionprice-display-component---conditions--smartFilterBar-filterItemControl_BASIC-BILL_TYPES-vhi\"]"}
RESULT: {"using":"xpath","value":"//*[@id=\"application-manageconditionprice-display-component---conditions--smartFilterBar-filterItemControl_BASIC-BILL_TYPES-vhi\"]"}
COMMAND: POST /session/b9718e1e48867b0fba4e39bd9ed4a756/element/f.FE1DA32CFDBC8F8C890368A9A93AADEA.d.E18F61EBBB72F736C0B4C5811CE18198.e.12948/click - {}
RESULT: {}
COMMAND: POST /session/b9718e1e48867b0fba4e39bd9ed4a756/execute/async - {"script":"<script> [1562 bytes]","args":[{"selector":{"id":"application-manageconditionprice-display-component---conditions--smartFilterBar-filterItemControl_BASIC-BILL_TYPES-valueHelpDialog-smartFilterBar-btnBasicSearch","searchOpenDialogs":true,"interaction":{"idSuffix":"I"}},"wdio_ui5_key":"applicationmanageconditionprice-display-component---conditions--smartFilterBar-filterItemControl_BASIC-BILL_TYPES-valueHelpDialog-smartFilterBar-btnBasicSearch"}]}
COMMAND: GET /session/b9718e1e48867b0fba4e39bd9ed4a756/screenshot - {}
RESULT: {}
RESULT: {"script":"<script> [1562 bytes]","args":[{"selector":{"id":"application-manageconditionprice-display-component---conditions--smartFilterBar-filterItemControl_BASIC-BILL_TYPES-valueHelpDialog-smartFilterBar-btnBasicSearch","searchOpenDialogs":true,"interaction":{"idSuffix":"I"}},"wdio_ui5_key":"applicationmanageconditionprice-display-component---conditions--smartFilterBar-filterItemControl_BASIC-BILL_TYPES-valueHelpDialog-smartFilterBar-btnBasicSearch"}]}
RESULT: undefined
COMMAND: POST /session/b9718e1e48867b0fba4e39bd9ed4a756/execute/async - {"script":"<script> [776 bytes]","args":[{"enterText":"PB","selector":{"id":"application-manageconditionprice-display-component---conditions--smartFilterBar-filterItemControl_BASIC-BILL_TYPES-valueHelpDialog-smartFilterBar-btnBasicSearch","searchOpenDialogs":true,"interaction":{"idSuffix":"I"}},"clearTextFirst":true,"interactionType":"ENTER_TEXT"}]}
RESULT: {"script":"<script> [776 bytes]","args":[{"enterText":"PB","selector":{"id":"application-manageconditionprice-display-component---conditions--smartFilterBar-filterItemControl_BASIC-BILL_TYPES-valueHelpDialog-smartFilterBar-btnBasicSearch","searchOpenDialogs":true,"interaction":{"idSuffix":"I"}},"clearTextFirst":true,"interactionType":"ENTER_TEXT"}]}
COMMAND: POST /session/b9718e1e48867b0fba4e39bd9ed4a756/actions - {"actions":[{"id":"action49","type":"key","parameters":{},"actions":[{"type":"keyDown","value":"î€‡"},{"type":"pause","duration":10},{"type":"keyUp","value":"î€‡"}]}]}
RESULT: {"actions":[{"id":"action49","type":"key","parameters":{},"actions":[{"type":"keyDown","value":"î€‡"},{"type":"pause","duration":10},{"type":"keyUp","value":"î€‡"}]}]}
COMMAND: GET /session/b9718e1e48867b0fba4e39bd9ed4a756/screenshot - {}
RESULT: {}
COMMAND: POST /session/b9718e1e48867b0fba4e39bd9ed4a756/element - {"using":"xpath","value":"//div[contains(@id, 'application-manageconditionprice-display-component---conditions--smartFilterBar-filterItemControl_BASIC-BILL_TYPES-valueHelpDialog-table-rowsel0')]"}
RESULT: {"using":"xpath","value":"//div[contains(@id, 'application-manageconditionprice-display-component---conditions--smartFilterBar-filterItemControl_BASIC-BILL_TYPES-valueHelpDialog-table-rowsel0')]"}
COMMAND: POST /session/b9718e1e48867b0fba4e39bd9ed4a756/element/f.FE1DA32CFDBC8F8C890368A9A93AADEA.d.E18F61EBBB72F736C0B4C5811CE18198.e.12958/click - {}
RESULT: {}
COMMAND: GET /session/b9718e1e48867b0fba4e39bd9ed4a756/screenshot - {}
RESULT: {}
COMMAND: POST /session/b9718e1e48867b0fba4e39bd9ed4a756/element - {"using":"xpath","value":"//bdi[contains(text(), \"OK\")]"}
RESULT: {"using":"xpath","value":"//bdi[contains(text(), \"OK\")]"}
COMMAND: POST /session/b9718e1e48867b0fba4e39bd9ed4a756/element/f.FE1DA32CFDBC8F8C890368A9A93AADEA.d.E18F61EBBB72F736C0B4C5811CE18198.e.12960/click - {}
RESULT: {}
COMMAND: GET /session/b9718e1e48867b0fba4e39bd9ed4a756/screenshot - {}
RESULT: {}
COMMAND: POST /session/b9718e1e48867b0fba4e39bd9ed4a756/element - {"using":"xpath","value":"//span[@id=\"application-manageconditionprice-display-component---conditions--smartTable-header-inner\"]"}
RESULT: {"using":"xpath","value":"//span[@id=\"application-manageconditionprice-display-component---conditions--smartTable-header-inner\"]"}
COMMAND: POST /session/b9718e1e48867b0fba4e39bd9ed4a756/elements - {"using":"xpath","value":"//span[@id=\"application-manageconditionprice-display-component---conditions--smartTable-header-inner\"]"}
RESULT: {"using":"xpath","value":"//span[@id=\"application-manageconditionprice-display-component---conditions--smartTable-header-inner\"]"}
COMMAND: POST /session/b9718e1e48867b0fba4e39bd9ed4a756/execute/sync - {"script":"<script> [56 bytes]","args":[{"element-6066-11e4-a52e-4f735466cecf":"f.FE1DA32CFDBC8F8C890368A9A93AADEA.d.E18F61EBBB72F736C0B4C5811CE18198.e.12963","ELEMENT":"f.FE1DA32CFDBC8F8C890368A9A93AADEA.d.E18F61EBBB72F736C0B4C5811CE18198.e.12963"}]}
RESULT: {"script":"<script> [56 bytes]","args":[{"element-6066-11e4-a52e-4f735466cecf":"f.FE1DA32CFDBC8F8C890368A9A93AADEA.d.E18F61EBBB72F736C0B4C5811CE18198.e.12963","ELEMENT":"f.FE1DA32CFDBC8F8C890368A9A93AADEA.d.E18F61EBBB72F736C0B4C5811CE18198.e.12963"}]}
COMMAND: POST /session/b9718e1e48867b0fba4e39bd9ed4a756/element - {"using":"css selector","value":"#shell-header-logo"}
COMMAND: GET /session/b9718e1e48867b0fba4e39bd9ed4a756/screenshot - {}
RESULT: {"using":"css selector","value":"#shell-header-logo"}
COMMAND: POST /session/b9718e1e48867b0fba4e39bd9ed4a756/element/f.FE1DA32CFDBC8F8C890368A9A93AADEA.d.E18F61EBBB72F736C0B4C5811CE18198.e.12611/click - {}
RESULT: {}
RESULT: {}
COMMAND: GET /session/b9718e1e48867b0fba4e39bd9ed4a756/screenshot - {}
RESULT: {}
]]></system-out>
    </testcase>
    <testcase classname="chrome.136_0_7103_93.windows.Performance_based_billing_(work_days)_US139742" name="Should add a counter to the equipment" time="64.954">
      <system-out><![CDATA[
RESULT: undefined
COMMAND: POST /session/b9718e1e48867b0fba4e39bd9ed4a756/element - {"using":"xpath","value":"//*[@id=\"__tile39\"]"}
RESULT: {"using":"xpath","value":"//*[@id=\"__tile39\"]"}
COMMAND: POST /session/b9718e1e48867b0fba4e39bd9ed4a756/element/f.FE1DA32CFDBC8F8C890368A9A93AADEA.d.E18F61EBBB72F736C0B4C5811CE18198.e.11625/click - {}
RESULT: {}
COMMAND: GET /session/b9718e1e48867b0fba4e39bd9ed4a756/screenshot - {}
RESULT: {}
COMMAND: POST /session/b9718e1e48867b0fba4e39bd9ed4a756/elements - {"using":"xpath","value":"//span[text()='Error']"}
RESULT: {"using":"xpath","value":"//span[text()='Error']"}
COMMAND: POST /session/b9718e1e48867b0fba4e39bd9ed4a756/execute/async - {"script":"<script> [1562 bytes]","args":[{"selector":{"id":"application-manageresources-display-component---masterRU--smartFilterBar-btnBasicSearch","interaction":{"idSuffix":"I"}},"wdio_ui5_key":"applicationmanageresources-display-component---masterRU--smartFilterBar-btnBasicSearch"}]}
RESULT: {"script":"<script> [1562 bytes]","args":[{"selector":{"id":"application-manageresources-display-component---masterRU--smartFilterBar-btnBasicSearch","interaction":{"idSuffix":"I"}},"wdio_ui5_key":"applicationmanageresources-display-component---masterRU--smartFilterBar-btnBasicSearch"}]}
RESULT: undefined
COMMAND: POST /session/b9718e1e48867b0fba4e39bd9ed4a756/execute/async - {"script":"<script> [776 bytes]","args":[{"enterText":"A9AQMUzPgj","selector":{"id":"application-manageresources-display-component---masterRU--smartFilterBar-btnBasicSearch","interaction":{"idSuffix":"I"}},"clearTextFirst":true,"interactionType":"ENTER_TEXT"}]}
RESULT: {"script":"<script> [776 bytes]","args":[{"enterText":"A9AQMUzPgj","selector":{"id":"application-manageresources-display-component---masterRU--smartFilterBar-btnBasicSearch","interaction":{"idSuffix":"I"}},"clearTextFirst":true,"interactionType":"ENTER_TEXT"}]}
COMMAND: POST /session/b9718e1e48867b0fba4e39bd9ed4a756/actions - {"actions":[{"id":"action50","type":"key","parameters":{},"actions":[{"type":"keyDown","value":"î€‡"},{"type":"pause","duration":10},{"type":"keyUp","value":"î€‡"}]}]}
RESULT: {"actions":[{"id":"action50","type":"key","parameters":{},"actions":[{"type":"keyDown","value":"î€‡"},{"type":"pause","duration":10},{"type":"keyUp","value":"î€‡"}]}]}
COMMAND: GET /session/b9718e1e48867b0fba4e39bd9ed4a756/screenshot - {}
RESULT: {}
COMMAND: POST /session/b9718e1e48867b0fba4e39bd9ed4a756/execute/async - {"script":"<script> [1562 bytes]","args":[{"selector":{"id":"application-manageresources-display-component---masterRU--smartTable-header"},"wdio_ui5_key":"applicationmanageresources-display-component---masterRU--smartTable-header"}]}
RESULT: {"script":"<script> [1562 bytes]","args":[{"selector":{"id":"application-manageresources-display-component---masterRU--smartTable-header"},"wdio_ui5_key":"applicationmanageresources-display-component---masterRU--smartTable-header"}]}
RESULT: undefined
COMMAND: POST /session/b9718e1e48867b0fba4e39bd9ed4a756/execute/async - {"script":"<script> [6424 bytes]","args":[{"element-6066-11e4-a52e-4f735466cecf":"f.FE1DA32CFDBC8F8C890368A9A93AADEA.d.E18F61EBBB72F736C0B4C5811CE18198.e.13148"},"getText",[]]}
RESULT: {"script":"<script> [6424 bytes]","args":[{"element-6066-11e4-a52e-4f735466cecf":"f.FE1DA32CFDBC8F8C890368A9A93AADEA.d.E18F61EBBB72F736C0B4C5811CE18198.e.13148"},"getText",[]]}
COMMAND: POST /session/b9718e1e48867b0fba4e39bd9ed4a756/execute/async - {"script":"<script> [1562 bytes]","args":[{"selector":{"controlType":"sap.ui.core.Icon","viewName":"etm.portal.ui.manageresources.view.Master","viewId":"application-manageresources-display-component---masterRU","properties":{"src":{"regex":{"source":"slim\\-arrow\\-right"}}}},"wdio_ui5_key":"etmportal.ui.manageresources.view.Mastersap.ui.core.Icon{\"src\":{\"regex\":{\"source\":\"slim\\\\-arrow\\\\-right\"}}}"}]}
RESULT: {"script":"<script> [1562 bytes]","args":[{"selector":{"controlType":"sap.ui.core.Icon","viewName":"etm.portal.ui.manageresources.view.Master","viewId":"application-manageresources-display-component---masterRU","properties":{"src":{"regex":{"source":"slim\\-arrow\\-right"}}}},"wdio_ui5_key":"etmportal.ui.manageresources.view.Mastersap.ui.core.Icon{\"src\":{\"regex\":{\"source\":\"slim\\\\-arrow\\\\-right\"}}}"}]}
RESULT: undefined
COMMAND: POST /session/b9718e1e48867b0fba4e39bd9ed4a756/element - {"using":"xpath","value":"//*[@id=\"__item998-__clone2522-imgNav\"]"}
RESULT: {"using":"xpath","value":"//*[@id=\"__item998-__clone2522-imgNav\"]"}
COMMAND: POST /session/b9718e1e48867b0fba4e39bd9ed4a756/element/f.FE1DA32CFDBC8F8C890368A9A93AADEA.d.E18F61EBBB72F736C0B4C5811CE18198.e.13147/click - {}
RESULT: {}
COMMAND: GET /session/b9718e1e48867b0fba4e39bd9ed4a756/screenshot - {}
RESULT: {}
COMMAND: POST /session/b9718e1e48867b0fba4e39bd9ed4a756/element - {"using":"xpath","value":"//bdi[contains(text(), \"Edit\")]"}
RESULT: {"using":"xpath","value":"//bdi[contains(text(), \"Edit\")]"}
COMMAND: POST /session/b9718e1e48867b0fba4e39bd9ed4a756/execute/sync - {"script":"<script> [8489 bytes]","args":[{"element-6066-11e4-a52e-4f735466cecf":"f.FE1DA32CFDBC8F8C890368A9A93AADEA.d.E18F61EBBB72F736C0B4C5811CE18198.e.13257","ELEMENT":"f.FE1DA32CFDBC8F8C890368A9A93AADEA.d.E18F61EBBB72F736C0B4C5811CE18198.e.13257"}]}
RESULT: {"script":"<script> [8489 bytes]","args":[{"element-6066-11e4-a52e-4f735466cecf":"f.FE1DA32CFDBC8F8C890368A9A93AADEA.d.E18F61EBBB72F736C0B4C5811CE18198.e.13257","ELEMENT":"f.FE1DA32CFDBC8F8C890368A9A93AADEA.d.E18F61EBBB72F736C0B4C5811CE18198.e.13257"}]}
COMMAND: POST /session/b9718e1e48867b0fba4e39bd9ed4a756/element/f.FE1DA32CFDBC8F8C890368A9A93AADEA.d.E18F61EBBB72F736C0B4C5811CE18198.e.13257/click - {}
COMMAND: GET /session/b9718e1e48867b0fba4e39bd9ed4a756/screenshot - {}
RESULT: {}
COMMAND: GET /session/b9718e1e48867b0fba4e39bd9ed4a756/screenshot - {}
RESULT: {}
COMMAND: POST /session/b9718e1e48867b0fba4e39bd9ed4a756/execute/async - {"script":"<script> [1562 bytes]","args":[{"selector":{"id":"application-manageresources-display-component---editResource--editRruPage-anchBar-application-manageresources-display-component---editResource--counters-anchor","interaction":{"idSuffix":"BDI-content"}},"wdio_ui5_key":"applicationmanageresources-display-component---editResource--editRruPage-anchBar-application-manageresources-display-component---editResource--counters-anchor"}]}
RESULT: {}
RESULT: {"script":"<script> [1562 bytes]","args":[{"selector":{"id":"application-manageresources-display-component---editResource--editRruPage-anchBar-application-manageresources-display-component---editResource--counters-anchor","interaction":{"idSuffix":"BDI-content"}},"wdio_ui5_key":"applicationmanageresources-display-component---editResource--editRruPage-anchBar-application-manageresources-display-component---editResource--counters-anchor"}]}
RESULT: undefined
COMMAND: POST /session/b9718e1e48867b0fba4e39bd9ed4a756/element - {"using":"xpath","value":"//*[@id=\"application-manageresources-display-component---editResource--editRruPage-anchBar-application-manageresources-display-component---editResource--counters-anchor\"]"}
RESULT: {"using":"xpath","value":"//*[@id=\"application-manageresources-display-component---editResource--editRruPage-anchBar-application-manageresources-display-component---editResource--counters-anchor\"]"}
COMMAND: POST /session/b9718e1e48867b0fba4e39bd9ed4a756/element/f.FE1DA32CFDBC8F8C890368A9A93AADEA.d.E18F61EBBB72F736C0B4C5811CE18198.e.13415/click - {}
RESULT: {}
COMMAND: GET /session/b9718e1e48867b0fba4e39bd9ed4a756/screenshot - {}
RESULT: {}
COMMAND: POST /session/b9718e1e48867b0fba4e39bd9ed4a756/execute/async - {"script":"<script> [1562 bytes]","args":[{"selector":{"id":"application-manageresources-display-component---editResource--btnAddCounter-img"},"wdio_ui5_key":"applicationmanageresources-display-component---editResource--btnAddCounter-img"}]}
RESULT: {"script":"<script> [1562 bytes]","args":[{"selector":{"id":"application-manageresources-display-component---editResource--btnAddCounter-img"},"wdio_ui5_key":"applicationmanageresources-display-component---editResource--btnAddCounter-img"}]}
RESULT: undefined
COMMAND: POST /session/b9718e1e48867b0fba4e39bd9ed4a756/element - {"using":"xpath","value":"//*[@id=\"application-manageresources-display-component---editResource--btnAddCounter-img\"]"}
RESULT: {"using":"xpath","value":"//*[@id=\"application-manageresources-display-component---editResource--btnAddCounter-img\"]"}
COMMAND: POST /session/b9718e1e48867b0fba4e39bd9ed4a756/element/f.FE1DA32CFDBC8F8C890368A9A93AADEA.d.E18F61EBBB72F736C0B4C5811CE18198.e.13420/click - {}
RESULT: {}
COMMAND: POST /session/b9718e1e48867b0fba4e39bd9ed4a756/execute/async - {"script":"<script> [1562 bytes]","args":[{"selector":{"id":"application-manageresources-display-component---editResource--COUNTER_ID-application-manageresources-display-component---editResource--RUCounters-0-arrow"},"wdio_ui5_key":"applicationmanageresources-display-component---editResource--COUNTER_ID-application-manageresources-display-component---editResource--RUCounters-0-arrow"}]}
COMMAND: GET /session/b9718e1e48867b0fba4e39bd9ed4a756/screenshot - {}
RESULT: {}
RESULT: {"script":"<script> [1562 bytes]","args":[{"selector":{"id":"application-manageresources-display-component---editResource--COUNTER_ID-application-manageresources-display-component---editResource--RUCounters-0-arrow"},"wdio_ui5_key":"applicationmanageresources-display-component---editResource--COUNTER_ID-application-manageresources-display-component---editResource--RUCounters-0-arrow"}]}
RESULT: undefined
COMMAND: POST /session/b9718e1e48867b0fba4e39bd9ed4a756/element - {"using":"xpath","value":"//*[@id=\"application-manageresources-display-component---editResource--COUNTER_ID-application-manageresources-display-component---editResource--RUCounters-0-arrow\"]"}
RESULT: {"using":"xpath","value":"//*[@id=\"application-manageresources-display-component---editResource--COUNTER_ID-application-manageresources-display-component---editResource--RUCounters-0-arrow\"]"}
COMMAND: POST /session/b9718e1e48867b0fba4e39bd9ed4a756/element/f.FE1DA32CFDBC8F8C890368A9A93AADEA.d.E18F61EBBB72F736C0B4C5811CE18198.e.13432/click - {}
RESULT: {}
COMMAND: POST /session/b9718e1e48867b0fba4e39bd9ed4a756/execute/async - {"script":"<script> [1562 bytes]","args":[{"selector":{"controlType":"sap.m.StandardListItem","viewName":"etm.portal.ui.manageresources.view.EditResource","viewId":"application-manageresources-display-component---editResource","properties":{"title":"fuel"},"searchOpenDialogs":true,"interaction":{"idSuffix":"content"}},"wdio_ui5_key":"etmportal.ui.manageresources.view.EditResourcesap.m.StandardListItem{\"title\":\"fuel\"}"}]}
COMMAND: GET /session/b9718e1e48867b0fba4e39bd9ed4a756/screenshot - {}
RESULT: {"script":"<script> [1562 bytes]","args":[{"selector":{"controlType":"sap.m.StandardListItem","viewName":"etm.portal.ui.manageresources.view.EditResource","viewId":"application-manageresources-display-component---editResource","properties":{"title":"fuel"},"searchOpenDialogs":true,"interaction":{"idSuffix":"content"}},"wdio_ui5_key":"etmportal.ui.manageresources.view.EditResourcesap.m.StandardListItem{\"title\":\"fuel\"}"}]}
RESULT: undefined
COMMAND: POST /session/b9718e1e48867b0fba4e39bd9ed4a756/element - {"using":"xpath","value":"//*[@id=\"__item1291\"]"}
RESULT: {}
RESULT: {"using":"xpath","value":"//*[@id=\"__item1291\"]"}
COMMAND: POST /session/b9718e1e48867b0fba4e39bd9ed4a756/element/f.FE1DA32CFDBC8F8C890368A9A93AADEA.d.E18F61EBBB72F736C0B4C5811CE18198.e.13434/click - {}
RESULT: {}
COMMAND: POST /session/b9718e1e48867b0fba4e39bd9ed4a756/execute/async - {"script":"<script> [1562 bytes]","args":[{"selector":{"controlType":"sap.m.Button","viewName":"etm.portal.ui.manageresources.view.EditResource","viewId":"application-manageresources-display-component---editResource","i18NText":{"propertyName":"text","key":"save"},"interaction":{"idSuffix":"BDI-content"}},"wdio_ui5_key":"etmportal.ui.manageresources.view.EditResourcesap.m.Button{\"propertyName\":\"text\",\"key\":\"save\"}"}]}
COMMAND: GET /session/b9718e1e48867b0fba4e39bd9ed4a756/screenshot - {}
RESULT: {"script":"<script> [1562 bytes]","args":[{"selector":{"controlType":"sap.m.Button","viewName":"etm.portal.ui.manageresources.view.EditResource","viewId":"application-manageresources-display-component---editResource","i18NText":{"propertyName":"text","key":"save"},"interaction":{"idSuffix":"BDI-content"}},"wdio_ui5_key":"etmportal.ui.manageresources.view.EditResourcesap.m.Button{\"propertyName\":\"text\",\"key\":\"save\"}"}]}
RESULT: undefined
COMMAND: POST /session/b9718e1e48867b0fba4e39bd9ed4a756/element - {"using":"xpath","value":"//*[@id=\"__button186\"]"}
RESULT: {}
RESULT: {"using":"xpath","value":"//*[@id=\"__button186\"]"}
COMMAND: POST /session/b9718e1e48867b0fba4e39bd9ed4a756/element/f.FE1DA32CFDBC8F8C890368A9A93AADEA.d.E18F61EBBB72F736C0B4C5811CE18198.e.13436/click - {}
RESULT: {}
COMMAND: GET /session/b9718e1e48867b0fba4e39bd9ed4a756/screenshot - {}
RESULT: {}
COMMAND: POST /session/b9718e1e48867b0fba4e39bd9ed4a756/element - {"using":"css selector","value":"#shell-header-logo"}
RESULT: {"using":"css selector","value":"#shell-header-logo"}
COMMAND: POST /session/b9718e1e48867b0fba4e39bd9ed4a756/element/f.FE1DA32CFDBC8F8C890368A9A93AADEA.d.E18F61EBBB72F736C0B4C5811CE18198.e.12968/click - {}
RESULT: {}
COMMAND: GET /session/b9718e1e48867b0fba4e39bd9ed4a756/screenshot - {}
RESULT: {}
]]></system-out>
    </testcase>
    <testcase classname="chrome.136_0_7103_93.windows.Performance_based_billing_(work_days)_US139742" name="Should do a stock increase on the yard for the equipment" time="89.904">
      <system-out><![CDATA[
COMMAND: POST /session/b9718e1e48867b0fba4e39bd9ed4a756/execute/async - {"script":"<script> [1562 bytes]","args":[{"selector":{"controlType":"sap.m.GenericTile","properties":{"header":"Manage Handovers"}},"wdio_ui5_key":"sapm.GenericTile{\"header\":\"Manage Handovers\"}"}]}
RESULT: {"script":"<script> [1562 bytes]","args":[{"selector":{"controlType":"sap.m.GenericTile","properties":{"header":"Manage Handovers"}},"wdio_ui5_key":"sapm.GenericTile{\"header\":\"Manage Handovers\"}"}]}
RESULT: undefined
COMMAND: POST /session/b9718e1e48867b0fba4e39bd9ed4a756/element - {"using":"xpath","value":"//*[@id=\"__tile132\"]"}
RESULT: {"using":"xpath","value":"//*[@id=\"__tile132\"]"}
COMMAND: POST /session/b9718e1e48867b0fba4e39bd9ed4a756/element/f.FE1DA32CFDBC8F8C890368A9A93AADEA.d.E18F61EBBB72F736C0B4C5811CE18198.e.11699/click - {}
RESULT: {}
COMMAND: GET /session/b9718e1e48867b0fba4e39bd9ed4a756/screenshot - {}
COMMAND: POST /session/b9718e1e48867b0fba4e39bd9ed4a756/elements - {"using":"xpath","value":"//span[text()='Error']"}
RESULT: {}
RESULT: {"using":"xpath","value":"//span[text()='Error']"}
COMMAND: POST /session/b9718e1e48867b0fba4e39bd9ed4a756/element - {"using":"xpath","value":"//button[@data-kt=\"masterHOAddButton\"]"}
RESULT: {"using":"xpath","value":"//button[@data-kt=\"masterHOAddButton\"]"}
COMMAND: POST /session/b9718e1e48867b0fba4e39bd9ed4a756/elements - {"using":"xpath","value":"//button[@data-kt=\"masterHOAddButton\"]"}
RESULT: {"using":"xpath","value":"//button[@data-kt=\"masterHOAddButton\"]"}
COMMAND: POST /session/b9718e1e48867b0fba4e39bd9ed4a756/execute/sync - {"script":"<script> [8489 bytes]","args":[{"element-6066-11e4-a52e-4f735466cecf":"f.FE1DA32CFDBC8F8C890368A9A93AADEA.d.E18F61EBBB72F736C0B4C5811CE18198.e.13482","ELEMENT":"f.FE1DA32CFDBC8F8C890368A9A93AADEA.d.E18F61EBBB72F736C0B4C5811CE18198.e.13482"}]}
RESULT: {"script":"<script> [8489 bytes]","args":[{"element-6066-11e4-a52e-4f735466cecf":"f.FE1DA32CFDBC8F8C890368A9A93AADEA.d.E18F61EBBB72F736C0B4C5811CE18198.e.13482","ELEMENT":"f.FE1DA32CFDBC8F8C890368A9A93AADEA.d.E18F61EBBB72F736C0B4C5811CE18198.e.13482"}]}
COMMAND: GET /session/b9718e1e48867b0fba4e39bd9ed4a756/element/f.FE1DA32CFDBC8F8C890368A9A93AADEA.d.E18F61EBBB72F736C0B4C5811CE18198.e.13482/enabled - {}
COMMAND: GET /session/b9718e1e48867b0fba4e39bd9ed4a756/screenshot - {}
RESULT: {}
COMMAND: POST /session/b9718e1e48867b0fba4e39bd9ed4a756/execute/sync - {"script":"<script> [8489 bytes]","args":[{"element-6066-11e4-a52e-4f735466cecf":"f.FE1DA32CFDBC8F8C890368A9A93AADEA.d.E18F61EBBB72F736C0B4C5811CE18198.e.13482","ELEMENT":"f.FE1DA32CFDBC8F8C890368A9A93AADEA.d.E18F61EBBB72F736C0B4C5811CE18198.e.13482"}]}
COMMAND: GET /session/b9718e1e48867b0fba4e39bd9ed4a756/screenshot - {}
RESULT: {}
RESULT: {}
RESULT: {"script":"<script> [8489 bytes]","args":[{"element-6066-11e4-a52e-4f735466cecf":"f.FE1DA32CFDBC8F8C890368A9A93AADEA.d.E18F61EBBB72F736C0B4C5811CE18198.e.13482","ELEMENT":"f.FE1DA32CFDBC8F8C890368A9A93AADEA.d.E18F61EBBB72F736C0B4C5811CE18198.e.13482"}]}
COMMAND: POST /session/b9718e1e48867b0fba4e39bd9ed4a756/execute/sync - {"script":"<script> [5351 bytes]","args":[{"element-6066-11e4-a52e-4f735466cecf":"f.FE1DA32CFDBC8F8C890368A9A93AADEA.d.E18F61EBBB72F736C0B4C5811CE18198.e.13482","ELEMENT":"f.FE1DA32CFDBC8F8C890368A9A93AADEA.d.E18F61EBBB72F736C0B4C5811CE18198.e.13482"}]}
COMMAND: GET /session/b9718e1e48867b0fba4e39bd9ed4a756/screenshot - {}
RESULT: {"script":"<script> [5351 bytes]","args":[{"element-6066-11e4-a52e-4f735466cecf":"f.FE1DA32CFDBC8F8C890368A9A93AADEA.d.E18F61EBBB72F736C0B4C5811CE18198.e.13482","ELEMENT":"f.FE1DA32CFDBC8F8C890368A9A93AADEA.d.E18F61EBBB72F736C0B4C5811CE18198.e.13482"}]}
COMMAND: POST /session/b9718e1e48867b0fba4e39bd9ed4a756/element/f.FE1DA32CFDBC8F8C890368A9A93AADEA.d.E18F61EBBB72F736C0B4C5811CE18198.e.13482/click - {}
COMMAND: GET /session/b9718e1e48867b0fba4e39bd9ed4a756/screenshot - {}
RESULT: {}
RESULT: {}
COMMAND: GET /session/b9718e1e48867b0fba4e39bd9ed4a756/screenshot - {}
RESULT: {}
COMMAND: POST /session/b9718e1e48867b0fba4e39bd9ed4a756/element - {"using":"xpath","value":"//span[contains(@id ,\"AddNewHO--typeSelect-arrow\")]"}
RESULT: {}
RESULT: {"using":"xpath","value":"//span[contains(@id ,\"AddNewHO--typeSelect-arrow\")]"}
COMMAND: POST /session/b9718e1e48867b0fba4e39bd9ed4a756/element/f.FE1DA32CFDBC8F8C890368A9A93AADEA.d.E18F61EBBB72F736C0B4C5811CE18198.e.13832/click - {}
RESULT: {}
COMMAND: GET /session/b9718e1e48867b0fba4e39bd9ed4a756/screenshot - {}
RESULT: {}
COMMAND: POST /session/b9718e1e48867b0fba4e39bd9ed4a756/element - {"using":"xpath","value":"(//li[contains(text(), \"stock increase yard\")])[1]"}
RESULT: {"using":"xpath","value":"(//li[contains(text(), \"stock increase yard\")])[1]"}
COMMAND: POST /session/b9718e1e48867b0fba4e39bd9ed4a756/element/f.FE1DA32CFDBC8F8C890368A9A93AADEA.d.E18F61EBBB72F736C0B4C5811CE18198.e.13833/click - {}
RESULT: {}
COMMAND: GET /session/b9718e1e48867b0fba4e39bd9ed4a756/screenshot - {}
RESULT: {}
COMMAND: POST /session/b9718e1e48867b0fba4e39bd9ed4a756/execute/async - {"script":"<script> [1562 bytes]","args":[{"selector":{"id":"application-managehandovers-display-component---AddNewHO--dueDate","interaction":{"idSuffix":"inner"}},"wdio_ui5_key":"applicationmanagehandovers-display-component---AddNewHO--dueDate"}]}
RESULT: {"script":"<script> [1562 bytes]","args":[{"selector":{"id":"application-managehandovers-display-component---AddNewHO--dueDate","interaction":{"idSuffix":"inner"}},"wdio_ui5_key":"applicationmanagehandovers-display-component---AddNewHO--dueDate"}]}
RESULT: undefined
COMMAND: POST /session/b9718e1e48867b0fba4e39bd9ed4a756/execute/async - {"script":"<script> [6424 bytes]","args":[{"element-6066-11e4-a52e-4f735466cecf":"f.FE1DA32CFDBC8F8C890368A9A93AADEA.d.E18F61EBBB72F736C0B4C5811CE18198.e.13835"},"setValue",["5/17/25"]]}
RESULT: {"script":"<script> [6424 bytes]","args":[{"element-6066-11e4-a52e-4f735466cecf":"f.FE1DA32CFDBC8F8C890368A9A93AADEA.d.E18F61EBBB72F736C0B4C5811CE18198.e.13835"},"setValue",["5/17/25"]]}
COMMAND: POST /session/b9718e1e48867b0fba4e39bd9ed4a756/element - {"using":"xpath","value":"//input[@id=\"generalSectionFrg--receiveYard-inner\"]"}
RESULT: {"using":"xpath","value":"//input[@id=\"generalSectionFrg--receiveYard-inner\"]"}
COMMAND: POST /session/b9718e1e48867b0fba4e39bd9ed4a756/element/f.FE1DA32CFDBC8F8C890368A9A93AADEA.d.E18F61EBBB72F736C0B4C5811CE18198.e.13839/clear - {}
RESULT: {}
COMMAND: POST /session/b9718e1e48867b0fba4e39bd9ed4a756/element/f.FE1DA32CFDBC8F8C890368A9A93AADEA.d.E18F61EBBB72F736C0B4C5811CE18198.e.13839/value - {"text":"505"}
COMMAND: GET /session/b9718e1e48867b0fba4e39bd9ed4a756/screenshot - {}
RESULT: {"text":"505"}
COMMAND: GET /session/b9718e1e48867b0fba4e39bd9ed4a756/screenshot - {}
RESULT: {}
RESULT: {}
COMMAND: POST /session/b9718e1e48867b0fba4e39bd9ed4a756/element - {"using":"xpath","value":"//li[.//span[text()='505']]"}
RESULT: {"using":"xpath","value":"//li[.//span[text()='505']]"}
COMMAND: POST /session/b9718e1e48867b0fba4e39bd9ed4a756/element/f.FE1DA32CFDBC8F8C890368A9A93AADEA.d.E18F61EBBB72F736C0B4C5811CE18198.e.13857/click - {}
RESULT: {}
COMMAND: GET /session/b9718e1e48867b0fba4e39bd9ed4a756/screenshot - {}
RESULT: {}
COMMAND: POST /session/b9718e1e48867b0fba4e39bd9ed4a756/execute/async - {"script":"<script> [1562 bytes]","args":[{"selector":{"id":"application-managehandovers-display-component---AddNewHO--ObjectPageLayout-anchBar-application-managehandovers-display-component---AddNewHO--section4-anchor","interaction":{"idSuffix":"BDI-content"}},"wdio_ui5_key":"applicationmanagehandovers-display-component---AddNewHO--ObjectPageLayout-anchBar-application-managehandovers-display-component---AddNewHO--section4-anchor"}]}
RESULT: {"script":"<script> [1562 bytes]","args":[{"selector":{"id":"application-managehandovers-display-component---AddNewHO--ObjectPageLayout-anchBar-application-managehandovers-display-component---AddNewHO--section4-anchor","interaction":{"idSuffix":"BDI-content"}},"wdio_ui5_key":"applicationmanagehandovers-display-component---AddNewHO--ObjectPageLayout-anchBar-application-managehandovers-display-component---AddNewHO--section4-anchor"}]}
RESULT: undefined
COMMAND: POST /session/b9718e1e48867b0fba4e39bd9ed4a756/element - {"using":"xpath","value":"//*[@id=\"application-managehandovers-display-component---AddNewHO--ObjectPageLayout-anchBar-application-managehandovers-display-component---AddNewHO--section4-anchor\"]"}
RESULT: {"using":"xpath","value":"//*[@id=\"application-managehandovers-display-component---AddNewHO--ObjectPageLayout-anchBar-application-managehandovers-display-component---AddNewHO--section4-anchor\"]"}
COMMAND: POST /session/b9718e1e48867b0fba4e39bd9ed4a756/element/f.FE1DA32CFDBC8F8C890368A9A93AADEA.d.E18F61EBBB72F736C0B4C5811CE18198.e.13859/click - {}
RESULT: {}
COMMAND: POST /session/b9718e1e48867b0fba4e39bd9ed4a756/element - {"using":"xpath","value":"//button[@aria-label=\"Add\"]"}
COMMAND: GET /session/b9718e1e48867b0fba4e39bd9ed4a756/screenshot - {}
RESULT: {"using":"xpath","value":"//button[@aria-label=\"Add\"]"}
COMMAND: POST /session/b9718e1e48867b0fba4e39bd9ed4a756/element/f.FE1DA32CFDBC8F8C890368A9A93AADEA.d.E18F61EBBB72F736C0B4C5811CE18198.e.13861/click - {}
RESULT: {}
RESULT: {}
COMMAND: GET /session/b9718e1e48867b0fba4e39bd9ed4a756/screenshot - {}
RESULT: {}
COMMAND: POST /session/b9718e1e48867b0fba4e39bd9ed4a756/execute/async - {"script":"<script> [1562 bytes]","args":[{"selector":{"id":"application-managehandovers-display-component---AddNewHO--smartFilterBar-btnBasicSearch","searchOpenDialogs":true,"interaction":{"idSuffix":"I"}},"wdio_ui5_key":"applicationmanagehandovers-display-component---AddNewHO--smartFilterBar-btnBasicSearch"}]}
RESULT: {"script":"<script> [1562 bytes]","args":[{"selector":{"id":"application-managehandovers-display-component---AddNewHO--smartFilterBar-btnBasicSearch","searchOpenDialogs":true,"interaction":{"idSuffix":"I"}},"wdio_ui5_key":"applicationmanagehandovers-display-component---AddNewHO--smartFilterBar-btnBasicSearch"}]}
RESULT: undefined
COMMAND: POST /session/b9718e1e48867b0fba4e39bd9ed4a756/execute/async - {"script":"<script> [776 bytes]","args":[{"enterText":"A9AQMUzPgj","selector":{"id":"application-managehandovers-display-component---AddNewHO--smartFilterBar-btnBasicSearch","searchOpenDialogs":true,"interaction":{"idSuffix":"I"}},"clearTextFirst":true,"interactionType":"ENTER_TEXT"}]}
RESULT: {"script":"<script> [776 bytes]","args":[{"enterText":"A9AQMUzPgj","selector":{"id":"application-managehandovers-display-component---AddNewHO--smartFilterBar-btnBasicSearch","searchOpenDialogs":true,"interaction":{"idSuffix":"I"}},"clearTextFirst":true,"interactionType":"ENTER_TEXT"}]}
COMMAND: POST /session/b9718e1e48867b0fba4e39bd9ed4a756/actions - {"actions":[{"id":"action51","type":"key","parameters":{},"actions":[{"type":"keyDown","value":"î€‡"},{"type":"pause","duration":10},{"type":"keyUp","value":"î€‡"}]}]}
RESULT: {"actions":[{"id":"action51","type":"key","parameters":{},"actions":[{"type":"keyDown","value":"î€‡"},{"type":"pause","duration":10},{"type":"keyUp","value":"î€‡"}]}]}
COMMAND: GET /session/b9718e1e48867b0fba4e39bd9ed4a756/screenshot - {}
RESULT: {}
COMMAND: POST /session/b9718e1e48867b0fba4e39bd9ed4a756/execute/async - {"script":"<script> [1562 bytes]","args":[{"selector":{"id":"application-managehandovers-display-component---AddNewHO--popup-sa","searchOpenDialogs":true,"interaction":{"idSuffix":"CbBg"}},"wdio_ui5_key":"applicationmanagehandovers-display-component---AddNewHO--popup-sa"}]}
RESULT: {"script":"<script> [1562 bytes]","args":[{"selector":{"id":"application-managehandovers-display-component---AddNewHO--popup-sa","searchOpenDialogs":true,"interaction":{"idSuffix":"CbBg"}},"wdio_ui5_key":"applicationmanagehandovers-display-component---AddNewHO--popup-sa"}]}
RESULT: undefined
COMMAND: POST /session/b9718e1e48867b0fba4e39bd9ed4a756/element - {"using":"xpath","value":"//*[@id=\"application-managehandovers-display-component---AddNewHO--popup-sa\"]"}
RESULT: {"using":"xpath","value":"//*[@id=\"application-managehandovers-display-component---AddNewHO--popup-sa\"]"}
COMMAND: POST /session/b9718e1e48867b0fba4e39bd9ed4a756/element/f.FE1DA32CFDBC8F8C890368A9A93AADEA.d.E18F61EBBB72F736C0B4C5811CE18198.e.14015/click - {}
RESULT: {}
COMMAND: GET /session/b9718e1e48867b0fba4e39bd9ed4a756/screenshot - {}
RESULT: {}
COMMAND: POST /session/b9718e1e48867b0fba4e39bd9ed4a756/element - {"using":"xpath","value":"//bdi[contains(text(), \"Select\")]"}
RESULT: {"using":"xpath","value":"//bdi[contains(text(), \"Select\")]"}
COMMAND: POST /session/b9718e1e48867b0fba4e39bd9ed4a756/element/f.FE1DA32CFDBC8F8C890368A9A93AADEA.d.E18F61EBBB72F736C0B4C5811CE18198.e.14016/click - {}
RESULT: {}
COMMAND: GET /session/b9718e1e48867b0fba4e39bd9ed4a756/screenshot - {}
RESULT: {}
COMMAND: POST /session/b9718e1e48867b0fba4e39bd9ed4a756/element - {"using":"xpath","value":"//button[@data-kt=\"AddNewHOSaveButton\"]"}
RESULT: {"using":"xpath","value":"//button[@data-kt=\"AddNewHOSaveButton\"]"}
COMMAND: POST /session/b9718e1e48867b0fba4e39bd9ed4a756/element/f.FE1DA32CFDBC8F8C890368A9A93AADEA.d.E18F61EBBB72F736C0B4C5811CE18198.e.14020/click - {}
RESULT: {}
COMMAND: GET /session/b9718e1e48867b0fba4e39bd9ed4a756/screenshot - {}
COMMAND: POST /session/b9718e1e48867b0fba4e39bd9ed4a756/execute/async - {"script":"<script> [1562 bytes]","args":[{"selector":{"id":"receiptDatePicker","viewName":"etm.portal.ui.managehandovers.view.DetailExecuteHO","interaction":{"idSuffix":"inner"}},"wdio_ui5_key":"receiptDatePickeretmportal.ui.managehandovers.view.DetailExecuteHO"}]}
RESULT: {}
RESULT: {"script":"<script> [1562 bytes]","args":[{"selector":{"id":"receiptDatePicker","viewName":"etm.portal.ui.managehandovers.view.DetailExecuteHO","interaction":{"idSuffix":"inner"}},"wdio_ui5_key":"receiptDatePickeretmportal.ui.managehandovers.view.DetailExecuteHO"}]}
RESULT: undefined
COMMAND: POST /session/b9718e1e48867b0fba4e39bd9ed4a756/execute/async - {"script":"<script> [6424 bytes]","args":[{"element-6066-11e4-a52e-4f735466cecf":"f.FE1DA32CFDBC8F8C890368A9A93AADEA.d.E18F61EBBB72F736C0B4C5811CE18198.e.14039"},"setValue",["5/17/25"]]}
RESULT: {"script":"<script> [6424 bytes]","args":[{"element-6066-11e4-a52e-4f735466cecf":"f.FE1DA32CFDBC8F8C890368A9A93AADEA.d.E18F61EBBB72F736C0B4C5811CE18198.e.14039"},"setValue",["5/17/25"]]}
COMMAND: POST /session/b9718e1e48867b0fba4e39bd9ed4a756/element - {"using":"xpath","value":"//button[@data-kt=\"PickingTableConfirmAllButton\"]"}
RESULT: {"using":"xpath","value":"//button[@data-kt=\"PickingTableConfirmAllButton\"]"}
COMMAND: POST /session/b9718e1e48867b0fba4e39bd9ed4a756/element/f.FE1DA32CFDBC8F8C890368A9A93AADEA.d.E18F61EBBB72F736C0B4C5811CE18198.e.14053/click - {}
RESULT: {}
COMMAND: GET /session/b9718e1e48867b0fba4e39bd9ed4a756/screenshot - {}
RESULT: {}
COMMAND: POST /session/b9718e1e48867b0fba4e39bd9ed4a756/element - {"using":"xpath","value":"//bdi[contains(text(), \"OK\")]"}
RESULT: {"using":"xpath","value":"//bdi[contains(text(), \"OK\")]"}
COMMAND: POST /session/b9718e1e48867b0fba4e39bd9ed4a756/element/f.FE1DA32CFDBC8F8C890368A9A93AADEA.d.E18F61EBBB72F736C0B4C5811CE18198.e.14055/click - {}
RESULT: {}
COMMAND: GET /session/b9718e1e48867b0fba4e39bd9ed4a756/screenshot - {}
RESULT: {}
COMMAND: POST /session/b9718e1e48867b0fba4e39bd9ed4a756/element - {"using":"xpath","value":"(//bdi[contains(text(), \"Receive\")])[2]"}
RESULT: {"using":"xpath","value":"(//bdi[contains(text(), \"Receive\")])[2]"}
COMMAND: POST /session/b9718e1e48867b0fba4e39bd9ed4a756/element/f.FE1DA32CFDBC8F8C890368A9A93AADEA.d.E18F61EBBB72F736C0B4C5811CE18198.e.14057/click - {}
RESULT: {}
COMMAND: GET /session/b9718e1e48867b0fba4e39bd9ed4a756/screenshot - {}
RESULT: {}
COMMAND: POST /session/b9718e1e48867b0fba4e39bd9ed4a756/element - {"using":"css selector","value":"#shell-header-logo"}
RESULT: {"using":"css selector","value":"#shell-header-logo"}
COMMAND: POST /session/b9718e1e48867b0fba4e39bd9ed4a756/element/f.FE1DA32CFDBC8F8C890368A9A93AADEA.d.E18F61EBBB72F736C0B4C5811CE18198.e.13445/click - {}
RESULT: {}
COMMAND: GET /session/b9718e1e48867b0fba4e39bd9ed4a756/screenshot - {}
RESULT: {}
]]></system-out>
    </testcase>
    <testcase classname="chrome.136_0_7103_93.windows.Performance_based_billing_(work_days)_US139742" name="Should create a new contract" time="63.741">
      <system-out><![CDATA[
COMMAND: POST /session/b9718e1e48867b0fba4e39bd9ed4a756/execute/async - {"script":"<script> [1562 bytes]","args":[{"selector":{"controlType":"sap.m.GenericTile","properties":{"header":"Manage Contracts"}},"wdio_ui5_key":"sapm.GenericTile{\"header\":\"Manage Contracts\"}"}]}
RESULT: {"script":"<script> [1562 bytes]","args":[{"selector":{"controlType":"sap.m.GenericTile","properties":{"header":"Manage Contracts"}},"wdio_ui5_key":"sapm.GenericTile{\"header\":\"Manage Contracts\"}"}]}
RESULT: undefined
COMMAND: POST /session/b9718e1e48867b0fba4e39bd9ed4a756/element - {"using":"xpath","value":"//*[@id=\"__tile131\"]"}
RESULT: {"using":"xpath","value":"//*[@id=\"__tile131\"]"}
COMMAND: POST /session/b9718e1e48867b0fba4e39bd9ed4a756/element/f.FE1DA32CFDBC8F8C890368A9A93AADEA.d.E18F61EBBB72F736C0B4C5811CE18198.e.11641/click - {}
RESULT: {}
COMMAND: GET /session/b9718e1e48867b0fba4e39bd9ed4a756/screenshot - {}
RESULT: {}
COMMAND: POST /session/b9718e1e48867b0fba4e39bd9ed4a756/elements - {"using":"xpath","value":"//span[text()='Error']"}
RESULT: {"using":"xpath","value":"//span[text()='Error']"}
COMMAND: POST /session/b9718e1e48867b0fba4e39bd9ed4a756/element - {"using":"xpath","value":"//button[@data-kt=\"addButton\"]"}
RESULT: {"using":"xpath","value":"//button[@data-kt=\"addButton\"]"}
COMMAND: POST /session/b9718e1e48867b0fba4e39bd9ed4a756/elements - {"using":"xpath","value":"//button[@data-kt=\"addButton\"]"}
RESULT: {"using":"xpath","value":"//button[@data-kt=\"addButton\"]"}
COMMAND: POST /session/b9718e1e48867b0fba4e39bd9ed4a756/execute/sync - {"script":"<script> [8489 bytes]","args":[{"element-6066-11e4-a52e-4f735466cecf":"f.FE1DA32CFDBC8F8C890368A9A93AADEA.d.E18F61EBBB72F736C0B4C5811CE18198.e.14388","ELEMENT":"f.FE1DA32CFDBC8F8C890368A9A93AADEA.d.E18F61EBBB72F736C0B4C5811CE18198.e.14388"}]}
RESULT: {"script":"<script> [8489 bytes]","args":[{"element-6066-11e4-a52e-4f735466cecf":"f.FE1DA32CFDBC8F8C890368A9A93AADEA.d.E18F61EBBB72F736C0B4C5811CE18198.e.14388","ELEMENT":"f.FE1DA32CFDBC8F8C890368A9A93AADEA.d.E18F61EBBB72F736C0B4C5811CE18198.e.14388"}]}
COMMAND: GET /session/b9718e1e48867b0fba4e39bd9ed4a756/element/f.FE1DA32CFDBC8F8C890368A9A93AADEA.d.E18F61EBBB72F736C0B4C5811CE18198.e.14388/enabled - {}
COMMAND: GET /session/b9718e1e48867b0fba4e39bd9ed4a756/screenshot - {}
RESULT: {}
COMMAND: POST /session/b9718e1e48867b0fba4e39bd9ed4a756/execute/sync - {"script":"<script> [8489 bytes]","args":[{"element-6066-11e4-a52e-4f735466cecf":"f.FE1DA32CFDBC8F8C890368A9A93AADEA.d.E18F61EBBB72F736C0B4C5811CE18198.e.14388","ELEMENT":"f.FE1DA32CFDBC8F8C890368A9A93AADEA.d.E18F61EBBB72F736C0B4C5811CE18198.e.14388"}]}
COMMAND: GET /session/b9718e1e48867b0fba4e39bd9ed4a756/screenshot - {}
RESULT: {}
RESULT: {"script":"<script> [8489 bytes]","args":[{"element-6066-11e4-a52e-4f735466cecf":"f.FE1DA32CFDBC8F8C890368A9A93AADEA.d.E18F61EBBB72F736C0B4C5811CE18198.e.14388","ELEMENT":"f.FE1DA32CFDBC8F8C890368A9A93AADEA.d.E18F61EBBB72F736C0B4C5811CE18198.e.14388"}]}
COMMAND: POST /session/b9718e1e48867b0fba4e39bd9ed4a756/execute/sync - {"script":"<script> [5351 bytes]","args":[{"element-6066-11e4-a52e-4f735466cecf":"f.FE1DA32CFDBC8F8C890368A9A93AADEA.d.E18F61EBBB72F736C0B4C5811CE18198.e.14388","ELEMENT":"f.FE1DA32CFDBC8F8C890368A9A93AADEA.d.E18F61EBBB72F736C0B4C5811CE18198.e.14388"}]}
COMMAND: GET /session/b9718e1e48867b0fba4e39bd9ed4a756/screenshot - {}
RESULT: {}
RESULT: {"script":"<script> [5351 bytes]","args":[{"element-6066-11e4-a52e-4f735466cecf":"f.FE1DA32CFDBC8F8C890368A9A93AADEA.d.E18F61EBBB72F736C0B4C5811CE18198.e.14388","ELEMENT":"f.FE1DA32CFDBC8F8C890368A9A93AADEA.d.E18F61EBBB72F736C0B4C5811CE18198.e.14388"}]}
COMMAND: GET /session/b9718e1e48867b0fba4e39bd9ed4a756/screenshot - {}
RESULT: {}
RESULT: {}
COMMAND: POST /session/b9718e1e48867b0fba4e39bd9ed4a756/element/f.FE1DA32CFDBC8F8C890368A9A93AADEA.d.E18F61EBBB72F736C0B4C5811CE18198.e.14388/click - {}
RESULT: {}
COMMAND: GET /session/b9718e1e48867b0fba4e39bd9ed4a756/screenshot - {}
RESULT: {}
COMMAND: POST /session/b9718e1e48867b0fba4e39bd9ed4a756/execute/async - {"script":"<script> [1562 bytes]","args":[{"selector":{"id":"application-managecontracts-display-component---AddNewContract--projectDescription","interaction":{"idSuffix":"inner"}},"wdio_ui5_key":"applicationmanagecontracts-display-component---AddNewContract--projectDescription"}]}
RESULT: {"script":"<script> [1562 bytes]","args":[{"selector":{"id":"application-managecontracts-display-component---AddNewContract--projectDescription","interaction":{"idSuffix":"inner"}},"wdio_ui5_key":"applicationmanagecontracts-display-component---AddNewContract--projectDescription"}]}
RESULT: undefined
COMMAND: POST /session/b9718e1e48867b0fba4e39bd9ed4a756/execute/async - {"script":"<script> [776 bytes]","args":[{"enterText":"Performance Contract WDIO","selector":{"id":"application-managecontracts-display-component---AddNewContract--projectDescription","interaction":{"idSuffix":"inner"}},"clearTextFirst":true,"interactionType":"ENTER_TEXT"}]}
RESULT: {"script":"<script> [776 bytes]","args":[{"enterText":"Performance Contract WDIO","selector":{"id":"application-managecontracts-display-component---AddNewContract--projectDescription","interaction":{"idSuffix":"inner"}},"clearTextFirst":true,"interactionType":"ENTER_TEXT"}]}
COMMAND: POST /session/b9718e1e48867b0fba4e39bd9ed4a756/element - {"using":"xpath","value":"//input[@id=\"application-managecontracts-display-component---AddNewContract--site-inner\"]"}
RESULT: {"using":"xpath","value":"//input[@id=\"application-managecontracts-display-component---AddNewContract--site-inner\"]"}
COMMAND: POST /session/b9718e1e48867b0fba4e39bd9ed4a756/element/f.FE1DA32CFDBC8F8C890368A9A93AADEA.d.E18F61EBBB72F736C0B4C5811CE18198.e.14746/clear - {}
RESULT: {}
COMMAND: POST /session/b9718e1e48867b0fba4e39bd9ed4a756/element/f.FE1DA32CFDBC8F8C890368A9A93AADEA.d.E18F61EBBB72F736C0B4C5811CE18198.e.14746/value - {"text":"2244"}
COMMAND: GET /session/b9718e1e48867b0fba4e39bd9ed4a756/screenshot - {}
RESULT: {"text":"2244"}
COMMAND: GET /session/b9718e1e48867b0fba4e39bd9ed4a756/screenshot - {}
RESULT: {}
RESULT: {}
COMMAND: POST /session/b9718e1e48867b0fba4e39bd9ed4a756/element - {"using":"xpath","value":"//li[.//span[text()='2244']]"}
RESULT: {"using":"xpath","value":"//li[.//span[text()='2244']]"}
COMMAND: POST /session/b9718e1e48867b0fba4e39bd9ed4a756/element/f.FE1DA32CFDBC8F8C890368A9A93AADEA.d.E18F61EBBB72F736C0B4C5811CE18198.e.14784/click - {}
RESULT: {}
COMMAND: GET /session/b9718e1e48867b0fba4e39bd9ed4a756/screenshot - {}
RESULT: {}
COMMAND: POST /session/b9718e1e48867b0fba4e39bd9ed4a756/element - {"using":"xpath","value":"//input[@id=\"application-managecontracts-display-component---AddNewContract--yardId-inner\"]"}
RESULT: {"using":"xpath","value":"//input[@id=\"application-managecontracts-display-component---AddNewContract--yardId-inner\"]"}
COMMAND: GET /session/b9718e1e48867b0fba4e39bd9ed4a756/element/f.FE1DA32CFDBC8F8C890368A9A93AADEA.d.E18F61EBBB72F736C0B4C5811CE18198.e.14747/property/value - {}
RESULT: {}
COMMAND: POST /session/b9718e1e48867b0fba4e39bd9ed4a756/element - {"using":"xpath","value":"//input[@id=\"application-managecontracts-display-component---AddNewContract--customerSelect-inner\"]"}
COMMAND: GET /session/b9718e1e48867b0fba4e39bd9ed4a756/screenshot - {}
RESULT: {"using":"xpath","value":"//input[@id=\"application-managecontracts-display-component---AddNewContract--customerSelect-inner\"]"}
COMMAND: POST /session/b9718e1e48867b0fba4e39bd9ed4a756/element/f.FE1DA32CFDBC8F8C890368A9A93AADEA.d.E18F61EBBB72F736C0B4C5811CE18198.e.14745/clear - {}
RESULT: {}
RESULT: {}
COMMAND: POST /session/b9718e1e48867b0fba4e39bd9ed4a756/element/f.FE1DA32CFDBC8F8C890368A9A93AADEA.d.E18F61EBBB72F736C0B4C5811CE18198.e.14745/value - {"text":"1288"}
COMMAND: GET /session/b9718e1e48867b0fba4e39bd9ed4a756/screenshot - {}
RESULT: {"text":"1288"}
COMMAND: GET /session/b9718e1e48867b0fba4e39bd9ed4a756/screenshot - {}
RESULT: {}
RESULT: {}
COMMAND: POST /session/b9718e1e48867b0fba4e39bd9ed4a756/element - {"using":"xpath","value":"//li[.//span[text()='1288']]"}
RESULT: {"using":"xpath","value":"//li[.//span[text()='1288']]"}
COMMAND: POST /session/b9718e1e48867b0fba4e39bd9ed4a756/element/f.FE1DA32CFDBC8F8C890368A9A93AADEA.d.E18F61EBBB72F736C0B4C5811CE18198.e.14787/click - {}
RESULT: {}
COMMAND: GET /session/b9718e1e48867b0fba4e39bd9ed4a756/screenshot - {}
RESULT: {}
COMMAND: POST /session/b9718e1e48867b0fba4e39bd9ed4a756/element - {"using":"xpath","value":"//button[@data-kt=\"saveButton\"]"}
RESULT: {"using":"xpath","value":"//button[@data-kt=\"saveButton\"]"}
COMMAND: POST /session/b9718e1e48867b0fba4e39bd9ed4a756/element/f.FE1DA32CFDBC8F8C890368A9A93AADEA.d.E18F61EBBB72F736C0B4C5811CE18198.e.14788/click - {}
RESULT: {}
COMMAND: GET /session/b9718e1e48867b0fba4e39bd9ed4a756/screenshot - {}
RESULT: {}
COMMAND: POST /session/b9718e1e48867b0fba4e39bd9ed4a756/element - {"using":"xpath","value":"//span[contains(@id ,\"contractDetailTitleNoExpanded\")]"}
RESULT: {"using":"xpath","value":"//span[contains(@id ,\"contractDetailTitleNoExpanded\")]"}
COMMAND: POST /session/b9718e1e48867b0fba4e39bd9ed4a756/elements - {"using":"xpath","value":"//span[contains(@id ,\"contractDetailTitleNoExpanded\")]"}
RESULT: {"using":"xpath","value":"//span[contains(@id ,\"contractDetailTitleNoExpanded\")]"}
COMMAND: POST /session/b9718e1e48867b0fba4e39bd9ed4a756/execute/sync - {"script":"<script> [56 bytes]","args":[{"element-6066-11e4-a52e-4f735466cecf":"f.FE1DA32CFDBC8F8C890368A9A93AADEA.d.E18F61EBBB72F736C0B4C5811CE18198.e.14799","ELEMENT":"f.FE1DA32CFDBC8F8C890368A9A93AADEA.d.E18F61EBBB72F736C0B4C5811CE18198.e.14799"}]}
RESULT: {"script":"<script> [56 bytes]","args":[{"element-6066-11e4-a52e-4f735466cecf":"f.FE1DA32CFDBC8F8C890368A9A93AADEA.d.E18F61EBBB72F736C0B4C5811CE18198.e.14799","ELEMENT":"f.FE1DA32CFDBC8F8C890368A9A93AADEA.d.E18F61EBBB72F736C0B4C5811CE18198.e.14799"}]}
COMMAND: GET /session/b9718e1e48867b0fba4e39bd9ed4a756/screenshot - {}
RESULT: {}
]]></system-out>
    </testcase>
    <testcase classname="chrome.136_0_7103_93.windows.Performance_based_billing_(work_days)_US139742" name="Should add equipment to the contract" time="45.915">
      <system-out><![CDATA[
COMMAND: POST /session/b9718e1e48867b0fba4e39bd9ed4a756/element - {"using":"xpath","value":"//button[@data-kt=\"contractDetailEditBtnButton\"]"}
RESULT: {"using":"xpath","value":"//button[@data-kt=\"contractDetailEditBtnButton\"]"}
COMMAND: POST /session/b9718e1e48867b0fba4e39bd9ed4a756/element/f.FE1DA32CFDBC8F8C890368A9A93AADEA.d.E18F61EBBB72F736C0B4C5811CE18198.e.14800/click - {}
RESULT: {}
COMMAND: GET /session/b9718e1e48867b0fba4e39bd9ed4a756/screenshot - {}
RESULT: {}
COMMAND: POST /session/b9718e1e48867b0fba4e39bd9ed4a756/element - {"using":"xpath","value":"(//span[contains(text(), \"Additional Addresses\")])[2]"}
RESULT: {"using":"xpath","value":"(//span[contains(text(), \"Additional Addresses\")])[2]"}
COMMAND: POST /session/b9718e1e48867b0fba4e39bd9ed4a756/element/f.FE1DA32CFDBC8F8C890368A9A93AADEA.d.E18F61EBBB72F736C0B4C5811CE18198.e.14855/click - {}
RESULT: {}
COMMAND: GET /session/b9718e1e48867b0fba4e39bd9ed4a756/screenshot - {}
RESULT: {}
COMMAND: POST /session/b9718e1e48867b0fba4e39bd9ed4a756/element - {"using":"xpath","value":"//button[@data-kt=\"btnAddTableRowOverflowToolbarButton\"]"}
RESULT: {"using":"xpath","value":"//button[@data-kt=\"btnAddTableRowOverflowToolbarButton\"]"}
COMMAND: POST /session/b9718e1e48867b0fba4e39bd9ed4a756/element/f.FE1DA32CFDBC8F8C890368A9A93AADEA.d.E18F61EBBB72F736C0B4C5811CE18198.e.14859/click - {}
RESULT: {}
COMMAND: GET /session/b9718e1e48867b0fba4e39bd9ed4a756/screenshot - {}
RESULT: {}
COMMAND: POST /session/b9718e1e48867b0fba4e39bd9ed4a756/element - {"using":"xpath","value":"//div[(text() = 'Standard Entry' or . = 'Standard Entry')]"}
RESULT: {"using":"xpath","value":"//div[(text() = 'Standard Entry' or . = 'Standard Entry')]"}
COMMAND: POST /session/b9718e1e48867b0fba4e39bd9ed4a756/element/f.FE1DA32CFDBC8F8C890368A9A93AADEA.d.E18F61EBBB72F736C0B4C5811CE18198.e.14861/click - {}
RESULT: {}
COMMAND: GET /session/b9718e1e48867b0fba4e39bd9ed4a756/screenshot - {}
RESULT: {}
COMMAND: POST /session/b9718e1e48867b0fba4e39bd9ed4a756/element - {"using":"xpath","value":"//td[7]/div/div/input"}
RESULT: {"using":"xpath","value":"//td[7]/div/div/input"}
COMMAND: POST /session/b9718e1e48867b0fba4e39bd9ed4a756/element/f.FE1DA32CFDBC8F8C890368A9A93AADEA.d.E18F61EBBB72F736C0B4C5811CE18198.e.14870/clear - {}
RESULT: {}
COMMAND: POST /session/b9718e1e48867b0fba4e39bd9ed4a756/element/f.FE1DA32CFDBC8F8C890368A9A93AADEA.d.E18F61EBBB72F736C0B4C5811CE18198.e.14870/value - {"text":"A9AQMUzPgj"}
COMMAND: GET /session/b9718e1e48867b0fba4e39bd9ed4a756/screenshot - {}
RESULT: {"text":"A9AQMUzPgj"}
COMMAND: GET /session/b9718e1e48867b0fba4e39bd9ed4a756/screenshot - {}
RESULT: {}
RESULT: {}
COMMAND: POST /session/b9718e1e48867b0fba4e39bd9ed4a756/actions - {"actions":[{"id":"action52","type":"key","parameters":{},"actions":[{"type":"keyDown","value":"î€‡"},{"type":"pause","duration":10},{"type":"keyUp","value":"î€‡"}]}]}
RESULT: {"actions":[{"id":"action52","type":"key","parameters":{},"actions":[{"type":"keyDown","value":"î€‡"},{"type":"pause","duration":10},{"type":"keyUp","value":"î€‡"}]}]}
COMMAND: GET /session/b9718e1e48867b0fba4e39bd9ed4a756/screenshot - {}
RESULT: {}
COMMAND: POST /session/b9718e1e48867b0fba4e39bd9ed4a756/execute/sync - {"script":"<script> [276 bytes]","args":["No pricing information was found"]}
RESULT: {"script":"<script> [276 bytes]","args":["No pricing information was found"]}
COMMAND: POST /session/b9718e1e48867b0fba4e39bd9ed4a756/element - {"using":"xpath","value":"(//button[@data-kt=\"saveButton\"])[2]"}
COMMAND: GET /session/b9718e1e48867b0fba4e39bd9ed4a756/screenshot - {}
RESULT: {"using":"xpath","value":"(//button[@data-kt=\"saveButton\"])[2]"}
COMMAND: POST /session/b9718e1e48867b0fba4e39bd9ed4a756/element/f.FE1DA32CFDBC8F8C890368A9A93AADEA.d.E18F61EBBB72F736C0B4C5811CE18198.e.14885/click - {}
RESULT: {}
RESULT: {}
COMMAND: GET /session/b9718e1e48867b0fba4e39bd9ed4a756/screenshot - {}
RESULT: {}
COMMAND: POST /session/b9718e1e48867b0fba4e39bd9ed4a756/execute/sync - {"script":"<script> [276 bytes]","args":["Some contract items are having rental validity exceeding header rental validity"]}
RESULT: {"script":"<script> [276 bytes]","args":["Some contract items are having rental validity exceeding header rental validity"]}
COMMAND: GET /session/b9718e1e48867b0fba4e39bd9ed4a756/screenshot - {}
RESULT: {}
COMMAND: POST /session/b9718e1e48867b0fba4e39bd9ed4a756/element - {"using":"xpath","value":"//span[contains(@id ,\"contractItemsSmartTable-header-inner\")]"}
RESULT: {"using":"xpath","value":"//span[contains(@id ,\"contractItemsSmartTable-header-inner\")]"}
COMMAND: POST /session/b9718e1e48867b0fba4e39bd9ed4a756/elements - {"using":"xpath","value":"//span[contains(@id ,\"contractItemsSmartTable-header-inner\")]"}
RESULT: {"using":"xpath","value":"//span[contains(@id ,\"contractItemsSmartTable-header-inner\")]"}
COMMAND: POST /session/b9718e1e48867b0fba4e39bd9ed4a756/execute/sync - {"script":"<script> [56 bytes]","args":[{"element-6066-11e4-a52e-4f735466cecf":"f.FE1DA32CFDBC8F8C890368A9A93AADEA.d.E18F61EBBB72F736C0B4C5811CE18198.e.14891","ELEMENT":"f.FE1DA32CFDBC8F8C890368A9A93AADEA.d.E18F61EBBB72F736C0B4C5811CE18198.e.14891"}]}
RESULT: {"script":"<script> [56 bytes]","args":[{"element-6066-11e4-a52e-4f735466cecf":"f.FE1DA32CFDBC8F8C890368A9A93AADEA.d.E18F61EBBB72F736C0B4C5811CE18198.e.14891","ELEMENT":"f.FE1DA32CFDBC8F8C890368A9A93AADEA.d.E18F61EBBB72F736C0B4C5811CE18198.e.14891"}]}
]]></system-out>
    </testcase>
    <testcase classname="chrome.136_0_7103_93.windows.Performance_based_billing_(work_days)_US139742" name="Should do a provide to site handover" time="70.87">
      <system-out><![CDATA[
COMMAND: GET /session/b9718e1e48867b0fba4e39bd9ed4a756/screenshot - {}
COMMAND: POST /session/b9718e1e48867b0fba4e39bd9ed4a756/element - {"using":"xpath","value":"//button[@data-kt=\"provideButton\"]"}
RESULT: {}
RESULT: {"using":"xpath","value":"//button[@data-kt=\"provideButton\"]"}
COMMAND: POST /session/b9718e1e48867b0fba4e39bd9ed4a756/element/f.FE1DA32CFDBC8F8C890368A9A93AADEA.d.E18F61EBBB72F736C0B4C5811CE18198.e.14892/click - {}
RESULT: {}
COMMAND: GET /session/b9718e1e48867b0fba4e39bd9ed4a756/screenshot - {}
RESULT: {}
RESULT: undefined
COMMAND: POST /session/b9718e1e48867b0fba4e39bd9ed4a756/execute/async - {"script":"<script> [6424 bytes]","args":[{"element-6066-11e4-a52e-4f735466cecf":"f.FE1DA32CFDBC8F8C890368A9A93AADEA.d.E18F61EBBB72F736C0B4C5811CE18198.e.13835"},"setValue",["5/17/25"]]}
COMMAND: POST /session/b9718e1e48867b0fba4e39bd9ed4a756/execute/async - {"script":"<script> [1562 bytes]","args":[{"selector":{"id":"application-managehandovers-display-component---AddNewHO--dueDate","interaction":{"idSuffix":"inner"}},"wdio_ui5_key":"applicationmanagehandovers-display-component---AddNewHO--dueDate"}]}
RESULT: {"script":"<script> [1562 bytes]","args":[{"selector":{"id":"application-managehandovers-display-component---AddNewHO--dueDate","interaction":{"idSuffix":"inner"}},"wdio_ui5_key":"applicationmanagehandovers-display-component---AddNewHO--dueDate"}]}
COMMAND: POST /session/b9718e1e48867b0fba4e39bd9ed4a756/execute/async - {"script":"<script> [6424 bytes]","args":[{"element-6066-11e4-a52e-4f735466cecf":"f.FE1DA32CFDBC8F8C890368A9A93AADEA.d.E18F61EBBB72F736C0B4C5811CE18198.e.14965"},"setValue",["5/17/25"]]}
RESULT: {"script":"<script> [6424 bytes]","args":[{"element-6066-11e4-a52e-4f735466cecf":"f.FE1DA32CFDBC8F8C890368A9A93AADEA.d.E18F61EBBB72F736C0B4C5811CE18198.e.14965"},"setValue",["5/17/25"]]}
COMMAND: POST /session/b9718e1e48867b0fba4e39bd9ed4a756/element - {"using":"xpath","value":"//bdi[contains(text(), \"Instructions\")]"}
RESULT: {"using":"xpath","value":"//bdi[contains(text(), \"Instructions\")]"}
COMMAND: POST /session/b9718e1e48867b0fba4e39bd9ed4a756/element/f.FE1DA32CFDBC8F8C890368A9A93AADEA.d.E18F61EBBB72F736C0B4C5811CE18198.e.15209/click - {}
RESULT: {}
COMMAND: GET /session/b9718e1e48867b0fba4e39bd9ed4a756/screenshot - {}
RESULT: {}
COMMAND: POST /session/b9718e1e48867b0fba4e39bd9ed4a756/element - {"using":"xpath","value":"//button[@data-kt=\"AddNewHOProvideAddItemsButton\"]"}
RESULT: {"using":"xpath","value":"//button[@data-kt=\"AddNewHOProvideAddItemsButton\"]"}
COMMAND: POST /session/b9718e1e48867b0fba4e39bd9ed4a756/element/f.FE1DA32CFDBC8F8C890368A9A93AADEA.d.E18F61EBBB72F736C0B4C5811CE18198.e.15213/click - {}
RESULT: {}
COMMAND: GET /session/b9718e1e48867b0fba4e39bd9ed4a756/screenshot - {}
RESULT: {}
RESULT: undefined
COMMAND: POST /session/b9718e1e48867b0fba4e39bd9ed4a756/element - {"using":"xpath","value":"//*[@id=\"application-managehandovers-display-component---AddNewHO--popup-sa\"]"}
RESULT: {"using":"xpath","value":"//*[@id=\"application-managehandovers-display-component---AddNewHO--popup-sa\"]"}
COMMAND: POST /session/b9718e1e48867b0fba4e39bd9ed4a756/element/f.FE1DA32CFDBC8F8C890368A9A93AADEA.d.E18F61EBBB72F736C0B4C5811CE18198.e.15223/click - {}
RESULT: {}
COMMAND: GET /session/b9718e1e48867b0fba4e39bd9ed4a756/screenshot - {}
RESULT: {}
COMMAND: POST /session/b9718e1e48867b0fba4e39bd9ed4a756/element - {"using":"xpath","value":"//*[contains(@id ,\"BDI-content\")][contains(text(), \"Select\")]"}
RESULT: {"using":"xpath","value":"//*[contains(@id ,\"BDI-content\")][contains(text(), \"Select\")]"}
COMMAND: POST /session/b9718e1e48867b0fba4e39bd9ed4a756/element/f.FE1DA32CFDBC8F8C890368A9A93AADEA.d.E18F61EBBB72F736C0B4C5811CE18198.e.15224/click - {}
RESULT: {}
COMMAND: GET /session/b9718e1e48867b0fba4e39bd9ed4a756/screenshot - {}
RESULT: {}
COMMAND: POST /session/b9718e1e48867b0fba4e39bd9ed4a756/execute/async - {"script":"<script> [1562 bytes]","args":[{"selector":{"id":"application-managehandovers-display-component---AddNewHO--confirmCreationButton","interaction":{"idSuffix":"BDI-content"}},"wdio_ui5_key":"applicationmanagehandovers-display-component---AddNewHO--confirmCreationButton"}]}
RESULT: {"script":"<script> [1562 bytes]","args":[{"selector":{"id":"application-managehandovers-display-component---AddNewHO--confirmCreationButton","interaction":{"idSuffix":"BDI-content"}},"wdio_ui5_key":"applicationmanagehandovers-display-component---AddNewHO--confirmCreationButton"}]}
RESULT: undefined
COMMAND: POST /session/b9718e1e48867b0fba4e39bd9ed4a756/element - {"using":"xpath","value":"//*[@id=\"application-managehandovers-display-component---AddNewHO--confirmCreationButton\"]"}
RESULT: {"using":"xpath","value":"//*[@id=\"application-managehandovers-display-component---AddNewHO--confirmCreationButton\"]"}
COMMAND: POST /session/b9718e1e48867b0fba4e39bd9ed4a756/element/f.FE1DA32CFDBC8F8C890368A9A93AADEA.d.E18F61EBBB72F736C0B4C5811CE18198.e.15014/click - {}
RESULT: {}
COMMAND: GET /session/b9718e1e48867b0fba4e39bd9ed4a756/screenshot - {}
COMMAND: POST /session/b9718e1e48867b0fba4e39bd9ed4a756/execute/async - {"script":"<script> [1562 bytes]","args":[{"selector":{"id":"issueDatePicker","viewName":"etm.portal.ui.managehandovers.view.DetailExecuteHO","interaction":{"idSuffix":"inner"}},"wdio_ui5_key":"issueDatePickeretmportal.ui.managehandovers.view.DetailExecuteHO"}]}
RESULT: {}
RESULT: {"script":"<script> [1562 bytes]","args":[{"selector":{"id":"issueDatePicker","viewName":"etm.portal.ui.managehandovers.view.DetailExecuteHO","interaction":{"idSuffix":"inner"}},"wdio_ui5_key":"issueDatePickeretmportal.ui.managehandovers.view.DetailExecuteHO"}]}
RESULT: undefined
COMMAND: POST /session/b9718e1e48867b0fba4e39bd9ed4a756/execute/async - {"script":"<script> [776 bytes]","args":[{"enterText":"5/17/25","selector":{"id":"issueDatePicker","viewName":"etm.portal.ui.managehandovers.view.DetailExecuteHO","interaction":{"idSuffix":"inner"}},"clearTextFirst":true,"interactionType":"ENTER_TEXT"}]}
RESULT: {"script":"<script> [776 bytes]","args":[{"enterText":"5/17/25","selector":{"id":"issueDatePicker","viewName":"etm.portal.ui.managehandovers.view.DetailExecuteHO","interaction":{"idSuffix":"inner"}},"clearTextFirst":true,"interactionType":"ENTER_TEXT"}]}
COMMAND: POST /session/b9718e1e48867b0fba4e39bd9ed4a756/element - {"using":"xpath","value":"//bdi[contains(text(), \"OK\")]"}
RESULT: {"using":"xpath","value":"//bdi[contains(text(), \"OK\")]"}
COMMAND: POST /session/b9718e1e48867b0fba4e39bd9ed4a756/element/f.FE1DA32CFDBC8F8C890368A9A93AADEA.d.E18F61EBBB72F736C0B4C5811CE18198.e.15271/click - {}
RESULT: {}
COMMAND: GET /session/b9718e1e48867b0fba4e39bd9ed4a756/screenshot - {}
RESULT: {}
COMMAND: POST /session/b9718e1e48867b0fba4e39bd9ed4a756/element - {"using":"xpath","value":"//button[@data-kt=\"PickingTableConfirmAllButton\"]"}
RESULT: {"using":"xpath","value":"//button[@data-kt=\"PickingTableConfirmAllButton\"]"}
COMMAND: POST /session/b9718e1e48867b0fba4e39bd9ed4a756/element/f.FE1DA32CFDBC8F8C890368A9A93AADEA.d.E18F61EBBB72F736C0B4C5811CE18198.e.15279/click - {}
RESULT: {}
COMMAND: GET /session/b9718e1e48867b0fba4e39bd9ed4a756/screenshot - {}
COMMAND: POST /session/b9718e1e48867b0fba4e39bd9ed4a756/element - {"using":"xpath","value":"//bdi[contains(text(), \"OK\")]"}
RESULT: {}
RESULT: {"using":"xpath","value":"//bdi[contains(text(), \"OK\")]"}
COMMAND: POST /session/b9718e1e48867b0fba4e39bd9ed4a756/element/f.FE1DA32CFDBC8F8C890368A9A93AADEA.d.E18F61EBBB72F736C0B4C5811CE18198.e.15282/click - {}
RESULT: {}
COMMAND: GET /session/b9718e1e48867b0fba4e39bd9ed4a756/screenshot - {}
RESULT: {}
COMMAND: POST /session/b9718e1e48867b0fba4e39bd9ed4a756/element - {"using":"xpath","value":"//bdi[contains(text(), \"Issue\")]"}
RESULT: {"using":"xpath","value":"//bdi[contains(text(), \"Issue\")]"}
COMMAND: POST /session/b9718e1e48867b0fba4e39bd9ed4a756/element/f.FE1DA32CFDBC8F8C890368A9A93AADEA.d.E18F61EBBB72F736C0B4C5811CE18198.e.15284/click - {}
RESULT: {}
COMMAND: GET /session/b9718e1e48867b0fba4e39bd9ed4a756/screenshot - {}
RESULT: {}
COMMAND: POST /session/b9718e1e48867b0fba4e39bd9ed4a756/element - {"using":"css selector","value":"#shell-header-logo"}
RESULT: {"using":"css selector","value":"#shell-header-logo"}
COMMAND: POST /session/b9718e1e48867b0fba4e39bd9ed4a756/element/f.FE1DA32CFDBC8F8C890368A9A93AADEA.d.E18F61EBBB72F736C0B4C5811CE18198.e.14340/click - {}
RESULT: {}
COMMAND: GET /session/b9718e1e48867b0fba4e39bd9ed4a756/screenshot - {}
RESULT: {}
]]></system-out>
    </testcase>
    <testcase classname="chrome.136_0_7103_93.windows.Performance_based_billing_(work_days)_US139742" name="Should create a few performance documents" time="103.651">
      <system-out><![CDATA[
COMMAND: POST /session/b9718e1e48867b0fba4e39bd9ed4a756/execute/async - {"script":"<script> [1562 bytes]","args":[{"selector":{"controlType":"sap.m.GenericTile","properties":{"header":"Manage States & Performance"}},"wdio_ui5_key":"sapm.GenericTile{\"header\":\"Manage States & Performance\"}"}]}
RESULT: {"script":"<script> [1562 bytes]","args":[{"selector":{"controlType":"sap.m.GenericTile","properties":{"header":"Manage States & Performance"}},"wdio_ui5_key":"sapm.GenericTile{\"header\":\"Manage States & Performance\"}"}]}
RESULT: undefined
COMMAND: POST /session/b9718e1e48867b0fba4e39bd9ed4a756/element - {"using":"xpath","value":"//*[@id=\"__tile56\"]"}
RESULT: {"using":"xpath","value":"//*[@id=\"__tile56\"]"}
COMMAND: POST /session/b9718e1e48867b0fba4e39bd9ed4a756/element/f.FE1DA32CFDBC8F8C890368A9A93AADEA.d.E18F61EBBB72F736C0B4C5811CE18198.e.11720/click - {}
RESULT: {}
COMMAND: GET /session/b9718e1e48867b0fba4e39bd9ed4a756/screenshot - {}
RESULT: {}
COMMAND: POST /session/b9718e1e48867b0fba4e39bd9ed4a756/elements - {"using":"xpath","value":"//span[text()='Error']"}
RESULT: {"using":"xpath","value":"//span[text()='Error']"}
COMMAND: POST /session/b9718e1e48867b0fba4e39bd9ed4a756/element - {"using":"xpath","value":"//div[@id=\"application-managestatesandperformance-display-component---stateAndPerform--smartFilterBarResources-btnBasicSearch\"]"}
RESULT: {"using":"xpath","value":"//div[@id=\"application-managestatesandperformance-display-component---stateAndPerform--smartFilterBarResources-btnBasicSearch\"]"}
COMMAND: POST /session/b9718e1e48867b0fba4e39bd9ed4a756/elements - {"using":"xpath","value":"//div[@id=\"application-managestatesandperformance-display-component---stateAndPerform--smartFilterBarResources-btnBasicSearch\"]"}
RESULT: {"using":"xpath","value":"//div[@id=\"application-managestatesandperformance-display-component---stateAndPerform--smartFilterBarResources-btnBasicSearch\"]"}
COMMAND: POST /session/b9718e1e48867b0fba4e39bd9ed4a756/execute/sync - {"script":"<script> [8489 bytes]","args":[{"element-6066-11e4-a52e-4f735466cecf":"f.FE1DA32CFDBC8F8C890368A9A93AADEA.d.E18F61EBBB72F736C0B4C5811CE18198.e.15504","ELEMENT":"f.FE1DA32CFDBC8F8C890368A9A93AADEA.d.E18F61EBBB72F736C0B4C5811CE18198.e.15504"}]}
RESULT: {"script":"<script> [8489 bytes]","args":[{"element-6066-11e4-a52e-4f735466cecf":"f.FE1DA32CFDBC8F8C890368A9A93AADEA.d.E18F61EBBB72F736C0B4C5811CE18198.e.15504","ELEMENT":"f.FE1DA32CFDBC8F8C890368A9A93AADEA.d.E18F61EBBB72F736C0B4C5811CE18198.e.15504"}]}
COMMAND: GET /session/b9718e1e48867b0fba4e39bd9ed4a756/element/f.FE1DA32CFDBC8F8C890368A9A93AADEA.d.E18F61EBBB72F736C0B4C5811CE18198.e.15504/enabled - {}
COMMAND: GET /session/b9718e1e48867b0fba4e39bd9ed4a756/screenshot - {}
RESULT: {}
COMMAND: POST /session/b9718e1e48867b0fba4e39bd9ed4a756/execute/sync - {"script":"<script> [8489 bytes]","args":[{"element-6066-11e4-a52e-4f735466cecf":"f.FE1DA32CFDBC8F8C890368A9A93AADEA.d.E18F61EBBB72F736C0B4C5811CE18198.e.15504","ELEMENT":"f.FE1DA32CFDBC8F8C890368A9A93AADEA.d.E18F61EBBB72F736C0B4C5811CE18198.e.15504"}]}
COMMAND: GET /session/b9718e1e48867b0fba4e39bd9ed4a756/screenshot - {}
RESULT: {}
RESULT: {"script":"<script> [8489 bytes]","args":[{"element-6066-11e4-a52e-4f735466cecf":"f.FE1DA32CFDBC8F8C890368A9A93AADEA.d.E18F61EBBB72F736C0B4C5811CE18198.e.15504","ELEMENT":"f.FE1DA32CFDBC8F8C890368A9A93AADEA.d.E18F61EBBB72F736C0B4C5811CE18198.e.15504"}]}
COMMAND: POST /session/b9718e1e48867b0fba4e39bd9ed4a756/execute/sync - {"script":"<script> [5351 bytes]","args":[{"element-6066-11e4-a52e-4f735466cecf":"f.FE1DA32CFDBC8F8C890368A9A93AADEA.d.E18F61EBBB72F736C0B4C5811CE18198.e.15504","ELEMENT":"f.FE1DA32CFDBC8F8C890368A9A93AADEA.d.E18F61EBBB72F736C0B4C5811CE18198.e.15504"}]}
COMMAND: GET /session/b9718e1e48867b0fba4e39bd9ed4a756/screenshot - {}
RESULT: {}
RESULT: {"script":"<script> [5351 bytes]","args":[{"element-6066-11e4-a52e-4f735466cecf":"f.FE1DA32CFDBC8F8C890368A9A93AADEA.d.E18F61EBBB72F736C0B4C5811CE18198.e.15504","ELEMENT":"f.FE1DA32CFDBC8F8C890368A9A93AADEA.d.E18F61EBBB72F736C0B4C5811CE18198.e.15504"}]}
COMMAND: POST /session/b9718e1e48867b0fba4e39bd9ed4a756/execute/async - {"script":"<script> [1562 bytes]","args":[{"selector":{"id":"application-managestatesandperformance-display-component---stateAndPerform--smartFilterBarResources-btnBasicSearch","interaction":{"idSuffix":"I"}},"wdio_ui5_key":"applicationmanagestatesandperformance-display-component---stateAndPerform--smartFilterBarResources-btnBasicSearch"}]}
COMMAND: GET /session/b9718e1e48867b0fba4e39bd9ed4a756/screenshot - {}
RESULT: {}
RESULT: {"script":"<script> [1562 bytes]","args":[{"selector":{"id":"application-managestatesandperformance-display-component---stateAndPerform--smartFilterBarResources-btnBasicSearch","interaction":{"idSuffix":"I"}},"wdio_ui5_key":"applicationmanagestatesandperformance-display-component---stateAndPerform--smartFilterBarResources-btnBasicSearch"}]}
RESULT: undefined
COMMAND: POST /session/b9718e1e48867b0fba4e39bd9ed4a756/execute/async - {"script":"<script> [776 bytes]","args":[{"enterText":"A9AQMUzPgj","selector":{"id":"application-managestatesandperformance-display-component---stateAndPerform--smartFilterBarResources-btnBasicSearch","interaction":{"idSuffix":"I"}},"clearTextFirst":true,"interactionType":"ENTER_TEXT"}]}
RESULT: {}
RESULT: {"script":"<script> [776 bytes]","args":[{"enterText":"A9AQMUzPgj","selector":{"id":"application-managestatesandperformance-display-component---stateAndPerform--smartFilterBarResources-btnBasicSearch","interaction":{"idSuffix":"I"}},"clearTextFirst":true,"interactionType":"ENTER_TEXT"}]}
COMMAND: POST /session/b9718e1e48867b0fba4e39bd9ed4a756/actions - {"actions":[{"id":"action53","type":"key","parameters":{},"actions":[{"type":"keyDown","value":"î€‡"},{"type":"pause","duration":10},{"type":"keyUp","value":"î€‡"}]}]}
RESULT: {"actions":[{"id":"action53","type":"key","parameters":{},"actions":[{"type":"keyDown","value":"î€‡"},{"type":"pause","duration":10},{"type":"keyUp","value":"î€‡"}]}]}
COMMAND: GET /session/b9718e1e48867b0fba4e39bd9ed4a756/screenshot - {}
RESULT: {}
COMMAND: POST /session/b9718e1e48867b0fba4e39bd9ed4a756/execute/async - {"script":"<script> [1562 bytes]","args":[{"selector":{"id":"application-managestatesandperformance-display-component---stateAndPerform--stateAndPerformResourcesSmartTable-header"},"wdio_ui5_key":"applicationmanagestatesandperformance-display-component---stateAndPerform--stateAndPerformResourcesSmartTable-header"}]}
RESULT: {"script":"<script> [1562 bytes]","args":[{"selector":{"id":"application-managestatesandperformance-display-component---stateAndPerform--stateAndPerformResourcesSmartTable-header"},"wdio_ui5_key":"applicationmanagestatesandperformance-display-component---stateAndPerform--stateAndPerformResourcesSmartTable-header"}]}
RESULT: undefined
COMMAND: POST /session/b9718e1e48867b0fba4e39bd9ed4a756/execute/async - {"script":"<script> [6424 bytes]","args":[{"element-6066-11e4-a52e-4f735466cecf":"f.FE1DA32CFDBC8F8C890368A9A93AADEA.d.E18F61EBBB72F736C0B4C5811CE18198.e.15567"},"getText",[]]}
RESULT: {"script":"<script> [6424 bytes]","args":[{"element-6066-11e4-a52e-4f735466cecf":"f.FE1DA32CFDBC8F8C890368A9A93AADEA.d.E18F61EBBB72F736C0B4C5811CE18198.e.15567"},"getText",[]]}
COMMAND: POST /session/b9718e1e48867b0fba4e39bd9ed4a756/execute/async - {"script":"<script> [1562 bytes]","args":[{"selector":{"controlType":"sap.ui.core.Icon","viewName":"etm.portal.ui.managestatesandperformance.view.Master","viewId":"application-managestatesandperformance-display-component---stateAndPerform","properties":{"src":{"regex":{"source":"slim\\-arrow\\-right"}}}},"wdio_ui5_key":"etmportal.ui.managestatesandperformance.view.Mastersap.ui.core.Icon{\"src\":{\"regex\":{\"source\":\"slim\\\\-arrow\\\\-right\"}}}"}]}
RESULT: {"script":"<script> [1562 bytes]","args":[{"selector":{"controlType":"sap.ui.core.Icon","viewName":"etm.portal.ui.managestatesandperformance.view.Master","viewId":"application-managestatesandperformance-display-component---stateAndPerform","properties":{"src":{"regex":{"source":"slim\\-arrow\\-right"}}}},"wdio_ui5_key":"etmportal.ui.managestatesandperformance.view.Mastersap.ui.core.Icon{\"src\":{\"regex\":{\"source\":\"slim\\\\-arrow\\\\-right\"}}}"}]}
RESULT: undefined
COMMAND: POST /session/b9718e1e48867b0fba4e39bd9ed4a756/element - {"using":"xpath","value":"//*[@id=\"__item2198-__clone4034-imgNav\"]"}
RESULT: {"using":"xpath","value":"//*[@id=\"__item2198-__clone4034-imgNav\"]"}
COMMAND: POST /session/b9718e1e48867b0fba4e39bd9ed4a756/element/f.FE1DA32CFDBC8F8C890368A9A93AADEA.d.E18F61EBBB72F736C0B4C5811CE18198.e.15566/click - {}
RESULT: {}
COMMAND: GET /session/b9718e1e48867b0fba4e39bd9ed4a756/screenshot - {}
RESULT: {}
COMMAND: POST /session/b9718e1e48867b0fba4e39bd9ed4a756/execute/async - {"script":"<script> [1562 bytes]","args":[{"selector":{"controlType":"sap.m.Button","viewName":"etm.portal.ui.managestatesandperformance.view.Detail","viewId":"application-managestatesandperformance-display-component---detailStateAndPerform","properties":{"text":"Performance Documents"}},"wdio_ui5_key":"etmportal.ui.managestatesandperformance.view.Detailsap.m.Button{\"text\":\"Performance Documents\"}"}]}
RESULT: {"script":"<script> [1562 bytes]","args":[{"selector":{"controlType":"sap.m.Button","viewName":"etm.portal.ui.managestatesandperformance.view.Detail","viewId":"application-managestatesandperformance-display-component---detailStateAndPerform","properties":{"text":"Performance Documents"}},"wdio_ui5_key":"etmportal.ui.managestatesandperformance.view.Detailsap.m.Button{\"text\":\"Performance Documents\"}"}]}
RESULT: undefined
COMMAND: POST /session/b9718e1e48867b0fba4e39bd9ed4a756/element - {"using":"xpath","value":"//*[@id=\"__item2221-button\"]"}
RESULT: {"using":"xpath","value":"//*[@id=\"__item2221-button\"]"}
COMMAND: POST /session/b9718e1e48867b0fba4e39bd9ed4a756/element/f.FE1DA32CFDBC8F8C890368A9A93AADEA.d.E18F61EBBB72F736C0B4C5811CE18198.e.15611/click - {}
RESULT: {}
COMMAND: POST /session/b9718e1e48867b0fba4e39bd9ed4a756/execute/async - {"script":"<script> [1562 bytes]","args":[{"selector":{"controlType":"sap.m.Button","viewName":"etm.portal.ui.managestatesandperformance.view.Detail","viewId":"application-managestatesandperformance-display-component---detailStateAndPerform","i18NText":{"propertyName":"text","key":"createPerformanceDoc"},"interaction":{"idSuffix":"BDI-content"}},"wdio_ui5_key":"etmportal.ui.managestatesandperformance.view.Detailsap.m.Button{\"propertyName\":\"text\",\"key\":\"createPerformanceDoc\"}"}]}
COMMAND: GET /session/b9718e1e48867b0fba4e39bd9ed4a756/screenshot - {}
RESULT: {"script":"<script> [1562 bytes]","args":[{"selector":{"controlType":"sap.m.Button","viewName":"etm.portal.ui.managestatesandperformance.view.Detail","viewId":"application-managestatesandperformance-display-component---detailStateAndPerform","i18NText":{"propertyName":"text","key":"createPerformanceDoc"},"interaction":{"idSuffix":"BDI-content"}},"wdio_ui5_key":"etmportal.ui.managestatesandperformance.view.Detailsap.m.Button{\"propertyName\":\"text\",\"key\":\"createPerformanceDoc\"}"}]}
RESULT: undefined
COMMAND: POST /session/b9718e1e48867b0fba4e39bd9ed4a756/element - {"using":"xpath","value":"//*[@id=\"__button369\"]"}
RESULT: {}
RESULT: {"using":"xpath","value":"//*[@id=\"__button369\"]"}
COMMAND: POST /session/b9718e1e48867b0fba4e39bd9ed4a756/element/f.FE1DA32CFDBC8F8C890368A9A93AADEA.d.E18F61EBBB72F736C0B4C5811CE18198.e.15614/click - {}
RESULT: {}
COMMAND: POST /session/b9718e1e48867b0fba4e39bd9ed4a756/execute/async - {"script":"<script> [1562 bytes]","args":[{"selector":{"id":"application-managestatesandperformance-display-component---detailStateAndPerform--perfDocDatePicker","searchOpenDialogs":true,"interaction":{"idSuffix":"inner"}},"wdio_ui5_key":"applicationmanagestatesandperformance-display-component---detailStateAndPerform--perfDocDatePicker"}]}
COMMAND: GET /session/b9718e1e48867b0fba4e39bd9ed4a756/screenshot - {}
RESULT: {"script":"<script> [1562 bytes]","args":[{"selector":{"id":"application-managestatesandperformance-display-component---detailStateAndPerform--perfDocDatePicker","searchOpenDialogs":true,"interaction":{"idSuffix":"inner"}},"wdio_ui5_key":"applicationmanagestatesandperformance-display-component---detailStateAndPerform--perfDocDatePicker"}]}
RESULT: undefined
COMMAND: POST /session/b9718e1e48867b0fba4e39bd9ed4a756/execute/async - {"script":"<script> [776 bytes]","args":[{"enterText":"5/19/25","selector":{"id":"application-managestatesandperformance-display-component---detailStateAndPerform--perfDocDatePicker","searchOpenDialogs":true,"interaction":{"idSuffix":"inner"}},"clearTextFirst":true,"interactionType":"ENTER_TEXT"}]}
RESULT: {}
RESULT: {"script":"<script> [776 bytes]","args":[{"enterText":"5/19/25","selector":{"id":"application-managestatesandperformance-display-component---detailStateAndPerform--perfDocDatePicker","searchOpenDialogs":true,"interaction":{"idSuffix":"inner"}},"clearTextFirst":true,"interactionType":"ENTER_TEXT"}]}
COMMAND: POST /session/b9718e1e48867b0fba4e39bd9ed4a756/execute/async - {"script":"<script> [1562 bytes]","args":[{"selector":{"id":"application-managestatesandperformance-display-component---detailStateAndPerform--counterValue-input","searchOpenDialogs":true,"interaction":{"idSuffix":"inner"}},"wdio_ui5_key":"applicationmanagestatesandperformance-display-component---detailStateAndPerform--counterValue-input"}]}
RESULT: {"script":"<script> [1562 bytes]","args":[{"selector":{"id":"application-managestatesandperformance-display-component---detailStateAndPerform--counterValue-input","searchOpenDialogs":true,"interaction":{"idSuffix":"inner"}},"wdio_ui5_key":"applicationmanagestatesandperformance-display-component---detailStateAndPerform--counterValue-input"}]}
RESULT: undefined
COMMAND: POST /session/b9718e1e48867b0fba4e39bd9ed4a756/execute/async - {"script":"<script> [776 bytes]","args":[{"enterText":"15.00","selector":{"id":"application-managestatesandperformance-display-component---detailStateAndPerform--counterValue-input","searchOpenDialogs":true,"interaction":{"idSuffix":"inner"}},"clearTextFirst":true,"interactionType":"ENTER_TEXT"}]}
RESULT: {"script":"<script> [776 bytes]","args":[{"enterText":"15.00","selector":{"id":"application-managestatesandperformance-display-component---detailStateAndPerform--counterValue-input","searchOpenDialogs":true,"interaction":{"idSuffix":"inner"}},"clearTextFirst":true,"interactionType":"ENTER_TEXT"}]}
COMMAND: POST /session/b9718e1e48867b0fba4e39bd9ed4a756/execute/async - {"script":"<script> [1562 bytes]","args":[{"selector":{"controlType":"sap.m.Button","viewName":"etm.portal.ui.managestatesandperformance.view.Detail","viewId":"application-managestatesandperformance-display-component---detailStateAndPerform","bindingPath":{"path":"","propertyPath":"/allowAddEdit","modelName":"oScreenModel"},"searchOpenDialogs":true,"interaction":{"idSuffix":"BDI-content"}},"wdio_ui5_key":"etmportal.ui.managestatesandperformance.view.Detailsap.m.Button{\"path\":\"\",\"propertyPath\":\"/allowAddEdit\",\"modelName\":\"oScreenModel\"}"}]}
RESULT: {"script":"<script> [1562 bytes]","args":[{"selector":{"controlType":"sap.m.Button","viewName":"etm.portal.ui.managestatesandperformance.view.Detail","viewId":"application-managestatesandperformance-display-component---detailStateAndPerform","bindingPath":{"path":"","propertyPath":"/allowAddEdit","modelName":"oScreenModel"},"searchOpenDialogs":true,"interaction":{"idSuffix":"BDI-content"}},"wdio_ui5_key":"etmportal.ui.managestatesandperformance.view.Detailsap.m.Button{\"path\":\"\",\"propertyPath\":\"/allowAddEdit\",\"modelName\":\"oScreenModel\"}"}]}
RESULT: undefined
COMMAND: POST /session/b9718e1e48867b0fba4e39bd9ed4a756/element - {"using":"xpath","value":"//*[@id=\"__button376\"]"}
RESULT: {"using":"xpath","value":"//*[@id=\"__button376\"]"}
COMMAND: POST /session/b9718e1e48867b0fba4e39bd9ed4a756/element/f.FE1DA32CFDBC8F8C890368A9A93AADEA.d.E18F61EBBB72F736C0B4C5811CE18198.e.15635/click - {}
RESULT: {}
RESULT: undefined
COMMAND: POST /session/b9718e1e48867b0fba4e39bd9ed4a756/element - {"using":"xpath","value":"//*[@id=\"__button369\"]"}
COMMAND: GET /session/b9718e1e48867b0fba4e39bd9ed4a756/screenshot - {}
RESULT: {"using":"xpath","value":"//*[@id=\"__button369\"]"}
COMMAND: POST /session/b9718e1e48867b0fba4e39bd9ed4a756/element/f.FE1DA32CFDBC8F8C890368A9A93AADEA.d.E18F61EBBB72F736C0B4C5811CE18198.e.15614/click - {}
RESULT: {}
RESULT: {}
RESULT: undefined
COMMAND: POST /session/b9718e1e48867b0fba4e39bd9ed4a756/execute/async - {"script":"<script> [776 bytes]","args":[{"enterText":"5/23/25","selector":{"id":"application-managestatesandperformance-display-component---detailStateAndPerform--perfDocDatePicker","searchOpenDialogs":true,"interaction":{"idSuffix":"inner"}},"clearTextFirst":true,"interactionType":"ENTER_TEXT"}]}
COMMAND: GET /session/b9718e1e48867b0fba4e39bd9ed4a756/screenshot - {}
RESULT: {"script":"<script> [776 bytes]","args":[{"enterText":"5/23/25","selector":{"id":"application-managestatesandperformance-display-component---detailStateAndPerform--perfDocDatePicker","searchOpenDialogs":true,"interaction":{"idSuffix":"inner"}},"clearTextFirst":true,"interactionType":"ENTER_TEXT"}]}
RESULT: undefined
COMMAND: POST /session/b9718e1e48867b0fba4e39bd9ed4a756/execute/async - {"script":"<script> [776 bytes]","args":[{"enterText":"20.00","selector":{"id":"application-managestatesandperformance-display-component---detailStateAndPerform--counterValue-input","searchOpenDialogs":true,"interaction":{"idSuffix":"inner"}},"clearTextFirst":true,"interactionType":"ENTER_TEXT"}]}
RESULT: {}
RESULT: {"script":"<script> [776 bytes]","args":[{"enterText":"20.00","selector":{"id":"application-managestatesandperformance-display-component---detailStateAndPerform--counterValue-input","searchOpenDialogs":true,"interaction":{"idSuffix":"inner"}},"clearTextFirst":true,"interactionType":"ENTER_TEXT"}]}
COMMAND: POST /session/b9718e1e48867b0fba4e39bd9ed4a756/actions - {"actions":[{"id":"action54","type":"key","parameters":{},"actions":[{"type":"keyDown","value":"î€„"},{"type":"keyDown","value":"î€„"},{"type":"pause","duration":10},{"type":"keyUp","value":"î€„"},{"type":"keyUp","value":"î€„"}]}]}
RESULT: {"actions":[{"id":"action54","type":"key","parameters":{},"actions":[{"type":"keyDown","value":"î€„"},{"type":"keyDown","value":"î€„"},{"type":"pause","duration":10},{"type":"keyUp","value":"î€„"},{"type":"keyUp","value":"î€„"}]}]}
COMMAND: POST /session/b9718e1e48867b0fba4e39bd9ed4a756/actions - {"actions":[{"id":"action55","type":"key","parameters":{},"actions":[{"type":"keyDown","value":"î€‡"},{"type":"pause","duration":10},{"type":"keyUp","value":"î€‡"}]}]}
COMMAND: GET /session/b9718e1e48867b0fba4e39bd9ed4a756/screenshot - {}
RESULT: {"actions":[{"id":"action55","type":"key","parameters":{},"actions":[{"type":"keyDown","value":"î€‡"},{"type":"pause","duration":10},{"type":"keyUp","value":"î€‡"}]}]}
RESULT: undefined
COMMAND: POST /session/b9718e1e48867b0fba4e39bd9ed4a756/element - {"using":"xpath","value":"//*[@id=\"__button376\"]"}
COMMAND: GET /session/b9718e1e48867b0fba4e39bd9ed4a756/screenshot - {}
RESULT: {}
RESULT: {"using":"xpath","value":"//*[@id=\"__button376\"]"}
COMMAND: POST /session/b9718e1e48867b0fba4e39bd9ed4a756/elements - {"using":"xpath","value":"//*[@id=\"__button376\"]"}
RESULT: {}
RESULT: {"using":"xpath","value":"//*[@id=\"__button376\"]"}
COMMAND: POST /session/b9718e1e48867b0fba4e39bd9ed4a756/elements - {"using":"xpath","value":"//*[@id=\"__button376\"]"}
RESULT: {"using":"xpath","value":"//*[@id=\"__button376\"]"}
COMMAND: POST /session/b9718e1e48867b0fba4e39bd9ed4a756/elements - {"using":"xpath","value":"//*[@id=\"__button376\"]"}
RESULT: {"using":"xpath","value":"//*[@id=\"__button376\"]"}
COMMAND: POST /session/b9718e1e48867b0fba4e39bd9ed4a756/elements - {"using":"xpath","value":"//*[@id=\"__button376\"]"}
RESULT: {"using":"xpath","value":"//*[@id=\"__button376\"]"}
COMMAND: POST /session/b9718e1e48867b0fba4e39bd9ed4a756/elements - {"using":"xpath","value":"//*[@id=\"__button376\"]"}
RESULT: {"using":"xpath","value":"//*[@id=\"__button376\"]"}
COMMAND: POST /session/b9718e1e48867b0fba4e39bd9ed4a756/elements - {"using":"xpath","value":"//*[@id=\"__button376\"]"}
RESULT: {"using":"xpath","value":"//*[@id=\"__button376\"]"}
COMMAND: POST /session/b9718e1e48867b0fba4e39bd9ed4a756/elements - {"using":"xpath","value":"//*[@id=\"__button376\"]"}
RESULT: {"using":"xpath","value":"//*[@id=\"__button376\"]"}
COMMAND: POST /session/b9718e1e48867b0fba4e39bd9ed4a756/elements - {"using":"xpath","value":"//*[@id=\"__button376\"]"}
RESULT: {"using":"xpath","value":"//*[@id=\"__button376\"]"}
COMMAND: POST /session/b9718e1e48867b0fba4e39bd9ed4a756/elements - {"using":"xpath","value":"//*[@id=\"__button376\"]"}
RESULT: {"using":"xpath","value":"//*[@id=\"__button376\"]"}
COMMAND: POST /session/b9718e1e48867b0fba4e39bd9ed4a756/elements - {"using":"xpath","value":"//*[@id=\"__button376\"]"}
RESULT: {"using":"xpath","value":"//*[@id=\"__button376\"]"}
COMMAND: POST /session/b9718e1e48867b0fba4e39bd9ed4a756/elements - {"using":"xpath","value":"//*[@id=\"__button376\"]"}
RESULT: {"using":"xpath","value":"//*[@id=\"__button376\"]"}
COMMAND: POST /session/b9718e1e48867b0fba4e39bd9ed4a756/elements - {"using":"xpath","value":"//*[@id=\"__button376\"]"}
RESULT: {"using":"xpath","value":"//*[@id=\"__button376\"]"}
COMMAND: POST /session/b9718e1e48867b0fba4e39bd9ed4a756/elements - {"using":"xpath","value":"//*[@id=\"__button376\"]"}
RESULT: {"using":"xpath","value":"//*[@id=\"__button376\"]"}
COMMAND: POST /session/b9718e1e48867b0fba4e39bd9ed4a756/elements - {"using":"xpath","value":"//*[@id=\"__button376\"]"}
RESULT: {"using":"xpath","value":"//*[@id=\"__button376\"]"}
COMMAND: POST /session/b9718e1e48867b0fba4e39bd9ed4a756/elements - {"using":"xpath","value":"//*[@id=\"__button376\"]"}
RESULT: {"using":"xpath","value":"//*[@id=\"__button376\"]"}
COMMAND: POST /session/b9718e1e48867b0fba4e39bd9ed4a756/elements - {"using":"xpath","value":"//*[@id=\"__button376\"]"}
RESULT: {"using":"xpath","value":"//*[@id=\"__button376\"]"}
COMMAND: POST /session/b9718e1e48867b0fba4e39bd9ed4a756/elements - {"using":"xpath","value":"//*[@id=\"__button376\"]"}
RESULT: {"using":"xpath","value":"//*[@id=\"__button376\"]"}
COMMAND: POST /session/b9718e1e48867b0fba4e39bd9ed4a756/elements - {"using":"xpath","value":"//*[@id=\"__button376\"]"}
RESULT: {"using":"xpath","value":"//*[@id=\"__button376\"]"}
COMMAND: POST /session/b9718e1e48867b0fba4e39bd9ed4a756/elements - {"using":"xpath","value":"//*[@id=\"__button376\"]"}
RESULT: {"using":"xpath","value":"//*[@id=\"__button376\"]"}
COMMAND: POST /session/b9718e1e48867b0fba4e39bd9ed4a756/elements - {"using":"xpath","value":"//*[@id=\"__button376\"]"}
RESULT: {"using":"xpath","value":"//*[@id=\"__button376\"]"}
COMMAND: POST /session/b9718e1e48867b0fba4e39bd9ed4a756/elements - {"using":"xpath","value":"//*[@id=\"__button376\"]"}
RESULT: {"using":"xpath","value":"//*[@id=\"__button376\"]"}
COMMAND: POST /session/b9718e1e48867b0fba4e39bd9ed4a756/elements - {"using":"xpath","value":"//*[@id=\"__button376\"]"}
RESULT: {"using":"xpath","value":"//*[@id=\"__button376\"]"}
COMMAND: POST /session/b9718e1e48867b0fba4e39bd9ed4a756/elements - {"using":"xpath","value":"//*[@id=\"__button376\"]"}
RESULT: {"using":"xpath","value":"//*[@id=\"__button376\"]"}
COMMAND: POST /session/b9718e1e48867b0fba4e39bd9ed4a756/elements - {"using":"xpath","value":"//*[@id=\"__button376\"]"}
RESULT: {"using":"xpath","value":"//*[@id=\"__button376\"]"}
COMMAND: POST /session/b9718e1e48867b0fba4e39bd9ed4a756/elements - {"using":"xpath","value":"//*[@id=\"__button376\"]"}
RESULT: {"using":"xpath","value":"//*[@id=\"__button376\"]"}
COMMAND: POST /session/b9718e1e48867b0fba4e39bd9ed4a756/elements - {"using":"xpath","value":"//*[@id=\"__button376\"]"}
RESULT: {"using":"xpath","value":"//*[@id=\"__button376\"]"}
COMMAND: POST /session/b9718e1e48867b0fba4e39bd9ed4a756/elements - {"using":"xpath","value":"//*[@id=\"__button376\"]"}
RESULT: {"using":"xpath","value":"//*[@id=\"__button376\"]"}
COMMAND: POST /session/b9718e1e48867b0fba4e39bd9ed4a756/elements - {"using":"xpath","value":"//*[@id=\"__button376\"]"}
RESULT: {"using":"xpath","value":"//*[@id=\"__button376\"]"}
COMMAND: POST /session/b9718e1e48867b0fba4e39bd9ed4a756/elements - {"using":"xpath","value":"//*[@id=\"__button376\"]"}
RESULT: {"using":"xpath","value":"//*[@id=\"__button376\"]"}
COMMAND: POST /session/b9718e1e48867b0fba4e39bd9ed4a756/elements - {"using":"xpath","value":"//*[@id=\"__button376\"]"}
RESULT: {"using":"xpath","value":"//*[@id=\"__button376\"]"}
COMMAND: POST /session/b9718e1e48867b0fba4e39bd9ed4a756/elements - {"using":"xpath","value":"//*[@id=\"__button376\"]"}
RESULT: {"using":"xpath","value":"//*[@id=\"__button376\"]"}
COMMAND: POST /session/b9718e1e48867b0fba4e39bd9ed4a756/elements - {"using":"xpath","value":"//*[@id=\"__button376\"]"}
RESULT: {"using":"xpath","value":"//*[@id=\"__button376\"]"}
COMMAND: POST /session/b9718e1e48867b0fba4e39bd9ed4a756/elements - {"using":"xpath","value":"//*[@id=\"__button376\"]"}
RESULT: {"using":"xpath","value":"//*[@id=\"__button376\"]"}
COMMAND: POST /session/b9718e1e48867b0fba4e39bd9ed4a756/elements - {"using":"xpath","value":"//*[@id=\"__button376\"]"}
RESULT: {"using":"xpath","value":"//*[@id=\"__button376\"]"}
COMMAND: POST /session/b9718e1e48867b0fba4e39bd9ed4a756/elements - {"using":"xpath","value":"//*[@id=\"__button376\"]"}
RESULT: {"using":"xpath","value":"//*[@id=\"__button376\"]"}
COMMAND: POST /session/b9718e1e48867b0fba4e39bd9ed4a756/elements - {"using":"xpath","value":"//*[@id=\"__button376\"]"}
RESULT: {"using":"xpath","value":"//*[@id=\"__button376\"]"}
COMMAND: POST /session/b9718e1e48867b0fba4e39bd9ed4a756/elements - {"using":"xpath","value":"//*[@id=\"__button376\"]"}
RESULT: {"using":"xpath","value":"//*[@id=\"__button376\"]"}
COMMAND: POST /session/b9718e1e48867b0fba4e39bd9ed4a756/elements - {"using":"xpath","value":"//*[@id=\"__button376\"]"}
RESULT: {"using":"xpath","value":"//*[@id=\"__button376\"]"}
COMMAND: POST /session/b9718e1e48867b0fba4e39bd9ed4a756/elements - {"using":"xpath","value":"//*[@id=\"__button376\"]"}
RESULT: {"using":"xpath","value":"//*[@id=\"__button376\"]"}
COMMAND: POST /session/b9718e1e48867b0fba4e39bd9ed4a756/elements - {"using":"xpath","value":"//*[@id=\"__button376\"]"}
RESULT: {"using":"xpath","value":"//*[@id=\"__button376\"]"}
COMMAND: POST /session/b9718e1e48867b0fba4e39bd9ed4a756/elements - {"using":"xpath","value":"//*[@id=\"__button376\"]"}
RESULT: {"using":"xpath","value":"//*[@id=\"__button376\"]"}
COMMAND: POST /session/b9718e1e48867b0fba4e39bd9ed4a756/elements - {"using":"xpath","value":"//*[@id=\"__button376\"]"}
RESULT: {"using":"xpath","value":"//*[@id=\"__button376\"]"}
COMMAND: POST /session/b9718e1e48867b0fba4e39bd9ed4a756/elements - {"using":"xpath","value":"//*[@id=\"__button376\"]"}
RESULT: {"using":"xpath","value":"//*[@id=\"__button376\"]"}
COMMAND: POST /session/b9718e1e48867b0fba4e39bd9ed4a756/elements - {"using":"xpath","value":"//*[@id=\"__button376\"]"}
RESULT: {"using":"xpath","value":"//*[@id=\"__button376\"]"}
COMMAND: POST /session/b9718e1e48867b0fba4e39bd9ed4a756/elements - {"using":"xpath","value":"//*[@id=\"__button376\"]"}
RESULT: {"using":"xpath","value":"//*[@id=\"__button376\"]"}
COMMAND: POST /session/b9718e1e48867b0fba4e39bd9ed4a756/elements - {"using":"xpath","value":"//*[@id=\"__button376\"]"}
RESULT: {"using":"xpath","value":"//*[@id=\"__button376\"]"}
COMMAND: POST /session/b9718e1e48867b0fba4e39bd9ed4a756/elements - {"using":"xpath","value":"//*[@id=\"__button376\"]"}
RESULT: {"using":"xpath","value":"//*[@id=\"__button376\"]"}
COMMAND: POST /session/b9718e1e48867b0fba4e39bd9ed4a756/elements - {"using":"xpath","value":"//*[@id=\"__button376\"]"}
RESULT: {"using":"xpath","value":"//*[@id=\"__button376\"]"}
COMMAND: POST /session/b9718e1e48867b0fba4e39bd9ed4a756/elements - {"using":"xpath","value":"//*[@id=\"__button376\"]"}
RESULT: {"using":"xpath","value":"//*[@id=\"__button376\"]"}
COMMAND: POST /session/b9718e1e48867b0fba4e39bd9ed4a756/elements - {"using":"xpath","value":"//*[@id=\"__button376\"]"}
RESULT: {"using":"xpath","value":"//*[@id=\"__button376\"]"}
COMMAND: POST /session/b9718e1e48867b0fba4e39bd9ed4a756/elements - {"using":"xpath","value":"//*[@id=\"__button376\"]"}
RESULT: {"using":"xpath","value":"//*[@id=\"__button376\"]"}
COMMAND: POST /session/b9718e1e48867b0fba4e39bd9ed4a756/elements - {"using":"xpath","value":"//*[@id=\"__button376\"]"}
RESULT: {"using":"xpath","value":"//*[@id=\"__button376\"]"}
COMMAND: POST /session/b9718e1e48867b0fba4e39bd9ed4a756/elements - {"using":"xpath","value":"//*[@id=\"__button376\"]"}
RESULT: {"using":"xpath","value":"//*[@id=\"__button376\"]"}
COMMAND: POST /session/b9718e1e48867b0fba4e39bd9ed4a756/elements - {"using":"xpath","value":"//*[@id=\"__button376\"]"}
RESULT: {"using":"xpath","value":"//*[@id=\"__button376\"]"}
COMMAND: POST /session/b9718e1e48867b0fba4e39bd9ed4a756/elements - {"using":"xpath","value":"//*[@id=\"__button376\"]"}
RESULT: {"using":"xpath","value":"//*[@id=\"__button376\"]"}
COMMAND: POST /session/b9718e1e48867b0fba4e39bd9ed4a756/elements - {"using":"xpath","value":"//*[@id=\"__button376\"]"}
RESULT: {"using":"xpath","value":"//*[@id=\"__button376\"]"}
COMMAND: POST /session/b9718e1e48867b0fba4e39bd9ed4a756/elements - {"using":"xpath","value":"//*[@id=\"__button376\"]"}
RESULT: {"using":"xpath","value":"//*[@id=\"__button376\"]"}
COMMAND: POST /session/b9718e1e48867b0fba4e39bd9ed4a756/elements - {"using":"xpath","value":"//*[@id=\"__button376\"]"}
RESULT: {"using":"xpath","value":"//*[@id=\"__button376\"]"}
COMMAND: POST /session/b9718e1e48867b0fba4e39bd9ed4a756/elements - {"using":"xpath","value":"//*[@id=\"__button376\"]"}
RESULT: {"using":"xpath","value":"//*[@id=\"__button376\"]"}
COMMAND: POST /session/b9718e1e48867b0fba4e39bd9ed4a756/elements - {"using":"xpath","value":"//*[@id=\"__button376\"]"}
RESULT: {"using":"xpath","value":"//*[@id=\"__button376\"]"}
COMMAND: POST /session/b9718e1e48867b0fba4e39bd9ed4a756/elements - {"using":"xpath","value":"//*[@id=\"__button376\"]"}
RESULT: {"using":"xpath","value":"//*[@id=\"__button376\"]"}
COMMAND: POST /session/b9718e1e48867b0fba4e39bd9ed4a756/elements - {"using":"xpath","value":"//*[@id=\"__button376\"]"}
RESULT: {"using":"xpath","value":"//*[@id=\"__button376\"]"}
COMMAND: POST /session/b9718e1e48867b0fba4e39bd9ed4a756/elements - {"using":"xpath","value":"//*[@id=\"__button376\"]"}
RESULT: {"using":"xpath","value":"//*[@id=\"__button376\"]"}
COMMAND: POST /session/b9718e1e48867b0fba4e39bd9ed4a756/elements - {"using":"xpath","value":"//*[@id=\"__button376\"]"}
RESULT: {"using":"xpath","value":"//*[@id=\"__button376\"]"}
COMMAND: POST /session/b9718e1e48867b0fba4e39bd9ed4a756/elements - {"using":"xpath","value":"//*[@id=\"__button376\"]"}
RESULT: {"using":"xpath","value":"//*[@id=\"__button376\"]"}
COMMAND: POST /session/b9718e1e48867b0fba4e39bd9ed4a756/elements - {"using":"xpath","value":"//*[@id=\"__button376\"]"}
RESULT: {"using":"xpath","value":"//*[@id=\"__button376\"]"}
COMMAND: POST /session/b9718e1e48867b0fba4e39bd9ed4a756/elements - {"using":"xpath","value":"//*[@id=\"__button376\"]"}
RESULT: {"using":"xpath","value":"//*[@id=\"__button376\"]"}
COMMAND: POST /session/b9718e1e48867b0fba4e39bd9ed4a756/elements - {"using":"xpath","value":"//*[@id=\"__button376\"]"}
RESULT: {"using":"xpath","value":"//*[@id=\"__button376\"]"}
COMMAND: POST /session/b9718e1e48867b0fba4e39bd9ed4a756/elements - {"using":"xpath","value":"//*[@id=\"__button376\"]"}
RESULT: {"using":"xpath","value":"//*[@id=\"__button376\"]"}
COMMAND: POST /session/b9718e1e48867b0fba4e39bd9ed4a756/elements - {"using":"xpath","value":"//*[@id=\"__button376\"]"}
RESULT: {"using":"xpath","value":"//*[@id=\"__button376\"]"}
COMMAND: POST /session/b9718e1e48867b0fba4e39bd9ed4a756/elements - {"using":"xpath","value":"//*[@id=\"__button376\"]"}
RESULT: {"using":"xpath","value":"//*[@id=\"__button376\"]"}
COMMAND: POST /session/b9718e1e48867b0fba4e39bd9ed4a756/elements - {"using":"xpath","value":"//*[@id=\"__button376\"]"}
RESULT: {"using":"xpath","value":"//*[@id=\"__button376\"]"}
COMMAND: POST /session/b9718e1e48867b0fba4e39bd9ed4a756/elements - {"using":"xpath","value":"//*[@id=\"__button376\"]"}
RESULT: {"using":"xpath","value":"//*[@id=\"__button376\"]"}
COMMAND: POST /session/b9718e1e48867b0fba4e39bd9ed4a756/elements - {"using":"xpath","value":"//*[@id=\"__button376\"]"}
RESULT: {"using":"xpath","value":"//*[@id=\"__button376\"]"}
COMMAND: POST /session/b9718e1e48867b0fba4e39bd9ed4a756/elements - {"using":"xpath","value":"//*[@id=\"__button376\"]"}
RESULT: {"using":"xpath","value":"//*[@id=\"__button376\"]"}
COMMAND: POST /session/b9718e1e48867b0fba4e39bd9ed4a756/elements - {"using":"xpath","value":"//*[@id=\"__button376\"]"}
RESULT: {"using":"xpath","value":"//*[@id=\"__button376\"]"}
COMMAND: POST /session/b9718e1e48867b0fba4e39bd9ed4a756/elements - {"using":"xpath","value":"//*[@id=\"__button376\"]"}
RESULT: {"using":"xpath","value":"//*[@id=\"__button376\"]"}
COMMAND: POST /session/b9718e1e48867b0fba4e39bd9ed4a756/elements - {"using":"xpath","value":"//*[@id=\"__button376\"]"}
RESULT: {"using":"xpath","value":"//*[@id=\"__button376\"]"}
COMMAND: POST /session/b9718e1e48867b0fba4e39bd9ed4a756/elements - {"using":"xpath","value":"//*[@id=\"__button376\"]"}
RESULT: {"using":"xpath","value":"//*[@id=\"__button376\"]"}
COMMAND: POST /session/b9718e1e48867b0fba4e39bd9ed4a756/elements - {"using":"xpath","value":"//*[@id=\"__button376\"]"}
RESULT: {"using":"xpath","value":"//*[@id=\"__button376\"]"}
COMMAND: POST /session/b9718e1e48867b0fba4e39bd9ed4a756/elements - {"using":"xpath","value":"//*[@id=\"__button376\"]"}
RESULT: {"using":"xpath","value":"//*[@id=\"__button376\"]"}
COMMAND: POST /session/b9718e1e48867b0fba4e39bd9ed4a756/elements - {"using":"xpath","value":"//*[@id=\"__button376\"]"}
RESULT: {"using":"xpath","value":"//*[@id=\"__button376\"]"}
COMMAND: POST /session/b9718e1e48867b0fba4e39bd9ed4a756/elements - {"using":"xpath","value":"//*[@id=\"__button376\"]"}
RESULT: {"using":"xpath","value":"//*[@id=\"__button376\"]"}
COMMAND: POST /session/b9718e1e48867b0fba4e39bd9ed4a756/elements - {"using":"xpath","value":"//*[@id=\"__button376\"]"}
RESULT: {"using":"xpath","value":"//*[@id=\"__button376\"]"}
COMMAND: POST /session/b9718e1e48867b0fba4e39bd9ed4a756/elements - {"using":"xpath","value":"//*[@id=\"__button376\"]"}
RESULT: {"using":"xpath","value":"//*[@id=\"__button376\"]"}
COMMAND: POST /session/b9718e1e48867b0fba4e39bd9ed4a756/elements - {"using":"xpath","value":"//*[@id=\"__button376\"]"}
RESULT: {"using":"xpath","value":"//*[@id=\"__button376\"]"}
COMMAND: POST /session/b9718e1e48867b0fba4e39bd9ed4a756/elements - {"using":"xpath","value":"//*[@id=\"__button376\"]"}
RESULT: {"using":"xpath","value":"//*[@id=\"__button376\"]"}
COMMAND: POST /session/b9718e1e48867b0fba4e39bd9ed4a756/elements - {"using":"xpath","value":"//*[@id=\"__button376\"]"}
RESULT: {"using":"xpath","value":"//*[@id=\"__button376\"]"}
COMMAND: POST /session/b9718e1e48867b0fba4e39bd9ed4a756/elements - {"using":"xpath","value":"//*[@id=\"__button376\"]"}
RESULT: {"using":"xpath","value":"//*[@id=\"__button376\"]"}
COMMAND: POST /session/b9718e1e48867b0fba4e39bd9ed4a756/elements - {"using":"xpath","value":"//*[@id=\"__button376\"]"}
RESULT: {"using":"xpath","value":"//*[@id=\"__button376\"]"}
COMMAND: POST /session/b9718e1e48867b0fba4e39bd9ed4a756/elements - {"using":"xpath","value":"//*[@id=\"__button376\"]"}
RESULT: {"using":"xpath","value":"//*[@id=\"__button376\"]"}
COMMAND: POST /session/b9718e1e48867b0fba4e39bd9ed4a756/elements - {"using":"xpath","value":"//*[@id=\"__button376\"]"}
RESULT: {"using":"xpath","value":"//*[@id=\"__button376\"]"}
COMMAND: POST /session/b9718e1e48867b0fba4e39bd9ed4a756/elements - {"using":"xpath","value":"//*[@id=\"__button376\"]"}
RESULT: {"using":"xpath","value":"//*[@id=\"__button376\"]"}
COMMAND: POST /session/b9718e1e48867b0fba4e39bd9ed4a756/elements - {"using":"xpath","value":"//*[@id=\"__button376\"]"}
RESULT: {"using":"xpath","value":"//*[@id=\"__button376\"]"}
COMMAND: POST /session/b9718e1e48867b0fba4e39bd9ed4a756/elements - {"using":"xpath","value":"//*[@id=\"__button376\"]"}
RESULT: {"using":"xpath","value":"//*[@id=\"__button376\"]"}
COMMAND: POST /session/b9718e1e48867b0fba4e39bd9ed4a756/elements - {"using":"xpath","value":"//*[@id=\"__button376\"]"}
RESULT: {"using":"xpath","value":"//*[@id=\"__button376\"]"}
COMMAND: POST /session/b9718e1e48867b0fba4e39bd9ed4a756/elements - {"using":"xpath","value":"//*[@id=\"__button376\"]"}
RESULT: {"using":"xpath","value":"//*[@id=\"__button376\"]"}
COMMAND: POST /session/b9718e1e48867b0fba4e39bd9ed4a756/elements - {"using":"xpath","value":"//*[@id=\"__button376\"]"}
RESULT: {"using":"xpath","value":"//*[@id=\"__button376\"]"}
COMMAND: POST /session/b9718e1e48867b0fba4e39bd9ed4a756/elements - {"using":"xpath","value":"//*[@id=\"__button376\"]"}
RESULT: {"using":"xpath","value":"//*[@id=\"__button376\"]"}
COMMAND: POST /session/b9718e1e48867b0fba4e39bd9ed4a756/elements - {"using":"xpath","value":"//*[@id=\"__button376\"]"}
RESULT: {"using":"xpath","value":"//*[@id=\"__button376\"]"}
COMMAND: POST /session/b9718e1e48867b0fba4e39bd9ed4a756/elements - {"using":"xpath","value":"//*[@id=\"__button376\"]"}
RESULT: {"using":"xpath","value":"//*[@id=\"__button376\"]"}
COMMAND: POST /session/b9718e1e48867b0fba4e39bd9ed4a756/elements - {"using":"xpath","value":"//*[@id=\"__button376\"]"}
RESULT: {"using":"xpath","value":"//*[@id=\"__button376\"]"}
COMMAND: POST /session/b9718e1e48867b0fba4e39bd9ed4a756/elements - {"using":"xpath","value":"//*[@id=\"__button376\"]"}
RESULT: {"using":"xpath","value":"//*[@id=\"__button376\"]"}
COMMAND: POST /session/b9718e1e48867b0fba4e39bd9ed4a756/elements - {"using":"xpath","value":"//*[@id=\"__button376\"]"}
RESULT: {"using":"xpath","value":"//*[@id=\"__button376\"]"}
COMMAND: POST /session/b9718e1e48867b0fba4e39bd9ed4a756/elements - {"using":"xpath","value":"//*[@id=\"__button376\"]"}
RESULT: {"using":"xpath","value":"//*[@id=\"__button376\"]"}
COMMAND: POST /session/b9718e1e48867b0fba4e39bd9ed4a756/elements - {"using":"xpath","value":"//*[@id=\"__button376\"]"}
RESULT: {"using":"xpath","value":"//*[@id=\"__button376\"]"}
COMMAND: POST /session/b9718e1e48867b0fba4e39bd9ed4a756/elements - {"using":"xpath","value":"//*[@id=\"__button376\"]"}
RESULT: {"using":"xpath","value":"//*[@id=\"__button376\"]"}
COMMAND: POST /session/b9718e1e48867b0fba4e39bd9ed4a756/elements - {"using":"xpath","value":"//*[@id=\"__button376\"]"}
RESULT: {"using":"xpath","value":"//*[@id=\"__button376\"]"}
COMMAND: POST /session/b9718e1e48867b0fba4e39bd9ed4a756/elements - {"using":"xpath","value":"//*[@id=\"__button376\"]"}
RESULT: {"using":"xpath","value":"//*[@id=\"__button376\"]"}
COMMAND: POST /session/b9718e1e48867b0fba4e39bd9ed4a756/elements - {"using":"xpath","value":"//*[@id=\"__button376\"]"}
RESULT: {"using":"xpath","value":"//*[@id=\"__button376\"]"}
COMMAND: POST /session/b9718e1e48867b0fba4e39bd9ed4a756/elements - {"using":"xpath","value":"//*[@id=\"__button376\"]"}
RESULT: {"using":"xpath","value":"//*[@id=\"__button376\"]"}
COMMAND: POST /session/b9718e1e48867b0fba4e39bd9ed4a756/elements - {"using":"xpath","value":"//*[@id=\"__button376\"]"}
RESULT: {"using":"xpath","value":"//*[@id=\"__button376\"]"}
COMMAND: POST /session/b9718e1e48867b0fba4e39bd9ed4a756/elements - {"using":"xpath","value":"//*[@id=\"__button376\"]"}
RESULT: {"using":"xpath","value":"//*[@id=\"__button376\"]"}
COMMAND: POST /session/b9718e1e48867b0fba4e39bd9ed4a756/elements - {"using":"xpath","value":"//*[@id=\"__button376\"]"}
RESULT: {"using":"xpath","value":"//*[@id=\"__button376\"]"}
COMMAND: POST /session/b9718e1e48867b0fba4e39bd9ed4a756/elements - {"using":"xpath","value":"//*[@id=\"__button376\"]"}
RESULT: {"using":"xpath","value":"//*[@id=\"__button376\"]"}
COMMAND: POST /session/b9718e1e48867b0fba4e39bd9ed4a756/elements - {"using":"xpath","value":"//*[@id=\"__button376\"]"}
RESULT: {"using":"xpath","value":"//*[@id=\"__button376\"]"}
COMMAND: POST /session/b9718e1e48867b0fba4e39bd9ed4a756/elements - {"using":"xpath","value":"//*[@id=\"__button376\"]"}
RESULT: {"using":"xpath","value":"//*[@id=\"__button376\"]"}
COMMAND: POST /session/b9718e1e48867b0fba4e39bd9ed4a756/elements - {"using":"xpath","value":"//*[@id=\"__button376\"]"}
RESULT: {"using":"xpath","value":"//*[@id=\"__button376\"]"}
COMMAND: POST /session/b9718e1e48867b0fba4e39bd9ed4a756/elements - {"using":"xpath","value":"//*[@id=\"__button376\"]"}
RESULT: {"using":"xpath","value":"//*[@id=\"__button376\"]"}
COMMAND: POST /session/b9718e1e48867b0fba4e39bd9ed4a756/elements - {"using":"xpath","value":"//*[@id=\"__button376\"]"}
RESULT: {"using":"xpath","value":"//*[@id=\"__button376\"]"}
COMMAND: POST /session/b9718e1e48867b0fba4e39bd9ed4a756/elements - {"using":"xpath","value":"//*[@id=\"__button376\"]"}
COMMAND: POST /session/b9718e1e48867b0fba4e39bd9ed4a756/element - {"using":"css selector","value":"#shell-header-logo"}
RESULT: {"using":"xpath","value":"//*[@id=\"__button376\"]"}
RESULT: {"using":"css selector","value":"#shell-header-logo"}
COMMAND: POST /session/b9718e1e48867b0fba4e39bd9ed4a756/execute/sync - {"script":"<script> [8489 bytes]","args":[{"element-6066-11e4-a52e-4f735466cecf":"f.FE1DA32CFDBC8F8C890368A9A93AADEA.d.E18F61EBBB72F736C0B4C5811CE18198.e.15464","ELEMENT":"f.FE1DA32CFDBC8F8C890368A9A93AADEA.d.E18F61EBBB72F736C0B4C5811CE18198.e.15464"}]}
RESULT: {"script":"<script> [8489 bytes]","args":[{"element-6066-11e4-a52e-4f735466cecf":"f.FE1DA32CFDBC8F8C890368A9A93AADEA.d.E18F61EBBB72F736C0B4C5811CE18198.e.15464","ELEMENT":"f.FE1DA32CFDBC8F8C890368A9A93AADEA.d.E18F61EBBB72F736C0B4C5811CE18198.e.15464"}]}
COMMAND: POST /session/b9718e1e48867b0fba4e39bd9ed4a756/execute/sync - {"script":"<script> [5351 bytes]","args":[{"element-6066-11e4-a52e-4f735466cecf":"f.FE1DA32CFDBC8F8C890368A9A93AADEA.d.E18F61EBBB72F736C0B4C5811CE18198.e.15464","ELEMENT":"f.FE1DA32CFDBC8F8C890368A9A93AADEA.d.E18F61EBBB72F736C0B4C5811CE18198.e.15464"}]}
COMMAND: GET /session/b9718e1e48867b0fba4e39bd9ed4a756/screenshot - {}
RESULT: {"script":"<script> [5351 bytes]","args":[{"element-6066-11e4-a52e-4f735466cecf":"f.FE1DA32CFDBC8F8C890368A9A93AADEA.d.E18F61EBBB72F736C0B4C5811CE18198.e.15464","ELEMENT":"f.FE1DA32CFDBC8F8C890368A9A93AADEA.d.E18F61EBBB72F736C0B4C5811CE18198.e.15464"}]}
COMMAND: POST /session/b9718e1e48867b0fba4e39bd9ed4a756/element/f.FE1DA32CFDBC8F8C890368A9A93AADEA.d.E18F61EBBB72F736C0B4C5811CE18198.e.15464/click - {}
COMMAND: GET /session/b9718e1e48867b0fba4e39bd9ed4a756/screenshot - {}
RESULT: {}
RESULT: {}
]]></system-out>
    </testcase>
    <testcase classname="chrome.136_0_7103_93.windows.Performance_based_billing_(work_days)_US139742" name="Should go to Manage Billings and trigger calculation check the conditions applied" time="63.572">
      <system-out><![CDATA[
COMMAND: POST /session/b9718e1e48867b0fba4e39bd9ed4a756/execute/async - {"script":"<script> [1562 bytes]","args":[{"selector":{"controlType":"sap.m.GenericTile","properties":{"header":"Manage Billings"}},"wdio_ui5_key":"sapm.GenericTile{\"header\":\"Manage Billings\"}"}]}
COMMAND: GET /session/b9718e1e48867b0fba4e39bd9ed4a756/screenshot - {}
RESULT: {}
RESULT: {"script":"<script> [1562 bytes]","args":[{"selector":{"controlType":"sap.m.GenericTile","properties":{"header":"Manage Billings"}},"wdio_ui5_key":"sapm.GenericTile{\"header\":\"Manage Billings\"}"}]}
RESULT: undefined
COMMAND: POST /session/b9718e1e48867b0fba4e39bd9ed4a756/element - {"using":"xpath","value":"//*[@id=\"__tile51\"]"}
RESULT: {}
RESULT: {"using":"xpath","value":"//*[@id=\"__tile51\"]"}
COMMAND: POST /session/b9718e1e48867b0fba4e39bd9ed4a756/element/f.FE1DA32CFDBC8F8C890368A9A93AADEA.d.E18F61EBBB72F736C0B4C5811CE18198.e.11668/click - {}
RESULT: {}
COMMAND: GET /session/b9718e1e48867b0fba4e39bd9ed4a756/screenshot - {}
COMMAND: POST /session/b9718e1e48867b0fba4e39bd9ed4a756/elements - {"using":"xpath","value":"//span[text()='Error']"}
RESULT: {}
RESULT: {"using":"xpath","value":"//span[text()='Error']"}
COMMAND: POST /session/b9718e1e48867b0fba4e39bd9ed4a756/execute/async - {"script":"<script> [1562 bytes]","args":[{"selector":{"id":"application-managebillings-display-component---billRunCalcResult--smartFilterBar-btnBasicSearch","interaction":{"idSuffix":"I"}},"wdio_ui5_key":"applicationmanagebillings-display-component---billRunCalcResult--smartFilterBar-btnBasicSearch"}]}
RESULT: {"script":"<script> [1562 bytes]","args":[{"selector":{"id":"application-managebillings-display-component---billRunCalcResult--smartFilterBar-btnBasicSearch","interaction":{"idSuffix":"I"}},"wdio_ui5_key":"applicationmanagebillings-display-component---billRunCalcResult--smartFilterBar-btnBasicSearch"}]}
RESULT: undefined
COMMAND: POST /session/b9718e1e48867b0fba4e39bd9ed4a756/execute/async - {"script":"<script> [776 bytes]","args":[{"enterText":"10339","selector":{"id":"application-managebillings-display-component---billRunCalcResult--smartFilterBar-btnBasicSearch","interaction":{"idSuffix":"I"}},"clearTextFirst":true,"interactionType":"ENTER_TEXT"}]}
RESULT: {"script":"<script> [776 bytes]","args":[{"enterText":"10339","selector":{"id":"application-managebillings-display-component---billRunCalcResult--smartFilterBar-btnBasicSearch","interaction":{"idSuffix":"I"}},"clearTextFirst":true,"interactionType":"ENTER_TEXT"}]}
COMMAND: POST /session/b9718e1e48867b0fba4e39bd9ed4a756/actions - {"actions":[{"id":"action56","type":"key","parameters":{},"actions":[{"type":"keyDown","value":"î€‡"},{"type":"pause","duration":10},{"type":"keyUp","value":"î€‡"}]}]}
RESULT: {"actions":[{"id":"action56","type":"key","parameters":{},"actions":[{"type":"keyDown","value":"î€‡"},{"type":"pause","duration":10},{"type":"keyUp","value":"î€‡"}]}]}
COMMAND: GET /session/b9718e1e48867b0fba4e39bd9ed4a756/screenshot - {}
RESULT: {}
COMMAND: POST /session/b9718e1e48867b0fba4e39bd9ed4a756/element - {"using":"xpath","value":"//td[@aria-colindex=\"1\"]/div/div[contains(@class, \"sapMCbBg\")]"}
RESULT: {"using":"xpath","value":"//td[@aria-colindex=\"1\"]/div/div[contains(@class, \"sapMCbBg\")]"}
COMMAND: POST /session/b9718e1e48867b0fba4e39bd9ed4a756/element/f.FE1DA32CFDBC8F8C890368A9A93AADEA.d.E18F61EBBB72F736C0B4C5811CE18198.e.15872/click - {}
RESULT: {}
COMMAND: GET /session/b9718e1e48867b0fba4e39bd9ed4a756/screenshot - {}
RESULT: {}
COMMAND: POST /session/b9718e1e48867b0fba4e39bd9ed4a756/execute/async - {"script":"<script> [1562 bytes]","args":[{"selector":{"id":"application-managebillings-display-component---billRunCalcResult--contractBillRunDate","interaction":{"idSuffix":"inner"}},"wdio_ui5_key":"applicationmanagebillings-display-component---billRunCalcResult--contractBillRunDate"}]}
RESULT: {"script":"<script> [1562 bytes]","args":[{"selector":{"id":"application-managebillings-display-component---billRunCalcResult--contractBillRunDate","interaction":{"idSuffix":"inner"}},"wdio_ui5_key":"applicationmanagebillings-display-component---billRunCalcResult--contractBillRunDate"}]}
RESULT: undefined
COMMAND: POST /session/b9718e1e48867b0fba4e39bd9ed4a756/execute/async - {"script":"<script> [776 bytes]","args":[{"enterText":"6/17/25","selector":{"id":"application-managebillings-display-component---billRunCalcResult--contractBillRunDate","interaction":{"idSuffix":"inner"}},"clearTextFirst":true,"interactionType":"ENTER_TEXT"}]}
RESULT: {"script":"<script> [776 bytes]","args":[{"enterText":"6/17/25","selector":{"id":"application-managebillings-display-component---billRunCalcResult--contractBillRunDate","interaction":{"idSuffix":"inner"}},"clearTextFirst":true,"interactionType":"ENTER_TEXT"}]}
COMMAND: POST /session/b9718e1e48867b0fba4e39bd9ed4a756/element - {"using":"xpath","value":"//bdi[contains(text(), \"Trigger Calculation\")]"}
RESULT: {"using":"xpath","value":"//bdi[contains(text(), \"Trigger Calculation\")]"}
COMMAND: POST /session/b9718e1e48867b0fba4e39bd9ed4a756/element/f.FE1DA32CFDBC8F8C890368A9A93AADEA.d.E18F61EBBB72F736C0B4C5811CE18198.e.15921/click - {}
RESULT: {}
COMMAND: GET /session/b9718e1e48867b0fba4e39bd9ed4a756/screenshot - {}
RESULT: {}
COMMAND: POST /session/b9718e1e48867b0fba4e39bd9ed4a756/element - {"using":"xpath","value":"(//span[contains(@id, \"imgNav\")])[1]"}
RESULT: {"using":"xpath","value":"(//span[contains(@id, \"imgNav\")])[1]"}
COMMAND: POST /session/b9718e1e48867b0fba4e39bd9ed4a756/element/f.FE1DA32CFDBC8F8C890368A9A93AADEA.d.E18F61EBBB72F736C0B4C5811CE18198.e.15873/click - {}
RESULT: {}
COMMAND: GET /session/b9718e1e48867b0fba4e39bd9ed4a756/screenshot - {}
RESULT: {}
COMMAND: POST /session/b9718e1e48867b0fba4e39bd9ed4a756/element - {"using":"xpath","value":"//tr/td[6]/div[1]/span[1]/span[1]"}
RESULT: {"using":"xpath","value":"//tr/td[6]/div[1]/span[1]/span[1]"}
COMMAND: GET /session/b9718e1e48867b0fba4e39bd9ed4a756/element/f.FE1DA32CFDBC8F8C890368A9A93AADEA.d.E18F61EBBB72F736C0B4C5811CE18198.e.15926/text - {}
RESULT: {}
COMMAND: POST /session/b9718e1e48867b0fba4e39bd9ed4a756/element - {"using":"xpath","value":"(//span[contains(@id, \"imgNav\")])[2]"}
RESULT: {"using":"xpath","value":"(//span[contains(@id, \"imgNav\")])[2]"}
COMMAND: POST /session/b9718e1e48867b0fba4e39bd9ed4a756/element/f.FE1DA32CFDBC8F8C890368A9A93AADEA.d.E18F61EBBB72F736C0B4C5811CE18198.e.15927/click - {}
RESULT: {}
COMMAND: POST /session/b9718e1e48867b0fba4e39bd9ed4a756/element - {"using":"xpath","value":"//bdi[contains(text(), \"Business Confirm\")]"}
COMMAND: GET /session/b9718e1e48867b0fba4e39bd9ed4a756/screenshot - {}
RESULT: {"using":"xpath","value":"//bdi[contains(text(), \"Business Confirm\")]"}
COMMAND: POST /session/b9718e1e48867b0fba4e39bd9ed4a756/elements - {"using":"xpath","value":"//bdi[contains(text(), \"Business Confirm\")]"}
RESULT: {}
RESULT: {"using":"xpath","value":"//bdi[contains(text(), \"Business Confirm\")]"}
COMMAND: POST /session/b9718e1e48867b0fba4e39bd9ed4a756/elements - {"using":"xpath","value":"//bdi[contains(text(), \"Business Confirm\")]"}
RESULT: {"using":"xpath","value":"//bdi[contains(text(), \"Business Confirm\")]"}
COMMAND: POST /session/b9718e1e48867b0fba4e39bd9ed4a756/element - {"using":"xpath","value":"//bdi[contains(text(), \"Business Confirm\")]"}
RESULT: {"using":"xpath","value":"//bdi[contains(text(), \"Business Confirm\")]"}
COMMAND: POST /session/b9718e1e48867b0fba4e39bd9ed4a756/element/f.FE1DA32CFDBC8F8C890368A9A93AADEA.d.E18F61EBBB72F736C0B4C5811CE18198.e.15930/click - {}
COMMAND: POST /session/b9718e1e48867b0fba4e39bd9ed4a756/element - {"using":"xpath","value":"//bdi[contains(text(), \"Business Confirm\")]"}
RESULT: {"using":"xpath","value":"//bdi[contains(text(), \"Business Confirm\")]"}
COMMAND: POST /session/b9718e1e48867b0fba4e39bd9ed4a756/element/f.FE1DA32CFDBC8F8C890368A9A93AADEA.d.E18F61EBBB72F736C0B4C5811CE18198.e.15930/click - {}
COMMAND: POST /session/b9718e1e48867b0fba4e39bd9ed4a756/element - {"using":"xpath","value":"//bdi[contains(text(), \"Business Confirm\")]"}
RESULT: {"using":"xpath","value":"//bdi[contains(text(), \"Business Confirm\")]"}
COMMAND: POST /session/b9718e1e48867b0fba4e39bd9ed4a756/element/f.FE1DA32CFDBC8F8C890368A9A93AADEA.d.E18F61EBBB72F736C0B4C5811CE18198.e.15984/click - {}
RESULT: {}
COMMAND: POST /session/b9718e1e48867b0fba4e39bd9ed4a756/element - {"using":"css selector","value":"#shell-header-logo"}
COMMAND: GET /session/b9718e1e48867b0fba4e39bd9ed4a756/screenshot - {}
RESULT: {"using":"css selector","value":"#shell-header-logo"}
COMMAND: POST /session/b9718e1e48867b0fba4e39bd9ed4a756/element/f.FE1DA32CFDBC8F8C890368A9A93AADEA.d.E18F61EBBB72F736C0B4C5811CE18198.e.15663/click - {}
RESULT: {}
RESULT: {}
COMMAND: GET /session/b9718e1e48867b0fba4e39bd9ed4a756/screenshot - {}
RESULT: {}
COMMAND: POST /session/b9718e1e48867b0fba4e39bd9ed4a756/element - {"using":"css selector","value":"#j_username"}
COMMAND: POST /session/b9718e1e48867b0fba4e39bd9ed4a756/url - {"url":"https://qa-testing-00-live-etm-ui.cfapps.eu10-004.hana.ondemand.com/"}
RESULT: {"using":"css selector","value":"#j_username"}
COMMAND: POST /session/b9718e1e48867b0fba4e39bd9ed4a756/element - {"using":"css selector","value":"#j_username"}
RESULT: {"url":"https://qa-testing-00-live-etm-ui.cfapps.eu10-004.hana.ondemand.com/"}
RESULT: undefined
COMMAND: GET /session/b9718e1e48867b0fba4e39bd9ed4a756/screenshot - {}
RESULT: {"using":"css selector","value":"#j_username"}
COMMAND: POST /session/b9718e1e48867b0fba4e39bd9ed4a756/element - {"using":"css selector","value":"#shell-header-logo"}
RESULT: {}
RESULT: {"using":"css selector","value":"#shell-header-logo"}
COMMAND: POST /session/b9718e1e48867b0fba4e39bd9ed4a756/execute/sync - {"script":"<script> [8489 bytes]","args":[{"element-6066-11e4-a52e-4f735466cecf":"f.FE1DA32CFDBC8F8C890368A9A93AADEA.d.AB3904FC29B8761F26AFA175D92E2682.e.16021","ELEMENT":"f.FE1DA32CFDBC8F8C890368A9A93AADEA.d.AB3904FC29B8761F26AFA175D92E2682.e.16021"}]}
RESULT: {"script":"<script> [8489 bytes]","args":[{"element-6066-11e4-a52e-4f735466cecf":"f.FE1DA32CFDBC8F8C890368A9A93AADEA.d.AB3904FC29B8761F26AFA175D92E2682.e.16021","ELEMENT":"f.FE1DA32CFDBC8F8C890368A9A93AADEA.d.AB3904FC29B8761F26AFA175D92E2682.e.16021"}]}
COMMAND: POST /session/b9718e1e48867b0fba4e39bd9ed4a756/element - {"using":"css selector","value":"#shell-header-logo"}
COMMAND: GET /session/b9718e1e48867b0fba4e39bd9ed4a756/screenshot - {}
RESULT: {"using":"css selector","value":"#shell-header-logo"}
COMMAND: POST /session/b9718e1e48867b0fba4e39bd9ed4a756/execute/sync - {"script":"<script> [8489 bytes]","args":[{"element-6066-11e4-a52e-4f735466cecf":"f.FE1DA32CFDBC8F8C890368A9A93AADEA.d.AB3904FC29B8761F26AFA175D92E2682.e.16021","ELEMENT":"f.FE1DA32CFDBC8F8C890368A9A93AADEA.d.AB3904FC29B8761F26AFA175D92E2682.e.16021"}]}
RESULT: {}
RESULT: {"script":"<script> [8489 bytes]","args":[{"element-6066-11e4-a52e-4f735466cecf":"f.FE1DA32CFDBC8F8C890368A9A93AADEA.d.AB3904FC29B8761F26AFA175D92E2682.e.16021","ELEMENT":"f.FE1DA32CFDBC8F8C890368A9A93AADEA.d.AB3904FC29B8761F26AFA175D92E2682.e.16021"}]}
COMMAND: POST /session/b9718e1e48867b0fba4e39bd9ed4a756/execute/sync - {"script":"<script> [5351 bytes]","args":[{"element-6066-11e4-a52e-4f735466cecf":"f.FE1DA32CFDBC8F8C890368A9A93AADEA.d.AB3904FC29B8761F26AFA175D92E2682.e.16021","ELEMENT":"f.FE1DA32CFDBC8F8C890368A9A93AADEA.d.AB3904FC29B8761F26AFA175D92E2682.e.16021"}]}
COMMAND: GET /session/b9718e1e48867b0fba4e39bd9ed4a756/screenshot - {}
RESULT: {"script":"<script> [5351 bytes]","args":[{"element-6066-11e4-a52e-4f735466cecf":"f.FE1DA32CFDBC8F8C890368A9A93AADEA.d.AB3904FC29B8761F26AFA175D92E2682.e.16021","ELEMENT":"f.FE1DA32CFDBC8F8C890368A9A93AADEA.d.AB3904FC29B8761F26AFA175D92E2682.e.16021"}]}
COMMAND: POST /session/b9718e1e48867b0fba4e39bd9ed4a756/element - {"using":"css selector","value":"#shell-header-logo"}
COMMAND: GET /session/b9718e1e48867b0fba4e39bd9ed4a756/screenshot - {}
RESULT: {}
RESULT: {"using":"css selector","value":"#shell-header-logo"}
COMMAND: POST /session/b9718e1e48867b0fba4e39bd9ed4a756/element/f.FE1DA32CFDBC8F8C890368A9A93AADEA.d.AB3904FC29B8761F26AFA175D92E2682.e.16021/click - {}
RESULT: {}
RESULT: {}
COMMAND: GET /session/b9718e1e48867b0fba4e39bd9ed4a756/screenshot - {}
RESULT: {}
COMMAND: POST /session/b9718e1e48867b0fba4e39bd9ed4a756/execute/async - {"script":"<script> [189 bytes]","args":[]}
RESULT: {"script":"<script> [189 bytes]","args":[]}
COMMAND: POST /session/b9718e1e48867b0fba4e39bd9ed4a756/execute/async - {"script":"<script> [123 bytes]","args":[]}
RESULT: {"script":"<script> [123 bytes]","args":[]}
COMMAND: POST /session/b9718e1e48867b0fba4e39bd9ed4a756/timeouts - {"script":"<number>"}
RESULT: {"script":"<number>"}
COMMAND: GET /session/b9718e1e48867b0fba4e39bd9ed4a756/timeouts - {}
RESULT: {}
RESULT: undefined
COMMAND: POST /session/b9718e1e48867b0fba4e39bd9ed4a756/execute/async - {"script":"<script> [2676 bytes]","args":[]}
RESULT: {"script":"<script> [2676 bytes]","args":[]}
COMMAND: POST /session/b9718e1e48867b0fba4e39bd9ed4a756/execute/async - {"script":"<script> [2342 bytes]","args":[{"protocol":"http","hostname":"0.0.0.0","path":"/","capabilities":{"browserName":"chrome","goog:chromeOptions":{"binary":"C:\\Program Files\\Google\\Chrome\\Application\\chrome.exe","args":["--start-maximized"]}},"logLevel":"warn","connectionRetryTimeout":120000,"connectionRetryCount":3,"logLevels":{},"enableDirectConnect":true,"strictSSL":true,"_":"65 more keys: [\"cacheDir\",\"port\",\"requestedCapabilities\",\"automationProtocol\",\"baseUrl\",\"waitforInterval\",\"waitforTimeout\",\"onReload\",\"beforeCommand\",\"afterCommand\",\"rootDir\",\"specs\",\"suites\",\"exclude\",\"groupLogsByTestSpec\",\"excludeDriverLogs\",\"bail\",\"framework\",\"reporters\",\"services\",\"maxInstances\",\"maxInstancesPerCapability\",\"injectGlobals\",\"filesToWatch\",\"execArgv\",\"runnerEnv\",\"runner\",\"shard\",\"specFileRetries\",\"specFileRetriesDelay\",\"specFileRetriesDeferred\",\"reporterSyncInterval\",\"reporterSyncTimeout\",\"cucumberFeaturesWithLineNumbers\",\"autoCompileOpts\",\"mochaOpts\",\"jasmineOpts\",\"cucumberOpts\",\"onPrepare\",\"onWorkerStart\",\"onWorkerEnd\",\"before\",\"beforeSession\",\"beforeSuite\",\"beforeHook\",\"beforeTest\",\"afterTest\",\"afterHook\",\"afterSuite\",\"afterSession\",\"after\",\"onComplete\",\"beforeAssertion\",\"afterAssertion\",\"beforeFeature\",\"beforeScenario\",\"beforeStep\",\"afterStep\",\"afterScenario\",\"afterFeature\",\"_\",\"suite\",\"$0\",\"ignoredWorkerServices\",\"wdi5\"]"}]}
RESULT: {"script":"<script> [2342 bytes]","args":[{"protocol":"http","hostname":"0.0.0.0","path":"/","capabilities":{"browserName":"chrome","goog:chromeOptions":{"binary":"C:\\Program Files\\Google\\Chrome\\Application\\chrome.exe","args":["--start-maximized"]}},"logLevel":"warn","connectionRetryTimeout":120000,"connectionRetryCount":3,"logLevels":{},"enableDirectConnect":true,"strictSSL":true,"_":"65 more keys: [\"cacheDir\",\"port\",\"requestedCapabilities\",\"automationProtocol\",\"baseUrl\",\"waitforInterval\",\"waitforTimeout\",\"onReload\",\"beforeCommand\",\"afterCommand\",\"rootDir\",\"specs\",\"suites\",\"exclude\",\"groupLogsByTestSpec\",\"excludeDriverLogs\",\"bail\",\"framework\",\"reporters\",\"services\",\"maxInstances\",\"maxInstancesPerCapability\",\"injectGlobals\",\"filesToWatch\",\"execArgv\",\"runnerEnv\",\"runner\",\"shard\",\"specFileRetries\",\"specFileRetriesDelay\",\"specFileRetriesDeferred\",\"reporterSyncInterval\",\"reporterSyncTimeout\",\"cucumberFeaturesWithLineNumbers\",\"autoCompileOpts\",\"mochaOpts\",\"jasmineOpts\",\"cucumberOpts\",\"onPrepare\",\"onWorkerStart\",\"onWorkerEnd\",\"before\",\"beforeSession\",\"beforeSuite\",\"beforeHook\",\"beforeTest\",\"afterTest\",\"afterHook\",\"afterSuite\",\"afterSession\",\"after\",\"onComplete\",\"beforeAssertion\",\"afterAssertion\",\"beforeFeature\",\"beforeScenario\",\"beforeStep\",\"afterStep\",\"afterScenario\",\"afterFeature\",\"_\",\"suite\",\"$0\",\"ignoredWorkerServices\",\"wdi5\"]"}]}
COMMAND: POST /session/b9718e1e48867b0fba4e39bd9ed4a756/execute/async - {"script":"<script> [21126 bytes]","args":[35000]}
RESULT: {"script":"<script> [21126 bytes]","args":[35000]}
COMMAND: POST /session/b9718e1e48867b0fba4e39bd9ed4a756/window/maximize - {}
RESULT: {}
COMMAND: POST /session/b9718e1e48867b0fba4e39bd9ed4a756/execute/async - {"script":"<script> [1562 bytes]","args":[{"selector":{"id":"shell-header","interaction":{"idSuffix":"icon"}},"wdio_ui5_key":"shellheader"}]}
COMMAND: GET /session/b9718e1e48867b0fba4e39bd9ed4a756/screenshot - {}
RESULT: {"script":"<script> [1562 bytes]","args":[{"selector":{"id":"shell-header","interaction":{"idSuffix":"icon"}},"wdio_ui5_key":"shellheader"}]}
RESULT: undefined
COMMAND: POST /session/b9718e1e48867b0fba4e39bd9ed4a756/refresh - {}
RESULT: {}
RESULT: {}
COMMAND: GET /session/b9718e1e48867b0fba4e39bd9ed4a756/screenshot - {}
RESULT: {}
COMMAND: POST /session/b9718e1e48867b0fba4e39bd9ed4a756/refresh - {}
RESULT: {}
COMMAND: GET /session/b9718e1e48867b0fba4e39bd9ed4a756/screenshot - {}
RESULT: {}
COMMAND: POST /session/b9718e1e48867b0fba4e39bd9ed4a756/window/fullscreen - {}
RESULT: {}
COMMAND: POST /session/b9718e1e48867b0fba4e39bd9ed4a756/execute/async - {"script":"<script> [189 bytes]","args":[]}
RESULT: {"script":"<script> [189 bytes]","args":[]}
COMMAND: POST /session/b9718e1e48867b0fba4e39bd9ed4a756/execute/async - {"script":"<script> [123 bytes]","args":[]}
RESULT: {"script":"<script> [123 bytes]","args":[]}
COMMAND: POST /session/b9718e1e48867b0fba4e39bd9ed4a756/timeouts - {"script":"<number>"}
RESULT: {"script":"<number>"}
COMMAND: GET /session/b9718e1e48867b0fba4e39bd9ed4a756/timeouts - {}
RESULT: {}
RESULT: undefined
COMMAND: POST /session/b9718e1e48867b0fba4e39bd9ed4a756/execute/async - {"script":"<script> [2676 bytes]","args":[]}
RESULT: {"script":"<script> [2676 bytes]","args":[]}
COMMAND: POST /session/b9718e1e48867b0fba4e39bd9ed4a756/execute/async - {"script":"<script> [2342 bytes]","args":[{"protocol":"http","hostname":"0.0.0.0","path":"/","capabilities":{"browserName":"chrome","goog:chromeOptions":{"binary":"C:\\Program Files\\Google\\Chrome\\Application\\chrome.exe","args":["--start-maximized"]}},"logLevel":"warn","connectionRetryTimeout":120000,"connectionRetryCount":3,"logLevels":{},"enableDirectConnect":true,"strictSSL":true,"_":"65 more keys: [\"cacheDir\",\"port\",\"requestedCapabilities\",\"automationProtocol\",\"baseUrl\",\"waitforInterval\",\"waitforTimeout\",\"onReload\",\"beforeCommand\",\"afterCommand\",\"rootDir\",\"specs\",\"suites\",\"exclude\",\"groupLogsByTestSpec\",\"excludeDriverLogs\",\"bail\",\"framework\",\"reporters\",\"services\",\"maxInstances\",\"maxInstancesPerCapability\",\"injectGlobals\",\"filesToWatch\",\"execArgv\",\"runnerEnv\",\"runner\",\"shard\",\"specFileRetries\",\"specFileRetriesDelay\",\"specFileRetriesDeferred\",\"reporterSyncInterval\",\"reporterSyncTimeout\",\"cucumberFeaturesWithLineNumbers\",\"autoCompileOpts\",\"mochaOpts\",\"jasmineOpts\",\"cucumberOpts\",\"onPrepare\",\"onWorkerStart\",\"onWorkerEnd\",\"before\",\"beforeSession\",\"beforeSuite\",\"beforeHook\",\"beforeTest\",\"afterTest\",\"afterHook\",\"afterSuite\",\"afterSession\",\"after\",\"onComplete\",\"beforeAssertion\",\"afterAssertion\",\"beforeFeature\",\"beforeScenario\",\"beforeStep\",\"afterStep\",\"afterScenario\",\"afterFeature\",\"_\",\"suite\",\"$0\",\"ignoredWorkerServices\",\"wdi5\"]"}]}
RESULT: {"script":"<script> [2342 bytes]","args":[{"protocol":"http","hostname":"0.0.0.0","path":"/","capabilities":{"browserName":"chrome","goog:chromeOptions":{"binary":"C:\\Program Files\\Google\\Chrome\\Application\\chrome.exe","args":["--start-maximized"]}},"logLevel":"warn","connectionRetryTimeout":120000,"connectionRetryCount":3,"logLevels":{},"enableDirectConnect":true,"strictSSL":true,"_":"65 more keys: [\"cacheDir\",\"port\",\"requestedCapabilities\",\"automationProtocol\",\"baseUrl\",\"waitforInterval\",\"waitforTimeout\",\"onReload\",\"beforeCommand\",\"afterCommand\",\"rootDir\",\"specs\",\"suites\",\"exclude\",\"groupLogsByTestSpec\",\"excludeDriverLogs\",\"bail\",\"framework\",\"reporters\",\"services\",\"maxInstances\",\"maxInstancesPerCapability\",\"injectGlobals\",\"filesToWatch\",\"execArgv\",\"runnerEnv\",\"runner\",\"shard\",\"specFileRetries\",\"specFileRetriesDelay\",\"specFileRetriesDeferred\",\"reporterSyncInterval\",\"reporterSyncTimeout\",\"cucumberFeaturesWithLineNumbers\",\"autoCompileOpts\",\"mochaOpts\",\"jasmineOpts\",\"cucumberOpts\",\"onPrepare\",\"onWorkerStart\",\"onWorkerEnd\",\"before\",\"beforeSession\",\"beforeSuite\",\"beforeHook\",\"beforeTest\",\"afterTest\",\"afterHook\",\"afterSuite\",\"afterSession\",\"after\",\"onComplete\",\"beforeAssertion\",\"afterAssertion\",\"beforeFeature\",\"beforeScenario\",\"beforeStep\",\"afterStep\",\"afterScenario\",\"afterFeature\",\"_\",\"suite\",\"$0\",\"ignoredWorkerServices\",\"wdi5\"]"}]}
COMMAND: POST /session/b9718e1e48867b0fba4e39bd9ed4a756/execute/async - {"script":"<script> [21126 bytes]","args":[35000]}
RESULT: {"script":"<script> [21126 bytes]","args":[35000]}
]]></system-out>
    </testcase>
  </testsuite>
  <testsuite timestamp="2025-05-17T18:02:16" time="1458.096" tests="20" failures="0" errors="0" skipped="0">
    <properties>
      <property name="specId" value="0" />
      <property name="suiteName" value="Billing Calculation - Time based (considering transport times) US139738" />
      <property name="capabilities" value="chrome.136_0_7103_93.windows" />
      <property name="file" value="file:///D:/a/1/s/test/specs/BTS/billing-calculation-transp-times.spec.js" />
    </properties>
    <testcase classname="chrome.136_0_7103_93.windows.Billing_Calculation_-_Time_based_(considering_transport_times)_US139738" name="Should create a new yard" time="0.025">
      <system-out><![CDATA[
COMMAND: POST /session/b9718e1e48867b0fba4e39bd9ed4a756/window/fullscreen - {}
RESULT: {}
]]></system-out>
    </testcase>
    <testcase classname="chrome.136_0_7103_93.windows.Billing_Calculation_-_Time_based_(considering_transport_times)_US139738" name="Should create a new partner" time="0.004" />
    <testcase classname="chrome.136_0_7103_93.windows.Billing_Calculation_-_Time_based_(considering_transport_times)_US139738" name="Should create a new site" time="0.004" />
    <testcase classname="chrome.136_0_7103_93.windows.Billing_Calculation_-_Time_based_(considering_transport_times)_US139738" name="Should create the equipment" time="141.954">
      <system-out><![CDATA[
COMMAND: POST /session/b9718e1e48867b0fba4e39bd9ed4a756/execute/async - {"script":"<script> [1562 bytes]","args":[{"selector":{"controlType":"sap.m.GenericTile","properties":{"header":"Manage Resources"}},"wdio_ui5_key":"sapm.GenericTile{\"header\":\"Manage Resources\"}"}]}
RESULT: {"script":"<script> [1562 bytes]","args":[{"selector":{"controlType":"sap.m.GenericTile","properties":{"header":"Manage Resources"}},"wdio_ui5_key":"sapm.GenericTile{\"header\":\"Manage Resources\"}"}]}
RESULT: undefined
COMMAND: POST /session/b9718e1e48867b0fba4e39bd9ed4a756/element - {"using":"xpath","value":"//*[@id=\"__tile39\"]"}
RESULT: {"using":"xpath","value":"//*[@id=\"__tile39\"]"}
COMMAND: POST /session/b9718e1e48867b0fba4e39bd9ed4a756/element/f.FE1DA32CFDBC8F8C890368A9A93AADEA.d.30701D24633223539B4E6AC0AFE0A22A.e.16176/click - {}
RESULT: {}
COMMAND: GET /session/b9718e1e48867b0fba4e39bd9ed4a756/screenshot - {}
RESULT: {}
COMMAND: POST /session/b9718e1e48867b0fba4e39bd9ed4a756/elements - {"using":"xpath","value":"//span[text()='Error']"}
RESULT: {"using":"xpath","value":"//span[text()='Error']"}
COMMAND: POST /session/b9718e1e48867b0fba4e39bd9ed4a756/element - {"using":"xpath","value":"//button[@data-kt=\"addNewRUOverflowToolbarButton\"]"}
RESULT: {"using":"xpath","value":"//button[@data-kt=\"addNewRUOverflowToolbarButton\"]"}
COMMAND: POST /session/b9718e1e48867b0fba4e39bd9ed4a756/elements - {"using":"xpath","value":"//button[@data-kt=\"addNewRUOverflowToolbarButton\"]"}
RESULT: {"using":"xpath","value":"//button[@data-kt=\"addNewRUOverflowToolbarButton\"]"}
COMMAND: POST /session/b9718e1e48867b0fba4e39bd9ed4a756/elements - {"using":"xpath","value":"//button[@data-kt=\"addNewRUOverflowToolbarButton\"]"}
RESULT: {"using":"xpath","value":"//button[@data-kt=\"addNewRUOverflowToolbarButton\"]"}
COMMAND: POST /session/b9718e1e48867b0fba4e39bd9ed4a756/elements - {"using":"xpath","value":"//button[@data-kt=\"addNewRUOverflowToolbarButton\"]"}
RESULT: {"using":"xpath","value":"//button[@data-kt=\"addNewRUOverflowToolbarButton\"]"}
COMMAND: POST /session/b9718e1e48867b0fba4e39bd9ed4a756/elements - {"using":"xpath","value":"//button[@data-kt=\"addNewRUOverflowToolbarButton\"]"}
RESULT: {"using":"xpath","value":"//button[@data-kt=\"addNewRUOverflowToolbarButton\"]"}
COMMAND: POST /session/b9718e1e48867b0fba4e39bd9ed4a756/elements - {"using":"xpath","value":"//button[@data-kt=\"addNewRUOverflowToolbarButton\"]"}
RESULT: {"using":"xpath","value":"//button[@data-kt=\"addNewRUOverflowToolbarButton\"]"}
COMMAND: POST /session/b9718e1e48867b0fba4e39bd9ed4a756/elements - {"using":"xpath","value":"//button[@data-kt=\"addNewRUOverflowToolbarButton\"]"}
RESULT: {"using":"xpath","value":"//button[@data-kt=\"addNewRUOverflowToolbarButton\"]"}
COMMAND: POST /session/b9718e1e48867b0fba4e39bd9ed4a756/elements - {"using":"xpath","value":"//button[@data-kt=\"addNewRUOverflowToolbarButton\"]"}
RESULT: {"using":"xpath","value":"//button[@data-kt=\"addNewRUOverflowToolbarButton\"]"}
COMMAND: POST /session/b9718e1e48867b0fba4e39bd9ed4a756/elements - {"using":"xpath","value":"//button[@data-kt=\"addNewRUOverflowToolbarButton\"]"}
RESULT: {"using":"xpath","value":"//button[@data-kt=\"addNewRUOverflowToolbarButton\"]"}
COMMAND: POST /session/b9718e1e48867b0fba4e39bd9ed4a756/elements - {"using":"xpath","value":"//button[@data-kt=\"addNewRUOverflowToolbarButton\"]"}
RESULT: {"using":"xpath","value":"//button[@data-kt=\"addNewRUOverflowToolbarButton\"]"}
COMMAND: POST /session/b9718e1e48867b0fba4e39bd9ed4a756/elements - {"using":"xpath","value":"//button[@data-kt=\"addNewRUOverflowToolbarButton\"]"}
RESULT: {"using":"xpath","value":"//button[@data-kt=\"addNewRUOverflowToolbarButton\"]"}
COMMAND: POST /session/b9718e1e48867b0fba4e39bd9ed4a756/element - {"using":"xpath","value":"//button[@data-kt=\"addNewRUOverflowToolbarButton\"]"}
RESULT: {"using":"xpath","value":"//button[@data-kt=\"addNewRUOverflowToolbarButton\"]"}
COMMAND: POST /session/b9718e1e48867b0fba4e39bd9ed4a756/execute/sync - {"script":"<script> [8489 bytes]","args":[{"element-6066-11e4-a52e-4f735466cecf":"f.FE1DA32CFDBC8F8C890368A9A93AADEA.d.30701D24633223539B4E6AC0AFE0A22A.e.16328","ELEMENT":"f.FE1DA32CFDBC8F8C890368A9A93AADEA.d.30701D24633223539B4E6AC0AFE0A22A.e.16328"}]}
RESULT: {"script":"<script> [8489 bytes]","args":[{"element-6066-11e4-a52e-4f735466cecf":"f.FE1DA32CFDBC8F8C890368A9A93AADEA.d.30701D24633223539B4E6AC0AFE0A22A.e.16328","ELEMENT":"f.FE1DA32CFDBC8F8C890368A9A93AADEA.d.30701D24633223539B4E6AC0AFE0A22A.e.16328"}]}
COMMAND: GET /session/b9718e1e48867b0fba4e39bd9ed4a756/element/f.FE1DA32CFDBC8F8C890368A9A93AADEA.d.30701D24633223539B4E6AC0AFE0A22A.e.16328/enabled - {}
COMMAND: GET /session/b9718e1e48867b0fba4e39bd9ed4a756/screenshot - {}
RESULT: {}
COMMAND: POST /session/b9718e1e48867b0fba4e39bd9ed4a756/execute/sync - {"script":"<script> [8489 bytes]","args":[{"element-6066-11e4-a52e-4f735466cecf":"f.FE1DA32CFDBC8F8C890368A9A93AADEA.d.30701D24633223539B4E6AC0AFE0A22A.e.16328","ELEMENT":"f.FE1DA32CFDBC8F8C890368A9A93AADEA.d.30701D24633223539B4E6AC0AFE0A22A.e.16328"}]}
COMMAND: GET /session/b9718e1e48867b0fba4e39bd9ed4a756/screenshot - {}
RESULT: {}
RESULT: {"script":"<script> [8489 bytes]","args":[{"element-6066-11e4-a52e-4f735466cecf":"f.FE1DA32CFDBC8F8C890368A9A93AADEA.d.30701D24633223539B4E6AC0AFE0A22A.e.16328","ELEMENT":"f.FE1DA32CFDBC8F8C890368A9A93AADEA.d.30701D24633223539B4E6AC0AFE0A22A.e.16328"}]}
COMMAND: POST /session/b9718e1e48867b0fba4e39bd9ed4a756/execute/sync - {"script":"<script> [5351 bytes]","args":[{"element-6066-11e4-a52e-4f735466cecf":"f.FE1DA32CFDBC8F8C890368A9A93AADEA.d.30701D24633223539B4E6AC0AFE0A22A.e.16328","ELEMENT":"f.FE1DA32CFDBC8F8C890368A9A93AADEA.d.30701D24633223539B4E6AC0AFE0A22A.e.16328"}]}
COMMAND: GET /session/b9718e1e48867b0fba4e39bd9ed4a756/screenshot - {}
RESULT: {}
RESULT: {"script":"<script> [5351 bytes]","args":[{"element-6066-11e4-a52e-4f735466cecf":"f.FE1DA32CFDBC8F8C890368A9A93AADEA.d.30701D24633223539B4E6AC0AFE0A22A.e.16328","ELEMENT":"f.FE1DA32CFDBC8F8C890368A9A93AADEA.d.30701D24633223539B4E6AC0AFE0A22A.e.16328"}]}
COMMAND: POST /session/b9718e1e48867b0fba4e39bd9ed4a756/element/f.FE1DA32CFDBC8F8C890368A9A93AADEA.d.30701D24633223539B4E6AC0AFE0A22A.e.16328/click - {}
COMMAND: GET /session/b9718e1e48867b0fba4e39bd9ed4a756/screenshot - {}
RESULT: {}
RESULT: {}
COMMAND: GET /session/b9718e1e48867b0fba4e39bd9ed4a756/screenshot - {}
RESULT: {}
COMMAND: POST /session/b9718e1e48867b0fba4e39bd9ed4a756/execute/async - {"script":"<script> [1562 bytes]","args":[{"selector":{"id":"application-manageresources-display-component---newResourceUnit--TYPE-arrow"},"wdio_ui5_key":"applicationmanageresources-display-component---newResourceUnit--TYPE-arrow"}]}
RESULT: {}
RESULT: {"script":"<script> [1562 bytes]","args":[{"selector":{"id":"application-manageresources-display-component---newResourceUnit--TYPE-arrow"},"wdio_ui5_key":"applicationmanageresources-display-component---newResourceUnit--TYPE-arrow"}]}
RESULT: undefined
COMMAND: POST /session/b9718e1e48867b0fba4e39bd9ed4a756/element - {"using":"xpath","value":"//*[@id=\"application-manageresources-display-component---newResourceUnit--TYPE-arrow\"]"}
RESULT: {"using":"xpath","value":"//*[@id=\"application-manageresources-display-component---newResourceUnit--TYPE-arrow\"]"}
COMMAND: POST /session/b9718e1e48867b0fba4e39bd9ed4a756/element/f.FE1DA32CFDBC8F8C890368A9A93AADEA.d.30701D24633223539B4E6AC0AFE0A22A.e.16721/click - {}
RESULT: {}
COMMAND: POST /session/b9718e1e48867b0fba4e39bd9ed4a756/element - {"using":"xpath","value":"//input[@id=\"application-manageresources-display-component---newResourceUnit--TYPE-inner\"]"}
COMMAND: GET /session/b9718e1e48867b0fba4e39bd9ed4a756/screenshot - {}
RESULT: {"using":"xpath","value":"//input[@id=\"application-manageresources-display-component---newResourceUnit--TYPE-inner\"]"}
COMMAND: POST /session/b9718e1e48867b0fba4e39bd9ed4a756/element/f.FE1DA32CFDBC8F8C890368A9A93AADEA.d.30701D24633223539B4E6AC0AFE0A22A.e.16646/clear - {}
RESULT: {}
RESULT: {}
COMMAND: POST /session/b9718e1e48867b0fba4e39bd9ed4a756/element/f.FE1DA32CFDBC8F8C890368A9A93AADEA.d.30701D24633223539B4E6AC0AFE0A22A.e.16646/value - {"text":"Equipment"}
COMMAND: GET /session/b9718e1e48867b0fba4e39bd9ed4a756/screenshot - {}
RESULT: {"text":"Equipment"}
COMMAND: GET /session/b9718e1e48867b0fba4e39bd9ed4a756/screenshot - {}
RESULT: {}
RESULT: {}
COMMAND: POST /session/b9718e1e48867b0fba4e39bd9ed4a756/actions - {"actions":[{"id":"action57","type":"key","parameters":{},"actions":[{"type":"keyDown","value":"î€‡"},{"type":"pause","duration":10},{"type":"keyUp","value":"î€‡"}]}]}
RESULT: {"actions":[{"id":"action57","type":"key","parameters":{},"actions":[{"type":"keyDown","value":"î€‡"},{"type":"pause","duration":10},{"type":"keyUp","value":"î€‡"}]}]}
COMMAND: POST /session/b9718e1e48867b0fba4e39bd9ed4a756/execute/async - {"script":"<script> [1562 bytes]","args":[{"selector":{"id":"application-manageresources-display-component---newResourceUnit--resourceId","interaction":{"idSuffix":"inner"}},"wdio_ui5_key":"applicationmanageresources-display-component---newResourceUnit--resourceId"}]}
COMMAND: GET /session/b9718e1e48867b0fba4e39bd9ed4a756/screenshot - {}
RESULT: {"script":"<script> [1562 bytes]","args":[{"selector":{"id":"application-manageresources-display-component---newResourceUnit--resourceId","interaction":{"idSuffix":"inner"}},"wdio_ui5_key":"applicationmanageresources-display-component---newResourceUnit--resourceId"}]}
RESULT: undefined
COMMAND: POST /session/b9718e1e48867b0fba4e39bd9ed4a756/execute/async - {"script":"<script> [776 bytes]","args":[{"enterText":"26lYY46MEc","selector":{"id":"application-manageresources-display-component---newResourceUnit--resourceId","interaction":{"idSuffix":"inner"}},"clearTextFirst":true,"interactionType":"ENTER_TEXT"}]}
RESULT: {}
RESULT: {"script":"<script> [776 bytes]","args":[{"enterText":"26lYY46MEc","selector":{"id":"application-manageresources-display-component---newResourceUnit--resourceId","interaction":{"idSuffix":"inner"}},"clearTextFirst":true,"interactionType":"ENTER_TEXT"}]}
COMMAND: POST /session/b9718e1e48867b0fba4e39bd9ed4a756/execute/async - {"script":"<script> [1562 bytes]","args":[{"selector":{"id":"application-manageresources-display-component---newResourceUnit--SHORT_TEXT","interaction":{"idSuffix":"inner"}},"wdio_ui5_key":"applicationmanageresources-display-component---newResourceUnit--SHORT_TEXT"}]}
RESULT: {"script":"<script> [1562 bytes]","args":[{"selector":{"id":"application-manageresources-display-component---newResourceUnit--SHORT_TEXT","interaction":{"idSuffix":"inner"}},"wdio_ui5_key":"applicationmanageresources-display-component---newResourceUnit--SHORT_TEXT"}]}
RESULT: undefined
COMMAND: POST /session/b9718e1e48867b0fba4e39bd9ed4a756/execute/async - {"script":"<script> [776 bytes]","args":[{"enterText":"Intercompany Equipment WDIO","selector":{"id":"application-manageresources-display-component---newResourceUnit--SHORT_TEXT","interaction":{"idSuffix":"inner"}},"clearTextFirst":true,"interactionType":"ENTER_TEXT"}]}
RESULT: {"script":"<script> [776 bytes]","args":[{"enterText":"Intercompany Equipment WDIO","selector":{"id":"application-manageresources-display-component---newResourceUnit--SHORT_TEXT","interaction":{"idSuffix":"inner"}},"clearTextFirst":true,"interactionType":"ENTER_TEXT"}]}
COMMAND: POST /session/b9718e1e48867b0fba4e39bd9ed4a756/execute/async - {"script":"<script> [1562 bytes]","args":[{"selector":{"id":"application-manageresources-display-component---newResourceUnit--BASE_UNIT_OF_MEASURE","interaction":{"idSuffix":"inner"}},"wdio_ui5_key":"applicationmanageresources-display-component---newResourceUnit--BASE_UNIT_OF_MEASURE"}]}
RESULT: {"script":"<script> [1562 bytes]","args":[{"selector":{"id":"application-manageresources-display-component---newResourceUnit--BASE_UNIT_OF_MEASURE","interaction":{"idSuffix":"inner"}},"wdio_ui5_key":"applicationmanageresources-display-component---newResourceUnit--BASE_UNIT_OF_MEASURE"}]}
RESULT: undefined
COMMAND: POST /session/b9718e1e48867b0fba4e39bd9ed4a756/execute/async - {"script":"<script> [776 bytes]","args":[{"enterText":"Piece","selector":{"id":"application-manageresources-display-component---newResourceUnit--BASE_UNIT_OF_MEASURE","interaction":{"idSuffix":"inner"}},"clearTextFirst":true,"interactionType":"ENTER_TEXT"}]}
RESULT: {"script":"<script> [776 bytes]","args":[{"enterText":"Piece","selector":{"id":"application-manageresources-display-component---newResourceUnit--BASE_UNIT_OF_MEASURE","interaction":{"idSuffix":"inner"}},"clearTextFirst":true,"interactionType":"ENTER_TEXT"}]}
COMMAND: POST /session/b9718e1e48867b0fba4e39bd9ed4a756/execute/async - {"script":"<script> [1562 bytes]","args":[{"selector":{"id":"application-manageresources-display-component---newResourceUnit--WEIGHT_UNIT","interaction":{"idSuffix":"inner"}},"wdio_ui5_key":"applicationmanageresources-display-component---newResourceUnit--WEIGHT_UNIT"}]}
RESULT: {"script":"<script> [1562 bytes]","args":[{"selector":{"id":"application-manageresources-display-component---newResourceUnit--WEIGHT_UNIT","interaction":{"idSuffix":"inner"}},"wdio_ui5_key":"applicationmanageresources-display-component---newResourceUnit--WEIGHT_UNIT"}]}
RESULT: undefined
COMMAND: POST /session/b9718e1e48867b0fba4e39bd9ed4a756/execute/async - {"script":"<script> [776 bytes]","args":[{"enterText":"Gram","selector":{"id":"application-manageresources-display-component---newResourceUnit--WEIGHT_UNIT","interaction":{"idSuffix":"inner"}},"clearTextFirst":true,"interactionType":"ENTER_TEXT"}]}
RESULT: {"script":"<script> [776 bytes]","args":[{"enterText":"Gram","selector":{"id":"application-manageresources-display-component---newResourceUnit--WEIGHT_UNIT","interaction":{"idSuffix":"inner"}},"clearTextFirst":true,"interactionType":"ENTER_TEXT"}]}
COMMAND: POST /session/b9718e1e48867b0fba4e39bd9ed4a756/execute/async - {"script":"<script> [1562 bytes]","args":[{"selector":{"id":"application-manageresources-display-component---newResourceUnit--DIMENSION_UNIT","interaction":{"idSuffix":"inner"}},"wdio_ui5_key":"applicationmanageresources-display-component---newResourceUnit--DIMENSION_UNIT"}]}
RESULT: {"script":"<script> [1562 bytes]","args":[{"selector":{"id":"application-manageresources-display-component---newResourceUnit--DIMENSION_UNIT","interaction":{"idSuffix":"inner"}},"wdio_ui5_key":"applicationmanageresources-display-component---newResourceUnit--DIMENSION_UNIT"}]}
RESULT: undefined
COMMAND: POST /session/b9718e1e48867b0fba4e39bd9ed4a756/execute/async - {"script":"<script> [776 bytes]","args":[{"enterText":"Meter","selector":{"id":"application-manageresources-display-component---newResourceUnit--DIMENSION_UNIT","interaction":{"idSuffix":"inner"}},"clearTextFirst":true,"interactionType":"ENTER_TEXT"}]}
RESULT: {"script":"<script> [776 bytes]","args":[{"enterText":"Meter","selector":{"id":"application-manageresources-display-component---newResourceUnit--DIMENSION_UNIT","interaction":{"idSuffix":"inner"}},"clearTextFirst":true,"interactionType":"ENTER_TEXT"}]}
COMMAND: POST /session/b9718e1e48867b0fba4e39bd9ed4a756/execute/async - {"script":"<script> [1562 bytes]","args":[{"selector":{"id":"application-manageresources-display-component---newResourceUnit--newRRUPage-anchBar-application-manageresources-display-component---newResourceUnit--control-anchor","interaction":{"idSuffix":"BDI-content"}},"wdio_ui5_key":"applicationmanageresources-display-component---newResourceUnit--newRRUPage-anchBar-application-manageresources-display-component---newResourceUnit--control-anchor"}]}
RESULT: {"script":"<script> [1562 bytes]","args":[{"selector":{"id":"application-manageresources-display-component---newResourceUnit--newRRUPage-anchBar-application-manageresources-display-component---newResourceUnit--control-anchor","interaction":{"idSuffix":"BDI-content"}},"wdio_ui5_key":"applicationmanageresources-display-component---newResourceUnit--newRRUPage-anchBar-application-manageresources-display-component---newResourceUnit--control-anchor"}]}
RESULT: undefined
COMMAND: POST /session/b9718e1e48867b0fba4e39bd9ed4a756/element - {"using":"xpath","value":"//*[@id=\"application-manageresources-display-component---newResourceUnit--newRRUPage-anchBar-application-manageresources-display-component---newResourceUnit--control-anchor\"]"}
RESULT: {"using":"xpath","value":"//*[@id=\"application-manageresources-display-component---newResourceUnit--newRRUPage-anchBar-application-manageresources-display-component---newResourceUnit--control-anchor\"]"}
COMMAND: POST /session/b9718e1e48867b0fba4e39bd9ed4a756/element/f.FE1DA32CFDBC8F8C890368A9A93AADEA.d.30701D24633223539B4E6AC0AFE0A22A.e.16855/click - {}
RESULT: {}
COMMAND: POST /session/b9718e1e48867b0fba4e39bd9ed4a756/execute/async - {"script":"<script> [1562 bytes]","args":[{"selector":{"id":"application-manageresources-display-component---newResourceUnit--PLANNING_GROUP","interaction":{"idSuffix":"inner"}},"wdio_ui5_key":"applicationmanageresources-display-component---newResourceUnit--PLANNING_GROUP"}]}
COMMAND: GET /session/b9718e1e48867b0fba4e39bd9ed4a756/screenshot - {}
RESULT: {"script":"<script> [1562 bytes]","args":[{"selector":{"id":"application-manageresources-display-component---newResourceUnit--PLANNING_GROUP","interaction":{"idSuffix":"inner"}},"wdio_ui5_key":"applicationmanageresources-display-component---newResourceUnit--PLANNING_GROUP"}]}
RESULT: undefined
COMMAND: POST /session/b9718e1e48867b0fba4e39bd9ed4a756/execute/async - {"script":"<script> [776 bytes]","args":[{"enterText":"Heavy Equi","selector":{"id":"application-manageresources-display-component---newResourceUnit--PLANNING_GROUP","interaction":{"idSuffix":"inner"}},"clearTextFirst":true,"interactionType":"ENTER_TEXT"}]}
RESULT: {}
RESULT: {"script":"<script> [776 bytes]","args":[{"enterText":"Heavy Equi","selector":{"id":"application-manageresources-display-component---newResourceUnit--PLANNING_GROUP","interaction":{"idSuffix":"inner"}},"clearTextFirst":true,"interactionType":"ENTER_TEXT"}]}
COMMAND: POST /session/b9718e1e48867b0fba4e39bd9ed4a756/execute/async - {"script":"<script> [1562 bytes]","args":[{"selector":{"id":"application-manageresources-display-component---newResourceUnit--ITEM_TYPE-arrow"},"wdio_ui5_key":"applicationmanageresources-display-component---newResourceUnit--ITEM_TYPE-arrow"}]}
RESULT: {"script":"<script> [1562 bytes]","args":[{"selector":{"id":"application-manageresources-display-component---newResourceUnit--ITEM_TYPE-arrow"},"wdio_ui5_key":"applicationmanageresources-display-component---newResourceUnit--ITEM_TYPE-arrow"}]}
RESULT: undefined
COMMAND: POST /session/b9718e1e48867b0fba4e39bd9ed4a756/element - {"using":"xpath","value":"//*[@id=\"application-manageresources-display-component---newResourceUnit--ITEM_TYPE-arrow\"]"}
RESULT: {"using":"xpath","value":"//*[@id=\"application-manageresources-display-component---newResourceUnit--ITEM_TYPE-arrow\"]"}
COMMAND: POST /session/b9718e1e48867b0fba4e39bd9ed4a756/element/f.FE1DA32CFDBC8F8C890368A9A93AADEA.d.30701D24633223539B4E6AC0AFE0A22A.e.16862/click - {}
RESULT: {}
COMMAND: POST /session/b9718e1e48867b0fba4e39bd9ed4a756/element - {"using":"xpath","value":"(//span[contains(text(), \"Resource Unit\")])[2]"}
COMMAND: GET /session/b9718e1e48867b0fba4e39bd9ed4a756/screenshot - {}
RESULT: {"using":"xpath","value":"(//span[contains(text(), \"Resource Unit\")])[2]"}
COMMAND: POST /session/b9718e1e48867b0fba4e39bd9ed4a756/element/f.FE1DA32CFDBC8F8C890368A9A93AADEA.d.30701D24633223539B4E6AC0AFE0A22A.e.16863/click - {}
RESULT: {}
RESULT: {}
COMMAND: GET /session/b9718e1e48867b0fba4e39bd9ed4a756/screenshot - {}
RESULT: {}
COMMAND: POST /session/b9718e1e48867b0fba4e39bd9ed4a756/element - {"using":"css selector","value":"#application-manageresources-display-component---newResourceUnit--btnAddTimeSegment"}
RESULT: {"using":"css selector","value":"#application-manageresources-display-component---newResourceUnit--btnAddTimeSegment"}
COMMAND: GET /session/b9718e1e48867b0fba4e39bd9ed4a756/element/f.FE1DA32CFDBC8F8C890368A9A93AADEA.d.30701D24633223539B4E6AC0AFE0A22A.e.16864/rect - {}
RESULT: {}
COMMAND: GET /session/b9718e1e48867b0fba4e39bd9ed4a756/window/rect - {}
RESULT: {}
COMMAND: POST /session/b9718e1e48867b0fba4e39bd9ed4a756/execute/sync - {"script":"<script> [92 bytes]","args":[]}
RESULT: {"script":"<script> [92 bytes]","args":[]}
COMMAND: POST /session/b9718e1e48867b0fba4e39bd9ed4a756/actions - {"actions":[{"id":"action58","type":"wheel","parameters":{},"actions":[{"type":"scroll","x":-1888,"y":-32,"deltaX":0,"deltaY":0,"duration":0,"origin":{"element-6066-11e4-a52e-4f735466cecf":"f.FE1DA32CFDBC8F8C890368A9A93AADEA.d.30701D24633223539B4E6AC0AFE0A22A.e.16864"}}]}]}
COMMAND: GET /session/b9718e1e48867b0fba4e39bd9ed4a756/screenshot - {}
RESULT: {}
COMMAND: POST /session/b9718e1e48867b0fba4e39bd9ed4a756/execute/sync - {"script":"<script> [79 bytes]","args":[{"element-6066-11e4-a52e-4f735466cecf":"f.FE1DA32CFDBC8F8C890368A9A93AADEA.d.30701D24633223539B4E6AC0AFE0A22A.e.16864","ELEMENT":"f.FE1DA32CFDBC8F8C890368A9A93AADEA.d.30701D24633223539B4E6AC0AFE0A22A.e.16864"},{"block":"start","inline":"nearest"}]}
RESULT: {"script":"<script> [79 bytes]","args":[{"element-6066-11e4-a52e-4f735466cecf":"f.FE1DA32CFDBC8F8C890368A9A93AADEA.d.30701D24633223539B4E6AC0AFE0A22A.e.16864","ELEMENT":"f.FE1DA32CFDBC8F8C890368A9A93AADEA.d.30701D24633223539B4E6AC0AFE0A22A.e.16864"},{"block":"start","inline":"nearest"}]}
COMMAND: POST /session/b9718e1e48867b0fba4e39bd9ed4a756/execute/async - {"script":"<script> [1562 bytes]","args":[{"selector":{"id":"application-manageresources-display-component---newResourceUnit--btnAddTimeSegment","interaction":{"idSuffix":"inner"}},"wdio_ui5_key":"applicationmanageresources-display-component---newResourceUnit--btnAddTimeSegment"}]}
COMMAND: GET /session/b9718e1e48867b0fba4e39bd9ed4a756/screenshot - {}
RESULT: {"script":"<script> [1562 bytes]","args":[{"selector":{"id":"application-manageresources-display-component---newResourceUnit--btnAddTimeSegment","interaction":{"idSuffix":"inner"}},"wdio_ui5_key":"applicationmanageresources-display-component---newResourceUnit--btnAddTimeSegment"}]}
RESULT: undefined
COMMAND: POST /session/b9718e1e48867b0fba4e39bd9ed4a756/element - {"using":"xpath","value":"//*[@id=\"application-manageresources-display-component---newResourceUnit--btnAddTimeSegment\"]"}
RESULT: {}
RESULT: {"using":"xpath","value":"//*[@id=\"application-manageresources-display-component---newResourceUnit--btnAddTimeSegment\"]"}
COMMAND: POST /session/b9718e1e48867b0fba4e39bd9ed4a756/element/f.FE1DA32CFDBC8F8C890368A9A93AADEA.d.30701D24633223539B4E6AC0AFE0A22A.e.16864/click - {}
RESULT: {}
COMMAND: GET /session/b9718e1e48867b0fba4e39bd9ed4a756/screenshot - {}
RESULT: {}
COMMAND: POST /session/b9718e1e48867b0fba4e39bd9ed4a756/element - {"using":"xpath","value":"//input[@id=\"application-manageresources-display-component---newResourceUnit--idRuTSAdmin-application-manageresources-display-component---newResourceUnit--RUTimeSegment-0-inner\"]"}
RESULT: {"using":"xpath","value":"//input[@id=\"application-manageresources-display-component---newResourceUnit--idRuTSAdmin-application-manageresources-display-component---newResourceUnit--RUTimeSegment-0-inner\"]"}
COMMAND: POST /session/b9718e1e48867b0fba4e39bd9ed4a756/element/f.FE1DA32CFDBC8F8C890368A9A93AADEA.d.30701D24633223539B4E6AC0AFE0A22A.e.16870/clear - {}
RESULT: {}
COMMAND: POST /session/b9718e1e48867b0fba4e39bd9ed4a756/element/f.FE1DA32CFDBC8F8C890368A9A93AADEA.d.30701D24633223539B4E6AC0AFE0A22A.e.16870/value - {"text":"502"}
COMMAND: GET /session/b9718e1e48867b0fba4e39bd9ed4a756/screenshot - {}
RESULT: {"text":"502"}
COMMAND: GET /session/b9718e1e48867b0fba4e39bd9ed4a756/screenshot - {}
RESULT: {}
RESULT: {}
COMMAND: POST /session/b9718e1e48867b0fba4e39bd9ed4a756/element - {"using":"xpath","value":"//li[.//span[text()='502']]"}
RESULT: {"using":"xpath","value":"//li[.//span[text()='502']]"}
COMMAND: POST /session/b9718e1e48867b0fba4e39bd9ed4a756/element/f.FE1DA32CFDBC8F8C890368A9A93AADEA.d.30701D24633223539B4E6AC0AFE0A22A.e.16883/click - {}
RESULT: {}
COMMAND: GET /session/b9718e1e48867b0fba4e39bd9ed4a756/screenshot - {}
RESULT: {}
COMMAND: POST /session/b9718e1e48867b0fba4e39bd9ed4a756/element - {"using":"xpath","value":"(//span[contains(@id, \"-application-manageresources-display-component---newResourceUnit--RUTimeSegment-0-arrow\")])[6]"}
RESULT: {"using":"xpath","value":"(//span[contains(@id, \"-application-manageresources-display-component---newResourceUnit--RUTimeSegment-0-arrow\")])[6]"}
COMMAND: POST /session/b9718e1e48867b0fba4e39bd9ed4a756/element/f.FE1DA32CFDBC8F8C890368A9A93AADEA.d.30701D24633223539B4E6AC0AFE0A22A.e.16884/click - {}
RESULT: {}
COMMAND: GET /session/b9718e1e48867b0fba4e39bd9ed4a756/screenshot - {}
RESULT: {}
COMMAND: POST /session/b9718e1e48867b0fba4e39bd9ed4a756/element - {"using":"xpath","value":"//span[contains(text(), \"PM Order\")]"}
RESULT: {"using":"xpath","value":"//span[contains(text(), \"PM Order\")]"}
COMMAND: POST /session/b9718e1e48867b0fba4e39bd9ed4a756/element/f.FE1DA32CFDBC8F8C890368A9A93AADEA.d.30701D24633223539B4E6AC0AFE0A22A.e.16887/click - {}
RESULT: {}
COMMAND: GET /session/b9718e1e48867b0fba4e39bd9ed4a756/screenshot - {}
RESULT: {}
COMMAND: POST /session/b9718e1e48867b0fba4e39bd9ed4a756/element - {"using":"xpath","value":"(//span[contains(@id ,\"manageresources-display-component---newResourceUnit--RUTimeSegment-0-vhi\")])[1]"}
RESULT: {"using":"xpath","value":"(//span[contains(@id ,\"manageresources-display-component---newResourceUnit--RUTimeSegment-0-vhi\")])[1]"}
COMMAND: GET /session/b9718e1e48867b0fba4e39bd9ed4a756/element/f.FE1DA32CFDBC8F8C890368A9A93AADEA.d.30701D24633223539B4E6AC0AFE0A22A.e.16891/rect - {}
RESULT: {}
COMMAND: GET /session/b9718e1e48867b0fba4e39bd9ed4a756/window/rect - {}
RESULT: {}
COMMAND: POST /session/b9718e1e48867b0fba4e39bd9ed4a756/execute/sync - {"script":"<script> [92 bytes]","args":[]}
RESULT: {"script":"<script> [92 bytes]","args":[]}
COMMAND: POST /session/b9718e1e48867b0fba4e39bd9ed4a756/actions - {"actions":[{"id":"action59","type":"wheel","parameters":{},"actions":[{"type":"scroll","x":-869,"y":-24,"deltaX":0,"deltaY":0,"duration":0,"origin":{"element-6066-11e4-a52e-4f735466cecf":"f.FE1DA32CFDBC8F8C890368A9A93AADEA.d.30701D24633223539B4E6AC0AFE0A22A.e.16891"}}]}]}
COMMAND: GET /session/b9718e1e48867b0fba4e39bd9ed4a756/screenshot - {}
RESULT: {"actions":[{"id":"action59","type":"wheel","parameters":{},"actions":[{"type":"scroll","x":-869,"y":-24,"deltaX":0,"deltaY":0,"duration":0,"origin":{"element-6066-11e4-a52e-4f735466cecf":"f.FE1DA32CFDBC8F8C890368A9A93AADEA.d.30701D24633223539B4E6AC0AFE0A22A.e.16891"}}]}]}
COMMAND: DELETE /session/b9718e1e48867b0fba4e39bd9ed4a756/actions - {}
COMMAND: GET /session/b9718e1e48867b0fba4e39bd9ed4a756/screenshot - {}
RESULT: {}
RESULT: {}
COMMAND: GET /session/b9718e1e48867b0fba4e39bd9ed4a756/screenshot - {}
RESULT: {}
RESULT: {}
COMMAND: POST /session/b9718e1e48867b0fba4e39bd9ed4a756/element/f.FE1DA32CFDBC8F8C890368A9A93AADEA.d.30701D24633223539B4E6AC0AFE0A22A.e.16891/click - {}
RESULT: {}
COMMAND: GET /session/b9718e1e48867b0fba4e39bd9ed4a756/screenshot - {}
RESULT: {}
COMMAND: POST /session/b9718e1e48867b0fba4e39bd9ed4a756/execute/async - {"script":"<script> [1562 bytes]","args":[{"selector":{"controlType":"sap.m.SearchField","properties":{"placeholder":"Search"},"searchOpenDialogs":true,"interaction":{"idSuffix":"I"}},"wdio_ui5_key":"sapm.SearchField{\"placeholder\":\"Search\"}"}]}
RESULT: {"script":"<script> [1562 bytes]","args":[{"selector":{"controlType":"sap.m.SearchField","properties":{"placeholder":"Search"},"searchOpenDialogs":true,"interaction":{"idSuffix":"I"}},"wdio_ui5_key":"sapm.SearchField{\"placeholder\":\"Search\"}"}]}
RESULT: undefined
COMMAND: POST /session/b9718e1e48867b0fba4e39bd9ed4a756/execute/async - {"script":"<script> [776 bytes]","args":[{"enterText":"4000360","selector":{"controlType":"sap.m.SearchField","properties":{"placeholder":"Search"},"searchOpenDialogs":true,"interaction":{"idSuffix":"I"}},"clearTextFirst":true,"interactionType":"ENTER_TEXT"}]}
RESULT: {"script":"<script> [776 bytes]","args":[{"enterText":"4000360","selector":{"controlType":"sap.m.SearchField","properties":{"placeholder":"Search"},"searchOpenDialogs":true,"interaction":{"idSuffix":"I"}},"clearTextFirst":true,"interactionType":"ENTER_TEXT"}]}
COMMAND: POST /session/b9718e1e48867b0fba4e39bd9ed4a756/actions - {"actions":[{"id":"action60","type":"key","parameters":{},"actions":[{"type":"keyDown","value":"î€‡"},{"type":"pause","duration":10},{"type":"keyUp","value":"î€‡"}]}]}
RESULT: {"actions":[{"id":"action60","type":"key","parameters":{},"actions":[{"type":"keyDown","value":"î€‡"},{"type":"pause","duration":10},{"type":"keyUp","value":"î€‡"}]}]}
COMMAND: GET /session/b9718e1e48867b0fba4e39bd9ed4a756/screenshot - {}
RESULT: {}
COMMAND: POST /session/b9718e1e48867b0fba4e39bd9ed4a756/element - {"using":"xpath","value":"//td/div/span[contains(text(), \"BGL Vehicles\")]"}
RESULT: {"using":"xpath","value":"//td/div/span[contains(text(), \"BGL Vehicles\")]"}
COMMAND: POST /session/b9718e1e48867b0fba4e39bd9ed4a756/element/f.FE1DA32CFDBC8F8C890368A9A93AADEA.d.30701D24633223539B4E6AC0AFE0A22A.e.16913/click - {}
RESULT: {}
COMMAND: GET /session/b9718e1e48867b0fba4e39bd9ed4a756/screenshot - {}
RESULT: {}
COMMAND: POST /session/b9718e1e48867b0fba4e39bd9ed4a756/element - {"using":"xpath","value":"//bdi[contains(text(), \"OK\")]"}
RESULT: {"using":"xpath","value":"//bdi[contains(text(), \"OK\")]"}
COMMAND: POST /session/b9718e1e48867b0fba4e39bd9ed4a756/element/f.FE1DA32CFDBC8F8C890368A9A93AADEA.d.30701D24633223539B4E6AC0AFE0A22A.e.16914/click - {}
RESULT: {}
COMMAND: GET /session/b9718e1e48867b0fba4e39bd9ed4a756/screenshot - {}
RESULT: {}
COMMAND: POST /session/b9718e1e48867b0fba4e39bd9ed4a756/execute/async - {"script":"<script> [1562 bytes]","args":[{"selector":{"id":"application-manageresources-display-component---newResourceUnit--newRRUPage-anchBar-application-manageresources-display-component---newResourceUnit--resource-anchor","interaction":{"idSuffix":"BDI-content"}},"wdio_ui5_key":"applicationmanageresources-display-component---newResourceUnit--newRRUPage-anchBar-application-manageresources-display-component---newResourceUnit--resource-anchor"}]}
RESULT: {"script":"<script> [1562 bytes]","args":[{"selector":{"id":"application-manageresources-display-component---newResourceUnit--newRRUPage-anchBar-application-manageresources-display-component---newResourceUnit--resource-anchor","interaction":{"idSuffix":"BDI-content"}},"wdio_ui5_key":"applicationmanageresources-display-component---newResourceUnit--newRRUPage-anchBar-application-manageresources-display-component---newResourceUnit--resource-anchor"}]}
RESULT: undefined
COMMAND: POST /session/b9718e1e48867b0fba4e39bd9ed4a756/element - {"using":"xpath","value":"//*[@id=\"application-manageresources-display-component---newResourceUnit--newRRUPage-anchBar-application-manageresources-display-component---newResourceUnit--resource-anchor\"]"}
RESULT: {"using":"xpath","value":"//*[@id=\"application-manageresources-display-component---newResourceUnit--newRRUPage-anchBar-application-manageresources-display-component---newResourceUnit--resource-anchor\"]"}
COMMAND: POST /session/b9718e1e48867b0fba4e39bd9ed4a756/element/f.FE1DA32CFDBC8F8C890368A9A93AADEA.d.30701D24633223539B4E6AC0AFE0A22A.e.16918/click - {}
RESULT: {}
COMMAND: POST /session/b9718e1e48867b0fba4e39bd9ed4a756/execute/async - {"script":"<script> [1562 bytes]","args":[{"selector":{"id":"application-manageresources-display-component---newResourceUnit--PLANNED_DELIVERY_DATE","interaction":{"idSuffix":"inner"}},"wdio_ui5_key":"applicationmanageresources-display-component---newResourceUnit--PLANNED_DELIVERY_DATE"}]}
COMMAND: GET /session/b9718e1e48867b0fba4e39bd9ed4a756/screenshot - {}
RESULT: {"script":"<script> [1562 bytes]","args":[{"selector":{"id":"application-manageresources-display-component---newResourceUnit--PLANNED_DELIVERY_DATE","interaction":{"idSuffix":"inner"}},"wdio_ui5_key":"applicationmanageresources-display-component---newResourceUnit--PLANNED_DELIVERY_DATE"}]}
RESULT: undefined
COMMAND: POST /session/b9718e1e48867b0fba4e39bd9ed4a756/execute/async - {"script":"<script> [6424 bytes]","args":[{"element-6066-11e4-a52e-4f735466cecf":"f.FE1DA32CFDBC8F8C890368A9A93AADEA.d.30701D24633223539B4E6AC0AFE0A22A.e.16779"},"setValue",["5/17/25"]]}
RESULT: {}
RESULT: {"script":"<script> [6424 bytes]","args":[{"element-6066-11e4-a52e-4f735466cecf":"f.FE1DA32CFDBC8F8C890368A9A93AADEA.d.30701D24633223539B4E6AC0AFE0A22A.e.16779"},"setValue",["5/17/25"]]}
COMMAND: POST /session/b9718e1e48867b0fba4e39bd9ed4a756/element - {"using":"xpath","value":"//label[contains(@class, 'sapMLabelRequired') and .//bdi[contains(text(), 'Planned Retirement')]]"}
RESULT: {"using":"xpath","value":"//label[contains(@class, 'sapMLabelRequired') and .//bdi[contains(text(), 'Planned Retirement')]]"}
COMMAND: POST /session/b9718e1e48867b0fba4e39bd9ed4a756/elements - {"using":"xpath","value":"//label[contains(@class, 'sapMLabelRequired') and .//bdi[contains(text(), 'Planned Retirement')]]"}
RESULT: {"using":"xpath","value":"//label[contains(@class, 'sapMLabelRequired') and .//bdi[contains(text(), 'Planned Retirement')]]"}
COMMAND: POST /session/b9718e1e48867b0fba4e39bd9ed4a756/element - {"using":"xpath","value":"//button[@data-kt=\"resourceUnitSaveButton\"]"}
RESULT: {"using":"xpath","value":"//button[@data-kt=\"resourceUnitSaveButton\"]"}
COMMAND: POST /session/b9718e1e48867b0fba4e39bd9ed4a756/element/f.FE1DA32CFDBC8F8C890368A9A93AADEA.d.30701D24633223539B4E6AC0AFE0A22A.e.16740/click - {}
RESULT: {}
COMMAND: GET /session/b9718e1e48867b0fba4e39bd9ed4a756/screenshot - {}
RESULT: {}
COMMAND: POST /session/b9718e1e48867b0fba4e39bd9ed4a756/element - {"using":"xpath","value":"//bdi[contains(text(), \"Close\")]"}
RESULT: {"using":"xpath","value":"//bdi[contains(text(), \"Close\")]"}
COMMAND: POST /session/b9718e1e48867b0fba4e39bd9ed4a756/element/f.FE1DA32CFDBC8F8C890368A9A93AADEA.d.30701D24633223539B4E6AC0AFE0A22A.e.16926/click - {}
RESULT: {}
COMMAND: GET /session/b9718e1e48867b0fba4e39bd9ed4a756/screenshot - {}
RESULT: {}
COMMAND: POST /session/b9718e1e48867b0fba4e39bd9ed4a756/element - {"using":"xpath","value":"(//button[contains(@id ,\"actionsToolbar-overflowButton\")])[1]"}
RESULT: {"using":"xpath","value":"(//button[contains(@id ,\"actionsToolbar-overflowButton\")])[1]"}
COMMAND: POST /session/b9718e1e48867b0fba4e39bd9ed4a756/element/f.FE1DA32CFDBC8F8C890368A9A93AADEA.d.30701D24633223539B4E6AC0AFE0A22A.e.16982/click - {}
RESULT: {}
COMMAND: GET /session/b9718e1e48867b0fba4e39bd9ed4a756/screenshot - {}
RESULT: {}
COMMAND: POST /session/b9718e1e48867b0fba4e39bd9ed4a756/element - {"using":"xpath","value":"//button[@data-kt=\"priceInfoButton\"]"}
RESULT: {"using":"xpath","value":"//button[@data-kt=\"priceInfoButton\"]"}
COMMAND: POST /session/b9718e1e48867b0fba4e39bd9ed4a756/element/f.FE1DA32CFDBC8F8C890368A9A93AADEA.d.30701D24633223539B4E6AC0AFE0A22A.e.16984/click - {}
RESULT: {}
COMMAND: GET /session/b9718e1e48867b0fba4e39bd9ed4a756/screenshot - {}
]]></system-out>
    </testcase>
    <testcase classname="chrome.136_0_7103_93.windows.Billing_Calculation_-_Time_based_(considering_transport_times)_US139738" name="Should create new pricing rule for the equipment" time="54.379">
      <system-out><![CDATA[
COMMAND: POST /session/b9718e1e48867b0fba4e39bd9ed4a756/element - {"using":"xpath","value":"//button[@data-kt=\"addButton\"]"}
RESULT: {}
RESULT: {"using":"xpath","value":"//button[@data-kt=\"addButton\"]"}
COMMAND: POST /session/b9718e1e48867b0fba4e39bd9ed4a756/elements - {"using":"xpath","value":"//button[@data-kt=\"addButton\"]"}
RESULT: {"using":"xpath","value":"//button[@data-kt=\"addButton\"]"}
COMMAND: POST /session/b9718e1e48867b0fba4e39bd9ed4a756/execute/sync - {"script":"<script> [8489 bytes]","args":[{"element-6066-11e4-a52e-4f735466cecf":"f.FE1DA32CFDBC8F8C890368A9A93AADEA.d.30701D24633223539B4E6AC0AFE0A22A.e.17021","ELEMENT":"f.FE1DA32CFDBC8F8C890368A9A93AADEA.d.30701D24633223539B4E6AC0AFE0A22A.e.17021"}]}
RESULT: {"script":"<script> [8489 bytes]","args":[{"element-6066-11e4-a52e-4f735466cecf":"f.FE1DA32CFDBC8F8C890368A9A93AADEA.d.30701D24633223539B4E6AC0AFE0A22A.e.17021","ELEMENT":"f.FE1DA32CFDBC8F8C890368A9A93AADEA.d.30701D24633223539B4E6AC0AFE0A22A.e.17021"}]}
COMMAND: GET /session/b9718e1e48867b0fba4e39bd9ed4a756/element/f.FE1DA32CFDBC8F8C890368A9A93AADEA.d.30701D24633223539B4E6AC0AFE0A22A.e.17021/enabled - {}
COMMAND: GET /session/b9718e1e48867b0fba4e39bd9ed4a756/screenshot - {}
RESULT: {}
COMMAND: POST /session/b9718e1e48867b0fba4e39bd9ed4a756/execute/sync - {"script":"<script> [8489 bytes]","args":[{"element-6066-11e4-a52e-4f735466cecf":"f.FE1DA32CFDBC8F8C890368A9A93AADEA.d.30701D24633223539B4E6AC0AFE0A22A.e.17021","ELEMENT":"f.FE1DA32CFDBC8F8C890368A9A93AADEA.d.30701D24633223539B4E6AC0AFE0A22A.e.17021"}]}
COMMAND: GET /session/b9718e1e48867b0fba4e39bd9ed4a756/screenshot - {}
RESULT: {}
RESULT: {"script":"<script> [8489 bytes]","args":[{"element-6066-11e4-a52e-4f735466cecf":"f.FE1DA32CFDBC8F8C890368A9A93AADEA.d.30701D24633223539B4E6AC0AFE0A22A.e.17021","ELEMENT":"f.FE1DA32CFDBC8F8C890368A9A93AADEA.d.30701D24633223539B4E6AC0AFE0A22A.e.17021"}]}
COMMAND: POST /session/b9718e1e48867b0fba4e39bd9ed4a756/execute/sync - {"script":"<script> [5351 bytes]","args":[{"element-6066-11e4-a52e-4f735466cecf":"f.FE1DA32CFDBC8F8C890368A9A93AADEA.d.30701D24633223539B4E6AC0AFE0A22A.e.17021","ELEMENT":"f.FE1DA32CFDBC8F8C890368A9A93AADEA.d.30701D24633223539B4E6AC0AFE0A22A.e.17021"}]}
COMMAND: GET /session/b9718e1e48867b0fba4e39bd9ed4a756/screenshot - {}
RESULT: {}
RESULT: {"script":"<script> [5351 bytes]","args":[{"element-6066-11e4-a52e-4f735466cecf":"f.FE1DA32CFDBC8F8C890368A9A93AADEA.d.30701D24633223539B4E6AC0AFE0A22A.e.17021","ELEMENT":"f.FE1DA32CFDBC8F8C890368A9A93AADEA.d.30701D24633223539B4E6AC0AFE0A22A.e.17021"}]}
COMMAND: POST /session/b9718e1e48867b0fba4e39bd9ed4a756/element/f.FE1DA32CFDBC8F8C890368A9A93AADEA.d.30701D24633223539B4E6AC0AFE0A22A.e.17021/click - {}
COMMAND: GET /session/b9718e1e48867b0fba4e39bd9ed4a756/screenshot - {}
RESULT: {}
RESULT: {}
COMMAND: GET /session/b9718e1e48867b0fba4e39bd9ed4a756/screenshot - {}
RESULT: {}
RESULT: {}
COMMAND: POST /session/b9718e1e48867b0fba4e39bd9ed4a756/execute/async - {"script":"<script> [1562 bytes]","args":[{"selector":{"controlType":"sap.m.Title","viewName":"etm.portal.ui.managepricingrules.view.NewItem","viewId":"application-managepricingrules-display-component---newInfoPriceItem","properties":{"text":"New Pricing Rules - Item Level"}},"wdio_ui5_key":"etmportal.ui.managepricingrules.view.NewItemsap.m.Title{\"text\":\"New Pricing Rules - Item Level\"}"}]}
RESULT: {"script":"<script> [1562 bytes]","args":[{"selector":{"controlType":"sap.m.Title","viewName":"etm.portal.ui.managepricingrules.view.NewItem","viewId":"application-managepricingrules-display-component---newInfoPriceItem","properties":{"text":"New Pricing Rules - Item Level"}},"wdio_ui5_key":"etmportal.ui.managepricingrules.view.NewItemsap.m.Title{\"text\":\"New Pricing Rules - Item Level\"}"}]}
RESULT: undefined
COMMAND: POST /session/b9718e1e48867b0fba4e39bd9ed4a756/execute/async - {"script":"<script> [6424 bytes]","args":[{"element-6066-11e4-a52e-4f735466cecf":"f.FE1DA32CFDBC8F8C890368A9A93AADEA.d.30701D24633223539B4E6AC0AFE0A22A.e.17181"},"getText",[]]}
RESULT: {"script":"<script> [6424 bytes]","args":[{"element-6066-11e4-a52e-4f735466cecf":"f.FE1DA32CFDBC8F8C890368A9A93AADEA.d.30701D24633223539B4E6AC0AFE0A22A.e.17181"},"getText",[]]}
COMMAND: POST /session/b9718e1e48867b0fba4e39bd9ed4a756/execute/async - {"script":"<script> [1562 bytes]","args":[{"selector":{"id":"application-managepricingrules-display-component---newInfoPriceItem--condValidTo","interaction":{"idSuffix":"inner"}},"wdio_ui5_key":"applicationmanagepricingrules-display-component---newInfoPriceItem--condValidTo"}]}
RESULT: {"script":"<script> [1562 bytes]","args":[{"selector":{"id":"application-managepricingrules-display-component---newInfoPriceItem--condValidTo","interaction":{"idSuffix":"inner"}},"wdio_ui5_key":"applicationmanagepricingrules-display-component---newInfoPriceItem--condValidTo"}]}
RESULT: undefined
COMMAND: POST /session/b9718e1e48867b0fba4e39bd9ed4a756/execute/async - {"script":"<script> [776 bytes]","args":[{"enterText":"1/17/26","selector":{"id":"application-managepricingrules-display-component---newInfoPriceItem--condValidTo","interaction":{"idSuffix":"inner"}},"clearTextFirst":true,"interactionType":"ENTER_TEXT"}]}
RESULT: {"script":"<script> [776 bytes]","args":[{"enterText":"1/17/26","selector":{"id":"application-managepricingrules-display-component---newInfoPriceItem--condValidTo","interaction":{"idSuffix":"inner"}},"clearTextFirst":true,"interactionType":"ENTER_TEXT"}]}
COMMAND: POST /session/b9718e1e48867b0fba4e39bd9ed4a756/execute/async - {"script":"<script> [1562 bytes]","args":[{"selector":{"id":"application-managepricingrules-display-component---newInfoPriceItem--billType-arrow"},"wdio_ui5_key":"applicationmanagepricingrules-display-component---newInfoPriceItem--billType-arrow"}]}
RESULT: {"script":"<script> [1562 bytes]","args":[{"selector":{"id":"application-managepricingrules-display-component---newInfoPriceItem--billType-arrow"},"wdio_ui5_key":"applicationmanagepricingrules-display-component---newInfoPriceItem--billType-arrow"}]}
RESULT: undefined
COMMAND: POST /session/b9718e1e48867b0fba4e39bd9ed4a756/element - {"using":"xpath","value":"//*[@id=\"application-managepricingrules-display-component---newInfoPriceItem--billType-arrow\"]"}
RESULT: {"using":"xpath","value":"//*[@id=\"application-managepricingrules-display-component---newInfoPriceItem--billType-arrow\"]"}
COMMAND: POST /session/b9718e1e48867b0fba4e39bd9ed4a756/element/f.FE1DA32CFDBC8F8C890368A9A93AADEA.d.30701D24633223539B4E6AC0AFE0A22A.e.17183/click - {}
RESULT: {}
COMMAND: POST /session/b9718e1e48867b0fba4e39bd9ed4a756/element - {"using":"xpath","value":"//span[contains(text(), \"TB - Time based\")]"}
COMMAND: GET /session/b9718e1e48867b0fba4e39bd9ed4a756/screenshot - {}
RESULT: {"using":"xpath","value":"//span[contains(text(), \"TB - Time based\")]"}
COMMAND: POST /session/b9718e1e48867b0fba4e39bd9ed4a756/element/f.FE1DA32CFDBC8F8C890368A9A93AADEA.d.30701D24633223539B4E6AC0AFE0A22A.e.17184/click - {}
RESULT: {}
RESULT: {}
COMMAND: POST /session/b9718e1e48867b0fba4e39bd9ed4a756/execute/async - {"script":"<script> [1562 bytes]","args":[{"selector":{"id":"application-managepricingrules-display-component---newInfoPriceItem--priceProc-arrow"},"wdio_ui5_key":"applicationmanagepricingrules-display-component---newInfoPriceItem--priceProc-arrow"}]}
COMMAND: GET /session/b9718e1e48867b0fba4e39bd9ed4a756/screenshot - {}
RESULT: {"script":"<script> [1562 bytes]","args":[{"selector":{"id":"application-managepricingrules-display-component---newInfoPriceItem--priceProc-arrow"},"wdio_ui5_key":"applicationmanagepricingrules-display-component---newInfoPriceItem--priceProc-arrow"}]}
RESULT: undefined
COMMAND: POST /session/b9718e1e48867b0fba4e39bd9ed4a756/element - {"using":"xpath","value":"//*[@id=\"application-managepricingrules-display-component---newInfoPriceItem--priceProc-arrow\"]"}
RESULT: {}
RESULT: {"using":"xpath","value":"//*[@id=\"application-managepricingrules-display-component---newInfoPriceItem--priceProc-arrow\"]"}
COMMAND: POST /session/b9718e1e48867b0fba4e39bd9ed4a756/element/f.FE1DA32CFDBC8F8C890368A9A93AADEA.d.30701D24633223539B4E6AC0AFE0A22A.e.17148/click - {}
RESULT: {}
COMMAND: POST /session/b9718e1e48867b0fba4e39bd9ed4a756/element - {"using":"xpath","value":"//span[contains(text(), \"TBS - Time based standard\")]"}
COMMAND: GET /session/b9718e1e48867b0fba4e39bd9ed4a756/screenshot - {}
RESULT: {"using":"xpath","value":"//span[contains(text(), \"TBS - Time based standard\")]"}
COMMAND: POST /session/b9718e1e48867b0fba4e39bd9ed4a756/element/f.FE1DA32CFDBC8F8C890368A9A93AADEA.d.30701D24633223539B4E6AC0AFE0A22A.e.17185/click - {}
RESULT: {}
RESULT: {}
COMMAND: POST /session/b9718e1e48867b0fba4e39bd9ed4a756/execute/async - {"script":"<script> [1562 bytes]","args":[{"selector":{"id":"application-managepricingrules-display-component---newInfoPriceItem--calcBase-arrow"},"wdio_ui5_key":"applicationmanagepricingrules-display-component---newInfoPriceItem--calcBase-arrow"}]}
COMMAND: GET /session/b9718e1e48867b0fba4e39bd9ed4a756/screenshot - {}
RESULT: {"script":"<script> [1562 bytes]","args":[{"selector":{"id":"application-managepricingrules-display-component---newInfoPriceItem--calcBase-arrow"},"wdio_ui5_key":"applicationmanagepricingrules-display-component---newInfoPriceItem--calcBase-arrow"}]}
RESULT: undefined
COMMAND: POST /session/b9718e1e48867b0fba4e39bd9ed4a756/element - {"using":"xpath","value":"//*[@id=\"application-managepricingrules-display-component---newInfoPriceItem--calcBase-arrow\"]"}
RESULT: {}
RESULT: {"using":"xpath","value":"//*[@id=\"application-managepricingrules-display-component---newInfoPriceItem--calcBase-arrow\"]"}
COMMAND: POST /session/b9718e1e48867b0fba4e39bd9ed4a756/element/f.FE1DA32CFDBC8F8C890368A9A93AADEA.d.30701D24633223539B4E6AC0AFE0A22A.e.17155/click - {}
RESULT: {}
COMMAND: GET /session/b9718e1e48867b0fba4e39bd9ed4a756/screenshot - {}
RESULT: {}
COMMAND: POST /session/b9718e1e48867b0fba4e39bd9ed4a756/element - {"using":"xpath","value":"//span[contains(text(), \"0006 - TB(calendar days)\")]"}
RESULT: {"using":"xpath","value":"//span[contains(text(), \"0006 - TB(calendar days)\")]"}
COMMAND: POST /session/b9718e1e48867b0fba4e39bd9ed4a756/element/f.FE1DA32CFDBC8F8C890368A9A93AADEA.d.30701D24633223539B4E6AC0AFE0A22A.e.17186/click - {}
RESULT: {}
COMMAND: GET /session/b9718e1e48867b0fba4e39bd9ed4a756/screenshot - {}
RESULT: {}
COMMAND: POST /session/b9718e1e48867b0fba4e39bd9ed4a756/execute/async - {"script":"<script> [1562 bytes]","args":[{"selector":{"id":"application-managepricingrules-display-component---newInfoPriceItem--daysMonth","interaction":{"idSuffix":"inner"}},"wdio_ui5_key":"applicationmanagepricingrules-display-component---newInfoPriceItem--daysMonth"}]}
RESULT: {"script":"<script> [1562 bytes]","args":[{"selector":{"id":"application-managepricingrules-display-component---newInfoPriceItem--daysMonth","interaction":{"idSuffix":"inner"}},"wdio_ui5_key":"applicationmanagepricingrules-display-component---newInfoPriceItem--daysMonth"}]}
RESULT: undefined
COMMAND: POST /session/b9718e1e48867b0fba4e39bd9ed4a756/execute/async - {"script":"<script> [776 bytes]","args":[{"enterText":"30","selector":{"id":"application-managepricingrules-display-component---newInfoPriceItem--daysMonth","interaction":{"idSuffix":"inner"}},"clearTextFirst":true,"interactionType":"ENTER_TEXT"}]}
RESULT: {"script":"<script> [776 bytes]","args":[{"enterText":"30","selector":{"id":"application-managepricingrules-display-component---newInfoPriceItem--daysMonth","interaction":{"idSuffix":"inner"}},"clearTextFirst":true,"interactionType":"ENTER_TEXT"}]}
COMMAND: POST /session/b9718e1e48867b0fba4e39bd9ed4a756/element - {"using":"xpath","value":"//button[@data-kt=\"saveNewRuleButton\"]"}
RESULT: {"using":"xpath","value":"//button[@data-kt=\"saveNewRuleButton\"]"}
COMMAND: POST /session/b9718e1e48867b0fba4e39bd9ed4a756/element/f.FE1DA32CFDBC8F8C890368A9A93AADEA.d.30701D24633223539B4E6AC0AFE0A22A.e.17173/click - {}
RESULT: {}
COMMAND: GET /session/b9718e1e48867b0fba4e39bd9ed4a756/screenshot - {}
RESULT: {}
COMMAND: POST /session/b9718e1e48867b0fba4e39bd9ed4a756/execute/async - {"script":"<script> [1562 bytes]","args":[{"selector":{"id":"application-managepricingrules-display-component---priceInfoItem--smartFilterBar-btnBasicSearch","interaction":{"idSuffix":"I"}},"wdio_ui5_key":"applicationmanagepricingrules-display-component---priceInfoItem--smartFilterBar-btnBasicSearch"}]}
RESULT: {"script":"<script> [1562 bytes]","args":[{"selector":{"id":"application-managepricingrules-display-component---priceInfoItem--smartFilterBar-btnBasicSearch","interaction":{"idSuffix":"I"}},"wdio_ui5_key":"applicationmanagepricingrules-display-component---priceInfoItem--smartFilterBar-btnBasicSearch"}]}
RESULT: undefined
COMMAND: POST /session/b9718e1e48867b0fba4e39bd9ed4a756/execute/async - {"script":"<script> [776 bytes]","args":[{"enterText":"26lYY46MEc","selector":{"id":"application-managepricingrules-display-component---priceInfoItem--smartFilterBar-btnBasicSearch","interaction":{"idSuffix":"I"}},"clearTextFirst":true,"interactionType":"ENTER_TEXT"}]}
RESULT: {"script":"<script> [776 bytes]","args":[{"enterText":"26lYY46MEc","selector":{"id":"application-managepricingrules-display-component---priceInfoItem--smartFilterBar-btnBasicSearch","interaction":{"idSuffix":"I"}},"clearTextFirst":true,"interactionType":"ENTER_TEXT"}]}
COMMAND: POST /session/b9718e1e48867b0fba4e39bd9ed4a756/actions - {"actions":[{"id":"action61","type":"key","parameters":{},"actions":[{"type":"keyDown","value":"î€‡"},{"type":"pause","duration":10},{"type":"keyUp","value":"î€‡"}]}]}
RESULT: {"actions":[{"id":"action61","type":"key","parameters":{},"actions":[{"type":"keyDown","value":"î€‡"},{"type":"pause","duration":10},{"type":"keyUp","value":"î€‡"}]}]}
COMMAND: GET /session/b9718e1e48867b0fba4e39bd9ed4a756/screenshot - {}
RESULT: {}
COMMAND: POST /session/b9718e1e48867b0fba4e39bd9ed4a756/element - {"using":"xpath","value":"//span[@id=\"application-managepricingrules-display-component---priceInfoItem--smartTable-header-inner\"]"}
RESULT: {"using":"xpath","value":"//span[@id=\"application-managepricingrules-display-component---priceInfoItem--smartTable-header-inner\"]"}
COMMAND: POST /session/b9718e1e48867b0fba4e39bd9ed4a756/elements - {"using":"xpath","value":"//span[@id=\"application-managepricingrules-display-component---priceInfoItem--smartTable-header-inner\"]"}
RESULT: {"using":"xpath","value":"//span[@id=\"application-managepricingrules-display-component---priceInfoItem--smartTable-header-inner\"]"}
COMMAND: POST /session/b9718e1e48867b0fba4e39bd9ed4a756/execute/sync - {"script":"<script> [56 bytes]","args":[{"element-6066-11e4-a52e-4f735466cecf":"f.FE1DA32CFDBC8F8C890368A9A93AADEA.d.30701D24633223539B4E6AC0AFE0A22A.e.17211","ELEMENT":"f.FE1DA32CFDBC8F8C890368A9A93AADEA.d.30701D24633223539B4E6AC0AFE0A22A.e.17211"}]}
RESULT: {"script":"<script> [56 bytes]","args":[{"element-6066-11e4-a52e-4f735466cecf":"f.FE1DA32CFDBC8F8C890368A9A93AADEA.d.30701D24633223539B4E6AC0AFE0A22A.e.17211","ELEMENT":"f.FE1DA32CFDBC8F8C890368A9A93AADEA.d.30701D24633223539B4E6AC0AFE0A22A.e.17211"}]}
COMMAND: POST /session/b9718e1e48867b0fba4e39bd9ed4a756/element - {"using":"css selector","value":"#shell-header-logo"}
COMMAND: GET /session/b9718e1e48867b0fba4e39bd9ed4a756/screenshot - {}
RESULT: {"using":"css selector","value":"#shell-header-logo"}
COMMAND: POST /session/b9718e1e48867b0fba4e39bd9ed4a756/element/f.FE1DA32CFDBC8F8C890368A9A93AADEA.d.30701D24633223539B4E6AC0AFE0A22A.e.16286/click - {}
RESULT: {}
RESULT: {}
COMMAND: GET /session/b9718e1e48867b0fba4e39bd9ed4a756/screenshot - {}
RESULT: {}
]]></system-out>
    </testcase>
    <testcase classname="chrome.136_0_7103_93.windows.Billing_Calculation_-_Time_based_(considering_transport_times)_US139738" name="Should create new pricing condition for the equipment" time="66.816">
      <system-out><![CDATA[
COMMAND: POST /session/b9718e1e48867b0fba4e39bd9ed4a756/execute/async - {"script":"<script> [1562 bytes]","args":[{"selector":{"controlType":"sap.m.GenericTile","properties":{"header":"Manage Conditions & Prices"}},"wdio_ui5_key":"sapm.GenericTile{\"header\":\"Manage Conditions & Prices\"}"}]}
RESULT: {"script":"<script> [1562 bytes]","args":[{"selector":{"controlType":"sap.m.GenericTile","properties":{"header":"Manage Conditions & Prices"}},"wdio_ui5_key":"sapm.GenericTile{\"header\":\"Manage Conditions & Prices\"}"}]}
RESULT: undefined
COMMAND: POST /session/b9718e1e48867b0fba4e39bd9ed4a756/element - {"using":"xpath","value":"//*[@id=\"__tile53\"]"}
RESULT: {"using":"xpath","value":"//*[@id=\"__tile53\"]"}
COMMAND: POST /session/b9718e1e48867b0fba4e39bd9ed4a756/element/f.FE1DA32CFDBC8F8C890368A9A93AADEA.d.30701D24633223539B4E6AC0AFE0A22A.e.16223/click - {}
RESULT: {}
COMMAND: GET /session/b9718e1e48867b0fba4e39bd9ed4a756/screenshot - {}
RESULT: {}
COMMAND: POST /session/b9718e1e48867b0fba4e39bd9ed4a756/elements - {"using":"xpath","value":"//span[text()='Error']"}
RESULT: {"using":"xpath","value":"//span[text()='Error']"}
COMMAND: POST /session/b9718e1e48867b0fba4e39bd9ed4a756/element - {"using":"xpath","value":"//button[@aria-label=\"Create\"]"}
RESULT: {"using":"xpath","value":"//button[@aria-label=\"Create\"]"}
COMMAND: POST /session/b9718e1e48867b0fba4e39bd9ed4a756/elements - {"using":"xpath","value":"//button[@aria-label=\"Create\"]"}
RESULT: {"using":"xpath","value":"//button[@aria-label=\"Create\"]"}
COMMAND: POST /session/b9718e1e48867b0fba4e39bd9ed4a756/execute/sync - {"script":"<script> [8489 bytes]","args":[{"element-6066-11e4-a52e-4f735466cecf":"f.FE1DA32CFDBC8F8C890368A9A93AADEA.d.30701D24633223539B4E6AC0AFE0A22A.e.17246","ELEMENT":"f.FE1DA32CFDBC8F8C890368A9A93AADEA.d.30701D24633223539B4E6AC0AFE0A22A.e.17246"}]}
RESULT: {"script":"<script> [8489 bytes]","args":[{"element-6066-11e4-a52e-4f735466cecf":"f.FE1DA32CFDBC8F8C890368A9A93AADEA.d.30701D24633223539B4E6AC0AFE0A22A.e.17246","ELEMENT":"f.FE1DA32CFDBC8F8C890368A9A93AADEA.d.30701D24633223539B4E6AC0AFE0A22A.e.17246"}]}
COMMAND: GET /session/b9718e1e48867b0fba4e39bd9ed4a756/element/f.FE1DA32CFDBC8F8C890368A9A93AADEA.d.30701D24633223539B4E6AC0AFE0A22A.e.17246/enabled - {}
COMMAND: GET /session/b9718e1e48867b0fba4e39bd9ed4a756/screenshot - {}
RESULT: {}
COMMAND: POST /session/b9718e1e48867b0fba4e39bd9ed4a756/execute/sync - {"script":"<script> [8489 bytes]","args":[{"element-6066-11e4-a52e-4f735466cecf":"f.FE1DA32CFDBC8F8C890368A9A93AADEA.d.30701D24633223539B4E6AC0AFE0A22A.e.17246","ELEMENT":"f.FE1DA32CFDBC8F8C890368A9A93AADEA.d.30701D24633223539B4E6AC0AFE0A22A.e.17246"}]}
COMMAND: GET /session/b9718e1e48867b0fba4e39bd9ed4a756/screenshot - {}
RESULT: {}
RESULT: {"script":"<script> [8489 bytes]","args":[{"element-6066-11e4-a52e-4f735466cecf":"f.FE1DA32CFDBC8F8C890368A9A93AADEA.d.30701D24633223539B4E6AC0AFE0A22A.e.17246","ELEMENT":"f.FE1DA32CFDBC8F8C890368A9A93AADEA.d.30701D24633223539B4E6AC0AFE0A22A.e.17246"}]}
COMMAND: POST /session/b9718e1e48867b0fba4e39bd9ed4a756/execute/sync - {"script":"<script> [5351 bytes]","args":[{"element-6066-11e4-a52e-4f735466cecf":"f.FE1DA32CFDBC8F8C890368A9A93AADEA.d.30701D24633223539B4E6AC0AFE0A22A.e.17246","ELEMENT":"f.FE1DA32CFDBC8F8C890368A9A93AADEA.d.30701D24633223539B4E6AC0AFE0A22A.e.17246"}]}
COMMAND: GET /session/b9718e1e48867b0fba4e39bd9ed4a756/screenshot - {}
RESULT: {}
RESULT: {"script":"<script> [5351 bytes]","args":[{"element-6066-11e4-a52e-4f735466cecf":"f.FE1DA32CFDBC8F8C890368A9A93AADEA.d.30701D24633223539B4E6AC0AFE0A22A.e.17246","ELEMENT":"f.FE1DA32CFDBC8F8C890368A9A93AADEA.d.30701D24633223539B4E6AC0AFE0A22A.e.17246"}]}
COMMAND: POST /session/b9718e1e48867b0fba4e39bd9ed4a756/element/f.FE1DA32CFDBC8F8C890368A9A93AADEA.d.30701D24633223539B4E6AC0AFE0A22A.e.17246/click - {}
COMMAND: GET /session/b9718e1e48867b0fba4e39bd9ed4a756/screenshot - {}
RESULT: {}
RESULT: {}
COMMAND: GET /session/b9718e1e48867b0fba4e39bd9ed4a756/screenshot - {}
RESULT: {}
RESULT: {}
COMMAND: POST /session/b9718e1e48867b0fba4e39bd9ed4a756/actions - {"actions":[{"id":"action62","type":"key","parameters":{},"actions":[{"type":"keyDown","value":"î€‡"},{"type":"pause","duration":10},{"type":"keyUp","value":"î€‡"}]}]}
RESULT: {"actions":[{"id":"action62","type":"key","parameters":{},"actions":[{"type":"keyDown","value":"î€‡"},{"type":"pause","duration":10},{"type":"keyUp","value":"î€‡"}]}]}
COMMAND: GET /session/b9718e1e48867b0fba4e39bd9ed4a756/screenshot - {}
RESULT: {}
COMMAND: POST /session/b9718e1e48867b0fba4e39bd9ed4a756/execute/async - {"script":"<script> [1562 bytes]","args":[{"selector":{"id":"application-manageconditionprice-display-component---newCondition--condBillCond-arrow"},"wdio_ui5_key":"applicationmanageconditionprice-display-component---newCondition--condBillCond-arrow"}]}
RESULT: {"script":"<script> [1562 bytes]","args":[{"selector":{"id":"application-manageconditionprice-display-component---newCondition--condBillCond-arrow"},"wdio_ui5_key":"applicationmanageconditionprice-display-component---newCondition--condBillCond-arrow"}]}
RESULT: undefined
COMMAND: POST /session/b9718e1e48867b0fba4e39bd9ed4a756/element - {"using":"xpath","value":"//*[@id=\"application-manageconditionprice-display-component---newCondition--condBillCond-arrow\"]"}
RESULT: {"using":"xpath","value":"//*[@id=\"application-manageconditionprice-display-component---newCondition--condBillCond-arrow\"]"}
COMMAND: POST /session/b9718e1e48867b0fba4e39bd9ed4a756/element/f.FE1DA32CFDBC8F8C890368A9A93AADEA.d.30701D24633223539B4E6AC0AFE0A22A.e.17423/click - {}
RESULT: {}
COMMAND: GET /session/b9718e1e48867b0fba4e39bd9ed4a756/screenshot - {}
RESULT: {}
COMMAND: POST /session/b9718e1e48867b0fba4e39bd9ed4a756/element - {"using":"xpath","value":"//li[.//span[contains(text(), \"DISP - D&I special price\")]]"}
RESULT: {"using":"xpath","value":"//li[.//span[contains(text(), \"DISP - D&I special price\")]]"}
COMMAND: POST /session/b9718e1e48867b0fba4e39bd9ed4a756/element/f.FE1DA32CFDBC8F8C890368A9A93AADEA.d.30701D24633223539B4E6AC0AFE0A22A.e.17426/click - {}
RESULT: {}
COMMAND: GET /session/b9718e1e48867b0fba4e39bd9ed4a756/screenshot - {}
RESULT: {}
COMMAND: POST /session/b9718e1e48867b0fba4e39bd9ed4a756/execute/async - {"script":"<script> [1562 bytes]","args":[{"selector":{"id":"application-manageconditionprice-display-component---newCondition--condValidTo","interaction":{"idSuffix":"inner"}},"wdio_ui5_key":"applicationmanageconditionprice-display-component---newCondition--condValidTo"}]}
RESULT: {"script":"<script> [1562 bytes]","args":[{"selector":{"id":"application-manageconditionprice-display-component---newCondition--condValidTo","interaction":{"idSuffix":"inner"}},"wdio_ui5_key":"applicationmanageconditionprice-display-component---newCondition--condValidTo"}]}
RESULT: undefined
COMMAND: POST /session/b9718e1e48867b0fba4e39bd9ed4a756/execute/async - {"script":"<script> [776 bytes]","args":[{"enterText":"1/17/26","selector":{"id":"application-manageconditionprice-display-component---newCondition--condValidTo","interaction":{"idSuffix":"inner"}},"clearTextFirst":true,"interactionType":"ENTER_TEXT"}]}
RESULT: {"script":"<script> [776 bytes]","args":[{"enterText":"1/17/26","selector":{"id":"application-manageconditionprice-display-component---newCondition--condValidTo","interaction":{"idSuffix":"inner"}},"clearTextFirst":true,"interactionType":"ENTER_TEXT"}]}
COMMAND: POST /session/b9718e1e48867b0fba4e39bd9ed4a756/element - {"using":"xpath","value":"//input[@id=\"application-manageconditionprice-display-component---newCondition--condRU-inner\"]"}
RESULT: {"using":"xpath","value":"//input[@id=\"application-manageconditionprice-display-component---newCondition--condRU-inner\"]"}
COMMAND: POST /session/b9718e1e48867b0fba4e39bd9ed4a756/element/f.FE1DA32CFDBC8F8C890368A9A93AADEA.d.30701D24633223539B4E6AC0AFE0A22A.e.17288/clear - {}
RESULT: {}
COMMAND: POST /session/b9718e1e48867b0fba4e39bd9ed4a756/element/f.FE1DA32CFDBC8F8C890368A9A93AADEA.d.30701D24633223539B4E6AC0AFE0A22A.e.17288/value - {"text":"26lYY46MEc"}
COMMAND: GET /session/b9718e1e48867b0fba4e39bd9ed4a756/screenshot - {}
RESULT: {"text":"26lYY46MEc"}
COMMAND: GET /session/b9718e1e48867b0fba4e39bd9ed4a756/screenshot - {}
RESULT: {}
RESULT: {}
COMMAND: POST /session/b9718e1e48867b0fba4e39bd9ed4a756/actions - {"actions":[{"id":"action63","type":"key","parameters":{},"actions":[{"type":"keyDown","value":"î€‡"},{"type":"pause","duration":10},{"type":"keyUp","value":"î€‡"}]}]}
RESULT: {"actions":[{"id":"action63","type":"key","parameters":{},"actions":[{"type":"keyDown","value":"î€‡"},{"type":"pause","duration":10},{"type":"keyUp","value":"î€‡"}]}]}
COMMAND: POST /session/b9718e1e48867b0fba4e39bd9ed4a756/execute/async - {"script":"<script> [1562 bytes]","args":[{"selector":{"id":"application-manageconditionprice-display-component---newCondition--condBaseQty","interaction":{"idSuffix":"inner"}},"wdio_ui5_key":"applicationmanageconditionprice-display-component---newCondition--condBaseQty"}]}
COMMAND: GET /session/b9718e1e48867b0fba4e39bd9ed4a756/screenshot - {}
RESULT: {"script":"<script> [1562 bytes]","args":[{"selector":{"id":"application-manageconditionprice-display-component---newCondition--condBaseQty","interaction":{"idSuffix":"inner"}},"wdio_ui5_key":"applicationmanageconditionprice-display-component---newCondition--condBaseQty"}]}
RESULT: undefined
COMMAND: POST /session/b9718e1e48867b0fba4e39bd9ed4a756/execute/async - {"script":"<script> [776 bytes]","args":[{"enterText":"1","selector":{"id":"application-manageconditionprice-display-component---newCondition--condBaseQty","interaction":{"idSuffix":"inner"}},"clearTextFirst":true,"interactionType":"ENTER_TEXT"}]}
RESULT: {}
RESULT: {"script":"<script> [776 bytes]","args":[{"enterText":"1","selector":{"id":"application-manageconditionprice-display-component---newCondition--condBaseQty","interaction":{"idSuffix":"inner"}},"clearTextFirst":true,"interactionType":"ENTER_TEXT"}]}
COMMAND: POST /session/b9718e1e48867b0fba4e39bd9ed4a756/execute/async - {"script":"<script> [1562 bytes]","args":[{"selector":{"id":"application-manageconditionprice-display-component---newCondition--condValue","interaction":{"idSuffix":"inner"}},"wdio_ui5_key":"applicationmanageconditionprice-display-component---newCondition--condValue"}]}
RESULT: {"script":"<script> [1562 bytes]","args":[{"selector":{"id":"application-manageconditionprice-display-component---newCondition--condValue","interaction":{"idSuffix":"inner"}},"wdio_ui5_key":"applicationmanageconditionprice-display-component---newCondition--condValue"}]}
RESULT: undefined
COMMAND: POST /session/b9718e1e48867b0fba4e39bd9ed4a756/execute/async - {"script":"<script> [776 bytes]","args":[{"enterText":"100","selector":{"id":"application-manageconditionprice-display-component---newCondition--condValue","interaction":{"idSuffix":"inner"}},"clearTextFirst":true,"interactionType":"ENTER_TEXT"}]}
RESULT: {"script":"<script> [776 bytes]","args":[{"enterText":"100","selector":{"id":"application-manageconditionprice-display-component---newCondition--condValue","interaction":{"idSuffix":"inner"}},"clearTextFirst":true,"interactionType":"ENTER_TEXT"}]}
COMMAND: POST /session/b9718e1e48867b0fba4e39bd9ed4a756/execute/async - {"script":"<script> [1562 bytes]","args":[{"selector":{"id":"application-manageconditionprice-display-component---newCondition--condCurr-arrow"},"wdio_ui5_key":"applicationmanageconditionprice-display-component---newCondition--condCurr-arrow"}]}
RESULT: {"script":"<script> [1562 bytes]","args":[{"selector":{"id":"application-manageconditionprice-display-component---newCondition--condCurr-arrow"},"wdio_ui5_key":"applicationmanageconditionprice-display-component---newCondition--condCurr-arrow"}]}
RESULT: undefined
COMMAND: POST /session/b9718e1e48867b0fba4e39bd9ed4a756/element - {"using":"xpath","value":"//*[@id=\"application-manageconditionprice-display-component---newCondition--condCurr-arrow\"]"}
RESULT: {"using":"xpath","value":"//*[@id=\"application-manageconditionprice-display-component---newCondition--condCurr-arrow\"]"}
COMMAND: POST /session/b9718e1e48867b0fba4e39bd9ed4a756/element/f.FE1DA32CFDBC8F8C890368A9A93AADEA.d.30701D24633223539B4E6AC0AFE0A22A.e.17404/click - {}
RESULT: {}
COMMAND: POST /session/b9718e1e48867b0fba4e39bd9ed4a756/element - {"using":"xpath","value":"//span[contains(text(), \"Euro\")]"}
COMMAND: GET /session/b9718e1e48867b0fba4e39bd9ed4a756/screenshot - {}
RESULT: {"using":"xpath","value":"//span[contains(text(), \"Euro\")]"}
COMMAND: POST /session/b9718e1e48867b0fba4e39bd9ed4a756/element/f.FE1DA32CFDBC8F8C890368A9A93AADEA.d.30701D24633223539B4E6AC0AFE0A22A.e.17463/click - {}
RESULT: {}
RESULT: {}
COMMAND: POST /session/b9718e1e48867b0fba4e39bd9ed4a756/element - {"using":"xpath","value":"//button[@data-kt=\"saveButton\"]"}
COMMAND: GET /session/b9718e1e48867b0fba4e39bd9ed4a756/screenshot - {}
RESULT: {"using":"xpath","value":"//button[@data-kt=\"saveButton\"]"}
COMMAND: POST /session/b9718e1e48867b0fba4e39bd9ed4a756/element/f.FE1DA32CFDBC8F8C890368A9A93AADEA.d.30701D24633223539B4E6AC0AFE0A22A.e.17405/click - {}
RESULT: {}
RESULT: {}
COMMAND: GET /session/b9718e1e48867b0fba4e39bd9ed4a756/screenshot - {}
RESULT: {}
COMMAND: POST /session/b9718e1e48867b0fba4e39bd9ed4a756/execute/async - {"script":"<script> [1562 bytes]","args":[{"selector":{"id":"application-manageconditionprice-display-component---conditions--smartFilterBar-btnBasicSearch","interaction":{"idSuffix":"I"}},"wdio_ui5_key":"applicationmanageconditionprice-display-component---conditions--smartFilterBar-btnBasicSearch"}]}
RESULT: {"script":"<script> [1562 bytes]","args":[{"selector":{"id":"application-manageconditionprice-display-component---conditions--smartFilterBar-btnBasicSearch","interaction":{"idSuffix":"I"}},"wdio_ui5_key":"applicationmanageconditionprice-display-component---conditions--smartFilterBar-btnBasicSearch"}]}
RESULT: undefined
COMMAND: POST /session/b9718e1e48867b0fba4e39bd9ed4a756/execute/async - {"script":"<script> [776 bytes]","args":[{"enterText":"26lYY46MEc","selector":{"id":"application-manageconditionprice-display-component---conditions--smartFilterBar-btnBasicSearch","interaction":{"idSuffix":"I"}},"clearTextFirst":true,"interactionType":"ENTER_TEXT"}]}
RESULT: {"script":"<script> [776 bytes]","args":[{"enterText":"26lYY46MEc","selector":{"id":"application-manageconditionprice-display-component---conditions--smartFilterBar-btnBasicSearch","interaction":{"idSuffix":"I"}},"clearTextFirst":true,"interactionType":"ENTER_TEXT"}]}
COMMAND: POST /session/b9718e1e48867b0fba4e39bd9ed4a756/actions - {"actions":[{"id":"action64","type":"key","parameters":{},"actions":[{"type":"keyDown","value":"î€‡"},{"type":"pause","duration":10},{"type":"keyUp","value":"î€‡"}]}]}
RESULT: {"actions":[{"id":"action64","type":"key","parameters":{},"actions":[{"type":"keyDown","value":"î€‡"},{"type":"pause","duration":10},{"type":"keyUp","value":"î€‡"}]}]}
COMMAND: GET /session/b9718e1e48867b0fba4e39bd9ed4a756/screenshot - {}
RESULT: {}
COMMAND: POST /session/b9718e1e48867b0fba4e39bd9ed4a756/execute/async - {"script":"<script> [1562 bytes]","args":[{"selector":{"id":"application-manageconditionprice-display-component---conditions--smartFilterBar-filterItemControl_BASIC-BILL_TYPES-vhi"},"wdio_ui5_key":"applicationmanageconditionprice-display-component---conditions--smartFilterBar-filterItemControl_BASIC-BILL_TYPES-vhi"}]}
RESULT: {"script":"<script> [1562 bytes]","args":[{"selector":{"id":"application-manageconditionprice-display-component---conditions--smartFilterBar-filterItemControl_BASIC-BILL_TYPES-vhi"},"wdio_ui5_key":"applicationmanageconditionprice-display-component---conditions--smartFilterBar-filterItemControl_BASIC-BILL_TYPES-vhi"}]}
RESULT: undefined
COMMAND: POST /session/b9718e1e48867b0fba4e39bd9ed4a756/element - {"using":"xpath","value":"//*[@id=\"application-manageconditionprice-display-component---conditions--smartFilterBar-filterItemControl_BASIC-BILL_TYPES-vhi\"]"}
RESULT: {"using":"xpath","value":"//*[@id=\"application-manageconditionprice-display-component---conditions--smartFilterBar-filterItemControl_BASIC-BILL_TYPES-vhi\"]"}
COMMAND: POST /session/b9718e1e48867b0fba4e39bd9ed4a756/element/f.FE1DA32CFDBC8F8C890368A9A93AADEA.d.30701D24633223539B4E6AC0AFE0A22A.e.17569/click - {}
RESULT: {}
COMMAND: POST /session/b9718e1e48867b0fba4e39bd9ed4a756/execute/async - {"script":"<script> [1562 bytes]","args":[{"selector":{"id":"application-manageconditionprice-display-component---conditions--smartFilterBar-filterItemControl_BASIC-BILL_TYPES-valueHelpDialog-smartFilterBar-btnBasicSearch","searchOpenDialogs":true,"interaction":{"idSuffix":"I"}},"wdio_ui5_key":"applicationmanageconditionprice-display-component---conditions--smartFilterBar-filterItemControl_BASIC-BILL_TYPES-valueHelpDialog-smartFilterBar-btnBasicSearch"}]}
COMMAND: GET /session/b9718e1e48867b0fba4e39bd9ed4a756/screenshot - {}
RESULT: {"script":"<script> [1562 bytes]","args":[{"selector":{"id":"application-manageconditionprice-display-component---conditions--smartFilterBar-filterItemControl_BASIC-BILL_TYPES-valueHelpDialog-smartFilterBar-btnBasicSearch","searchOpenDialogs":true,"interaction":{"idSuffix":"I"}},"wdio_ui5_key":"applicationmanageconditionprice-display-component---conditions--smartFilterBar-filterItemControl_BASIC-BILL_TYPES-valueHelpDialog-smartFilterBar-btnBasicSearch"}]}
RESULT: undefined
COMMAND: POST /session/b9718e1e48867b0fba4e39bd9ed4a756/execute/async - {"script":"<script> [776 bytes]","args":[{"enterText":"TB","selector":{"id":"application-manageconditionprice-display-component---conditions--smartFilterBar-filterItemControl_BASIC-BILL_TYPES-valueHelpDialog-smartFilterBar-btnBasicSearch","searchOpenDialogs":true,"interaction":{"idSuffix":"I"}},"clearTextFirst":true,"interactionType":"ENTER_TEXT"}]}
RESULT: {}
RESULT: {"script":"<script> [776 bytes]","args":[{"enterText":"TB","selector":{"id":"application-manageconditionprice-display-component---conditions--smartFilterBar-filterItemControl_BASIC-BILL_TYPES-valueHelpDialog-smartFilterBar-btnBasicSearch","searchOpenDialogs":true,"interaction":{"idSuffix":"I"}},"clearTextFirst":true,"interactionType":"ENTER_TEXT"}]}
COMMAND: POST /session/b9718e1e48867b0fba4e39bd9ed4a756/actions - {"actions":[{"id":"action65","type":"key","parameters":{},"actions":[{"type":"keyDown","value":"î€‡"},{"type":"pause","duration":10},{"type":"keyUp","value":"î€‡"}]}]}
RESULT: {"actions":[{"id":"action65","type":"key","parameters":{},"actions":[{"type":"keyDown","value":"î€‡"},{"type":"pause","duration":10},{"type":"keyUp","value":"î€‡"}]}]}
COMMAND: GET /session/b9718e1e48867b0fba4e39bd9ed4a756/screenshot - {}
RESULT: {}
COMMAND: POST /session/b9718e1e48867b0fba4e39bd9ed4a756/element - {"using":"xpath","value":"//div[contains(@id, 'application-manageconditionprice-display-component---conditions--smartFilterBar-filterItemControl_BASIC-BILL_TYPES-valueHelpDialog-table-rowsel0')]"}
RESULT: {"using":"xpath","value":"//div[contains(@id, 'application-manageconditionprice-display-component---conditions--smartFilterBar-filterItemControl_BASIC-BILL_TYPES-valueHelpDialog-table-rowsel0')]"}
COMMAND: POST /session/b9718e1e48867b0fba4e39bd9ed4a756/element/f.FE1DA32CFDBC8F8C890368A9A93AADEA.d.30701D24633223539B4E6AC0AFE0A22A.e.17579/click - {}
RESULT: {}
COMMAND: GET /session/b9718e1e48867b0fba4e39bd9ed4a756/screenshot - {}
RESULT: {}
COMMAND: POST /session/b9718e1e48867b0fba4e39bd9ed4a756/element - {"using":"xpath","value":"//bdi[contains(text(), \"OK\")]"}
RESULT: {"using":"xpath","value":"//bdi[contains(text(), \"OK\")]"}
COMMAND: POST /session/b9718e1e48867b0fba4e39bd9ed4a756/element/f.FE1DA32CFDBC8F8C890368A9A93AADEA.d.30701D24633223539B4E6AC0AFE0A22A.e.17581/click - {}
RESULT: {}
COMMAND: GET /session/b9718e1e48867b0fba4e39bd9ed4a756/screenshot - {}
RESULT: {}
COMMAND: POST /session/b9718e1e48867b0fba4e39bd9ed4a756/element - {"using":"xpath","value":"//span[@id=\"application-manageconditionprice-display-component---conditions--smartTable-header-inner\"]"}
RESULT: {"using":"xpath","value":"//span[@id=\"application-manageconditionprice-display-component---conditions--smartTable-header-inner\"]"}
COMMAND: POST /session/b9718e1e48867b0fba4e39bd9ed4a756/elements - {"using":"xpath","value":"//span[@id=\"application-manageconditionprice-display-component---conditions--smartTable-header-inner\"]"}
RESULT: {"using":"xpath","value":"//span[@id=\"application-manageconditionprice-display-component---conditions--smartTable-header-inner\"]"}
COMMAND: POST /session/b9718e1e48867b0fba4e39bd9ed4a756/execute/sync - {"script":"<script> [56 bytes]","args":[{"element-6066-11e4-a52e-4f735466cecf":"f.FE1DA32CFDBC8F8C890368A9A93AADEA.d.30701D24633223539B4E6AC0AFE0A22A.e.17584","ELEMENT":"f.FE1DA32CFDBC8F8C890368A9A93AADEA.d.30701D24633223539B4E6AC0AFE0A22A.e.17584"}]}
RESULT: {"script":"<script> [56 bytes]","args":[{"element-6066-11e4-a52e-4f735466cecf":"f.FE1DA32CFDBC8F8C890368A9A93AADEA.d.30701D24633223539B4E6AC0AFE0A22A.e.17584","ELEMENT":"f.FE1DA32CFDBC8F8C890368A9A93AADEA.d.30701D24633223539B4E6AC0AFE0A22A.e.17584"}]}
COMMAND: POST /session/b9718e1e48867b0fba4e39bd9ed4a756/element - {"using":"css selector","value":"#shell-header-logo"}
COMMAND: GET /session/b9718e1e48867b0fba4e39bd9ed4a756/screenshot - {}
RESULT: {"using":"css selector","value":"#shell-header-logo"}
COMMAND: POST /session/b9718e1e48867b0fba4e39bd9ed4a756/element/f.FE1DA32CFDBC8F8C890368A9A93AADEA.d.30701D24633223539B4E6AC0AFE0A22A.e.17214/click - {}
RESULT: {}
RESULT: {}
COMMAND: GET /session/b9718e1e48867b0fba4e39bd9ed4a756/screenshot - {}
RESULT: {}
]]></system-out>
    </testcase>
    <testcase classname="chrome.136_0_7103_93.windows.Billing_Calculation_-_Time_based_(considering_transport_times)_US139738" name="Should do a stock increase for the equipment" time="87.208">
      <system-out><![CDATA[
COMMAND: POST /session/b9718e1e48867b0fba4e39bd9ed4a756/execute/async - {"script":"<script> [1562 bytes]","args":[{"selector":{"controlType":"sap.m.GenericTile","properties":{"header":"Manage Handovers"}},"wdio_ui5_key":"sapm.GenericTile{\"header\":\"Manage Handovers\"}"}]}
RESULT: {"script":"<script> [1562 bytes]","args":[{"selector":{"controlType":"sap.m.GenericTile","properties":{"header":"Manage Handovers"}},"wdio_ui5_key":"sapm.GenericTile{\"header\":\"Manage Handovers\"}"}]}
RESULT: undefined
COMMAND: POST /session/b9718e1e48867b0fba4e39bd9ed4a756/element - {"using":"xpath","value":"//*[@id=\"__tile132\"]"}
RESULT: {"using":"xpath","value":"//*[@id=\"__tile132\"]"}
COMMAND: POST /session/b9718e1e48867b0fba4e39bd9ed4a756/element/f.FE1DA32CFDBC8F8C890368A9A93AADEA.d.30701D24633223539B4E6AC0AFE0A22A.e.16262/click - {}
RESULT: {}
COMMAND: GET /session/b9718e1e48867b0fba4e39bd9ed4a756/screenshot - {}
RESULT: {}
COMMAND: POST /session/b9718e1e48867b0fba4e39bd9ed4a756/elements - {"using":"xpath","value":"//span[text()='Error']"}
RESULT: {"using":"xpath","value":"//span[text()='Error']"}
COMMAND: POST /session/b9718e1e48867b0fba4e39bd9ed4a756/element - {"using":"xpath","value":"//button[@data-kt=\"masterHOAddButton\"]"}
RESULT: {"using":"xpath","value":"//button[@data-kt=\"masterHOAddButton\"]"}
COMMAND: POST /session/b9718e1e48867b0fba4e39bd9ed4a756/elements - {"using":"xpath","value":"//button[@data-kt=\"masterHOAddButton\"]"}
RESULT: {"using":"xpath","value":"//button[@data-kt=\"masterHOAddButton\"]"}
COMMAND: POST /session/b9718e1e48867b0fba4e39bd9ed4a756/execute/sync - {"script":"<script> [8489 bytes]","args":[{"element-6066-11e4-a52e-4f735466cecf":"f.FE1DA32CFDBC8F8C890368A9A93AADEA.d.30701D24633223539B4E6AC0AFE0A22A.e.17623","ELEMENT":"f.FE1DA32CFDBC8F8C890368A9A93AADEA.d.30701D24633223539B4E6AC0AFE0A22A.e.17623"}]}
RESULT: {"script":"<script> [8489 bytes]","args":[{"element-6066-11e4-a52e-4f735466cecf":"f.FE1DA32CFDBC8F8C890368A9A93AADEA.d.30701D24633223539B4E6AC0AFE0A22A.e.17623","ELEMENT":"f.FE1DA32CFDBC8F8C890368A9A93AADEA.d.30701D24633223539B4E6AC0AFE0A22A.e.17623"}]}
COMMAND: GET /session/b9718e1e48867b0fba4e39bd9ed4a756/element/f.FE1DA32CFDBC8F8C890368A9A93AADEA.d.30701D24633223539B4E6AC0AFE0A22A.e.17623/enabled - {}
COMMAND: GET /session/b9718e1e48867b0fba4e39bd9ed4a756/screenshot - {}
RESULT: {}
COMMAND: POST /session/b9718e1e48867b0fba4e39bd9ed4a756/execute/sync - {"script":"<script> [8489 bytes]","args":[{"element-6066-11e4-a52e-4f735466cecf":"f.FE1DA32CFDBC8F8C890368A9A93AADEA.d.30701D24633223539B4E6AC0AFE0A22A.e.17623","ELEMENT":"f.FE1DA32CFDBC8F8C890368A9A93AADEA.d.30701D24633223539B4E6AC0AFE0A22A.e.17623"}]}
COMMAND: GET /session/b9718e1e48867b0fba4e39bd9ed4a756/screenshot - {}
RESULT: {}
RESULT: {"script":"<script> [8489 bytes]","args":[{"element-6066-11e4-a52e-4f735466cecf":"f.FE1DA32CFDBC8F8C890368A9A93AADEA.d.30701D24633223539B4E6AC0AFE0A22A.e.17623","ELEMENT":"f.FE1DA32CFDBC8F8C890368A9A93AADEA.d.30701D24633223539B4E6AC0AFE0A22A.e.17623"}]}
COMMAND: POST /session/b9718e1e48867b0fba4e39bd9ed4a756/execute/sync - {"script":"<script> [5351 bytes]","args":[{"element-6066-11e4-a52e-4f735466cecf":"f.FE1DA32CFDBC8F8C890368A9A93AADEA.d.30701D24633223539B4E6AC0AFE0A22A.e.17623","ELEMENT":"f.FE1DA32CFDBC8F8C890368A9A93AADEA.d.30701D24633223539B4E6AC0AFE0A22A.e.17623"}]}
COMMAND: GET /session/b9718e1e48867b0fba4e39bd9ed4a756/screenshot - {}
RESULT: {}
RESULT: {"script":"<script> [5351 bytes]","args":[{"element-6066-11e4-a52e-4f735466cecf":"f.FE1DA32CFDBC8F8C890368A9A93AADEA.d.30701D24633223539B4E6AC0AFE0A22A.e.17623","ELEMENT":"f.FE1DA32CFDBC8F8C890368A9A93AADEA.d.30701D24633223539B4E6AC0AFE0A22A.e.17623"}]}
COMMAND: POST /session/b9718e1e48867b0fba4e39bd9ed4a756/element/f.FE1DA32CFDBC8F8C890368A9A93AADEA.d.30701D24633223539B4E6AC0AFE0A22A.e.17623/click - {}
COMMAND: GET /session/b9718e1e48867b0fba4e39bd9ed4a756/screenshot - {}
RESULT: {}
RESULT: {}
COMMAND: GET /session/b9718e1e48867b0fba4e39bd9ed4a756/screenshot - {}
COMMAND: POST /session/b9718e1e48867b0fba4e39bd9ed4a756/element - {"using":"xpath","value":"//span[contains(@id ,\"AddNewHO--typeSelect-arrow\")]"}
RESULT: {}
RESULT: {}
RESULT: {"using":"xpath","value":"//span[contains(@id ,\"AddNewHO--typeSelect-arrow\")]"}
COMMAND: POST /session/b9718e1e48867b0fba4e39bd9ed4a756/element/f.FE1DA32CFDBC8F8C890368A9A93AADEA.d.30701D24633223539B4E6AC0AFE0A22A.e.17988/click - {}
RESULT: {}
COMMAND: GET /session/b9718e1e48867b0fba4e39bd9ed4a756/screenshot - {}
RESULT: {}
COMMAND: POST /session/b9718e1e48867b0fba4e39bd9ed4a756/element - {"using":"xpath","value":"(//li[contains(text(), \"stock increase yard\")])[1]"}
RESULT: {"using":"xpath","value":"(//li[contains(text(), \"stock increase yard\")])[1]"}
COMMAND: POST /session/b9718e1e48867b0fba4e39bd9ed4a756/element/f.FE1DA32CFDBC8F8C890368A9A93AADEA.d.30701D24633223539B4E6AC0AFE0A22A.e.17989/click - {}
RESULT: {}
COMMAND: GET /session/b9718e1e48867b0fba4e39bd9ed4a756/screenshot - {}
RESULT: {}
COMMAND: POST /session/b9718e1e48867b0fba4e39bd9ed4a756/execute/async - {"script":"<script> [1562 bytes]","args":[{"selector":{"id":"application-managehandovers-display-component---AddNewHO--dueDate","interaction":{"idSuffix":"inner"}},"wdio_ui5_key":"applicationmanagehandovers-display-component---AddNewHO--dueDate"}]}
RESULT: {"script":"<script> [1562 bytes]","args":[{"selector":{"id":"application-managehandovers-display-component---AddNewHO--dueDate","interaction":{"idSuffix":"inner"}},"wdio_ui5_key":"applicationmanagehandovers-display-component---AddNewHO--dueDate"}]}
RESULT: undefined
COMMAND: POST /session/b9718e1e48867b0fba4e39bd9ed4a756/execute/async - {"script":"<script> [6424 bytes]","args":[{"element-6066-11e4-a52e-4f735466cecf":"f.FE1DA32CFDBC8F8C890368A9A93AADEA.d.30701D24633223539B4E6AC0AFE0A22A.e.17991"},"setValue",["5/17/25"]]}
RESULT: {"script":"<script> [6424 bytes]","args":[{"element-6066-11e4-a52e-4f735466cecf":"f.FE1DA32CFDBC8F8C890368A9A93AADEA.d.30701D24633223539B4E6AC0AFE0A22A.e.17991"},"setValue",["5/17/25"]]}
COMMAND: POST /session/b9718e1e48867b0fba4e39bd9ed4a756/element - {"using":"xpath","value":"//input[@id=\"generalSectionFrg--receiveYard-inner\"]"}
RESULT: {"using":"xpath","value":"//input[@id=\"generalSectionFrg--receiveYard-inner\"]"}
COMMAND: POST /session/b9718e1e48867b0fba4e39bd9ed4a756/element/f.FE1DA32CFDBC8F8C890368A9A93AADEA.d.30701D24633223539B4E6AC0AFE0A22A.e.17995/clear - {}
RESULT: {}
COMMAND: POST /session/b9718e1e48867b0fba4e39bd9ed4a756/element/f.FE1DA32CFDBC8F8C890368A9A93AADEA.d.30701D24633223539B4E6AC0AFE0A22A.e.17995/value - {"text":"502"}
COMMAND: GET /session/b9718e1e48867b0fba4e39bd9ed4a756/screenshot - {}
RESULT: {"text":"502"}
COMMAND: GET /session/b9718e1e48867b0fba4e39bd9ed4a756/screenshot - {}
RESULT: {}
RESULT: {}
COMMAND: POST /session/b9718e1e48867b0fba4e39bd9ed4a756/element - {"using":"xpath","value":"//li[.//span[text()='502']]"}
RESULT: {"using":"xpath","value":"//li[.//span[text()='502']]"}
COMMAND: POST /session/b9718e1e48867b0fba4e39bd9ed4a756/element/f.FE1DA32CFDBC8F8C890368A9A93AADEA.d.30701D24633223539B4E6AC0AFE0A22A.e.18013/click - {}
RESULT: {}
COMMAND: GET /session/b9718e1e48867b0fba4e39bd9ed4a756/screenshot - {}
RESULT: {}
COMMAND: POST /session/b9718e1e48867b0fba4e39bd9ed4a756/execute/async - {"script":"<script> [1562 bytes]","args":[{"selector":{"id":"application-managehandovers-display-component---AddNewHO--ObjectPageLayout-anchBar-application-managehandovers-display-component---AddNewHO--section4-anchor","interaction":{"idSuffix":"BDI-content"}},"wdio_ui5_key":"applicationmanagehandovers-display-component---AddNewHO--ObjectPageLayout-anchBar-application-managehandovers-display-component---AddNewHO--section4-anchor"}]}
RESULT: {"script":"<script> [1562 bytes]","args":[{"selector":{"id":"application-managehandovers-display-component---AddNewHO--ObjectPageLayout-anchBar-application-managehandovers-display-component---AddNewHO--section4-anchor","interaction":{"idSuffix":"BDI-content"}},"wdio_ui5_key":"applicationmanagehandovers-display-component---AddNewHO--ObjectPageLayout-anchBar-application-managehandovers-display-component---AddNewHO--section4-anchor"}]}
RESULT: undefined
COMMAND: POST /session/b9718e1e48867b0fba4e39bd9ed4a756/element - {"using":"xpath","value":"//*[@id=\"application-managehandovers-display-component---AddNewHO--ObjectPageLayout-anchBar-application-managehandovers-display-component---AddNewHO--section4-anchor\"]"}
RESULT: {"using":"xpath","value":"//*[@id=\"application-managehandovers-display-component---AddNewHO--ObjectPageLayout-anchBar-application-managehandovers-display-component---AddNewHO--section4-anchor\"]"}
COMMAND: POST /session/b9718e1e48867b0fba4e39bd9ed4a756/element/f.FE1DA32CFDBC8F8C890368A9A93AADEA.d.30701D24633223539B4E6AC0AFE0A22A.e.18015/click - {}
RESULT: {}
COMMAND: POST /session/b9718e1e48867b0fba4e39bd9ed4a756/element - {"using":"xpath","value":"//button[@aria-label=\"Add\"]"}
COMMAND: GET /session/b9718e1e48867b0fba4e39bd9ed4a756/screenshot - {}
RESULT: {"using":"xpath","value":"//button[@aria-label=\"Add\"]"}
COMMAND: POST /session/b9718e1e48867b0fba4e39bd9ed4a756/element/f.FE1DA32CFDBC8F8C890368A9A93AADEA.d.30701D24633223539B4E6AC0AFE0A22A.e.18017/click - {}
RESULT: {}
RESULT: {}
COMMAND: GET /session/b9718e1e48867b0fba4e39bd9ed4a756/screenshot - {}
RESULT: {}
COMMAND: POST /session/b9718e1e48867b0fba4e39bd9ed4a756/execute/async - {"script":"<script> [1562 bytes]","args":[{"selector":{"id":"application-managehandovers-display-component---AddNewHO--smartFilterBar-btnBasicSearch","searchOpenDialogs":true,"interaction":{"idSuffix":"I"}},"wdio_ui5_key":"applicationmanagehandovers-display-component---AddNewHO--smartFilterBar-btnBasicSearch"}]}
RESULT: {"script":"<script> [1562 bytes]","args":[{"selector":{"id":"application-managehandovers-display-component---AddNewHO--smartFilterBar-btnBasicSearch","searchOpenDialogs":true,"interaction":{"idSuffix":"I"}},"wdio_ui5_key":"applicationmanagehandovers-display-component---AddNewHO--smartFilterBar-btnBasicSearch"}]}
RESULT: undefined
COMMAND: POST /session/b9718e1e48867b0fba4e39bd9ed4a756/execute/async - {"script":"<script> [776 bytes]","args":[{"enterText":"26lYY46MEc","selector":{"id":"application-managehandovers-display-component---AddNewHO--smartFilterBar-btnBasicSearch","searchOpenDialogs":true,"interaction":{"idSuffix":"I"}},"clearTextFirst":true,"interactionType":"ENTER_TEXT"}]}
RESULT: {"script":"<script> [776 bytes]","args":[{"enterText":"26lYY46MEc","selector":{"id":"application-managehandovers-display-component---AddNewHO--smartFilterBar-btnBasicSearch","searchOpenDialogs":true,"interaction":{"idSuffix":"I"}},"clearTextFirst":true,"interactionType":"ENTER_TEXT"}]}
COMMAND: POST /session/b9718e1e48867b0fba4e39bd9ed4a756/actions - {"actions":[{"id":"action66","type":"key","parameters":{},"actions":[{"type":"keyDown","value":"î€‡"},{"type":"pause","duration":10},{"type":"keyUp","value":"î€‡"}]}]}
RESULT: {"actions":[{"id":"action66","type":"key","parameters":{},"actions":[{"type":"keyDown","value":"î€‡"},{"type":"pause","duration":10},{"type":"keyUp","value":"î€‡"}]}]}
COMMAND: GET /session/b9718e1e48867b0fba4e39bd9ed4a756/screenshot - {}
RESULT: {}
COMMAND: POST /session/b9718e1e48867b0fba4e39bd9ed4a756/execute/async - {"script":"<script> [1562 bytes]","args":[{"selector":{"id":"application-managehandovers-display-component---AddNewHO--popup-sa","searchOpenDialogs":true,"interaction":{"idSuffix":"CbBg"}},"wdio_ui5_key":"applicationmanagehandovers-display-component---AddNewHO--popup-sa"}]}
RESULT: {"script":"<script> [1562 bytes]","args":[{"selector":{"id":"application-managehandovers-display-component---AddNewHO--popup-sa","searchOpenDialogs":true,"interaction":{"idSuffix":"CbBg"}},"wdio_ui5_key":"applicationmanagehandovers-display-component---AddNewHO--popup-sa"}]}
RESULT: undefined
COMMAND: POST /session/b9718e1e48867b0fba4e39bd9ed4a756/element - {"using":"xpath","value":"//*[@id=\"application-managehandovers-display-component---AddNewHO--popup-sa\"]"}
RESULT: {"using":"xpath","value":"//*[@id=\"application-managehandovers-display-component---AddNewHO--popup-sa\"]"}
COMMAND: POST /session/b9718e1e48867b0fba4e39bd9ed4a756/element/f.FE1DA32CFDBC8F8C890368A9A93AADEA.d.30701D24633223539B4E6AC0AFE0A22A.e.18169/click - {}
RESULT: {}
COMMAND: GET /session/b9718e1e48867b0fba4e39bd9ed4a756/screenshot - {}
RESULT: {}
COMMAND: POST /session/b9718e1e48867b0fba4e39bd9ed4a756/element - {"using":"xpath","value":"//bdi[contains(text(), \"Select\")]"}
RESULT: {"using":"xpath","value":"//bdi[contains(text(), \"Select\")]"}
COMMAND: POST /session/b9718e1e48867b0fba4e39bd9ed4a756/element/f.FE1DA32CFDBC8F8C890368A9A93AADEA.d.30701D24633223539B4E6AC0AFE0A22A.e.18170/click - {}
RESULT: {}
COMMAND: GET /session/b9718e1e48867b0fba4e39bd9ed4a756/screenshot - {}
RESULT: {}
COMMAND: POST /session/b9718e1e48867b0fba4e39bd9ed4a756/element - {"using":"xpath","value":"//button[@data-kt=\"AddNewHOSaveButton\"]"}
RESULT: {"using":"xpath","value":"//button[@data-kt=\"AddNewHOSaveButton\"]"}
COMMAND: POST /session/b9718e1e48867b0fba4e39bd9ed4a756/element/f.FE1DA32CFDBC8F8C890368A9A93AADEA.d.30701D24633223539B4E6AC0AFE0A22A.e.18174/click - {}
RESULT: {}
COMMAND: GET /session/b9718e1e48867b0fba4e39bd9ed4a756/screenshot - {}
RESULT: {}
COMMAND: POST /session/b9718e1e48867b0fba4e39bd9ed4a756/execute/async - {"script":"<script> [1562 bytes]","args":[{"selector":{"id":"receiptDatePicker","viewName":"etm.portal.ui.managehandovers.view.DetailExecuteHO","interaction":{"idSuffix":"inner"}},"wdio_ui5_key":"receiptDatePickeretmportal.ui.managehandovers.view.DetailExecuteHO"}]}
RESULT: {"script":"<script> [1562 bytes]","args":[{"selector":{"id":"receiptDatePicker","viewName":"etm.portal.ui.managehandovers.view.DetailExecuteHO","interaction":{"idSuffix":"inner"}},"wdio_ui5_key":"receiptDatePickeretmportal.ui.managehandovers.view.DetailExecuteHO"}]}
RESULT: undefined
COMMAND: POST /session/b9718e1e48867b0fba4e39bd9ed4a756/execute/async - {"script":"<script> [6424 bytes]","args":[{"element-6066-11e4-a52e-4f735466cecf":"f.FE1DA32CFDBC8F8C890368A9A93AADEA.d.30701D24633223539B4E6AC0AFE0A22A.e.18212"},"setValue",["5/17/25"]]}
RESULT: {"script":"<script> [6424 bytes]","args":[{"element-6066-11e4-a52e-4f735466cecf":"f.FE1DA32CFDBC8F8C890368A9A93AADEA.d.30701D24633223539B4E6AC0AFE0A22A.e.18212"},"setValue",["5/17/25"]]}
COMMAND: POST /session/b9718e1e48867b0fba4e39bd9ed4a756/element - {"using":"xpath","value":"//button[@data-kt=\"PickingTableConfirmAllButton\"]"}
RESULT: {"using":"xpath","value":"//button[@data-kt=\"PickingTableConfirmAllButton\"]"}
COMMAND: POST /session/b9718e1e48867b0fba4e39bd9ed4a756/element/f.FE1DA32CFDBC8F8C890368A9A93AADEA.d.30701D24633223539B4E6AC0AFE0A22A.e.18226/click - {}
RESULT: {}
COMMAND: GET /session/b9718e1e48867b0fba4e39bd9ed4a756/screenshot - {}
RESULT: {}
COMMAND: POST /session/b9718e1e48867b0fba4e39bd9ed4a756/element - {"using":"xpath","value":"//bdi[contains(text(), \"OK\")]"}
RESULT: {"using":"xpath","value":"//bdi[contains(text(), \"OK\")]"}
COMMAND: POST /session/b9718e1e48867b0fba4e39bd9ed4a756/element/f.FE1DA32CFDBC8F8C890368A9A93AADEA.d.30701D24633223539B4E6AC0AFE0A22A.e.18228/click - {}
RESULT: {}
COMMAND: GET /session/b9718e1e48867b0fba4e39bd9ed4a756/screenshot - {}
RESULT: {}
COMMAND: POST /session/b9718e1e48867b0fba4e39bd9ed4a756/element - {"using":"xpath","value":"(//bdi[contains(text(), \"Receive\")])[2]"}
RESULT: {"using":"xpath","value":"(//bdi[contains(text(), \"Receive\")])[2]"}
COMMAND: POST /session/b9718e1e48867b0fba4e39bd9ed4a756/element/f.FE1DA32CFDBC8F8C890368A9A93AADEA.d.30701D24633223539B4E6AC0AFE0A22A.e.18230/click - {}
RESULT: {}
COMMAND: GET /session/b9718e1e48867b0fba4e39bd9ed4a756/screenshot - {}
RESULT: {}
COMMAND: POST /session/b9718e1e48867b0fba4e39bd9ed4a756/element - {"using":"css selector","value":"#shell-header-logo"}
RESULT: {"using":"css selector","value":"#shell-header-logo"}
COMMAND: POST /session/b9718e1e48867b0fba4e39bd9ed4a756/element/f.FE1DA32CFDBC8F8C890368A9A93AADEA.d.30701D24633223539B4E6AC0AFE0A22A.e.17590/click - {}
RESULT: {}
COMMAND: GET /session/b9718e1e48867b0fba4e39bd9ed4a756/screenshot - {}
RESULT: {}
]]></system-out>
    </testcase>
    <testcase classname="chrome.136_0_7103_93.windows.Billing_Calculation_-_Time_based_(considering_transport_times)_US139738" name="Should create a new contract" time="63.314">
      <system-out><![CDATA[
COMMAND: POST /session/b9718e1e48867b0fba4e39bd9ed4a756/execute/async - {"script":"<script> [1562 bytes]","args":[{"selector":{"controlType":"sap.m.GenericTile","properties":{"header":"Manage Contracts"}},"wdio_ui5_key":"sapm.GenericTile{\"header\":\"Manage Contracts\"}"}]}
RESULT: {"script":"<script> [1562 bytes]","args":[{"selector":{"controlType":"sap.m.GenericTile","properties":{"header":"Manage Contracts"}},"wdio_ui5_key":"sapm.GenericTile{\"header\":\"Manage Contracts\"}"}]}
RESULT: undefined
COMMAND: POST /session/b9718e1e48867b0fba4e39bd9ed4a756/element - {"using":"xpath","value":"//*[@id=\"__tile130\"]"}
RESULT: {"using":"xpath","value":"//*[@id=\"__tile130\"]"}
COMMAND: POST /session/b9718e1e48867b0fba4e39bd9ed4a756/element/f.FE1DA32CFDBC8F8C890368A9A93AADEA.d.30701D24633223539B4E6AC0AFE0A22A.e.16192/click - {}
RESULT: {}
COMMAND: GET /session/b9718e1e48867b0fba4e39bd9ed4a756/screenshot - {}
RESULT: {}
COMMAND: POST /session/b9718e1e48867b0fba4e39bd9ed4a756/elements - {"using":"xpath","value":"//span[text()='Error']"}
RESULT: {"using":"xpath","value":"//span[text()='Error']"}
COMMAND: POST /session/b9718e1e48867b0fba4e39bd9ed4a756/element - {"using":"xpath","value":"//button[@data-kt=\"addButton\"]"}
RESULT: {"using":"xpath","value":"//button[@data-kt=\"addButton\"]"}
COMMAND: POST /session/b9718e1e48867b0fba4e39bd9ed4a756/elements - {"using":"xpath","value":"//button[@data-kt=\"addButton\"]"}
RESULT: {"using":"xpath","value":"//button[@data-kt=\"addButton\"]"}
COMMAND: POST /session/b9718e1e48867b0fba4e39bd9ed4a756/execute/sync - {"script":"<script> [8489 bytes]","args":[{"element-6066-11e4-a52e-4f735466cecf":"f.FE1DA32CFDBC8F8C890368A9A93AADEA.d.30701D24633223539B4E6AC0AFE0A22A.e.18450","ELEMENT":"f.FE1DA32CFDBC8F8C890368A9A93AADEA.d.30701D24633223539B4E6AC0AFE0A22A.e.18450"}]}
RESULT: {"script":"<script> [8489 bytes]","args":[{"element-6066-11e4-a52e-4f735466cecf":"f.FE1DA32CFDBC8F8C890368A9A93AADEA.d.30701D24633223539B4E6AC0AFE0A22A.e.18450","ELEMENT":"f.FE1DA32CFDBC8F8C890368A9A93AADEA.d.30701D24633223539B4E6AC0AFE0A22A.e.18450"}]}
COMMAND: GET /session/b9718e1e48867b0fba4e39bd9ed4a756/element/f.FE1DA32CFDBC8F8C890368A9A93AADEA.d.30701D24633223539B4E6AC0AFE0A22A.e.18450/enabled - {}
COMMAND: GET /session/b9718e1e48867b0fba4e39bd9ed4a756/screenshot - {}
RESULT: {}
COMMAND: POST /session/b9718e1e48867b0fba4e39bd9ed4a756/execute/sync - {"script":"<script> [8489 bytes]","args":[{"element-6066-11e4-a52e-4f735466cecf":"f.FE1DA32CFDBC8F8C890368A9A93AADEA.d.30701D24633223539B4E6AC0AFE0A22A.e.18450","ELEMENT":"f.FE1DA32CFDBC8F8C890368A9A93AADEA.d.30701D24633223539B4E6AC0AFE0A22A.e.18450"}]}
COMMAND: GET /session/b9718e1e48867b0fba4e39bd9ed4a756/screenshot - {}
RESULT: {}
RESULT: {"script":"<script> [8489 bytes]","args":[{"element-6066-11e4-a52e-4f735466cecf":"f.FE1DA32CFDBC8F8C890368A9A93AADEA.d.30701D24633223539B4E6AC0AFE0A22A.e.18450","ELEMENT":"f.FE1DA32CFDBC8F8C890368A9A93AADEA.d.30701D24633223539B4E6AC0AFE0A22A.e.18450"}]}
COMMAND: POST /session/b9718e1e48867b0fba4e39bd9ed4a756/execute/sync - {"script":"<script> [5351 bytes]","args":[{"element-6066-11e4-a52e-4f735466cecf":"f.FE1DA32CFDBC8F8C890368A9A93AADEA.d.30701D24633223539B4E6AC0AFE0A22A.e.18450","ELEMENT":"f.FE1DA32CFDBC8F8C890368A9A93AADEA.d.30701D24633223539B4E6AC0AFE0A22A.e.18450"}]}
COMMAND: GET /session/b9718e1e48867b0fba4e39bd9ed4a756/screenshot - {}
RESULT: {}
RESULT: {"script":"<script> [5351 bytes]","args":[{"element-6066-11e4-a52e-4f735466cecf":"f.FE1DA32CFDBC8F8C890368A9A93AADEA.d.30701D24633223539B4E6AC0AFE0A22A.e.18450","ELEMENT":"f.FE1DA32CFDBC8F8C890368A9A93AADEA.d.30701D24633223539B4E6AC0AFE0A22A.e.18450"}]}
COMMAND: GET /session/b9718e1e48867b0fba4e39bd9ed4a756/screenshot - {}
RESULT: {}
RESULT: {}
COMMAND: POST /session/b9718e1e48867b0fba4e39bd9ed4a756/element/f.FE1DA32CFDBC8F8C890368A9A93AADEA.d.30701D24633223539B4E6AC0AFE0A22A.e.18450/click - {}
RESULT: {}
COMMAND: GET /session/b9718e1e48867b0fba4e39bd9ed4a756/screenshot - {}
COMMAND: POST /session/b9718e1e48867b0fba4e39bd9ed4a756/execute/async - {"script":"<script> [1562 bytes]","args":[{"selector":{"id":"application-managecontracts-display-component---AddNewContract--projectDescription","interaction":{"idSuffix":"inner"}},"wdio_ui5_key":"applicationmanagecontracts-display-component---AddNewContract--projectDescription"}]}
RESULT: {}
RESULT: {"script":"<script> [1562 bytes]","args":[{"selector":{"id":"application-managecontracts-display-component---AddNewContract--projectDescription","interaction":{"idSuffix":"inner"}},"wdio_ui5_key":"applicationmanagecontracts-display-component---AddNewContract--projectDescription"}]}
RESULT: undefined
COMMAND: POST /session/b9718e1e48867b0fba4e39bd9ed4a756/execute/async - {"script":"<script> [776 bytes]","args":[{"enterText":"Contract WDIO","selector":{"id":"application-managecontracts-display-component---AddNewContract--projectDescription","interaction":{"idSuffix":"inner"}},"clearTextFirst":true,"interactionType":"ENTER_TEXT"}]}
RESULT: {"script":"<script> [776 bytes]","args":[{"enterText":"Contract WDIO","selector":{"id":"application-managecontracts-display-component---AddNewContract--projectDescription","interaction":{"idSuffix":"inner"}},"clearTextFirst":true,"interactionType":"ENTER_TEXT"}]}
COMMAND: POST /session/b9718e1e48867b0fba4e39bd9ed4a756/element - {"using":"xpath","value":"//input[@id=\"application-managecontracts-display-component---AddNewContract--site-inner\"]"}
RESULT: {"using":"xpath","value":"//input[@id=\"application-managecontracts-display-component---AddNewContract--site-inner\"]"}
COMMAND: POST /session/b9718e1e48867b0fba4e39bd9ed4a756/element/f.FE1DA32CFDBC8F8C890368A9A93AADEA.d.30701D24633223539B4E6AC0AFE0A22A.e.18806/clear - {}
RESULT: {}
COMMAND: POST /session/b9718e1e48867b0fba4e39bd9ed4a756/element/f.FE1DA32CFDBC8F8C890368A9A93AADEA.d.30701D24633223539B4E6AC0AFE0A22A.e.18806/value - {"text":"2242"}
COMMAND: GET /session/b9718e1e48867b0fba4e39bd9ed4a756/screenshot - {}
RESULT: {"text":"2242"}
COMMAND: GET /session/b9718e1e48867b0fba4e39bd9ed4a756/screenshot - {}
RESULT: {}
RESULT: {}
COMMAND: POST /session/b9718e1e48867b0fba4e39bd9ed4a756/element - {"using":"xpath","value":"//li[.//span[text()='2242']]"}
RESULT: {"using":"xpath","value":"//li[.//span[text()='2242']]"}
COMMAND: POST /session/b9718e1e48867b0fba4e39bd9ed4a756/element/f.FE1DA32CFDBC8F8C890368A9A93AADEA.d.30701D24633223539B4E6AC0AFE0A22A.e.18833/click - {}
RESULT: {}
COMMAND: GET /session/b9718e1e48867b0fba4e39bd9ed4a756/screenshot - {}
RESULT: {}
COMMAND: POST /session/b9718e1e48867b0fba4e39bd9ed4a756/element - {"using":"xpath","value":"//input[@id=\"application-managecontracts-display-component---AddNewContract--yardId-inner\"]"}
RESULT: {"using":"xpath","value":"//input[@id=\"application-managecontracts-display-component---AddNewContract--yardId-inner\"]"}
COMMAND: GET /session/b9718e1e48867b0fba4e39bd9ed4a756/element/f.FE1DA32CFDBC8F8C890368A9A93AADEA.d.30701D24633223539B4E6AC0AFE0A22A.e.18807/property/value - {}
RESULT: {}
COMMAND: POST /session/b9718e1e48867b0fba4e39bd9ed4a756/element - {"using":"xpath","value":"//input[@id=\"application-managecontracts-display-component---AddNewContract--customerSelect-inner\"]"}
COMMAND: GET /session/b9718e1e48867b0fba4e39bd9ed4a756/screenshot - {}
RESULT: {"using":"xpath","value":"//input[@id=\"application-managecontracts-display-component---AddNewContract--customerSelect-inner\"]"}
COMMAND: POST /session/b9718e1e48867b0fba4e39bd9ed4a756/element/f.FE1DA32CFDBC8F8C890368A9A93AADEA.d.30701D24633223539B4E6AC0AFE0A22A.e.18805/clear - {}
RESULT: {}
RESULT: {}
COMMAND: POST /session/b9718e1e48867b0fba4e39bd9ed4a756/element/f.FE1DA32CFDBC8F8C890368A9A93AADEA.d.30701D24633223539B4E6AC0AFE0A22A.e.18805/value - {"text":"1286"}
COMMAND: GET /session/b9718e1e48867b0fba4e39bd9ed4a756/screenshot - {}
RESULT: {"text":"1286"}
COMMAND: GET /session/b9718e1e48867b0fba4e39bd9ed4a756/screenshot - {}
RESULT: {}
RESULT: {}
COMMAND: POST /session/b9718e1e48867b0fba4e39bd9ed4a756/element - {"using":"xpath","value":"//li[.//span[text()='1286']]"}
RESULT: {"using":"xpath","value":"//li[.//span[text()='1286']]"}
COMMAND: POST /session/b9718e1e48867b0fba4e39bd9ed4a756/element/f.FE1DA32CFDBC8F8C890368A9A93AADEA.d.30701D24633223539B4E6AC0AFE0A22A.e.18836/click - {}
RESULT: {}
COMMAND: GET /session/b9718e1e48867b0fba4e39bd9ed4a756/screenshot - {}
RESULT: {}
COMMAND: POST /session/b9718e1e48867b0fba4e39bd9ed4a756/element - {"using":"xpath","value":"//button[@data-kt=\"saveButton\"]"}
RESULT: {"using":"xpath","value":"//button[@data-kt=\"saveButton\"]"}
COMMAND: POST /session/b9718e1e48867b0fba4e39bd9ed4a756/element/f.FE1DA32CFDBC8F8C890368A9A93AADEA.d.30701D24633223539B4E6AC0AFE0A22A.e.18837/click - {}
RESULT: {}
COMMAND: GET /session/b9718e1e48867b0fba4e39bd9ed4a756/screenshot - {}
RESULT: {}
COMMAND: POST /session/b9718e1e48867b0fba4e39bd9ed4a756/element - {"using":"xpath","value":"//span[contains(@id ,\"contractDetailTitleNoExpanded\")]"}
RESULT: {"using":"xpath","value":"//span[contains(@id ,\"contractDetailTitleNoExpanded\")]"}
COMMAND: POST /session/b9718e1e48867b0fba4e39bd9ed4a756/elements - {"using":"xpath","value":"//span[contains(@id ,\"contractDetailTitleNoExpanded\")]"}
RESULT: {"using":"xpath","value":"//span[contains(@id ,\"contractDetailTitleNoExpanded\")]"}
COMMAND: POST /session/b9718e1e48867b0fba4e39bd9ed4a756/execute/sync - {"script":"<script> [56 bytes]","args":[{"element-6066-11e4-a52e-4f735466cecf":"f.FE1DA32CFDBC8F8C890368A9A93AADEA.d.30701D24633223539B4E6AC0AFE0A22A.e.18908","ELEMENT":"f.FE1DA32CFDBC8F8C890368A9A93AADEA.d.30701D24633223539B4E6AC0AFE0A22A.e.18908"}]}
RESULT: {"script":"<script> [56 bytes]","args":[{"element-6066-11e4-a52e-4f735466cecf":"f.FE1DA32CFDBC8F8C890368A9A93AADEA.d.30701D24633223539B4E6AC0AFE0A22A.e.18908","ELEMENT":"f.FE1DA32CFDBC8F8C890368A9A93AADEA.d.30701D24633223539B4E6AC0AFE0A22A.e.18908"}]}
COMMAND: GET /session/b9718e1e48867b0fba4e39bd9ed4a756/screenshot - {}
RESULT: {}
]]></system-out>
    </testcase>
    <testcase classname="chrome.136_0_7103_93.windows.Billing_Calculation_-_Time_based_(considering_transport_times)_US139738" name="Should add transport time checkbox on contract details" time="15.942">
      <system-out><![CDATA[
COMMAND: POST /session/b9718e1e48867b0fba4e39bd9ed4a756/element - {"using":"xpath","value":"//button[@data-kt=\"contractDetailEditBtnButton\"]"}
RESULT: {"using":"xpath","value":"//button[@data-kt=\"contractDetailEditBtnButton\"]"}
COMMAND: POST /session/b9718e1e48867b0fba4e39bd9ed4a756/element/f.FE1DA32CFDBC8F8C890368A9A93AADEA.d.30701D24633223539B4E6AC0AFE0A22A.e.18910/click - {}
RESULT: {}
COMMAND: GET /session/b9718e1e48867b0fba4e39bd9ed4a756/screenshot - {}
RESULT: {}
COMMAND: POST /session/b9718e1e48867b0fba4e39bd9ed4a756/element - {"using":"xpath","value":"(//span[contains(text(), \"Contract Billing\")])[2]"}
RESULT: {"using":"xpath","value":"(//span[contains(text(), \"Contract Billing\")])[2]"}
COMMAND: POST /session/b9718e1e48867b0fba4e39bd9ed4a756/element/f.FE1DA32CFDBC8F8C890368A9A93AADEA.d.30701D24633223539B4E6AC0AFE0A22A.e.18966/click - {}
RESULT: {}
COMMAND: GET /session/b9718e1e48867b0fba4e39bd9ed4a756/screenshot - {}
RESULT: {}
COMMAND: POST /session/b9718e1e48867b0fba4e39bd9ed4a756/element - {"using":"xpath","value":"(//div[contains(@id, \"transportTimesBilled-CbBg\")])"}
RESULT: {"using":"xpath","value":"(//div[contains(@id, \"transportTimesBilled-CbBg\")])"}
COMMAND: POST /session/b9718e1e48867b0fba4e39bd9ed4a756/element/f.FE1DA32CFDBC8F8C890368A9A93AADEA.d.30701D24633223539B4E6AC0AFE0A22A.e.18997/click - {}
RESULT: {}
COMMAND: GET /session/b9718e1e48867b0fba4e39bd9ed4a756/screenshot - {}
RESULT: {}
COMMAND: POST /session/b9718e1e48867b0fba4e39bd9ed4a756/element - {"using":"xpath","value":"(//button[@data-kt=\"saveButton\"])[2]"}
RESULT: {"using":"xpath","value":"(//button[@data-kt=\"saveButton\"])[2]"}
COMMAND: POST /session/b9718e1e48867b0fba4e39bd9ed4a756/element/f.FE1DA32CFDBC8F8C890368A9A93AADEA.d.30701D24633223539B4E6AC0AFE0A22A.e.18998/click - {}
RESULT: {}
COMMAND: GET /session/b9718e1e48867b0fba4e39bd9ed4a756/screenshot - {}
RESULT: {}
]]></system-out>
    </testcase>
    <testcase classname="chrome.136_0_7103_93.windows.Billing_Calculation_-_Time_based_(considering_transport_times)_US139738" name="Should add created equipment to contract" time="47.13">
      <system-out><![CDATA[
COMMAND: POST /session/b9718e1e48867b0fba4e39bd9ed4a756/element - {"using":"xpath","value":"//button[@data-kt=\"contractDetailEditBtnButton\"]"}
RESULT: {"using":"xpath","value":"//button[@data-kt=\"contractDetailEditBtnButton\"]"}
COMMAND: POST /session/b9718e1e48867b0fba4e39bd9ed4a756/element/f.FE1DA32CFDBC8F8C890368A9A93AADEA.d.30701D24633223539B4E6AC0AFE0A22A.e.18910/click - {}
RESULT: {}
COMMAND: GET /session/b9718e1e48867b0fba4e39bd9ed4a756/screenshot - {}
RESULT: {}
COMMAND: POST /session/b9718e1e48867b0fba4e39bd9ed4a756/element - {"using":"xpath","value":"(//span[contains(text(), \"Additional Addresses\")])[2]"}
RESULT: {"using":"xpath","value":"(//span[contains(text(), \"Additional Addresses\")])[2]"}
COMMAND: POST /session/b9718e1e48867b0fba4e39bd9ed4a756/element/f.FE1DA32CFDBC8F8C890368A9A93AADEA.d.30701D24633223539B4E6AC0AFE0A22A.e.19014/click - {}
RESULT: {}
COMMAND: GET /session/b9718e1e48867b0fba4e39bd9ed4a756/screenshot - {}
RESULT: {}
COMMAND: POST /session/b9718e1e48867b0fba4e39bd9ed4a756/element - {"using":"xpath","value":"//button[@data-kt=\"btnAddTableRowOverflowToolbarButton\"]"}
RESULT: {"using":"xpath","value":"//button[@data-kt=\"btnAddTableRowOverflowToolbarButton\"]"}
COMMAND: POST /session/b9718e1e48867b0fba4e39bd9ed4a756/element/f.FE1DA32CFDBC8F8C890368A9A93AADEA.d.30701D24633223539B4E6AC0AFE0A22A.e.19017/click - {}
RESULT: {}
COMMAND: GET /session/b9718e1e48867b0fba4e39bd9ed4a756/screenshot - {}
RESULT: {}
COMMAND: POST /session/b9718e1e48867b0fba4e39bd9ed4a756/element - {"using":"xpath","value":"//div[(text() = 'Standard Entry' or . = 'Standard Entry')]"}
RESULT: {"using":"xpath","value":"//div[(text() = 'Standard Entry' or . = 'Standard Entry')]"}
COMMAND: POST /session/b9718e1e48867b0fba4e39bd9ed4a756/element/f.FE1DA32CFDBC8F8C890368A9A93AADEA.d.30701D24633223539B4E6AC0AFE0A22A.e.19019/click - {}
RESULT: {}
COMMAND: GET /session/b9718e1e48867b0fba4e39bd9ed4a756/screenshot - {}
RESULT: {}
COMMAND: POST /session/b9718e1e48867b0fba4e39bd9ed4a756/element - {"using":"xpath","value":"//td[7]/div/div/input"}
RESULT: {"using":"xpath","value":"//td[7]/div/div/input"}
COMMAND: POST /session/b9718e1e48867b0fba4e39bd9ed4a756/element/f.FE1DA32CFDBC8F8C890368A9A93AADEA.d.30701D24633223539B4E6AC0AFE0A22A.e.19028/clear - {}
RESULT: {}
COMMAND: POST /session/b9718e1e48867b0fba4e39bd9ed4a756/element/f.FE1DA32CFDBC8F8C890368A9A93AADEA.d.30701D24633223539B4E6AC0AFE0A22A.e.19028/value - {"text":"26lYY46MEc"}
COMMAND: GET /session/b9718e1e48867b0fba4e39bd9ed4a756/screenshot - {}
RESULT: {"text":"26lYY46MEc"}
COMMAND: GET /session/b9718e1e48867b0fba4e39bd9ed4a756/screenshot - {}
RESULT: {}
RESULT: {}
COMMAND: POST /session/b9718e1e48867b0fba4e39bd9ed4a756/actions - {"actions":[{"id":"action67","type":"key","parameters":{},"actions":[{"type":"keyDown","value":"î€‡"},{"type":"pause","duration":10},{"type":"keyUp","value":"î€‡"}]}]}
RESULT: {"actions":[{"id":"action67","type":"key","parameters":{},"actions":[{"type":"keyDown","value":"î€‡"},{"type":"pause","duration":10},{"type":"keyUp","value":"î€‡"}]}]}
COMMAND: GET /session/b9718e1e48867b0fba4e39bd9ed4a756/screenshot - {}
RESULT: {}
COMMAND: POST /session/b9718e1e48867b0fba4e39bd9ed4a756/execute/sync - {"script":"<script> [276 bytes]","args":["No pricing information was found"]}
RESULT: {"script":"<script> [276 bytes]","args":["No pricing information was found"]}
COMMAND: POST /session/b9718e1e48867b0fba4e39bd9ed4a756/element - {"using":"xpath","value":"(//button[@data-kt=\"saveButton\"])[2]"}
COMMAND: GET /session/b9718e1e48867b0fba4e39bd9ed4a756/screenshot - {}
RESULT: {"using":"xpath","value":"(//button[@data-kt=\"saveButton\"])[2]"}
COMMAND: POST /session/b9718e1e48867b0fba4e39bd9ed4a756/element/f.FE1DA32CFDBC8F8C890368A9A93AADEA.d.30701D24633223539B4E6AC0AFE0A22A.e.18998/click - {}
RESULT: {}
RESULT: {}
COMMAND: GET /session/b9718e1e48867b0fba4e39bd9ed4a756/screenshot - {}
RESULT: {}
COMMAND: POST /session/b9718e1e48867b0fba4e39bd9ed4a756/execute/sync - {"script":"<script> [276 bytes]","args":["Some contract items are having rental validity exceeding header rental validity"]}
RESULT: {"script":"<script> [276 bytes]","args":["Some contract items are having rental validity exceeding header rental validity"]}
COMMAND: GET /session/b9718e1e48867b0fba4e39bd9ed4a756/screenshot - {}
RESULT: {}
COMMAND: POST /session/b9718e1e48867b0fba4e39bd9ed4a756/element - {"using":"xpath","value":"//span[contains(@id ,\"contractItemsSmartTable-header-inner\")]"}
RESULT: {"using":"xpath","value":"//span[contains(@id ,\"contractItemsSmartTable-header-inner\")]"}
COMMAND: POST /session/b9718e1e48867b0fba4e39bd9ed4a756/elements - {"using":"xpath","value":"//span[contains(@id ,\"contractItemsSmartTable-header-inner\")]"}
RESULT: {"using":"xpath","value":"//span[contains(@id ,\"contractItemsSmartTable-header-inner\")]"}
COMMAND: POST /session/b9718e1e48867b0fba4e39bd9ed4a756/execute/sync - {"script":"<script> [56 bytes]","args":[{"element-6066-11e4-a52e-4f735466cecf":"f.FE1DA32CFDBC8F8C890368A9A93AADEA.d.30701D24633223539B4E6AC0AFE0A22A.e.19047","ELEMENT":"f.FE1DA32CFDBC8F8C890368A9A93AADEA.d.30701D24633223539B4E6AC0AFE0A22A.e.19047"}]}
RESULT: {"script":"<script> [56 bytes]","args":[{"element-6066-11e4-a52e-4f735466cecf":"f.FE1DA32CFDBC8F8C890368A9A93AADEA.d.30701D24633223539B4E6AC0AFE0A22A.e.19047","ELEMENT":"f.FE1DA32CFDBC8F8C890368A9A93AADEA.d.30701D24633223539B4E6AC0AFE0A22A.e.19047"}]}
]]></system-out>
    </testcase>
    <testcase classname="chrome.136_0_7103_93.windows.Billing_Calculation_-_Time_based_(considering_transport_times)_US139738" name="Should do a provide to site 2 step" time="158.112">
      <system-out><![CDATA[
COMMAND: POST /session/b9718e1e48867b0fba4e39bd9ed4a756/element - {"using":"xpath","value":"//button[@data-kt=\"provideButton\"]"}
COMMAND: GET /session/b9718e1e48867b0fba4e39bd9ed4a756/screenshot - {}
RESULT: {"using":"xpath","value":"//button[@data-kt=\"provideButton\"]"}
COMMAND: POST /session/b9718e1e48867b0fba4e39bd9ed4a756/element/f.FE1DA32CFDBC8F8C890368A9A93AADEA.d.30701D24633223539B4E6AC0AFE0A22A.e.19048/click - {}
RESULT: {}
RESULT: {}
COMMAND: GET /session/b9718e1e48867b0fba4e39bd9ed4a756/screenshot - {}
RESULT: {}
COMMAND: POST /session/b9718e1e48867b0fba4e39bd9ed4a756/element - {"using":"xpath","value":"(//div[contains(@id, \"application-managehandovers-display-component---AddNewHO--oneStep-CbBg\")])"}
RESULT: {"using":"xpath","value":"(//div[contains(@id, \"application-managehandovers-display-component---AddNewHO--oneStep-CbBg\")])"}
COMMAND: POST /session/b9718e1e48867b0fba4e39bd9ed4a756/element - {"using":"xpath","value":"(//div[contains(@id, \"application-managehandovers-display-component---AddNewHO--oneStep-CbBg\")])/input"}
RESULT: {"using":"xpath","value":"(//div[contains(@id, \"application-managehandovers-display-component---AddNewHO--oneStep-CbBg\")])/input"}
COMMAND: GET /session/b9718e1e48867b0fba4e39bd9ed4a756/element/f.FE1DA32CFDBC8F8C890368A9A93AADEA.d.30701D24633223539B4E6AC0AFE0A22A.e.19126/attribute/checked - {}
RESULT: {}
RESULT: undefined
COMMAND: POST /session/b9718e1e48867b0fba4e39bd9ed4a756/execute/async - {"script":"<script> [6424 bytes]","args":[{"element-6066-11e4-a52e-4f735466cecf":"f.FE1DA32CFDBC8F8C890368A9A93AADEA.d.30701D24633223539B4E6AC0AFE0A22A.e.17991"},"setValue",["5/17/25"]]}
COMMAND: POST /session/b9718e1e48867b0fba4e39bd9ed4a756/element/f.FE1DA32CFDBC8F8C890368A9A93AADEA.d.30701D24633223539B4E6AC0AFE0A22A.e.19204/click - {}
COMMAND: POST /session/b9718e1e48867b0fba4e39bd9ed4a756/execute/async - {"script":"<script> [1562 bytes]","args":[{"selector":{"id":"application-managehandovers-display-component---AddNewHO--dueDate","interaction":{"idSuffix":"inner"}},"wdio_ui5_key":"applicationmanagehandovers-display-component---AddNewHO--dueDate"}]}
RESULT: {}
COMMAND: GET /session/b9718e1e48867b0fba4e39bd9ed4a756/screenshot - {}
RESULT: {"script":"<script> [1562 bytes]","args":[{"selector":{"id":"application-managehandovers-display-component---AddNewHO--dueDate","interaction":{"idSuffix":"inner"}},"wdio_ui5_key":"applicationmanagehandovers-display-component---AddNewHO--dueDate"}]}
COMMAND: POST /session/b9718e1e48867b0fba4e39bd9ed4a756/execute/async - {"script":"<script> [6424 bytes]","args":[{"element-6066-11e4-a52e-4f735466cecf":"f.FE1DA32CFDBC8F8C890368A9A93AADEA.d.30701D24633223539B4E6AC0AFE0A22A.e.19124"},"setValue",["5/17/25"]]}
RESULT: {}
RESULT: {"script":"<script> [6424 bytes]","args":[{"element-6066-11e4-a52e-4f735466cecf":"f.FE1DA32CFDBC8F8C890368A9A93AADEA.d.30701D24633223539B4E6AC0AFE0A22A.e.19124"},"setValue",["5/17/25"]]}
COMMAND: POST /session/b9718e1e48867b0fba4e39bd9ed4a756/element - {"using":"xpath","value":"//bdi[contains(text(), \"Instructions\")]"}
RESULT: {"using":"xpath","value":"//bdi[contains(text(), \"Instructions\")]"}
COMMAND: POST /session/b9718e1e48867b0fba4e39bd9ed4a756/element/f.FE1DA32CFDBC8F8C890368A9A93AADEA.d.30701D24633223539B4E6AC0AFE0A22A.e.19208/click - {}
RESULT: {}
COMMAND: GET /session/b9718e1e48867b0fba4e39bd9ed4a756/screenshot - {}
RESULT: {}
COMMAND: POST /session/b9718e1e48867b0fba4e39bd9ed4a756/element - {"using":"xpath","value":"//button[@data-kt=\"AddNewHOProvideAddItemsButton\"]"}
RESULT: {"using":"xpath","value":"//button[@data-kt=\"AddNewHOProvideAddItemsButton\"]"}
COMMAND: POST /session/b9718e1e48867b0fba4e39bd9ed4a756/element/f.FE1DA32CFDBC8F8C890368A9A93AADEA.d.30701D24633223539B4E6AC0AFE0A22A.e.19213/click - {}
RESULT: {}
COMMAND: GET /session/b9718e1e48867b0fba4e39bd9ed4a756/screenshot - {}
RESULT: {}
RESULT: undefined
COMMAND: POST /session/b9718e1e48867b0fba4e39bd9ed4a756/element - {"using":"xpath","value":"//*[@id=\"application-managehandovers-display-component---AddNewHO--popup-sa\"]"}
RESULT: {"using":"xpath","value":"//*[@id=\"application-managehandovers-display-component---AddNewHO--popup-sa\"]"}
COMMAND: POST /session/b9718e1e48867b0fba4e39bd9ed4a756/element/f.FE1DA32CFDBC8F8C890368A9A93AADEA.d.30701D24633223539B4E6AC0AFE0A22A.e.19223/click - {}
RESULT: {}
COMMAND: GET /session/b9718e1e48867b0fba4e39bd9ed4a756/screenshot - {}
RESULT: {}
COMMAND: POST /session/b9718e1e48867b0fba4e39bd9ed4a756/element - {"using":"xpath","value":"//*[contains(@id ,\"BDI-content\")][contains(text(), \"Select\")]"}
RESULT: {"using":"xpath","value":"//*[contains(@id ,\"BDI-content\")][contains(text(), \"Select\")]"}
COMMAND: POST /session/b9718e1e48867b0fba4e39bd9ed4a756/element/f.FE1DA32CFDBC8F8C890368A9A93AADEA.d.30701D24633223539B4E6AC0AFE0A22A.e.19224/click - {}
RESULT: {}
COMMAND: GET /session/b9718e1e48867b0fba4e39bd9ed4a756/screenshot - {}
RESULT: {}
COMMAND: POST /session/b9718e1e48867b0fba4e39bd9ed4a756/execute/async - {"script":"<script> [1562 bytes]","args":[{"selector":{"id":"application-managehandovers-display-component---AddNewHO--confirmCreationButton","interaction":{"idSuffix":"BDI-content"}},"wdio_ui5_key":"applicationmanagehandovers-display-component---AddNewHO--confirmCreationButton"}]}
RESULT: {"script":"<script> [1562 bytes]","args":[{"selector":{"id":"application-managehandovers-display-component---AddNewHO--confirmCreationButton","interaction":{"idSuffix":"BDI-content"}},"wdio_ui5_key":"applicationmanagehandovers-display-component---AddNewHO--confirmCreationButton"}]}
RESULT: undefined
COMMAND: POST /session/b9718e1e48867b0fba4e39bd9ed4a756/element - {"using":"xpath","value":"//*[@id=\"application-managehandovers-display-component---AddNewHO--confirmCreationButton\"]"}
RESULT: {"using":"xpath","value":"//*[@id=\"application-managehandovers-display-component---AddNewHO--confirmCreationButton\"]"}
COMMAND: POST /session/b9718e1e48867b0fba4e39bd9ed4a756/element/f.FE1DA32CFDBC8F8C890368A9A93AADEA.d.30701D24633223539B4E6AC0AFE0A22A.e.19169/click - {}
RESULT: {}
COMMAND: GET /session/b9718e1e48867b0fba4e39bd9ed4a756/screenshot - {}
RESULT: {}
COMMAND: POST /session/b9718e1e48867b0fba4e39bd9ed4a756/execute/async - {"script":"<script> [1562 bytes]","args":[{"selector":{"id":"issueDatePicker","viewName":"etm.portal.ui.managehandovers.view.DetailExecuteHO","interaction":{"idSuffix":"inner"}},"wdio_ui5_key":"issueDatePickeretmportal.ui.managehandovers.view.DetailExecuteHO"}]}
RESULT: {"script":"<script> [1562 bytes]","args":[{"selector":{"id":"issueDatePicker","viewName":"etm.portal.ui.managehandovers.view.DetailExecuteHO","interaction":{"idSuffix":"inner"}},"wdio_ui5_key":"issueDatePickeretmportal.ui.managehandovers.view.DetailExecuteHO"}]}
RESULT: undefined
COMMAND: POST /session/b9718e1e48867b0fba4e39bd9ed4a756/execute/async - {"script":"<script> [776 bytes]","args":[{"enterText":"5/17/25","selector":{"id":"issueDatePicker","viewName":"etm.portal.ui.managehandovers.view.DetailExecuteHO","interaction":{"idSuffix":"inner"}},"clearTextFirst":true,"interactionType":"ENTER_TEXT"}]}
RESULT: {"script":"<script> [776 bytes]","args":[{"enterText":"5/17/25","selector":{"id":"issueDatePicker","viewName":"etm.portal.ui.managehandovers.view.DetailExecuteHO","interaction":{"idSuffix":"inner"}},"clearTextFirst":true,"interactionType":"ENTER_TEXT"}]}
COMMAND: POST /session/b9718e1e48867b0fba4e39bd9ed4a756/element - {"using":"xpath","value":"//bdi[contains(text(), \"OK\")]"}
RESULT: {"using":"xpath","value":"//bdi[contains(text(), \"OK\")]"}
COMMAND: POST /session/b9718e1e48867b0fba4e39bd9ed4a756/element/f.FE1DA32CFDBC8F8C890368A9A93AADEA.d.30701D24633223539B4E6AC0AFE0A22A.e.19270/click - {}
RESULT: {}
COMMAND: GET /session/b9718e1e48867b0fba4e39bd9ed4a756/screenshot - {}
RESULT: {}
COMMAND: POST /session/b9718e1e48867b0fba4e39bd9ed4a756/element - {"using":"xpath","value":"//button[@data-kt=\"PickingTableConfirmAllButton\"]"}
RESULT: {"using":"xpath","value":"//button[@data-kt=\"PickingTableConfirmAllButton\"]"}
COMMAND: POST /session/b9718e1e48867b0fba4e39bd9ed4a756/element/f.FE1DA32CFDBC8F8C890368A9A93AADEA.d.30701D24633223539B4E6AC0AFE0A22A.e.19277/click - {}
RESULT: {}
COMMAND: GET /session/b9718e1e48867b0fba4e39bd9ed4a756/screenshot - {}
RESULT: {}
COMMAND: POST /session/b9718e1e48867b0fba4e39bd9ed4a756/element - {"using":"xpath","value":"//bdi[contains(text(), \"OK\")]"}
RESULT: {"using":"xpath","value":"//bdi[contains(text(), \"OK\")]"}
COMMAND: POST /session/b9718e1e48867b0fba4e39bd9ed4a756/element/f.FE1DA32CFDBC8F8C890368A9A93AADEA.d.30701D24633223539B4E6AC0AFE0A22A.e.19280/click - {}
RESULT: {}
COMMAND: GET /session/b9718e1e48867b0fba4e39bd9ed4a756/screenshot - {}
RESULT: {}
COMMAND: POST /session/b9718e1e48867b0fba4e39bd9ed4a756/element - {"using":"xpath","value":"//button[@data-kt=\"execHoPickButton\"]"}
RESULT: {"using":"xpath","value":"//button[@data-kt=\"execHoPickButton\"]"}
COMMAND: POST /session/b9718e1e48867b0fba4e39bd9ed4a756/element/f.FE1DA32CFDBC8F8C890368A9A93AADEA.d.30701D24633223539B4E6AC0AFE0A22A.e.19282/click - {}
RESULT: {}
COMMAND: GET /session/b9718e1e48867b0fba4e39bd9ed4a756/screenshot - {}
RESULT: {}
COMMAND: POST /session/b9718e1e48867b0fba4e39bd9ed4a756/element - {"using":"xpath","value":"//span[contains(@id ,\"filterItemControl_BASIC-RECEIVE_CONTRACT-vhi\")]"}
RESULT: {"using":"xpath","value":"//span[contains(@id ,\"filterItemControl_BASIC-RECEIVE_CONTRACT-vhi\")]"}
COMMAND: POST /session/b9718e1e48867b0fba4e39bd9ed4a756/element/f.FE1DA32CFDBC8F8C890368A9A93AADEA.d.30701D24633223539B4E6AC0AFE0A22A.e.19473/click - {}
RESULT: {}
COMMAND: GET /session/b9718e1e48867b0fba4e39bd9ed4a756/screenshot - {}
RESULT: {}
COMMAND: POST /session/b9718e1e48867b0fba4e39bd9ed4a756/execute/async - {"script":"<script> [1562 bytes]","args":[{"selector":{"controlType":"sap.m.SearchField","viewName":"etm.portal.ui.managehandovers.view.MasterHO","bindingPath":{"path":"","propertyPath":"/_BASIC_SEARCH_FIELD","modelName":"fi1t3rM0d31"},"searchOpenDialogs":true,"interaction":{"idSuffix":"I"}},"wdio_ui5_key":"etmportal.ui.managehandovers.view.MasterHOsap.m.SearchField{\"path\":\"\",\"propertyPath\":\"/_BASIC_SEARCH_FIELD\",\"modelName\":\"fi1t3rM0d31\"}"}]}
RESULT: {"script":"<script> [1562 bytes]","args":[{"selector":{"controlType":"sap.m.SearchField","viewName":"etm.portal.ui.managehandovers.view.MasterHO","bindingPath":{"path":"","propertyPath":"/_BASIC_SEARCH_FIELD","modelName":"fi1t3rM0d31"},"searchOpenDialogs":true,"interaction":{"idSuffix":"I"}},"wdio_ui5_key":"etmportal.ui.managehandovers.view.MasterHOsap.m.SearchField{\"path\":\"\",\"propertyPath\":\"/_BASIC_SEARCH_FIELD\",\"modelName\":\"fi1t3rM0d31\"}"}]}
RESULT: undefined
COMMAND: POST /session/b9718e1e48867b0fba4e39bd9ed4a756/execute/async - {"script":"<script> [776 bytes]","args":[{"enterText":"10343","selector":{"controlType":"sap.m.SearchField","viewName":"etm.portal.ui.managehandovers.view.MasterHO","bindingPath":{"path":"","propertyPath":"/_BASIC_SEARCH_FIELD","modelName":"fi1t3rM0d31"},"searchOpenDialogs":true,"interaction":{"idSuffix":"I"}},"clearTextFirst":true,"interactionType":"ENTER_TEXT"}]}
RESULT: {"script":"<script> [776 bytes]","args":[{"enterText":"10343","selector":{"controlType":"sap.m.SearchField","viewName":"etm.portal.ui.managehandovers.view.MasterHO","bindingPath":{"path":"","propertyPath":"/_BASIC_SEARCH_FIELD","modelName":"fi1t3rM0d31"},"searchOpenDialogs":true,"interaction":{"idSuffix":"I"}},"clearTextFirst":true,"interactionType":"ENTER_TEXT"}]}
COMMAND: POST /session/b9718e1e48867b0fba4e39bd9ed4a756/actions - {"actions":[{"id":"action68","type":"key","parameters":{},"actions":[{"type":"keyDown","value":"î€‡"},{"type":"pause","duration":10},{"type":"keyUp","value":"î€‡"}]}]}
RESULT: {"actions":[{"id":"action68","type":"key","parameters":{},"actions":[{"type":"keyDown","value":"î€‡"},{"type":"pause","duration":10},{"type":"keyUp","value":"î€‡"}]}]}
COMMAND: GET /session/b9718e1e48867b0fba4e39bd9ed4a756/screenshot - {}
RESULT: {}
COMMAND: POST /session/b9718e1e48867b0fba4e39bd9ed4a756/element - {"using":"xpath","value":"//div[contains(@id, 'filterItemControl_BASIC-RECEIVE_CONTRACT-valueHelpDialog-table-rowsel0')]"}
RESULT: {"using":"xpath","value":"//div[contains(@id, 'filterItemControl_BASIC-RECEIVE_CONTRACT-valueHelpDialog-table-rowsel0')]"}
COMMAND: POST /session/b9718e1e48867b0fba4e39bd9ed4a756/element/f.FE1DA32CFDBC8F8C890368A9A93AADEA.d.30701D24633223539B4E6AC0AFE0A22A.e.19483/click - {}
RESULT: {}
COMMAND: GET /session/b9718e1e48867b0fba4e39bd9ed4a756/screenshot - {}
RESULT: {}
COMMAND: POST /session/b9718e1e48867b0fba4e39bd9ed4a756/element - {"using":"xpath","value":"//bdi[contains(text(), \"OK\")]"}
RESULT: {"using":"xpath","value":"//bdi[contains(text(), \"OK\")]"}
COMMAND: POST /session/b9718e1e48867b0fba4e39bd9ed4a756/element/f.FE1DA32CFDBC8F8C890368A9A93AADEA.d.30701D24633223539B4E6AC0AFE0A22A.e.19485/click - {}
RESULT: {}
COMMAND: GET /session/b9718e1e48867b0fba4e39bd9ed4a756/screenshot - {}
RESULT: {}
COMMAND: POST /session/b9718e1e48867b0fba4e39bd9ed4a756/element - {"using":"xpath","value":"//span[contains(@id, \"smartTable-header-inner\")]"}
RESULT: {"using":"xpath","value":"//span[contains(@id, \"smartTable-header-inner\")]"}
COMMAND: POST /session/b9718e1e48867b0fba4e39bd9ed4a756/elements - {"using":"xpath","value":"//span[contains(@id, \"smartTable-header-inner\")]"}
RESULT: {"using":"xpath","value":"//span[contains(@id, \"smartTable-header-inner\")]"}
COMMAND: POST /session/b9718e1e48867b0fba4e39bd9ed4a756/execute/sync - {"script":"<script> [56 bytes]","args":[{"element-6066-11e4-a52e-4f735466cecf":"f.FE1DA32CFDBC8F8C890368A9A93AADEA.d.30701D24633223539B4E6AC0AFE0A22A.e.19513","ELEMENT":"f.FE1DA32CFDBC8F8C890368A9A93AADEA.d.30701D24633223539B4E6AC0AFE0A22A.e.19513"}]}
RESULT: {"script":"<script> [56 bytes]","args":[{"element-6066-11e4-a52e-4f735466cecf":"f.FE1DA32CFDBC8F8C890368A9A93AADEA.d.30701D24633223539B4E6AC0AFE0A22A.e.19513","ELEMENT":"f.FE1DA32CFDBC8F8C890368A9A93AADEA.d.30701D24633223539B4E6AC0AFE0A22A.e.19513"}]}
COMMAND: POST /session/b9718e1e48867b0fba4e39bd9ed4a756/element - {"using":"xpath","value":"//table[contains(@id, \"customHandovers\")]//tbody/tr[1]/td[2]/span"}
COMMAND: GET /session/b9718e1e48867b0fba4e39bd9ed4a756/screenshot - {}
RESULT: {"using":"xpath","value":"//table[contains(@id, \"customHandovers\")]//tbody/tr[1]/td[2]/span"}
COMMAND: POST /session/b9718e1e48867b0fba4e39bd9ed4a756/execute/sync - {"script":"<script> [56 bytes]","args":[{"element-6066-11e4-a52e-4f735466cecf":"f.FE1DA32CFDBC8F8C890368A9A93AADEA.d.30701D24633223539B4E6AC0AFE0A22A.e.19514","ELEMENT":"f.FE1DA32CFDBC8F8C890368A9A93AADEA.d.30701D24633223539B4E6AC0AFE0A22A.e.19514"}]}
RESULT: {}
RESULT: {"script":"<script> [56 bytes]","args":[{"element-6066-11e4-a52e-4f735466cecf":"f.FE1DA32CFDBC8F8C890368A9A93AADEA.d.30701D24633223539B4E6AC0AFE0A22A.e.19514","ELEMENT":"f.FE1DA32CFDBC8F8C890368A9A93AADEA.d.30701D24633223539B4E6AC0AFE0A22A.e.19514"}]}
COMMAND: POST /session/b9718e1e48867b0fba4e39bd9ed4a756/element - {"using":"xpath","value":"(//span[contains(@id, \"imgNav\")])[1]"}
COMMAND: GET /session/b9718e1e48867b0fba4e39bd9ed4a756/screenshot - {}
RESULT: {"using":"xpath","value":"(//span[contains(@id, \"imgNav\")])[1]"}
COMMAND: POST /session/b9718e1e48867b0fba4e39bd9ed4a756/element/f.FE1DA32CFDBC8F8C890368A9A93AADEA.d.30701D24633223539B4E6AC0AFE0A22A.e.19510/click - {}
RESULT: {}
RESULT: {}
COMMAND: GET /session/b9718e1e48867b0fba4e39bd9ed4a756/screenshot - {}
RESULT: {}
RESULT: undefined
COMMAND: POST /session/b9718e1e48867b0fba4e39bd9ed4a756/execute/async - {"script":"<script> [776 bytes]","args":[{"enterText":"5/17/25","selector":{"id":"issueDatePicker","viewName":"etm.portal.ui.managehandovers.view.DetailExecuteHO","interaction":{"idSuffix":"inner"}},"clearTextFirst":true,"interactionType":"ENTER_TEXT"}]}
RESULT: {"script":"<script> [776 bytes]","args":[{"enterText":"5/17/25","selector":{"id":"issueDatePicker","viewName":"etm.portal.ui.managehandovers.view.DetailExecuteHO","interaction":{"idSuffix":"inner"}},"clearTextFirst":true,"interactionType":"ENTER_TEXT"}]}
COMMAND: POST /session/b9718e1e48867b0fba4e39bd9ed4a756/element - {"using":"xpath","value":"//button[@data-kt=\"PickingTableConfirmAllButton\"]"}
RESULT: {"using":"xpath","value":"//button[@data-kt=\"PickingTableConfirmAllButton\"]"}
COMMAND: POST /session/b9718e1e48867b0fba4e39bd9ed4a756/element/f.FE1DA32CFDBC8F8C890368A9A93AADEA.d.30701D24633223539B4E6AC0AFE0A22A.e.19554/click - {}
RESULT: {}
COMMAND: GET /session/b9718e1e48867b0fba4e39bd9ed4a756/screenshot - {}
RESULT: {}
COMMAND: POST /session/b9718e1e48867b0fba4e39bd9ed4a756/element - {"using":"xpath","value":"//bdi[contains(text(), \"OK\")]"}
RESULT: {"using":"xpath","value":"//bdi[contains(text(), \"OK\")]"}
COMMAND: POST /session/b9718e1e48867b0fba4e39bd9ed4a756/element/f.FE1DA32CFDBC8F8C890368A9A93AADEA.d.30701D24633223539B4E6AC0AFE0A22A.e.19567/click - {}
RESULT: {}
COMMAND: GET /session/b9718e1e48867b0fba4e39bd9ed4a756/screenshot - {}
RESULT: {}
COMMAND: POST /session/b9718e1e48867b0fba4e39bd9ed4a756/element - {"using":"xpath","value":"//button[@data-kt=\"execHoIssueButton\"]"}
RESULT: {"using":"xpath","value":"//button[@data-kt=\"execHoIssueButton\"]"}
COMMAND: POST /session/b9718e1e48867b0fba4e39bd9ed4a756/element/f.FE1DA32CFDBC8F8C890368A9A93AADEA.d.30701D24633223539B4E6AC0AFE0A22A.e.19569/click - {}
RESULT: {}
COMMAND: GET /session/b9718e1e48867b0fba4e39bd9ed4a756/screenshot - {}
RESULT: {}
COMMAND: POST /session/b9718e1e48867b0fba4e39bd9ed4a756/element - {"using":"xpath","value":"//input[contains(@id ,\"smartFilterBar-btnBasicSearch-I\")]"}
RESULT: {"using":"xpath","value":"//input[contains(@id ,\"smartFilterBar-btnBasicSearch-I\")]"}
COMMAND: POST /session/b9718e1e48867b0fba4e39bd9ed4a756/elements - {"using":"xpath","value":"//input[contains(@id ,\"smartFilterBar-btnBasicSearch-I\")]"}
RESULT: {"using":"xpath","value":"//input[contains(@id ,\"smartFilterBar-btnBasicSearch-I\")]"}
COMMAND: POST /session/b9718e1e48867b0fba4e39bd9ed4a756/execute/sync - {"script":"<script> [8489 bytes]","args":[{"element-6066-11e4-a52e-4f735466cecf":"f.FE1DA32CFDBC8F8C890368A9A93AADEA.d.30701D24633223539B4E6AC0AFE0A22A.e.19123","ELEMENT":"f.FE1DA32CFDBC8F8C890368A9A93AADEA.d.30701D24633223539B4E6AC0AFE0A22A.e.19123"}]}
RESULT: {"script":"<script> [8489 bytes]","args":[{"element-6066-11e4-a52e-4f735466cecf":"f.FE1DA32CFDBC8F8C890368A9A93AADEA.d.30701D24633223539B4E6AC0AFE0A22A.e.19123","ELEMENT":"f.FE1DA32CFDBC8F8C890368A9A93AADEA.d.30701D24633223539B4E6AC0AFE0A22A.e.19123"}]}
COMMAND: GET /session/b9718e1e48867b0fba4e39bd9ed4a756/element/f.FE1DA32CFDBC8F8C890368A9A93AADEA.d.30701D24633223539B4E6AC0AFE0A22A.e.19123/enabled - {}
COMMAND: GET /session/b9718e1e48867b0fba4e39bd9ed4a756/screenshot - {}
RESULT: {}
COMMAND: POST /session/b9718e1e48867b0fba4e39bd9ed4a756/element/f.FE1DA32CFDBC8F8C890368A9A93AADEA.d.30701D24633223539B4E6AC0AFE0A22A.e.19123/clear - {}
COMMAND: GET /session/b9718e1e48867b0fba4e39bd9ed4a756/screenshot - {}
RESULT: {}
RESULT: {}
COMMAND: POST /session/b9718e1e48867b0fba4e39bd9ed4a756/element/f.FE1DA32CFDBC8F8C890368A9A93AADEA.d.30701D24633223539B4E6AC0AFE0A22A.e.19123/value - {"text":"30654"}
COMMAND: GET /session/b9718e1e48867b0fba4e39bd9ed4a756/screenshot - {}
RESULT: {}
RESULT: {"text":"30654"}
COMMAND: GET /session/b9718e1e48867b0fba4e39bd9ed4a756/screenshot - {}
RESULT: {}
RESULT: {}
COMMAND: POST /session/b9718e1e48867b0fba4e39bd9ed4a756/actions - {"actions":[{"id":"action69","type":"key","parameters":{},"actions":[{"type":"keyDown","value":"î€‡"},{"type":"pause","duration":10},{"type":"keyUp","value":"î€‡"}]}]}
RESULT: {"actions":[{"id":"action69","type":"key","parameters":{},"actions":[{"type":"keyDown","value":"î€‡"},{"type":"pause","duration":10},{"type":"keyUp","value":"î€‡"}]}]}
COMMAND: GET /session/b9718e1e48867b0fba4e39bd9ed4a756/screenshot - {}
RESULT: {}
COMMAND: POST /session/b9718e1e48867b0fba4e39bd9ed4a756/element - {"using":"xpath","value":"//span[contains(@id, \"smartTable-header-inner\")]"}
RESULT: {"using":"xpath","value":"//span[contains(@id, \"smartTable-header-inner\")]"}
COMMAND: POST /session/b9718e1e48867b0fba4e39bd9ed4a756/elements - {"using":"xpath","value":"//span[contains(@id, \"smartTable-header-inner\")]"}
RESULT: {"using":"xpath","value":"//span[contains(@id, \"smartTable-header-inner\")]"}
COMMAND: POST /session/b9718e1e48867b0fba4e39bd9ed4a756/execute/sync - {"script":"<script> [56 bytes]","args":[{"element-6066-11e4-a52e-4f735466cecf":"f.FE1DA32CFDBC8F8C890368A9A93AADEA.d.30701D24633223539B4E6AC0AFE0A22A.e.19513","ELEMENT":"f.FE1DA32CFDBC8F8C890368A9A93AADEA.d.30701D24633223539B4E6AC0AFE0A22A.e.19513"}]}
RESULT: {"script":"<script> [56 bytes]","args":[{"element-6066-11e4-a52e-4f735466cecf":"f.FE1DA32CFDBC8F8C890368A9A93AADEA.d.30701D24633223539B4E6AC0AFE0A22A.e.19513","ELEMENT":"f.FE1DA32CFDBC8F8C890368A9A93AADEA.d.30701D24633223539B4E6AC0AFE0A22A.e.19513"}]}
COMMAND: POST /session/b9718e1e48867b0fba4e39bd9ed4a756/elements - {"using":"xpath","value":"//thead[contains(@class, \"sapMTableTH\")]/tr/th"}
COMMAND: GET /session/b9718e1e48867b0fba4e39bd9ed4a756/screenshot - {}
RESULT: {"using":"xpath","value":"//thead[contains(@class, \"sapMTableTH\")]/tr/th"}
COMMAND: GET /session/b9718e1e48867b0fba4e39bd9ed4a756/element/f.FE1DA32CFDBC8F8C890368A9A93AADEA.d.30701D24633223539B4E6AC0AFE0A22A.e.19606/text - {}
RESULT: {}
RESULT: {}
COMMAND: GET /session/b9718e1e48867b0fba4e39bd9ed4a756/element/f.FE1DA32CFDBC8F8C890368A9A93AADEA.d.30701D24633223539B4E6AC0AFE0A22A.e.19607/text - {}
RESULT: {}
COMMAND: GET /session/b9718e1e48867b0fba4e39bd9ed4a756/element/f.FE1DA32CFDBC8F8C890368A9A93AADEA.d.30701D24633223539B4E6AC0AFE0A22A.e.19117/text - {}
RESULT: {}
COMMAND: GET /session/b9718e1e48867b0fba4e39bd9ed4a756/element/f.FE1DA32CFDBC8F8C890368A9A93AADEA.d.30701D24633223539B4E6AC0AFE0A22A.e.19119/text - {}
RESULT: {}
COMMAND: GET /session/b9718e1e48867b0fba4e39bd9ed4a756/element/f.FE1DA32CFDBC8F8C890368A9A93AADEA.d.30701D24633223539B4E6AC0AFE0A22A.e.19574/text - {}
RESULT: {}
COMMAND: GET /session/b9718e1e48867b0fba4e39bd9ed4a756/element/f.FE1DA32CFDBC8F8C890368A9A93AADEA.d.30701D24633223539B4E6AC0AFE0A22A.e.19575/text - {}
RESULT: {}
COMMAND: GET /session/b9718e1e48867b0fba4e39bd9ed4a756/element/f.FE1DA32CFDBC8F8C890368A9A93AADEA.d.30701D24633223539B4E6AC0AFE0A22A.e.19576/text - {}
RESULT: {}
COMMAND: GET /session/b9718e1e48867b0fba4e39bd9ed4a756/element/f.FE1DA32CFDBC8F8C890368A9A93AADEA.d.30701D24633223539B4E6AC0AFE0A22A.e.19577/text - {}
RESULT: {}
COMMAND: GET /session/b9718e1e48867b0fba4e39bd9ed4a756/element/f.FE1DA32CFDBC8F8C890368A9A93AADEA.d.30701D24633223539B4E6AC0AFE0A22A.e.19578/text - {}
RESULT: {}
COMMAND: GET /session/b9718e1e48867b0fba4e39bd9ed4a756/element/f.FE1DA32CFDBC8F8C890368A9A93AADEA.d.30701D24633223539B4E6AC0AFE0A22A.e.19579/text - {}
RESULT: {}
COMMAND: GET /session/b9718e1e48867b0fba4e39bd9ed4a756/element/f.FE1DA32CFDBC8F8C890368A9A93AADEA.d.30701D24633223539B4E6AC0AFE0A22A.e.19580/text - {}
RESULT: {}
COMMAND: GET /session/b9718e1e48867b0fba4e39bd9ed4a756/element/f.FE1DA32CFDBC8F8C890368A9A93AADEA.d.30701D24633223539B4E6AC0AFE0A22A.e.19581/text - {}
RESULT: {}
COMMAND: GET /session/b9718e1e48867b0fba4e39bd9ed4a756/element/f.FE1DA32CFDBC8F8C890368A9A93AADEA.d.30701D24633223539B4E6AC0AFE0A22A.e.19582/text - {}
RESULT: {}
COMMAND: GET /session/b9718e1e48867b0fba4e39bd9ed4a756/element/f.FE1DA32CFDBC8F8C890368A9A93AADEA.d.30701D24633223539B4E6AC0AFE0A22A.e.19120/text - {}
RESULT: {}
COMMAND: POST /session/b9718e1e48867b0fba4e39bd9ed4a756/element - {"using":"xpath","value":"//tbody[contains(@id, \"customHandoversTable-tblBody\")]/tr[1]/td[14]/div/span"}
RESULT: {"using":"xpath","value":"//tbody[contains(@id, \"customHandoversTable-tblBody\")]/tr[1]/td[14]/div/span"}
COMMAND: POST /session/b9718e1e48867b0fba4e39bd9ed4a756/execute/sync - {"script":"<script> [56 bytes]","args":[{"element-6066-11e4-a52e-4f735466cecf":"f.FE1DA32CFDBC8F8C890368A9A93AADEA.d.30701D24633223539B4E6AC0AFE0A22A.e.19659","ELEMENT":"f.FE1DA32CFDBC8F8C890368A9A93AADEA.d.30701D24633223539B4E6AC0AFE0A22A.e.19659"}]}
RESULT: {"script":"<script> [56 bytes]","args":[{"element-6066-11e4-a52e-4f735466cecf":"f.FE1DA32CFDBC8F8C890368A9A93AADEA.d.30701D24633223539B4E6AC0AFE0A22A.e.19659","ELEMENT":"f.FE1DA32CFDBC8F8C890368A9A93AADEA.d.30701D24633223539B4E6AC0AFE0A22A.e.19659"}]}
COMMAND: POST /session/b9718e1e48867b0fba4e39bd9ed4a756/element - {"using":"xpath","value":"(//span[contains(@id, \"imgNav\")])[1]"}
COMMAND: GET /session/b9718e1e48867b0fba4e39bd9ed4a756/screenshot - {}
RESULT: {"using":"xpath","value":"(//span[contains(@id, \"imgNav\")])[1]"}
COMMAND: POST /session/b9718e1e48867b0fba4e39bd9ed4a756/element/f.FE1DA32CFDBC8F8C890368A9A93AADEA.d.30701D24633223539B4E6AC0AFE0A22A.e.19660/click - {}
RESULT: {}
RESULT: {}
COMMAND: GET /session/b9718e1e48867b0fba4e39bd9ed4a756/screenshot - {}
RESULT: {}
RESULT: undefined
COMMAND: POST /session/b9718e1e48867b0fba4e39bd9ed4a756/execute/async - {"script":"<script> [776 bytes]","args":[{"enterText":"5/24/25","selector":{"id":"receiptDatePicker","viewName":"etm.portal.ui.managehandovers.view.DetailExecuteHO","interaction":{"idSuffix":"inner"}},"clearTextFirst":true,"interactionType":"ENTER_TEXT"}]}
RESULT: {"script":"<script> [776 bytes]","args":[{"enterText":"5/24/25","selector":{"id":"receiptDatePicker","viewName":"etm.portal.ui.managehandovers.view.DetailExecuteHO","interaction":{"idSuffix":"inner"}},"clearTextFirst":true,"interactionType":"ENTER_TEXT"}]}
COMMAND: POST /session/b9718e1e48867b0fba4e39bd9ed4a756/element - {"using":"xpath","value":"//bdi[contains(text(), \"OK\")]"}
RESULT: {"using":"xpath","value":"//bdi[contains(text(), \"OK\")]"}
COMMAND: POST /session/b9718e1e48867b0fba4e39bd9ed4a756/element/f.FE1DA32CFDBC8F8C890368A9A93AADEA.d.30701D24633223539B4E6AC0AFE0A22A.e.19697/click - {}
RESULT: {}
COMMAND: GET /session/b9718e1e48867b0fba4e39bd9ed4a756/screenshot - {}
RESULT: {}
COMMAND: POST /session/b9718e1e48867b0fba4e39bd9ed4a756/element - {"using":"xpath","value":"//button[@data-kt=\"PickingTableConfirmAllButton\"]"}
RESULT: {"using":"xpath","value":"//button[@data-kt=\"PickingTableConfirmAllButton\"]"}
COMMAND: POST /session/b9718e1e48867b0fba4e39bd9ed4a756/element/f.FE1DA32CFDBC8F8C890368A9A93AADEA.d.30701D24633223539B4E6AC0AFE0A22A.e.19679/click - {}
RESULT: {}
COMMAND: GET /session/b9718e1e48867b0fba4e39bd9ed4a756/screenshot - {}
RESULT: {}
COMMAND: POST /session/b9718e1e48867b0fba4e39bd9ed4a756/element - {"using":"xpath","value":"//bdi[contains(text(), \"OK\")]"}
RESULT: {"using":"xpath","value":"//bdi[contains(text(), \"OK\")]"}
COMMAND: POST /session/b9718e1e48867b0fba4e39bd9ed4a756/element/f.FE1DA32CFDBC8F8C890368A9A93AADEA.d.30701D24633223539B4E6AC0AFE0A22A.e.19711/click - {}
RESULT: {}
COMMAND: GET /session/b9718e1e48867b0fba4e39bd9ed4a756/screenshot - {}
RESULT: {}
COMMAND: POST /session/b9718e1e48867b0fba4e39bd9ed4a756/element - {"using":"xpath","value":"//button[@data-kt= \"execHoReceiveButton\"]"}
RESULT: {"using":"xpath","value":"//button[@data-kt= \"execHoReceiveButton\"]"}
COMMAND: POST /session/b9718e1e48867b0fba4e39bd9ed4a756/element/f.FE1DA32CFDBC8F8C890368A9A93AADEA.d.30701D24633223539B4E6AC0AFE0A22A.e.19713/click - {}
RESULT: {}
COMMAND: GET /session/b9718e1e48867b0fba4e39bd9ed4a756/screenshot - {}
RESULT: {}
COMMAND: POST /session/b9718e1e48867b0fba4e39bd9ed4a756/element - {"using":"xpath","value":"//input[contains(@id ,\"smartFilterBar-btnBasicSearch-I\")]"}
RESULT: {"using":"xpath","value":"//input[contains(@id ,\"smartFilterBar-btnBasicSearch-I\")]"}
COMMAND: POST /session/b9718e1e48867b0fba4e39bd9ed4a756/elements - {"using":"xpath","value":"//input[contains(@id ,\"smartFilterBar-btnBasicSearch-I\")]"}
RESULT: {"using":"xpath","value":"//input[contains(@id ,\"smartFilterBar-btnBasicSearch-I\")]"}
COMMAND: POST /session/b9718e1e48867b0fba4e39bd9ed4a756/execute/sync - {"script":"<script> [8489 bytes]","args":[{"element-6066-11e4-a52e-4f735466cecf":"f.FE1DA32CFDBC8F8C890368A9A93AADEA.d.30701D24633223539B4E6AC0AFE0A22A.e.19123","ELEMENT":"f.FE1DA32CFDBC8F8C890368A9A93AADEA.d.30701D24633223539B4E6AC0AFE0A22A.e.19123"}]}
RESULT: {"script":"<script> [8489 bytes]","args":[{"element-6066-11e4-a52e-4f735466cecf":"f.FE1DA32CFDBC8F8C890368A9A93AADEA.d.30701D24633223539B4E6AC0AFE0A22A.e.19123","ELEMENT":"f.FE1DA32CFDBC8F8C890368A9A93AADEA.d.30701D24633223539B4E6AC0AFE0A22A.e.19123"}]}
COMMAND: GET /session/b9718e1e48867b0fba4e39bd9ed4a756/element/f.FE1DA32CFDBC8F8C890368A9A93AADEA.d.30701D24633223539B4E6AC0AFE0A22A.e.19123/enabled - {}
COMMAND: GET /session/b9718e1e48867b0fba4e39bd9ed4a756/screenshot - {}
RESULT: {}
COMMAND: POST /session/b9718e1e48867b0fba4e39bd9ed4a756/element/f.FE1DA32CFDBC8F8C890368A9A93AADEA.d.30701D24633223539B4E6AC0AFE0A22A.e.19123/clear - {}
COMMAND: GET /session/b9718e1e48867b0fba4e39bd9ed4a756/screenshot - {}
RESULT: {}
RESULT: {}
COMMAND: POST /session/b9718e1e48867b0fba4e39bd9ed4a756/element/f.FE1DA32CFDBC8F8C890368A9A93AADEA.d.30701D24633223539B4E6AC0AFE0A22A.e.19123/value - {"text":"30654"}
COMMAND: GET /session/b9718e1e48867b0fba4e39bd9ed4a756/screenshot - {}
RESULT: {}
RESULT: {"text":"30654"}
COMMAND: GET /session/b9718e1e48867b0fba4e39bd9ed4a756/screenshot - {}
RESULT: {}
RESULT: {}
COMMAND: POST /session/b9718e1e48867b0fba4e39bd9ed4a756/actions - {"actions":[{"id":"action70","type":"key","parameters":{},"actions":[{"type":"keyDown","value":"î€‡"},{"type":"pause","duration":10},{"type":"keyUp","value":"î€‡"}]}]}
RESULT: {"actions":[{"id":"action70","type":"key","parameters":{},"actions":[{"type":"keyDown","value":"î€‡"},{"type":"pause","duration":10},{"type":"keyUp","value":"î€‡"}]}]}
COMMAND: GET /session/b9718e1e48867b0fba4e39bd9ed4a756/screenshot - {}
RESULT: {}
COMMAND: POST /session/b9718e1e48867b0fba4e39bd9ed4a756/element - {"using":"xpath","value":"//span[contains(@id, \"smartTable-header-inner\")]"}
RESULT: {"using":"xpath","value":"//span[contains(@id, \"smartTable-header-inner\")]"}
COMMAND: POST /session/b9718e1e48867b0fba4e39bd9ed4a756/elements - {"using":"xpath","value":"//span[contains(@id, \"smartTable-header-inner\")]"}
RESULT: {"using":"xpath","value":"//span[contains(@id, \"smartTable-header-inner\")]"}
COMMAND: POST /session/b9718e1e48867b0fba4e39bd9ed4a756/execute/sync - {"script":"<script> [56 bytes]","args":[{"element-6066-11e4-a52e-4f735466cecf":"f.FE1DA32CFDBC8F8C890368A9A93AADEA.d.30701D24633223539B4E6AC0AFE0A22A.e.19513","ELEMENT":"f.FE1DA32CFDBC8F8C890368A9A93AADEA.d.30701D24633223539B4E6AC0AFE0A22A.e.19513"}]}
RESULT: {"script":"<script> [56 bytes]","args":[{"element-6066-11e4-a52e-4f735466cecf":"f.FE1DA32CFDBC8F8C890368A9A93AADEA.d.30701D24633223539B4E6AC0AFE0A22A.e.19513","ELEMENT":"f.FE1DA32CFDBC8F8C890368A9A93AADEA.d.30701D24633223539B4E6AC0AFE0A22A.e.19513"}]}
COMMAND: POST /session/b9718e1e48867b0fba4e39bd9ed4a756/elements - {"using":"xpath","value":"//thead[contains(@class, \"sapMTableTH\")]/tr/th"}
COMMAND: GET /session/b9718e1e48867b0fba4e39bd9ed4a756/screenshot - {}
RESULT: {"using":"xpath","value":"//thead[contains(@class, \"sapMTableTH\")]/tr/th"}
COMMAND: GET /session/b9718e1e48867b0fba4e39bd9ed4a756/element/f.FE1DA32CFDBC8F8C890368A9A93AADEA.d.30701D24633223539B4E6AC0AFE0A22A.e.19606/text - {}
RESULT: {}
RESULT: {}
COMMAND: GET /session/b9718e1e48867b0fba4e39bd9ed4a756/element/f.FE1DA32CFDBC8F8C890368A9A93AADEA.d.30701D24633223539B4E6AC0AFE0A22A.e.19607/text - {}
RESULT: {}
COMMAND: GET /session/b9718e1e48867b0fba4e39bd9ed4a756/element/f.FE1DA32CFDBC8F8C890368A9A93AADEA.d.30701D24633223539B4E6AC0AFE0A22A.e.19117/text - {}
RESULT: {}
COMMAND: GET /session/b9718e1e48867b0fba4e39bd9ed4a756/element/f.FE1DA32CFDBC8F8C890368A9A93AADEA.d.30701D24633223539B4E6AC0AFE0A22A.e.19119/text - {}
RESULT: {}
COMMAND: GET /session/b9718e1e48867b0fba4e39bd9ed4a756/element/f.FE1DA32CFDBC8F8C890368A9A93AADEA.d.30701D24633223539B4E6AC0AFE0A22A.e.19730/text - {}
RESULT: {}
COMMAND: GET /session/b9718e1e48867b0fba4e39bd9ed4a756/element/f.FE1DA32CFDBC8F8C890368A9A93AADEA.d.30701D24633223539B4E6AC0AFE0A22A.e.19731/text - {}
RESULT: {}
COMMAND: GET /session/b9718e1e48867b0fba4e39bd9ed4a756/element/f.FE1DA32CFDBC8F8C890368A9A93AADEA.d.30701D24633223539B4E6AC0AFE0A22A.e.19732/text - {}
RESULT: {}
COMMAND: GET /session/b9718e1e48867b0fba4e39bd9ed4a756/element/f.FE1DA32CFDBC8F8C890368A9A93AADEA.d.30701D24633223539B4E6AC0AFE0A22A.e.19733/text - {}
RESULT: {}
COMMAND: GET /session/b9718e1e48867b0fba4e39bd9ed4a756/element/f.FE1DA32CFDBC8F8C890368A9A93AADEA.d.30701D24633223539B4E6AC0AFE0A22A.e.19734/text - {}
RESULT: {}
COMMAND: GET /session/b9718e1e48867b0fba4e39bd9ed4a756/element/f.FE1DA32CFDBC8F8C890368A9A93AADEA.d.30701D24633223539B4E6AC0AFE0A22A.e.19735/text - {}
RESULT: {}
COMMAND: GET /session/b9718e1e48867b0fba4e39bd9ed4a756/element/f.FE1DA32CFDBC8F8C890368A9A93AADEA.d.30701D24633223539B4E6AC0AFE0A22A.e.19736/text - {}
RESULT: {}
COMMAND: GET /session/b9718e1e48867b0fba4e39bd9ed4a756/element/f.FE1DA32CFDBC8F8C890368A9A93AADEA.d.30701D24633223539B4E6AC0AFE0A22A.e.19737/text - {}
RESULT: {}
COMMAND: GET /session/b9718e1e48867b0fba4e39bd9ed4a756/element/f.FE1DA32CFDBC8F8C890368A9A93AADEA.d.30701D24633223539B4E6AC0AFE0A22A.e.19738/text - {}
RESULT: {}
COMMAND: GET /session/b9718e1e48867b0fba4e39bd9ed4a756/element/f.FE1DA32CFDBC8F8C890368A9A93AADEA.d.30701D24633223539B4E6AC0AFE0A22A.e.19120/text - {}
RESULT: {}
COMMAND: POST /session/b9718e1e48867b0fba4e39bd9ed4a756/element - {"using":"xpath","value":"//tbody[contains(@id, \"customHandoversTable-tblBody\")]/tr[1]/td[14]/div/span"}
RESULT: {"using":"xpath","value":"//tbody[contains(@id, \"customHandoversTable-tblBody\")]/tr[1]/td[14]/div/span"}
COMMAND: POST /session/b9718e1e48867b0fba4e39bd9ed4a756/execute/sync - {"script":"<script> [56 bytes]","args":[{"element-6066-11e4-a52e-4f735466cecf":"f.FE1DA32CFDBC8F8C890368A9A93AADEA.d.30701D24633223539B4E6AC0AFE0A22A.e.19768","ELEMENT":"f.FE1DA32CFDBC8F8C890368A9A93AADEA.d.30701D24633223539B4E6AC0AFE0A22A.e.19768"}]}
RESULT: {"script":"<script> [56 bytes]","args":[{"element-6066-11e4-a52e-4f735466cecf":"f.FE1DA32CFDBC8F8C890368A9A93AADEA.d.30701D24633223539B4E6AC0AFE0A22A.e.19768","ELEMENT":"f.FE1DA32CFDBC8F8C890368A9A93AADEA.d.30701D24633223539B4E6AC0AFE0A22A.e.19768"}]}
COMMAND: POST /session/b9718e1e48867b0fba4e39bd9ed4a756/element - {"using":"css selector","value":"#shell-header-logo"}
COMMAND: GET /session/b9718e1e48867b0fba4e39bd9ed4a756/screenshot - {}
RESULT: {"using":"css selector","value":"#shell-header-logo"}
COMMAND: POST /session/b9718e1e48867b0fba4e39bd9ed4a756/element/f.FE1DA32CFDBC8F8C890368A9A93AADEA.d.30701D24633223539B4E6AC0AFE0A22A.e.18402/click - {}
RESULT: {}
RESULT: {}
COMMAND: GET /session/b9718e1e48867b0fba4e39bd9ed4a756/screenshot - {}
RESULT: {}
]]></system-out>
    </testcase>
    <testcase classname="chrome.136_0_7103_93.windows.Billing_Calculation_-_Time_based_(considering_transport_times)_US139738" name="Should navigate to Manage Billings and trigger contract calculation business confirm it" time="80.532">
      <system-out><![CDATA[
COMMAND: POST /session/b9718e1e48867b0fba4e39bd9ed4a756/execute/async - {"script":"<script> [1562 bytes]","args":[{"selector":{"controlType":"sap.m.GenericTile","properties":{"header":"Manage Billings"}},"wdio_ui5_key":"sapm.GenericTile{\"header\":\"Manage Billings\"}"}]}
RESULT: {"script":"<script> [1562 bytes]","args":[{"selector":{"controlType":"sap.m.GenericTile","properties":{"header":"Manage Billings"}},"wdio_ui5_key":"sapm.GenericTile{\"header\":\"Manage Billings\"}"}]}
RESULT: undefined
COMMAND: POST /session/b9718e1e48867b0fba4e39bd9ed4a756/element - {"using":"xpath","value":"//*[@id=\"__tile51\"]"}
RESULT: {"using":"xpath","value":"//*[@id=\"__tile51\"]"}
COMMAND: POST /session/b9718e1e48867b0fba4e39bd9ed4a756/element/f.FE1DA32CFDBC8F8C890368A9A93AADEA.d.30701D24633223539B4E6AC0AFE0A22A.e.16219/click - {}
RESULT: {}
COMMAND: GET /session/b9718e1e48867b0fba4e39bd9ed4a756/screenshot - {}
RESULT: {}
COMMAND: POST /session/b9718e1e48867b0fba4e39bd9ed4a756/elements - {"using":"xpath","value":"//span[text()='Error']"}
RESULT: {"using":"xpath","value":"//span[text()='Error']"}
COMMAND: POST /session/b9718e1e48867b0fba4e39bd9ed4a756/execute/async - {"script":"<script> [1562 bytes]","args":[{"selector":{"id":"application-managebillings-display-component---billRunCalcResult--smartFilterBar-btnBasicSearch","interaction":{"idSuffix":"I"}},"wdio_ui5_key":"applicationmanagebillings-display-component---billRunCalcResult--smartFilterBar-btnBasicSearch"}]}
RESULT: {"script":"<script> [1562 bytes]","args":[{"selector":{"id":"application-managebillings-display-component---billRunCalcResult--smartFilterBar-btnBasicSearch","interaction":{"idSuffix":"I"}},"wdio_ui5_key":"applicationmanagebillings-display-component---billRunCalcResult--smartFilterBar-btnBasicSearch"}]}
RESULT: undefined
COMMAND: POST /session/b9718e1e48867b0fba4e39bd9ed4a756/execute/async - {"script":"<script> [776 bytes]","args":[{"enterText":"10343","selector":{"id":"application-managebillings-display-component---billRunCalcResult--smartFilterBar-btnBasicSearch","interaction":{"idSuffix":"I"}},"clearTextFirst":true,"interactionType":"ENTER_TEXT"}]}
RESULT: {"script":"<script> [776 bytes]","args":[{"enterText":"10343","selector":{"id":"application-managebillings-display-component---billRunCalcResult--smartFilterBar-btnBasicSearch","interaction":{"idSuffix":"I"}},"clearTextFirst":true,"interactionType":"ENTER_TEXT"}]}
COMMAND: POST /session/b9718e1e48867b0fba4e39bd9ed4a756/actions - {"actions":[{"id":"action71","type":"key","parameters":{},"actions":[{"type":"keyDown","value":"î€‡"},{"type":"pause","duration":10},{"type":"keyUp","value":"î€‡"}]}]}
RESULT: {"actions":[{"id":"action71","type":"key","parameters":{},"actions":[{"type":"keyDown","value":"î€‡"},{"type":"pause","duration":10},{"type":"keyUp","value":"î€‡"}]}]}
COMMAND: GET /session/b9718e1e48867b0fba4e39bd9ed4a756/screenshot - {}
RESULT: {}
COMMAND: POST /session/b9718e1e48867b0fba4e39bd9ed4a756/element - {"using":"xpath","value":"//td[@aria-colindex=\"1\"]/div/div[contains(@class, \"sapMCbBg\")]"}
RESULT: {"using":"xpath","value":"//td[@aria-colindex=\"1\"]/div/div[contains(@class, \"sapMCbBg\")]"}
COMMAND: POST /session/b9718e1e48867b0fba4e39bd9ed4a756/element/f.FE1DA32CFDBC8F8C890368A9A93AADEA.d.30701D24633223539B4E6AC0AFE0A22A.e.19946/click - {}
RESULT: {}
COMMAND: GET /session/b9718e1e48867b0fba4e39bd9ed4a756/screenshot - {}
RESULT: {}
COMMAND: POST /session/b9718e1e48867b0fba4e39bd9ed4a756/execute/async - {"script":"<script> [1562 bytes]","args":[{"selector":{"id":"application-managebillings-display-component---billRunCalcResult--contractBillRunDate","interaction":{"idSuffix":"inner"}},"wdio_ui5_key":"applicationmanagebillings-display-component---billRunCalcResult--contractBillRunDate"}]}
RESULT: {"script":"<script> [1562 bytes]","args":[{"selector":{"id":"application-managebillings-display-component---billRunCalcResult--contractBillRunDate","interaction":{"idSuffix":"inner"}},"wdio_ui5_key":"applicationmanagebillings-display-component---billRunCalcResult--contractBillRunDate"}]}
RESULT: undefined
COMMAND: POST /session/b9718e1e48867b0fba4e39bd9ed4a756/execute/async - {"script":"<script> [776 bytes]","args":[{"enterText":"5/17/25","selector":{"id":"application-managebillings-display-component---billRunCalcResult--contractBillRunDate","interaction":{"idSuffix":"inner"}},"clearTextFirst":true,"interactionType":"ENTER_TEXT"}]}
RESULT: {"script":"<script> [776 bytes]","args":[{"enterText":"5/17/25","selector":{"id":"application-managebillings-display-component---billRunCalcResult--contractBillRunDate","interaction":{"idSuffix":"inner"}},"clearTextFirst":true,"interactionType":"ENTER_TEXT"}]}
COMMAND: POST /session/b9718e1e48867b0fba4e39bd9ed4a756/element - {"using":"xpath","value":"//bdi[contains(text(), \"Trigger Calculation\")]"}
RESULT: {"using":"xpath","value":"//bdi[contains(text(), \"Trigger Calculation\")]"}
COMMAND: POST /session/b9718e1e48867b0fba4e39bd9ed4a756/element/f.FE1DA32CFDBC8F8C890368A9A93AADEA.d.30701D24633223539B4E6AC0AFE0A22A.e.20133/click - {}
RESULT: {}
COMMAND: GET /session/b9718e1e48867b0fba4e39bd9ed4a756/screenshot - {}
RESULT: {}
COMMAND: POST /session/b9718e1e48867b0fba4e39bd9ed4a756/element - {"using":"xpath","value":"(//span[contains(@id, \"imgNav\")])[1]"}
RESULT: {"using":"xpath","value":"(//span[contains(@id, \"imgNav\")])[1]"}
COMMAND: POST /session/b9718e1e48867b0fba4e39bd9ed4a756/element/f.FE1DA32CFDBC8F8C890368A9A93AADEA.d.30701D24633223539B4E6AC0AFE0A22A.e.19959/click - {}
RESULT: {}
COMMAND: GET /session/b9718e1e48867b0fba4e39bd9ed4a756/screenshot - {}
RESULT: {}
COMMAND: POST /session/b9718e1e48867b0fba4e39bd9ed4a756/element - {"using":"xpath","value":"//tr/td[6]/div[1]/span[1]/span[1]"}
RESULT: {"using":"xpath","value":"//tr/td[6]/div[1]/span[1]/span[1]"}
COMMAND: GET /session/b9718e1e48867b0fba4e39bd9ed4a756/element/f.FE1DA32CFDBC8F8C890368A9A93AADEA.d.30701D24633223539B4E6AC0AFE0A22A.e.20137/text - {}
RESULT: {}
COMMAND: POST /session/b9718e1e48867b0fba4e39bd9ed4a756/element - {"using":"xpath","value":"(//span[contains(@id, \"imgNav\")])[2]"}
RESULT: {"using":"xpath","value":"(//span[contains(@id, \"imgNav\")])[2]"}
COMMAND: POST /session/b9718e1e48867b0fba4e39bd9ed4a756/element/f.FE1DA32CFDBC8F8C890368A9A93AADEA.d.30701D24633223539B4E6AC0AFE0A22A.e.20138/click - {}
RESULT: {}
COMMAND: POST /session/b9718e1e48867b0fba4e39bd9ed4a756/element - {"using":"xpath","value":"//bdi[contains(text(), \"Business Confirm\")]"}
COMMAND: GET /session/b9718e1e48867b0fba4e39bd9ed4a756/screenshot - {}
RESULT: {"using":"xpath","value":"//bdi[contains(text(), \"Business Confirm\")]"}
COMMAND: POST /session/b9718e1e48867b0fba4e39bd9ed4a756/elements - {"using":"xpath","value":"//bdi[contains(text(), \"Business Confirm\")]"}
RESULT: {}
RESULT: {"using":"xpath","value":"//bdi[contains(text(), \"Business Confirm\")]"}
COMMAND: POST /session/b9718e1e48867b0fba4e39bd9ed4a756/element - {"using":"xpath","value":"//bdi[contains(text(), \"Business Confirm\")]"}
RESULT: {"using":"xpath","value":"//bdi[contains(text(), \"Business Confirm\")]"}
COMMAND: POST /session/b9718e1e48867b0fba4e39bd9ed4a756/element/f.FE1DA32CFDBC8F8C890368A9A93AADEA.d.30701D24633223539B4E6AC0AFE0A22A.e.20209/click - {}
RESULT: {}
COMMAND: POST /session/b9718e1e48867b0fba4e39bd9ed4a756/element - {"using":"css selector","value":"#shell-header-logo"}
COMMAND: GET /session/b9718e1e48867b0fba4e39bd9ed4a756/screenshot - {}
RESULT: {"using":"css selector","value":"#shell-header-logo"}
COMMAND: POST /session/b9718e1e48867b0fba4e39bd9ed4a756/element/f.FE1DA32CFDBC8F8C890368A9A93AADEA.d.30701D24633223539B4E6AC0AFE0A22A.e.19773/click - {}
RESULT: {}
RESULT: {}
COMMAND: GET /session/b9718e1e48867b0fba4e39bd9ed4a756/screenshot - {}
RESULT: {}
]]></system-out>
    </testcase>
    <testcase classname="chrome.136_0_7103_93.windows.Billing_Calculation_-_Time_based_(considering_transport_times)_US139738" name="Should transfer the billing all the way to completion" time="74.758">
      <system-out><![CDATA[
COMMAND: POST /session/b9718e1e48867b0fba4e39bd9ed4a756/execute/async - {"script":"<script> [1562 bytes]","args":[{"selector":{"controlType":"sap.m.GenericTile","properties":{"header":"Billing Transfer"}},"wdio_ui5_key":"sapm.GenericTile{\"header\":\"Billing Transfer\"}"}]}
RESULT: {"script":"<script> [1562 bytes]","args":[{"selector":{"controlType":"sap.m.GenericTile","properties":{"header":"Billing Transfer"}},"wdio_ui5_key":"sapm.GenericTile{\"header\":\"Billing Transfer\"}"}]}
RESULT: undefined
COMMAND: POST /session/b9718e1e48867b0fba4e39bd9ed4a756/element - {"using":"xpath","value":"//*[@id=\"__tile50\"]"}
RESULT: {"using":"xpath","value":"//*[@id=\"__tile50\"]"}
COMMAND: POST /session/b9718e1e48867b0fba4e39bd9ed4a756/element/f.FE1DA32CFDBC8F8C890368A9A93AADEA.d.30701D24633223539B4E6AC0AFE0A22A.e.16217/click - {}
RESULT: {}
COMMAND: GET /session/b9718e1e48867b0fba4e39bd9ed4a756/screenshot - {}
RESULT: {}
COMMAND: POST /session/b9718e1e48867b0fba4e39bd9ed4a756/elements - {"using":"xpath","value":"//span[text()='Error']"}
RESULT: {"using":"xpath","value":"//span[text()='Error']"}
COMMAND: POST /session/b9718e1e48867b0fba4e39bd9ed4a756/element - {"using":"xpath","value":"//input[contains(@id ,\"application-billingtransfer-display-component---billingWorkbench--smartFilterBar-btnBasicSearch\")]"}
RESULT: {"using":"xpath","value":"//input[contains(@id ,\"application-billingtransfer-display-component---billingWorkbench--smartFilterBar-btnBasicSearch\")]"}
COMMAND: POST /session/b9718e1e48867b0fba4e39bd9ed4a756/elements - {"using":"xpath","value":"//input[contains(@id ,\"application-billingtransfer-display-component---billingWorkbench--smartFilterBar-btnBasicSearch\")]"}
RESULT: {"using":"xpath","value":"//input[contains(@id ,\"application-billingtransfer-display-component---billingWorkbench--smartFilterBar-btnBasicSearch\")]"}
COMMAND: POST /session/b9718e1e48867b0fba4e39bd9ed4a756/execute/sync - {"script":"<script> [8489 bytes]","args":[{"element-6066-11e4-a52e-4f735466cecf":"f.FE1DA32CFDBC8F8C890368A9A93AADEA.d.30701D24633223539B4E6AC0AFE0A22A.e.20220","ELEMENT":"f.FE1DA32CFDBC8F8C890368A9A93AADEA.d.30701D24633223539B4E6AC0AFE0A22A.e.20220"}]}
RESULT: {"script":"<script> [8489 bytes]","args":[{"element-6066-11e4-a52e-4f735466cecf":"f.FE1DA32CFDBC8F8C890368A9A93AADEA.d.30701D24633223539B4E6AC0AFE0A22A.e.20220","ELEMENT":"f.FE1DA32CFDBC8F8C890368A9A93AADEA.d.30701D24633223539B4E6AC0AFE0A22A.e.20220"}]}
COMMAND: GET /session/b9718e1e48867b0fba4e39bd9ed4a756/element/f.FE1DA32CFDBC8F8C890368A9A93AADEA.d.30701D24633223539B4E6AC0AFE0A22A.e.20220/enabled - {}
COMMAND: GET /session/b9718e1e48867b0fba4e39bd9ed4a756/screenshot - {}
RESULT: {}
COMMAND: POST /session/b9718e1e48867b0fba4e39bd9ed4a756/element/f.FE1DA32CFDBC8F8C890368A9A93AADEA.d.30701D24633223539B4E6AC0AFE0A22A.e.20220/click - {}
COMMAND: GET /session/b9718e1e48867b0fba4e39bd9ed4a756/screenshot - {}
RESULT: {}
RESULT: {}
COMMAND: GET /session/b9718e1e48867b0fba4e39bd9ed4a756/screenshot - {}
RESULT: {}
RESULT: {}
COMMAND: POST /session/b9718e1e48867b0fba4e39bd9ed4a756/element/f.FE1DA32CFDBC8F8C890368A9A93AADEA.d.30701D24633223539B4E6AC0AFE0A22A.e.20220/clear - {}
RESULT: {}
COMMAND: POST /session/b9718e1e48867b0fba4e39bd9ed4a756/element/f.FE1DA32CFDBC8F8C890368A9A93AADEA.d.30701D24633223539B4E6AC0AFE0A22A.e.20220/value - {"text":"10343"}
COMMAND: GET /session/b9718e1e48867b0fba4e39bd9ed4a756/screenshot - {}
RESULT: {"text":"10343"}
COMMAND: POST /session/b9718e1e48867b0fba4e39bd9ed4a756/actions - {"actions":[{"id":"action72","type":"key","parameters":{},"actions":[{"type":"keyDown","value":"î€‡"},{"type":"pause","duration":10},{"type":"keyUp","value":"î€‡"}]}]}
COMMAND: GET /session/b9718e1e48867b0fba4e39bd9ed4a756/screenshot - {}
RESULT: {}
RESULT: {"actions":[{"id":"action72","type":"key","parameters":{},"actions":[{"type":"keyDown","value":"î€‡"},{"type":"pause","duration":10},{"type":"keyUp","value":"î€‡"}]}]}
COMMAND: GET /session/b9718e1e48867b0fba4e39bd9ed4a756/screenshot - {}
RESULT: {}
RESULT: {}
COMMAND: POST /session/b9718e1e48867b0fba4e39bd9ed4a756/element - {"using":"xpath","value":"//span[contains(@id ,\"application-billingtransfer-display-component---billingWorkbench--smartTableBillingRuns-header-inner\")]"}
RESULT: {"using":"xpath","value":"//span[contains(@id ,\"application-billingtransfer-display-component---billingWorkbench--smartTableBillingRuns-header-inner\")]"}
COMMAND: POST /session/b9718e1e48867b0fba4e39bd9ed4a756/elements - {"using":"xpath","value":"//span[contains(@id ,\"application-billingtransfer-display-component---billingWorkbench--smartTableBillingRuns-header-inner\")]"}
RESULT: {"using":"xpath","value":"//span[contains(@id ,\"application-billingtransfer-display-component---billingWorkbench--smartTableBillingRuns-header-inner\")]"}
COMMAND: POST /session/b9718e1e48867b0fba4e39bd9ed4a756/execute/sync - {"script":"<script> [56 bytes]","args":[{"element-6066-11e4-a52e-4f735466cecf":"f.FE1DA32CFDBC8F8C890368A9A93AADEA.d.30701D24633223539B4E6AC0AFE0A22A.e.20384","ELEMENT":"f.FE1DA32CFDBC8F8C890368A9A93AADEA.d.30701D24633223539B4E6AC0AFE0A22A.e.20384"}]}
RESULT: {"script":"<script> [56 bytes]","args":[{"element-6066-11e4-a52e-4f735466cecf":"f.FE1DA32CFDBC8F8C890368A9A93AADEA.d.30701D24633223539B4E6AC0AFE0A22A.e.20384","ELEMENT":"f.FE1DA32CFDBC8F8C890368A9A93AADEA.d.30701D24633223539B4E6AC0AFE0A22A.e.20384"}]}
COMMAND: POST /session/b9718e1e48867b0fba4e39bd9ed4a756/element - {"using":"xpath","value":"//td[@aria-colindex=\"1\"]/div/div[contains(@class, \"sapMCbBg\")]"}
COMMAND: GET /session/b9718e1e48867b0fba4e39bd9ed4a756/screenshot - {}
RESULT: {"using":"xpath","value":"//td[@aria-colindex=\"1\"]/div/div[contains(@class, \"sapMCbBg\")]"}
COMMAND: POST /session/b9718e1e48867b0fba4e39bd9ed4a756/element/f.FE1DA32CFDBC8F8C890368A9A93AADEA.d.30701D24633223539B4E6AC0AFE0A22A.e.20375/click - {}
RESULT: {}
RESULT: {}
COMMAND: GET /session/b9718e1e48867b0fba4e39bd9ed4a756/screenshot - {}
RESULT: {}
COMMAND: POST /session/b9718e1e48867b0fba4e39bd9ed4a756/element - {"using":"xpath","value":"//bdi[contains(text(), \"Check\")]"}
RESULT: {"using":"xpath","value":"//bdi[contains(text(), \"Check\")]"}
COMMAND: POST /session/b9718e1e48867b0fba4e39bd9ed4a756/element/f.FE1DA32CFDBC8F8C890368A9A93AADEA.d.30701D24633223539B4E6AC0AFE0A22A.e.20385/click - {}
RESULT: {}
COMMAND: GET /session/b9718e1e48867b0fba4e39bd9ed4a756/screenshot - {}
RESULT: {}
COMMAND: POST /session/b9718e1e48867b0fba4e39bd9ed4a756/element - {"using":"xpath","value":"//bdi[contains(text(), \"OK\")]"}
RESULT: {"using":"xpath","value":"//bdi[contains(text(), \"OK\")]"}
COMMAND: POST /session/b9718e1e48867b0fba4e39bd9ed4a756/element/f.FE1DA32CFDBC8F8C890368A9A93AADEA.d.30701D24633223539B4E6AC0AFE0A22A.e.20388/click - {}
RESULT: {}
COMMAND: GET /session/b9718e1e48867b0fba4e39bd9ed4a756/screenshot - {}
RESULT: {}
COMMAND: POST /session/b9718e1e48867b0fba4e39bd9ed4a756/element - {"using":"xpath","value":"(//span[contains(text(), \"CO/SD checked\")]/parent::div/preceding-sibling::div/span)[1]"}
RESULT: {"using":"xpath","value":"(//span[contains(text(), \"CO/SD checked\")]/parent::div/preceding-sibling::div/span)[1]"}
COMMAND: POST /session/b9718e1e48867b0fba4e39bd9ed4a756/element/f.FE1DA32CFDBC8F8C890368A9A93AADEA.d.30701D24633223539B4E6AC0AFE0A22A.e.20389/click - {}
RESULT: {}
COMMAND: GET /session/b9718e1e48867b0fba4e39bd9ed4a756/screenshot - {}
RESULT: {}
COMMAND: POST /session/b9718e1e48867b0fba4e39bd9ed4a756/element - {"using":"xpath","value":"//input[contains(@id ,\"application-billingtransfer-display-component---billingWorkbench--smartFilterBar-btnBasicSearch\")]"}
RESULT: {"using":"xpath","value":"//input[contains(@id ,\"application-billingtransfer-display-component---billingWorkbench--smartFilterBar-btnBasicSearch\")]"}
COMMAND: POST /session/b9718e1e48867b0fba4e39bd9ed4a756/elements - {"using":"xpath","value":"//input[contains(@id ,\"application-billingtransfer-display-component---billingWorkbench--smartFilterBar-btnBasicSearch\")]"}
RESULT: {"using":"xpath","value":"//input[contains(@id ,\"application-billingtransfer-display-component---billingWorkbench--smartFilterBar-btnBasicSearch\")]"}
COMMAND: POST /session/b9718e1e48867b0fba4e39bd9ed4a756/execute/sync - {"script":"<script> [8489 bytes]","args":[{"element-6066-11e4-a52e-4f735466cecf":"f.FE1DA32CFDBC8F8C890368A9A93AADEA.d.30701D24633223539B4E6AC0AFE0A22A.e.20220","ELEMENT":"f.FE1DA32CFDBC8F8C890368A9A93AADEA.d.30701D24633223539B4E6AC0AFE0A22A.e.20220"}]}
RESULT: {"script":"<script> [8489 bytes]","args":[{"element-6066-11e4-a52e-4f735466cecf":"f.FE1DA32CFDBC8F8C890368A9A93AADEA.d.30701D24633223539B4E6AC0AFE0A22A.e.20220","ELEMENT":"f.FE1DA32CFDBC8F8C890368A9A93AADEA.d.30701D24633223539B4E6AC0AFE0A22A.e.20220"}]}
COMMAND: GET /session/b9718e1e48867b0fba4e39bd9ed4a756/element/f.FE1DA32CFDBC8F8C890368A9A93AADEA.d.30701D24633223539B4E6AC0AFE0A22A.e.20220/enabled - {}
COMMAND: GET /session/b9718e1e48867b0fba4e39bd9ed4a756/screenshot - {}
RESULT: {}
RESULT: {}
COMMAND: POST /session/b9718e1e48867b0fba4e39bd9ed4a756/element/f.FE1DA32CFDBC8F8C890368A9A93AADEA.d.30701D24633223539B4E6AC0AFE0A22A.e.20220/click - {}
COMMAND: GET /session/b9718e1e48867b0fba4e39bd9ed4a756/screenshot - {}
RESULT: {}
COMMAND: GET /session/b9718e1e48867b0fba4e39bd9ed4a756/screenshot - {}
RESULT: {}
RESULT: {}
COMMAND: POST /session/b9718e1e48867b0fba4e39bd9ed4a756/element/f.FE1DA32CFDBC8F8C890368A9A93AADEA.d.30701D24633223539B4E6AC0AFE0A22A.e.20220/clear - {}
RESULT: {}
COMMAND: POST /session/b9718e1e48867b0fba4e39bd9ed4a756/element/f.FE1DA32CFDBC8F8C890368A9A93AADEA.d.30701D24633223539B4E6AC0AFE0A22A.e.20220/value - {"text":"10343"}
COMMAND: GET /session/b9718e1e48867b0fba4e39bd9ed4a756/screenshot - {}
RESULT: {"text":"10343"}
COMMAND: POST /session/b9718e1e48867b0fba4e39bd9ed4a756/actions - {"actions":[{"id":"action73","type":"key","parameters":{},"actions":[{"type":"keyDown","value":"î€‡"},{"type":"pause","duration":10},{"type":"keyUp","value":"î€‡"}]}]}
COMMAND: GET /session/b9718e1e48867b0fba4e39bd9ed4a756/screenshot - {}
RESULT: {}
RESULT: {"actions":[{"id":"action73","type":"key","parameters":{},"actions":[{"type":"keyDown","value":"î€‡"},{"type":"pause","duration":10},{"type":"keyUp","value":"î€‡"}]}]}
COMMAND: GET /session/b9718e1e48867b0fba4e39bd9ed4a756/screenshot - {}
RESULT: {}
RESULT: {}
COMMAND: POST /session/b9718e1e48867b0fba4e39bd9ed4a756/element - {"using":"xpath","value":"//span[contains(@id ,\"application-billingtransfer-display-component---billingWorkbench--smartTableBillingRuns-header-inner\")]"}
RESULT: {"using":"xpath","value":"//span[contains(@id ,\"application-billingtransfer-display-component---billingWorkbench--smartTableBillingRuns-header-inner\")]"}
COMMAND: POST /session/b9718e1e48867b0fba4e39bd9ed4a756/elements - {"using":"xpath","value":"//span[contains(@id ,\"application-billingtransfer-display-component---billingWorkbench--smartTableBillingRuns-header-inner\")]"}
RESULT: {"using":"xpath","value":"//span[contains(@id ,\"application-billingtransfer-display-component---billingWorkbench--smartTableBillingRuns-header-inner\")]"}
COMMAND: POST /session/b9718e1e48867b0fba4e39bd9ed4a756/execute/sync - {"script":"<script> [56 bytes]","args":[{"element-6066-11e4-a52e-4f735466cecf":"f.FE1DA32CFDBC8F8C890368A9A93AADEA.d.30701D24633223539B4E6AC0AFE0A22A.e.20384","ELEMENT":"f.FE1DA32CFDBC8F8C890368A9A93AADEA.d.30701D24633223539B4E6AC0AFE0A22A.e.20384"}]}
RESULT: {"script":"<script> [56 bytes]","args":[{"element-6066-11e4-a52e-4f735466cecf":"f.FE1DA32CFDBC8F8C890368A9A93AADEA.d.30701D24633223539B4E6AC0AFE0A22A.e.20384","ELEMENT":"f.FE1DA32CFDBC8F8C890368A9A93AADEA.d.30701D24633223539B4E6AC0AFE0A22A.e.20384"}]}
COMMAND: POST /session/b9718e1e48867b0fba4e39bd9ed4a756/element - {"using":"xpath","value":"//td[@aria-colindex=\"1\"]/div/div[contains(@class, \"sapMCbBg\")]"}
COMMAND: GET /session/b9718e1e48867b0fba4e39bd9ed4a756/screenshot - {}
RESULT: {"using":"xpath","value":"//td[@aria-colindex=\"1\"]/div/div[contains(@class, \"sapMCbBg\")]"}
COMMAND: POST /session/b9718e1e48867b0fba4e39bd9ed4a756/element/f.FE1DA32CFDBC8F8C890368A9A93AADEA.d.30701D24633223539B4E6AC0AFE0A22A.e.20392/click - {}
RESULT: {}
RESULT: {}
COMMAND: GET /session/b9718e1e48867b0fba4e39bd9ed4a756/screenshot - {}
RESULT: {}
COMMAND: POST /session/b9718e1e48867b0fba4e39bd9ed4a756/element - {"using":"xpath","value":"//bdi[text()=\"Transfer\"]"}
RESULT: {"using":"xpath","value":"//bdi[text()=\"Transfer\"]"}
COMMAND: POST /session/b9718e1e48867b0fba4e39bd9ed4a756/element/f.FE1DA32CFDBC8F8C890368A9A93AADEA.d.30701D24633223539B4E6AC0AFE0A22A.e.20393/click - {}
RESULT: {}
COMMAND: GET /session/b9718e1e48867b0fba4e39bd9ed4a756/screenshot - {}
RESULT: {}
COMMAND: POST /session/b9718e1e48867b0fba4e39bd9ed4a756/element - {"using":"xpath","value":"//bdi[contains(text(), \"OK\")]"}
RESULT: {"using":"xpath","value":"//bdi[contains(text(), \"OK\")]"}
COMMAND: POST /session/b9718e1e48867b0fba4e39bd9ed4a756/element/f.FE1DA32CFDBC8F8C890368A9A93AADEA.d.30701D24633223539B4E6AC0AFE0A22A.e.20396/click - {}
RESULT: {}
COMMAND: GET /session/b9718e1e48867b0fba4e39bd9ed4a756/screenshot - {}
RESULT: {}
COMMAND: POST /session/b9718e1e48867b0fba4e39bd9ed4a756/element - {"using":"xpath","value":"(//span[contains(text(), \"Completed\")]/parent::div/preceding-sibling::div/span)[1]"}
RESULT: {"using":"xpath","value":"(//span[contains(text(), \"Completed\")]/parent::div/preceding-sibling::div/span)[1]"}
COMMAND: POST /session/b9718e1e48867b0fba4e39bd9ed4a756/element/f.FE1DA32CFDBC8F8C890368A9A93AADEA.d.30701D24633223539B4E6AC0AFE0A22A.e.20404/click - {}
RESULT: {}
COMMAND: POST /session/b9718e1e48867b0fba4e39bd9ed4a756/element - {"using":"xpath","value":"//input[contains(@id ,\"application-billingtransfer-display-component---billingWorkbench--smartFilterBar-btnBasicSearch\")]"}
COMMAND: GET /session/b9718e1e48867b0fba4e39bd9ed4a756/screenshot - {}
RESULT: {"using":"xpath","value":"//input[contains(@id ,\"application-billingtransfer-display-component---billingWorkbench--smartFilterBar-btnBasicSearch\")]"}
COMMAND: POST /session/b9718e1e48867b0fba4e39bd9ed4a756/elements - {"using":"xpath","value":"//input[contains(@id ,\"application-billingtransfer-display-component---billingWorkbench--smartFilterBar-btnBasicSearch\")]"}
RESULT: {}
RESULT: {"using":"xpath","value":"//input[contains(@id ,\"application-billingtransfer-display-component---billingWorkbench--smartFilterBar-btnBasicSearch\")]"}
COMMAND: POST /session/b9718e1e48867b0fba4e39bd9ed4a756/execute/sync - {"script":"<script> [8489 bytes]","args":[{"element-6066-11e4-a52e-4f735466cecf":"f.FE1DA32CFDBC8F8C890368A9A93AADEA.d.30701D24633223539B4E6AC0AFE0A22A.e.20220","ELEMENT":"f.FE1DA32CFDBC8F8C890368A9A93AADEA.d.30701D24633223539B4E6AC0AFE0A22A.e.20220"}]}
RESULT: {"script":"<script> [8489 bytes]","args":[{"element-6066-11e4-a52e-4f735466cecf":"f.FE1DA32CFDBC8F8C890368A9A93AADEA.d.30701D24633223539B4E6AC0AFE0A22A.e.20220","ELEMENT":"f.FE1DA32CFDBC8F8C890368A9A93AADEA.d.30701D24633223539B4E6AC0AFE0A22A.e.20220"}]}
COMMAND: GET /session/b9718e1e48867b0fba4e39bd9ed4a756/element/f.FE1DA32CFDBC8F8C890368A9A93AADEA.d.30701D24633223539B4E6AC0AFE0A22A.e.20220/enabled - {}
COMMAND: GET /session/b9718e1e48867b0fba4e39bd9ed4a756/screenshot - {}
RESULT: {}
COMMAND: POST /session/b9718e1e48867b0fba4e39bd9ed4a756/element/f.FE1DA32CFDBC8F8C890368A9A93AADEA.d.30701D24633223539B4E6AC0AFE0A22A.e.20220/click - {}
COMMAND: GET /session/b9718e1e48867b0fba4e39bd9ed4a756/screenshot - {}
RESULT: {}
RESULT: {}
COMMAND: GET /session/b9718e1e48867b0fba4e39bd9ed4a756/screenshot - {}
RESULT: {}
RESULT: {}
COMMAND: POST /session/b9718e1e48867b0fba4e39bd9ed4a756/element/f.FE1DA32CFDBC8F8C890368A9A93AADEA.d.30701D24633223539B4E6AC0AFE0A22A.e.20220/clear - {}
RESULT: {}
COMMAND: POST /session/b9718e1e48867b0fba4e39bd9ed4a756/element/f.FE1DA32CFDBC8F8C890368A9A93AADEA.d.30701D24633223539B4E6AC0AFE0A22A.e.20220/value - {"text":"10343"}
COMMAND: GET /session/b9718e1e48867b0fba4e39bd9ed4a756/screenshot - {}
RESULT: {"text":"10343"}
COMMAND: POST /session/b9718e1e48867b0fba4e39bd9ed4a756/actions - {"actions":[{"id":"action74","type":"key","parameters":{},"actions":[{"type":"keyDown","value":"î€‡"},{"type":"pause","duration":10},{"type":"keyUp","value":"î€‡"}]}]}
COMMAND: GET /session/b9718e1e48867b0fba4e39bd9ed4a756/screenshot - {}
RESULT: {}
RESULT: {"actions":[{"id":"action74","type":"key","parameters":{},"actions":[{"type":"keyDown","value":"î€‡"},{"type":"pause","duration":10},{"type":"keyUp","value":"î€‡"}]}]}
COMMAND: GET /session/b9718e1e48867b0fba4e39bd9ed4a756/screenshot - {}
RESULT: {}
RESULT: {}
COMMAND: POST /session/b9718e1e48867b0fba4e39bd9ed4a756/element - {"using":"xpath","value":"//span[contains(@id ,\"application-billingtransfer-display-component---billingWorkbench--smartTableBillingRuns-header-inner\")]"}
RESULT: {"using":"xpath","value":"//span[contains(@id ,\"application-billingtransfer-display-component---billingWorkbench--smartTableBillingRuns-header-inner\")]"}
COMMAND: POST /session/b9718e1e48867b0fba4e39bd9ed4a756/elements - {"using":"xpath","value":"//span[contains(@id ,\"application-billingtransfer-display-component---billingWorkbench--smartTableBillingRuns-header-inner\")]"}
RESULT: {"using":"xpath","value":"//span[contains(@id ,\"application-billingtransfer-display-component---billingWorkbench--smartTableBillingRuns-header-inner\")]"}
COMMAND: POST /session/b9718e1e48867b0fba4e39bd9ed4a756/execute/sync - {"script":"<script> [56 bytes]","args":[{"element-6066-11e4-a52e-4f735466cecf":"f.FE1DA32CFDBC8F8C890368A9A93AADEA.d.30701D24633223539B4E6AC0AFE0A22A.e.20384","ELEMENT":"f.FE1DA32CFDBC8F8C890368A9A93AADEA.d.30701D24633223539B4E6AC0AFE0A22A.e.20384"}]}
RESULT: {"script":"<script> [56 bytes]","args":[{"element-6066-11e4-a52e-4f735466cecf":"f.FE1DA32CFDBC8F8C890368A9A93AADEA.d.30701D24633223539B4E6AC0AFE0A22A.e.20384","ELEMENT":"f.FE1DA32CFDBC8F8C890368A9A93AADEA.d.30701D24633223539B4E6AC0AFE0A22A.e.20384"}]}
COMMAND: POST /session/b9718e1e48867b0fba4e39bd9ed4a756/element - {"using":"css selector","value":"#shell-header-logo"}
COMMAND: GET /session/b9718e1e48867b0fba4e39bd9ed4a756/screenshot - {}
RESULT: {"using":"css selector","value":"#shell-header-logo"}
COMMAND: POST /session/b9718e1e48867b0fba4e39bd9ed4a756/element/f.FE1DA32CFDBC8F8C890368A9A93AADEA.d.30701D24633223539B4E6AC0AFE0A22A.e.20218/click - {}
RESULT: {}
RESULT: {}
COMMAND: GET /session/b9718e1e48867b0fba4e39bd9ed4a756/screenshot - {}
]]></system-out>
    </testcase>
    <testcase classname="chrome.136_0_7103_93.windows.Billing_Calculation_-_Time_based_(considering_transport_times)_US139738" name="Should navigate to the contract item check the billed until field value" time="55.118">
      <system-out><![CDATA[
RESULT: undefined
COMMAND: POST /session/b9718e1e48867b0fba4e39bd9ed4a756/element - {"using":"xpath","value":"//*[@id=\"__tile130\"]"}
RESULT: {}
RESULT: {"using":"xpath","value":"//*[@id=\"__tile130\"]"}
COMMAND: POST /session/b9718e1e48867b0fba4e39bd9ed4a756/element/f.FE1DA32CFDBC8F8C890368A9A93AADEA.d.30701D24633223539B4E6AC0AFE0A22A.e.16192/click - {}
RESULT: {}
COMMAND: GET /session/b9718e1e48867b0fba4e39bd9ed4a756/screenshot - {}
RESULT: {}
COMMAND: POST /session/b9718e1e48867b0fba4e39bd9ed4a756/elements - {"using":"xpath","value":"//span[text()='Error']"}
RESULT: {"using":"xpath","value":"//span[text()='Error']"}
COMMAND: POST /session/b9718e1e48867b0fba4e39bd9ed4a756/element - {"using":"xpath","value":"//button[@data-kt=\"addButton\"]"}
RESULT: {"using":"xpath","value":"//button[@data-kt=\"addButton\"]"}
COMMAND: POST /session/b9718e1e48867b0fba4e39bd9ed4a756/elements - {"using":"xpath","value":"//button[@data-kt=\"addButton\"]"}
RESULT: {"using":"xpath","value":"//button[@data-kt=\"addButton\"]"}
COMMAND: POST /session/b9718e1e48867b0fba4e39bd9ed4a756/execute/sync - {"script":"<script> [8489 bytes]","args":[{"element-6066-11e4-a52e-4f735466cecf":"f.FE1DA32CFDBC8F8C890368A9A93AADEA.d.30701D24633223539B4E6AC0AFE0A22A.e.20450","ELEMENT":"f.FE1DA32CFDBC8F8C890368A9A93AADEA.d.30701D24633223539B4E6AC0AFE0A22A.e.20450"}]}
RESULT: {"script":"<script> [8489 bytes]","args":[{"element-6066-11e4-a52e-4f735466cecf":"f.FE1DA32CFDBC8F8C890368A9A93AADEA.d.30701D24633223539B4E6AC0AFE0A22A.e.20450","ELEMENT":"f.FE1DA32CFDBC8F8C890368A9A93AADEA.d.30701D24633223539B4E6AC0AFE0A22A.e.20450"}]}
COMMAND: GET /session/b9718e1e48867b0fba4e39bd9ed4a756/element/f.FE1DA32CFDBC8F8C890368A9A93AADEA.d.30701D24633223539B4E6AC0AFE0A22A.e.20450/enabled - {}
COMMAND: GET /session/b9718e1e48867b0fba4e39bd9ed4a756/screenshot - {}
RESULT: {}
COMMAND: POST /session/b9718e1e48867b0fba4e39bd9ed4a756/execute/sync - {"script":"<script> [8489 bytes]","args":[{"element-6066-11e4-a52e-4f735466cecf":"f.FE1DA32CFDBC8F8C890368A9A93AADEA.d.30701D24633223539B4E6AC0AFE0A22A.e.20450","ELEMENT":"f.FE1DA32CFDBC8F8C890368A9A93AADEA.d.30701D24633223539B4E6AC0AFE0A22A.e.20450"}]}
COMMAND: GET /session/b9718e1e48867b0fba4e39bd9ed4a756/screenshot - {}
RESULT: {}
RESULT: {"script":"<script> [8489 bytes]","args":[{"element-6066-11e4-a52e-4f735466cecf":"f.FE1DA32CFDBC8F8C890368A9A93AADEA.d.30701D24633223539B4E6AC0AFE0A22A.e.20450","ELEMENT":"f.FE1DA32CFDBC8F8C890368A9A93AADEA.d.30701D24633223539B4E6AC0AFE0A22A.e.20450"}]}
COMMAND: POST /session/b9718e1e48867b0fba4e39bd9ed4a756/execute/sync - {"script":"<script> [5351 bytes]","args":[{"element-6066-11e4-a52e-4f735466cecf":"f.FE1DA32CFDBC8F8C890368A9A93AADEA.d.30701D24633223539B4E6AC0AFE0A22A.e.20450","ELEMENT":"f.FE1DA32CFDBC8F8C890368A9A93AADEA.d.30701D24633223539B4E6AC0AFE0A22A.e.20450"}]}
COMMAND: GET /session/b9718e1e48867b0fba4e39bd9ed4a756/screenshot - {}
RESULT: {}
RESULT: {"script":"<script> [5351 bytes]","args":[{"element-6066-11e4-a52e-4f735466cecf":"f.FE1DA32CFDBC8F8C890368A9A93AADEA.d.30701D24633223539B4E6AC0AFE0A22A.e.20450","ELEMENT":"f.FE1DA32CFDBC8F8C890368A9A93AADEA.d.30701D24633223539B4E6AC0AFE0A22A.e.20450"}]}
COMMAND: POST /session/b9718e1e48867b0fba4e39bd9ed4a756/element - {"using":"xpath","value":"//input[contains(@id ,\"smartContractFilterBar-btnBasicSearch-I\")]"}
COMMAND: GET /session/b9718e1e48867b0fba4e39bd9ed4a756/screenshot - {}
RESULT: {}
RESULT: {"using":"xpath","value":"//input[contains(@id ,\"smartContractFilterBar-btnBasicSearch-I\")]"}
COMMAND: POST /session/b9718e1e48867b0fba4e39bd9ed4a756/elements - {"using":"xpath","value":"//input[contains(@id ,\"smartContractFilterBar-btnBasicSearch-I\")]"}
RESULT: {}
RESULT: {"using":"xpath","value":"//input[contains(@id ,\"smartContractFilterBar-btnBasicSearch-I\")]"}
COMMAND: POST /session/b9718e1e48867b0fba4e39bd9ed4a756/execute/sync - {"script":"<script> [8489 bytes]","args":[{"element-6066-11e4-a52e-4f735466cecf":"f.FE1DA32CFDBC8F8C890368A9A93AADEA.d.30701D24633223539B4E6AC0AFE0A22A.e.20412","ELEMENT":"f.FE1DA32CFDBC8F8C890368A9A93AADEA.d.30701D24633223539B4E6AC0AFE0A22A.e.20412"}]}
RESULT: {"script":"<script> [8489 bytes]","args":[{"element-6066-11e4-a52e-4f735466cecf":"f.FE1DA32CFDBC8F8C890368A9A93AADEA.d.30701D24633223539B4E6AC0AFE0A22A.e.20412","ELEMENT":"f.FE1DA32CFDBC8F8C890368A9A93AADEA.d.30701D24633223539B4E6AC0AFE0A22A.e.20412"}]}
COMMAND: GET /session/b9718e1e48867b0fba4e39bd9ed4a756/element/f.FE1DA32CFDBC8F8C890368A9A93AADEA.d.30701D24633223539B4E6AC0AFE0A22A.e.20412/enabled - {}
COMMAND: GET /session/b9718e1e48867b0fba4e39bd9ed4a756/screenshot - {}
RESULT: {}
COMMAND: POST /session/b9718e1e48867b0fba4e39bd9ed4a756/element/f.FE1DA32CFDBC8F8C890368A9A93AADEA.d.30701D24633223539B4E6AC0AFE0A22A.e.20412/clear - {}
COMMAND: GET /session/b9718e1e48867b0fba4e39bd9ed4a756/screenshot - {}
RESULT: {}
RESULT: {}
COMMAND: POST /session/b9718e1e48867b0fba4e39bd9ed4a756/element/f.FE1DA32CFDBC8F8C890368A9A93AADEA.d.30701D24633223539B4E6AC0AFE0A22A.e.20412/value - {"text":"10343"}
COMMAND: GET /session/b9718e1e48867b0fba4e39bd9ed4a756/screenshot - {}
RESULT: {}
RESULT: {"text":"10343"}
COMMAND: GET /session/b9718e1e48867b0fba4e39bd9ed4a756/screenshot - {}
RESULT: {}
RESULT: {}
COMMAND: POST /session/b9718e1e48867b0fba4e39bd9ed4a756/actions - {"actions":[{"id":"action75","type":"key","parameters":{},"actions":[{"type":"keyDown","value":"î€‡"},{"type":"pause","duration":10},{"type":"keyUp","value":"î€‡"}]}]}
RESULT: {"actions":[{"id":"action75","type":"key","parameters":{},"actions":[{"type":"keyDown","value":"î€‡"},{"type":"pause","duration":10},{"type":"keyUp","value":"î€‡"}]}]}
COMMAND: GET /session/b9718e1e48867b0fba4e39bd9ed4a756/screenshot - {}
RESULT: {}
COMMAND: POST /session/b9718e1e48867b0fba4e39bd9ed4a756/element - {"using":"xpath","value":"//span[contains(@id, \"masterListContractsSmartTable-header-inner\")]"}
RESULT: {"using":"xpath","value":"//span[contains(@id, \"masterListContractsSmartTable-header-inner\")]"}
COMMAND: POST /session/b9718e1e48867b0fba4e39bd9ed4a756/elements - {"using":"xpath","value":"//span[contains(@id, \"masterListContractsSmartTable-header-inner\")]"}
RESULT: {"using":"xpath","value":"//span[contains(@id, \"masterListContractsSmartTable-header-inner\")]"}
COMMAND: POST /session/b9718e1e48867b0fba4e39bd9ed4a756/execute/sync - {"script":"<script> [56 bytes]","args":[{"element-6066-11e4-a52e-4f735466cecf":"f.FE1DA32CFDBC8F8C890368A9A93AADEA.d.30701D24633223539B4E6AC0AFE0A22A.e.20521","ELEMENT":"f.FE1DA32CFDBC8F8C890368A9A93AADEA.d.30701D24633223539B4E6AC0AFE0A22A.e.20521"}]}
RESULT: {"script":"<script> [56 bytes]","args":[{"element-6066-11e4-a52e-4f735466cecf":"f.FE1DA32CFDBC8F8C890368A9A93AADEA.d.30701D24633223539B4E6AC0AFE0A22A.e.20521","ELEMENT":"f.FE1DA32CFDBC8F8C890368A9A93AADEA.d.30701D24633223539B4E6AC0AFE0A22A.e.20521"}]}
COMMAND: POST /session/b9718e1e48867b0fba4e39bd9ed4a756/element - {"using":"xpath","value":"(//span[contains(@id, \"imgNav\")])[1]"}
COMMAND: GET /session/b9718e1e48867b0fba4e39bd9ed4a756/screenshot - {}
RESULT: {"using":"xpath","value":"(//span[contains(@id, \"imgNav\")])[1]"}
COMMAND: POST /session/b9718e1e48867b0fba4e39bd9ed4a756/element/f.FE1DA32CFDBC8F8C890368A9A93AADEA.d.30701D24633223539B4E6AC0AFE0A22A.e.20519/click - {}
RESULT: {}
RESULT: {}
COMMAND: GET /session/b9718e1e48867b0fba4e39bd9ed4a756/screenshot - {}
RESULT: {}
COMMAND: POST /session/b9718e1e48867b0fba4e39bd9ed4a756/element - {"using":"xpath","value":"//tr[@data-kt=\"productsColumnListItem\"]//td//span[contains(@id, \"imgNav\")][1]"}
RESULT: {"using":"xpath","value":"//tr[@data-kt=\"productsColumnListItem\"]//td//span[contains(@id, \"imgNav\")][1]"}
COMMAND: POST /session/b9718e1e48867b0fba4e39bd9ed4a756/element/f.FE1DA32CFDBC8F8C890368A9A93AADEA.d.30701D24633223539B4E6AC0AFE0A22A.e.20689/click - {}
RESULT: {}
COMMAND: GET /session/b9718e1e48867b0fba4e39bd9ed4a756/screenshot - {}
RESULT: {}
COMMAND: POST /session/b9718e1e48867b0fba4e39bd9ed4a756/element - {"using":"xpath","value":"//section[contains(@id, \"application-managecontracts-display-component---BillingItem--ObjectPageLayout-OPHeaderContent\")]/div/div/div/div/div[2]/div/div[2]/span"}
RESULT: {"using":"xpath","value":"//section[contains(@id, \"application-managecontracts-display-component---BillingItem--ObjectPageLayout-OPHeaderContent\")]/div/div/div/div/div[2]/div/div[2]/span"}
COMMAND: POST /session/b9718e1e48867b0fba4e39bd9ed4a756/execute/sync - {"script":"<script> [56 bytes]","args":[{"element-6066-11e4-a52e-4f735466cecf":"f.FE1DA32CFDBC8F8C890368A9A93AADEA.d.30701D24633223539B4E6AC0AFE0A22A.e.20825","ELEMENT":"f.FE1DA32CFDBC8F8C890368A9A93AADEA.d.30701D24633223539B4E6AC0AFE0A22A.e.20825"}]}
RESULT: {"script":"<script> [56 bytes]","args":[{"element-6066-11e4-a52e-4f735466cecf":"f.FE1DA32CFDBC8F8C890368A9A93AADEA.d.30701D24633223539B4E6AC0AFE0A22A.e.20825","ELEMENT":"f.FE1DA32CFDBC8F8C890368A9A93AADEA.d.30701D24633223539B4E6AC0AFE0A22A.e.20825"}]}
COMMAND: POST /session/b9718e1e48867b0fba4e39bd9ed4a756/element - {"using":"xpath","value":"//table[contains(@id, \"application-managecontracts-display-component---BillingItem--billingList-listUl\")]//td//*[contains(text(), \"partial billed\")]"}
COMMAND: GET /session/b9718e1e48867b0fba4e39bd9ed4a756/screenshot - {}
RESULT: {"using":"xpath","value":"//table[contains(@id, \"application-managecontracts-display-component---BillingItem--billingList-listUl\")]//td//*[contains(text(), \"partial billed\")]"}
COMMAND: POST /session/b9718e1e48867b0fba4e39bd9ed4a756/execute/sync - {"script":"<script> [56 bytes]","args":[{"element-6066-11e4-a52e-4f735466cecf":"f.FE1DA32CFDBC8F8C890368A9A93AADEA.d.30701D24633223539B4E6AC0AFE0A22A.e.20826","ELEMENT":"f.FE1DA32CFDBC8F8C890368A9A93AADEA.d.30701D24633223539B4E6AC0AFE0A22A.e.20826"}]}
RESULT: {}
RESULT: {"script":"<script> [56 bytes]","args":[{"element-6066-11e4-a52e-4f735466cecf":"f.FE1DA32CFDBC8F8C890368A9A93AADEA.d.30701D24633223539B4E6AC0AFE0A22A.e.20826","ELEMENT":"f.FE1DA32CFDBC8F8C890368A9A93AADEA.d.30701D24633223539B4E6AC0AFE0A22A.e.20826"}]}
COMMAND: POST /session/b9718e1e48867b0fba4e39bd9ed4a756/element - {"using":"css selector","value":"#shell-header-logo"}
COMMAND: GET /session/b9718e1e48867b0fba4e39bd9ed4a756/screenshot - {}
RESULT: {"using":"css selector","value":"#shell-header-logo"}
COMMAND: POST /session/b9718e1e48867b0fba4e39bd9ed4a756/element/f.FE1DA32CFDBC8F8C890368A9A93AADEA.d.30701D24633223539B4E6AC0AFE0A22A.e.20408/click - {}
RESULT: {}
RESULT: {}
COMMAND: GET /session/b9718e1e48867b0fba4e39bd9ed4a756/screenshot - {}
RESULT: {}
]]></system-out>
    </testcase>
    <testcase classname="chrome.136_0_7103_93.windows.Billing_Calculation_-_Time_based_(considering_transport_times)_US139738" name="Should do a handover return 2 step 7 days after provide or 14 days from today receive it in 21 days" time="179.362">
      <system-out><![CDATA[
RESULT: undefined
COMMAND: POST /session/b9718e1e48867b0fba4e39bd9ed4a756/element - {"using":"xpath","value":"//*[@id=\"__tile130\"]"}
RESULT: {"using":"xpath","value":"//*[@id=\"__tile130\"]"}
COMMAND: POST /session/b9718e1e48867b0fba4e39bd9ed4a756/element/f.FE1DA32CFDBC8F8C890368A9A93AADEA.d.30701D24633223539B4E6AC0AFE0A22A.e.16192/click - {}
RESULT: {}
COMMAND: GET /session/b9718e1e48867b0fba4e39bd9ed4a756/screenshot - {}
RESULT: {}
COMMAND: POST /session/b9718e1e48867b0fba4e39bd9ed4a756/elements - {"using":"xpath","value":"//span[text()='Error']"}
RESULT: {"using":"xpath","value":"//span[text()='Error']"}
COMMAND: POST /session/b9718e1e48867b0fba4e39bd9ed4a756/element - {"using":"xpath","value":"//button[@data-kt=\"addButton\"]"}
RESULT: {"using":"xpath","value":"//button[@data-kt=\"addButton\"]"}
COMMAND: POST /session/b9718e1e48867b0fba4e39bd9ed4a756/elements - {"using":"xpath","value":"//button[@data-kt=\"addButton\"]"}
RESULT: {"using":"xpath","value":"//button[@data-kt=\"addButton\"]"}
COMMAND: POST /session/b9718e1e48867b0fba4e39bd9ed4a756/execute/sync - {"script":"<script> [8489 bytes]","args":[{"element-6066-11e4-a52e-4f735466cecf":"f.FE1DA32CFDBC8F8C890368A9A93AADEA.d.30701D24633223539B4E6AC0AFE0A22A.e.20874","ELEMENT":"f.FE1DA32CFDBC8F8C890368A9A93AADEA.d.30701D24633223539B4E6AC0AFE0A22A.e.20874"}]}
RESULT: {"script":"<script> [8489 bytes]","args":[{"element-6066-11e4-a52e-4f735466cecf":"f.FE1DA32CFDBC8F8C890368A9A93AADEA.d.30701D24633223539B4E6AC0AFE0A22A.e.20874","ELEMENT":"f.FE1DA32CFDBC8F8C890368A9A93AADEA.d.30701D24633223539B4E6AC0AFE0A22A.e.20874"}]}
COMMAND: GET /session/b9718e1e48867b0fba4e39bd9ed4a756/element/f.FE1DA32CFDBC8F8C890368A9A93AADEA.d.30701D24633223539B4E6AC0AFE0A22A.e.20874/enabled - {}
COMMAND: GET /session/b9718e1e48867b0fba4e39bd9ed4a756/screenshot - {}
RESULT: {}
COMMAND: POST /session/b9718e1e48867b0fba4e39bd9ed4a756/execute/sync - {"script":"<script> [8489 bytes]","args":[{"element-6066-11e4-a52e-4f735466cecf":"f.FE1DA32CFDBC8F8C890368A9A93AADEA.d.30701D24633223539B4E6AC0AFE0A22A.e.20874","ELEMENT":"f.FE1DA32CFDBC8F8C890368A9A93AADEA.d.30701D24633223539B4E6AC0AFE0A22A.e.20874"}]}
COMMAND: GET /session/b9718e1e48867b0fba4e39bd9ed4a756/screenshot - {}
RESULT: {}
RESULT: {"script":"<script> [8489 bytes]","args":[{"element-6066-11e4-a52e-4f735466cecf":"f.FE1DA32CFDBC8F8C890368A9A93AADEA.d.30701D24633223539B4E6AC0AFE0A22A.e.20874","ELEMENT":"f.FE1DA32CFDBC8F8C890368A9A93AADEA.d.30701D24633223539B4E6AC0AFE0A22A.e.20874"}]}
COMMAND: POST /session/b9718e1e48867b0fba4e39bd9ed4a756/execute/sync - {"script":"<script> [5351 bytes]","args":[{"element-6066-11e4-a52e-4f735466cecf":"f.FE1DA32CFDBC8F8C890368A9A93AADEA.d.30701D24633223539B4E6AC0AFE0A22A.e.20874","ELEMENT":"f.FE1DA32CFDBC8F8C890368A9A93AADEA.d.30701D24633223539B4E6AC0AFE0A22A.e.20874"}]}
COMMAND: GET /session/b9718e1e48867b0fba4e39bd9ed4a756/screenshot - {}
RESULT: {}
RESULT: {"script":"<script> [5351 bytes]","args":[{"element-6066-11e4-a52e-4f735466cecf":"f.FE1DA32CFDBC8F8C890368A9A93AADEA.d.30701D24633223539B4E6AC0AFE0A22A.e.20874","ELEMENT":"f.FE1DA32CFDBC8F8C890368A9A93AADEA.d.30701D24633223539B4E6AC0AFE0A22A.e.20874"}]}
COMMAND: GET /session/b9718e1e48867b0fba4e39bd9ed4a756/screenshot - {}
RESULT: {}
RESULT: {}
COMMAND: POST /session/b9718e1e48867b0fba4e39bd9ed4a756/element - {"using":"xpath","value":"//input[contains(@id ,\"smartContractFilterBar-btnBasicSearch-I\")]"}
RESULT: {"using":"xpath","value":"//input[contains(@id ,\"smartContractFilterBar-btnBasicSearch-I\")]"}
COMMAND: POST /session/b9718e1e48867b0fba4e39bd9ed4a756/elements - {"using":"xpath","value":"//input[contains(@id ,\"smartContractFilterBar-btnBasicSearch-I\")]"}
RESULT: {"using":"xpath","value":"//input[contains(@id ,\"smartContractFilterBar-btnBasicSearch-I\")]"}
COMMAND: POST /session/b9718e1e48867b0fba4e39bd9ed4a756/execute/sync - {"script":"<script> [8489 bytes]","args":[{"element-6066-11e4-a52e-4f735466cecf":"f.FE1DA32CFDBC8F8C890368A9A93AADEA.d.30701D24633223539B4E6AC0AFE0A22A.e.20838","ELEMENT":"f.FE1DA32CFDBC8F8C890368A9A93AADEA.d.30701D24633223539B4E6AC0AFE0A22A.e.20838"}]}
RESULT: {"script":"<script> [8489 bytes]","args":[{"element-6066-11e4-a52e-4f735466cecf":"f.FE1DA32CFDBC8F8C890368A9A93AADEA.d.30701D24633223539B4E6AC0AFE0A22A.e.20838","ELEMENT":"f.FE1DA32CFDBC8F8C890368A9A93AADEA.d.30701D24633223539B4E6AC0AFE0A22A.e.20838"}]}
COMMAND: GET /session/b9718e1e48867b0fba4e39bd9ed4a756/element/f.FE1DA32CFDBC8F8C890368A9A93AADEA.d.30701D24633223539B4E6AC0AFE0A22A.e.20838/enabled - {}
COMMAND: GET /session/b9718e1e48867b0fba4e39bd9ed4a756/screenshot - {}
RESULT: {}
COMMAND: POST /session/b9718e1e48867b0fba4e39bd9ed4a756/element/f.FE1DA32CFDBC8F8C890368A9A93AADEA.d.30701D24633223539B4E6AC0AFE0A22A.e.20838/clear - {}
COMMAND: GET /session/b9718e1e48867b0fba4e39bd9ed4a756/screenshot - {}
RESULT: {}
RESULT: {}
COMMAND: POST /session/b9718e1e48867b0fba4e39bd9ed4a756/element/f.FE1DA32CFDBC8F8C890368A9A93AADEA.d.30701D24633223539B4E6AC0AFE0A22A.e.20838/value - {"text":"10343"}
COMMAND: GET /session/b9718e1e48867b0fba4e39bd9ed4a756/screenshot - {}
RESULT: {}
RESULT: {"text":"10343"}
COMMAND: GET /session/b9718e1e48867b0fba4e39bd9ed4a756/screenshot - {}
RESULT: {}
RESULT: {}
COMMAND: POST /session/b9718e1e48867b0fba4e39bd9ed4a756/actions - {"actions":[{"id":"action76","type":"key","parameters":{},"actions":[{"type":"keyDown","value":"î€‡"},{"type":"pause","duration":10},{"type":"keyUp","value":"î€‡"}]}]}
RESULT: {"actions":[{"id":"action76","type":"key","parameters":{},"actions":[{"type":"keyDown","value":"î€‡"},{"type":"pause","duration":10},{"type":"keyUp","value":"î€‡"}]}]}
COMMAND: GET /session/b9718e1e48867b0fba4e39bd9ed4a756/screenshot - {}
RESULT: {}
COMMAND: POST /session/b9718e1e48867b0fba4e39bd9ed4a756/element - {"using":"xpath","value":"//span[contains(@id, \"masterListContractsSmartTable-header-inner\")]"}
RESULT: {"using":"xpath","value":"//span[contains(@id, \"masterListContractsSmartTable-header-inner\")]"}
COMMAND: POST /session/b9718e1e48867b0fba4e39bd9ed4a756/elements - {"using":"xpath","value":"//span[contains(@id, \"masterListContractsSmartTable-header-inner\")]"}
RESULT: {"using":"xpath","value":"//span[contains(@id, \"masterListContractsSmartTable-header-inner\")]"}
COMMAND: POST /session/b9718e1e48867b0fba4e39bd9ed4a756/execute/sync - {"script":"<script> [56 bytes]","args":[{"element-6066-11e4-a52e-4f735466cecf":"f.FE1DA32CFDBC8F8C890368A9A93AADEA.d.30701D24633223539B4E6AC0AFE0A22A.e.20940","ELEMENT":"f.FE1DA32CFDBC8F8C890368A9A93AADEA.d.30701D24633223539B4E6AC0AFE0A22A.e.20940"}]}
RESULT: {"script":"<script> [56 bytes]","args":[{"element-6066-11e4-a52e-4f735466cecf":"f.FE1DA32CFDBC8F8C890368A9A93AADEA.d.30701D24633223539B4E6AC0AFE0A22A.e.20940","ELEMENT":"f.FE1DA32CFDBC8F8C890368A9A93AADEA.d.30701D24633223539B4E6AC0AFE0A22A.e.20940"}]}
COMMAND: POST /session/b9718e1e48867b0fba4e39bd9ed4a756/element - {"using":"xpath","value":"(//span[contains(@id, \"imgNav\")])[1]"}
COMMAND: GET /session/b9718e1e48867b0fba4e39bd9ed4a756/screenshot - {}
RESULT: {"using":"xpath","value":"(//span[contains(@id, \"imgNav\")])[1]"}
COMMAND: POST /session/b9718e1e48867b0fba4e39bd9ed4a756/element/f.FE1DA32CFDBC8F8C890368A9A93AADEA.d.30701D24633223539B4E6AC0AFE0A22A.e.20938/click - {}
RESULT: {}
RESULT: {}
COMMAND: GET /session/b9718e1e48867b0fba4e39bd9ed4a756/screenshot - {}
RESULT: {}
COMMAND: POST /session/b9718e1e48867b0fba4e39bd9ed4a756/element - {"using":"xpath","value":"//button[contains(@id, \"contractDetailReturnButton\")]"}
RESULT: {"using":"xpath","value":"//button[contains(@id, \"contractDetailReturnButton\")]"}
COMMAND: POST /session/b9718e1e48867b0fba4e39bd9ed4a756/element/f.FE1DA32CFDBC8F8C890368A9A93AADEA.d.30701D24633223539B4E6AC0AFE0A22A.e.21030/click - {}
RESULT: {}
COMMAND: GET /session/b9718e1e48867b0fba4e39bd9ed4a756/screenshot - {}
RESULT: {}
RESULT: undefined
COMMAND: POST /session/b9718e1e48867b0fba4e39bd9ed4a756/execute/async - {"script":"<script> [776 bytes]","args":[{"enterText":"5/31/25","selector":{"id":"application-managehandovers-display-component---AddNewHO--dueDate","interaction":{"idSuffix":"inner"}},"clearTextFirst":true,"interactionType":"ENTER_TEXT"}]}
RESULT: {"script":"<script> [776 bytes]","args":[{"enterText":"5/31/25","selector":{"id":"application-managehandovers-display-component---AddNewHO--dueDate","interaction":{"idSuffix":"inner"}},"clearTextFirst":true,"interactionType":"ENTER_TEXT"}]}
COMMAND: POST /session/b9718e1e48867b0fba4e39bd9ed4a756/element - {"using":"xpath","value":"//bdi[contains(text(), \"Instructions\")]"}
RESULT: {"using":"xpath","value":"//bdi[contains(text(), \"Instructions\")]"}
COMMAND: POST /session/b9718e1e48867b0fba4e39bd9ed4a756/element/f.FE1DA32CFDBC8F8C890368A9A93AADEA.d.30701D24633223539B4E6AC0AFE0A22A.e.21419/click - {}
RESULT: {}
COMMAND: GET /session/b9718e1e48867b0fba4e39bd9ed4a756/screenshot - {}
RESULT: {}
COMMAND: POST /session/b9718e1e48867b0fba4e39bd9ed4a756/element - {"using":"xpath","value":"//button[@data-kt=\"AddNewHOProvideAddItemsButton\"]"}
RESULT: {"using":"xpath","value":"//button[@data-kt=\"AddNewHOProvideAddItemsButton\"]"}
COMMAND: POST /session/b9718e1e48867b0fba4e39bd9ed4a756/element/f.FE1DA32CFDBC8F8C890368A9A93AADEA.d.30701D24633223539B4E6AC0AFE0A22A.e.21228/click - {}
RESULT: {}
COMMAND: GET /session/b9718e1e48867b0fba4e39bd9ed4a756/screenshot - {}
RESULT: {}
RESULT: undefined
COMMAND: POST /session/b9718e1e48867b0fba4e39bd9ed4a756/element - {"using":"xpath","value":"//*[@id=\"application-managehandovers-display-component---AddNewHO--popup-sa\"]"}
RESULT: {"using":"xpath","value":"//*[@id=\"application-managehandovers-display-component---AddNewHO--popup-sa\"]"}
COMMAND: POST /session/b9718e1e48867b0fba4e39bd9ed4a756/element/f.FE1DA32CFDBC8F8C890368A9A93AADEA.d.30701D24633223539B4E6AC0AFE0A22A.e.21437/click - {}
RESULT: {}
COMMAND: GET /session/b9718e1e48867b0fba4e39bd9ed4a756/screenshot - {}
RESULT: {}
COMMAND: POST /session/b9718e1e48867b0fba4e39bd9ed4a756/element - {"using":"xpath","value":"//*[contains(@id ,\"BDI-content\")][contains(text(), \"Select\")]"}
RESULT: {"using":"xpath","value":"//*[contains(@id ,\"BDI-content\")][contains(text(), \"Select\")]"}
COMMAND: POST /session/b9718e1e48867b0fba4e39bd9ed4a756/element/f.FE1DA32CFDBC8F8C890368A9A93AADEA.d.30701D24633223539B4E6AC0AFE0A22A.e.21439/click - {}
RESULT: {}
COMMAND: GET /session/b9718e1e48867b0fba4e39bd9ed4a756/screenshot - {}
RESULT: {}
COMMAND: POST /session/b9718e1e48867b0fba4e39bd9ed4a756/element - {"using":"xpath","value":"(//div[contains(@id, \"application-managehandovers-display-component---AddNewHO--oneStep-CbBg\")])"}
RESULT: {"using":"xpath","value":"(//div[contains(@id, \"application-managehandovers-display-component---AddNewHO--oneStep-CbBg\")])"}
COMMAND: POST /session/b9718e1e48867b0fba4e39bd9ed4a756/element/f.FE1DA32CFDBC8F8C890368A9A93AADEA.d.30701D24633223539B4E6AC0AFE0A22A.e.21442/click - {}
RESULT: {}
RESULT: undefined
COMMAND: POST /session/b9718e1e48867b0fba4e39bd9ed4a756/element - {"using":"xpath","value":"//*[@id=\"application-managehandovers-display-component---AddNewHO--confirmCreationButton\"]"}
COMMAND: GET /session/b9718e1e48867b0fba4e39bd9ed4a756/screenshot - {}
RESULT: {}
RESULT: {"using":"xpath","value":"//*[@id=\"application-managehandovers-display-component---AddNewHO--confirmCreationButton\"]"}
COMMAND: POST /session/b9718e1e48867b0fba4e39bd9ed4a756/element/f.FE1DA32CFDBC8F8C890368A9A93AADEA.d.30701D24633223539B4E6AC0AFE0A22A.e.21235/click - {}
RESULT: {}
COMMAND: GET /session/b9718e1e48867b0fba4e39bd9ed4a756/screenshot - {}
RESULT: {}
RESULT: undefined
COMMAND: POST /session/b9718e1e48867b0fba4e39bd9ed4a756/execute/async - {"script":"<script> [776 bytes]","args":[{"enterText":"5/31/25","selector":{"id":"issueDatePicker","viewName":"etm.portal.ui.managehandovers.view.DetailExecuteHO","interaction":{"idSuffix":"inner"}},"clearTextFirst":true,"interactionType":"ENTER_TEXT"}]}
RESULT: {"script":"<script> [776 bytes]","args":[{"enterText":"5/31/25","selector":{"id":"issueDatePicker","viewName":"etm.portal.ui.managehandovers.view.DetailExecuteHO","interaction":{"idSuffix":"inner"}},"clearTextFirst":true,"interactionType":"ENTER_TEXT"}]}
COMMAND: POST /session/b9718e1e48867b0fba4e39bd9ed4a756/element - {"using":"xpath","value":"//bdi[contains(text(), \"OK\")]"}
RESULT: {"using":"xpath","value":"//bdi[contains(text(), \"OK\")]"}
COMMAND: POST /session/b9718e1e48867b0fba4e39bd9ed4a756/element/f.FE1DA32CFDBC8F8C890368A9A93AADEA.d.30701D24633223539B4E6AC0AFE0A22A.e.21503/click - {}
RESULT: {}
COMMAND: GET /session/b9718e1e48867b0fba4e39bd9ed4a756/screenshot - {}
RESULT: {}
COMMAND: POST /session/b9718e1e48867b0fba4e39bd9ed4a756/element - {"using":"xpath","value":"//button[@data-kt=\"PickingTableConfirmAllButton\"]"}
RESULT: {"using":"xpath","value":"//button[@data-kt=\"PickingTableConfirmAllButton\"]"}
COMMAND: POST /session/b9718e1e48867b0fba4e39bd9ed4a756/element/f.FE1DA32CFDBC8F8C890368A9A93AADEA.d.30701D24633223539B4E6AC0AFE0A22A.e.21510/click - {}
RESULT: {}
COMMAND: GET /session/b9718e1e48867b0fba4e39bd9ed4a756/screenshot - {}
RESULT: {}
COMMAND: POST /session/b9718e1e48867b0fba4e39bd9ed4a756/element - {"using":"xpath","value":"//bdi[contains(text(), \"OK\")]"}
RESULT: {"using":"xpath","value":"//bdi[contains(text(), \"OK\")]"}
COMMAND: POST /session/b9718e1e48867b0fba4e39bd9ed4a756/element/f.FE1DA32CFDBC8F8C890368A9A93AADEA.d.30701D24633223539B4E6AC0AFE0A22A.e.21513/click - {}
RESULT: {}
COMMAND: GET /session/b9718e1e48867b0fba4e39bd9ed4a756/screenshot - {}
RESULT: {}
COMMAND: POST /session/b9718e1e48867b0fba4e39bd9ed4a756/element - {"using":"xpath","value":"//button[@data-kt=\"execHoPickButton\"]"}
RESULT: {"using":"xpath","value":"//button[@data-kt=\"execHoPickButton\"]"}
COMMAND: POST /session/b9718e1e48867b0fba4e39bd9ed4a756/element/f.FE1DA32CFDBC8F8C890368A9A93AADEA.d.30701D24633223539B4E6AC0AFE0A22A.e.21515/click - {}
RESULT: {}
COMMAND: GET /session/b9718e1e48867b0fba4e39bd9ed4a756/screenshot - {}
RESULT: {}
COMMAND: POST /session/b9718e1e48867b0fba4e39bd9ed4a756/element - {"using":"xpath","value":"//span[contains(@id ,\"filterItemControl_BASIC-SEND_CONTRACT-vhi\")]"}
RESULT: {"using":"xpath","value":"//span[contains(@id ,\"filterItemControl_BASIC-SEND_CONTRACT-vhi\")]"}
COMMAND: POST /session/b9718e1e48867b0fba4e39bd9ed4a756/element/f.FE1DA32CFDBC8F8C890368A9A93AADEA.d.30701D24633223539B4E6AC0AFE0A22A.e.21694/click - {}
RESULT: {}
COMMAND: GET /session/b9718e1e48867b0fba4e39bd9ed4a756/screenshot - {}
RESULT: {}
RESULT: undefined
COMMAND: POST /session/b9718e1e48867b0fba4e39bd9ed4a756/execute/async - {"script":"<script> [776 bytes]","args":[{"enterText":"10343","selector":{"controlType":"sap.m.SearchField","viewName":"etm.portal.ui.managehandovers.view.MasterHO","bindingPath":{"path":"","propertyPath":"/_BASIC_SEARCH_FIELD","modelName":"fi1t3rM0d31"},"searchOpenDialogs":true,"interaction":{"idSuffix":"I"}},"clearTextFirst":true,"interactionType":"ENTER_TEXT"}]}
RESULT: {"script":"<script> [776 bytes]","args":[{"enterText":"10343","selector":{"controlType":"sap.m.SearchField","viewName":"etm.portal.ui.managehandovers.view.MasterHO","bindingPath":{"path":"","propertyPath":"/_BASIC_SEARCH_FIELD","modelName":"fi1t3rM0d31"},"searchOpenDialogs":true,"interaction":{"idSuffix":"I"}},"clearTextFirst":true,"interactionType":"ENTER_TEXT"}]}
COMMAND: POST /session/b9718e1e48867b0fba4e39bd9ed4a756/actions - {"actions":[{"id":"action77","type":"key","parameters":{},"actions":[{"type":"keyDown","value":"î€‡"},{"type":"pause","duration":10},{"type":"keyUp","value":"î€‡"}]}]}
RESULT: {"actions":[{"id":"action77","type":"key","parameters":{},"actions":[{"type":"keyDown","value":"î€‡"},{"type":"pause","duration":10},{"type":"keyUp","value":"î€‡"}]}]}
COMMAND: GET /session/b9718e1e48867b0fba4e39bd9ed4a756/screenshot - {}
RESULT: {}
COMMAND: POST /session/b9718e1e48867b0fba4e39bd9ed4a756/element - {"using":"xpath","value":"//div[contains(@id, 'filterItemControl_BASIC-SEND_CONTRACT-valueHelpDialog-table-rowsel0')]"}
RESULT: {"using":"xpath","value":"//div[contains(@id, 'filterItemControl_BASIC-SEND_CONTRACT-valueHelpDialog-table-rowsel0')]"}
COMMAND: POST /session/b9718e1e48867b0fba4e39bd9ed4a756/element/f.FE1DA32CFDBC8F8C890368A9A93AADEA.d.30701D24633223539B4E6AC0AFE0A22A.e.21702/click - {}
RESULT: {}
COMMAND: GET /session/b9718e1e48867b0fba4e39bd9ed4a756/screenshot - {}
RESULT: {}
COMMAND: POST /session/b9718e1e48867b0fba4e39bd9ed4a756/element - {"using":"xpath","value":"//bdi[contains(text(), \"OK\")]"}
RESULT: {"using":"xpath","value":"//bdi[contains(text(), \"OK\")]"}
COMMAND: POST /session/b9718e1e48867b0fba4e39bd9ed4a756/element/f.FE1DA32CFDBC8F8C890368A9A93AADEA.d.30701D24633223539B4E6AC0AFE0A22A.e.21704/click - {}
RESULT: {}
COMMAND: GET /session/b9718e1e48867b0fba4e39bd9ed4a756/screenshot - {}
RESULT: {}
COMMAND: POST /session/b9718e1e48867b0fba4e39bd9ed4a756/element - {"using":"xpath","value":"//span[contains(@id, \"smartTable-header-inner\")]"}
RESULT: {"using":"xpath","value":"//span[contains(@id, \"smartTable-header-inner\")]"}
COMMAND: POST /session/b9718e1e48867b0fba4e39bd9ed4a756/elements - {"using":"xpath","value":"//span[contains(@id, \"smartTable-header-inner\")]"}
RESULT: {"using":"xpath","value":"//span[contains(@id, \"smartTable-header-inner\")]"}
COMMAND: POST /session/b9718e1e48867b0fba4e39bd9ed4a756/execute/sync - {"script":"<script> [56 bytes]","args":[{"element-6066-11e4-a52e-4f735466cecf":"f.FE1DA32CFDBC8F8C890368A9A93AADEA.d.30701D24633223539B4E6AC0AFE0A22A.e.21734","ELEMENT":"f.FE1DA32CFDBC8F8C890368A9A93AADEA.d.30701D24633223539B4E6AC0AFE0A22A.e.21734"}]}
RESULT: {"script":"<script> [56 bytes]","args":[{"element-6066-11e4-a52e-4f735466cecf":"f.FE1DA32CFDBC8F8C890368A9A93AADEA.d.30701D24633223539B4E6AC0AFE0A22A.e.21734","ELEMENT":"f.FE1DA32CFDBC8F8C890368A9A93AADEA.d.30701D24633223539B4E6AC0AFE0A22A.e.21734"}]}
COMMAND: POST /session/b9718e1e48867b0fba4e39bd9ed4a756/element - {"using":"xpath","value":"//table[contains(@id, \"customHandovers\")]//tbody/tr[1]/td[2]/span"}
COMMAND: GET /session/b9718e1e48867b0fba4e39bd9ed4a756/screenshot - {}
RESULT: {"using":"xpath","value":"//table[contains(@id, \"customHandovers\")]//tbody/tr[1]/td[2]/span"}
COMMAND: POST /session/b9718e1e48867b0fba4e39bd9ed4a756/execute/sync - {"script":"<script> [56 bytes]","args":[{"element-6066-11e4-a52e-4f735466cecf":"f.FE1DA32CFDBC8F8C890368A9A93AADEA.d.30701D24633223539B4E6AC0AFE0A22A.e.21735","ELEMENT":"f.FE1DA32CFDBC8F8C890368A9A93AADEA.d.30701D24633223539B4E6AC0AFE0A22A.e.21735"}]}
RESULT: {}
RESULT: {"script":"<script> [56 bytes]","args":[{"element-6066-11e4-a52e-4f735466cecf":"f.FE1DA32CFDBC8F8C890368A9A93AADEA.d.30701D24633223539B4E6AC0AFE0A22A.e.21735","ELEMENT":"f.FE1DA32CFDBC8F8C890368A9A93AADEA.d.30701D24633223539B4E6AC0AFE0A22A.e.21735"}]}
COMMAND: POST /session/b9718e1e48867b0fba4e39bd9ed4a756/element - {"using":"xpath","value":"(//span[contains(@id, \"imgNav\")])[1]"}
COMMAND: GET /session/b9718e1e48867b0fba4e39bd9ed4a756/screenshot - {}
RESULT: {"using":"xpath","value":"(//span[contains(@id, \"imgNav\")])[1]"}
COMMAND: POST /session/b9718e1e48867b0fba4e39bd9ed4a756/element/f.FE1DA32CFDBC8F8C890368A9A93AADEA.d.30701D24633223539B4E6AC0AFE0A22A.e.21731/click - {}
RESULT: {}
RESULT: {}
COMMAND: GET /session/b9718e1e48867b0fba4e39bd9ed4a756/screenshot - {}
RESULT: {}
RESULT: undefined
COMMAND: POST /session/b9718e1e48867b0fba4e39bd9ed4a756/execute/async - {"script":"<script> [776 bytes]","args":[{"enterText":"5/31/25","selector":{"id":"issueDatePicker","viewName":"etm.portal.ui.managehandovers.view.DetailExecuteHO","interaction":{"idSuffix":"inner"}},"clearTextFirst":true,"interactionType":"ENTER_TEXT"}]}
RESULT: {"script":"<script> [776 bytes]","args":[{"enterText":"5/31/25","selector":{"id":"issueDatePicker","viewName":"etm.portal.ui.managehandovers.view.DetailExecuteHO","interaction":{"idSuffix":"inner"}},"clearTextFirst":true,"interactionType":"ENTER_TEXT"}]}
COMMAND: POST /session/b9718e1e48867b0fba4e39bd9ed4a756/element - {"using":"xpath","value":"//button[@data-kt=\"PickingTableConfirmAllButton\"]"}
RESULT: {"using":"xpath","value":"//button[@data-kt=\"PickingTableConfirmAllButton\"]"}
COMMAND: POST /session/b9718e1e48867b0fba4e39bd9ed4a756/element/f.FE1DA32CFDBC8F8C890368A9A93AADEA.d.30701D24633223539B4E6AC0AFE0A22A.e.21751/click - {}
RESULT: {}
COMMAND: GET /session/b9718e1e48867b0fba4e39bd9ed4a756/screenshot - {}
RESULT: {}
COMMAND: POST /session/b9718e1e48867b0fba4e39bd9ed4a756/element - {"using":"xpath","value":"//bdi[contains(text(), \"OK\")]"}
RESULT: {"using":"xpath","value":"//bdi[contains(text(), \"OK\")]"}
COMMAND: POST /session/b9718e1e48867b0fba4e39bd9ed4a756/element/f.FE1DA32CFDBC8F8C890368A9A93AADEA.d.30701D24633223539B4E6AC0AFE0A22A.e.21767/click - {}
RESULT: {}
COMMAND: GET /session/b9718e1e48867b0fba4e39bd9ed4a756/screenshot - {}
RESULT: {}
COMMAND: POST /session/b9718e1e48867b0fba4e39bd9ed4a756/element - {"using":"xpath","value":"//button[@data-kt=\"execHoIssueButton\"]"}
RESULT: {"using":"xpath","value":"//button[@data-kt=\"execHoIssueButton\"]"}
COMMAND: POST /session/b9718e1e48867b0fba4e39bd9ed4a756/element/f.FE1DA32CFDBC8F8C890368A9A93AADEA.d.30701D24633223539B4E6AC0AFE0A22A.e.21768/click - {}
RESULT: {}
COMMAND: GET /session/b9718e1e48867b0fba4e39bd9ed4a756/screenshot - {}
RESULT: {}
COMMAND: POST /session/b9718e1e48867b0fba4e39bd9ed4a756/element - {"using":"xpath","value":"//input[contains(@id ,\"smartFilterBar-btnBasicSearch-I\")]"}
RESULT: {"using":"xpath","value":"//input[contains(@id ,\"smartFilterBar-btnBasicSearch-I\")]"}
COMMAND: POST /session/b9718e1e48867b0fba4e39bd9ed4a756/elements - {"using":"xpath","value":"//input[contains(@id ,\"smartFilterBar-btnBasicSearch-I\")]"}
RESULT: {"using":"xpath","value":"//input[contains(@id ,\"smartFilterBar-btnBasicSearch-I\")]"}
COMMAND: POST /session/b9718e1e48867b0fba4e39bd9ed4a756/execute/sync - {"script":"<script> [8489 bytes]","args":[{"element-6066-11e4-a52e-4f735466cecf":"f.FE1DA32CFDBC8F8C890368A9A93AADEA.d.30701D24633223539B4E6AC0AFE0A22A.e.21192","ELEMENT":"f.FE1DA32CFDBC8F8C890368A9A93AADEA.d.30701D24633223539B4E6AC0AFE0A22A.e.21192"}]}
RESULT: {"script":"<script> [8489 bytes]","args":[{"element-6066-11e4-a52e-4f735466cecf":"f.FE1DA32CFDBC8F8C890368A9A93AADEA.d.30701D24633223539B4E6AC0AFE0A22A.e.21192","ELEMENT":"f.FE1DA32CFDBC8F8C890368A9A93AADEA.d.30701D24633223539B4E6AC0AFE0A22A.e.21192"}]}
COMMAND: GET /session/b9718e1e48867b0fba4e39bd9ed4a756/element/f.FE1DA32CFDBC8F8C890368A9A93AADEA.d.30701D24633223539B4E6AC0AFE0A22A.e.21192/enabled - {}
COMMAND: GET /session/b9718e1e48867b0fba4e39bd9ed4a756/screenshot - {}
RESULT: {}
COMMAND: POST /session/b9718e1e48867b0fba4e39bd9ed4a756/element/f.FE1DA32CFDBC8F8C890368A9A93AADEA.d.30701D24633223539B4E6AC0AFE0A22A.e.21192/clear - {}
COMMAND: GET /session/b9718e1e48867b0fba4e39bd9ed4a756/screenshot - {}
RESULT: {}
RESULT: {}
COMMAND: POST /session/b9718e1e48867b0fba4e39bd9ed4a756/element/f.FE1DA32CFDBC8F8C890368A9A93AADEA.d.30701D24633223539B4E6AC0AFE0A22A.e.21192/value - {"text":"30657"}
COMMAND: GET /session/b9718e1e48867b0fba4e39bd9ed4a756/screenshot - {}
RESULT: {}
RESULT: {"text":"30657"}
COMMAND: GET /session/b9718e1e48867b0fba4e39bd9ed4a756/screenshot - {}
RESULT: {}
RESULT: {}
COMMAND: POST /session/b9718e1e48867b0fba4e39bd9ed4a756/actions - {"actions":[{"id":"action78","type":"key","parameters":{},"actions":[{"type":"keyDown","value":"î€‡"},{"type":"pause","duration":10},{"type":"keyUp","value":"î€‡"}]}]}
RESULT: {"actions":[{"id":"action78","type":"key","parameters":{},"actions":[{"type":"keyDown","value":"î€‡"},{"type":"pause","duration":10},{"type":"keyUp","value":"î€‡"}]}]}
COMMAND: GET /session/b9718e1e48867b0fba4e39bd9ed4a756/screenshot - {}
RESULT: {}
COMMAND: POST /session/b9718e1e48867b0fba4e39bd9ed4a756/element - {"using":"xpath","value":"//span[contains(@id, \"smartTable-header-inner\")]"}
RESULT: {"using":"xpath","value":"//span[contains(@id, \"smartTable-header-inner\")]"}
COMMAND: POST /session/b9718e1e48867b0fba4e39bd9ed4a756/elements - {"using":"xpath","value":"//span[contains(@id, \"smartTable-header-inner\")]"}
RESULT: {"using":"xpath","value":"//span[contains(@id, \"smartTable-header-inner\")]"}
COMMAND: POST /session/b9718e1e48867b0fba4e39bd9ed4a756/execute/sync - {"script":"<script> [56 bytes]","args":[{"element-6066-11e4-a52e-4f735466cecf":"f.FE1DA32CFDBC8F8C890368A9A93AADEA.d.30701D24633223539B4E6AC0AFE0A22A.e.21734","ELEMENT":"f.FE1DA32CFDBC8F8C890368A9A93AADEA.d.30701D24633223539B4E6AC0AFE0A22A.e.21734"}]}
RESULT: {"script":"<script> [56 bytes]","args":[{"element-6066-11e4-a52e-4f735466cecf":"f.FE1DA32CFDBC8F8C890368A9A93AADEA.d.30701D24633223539B4E6AC0AFE0A22A.e.21734","ELEMENT":"f.FE1DA32CFDBC8F8C890368A9A93AADEA.d.30701D24633223539B4E6AC0AFE0A22A.e.21734"}]}
COMMAND: POST /session/b9718e1e48867b0fba4e39bd9ed4a756/elements - {"using":"xpath","value":"//thead[contains(@class, \"sapMTableTH\")]/tr/th"}
COMMAND: GET /session/b9718e1e48867b0fba4e39bd9ed4a756/screenshot - {}
RESULT: {"using":"xpath","value":"//thead[contains(@class, \"sapMTableTH\")]/tr/th"}
COMMAND: GET /session/b9718e1e48867b0fba4e39bd9ed4a756/element/f.FE1DA32CFDBC8F8C890368A9A93AADEA.d.30701D24633223539B4E6AC0AFE0A22A.e.21807/text - {}
RESULT: {}
RESULT: {}
COMMAND: GET /session/b9718e1e48867b0fba4e39bd9ed4a756/element/f.FE1DA32CFDBC8F8C890368A9A93AADEA.d.30701D24633223539B4E6AC0AFE0A22A.e.21808/text - {}
RESULT: {}
COMMAND: GET /session/b9718e1e48867b0fba4e39bd9ed4a756/element/f.FE1DA32CFDBC8F8C890368A9A93AADEA.d.30701D24633223539B4E6AC0AFE0A22A.e.21186/text - {}
RESULT: {}
COMMAND: GET /session/b9718e1e48867b0fba4e39bd9ed4a756/element/f.FE1DA32CFDBC8F8C890368A9A93AADEA.d.30701D24633223539B4E6AC0AFE0A22A.e.21188/text - {}
RESULT: {}
COMMAND: GET /session/b9718e1e48867b0fba4e39bd9ed4a756/element/f.FE1DA32CFDBC8F8C890368A9A93AADEA.d.30701D24633223539B4E6AC0AFE0A22A.e.21785/text - {}
RESULT: {}
COMMAND: GET /session/b9718e1e48867b0fba4e39bd9ed4a756/element/f.FE1DA32CFDBC8F8C890368A9A93AADEA.d.30701D24633223539B4E6AC0AFE0A22A.e.21786/text - {}
RESULT: {}
COMMAND: GET /session/b9718e1e48867b0fba4e39bd9ed4a756/element/f.FE1DA32CFDBC8F8C890368A9A93AADEA.d.30701D24633223539B4E6AC0AFE0A22A.e.21787/text - {}
RESULT: {}
COMMAND: GET /session/b9718e1e48867b0fba4e39bd9ed4a756/element/f.FE1DA32CFDBC8F8C890368A9A93AADEA.d.30701D24633223539B4E6AC0AFE0A22A.e.21788/text - {}
RESULT: {}
COMMAND: GET /session/b9718e1e48867b0fba4e39bd9ed4a756/element/f.FE1DA32CFDBC8F8C890368A9A93AADEA.d.30701D24633223539B4E6AC0AFE0A22A.e.21789/text - {}
RESULT: {}
COMMAND: GET /session/b9718e1e48867b0fba4e39bd9ed4a756/element/f.FE1DA32CFDBC8F8C890368A9A93AADEA.d.30701D24633223539B4E6AC0AFE0A22A.e.21790/text - {}
RESULT: {}
COMMAND: GET /session/b9718e1e48867b0fba4e39bd9ed4a756/element/f.FE1DA32CFDBC8F8C890368A9A93AADEA.d.30701D24633223539B4E6AC0AFE0A22A.e.21791/text - {}
RESULT: {}
COMMAND: GET /session/b9718e1e48867b0fba4e39bd9ed4a756/element/f.FE1DA32CFDBC8F8C890368A9A93AADEA.d.30701D24633223539B4E6AC0AFE0A22A.e.21792/text - {}
RESULT: {}
COMMAND: GET /session/b9718e1e48867b0fba4e39bd9ed4a756/element/f.FE1DA32CFDBC8F8C890368A9A93AADEA.d.30701D24633223539B4E6AC0AFE0A22A.e.21793/text - {}
RESULT: {}
COMMAND: GET /session/b9718e1e48867b0fba4e39bd9ed4a756/element/f.FE1DA32CFDBC8F8C890368A9A93AADEA.d.30701D24633223539B4E6AC0AFE0A22A.e.21189/text - {}
RESULT: {}
COMMAND: POST /session/b9718e1e48867b0fba4e39bd9ed4a756/element - {"using":"xpath","value":"//tbody[contains(@id, \"customHandoversTable-tblBody\")]/tr[1]/td[14]/div/span"}
RESULT: {"using":"xpath","value":"//tbody[contains(@id, \"customHandoversTable-tblBody\")]/tr[1]/td[14]/div/span"}
COMMAND: POST /session/b9718e1e48867b0fba4e39bd9ed4a756/execute/sync - {"script":"<script> [56 bytes]","args":[{"element-6066-11e4-a52e-4f735466cecf":"f.FE1DA32CFDBC8F8C890368A9A93AADEA.d.30701D24633223539B4E6AC0AFE0A22A.e.21861","ELEMENT":"f.FE1DA32CFDBC8F8C890368A9A93AADEA.d.30701D24633223539B4E6AC0AFE0A22A.e.21861"}]}
RESULT: {"script":"<script> [56 bytes]","args":[{"element-6066-11e4-a52e-4f735466cecf":"f.FE1DA32CFDBC8F8C890368A9A93AADEA.d.30701D24633223539B4E6AC0AFE0A22A.e.21861","ELEMENT":"f.FE1DA32CFDBC8F8C890368A9A93AADEA.d.30701D24633223539B4E6AC0AFE0A22A.e.21861"}]}
COMMAND: POST /session/b9718e1e48867b0fba4e39bd9ed4a756/element - {"using":"xpath","value":"(//span[contains(@id, \"imgNav\")])[1]"}
COMMAND: GET /session/b9718e1e48867b0fba4e39bd9ed4a756/screenshot - {}
RESULT: {"using":"xpath","value":"(//span[contains(@id, \"imgNav\")])[1]"}
COMMAND: POST /session/b9718e1e48867b0fba4e39bd9ed4a756/element/f.FE1DA32CFDBC8F8C890368A9A93AADEA.d.30701D24633223539B4E6AC0AFE0A22A.e.21862/click - {}
RESULT: {}
RESULT: {}
COMMAND: GET /session/b9718e1e48867b0fba4e39bd9ed4a756/screenshot - {}
RESULT: {}
RESULT: undefined
COMMAND: POST /session/b9718e1e48867b0fba4e39bd9ed4a756/execute/async - {"script":"<script> [776 bytes]","args":[{"enterText":"6/7/25","selector":{"id":"receiptDatePicker","viewName":"etm.portal.ui.managehandovers.view.DetailExecuteHO","interaction":{"idSuffix":"inner"}},"clearTextFirst":true,"interactionType":"ENTER_TEXT"}]}
RESULT: {"script":"<script> [776 bytes]","args":[{"enterText":"6/7/25","selector":{"id":"receiptDatePicker","viewName":"etm.portal.ui.managehandovers.view.DetailExecuteHO","interaction":{"idSuffix":"inner"}},"clearTextFirst":true,"interactionType":"ENTER_TEXT"}]}
COMMAND: POST /session/b9718e1e48867b0fba4e39bd9ed4a756/element - {"using":"xpath","value":"//bdi[contains(text(), \"OK\")]"}
RESULT: {"using":"xpath","value":"//bdi[contains(text(), \"OK\")]"}
COMMAND: POST /session/b9718e1e48867b0fba4e39bd9ed4a756/element/f.FE1DA32CFDBC8F8C890368A9A93AADEA.d.30701D24633223539B4E6AC0AFE0A22A.e.21905/click - {}
RESULT: {}
COMMAND: GET /session/b9718e1e48867b0fba4e39bd9ed4a756/screenshot - {}
RESULT: {}
COMMAND: POST /session/b9718e1e48867b0fba4e39bd9ed4a756/element - {"using":"xpath","value":"//button[@data-kt=\"PickingTableConfirmAllButton\"]"}
RESULT: {"using":"xpath","value":"//button[@data-kt=\"PickingTableConfirmAllButton\"]"}
COMMAND: POST /session/b9718e1e48867b0fba4e39bd9ed4a756/element/f.FE1DA32CFDBC8F8C890368A9A93AADEA.d.30701D24633223539B4E6AC0AFE0A22A.e.21915/click - {}
RESULT: {}
COMMAND: GET /session/b9718e1e48867b0fba4e39bd9ed4a756/screenshot - {}
RESULT: {}
COMMAND: POST /session/b9718e1e48867b0fba4e39bd9ed4a756/element - {"using":"xpath","value":"//bdi[contains(text(), \"OK\")]"}
RESULT: {"using":"xpath","value":"//bdi[contains(text(), \"OK\")]"}
COMMAND: POST /session/b9718e1e48867b0fba4e39bd9ed4a756/element/f.FE1DA32CFDBC8F8C890368A9A93AADEA.d.30701D24633223539B4E6AC0AFE0A22A.e.21919/click - {}
RESULT: {}
COMMAND: GET /session/b9718e1e48867b0fba4e39bd9ed4a756/screenshot - {}
RESULT: {}
COMMAND: POST /session/b9718e1e48867b0fba4e39bd9ed4a756/element - {"using":"xpath","value":"//button[@data-kt= \"execHoReceiveButton\"]"}
RESULT: {"using":"xpath","value":"//button[@data-kt= \"execHoReceiveButton\"]"}
COMMAND: POST /session/b9718e1e48867b0fba4e39bd9ed4a756/element/f.FE1DA32CFDBC8F8C890368A9A93AADEA.d.30701D24633223539B4E6AC0AFE0A22A.e.21920/click - {}
RESULT: {}
COMMAND: GET /session/b9718e1e48867b0fba4e39bd9ed4a756/screenshot - {}
RESULT: {}
COMMAND: POST /session/b9718e1e48867b0fba4e39bd9ed4a756/element - {"using":"xpath","value":"//input[contains(@id ,\"smartFilterBar-btnBasicSearch-I\")]"}
RESULT: {"using":"xpath","value":"//input[contains(@id ,\"smartFilterBar-btnBasicSearch-I\")]"}
COMMAND: POST /session/b9718e1e48867b0fba4e39bd9ed4a756/elements - {"using":"xpath","value":"//input[contains(@id ,\"smartFilterBar-btnBasicSearch-I\")]"}
RESULT: {"using":"xpath","value":"//input[contains(@id ,\"smartFilterBar-btnBasicSearch-I\")]"}
COMMAND: POST /session/b9718e1e48867b0fba4e39bd9ed4a756/execute/sync - {"script":"<script> [8489 bytes]","args":[{"element-6066-11e4-a52e-4f735466cecf":"f.FE1DA32CFDBC8F8C890368A9A93AADEA.d.30701D24633223539B4E6AC0AFE0A22A.e.21192","ELEMENT":"f.FE1DA32CFDBC8F8C890368A9A93AADEA.d.30701D24633223539B4E6AC0AFE0A22A.e.21192"}]}
RESULT: {"script":"<script> [8489 bytes]","args":[{"element-6066-11e4-a52e-4f735466cecf":"f.FE1DA32CFDBC8F8C890368A9A93AADEA.d.30701D24633223539B4E6AC0AFE0A22A.e.21192","ELEMENT":"f.FE1DA32CFDBC8F8C890368A9A93AADEA.d.30701D24633223539B4E6AC0AFE0A22A.e.21192"}]}
COMMAND: GET /session/b9718e1e48867b0fba4e39bd9ed4a756/element/f.FE1DA32CFDBC8F8C890368A9A93AADEA.d.30701D24633223539B4E6AC0AFE0A22A.e.21192/enabled - {}
COMMAND: GET /session/b9718e1e48867b0fba4e39bd9ed4a756/screenshot - {}
RESULT: {}
COMMAND: POST /session/b9718e1e48867b0fba4e39bd9ed4a756/element/f.FE1DA32CFDBC8F8C890368A9A93AADEA.d.30701D24633223539B4E6AC0AFE0A22A.e.21192/clear - {}
COMMAND: GET /session/b9718e1e48867b0fba4e39bd9ed4a756/screenshot - {}
RESULT: {}
RESULT: {}
COMMAND: POST /session/b9718e1e48867b0fba4e39bd9ed4a756/element/f.FE1DA32CFDBC8F8C890368A9A93AADEA.d.30701D24633223539B4E6AC0AFE0A22A.e.21192/value - {"text":"30657"}
COMMAND: GET /session/b9718e1e48867b0fba4e39bd9ed4a756/screenshot - {}
RESULT: {}
RESULT: {"text":"30657"}
COMMAND: GET /session/b9718e1e48867b0fba4e39bd9ed4a756/screenshot - {}
RESULT: {}
RESULT: {}
COMMAND: POST /session/b9718e1e48867b0fba4e39bd9ed4a756/actions - {"actions":[{"id":"action79","type":"key","parameters":{},"actions":[{"type":"keyDown","value":"î€‡"},{"type":"pause","duration":10},{"type":"keyUp","value":"î€‡"}]}]}
RESULT: {"actions":[{"id":"action79","type":"key","parameters":{},"actions":[{"type":"keyDown","value":"î€‡"},{"type":"pause","duration":10},{"type":"keyUp","value":"î€‡"}]}]}
COMMAND: GET /session/b9718e1e48867b0fba4e39bd9ed4a756/screenshot - {}
RESULT: {}
COMMAND: POST /session/b9718e1e48867b0fba4e39bd9ed4a756/element - {"using":"xpath","value":"//span[contains(@id, \"smartTable-header-inner\")]"}
RESULT: {"using":"xpath","value":"//span[contains(@id, \"smartTable-header-inner\")]"}
COMMAND: POST /session/b9718e1e48867b0fba4e39bd9ed4a756/elements - {"using":"xpath","value":"//span[contains(@id, \"smartTable-header-inner\")]"}
RESULT: {"using":"xpath","value":"//span[contains(@id, \"smartTable-header-inner\")]"}
COMMAND: POST /session/b9718e1e48867b0fba4e39bd9ed4a756/execute/sync - {"script":"<script> [56 bytes]","args":[{"element-6066-11e4-a52e-4f735466cecf":"f.FE1DA32CFDBC8F8C890368A9A93AADEA.d.30701D24633223539B4E6AC0AFE0A22A.e.21734","ELEMENT":"f.FE1DA32CFDBC8F8C890368A9A93AADEA.d.30701D24633223539B4E6AC0AFE0A22A.e.21734"}]}
RESULT: {"script":"<script> [56 bytes]","args":[{"element-6066-11e4-a52e-4f735466cecf":"f.FE1DA32CFDBC8F8C890368A9A93AADEA.d.30701D24633223539B4E6AC0AFE0A22A.e.21734","ELEMENT":"f.FE1DA32CFDBC8F8C890368A9A93AADEA.d.30701D24633223539B4E6AC0AFE0A22A.e.21734"}]}
COMMAND: POST /session/b9718e1e48867b0fba4e39bd9ed4a756/elements - {"using":"xpath","value":"//thead[contains(@class, \"sapMTableTH\")]/tr/th"}
COMMAND: GET /session/b9718e1e48867b0fba4e39bd9ed4a756/screenshot - {}
RESULT: {"using":"xpath","value":"//thead[contains(@class, \"sapMTableTH\")]/tr/th"}
COMMAND: GET /session/b9718e1e48867b0fba4e39bd9ed4a756/element/f.FE1DA32CFDBC8F8C890368A9A93AADEA.d.30701D24633223539B4E6AC0AFE0A22A.e.21807/text - {}
RESULT: {}
RESULT: {}
COMMAND: GET /session/b9718e1e48867b0fba4e39bd9ed4a756/element/f.FE1DA32CFDBC8F8C890368A9A93AADEA.d.30701D24633223539B4E6AC0AFE0A22A.e.21808/text - {}
RESULT: {}
COMMAND: GET /session/b9718e1e48867b0fba4e39bd9ed4a756/element/f.FE1DA32CFDBC8F8C890368A9A93AADEA.d.30701D24633223539B4E6AC0AFE0A22A.e.21186/text - {}
RESULT: {}
COMMAND: GET /session/b9718e1e48867b0fba4e39bd9ed4a756/element/f.FE1DA32CFDBC8F8C890368A9A93AADEA.d.30701D24633223539B4E6AC0AFE0A22A.e.21188/text - {}
RESULT: {}
COMMAND: GET /session/b9718e1e48867b0fba4e39bd9ed4a756/element/f.FE1DA32CFDBC8F8C890368A9A93AADEA.d.30701D24633223539B4E6AC0AFE0A22A.e.21926/text - {}
RESULT: {}
COMMAND: GET /session/b9718e1e48867b0fba4e39bd9ed4a756/element/f.FE1DA32CFDBC8F8C890368A9A93AADEA.d.30701D24633223539B4E6AC0AFE0A22A.e.21927/text - {}
RESULT: {}
COMMAND: GET /session/b9718e1e48867b0fba4e39bd9ed4a756/element/f.FE1DA32CFDBC8F8C890368A9A93AADEA.d.30701D24633223539B4E6AC0AFE0A22A.e.21928/text - {}
RESULT: {}
COMMAND: GET /session/b9718e1e48867b0fba4e39bd9ed4a756/element/f.FE1DA32CFDBC8F8C890368A9A93AADEA.d.30701D24633223539B4E6AC0AFE0A22A.e.21929/text - {}
RESULT: {}
COMMAND: GET /session/b9718e1e48867b0fba4e39bd9ed4a756/element/f.FE1DA32CFDBC8F8C890368A9A93AADEA.d.30701D24633223539B4E6AC0AFE0A22A.e.21930/text - {}
RESULT: {}
COMMAND: GET /session/b9718e1e48867b0fba4e39bd9ed4a756/element/f.FE1DA32CFDBC8F8C890368A9A93AADEA.d.30701D24633223539B4E6AC0AFE0A22A.e.21931/text - {}
RESULT: {}
COMMAND: GET /session/b9718e1e48867b0fba4e39bd9ed4a756/element/f.FE1DA32CFDBC8F8C890368A9A93AADEA.d.30701D24633223539B4E6AC0AFE0A22A.e.21932/text - {}
RESULT: {}
COMMAND: GET /session/b9718e1e48867b0fba4e39bd9ed4a756/element/f.FE1DA32CFDBC8F8C890368A9A93AADEA.d.30701D24633223539B4E6AC0AFE0A22A.e.21933/text - {}
RESULT: {}
COMMAND: GET /session/b9718e1e48867b0fba4e39bd9ed4a756/element/f.FE1DA32CFDBC8F8C890368A9A93AADEA.d.30701D24633223539B4E6AC0AFE0A22A.e.21934/text - {}
RESULT: {}
COMMAND: GET /session/b9718e1e48867b0fba4e39bd9ed4a756/element/f.FE1DA32CFDBC8F8C890368A9A93AADEA.d.30701D24633223539B4E6AC0AFE0A22A.e.21189/text - {}
RESULT: {}
COMMAND: POST /session/b9718e1e48867b0fba4e39bd9ed4a756/element - {"using":"xpath","value":"//tbody[contains(@id, \"customHandoversTable-tblBody\")]/tr[1]/td[14]/div/span"}
RESULT: {"using":"xpath","value":"//tbody[contains(@id, \"customHandoversTable-tblBody\")]/tr[1]/td[14]/div/span"}
COMMAND: POST /session/b9718e1e48867b0fba4e39bd9ed4a756/execute/sync - {"script":"<script> [56 bytes]","args":[{"element-6066-11e4-a52e-4f735466cecf":"f.FE1DA32CFDBC8F8C890368A9A93AADEA.d.30701D24633223539B4E6AC0AFE0A22A.e.21977","ELEMENT":"f.FE1DA32CFDBC8F8C890368A9A93AADEA.d.30701D24633223539B4E6AC0AFE0A22A.e.21977"}]}
RESULT: {"script":"<script> [56 bytes]","args":[{"element-6066-11e4-a52e-4f735466cecf":"f.FE1DA32CFDBC8F8C890368A9A93AADEA.d.30701D24633223539B4E6AC0AFE0A22A.e.21977","ELEMENT":"f.FE1DA32CFDBC8F8C890368A9A93AADEA.d.30701D24633223539B4E6AC0AFE0A22A.e.21977"}]}
COMMAND: POST /session/b9718e1e48867b0fba4e39bd9ed4a756/element - {"using":"css selector","value":"#shell-header-logo"}
COMMAND: GET /session/b9718e1e48867b0fba4e39bd9ed4a756/screenshot - {}
RESULT: {"using":"css selector","value":"#shell-header-logo"}
COMMAND: POST /session/b9718e1e48867b0fba4e39bd9ed4a756/element/f.FE1DA32CFDBC8F8C890368A9A93AADEA.d.30701D24633223539B4E6AC0AFE0A22A.e.20829/click - {}
RESULT: {}
RESULT: {}
COMMAND: GET /session/b9718e1e48867b0fba4e39bd9ed4a756/screenshot - {}
RESULT: {}
]]></system-out>
    </testcase>
    <testcase classname="chrome.136_0_7103_93.windows.Billing_Calculation_-_Time_based_(considering_transport_times)_US139738" name="Should do another billing run but in around 17 days from today" time="73.234">
      <system-out><![CDATA[
RESULT: undefined
COMMAND: POST /session/b9718e1e48867b0fba4e39bd9ed4a756/element - {"using":"xpath","value":"//*[@id=\"__tile51\"]"}
RESULT: {"using":"xpath","value":"//*[@id=\"__tile51\"]"}
COMMAND: POST /session/b9718e1e48867b0fba4e39bd9ed4a756/element/f.FE1DA32CFDBC8F8C890368A9A93AADEA.d.30701D24633223539B4E6AC0AFE0A22A.e.16219/click - {}
RESULT: {}
COMMAND: GET /session/b9718e1e48867b0fba4e39bd9ed4a756/screenshot - {}
RESULT: {}
COMMAND: POST /session/b9718e1e48867b0fba4e39bd9ed4a756/elements - {"using":"xpath","value":"//span[text()='Error']"}
RESULT: {"using":"xpath","value":"//span[text()='Error']"}
RESULT: undefined
COMMAND: POST /session/b9718e1e48867b0fba4e39bd9ed4a756/execute/async - {"script":"<script> [776 bytes]","args":[{"enterText":"10343","selector":{"id":"application-managebillings-display-component---billRunCalcResult--smartFilterBar-btnBasicSearch","interaction":{"idSuffix":"I"}},"clearTextFirst":true,"interactionType":"ENTER_TEXT"}]}
RESULT: {"script":"<script> [776 bytes]","args":[{"enterText":"10343","selector":{"id":"application-managebillings-display-component---billRunCalcResult--smartFilterBar-btnBasicSearch","interaction":{"idSuffix":"I"}},"clearTextFirst":true,"interactionType":"ENTER_TEXT"}]}
COMMAND: POST /session/b9718e1e48867b0fba4e39bd9ed4a756/actions - {"actions":[{"id":"action80","type":"key","parameters":{},"actions":[{"type":"keyDown","value":"î€‡"},{"type":"pause","duration":10},{"type":"keyUp","value":"î€‡"}]}]}
RESULT: {"actions":[{"id":"action80","type":"key","parameters":{},"actions":[{"type":"keyDown","value":"î€‡"},{"type":"pause","duration":10},{"type":"keyUp","value":"î€‡"}]}]}
COMMAND: GET /session/b9718e1e48867b0fba4e39bd9ed4a756/screenshot - {}
RESULT: {}
COMMAND: POST /session/b9718e1e48867b0fba4e39bd9ed4a756/element - {"using":"xpath","value":"//td[@aria-colindex=\"1\"]/div/div[contains(@class, \"sapMCbBg\")]"}
RESULT: {"using":"xpath","value":"//td[@aria-colindex=\"1\"]/div/div[contains(@class, \"sapMCbBg\")]"}
COMMAND: POST /session/b9718e1e48867b0fba4e39bd9ed4a756/element/f.FE1DA32CFDBC8F8C890368A9A93AADEA.d.30701D24633223539B4E6AC0AFE0A22A.e.22194/click - {}
RESULT: {}
COMMAND: GET /session/b9718e1e48867b0fba4e39bd9ed4a756/screenshot - {}
RESULT: {}
RESULT: undefined
COMMAND: POST /session/b9718e1e48867b0fba4e39bd9ed4a756/execute/async - {"script":"<script> [776 bytes]","args":[{"enterText":"6/3/25","selector":{"id":"application-managebillings-display-component---billRunCalcResult--contractBillRunDate","interaction":{"idSuffix":"inner"}},"clearTextFirst":true,"interactionType":"ENTER_TEXT"}]}
RESULT: {"script":"<script> [776 bytes]","args":[{"enterText":"6/3/25","selector":{"id":"application-managebillings-display-component---billRunCalcResult--contractBillRunDate","interaction":{"idSuffix":"inner"}},"clearTextFirst":true,"interactionType":"ENTER_TEXT"}]}
COMMAND: POST /session/b9718e1e48867b0fba4e39bd9ed4a756/element - {"using":"xpath","value":"//bdi[contains(text(), \"Trigger Calculation\")]"}
RESULT: {"using":"xpath","value":"//bdi[contains(text(), \"Trigger Calculation\")]"}
COMMAND: POST /session/b9718e1e48867b0fba4e39bd9ed4a756/element/f.FE1DA32CFDBC8F8C890368A9A93AADEA.d.30701D24633223539B4E6AC0AFE0A22A.e.22245/click - {}
RESULT: {}
COMMAND: GET /session/b9718e1e48867b0fba4e39bd9ed4a756/screenshot - {}
RESULT: {}
COMMAND: POST /session/b9718e1e48867b0fba4e39bd9ed4a756/element - {"using":"xpath","value":"(//span[contains(@id, \"imgNav\")])[1]"}
RESULT: {"using":"xpath","value":"(//span[contains(@id, \"imgNav\")])[1]"}
COMMAND: POST /session/b9718e1e48867b0fba4e39bd9ed4a756/element/f.FE1DA32CFDBC8F8C890368A9A93AADEA.d.30701D24633223539B4E6AC0AFE0A22A.e.22195/click - {}
RESULT: {}
COMMAND: GET /session/b9718e1e48867b0fba4e39bd9ed4a756/screenshot - {}
RESULT: {}
COMMAND: POST /session/b9718e1e48867b0fba4e39bd9ed4a756/element - {"using":"xpath","value":"//tr/td[6]/div[1]/span[1]/span[1]"}
RESULT: {"using":"xpath","value":"//tr/td[6]/div[1]/span[1]/span[1]"}
COMMAND: GET /session/b9718e1e48867b0fba4e39bd9ed4a756/element/f.FE1DA32CFDBC8F8C890368A9A93AADEA.d.30701D24633223539B4E6AC0AFE0A22A.e.22250/text - {}
RESULT: {}
COMMAND: POST /session/b9718e1e48867b0fba4e39bd9ed4a756/element - {"using":"xpath","value":"(//span[contains(@id, \"imgNav\")])[2]"}
RESULT: {"using":"xpath","value":"(//span[contains(@id, \"imgNav\")])[2]"}
COMMAND: POST /session/b9718e1e48867b0fba4e39bd9ed4a756/element/f.FE1DA32CFDBC8F8C890368A9A93AADEA.d.30701D24633223539B4E6AC0AFE0A22A.e.22251/click - {}
RESULT: {}
COMMAND: POST /session/b9718e1e48867b0fba4e39bd9ed4a756/element - {"using":"xpath","value":"//bdi[contains(text(), \"Business Confirm\")]"}
COMMAND: GET /session/b9718e1e48867b0fba4e39bd9ed4a756/screenshot - {}
RESULT: {"using":"xpath","value":"//bdi[contains(text(), \"Business Confirm\")]"}
COMMAND: POST /session/b9718e1e48867b0fba4e39bd9ed4a756/elements - {"using":"xpath","value":"//bdi[contains(text(), \"Business Confirm\")]"}
RESULT: {}
RESULT: {"using":"xpath","value":"//bdi[contains(text(), \"Business Confirm\")]"}
COMMAND: POST /session/b9718e1e48867b0fba4e39bd9ed4a756/elements - {"using":"xpath","value":"//bdi[contains(text(), \"Business Confirm\")]"}
RESULT: {"using":"xpath","value":"//bdi[contains(text(), \"Business Confirm\")]"}
COMMAND: POST /session/b9718e1e48867b0fba4e39bd9ed4a756/element - {"using":"xpath","value":"//bdi[contains(text(), \"Business Confirm\")]"}
RESULT: {"using":"xpath","value":"//bdi[contains(text(), \"Business Confirm\")]"}
COMMAND: POST /session/b9718e1e48867b0fba4e39bd9ed4a756/element/f.FE1DA32CFDBC8F8C890368A9A93AADEA.d.30701D24633223539B4E6AC0AFE0A22A.e.22254/click - {}
COMMAND: POST /session/b9718e1e48867b0fba4e39bd9ed4a756/element - {"using":"xpath","value":"//bdi[contains(text(), \"Business Confirm\")]"}
RESULT: {"using":"xpath","value":"//bdi[contains(text(), \"Business Confirm\")]"}
COMMAND: POST /session/b9718e1e48867b0fba4e39bd9ed4a756/element/f.FE1DA32CFDBC8F8C890368A9A93AADEA.d.30701D24633223539B4E6AC0AFE0A22A.e.22254/click - {}
COMMAND: POST /session/b9718e1e48867b0fba4e39bd9ed4a756/element - {"using":"xpath","value":"//bdi[contains(text(), \"Business Confirm\")]"}
RESULT: {"using":"xpath","value":"//bdi[contains(text(), \"Business Confirm\")]"}
COMMAND: POST /session/b9718e1e48867b0fba4e39bd9ed4a756/element/f.FE1DA32CFDBC8F8C890368A9A93AADEA.d.30701D24633223539B4E6AC0AFE0A22A.e.22305/click - {}
RESULT: {}
COMMAND: POST /session/b9718e1e48867b0fba4e39bd9ed4a756/element - {"using":"css selector","value":"#shell-header-logo"}
COMMAND: GET /session/b9718e1e48867b0fba4e39bd9ed4a756/screenshot - {}
RESULT: {"using":"css selector","value":"#shell-header-logo"}
COMMAND: POST /session/b9718e1e48867b0fba4e39bd9ed4a756/element/f.FE1DA32CFDBC8F8C890368A9A93AADEA.d.30701D24633223539B4E6AC0AFE0A22A.e.21981/click - {}
RESULT: {}
RESULT: {}
COMMAND: GET /session/b9718e1e48867b0fba4e39bd9ed4a756/screenshot - {}
RESULT: {}
]]></system-out>
    </testcase>
    <testcase classname="chrome.136_0_7103_93.windows.Billing_Calculation_-_Time_based_(considering_transport_times)_US139738" name="Should transfer the billing all the way to completion" time="81.685">
      <system-out><![CDATA[
RESULT: undefined
COMMAND: POST /session/b9718e1e48867b0fba4e39bd9ed4a756/element - {"using":"xpath","value":"//*[@id=\"__tile50\"]"}
RESULT: {"using":"xpath","value":"//*[@id=\"__tile50\"]"}
COMMAND: POST /session/b9718e1e48867b0fba4e39bd9ed4a756/element/f.FE1DA32CFDBC8F8C890368A9A93AADEA.d.30701D24633223539B4E6AC0AFE0A22A.e.16217/click - {}
RESULT: {}
COMMAND: GET /session/b9718e1e48867b0fba4e39bd9ed4a756/screenshot - {}
RESULT: {}
COMMAND: POST /session/b9718e1e48867b0fba4e39bd9ed4a756/elements - {"using":"xpath","value":"//span[text()='Error']"}
RESULT: {"using":"xpath","value":"//span[text()='Error']"}
COMMAND: POST /session/b9718e1e48867b0fba4e39bd9ed4a756/element - {"using":"xpath","value":"//input[contains(@id ,\"application-billingtransfer-display-component---billingWorkbench--smartFilterBar-btnBasicSearch\")]"}
RESULT: {"using":"xpath","value":"//input[contains(@id ,\"application-billingtransfer-display-component---billingWorkbench--smartFilterBar-btnBasicSearch\")]"}
COMMAND: POST /session/b9718e1e48867b0fba4e39bd9ed4a756/elements - {"using":"xpath","value":"//input[contains(@id ,\"application-billingtransfer-display-component---billingWorkbench--smartFilterBar-btnBasicSearch\")]"}
RESULT: {"using":"xpath","value":"//input[contains(@id ,\"application-billingtransfer-display-component---billingWorkbench--smartFilterBar-btnBasicSearch\")]"}
COMMAND: POST /session/b9718e1e48867b0fba4e39bd9ed4a756/execute/sync - {"script":"<script> [8489 bytes]","args":[{"element-6066-11e4-a52e-4f735466cecf":"f.FE1DA32CFDBC8F8C890368A9A93AADEA.d.30701D24633223539B4E6AC0AFE0A22A.e.22332","ELEMENT":"f.FE1DA32CFDBC8F8C890368A9A93AADEA.d.30701D24633223539B4E6AC0AFE0A22A.e.22332"}]}
RESULT: {"script":"<script> [8489 bytes]","args":[{"element-6066-11e4-a52e-4f735466cecf":"f.FE1DA32CFDBC8F8C890368A9A93AADEA.d.30701D24633223539B4E6AC0AFE0A22A.e.22332","ELEMENT":"f.FE1DA32CFDBC8F8C890368A9A93AADEA.d.30701D24633223539B4E6AC0AFE0A22A.e.22332"}]}
COMMAND: GET /session/b9718e1e48867b0fba4e39bd9ed4a756/element/f.FE1DA32CFDBC8F8C890368A9A93AADEA.d.30701D24633223539B4E6AC0AFE0A22A.e.22332/enabled - {}
COMMAND: GET /session/b9718e1e48867b0fba4e39bd9ed4a756/screenshot - {}
RESULT: {}
COMMAND: POST /session/b9718e1e48867b0fba4e39bd9ed4a756/element/f.FE1DA32CFDBC8F8C890368A9A93AADEA.d.30701D24633223539B4E6AC0AFE0A22A.e.22332/click - {}
COMMAND: GET /session/b9718e1e48867b0fba4e39bd9ed4a756/screenshot - {}
RESULT: {}
RESULT: {}
COMMAND: GET /session/b9718e1e48867b0fba4e39bd9ed4a756/screenshot - {}
RESULT: {}
RESULT: {}
COMMAND: POST /session/b9718e1e48867b0fba4e39bd9ed4a756/element/f.FE1DA32CFDBC8F8C890368A9A93AADEA.d.30701D24633223539B4E6AC0AFE0A22A.e.22332/clear - {}
RESULT: {}
COMMAND: POST /session/b9718e1e48867b0fba4e39bd9ed4a756/element/f.FE1DA32CFDBC8F8C890368A9A93AADEA.d.30701D24633223539B4E6AC0AFE0A22A.e.22332/value - {"text":"10343"}
COMMAND: GET /session/b9718e1e48867b0fba4e39bd9ed4a756/screenshot - {}
RESULT: {"text":"10343"}
COMMAND: POST /session/b9718e1e48867b0fba4e39bd9ed4a756/actions - {"actions":[{"id":"action81","type":"key","parameters":{},"actions":[{"type":"keyDown","value":"î€‡"},{"type":"pause","duration":10},{"type":"keyUp","value":"î€‡"}]}]}
COMMAND: GET /session/b9718e1e48867b0fba4e39bd9ed4a756/screenshot - {}
RESULT: {}
RESULT: {"actions":[{"id":"action81","type":"key","parameters":{},"actions":[{"type":"keyDown","value":"î€‡"},{"type":"pause","duration":10},{"type":"keyUp","value":"î€‡"}]}]}
COMMAND: GET /session/b9718e1e48867b0fba4e39bd9ed4a756/screenshot - {}
RESULT: {}
RESULT: {}
COMMAND: POST /session/b9718e1e48867b0fba4e39bd9ed4a756/element - {"using":"xpath","value":"//span[contains(@id ,\"application-billingtransfer-display-component---billingWorkbench--smartTableBillingRuns-header-inner\")]"}
RESULT: {"using":"xpath","value":"//span[contains(@id ,\"application-billingtransfer-display-component---billingWorkbench--smartTableBillingRuns-header-inner\")]"}
COMMAND: POST /session/b9718e1e48867b0fba4e39bd9ed4a756/elements - {"using":"xpath","value":"//span[contains(@id ,\"application-billingtransfer-display-component---billingWorkbench--smartTableBillingRuns-header-inner\")]"}
RESULT: {"using":"xpath","value":"//span[contains(@id ,\"application-billingtransfer-display-component---billingWorkbench--smartTableBillingRuns-header-inner\")]"}
COMMAND: POST /session/b9718e1e48867b0fba4e39bd9ed4a756/execute/sync - {"script":"<script> [56 bytes]","args":[{"element-6066-11e4-a52e-4f735466cecf":"f.FE1DA32CFDBC8F8C890368A9A93AADEA.d.30701D24633223539B4E6AC0AFE0A22A.e.22495","ELEMENT":"f.FE1DA32CFDBC8F8C890368A9A93AADEA.d.30701D24633223539B4E6AC0AFE0A22A.e.22495"}]}
RESULT: {"script":"<script> [56 bytes]","args":[{"element-6066-11e4-a52e-4f735466cecf":"f.FE1DA32CFDBC8F8C890368A9A93AADEA.d.30701D24633223539B4E6AC0AFE0A22A.e.22495","ELEMENT":"f.FE1DA32CFDBC8F8C890368A9A93AADEA.d.30701D24633223539B4E6AC0AFE0A22A.e.22495"}]}
COMMAND: POST /session/b9718e1e48867b0fba4e39bd9ed4a756/element - {"using":"xpath","value":"//td[@aria-colindex=\"1\"]/div/div[contains(@class, \"sapMCbBg\")]"}
COMMAND: GET /session/b9718e1e48867b0fba4e39bd9ed4a756/screenshot - {}
RESULT: {"using":"xpath","value":"//td[@aria-colindex=\"1\"]/div/div[contains(@class, \"sapMCbBg\")]"}
COMMAND: POST /session/b9718e1e48867b0fba4e39bd9ed4a756/element/f.FE1DA32CFDBC8F8C890368A9A93AADEA.d.30701D24633223539B4E6AC0AFE0A22A.e.22447/click - {}
RESULT: {}
RESULT: {}
COMMAND: GET /session/b9718e1e48867b0fba4e39bd9ed4a756/screenshot - {}
RESULT: {}
COMMAND: POST /session/b9718e1e48867b0fba4e39bd9ed4a756/element - {"using":"xpath","value":"//bdi[contains(text(), \"Check\")]"}
RESULT: {"using":"xpath","value":"//bdi[contains(text(), \"Check\")]"}
COMMAND: POST /session/b9718e1e48867b0fba4e39bd9ed4a756/element/f.FE1DA32CFDBC8F8C890368A9A93AADEA.d.30701D24633223539B4E6AC0AFE0A22A.e.22496/click - {}
RESULT: {}
COMMAND: GET /session/b9718e1e48867b0fba4e39bd9ed4a756/screenshot - {}
RESULT: {}
COMMAND: POST /session/b9718e1e48867b0fba4e39bd9ed4a756/element - {"using":"xpath","value":"//bdi[contains(text(), \"OK\")]"}
RESULT: {"using":"xpath","value":"//bdi[contains(text(), \"OK\")]"}
COMMAND: POST /session/b9718e1e48867b0fba4e39bd9ed4a756/element/f.FE1DA32CFDBC8F8C890368A9A93AADEA.d.30701D24633223539B4E6AC0AFE0A22A.e.22499/click - {}
RESULT: {}
COMMAND: GET /session/b9718e1e48867b0fba4e39bd9ed4a756/screenshot - {}
RESULT: {}
COMMAND: POST /session/b9718e1e48867b0fba4e39bd9ed4a756/element - {"using":"xpath","value":"(//span[contains(text(), \"CO/SD checked\")]/parent::div/preceding-sibling::div/span)[1]"}
RESULT: {"using":"xpath","value":"(//span[contains(text(), \"CO/SD checked\")]/parent::div/preceding-sibling::div/span)[1]"}
COMMAND: POST /session/b9718e1e48867b0fba4e39bd9ed4a756/element/f.FE1DA32CFDBC8F8C890368A9A93AADEA.d.30701D24633223539B4E6AC0AFE0A22A.e.22500/click - {}
RESULT: {}
COMMAND: GET /session/b9718e1e48867b0fba4e39bd9ed4a756/screenshot - {}
RESULT: {}
COMMAND: POST /session/b9718e1e48867b0fba4e39bd9ed4a756/element - {"using":"xpath","value":"//input[contains(@id ,\"application-billingtransfer-display-component---billingWorkbench--smartFilterBar-btnBasicSearch\")]"}
RESULT: {"using":"xpath","value":"//input[contains(@id ,\"application-billingtransfer-display-component---billingWorkbench--smartFilterBar-btnBasicSearch\")]"}
COMMAND: POST /session/b9718e1e48867b0fba4e39bd9ed4a756/elements - {"using":"xpath","value":"//input[contains(@id ,\"application-billingtransfer-display-component---billingWorkbench--smartFilterBar-btnBasicSearch\")]"}
RESULT: {"using":"xpath","value":"//input[contains(@id ,\"application-billingtransfer-display-component---billingWorkbench--smartFilterBar-btnBasicSearch\")]"}
COMMAND: POST /session/b9718e1e48867b0fba4e39bd9ed4a756/execute/sync - {"script":"<script> [8489 bytes]","args":[{"element-6066-11e4-a52e-4f735466cecf":"f.FE1DA32CFDBC8F8C890368A9A93AADEA.d.30701D24633223539B4E6AC0AFE0A22A.e.22332","ELEMENT":"f.FE1DA32CFDBC8F8C890368A9A93AADEA.d.30701D24633223539B4E6AC0AFE0A22A.e.22332"}]}
RESULT: {"script":"<script> [8489 bytes]","args":[{"element-6066-11e4-a52e-4f735466cecf":"f.FE1DA32CFDBC8F8C890368A9A93AADEA.d.30701D24633223539B4E6AC0AFE0A22A.e.22332","ELEMENT":"f.FE1DA32CFDBC8F8C890368A9A93AADEA.d.30701D24633223539B4E6AC0AFE0A22A.e.22332"}]}
COMMAND: GET /session/b9718e1e48867b0fba4e39bd9ed4a756/element/f.FE1DA32CFDBC8F8C890368A9A93AADEA.d.30701D24633223539B4E6AC0AFE0A22A.e.22332/enabled - {}
COMMAND: GET /session/b9718e1e48867b0fba4e39bd9ed4a756/screenshot - {}
RESULT: {}
COMMAND: POST /session/b9718e1e48867b0fba4e39bd9ed4a756/element/f.FE1DA32CFDBC8F8C890368A9A93AADEA.d.30701D24633223539B4E6AC0AFE0A22A.e.22332/click - {}
COMMAND: GET /session/b9718e1e48867b0fba4e39bd9ed4a756/screenshot - {}
RESULT: {}
RESULT: {}
COMMAND: GET /session/b9718e1e48867b0fba4e39bd9ed4a756/screenshot - {}
RESULT: {}
RESULT: {}
COMMAND: POST /session/b9718e1e48867b0fba4e39bd9ed4a756/element/f.FE1DA32CFDBC8F8C890368A9A93AADEA.d.30701D24633223539B4E6AC0AFE0A22A.e.22332/clear - {}
RESULT: {}
COMMAND: POST /session/b9718e1e48867b0fba4e39bd9ed4a756/element/f.FE1DA32CFDBC8F8C890368A9A93AADEA.d.30701D24633223539B4E6AC0AFE0A22A.e.22332/value - {"text":"10343"}
COMMAND: GET /session/b9718e1e48867b0fba4e39bd9ed4a756/screenshot - {}
RESULT: {"text":"10343"}
COMMAND: POST /session/b9718e1e48867b0fba4e39bd9ed4a756/actions - {"actions":[{"id":"action82","type":"key","parameters":{},"actions":[{"type":"keyDown","value":"î€‡"},{"type":"pause","duration":10},{"type":"keyUp","value":"î€‡"}]}]}
COMMAND: GET /session/b9718e1e48867b0fba4e39bd9ed4a756/screenshot - {}
RESULT: {}
RESULT: {"actions":[{"id":"action82","type":"key","parameters":{},"actions":[{"type":"keyDown","value":"î€‡"},{"type":"pause","duration":10},{"type":"keyUp","value":"î€‡"}]}]}
COMMAND: GET /session/b9718e1e48867b0fba4e39bd9ed4a756/screenshot - {}
RESULT: {}
RESULT: {}
COMMAND: POST /session/b9718e1e48867b0fba4e39bd9ed4a756/element - {"using":"xpath","value":"//span[contains(@id ,\"application-billingtransfer-display-component---billingWorkbench--smartTableBillingRuns-header-inner\")]"}
RESULT: {"using":"xpath","value":"//span[contains(@id ,\"application-billingtransfer-display-component---billingWorkbench--smartTableBillingRuns-header-inner\")]"}
COMMAND: POST /session/b9718e1e48867b0fba4e39bd9ed4a756/elements - {"using":"xpath","value":"//span[contains(@id ,\"application-billingtransfer-display-component---billingWorkbench--smartTableBillingRuns-header-inner\")]"}
RESULT: {"using":"xpath","value":"//span[contains(@id ,\"application-billingtransfer-display-component---billingWorkbench--smartTableBillingRuns-header-inner\")]"}
COMMAND: POST /session/b9718e1e48867b0fba4e39bd9ed4a756/execute/sync - {"script":"<script> [56 bytes]","args":[{"element-6066-11e4-a52e-4f735466cecf":"f.FE1DA32CFDBC8F8C890368A9A93AADEA.d.30701D24633223539B4E6AC0AFE0A22A.e.22495","ELEMENT":"f.FE1DA32CFDBC8F8C890368A9A93AADEA.d.30701D24633223539B4E6AC0AFE0A22A.e.22495"}]}
RESULT: {"script":"<script> [56 bytes]","args":[{"element-6066-11e4-a52e-4f735466cecf":"f.FE1DA32CFDBC8F8C890368A9A93AADEA.d.30701D24633223539B4E6AC0AFE0A22A.e.22495","ELEMENT":"f.FE1DA32CFDBC8F8C890368A9A93AADEA.d.30701D24633223539B4E6AC0AFE0A22A.e.22495"}]}
COMMAND: POST /session/b9718e1e48867b0fba4e39bd9ed4a756/element - {"using":"xpath","value":"//td[@aria-colindex=\"1\"]/div/div[contains(@class, \"sapMCbBg\")]"}
COMMAND: GET /session/b9718e1e48867b0fba4e39bd9ed4a756/screenshot - {}
RESULT: {"using":"xpath","value":"//td[@aria-colindex=\"1\"]/div/div[contains(@class, \"sapMCbBg\")]"}
COMMAND: POST /session/b9718e1e48867b0fba4e39bd9ed4a756/element/f.FE1DA32CFDBC8F8C890368A9A93AADEA.d.30701D24633223539B4E6AC0AFE0A22A.e.22503/click - {}
RESULT: {}
RESULT: {}
COMMAND: GET /session/b9718e1e48867b0fba4e39bd9ed4a756/screenshot - {}
RESULT: {}
COMMAND: POST /session/b9718e1e48867b0fba4e39bd9ed4a756/element - {"using":"xpath","value":"//bdi[text()=\"Transfer\"]"}
RESULT: {"using":"xpath","value":"//bdi[text()=\"Transfer\"]"}
COMMAND: POST /session/b9718e1e48867b0fba4e39bd9ed4a756/element/f.FE1DA32CFDBC8F8C890368A9A93AADEA.d.30701D24633223539B4E6AC0AFE0A22A.e.22504/click - {}
RESULT: {}
COMMAND: GET /session/b9718e1e48867b0fba4e39bd9ed4a756/screenshot - {}
RESULT: {}
COMMAND: POST /session/b9718e1e48867b0fba4e39bd9ed4a756/element - {"using":"xpath","value":"//bdi[contains(text(), \"OK\")]"}
RESULT: {"using":"xpath","value":"//bdi[contains(text(), \"OK\")]"}
COMMAND: POST /session/b9718e1e48867b0fba4e39bd9ed4a756/element/f.FE1DA32CFDBC8F8C890368A9A93AADEA.d.30701D24633223539B4E6AC0AFE0A22A.e.22507/click - {}
RESULT: {}
COMMAND: GET /session/b9718e1e48867b0fba4e39bd9ed4a756/screenshot - {}
RESULT: {}
COMMAND: POST /session/b9718e1e48867b0fba4e39bd9ed4a756/element - {"using":"xpath","value":"(//span[contains(text(), \"Completed\")]/parent::div/preceding-sibling::div/span)[1]"}
RESULT: {"using":"xpath","value":"(//span[contains(text(), \"Completed\")]/parent::div/preceding-sibling::div/span)[1]"}
COMMAND: POST /session/b9718e1e48867b0fba4e39bd9ed4a756/element/f.FE1DA32CFDBC8F8C890368A9A93AADEA.d.30701D24633223539B4E6AC0AFE0A22A.e.22516/click - {}
RESULT: {}
COMMAND: POST /session/b9718e1e48867b0fba4e39bd9ed4a756/element - {"using":"xpath","value":"//input[contains(@id ,\"application-billingtransfer-display-component---billingWorkbench--smartFilterBar-btnBasicSearch\")]"}
COMMAND: GET /session/b9718e1e48867b0fba4e39bd9ed4a756/screenshot - {}
RESULT: {"using":"xpath","value":"//input[contains(@id ,\"application-billingtransfer-display-component---billingWorkbench--smartFilterBar-btnBasicSearch\")]"}
COMMAND: POST /session/b9718e1e48867b0fba4e39bd9ed4a756/elements - {"using":"xpath","value":"//input[contains(@id ,\"application-billingtransfer-display-component---billingWorkbench--smartFilterBar-btnBasicSearch\")]"}
RESULT: {}
RESULT: {"using":"xpath","value":"//input[contains(@id ,\"application-billingtransfer-display-component---billingWorkbench--smartFilterBar-btnBasicSearch\")]"}
COMMAND: POST /session/b9718e1e48867b0fba4e39bd9ed4a756/execute/sync - {"script":"<script> [8489 bytes]","args":[{"element-6066-11e4-a52e-4f735466cecf":"f.FE1DA32CFDBC8F8C890368A9A93AADEA.d.30701D24633223539B4E6AC0AFE0A22A.e.22332","ELEMENT":"f.FE1DA32CFDBC8F8C890368A9A93AADEA.d.30701D24633223539B4E6AC0AFE0A22A.e.22332"}]}
RESULT: {"script":"<script> [8489 bytes]","args":[{"element-6066-11e4-a52e-4f735466cecf":"f.FE1DA32CFDBC8F8C890368A9A93AADEA.d.30701D24633223539B4E6AC0AFE0A22A.e.22332","ELEMENT":"f.FE1DA32CFDBC8F8C890368A9A93AADEA.d.30701D24633223539B4E6AC0AFE0A22A.e.22332"}]}
COMMAND: GET /session/b9718e1e48867b0fba4e39bd9ed4a756/element/f.FE1DA32CFDBC8F8C890368A9A93AADEA.d.30701D24633223539B4E6AC0AFE0A22A.e.22332/enabled - {}
COMMAND: GET /session/b9718e1e48867b0fba4e39bd9ed4a756/screenshot - {}
RESULT: {}
COMMAND: POST /session/b9718e1e48867b0fba4e39bd9ed4a756/element/f.FE1DA32CFDBC8F8C890368A9A93AADEA.d.30701D24633223539B4E6AC0AFE0A22A.e.22332/click - {}
COMMAND: GET /session/b9718e1e48867b0fba4e39bd9ed4a756/screenshot - {}
RESULT: {}
RESULT: {}
COMMAND: GET /session/b9718e1e48867b0fba4e39bd9ed4a756/screenshot - {}
RESULT: {}
RESULT: {}
COMMAND: POST /session/b9718e1e48867b0fba4e39bd9ed4a756/element/f.FE1DA32CFDBC8F8C890368A9A93AADEA.d.30701D24633223539B4E6AC0AFE0A22A.e.22332/clear - {}
RESULT: {}
COMMAND: POST /session/b9718e1e48867b0fba4e39bd9ed4a756/element/f.FE1DA32CFDBC8F8C890368A9A93AADEA.d.30701D24633223539B4E6AC0AFE0A22A.e.22332/value - {"text":"10343"}
COMMAND: GET /session/b9718e1e48867b0fba4e39bd9ed4a756/screenshot - {}
RESULT: {"text":"10343"}
COMMAND: POST /session/b9718e1e48867b0fba4e39bd9ed4a756/actions - {"actions":[{"id":"action83","type":"key","parameters":{},"actions":[{"type":"keyDown","value":"î€‡"},{"type":"pause","duration":10},{"type":"keyUp","value":"î€‡"}]}]}
COMMAND: GET /session/b9718e1e48867b0fba4e39bd9ed4a756/screenshot - {}
RESULT: {}
RESULT: {"actions":[{"id":"action83","type":"key","parameters":{},"actions":[{"type":"keyDown","value":"î€‡"},{"type":"pause","duration":10},{"type":"keyUp","value":"î€‡"}]}]}
COMMAND: GET /session/b9718e1e48867b0fba4e39bd9ed4a756/screenshot - {}
RESULT: {}
RESULT: {}
COMMAND: POST /session/b9718e1e48867b0fba4e39bd9ed4a756/element - {"using":"xpath","value":"//span[contains(@id ,\"application-billingtransfer-display-component---billingWorkbench--smartTableBillingRuns-header-inner\")]"}
RESULT: {"using":"xpath","value":"//span[contains(@id ,\"application-billingtransfer-display-component---billingWorkbench--smartTableBillingRuns-header-inner\")]"}
COMMAND: POST /session/b9718e1e48867b0fba4e39bd9ed4a756/elements - {"using":"xpath","value":"//span[contains(@id ,\"application-billingtransfer-display-component---billingWorkbench--smartTableBillingRuns-header-inner\")]"}
RESULT: {"using":"xpath","value":"//span[contains(@id ,\"application-billingtransfer-display-component---billingWorkbench--smartTableBillingRuns-header-inner\")]"}
COMMAND: POST /session/b9718e1e48867b0fba4e39bd9ed4a756/execute/sync - {"script":"<script> [56 bytes]","args":[{"element-6066-11e4-a52e-4f735466cecf":"f.FE1DA32CFDBC8F8C890368A9A93AADEA.d.30701D24633223539B4E6AC0AFE0A22A.e.22495","ELEMENT":"f.FE1DA32CFDBC8F8C890368A9A93AADEA.d.30701D24633223539B4E6AC0AFE0A22A.e.22495"}]}
RESULT: {"script":"<script> [56 bytes]","args":[{"element-6066-11e4-a52e-4f735466cecf":"f.FE1DA32CFDBC8F8C890368A9A93AADEA.d.30701D24633223539B4E6AC0AFE0A22A.e.22495","ELEMENT":"f.FE1DA32CFDBC8F8C890368A9A93AADEA.d.30701D24633223539B4E6AC0AFE0A22A.e.22495"}]}
COMMAND: POST /session/b9718e1e48867b0fba4e39bd9ed4a756/element - {"using":"css selector","value":"#shell-header-logo"}
COMMAND: GET /session/b9718e1e48867b0fba4e39bd9ed4a756/screenshot - {}
RESULT: {"using":"css selector","value":"#shell-header-logo"}
COMMAND: POST /session/b9718e1e48867b0fba4e39bd9ed4a756/element/f.FE1DA32CFDBC8F8C890368A9A93AADEA.d.30701D24633223539B4E6AC0AFE0A22A.e.22330/click - {}
RESULT: {}
RESULT: {}
COMMAND: GET /session/b9718e1e48867b0fba4e39bd9ed4a756/screenshot - {}
RESULT: {}
]]></system-out>
    </testcase>
    <testcase classname="chrome.136_0_7103_93.windows.Billing_Calculation_-_Time_based_(considering_transport_times)_US139738" name="Should do another billing run but in around 25 days from today" time="82.699">
      <system-out><![CDATA[
RESULT: undefined
COMMAND: POST /session/b9718e1e48867b0fba4e39bd9ed4a756/element - {"using":"xpath","value":"//*[@id=\"__tile51\"]"}
RESULT: {"using":"xpath","value":"//*[@id=\"__tile51\"]"}
COMMAND: POST /session/b9718e1e48867b0fba4e39bd9ed4a756/element/f.FE1DA32CFDBC8F8C890368A9A93AADEA.d.30701D24633223539B4E6AC0AFE0A22A.e.16219/click - {}
RESULT: {}
COMMAND: GET /session/b9718e1e48867b0fba4e39bd9ed4a756/screenshot - {}
RESULT: {}
COMMAND: POST /session/b9718e1e48867b0fba4e39bd9ed4a756/elements - {"using":"xpath","value":"//span[text()='Error']"}
RESULT: {"using":"xpath","value":"//span[text()='Error']"}
RESULT: undefined
COMMAND: POST /session/b9718e1e48867b0fba4e39bd9ed4a756/execute/async - {"script":"<script> [776 bytes]","args":[{"enterText":"10343","selector":{"id":"application-managebillings-display-component---billRunCalcResult--smartFilterBar-btnBasicSearch","interaction":{"idSuffix":"I"}},"clearTextFirst":true,"interactionType":"ENTER_TEXT"}]}
RESULT: {"script":"<script> [776 bytes]","args":[{"enterText":"10343","selector":{"id":"application-managebillings-display-component---billRunCalcResult--smartFilterBar-btnBasicSearch","interaction":{"idSuffix":"I"}},"clearTextFirst":true,"interactionType":"ENTER_TEXT"}]}
COMMAND: POST /session/b9718e1e48867b0fba4e39bd9ed4a756/actions - {"actions":[{"id":"action84","type":"key","parameters":{},"actions":[{"type":"keyDown","value":"î€‡"},{"type":"pause","duration":10},{"type":"keyUp","value":"î€‡"}]}]}
RESULT: {"actions":[{"id":"action84","type":"key","parameters":{},"actions":[{"type":"keyDown","value":"î€‡"},{"type":"pause","duration":10},{"type":"keyUp","value":"î€‡"}]}]}
COMMAND: GET /session/b9718e1e48867b0fba4e39bd9ed4a756/screenshot - {}
RESULT: {}
COMMAND: POST /session/b9718e1e48867b0fba4e39bd9ed4a756/element - {"using":"xpath","value":"//td[@aria-colindex=\"1\"]/div/div[contains(@class, \"sapMCbBg\")]"}
RESULT: {"using":"xpath","value":"//td[@aria-colindex=\"1\"]/div/div[contains(@class, \"sapMCbBg\")]"}
COMMAND: POST /session/b9718e1e48867b0fba4e39bd9ed4a756/element/f.FE1DA32CFDBC8F8C890368A9A93AADEA.d.30701D24633223539B4E6AC0AFE0A22A.e.22733/click - {}
RESULT: {}
COMMAND: GET /session/b9718e1e48867b0fba4e39bd9ed4a756/screenshot - {}
RESULT: {}
RESULT: undefined
COMMAND: POST /session/b9718e1e48867b0fba4e39bd9ed4a756/execute/async - {"script":"<script> [776 bytes]","args":[{"enterText":"6/11/25","selector":{"id":"application-managebillings-display-component---billRunCalcResult--contractBillRunDate","interaction":{"idSuffix":"inner"}},"clearTextFirst":true,"interactionType":"ENTER_TEXT"}]}
RESULT: {"script":"<script> [776 bytes]","args":[{"enterText":"6/11/25","selector":{"id":"application-managebillings-display-component---billRunCalcResult--contractBillRunDate","interaction":{"idSuffix":"inner"}},"clearTextFirst":true,"interactionType":"ENTER_TEXT"}]}
COMMAND: POST /session/b9718e1e48867b0fba4e39bd9ed4a756/element - {"using":"xpath","value":"//bdi[contains(text(), \"Trigger Calculation\")]"}
RESULT: {"using":"xpath","value":"//bdi[contains(text(), \"Trigger Calculation\")]"}
COMMAND: POST /session/b9718e1e48867b0fba4e39bd9ed4a756/element/f.FE1DA32CFDBC8F8C890368A9A93AADEA.d.30701D24633223539B4E6AC0AFE0A22A.e.22788/click - {}
RESULT: {}
COMMAND: GET /session/b9718e1e48867b0fba4e39bd9ed4a756/screenshot - {}
RESULT: {}
COMMAND: POST /session/b9718e1e48867b0fba4e39bd9ed4a756/element - {"using":"xpath","value":"(//span[contains(@id, \"imgNav\")])[1]"}
RESULT: {"using":"xpath","value":"(//span[contains(@id, \"imgNav\")])[1]"}
COMMAND: POST /session/b9718e1e48867b0fba4e39bd9ed4a756/element/f.FE1DA32CFDBC8F8C890368A9A93AADEA.d.30701D24633223539B4E6AC0AFE0A22A.e.22734/click - {}
RESULT: {}
COMMAND: GET /session/b9718e1e48867b0fba4e39bd9ed4a756/screenshot - {}
RESULT: {}
COMMAND: POST /session/b9718e1e48867b0fba4e39bd9ed4a756/element - {"using":"xpath","value":"//tr/td[6]/div[1]/span[1]/span[1]"}
RESULT: {"using":"xpath","value":"//tr/td[6]/div[1]/span[1]/span[1]"}
COMMAND: GET /session/b9718e1e48867b0fba4e39bd9ed4a756/element/f.FE1DA32CFDBC8F8C890368A9A93AADEA.d.30701D24633223539B4E6AC0AFE0A22A.e.22794/text - {}
RESULT: {}
COMMAND: POST /session/b9718e1e48867b0fba4e39bd9ed4a756/element - {"using":"xpath","value":"(//span[contains(@id, \"imgNav\")])[2]"}
RESULT: {"using":"xpath","value":"(//span[contains(@id, \"imgNav\")])[2]"}
COMMAND: POST /session/b9718e1e48867b0fba4e39bd9ed4a756/element/f.FE1DA32CFDBC8F8C890368A9A93AADEA.d.30701D24633223539B4E6AC0AFE0A22A.e.22795/click - {}
RESULT: {}
COMMAND: POST /session/b9718e1e48867b0fba4e39bd9ed4a756/element - {"using":"xpath","value":"//bdi[contains(text(), \"Business Confirm\")]"}
COMMAND: GET /session/b9718e1e48867b0fba4e39bd9ed4a756/screenshot - {}
RESULT: {"using":"xpath","value":"//bdi[contains(text(), \"Business Confirm\")]"}
COMMAND: POST /session/b9718e1e48867b0fba4e39bd9ed4a756/elements - {"using":"xpath","value":"//bdi[contains(text(), \"Business Confirm\")]"}
RESULT: {}
RESULT: {"using":"xpath","value":"//bdi[contains(text(), \"Business Confirm\")]"}
COMMAND: POST /session/b9718e1e48867b0fba4e39bd9ed4a756/element - {"using":"xpath","value":"//bdi[contains(text(), \"Business Confirm\")]"}
RESULT: {"using":"xpath","value":"//bdi[contains(text(), \"Business Confirm\")]"}
COMMAND: POST /session/b9718e1e48867b0fba4e39bd9ed4a756/element/f.FE1DA32CFDBC8F8C890368A9A93AADEA.d.30701D24633223539B4E6AC0AFE0A22A.e.22849/click - {}
RESULT: {}
COMMAND: POST /session/b9718e1e48867b0fba4e39bd9ed4a756/element - {"using":"css selector","value":"#shell-header-logo"}
COMMAND: GET /session/b9718e1e48867b0fba4e39bd9ed4a756/screenshot - {}
RESULT: {"using":"css selector","value":"#shell-header-logo"}
COMMAND: POST /session/b9718e1e48867b0fba4e39bd9ed4a756/element/f.FE1DA32CFDBC8F8C890368A9A93AADEA.d.30701D24633223539B4E6AC0AFE0A22A.e.22523/click - {}
RESULT: {}
RESULT: {}
COMMAND: GET /session/b9718e1e48867b0fba4e39bd9ed4a756/screenshot - {}
RESULT: {}
]]></system-out>
    </testcase>
    <testcase classname="chrome.136_0_7103_93.windows.Billing_Calculation_-_Time_based_(considering_transport_times)_US139738" name="Should transfer the billing all the way to completion" time="91.224">
      <system-out><![CDATA[
RESULT: undefined
COMMAND: POST /session/b9718e1e48867b0fba4e39bd9ed4a756/element - {"using":"xpath","value":"//*[@id=\"__tile50\"]"}
RESULT: {"using":"xpath","value":"//*[@id=\"__tile50\"]"}
COMMAND: POST /session/b9718e1e48867b0fba4e39bd9ed4a756/element/f.FE1DA32CFDBC8F8C890368A9A93AADEA.d.30701D24633223539B4E6AC0AFE0A22A.e.16217/click - {}
RESULT: {}
COMMAND: GET /session/b9718e1e48867b0fba4e39bd9ed4a756/screenshot - {}
RESULT: {}
COMMAND: POST /session/b9718e1e48867b0fba4e39bd9ed4a756/elements - {"using":"xpath","value":"//span[text()='Error']"}
RESULT: {"using":"xpath","value":"//span[text()='Error']"}
COMMAND: POST /session/b9718e1e48867b0fba4e39bd9ed4a756/element - {"using":"xpath","value":"//input[contains(@id ,\"application-billingtransfer-display-component---billingWorkbench--smartFilterBar-btnBasicSearch\")]"}
RESULT: {"using":"xpath","value":"//input[contains(@id ,\"application-billingtransfer-display-component---billingWorkbench--smartFilterBar-btnBasicSearch\")]"}
COMMAND: POST /session/b9718e1e48867b0fba4e39bd9ed4a756/elements - {"using":"xpath","value":"//input[contains(@id ,\"application-billingtransfer-display-component---billingWorkbench--smartFilterBar-btnBasicSearch\")]"}
RESULT: {"using":"xpath","value":"//input[contains(@id ,\"application-billingtransfer-display-component---billingWorkbench--smartFilterBar-btnBasicSearch\")]"}
COMMAND: POST /session/b9718e1e48867b0fba4e39bd9ed4a756/execute/sync - {"script":"<script> [8489 bytes]","args":[{"element-6066-11e4-a52e-4f735466cecf":"f.FE1DA32CFDBC8F8C890368A9A93AADEA.d.30701D24633223539B4E6AC0AFE0A22A.e.22879","ELEMENT":"f.FE1DA32CFDBC8F8C890368A9A93AADEA.d.30701D24633223539B4E6AC0AFE0A22A.e.22879"}]}
RESULT: {"script":"<script> [8489 bytes]","args":[{"element-6066-11e4-a52e-4f735466cecf":"f.FE1DA32CFDBC8F8C890368A9A93AADEA.d.30701D24633223539B4E6AC0AFE0A22A.e.22879","ELEMENT":"f.FE1DA32CFDBC8F8C890368A9A93AADEA.d.30701D24633223539B4E6AC0AFE0A22A.e.22879"}]}
COMMAND: GET /session/b9718e1e48867b0fba4e39bd9ed4a756/element/f.FE1DA32CFDBC8F8C890368A9A93AADEA.d.30701D24633223539B4E6AC0AFE0A22A.e.22879/enabled - {}
COMMAND: GET /session/b9718e1e48867b0fba4e39bd9ed4a756/screenshot - {}
RESULT: {}
COMMAND: POST /session/b9718e1e48867b0fba4e39bd9ed4a756/element/f.FE1DA32CFDBC8F8C890368A9A93AADEA.d.30701D24633223539B4E6AC0AFE0A22A.e.22879/click - {}
COMMAND: GET /session/b9718e1e48867b0fba4e39bd9ed4a756/screenshot - {}
RESULT: {}
RESULT: {}
COMMAND: GET /session/b9718e1e48867b0fba4e39bd9ed4a756/screenshot - {}
RESULT: {}
RESULT: {}
COMMAND: POST /session/b9718e1e48867b0fba4e39bd9ed4a756/element/f.FE1DA32CFDBC8F8C890368A9A93AADEA.d.30701D24633223539B4E6AC0AFE0A22A.e.22879/clear - {}
RESULT: {}
COMMAND: POST /session/b9718e1e48867b0fba4e39bd9ed4a756/element/f.FE1DA32CFDBC8F8C890368A9A93AADEA.d.30701D24633223539B4E6AC0AFE0A22A.e.22879/value - {"text":"10343"}
COMMAND: GET /session/b9718e1e48867b0fba4e39bd9ed4a756/screenshot - {}
RESULT: {"text":"10343"}
COMMAND: POST /session/b9718e1e48867b0fba4e39bd9ed4a756/actions - {"actions":[{"id":"action85","type":"key","parameters":{},"actions":[{"type":"keyDown","value":"î€‡"},{"type":"pause","duration":10},{"type":"keyUp","value":"î€‡"}]}]}
COMMAND: GET /session/b9718e1e48867b0fba4e39bd9ed4a756/screenshot - {}
RESULT: {}
RESULT: {"actions":[{"id":"action85","type":"key","parameters":{},"actions":[{"type":"keyDown","value":"î€‡"},{"type":"pause","duration":10},{"type":"keyUp","value":"î€‡"}]}]}
COMMAND: GET /session/b9718e1e48867b0fba4e39bd9ed4a756/screenshot - {}
RESULT: {}
RESULT: {}
COMMAND: POST /session/b9718e1e48867b0fba4e39bd9ed4a756/element - {"using":"xpath","value":"//span[contains(@id ,\"application-billingtransfer-display-component---billingWorkbench--smartTableBillingRuns-header-inner\")]"}
RESULT: {"using":"xpath","value":"//span[contains(@id ,\"application-billingtransfer-display-component---billingWorkbench--smartTableBillingRuns-header-inner\")]"}
COMMAND: POST /session/b9718e1e48867b0fba4e39bd9ed4a756/elements - {"using":"xpath","value":"//span[contains(@id ,\"application-billingtransfer-display-component---billingWorkbench--smartTableBillingRuns-header-inner\")]"}
RESULT: {"using":"xpath","value":"//span[contains(@id ,\"application-billingtransfer-display-component---billingWorkbench--smartTableBillingRuns-header-inner\")]"}
COMMAND: POST /session/b9718e1e48867b0fba4e39bd9ed4a756/execute/sync - {"script":"<script> [56 bytes]","args":[{"element-6066-11e4-a52e-4f735466cecf":"f.FE1DA32CFDBC8F8C890368A9A93AADEA.d.30701D24633223539B4E6AC0AFE0A22A.e.23051","ELEMENT":"f.FE1DA32CFDBC8F8C890368A9A93AADEA.d.30701D24633223539B4E6AC0AFE0A22A.e.23051"}]}
RESULT: {"script":"<script> [56 bytes]","args":[{"element-6066-11e4-a52e-4f735466cecf":"f.FE1DA32CFDBC8F8C890368A9A93AADEA.d.30701D24633223539B4E6AC0AFE0A22A.e.23051","ELEMENT":"f.FE1DA32CFDBC8F8C890368A9A93AADEA.d.30701D24633223539B4E6AC0AFE0A22A.e.23051"}]}
COMMAND: POST /session/b9718e1e48867b0fba4e39bd9ed4a756/element - {"using":"xpath","value":"//td[@aria-colindex=\"1\"]/div/div[contains(@class, \"sapMCbBg\")]"}
COMMAND: GET /session/b9718e1e48867b0fba4e39bd9ed4a756/screenshot - {}
RESULT: {"using":"xpath","value":"//td[@aria-colindex=\"1\"]/div/div[contains(@class, \"sapMCbBg\")]"}
COMMAND: POST /session/b9718e1e48867b0fba4e39bd9ed4a756/element/f.FE1DA32CFDBC8F8C890368A9A93AADEA.d.30701D24633223539B4E6AC0AFE0A22A.e.23042/click - {}
RESULT: {}
RESULT: {}
COMMAND: GET /session/b9718e1e48867b0fba4e39bd9ed4a756/screenshot - {}
RESULT: {}
COMMAND: POST /session/b9718e1e48867b0fba4e39bd9ed4a756/element - {"using":"xpath","value":"//bdi[contains(text(), \"Check\")]"}
RESULT: {"using":"xpath","value":"//bdi[contains(text(), \"Check\")]"}
COMMAND: POST /session/b9718e1e48867b0fba4e39bd9ed4a756/element/f.FE1DA32CFDBC8F8C890368A9A93AADEA.d.30701D24633223539B4E6AC0AFE0A22A.e.23052/click - {}
RESULT: {}
COMMAND: GET /session/b9718e1e48867b0fba4e39bd9ed4a756/screenshot - {}
RESULT: {}
COMMAND: POST /session/b9718e1e48867b0fba4e39bd9ed4a756/element - {"using":"xpath","value":"//bdi[contains(text(), \"OK\")]"}
RESULT: {"using":"xpath","value":"//bdi[contains(text(), \"OK\")]"}
COMMAND: POST /session/b9718e1e48867b0fba4e39bd9ed4a756/element/f.FE1DA32CFDBC8F8C890368A9A93AADEA.d.30701D24633223539B4E6AC0AFE0A22A.e.23055/click - {}
RESULT: {}
COMMAND: GET /session/b9718e1e48867b0fba4e39bd9ed4a756/screenshot - {}
RESULT: {}
COMMAND: POST /session/b9718e1e48867b0fba4e39bd9ed4a756/element - {"using":"xpath","value":"(//span[contains(text(), \"CO/SD checked\")]/parent::div/preceding-sibling::div/span)[1]"}
RESULT: {"using":"xpath","value":"(//span[contains(text(), \"CO/SD checked\")]/parent::div/preceding-sibling::div/span)[1]"}
COMMAND: POST /session/b9718e1e48867b0fba4e39bd9ed4a756/element/f.FE1DA32CFDBC8F8C890368A9A93AADEA.d.30701D24633223539B4E6AC0AFE0A22A.e.23056/click - {}
RESULT: {}
COMMAND: GET /session/b9718e1e48867b0fba4e39bd9ed4a756/screenshot - {}
RESULT: {}
COMMAND: POST /session/b9718e1e48867b0fba4e39bd9ed4a756/element - {"using":"xpath","value":"//input[contains(@id ,\"application-billingtransfer-display-component---billingWorkbench--smartFilterBar-btnBasicSearch\")]"}
RESULT: {"using":"xpath","value":"//input[contains(@id ,\"application-billingtransfer-display-component---billingWorkbench--smartFilterBar-btnBasicSearch\")]"}
COMMAND: POST /session/b9718e1e48867b0fba4e39bd9ed4a756/elements - {"using":"xpath","value":"//input[contains(@id ,\"application-billingtransfer-display-component---billingWorkbench--smartFilterBar-btnBasicSearch\")]"}
RESULT: {"using":"xpath","value":"//input[contains(@id ,\"application-billingtransfer-display-component---billingWorkbench--smartFilterBar-btnBasicSearch\")]"}
COMMAND: POST /session/b9718e1e48867b0fba4e39bd9ed4a756/execute/sync - {"script":"<script> [8489 bytes]","args":[{"element-6066-11e4-a52e-4f735466cecf":"f.FE1DA32CFDBC8F8C890368A9A93AADEA.d.30701D24633223539B4E6AC0AFE0A22A.e.22879","ELEMENT":"f.FE1DA32CFDBC8F8C890368A9A93AADEA.d.30701D24633223539B4E6AC0AFE0A22A.e.22879"}]}
RESULT: {"script":"<script> [8489 bytes]","args":[{"element-6066-11e4-a52e-4f735466cecf":"f.FE1DA32CFDBC8F8C890368A9A93AADEA.d.30701D24633223539B4E6AC0AFE0A22A.e.22879","ELEMENT":"f.FE1DA32CFDBC8F8C890368A9A93AADEA.d.30701D24633223539B4E6AC0AFE0A22A.e.22879"}]}
COMMAND: GET /session/b9718e1e48867b0fba4e39bd9ed4a756/element/f.FE1DA32CFDBC8F8C890368A9A93AADEA.d.30701D24633223539B4E6AC0AFE0A22A.e.22879/enabled - {}
COMMAND: GET /session/b9718e1e48867b0fba4e39bd9ed4a756/screenshot - {}
RESULT: {}
COMMAND: POST /session/b9718e1e48867b0fba4e39bd9ed4a756/element/f.FE1DA32CFDBC8F8C890368A9A93AADEA.d.30701D24633223539B4E6AC0AFE0A22A.e.22879/click - {}
COMMAND: GET /session/b9718e1e48867b0fba4e39bd9ed4a756/screenshot - {}
RESULT: {}
RESULT: {}
COMMAND: GET /session/b9718e1e48867b0fba4e39bd9ed4a756/screenshot - {}
RESULT: {}
RESULT: {}
COMMAND: POST /session/b9718e1e48867b0fba4e39bd9ed4a756/element/f.FE1DA32CFDBC8F8C890368A9A93AADEA.d.30701D24633223539B4E6AC0AFE0A22A.e.22879/clear - {}
RESULT: {}
COMMAND: POST /session/b9718e1e48867b0fba4e39bd9ed4a756/element/f.FE1DA32CFDBC8F8C890368A9A93AADEA.d.30701D24633223539B4E6AC0AFE0A22A.e.22879/value - {"text":"10343"}
COMMAND: GET /session/b9718e1e48867b0fba4e39bd9ed4a756/screenshot - {}
RESULT: {"text":"10343"}
COMMAND: POST /session/b9718e1e48867b0fba4e39bd9ed4a756/actions - {"actions":[{"id":"action86","type":"key","parameters":{},"actions":[{"type":"keyDown","value":"î€‡"},{"type":"pause","duration":10},{"type":"keyUp","value":"î€‡"}]}]}
COMMAND: GET /session/b9718e1e48867b0fba4e39bd9ed4a756/screenshot - {}
RESULT: {}
RESULT: {"actions":[{"id":"action86","type":"key","parameters":{},"actions":[{"type":"keyDown","value":"î€‡"},{"type":"pause","duration":10},{"type":"keyUp","value":"î€‡"}]}]}
COMMAND: GET /session/b9718e1e48867b0fba4e39bd9ed4a756/screenshot - {}
RESULT: {}
RESULT: {}
COMMAND: POST /session/b9718e1e48867b0fba4e39bd9ed4a756/element - {"using":"xpath","value":"//span[contains(@id ,\"application-billingtransfer-display-component---billingWorkbench--smartTableBillingRuns-header-inner\")]"}
RESULT: {"using":"xpath","value":"//span[contains(@id ,\"application-billingtransfer-display-component---billingWorkbench--smartTableBillingRuns-header-inner\")]"}
COMMAND: POST /session/b9718e1e48867b0fba4e39bd9ed4a756/elements - {"using":"xpath","value":"//span[contains(@id ,\"application-billingtransfer-display-component---billingWorkbench--smartTableBillingRuns-header-inner\")]"}
RESULT: {"using":"xpath","value":"//span[contains(@id ,\"application-billingtransfer-display-component---billingWorkbench--smartTableBillingRuns-header-inner\")]"}
COMMAND: POST /session/b9718e1e48867b0fba4e39bd9ed4a756/execute/sync - {"script":"<script> [56 bytes]","args":[{"element-6066-11e4-a52e-4f735466cecf":"f.FE1DA32CFDBC8F8C890368A9A93AADEA.d.30701D24633223539B4E6AC0AFE0A22A.e.23051","ELEMENT":"f.FE1DA32CFDBC8F8C890368A9A93AADEA.d.30701D24633223539B4E6AC0AFE0A22A.e.23051"}]}
RESULT: {"script":"<script> [56 bytes]","args":[{"element-6066-11e4-a52e-4f735466cecf":"f.FE1DA32CFDBC8F8C890368A9A93AADEA.d.30701D24633223539B4E6AC0AFE0A22A.e.23051","ELEMENT":"f.FE1DA32CFDBC8F8C890368A9A93AADEA.d.30701D24633223539B4E6AC0AFE0A22A.e.23051"}]}
COMMAND: GET /session/b9718e1e48867b0fba4e39bd9ed4a756/screenshot - {}
RESULT: {}
COMMAND: POST /session/b9718e1e48867b0fba4e39bd9ed4a756/execute/sync - {"script":"<script> [56 bytes]","args":[{"element-6066-11e4-a52e-4f735466cecf":"f.FE1DA32CFDBC8F8C890368A9A93AADEA.d.30701D24633223539B4E6AC0AFE0A22A.e.23051","ELEMENT":"f.FE1DA32CFDBC8F8C890368A9A93AADEA.d.30701D24633223539B4E6AC0AFE0A22A.e.23051"}]}
RESULT: {"script":"<script> [56 bytes]","args":[{"element-6066-11e4-a52e-4f735466cecf":"f.FE1DA32CFDBC8F8C890368A9A93AADEA.d.30701D24633223539B4E6AC0AFE0A22A.e.23051","ELEMENT":"f.FE1DA32CFDBC8F8C890368A9A93AADEA.d.30701D24633223539B4E6AC0AFE0A22A.e.23051"}]}
COMMAND: GET /session/b9718e1e48867b0fba4e39bd9ed4a756/screenshot - {}
RESULT: {}
COMMAND: POST /session/b9718e1e48867b0fba4e39bd9ed4a756/execute/sync - {"script":"<script> [56 bytes]","args":[{"element-6066-11e4-a52e-4f735466cecf":"f.FE1DA32CFDBC8F8C890368A9A93AADEA.d.30701D24633223539B4E6AC0AFE0A22A.e.23051","ELEMENT":"f.FE1DA32CFDBC8F8C890368A9A93AADEA.d.30701D24633223539B4E6AC0AFE0A22A.e.23051"}]}
RESULT: {"script":"<script> [56 bytes]","args":[{"element-6066-11e4-a52e-4f735466cecf":"f.FE1DA32CFDBC8F8C890368A9A93AADEA.d.30701D24633223539B4E6AC0AFE0A22A.e.23051","ELEMENT":"f.FE1DA32CFDBC8F8C890368A9A93AADEA.d.30701D24633223539B4E6AC0AFE0A22A.e.23051"}]}
COMMAND: GET /session/b9718e1e48867b0fba4e39bd9ed4a756/screenshot - {}
RESULT: {}
COMMAND: POST /session/b9718e1e48867b0fba4e39bd9ed4a756/execute/sync - {"script":"<script> [56 bytes]","args":[{"element-6066-11e4-a52e-4f735466cecf":"f.FE1DA32CFDBC8F8C890368A9A93AADEA.d.30701D24633223539B4E6AC0AFE0A22A.e.23051","ELEMENT":"f.FE1DA32CFDBC8F8C890368A9A93AADEA.d.30701D24633223539B4E6AC0AFE0A22A.e.23051"}]}
RESULT: {"script":"<script> [56 bytes]","args":[{"element-6066-11e4-a52e-4f735466cecf":"f.FE1DA32CFDBC8F8C890368A9A93AADEA.d.30701D24633223539B4E6AC0AFE0A22A.e.23051","ELEMENT":"f.FE1DA32CFDBC8F8C890368A9A93AADEA.d.30701D24633223539B4E6AC0AFE0A22A.e.23051"}]}
COMMAND: GET /session/b9718e1e48867b0fba4e39bd9ed4a756/screenshot - {}
RESULT: {}
COMMAND: POST /session/b9718e1e48867b0fba4e39bd9ed4a756/execute/sync - {"script":"<script> [56 bytes]","args":[{"element-6066-11e4-a52e-4f735466cecf":"f.FE1DA32CFDBC8F8C890368A9A93AADEA.d.30701D24633223539B4E6AC0AFE0A22A.e.23051","ELEMENT":"f.FE1DA32CFDBC8F8C890368A9A93AADEA.d.30701D24633223539B4E6AC0AFE0A22A.e.23051"}]}
RESULT: {"script":"<script> [56 bytes]","args":[{"element-6066-11e4-a52e-4f735466cecf":"f.FE1DA32CFDBC8F8C890368A9A93AADEA.d.30701D24633223539B4E6AC0AFE0A22A.e.23051","ELEMENT":"f.FE1DA32CFDBC8F8C890368A9A93AADEA.d.30701D24633223539B4E6AC0AFE0A22A.e.23051"}]}
COMMAND: GET /session/b9718e1e48867b0fba4e39bd9ed4a756/screenshot - {}
RESULT: {}
COMMAND: POST /session/b9718e1e48867b0fba4e39bd9ed4a756/execute/sync - {"script":"<script> [56 bytes]","args":[{"element-6066-11e4-a52e-4f735466cecf":"f.FE1DA32CFDBC8F8C890368A9A93AADEA.d.30701D24633223539B4E6AC0AFE0A22A.e.23051","ELEMENT":"f.FE1DA32CFDBC8F8C890368A9A93AADEA.d.30701D24633223539B4E6AC0AFE0A22A.e.23051"}]}
RESULT: {"script":"<script> [56 bytes]","args":[{"element-6066-11e4-a52e-4f735466cecf":"f.FE1DA32CFDBC8F8C890368A9A93AADEA.d.30701D24633223539B4E6AC0AFE0A22A.e.23051","ELEMENT":"f.FE1DA32CFDBC8F8C890368A9A93AADEA.d.30701D24633223539B4E6AC0AFE0A22A.e.23051"}]}
COMMAND: GET /session/b9718e1e48867b0fba4e39bd9ed4a756/screenshot - {}
RESULT: {}
COMMAND: POST /session/b9718e1e48867b0fba4e39bd9ed4a756/execute/sync - {"script":"<script> [56 bytes]","args":[{"element-6066-11e4-a52e-4f735466cecf":"f.FE1DA32CFDBC8F8C890368A9A93AADEA.d.30701D24633223539B4E6AC0AFE0A22A.e.23051","ELEMENT":"f.FE1DA32CFDBC8F8C890368A9A93AADEA.d.30701D24633223539B4E6AC0AFE0A22A.e.23051"}]}
RESULT: {"script":"<script> [56 bytes]","args":[{"element-6066-11e4-a52e-4f735466cecf":"f.FE1DA32CFDBC8F8C890368A9A93AADEA.d.30701D24633223539B4E6AC0AFE0A22A.e.23051","ELEMENT":"f.FE1DA32CFDBC8F8C890368A9A93AADEA.d.30701D24633223539B4E6AC0AFE0A22A.e.23051"}]}
COMMAND: GET /session/b9718e1e48867b0fba4e39bd9ed4a756/screenshot - {}
RESULT: {}
COMMAND: POST /session/b9718e1e48867b0fba4e39bd9ed4a756/execute/sync - {"script":"<script> [56 bytes]","args":[{"element-6066-11e4-a52e-4f735466cecf":"f.FE1DA32CFDBC8F8C890368A9A93AADEA.d.30701D24633223539B4E6AC0AFE0A22A.e.23051","ELEMENT":"f.FE1DA32CFDBC8F8C890368A9A93AADEA.d.30701D24633223539B4E6AC0AFE0A22A.e.23051"}]}
RESULT: {"script":"<script> [56 bytes]","args":[{"element-6066-11e4-a52e-4f735466cecf":"f.FE1DA32CFDBC8F8C890368A9A93AADEA.d.30701D24633223539B4E6AC0AFE0A22A.e.23051","ELEMENT":"f.FE1DA32CFDBC8F8C890368A9A93AADEA.d.30701D24633223539B4E6AC0AFE0A22A.e.23051"}]}
COMMAND: GET /session/b9718e1e48867b0fba4e39bd9ed4a756/screenshot - {}
RESULT: {}
COMMAND: POST /session/b9718e1e48867b0fba4e39bd9ed4a756/execute/sync - {"script":"<script> [56 bytes]","args":[{"element-6066-11e4-a52e-4f735466cecf":"f.FE1DA32CFDBC8F8C890368A9A93AADEA.d.30701D24633223539B4E6AC0AFE0A22A.e.23051","ELEMENT":"f.FE1DA32CFDBC8F8C890368A9A93AADEA.d.30701D24633223539B4E6AC0AFE0A22A.e.23051"}]}
RESULT: {"script":"<script> [56 bytes]","args":[{"element-6066-11e4-a52e-4f735466cecf":"f.FE1DA32CFDBC8F8C890368A9A93AADEA.d.30701D24633223539B4E6AC0AFE0A22A.e.23051","ELEMENT":"f.FE1DA32CFDBC8F8C890368A9A93AADEA.d.30701D24633223539B4E6AC0AFE0A22A.e.23051"}]}
COMMAND: GET /session/b9718e1e48867b0fba4e39bd9ed4a756/screenshot - {}
RESULT: {}
COMMAND: POST /session/b9718e1e48867b0fba4e39bd9ed4a756/execute/sync - {"script":"<script> [56 bytes]","args":[{"element-6066-11e4-a52e-4f735466cecf":"f.FE1DA32CFDBC8F8C890368A9A93AADEA.d.30701D24633223539B4E6AC0AFE0A22A.e.23051","ELEMENT":"f.FE1DA32CFDBC8F8C890368A9A93AADEA.d.30701D24633223539B4E6AC0AFE0A22A.e.23051"}]}
RESULT: {"script":"<script> [56 bytes]","args":[{"element-6066-11e4-a52e-4f735466cecf":"f.FE1DA32CFDBC8F8C890368A9A93AADEA.d.30701D24633223539B4E6AC0AFE0A22A.e.23051","ELEMENT":"f.FE1DA32CFDBC8F8C890368A9A93AADEA.d.30701D24633223539B4E6AC0AFE0A22A.e.23051"}]}
COMMAND: GET /session/b9718e1e48867b0fba4e39bd9ed4a756/screenshot - {}
RESULT: {}
COMMAND: POST /session/b9718e1e48867b0fba4e39bd9ed4a756/execute/sync - {"script":"<script> [56 bytes]","args":[{"element-6066-11e4-a52e-4f735466cecf":"f.FE1DA32CFDBC8F8C890368A9A93AADEA.d.30701D24633223539B4E6AC0AFE0A22A.e.23051","ELEMENT":"f.FE1DA32CFDBC8F8C890368A9A93AADEA.d.30701D24633223539B4E6AC0AFE0A22A.e.23051"}]}
RESULT: {"script":"<script> [56 bytes]","args":[{"element-6066-11e4-a52e-4f735466cecf":"f.FE1DA32CFDBC8F8C890368A9A93AADEA.d.30701D24633223539B4E6AC0AFE0A22A.e.23051","ELEMENT":"f.FE1DA32CFDBC8F8C890368A9A93AADEA.d.30701D24633223539B4E6AC0AFE0A22A.e.23051"}]}
COMMAND: GET /session/b9718e1e48867b0fba4e39bd9ed4a756/screenshot - {}
RESULT: {}
COMMAND: POST /session/b9718e1e48867b0fba4e39bd9ed4a756/execute/sync - {"script":"<script> [56 bytes]","args":[{"element-6066-11e4-a52e-4f735466cecf":"f.FE1DA32CFDBC8F8C890368A9A93AADEA.d.30701D24633223539B4E6AC0AFE0A22A.e.23051","ELEMENT":"f.FE1DA32CFDBC8F8C890368A9A93AADEA.d.30701D24633223539B4E6AC0AFE0A22A.e.23051"}]}
RESULT: {"script":"<script> [56 bytes]","args":[{"element-6066-11e4-a52e-4f735466cecf":"f.FE1DA32CFDBC8F8C890368A9A93AADEA.d.30701D24633223539B4E6AC0AFE0A22A.e.23051","ELEMENT":"f.FE1DA32CFDBC8F8C890368A9A93AADEA.d.30701D24633223539B4E6AC0AFE0A22A.e.23051"}]}
COMMAND: GET /session/b9718e1e48867b0fba4e39bd9ed4a756/screenshot - {}
COMMAND: POST /session/b9718e1e48867b0fba4e39bd9ed4a756/execute/sync - {"script":"<script> [56 bytes]","args":[{"element-6066-11e4-a52e-4f735466cecf":"f.FE1DA32CFDBC8F8C890368A9A93AADEA.d.30701D24633223539B4E6AC0AFE0A22A.e.23051","ELEMENT":"f.FE1DA32CFDBC8F8C890368A9A93AADEA.d.30701D24633223539B4E6AC0AFE0A22A.e.23051"}]}
RESULT: {}
RESULT: {"script":"<script> [56 bytes]","args":[{"element-6066-11e4-a52e-4f735466cecf":"f.FE1DA32CFDBC8F8C890368A9A93AADEA.d.30701D24633223539B4E6AC0AFE0A22A.e.23051","ELEMENT":"f.FE1DA32CFDBC8F8C890368A9A93AADEA.d.30701D24633223539B4E6AC0AFE0A22A.e.23051"}]}
COMMAND: POST /session/b9718e1e48867b0fba4e39bd9ed4a756/element - {"using":"xpath","value":"//td[@aria-colindex=\"1\"]/div/div[contains(@class, \"sapMCbBg\")]"}
COMMAND: GET /session/b9718e1e48867b0fba4e39bd9ed4a756/screenshot - {}
RESULT: {"using":"xpath","value":"//td[@aria-colindex=\"1\"]/div/div[contains(@class, \"sapMCbBg\")]"}
COMMAND: POST /session/b9718e1e48867b0fba4e39bd9ed4a756/element/f.FE1DA32CFDBC8F8C890368A9A93AADEA.d.30701D24633223539B4E6AC0AFE0A22A.e.23059/click - {}
RESULT: {}
RESULT: {}
COMMAND: GET /session/b9718e1e48867b0fba4e39bd9ed4a756/screenshot - {}
RESULT: {}
COMMAND: POST /session/b9718e1e48867b0fba4e39bd9ed4a756/element - {"using":"xpath","value":"//bdi[text()=\"Transfer\"]"}
RESULT: {"using":"xpath","value":"//bdi[text()=\"Transfer\"]"}
COMMAND: POST /session/b9718e1e48867b0fba4e39bd9ed4a756/element/f.FE1DA32CFDBC8F8C890368A9A93AADEA.d.30701D24633223539B4E6AC0AFE0A22A.e.23060/click - {}
RESULT: {}
COMMAND: GET /session/b9718e1e48867b0fba4e39bd9ed4a756/screenshot - {}
RESULT: {}
COMMAND: POST /session/b9718e1e48867b0fba4e39bd9ed4a756/element - {"using":"xpath","value":"//bdi[contains(text(), \"OK\")]"}
RESULT: {"using":"xpath","value":"//bdi[contains(text(), \"OK\")]"}
COMMAND: POST /session/b9718e1e48867b0fba4e39bd9ed4a756/element/f.FE1DA32CFDBC8F8C890368A9A93AADEA.d.30701D24633223539B4E6AC0AFE0A22A.e.23063/click - {}
RESULT: {}
COMMAND: GET /session/b9718e1e48867b0fba4e39bd9ed4a756/screenshot - {}
RESULT: {}
COMMAND: POST /session/b9718e1e48867b0fba4e39bd9ed4a756/element - {"using":"xpath","value":"(//span[contains(text(), \"Completed\")]/parent::div/preceding-sibling::div/span)[1]"}
RESULT: {"using":"xpath","value":"(//span[contains(text(), \"Completed\")]/parent::div/preceding-sibling::div/span)[1]"}
COMMAND: POST /session/b9718e1e48867b0fba4e39bd9ed4a756/element/f.FE1DA32CFDBC8F8C890368A9A93AADEA.d.30701D24633223539B4E6AC0AFE0A22A.e.23072/click - {}
RESULT: {}
COMMAND: POST /session/b9718e1e48867b0fba4e39bd9ed4a756/element - {"using":"xpath","value":"//input[contains(@id ,\"application-billingtransfer-display-component---billingWorkbench--smartFilterBar-btnBasicSearch\")]"}
COMMAND: GET /session/b9718e1e48867b0fba4e39bd9ed4a756/screenshot - {}
RESULT: {"using":"xpath","value":"//input[contains(@id ,\"application-billingtransfer-display-component---billingWorkbench--smartFilterBar-btnBasicSearch\")]"}
COMMAND: POST /session/b9718e1e48867b0fba4e39bd9ed4a756/elements - {"using":"xpath","value":"//input[contains(@id ,\"application-billingtransfer-display-component---billingWorkbench--smartFilterBar-btnBasicSearch\")]"}
RESULT: {}
RESULT: {"using":"xpath","value":"//input[contains(@id ,\"application-billingtransfer-display-component---billingWorkbench--smartFilterBar-btnBasicSearch\")]"}
COMMAND: POST /session/b9718e1e48867b0fba4e39bd9ed4a756/execute/sync - {"script":"<script> [8489 bytes]","args":[{"element-6066-11e4-a52e-4f735466cecf":"f.FE1DA32CFDBC8F8C890368A9A93AADEA.d.30701D24633223539B4E6AC0AFE0A22A.e.22879","ELEMENT":"f.FE1DA32CFDBC8F8C890368A9A93AADEA.d.30701D24633223539B4E6AC0AFE0A22A.e.22879"}]}
RESULT: {"script":"<script> [8489 bytes]","args":[{"element-6066-11e4-a52e-4f735466cecf":"f.FE1DA32CFDBC8F8C890368A9A93AADEA.d.30701D24633223539B4E6AC0AFE0A22A.e.22879","ELEMENT":"f.FE1DA32CFDBC8F8C890368A9A93AADEA.d.30701D24633223539B4E6AC0AFE0A22A.e.22879"}]}
COMMAND: GET /session/b9718e1e48867b0fba4e39bd9ed4a756/element/f.FE1DA32CFDBC8F8C890368A9A93AADEA.d.30701D24633223539B4E6AC0AFE0A22A.e.22879/enabled - {}
COMMAND: GET /session/b9718e1e48867b0fba4e39bd9ed4a756/screenshot - {}
RESULT: {}
COMMAND: POST /session/b9718e1e48867b0fba4e39bd9ed4a756/element/f.FE1DA32CFDBC8F8C890368A9A93AADEA.d.30701D24633223539B4E6AC0AFE0A22A.e.22879/click - {}
COMMAND: GET /session/b9718e1e48867b0fba4e39bd9ed4a756/screenshot - {}
RESULT: {}
RESULT: {}
COMMAND: GET /session/b9718e1e48867b0fba4e39bd9ed4a756/screenshot - {}
RESULT: {}
RESULT: {}
COMMAND: POST /session/b9718e1e48867b0fba4e39bd9ed4a756/element/f.FE1DA32CFDBC8F8C890368A9A93AADEA.d.30701D24633223539B4E6AC0AFE0A22A.e.22879/clear - {}
RESULT: {}
COMMAND: POST /session/b9718e1e48867b0fba4e39bd9ed4a756/element/f.FE1DA32CFDBC8F8C890368A9A93AADEA.d.30701D24633223539B4E6AC0AFE0A22A.e.22879/value - {"text":"10343"}
COMMAND: GET /session/b9718e1e48867b0fba4e39bd9ed4a756/screenshot - {}
RESULT: {"text":"10343"}
COMMAND: POST /session/b9718e1e48867b0fba4e39bd9ed4a756/actions - {"actions":[{"id":"action87","type":"key","parameters":{},"actions":[{"type":"keyDown","value":"î€‡"},{"type":"pause","duration":10},{"type":"keyUp","value":"î€‡"}]}]}
COMMAND: GET /session/b9718e1e48867b0fba4e39bd9ed4a756/screenshot - {}
RESULT: {}
RESULT: {"actions":[{"id":"action87","type":"key","parameters":{},"actions":[{"type":"keyDown","value":"î€‡"},{"type":"pause","duration":10},{"type":"keyUp","value":"î€‡"}]}]}
COMMAND: GET /session/b9718e1e48867b0fba4e39bd9ed4a756/screenshot - {}
RESULT: {}
RESULT: {}
COMMAND: POST /session/b9718e1e48867b0fba4e39bd9ed4a756/element - {"using":"xpath","value":"//span[contains(@id ,\"application-billingtransfer-display-component---billingWorkbench--smartTableBillingRuns-header-inner\")]"}
RESULT: {"using":"xpath","value":"//span[contains(@id ,\"application-billingtransfer-display-component---billingWorkbench--smartTableBillingRuns-header-inner\")]"}
COMMAND: POST /session/b9718e1e48867b0fba4e39bd9ed4a756/elements - {"using":"xpath","value":"//span[contains(@id ,\"application-billingtransfer-display-component---billingWorkbench--smartTableBillingRuns-header-inner\")]"}
RESULT: {"using":"xpath","value":"//span[contains(@id ,\"application-billingtransfer-display-component---billingWorkbench--smartTableBillingRuns-header-inner\")]"}
COMMAND: POST /session/b9718e1e48867b0fba4e39bd9ed4a756/execute/sync - {"script":"<script> [56 bytes]","args":[{"element-6066-11e4-a52e-4f735466cecf":"f.FE1DA32CFDBC8F8C890368A9A93AADEA.d.30701D24633223539B4E6AC0AFE0A22A.e.23051","ELEMENT":"f.FE1DA32CFDBC8F8C890368A9A93AADEA.d.30701D24633223539B4E6AC0AFE0A22A.e.23051"}]}
RESULT: {"script":"<script> [56 bytes]","args":[{"element-6066-11e4-a52e-4f735466cecf":"f.FE1DA32CFDBC8F8C890368A9A93AADEA.d.30701D24633223539B4E6AC0AFE0A22A.e.23051","ELEMENT":"f.FE1DA32CFDBC8F8C890368A9A93AADEA.d.30701D24633223539B4E6AC0AFE0A22A.e.23051"}]}
COMMAND: GET /session/b9718e1e48867b0fba4e39bd9ed4a756/screenshot - {}
RESULT: {}
COMMAND: POST /session/b9718e1e48867b0fba4e39bd9ed4a756/execute/sync - {"script":"<script> [56 bytes]","args":[{"element-6066-11e4-a52e-4f735466cecf":"f.FE1DA32CFDBC8F8C890368A9A93AADEA.d.30701D24633223539B4E6AC0AFE0A22A.e.23051","ELEMENT":"f.FE1DA32CFDBC8F8C890368A9A93AADEA.d.30701D24633223539B4E6AC0AFE0A22A.e.23051"}]}
RESULT: {"script":"<script> [56 bytes]","args":[{"element-6066-11e4-a52e-4f735466cecf":"f.FE1DA32CFDBC8F8C890368A9A93AADEA.d.30701D24633223539B4E6AC0AFE0A22A.e.23051","ELEMENT":"f.FE1DA32CFDBC8F8C890368A9A93AADEA.d.30701D24633223539B4E6AC0AFE0A22A.e.23051"}]}
COMMAND: GET /session/b9718e1e48867b0fba4e39bd9ed4a756/screenshot - {}
RESULT: {}
COMMAND: POST /session/b9718e1e48867b0fba4e39bd9ed4a756/execute/sync - {"script":"<script> [56 bytes]","args":[{"element-6066-11e4-a52e-4f735466cecf":"f.FE1DA32CFDBC8F8C890368A9A93AADEA.d.30701D24633223539B4E6AC0AFE0A22A.e.23051","ELEMENT":"f.FE1DA32CFDBC8F8C890368A9A93AADEA.d.30701D24633223539B4E6AC0AFE0A22A.e.23051"}]}
RESULT: {"script":"<script> [56 bytes]","args":[{"element-6066-11e4-a52e-4f735466cecf":"f.FE1DA32CFDBC8F8C890368A9A93AADEA.d.30701D24633223539B4E6AC0AFE0A22A.e.23051","ELEMENT":"f.FE1DA32CFDBC8F8C890368A9A93AADEA.d.30701D24633223539B4E6AC0AFE0A22A.e.23051"}]}
COMMAND: GET /session/b9718e1e48867b0fba4e39bd9ed4a756/screenshot - {}
RESULT: {}
COMMAND: POST /session/b9718e1e48867b0fba4e39bd9ed4a756/execute/sync - {"script":"<script> [56 bytes]","args":[{"element-6066-11e4-a52e-4f735466cecf":"f.FE1DA32CFDBC8F8C890368A9A93AADEA.d.30701D24633223539B4E6AC0AFE0A22A.e.23051","ELEMENT":"f.FE1DA32CFDBC8F8C890368A9A93AADEA.d.30701D24633223539B4E6AC0AFE0A22A.e.23051"}]}
RESULT: {"script":"<script> [56 bytes]","args":[{"element-6066-11e4-a52e-4f735466cecf":"f.FE1DA32CFDBC8F8C890368A9A93AADEA.d.30701D24633223539B4E6AC0AFE0A22A.e.23051","ELEMENT":"f.FE1DA32CFDBC8F8C890368A9A93AADEA.d.30701D24633223539B4E6AC0AFE0A22A.e.23051"}]}
COMMAND: GET /session/b9718e1e48867b0fba4e39bd9ed4a756/screenshot - {}
COMMAND: POST /session/b9718e1e48867b0fba4e39bd9ed4a756/execute/sync - {"script":"<script> [56 bytes]","args":[{"element-6066-11e4-a52e-4f735466cecf":"f.FE1DA32CFDBC8F8C890368A9A93AADEA.d.30701D24633223539B4E6AC0AFE0A22A.e.23051","ELEMENT":"f.FE1DA32CFDBC8F8C890368A9A93AADEA.d.30701D24633223539B4E6AC0AFE0A22A.e.23051"}]}
RESULT: {}
RESULT: {"script":"<script> [56 bytes]","args":[{"element-6066-11e4-a52e-4f735466cecf":"f.FE1DA32CFDBC8F8C890368A9A93AADEA.d.30701D24633223539B4E6AC0AFE0A22A.e.23051","ELEMENT":"f.FE1DA32CFDBC8F8C890368A9A93AADEA.d.30701D24633223539B4E6AC0AFE0A22A.e.23051"}]}
COMMAND: POST /session/b9718e1e48867b0fba4e39bd9ed4a756/element - {"using":"css selector","value":"#shell-header-logo"}
COMMAND: GET /session/b9718e1e48867b0fba4e39bd9ed4a756/screenshot - {}
RESULT: {"using":"css selector","value":"#shell-header-logo"}
COMMAND: POST /session/b9718e1e48867b0fba4e39bd9ed4a756/element/f.FE1DA32CFDBC8F8C890368A9A93AADEA.d.30701D24633223539B4E6AC0AFE0A22A.e.22877/click - {}
RESULT: {}
RESULT: {}
COMMAND: GET /session/b9718e1e48867b0fba4e39bd9ed4a756/screenshot - {}
RESULT: {}
]]></system-out>
    </testcase>
    <testcase classname="chrome.136_0_7103_93.windows.Billing_Calculation_-_Time_based_(considering_transport_times)_US139738" name="Should navigate to the contract item check the billed until field value" time="51.055">
      <system-out><![CDATA[
RESULT: undefined
COMMAND: POST /session/b9718e1e48867b0fba4e39bd9ed4a756/element - {"using":"xpath","value":"//*[@id=\"__tile130\"]"}
RESULT: {"using":"xpath","value":"//*[@id=\"__tile130\"]"}
COMMAND: POST /session/b9718e1e48867b0fba4e39bd9ed4a756/element/f.FE1DA32CFDBC8F8C890368A9A93AADEA.d.30701D24633223539B4E6AC0AFE0A22A.e.16192/click - {}
RESULT: {}
COMMAND: GET /session/b9718e1e48867b0fba4e39bd9ed4a756/screenshot - {}
RESULT: {}
COMMAND: POST /session/b9718e1e48867b0fba4e39bd9ed4a756/elements - {"using":"xpath","value":"//span[text()='Error']"}
RESULT: {"using":"xpath","value":"//span[text()='Error']"}
COMMAND: POST /session/b9718e1e48867b0fba4e39bd9ed4a756/element - {"using":"xpath","value":"//button[@data-kt=\"addButton\"]"}
RESULT: {"using":"xpath","value":"//button[@data-kt=\"addButton\"]"}
COMMAND: POST /session/b9718e1e48867b0fba4e39bd9ed4a756/elements - {"using":"xpath","value":"//button[@data-kt=\"addButton\"]"}
RESULT: {"using":"xpath","value":"//button[@data-kt=\"addButton\"]"}
COMMAND: POST /session/b9718e1e48867b0fba4e39bd9ed4a756/execute/sync - {"script":"<script> [8489 bytes]","args":[{"element-6066-11e4-a52e-4f735466cecf":"f.FE1DA32CFDBC8F8C890368A9A93AADEA.d.30701D24633223539B4E6AC0AFE0A22A.e.23135","ELEMENT":"f.FE1DA32CFDBC8F8C890368A9A93AADEA.d.30701D24633223539B4E6AC0AFE0A22A.e.23135"}]}
RESULT: {"script":"<script> [8489 bytes]","args":[{"element-6066-11e4-a52e-4f735466cecf":"f.FE1DA32CFDBC8F8C890368A9A93AADEA.d.30701D24633223539B4E6AC0AFE0A22A.e.23135","ELEMENT":"f.FE1DA32CFDBC8F8C890368A9A93AADEA.d.30701D24633223539B4E6AC0AFE0A22A.e.23135"}]}
COMMAND: GET /session/b9718e1e48867b0fba4e39bd9ed4a756/element/f.FE1DA32CFDBC8F8C890368A9A93AADEA.d.30701D24633223539B4E6AC0AFE0A22A.e.23135/enabled - {}
COMMAND: GET /session/b9718e1e48867b0fba4e39bd9ed4a756/screenshot - {}
RESULT: {}
COMMAND: POST /session/b9718e1e48867b0fba4e39bd9ed4a756/execute/sync - {"script":"<script> [8489 bytes]","args":[{"element-6066-11e4-a52e-4f735466cecf":"f.FE1DA32CFDBC8F8C890368A9A93AADEA.d.30701D24633223539B4E6AC0AFE0A22A.e.23135","ELEMENT":"f.FE1DA32CFDBC8F8C890368A9A93AADEA.d.30701D24633223539B4E6AC0AFE0A22A.e.23135"}]}
COMMAND: GET /session/b9718e1e48867b0fba4e39bd9ed4a756/screenshot - {}
RESULT: {}
RESULT: {"script":"<script> [8489 bytes]","args":[{"element-6066-11e4-a52e-4f735466cecf":"f.FE1DA32CFDBC8F8C890368A9A93AADEA.d.30701D24633223539B4E6AC0AFE0A22A.e.23135","ELEMENT":"f.FE1DA32CFDBC8F8C890368A9A93AADEA.d.30701D24633223539B4E6AC0AFE0A22A.e.23135"}]}
COMMAND: POST /session/b9718e1e48867b0fba4e39bd9ed4a756/execute/sync - {"script":"<script> [5351 bytes]","args":[{"element-6066-11e4-a52e-4f735466cecf":"f.FE1DA32CFDBC8F8C890368A9A93AADEA.d.30701D24633223539B4E6AC0AFE0A22A.e.23135","ELEMENT":"f.FE1DA32CFDBC8F8C890368A9A93AADEA.d.30701D24633223539B4E6AC0AFE0A22A.e.23135"}]}
COMMAND: GET /session/b9718e1e48867b0fba4e39bd9ed4a756/screenshot - {}
RESULT: {}
RESULT: {"script":"<script> [5351 bytes]","args":[{"element-6066-11e4-a52e-4f735466cecf":"f.FE1DA32CFDBC8F8C890368A9A93AADEA.d.30701D24633223539B4E6AC0AFE0A22A.e.23135","ELEMENT":"f.FE1DA32CFDBC8F8C890368A9A93AADEA.d.30701D24633223539B4E6AC0AFE0A22A.e.23135"}]}
COMMAND: POST /session/b9718e1e48867b0fba4e39bd9ed4a756/element - {"using":"xpath","value":"//input[contains(@id ,\"smartContractFilterBar-btnBasicSearch-I\")]"}
COMMAND: GET /session/b9718e1e48867b0fba4e39bd9ed4a756/screenshot - {}
RESULT: {}
RESULT: {"using":"xpath","value":"//input[contains(@id ,\"smartContractFilterBar-btnBasicSearch-I\")]"}
COMMAND: POST /session/b9718e1e48867b0fba4e39bd9ed4a756/elements - {"using":"xpath","value":"//input[contains(@id ,\"smartContractFilterBar-btnBasicSearch-I\")]"}
RESULT: {}
RESULT: {"using":"xpath","value":"//input[contains(@id ,\"smartContractFilterBar-btnBasicSearch-I\")]"}
COMMAND: POST /session/b9718e1e48867b0fba4e39bd9ed4a756/execute/sync - {"script":"<script> [8489 bytes]","args":[{"element-6066-11e4-a52e-4f735466cecf":"f.FE1DA32CFDBC8F8C890368A9A93AADEA.d.30701D24633223539B4E6AC0AFE0A22A.e.23094","ELEMENT":"f.FE1DA32CFDBC8F8C890368A9A93AADEA.d.30701D24633223539B4E6AC0AFE0A22A.e.23094"}]}
RESULT: {"script":"<script> [8489 bytes]","args":[{"element-6066-11e4-a52e-4f735466cecf":"f.FE1DA32CFDBC8F8C890368A9A93AADEA.d.30701D24633223539B4E6AC0AFE0A22A.e.23094","ELEMENT":"f.FE1DA32CFDBC8F8C890368A9A93AADEA.d.30701D24633223539B4E6AC0AFE0A22A.e.23094"}]}
COMMAND: GET /session/b9718e1e48867b0fba4e39bd9ed4a756/element/f.FE1DA32CFDBC8F8C890368A9A93AADEA.d.30701D24633223539B4E6AC0AFE0A22A.e.23094/enabled - {}
COMMAND: GET /session/b9718e1e48867b0fba4e39bd9ed4a756/screenshot - {}
RESULT: {}
COMMAND: POST /session/b9718e1e48867b0fba4e39bd9ed4a756/element/f.FE1DA32CFDBC8F8C890368A9A93AADEA.d.30701D24633223539B4E6AC0AFE0A22A.e.23094/clear - {}
COMMAND: GET /session/b9718e1e48867b0fba4e39bd9ed4a756/screenshot - {}
RESULT: {}
RESULT: {}
COMMAND: POST /session/b9718e1e48867b0fba4e39bd9ed4a756/element/f.FE1DA32CFDBC8F8C890368A9A93AADEA.d.30701D24633223539B4E6AC0AFE0A22A.e.23094/value - {"text":"10343"}
COMMAND: GET /session/b9718e1e48867b0fba4e39bd9ed4a756/screenshot - {}
RESULT: {}
RESULT: {"text":"10343"}
COMMAND: GET /session/b9718e1e48867b0fba4e39bd9ed4a756/screenshot - {}
RESULT: {}
RESULT: {}
COMMAND: POST /session/b9718e1e48867b0fba4e39bd9ed4a756/actions - {"actions":[{"id":"action88","type":"key","parameters":{},"actions":[{"type":"keyDown","value":"î€‡"},{"type":"pause","duration":10},{"type":"keyUp","value":"î€‡"}]}]}
RESULT: {"actions":[{"id":"action88","type":"key","parameters":{},"actions":[{"type":"keyDown","value":"î€‡"},{"type":"pause","duration":10},{"type":"keyUp","value":"î€‡"}]}]}
COMMAND: GET /session/b9718e1e48867b0fba4e39bd9ed4a756/screenshot - {}
RESULT: {}
COMMAND: POST /session/b9718e1e48867b0fba4e39bd9ed4a756/element - {"using":"xpath","value":"//span[contains(@id, \"masterListContractsSmartTable-header-inner\")]"}
RESULT: {"using":"xpath","value":"//span[contains(@id, \"masterListContractsSmartTable-header-inner\")]"}
COMMAND: POST /session/b9718e1e48867b0fba4e39bd9ed4a756/elements - {"using":"xpath","value":"//span[contains(@id, \"masterListContractsSmartTable-header-inner\")]"}
RESULT: {"using":"xpath","value":"//span[contains(@id, \"masterListContractsSmartTable-header-inner\")]"}
COMMAND: POST /session/b9718e1e48867b0fba4e39bd9ed4a756/execute/sync - {"script":"<script> [56 bytes]","args":[{"element-6066-11e4-a52e-4f735466cecf":"f.FE1DA32CFDBC8F8C890368A9A93AADEA.d.30701D24633223539B4E6AC0AFE0A22A.e.23191","ELEMENT":"f.FE1DA32CFDBC8F8C890368A9A93AADEA.d.30701D24633223539B4E6AC0AFE0A22A.e.23191"}]}
RESULT: {"script":"<script> [56 bytes]","args":[{"element-6066-11e4-a52e-4f735466cecf":"f.FE1DA32CFDBC8F8C890368A9A93AADEA.d.30701D24633223539B4E6AC0AFE0A22A.e.23191","ELEMENT":"f.FE1DA32CFDBC8F8C890368A9A93AADEA.d.30701D24633223539B4E6AC0AFE0A22A.e.23191"}]}
COMMAND: POST /session/b9718e1e48867b0fba4e39bd9ed4a756/element - {"using":"xpath","value":"(//span[contains(@id, \"imgNav\")])[1]"}
COMMAND: GET /session/b9718e1e48867b0fba4e39bd9ed4a756/screenshot - {}
RESULT: {"using":"xpath","value":"(//span[contains(@id, \"imgNav\")])[1]"}
COMMAND: POST /session/b9718e1e48867b0fba4e39bd9ed4a756/element/f.FE1DA32CFDBC8F8C890368A9A93AADEA.d.30701D24633223539B4E6AC0AFE0A22A.e.23190/click - {}
RESULT: {}
RESULT: {}
COMMAND: GET /session/b9718e1e48867b0fba4e39bd9ed4a756/screenshot - {}
RESULT: {}
COMMAND: POST /session/b9718e1e48867b0fba4e39bd9ed4a756/element - {"using":"xpath","value":"//tr[@data-kt=\"productsColumnListItem\"]//td//span[contains(@id, \"imgNav\")][1]"}
RESULT: {"using":"xpath","value":"//tr[@data-kt=\"productsColumnListItem\"]//td//span[contains(@id, \"imgNav\")][1]"}
COMMAND: POST /session/b9718e1e48867b0fba4e39bd9ed4a756/element/f.FE1DA32CFDBC8F8C890368A9A93AADEA.d.30701D24633223539B4E6AC0AFE0A22A.e.23359/click - {}
RESULT: {}
COMMAND: GET /session/b9718e1e48867b0fba4e39bd9ed4a756/screenshot - {}
RESULT: {}
COMMAND: POST /session/b9718e1e48867b0fba4e39bd9ed4a756/element - {"using":"xpath","value":"//section[contains(@id, \"application-managecontracts-display-component---BillingItem--ObjectPageLayout-OPHeaderContent\")]/div/div/div/div/div[2]/div/div[2]/span"}
RESULT: {"using":"xpath","value":"//section[contains(@id, \"application-managecontracts-display-component---BillingItem--ObjectPageLayout-OPHeaderContent\")]/div/div/div/div/div[2]/div/div[2]/span"}
COMMAND: POST /session/b9718e1e48867b0fba4e39bd9ed4a756/execute/sync - {"script":"<script> [56 bytes]","args":[{"element-6066-11e4-a52e-4f735466cecf":"f.FE1DA32CFDBC8F8C890368A9A93AADEA.d.30701D24633223539B4E6AC0AFE0A22A.e.23490","ELEMENT":"f.FE1DA32CFDBC8F8C890368A9A93AADEA.d.30701D24633223539B4E6AC0AFE0A22A.e.23490"}]}
RESULT: {"script":"<script> [56 bytes]","args":[{"element-6066-11e4-a52e-4f735466cecf":"f.FE1DA32CFDBC8F8C890368A9A93AADEA.d.30701D24633223539B4E6AC0AFE0A22A.e.23490","ELEMENT":"f.FE1DA32CFDBC8F8C890368A9A93AADEA.d.30701D24633223539B4E6AC0AFE0A22A.e.23490"}]}
COMMAND: POST /session/b9718e1e48867b0fba4e39bd9ed4a756/element - {"using":"xpath","value":"//table[contains(@id, \"application-managecontracts-display-component---BillingItem--billingList-listUl\")]//td//*[contains(text(), \"final billed\")]"}
COMMAND: GET /session/b9718e1e48867b0fba4e39bd9ed4a756/screenshot - {}
RESULT: {"using":"xpath","value":"//table[contains(@id, \"application-managecontracts-display-component---BillingItem--billingList-listUl\")]//td//*[contains(text(), \"final billed\")]"}
COMMAND: POST /session/b9718e1e48867b0fba4e39bd9ed4a756/execute/sync - {"script":"<script> [56 bytes]","args":[{"element-6066-11e4-a52e-4f735466cecf":"f.FE1DA32CFDBC8F8C890368A9A93AADEA.d.30701D24633223539B4E6AC0AFE0A22A.e.23491","ELEMENT":"f.FE1DA32CFDBC8F8C890368A9A93AADEA.d.30701D24633223539B4E6AC0AFE0A22A.e.23491"}]}
RESULT: {}
RESULT: {"script":"<script> [56 bytes]","args":[{"element-6066-11e4-a52e-4f735466cecf":"f.FE1DA32CFDBC8F8C890368A9A93AADEA.d.30701D24633223539B4E6AC0AFE0A22A.e.23491","ELEMENT":"f.FE1DA32CFDBC8F8C890368A9A93AADEA.d.30701D24633223539B4E6AC0AFE0A22A.e.23491"}]}
COMMAND: POST /session/b9718e1e48867b0fba4e39bd9ed4a756/element - {"using":"css selector","value":"#shell-header-logo"}
COMMAND: GET /session/b9718e1e48867b0fba4e39bd9ed4a756/screenshot - {}
RESULT: {"using":"css selector","value":"#shell-header-logo"}
COMMAND: POST /session/b9718e1e48867b0fba4e39bd9ed4a756/element/f.FE1DA32CFDBC8F8C890368A9A93AADEA.d.30701D24633223539B4E6AC0AFE0A22A.e.23085/click - {}
RESULT: {}
RESULT: {}
COMMAND: GET /session/b9718e1e48867b0fba4e39bd9ed4a756/screenshot - {}
RESULT: {}
COMMAND: DELETE /session/b9718e1e48867b0fba4e39bd9ed4a756 - {}
RESULT: {}
]]></system-out>
    </testcase>
  </testsuite>
</testsuites>