<?xml version="1.0" encoding="UTF-8"?>
<testsuites tests="58" failures="31" errors="31" skipped="0">
  <testsuite timestamp="2025-06-04T05:14:44" time="989.168" tests="11" failures="5" errors="5" skipped="0">
    <properties>
      <property name="specId" value="0" />
      <property name="suiteName" value="Billing confirm US117289" />
      <property name="capabilities" value="chrome.136_0_7103_93.windows" />
      <property name="file" value="file:///D:/a/1/s/test/specs/BTS/billing-confirm.spec.js" />
    </properties>
    <testcase classname="chrome.136_0_7103_93.windows.Billing_confirm_US117289" name="Should create a new yard" time="114.872">
      <system-out><![CDATA[
COMMAND: POST /session/85bc92a044d2dfb856863d13adac7a7e/window/fullscreen - {}
RESULT: {}
COMMAND: POST /session/85bc92a044d2dfb856863d13adac7a7e/execute/async - {"script":"<script> [1562 bytes]","args":[{"selector":{"controlType":"sap.m.GenericTile","properties":{"header":"Manage Yards"}},"wdio_ui5_key":"sapm.GenericTile{\"header\":\"Manage Yards\"}"}]}
RESULT: {"script":"<script> [1562 bytes]","args":[{"selector":{"controlType":"sap.m.GenericTile","properties":{"header":"Manage Yards"}},"wdio_ui5_key":"sapm.GenericTile{\"header\":\"Manage Yards\"}"}]}
RESULT: undefined
COMMAND: POST /session/85bc92a044d2dfb856863d13adac7a7e/element - {"using":"xpath","value":"//*[@id=\"__tile41\"]"}
RESULT: {"using":"xpath","value":"//*[@id=\"__tile41\"]"}
COMMAND: POST /session/85bc92a044d2dfb856863d13adac7a7e/element/f.B14EA88AD92014BD4F4EDEC3100164B7.d.E953AF7C8396918ACC9F91B4507FEF90.e.156/click - {}
RESULT: {}
COMMAND: GET /session/85bc92a044d2dfb856863d13adac7a7e/screenshot - {}
RESULT: {}
COMMAND: POST /session/85bc92a044d2dfb856863d13adac7a7e/elements - {"using":"xpath","value":"//span[text()='Error']"}
RESULT: {"using":"xpath","value":"//span[text()='Error']"}
COMMAND: POST /session/85bc92a044d2dfb856863d13adac7a7e/element - {"using":"xpath","value":"//button[@data-kt=\"addNewYardOverflowToolbarButton\"]"}
RESULT: {"using":"xpath","value":"//button[@data-kt=\"addNewYardOverflowToolbarButton\"]"}
COMMAND: POST /session/85bc92a044d2dfb856863d13adac7a7e/elements - {"using":"xpath","value":"//button[@data-kt=\"addNewYardOverflowToolbarButton\"]"}
RESULT: {"using":"xpath","value":"//button[@data-kt=\"addNewYardOverflowToolbarButton\"]"}
COMMAND: POST /session/85bc92a044d2dfb856863d13adac7a7e/execute/sync - {"script":"<script> [8489 bytes]","args":[{"element-6066-11e4-a52e-4f735466cecf":"f.B14EA88AD92014BD4F4EDEC3100164B7.d.E953AF7C8396918ACC9F91B4507FEF90.e.284","ELEMENT":"f.B14EA88AD92014BD4F4EDEC3100164B7.d.E953AF7C8396918ACC9F91B4507FEF90.e.284"}]}
RESULT: {"script":"<script> [8489 bytes]","args":[{"element-6066-11e4-a52e-4f735466cecf":"f.B14EA88AD92014BD4F4EDEC3100164B7.d.E953AF7C8396918ACC9F91B4507FEF90.e.284","ELEMENT":"f.B14EA88AD92014BD4F4EDEC3100164B7.d.E953AF7C8396918ACC9F91B4507FEF90.e.284"}]}
COMMAND: GET /session/85bc92a044d2dfb856863d13adac7a7e/element/f.B14EA88AD92014BD4F4EDEC3100164B7.d.E953AF7C8396918ACC9F91B4507FEF90.e.284/enabled - {}
COMMAND: GET /session/85bc92a044d2dfb856863d13adac7a7e/screenshot - {}
RESULT: {}
COMMAND: POST /session/85bc92a044d2dfb856863d13adac7a7e/execute/sync - {"script":"<script> [8489 bytes]","args":[{"element-6066-11e4-a52e-4f735466cecf":"f.B14EA88AD92014BD4F4EDEC3100164B7.d.E953AF7C8396918ACC9F91B4507FEF90.e.284","ELEMENT":"f.B14EA88AD92014BD4F4EDEC3100164B7.d.E953AF7C8396918ACC9F91B4507FEF90.e.284"}]}
COMMAND: GET /session/85bc92a044d2dfb856863d13adac7a7e/screenshot - {}
RESULT: {}
RESULT: {"script":"<script> [8489 bytes]","args":[{"element-6066-11e4-a52e-4f735466cecf":"f.B14EA88AD92014BD4F4EDEC3100164B7.d.E953AF7C8396918ACC9F91B4507FEF90.e.284","ELEMENT":"f.B14EA88AD92014BD4F4EDEC3100164B7.d.E953AF7C8396918ACC9F91B4507FEF90.e.284"}]}
COMMAND: POST /session/85bc92a044d2dfb856863d13adac7a7e/execute/sync - {"script":"<script> [5351 bytes]","args":[{"element-6066-11e4-a52e-4f735466cecf":"f.B14EA88AD92014BD4F4EDEC3100164B7.d.E953AF7C8396918ACC9F91B4507FEF90.e.284","ELEMENT":"f.B14EA88AD92014BD4F4EDEC3100164B7.d.E953AF7C8396918ACC9F91B4507FEF90.e.284"}]}
COMMAND: GET /session/85bc92a044d2dfb856863d13adac7a7e/screenshot - {}
RESULT: {}
RESULT: {"script":"<script> [5351 bytes]","args":[{"element-6066-11e4-a52e-4f735466cecf":"f.B14EA88AD92014BD4F4EDEC3100164B7.d.E953AF7C8396918ACC9F91B4507FEF90.e.284","ELEMENT":"f.B14EA88AD92014BD4F4EDEC3100164B7.d.E953AF7C8396918ACC9F91B4507FEF90.e.284"}]}
COMMAND: POST /session/85bc92a044d2dfb856863d13adac7a7e/element/f.B14EA88AD92014BD4F4EDEC3100164B7.d.E953AF7C8396918ACC9F91B4507FEF90.e.284/click - {}
COMMAND: GET /session/85bc92a044d2dfb856863d13adac7a7e/screenshot - {}
RESULT: {}
RESULT: {}
COMMAND: GET /session/85bc92a044d2dfb856863d13adac7a7e/screenshot - {}
COMMAND: POST /session/85bc92a044d2dfb856863d13adac7a7e/element - {"using":"xpath","value":"//input[@id=\"application-manageyards-display-component---NewYard--yardId-inner\"]"}
RESULT: {}
RESULT: {}
RESULT: {"using":"xpath","value":"//input[@id=\"application-manageyards-display-component---NewYard--yardId-inner\"]"}
COMMAND: POST /session/85bc92a044d2dfb856863d13adac7a7e/element - {"using":"xpath","value":"//input[@id=\"application-manageyards-display-component---NewYard--yardId-inner\"]"}
RESULT: {"using":"xpath","value":"//input[@id=\"application-manageyards-display-component---NewYard--yardId-inner\"]"}
COMMAND: POST /session/85bc92a044d2dfb856863d13adac7a7e/execute/async - {"script":"<script> [1562 bytes]","args":[{"selector":{"id":"application-manageyards-display-component---NewYard--addressDetailDetailsName1","interaction":{"idSuffix":"inner"}},"wdio_ui5_key":"applicationmanageyards-display-component---NewYard--addressDetailDetailsName1"}]}
RESULT: {"script":"<script> [1562 bytes]","args":[{"selector":{"id":"application-manageyards-display-component---NewYard--addressDetailDetailsName1","interaction":{"idSuffix":"inner"}},"wdio_ui5_key":"applicationmanageyards-display-component---NewYard--addressDetailDetailsName1"}]}
RESULT: undefined
COMMAND: POST /session/85bc92a044d2dfb856863d13adac7a7e/execute/async - {"script":"<script> [776 bytes]","args":[{"enterText":"Intracompany Yard wdIO","selector":{"id":"application-manageyards-display-component---NewYard--addressDetailDetailsName1","interaction":{"idSuffix":"inner"}},"clearTextFirst":true,"interactionType":"ENTER_TEXT"}]}
RESULT: {"script":"<script> [776 bytes]","args":[{"enterText":"Intracompany Yard wdIO","selector":{"id":"application-manageyards-display-component---NewYard--addressDetailDetailsName1","interaction":{"idSuffix":"inner"}},"clearTextFirst":true,"interactionType":"ENTER_TEXT"}]}
COMMAND: POST /session/85bc92a044d2dfb856863d13adac7a7e/execute/async - {"script":"<script> [1562 bytes]","args":[{"selector":{"id":"application-manageyards-display-component---NewYard--addressDetailDetailsLanguage-arrow"},"wdio_ui5_key":"applicationmanageyards-display-component---NewYard--addressDetailDetailsLanguage-arrow"}]}
RESULT: {"script":"<script> [1562 bytes]","args":[{"selector":{"id":"application-manageyards-display-component---NewYard--addressDetailDetailsLanguage-arrow"},"wdio_ui5_key":"applicationmanageyards-display-component---NewYard--addressDetailDetailsLanguage-arrow"}]}
RESULT: undefined
COMMAND: POST /session/85bc92a044d2dfb856863d13adac7a7e/element - {"using":"xpath","value":"//*[@id=\"application-manageyards-display-component---NewYard--addressDetailDetailsLanguage-arrow\"]"}
RESULT: {"using":"xpath","value":"//*[@id=\"application-manageyards-display-component---NewYard--addressDetailDetailsLanguage-arrow\"]"}
COMMAND: POST /session/85bc92a044d2dfb856863d13adac7a7e/element/f.B14EA88AD92014BD4F4EDEC3100164B7.d.E953AF7C8396918ACC9F91B4507FEF90.e.724/click - {}
RESULT: {}
COMMAND: POST /session/85bc92a044d2dfb856863d13adac7a7e/element - {"using":"xpath","value":"//span[contains(text(), \"English\")]"}
COMMAND: GET /session/85bc92a044d2dfb856863d13adac7a7e/screenshot - {}
RESULT: {"using":"xpath","value":"//span[contains(text(), \"English\")]"}
COMMAND: POST /session/85bc92a044d2dfb856863d13adac7a7e/element/f.B14EA88AD92014BD4F4EDEC3100164B7.d.E953AF7C8396918ACC9F91B4507FEF90.e.725/click - {}
RESULT: {}
RESULT: {}
COMMAND: POST /session/85bc92a044d2dfb856863d13adac7a7e/execute/async - {"script":"<script> [1562 bytes]","args":[{"selector":{"id":"application-manageyards-display-component---NewYard--addressDetailDetailsCity1","interaction":{"idSuffix":"inner"}},"wdio_ui5_key":"applicationmanageyards-display-component---NewYard--addressDetailDetailsCity1"}]}
COMMAND: GET /session/85bc92a044d2dfb856863d13adac7a7e/screenshot - {}
RESULT: {"script":"<script> [1562 bytes]","args":[{"selector":{"id":"application-manageyards-display-component---NewYard--addressDetailDetailsCity1","interaction":{"idSuffix":"inner"}},"wdio_ui5_key":"applicationmanageyards-display-component---NewYard--addressDetailDetailsCity1"}]}
RESULT: undefined
COMMAND: POST /session/85bc92a044d2dfb856863d13adac7a7e/execute/async - {"script":"<script> [776 bytes]","args":[{"enterText":"Rosario","selector":{"id":"application-manageyards-display-component---NewYard--addressDetailDetailsCity1","interaction":{"idSuffix":"inner"}},"clearTextFirst":true,"interactionType":"ENTER_TEXT"}]}
RESULT: {}
RESULT: {"script":"<script> [776 bytes]","args":[{"enterText":"Rosario","selector":{"id":"application-manageyards-display-component---NewYard--addressDetailDetailsCity1","interaction":{"idSuffix":"inner"}},"clearTextFirst":true,"interactionType":"ENTER_TEXT"}]}
COMMAND: POST /session/85bc92a044d2dfb856863d13adac7a7e/execute/async - {"script":"<script> [1562 bytes]","args":[{"selector":{"id":"application-manageyards-display-component---NewYard--addressDetailDetailsCountry-arrow"},"wdio_ui5_key":"applicationmanageyards-display-component---NewYard--addressDetailDetailsCountry-arrow"}]}
RESULT: {"script":"<script> [1562 bytes]","args":[{"selector":{"id":"application-manageyards-display-component---NewYard--addressDetailDetailsCountry-arrow"},"wdio_ui5_key":"applicationmanageyards-display-component---NewYard--addressDetailDetailsCountry-arrow"}]}
RESULT: undefined
COMMAND: POST /session/85bc92a044d2dfb856863d13adac7a7e/element - {"using":"xpath","value":"//*[@id=\"application-manageyards-display-component---NewYard--addressDetailDetailsCountry-arrow\"]"}
RESULT: {"using":"xpath","value":"//*[@id=\"application-manageyards-display-component---NewYard--addressDetailDetailsCountry-arrow\"]"}
COMMAND: POST /session/85bc92a044d2dfb856863d13adac7a7e/element/f.B14EA88AD92014BD4F4EDEC3100164B7.d.E953AF7C8396918ACC9F91B4507FEF90.e.727/click - {}
RESULT: {}
COMMAND: POST /session/85bc92a044d2dfb856863d13adac7a7e/element - {"using":"xpath","value":"//span[contains(text(), \"Argentina\")]"}
COMMAND: GET /session/85bc92a044d2dfb856863d13adac7a7e/screenshot - {}
RESULT: {"using":"xpath","value":"//span[contains(text(), \"Argentina\")]"}
COMMAND: POST /session/85bc92a044d2dfb856863d13adac7a7e/element/f.B14EA88AD92014BD4F4EDEC3100164B7.d.E953AF7C8396918ACC9F91B4507FEF90.e.728/click - {}
RESULT: {}
RESULT: {}
COMMAND: POST /session/85bc92a044d2dfb856863d13adac7a7e/execute/async - {"script":"<script> [1562 bytes]","args":[{"selector":{"id":"application-manageyards-display-component---NewYard--addressEditDetailsCostObjectCstType-arrow"},"wdio_ui5_key":"applicationmanageyards-display-component---NewYard--addressEditDetailsCostObjectCstType-arrow"}]}
COMMAND: GET /session/85bc92a044d2dfb856863d13adac7a7e/screenshot - {}
RESULT: {"script":"<script> [1562 bytes]","args":[{"selector":{"id":"application-manageyards-display-component---NewYard--addressEditDetailsCostObjectCstType-arrow"},"wdio_ui5_key":"applicationmanageyards-display-component---NewYard--addressEditDetailsCostObjectCstType-arrow"}]}
RESULT: undefined
COMMAND: POST /session/85bc92a044d2dfb856863d13adac7a7e/element - {"using":"xpath","value":"//*[@id=\"application-manageyards-display-component---NewYard--addressEditDetailsCostObjectCstType-arrow\"]"}
RESULT: {}
RESULT: {"using":"xpath","value":"//*[@id=\"application-manageyards-display-component---NewYard--addressEditDetailsCostObjectCstType-arrow\"]"}
COMMAND: POST /session/85bc92a044d2dfb856863d13adac7a7e/element/f.B14EA88AD92014BD4F4EDEC3100164B7.d.E953AF7C8396918ACC9F91B4507FEF90.e.730/click - {}
RESULT: {}
COMMAND: POST /session/85bc92a044d2dfb856863d13adac7a7e/element - {"using":"xpath","value":"//span[contains(text(), \"Cost Center\")]"}
COMMAND: GET /session/85bc92a044d2dfb856863d13adac7a7e/screenshot - {}
RESULT: {"using":"xpath","value":"//span[contains(text(), \"Cost Center\")]"}
COMMAND: POST /session/85bc92a044d2dfb856863d13adac7a7e/element/f.B14EA88AD92014BD4F4EDEC3100164B7.d.E953AF7C8396918ACC9F91B4507FEF90.e.731/click - {}
RESULT: {}
RESULT: {}
COMMAND: GET /session/85bc92a044d2dfb856863d13adac7a7e/screenshot - {}
RESULT: {}
COMMAND: POST /session/85bc92a044d2dfb856863d13adac7a7e/element - {"using":"xpath","value":"//span[@id=\"application-manageyards-display-component---NewYard--addressNewCostObjectCstID-vhi\"]"}
RESULT: {"using":"xpath","value":"//span[@id=\"application-manageyards-display-component---NewYard--addressNewCostObjectCstID-vhi\"]"}
COMMAND: POST /session/85bc92a044d2dfb856863d13adac7a7e/execute/sync - {"script":"<script> [8489 bytes]","args":[{"element-6066-11e4-a52e-4f735466cecf":"f.B14EA88AD92014BD4F4EDEC3100164B7.d.E953AF7C8396918ACC9F91B4507FEF90.e.735","ELEMENT":"f.B14EA88AD92014BD4F4EDEC3100164B7.d.E953AF7C8396918ACC9F91B4507FEF90.e.735"}]}
RESULT: {"script":"<script> [8489 bytes]","args":[{"element-6066-11e4-a52e-4f735466cecf":"f.B14EA88AD92014BD4F4EDEC3100164B7.d.E953AF7C8396918ACC9F91B4507FEF90.e.735","ELEMENT":"f.B14EA88AD92014BD4F4EDEC3100164B7.d.E953AF7C8396918ACC9F91B4507FEF90.e.735"}]}
COMMAND: POST /session/85bc92a044d2dfb856863d13adac7a7e/execute/async - {"script":"<script> [1562 bytes]","args":[{"selector":{"id":"application-manageyards-display-component---NewYard--addressNewCostObjectCstID-vhi"},"wdio_ui5_key":"applicationmanageyards-display-component---NewYard--addressNewCostObjectCstID-vhi"}]}
COMMAND: GET /session/85bc92a044d2dfb856863d13adac7a7e/screenshot - {}
RESULT: {"script":"<script> [1562 bytes]","args":[{"selector":{"id":"application-manageyards-display-component---NewYard--addressNewCostObjectCstID-vhi"},"wdio_ui5_key":"applicationmanageyards-display-component---NewYard--addressNewCostObjectCstID-vhi"}]}
RESULT: undefined
COMMAND: POST /session/85bc92a044d2dfb856863d13adac7a7e/element - {"using":"xpath","value":"//*[@id=\"application-manageyards-display-component---NewYard--addressNewCostObjectCstID-vhi\"]"}
RESULT: {}
RESULT: {"using":"xpath","value":"//*[@id=\"application-manageyards-display-component---NewYard--addressNewCostObjectCstID-vhi\"]"}
COMMAND: POST /session/85bc92a044d2dfb856863d13adac7a7e/element/f.B14EA88AD92014BD4F4EDEC3100164B7.d.E953AF7C8396918ACC9F91B4507FEF90.e.735/click - {}
RESULT: {}
COMMAND: GET /session/85bc92a044d2dfb856863d13adac7a7e/screenshot - {}
RESULT: {}
COMMAND: POST /session/85bc92a044d2dfb856863d13adac7a7e/execute/async - {"script":"<script> [1562 bytes]","args":[{"selector":{"controlType":"sap.m.SearchField","properties":{"placeholder":"Search"},"searchOpenDialogs":true,"interaction":{"idSuffix":"I"}},"wdio_ui5_key":"sapm.SearchField{\"placeholder\":\"Search\"}"}]}
RESULT: {"script":"<script> [1562 bytes]","args":[{"selector":{"controlType":"sap.m.SearchField","properties":{"placeholder":"Search"},"searchOpenDialogs":true,"interaction":{"idSuffix":"I"}},"wdio_ui5_key":"sapm.SearchField{\"placeholder\":\"Search\"}"}]}
RESULT: undefined
COMMAND: POST /session/85bc92a044d2dfb856863d13adac7a7e/execute/async - {"script":"<script> [776 bytes]","args":[{"enterText":"bauh_b","selector":{"controlType":"sap.m.SearchField","properties":{"placeholder":"Search"},"searchOpenDialogs":true,"interaction":{"idSuffix":"I"}},"clearTextFirst":true,"interactionType":"ENTER_TEXT"}]}
RESULT: {"script":"<script> [776 bytes]","args":[{"enterText":"bauh_b","selector":{"controlType":"sap.m.SearchField","properties":{"placeholder":"Search"},"searchOpenDialogs":true,"interaction":{"idSuffix":"I"}},"clearTextFirst":true,"interactionType":"ENTER_TEXT"}]}
COMMAND: POST /session/85bc92a044d2dfb856863d13adac7a7e/actions - {"actions":[{"id":"action1","type":"key","parameters":{},"actions":[{"type":"keyDown","value":"î€‡"},{"type":"pause","duration":10},{"type":"keyUp","value":"î€‡"}]}]}
RESULT: {"actions":[{"id":"action1","type":"key","parameters":{},"actions":[{"type":"keyDown","value":"î€‡"},{"type":"pause","duration":10},{"type":"keyUp","value":"î€‡"}]}]}
COMMAND: GET /session/85bc92a044d2dfb856863d13adac7a7e/screenshot - {}
RESULT: {}
COMMAND: POST /session/85bc92a044d2dfb856863d13adac7a7e/element - {"using":"xpath","value":"//span[contains(text(), \"Demo Yard\")]"}
RESULT: {"using":"xpath","value":"//span[contains(text(), \"Demo Yard\")]"}
COMMAND: POST /session/85bc92a044d2dfb856863d13adac7a7e/element/f.B14EA88AD92014BD4F4EDEC3100164B7.d.E953AF7C8396918ACC9F91B4507FEF90.e.777/click - {}
RESULT: {}
COMMAND: GET /session/85bc92a044d2dfb856863d13adac7a7e/screenshot - {}
RESULT: {}
COMMAND: POST /session/85bc92a044d2dfb856863d13adac7a7e/element - {"using":"xpath","value":"//bdi[contains(text(), \"OK\")]"}
RESULT: {"using":"xpath","value":"//bdi[contains(text(), \"OK\")]"}
COMMAND: POST /session/85bc92a044d2dfb856863d13adac7a7e/element/f.B14EA88AD92014BD4F4EDEC3100164B7.d.E953AF7C8396918ACC9F91B4507FEF90.e.778/click - {}
RESULT: {}
COMMAND: GET /session/85bc92a044d2dfb856863d13adac7a7e/screenshot - {}
RESULT: {}
COMMAND: POST /session/85bc92a044d2dfb856863d13adac7a7e/execute/async - {"script":"<script> [1562 bytes]","args":[{"selector":{"id":"application-manageyards-display-component---NewYard--addressEditDetailsCurrency-arrow"},"wdio_ui5_key":"applicationmanageyards-display-component---NewYard--addressEditDetailsCurrency-arrow"}]}
RESULT: {"script":"<script> [1562 bytes]","args":[{"selector":{"id":"application-manageyards-display-component---NewYard--addressEditDetailsCurrency-arrow"},"wdio_ui5_key":"applicationmanageyards-display-component---NewYard--addressEditDetailsCurrency-arrow"}]}
RESULT: undefined
COMMAND: POST /session/85bc92a044d2dfb856863d13adac7a7e/element - {"using":"xpath","value":"//*[@id=\"application-manageyards-display-component---NewYard--addressEditDetailsCurrency-arrow\"]"}
RESULT: {"using":"xpath","value":"//*[@id=\"application-manageyards-display-component---NewYard--addressEditDetailsCurrency-arrow\"]"}
COMMAND: POST /session/85bc92a044d2dfb856863d13adac7a7e/element/f.B14EA88AD92014BD4F4EDEC3100164B7.d.E953AF7C8396918ACC9F91B4507FEF90.e.781/click - {}
RESULT: {}
COMMAND: POST /session/85bc92a044d2dfb856863d13adac7a7e/element - {"using":"xpath","value":"//span[contains(text(), \"Euro\")]"}
COMMAND: GET /session/85bc92a044d2dfb856863d13adac7a7e/screenshot - {}
RESULT: {"using":"xpath","value":"//span[contains(text(), \"Euro\")]"}
COMMAND: POST /session/85bc92a044d2dfb856863d13adac7a7e/element/f.B14EA88AD92014BD4F4EDEC3100164B7.d.E953AF7C8396918ACC9F91B4507FEF90.e.782/click - {}
RESULT: {}
RESULT: {}
COMMAND: POST /session/85bc92a044d2dfb856863d13adac7a7e/execute/async - {"script":"<script> [1562 bytes]","args":[{"selector":{"controlType":"sap.m.Input","viewName":"etm.portal.ui.manageyards.view.New","viewId":"application-manageyards-display-component---NewYard","bindingPath":{"path":"","propertyPath":"/CONTROLLING_AREA","modelName":"NewYardModel"},"interaction":{"idSuffix":"inner"}},"wdio_ui5_key":"etmportal.ui.manageyards.view.Newsap.m.Input{\"path\":\"\",\"propertyPath\":\"/CONTROLLING_AREA\",\"modelName\":\"NewYardModel\"}"}]}
COMMAND: GET /session/85bc92a044d2dfb856863d13adac7a7e/screenshot - {}
RESULT: {"script":"<script> [1562 bytes]","args":[{"selector":{"controlType":"sap.m.Input","viewName":"etm.portal.ui.manageyards.view.New","viewId":"application-manageyards-display-component---NewYard","bindingPath":{"path":"","propertyPath":"/CONTROLLING_AREA","modelName":"NewYardModel"},"interaction":{"idSuffix":"inner"}},"wdio_ui5_key":"etmportal.ui.manageyards.view.Newsap.m.Input{\"path\":\"\",\"propertyPath\":\"/CONTROLLING_AREA\",\"modelName\":\"NewYardModel\"}"}]}
RESULT: undefined
COMMAND: POST /session/85bc92a044d2dfb856863d13adac7a7e/execute/async - {"script":"<script> [776 bytes]","args":[{"enterText":"Z001","selector":{"controlType":"sap.m.Input","viewName":"etm.portal.ui.manageyards.view.New","viewId":"application-manageyards-display-component---NewYard","bindingPath":{"path":"","propertyPath":"/CONTROLLING_AREA","modelName":"NewYardModel"},"interaction":{"idSuffix":"inner"}},"clearTextFirst":true,"interactionType":"ENTER_TEXT"}]}
RESULT: {}
RESULT: {"script":"<script> [776 bytes]","args":[{"enterText":"Z001","selector":{"controlType":"sap.m.Input","viewName":"etm.portal.ui.manageyards.view.New","viewId":"application-manageyards-display-component---NewYard","bindingPath":{"path":"","propertyPath":"/CONTROLLING_AREA","modelName":"NewYardModel"},"interaction":{"idSuffix":"inner"}},"clearTextFirst":true,"interactionType":"ENTER_TEXT"}]}
COMMAND: POST /session/85bc92a044d2dfb856863d13adac7a7e/execute/async - {"script":"<script> [1562 bytes]","args":[{"selector":{"id":"application-manageyards-display-component---NewYard--companyCodeComboBox","interaction":{"idSuffix":"inner"}},"wdio_ui5_key":"applicationmanageyards-display-component---NewYard--companyCodeComboBox"}]}
RESULT: {"script":"<script> [1562 bytes]","args":[{"selector":{"id":"application-manageyards-display-component---NewYard--companyCodeComboBox","interaction":{"idSuffix":"inner"}},"wdio_ui5_key":"applicationmanageyards-display-component---NewYard--companyCodeComboBox"}]}
RESULT: undefined
COMMAND: POST /session/85bc92a044d2dfb856863d13adac7a7e/execute/async - {"script":"<script> [776 bytes]","args":[{"enterText":"1000","selector":{"id":"application-manageyards-display-component---NewYard--companyCodeComboBox","interaction":{"idSuffix":"inner"}},"clearTextFirst":true,"interactionType":"ENTER_TEXT"}]}
RESULT: {"script":"<script> [776 bytes]","args":[{"enterText":"1000","selector":{"id":"application-manageyards-display-component---NewYard--companyCodeComboBox","interaction":{"idSuffix":"inner"}},"clearTextFirst":true,"interactionType":"ENTER_TEXT"}]}
COMMAND: POST /session/85bc92a044d2dfb856863d13adac7a7e/execute/async - {"script":"<script> [1562 bytes]","args":[{"selector":{"controlType":"sap.m.Input","viewName":"etm.portal.ui.manageyards.view.New","viewId":"application-manageyards-display-component---NewYard","bindingPath":{"path":"","propertyPath":"/PLANT","modelName":"NewYardModel"},"interaction":{"idSuffix":"inner"}},"wdio_ui5_key":"etmportal.ui.manageyards.view.Newsap.m.Input{\"path\":\"\",\"propertyPath\":\"/PLANT\",\"modelName\":\"NewYardModel\"}"}]}
RESULT: {"script":"<script> [1562 bytes]","args":[{"selector":{"controlType":"sap.m.Input","viewName":"etm.portal.ui.manageyards.view.New","viewId":"application-manageyards-display-component---NewYard","bindingPath":{"path":"","propertyPath":"/PLANT","modelName":"NewYardModel"},"interaction":{"idSuffix":"inner"}},"wdio_ui5_key":"etmportal.ui.manageyards.view.Newsap.m.Input{\"path\":\"\",\"propertyPath\":\"/PLANT\",\"modelName\":\"NewYardModel\"}"}]}
RESULT: undefined
COMMAND: POST /session/85bc92a044d2dfb856863d13adac7a7e/execute/async - {"script":"<script> [776 bytes]","args":[{"enterText":"1001","selector":{"controlType":"sap.m.Input","viewName":"etm.portal.ui.manageyards.view.New","viewId":"application-manageyards-display-component---NewYard","bindingPath":{"path":"","propertyPath":"/PLANT","modelName":"NewYardModel"},"interaction":{"idSuffix":"inner"}},"clearTextFirst":true,"interactionType":"ENTER_TEXT"}]}
RESULT: {"script":"<script> [776 bytes]","args":[{"enterText":"1001","selector":{"controlType":"sap.m.Input","viewName":"etm.portal.ui.manageyards.view.New","viewId":"application-manageyards-display-component---NewYard","bindingPath":{"path":"","propertyPath":"/PLANT","modelName":"NewYardModel"},"interaction":{"idSuffix":"inner"}},"clearTextFirst":true,"interactionType":"ENTER_TEXT"}]}
COMMAND: POST /session/85bc92a044d2dfb856863d13adac7a7e/execute/async - {"script":"<script> [1562 bytes]","args":[{"selector":{"controlType":"sap.m.Input","viewName":"etm.portal.ui.manageyards.view.New","viewId":"application-manageyards-display-component---NewYard","bindingPath":{"path":"","propertyPath":"/SALES_AREA_VKORG","modelName":"NewYardModel"},"interaction":{"idSuffix":"inner"}},"wdio_ui5_key":"etmportal.ui.manageyards.view.Newsap.m.Input{\"path\":\"\",\"propertyPath\":\"/SALES_AREA_VKORG\",\"modelName\":\"NewYardModel\"}"}]}
RESULT: {"script":"<script> [1562 bytes]","args":[{"selector":{"controlType":"sap.m.Input","viewName":"etm.portal.ui.manageyards.view.New","viewId":"application-manageyards-display-component---NewYard","bindingPath":{"path":"","propertyPath":"/SALES_AREA_VKORG","modelName":"NewYardModel"},"interaction":{"idSuffix":"inner"}},"wdio_ui5_key":"etmportal.ui.manageyards.view.Newsap.m.Input{\"path\":\"\",\"propertyPath\":\"/SALES_AREA_VKORG\",\"modelName\":\"NewYardModel\"}"}]}
RESULT: undefined
COMMAND: POST /session/85bc92a044d2dfb856863d13adac7a7e/execute/async - {"script":"<script> [776 bytes]","args":[{"enterText":"C002","selector":{"controlType":"sap.m.Input","viewName":"etm.portal.ui.manageyards.view.New","viewId":"application-manageyards-display-component---NewYard","bindingPath":{"path":"","propertyPath":"/SALES_AREA_VKORG","modelName":"NewYardModel"},"interaction":{"idSuffix":"inner"}},"clearTextFirst":true,"interactionType":"ENTER_TEXT"}]}
RESULT: {"script":"<script> [776 bytes]","args":[{"enterText":"C002","selector":{"controlType":"sap.m.Input","viewName":"etm.portal.ui.manageyards.view.New","viewId":"application-manageyards-display-component---NewYard","bindingPath":{"path":"","propertyPath":"/SALES_AREA_VKORG","modelName":"NewYardModel"},"interaction":{"idSuffix":"inner"}},"clearTextFirst":true,"interactionType":"ENTER_TEXT"}]}
COMMAND: POST /session/85bc92a044d2dfb856863d13adac7a7e/execute/async - {"script":"<script> [1562 bytes]","args":[{"selector":{"controlType":"sap.m.Input","viewName":"etm.portal.ui.manageyards.view.New","viewId":"application-manageyards-display-component---NewYard","bindingPath":{"path":"","propertyPath":"/SALES_AREA_VTWEG","modelName":"NewYardModel"},"interaction":{"idSuffix":"inner"}},"wdio_ui5_key":"etmportal.ui.manageyards.view.Newsap.m.Input{\"path\":\"\",\"propertyPath\":\"/SALES_AREA_VTWEG\",\"modelName\":\"NewYardModel\"}"}]}
RESULT: {"script":"<script> [1562 bytes]","args":[{"selector":{"controlType":"sap.m.Input","viewName":"etm.portal.ui.manageyards.view.New","viewId":"application-manageyards-display-component---NewYard","bindingPath":{"path":"","propertyPath":"/SALES_AREA_VTWEG","modelName":"NewYardModel"},"interaction":{"idSuffix":"inner"}},"wdio_ui5_key":"etmportal.ui.manageyards.view.Newsap.m.Input{\"path\":\"\",\"propertyPath\":\"/SALES_AREA_VTWEG\",\"modelName\":\"NewYardModel\"}"}]}
RESULT: undefined
COMMAND: POST /session/85bc92a044d2dfb856863d13adac7a7e/execute/async - {"script":"<script> [776 bytes]","args":[{"enterText":"C2","selector":{"controlType":"sap.m.Input","viewName":"etm.portal.ui.manageyards.view.New","viewId":"application-manageyards-display-component---NewYard","bindingPath":{"path":"","propertyPath":"/SALES_AREA_VTWEG","modelName":"NewYardModel"},"interaction":{"idSuffix":"inner"}},"clearTextFirst":true,"interactionType":"ENTER_TEXT"}]}
RESULT: {"script":"<script> [776 bytes]","args":[{"enterText":"C2","selector":{"controlType":"sap.m.Input","viewName":"etm.portal.ui.manageyards.view.New","viewId":"application-manageyards-display-component---NewYard","bindingPath":{"path":"","propertyPath":"/SALES_AREA_VTWEG","modelName":"NewYardModel"},"interaction":{"idSuffix":"inner"}},"clearTextFirst":true,"interactionType":"ENTER_TEXT"}]}
COMMAND: POST /session/85bc92a044d2dfb856863d13adac7a7e/execute/async - {"script":"<script> [1562 bytes]","args":[{"selector":{"controlType":"sap.m.Input","viewName":"etm.portal.ui.manageyards.view.New","viewId":"application-manageyards-display-component---NewYard","bindingPath":{"path":"","propertyPath":"/SALES_AREA_SPART","modelName":"NewYardModel"},"interaction":{"idSuffix":"inner"}},"wdio_ui5_key":"etmportal.ui.manageyards.view.Newsap.m.Input{\"path\":\"\",\"propertyPath\":\"/SALES_AREA_SPART\",\"modelName\":\"NewYardModel\"}"}]}
RESULT: {"script":"<script> [1562 bytes]","args":[{"selector":{"controlType":"sap.m.Input","viewName":"etm.portal.ui.manageyards.view.New","viewId":"application-manageyards-display-component---NewYard","bindingPath":{"path":"","propertyPath":"/SALES_AREA_SPART","modelName":"NewYardModel"},"interaction":{"idSuffix":"inner"}},"wdio_ui5_key":"etmportal.ui.manageyards.view.Newsap.m.Input{\"path\":\"\",\"propertyPath\":\"/SALES_AREA_SPART\",\"modelName\":\"NewYardModel\"}"}]}
RESULT: undefined
COMMAND: POST /session/85bc92a044d2dfb856863d13adac7a7e/execute/async - {"script":"<script> [776 bytes]","args":[{"enterText":"C2","selector":{"controlType":"sap.m.Input","viewName":"etm.portal.ui.manageyards.view.New","viewId":"application-manageyards-display-component---NewYard","bindingPath":{"path":"","propertyPath":"/SALES_AREA_SPART","modelName":"NewYardModel"},"interaction":{"idSuffix":"inner"}},"clearTextFirst":true,"interactionType":"ENTER_TEXT"}]}
RESULT: {"script":"<script> [776 bytes]","args":[{"enterText":"C2","selector":{"controlType":"sap.m.Input","viewName":"etm.portal.ui.manageyards.view.New","viewId":"application-manageyards-display-component---NewYard","bindingPath":{"path":"","propertyPath":"/SALES_AREA_SPART","modelName":"NewYardModel"},"interaction":{"idSuffix":"inner"}},"clearTextFirst":true,"interactionType":"ENTER_TEXT"}]}
COMMAND: POST /session/85bc92a044d2dfb856863d13adac7a7e/execute/async - {"script":"<script> [1562 bytes]","args":[{"selector":{"controlType":"sap.m.Input","viewName":"etm.portal.ui.manageyards.view.New","viewId":"application-manageyards-display-component---NewYard","bindingPath":{"path":"","propertyPath":"/SHIP_POINT","modelName":"NewYardModel"},"interaction":{"idSuffix":"inner"}},"wdio_ui5_key":"etmportal.ui.manageyards.view.Newsap.m.Input{\"path\":\"\",\"propertyPath\":\"/SHIP_POINT\",\"modelName\":\"NewYardModel\"}"}]}
RESULT: {"script":"<script> [1562 bytes]","args":[{"selector":{"controlType":"sap.m.Input","viewName":"etm.portal.ui.manageyards.view.New","viewId":"application-manageyards-display-component---NewYard","bindingPath":{"path":"","propertyPath":"/SHIP_POINT","modelName":"NewYardModel"},"interaction":{"idSuffix":"inner"}},"wdio_ui5_key":"etmportal.ui.manageyards.view.Newsap.m.Input{\"path\":\"\",\"propertyPath\":\"/SHIP_POINT\",\"modelName\":\"NewYardModel\"}"}]}
RESULT: undefined
COMMAND: POST /session/85bc92a044d2dfb856863d13adac7a7e/execute/async - {"script":"<script> [776 bytes]","args":[{"enterText":"1710","selector":{"controlType":"sap.m.Input","viewName":"etm.portal.ui.manageyards.view.New","viewId":"application-manageyards-display-component---NewYard","bindingPath":{"path":"","propertyPath":"/SHIP_POINT","modelName":"NewYardModel"},"interaction":{"idSuffix":"inner"}},"clearTextFirst":true,"interactionType":"ENTER_TEXT"}]}
RESULT: {"script":"<script> [776 bytes]","args":[{"enterText":"1710","selector":{"controlType":"sap.m.Input","viewName":"etm.portal.ui.manageyards.view.New","viewId":"application-manageyards-display-component---NewYard","bindingPath":{"path":"","propertyPath":"/SHIP_POINT","modelName":"NewYardModel"},"interaction":{"idSuffix":"inner"}},"clearTextFirst":true,"interactionType":"ENTER_TEXT"}]}
COMMAND: POST /session/85bc92a044d2dfb856863d13adac7a7e/execute/async - {"script":"<script> [1562 bytes]","args":[{"selector":{"controlType":"sap.m.Input","viewName":"etm.portal.ui.manageyards.view.New","viewId":"application-manageyards-display-component---NewYard","bindingPath":{"path":"","propertyPath":"/DELIVERY_TYPE","modelName":"NewYardModel"},"interaction":{"idSuffix":"inner"}},"wdio_ui5_key":"etmportal.ui.manageyards.view.Newsap.m.Input{\"path\":\"\",\"propertyPath\":\"/DELIVERY_TYPE\",\"modelName\":\"NewYardModel\"}"}]}
RESULT: {"script":"<script> [1562 bytes]","args":[{"selector":{"controlType":"sap.m.Input","viewName":"etm.portal.ui.manageyards.view.New","viewId":"application-manageyards-display-component---NewYard","bindingPath":{"path":"","propertyPath":"/DELIVERY_TYPE","modelName":"NewYardModel"},"interaction":{"idSuffix":"inner"}},"wdio_ui5_key":"etmportal.ui.manageyards.view.Newsap.m.Input{\"path\":\"\",\"propertyPath\":\"/DELIVERY_TYPE\",\"modelName\":\"NewYardModel\"}"}]}
RESULT: undefined
COMMAND: POST /session/85bc92a044d2dfb856863d13adac7a7e/execute/async - {"script":"<script> [776 bytes]","args":[{"enterText":"ZL01","selector":{"controlType":"sap.m.Input","viewName":"etm.portal.ui.manageyards.view.New","viewId":"application-manageyards-display-component---NewYard","bindingPath":{"path":"","propertyPath":"/DELIVERY_TYPE","modelName":"NewYardModel"},"interaction":{"idSuffix":"inner"}},"clearTextFirst":true,"interactionType":"ENTER_TEXT"}]}
RESULT: {"script":"<script> [776 bytes]","args":[{"enterText":"ZL01","selector":{"controlType":"sap.m.Input","viewName":"etm.portal.ui.manageyards.view.New","viewId":"application-manageyards-display-component---NewYard","bindingPath":{"path":"","propertyPath":"/DELIVERY_TYPE","modelName":"NewYardModel"},"interaction":{"idSuffix":"inner"}},"clearTextFirst":true,"interactionType":"ENTER_TEXT"}]}
COMMAND: POST /session/85bc92a044d2dfb856863d13adac7a7e/execute/async - {"script":"<script> [1562 bytes]","args":[{"selector":{"controlType":"sap.m.Input","viewName":"etm.portal.ui.manageyards.view.New","viewId":"application-manageyards-display-component---NewYard","bindingPath":{"path":"","propertyPath":"/AUART","modelName":"NewYardModel"},"interaction":{"idSuffix":"inner"}},"wdio_ui5_key":"etmportal.ui.manageyards.view.Newsap.m.Input{\"path\":\"\",\"propertyPath\":\"/AUART\",\"modelName\":\"NewYardModel\"}"}]}
RESULT: {"script":"<script> [1562 bytes]","args":[{"selector":{"controlType":"sap.m.Input","viewName":"etm.portal.ui.manageyards.view.New","viewId":"application-manageyards-display-component---NewYard","bindingPath":{"path":"","propertyPath":"/AUART","modelName":"NewYardModel"},"interaction":{"idSuffix":"inner"}},"wdio_ui5_key":"etmportal.ui.manageyards.view.Newsap.m.Input{\"path\":\"\",\"propertyPath\":\"/AUART\",\"modelName\":\"NewYardModel\"}"}]}
RESULT: undefined
COMMAND: POST /session/85bc92a044d2dfb856863d13adac7a7e/execute/async - {"script":"<script> [776 bytes]","args":[{"enterText":"TA","selector":{"controlType":"sap.m.Input","viewName":"etm.portal.ui.manageyards.view.New","viewId":"application-manageyards-display-component---NewYard","bindingPath":{"path":"","propertyPath":"/AUART","modelName":"NewYardModel"},"interaction":{"idSuffix":"inner"}},"clearTextFirst":true,"interactionType":"ENTER_TEXT"}]}
RESULT: {"script":"<script> [776 bytes]","args":[{"enterText":"TA","selector":{"controlType":"sap.m.Input","viewName":"etm.portal.ui.manageyards.view.New","viewId":"application-manageyards-display-component---NewYard","bindingPath":{"path":"","propertyPath":"/AUART","modelName":"NewYardModel"},"interaction":{"idSuffix":"inner"}},"clearTextFirst":true,"interactionType":"ENTER_TEXT"}]}
COMMAND: POST /session/85bc92a044d2dfb856863d13adac7a7e/element - {"using":"xpath","value":"//button[@data-kt=\"newYardSaveButton\"]"}
RESULT: {"using":"xpath","value":"//button[@data-kt=\"newYardSaveButton\"]"}
COMMAND: POST /session/85bc92a044d2dfb856863d13adac7a7e/element/f.B14EA88AD92014BD4F4EDEC3100164B7.d.E953AF7C8396918ACC9F91B4507FEF90.e.687/click - {}
RESULT: {}
COMMAND: GET /session/85bc92a044d2dfb856863d13adac7a7e/screenshot - {}
RESULT: {}
COMMAND: POST /session/85bc92a044d2dfb856863d13adac7a7e/element - {"using":"xpath","value":"//header[contains(@id, 'ObjectPageLayout-headerTitle')]/div[1]/div[2]/div[1]/span[1]"}
RESULT: {"using":"xpath","value":"//header[contains(@id, 'ObjectPageLayout-headerTitle')]/div[1]/div[2]/div[1]/span[1]"}
COMMAND: POST /session/85bc92a044d2dfb856863d13adac7a7e/elements - {"using":"xpath","value":"//header[contains(@id, 'ObjectPageLayout-headerTitle')]/div[1]/div[2]/div[1]/span[1]"}
RESULT: {"using":"xpath","value":"//header[contains(@id, 'ObjectPageLayout-headerTitle')]/div[1]/div[2]/div[1]/span[1]"}
COMMAND: POST /session/85bc92a044d2dfb856863d13adac7a7e/execute/sync - {"script":"<script> [56 bytes]","args":[{"element-6066-11e4-a52e-4f735466cecf":"f.B14EA88AD92014BD4F4EDEC3100164B7.d.E953AF7C8396918ACC9F91B4507FEF90.e.1002","ELEMENT":"f.B14EA88AD92014BD4F4EDEC3100164B7.d.E953AF7C8396918ACC9F91B4507FEF90.e.1002"}]}
RESULT: {"script":"<script> [56 bytes]","args":[{"element-6066-11e4-a52e-4f735466cecf":"f.B14EA88AD92014BD4F4EDEC3100164B7.d.E953AF7C8396918ACC9F91B4507FEF90.e.1002","ELEMENT":"f.B14EA88AD92014BD4F4EDEC3100164B7.d.E953AF7C8396918ACC9F91B4507FEF90.e.1002"}]}
COMMAND: GET /session/85bc92a044d2dfb856863d13adac7a7e/screenshot - {}
RESULT: {}
COMMAND: POST /session/85bc92a044d2dfb856863d13adac7a7e/element - {"using":"css selector","value":"#shell-header-logo"}
RESULT: {"using":"css selector","value":"#shell-header-logo"}
COMMAND: POST /session/85bc92a044d2dfb856863d13adac7a7e/element/f.B14EA88AD92014BD4F4EDEC3100164B7.d.E953AF7C8396918ACC9F91B4507FEF90.e.252/click - {}
RESULT: {}
COMMAND: GET /session/85bc92a044d2dfb856863d13adac7a7e/screenshot - {}
RESULT: {}
COMMAND: POST /session/85bc92a044d2dfb856863d13adac7a7e/execute/sync - {"script":"<script> [299 bytes]","args":[["getModel","getResource"]]}
RESULT: {"script":"<script> [299 bytes]","args":[["getModel","getResource"]]}
]]></system-out>
    </testcase>
    <testcase classname="chrome.136_0_7103_93.windows.Billing_confirm_US117289" name="Should create a new partner" time="128.115">
      <system-out><![CDATA[
COMMAND: POST /session/85bc92a044d2dfb856863d13adac7a7e/window/fullscreen - {}
COMMAND: GET /session/85bc92a044d2dfb856863d13adac7a7e/screenshot - {}
RESULT: {}
COMMAND: POST /session/85bc92a044d2dfb856863d13adac7a7e/execute/async - {"script":"<script> [1562 bytes]","args":[{"selector":{"controlType":"sap.m.GenericTile","properties":{"header":"Manage Partners"}},"wdio_ui5_key":"sapm.GenericTile{\"header\":\"Manage Partners\"}"}]}
RESULT: {}
RESULT: {"script":"<script> [1562 bytes]","args":[{"selector":{"controlType":"sap.m.GenericTile","properties":{"header":"Manage Partners"}},"wdio_ui5_key":"sapm.GenericTile{\"header\":\"Manage Partners\"}"}]}
RESULT: undefined
COMMAND: POST /session/85bc92a044d2dfb856863d13adac7a7e/element - {"using":"xpath","value":"//*[@id=\"__tile38\"]"}
RESULT: {"using":"xpath","value":"//*[@id=\"__tile38\"]"}
COMMAND: POST /session/85bc92a044d2dfb856863d13adac7a7e/element/f.B14EA88AD92014BD4F4EDEC3100164B7.d.E953AF7C8396918ACC9F91B4507FEF90.e.147/click - {}
RESULT: {}
COMMAND: GET /session/85bc92a044d2dfb856863d13adac7a7e/screenshot - {}
RESULT: {}
COMMAND: POST /session/85bc92a044d2dfb856863d13adac7a7e/elements - {"using":"xpath","value":"//span[text()='Error']"}
RESULT: {"using":"xpath","value":"//span[text()='Error']"}
COMMAND: POST /session/85bc92a044d2dfb856863d13adac7a7e/element - {"using":"xpath","value":"//button[@data-kt=\"addButton\"]"}
RESULT: {"using":"xpath","value":"//button[@data-kt=\"addButton\"]"}
COMMAND: POST /session/85bc92a044d2dfb856863d13adac7a7e/elements - {"using":"xpath","value":"//button[@data-kt=\"addButton\"]"}
RESULT: {"using":"xpath","value":"//button[@data-kt=\"addButton\"]"}
COMMAND: POST /session/85bc92a044d2dfb856863d13adac7a7e/execute/sync - {"script":"<script> [8489 bytes]","args":[{"element-6066-11e4-a52e-4f735466cecf":"f.B14EA88AD92014BD4F4EDEC3100164B7.d.E953AF7C8396918ACC9F91B4507FEF90.e.1049","ELEMENT":"f.B14EA88AD92014BD4F4EDEC3100164B7.d.E953AF7C8396918ACC9F91B4507FEF90.e.1049"}]}
RESULT: {"script":"<script> [8489 bytes]","args":[{"element-6066-11e4-a52e-4f735466cecf":"f.B14EA88AD92014BD4F4EDEC3100164B7.d.E953AF7C8396918ACC9F91B4507FEF90.e.1049","ELEMENT":"f.B14EA88AD92014BD4F4EDEC3100164B7.d.E953AF7C8396918ACC9F91B4507FEF90.e.1049"}]}
COMMAND: GET /session/85bc92a044d2dfb856863d13adac7a7e/element/f.B14EA88AD92014BD4F4EDEC3100164B7.d.E953AF7C8396918ACC9F91B4507FEF90.e.1049/enabled - {}
COMMAND: GET /session/85bc92a044d2dfb856863d13adac7a7e/screenshot - {}
RESULT: {}
COMMAND: POST /session/85bc92a044d2dfb856863d13adac7a7e/execute/sync - {"script":"<script> [8489 bytes]","args":[{"element-6066-11e4-a52e-4f735466cecf":"f.B14EA88AD92014BD4F4EDEC3100164B7.d.E953AF7C8396918ACC9F91B4507FEF90.e.1049","ELEMENT":"f.B14EA88AD92014BD4F4EDEC3100164B7.d.E953AF7C8396918ACC9F91B4507FEF90.e.1049"}]}
COMMAND: GET /session/85bc92a044d2dfb856863d13adac7a7e/screenshot - {}
RESULT: {}
RESULT: {"script":"<script> [8489 bytes]","args":[{"element-6066-11e4-a52e-4f735466cecf":"f.B14EA88AD92014BD4F4EDEC3100164B7.d.E953AF7C8396918ACC9F91B4507FEF90.e.1049","ELEMENT":"f.B14EA88AD92014BD4F4EDEC3100164B7.d.E953AF7C8396918ACC9F91B4507FEF90.e.1049"}]}
COMMAND: POST /session/85bc92a044d2dfb856863d13adac7a7e/execute/sync - {"script":"<script> [5351 bytes]","args":[{"element-6066-11e4-a52e-4f735466cecf":"f.B14EA88AD92014BD4F4EDEC3100164B7.d.E953AF7C8396918ACC9F91B4507FEF90.e.1049","ELEMENT":"f.B14EA88AD92014BD4F4EDEC3100164B7.d.E953AF7C8396918ACC9F91B4507FEF90.e.1049"}]}
COMMAND: GET /session/85bc92a044d2dfb856863d13adac7a7e/screenshot - {}
RESULT: {}
RESULT: {"script":"<script> [5351 bytes]","args":[{"element-6066-11e4-a52e-4f735466cecf":"f.B14EA88AD92014BD4F4EDEC3100164B7.d.E953AF7C8396918ACC9F91B4507FEF90.e.1049","ELEMENT":"f.B14EA88AD92014BD4F4EDEC3100164B7.d.E953AF7C8396918ACC9F91B4507FEF90.e.1049"}]}
COMMAND: POST /session/85bc92a044d2dfb856863d13adac7a7e/element/f.B14EA88AD92014BD4F4EDEC3100164B7.d.E953AF7C8396918ACC9F91B4507FEF90.e.1049/click - {}
COMMAND: GET /session/85bc92a044d2dfb856863d13adac7a7e/screenshot - {}
RESULT: {}
RESULT: {}
COMMAND: GET /session/85bc92a044d2dfb856863d13adac7a7e/screenshot - {}
COMMAND: POST /session/85bc92a044d2dfb856863d13adac7a7e/execute/async - {"script":"<script> [1562 bytes]","args":[{"selector":{"id":"application-managepartners-display-component---NewPartner--addressDetailDetailsName1","interaction":{"idSuffix":"inner"}},"wdio_ui5_key":"applicationmanagepartners-display-component---NewPartner--addressDetailDetailsName1"}]}
RESULT: {}
RESULT: {}
RESULT: {"script":"<script> [1562 bytes]","args":[{"selector":{"id":"application-managepartners-display-component---NewPartner--addressDetailDetailsName1","interaction":{"idSuffix":"inner"}},"wdio_ui5_key":"applicationmanagepartners-display-component---NewPartner--addressDetailDetailsName1"}]}
RESULT: undefined
COMMAND: POST /session/85bc92a044d2dfb856863d13adac7a7e/execute/async - {"script":"<script> [776 bytes]","args":[{"enterText":"Intracompany Partner WDIO","selector":{"id":"application-managepartners-display-component---NewPartner--addressDetailDetailsName1","interaction":{"idSuffix":"inner"}},"clearTextFirst":true,"interactionType":"ENTER_TEXT"}]}
RESULT: {"script":"<script> [776 bytes]","args":[{"enterText":"Intracompany Partner WDIO","selector":{"id":"application-managepartners-display-component---NewPartner--addressDetailDetailsName1","interaction":{"idSuffix":"inner"}},"clearTextFirst":true,"interactionType":"ENTER_TEXT"}]}
COMMAND: POST /session/85bc92a044d2dfb856863d13adac7a7e/execute/async - {"script":"<script> [1562 bytes]","args":[{"selector":{"id":"application-managepartners-display-component---NewPartner--addressDetailDetailsLanguage-arrow"},"wdio_ui5_key":"applicationmanagepartners-display-component---NewPartner--addressDetailDetailsLanguage-arrow"}]}
RESULT: {"script":"<script> [1562 bytes]","args":[{"selector":{"id":"application-managepartners-display-component---NewPartner--addressDetailDetailsLanguage-arrow"},"wdio_ui5_key":"applicationmanagepartners-display-component---NewPartner--addressDetailDetailsLanguage-arrow"}]}
RESULT: undefined
COMMAND: POST /session/85bc92a044d2dfb856863d13adac7a7e/element - {"using":"xpath","value":"//*[@id=\"application-managepartners-display-component---NewPartner--addressDetailDetailsLanguage-arrow\"]"}
RESULT: {"using":"xpath","value":"//*[@id=\"application-managepartners-display-component---NewPartner--addressDetailDetailsLanguage-arrow\"]"}
COMMAND: POST /session/85bc92a044d2dfb856863d13adac7a7e/element/f.B14EA88AD92014BD4F4EDEC3100164B7.d.E953AF7C8396918ACC9F91B4507FEF90.e.1490/click - {}
RESULT: {}
COMMAND: POST /session/85bc92a044d2dfb856863d13adac7a7e/element - {"using":"xpath","value":"//span[contains(text(), \"English\")]"}
COMMAND: GET /session/85bc92a044d2dfb856863d13adac7a7e/screenshot - {}
RESULT: {"using":"xpath","value":"//span[contains(text(), \"English\")]"}
COMMAND: POST /session/85bc92a044d2dfb856863d13adac7a7e/element/f.B14EA88AD92014BD4F4EDEC3100164B7.d.E953AF7C8396918ACC9F91B4507FEF90.e.1491/click - {}
RESULT: {}
RESULT: {}
COMMAND: GET /session/85bc92a044d2dfb856863d13adac7a7e/screenshot - {}
RESULT: {}
COMMAND: POST /session/85bc92a044d2dfb856863d13adac7a7e/execute/async - {"script":"<script> [1562 bytes]","args":[{"selector":{"id":"application-managepartners-display-component---NewPartner--addressDetailDetailsCity1","interaction":{"idSuffix":"inner"}},"wdio_ui5_key":"applicationmanagepartners-display-component---NewPartner--addressDetailDetailsCity1"}]}
RESULT: {"script":"<script> [1562 bytes]","args":[{"selector":{"id":"application-managepartners-display-component---NewPartner--addressDetailDetailsCity1","interaction":{"idSuffix":"inner"}},"wdio_ui5_key":"applicationmanagepartners-display-component---NewPartner--addressDetailDetailsCity1"}]}
RESULT: undefined
COMMAND: POST /session/85bc92a044d2dfb856863d13adac7a7e/execute/async - {"script":"<script> [776 bytes]","args":[{"enterText":"Rosario","selector":{"id":"application-managepartners-display-component---NewPartner--addressDetailDetailsCity1","interaction":{"idSuffix":"inner"}},"clearTextFirst":true,"interactionType":"ENTER_TEXT"}]}
RESULT: {"script":"<script> [776 bytes]","args":[{"enterText":"Rosario","selector":{"id":"application-managepartners-display-component---NewPartner--addressDetailDetailsCity1","interaction":{"idSuffix":"inner"}},"clearTextFirst":true,"interactionType":"ENTER_TEXT"}]}
COMMAND: POST /session/85bc92a044d2dfb856863d13adac7a7e/execute/async - {"script":"<script> [1562 bytes]","args":[{"selector":{"id":"application-managepartners-display-component---NewPartner--addressDetailDetailsCountry-arrow"},"wdio_ui5_key":"applicationmanagepartners-display-component---NewPartner--addressDetailDetailsCountry-arrow"}]}
RESULT: {"script":"<script> [1562 bytes]","args":[{"selector":{"id":"application-managepartners-display-component---NewPartner--addressDetailDetailsCountry-arrow"},"wdio_ui5_key":"applicationmanagepartners-display-component---NewPartner--addressDetailDetailsCountry-arrow"}]}
RESULT: undefined
COMMAND: POST /session/85bc92a044d2dfb856863d13adac7a7e/element - {"using":"xpath","value":"//*[@id=\"application-managepartners-display-component---NewPartner--addressDetailDetailsCountry-arrow\"]"}
RESULT: {"using":"xpath","value":"//*[@id=\"application-managepartners-display-component---NewPartner--addressDetailDetailsCountry-arrow\"]"}
COMMAND: POST /session/85bc92a044d2dfb856863d13adac7a7e/element/f.B14EA88AD92014BD4F4EDEC3100164B7.d.E953AF7C8396918ACC9F91B4507FEF90.e.1477/click - {}
RESULT: {}
COMMAND: POST /session/85bc92a044d2dfb856863d13adac7a7e/element - {"using":"xpath","value":"//span[contains(text(), \"Argentina\")]"}
COMMAND: GET /session/85bc92a044d2dfb856863d13adac7a7e/screenshot - {}
RESULT: {"using":"xpath","value":"//span[contains(text(), \"Argentina\")]"}
COMMAND: POST /session/85bc92a044d2dfb856863d13adac7a7e/element/f.B14EA88AD92014BD4F4EDEC3100164B7.d.E953AF7C8396918ACC9F91B4507FEF90.e.1493/click - {}
RESULT: {}
RESULT: {}
COMMAND: GET /session/85bc92a044d2dfb856863d13adac7a7e/screenshot - {}
RESULT: {}
COMMAND: POST /session/85bc92a044d2dfb856863d13adac7a7e/element - {"using":"xpath","value":"//bdi[contains(text(), \"Commercial\")]"}
RESULT: {"using":"xpath","value":"//bdi[contains(text(), \"Commercial\")]"}
COMMAND: POST /session/85bc92a044d2dfb856863d13adac7a7e/element/f.B14EA88AD92014BD4F4EDEC3100164B7.d.E953AF7C8396918ACC9F91B4507FEF90.e.1494/click - {}
RESULT: {}
COMMAND: GET /session/85bc92a044d2dfb856863d13adac7a7e/screenshot - {}
RESULT: {}
COMMAND: POST /session/85bc92a044d2dfb856863d13adac7a7e/execute/async - {"script":"<script> [1562 bytes]","args":[{"selector":{"id":"application-managepartners-display-component---NewPartner--partnerDetailInternal-arrow"},"wdio_ui5_key":"applicationmanagepartners-display-component---NewPartner--partnerDetailInternal-arrow"}]}
RESULT: {"script":"<script> [1562 bytes]","args":[{"selector":{"id":"application-managepartners-display-component---NewPartner--partnerDetailInternal-arrow"},"wdio_ui5_key":"applicationmanagepartners-display-component---NewPartner--partnerDetailInternal-arrow"}]}
RESULT: undefined
COMMAND: POST /session/85bc92a044d2dfb856863d13adac7a7e/element - {"using":"xpath","value":"//*[@id=\"application-managepartners-display-component---NewPartner--partnerDetailInternal-arrow\"]"}
RESULT: {"using":"xpath","value":"//*[@id=\"application-managepartners-display-component---NewPartner--partnerDetailInternal-arrow\"]"}
COMMAND: POST /session/85bc92a044d2dfb856863d13adac7a7e/element/f.B14EA88AD92014BD4F4EDEC3100164B7.d.E953AF7C8396918ACC9F91B4507FEF90.e.1500/click - {}
RESULT: {}
COMMAND: POST /session/85bc92a044d2dfb856863d13adac7a7e/element - {"using":"xpath","value":"//span[contains(text(), \"Affiliated company\")]"}
COMMAND: GET /session/85bc92a044d2dfb856863d13adac7a7e/screenshot - {}
RESULT: {"using":"xpath","value":"//span[contains(text(), \"Affiliated company\")]"}
COMMAND: POST /session/85bc92a044d2dfb856863d13adac7a7e/element/f.B14EA88AD92014BD4F4EDEC3100164B7.d.E953AF7C8396918ACC9F91B4507FEF90.e.1501/click - {}
RESULT: {}
RESULT: {}
COMMAND: POST /session/85bc92a044d2dfb856863d13adac7a7e/execute/async - {"script":"<script> [1562 bytes]","args":[{"selector":{"id":"application-managepartners-display-component---NewPartner--partnerDetailsCurrency-arrow"},"wdio_ui5_key":"applicationmanagepartners-display-component---NewPartner--partnerDetailsCurrency-arrow"}]}
COMMAND: GET /session/85bc92a044d2dfb856863d13adac7a7e/screenshot - {}
RESULT: {"script":"<script> [1562 bytes]","args":[{"selector":{"id":"application-managepartners-display-component---NewPartner--partnerDetailsCurrency-arrow"},"wdio_ui5_key":"applicationmanagepartners-display-component---NewPartner--partnerDetailsCurrency-arrow"}]}
RESULT: undefined
COMMAND: POST /session/85bc92a044d2dfb856863d13adac7a7e/element - {"using":"xpath","value":"//*[@id=\"application-managepartners-display-component---NewPartner--partnerDetailsCurrency-arrow\"]"}
RESULT: {}
RESULT: {"using":"xpath","value":"//*[@id=\"application-managepartners-display-component---NewPartner--partnerDetailsCurrency-arrow\"]"}
COMMAND: POST /session/85bc92a044d2dfb856863d13adac7a7e/element/f.B14EA88AD92014BD4F4EDEC3100164B7.d.E953AF7C8396918ACC9F91B4507FEF90.e.1508/click - {}
RESULT: {}
COMMAND: POST /session/85bc92a044d2dfb856863d13adac7a7e/element - {"using":"xpath","value":"//span[contains(text(), \"Euro\")]"}
COMMAND: GET /session/85bc92a044d2dfb856863d13adac7a7e/screenshot - {}
RESULT: {"using":"xpath","value":"//span[contains(text(), \"Euro\")]"}
COMMAND: POST /session/85bc92a044d2dfb856863d13adac7a7e/element/f.B14EA88AD92014BD4F4EDEC3100164B7.d.E953AF7C8396918ACC9F91B4507FEF90.e.1509/click - {}
RESULT: {}
RESULT: {}
COMMAND: POST /session/85bc92a044d2dfb856863d13adac7a7e/execute/async - {"script":"<script> [1562 bytes]","args":[{"selector":{"id":"application-managepartners-display-component---NewPartner--addressEditDetailsCostObjectCstType-arrow"},"wdio_ui5_key":"applicationmanagepartners-display-component---NewPartner--addressEditDetailsCostObjectCstType-arrow"}]}
COMMAND: GET /session/85bc92a044d2dfb856863d13adac7a7e/screenshot - {}
RESULT: {"script":"<script> [1562 bytes]","args":[{"selector":{"id":"application-managepartners-display-component---NewPartner--addressEditDetailsCostObjectCstType-arrow"},"wdio_ui5_key":"applicationmanagepartners-display-component---NewPartner--addressEditDetailsCostObjectCstType-arrow"}]}
RESULT: undefined
COMMAND: POST /session/85bc92a044d2dfb856863d13adac7a7e/element - {"using":"xpath","value":"//*[@id=\"application-managepartners-display-component---NewPartner--addressEditDetailsCostObjectCstType-arrow\"]"}
RESULT: {}
RESULT: {"using":"xpath","value":"//*[@id=\"application-managepartners-display-component---NewPartner--addressEditDetailsCostObjectCstType-arrow\"]"}
COMMAND: POST /session/85bc92a044d2dfb856863d13adac7a7e/element/f.B14EA88AD92014BD4F4EDEC3100164B7.d.E953AF7C8396918ACC9F91B4507FEF90.e.1510/click - {}
RESULT: {}
COMMAND: POST /session/85bc92a044d2dfb856863d13adac7a7e/element - {"using":"xpath","value":"//span[contains(text(), \"Cost Center\")]"}
COMMAND: GET /session/85bc92a044d2dfb856863d13adac7a7e/screenshot - {}
RESULT: {"using":"xpath","value":"//span[contains(text(), \"Cost Center\")]"}
COMMAND: POST /session/85bc92a044d2dfb856863d13adac7a7e/element/f.B14EA88AD92014BD4F4EDEC3100164B7.d.E953AF7C8396918ACC9F91B4507FEF90.e.1511/click - {}
RESULT: {}
RESULT: {}
COMMAND: GET /session/85bc92a044d2dfb856863d13adac7a7e/screenshot - {}
RESULT: {}
COMMAND: POST /session/85bc92a044d2dfb856863d13adac7a7e/element - {"using":"xpath","value":"//span[@id=\"application-managepartners-display-component---NewPartner--addressNewCostObjectCstID-vhi\"]"}
RESULT: {"using":"xpath","value":"//span[@id=\"application-managepartners-display-component---NewPartner--addressNewCostObjectCstID-vhi\"]"}
COMMAND: POST /session/85bc92a044d2dfb856863d13adac7a7e/execute/sync - {"script":"<script> [8489 bytes]","args":[{"element-6066-11e4-a52e-4f735466cecf":"f.B14EA88AD92014BD4F4EDEC3100164B7.d.E953AF7C8396918ACC9F91B4507FEF90.e.1515","ELEMENT":"f.B14EA88AD92014BD4F4EDEC3100164B7.d.E953AF7C8396918ACC9F91B4507FEF90.e.1515"}]}
RESULT: {"script":"<script> [8489 bytes]","args":[{"element-6066-11e4-a52e-4f735466cecf":"f.B14EA88AD92014BD4F4EDEC3100164B7.d.E953AF7C8396918ACC9F91B4507FEF90.e.1515","ELEMENT":"f.B14EA88AD92014BD4F4EDEC3100164B7.d.E953AF7C8396918ACC9F91B4507FEF90.e.1515"}]}
COMMAND: POST /session/85bc92a044d2dfb856863d13adac7a7e/execute/async - {"script":"<script> [1562 bytes]","args":[{"selector":{"id":"application-managepartners-display-component---NewPartner--addressNewCostObjectCstID-vhi"},"wdio_ui5_key":"applicationmanagepartners-display-component---NewPartner--addressNewCostObjectCstID-vhi"}]}
COMMAND: GET /session/85bc92a044d2dfb856863d13adac7a7e/screenshot - {}
RESULT: {"script":"<script> [1562 bytes]","args":[{"selector":{"id":"application-managepartners-display-component---NewPartner--addressNewCostObjectCstID-vhi"},"wdio_ui5_key":"applicationmanagepartners-display-component---NewPartner--addressNewCostObjectCstID-vhi"}]}
RESULT: undefined
COMMAND: POST /session/85bc92a044d2dfb856863d13adac7a7e/element - {"using":"xpath","value":"//*[@id=\"application-managepartners-display-component---NewPartner--addressNewCostObjectCstID-vhi\"]"}
RESULT: {}
RESULT: {"using":"xpath","value":"//*[@id=\"application-managepartners-display-component---NewPartner--addressNewCostObjectCstID-vhi\"]"}
COMMAND: POST /session/85bc92a044d2dfb856863d13adac7a7e/element/f.B14EA88AD92014BD4F4EDEC3100164B7.d.E953AF7C8396918ACC9F91B4507FEF90.e.1515/click - {}
RESULT: {}
COMMAND: GET /session/85bc92a044d2dfb856863d13adac7a7e/screenshot - {}
RESULT: {}
RESULT: undefined
COMMAND: POST /session/85bc92a044d2dfb856863d13adac7a7e/execute/async - {"script":"<script> [776 bytes]","args":[{"enterText":"10001013","selector":{"controlType":"sap.m.SearchField","properties":{"placeholder":"Search"},"searchOpenDialogs":true,"interaction":{"idSuffix":"I"}},"clearTextFirst":true,"interactionType":"ENTER_TEXT"}]}
RESULT: {"script":"<script> [776 bytes]","args":[{"enterText":"10001013","selector":{"controlType":"sap.m.SearchField","properties":{"placeholder":"Search"},"searchOpenDialogs":true,"interaction":{"idSuffix":"I"}},"clearTextFirst":true,"interactionType":"ENTER_TEXT"}]}
COMMAND: POST /session/85bc92a044d2dfb856863d13adac7a7e/actions - {"actions":[{"id":"action2","type":"key","parameters":{},"actions":[{"type":"keyDown","value":"î€‡"},{"type":"pause","duration":10},{"type":"keyUp","value":"î€‡"}]}]}
RESULT: {"actions":[{"id":"action2","type":"key","parameters":{},"actions":[{"type":"keyDown","value":"î€‡"},{"type":"pause","duration":10},{"type":"keyUp","value":"î€‡"}]}]}
COMMAND: GET /session/85bc92a044d2dfb856863d13adac7a7e/screenshot - {}
RESULT: {}
COMMAND: POST /session/85bc92a044d2dfb856863d13adac7a7e/element - {"using":"xpath","value":"//span[contains(text(), \"General Management\")]"}
RESULT: {"using":"xpath","value":"//span[contains(text(), \"General Management\")]"}
COMMAND: POST /session/85bc92a044d2dfb856863d13adac7a7e/element/f.B14EA88AD92014BD4F4EDEC3100164B7.d.E953AF7C8396918ACC9F91B4507FEF90.e.1554/click - {}
RESULT: {}
COMMAND: GET /session/85bc92a044d2dfb856863d13adac7a7e/screenshot - {}
RESULT: {}
COMMAND: POST /session/85bc92a044d2dfb856863d13adac7a7e/element - {"using":"xpath","value":"//bdi[contains(text(), \"OK\")]"}
RESULT: {"using":"xpath","value":"//bdi[contains(text(), \"OK\")]"}
COMMAND: POST /session/85bc92a044d2dfb856863d13adac7a7e/element/f.B14EA88AD92014BD4F4EDEC3100164B7.d.E953AF7C8396918ACC9F91B4507FEF90.e.1555/click - {}
RESULT: {}
COMMAND: GET /session/85bc92a044d2dfb856863d13adac7a7e/screenshot - {}
RESULT: {}
COMMAND: POST /session/85bc92a044d2dfb856863d13adac7a7e/element - {"using":"xpath","value":"//input[@id=\"application-managepartners-display-component---NewPartner--companyCodeComboBox-inner\"]"}
RESULT: {"using":"xpath","value":"//input[@id=\"application-managepartners-display-component---NewPartner--companyCodeComboBox-inner\"]"}
COMMAND: POST /session/85bc92a044d2dfb856863d13adac7a7e/element/f.B14EA88AD92014BD4F4EDEC3100164B7.d.E953AF7C8396918ACC9F91B4507FEF90.e.1351/clear - {}
RESULT: {}
COMMAND: POST /session/85bc92a044d2dfb856863d13adac7a7e/element/f.B14EA88AD92014BD4F4EDEC3100164B7.d.E953AF7C8396918ACC9F91B4507FEF90.e.1351/value - {"text":"1000"}
COMMAND: GET /session/85bc92a044d2dfb856863d13adac7a7e/screenshot - {}
RESULT: {"text":"1000"}
COMMAND: GET /session/85bc92a044d2dfb856863d13adac7a7e/screenshot - {}
RESULT: {}
RESULT: {}
COMMAND: POST /session/85bc92a044d2dfb856863d13adac7a7e/element - {"using":"xpath","value":"//li[.//span[text()= \"1000\"]]"}
RESULT: {"using":"xpath","value":"//li[.//span[text()= \"1000\"]]"}
COMMAND: POST /session/85bc92a044d2dfb856863d13adac7a7e/element/f.B14EA88AD92014BD4F4EDEC3100164B7.d.E953AF7C8396918ACC9F91B4507FEF90.e.1561/click - {}
RESULT: {}
COMMAND: GET /session/85bc92a044d2dfb856863d13adac7a7e/screenshot - {}
RESULT: {}
COMMAND: POST /session/85bc92a044d2dfb856863d13adac7a7e/execute/async - {"script":"<script> [1562 bytes]","args":[{"selector":{"id":"application-managepartners-display-component---NewPartner--btnAddTableRow-img"},"wdio_ui5_key":"applicationmanagepartners-display-component---NewPartner--btnAddTableRow-img"}]}
RESULT: {"script":"<script> [1562 bytes]","args":[{"selector":{"id":"application-managepartners-display-component---NewPartner--btnAddTableRow-img"},"wdio_ui5_key":"applicationmanagepartners-display-component---NewPartner--btnAddTableRow-img"}]}
RESULT: undefined
COMMAND: POST /session/85bc92a044d2dfb856863d13adac7a7e/element - {"using":"xpath","value":"//*[@id=\"application-managepartners-display-component---NewPartner--btnAddTableRow-img\"]"}
RESULT: {"using":"xpath","value":"//*[@id=\"application-managepartners-display-component---NewPartner--btnAddTableRow-img\"]"}
COMMAND: POST /session/85bc92a044d2dfb856863d13adac7a7e/element/f.B14EA88AD92014BD4F4EDEC3100164B7.d.E953AF7C8396918ACC9F91B4507FEF90.e.1562/click - {}
RESULT: {}
COMMAND: GET /session/85bc92a044d2dfb856863d13adac7a7e/screenshot - {}
RESULT: {}
COMMAND: POST /session/85bc92a044d2dfb856863d13adac7a7e/element - {"using":"xpath","value":"//input[@id=\"application-managepartners-display-component---NewPartner--assignmentYard-application-managepartners-display-component---NewPartner--assignmentsTable-0-inner\"]"}
RESULT: {"using":"xpath","value":"//input[@id=\"application-managepartners-display-component---NewPartner--assignmentYard-application-managepartners-display-component---NewPartner--assignmentsTable-0-inner\"]"}
COMMAND: POST /session/85bc92a044d2dfb856863d13adac7a7e/element/f.B14EA88AD92014BD4F4EDEC3100164B7.d.E953AF7C8396918ACC9F91B4507FEF90.e.1565/clear - {}
RESULT: {}
COMMAND: POST /session/85bc92a044d2dfb856863d13adac7a7e/element/f.B14EA88AD92014BD4F4EDEC3100164B7.d.E953AF7C8396918ACC9F91B4507FEF90.e.1565/value - {"text":"624"}
COMMAND: GET /session/85bc92a044d2dfb856863d13adac7a7e/screenshot - {}
RESULT: {"text":"624"}
COMMAND: GET /session/85bc92a044d2dfb856863d13adac7a7e/screenshot - {}
RESULT: {}
RESULT: {}
COMMAND: POST /session/85bc92a044d2dfb856863d13adac7a7e/element - {"using":"xpath","value":"//li[.//span[text()='624']]"}
RESULT: {"using":"xpath","value":"//li[.//span[text()='624']]"}
COMMAND: POST /session/85bc92a044d2dfb856863d13adac7a7e/element/f.B14EA88AD92014BD4F4EDEC3100164B7.d.E953AF7C8396918ACC9F91B4507FEF90.e.1574/click - {}
RESULT: {}
COMMAND: GET /session/85bc92a044d2dfb856863d13adac7a7e/screenshot - {}
RESULT: {}
COMMAND: POST /session/85bc92a044d2dfb856863d13adac7a7e/actions - {"actions":[{"id":"action3","type":"key","parameters":{},"actions":[{"type":"keyDown","value":"î€‡"},{"type":"pause","duration":10},{"type":"keyUp","value":"î€‡"}]}]}
RESULT: {"actions":[{"id":"action3","type":"key","parameters":{},"actions":[{"type":"keyDown","value":"î€‡"},{"type":"pause","duration":10},{"type":"keyUp","value":"î€‡"}]}]}
COMMAND: POST /session/85bc92a044d2dfb856863d13adac7a7e/execute/async - {"script":"<script> [1562 bytes]","args":[{"selector":{"id":"application-managepartners-display-component---NewPartner--externalCustomerComboBox-application-managepartners-display-component---NewPartner--assignmentsTable-0-vhi"},"wdio_ui5_key":"applicationmanagepartners-display-component---NewPartner--externalCustomerComboBox-application-managepartners-display-component---NewPartner--assignmentsTable-0-vhi"}]}
COMMAND: GET /session/85bc92a044d2dfb856863d13adac7a7e/screenshot - {}
RESULT: {"script":"<script> [1562 bytes]","args":[{"selector":{"id":"application-managepartners-display-component---NewPartner--externalCustomerComboBox-application-managepartners-display-component---NewPartner--assignmentsTable-0-vhi"},"wdio_ui5_key":"applicationmanagepartners-display-component---NewPartner--externalCustomerComboBox-application-managepartners-display-component---NewPartner--assignmentsTable-0-vhi"}]}
RESULT: undefined
COMMAND: POST /session/85bc92a044d2dfb856863d13adac7a7e/element - {"using":"xpath","value":"//*[@id=\"application-managepartners-display-component---NewPartner--externalCustomerComboBox-application-managepartners-display-component---NewPartner--assignmentsTable-0-vhi\"]"}
RESULT: {}
RESULT: {"using":"xpath","value":"//*[@id=\"application-managepartners-display-component---NewPartner--externalCustomerComboBox-application-managepartners-display-component---NewPartner--assignmentsTable-0-vhi\"]"}
COMMAND: POST /session/85bc92a044d2dfb856863d13adac7a7e/element/f.B14EA88AD92014BD4F4EDEC3100164B7.d.E953AF7C8396918ACC9F91B4507FEF90.e.1578/click - {}
RESULT: {}
RESULT: undefined
COMMAND: POST /session/85bc92a044d2dfb856863d13adac7a7e/execute/async - {"script":"<script> [776 bytes]","args":[{"enterText":"300003","selector":{"controlType":"sap.m.SearchField","properties":{"placeholder":"Search"},"searchOpenDialogs":true,"interaction":{"idSuffix":"I"}},"clearTextFirst":true,"interactionType":"ENTER_TEXT"}]}
COMMAND: GET /session/85bc92a044d2dfb856863d13adac7a7e/screenshot - {}
RESULT: {"script":"<script> [776 bytes]","args":[{"enterText":"300003","selector":{"controlType":"sap.m.SearchField","properties":{"placeholder":"Search"},"searchOpenDialogs":true,"interaction":{"idSuffix":"I"}},"clearTextFirst":true,"interactionType":"ENTER_TEXT"}]}
COMMAND: POST /session/85bc92a044d2dfb856863d13adac7a7e/actions - {"actions":[{"id":"action4","type":"key","parameters":{},"actions":[{"type":"keyDown","value":"î€‡"},{"type":"pause","duration":10},{"type":"keyUp","value":"î€‡"}]}]}
RESULT: {}
RESULT: {"actions":[{"id":"action4","type":"key","parameters":{},"actions":[{"type":"keyDown","value":"î€‡"},{"type":"pause","duration":10},{"type":"keyUp","value":"î€‡"}]}]}
COMMAND: GET /session/85bc92a044d2dfb856863d13adac7a7e/screenshot - {}
RESULT: {}
COMMAND: POST /session/85bc92a044d2dfb856863d13adac7a7e/element - {"using":"xpath","value":"//span[contains(text(), \"300003\")]"}
RESULT: {"using":"xpath","value":"//span[contains(text(), \"300003\")]"}
COMMAND: POST /session/85bc92a044d2dfb856863d13adac7a7e/element/f.B14EA88AD92014BD4F4EDEC3100164B7.d.E953AF7C8396918ACC9F91B4507FEF90.e.1596/click - {}
RESULT: {}
COMMAND: GET /session/85bc92a044d2dfb856863d13adac7a7e/screenshot - {}
RESULT: {}
COMMAND: POST /session/85bc92a044d2dfb856863d13adac7a7e/element - {"using":"xpath","value":"//bdi[contains(text(), \"OK\")]"}
RESULT: {"using":"xpath","value":"//bdi[contains(text(), \"OK\")]"}
COMMAND: POST /session/85bc92a044d2dfb856863d13adac7a7e/element/f.B14EA88AD92014BD4F4EDEC3100164B7.d.E953AF7C8396918ACC9F91B4507FEF90.e.1598/click - {}
RESULT: {}
COMMAND: GET /session/85bc92a044d2dfb856863d13adac7a7e/screenshot - {}
RESULT: {}
COMMAND: POST /session/85bc92a044d2dfb856863d13adac7a7e/execute/async - {"script":"<script> [1562 bytes]","args":[{"selector":{"id":"application-managepartners-display-component---NewPartner--intercompVendorComboBox-application-managepartners-display-component---NewPartner--assignmentsTable-0-vhi"},"wdio_ui5_key":"applicationmanagepartners-display-component---NewPartner--intercompVendorComboBox-application-managepartners-display-component---NewPartner--assignmentsTable-0-vhi"}]}
RESULT: {"script":"<script> [1562 bytes]","args":[{"selector":{"id":"application-managepartners-display-component---NewPartner--intercompVendorComboBox-application-managepartners-display-component---NewPartner--assignmentsTable-0-vhi"},"wdio_ui5_key":"applicationmanagepartners-display-component---NewPartner--intercompVendorComboBox-application-managepartners-display-component---NewPartner--assignmentsTable-0-vhi"}]}
RESULT: undefined
COMMAND: POST /session/85bc92a044d2dfb856863d13adac7a7e/element - {"using":"xpath","value":"//*[@id=\"application-managepartners-display-component---NewPartner--intercompVendorComboBox-application-managepartners-display-component---NewPartner--assignmentsTable-0-vhi\"]"}
RESULT: {"using":"xpath","value":"//*[@id=\"application-managepartners-display-component---NewPartner--intercompVendorComboBox-application-managepartners-display-component---NewPartner--assignmentsTable-0-vhi\"]"}
COMMAND: POST /session/85bc92a044d2dfb856863d13adac7a7e/element/f.B14EA88AD92014BD4F4EDEC3100164B7.d.E953AF7C8396918ACC9F91B4507FEF90.e.1601/click - {}
RESULT: {}
RESULT: undefined
COMMAND: POST /session/85bc92a044d2dfb856863d13adac7a7e/execute/async - {"script":"<script> [776 bytes]","args":[{"enterText":"100005","selector":{"controlType":"sap.m.SearchField","properties":{"placeholder":"Search"},"searchOpenDialogs":true,"interaction":{"idSuffix":"I"}},"clearTextFirst":true,"interactionType":"ENTER_TEXT"}]}
COMMAND: GET /session/85bc92a044d2dfb856863d13adac7a7e/screenshot - {}
RESULT: {"script":"<script> [776 bytes]","args":[{"enterText":"100005","selector":{"controlType":"sap.m.SearchField","properties":{"placeholder":"Search"},"searchOpenDialogs":true,"interaction":{"idSuffix":"I"}},"clearTextFirst":true,"interactionType":"ENTER_TEXT"}]}
COMMAND: POST /session/85bc92a044d2dfb856863d13adac7a7e/actions - {"actions":[{"id":"action5","type":"key","parameters":{},"actions":[{"type":"keyDown","value":"î€‡"},{"type":"pause","duration":10},{"type":"keyUp","value":"î€‡"}]}]}
RESULT: {}
RESULT: {"actions":[{"id":"action5","type":"key","parameters":{},"actions":[{"type":"keyDown","value":"î€‡"},{"type":"pause","duration":10},{"type":"keyUp","value":"î€‡"}]}]}
COMMAND: GET /session/85bc92a044d2dfb856863d13adac7a7e/screenshot - {}
RESULT: {}
COMMAND: POST /session/85bc92a044d2dfb856863d13adac7a7e/element - {"using":"xpath","value":"//span[contains(text(), \"Penguins - Field/12345 Berlin\")]"}
RESULT: {"using":"xpath","value":"//span[contains(text(), \"Penguins - Field/12345 Berlin\")]"}
COMMAND: POST /session/85bc92a044d2dfb856863d13adac7a7e/element/f.B14EA88AD92014BD4F4EDEC3100164B7.d.E953AF7C8396918ACC9F91B4507FEF90.e.1620/click - {}
RESULT: {}
COMMAND: GET /session/85bc92a044d2dfb856863d13adac7a7e/screenshot - {}
RESULT: {}
COMMAND: POST /session/85bc92a044d2dfb856863d13adac7a7e/element - {"using":"xpath","value":"//bdi[contains(text(), \"OK\")]"}
RESULT: {"using":"xpath","value":"//bdi[contains(text(), \"OK\")]"}
COMMAND: POST /session/85bc92a044d2dfb856863d13adac7a7e/element/f.B14EA88AD92014BD4F4EDEC3100164B7.d.E953AF7C8396918ACC9F91B4507FEF90.e.1621/click - {}
RESULT: {}
COMMAND: GET /session/85bc92a044d2dfb856863d13adac7a7e/screenshot - {}
RESULT: {}
COMMAND: POST /session/85bc92a044d2dfb856863d13adac7a7e/element - {"using":"xpath","value":"//button[@data-kt=\"saveButton\"]"}
RESULT: {"using":"xpath","value":"//button[@data-kt=\"saveButton\"]"}
COMMAND: POST /session/85bc92a044d2dfb856863d13adac7a7e/element/f.B14EA88AD92014BD4F4EDEC3100164B7.d.E953AF7C8396918ACC9F91B4507FEF90.e.1427/click - {}
RESULT: {}
COMMAND: GET /session/85bc92a044d2dfb856863d13adac7a7e/screenshot - {}
RESULT: {}
COMMAND: POST /session/85bc92a044d2dfb856863d13adac7a7e/element - {"using":"xpath","value":"//header[contains(@id, 'ObjectPageLayout-headerTitle')]/div[1]/div[2]/div[2]/span[1]"}
RESULT: {"using":"xpath","value":"//header[contains(@id, 'ObjectPageLayout-headerTitle')]/div[1]/div[2]/div[2]/span[1]"}
COMMAND: POST /session/85bc92a044d2dfb856863d13adac7a7e/elements - {"using":"xpath","value":"//header[contains(@id, 'ObjectPageLayout-headerTitle')]/div[1]/div[2]/div[2]/span[1]"}
RESULT: {"using":"xpath","value":"//header[contains(@id, 'ObjectPageLayout-headerTitle')]/div[1]/div[2]/div[2]/span[1]"}
COMMAND: POST /session/85bc92a044d2dfb856863d13adac7a7e/execute/sync - {"script":"<script> [56 bytes]","args":[{"element-6066-11e4-a52e-4f735466cecf":"f.B14EA88AD92014BD4F4EDEC3100164B7.d.E953AF7C8396918ACC9F91B4507FEF90.e.1788","ELEMENT":"f.B14EA88AD92014BD4F4EDEC3100164B7.d.E953AF7C8396918ACC9F91B4507FEF90.e.1788"}]}
RESULT: {"script":"<script> [56 bytes]","args":[{"element-6066-11e4-a52e-4f735466cecf":"f.B14EA88AD92014BD4F4EDEC3100164B7.d.E953AF7C8396918ACC9F91B4507FEF90.e.1788","ELEMENT":"f.B14EA88AD92014BD4F4EDEC3100164B7.d.E953AF7C8396918ACC9F91B4507FEF90.e.1788"}]}
COMMAND: POST /session/85bc92a044d2dfb856863d13adac7a7e/element - {"using":"css selector","value":"#shell-header-logo"}
COMMAND: GET /session/85bc92a044d2dfb856863d13adac7a7e/screenshot - {}
RESULT: {"using":"css selector","value":"#shell-header-logo"}
COMMAND: POST /session/85bc92a044d2dfb856863d13adac7a7e/element/f.B14EA88AD92014BD4F4EDEC3100164B7.d.E953AF7C8396918ACC9F91B4507FEF90.e.1005/click - {}
RESULT: {}
RESULT: {}
COMMAND: GET /session/85bc92a044d2dfb856863d13adac7a7e/screenshot - {}
RESULT: {}
COMMAND: POST /session/85bc92a044d2dfb856863d13adac7a7e/execute/sync - {"script":"<script> [299 bytes]","args":[["getModel","getResource"]]}
RESULT: {"script":"<script> [299 bytes]","args":[["getModel","getResource"]]}
COMMAND: GET /session/85bc92a044d2dfb856863d13adac7a7e/screenshot - {}
]]></system-out>
    </testcase>
    <testcase classname="chrome.136_0_7103_93.windows.Billing_confirm_US117289" name="Should create a new site" time="93.227">
      <system-out><![CDATA[
COMMAND: POST /session/85bc92a044d2dfb856863d13adac7a7e/execute/async - {"script":"<script> [1562 bytes]","args":[{"selector":{"controlType":"sap.m.GenericTile","properties":{"header":"Manage Sites"}},"wdio_ui5_key":"sapm.GenericTile{\"header\":\"Manage Sites\"}"}]}
RESULT: {}
RESULT: {"script":"<script> [1562 bytes]","args":[{"selector":{"controlType":"sap.m.GenericTile","properties":{"header":"Manage Sites"}},"wdio_ui5_key":"sapm.GenericTile{\"header\":\"Manage Sites\"}"}]}
RESULT: undefined
COMMAND: POST /session/85bc92a044d2dfb856863d13adac7a7e/element - {"using":"xpath","value":"//*[@id=\"__tile40\"]"}
RESULT: {"using":"xpath","value":"//*[@id=\"__tile40\"]"}
COMMAND: POST /session/85bc92a044d2dfb856863d13adac7a7e/element/f.B14EA88AD92014BD4F4EDEC3100164B7.d.E953AF7C8396918ACC9F91B4507FEF90.e.153/click - {}
RESULT: {}
COMMAND: GET /session/85bc92a044d2dfb856863d13adac7a7e/screenshot - {}
RESULT: {}
COMMAND: POST /session/85bc92a044d2dfb856863d13adac7a7e/elements - {"using":"xpath","value":"//span[text()='Error']"}
RESULT: {"using":"xpath","value":"//span[text()='Error']"}
COMMAND: POST /session/85bc92a044d2dfb856863d13adac7a7e/element - {"using":"xpath","value":"//button[@data-kt=\"addOverflowToolbarButton\"]"}
RESULT: {"using":"xpath","value":"//button[@data-kt=\"addOverflowToolbarButton\"]"}
COMMAND: POST /session/85bc92a044d2dfb856863d13adac7a7e/elements - {"using":"xpath","value":"//button[@data-kt=\"addOverflowToolbarButton\"]"}
RESULT: {"using":"xpath","value":"//button[@data-kt=\"addOverflowToolbarButton\"]"}
COMMAND: POST /session/85bc92a044d2dfb856863d13adac7a7e/execute/sync - {"script":"<script> [8489 bytes]","args":[{"element-6066-11e4-a52e-4f735466cecf":"f.B14EA88AD92014BD4F4EDEC3100164B7.d.E953AF7C8396918ACC9F91B4507FEF90.e.1835","ELEMENT":"f.B14EA88AD92014BD4F4EDEC3100164B7.d.E953AF7C8396918ACC9F91B4507FEF90.e.1835"}]}
RESULT: {"script":"<script> [8489 bytes]","args":[{"element-6066-11e4-a52e-4f735466cecf":"f.B14EA88AD92014BD4F4EDEC3100164B7.d.E953AF7C8396918ACC9F91B4507FEF90.e.1835","ELEMENT":"f.B14EA88AD92014BD4F4EDEC3100164B7.d.E953AF7C8396918ACC9F91B4507FEF90.e.1835"}]}
COMMAND: GET /session/85bc92a044d2dfb856863d13adac7a7e/element/f.B14EA88AD92014BD4F4EDEC3100164B7.d.E953AF7C8396918ACC9F91B4507FEF90.e.1835/enabled - {}
COMMAND: GET /session/85bc92a044d2dfb856863d13adac7a7e/screenshot - {}
RESULT: {}
COMMAND: POST /session/85bc92a044d2dfb856863d13adac7a7e/execute/sync - {"script":"<script> [8489 bytes]","args":[{"element-6066-11e4-a52e-4f735466cecf":"f.B14EA88AD92014BD4F4EDEC3100164B7.d.E953AF7C8396918ACC9F91B4507FEF90.e.1835","ELEMENT":"f.B14EA88AD92014BD4F4EDEC3100164B7.d.E953AF7C8396918ACC9F91B4507FEF90.e.1835"}]}
COMMAND: GET /session/85bc92a044d2dfb856863d13adac7a7e/screenshot - {}
RESULT: {}
RESULT: {"script":"<script> [8489 bytes]","args":[{"element-6066-11e4-a52e-4f735466cecf":"f.B14EA88AD92014BD4F4EDEC3100164B7.d.E953AF7C8396918ACC9F91B4507FEF90.e.1835","ELEMENT":"f.B14EA88AD92014BD4F4EDEC3100164B7.d.E953AF7C8396918ACC9F91B4507FEF90.e.1835"}]}
COMMAND: POST /session/85bc92a044d2dfb856863d13adac7a7e/execute/sync - {"script":"<script> [5351 bytes]","args":[{"element-6066-11e4-a52e-4f735466cecf":"f.B14EA88AD92014BD4F4EDEC3100164B7.d.E953AF7C8396918ACC9F91B4507FEF90.e.1835","ELEMENT":"f.B14EA88AD92014BD4F4EDEC3100164B7.d.E953AF7C8396918ACC9F91B4507FEF90.e.1835"}]}
COMMAND: GET /session/85bc92a044d2dfb856863d13adac7a7e/screenshot - {}
RESULT: {}
RESULT: {"script":"<script> [5351 bytes]","args":[{"element-6066-11e4-a52e-4f735466cecf":"f.B14EA88AD92014BD4F4EDEC3100164B7.d.E953AF7C8396918ACC9F91B4507FEF90.e.1835","ELEMENT":"f.B14EA88AD92014BD4F4EDEC3100164B7.d.E953AF7C8396918ACC9F91B4507FEF90.e.1835"}]}
COMMAND: POST /session/85bc92a044d2dfb856863d13adac7a7e/element/f.B14EA88AD92014BD4F4EDEC3100164B7.d.E953AF7C8396918ACC9F91B4507FEF90.e.1835/click - {}
COMMAND: GET /session/85bc92a044d2dfb856863d13adac7a7e/screenshot - {}
RESULT: {}
RESULT: {}
COMMAND: GET /session/85bc92a044d2dfb856863d13adac7a7e/screenshot - {}
RESULT: {}
RESULT: {}
COMMAND: POST /session/85bc92a044d2dfb856863d13adac7a7e/element - {"using":"xpath","value":"//input[@id=\"application-managesites-display-component---NewSite--siteId-inner\"]"}
RESULT: {"using":"xpath","value":"//input[@id=\"application-managesites-display-component---NewSite--siteId-inner\"]"}
COMMAND: POST /session/85bc92a044d2dfb856863d13adac7a7e/element - {"using":"xpath","value":"//input[@id=\"application-managesites-display-component---NewSite--siteId-inner\"]"}
RESULT: {"using":"xpath","value":"//input[@id=\"application-managesites-display-component---NewSite--siteId-inner\"]"}
COMMAND: POST /session/85bc92a044d2dfb856863d13adac7a7e/execute/async - {"script":"<script> [1562 bytes]","args":[{"selector":{"id":"application-managesites-display-component---NewSite--addressDetailDetailsName1","interaction":{"idSuffix":"inner"}},"wdio_ui5_key":"applicationmanagesites-display-component---NewSite--addressDetailDetailsName1"}]}
RESULT: {"script":"<script> [1562 bytes]","args":[{"selector":{"id":"application-managesites-display-component---NewSite--addressDetailDetailsName1","interaction":{"idSuffix":"inner"}},"wdio_ui5_key":"applicationmanagesites-display-component---NewSite--addressDetailDetailsName1"}]}
RESULT: undefined
COMMAND: POST /session/85bc92a044d2dfb856863d13adac7a7e/execute/async - {"script":"<script> [776 bytes]","args":[{"enterText":"Intracompany Site wdIO","selector":{"id":"application-managesites-display-component---NewSite--addressDetailDetailsName1","interaction":{"idSuffix":"inner"}},"clearTextFirst":true,"interactionType":"ENTER_TEXT"}]}
RESULT: {"script":"<script> [776 bytes]","args":[{"enterText":"Intracompany Site wdIO","selector":{"id":"application-managesites-display-component---NewSite--addressDetailDetailsName1","interaction":{"idSuffix":"inner"}},"clearTextFirst":true,"interactionType":"ENTER_TEXT"}]}
COMMAND: POST /session/85bc92a044d2dfb856863d13adac7a7e/execute/async - {"script":"<script> [1562 bytes]","args":[{"selector":{"id":"application-managesites-display-component---NewSite--addressDetailDetailsLanguage-arrow"},"wdio_ui5_key":"applicationmanagesites-display-component---NewSite--addressDetailDetailsLanguage-arrow"}]}
RESULT: {"script":"<script> [1562 bytes]","args":[{"selector":{"id":"application-managesites-display-component---NewSite--addressDetailDetailsLanguage-arrow"},"wdio_ui5_key":"applicationmanagesites-display-component---NewSite--addressDetailDetailsLanguage-arrow"}]}
RESULT: undefined
COMMAND: POST /session/85bc92a044d2dfb856863d13adac7a7e/element - {"using":"xpath","value":"//*[@id=\"application-managesites-display-component---NewSite--addressDetailDetailsLanguage-arrow\"]"}
RESULT: {"using":"xpath","value":"//*[@id=\"application-managesites-display-component---NewSite--addressDetailDetailsLanguage-arrow\"]"}
COMMAND: POST /session/85bc92a044d2dfb856863d13adac7a7e/element/f.B14EA88AD92014BD4F4EDEC3100164B7.d.E953AF7C8396918ACC9F91B4507FEF90.e.2448/click - {}
RESULT: {}
COMMAND: POST /session/85bc92a044d2dfb856863d13adac7a7e/element - {"using":"xpath","value":"//span[contains(text(), \"English\")]"}
COMMAND: GET /session/85bc92a044d2dfb856863d13adac7a7e/screenshot - {}
RESULT: {"using":"xpath","value":"//span[contains(text(), \"English\")]"}
COMMAND: POST /session/85bc92a044d2dfb856863d13adac7a7e/element/f.B14EA88AD92014BD4F4EDEC3100164B7.d.E953AF7C8396918ACC9F91B4507FEF90.e.2449/click - {}
RESULT: {}
RESULT: {}
COMMAND: POST /session/85bc92a044d2dfb856863d13adac7a7e/execute/async - {"script":"<script> [1562 bytes]","args":[{"selector":{"id":"application-managesites-display-component---NewSite--addressDetailDetailsCity1","interaction":{"idSuffix":"inner"}},"wdio_ui5_key":"applicationmanagesites-display-component---NewSite--addressDetailDetailsCity1"}]}
COMMAND: GET /session/85bc92a044d2dfb856863d13adac7a7e/screenshot - {}
RESULT: {"script":"<script> [1562 bytes]","args":[{"selector":{"id":"application-managesites-display-component---NewSite--addressDetailDetailsCity1","interaction":{"idSuffix":"inner"}},"wdio_ui5_key":"applicationmanagesites-display-component---NewSite--addressDetailDetailsCity1"}]}
RESULT: undefined
COMMAND: POST /session/85bc92a044d2dfb856863d13adac7a7e/execute/async - {"script":"<script> [776 bytes]","args":[{"enterText":"Rosario","selector":{"id":"application-managesites-display-component---NewSite--addressDetailDetailsCity1","interaction":{"idSuffix":"inner"}},"clearTextFirst":true,"interactionType":"ENTER_TEXT"}]}
RESULT: {}
RESULT: {"script":"<script> [776 bytes]","args":[{"enterText":"Rosario","selector":{"id":"application-managesites-display-component---NewSite--addressDetailDetailsCity1","interaction":{"idSuffix":"inner"}},"clearTextFirst":true,"interactionType":"ENTER_TEXT"}]}
COMMAND: POST /session/85bc92a044d2dfb856863d13adac7a7e/execute/async - {"script":"<script> [1562 bytes]","args":[{"selector":{"id":"application-managesites-display-component---NewSite--addressDetailDetailsCountry-arrow"},"wdio_ui5_key":"applicationmanagesites-display-component---NewSite--addressDetailDetailsCountry-arrow"}]}
RESULT: {"script":"<script> [1562 bytes]","args":[{"selector":{"id":"application-managesites-display-component---NewSite--addressDetailDetailsCountry-arrow"},"wdio_ui5_key":"applicationmanagesites-display-component---NewSite--addressDetailDetailsCountry-arrow"}]}
RESULT: undefined
COMMAND: POST /session/85bc92a044d2dfb856863d13adac7a7e/element - {"using":"xpath","value":"//*[@id=\"application-managesites-display-component---NewSite--addressDetailDetailsCountry-arrow\"]"}
RESULT: {"using":"xpath","value":"//*[@id=\"application-managesites-display-component---NewSite--addressDetailDetailsCountry-arrow\"]"}
COMMAND: POST /session/85bc92a044d2dfb856863d13adac7a7e/element/f.B14EA88AD92014BD4F4EDEC3100164B7.d.E953AF7C8396918ACC9F91B4507FEF90.e.2451/click - {}
RESULT: {}
COMMAND: POST /session/85bc92a044d2dfb856863d13adac7a7e/element - {"using":"xpath","value":"//span[contains(text(), \"Argentina\")]"}
COMMAND: GET /session/85bc92a044d2dfb856863d13adac7a7e/screenshot - {}
RESULT: {"using":"xpath","value":"//span[contains(text(), \"Argentina\")]"}
COMMAND: POST /session/85bc92a044d2dfb856863d13adac7a7e/element/f.B14EA88AD92014BD4F4EDEC3100164B7.d.E953AF7C8396918ACC9F91B4507FEF90.e.2452/click - {}
RESULT: {}
RESULT: {}
COMMAND: GET /session/85bc92a044d2dfb856863d13adac7a7e/screenshot - {}
RESULT: {}
COMMAND: POST /session/85bc92a044d2dfb856863d13adac7a7e/execute/async - {"script":"<script> [1562 bytes]","args":[{"selector":{"id":"application-managesites-display-component---NewSite--addressEditDetailsCostObjectCstType-arrow"},"wdio_ui5_key":"applicationmanagesites-display-component---NewSite--addressEditDetailsCostObjectCstType-arrow"}]}
RESULT: {"script":"<script> [1562 bytes]","args":[{"selector":{"id":"application-managesites-display-component---NewSite--addressEditDetailsCostObjectCstType-arrow"},"wdio_ui5_key":"applicationmanagesites-display-component---NewSite--addressEditDetailsCostObjectCstType-arrow"}]}
RESULT: undefined
COMMAND: POST /session/85bc92a044d2dfb856863d13adac7a7e/element - {"using":"xpath","value":"//*[@id=\"application-managesites-display-component---NewSite--addressEditDetailsCostObjectCstType-arrow\"]"}
RESULT: {"using":"xpath","value":"//*[@id=\"application-managesites-display-component---NewSite--addressEditDetailsCostObjectCstType-arrow\"]"}
COMMAND: POST /session/85bc92a044d2dfb856863d13adac7a7e/element/f.B14EA88AD92014BD4F4EDEC3100164B7.d.E953AF7C8396918ACC9F91B4507FEF90.e.2454/click - {}
RESULT: {}
COMMAND: POST /session/85bc92a044d2dfb856863d13adac7a7e/element - {"using":"xpath","value":"//span[contains(text(), \"Cost Center\")]"}
COMMAND: GET /session/85bc92a044d2dfb856863d13adac7a7e/screenshot - {}
RESULT: {"using":"xpath","value":"//span[contains(text(), \"Cost Center\")]"}
COMMAND: POST /session/85bc92a044d2dfb856863d13adac7a7e/element/f.B14EA88AD92014BD4F4EDEC3100164B7.d.E953AF7C8396918ACC9F91B4507FEF90.e.2455/click - {}
RESULT: {}
RESULT: {}
COMMAND: GET /session/85bc92a044d2dfb856863d13adac7a7e/screenshot - {}
RESULT: {}
COMMAND: POST /session/85bc92a044d2dfb856863d13adac7a7e/element - {"using":"xpath","value":"//span[@id=\"application-managesites-display-component---NewSite--addressNewCostObjectCstID-vhi\"]"}
RESULT: {"using":"xpath","value":"//span[@id=\"application-managesites-display-component---NewSite--addressNewCostObjectCstID-vhi\"]"}
COMMAND: POST /session/85bc92a044d2dfb856863d13adac7a7e/execute/sync - {"script":"<script> [8489 bytes]","args":[{"element-6066-11e4-a52e-4f735466cecf":"f.B14EA88AD92014BD4F4EDEC3100164B7.d.E953AF7C8396918ACC9F91B4507FEF90.e.2460","ELEMENT":"f.B14EA88AD92014BD4F4EDEC3100164B7.d.E953AF7C8396918ACC9F91B4507FEF90.e.2460"}]}
RESULT: {"script":"<script> [8489 bytes]","args":[{"element-6066-11e4-a52e-4f735466cecf":"f.B14EA88AD92014BD4F4EDEC3100164B7.d.E953AF7C8396918ACC9F91B4507FEF90.e.2460","ELEMENT":"f.B14EA88AD92014BD4F4EDEC3100164B7.d.E953AF7C8396918ACC9F91B4507FEF90.e.2460"}]}
COMMAND: POST /session/85bc92a044d2dfb856863d13adac7a7e/execute/async - {"script":"<script> [1562 bytes]","args":[{"selector":{"id":"application-managesites-display-component---NewSite--addressNewCostObjectCstID-vhi"},"wdio_ui5_key":"applicationmanagesites-display-component---NewSite--addressNewCostObjectCstID-vhi"}]}
COMMAND: GET /session/85bc92a044d2dfb856863d13adac7a7e/screenshot - {}
RESULT: {"script":"<script> [1562 bytes]","args":[{"selector":{"id":"application-managesites-display-component---NewSite--addressNewCostObjectCstID-vhi"},"wdio_ui5_key":"applicationmanagesites-display-component---NewSite--addressNewCostObjectCstID-vhi"}]}
RESULT: undefined
COMMAND: POST /session/85bc92a044d2dfb856863d13adac7a7e/element - {"using":"xpath","value":"//*[@id=\"application-managesites-display-component---NewSite--addressNewCostObjectCstID-vhi\"]"}
RESULT: {}
RESULT: {"using":"xpath","value":"//*[@id=\"application-managesites-display-component---NewSite--addressNewCostObjectCstID-vhi\"]"}
COMMAND: POST /session/85bc92a044d2dfb856863d13adac7a7e/element/f.B14EA88AD92014BD4F4EDEC3100164B7.d.E953AF7C8396918ACC9F91B4507FEF90.e.2460/click - {}
RESULT: {}
COMMAND: GET /session/85bc92a044d2dfb856863d13adac7a7e/screenshot - {}
RESULT: {}
RESULT: undefined
COMMAND: POST /session/85bc92a044d2dfb856863d13adac7a7e/execute/async - {"script":"<script> [776 bytes]","args":[{"enterText":"10001013","selector":{"controlType":"sap.m.SearchField","properties":{"placeholder":"Search"},"searchOpenDialogs":true,"interaction":{"idSuffix":"I"}},"clearTextFirst":true,"interactionType":"ENTER_TEXT"}]}
RESULT: {"script":"<script> [776 bytes]","args":[{"enterText":"10001013","selector":{"controlType":"sap.m.SearchField","properties":{"placeholder":"Search"},"searchOpenDialogs":true,"interaction":{"idSuffix":"I"}},"clearTextFirst":true,"interactionType":"ENTER_TEXT"}]}
COMMAND: POST /session/85bc92a044d2dfb856863d13adac7a7e/actions - {"actions":[{"id":"action6","type":"key","parameters":{},"actions":[{"type":"keyDown","value":"î€‡"},{"type":"pause","duration":10},{"type":"keyUp","value":"î€‡"}]}]}
RESULT: {"actions":[{"id":"action6","type":"key","parameters":{},"actions":[{"type":"keyDown","value":"î€‡"},{"type":"pause","duration":10},{"type":"keyUp","value":"î€‡"}]}]}
COMMAND: GET /session/85bc92a044d2dfb856863d13adac7a7e/screenshot - {}
RESULT: {}
COMMAND: POST /session/85bc92a044d2dfb856863d13adac7a7e/element - {"using":"xpath","value":"//span[contains(text(), \"General Management\")]"}
RESULT: {"using":"xpath","value":"//span[contains(text(), \"General Management\")]"}
COMMAND: POST /session/85bc92a044d2dfb856863d13adac7a7e/element/f.B14EA88AD92014BD4F4EDEC3100164B7.d.E953AF7C8396918ACC9F91B4507FEF90.e.2500/click - {}
RESULT: {}
COMMAND: GET /session/85bc92a044d2dfb856863d13adac7a7e/screenshot - {}
RESULT: {}
COMMAND: POST /session/85bc92a044d2dfb856863d13adac7a7e/element - {"using":"xpath","value":"//bdi[contains(text(), \"OK\")]"}
RESULT: {"using":"xpath","value":"//bdi[contains(text(), \"OK\")]"}
COMMAND: POST /session/85bc92a044d2dfb856863d13adac7a7e/element/f.B14EA88AD92014BD4F4EDEC3100164B7.d.E953AF7C8396918ACC9F91B4507FEF90.e.2501/click - {}
RESULT: {}
COMMAND: GET /session/85bc92a044d2dfb856863d13adac7a7e/screenshot - {}
RESULT: {}
COMMAND: POST /session/85bc92a044d2dfb856863d13adac7a7e/element - {"using":"xpath","value":"//input[@id=\"application-managesites-display-component---NewSite--addressDetailDetailsCalendar-inner\"]"}
RESULT: {"using":"xpath","value":"//input[@id=\"application-managesites-display-component---NewSite--addressDetailDetailsCalendar-inner\"]"}
COMMAND: POST /session/85bc92a044d2dfb856863d13adac7a7e/element/f.B14EA88AD92014BD4F4EDEC3100164B7.d.E953AF7C8396918ACC9F91B4507FEF90.e.2245/clear - {}
RESULT: {}
COMMAND: POST /session/85bc92a044d2dfb856863d13adac7a7e/element/f.B14EA88AD92014BD4F4EDEC3100164B7.d.E953AF7C8396918ACC9F91B4507FEF90.e.2245/value - {"text":"Unit"}
COMMAND: GET /session/85bc92a044d2dfb856863d13adac7a7e/screenshot - {}
RESULT: {"text":"Unit"}
COMMAND: GET /session/85bc92a044d2dfb856863d13adac7a7e/screenshot - {}
RESULT: {}
RESULT: {}
COMMAND: POST /session/85bc92a044d2dfb856863d13adac7a7e/actions - {"actions":[{"id":"action7","type":"key","parameters":{},"actions":[{"type":"keyDown","value":"î€‡"},{"type":"pause","duration":10},{"type":"keyUp","value":"î€‡"}]}]}
RESULT: {"actions":[{"id":"action7","type":"key","parameters":{},"actions":[{"type":"keyDown","value":"î€‡"},{"type":"pause","duration":10},{"type":"keyUp","value":"î€‡"}]}]}
COMMAND: POST /session/85bc92a044d2dfb856863d13adac7a7e/element - {"using":"xpath","value":"//input[@id=\"application-managesites-display-component---NewSite--addressDetailDetailsYard-inner\"]"}
COMMAND: GET /session/85bc92a044d2dfb856863d13adac7a7e/screenshot - {}
RESULT: {"using":"xpath","value":"//input[@id=\"application-managesites-display-component---NewSite--addressDetailDetailsYard-inner\"]"}
COMMAND: POST /session/85bc92a044d2dfb856863d13adac7a7e/element/f.B14EA88AD92014BD4F4EDEC3100164B7.d.E953AF7C8396918ACC9F91B4507FEF90.e.2246/clear - {}
RESULT: {}
RESULT: {}
COMMAND: POST /session/85bc92a044d2dfb856863d13adac7a7e/element/f.B14EA88AD92014BD4F4EDEC3100164B7.d.E953AF7C8396918ACC9F91B4507FEF90.e.2246/value - {"text":"624"}
COMMAND: GET /session/85bc92a044d2dfb856863d13adac7a7e/screenshot - {}
RESULT: {"text":"624"}
COMMAND: GET /session/85bc92a044d2dfb856863d13adac7a7e/screenshot - {}
RESULT: {}
RESULT: {}
COMMAND: POST /session/85bc92a044d2dfb856863d13adac7a7e/element - {"using":"xpath","value":"//li[.//span[text()='624']]"}
RESULT: {"using":"xpath","value":"//li[.//span[text()='624']]"}
COMMAND: POST /session/85bc92a044d2dfb856863d13adac7a7e/element/f.B14EA88AD92014BD4F4EDEC3100164B7.d.E953AF7C8396918ACC9F91B4507FEF90.e.2509/click - {}
RESULT: {}
COMMAND: GET /session/85bc92a044d2dfb856863d13adac7a7e/screenshot - {}
RESULT: {}
COMMAND: POST /session/85bc92a044d2dfb856863d13adac7a7e/element - {"using":"xpath","value":"//input[@id=\"application-managesites-display-component---NewSite--addressDetailDetailsPartner-inner\"]"}
RESULT: {"using":"xpath","value":"//input[@id=\"application-managesites-display-component---NewSite--addressDetailDetailsPartner-inner\"]"}
COMMAND: POST /session/85bc92a044d2dfb856863d13adac7a7e/element - {"using":"xpath","value":"//input[@id=\"application-managesites-display-component---NewSite--addressDetailDetailsPartner-inner\"]"}
RESULT: {"using":"xpath","value":"//input[@id=\"application-managesites-display-component---NewSite--addressDetailDetailsPartner-inner\"]"}
COMMAND: POST /session/85bc92a044d2dfb856863d13adac7a7e/element - {"using":"xpath","value":"//button[@data-kt=\"saveButton\"]"}
RESULT: {"using":"xpath","value":"//button[@data-kt=\"saveButton\"]"}
COMMAND: POST /session/85bc92a044d2dfb856863d13adac7a7e/element/f.B14EA88AD92014BD4F4EDEC3100164B7.d.E953AF7C8396918ACC9F91B4507FEF90.e.2433/click - {}
RESULT: {}
COMMAND: GET /session/85bc92a044d2dfb856863d13adac7a7e/screenshot - {}
RESULT: {}
COMMAND: POST /session/85bc92a044d2dfb856863d13adac7a7e/element - {"using":"xpath","value":"//header[contains(@id, 'ObjectPageLayout-headerTitle')]/div[1]/div[2]/div[2]/span[1]"}
RESULT: {"using":"xpath","value":"//header[contains(@id, 'ObjectPageLayout-headerTitle')]/div[1]/div[2]/div[2]/span[1]"}
COMMAND: POST /session/85bc92a044d2dfb856863d13adac7a7e/elements - {"using":"xpath","value":"//header[contains(@id, 'ObjectPageLayout-headerTitle')]/div[1]/div[2]/div[2]/span[1]"}
RESULT: {"using":"xpath","value":"//header[contains(@id, 'ObjectPageLayout-headerTitle')]/div[1]/div[2]/div[2]/span[1]"}
COMMAND: POST /session/85bc92a044d2dfb856863d13adac7a7e/execute/sync - {"script":"<script> [56 bytes]","args":[{"element-6066-11e4-a52e-4f735466cecf":"f.B14EA88AD92014BD4F4EDEC3100164B7.d.E953AF7C8396918ACC9F91B4507FEF90.e.2711","ELEMENT":"f.B14EA88AD92014BD4F4EDEC3100164B7.d.E953AF7C8396918ACC9F91B4507FEF90.e.2711"}]}
RESULT: {"script":"<script> [56 bytes]","args":[{"element-6066-11e4-a52e-4f735466cecf":"f.B14EA88AD92014BD4F4EDEC3100164B7.d.E953AF7C8396918ACC9F91B4507FEF90.e.2711","ELEMENT":"f.B14EA88AD92014BD4F4EDEC3100164B7.d.E953AF7C8396918ACC9F91B4507FEF90.e.2711"}]}
COMMAND: POST /session/85bc92a044d2dfb856863d13adac7a7e/element - {"using":"css selector","value":"#shell-header-logo"}
COMMAND: GET /session/85bc92a044d2dfb856863d13adac7a7e/screenshot - {}
RESULT: {"using":"css selector","value":"#shell-header-logo"}
COMMAND: POST /session/85bc92a044d2dfb856863d13adac7a7e/element/f.B14EA88AD92014BD4F4EDEC3100164B7.d.E953AF7C8396918ACC9F91B4507FEF90.e.1793/click - {}
RESULT: {}
RESULT: {}
COMMAND: GET /session/85bc92a044d2dfb856863d13adac7a7e/screenshot - {}
RESULT: {}
COMMAND: POST /session/85bc92a044d2dfb856863d13adac7a7e/execute/sync - {"script":"<script> [299 bytes]","args":[["getModel","getResource"]]}
RESULT: {"script":"<script> [299 bytes]","args":[["getModel","getResource"]]}
]]></system-out>
    </testcase>
    <testcase classname="chrome.136_0_7103_93.windows.Billing_confirm_US117289" name="Should create a new equipment" time="127.354">
      <system-out><![CDATA[
COMMAND: GET /session/85bc92a044d2dfb856863d13adac7a7e/screenshot - {}
COMMAND: POST /session/85bc92a044d2dfb856863d13adac7a7e/execute/async - {"script":"<script> [1562 bytes]","args":[{"selector":{"controlType":"sap.m.GenericTile","properties":{"header":"Manage Resources"}},"wdio_ui5_key":"sapm.GenericTile{\"header\":\"Manage Resources\"}"}]}
RESULT: {}
RESULT: {"script":"<script> [1562 bytes]","args":[{"selector":{"controlType":"sap.m.GenericTile","properties":{"header":"Manage Resources"}},"wdio_ui5_key":"sapm.GenericTile{\"header\":\"Manage Resources\"}"}]}
RESULT: undefined
COMMAND: POST /session/85bc92a044d2dfb856863d13adac7a7e/element - {"using":"xpath","value":"//*[@id=\"__tile39\"]"}
RESULT: {"using":"xpath","value":"//*[@id=\"__tile39\"]"}
COMMAND: POST /session/85bc92a044d2dfb856863d13adac7a7e/element/f.B14EA88AD92014BD4F4EDEC3100164B7.d.E953AF7C8396918ACC9F91B4507FEF90.e.150/click - {}
RESULT: {}
COMMAND: GET /session/85bc92a044d2dfb856863d13adac7a7e/screenshot - {}
RESULT: {}
COMMAND: POST /session/85bc92a044d2dfb856863d13adac7a7e/elements - {"using":"xpath","value":"//span[text()='Error']"}
RESULT: {"using":"xpath","value":"//span[text()='Error']"}
COMMAND: POST /session/85bc92a044d2dfb856863d13adac7a7e/element - {"using":"xpath","value":"//button[@data-kt=\"addNewRUOverflowToolbarButton\"]"}
RESULT: {"using":"xpath","value":"//button[@data-kt=\"addNewRUOverflowToolbarButton\"]"}
COMMAND: POST /session/85bc92a044d2dfb856863d13adac7a7e/elements - {"using":"xpath","value":"//button[@data-kt=\"addNewRUOverflowToolbarButton\"]"}
RESULT: {"using":"xpath","value":"//button[@data-kt=\"addNewRUOverflowToolbarButton\"]"}
COMMAND: POST /session/85bc92a044d2dfb856863d13adac7a7e/execute/sync - {"script":"<script> [8489 bytes]","args":[{"element-6066-11e4-a52e-4f735466cecf":"f.B14EA88AD92014BD4F4EDEC3100164B7.d.E953AF7C8396918ACC9F91B4507FEF90.e.2743","ELEMENT":"f.B14EA88AD92014BD4F4EDEC3100164B7.d.E953AF7C8396918ACC9F91B4507FEF90.e.2743"}]}
RESULT: {"script":"<script> [8489 bytes]","args":[{"element-6066-11e4-a52e-4f735466cecf":"f.B14EA88AD92014BD4F4EDEC3100164B7.d.E953AF7C8396918ACC9F91B4507FEF90.e.2743","ELEMENT":"f.B14EA88AD92014BD4F4EDEC3100164B7.d.E953AF7C8396918ACC9F91B4507FEF90.e.2743"}]}
COMMAND: GET /session/85bc92a044d2dfb856863d13adac7a7e/element/f.B14EA88AD92014BD4F4EDEC3100164B7.d.E953AF7C8396918ACC9F91B4507FEF90.e.2743/enabled - {}
COMMAND: GET /session/85bc92a044d2dfb856863d13adac7a7e/screenshot - {}
RESULT: {}
COMMAND: POST /session/85bc92a044d2dfb856863d13adac7a7e/execute/sync - {"script":"<script> [8489 bytes]","args":[{"element-6066-11e4-a52e-4f735466cecf":"f.B14EA88AD92014BD4F4EDEC3100164B7.d.E953AF7C8396918ACC9F91B4507FEF90.e.2743","ELEMENT":"f.B14EA88AD92014BD4F4EDEC3100164B7.d.E953AF7C8396918ACC9F91B4507FEF90.e.2743"}]}
COMMAND: GET /session/85bc92a044d2dfb856863d13adac7a7e/screenshot - {}
RESULT: {}
RESULT: {"script":"<script> [8489 bytes]","args":[{"element-6066-11e4-a52e-4f735466cecf":"f.B14EA88AD92014BD4F4EDEC3100164B7.d.E953AF7C8396918ACC9F91B4507FEF90.e.2743","ELEMENT":"f.B14EA88AD92014BD4F4EDEC3100164B7.d.E953AF7C8396918ACC9F91B4507FEF90.e.2743"}]}
COMMAND: POST /session/85bc92a044d2dfb856863d13adac7a7e/execute/sync - {"script":"<script> [5351 bytes]","args":[{"element-6066-11e4-a52e-4f735466cecf":"f.B14EA88AD92014BD4F4EDEC3100164B7.d.E953AF7C8396918ACC9F91B4507FEF90.e.2743","ELEMENT":"f.B14EA88AD92014BD4F4EDEC3100164B7.d.E953AF7C8396918ACC9F91B4507FEF90.e.2743"}]}
COMMAND: GET /session/85bc92a044d2dfb856863d13adac7a7e/screenshot - {}
RESULT: {}
RESULT: {"script":"<script> [5351 bytes]","args":[{"element-6066-11e4-a52e-4f735466cecf":"f.B14EA88AD92014BD4F4EDEC3100164B7.d.E953AF7C8396918ACC9F91B4507FEF90.e.2743","ELEMENT":"f.B14EA88AD92014BD4F4EDEC3100164B7.d.E953AF7C8396918ACC9F91B4507FEF90.e.2743"}]}
COMMAND: POST /session/85bc92a044d2dfb856863d13adac7a7e/element/f.B14EA88AD92014BD4F4EDEC3100164B7.d.E953AF7C8396918ACC9F91B4507FEF90.e.2743/click - {}
COMMAND: GET /session/85bc92a044d2dfb856863d13adac7a7e/screenshot - {}
RESULT: {}
RESULT: {}
COMMAND: GET /session/85bc92a044d2dfb856863d13adac7a7e/screenshot - {}
RESULT: {}
COMMAND: POST /session/85bc92a044d2dfb856863d13adac7a7e/execute/async - {"script":"<script> [1562 bytes]","args":[{"selector":{"id":"application-manageresources-display-component---newResourceUnit--TYPE-arrow"},"wdio_ui5_key":"applicationmanageresources-display-component---newResourceUnit--TYPE-arrow"}]}
RESULT: {}
RESULT: {"script":"<script> [1562 bytes]","args":[{"selector":{"id":"application-manageresources-display-component---newResourceUnit--TYPE-arrow"},"wdio_ui5_key":"applicationmanageresources-display-component---newResourceUnit--TYPE-arrow"}]}
RESULT: undefined
COMMAND: POST /session/85bc92a044d2dfb856863d13adac7a7e/element - {"using":"xpath","value":"//*[@id=\"application-manageresources-display-component---newResourceUnit--TYPE-arrow\"]"}
RESULT: {"using":"xpath","value":"//*[@id=\"application-manageresources-display-component---newResourceUnit--TYPE-arrow\"]"}
COMMAND: POST /session/85bc92a044d2dfb856863d13adac7a7e/element/f.B14EA88AD92014BD4F4EDEC3100164B7.d.E953AF7C8396918ACC9F91B4507FEF90.e.2911/click - {}
RESULT: {}
COMMAND: POST /session/85bc92a044d2dfb856863d13adac7a7e/element - {"using":"xpath","value":"//input[@id=\"application-manageresources-display-component---newResourceUnit--TYPE-inner\"]"}
COMMAND: GET /session/85bc92a044d2dfb856863d13adac7a7e/screenshot - {}
RESULT: {"using":"xpath","value":"//input[@id=\"application-manageresources-display-component---newResourceUnit--TYPE-inner\"]"}
COMMAND: POST /session/85bc92a044d2dfb856863d13adac7a7e/element/f.B14EA88AD92014BD4F4EDEC3100164B7.d.E953AF7C8396918ACC9F91B4507FEF90.e.2797/clear - {}
RESULT: {}
RESULT: {}
COMMAND: POST /session/85bc92a044d2dfb856863d13adac7a7e/element/f.B14EA88AD92014BD4F4EDEC3100164B7.d.E953AF7C8396918ACC9F91B4507FEF90.e.2797/value - {"text":"Equipment"}
COMMAND: GET /session/85bc92a044d2dfb856863d13adac7a7e/screenshot - {}
RESULT: {"text":"Equipment"}
COMMAND: GET /session/85bc92a044d2dfb856863d13adac7a7e/screenshot - {}
RESULT: {}
RESULT: {}
COMMAND: POST /session/85bc92a044d2dfb856863d13adac7a7e/actions - {"actions":[{"id":"action8","type":"key","parameters":{},"actions":[{"type":"keyDown","value":"î€‡"},{"type":"pause","duration":10},{"type":"keyUp","value":"î€‡"}]}]}
RESULT: {"actions":[{"id":"action8","type":"key","parameters":{},"actions":[{"type":"keyDown","value":"î€‡"},{"type":"pause","duration":10},{"type":"keyUp","value":"î€‡"}]}]}
COMMAND: POST /session/85bc92a044d2dfb856863d13adac7a7e/execute/async - {"script":"<script> [1562 bytes]","args":[{"selector":{"id":"application-manageresources-display-component---newResourceUnit--resourceId","interaction":{"idSuffix":"inner"}},"wdio_ui5_key":"applicationmanageresources-display-component---newResourceUnit--resourceId"}]}
COMMAND: GET /session/85bc92a044d2dfb856863d13adac7a7e/screenshot - {}
RESULT: {"script":"<script> [1562 bytes]","args":[{"selector":{"id":"application-manageresources-display-component---newResourceUnit--resourceId","interaction":{"idSuffix":"inner"}},"wdio_ui5_key":"applicationmanageresources-display-component---newResourceUnit--resourceId"}]}
RESULT: undefined
COMMAND: POST /session/85bc92a044d2dfb856863d13adac7a7e/execute/async - {"script":"<script> [776 bytes]","args":[{"enterText":"gH3iGdxTy8","selector":{"id":"application-manageresources-display-component---newResourceUnit--resourceId","interaction":{"idSuffix":"inner"}},"clearTextFirst":true,"interactionType":"ENTER_TEXT"}]}
RESULT: {}
RESULT: {"script":"<script> [776 bytes]","args":[{"enterText":"gH3iGdxTy8","selector":{"id":"application-manageresources-display-component---newResourceUnit--resourceId","interaction":{"idSuffix":"inner"}},"clearTextFirst":true,"interactionType":"ENTER_TEXT"}]}
COMMAND: POST /session/85bc92a044d2dfb856863d13adac7a7e/execute/async - {"script":"<script> [1562 bytes]","args":[{"selector":{"id":"application-manageresources-display-component---newResourceUnit--SHORT_TEXT","interaction":{"idSuffix":"inner"}},"wdio_ui5_key":"applicationmanageresources-display-component---newResourceUnit--SHORT_TEXT"}]}
RESULT: {"script":"<script> [1562 bytes]","args":[{"selector":{"id":"application-manageresources-display-component---newResourceUnit--SHORT_TEXT","interaction":{"idSuffix":"inner"}},"wdio_ui5_key":"applicationmanageresources-display-component---newResourceUnit--SHORT_TEXT"}]}
RESULT: undefined
COMMAND: POST /session/85bc92a044d2dfb856863d13adac7a7e/execute/async - {"script":"<script> [776 bytes]","args":[{"enterText":"Intercompany Equipment WDIO","selector":{"id":"application-manageresources-display-component---newResourceUnit--SHORT_TEXT","interaction":{"idSuffix":"inner"}},"clearTextFirst":true,"interactionType":"ENTER_TEXT"}]}
RESULT: {"script":"<script> [776 bytes]","args":[{"enterText":"Intercompany Equipment WDIO","selector":{"id":"application-manageresources-display-component---newResourceUnit--SHORT_TEXT","interaction":{"idSuffix":"inner"}},"clearTextFirst":true,"interactionType":"ENTER_TEXT"}]}
COMMAND: POST /session/85bc92a044d2dfb856863d13adac7a7e/execute/async - {"script":"<script> [1562 bytes]","args":[{"selector":{"id":"application-manageresources-display-component---newResourceUnit--BASE_UNIT_OF_MEASURE","interaction":{"idSuffix":"inner"}},"wdio_ui5_key":"applicationmanageresources-display-component---newResourceUnit--BASE_UNIT_OF_MEASURE"}]}
RESULT: {"script":"<script> [1562 bytes]","args":[{"selector":{"id":"application-manageresources-display-component---newResourceUnit--BASE_UNIT_OF_MEASURE","interaction":{"idSuffix":"inner"}},"wdio_ui5_key":"applicationmanageresources-display-component---newResourceUnit--BASE_UNIT_OF_MEASURE"}]}
RESULT: undefined
COMMAND: POST /session/85bc92a044d2dfb856863d13adac7a7e/execute/async - {"script":"<script> [776 bytes]","args":[{"enterText":"Piece","selector":{"id":"application-manageresources-display-component---newResourceUnit--BASE_UNIT_OF_MEASURE","interaction":{"idSuffix":"inner"}},"clearTextFirst":true,"interactionType":"ENTER_TEXT"}]}
RESULT: {"script":"<script> [776 bytes]","args":[{"enterText":"Piece","selector":{"id":"application-manageresources-display-component---newResourceUnit--BASE_UNIT_OF_MEASURE","interaction":{"idSuffix":"inner"}},"clearTextFirst":true,"interactionType":"ENTER_TEXT"}]}
COMMAND: POST /session/85bc92a044d2dfb856863d13adac7a7e/execute/async - {"script":"<script> [1562 bytes]","args":[{"selector":{"id":"application-manageresources-display-component---newResourceUnit--WEIGHT_UNIT","interaction":{"idSuffix":"inner"}},"wdio_ui5_key":"applicationmanageresources-display-component---newResourceUnit--WEIGHT_UNIT"}]}
RESULT: {"script":"<script> [1562 bytes]","args":[{"selector":{"id":"application-manageresources-display-component---newResourceUnit--WEIGHT_UNIT","interaction":{"idSuffix":"inner"}},"wdio_ui5_key":"applicationmanageresources-display-component---newResourceUnit--WEIGHT_UNIT"}]}
RESULT: undefined
COMMAND: POST /session/85bc92a044d2dfb856863d13adac7a7e/execute/async - {"script":"<script> [776 bytes]","args":[{"enterText":"Gram","selector":{"id":"application-manageresources-display-component---newResourceUnit--WEIGHT_UNIT","interaction":{"idSuffix":"inner"}},"clearTextFirst":true,"interactionType":"ENTER_TEXT"}]}
RESULT: {"script":"<script> [776 bytes]","args":[{"enterText":"Gram","selector":{"id":"application-manageresources-display-component---newResourceUnit--WEIGHT_UNIT","interaction":{"idSuffix":"inner"}},"clearTextFirst":true,"interactionType":"ENTER_TEXT"}]}
COMMAND: POST /session/85bc92a044d2dfb856863d13adac7a7e/execute/async - {"script":"<script> [1562 bytes]","args":[{"selector":{"id":"application-manageresources-display-component---newResourceUnit--DIMENSION_UNIT","interaction":{"idSuffix":"inner"}},"wdio_ui5_key":"applicationmanageresources-display-component---newResourceUnit--DIMENSION_UNIT"}]}
RESULT: {"script":"<script> [1562 bytes]","args":[{"selector":{"id":"application-manageresources-display-component---newResourceUnit--DIMENSION_UNIT","interaction":{"idSuffix":"inner"}},"wdio_ui5_key":"applicationmanageresources-display-component---newResourceUnit--DIMENSION_UNIT"}]}
RESULT: undefined
COMMAND: POST /session/85bc92a044d2dfb856863d13adac7a7e/execute/async - {"script":"<script> [776 bytes]","args":[{"enterText":"Meter","selector":{"id":"application-manageresources-display-component---newResourceUnit--DIMENSION_UNIT","interaction":{"idSuffix":"inner"}},"clearTextFirst":true,"interactionType":"ENTER_TEXT"}]}
RESULT: {"script":"<script> [776 bytes]","args":[{"enterText":"Meter","selector":{"id":"application-manageresources-display-component---newResourceUnit--DIMENSION_UNIT","interaction":{"idSuffix":"inner"}},"clearTextFirst":true,"interactionType":"ENTER_TEXT"}]}
COMMAND: POST /session/85bc92a044d2dfb856863d13adac7a7e/execute/async - {"script":"<script> [1562 bytes]","args":[{"selector":{"id":"application-manageresources-display-component---newResourceUnit--newRRUPage-anchBar-application-manageresources-display-component---newResourceUnit--control-anchor","interaction":{"idSuffix":"BDI-content"}},"wdio_ui5_key":"applicationmanageresources-display-component---newResourceUnit--newRRUPage-anchBar-application-manageresources-display-component---newResourceUnit--control-anchor"}]}
RESULT: {"script":"<script> [1562 bytes]","args":[{"selector":{"id":"application-manageresources-display-component---newResourceUnit--newRRUPage-anchBar-application-manageresources-display-component---newResourceUnit--control-anchor","interaction":{"idSuffix":"BDI-content"}},"wdio_ui5_key":"applicationmanageresources-display-component---newResourceUnit--newRRUPage-anchBar-application-manageresources-display-component---newResourceUnit--control-anchor"}]}
RESULT: undefined
COMMAND: POST /session/85bc92a044d2dfb856863d13adac7a7e/element - {"using":"xpath","value":"//*[@id=\"application-manageresources-display-component---newResourceUnit--newRRUPage-anchBar-application-manageresources-display-component---newResourceUnit--control-anchor\"]"}
RESULT: {"using":"xpath","value":"//*[@id=\"application-manageresources-display-component---newResourceUnit--newRRUPage-anchBar-application-manageresources-display-component---newResourceUnit--control-anchor\"]"}
COMMAND: POST /session/85bc92a044d2dfb856863d13adac7a7e/element/f.B14EA88AD92014BD4F4EDEC3100164B7.d.E953AF7C8396918ACC9F91B4507FEF90.e.3068/click - {}
RESULT: {}
COMMAND: POST /session/85bc92a044d2dfb856863d13adac7a7e/execute/async - {"script":"<script> [1562 bytes]","args":[{"selector":{"id":"application-manageresources-display-component---newResourceUnit--PLANNING_GROUP","interaction":{"idSuffix":"inner"}},"wdio_ui5_key":"applicationmanageresources-display-component---newResourceUnit--PLANNING_GROUP"}]}
COMMAND: GET /session/85bc92a044d2dfb856863d13adac7a7e/screenshot - {}
RESULT: {"script":"<script> [1562 bytes]","args":[{"selector":{"id":"application-manageresources-display-component---newResourceUnit--PLANNING_GROUP","interaction":{"idSuffix":"inner"}},"wdio_ui5_key":"applicationmanageresources-display-component---newResourceUnit--PLANNING_GROUP"}]}
RESULT: undefined
COMMAND: POST /session/85bc92a044d2dfb856863d13adac7a7e/execute/async - {"script":"<script> [776 bytes]","args":[{"enterText":"Heavy Equi","selector":{"id":"application-manageresources-display-component---newResourceUnit--PLANNING_GROUP","interaction":{"idSuffix":"inner"}},"clearTextFirst":true,"interactionType":"ENTER_TEXT"}]}
RESULT: {}
RESULT: {"script":"<script> [776 bytes]","args":[{"enterText":"Heavy Equi","selector":{"id":"application-manageresources-display-component---newResourceUnit--PLANNING_GROUP","interaction":{"idSuffix":"inner"}},"clearTextFirst":true,"interactionType":"ENTER_TEXT"}]}
COMMAND: POST /session/85bc92a044d2dfb856863d13adac7a7e/execute/async - {"script":"<script> [1562 bytes]","args":[{"selector":{"id":"application-manageresources-display-component---newResourceUnit--ITEM_TYPE-arrow"},"wdio_ui5_key":"applicationmanageresources-display-component---newResourceUnit--ITEM_TYPE-arrow"}]}
RESULT: {"script":"<script> [1562 bytes]","args":[{"selector":{"id":"application-manageresources-display-component---newResourceUnit--ITEM_TYPE-arrow"},"wdio_ui5_key":"applicationmanageresources-display-component---newResourceUnit--ITEM_TYPE-arrow"}]}
RESULT: undefined
COMMAND: POST /session/85bc92a044d2dfb856863d13adac7a7e/element - {"using":"xpath","value":"//*[@id=\"application-manageresources-display-component---newResourceUnit--ITEM_TYPE-arrow\"]"}
RESULT: {"using":"xpath","value":"//*[@id=\"application-manageresources-display-component---newResourceUnit--ITEM_TYPE-arrow\"]"}
COMMAND: POST /session/85bc92a044d2dfb856863d13adac7a7e/element/f.B14EA88AD92014BD4F4EDEC3100164B7.d.E953AF7C8396918ACC9F91B4507FEF90.e.3075/click - {}
RESULT: {}
COMMAND: POST /session/85bc92a044d2dfb856863d13adac7a7e/element - {"using":"xpath","value":"//ul[contains(@id,\"ITEM_TYPE-popup-list-listUl\")]//li[.//span[contains(text(),\"Resource Unit\")]]"}
COMMAND: GET /session/85bc92a044d2dfb856863d13adac7a7e/screenshot - {}
RESULT: {"using":"xpath","value":"//ul[contains(@id,\"ITEM_TYPE-popup-list-listUl\")]//li[.//span[contains(text(),\"Resource Unit\")]]"}
COMMAND: POST /session/85bc92a044d2dfb856863d13adac7a7e/element/f.B14EA88AD92014BD4F4EDEC3100164B7.d.E953AF7C8396918ACC9F91B4507FEF90.e.3076/click - {}
RESULT: {}
RESULT: {}
COMMAND: GET /session/85bc92a044d2dfb856863d13adac7a7e/screenshot - {}
RESULT: {}
COMMAND: POST /session/85bc92a044d2dfb856863d13adac7a7e/element - {"using":"css selector","value":"#application-manageresources-display-component---newResourceUnit--btnAddTimeSegment"}
RESULT: {"using":"css selector","value":"#application-manageresources-display-component---newResourceUnit--btnAddTimeSegment"}
COMMAND: GET /session/85bc92a044d2dfb856863d13adac7a7e/element/f.B14EA88AD92014BD4F4EDEC3100164B7.d.E953AF7C8396918ACC9F91B4507FEF90.e.3083/rect - {}
RESULT: {}
COMMAND: GET /session/85bc92a044d2dfb856863d13adac7a7e/window/rect - {}
RESULT: {}
COMMAND: POST /session/85bc92a044d2dfb856863d13adac7a7e/execute/sync - {"script":"<script> [92 bytes]","args":[]}
RESULT: {"script":"<script> [92 bytes]","args":[]}
COMMAND: POST /session/85bc92a044d2dfb856863d13adac7a7e/actions - {"actions":[{"id":"action9","type":"wheel","parameters":{},"actions":[{"type":"scroll","x":-1888,"y":-32,"deltaX":0,"deltaY":0,"duration":0,"origin":{"element-6066-11e4-a52e-4f735466cecf":"f.B14EA88AD92014BD4F4EDEC3100164B7.d.E953AF7C8396918ACC9F91B4507FEF90.e.3083"}}]}]}
COMMAND: GET /session/85bc92a044d2dfb856863d13adac7a7e/screenshot - {}
RESULT: {}
COMMAND: POST /session/85bc92a044d2dfb856863d13adac7a7e/execute/sync - {"script":"<script> [79 bytes]","args":[{"element-6066-11e4-a52e-4f735466cecf":"f.B14EA88AD92014BD4F4EDEC3100164B7.d.E953AF7C8396918ACC9F91B4507FEF90.e.3083","ELEMENT":"f.B14EA88AD92014BD4F4EDEC3100164B7.d.E953AF7C8396918ACC9F91B4507FEF90.e.3083"},{"block":"start","inline":"nearest"}]}
RESULT: {"script":"<script> [79 bytes]","args":[{"element-6066-11e4-a52e-4f735466cecf":"f.B14EA88AD92014BD4F4EDEC3100164B7.d.E953AF7C8396918ACC9F91B4507FEF90.e.3083","ELEMENT":"f.B14EA88AD92014BD4F4EDEC3100164B7.d.E953AF7C8396918ACC9F91B4507FEF90.e.3083"},{"block":"start","inline":"nearest"}]}
COMMAND: POST /session/85bc92a044d2dfb856863d13adac7a7e/execute/async - {"script":"<script> [1562 bytes]","args":[{"selector":{"id":"application-manageresources-display-component---newResourceUnit--btnAddTimeSegment","interaction":{"idSuffix":"inner"}},"wdio_ui5_key":"applicationmanageresources-display-component---newResourceUnit--btnAddTimeSegment"}]}
COMMAND: GET /session/85bc92a044d2dfb856863d13adac7a7e/screenshot - {}
RESULT: {"script":"<script> [1562 bytes]","args":[{"selector":{"id":"application-manageresources-display-component---newResourceUnit--btnAddTimeSegment","interaction":{"idSuffix":"inner"}},"wdio_ui5_key":"applicationmanageresources-display-component---newResourceUnit--btnAddTimeSegment"}]}
RESULT: undefined
COMMAND: POST /session/85bc92a044d2dfb856863d13adac7a7e/element - {"using":"xpath","value":"//*[@id=\"application-manageresources-display-component---newResourceUnit--btnAddTimeSegment\"]"}
RESULT: {}
RESULT: {"using":"xpath","value":"//*[@id=\"application-manageresources-display-component---newResourceUnit--btnAddTimeSegment\"]"}
COMMAND: POST /session/85bc92a044d2dfb856863d13adac7a7e/element/f.B14EA88AD92014BD4F4EDEC3100164B7.d.E953AF7C8396918ACC9F91B4507FEF90.e.3083/click - {}
RESULT: {}
COMMAND: GET /session/85bc92a044d2dfb856863d13adac7a7e/screenshot - {}
RESULT: {}
COMMAND: POST /session/85bc92a044d2dfb856863d13adac7a7e/element - {"using":"xpath","value":"//input[@id=\"application-manageresources-display-component---newResourceUnit--idRuTSAdmin-application-manageresources-display-component---newResourceUnit--RUTimeSegment-0-inner\"]"}
RESULT: {"using":"xpath","value":"//input[@id=\"application-manageresources-display-component---newResourceUnit--idRuTSAdmin-application-manageresources-display-component---newResourceUnit--RUTimeSegment-0-inner\"]"}
COMMAND: POST /session/85bc92a044d2dfb856863d13adac7a7e/element/f.B14EA88AD92014BD4F4EDEC3100164B7.d.E953AF7C8396918ACC9F91B4507FEF90.e.3089/clear - {}
RESULT: {}
COMMAND: POST /session/85bc92a044d2dfb856863d13adac7a7e/element/f.B14EA88AD92014BD4F4EDEC3100164B7.d.E953AF7C8396918ACC9F91B4507FEF90.e.3089/value - {"text":"624"}
COMMAND: GET /session/85bc92a044d2dfb856863d13adac7a7e/screenshot - {}
RESULT: {"text":"624"}
COMMAND: GET /session/85bc92a044d2dfb856863d13adac7a7e/screenshot - {}
RESULT: {}
RESULT: {}
COMMAND: POST /session/85bc92a044d2dfb856863d13adac7a7e/element - {"using":"xpath","value":"//li[.//span[text()='624']]"}
RESULT: {"using":"xpath","value":"//li[.//span[text()='624']]"}
COMMAND: POST /session/85bc92a044d2dfb856863d13adac7a7e/element/f.B14EA88AD92014BD4F4EDEC3100164B7.d.E953AF7C8396918ACC9F91B4507FEF90.e.3102/click - {}
RESULT: {}
COMMAND: GET /session/85bc92a044d2dfb856863d13adac7a7e/screenshot - {}
RESULT: {}
COMMAND: POST /session/85bc92a044d2dfb856863d13adac7a7e/element - {"using":"xpath","value":"(//span[contains(@id, \"-application-manageresources-display-component---newResourceUnit--RUTimeSegment-0-arrow\")])[6]"}
RESULT: {"using":"xpath","value":"(//span[contains(@id, \"-application-manageresources-display-component---newResourceUnit--RUTimeSegment-0-arrow\")])[6]"}
COMMAND: POST /session/85bc92a044d2dfb856863d13adac7a7e/element/f.B14EA88AD92014BD4F4EDEC3100164B7.d.E953AF7C8396918ACC9F91B4507FEF90.e.3103/click - {}
RESULT: {}
COMMAND: GET /session/85bc92a044d2dfb856863d13adac7a7e/screenshot - {}
RESULT: {}
COMMAND: POST /session/85bc92a044d2dfb856863d13adac7a7e/element - {"using":"xpath","value":"//span[contains(text(), \"PM Order\")]"}
RESULT: {"using":"xpath","value":"//span[contains(text(), \"PM Order\")]"}
COMMAND: POST /session/85bc92a044d2dfb856863d13adac7a7e/element/f.B14EA88AD92014BD4F4EDEC3100164B7.d.E953AF7C8396918ACC9F91B4507FEF90.e.3106/click - {}
RESULT: {}
COMMAND: GET /session/85bc92a044d2dfb856863d13adac7a7e/screenshot - {}
RESULT: {}
COMMAND: POST /session/85bc92a044d2dfb856863d13adac7a7e/element - {"using":"xpath","value":"(//span[contains(@id ,\"manageresources-display-component---newResourceUnit--RUTimeSegment-0-vhi\")])[1]"}
RESULT: {"using":"xpath","value":"(//span[contains(@id ,\"manageresources-display-component---newResourceUnit--RUTimeSegment-0-vhi\")])[1]"}
COMMAND: GET /session/85bc92a044d2dfb856863d13adac7a7e/element/f.B14EA88AD92014BD4F4EDEC3100164B7.d.E953AF7C8396918ACC9F91B4507FEF90.e.3110/rect - {}
RESULT: {}
COMMAND: GET /session/85bc92a044d2dfb856863d13adac7a7e/window/rect - {}
RESULT: {}
COMMAND: POST /session/85bc92a044d2dfb856863d13adac7a7e/execute/sync - {"script":"<script> [92 bytes]","args":[]}
RESULT: {"script":"<script> [92 bytes]","args":[]}
COMMAND: POST /session/85bc92a044d2dfb856863d13adac7a7e/actions - {"actions":[{"id":"action10","type":"wheel","parameters":{},"actions":[{"type":"scroll","x":-869,"y":-24,"deltaX":0,"deltaY":0,"duration":0,"origin":{"element-6066-11e4-a52e-4f735466cecf":"f.B14EA88AD92014BD4F4EDEC3100164B7.d.E953AF7C8396918ACC9F91B4507FEF90.e.3110"}}]}]}
COMMAND: GET /session/85bc92a044d2dfb856863d13adac7a7e/screenshot - {}
RESULT: {"actions":[{"id":"action10","type":"wheel","parameters":{},"actions":[{"type":"scroll","x":-869,"y":-24,"deltaX":0,"deltaY":0,"duration":0,"origin":{"element-6066-11e4-a52e-4f735466cecf":"f.B14EA88AD92014BD4F4EDEC3100164B7.d.E953AF7C8396918ACC9F91B4507FEF90.e.3110"}}]}]}
COMMAND: DELETE /session/85bc92a044d2dfb856863d13adac7a7e/actions - {}
COMMAND: GET /session/85bc92a044d2dfb856863d13adac7a7e/screenshot - {}
RESULT: {}
RESULT: {}
COMMAND: GET /session/85bc92a044d2dfb856863d13adac7a7e/screenshot - {}
RESULT: {}
RESULT: {}
COMMAND: POST /session/85bc92a044d2dfb856863d13adac7a7e/element/f.B14EA88AD92014BD4F4EDEC3100164B7.d.E953AF7C8396918ACC9F91B4507FEF90.e.3110/click - {}
RESULT: {}
COMMAND: GET /session/85bc92a044d2dfb856863d13adac7a7e/screenshot - {}
RESULT: {}
RESULT: undefined
COMMAND: POST /session/85bc92a044d2dfb856863d13adac7a7e/execute/async - {"script":"<script> [776 bytes]","args":[{"enterText":"4000360","selector":{"controlType":"sap.m.SearchField","properties":{"placeholder":"Search"},"searchOpenDialogs":true,"interaction":{"idSuffix":"I"}},"clearTextFirst":true,"interactionType":"ENTER_TEXT"}]}
RESULT: {"script":"<script> [776 bytes]","args":[{"enterText":"4000360","selector":{"controlType":"sap.m.SearchField","properties":{"placeholder":"Search"},"searchOpenDialogs":true,"interaction":{"idSuffix":"I"}},"clearTextFirst":true,"interactionType":"ENTER_TEXT"}]}
COMMAND: POST /session/85bc92a044d2dfb856863d13adac7a7e/actions - {"actions":[{"id":"action11","type":"key","parameters":{},"actions":[{"type":"keyDown","value":"î€‡"},{"type":"pause","duration":10},{"type":"keyUp","value":"î€‡"}]}]}
RESULT: {"actions":[{"id":"action11","type":"key","parameters":{},"actions":[{"type":"keyDown","value":"î€‡"},{"type":"pause","duration":10},{"type":"keyUp","value":"î€‡"}]}]}
COMMAND: GET /session/85bc92a044d2dfb856863d13adac7a7e/screenshot - {}
RESULT: {}
COMMAND: POST /session/85bc92a044d2dfb856863d13adac7a7e/element - {"using":"xpath","value":"//td/div/span[contains(text(), \"BGL Vehicles\")]"}
RESULT: {"using":"xpath","value":"//td/div/span[contains(text(), \"BGL Vehicles\")]"}
COMMAND: POST /session/85bc92a044d2dfb856863d13adac7a7e/element/f.B14EA88AD92014BD4F4EDEC3100164B7.d.E953AF7C8396918ACC9F91B4507FEF90.e.3129/click - {}
RESULT: {}
COMMAND: GET /session/85bc92a044d2dfb856863d13adac7a7e/screenshot - {}
RESULT: {}
COMMAND: POST /session/85bc92a044d2dfb856863d13adac7a7e/element - {"using":"xpath","value":"//bdi[contains(text(), \"OK\")]"}
RESULT: {"using":"xpath","value":"//bdi[contains(text(), \"OK\")]"}
COMMAND: POST /session/85bc92a044d2dfb856863d13adac7a7e/element/f.B14EA88AD92014BD4F4EDEC3100164B7.d.E953AF7C8396918ACC9F91B4507FEF90.e.3130/click - {}
RESULT: {}
COMMAND: GET /session/85bc92a044d2dfb856863d13adac7a7e/screenshot - {}
RESULT: {}
COMMAND: POST /session/85bc92a044d2dfb856863d13adac7a7e/execute/async - {"script":"<script> [1562 bytes]","args":[{"selector":{"id":"application-manageresources-display-component---newResourceUnit--newRRUPage-anchBar-application-manageresources-display-component---newResourceUnit--resource-anchor","interaction":{"idSuffix":"BDI-content"}},"wdio_ui5_key":"applicationmanageresources-display-component---newResourceUnit--newRRUPage-anchBar-application-manageresources-display-component---newResourceUnit--resource-anchor"}]}
RESULT: {"script":"<script> [1562 bytes]","args":[{"selector":{"id":"application-manageresources-display-component---newResourceUnit--newRRUPage-anchBar-application-manageresources-display-component---newResourceUnit--resource-anchor","interaction":{"idSuffix":"BDI-content"}},"wdio_ui5_key":"applicationmanageresources-display-component---newResourceUnit--newRRUPage-anchBar-application-manageresources-display-component---newResourceUnit--resource-anchor"}]}
RESULT: undefined
COMMAND: POST /session/85bc92a044d2dfb856863d13adac7a7e/element - {"using":"xpath","value":"//*[@id=\"application-manageresources-display-component---newResourceUnit--newRRUPage-anchBar-application-manageresources-display-component---newResourceUnit--resource-anchor\"]"}
RESULT: {"using":"xpath","value":"//*[@id=\"application-manageresources-display-component---newResourceUnit--newRRUPage-anchBar-application-manageresources-display-component---newResourceUnit--resource-anchor\"]"}
COMMAND: POST /session/85bc92a044d2dfb856863d13adac7a7e/element/f.B14EA88AD92014BD4F4EDEC3100164B7.d.E953AF7C8396918ACC9F91B4507FEF90.e.3134/click - {}
RESULT: {}
COMMAND: POST /session/85bc92a044d2dfb856863d13adac7a7e/execute/async - {"script":"<script> [1562 bytes]","args":[{"selector":{"id":"application-manageresources-display-component---newResourceUnit--PLANNED_DELIVERY_DATE","interaction":{"idSuffix":"inner"}},"wdio_ui5_key":"applicationmanageresources-display-component---newResourceUnit--PLANNED_DELIVERY_DATE"}]}
COMMAND: GET /session/85bc92a044d2dfb856863d13adac7a7e/screenshot - {}
RESULT: {"script":"<script> [1562 bytes]","args":[{"selector":{"id":"application-manageresources-display-component---newResourceUnit--PLANNED_DELIVERY_DATE","interaction":{"idSuffix":"inner"}},"wdio_ui5_key":"applicationmanageresources-display-component---newResourceUnit--PLANNED_DELIVERY_DATE"}]}
RESULT: undefined
COMMAND: POST /session/85bc92a044d2dfb856863d13adac7a7e/execute/async - {"script":"<script> [6424 bytes]","args":[{"element-6066-11e4-a52e-4f735466cecf":"f.B14EA88AD92014BD4F4EDEC3100164B7.d.E953AF7C8396918ACC9F91B4507FEF90.e.2967"},"setValue",["6/4/25"]]}
RESULT: {}
RESULT: {"script":"<script> [6424 bytes]","args":[{"element-6066-11e4-a52e-4f735466cecf":"f.B14EA88AD92014BD4F4EDEC3100164B7.d.E953AF7C8396918ACC9F91B4507FEF90.e.2967"},"setValue",["6/4/25"]]}
COMMAND: POST /session/85bc92a044d2dfb856863d13adac7a7e/element - {"using":"xpath","value":"//label[contains(@class, 'sapMLabelRequired') and .//bdi[contains(text(), 'Planned Retirement')]]"}
RESULT: {"using":"xpath","value":"//label[contains(@class, 'sapMLabelRequired') and .//bdi[contains(text(), 'Planned Retirement')]]"}
COMMAND: POST /session/85bc92a044d2dfb856863d13adac7a7e/elements - {"using":"xpath","value":"//label[contains(@class, 'sapMLabelRequired') and .//bdi[contains(text(), 'Planned Retirement')]]"}
RESULT: {"using":"xpath","value":"//label[contains(@class, 'sapMLabelRequired') and .//bdi[contains(text(), 'Planned Retirement')]]"}
COMMAND: POST /session/85bc92a044d2dfb856863d13adac7a7e/element - {"using":"xpath","value":"//button[@data-kt=\"resourceUnitSaveButton\"]"}
RESULT: {"using":"xpath","value":"//button[@data-kt=\"resourceUnitSaveButton\"]"}
COMMAND: POST /session/85bc92a044d2dfb856863d13adac7a7e/element/f.B14EA88AD92014BD4F4EDEC3100164B7.d.E953AF7C8396918ACC9F91B4507FEF90.e.2927/click - {}
RESULT: {}
COMMAND: GET /session/85bc92a044d2dfb856863d13adac7a7e/screenshot - {}
RESULT: {}
COMMAND: POST /session/85bc92a044d2dfb856863d13adac7a7e/element - {"using":"xpath","value":"//bdi[contains(text(), \"Close\")]"}
RESULT: {"using":"xpath","value":"//bdi[contains(text(), \"Close\")]"}
COMMAND: POST /session/85bc92a044d2dfb856863d13adac7a7e/element/f.B14EA88AD92014BD4F4EDEC3100164B7.d.E953AF7C8396918ACC9F91B4507FEF90.e.3145/click - {}
RESULT: {}
COMMAND: GET /session/85bc92a044d2dfb856863d13adac7a7e/screenshot - {}
RESULT: {}
COMMAND: POST /session/85bc92a044d2dfb856863d13adac7a7e/element - {"using":"xpath","value":"(//button[contains(@id ,\"actionsToolbar-overflowButton\")])[1]"}
RESULT: {"using":"xpath","value":"(//button[contains(@id ,\"actionsToolbar-overflowButton\")])[1]"}
COMMAND: POST /session/85bc92a044d2dfb856863d13adac7a7e/element/f.B14EA88AD92014BD4F4EDEC3100164B7.d.E953AF7C8396918ACC9F91B4507FEF90.e.3202/click - {}
RESULT: {}
COMMAND: GET /session/85bc92a044d2dfb856863d13adac7a7e/screenshot - {}
RESULT: {}
COMMAND: POST /session/85bc92a044d2dfb856863d13adac7a7e/element - {"using":"xpath","value":"//button[@data-kt=\"priceInfoButton\"]"}
RESULT: {"using":"xpath","value":"//button[@data-kt=\"priceInfoButton\"]"}
COMMAND: POST /session/85bc92a044d2dfb856863d13adac7a7e/element/f.B14EA88AD92014BD4F4EDEC3100164B7.d.E953AF7C8396918ACC9F91B4507FEF90.e.3204/click - {}
RESULT: {}
COMMAND: GET /session/85bc92a044d2dfb856863d13adac7a7e/screenshot - {}
RESULT: {}
]]></system-out>
    </testcase>
    <testcase classname="chrome.136_0_7103_93.windows.Billing_confirm_US117289" name="Should create new pricing rule" time="51.893">
      <system-out><![CDATA[
COMMAND: POST /session/85bc92a044d2dfb856863d13adac7a7e/element - {"using":"xpath","value":"//button[@data-kt=\"addButton\"]"}
RESULT: {"using":"xpath","value":"//button[@data-kt=\"addButton\"]"}
COMMAND: POST /session/85bc92a044d2dfb856863d13adac7a7e/elements - {"using":"xpath","value":"//button[@data-kt=\"addButton\"]"}
RESULT: {"using":"xpath","value":"//button[@data-kt=\"addButton\"]"}
COMMAND: POST /session/85bc92a044d2dfb856863d13adac7a7e/elements - {"using":"xpath","value":"//button[@data-kt=\"addButton\"]"}
RESULT: {"using":"xpath","value":"//button[@data-kt=\"addButton\"]"}
COMMAND: POST /session/85bc92a044d2dfb856863d13adac7a7e/element - {"using":"xpath","value":"//button[@data-kt=\"addButton\"]"}
RESULT: {"using":"xpath","value":"//button[@data-kt=\"addButton\"]"}
COMMAND: POST /session/85bc92a044d2dfb856863d13adac7a7e/execute/sync - {"script":"<script> [8489 bytes]","args":[{"element-6066-11e4-a52e-4f735466cecf":"f.B14EA88AD92014BD4F4EDEC3100164B7.d.E953AF7C8396918ACC9F91B4507FEF90.e.3240","ELEMENT":"f.B14EA88AD92014BD4F4EDEC3100164B7.d.E953AF7C8396918ACC9F91B4507FEF90.e.3240"}]}
RESULT: {"script":"<script> [8489 bytes]","args":[{"element-6066-11e4-a52e-4f735466cecf":"f.B14EA88AD92014BD4F4EDEC3100164B7.d.E953AF7C8396918ACC9F91B4507FEF90.e.3240","ELEMENT":"f.B14EA88AD92014BD4F4EDEC3100164B7.d.E953AF7C8396918ACC9F91B4507FEF90.e.3240"}]}
COMMAND: GET /session/85bc92a044d2dfb856863d13adac7a7e/element/f.B14EA88AD92014BD4F4EDEC3100164B7.d.E953AF7C8396918ACC9F91B4507FEF90.e.3240/enabled - {}
COMMAND: GET /session/85bc92a044d2dfb856863d13adac7a7e/screenshot - {}
RESULT: {}
COMMAND: POST /session/85bc92a044d2dfb856863d13adac7a7e/execute/sync - {"script":"<script> [8489 bytes]","args":[{"element-6066-11e4-a52e-4f735466cecf":"f.B14EA88AD92014BD4F4EDEC3100164B7.d.E953AF7C8396918ACC9F91B4507FEF90.e.3240","ELEMENT":"f.B14EA88AD92014BD4F4EDEC3100164B7.d.E953AF7C8396918ACC9F91B4507FEF90.e.3240"}]}
COMMAND: GET /session/85bc92a044d2dfb856863d13adac7a7e/screenshot - {}
RESULT: {}
RESULT: {}
RESULT: {"script":"<script> [8489 bytes]","args":[{"element-6066-11e4-a52e-4f735466cecf":"f.B14EA88AD92014BD4F4EDEC3100164B7.d.E953AF7C8396918ACC9F91B4507FEF90.e.3240","ELEMENT":"f.B14EA88AD92014BD4F4EDEC3100164B7.d.E953AF7C8396918ACC9F91B4507FEF90.e.3240"}]}
COMMAND: POST /session/85bc92a044d2dfb856863d13adac7a7e/execute/sync - {"script":"<script> [5351 bytes]","args":[{"element-6066-11e4-a52e-4f735466cecf":"f.B14EA88AD92014BD4F4EDEC3100164B7.d.E953AF7C8396918ACC9F91B4507FEF90.e.3240","ELEMENT":"f.B14EA88AD92014BD4F4EDEC3100164B7.d.E953AF7C8396918ACC9F91B4507FEF90.e.3240"}]}
COMMAND: GET /session/85bc92a044d2dfb856863d13adac7a7e/screenshot - {}
RESULT: {"script":"<script> [5351 bytes]","args":[{"element-6066-11e4-a52e-4f735466cecf":"f.B14EA88AD92014BD4F4EDEC3100164B7.d.E953AF7C8396918ACC9F91B4507FEF90.e.3240","ELEMENT":"f.B14EA88AD92014BD4F4EDEC3100164B7.d.E953AF7C8396918ACC9F91B4507FEF90.e.3240"}]}
COMMAND: POST /session/85bc92a044d2dfb856863d13adac7a7e/element/f.B14EA88AD92014BD4F4EDEC3100164B7.d.E953AF7C8396918ACC9F91B4507FEF90.e.3240/click - {}
COMMAND: GET /session/85bc92a044d2dfb856863d13adac7a7e/screenshot - {}
RESULT: {}
RESULT: {}
COMMAND: GET /session/85bc92a044d2dfb856863d13adac7a7e/screenshot - {}
RESULT: {}
RESULT: {}
COMMAND: POST /session/85bc92a044d2dfb856863d13adac7a7e/execute/async - {"script":"<script> [1562 bytes]","args":[{"selector":{"controlType":"sap.m.Title","viewName":"etm.portal.ui.managepricingrules.view.NewItem","viewId":"application-managepricingrules-display-component---newInfoPriceItem","properties":{"text":"New Pricing Rules - Item Level"}},"wdio_ui5_key":"etmportal.ui.managepricingrules.view.NewItemsap.m.Title{\"text\":\"New Pricing Rules - Item Level\"}"}]}
RESULT: {"script":"<script> [1562 bytes]","args":[{"selector":{"controlType":"sap.m.Title","viewName":"etm.portal.ui.managepricingrules.view.NewItem","viewId":"application-managepricingrules-display-component---newInfoPriceItem","properties":{"text":"New Pricing Rules - Item Level"}},"wdio_ui5_key":"etmportal.ui.managepricingrules.view.NewItemsap.m.Title{\"text\":\"New Pricing Rules - Item Level\"}"}]}
RESULT: undefined
COMMAND: POST /session/85bc92a044d2dfb856863d13adac7a7e/execute/async - {"script":"<script> [6424 bytes]","args":[{"element-6066-11e4-a52e-4f735466cecf":"f.B14EA88AD92014BD4F4EDEC3100164B7.d.E953AF7C8396918ACC9F91B4507FEF90.e.3410"},"getText",[]]}
RESULT: {"script":"<script> [6424 bytes]","args":[{"element-6066-11e4-a52e-4f735466cecf":"f.B14EA88AD92014BD4F4EDEC3100164B7.d.E953AF7C8396918ACC9F91B4507FEF90.e.3410"},"getText",[]]}
COMMAND: POST /session/85bc92a044d2dfb856863d13adac7a7e/execute/async - {"script":"<script> [1562 bytes]","args":[{"selector":{"id":"application-managepricingrules-display-component---newInfoPriceItem--condValidTo","interaction":{"idSuffix":"inner"}},"wdio_ui5_key":"applicationmanagepricingrules-display-component---newInfoPriceItem--condValidTo"}]}
RESULT: {"script":"<script> [1562 bytes]","args":[{"selector":{"id":"application-managepricingrules-display-component---newInfoPriceItem--condValidTo","interaction":{"idSuffix":"inner"}},"wdio_ui5_key":"applicationmanagepricingrules-display-component---newInfoPriceItem--condValidTo"}]}
RESULT: undefined
COMMAND: POST /session/85bc92a044d2dfb856863d13adac7a7e/execute/async - {"script":"<script> [776 bytes]","args":[{"enterText":"2/4/26","selector":{"id":"application-managepricingrules-display-component---newInfoPriceItem--condValidTo","interaction":{"idSuffix":"inner"}},"clearTextFirst":true,"interactionType":"ENTER_TEXT"}]}
RESULT: {"script":"<script> [776 bytes]","args":[{"enterText":"2/4/26","selector":{"id":"application-managepricingrules-display-component---newInfoPriceItem--condValidTo","interaction":{"idSuffix":"inner"}},"clearTextFirst":true,"interactionType":"ENTER_TEXT"}]}
COMMAND: POST /session/85bc92a044d2dfb856863d13adac7a7e/execute/async - {"script":"<script> [1562 bytes]","args":[{"selector":{"id":"application-managepricingrules-display-component---newInfoPriceItem--billType-arrow"},"wdio_ui5_key":"applicationmanagepricingrules-display-component---newInfoPriceItem--billType-arrow"}]}
RESULT: {"script":"<script> [1562 bytes]","args":[{"selector":{"id":"application-managepricingrules-display-component---newInfoPriceItem--billType-arrow"},"wdio_ui5_key":"applicationmanagepricingrules-display-component---newInfoPriceItem--billType-arrow"}]}
RESULT: undefined
COMMAND: POST /session/85bc92a044d2dfb856863d13adac7a7e/element - {"using":"xpath","value":"//*[@id=\"application-managepricingrules-display-component---newInfoPriceItem--billType-arrow\"]"}
RESULT: {"using":"xpath","value":"//*[@id=\"application-managepricingrules-display-component---newInfoPriceItem--billType-arrow\"]"}
COMMAND: POST /session/85bc92a044d2dfb856863d13adac7a7e/element/f.B14EA88AD92014BD4F4EDEC3100164B7.d.E953AF7C8396918ACC9F91B4507FEF90.e.3370/click - {}
RESULT: {}
COMMAND: POST /session/85bc92a044d2dfb856863d13adac7a7e/element - {"using":"xpath","value":"//span[contains(text(), \"TB - Time based\")]"}
COMMAND: GET /session/85bc92a044d2dfb856863d13adac7a7e/screenshot - {}
RESULT: {"using":"xpath","value":"//span[contains(text(), \"TB - Time based\")]"}
COMMAND: POST /session/85bc92a044d2dfb856863d13adac7a7e/element/f.B14EA88AD92014BD4F4EDEC3100164B7.d.E953AF7C8396918ACC9F91B4507FEF90.e.3412/click - {}
RESULT: {}
RESULT: {}
COMMAND: POST /session/85bc92a044d2dfb856863d13adac7a7e/execute/async - {"script":"<script> [1562 bytes]","args":[{"selector":{"id":"application-managepricingrules-display-component---newInfoPriceItem--priceProc-arrow"},"wdio_ui5_key":"applicationmanagepricingrules-display-component---newInfoPriceItem--priceProc-arrow"}]}
COMMAND: GET /session/85bc92a044d2dfb856863d13adac7a7e/screenshot - {}
RESULT: {"script":"<script> [1562 bytes]","args":[{"selector":{"id":"application-managepricingrules-display-component---newInfoPriceItem--priceProc-arrow"},"wdio_ui5_key":"applicationmanagepricingrules-display-component---newInfoPriceItem--priceProc-arrow"}]}
RESULT: undefined
COMMAND: POST /session/85bc92a044d2dfb856863d13adac7a7e/element - {"using":"xpath","value":"//*[@id=\"application-managepricingrules-display-component---newInfoPriceItem--priceProc-arrow\"]"}
RESULT: {}
RESULT: {"using":"xpath","value":"//*[@id=\"application-managepricingrules-display-component---newInfoPriceItem--priceProc-arrow\"]"}
COMMAND: POST /session/85bc92a044d2dfb856863d13adac7a7e/element/f.B14EA88AD92014BD4F4EDEC3100164B7.d.E953AF7C8396918ACC9F91B4507FEF90.e.3377/click - {}
RESULT: {}
COMMAND: POST /session/85bc92a044d2dfb856863d13adac7a7e/element - {"using":"xpath","value":"//span[contains(text(), \"TBS - Time based standard\")]"}
COMMAND: GET /session/85bc92a044d2dfb856863d13adac7a7e/screenshot - {}
RESULT: {"using":"xpath","value":"//span[contains(text(), \"TBS - Time based standard\")]"}
COMMAND: POST /session/85bc92a044d2dfb856863d13adac7a7e/element/f.B14EA88AD92014BD4F4EDEC3100164B7.d.E953AF7C8396918ACC9F91B4507FEF90.e.3413/click - {}
RESULT: {}
RESULT: {}
COMMAND: POST /session/85bc92a044d2dfb856863d13adac7a7e/execute/async - {"script":"<script> [1562 bytes]","args":[{"selector":{"id":"application-managepricingrules-display-component---newInfoPriceItem--calcBase-arrow"},"wdio_ui5_key":"applicationmanagepricingrules-display-component---newInfoPriceItem--calcBase-arrow"}]}
COMMAND: GET /session/85bc92a044d2dfb856863d13adac7a7e/screenshot - {}
RESULT: {"script":"<script> [1562 bytes]","args":[{"selector":{"id":"application-managepricingrules-display-component---newInfoPriceItem--calcBase-arrow"},"wdio_ui5_key":"applicationmanagepricingrules-display-component---newInfoPriceItem--calcBase-arrow"}]}
RESULT: undefined
COMMAND: POST /session/85bc92a044d2dfb856863d13adac7a7e/element - {"using":"xpath","value":"//*[@id=\"application-managepricingrules-display-component---newInfoPriceItem--calcBase-arrow\"]"}
RESULT: {}
RESULT: {"using":"xpath","value":"//*[@id=\"application-managepricingrules-display-component---newInfoPriceItem--calcBase-arrow\"]"}
COMMAND: POST /session/85bc92a044d2dfb856863d13adac7a7e/element/f.B14EA88AD92014BD4F4EDEC3100164B7.d.E953AF7C8396918ACC9F91B4507FEF90.e.3384/click - {}
RESULT: {}
COMMAND: GET /session/85bc92a044d2dfb856863d13adac7a7e/screenshot - {}
RESULT: {}
COMMAND: POST /session/85bc92a044d2dfb856863d13adac7a7e/element - {"using":"xpath","value":"//span[contains(text(), \"0006 - TB(calendar days)\")]"}
RESULT: {"using":"xpath","value":"//span[contains(text(), \"0006 - TB(calendar days)\")]"}
COMMAND: POST /session/85bc92a044d2dfb856863d13adac7a7e/element/f.B14EA88AD92014BD4F4EDEC3100164B7.d.E953AF7C8396918ACC9F91B4507FEF90.e.3414/click - {}
RESULT: {}
COMMAND: GET /session/85bc92a044d2dfb856863d13adac7a7e/screenshot - {}
RESULT: {}
COMMAND: POST /session/85bc92a044d2dfb856863d13adac7a7e/execute/async - {"script":"<script> [1562 bytes]","args":[{"selector":{"id":"application-managepricingrules-display-component---newInfoPriceItem--daysMonth","interaction":{"idSuffix":"inner"}},"wdio_ui5_key":"applicationmanagepricingrules-display-component---newInfoPriceItem--daysMonth"}]}
RESULT: {"script":"<script> [1562 bytes]","args":[{"selector":{"id":"application-managepricingrules-display-component---newInfoPriceItem--daysMonth","interaction":{"idSuffix":"inner"}},"wdio_ui5_key":"applicationmanagepricingrules-display-component---newInfoPriceItem--daysMonth"}]}
RESULT: undefined
COMMAND: POST /session/85bc92a044d2dfb856863d13adac7a7e/execute/async - {"script":"<script> [776 bytes]","args":[{"enterText":"30","selector":{"id":"application-managepricingrules-display-component---newInfoPriceItem--daysMonth","interaction":{"idSuffix":"inner"}},"clearTextFirst":true,"interactionType":"ENTER_TEXT"}]}
RESULT: {"script":"<script> [776 bytes]","args":[{"enterText":"30","selector":{"id":"application-managepricingrules-display-component---newInfoPriceItem--daysMonth","interaction":{"idSuffix":"inner"}},"clearTextFirst":true,"interactionType":"ENTER_TEXT"}]}
COMMAND: POST /session/85bc92a044d2dfb856863d13adac7a7e/element - {"using":"xpath","value":"//button[@data-kt=\"saveNewRuleButton\"]"}
RESULT: {"using":"xpath","value":"//button[@data-kt=\"saveNewRuleButton\"]"}
COMMAND: POST /session/85bc92a044d2dfb856863d13adac7a7e/element/f.B14EA88AD92014BD4F4EDEC3100164B7.d.E953AF7C8396918ACC9F91B4507FEF90.e.3404/click - {}
RESULT: {}
COMMAND: GET /session/85bc92a044d2dfb856863d13adac7a7e/screenshot - {}
RESULT: {}
COMMAND: POST /session/85bc92a044d2dfb856863d13adac7a7e/execute/async - {"script":"<script> [1562 bytes]","args":[{"selector":{"id":"application-managepricingrules-display-component---priceInfoItem--smartFilterBar-btnBasicSearch","interaction":{"idSuffix":"I"}},"wdio_ui5_key":"applicationmanagepricingrules-display-component---priceInfoItem--smartFilterBar-btnBasicSearch"}]}
RESULT: {"script":"<script> [1562 bytes]","args":[{"selector":{"id":"application-managepricingrules-display-component---priceInfoItem--smartFilterBar-btnBasicSearch","interaction":{"idSuffix":"I"}},"wdio_ui5_key":"applicationmanagepricingrules-display-component---priceInfoItem--smartFilterBar-btnBasicSearch"}]}
RESULT: undefined
COMMAND: POST /session/85bc92a044d2dfb856863d13adac7a7e/execute/async - {"script":"<script> [776 bytes]","args":[{"enterText":"gH3iGdxTy8","selector":{"id":"application-managepricingrules-display-component---priceInfoItem--smartFilterBar-btnBasicSearch","interaction":{"idSuffix":"I"}},"clearTextFirst":true,"interactionType":"ENTER_TEXT"}]}
RESULT: {"script":"<script> [776 bytes]","args":[{"enterText":"gH3iGdxTy8","selector":{"id":"application-managepricingrules-display-component---priceInfoItem--smartFilterBar-btnBasicSearch","interaction":{"idSuffix":"I"}},"clearTextFirst":true,"interactionType":"ENTER_TEXT"}]}
COMMAND: POST /session/85bc92a044d2dfb856863d13adac7a7e/actions - {"actions":[{"id":"action12","type":"key","parameters":{},"actions":[{"type":"keyDown","value":"î€‡"},{"type":"pause","duration":10},{"type":"keyUp","value":"î€‡"}]}]}
RESULT: {"actions":[{"id":"action12","type":"key","parameters":{},"actions":[{"type":"keyDown","value":"î€‡"},{"type":"pause","duration":10},{"type":"keyUp","value":"î€‡"}]}]}
COMMAND: GET /session/85bc92a044d2dfb856863d13adac7a7e/screenshot - {}
RESULT: {}
COMMAND: POST /session/85bc92a044d2dfb856863d13adac7a7e/element - {"using":"xpath","value":"//span[@id=\"application-managepricingrules-display-component---priceInfoItem--smartTable-header-inner\"]"}
RESULT: {"using":"xpath","value":"//span[@id=\"application-managepricingrules-display-component---priceInfoItem--smartTable-header-inner\"]"}
COMMAND: POST /session/85bc92a044d2dfb856863d13adac7a7e/elements - {"using":"xpath","value":"//span[@id=\"application-managepricingrules-display-component---priceInfoItem--smartTable-header-inner\"]"}
RESULT: {"using":"xpath","value":"//span[@id=\"application-managepricingrules-display-component---priceInfoItem--smartTable-header-inner\"]"}
COMMAND: POST /session/85bc92a044d2dfb856863d13adac7a7e/execute/sync - {"script":"<script> [56 bytes]","args":[{"element-6066-11e4-a52e-4f735466cecf":"f.B14EA88AD92014BD4F4EDEC3100164B7.d.E953AF7C8396918ACC9F91B4507FEF90.e.3439","ELEMENT":"f.B14EA88AD92014BD4F4EDEC3100164B7.d.E953AF7C8396918ACC9F91B4507FEF90.e.3439"}]}
RESULT: {"script":"<script> [56 bytes]","args":[{"element-6066-11e4-a52e-4f735466cecf":"f.B14EA88AD92014BD4F4EDEC3100164B7.d.E953AF7C8396918ACC9F91B4507FEF90.e.3439","ELEMENT":"f.B14EA88AD92014BD4F4EDEC3100164B7.d.E953AF7C8396918ACC9F91B4507FEF90.e.3439"}]}
COMMAND: POST /session/85bc92a044d2dfb856863d13adac7a7e/element - {"using":"css selector","value":"#shell-header-logo"}
COMMAND: GET /session/85bc92a044d2dfb856863d13adac7a7e/screenshot - {}
RESULT: {"using":"css selector","value":"#shell-header-logo"}
COMMAND: POST /session/85bc92a044d2dfb856863d13adac7a7e/element/f.B14EA88AD92014BD4F4EDEC3100164B7.d.E953AF7C8396918ACC9F91B4507FEF90.e.2715/click - {}
RESULT: {}
RESULT: {}
COMMAND: GET /session/85bc92a044d2dfb856863d13adac7a7e/screenshot - {}
RESULT: {}
]]></system-out>
    </testcase>
    <testcase classname="chrome.136_0_7103_93.windows.Billing_confirm_US117289" name="Should create new condition for equipment" time="66.819">
      <system-out><![CDATA[
COMMAND: POST /session/85bc92a044d2dfb856863d13adac7a7e/execute/async - {"script":"<script> [1562 bytes]","args":[{"selector":{"controlType":"sap.m.GenericTile","properties":{"header":"Manage Conditions & Prices"}},"wdio_ui5_key":"sapm.GenericTile{\"header\":\"Manage Conditions & Prices\"}"}]}
RESULT: {"script":"<script> [1562 bytes]","args":[{"selector":{"controlType":"sap.m.GenericTile","properties":{"header":"Manage Conditions & Prices"}},"wdio_ui5_key":"sapm.GenericTile{\"header\":\"Manage Conditions & Prices\"}"}]}
RESULT: undefined
COMMAND: POST /session/85bc92a044d2dfb856863d13adac7a7e/element - {"using":"xpath","value":"//*[@id=\"__tile53\"]"}
RESULT: {"using":"xpath","value":"//*[@id=\"__tile53\"]"}
COMMAND: POST /session/85bc92a044d2dfb856863d13adac7a7e/element/f.B14EA88AD92014BD4F4EDEC3100164B7.d.E953AF7C8396918ACC9F91B4507FEF90.e.197/click - {}
RESULT: {}
COMMAND: GET /session/85bc92a044d2dfb856863d13adac7a7e/screenshot - {}
RESULT: {}
COMMAND: POST /session/85bc92a044d2dfb856863d13adac7a7e/elements - {"using":"xpath","value":"//span[text()='Error']"}
RESULT: {"using":"xpath","value":"//span[text()='Error']"}
COMMAND: POST /session/85bc92a044d2dfb856863d13adac7a7e/element - {"using":"xpath","value":"//button[@aria-label=\"Create\"]"}
RESULT: {"using":"xpath","value":"//button[@aria-label=\"Create\"]"}
COMMAND: POST /session/85bc92a044d2dfb856863d13adac7a7e/elements - {"using":"xpath","value":"//button[@aria-label=\"Create\"]"}
RESULT: {"using":"xpath","value":"//button[@aria-label=\"Create\"]"}
COMMAND: POST /session/85bc92a044d2dfb856863d13adac7a7e/execute/sync - {"script":"<script> [8489 bytes]","args":[{"element-6066-11e4-a52e-4f735466cecf":"f.B14EA88AD92014BD4F4EDEC3100164B7.d.E953AF7C8396918ACC9F91B4507FEF90.e.3480","ELEMENT":"f.B14EA88AD92014BD4F4EDEC3100164B7.d.E953AF7C8396918ACC9F91B4507FEF90.e.3480"}]}
RESULT: {"script":"<script> [8489 bytes]","args":[{"element-6066-11e4-a52e-4f735466cecf":"f.B14EA88AD92014BD4F4EDEC3100164B7.d.E953AF7C8396918ACC9F91B4507FEF90.e.3480","ELEMENT":"f.B14EA88AD92014BD4F4EDEC3100164B7.d.E953AF7C8396918ACC9F91B4507FEF90.e.3480"}]}
COMMAND: GET /session/85bc92a044d2dfb856863d13adac7a7e/element/f.B14EA88AD92014BD4F4EDEC3100164B7.d.E953AF7C8396918ACC9F91B4507FEF90.e.3480/enabled - {}
COMMAND: GET /session/85bc92a044d2dfb856863d13adac7a7e/screenshot - {}
RESULT: {}
COMMAND: POST /session/85bc92a044d2dfb856863d13adac7a7e/execute/sync - {"script":"<script> [8489 bytes]","args":[{"element-6066-11e4-a52e-4f735466cecf":"f.B14EA88AD92014BD4F4EDEC3100164B7.d.E953AF7C8396918ACC9F91B4507FEF90.e.3480","ELEMENT":"f.B14EA88AD92014BD4F4EDEC3100164B7.d.E953AF7C8396918ACC9F91B4507FEF90.e.3480"}]}
COMMAND: GET /session/85bc92a044d2dfb856863d13adac7a7e/screenshot - {}
RESULT: {}
RESULT: {"script":"<script> [8489 bytes]","args":[{"element-6066-11e4-a52e-4f735466cecf":"f.B14EA88AD92014BD4F4EDEC3100164B7.d.E953AF7C8396918ACC9F91B4507FEF90.e.3480","ELEMENT":"f.B14EA88AD92014BD4F4EDEC3100164B7.d.E953AF7C8396918ACC9F91B4507FEF90.e.3480"}]}
COMMAND: POST /session/85bc92a044d2dfb856863d13adac7a7e/execute/sync - {"script":"<script> [5351 bytes]","args":[{"element-6066-11e4-a52e-4f735466cecf":"f.B14EA88AD92014BD4F4EDEC3100164B7.d.E953AF7C8396918ACC9F91B4507FEF90.e.3480","ELEMENT":"f.B14EA88AD92014BD4F4EDEC3100164B7.d.E953AF7C8396918ACC9F91B4507FEF90.e.3480"}]}
COMMAND: GET /session/85bc92a044d2dfb856863d13adac7a7e/screenshot - {}
RESULT: {}
RESULT: {"script":"<script> [5351 bytes]","args":[{"element-6066-11e4-a52e-4f735466cecf":"f.B14EA88AD92014BD4F4EDEC3100164B7.d.E953AF7C8396918ACC9F91B4507FEF90.e.3480","ELEMENT":"f.B14EA88AD92014BD4F4EDEC3100164B7.d.E953AF7C8396918ACC9F91B4507FEF90.e.3480"}]}
COMMAND: POST /session/85bc92a044d2dfb856863d13adac7a7e/element/f.B14EA88AD92014BD4F4EDEC3100164B7.d.E953AF7C8396918ACC9F91B4507FEF90.e.3480/click - {}
COMMAND: GET /session/85bc92a044d2dfb856863d13adac7a7e/screenshot - {}
RESULT: {}
RESULT: {}
COMMAND: GET /session/85bc92a044d2dfb856863d13adac7a7e/screenshot - {}
RESULT: {}
RESULT: {}
COMMAND: POST /session/85bc92a044d2dfb856863d13adac7a7e/actions - {"actions":[{"id":"action13","type":"key","parameters":{},"actions":[{"type":"keyDown","value":"î€‡"},{"type":"pause","duration":10},{"type":"keyUp","value":"î€‡"}]}]}
RESULT: {"actions":[{"id":"action13","type":"key","parameters":{},"actions":[{"type":"keyDown","value":"î€‡"},{"type":"pause","duration":10},{"type":"keyUp","value":"î€‡"}]}]}
COMMAND: GET /session/85bc92a044d2dfb856863d13adac7a7e/screenshot - {}
RESULT: {}
COMMAND: POST /session/85bc92a044d2dfb856863d13adac7a7e/execute/async - {"script":"<script> [1562 bytes]","args":[{"selector":{"id":"application-manageconditionprice-display-component---newCondition--condBillCond-arrow"},"wdio_ui5_key":"applicationmanageconditionprice-display-component---newCondition--condBillCond-arrow"}]}
RESULT: {"script":"<script> [1562 bytes]","args":[{"selector":{"id":"application-manageconditionprice-display-component---newCondition--condBillCond-arrow"},"wdio_ui5_key":"applicationmanageconditionprice-display-component---newCondition--condBillCond-arrow"}]}
RESULT: undefined
COMMAND: POST /session/85bc92a044d2dfb856863d13adac7a7e/element - {"using":"xpath","value":"//*[@id=\"application-manageconditionprice-display-component---newCondition--condBillCond-arrow\"]"}
RESULT: {"using":"xpath","value":"//*[@id=\"application-manageconditionprice-display-component---newCondition--condBillCond-arrow\"]"}
COMMAND: POST /session/85bc92a044d2dfb856863d13adac7a7e/element/f.B14EA88AD92014BD4F4EDEC3100164B7.d.E953AF7C8396918ACC9F91B4507FEF90.e.3686/click - {}
RESULT: {}
COMMAND: GET /session/85bc92a044d2dfb856863d13adac7a7e/screenshot - {}
RESULT: {}
COMMAND: POST /session/85bc92a044d2dfb856863d13adac7a7e/element - {"using":"xpath","value":"//li[.//span[contains(text(), \"DISP - D&I special price\")]]"}
RESULT: {"using":"xpath","value":"//li[.//span[contains(text(), \"DISP - D&I special price\")]]"}
COMMAND: POST /session/85bc92a044d2dfb856863d13adac7a7e/element/f.B14EA88AD92014BD4F4EDEC3100164B7.d.E953AF7C8396918ACC9F91B4507FEF90.e.3690/click - {}
RESULT: {}
COMMAND: GET /session/85bc92a044d2dfb856863d13adac7a7e/screenshot - {}
RESULT: {}
COMMAND: POST /session/85bc92a044d2dfb856863d13adac7a7e/execute/async - {"script":"<script> [1562 bytes]","args":[{"selector":{"id":"application-manageconditionprice-display-component---newCondition--condValidTo","interaction":{"idSuffix":"inner"}},"wdio_ui5_key":"applicationmanageconditionprice-display-component---newCondition--condValidTo"}]}
RESULT: {"script":"<script> [1562 bytes]","args":[{"selector":{"id":"application-manageconditionprice-display-component---newCondition--condValidTo","interaction":{"idSuffix":"inner"}},"wdio_ui5_key":"applicationmanageconditionprice-display-component---newCondition--condValidTo"}]}
RESULT: undefined
COMMAND: POST /session/85bc92a044d2dfb856863d13adac7a7e/execute/async - {"script":"<script> [776 bytes]","args":[{"enterText":"2/4/26","selector":{"id":"application-manageconditionprice-display-component---newCondition--condValidTo","interaction":{"idSuffix":"inner"}},"clearTextFirst":true,"interactionType":"ENTER_TEXT"}]}
RESULT: {"script":"<script> [776 bytes]","args":[{"enterText":"2/4/26","selector":{"id":"application-manageconditionprice-display-component---newCondition--condValidTo","interaction":{"idSuffix":"inner"}},"clearTextFirst":true,"interactionType":"ENTER_TEXT"}]}
COMMAND: POST /session/85bc92a044d2dfb856863d13adac7a7e/element - {"using":"xpath","value":"//input[@id=\"application-manageconditionprice-display-component---newCondition--condRU-inner\"]"}
RESULT: {"using":"xpath","value":"//input[@id=\"application-manageconditionprice-display-component---newCondition--condRU-inner\"]"}
COMMAND: POST /session/85bc92a044d2dfb856863d13adac7a7e/element/f.B14EA88AD92014BD4F4EDEC3100164B7.d.E953AF7C8396918ACC9F91B4507FEF90.e.3552/clear - {}
RESULT: {}
COMMAND: POST /session/85bc92a044d2dfb856863d13adac7a7e/element/f.B14EA88AD92014BD4F4EDEC3100164B7.d.E953AF7C8396918ACC9F91B4507FEF90.e.3552/value - {"text":"gH3iGdxTy8"}
COMMAND: GET /session/85bc92a044d2dfb856863d13adac7a7e/screenshot - {}
RESULT: {"text":"gH3iGdxTy8"}
COMMAND: GET /session/85bc92a044d2dfb856863d13adac7a7e/screenshot - {}
RESULT: {}
RESULT: {}
COMMAND: POST /session/85bc92a044d2dfb856863d13adac7a7e/actions - {"actions":[{"id":"action14","type":"key","parameters":{},"actions":[{"type":"keyDown","value":"î€‡"},{"type":"pause","duration":10},{"type":"keyUp","value":"î€‡"}]}]}
RESULT: {"actions":[{"id":"action14","type":"key","parameters":{},"actions":[{"type":"keyDown","value":"î€‡"},{"type":"pause","duration":10},{"type":"keyUp","value":"î€‡"}]}]}
COMMAND: POST /session/85bc92a044d2dfb856863d13adac7a7e/execute/async - {"script":"<script> [1562 bytes]","args":[{"selector":{"id":"application-manageconditionprice-display-component---newCondition--condBaseQty","interaction":{"idSuffix":"inner"}},"wdio_ui5_key":"applicationmanageconditionprice-display-component---newCondition--condBaseQty"}]}
COMMAND: GET /session/85bc92a044d2dfb856863d13adac7a7e/screenshot - {}
RESULT: {"script":"<script> [1562 bytes]","args":[{"selector":{"id":"application-manageconditionprice-display-component---newCondition--condBaseQty","interaction":{"idSuffix":"inner"}},"wdio_ui5_key":"applicationmanageconditionprice-display-component---newCondition--condBaseQty"}]}
RESULT: undefined
COMMAND: POST /session/85bc92a044d2dfb856863d13adac7a7e/execute/async - {"script":"<script> [776 bytes]","args":[{"enterText":"1","selector":{"id":"application-manageconditionprice-display-component---newCondition--condBaseQty","interaction":{"idSuffix":"inner"}},"clearTextFirst":true,"interactionType":"ENTER_TEXT"}]}
RESULT: {}
RESULT: {"script":"<script> [776 bytes]","args":[{"enterText":"1","selector":{"id":"application-manageconditionprice-display-component---newCondition--condBaseQty","interaction":{"idSuffix":"inner"}},"clearTextFirst":true,"interactionType":"ENTER_TEXT"}]}
COMMAND: POST /session/85bc92a044d2dfb856863d13adac7a7e/execute/async - {"script":"<script> [1562 bytes]","args":[{"selector":{"id":"application-manageconditionprice-display-component---newCondition--condValue","interaction":{"idSuffix":"inner"}},"wdio_ui5_key":"applicationmanageconditionprice-display-component---newCondition--condValue"}]}
RESULT: {"script":"<script> [1562 bytes]","args":[{"selector":{"id":"application-manageconditionprice-display-component---newCondition--condValue","interaction":{"idSuffix":"inner"}},"wdio_ui5_key":"applicationmanageconditionprice-display-component---newCondition--condValue"}]}
RESULT: undefined
COMMAND: POST /session/85bc92a044d2dfb856863d13adac7a7e/execute/async - {"script":"<script> [776 bytes]","args":[{"enterText":"100","selector":{"id":"application-manageconditionprice-display-component---newCondition--condValue","interaction":{"idSuffix":"inner"}},"clearTextFirst":true,"interactionType":"ENTER_TEXT"}]}
RESULT: {"script":"<script> [776 bytes]","args":[{"enterText":"100","selector":{"id":"application-manageconditionprice-display-component---newCondition--condValue","interaction":{"idSuffix":"inner"}},"clearTextFirst":true,"interactionType":"ENTER_TEXT"}]}
COMMAND: POST /session/85bc92a044d2dfb856863d13adac7a7e/execute/async - {"script":"<script> [1562 bytes]","args":[{"selector":{"id":"application-manageconditionprice-display-component---newCondition--condCurr-arrow"},"wdio_ui5_key":"applicationmanageconditionprice-display-component---newCondition--condCurr-arrow"}]}
RESULT: {"script":"<script> [1562 bytes]","args":[{"selector":{"id":"application-manageconditionprice-display-component---newCondition--condCurr-arrow"},"wdio_ui5_key":"applicationmanageconditionprice-display-component---newCondition--condCurr-arrow"}]}
RESULT: undefined
COMMAND: POST /session/85bc92a044d2dfb856863d13adac7a7e/element - {"using":"xpath","value":"//*[@id=\"application-manageconditionprice-display-component---newCondition--condCurr-arrow\"]"}
RESULT: {"using":"xpath","value":"//*[@id=\"application-manageconditionprice-display-component---newCondition--condCurr-arrow\"]"}
COMMAND: POST /session/85bc92a044d2dfb856863d13adac7a7e/element/f.B14EA88AD92014BD4F4EDEC3100164B7.d.E953AF7C8396918ACC9F91B4507FEF90.e.3670/click - {}
RESULT: {}
COMMAND: POST /session/85bc92a044d2dfb856863d13adac7a7e/element - {"using":"xpath","value":"//span[contains(text(), \"Euro\")]"}
COMMAND: GET /session/85bc92a044d2dfb856863d13adac7a7e/screenshot - {}
RESULT: {"using":"xpath","value":"//span[contains(text(), \"Euro\")]"}
COMMAND: POST /session/85bc92a044d2dfb856863d13adac7a7e/element/f.B14EA88AD92014BD4F4EDEC3100164B7.d.E953AF7C8396918ACC9F91B4507FEF90.e.3727/click - {}
RESULT: {}
RESULT: {}
COMMAND: POST /session/85bc92a044d2dfb856863d13adac7a7e/element - {"using":"xpath","value":"//button[@data-kt=\"saveButton\"]"}
COMMAND: GET /session/85bc92a044d2dfb856863d13adac7a7e/screenshot - {}
RESULT: {"using":"xpath","value":"//button[@data-kt=\"saveButton\"]"}
COMMAND: POST /session/85bc92a044d2dfb856863d13adac7a7e/element/f.B14EA88AD92014BD4F4EDEC3100164B7.d.E953AF7C8396918ACC9F91B4507FEF90.e.3671/click - {}
RESULT: {}
RESULT: {}
COMMAND: GET /session/85bc92a044d2dfb856863d13adac7a7e/screenshot - {}
RESULT: {}
COMMAND: POST /session/85bc92a044d2dfb856863d13adac7a7e/execute/async - {"script":"<script> [1562 bytes]","args":[{"selector":{"id":"application-manageconditionprice-display-component---conditions--smartFilterBar-btnBasicSearch","interaction":{"idSuffix":"I"}},"wdio_ui5_key":"applicationmanageconditionprice-display-component---conditions--smartFilterBar-btnBasicSearch"}]}
RESULT: {"script":"<script> [1562 bytes]","args":[{"selector":{"id":"application-manageconditionprice-display-component---conditions--smartFilterBar-btnBasicSearch","interaction":{"idSuffix":"I"}},"wdio_ui5_key":"applicationmanageconditionprice-display-component---conditions--smartFilterBar-btnBasicSearch"}]}
RESULT: undefined
COMMAND: POST /session/85bc92a044d2dfb856863d13adac7a7e/execute/async - {"script":"<script> [776 bytes]","args":[{"enterText":"gH3iGdxTy8","selector":{"id":"application-manageconditionprice-display-component---conditions--smartFilterBar-btnBasicSearch","interaction":{"idSuffix":"I"}},"clearTextFirst":true,"interactionType":"ENTER_TEXT"}]}
RESULT: {"script":"<script> [776 bytes]","args":[{"enterText":"gH3iGdxTy8","selector":{"id":"application-manageconditionprice-display-component---conditions--smartFilterBar-btnBasicSearch","interaction":{"idSuffix":"I"}},"clearTextFirst":true,"interactionType":"ENTER_TEXT"}]}
COMMAND: POST /session/85bc92a044d2dfb856863d13adac7a7e/actions - {"actions":[{"id":"action15","type":"key","parameters":{},"actions":[{"type":"keyDown","value":"î€‡"},{"type":"pause","duration":10},{"type":"keyUp","value":"î€‡"}]}]}
RESULT: {"actions":[{"id":"action15","type":"key","parameters":{},"actions":[{"type":"keyDown","value":"î€‡"},{"type":"pause","duration":10},{"type":"keyUp","value":"î€‡"}]}]}
COMMAND: GET /session/85bc92a044d2dfb856863d13adac7a7e/screenshot - {}
RESULT: {}
COMMAND: POST /session/85bc92a044d2dfb856863d13adac7a7e/execute/async - {"script":"<script> [1562 bytes]","args":[{"selector":{"id":"application-manageconditionprice-display-component---conditions--smartFilterBar-filterItemControl_BASIC-BILL_TYPES-vhi"},"wdio_ui5_key":"applicationmanageconditionprice-display-component---conditions--smartFilterBar-filterItemControl_BASIC-BILL_TYPES-vhi"}]}
RESULT: {"script":"<script> [1562 bytes]","args":[{"selector":{"id":"application-manageconditionprice-display-component---conditions--smartFilterBar-filterItemControl_BASIC-BILL_TYPES-vhi"},"wdio_ui5_key":"applicationmanageconditionprice-display-component---conditions--smartFilterBar-filterItemControl_BASIC-BILL_TYPES-vhi"}]}
RESULT: undefined
COMMAND: POST /session/85bc92a044d2dfb856863d13adac7a7e/element - {"using":"xpath","value":"//*[@id=\"application-manageconditionprice-display-component---conditions--smartFilterBar-filterItemControl_BASIC-BILL_TYPES-vhi\"]"}
RESULT: {"using":"xpath","value":"//*[@id=\"application-manageconditionprice-display-component---conditions--smartFilterBar-filterItemControl_BASIC-BILL_TYPES-vhi\"]"}
COMMAND: POST /session/85bc92a044d2dfb856863d13adac7a7e/element/f.B14EA88AD92014BD4F4EDEC3100164B7.d.E953AF7C8396918ACC9F91B4507FEF90.e.3744/click - {}
RESULT: {}
COMMAND: POST /session/85bc92a044d2dfb856863d13adac7a7e/execute/async - {"script":"<script> [1562 bytes]","args":[{"selector":{"id":"application-manageconditionprice-display-component---conditions--smartFilterBar-filterItemControl_BASIC-BILL_TYPES-valueHelpDialog-smartFilterBar-btnBasicSearch","searchOpenDialogs":true,"interaction":{"idSuffix":"I"}},"wdio_ui5_key":"applicationmanageconditionprice-display-component---conditions--smartFilterBar-filterItemControl_BASIC-BILL_TYPES-valueHelpDialog-smartFilterBar-btnBasicSearch"}]}
COMMAND: GET /session/85bc92a044d2dfb856863d13adac7a7e/screenshot - {}
RESULT: {"script":"<script> [1562 bytes]","args":[{"selector":{"id":"application-manageconditionprice-display-component---conditions--smartFilterBar-filterItemControl_BASIC-BILL_TYPES-valueHelpDialog-smartFilterBar-btnBasicSearch","searchOpenDialogs":true,"interaction":{"idSuffix":"I"}},"wdio_ui5_key":"applicationmanageconditionprice-display-component---conditions--smartFilterBar-filterItemControl_BASIC-BILL_TYPES-valueHelpDialog-smartFilterBar-btnBasicSearch"}]}
RESULT: undefined
COMMAND: POST /session/85bc92a044d2dfb856863d13adac7a7e/execute/async - {"script":"<script> [776 bytes]","args":[{"enterText":"TB","selector":{"id":"application-manageconditionprice-display-component---conditions--smartFilterBar-filterItemControl_BASIC-BILL_TYPES-valueHelpDialog-smartFilterBar-btnBasicSearch","searchOpenDialogs":true,"interaction":{"idSuffix":"I"}},"clearTextFirst":true,"interactionType":"ENTER_TEXT"}]}
RESULT: {}
RESULT: {"script":"<script> [776 bytes]","args":[{"enterText":"TB","selector":{"id":"application-manageconditionprice-display-component---conditions--smartFilterBar-filterItemControl_BASIC-BILL_TYPES-valueHelpDialog-smartFilterBar-btnBasicSearch","searchOpenDialogs":true,"interaction":{"idSuffix":"I"}},"clearTextFirst":true,"interactionType":"ENTER_TEXT"}]}
COMMAND: POST /session/85bc92a044d2dfb856863d13adac7a7e/actions - {"actions":[{"id":"action16","type":"key","parameters":{},"actions":[{"type":"keyDown","value":"î€‡"},{"type":"pause","duration":10},{"type":"keyUp","value":"î€‡"}]}]}
RESULT: {"actions":[{"id":"action16","type":"key","parameters":{},"actions":[{"type":"keyDown","value":"î€‡"},{"type":"pause","duration":10},{"type":"keyUp","value":"î€‡"}]}]}
COMMAND: GET /session/85bc92a044d2dfb856863d13adac7a7e/screenshot - {}
RESULT: {}
COMMAND: POST /session/85bc92a044d2dfb856863d13adac7a7e/element - {"using":"xpath","value":"//div[contains(@id, 'application-manageconditionprice-display-component---conditions--smartFilterBar-filterItemControl_BASIC-BILL_TYPES-valueHelpDialog-table-rowsel0')]"}
RESULT: {"using":"xpath","value":"//div[contains(@id, 'application-manageconditionprice-display-component---conditions--smartFilterBar-filterItemControl_BASIC-BILL_TYPES-valueHelpDialog-table-rowsel0')]"}
COMMAND: POST /session/85bc92a044d2dfb856863d13adac7a7e/element/f.B14EA88AD92014BD4F4EDEC3100164B7.d.E953AF7C8396918ACC9F91B4507FEF90.e.3754/click - {}
RESULT: {}
COMMAND: GET /session/85bc92a044d2dfb856863d13adac7a7e/screenshot - {}
RESULT: {}
COMMAND: POST /session/85bc92a044d2dfb856863d13adac7a7e/element - {"using":"xpath","value":"//bdi[contains(text(), \"OK\")]"}
RESULT: {"using":"xpath","value":"//bdi[contains(text(), \"OK\")]"}
COMMAND: POST /session/85bc92a044d2dfb856863d13adac7a7e/element/f.B14EA88AD92014BD4F4EDEC3100164B7.d.E953AF7C8396918ACC9F91B4507FEF90.e.3756/click - {}
RESULT: {}
COMMAND: GET /session/85bc92a044d2dfb856863d13adac7a7e/screenshot - {}
RESULT: {}
COMMAND: POST /session/85bc92a044d2dfb856863d13adac7a7e/element - {"using":"xpath","value":"//span[@id=\"application-manageconditionprice-display-component---conditions--smartTable-header-inner\"]"}
RESULT: {"using":"xpath","value":"//span[@id=\"application-manageconditionprice-display-component---conditions--smartTable-header-inner\"]"}
COMMAND: POST /session/85bc92a044d2dfb856863d13adac7a7e/elements - {"using":"xpath","value":"//span[@id=\"application-manageconditionprice-display-component---conditions--smartTable-header-inner\"]"}
RESULT: {"using":"xpath","value":"//span[@id=\"application-manageconditionprice-display-component---conditions--smartTable-header-inner\"]"}
COMMAND: POST /session/85bc92a044d2dfb856863d13adac7a7e/execute/sync - {"script":"<script> [56 bytes]","args":[{"element-6066-11e4-a52e-4f735466cecf":"f.B14EA88AD92014BD4F4EDEC3100164B7.d.E953AF7C8396918ACC9F91B4507FEF90.e.3759","ELEMENT":"f.B14EA88AD92014BD4F4EDEC3100164B7.d.E953AF7C8396918ACC9F91B4507FEF90.e.3759"}]}
RESULT: {"script":"<script> [56 bytes]","args":[{"element-6066-11e4-a52e-4f735466cecf":"f.B14EA88AD92014BD4F4EDEC3100164B7.d.E953AF7C8396918ACC9F91B4507FEF90.e.3759","ELEMENT":"f.B14EA88AD92014BD4F4EDEC3100164B7.d.E953AF7C8396918ACC9F91B4507FEF90.e.3759"}]}
COMMAND: POST /session/85bc92a044d2dfb856863d13adac7a7e/element - {"using":"css selector","value":"#shell-header-logo"}
COMMAND: GET /session/85bc92a044d2dfb856863d13adac7a7e/screenshot - {}
RESULT: {}
RESULT: {"using":"css selector","value":"#shell-header-logo"}
COMMAND: POST /session/85bc92a044d2dfb856863d13adac7a7e/element/f.B14EA88AD92014BD4F4EDEC3100164B7.d.E953AF7C8396918ACC9F91B4507FEF90.e.3443/click - {}
RESULT: {}
COMMAND: GET /session/85bc92a044d2dfb856863d13adac7a7e/screenshot - {}
RESULT: {}
]]></system-out>
    </testcase>
  </testsuite>
  <testsuite timestamp="2025-06-04T05:31:13" time="1191.678" tests="14" failures="6" errors="6" skipped="0">
    <properties>
      <property name="specId" value="0" />
      <property name="suiteName" value="Create master data for mixed billing &amp; do billing calculation US151661" />
      <property name="capabilities" value="chrome.136_0_7103_93.windows" />
      <property name="file" value="file:///D:/a/1/s/test/specs/BTS/billing-calculation-mixed.spec.js" />
    </properties>
    <testcase classname="chrome.136_0_7103_93.windows.Create_master_data_for_mixed_billing_&amp;_do_billing_calculation_US151661" name="Should create a new yard" time="116.119">
      <system-out><![CDATA[
COMMAND: POST /session/85bc92a044d2dfb856863d13adac7a7e/window/fullscreen - {}
RESULT: {}
COMMAND: POST /session/85bc92a044d2dfb856863d13adac7a7e/execute/async - {"script":"<script> [1562 bytes]","args":[{"selector":{"controlType":"sap.m.GenericTile","properties":{"header":"Manage Yards"}},"wdio_ui5_key":"sapm.GenericTile{\"header\":\"Manage Yards\"}"}]}
RESULT: {"script":"<script> [1562 bytes]","args":[{"selector":{"controlType":"sap.m.GenericTile","properties":{"header":"Manage Yards"}},"wdio_ui5_key":"sapm.GenericTile{\"header\":\"Manage Yards\"}"}]}
RESULT: undefined
COMMAND: POST /session/85bc92a044d2dfb856863d13adac7a7e/element - {"using":"xpath","value":"//*[@id=\"__tile41\"]"}
RESULT: {"using":"xpath","value":"//*[@id=\"__tile41\"]"}
COMMAND: POST /session/85bc92a044d2dfb856863d13adac7a7e/element/f.B14EA88AD92014BD4F4EDEC3100164B7.d.7BE0F2A167F305A56CC98C078C5594A4.e.4372/click - {}
RESULT: {}
COMMAND: GET /session/85bc92a044d2dfb856863d13adac7a7e/screenshot - {}
RESULT: {}
COMMAND: POST /session/85bc92a044d2dfb856863d13adac7a7e/elements - {"using":"xpath","value":"//span[text()='Error']"}
RESULT: {"using":"xpath","value":"//span[text()='Error']"}
COMMAND: POST /session/85bc92a044d2dfb856863d13adac7a7e/element - {"using":"xpath","value":"//button[@data-kt=\"addNewYardOverflowToolbarButton\"]"}
RESULT: {"using":"xpath","value":"//button[@data-kt=\"addNewYardOverflowToolbarButton\"]"}
COMMAND: POST /session/85bc92a044d2dfb856863d13adac7a7e/elements - {"using":"xpath","value":"//button[@data-kt=\"addNewYardOverflowToolbarButton\"]"}
RESULT: {"using":"xpath","value":"//button[@data-kt=\"addNewYardOverflowToolbarButton\"]"}
COMMAND: POST /session/85bc92a044d2dfb856863d13adac7a7e/elements - {"using":"xpath","value":"//button[@data-kt=\"addNewYardOverflowToolbarButton\"]"}
RESULT: {"using":"xpath","value":"//button[@data-kt=\"addNewYardOverflowToolbarButton\"]"}
COMMAND: POST /session/85bc92a044d2dfb856863d13adac7a7e/element - {"using":"xpath","value":"//button[@data-kt=\"addNewYardOverflowToolbarButton\"]"}
RESULT: {"using":"xpath","value":"//button[@data-kt=\"addNewYardOverflowToolbarButton\"]"}
COMMAND: POST /session/85bc92a044d2dfb856863d13adac7a7e/execute/sync - {"script":"<script> [8489 bytes]","args":[{"element-6066-11e4-a52e-4f735466cecf":"f.B14EA88AD92014BD4F4EDEC3100164B7.d.7BE0F2A167F305A56CC98C078C5594A4.e.4498","ELEMENT":"f.B14EA88AD92014BD4F4EDEC3100164B7.d.7BE0F2A167F305A56CC98C078C5594A4.e.4498"}]}
RESULT: {"script":"<script> [8489 bytes]","args":[{"element-6066-11e4-a52e-4f735466cecf":"f.B14EA88AD92014BD4F4EDEC3100164B7.d.7BE0F2A167F305A56CC98C078C5594A4.e.4498","ELEMENT":"f.B14EA88AD92014BD4F4EDEC3100164B7.d.7BE0F2A167F305A56CC98C078C5594A4.e.4498"}]}
COMMAND: GET /session/85bc92a044d2dfb856863d13adac7a7e/element/f.B14EA88AD92014BD4F4EDEC3100164B7.d.7BE0F2A167F305A56CC98C078C5594A4.e.4498/enabled - {}
COMMAND: GET /session/85bc92a044d2dfb856863d13adac7a7e/screenshot - {}
RESULT: {}
COMMAND: POST /session/85bc92a044d2dfb856863d13adac7a7e/execute/sync - {"script":"<script> [8489 bytes]","args":[{"element-6066-11e4-a52e-4f735466cecf":"f.B14EA88AD92014BD4F4EDEC3100164B7.d.7BE0F2A167F305A56CC98C078C5594A4.e.4498","ELEMENT":"f.B14EA88AD92014BD4F4EDEC3100164B7.d.7BE0F2A167F305A56CC98C078C5594A4.e.4498"}]}
COMMAND: GET /session/85bc92a044d2dfb856863d13adac7a7e/screenshot - {}
RESULT: {}
RESULT: {"script":"<script> [8489 bytes]","args":[{"element-6066-11e4-a52e-4f735466cecf":"f.B14EA88AD92014BD4F4EDEC3100164B7.d.7BE0F2A167F305A56CC98C078C5594A4.e.4498","ELEMENT":"f.B14EA88AD92014BD4F4EDEC3100164B7.d.7BE0F2A167F305A56CC98C078C5594A4.e.4498"}]}
COMMAND: POST /session/85bc92a044d2dfb856863d13adac7a7e/execute/sync - {"script":"<script> [5351 bytes]","args":[{"element-6066-11e4-a52e-4f735466cecf":"f.B14EA88AD92014BD4F4EDEC3100164B7.d.7BE0F2A167F305A56CC98C078C5594A4.e.4498","ELEMENT":"f.B14EA88AD92014BD4F4EDEC3100164B7.d.7BE0F2A167F305A56CC98C078C5594A4.e.4498"}]}
COMMAND: GET /session/85bc92a044d2dfb856863d13adac7a7e/screenshot - {}
RESULT: {}
RESULT: {"script":"<script> [5351 bytes]","args":[{"element-6066-11e4-a52e-4f735466cecf":"f.B14EA88AD92014BD4F4EDEC3100164B7.d.7BE0F2A167F305A56CC98C078C5594A4.e.4498","ELEMENT":"f.B14EA88AD92014BD4F4EDEC3100164B7.d.7BE0F2A167F305A56CC98C078C5594A4.e.4498"}]}
COMMAND: POST /session/85bc92a044d2dfb856863d13adac7a7e/element/f.B14EA88AD92014BD4F4EDEC3100164B7.d.7BE0F2A167F305A56CC98C078C5594A4.e.4498/click - {}
COMMAND: GET /session/85bc92a044d2dfb856863d13adac7a7e/screenshot - {}
RESULT: {}
RESULT: {}
COMMAND: GET /session/85bc92a044d2dfb856863d13adac7a7e/screenshot - {}
RESULT: {}
RESULT: {}
COMMAND: POST /session/85bc92a044d2dfb856863d13adac7a7e/element - {"using":"xpath","value":"//input[@id=\"application-manageyards-display-component---NewYard--yardId-inner\"]"}
RESULT: {"using":"xpath","value":"//input[@id=\"application-manageyards-display-component---NewYard--yardId-inner\"]"}
COMMAND: POST /session/85bc92a044d2dfb856863d13adac7a7e/element - {"using":"xpath","value":"//input[@id=\"application-manageyards-display-component---NewYard--yardId-inner\"]"}
RESULT: {"using":"xpath","value":"//input[@id=\"application-manageyards-display-component---NewYard--yardId-inner\"]"}
COMMAND: POST /session/85bc92a044d2dfb856863d13adac7a7e/execute/async - {"script":"<script> [1562 bytes]","args":[{"selector":{"id":"application-manageyards-display-component---NewYard--addressDetailDetailsName1","interaction":{"idSuffix":"inner"}},"wdio_ui5_key":"applicationmanageyards-display-component---NewYard--addressDetailDetailsName1"}]}
RESULT: {"script":"<script> [1562 bytes]","args":[{"selector":{"id":"application-manageyards-display-component---NewYard--addressDetailDetailsName1","interaction":{"idSuffix":"inner"}},"wdio_ui5_key":"applicationmanageyards-display-component---NewYard--addressDetailDetailsName1"}]}
RESULT: undefined
COMMAND: POST /session/85bc92a044d2dfb856863d13adac7a7e/execute/async - {"script":"<script> [776 bytes]","args":[{"enterText":"Intercompany Yard wdIO","selector":{"id":"application-manageyards-display-component---NewYard--addressDetailDetailsName1","interaction":{"idSuffix":"inner"}},"clearTextFirst":true,"interactionType":"ENTER_TEXT"}]}
RESULT: {"script":"<script> [776 bytes]","args":[{"enterText":"Intercompany Yard wdIO","selector":{"id":"application-manageyards-display-component---NewYard--addressDetailDetailsName1","interaction":{"idSuffix":"inner"}},"clearTextFirst":true,"interactionType":"ENTER_TEXT"}]}
COMMAND: POST /session/85bc92a044d2dfb856863d13adac7a7e/execute/async - {"script":"<script> [1562 bytes]","args":[{"selector":{"id":"application-manageyards-display-component---NewYard--addressDetailDetailsLanguage-arrow"},"wdio_ui5_key":"applicationmanageyards-display-component---NewYard--addressDetailDetailsLanguage-arrow"}]}
RESULT: {"script":"<script> [1562 bytes]","args":[{"selector":{"id":"application-manageyards-display-component---NewYard--addressDetailDetailsLanguage-arrow"},"wdio_ui5_key":"applicationmanageyards-display-component---NewYard--addressDetailDetailsLanguage-arrow"}]}
RESULT: undefined
COMMAND: POST /session/85bc92a044d2dfb856863d13adac7a7e/element - {"using":"xpath","value":"//*[@id=\"application-manageyards-display-component---NewYard--addressDetailDetailsLanguage-arrow\"]"}
RESULT: {"using":"xpath","value":"//*[@id=\"application-manageyards-display-component---NewYard--addressDetailDetailsLanguage-arrow\"]"}
COMMAND: POST /session/85bc92a044d2dfb856863d13adac7a7e/element/f.B14EA88AD92014BD4F4EDEC3100164B7.d.7BE0F2A167F305A56CC98C078C5594A4.e.4931/click - {}
RESULT: {}
COMMAND: POST /session/85bc92a044d2dfb856863d13adac7a7e/element - {"using":"xpath","value":"//span[contains(text(), \"English\")]"}
COMMAND: GET /session/85bc92a044d2dfb856863d13adac7a7e/screenshot - {}
RESULT: {"using":"xpath","value":"//span[contains(text(), \"English\")]"}
COMMAND: POST /session/85bc92a044d2dfb856863d13adac7a7e/element/f.B14EA88AD92014BD4F4EDEC3100164B7.d.7BE0F2A167F305A56CC98C078C5594A4.e.4932/click - {}
RESULT: {}
RESULT: {}
COMMAND: POST /session/85bc92a044d2dfb856863d13adac7a7e/execute/async - {"script":"<script> [1562 bytes]","args":[{"selector":{"id":"application-manageyards-display-component---NewYard--addressDetailDetailsCity1","interaction":{"idSuffix":"inner"}},"wdio_ui5_key":"applicationmanageyards-display-component---NewYard--addressDetailDetailsCity1"}]}
COMMAND: GET /session/85bc92a044d2dfb856863d13adac7a7e/screenshot - {}
RESULT: {"script":"<script> [1562 bytes]","args":[{"selector":{"id":"application-manageyards-display-component---NewYard--addressDetailDetailsCity1","interaction":{"idSuffix":"inner"}},"wdio_ui5_key":"applicationmanageyards-display-component---NewYard--addressDetailDetailsCity1"}]}
RESULT: undefined
COMMAND: POST /session/85bc92a044d2dfb856863d13adac7a7e/execute/async - {"script":"<script> [776 bytes]","args":[{"enterText":"Rosario","selector":{"id":"application-manageyards-display-component---NewYard--addressDetailDetailsCity1","interaction":{"idSuffix":"inner"}},"clearTextFirst":true,"interactionType":"ENTER_TEXT"}]}
RESULT: {}
RESULT: {"script":"<script> [776 bytes]","args":[{"enterText":"Rosario","selector":{"id":"application-manageyards-display-component---NewYard--addressDetailDetailsCity1","interaction":{"idSuffix":"inner"}},"clearTextFirst":true,"interactionType":"ENTER_TEXT"}]}
COMMAND: POST /session/85bc92a044d2dfb856863d13adac7a7e/execute/async - {"script":"<script> [1562 bytes]","args":[{"selector":{"id":"application-manageyards-display-component---NewYard--addressDetailDetailsCountry-arrow"},"wdio_ui5_key":"applicationmanageyards-display-component---NewYard--addressDetailDetailsCountry-arrow"}]}
RESULT: {"script":"<script> [1562 bytes]","args":[{"selector":{"id":"application-manageyards-display-component---NewYard--addressDetailDetailsCountry-arrow"},"wdio_ui5_key":"applicationmanageyards-display-component---NewYard--addressDetailDetailsCountry-arrow"}]}
RESULT: undefined
COMMAND: POST /session/85bc92a044d2dfb856863d13adac7a7e/element - {"using":"xpath","value":"//*[@id=\"application-manageyards-display-component---NewYard--addressDetailDetailsCountry-arrow\"]"}
RESULT: {"using":"xpath","value":"//*[@id=\"application-manageyards-display-component---NewYard--addressDetailDetailsCountry-arrow\"]"}
COMMAND: POST /session/85bc92a044d2dfb856863d13adac7a7e/element/f.B14EA88AD92014BD4F4EDEC3100164B7.d.7BE0F2A167F305A56CC98C078C5594A4.e.4934/click - {}
RESULT: {}
COMMAND: POST /session/85bc92a044d2dfb856863d13adac7a7e/element - {"using":"xpath","value":"//span[contains(text(), \"Argentina\")]"}
COMMAND: GET /session/85bc92a044d2dfb856863d13adac7a7e/screenshot - {}
RESULT: {"using":"xpath","value":"//span[contains(text(), \"Argentina\")]"}
COMMAND: POST /session/85bc92a044d2dfb856863d13adac7a7e/element/f.B14EA88AD92014BD4F4EDEC3100164B7.d.7BE0F2A167F305A56CC98C078C5594A4.e.4935/click - {}
RESULT: {}
RESULT: {}
COMMAND: POST /session/85bc92a044d2dfb856863d13adac7a7e/execute/async - {"script":"<script> [1562 bytes]","args":[{"selector":{"id":"application-manageyards-display-component---NewYard--addressEditDetailsCostObjectCstType-arrow"},"wdio_ui5_key":"applicationmanageyards-display-component---NewYard--addressEditDetailsCostObjectCstType-arrow"}]}
COMMAND: GET /session/85bc92a044d2dfb856863d13adac7a7e/screenshot - {}
RESULT: {"script":"<script> [1562 bytes]","args":[{"selector":{"id":"application-manageyards-display-component---NewYard--addressEditDetailsCostObjectCstType-arrow"},"wdio_ui5_key":"applicationmanageyards-display-component---NewYard--addressEditDetailsCostObjectCstType-arrow"}]}
RESULT: undefined
COMMAND: POST /session/85bc92a044d2dfb856863d13adac7a7e/element - {"using":"xpath","value":"//*[@id=\"application-manageyards-display-component---NewYard--addressEditDetailsCostObjectCstType-arrow\"]"}
RESULT: {}
RESULT: {"using":"xpath","value":"//*[@id=\"application-manageyards-display-component---NewYard--addressEditDetailsCostObjectCstType-arrow\"]"}
COMMAND: POST /session/85bc92a044d2dfb856863d13adac7a7e/element/f.B14EA88AD92014BD4F4EDEC3100164B7.d.7BE0F2A167F305A56CC98C078C5594A4.e.4937/click - {}
RESULT: {}
COMMAND: POST /session/85bc92a044d2dfb856863d13adac7a7e/element - {"using":"xpath","value":"//span[contains(text(), \"Cost Center\")]"}
COMMAND: GET /session/85bc92a044d2dfb856863d13adac7a7e/screenshot - {}
RESULT: {"using":"xpath","value":"//span[contains(text(), \"Cost Center\")]"}
COMMAND: POST /session/85bc92a044d2dfb856863d13adac7a7e/element/f.B14EA88AD92014BD4F4EDEC3100164B7.d.7BE0F2A167F305A56CC98C078C5594A4.e.4938/click - {}
RESULT: {}
RESULT: {}
COMMAND: GET /session/85bc92a044d2dfb856863d13adac7a7e/screenshot - {}
RESULT: {}
COMMAND: POST /session/85bc92a044d2dfb856863d13adac7a7e/element - {"using":"xpath","value":"//span[@id=\"application-manageyards-display-component---NewYard--addressNewCostObjectCstID-vhi\"]"}
RESULT: {"using":"xpath","value":"//span[@id=\"application-manageyards-display-component---NewYard--addressNewCostObjectCstID-vhi\"]"}
COMMAND: POST /session/85bc92a044d2dfb856863d13adac7a7e/execute/sync - {"script":"<script> [8489 bytes]","args":[{"element-6066-11e4-a52e-4f735466cecf":"f.B14EA88AD92014BD4F4EDEC3100164B7.d.7BE0F2A167F305A56CC98C078C5594A4.e.4942","ELEMENT":"f.B14EA88AD92014BD4F4EDEC3100164B7.d.7BE0F2A167F305A56CC98C078C5594A4.e.4942"}]}
RESULT: {"script":"<script> [8489 bytes]","args":[{"element-6066-11e4-a52e-4f735466cecf":"f.B14EA88AD92014BD4F4EDEC3100164B7.d.7BE0F2A167F305A56CC98C078C5594A4.e.4942","ELEMENT":"f.B14EA88AD92014BD4F4EDEC3100164B7.d.7BE0F2A167F305A56CC98C078C5594A4.e.4942"}]}
COMMAND: POST /session/85bc92a044d2dfb856863d13adac7a7e/execute/async - {"script":"<script> [1562 bytes]","args":[{"selector":{"id":"application-manageyards-display-component---NewYard--addressNewCostObjectCstID-vhi"},"wdio_ui5_key":"applicationmanageyards-display-component---NewYard--addressNewCostObjectCstID-vhi"}]}
COMMAND: GET /session/85bc92a044d2dfb856863d13adac7a7e/screenshot - {}
RESULT: {"script":"<script> [1562 bytes]","args":[{"selector":{"id":"application-manageyards-display-component---NewYard--addressNewCostObjectCstID-vhi"},"wdio_ui5_key":"applicationmanageyards-display-component---NewYard--addressNewCostObjectCstID-vhi"}]}
RESULT: undefined
COMMAND: POST /session/85bc92a044d2dfb856863d13adac7a7e/element - {"using":"xpath","value":"//*[@id=\"application-manageyards-display-component---NewYard--addressNewCostObjectCstID-vhi\"]"}
RESULT: {}
RESULT: {"using":"xpath","value":"//*[@id=\"application-manageyards-display-component---NewYard--addressNewCostObjectCstID-vhi\"]"}
COMMAND: POST /session/85bc92a044d2dfb856863d13adac7a7e/element/f.B14EA88AD92014BD4F4EDEC3100164B7.d.7BE0F2A167F305A56CC98C078C5594A4.e.4942/click - {}
RESULT: {}
COMMAND: GET /session/85bc92a044d2dfb856863d13adac7a7e/screenshot - {}
RESULT: {}
COMMAND: POST /session/85bc92a044d2dfb856863d13adac7a7e/execute/async - {"script":"<script> [1562 bytes]","args":[{"selector":{"controlType":"sap.m.SearchField","properties":{"placeholder":"Search"},"searchOpenDialogs":true,"interaction":{"idSuffix":"I"}},"wdio_ui5_key":"sapm.SearchField{\"placeholder\":\"Search\"}"}]}
RESULT: {"script":"<script> [1562 bytes]","args":[{"selector":{"controlType":"sap.m.SearchField","properties":{"placeholder":"Search"},"searchOpenDialogs":true,"interaction":{"idSuffix":"I"}},"wdio_ui5_key":"sapm.SearchField{\"placeholder\":\"Search\"}"}]}
RESULT: undefined
COMMAND: POST /session/85bc92a044d2dfb856863d13adac7a7e/execute/async - {"script":"<script> [776 bytes]","args":[{"enterText":"bauh_b","selector":{"controlType":"sap.m.SearchField","properties":{"placeholder":"Search"},"searchOpenDialogs":true,"interaction":{"idSuffix":"I"}},"clearTextFirst":true,"interactionType":"ENTER_TEXT"}]}
RESULT: {"script":"<script> [776 bytes]","args":[{"enterText":"bauh_b","selector":{"controlType":"sap.m.SearchField","properties":{"placeholder":"Search"},"searchOpenDialogs":true,"interaction":{"idSuffix":"I"}},"clearTextFirst":true,"interactionType":"ENTER_TEXT"}]}
COMMAND: POST /session/85bc92a044d2dfb856863d13adac7a7e/actions - {"actions":[{"id":"action18","type":"key","parameters":{},"actions":[{"type":"keyDown","value":"î€‡"},{"type":"pause","duration":10},{"type":"keyUp","value":"î€‡"}]}]}
RESULT: {"actions":[{"id":"action18","type":"key","parameters":{},"actions":[{"type":"keyDown","value":"î€‡"},{"type":"pause","duration":10},{"type":"keyUp","value":"î€‡"}]}]}
COMMAND: GET /session/85bc92a044d2dfb856863d13adac7a7e/screenshot - {}
RESULT: {}
COMMAND: POST /session/85bc92a044d2dfb856863d13adac7a7e/element - {"using":"xpath","value":"//span[contains(text(), \"Demo Yard\")]"}
RESULT: {"using":"xpath","value":"//span[contains(text(), \"Demo Yard\")]"}
COMMAND: POST /session/85bc92a044d2dfb856863d13adac7a7e/element/f.B14EA88AD92014BD4F4EDEC3100164B7.d.7BE0F2A167F305A56CC98C078C5594A4.e.4982/click - {}
RESULT: {}
COMMAND: GET /session/85bc92a044d2dfb856863d13adac7a7e/screenshot - {}
RESULT: {}
COMMAND: POST /session/85bc92a044d2dfb856863d13adac7a7e/element - {"using":"xpath","value":"//bdi[contains(text(), \"OK\")]"}
RESULT: {"using":"xpath","value":"//bdi[contains(text(), \"OK\")]"}
COMMAND: POST /session/85bc92a044d2dfb856863d13adac7a7e/element/f.B14EA88AD92014BD4F4EDEC3100164B7.d.7BE0F2A167F305A56CC98C078C5594A4.e.4983/click - {}
RESULT: {}
COMMAND: GET /session/85bc92a044d2dfb856863d13adac7a7e/screenshot - {}
RESULT: {}
COMMAND: POST /session/85bc92a044d2dfb856863d13adac7a7e/execute/async - {"script":"<script> [1562 bytes]","args":[{"selector":{"id":"application-manageyards-display-component---NewYard--addressEditDetailsCurrency-arrow"},"wdio_ui5_key":"applicationmanageyards-display-component---NewYard--addressEditDetailsCurrency-arrow"}]}
RESULT: {"script":"<script> [1562 bytes]","args":[{"selector":{"id":"application-manageyards-display-component---NewYard--addressEditDetailsCurrency-arrow"},"wdio_ui5_key":"applicationmanageyards-display-component---NewYard--addressEditDetailsCurrency-arrow"}]}
RESULT: undefined
COMMAND: POST /session/85bc92a044d2dfb856863d13adac7a7e/element - {"using":"xpath","value":"//*[@id=\"application-manageyards-display-component---NewYard--addressEditDetailsCurrency-arrow\"]"}
RESULT: {"using":"xpath","value":"//*[@id=\"application-manageyards-display-component---NewYard--addressEditDetailsCurrency-arrow\"]"}
COMMAND: POST /session/85bc92a044d2dfb856863d13adac7a7e/element/f.B14EA88AD92014BD4F4EDEC3100164B7.d.7BE0F2A167F305A56CC98C078C5594A4.e.4986/click - {}
RESULT: {}
COMMAND: POST /session/85bc92a044d2dfb856863d13adac7a7e/element - {"using":"xpath","value":"//span[contains(text(), \"Euro\")]"}
COMMAND: GET /session/85bc92a044d2dfb856863d13adac7a7e/screenshot - {}
RESULT: {"using":"xpath","value":"//span[contains(text(), \"Euro\")]"}
COMMAND: POST /session/85bc92a044d2dfb856863d13adac7a7e/element/f.B14EA88AD92014BD4F4EDEC3100164B7.d.7BE0F2A167F305A56CC98C078C5594A4.e.4987/click - {}
RESULT: {}
RESULT: {}
COMMAND: POST /session/85bc92a044d2dfb856863d13adac7a7e/execute/async - {"script":"<script> [1562 bytes]","args":[{"selector":{"controlType":"sap.m.Input","viewName":"etm.portal.ui.manageyards.view.New","viewId":"application-manageyards-display-component---NewYard","bindingPath":{"path":"","propertyPath":"/CONTROLLING_AREA","modelName":"NewYardModel"},"interaction":{"idSuffix":"inner"}},"wdio_ui5_key":"etmportal.ui.manageyards.view.Newsap.m.Input{\"path\":\"\",\"propertyPath\":\"/CONTROLLING_AREA\",\"modelName\":\"NewYardModel\"}"}]}
COMMAND: GET /session/85bc92a044d2dfb856863d13adac7a7e/screenshot - {}
RESULT: {"script":"<script> [1562 bytes]","args":[{"selector":{"controlType":"sap.m.Input","viewName":"etm.portal.ui.manageyards.view.New","viewId":"application-manageyards-display-component---NewYard","bindingPath":{"path":"","propertyPath":"/CONTROLLING_AREA","modelName":"NewYardModel"},"interaction":{"idSuffix":"inner"}},"wdio_ui5_key":"etmportal.ui.manageyards.view.Newsap.m.Input{\"path\":\"\",\"propertyPath\":\"/CONTROLLING_AREA\",\"modelName\":\"NewYardModel\"}"}]}
RESULT: undefined
COMMAND: POST /session/85bc92a044d2dfb856863d13adac7a7e/execute/async - {"script":"<script> [776 bytes]","args":[{"enterText":"Z001","selector":{"controlType":"sap.m.Input","viewName":"etm.portal.ui.manageyards.view.New","viewId":"application-manageyards-display-component---NewYard","bindingPath":{"path":"","propertyPath":"/CONTROLLING_AREA","modelName":"NewYardModel"},"interaction":{"idSuffix":"inner"}},"clearTextFirst":true,"interactionType":"ENTER_TEXT"}]}
RESULT: {}
RESULT: {"script":"<script> [776 bytes]","args":[{"enterText":"Z001","selector":{"controlType":"sap.m.Input","viewName":"etm.portal.ui.manageyards.view.New","viewId":"application-manageyards-display-component---NewYard","bindingPath":{"path":"","propertyPath":"/CONTROLLING_AREA","modelName":"NewYardModel"},"interaction":{"idSuffix":"inner"}},"clearTextFirst":true,"interactionType":"ENTER_TEXT"}]}
COMMAND: POST /session/85bc92a044d2dfb856863d13adac7a7e/execute/async - {"script":"<script> [1562 bytes]","args":[{"selector":{"id":"application-manageyards-display-component---NewYard--companyCodeComboBox","interaction":{"idSuffix":"inner"}},"wdio_ui5_key":"applicationmanageyards-display-component---NewYard--companyCodeComboBox"}]}
RESULT: {"script":"<script> [1562 bytes]","args":[{"selector":{"id":"application-manageyards-display-component---NewYard--companyCodeComboBox","interaction":{"idSuffix":"inner"}},"wdio_ui5_key":"applicationmanageyards-display-component---NewYard--companyCodeComboBox"}]}
RESULT: undefined
COMMAND: POST /session/85bc92a044d2dfb856863d13adac7a7e/execute/async - {"script":"<script> [776 bytes]","args":[{"enterText":"1000","selector":{"id":"application-manageyards-display-component---NewYard--companyCodeComboBox","interaction":{"idSuffix":"inner"}},"clearTextFirst":true,"interactionType":"ENTER_TEXT"}]}
RESULT: {"script":"<script> [776 bytes]","args":[{"enterText":"1000","selector":{"id":"application-manageyards-display-component---NewYard--companyCodeComboBox","interaction":{"idSuffix":"inner"}},"clearTextFirst":true,"interactionType":"ENTER_TEXT"}]}
COMMAND: POST /session/85bc92a044d2dfb856863d13adac7a7e/execute/async - {"script":"<script> [1562 bytes]","args":[{"selector":{"controlType":"sap.m.Input","viewName":"etm.portal.ui.manageyards.view.New","viewId":"application-manageyards-display-component---NewYard","bindingPath":{"path":"","propertyPath":"/PLANT","modelName":"NewYardModel"},"interaction":{"idSuffix":"inner"}},"wdio_ui5_key":"etmportal.ui.manageyards.view.Newsap.m.Input{\"path\":\"\",\"propertyPath\":\"/PLANT\",\"modelName\":\"NewYardModel\"}"}]}
RESULT: {"script":"<script> [1562 bytes]","args":[{"selector":{"controlType":"sap.m.Input","viewName":"etm.portal.ui.manageyards.view.New","viewId":"application-manageyards-display-component---NewYard","bindingPath":{"path":"","propertyPath":"/PLANT","modelName":"NewYardModel"},"interaction":{"idSuffix":"inner"}},"wdio_ui5_key":"etmportal.ui.manageyards.view.Newsap.m.Input{\"path\":\"\",\"propertyPath\":\"/PLANT\",\"modelName\":\"NewYardModel\"}"}]}
RESULT: undefined
COMMAND: POST /session/85bc92a044d2dfb856863d13adac7a7e/execute/async - {"script":"<script> [776 bytes]","args":[{"enterText":"1001","selector":{"controlType":"sap.m.Input","viewName":"etm.portal.ui.manageyards.view.New","viewId":"application-manageyards-display-component---NewYard","bindingPath":{"path":"","propertyPath":"/PLANT","modelName":"NewYardModel"},"interaction":{"idSuffix":"inner"}},"clearTextFirst":true,"interactionType":"ENTER_TEXT"}]}
RESULT: {"script":"<script> [776 bytes]","args":[{"enterText":"1001","selector":{"controlType":"sap.m.Input","viewName":"etm.portal.ui.manageyards.view.New","viewId":"application-manageyards-display-component---NewYard","bindingPath":{"path":"","propertyPath":"/PLANT","modelName":"NewYardModel"},"interaction":{"idSuffix":"inner"}},"clearTextFirst":true,"interactionType":"ENTER_TEXT"}]}
COMMAND: POST /session/85bc92a044d2dfb856863d13adac7a7e/execute/async - {"script":"<script> [1562 bytes]","args":[{"selector":{"controlType":"sap.m.Input","viewName":"etm.portal.ui.manageyards.view.New","viewId":"application-manageyards-display-component---NewYard","bindingPath":{"path":"","propertyPath":"/SALES_AREA_VKORG","modelName":"NewYardModel"},"interaction":{"idSuffix":"inner"}},"wdio_ui5_key":"etmportal.ui.manageyards.view.Newsap.m.Input{\"path\":\"\",\"propertyPath\":\"/SALES_AREA_VKORG\",\"modelName\":\"NewYardModel\"}"}]}
RESULT: {"script":"<script> [1562 bytes]","args":[{"selector":{"controlType":"sap.m.Input","viewName":"etm.portal.ui.manageyards.view.New","viewId":"application-manageyards-display-component---NewYard","bindingPath":{"path":"","propertyPath":"/SALES_AREA_VKORG","modelName":"NewYardModel"},"interaction":{"idSuffix":"inner"}},"wdio_ui5_key":"etmportal.ui.manageyards.view.Newsap.m.Input{\"path\":\"\",\"propertyPath\":\"/SALES_AREA_VKORG\",\"modelName\":\"NewYardModel\"}"}]}
RESULT: undefined
COMMAND: POST /session/85bc92a044d2dfb856863d13adac7a7e/execute/async - {"script":"<script> [776 bytes]","args":[{"enterText":"C002","selector":{"controlType":"sap.m.Input","viewName":"etm.portal.ui.manageyards.view.New","viewId":"application-manageyards-display-component---NewYard","bindingPath":{"path":"","propertyPath":"/SALES_AREA_VKORG","modelName":"NewYardModel"},"interaction":{"idSuffix":"inner"}},"clearTextFirst":true,"interactionType":"ENTER_TEXT"}]}
RESULT: {"script":"<script> [776 bytes]","args":[{"enterText":"C002","selector":{"controlType":"sap.m.Input","viewName":"etm.portal.ui.manageyards.view.New","viewId":"application-manageyards-display-component---NewYard","bindingPath":{"path":"","propertyPath":"/SALES_AREA_VKORG","modelName":"NewYardModel"},"interaction":{"idSuffix":"inner"}},"clearTextFirst":true,"interactionType":"ENTER_TEXT"}]}
COMMAND: POST /session/85bc92a044d2dfb856863d13adac7a7e/execute/async - {"script":"<script> [1562 bytes]","args":[{"selector":{"controlType":"sap.m.Input","viewName":"etm.portal.ui.manageyards.view.New","viewId":"application-manageyards-display-component---NewYard","bindingPath":{"path":"","propertyPath":"/SALES_AREA_VTWEG","modelName":"NewYardModel"},"interaction":{"idSuffix":"inner"}},"wdio_ui5_key":"etmportal.ui.manageyards.view.Newsap.m.Input{\"path\":\"\",\"propertyPath\":\"/SALES_AREA_VTWEG\",\"modelName\":\"NewYardModel\"}"}]}
RESULT: {"script":"<script> [1562 bytes]","args":[{"selector":{"controlType":"sap.m.Input","viewName":"etm.portal.ui.manageyards.view.New","viewId":"application-manageyards-display-component---NewYard","bindingPath":{"path":"","propertyPath":"/SALES_AREA_VTWEG","modelName":"NewYardModel"},"interaction":{"idSuffix":"inner"}},"wdio_ui5_key":"etmportal.ui.manageyards.view.Newsap.m.Input{\"path\":\"\",\"propertyPath\":\"/SALES_AREA_VTWEG\",\"modelName\":\"NewYardModel\"}"}]}
RESULT: undefined
COMMAND: POST /session/85bc92a044d2dfb856863d13adac7a7e/execute/async - {"script":"<script> [776 bytes]","args":[{"enterText":"C2","selector":{"controlType":"sap.m.Input","viewName":"etm.portal.ui.manageyards.view.New","viewId":"application-manageyards-display-component---NewYard","bindingPath":{"path":"","propertyPath":"/SALES_AREA_VTWEG","modelName":"NewYardModel"},"interaction":{"idSuffix":"inner"}},"clearTextFirst":true,"interactionType":"ENTER_TEXT"}]}
RESULT: {"script":"<script> [776 bytes]","args":[{"enterText":"C2","selector":{"controlType":"sap.m.Input","viewName":"etm.portal.ui.manageyards.view.New","viewId":"application-manageyards-display-component---NewYard","bindingPath":{"path":"","propertyPath":"/SALES_AREA_VTWEG","modelName":"NewYardModel"},"interaction":{"idSuffix":"inner"}},"clearTextFirst":true,"interactionType":"ENTER_TEXT"}]}
COMMAND: POST /session/85bc92a044d2dfb856863d13adac7a7e/execute/async - {"script":"<script> [1562 bytes]","args":[{"selector":{"controlType":"sap.m.Input","viewName":"etm.portal.ui.manageyards.view.New","viewId":"application-manageyards-display-component---NewYard","bindingPath":{"path":"","propertyPath":"/SALES_AREA_SPART","modelName":"NewYardModel"},"interaction":{"idSuffix":"inner"}},"wdio_ui5_key":"etmportal.ui.manageyards.view.Newsap.m.Input{\"path\":\"\",\"propertyPath\":\"/SALES_AREA_SPART\",\"modelName\":\"NewYardModel\"}"}]}
RESULT: {"script":"<script> [1562 bytes]","args":[{"selector":{"controlType":"sap.m.Input","viewName":"etm.portal.ui.manageyards.view.New","viewId":"application-manageyards-display-component---NewYard","bindingPath":{"path":"","propertyPath":"/SALES_AREA_SPART","modelName":"NewYardModel"},"interaction":{"idSuffix":"inner"}},"wdio_ui5_key":"etmportal.ui.manageyards.view.Newsap.m.Input{\"path\":\"\",\"propertyPath\":\"/SALES_AREA_SPART\",\"modelName\":\"NewYardModel\"}"}]}
RESULT: undefined
COMMAND: POST /session/85bc92a044d2dfb856863d13adac7a7e/execute/async - {"script":"<script> [776 bytes]","args":[{"enterText":"C2","selector":{"controlType":"sap.m.Input","viewName":"etm.portal.ui.manageyards.view.New","viewId":"application-manageyards-display-component---NewYard","bindingPath":{"path":"","propertyPath":"/SALES_AREA_SPART","modelName":"NewYardModel"},"interaction":{"idSuffix":"inner"}},"clearTextFirst":true,"interactionType":"ENTER_TEXT"}]}
RESULT: {"script":"<script> [776 bytes]","args":[{"enterText":"C2","selector":{"controlType":"sap.m.Input","viewName":"etm.portal.ui.manageyards.view.New","viewId":"application-manageyards-display-component---NewYard","bindingPath":{"path":"","propertyPath":"/SALES_AREA_SPART","modelName":"NewYardModel"},"interaction":{"idSuffix":"inner"}},"clearTextFirst":true,"interactionType":"ENTER_TEXT"}]}
COMMAND: POST /session/85bc92a044d2dfb856863d13adac7a7e/execute/async - {"script":"<script> [1562 bytes]","args":[{"selector":{"controlType":"sap.m.Input","viewName":"etm.portal.ui.manageyards.view.New","viewId":"application-manageyards-display-component---NewYard","bindingPath":{"path":"","propertyPath":"/SHIP_POINT","modelName":"NewYardModel"},"interaction":{"idSuffix":"inner"}},"wdio_ui5_key":"etmportal.ui.manageyards.view.Newsap.m.Input{\"path\":\"\",\"propertyPath\":\"/SHIP_POINT\",\"modelName\":\"NewYardModel\"}"}]}
RESULT: {"script":"<script> [1562 bytes]","args":[{"selector":{"controlType":"sap.m.Input","viewName":"etm.portal.ui.manageyards.view.New","viewId":"application-manageyards-display-component---NewYard","bindingPath":{"path":"","propertyPath":"/SHIP_POINT","modelName":"NewYardModel"},"interaction":{"idSuffix":"inner"}},"wdio_ui5_key":"etmportal.ui.manageyards.view.Newsap.m.Input{\"path\":\"\",\"propertyPath\":\"/SHIP_POINT\",\"modelName\":\"NewYardModel\"}"}]}
RESULT: undefined
COMMAND: POST /session/85bc92a044d2dfb856863d13adac7a7e/execute/async - {"script":"<script> [776 bytes]","args":[{"enterText":"1710","selector":{"controlType":"sap.m.Input","viewName":"etm.portal.ui.manageyards.view.New","viewId":"application-manageyards-display-component---NewYard","bindingPath":{"path":"","propertyPath":"/SHIP_POINT","modelName":"NewYardModel"},"interaction":{"idSuffix":"inner"}},"clearTextFirst":true,"interactionType":"ENTER_TEXT"}]}
RESULT: {"script":"<script> [776 bytes]","args":[{"enterText":"1710","selector":{"controlType":"sap.m.Input","viewName":"etm.portal.ui.manageyards.view.New","viewId":"application-manageyards-display-component---NewYard","bindingPath":{"path":"","propertyPath":"/SHIP_POINT","modelName":"NewYardModel"},"interaction":{"idSuffix":"inner"}},"clearTextFirst":true,"interactionType":"ENTER_TEXT"}]}
COMMAND: POST /session/85bc92a044d2dfb856863d13adac7a7e/execute/async - {"script":"<script> [1562 bytes]","args":[{"selector":{"controlType":"sap.m.Input","viewName":"etm.portal.ui.manageyards.view.New","viewId":"application-manageyards-display-component---NewYard","bindingPath":{"path":"","propertyPath":"/DELIVERY_TYPE","modelName":"NewYardModel"},"interaction":{"idSuffix":"inner"}},"wdio_ui5_key":"etmportal.ui.manageyards.view.Newsap.m.Input{\"path\":\"\",\"propertyPath\":\"/DELIVERY_TYPE\",\"modelName\":\"NewYardModel\"}"}]}
RESULT: {"script":"<script> [1562 bytes]","args":[{"selector":{"controlType":"sap.m.Input","viewName":"etm.portal.ui.manageyards.view.New","viewId":"application-manageyards-display-component---NewYard","bindingPath":{"path":"","propertyPath":"/DELIVERY_TYPE","modelName":"NewYardModel"},"interaction":{"idSuffix":"inner"}},"wdio_ui5_key":"etmportal.ui.manageyards.view.Newsap.m.Input{\"path\":\"\",\"propertyPath\":\"/DELIVERY_TYPE\",\"modelName\":\"NewYardModel\"}"}]}
RESULT: undefined
COMMAND: POST /session/85bc92a044d2dfb856863d13adac7a7e/execute/async - {"script":"<script> [776 bytes]","args":[{"enterText":"ZL01","selector":{"controlType":"sap.m.Input","viewName":"etm.portal.ui.manageyards.view.New","viewId":"application-manageyards-display-component---NewYard","bindingPath":{"path":"","propertyPath":"/DELIVERY_TYPE","modelName":"NewYardModel"},"interaction":{"idSuffix":"inner"}},"clearTextFirst":true,"interactionType":"ENTER_TEXT"}]}
RESULT: {"script":"<script> [776 bytes]","args":[{"enterText":"ZL01","selector":{"controlType":"sap.m.Input","viewName":"etm.portal.ui.manageyards.view.New","viewId":"application-manageyards-display-component---NewYard","bindingPath":{"path":"","propertyPath":"/DELIVERY_TYPE","modelName":"NewYardModel"},"interaction":{"idSuffix":"inner"}},"clearTextFirst":true,"interactionType":"ENTER_TEXT"}]}
COMMAND: POST /session/85bc92a044d2dfb856863d13adac7a7e/execute/async - {"script":"<script> [1562 bytes]","args":[{"selector":{"controlType":"sap.m.Input","viewName":"etm.portal.ui.manageyards.view.New","viewId":"application-manageyards-display-component---NewYard","bindingPath":{"path":"","propertyPath":"/AUART","modelName":"NewYardModel"},"interaction":{"idSuffix":"inner"}},"wdio_ui5_key":"etmportal.ui.manageyards.view.Newsap.m.Input{\"path\":\"\",\"propertyPath\":\"/AUART\",\"modelName\":\"NewYardModel\"}"}]}
RESULT: {"script":"<script> [1562 bytes]","args":[{"selector":{"controlType":"sap.m.Input","viewName":"etm.portal.ui.manageyards.view.New","viewId":"application-manageyards-display-component---NewYard","bindingPath":{"path":"","propertyPath":"/AUART","modelName":"NewYardModel"},"interaction":{"idSuffix":"inner"}},"wdio_ui5_key":"etmportal.ui.manageyards.view.Newsap.m.Input{\"path\":\"\",\"propertyPath\":\"/AUART\",\"modelName\":\"NewYardModel\"}"}]}
RESULT: undefined
COMMAND: POST /session/85bc92a044d2dfb856863d13adac7a7e/execute/async - {"script":"<script> [776 bytes]","args":[{"enterText":"TA","selector":{"controlType":"sap.m.Input","viewName":"etm.portal.ui.manageyards.view.New","viewId":"application-manageyards-display-component---NewYard","bindingPath":{"path":"","propertyPath":"/AUART","modelName":"NewYardModel"},"interaction":{"idSuffix":"inner"}},"clearTextFirst":true,"interactionType":"ENTER_TEXT"}]}
RESULT: {"script":"<script> [776 bytes]","args":[{"enterText":"TA","selector":{"controlType":"sap.m.Input","viewName":"etm.portal.ui.manageyards.view.New","viewId":"application-manageyards-display-component---NewYard","bindingPath":{"path":"","propertyPath":"/AUART","modelName":"NewYardModel"},"interaction":{"idSuffix":"inner"}},"clearTextFirst":true,"interactionType":"ENTER_TEXT"}]}
COMMAND: POST /session/85bc92a044d2dfb856863d13adac7a7e/element - {"using":"xpath","value":"//button[@data-kt=\"newYardSaveButton\"]"}
RESULT: {"using":"xpath","value":"//button[@data-kt=\"newYardSaveButton\"]"}
COMMAND: POST /session/85bc92a044d2dfb856863d13adac7a7e/element/f.B14EA88AD92014BD4F4EDEC3100164B7.d.7BE0F2A167F305A56CC98C078C5594A4.e.4916/click - {}
RESULT: {}
COMMAND: GET /session/85bc92a044d2dfb856863d13adac7a7e/screenshot - {}
RESULT: {}
COMMAND: POST /session/85bc92a044d2dfb856863d13adac7a7e/element - {"using":"xpath","value":"//header[contains(@id, 'ObjectPageLayout-headerTitle')]/div[1]/div[2]/div[1]/span[1]"}
RESULT: {"using":"xpath","value":"//header[contains(@id, 'ObjectPageLayout-headerTitle')]/div[1]/div[2]/div[1]/span[1]"}
COMMAND: POST /session/85bc92a044d2dfb856863d13adac7a7e/elements - {"using":"xpath","value":"//header[contains(@id, 'ObjectPageLayout-headerTitle')]/div[1]/div[2]/div[1]/span[1]"}
RESULT: {"using":"xpath","value":"//header[contains(@id, 'ObjectPageLayout-headerTitle')]/div[1]/div[2]/div[1]/span[1]"}
COMMAND: POST /session/85bc92a044d2dfb856863d13adac7a7e/execute/sync - {"script":"<script> [56 bytes]","args":[{"element-6066-11e4-a52e-4f735466cecf":"f.B14EA88AD92014BD4F4EDEC3100164B7.d.7BE0F2A167F305A56CC98C078C5594A4.e.5205","ELEMENT":"f.B14EA88AD92014BD4F4EDEC3100164B7.d.7BE0F2A167F305A56CC98C078C5594A4.e.5205"}]}
RESULT: {"script":"<script> [56 bytes]","args":[{"element-6066-11e4-a52e-4f735466cecf":"f.B14EA88AD92014BD4F4EDEC3100164B7.d.7BE0F2A167F305A56CC98C078C5594A4.e.5205","ELEMENT":"f.B14EA88AD92014BD4F4EDEC3100164B7.d.7BE0F2A167F305A56CC98C078C5594A4.e.5205"}]}
COMMAND: GET /session/85bc92a044d2dfb856863d13adac7a7e/screenshot - {}
RESULT: {}
COMMAND: POST /session/85bc92a044d2dfb856863d13adac7a7e/element - {"using":"css selector","value":"#shell-header-logo"}
RESULT: {"using":"css selector","value":"#shell-header-logo"}
COMMAND: POST /session/85bc92a044d2dfb856863d13adac7a7e/element/f.B14EA88AD92014BD4F4EDEC3100164B7.d.7BE0F2A167F305A56CC98C078C5594A4.e.4464/click - {}
RESULT: {}
COMMAND: GET /session/85bc92a044d2dfb856863d13adac7a7e/screenshot - {}
RESULT: {}
COMMAND: POST /session/85bc92a044d2dfb856863d13adac7a7e/execute/sync - {"script":"<script> [299 bytes]","args":[["getModel","getResource"]]}
RESULT: {"script":"<script> [299 bytes]","args":[["getModel","getResource"]]}
]]></system-out>
    </testcase>
    <testcase classname="chrome.136_0_7103_93.windows.Create_master_data_for_mixed_billing_&amp;_do_billing_calculation_US151661" name="Should create a new partner" time="128.617">
      <system-out><![CDATA[
COMMAND: GET /session/85bc92a044d2dfb856863d13adac7a7e/screenshot - {}
COMMAND: POST /session/85bc92a044d2dfb856863d13adac7a7e/window/fullscreen - {}
RESULT: {}
RESULT: {}
COMMAND: POST /session/85bc92a044d2dfb856863d13adac7a7e/execute/async - {"script":"<script> [1562 bytes]","args":[{"selector":{"controlType":"sap.m.GenericTile","properties":{"header":"Manage Partners"}},"wdio_ui5_key":"sapm.GenericTile{\"header\":\"Manage Partners\"}"}]}
RESULT: {"script":"<script> [1562 bytes]","args":[{"selector":{"controlType":"sap.m.GenericTile","properties":{"header":"Manage Partners"}},"wdio_ui5_key":"sapm.GenericTile{\"header\":\"Manage Partners\"}"}]}
RESULT: undefined
COMMAND: POST /session/85bc92a044d2dfb856863d13adac7a7e/element - {"using":"xpath","value":"//*[@id=\"__tile38\"]"}
RESULT: {"using":"xpath","value":"//*[@id=\"__tile38\"]"}
COMMAND: POST /session/85bc92a044d2dfb856863d13adac7a7e/element/f.B14EA88AD92014BD4F4EDEC3100164B7.d.7BE0F2A167F305A56CC98C078C5594A4.e.4363/click - {}
RESULT: {}
COMMAND: GET /session/85bc92a044d2dfb856863d13adac7a7e/screenshot - {}
RESULT: {}
COMMAND: POST /session/85bc92a044d2dfb856863d13adac7a7e/elements - {"using":"xpath","value":"//span[text()='Error']"}
RESULT: {"using":"xpath","value":"//span[text()='Error']"}
COMMAND: POST /session/85bc92a044d2dfb856863d13adac7a7e/element - {"using":"xpath","value":"//button[@data-kt=\"addButton\"]"}
RESULT: {"using":"xpath","value":"//button[@data-kt=\"addButton\"]"}
COMMAND: POST /session/85bc92a044d2dfb856863d13adac7a7e/elements - {"using":"xpath","value":"//button[@data-kt=\"addButton\"]"}
RESULT: {"using":"xpath","value":"//button[@data-kt=\"addButton\"]"}
COMMAND: POST /session/85bc92a044d2dfb856863d13adac7a7e/execute/sync - {"script":"<script> [8489 bytes]","args":[{"element-6066-11e4-a52e-4f735466cecf":"f.B14EA88AD92014BD4F4EDEC3100164B7.d.7BE0F2A167F305A56CC98C078C5594A4.e.5252","ELEMENT":"f.B14EA88AD92014BD4F4EDEC3100164B7.d.7BE0F2A167F305A56CC98C078C5594A4.e.5252"}]}
RESULT: {"script":"<script> [8489 bytes]","args":[{"element-6066-11e4-a52e-4f735466cecf":"f.B14EA88AD92014BD4F4EDEC3100164B7.d.7BE0F2A167F305A56CC98C078C5594A4.e.5252","ELEMENT":"f.B14EA88AD92014BD4F4EDEC3100164B7.d.7BE0F2A167F305A56CC98C078C5594A4.e.5252"}]}
COMMAND: GET /session/85bc92a044d2dfb856863d13adac7a7e/element/f.B14EA88AD92014BD4F4EDEC3100164B7.d.7BE0F2A167F305A56CC98C078C5594A4.e.5252/enabled - {}
COMMAND: GET /session/85bc92a044d2dfb856863d13adac7a7e/screenshot - {}
RESULT: {}
COMMAND: POST /session/85bc92a044d2dfb856863d13adac7a7e/execute/sync - {"script":"<script> [8489 bytes]","args":[{"element-6066-11e4-a52e-4f735466cecf":"f.B14EA88AD92014BD4F4EDEC3100164B7.d.7BE0F2A167F305A56CC98C078C5594A4.e.5252","ELEMENT":"f.B14EA88AD92014BD4F4EDEC3100164B7.d.7BE0F2A167F305A56CC98C078C5594A4.e.5252"}]}
COMMAND: GET /session/85bc92a044d2dfb856863d13adac7a7e/screenshot - {}
RESULT: {}
RESULT: {"script":"<script> [8489 bytes]","args":[{"element-6066-11e4-a52e-4f735466cecf":"f.B14EA88AD92014BD4F4EDEC3100164B7.d.7BE0F2A167F305A56CC98C078C5594A4.e.5252","ELEMENT":"f.B14EA88AD92014BD4F4EDEC3100164B7.d.7BE0F2A167F305A56CC98C078C5594A4.e.5252"}]}
COMMAND: POST /session/85bc92a044d2dfb856863d13adac7a7e/execute/sync - {"script":"<script> [5351 bytes]","args":[{"element-6066-11e4-a52e-4f735466cecf":"f.B14EA88AD92014BD4F4EDEC3100164B7.d.7BE0F2A167F305A56CC98C078C5594A4.e.5252","ELEMENT":"f.B14EA88AD92014BD4F4EDEC3100164B7.d.7BE0F2A167F305A56CC98C078C5594A4.e.5252"}]}
COMMAND: GET /session/85bc92a044d2dfb856863d13adac7a7e/screenshot - {}
RESULT: {}
RESULT: {"script":"<script> [5351 bytes]","args":[{"element-6066-11e4-a52e-4f735466cecf":"f.B14EA88AD92014BD4F4EDEC3100164B7.d.7BE0F2A167F305A56CC98C078C5594A4.e.5252","ELEMENT":"f.B14EA88AD92014BD4F4EDEC3100164B7.d.7BE0F2A167F305A56CC98C078C5594A4.e.5252"}]}
COMMAND: POST /session/85bc92a044d2dfb856863d13adac7a7e/element/f.B14EA88AD92014BD4F4EDEC3100164B7.d.7BE0F2A167F305A56CC98C078C5594A4.e.5252/click - {}
COMMAND: GET /session/85bc92a044d2dfb856863d13adac7a7e/screenshot - {}
RESULT: {}
RESULT: {}
COMMAND: GET /session/85bc92a044d2dfb856863d13adac7a7e/screenshot - {}
COMMAND: POST /session/85bc92a044d2dfb856863d13adac7a7e/execute/async - {"script":"<script> [1562 bytes]","args":[{"selector":{"id":"application-managepartners-display-component---NewPartner--addressDetailDetailsName1","interaction":{"idSuffix":"inner"}},"wdio_ui5_key":"applicationmanagepartners-display-component---NewPartner--addressDetailDetailsName1"}]}
RESULT: {}
RESULT: {}
RESULT: {"script":"<script> [1562 bytes]","args":[{"selector":{"id":"application-managepartners-display-component---NewPartner--addressDetailDetailsName1","interaction":{"idSuffix":"inner"}},"wdio_ui5_key":"applicationmanagepartners-display-component---NewPartner--addressDetailDetailsName1"}]}
RESULT: undefined
COMMAND: POST /session/85bc92a044d2dfb856863d13adac7a7e/execute/async - {"script":"<script> [776 bytes]","args":[{"enterText":"Intercompany Partner WDIO","selector":{"id":"application-managepartners-display-component---NewPartner--addressDetailDetailsName1","interaction":{"idSuffix":"inner"}},"clearTextFirst":true,"interactionType":"ENTER_TEXT"}]}
RESULT: {"script":"<script> [776 bytes]","args":[{"enterText":"Intercompany Partner WDIO","selector":{"id":"application-managepartners-display-component---NewPartner--addressDetailDetailsName1","interaction":{"idSuffix":"inner"}},"clearTextFirst":true,"interactionType":"ENTER_TEXT"}]}
COMMAND: POST /session/85bc92a044d2dfb856863d13adac7a7e/execute/async - {"script":"<script> [1562 bytes]","args":[{"selector":{"id":"application-managepartners-display-component---NewPartner--addressDetailDetailsLanguage-arrow"},"wdio_ui5_key":"applicationmanagepartners-display-component---NewPartner--addressDetailDetailsLanguage-arrow"}]}
RESULT: {"script":"<script> [1562 bytes]","args":[{"selector":{"id":"application-managepartners-display-component---NewPartner--addressDetailDetailsLanguage-arrow"},"wdio_ui5_key":"applicationmanagepartners-display-component---NewPartner--addressDetailDetailsLanguage-arrow"}]}
RESULT: undefined
COMMAND: POST /session/85bc92a044d2dfb856863d13adac7a7e/element - {"using":"xpath","value":"//*[@id=\"application-managepartners-display-component---NewPartner--addressDetailDetailsLanguage-arrow\"]"}
RESULT: {"using":"xpath","value":"//*[@id=\"application-managepartners-display-component---NewPartner--addressDetailDetailsLanguage-arrow\"]"}
COMMAND: POST /session/85bc92a044d2dfb856863d13adac7a7e/element/f.B14EA88AD92014BD4F4EDEC3100164B7.d.7BE0F2A167F305A56CC98C078C5594A4.e.5680/click - {}
RESULT: {}
COMMAND: POST /session/85bc92a044d2dfb856863d13adac7a7e/element - {"using":"xpath","value":"//span[contains(text(), \"English\")]"}
COMMAND: GET /session/85bc92a044d2dfb856863d13adac7a7e/screenshot - {}
RESULT: {"using":"xpath","value":"//span[contains(text(), \"English\")]"}
COMMAND: POST /session/85bc92a044d2dfb856863d13adac7a7e/element/f.B14EA88AD92014BD4F4EDEC3100164B7.d.7BE0F2A167F305A56CC98C078C5594A4.e.5681/click - {}
RESULT: {}
RESULT: {}
COMMAND: GET /session/85bc92a044d2dfb856863d13adac7a7e/screenshot - {}
RESULT: {}
COMMAND: POST /session/85bc92a044d2dfb856863d13adac7a7e/execute/async - {"script":"<script> [1562 bytes]","args":[{"selector":{"id":"application-managepartners-display-component---NewPartner--addressDetailDetailsCity1","interaction":{"idSuffix":"inner"}},"wdio_ui5_key":"applicationmanagepartners-display-component---NewPartner--addressDetailDetailsCity1"}]}
RESULT: {"script":"<script> [1562 bytes]","args":[{"selector":{"id":"application-managepartners-display-component---NewPartner--addressDetailDetailsCity1","interaction":{"idSuffix":"inner"}},"wdio_ui5_key":"applicationmanagepartners-display-component---NewPartner--addressDetailDetailsCity1"}]}
RESULT: undefined
COMMAND: POST /session/85bc92a044d2dfb856863d13adac7a7e/execute/async - {"script":"<script> [776 bytes]","args":[{"enterText":"Rosario","selector":{"id":"application-managepartners-display-component---NewPartner--addressDetailDetailsCity1","interaction":{"idSuffix":"inner"}},"clearTextFirst":true,"interactionType":"ENTER_TEXT"}]}
RESULT: {"script":"<script> [776 bytes]","args":[{"enterText":"Rosario","selector":{"id":"application-managepartners-display-component---NewPartner--addressDetailDetailsCity1","interaction":{"idSuffix":"inner"}},"clearTextFirst":true,"interactionType":"ENTER_TEXT"}]}
COMMAND: POST /session/85bc92a044d2dfb856863d13adac7a7e/execute/async - {"script":"<script> [1562 bytes]","args":[{"selector":{"id":"application-managepartners-display-component---NewPartner--addressDetailDetailsCountry-arrow"},"wdio_ui5_key":"applicationmanagepartners-display-component---NewPartner--addressDetailDetailsCountry-arrow"}]}
RESULT: {"script":"<script> [1562 bytes]","args":[{"selector":{"id":"application-managepartners-display-component---NewPartner--addressDetailDetailsCountry-arrow"},"wdio_ui5_key":"applicationmanagepartners-display-component---NewPartner--addressDetailDetailsCountry-arrow"}]}
RESULT: undefined
COMMAND: POST /session/85bc92a044d2dfb856863d13adac7a7e/element - {"using":"xpath","value":"//*[@id=\"application-managepartners-display-component---NewPartner--addressDetailDetailsCountry-arrow\"]"}
RESULT: {"using":"xpath","value":"//*[@id=\"application-managepartners-display-component---NewPartner--addressDetailDetailsCountry-arrow\"]"}
COMMAND: POST /session/85bc92a044d2dfb856863d13adac7a7e/element/f.B14EA88AD92014BD4F4EDEC3100164B7.d.7BE0F2A167F305A56CC98C078C5594A4.e.5641/click - {}
RESULT: {}
COMMAND: POST /session/85bc92a044d2dfb856863d13adac7a7e/element - {"using":"xpath","value":"//span[contains(text(), \"Argentina\")]"}
COMMAND: GET /session/85bc92a044d2dfb856863d13adac7a7e/screenshot - {}
RESULT: {"using":"xpath","value":"//span[contains(text(), \"Argentina\")]"}
COMMAND: POST /session/85bc92a044d2dfb856863d13adac7a7e/element/f.B14EA88AD92014BD4F4EDEC3100164B7.d.7BE0F2A167F305A56CC98C078C5594A4.e.5683/click - {}
RESULT: {}
RESULT: {}
COMMAND: GET /session/85bc92a044d2dfb856863d13adac7a7e/screenshot - {}
RESULT: {}
COMMAND: POST /session/85bc92a044d2dfb856863d13adac7a7e/element - {"using":"xpath","value":"//bdi[contains(text(), \"Commercial\")]"}
RESULT: {"using":"xpath","value":"//bdi[contains(text(), \"Commercial\")]"}
COMMAND: POST /session/85bc92a044d2dfb856863d13adac7a7e/element/f.B14EA88AD92014BD4F4EDEC3100164B7.d.7BE0F2A167F305A56CC98C078C5594A4.e.5684/click - {}
RESULT: {}
COMMAND: GET /session/85bc92a044d2dfb856863d13adac7a7e/screenshot - {}
RESULT: {}
COMMAND: POST /session/85bc92a044d2dfb856863d13adac7a7e/execute/async - {"script":"<script> [1562 bytes]","args":[{"selector":{"id":"application-managepartners-display-component---NewPartner--partnerDetailInternal-arrow"},"wdio_ui5_key":"applicationmanagepartners-display-component---NewPartner--partnerDetailInternal-arrow"}]}
RESULT: {"script":"<script> [1562 bytes]","args":[{"selector":{"id":"application-managepartners-display-component---NewPartner--partnerDetailInternal-arrow"},"wdio_ui5_key":"applicationmanagepartners-display-component---NewPartner--partnerDetailInternal-arrow"}]}
RESULT: undefined
COMMAND: POST /session/85bc92a044d2dfb856863d13adac7a7e/element - {"using":"xpath","value":"//*[@id=\"application-managepartners-display-component---NewPartner--partnerDetailInternal-arrow\"]"}
RESULT: {"using":"xpath","value":"//*[@id=\"application-managepartners-display-component---NewPartner--partnerDetailInternal-arrow\"]"}
COMMAND: POST /session/85bc92a044d2dfb856863d13adac7a7e/element/f.B14EA88AD92014BD4F4EDEC3100164B7.d.7BE0F2A167F305A56CC98C078C5594A4.e.5690/click - {}
RESULT: {}
COMMAND: POST /session/85bc92a044d2dfb856863d13adac7a7e/element - {"using":"xpath","value":"//span[contains(text(), \"Affiliated company\")]"}
COMMAND: GET /session/85bc92a044d2dfb856863d13adac7a7e/screenshot - {}
RESULT: {"using":"xpath","value":"//span[contains(text(), \"Affiliated company\")]"}
COMMAND: POST /session/85bc92a044d2dfb856863d13adac7a7e/element/f.B14EA88AD92014BD4F4EDEC3100164B7.d.7BE0F2A167F305A56CC98C078C5594A4.e.5691/click - {}
RESULT: {}
RESULT: {}
COMMAND: POST /session/85bc92a044d2dfb856863d13adac7a7e/execute/async - {"script":"<script> [1562 bytes]","args":[{"selector":{"id":"application-managepartners-display-component---NewPartner--partnerDetailsCurrency-arrow"},"wdio_ui5_key":"applicationmanagepartners-display-component---NewPartner--partnerDetailsCurrency-arrow"}]}
COMMAND: GET /session/85bc92a044d2dfb856863d13adac7a7e/screenshot - {}
RESULT: {"script":"<script> [1562 bytes]","args":[{"selector":{"id":"application-managepartners-display-component---NewPartner--partnerDetailsCurrency-arrow"},"wdio_ui5_key":"applicationmanagepartners-display-component---NewPartner--partnerDetailsCurrency-arrow"}]}
RESULT: undefined
COMMAND: POST /session/85bc92a044d2dfb856863d13adac7a7e/element - {"using":"xpath","value":"//*[@id=\"application-managepartners-display-component---NewPartner--partnerDetailsCurrency-arrow\"]"}
RESULT: {}
RESULT: {"using":"xpath","value":"//*[@id=\"application-managepartners-display-component---NewPartner--partnerDetailsCurrency-arrow\"]"}
COMMAND: POST /session/85bc92a044d2dfb856863d13adac7a7e/element/f.B14EA88AD92014BD4F4EDEC3100164B7.d.7BE0F2A167F305A56CC98C078C5594A4.e.5698/click - {}
RESULT: {}
COMMAND: POST /session/85bc92a044d2dfb856863d13adac7a7e/element - {"using":"xpath","value":"//span[contains(text(), \"Euro\")]"}
COMMAND: GET /session/85bc92a044d2dfb856863d13adac7a7e/screenshot - {}
RESULT: {"using":"xpath","value":"//span[contains(text(), \"Euro\")]"}
COMMAND: POST /session/85bc92a044d2dfb856863d13adac7a7e/element/f.B14EA88AD92014BD4F4EDEC3100164B7.d.7BE0F2A167F305A56CC98C078C5594A4.e.5699/click - {}
RESULT: {}
RESULT: {}
COMMAND: POST /session/85bc92a044d2dfb856863d13adac7a7e/execute/async - {"script":"<script> [1562 bytes]","args":[{"selector":{"id":"application-managepartners-display-component---NewPartner--addressEditDetailsCostObjectCstType-arrow"},"wdio_ui5_key":"applicationmanagepartners-display-component---NewPartner--addressEditDetailsCostObjectCstType-arrow"}]}
COMMAND: GET /session/85bc92a044d2dfb856863d13adac7a7e/screenshot - {}
RESULT: {"script":"<script> [1562 bytes]","args":[{"selector":{"id":"application-managepartners-display-component---NewPartner--addressEditDetailsCostObjectCstType-arrow"},"wdio_ui5_key":"applicationmanagepartners-display-component---NewPartner--addressEditDetailsCostObjectCstType-arrow"}]}
RESULT: undefined
COMMAND: POST /session/85bc92a044d2dfb856863d13adac7a7e/element - {"using":"xpath","value":"//*[@id=\"application-managepartners-display-component---NewPartner--addressEditDetailsCostObjectCstType-arrow\"]"}
RESULT: {}
RESULT: {"using":"xpath","value":"//*[@id=\"application-managepartners-display-component---NewPartner--addressEditDetailsCostObjectCstType-arrow\"]"}
COMMAND: POST /session/85bc92a044d2dfb856863d13adac7a7e/element/f.B14EA88AD92014BD4F4EDEC3100164B7.d.7BE0F2A167F305A56CC98C078C5594A4.e.5700/click - {}
RESULT: {}
COMMAND: POST /session/85bc92a044d2dfb856863d13adac7a7e/element - {"using":"xpath","value":"//span[contains(text(), \"Cost Center\")]"}
COMMAND: GET /session/85bc92a044d2dfb856863d13adac7a7e/screenshot - {}
RESULT: {"using":"xpath","value":"//span[contains(text(), \"Cost Center\")]"}
COMMAND: POST /session/85bc92a044d2dfb856863d13adac7a7e/element/f.B14EA88AD92014BD4F4EDEC3100164B7.d.7BE0F2A167F305A56CC98C078C5594A4.e.5701/click - {}
RESULT: {}
RESULT: {}
COMMAND: GET /session/85bc92a044d2dfb856863d13adac7a7e/screenshot - {}
RESULT: {}
COMMAND: POST /session/85bc92a044d2dfb856863d13adac7a7e/element - {"using":"xpath","value":"//span[@id=\"application-managepartners-display-component---NewPartner--addressNewCostObjectCstID-vhi\"]"}
RESULT: {"using":"xpath","value":"//span[@id=\"application-managepartners-display-component---NewPartner--addressNewCostObjectCstID-vhi\"]"}
COMMAND: POST /session/85bc92a044d2dfb856863d13adac7a7e/execute/sync - {"script":"<script> [8489 bytes]","args":[{"element-6066-11e4-a52e-4f735466cecf":"f.B14EA88AD92014BD4F4EDEC3100164B7.d.7BE0F2A167F305A56CC98C078C5594A4.e.5705","ELEMENT":"f.B14EA88AD92014BD4F4EDEC3100164B7.d.7BE0F2A167F305A56CC98C078C5594A4.e.5705"}]}
RESULT: {"script":"<script> [8489 bytes]","args":[{"element-6066-11e4-a52e-4f735466cecf":"f.B14EA88AD92014BD4F4EDEC3100164B7.d.7BE0F2A167F305A56CC98C078C5594A4.e.5705","ELEMENT":"f.B14EA88AD92014BD4F4EDEC3100164B7.d.7BE0F2A167F305A56CC98C078C5594A4.e.5705"}]}
COMMAND: POST /session/85bc92a044d2dfb856863d13adac7a7e/execute/async - {"script":"<script> [1562 bytes]","args":[{"selector":{"id":"application-managepartners-display-component---NewPartner--addressNewCostObjectCstID-vhi"},"wdio_ui5_key":"applicationmanagepartners-display-component---NewPartner--addressNewCostObjectCstID-vhi"}]}
COMMAND: GET /session/85bc92a044d2dfb856863d13adac7a7e/screenshot - {}
RESULT: {"script":"<script> [1562 bytes]","args":[{"selector":{"id":"application-managepartners-display-component---NewPartner--addressNewCostObjectCstID-vhi"},"wdio_ui5_key":"applicationmanagepartners-display-component---NewPartner--addressNewCostObjectCstID-vhi"}]}
RESULT: undefined
COMMAND: POST /session/85bc92a044d2dfb856863d13adac7a7e/element - {"using":"xpath","value":"//*[@id=\"application-managepartners-display-component---NewPartner--addressNewCostObjectCstID-vhi\"]"}
RESULT: {}
RESULT: {"using":"xpath","value":"//*[@id=\"application-managepartners-display-component---NewPartner--addressNewCostObjectCstID-vhi\"]"}
COMMAND: POST /session/85bc92a044d2dfb856863d13adac7a7e/element/f.B14EA88AD92014BD4F4EDEC3100164B7.d.7BE0F2A167F305A56CC98C078C5594A4.e.5705/click - {}
RESULT: {}
COMMAND: GET /session/85bc92a044d2dfb856863d13adac7a7e/screenshot - {}
RESULT: {}
RESULT: undefined
COMMAND: POST /session/85bc92a044d2dfb856863d13adac7a7e/execute/async - {"script":"<script> [776 bytes]","args":[{"enterText":"10001013","selector":{"controlType":"sap.m.SearchField","properties":{"placeholder":"Search"},"searchOpenDialogs":true,"interaction":{"idSuffix":"I"}},"clearTextFirst":true,"interactionType":"ENTER_TEXT"}]}
RESULT: {"script":"<script> [776 bytes]","args":[{"enterText":"10001013","selector":{"controlType":"sap.m.SearchField","properties":{"placeholder":"Search"},"searchOpenDialogs":true,"interaction":{"idSuffix":"I"}},"clearTextFirst":true,"interactionType":"ENTER_TEXT"}]}
COMMAND: POST /session/85bc92a044d2dfb856863d13adac7a7e/actions - {"actions":[{"id":"action19","type":"key","parameters":{},"actions":[{"type":"keyDown","value":"î€‡"},{"type":"pause","duration":10},{"type":"keyUp","value":"î€‡"}]}]}
RESULT: {"actions":[{"id":"action19","type":"key","parameters":{},"actions":[{"type":"keyDown","value":"î€‡"},{"type":"pause","duration":10},{"type":"keyUp","value":"î€‡"}]}]}
COMMAND: GET /session/85bc92a044d2dfb856863d13adac7a7e/screenshot - {}
RESULT: {}
COMMAND: POST /session/85bc92a044d2dfb856863d13adac7a7e/element - {"using":"xpath","value":"//span[contains(text(), \"General Management\")]"}
RESULT: {"using":"xpath","value":"//span[contains(text(), \"General Management\")]"}
COMMAND: POST /session/85bc92a044d2dfb856863d13adac7a7e/element/f.B14EA88AD92014BD4F4EDEC3100164B7.d.7BE0F2A167F305A56CC98C078C5594A4.e.5745/click - {}
RESULT: {}
COMMAND: GET /session/85bc92a044d2dfb856863d13adac7a7e/screenshot - {}
RESULT: {}
COMMAND: POST /session/85bc92a044d2dfb856863d13adac7a7e/element - {"using":"xpath","value":"//bdi[contains(text(), \"OK\")]"}
RESULT: {"using":"xpath","value":"//bdi[contains(text(), \"OK\")]"}
COMMAND: POST /session/85bc92a044d2dfb856863d13adac7a7e/element/f.B14EA88AD92014BD4F4EDEC3100164B7.d.7BE0F2A167F305A56CC98C078C5594A4.e.5746/click - {}
RESULT: {}
COMMAND: GET /session/85bc92a044d2dfb856863d13adac7a7e/screenshot - {}
RESULT: {}
COMMAND: POST /session/85bc92a044d2dfb856863d13adac7a7e/element - {"using":"xpath","value":"//input[@id=\"application-managepartners-display-component---NewPartner--companyCodeComboBox-inner\"]"}
RESULT: {"using":"xpath","value":"//input[@id=\"application-managepartners-display-component---NewPartner--companyCodeComboBox-inner\"]"}
COMMAND: POST /session/85bc92a044d2dfb856863d13adac7a7e/element/f.B14EA88AD92014BD4F4EDEC3100164B7.d.7BE0F2A167F305A56CC98C078C5594A4.e.5632/clear - {}
RESULT: {}
COMMAND: POST /session/85bc92a044d2dfb856863d13adac7a7e/element/f.B14EA88AD92014BD4F4EDEC3100164B7.d.7BE0F2A167F305A56CC98C078C5594A4.e.5632/value - {"text":"C002"}
COMMAND: GET /session/85bc92a044d2dfb856863d13adac7a7e/screenshot - {}
RESULT: {"text":"C002"}
COMMAND: GET /session/85bc92a044d2dfb856863d13adac7a7e/screenshot - {}
RESULT: {}
RESULT: {}
COMMAND: POST /session/85bc92a044d2dfb856863d13adac7a7e/element - {"using":"xpath","value":"//li[.//span[text()= \"C002\"]]"}
RESULT: {"using":"xpath","value":"//li[.//span[text()= \"C002\"]]"}
COMMAND: POST /session/85bc92a044d2dfb856863d13adac7a7e/element/f.B14EA88AD92014BD4F4EDEC3100164B7.d.7BE0F2A167F305A56CC98C078C5594A4.e.5752/click - {}
RESULT: {}
COMMAND: GET /session/85bc92a044d2dfb856863d13adac7a7e/screenshot - {}
RESULT: {}
COMMAND: POST /session/85bc92a044d2dfb856863d13adac7a7e/execute/async - {"script":"<script> [1562 bytes]","args":[{"selector":{"id":"application-managepartners-display-component---NewPartner--btnAddTableRow-img"},"wdio_ui5_key":"applicationmanagepartners-display-component---NewPartner--btnAddTableRow-img"}]}
RESULT: {"script":"<script> [1562 bytes]","args":[{"selector":{"id":"application-managepartners-display-component---NewPartner--btnAddTableRow-img"},"wdio_ui5_key":"applicationmanagepartners-display-component---NewPartner--btnAddTableRow-img"}]}
RESULT: undefined
COMMAND: POST /session/85bc92a044d2dfb856863d13adac7a7e/element - {"using":"xpath","value":"//*[@id=\"application-managepartners-display-component---NewPartner--btnAddTableRow-img\"]"}
RESULT: {"using":"xpath","value":"//*[@id=\"application-managepartners-display-component---NewPartner--btnAddTableRow-img\"]"}
COMMAND: POST /session/85bc92a044d2dfb856863d13adac7a7e/element/f.B14EA88AD92014BD4F4EDEC3100164B7.d.7BE0F2A167F305A56CC98C078C5594A4.e.5753/click - {}
RESULT: {}
COMMAND: GET /session/85bc92a044d2dfb856863d13adac7a7e/screenshot - {}
RESULT: {}
COMMAND: POST /session/85bc92a044d2dfb856863d13adac7a7e/element - {"using":"xpath","value":"//input[@id=\"application-managepartners-display-component---NewPartner--assignmentYard-application-managepartners-display-component---NewPartner--assignmentsTable-0-inner\"]"}
RESULT: {"using":"xpath","value":"//input[@id=\"application-managepartners-display-component---NewPartner--assignmentYard-application-managepartners-display-component---NewPartner--assignmentsTable-0-inner\"]"}
COMMAND: POST /session/85bc92a044d2dfb856863d13adac7a7e/element/f.B14EA88AD92014BD4F4EDEC3100164B7.d.7BE0F2A167F305A56CC98C078C5594A4.e.5756/clear - {}
RESULT: {}
COMMAND: POST /session/85bc92a044d2dfb856863d13adac7a7e/element/f.B14EA88AD92014BD4F4EDEC3100164B7.d.7BE0F2A167F305A56CC98C078C5594A4.e.5756/value - {"text":"631"}
COMMAND: GET /session/85bc92a044d2dfb856863d13adac7a7e/screenshot - {}
RESULT: {"text":"631"}
COMMAND: GET /session/85bc92a044d2dfb856863d13adac7a7e/screenshot - {}
RESULT: {}
RESULT: {}
COMMAND: POST /session/85bc92a044d2dfb856863d13adac7a7e/element - {"using":"xpath","value":"//li[.//span[text()='631']]"}
RESULT: {"using":"xpath","value":"//li[.//span[text()='631']]"}
COMMAND: POST /session/85bc92a044d2dfb856863d13adac7a7e/element/f.B14EA88AD92014BD4F4EDEC3100164B7.d.7BE0F2A167F305A56CC98C078C5594A4.e.5765/click - {}
RESULT: {}
COMMAND: GET /session/85bc92a044d2dfb856863d13adac7a7e/screenshot - {}
RESULT: {}
COMMAND: POST /session/85bc92a044d2dfb856863d13adac7a7e/actions - {"actions":[{"id":"action20","type":"key","parameters":{},"actions":[{"type":"keyDown","value":"î€‡"},{"type":"pause","duration":10},{"type":"keyUp","value":"î€‡"}]}]}
RESULT: {"actions":[{"id":"action20","type":"key","parameters":{},"actions":[{"type":"keyDown","value":"î€‡"},{"type":"pause","duration":10},{"type":"keyUp","value":"î€‡"}]}]}
COMMAND: POST /session/85bc92a044d2dfb856863d13adac7a7e/execute/async - {"script":"<script> [1562 bytes]","args":[{"selector":{"id":"application-managepartners-display-component---NewPartner--externalCustomerComboBox-application-managepartners-display-component---NewPartner--assignmentsTable-0-vhi"},"wdio_ui5_key":"applicationmanagepartners-display-component---NewPartner--externalCustomerComboBox-application-managepartners-display-component---NewPartner--assignmentsTable-0-vhi"}]}
COMMAND: GET /session/85bc92a044d2dfb856863d13adac7a7e/screenshot - {}
RESULT: {"script":"<script> [1562 bytes]","args":[{"selector":{"id":"application-managepartners-display-component---NewPartner--externalCustomerComboBox-application-managepartners-display-component---NewPartner--assignmentsTable-0-vhi"},"wdio_ui5_key":"applicationmanagepartners-display-component---NewPartner--externalCustomerComboBox-application-managepartners-display-component---NewPartner--assignmentsTable-0-vhi"}]}
RESULT: undefined
COMMAND: POST /session/85bc92a044d2dfb856863d13adac7a7e/element - {"using":"xpath","value":"//*[@id=\"application-managepartners-display-component---NewPartner--externalCustomerComboBox-application-managepartners-display-component---NewPartner--assignmentsTable-0-vhi\"]"}
RESULT: {}
RESULT: {"using":"xpath","value":"//*[@id=\"application-managepartners-display-component---NewPartner--externalCustomerComboBox-application-managepartners-display-component---NewPartner--assignmentsTable-0-vhi\"]"}
COMMAND: POST /session/85bc92a044d2dfb856863d13adac7a7e/element/f.B14EA88AD92014BD4F4EDEC3100164B7.d.7BE0F2A167F305A56CC98C078C5594A4.e.5769/click - {}
RESULT: {}
RESULT: undefined
COMMAND: POST /session/85bc92a044d2dfb856863d13adac7a7e/execute/async - {"script":"<script> [776 bytes]","args":[{"enterText":"300003","selector":{"controlType":"sap.m.SearchField","properties":{"placeholder":"Search"},"searchOpenDialogs":true,"interaction":{"idSuffix":"I"}},"clearTextFirst":true,"interactionType":"ENTER_TEXT"}]}
COMMAND: GET /session/85bc92a044d2dfb856863d13adac7a7e/screenshot - {}
RESULT: {"script":"<script> [776 bytes]","args":[{"enterText":"300003","selector":{"controlType":"sap.m.SearchField","properties":{"placeholder":"Search"},"searchOpenDialogs":true,"interaction":{"idSuffix":"I"}},"clearTextFirst":true,"interactionType":"ENTER_TEXT"}]}
COMMAND: POST /session/85bc92a044d2dfb856863d13adac7a7e/actions - {"actions":[{"id":"action21","type":"key","parameters":{},"actions":[{"type":"keyDown","value":"î€‡"},{"type":"pause","duration":10},{"type":"keyUp","value":"î€‡"}]}]}
RESULT: {}
RESULT: {"actions":[{"id":"action21","type":"key","parameters":{},"actions":[{"type":"keyDown","value":"î€‡"},{"type":"pause","duration":10},{"type":"keyUp","value":"î€‡"}]}]}
COMMAND: GET /session/85bc92a044d2dfb856863d13adac7a7e/screenshot - {}
RESULT: {}
COMMAND: POST /session/85bc92a044d2dfb856863d13adac7a7e/element - {"using":"xpath","value":"//span[contains(text(), \"300003\")]"}
RESULT: {"using":"xpath","value":"//span[contains(text(), \"300003\")]"}
COMMAND: POST /session/85bc92a044d2dfb856863d13adac7a7e/element/f.B14EA88AD92014BD4F4EDEC3100164B7.d.7BE0F2A167F305A56CC98C078C5594A4.e.5786/click - {}
RESULT: {}
COMMAND: GET /session/85bc92a044d2dfb856863d13adac7a7e/screenshot - {}
RESULT: {}
COMMAND: POST /session/85bc92a044d2dfb856863d13adac7a7e/element - {"using":"xpath","value":"//bdi[contains(text(), \"OK\")]"}
RESULT: {"using":"xpath","value":"//bdi[contains(text(), \"OK\")]"}
COMMAND: POST /session/85bc92a044d2dfb856863d13adac7a7e/element/f.B14EA88AD92014BD4F4EDEC3100164B7.d.7BE0F2A167F305A56CC98C078C5594A4.e.5788/click - {}
RESULT: {}
COMMAND: GET /session/85bc92a044d2dfb856863d13adac7a7e/screenshot - {}
RESULT: {}
COMMAND: POST /session/85bc92a044d2dfb856863d13adac7a7e/execute/async - {"script":"<script> [1562 bytes]","args":[{"selector":{"id":"application-managepartners-display-component---NewPartner--intercompVendorComboBox-application-managepartners-display-component---NewPartner--assignmentsTable-0-vhi"},"wdio_ui5_key":"applicationmanagepartners-display-component---NewPartner--intercompVendorComboBox-application-managepartners-display-component---NewPartner--assignmentsTable-0-vhi"}]}
RESULT: {"script":"<script> [1562 bytes]","args":[{"selector":{"id":"application-managepartners-display-component---NewPartner--intercompVendorComboBox-application-managepartners-display-component---NewPartner--assignmentsTable-0-vhi"},"wdio_ui5_key":"applicationmanagepartners-display-component---NewPartner--intercompVendorComboBox-application-managepartners-display-component---NewPartner--assignmentsTable-0-vhi"}]}
RESULT: undefined
COMMAND: POST /session/85bc92a044d2dfb856863d13adac7a7e/element - {"using":"xpath","value":"//*[@id=\"application-managepartners-display-component---NewPartner--intercompVendorComboBox-application-managepartners-display-component---NewPartner--assignmentsTable-0-vhi\"]"}
RESULT: {"using":"xpath","value":"//*[@id=\"application-managepartners-display-component---NewPartner--intercompVendorComboBox-application-managepartners-display-component---NewPartner--assignmentsTable-0-vhi\"]"}
COMMAND: POST /session/85bc92a044d2dfb856863d13adac7a7e/element/f.B14EA88AD92014BD4F4EDEC3100164B7.d.7BE0F2A167F305A56CC98C078C5594A4.e.5791/click - {}
RESULT: {}
RESULT: undefined
COMMAND: POST /session/85bc92a044d2dfb856863d13adac7a7e/execute/async - {"script":"<script> [776 bytes]","args":[{"enterText":"100005","selector":{"controlType":"sap.m.SearchField","properties":{"placeholder":"Search"},"searchOpenDialogs":true,"interaction":{"idSuffix":"I"}},"clearTextFirst":true,"interactionType":"ENTER_TEXT"}]}
COMMAND: GET /session/85bc92a044d2dfb856863d13adac7a7e/screenshot - {}
RESULT: {"script":"<script> [776 bytes]","args":[{"enterText":"100005","selector":{"controlType":"sap.m.SearchField","properties":{"placeholder":"Search"},"searchOpenDialogs":true,"interaction":{"idSuffix":"I"}},"clearTextFirst":true,"interactionType":"ENTER_TEXT"}]}
COMMAND: POST /session/85bc92a044d2dfb856863d13adac7a7e/actions - {"actions":[{"id":"action22","type":"key","parameters":{},"actions":[{"type":"keyDown","value":"î€‡"},{"type":"pause","duration":10},{"type":"keyUp","value":"î€‡"}]}]}
RESULT: {}
RESULT: {"actions":[{"id":"action22","type":"key","parameters":{},"actions":[{"type":"keyDown","value":"î€‡"},{"type":"pause","duration":10},{"type":"keyUp","value":"î€‡"}]}]}
COMMAND: GET /session/85bc92a044d2dfb856863d13adac7a7e/screenshot - {}
RESULT: {}
COMMAND: POST /session/85bc92a044d2dfb856863d13adac7a7e/element - {"using":"xpath","value":"//span[contains(text(), \"Penguins - Field/12345 Berlin\")]"}
RESULT: {"using":"xpath","value":"//span[contains(text(), \"Penguins - Field/12345 Berlin\")]"}
COMMAND: POST /session/85bc92a044d2dfb856863d13adac7a7e/element/f.B14EA88AD92014BD4F4EDEC3100164B7.d.7BE0F2A167F305A56CC98C078C5594A4.e.5809/click - {}
RESULT: {}
COMMAND: GET /session/85bc92a044d2dfb856863d13adac7a7e/screenshot - {}
RESULT: {}
COMMAND: POST /session/85bc92a044d2dfb856863d13adac7a7e/element - {"using":"xpath","value":"//bdi[contains(text(), \"OK\")]"}
RESULT: {"using":"xpath","value":"//bdi[contains(text(), \"OK\")]"}
COMMAND: POST /session/85bc92a044d2dfb856863d13adac7a7e/element/f.B14EA88AD92014BD4F4EDEC3100164B7.d.7BE0F2A167F305A56CC98C078C5594A4.e.5810/click - {}
RESULT: {}
COMMAND: GET /session/85bc92a044d2dfb856863d13adac7a7e/screenshot - {}
RESULT: {}
COMMAND: POST /session/85bc92a044d2dfb856863d13adac7a7e/element - {"using":"xpath","value":"//button[@data-kt=\"saveButton\"]"}
RESULT: {"using":"xpath","value":"//button[@data-kt=\"saveButton\"]"}
COMMAND: POST /session/85bc92a044d2dfb856863d13adac7a7e/element/f.B14EA88AD92014BD4F4EDEC3100164B7.d.7BE0F2A167F305A56CC98C078C5594A4.e.5637/click - {}
RESULT: {}
COMMAND: GET /session/85bc92a044d2dfb856863d13adac7a7e/screenshot - {}
RESULT: {}
COMMAND: POST /session/85bc92a044d2dfb856863d13adac7a7e/element - {"using":"xpath","value":"//header[contains(@id, 'ObjectPageLayout-headerTitle')]/div[1]/div[2]/div[2]/span[1]"}
RESULT: {"using":"xpath","value":"//header[contains(@id, 'ObjectPageLayout-headerTitle')]/div[1]/div[2]/div[2]/span[1]"}
COMMAND: POST /session/85bc92a044d2dfb856863d13adac7a7e/elements - {"using":"xpath","value":"//header[contains(@id, 'ObjectPageLayout-headerTitle')]/div[1]/div[2]/div[2]/span[1]"}
RESULT: {"using":"xpath","value":"//header[contains(@id, 'ObjectPageLayout-headerTitle')]/div[1]/div[2]/div[2]/span[1]"}
COMMAND: POST /session/85bc92a044d2dfb856863d13adac7a7e/execute/sync - {"script":"<script> [56 bytes]","args":[{"element-6066-11e4-a52e-4f735466cecf":"f.B14EA88AD92014BD4F4EDEC3100164B7.d.7BE0F2A167F305A56CC98C078C5594A4.e.5972","ELEMENT":"f.B14EA88AD92014BD4F4EDEC3100164B7.d.7BE0F2A167F305A56CC98C078C5594A4.e.5972"}]}
RESULT: {"script":"<script> [56 bytes]","args":[{"element-6066-11e4-a52e-4f735466cecf":"f.B14EA88AD92014BD4F4EDEC3100164B7.d.7BE0F2A167F305A56CC98C078C5594A4.e.5972","ELEMENT":"f.B14EA88AD92014BD4F4EDEC3100164B7.d.7BE0F2A167F305A56CC98C078C5594A4.e.5972"}]}
COMMAND: POST /session/85bc92a044d2dfb856863d13adac7a7e/element - {"using":"css selector","value":"#shell-header-logo"}
COMMAND: GET /session/85bc92a044d2dfb856863d13adac7a7e/screenshot - {}
RESULT: {"using":"css selector","value":"#shell-header-logo"}
COMMAND: POST /session/85bc92a044d2dfb856863d13adac7a7e/element/f.B14EA88AD92014BD4F4EDEC3100164B7.d.7BE0F2A167F305A56CC98C078C5594A4.e.5208/click - {}
RESULT: {}
RESULT: {}
COMMAND: GET /session/85bc92a044d2dfb856863d13adac7a7e/screenshot - {}
RESULT: {}
COMMAND: POST /session/85bc92a044d2dfb856863d13adac7a7e/execute/sync - {"script":"<script> [299 bytes]","args":[["getModel","getResource"]]}
RESULT: {"script":"<script> [299 bytes]","args":[["getModel","getResource"]]}
]]></system-out>
    </testcase>
    <testcase classname="chrome.136_0_7103_93.windows.Create_master_data_for_mixed_billing_&amp;_do_billing_calculation_US151661" name="Should create a new site" time="96.491">
      <system-out><![CDATA[
COMMAND: POST /session/85bc92a044d2dfb856863d13adac7a7e/execute/async - {"script":"<script> [1562 bytes]","args":[{"selector":{"controlType":"sap.m.GenericTile","properties":{"header":"Manage Sites"}},"wdio_ui5_key":"sapm.GenericTile{\"header\":\"Manage Sites\"}"}]}
COMMAND: GET /session/85bc92a044d2dfb856863d13adac7a7e/screenshot - {}
RESULT: {"script":"<script> [1562 bytes]","args":[{"selector":{"controlType":"sap.m.GenericTile","properties":{"header":"Manage Sites"}},"wdio_ui5_key":"sapm.GenericTile{\"header\":\"Manage Sites\"}"}]}
RESULT: undefined
COMMAND: POST /session/85bc92a044d2dfb856863d13adac7a7e/element - {"using":"xpath","value":"//*[@id=\"__tile40\"]"}
RESULT: {}
RESULT: {"using":"xpath","value":"//*[@id=\"__tile40\"]"}
COMMAND: POST /session/85bc92a044d2dfb856863d13adac7a7e/element/f.B14EA88AD92014BD4F4EDEC3100164B7.d.7BE0F2A167F305A56CC98C078C5594A4.e.4369/click - {}
RESULT: {}
COMMAND: GET /session/85bc92a044d2dfb856863d13adac7a7e/screenshot - {}
RESULT: {}
COMMAND: POST /session/85bc92a044d2dfb856863d13adac7a7e/elements - {"using":"xpath","value":"//span[text()='Error']"}
RESULT: {"using":"xpath","value":"//span[text()='Error']"}
COMMAND: POST /session/85bc92a044d2dfb856863d13adac7a7e/element - {"using":"xpath","value":"//button[@data-kt=\"addOverflowToolbarButton\"]"}
RESULT: {"using":"xpath","value":"//button[@data-kt=\"addOverflowToolbarButton\"]"}
COMMAND: POST /session/85bc92a044d2dfb856863d13adac7a7e/elements - {"using":"xpath","value":"//button[@data-kt=\"addOverflowToolbarButton\"]"}
RESULT: {"using":"xpath","value":"//button[@data-kt=\"addOverflowToolbarButton\"]"}
COMMAND: POST /session/85bc92a044d2dfb856863d13adac7a7e/execute/sync - {"script":"<script> [8489 bytes]","args":[{"element-6066-11e4-a52e-4f735466cecf":"f.B14EA88AD92014BD4F4EDEC3100164B7.d.7BE0F2A167F305A56CC98C078C5594A4.e.6011","ELEMENT":"f.B14EA88AD92014BD4F4EDEC3100164B7.d.7BE0F2A167F305A56CC98C078C5594A4.e.6011"}]}
RESULT: {"script":"<script> [8489 bytes]","args":[{"element-6066-11e4-a52e-4f735466cecf":"f.B14EA88AD92014BD4F4EDEC3100164B7.d.7BE0F2A167F305A56CC98C078C5594A4.e.6011","ELEMENT":"f.B14EA88AD92014BD4F4EDEC3100164B7.d.7BE0F2A167F305A56CC98C078C5594A4.e.6011"}]}
COMMAND: GET /session/85bc92a044d2dfb856863d13adac7a7e/element/f.B14EA88AD92014BD4F4EDEC3100164B7.d.7BE0F2A167F305A56CC98C078C5594A4.e.6011/enabled - {}
COMMAND: GET /session/85bc92a044d2dfb856863d13adac7a7e/screenshot - {}
RESULT: {}
COMMAND: POST /session/85bc92a044d2dfb856863d13adac7a7e/execute/sync - {"script":"<script> [8489 bytes]","args":[{"element-6066-11e4-a52e-4f735466cecf":"f.B14EA88AD92014BD4F4EDEC3100164B7.d.7BE0F2A167F305A56CC98C078C5594A4.e.6011","ELEMENT":"f.B14EA88AD92014BD4F4EDEC3100164B7.d.7BE0F2A167F305A56CC98C078C5594A4.e.6011"}]}
COMMAND: GET /session/85bc92a044d2dfb856863d13adac7a7e/screenshot - {}
RESULT: {}
RESULT: {"script":"<script> [8489 bytes]","args":[{"element-6066-11e4-a52e-4f735466cecf":"f.B14EA88AD92014BD4F4EDEC3100164B7.d.7BE0F2A167F305A56CC98C078C5594A4.e.6011","ELEMENT":"f.B14EA88AD92014BD4F4EDEC3100164B7.d.7BE0F2A167F305A56CC98C078C5594A4.e.6011"}]}
COMMAND: POST /session/85bc92a044d2dfb856863d13adac7a7e/execute/sync - {"script":"<script> [5351 bytes]","args":[{"element-6066-11e4-a52e-4f735466cecf":"f.B14EA88AD92014BD4F4EDEC3100164B7.d.7BE0F2A167F305A56CC98C078C5594A4.e.6011","ELEMENT":"f.B14EA88AD92014BD4F4EDEC3100164B7.d.7BE0F2A167F305A56CC98C078C5594A4.e.6011"}]}
COMMAND: GET /session/85bc92a044d2dfb856863d13adac7a7e/screenshot - {}
RESULT: {}
RESULT: {"script":"<script> [5351 bytes]","args":[{"element-6066-11e4-a52e-4f735466cecf":"f.B14EA88AD92014BD4F4EDEC3100164B7.d.7BE0F2A167F305A56CC98C078C5594A4.e.6011","ELEMENT":"f.B14EA88AD92014BD4F4EDEC3100164B7.d.7BE0F2A167F305A56CC98C078C5594A4.e.6011"}]}
COMMAND: POST /session/85bc92a044d2dfb856863d13adac7a7e/element/f.B14EA88AD92014BD4F4EDEC3100164B7.d.7BE0F2A167F305A56CC98C078C5594A4.e.6011/click - {}
COMMAND: GET /session/85bc92a044d2dfb856863d13adac7a7e/screenshot - {}
RESULT: {}
RESULT: {}
COMMAND: GET /session/85bc92a044d2dfb856863d13adac7a7e/screenshot - {}
RESULT: {}
COMMAND: POST /session/85bc92a044d2dfb856863d13adac7a7e/element - {"using":"xpath","value":"//input[@id=\"application-managesites-display-component---NewSite--siteId-inner\"]"}
RESULT: {}
RESULT: {"using":"xpath","value":"//input[@id=\"application-managesites-display-component---NewSite--siteId-inner\"]"}
COMMAND: POST /session/85bc92a044d2dfb856863d13adac7a7e/element - {"using":"xpath","value":"//input[@id=\"application-managesites-display-component---NewSite--siteId-inner\"]"}
RESULT: {"using":"xpath","value":"//input[@id=\"application-managesites-display-component---NewSite--siteId-inner\"]"}
COMMAND: POST /session/85bc92a044d2dfb856863d13adac7a7e/execute/async - {"script":"<script> [1562 bytes]","args":[{"selector":{"id":"application-managesites-display-component---NewSite--addressDetailDetailsName1","interaction":{"idSuffix":"inner"}},"wdio_ui5_key":"applicationmanagesites-display-component---NewSite--addressDetailDetailsName1"}]}
RESULT: {"script":"<script> [1562 bytes]","args":[{"selector":{"id":"application-managesites-display-component---NewSite--addressDetailDetailsName1","interaction":{"idSuffix":"inner"}},"wdio_ui5_key":"applicationmanagesites-display-component---NewSite--addressDetailDetailsName1"}]}
RESULT: undefined
COMMAND: POST /session/85bc92a044d2dfb856863d13adac7a7e/execute/async - {"script":"<script> [776 bytes]","args":[{"enterText":"Intercompany Site wdIO","selector":{"id":"application-managesites-display-component---NewSite--addressDetailDetailsName1","interaction":{"idSuffix":"inner"}},"clearTextFirst":true,"interactionType":"ENTER_TEXT"}]}
RESULT: {"script":"<script> [776 bytes]","args":[{"enterText":"Intercompany Site wdIO","selector":{"id":"application-managesites-display-component---NewSite--addressDetailDetailsName1","interaction":{"idSuffix":"inner"}},"clearTextFirst":true,"interactionType":"ENTER_TEXT"}]}
COMMAND: POST /session/85bc92a044d2dfb856863d13adac7a7e/execute/async - {"script":"<script> [1562 bytes]","args":[{"selector":{"id":"application-managesites-display-component---NewSite--addressDetailDetailsLanguage-arrow"},"wdio_ui5_key":"applicationmanagesites-display-component---NewSite--addressDetailDetailsLanguage-arrow"}]}
RESULT: {"script":"<script> [1562 bytes]","args":[{"selector":{"id":"application-managesites-display-component---NewSite--addressDetailDetailsLanguage-arrow"},"wdio_ui5_key":"applicationmanagesites-display-component---NewSite--addressDetailDetailsLanguage-arrow"}]}
RESULT: undefined
COMMAND: POST /session/85bc92a044d2dfb856863d13adac7a7e/element - {"using":"xpath","value":"//*[@id=\"application-managesites-display-component---NewSite--addressDetailDetailsLanguage-arrow\"]"}
RESULT: {"using":"xpath","value":"//*[@id=\"application-managesites-display-component---NewSite--addressDetailDetailsLanguage-arrow\"]"}
COMMAND: POST /session/85bc92a044d2dfb856863d13adac7a7e/element/f.B14EA88AD92014BD4F4EDEC3100164B7.d.7BE0F2A167F305A56CC98C078C5594A4.e.6635/click - {}
RESULT: {}
COMMAND: POST /session/85bc92a044d2dfb856863d13adac7a7e/element - {"using":"xpath","value":"//span[contains(text(), \"English\")]"}
COMMAND: GET /session/85bc92a044d2dfb856863d13adac7a7e/screenshot - {}
RESULT: {"using":"xpath","value":"//span[contains(text(), \"English\")]"}
COMMAND: POST /session/85bc92a044d2dfb856863d13adac7a7e/element/f.B14EA88AD92014BD4F4EDEC3100164B7.d.7BE0F2A167F305A56CC98C078C5594A4.e.6636/click - {}
RESULT: {}
RESULT: {}
COMMAND: POST /session/85bc92a044d2dfb856863d13adac7a7e/execute/async - {"script":"<script> [1562 bytes]","args":[{"selector":{"id":"application-managesites-display-component---NewSite--addressDetailDetailsCity1","interaction":{"idSuffix":"inner"}},"wdio_ui5_key":"applicationmanagesites-display-component---NewSite--addressDetailDetailsCity1"}]}
COMMAND: GET /session/85bc92a044d2dfb856863d13adac7a7e/screenshot - {}
RESULT: {"script":"<script> [1562 bytes]","args":[{"selector":{"id":"application-managesites-display-component---NewSite--addressDetailDetailsCity1","interaction":{"idSuffix":"inner"}},"wdio_ui5_key":"applicationmanagesites-display-component---NewSite--addressDetailDetailsCity1"}]}
RESULT: undefined
COMMAND: POST /session/85bc92a044d2dfb856863d13adac7a7e/execute/async - {"script":"<script> [776 bytes]","args":[{"enterText":"Rosario","selector":{"id":"application-managesites-display-component---NewSite--addressDetailDetailsCity1","interaction":{"idSuffix":"inner"}},"clearTextFirst":true,"interactionType":"ENTER_TEXT"}]}
RESULT: {}
RESULT: {"script":"<script> [776 bytes]","args":[{"enterText":"Rosario","selector":{"id":"application-managesites-display-component---NewSite--addressDetailDetailsCity1","interaction":{"idSuffix":"inner"}},"clearTextFirst":true,"interactionType":"ENTER_TEXT"}]}
COMMAND: POST /session/85bc92a044d2dfb856863d13adac7a7e/execute/async - {"script":"<script> [1562 bytes]","args":[{"selector":{"id":"application-managesites-display-component---NewSite--addressDetailDetailsCountry-arrow"},"wdio_ui5_key":"applicationmanagesites-display-component---NewSite--addressDetailDetailsCountry-arrow"}]}
RESULT: {"script":"<script> [1562 bytes]","args":[{"selector":{"id":"application-managesites-display-component---NewSite--addressDetailDetailsCountry-arrow"},"wdio_ui5_key":"applicationmanagesites-display-component---NewSite--addressDetailDetailsCountry-arrow"}]}
RESULT: undefined
COMMAND: POST /session/85bc92a044d2dfb856863d13adac7a7e/element - {"using":"xpath","value":"//*[@id=\"application-managesites-display-component---NewSite--addressDetailDetailsCountry-arrow\"]"}
RESULT: {"using":"xpath","value":"//*[@id=\"application-managesites-display-component---NewSite--addressDetailDetailsCountry-arrow\"]"}
COMMAND: POST /session/85bc92a044d2dfb856863d13adac7a7e/element/f.B14EA88AD92014BD4F4EDEC3100164B7.d.7BE0F2A167F305A56CC98C078C5594A4.e.6638/click - {}
RESULT: {}
COMMAND: POST /session/85bc92a044d2dfb856863d13adac7a7e/element - {"using":"xpath","value":"//span[contains(text(), \"Argentina\")]"}
COMMAND: GET /session/85bc92a044d2dfb856863d13adac7a7e/screenshot - {}
RESULT: {"using":"xpath","value":"//span[contains(text(), \"Argentina\")]"}
COMMAND: POST /session/85bc92a044d2dfb856863d13adac7a7e/element/f.B14EA88AD92014BD4F4EDEC3100164B7.d.7BE0F2A167F305A56CC98C078C5594A4.e.6639/click - {}
RESULT: {}
RESULT: {}
COMMAND: GET /session/85bc92a044d2dfb856863d13adac7a7e/screenshot - {}
RESULT: {}
COMMAND: POST /session/85bc92a044d2dfb856863d13adac7a7e/execute/async - {"script":"<script> [1562 bytes]","args":[{"selector":{"id":"application-managesites-display-component---NewSite--addressEditDetailsCostObjectCstType-arrow"},"wdio_ui5_key":"applicationmanagesites-display-component---NewSite--addressEditDetailsCostObjectCstType-arrow"}]}
RESULT: {"script":"<script> [1562 bytes]","args":[{"selector":{"id":"application-managesites-display-component---NewSite--addressEditDetailsCostObjectCstType-arrow"},"wdio_ui5_key":"applicationmanagesites-display-component---NewSite--addressEditDetailsCostObjectCstType-arrow"}]}
RESULT: undefined
COMMAND: POST /session/85bc92a044d2dfb856863d13adac7a7e/element - {"using":"xpath","value":"//*[@id=\"application-managesites-display-component---NewSite--addressEditDetailsCostObjectCstType-arrow\"]"}
RESULT: {"using":"xpath","value":"//*[@id=\"application-managesites-display-component---NewSite--addressEditDetailsCostObjectCstType-arrow\"]"}
COMMAND: POST /session/85bc92a044d2dfb856863d13adac7a7e/element/f.B14EA88AD92014BD4F4EDEC3100164B7.d.7BE0F2A167F305A56CC98C078C5594A4.e.6641/click - {}
RESULT: {}
COMMAND: POST /session/85bc92a044d2dfb856863d13adac7a7e/element - {"using":"xpath","value":"//span[contains(text(), \"Cost Center\")]"}
COMMAND: GET /session/85bc92a044d2dfb856863d13adac7a7e/screenshot - {}
RESULT: {"using":"xpath","value":"//span[contains(text(), \"Cost Center\")]"}
COMMAND: POST /session/85bc92a044d2dfb856863d13adac7a7e/element/f.B14EA88AD92014BD4F4EDEC3100164B7.d.7BE0F2A167F305A56CC98C078C5594A4.e.6642/click - {}
RESULT: {}
RESULT: {}
COMMAND: GET /session/85bc92a044d2dfb856863d13adac7a7e/screenshot - {}
RESULT: {}
COMMAND: POST /session/85bc92a044d2dfb856863d13adac7a7e/element - {"using":"xpath","value":"//span[@id=\"application-managesites-display-component---NewSite--addressNewCostObjectCstID-vhi\"]"}
RESULT: {"using":"xpath","value":"//span[@id=\"application-managesites-display-component---NewSite--addressNewCostObjectCstID-vhi\"]"}
COMMAND: POST /session/85bc92a044d2dfb856863d13adac7a7e/execute/sync - {"script":"<script> [8489 bytes]","args":[{"element-6066-11e4-a52e-4f735466cecf":"f.B14EA88AD92014BD4F4EDEC3100164B7.d.7BE0F2A167F305A56CC98C078C5594A4.e.6647","ELEMENT":"f.B14EA88AD92014BD4F4EDEC3100164B7.d.7BE0F2A167F305A56CC98C078C5594A4.e.6647"}]}
RESULT: {"script":"<script> [8489 bytes]","args":[{"element-6066-11e4-a52e-4f735466cecf":"f.B14EA88AD92014BD4F4EDEC3100164B7.d.7BE0F2A167F305A56CC98C078C5594A4.e.6647","ELEMENT":"f.B14EA88AD92014BD4F4EDEC3100164B7.d.7BE0F2A167F305A56CC98C078C5594A4.e.6647"}]}
COMMAND: POST /session/85bc92a044d2dfb856863d13adac7a7e/execute/async - {"script":"<script> [1562 bytes]","args":[{"selector":{"id":"application-managesites-display-component---NewSite--addressNewCostObjectCstID-vhi"},"wdio_ui5_key":"applicationmanagesites-display-component---NewSite--addressNewCostObjectCstID-vhi"}]}
COMMAND: GET /session/85bc92a044d2dfb856863d13adac7a7e/screenshot - {}
RESULT: {"script":"<script> [1562 bytes]","args":[{"selector":{"id":"application-managesites-display-component---NewSite--addressNewCostObjectCstID-vhi"},"wdio_ui5_key":"applicationmanagesites-display-component---NewSite--addressNewCostObjectCstID-vhi"}]}
RESULT: undefined
COMMAND: POST /session/85bc92a044d2dfb856863d13adac7a7e/element - {"using":"xpath","value":"//*[@id=\"application-managesites-display-component---NewSite--addressNewCostObjectCstID-vhi\"]"}
RESULT: {}
RESULT: {"using":"xpath","value":"//*[@id=\"application-managesites-display-component---NewSite--addressNewCostObjectCstID-vhi\"]"}
COMMAND: POST /session/85bc92a044d2dfb856863d13adac7a7e/element/f.B14EA88AD92014BD4F4EDEC3100164B7.d.7BE0F2A167F305A56CC98C078C5594A4.e.6647/click - {}
RESULT: {}
COMMAND: GET /session/85bc92a044d2dfb856863d13adac7a7e/screenshot - {}
RESULT: {}
RESULT: undefined
COMMAND: POST /session/85bc92a044d2dfb856863d13adac7a7e/execute/async - {"script":"<script> [776 bytes]","args":[{"enterText":"10001013","selector":{"controlType":"sap.m.SearchField","properties":{"placeholder":"Search"},"searchOpenDialogs":true,"interaction":{"idSuffix":"I"}},"clearTextFirst":true,"interactionType":"ENTER_TEXT"}]}
RESULT: {"script":"<script> [776 bytes]","args":[{"enterText":"10001013","selector":{"controlType":"sap.m.SearchField","properties":{"placeholder":"Search"},"searchOpenDialogs":true,"interaction":{"idSuffix":"I"}},"clearTextFirst":true,"interactionType":"ENTER_TEXT"}]}
COMMAND: POST /session/85bc92a044d2dfb856863d13adac7a7e/actions - {"actions":[{"id":"action23","type":"key","parameters":{},"actions":[{"type":"keyDown","value":"î€‡"},{"type":"pause","duration":10},{"type":"keyUp","value":"î€‡"}]}]}
RESULT: {"actions":[{"id":"action23","type":"key","parameters":{},"actions":[{"type":"keyDown","value":"î€‡"},{"type":"pause","duration":10},{"type":"keyUp","value":"î€‡"}]}]}
COMMAND: GET /session/85bc92a044d2dfb856863d13adac7a7e/screenshot - {}
RESULT: {}
COMMAND: POST /session/85bc92a044d2dfb856863d13adac7a7e/element - {"using":"xpath","value":"//span[contains(text(), \"General Management\")]"}
RESULT: {"using":"xpath","value":"//span[contains(text(), \"General Management\")]"}
COMMAND: POST /session/85bc92a044d2dfb856863d13adac7a7e/element/f.B14EA88AD92014BD4F4EDEC3100164B7.d.7BE0F2A167F305A56CC98C078C5594A4.e.6687/click - {}
RESULT: {}
COMMAND: GET /session/85bc92a044d2dfb856863d13adac7a7e/screenshot - {}
RESULT: {}
COMMAND: POST /session/85bc92a044d2dfb856863d13adac7a7e/element - {"using":"xpath","value":"//bdi[contains(text(), \"OK\")]"}
RESULT: {"using":"xpath","value":"//bdi[contains(text(), \"OK\")]"}
COMMAND: POST /session/85bc92a044d2dfb856863d13adac7a7e/element/f.B14EA88AD92014BD4F4EDEC3100164B7.d.7BE0F2A167F305A56CC98C078C5594A4.e.6688/click - {}
RESULT: {}
COMMAND: GET /session/85bc92a044d2dfb856863d13adac7a7e/screenshot - {}
RESULT: {}
COMMAND: POST /session/85bc92a044d2dfb856863d13adac7a7e/element - {"using":"xpath","value":"//input[@id=\"application-managesites-display-component---NewSite--addressDetailDetailsCalendar-inner\"]"}
RESULT: {"using":"xpath","value":"//input[@id=\"application-managesites-display-component---NewSite--addressDetailDetailsCalendar-inner\"]"}
COMMAND: POST /session/85bc92a044d2dfb856863d13adac7a7e/element/f.B14EA88AD92014BD4F4EDEC3100164B7.d.7BE0F2A167F305A56CC98C078C5594A4.e.6427/clear - {}
RESULT: {}
COMMAND: POST /session/85bc92a044d2dfb856863d13adac7a7e/element/f.B14EA88AD92014BD4F4EDEC3100164B7.d.7BE0F2A167F305A56CC98C078C5594A4.e.6427/value - {"text":"Unit"}
COMMAND: GET /session/85bc92a044d2dfb856863d13adac7a7e/screenshot - {}
RESULT: {"text":"Unit"}
COMMAND: GET /session/85bc92a044d2dfb856863d13adac7a7e/screenshot - {}
RESULT: {}
RESULT: {}
COMMAND: POST /session/85bc92a044d2dfb856863d13adac7a7e/actions - {"actions":[{"id":"action24","type":"key","parameters":{},"actions":[{"type":"keyDown","value":"î€‡"},{"type":"pause","duration":10},{"type":"keyUp","value":"î€‡"}]}]}
RESULT: {"actions":[{"id":"action24","type":"key","parameters":{},"actions":[{"type":"keyDown","value":"î€‡"},{"type":"pause","duration":10},{"type":"keyUp","value":"î€‡"}]}]}
COMMAND: POST /session/85bc92a044d2dfb856863d13adac7a7e/element - {"using":"xpath","value":"//input[@id=\"application-managesites-display-component---NewSite--addressDetailDetailsYard-inner\"]"}
COMMAND: GET /session/85bc92a044d2dfb856863d13adac7a7e/screenshot - {}
RESULT: {"using":"xpath","value":"//input[@id=\"application-managesites-display-component---NewSite--addressDetailDetailsYard-inner\"]"}
COMMAND: POST /session/85bc92a044d2dfb856863d13adac7a7e/element/f.B14EA88AD92014BD4F4EDEC3100164B7.d.7BE0F2A167F305A56CC98C078C5594A4.e.6428/clear - {}
RESULT: {}
RESULT: {}
COMMAND: POST /session/85bc92a044d2dfb856863d13adac7a7e/element/f.B14EA88AD92014BD4F4EDEC3100164B7.d.7BE0F2A167F305A56CC98C078C5594A4.e.6428/value - {"text":"631"}
COMMAND: GET /session/85bc92a044d2dfb856863d13adac7a7e/screenshot - {}
RESULT: {"text":"631"}
COMMAND: GET /session/85bc92a044d2dfb856863d13adac7a7e/screenshot - {}
RESULT: {}
RESULT: {}
COMMAND: POST /session/85bc92a044d2dfb856863d13adac7a7e/element - {"using":"xpath","value":"//li[.//span[text()='631']]"}
RESULT: {"using":"xpath","value":"//li[.//span[text()='631']]"}
COMMAND: POST /session/85bc92a044d2dfb856863d13adac7a7e/element/f.B14EA88AD92014BD4F4EDEC3100164B7.d.7BE0F2A167F305A56CC98C078C5594A4.e.6696/click - {}
RESULT: {}
COMMAND: GET /session/85bc92a044d2dfb856863d13adac7a7e/screenshot - {}
RESULT: {}
COMMAND: POST /session/85bc92a044d2dfb856863d13adac7a7e/element - {"using":"xpath","value":"//input[@id=\"application-managesites-display-component---NewSite--addressDetailDetailsPartner-inner\"]"}
RESULT: {"using":"xpath","value":"//input[@id=\"application-managesites-display-component---NewSite--addressDetailDetailsPartner-inner\"]"}
COMMAND: POST /session/85bc92a044d2dfb856863d13adac7a7e/element - {"using":"xpath","value":"//input[@id=\"application-managesites-display-component---NewSite--addressDetailDetailsPartner-inner\"]"}
RESULT: {"using":"xpath","value":"//input[@id=\"application-managesites-display-component---NewSite--addressDetailDetailsPartner-inner\"]"}
COMMAND: POST /session/85bc92a044d2dfb856863d13adac7a7e/element - {"using":"xpath","value":"//button[@data-kt=\"saveButton\"]"}
RESULT: {"using":"xpath","value":"//button[@data-kt=\"saveButton\"]"}
COMMAND: POST /session/85bc92a044d2dfb856863d13adac7a7e/element/f.B14EA88AD92014BD4F4EDEC3100164B7.d.7BE0F2A167F305A56CC98C078C5594A4.e.6620/click - {}
RESULT: {}
COMMAND: GET /session/85bc92a044d2dfb856863d13adac7a7e/screenshot - {}
RESULT: {}
COMMAND: POST /session/85bc92a044d2dfb856863d13adac7a7e/element - {"using":"xpath","value":"//header[contains(@id, 'ObjectPageLayout-headerTitle')]/div[1]/div[2]/div[2]/span[1]"}
RESULT: {"using":"xpath","value":"//header[contains(@id, 'ObjectPageLayout-headerTitle')]/div[1]/div[2]/div[2]/span[1]"}
COMMAND: POST /session/85bc92a044d2dfb856863d13adac7a7e/elements - {"using":"xpath","value":"//header[contains(@id, 'ObjectPageLayout-headerTitle')]/div[1]/div[2]/div[2]/span[1]"}
RESULT: {"using":"xpath","value":"//header[contains(@id, 'ObjectPageLayout-headerTitle')]/div[1]/div[2]/div[2]/span[1]"}
COMMAND: POST /session/85bc92a044d2dfb856863d13adac7a7e/execute/sync - {"script":"<script> [56 bytes]","args":[{"element-6066-11e4-a52e-4f735466cecf":"f.B14EA88AD92014BD4F4EDEC3100164B7.d.7BE0F2A167F305A56CC98C078C5594A4.e.6896","ELEMENT":"f.B14EA88AD92014BD4F4EDEC3100164B7.d.7BE0F2A167F305A56CC98C078C5594A4.e.6896"}]}
RESULT: {"script":"<script> [56 bytes]","args":[{"element-6066-11e4-a52e-4f735466cecf":"f.B14EA88AD92014BD4F4EDEC3100164B7.d.7BE0F2A167F305A56CC98C078C5594A4.e.6896","ELEMENT":"f.B14EA88AD92014BD4F4EDEC3100164B7.d.7BE0F2A167F305A56CC98C078C5594A4.e.6896"}]}
COMMAND: GET /session/85bc92a044d2dfb856863d13adac7a7e/screenshot - {}
COMMAND: POST /session/85bc92a044d2dfb856863d13adac7a7e/execute/sync - {"script":"<script> [56 bytes]","args":[{"element-6066-11e4-a52e-4f735466cecf":"f.B14EA88AD92014BD4F4EDEC3100164B7.d.7BE0F2A167F305A56CC98C078C5594A4.e.6896","ELEMENT":"f.B14EA88AD92014BD4F4EDEC3100164B7.d.7BE0F2A167F305A56CC98C078C5594A4.e.6896"}]}
RESULT: {}
RESULT: {"script":"<script> [56 bytes]","args":[{"element-6066-11e4-a52e-4f735466cecf":"f.B14EA88AD92014BD4F4EDEC3100164B7.d.7BE0F2A167F305A56CC98C078C5594A4.e.6896","ELEMENT":"f.B14EA88AD92014BD4F4EDEC3100164B7.d.7BE0F2A167F305A56CC98C078C5594A4.e.6896"}]}
COMMAND: POST /session/85bc92a044d2dfb856863d13adac7a7e/element - {"using":"css selector","value":"#shell-header-logo"}
COMMAND: GET /session/85bc92a044d2dfb856863d13adac7a7e/screenshot - {}
RESULT: {"using":"css selector","value":"#shell-header-logo"}
COMMAND: POST /session/85bc92a044d2dfb856863d13adac7a7e/element/f.B14EA88AD92014BD4F4EDEC3100164B7.d.7BE0F2A167F305A56CC98C078C5594A4.e.5976/click - {}
RESULT: {}
RESULT: {}
COMMAND: GET /session/85bc92a044d2dfb856863d13adac7a7e/screenshot - {}
RESULT: {}
COMMAND: POST /session/85bc92a044d2dfb856863d13adac7a7e/execute/sync - {"script":"<script> [299 bytes]","args":[["getModel","getResource"]]}
RESULT: {"script":"<script> [299 bytes]","args":[["getModel","getResource"]]}
]]></system-out>
    </testcase>
    <testcase classname="chrome.136_0_7103_93.windows.Create_master_data_for_mixed_billing_&amp;_do_billing_calculation_US151661" name="Should create a new equipment and add a counter to it" time="162.608">
      <system-out><![CDATA[
COMMAND: POST /session/85bc92a044d2dfb856863d13adac7a7e/execute/async - {"script":"<script> [1562 bytes]","args":[{"selector":{"controlType":"sap.m.GenericTile","properties":{"header":"Manage Resources"}},"wdio_ui5_key":"sapm.GenericTile{\"header\":\"Manage Resources\"}"}]}
COMMAND: GET /session/85bc92a044d2dfb856863d13adac7a7e/screenshot - {}
RESULT: {"script":"<script> [1562 bytes]","args":[{"selector":{"controlType":"sap.m.GenericTile","properties":{"header":"Manage Resources"}},"wdio_ui5_key":"sapm.GenericTile{\"header\":\"Manage Resources\"}"}]}
RESULT: undefined
COMMAND: POST /session/85bc92a044d2dfb856863d13adac7a7e/element - {"using":"xpath","value":"//*[@id=\"__tile39\"]"}
RESULT: {}
RESULT: {"using":"xpath","value":"//*[@id=\"__tile39\"]"}
COMMAND: POST /session/85bc92a044d2dfb856863d13adac7a7e/element/f.B14EA88AD92014BD4F4EDEC3100164B7.d.7BE0F2A167F305A56CC98C078C5594A4.e.4366/click - {}
RESULT: {}
COMMAND: GET /session/85bc92a044d2dfb856863d13adac7a7e/screenshot - {}
RESULT: {}
COMMAND: POST /session/85bc92a044d2dfb856863d13adac7a7e/elements - {"using":"xpath","value":"//span[text()='Error']"}
RESULT: {"using":"xpath","value":"//span[text()='Error']"}
COMMAND: POST /session/85bc92a044d2dfb856863d13adac7a7e/element - {"using":"xpath","value":"//button[@data-kt=\"addNewRUOverflowToolbarButton\"]"}
RESULT: {"using":"xpath","value":"//button[@data-kt=\"addNewRUOverflowToolbarButton\"]"}
COMMAND: POST /session/85bc92a044d2dfb856863d13adac7a7e/elements - {"using":"xpath","value":"//button[@data-kt=\"addNewRUOverflowToolbarButton\"]"}
RESULT: {"using":"xpath","value":"//button[@data-kt=\"addNewRUOverflowToolbarButton\"]"}
COMMAND: POST /session/85bc92a044d2dfb856863d13adac7a7e/execute/sync - {"script":"<script> [8489 bytes]","args":[{"element-6066-11e4-a52e-4f735466cecf":"f.B14EA88AD92014BD4F4EDEC3100164B7.d.7BE0F2A167F305A56CC98C078C5594A4.e.6941","ELEMENT":"f.B14EA88AD92014BD4F4EDEC3100164B7.d.7BE0F2A167F305A56CC98C078C5594A4.e.6941"}]}
RESULT: {"script":"<script> [8489 bytes]","args":[{"element-6066-11e4-a52e-4f735466cecf":"f.B14EA88AD92014BD4F4EDEC3100164B7.d.7BE0F2A167F305A56CC98C078C5594A4.e.6941","ELEMENT":"f.B14EA88AD92014BD4F4EDEC3100164B7.d.7BE0F2A167F305A56CC98C078C5594A4.e.6941"}]}
COMMAND: GET /session/85bc92a044d2dfb856863d13adac7a7e/element/f.B14EA88AD92014BD4F4EDEC3100164B7.d.7BE0F2A167F305A56CC98C078C5594A4.e.6941/enabled - {}
COMMAND: GET /session/85bc92a044d2dfb856863d13adac7a7e/screenshot - {}
RESULT: {}
COMMAND: POST /session/85bc92a044d2dfb856863d13adac7a7e/execute/sync - {"script":"<script> [8489 bytes]","args":[{"element-6066-11e4-a52e-4f735466cecf":"f.B14EA88AD92014BD4F4EDEC3100164B7.d.7BE0F2A167F305A56CC98C078C5594A4.e.6941","ELEMENT":"f.B14EA88AD92014BD4F4EDEC3100164B7.d.7BE0F2A167F305A56CC98C078C5594A4.e.6941"}]}
COMMAND: GET /session/85bc92a044d2dfb856863d13adac7a7e/screenshot - {}
RESULT: {}
RESULT: {"script":"<script> [8489 bytes]","args":[{"element-6066-11e4-a52e-4f735466cecf":"f.B14EA88AD92014BD4F4EDEC3100164B7.d.7BE0F2A167F305A56CC98C078C5594A4.e.6941","ELEMENT":"f.B14EA88AD92014BD4F4EDEC3100164B7.d.7BE0F2A167F305A56CC98C078C5594A4.e.6941"}]}
COMMAND: POST /session/85bc92a044d2dfb856863d13adac7a7e/execute/sync - {"script":"<script> [5351 bytes]","args":[{"element-6066-11e4-a52e-4f735466cecf":"f.B14EA88AD92014BD4F4EDEC3100164B7.d.7BE0F2A167F305A56CC98C078C5594A4.e.6941","ELEMENT":"f.B14EA88AD92014BD4F4EDEC3100164B7.d.7BE0F2A167F305A56CC98C078C5594A4.e.6941"}]}
RESULT: {}
RESULT: {"script":"<script> [5351 bytes]","args":[{"element-6066-11e4-a52e-4f735466cecf":"f.B14EA88AD92014BD4F4EDEC3100164B7.d.7BE0F2A167F305A56CC98C078C5594A4.e.6941","ELEMENT":"f.B14EA88AD92014BD4F4EDEC3100164B7.d.7BE0F2A167F305A56CC98C078C5594A4.e.6941"}]}
COMMAND: POST /session/85bc92a044d2dfb856863d13adac7a7e/element/f.B14EA88AD92014BD4F4EDEC3100164B7.d.7BE0F2A167F305A56CC98C078C5594A4.e.6941/click - {}
COMMAND: GET /session/85bc92a044d2dfb856863d13adac7a7e/screenshot - {}
COMMAND: GET /session/85bc92a044d2dfb856863d13adac7a7e/screenshot - {}
RESULT: {}
COMMAND: GET /session/85bc92a044d2dfb856863d13adac7a7e/screenshot - {}
RESULT: {}
RESULT: {}
RESULT: {}
COMMAND: POST /session/85bc92a044d2dfb856863d13adac7a7e/execute/async - {"script":"<script> [1562 bytes]","args":[{"selector":{"id":"application-manageresources-display-component---newResourceUnit--TYPE-arrow"},"wdio_ui5_key":"applicationmanageresources-display-component---newResourceUnit--TYPE-arrow"}]}
RESULT: {"script":"<script> [1562 bytes]","args":[{"selector":{"id":"application-manageresources-display-component---newResourceUnit--TYPE-arrow"},"wdio_ui5_key":"applicationmanageresources-display-component---newResourceUnit--TYPE-arrow"}]}
RESULT: undefined
COMMAND: POST /session/85bc92a044d2dfb856863d13adac7a7e/element - {"using":"xpath","value":"//*[@id=\"application-manageresources-display-component---newResourceUnit--TYPE-arrow\"]"}
RESULT: {"using":"xpath","value":"//*[@id=\"application-manageresources-display-component---newResourceUnit--TYPE-arrow\"]"}
COMMAND: POST /session/85bc92a044d2dfb856863d13adac7a7e/element/f.B14EA88AD92014BD4F4EDEC3100164B7.d.7BE0F2A167F305A56CC98C078C5594A4.e.7300/click - {}
RESULT: {}
COMMAND: POST /session/85bc92a044d2dfb856863d13adac7a7e/element - {"using":"xpath","value":"//input[@id=\"application-manageresources-display-component---newResourceUnit--TYPE-inner\"]"}
COMMAND: GET /session/85bc92a044d2dfb856863d13adac7a7e/screenshot - {}
RESULT: {"using":"xpath","value":"//input[@id=\"application-manageresources-display-component---newResourceUnit--TYPE-inner\"]"}
COMMAND: POST /session/85bc92a044d2dfb856863d13adac7a7e/element/f.B14EA88AD92014BD4F4EDEC3100164B7.d.7BE0F2A167F305A56CC98C078C5594A4.e.7284/clear - {}
RESULT: {}
RESULT: {}
COMMAND: POST /session/85bc92a044d2dfb856863d13adac7a7e/element/f.B14EA88AD92014BD4F4EDEC3100164B7.d.7BE0F2A167F305A56CC98C078C5594A4.e.7284/value - {"text":"Equipment"}
COMMAND: GET /session/85bc92a044d2dfb856863d13adac7a7e/screenshot - {}
RESULT: {"text":"Equipment"}
COMMAND: GET /session/85bc92a044d2dfb856863d13adac7a7e/screenshot - {}
RESULT: {}
RESULT: {}
COMMAND: POST /session/85bc92a044d2dfb856863d13adac7a7e/actions - {"actions":[{"id":"action25","type":"key","parameters":{},"actions":[{"type":"keyDown","value":"î€‡"},{"type":"pause","duration":10},{"type":"keyUp","value":"î€‡"}]}]}
RESULT: {"actions":[{"id":"action25","type":"key","parameters":{},"actions":[{"type":"keyDown","value":"î€‡"},{"type":"pause","duration":10},{"type":"keyUp","value":"î€‡"}]}]}
COMMAND: POST /session/85bc92a044d2dfb856863d13adac7a7e/execute/async - {"script":"<script> [1562 bytes]","args":[{"selector":{"id":"application-manageresources-display-component---newResourceUnit--resourceId","interaction":{"idSuffix":"inner"}},"wdio_ui5_key":"applicationmanageresources-display-component---newResourceUnit--resourceId"}]}
COMMAND: GET /session/85bc92a044d2dfb856863d13adac7a7e/screenshot - {}
RESULT: {"script":"<script> [1562 bytes]","args":[{"selector":{"id":"application-manageresources-display-component---newResourceUnit--resourceId","interaction":{"idSuffix":"inner"}},"wdio_ui5_key":"applicationmanageresources-display-component---newResourceUnit--resourceId"}]}
RESULT: undefined
COMMAND: POST /session/85bc92a044d2dfb856863d13adac7a7e/execute/async - {"script":"<script> [776 bytes]","args":[{"enterText":"bseo7b6gPn","selector":{"id":"application-manageresources-display-component---newResourceUnit--resourceId","interaction":{"idSuffix":"inner"}},"clearTextFirst":true,"interactionType":"ENTER_TEXT"}]}
RESULT: {}
RESULT: {"script":"<script> [776 bytes]","args":[{"enterText":"bseo7b6gPn","selector":{"id":"application-manageresources-display-component---newResourceUnit--resourceId","interaction":{"idSuffix":"inner"}},"clearTextFirst":true,"interactionType":"ENTER_TEXT"}]}
COMMAND: POST /session/85bc92a044d2dfb856863d13adac7a7e/execute/async - {"script":"<script> [1562 bytes]","args":[{"selector":{"id":"application-manageresources-display-component---newResourceUnit--SHORT_TEXT","interaction":{"idSuffix":"inner"}},"wdio_ui5_key":"applicationmanageresources-display-component---newResourceUnit--SHORT_TEXT"}]}
RESULT: {"script":"<script> [1562 bytes]","args":[{"selector":{"id":"application-manageresources-display-component---newResourceUnit--SHORT_TEXT","interaction":{"idSuffix":"inner"}},"wdio_ui5_key":"applicationmanageresources-display-component---newResourceUnit--SHORT_TEXT"}]}
RESULT: undefined
COMMAND: POST /session/85bc92a044d2dfb856863d13adac7a7e/execute/async - {"script":"<script> [776 bytes]","args":[{"enterText":"Intercompany Equipment WDIO","selector":{"id":"application-manageresources-display-component---newResourceUnit--SHORT_TEXT","interaction":{"idSuffix":"inner"}},"clearTextFirst":true,"interactionType":"ENTER_TEXT"}]}
RESULT: {"script":"<script> [776 bytes]","args":[{"enterText":"Intercompany Equipment WDIO","selector":{"id":"application-manageresources-display-component---newResourceUnit--SHORT_TEXT","interaction":{"idSuffix":"inner"}},"clearTextFirst":true,"interactionType":"ENTER_TEXT"}]}
COMMAND: POST /session/85bc92a044d2dfb856863d13adac7a7e/execute/async - {"script":"<script> [1562 bytes]","args":[{"selector":{"id":"application-manageresources-display-component---newResourceUnit--BASE_UNIT_OF_MEASURE","interaction":{"idSuffix":"inner"}},"wdio_ui5_key":"applicationmanageresources-display-component---newResourceUnit--BASE_UNIT_OF_MEASURE"}]}
RESULT: {"script":"<script> [1562 bytes]","args":[{"selector":{"id":"application-manageresources-display-component---newResourceUnit--BASE_UNIT_OF_MEASURE","interaction":{"idSuffix":"inner"}},"wdio_ui5_key":"applicationmanageresources-display-component---newResourceUnit--BASE_UNIT_OF_MEASURE"}]}
RESULT: undefined
COMMAND: POST /session/85bc92a044d2dfb856863d13adac7a7e/execute/async - {"script":"<script> [776 bytes]","args":[{"enterText":"Piece","selector":{"id":"application-manageresources-display-component---newResourceUnit--BASE_UNIT_OF_MEASURE","interaction":{"idSuffix":"inner"}},"clearTextFirst":true,"interactionType":"ENTER_TEXT"}]}
RESULT: {"script":"<script> [776 bytes]","args":[{"enterText":"Piece","selector":{"id":"application-manageresources-display-component---newResourceUnit--BASE_UNIT_OF_MEASURE","interaction":{"idSuffix":"inner"}},"clearTextFirst":true,"interactionType":"ENTER_TEXT"}]}
COMMAND: POST /session/85bc92a044d2dfb856863d13adac7a7e/execute/async - {"script":"<script> [1562 bytes]","args":[{"selector":{"id":"application-manageresources-display-component---newResourceUnit--WEIGHT_UNIT","interaction":{"idSuffix":"inner"}},"wdio_ui5_key":"applicationmanageresources-display-component---newResourceUnit--WEIGHT_UNIT"}]}
RESULT: {"script":"<script> [1562 bytes]","args":[{"selector":{"id":"application-manageresources-display-component---newResourceUnit--WEIGHT_UNIT","interaction":{"idSuffix":"inner"}},"wdio_ui5_key":"applicationmanageresources-display-component---newResourceUnit--WEIGHT_UNIT"}]}
RESULT: undefined
COMMAND: POST /session/85bc92a044d2dfb856863d13adac7a7e/execute/async - {"script":"<script> [776 bytes]","args":[{"enterText":"Gram","selector":{"id":"application-manageresources-display-component---newResourceUnit--WEIGHT_UNIT","interaction":{"idSuffix":"inner"}},"clearTextFirst":true,"interactionType":"ENTER_TEXT"}]}
RESULT: {"script":"<script> [776 bytes]","args":[{"enterText":"Gram","selector":{"id":"application-manageresources-display-component---newResourceUnit--WEIGHT_UNIT","interaction":{"idSuffix":"inner"}},"clearTextFirst":true,"interactionType":"ENTER_TEXT"}]}
COMMAND: POST /session/85bc92a044d2dfb856863d13adac7a7e/execute/async - {"script":"<script> [1562 bytes]","args":[{"selector":{"id":"application-manageresources-display-component---newResourceUnit--DIMENSION_UNIT","interaction":{"idSuffix":"inner"}},"wdio_ui5_key":"applicationmanageresources-display-component---newResourceUnit--DIMENSION_UNIT"}]}
RESULT: {"script":"<script> [1562 bytes]","args":[{"selector":{"id":"application-manageresources-display-component---newResourceUnit--DIMENSION_UNIT","interaction":{"idSuffix":"inner"}},"wdio_ui5_key":"applicationmanageresources-display-component---newResourceUnit--DIMENSION_UNIT"}]}
RESULT: undefined
COMMAND: POST /session/85bc92a044d2dfb856863d13adac7a7e/execute/async - {"script":"<script> [776 bytes]","args":[{"enterText":"Meter","selector":{"id":"application-manageresources-display-component---newResourceUnit--DIMENSION_UNIT","interaction":{"idSuffix":"inner"}},"clearTextFirst":true,"interactionType":"ENTER_TEXT"}]}
RESULT: {"script":"<script> [776 bytes]","args":[{"enterText":"Meter","selector":{"id":"application-manageresources-display-component---newResourceUnit--DIMENSION_UNIT","interaction":{"idSuffix":"inner"}},"clearTextFirst":true,"interactionType":"ENTER_TEXT"}]}
COMMAND: POST /session/85bc92a044d2dfb856863d13adac7a7e/execute/async - {"script":"<script> [1562 bytes]","args":[{"selector":{"id":"application-manageresources-display-component---newResourceUnit--newRRUPage-anchBar-application-manageresources-display-component---newResourceUnit--control-anchor","interaction":{"idSuffix":"BDI-content"}},"wdio_ui5_key":"applicationmanageresources-display-component---newResourceUnit--newRRUPage-anchBar-application-manageresources-display-component---newResourceUnit--control-anchor"}]}
RESULT: {"script":"<script> [1562 bytes]","args":[{"selector":{"id":"application-manageresources-display-component---newResourceUnit--newRRUPage-anchBar-application-manageresources-display-component---newResourceUnit--control-anchor","interaction":{"idSuffix":"BDI-content"}},"wdio_ui5_key":"applicationmanageresources-display-component---newResourceUnit--newRRUPage-anchBar-application-manageresources-display-component---newResourceUnit--control-anchor"}]}
RESULT: undefined
COMMAND: POST /session/85bc92a044d2dfb856863d13adac7a7e/element - {"using":"xpath","value":"//*[@id=\"application-manageresources-display-component---newResourceUnit--newRRUPage-anchBar-application-manageresources-display-component---newResourceUnit--control-anchor\"]"}
RESULT: {"using":"xpath","value":"//*[@id=\"application-manageresources-display-component---newResourceUnit--newRRUPage-anchBar-application-manageresources-display-component---newResourceUnit--control-anchor\"]"}
COMMAND: POST /session/85bc92a044d2dfb856863d13adac7a7e/element/f.B14EA88AD92014BD4F4EDEC3100164B7.d.7BE0F2A167F305A56CC98C078C5594A4.e.7456/click - {}
RESULT: {}
COMMAND: POST /session/85bc92a044d2dfb856863d13adac7a7e/execute/async - {"script":"<script> [1562 bytes]","args":[{"selector":{"id":"application-manageresources-display-component---newResourceUnit--PLANNING_GROUP","interaction":{"idSuffix":"inner"}},"wdio_ui5_key":"applicationmanageresources-display-component---newResourceUnit--PLANNING_GROUP"}]}
COMMAND: GET /session/85bc92a044d2dfb856863d13adac7a7e/screenshot - {}
RESULT: {"script":"<script> [1562 bytes]","args":[{"selector":{"id":"application-manageresources-display-component---newResourceUnit--PLANNING_GROUP","interaction":{"idSuffix":"inner"}},"wdio_ui5_key":"applicationmanageresources-display-component---newResourceUnit--PLANNING_GROUP"}]}
RESULT: undefined
COMMAND: POST /session/85bc92a044d2dfb856863d13adac7a7e/execute/async - {"script":"<script> [776 bytes]","args":[{"enterText":"Heavy Equi","selector":{"id":"application-manageresources-display-component---newResourceUnit--PLANNING_GROUP","interaction":{"idSuffix":"inner"}},"clearTextFirst":true,"interactionType":"ENTER_TEXT"}]}
RESULT: {}
RESULT: {"script":"<script> [776 bytes]","args":[{"enterText":"Heavy Equi","selector":{"id":"application-manageresources-display-component---newResourceUnit--PLANNING_GROUP","interaction":{"idSuffix":"inner"}},"clearTextFirst":true,"interactionType":"ENTER_TEXT"}]}
COMMAND: POST /session/85bc92a044d2dfb856863d13adac7a7e/execute/async - {"script":"<script> [1562 bytes]","args":[{"selector":{"id":"application-manageresources-display-component---newResourceUnit--ITEM_TYPE-arrow"},"wdio_ui5_key":"applicationmanageresources-display-component---newResourceUnit--ITEM_TYPE-arrow"}]}
RESULT: {"script":"<script> [1562 bytes]","args":[{"selector":{"id":"application-manageresources-display-component---newResourceUnit--ITEM_TYPE-arrow"},"wdio_ui5_key":"applicationmanageresources-display-component---newResourceUnit--ITEM_TYPE-arrow"}]}
RESULT: undefined
COMMAND: POST /session/85bc92a044d2dfb856863d13adac7a7e/element - {"using":"xpath","value":"//*[@id=\"application-manageresources-display-component---newResourceUnit--ITEM_TYPE-arrow\"]"}
RESULT: {"using":"xpath","value":"//*[@id=\"application-manageresources-display-component---newResourceUnit--ITEM_TYPE-arrow\"]"}
COMMAND: POST /session/85bc92a044d2dfb856863d13adac7a7e/element/f.B14EA88AD92014BD4F4EDEC3100164B7.d.7BE0F2A167F305A56CC98C078C5594A4.e.7465/click - {}
RESULT: {}
COMMAND: POST /session/85bc92a044d2dfb856863d13adac7a7e/element - {"using":"xpath","value":"//ul[contains(@id,\"ITEM_TYPE-popup-list-listUl\")]//li[.//span[contains(text(),\"Resource Unit\")]]"}
COMMAND: GET /session/85bc92a044d2dfb856863d13adac7a7e/screenshot - {}
RESULT: {"using":"xpath","value":"//ul[contains(@id,\"ITEM_TYPE-popup-list-listUl\")]//li[.//span[contains(text(),\"Resource Unit\")]]"}
COMMAND: POST /session/85bc92a044d2dfb856863d13adac7a7e/element/f.B14EA88AD92014BD4F4EDEC3100164B7.d.7BE0F2A167F305A56CC98C078C5594A4.e.7466/click - {}
RESULT: {}
RESULT: {}
COMMAND: GET /session/85bc92a044d2dfb856863d13adac7a7e/screenshot - {}
RESULT: {}
COMMAND: POST /session/85bc92a044d2dfb856863d13adac7a7e/element - {"using":"css selector","value":"#application-manageresources-display-component---newResourceUnit--btnAddTimeSegment"}
RESULT: {"using":"css selector","value":"#application-manageresources-display-component---newResourceUnit--btnAddTimeSegment"}
COMMAND: GET /session/85bc92a044d2dfb856863d13adac7a7e/element/f.B14EA88AD92014BD4F4EDEC3100164B7.d.7BE0F2A167F305A56CC98C078C5594A4.e.7473/rect - {}
RESULT: {}
COMMAND: GET /session/85bc92a044d2dfb856863d13adac7a7e/window/rect - {}
RESULT: {}
COMMAND: POST /session/85bc92a044d2dfb856863d13adac7a7e/execute/sync - {"script":"<script> [92 bytes]","args":[]}
RESULT: {"script":"<script> [92 bytes]","args":[]}
COMMAND: POST /session/85bc92a044d2dfb856863d13adac7a7e/actions - {"actions":[{"id":"action26","type":"wheel","parameters":{},"actions":[{"type":"scroll","x":-1888,"y":-32,"deltaX":0,"deltaY":0,"duration":0,"origin":{"element-6066-11e4-a52e-4f735466cecf":"f.B14EA88AD92014BD4F4EDEC3100164B7.d.7BE0F2A167F305A56CC98C078C5594A4.e.7473"}}]}]}
COMMAND: GET /session/85bc92a044d2dfb856863d13adac7a7e/screenshot - {}
RESULT: {}
COMMAND: POST /session/85bc92a044d2dfb856863d13adac7a7e/execute/sync - {"script":"<script> [79 bytes]","args":[{"element-6066-11e4-a52e-4f735466cecf":"f.B14EA88AD92014BD4F4EDEC3100164B7.d.7BE0F2A167F305A56CC98C078C5594A4.e.7473","ELEMENT":"f.B14EA88AD92014BD4F4EDEC3100164B7.d.7BE0F2A167F305A56CC98C078C5594A4.e.7473"},{"block":"start","inline":"nearest"}]}
RESULT: {"script":"<script> [79 bytes]","args":[{"element-6066-11e4-a52e-4f735466cecf":"f.B14EA88AD92014BD4F4EDEC3100164B7.d.7BE0F2A167F305A56CC98C078C5594A4.e.7473","ELEMENT":"f.B14EA88AD92014BD4F4EDEC3100164B7.d.7BE0F2A167F305A56CC98C078C5594A4.e.7473"},{"block":"start","inline":"nearest"}]}
COMMAND: POST /session/85bc92a044d2dfb856863d13adac7a7e/execute/async - {"script":"<script> [1562 bytes]","args":[{"selector":{"id":"application-manageresources-display-component---newResourceUnit--btnAddTimeSegment","interaction":{"idSuffix":"inner"}},"wdio_ui5_key":"applicationmanageresources-display-component---newResourceUnit--btnAddTimeSegment"}]}
COMMAND: GET /session/85bc92a044d2dfb856863d13adac7a7e/screenshot - {}
RESULT: {"script":"<script> [1562 bytes]","args":[{"selector":{"id":"application-manageresources-display-component---newResourceUnit--btnAddTimeSegment","interaction":{"idSuffix":"inner"}},"wdio_ui5_key":"applicationmanageresources-display-component---newResourceUnit--btnAddTimeSegment"}]}
RESULT: undefined
COMMAND: POST /session/85bc92a044d2dfb856863d13adac7a7e/element - {"using":"xpath","value":"//*[@id=\"application-manageresources-display-component---newResourceUnit--btnAddTimeSegment\"]"}
RESULT: {}
RESULT: {"using":"xpath","value":"//*[@id=\"application-manageresources-display-component---newResourceUnit--btnAddTimeSegment\"]"}
COMMAND: POST /session/85bc92a044d2dfb856863d13adac7a7e/element/f.B14EA88AD92014BD4F4EDEC3100164B7.d.7BE0F2A167F305A56CC98C078C5594A4.e.7473/click - {}
RESULT: {}
COMMAND: GET /session/85bc92a044d2dfb856863d13adac7a7e/screenshot - {}
RESULT: {}
COMMAND: POST /session/85bc92a044d2dfb856863d13adac7a7e/element - {"using":"xpath","value":"//input[@id=\"application-manageresources-display-component---newResourceUnit--idRuTSAdmin-application-manageresources-display-component---newResourceUnit--RUTimeSegment-0-inner\"]"}
RESULT: {"using":"xpath","value":"//input[@id=\"application-manageresources-display-component---newResourceUnit--idRuTSAdmin-application-manageresources-display-component---newResourceUnit--RUTimeSegment-0-inner\"]"}
COMMAND: POST /session/85bc92a044d2dfb856863d13adac7a7e/element/f.B14EA88AD92014BD4F4EDEC3100164B7.d.7BE0F2A167F305A56CC98C078C5594A4.e.7479/clear - {}
RESULT: {}
COMMAND: POST /session/85bc92a044d2dfb856863d13adac7a7e/element/f.B14EA88AD92014BD4F4EDEC3100164B7.d.7BE0F2A167F305A56CC98C078C5594A4.e.7479/value - {"text":"631"}
COMMAND: GET /session/85bc92a044d2dfb856863d13adac7a7e/screenshot - {}
RESULT: {"text":"631"}
COMMAND: GET /session/85bc92a044d2dfb856863d13adac7a7e/screenshot - {}
RESULT: {}
RESULT: {}
COMMAND: POST /session/85bc92a044d2dfb856863d13adac7a7e/element - {"using":"xpath","value":"//li[.//span[text()='631']]"}
RESULT: {"using":"xpath","value":"//li[.//span[text()='631']]"}
COMMAND: POST /session/85bc92a044d2dfb856863d13adac7a7e/element/f.B14EA88AD92014BD4F4EDEC3100164B7.d.7BE0F2A167F305A56CC98C078C5594A4.e.7491/click - {}
RESULT: {}
COMMAND: GET /session/85bc92a044d2dfb856863d13adac7a7e/screenshot - {}
RESULT: {}
COMMAND: POST /session/85bc92a044d2dfb856863d13adac7a7e/element - {"using":"xpath","value":"(//span[contains(@id, \"-application-manageresources-display-component---newResourceUnit--RUTimeSegment-0-arrow\")])[6]"}
RESULT: {"using":"xpath","value":"(//span[contains(@id, \"-application-manageresources-display-component---newResourceUnit--RUTimeSegment-0-arrow\")])[6]"}
COMMAND: POST /session/85bc92a044d2dfb856863d13adac7a7e/element/f.B14EA88AD92014BD4F4EDEC3100164B7.d.7BE0F2A167F305A56CC98C078C5594A4.e.7492/click - {}
RESULT: {}
COMMAND: GET /session/85bc92a044d2dfb856863d13adac7a7e/screenshot - {}
RESULT: {}
COMMAND: POST /session/85bc92a044d2dfb856863d13adac7a7e/element - {"using":"xpath","value":"//span[contains(text(), \"PM Order\")]"}
RESULT: {"using":"xpath","value":"//span[contains(text(), \"PM Order\")]"}
COMMAND: POST /session/85bc92a044d2dfb856863d13adac7a7e/element/f.B14EA88AD92014BD4F4EDEC3100164B7.d.7BE0F2A167F305A56CC98C078C5594A4.e.7495/click - {}
RESULT: {}
COMMAND: GET /session/85bc92a044d2dfb856863d13adac7a7e/screenshot - {}
RESULT: {}
COMMAND: POST /session/85bc92a044d2dfb856863d13adac7a7e/element - {"using":"xpath","value":"(//span[contains(@id ,\"manageresources-display-component---newResourceUnit--RUTimeSegment-0-vhi\")])[1]"}
RESULT: {"using":"xpath","value":"(//span[contains(@id ,\"manageresources-display-component---newResourceUnit--RUTimeSegment-0-vhi\")])[1]"}
COMMAND: GET /session/85bc92a044d2dfb856863d13adac7a7e/element/f.B14EA88AD92014BD4F4EDEC3100164B7.d.7BE0F2A167F305A56CC98C078C5594A4.e.7499/rect - {}
RESULT: {}
COMMAND: GET /session/85bc92a044d2dfb856863d13adac7a7e/window/rect - {}
RESULT: {}
COMMAND: POST /session/85bc92a044d2dfb856863d13adac7a7e/execute/sync - {"script":"<script> [92 bytes]","args":[]}
RESULT: {"script":"<script> [92 bytes]","args":[]}
COMMAND: POST /session/85bc92a044d2dfb856863d13adac7a7e/actions - {"actions":[{"id":"action27","type":"wheel","parameters":{},"actions":[{"type":"scroll","x":-869,"y":-24,"deltaX":0,"deltaY":0,"duration":0,"origin":{"element-6066-11e4-a52e-4f735466cecf":"f.B14EA88AD92014BD4F4EDEC3100164B7.d.7BE0F2A167F305A56CC98C078C5594A4.e.7499"}}]}]}
COMMAND: GET /session/85bc92a044d2dfb856863d13adac7a7e/screenshot - {}
RESULT: {"actions":[{"id":"action27","type":"wheel","parameters":{},"actions":[{"type":"scroll","x":-869,"y":-24,"deltaX":0,"deltaY":0,"duration":0,"origin":{"element-6066-11e4-a52e-4f735466cecf":"f.B14EA88AD92014BD4F4EDEC3100164B7.d.7BE0F2A167F305A56CC98C078C5594A4.e.7499"}}]}]}
COMMAND: DELETE /session/85bc92a044d2dfb856863d13adac7a7e/actions - {}
COMMAND: GET /session/85bc92a044d2dfb856863d13adac7a7e/screenshot - {}
RESULT: {}
RESULT: {}
COMMAND: GET /session/85bc92a044d2dfb856863d13adac7a7e/screenshot - {}
RESULT: {}
RESULT: {}
COMMAND: POST /session/85bc92a044d2dfb856863d13adac7a7e/element/f.B14EA88AD92014BD4F4EDEC3100164B7.d.7BE0F2A167F305A56CC98C078C5594A4.e.7499/click - {}
RESULT: {}
COMMAND: GET /session/85bc92a044d2dfb856863d13adac7a7e/screenshot - {}
RESULT: {}
RESULT: undefined
COMMAND: POST /session/85bc92a044d2dfb856863d13adac7a7e/execute/async - {"script":"<script> [776 bytes]","args":[{"enterText":"4000360","selector":{"controlType":"sap.m.SearchField","properties":{"placeholder":"Search"},"searchOpenDialogs":true,"interaction":{"idSuffix":"I"}},"clearTextFirst":true,"interactionType":"ENTER_TEXT"}]}
RESULT: {"script":"<script> [776 bytes]","args":[{"enterText":"4000360","selector":{"controlType":"sap.m.SearchField","properties":{"placeholder":"Search"},"searchOpenDialogs":true,"interaction":{"idSuffix":"I"}},"clearTextFirst":true,"interactionType":"ENTER_TEXT"}]}
COMMAND: POST /session/85bc92a044d2dfb856863d13adac7a7e/actions - {"actions":[{"id":"action28","type":"key","parameters":{},"actions":[{"type":"keyDown","value":"î€‡"},{"type":"pause","duration":10},{"type":"keyUp","value":"î€‡"}]}]}
RESULT: {"actions":[{"id":"action28","type":"key","parameters":{},"actions":[{"type":"keyDown","value":"î€‡"},{"type":"pause","duration":10},{"type":"keyUp","value":"î€‡"}]}]}
COMMAND: GET /session/85bc92a044d2dfb856863d13adac7a7e/screenshot - {}
RESULT: {}
COMMAND: POST /session/85bc92a044d2dfb856863d13adac7a7e/element - {"using":"xpath","value":"//td/div/span[contains(text(), \"BGL Vehicles\")]"}
RESULT: {"using":"xpath","value":"//td/div/span[contains(text(), \"BGL Vehicles\")]"}
COMMAND: POST /session/85bc92a044d2dfb856863d13adac7a7e/element/f.B14EA88AD92014BD4F4EDEC3100164B7.d.7BE0F2A167F305A56CC98C078C5594A4.e.7518/click - {}
RESULT: {}
COMMAND: GET /session/85bc92a044d2dfb856863d13adac7a7e/screenshot - {}
RESULT: {}
COMMAND: POST /session/85bc92a044d2dfb856863d13adac7a7e/element - {"using":"xpath","value":"//bdi[contains(text(), \"OK\")]"}
RESULT: {"using":"xpath","value":"//bdi[contains(text(), \"OK\")]"}
COMMAND: POST /session/85bc92a044d2dfb856863d13adac7a7e/element/f.B14EA88AD92014BD4F4EDEC3100164B7.d.7BE0F2A167F305A56CC98C078C5594A4.e.7519/click - {}
RESULT: {}
COMMAND: GET /session/85bc92a044d2dfb856863d13adac7a7e/screenshot - {}
RESULT: {}
COMMAND: POST /session/85bc92a044d2dfb856863d13adac7a7e/execute/async - {"script":"<script> [1562 bytes]","args":[{"selector":{"id":"application-manageresources-display-component---newResourceUnit--newRRUPage-anchBar-application-manageresources-display-component---newResourceUnit--resource-anchor","interaction":{"idSuffix":"BDI-content"}},"wdio_ui5_key":"applicationmanageresources-display-component---newResourceUnit--newRRUPage-anchBar-application-manageresources-display-component---newResourceUnit--resource-anchor"}]}
RESULT: {"script":"<script> [1562 bytes]","args":[{"selector":{"id":"application-manageresources-display-component---newResourceUnit--newRRUPage-anchBar-application-manageresources-display-component---newResourceUnit--resource-anchor","interaction":{"idSuffix":"BDI-content"}},"wdio_ui5_key":"applicationmanageresources-display-component---newResourceUnit--newRRUPage-anchBar-application-manageresources-display-component---newResourceUnit--resource-anchor"}]}
RESULT: undefined
COMMAND: POST /session/85bc92a044d2dfb856863d13adac7a7e/element - {"using":"xpath","value":"//*[@id=\"application-manageresources-display-component---newResourceUnit--newRRUPage-anchBar-application-manageresources-display-component---newResourceUnit--resource-anchor\"]"}
RESULT: {"using":"xpath","value":"//*[@id=\"application-manageresources-display-component---newResourceUnit--newRRUPage-anchBar-application-manageresources-display-component---newResourceUnit--resource-anchor\"]"}
COMMAND: POST /session/85bc92a044d2dfb856863d13adac7a7e/element/f.B14EA88AD92014BD4F4EDEC3100164B7.d.7BE0F2A167F305A56CC98C078C5594A4.e.7523/click - {}
RESULT: {}
COMMAND: POST /session/85bc92a044d2dfb856863d13adac7a7e/execute/async - {"script":"<script> [1562 bytes]","args":[{"selector":{"id":"application-manageresources-display-component---newResourceUnit--PLANNED_DELIVERY_DATE","interaction":{"idSuffix":"inner"}},"wdio_ui5_key":"applicationmanageresources-display-component---newResourceUnit--PLANNED_DELIVERY_DATE"}]}
COMMAND: GET /session/85bc92a044d2dfb856863d13adac7a7e/screenshot - {}
RESULT: {"script":"<script> [1562 bytes]","args":[{"selector":{"id":"application-manageresources-display-component---newResourceUnit--PLANNED_DELIVERY_DATE","interaction":{"idSuffix":"inner"}},"wdio_ui5_key":"applicationmanageresources-display-component---newResourceUnit--PLANNED_DELIVERY_DATE"}]}
RESULT: undefined
COMMAND: POST /session/85bc92a044d2dfb856863d13adac7a7e/execute/async - {"script":"<script> [6424 bytes]","args":[{"element-6066-11e4-a52e-4f735466cecf":"f.B14EA88AD92014BD4F4EDEC3100164B7.d.7BE0F2A167F305A56CC98C078C5594A4.e.7355"},"setValue",["6/4/25"]]}
RESULT: {}
RESULT: {"script":"<script> [6424 bytes]","args":[{"element-6066-11e4-a52e-4f735466cecf":"f.B14EA88AD92014BD4F4EDEC3100164B7.d.7BE0F2A167F305A56CC98C078C5594A4.e.7355"},"setValue",["6/4/25"]]}
COMMAND: POST /session/85bc92a044d2dfb856863d13adac7a7e/element - {"using":"xpath","value":"//label[contains(@class, 'sapMLabelRequired') and .//bdi[contains(text(), 'Planned Retirement')]]"}
RESULT: {"using":"xpath","value":"//label[contains(@class, 'sapMLabelRequired') and .//bdi[contains(text(), 'Planned Retirement')]]"}
COMMAND: POST /session/85bc92a044d2dfb856863d13adac7a7e/elements - {"using":"xpath","value":"//label[contains(@class, 'sapMLabelRequired') and .//bdi[contains(text(), 'Planned Retirement')]]"}
RESULT: {"using":"xpath","value":"//label[contains(@class, 'sapMLabelRequired') and .//bdi[contains(text(), 'Planned Retirement')]]"}
COMMAND: POST /session/85bc92a044d2dfb856863d13adac7a7e/element - {"using":"xpath","value":"//button[@data-kt=\"resourceUnitSaveButton\"]"}
RESULT: {"using":"xpath","value":"//button[@data-kt=\"resourceUnitSaveButton\"]"}
COMMAND: POST /session/85bc92a044d2dfb856863d13adac7a7e/element/f.B14EA88AD92014BD4F4EDEC3100164B7.d.7BE0F2A167F305A56CC98C078C5594A4.e.7315/click - {}
RESULT: {}
COMMAND: GET /session/85bc92a044d2dfb856863d13adac7a7e/screenshot - {}
RESULT: {}
COMMAND: POST /session/85bc92a044d2dfb856863d13adac7a7e/element - {"using":"xpath","value":"//bdi[contains(text(), \"Close\")]"}
RESULT: {"using":"xpath","value":"//bdi[contains(text(), \"Close\")]"}
COMMAND: POST /session/85bc92a044d2dfb856863d13adac7a7e/element/f.B14EA88AD92014BD4F4EDEC3100164B7.d.7BE0F2A167F305A56CC98C078C5594A4.e.7531/click - {}
RESULT: {}
COMMAND: GET /session/85bc92a044d2dfb856863d13adac7a7e/screenshot - {}
RESULT: {}
COMMAND: POST /session/85bc92a044d2dfb856863d13adac7a7e/element - {"using":"xpath","value":"//bdi[contains(text(), \"Edit\")]"}
RESULT: {"using":"xpath","value":"//bdi[contains(text(), \"Edit\")]"}
COMMAND: POST /session/85bc92a044d2dfb856863d13adac7a7e/execute/sync - {"script":"<script> [8489 bytes]","args":[{"element-6066-11e4-a52e-4f735466cecf":"f.B14EA88AD92014BD4F4EDEC3100164B7.d.7BE0F2A167F305A56CC98C078C5594A4.e.7596","ELEMENT":"f.B14EA88AD92014BD4F4EDEC3100164B7.d.7BE0F2A167F305A56CC98C078C5594A4.e.7596"}]}
RESULT: {"script":"<script> [8489 bytes]","args":[{"element-6066-11e4-a52e-4f735466cecf":"f.B14EA88AD92014BD4F4EDEC3100164B7.d.7BE0F2A167F305A56CC98C078C5594A4.e.7596","ELEMENT":"f.B14EA88AD92014BD4F4EDEC3100164B7.d.7BE0F2A167F305A56CC98C078C5594A4.e.7596"}]}
COMMAND: POST /session/85bc92a044d2dfb856863d13adac7a7e/element/f.B14EA88AD92014BD4F4EDEC3100164B7.d.7BE0F2A167F305A56CC98C078C5594A4.e.7596/click - {}
COMMAND: GET /session/85bc92a044d2dfb856863d13adac7a7e/screenshot - {}
RESULT: {}
COMMAND: GET /session/85bc92a044d2dfb856863d13adac7a7e/screenshot - {}
RESULT: {}
COMMAND: POST /session/85bc92a044d2dfb856863d13adac7a7e/execute/async - {"script":"<script> [1562 bytes]","args":[{"selector":{"id":"application-manageresources-display-component---editResource--editRruPage-anchBar-application-manageresources-display-component---editResource--counters-anchor","interaction":{"idSuffix":"BDI-content"}},"wdio_ui5_key":"applicationmanageresources-display-component---editResource--editRruPage-anchBar-application-manageresources-display-component---editResource--counters-anchor"}]}
RESULT: {}
RESULT: {"script":"<script> [1562 bytes]","args":[{"selector":{"id":"application-manageresources-display-component---editResource--editRruPage-anchBar-application-manageresources-display-component---editResource--counters-anchor","interaction":{"idSuffix":"BDI-content"}},"wdio_ui5_key":"applicationmanageresources-display-component---editResource--editRruPage-anchBar-application-manageresources-display-component---editResource--counters-anchor"}]}
RESULT: undefined
COMMAND: POST /session/85bc92a044d2dfb856863d13adac7a7e/element - {"using":"xpath","value":"//*[@id=\"application-manageresources-display-component---editResource--editRruPage-anchBar-application-manageresources-display-component---editResource--counters-anchor\"]"}
RESULT: {"using":"xpath","value":"//*[@id=\"application-manageresources-display-component---editResource--editRruPage-anchBar-application-manageresources-display-component---editResource--counters-anchor\"]"}
COMMAND: POST /session/85bc92a044d2dfb856863d13adac7a7e/element/f.B14EA88AD92014BD4F4EDEC3100164B7.d.7BE0F2A167F305A56CC98C078C5594A4.e.7744/click - {}
RESULT: {}
COMMAND: GET /session/85bc92a044d2dfb856863d13adac7a7e/screenshot - {}
RESULT: {}
COMMAND: POST /session/85bc92a044d2dfb856863d13adac7a7e/execute/async - {"script":"<script> [1562 bytes]","args":[{"selector":{"id":"application-manageresources-display-component---editResource--btnAddCounter-img"},"wdio_ui5_key":"applicationmanageresources-display-component---editResource--btnAddCounter-img"}]}
RESULT: {"script":"<script> [1562 bytes]","args":[{"selector":{"id":"application-manageresources-display-component---editResource--btnAddCounter-img"},"wdio_ui5_key":"applicationmanageresources-display-component---editResource--btnAddCounter-img"}]}
RESULT: undefined
COMMAND: POST /session/85bc92a044d2dfb856863d13adac7a7e/element - {"using":"xpath","value":"//*[@id=\"application-manageresources-display-component---editResource--btnAddCounter-img\"]"}
RESULT: {"using":"xpath","value":"//*[@id=\"application-manageresources-display-component---editResource--btnAddCounter-img\"]"}
COMMAND: POST /session/85bc92a044d2dfb856863d13adac7a7e/element/f.B14EA88AD92014BD4F4EDEC3100164B7.d.7BE0F2A167F305A56CC98C078C5594A4.e.7749/click - {}
RESULT: {}
COMMAND: POST /session/85bc92a044d2dfb856863d13adac7a7e/execute/async - {"script":"<script> [1562 bytes]","args":[{"selector":{"id":"application-manageresources-display-component---editResource--COUNTER_ID-application-manageresources-display-component---editResource--RUCounters-0-arrow"},"wdio_ui5_key":"applicationmanageresources-display-component---editResource--COUNTER_ID-application-manageresources-display-component---editResource--RUCounters-0-arrow"}]}
COMMAND: GET /session/85bc92a044d2dfb856863d13adac7a7e/screenshot - {}
RESULT: {"script":"<script> [1562 bytes]","args":[{"selector":{"id":"application-manageresources-display-component---editResource--COUNTER_ID-application-manageresources-display-component---editResource--RUCounters-0-arrow"},"wdio_ui5_key":"applicationmanageresources-display-component---editResource--COUNTER_ID-application-manageresources-display-component---editResource--RUCounters-0-arrow"}]}
RESULT: undefined
COMMAND: POST /session/85bc92a044d2dfb856863d13adac7a7e/element - {"using":"xpath","value":"//*[@id=\"application-manageresources-display-component---editResource--COUNTER_ID-application-manageresources-display-component---editResource--RUCounters-0-arrow\"]"}
RESULT: {}
RESULT: {"using":"xpath","value":"//*[@id=\"application-manageresources-display-component---editResource--COUNTER_ID-application-manageresources-display-component---editResource--RUCounters-0-arrow\"]"}
COMMAND: POST /session/85bc92a044d2dfb856863d13adac7a7e/element/f.B14EA88AD92014BD4F4EDEC3100164B7.d.7BE0F2A167F305A56CC98C078C5594A4.e.7754/click - {}
RESULT: {}
COMMAND: POST /session/85bc92a044d2dfb856863d13adac7a7e/execute/async - {"script":"<script> [1562 bytes]","args":[{"selector":{"controlType":"sap.m.StandardListItem","viewName":"etm.portal.ui.manageresources.view.EditResource","viewId":"application-manageresources-display-component---editResource","properties":{"title":"fuel"},"searchOpenDialogs":true,"interaction":{"idSuffix":"content"}},"wdio_ui5_key":"etmportal.ui.manageresources.view.EditResourcesap.m.StandardListItem{\"title\":\"fuel\"}"}]}
COMMAND: GET /session/85bc92a044d2dfb856863d13adac7a7e/screenshot - {}
RESULT: {"script":"<script> [1562 bytes]","args":[{"selector":{"controlType":"sap.m.StandardListItem","viewName":"etm.portal.ui.manageresources.view.EditResource","viewId":"application-manageresources-display-component---editResource","properties":{"title":"fuel"},"searchOpenDialogs":true,"interaction":{"idSuffix":"content"}},"wdio_ui5_key":"etmportal.ui.manageresources.view.EditResourcesap.m.StandardListItem{\"title\":\"fuel\"}"}]}
RESULT: undefined
COMMAND: POST /session/85bc92a044d2dfb856863d13adac7a7e/element - {"using":"xpath","value":"//*[@id=\"__item2847\"]"}
RESULT: {}
RESULT: {"using":"xpath","value":"//*[@id=\"__item2847\"]"}
COMMAND: POST /session/85bc92a044d2dfb856863d13adac7a7e/element/f.B14EA88AD92014BD4F4EDEC3100164B7.d.7BE0F2A167F305A56CC98C078C5594A4.e.7756/click - {}
RESULT: {}
COMMAND: GET /session/85bc92a044d2dfb856863d13adac7a7e/screenshot - {}
RESULT: {}
COMMAND: POST /session/85bc92a044d2dfb856863d13adac7a7e/element - {"using":"xpath","value":"//button[@data-kt=\"saveButton\"]"}
RESULT: {"using":"xpath","value":"//button[@data-kt=\"saveButton\"]"}
COMMAND: POST /session/85bc92a044d2dfb856863d13adac7a7e/element/f.B14EA88AD92014BD4F4EDEC3100164B7.d.7BE0F2A167F305A56CC98C078C5594A4.e.7757/click - {}
RESULT: {}
COMMAND: GET /session/85bc92a044d2dfb856863d13adac7a7e/screenshot - {}
RESULT: {}
COMMAND: POST /session/85bc92a044d2dfb856863d13adac7a7e/element - {"using":"xpath","value":"(//button[contains(@id ,\"actionsToolbar-overflowButton\")])[1]"}
RESULT: {"using":"xpath","value":"(//button[contains(@id ,\"actionsToolbar-overflowButton\")])[1]"}
COMMAND: POST /session/85bc92a044d2dfb856863d13adac7a7e/element/f.B14EA88AD92014BD4F4EDEC3100164B7.d.7BE0F2A167F305A56CC98C078C5594A4.e.7770/click - {}
RESULT: {}
COMMAND: GET /session/85bc92a044d2dfb856863d13adac7a7e/screenshot - {}
RESULT: {}
COMMAND: POST /session/85bc92a044d2dfb856863d13adac7a7e/element - {"using":"xpath","value":"//button[@data-kt=\"priceInfoButton\"]"}
RESULT: {"using":"xpath","value":"//button[@data-kt=\"priceInfoButton\"]"}
COMMAND: POST /session/85bc92a044d2dfb856863d13adac7a7e/element/f.B14EA88AD92014BD4F4EDEC3100164B7.d.7BE0F2A167F305A56CC98C078C5594A4.e.7772/click - {}
RESULT: {}
COMMAND: GET /session/85bc92a044d2dfb856863d13adac7a7e/screenshot - {}
]]></system-out>
    </testcase>
    <testcase classname="chrome.136_0_7103_93.windows.Create_master_data_for_mixed_billing_&amp;_do_billing_calculation_US151661" name="Should create a TB pricing procedure" time="51.768">
      <system-out><![CDATA[
COMMAND: POST /session/85bc92a044d2dfb856863d13adac7a7e/element - {"using":"xpath","value":"//button[@data-kt=\"addButton\"]"}
RESULT: {}
RESULT: {"using":"xpath","value":"//button[@data-kt=\"addButton\"]"}
COMMAND: POST /session/85bc92a044d2dfb856863d13adac7a7e/elements - {"using":"xpath","value":"//button[@data-kt=\"addButton\"]"}
RESULT: {"using":"xpath","value":"//button[@data-kt=\"addButton\"]"}
COMMAND: POST /session/85bc92a044d2dfb856863d13adac7a7e/execute/sync - {"script":"<script> [8489 bytes]","args":[{"element-6066-11e4-a52e-4f735466cecf":"f.B14EA88AD92014BD4F4EDEC3100164B7.d.7BE0F2A167F305A56CC98C078C5594A4.e.7808","ELEMENT":"f.B14EA88AD92014BD4F4EDEC3100164B7.d.7BE0F2A167F305A56CC98C078C5594A4.e.7808"}]}
RESULT: {"script":"<script> [8489 bytes]","args":[{"element-6066-11e4-a52e-4f735466cecf":"f.B14EA88AD92014BD4F4EDEC3100164B7.d.7BE0F2A167F305A56CC98C078C5594A4.e.7808","ELEMENT":"f.B14EA88AD92014BD4F4EDEC3100164B7.d.7BE0F2A167F305A56CC98C078C5594A4.e.7808"}]}
COMMAND: GET /session/85bc92a044d2dfb856863d13adac7a7e/element/f.B14EA88AD92014BD4F4EDEC3100164B7.d.7BE0F2A167F305A56CC98C078C5594A4.e.7808/enabled - {}
COMMAND: GET /session/85bc92a044d2dfb856863d13adac7a7e/screenshot - {}
RESULT: {}
COMMAND: POST /session/85bc92a044d2dfb856863d13adac7a7e/execute/sync - {"script":"<script> [8489 bytes]","args":[{"element-6066-11e4-a52e-4f735466cecf":"f.B14EA88AD92014BD4F4EDEC3100164B7.d.7BE0F2A167F305A56CC98C078C5594A4.e.7808","ELEMENT":"f.B14EA88AD92014BD4F4EDEC3100164B7.d.7BE0F2A167F305A56CC98C078C5594A4.e.7808"}]}
COMMAND: GET /session/85bc92a044d2dfb856863d13adac7a7e/screenshot - {}
RESULT: {}
RESULT: {"script":"<script> [8489 bytes]","args":[{"element-6066-11e4-a52e-4f735466cecf":"f.B14EA88AD92014BD4F4EDEC3100164B7.d.7BE0F2A167F305A56CC98C078C5594A4.e.7808","ELEMENT":"f.B14EA88AD92014BD4F4EDEC3100164B7.d.7BE0F2A167F305A56CC98C078C5594A4.e.7808"}]}
COMMAND: POST /session/85bc92a044d2dfb856863d13adac7a7e/execute/sync - {"script":"<script> [5351 bytes]","args":[{"element-6066-11e4-a52e-4f735466cecf":"f.B14EA88AD92014BD4F4EDEC3100164B7.d.7BE0F2A167F305A56CC98C078C5594A4.e.7808","ELEMENT":"f.B14EA88AD92014BD4F4EDEC3100164B7.d.7BE0F2A167F305A56CC98C078C5594A4.e.7808"}]}
COMMAND: GET /session/85bc92a044d2dfb856863d13adac7a7e/screenshot - {}
RESULT: {}
RESULT: {"script":"<script> [5351 bytes]","args":[{"element-6066-11e4-a52e-4f735466cecf":"f.B14EA88AD92014BD4F4EDEC3100164B7.d.7BE0F2A167F305A56CC98C078C5594A4.e.7808","ELEMENT":"f.B14EA88AD92014BD4F4EDEC3100164B7.d.7BE0F2A167F305A56CC98C078C5594A4.e.7808"}]}
COMMAND: POST /session/85bc92a044d2dfb856863d13adac7a7e/element/f.B14EA88AD92014BD4F4EDEC3100164B7.d.7BE0F2A167F305A56CC98C078C5594A4.e.7808/click - {}
COMMAND: GET /session/85bc92a044d2dfb856863d13adac7a7e/screenshot - {}
RESULT: {}
RESULT: {}
COMMAND: GET /session/85bc92a044d2dfb856863d13adac7a7e/screenshot - {}
RESULT: {}
RESULT: {}
COMMAND: POST /session/85bc92a044d2dfb856863d13adac7a7e/execute/async - {"script":"<script> [1562 bytes]","args":[{"selector":{"controlType":"sap.m.Title","viewName":"etm.portal.ui.managepricingrules.view.NewItem","viewId":"application-managepricingrules-display-component---newInfoPriceItem","properties":{"text":"New Pricing Rules - Item Level"}},"wdio_ui5_key":"etmportal.ui.managepricingrules.view.NewItemsap.m.Title{\"text\":\"New Pricing Rules - Item Level\"}"}]}
RESULT: {"script":"<script> [1562 bytes]","args":[{"selector":{"controlType":"sap.m.Title","viewName":"etm.portal.ui.managepricingrules.view.NewItem","viewId":"application-managepricingrules-display-component---newInfoPriceItem","properties":{"text":"New Pricing Rules - Item Level"}},"wdio_ui5_key":"etmportal.ui.managepricingrules.view.NewItemsap.m.Title{\"text\":\"New Pricing Rules - Item Level\"}"}]}
RESULT: undefined
COMMAND: POST /session/85bc92a044d2dfb856863d13adac7a7e/execute/async - {"script":"<script> [6424 bytes]","args":[{"element-6066-11e4-a52e-4f735466cecf":"f.B14EA88AD92014BD4F4EDEC3100164B7.d.7BE0F2A167F305A56CC98C078C5594A4.e.7979"},"getText",[]]}
RESULT: {"script":"<script> [6424 bytes]","args":[{"element-6066-11e4-a52e-4f735466cecf":"f.B14EA88AD92014BD4F4EDEC3100164B7.d.7BE0F2A167F305A56CC98C078C5594A4.e.7979"},"getText",[]]}
COMMAND: POST /session/85bc92a044d2dfb856863d13adac7a7e/execute/async - {"script":"<script> [1562 bytes]","args":[{"selector":{"id":"application-managepricingrules-display-component---newInfoPriceItem--condValidTo","interaction":{"idSuffix":"inner"}},"wdio_ui5_key":"applicationmanagepricingrules-display-component---newInfoPriceItem--condValidTo"}]}
RESULT: {"script":"<script> [1562 bytes]","args":[{"selector":{"id":"application-managepricingrules-display-component---newInfoPriceItem--condValidTo","interaction":{"idSuffix":"inner"}},"wdio_ui5_key":"applicationmanagepricingrules-display-component---newInfoPriceItem--condValidTo"}]}
RESULT: undefined
COMMAND: POST /session/85bc92a044d2dfb856863d13adac7a7e/execute/async - {"script":"<script> [776 bytes]","args":[{"enterText":"2/4/26","selector":{"id":"application-managepricingrules-display-component---newInfoPriceItem--condValidTo","interaction":{"idSuffix":"inner"}},"clearTextFirst":true,"interactionType":"ENTER_TEXT"}]}
RESULT: {"script":"<script> [776 bytes]","args":[{"enterText":"2/4/26","selector":{"id":"application-managepricingrules-display-component---newInfoPriceItem--condValidTo","interaction":{"idSuffix":"inner"}},"clearTextFirst":true,"interactionType":"ENTER_TEXT"}]}
COMMAND: POST /session/85bc92a044d2dfb856863d13adac7a7e/execute/async - {"script":"<script> [1562 bytes]","args":[{"selector":{"id":"application-managepricingrules-display-component---newInfoPriceItem--billType-arrow"},"wdio_ui5_key":"applicationmanagepricingrules-display-component---newInfoPriceItem--billType-arrow"}]}
RESULT: {"script":"<script> [1562 bytes]","args":[{"selector":{"id":"application-managepricingrules-display-component---newInfoPriceItem--billType-arrow"},"wdio_ui5_key":"applicationmanagepricingrules-display-component---newInfoPriceItem--billType-arrow"}]}
RESULT: undefined
COMMAND: POST /session/85bc92a044d2dfb856863d13adac7a7e/element - {"using":"xpath","value":"//*[@id=\"application-managepricingrules-display-component---newInfoPriceItem--billType-arrow\"]"}
RESULT: {"using":"xpath","value":"//*[@id=\"application-managepricingrules-display-component---newInfoPriceItem--billType-arrow\"]"}
COMMAND: POST /session/85bc92a044d2dfb856863d13adac7a7e/element/f.B14EA88AD92014BD4F4EDEC3100164B7.d.7BE0F2A167F305A56CC98C078C5594A4.e.7937/click - {}
RESULT: {}
COMMAND: POST /session/85bc92a044d2dfb856863d13adac7a7e/element - {"using":"xpath","value":"//span[contains(text(), \"TB - Time based\")]"}
COMMAND: GET /session/85bc92a044d2dfb856863d13adac7a7e/screenshot - {}
RESULT: {"using":"xpath","value":"//span[contains(text(), \"TB - Time based\")]"}
COMMAND: POST /session/85bc92a044d2dfb856863d13adac7a7e/element/f.B14EA88AD92014BD4F4EDEC3100164B7.d.7BE0F2A167F305A56CC98C078C5594A4.e.7981/click - {}
RESULT: {}
RESULT: {}
COMMAND: POST /session/85bc92a044d2dfb856863d13adac7a7e/execute/async - {"script":"<script> [1562 bytes]","args":[{"selector":{"id":"application-managepricingrules-display-component---newInfoPriceItem--priceProc-arrow"},"wdio_ui5_key":"applicationmanagepricingrules-display-component---newInfoPriceItem--priceProc-arrow"}]}
COMMAND: GET /session/85bc92a044d2dfb856863d13adac7a7e/screenshot - {}
RESULT: {"script":"<script> [1562 bytes]","args":[{"selector":{"id":"application-managepricingrules-display-component---newInfoPriceItem--priceProc-arrow"},"wdio_ui5_key":"applicationmanagepricingrules-display-component---newInfoPriceItem--priceProc-arrow"}]}
RESULT: undefined
COMMAND: POST /session/85bc92a044d2dfb856863d13adac7a7e/element - {"using":"xpath","value":"//*[@id=\"application-managepricingrules-display-component---newInfoPriceItem--priceProc-arrow\"]"}
RESULT: {}
RESULT: {"using":"xpath","value":"//*[@id=\"application-managepricingrules-display-component---newInfoPriceItem--priceProc-arrow\"]"}
COMMAND: POST /session/85bc92a044d2dfb856863d13adac7a7e/element/f.B14EA88AD92014BD4F4EDEC3100164B7.d.7BE0F2A167F305A56CC98C078C5594A4.e.7944/click - {}
RESULT: {}
COMMAND: POST /session/85bc92a044d2dfb856863d13adac7a7e/element - {"using":"xpath","value":"//span[contains(text(), \"TB - Time based BGL\")]"}
COMMAND: GET /session/85bc92a044d2dfb856863d13adac7a7e/screenshot - {}
RESULT: {"using":"xpath","value":"//span[contains(text(), \"TB - Time based BGL\")]"}
COMMAND: POST /session/85bc92a044d2dfb856863d13adac7a7e/element/f.B14EA88AD92014BD4F4EDEC3100164B7.d.7BE0F2A167F305A56CC98C078C5594A4.e.7982/click - {}
RESULT: {}
RESULT: {}
COMMAND: POST /session/85bc92a044d2dfb856863d13adac7a7e/execute/async - {"script":"<script> [1562 bytes]","args":[{"selector":{"id":"application-managepricingrules-display-component---newInfoPriceItem--calcBase-arrow"},"wdio_ui5_key":"applicationmanagepricingrules-display-component---newInfoPriceItem--calcBase-arrow"}]}
COMMAND: GET /session/85bc92a044d2dfb856863d13adac7a7e/screenshot - {}
RESULT: {"script":"<script> [1562 bytes]","args":[{"selector":{"id":"application-managepricingrules-display-component---newInfoPriceItem--calcBase-arrow"},"wdio_ui5_key":"applicationmanagepricingrules-display-component---newInfoPriceItem--calcBase-arrow"}]}
RESULT: undefined
COMMAND: POST /session/85bc92a044d2dfb856863d13adac7a7e/element - {"using":"xpath","value":"//*[@id=\"application-managepricingrules-display-component---newInfoPriceItem--calcBase-arrow\"]"}
RESULT: {}
RESULT: {"using":"xpath","value":"//*[@id=\"application-managepricingrules-display-component---newInfoPriceItem--calcBase-arrow\"]"}
COMMAND: POST /session/85bc92a044d2dfb856863d13adac7a7e/element/f.B14EA88AD92014BD4F4EDEC3100164B7.d.7BE0F2A167F305A56CC98C078C5594A4.e.7951/click - {}
RESULT: {}
COMMAND: GET /session/85bc92a044d2dfb856863d13adac7a7e/screenshot - {}
RESULT: {}
COMMAND: POST /session/85bc92a044d2dfb856863d13adac7a7e/element - {"using":"xpath","value":"//span[contains(text(), \"0006 - TB(calendar days)\")]"}
RESULT: {"using":"xpath","value":"//span[contains(text(), \"0006 - TB(calendar days)\")]"}
COMMAND: POST /session/85bc92a044d2dfb856863d13adac7a7e/element/f.B14EA88AD92014BD4F4EDEC3100164B7.d.7BE0F2A167F305A56CC98C078C5594A4.e.7983/click - {}
RESULT: {}
COMMAND: GET /session/85bc92a044d2dfb856863d13adac7a7e/screenshot - {}
RESULT: {}
COMMAND: POST /session/85bc92a044d2dfb856863d13adac7a7e/execute/async - {"script":"<script> [1562 bytes]","args":[{"selector":{"id":"application-managepricingrules-display-component---newInfoPriceItem--hoursMonth","interaction":{"idSuffix":"inner"}},"wdio_ui5_key":"applicationmanagepricingrules-display-component---newInfoPriceItem--hoursMonth"}]}
RESULT: {"script":"<script> [1562 bytes]","args":[{"selector":{"id":"application-managepricingrules-display-component---newInfoPriceItem--hoursMonth","interaction":{"idSuffix":"inner"}},"wdio_ui5_key":"applicationmanagepricingrules-display-component---newInfoPriceItem--hoursMonth"}]}
RESULT: undefined
COMMAND: POST /session/85bc92a044d2dfb856863d13adac7a7e/execute/async - {"script":"<script> [776 bytes]","args":[{"enterText":"160","selector":{"id":"application-managepricingrules-display-component---newInfoPriceItem--hoursMonth","interaction":{"idSuffix":"inner"}},"clearTextFirst":true,"interactionType":"ENTER_TEXT"}]}
RESULT: {"script":"<script> [776 bytes]","args":[{"enterText":"160","selector":{"id":"application-managepricingrules-display-component---newInfoPriceItem--hoursMonth","interaction":{"idSuffix":"inner"}},"clearTextFirst":true,"interactionType":"ENTER_TEXT"}]}
COMMAND: POST /session/85bc92a044d2dfb856863d13adac7a7e/execute/async - {"script":"<script> [1562 bytes]","args":[{"selector":{"id":"application-managepricingrules-display-component---newInfoPriceItem--daysMonth","interaction":{"idSuffix":"inner"}},"wdio_ui5_key":"applicationmanagepricingrules-display-component---newInfoPriceItem--daysMonth"}]}
RESULT: {"script":"<script> [1562 bytes]","args":[{"selector":{"id":"application-managepricingrules-display-component---newInfoPriceItem--daysMonth","interaction":{"idSuffix":"inner"}},"wdio_ui5_key":"applicationmanagepricingrules-display-component---newInfoPriceItem--daysMonth"}]}
RESULT: undefined
COMMAND: POST /session/85bc92a044d2dfb856863d13adac7a7e/execute/async - {"script":"<script> [776 bytes]","args":[{"enterText":"30","selector":{"id":"application-managepricingrules-display-component---newInfoPriceItem--daysMonth","interaction":{"idSuffix":"inner"}},"clearTextFirst":true,"interactionType":"ENTER_TEXT"}]}
RESULT: {"script":"<script> [776 bytes]","args":[{"enterText":"30","selector":{"id":"application-managepricingrules-display-component---newInfoPriceItem--daysMonth","interaction":{"idSuffix":"inner"}},"clearTextFirst":true,"interactionType":"ENTER_TEXT"}]}
COMMAND: POST /session/85bc92a044d2dfb856863d13adac7a7e/element - {"using":"xpath","value":"//button[@data-kt=\"saveNewRuleButton\"]"}
RESULT: {"using":"xpath","value":"//button[@data-kt=\"saveNewRuleButton\"]"}
COMMAND: POST /session/85bc92a044d2dfb856863d13adac7a7e/element/f.B14EA88AD92014BD4F4EDEC3100164B7.d.7BE0F2A167F305A56CC98C078C5594A4.e.7971/click - {}
RESULT: {}
COMMAND: GET /session/85bc92a044d2dfb856863d13adac7a7e/screenshot - {}
RESULT: {}
COMMAND: POST /session/85bc92a044d2dfb856863d13adac7a7e/execute/async - {"script":"<script> [1562 bytes]","args":[{"selector":{"id":"application-managepricingrules-display-component---priceInfoItem--smartFilterBar-btnBasicSearch","interaction":{"idSuffix":"I"}},"wdio_ui5_key":"applicationmanagepricingrules-display-component---priceInfoItem--smartFilterBar-btnBasicSearch"}]}
RESULT: {"script":"<script> [1562 bytes]","args":[{"selector":{"id":"application-managepricingrules-display-component---priceInfoItem--smartFilterBar-btnBasicSearch","interaction":{"idSuffix":"I"}},"wdio_ui5_key":"applicationmanagepricingrules-display-component---priceInfoItem--smartFilterBar-btnBasicSearch"}]}
RESULT: undefined
COMMAND: POST /session/85bc92a044d2dfb856863d13adac7a7e/execute/async - {"script":"<script> [776 bytes]","args":[{"enterText":"bseo7b6gPn","selector":{"id":"application-managepricingrules-display-component---priceInfoItem--smartFilterBar-btnBasicSearch","interaction":{"idSuffix":"I"}},"clearTextFirst":true,"interactionType":"ENTER_TEXT"}]}
RESULT: {"script":"<script> [776 bytes]","args":[{"enterText":"bseo7b6gPn","selector":{"id":"application-managepricingrules-display-component---priceInfoItem--smartFilterBar-btnBasicSearch","interaction":{"idSuffix":"I"}},"clearTextFirst":true,"interactionType":"ENTER_TEXT"}]}
COMMAND: POST /session/85bc92a044d2dfb856863d13adac7a7e/actions - {"actions":[{"id":"action29","type":"key","parameters":{},"actions":[{"type":"keyDown","value":"î€‡"},{"type":"pause","duration":10},{"type":"keyUp","value":"î€‡"}]}]}
RESULT: {"actions":[{"id":"action29","type":"key","parameters":{},"actions":[{"type":"keyDown","value":"î€‡"},{"type":"pause","duration":10},{"type":"keyUp","value":"î€‡"}]}]}
COMMAND: GET /session/85bc92a044d2dfb856863d13adac7a7e/screenshot - {}
RESULT: {}
COMMAND: POST /session/85bc92a044d2dfb856863d13adac7a7e/element - {"using":"xpath","value":"//span[@id=\"application-managepricingrules-display-component---priceInfoItem--smartTable-header-inner\"]"}
RESULT: {"using":"xpath","value":"//span[@id=\"application-managepricingrules-display-component---priceInfoItem--smartTable-header-inner\"]"}
COMMAND: POST /session/85bc92a044d2dfb856863d13adac7a7e/elements - {"using":"xpath","value":"//span[@id=\"application-managepricingrules-display-component---priceInfoItem--smartTable-header-inner\"]"}
RESULT: {"using":"xpath","value":"//span[@id=\"application-managepricingrules-display-component---priceInfoItem--smartTable-header-inner\"]"}
COMMAND: POST /session/85bc92a044d2dfb856863d13adac7a7e/execute/sync - {"script":"<script> [56 bytes]","args":[{"element-6066-11e4-a52e-4f735466cecf":"f.B14EA88AD92014BD4F4EDEC3100164B7.d.7BE0F2A167F305A56CC98C078C5594A4.e.8008","ELEMENT":"f.B14EA88AD92014BD4F4EDEC3100164B7.d.7BE0F2A167F305A56CC98C078C5594A4.e.8008"}]}
RESULT: {"script":"<script> [56 bytes]","args":[{"element-6066-11e4-a52e-4f735466cecf":"f.B14EA88AD92014BD4F4EDEC3100164B7.d.7BE0F2A167F305A56CC98C078C5594A4.e.8008","ELEMENT":"f.B14EA88AD92014BD4F4EDEC3100164B7.d.7BE0F2A167F305A56CC98C078C5594A4.e.8008"}]}
COMMAND: POST /session/85bc92a044d2dfb856863d13adac7a7e/element - {"using":"css selector","value":"#shell-header-logo"}
COMMAND: GET /session/85bc92a044d2dfb856863d13adac7a7e/screenshot - {}
RESULT: {"using":"css selector","value":"#shell-header-logo"}
COMMAND: POST /session/85bc92a044d2dfb856863d13adac7a7e/element/f.B14EA88AD92014BD4F4EDEC3100164B7.d.7BE0F2A167F305A56CC98C078C5594A4.e.6903/click - {}
RESULT: {}
RESULT: {}
COMMAND: GET /session/85bc92a044d2dfb856863d13adac7a7e/screenshot - {}
RESULT: {}
]]></system-out>
    </testcase>
    <testcase classname="chrome.136_0_7103_93.windows.Create_master_data_for_mixed_billing_&amp;_do_billing_calculation_US151661" name="Should add one time condition" time="65.117">
      <system-out><![CDATA[
COMMAND: POST /session/85bc92a044d2dfb856863d13adac7a7e/execute/async - {"script":"<script> [1562 bytes]","args":[{"selector":{"controlType":"sap.m.GenericTile","properties":{"header":"Manage Conditions & Prices"}},"wdio_ui5_key":"sapm.GenericTile{\"header\":\"Manage Conditions & Prices\"}"}]}
RESULT: {"script":"<script> [1562 bytes]","args":[{"selector":{"controlType":"sap.m.GenericTile","properties":{"header":"Manage Conditions & Prices"}},"wdio_ui5_key":"sapm.GenericTile{\"header\":\"Manage Conditions & Prices\"}"}]}
RESULT: undefined
COMMAND: POST /session/85bc92a044d2dfb856863d13adac7a7e/element - {"using":"xpath","value":"//*[@id=\"__tile53\"]"}
RESULT: {"using":"xpath","value":"//*[@id=\"__tile53\"]"}
COMMAND: POST /session/85bc92a044d2dfb856863d13adac7a7e/element/f.B14EA88AD92014BD4F4EDEC3100164B7.d.7BE0F2A167F305A56CC98C078C5594A4.e.4413/click - {}
RESULT: {}
COMMAND: GET /session/85bc92a044d2dfb856863d13adac7a7e/screenshot - {}
RESULT: {}
COMMAND: POST /session/85bc92a044d2dfb856863d13adac7a7e/elements - {"using":"xpath","value":"//span[text()='Error']"}
RESULT: {"using":"xpath","value":"//span[text()='Error']"}
COMMAND: POST /session/85bc92a044d2dfb856863d13adac7a7e/element - {"using":"xpath","value":"//button[@aria-label=\"Create\"]"}
RESULT: {"using":"xpath","value":"//button[@aria-label=\"Create\"]"}
COMMAND: POST /session/85bc92a044d2dfb856863d13adac7a7e/elements - {"using":"xpath","value":"//button[@aria-label=\"Create\"]"}
RESULT: {"using":"xpath","value":"//button[@aria-label=\"Create\"]"}
COMMAND: POST /session/85bc92a044d2dfb856863d13adac7a7e/execute/sync - {"script":"<script> [8489 bytes]","args":[{"element-6066-11e4-a52e-4f735466cecf":"f.B14EA88AD92014BD4F4EDEC3100164B7.d.7BE0F2A167F305A56CC98C078C5594A4.e.8043","ELEMENT":"f.B14EA88AD92014BD4F4EDEC3100164B7.d.7BE0F2A167F305A56CC98C078C5594A4.e.8043"}]}
RESULT: {"script":"<script> [8489 bytes]","args":[{"element-6066-11e4-a52e-4f735466cecf":"f.B14EA88AD92014BD4F4EDEC3100164B7.d.7BE0F2A167F305A56CC98C078C5594A4.e.8043","ELEMENT":"f.B14EA88AD92014BD4F4EDEC3100164B7.d.7BE0F2A167F305A56CC98C078C5594A4.e.8043"}]}
COMMAND: GET /session/85bc92a044d2dfb856863d13adac7a7e/element/f.B14EA88AD92014BD4F4EDEC3100164B7.d.7BE0F2A167F305A56CC98C078C5594A4.e.8043/enabled - {}
COMMAND: GET /session/85bc92a044d2dfb856863d13adac7a7e/screenshot - {}
RESULT: {}
COMMAND: POST /session/85bc92a044d2dfb856863d13adac7a7e/execute/sync - {"script":"<script> [8489 bytes]","args":[{"element-6066-11e4-a52e-4f735466cecf":"f.B14EA88AD92014BD4F4EDEC3100164B7.d.7BE0F2A167F305A56CC98C078C5594A4.e.8043","ELEMENT":"f.B14EA88AD92014BD4F4EDEC3100164B7.d.7BE0F2A167F305A56CC98C078C5594A4.e.8043"}]}
COMMAND: GET /session/85bc92a044d2dfb856863d13adac7a7e/screenshot - {}
RESULT: {}
RESULT: {"script":"<script> [8489 bytes]","args":[{"element-6066-11e4-a52e-4f735466cecf":"f.B14EA88AD92014BD4F4EDEC3100164B7.d.7BE0F2A167F305A56CC98C078C5594A4.e.8043","ELEMENT":"f.B14EA88AD92014BD4F4EDEC3100164B7.d.7BE0F2A167F305A56CC98C078C5594A4.e.8043"}]}
COMMAND: POST /session/85bc92a044d2dfb856863d13adac7a7e/execute/sync - {"script":"<script> [5351 bytes]","args":[{"element-6066-11e4-a52e-4f735466cecf":"f.B14EA88AD92014BD4F4EDEC3100164B7.d.7BE0F2A167F305A56CC98C078C5594A4.e.8043","ELEMENT":"f.B14EA88AD92014BD4F4EDEC3100164B7.d.7BE0F2A167F305A56CC98C078C5594A4.e.8043"}]}
COMMAND: GET /session/85bc92a044d2dfb856863d13adac7a7e/screenshot - {}
RESULT: {}
RESULT: {"script":"<script> [5351 bytes]","args":[{"element-6066-11e4-a52e-4f735466cecf":"f.B14EA88AD92014BD4F4EDEC3100164B7.d.7BE0F2A167F305A56CC98C078C5594A4.e.8043","ELEMENT":"f.B14EA88AD92014BD4F4EDEC3100164B7.d.7BE0F2A167F305A56CC98C078C5594A4.e.8043"}]}
COMMAND: POST /session/85bc92a044d2dfb856863d13adac7a7e/element/f.B14EA88AD92014BD4F4EDEC3100164B7.d.7BE0F2A167F305A56CC98C078C5594A4.e.8043/click - {}
COMMAND: GET /session/85bc92a044d2dfb856863d13adac7a7e/screenshot - {}
RESULT: {}
RESULT: {}
COMMAND: GET /session/85bc92a044d2dfb856863d13adac7a7e/screenshot - {}
RESULT: {}
RESULT: {}
COMMAND: POST /session/85bc92a044d2dfb856863d13adac7a7e/actions - {"actions":[{"id":"action30","type":"key","parameters":{},"actions":[{"type":"keyDown","value":"î€‡"},{"type":"pause","duration":10},{"type":"keyUp","value":"î€‡"}]}]}
RESULT: {"actions":[{"id":"action30","type":"key","parameters":{},"actions":[{"type":"keyDown","value":"î€‡"},{"type":"pause","duration":10},{"type":"keyUp","value":"î€‡"}]}]}
COMMAND: GET /session/85bc92a044d2dfb856863d13adac7a7e/screenshot - {}
RESULT: {}
COMMAND: POST /session/85bc92a044d2dfb856863d13adac7a7e/execute/async - {"script":"<script> [1562 bytes]","args":[{"selector":{"id":"application-manageconditionprice-display-component---newCondition--condBillCond-arrow"},"wdio_ui5_key":"applicationmanageconditionprice-display-component---newCondition--condBillCond-arrow"}]}
RESULT: {"script":"<script> [1562 bytes]","args":[{"selector":{"id":"application-manageconditionprice-display-component---newCondition--condBillCond-arrow"},"wdio_ui5_key":"applicationmanageconditionprice-display-component---newCondition--condBillCond-arrow"}]}
RESULT: undefined
COMMAND: POST /session/85bc92a044d2dfb856863d13adac7a7e/element - {"using":"xpath","value":"//*[@id=\"application-manageconditionprice-display-component---newCondition--condBillCond-arrow\"]"}
RESULT: {"using":"xpath","value":"//*[@id=\"application-manageconditionprice-display-component---newCondition--condBillCond-arrow\"]"}
COMMAND: POST /session/85bc92a044d2dfb856863d13adac7a7e/element/f.B14EA88AD92014BD4F4EDEC3100164B7.d.7BE0F2A167F305A56CC98C078C5594A4.e.8219/click - {}
RESULT: {}
COMMAND: GET /session/85bc92a044d2dfb856863d13adac7a7e/screenshot - {}
RESULT: {}
COMMAND: POST /session/85bc92a044d2dfb856863d13adac7a7e/element - {"using":"xpath","value":"//li[.//span[contains(text(), \"SAPR - Sales price\")]]"}
RESULT: {"using":"xpath","value":"//li[.//span[contains(text(), \"SAPR - Sales price\")]]"}
COMMAND: POST /session/85bc92a044d2dfb856863d13adac7a7e/element/f.B14EA88AD92014BD4F4EDEC3100164B7.d.7BE0F2A167F305A56CC98C078C5594A4.e.8223/click - {}
RESULT: {}
COMMAND: GET /session/85bc92a044d2dfb856863d13adac7a7e/screenshot - {}
RESULT: {}
COMMAND: POST /session/85bc92a044d2dfb856863d13adac7a7e/execute/async - {"script":"<script> [1562 bytes]","args":[{"selector":{"id":"application-manageconditionprice-display-component---newCondition--condValidTo","interaction":{"idSuffix":"inner"}},"wdio_ui5_key":"applicationmanageconditionprice-display-component---newCondition--condValidTo"}]}
RESULT: {"script":"<script> [1562 bytes]","args":[{"selector":{"id":"application-manageconditionprice-display-component---newCondition--condValidTo","interaction":{"idSuffix":"inner"}},"wdio_ui5_key":"applicationmanageconditionprice-display-component---newCondition--condValidTo"}]}
RESULT: undefined
COMMAND: POST /session/85bc92a044d2dfb856863d13adac7a7e/execute/async - {"script":"<script> [776 bytes]","args":[{"enterText":"2/4/26","selector":{"id":"application-manageconditionprice-display-component---newCondition--condValidTo","interaction":{"idSuffix":"inner"}},"clearTextFirst":true,"interactionType":"ENTER_TEXT"}]}
RESULT: {"script":"<script> [776 bytes]","args":[{"enterText":"2/4/26","selector":{"id":"application-manageconditionprice-display-component---newCondition--condValidTo","interaction":{"idSuffix":"inner"}},"clearTextFirst":true,"interactionType":"ENTER_TEXT"}]}
COMMAND: POST /session/85bc92a044d2dfb856863d13adac7a7e/element - {"using":"xpath","value":"//input[@id=\"application-manageconditionprice-display-component---newCondition--condRU-inner\"]"}
RESULT: {"using":"xpath","value":"//input[@id=\"application-manageconditionprice-display-component---newCondition--condRU-inner\"]"}
COMMAND: POST /session/85bc92a044d2dfb856863d13adac7a7e/element/f.B14EA88AD92014BD4F4EDEC3100164B7.d.7BE0F2A167F305A56CC98C078C5594A4.e.8085/clear - {}
RESULT: {}
COMMAND: POST /session/85bc92a044d2dfb856863d13adac7a7e/element/f.B14EA88AD92014BD4F4EDEC3100164B7.d.7BE0F2A167F305A56CC98C078C5594A4.e.8085/value - {"text":"bseo7b6gPn"}
COMMAND: GET /session/85bc92a044d2dfb856863d13adac7a7e/screenshot - {}
RESULT: {"text":"bseo7b6gPn"}
COMMAND: GET /session/85bc92a044d2dfb856863d13adac7a7e/screenshot - {}
RESULT: {}
RESULT: {}
COMMAND: POST /session/85bc92a044d2dfb856863d13adac7a7e/actions - {"actions":[{"id":"action31","type":"key","parameters":{},"actions":[{"type":"keyDown","value":"î€‡"},{"type":"pause","duration":10},{"type":"keyUp","value":"î€‡"}]}]}
RESULT: {"actions":[{"id":"action31","type":"key","parameters":{},"actions":[{"type":"keyDown","value":"î€‡"},{"type":"pause","duration":10},{"type":"keyUp","value":"î€‡"}]}]}
COMMAND: POST /session/85bc92a044d2dfb856863d13adac7a7e/execute/async - {"script":"<script> [1562 bytes]","args":[{"selector":{"id":"application-manageconditionprice-display-component---newCondition--condBaseQty","interaction":{"idSuffix":"inner"}},"wdio_ui5_key":"applicationmanageconditionprice-display-component---newCondition--condBaseQty"}]}
COMMAND: GET /session/85bc92a044d2dfb856863d13adac7a7e/screenshot - {}
RESULT: {"script":"<script> [1562 bytes]","args":[{"selector":{"id":"application-manageconditionprice-display-component---newCondition--condBaseQty","interaction":{"idSuffix":"inner"}},"wdio_ui5_key":"applicationmanageconditionprice-display-component---newCondition--condBaseQty"}]}
RESULT: undefined
COMMAND: POST /session/85bc92a044d2dfb856863d13adac7a7e/execute/async - {"script":"<script> [776 bytes]","args":[{"enterText":"1","selector":{"id":"application-manageconditionprice-display-component---newCondition--condBaseQty","interaction":{"idSuffix":"inner"}},"clearTextFirst":true,"interactionType":"ENTER_TEXT"}]}
RESULT: {}
RESULT: {"script":"<script> [776 bytes]","args":[{"enterText":"1","selector":{"id":"application-manageconditionprice-display-component---newCondition--condBaseQty","interaction":{"idSuffix":"inner"}},"clearTextFirst":true,"interactionType":"ENTER_TEXT"}]}
COMMAND: POST /session/85bc92a044d2dfb856863d13adac7a7e/execute/async - {"script":"<script> [1562 bytes]","args":[{"selector":{"id":"application-manageconditionprice-display-component---newCondition--condValue","interaction":{"idSuffix":"inner"}},"wdio_ui5_key":"applicationmanageconditionprice-display-component---newCondition--condValue"}]}
RESULT: {"script":"<script> [1562 bytes]","args":[{"selector":{"id":"application-manageconditionprice-display-component---newCondition--condValue","interaction":{"idSuffix":"inner"}},"wdio_ui5_key":"applicationmanageconditionprice-display-component---newCondition--condValue"}]}
RESULT: undefined
COMMAND: POST /session/85bc92a044d2dfb856863d13adac7a7e/execute/async - {"script":"<script> [776 bytes]","args":[{"enterText":"200","selector":{"id":"application-manageconditionprice-display-component---newCondition--condValue","interaction":{"idSuffix":"inner"}},"clearTextFirst":true,"interactionType":"ENTER_TEXT"}]}
RESULT: {"script":"<script> [776 bytes]","args":[{"enterText":"200","selector":{"id":"application-manageconditionprice-display-component---newCondition--condValue","interaction":{"idSuffix":"inner"}},"clearTextFirst":true,"interactionType":"ENTER_TEXT"}]}
COMMAND: POST /session/85bc92a044d2dfb856863d13adac7a7e/execute/async - {"script":"<script> [1562 bytes]","args":[{"selector":{"id":"application-manageconditionprice-display-component---newCondition--condCurr-arrow"},"wdio_ui5_key":"applicationmanageconditionprice-display-component---newCondition--condCurr-arrow"}]}
RESULT: {"script":"<script> [1562 bytes]","args":[{"selector":{"id":"application-manageconditionprice-display-component---newCondition--condCurr-arrow"},"wdio_ui5_key":"applicationmanageconditionprice-display-component---newCondition--condCurr-arrow"}]}
RESULT: undefined
COMMAND: POST /session/85bc92a044d2dfb856863d13adac7a7e/element - {"using":"xpath","value":"//*[@id=\"application-manageconditionprice-display-component---newCondition--condCurr-arrow\"]"}
RESULT: {"using":"xpath","value":"//*[@id=\"application-manageconditionprice-display-component---newCondition--condCurr-arrow\"]"}
COMMAND: POST /session/85bc92a044d2dfb856863d13adac7a7e/element/f.B14EA88AD92014BD4F4EDEC3100164B7.d.7BE0F2A167F305A56CC98C078C5594A4.e.8203/click - {}
RESULT: {}
COMMAND: POST /session/85bc92a044d2dfb856863d13adac7a7e/element - {"using":"xpath","value":"//span[contains(text(), \"Euro\")]"}
COMMAND: GET /session/85bc92a044d2dfb856863d13adac7a7e/screenshot - {}
RESULT: {"using":"xpath","value":"//span[contains(text(), \"Euro\")]"}
COMMAND: POST /session/85bc92a044d2dfb856863d13adac7a7e/element/f.B14EA88AD92014BD4F4EDEC3100164B7.d.7BE0F2A167F305A56CC98C078C5594A4.e.8261/click - {}
RESULT: {}
RESULT: {}
COMMAND: POST /session/85bc92a044d2dfb856863d13adac7a7e/element - {"using":"xpath","value":"//button[@data-kt=\"saveButton\"]"}
COMMAND: GET /session/85bc92a044d2dfb856863d13adac7a7e/screenshot - {}
RESULT: {"using":"xpath","value":"//button[@data-kt=\"saveButton\"]"}
COMMAND: POST /session/85bc92a044d2dfb856863d13adac7a7e/element/f.B14EA88AD92014BD4F4EDEC3100164B7.d.7BE0F2A167F305A56CC98C078C5594A4.e.8204/click - {}
RESULT: {}
RESULT: {}
COMMAND: GET /session/85bc92a044d2dfb856863d13adac7a7e/screenshot - {}
RESULT: {}
COMMAND: POST /session/85bc92a044d2dfb856863d13adac7a7e/execute/async - {"script":"<script> [1562 bytes]","args":[{"selector":{"id":"application-manageconditionprice-display-component---conditions--smartFilterBar-btnBasicSearch","interaction":{"idSuffix":"I"}},"wdio_ui5_key":"applicationmanageconditionprice-display-component---conditions--smartFilterBar-btnBasicSearch"}]}
RESULT: {"script":"<script> [1562 bytes]","args":[{"selector":{"id":"application-manageconditionprice-display-component---conditions--smartFilterBar-btnBasicSearch","interaction":{"idSuffix":"I"}},"wdio_ui5_key":"applicationmanageconditionprice-display-component---conditions--smartFilterBar-btnBasicSearch"}]}
RESULT: undefined
COMMAND: POST /session/85bc92a044d2dfb856863d13adac7a7e/execute/async - {"script":"<script> [776 bytes]","args":[{"enterText":"bseo7b6gPn","selector":{"id":"application-manageconditionprice-display-component---conditions--smartFilterBar-btnBasicSearch","interaction":{"idSuffix":"I"}},"clearTextFirst":true,"interactionType":"ENTER_TEXT"}]}
RESULT: {"script":"<script> [776 bytes]","args":[{"enterText":"bseo7b6gPn","selector":{"id":"application-manageconditionprice-display-component---conditions--smartFilterBar-btnBasicSearch","interaction":{"idSuffix":"I"}},"clearTextFirst":true,"interactionType":"ENTER_TEXT"}]}
COMMAND: POST /session/85bc92a044d2dfb856863d13adac7a7e/actions - {"actions":[{"id":"action32","type":"key","parameters":{},"actions":[{"type":"keyDown","value":"î€‡"},{"type":"pause","duration":10},{"type":"keyUp","value":"î€‡"}]}]}
RESULT: {"actions":[{"id":"action32","type":"key","parameters":{},"actions":[{"type":"keyDown","value":"î€‡"},{"type":"pause","duration":10},{"type":"keyUp","value":"î€‡"}]}]}
COMMAND: GET /session/85bc92a044d2dfb856863d13adac7a7e/screenshot - {}
RESULT: {}
COMMAND: POST /session/85bc92a044d2dfb856863d13adac7a7e/execute/async - {"script":"<script> [1562 bytes]","args":[{"selector":{"id":"application-manageconditionprice-display-component---conditions--smartFilterBar-filterItemControl_BASIC-BILL_TYPES-vhi"},"wdio_ui5_key":"applicationmanageconditionprice-display-component---conditions--smartFilterBar-filterItemControl_BASIC-BILL_TYPES-vhi"}]}
RESULT: {"script":"<script> [1562 bytes]","args":[{"selector":{"id":"application-manageconditionprice-display-component---conditions--smartFilterBar-filterItemControl_BASIC-BILL_TYPES-vhi"},"wdio_ui5_key":"applicationmanageconditionprice-display-component---conditions--smartFilterBar-filterItemControl_BASIC-BILL_TYPES-vhi"}]}
RESULT: undefined
COMMAND: POST /session/85bc92a044d2dfb856863d13adac7a7e/element - {"using":"xpath","value":"//*[@id=\"application-manageconditionprice-display-component---conditions--smartFilterBar-filterItemControl_BASIC-BILL_TYPES-vhi\"]"}
RESULT: {"using":"xpath","value":"//*[@id=\"application-manageconditionprice-display-component---conditions--smartFilterBar-filterItemControl_BASIC-BILL_TYPES-vhi\"]"}
COMMAND: POST /session/85bc92a044d2dfb856863d13adac7a7e/element/f.B14EA88AD92014BD4F4EDEC3100164B7.d.7BE0F2A167F305A56CC98C078C5594A4.e.8367/click - {}
RESULT: {}
COMMAND: POST /session/85bc92a044d2dfb856863d13adac7a7e/execute/async - {"script":"<script> [1562 bytes]","args":[{"selector":{"id":"application-manageconditionprice-display-component---conditions--smartFilterBar-filterItemControl_BASIC-BILL_TYPES-valueHelpDialog-smartFilterBar-btnBasicSearch","searchOpenDialogs":true,"interaction":{"idSuffix":"I"}},"wdio_ui5_key":"applicationmanageconditionprice-display-component---conditions--smartFilterBar-filterItemControl_BASIC-BILL_TYPES-valueHelpDialog-smartFilterBar-btnBasicSearch"}]}
COMMAND: GET /session/85bc92a044d2dfb856863d13adac7a7e/screenshot - {}
RESULT: {"script":"<script> [1562 bytes]","args":[{"selector":{"id":"application-manageconditionprice-display-component---conditions--smartFilterBar-filterItemControl_BASIC-BILL_TYPES-valueHelpDialog-smartFilterBar-btnBasicSearch","searchOpenDialogs":true,"interaction":{"idSuffix":"I"}},"wdio_ui5_key":"applicationmanageconditionprice-display-component---conditions--smartFilterBar-filterItemControl_BASIC-BILL_TYPES-valueHelpDialog-smartFilterBar-btnBasicSearch"}]}
RESULT: undefined
COMMAND: POST /session/85bc92a044d2dfb856863d13adac7a7e/execute/async - {"script":"<script> [776 bytes]","args":[{"enterText":"one","selector":{"id":"application-manageconditionprice-display-component---conditions--smartFilterBar-filterItemControl_BASIC-BILL_TYPES-valueHelpDialog-smartFilterBar-btnBasicSearch","searchOpenDialogs":true,"interaction":{"idSuffix":"I"}},"clearTextFirst":true,"interactionType":"ENTER_TEXT"}]}
RESULT: {}
RESULT: {"script":"<script> [776 bytes]","args":[{"enterText":"one","selector":{"id":"application-manageconditionprice-display-component---conditions--smartFilterBar-filterItemControl_BASIC-BILL_TYPES-valueHelpDialog-smartFilterBar-btnBasicSearch","searchOpenDialogs":true,"interaction":{"idSuffix":"I"}},"clearTextFirst":true,"interactionType":"ENTER_TEXT"}]}
COMMAND: POST /session/85bc92a044d2dfb856863d13adac7a7e/actions - {"actions":[{"id":"action33","type":"key","parameters":{},"actions":[{"type":"keyDown","value":"î€‡"},{"type":"pause","duration":10},{"type":"keyUp","value":"î€‡"}]}]}
RESULT: {"actions":[{"id":"action33","type":"key","parameters":{},"actions":[{"type":"keyDown","value":"î€‡"},{"type":"pause","duration":10},{"type":"keyUp","value":"î€‡"}]}]}
COMMAND: GET /session/85bc92a044d2dfb856863d13adac7a7e/screenshot - {}
RESULT: {}
COMMAND: POST /session/85bc92a044d2dfb856863d13adac7a7e/element - {"using":"xpath","value":"//div[contains(@id, 'application-manageconditionprice-display-component---conditions--smartFilterBar-filterItemControl_BASIC-BILL_TYPES-valueHelpDialog-table-rowsel0')]"}
RESULT: {"using":"xpath","value":"//div[contains(@id, 'application-manageconditionprice-display-component---conditions--smartFilterBar-filterItemControl_BASIC-BILL_TYPES-valueHelpDialog-table-rowsel0')]"}
COMMAND: POST /session/85bc92a044d2dfb856863d13adac7a7e/element/f.B14EA88AD92014BD4F4EDEC3100164B7.d.7BE0F2A167F305A56CC98C078C5594A4.e.8376/click - {}
RESULT: {}
COMMAND: GET /session/85bc92a044d2dfb856863d13adac7a7e/screenshot - {}
RESULT: {}
COMMAND: POST /session/85bc92a044d2dfb856863d13adac7a7e/element - {"using":"xpath","value":"//bdi[contains(text(), \"OK\")]"}
RESULT: {"using":"xpath","value":"//bdi[contains(text(), \"OK\")]"}
COMMAND: POST /session/85bc92a044d2dfb856863d13adac7a7e/element/f.B14EA88AD92014BD4F4EDEC3100164B7.d.7BE0F2A167F305A56CC98C078C5594A4.e.8378/click - {}
RESULT: {}
COMMAND: GET /session/85bc92a044d2dfb856863d13adac7a7e/screenshot - {}
RESULT: {}
COMMAND: POST /session/85bc92a044d2dfb856863d13adac7a7e/element - {"using":"xpath","value":"//span[@id=\"application-manageconditionprice-display-component---conditions--smartTable-header-inner\"]"}
RESULT: {"using":"xpath","value":"//span[@id=\"application-manageconditionprice-display-component---conditions--smartTable-header-inner\"]"}
COMMAND: POST /session/85bc92a044d2dfb856863d13adac7a7e/elements - {"using":"xpath","value":"//span[@id=\"application-manageconditionprice-display-component---conditions--smartTable-header-inner\"]"}
RESULT: {"using":"xpath","value":"//span[@id=\"application-manageconditionprice-display-component---conditions--smartTable-header-inner\"]"}
COMMAND: POST /session/85bc92a044d2dfb856863d13adac7a7e/execute/sync - {"script":"<script> [56 bytes]","args":[{"element-6066-11e4-a52e-4f735466cecf":"f.B14EA88AD92014BD4F4EDEC3100164B7.d.7BE0F2A167F305A56CC98C078C5594A4.e.8381","ELEMENT":"f.B14EA88AD92014BD4F4EDEC3100164B7.d.7BE0F2A167F305A56CC98C078C5594A4.e.8381"}]}
RESULT: {"script":"<script> [56 bytes]","args":[{"element-6066-11e4-a52e-4f735466cecf":"f.B14EA88AD92014BD4F4EDEC3100164B7.d.7BE0F2A167F305A56CC98C078C5594A4.e.8381","ELEMENT":"f.B14EA88AD92014BD4F4EDEC3100164B7.d.7BE0F2A167F305A56CC98C078C5594A4.e.8381"}]}
COMMAND: POST /session/85bc92a044d2dfb856863d13adac7a7e/element - {"using":"css selector","value":"#shell-header-logo"}
COMMAND: GET /session/85bc92a044d2dfb856863d13adac7a7e/screenshot - {}
RESULT: {"using":"css selector","value":"#shell-header-logo"}
COMMAND: POST /session/85bc92a044d2dfb856863d13adac7a7e/element/f.B14EA88AD92014BD4F4EDEC3100164B7.d.7BE0F2A167F305A56CC98C078C5594A4.e.8011/click - {}
RESULT: {}
RESULT: {}
COMMAND: GET /session/85bc92a044d2dfb856863d13adac7a7e/screenshot - {}
RESULT: {}
]]></system-out>
    </testcase>
    <testcase classname="chrome.136_0_7103_93.windows.Create_master_data_for_mixed_billing_&amp;_do_billing_calculation_US151661" name="Should add performance based condition" time="73.401">
      <system-out><![CDATA[
RESULT: undefined
COMMAND: POST /session/85bc92a044d2dfb856863d13adac7a7e/element - {"using":"xpath","value":"//*[@id=\"__tile53\"]"}
RESULT: {"using":"xpath","value":"//*[@id=\"__tile53\"]"}
COMMAND: POST /session/85bc92a044d2dfb856863d13adac7a7e/element/f.B14EA88AD92014BD4F4EDEC3100164B7.d.7BE0F2A167F305A56CC98C078C5594A4.e.4413/click - {}
RESULT: {}
COMMAND: GET /session/85bc92a044d2dfb856863d13adac7a7e/screenshot - {}
RESULT: {}
COMMAND: POST /session/85bc92a044d2dfb856863d13adac7a7e/elements - {"using":"xpath","value":"//span[text()='Error']"}
RESULT: {"using":"xpath","value":"//span[text()='Error']"}
COMMAND: POST /session/85bc92a044d2dfb856863d13adac7a7e/element - {"using":"xpath","value":"//button[@aria-label=\"Create\"]"}
RESULT: {"using":"xpath","value":"//button[@aria-label=\"Create\"]"}
COMMAND: POST /session/85bc92a044d2dfb856863d13adac7a7e/elements - {"using":"xpath","value":"//button[@aria-label=\"Create\"]"}
RESULT: {"using":"xpath","value":"//button[@aria-label=\"Create\"]"}
COMMAND: POST /session/85bc92a044d2dfb856863d13adac7a7e/execute/sync - {"script":"<script> [8489 bytes]","args":[{"element-6066-11e4-a52e-4f735466cecf":"f.B14EA88AD92014BD4F4EDEC3100164B7.d.7BE0F2A167F305A56CC98C078C5594A4.e.8439","ELEMENT":"f.B14EA88AD92014BD4F4EDEC3100164B7.d.7BE0F2A167F305A56CC98C078C5594A4.e.8439"}]}
RESULT: {"script":"<script> [8489 bytes]","args":[{"element-6066-11e4-a52e-4f735466cecf":"f.B14EA88AD92014BD4F4EDEC3100164B7.d.7BE0F2A167F305A56CC98C078C5594A4.e.8439","ELEMENT":"f.B14EA88AD92014BD4F4EDEC3100164B7.d.7BE0F2A167F305A56CC98C078C5594A4.e.8439"}]}
COMMAND: GET /session/85bc92a044d2dfb856863d13adac7a7e/element/f.B14EA88AD92014BD4F4EDEC3100164B7.d.7BE0F2A167F305A56CC98C078C5594A4.e.8439/enabled - {}
COMMAND: GET /session/85bc92a044d2dfb856863d13adac7a7e/screenshot - {}
RESULT: {}
COMMAND: POST /session/85bc92a044d2dfb856863d13adac7a7e/execute/sync - {"script":"<script> [8489 bytes]","args":[{"element-6066-11e4-a52e-4f735466cecf":"f.B14EA88AD92014BD4F4EDEC3100164B7.d.7BE0F2A167F305A56CC98C078C5594A4.e.8439","ELEMENT":"f.B14EA88AD92014BD4F4EDEC3100164B7.d.7BE0F2A167F305A56CC98C078C5594A4.e.8439"}]}
COMMAND: GET /session/85bc92a044d2dfb856863d13adac7a7e/screenshot - {}
RESULT: {}
RESULT: {"script":"<script> [8489 bytes]","args":[{"element-6066-11e4-a52e-4f735466cecf":"f.B14EA88AD92014BD4F4EDEC3100164B7.d.7BE0F2A167F305A56CC98C078C5594A4.e.8439","ELEMENT":"f.B14EA88AD92014BD4F4EDEC3100164B7.d.7BE0F2A167F305A56CC98C078C5594A4.e.8439"}]}
COMMAND: POST /session/85bc92a044d2dfb856863d13adac7a7e/execute/sync - {"script":"<script> [5351 bytes]","args":[{"element-6066-11e4-a52e-4f735466cecf":"f.B14EA88AD92014BD4F4EDEC3100164B7.d.7BE0F2A167F305A56CC98C078C5594A4.e.8439","ELEMENT":"f.B14EA88AD92014BD4F4EDEC3100164B7.d.7BE0F2A167F305A56CC98C078C5594A4.e.8439"}]}
COMMAND: GET /session/85bc92a044d2dfb856863d13adac7a7e/screenshot - {}
RESULT: {}
RESULT: {"script":"<script> [5351 bytes]","args":[{"element-6066-11e4-a52e-4f735466cecf":"f.B14EA88AD92014BD4F4EDEC3100164B7.d.7BE0F2A167F305A56CC98C078C5594A4.e.8439","ELEMENT":"f.B14EA88AD92014BD4F4EDEC3100164B7.d.7BE0F2A167F305A56CC98C078C5594A4.e.8439"}]}
COMMAND: POST /session/85bc92a044d2dfb856863d13adac7a7e/element/f.B14EA88AD92014BD4F4EDEC3100164B7.d.7BE0F2A167F305A56CC98C078C5594A4.e.8439/click - {}
COMMAND: GET /session/85bc92a044d2dfb856863d13adac7a7e/screenshot - {}
RESULT: {}
RESULT: {}
COMMAND: GET /session/85bc92a044d2dfb856863d13adac7a7e/screenshot - {}
RESULT: {}
RESULT: {}
COMMAND: POST /session/85bc92a044d2dfb856863d13adac7a7e/actions - {"actions":[{"id":"action34","type":"key","parameters":{},"actions":[{"type":"keyDown","value":"î€‡"},{"type":"pause","duration":10},{"type":"keyUp","value":"î€‡"}]}]}
RESULT: {"actions":[{"id":"action34","type":"key","parameters":{},"actions":[{"type":"keyDown","value":"î€‡"},{"type":"pause","duration":10},{"type":"keyUp","value":"î€‡"}]}]}
COMMAND: GET /session/85bc92a044d2dfb856863d13adac7a7e/screenshot - {}
RESULT: undefined
COMMAND: POST /session/85bc92a044d2dfb856863d13adac7a7e/element - {"using":"xpath","value":"//*[@id=\"application-manageconditionprice-display-component---newCondition--condBillCond-arrow\"]"}
RESULT: {}
RESULT: {"using":"xpath","value":"//*[@id=\"application-manageconditionprice-display-component---newCondition--condBillCond-arrow\"]"}
COMMAND: POST /session/85bc92a044d2dfb856863d13adac7a7e/element/f.B14EA88AD92014BD4F4EDEC3100164B7.d.7BE0F2A167F305A56CC98C078C5594A4.e.8884/click - {}
RESULT: {}
COMMAND: GET /session/85bc92a044d2dfb856863d13adac7a7e/screenshot - {}
RESULT: {}
COMMAND: POST /session/85bc92a044d2dfb856863d13adac7a7e/element - {"using":"xpath","value":"//li[.//span[contains(text(), \"PC06 - Performance Price - fuel\")]]"}
RESULT: {"using":"xpath","value":"//li[.//span[contains(text(), \"PC06 - Performance Price - fuel\")]]"}
COMMAND: POST /session/85bc92a044d2dfb856863d13adac7a7e/element/f.B14EA88AD92014BD4F4EDEC3100164B7.d.7BE0F2A167F305A56CC98C078C5594A4.e.8887/click - {}
RESULT: {}
COMMAND: GET /session/85bc92a044d2dfb856863d13adac7a7e/screenshot - {}
RESULT: {}
RESULT: undefined
COMMAND: POST /session/85bc92a044d2dfb856863d13adac7a7e/execute/async - {"script":"<script> [776 bytes]","args":[{"enterText":"2/4/26","selector":{"id":"application-manageconditionprice-display-component---newCondition--condValidTo","interaction":{"idSuffix":"inner"}},"clearTextFirst":true,"interactionType":"ENTER_TEXT"}]}
RESULT: {"script":"<script> [776 bytes]","args":[{"enterText":"2/4/26","selector":{"id":"application-manageconditionprice-display-component---newCondition--condValidTo","interaction":{"idSuffix":"inner"}},"clearTextFirst":true,"interactionType":"ENTER_TEXT"}]}
COMMAND: POST /session/85bc92a044d2dfb856863d13adac7a7e/element - {"using":"xpath","value":"//input[@id=\"application-manageconditionprice-display-component---newCondition--condRU-inner\"]"}
RESULT: {"using":"xpath","value":"//input[@id=\"application-manageconditionprice-display-component---newCondition--condRU-inner\"]"}
COMMAND: POST /session/85bc92a044d2dfb856863d13adac7a7e/element/f.B14EA88AD92014BD4F4EDEC3100164B7.d.7BE0F2A167F305A56CC98C078C5594A4.e.8608/clear - {}
RESULT: {}
COMMAND: POST /session/85bc92a044d2dfb856863d13adac7a7e/element/f.B14EA88AD92014BD4F4EDEC3100164B7.d.7BE0F2A167F305A56CC98C078C5594A4.e.8608/value - {"text":"bseo7b6gPn"}
COMMAND: GET /session/85bc92a044d2dfb856863d13adac7a7e/screenshot - {}
RESULT: {"text":"bseo7b6gPn"}
COMMAND: GET /session/85bc92a044d2dfb856863d13adac7a7e/screenshot - {}
RESULT: {}
RESULT: {}
COMMAND: POST /session/85bc92a044d2dfb856863d13adac7a7e/actions - {"actions":[{"id":"action35","type":"key","parameters":{},"actions":[{"type":"keyDown","value":"î€‡"},{"type":"pause","duration":10},{"type":"keyUp","value":"î€‡"}]}]}
RESULT: {"actions":[{"id":"action35","type":"key","parameters":{},"actions":[{"type":"keyDown","value":"î€‡"},{"type":"pause","duration":10},{"type":"keyUp","value":"î€‡"}]}]}
RESULT: undefined
COMMAND: POST /session/85bc92a044d2dfb856863d13adac7a7e/execute/async - {"script":"<script> [776 bytes]","args":[{"enterText":"1","selector":{"id":"application-manageconditionprice-display-component---newCondition--condBaseQty","interaction":{"idSuffix":"inner"}},"clearTextFirst":true,"interactionType":"ENTER_TEXT"}]}
COMMAND: GET /session/85bc92a044d2dfb856863d13adac7a7e/screenshot - {}
RESULT: {"script":"<script> [776 bytes]","args":[{"enterText":"1","selector":{"id":"application-manageconditionprice-display-component---newCondition--condBaseQty","interaction":{"idSuffix":"inner"}},"clearTextFirst":true,"interactionType":"ENTER_TEXT"}]}
RESULT: undefined
COMMAND: POST /session/85bc92a044d2dfb856863d13adac7a7e/execute/async - {"script":"<script> [776 bytes]","args":[{"enterText":"10","selector":{"id":"application-manageconditionprice-display-component---newCondition--condValue","interaction":{"idSuffix":"inner"}},"clearTextFirst":true,"interactionType":"ENTER_TEXT"}]}
RESULT: {}
RESULT: {"script":"<script> [776 bytes]","args":[{"enterText":"10","selector":{"id":"application-manageconditionprice-display-component---newCondition--condValue","interaction":{"idSuffix":"inner"}},"clearTextFirst":true,"interactionType":"ENTER_TEXT"}]}
RESULT: undefined
COMMAND: POST /session/85bc92a044d2dfb856863d13adac7a7e/element - {"using":"xpath","value":"//*[@id=\"application-manageconditionprice-display-component---newCondition--condCurr-arrow\"]"}
RESULT: {"using":"xpath","value":"//*[@id=\"application-manageconditionprice-display-component---newCondition--condCurr-arrow\"]"}
COMMAND: POST /session/85bc92a044d2dfb856863d13adac7a7e/element/f.B14EA88AD92014BD4F4EDEC3100164B7.d.7BE0F2A167F305A56CC98C078C5594A4.e.8798/click - {}
RESULT: {}
COMMAND: POST /session/85bc92a044d2dfb856863d13adac7a7e/element - {"using":"xpath","value":"//span[contains(text(), \"Euro\")]"}
COMMAND: GET /session/85bc92a044d2dfb856863d13adac7a7e/screenshot - {}
RESULT: {"using":"xpath","value":"//span[contains(text(), \"Euro\")]"}
COMMAND: POST /session/85bc92a044d2dfb856863d13adac7a7e/element/f.B14EA88AD92014BD4F4EDEC3100164B7.d.7BE0F2A167F305A56CC98C078C5594A4.e.8920/click - {}
RESULT: {}
RESULT: {}
COMMAND: POST /session/85bc92a044d2dfb856863d13adac7a7e/element - {"using":"xpath","value":"//button[@data-kt=\"saveButton\"]"}
COMMAND: GET /session/85bc92a044d2dfb856863d13adac7a7e/screenshot - {}
RESULT: {"using":"xpath","value":"//button[@data-kt=\"saveButton\"]"}
COMMAND: POST /session/85bc92a044d2dfb856863d13adac7a7e/element/f.B14EA88AD92014BD4F4EDEC3100164B7.d.7BE0F2A167F305A56CC98C078C5594A4.e.8799/click - {}
RESULT: {}
RESULT: {}
COMMAND: GET /session/85bc92a044d2dfb856863d13adac7a7e/screenshot - {}
RESULT: {}
RESULT: undefined
COMMAND: POST /session/85bc92a044d2dfb856863d13adac7a7e/execute/async - {"script":"<script> [776 bytes]","args":[{"enterText":"bseo7b6gPn","selector":{"id":"application-manageconditionprice-display-component---conditions--smartFilterBar-btnBasicSearch","interaction":{"idSuffix":"I"}},"clearTextFirst":true,"interactionType":"ENTER_TEXT"}]}
RESULT: {"script":"<script> [776 bytes]","args":[{"enterText":"bseo7b6gPn","selector":{"id":"application-manageconditionprice-display-component---conditions--smartFilterBar-btnBasicSearch","interaction":{"idSuffix":"I"}},"clearTextFirst":true,"interactionType":"ENTER_TEXT"}]}
COMMAND: POST /session/85bc92a044d2dfb856863d13adac7a7e/actions - {"actions":[{"id":"action36","type":"key","parameters":{},"actions":[{"type":"keyDown","value":"î€‡"},{"type":"pause","duration":10},{"type":"keyUp","value":"î€‡"}]}]}
RESULT: {"actions":[{"id":"action36","type":"key","parameters":{},"actions":[{"type":"keyDown","value":"î€‡"},{"type":"pause","duration":10},{"type":"keyUp","value":"î€‡"}]}]}
COMMAND: GET /session/85bc92a044d2dfb856863d13adac7a7e/screenshot - {}
RESULT: {}
RESULT: undefined
COMMAND: POST /session/85bc92a044d2dfb856863d13adac7a7e/element - {"using":"xpath","value":"//*[@id=\"application-manageconditionprice-display-component---conditions--smartFilterBar-filterItemControl_BASIC-BILL_TYPES-vhi\"]"}
RESULT: {"using":"xpath","value":"//*[@id=\"application-manageconditionprice-display-component---conditions--smartFilterBar-filterItemControl_BASIC-BILL_TYPES-vhi\"]"}
COMMAND: POST /session/85bc92a044d2dfb856863d13adac7a7e/element/f.B14EA88AD92014BD4F4EDEC3100164B7.d.7BE0F2A167F305A56CC98C078C5594A4.e.9174/click - {}
RESULT: {}
RESULT: undefined
COMMAND: POST /session/85bc92a044d2dfb856863d13adac7a7e/execute/async - {"script":"<script> [776 bytes]","args":[{"enterText":"PB","selector":{"id":"application-manageconditionprice-display-component---conditions--smartFilterBar-filterItemControl_BASIC-BILL_TYPES-valueHelpDialog-smartFilterBar-btnBasicSearch","searchOpenDialogs":true,"interaction":{"idSuffix":"I"}},"clearTextFirst":true,"interactionType":"ENTER_TEXT"}]}
COMMAND: GET /session/85bc92a044d2dfb856863d13adac7a7e/screenshot - {}
RESULT: {"script":"<script> [776 bytes]","args":[{"enterText":"PB","selector":{"id":"application-manageconditionprice-display-component---conditions--smartFilterBar-filterItemControl_BASIC-BILL_TYPES-valueHelpDialog-smartFilterBar-btnBasicSearch","searchOpenDialogs":true,"interaction":{"idSuffix":"I"}},"clearTextFirst":true,"interactionType":"ENTER_TEXT"}]}
COMMAND: POST /session/85bc92a044d2dfb856863d13adac7a7e/actions - {"actions":[{"id":"action37","type":"key","parameters":{},"actions":[{"type":"keyDown","value":"î€‡"},{"type":"pause","duration":10},{"type":"keyUp","value":"î€‡"}]}]}
RESULT: {}
RESULT: {"actions":[{"id":"action37","type":"key","parameters":{},"actions":[{"type":"keyDown","value":"î€‡"},{"type":"pause","duration":10},{"type":"keyUp","value":"î€‡"}]}]}
COMMAND: GET /session/85bc92a044d2dfb856863d13adac7a7e/screenshot - {}
RESULT: {}
COMMAND: POST /session/85bc92a044d2dfb856863d13adac7a7e/element - {"using":"xpath","value":"//div[contains(@id, 'application-manageconditionprice-display-component---conditions--smartFilterBar-filterItemControl_BASIC-BILL_TYPES-valueHelpDialog-table-rowsel0')]"}
RESULT: {"using":"xpath","value":"//div[contains(@id, 'application-manageconditionprice-display-component---conditions--smartFilterBar-filterItemControl_BASIC-BILL_TYPES-valueHelpDialog-table-rowsel0')]"}
COMMAND: POST /session/85bc92a044d2dfb856863d13adac7a7e/element/f.B14EA88AD92014BD4F4EDEC3100164B7.d.7BE0F2A167F305A56CC98C078C5594A4.e.9182/click - {}
RESULT: {}
COMMAND: GET /session/85bc92a044d2dfb856863d13adac7a7e/screenshot - {}
RESULT: {}
COMMAND: POST /session/85bc92a044d2dfb856863d13adac7a7e/element - {"using":"xpath","value":"//bdi[contains(text(), \"OK\")]"}
RESULT: {"using":"xpath","value":"//bdi[contains(text(), \"OK\")]"}
COMMAND: POST /session/85bc92a044d2dfb856863d13adac7a7e/element/f.B14EA88AD92014BD4F4EDEC3100164B7.d.7BE0F2A167F305A56CC98C078C5594A4.e.9184/click - {}
RESULT: {}
COMMAND: GET /session/85bc92a044d2dfb856863d13adac7a7e/screenshot - {}
RESULT: {}
COMMAND: POST /session/85bc92a044d2dfb856863d13adac7a7e/element - {"using":"xpath","value":"//span[@id=\"application-manageconditionprice-display-component---conditions--smartTable-header-inner\"]"}
RESULT: {"using":"xpath","value":"//span[@id=\"application-manageconditionprice-display-component---conditions--smartTable-header-inner\"]"}
COMMAND: POST /session/85bc92a044d2dfb856863d13adac7a7e/elements - {"using":"xpath","value":"//span[@id=\"application-manageconditionprice-display-component---conditions--smartTable-header-inner\"]"}
RESULT: {"using":"xpath","value":"//span[@id=\"application-manageconditionprice-display-component---conditions--smartTable-header-inner\"]"}
COMMAND: POST /session/85bc92a044d2dfb856863d13adac7a7e/execute/sync - {"script":"<script> [56 bytes]","args":[{"element-6066-11e4-a52e-4f735466cecf":"f.B14EA88AD92014BD4F4EDEC3100164B7.d.7BE0F2A167F305A56CC98C078C5594A4.e.9187","ELEMENT":"f.B14EA88AD92014BD4F4EDEC3100164B7.d.7BE0F2A167F305A56CC98C078C5594A4.e.9187"}]}
RESULT: {"script":"<script> [56 bytes]","args":[{"element-6066-11e4-a52e-4f735466cecf":"f.B14EA88AD92014BD4F4EDEC3100164B7.d.7BE0F2A167F305A56CC98C078C5594A4.e.9187","ELEMENT":"f.B14EA88AD92014BD4F4EDEC3100164B7.d.7BE0F2A167F305A56CC98C078C5594A4.e.9187"}]}
COMMAND: POST /session/85bc92a044d2dfb856863d13adac7a7e/element - {"using":"css selector","value":"#shell-header-logo"}
COMMAND: GET /session/85bc92a044d2dfb856863d13adac7a7e/screenshot - {}
RESULT: {"using":"css selector","value":"#shell-header-logo"}
COMMAND: POST /session/85bc92a044d2dfb856863d13adac7a7e/element/f.B14EA88AD92014BD4F4EDEC3100164B7.d.7BE0F2A167F305A56CC98C078C5594A4.e.8390/click - {}
RESULT: {}
RESULT: {}
COMMAND: GET /session/85bc92a044d2dfb856863d13adac7a7e/screenshot - {}
RESULT: {}
]]></system-out>
    </testcase>
    <testcase classname="chrome.136_0_7103_93.windows.Create_master_data_for_mixed_billing_&amp;_do_billing_calculation_US151661" name="Should add time based condition" time="76.593">
      <system-out><![CDATA[
RESULT: undefined
COMMAND: POST /session/85bc92a044d2dfb856863d13adac7a7e/element - {"using":"xpath","value":"//*[@id=\"__tile53\"]"}
RESULT: {"using":"xpath","value":"//*[@id=\"__tile53\"]"}
COMMAND: POST /session/85bc92a044d2dfb856863d13adac7a7e/element/f.B14EA88AD92014BD4F4EDEC3100164B7.d.7BE0F2A167F305A56CC98C078C5594A4.e.4413/click - {}
RESULT: {}
COMMAND: GET /session/85bc92a044d2dfb856863d13adac7a7e/screenshot - {}
RESULT: {}
COMMAND: POST /session/85bc92a044d2dfb856863d13adac7a7e/elements - {"using":"xpath","value":"//span[text()='Error']"}
RESULT: {"using":"xpath","value":"//span[text()='Error']"}
COMMAND: POST /session/85bc92a044d2dfb856863d13adac7a7e/element - {"using":"xpath","value":"//button[@aria-label=\"Create\"]"}
RESULT: {"using":"xpath","value":"//button[@aria-label=\"Create\"]"}
COMMAND: POST /session/85bc92a044d2dfb856863d13adac7a7e/elements - {"using":"xpath","value":"//button[@aria-label=\"Create\"]"}
RESULT: {"using":"xpath","value":"//button[@aria-label=\"Create\"]"}
COMMAND: POST /session/85bc92a044d2dfb856863d13adac7a7e/execute/sync - {"script":"<script> [8489 bytes]","args":[{"element-6066-11e4-a52e-4f735466cecf":"f.B14EA88AD92014BD4F4EDEC3100164B7.d.7BE0F2A167F305A56CC98C078C5594A4.e.9241","ELEMENT":"f.B14EA88AD92014BD4F4EDEC3100164B7.d.7BE0F2A167F305A56CC98C078C5594A4.e.9241"}]}
RESULT: {"script":"<script> [8489 bytes]","args":[{"element-6066-11e4-a52e-4f735466cecf":"f.B14EA88AD92014BD4F4EDEC3100164B7.d.7BE0F2A167F305A56CC98C078C5594A4.e.9241","ELEMENT":"f.B14EA88AD92014BD4F4EDEC3100164B7.d.7BE0F2A167F305A56CC98C078C5594A4.e.9241"}]}
COMMAND: GET /session/85bc92a044d2dfb856863d13adac7a7e/element/f.B14EA88AD92014BD4F4EDEC3100164B7.d.7BE0F2A167F305A56CC98C078C5594A4.e.9241/enabled - {}
COMMAND: GET /session/85bc92a044d2dfb856863d13adac7a7e/screenshot - {}
RESULT: {}
RESULT: {}
COMMAND: POST /session/85bc92a044d2dfb856863d13adac7a7e/execute/sync - {"script":"<script> [8489 bytes]","args":[{"element-6066-11e4-a52e-4f735466cecf":"f.B14EA88AD92014BD4F4EDEC3100164B7.d.7BE0F2A167F305A56CC98C078C5594A4.e.9241","ELEMENT":"f.B14EA88AD92014BD4F4EDEC3100164B7.d.7BE0F2A167F305A56CC98C078C5594A4.e.9241"}]}
COMMAND: GET /session/85bc92a044d2dfb856863d13adac7a7e/screenshot - {}
RESULT: {"script":"<script> [8489 bytes]","args":[{"element-6066-11e4-a52e-4f735466cecf":"f.B14EA88AD92014BD4F4EDEC3100164B7.d.7BE0F2A167F305A56CC98C078C5594A4.e.9241","ELEMENT":"f.B14EA88AD92014BD4F4EDEC3100164B7.d.7BE0F2A167F305A56CC98C078C5594A4.e.9241"}]}
COMMAND: POST /session/85bc92a044d2dfb856863d13adac7a7e/execute/sync - {"script":"<script> [5351 bytes]","args":[{"element-6066-11e4-a52e-4f735466cecf":"f.B14EA88AD92014BD4F4EDEC3100164B7.d.7BE0F2A167F305A56CC98C078C5594A4.e.9241","ELEMENT":"f.B14EA88AD92014BD4F4EDEC3100164B7.d.7BE0F2A167F305A56CC98C078C5594A4.e.9241"}]}
COMMAND: GET /session/85bc92a044d2dfb856863d13adac7a7e/screenshot - {}
RESULT: {}
RESULT: {"script":"<script> [5351 bytes]","args":[{"element-6066-11e4-a52e-4f735466cecf":"f.B14EA88AD92014BD4F4EDEC3100164B7.d.7BE0F2A167F305A56CC98C078C5594A4.e.9241","ELEMENT":"f.B14EA88AD92014BD4F4EDEC3100164B7.d.7BE0F2A167F305A56CC98C078C5594A4.e.9241"}]}
COMMAND: POST /session/85bc92a044d2dfb856863d13adac7a7e/element/f.B14EA88AD92014BD4F4EDEC3100164B7.d.7BE0F2A167F305A56CC98C078C5594A4.e.9241/click - {}
COMMAND: GET /session/85bc92a044d2dfb856863d13adac7a7e/screenshot - {}
RESULT: {}
RESULT: {}
COMMAND: GET /session/85bc92a044d2dfb856863d13adac7a7e/screenshot - {}
RESULT: {}
RESULT: {}
COMMAND: POST /session/85bc92a044d2dfb856863d13adac7a7e/actions - {"actions":[{"id":"action38","type":"key","parameters":{},"actions":[{"type":"keyDown","value":"î€‡"},{"type":"pause","duration":10},{"type":"keyUp","value":"î€‡"}]}]}
RESULT: {"actions":[{"id":"action38","type":"key","parameters":{},"actions":[{"type":"keyDown","value":"î€‡"},{"type":"pause","duration":10},{"type":"keyUp","value":"î€‡"}]}]}
COMMAND: GET /session/85bc92a044d2dfb856863d13adac7a7e/screenshot - {}
RESULT: undefined
COMMAND: POST /session/85bc92a044d2dfb856863d13adac7a7e/element - {"using":"xpath","value":"//*[@id=\"application-manageconditionprice-display-component---newCondition--condBillCond-arrow\"]"}
RESULT: {}
RESULT: {"using":"xpath","value":"//*[@id=\"application-manageconditionprice-display-component---newCondition--condBillCond-arrow\"]"}
COMMAND: POST /session/85bc92a044d2dfb856863d13adac7a7e/element/f.B14EA88AD92014BD4F4EDEC3100164B7.d.7BE0F2A167F305A56CC98C078C5594A4.e.9691/click - {}
RESULT: {}
COMMAND: GET /session/85bc92a044d2dfb856863d13adac7a7e/screenshot - {}
RESULT: {}
COMMAND: POST /session/85bc92a044d2dfb856863d13adac7a7e/element - {"using":"xpath","value":"//li[.//span[contains(text(), \"DISP - D&I special price\")]]"}
RESULT: {"using":"xpath","value":"//li[.//span[contains(text(), \"DISP - D&I special price\")]]"}
COMMAND: POST /session/85bc92a044d2dfb856863d13adac7a7e/element/f.B14EA88AD92014BD4F4EDEC3100164B7.d.7BE0F2A167F305A56CC98C078C5594A4.e.9694/click - {}
RESULT: {}
COMMAND: GET /session/85bc92a044d2dfb856863d13adac7a7e/screenshot - {}
RESULT: {}
RESULT: undefined
COMMAND: POST /session/85bc92a044d2dfb856863d13adac7a7e/execute/async - {"script":"<script> [776 bytes]","args":[{"enterText":"2/4/26","selector":{"id":"application-manageconditionprice-display-component---newCondition--condValidTo","interaction":{"idSuffix":"inner"}},"clearTextFirst":true,"interactionType":"ENTER_TEXT"}]}
RESULT: {"script":"<script> [776 bytes]","args":[{"enterText":"2/4/26","selector":{"id":"application-manageconditionprice-display-component---newCondition--condValidTo","interaction":{"idSuffix":"inner"}},"clearTextFirst":true,"interactionType":"ENTER_TEXT"}]}
COMMAND: POST /session/85bc92a044d2dfb856863d13adac7a7e/element - {"using":"xpath","value":"//input[@id=\"application-manageconditionprice-display-component---newCondition--condRU-inner\"]"}
RESULT: {"using":"xpath","value":"//input[@id=\"application-manageconditionprice-display-component---newCondition--condRU-inner\"]"}
COMMAND: POST /session/85bc92a044d2dfb856863d13adac7a7e/element/f.B14EA88AD92014BD4F4EDEC3100164B7.d.7BE0F2A167F305A56CC98C078C5594A4.e.9410/clear - {}
RESULT: {}
COMMAND: POST /session/85bc92a044d2dfb856863d13adac7a7e/element/f.B14EA88AD92014BD4F4EDEC3100164B7.d.7BE0F2A167F305A56CC98C078C5594A4.e.9410/value - {"text":"bseo7b6gPn"}
COMMAND: GET /session/85bc92a044d2dfb856863d13adac7a7e/screenshot - {}
RESULT: {"text":"bseo7b6gPn"}
COMMAND: GET /session/85bc92a044d2dfb856863d13adac7a7e/screenshot - {}
RESULT: {}
RESULT: {}
COMMAND: POST /session/85bc92a044d2dfb856863d13adac7a7e/actions - {"actions":[{"id":"action39","type":"key","parameters":{},"actions":[{"type":"keyDown","value":"î€‡"},{"type":"pause","duration":10},{"type":"keyUp","value":"î€‡"}]}]}
RESULT: {"actions":[{"id":"action39","type":"key","parameters":{},"actions":[{"type":"keyDown","value":"î€‡"},{"type":"pause","duration":10},{"type":"keyUp","value":"î€‡"}]}]}
RESULT: undefined
COMMAND: POST /session/85bc92a044d2dfb856863d13adac7a7e/execute/async - {"script":"<script> [776 bytes]","args":[{"enterText":"1","selector":{"id":"application-manageconditionprice-display-component---newCondition--condBaseQty","interaction":{"idSuffix":"inner"}},"clearTextFirst":true,"interactionType":"ENTER_TEXT"}]}
COMMAND: GET /session/85bc92a044d2dfb856863d13adac7a7e/screenshot - {}
RESULT: {"script":"<script> [776 bytes]","args":[{"enterText":"1","selector":{"id":"application-manageconditionprice-display-component---newCondition--condBaseQty","interaction":{"idSuffix":"inner"}},"clearTextFirst":true,"interactionType":"ENTER_TEXT"}]}
RESULT: undefined
COMMAND: POST /session/85bc92a044d2dfb856863d13adac7a7e/execute/async - {"script":"<script> [776 bytes]","args":[{"enterText":"100","selector":{"id":"application-manageconditionprice-display-component---newCondition--condValue","interaction":{"idSuffix":"inner"}},"clearTextFirst":true,"interactionType":"ENTER_TEXT"}]}
RESULT: {}
RESULT: {"script":"<script> [776 bytes]","args":[{"enterText":"100","selector":{"id":"application-manageconditionprice-display-component---newCondition--condValue","interaction":{"idSuffix":"inner"}},"clearTextFirst":true,"interactionType":"ENTER_TEXT"}]}
RESULT: undefined
COMMAND: POST /session/85bc92a044d2dfb856863d13adac7a7e/element - {"using":"xpath","value":"//*[@id=\"application-manageconditionprice-display-component---newCondition--condCurr-arrow\"]"}
RESULT: {"using":"xpath","value":"//*[@id=\"application-manageconditionprice-display-component---newCondition--condCurr-arrow\"]"}
COMMAND: POST /session/85bc92a044d2dfb856863d13adac7a7e/element/f.B14EA88AD92014BD4F4EDEC3100164B7.d.7BE0F2A167F305A56CC98C078C5594A4.e.9638/click - {}
RESULT: {}
COMMAND: POST /session/85bc92a044d2dfb856863d13adac7a7e/element - {"using":"xpath","value":"//span[contains(text(), \"Euro\")]"}
COMMAND: GET /session/85bc92a044d2dfb856863d13adac7a7e/screenshot - {}
RESULT: {"using":"xpath","value":"//span[contains(text(), \"Euro\")]"}
COMMAND: POST /session/85bc92a044d2dfb856863d13adac7a7e/element/f.B14EA88AD92014BD4F4EDEC3100164B7.d.7BE0F2A167F305A56CC98C078C5594A4.e.9727/click - {}
RESULT: {}
RESULT: {}
COMMAND: POST /session/85bc92a044d2dfb856863d13adac7a7e/element - {"using":"xpath","value":"//button[@data-kt=\"saveButton\"]"}
COMMAND: GET /session/85bc92a044d2dfb856863d13adac7a7e/screenshot - {}
RESULT: {"using":"xpath","value":"//button[@data-kt=\"saveButton\"]"}
COMMAND: POST /session/85bc92a044d2dfb856863d13adac7a7e/element/f.B14EA88AD92014BD4F4EDEC3100164B7.d.7BE0F2A167F305A56CC98C078C5594A4.e.9639/click - {}
RESULT: {}
RESULT: {}
COMMAND: GET /session/85bc92a044d2dfb856863d13adac7a7e/screenshot - {}
RESULT: {}
RESULT: undefined
COMMAND: POST /session/85bc92a044d2dfb856863d13adac7a7e/execute/async - {"script":"<script> [776 bytes]","args":[{"enterText":"bseo7b6gPn","selector":{"id":"application-manageconditionprice-display-component---conditions--smartFilterBar-btnBasicSearch","interaction":{"idSuffix":"I"}},"clearTextFirst":true,"interactionType":"ENTER_TEXT"}]}
RESULT: {"script":"<script> [776 bytes]","args":[{"enterText":"bseo7b6gPn","selector":{"id":"application-manageconditionprice-display-component---conditions--smartFilterBar-btnBasicSearch","interaction":{"idSuffix":"I"}},"clearTextFirst":true,"interactionType":"ENTER_TEXT"}]}
COMMAND: POST /session/85bc92a044d2dfb856863d13adac7a7e/actions - {"actions":[{"id":"action40","type":"key","parameters":{},"actions":[{"type":"keyDown","value":"î€‡"},{"type":"pause","duration":10},{"type":"keyUp","value":"î€‡"}]}]}
RESULT: {"actions":[{"id":"action40","type":"key","parameters":{},"actions":[{"type":"keyDown","value":"î€‡"},{"type":"pause","duration":10},{"type":"keyUp","value":"î€‡"}]}]}
COMMAND: GET /session/85bc92a044d2dfb856863d13adac7a7e/screenshot - {}
RESULT: {}
RESULT: undefined
COMMAND: POST /session/85bc92a044d2dfb856863d13adac7a7e/element - {"using":"xpath","value":"//*[@id=\"application-manageconditionprice-display-component---conditions--smartFilterBar-filterItemControl_BASIC-BILL_TYPES-vhi\"]"}
RESULT: {"using":"xpath","value":"//*[@id=\"application-manageconditionprice-display-component---conditions--smartFilterBar-filterItemControl_BASIC-BILL_TYPES-vhi\"]"}
COMMAND: POST /session/85bc92a044d2dfb856863d13adac7a7e/element/f.B14EA88AD92014BD4F4EDEC3100164B7.d.7BE0F2A167F305A56CC98C078C5594A4.e.9954/click - {}
RESULT: {}
RESULT: undefined
COMMAND: POST /session/85bc92a044d2dfb856863d13adac7a7e/execute/async - {"script":"<script> [776 bytes]","args":[{"enterText":"TB","selector":{"id":"application-manageconditionprice-display-component---conditions--smartFilterBar-filterItemControl_BASIC-BILL_TYPES-valueHelpDialog-smartFilterBar-btnBasicSearch","searchOpenDialogs":true,"interaction":{"idSuffix":"I"}},"clearTextFirst":true,"interactionType":"ENTER_TEXT"}]}
COMMAND: GET /session/85bc92a044d2dfb856863d13adac7a7e/screenshot - {}
RESULT: {"script":"<script> [776 bytes]","args":[{"enterText":"TB","selector":{"id":"application-manageconditionprice-display-component---conditions--smartFilterBar-filterItemControl_BASIC-BILL_TYPES-valueHelpDialog-smartFilterBar-btnBasicSearch","searchOpenDialogs":true,"interaction":{"idSuffix":"I"}},"clearTextFirst":true,"interactionType":"ENTER_TEXT"}]}
COMMAND: POST /session/85bc92a044d2dfb856863d13adac7a7e/actions - {"actions":[{"id":"action41","type":"key","parameters":{},"actions":[{"type":"keyDown","value":"î€‡"},{"type":"pause","duration":10},{"type":"keyUp","value":"î€‡"}]}]}
RESULT: {}
RESULT: {"actions":[{"id":"action41","type":"key","parameters":{},"actions":[{"type":"keyDown","value":"î€‡"},{"type":"pause","duration":10},{"type":"keyUp","value":"î€‡"}]}]}
COMMAND: GET /session/85bc92a044d2dfb856863d13adac7a7e/screenshot - {}
RESULT: {}
COMMAND: POST /session/85bc92a044d2dfb856863d13adac7a7e/element - {"using":"xpath","value":"//div[contains(@id, 'application-manageconditionprice-display-component---conditions--smartFilterBar-filterItemControl_BASIC-BILL_TYPES-valueHelpDialog-table-rowsel0')]"}
RESULT: {"using":"xpath","value":"//div[contains(@id, 'application-manageconditionprice-display-component---conditions--smartFilterBar-filterItemControl_BASIC-BILL_TYPES-valueHelpDialog-table-rowsel0')]"}
COMMAND: POST /session/85bc92a044d2dfb856863d13adac7a7e/element/f.B14EA88AD92014BD4F4EDEC3100164B7.d.7BE0F2A167F305A56CC98C078C5594A4.e.9962/click - {}
RESULT: {}
COMMAND: GET /session/85bc92a044d2dfb856863d13adac7a7e/screenshot - {}
RESULT: {}
COMMAND: POST /session/85bc92a044d2dfb856863d13adac7a7e/element - {"using":"xpath","value":"//bdi[contains(text(), \"OK\")]"}
RESULT: {"using":"xpath","value":"//bdi[contains(text(), \"OK\")]"}
COMMAND: POST /session/85bc92a044d2dfb856863d13adac7a7e/element/f.B14EA88AD92014BD4F4EDEC3100164B7.d.7BE0F2A167F305A56CC98C078C5594A4.e.9964/click - {}
RESULT: {}
COMMAND: GET /session/85bc92a044d2dfb856863d13adac7a7e/screenshot - {}
RESULT: {}
COMMAND: POST /session/85bc92a044d2dfb856863d13adac7a7e/element - {"using":"xpath","value":"//span[@id=\"application-manageconditionprice-display-component---conditions--smartTable-header-inner\"]"}
RESULT: {"using":"xpath","value":"//span[@id=\"application-manageconditionprice-display-component---conditions--smartTable-header-inner\"]"}
COMMAND: POST /session/85bc92a044d2dfb856863d13adac7a7e/elements - {"using":"xpath","value":"//span[@id=\"application-manageconditionprice-display-component---conditions--smartTable-header-inner\"]"}
RESULT: {"using":"xpath","value":"//span[@id=\"application-manageconditionprice-display-component---conditions--smartTable-header-inner\"]"}
COMMAND: POST /session/85bc92a044d2dfb856863d13adac7a7e/execute/sync - {"script":"<script> [56 bytes]","args":[{"element-6066-11e4-a52e-4f735466cecf":"f.B14EA88AD92014BD4F4EDEC3100164B7.d.7BE0F2A167F305A56CC98C078C5594A4.e.10000","ELEMENT":"f.B14EA88AD92014BD4F4EDEC3100164B7.d.7BE0F2A167F305A56CC98C078C5594A4.e.10000"}]}
RESULT: {"script":"<script> [56 bytes]","args":[{"element-6066-11e4-a52e-4f735466cecf":"f.B14EA88AD92014BD4F4EDEC3100164B7.d.7BE0F2A167F305A56CC98C078C5594A4.e.10000","ELEMENT":"f.B14EA88AD92014BD4F4EDEC3100164B7.d.7BE0F2A167F305A56CC98C078C5594A4.e.10000"}]}
COMMAND: POST /session/85bc92a044d2dfb856863d13adac7a7e/element - {"using":"css selector","value":"#shell-header-logo"}
COMMAND: GET /session/85bc92a044d2dfb856863d13adac7a7e/screenshot - {}
RESULT: {"using":"css selector","value":"#shell-header-logo"}
COMMAND: POST /session/85bc92a044d2dfb856863d13adac7a7e/element/f.B14EA88AD92014BD4F4EDEC3100164B7.d.7BE0F2A167F305A56CC98C078C5594A4.e.9192/click - {}
RESULT: {}
RESULT: {}
COMMAND: GET /session/85bc92a044d2dfb856863d13adac7a7e/screenshot - {}
RESULT: {}
]]></system-out>
    </testcase>
  </testsuite>
  <testsuite timestamp="2025-06-04T05:51:05" time="749.672" tests="13" failures="6" errors="6" skipped="0">
    <properties>
      <property name="specId" value="0" />
      <property name="suiteName" value="Performance based billing (work days) US139742" />
      <property name="capabilities" value="chrome.136_0_7103_93.windows" />
      <property name="file" value="file:///D:/a/1/s/test/specs/BTS/billing-performance-workdays.spec.js" />
    </properties>
    <testcase classname="chrome.136_0_7103_93.windows.Performance_based_billing_(work_days)_US139742" name="Should create a new yard" time="0.025">
      <system-out><![CDATA[
COMMAND: POST /session/85bc92a044d2dfb856863d13adac7a7e/window/fullscreen - {}
RESULT: {}
]]></system-out>
    </testcase>
    <testcase classname="chrome.136_0_7103_93.windows.Performance_based_billing_(work_days)_US139742" name="Should create a new partner" time="0.003" />
    <testcase classname="chrome.136_0_7103_93.windows.Performance_based_billing_(work_days)_US139742" name="Should create a new site" time="0.003" />
    <testcase classname="chrome.136_0_7103_93.windows.Performance_based_billing_(work_days)_US139742" name="Should do prerequisite steps add equipment" time="130.163">
      <system-out><![CDATA[
COMMAND: POST /session/85bc92a044d2dfb856863d13adac7a7e/execute/async - {"script":"<script> [1562 bytes]","args":[{"selector":{"controlType":"sap.m.GenericTile","properties":{"header":"Manage Resources"}},"wdio_ui5_key":"sapm.GenericTile{\"header\":\"Manage Resources\"}"}]}
RESULT: {"script":"<script> [1562 bytes]","args":[{"selector":{"controlType":"sap.m.GenericTile","properties":{"header":"Manage Resources"}},"wdio_ui5_key":"sapm.GenericTile{\"header\":\"Manage Resources\"}"}]}
RESULT: undefined
COMMAND: POST /session/85bc92a044d2dfb856863d13adac7a7e/element - {"using":"xpath","value":"//*[@id=\"__tile39\"]"}
RESULT: {"using":"xpath","value":"//*[@id=\"__tile39\"]"}
COMMAND: POST /session/85bc92a044d2dfb856863d13adac7a7e/element/f.B14EA88AD92014BD4F4EDEC3100164B7.d.2A79502215260834CFFE03F44AE5440C.e.10598/click - {}
RESULT: {}
COMMAND: GET /session/85bc92a044d2dfb856863d13adac7a7e/screenshot - {}
RESULT: {}
COMMAND: POST /session/85bc92a044d2dfb856863d13adac7a7e/elements - {"using":"xpath","value":"//span[text()='Error']"}
RESULT: {"using":"xpath","value":"//span[text()='Error']"}
COMMAND: POST /session/85bc92a044d2dfb856863d13adac7a7e/element - {"using":"xpath","value":"//button[@data-kt=\"addNewRUOverflowToolbarButton\"]"}
RESULT: {"using":"xpath","value":"//button[@data-kt=\"addNewRUOverflowToolbarButton\"]"}
COMMAND: POST /session/85bc92a044d2dfb856863d13adac7a7e/elements - {"using":"xpath","value":"//button[@data-kt=\"addNewRUOverflowToolbarButton\"]"}
RESULT: {"using":"xpath","value":"//button[@data-kt=\"addNewRUOverflowToolbarButton\"]"}
COMMAND: POST /session/85bc92a044d2dfb856863d13adac7a7e/execute/sync - {"script":"<script> [8489 bytes]","args":[{"element-6066-11e4-a52e-4f735466cecf":"f.B14EA88AD92014BD4F4EDEC3100164B7.d.2A79502215260834CFFE03F44AE5440C.e.10738","ELEMENT":"f.B14EA88AD92014BD4F4EDEC3100164B7.d.2A79502215260834CFFE03F44AE5440C.e.10738"}]}
RESULT: {"script":"<script> [8489 bytes]","args":[{"element-6066-11e4-a52e-4f735466cecf":"f.B14EA88AD92014BD4F4EDEC3100164B7.d.2A79502215260834CFFE03F44AE5440C.e.10738","ELEMENT":"f.B14EA88AD92014BD4F4EDEC3100164B7.d.2A79502215260834CFFE03F44AE5440C.e.10738"}]}
COMMAND: GET /session/85bc92a044d2dfb856863d13adac7a7e/element/f.B14EA88AD92014BD4F4EDEC3100164B7.d.2A79502215260834CFFE03F44AE5440C.e.10738/enabled - {}
COMMAND: GET /session/85bc92a044d2dfb856863d13adac7a7e/screenshot - {}
RESULT: {}
COMMAND: POST /session/85bc92a044d2dfb856863d13adac7a7e/execute/sync - {"script":"<script> [8489 bytes]","args":[{"element-6066-11e4-a52e-4f735466cecf":"f.B14EA88AD92014BD4F4EDEC3100164B7.d.2A79502215260834CFFE03F44AE5440C.e.10738","ELEMENT":"f.B14EA88AD92014BD4F4EDEC3100164B7.d.2A79502215260834CFFE03F44AE5440C.e.10738"}]}
COMMAND: GET /session/85bc92a044d2dfb856863d13adac7a7e/screenshot - {}
RESULT: {}
RESULT: {"script":"<script> [8489 bytes]","args":[{"element-6066-11e4-a52e-4f735466cecf":"f.B14EA88AD92014BD4F4EDEC3100164B7.d.2A79502215260834CFFE03F44AE5440C.e.10738","ELEMENT":"f.B14EA88AD92014BD4F4EDEC3100164B7.d.2A79502215260834CFFE03F44AE5440C.e.10738"}]}
COMMAND: POST /session/85bc92a044d2dfb856863d13adac7a7e/execute/sync - {"script":"<script> [5351 bytes]","args":[{"element-6066-11e4-a52e-4f735466cecf":"f.B14EA88AD92014BD4F4EDEC3100164B7.d.2A79502215260834CFFE03F44AE5440C.e.10738","ELEMENT":"f.B14EA88AD92014BD4F4EDEC3100164B7.d.2A79502215260834CFFE03F44AE5440C.e.10738"}]}
COMMAND: GET /session/85bc92a044d2dfb856863d13adac7a7e/screenshot - {}
RESULT: {}
RESULT: {"script":"<script> [5351 bytes]","args":[{"element-6066-11e4-a52e-4f735466cecf":"f.B14EA88AD92014BD4F4EDEC3100164B7.d.2A79502215260834CFFE03F44AE5440C.e.10738","ELEMENT":"f.B14EA88AD92014BD4F4EDEC3100164B7.d.2A79502215260834CFFE03F44AE5440C.e.10738"}]}
COMMAND: POST /session/85bc92a044d2dfb856863d13adac7a7e/element/f.B14EA88AD92014BD4F4EDEC3100164B7.d.2A79502215260834CFFE03F44AE5440C.e.10738/click - {}
COMMAND: GET /session/85bc92a044d2dfb856863d13adac7a7e/screenshot - {}
RESULT: {}
RESULT: {}
COMMAND: GET /session/85bc92a044d2dfb856863d13adac7a7e/screenshot - {}
COMMAND: POST /session/85bc92a044d2dfb856863d13adac7a7e/execute/async - {"script":"<script> [1562 bytes]","args":[{"selector":{"id":"application-manageresources-display-component---newResourceUnit--TYPE-arrow"},"wdio_ui5_key":"applicationmanageresources-display-component---newResourceUnit--TYPE-arrow"}]}
RESULT: {}
RESULT: {}
RESULT: {"script":"<script> [1562 bytes]","args":[{"selector":{"id":"application-manageresources-display-component---newResourceUnit--TYPE-arrow"},"wdio_ui5_key":"applicationmanageresources-display-component---newResourceUnit--TYPE-arrow"}]}
RESULT: undefined
COMMAND: POST /session/85bc92a044d2dfb856863d13adac7a7e/element - {"using":"xpath","value":"//*[@id=\"application-manageresources-display-component---newResourceUnit--TYPE-arrow\"]"}
RESULT: {"using":"xpath","value":"//*[@id=\"application-manageresources-display-component---newResourceUnit--TYPE-arrow\"]"}
COMMAND: POST /session/85bc92a044d2dfb856863d13adac7a7e/element/f.B14EA88AD92014BD4F4EDEC3100164B7.d.2A79502215260834CFFE03F44AE5440C.e.11107/click - {}
RESULT: {}
COMMAND: POST /session/85bc92a044d2dfb856863d13adac7a7e/element - {"using":"xpath","value":"//input[@id=\"application-manageresources-display-component---newResourceUnit--TYPE-inner\"]"}
COMMAND: GET /session/85bc92a044d2dfb856863d13adac7a7e/screenshot - {}
RESULT: {"using":"xpath","value":"//input[@id=\"application-manageresources-display-component---newResourceUnit--TYPE-inner\"]"}
COMMAND: POST /session/85bc92a044d2dfb856863d13adac7a7e/element/f.B14EA88AD92014BD4F4EDEC3100164B7.d.2A79502215260834CFFE03F44AE5440C.e.11089/clear - {}
RESULT: {}
RESULT: {}
COMMAND: POST /session/85bc92a044d2dfb856863d13adac7a7e/element/f.B14EA88AD92014BD4F4EDEC3100164B7.d.2A79502215260834CFFE03F44AE5440C.e.11089/value - {"text":"Equipment"}
COMMAND: GET /session/85bc92a044d2dfb856863d13adac7a7e/screenshot - {}
RESULT: {"text":"Equipment"}
COMMAND: GET /session/85bc92a044d2dfb856863d13adac7a7e/screenshot - {}
RESULT: {}
RESULT: {}
COMMAND: POST /session/85bc92a044d2dfb856863d13adac7a7e/actions - {"actions":[{"id":"action44","type":"key","parameters":{},"actions":[{"type":"keyDown","value":"î€‡"},{"type":"pause","duration":10},{"type":"keyUp","value":"î€‡"}]}]}
RESULT: {"actions":[{"id":"action44","type":"key","parameters":{},"actions":[{"type":"keyDown","value":"î€‡"},{"type":"pause","duration":10},{"type":"keyUp","value":"î€‡"}]}]}
COMMAND: POST /session/85bc92a044d2dfb856863d13adac7a7e/execute/async - {"script":"<script> [1562 bytes]","args":[{"selector":{"id":"application-manageresources-display-component---newResourceUnit--resourceId","interaction":{"idSuffix":"inner"}},"wdio_ui5_key":"applicationmanageresources-display-component---newResourceUnit--resourceId"}]}
COMMAND: GET /session/85bc92a044d2dfb856863d13adac7a7e/screenshot - {}
RESULT: {"script":"<script> [1562 bytes]","args":[{"selector":{"id":"application-manageresources-display-component---newResourceUnit--resourceId","interaction":{"idSuffix":"inner"}},"wdio_ui5_key":"applicationmanageresources-display-component---newResourceUnit--resourceId"}]}
RESULT: undefined
COMMAND: POST /session/85bc92a044d2dfb856863d13adac7a7e/execute/async - {"script":"<script> [776 bytes]","args":[{"enterText":"jmmlU7zvE9","selector":{"id":"application-manageresources-display-component---newResourceUnit--resourceId","interaction":{"idSuffix":"inner"}},"clearTextFirst":true,"interactionType":"ENTER_TEXT"}]}
RESULT: {}
RESULT: {"script":"<script> [776 bytes]","args":[{"enterText":"jmmlU7zvE9","selector":{"id":"application-manageresources-display-component---newResourceUnit--resourceId","interaction":{"idSuffix":"inner"}},"clearTextFirst":true,"interactionType":"ENTER_TEXT"}]}
COMMAND: POST /session/85bc92a044d2dfb856863d13adac7a7e/execute/async - {"script":"<script> [1562 bytes]","args":[{"selector":{"id":"application-manageresources-display-component---newResourceUnit--SHORT_TEXT","interaction":{"idSuffix":"inner"}},"wdio_ui5_key":"applicationmanageresources-display-component---newResourceUnit--SHORT_TEXT"}]}
RESULT: {"script":"<script> [1562 bytes]","args":[{"selector":{"id":"application-manageresources-display-component---newResourceUnit--SHORT_TEXT","interaction":{"idSuffix":"inner"}},"wdio_ui5_key":"applicationmanageresources-display-component---newResourceUnit--SHORT_TEXT"}]}
RESULT: undefined
COMMAND: POST /session/85bc92a044d2dfb856863d13adac7a7e/execute/async - {"script":"<script> [776 bytes]","args":[{"enterText":"Intercompany Equipment WDIO","selector":{"id":"application-manageresources-display-component---newResourceUnit--SHORT_TEXT","interaction":{"idSuffix":"inner"}},"clearTextFirst":true,"interactionType":"ENTER_TEXT"}]}
RESULT: {"script":"<script> [776 bytes]","args":[{"enterText":"Intercompany Equipment WDIO","selector":{"id":"application-manageresources-display-component---newResourceUnit--SHORT_TEXT","interaction":{"idSuffix":"inner"}},"clearTextFirst":true,"interactionType":"ENTER_TEXT"}]}
COMMAND: POST /session/85bc92a044d2dfb856863d13adac7a7e/execute/async - {"script":"<script> [1562 bytes]","args":[{"selector":{"id":"application-manageresources-display-component---newResourceUnit--BASE_UNIT_OF_MEASURE","interaction":{"idSuffix":"inner"}},"wdio_ui5_key":"applicationmanageresources-display-component---newResourceUnit--BASE_UNIT_OF_MEASURE"}]}
RESULT: {"script":"<script> [1562 bytes]","args":[{"selector":{"id":"application-manageresources-display-component---newResourceUnit--BASE_UNIT_OF_MEASURE","interaction":{"idSuffix":"inner"}},"wdio_ui5_key":"applicationmanageresources-display-component---newResourceUnit--BASE_UNIT_OF_MEASURE"}]}
RESULT: undefined
COMMAND: POST /session/85bc92a044d2dfb856863d13adac7a7e/execute/async - {"script":"<script> [776 bytes]","args":[{"enterText":"Piece","selector":{"id":"application-manageresources-display-component---newResourceUnit--BASE_UNIT_OF_MEASURE","interaction":{"idSuffix":"inner"}},"clearTextFirst":true,"interactionType":"ENTER_TEXT"}]}
RESULT: {"script":"<script> [776 bytes]","args":[{"enterText":"Piece","selector":{"id":"application-manageresources-display-component---newResourceUnit--BASE_UNIT_OF_MEASURE","interaction":{"idSuffix":"inner"}},"clearTextFirst":true,"interactionType":"ENTER_TEXT"}]}
COMMAND: POST /session/85bc92a044d2dfb856863d13adac7a7e/execute/async - {"script":"<script> [1562 bytes]","args":[{"selector":{"id":"application-manageresources-display-component---newResourceUnit--WEIGHT_UNIT","interaction":{"idSuffix":"inner"}},"wdio_ui5_key":"applicationmanageresources-display-component---newResourceUnit--WEIGHT_UNIT"}]}
RESULT: {"script":"<script> [1562 bytes]","args":[{"selector":{"id":"application-manageresources-display-component---newResourceUnit--WEIGHT_UNIT","interaction":{"idSuffix":"inner"}},"wdio_ui5_key":"applicationmanageresources-display-component---newResourceUnit--WEIGHT_UNIT"}]}
RESULT: undefined
COMMAND: POST /session/85bc92a044d2dfb856863d13adac7a7e/execute/async - {"script":"<script> [776 bytes]","args":[{"enterText":"Gram","selector":{"id":"application-manageresources-display-component---newResourceUnit--WEIGHT_UNIT","interaction":{"idSuffix":"inner"}},"clearTextFirst":true,"interactionType":"ENTER_TEXT"}]}
RESULT: {"script":"<script> [776 bytes]","args":[{"enterText":"Gram","selector":{"id":"application-manageresources-display-component---newResourceUnit--WEIGHT_UNIT","interaction":{"idSuffix":"inner"}},"clearTextFirst":true,"interactionType":"ENTER_TEXT"}]}
COMMAND: POST /session/85bc92a044d2dfb856863d13adac7a7e/execute/async - {"script":"<script> [1562 bytes]","args":[{"selector":{"id":"application-manageresources-display-component---newResourceUnit--DIMENSION_UNIT","interaction":{"idSuffix":"inner"}},"wdio_ui5_key":"applicationmanageresources-display-component---newResourceUnit--DIMENSION_UNIT"}]}
RESULT: {"script":"<script> [1562 bytes]","args":[{"selector":{"id":"application-manageresources-display-component---newResourceUnit--DIMENSION_UNIT","interaction":{"idSuffix":"inner"}},"wdio_ui5_key":"applicationmanageresources-display-component---newResourceUnit--DIMENSION_UNIT"}]}
RESULT: undefined
COMMAND: POST /session/85bc92a044d2dfb856863d13adac7a7e/execute/async - {"script":"<script> [776 bytes]","args":[{"enterText":"Meter","selector":{"id":"application-manageresources-display-component---newResourceUnit--DIMENSION_UNIT","interaction":{"idSuffix":"inner"}},"clearTextFirst":true,"interactionType":"ENTER_TEXT"}]}
RESULT: {"script":"<script> [776 bytes]","args":[{"enterText":"Meter","selector":{"id":"application-manageresources-display-component---newResourceUnit--DIMENSION_UNIT","interaction":{"idSuffix":"inner"}},"clearTextFirst":true,"interactionType":"ENTER_TEXT"}]}
COMMAND: POST /session/85bc92a044d2dfb856863d13adac7a7e/execute/async - {"script":"<script> [1562 bytes]","args":[{"selector":{"id":"application-manageresources-display-component---newResourceUnit--newRRUPage-anchBar-application-manageresources-display-component---newResourceUnit--control-anchor","interaction":{"idSuffix":"BDI-content"}},"wdio_ui5_key":"applicationmanageresources-display-component---newResourceUnit--newRRUPage-anchBar-application-manageresources-display-component---newResourceUnit--control-anchor"}]}
RESULT: {"script":"<script> [1562 bytes]","args":[{"selector":{"id":"application-manageresources-display-component---newResourceUnit--newRRUPage-anchBar-application-manageresources-display-component---newResourceUnit--control-anchor","interaction":{"idSuffix":"BDI-content"}},"wdio_ui5_key":"applicationmanageresources-display-component---newResourceUnit--newRRUPage-anchBar-application-manageresources-display-component---newResourceUnit--control-anchor"}]}
RESULT: undefined
COMMAND: POST /session/85bc92a044d2dfb856863d13adac7a7e/element - {"using":"xpath","value":"//*[@id=\"application-manageresources-display-component---newResourceUnit--newRRUPage-anchBar-application-manageresources-display-component---newResourceUnit--control-anchor\"]"}
RESULT: {"using":"xpath","value":"//*[@id=\"application-manageresources-display-component---newResourceUnit--newRRUPage-anchBar-application-manageresources-display-component---newResourceUnit--control-anchor\"]"}
COMMAND: POST /session/85bc92a044d2dfb856863d13adac7a7e/element/f.B14EA88AD92014BD4F4EDEC3100164B7.d.2A79502215260834CFFE03F44AE5440C.e.11266/click - {}
RESULT: {}
COMMAND: POST /session/85bc92a044d2dfb856863d13adac7a7e/execute/async - {"script":"<script> [1562 bytes]","args":[{"selector":{"id":"application-manageresources-display-component---newResourceUnit--PLANNING_GROUP","interaction":{"idSuffix":"inner"}},"wdio_ui5_key":"applicationmanageresources-display-component---newResourceUnit--PLANNING_GROUP"}]}
COMMAND: GET /session/85bc92a044d2dfb856863d13adac7a7e/screenshot - {}
RESULT: {"script":"<script> [1562 bytes]","args":[{"selector":{"id":"application-manageresources-display-component---newResourceUnit--PLANNING_GROUP","interaction":{"idSuffix":"inner"}},"wdio_ui5_key":"applicationmanageresources-display-component---newResourceUnit--PLANNING_GROUP"}]}
RESULT: undefined
COMMAND: POST /session/85bc92a044d2dfb856863d13adac7a7e/execute/async - {"script":"<script> [776 bytes]","args":[{"enterText":"Heavy Equi","selector":{"id":"application-manageresources-display-component---newResourceUnit--PLANNING_GROUP","interaction":{"idSuffix":"inner"}},"clearTextFirst":true,"interactionType":"ENTER_TEXT"}]}
RESULT: {}
RESULT: {"script":"<script> [776 bytes]","args":[{"enterText":"Heavy Equi","selector":{"id":"application-manageresources-display-component---newResourceUnit--PLANNING_GROUP","interaction":{"idSuffix":"inner"}},"clearTextFirst":true,"interactionType":"ENTER_TEXT"}]}
COMMAND: POST /session/85bc92a044d2dfb856863d13adac7a7e/execute/async - {"script":"<script> [1562 bytes]","args":[{"selector":{"id":"application-manageresources-display-component---newResourceUnit--ITEM_TYPE-arrow"},"wdio_ui5_key":"applicationmanageresources-display-component---newResourceUnit--ITEM_TYPE-arrow"}]}
RESULT: {"script":"<script> [1562 bytes]","args":[{"selector":{"id":"application-manageresources-display-component---newResourceUnit--ITEM_TYPE-arrow"},"wdio_ui5_key":"applicationmanageresources-display-component---newResourceUnit--ITEM_TYPE-arrow"}]}
RESULT: undefined
COMMAND: POST /session/85bc92a044d2dfb856863d13adac7a7e/element - {"using":"xpath","value":"//*[@id=\"application-manageresources-display-component---newResourceUnit--ITEM_TYPE-arrow\"]"}
RESULT: {"using":"xpath","value":"//*[@id=\"application-manageresources-display-component---newResourceUnit--ITEM_TYPE-arrow\"]"}
COMMAND: POST /session/85bc92a044d2dfb856863d13adac7a7e/element/f.B14EA88AD92014BD4F4EDEC3100164B7.d.2A79502215260834CFFE03F44AE5440C.e.11273/click - {}
RESULT: {}
COMMAND: POST /session/85bc92a044d2dfb856863d13adac7a7e/element - {"using":"xpath","value":"//ul[contains(@id,\"ITEM_TYPE-popup-list-listUl\")]//li[.//span[contains(text(),\"Resource Unit\")]]"}
COMMAND: GET /session/85bc92a044d2dfb856863d13adac7a7e/screenshot - {}
RESULT: {"using":"xpath","value":"//ul[contains(@id,\"ITEM_TYPE-popup-list-listUl\")]//li[.//span[contains(text(),\"Resource Unit\")]]"}
COMMAND: POST /session/85bc92a044d2dfb856863d13adac7a7e/element/f.B14EA88AD92014BD4F4EDEC3100164B7.d.2A79502215260834CFFE03F44AE5440C.e.11274/click - {}
RESULT: {}
RESULT: {}
COMMAND: GET /session/85bc92a044d2dfb856863d13adac7a7e/screenshot - {}
RESULT: {}
COMMAND: POST /session/85bc92a044d2dfb856863d13adac7a7e/element - {"using":"css selector","value":"#application-manageresources-display-component---newResourceUnit--btnAddTimeSegment"}
RESULT: {"using":"css selector","value":"#application-manageresources-display-component---newResourceUnit--btnAddTimeSegment"}
COMMAND: GET /session/85bc92a044d2dfb856863d13adac7a7e/element/f.B14EA88AD92014BD4F4EDEC3100164B7.d.2A79502215260834CFFE03F44AE5440C.e.11281/rect - {}
RESULT: {}
COMMAND: GET /session/85bc92a044d2dfb856863d13adac7a7e/window/rect - {}
RESULT: {}
COMMAND: POST /session/85bc92a044d2dfb856863d13adac7a7e/execute/sync - {"script":"<script> [92 bytes]","args":[]}
RESULT: {"script":"<script> [92 bytes]","args":[]}
COMMAND: POST /session/85bc92a044d2dfb856863d13adac7a7e/actions - {"actions":[{"id":"action45","type":"wheel","parameters":{},"actions":[{"type":"scroll","x":-1888,"y":-32,"deltaX":0,"deltaY":0,"duration":0,"origin":{"element-6066-11e4-a52e-4f735466cecf":"f.B14EA88AD92014BD4F4EDEC3100164B7.d.2A79502215260834CFFE03F44AE5440C.e.11281"}}]}]}
COMMAND: GET /session/85bc92a044d2dfb856863d13adac7a7e/screenshot - {}
RESULT: {}
COMMAND: POST /session/85bc92a044d2dfb856863d13adac7a7e/execute/sync - {"script":"<script> [79 bytes]","args":[{"element-6066-11e4-a52e-4f735466cecf":"f.B14EA88AD92014BD4F4EDEC3100164B7.d.2A79502215260834CFFE03F44AE5440C.e.11281","ELEMENT":"f.B14EA88AD92014BD4F4EDEC3100164B7.d.2A79502215260834CFFE03F44AE5440C.e.11281"},{"block":"start","inline":"nearest"}]}
RESULT: {"script":"<script> [79 bytes]","args":[{"element-6066-11e4-a52e-4f735466cecf":"f.B14EA88AD92014BD4F4EDEC3100164B7.d.2A79502215260834CFFE03F44AE5440C.e.11281","ELEMENT":"f.B14EA88AD92014BD4F4EDEC3100164B7.d.2A79502215260834CFFE03F44AE5440C.e.11281"},{"block":"start","inline":"nearest"}]}
COMMAND: POST /session/85bc92a044d2dfb856863d13adac7a7e/execute/async - {"script":"<script> [1562 bytes]","args":[{"selector":{"id":"application-manageresources-display-component---newResourceUnit--btnAddTimeSegment","interaction":{"idSuffix":"inner"}},"wdio_ui5_key":"applicationmanageresources-display-component---newResourceUnit--btnAddTimeSegment"}]}
COMMAND: GET /session/85bc92a044d2dfb856863d13adac7a7e/screenshot - {}
RESULT: {"script":"<script> [1562 bytes]","args":[{"selector":{"id":"application-manageresources-display-component---newResourceUnit--btnAddTimeSegment","interaction":{"idSuffix":"inner"}},"wdio_ui5_key":"applicationmanageresources-display-component---newResourceUnit--btnAddTimeSegment"}]}
RESULT: undefined
COMMAND: POST /session/85bc92a044d2dfb856863d13adac7a7e/element - {"using":"xpath","value":"//*[@id=\"application-manageresources-display-component---newResourceUnit--btnAddTimeSegment\"]"}
RESULT: {}
RESULT: {"using":"xpath","value":"//*[@id=\"application-manageresources-display-component---newResourceUnit--btnAddTimeSegment\"]"}
COMMAND: POST /session/85bc92a044d2dfb856863d13adac7a7e/element/f.B14EA88AD92014BD4F4EDEC3100164B7.d.2A79502215260834CFFE03F44AE5440C.e.11281/click - {}
RESULT: {}
COMMAND: GET /session/85bc92a044d2dfb856863d13adac7a7e/screenshot - {}
RESULT: {}
COMMAND: POST /session/85bc92a044d2dfb856863d13adac7a7e/element - {"using":"xpath","value":"//input[@id=\"application-manageresources-display-component---newResourceUnit--idRuTSAdmin-application-manageresources-display-component---newResourceUnit--RUTimeSegment-0-inner\"]"}
RESULT: {"using":"xpath","value":"//input[@id=\"application-manageresources-display-component---newResourceUnit--idRuTSAdmin-application-manageresources-display-component---newResourceUnit--RUTimeSegment-0-inner\"]"}
COMMAND: POST /session/85bc92a044d2dfb856863d13adac7a7e/element/f.B14EA88AD92014BD4F4EDEC3100164B7.d.2A79502215260834CFFE03F44AE5440C.e.11287/clear - {}
RESULT: {}
COMMAND: POST /session/85bc92a044d2dfb856863d13adac7a7e/element/f.B14EA88AD92014BD4F4EDEC3100164B7.d.2A79502215260834CFFE03F44AE5440C.e.11287/value - {"text":"631"}
COMMAND: GET /session/85bc92a044d2dfb856863d13adac7a7e/screenshot - {}
RESULT: {"text":"631"}
COMMAND: GET /session/85bc92a044d2dfb856863d13adac7a7e/screenshot - {}
RESULT: {}
RESULT: {}
COMMAND: POST /session/85bc92a044d2dfb856863d13adac7a7e/element - {"using":"xpath","value":"//li[.//span[text()='631']]"}
RESULT: {"using":"xpath","value":"//li[.//span[text()='631']]"}
COMMAND: POST /session/85bc92a044d2dfb856863d13adac7a7e/element/f.B14EA88AD92014BD4F4EDEC3100164B7.d.2A79502215260834CFFE03F44AE5440C.e.11299/click - {}
RESULT: {}
COMMAND: GET /session/85bc92a044d2dfb856863d13adac7a7e/screenshot - {}
RESULT: {}
COMMAND: POST /session/85bc92a044d2dfb856863d13adac7a7e/element - {"using":"xpath","value":"(//span[contains(@id, \"-application-manageresources-display-component---newResourceUnit--RUTimeSegment-0-arrow\")])[6]"}
RESULT: {"using":"xpath","value":"(//span[contains(@id, \"-application-manageresources-display-component---newResourceUnit--RUTimeSegment-0-arrow\")])[6]"}
COMMAND: POST /session/85bc92a044d2dfb856863d13adac7a7e/element/f.B14EA88AD92014BD4F4EDEC3100164B7.d.2A79502215260834CFFE03F44AE5440C.e.11300/click - {}
RESULT: {}
COMMAND: GET /session/85bc92a044d2dfb856863d13adac7a7e/screenshot - {}
RESULT: {}
COMMAND: POST /session/85bc92a044d2dfb856863d13adac7a7e/element - {"using":"xpath","value":"//span[contains(text(), \"PM Order\")]"}
RESULT: {"using":"xpath","value":"//span[contains(text(), \"PM Order\")]"}
COMMAND: POST /session/85bc92a044d2dfb856863d13adac7a7e/element/f.B14EA88AD92014BD4F4EDEC3100164B7.d.2A79502215260834CFFE03F44AE5440C.e.11303/click - {}
RESULT: {}
COMMAND: GET /session/85bc92a044d2dfb856863d13adac7a7e/screenshot - {}
RESULT: {}
COMMAND: POST /session/85bc92a044d2dfb856863d13adac7a7e/element - {"using":"xpath","value":"(//span[contains(@id ,\"manageresources-display-component---newResourceUnit--RUTimeSegment-0-vhi\")])[1]"}
RESULT: {"using":"xpath","value":"(//span[contains(@id ,\"manageresources-display-component---newResourceUnit--RUTimeSegment-0-vhi\")])[1]"}
COMMAND: GET /session/85bc92a044d2dfb856863d13adac7a7e/element/f.B14EA88AD92014BD4F4EDEC3100164B7.d.2A79502215260834CFFE03F44AE5440C.e.11307/rect - {}
RESULT: {}
COMMAND: GET /session/85bc92a044d2dfb856863d13adac7a7e/window/rect - {}
RESULT: {}
COMMAND: POST /session/85bc92a044d2dfb856863d13adac7a7e/execute/sync - {"script":"<script> [92 bytes]","args":[]}
RESULT: {"script":"<script> [92 bytes]","args":[]}
COMMAND: POST /session/85bc92a044d2dfb856863d13adac7a7e/actions - {"actions":[{"id":"action46","type":"wheel","parameters":{},"actions":[{"type":"scroll","x":-869,"y":-24,"deltaX":0,"deltaY":0,"duration":0,"origin":{"element-6066-11e4-a52e-4f735466cecf":"f.B14EA88AD92014BD4F4EDEC3100164B7.d.2A79502215260834CFFE03F44AE5440C.e.11307"}}]}]}
COMMAND: GET /session/85bc92a044d2dfb856863d13adac7a7e/screenshot - {}
RESULT: {"actions":[{"id":"action46","type":"wheel","parameters":{},"actions":[{"type":"scroll","x":-869,"y":-24,"deltaX":0,"deltaY":0,"duration":0,"origin":{"element-6066-11e4-a52e-4f735466cecf":"f.B14EA88AD92014BD4F4EDEC3100164B7.d.2A79502215260834CFFE03F44AE5440C.e.11307"}}]}]}
COMMAND: DELETE /session/85bc92a044d2dfb856863d13adac7a7e/actions - {}
COMMAND: GET /session/85bc92a044d2dfb856863d13adac7a7e/screenshot - {}
RESULT: {}
RESULT: {}
COMMAND: GET /session/85bc92a044d2dfb856863d13adac7a7e/screenshot - {}
RESULT: {}
RESULT: {}
COMMAND: POST /session/85bc92a044d2dfb856863d13adac7a7e/element/f.B14EA88AD92014BD4F4EDEC3100164B7.d.2A79502215260834CFFE03F44AE5440C.e.11307/click - {}
RESULT: {}
COMMAND: GET /session/85bc92a044d2dfb856863d13adac7a7e/screenshot - {}
RESULT: {}
COMMAND: POST /session/85bc92a044d2dfb856863d13adac7a7e/execute/async - {"script":"<script> [1562 bytes]","args":[{"selector":{"controlType":"sap.m.SearchField","properties":{"placeholder":"Search"},"searchOpenDialogs":true,"interaction":{"idSuffix":"I"}},"wdio_ui5_key":"sapm.SearchField{\"placeholder\":\"Search\"}"}]}
RESULT: {"script":"<script> [1562 bytes]","args":[{"selector":{"controlType":"sap.m.SearchField","properties":{"placeholder":"Search"},"searchOpenDialogs":true,"interaction":{"idSuffix":"I"}},"wdio_ui5_key":"sapm.SearchField{\"placeholder\":\"Search\"}"}]}
RESULT: undefined
COMMAND: POST /session/85bc92a044d2dfb856863d13adac7a7e/execute/async - {"script":"<script> [776 bytes]","args":[{"enterText":"4000360","selector":{"controlType":"sap.m.SearchField","properties":{"placeholder":"Search"},"searchOpenDialogs":true,"interaction":{"idSuffix":"I"}},"clearTextFirst":true,"interactionType":"ENTER_TEXT"}]}
RESULT: {"script":"<script> [776 bytes]","args":[{"enterText":"4000360","selector":{"controlType":"sap.m.SearchField","properties":{"placeholder":"Search"},"searchOpenDialogs":true,"interaction":{"idSuffix":"I"}},"clearTextFirst":true,"interactionType":"ENTER_TEXT"}]}
COMMAND: POST /session/85bc92a044d2dfb856863d13adac7a7e/actions - {"actions":[{"id":"action47","type":"key","parameters":{},"actions":[{"type":"keyDown","value":"î€‡"},{"type":"pause","duration":10},{"type":"keyUp","value":"î€‡"}]}]}
RESULT: {"actions":[{"id":"action47","type":"key","parameters":{},"actions":[{"type":"keyDown","value":"î€‡"},{"type":"pause","duration":10},{"type":"keyUp","value":"î€‡"}]}]}
COMMAND: GET /session/85bc92a044d2dfb856863d13adac7a7e/screenshot - {}
RESULT: {}
COMMAND: POST /session/85bc92a044d2dfb856863d13adac7a7e/element - {"using":"xpath","value":"//td/div/span[contains(text(), \"BGL Vehicles\")]"}
RESULT: {"using":"xpath","value":"//td/div/span[contains(text(), \"BGL Vehicles\")]"}
COMMAND: POST /session/85bc92a044d2dfb856863d13adac7a7e/element/f.B14EA88AD92014BD4F4EDEC3100164B7.d.2A79502215260834CFFE03F44AE5440C.e.11330/click - {}
RESULT: {}
COMMAND: GET /session/85bc92a044d2dfb856863d13adac7a7e/screenshot - {}
RESULT: {}
COMMAND: POST /session/85bc92a044d2dfb856863d13adac7a7e/element - {"using":"xpath","value":"//bdi[contains(text(), \"OK\")]"}
RESULT: {"using":"xpath","value":"//bdi[contains(text(), \"OK\")]"}
COMMAND: POST /session/85bc92a044d2dfb856863d13adac7a7e/element/f.B14EA88AD92014BD4F4EDEC3100164B7.d.2A79502215260834CFFE03F44AE5440C.e.11331/click - {}
RESULT: {}
COMMAND: GET /session/85bc92a044d2dfb856863d13adac7a7e/screenshot - {}
RESULT: {}
COMMAND: POST /session/85bc92a044d2dfb856863d13adac7a7e/execute/async - {"script":"<script> [1562 bytes]","args":[{"selector":{"id":"application-manageresources-display-component---newResourceUnit--newRRUPage-anchBar-application-manageresources-display-component---newResourceUnit--resource-anchor","interaction":{"idSuffix":"BDI-content"}},"wdio_ui5_key":"applicationmanageresources-display-component---newResourceUnit--newRRUPage-anchBar-application-manageresources-display-component---newResourceUnit--resource-anchor"}]}
RESULT: {"script":"<script> [1562 bytes]","args":[{"selector":{"id":"application-manageresources-display-component---newResourceUnit--newRRUPage-anchBar-application-manageresources-display-component---newResourceUnit--resource-anchor","interaction":{"idSuffix":"BDI-content"}},"wdio_ui5_key":"applicationmanageresources-display-component---newResourceUnit--newRRUPage-anchBar-application-manageresources-display-component---newResourceUnit--resource-anchor"}]}
RESULT: undefined
COMMAND: POST /session/85bc92a044d2dfb856863d13adac7a7e/element - {"using":"xpath","value":"//*[@id=\"application-manageresources-display-component---newResourceUnit--newRRUPage-anchBar-application-manageresources-display-component---newResourceUnit--resource-anchor\"]"}
RESULT: {"using":"xpath","value":"//*[@id=\"application-manageresources-display-component---newResourceUnit--newRRUPage-anchBar-application-manageresources-display-component---newResourceUnit--resource-anchor\"]"}
COMMAND: POST /session/85bc92a044d2dfb856863d13adac7a7e/element/f.B14EA88AD92014BD4F4EDEC3100164B7.d.2A79502215260834CFFE03F44AE5440C.e.11335/click - {}
RESULT: {}
COMMAND: POST /session/85bc92a044d2dfb856863d13adac7a7e/execute/async - {"script":"<script> [1562 bytes]","args":[{"selector":{"id":"application-manageresources-display-component---newResourceUnit--PLANNED_DELIVERY_DATE","interaction":{"idSuffix":"inner"}},"wdio_ui5_key":"applicationmanageresources-display-component---newResourceUnit--PLANNED_DELIVERY_DATE"}]}
COMMAND: GET /session/85bc92a044d2dfb856863d13adac7a7e/screenshot - {}
RESULT: {"script":"<script> [1562 bytes]","args":[{"selector":{"id":"application-manageresources-display-component---newResourceUnit--PLANNED_DELIVERY_DATE","interaction":{"idSuffix":"inner"}},"wdio_ui5_key":"applicationmanageresources-display-component---newResourceUnit--PLANNED_DELIVERY_DATE"}]}
RESULT: undefined
COMMAND: POST /session/85bc92a044d2dfb856863d13adac7a7e/execute/async - {"script":"<script> [6424 bytes]","args":[{"element-6066-11e4-a52e-4f735466cecf":"f.B14EA88AD92014BD4F4EDEC3100164B7.d.2A79502215260834CFFE03F44AE5440C.e.11165"},"setValue",["6/4/25"]]}
RESULT: {}
RESULT: {"script":"<script> [6424 bytes]","args":[{"element-6066-11e4-a52e-4f735466cecf":"f.B14EA88AD92014BD4F4EDEC3100164B7.d.2A79502215260834CFFE03F44AE5440C.e.11165"},"setValue",["6/4/25"]]}
COMMAND: POST /session/85bc92a044d2dfb856863d13adac7a7e/element - {"using":"xpath","value":"//label[contains(@class, 'sapMLabelRequired') and .//bdi[contains(text(), 'Planned Retirement')]]"}
RESULT: {"using":"xpath","value":"//label[contains(@class, 'sapMLabelRequired') and .//bdi[contains(text(), 'Planned Retirement')]]"}
COMMAND: POST /session/85bc92a044d2dfb856863d13adac7a7e/elements - {"using":"xpath","value":"//label[contains(@class, 'sapMLabelRequired') and .//bdi[contains(text(), 'Planned Retirement')]]"}
RESULT: {"using":"xpath","value":"//label[contains(@class, 'sapMLabelRequired') and .//bdi[contains(text(), 'Planned Retirement')]]"}
COMMAND: POST /session/85bc92a044d2dfb856863d13adac7a7e/element - {"using":"xpath","value":"//button[@data-kt=\"resourceUnitSaveButton\"]"}
RESULT: {"using":"xpath","value":"//button[@data-kt=\"resourceUnitSaveButton\"]"}
COMMAND: POST /session/85bc92a044d2dfb856863d13adac7a7e/element/f.B14EA88AD92014BD4F4EDEC3100164B7.d.2A79502215260834CFFE03F44AE5440C.e.11125/click - {}
RESULT: {}
COMMAND: GET /session/85bc92a044d2dfb856863d13adac7a7e/screenshot - {}
RESULT: {}
COMMAND: POST /session/85bc92a044d2dfb856863d13adac7a7e/element - {"using":"xpath","value":"//bdi[contains(text(), \"Close\")]"}
RESULT: {"using":"xpath","value":"//bdi[contains(text(), \"Close\")]"}
COMMAND: POST /session/85bc92a044d2dfb856863d13adac7a7e/element/f.B14EA88AD92014BD4F4EDEC3100164B7.d.2A79502215260834CFFE03F44AE5440C.e.11345/click - {}
RESULT: {}
COMMAND: GET /session/85bc92a044d2dfb856863d13adac7a7e/screenshot - {}
RESULT: {}
COMMAND: POST /session/85bc92a044d2dfb856863d13adac7a7e/element - {"using":"xpath","value":"(//button[contains(@id ,\"actionsToolbar-overflowButton\")])[1]"}
RESULT: {"using":"xpath","value":"(//button[contains(@id ,\"actionsToolbar-overflowButton\")])[1]"}
COMMAND: POST /session/85bc92a044d2dfb856863d13adac7a7e/element/f.B14EA88AD92014BD4F4EDEC3100164B7.d.2A79502215260834CFFE03F44AE5440C.e.11378/click - {}
RESULT: {}
COMMAND: GET /session/85bc92a044d2dfb856863d13adac7a7e/screenshot - {}
RESULT: {}
COMMAND: POST /session/85bc92a044d2dfb856863d13adac7a7e/element - {"using":"xpath","value":"//button[@data-kt=\"priceInfoButton\"]"}
RESULT: {"using":"xpath","value":"//button[@data-kt=\"priceInfoButton\"]"}
COMMAND: POST /session/85bc92a044d2dfb856863d13adac7a7e/element/f.B14EA88AD92014BD4F4EDEC3100164B7.d.2A79502215260834CFFE03F44AE5440C.e.11380/click - {}
RESULT: {}
COMMAND: GET /session/85bc92a044d2dfb856863d13adac7a7e/screenshot - {}
RESULT: {}
]]></system-out>
    </testcase>
    <testcase classname="chrome.136_0_7103_93.windows.Performance_based_billing_(work_days)_US139742" name="Should create a pricing rule perf based on the equipment" time="55.184">
      <system-out><![CDATA[
COMMAND: POST /session/85bc92a044d2dfb856863d13adac7a7e/element - {"using":"xpath","value":"//button[@data-kt=\"addButton\"]"}
RESULT: {"using":"xpath","value":"//button[@data-kt=\"addButton\"]"}
COMMAND: POST /session/85bc92a044d2dfb856863d13adac7a7e/elements - {"using":"xpath","value":"//button[@data-kt=\"addButton\"]"}
RESULT: {"using":"xpath","value":"//button[@data-kt=\"addButton\"]"}
COMMAND: POST /session/85bc92a044d2dfb856863d13adac7a7e/elements - {"using":"xpath","value":"//button[@data-kt=\"addButton\"]"}
RESULT: {"using":"xpath","value":"//button[@data-kt=\"addButton\"]"}
COMMAND: POST /session/85bc92a044d2dfb856863d13adac7a7e/element - {"using":"xpath","value":"//button[@data-kt=\"addButton\"]"}
RESULT: {"using":"xpath","value":"//button[@data-kt=\"addButton\"]"}
COMMAND: POST /session/85bc92a044d2dfb856863d13adac7a7e/execute/sync - {"script":"<script> [8489 bytes]","args":[{"element-6066-11e4-a52e-4f735466cecf":"f.B14EA88AD92014BD4F4EDEC3100164B7.d.2A79502215260834CFFE03F44AE5440C.e.11416","ELEMENT":"f.B14EA88AD92014BD4F4EDEC3100164B7.d.2A79502215260834CFFE03F44AE5440C.e.11416"}]}
RESULT: {"script":"<script> [8489 bytes]","args":[{"element-6066-11e4-a52e-4f735466cecf":"f.B14EA88AD92014BD4F4EDEC3100164B7.d.2A79502215260834CFFE03F44AE5440C.e.11416","ELEMENT":"f.B14EA88AD92014BD4F4EDEC3100164B7.d.2A79502215260834CFFE03F44AE5440C.e.11416"}]}
COMMAND: GET /session/85bc92a044d2dfb856863d13adac7a7e/element/f.B14EA88AD92014BD4F4EDEC3100164B7.d.2A79502215260834CFFE03F44AE5440C.e.11416/enabled - {}
COMMAND: GET /session/85bc92a044d2dfb856863d13adac7a7e/screenshot - {}
RESULT: {}
COMMAND: POST /session/85bc92a044d2dfb856863d13adac7a7e/execute/sync - {"script":"<script> [8489 bytes]","args":[{"element-6066-11e4-a52e-4f735466cecf":"f.B14EA88AD92014BD4F4EDEC3100164B7.d.2A79502215260834CFFE03F44AE5440C.e.11416","ELEMENT":"f.B14EA88AD92014BD4F4EDEC3100164B7.d.2A79502215260834CFFE03F44AE5440C.e.11416"}]}
COMMAND: GET /session/85bc92a044d2dfb856863d13adac7a7e/screenshot - {}
RESULT: {}
RESULT: {"script":"<script> [8489 bytes]","args":[{"element-6066-11e4-a52e-4f735466cecf":"f.B14EA88AD92014BD4F4EDEC3100164B7.d.2A79502215260834CFFE03F44AE5440C.e.11416","ELEMENT":"f.B14EA88AD92014BD4F4EDEC3100164B7.d.2A79502215260834CFFE03F44AE5440C.e.11416"}]}
COMMAND: POST /session/85bc92a044d2dfb856863d13adac7a7e/execute/sync - {"script":"<script> [5351 bytes]","args":[{"element-6066-11e4-a52e-4f735466cecf":"f.B14EA88AD92014BD4F4EDEC3100164B7.d.2A79502215260834CFFE03F44AE5440C.e.11416","ELEMENT":"f.B14EA88AD92014BD4F4EDEC3100164B7.d.2A79502215260834CFFE03F44AE5440C.e.11416"}]}
COMMAND: GET /session/85bc92a044d2dfb856863d13adac7a7e/screenshot - {}
RESULT: {}
RESULT: {"script":"<script> [5351 bytes]","args":[{"element-6066-11e4-a52e-4f735466cecf":"f.B14EA88AD92014BD4F4EDEC3100164B7.d.2A79502215260834CFFE03F44AE5440C.e.11416","ELEMENT":"f.B14EA88AD92014BD4F4EDEC3100164B7.d.2A79502215260834CFFE03F44AE5440C.e.11416"}]}
COMMAND: POST /session/85bc92a044d2dfb856863d13adac7a7e/element/f.B14EA88AD92014BD4F4EDEC3100164B7.d.2A79502215260834CFFE03F44AE5440C.e.11416/click - {}
COMMAND: GET /session/85bc92a044d2dfb856863d13adac7a7e/screenshot - {}
RESULT: {}
RESULT: {}
COMMAND: GET /session/85bc92a044d2dfb856863d13adac7a7e/screenshot - {}
RESULT: {}
RESULT: {}
COMMAND: POST /session/85bc92a044d2dfb856863d13adac7a7e/execute/async - {"script":"<script> [1562 bytes]","args":[{"selector":{"controlType":"sap.m.Title","viewName":"etm.portal.ui.managepricingrules.view.NewItem","viewId":"application-managepricingrules-display-component---newInfoPriceItem","properties":{"text":"New Pricing Rules - Item Level"}},"wdio_ui5_key":"etmportal.ui.managepricingrules.view.NewItemsap.m.Title{\"text\":\"New Pricing Rules - Item Level\"}"}]}
RESULT: {"script":"<script> [1562 bytes]","args":[{"selector":{"controlType":"sap.m.Title","viewName":"etm.portal.ui.managepricingrules.view.NewItem","viewId":"application-managepricingrules-display-component---newInfoPriceItem","properties":{"text":"New Pricing Rules - Item Level"}},"wdio_ui5_key":"etmportal.ui.managepricingrules.view.NewItemsap.m.Title{\"text\":\"New Pricing Rules - Item Level\"}"}]}
RESULT: undefined
COMMAND: POST /session/85bc92a044d2dfb856863d13adac7a7e/execute/async - {"script":"<script> [6424 bytes]","args":[{"element-6066-11e4-a52e-4f735466cecf":"f.B14EA88AD92014BD4F4EDEC3100164B7.d.2A79502215260834CFFE03F44AE5440C.e.11573"},"getText",[]]}
RESULT: {"script":"<script> [6424 bytes]","args":[{"element-6066-11e4-a52e-4f735466cecf":"f.B14EA88AD92014BD4F4EDEC3100164B7.d.2A79502215260834CFFE03F44AE5440C.e.11573"},"getText",[]]}
COMMAND: POST /session/85bc92a044d2dfb856863d13adac7a7e/execute/async - {"script":"<script> [1562 bytes]","args":[{"selector":{"id":"application-managepricingrules-display-component---newInfoPriceItem--condValidTo","interaction":{"idSuffix":"inner"}},"wdio_ui5_key":"applicationmanagepricingrules-display-component---newInfoPriceItem--condValidTo"}]}
RESULT: {"script":"<script> [1562 bytes]","args":[{"selector":{"id":"application-managepricingrules-display-component---newInfoPriceItem--condValidTo","interaction":{"idSuffix":"inner"}},"wdio_ui5_key":"applicationmanagepricingrules-display-component---newInfoPriceItem--condValidTo"}]}
RESULT: undefined
COMMAND: POST /session/85bc92a044d2dfb856863d13adac7a7e/execute/async - {"script":"<script> [776 bytes]","args":[{"enterText":"2/4/26","selector":{"id":"application-managepricingrules-display-component---newInfoPriceItem--condValidTo","interaction":{"idSuffix":"inner"}},"clearTextFirst":true,"interactionType":"ENTER_TEXT"}]}
RESULT: {"script":"<script> [776 bytes]","args":[{"enterText":"2/4/26","selector":{"id":"application-managepricingrules-display-component---newInfoPriceItem--condValidTo","interaction":{"idSuffix":"inner"}},"clearTextFirst":true,"interactionType":"ENTER_TEXT"}]}
COMMAND: POST /session/85bc92a044d2dfb856863d13adac7a7e/execute/async - {"script":"<script> [1562 bytes]","args":[{"selector":{"id":"application-managepricingrules-display-component---newInfoPriceItem--billType-arrow"},"wdio_ui5_key":"applicationmanagepricingrules-display-component---newInfoPriceItem--billType-arrow"}]}
RESULT: {"script":"<script> [1562 bytes]","args":[{"selector":{"id":"application-managepricingrules-display-component---newInfoPriceItem--billType-arrow"},"wdio_ui5_key":"applicationmanagepricingrules-display-component---newInfoPriceItem--billType-arrow"}]}
RESULT: undefined
COMMAND: POST /session/85bc92a044d2dfb856863d13adac7a7e/element - {"using":"xpath","value":"//*[@id=\"application-managepricingrules-display-component---newInfoPriceItem--billType-arrow\"]"}
RESULT: {"using":"xpath","value":"//*[@id=\"application-managepricingrules-display-component---newInfoPriceItem--billType-arrow\"]"}
COMMAND: POST /session/85bc92a044d2dfb856863d13adac7a7e/element/f.B14EA88AD92014BD4F4EDEC3100164B7.d.2A79502215260834CFFE03F44AE5440C.e.11575/click - {}
RESULT: {}
COMMAND: POST /session/85bc92a044d2dfb856863d13adac7a7e/element - {"using":"xpath","value":"//span[contains(text(), \"PB - Performance based\")]"}
COMMAND: GET /session/85bc92a044d2dfb856863d13adac7a7e/screenshot - {}
RESULT: {"using":"xpath","value":"//span[contains(text(), \"PB - Performance based\")]"}
COMMAND: POST /session/85bc92a044d2dfb856863d13adac7a7e/element/f.B14EA88AD92014BD4F4EDEC3100164B7.d.2A79502215260834CFFE03F44AE5440C.e.11576/click - {}
RESULT: {}
RESULT: {}
COMMAND: POST /session/85bc92a044d2dfb856863d13adac7a7e/execute/async - {"script":"<script> [1562 bytes]","args":[{"selector":{"id":"application-managepricingrules-display-component---newInfoPriceItem--priceProc-arrow"},"wdio_ui5_key":"applicationmanagepricingrules-display-component---newInfoPriceItem--priceProc-arrow"}]}
COMMAND: GET /session/85bc92a044d2dfb856863d13adac7a7e/screenshot - {}
RESULT: {"script":"<script> [1562 bytes]","args":[{"selector":{"id":"application-managepricingrules-display-component---newInfoPriceItem--priceProc-arrow"},"wdio_ui5_key":"applicationmanagepricingrules-display-component---newInfoPriceItem--priceProc-arrow"}]}
RESULT: undefined
COMMAND: POST /session/85bc92a044d2dfb856863d13adac7a7e/element - {"using":"xpath","value":"//*[@id=\"application-managepricingrules-display-component---newInfoPriceItem--priceProc-arrow\"]"}
RESULT: {}
RESULT: {"using":"xpath","value":"//*[@id=\"application-managepricingrules-display-component---newInfoPriceItem--priceProc-arrow\"]"}
COMMAND: POST /session/85bc92a044d2dfb856863d13adac7a7e/element/f.B14EA88AD92014BD4F4EDEC3100164B7.d.2A79502215260834CFFE03F44AE5440C.e.11542/click - {}
RESULT: {}
COMMAND: POST /session/85bc92a044d2dfb856863d13adac7a7e/element - {"using":"xpath","value":"//span[contains(text(), \"PRF - Performance based\")]"}
COMMAND: GET /session/85bc92a044d2dfb856863d13adac7a7e/screenshot - {}
RESULT: {"using":"xpath","value":"//span[contains(text(), \"PRF - Performance based\")]"}
COMMAND: POST /session/85bc92a044d2dfb856863d13adac7a7e/element/f.B14EA88AD92014BD4F4EDEC3100164B7.d.2A79502215260834CFFE03F44AE5440C.e.11577/click - {}
RESULT: {}
RESULT: {}
COMMAND: POST /session/85bc92a044d2dfb856863d13adac7a7e/execute/async - {"script":"<script> [1562 bytes]","args":[{"selector":{"id":"application-managepricingrules-display-component---newInfoPriceItem--calcBase-arrow"},"wdio_ui5_key":"applicationmanagepricingrules-display-component---newInfoPriceItem--calcBase-arrow"}]}
COMMAND: GET /session/85bc92a044d2dfb856863d13adac7a7e/screenshot - {}
RESULT: {"script":"<script> [1562 bytes]","args":[{"selector":{"id":"application-managepricingrules-display-component---newInfoPriceItem--calcBase-arrow"},"wdio_ui5_key":"applicationmanagepricingrules-display-component---newInfoPriceItem--calcBase-arrow"}]}
RESULT: undefined
COMMAND: POST /session/85bc92a044d2dfb856863d13adac7a7e/element - {"using":"xpath","value":"//*[@id=\"application-managepricingrules-display-component---newInfoPriceItem--calcBase-arrow\"]"}
RESULT: {}
RESULT: {"using":"xpath","value":"//*[@id=\"application-managepricingrules-display-component---newInfoPriceItem--calcBase-arrow\"]"}
COMMAND: POST /session/85bc92a044d2dfb856863d13adac7a7e/element/f.B14EA88AD92014BD4F4EDEC3100164B7.d.2A79502215260834CFFE03F44AE5440C.e.11549/click - {}
RESULT: {}
COMMAND: GET /session/85bc92a044d2dfb856863d13adac7a7e/screenshot - {}
RESULT: {}
COMMAND: POST /session/85bc92a044d2dfb856863d13adac7a7e/element - {"using":"xpath","value":"//span[contains(text(), \"0007 - PB(work days)\")]"}
RESULT: {"using":"xpath","value":"//span[contains(text(), \"0007 - PB(work days)\")]"}
COMMAND: POST /session/85bc92a044d2dfb856863d13adac7a7e/element/f.B14EA88AD92014BD4F4EDEC3100164B7.d.2A79502215260834CFFE03F44AE5440C.e.11578/click - {}
RESULT: {}
COMMAND: GET /session/85bc92a044d2dfb856863d13adac7a7e/screenshot - {}
RESULT: {}
COMMAND: POST /session/85bc92a044d2dfb856863d13adac7a7e/execute/async - {"script":"<script> [1562 bytes]","args":[{"selector":{"id":"application-managepricingrules-display-component---newInfoPriceItem--hoursMonth","interaction":{"idSuffix":"inner"}},"wdio_ui5_key":"applicationmanagepricingrules-display-component---newInfoPriceItem--hoursMonth"}]}
RESULT: {"script":"<script> [1562 bytes]","args":[{"selector":{"id":"application-managepricingrules-display-component---newInfoPriceItem--hoursMonth","interaction":{"idSuffix":"inner"}},"wdio_ui5_key":"applicationmanagepricingrules-display-component---newInfoPriceItem--hoursMonth"}]}
RESULT: undefined
COMMAND: POST /session/85bc92a044d2dfb856863d13adac7a7e/execute/async - {"script":"<script> [776 bytes]","args":[{"enterText":"160","selector":{"id":"application-managepricingrules-display-component---newInfoPriceItem--hoursMonth","interaction":{"idSuffix":"inner"}},"clearTextFirst":true,"interactionType":"ENTER_TEXT"}]}
RESULT: {"script":"<script> [776 bytes]","args":[{"enterText":"160","selector":{"id":"application-managepricingrules-display-component---newInfoPriceItem--hoursMonth","interaction":{"idSuffix":"inner"}},"clearTextFirst":true,"interactionType":"ENTER_TEXT"}]}
COMMAND: POST /session/85bc92a044d2dfb856863d13adac7a7e/element - {"using":"xpath","value":"//button[@data-kt=\"saveNewRuleButton\"]"}
RESULT: {"using":"xpath","value":"//button[@data-kt=\"saveNewRuleButton\"]"}
COMMAND: POST /session/85bc92a044d2dfb856863d13adac7a7e/element/f.B14EA88AD92014BD4F4EDEC3100164B7.d.2A79502215260834CFFE03F44AE5440C.e.11565/click - {}
RESULT: {}
COMMAND: GET /session/85bc92a044d2dfb856863d13adac7a7e/screenshot - {}
RESULT: {}
COMMAND: POST /session/85bc92a044d2dfb856863d13adac7a7e/execute/async - {"script":"<script> [1562 bytes]","args":[{"selector":{"id":"application-managepricingrules-display-component---priceInfoItem--smartFilterBar-btnBasicSearch","interaction":{"idSuffix":"I"}},"wdio_ui5_key":"applicationmanagepricingrules-display-component---priceInfoItem--smartFilterBar-btnBasicSearch"}]}
RESULT: {"script":"<script> [1562 bytes]","args":[{"selector":{"id":"application-managepricingrules-display-component---priceInfoItem--smartFilterBar-btnBasicSearch","interaction":{"idSuffix":"I"}},"wdio_ui5_key":"applicationmanagepricingrules-display-component---priceInfoItem--smartFilterBar-btnBasicSearch"}]}
RESULT: undefined
COMMAND: POST /session/85bc92a044d2dfb856863d13adac7a7e/execute/async - {"script":"<script> [776 bytes]","args":[{"enterText":"jmmlU7zvE9","selector":{"id":"application-managepricingrules-display-component---priceInfoItem--smartFilterBar-btnBasicSearch","interaction":{"idSuffix":"I"}},"clearTextFirst":true,"interactionType":"ENTER_TEXT"}]}
RESULT: {"script":"<script> [776 bytes]","args":[{"enterText":"jmmlU7zvE9","selector":{"id":"application-managepricingrules-display-component---priceInfoItem--smartFilterBar-btnBasicSearch","interaction":{"idSuffix":"I"}},"clearTextFirst":true,"interactionType":"ENTER_TEXT"}]}
COMMAND: POST /session/85bc92a044d2dfb856863d13adac7a7e/actions - {"actions":[{"id":"action48","type":"key","parameters":{},"actions":[{"type":"keyDown","value":"î€‡"},{"type":"pause","duration":10},{"type":"keyUp","value":"î€‡"}]}]}
RESULT: {"actions":[{"id":"action48","type":"key","parameters":{},"actions":[{"type":"keyDown","value":"î€‡"},{"type":"pause","duration":10},{"type":"keyUp","value":"î€‡"}]}]}
COMMAND: GET /session/85bc92a044d2dfb856863d13adac7a7e/screenshot - {}
RESULT: {}
COMMAND: POST /session/85bc92a044d2dfb856863d13adac7a7e/element - {"using":"xpath","value":"//span[@id=\"application-managepricingrules-display-component---priceInfoItem--smartTable-header-inner\"]"}
RESULT: {"using":"xpath","value":"//span[@id=\"application-managepricingrules-display-component---priceInfoItem--smartTable-header-inner\"]"}
COMMAND: POST /session/85bc92a044d2dfb856863d13adac7a7e/elements - {"using":"xpath","value":"//span[@id=\"application-managepricingrules-display-component---priceInfoItem--smartTable-header-inner\"]"}
RESULT: {"using":"xpath","value":"//span[@id=\"application-managepricingrules-display-component---priceInfoItem--smartTable-header-inner\"]"}
COMMAND: POST /session/85bc92a044d2dfb856863d13adac7a7e/execute/sync - {"script":"<script> [56 bytes]","args":[{"element-6066-11e4-a52e-4f735466cecf":"f.B14EA88AD92014BD4F4EDEC3100164B7.d.2A79502215260834CFFE03F44AE5440C.e.11592","ELEMENT":"f.B14EA88AD92014BD4F4EDEC3100164B7.d.2A79502215260834CFFE03F44AE5440C.e.11592"}]}
RESULT: {"script":"<script> [56 bytes]","args":[{"element-6066-11e4-a52e-4f735466cecf":"f.B14EA88AD92014BD4F4EDEC3100164B7.d.2A79502215260834CFFE03F44AE5440C.e.11592","ELEMENT":"f.B14EA88AD92014BD4F4EDEC3100164B7.d.2A79502215260834CFFE03F44AE5440C.e.11592"}]}
COMMAND: POST /session/85bc92a044d2dfb856863d13adac7a7e/element - {"using":"css selector","value":"#shell-header-logo"}
COMMAND: GET /session/85bc92a044d2dfb856863d13adac7a7e/screenshot - {}
RESULT: {"using":"css selector","value":"#shell-header-logo"}
COMMAND: POST /session/85bc92a044d2dfb856863d13adac7a7e/element/f.B14EA88AD92014BD4F4EDEC3100164B7.d.2A79502215260834CFFE03F44AE5440C.e.10709/click - {}
RESULT: {}
RESULT: {}
COMMAND: GET /session/85bc92a044d2dfb856863d13adac7a7e/screenshot - {}
RESULT: {}
]]></system-out>
    </testcase>
    <testcase classname="chrome.136_0_7103_93.windows.Performance_based_billing_(work_days)_US139742" name="Should create a performance based billing condition on the equipment" time="63.615">
      <system-out><![CDATA[
COMMAND: POST /session/85bc92a044d2dfb856863d13adac7a7e/execute/async - {"script":"<script> [1562 bytes]","args":[{"selector":{"controlType":"sap.m.GenericTile","properties":{"header":"Manage Conditions & Prices"}},"wdio_ui5_key":"sapm.GenericTile{\"header\":\"Manage Conditions & Prices\"}"}]}
RESULT: {"script":"<script> [1562 bytes]","args":[{"selector":{"controlType":"sap.m.GenericTile","properties":{"header":"Manage Conditions & Prices"}},"wdio_ui5_key":"sapm.GenericTile{\"header\":\"Manage Conditions & Prices\"}"}]}
RESULT: undefined
COMMAND: POST /session/85bc92a044d2dfb856863d13adac7a7e/element - {"using":"xpath","value":"//*[@id=\"__tile53\"]"}
RESULT: {"using":"xpath","value":"//*[@id=\"__tile53\"]"}
COMMAND: POST /session/85bc92a044d2dfb856863d13adac7a7e/element/f.B14EA88AD92014BD4F4EDEC3100164B7.d.2A79502215260834CFFE03F44AE5440C.e.10645/click - {}
RESULT: {}
COMMAND: GET /session/85bc92a044d2dfb856863d13adac7a7e/screenshot - {}
RESULT: {}
COMMAND: POST /session/85bc92a044d2dfb856863d13adac7a7e/elements - {"using":"xpath","value":"//span[text()='Error']"}
RESULT: {"using":"xpath","value":"//span[text()='Error']"}
COMMAND: POST /session/85bc92a044d2dfb856863d13adac7a7e/element - {"using":"xpath","value":"//button[@aria-label=\"Create\"]"}
RESULT: {"using":"xpath","value":"//button[@aria-label=\"Create\"]"}
COMMAND: POST /session/85bc92a044d2dfb856863d13adac7a7e/elements - {"using":"xpath","value":"//button[@aria-label=\"Create\"]"}
RESULT: {"using":"xpath","value":"//button[@aria-label=\"Create\"]"}
COMMAND: POST /session/85bc92a044d2dfb856863d13adac7a7e/execute/sync - {"script":"<script> [8489 bytes]","args":[{"element-6066-11e4-a52e-4f735466cecf":"f.B14EA88AD92014BD4F4EDEC3100164B7.d.2A79502215260834CFFE03F44AE5440C.e.11627","ELEMENT":"f.B14EA88AD92014BD4F4EDEC3100164B7.d.2A79502215260834CFFE03F44AE5440C.e.11627"}]}
RESULT: {"script":"<script> [8489 bytes]","args":[{"element-6066-11e4-a52e-4f735466cecf":"f.B14EA88AD92014BD4F4EDEC3100164B7.d.2A79502215260834CFFE03F44AE5440C.e.11627","ELEMENT":"f.B14EA88AD92014BD4F4EDEC3100164B7.d.2A79502215260834CFFE03F44AE5440C.e.11627"}]}
COMMAND: GET /session/85bc92a044d2dfb856863d13adac7a7e/element/f.B14EA88AD92014BD4F4EDEC3100164B7.d.2A79502215260834CFFE03F44AE5440C.e.11627/enabled - {}
COMMAND: GET /session/85bc92a044d2dfb856863d13adac7a7e/screenshot - {}
RESULT: {}
COMMAND: POST /session/85bc92a044d2dfb856863d13adac7a7e/execute/sync - {"script":"<script> [8489 bytes]","args":[{"element-6066-11e4-a52e-4f735466cecf":"f.B14EA88AD92014BD4F4EDEC3100164B7.d.2A79502215260834CFFE03F44AE5440C.e.11627","ELEMENT":"f.B14EA88AD92014BD4F4EDEC3100164B7.d.2A79502215260834CFFE03F44AE5440C.e.11627"}]}
COMMAND: GET /session/85bc92a044d2dfb856863d13adac7a7e/screenshot - {}
RESULT: {}
RESULT: {"script":"<script> [8489 bytes]","args":[{"element-6066-11e4-a52e-4f735466cecf":"f.B14EA88AD92014BD4F4EDEC3100164B7.d.2A79502215260834CFFE03F44AE5440C.e.11627","ELEMENT":"f.B14EA88AD92014BD4F4EDEC3100164B7.d.2A79502215260834CFFE03F44AE5440C.e.11627"}]}
COMMAND: POST /session/85bc92a044d2dfb856863d13adac7a7e/execute/sync - {"script":"<script> [5351 bytes]","args":[{"element-6066-11e4-a52e-4f735466cecf":"f.B14EA88AD92014BD4F4EDEC3100164B7.d.2A79502215260834CFFE03F44AE5440C.e.11627","ELEMENT":"f.B14EA88AD92014BD4F4EDEC3100164B7.d.2A79502215260834CFFE03F44AE5440C.e.11627"}]}
COMMAND: GET /session/85bc92a044d2dfb856863d13adac7a7e/screenshot - {}
RESULT: {}
RESULT: {"script":"<script> [5351 bytes]","args":[{"element-6066-11e4-a52e-4f735466cecf":"f.B14EA88AD92014BD4F4EDEC3100164B7.d.2A79502215260834CFFE03F44AE5440C.e.11627","ELEMENT":"f.B14EA88AD92014BD4F4EDEC3100164B7.d.2A79502215260834CFFE03F44AE5440C.e.11627"}]}
COMMAND: POST /session/85bc92a044d2dfb856863d13adac7a7e/element/f.B14EA88AD92014BD4F4EDEC3100164B7.d.2A79502215260834CFFE03F44AE5440C.e.11627/click - {}
COMMAND: GET /session/85bc92a044d2dfb856863d13adac7a7e/screenshot - {}
RESULT: {}
RESULT: {}
COMMAND: GET /session/85bc92a044d2dfb856863d13adac7a7e/screenshot - {}
RESULT: {}
RESULT: {}
COMMAND: POST /session/85bc92a044d2dfb856863d13adac7a7e/actions - {"actions":[{"id":"action49","type":"key","parameters":{},"actions":[{"type":"keyDown","value":"î€‡"},{"type":"pause","duration":10},{"type":"keyUp","value":"î€‡"}]}]}
RESULT: {"actions":[{"id":"action49","type":"key","parameters":{},"actions":[{"type":"keyDown","value":"î€‡"},{"type":"pause","duration":10},{"type":"keyUp","value":"î€‡"}]}]}
COMMAND: GET /session/85bc92a044d2dfb856863d13adac7a7e/screenshot - {}
RESULT: {}
COMMAND: POST /session/85bc92a044d2dfb856863d13adac7a7e/execute/async - {"script":"<script> [1562 bytes]","args":[{"selector":{"id":"application-manageconditionprice-display-component---newCondition--condBillCond-arrow"},"wdio_ui5_key":"applicationmanageconditionprice-display-component---newCondition--condBillCond-arrow"}]}
RESULT: {"script":"<script> [1562 bytes]","args":[{"selector":{"id":"application-manageconditionprice-display-component---newCondition--condBillCond-arrow"},"wdio_ui5_key":"applicationmanageconditionprice-display-component---newCondition--condBillCond-arrow"}]}
RESULT: undefined
COMMAND: POST /session/85bc92a044d2dfb856863d13adac7a7e/element - {"using":"xpath","value":"//*[@id=\"application-manageconditionprice-display-component---newCondition--condBillCond-arrow\"]"}
RESULT: {"using":"xpath","value":"//*[@id=\"application-manageconditionprice-display-component---newCondition--condBillCond-arrow\"]"}
COMMAND: POST /session/85bc92a044d2dfb856863d13adac7a7e/element/f.B14EA88AD92014BD4F4EDEC3100164B7.d.2A79502215260834CFFE03F44AE5440C.e.11807/click - {}
RESULT: {}
COMMAND: GET /session/85bc92a044d2dfb856863d13adac7a7e/screenshot - {}
RESULT: {}
COMMAND: POST /session/85bc92a044d2dfb856863d13adac7a7e/element - {"using":"xpath","value":"//li[.//span[contains(text(), \"PC06 - Performance Price - fuel\")]]"}
RESULT: {"using":"xpath","value":"//li[.//span[contains(text(), \"PC06 - Performance Price - fuel\")]]"}
COMMAND: POST /session/85bc92a044d2dfb856863d13adac7a7e/element/f.B14EA88AD92014BD4F4EDEC3100164B7.d.2A79502215260834CFFE03F44AE5440C.e.11810/click - {}
RESULT: {}
COMMAND: GET /session/85bc92a044d2dfb856863d13adac7a7e/screenshot - {}
RESULT: {}
COMMAND: POST /session/85bc92a044d2dfb856863d13adac7a7e/execute/async - {"script":"<script> [1562 bytes]","args":[{"selector":{"id":"application-manageconditionprice-display-component---newCondition--condValidTo","interaction":{"idSuffix":"inner"}},"wdio_ui5_key":"applicationmanageconditionprice-display-component---newCondition--condValidTo"}]}
RESULT: {"script":"<script> [1562 bytes]","args":[{"selector":{"id":"application-manageconditionprice-display-component---newCondition--condValidTo","interaction":{"idSuffix":"inner"}},"wdio_ui5_key":"applicationmanageconditionprice-display-component---newCondition--condValidTo"}]}
RESULT: undefined
COMMAND: POST /session/85bc92a044d2dfb856863d13adac7a7e/execute/async - {"script":"<script> [776 bytes]","args":[{"enterText":"2/4/26","selector":{"id":"application-manageconditionprice-display-component---newCondition--condValidTo","interaction":{"idSuffix":"inner"}},"clearTextFirst":true,"interactionType":"ENTER_TEXT"}]}
RESULT: {"script":"<script> [776 bytes]","args":[{"enterText":"2/4/26","selector":{"id":"application-manageconditionprice-display-component---newCondition--condValidTo","interaction":{"idSuffix":"inner"}},"clearTextFirst":true,"interactionType":"ENTER_TEXT"}]}
COMMAND: POST /session/85bc92a044d2dfb856863d13adac7a7e/element - {"using":"xpath","value":"//input[@id=\"application-manageconditionprice-display-component---newCondition--condRU-inner\"]"}
RESULT: {"using":"xpath","value":"//input[@id=\"application-manageconditionprice-display-component---newCondition--condRU-inner\"]"}
COMMAND: POST /session/85bc92a044d2dfb856863d13adac7a7e/element/f.B14EA88AD92014BD4F4EDEC3100164B7.d.2A79502215260834CFFE03F44AE5440C.e.11643/clear - {}
RESULT: {}
COMMAND: POST /session/85bc92a044d2dfb856863d13adac7a7e/element/f.B14EA88AD92014BD4F4EDEC3100164B7.d.2A79502215260834CFFE03F44AE5440C.e.11643/value - {"text":"jmmlU7zvE9"}
COMMAND: GET /session/85bc92a044d2dfb856863d13adac7a7e/screenshot - {}
RESULT: {"text":"jmmlU7zvE9"}
COMMAND: GET /session/85bc92a044d2dfb856863d13adac7a7e/screenshot - {}
RESULT: {}
RESULT: {}
COMMAND: POST /session/85bc92a044d2dfb856863d13adac7a7e/actions - {"actions":[{"id":"action50","type":"key","parameters":{},"actions":[{"type":"keyDown","value":"î€‡"},{"type":"pause","duration":10},{"type":"keyUp","value":"î€‡"}]}]}
RESULT: {"actions":[{"id":"action50","type":"key","parameters":{},"actions":[{"type":"keyDown","value":"î€‡"},{"type":"pause","duration":10},{"type":"keyUp","value":"î€‡"}]}]}
COMMAND: POST /session/85bc92a044d2dfb856863d13adac7a7e/execute/async - {"script":"<script> [1562 bytes]","args":[{"selector":{"id":"application-manageconditionprice-display-component---newCondition--condBaseQty","interaction":{"idSuffix":"inner"}},"wdio_ui5_key":"applicationmanageconditionprice-display-component---newCondition--condBaseQty"}]}
COMMAND: GET /session/85bc92a044d2dfb856863d13adac7a7e/screenshot - {}
RESULT: {"script":"<script> [1562 bytes]","args":[{"selector":{"id":"application-manageconditionprice-display-component---newCondition--condBaseQty","interaction":{"idSuffix":"inner"}},"wdio_ui5_key":"applicationmanageconditionprice-display-component---newCondition--condBaseQty"}]}
RESULT: undefined
COMMAND: POST /session/85bc92a044d2dfb856863d13adac7a7e/execute/async - {"script":"<script> [776 bytes]","args":[{"enterText":"1","selector":{"id":"application-manageconditionprice-display-component---newCondition--condBaseQty","interaction":{"idSuffix":"inner"}},"clearTextFirst":true,"interactionType":"ENTER_TEXT"}]}
RESULT: {}
RESULT: {"script":"<script> [776 bytes]","args":[{"enterText":"1","selector":{"id":"application-manageconditionprice-display-component---newCondition--condBaseQty","interaction":{"idSuffix":"inner"}},"clearTextFirst":true,"interactionType":"ENTER_TEXT"}]}
COMMAND: POST /session/85bc92a044d2dfb856863d13adac7a7e/execute/async - {"script":"<script> [1562 bytes]","args":[{"selector":{"id":"application-manageconditionprice-display-component---newCondition--condValue","interaction":{"idSuffix":"inner"}},"wdio_ui5_key":"applicationmanageconditionprice-display-component---newCondition--condValue"}]}
RESULT: {"script":"<script> [1562 bytes]","args":[{"selector":{"id":"application-manageconditionprice-display-component---newCondition--condValue","interaction":{"idSuffix":"inner"}},"wdio_ui5_key":"applicationmanageconditionprice-display-component---newCondition--condValue"}]}
RESULT: undefined
COMMAND: POST /session/85bc92a044d2dfb856863d13adac7a7e/execute/async - {"script":"<script> [776 bytes]","args":[{"enterText":"10","selector":{"id":"application-manageconditionprice-display-component---newCondition--condValue","interaction":{"idSuffix":"inner"}},"clearTextFirst":true,"interactionType":"ENTER_TEXT"}]}
RESULT: {"script":"<script> [776 bytes]","args":[{"enterText":"10","selector":{"id":"application-manageconditionprice-display-component---newCondition--condValue","interaction":{"idSuffix":"inner"}},"clearTextFirst":true,"interactionType":"ENTER_TEXT"}]}
COMMAND: POST /session/85bc92a044d2dfb856863d13adac7a7e/execute/async - {"script":"<script> [1562 bytes]","args":[{"selector":{"id":"application-manageconditionprice-display-component---newCondition--condCurr-arrow"},"wdio_ui5_key":"applicationmanageconditionprice-display-component---newCondition--condCurr-arrow"}]}
RESULT: {"script":"<script> [1562 bytes]","args":[{"selector":{"id":"application-manageconditionprice-display-component---newCondition--condCurr-arrow"},"wdio_ui5_key":"applicationmanageconditionprice-display-component---newCondition--condCurr-arrow"}]}
RESULT: undefined
COMMAND: POST /session/85bc92a044d2dfb856863d13adac7a7e/element - {"using":"xpath","value":"//*[@id=\"application-manageconditionprice-display-component---newCondition--condCurr-arrow\"]"}
RESULT: {"using":"xpath","value":"//*[@id=\"application-manageconditionprice-display-component---newCondition--condCurr-arrow\"]"}
COMMAND: POST /session/85bc92a044d2dfb856863d13adac7a7e/element/f.B14EA88AD92014BD4F4EDEC3100164B7.d.2A79502215260834CFFE03F44AE5440C.e.11787/click - {}
RESULT: {}
COMMAND: POST /session/85bc92a044d2dfb856863d13adac7a7e/element - {"using":"xpath","value":"//span[contains(text(), \"Euro\")]"}
COMMAND: GET /session/85bc92a044d2dfb856863d13adac7a7e/screenshot - {}
RESULT: {"using":"xpath","value":"//span[contains(text(), \"Euro\")]"}
COMMAND: POST /session/85bc92a044d2dfb856863d13adac7a7e/element/f.B14EA88AD92014BD4F4EDEC3100164B7.d.2A79502215260834CFFE03F44AE5440C.e.11843/click - {}
RESULT: {}
RESULT: {}
COMMAND: POST /session/85bc92a044d2dfb856863d13adac7a7e/element - {"using":"xpath","value":"//button[@data-kt=\"saveButton\"]"}
COMMAND: GET /session/85bc92a044d2dfb856863d13adac7a7e/screenshot - {}
RESULT: {"using":"xpath","value":"//button[@data-kt=\"saveButton\"]"}
COMMAND: POST /session/85bc92a044d2dfb856863d13adac7a7e/element/f.B14EA88AD92014BD4F4EDEC3100164B7.d.2A79502215260834CFFE03F44AE5440C.e.11788/click - {}
RESULT: {}
RESULT: {}
COMMAND: GET /session/85bc92a044d2dfb856863d13adac7a7e/screenshot - {}
RESULT: {}
COMMAND: POST /session/85bc92a044d2dfb856863d13adac7a7e/execute/async - {"script":"<script> [1562 bytes]","args":[{"selector":{"id":"application-manageconditionprice-display-component---conditions--smartFilterBar-btnBasicSearch","interaction":{"idSuffix":"I"}},"wdio_ui5_key":"applicationmanageconditionprice-display-component---conditions--smartFilterBar-btnBasicSearch"}]}
RESULT: {"script":"<script> [1562 bytes]","args":[{"selector":{"id":"application-manageconditionprice-display-component---conditions--smartFilterBar-btnBasicSearch","interaction":{"idSuffix":"I"}},"wdio_ui5_key":"applicationmanageconditionprice-display-component---conditions--smartFilterBar-btnBasicSearch"}]}
RESULT: undefined
COMMAND: POST /session/85bc92a044d2dfb856863d13adac7a7e/execute/async - {"script":"<script> [776 bytes]","args":[{"enterText":"jmmlU7zvE9","selector":{"id":"application-manageconditionprice-display-component---conditions--smartFilterBar-btnBasicSearch","interaction":{"idSuffix":"I"}},"clearTextFirst":true,"interactionType":"ENTER_TEXT"}]}
RESULT: {"script":"<script> [776 bytes]","args":[{"enterText":"jmmlU7zvE9","selector":{"id":"application-manageconditionprice-display-component---conditions--smartFilterBar-btnBasicSearch","interaction":{"idSuffix":"I"}},"clearTextFirst":true,"interactionType":"ENTER_TEXT"}]}
COMMAND: POST /session/85bc92a044d2dfb856863d13adac7a7e/actions - {"actions":[{"id":"action51","type":"key","parameters":{},"actions":[{"type":"keyDown","value":"î€‡"},{"type":"pause","duration":10},{"type":"keyUp","value":"î€‡"}]}]}
RESULT: {"actions":[{"id":"action51","type":"key","parameters":{},"actions":[{"type":"keyDown","value":"î€‡"},{"type":"pause","duration":10},{"type":"keyUp","value":"î€‡"}]}]}
COMMAND: GET /session/85bc92a044d2dfb856863d13adac7a7e/screenshot - {}
RESULT: {}
COMMAND: POST /session/85bc92a044d2dfb856863d13adac7a7e/execute/async - {"script":"<script> [1562 bytes]","args":[{"selector":{"id":"application-manageconditionprice-display-component---conditions--smartFilterBar-filterItemControl_BASIC-BILL_TYPES-vhi"},"wdio_ui5_key":"applicationmanageconditionprice-display-component---conditions--smartFilterBar-filterItemControl_BASIC-BILL_TYPES-vhi"}]}
RESULT: {"script":"<script> [1562 bytes]","args":[{"selector":{"id":"application-manageconditionprice-display-component---conditions--smartFilterBar-filterItemControl_BASIC-BILL_TYPES-vhi"},"wdio_ui5_key":"applicationmanageconditionprice-display-component---conditions--smartFilterBar-filterItemControl_BASIC-BILL_TYPES-vhi"}]}
RESULT: undefined
COMMAND: POST /session/85bc92a044d2dfb856863d13adac7a7e/element - {"using":"xpath","value":"//*[@id=\"application-manageconditionprice-display-component---conditions--smartFilterBar-filterItemControl_BASIC-BILL_TYPES-vhi\"]"}
RESULT: {"using":"xpath","value":"//*[@id=\"application-manageconditionprice-display-component---conditions--smartFilterBar-filterItemControl_BASIC-BILL_TYPES-vhi\"]"}
COMMAND: POST /session/85bc92a044d2dfb856863d13adac7a7e/element/f.B14EA88AD92014BD4F4EDEC3100164B7.d.2A79502215260834CFFE03F44AE5440C.e.11859/click - {}
RESULT: {}
COMMAND: POST /session/85bc92a044d2dfb856863d13adac7a7e/execute/async - {"script":"<script> [1562 bytes]","args":[{"selector":{"id":"application-manageconditionprice-display-component---conditions--smartFilterBar-filterItemControl_BASIC-BILL_TYPES-valueHelpDialog-smartFilterBar-btnBasicSearch","searchOpenDialogs":true,"interaction":{"idSuffix":"I"}},"wdio_ui5_key":"applicationmanageconditionprice-display-component---conditions--smartFilterBar-filterItemControl_BASIC-BILL_TYPES-valueHelpDialog-smartFilterBar-btnBasicSearch"}]}
COMMAND: GET /session/85bc92a044d2dfb856863d13adac7a7e/screenshot - {}
RESULT: {"script":"<script> [1562 bytes]","args":[{"selector":{"id":"application-manageconditionprice-display-component---conditions--smartFilterBar-filterItemControl_BASIC-BILL_TYPES-valueHelpDialog-smartFilterBar-btnBasicSearch","searchOpenDialogs":true,"interaction":{"idSuffix":"I"}},"wdio_ui5_key":"applicationmanageconditionprice-display-component---conditions--smartFilterBar-filterItemControl_BASIC-BILL_TYPES-valueHelpDialog-smartFilterBar-btnBasicSearch"}]}
RESULT: undefined
COMMAND: POST /session/85bc92a044d2dfb856863d13adac7a7e/execute/async - {"script":"<script> [776 bytes]","args":[{"enterText":"PB","selector":{"id":"application-manageconditionprice-display-component---conditions--smartFilterBar-filterItemControl_BASIC-BILL_TYPES-valueHelpDialog-smartFilterBar-btnBasicSearch","searchOpenDialogs":true,"interaction":{"idSuffix":"I"}},"clearTextFirst":true,"interactionType":"ENTER_TEXT"}]}
RESULT: {}
RESULT: {"script":"<script> [776 bytes]","args":[{"enterText":"PB","selector":{"id":"application-manageconditionprice-display-component---conditions--smartFilterBar-filterItemControl_BASIC-BILL_TYPES-valueHelpDialog-smartFilterBar-btnBasicSearch","searchOpenDialogs":true,"interaction":{"idSuffix":"I"}},"clearTextFirst":true,"interactionType":"ENTER_TEXT"}]}
COMMAND: POST /session/85bc92a044d2dfb856863d13adac7a7e/actions - {"actions":[{"id":"action52","type":"key","parameters":{},"actions":[{"type":"keyDown","value":"î€‡"},{"type":"pause","duration":10},{"type":"keyUp","value":"î€‡"}]}]}
RESULT: {"actions":[{"id":"action52","type":"key","parameters":{},"actions":[{"type":"keyDown","value":"î€‡"},{"type":"pause","duration":10},{"type":"keyUp","value":"î€‡"}]}]}
COMMAND: GET /session/85bc92a044d2dfb856863d13adac7a7e/screenshot - {}
RESULT: {}
COMMAND: POST /session/85bc92a044d2dfb856863d13adac7a7e/element - {"using":"xpath","value":"//div[contains(@id, 'application-manageconditionprice-display-component---conditions--smartFilterBar-filterItemControl_BASIC-BILL_TYPES-valueHelpDialog-table-rowsel0')]"}
RESULT: {"using":"xpath","value":"//div[contains(@id, 'application-manageconditionprice-display-component---conditions--smartFilterBar-filterItemControl_BASIC-BILL_TYPES-valueHelpDialog-table-rowsel0')]"}
COMMAND: POST /session/85bc92a044d2dfb856863d13adac7a7e/element/f.B14EA88AD92014BD4F4EDEC3100164B7.d.2A79502215260834CFFE03F44AE5440C.e.11868/click - {}
RESULT: {}
COMMAND: GET /session/85bc92a044d2dfb856863d13adac7a7e/screenshot - {}
RESULT: {}
COMMAND: POST /session/85bc92a044d2dfb856863d13adac7a7e/element - {"using":"xpath","value":"//bdi[contains(text(), \"OK\")]"}
RESULT: {"using":"xpath","value":"//bdi[contains(text(), \"OK\")]"}
COMMAND: POST /session/85bc92a044d2dfb856863d13adac7a7e/element/f.B14EA88AD92014BD4F4EDEC3100164B7.d.2A79502215260834CFFE03F44AE5440C.e.11870/click - {}
RESULT: {}
COMMAND: GET /session/85bc92a044d2dfb856863d13adac7a7e/screenshot - {}
RESULT: {}
COMMAND: POST /session/85bc92a044d2dfb856863d13adac7a7e/element - {"using":"xpath","value":"//span[@id=\"application-manageconditionprice-display-component---conditions--smartTable-header-inner\"]"}
RESULT: {"using":"xpath","value":"//span[@id=\"application-manageconditionprice-display-component---conditions--smartTable-header-inner\"]"}
COMMAND: POST /session/85bc92a044d2dfb856863d13adac7a7e/elements - {"using":"xpath","value":"//span[@id=\"application-manageconditionprice-display-component---conditions--smartTable-header-inner\"]"}
RESULT: {"using":"xpath","value":"//span[@id=\"application-manageconditionprice-display-component---conditions--smartTable-header-inner\"]"}
COMMAND: POST /session/85bc92a044d2dfb856863d13adac7a7e/execute/sync - {"script":"<script> [56 bytes]","args":[{"element-6066-11e4-a52e-4f735466cecf":"f.B14EA88AD92014BD4F4EDEC3100164B7.d.2A79502215260834CFFE03F44AE5440C.e.11873","ELEMENT":"f.B14EA88AD92014BD4F4EDEC3100164B7.d.2A79502215260834CFFE03F44AE5440C.e.11873"}]}
RESULT: {"script":"<script> [56 bytes]","args":[{"element-6066-11e4-a52e-4f735466cecf":"f.B14EA88AD92014BD4F4EDEC3100164B7.d.2A79502215260834CFFE03F44AE5440C.e.11873","ELEMENT":"f.B14EA88AD92014BD4F4EDEC3100164B7.d.2A79502215260834CFFE03F44AE5440C.e.11873"}]}
COMMAND: POST /session/85bc92a044d2dfb856863d13adac7a7e/element - {"using":"css selector","value":"#shell-header-logo"}
COMMAND: GET /session/85bc92a044d2dfb856863d13adac7a7e/screenshot - {}
RESULT: {"using":"css selector","value":"#shell-header-logo"}
COMMAND: POST /session/85bc92a044d2dfb856863d13adac7a7e/element/f.B14EA88AD92014BD4F4EDEC3100164B7.d.2A79502215260834CFFE03F44AE5440C.e.11595/click - {}
RESULT: {}
RESULT: {}
COMMAND: GET /session/85bc92a044d2dfb856863d13adac7a7e/screenshot - {}
RESULT: {}
]]></system-out>
    </testcase>
    <testcase classname="chrome.136_0_7103_93.windows.Performance_based_billing_(work_days)_US139742" name="Should add a counter to the equipment" time="49.905">
      <system-out><![CDATA[
RESULT: undefined
COMMAND: POST /session/85bc92a044d2dfb856863d13adac7a7e/element - {"using":"xpath","value":"//*[@id=\"__tile39\"]"}
RESULT: {"using":"xpath","value":"//*[@id=\"__tile39\"]"}
COMMAND: POST /session/85bc92a044d2dfb856863d13adac7a7e/element/f.B14EA88AD92014BD4F4EDEC3100164B7.d.2A79502215260834CFFE03F44AE5440C.e.10598/click - {}
RESULT: {}
COMMAND: GET /session/85bc92a044d2dfb856863d13adac7a7e/screenshot - {}
RESULT: {}
COMMAND: POST /session/85bc92a044d2dfb856863d13adac7a7e/elements - {"using":"xpath","value":"//span[text()='Error']"}
RESULT: {"using":"xpath","value":"//span[text()='Error']"}
COMMAND: POST /session/85bc92a044d2dfb856863d13adac7a7e/execute/async - {"script":"<script> [1562 bytes]","args":[{"selector":{"id":"application-manageresources-display-component---masterRU--smartFilterBar-btnBasicSearch","interaction":{"idSuffix":"I"}},"wdio_ui5_key":"applicationmanageresources-display-component---masterRU--smartFilterBar-btnBasicSearch"}]}
RESULT: {"script":"<script> [1562 bytes]","args":[{"selector":{"id":"application-manageresources-display-component---masterRU--smartFilterBar-btnBasicSearch","interaction":{"idSuffix":"I"}},"wdio_ui5_key":"applicationmanageresources-display-component---masterRU--smartFilterBar-btnBasicSearch"}]}
RESULT: undefined
COMMAND: POST /session/85bc92a044d2dfb856863d13adac7a7e/execute/async - {"script":"<script> [776 bytes]","args":[{"enterText":"jmmlU7zvE9","selector":{"id":"application-manageresources-display-component---masterRU--smartFilterBar-btnBasicSearch","interaction":{"idSuffix":"I"}},"clearTextFirst":true,"interactionType":"ENTER_TEXT"}]}
RESULT: {"script":"<script> [776 bytes]","args":[{"enterText":"jmmlU7zvE9","selector":{"id":"application-manageresources-display-component---masterRU--smartFilterBar-btnBasicSearch","interaction":{"idSuffix":"I"}},"clearTextFirst":true,"interactionType":"ENTER_TEXT"}]}
COMMAND: POST /session/85bc92a044d2dfb856863d13adac7a7e/actions - {"actions":[{"id":"action53","type":"key","parameters":{},"actions":[{"type":"keyDown","value":"î€‡"},{"type":"pause","duration":10},{"type":"keyUp","value":"î€‡"}]}]}
RESULT: {"actions":[{"id":"action53","type":"key","parameters":{},"actions":[{"type":"keyDown","value":"î€‡"},{"type":"pause","duration":10},{"type":"keyUp","value":"î€‡"}]}]}
COMMAND: GET /session/85bc92a044d2dfb856863d13adac7a7e/screenshot - {}
RESULT: {}
COMMAND: POST /session/85bc92a044d2dfb856863d13adac7a7e/execute/async - {"script":"<script> [1562 bytes]","args":[{"selector":{"id":"application-manageresources-display-component---masterRU--smartTable-header"},"wdio_ui5_key":"applicationmanageresources-display-component---masterRU--smartTable-header"}]}
RESULT: {"script":"<script> [1562 bytes]","args":[{"selector":{"id":"application-manageresources-display-component---masterRU--smartTable-header"},"wdio_ui5_key":"applicationmanageresources-display-component---masterRU--smartTable-header"}]}
RESULT: undefined
COMMAND: POST /session/85bc92a044d2dfb856863d13adac7a7e/execute/async - {"script":"<script> [6424 bytes]","args":[{"element-6066-11e4-a52e-4f735466cecf":"f.B14EA88AD92014BD4F4EDEC3100164B7.d.2A79502215260834CFFE03F44AE5440C.e.12058"},"getText",[]]}
RESULT: {"script":"<script> [6424 bytes]","args":[{"element-6066-11e4-a52e-4f735466cecf":"f.B14EA88AD92014BD4F4EDEC3100164B7.d.2A79502215260834CFFE03F44AE5440C.e.12058"},"getText",[]]}
COMMAND: POST /session/85bc92a044d2dfb856863d13adac7a7e/execute/async - {"script":"<script> [1562 bytes]","args":[{"selector":{"controlType":"sap.ui.core.Icon","viewName":"etm.portal.ui.manageresources.view.Master","viewId":"application-manageresources-display-component---masterRU","properties":{"src":{"regex":{"source":"slim\\-arrow\\-right"}}}},"wdio_ui5_key":"etmportal.ui.manageresources.view.Mastersap.ui.core.Icon{\"src\":{\"regex\":{\"source\":\"slim\\\\-arrow\\\\-right\"}}}"}]}
RESULT: {"script":"<script> [1562 bytes]","args":[{"selector":{"controlType":"sap.ui.core.Icon","viewName":"etm.portal.ui.manageresources.view.Master","viewId":"application-manageresources-display-component---masterRU","properties":{"src":{"regex":{"source":"slim\\-arrow\\-right"}}}},"wdio_ui5_key":"etmportal.ui.manageresources.view.Mastersap.ui.core.Icon{\"src\":{\"regex\":{\"source\":\"slim\\\\-arrow\\\\-right\"}}}"}]}
RESULT: undefined
COMMAND: POST /session/85bc92a044d2dfb856863d13adac7a7e/element - {"using":"xpath","value":"//*[@id=\"__item1206-__clone3167-imgNav\"]"}
RESULT: {"using":"xpath","value":"//*[@id=\"__item1206-__clone3167-imgNav\"]"}
COMMAND: POST /session/85bc92a044d2dfb856863d13adac7a7e/element/f.B14EA88AD92014BD4F4EDEC3100164B7.d.2A79502215260834CFFE03F44AE5440C.e.12057/click - {}
RESULT: {}
COMMAND: GET /session/85bc92a044d2dfb856863d13adac7a7e/screenshot - {}
COMMAND: POST /session/85bc92a044d2dfb856863d13adac7a7e/element - {"using":"xpath","value":"//bdi[contains(text(), \"Edit\")]"}
RESULT: {}
RESULT: {"using":"xpath","value":"//bdi[contains(text(), \"Edit\")]"}
COMMAND: POST /session/85bc92a044d2dfb856863d13adac7a7e/execute/sync - {"script":"<script> [8489 bytes]","args":[{"element-6066-11e4-a52e-4f735466cecf":"f.B14EA88AD92014BD4F4EDEC3100164B7.d.2A79502215260834CFFE03F44AE5440C.e.12222","ELEMENT":"f.B14EA88AD92014BD4F4EDEC3100164B7.d.2A79502215260834CFFE03F44AE5440C.e.12222"}]}
RESULT: {"script":"<script> [8489 bytes]","args":[{"element-6066-11e4-a52e-4f735466cecf":"f.B14EA88AD92014BD4F4EDEC3100164B7.d.2A79502215260834CFFE03F44AE5440C.e.12222","ELEMENT":"f.B14EA88AD92014BD4F4EDEC3100164B7.d.2A79502215260834CFFE03F44AE5440C.e.12222"}]}
COMMAND: POST /session/85bc92a044d2dfb856863d13adac7a7e/element/f.B14EA88AD92014BD4F4EDEC3100164B7.d.2A79502215260834CFFE03F44AE5440C.e.12222/click - {}
COMMAND: GET /session/85bc92a044d2dfb856863d13adac7a7e/screenshot - {}
RESULT: {}
COMMAND: GET /session/85bc92a044d2dfb856863d13adac7a7e/screenshot - {}
RESULT: {}
RESULT: {}
COMMAND: POST /session/85bc92a044d2dfb856863d13adac7a7e/execute/async - {"script":"<script> [1562 bytes]","args":[{"selector":{"id":"application-manageresources-display-component---editResource--editRruPage-anchBar-application-manageresources-display-component---editResource--counters-anchor","interaction":{"idSuffix":"BDI-content"}},"wdio_ui5_key":"applicationmanageresources-display-component---editResource--editRruPage-anchBar-application-manageresources-display-component---editResource--counters-anchor"}]}
RESULT: {"script":"<script> [1562 bytes]","args":[{"selector":{"id":"application-manageresources-display-component---editResource--editRruPage-anchBar-application-manageresources-display-component---editResource--counters-anchor","interaction":{"idSuffix":"BDI-content"}},"wdio_ui5_key":"applicationmanageresources-display-component---editResource--editRruPage-anchBar-application-manageresources-display-component---editResource--counters-anchor"}]}
RESULT: undefined
COMMAND: POST /session/85bc92a044d2dfb856863d13adac7a7e/element - {"using":"xpath","value":"//*[@id=\"application-manageresources-display-component---editResource--editRruPage-anchBar-application-manageresources-display-component---editResource--counters-anchor\"]"}
RESULT: {"using":"xpath","value":"//*[@id=\"application-manageresources-display-component---editResource--editRruPage-anchBar-application-manageresources-display-component---editResource--counters-anchor\"]"}
COMMAND: POST /session/85bc92a044d2dfb856863d13adac7a7e/element/f.B14EA88AD92014BD4F4EDEC3100164B7.d.2A79502215260834CFFE03F44AE5440C.e.12412/click - {}
RESULT: {}
COMMAND: GET /session/85bc92a044d2dfb856863d13adac7a7e/screenshot - {}
RESULT: {}
COMMAND: POST /session/85bc92a044d2dfb856863d13adac7a7e/execute/async - {"script":"<script> [1562 bytes]","args":[{"selector":{"id":"application-manageresources-display-component---editResource--btnAddCounter-img"},"wdio_ui5_key":"applicationmanageresources-display-component---editResource--btnAddCounter-img"}]}
RESULT: {"script":"<script> [1562 bytes]","args":[{"selector":{"id":"application-manageresources-display-component---editResource--btnAddCounter-img"},"wdio_ui5_key":"applicationmanageresources-display-component---editResource--btnAddCounter-img"}]}
RESULT: undefined
COMMAND: POST /session/85bc92a044d2dfb856863d13adac7a7e/element - {"using":"xpath","value":"//*[@id=\"application-manageresources-display-component---editResource--btnAddCounter-img\"]"}
RESULT: {"using":"xpath","value":"//*[@id=\"application-manageresources-display-component---editResource--btnAddCounter-img\"]"}
COMMAND: POST /session/85bc92a044d2dfb856863d13adac7a7e/element/f.B14EA88AD92014BD4F4EDEC3100164B7.d.2A79502215260834CFFE03F44AE5440C.e.12417/click - {}
RESULT: {}
COMMAND: POST /session/85bc92a044d2dfb856863d13adac7a7e/execute/async - {"script":"<script> [1562 bytes]","args":[{"selector":{"id":"application-manageresources-display-component---editResource--COUNTER_ID-application-manageresources-display-component---editResource--RUCounters-0-arrow"},"wdio_ui5_key":"applicationmanageresources-display-component---editResource--COUNTER_ID-application-manageresources-display-component---editResource--RUCounters-0-arrow"}]}
COMMAND: GET /session/85bc92a044d2dfb856863d13adac7a7e/screenshot - {}
RESULT: {"script":"<script> [1562 bytes]","args":[{"selector":{"id":"application-manageresources-display-component---editResource--COUNTER_ID-application-manageresources-display-component---editResource--RUCounters-0-arrow"},"wdio_ui5_key":"applicationmanageresources-display-component---editResource--COUNTER_ID-application-manageresources-display-component---editResource--RUCounters-0-arrow"}]}
RESULT: undefined
COMMAND: POST /session/85bc92a044d2dfb856863d13adac7a7e/element - {"using":"xpath","value":"//*[@id=\"application-manageresources-display-component---editResource--COUNTER_ID-application-manageresources-display-component---editResource--RUCounters-0-arrow\"]"}
RESULT: {}
RESULT: {"using":"xpath","value":"//*[@id=\"application-manageresources-display-component---editResource--COUNTER_ID-application-manageresources-display-component---editResource--RUCounters-0-arrow\"]"}
COMMAND: POST /session/85bc92a044d2dfb856863d13adac7a7e/element/f.B14EA88AD92014BD4F4EDEC3100164B7.d.2A79502215260834CFFE03F44AE5440C.e.12432/click - {}
RESULT: {}
COMMAND: POST /session/85bc92a044d2dfb856863d13adac7a7e/execute/async - {"script":"<script> [1562 bytes]","args":[{"selector":{"controlType":"sap.m.StandardListItem","viewName":"etm.portal.ui.manageresources.view.EditResource","viewId":"application-manageresources-display-component---editResource","properties":{"title":"fuel"},"searchOpenDialogs":true,"interaction":{"idSuffix":"content"}},"wdio_ui5_key":"etmportal.ui.manageresources.view.EditResourcesap.m.StandardListItem{\"title\":\"fuel\"}"}]}
COMMAND: GET /session/85bc92a044d2dfb856863d13adac7a7e/screenshot - {}
RESULT: {"script":"<script> [1562 bytes]","args":[{"selector":{"controlType":"sap.m.StandardListItem","viewName":"etm.portal.ui.manageresources.view.EditResource","viewId":"application-manageresources-display-component---editResource","properties":{"title":"fuel"},"searchOpenDialogs":true,"interaction":{"idSuffix":"content"}},"wdio_ui5_key":"etmportal.ui.manageresources.view.EditResourcesap.m.StandardListItem{\"title\":\"fuel\"}"}]}
RESULT: undefined
COMMAND: POST /session/85bc92a044d2dfb856863d13adac7a7e/element - {"using":"xpath","value":"//*[@id=\"__item1534\"]"}
RESULT: {}
RESULT: {"using":"xpath","value":"//*[@id=\"__item1534\"]"}
COMMAND: POST /session/85bc92a044d2dfb856863d13adac7a7e/element/f.B14EA88AD92014BD4F4EDEC3100164B7.d.2A79502215260834CFFE03F44AE5440C.e.12434/click - {}
RESULT: {}
COMMAND: POST /session/85bc92a044d2dfb856863d13adac7a7e/execute/async - {"script":"<script> [1562 bytes]","args":[{"selector":{"controlType":"sap.m.Button","viewName":"etm.portal.ui.manageresources.view.EditResource","viewId":"application-manageresources-display-component---editResource","i18NText":{"propertyName":"text","key":"save"},"interaction":{"idSuffix":"BDI-content"}},"wdio_ui5_key":"etmportal.ui.manageresources.view.EditResourcesap.m.Button{\"propertyName\":\"text\",\"key\":\"save\"}"}]}
COMMAND: GET /session/85bc92a044d2dfb856863d13adac7a7e/screenshot - {}
RESULT: {"script":"<script> [1562 bytes]","args":[{"selector":{"controlType":"sap.m.Button","viewName":"etm.portal.ui.manageresources.view.EditResource","viewId":"application-manageresources-display-component---editResource","i18NText":{"propertyName":"text","key":"save"},"interaction":{"idSuffix":"BDI-content"}},"wdio_ui5_key":"etmportal.ui.manageresources.view.EditResourcesap.m.Button{\"propertyName\":\"text\",\"key\":\"save\"}"}]}
RESULT: undefined
COMMAND: POST /session/85bc92a044d2dfb856863d13adac7a7e/element - {"using":"xpath","value":"//*[@id=\"__button189\"]"}
RESULT: {}
RESULT: {"using":"xpath","value":"//*[@id=\"__button189\"]"}
COMMAND: POST /session/85bc92a044d2dfb856863d13adac7a7e/element/f.B14EA88AD92014BD4F4EDEC3100164B7.d.2A79502215260834CFFE03F44AE5440C.e.12436/click - {}
RESULT: {}
COMMAND: GET /session/85bc92a044d2dfb856863d13adac7a7e/screenshot - {}
RESULT: {}
COMMAND: POST /session/85bc92a044d2dfb856863d13adac7a7e/element - {"using":"css selector","value":"#shell-header-logo"}
RESULT: {"using":"css selector","value":"#shell-header-logo"}
COMMAND: POST /session/85bc92a044d2dfb856863d13adac7a7e/element/f.B14EA88AD92014BD4F4EDEC3100164B7.d.2A79502215260834CFFE03F44AE5440C.e.11878/click - {}
RESULT: {}
COMMAND: GET /session/85bc92a044d2dfb856863d13adac7a7e/screenshot - {}
RESULT: {}
]]></system-out>
    </testcase>
  </testsuite>
  <testsuite timestamp="2025-06-04T06:03:35" time="1214.312" tests="20" failures="14" errors="14" skipped="0">
    <properties>
      <property name="specId" value="0" />
      <property name="suiteName" value="Billing Calculation - Time based (considering transport times) US139738" />
      <property name="capabilities" value="chrome.136_0_7103_93.windows" />
      <property name="file" value="file:///D:/a/1/s/test/specs/BTS/billing-calculation-transp-times.spec.js" />
    </properties>
    <testcase classname="chrome.136_0_7103_93.windows.Billing_Calculation_-_Time_based_(considering_transport_times)_US139738" name="Should create a new yard" time="0.013">
      <system-out><![CDATA[
COMMAND: POST /session/85bc92a044d2dfb856863d13adac7a7e/window/fullscreen - {}
RESULT: {}
]]></system-out>
    </testcase>
    <testcase classname="chrome.136_0_7103_93.windows.Billing_Calculation_-_Time_based_(considering_transport_times)_US139738" name="Should create a new partner" time="0.003" />
    <testcase classname="chrome.136_0_7103_93.windows.Billing_Calculation_-_Time_based_(considering_transport_times)_US139738" name="Should create a new site" time="0.003" />
    <testcase classname="chrome.136_0_7103_93.windows.Billing_Calculation_-_Time_based_(considering_transport_times)_US139738" name="Should create the equipment" time="136.921">
      <system-out><![CDATA[
COMMAND: POST /session/85bc92a044d2dfb856863d13adac7a7e/execute/async - {"script":"<script> [1562 bytes]","args":[{"selector":{"controlType":"sap.m.GenericTile","properties":{"header":"Manage Resources"}},"wdio_ui5_key":"sapm.GenericTile{\"header\":\"Manage Resources\"}"}]}
RESULT: {"script":"<script> [1562 bytes]","args":[{"selector":{"controlType":"sap.m.GenericTile","properties":{"header":"Manage Resources"}},"wdio_ui5_key":"sapm.GenericTile{\"header\":\"Manage Resources\"}"}]}
RESULT: undefined
COMMAND: POST /session/85bc92a044d2dfb856863d13adac7a7e/element - {"using":"xpath","value":"//*[@id=\"__tile39\"]"}
RESULT: {"using":"xpath","value":"//*[@id=\"__tile39\"]"}
COMMAND: POST /session/85bc92a044d2dfb856863d13adac7a7e/element/f.B14EA88AD92014BD4F4EDEC3100164B7.d.3611B2EB813F3174E74676968EAEC99B.e.13055/click - {}
RESULT: {}
COMMAND: GET /session/85bc92a044d2dfb856863d13adac7a7e/screenshot - {}
RESULT: {}
COMMAND: POST /session/85bc92a044d2dfb856863d13adac7a7e/elements - {"using":"xpath","value":"//span[text()='Error']"}
RESULT: {"using":"xpath","value":"//span[text()='Error']"}
COMMAND: POST /session/85bc92a044d2dfb856863d13adac7a7e/element - {"using":"xpath","value":"//button[@data-kt=\"addNewRUOverflowToolbarButton\"]"}
RESULT: {"using":"xpath","value":"//button[@data-kt=\"addNewRUOverflowToolbarButton\"]"}
COMMAND: POST /session/85bc92a044d2dfb856863d13adac7a7e/elements - {"using":"xpath","value":"//button[@data-kt=\"addNewRUOverflowToolbarButton\"]"}
RESULT: {"using":"xpath","value":"//button[@data-kt=\"addNewRUOverflowToolbarButton\"]"}
COMMAND: POST /session/85bc92a044d2dfb856863d13adac7a7e/execute/sync - {"script":"<script> [8489 bytes]","args":[{"element-6066-11e4-a52e-4f735466cecf":"f.B14EA88AD92014BD4F4EDEC3100164B7.d.3611B2EB813F3174E74676968EAEC99B.e.13207","ELEMENT":"f.B14EA88AD92014BD4F4EDEC3100164B7.d.3611B2EB813F3174E74676968EAEC99B.e.13207"}]}
RESULT: {"script":"<script> [8489 bytes]","args":[{"element-6066-11e4-a52e-4f735466cecf":"f.B14EA88AD92014BD4F4EDEC3100164B7.d.3611B2EB813F3174E74676968EAEC99B.e.13207","ELEMENT":"f.B14EA88AD92014BD4F4EDEC3100164B7.d.3611B2EB813F3174E74676968EAEC99B.e.13207"}]}
COMMAND: GET /session/85bc92a044d2dfb856863d13adac7a7e/element/f.B14EA88AD92014BD4F4EDEC3100164B7.d.3611B2EB813F3174E74676968EAEC99B.e.13207/enabled - {}
COMMAND: GET /session/85bc92a044d2dfb856863d13adac7a7e/screenshot - {}
RESULT: {}
COMMAND: POST /session/85bc92a044d2dfb856863d13adac7a7e/execute/sync - {"script":"<script> [8489 bytes]","args":[{"element-6066-11e4-a52e-4f735466cecf":"f.B14EA88AD92014BD4F4EDEC3100164B7.d.3611B2EB813F3174E74676968EAEC99B.e.13207","ELEMENT":"f.B14EA88AD92014BD4F4EDEC3100164B7.d.3611B2EB813F3174E74676968EAEC99B.e.13207"}]}
COMMAND: GET /session/85bc92a044d2dfb856863d13adac7a7e/screenshot - {}
RESULT: {}
RESULT: {"script":"<script> [8489 bytes]","args":[{"element-6066-11e4-a52e-4f735466cecf":"f.B14EA88AD92014BD4F4EDEC3100164B7.d.3611B2EB813F3174E74676968EAEC99B.e.13207","ELEMENT":"f.B14EA88AD92014BD4F4EDEC3100164B7.d.3611B2EB813F3174E74676968EAEC99B.e.13207"}]}
COMMAND: POST /session/85bc92a044d2dfb856863d13adac7a7e/execute/sync - {"script":"<script> [5351 bytes]","args":[{"element-6066-11e4-a52e-4f735466cecf":"f.B14EA88AD92014BD4F4EDEC3100164B7.d.3611B2EB813F3174E74676968EAEC99B.e.13207","ELEMENT":"f.B14EA88AD92014BD4F4EDEC3100164B7.d.3611B2EB813F3174E74676968EAEC99B.e.13207"}]}
COMMAND: GET /session/85bc92a044d2dfb856863d13adac7a7e/screenshot - {}
RESULT: {}
RESULT: {"script":"<script> [5351 bytes]","args":[{"element-6066-11e4-a52e-4f735466cecf":"f.B14EA88AD92014BD4F4EDEC3100164B7.d.3611B2EB813F3174E74676968EAEC99B.e.13207","ELEMENT":"f.B14EA88AD92014BD4F4EDEC3100164B7.d.3611B2EB813F3174E74676968EAEC99B.e.13207"}]}
COMMAND: POST /session/85bc92a044d2dfb856863d13adac7a7e/element/f.B14EA88AD92014BD4F4EDEC3100164B7.d.3611B2EB813F3174E74676968EAEC99B.e.13207/click - {}
COMMAND: GET /session/85bc92a044d2dfb856863d13adac7a7e/screenshot - {}
RESULT: {}
RESULT: {}
COMMAND: GET /session/85bc92a044d2dfb856863d13adac7a7e/screenshot - {}
RESULT: {}
RESULT: {}
COMMAND: POST /session/85bc92a044d2dfb856863d13adac7a7e/execute/async - {"script":"<script> [1562 bytes]","args":[{"selector":{"id":"application-manageresources-display-component---newResourceUnit--TYPE-arrow"},"wdio_ui5_key":"applicationmanageresources-display-component---newResourceUnit--TYPE-arrow"}]}
RESULT: {"script":"<script> [1562 bytes]","args":[{"selector":{"id":"application-manageresources-display-component---newResourceUnit--TYPE-arrow"},"wdio_ui5_key":"applicationmanageresources-display-component---newResourceUnit--TYPE-arrow"}]}
RESULT: undefined
COMMAND: POST /session/85bc92a044d2dfb856863d13adac7a7e/element - {"using":"xpath","value":"//*[@id=\"application-manageresources-display-component---newResourceUnit--TYPE-arrow\"]"}
RESULT: {"using":"xpath","value":"//*[@id=\"application-manageresources-display-component---newResourceUnit--TYPE-arrow\"]"}
COMMAND: POST /session/85bc92a044d2dfb856863d13adac7a7e/element/f.B14EA88AD92014BD4F4EDEC3100164B7.d.3611B2EB813F3174E74676968EAEC99B.e.13564/click - {}
RESULT: {}
COMMAND: POST /session/85bc92a044d2dfb856863d13adac7a7e/element - {"using":"xpath","value":"//input[@id=\"application-manageresources-display-component---newResourceUnit--TYPE-inner\"]"}
COMMAND: GET /session/85bc92a044d2dfb856863d13adac7a7e/screenshot - {}
RESULT: {"using":"xpath","value":"//input[@id=\"application-manageresources-display-component---newResourceUnit--TYPE-inner\"]"}
COMMAND: POST /session/85bc92a044d2dfb856863d13adac7a7e/element/f.B14EA88AD92014BD4F4EDEC3100164B7.d.3611B2EB813F3174E74676968EAEC99B.e.13545/clear - {}
RESULT: {}
RESULT: {}
COMMAND: POST /session/85bc92a044d2dfb856863d13adac7a7e/element/f.B14EA88AD92014BD4F4EDEC3100164B7.d.3611B2EB813F3174E74676968EAEC99B.e.13545/value - {"text":"Equipment"}
COMMAND: GET /session/85bc92a044d2dfb856863d13adac7a7e/screenshot - {}
RESULT: {"text":"Equipment"}
COMMAND: GET /session/85bc92a044d2dfb856863d13adac7a7e/screenshot - {}
RESULT: {}
RESULT: {}
COMMAND: POST /session/85bc92a044d2dfb856863d13adac7a7e/actions - {"actions":[{"id":"action55","type":"key","parameters":{},"actions":[{"type":"keyDown","value":"î€‡"},{"type":"pause","duration":10},{"type":"keyUp","value":"î€‡"}]}]}
RESULT: {"actions":[{"id":"action55","type":"key","parameters":{},"actions":[{"type":"keyDown","value":"î€‡"},{"type":"pause","duration":10},{"type":"keyUp","value":"î€‡"}]}]}
COMMAND: POST /session/85bc92a044d2dfb856863d13adac7a7e/execute/async - {"script":"<script> [1562 bytes]","args":[{"selector":{"id":"application-manageresources-display-component---newResourceUnit--resourceId","interaction":{"idSuffix":"inner"}},"wdio_ui5_key":"applicationmanageresources-display-component---newResourceUnit--resourceId"}]}
COMMAND: GET /session/85bc92a044d2dfb856863d13adac7a7e/screenshot - {}
RESULT: {"script":"<script> [1562 bytes]","args":[{"selector":{"id":"application-manageresources-display-component---newResourceUnit--resourceId","interaction":{"idSuffix":"inner"}},"wdio_ui5_key":"applicationmanageresources-display-component---newResourceUnit--resourceId"}]}
RESULT: undefined
COMMAND: POST /session/85bc92a044d2dfb856863d13adac7a7e/execute/async - {"script":"<script> [776 bytes]","args":[{"enterText":"9GtRbOcvXO","selector":{"id":"application-manageresources-display-component---newResourceUnit--resourceId","interaction":{"idSuffix":"inner"}},"clearTextFirst":true,"interactionType":"ENTER_TEXT"}]}
RESULT: {}
RESULT: {"script":"<script> [776 bytes]","args":[{"enterText":"9GtRbOcvXO","selector":{"id":"application-manageresources-display-component---newResourceUnit--resourceId","interaction":{"idSuffix":"inner"}},"clearTextFirst":true,"interactionType":"ENTER_TEXT"}]}
COMMAND: POST /session/85bc92a044d2dfb856863d13adac7a7e/execute/async - {"script":"<script> [1562 bytes]","args":[{"selector":{"id":"application-manageresources-display-component---newResourceUnit--SHORT_TEXT","interaction":{"idSuffix":"inner"}},"wdio_ui5_key":"applicationmanageresources-display-component---newResourceUnit--SHORT_TEXT"}]}
RESULT: {"script":"<script> [1562 bytes]","args":[{"selector":{"id":"application-manageresources-display-component---newResourceUnit--SHORT_TEXT","interaction":{"idSuffix":"inner"}},"wdio_ui5_key":"applicationmanageresources-display-component---newResourceUnit--SHORT_TEXT"}]}
RESULT: undefined
COMMAND: POST /session/85bc92a044d2dfb856863d13adac7a7e/execute/async - {"script":"<script> [776 bytes]","args":[{"enterText":"Intercompany Equipment WDIO","selector":{"id":"application-manageresources-display-component---newResourceUnit--SHORT_TEXT","interaction":{"idSuffix":"inner"}},"clearTextFirst":true,"interactionType":"ENTER_TEXT"}]}
RESULT: {"script":"<script> [776 bytes]","args":[{"enterText":"Intercompany Equipment WDIO","selector":{"id":"application-manageresources-display-component---newResourceUnit--SHORT_TEXT","interaction":{"idSuffix":"inner"}},"clearTextFirst":true,"interactionType":"ENTER_TEXT"}]}
COMMAND: POST /session/85bc92a044d2dfb856863d13adac7a7e/execute/async - {"script":"<script> [1562 bytes]","args":[{"selector":{"id":"application-manageresources-display-component---newResourceUnit--BASE_UNIT_OF_MEASURE","interaction":{"idSuffix":"inner"}},"wdio_ui5_key":"applicationmanageresources-display-component---newResourceUnit--BASE_UNIT_OF_MEASURE"}]}
RESULT: {"script":"<script> [1562 bytes]","args":[{"selector":{"id":"application-manageresources-display-component---newResourceUnit--BASE_UNIT_OF_MEASURE","interaction":{"idSuffix":"inner"}},"wdio_ui5_key":"applicationmanageresources-display-component---newResourceUnit--BASE_UNIT_OF_MEASURE"}]}
RESULT: undefined
COMMAND: POST /session/85bc92a044d2dfb856863d13adac7a7e/execute/async - {"script":"<script> [776 bytes]","args":[{"enterText":"Piece","selector":{"id":"application-manageresources-display-component---newResourceUnit--BASE_UNIT_OF_MEASURE","interaction":{"idSuffix":"inner"}},"clearTextFirst":true,"interactionType":"ENTER_TEXT"}]}
RESULT: {"script":"<script> [776 bytes]","args":[{"enterText":"Piece","selector":{"id":"application-manageresources-display-component---newResourceUnit--BASE_UNIT_OF_MEASURE","interaction":{"idSuffix":"inner"}},"clearTextFirst":true,"interactionType":"ENTER_TEXT"}]}
COMMAND: POST /session/85bc92a044d2dfb856863d13adac7a7e/execute/async - {"script":"<script> [1562 bytes]","args":[{"selector":{"id":"application-manageresources-display-component---newResourceUnit--WEIGHT_UNIT","interaction":{"idSuffix":"inner"}},"wdio_ui5_key":"applicationmanageresources-display-component---newResourceUnit--WEIGHT_UNIT"}]}
RESULT: {"script":"<script> [1562 bytes]","args":[{"selector":{"id":"application-manageresources-display-component---newResourceUnit--WEIGHT_UNIT","interaction":{"idSuffix":"inner"}},"wdio_ui5_key":"applicationmanageresources-display-component---newResourceUnit--WEIGHT_UNIT"}]}
RESULT: undefined
COMMAND: POST /session/85bc92a044d2dfb856863d13adac7a7e/execute/async - {"script":"<script> [776 bytes]","args":[{"enterText":"Gram","selector":{"id":"application-manageresources-display-component---newResourceUnit--WEIGHT_UNIT","interaction":{"idSuffix":"inner"}},"clearTextFirst":true,"interactionType":"ENTER_TEXT"}]}
RESULT: {"script":"<script> [776 bytes]","args":[{"enterText":"Gram","selector":{"id":"application-manageresources-display-component---newResourceUnit--WEIGHT_UNIT","interaction":{"idSuffix":"inner"}},"clearTextFirst":true,"interactionType":"ENTER_TEXT"}]}
COMMAND: POST /session/85bc92a044d2dfb856863d13adac7a7e/execute/async - {"script":"<script> [1562 bytes]","args":[{"selector":{"id":"application-manageresources-display-component---newResourceUnit--DIMENSION_UNIT","interaction":{"idSuffix":"inner"}},"wdio_ui5_key":"applicationmanageresources-display-component---newResourceUnit--DIMENSION_UNIT"}]}
RESULT: {"script":"<script> [1562 bytes]","args":[{"selector":{"id":"application-manageresources-display-component---newResourceUnit--DIMENSION_UNIT","interaction":{"idSuffix":"inner"}},"wdio_ui5_key":"applicationmanageresources-display-component---newResourceUnit--DIMENSION_UNIT"}]}
RESULT: undefined
COMMAND: POST /session/85bc92a044d2dfb856863d13adac7a7e/execute/async - {"script":"<script> [776 bytes]","args":[{"enterText":"Meter","selector":{"id":"application-manageresources-display-component---newResourceUnit--DIMENSION_UNIT","interaction":{"idSuffix":"inner"}},"clearTextFirst":true,"interactionType":"ENTER_TEXT"}]}
RESULT: {"script":"<script> [776 bytes]","args":[{"enterText":"Meter","selector":{"id":"application-manageresources-display-component---newResourceUnit--DIMENSION_UNIT","interaction":{"idSuffix":"inner"}},"clearTextFirst":true,"interactionType":"ENTER_TEXT"}]}
COMMAND: POST /session/85bc92a044d2dfb856863d13adac7a7e/execute/async - {"script":"<script> [1562 bytes]","args":[{"selector":{"id":"application-manageresources-display-component---newResourceUnit--newRRUPage-anchBar-application-manageresources-display-component---newResourceUnit--control-anchor","interaction":{"idSuffix":"BDI-content"}},"wdio_ui5_key":"applicationmanageresources-display-component---newResourceUnit--newRRUPage-anchBar-application-manageresources-display-component---newResourceUnit--control-anchor"}]}
RESULT: {"script":"<script> [1562 bytes]","args":[{"selector":{"id":"application-manageresources-display-component---newResourceUnit--newRRUPage-anchBar-application-manageresources-display-component---newResourceUnit--control-anchor","interaction":{"idSuffix":"BDI-content"}},"wdio_ui5_key":"applicationmanageresources-display-component---newResourceUnit--newRRUPage-anchBar-application-manageresources-display-component---newResourceUnit--control-anchor"}]}
RESULT: undefined
COMMAND: POST /session/85bc92a044d2dfb856863d13adac7a7e/element - {"using":"xpath","value":"//*[@id=\"application-manageresources-display-component---newResourceUnit--newRRUPage-anchBar-application-manageresources-display-component---newResourceUnit--control-anchor\"]"}
RESULT: {"using":"xpath","value":"//*[@id=\"application-manageresources-display-component---newResourceUnit--newRRUPage-anchBar-application-manageresources-display-component---newResourceUnit--control-anchor\"]"}
COMMAND: POST /session/85bc92a044d2dfb856863d13adac7a7e/element/f.B14EA88AD92014BD4F4EDEC3100164B7.d.3611B2EB813F3174E74676968EAEC99B.e.13723/click - {}
RESULT: {}
COMMAND: POST /session/85bc92a044d2dfb856863d13adac7a7e/execute/async - {"script":"<script> [1562 bytes]","args":[{"selector":{"id":"application-manageresources-display-component---newResourceUnit--PLANNING_GROUP","interaction":{"idSuffix":"inner"}},"wdio_ui5_key":"applicationmanageresources-display-component---newResourceUnit--PLANNING_GROUP"}]}
COMMAND: GET /session/85bc92a044d2dfb856863d13adac7a7e/screenshot - {}
RESULT: {"script":"<script> [1562 bytes]","args":[{"selector":{"id":"application-manageresources-display-component---newResourceUnit--PLANNING_GROUP","interaction":{"idSuffix":"inner"}},"wdio_ui5_key":"applicationmanageresources-display-component---newResourceUnit--PLANNING_GROUP"}]}
RESULT: undefined
COMMAND: POST /session/85bc92a044d2dfb856863d13adac7a7e/execute/async - {"script":"<script> [776 bytes]","args":[{"enterText":"Heavy Equi","selector":{"id":"application-manageresources-display-component---newResourceUnit--PLANNING_GROUP","interaction":{"idSuffix":"inner"}},"clearTextFirst":true,"interactionType":"ENTER_TEXT"}]}
RESULT: {}
RESULT: {"script":"<script> [776 bytes]","args":[{"enterText":"Heavy Equi","selector":{"id":"application-manageresources-display-component---newResourceUnit--PLANNING_GROUP","interaction":{"idSuffix":"inner"}},"clearTextFirst":true,"interactionType":"ENTER_TEXT"}]}
COMMAND: POST /session/85bc92a044d2dfb856863d13adac7a7e/execute/async - {"script":"<script> [1562 bytes]","args":[{"selector":{"id":"application-manageresources-display-component---newResourceUnit--ITEM_TYPE-arrow"},"wdio_ui5_key":"applicationmanageresources-display-component---newResourceUnit--ITEM_TYPE-arrow"}]}
RESULT: {"script":"<script> [1562 bytes]","args":[{"selector":{"id":"application-manageresources-display-component---newResourceUnit--ITEM_TYPE-arrow"},"wdio_ui5_key":"applicationmanageresources-display-component---newResourceUnit--ITEM_TYPE-arrow"}]}
RESULT: undefined
COMMAND: POST /session/85bc92a044d2dfb856863d13adac7a7e/element - {"using":"xpath","value":"//*[@id=\"application-manageresources-display-component---newResourceUnit--ITEM_TYPE-arrow\"]"}
RESULT: {"using":"xpath","value":"//*[@id=\"application-manageresources-display-component---newResourceUnit--ITEM_TYPE-arrow\"]"}
COMMAND: POST /session/85bc92a044d2dfb856863d13adac7a7e/element/f.B14EA88AD92014BD4F4EDEC3100164B7.d.3611B2EB813F3174E74676968EAEC99B.e.13732/click - {}
RESULT: {}
COMMAND: POST /session/85bc92a044d2dfb856863d13adac7a7e/element - {"using":"xpath","value":"//ul[contains(@id,\"ITEM_TYPE-popup-list-listUl\")]//li[.//span[contains(text(),\"Resource Unit\")]]"}
COMMAND: GET /session/85bc92a044d2dfb856863d13adac7a7e/screenshot - {}
RESULT: {"using":"xpath","value":"//ul[contains(@id,\"ITEM_TYPE-popup-list-listUl\")]//li[.//span[contains(text(),\"Resource Unit\")]]"}
COMMAND: POST /session/85bc92a044d2dfb856863d13adac7a7e/element/f.B14EA88AD92014BD4F4EDEC3100164B7.d.3611B2EB813F3174E74676968EAEC99B.e.13733/click - {}
RESULT: {}
RESULT: {}
COMMAND: GET /session/85bc92a044d2dfb856863d13adac7a7e/screenshot - {}
RESULT: {}
COMMAND: POST /session/85bc92a044d2dfb856863d13adac7a7e/element - {"using":"css selector","value":"#application-manageresources-display-component---newResourceUnit--btnAddTimeSegment"}
RESULT: {"using":"css selector","value":"#application-manageresources-display-component---newResourceUnit--btnAddTimeSegment"}
COMMAND: GET /session/85bc92a044d2dfb856863d13adac7a7e/element/f.B14EA88AD92014BD4F4EDEC3100164B7.d.3611B2EB813F3174E74676968EAEC99B.e.13740/rect - {}
RESULT: {}
COMMAND: GET /session/85bc92a044d2dfb856863d13adac7a7e/window/rect - {}
RESULT: {}
COMMAND: POST /session/85bc92a044d2dfb856863d13adac7a7e/execute/sync - {"script":"<script> [92 bytes]","args":[]}
RESULT: {"script":"<script> [92 bytes]","args":[]}
COMMAND: POST /session/85bc92a044d2dfb856863d13adac7a7e/actions - {"actions":[{"id":"action56","type":"wheel","parameters":{},"actions":[{"type":"scroll","x":-1888,"y":-32,"deltaX":0,"deltaY":0,"duration":0,"origin":{"element-6066-11e4-a52e-4f735466cecf":"f.B14EA88AD92014BD4F4EDEC3100164B7.d.3611B2EB813F3174E74676968EAEC99B.e.13740"}}]}]}
COMMAND: GET /session/85bc92a044d2dfb856863d13adac7a7e/screenshot - {}
RESULT: {}
COMMAND: POST /session/85bc92a044d2dfb856863d13adac7a7e/execute/sync - {"script":"<script> [79 bytes]","args":[{"element-6066-11e4-a52e-4f735466cecf":"f.B14EA88AD92014BD4F4EDEC3100164B7.d.3611B2EB813F3174E74676968EAEC99B.e.13740","ELEMENT":"f.B14EA88AD92014BD4F4EDEC3100164B7.d.3611B2EB813F3174E74676968EAEC99B.e.13740"},{"block":"start","inline":"nearest"}]}
RESULT: {"script":"<script> [79 bytes]","args":[{"element-6066-11e4-a52e-4f735466cecf":"f.B14EA88AD92014BD4F4EDEC3100164B7.d.3611B2EB813F3174E74676968EAEC99B.e.13740","ELEMENT":"f.B14EA88AD92014BD4F4EDEC3100164B7.d.3611B2EB813F3174E74676968EAEC99B.e.13740"},{"block":"start","inline":"nearest"}]}
COMMAND: POST /session/85bc92a044d2dfb856863d13adac7a7e/execute/async - {"script":"<script> [1562 bytes]","args":[{"selector":{"id":"application-manageresources-display-component---newResourceUnit--btnAddTimeSegment","interaction":{"idSuffix":"inner"}},"wdio_ui5_key":"applicationmanageresources-display-component---newResourceUnit--btnAddTimeSegment"}]}
COMMAND: GET /session/85bc92a044d2dfb856863d13adac7a7e/screenshot - {}
RESULT: {"script":"<script> [1562 bytes]","args":[{"selector":{"id":"application-manageresources-display-component---newResourceUnit--btnAddTimeSegment","interaction":{"idSuffix":"inner"}},"wdio_ui5_key":"applicationmanageresources-display-component---newResourceUnit--btnAddTimeSegment"}]}
RESULT: undefined
COMMAND: POST /session/85bc92a044d2dfb856863d13adac7a7e/element - {"using":"xpath","value":"//*[@id=\"application-manageresources-display-component---newResourceUnit--btnAddTimeSegment\"]"}
RESULT: {}
RESULT: {"using":"xpath","value":"//*[@id=\"application-manageresources-display-component---newResourceUnit--btnAddTimeSegment\"]"}
COMMAND: POST /session/85bc92a044d2dfb856863d13adac7a7e/element/f.B14EA88AD92014BD4F4EDEC3100164B7.d.3611B2EB813F3174E74676968EAEC99B.e.13740/click - {}
RESULT: {}
COMMAND: GET /session/85bc92a044d2dfb856863d13adac7a7e/screenshot - {}
RESULT: {}
COMMAND: POST /session/85bc92a044d2dfb856863d13adac7a7e/element - {"using":"xpath","value":"//input[@id=\"application-manageresources-display-component---newResourceUnit--idRuTSAdmin-application-manageresources-display-component---newResourceUnit--RUTimeSegment-0-inner\"]"}
RESULT: {"using":"xpath","value":"//input[@id=\"application-manageresources-display-component---newResourceUnit--idRuTSAdmin-application-manageresources-display-component---newResourceUnit--RUTimeSegment-0-inner\"]"}
COMMAND: POST /session/85bc92a044d2dfb856863d13adac7a7e/element/f.B14EA88AD92014BD4F4EDEC3100164B7.d.3611B2EB813F3174E74676968EAEC99B.e.13746/clear - {}
RESULT: {}
COMMAND: POST /session/85bc92a044d2dfb856863d13adac7a7e/element/f.B14EA88AD92014BD4F4EDEC3100164B7.d.3611B2EB813F3174E74676968EAEC99B.e.13746/value - {"text":"624"}
COMMAND: GET /session/85bc92a044d2dfb856863d13adac7a7e/screenshot - {}
RESULT: {"text":"624"}
COMMAND: GET /session/85bc92a044d2dfb856863d13adac7a7e/screenshot - {}
RESULT: {}
RESULT: {}
COMMAND: POST /session/85bc92a044d2dfb856863d13adac7a7e/element - {"using":"xpath","value":"//li[.//span[text()='624']]"}
RESULT: {"using":"xpath","value":"//li[.//span[text()='624']]"}
COMMAND: POST /session/85bc92a044d2dfb856863d13adac7a7e/element/f.B14EA88AD92014BD4F4EDEC3100164B7.d.3611B2EB813F3174E74676968EAEC99B.e.13760/click - {}
RESULT: {}
COMMAND: GET /session/85bc92a044d2dfb856863d13adac7a7e/screenshot - {}
RESULT: {}
COMMAND: POST /session/85bc92a044d2dfb856863d13adac7a7e/element - {"using":"xpath","value":"(//span[contains(@id, \"-application-manageresources-display-component---newResourceUnit--RUTimeSegment-0-arrow\")])[6]"}
RESULT: {"using":"xpath","value":"(//span[contains(@id, \"-application-manageresources-display-component---newResourceUnit--RUTimeSegment-0-arrow\")])[6]"}
COMMAND: POST /session/85bc92a044d2dfb856863d13adac7a7e/element/f.B14EA88AD92014BD4F4EDEC3100164B7.d.3611B2EB813F3174E74676968EAEC99B.e.13761/click - {}
RESULT: {}
COMMAND: GET /session/85bc92a044d2dfb856863d13adac7a7e/screenshot - {}
RESULT: {}
COMMAND: POST /session/85bc92a044d2dfb856863d13adac7a7e/element - {"using":"xpath","value":"//span[contains(text(), \"PM Order\")]"}
RESULT: {"using":"xpath","value":"//span[contains(text(), \"PM Order\")]"}
COMMAND: POST /session/85bc92a044d2dfb856863d13adac7a7e/element/f.B14EA88AD92014BD4F4EDEC3100164B7.d.3611B2EB813F3174E74676968EAEC99B.e.13764/click - {}
RESULT: {}
COMMAND: GET /session/85bc92a044d2dfb856863d13adac7a7e/screenshot - {}
RESULT: {}
COMMAND: POST /session/85bc92a044d2dfb856863d13adac7a7e/element - {"using":"xpath","value":"(//span[contains(@id ,\"manageresources-display-component---newResourceUnit--RUTimeSegment-0-vhi\")])[1]"}
RESULT: {"using":"xpath","value":"(//span[contains(@id ,\"manageresources-display-component---newResourceUnit--RUTimeSegment-0-vhi\")])[1]"}
COMMAND: GET /session/85bc92a044d2dfb856863d13adac7a7e/element/f.B14EA88AD92014BD4F4EDEC3100164B7.d.3611B2EB813F3174E74676968EAEC99B.e.13768/rect - {}
RESULT: {}
COMMAND: GET /session/85bc92a044d2dfb856863d13adac7a7e/window/rect - {}
RESULT: {}
COMMAND: POST /session/85bc92a044d2dfb856863d13adac7a7e/execute/sync - {"script":"<script> [92 bytes]","args":[]}
RESULT: {"script":"<script> [92 bytes]","args":[]}
COMMAND: POST /session/85bc92a044d2dfb856863d13adac7a7e/actions - {"actions":[{"id":"action57","type":"wheel","parameters":{},"actions":[{"type":"scroll","x":-869,"y":-24,"deltaX":0,"deltaY":0,"duration":0,"origin":{"element-6066-11e4-a52e-4f735466cecf":"f.B14EA88AD92014BD4F4EDEC3100164B7.d.3611B2EB813F3174E74676968EAEC99B.e.13768"}}]}]}
COMMAND: GET /session/85bc92a044d2dfb856863d13adac7a7e/screenshot - {}
RESULT: {"actions":[{"id":"action57","type":"wheel","parameters":{},"actions":[{"type":"scroll","x":-869,"y":-24,"deltaX":0,"deltaY":0,"duration":0,"origin":{"element-6066-11e4-a52e-4f735466cecf":"f.B14EA88AD92014BD4F4EDEC3100164B7.d.3611B2EB813F3174E74676968EAEC99B.e.13768"}}]}]}
COMMAND: DELETE /session/85bc92a044d2dfb856863d13adac7a7e/actions - {}
COMMAND: GET /session/85bc92a044d2dfb856863d13adac7a7e/screenshot - {}
RESULT: {}
RESULT: {}
COMMAND: GET /session/85bc92a044d2dfb856863d13adac7a7e/screenshot - {}
RESULT: {}
RESULT: {}
COMMAND: POST /session/85bc92a044d2dfb856863d13adac7a7e/element/f.B14EA88AD92014BD4F4EDEC3100164B7.d.3611B2EB813F3174E74676968EAEC99B.e.13768/click - {}
RESULT: {}
COMMAND: GET /session/85bc92a044d2dfb856863d13adac7a7e/screenshot - {}
RESULT: {}
COMMAND: POST /session/85bc92a044d2dfb856863d13adac7a7e/execute/async - {"script":"<script> [1562 bytes]","args":[{"selector":{"controlType":"sap.m.SearchField","properties":{"placeholder":"Search"},"searchOpenDialogs":true,"interaction":{"idSuffix":"I"}},"wdio_ui5_key":"sapm.SearchField{\"placeholder\":\"Search\"}"}]}
RESULT: {"script":"<script> [1562 bytes]","args":[{"selector":{"controlType":"sap.m.SearchField","properties":{"placeholder":"Search"},"searchOpenDialogs":true,"interaction":{"idSuffix":"I"}},"wdio_ui5_key":"sapm.SearchField{\"placeholder\":\"Search\"}"}]}
RESULT: undefined
COMMAND: POST /session/85bc92a044d2dfb856863d13adac7a7e/execute/async - {"script":"<script> [776 bytes]","args":[{"enterText":"4000360","selector":{"controlType":"sap.m.SearchField","properties":{"placeholder":"Search"},"searchOpenDialogs":true,"interaction":{"idSuffix":"I"}},"clearTextFirst":true,"interactionType":"ENTER_TEXT"}]}
RESULT: {"script":"<script> [776 bytes]","args":[{"enterText":"4000360","selector":{"controlType":"sap.m.SearchField","properties":{"placeholder":"Search"},"searchOpenDialogs":true,"interaction":{"idSuffix":"I"}},"clearTextFirst":true,"interactionType":"ENTER_TEXT"}]}
COMMAND: POST /session/85bc92a044d2dfb856863d13adac7a7e/actions - {"actions":[{"id":"action58","type":"key","parameters":{},"actions":[{"type":"keyDown","value":"î€‡"},{"type":"pause","duration":10},{"type":"keyUp","value":"î€‡"}]}]}
RESULT: {"actions":[{"id":"action58","type":"key","parameters":{},"actions":[{"type":"keyDown","value":"î€‡"},{"type":"pause","duration":10},{"type":"keyUp","value":"î€‡"}]}]}
COMMAND: GET /session/85bc92a044d2dfb856863d13adac7a7e/screenshot - {}
RESULT: {}
COMMAND: POST /session/85bc92a044d2dfb856863d13adac7a7e/element - {"using":"xpath","value":"//td/div/span[contains(text(), \"BGL Vehicles\")]"}
RESULT: {"using":"xpath","value":"//td/div/span[contains(text(), \"BGL Vehicles\")]"}
COMMAND: POST /session/85bc92a044d2dfb856863d13adac7a7e/element/f.B14EA88AD92014BD4F4EDEC3100164B7.d.3611B2EB813F3174E74676968EAEC99B.e.13788/click - {}
RESULT: {}
COMMAND: GET /session/85bc92a044d2dfb856863d13adac7a7e/screenshot - {}
RESULT: {}
COMMAND: POST /session/85bc92a044d2dfb856863d13adac7a7e/element - {"using":"xpath","value":"//bdi[contains(text(), \"OK\")]"}
RESULT: {"using":"xpath","value":"//bdi[contains(text(), \"OK\")]"}
COMMAND: POST /session/85bc92a044d2dfb856863d13adac7a7e/element/f.B14EA88AD92014BD4F4EDEC3100164B7.d.3611B2EB813F3174E74676968EAEC99B.e.13789/click - {}
RESULT: {}
COMMAND: GET /session/85bc92a044d2dfb856863d13adac7a7e/screenshot - {}
RESULT: {}
COMMAND: POST /session/85bc92a044d2dfb856863d13adac7a7e/execute/async - {"script":"<script> [1562 bytes]","args":[{"selector":{"id":"application-manageresources-display-component---newResourceUnit--newRRUPage-anchBar-application-manageresources-display-component---newResourceUnit--resource-anchor","interaction":{"idSuffix":"BDI-content"}},"wdio_ui5_key":"applicationmanageresources-display-component---newResourceUnit--newRRUPage-anchBar-application-manageresources-display-component---newResourceUnit--resource-anchor"}]}
RESULT: {"script":"<script> [1562 bytes]","args":[{"selector":{"id":"application-manageresources-display-component---newResourceUnit--newRRUPage-anchBar-application-manageresources-display-component---newResourceUnit--resource-anchor","interaction":{"idSuffix":"BDI-content"}},"wdio_ui5_key":"applicationmanageresources-display-component---newResourceUnit--newRRUPage-anchBar-application-manageresources-display-component---newResourceUnit--resource-anchor"}]}
RESULT: undefined
COMMAND: POST /session/85bc92a044d2dfb856863d13adac7a7e/element - {"using":"xpath","value":"//*[@id=\"application-manageresources-display-component---newResourceUnit--newRRUPage-anchBar-application-manageresources-display-component---newResourceUnit--resource-anchor\"]"}
RESULT: {"using":"xpath","value":"//*[@id=\"application-manageresources-display-component---newResourceUnit--newRRUPage-anchBar-application-manageresources-display-component---newResourceUnit--resource-anchor\"]"}
COMMAND: POST /session/85bc92a044d2dfb856863d13adac7a7e/element/f.B14EA88AD92014BD4F4EDEC3100164B7.d.3611B2EB813F3174E74676968EAEC99B.e.13793/click - {}
RESULT: {}
COMMAND: POST /session/85bc92a044d2dfb856863d13adac7a7e/execute/async - {"script":"<script> [1562 bytes]","args":[{"selector":{"id":"application-manageresources-display-component---newResourceUnit--PLANNED_DELIVERY_DATE","interaction":{"idSuffix":"inner"}},"wdio_ui5_key":"applicationmanageresources-display-component---newResourceUnit--PLANNED_DELIVERY_DATE"}]}
COMMAND: GET /session/85bc92a044d2dfb856863d13adac7a7e/screenshot - {}
RESULT: {"script":"<script> [1562 bytes]","args":[{"selector":{"id":"application-manageresources-display-component---newResourceUnit--PLANNED_DELIVERY_DATE","interaction":{"idSuffix":"inner"}},"wdio_ui5_key":"applicationmanageresources-display-component---newResourceUnit--PLANNED_DELIVERY_DATE"}]}
RESULT: undefined
COMMAND: POST /session/85bc92a044d2dfb856863d13adac7a7e/execute/async - {"script":"<script> [6424 bytes]","args":[{"element-6066-11e4-a52e-4f735466cecf":"f.B14EA88AD92014BD4F4EDEC3100164B7.d.3611B2EB813F3174E74676968EAEC99B.e.13622"},"setValue",["6/4/25"]]}
RESULT: {}
RESULT: {"script":"<script> [6424 bytes]","args":[{"element-6066-11e4-a52e-4f735466cecf":"f.B14EA88AD92014BD4F4EDEC3100164B7.d.3611B2EB813F3174E74676968EAEC99B.e.13622"},"setValue",["6/4/25"]]}
COMMAND: POST /session/85bc92a044d2dfb856863d13adac7a7e/element - {"using":"xpath","value":"//label[contains(@class, 'sapMLabelRequired') and .//bdi[contains(text(), 'Planned Retirement')]]"}
RESULT: {"using":"xpath","value":"//label[contains(@class, 'sapMLabelRequired') and .//bdi[contains(text(), 'Planned Retirement')]]"}
COMMAND: POST /session/85bc92a044d2dfb856863d13adac7a7e/elements - {"using":"xpath","value":"//label[contains(@class, 'sapMLabelRequired') and .//bdi[contains(text(), 'Planned Retirement')]]"}
RESULT: {"using":"xpath","value":"//label[contains(@class, 'sapMLabelRequired') and .//bdi[contains(text(), 'Planned Retirement')]]"}
COMMAND: POST /session/85bc92a044d2dfb856863d13adac7a7e/element - {"using":"xpath","value":"//button[@data-kt=\"resourceUnitSaveButton\"]"}
RESULT: {"using":"xpath","value":"//button[@data-kt=\"resourceUnitSaveButton\"]"}
COMMAND: POST /session/85bc92a044d2dfb856863d13adac7a7e/element/f.B14EA88AD92014BD4F4EDEC3100164B7.d.3611B2EB813F3174E74676968EAEC99B.e.13581/click - {}
RESULT: {}
COMMAND: GET /session/85bc92a044d2dfb856863d13adac7a7e/screenshot - {}
RESULT: {}
COMMAND: POST /session/85bc92a044d2dfb856863d13adac7a7e/element - {"using":"xpath","value":"//bdi[contains(text(), \"Close\")]"}
RESULT: {"using":"xpath","value":"//bdi[contains(text(), \"Close\")]"}
COMMAND: POST /session/85bc92a044d2dfb856863d13adac7a7e/element/f.B14EA88AD92014BD4F4EDEC3100164B7.d.3611B2EB813F3174E74676968EAEC99B.e.13801/click - {}
RESULT: {}
COMMAND: GET /session/85bc92a044d2dfb856863d13adac7a7e/screenshot - {}
RESULT: {}
COMMAND: POST /session/85bc92a044d2dfb856863d13adac7a7e/element - {"using":"xpath","value":"(//button[contains(@id ,\"actionsToolbar-overflowButton\")])[1]"}
RESULT: {"using":"xpath","value":"(//button[contains(@id ,\"actionsToolbar-overflowButton\")])[1]"}
COMMAND: POST /session/85bc92a044d2dfb856863d13adac7a7e/element/f.B14EA88AD92014BD4F4EDEC3100164B7.d.3611B2EB813F3174E74676968EAEC99B.e.13835/click - {}
RESULT: {}
COMMAND: GET /session/85bc92a044d2dfb856863d13adac7a7e/screenshot - {}
RESULT: {}
COMMAND: POST /session/85bc92a044d2dfb856863d13adac7a7e/element - {"using":"xpath","value":"//button[@data-kt=\"priceInfoButton\"]"}
RESULT: {"using":"xpath","value":"//button[@data-kt=\"priceInfoButton\"]"}
COMMAND: POST /session/85bc92a044d2dfb856863d13adac7a7e/element/f.B14EA88AD92014BD4F4EDEC3100164B7.d.3611B2EB813F3174E74676968EAEC99B.e.13837/click - {}
RESULT: {}
COMMAND: GET /session/85bc92a044d2dfb856863d13adac7a7e/screenshot - {}
]]></system-out>
    </testcase>
    <testcase classname="chrome.136_0_7103_93.windows.Billing_Calculation_-_Time_based_(considering_transport_times)_US139738" name="Should create new pricing rule for the equipment" time="50.826">
      <system-out><![CDATA[
COMMAND: POST /session/85bc92a044d2dfb856863d13adac7a7e/element - {"using":"xpath","value":"//button[@data-kt=\"addButton\"]"}
RESULT: {}
RESULT: {"using":"xpath","value":"//button[@data-kt=\"addButton\"]"}
COMMAND: POST /session/85bc92a044d2dfb856863d13adac7a7e/elements - {"using":"xpath","value":"//button[@data-kt=\"addButton\"]"}
RESULT: {"using":"xpath","value":"//button[@data-kt=\"addButton\"]"}
COMMAND: POST /session/85bc92a044d2dfb856863d13adac7a7e/execute/sync - {"script":"<script> [8489 bytes]","args":[{"element-6066-11e4-a52e-4f735466cecf":"f.B14EA88AD92014BD4F4EDEC3100164B7.d.3611B2EB813F3174E74676968EAEC99B.e.13873","ELEMENT":"f.B14EA88AD92014BD4F4EDEC3100164B7.d.3611B2EB813F3174E74676968EAEC99B.e.13873"}]}
RESULT: {"script":"<script> [8489 bytes]","args":[{"element-6066-11e4-a52e-4f735466cecf":"f.B14EA88AD92014BD4F4EDEC3100164B7.d.3611B2EB813F3174E74676968EAEC99B.e.13873","ELEMENT":"f.B14EA88AD92014BD4F4EDEC3100164B7.d.3611B2EB813F3174E74676968EAEC99B.e.13873"}]}
COMMAND: GET /session/85bc92a044d2dfb856863d13adac7a7e/element/f.B14EA88AD92014BD4F4EDEC3100164B7.d.3611B2EB813F3174E74676968EAEC99B.e.13873/enabled - {}
COMMAND: GET /session/85bc92a044d2dfb856863d13adac7a7e/screenshot - {}
RESULT: {}
COMMAND: POST /session/85bc92a044d2dfb856863d13adac7a7e/execute/sync - {"script":"<script> [8489 bytes]","args":[{"element-6066-11e4-a52e-4f735466cecf":"f.B14EA88AD92014BD4F4EDEC3100164B7.d.3611B2EB813F3174E74676968EAEC99B.e.13873","ELEMENT":"f.B14EA88AD92014BD4F4EDEC3100164B7.d.3611B2EB813F3174E74676968EAEC99B.e.13873"}]}
COMMAND: GET /session/85bc92a044d2dfb856863d13adac7a7e/screenshot - {}
RESULT: {}
RESULT: {"script":"<script> [8489 bytes]","args":[{"element-6066-11e4-a52e-4f735466cecf":"f.B14EA88AD92014BD4F4EDEC3100164B7.d.3611B2EB813F3174E74676968EAEC99B.e.13873","ELEMENT":"f.B14EA88AD92014BD4F4EDEC3100164B7.d.3611B2EB813F3174E74676968EAEC99B.e.13873"}]}
COMMAND: POST /session/85bc92a044d2dfb856863d13adac7a7e/execute/sync - {"script":"<script> [5351 bytes]","args":[{"element-6066-11e4-a52e-4f735466cecf":"f.B14EA88AD92014BD4F4EDEC3100164B7.d.3611B2EB813F3174E74676968EAEC99B.e.13873","ELEMENT":"f.B14EA88AD92014BD4F4EDEC3100164B7.d.3611B2EB813F3174E74676968EAEC99B.e.13873"}]}
COMMAND: GET /session/85bc92a044d2dfb856863d13adac7a7e/screenshot - {}
RESULT: {}
RESULT: {"script":"<script> [5351 bytes]","args":[{"element-6066-11e4-a52e-4f735466cecf":"f.B14EA88AD92014BD4F4EDEC3100164B7.d.3611B2EB813F3174E74676968EAEC99B.e.13873","ELEMENT":"f.B14EA88AD92014BD4F4EDEC3100164B7.d.3611B2EB813F3174E74676968EAEC99B.e.13873"}]}
COMMAND: POST /session/85bc92a044d2dfb856863d13adac7a7e/element/f.B14EA88AD92014BD4F4EDEC3100164B7.d.3611B2EB813F3174E74676968EAEC99B.e.13873/click - {}
COMMAND: GET /session/85bc92a044d2dfb856863d13adac7a7e/screenshot - {}
RESULT: {}
RESULT: {}
COMMAND: GET /session/85bc92a044d2dfb856863d13adac7a7e/screenshot - {}
RESULT: {}
RESULT: {}
COMMAND: POST /session/85bc92a044d2dfb856863d13adac7a7e/execute/async - {"script":"<script> [1562 bytes]","args":[{"selector":{"controlType":"sap.m.Title","viewName":"etm.portal.ui.managepricingrules.view.NewItem","viewId":"application-managepricingrules-display-component---newInfoPriceItem","properties":{"text":"New Pricing Rules - Item Level"}},"wdio_ui5_key":"etmportal.ui.managepricingrules.view.NewItemsap.m.Title{\"text\":\"New Pricing Rules - Item Level\"}"}]}
RESULT: {"script":"<script> [1562 bytes]","args":[{"selector":{"controlType":"sap.m.Title","viewName":"etm.portal.ui.managepricingrules.view.NewItem","viewId":"application-managepricingrules-display-component---newInfoPriceItem","properties":{"text":"New Pricing Rules - Item Level"}},"wdio_ui5_key":"etmportal.ui.managepricingrules.view.NewItemsap.m.Title{\"text\":\"New Pricing Rules - Item Level\"}"}]}
RESULT: undefined
COMMAND: POST /session/85bc92a044d2dfb856863d13adac7a7e/execute/async - {"script":"<script> [6424 bytes]","args":[{"element-6066-11e4-a52e-4f735466cecf":"f.B14EA88AD92014BD4F4EDEC3100164B7.d.3611B2EB813F3174E74676968EAEC99B.e.14033"},"getText",[]]}
RESULT: {"script":"<script> [6424 bytes]","args":[{"element-6066-11e4-a52e-4f735466cecf":"f.B14EA88AD92014BD4F4EDEC3100164B7.d.3611B2EB813F3174E74676968EAEC99B.e.14033"},"getText",[]]}
COMMAND: POST /session/85bc92a044d2dfb856863d13adac7a7e/execute/async - {"script":"<script> [1562 bytes]","args":[{"selector":{"id":"application-managepricingrules-display-component---newInfoPriceItem--condValidTo","interaction":{"idSuffix":"inner"}},"wdio_ui5_key":"applicationmanagepricingrules-display-component---newInfoPriceItem--condValidTo"}]}
RESULT: {"script":"<script> [1562 bytes]","args":[{"selector":{"id":"application-managepricingrules-display-component---newInfoPriceItem--condValidTo","interaction":{"idSuffix":"inner"}},"wdio_ui5_key":"applicationmanagepricingrules-display-component---newInfoPriceItem--condValidTo"}]}
RESULT: undefined
COMMAND: POST /session/85bc92a044d2dfb856863d13adac7a7e/execute/async - {"script":"<script> [776 bytes]","args":[{"enterText":"2/4/26","selector":{"id":"application-managepricingrules-display-component---newInfoPriceItem--condValidTo","interaction":{"idSuffix":"inner"}},"clearTextFirst":true,"interactionType":"ENTER_TEXT"}]}
RESULT: {"script":"<script> [776 bytes]","args":[{"enterText":"2/4/26","selector":{"id":"application-managepricingrules-display-component---newInfoPriceItem--condValidTo","interaction":{"idSuffix":"inner"}},"clearTextFirst":true,"interactionType":"ENTER_TEXT"}]}
COMMAND: POST /session/85bc92a044d2dfb856863d13adac7a7e/execute/async - {"script":"<script> [1562 bytes]","args":[{"selector":{"id":"application-managepricingrules-display-component---newInfoPriceItem--billType-arrow"},"wdio_ui5_key":"applicationmanagepricingrules-display-component---newInfoPriceItem--billType-arrow"}]}
RESULT: {"script":"<script> [1562 bytes]","args":[{"selector":{"id":"application-managepricingrules-display-component---newInfoPriceItem--billType-arrow"},"wdio_ui5_key":"applicationmanagepricingrules-display-component---newInfoPriceItem--billType-arrow"}]}
RESULT: undefined
COMMAND: POST /session/85bc92a044d2dfb856863d13adac7a7e/element - {"using":"xpath","value":"//*[@id=\"application-managepricingrules-display-component---newInfoPriceItem--billType-arrow\"]"}
RESULT: {"using":"xpath","value":"//*[@id=\"application-managepricingrules-display-component---newInfoPriceItem--billType-arrow\"]"}
COMMAND: POST /session/85bc92a044d2dfb856863d13adac7a7e/element/f.B14EA88AD92014BD4F4EDEC3100164B7.d.3611B2EB813F3174E74676968EAEC99B.e.14035/click - {}
RESULT: {}
COMMAND: POST /session/85bc92a044d2dfb856863d13adac7a7e/element - {"using":"xpath","value":"//span[contains(text(), \"TB - Time based\")]"}
COMMAND: GET /session/85bc92a044d2dfb856863d13adac7a7e/screenshot - {}
RESULT: {"using":"xpath","value":"//span[contains(text(), \"TB - Time based\")]"}
COMMAND: POST /session/85bc92a044d2dfb856863d13adac7a7e/element/f.B14EA88AD92014BD4F4EDEC3100164B7.d.3611B2EB813F3174E74676968EAEC99B.e.14036/click - {}
RESULT: {}
RESULT: {}
COMMAND: POST /session/85bc92a044d2dfb856863d13adac7a7e/execute/async - {"script":"<script> [1562 bytes]","args":[{"selector":{"id":"application-managepricingrules-display-component---newInfoPriceItem--priceProc-arrow"},"wdio_ui5_key":"applicationmanagepricingrules-display-component---newInfoPriceItem--priceProc-arrow"}]}
COMMAND: GET /session/85bc92a044d2dfb856863d13adac7a7e/screenshot - {}
RESULT: {"script":"<script> [1562 bytes]","args":[{"selector":{"id":"application-managepricingrules-display-component---newInfoPriceItem--priceProc-arrow"},"wdio_ui5_key":"applicationmanagepricingrules-display-component---newInfoPriceItem--priceProc-arrow"}]}
RESULT: undefined
COMMAND: POST /session/85bc92a044d2dfb856863d13adac7a7e/element - {"using":"xpath","value":"//*[@id=\"application-managepricingrules-display-component---newInfoPriceItem--priceProc-arrow\"]"}
RESULT: {}
RESULT: {"using":"xpath","value":"//*[@id=\"application-managepricingrules-display-component---newInfoPriceItem--priceProc-arrow\"]"}
COMMAND: POST /session/85bc92a044d2dfb856863d13adac7a7e/element/f.B14EA88AD92014BD4F4EDEC3100164B7.d.3611B2EB813F3174E74676968EAEC99B.e.14001/click - {}
RESULT: {}
COMMAND: POST /session/85bc92a044d2dfb856863d13adac7a7e/element - {"using":"xpath","value":"//span[contains(text(), \"TBS - Time based standard\")]"}
COMMAND: GET /session/85bc92a044d2dfb856863d13adac7a7e/screenshot - {}
RESULT: {"using":"xpath","value":"//span[contains(text(), \"TBS - Time based standard\")]"}
COMMAND: POST /session/85bc92a044d2dfb856863d13adac7a7e/element/f.B14EA88AD92014BD4F4EDEC3100164B7.d.3611B2EB813F3174E74676968EAEC99B.e.14037/click - {}
RESULT: {}
RESULT: {}
COMMAND: POST /session/85bc92a044d2dfb856863d13adac7a7e/execute/async - {"script":"<script> [1562 bytes]","args":[{"selector":{"id":"application-managepricingrules-display-component---newInfoPriceItem--calcBase-arrow"},"wdio_ui5_key":"applicationmanagepricingrules-display-component---newInfoPriceItem--calcBase-arrow"}]}
COMMAND: GET /session/85bc92a044d2dfb856863d13adac7a7e/screenshot - {}
RESULT: {"script":"<script> [1562 bytes]","args":[{"selector":{"id":"application-managepricingrules-display-component---newInfoPriceItem--calcBase-arrow"},"wdio_ui5_key":"applicationmanagepricingrules-display-component---newInfoPriceItem--calcBase-arrow"}]}
RESULT: undefined
COMMAND: POST /session/85bc92a044d2dfb856863d13adac7a7e/element - {"using":"xpath","value":"//*[@id=\"application-managepricingrules-display-component---newInfoPriceItem--calcBase-arrow\"]"}
RESULT: {}
RESULT: {"using":"xpath","value":"//*[@id=\"application-managepricingrules-display-component---newInfoPriceItem--calcBase-arrow\"]"}
COMMAND: POST /session/85bc92a044d2dfb856863d13adac7a7e/element/f.B14EA88AD92014BD4F4EDEC3100164B7.d.3611B2EB813F3174E74676968EAEC99B.e.14008/click - {}
RESULT: {}
COMMAND: GET /session/85bc92a044d2dfb856863d13adac7a7e/screenshot - {}
RESULT: {}
COMMAND: POST /session/85bc92a044d2dfb856863d13adac7a7e/element - {"using":"xpath","value":"//span[contains(text(), \"0006 - TB(calendar days)\")]"}
RESULT: {"using":"xpath","value":"//span[contains(text(), \"0006 - TB(calendar days)\")]"}
COMMAND: POST /session/85bc92a044d2dfb856863d13adac7a7e/element/f.B14EA88AD92014BD4F4EDEC3100164B7.d.3611B2EB813F3174E74676968EAEC99B.e.14038/click - {}
RESULT: {}
COMMAND: GET /session/85bc92a044d2dfb856863d13adac7a7e/screenshot - {}
RESULT: {}
COMMAND: POST /session/85bc92a044d2dfb856863d13adac7a7e/execute/async - {"script":"<script> [1562 bytes]","args":[{"selector":{"id":"application-managepricingrules-display-component---newInfoPriceItem--daysMonth","interaction":{"idSuffix":"inner"}},"wdio_ui5_key":"applicationmanagepricingrules-display-component---newInfoPriceItem--daysMonth"}]}
RESULT: {"script":"<script> [1562 bytes]","args":[{"selector":{"id":"application-managepricingrules-display-component---newInfoPriceItem--daysMonth","interaction":{"idSuffix":"inner"}},"wdio_ui5_key":"applicationmanagepricingrules-display-component---newInfoPriceItem--daysMonth"}]}
RESULT: undefined
COMMAND: POST /session/85bc92a044d2dfb856863d13adac7a7e/execute/async - {"script":"<script> [776 bytes]","args":[{"enterText":"30","selector":{"id":"application-managepricingrules-display-component---newInfoPriceItem--daysMonth","interaction":{"idSuffix":"inner"}},"clearTextFirst":true,"interactionType":"ENTER_TEXT"}]}
RESULT: {"script":"<script> [776 bytes]","args":[{"enterText":"30","selector":{"id":"application-managepricingrules-display-component---newInfoPriceItem--daysMonth","interaction":{"idSuffix":"inner"}},"clearTextFirst":true,"interactionType":"ENTER_TEXT"}]}
COMMAND: POST /session/85bc92a044d2dfb856863d13adac7a7e/element - {"using":"xpath","value":"//button[@data-kt=\"saveNewRuleButton\"]"}
RESULT: {"using":"xpath","value":"//button[@data-kt=\"saveNewRuleButton\"]"}
COMMAND: POST /session/85bc92a044d2dfb856863d13adac7a7e/element/f.B14EA88AD92014BD4F4EDEC3100164B7.d.3611B2EB813F3174E74676968EAEC99B.e.14024/click - {}
RESULT: {}
COMMAND: GET /session/85bc92a044d2dfb856863d13adac7a7e/screenshot - {}
RESULT: {}
COMMAND: POST /session/85bc92a044d2dfb856863d13adac7a7e/execute/async - {"script":"<script> [1562 bytes]","args":[{"selector":{"id":"application-managepricingrules-display-component---priceInfoItem--smartFilterBar-btnBasicSearch","interaction":{"idSuffix":"I"}},"wdio_ui5_key":"applicationmanagepricingrules-display-component---priceInfoItem--smartFilterBar-btnBasicSearch"}]}
RESULT: {"script":"<script> [1562 bytes]","args":[{"selector":{"id":"application-managepricingrules-display-component---priceInfoItem--smartFilterBar-btnBasicSearch","interaction":{"idSuffix":"I"}},"wdio_ui5_key":"applicationmanagepricingrules-display-component---priceInfoItem--smartFilterBar-btnBasicSearch"}]}
RESULT: undefined
COMMAND: POST /session/85bc92a044d2dfb856863d13adac7a7e/execute/async - {"script":"<script> [776 bytes]","args":[{"enterText":"9GtRbOcvXO","selector":{"id":"application-managepricingrules-display-component---priceInfoItem--smartFilterBar-btnBasicSearch","interaction":{"idSuffix":"I"}},"clearTextFirst":true,"interactionType":"ENTER_TEXT"}]}
RESULT: {"script":"<script> [776 bytes]","args":[{"enterText":"9GtRbOcvXO","selector":{"id":"application-managepricingrules-display-component---priceInfoItem--smartFilterBar-btnBasicSearch","interaction":{"idSuffix":"I"}},"clearTextFirst":true,"interactionType":"ENTER_TEXT"}]}
COMMAND: POST /session/85bc92a044d2dfb856863d13adac7a7e/actions - {"actions":[{"id":"action59","type":"key","parameters":{},"actions":[{"type":"keyDown","value":"î€‡"},{"type":"pause","duration":10},{"type":"keyUp","value":"î€‡"}]}]}
RESULT: {"actions":[{"id":"action59","type":"key","parameters":{},"actions":[{"type":"keyDown","value":"î€‡"},{"type":"pause","duration":10},{"type":"keyUp","value":"î€‡"}]}]}
COMMAND: GET /session/85bc92a044d2dfb856863d13adac7a7e/screenshot - {}
RESULT: {}
COMMAND: POST /session/85bc92a044d2dfb856863d13adac7a7e/element - {"using":"xpath","value":"//span[@id=\"application-managepricingrules-display-component---priceInfoItem--smartTable-header-inner\"]"}
RESULT: {"using":"xpath","value":"//span[@id=\"application-managepricingrules-display-component---priceInfoItem--smartTable-header-inner\"]"}
COMMAND: POST /session/85bc92a044d2dfb856863d13adac7a7e/elements - {"using":"xpath","value":"//span[@id=\"application-managepricingrules-display-component---priceInfoItem--smartTable-header-inner\"]"}
RESULT: {"using":"xpath","value":"//span[@id=\"application-managepricingrules-display-component---priceInfoItem--smartTable-header-inner\"]"}
COMMAND: POST /session/85bc92a044d2dfb856863d13adac7a7e/execute/sync - {"script":"<script> [56 bytes]","args":[{"element-6066-11e4-a52e-4f735466cecf":"f.B14EA88AD92014BD4F4EDEC3100164B7.d.3611B2EB813F3174E74676968EAEC99B.e.14062","ELEMENT":"f.B14EA88AD92014BD4F4EDEC3100164B7.d.3611B2EB813F3174E74676968EAEC99B.e.14062"}]}
RESULT: {"script":"<script> [56 bytes]","args":[{"element-6066-11e4-a52e-4f735466cecf":"f.B14EA88AD92014BD4F4EDEC3100164B7.d.3611B2EB813F3174E74676968EAEC99B.e.14062","ELEMENT":"f.B14EA88AD92014BD4F4EDEC3100164B7.d.3611B2EB813F3174E74676968EAEC99B.e.14062"}]}
COMMAND: POST /session/85bc92a044d2dfb856863d13adac7a7e/element - {"using":"css selector","value":"#shell-header-logo"}
COMMAND: GET /session/85bc92a044d2dfb856863d13adac7a7e/screenshot - {}
RESULT: {"using":"css selector","value":"#shell-header-logo"}
COMMAND: POST /session/85bc92a044d2dfb856863d13adac7a7e/element/f.B14EA88AD92014BD4F4EDEC3100164B7.d.3611B2EB813F3174E74676968EAEC99B.e.13164/click - {}
RESULT: {}
RESULT: {}
COMMAND: GET /session/85bc92a044d2dfb856863d13adac7a7e/screenshot - {}
RESULT: {}
]]></system-out>
    </testcase>
    <testcase classname="chrome.136_0_7103_93.windows.Billing_Calculation_-_Time_based_(considering_transport_times)_US139738" name="Should create new pricing condition for the equipment" time="63.887">
      <system-out><![CDATA[
COMMAND: POST /session/85bc92a044d2dfb856863d13adac7a7e/execute/async - {"script":"<script> [1562 bytes]","args":[{"selector":{"controlType":"sap.m.GenericTile","properties":{"header":"Manage Conditions & Prices"}},"wdio_ui5_key":"sapm.GenericTile{\"header\":\"Manage Conditions & Prices\"}"}]}
RESULT: {"script":"<script> [1562 bytes]","args":[{"selector":{"controlType":"sap.m.GenericTile","properties":{"header":"Manage Conditions & Prices"}},"wdio_ui5_key":"sapm.GenericTile{\"header\":\"Manage Conditions & Prices\"}"}]}
RESULT: undefined
COMMAND: POST /session/85bc92a044d2dfb856863d13adac7a7e/element - {"using":"xpath","value":"//*[@id=\"__tile53\"]"}
RESULT: {"using":"xpath","value":"//*[@id=\"__tile53\"]"}
COMMAND: POST /session/85bc92a044d2dfb856863d13adac7a7e/element/f.B14EA88AD92014BD4F4EDEC3100164B7.d.3611B2EB813F3174E74676968EAEC99B.e.13102/click - {}
RESULT: {}
COMMAND: GET /session/85bc92a044d2dfb856863d13adac7a7e/screenshot - {}
COMMAND: POST /session/85bc92a044d2dfb856863d13adac7a7e/elements - {"using":"xpath","value":"//span[text()='Error']"}
RESULT: {}
RESULT: {"using":"xpath","value":"//span[text()='Error']"}
COMMAND: POST /session/85bc92a044d2dfb856863d13adac7a7e/element - {"using":"xpath","value":"//button[@aria-label=\"Create\"]"}
RESULT: {"using":"xpath","value":"//button[@aria-label=\"Create\"]"}
COMMAND: POST /session/85bc92a044d2dfb856863d13adac7a7e/elements - {"using":"xpath","value":"//button[@aria-label=\"Create\"]"}
RESULT: {"using":"xpath","value":"//button[@aria-label=\"Create\"]"}
COMMAND: POST /session/85bc92a044d2dfb856863d13adac7a7e/execute/sync - {"script":"<script> [8489 bytes]","args":[{"element-6066-11e4-a52e-4f735466cecf":"f.B14EA88AD92014BD4F4EDEC3100164B7.d.3611B2EB813F3174E74676968EAEC99B.e.14098","ELEMENT":"f.B14EA88AD92014BD4F4EDEC3100164B7.d.3611B2EB813F3174E74676968EAEC99B.e.14098"}]}
RESULT: {"script":"<script> [8489 bytes]","args":[{"element-6066-11e4-a52e-4f735466cecf":"f.B14EA88AD92014BD4F4EDEC3100164B7.d.3611B2EB813F3174E74676968EAEC99B.e.14098","ELEMENT":"f.B14EA88AD92014BD4F4EDEC3100164B7.d.3611B2EB813F3174E74676968EAEC99B.e.14098"}]}
COMMAND: GET /session/85bc92a044d2dfb856863d13adac7a7e/element/f.B14EA88AD92014BD4F4EDEC3100164B7.d.3611B2EB813F3174E74676968EAEC99B.e.14098/enabled - {}
COMMAND: GET /session/85bc92a044d2dfb856863d13adac7a7e/screenshot - {}
RESULT: {}
COMMAND: POST /session/85bc92a044d2dfb856863d13adac7a7e/execute/sync - {"script":"<script> [8489 bytes]","args":[{"element-6066-11e4-a52e-4f735466cecf":"f.B14EA88AD92014BD4F4EDEC3100164B7.d.3611B2EB813F3174E74676968EAEC99B.e.14098","ELEMENT":"f.B14EA88AD92014BD4F4EDEC3100164B7.d.3611B2EB813F3174E74676968EAEC99B.e.14098"}]}
COMMAND: GET /session/85bc92a044d2dfb856863d13adac7a7e/screenshot - {}
RESULT: {}
RESULT: {"script":"<script> [8489 bytes]","args":[{"element-6066-11e4-a52e-4f735466cecf":"f.B14EA88AD92014BD4F4EDEC3100164B7.d.3611B2EB813F3174E74676968EAEC99B.e.14098","ELEMENT":"f.B14EA88AD92014BD4F4EDEC3100164B7.d.3611B2EB813F3174E74676968EAEC99B.e.14098"}]}
COMMAND: POST /session/85bc92a044d2dfb856863d13adac7a7e/execute/sync - {"script":"<script> [5351 bytes]","args":[{"element-6066-11e4-a52e-4f735466cecf":"f.B14EA88AD92014BD4F4EDEC3100164B7.d.3611B2EB813F3174E74676968EAEC99B.e.14098","ELEMENT":"f.B14EA88AD92014BD4F4EDEC3100164B7.d.3611B2EB813F3174E74676968EAEC99B.e.14098"}]}
COMMAND: GET /session/85bc92a044d2dfb856863d13adac7a7e/screenshot - {}
RESULT: {}
RESULT: {"script":"<script> [5351 bytes]","args":[{"element-6066-11e4-a52e-4f735466cecf":"f.B14EA88AD92014BD4F4EDEC3100164B7.d.3611B2EB813F3174E74676968EAEC99B.e.14098","ELEMENT":"f.B14EA88AD92014BD4F4EDEC3100164B7.d.3611B2EB813F3174E74676968EAEC99B.e.14098"}]}
COMMAND: POST /session/85bc92a044d2dfb856863d13adac7a7e/element/f.B14EA88AD92014BD4F4EDEC3100164B7.d.3611B2EB813F3174E74676968EAEC99B.e.14098/click - {}
COMMAND: GET /session/85bc92a044d2dfb856863d13adac7a7e/screenshot - {}
RESULT: {}
RESULT: {}
COMMAND: GET /session/85bc92a044d2dfb856863d13adac7a7e/screenshot - {}
RESULT: {}
RESULT: {}
COMMAND: POST /session/85bc92a044d2dfb856863d13adac7a7e/actions - {"actions":[{"id":"action60","type":"key","parameters":{},"actions":[{"type":"keyDown","value":"î€‡"},{"type":"pause","duration":10},{"type":"keyUp","value":"î€‡"}]}]}
RESULT: {"actions":[{"id":"action60","type":"key","parameters":{},"actions":[{"type":"keyDown","value":"î€‡"},{"type":"pause","duration":10},{"type":"keyUp","value":"î€‡"}]}]}
COMMAND: GET /session/85bc92a044d2dfb856863d13adac7a7e/screenshot - {}
RESULT: {}
COMMAND: POST /session/85bc92a044d2dfb856863d13adac7a7e/execute/async - {"script":"<script> [1562 bytes]","args":[{"selector":{"id":"application-manageconditionprice-display-component---newCondition--condBillCond-arrow"},"wdio_ui5_key":"applicationmanageconditionprice-display-component---newCondition--condBillCond-arrow"}]}
RESULT: {"script":"<script> [1562 bytes]","args":[{"selector":{"id":"application-manageconditionprice-display-component---newCondition--condBillCond-arrow"},"wdio_ui5_key":"applicationmanageconditionprice-display-component---newCondition--condBillCond-arrow"}]}
RESULT: undefined
COMMAND: POST /session/85bc92a044d2dfb856863d13adac7a7e/element - {"using":"xpath","value":"//*[@id=\"application-manageconditionprice-display-component---newCondition--condBillCond-arrow\"]"}
RESULT: {"using":"xpath","value":"//*[@id=\"application-manageconditionprice-display-component---newCondition--condBillCond-arrow\"]"}
COMMAND: POST /session/85bc92a044d2dfb856863d13adac7a7e/element/f.B14EA88AD92014BD4F4EDEC3100164B7.d.3611B2EB813F3174E74676968EAEC99B.e.14278/click - {}
RESULT: {}
COMMAND: GET /session/85bc92a044d2dfb856863d13adac7a7e/screenshot - {}
RESULT: {}
COMMAND: POST /session/85bc92a044d2dfb856863d13adac7a7e/element - {"using":"xpath","value":"//li[.//span[contains(text(), \"DISP - D&I special price\")]]"}
RESULT: {"using":"xpath","value":"//li[.//span[contains(text(), \"DISP - D&I special price\")]]"}
COMMAND: POST /session/85bc92a044d2dfb856863d13adac7a7e/element/f.B14EA88AD92014BD4F4EDEC3100164B7.d.3611B2EB813F3174E74676968EAEC99B.e.14281/click - {}
RESULT: {}
COMMAND: GET /session/85bc92a044d2dfb856863d13adac7a7e/screenshot - {}
RESULT: {}
COMMAND: POST /session/85bc92a044d2dfb856863d13adac7a7e/execute/async - {"script":"<script> [1562 bytes]","args":[{"selector":{"id":"application-manageconditionprice-display-component---newCondition--condValidTo","interaction":{"idSuffix":"inner"}},"wdio_ui5_key":"applicationmanageconditionprice-display-component---newCondition--condValidTo"}]}
RESULT: {"script":"<script> [1562 bytes]","args":[{"selector":{"id":"application-manageconditionprice-display-component---newCondition--condValidTo","interaction":{"idSuffix":"inner"}},"wdio_ui5_key":"applicationmanageconditionprice-display-component---newCondition--condValidTo"}]}
RESULT: undefined
COMMAND: POST /session/85bc92a044d2dfb856863d13adac7a7e/execute/async - {"script":"<script> [776 bytes]","args":[{"enterText":"2/4/26","selector":{"id":"application-manageconditionprice-display-component---newCondition--condValidTo","interaction":{"idSuffix":"inner"}},"clearTextFirst":true,"interactionType":"ENTER_TEXT"}]}
RESULT: {"script":"<script> [776 bytes]","args":[{"enterText":"2/4/26","selector":{"id":"application-manageconditionprice-display-component---newCondition--condValidTo","interaction":{"idSuffix":"inner"}},"clearTextFirst":true,"interactionType":"ENTER_TEXT"}]}
COMMAND: POST /session/85bc92a044d2dfb856863d13adac7a7e/element - {"using":"xpath","value":"//input[@id=\"application-manageconditionprice-display-component---newCondition--condRU-inner\"]"}
RESULT: {"using":"xpath","value":"//input[@id=\"application-manageconditionprice-display-component---newCondition--condRU-inner\"]"}
COMMAND: POST /session/85bc92a044d2dfb856863d13adac7a7e/element/f.B14EA88AD92014BD4F4EDEC3100164B7.d.3611B2EB813F3174E74676968EAEC99B.e.14114/clear - {}
RESULT: {}
COMMAND: POST /session/85bc92a044d2dfb856863d13adac7a7e/element/f.B14EA88AD92014BD4F4EDEC3100164B7.d.3611B2EB813F3174E74676968EAEC99B.e.14114/value - {"text":"9GtRbOcvXO"}
COMMAND: GET /session/85bc92a044d2dfb856863d13adac7a7e/screenshot - {}
RESULT: {"text":"9GtRbOcvXO"}
COMMAND: GET /session/85bc92a044d2dfb856863d13adac7a7e/screenshot - {}
RESULT: {}
RESULT: {}
COMMAND: POST /session/85bc92a044d2dfb856863d13adac7a7e/actions - {"actions":[{"id":"action61","type":"key","parameters":{},"actions":[{"type":"keyDown","value":"î€‡"},{"type":"pause","duration":10},{"type":"keyUp","value":"î€‡"}]}]}
RESULT: {"actions":[{"id":"action61","type":"key","parameters":{},"actions":[{"type":"keyDown","value":"î€‡"},{"type":"pause","duration":10},{"type":"keyUp","value":"î€‡"}]}]}
COMMAND: POST /session/85bc92a044d2dfb856863d13adac7a7e/execute/async - {"script":"<script> [1562 bytes]","args":[{"selector":{"id":"application-manageconditionprice-display-component---newCondition--condBaseQty","interaction":{"idSuffix":"inner"}},"wdio_ui5_key":"applicationmanageconditionprice-display-component---newCondition--condBaseQty"}]}
COMMAND: GET /session/85bc92a044d2dfb856863d13adac7a7e/screenshot - {}
RESULT: {"script":"<script> [1562 bytes]","args":[{"selector":{"id":"application-manageconditionprice-display-component---newCondition--condBaseQty","interaction":{"idSuffix":"inner"}},"wdio_ui5_key":"applicationmanageconditionprice-display-component---newCondition--condBaseQty"}]}
RESULT: undefined
COMMAND: POST /session/85bc92a044d2dfb856863d13adac7a7e/execute/async - {"script":"<script> [776 bytes]","args":[{"enterText":"1","selector":{"id":"application-manageconditionprice-display-component---newCondition--condBaseQty","interaction":{"idSuffix":"inner"}},"clearTextFirst":true,"interactionType":"ENTER_TEXT"}]}
RESULT: {}
RESULT: {"script":"<script> [776 bytes]","args":[{"enterText":"1","selector":{"id":"application-manageconditionprice-display-component---newCondition--condBaseQty","interaction":{"idSuffix":"inner"}},"clearTextFirst":true,"interactionType":"ENTER_TEXT"}]}
COMMAND: POST /session/85bc92a044d2dfb856863d13adac7a7e/execute/async - {"script":"<script> [1562 bytes]","args":[{"selector":{"id":"application-manageconditionprice-display-component---newCondition--condValue","interaction":{"idSuffix":"inner"}},"wdio_ui5_key":"applicationmanageconditionprice-display-component---newCondition--condValue"}]}
RESULT: {"script":"<script> [1562 bytes]","args":[{"selector":{"id":"application-manageconditionprice-display-component---newCondition--condValue","interaction":{"idSuffix":"inner"}},"wdio_ui5_key":"applicationmanageconditionprice-display-component---newCondition--condValue"}]}
RESULT: undefined
COMMAND: POST /session/85bc92a044d2dfb856863d13adac7a7e/execute/async - {"script":"<script> [776 bytes]","args":[{"enterText":"100","selector":{"id":"application-manageconditionprice-display-component---newCondition--condValue","interaction":{"idSuffix":"inner"}},"clearTextFirst":true,"interactionType":"ENTER_TEXT"}]}
RESULT: {"script":"<script> [776 bytes]","args":[{"enterText":"100","selector":{"id":"application-manageconditionprice-display-component---newCondition--condValue","interaction":{"idSuffix":"inner"}},"clearTextFirst":true,"interactionType":"ENTER_TEXT"}]}
COMMAND: POST /session/85bc92a044d2dfb856863d13adac7a7e/execute/async - {"script":"<script> [1562 bytes]","args":[{"selector":{"id":"application-manageconditionprice-display-component---newCondition--condCurr-arrow"},"wdio_ui5_key":"applicationmanageconditionprice-display-component---newCondition--condCurr-arrow"}]}
RESULT: {"script":"<script> [1562 bytes]","args":[{"selector":{"id":"application-manageconditionprice-display-component---newCondition--condCurr-arrow"},"wdio_ui5_key":"applicationmanageconditionprice-display-component---newCondition--condCurr-arrow"}]}
RESULT: undefined
COMMAND: POST /session/85bc92a044d2dfb856863d13adac7a7e/element - {"using":"xpath","value":"//*[@id=\"application-manageconditionprice-display-component---newCondition--condCurr-arrow\"]"}
RESULT: {"using":"xpath","value":"//*[@id=\"application-manageconditionprice-display-component---newCondition--condCurr-arrow\"]"}
COMMAND: POST /session/85bc92a044d2dfb856863d13adac7a7e/element/f.B14EA88AD92014BD4F4EDEC3100164B7.d.3611B2EB813F3174E74676968EAEC99B.e.14257/click - {}
RESULT: {}
COMMAND: POST /session/85bc92a044d2dfb856863d13adac7a7e/element - {"using":"xpath","value":"//span[contains(text(), \"Euro\")]"}
COMMAND: GET /session/85bc92a044d2dfb856863d13adac7a7e/screenshot - {}
RESULT: {"using":"xpath","value":"//span[contains(text(), \"Euro\")]"}
COMMAND: POST /session/85bc92a044d2dfb856863d13adac7a7e/element/f.B14EA88AD92014BD4F4EDEC3100164B7.d.3611B2EB813F3174E74676968EAEC99B.e.14318/click - {}
RESULT: {}
RESULT: {}
COMMAND: POST /session/85bc92a044d2dfb856863d13adac7a7e/element - {"using":"xpath","value":"//button[@data-kt=\"saveButton\"]"}
COMMAND: GET /session/85bc92a044d2dfb856863d13adac7a7e/screenshot - {}
RESULT: {"using":"xpath","value":"//button[@data-kt=\"saveButton\"]"}
COMMAND: POST /session/85bc92a044d2dfb856863d13adac7a7e/element/f.B14EA88AD92014BD4F4EDEC3100164B7.d.3611B2EB813F3174E74676968EAEC99B.e.14258/click - {}
RESULT: {}
RESULT: {}
COMMAND: GET /session/85bc92a044d2dfb856863d13adac7a7e/screenshot - {}
RESULT: {}
COMMAND: POST /session/85bc92a044d2dfb856863d13adac7a7e/execute/async - {"script":"<script> [1562 bytes]","args":[{"selector":{"id":"application-manageconditionprice-display-component---conditions--smartFilterBar-btnBasicSearch","interaction":{"idSuffix":"I"}},"wdio_ui5_key":"applicationmanageconditionprice-display-component---conditions--smartFilterBar-btnBasicSearch"}]}
RESULT: {"script":"<script> [1562 bytes]","args":[{"selector":{"id":"application-manageconditionprice-display-component---conditions--smartFilterBar-btnBasicSearch","interaction":{"idSuffix":"I"}},"wdio_ui5_key":"applicationmanageconditionprice-display-component---conditions--smartFilterBar-btnBasicSearch"}]}
RESULT: undefined
COMMAND: POST /session/85bc92a044d2dfb856863d13adac7a7e/execute/async - {"script":"<script> [776 bytes]","args":[{"enterText":"9GtRbOcvXO","selector":{"id":"application-manageconditionprice-display-component---conditions--smartFilterBar-btnBasicSearch","interaction":{"idSuffix":"I"}},"clearTextFirst":true,"interactionType":"ENTER_TEXT"}]}
RESULT: {"script":"<script> [776 bytes]","args":[{"enterText":"9GtRbOcvXO","selector":{"id":"application-manageconditionprice-display-component---conditions--smartFilterBar-btnBasicSearch","interaction":{"idSuffix":"I"}},"clearTextFirst":true,"interactionType":"ENTER_TEXT"}]}
COMMAND: POST /session/85bc92a044d2dfb856863d13adac7a7e/actions - {"actions":[{"id":"action62","type":"key","parameters":{},"actions":[{"type":"keyDown","value":"î€‡"},{"type":"pause","duration":10},{"type":"keyUp","value":"î€‡"}]}]}
RESULT: {"actions":[{"id":"action62","type":"key","parameters":{},"actions":[{"type":"keyDown","value":"î€‡"},{"type":"pause","duration":10},{"type":"keyUp","value":"î€‡"}]}]}
COMMAND: GET /session/85bc92a044d2dfb856863d13adac7a7e/screenshot - {}
RESULT: {}
COMMAND: POST /session/85bc92a044d2dfb856863d13adac7a7e/execute/async - {"script":"<script> [1562 bytes]","args":[{"selector":{"id":"application-manageconditionprice-display-component---conditions--smartFilterBar-filterItemControl_BASIC-BILL_TYPES-vhi"},"wdio_ui5_key":"applicationmanageconditionprice-display-component---conditions--smartFilterBar-filterItemControl_BASIC-BILL_TYPES-vhi"}]}
RESULT: {"script":"<script> [1562 bytes]","args":[{"selector":{"id":"application-manageconditionprice-display-component---conditions--smartFilterBar-filterItemControl_BASIC-BILL_TYPES-vhi"},"wdio_ui5_key":"applicationmanageconditionprice-display-component---conditions--smartFilterBar-filterItemControl_BASIC-BILL_TYPES-vhi"}]}
RESULT: undefined
COMMAND: POST /session/85bc92a044d2dfb856863d13adac7a7e/element - {"using":"xpath","value":"//*[@id=\"application-manageconditionprice-display-component---conditions--smartFilterBar-filterItemControl_BASIC-BILL_TYPES-vhi\"]"}
RESULT: {"using":"xpath","value":"//*[@id=\"application-manageconditionprice-display-component---conditions--smartFilterBar-filterItemControl_BASIC-BILL_TYPES-vhi\"]"}
COMMAND: POST /session/85bc92a044d2dfb856863d13adac7a7e/element/f.B14EA88AD92014BD4F4EDEC3100164B7.d.3611B2EB813F3174E74676968EAEC99B.e.14424/click - {}
RESULT: {}
COMMAND: POST /session/85bc92a044d2dfb856863d13adac7a7e/execute/async - {"script":"<script> [1562 bytes]","args":[{"selector":{"id":"application-manageconditionprice-display-component---conditions--smartFilterBar-filterItemControl_BASIC-BILL_TYPES-valueHelpDialog-smartFilterBar-btnBasicSearch","searchOpenDialogs":true,"interaction":{"idSuffix":"I"}},"wdio_ui5_key":"applicationmanageconditionprice-display-component---conditions--smartFilterBar-filterItemControl_BASIC-BILL_TYPES-valueHelpDialog-smartFilterBar-btnBasicSearch"}]}
COMMAND: GET /session/85bc92a044d2dfb856863d13adac7a7e/screenshot - {}
RESULT: {"script":"<script> [1562 bytes]","args":[{"selector":{"id":"application-manageconditionprice-display-component---conditions--smartFilterBar-filterItemControl_BASIC-BILL_TYPES-valueHelpDialog-smartFilterBar-btnBasicSearch","searchOpenDialogs":true,"interaction":{"idSuffix":"I"}},"wdio_ui5_key":"applicationmanageconditionprice-display-component---conditions--smartFilterBar-filterItemControl_BASIC-BILL_TYPES-valueHelpDialog-smartFilterBar-btnBasicSearch"}]}
RESULT: undefined
COMMAND: POST /session/85bc92a044d2dfb856863d13adac7a7e/execute/async - {"script":"<script> [776 bytes]","args":[{"enterText":"TB","selector":{"id":"application-manageconditionprice-display-component---conditions--smartFilterBar-filterItemControl_BASIC-BILL_TYPES-valueHelpDialog-smartFilterBar-btnBasicSearch","searchOpenDialogs":true,"interaction":{"idSuffix":"I"}},"clearTextFirst":true,"interactionType":"ENTER_TEXT"}]}
RESULT: {}
RESULT: {"script":"<script> [776 bytes]","args":[{"enterText":"TB","selector":{"id":"application-manageconditionprice-display-component---conditions--smartFilterBar-filterItemControl_BASIC-BILL_TYPES-valueHelpDialog-smartFilterBar-btnBasicSearch","searchOpenDialogs":true,"interaction":{"idSuffix":"I"}},"clearTextFirst":true,"interactionType":"ENTER_TEXT"}]}
COMMAND: POST /session/85bc92a044d2dfb856863d13adac7a7e/actions - {"actions":[{"id":"action63","type":"key","parameters":{},"actions":[{"type":"keyDown","value":"î€‡"},{"type":"pause","duration":10},{"type":"keyUp","value":"î€‡"}]}]}
RESULT: {"actions":[{"id":"action63","type":"key","parameters":{},"actions":[{"type":"keyDown","value":"î€‡"},{"type":"pause","duration":10},{"type":"keyUp","value":"î€‡"}]}]}
COMMAND: GET /session/85bc92a044d2dfb856863d13adac7a7e/screenshot - {}
RESULT: {}
COMMAND: POST /session/85bc92a044d2dfb856863d13adac7a7e/element - {"using":"xpath","value":"//div[contains(@id, 'application-manageconditionprice-display-component---conditions--smartFilterBar-filterItemControl_BASIC-BILL_TYPES-valueHelpDialog-table-rowsel0')]"}
RESULT: {"using":"xpath","value":"//div[contains(@id, 'application-manageconditionprice-display-component---conditions--smartFilterBar-filterItemControl_BASIC-BILL_TYPES-valueHelpDialog-table-rowsel0')]"}
COMMAND: POST /session/85bc92a044d2dfb856863d13adac7a7e/element/f.B14EA88AD92014BD4F4EDEC3100164B7.d.3611B2EB813F3174E74676968EAEC99B.e.14432/click - {}
RESULT: {}
COMMAND: GET /session/85bc92a044d2dfb856863d13adac7a7e/screenshot - {}
RESULT: {}
COMMAND: POST /session/85bc92a044d2dfb856863d13adac7a7e/element - {"using":"xpath","value":"//bdi[contains(text(), \"OK\")]"}
RESULT: {"using":"xpath","value":"//bdi[contains(text(), \"OK\")]"}
COMMAND: POST /session/85bc92a044d2dfb856863d13adac7a7e/element/f.B14EA88AD92014BD4F4EDEC3100164B7.d.3611B2EB813F3174E74676968EAEC99B.e.14434/click - {}
RESULT: {}
COMMAND: GET /session/85bc92a044d2dfb856863d13adac7a7e/screenshot - {}
RESULT: {}
COMMAND: POST /session/85bc92a044d2dfb856863d13adac7a7e/element - {"using":"xpath","value":"//span[@id=\"application-manageconditionprice-display-component---conditions--smartTable-header-inner\"]"}
RESULT: {"using":"xpath","value":"//span[@id=\"application-manageconditionprice-display-component---conditions--smartTable-header-inner\"]"}
COMMAND: POST /session/85bc92a044d2dfb856863d13adac7a7e/elements - {"using":"xpath","value":"//span[@id=\"application-manageconditionprice-display-component---conditions--smartTable-header-inner\"]"}
RESULT: {"using":"xpath","value":"//span[@id=\"application-manageconditionprice-display-component---conditions--smartTable-header-inner\"]"}
COMMAND: POST /session/85bc92a044d2dfb856863d13adac7a7e/execute/sync - {"script":"<script> [56 bytes]","args":[{"element-6066-11e4-a52e-4f735466cecf":"f.B14EA88AD92014BD4F4EDEC3100164B7.d.3611B2EB813F3174E74676968EAEC99B.e.14437","ELEMENT":"f.B14EA88AD92014BD4F4EDEC3100164B7.d.3611B2EB813F3174E74676968EAEC99B.e.14437"}]}
RESULT: {"script":"<script> [56 bytes]","args":[{"element-6066-11e4-a52e-4f735466cecf":"f.B14EA88AD92014BD4F4EDEC3100164B7.d.3611B2EB813F3174E74676968EAEC99B.e.14437","ELEMENT":"f.B14EA88AD92014BD4F4EDEC3100164B7.d.3611B2EB813F3174E74676968EAEC99B.e.14437"}]}
COMMAND: POST /session/85bc92a044d2dfb856863d13adac7a7e/element - {"using":"css selector","value":"#shell-header-logo"}
COMMAND: GET /session/85bc92a044d2dfb856863d13adac7a7e/screenshot - {}
RESULT: {"using":"css selector","value":"#shell-header-logo"}
COMMAND: POST /session/85bc92a044d2dfb856863d13adac7a7e/element/f.B14EA88AD92014BD4F4EDEC3100164B7.d.3611B2EB813F3174E74676968EAEC99B.e.14065/click - {}
RESULT: {}
RESULT: {}
COMMAND: GET /session/85bc92a044d2dfb856863d13adac7a7e/screenshot - {}
RESULT: {}
]]></system-out>
    </testcase>
  </testsuite>
</testsuites>