<?xml version="1.0" encoding="UTF-8"?>
<testsuites tests="49" failures="0" errors="0" skipped="0">
  <testsuite timestamp="2025-05-31T15:08:03" time="1845.282" tests="49" failures="0" errors="0" skipped="0">
    <properties>
      <property name="specId" value="0"/>
      <property name="suiteName" value="Sanity Tests US104253"/>
      <property name="capabilities" value="chrome.136_0_7103_93.windows"/>
      <property name="file" value="file:///D:/a/1/s/test/specs/General/sanity.spec.js"/>
    </properties>
    <testcase classname="chrome.136_0_7103_93.windows.Sanity_Tests_US104253" name="Should open Manage Partners page" time="37.157">
      <system-out><![CDATA[
COMMAND: POST /session/bc43a641d06c6411fa8b79fe3bbb44bb/execute/async - {"script":"<script> [1562 bytes]","args":[{"selector":{"controlType":"sap.m.GenericTile","properties":{"header":"Manage Partners"}},"wdio_ui5_key":"sapm.GenericTile{\"header\":\"Manage Partners\"}"}]}
RESULT: {"script":"<script> [1562 bytes]","args":[{"selector":{"controlType":"sap.m.GenericTile","properties":{"header":"Manage Partners"}},"wdio_ui5_key":"sapm.GenericTile{\"header\":\"Manage Partners\"}"}]}
RESULT: undefined
COMMAND: POST /session/bc43a641d06c6411fa8b79fe3bbb44bb/element - {"using":"xpath","value":"//*[@id=\"__tile38\"]"}
RESULT: {"using":"xpath","value":"//*[@id=\"__tile38\"]"}
COMMAND: POST /session/bc43a641d06c6411fa8b79fe3bbb44bb/element/f.5B2BCDE3632C5B3813A5BAB112425688.d.19C97C949ECF12EEE4B08CBEC9FB35E7.e.113/click - {}
RESULT: {}
COMMAND: GET /session/bc43a641d06c6411fa8b79fe3bbb44bb/screenshot - {}
RESULT: {}
COMMAND: POST /session/bc43a641d06c6411fa8b79fe3bbb44bb/elements - {"using":"xpath","value":"//span[text()='Error']"}
RESULT: {"using":"xpath","value":"//span[text()='Error']"}
RESULT: undefined
COMMAND: POST /session/bc43a641d06c6411fa8b79fe3bbb44bb/element - {"using":"xpath","value":"//*[@id=\"__tile38\"]"}
RESULT: {"using":"xpath","value":"//*[@id=\"__tile38\"]"}
COMMAND: POST /session/bc43a641d06c6411fa8b79fe3bbb44bb/element/f.5B2BCDE3632C5B3813A5BAB112425688.d.19C97C949ECF12EEE4B08CBEC9FB35E7.e.113/click - {}
RESULT: undefined
COMMAND: POST /session/bc43a641d06c6411fa8b79fe3bbb44bb/element - {"using":"xpath","value":"//*[@id=\"__tile38\"]"}
RESULT: {"using":"xpath","value":"//*[@id=\"__tile38\"]"}
COMMAND: POST /session/bc43a641d06c6411fa8b79fe3bbb44bb/element/f.5B2BCDE3632C5B3813A5BAB112425688.d.19C97C949ECF12EEE4B08CBEC9FB35E7.e.113/click - {}
COMMAND: POST /session/bc43a641d06c6411fa8b79fe3bbb44bb/execute/async - {"script":"<script> [1562 bytes]","args":[{"selector":{"id":"shellAppTitle"},"wdio_ui5_key":"shellAppTitle"}]}
RESULT: {"script":"<script> [1562 bytes]","args":[{"selector":{"id":"shellAppTitle"},"wdio_ui5_key":"shellAppTitle"}]}
RESULT: undefined
COMMAND: POST /session/bc43a641d06c6411fa8b79fe3bbb44bb/execute/async - {"script":"<script> [6424 bytes]","args":[{"element-6066-11e4-a52e-4f735466cecf":"f.5B2BCDE3632C5B3813A5BAB112425688.d.19C97C949ECF12EEE4B08CBEC9FB35E7.e.288"},"getTitle",[]]}
RESULT: {"script":"<script> [6424 bytes]","args":[{"element-6066-11e4-a52e-4f735466cecf":"f.5B2BCDE3632C5B3813A5BAB112425688.d.19C97C949ECF12EEE4B08CBEC9FB35E7.e.288"},"getTitle",[]]}
COMMAND: POST /session/bc43a641d06c6411fa8b79fe3bbb44bb/execute/async - {"script":"<script> [1562 bytes]","args":[{"selector":{"id":"backBtn"},"wdio_ui5_key":"backBtn"}]}
RESULT: {"script":"<script> [1562 bytes]","args":[{"selector":{"id":"backBtn"},"wdio_ui5_key":"backBtn"}]}
RESULT: undefined
COMMAND: POST /session/bc43a641d06c6411fa8b79fe3bbb44bb/element - {"using":"xpath","value":"//*[@id=\"backBtn\"]"}
RESULT: {"using":"xpath","value":"//*[@id=\"backBtn\"]"}
COMMAND: POST /session/bc43a641d06c6411fa8b79fe3bbb44bb/element/f.5B2BCDE3632C5B3813A5BAB112425688.d.19C97C949ECF12EEE4B08CBEC9FB35E7.e.289/click - {}
RESULT: {}
COMMAND: GET /session/bc43a641d06c6411fa8b79fe3bbb44bb/screenshot - {}
RESULT: {}
]]></system-out>
    </testcase>
    <testcase classname="chrome.136_0_7103_93.windows.Sanity_Tests_US104253" name="Should open Manage Sites page" time="36.216">
      <system-out><![CDATA[
COMMAND: POST /session/bc43a641d06c6411fa8b79fe3bbb44bb/execute/async - {"script":"<script> [1562 bytes]","args":[{"selector":{"controlType":"sap.m.GenericTile","properties":{"header":"Manage Sites"}},"wdio_ui5_key":"sapm.GenericTile{\"header\":\"Manage Sites\"}"}]}
RESULT: {"script":"<script> [1562 bytes]","args":[{"selector":{"controlType":"sap.m.GenericTile","properties":{"header":"Manage Sites"}},"wdio_ui5_key":"sapm.GenericTile{\"header\":\"Manage Sites\"}"}]}
RESULT: undefined
COMMAND: POST /session/bc43a641d06c6411fa8b79fe3bbb44bb/element - {"using":"xpath","value":"//*[@id=\"__tile40\"]"}
RESULT: {"using":"xpath","value":"//*[@id=\"__tile40\"]"}
COMMAND: POST /session/bc43a641d06c6411fa8b79fe3bbb44bb/element/f.5B2BCDE3632C5B3813A5BAB112425688.d.19C97C949ECF12EEE4B08CBEC9FB35E7.e.291/click - {}
RESULT: {}
COMMAND: GET /session/bc43a641d06c6411fa8b79fe3bbb44bb/screenshot - {}
RESULT: {}
COMMAND: POST /session/bc43a641d06c6411fa8b79fe3bbb44bb/elements - {"using":"xpath","value":"//span[text()='Error']"}
RESULT: {"using":"xpath","value":"//span[text()='Error']"}
RESULT: undefined
COMMAND: POST /session/bc43a641d06c6411fa8b79fe3bbb44bb/element - {"using":"xpath","value":"//*[@id=\"__tile40\"]"}
RESULT: {"using":"xpath","value":"//*[@id=\"__tile40\"]"}
COMMAND: POST /session/bc43a641d06c6411fa8b79fe3bbb44bb/element/f.5B2BCDE3632C5B3813A5BAB112425688.d.19C97C949ECF12EEE4B08CBEC9FB35E7.e.291/click - {}
RESULT: undefined
COMMAND: POST /session/bc43a641d06c6411fa8b79fe3bbb44bb/element - {"using":"xpath","value":"//*[@id=\"__tile40\"]"}
RESULT: {"using":"xpath","value":"//*[@id=\"__tile40\"]"}
COMMAND: POST /session/bc43a641d06c6411fa8b79fe3bbb44bb/element/f.5B2BCDE3632C5B3813A5BAB112425688.d.19C97C949ECF12EEE4B08CBEC9FB35E7.e.291/click - {}
RESULT: undefined
COMMAND: POST /session/bc43a641d06c6411fa8b79fe3bbb44bb/execute/async - {"script":"<script> [6424 bytes]","args":[{"element-6066-11e4-a52e-4f735466cecf":"f.5B2BCDE3632C5B3813A5BAB112425688.d.19C97C949ECF12EEE4B08CBEC9FB35E7.e.288"},"getTitle",[]]}
COMMAND: POST /session/bc43a641d06c6411fa8b79fe3bbb44bb/execute/async - {"script":"<script> [1562 bytes]","args":[{"selector":{"id":"shellAppTitle"},"wdio_ui5_key":"shellAppTitle"}]}
RESULT: {"script":"<script> [1562 bytes]","args":[{"selector":{"id":"shellAppTitle"},"wdio_ui5_key":"shellAppTitle"}]}
COMMAND: POST /session/bc43a641d06c6411fa8b79fe3bbb44bb/execute/async - {"script":"<script> [6424 bytes]","args":[{"element-6066-11e4-a52e-4f735466cecf":"f.5B2BCDE3632C5B3813A5BAB112425688.d.19C97C949ECF12EEE4B08CBEC9FB35E7.e.481"},"getTitle",[]]}
RESULT: {"script":"<script> [6424 bytes]","args":[{"element-6066-11e4-a52e-4f735466cecf":"f.5B2BCDE3632C5B3813A5BAB112425688.d.19C97C949ECF12EEE4B08CBEC9FB35E7.e.481"},"getTitle",[]]}
RESULT: undefined
COMMAND: POST /session/bc43a641d06c6411fa8b79fe3bbb44bb/element/f.5B2BCDE3632C5B3813A5BAB112425688.d.19C97C949ECF12EEE4B08CBEC9FB35E7.e.289/click - {}
RESULT: {}
COMMAND: GET /session/bc43a641d06c6411fa8b79fe3bbb44bb/screenshot - {}
RESULT: {}
]]></system-out>
    </testcase>
    <testcase classname="chrome.136_0_7103_93.windows.Sanity_Tests_US104253" name="Should open Manage Resources page" time="37.578">
      <system-out><![CDATA[
COMMAND: POST /session/bc43a641d06c6411fa8b79fe3bbb44bb/execute/async - {"script":"<script> [1562 bytes]","args":[{"selector":{"controlType":"sap.m.GenericTile","properties":{"header":"Manage Resources"}},"wdio_ui5_key":"sapm.GenericTile{\"header\":\"Manage Resources\"}"}]}
RESULT: {"script":"<script> [1562 bytes]","args":[{"selector":{"controlType":"sap.m.GenericTile","properties":{"header":"Manage Resources"}},"wdio_ui5_key":"sapm.GenericTile{\"header\":\"Manage Resources\"}"}]}
RESULT: undefined
COMMAND: POST /session/bc43a641d06c6411fa8b79fe3bbb44bb/element - {"using":"xpath","value":"//*[@id=\"__tile39\"]"}
RESULT: {"using":"xpath","value":"//*[@id=\"__tile39\"]"}
COMMAND: POST /session/bc43a641d06c6411fa8b79fe3bbb44bb/element/f.5B2BCDE3632C5B3813A5BAB112425688.d.19C97C949ECF12EEE4B08CBEC9FB35E7.e.483/click - {}
RESULT: {}
COMMAND: GET /session/bc43a641d06c6411fa8b79fe3bbb44bb/screenshot - {}
RESULT: {}
COMMAND: POST /session/bc43a641d06c6411fa8b79fe3bbb44bb/elements - {"using":"xpath","value":"//span[text()='Error']"}
RESULT: {"using":"xpath","value":"//span[text()='Error']"}
RESULT: undefined
COMMAND: POST /session/bc43a641d06c6411fa8b79fe3bbb44bb/element - {"using":"xpath","value":"//*[@id=\"__tile39\"]"}
RESULT: {"using":"xpath","value":"//*[@id=\"__tile39\"]"}
COMMAND: POST /session/bc43a641d06c6411fa8b79fe3bbb44bb/element/f.5B2BCDE3632C5B3813A5BAB112425688.d.19C97C949ECF12EEE4B08CBEC9FB35E7.e.483/click - {}
RESULT: undefined
COMMAND: POST /session/bc43a641d06c6411fa8b79fe3bbb44bb/element - {"using":"xpath","value":"//*[@id=\"__tile39\"]"}
RESULT: {"using":"xpath","value":"//*[@id=\"__tile39\"]"}
COMMAND: POST /session/bc43a641d06c6411fa8b79fe3bbb44bb/element/f.5B2BCDE3632C5B3813A5BAB112425688.d.19C97C949ECF12EEE4B08CBEC9FB35E7.e.483/click - {}
RESULT: undefined
COMMAND: POST /session/bc43a641d06c6411fa8b79fe3bbb44bb/execute/async - {"script":"<script> [6424 bytes]","args":[{"element-6066-11e4-a52e-4f735466cecf":"f.5B2BCDE3632C5B3813A5BAB112425688.d.19C97C949ECF12EEE4B08CBEC9FB35E7.e.288"},"getTitle",[]]}
COMMAND: POST /session/bc43a641d06c6411fa8b79fe3bbb44bb/execute/async - {"script":"<script> [1562 bytes]","args":[{"selector":{"id":"shellAppTitle"},"wdio_ui5_key":"shellAppTitle"}]}
RESULT: {"script":"<script> [1562 bytes]","args":[{"selector":{"id":"shellAppTitle"},"wdio_ui5_key":"shellAppTitle"}]}
COMMAND: POST /session/bc43a641d06c6411fa8b79fe3bbb44bb/execute/async - {"script":"<script> [6424 bytes]","args":[{"element-6066-11e4-a52e-4f735466cecf":"f.5B2BCDE3632C5B3813A5BAB112425688.d.19C97C949ECF12EEE4B08CBEC9FB35E7.e.655"},"getTitle",[]]}
RESULT: {"script":"<script> [6424 bytes]","args":[{"element-6066-11e4-a52e-4f735466cecf":"f.5B2BCDE3632C5B3813A5BAB112425688.d.19C97C949ECF12EEE4B08CBEC9FB35E7.e.655"},"getTitle",[]]}
RESULT: undefined
COMMAND: POST /session/bc43a641d06c6411fa8b79fe3bbb44bb/element/f.5B2BCDE3632C5B3813A5BAB112425688.d.19C97C949ECF12EEE4B08CBEC9FB35E7.e.289/click - {}
COMMAND: POST /session/bc43a641d06c6411fa8b79fe3bbb44bb/element - {"using":"xpath","value":"//*[@id=\"backBtn\"]"}
RESULT: {"using":"xpath","value":"//*[@id=\"backBtn\"]"}
COMMAND: POST /session/bc43a641d06c6411fa8b79fe3bbb44bb/element/f.5B2BCDE3632C5B3813A5BAB112425688.d.19C97C949ECF12EEE4B08CBEC9FB35E7.e.289/click - {}
COMMAND: POST /session/bc43a641d06c6411fa8b79fe3bbb44bb/element - {"using":"xpath","value":"//*[@id=\"backBtn\"]"}
RESULT: {"using":"xpath","value":"//*[@id=\"backBtn\"]"}
COMMAND: POST /session/bc43a641d06c6411fa8b79fe3bbb44bb/element/f.5B2BCDE3632C5B3813A5BAB112425688.d.19C97C949ECF12EEE4B08CBEC9FB35E7.e.656/click - {}
RESULT: {}
COMMAND: GET /session/bc43a641d06c6411fa8b79fe3bbb44bb/screenshot - {}
RESULT: {}
]]></system-out>
    </testcase>
    <testcase classname="chrome.136_0_7103_93.windows.Sanity_Tests_US104253" name="Should open Manage Catalogs page" time="35.951">
      <system-out><![CDATA[
COMMAND: POST /session/bc43a641d06c6411fa8b79fe3bbb44bb/execute/async - {"script":"<script> [1562 bytes]","args":[{"selector":{"controlType":"sap.m.GenericTile","properties":{"header":"Manage Catalogs"}},"wdio_ui5_key":"sapm.GenericTile{\"header\":\"Manage Catalogs\"}"}]}
RESULT: {"script":"<script> [1562 bytes]","args":[{"selector":{"controlType":"sap.m.GenericTile","properties":{"header":"Manage Catalogs"}},"wdio_ui5_key":"sapm.GenericTile{\"header\":\"Manage Catalogs\"}"}]}
RESULT: undefined
COMMAND: POST /session/bc43a641d06c6411fa8b79fe3bbb44bb/element - {"using":"xpath","value":"//*[@id=\"__tile37\"]"}
RESULT: {"using":"xpath","value":"//*[@id=\"__tile37\"]"}
COMMAND: POST /session/bc43a641d06c6411fa8b79fe3bbb44bb/element/f.5B2BCDE3632C5B3813A5BAB112425688.d.19C97C949ECF12EEE4B08CBEC9FB35E7.e.658/click - {}
RESULT: {}
COMMAND: GET /session/bc43a641d06c6411fa8b79fe3bbb44bb/screenshot - {}
RESULT: {}
COMMAND: POST /session/bc43a641d06c6411fa8b79fe3bbb44bb/elements - {"using":"xpath","value":"//span[text()='Error']"}
RESULT: {"using":"xpath","value":"//span[text()='Error']"}
RESULT: undefined
COMMAND: POST /session/bc43a641d06c6411fa8b79fe3bbb44bb/element - {"using":"xpath","value":"//*[@id=\"__tile37\"]"}
RESULT: {"using":"xpath","value":"//*[@id=\"__tile37\"]"}
COMMAND: POST /session/bc43a641d06c6411fa8b79fe3bbb44bb/element/f.5B2BCDE3632C5B3813A5BAB112425688.d.19C97C949ECF12EEE4B08CBEC9FB35E7.e.658/click - {}
RESULT: undefined
COMMAND: POST /session/bc43a641d06c6411fa8b79fe3bbb44bb/element - {"using":"xpath","value":"//*[@id=\"__tile37\"]"}
RESULT: {"using":"xpath","value":"//*[@id=\"__tile37\"]"}
COMMAND: POST /session/bc43a641d06c6411fa8b79fe3bbb44bb/element/f.5B2BCDE3632C5B3813A5BAB112425688.d.19C97C949ECF12EEE4B08CBEC9FB35E7.e.658/click - {}
RESULT: undefined
COMMAND: POST /session/bc43a641d06c6411fa8b79fe3bbb44bb/execute/async - {"script":"<script> [6424 bytes]","args":[{"element-6066-11e4-a52e-4f735466cecf":"f.5B2BCDE3632C5B3813A5BAB112425688.d.19C97C949ECF12EEE4B08CBEC9FB35E7.e.288"},"getTitle",[]]}
COMMAND: POST /session/bc43a641d06c6411fa8b79fe3bbb44bb/execute/async - {"script":"<script> [1562 bytes]","args":[{"selector":{"id":"shellAppTitle"},"wdio_ui5_key":"shellAppTitle"}]}
RESULT: {"script":"<script> [1562 bytes]","args":[{"selector":{"id":"shellAppTitle"},"wdio_ui5_key":"shellAppTitle"}]}
COMMAND: POST /session/bc43a641d06c6411fa8b79fe3bbb44bb/execute/async - {"script":"<script> [6424 bytes]","args":[{"element-6066-11e4-a52e-4f735466cecf":"f.5B2BCDE3632C5B3813A5BAB112425688.d.19C97C949ECF12EEE4B08CBEC9FB35E7.e.729"},"getTitle",[]]}
RESULT: {"script":"<script> [6424 bytes]","args":[{"element-6066-11e4-a52e-4f735466cecf":"f.5B2BCDE3632C5B3813A5BAB112425688.d.19C97C949ECF12EEE4B08CBEC9FB35E7.e.729"},"getTitle",[]]}
RESULT: undefined
COMMAND: POST /session/bc43a641d06c6411fa8b79fe3bbb44bb/element/f.5B2BCDE3632C5B3813A5BAB112425688.d.19C97C949ECF12EEE4B08CBEC9FB35E7.e.656/click - {}
RESULT: {}
COMMAND: GET /session/bc43a641d06c6411fa8b79fe3bbb44bb/screenshot - {}
RESULT: {}
]]></system-out>
    </testcase>
    <testcase classname="chrome.136_0_7103_93.windows.Sanity_Tests_US104253" name="Should open Manage Calendars page" time="35.933">
      <system-out><![CDATA[
COMMAND: POST /session/bc43a641d06c6411fa8b79fe3bbb44bb/execute/async - {"script":"<script> [1562 bytes]","args":[{"selector":{"controlType":"sap.m.GenericTile","properties":{"header":"Manage Calendars"}},"wdio_ui5_key":"sapm.GenericTile{\"header\":\"Manage Calendars\"}"}]}
RESULT: {"script":"<script> [1562 bytes]","args":[{"selector":{"controlType":"sap.m.GenericTile","properties":{"header":"Manage Calendars"}},"wdio_ui5_key":"sapm.GenericTile{\"header\":\"Manage Calendars\"}"}]}
RESULT: undefined
COMMAND: POST /session/bc43a641d06c6411fa8b79fe3bbb44bb/element - {"using":"xpath","value":"//*[@id=\"__tile36\"]"}
RESULT: {"using":"xpath","value":"//*[@id=\"__tile36\"]"}
COMMAND: POST /session/bc43a641d06c6411fa8b79fe3bbb44bb/element/f.5B2BCDE3632C5B3813A5BAB112425688.d.19C97C949ECF12EEE4B08CBEC9FB35E7.e.731/click - {}
RESULT: {}
COMMAND: GET /session/bc43a641d06c6411fa8b79fe3bbb44bb/screenshot - {}
RESULT: {}
COMMAND: POST /session/bc43a641d06c6411fa8b79fe3bbb44bb/elements - {"using":"xpath","value":"//span[text()='Error']"}
RESULT: {"using":"xpath","value":"//span[text()='Error']"}
RESULT: undefined
COMMAND: POST /session/bc43a641d06c6411fa8b79fe3bbb44bb/element - {"using":"xpath","value":"//*[@id=\"__tile36\"]"}
RESULT: {"using":"xpath","value":"//*[@id=\"__tile36\"]"}
COMMAND: POST /session/bc43a641d06c6411fa8b79fe3bbb44bb/element/f.5B2BCDE3632C5B3813A5BAB112425688.d.19C97C949ECF12EEE4B08CBEC9FB35E7.e.731/click - {}
RESULT: undefined
COMMAND: POST /session/bc43a641d06c6411fa8b79fe3bbb44bb/element - {"using":"xpath","value":"//*[@id=\"__tile36\"]"}
RESULT: {"using":"xpath","value":"//*[@id=\"__tile36\"]"}
COMMAND: POST /session/bc43a641d06c6411fa8b79fe3bbb44bb/element/f.5B2BCDE3632C5B3813A5BAB112425688.d.19C97C949ECF12EEE4B08CBEC9FB35E7.e.731/click - {}
RESULT: undefined
COMMAND: POST /session/bc43a641d06c6411fa8b79fe3bbb44bb/execute/async - {"script":"<script> [6424 bytes]","args":[{"element-6066-11e4-a52e-4f735466cecf":"f.5B2BCDE3632C5B3813A5BAB112425688.d.19C97C949ECF12EEE4B08CBEC9FB35E7.e.288"},"getTitle",[]]}
COMMAND: POST /session/bc43a641d06c6411fa8b79fe3bbb44bb/execute/async - {"script":"<script> [1562 bytes]","args":[{"selector":{"id":"shellAppTitle"},"wdio_ui5_key":"shellAppTitle"}]}
RESULT: {"script":"<script> [1562 bytes]","args":[{"selector":{"id":"shellAppTitle"},"wdio_ui5_key":"shellAppTitle"}]}
COMMAND: POST /session/bc43a641d06c6411fa8b79fe3bbb44bb/execute/async - {"script":"<script> [6424 bytes]","args":[{"element-6066-11e4-a52e-4f735466cecf":"f.5B2BCDE3632C5B3813A5BAB112425688.d.19C97C949ECF12EEE4B08CBEC9FB35E7.e.812"},"getTitle",[]]}
RESULT: {"script":"<script> [6424 bytes]","args":[{"element-6066-11e4-a52e-4f735466cecf":"f.5B2BCDE3632C5B3813A5BAB112425688.d.19C97C949ECF12EEE4B08CBEC9FB35E7.e.812"},"getTitle",[]]}
RESULT: undefined
COMMAND: POST /session/bc43a641d06c6411fa8b79fe3bbb44bb/element/f.5B2BCDE3632C5B3813A5BAB112425688.d.19C97C949ECF12EEE4B08CBEC9FB35E7.e.656/click - {}
COMMAND: POST /session/bc43a641d06c6411fa8b79fe3bbb44bb/element - {"using":"xpath","value":"//*[@id=\"backBtn\"]"}
RESULT: {"using":"xpath","value":"//*[@id=\"backBtn\"]"}
COMMAND: POST /session/bc43a641d06c6411fa8b79fe3bbb44bb/element/f.5B2BCDE3632C5B3813A5BAB112425688.d.19C97C949ECF12EEE4B08CBEC9FB35E7.e.656/click - {}
COMMAND: POST /session/bc43a641d06c6411fa8b79fe3bbb44bb/element - {"using":"xpath","value":"//*[@id=\"backBtn\"]"}
RESULT: {"using":"xpath","value":"//*[@id=\"backBtn\"]"}
COMMAND: POST /session/bc43a641d06c6411fa8b79fe3bbb44bb/element/f.5B2BCDE3632C5B3813A5BAB112425688.d.19C97C949ECF12EEE4B08CBEC9FB35E7.e.813/click - {}
RESULT: {}
COMMAND: GET /session/bc43a641d06c6411fa8b79fe3bbb44bb/screenshot - {}
RESULT: {}
]]></system-out>
    </testcase>
    <testcase classname="chrome.136_0_7103_93.windows.Sanity_Tests_US104253" name="Should open Address Management page" time="36.139">
      <system-out><![CDATA[
COMMAND: POST /session/bc43a641d06c6411fa8b79fe3bbb44bb/execute/async - {"script":"<script> [1562 bytes]","args":[{"selector":{"controlType":"sap.m.GenericTile","properties":{"header":"Address Management"}},"wdio_ui5_key":"sapm.GenericTile{\"header\":\"Address Management\"}"}]}
RESULT: {"script":"<script> [1562 bytes]","args":[{"selector":{"controlType":"sap.m.GenericTile","properties":{"header":"Address Management"}},"wdio_ui5_key":"sapm.GenericTile{\"header\":\"Address Management\"}"}]}
RESULT: undefined
COMMAND: POST /session/bc43a641d06c6411fa8b79fe3bbb44bb/element - {"using":"xpath","value":"//*[@id=\"__tile33\"]"}
RESULT: {"using":"xpath","value":"//*[@id=\"__tile33\"]"}
COMMAND: POST /session/bc43a641d06c6411fa8b79fe3bbb44bb/element/f.5B2BCDE3632C5B3813A5BAB112425688.d.19C97C949ECF12EEE4B08CBEC9FB35E7.e.815/click - {}
RESULT: {}
COMMAND: GET /session/bc43a641d06c6411fa8b79fe3bbb44bb/screenshot - {}
RESULT: {}
COMMAND: POST /session/bc43a641d06c6411fa8b79fe3bbb44bb/elements - {"using":"xpath","value":"//span[text()='Error']"}
RESULT: {"using":"xpath","value":"//span[text()='Error']"}
RESULT: undefined
COMMAND: POST /session/bc43a641d06c6411fa8b79fe3bbb44bb/element - {"using":"xpath","value":"//*[@id=\"__tile33\"]"}
RESULT: {"using":"xpath","value":"//*[@id=\"__tile33\"]"}
COMMAND: POST /session/bc43a641d06c6411fa8b79fe3bbb44bb/element/f.5B2BCDE3632C5B3813A5BAB112425688.d.19C97C949ECF12EEE4B08CBEC9FB35E7.e.815/click - {}
RESULT: undefined
COMMAND: POST /session/bc43a641d06c6411fa8b79fe3bbb44bb/element - {"using":"xpath","value":"//*[@id=\"__tile33\"]"}
RESULT: {"using":"xpath","value":"//*[@id=\"__tile33\"]"}
COMMAND: POST /session/bc43a641d06c6411fa8b79fe3bbb44bb/element/f.5B2BCDE3632C5B3813A5BAB112425688.d.19C97C949ECF12EEE4B08CBEC9FB35E7.e.815/click - {}
RESULT: undefined
COMMAND: POST /session/bc43a641d06c6411fa8b79fe3bbb44bb/execute/async - {"script":"<script> [6424 bytes]","args":[{"element-6066-11e4-a52e-4f735466cecf":"f.5B2BCDE3632C5B3813A5BAB112425688.d.19C97C949ECF12EEE4B08CBEC9FB35E7.e.288"},"getTitle",[]]}
COMMAND: POST /session/bc43a641d06c6411fa8b79fe3bbb44bb/execute/async - {"script":"<script> [1562 bytes]","args":[{"selector":{"id":"shellAppTitle"},"wdio_ui5_key":"shellAppTitle"}]}
RESULT: {"script":"<script> [1562 bytes]","args":[{"selector":{"id":"shellAppTitle"},"wdio_ui5_key":"shellAppTitle"}]}
COMMAND: POST /session/bc43a641d06c6411fa8b79fe3bbb44bb/execute/async - {"script":"<script> [6424 bytes]","args":[{"element-6066-11e4-a52e-4f735466cecf":"f.5B2BCDE3632C5B3813A5BAB112425688.d.19C97C949ECF12EEE4B08CBEC9FB35E7.e.1010"},"getTitle",[]]}
RESULT: {"script":"<script> [6424 bytes]","args":[{"element-6066-11e4-a52e-4f735466cecf":"f.5B2BCDE3632C5B3813A5BAB112425688.d.19C97C949ECF12EEE4B08CBEC9FB35E7.e.1010"},"getTitle",[]]}
RESULT: undefined
COMMAND: POST /session/bc43a641d06c6411fa8b79fe3bbb44bb/element/f.5B2BCDE3632C5B3813A5BAB112425688.d.19C97C949ECF12EEE4B08CBEC9FB35E7.e.813/click - {}
RESULT: {}
COMMAND: GET /session/bc43a641d06c6411fa8b79fe3bbb44bb/screenshot - {}
RESULT: {}
]]></system-out>
    </testcase>
    <testcase classname="chrome.136_0_7103_93.windows.Sanity_Tests_US104253" name="Should open Bill Of Resources page" time="35.911">
      <system-out><![CDATA[
COMMAND: POST /session/bc43a641d06c6411fa8b79fe3bbb44bb/execute/async - {"script":"<script> [1562 bytes]","args":[{"selector":{"controlType":"sap.m.GenericTile","properties":{"header":"Bill Of Resources"}},"wdio_ui5_key":"sapm.GenericTile{\"header\":\"Bill Of Resources\"}"}]}
RESULT: {"script":"<script> [1562 bytes]","args":[{"selector":{"controlType":"sap.m.GenericTile","properties":{"header":"Bill Of Resources"}},"wdio_ui5_key":"sapm.GenericTile{\"header\":\"Bill Of Resources\"}"}]}
RESULT: undefined
COMMAND: POST /session/bc43a641d06c6411fa8b79fe3bbb44bb/element - {"using":"xpath","value":"//*[@id=\"__tile34\"]"}
RESULT: {"using":"xpath","value":"//*[@id=\"__tile34\"]"}
COMMAND: POST /session/bc43a641d06c6411fa8b79fe3bbb44bb/element/f.5B2BCDE3632C5B3813A5BAB112425688.d.19C97C949ECF12EEE4B08CBEC9FB35E7.e.1012/click - {}
RESULT: {}
COMMAND: GET /session/bc43a641d06c6411fa8b79fe3bbb44bb/screenshot - {}
RESULT: {}
COMMAND: POST /session/bc43a641d06c6411fa8b79fe3bbb44bb/elements - {"using":"xpath","value":"//span[text()='Error']"}
RESULT: {"using":"xpath","value":"//span[text()='Error']"}
RESULT: undefined
COMMAND: POST /session/bc43a641d06c6411fa8b79fe3bbb44bb/element - {"using":"xpath","value":"//*[@id=\"__tile34\"]"}
RESULT: {"using":"xpath","value":"//*[@id=\"__tile34\"]"}
COMMAND: POST /session/bc43a641d06c6411fa8b79fe3bbb44bb/element/f.5B2BCDE3632C5B3813A5BAB112425688.d.19C97C949ECF12EEE4B08CBEC9FB35E7.e.1012/click - {}
RESULT: undefined
COMMAND: POST /session/bc43a641d06c6411fa8b79fe3bbb44bb/element - {"using":"xpath","value":"//*[@id=\"__tile34\"]"}
RESULT: {"using":"xpath","value":"//*[@id=\"__tile34\"]"}
COMMAND: POST /session/bc43a641d06c6411fa8b79fe3bbb44bb/element/f.5B2BCDE3632C5B3813A5BAB112425688.d.19C97C949ECF12EEE4B08CBEC9FB35E7.e.1012/click - {}
RESULT: undefined
COMMAND: POST /session/bc43a641d06c6411fa8b79fe3bbb44bb/execute/async - {"script":"<script> [6424 bytes]","args":[{"element-6066-11e4-a52e-4f735466cecf":"f.5B2BCDE3632C5B3813A5BAB112425688.d.19C97C949ECF12EEE4B08CBEC9FB35E7.e.288"},"getTitle",[]]}
COMMAND: POST /session/bc43a641d06c6411fa8b79fe3bbb44bb/execute/async - {"script":"<script> [1562 bytes]","args":[{"selector":{"id":"shellAppTitle"},"wdio_ui5_key":"shellAppTitle"}]}
RESULT: {"script":"<script> [1562 bytes]","args":[{"selector":{"id":"shellAppTitle"},"wdio_ui5_key":"shellAppTitle"}]}
COMMAND: POST /session/bc43a641d06c6411fa8b79fe3bbb44bb/execute/async - {"script":"<script> [6424 bytes]","args":[{"element-6066-11e4-a52e-4f735466cecf":"f.5B2BCDE3632C5B3813A5BAB112425688.d.19C97C949ECF12EEE4B08CBEC9FB35E7.e.1120"},"getTitle",[]]}
RESULT: {"script":"<script> [6424 bytes]","args":[{"element-6066-11e4-a52e-4f735466cecf":"f.5B2BCDE3632C5B3813A5BAB112425688.d.19C97C949ECF12EEE4B08CBEC9FB35E7.e.1120"},"getTitle",[]]}
RESULT: undefined
COMMAND: POST /session/bc43a641d06c6411fa8b79fe3bbb44bb/element/f.5B2BCDE3632C5B3813A5BAB112425688.d.19C97C949ECF12EEE4B08CBEC9FB35E7.e.813/click - {}
COMMAND: POST /session/bc43a641d06c6411fa8b79fe3bbb44bb/element - {"using":"xpath","value":"//*[@id=\"backBtn\"]"}
RESULT: {"using":"xpath","value":"//*[@id=\"backBtn\"]"}
COMMAND: POST /session/bc43a641d06c6411fa8b79fe3bbb44bb/element/f.5B2BCDE3632C5B3813A5BAB112425688.d.19C97C949ECF12EEE4B08CBEC9FB35E7.e.813/click - {}
COMMAND: POST /session/bc43a641d06c6411fa8b79fe3bbb44bb/element - {"using":"xpath","value":"//*[@id=\"backBtn\"]"}
RESULT: {"using":"xpath","value":"//*[@id=\"backBtn\"]"}
COMMAND: POST /session/bc43a641d06c6411fa8b79fe3bbb44bb/element/f.5B2BCDE3632C5B3813A5BAB112425688.d.19C97C949ECF12EEE4B08CBEC9FB35E7.e.1121/click - {}
RESULT: {}
COMMAND: GET /session/bc43a641d06c6411fa8b79fe3bbb44bb/screenshot - {}
RESULT: {}
]]></system-out>
    </testcase>
    <testcase classname="chrome.136_0_7103_93.windows.Sanity_Tests_US104253" name="Should open Manage Yards page" time="35.824">
      <system-out><![CDATA[
COMMAND: POST /session/bc43a641d06c6411fa8b79fe3bbb44bb/execute/async - {"script":"<script> [1562 bytes]","args":[{"selector":{"controlType":"sap.m.GenericTile","properties":{"header":"Manage Yards"}},"wdio_ui5_key":"sapm.GenericTile{\"header\":\"Manage Yards\"}"}]}
RESULT: {"script":"<script> [1562 bytes]","args":[{"selector":{"controlType":"sap.m.GenericTile","properties":{"header":"Manage Yards"}},"wdio_ui5_key":"sapm.GenericTile{\"header\":\"Manage Yards\"}"}]}
RESULT: undefined
COMMAND: POST /session/bc43a641d06c6411fa8b79fe3bbb44bb/element - {"using":"xpath","value":"//*[@id=\"__tile41\"]"}
RESULT: {"using":"xpath","value":"//*[@id=\"__tile41\"]"}
COMMAND: POST /session/bc43a641d06c6411fa8b79fe3bbb44bb/element/f.5B2BCDE3632C5B3813A5BAB112425688.d.19C97C949ECF12EEE4B08CBEC9FB35E7.e.1123/click - {}
RESULT: {}
COMMAND: GET /session/bc43a641d06c6411fa8b79fe3bbb44bb/screenshot - {}
RESULT: {}
COMMAND: POST /session/bc43a641d06c6411fa8b79fe3bbb44bb/elements - {"using":"xpath","value":"//span[text()='Error']"}
RESULT: {"using":"xpath","value":"//span[text()='Error']"}
RESULT: undefined
COMMAND: POST /session/bc43a641d06c6411fa8b79fe3bbb44bb/element - {"using":"xpath","value":"//*[@id=\"__tile41\"]"}
RESULT: {"using":"xpath","value":"//*[@id=\"__tile41\"]"}
COMMAND: POST /session/bc43a641d06c6411fa8b79fe3bbb44bb/element/f.5B2BCDE3632C5B3813A5BAB112425688.d.19C97C949ECF12EEE4B08CBEC9FB35E7.e.1123/click - {}
RESULT: undefined
COMMAND: POST /session/bc43a641d06c6411fa8b79fe3bbb44bb/element - {"using":"xpath","value":"//*[@id=\"__tile41\"]"}
RESULT: {"using":"xpath","value":"//*[@id=\"__tile41\"]"}
COMMAND: POST /session/bc43a641d06c6411fa8b79fe3bbb44bb/element/f.5B2BCDE3632C5B3813A5BAB112425688.d.19C97C949ECF12EEE4B08CBEC9FB35E7.e.1123/click - {}
RESULT: undefined
COMMAND: POST /session/bc43a641d06c6411fa8b79fe3bbb44bb/execute/async - {"script":"<script> [6424 bytes]","args":[{"element-6066-11e4-a52e-4f735466cecf":"f.5B2BCDE3632C5B3813A5BAB112425688.d.19C97C949ECF12EEE4B08CBEC9FB35E7.e.288"},"getTitle",[]]}
COMMAND: POST /session/bc43a641d06c6411fa8b79fe3bbb44bb/execute/async - {"script":"<script> [1562 bytes]","args":[{"selector":{"id":"shellAppTitle"},"wdio_ui5_key":"shellAppTitle"}]}
RESULT: {"script":"<script> [1562 bytes]","args":[{"selector":{"id":"shellAppTitle"},"wdio_ui5_key":"shellAppTitle"}]}
COMMAND: POST /session/bc43a641d06c6411fa8b79fe3bbb44bb/execute/async - {"script":"<script> [6424 bytes]","args":[{"element-6066-11e4-a52e-4f735466cecf":"f.5B2BCDE3632C5B3813A5BAB112425688.d.19C97C949ECF12EEE4B08CBEC9FB35E7.e.1445"},"getTitle",[]]}
RESULT: {"script":"<script> [6424 bytes]","args":[{"element-6066-11e4-a52e-4f735466cecf":"f.5B2BCDE3632C5B3813A5BAB112425688.d.19C97C949ECF12EEE4B08CBEC9FB35E7.e.1445"},"getTitle",[]]}
RESULT: undefined
COMMAND: POST /session/bc43a641d06c6411fa8b79fe3bbb44bb/element/f.5B2BCDE3632C5B3813A5BAB112425688.d.19C97C949ECF12EEE4B08CBEC9FB35E7.e.1121/click - {}
RESULT: {}
COMMAND: GET /session/bc43a641d06c6411fa8b79fe3bbb44bb/screenshot - {}
RESULT: {}
]]></system-out>
    </testcase>
    <testcase classname="chrome.136_0_7103_93.windows.Sanity_Tests_US104253" name="Should open Manage Requests page" time="36.09">
      <system-out><![CDATA[
COMMAND: POST /session/bc43a641d06c6411fa8b79fe3bbb44bb/execute/async - {"script":"<script> [1562 bytes]","args":[{"selector":{"controlType":"sap.m.GenericTile","properties":{"header":"Manage Requests"}},"wdio_ui5_key":"sapm.GenericTile{\"header\":\"Manage Requests\"}"}]}
RESULT: {"script":"<script> [1562 bytes]","args":[{"selector":{"controlType":"sap.m.GenericTile","properties":{"header":"Manage Requests"}},"wdio_ui5_key":"sapm.GenericTile{\"header\":\"Manage Requests\"}"}]}
RESULT: undefined
COMMAND: POST /session/bc43a641d06c6411fa8b79fe3bbb44bb/element - {"using":"xpath","value":"//*[@id=\"__tile47\"]"}
RESULT: {"using":"xpath","value":"//*[@id=\"__tile47\"]"}
COMMAND: POST /session/bc43a641d06c6411fa8b79fe3bbb44bb/element/f.5B2BCDE3632C5B3813A5BAB112425688.d.19C97C949ECF12EEE4B08CBEC9FB35E7.e.1447/click - {}
RESULT: {}
COMMAND: GET /session/bc43a641d06c6411fa8b79fe3bbb44bb/screenshot - {}
RESULT: {}
COMMAND: POST /session/bc43a641d06c6411fa8b79fe3bbb44bb/elements - {"using":"xpath","value":"//span[text()='Error']"}
RESULT: {"using":"xpath","value":"//span[text()='Error']"}
RESULT: undefined
COMMAND: POST /session/bc43a641d06c6411fa8b79fe3bbb44bb/element - {"using":"xpath","value":"//*[@id=\"__tile47\"]"}
RESULT: {"using":"xpath","value":"//*[@id=\"__tile47\"]"}
COMMAND: POST /session/bc43a641d06c6411fa8b79fe3bbb44bb/element/f.5B2BCDE3632C5B3813A5BAB112425688.d.19C97C949ECF12EEE4B08CBEC9FB35E7.e.1447/click - {}
RESULT: undefined
COMMAND: POST /session/bc43a641d06c6411fa8b79fe3bbb44bb/element - {"using":"xpath","value":"//*[@id=\"__tile47\"]"}
RESULT: {"using":"xpath","value":"//*[@id=\"__tile47\"]"}
COMMAND: POST /session/bc43a641d06c6411fa8b79fe3bbb44bb/element/f.5B2BCDE3632C5B3813A5BAB112425688.d.19C97C949ECF12EEE4B08CBEC9FB35E7.e.1447/click - {}
RESULT: undefined
COMMAND: POST /session/bc43a641d06c6411fa8b79fe3bbb44bb/execute/async - {"script":"<script> [6424 bytes]","args":[{"element-6066-11e4-a52e-4f735466cecf":"f.5B2BCDE3632C5B3813A5BAB112425688.d.19C97C949ECF12EEE4B08CBEC9FB35E7.e.288"},"getTitle",[]]}
COMMAND: POST /session/bc43a641d06c6411fa8b79fe3bbb44bb/execute/async - {"script":"<script> [1562 bytes]","args":[{"selector":{"id":"shellAppTitle"},"wdio_ui5_key":"shellAppTitle"}]}
RESULT: {"script":"<script> [1562 bytes]","args":[{"selector":{"id":"shellAppTitle"},"wdio_ui5_key":"shellAppTitle"}]}
COMMAND: POST /session/bc43a641d06c6411fa8b79fe3bbb44bb/execute/async - {"script":"<script> [6424 bytes]","args":[{"element-6066-11e4-a52e-4f735466cecf":"f.5B2BCDE3632C5B3813A5BAB112425688.d.19C97C949ECF12EEE4B08CBEC9FB35E7.e.1544"},"getTitle",[]]}
RESULT: {"script":"<script> [6424 bytes]","args":[{"element-6066-11e4-a52e-4f735466cecf":"f.5B2BCDE3632C5B3813A5BAB112425688.d.19C97C949ECF12EEE4B08CBEC9FB35E7.e.1544"},"getTitle",[]]}
RESULT: undefined
COMMAND: POST /session/bc43a641d06c6411fa8b79fe3bbb44bb/element/f.5B2BCDE3632C5B3813A5BAB112425688.d.19C97C949ECF12EEE4B08CBEC9FB35E7.e.1121/click - {}
COMMAND: POST /session/bc43a641d06c6411fa8b79fe3bbb44bb/element - {"using":"xpath","value":"//*[@id=\"backBtn\"]"}
RESULT: {"using":"xpath","value":"//*[@id=\"backBtn\"]"}
COMMAND: POST /session/bc43a641d06c6411fa8b79fe3bbb44bb/element/f.5B2BCDE3632C5B3813A5BAB112425688.d.19C97C949ECF12EEE4B08CBEC9FB35E7.e.1121/click - {}
COMMAND: POST /session/bc43a641d06c6411fa8b79fe3bbb44bb/element - {"using":"xpath","value":"//*[@id=\"backBtn\"]"}
RESULT: {"using":"xpath","value":"//*[@id=\"backBtn\"]"}
COMMAND: POST /session/bc43a641d06c6411fa8b79fe3bbb44bb/element/f.5B2BCDE3632C5B3813A5BAB112425688.d.19C97C949ECF12EEE4B08CBEC9FB35E7.e.1545/click - {}
RESULT: {}
COMMAND: GET /session/bc43a641d06c6411fa8b79fe3bbb44bb/screenshot - {}
RESULT: {}
]]></system-out>
    </testcase>
    <testcase classname="chrome.136_0_7103_93.windows.Sanity_Tests_US104253" name="Should open Manage Purchasing page" time="36.167">
      <system-out><![CDATA[
COMMAND: POST /session/bc43a641d06c6411fa8b79fe3bbb44bb/execute/async - {"script":"<script> [1562 bytes]","args":[{"selector":{"controlType":"sap.m.GenericTile","properties":{"header":"Manage Purchasing"}},"wdio_ui5_key":"sapm.GenericTile{\"header\":\"Manage Purchasing\"}"}]}
RESULT: {"script":"<script> [1562 bytes]","args":[{"selector":{"controlType":"sap.m.GenericTile","properties":{"header":"Manage Purchasing"}},"wdio_ui5_key":"sapm.GenericTile{\"header\":\"Manage Purchasing\"}"}]}
RESULT: undefined
COMMAND: POST /session/bc43a641d06c6411fa8b79fe3bbb44bb/element - {"using":"xpath","value":"//*[@id=\"__tile46\"]"}
RESULT: {"using":"xpath","value":"//*[@id=\"__tile46\"]"}
COMMAND: POST /session/bc43a641d06c6411fa8b79fe3bbb44bb/element/f.5B2BCDE3632C5B3813A5BAB112425688.d.19C97C949ECF12EEE4B08CBEC9FB35E7.e.1548/click - {}
RESULT: {}
COMMAND: GET /session/bc43a641d06c6411fa8b79fe3bbb44bb/screenshot - {}
RESULT: {}
COMMAND: POST /session/bc43a641d06c6411fa8b79fe3bbb44bb/elements - {"using":"xpath","value":"//span[text()='Error']"}
RESULT: {"using":"xpath","value":"//span[text()='Error']"}
RESULT: undefined
COMMAND: POST /session/bc43a641d06c6411fa8b79fe3bbb44bb/element - {"using":"xpath","value":"//*[@id=\"__tile46\"]"}
RESULT: {"using":"xpath","value":"//*[@id=\"__tile46\"]"}
COMMAND: POST /session/bc43a641d06c6411fa8b79fe3bbb44bb/element/f.5B2BCDE3632C5B3813A5BAB112425688.d.19C97C949ECF12EEE4B08CBEC9FB35E7.e.1548/click - {}
RESULT: undefined
COMMAND: POST /session/bc43a641d06c6411fa8b79fe3bbb44bb/element - {"using":"xpath","value":"//*[@id=\"__tile46\"]"}
RESULT: {"using":"xpath","value":"//*[@id=\"__tile46\"]"}
COMMAND: POST /session/bc43a641d06c6411fa8b79fe3bbb44bb/element/f.5B2BCDE3632C5B3813A5BAB112425688.d.19C97C949ECF12EEE4B08CBEC9FB35E7.e.1548/click - {}
RESULT: undefined
COMMAND: POST /session/bc43a641d06c6411fa8b79fe3bbb44bb/execute/async - {"script":"<script> [6424 bytes]","args":[{"element-6066-11e4-a52e-4f735466cecf":"f.5B2BCDE3632C5B3813A5BAB112425688.d.19C97C949ECF12EEE4B08CBEC9FB35E7.e.288"},"getTitle",[]]}
COMMAND: POST /session/bc43a641d06c6411fa8b79fe3bbb44bb/execute/async - {"script":"<script> [1562 bytes]","args":[{"selector":{"id":"shellAppTitle"},"wdio_ui5_key":"shellAppTitle"}]}
RESULT: {"script":"<script> [1562 bytes]","args":[{"selector":{"id":"shellAppTitle"},"wdio_ui5_key":"shellAppTitle"}]}
COMMAND: POST /session/bc43a641d06c6411fa8b79fe3bbb44bb/execute/async - {"script":"<script> [6424 bytes]","args":[{"element-6066-11e4-a52e-4f735466cecf":"f.5B2BCDE3632C5B3813A5BAB112425688.d.19C97C949ECF12EEE4B08CBEC9FB35E7.e.1626"},"getTitle",[]]}
RESULT: {"script":"<script> [6424 bytes]","args":[{"element-6066-11e4-a52e-4f735466cecf":"f.5B2BCDE3632C5B3813A5BAB112425688.d.19C97C949ECF12EEE4B08CBEC9FB35E7.e.1626"},"getTitle",[]]}
RESULT: undefined
COMMAND: POST /session/bc43a641d06c6411fa8b79fe3bbb44bb/element/f.5B2BCDE3632C5B3813A5BAB112425688.d.19C97C949ECF12EEE4B08CBEC9FB35E7.e.1545/click - {}
RESULT: {}
COMMAND: GET /session/bc43a641d06c6411fa8b79fe3bbb44bb/screenshot - {}
RESULT: {}
]]></system-out>
    </testcase>
    <testcase classname="chrome.136_0_7103_93.windows.Sanity_Tests_US104253" name="Should open Planning Board page" time="37.25">
      <system-out><![CDATA[
COMMAND: POST /session/bc43a641d06c6411fa8b79fe3bbb44bb/execute/async - {"script":"<script> [1562 bytes]","args":[{"selector":{"controlType":"sap.m.GenericTile","properties":{"header":"Planning Board"}},"wdio_ui5_key":"sapm.GenericTile{\"header\":\"Planning Board\"}"}]}
RESULT: {"script":"<script> [1562 bytes]","args":[{"selector":{"controlType":"sap.m.GenericTile","properties":{"header":"Planning Board"}},"wdio_ui5_key":"sapm.GenericTile{\"header\":\"Planning Board\"}"}]}
RESULT: undefined
COMMAND: POST /session/bc43a641d06c6411fa8b79fe3bbb44bb/element - {"using":"xpath","value":"//*[@id=\"__tile131\"]"}
RESULT: {"using":"xpath","value":"//*[@id=\"__tile131\"]"}
COMMAND: POST /session/bc43a641d06c6411fa8b79fe3bbb44bb/element/f.5B2BCDE3632C5B3813A5BAB112425688.d.19C97C949ECF12EEE4B08CBEC9FB35E7.e.1628/click - {}
RESULT: {}
COMMAND: GET /session/bc43a641d06c6411fa8b79fe3bbb44bb/screenshot - {}
RESULT: {}
COMMAND: POST /session/bc43a641d06c6411fa8b79fe3bbb44bb/elements - {"using":"xpath","value":"//span[text()='Error']"}
RESULT: {"using":"xpath","value":"//span[text()='Error']"}
RESULT: undefined
COMMAND: POST /session/bc43a641d06c6411fa8b79fe3bbb44bb/element - {"using":"xpath","value":"//*[@id=\"__tile131\"]"}
RESULT: {"using":"xpath","value":"//*[@id=\"__tile131\"]"}
COMMAND: POST /session/bc43a641d06c6411fa8b79fe3bbb44bb/element/f.5B2BCDE3632C5B3813A5BAB112425688.d.19C97C949ECF12EEE4B08CBEC9FB35E7.e.1628/click - {}
RESULT: undefined
COMMAND: POST /session/bc43a641d06c6411fa8b79fe3bbb44bb/element - {"using":"xpath","value":"//*[@id=\"__tile131\"]"}
RESULT: {"using":"xpath","value":"//*[@id=\"__tile131\"]"}
COMMAND: POST /session/bc43a641d06c6411fa8b79fe3bbb44bb/element/f.5B2BCDE3632C5B3813A5BAB112425688.d.19C97C949ECF12EEE4B08CBEC9FB35E7.e.1628/click - {}
RESULT: undefined
COMMAND: POST /session/bc43a641d06c6411fa8b79fe3bbb44bb/execute/async - {"script":"<script> [6424 bytes]","args":[{"element-6066-11e4-a52e-4f735466cecf":"f.5B2BCDE3632C5B3813A5BAB112425688.d.19C97C949ECF12EEE4B08CBEC9FB35E7.e.288"},"getTitle",[]]}
COMMAND: POST /session/bc43a641d06c6411fa8b79fe3bbb44bb/execute/async - {"script":"<script> [1562 bytes]","args":[{"selector":{"id":"shellAppTitle"},"wdio_ui5_key":"shellAppTitle"}]}
RESULT: {"script":"<script> [1562 bytes]","args":[{"selector":{"id":"shellAppTitle"},"wdio_ui5_key":"shellAppTitle"}]}
COMMAND: POST /session/bc43a641d06c6411fa8b79fe3bbb44bb/execute/async - {"script":"<script> [6424 bytes]","args":[{"element-6066-11e4-a52e-4f735466cecf":"f.5B2BCDE3632C5B3813A5BAB112425688.d.19C97C949ECF12EEE4B08CBEC9FB35E7.e.1678"},"getTitle",[]]}
RESULT: {"script":"<script> [6424 bytes]","args":[{"element-6066-11e4-a52e-4f735466cecf":"f.5B2BCDE3632C5B3813A5BAB112425688.d.19C97C949ECF12EEE4B08CBEC9FB35E7.e.1678"},"getTitle",[]]}
RESULT: undefined
COMMAND: POST /session/bc43a641d06c6411fa8b79fe3bbb44bb/element/f.5B2BCDE3632C5B3813A5BAB112425688.d.19C97C949ECF12EEE4B08CBEC9FB35E7.e.1545/click - {}
COMMAND: POST /session/bc43a641d06c6411fa8b79fe3bbb44bb/element/f.5B2BCDE3632C5B3813A5BAB112425688.d.19C97C949ECF12EEE4B08CBEC9FB35E7.e.1545/click - {}
COMMAND: POST /session/bc43a641d06c6411fa8b79fe3bbb44bb/element - {"using":"xpath","value":"//*[@id=\"backBtn\"]"}
COMMAND: POST /session/bc43a641d06c6411fa8b79fe3bbb44bb/element - {"using":"xpath","value":"//*[@id=\"backBtn\"]"}
RESULT: {"using":"xpath","value":"//*[@id=\"backBtn\"]"}
COMMAND: POST /session/bc43a641d06c6411fa8b79fe3bbb44bb/element/f.5B2BCDE3632C5B3813A5BAB112425688.d.19C97C949ECF12EEE4B08CBEC9FB35E7.e.1545/click - {}
RESULT: {"using":"xpath","value":"//*[@id=\"backBtn\"]"}
COMMAND: POST /session/bc43a641d06c6411fa8b79fe3bbb44bb/element/f.5B2BCDE3632C5B3813A5BAB112425688.d.19C97C949ECF12EEE4B08CBEC9FB35E7.e.1545/click - {}
COMMAND: POST /session/bc43a641d06c6411fa8b79fe3bbb44bb/element - {"using":"xpath","value":"//*[@id=\"backBtn\"]"}
COMMAND: POST /session/bc43a641d06c6411fa8b79fe3bbb44bb/element - {"using":"xpath","value":"//*[@id=\"backBtn\"]"}
RESULT: {"using":"xpath","value":"//*[@id=\"backBtn\"]"}
COMMAND: POST /session/bc43a641d06c6411fa8b79fe3bbb44bb/element/f.5B2BCDE3632C5B3813A5BAB112425688.d.19C97C949ECF12EEE4B08CBEC9FB35E7.e.1679/click - {}
RESULT: {"using":"xpath","value":"//*[@id=\"backBtn\"]"}
COMMAND: POST /session/bc43a641d06c6411fa8b79fe3bbb44bb/element/f.5B2BCDE3632C5B3813A5BAB112425688.d.19C97C949ECF12EEE4B08CBEC9FB35E7.e.1679/click - {}
RESULT: {}
COMMAND: GET /session/bc43a641d06c6411fa8b79fe3bbb44bb/screenshot - {}
RESULT: {}
COMMAND: GET /session/bc43a641d06c6411fa8b79fe3bbb44bb/screenshot - {}
RESULT: {}
RESULT: {}
]]></system-out>
    </testcase>
    <testcase classname="chrome.136_0_7103_93.windows.Sanity_Tests_US104253" name="Should open Manage Contracts page" time="38.04">
      <system-out><![CDATA[
COMMAND: POST /session/bc43a641d06c6411fa8b79fe3bbb44bb/execute/async - {"script":"<script> [1562 bytes]","args":[{"selector":{"controlType":"sap.m.GenericTile","properties":{"header":"Manage Contracts"}},"wdio_ui5_key":"sapm.GenericTile{\"header\":\"Manage Contracts\"}"}]}
RESULT: {"script":"<script> [1562 bytes]","args":[{"selector":{"controlType":"sap.m.GenericTile","properties":{"header":"Manage Contracts"}},"wdio_ui5_key":"sapm.GenericTile{\"header\":\"Manage Contracts\"}"}]}
RESULT: undefined
COMMAND: POST /session/bc43a641d06c6411fa8b79fe3bbb44bb/element - {"using":"xpath","value":"//*[@id=\"__tile132\"]"}
RESULT: {"using":"xpath","value":"//*[@id=\"__tile132\"]"}
COMMAND: POST /session/bc43a641d06c6411fa8b79fe3bbb44bb/element/f.5B2BCDE3632C5B3813A5BAB112425688.d.19C97C949ECF12EEE4B08CBEC9FB35E7.e.1681/click - {}
RESULT: {}
COMMAND: GET /session/bc43a641d06c6411fa8b79fe3bbb44bb/screenshot - {}
RESULT: {}
COMMAND: POST /session/bc43a641d06c6411fa8b79fe3bbb44bb/elements - {"using":"xpath","value":"//span[text()='Error']"}
RESULT: {"using":"xpath","value":"//span[text()='Error']"}
RESULT: undefined
COMMAND: POST /session/bc43a641d06c6411fa8b79fe3bbb44bb/element - {"using":"xpath","value":"//*[@id=\"__tile132\"]"}
RESULT: {"using":"xpath","value":"//*[@id=\"__tile132\"]"}
COMMAND: POST /session/bc43a641d06c6411fa8b79fe3bbb44bb/element/f.5B2BCDE3632C5B3813A5BAB112425688.d.19C97C949ECF12EEE4B08CBEC9FB35E7.e.1681/click - {}
RESULT: undefined
COMMAND: POST /session/bc43a641d06c6411fa8b79fe3bbb44bb/element - {"using":"xpath","value":"//*[@id=\"__tile132\"]"}
RESULT: {"using":"xpath","value":"//*[@id=\"__tile132\"]"}
COMMAND: POST /session/bc43a641d06c6411fa8b79fe3bbb44bb/element/f.5B2BCDE3632C5B3813A5BAB112425688.d.19C97C949ECF12EEE4B08CBEC9FB35E7.e.1681/click - {}
RESULT: undefined
COMMAND: POST /session/bc43a641d06c6411fa8b79fe3bbb44bb/execute/async - {"script":"<script> [6424 bytes]","args":[{"element-6066-11e4-a52e-4f735466cecf":"f.5B2BCDE3632C5B3813A5BAB112425688.d.19C97C949ECF12EEE4B08CBEC9FB35E7.e.288"},"getTitle",[]]}
COMMAND: POST /session/bc43a641d06c6411fa8b79fe3bbb44bb/execute/async - {"script":"<script> [1562 bytes]","args":[{"selector":{"id":"shellAppTitle"},"wdio_ui5_key":"shellAppTitle"}]}
RESULT: {"script":"<script> [1562 bytes]","args":[{"selector":{"id":"shellAppTitle"},"wdio_ui5_key":"shellAppTitle"}]}
COMMAND: POST /session/bc43a641d06c6411fa8b79fe3bbb44bb/execute/async - {"script":"<script> [6424 bytes]","args":[{"element-6066-11e4-a52e-4f735466cecf":"f.5B2BCDE3632C5B3813A5BAB112425688.d.19C97C949ECF12EEE4B08CBEC9FB35E7.e.1746"},"getTitle",[]]}
RESULT: {"script":"<script> [6424 bytes]","args":[{"element-6066-11e4-a52e-4f735466cecf":"f.5B2BCDE3632C5B3813A5BAB112425688.d.19C97C949ECF12EEE4B08CBEC9FB35E7.e.1746"},"getTitle",[]]}
RESULT: undefined
COMMAND: POST /session/bc43a641d06c6411fa8b79fe3bbb44bb/element/f.5B2BCDE3632C5B3813A5BAB112425688.d.19C97C949ECF12EEE4B08CBEC9FB35E7.e.1679/click - {}
RESULT: {}
COMMAND: GET /session/bc43a641d06c6411fa8b79fe3bbb44bb/screenshot - {}
RESULT: {}
]]></system-out>
    </testcase>
    <testcase classname="chrome.136_0_7103_93.windows.Sanity_Tests_US104253" name="Should open Manage Quotations page" time="39.715">
      <system-out><![CDATA[
COMMAND: POST /session/bc43a641d06c6411fa8b79fe3bbb44bb/execute/async - {"script":"<script> [1562 bytes]","args":[{"selector":{"controlType":"sap.m.GenericTile","properties":{"header":"Manage Quotations"}},"wdio_ui5_key":"sapm.GenericTile{\"header\":\"Manage Quotations\"}"}]}
RESULT: {"script":"<script> [1562 bytes]","args":[{"selector":{"controlType":"sap.m.GenericTile","properties":{"header":"Manage Quotations"}},"wdio_ui5_key":"sapm.GenericTile{\"header\":\"Manage Quotations\"}"}]}
RESULT: undefined
COMMAND: POST /session/bc43a641d06c6411fa8b79fe3bbb44bb/element - {"using":"xpath","value":"//*[@id=\"__tile130\"]"}
RESULT: {"using":"xpath","value":"//*[@id=\"__tile130\"]"}
COMMAND: POST /session/bc43a641d06c6411fa8b79fe3bbb44bb/element/f.5B2BCDE3632C5B3813A5BAB112425688.d.19C97C949ECF12EEE4B08CBEC9FB35E7.e.1748/click - {}
RESULT: {}
COMMAND: GET /session/bc43a641d06c6411fa8b79fe3bbb44bb/screenshot - {}
RESULT: {}
COMMAND: POST /session/bc43a641d06c6411fa8b79fe3bbb44bb/elements - {"using":"xpath","value":"//span[text()='Error']"}
RESULT: {"using":"xpath","value":"//span[text()='Error']"}
RESULT: undefined
COMMAND: POST /session/bc43a641d06c6411fa8b79fe3bbb44bb/element - {"using":"xpath","value":"//*[@id=\"__tile130\"]"}
RESULT: {"using":"xpath","value":"//*[@id=\"__tile130\"]"}
COMMAND: POST /session/bc43a641d06c6411fa8b79fe3bbb44bb/element/f.5B2BCDE3632C5B3813A5BAB112425688.d.19C97C949ECF12EEE4B08CBEC9FB35E7.e.1748/click - {}
RESULT: undefined
COMMAND: POST /session/bc43a641d06c6411fa8b79fe3bbb44bb/element - {"using":"xpath","value":"//*[@id=\"__tile130\"]"}
RESULT: {"using":"xpath","value":"//*[@id=\"__tile130\"]"}
COMMAND: POST /session/bc43a641d06c6411fa8b79fe3bbb44bb/element/f.5B2BCDE3632C5B3813A5BAB112425688.d.19C97C949ECF12EEE4B08CBEC9FB35E7.e.1748/click - {}
RESULT: undefined
COMMAND: POST /session/bc43a641d06c6411fa8b79fe3bbb44bb/execute/async - {"script":"<script> [6424 bytes]","args":[{"element-6066-11e4-a52e-4f735466cecf":"f.5B2BCDE3632C5B3813A5BAB112425688.d.19C97C949ECF12EEE4B08CBEC9FB35E7.e.288"},"getTitle",[]]}
COMMAND: POST /session/bc43a641d06c6411fa8b79fe3bbb44bb/execute/async - {"script":"<script> [1562 bytes]","args":[{"selector":{"id":"shellAppTitle"},"wdio_ui5_key":"shellAppTitle"}]}
RESULT: {"script":"<script> [1562 bytes]","args":[{"selector":{"id":"shellAppTitle"},"wdio_ui5_key":"shellAppTitle"}]}
COMMAND: POST /session/bc43a641d06c6411fa8b79fe3bbb44bb/execute/async - {"script":"<script> [6424 bytes]","args":[{"element-6066-11e4-a52e-4f735466cecf":"f.5B2BCDE3632C5B3813A5BAB112425688.d.19C97C949ECF12EEE4B08CBEC9FB35E7.e.1833"},"getTitle",[]]}
RESULT: {"script":"<script> [6424 bytes]","args":[{"element-6066-11e4-a52e-4f735466cecf":"f.5B2BCDE3632C5B3813A5BAB112425688.d.19C97C949ECF12EEE4B08CBEC9FB35E7.e.1833"},"getTitle",[]]}
RESULT: undefined
COMMAND: POST /session/bc43a641d06c6411fa8b79fe3bbb44bb/element/f.5B2BCDE3632C5B3813A5BAB112425688.d.19C97C949ECF12EEE4B08CBEC9FB35E7.e.1679/click - {}
COMMAND: POST /session/bc43a641d06c6411fa8b79fe3bbb44bb/element - {"using":"xpath","value":"//*[@id=\"backBtn\"]"}
RESULT: {"using":"xpath","value":"//*[@id=\"backBtn\"]"}
COMMAND: POST /session/bc43a641d06c6411fa8b79fe3bbb44bb/element/f.5B2BCDE3632C5B3813A5BAB112425688.d.19C97C949ECF12EEE4B08CBEC9FB35E7.e.1679/click - {}
COMMAND: POST /session/bc43a641d06c6411fa8b79fe3bbb44bb/element - {"using":"xpath","value":"//*[@id=\"backBtn\"]"}
RESULT: {"using":"xpath","value":"//*[@id=\"backBtn\"]"}
COMMAND: POST /session/bc43a641d06c6411fa8b79fe3bbb44bb/element/f.5B2BCDE3632C5B3813A5BAB112425688.d.19C97C949ECF12EEE4B08CBEC9FB35E7.e.1834/click - {}
RESULT: {}
COMMAND: GET /session/bc43a641d06c6411fa8b79fe3bbb44bb/screenshot - {}
RESULT: {}
]]></system-out>
    </testcase>
    <testcase classname="chrome.136_0_7103_93.windows.Sanity_Tests_US104253" name="Should open Manage Handovers page" time="41.003">
      <system-out><![CDATA[
COMMAND: POST /session/bc43a641d06c6411fa8b79fe3bbb44bb/execute/async - {"script":"<script> [1562 bytes]","args":[{"selector":{"controlType":"sap.m.GenericTile","properties":{"header":"Manage Handovers"}},"wdio_ui5_key":"sapm.GenericTile{\"header\":\"Manage Handovers\"}"}]}
RESULT: {"script":"<script> [1562 bytes]","args":[{"selector":{"controlType":"sap.m.GenericTile","properties":{"header":"Manage Handovers"}},"wdio_ui5_key":"sapm.GenericTile{\"header\":\"Manage Handovers\"}"}]}
RESULT: undefined
COMMAND: POST /session/bc43a641d06c6411fa8b79fe3bbb44bb/element - {"using":"xpath","value":"//*[@id=\"__tile133\"]"}
RESULT: {"using":"xpath","value":"//*[@id=\"__tile133\"]"}
COMMAND: POST /session/bc43a641d06c6411fa8b79fe3bbb44bb/element/f.5B2BCDE3632C5B3813A5BAB112425688.d.19C97C949ECF12EEE4B08CBEC9FB35E7.e.1836/click - {}
RESULT: {}
COMMAND: GET /session/bc43a641d06c6411fa8b79fe3bbb44bb/screenshot - {}
RESULT: {}
COMMAND: POST /session/bc43a641d06c6411fa8b79fe3bbb44bb/elements - {"using":"xpath","value":"//span[text()='Error']"}
RESULT: {"using":"xpath","value":"//span[text()='Error']"}
RESULT: undefined
COMMAND: POST /session/bc43a641d06c6411fa8b79fe3bbb44bb/element - {"using":"xpath","value":"//*[@id=\"__tile133\"]"}
RESULT: {"using":"xpath","value":"//*[@id=\"__tile133\"]"}
COMMAND: POST /session/bc43a641d06c6411fa8b79fe3bbb44bb/element/f.5B2BCDE3632C5B3813A5BAB112425688.d.19C97C949ECF12EEE4B08CBEC9FB35E7.e.1836/click - {}
RESULT: undefined
COMMAND: POST /session/bc43a641d06c6411fa8b79fe3bbb44bb/element - {"using":"xpath","value":"//*[@id=\"__tile133\"]"}
RESULT: {"using":"xpath","value":"//*[@id=\"__tile133\"]"}
COMMAND: POST /session/bc43a641d06c6411fa8b79fe3bbb44bb/element/f.5B2BCDE3632C5B3813A5BAB112425688.d.19C97C949ECF12EEE4B08CBEC9FB35E7.e.1836/click - {}
RESULT: undefined
COMMAND: POST /session/bc43a641d06c6411fa8b79fe3bbb44bb/execute/async - {"script":"<script> [6424 bytes]","args":[{"element-6066-11e4-a52e-4f735466cecf":"f.5B2BCDE3632C5B3813A5BAB112425688.d.19C97C949ECF12EEE4B08CBEC9FB35E7.e.288"},"getTitle",[]]}
COMMAND: POST /session/bc43a641d06c6411fa8b79fe3bbb44bb/execute/async - {"script":"<script> [1562 bytes]","args":[{"selector":{"id":"shellAppTitle"},"wdio_ui5_key":"shellAppTitle"}]}
RESULT: {"script":"<script> [1562 bytes]","args":[{"selector":{"id":"shellAppTitle"},"wdio_ui5_key":"shellAppTitle"}]}
COMMAND: POST /session/bc43a641d06c6411fa8b79fe3bbb44bb/execute/async - {"script":"<script> [6424 bytes]","args":[{"element-6066-11e4-a52e-4f735466cecf":"f.5B2BCDE3632C5B3813A5BAB112425688.d.19C97C949ECF12EEE4B08CBEC9FB35E7.e.1994"},"getTitle",[]]}
RESULT: {"script":"<script> [6424 bytes]","args":[{"element-6066-11e4-a52e-4f735466cecf":"f.5B2BCDE3632C5B3813A5BAB112425688.d.19C97C949ECF12EEE4B08CBEC9FB35E7.e.1994"},"getTitle",[]]}
RESULT: undefined
COMMAND: POST /session/bc43a641d06c6411fa8b79fe3bbb44bb/element/f.5B2BCDE3632C5B3813A5BAB112425688.d.19C97C949ECF12EEE4B08CBEC9FB35E7.e.1834/click - {}
RESULT: {}
COMMAND: GET /session/bc43a641d06c6411fa8b79fe3bbb44bb/screenshot - {}
RESULT: {}
]]></system-out>
    </testcase>
    <testcase classname="chrome.136_0_7103_93.windows.Sanity_Tests_US104253" name="Should open Delivery Monitor page" time="36.038">
      <system-out><![CDATA[
COMMAND: POST /session/bc43a641d06c6411fa8b79fe3bbb44bb/execute/async - {"script":"<script> [1562 bytes]","args":[{"selector":{"controlType":"sap.m.GenericTile","properties":{"header":"Delivery Monitor"}},"wdio_ui5_key":"sapm.GenericTile{\"header\":\"Delivery Monitor\"}"}]}
RESULT: {"script":"<script> [1562 bytes]","args":[{"selector":{"controlType":"sap.m.GenericTile","properties":{"header":"Delivery Monitor"}},"wdio_ui5_key":"sapm.GenericTile{\"header\":\"Delivery Monitor\"}"}]}
RESULT: undefined
COMMAND: POST /session/bc43a641d06c6411fa8b79fe3bbb44bb/element - {"using":"xpath","value":"//*[@id=\"__tile43\"]"}
RESULT: {"using":"xpath","value":"//*[@id=\"__tile43\"]"}
COMMAND: POST /session/bc43a641d06c6411fa8b79fe3bbb44bb/element/f.5B2BCDE3632C5B3813A5BAB112425688.d.19C97C949ECF12EEE4B08CBEC9FB35E7.e.1996/click - {}
RESULT: {}
COMMAND: GET /session/bc43a641d06c6411fa8b79fe3bbb44bb/screenshot - {}
RESULT: {}
COMMAND: POST /session/bc43a641d06c6411fa8b79fe3bbb44bb/elements - {"using":"xpath","value":"//span[text()='Error']"}
RESULT: {"using":"xpath","value":"//span[text()='Error']"}
RESULT: undefined
COMMAND: POST /session/bc43a641d06c6411fa8b79fe3bbb44bb/element - {"using":"xpath","value":"//*[@id=\"__tile43\"]"}
RESULT: {"using":"xpath","value":"//*[@id=\"__tile43\"]"}
COMMAND: POST /session/bc43a641d06c6411fa8b79fe3bbb44bb/element/f.5B2BCDE3632C5B3813A5BAB112425688.d.19C97C949ECF12EEE4B08CBEC9FB35E7.e.1996/click - {}
RESULT: undefined
COMMAND: POST /session/bc43a641d06c6411fa8b79fe3bbb44bb/element - {"using":"xpath","value":"//*[@id=\"__tile43\"]"}
RESULT: {"using":"xpath","value":"//*[@id=\"__tile43\"]"}
COMMAND: POST /session/bc43a641d06c6411fa8b79fe3bbb44bb/element/f.5B2BCDE3632C5B3813A5BAB112425688.d.19C97C949ECF12EEE4B08CBEC9FB35E7.e.1996/click - {}
RESULT: undefined
COMMAND: POST /session/bc43a641d06c6411fa8b79fe3bbb44bb/execute/async - {"script":"<script> [6424 bytes]","args":[{"element-6066-11e4-a52e-4f735466cecf":"f.5B2BCDE3632C5B3813A5BAB112425688.d.19C97C949ECF12EEE4B08CBEC9FB35E7.e.288"},"getTitle",[]]}
COMMAND: POST /session/bc43a641d06c6411fa8b79fe3bbb44bb/execute/async - {"script":"<script> [1562 bytes]","args":[{"selector":{"id":"shellAppTitle"},"wdio_ui5_key":"shellAppTitle"}]}
RESULT: {"script":"<script> [1562 bytes]","args":[{"selector":{"id":"shellAppTitle"},"wdio_ui5_key":"shellAppTitle"}]}
COMMAND: POST /session/bc43a641d06c6411fa8b79fe3bbb44bb/execute/async - {"script":"<script> [6424 bytes]","args":[{"element-6066-11e4-a52e-4f735466cecf":"f.5B2BCDE3632C5B3813A5BAB112425688.d.19C97C949ECF12EEE4B08CBEC9FB35E7.e.2104"},"getTitle",[]]}
RESULT: {"script":"<script> [6424 bytes]","args":[{"element-6066-11e4-a52e-4f735466cecf":"f.5B2BCDE3632C5B3813A5BAB112425688.d.19C97C949ECF12EEE4B08CBEC9FB35E7.e.2104"},"getTitle",[]]}
RESULT: undefined
COMMAND: POST /session/bc43a641d06c6411fa8b79fe3bbb44bb/element/f.5B2BCDE3632C5B3813A5BAB112425688.d.19C97C949ECF12EEE4B08CBEC9FB35E7.e.1834/click - {}
COMMAND: POST /session/bc43a641d06c6411fa8b79fe3bbb44bb/element - {"using":"xpath","value":"//*[@id=\"backBtn\"]"}
RESULT: {"using":"xpath","value":"//*[@id=\"backBtn\"]"}
COMMAND: POST /session/bc43a641d06c6411fa8b79fe3bbb44bb/element/f.5B2BCDE3632C5B3813A5BAB112425688.d.19C97C949ECF12EEE4B08CBEC9FB35E7.e.1834/click - {}
COMMAND: POST /session/bc43a641d06c6411fa8b79fe3bbb44bb/element - {"using":"xpath","value":"//*[@id=\"backBtn\"]"}
RESULT: {"using":"xpath","value":"//*[@id=\"backBtn\"]"}
COMMAND: POST /session/bc43a641d06c6411fa8b79fe3bbb44bb/element/f.5B2BCDE3632C5B3813A5BAB112425688.d.19C97C949ECF12EEE4B08CBEC9FB35E7.e.2105/click - {}
RESULT: {}
COMMAND: GET /session/bc43a641d06c6411fa8b79fe3bbb44bb/screenshot - {}
RESULT: {}
]]></system-out>
    </testcase>
    <testcase classname="chrome.136_0_7103_93.windows.Sanity_Tests_US104253" name="Should open Manage Calendar Exceptions page" time="35.915">
      <system-out><![CDATA[
COMMAND: POST /session/bc43a641d06c6411fa8b79fe3bbb44bb/execute/async - {"script":"<script> [1562 bytes]","args":[{"selector":{"controlType":"sap.m.GenericTile","properties":{"header":"Manage Calendar Exceptions"}},"wdio_ui5_key":"sapm.GenericTile{\"header\":\"Manage Calendar Exceptions\"}"}]}
RESULT: {"script":"<script> [1562 bytes]","args":[{"selector":{"controlType":"sap.m.GenericTile","properties":{"header":"Manage Calendar Exceptions"}},"wdio_ui5_key":"sapm.GenericTile{\"header\":\"Manage Calendar Exceptions\"}"}]}
RESULT: undefined
COMMAND: POST /session/bc43a641d06c6411fa8b79fe3bbb44bb/element - {"using":"xpath","value":"//*[@id=\"__tile52\"]"}
RESULT: {"using":"xpath","value":"//*[@id=\"__tile52\"]"}
COMMAND: POST /session/bc43a641d06c6411fa8b79fe3bbb44bb/element/f.5B2BCDE3632C5B3813A5BAB112425688.d.19C97C949ECF12EEE4B08CBEC9FB35E7.e.2107/click - {}
RESULT: {}
COMMAND: GET /session/bc43a641d06c6411fa8b79fe3bbb44bb/screenshot - {}
RESULT: {}
COMMAND: POST /session/bc43a641d06c6411fa8b79fe3bbb44bb/elements - {"using":"xpath","value":"//span[text()='Error']"}
RESULT: {"using":"xpath","value":"//span[text()='Error']"}
RESULT: undefined
COMMAND: POST /session/bc43a641d06c6411fa8b79fe3bbb44bb/element - {"using":"xpath","value":"//*[@id=\"__tile52\"]"}
RESULT: {"using":"xpath","value":"//*[@id=\"__tile52\"]"}
COMMAND: POST /session/bc43a641d06c6411fa8b79fe3bbb44bb/element/f.5B2BCDE3632C5B3813A5BAB112425688.d.19C97C949ECF12EEE4B08CBEC9FB35E7.e.2107/click - {}
RESULT: undefined
COMMAND: POST /session/bc43a641d06c6411fa8b79fe3bbb44bb/element - {"using":"xpath","value":"//*[@id=\"__tile52\"]"}
RESULT: {"using":"xpath","value":"//*[@id=\"__tile52\"]"}
COMMAND: POST /session/bc43a641d06c6411fa8b79fe3bbb44bb/element/f.5B2BCDE3632C5B3813A5BAB112425688.d.19C97C949ECF12EEE4B08CBEC9FB35E7.e.2107/click - {}
RESULT: undefined
COMMAND: POST /session/bc43a641d06c6411fa8b79fe3bbb44bb/execute/async - {"script":"<script> [6424 bytes]","args":[{"element-6066-11e4-a52e-4f735466cecf":"f.5B2BCDE3632C5B3813A5BAB112425688.d.19C97C949ECF12EEE4B08CBEC9FB35E7.e.288"},"getTitle",[]]}
COMMAND: POST /session/bc43a641d06c6411fa8b79fe3bbb44bb/execute/async - {"script":"<script> [1562 bytes]","args":[{"selector":{"id":"shellAppTitle"},"wdio_ui5_key":"shellAppTitle"}]}
RESULT: {"script":"<script> [1562 bytes]","args":[{"selector":{"id":"shellAppTitle"},"wdio_ui5_key":"shellAppTitle"}]}
COMMAND: POST /session/bc43a641d06c6411fa8b79fe3bbb44bb/execute/async - {"script":"<script> [6424 bytes]","args":[{"element-6066-11e4-a52e-4f735466cecf":"f.5B2BCDE3632C5B3813A5BAB112425688.d.19C97C949ECF12EEE4B08CBEC9FB35E7.e.2161"},"getTitle",[]]}
RESULT: {"script":"<script> [6424 bytes]","args":[{"element-6066-11e4-a52e-4f735466cecf":"f.5B2BCDE3632C5B3813A5BAB112425688.d.19C97C949ECF12EEE4B08CBEC9FB35E7.e.2161"},"getTitle",[]]}
RESULT: undefined
COMMAND: POST /session/bc43a641d06c6411fa8b79fe3bbb44bb/element/f.5B2BCDE3632C5B3813A5BAB112425688.d.19C97C949ECF12EEE4B08CBEC9FB35E7.e.2105/click - {}
RESULT: {}
COMMAND: GET /session/bc43a641d06c6411fa8b79fe3bbb44bb/screenshot - {}
RESULT: {}
]]></system-out>
    </testcase>
    <testcase classname="chrome.136_0_7103_93.windows.Sanity_Tests_US104253" name="Should open Manage States Performance page" time="43.407">
      <system-out><![CDATA[
COMMAND: POST /session/bc43a641d06c6411fa8b79fe3bbb44bb/execute/async - {"script":"<script> [1562 bytes]","args":[{"selector":{"controlType":"sap.m.GenericTile","properties":{"header":"Manage States & Performance"}},"wdio_ui5_key":"sapm.GenericTile{\"header\":\"Manage States & Performance\"}"}]}
RESULT: {"script":"<script> [1562 bytes]","args":[{"selector":{"controlType":"sap.m.GenericTile","properties":{"header":"Manage States & Performance"}},"wdio_ui5_key":"sapm.GenericTile{\"header\":\"Manage States & Performance\"}"}]}
RESULT: undefined
COMMAND: POST /session/bc43a641d06c6411fa8b79fe3bbb44bb/element - {"using":"xpath","value":"//*[@id=\"__tile56\"]"}
RESULT: {"using":"xpath","value":"//*[@id=\"__tile56\"]"}
COMMAND: POST /session/bc43a641d06c6411fa8b79fe3bbb44bb/element/f.5B2BCDE3632C5B3813A5BAB112425688.d.19C97C949ECF12EEE4B08CBEC9FB35E7.e.2165/click - {}
RESULT: {}
COMMAND: GET /session/bc43a641d06c6411fa8b79fe3bbb44bb/screenshot - {}
RESULT: {}
COMMAND: POST /session/bc43a641d06c6411fa8b79fe3bbb44bb/elements - {"using":"xpath","value":"//span[text()='Error']"}
RESULT: {"using":"xpath","value":"//span[text()='Error']"}
RESULT: undefined
COMMAND: POST /session/bc43a641d06c6411fa8b79fe3bbb44bb/element - {"using":"xpath","value":"//*[@id=\"__tile56\"]"}
RESULT: {"using":"xpath","value":"//*[@id=\"__tile56\"]"}
COMMAND: POST /session/bc43a641d06c6411fa8b79fe3bbb44bb/element/f.5B2BCDE3632C5B3813A5BAB112425688.d.19C97C949ECF12EEE4B08CBEC9FB35E7.e.2165/click - {}
RESULT: undefined
COMMAND: POST /session/bc43a641d06c6411fa8b79fe3bbb44bb/element - {"using":"xpath","value":"//*[@id=\"__tile56\"]"}
RESULT: {"using":"xpath","value":"//*[@id=\"__tile56\"]"}
COMMAND: POST /session/bc43a641d06c6411fa8b79fe3bbb44bb/element/f.5B2BCDE3632C5B3813A5BAB112425688.d.19C97C949ECF12EEE4B08CBEC9FB35E7.e.2165/click - {}
RESULT: undefined
COMMAND: POST /session/bc43a641d06c6411fa8b79fe3bbb44bb/execute/async - {"script":"<script> [6424 bytes]","args":[{"element-6066-11e4-a52e-4f735466cecf":"f.5B2BCDE3632C5B3813A5BAB112425688.d.19C97C949ECF12EEE4B08CBEC9FB35E7.e.288"},"getTitle",[]]}
COMMAND: POST /session/bc43a641d06c6411fa8b79fe3bbb44bb/execute/async - {"script":"<script> [1562 bytes]","args":[{"selector":{"id":"shellAppTitle"},"wdio_ui5_key":"shellAppTitle"}]}
RESULT: {"script":"<script> [1562 bytes]","args":[{"selector":{"id":"shellAppTitle"},"wdio_ui5_key":"shellAppTitle"}]}
COMMAND: POST /session/bc43a641d06c6411fa8b79fe3bbb44bb/execute/async - {"script":"<script> [6424 bytes]","args":[{"element-6066-11e4-a52e-4f735466cecf":"f.5B2BCDE3632C5B3813A5BAB112425688.d.19C97C949ECF12EEE4B08CBEC9FB35E7.e.2257"},"getTitle",[]]}
RESULT: {"script":"<script> [6424 bytes]","args":[{"element-6066-11e4-a52e-4f735466cecf":"f.5B2BCDE3632C5B3813A5BAB112425688.d.19C97C949ECF12EEE4B08CBEC9FB35E7.e.2257"},"getTitle",[]]}
RESULT: undefined
COMMAND: POST /session/bc43a641d06c6411fa8b79fe3bbb44bb/element/f.5B2BCDE3632C5B3813A5BAB112425688.d.19C97C949ECF12EEE4B08CBEC9FB35E7.e.2105/click - {}
COMMAND: POST /session/bc43a641d06c6411fa8b79fe3bbb44bb/element - {"using":"xpath","value":"//*[@id=\"backBtn\"]"}
RESULT: {"using":"xpath","value":"//*[@id=\"backBtn\"]"}
COMMAND: POST /session/bc43a641d06c6411fa8b79fe3bbb44bb/element/f.5B2BCDE3632C5B3813A5BAB112425688.d.19C97C949ECF12EEE4B08CBEC9FB35E7.e.2105/click - {}
COMMAND: POST /session/bc43a641d06c6411fa8b79fe3bbb44bb/element - {"using":"xpath","value":"//*[@id=\"backBtn\"]"}
RESULT: {"using":"xpath","value":"//*[@id=\"backBtn\"]"}
COMMAND: POST /session/bc43a641d06c6411fa8b79fe3bbb44bb/element/f.5B2BCDE3632C5B3813A5BAB112425688.d.19C97C949ECF12EEE4B08CBEC9FB35E7.e.2258/click - {}
RESULT: {}
COMMAND: GET /session/bc43a641d06c6411fa8b79fe3bbb44bb/screenshot - {}
RESULT: {}
]]></system-out>
    </testcase>
    <testcase classname="chrome.136_0_7103_93.windows.Sanity_Tests_US104253" name="Should open Manage Billings page" time="38.099">
      <system-out><![CDATA[
COMMAND: POST /session/bc43a641d06c6411fa8b79fe3bbb44bb/execute/async - {"script":"<script> [1562 bytes]","args":[{"selector":{"controlType":"sap.m.GenericTile","properties":{"header":"Manage Billings"}},"wdio_ui5_key":"sapm.GenericTile{\"header\":\"Manage Billings\"}"}]}
RESULT: {"script":"<script> [1562 bytes]","args":[{"selector":{"controlType":"sap.m.GenericTile","properties":{"header":"Manage Billings"}},"wdio_ui5_key":"sapm.GenericTile{\"header\":\"Manage Billings\"}"}]}
RESULT: undefined
COMMAND: POST /session/bc43a641d06c6411fa8b79fe3bbb44bb/element - {"using":"xpath","value":"//*[@id=\"__tile51\"]"}
RESULT: {"using":"xpath","value":"//*[@id=\"__tile51\"]"}
COMMAND: POST /session/bc43a641d06c6411fa8b79fe3bbb44bb/element/f.5B2BCDE3632C5B3813A5BAB112425688.d.19C97C949ECF12EEE4B08CBEC9FB35E7.e.2260/click - {}
RESULT: {}
COMMAND: GET /session/bc43a641d06c6411fa8b79fe3bbb44bb/screenshot - {}
RESULT: {}
COMMAND: POST /session/bc43a641d06c6411fa8b79fe3bbb44bb/elements - {"using":"xpath","value":"//span[text()='Error']"}
RESULT: {"using":"xpath","value":"//span[text()='Error']"}
RESULT: undefined
COMMAND: POST /session/bc43a641d06c6411fa8b79fe3bbb44bb/element - {"using":"xpath","value":"//*[@id=\"__tile51\"]"}
RESULT: {"using":"xpath","value":"//*[@id=\"__tile51\"]"}
COMMAND: POST /session/bc43a641d06c6411fa8b79fe3bbb44bb/element/f.5B2BCDE3632C5B3813A5BAB112425688.d.19C97C949ECF12EEE4B08CBEC9FB35E7.e.2260/click - {}
RESULT: undefined
COMMAND: POST /session/bc43a641d06c6411fa8b79fe3bbb44bb/element - {"using":"xpath","value":"//*[@id=\"__tile51\"]"}
RESULT: {"using":"xpath","value":"//*[@id=\"__tile51\"]"}
COMMAND: POST /session/bc43a641d06c6411fa8b79fe3bbb44bb/element/f.5B2BCDE3632C5B3813A5BAB112425688.d.19C97C949ECF12EEE4B08CBEC9FB35E7.e.2260/click - {}
RESULT: undefined
COMMAND: POST /session/bc43a641d06c6411fa8b79fe3bbb44bb/execute/async - {"script":"<script> [6424 bytes]","args":[{"element-6066-11e4-a52e-4f735466cecf":"f.5B2BCDE3632C5B3813A5BAB112425688.d.19C97C949ECF12EEE4B08CBEC9FB35E7.e.288"},"getTitle",[]]}
COMMAND: POST /session/bc43a641d06c6411fa8b79fe3bbb44bb/execute/async - {"script":"<script> [1562 bytes]","args":[{"selector":{"id":"shellAppTitle"},"wdio_ui5_key":"shellAppTitle"}]}
RESULT: {"script":"<script> [1562 bytes]","args":[{"selector":{"id":"shellAppTitle"},"wdio_ui5_key":"shellAppTitle"}]}
COMMAND: POST /session/bc43a641d06c6411fa8b79fe3bbb44bb/execute/async - {"script":"<script> [6424 bytes]","args":[{"element-6066-11e4-a52e-4f735466cecf":"f.5B2BCDE3632C5B3813A5BAB112425688.d.19C97C949ECF12EEE4B08CBEC9FB35E7.e.2491"},"getTitle",[]]}
RESULT: {"script":"<script> [6424 bytes]","args":[{"element-6066-11e4-a52e-4f735466cecf":"f.5B2BCDE3632C5B3813A5BAB112425688.d.19C97C949ECF12EEE4B08CBEC9FB35E7.e.2491"},"getTitle",[]]}
RESULT: undefined
COMMAND: POST /session/bc43a641d06c6411fa8b79fe3bbb44bb/element/f.5B2BCDE3632C5B3813A5BAB112425688.d.19C97C949ECF12EEE4B08CBEC9FB35E7.e.2258/click - {}
COMMAND: POST /session/bc43a641d06c6411fa8b79fe3bbb44bb/element/f.5B2BCDE3632C5B3813A5BAB112425688.d.19C97C949ECF12EEE4B08CBEC9FB35E7.e.2258/click - {}
RESULT: {}
COMMAND: GET /session/bc43a641d06c6411fa8b79fe3bbb44bb/screenshot - {}
COMMAND: POST /session/bc43a641d06c6411fa8b79fe3bbb44bb/element - {"using":"xpath","value":"//*[@id=\"backBtn\"]"}
RESULT: {}
RESULT: {"using":"xpath","value":"//*[@id=\"backBtn\"]"}
COMMAND: POST /session/bc43a641d06c6411fa8b79fe3bbb44bb/elements - {"using":"xpath","value":"//*[@id=\"backBtn\"]"}
RESULT: {"using":"xpath","value":"//*[@id=\"backBtn\"]"}
COMMAND: POST /session/bc43a641d06c6411fa8b79fe3bbb44bb/elements - {"using":"xpath","value":"//*[@id=\"backBtn\"]"}
RESULT: {"using":"xpath","value":"//*[@id=\"backBtn\"]"}
COMMAND: POST /session/bc43a641d06c6411fa8b79fe3bbb44bb/elements - {"using":"xpath","value":"//*[@id=\"backBtn\"]"}
RESULT: {"using":"xpath","value":"//*[@id=\"backBtn\"]"}
COMMAND: POST /session/bc43a641d06c6411fa8b79fe3bbb44bb/elements - {"using":"xpath","value":"//*[@id=\"backBtn\"]"}
RESULT: {"using":"xpath","value":"//*[@id=\"backBtn\"]"}
COMMAND: POST /session/bc43a641d06c6411fa8b79fe3bbb44bb/elements - {"using":"xpath","value":"//*[@id=\"backBtn\"]"}
RESULT: {"using":"xpath","value":"//*[@id=\"backBtn\"]"}
COMMAND: POST /session/bc43a641d06c6411fa8b79fe3bbb44bb/elements - {"using":"xpath","value":"//*[@id=\"backBtn\"]"}
RESULT: {"using":"xpath","value":"//*[@id=\"backBtn\"]"}
COMMAND: POST /session/bc43a641d06c6411fa8b79fe3bbb44bb/elements - {"using":"xpath","value":"//*[@id=\"backBtn\"]"}
RESULT: {"using":"xpath","value":"//*[@id=\"backBtn\"]"}
COMMAND: POST /session/bc43a641d06c6411fa8b79fe3bbb44bb/elements - {"using":"xpath","value":"//*[@id=\"backBtn\"]"}
RESULT: {"using":"xpath","value":"//*[@id=\"backBtn\"]"}
COMMAND: POST /session/bc43a641d06c6411fa8b79fe3bbb44bb/elements - {"using":"xpath","value":"//*[@id=\"backBtn\"]"}
RESULT: {"using":"xpath","value":"//*[@id=\"backBtn\"]"}
COMMAND: POST /session/bc43a641d06c6411fa8b79fe3bbb44bb/elements - {"using":"xpath","value":"//*[@id=\"backBtn\"]"}
RESULT: {"using":"xpath","value":"//*[@id=\"backBtn\"]"}
COMMAND: POST /session/bc43a641d06c6411fa8b79fe3bbb44bb/elements - {"using":"xpath","value":"//*[@id=\"backBtn\"]"}
RESULT: {"using":"xpath","value":"//*[@id=\"backBtn\"]"}
COMMAND: POST /session/bc43a641d06c6411fa8b79fe3bbb44bb/elements - {"using":"xpath","value":"//*[@id=\"backBtn\"]"}
RESULT: {"using":"xpath","value":"//*[@id=\"backBtn\"]"}
COMMAND: POST /session/bc43a641d06c6411fa8b79fe3bbb44bb/elements - {"using":"xpath","value":"//*[@id=\"backBtn\"]"}
RESULT: {"using":"xpath","value":"//*[@id=\"backBtn\"]"}
COMMAND: POST /session/bc43a641d06c6411fa8b79fe3bbb44bb/elements - {"using":"xpath","value":"//*[@id=\"backBtn\"]"}
RESULT: {"using":"xpath","value":"//*[@id=\"backBtn\"]"}
COMMAND: POST /session/bc43a641d06c6411fa8b79fe3bbb44bb/elements - {"using":"xpath","value":"//*[@id=\"backBtn\"]"}
RESULT: {"using":"xpath","value":"//*[@id=\"backBtn\"]"}
COMMAND: POST /session/bc43a641d06c6411fa8b79fe3bbb44bb/elements - {"using":"xpath","value":"//*[@id=\"backBtn\"]"}
RESULT: {"using":"xpath","value":"//*[@id=\"backBtn\"]"}
COMMAND: POST /session/bc43a641d06c6411fa8b79fe3bbb44bb/elements - {"using":"xpath","value":"//*[@id=\"backBtn\"]"}
RESULT: {"using":"xpath","value":"//*[@id=\"backBtn\"]"}
COMMAND: POST /session/bc43a641d06c6411fa8b79fe3bbb44bb/elements - {"using":"xpath","value":"//*[@id=\"backBtn\"]"}
RESULT: {"using":"xpath","value":"//*[@id=\"backBtn\"]"}
]]></system-out>
    </testcase>
    <testcase classname="chrome.136_0_7103_93.windows.Sanity_Tests_US104253" name="Should open Manage Conditions Prices page" time="43.986">
      <system-out><![CDATA[
COMMAND: POST /session/bc43a641d06c6411fa8b79fe3bbb44bb/execute/async - {"script":"<script> [1562 bytes]","args":[{"selector":{"controlType":"sap.m.GenericTile","properties":{"header":"Manage Conditions & Prices"}},"wdio_ui5_key":"sapm.GenericTile{\"header\":\"Manage Conditions & Prices\"}"}]}
COMMAND: POST /session/bc43a641d06c6411fa8b79fe3bbb44bb/elements - {"using":"xpath","value":"//*[@id=\"backBtn\"]"}
RESULT: {"script":"<script> [1562 bytes]","args":[{"selector":{"controlType":"sap.m.GenericTile","properties":{"header":"Manage Conditions & Prices"}},"wdio_ui5_key":"sapm.GenericTile{\"header\":\"Manage Conditions & Prices\"}"}]}
RESULT: undefined
COMMAND: POST /session/bc43a641d06c6411fa8b79fe3bbb44bb/element - {"using":"xpath","value":"//*[@id=\"__tile53\"]"}
RESULT: {"using":"xpath","value":"//*[@id=\"backBtn\"]"}
RESULT: {"using":"xpath","value":"//*[@id=\"__tile53\"]"}
COMMAND: POST /session/bc43a641d06c6411fa8b79fe3bbb44bb/element/f.5B2BCDE3632C5B3813A5BAB112425688.d.19C97C949ECF12EEE4B08CBEC9FB35E7.e.2493/click - {}
RESULT: {}
COMMAND: GET /session/bc43a641d06c6411fa8b79fe3bbb44bb/screenshot - {}
RESULT: {}
COMMAND: POST /session/bc43a641d06c6411fa8b79fe3bbb44bb/elements - {"using":"xpath","value":"//*[@id=\"backBtn\"]"}
RESULT: {"using":"xpath","value":"//*[@id=\"backBtn\"]"}
COMMAND: POST /session/bc43a641d06c6411fa8b79fe3bbb44bb/elements - {"using":"xpath","value":"//*[@id=\"backBtn\"]"}
RESULT: {"using":"xpath","value":"//*[@id=\"backBtn\"]"}
COMMAND: POST /session/bc43a641d06c6411fa8b79fe3bbb44bb/elements - {"using":"xpath","value":"//*[@id=\"backBtn\"]"}
RESULT: {"using":"xpath","value":"//*[@id=\"backBtn\"]"}
COMMAND: POST /session/bc43a641d06c6411fa8b79fe3bbb44bb/elements - {"using":"xpath","value":"//*[@id=\"backBtn\"]"}
RESULT: {"using":"xpath","value":"//*[@id=\"backBtn\"]"}
COMMAND: POST /session/bc43a641d06c6411fa8b79fe3bbb44bb/element - {"using":"xpath","value":"//*[@id=\"backBtn\"]"}
RESULT: {"using":"xpath","value":"//*[@id=\"backBtn\"]"}
COMMAND: POST /session/bc43a641d06c6411fa8b79fe3bbb44bb/element/f.5B2BCDE3632C5B3813A5BAB112425688.d.19C97C949ECF12EEE4B08CBEC9FB35E7.e.2258/click - {}
COMMAND: POST /session/bc43a641d06c6411fa8b79fe3bbb44bb/element - {"using":"xpath","value":"//*[@id=\"backBtn\"]"}
RESULT: {"using":"xpath","value":"//*[@id=\"backBtn\"]"}
COMMAND: POST /session/bc43a641d06c6411fa8b79fe3bbb44bb/element/f.5B2BCDE3632C5B3813A5BAB112425688.d.19C97C949ECF12EEE4B08CBEC9FB35E7.e.2497/click - {}
RESULT: {}
COMMAND: GET /session/bc43a641d06c6411fa8b79fe3bbb44bb/screenshot - {}
RESULT: {}
COMMAND: POST /session/bc43a641d06c6411fa8b79fe3bbb44bb/elements - {"using":"xpath","value":"//span[text()='Error']"}
RESULT: {"using":"xpath","value":"//span[text()='Error']"}
RESULT: undefined
COMMAND: POST /session/bc43a641d06c6411fa8b79fe3bbb44bb/element - {"using":"xpath","value":"//*[@id=\"__tile53\"]"}
RESULT: {"using":"xpath","value":"//*[@id=\"__tile53\"]"}
COMMAND: POST /session/bc43a641d06c6411fa8b79fe3bbb44bb/element/f.5B2BCDE3632C5B3813A5BAB112425688.d.19C97C949ECF12EEE4B08CBEC9FB35E7.e.2493/click - {}
RESULT: {}
RESULT: undefined
COMMAND: POST /session/bc43a641d06c6411fa8b79fe3bbb44bb/element - {"using":"xpath","value":"//*[@id=\"__tile53\"]"}
COMMAND: GET /session/bc43a641d06c6411fa8b79fe3bbb44bb/screenshot - {}
RESULT: {"using":"xpath","value":"//*[@id=\"__tile53\"]"}
COMMAND: POST /session/bc43a641d06c6411fa8b79fe3bbb44bb/element/f.5B2BCDE3632C5B3813A5BAB112425688.d.19C97C949ECF12EEE4B08CBEC9FB35E7.e.2493/click - {}
RESULT: {}
RESULT: undefined
COMMAND: POST /session/bc43a641d06c6411fa8b79fe3bbb44bb/execute/async - {"script":"<script> [6424 bytes]","args":[{"element-6066-11e4-a52e-4f735466cecf":"f.5B2BCDE3632C5B3813A5BAB112425688.d.19C97C949ECF12EEE4B08CBEC9FB35E7.e.288"},"getTitle",[]]}
COMMAND: POST /session/bc43a641d06c6411fa8b79fe3bbb44bb/execute/async - {"script":"<script> [1562 bytes]","args":[{"selector":{"id":"shellAppTitle"},"wdio_ui5_key":"shellAppTitle"}]}
RESULT: {"script":"<script> [1562 bytes]","args":[{"selector":{"id":"shellAppTitle"},"wdio_ui5_key":"shellAppTitle"}]}
COMMAND: POST /session/bc43a641d06c6411fa8b79fe3bbb44bb/execute/async - {"script":"<script> [6424 bytes]","args":[{"element-6066-11e4-a52e-4f735466cecf":"f.5B2BCDE3632C5B3813A5BAB112425688.d.19C97C949ECF12EEE4B08CBEC9FB35E7.e.2692"},"getTitle",[]]}
RESULT: {"script":"<script> [6424 bytes]","args":[{"element-6066-11e4-a52e-4f735466cecf":"f.5B2BCDE3632C5B3813A5BAB112425688.d.19C97C949ECF12EEE4B08CBEC9FB35E7.e.2692"},"getTitle",[]]}
RESULT: undefined
COMMAND: POST /session/bc43a641d06c6411fa8b79fe3bbb44bb/element/f.5B2BCDE3632C5B3813A5BAB112425688.d.19C97C949ECF12EEE4B08CBEC9FB35E7.e.2497/click - {}
RESULT: {}
COMMAND: GET /session/bc43a641d06c6411fa8b79fe3bbb44bb/screenshot - {}
RESULT: {}
]]></system-out>
    </testcase>
    <testcase classname="chrome.136_0_7103_93.windows.Sanity_Tests_US104253" name="Should open Billing Transfer page" time="35.988">
      <system-out><![CDATA[
COMMAND: POST /session/bc43a641d06c6411fa8b79fe3bbb44bb/execute/async - {"script":"<script> [1562 bytes]","args":[{"selector":{"controlType":"sap.m.GenericTile","properties":{"header":"Billing Transfer"}},"wdio_ui5_key":"sapm.GenericTile{\"header\":\"Billing Transfer\"}"}]}
RESULT: {"script":"<script> [1562 bytes]","args":[{"selector":{"controlType":"sap.m.GenericTile","properties":{"header":"Billing Transfer"}},"wdio_ui5_key":"sapm.GenericTile{\"header\":\"Billing Transfer\"}"}]}
RESULT: undefined
COMMAND: POST /session/bc43a641d06c6411fa8b79fe3bbb44bb/element - {"using":"xpath","value":"//*[@id=\"__tile50\"]"}
RESULT: {"using":"xpath","value":"//*[@id=\"__tile50\"]"}
COMMAND: POST /session/bc43a641d06c6411fa8b79fe3bbb44bb/element/f.5B2BCDE3632C5B3813A5BAB112425688.d.19C97C949ECF12EEE4B08CBEC9FB35E7.e.2694/click - {}
RESULT: {}
COMMAND: GET /session/bc43a641d06c6411fa8b79fe3bbb44bb/screenshot - {}
RESULT: {}
COMMAND: POST /session/bc43a641d06c6411fa8b79fe3bbb44bb/elements - {"using":"xpath","value":"//span[text()='Error']"}
RESULT: {"using":"xpath","value":"//span[text()='Error']"}
RESULT: undefined
COMMAND: POST /session/bc43a641d06c6411fa8b79fe3bbb44bb/element - {"using":"xpath","value":"//*[@id=\"__tile50\"]"}
RESULT: {"using":"xpath","value":"//*[@id=\"__tile50\"]"}
COMMAND: POST /session/bc43a641d06c6411fa8b79fe3bbb44bb/element/f.5B2BCDE3632C5B3813A5BAB112425688.d.19C97C949ECF12EEE4B08CBEC9FB35E7.e.2694/click - {}
RESULT: undefined
COMMAND: POST /session/bc43a641d06c6411fa8b79fe3bbb44bb/element - {"using":"xpath","value":"//*[@id=\"__tile50\"]"}
RESULT: {"using":"xpath","value":"//*[@id=\"__tile50\"]"}
COMMAND: POST /session/bc43a641d06c6411fa8b79fe3bbb44bb/element/f.5B2BCDE3632C5B3813A5BAB112425688.d.19C97C949ECF12EEE4B08CBEC9FB35E7.e.2694/click - {}
RESULT: undefined
COMMAND: POST /session/bc43a641d06c6411fa8b79fe3bbb44bb/execute/async - {"script":"<script> [6424 bytes]","args":[{"element-6066-11e4-a52e-4f735466cecf":"f.5B2BCDE3632C5B3813A5BAB112425688.d.19C97C949ECF12EEE4B08CBEC9FB35E7.e.288"},"getTitle",[]]}
COMMAND: POST /session/bc43a641d06c6411fa8b79fe3bbb44bb/execute/async - {"script":"<script> [1562 bytes]","args":[{"selector":{"id":"shellAppTitle"},"wdio_ui5_key":"shellAppTitle"}]}
RESULT: {"script":"<script> [1562 bytes]","args":[{"selector":{"id":"shellAppTitle"},"wdio_ui5_key":"shellAppTitle"}]}
COMMAND: POST /session/bc43a641d06c6411fa8b79fe3bbb44bb/execute/async - {"script":"<script> [6424 bytes]","args":[{"element-6066-11e4-a52e-4f735466cecf":"f.5B2BCDE3632C5B3813A5BAB112425688.d.19C97C949ECF12EEE4B08CBEC9FB35E7.e.2832"},"getTitle",[]]}
RESULT: {"script":"<script> [6424 bytes]","args":[{"element-6066-11e4-a52e-4f735466cecf":"f.5B2BCDE3632C5B3813A5BAB112425688.d.19C97C949ECF12EEE4B08CBEC9FB35E7.e.2832"},"getTitle",[]]}
RESULT: undefined
COMMAND: POST /session/bc43a641d06c6411fa8b79fe3bbb44bb/element/f.5B2BCDE3632C5B3813A5BAB112425688.d.19C97C949ECF12EEE4B08CBEC9FB35E7.e.2497/click - {}
COMMAND: POST /session/bc43a641d06c6411fa8b79fe3bbb44bb/element - {"using":"xpath","value":"//*[@id=\"backBtn\"]"}
RESULT: {"using":"xpath","value":"//*[@id=\"backBtn\"]"}
COMMAND: POST /session/bc43a641d06c6411fa8b79fe3bbb44bb/element/f.5B2BCDE3632C5B3813A5BAB112425688.d.19C97C949ECF12EEE4B08CBEC9FB35E7.e.2497/click - {}
COMMAND: POST /session/bc43a641d06c6411fa8b79fe3bbb44bb/element - {"using":"xpath","value":"//*[@id=\"backBtn\"]"}
RESULT: {"using":"xpath","value":"//*[@id=\"backBtn\"]"}
COMMAND: POST /session/bc43a641d06c6411fa8b79fe3bbb44bb/element/f.5B2BCDE3632C5B3813A5BAB112425688.d.19C97C949ECF12EEE4B08CBEC9FB35E7.e.2833/click - {}
RESULT: {}
COMMAND: GET /session/bc43a641d06c6411fa8b79fe3bbb44bb/screenshot - {}
RESULT: {}
]]></system-out>
    </testcase>
    <testcase classname="chrome.136_0_7103_93.windows.Sanity_Tests_US104253" name="Should open Manage Pricing Rules page" time="35.825">
      <system-out><![CDATA[
COMMAND: POST /session/bc43a641d06c6411fa8b79fe3bbb44bb/execute/async - {"script":"<script> [1562 bytes]","args":[{"selector":{"controlType":"sap.m.GenericTile","properties":{"header":"Manage Pricing Rules"}},"wdio_ui5_key":"sapm.GenericTile{\"header\":\"Manage Pricing Rules\"}"}]}
RESULT: {"script":"<script> [1562 bytes]","args":[{"selector":{"controlType":"sap.m.GenericTile","properties":{"header":"Manage Pricing Rules"}},"wdio_ui5_key":"sapm.GenericTile{\"header\":\"Manage Pricing Rules\"}"}]}
RESULT: undefined
COMMAND: POST /session/bc43a641d06c6411fa8b79fe3bbb44bb/element - {"using":"xpath","value":"//*[@id=\"__tile55\"]"}
RESULT: {"using":"xpath","value":"//*[@id=\"__tile55\"]"}
COMMAND: POST /session/bc43a641d06c6411fa8b79fe3bbb44bb/element/f.5B2BCDE3632C5B3813A5BAB112425688.d.19C97C949ECF12EEE4B08CBEC9FB35E7.e.2835/click - {}
RESULT: {}
COMMAND: GET /session/bc43a641d06c6411fa8b79fe3bbb44bb/screenshot - {}
RESULT: {}
COMMAND: POST /session/bc43a641d06c6411fa8b79fe3bbb44bb/elements - {"using":"xpath","value":"//span[text()='Error']"}
RESULT: {"using":"xpath","value":"//span[text()='Error']"}
RESULT: undefined
COMMAND: POST /session/bc43a641d06c6411fa8b79fe3bbb44bb/element - {"using":"xpath","value":"//*[@id=\"__tile55\"]"}
RESULT: {"using":"xpath","value":"//*[@id=\"__tile55\"]"}
COMMAND: POST /session/bc43a641d06c6411fa8b79fe3bbb44bb/element/f.5B2BCDE3632C5B3813A5BAB112425688.d.19C97C949ECF12EEE4B08CBEC9FB35E7.e.2835/click - {}
RESULT: undefined
COMMAND: POST /session/bc43a641d06c6411fa8b79fe3bbb44bb/element - {"using":"xpath","value":"//*[@id=\"__tile55\"]"}
RESULT: {"using":"xpath","value":"//*[@id=\"__tile55\"]"}
COMMAND: POST /session/bc43a641d06c6411fa8b79fe3bbb44bb/element/f.5B2BCDE3632C5B3813A5BAB112425688.d.19C97C949ECF12EEE4B08CBEC9FB35E7.e.2835/click - {}
RESULT: undefined
COMMAND: POST /session/bc43a641d06c6411fa8b79fe3bbb44bb/execute/async - {"script":"<script> [6424 bytes]","args":[{"element-6066-11e4-a52e-4f735466cecf":"f.5B2BCDE3632C5B3813A5BAB112425688.d.19C97C949ECF12EEE4B08CBEC9FB35E7.e.288"},"getTitle",[]]}
COMMAND: POST /session/bc43a641d06c6411fa8b79fe3bbb44bb/execute/async - {"script":"<script> [1562 bytes]","args":[{"selector":{"id":"shellAppTitle"},"wdio_ui5_key":"shellAppTitle"}]}
RESULT: {"script":"<script> [1562 bytes]","args":[{"selector":{"id":"shellAppTitle"},"wdio_ui5_key":"shellAppTitle"}]}
COMMAND: POST /session/bc43a641d06c6411fa8b79fe3bbb44bb/execute/async - {"script":"<script> [6424 bytes]","args":[{"element-6066-11e4-a52e-4f735466cecf":"f.5B2BCDE3632C5B3813A5BAB112425688.d.19C97C949ECF12EEE4B08CBEC9FB35E7.e.2884"},"getTitle",[]]}
RESULT: {"script":"<script> [6424 bytes]","args":[{"element-6066-11e4-a52e-4f735466cecf":"f.5B2BCDE3632C5B3813A5BAB112425688.d.19C97C949ECF12EEE4B08CBEC9FB35E7.e.2884"},"getTitle",[]]}
RESULT: undefined
COMMAND: POST /session/bc43a641d06c6411fa8b79fe3bbb44bb/element/f.5B2BCDE3632C5B3813A5BAB112425688.d.19C97C949ECF12EEE4B08CBEC9FB35E7.e.2833/click - {}
RESULT: {}
COMMAND: GET /session/bc43a641d06c6411fa8b79fe3bbb44bb/screenshot - {}
RESULT: {}
]]></system-out>
    </testcase>
    <testcase classname="chrome.136_0_7103_93.windows.Sanity_Tests_US104253" name="Should open Manage Price Determination Matrices page" time="35.909">
      <system-out><![CDATA[
COMMAND: POST /session/bc43a641d06c6411fa8b79fe3bbb44bb/execute/async - {"script":"<script> [1562 bytes]","args":[{"selector":{"controlType":"sap.m.GenericTile","properties":{"header":"Manage Price Determination Matrices"}},"wdio_ui5_key":"sapm.GenericTile{\"header\":\"Manage Price Determination Matrices\"}"}]}
RESULT: {"script":"<script> [1562 bytes]","args":[{"selector":{"controlType":"sap.m.GenericTile","properties":{"header":"Manage Price Determination Matrices"}},"wdio_ui5_key":"sapm.GenericTile{\"header\":\"Manage Price Determination Matrices\"}"}]}
RESULT: undefined
COMMAND: POST /session/bc43a641d06c6411fa8b79fe3bbb44bb/element - {"using":"xpath","value":"//*[@id=\"__tile54\"]"}
RESULT: {"using":"xpath","value":"//*[@id=\"__tile54\"]"}
COMMAND: POST /session/bc43a641d06c6411fa8b79fe3bbb44bb/element/f.5B2BCDE3632C5B3813A5BAB112425688.d.19C97C949ECF12EEE4B08CBEC9FB35E7.e.2886/click - {}
RESULT: {}
COMMAND: GET /session/bc43a641d06c6411fa8b79fe3bbb44bb/screenshot - {}
RESULT: {}
COMMAND: POST /session/bc43a641d06c6411fa8b79fe3bbb44bb/elements - {"using":"xpath","value":"//span[text()='Error']"}
RESULT: {"using":"xpath","value":"//span[text()='Error']"}
RESULT: undefined
COMMAND: POST /session/bc43a641d06c6411fa8b79fe3bbb44bb/element - {"using":"xpath","value":"//*[@id=\"__tile54\"]"}
RESULT: {"using":"xpath","value":"//*[@id=\"__tile54\"]"}
COMMAND: POST /session/bc43a641d06c6411fa8b79fe3bbb44bb/element/f.5B2BCDE3632C5B3813A5BAB112425688.d.19C97C949ECF12EEE4B08CBEC9FB35E7.e.2886/click - {}
RESULT: undefined
COMMAND: POST /session/bc43a641d06c6411fa8b79fe3bbb44bb/element - {"using":"xpath","value":"//*[@id=\"__tile54\"]"}
RESULT: {"using":"xpath","value":"//*[@id=\"__tile54\"]"}
COMMAND: POST /session/bc43a641d06c6411fa8b79fe3bbb44bb/element/f.5B2BCDE3632C5B3813A5BAB112425688.d.19C97C949ECF12EEE4B08CBEC9FB35E7.e.2886/click - {}
RESULT: undefined
COMMAND: POST /session/bc43a641d06c6411fa8b79fe3bbb44bb/execute/async - {"script":"<script> [6424 bytes]","args":[{"element-6066-11e4-a52e-4f735466cecf":"f.5B2BCDE3632C5B3813A5BAB112425688.d.19C97C949ECF12EEE4B08CBEC9FB35E7.e.288"},"getTitle",[]]}
COMMAND: POST /session/bc43a641d06c6411fa8b79fe3bbb44bb/execute/async - {"script":"<script> [1562 bytes]","args":[{"selector":{"id":"shellAppTitle"},"wdio_ui5_key":"shellAppTitle"}]}
RESULT: {"script":"<script> [1562 bytes]","args":[{"selector":{"id":"shellAppTitle"},"wdio_ui5_key":"shellAppTitle"}]}
COMMAND: POST /session/bc43a641d06c6411fa8b79fe3bbb44bb/execute/async - {"script":"<script> [6424 bytes]","args":[{"element-6066-11e4-a52e-4f735466cecf":"f.5B2BCDE3632C5B3813A5BAB112425688.d.19C97C949ECF12EEE4B08CBEC9FB35E7.e.2966"},"getTitle",[]]}
RESULT: {"script":"<script> [6424 bytes]","args":[{"element-6066-11e4-a52e-4f735466cecf":"f.5B2BCDE3632C5B3813A5BAB112425688.d.19C97C949ECF12EEE4B08CBEC9FB35E7.e.2966"},"getTitle",[]]}
RESULT: undefined
COMMAND: POST /session/bc43a641d06c6411fa8b79fe3bbb44bb/element/f.5B2BCDE3632C5B3813A5BAB112425688.d.19C97C949ECF12EEE4B08CBEC9FB35E7.e.2833/click - {}
COMMAND: POST /session/bc43a641d06c6411fa8b79fe3bbb44bb/element - {"using":"xpath","value":"//*[@id=\"backBtn\"]"}
RESULT: {"using":"xpath","value":"//*[@id=\"backBtn\"]"}
COMMAND: POST /session/bc43a641d06c6411fa8b79fe3bbb44bb/element/f.5B2BCDE3632C5B3813A5BAB112425688.d.19C97C949ECF12EEE4B08CBEC9FB35E7.e.2833/click - {}
COMMAND: POST /session/bc43a641d06c6411fa8b79fe3bbb44bb/element - {"using":"xpath","value":"//*[@id=\"backBtn\"]"}
RESULT: {"using":"xpath","value":"//*[@id=\"backBtn\"]"}
COMMAND: POST /session/bc43a641d06c6411fa8b79fe3bbb44bb/element/f.5B2BCDE3632C5B3813A5BAB112425688.d.19C97C949ECF12EEE4B08CBEC9FB35E7.e.2967/click - {}
RESULT: {}
COMMAND: GET /session/bc43a641d06c6411fa8b79fe3bbb44bb/screenshot - {}
RESULT: {}
]]></system-out>
    </testcase>
    <testcase classname="chrome.136_0_7103_93.windows.Sanity_Tests_US104253" name="Should open Yard Overview page" time="35.945">
      <system-out><![CDATA[
COMMAND: POST /session/bc43a641d06c6411fa8b79fe3bbb44bb/execute/async - {"script":"<script> [1562 bytes]","args":[{"selector":{"controlType":"sap.m.GenericTile","properties":{"header":"Yard Overview"}},"wdio_ui5_key":"sapm.GenericTile{\"header\":\"Yard Overview\"}"}]}
RESULT: {"script":"<script> [1562 bytes]","args":[{"selector":{"controlType":"sap.m.GenericTile","properties":{"header":"Yard Overview"}},"wdio_ui5_key":"sapm.GenericTile{\"header\":\"Yard Overview\"}"}]}
RESULT: undefined
COMMAND: POST /session/bc43a641d06c6411fa8b79fe3bbb44bb/element - {"using":"xpath","value":"//*[@id=\"__tile102\"]"}
RESULT: {"using":"xpath","value":"//*[@id=\"__tile102\"]"}
COMMAND: POST /session/bc43a641d06c6411fa8b79fe3bbb44bb/element/f.5B2BCDE3632C5B3813A5BAB112425688.d.19C97C949ECF12EEE4B08CBEC9FB35E7.e.2969/click - {}
RESULT: {}
COMMAND: GET /session/bc43a641d06c6411fa8b79fe3bbb44bb/screenshot - {}
RESULT: {}
COMMAND: POST /session/bc43a641d06c6411fa8b79fe3bbb44bb/elements - {"using":"xpath","value":"//span[text()='Error']"}
RESULT: {"using":"xpath","value":"//span[text()='Error']"}
RESULT: undefined
COMMAND: POST /session/bc43a641d06c6411fa8b79fe3bbb44bb/element - {"using":"xpath","value":"//*[@id=\"__tile102\"]"}
RESULT: {"using":"xpath","value":"//*[@id=\"__tile102\"]"}
COMMAND: POST /session/bc43a641d06c6411fa8b79fe3bbb44bb/element/f.5B2BCDE3632C5B3813A5BAB112425688.d.19C97C949ECF12EEE4B08CBEC9FB35E7.e.2969/click - {}
RESULT: undefined
COMMAND: POST /session/bc43a641d06c6411fa8b79fe3bbb44bb/element - {"using":"xpath","value":"//*[@id=\"__tile102\"]"}
RESULT: {"using":"xpath","value":"//*[@id=\"__tile102\"]"}
COMMAND: POST /session/bc43a641d06c6411fa8b79fe3bbb44bb/element/f.5B2BCDE3632C5B3813A5BAB112425688.d.19C97C949ECF12EEE4B08CBEC9FB35E7.e.2969/click - {}
RESULT: undefined
COMMAND: POST /session/bc43a641d06c6411fa8b79fe3bbb44bb/execute/async - {"script":"<script> [6424 bytes]","args":[{"element-6066-11e4-a52e-4f735466cecf":"f.5B2BCDE3632C5B3813A5BAB112425688.d.19C97C949ECF12EEE4B08CBEC9FB35E7.e.288"},"getTitle",[]]}
COMMAND: POST /session/bc43a641d06c6411fa8b79fe3bbb44bb/execute/async - {"script":"<script> [1562 bytes]","args":[{"selector":{"id":"shellAppTitle"},"wdio_ui5_key":"shellAppTitle"}]}
RESULT: {"script":"<script> [1562 bytes]","args":[{"selector":{"id":"shellAppTitle"},"wdio_ui5_key":"shellAppTitle"}]}
COMMAND: POST /session/bc43a641d06c6411fa8b79fe3bbb44bb/execute/async - {"script":"<script> [6424 bytes]","args":[{"element-6066-11e4-a52e-4f735466cecf":"f.5B2BCDE3632C5B3813A5BAB112425688.d.19C97C949ECF12EEE4B08CBEC9FB35E7.e.3031"},"getTitle",[]]}
RESULT: {"script":"<script> [6424 bytes]","args":[{"element-6066-11e4-a52e-4f735466cecf":"f.5B2BCDE3632C5B3813A5BAB112425688.d.19C97C949ECF12EEE4B08CBEC9FB35E7.e.3031"},"getTitle",[]]}
RESULT: undefined
COMMAND: POST /session/bc43a641d06c6411fa8b79fe3bbb44bb/element/f.5B2BCDE3632C5B3813A5BAB112425688.d.19C97C949ECF12EEE4B08CBEC9FB35E7.e.2967/click - {}
RESULT: {}
COMMAND: GET /session/bc43a641d06c6411fa8b79fe3bbb44bb/screenshot - {}
RESULT: {}
]]></system-out>
    </testcase>
    <testcase classname="chrome.136_0_7103_93.windows.Sanity_Tests_US104253" name="Should open Site Overview page" time="36.092">
      <system-out><![CDATA[
COMMAND: POST /session/bc43a641d06c6411fa8b79fe3bbb44bb/execute/async - {"script":"<script> [1562 bytes]","args":[{"selector":{"controlType":"sap.m.GenericTile","properties":{"header":"Site Overview"}},"wdio_ui5_key":"sapm.GenericTile{\"header\":\"Site Overview\"}"}]}
RESULT: {"script":"<script> [1562 bytes]","args":[{"selector":{"controlType":"sap.m.GenericTile","properties":{"header":"Site Overview"}},"wdio_ui5_key":"sapm.GenericTile{\"header\":\"Site Overview\"}"}]}
RESULT: undefined
COMMAND: POST /session/bc43a641d06c6411fa8b79fe3bbb44bb/element - {"using":"xpath","value":"//*[@id=\"__tile100\"]"}
RESULT: {"using":"xpath","value":"//*[@id=\"__tile100\"]"}
COMMAND: POST /session/bc43a641d06c6411fa8b79fe3bbb44bb/element/f.5B2BCDE3632C5B3813A5BAB112425688.d.19C97C949ECF12EEE4B08CBEC9FB35E7.e.3034/click - {}
RESULT: {}
COMMAND: GET /session/bc43a641d06c6411fa8b79fe3bbb44bb/screenshot - {}
RESULT: {}
COMMAND: POST /session/bc43a641d06c6411fa8b79fe3bbb44bb/elements - {"using":"xpath","value":"//span[text()='Error']"}
RESULT: {"using":"xpath","value":"//span[text()='Error']"}
RESULT: undefined
COMMAND: POST /session/bc43a641d06c6411fa8b79fe3bbb44bb/element - {"using":"xpath","value":"//*[@id=\"__tile100\"]"}
RESULT: {"using":"xpath","value":"//*[@id=\"__tile100\"]"}
COMMAND: POST /session/bc43a641d06c6411fa8b79fe3bbb44bb/element/f.5B2BCDE3632C5B3813A5BAB112425688.d.19C97C949ECF12EEE4B08CBEC9FB35E7.e.3034/click - {}
RESULT: undefined
COMMAND: POST /session/bc43a641d06c6411fa8b79fe3bbb44bb/element - {"using":"xpath","value":"//*[@id=\"__tile100\"]"}
RESULT: {"using":"xpath","value":"//*[@id=\"__tile100\"]"}
COMMAND: POST /session/bc43a641d06c6411fa8b79fe3bbb44bb/element/f.5B2BCDE3632C5B3813A5BAB112425688.d.19C97C949ECF12EEE4B08CBEC9FB35E7.e.3034/click - {}
RESULT: undefined
COMMAND: POST /session/bc43a641d06c6411fa8b79fe3bbb44bb/execute/async - {"script":"<script> [6424 bytes]","args":[{"element-6066-11e4-a52e-4f735466cecf":"f.5B2BCDE3632C5B3813A5BAB112425688.d.19C97C949ECF12EEE4B08CBEC9FB35E7.e.288"},"getTitle",[]]}
COMMAND: POST /session/bc43a641d06c6411fa8b79fe3bbb44bb/execute/async - {"script":"<script> [1562 bytes]","args":[{"selector":{"id":"shellAppTitle"},"wdio_ui5_key":"shellAppTitle"}]}
RESULT: {"script":"<script> [1562 bytes]","args":[{"selector":{"id":"shellAppTitle"},"wdio_ui5_key":"shellAppTitle"}]}
COMMAND: POST /session/bc43a641d06c6411fa8b79fe3bbb44bb/execute/async - {"script":"<script> [6424 bytes]","args":[{"element-6066-11e4-a52e-4f735466cecf":"f.5B2BCDE3632C5B3813A5BAB112425688.d.19C97C949ECF12EEE4B08CBEC9FB35E7.e.3288"},"getTitle",[]]}
RESULT: {"script":"<script> [6424 bytes]","args":[{"element-6066-11e4-a52e-4f735466cecf":"f.5B2BCDE3632C5B3813A5BAB112425688.d.19C97C949ECF12EEE4B08CBEC9FB35E7.e.3288"},"getTitle",[]]}
RESULT: undefined
COMMAND: POST /session/bc43a641d06c6411fa8b79fe3bbb44bb/element/f.5B2BCDE3632C5B3813A5BAB112425688.d.19C97C949ECF12EEE4B08CBEC9FB35E7.e.2967/click - {}
COMMAND: POST /session/bc43a641d06c6411fa8b79fe3bbb44bb/element - {"using":"xpath","value":"//*[@id=\"backBtn\"]"}
RESULT: {"using":"xpath","value":"//*[@id=\"backBtn\"]"}
COMMAND: POST /session/bc43a641d06c6411fa8b79fe3bbb44bb/element/f.5B2BCDE3632C5B3813A5BAB112425688.d.19C97C949ECF12EEE4B08CBEC9FB35E7.e.2967/click - {}
COMMAND: POST /session/bc43a641d06c6411fa8b79fe3bbb44bb/element - {"using":"xpath","value":"//*[@id=\"backBtn\"]"}
RESULT: {"using":"xpath","value":"//*[@id=\"backBtn\"]"}
COMMAND: POST /session/bc43a641d06c6411fa8b79fe3bbb44bb/element/f.5B2BCDE3632C5B3813A5BAB112425688.d.19C97C949ECF12EEE4B08CBEC9FB35E7.e.3289/click - {}
RESULT: {}
COMMAND: GET /session/bc43a641d06c6411fa8b79fe3bbb44bb/screenshot - {}
RESULT: {}
]]></system-out>
    </testcase>
    <testcase classname="chrome.136_0_7103_93.windows.Sanity_Tests_US104253" name="Should open Trace Track Resources page" time="36.068">
      <system-out><![CDATA[
COMMAND: POST /session/bc43a641d06c6411fa8b79fe3bbb44bb/execute/async - {"script":"<script> [1562 bytes]","args":[{"selector":{"controlType":"sap.m.GenericTile","properties":{"header":"Trace & Track Resources"}},"wdio_ui5_key":"sapm.GenericTile{\"header\":\"Trace & Track Resources\"}"}]}
RESULT: {"script":"<script> [1562 bytes]","args":[{"selector":{"controlType":"sap.m.GenericTile","properties":{"header":"Trace & Track Resources"}},"wdio_ui5_key":"sapm.GenericTile{\"header\":\"Trace & Track Resources\"}"}]}
RESULT: undefined
COMMAND: POST /session/bc43a641d06c6411fa8b79fe3bbb44bb/element - {"using":"xpath","value":"//*[@id=\"__tile101\"]"}
RESULT: {"using":"xpath","value":"//*[@id=\"__tile101\"]"}
COMMAND: POST /session/bc43a641d06c6411fa8b79fe3bbb44bb/element/f.5B2BCDE3632C5B3813A5BAB112425688.d.19C97C949ECF12EEE4B08CBEC9FB35E7.e.3292/click - {}
RESULT: {}
COMMAND: GET /session/bc43a641d06c6411fa8b79fe3bbb44bb/screenshot - {}
RESULT: {}
COMMAND: POST /session/bc43a641d06c6411fa8b79fe3bbb44bb/elements - {"using":"xpath","value":"//span[text()='Error']"}
RESULT: {"using":"xpath","value":"//span[text()='Error']"}
RESULT: undefined
COMMAND: POST /session/bc43a641d06c6411fa8b79fe3bbb44bb/element - {"using":"xpath","value":"//*[@id=\"__tile101\"]"}
RESULT: {"using":"xpath","value":"//*[@id=\"__tile101\"]"}
COMMAND: POST /session/bc43a641d06c6411fa8b79fe3bbb44bb/element/f.5B2BCDE3632C5B3813A5BAB112425688.d.19C97C949ECF12EEE4B08CBEC9FB35E7.e.3292/click - {}
RESULT: undefined
COMMAND: POST /session/bc43a641d06c6411fa8b79fe3bbb44bb/element - {"using":"xpath","value":"//*[@id=\"__tile101\"]"}
RESULT: {"using":"xpath","value":"//*[@id=\"__tile101\"]"}
COMMAND: POST /session/bc43a641d06c6411fa8b79fe3bbb44bb/element/f.5B2BCDE3632C5B3813A5BAB112425688.d.19C97C949ECF12EEE4B08CBEC9FB35E7.e.3292/click - {}
RESULT: undefined
COMMAND: POST /session/bc43a641d06c6411fa8b79fe3bbb44bb/execute/async - {"script":"<script> [6424 bytes]","args":[{"element-6066-11e4-a52e-4f735466cecf":"f.5B2BCDE3632C5B3813A5BAB112425688.d.19C97C949ECF12EEE4B08CBEC9FB35E7.e.288"},"getTitle",[]]}
COMMAND: POST /session/bc43a641d06c6411fa8b79fe3bbb44bb/execute/async - {"script":"<script> [1562 bytes]","args":[{"selector":{"id":"shellAppTitle"},"wdio_ui5_key":"shellAppTitle"}]}
RESULT: {"script":"<script> [1562 bytes]","args":[{"selector":{"id":"shellAppTitle"},"wdio_ui5_key":"shellAppTitle"}]}
COMMAND: POST /session/bc43a641d06c6411fa8b79fe3bbb44bb/execute/async - {"script":"<script> [6424 bytes]","args":[{"element-6066-11e4-a52e-4f735466cecf":"f.5B2BCDE3632C5B3813A5BAB112425688.d.19C97C949ECF12EEE4B08CBEC9FB35E7.e.3325"},"getTitle",[]]}
RESULT: {"script":"<script> [6424 bytes]","args":[{"element-6066-11e4-a52e-4f735466cecf":"f.5B2BCDE3632C5B3813A5BAB112425688.d.19C97C949ECF12EEE4B08CBEC9FB35E7.e.3325"},"getTitle",[]]}
RESULT: undefined
COMMAND: POST /session/bc43a641d06c6411fa8b79fe3bbb44bb/element/f.5B2BCDE3632C5B3813A5BAB112425688.d.19C97C949ECF12EEE4B08CBEC9FB35E7.e.3289/click - {}
RESULT: {}
COMMAND: GET /session/bc43a641d06c6411fa8b79fe3bbb44bb/screenshot - {}
RESULT: {}
]]></system-out>
    </testcase>
    <testcase classname="chrome.136_0_7103_93.windows.Sanity_Tests_US104253" name="Should open RU Inventory List page" time="36.008">
      <system-out><![CDATA[
COMMAND: POST /session/bc43a641d06c6411fa8b79fe3bbb44bb/execute/async - {"script":"<script> [1562 bytes]","args":[{"selector":{"controlType":"sap.m.GenericTile","properties":{"header":"RU Inventory List"}},"wdio_ui5_key":"sapm.GenericTile{\"header\":\"RU Inventory List\"}"}]}
RESULT: {"script":"<script> [1562 bytes]","args":[{"selector":{"controlType":"sap.m.GenericTile","properties":{"header":"RU Inventory List"}},"wdio_ui5_key":"sapm.GenericTile{\"header\":\"RU Inventory List\"}"}]}
RESULT: undefined
COMMAND: POST /session/bc43a641d06c6411fa8b79fe3bbb44bb/element - {"using":"xpath","value":"//*[@id=\"__tile99\"]"}
RESULT: {"using":"xpath","value":"//*[@id=\"__tile99\"]"}
COMMAND: POST /session/bc43a641d06c6411fa8b79fe3bbb44bb/element/f.5B2BCDE3632C5B3813A5BAB112425688.d.19C97C949ECF12EEE4B08CBEC9FB35E7.e.3327/click - {}
RESULT: {}
COMMAND: GET /session/bc43a641d06c6411fa8b79fe3bbb44bb/screenshot - {}
RESULT: {}
COMMAND: POST /session/bc43a641d06c6411fa8b79fe3bbb44bb/elements - {"using":"xpath","value":"//span[text()='Error']"}
RESULT: {"using":"xpath","value":"//span[text()='Error']"}
RESULT: undefined
COMMAND: POST /session/bc43a641d06c6411fa8b79fe3bbb44bb/element - {"using":"xpath","value":"//*[@id=\"__tile99\"]"}
RESULT: {"using":"xpath","value":"//*[@id=\"__tile99\"]"}
COMMAND: POST /session/bc43a641d06c6411fa8b79fe3bbb44bb/element/f.5B2BCDE3632C5B3813A5BAB112425688.d.19C97C949ECF12EEE4B08CBEC9FB35E7.e.3327/click - {}
RESULT: undefined
COMMAND: POST /session/bc43a641d06c6411fa8b79fe3bbb44bb/element - {"using":"xpath","value":"//*[@id=\"__tile99\"]"}
RESULT: {"using":"xpath","value":"//*[@id=\"__tile99\"]"}
COMMAND: POST /session/bc43a641d06c6411fa8b79fe3bbb44bb/element/f.5B2BCDE3632C5B3813A5BAB112425688.d.19C97C949ECF12EEE4B08CBEC9FB35E7.e.3327/click - {}
RESULT: undefined
COMMAND: POST /session/bc43a641d06c6411fa8b79fe3bbb44bb/execute/async - {"script":"<script> [6424 bytes]","args":[{"element-6066-11e4-a52e-4f735466cecf":"f.5B2BCDE3632C5B3813A5BAB112425688.d.19C97C949ECF12EEE4B08CBEC9FB35E7.e.288"},"getTitle",[]]}
COMMAND: POST /session/bc43a641d06c6411fa8b79fe3bbb44bb/execute/async - {"script":"<script> [1562 bytes]","args":[{"selector":{"id":"shellAppTitle"},"wdio_ui5_key":"shellAppTitle"}]}
RESULT: {"script":"<script> [1562 bytes]","args":[{"selector":{"id":"shellAppTitle"},"wdio_ui5_key":"shellAppTitle"}]}
COMMAND: POST /session/bc43a641d06c6411fa8b79fe3bbb44bb/execute/async - {"script":"<script> [6424 bytes]","args":[{"element-6066-11e4-a52e-4f735466cecf":"f.5B2BCDE3632C5B3813A5BAB112425688.d.19C97C949ECF12EEE4B08CBEC9FB35E7.e.3520"},"getTitle",[]]}
RESULT: {"script":"<script> [6424 bytes]","args":[{"element-6066-11e4-a52e-4f735466cecf":"f.5B2BCDE3632C5B3813A5BAB112425688.d.19C97C949ECF12EEE4B08CBEC9FB35E7.e.3520"},"getTitle",[]]}
RESULT: undefined
COMMAND: POST /session/bc43a641d06c6411fa8b79fe3bbb44bb/element/f.5B2BCDE3632C5B3813A5BAB112425688.d.19C97C949ECF12EEE4B08CBEC9FB35E7.e.3289/click - {}
COMMAND: POST /session/bc43a641d06c6411fa8b79fe3bbb44bb/element - {"using":"xpath","value":"//*[@id=\"backBtn\"]"}
RESULT: {"using":"xpath","value":"//*[@id=\"backBtn\"]"}
COMMAND: POST /session/bc43a641d06c6411fa8b79fe3bbb44bb/element/f.5B2BCDE3632C5B3813A5BAB112425688.d.19C97C949ECF12EEE4B08CBEC9FB35E7.e.3289/click - {}
COMMAND: POST /session/bc43a641d06c6411fa8b79fe3bbb44bb/element - {"using":"xpath","value":"//*[@id=\"backBtn\"]"}
RESULT: {"using":"xpath","value":"//*[@id=\"backBtn\"]"}
COMMAND: POST /session/bc43a641d06c6411fa8b79fe3bbb44bb/element/f.5B2BCDE3632C5B3813A5BAB112425688.d.19C97C949ECF12EEE4B08CBEC9FB35E7.e.3521/click - {}
RESULT: {}
COMMAND: GET /session/bc43a641d06c6411fa8b79fe3bbb44bb/screenshot - {}
RESULT: {}
]]></system-out>
    </testcase>
    <testcase classname="chrome.136_0_7103_93.windows.Sanity_Tests_US104253" name="Should open Contracts Dashboard page" time="39.681">
      <system-out><![CDATA[
COMMAND: POST /session/bc43a641d06c6411fa8b79fe3bbb44bb/execute/async - {"script":"<script> [1562 bytes]","args":[{"selector":{"controlType":"sap.m.GenericTile","properties":{"header":"Contracts Dashboard"}},"wdio_ui5_key":"sapm.GenericTile{\"header\":\"Contracts Dashboard\"}"}]}
RESULT: {"script":"<script> [1562 bytes]","args":[{"selector":{"controlType":"sap.m.GenericTile","properties":{"header":"Contracts Dashboard"}},"wdio_ui5_key":"sapm.GenericTile{\"header\":\"Contracts Dashboard\"}"}]}
RESULT: undefined
COMMAND: POST /session/bc43a641d06c6411fa8b79fe3bbb44bb/element - {"using":"xpath","value":"//*[@id=\"__tile97\"]"}
RESULT: {"using":"xpath","value":"//*[@id=\"__tile97\"]"}
COMMAND: POST /session/bc43a641d06c6411fa8b79fe3bbb44bb/element/f.5B2BCDE3632C5B3813A5BAB112425688.d.19C97C949ECF12EEE4B08CBEC9FB35E7.e.3523/click - {}
RESULT: {}
COMMAND: GET /session/bc43a641d06c6411fa8b79fe3bbb44bb/screenshot - {}
RESULT: {}
COMMAND: POST /session/bc43a641d06c6411fa8b79fe3bbb44bb/elements - {"using":"xpath","value":"//span[text()='Error']"}
RESULT: {"using":"xpath","value":"//span[text()='Error']"}
RESULT: undefined
COMMAND: POST /session/bc43a641d06c6411fa8b79fe3bbb44bb/element - {"using":"xpath","value":"//*[@id=\"__tile97\"]"}
RESULT: {"using":"xpath","value":"//*[@id=\"__tile97\"]"}
COMMAND: POST /session/bc43a641d06c6411fa8b79fe3bbb44bb/element/f.5B2BCDE3632C5B3813A5BAB112425688.d.19C97C949ECF12EEE4B08CBEC9FB35E7.e.3523/click - {}
RESULT: undefined
COMMAND: POST /session/bc43a641d06c6411fa8b79fe3bbb44bb/element - {"using":"xpath","value":"//*[@id=\"__tile97\"]"}
RESULT: {"using":"xpath","value":"//*[@id=\"__tile97\"]"}
COMMAND: POST /session/bc43a641d06c6411fa8b79fe3bbb44bb/element/f.5B2BCDE3632C5B3813A5BAB112425688.d.19C97C949ECF12EEE4B08CBEC9FB35E7.e.3523/click - {}
RESULT: undefined
COMMAND: POST /session/bc43a641d06c6411fa8b79fe3bbb44bb/execute/async - {"script":"<script> [6424 bytes]","args":[{"element-6066-11e4-a52e-4f735466cecf":"f.5B2BCDE3632C5B3813A5BAB112425688.d.19C97C949ECF12EEE4B08CBEC9FB35E7.e.288"},"getTitle",[]]}
COMMAND: POST /session/bc43a641d06c6411fa8b79fe3bbb44bb/execute/async - {"script":"<script> [1562 bytes]","args":[{"selector":{"id":"shellAppTitle"},"wdio_ui5_key":"shellAppTitle"}]}
RESULT: {"script":"<script> [1562 bytes]","args":[{"selector":{"id":"shellAppTitle"},"wdio_ui5_key":"shellAppTitle"}]}
COMMAND: POST /session/bc43a641d06c6411fa8b79fe3bbb44bb/execute/async - {"script":"<script> [6424 bytes]","args":[{"element-6066-11e4-a52e-4f735466cecf":"f.5B2BCDE3632C5B3813A5BAB112425688.d.19C97C949ECF12EEE4B08CBEC9FB35E7.e.3543"},"getTitle",[]]}
RESULT: {"script":"<script> [6424 bytes]","args":[{"element-6066-11e4-a52e-4f735466cecf":"f.5B2BCDE3632C5B3813A5BAB112425688.d.19C97C949ECF12EEE4B08CBEC9FB35E7.e.3543"},"getTitle",[]]}
RESULT: undefined
COMMAND: POST /session/bc43a641d06c6411fa8b79fe3bbb44bb/element/f.5B2BCDE3632C5B3813A5BAB112425688.d.19C97C949ECF12EEE4B08CBEC9FB35E7.e.3521/click - {}
RESULT: {}
COMMAND: GET /session/bc43a641d06c6411fa8b79fe3bbb44bb/screenshot - {}
RESULT: {}
]]></system-out>
    </testcase>
    <testcase classname="chrome.136_0_7103_93.windows.Sanity_Tests_US104253" name="Should open Bin Status Report page" time="35.938">
      <system-out><![CDATA[
COMMAND: POST /session/bc43a641d06c6411fa8b79fe3bbb44bb/execute/async - {"script":"<script> [1562 bytes]","args":[{"selector":{"controlType":"sap.m.GenericTile","properties":{"header":"Bin Status Report"}},"wdio_ui5_key":"sapm.GenericTile{\"header\":\"Bin Status Report\"}"}]}
RESULT: {"script":"<script> [1562 bytes]","args":[{"selector":{"controlType":"sap.m.GenericTile","properties":{"header":"Bin Status Report"}},"wdio_ui5_key":"sapm.GenericTile{\"header\":\"Bin Status Report\"}"}]}
RESULT: undefined
COMMAND: POST /session/bc43a641d06c6411fa8b79fe3bbb44bb/element - {"using":"xpath","value":"//*[@id=\"__tile104\"]"}
RESULT: {"using":"xpath","value":"//*[@id=\"__tile104\"]"}
COMMAND: POST /session/bc43a641d06c6411fa8b79fe3bbb44bb/element/f.5B2BCDE3632C5B3813A5BAB112425688.d.19C97C949ECF12EEE4B08CBEC9FB35E7.e.3545/click - {}
RESULT: {}
COMMAND: GET /session/bc43a641d06c6411fa8b79fe3bbb44bb/screenshot - {}
RESULT: {}
COMMAND: POST /session/bc43a641d06c6411fa8b79fe3bbb44bb/elements - {"using":"xpath","value":"//span[text()='Error']"}
RESULT: {"using":"xpath","value":"//span[text()='Error']"}
RESULT: undefined
COMMAND: POST /session/bc43a641d06c6411fa8b79fe3bbb44bb/element - {"using":"xpath","value":"//*[@id=\"__tile104\"]"}
RESULT: {"using":"xpath","value":"//*[@id=\"__tile104\"]"}
COMMAND: POST /session/bc43a641d06c6411fa8b79fe3bbb44bb/element/f.5B2BCDE3632C5B3813A5BAB112425688.d.19C97C949ECF12EEE4B08CBEC9FB35E7.e.3545/click - {}
RESULT: undefined
COMMAND: POST /session/bc43a641d06c6411fa8b79fe3bbb44bb/element - {"using":"xpath","value":"//*[@id=\"__tile104\"]"}
RESULT: {"using":"xpath","value":"//*[@id=\"__tile104\"]"}
COMMAND: POST /session/bc43a641d06c6411fa8b79fe3bbb44bb/element/f.5B2BCDE3632C5B3813A5BAB112425688.d.19C97C949ECF12EEE4B08CBEC9FB35E7.e.3545/click - {}
RESULT: undefined
COMMAND: POST /session/bc43a641d06c6411fa8b79fe3bbb44bb/execute/async - {"script":"<script> [6424 bytes]","args":[{"element-6066-11e4-a52e-4f735466cecf":"f.5B2BCDE3632C5B3813A5BAB112425688.d.19C97C949ECF12EEE4B08CBEC9FB35E7.e.288"},"getTitle",[]]}
COMMAND: POST /session/bc43a641d06c6411fa8b79fe3bbb44bb/execute/async - {"script":"<script> [1562 bytes]","args":[{"selector":{"id":"shellAppTitle"},"wdio_ui5_key":"shellAppTitle"}]}
RESULT: {"script":"<script> [1562 bytes]","args":[{"selector":{"id":"shellAppTitle"},"wdio_ui5_key":"shellAppTitle"}]}
COMMAND: POST /session/bc43a641d06c6411fa8b79fe3bbb44bb/execute/async - {"script":"<script> [6424 bytes]","args":[{"element-6066-11e4-a52e-4f735466cecf":"f.5B2BCDE3632C5B3813A5BAB112425688.d.19C97C949ECF12EEE4B08CBEC9FB35E7.e.3643"},"getTitle",[]]}
RESULT: {"script":"<script> [6424 bytes]","args":[{"element-6066-11e4-a52e-4f735466cecf":"f.5B2BCDE3632C5B3813A5BAB112425688.d.19C97C949ECF12EEE4B08CBEC9FB35E7.e.3643"},"getTitle",[]]}
RESULT: undefined
COMMAND: POST /session/bc43a641d06c6411fa8b79fe3bbb44bb/element/f.5B2BCDE3632C5B3813A5BAB112425688.d.19C97C949ECF12EEE4B08CBEC9FB35E7.e.3521/click - {}
COMMAND: POST /session/bc43a641d06c6411fa8b79fe3bbb44bb/element - {"using":"xpath","value":"//*[@id=\"backBtn\"]"}
RESULT: {"using":"xpath","value":"//*[@id=\"backBtn\"]"}
COMMAND: POST /session/bc43a641d06c6411fa8b79fe3bbb44bb/element/f.5B2BCDE3632C5B3813A5BAB112425688.d.19C97C949ECF12EEE4B08CBEC9FB35E7.e.3521/click - {}
COMMAND: POST /session/bc43a641d06c6411fa8b79fe3bbb44bb/element - {"using":"xpath","value":"//*[@id=\"backBtn\"]"}
RESULT: {"using":"xpath","value":"//*[@id=\"backBtn\"]"}
COMMAND: POST /session/bc43a641d06c6411fa8b79fe3bbb44bb/element/f.5B2BCDE3632C5B3813A5BAB112425688.d.19C97C949ECF12EEE4B08CBEC9FB35E7.e.3644/click - {}
RESULT: {}
COMMAND: GET /session/bc43a641d06c6411fa8b79fe3bbb44bb/screenshot - {}
RESULT: {}
]]></system-out>
    </testcase>
    <testcase classname="chrome.136_0_7103_93.windows.Sanity_Tests_US104253" name="Should open Manage Warehouse Movements page" time="36.395">
      <system-out><![CDATA[
COMMAND: POST /session/bc43a641d06c6411fa8b79fe3bbb44bb/execute/async - {"script":"<script> [1562 bytes]","args":[{"selector":{"controlType":"sap.m.GenericTile","properties":{"header":"Manage Warehouse Movements"}},"wdio_ui5_key":"sapm.GenericTile{\"header\":\"Manage Warehouse Movements\"}"}]}
RESULT: {"script":"<script> [1562 bytes]","args":[{"selector":{"controlType":"sap.m.GenericTile","properties":{"header":"Manage Warehouse Movements"}},"wdio_ui5_key":"sapm.GenericTile{\"header\":\"Manage Warehouse Movements\"}"}]}
RESULT: undefined
COMMAND: POST /session/bc43a641d06c6411fa8b79fe3bbb44bb/element - {"using":"xpath","value":"//*[@id=\"__tile105\"]"}
RESULT: {"using":"xpath","value":"//*[@id=\"__tile105\"]"}
COMMAND: POST /session/bc43a641d06c6411fa8b79fe3bbb44bb/element/f.5B2BCDE3632C5B3813A5BAB112425688.d.19C97C949ECF12EEE4B08CBEC9FB35E7.e.3648/click - {}
RESULT: {}
COMMAND: GET /session/bc43a641d06c6411fa8b79fe3bbb44bb/screenshot - {}
RESULT: {}
COMMAND: POST /session/bc43a641d06c6411fa8b79fe3bbb44bb/elements - {"using":"xpath","value":"//span[text()='Error']"}
RESULT: {"using":"xpath","value":"//span[text()='Error']"}
RESULT: undefined
COMMAND: POST /session/bc43a641d06c6411fa8b79fe3bbb44bb/element - {"using":"xpath","value":"//*[@id=\"__tile105\"]"}
RESULT: {"using":"xpath","value":"//*[@id=\"__tile105\"]"}
COMMAND: POST /session/bc43a641d06c6411fa8b79fe3bbb44bb/element/f.5B2BCDE3632C5B3813A5BAB112425688.d.19C97C949ECF12EEE4B08CBEC9FB35E7.e.3648/click - {}
RESULT: undefined
COMMAND: POST /session/bc43a641d06c6411fa8b79fe3bbb44bb/element - {"using":"xpath","value":"//*[@id=\"__tile105\"]"}
RESULT: {"using":"xpath","value":"//*[@id=\"__tile105\"]"}
COMMAND: POST /session/bc43a641d06c6411fa8b79fe3bbb44bb/element/f.5B2BCDE3632C5B3813A5BAB112425688.d.19C97C949ECF12EEE4B08CBEC9FB35E7.e.3648/click - {}
RESULT: undefined
COMMAND: POST /session/bc43a641d06c6411fa8b79fe3bbb44bb/execute/async - {"script":"<script> [6424 bytes]","args":[{"element-6066-11e4-a52e-4f735466cecf":"f.5B2BCDE3632C5B3813A5BAB112425688.d.19C97C949ECF12EEE4B08CBEC9FB35E7.e.288"},"getTitle",[]]}
COMMAND: POST /session/bc43a641d06c6411fa8b79fe3bbb44bb/execute/async - {"script":"<script> [1562 bytes]","args":[{"selector":{"id":"shellAppTitle"},"wdio_ui5_key":"shellAppTitle"}]}
RESULT: {"script":"<script> [1562 bytes]","args":[{"selector":{"id":"shellAppTitle"},"wdio_ui5_key":"shellAppTitle"}]}
COMMAND: POST /session/bc43a641d06c6411fa8b79fe3bbb44bb/execute/async - {"script":"<script> [6424 bytes]","args":[{"element-6066-11e4-a52e-4f735466cecf":"f.5B2BCDE3632C5B3813A5BAB112425688.d.19C97C949ECF12EEE4B08CBEC9FB35E7.e.3743"},"getTitle",[]]}
RESULT: {"script":"<script> [6424 bytes]","args":[{"element-6066-11e4-a52e-4f735466cecf":"f.5B2BCDE3632C5B3813A5BAB112425688.d.19C97C949ECF12EEE4B08CBEC9FB35E7.e.3743"},"getTitle",[]]}
RESULT: undefined
COMMAND: POST /session/bc43a641d06c6411fa8b79fe3bbb44bb/element/f.5B2BCDE3632C5B3813A5BAB112425688.d.19C97C949ECF12EEE4B08CBEC9FB35E7.e.3644/click - {}
RESULT: {}
COMMAND: GET /session/bc43a641d06c6411fa8b79fe3bbb44bb/screenshot - {}
RESULT: {}
]]></system-out>
    </testcase>
    <testcase classname="chrome.136_0_7103_93.windows.Sanity_Tests_US104253" name="Should open Bin Inventory List page" time="37.706">
      <system-out><![CDATA[
COMMAND: POST /session/bc43a641d06c6411fa8b79fe3bbb44bb/execute/async - {"script":"<script> [1562 bytes]","args":[{"selector":{"controlType":"sap.m.GenericTile","properties":{"header":"Bin Inventory List"}},"wdio_ui5_key":"sapm.GenericTile{\"header\":\"Bin Inventory List\"}"}]}
RESULT: {"script":"<script> [1562 bytes]","args":[{"selector":{"controlType":"sap.m.GenericTile","properties":{"header":"Bin Inventory List"}},"wdio_ui5_key":"sapm.GenericTile{\"header\":\"Bin Inventory List\"}"}]}
RESULT: undefined
COMMAND: POST /session/bc43a641d06c6411fa8b79fe3bbb44bb/element - {"using":"xpath","value":"//*[@id=\"__tile103\"]"}
RESULT: {"using":"xpath","value":"//*[@id=\"__tile103\"]"}
COMMAND: POST /session/bc43a641d06c6411fa8b79fe3bbb44bb/element/f.5B2BCDE3632C5B3813A5BAB112425688.d.19C97C949ECF12EEE4B08CBEC9FB35E7.e.3745/click - {}
RESULT: {}
COMMAND: GET /session/bc43a641d06c6411fa8b79fe3bbb44bb/screenshot - {}
RESULT: {}
COMMAND: POST /session/bc43a641d06c6411fa8b79fe3bbb44bb/elements - {"using":"xpath","value":"//span[text()='Error']"}
RESULT: {"using":"xpath","value":"//span[text()='Error']"}
RESULT: undefined
COMMAND: POST /session/bc43a641d06c6411fa8b79fe3bbb44bb/element - {"using":"xpath","value":"//*[@id=\"__tile103\"]"}
RESULT: {"using":"xpath","value":"//*[@id=\"__tile103\"]"}
COMMAND: POST /session/bc43a641d06c6411fa8b79fe3bbb44bb/element/f.5B2BCDE3632C5B3813A5BAB112425688.d.19C97C949ECF12EEE4B08CBEC9FB35E7.e.3745/click - {}
RESULT: undefined
COMMAND: POST /session/bc43a641d06c6411fa8b79fe3bbb44bb/element - {"using":"xpath","value":"//*[@id=\"__tile103\"]"}
RESULT: {"using":"xpath","value":"//*[@id=\"__tile103\"]"}
COMMAND: POST /session/bc43a641d06c6411fa8b79fe3bbb44bb/element/f.5B2BCDE3632C5B3813A5BAB112425688.d.19C97C949ECF12EEE4B08CBEC9FB35E7.e.3745/click - {}
RESULT: undefined
COMMAND: POST /session/bc43a641d06c6411fa8b79fe3bbb44bb/execute/async - {"script":"<script> [6424 bytes]","args":[{"element-6066-11e4-a52e-4f735466cecf":"f.5B2BCDE3632C5B3813A5BAB112425688.d.19C97C949ECF12EEE4B08CBEC9FB35E7.e.288"},"getTitle",[]]}
COMMAND: POST /session/bc43a641d06c6411fa8b79fe3bbb44bb/execute/async - {"script":"<script> [1562 bytes]","args":[{"selector":{"id":"shellAppTitle"},"wdio_ui5_key":"shellAppTitle"}]}
RESULT: {"script":"<script> [1562 bytes]","args":[{"selector":{"id":"shellAppTitle"},"wdio_ui5_key":"shellAppTitle"}]}
COMMAND: POST /session/bc43a641d06c6411fa8b79fe3bbb44bb/execute/async - {"script":"<script> [6424 bytes]","args":[{"element-6066-11e4-a52e-4f735466cecf":"f.5B2BCDE3632C5B3813A5BAB112425688.d.19C97C949ECF12EEE4B08CBEC9FB35E7.e.3835"},"getTitle",[]]}
RESULT: {"script":"<script> [6424 bytes]","args":[{"element-6066-11e4-a52e-4f735466cecf":"f.5B2BCDE3632C5B3813A5BAB112425688.d.19C97C949ECF12EEE4B08CBEC9FB35E7.e.3835"},"getTitle",[]]}
RESULT: undefined
COMMAND: POST /session/bc43a641d06c6411fa8b79fe3bbb44bb/element/f.5B2BCDE3632C5B3813A5BAB112425688.d.19C97C949ECF12EEE4B08CBEC9FB35E7.e.3644/click - {}
COMMAND: POST /session/bc43a641d06c6411fa8b79fe3bbb44bb/element - {"using":"xpath","value":"//*[@id=\"backBtn\"]"}
RESULT: {"using":"xpath","value":"//*[@id=\"backBtn\"]"}
COMMAND: POST /session/bc43a641d06c6411fa8b79fe3bbb44bb/element/f.5B2BCDE3632C5B3813A5BAB112425688.d.19C97C949ECF12EEE4B08CBEC9FB35E7.e.3644/click - {}
COMMAND: POST /session/bc43a641d06c6411fa8b79fe3bbb44bb/element - {"using":"xpath","value":"//*[@id=\"backBtn\"]"}
RESULT: {"using":"xpath","value":"//*[@id=\"backBtn\"]"}
COMMAND: POST /session/bc43a641d06c6411fa8b79fe3bbb44bb/element/f.5B2BCDE3632C5B3813A5BAB112425688.d.19C97C949ECF12EEE4B08CBEC9FB35E7.e.3836/click - {}
RESULT: {}
COMMAND: GET /session/bc43a641d06c6411fa8b79fe3bbb44bb/screenshot - {}
RESULT: {}
]]></system-out>
    </testcase>
    <testcase classname="chrome.136_0_7103_93.windows.Sanity_Tests_US104253" name="Should open ISC Templates page" time="36.395">
      <system-out><![CDATA[
COMMAND: POST /session/bc43a641d06c6411fa8b79fe3bbb44bb/execute/async - {"script":"<script> [1562 bytes]","args":[{"selector":{"controlType":"sap.m.GenericTile","properties":{"header":"ISC Templates"}},"wdio_ui5_key":"sapm.GenericTile{\"header\":\"ISC Templates\"}"}]}
RESULT: {"script":"<script> [1562 bytes]","args":[{"selector":{"controlType":"sap.m.GenericTile","properties":{"header":"ISC Templates"}},"wdio_ui5_key":"sapm.GenericTile{\"header\":\"ISC Templates\"}"}]}
RESULT: undefined
COMMAND: POST /session/bc43a641d06c6411fa8b79fe3bbb44bb/element - {"using":"xpath","value":"//*[@id=\"__tile111\"]"}
RESULT: {"using":"xpath","value":"//*[@id=\"__tile111\"]"}
COMMAND: POST /session/bc43a641d06c6411fa8b79fe3bbb44bb/element/f.5B2BCDE3632C5B3813A5BAB112425688.d.19C97C949ECF12EEE4B08CBEC9FB35E7.e.3838/click - {}
RESULT: {}
COMMAND: GET /session/bc43a641d06c6411fa8b79fe3bbb44bb/screenshot - {}
RESULT: {}
COMMAND: POST /session/bc43a641d06c6411fa8b79fe3bbb44bb/elements - {"using":"xpath","value":"//span[text()='Error']"}
RESULT: {"using":"xpath","value":"//span[text()='Error']"}
RESULT: undefined
COMMAND: POST /session/bc43a641d06c6411fa8b79fe3bbb44bb/element - {"using":"xpath","value":"//*[@id=\"__tile111\"]"}
RESULT: {"using":"xpath","value":"//*[@id=\"__tile111\"]"}
COMMAND: POST /session/bc43a641d06c6411fa8b79fe3bbb44bb/element/f.5B2BCDE3632C5B3813A5BAB112425688.d.19C97C949ECF12EEE4B08CBEC9FB35E7.e.3838/click - {}
RESULT: undefined
COMMAND: POST /session/bc43a641d06c6411fa8b79fe3bbb44bb/element - {"using":"xpath","value":"//*[@id=\"__tile111\"]"}
RESULT: {"using":"xpath","value":"//*[@id=\"__tile111\"]"}
COMMAND: POST /session/bc43a641d06c6411fa8b79fe3bbb44bb/element/f.5B2BCDE3632C5B3813A5BAB112425688.d.19C97C949ECF12EEE4B08CBEC9FB35E7.e.3838/click - {}
RESULT: undefined
COMMAND: POST /session/bc43a641d06c6411fa8b79fe3bbb44bb/execute/async - {"script":"<script> [6424 bytes]","args":[{"element-6066-11e4-a52e-4f735466cecf":"f.5B2BCDE3632C5B3813A5BAB112425688.d.19C97C949ECF12EEE4B08CBEC9FB35E7.e.288"},"getTitle",[]]}
COMMAND: POST /session/bc43a641d06c6411fa8b79fe3bbb44bb/execute/async - {"script":"<script> [1562 bytes]","args":[{"selector":{"id":"shellAppTitle"},"wdio_ui5_key":"shellAppTitle"}]}
RESULT: {"script":"<script> [1562 bytes]","args":[{"selector":{"id":"shellAppTitle"},"wdio_ui5_key":"shellAppTitle"}]}
COMMAND: POST /session/bc43a641d06c6411fa8b79fe3bbb44bb/execute/async - {"script":"<script> [6424 bytes]","args":[{"element-6066-11e4-a52e-4f735466cecf":"f.5B2BCDE3632C5B3813A5BAB112425688.d.19C97C949ECF12EEE4B08CBEC9FB35E7.e.3905"},"getTitle",[]]}
RESULT: {"script":"<script> [6424 bytes]","args":[{"element-6066-11e4-a52e-4f735466cecf":"f.5B2BCDE3632C5B3813A5BAB112425688.d.19C97C949ECF12EEE4B08CBEC9FB35E7.e.3905"},"getTitle",[]]}
RESULT: undefined
COMMAND: POST /session/bc43a641d06c6411fa8b79fe3bbb44bb/element/f.5B2BCDE3632C5B3813A5BAB112425688.d.19C97C949ECF12EEE4B08CBEC9FB35E7.e.3836/click - {}
RESULT: {}
COMMAND: GET /session/bc43a641d06c6411fa8b79fe3bbb44bb/screenshot - {}
RESULT: {}
]]></system-out>
    </testcase>
    <testcase classname="chrome.136_0_7103_93.windows.Sanity_Tests_US104253" name="Should open ISC Schedules page" time="36.039">
      <system-out><![CDATA[
COMMAND: POST /session/bc43a641d06c6411fa8b79fe3bbb44bb/execute/async - {"script":"<script> [1562 bytes]","args":[{"selector":{"controlType":"sap.m.GenericTile","properties":{"header":"ISC Schedules"}},"wdio_ui5_key":"sapm.GenericTile{\"header\":\"ISC Schedules\"}"}]}
RESULT: {"script":"<script> [1562 bytes]","args":[{"selector":{"controlType":"sap.m.GenericTile","properties":{"header":"ISC Schedules"}},"wdio_ui5_key":"sapm.GenericTile{\"header\":\"ISC Schedules\"}"}]}
RESULT: undefined
COMMAND: POST /session/bc43a641d06c6411fa8b79fe3bbb44bb/element - {"using":"xpath","value":"//*[@id=\"__tile109\"]"}
RESULT: {"using":"xpath","value":"//*[@id=\"__tile109\"]"}
COMMAND: POST /session/bc43a641d06c6411fa8b79fe3bbb44bb/element/f.5B2BCDE3632C5B3813A5BAB112425688.d.19C97C949ECF12EEE4B08CBEC9FB35E7.e.3908/click - {}
RESULT: {}
COMMAND: GET /session/bc43a641d06c6411fa8b79fe3bbb44bb/screenshot - {}
RESULT: {}
COMMAND: POST /session/bc43a641d06c6411fa8b79fe3bbb44bb/elements - {"using":"xpath","value":"//span[text()='Error']"}
RESULT: {"using":"xpath","value":"//span[text()='Error']"}
RESULT: undefined
COMMAND: POST /session/bc43a641d06c6411fa8b79fe3bbb44bb/element - {"using":"xpath","value":"//*[@id=\"__tile109\"]"}
RESULT: {"using":"xpath","value":"//*[@id=\"__tile109\"]"}
COMMAND: POST /session/bc43a641d06c6411fa8b79fe3bbb44bb/element/f.5B2BCDE3632C5B3813A5BAB112425688.d.19C97C949ECF12EEE4B08CBEC9FB35E7.e.3908/click - {}
RESULT: undefined
COMMAND: POST /session/bc43a641d06c6411fa8b79fe3bbb44bb/element - {"using":"xpath","value":"//*[@id=\"__tile109\"]"}
RESULT: {"using":"xpath","value":"//*[@id=\"__tile109\"]"}
COMMAND: POST /session/bc43a641d06c6411fa8b79fe3bbb44bb/element/f.5B2BCDE3632C5B3813A5BAB112425688.d.19C97C949ECF12EEE4B08CBEC9FB35E7.e.3908/click - {}
RESULT: undefined
COMMAND: POST /session/bc43a641d06c6411fa8b79fe3bbb44bb/execute/async - {"script":"<script> [6424 bytes]","args":[{"element-6066-11e4-a52e-4f735466cecf":"f.5B2BCDE3632C5B3813A5BAB112425688.d.19C97C949ECF12EEE4B08CBEC9FB35E7.e.288"},"getTitle",[]]}
COMMAND: POST /session/bc43a641d06c6411fa8b79fe3bbb44bb/execute/async - {"script":"<script> [1562 bytes]","args":[{"selector":{"id":"shellAppTitle"},"wdio_ui5_key":"shellAppTitle"}]}
RESULT: {"script":"<script> [1562 bytes]","args":[{"selector":{"id":"shellAppTitle"},"wdio_ui5_key":"shellAppTitle"}]}
COMMAND: POST /session/bc43a641d06c6411fa8b79fe3bbb44bb/execute/async - {"script":"<script> [6424 bytes]","args":[{"element-6066-11e4-a52e-4f735466cecf":"f.5B2BCDE3632C5B3813A5BAB112425688.d.19C97C949ECF12EEE4B08CBEC9FB35E7.e.3978"},"getTitle",[]]}
RESULT: {"script":"<script> [6424 bytes]","args":[{"element-6066-11e4-a52e-4f735466cecf":"f.5B2BCDE3632C5B3813A5BAB112425688.d.19C97C949ECF12EEE4B08CBEC9FB35E7.e.3978"},"getTitle",[]]}
RESULT: undefined
COMMAND: POST /session/bc43a641d06c6411fa8b79fe3bbb44bb/element/f.5B2BCDE3632C5B3813A5BAB112425688.d.19C97C949ECF12EEE4B08CBEC9FB35E7.e.3836/click - {}
COMMAND: POST /session/bc43a641d06c6411fa8b79fe3bbb44bb/element - {"using":"xpath","value":"//*[@id=\"backBtn\"]"}
RESULT: {"using":"xpath","value":"//*[@id=\"backBtn\"]"}
COMMAND: POST /session/bc43a641d06c6411fa8b79fe3bbb44bb/element/f.5B2BCDE3632C5B3813A5BAB112425688.d.19C97C949ECF12EEE4B08CBEC9FB35E7.e.3836/click - {}
COMMAND: POST /session/bc43a641d06c6411fa8b79fe3bbb44bb/element - {"using":"xpath","value":"//*[@id=\"backBtn\"]"}
RESULT: {"using":"xpath","value":"//*[@id=\"backBtn\"]"}
COMMAND: POST /session/bc43a641d06c6411fa8b79fe3bbb44bb/element/f.5B2BCDE3632C5B3813A5BAB112425688.d.19C97C949ECF12EEE4B08CBEC9FB35E7.e.3979/click - {}
RESULT: {}
COMMAND: GET /session/bc43a641d06c6411fa8b79fe3bbb44bb/screenshot - {}
RESULT: {}
]]></system-out>
    </testcase>
    <testcase classname="chrome.136_0_7103_93.windows.Sanity_Tests_US104253" name="Should open ISC Dashboard page" time="36.794">
      <system-out><![CDATA[
COMMAND: POST /session/bc43a641d06c6411fa8b79fe3bbb44bb/execute/async - {"script":"<script> [1562 bytes]","args":[{"selector":{"controlType":"sap.m.GenericTile","properties":{"header":"ISC Dashboard"}},"wdio_ui5_key":"sapm.GenericTile{\"header\":\"ISC Dashboard\"}"}]}
RESULT: {"script":"<script> [1562 bytes]","args":[{"selector":{"controlType":"sap.m.GenericTile","properties":{"header":"ISC Dashboard"}},"wdio_ui5_key":"sapm.GenericTile{\"header\":\"ISC Dashboard\"}"}]}
RESULT: undefined
COMMAND: POST /session/bc43a641d06c6411fa8b79fe3bbb44bb/element - {"using":"xpath","value":"//*[@id=\"__tile106\"]"}
RESULT: {"using":"xpath","value":"//*[@id=\"__tile106\"]"}
COMMAND: POST /session/bc43a641d06c6411fa8b79fe3bbb44bb/element/f.5B2BCDE3632C5B3813A5BAB112425688.d.19C97C949ECF12EEE4B08CBEC9FB35E7.e.3981/click - {}
RESULT: {}
COMMAND: GET /session/bc43a641d06c6411fa8b79fe3bbb44bb/screenshot - {}
RESULT: {}
COMMAND: POST /session/bc43a641d06c6411fa8b79fe3bbb44bb/elements - {"using":"xpath","value":"//span[text()='Error']"}
RESULT: {"using":"xpath","value":"//span[text()='Error']"}
RESULT: undefined
COMMAND: POST /session/bc43a641d06c6411fa8b79fe3bbb44bb/element - {"using":"xpath","value":"//*[@id=\"__tile106\"]"}
RESULT: {"using":"xpath","value":"//*[@id=\"__tile106\"]"}
COMMAND: POST /session/bc43a641d06c6411fa8b79fe3bbb44bb/element/f.5B2BCDE3632C5B3813A5BAB112425688.d.19C97C949ECF12EEE4B08CBEC9FB35E7.e.3981/click - {}
RESULT: undefined
COMMAND: POST /session/bc43a641d06c6411fa8b79fe3bbb44bb/element - {"using":"xpath","value":"//*[@id=\"__tile106\"]"}
RESULT: {"using":"xpath","value":"//*[@id=\"__tile106\"]"}
COMMAND: POST /session/bc43a641d06c6411fa8b79fe3bbb44bb/element/f.5B2BCDE3632C5B3813A5BAB112425688.d.19C97C949ECF12EEE4B08CBEC9FB35E7.e.3981/click - {}
RESULT: undefined
COMMAND: POST /session/bc43a641d06c6411fa8b79fe3bbb44bb/execute/async - {"script":"<script> [6424 bytes]","args":[{"element-6066-11e4-a52e-4f735466cecf":"f.5B2BCDE3632C5B3813A5BAB112425688.d.19C97C949ECF12EEE4B08CBEC9FB35E7.e.288"},"getTitle",[]]}
COMMAND: POST /session/bc43a641d06c6411fa8b79fe3bbb44bb/execute/async - {"script":"<script> [1562 bytes]","args":[{"selector":{"id":"shellAppTitle"},"wdio_ui5_key":"shellAppTitle"}]}
RESULT: {"script":"<script> [1562 bytes]","args":[{"selector":{"id":"shellAppTitle"},"wdio_ui5_key":"shellAppTitle"}]}
COMMAND: POST /session/bc43a641d06c6411fa8b79fe3bbb44bb/execute/async - {"script":"<script> [6424 bytes]","args":[{"element-6066-11e4-a52e-4f735466cecf":"f.5B2BCDE3632C5B3813A5BAB112425688.d.19C97C949ECF12EEE4B08CBEC9FB35E7.e.4096"},"getTitle",[]]}
RESULT: {"script":"<script> [6424 bytes]","args":[{"element-6066-11e4-a52e-4f735466cecf":"f.5B2BCDE3632C5B3813A5BAB112425688.d.19C97C949ECF12EEE4B08CBEC9FB35E7.e.4096"},"getTitle",[]]}
RESULT: undefined
COMMAND: POST /session/bc43a641d06c6411fa8b79fe3bbb44bb/element/f.5B2BCDE3632C5B3813A5BAB112425688.d.19C97C949ECF12EEE4B08CBEC9FB35E7.e.3979/click - {}
RESULT: {}
COMMAND: GET /session/bc43a641d06c6411fa8b79fe3bbb44bb/screenshot - {}
RESULT: {}
]]></system-out>
    </testcase>
    <testcase classname="chrome.136_0_7103_93.windows.Sanity_Tests_US104253" name="Should open ISC Orders page" time="36.288">
      <system-out><![CDATA[
COMMAND: POST /session/bc43a641d06c6411fa8b79fe3bbb44bb/execute/async - {"script":"<script> [1562 bytes]","args":[{"selector":{"controlType":"sap.m.GenericTile","properties":{"header":"ISC Orders"}},"wdio_ui5_key":"sapm.GenericTile{\"header\":\"ISC Orders\"}"}]}
RESULT: {"script":"<script> [1562 bytes]","args":[{"selector":{"controlType":"sap.m.GenericTile","properties":{"header":"ISC Orders"}},"wdio_ui5_key":"sapm.GenericTile{\"header\":\"ISC Orders\"}"}]}
RESULT: undefined
COMMAND: POST /session/bc43a641d06c6411fa8b79fe3bbb44bb/element - {"using":"xpath","value":"//*[@id=\"__tile108\"]"}
RESULT: {"using":"xpath","value":"//*[@id=\"__tile108\"]"}
COMMAND: POST /session/bc43a641d06c6411fa8b79fe3bbb44bb/element/f.5B2BCDE3632C5B3813A5BAB112425688.d.19C97C949ECF12EEE4B08CBEC9FB35E7.e.4098/click - {}
RESULT: {}
COMMAND: GET /session/bc43a641d06c6411fa8b79fe3bbb44bb/screenshot - {}
RESULT: {}
COMMAND: POST /session/bc43a641d06c6411fa8b79fe3bbb44bb/elements - {"using":"xpath","value":"//span[text()='Error']"}
RESULT: {"using":"xpath","value":"//span[text()='Error']"}
RESULT: undefined
COMMAND: POST /session/bc43a641d06c6411fa8b79fe3bbb44bb/element - {"using":"xpath","value":"//*[@id=\"__tile108\"]"}
RESULT: {"using":"xpath","value":"//*[@id=\"__tile108\"]"}
COMMAND: POST /session/bc43a641d06c6411fa8b79fe3bbb44bb/element/f.5B2BCDE3632C5B3813A5BAB112425688.d.19C97C949ECF12EEE4B08CBEC9FB35E7.e.4098/click - {}
RESULT: undefined
COMMAND: POST /session/bc43a641d06c6411fa8b79fe3bbb44bb/element - {"using":"xpath","value":"//*[@id=\"__tile108\"]"}
RESULT: {"using":"xpath","value":"//*[@id=\"__tile108\"]"}
COMMAND: POST /session/bc43a641d06c6411fa8b79fe3bbb44bb/element/f.5B2BCDE3632C5B3813A5BAB112425688.d.19C97C949ECF12EEE4B08CBEC9FB35E7.e.4098/click - {}
RESULT: undefined
COMMAND: POST /session/bc43a641d06c6411fa8b79fe3bbb44bb/execute/async - {"script":"<script> [6424 bytes]","args":[{"element-6066-11e4-a52e-4f735466cecf":"f.5B2BCDE3632C5B3813A5BAB112425688.d.19C97C949ECF12EEE4B08CBEC9FB35E7.e.288"},"getTitle",[]]}
COMMAND: POST /session/bc43a641d06c6411fa8b79fe3bbb44bb/execute/async - {"script":"<script> [1562 bytes]","args":[{"selector":{"id":"shellAppTitle"},"wdio_ui5_key":"shellAppTitle"}]}
RESULT: {"script":"<script> [1562 bytes]","args":[{"selector":{"id":"shellAppTitle"},"wdio_ui5_key":"shellAppTitle"}]}
COMMAND: POST /session/bc43a641d06c6411fa8b79fe3bbb44bb/execute/async - {"script":"<script> [6424 bytes]","args":[{"element-6066-11e4-a52e-4f735466cecf":"f.5B2BCDE3632C5B3813A5BAB112425688.d.19C97C949ECF12EEE4B08CBEC9FB35E7.e.4209"},"getTitle",[]]}
RESULT: {"script":"<script> [6424 bytes]","args":[{"element-6066-11e4-a52e-4f735466cecf":"f.5B2BCDE3632C5B3813A5BAB112425688.d.19C97C949ECF12EEE4B08CBEC9FB35E7.e.4209"},"getTitle",[]]}
RESULT: undefined
COMMAND: POST /session/bc43a641d06c6411fa8b79fe3bbb44bb/element/f.5B2BCDE3632C5B3813A5BAB112425688.d.19C97C949ECF12EEE4B08CBEC9FB35E7.e.3979/click - {}
COMMAND: POST /session/bc43a641d06c6411fa8b79fe3bbb44bb/element - {"using":"xpath","value":"//*[@id=\"backBtn\"]"}
RESULT: {"using":"xpath","value":"//*[@id=\"backBtn\"]"}
COMMAND: POST /session/bc43a641d06c6411fa8b79fe3bbb44bb/element/f.5B2BCDE3632C5B3813A5BAB112425688.d.19C97C949ECF12EEE4B08CBEC9FB35E7.e.3979/click - {}
COMMAND: POST /session/bc43a641d06c6411fa8b79fe3bbb44bb/element - {"using":"xpath","value":"//*[@id=\"backBtn\"]"}
RESULT: {"using":"xpath","value":"//*[@id=\"backBtn\"]"}
COMMAND: POST /session/bc43a641d06c6411fa8b79fe3bbb44bb/element/f.5B2BCDE3632C5B3813A5BAB112425688.d.19C97C949ECF12EEE4B08CBEC9FB35E7.e.4210/click - {}
RESULT: {}
COMMAND: GET /session/bc43a641d06c6411fa8b79fe3bbb44bb/screenshot - {}
RESULT: {}
]]></system-out>
    </testcase>
    <testcase classname="chrome.136_0_7103_93.windows.Sanity_Tests_US104253" name="Should open ISC Tasks page" time="36.347">
      <system-out><![CDATA[
COMMAND: POST /session/bc43a641d06c6411fa8b79fe3bbb44bb/execute/async - {"script":"<script> [1562 bytes]","args":[{"selector":{"controlType":"sap.m.GenericTile","properties":{"header":"ISC Tasks"}},"wdio_ui5_key":"sapm.GenericTile{\"header\":\"ISC Tasks\"}"}]}
RESULT: {"script":"<script> [1562 bytes]","args":[{"selector":{"controlType":"sap.m.GenericTile","properties":{"header":"ISC Tasks"}},"wdio_ui5_key":"sapm.GenericTile{\"header\":\"ISC Tasks\"}"}]}
RESULT: undefined
COMMAND: POST /session/bc43a641d06c6411fa8b79fe3bbb44bb/element - {"using":"xpath","value":"//*[@id=\"__tile110\"]"}
RESULT: {"using":"xpath","value":"//*[@id=\"__tile110\"]"}
COMMAND: POST /session/bc43a641d06c6411fa8b79fe3bbb44bb/element/f.5B2BCDE3632C5B3813A5BAB112425688.d.19C97C949ECF12EEE4B08CBEC9FB35E7.e.4212/click - {}
RESULT: {}
COMMAND: GET /session/bc43a641d06c6411fa8b79fe3bbb44bb/screenshot - {}
RESULT: {}
COMMAND: POST /session/bc43a641d06c6411fa8b79fe3bbb44bb/elements - {"using":"xpath","value":"//span[text()='Error']"}
RESULT: {"using":"xpath","value":"//span[text()='Error']"}
RESULT: undefined
COMMAND: POST /session/bc43a641d06c6411fa8b79fe3bbb44bb/element - {"using":"xpath","value":"//*[@id=\"__tile110\"]"}
RESULT: {"using":"xpath","value":"//*[@id=\"__tile110\"]"}
COMMAND: POST /session/bc43a641d06c6411fa8b79fe3bbb44bb/element/f.5B2BCDE3632C5B3813A5BAB112425688.d.19C97C949ECF12EEE4B08CBEC9FB35E7.e.4212/click - {}
RESULT: undefined
COMMAND: POST /session/bc43a641d06c6411fa8b79fe3bbb44bb/element - {"using":"xpath","value":"//*[@id=\"__tile110\"]"}
RESULT: {"using":"xpath","value":"//*[@id=\"__tile110\"]"}
COMMAND: POST /session/bc43a641d06c6411fa8b79fe3bbb44bb/element/f.5B2BCDE3632C5B3813A5BAB112425688.d.19C97C949ECF12EEE4B08CBEC9FB35E7.e.4212/click - {}
RESULT: undefined
COMMAND: POST /session/bc43a641d06c6411fa8b79fe3bbb44bb/execute/async - {"script":"<script> [6424 bytes]","args":[{"element-6066-11e4-a52e-4f735466cecf":"f.5B2BCDE3632C5B3813A5BAB112425688.d.19C97C949ECF12EEE4B08CBEC9FB35E7.e.288"},"getTitle",[]]}
COMMAND: POST /session/bc43a641d06c6411fa8b79fe3bbb44bb/execute/async - {"script":"<script> [1562 bytes]","args":[{"selector":{"id":"shellAppTitle"},"wdio_ui5_key":"shellAppTitle"}]}
RESULT: {"script":"<script> [1562 bytes]","args":[{"selector":{"id":"shellAppTitle"},"wdio_ui5_key":"shellAppTitle"}]}
COMMAND: POST /session/bc43a641d06c6411fa8b79fe3bbb44bb/execute/async - {"script":"<script> [6424 bytes]","args":[{"element-6066-11e4-a52e-4f735466cecf":"f.5B2BCDE3632C5B3813A5BAB112425688.d.19C97C949ECF12EEE4B08CBEC9FB35E7.e.4302"},"getTitle",[]]}
RESULT: {"script":"<script> [6424 bytes]","args":[{"element-6066-11e4-a52e-4f735466cecf":"f.5B2BCDE3632C5B3813A5BAB112425688.d.19C97C949ECF12EEE4B08CBEC9FB35E7.e.4302"},"getTitle",[]]}
RESULT: undefined
COMMAND: POST /session/bc43a641d06c6411fa8b79fe3bbb44bb/element/f.5B2BCDE3632C5B3813A5BAB112425688.d.19C97C949ECF12EEE4B08CBEC9FB35E7.e.4210/click - {}
RESULT: {}
COMMAND: GET /session/bc43a641d06c6411fa8b79fe3bbb44bb/screenshot - {}
RESULT: {}
]]></system-out>
    </testcase>
    <testcase classname="chrome.136_0_7103_93.windows.Sanity_Tests_US104253" name="Should open Manage Resource Logbook page" time="37.649">
      <system-out><![CDATA[
COMMAND: POST /session/bc43a641d06c6411fa8b79fe3bbb44bb/execute/async - {"script":"<script> [1562 bytes]","args":[{"selector":{"controlType":"sap.m.GenericTile","properties":{"header":"Manage Resource Logbook"}},"wdio_ui5_key":"sapm.GenericTile{\"header\":\"Manage Resource Logbook\"}"}]}
RESULT: {"script":"<script> [1562 bytes]","args":[{"selector":{"controlType":"sap.m.GenericTile","properties":{"header":"Manage Resource Logbook"}},"wdio_ui5_key":"sapm.GenericTile{\"header\":\"Manage Resource Logbook\"}"}]}
RESULT: undefined
COMMAND: POST /session/bc43a641d06c6411fa8b79fe3bbb44bb/element - {"using":"xpath","value":"//*[@id=\"__tile113\"]"}
RESULT: {"using":"xpath","value":"//*[@id=\"__tile113\"]"}
COMMAND: POST /session/bc43a641d06c6411fa8b79fe3bbb44bb/element/f.5B2BCDE3632C5B3813A5BAB112425688.d.19C97C949ECF12EEE4B08CBEC9FB35E7.e.4304/click - {}
RESULT: {}
COMMAND: GET /session/bc43a641d06c6411fa8b79fe3bbb44bb/screenshot - {}
RESULT: {}
COMMAND: POST /session/bc43a641d06c6411fa8b79fe3bbb44bb/elements - {"using":"xpath","value":"//span[text()='Error']"}
RESULT: {"using":"xpath","value":"//span[text()='Error']"}
RESULT: undefined
COMMAND: POST /session/bc43a641d06c6411fa8b79fe3bbb44bb/element - {"using":"xpath","value":"//*[@id=\"__tile113\"]"}
RESULT: {"using":"xpath","value":"//*[@id=\"__tile113\"]"}
COMMAND: POST /session/bc43a641d06c6411fa8b79fe3bbb44bb/element/f.5B2BCDE3632C5B3813A5BAB112425688.d.19C97C949ECF12EEE4B08CBEC9FB35E7.e.4304/click - {}
RESULT: undefined
COMMAND: POST /session/bc43a641d06c6411fa8b79fe3bbb44bb/element - {"using":"xpath","value":"//*[@id=\"__tile113\"]"}
RESULT: {"using":"xpath","value":"//*[@id=\"__tile113\"]"}
COMMAND: POST /session/bc43a641d06c6411fa8b79fe3bbb44bb/element/f.5B2BCDE3632C5B3813A5BAB112425688.d.19C97C949ECF12EEE4B08CBEC9FB35E7.e.4304/click - {}
RESULT: undefined
COMMAND: POST /session/bc43a641d06c6411fa8b79fe3bbb44bb/execute/async - {"script":"<script> [6424 bytes]","args":[{"element-6066-11e4-a52e-4f735466cecf":"f.5B2BCDE3632C5B3813A5BAB112425688.d.19C97C949ECF12EEE4B08CBEC9FB35E7.e.288"},"getTitle",[]]}
COMMAND: POST /session/bc43a641d06c6411fa8b79fe3bbb44bb/execute/async - {"script":"<script> [1562 bytes]","args":[{"selector":{"id":"shellAppTitle"},"wdio_ui5_key":"shellAppTitle"}]}
RESULT: {"script":"<script> [1562 bytes]","args":[{"selector":{"id":"shellAppTitle"},"wdio_ui5_key":"shellAppTitle"}]}
COMMAND: POST /session/bc43a641d06c6411fa8b79fe3bbb44bb/execute/async - {"script":"<script> [6424 bytes]","args":[{"element-6066-11e4-a52e-4f735466cecf":"f.5B2BCDE3632C5B3813A5BAB112425688.d.19C97C949ECF12EEE4B08CBEC9FB35E7.e.4405"},"getTitle",[]]}
RESULT: {"script":"<script> [6424 bytes]","args":[{"element-6066-11e4-a52e-4f735466cecf":"f.5B2BCDE3632C5B3813A5BAB112425688.d.19C97C949ECF12EEE4B08CBEC9FB35E7.e.4405"},"getTitle",[]]}
RESULT: undefined
COMMAND: POST /session/bc43a641d06c6411fa8b79fe3bbb44bb/element/f.5B2BCDE3632C5B3813A5BAB112425688.d.19C97C949ECF12EEE4B08CBEC9FB35E7.e.4210/click - {}
COMMAND: POST /session/bc43a641d06c6411fa8b79fe3bbb44bb/element - {"using":"xpath","value":"//*[@id=\"backBtn\"]"}
RESULT: {"using":"xpath","value":"//*[@id=\"backBtn\"]"}
COMMAND: POST /session/bc43a641d06c6411fa8b79fe3bbb44bb/element/f.5B2BCDE3632C5B3813A5BAB112425688.d.19C97C949ECF12EEE4B08CBEC9FB35E7.e.4210/click - {}
COMMAND: POST /session/bc43a641d06c6411fa8b79fe3bbb44bb/element - {"using":"xpath","value":"//*[@id=\"backBtn\"]"}
RESULT: {"using":"xpath","value":"//*[@id=\"backBtn\"]"}
COMMAND: POST /session/bc43a641d06c6411fa8b79fe3bbb44bb/element/f.5B2BCDE3632C5B3813A5BAB112425688.d.19C97C949ECF12EEE4B08CBEC9FB35E7.e.4406/click - {}
RESULT: {}
COMMAND: GET /session/bc43a641d06c6411fa8b79fe3bbb44bb/screenshot - {}
RESULT: {}
]]></system-out>
    </testcase>
    <testcase classname="chrome.136_0_7103_93.windows.Sanity_Tests_US104253" name="Should open Manage Logbook page" time="35.918">
      <system-out><![CDATA[
COMMAND: POST /session/bc43a641d06c6411fa8b79fe3bbb44bb/execute/async - {"script":"<script> [1562 bytes]","args":[{"selector":{"controlType":"sap.m.GenericTile","properties":{"header":"Manage Logbook"}},"wdio_ui5_key":"sapm.GenericTile{\"header\":\"Manage Logbook\"}"}]}
RESULT: {"script":"<script> [1562 bytes]","args":[{"selector":{"controlType":"sap.m.GenericTile","properties":{"header":"Manage Logbook"}},"wdio_ui5_key":"sapm.GenericTile{\"header\":\"Manage Logbook\"}"}]}
RESULT: undefined
COMMAND: POST /session/bc43a641d06c6411fa8b79fe3bbb44bb/element - {"using":"xpath","value":"//*[@id=\"__tile112\"]"}
RESULT: {"using":"xpath","value":"//*[@id=\"__tile112\"]"}
COMMAND: POST /session/bc43a641d06c6411fa8b79fe3bbb44bb/element/f.5B2BCDE3632C5B3813A5BAB112425688.d.19C97C949ECF12EEE4B08CBEC9FB35E7.e.4408/click - {}
RESULT: {}
COMMAND: GET /session/bc43a641d06c6411fa8b79fe3bbb44bb/screenshot - {}
RESULT: {}
COMMAND: POST /session/bc43a641d06c6411fa8b79fe3bbb44bb/elements - {"using":"xpath","value":"//span[text()='Error']"}
RESULT: {"using":"xpath","value":"//span[text()='Error']"}
RESULT: undefined
COMMAND: POST /session/bc43a641d06c6411fa8b79fe3bbb44bb/element - {"using":"xpath","value":"//*[@id=\"__tile112\"]"}
RESULT: {"using":"xpath","value":"//*[@id=\"__tile112\"]"}
COMMAND: POST /session/bc43a641d06c6411fa8b79fe3bbb44bb/element/f.5B2BCDE3632C5B3813A5BAB112425688.d.19C97C949ECF12EEE4B08CBEC9FB35E7.e.4408/click - {}
RESULT: undefined
COMMAND: POST /session/bc43a641d06c6411fa8b79fe3bbb44bb/element - {"using":"xpath","value":"//*[@id=\"__tile112\"]"}
RESULT: {"using":"xpath","value":"//*[@id=\"__tile112\"]"}
COMMAND: POST /session/bc43a641d06c6411fa8b79fe3bbb44bb/element/f.5B2BCDE3632C5B3813A5BAB112425688.d.19C97C949ECF12EEE4B08CBEC9FB35E7.e.4408/click - {}
RESULT: undefined
COMMAND: POST /session/bc43a641d06c6411fa8b79fe3bbb44bb/execute/async - {"script":"<script> [6424 bytes]","args":[{"element-6066-11e4-a52e-4f735466cecf":"f.5B2BCDE3632C5B3813A5BAB112425688.d.19C97C949ECF12EEE4B08CBEC9FB35E7.e.288"},"getTitle",[]]}
COMMAND: POST /session/bc43a641d06c6411fa8b79fe3bbb44bb/execute/async - {"script":"<script> [1562 bytes]","args":[{"selector":{"id":"shellAppTitle"},"wdio_ui5_key":"shellAppTitle"}]}
RESULT: {"script":"<script> [1562 bytes]","args":[{"selector":{"id":"shellAppTitle"},"wdio_ui5_key":"shellAppTitle"}]}
COMMAND: POST /session/bc43a641d06c6411fa8b79fe3bbb44bb/execute/async - {"script":"<script> [6424 bytes]","args":[{"element-6066-11e4-a52e-4f735466cecf":"f.5B2BCDE3632C5B3813A5BAB112425688.d.19C97C949ECF12EEE4B08CBEC9FB35E7.e.4498"},"getTitle",[]]}
RESULT: {"script":"<script> [6424 bytes]","args":[{"element-6066-11e4-a52e-4f735466cecf":"f.5B2BCDE3632C5B3813A5BAB112425688.d.19C97C949ECF12EEE4B08CBEC9FB35E7.e.4498"},"getTitle",[]]}
RESULT: undefined
COMMAND: POST /session/bc43a641d06c6411fa8b79fe3bbb44bb/element/f.5B2BCDE3632C5B3813A5BAB112425688.d.19C97C949ECF12EEE4B08CBEC9FB35E7.e.4406/click - {}
RESULT: {}
COMMAND: GET /session/bc43a641d06c6411fa8b79fe3bbb44bb/screenshot - {}
RESULT: {}
]]></system-out>
    </testcase>
    <testcase classname="chrome.136_0_7103_93.windows.Sanity_Tests_US104253" name="Should open ISC Orders Calendar page" time="36.848">
      <system-out><![CDATA[
COMMAND: POST /session/bc43a641d06c6411fa8b79fe3bbb44bb/execute/async - {"script":"<script> [1562 bytes]","args":[{"selector":{"controlType":"sap.m.GenericTile","properties":{"header":"ISC Orders Calendar"}},"wdio_ui5_key":"sapm.GenericTile{\"header\":\"ISC Orders Calendar\"}"}]}
RESULT: {"script":"<script> [1562 bytes]","args":[{"selector":{"controlType":"sap.m.GenericTile","properties":{"header":"ISC Orders Calendar"}},"wdio_ui5_key":"sapm.GenericTile{\"header\":\"ISC Orders Calendar\"}"}]}
RESULT: undefined
COMMAND: POST /session/bc43a641d06c6411fa8b79fe3bbb44bb/element - {"using":"xpath","value":"//*[@id=\"__tile107\"]"}
RESULT: {"using":"xpath","value":"//*[@id=\"__tile107\"]"}
COMMAND: POST /session/bc43a641d06c6411fa8b79fe3bbb44bb/element/f.5B2BCDE3632C5B3813A5BAB112425688.d.19C97C949ECF12EEE4B08CBEC9FB35E7.e.4500/click - {}
RESULT: {}
COMMAND: GET /session/bc43a641d06c6411fa8b79fe3bbb44bb/screenshot - {}
RESULT: {}
COMMAND: POST /session/bc43a641d06c6411fa8b79fe3bbb44bb/elements - {"using":"xpath","value":"//span[text()='Error']"}
RESULT: {"using":"xpath","value":"//span[text()='Error']"}
RESULT: undefined
COMMAND: POST /session/bc43a641d06c6411fa8b79fe3bbb44bb/element - {"using":"xpath","value":"//*[@id=\"__tile107\"]"}
RESULT: {"using":"xpath","value":"//*[@id=\"__tile107\"]"}
COMMAND: POST /session/bc43a641d06c6411fa8b79fe3bbb44bb/element/f.5B2BCDE3632C5B3813A5BAB112425688.d.19C97C949ECF12EEE4B08CBEC9FB35E7.e.4500/click - {}
RESULT: undefined
COMMAND: POST /session/bc43a641d06c6411fa8b79fe3bbb44bb/element - {"using":"xpath","value":"//*[@id=\"__tile107\"]"}
RESULT: {"using":"xpath","value":"//*[@id=\"__tile107\"]"}
COMMAND: POST /session/bc43a641d06c6411fa8b79fe3bbb44bb/element/f.5B2BCDE3632C5B3813A5BAB112425688.d.19C97C949ECF12EEE4B08CBEC9FB35E7.e.4500/click - {}
RESULT: undefined
COMMAND: POST /session/bc43a641d06c6411fa8b79fe3bbb44bb/execute/async - {"script":"<script> [6424 bytes]","args":[{"element-6066-11e4-a52e-4f735466cecf":"f.5B2BCDE3632C5B3813A5BAB112425688.d.19C97C949ECF12EEE4B08CBEC9FB35E7.e.288"},"getTitle",[]]}
COMMAND: POST /session/bc43a641d06c6411fa8b79fe3bbb44bb/execute/async - {"script":"<script> [1562 bytes]","args":[{"selector":{"id":"shellAppTitle"},"wdio_ui5_key":"shellAppTitle"}]}
RESULT: {"script":"<script> [1562 bytes]","args":[{"selector":{"id":"shellAppTitle"},"wdio_ui5_key":"shellAppTitle"}]}
COMMAND: POST /session/bc43a641d06c6411fa8b79fe3bbb44bb/execute/async - {"script":"<script> [6424 bytes]","args":[{"element-6066-11e4-a52e-4f735466cecf":"f.5B2BCDE3632C5B3813A5BAB112425688.d.19C97C949ECF12EEE4B08CBEC9FB35E7.e.4707"},"getTitle",[]]}
RESULT: {"script":"<script> [6424 bytes]","args":[{"element-6066-11e4-a52e-4f735466cecf":"f.5B2BCDE3632C5B3813A5BAB112425688.d.19C97C949ECF12EEE4B08CBEC9FB35E7.e.4707"},"getTitle",[]]}
RESULT: undefined
COMMAND: POST /session/bc43a641d06c6411fa8b79fe3bbb44bb/element/f.5B2BCDE3632C5B3813A5BAB112425688.d.19C97C949ECF12EEE4B08CBEC9FB35E7.e.4406/click - {}
COMMAND: POST /session/bc43a641d06c6411fa8b79fe3bbb44bb/element - {"using":"xpath","value":"//*[@id=\"backBtn\"]"}
RESULT: {"using":"xpath","value":"//*[@id=\"backBtn\"]"}
COMMAND: POST /session/bc43a641d06c6411fa8b79fe3bbb44bb/element/f.5B2BCDE3632C5B3813A5BAB112425688.d.19C97C949ECF12EEE4B08CBEC9FB35E7.e.4406/click - {}
COMMAND: POST /session/bc43a641d06c6411fa8b79fe3bbb44bb/element - {"using":"xpath","value":"//*[@id=\"backBtn\"]"}
RESULT: {"using":"xpath","value":"//*[@id=\"backBtn\"]"}
COMMAND: POST /session/bc43a641d06c6411fa8b79fe3bbb44bb/element/f.5B2BCDE3632C5B3813A5BAB112425688.d.19C97C949ECF12EEE4B08CBEC9FB35E7.e.4708/click - {}
RESULT: {}
COMMAND: GET /session/bc43a641d06c6411fa8b79fe3bbb44bb/screenshot - {}
RESULT: {}
]]></system-out>
    </testcase>
    <testcase classname="chrome.136_0_7103_93.windows.Sanity_Tests_US104253" name="Should open Configure System page" time="37.515">
      <system-out><![CDATA[
COMMAND: POST /session/bc43a641d06c6411fa8b79fe3bbb44bb/execute/async - {"script":"<script> [1562 bytes]","args":[{"selector":{"controlType":"sap.m.GenericTile","properties":{"header":"Configure System"}},"wdio_ui5_key":"sapm.GenericTile{\"header\":\"Configure System\"}"}]}
RESULT: {"script":"<script> [1562 bytes]","args":[{"selector":{"controlType":"sap.m.GenericTile","properties":{"header":"Configure System"}},"wdio_ui5_key":"sapm.GenericTile{\"header\":\"Configure System\"}"}]}
RESULT: undefined
COMMAND: POST /session/bc43a641d06c6411fa8b79fe3bbb44bb/element - {"using":"xpath","value":"//*[@id=\"__tile114\"]"}
RESULT: {"using":"xpath","value":"//*[@id=\"__tile114\"]"}
COMMAND: POST /session/bc43a641d06c6411fa8b79fe3bbb44bb/element/f.5B2BCDE3632C5B3813A5BAB112425688.d.19C97C949ECF12EEE4B08CBEC9FB35E7.e.4710/click - {}
RESULT: {}
COMMAND: GET /session/bc43a641d06c6411fa8b79fe3bbb44bb/screenshot - {}
RESULT: {}
COMMAND: POST /session/bc43a641d06c6411fa8b79fe3bbb44bb/elements - {"using":"xpath","value":"//span[text()='Error']"}
RESULT: {"using":"xpath","value":"//span[text()='Error']"}
RESULT: undefined
COMMAND: POST /session/bc43a641d06c6411fa8b79fe3bbb44bb/element - {"using":"xpath","value":"//*[@id=\"__tile114\"]"}
RESULT: {"using":"xpath","value":"//*[@id=\"__tile114\"]"}
COMMAND: POST /session/bc43a641d06c6411fa8b79fe3bbb44bb/element/f.5B2BCDE3632C5B3813A5BAB112425688.d.19C97C949ECF12EEE4B08CBEC9FB35E7.e.4710/click - {}
RESULT: undefined
COMMAND: POST /session/bc43a641d06c6411fa8b79fe3bbb44bb/element - {"using":"xpath","value":"//*[@id=\"__tile114\"]"}
RESULT: {"using":"xpath","value":"//*[@id=\"__tile114\"]"}
COMMAND: POST /session/bc43a641d06c6411fa8b79fe3bbb44bb/element/f.5B2BCDE3632C5B3813A5BAB112425688.d.19C97C949ECF12EEE4B08CBEC9FB35E7.e.4710/click - {}
RESULT: undefined
COMMAND: POST /session/bc43a641d06c6411fa8b79fe3bbb44bb/execute/async - {"script":"<script> [6424 bytes]","args":[{"element-6066-11e4-a52e-4f735466cecf":"f.5B2BCDE3632C5B3813A5BAB112425688.d.19C97C949ECF12EEE4B08CBEC9FB35E7.e.288"},"getTitle",[]]}
COMMAND: POST /session/bc43a641d06c6411fa8b79fe3bbb44bb/execute/async - {"script":"<script> [1562 bytes]","args":[{"selector":{"id":"shellAppTitle"},"wdio_ui5_key":"shellAppTitle"}]}
RESULT: {"script":"<script> [1562 bytes]","args":[{"selector":{"id":"shellAppTitle"},"wdio_ui5_key":"shellAppTitle"}]}
COMMAND: POST /session/bc43a641d06c6411fa8b79fe3bbb44bb/execute/async - {"script":"<script> [6424 bytes]","args":[{"element-6066-11e4-a52e-4f735466cecf":"f.5B2BCDE3632C5B3813A5BAB112425688.d.19C97C949ECF12EEE4B08CBEC9FB35E7.e.4757"},"getTitle",[]]}
RESULT: {"script":"<script> [6424 bytes]","args":[{"element-6066-11e4-a52e-4f735466cecf":"f.5B2BCDE3632C5B3813A5BAB112425688.d.19C97C949ECF12EEE4B08CBEC9FB35E7.e.4757"},"getTitle",[]]}
RESULT: undefined
COMMAND: POST /session/bc43a641d06c6411fa8b79fe3bbb44bb/element/f.5B2BCDE3632C5B3813A5BAB112425688.d.19C97C949ECF12EEE4B08CBEC9FB35E7.e.4708/click - {}
RESULT: {}
COMMAND: GET /session/bc43a641d06c6411fa8b79fe3bbb44bb/screenshot - {}
RESULT: {}
]]></system-out>
    </testcase>
    <testcase classname="chrome.136_0_7103_93.windows.Sanity_Tests_US104253" name="Should open Manage Classifications page" time="35.914">
      <system-out><![CDATA[
COMMAND: POST /session/bc43a641d06c6411fa8b79fe3bbb44bb/execute/async - {"script":"<script> [1562 bytes]","args":[{"selector":{"controlType":"sap.m.GenericTile","properties":{"header":"Manage Classifications"}},"wdio_ui5_key":"sapm.GenericTile{\"header\":\"Manage Classifications\"}"}]}
RESULT: {"script":"<script> [1562 bytes]","args":[{"selector":{"controlType":"sap.m.GenericTile","properties":{"header":"Manage Classifications"}},"wdio_ui5_key":"sapm.GenericTile{\"header\":\"Manage Classifications\"}"}]}
RESULT: undefined
COMMAND: POST /session/bc43a641d06c6411fa8b79fe3bbb44bb/element - {"using":"xpath","value":"//*[@id=\"__tile115\"]"}
RESULT: {"using":"xpath","value":"//*[@id=\"__tile115\"]"}
COMMAND: POST /session/bc43a641d06c6411fa8b79fe3bbb44bb/element/f.5B2BCDE3632C5B3813A5BAB112425688.d.19C97C949ECF12EEE4B08CBEC9FB35E7.e.4760/click - {}
RESULT: {}
COMMAND: GET /session/bc43a641d06c6411fa8b79fe3bbb44bb/screenshot - {}
RESULT: {}
COMMAND: POST /session/bc43a641d06c6411fa8b79fe3bbb44bb/elements - {"using":"xpath","value":"//span[text()='Error']"}
RESULT: {"using":"xpath","value":"//span[text()='Error']"}
RESULT: undefined
COMMAND: POST /session/bc43a641d06c6411fa8b79fe3bbb44bb/element - {"using":"xpath","value":"//*[@id=\"__tile115\"]"}
RESULT: {"using":"xpath","value":"//*[@id=\"__tile115\"]"}
COMMAND: POST /session/bc43a641d06c6411fa8b79fe3bbb44bb/element/f.5B2BCDE3632C5B3813A5BAB112425688.d.19C97C949ECF12EEE4B08CBEC9FB35E7.e.4760/click - {}
RESULT: undefined
COMMAND: POST /session/bc43a641d06c6411fa8b79fe3bbb44bb/element - {"using":"xpath","value":"//*[@id=\"__tile115\"]"}
RESULT: {"using":"xpath","value":"//*[@id=\"__tile115\"]"}
COMMAND: POST /session/bc43a641d06c6411fa8b79fe3bbb44bb/element/f.5B2BCDE3632C5B3813A5BAB112425688.d.19C97C949ECF12EEE4B08CBEC9FB35E7.e.4760/click - {}
RESULT: undefined
COMMAND: POST /session/bc43a641d06c6411fa8b79fe3bbb44bb/execute/async - {"script":"<script> [6424 bytes]","args":[{"element-6066-11e4-a52e-4f735466cecf":"f.5B2BCDE3632C5B3813A5BAB112425688.d.19C97C949ECF12EEE4B08CBEC9FB35E7.e.288"},"getTitle",[]]}
COMMAND: POST /session/bc43a641d06c6411fa8b79fe3bbb44bb/execute/async - {"script":"<script> [1562 bytes]","args":[{"selector":{"id":"shellAppTitle"},"wdio_ui5_key":"shellAppTitle"}]}
RESULT: {"script":"<script> [1562 bytes]","args":[{"selector":{"id":"shellAppTitle"},"wdio_ui5_key":"shellAppTitle"}]}
COMMAND: POST /session/bc43a641d06c6411fa8b79fe3bbb44bb/execute/async - {"script":"<script> [6424 bytes]","args":[{"element-6066-11e4-a52e-4f735466cecf":"f.5B2BCDE3632C5B3813A5BAB112425688.d.19C97C949ECF12EEE4B08CBEC9FB35E7.e.4975"},"getTitle",[]]}
RESULT: {"script":"<script> [6424 bytes]","args":[{"element-6066-11e4-a52e-4f735466cecf":"f.5B2BCDE3632C5B3813A5BAB112425688.d.19C97C949ECF12EEE4B08CBEC9FB35E7.e.4975"},"getTitle",[]]}
RESULT: undefined
COMMAND: POST /session/bc43a641d06c6411fa8b79fe3bbb44bb/element/f.5B2BCDE3632C5B3813A5BAB112425688.d.19C97C949ECF12EEE4B08CBEC9FB35E7.e.4708/click - {}
COMMAND: POST /session/bc43a641d06c6411fa8b79fe3bbb44bb/element - {"using":"xpath","value":"//*[@id=\"backBtn\"]"}
RESULT: {"using":"xpath","value":"//*[@id=\"backBtn\"]"}
COMMAND: POST /session/bc43a641d06c6411fa8b79fe3bbb44bb/element/f.5B2BCDE3632C5B3813A5BAB112425688.d.19C97C949ECF12EEE4B08CBEC9FB35E7.e.4708/click - {}
COMMAND: POST /session/bc43a641d06c6411fa8b79fe3bbb44bb/element - {"using":"xpath","value":"//*[@id=\"backBtn\"]"}
RESULT: {"using":"xpath","value":"//*[@id=\"backBtn\"]"}
COMMAND: POST /session/bc43a641d06c6411fa8b79fe3bbb44bb/element/f.5B2BCDE3632C5B3813A5BAB112425688.d.19C97C949ECF12EEE4B08CBEC9FB35E7.e.4976/click - {}
RESULT: {}
COMMAND: GET /session/bc43a641d06c6411fa8b79fe3bbb44bb/screenshot - {}
RESULT: {}
]]></system-out>
    </testcase>
    <testcase classname="chrome.136_0_7103_93.windows.Sanity_Tests_US104253" name="Should open Data Explorer page" time="36.558">
      <system-out><![CDATA[
COMMAND: POST /session/bc43a641d06c6411fa8b79fe3bbb44bb/execute/async - {"script":"<script> [1562 bytes]","args":[{"selector":{"controlType":"sap.m.GenericTile","properties":{"header":"Data Explorer"}},"wdio_ui5_key":"sapm.GenericTile{\"header\":\"Data Explorer\"}"}]}
RESULT: {"script":"<script> [1562 bytes]","args":[{"selector":{"controlType":"sap.m.GenericTile","properties":{"header":"Data Explorer"}},"wdio_ui5_key":"sapm.GenericTile{\"header\":\"Data Explorer\"}"}]}
RESULT: undefined
COMMAND: POST /session/bc43a641d06c6411fa8b79fe3bbb44bb/element - {"using":"xpath","value":"//*[@id=\"__tile117\"]"}
RESULT: {"using":"xpath","value":"//*[@id=\"__tile117\"]"}
COMMAND: POST /session/bc43a641d06c6411fa8b79fe3bbb44bb/element/f.5B2BCDE3632C5B3813A5BAB112425688.d.19C97C949ECF12EEE4B08CBEC9FB35E7.e.4978/click - {}
RESULT: {}
COMMAND: GET /session/bc43a641d06c6411fa8b79fe3bbb44bb/screenshot - {}
RESULT: {}
COMMAND: POST /session/bc43a641d06c6411fa8b79fe3bbb44bb/elements - {"using":"xpath","value":"//span[text()='Error']"}
RESULT: {"using":"xpath","value":"//span[text()='Error']"}
RESULT: undefined
COMMAND: POST /session/bc43a641d06c6411fa8b79fe3bbb44bb/element - {"using":"xpath","value":"//*[@id=\"__tile117\"]"}
RESULT: {"using":"xpath","value":"//*[@id=\"__tile117\"]"}
COMMAND: POST /session/bc43a641d06c6411fa8b79fe3bbb44bb/element/f.5B2BCDE3632C5B3813A5BAB112425688.d.19C97C949ECF12EEE4B08CBEC9FB35E7.e.4978/click - {}
RESULT: undefined
COMMAND: POST /session/bc43a641d06c6411fa8b79fe3bbb44bb/element - {"using":"xpath","value":"//*[@id=\"__tile117\"]"}
RESULT: {"using":"xpath","value":"//*[@id=\"__tile117\"]"}
COMMAND: POST /session/bc43a641d06c6411fa8b79fe3bbb44bb/element/f.5B2BCDE3632C5B3813A5BAB112425688.d.19C97C949ECF12EEE4B08CBEC9FB35E7.e.4978/click - {}
RESULT: undefined
COMMAND: POST /session/bc43a641d06c6411fa8b79fe3bbb44bb/execute/async - {"script":"<script> [6424 bytes]","args":[{"element-6066-11e4-a52e-4f735466cecf":"f.5B2BCDE3632C5B3813A5BAB112425688.d.19C97C949ECF12EEE4B08CBEC9FB35E7.e.288"},"getTitle",[]]}
COMMAND: POST /session/bc43a641d06c6411fa8b79fe3bbb44bb/execute/async - {"script":"<script> [1562 bytes]","args":[{"selector":{"id":"shellAppTitle"},"wdio_ui5_key":"shellAppTitle"}]}
RESULT: {"script":"<script> [1562 bytes]","args":[{"selector":{"id":"shellAppTitle"},"wdio_ui5_key":"shellAppTitle"}]}
COMMAND: POST /session/bc43a641d06c6411fa8b79fe3bbb44bb/execute/async - {"script":"<script> [6424 bytes]","args":[{"element-6066-11e4-a52e-4f735466cecf":"f.5B2BCDE3632C5B3813A5BAB112425688.d.19C97C949ECF12EEE4B08CBEC9FB35E7.e.5156"},"getTitle",[]]}
RESULT: {"script":"<script> [6424 bytes]","args":[{"element-6066-11e4-a52e-4f735466cecf":"f.5B2BCDE3632C5B3813A5BAB112425688.d.19C97C949ECF12EEE4B08CBEC9FB35E7.e.5156"},"getTitle",[]]}
RESULT: undefined
COMMAND: POST /session/bc43a641d06c6411fa8b79fe3bbb44bb/element/f.5B2BCDE3632C5B3813A5BAB112425688.d.19C97C949ECF12EEE4B08CBEC9FB35E7.e.4976/click - {}
RESULT: {}
COMMAND: GET /session/bc43a641d06c6411fa8b79fe3bbb44bb/screenshot - {}
RESULT: {}
]]></system-out>
    </testcase>
    <testcase classname="chrome.136_0_7103_93.windows.Sanity_Tests_US104253" name="Should open Performance Monitor page" time="35.943">
      <system-out><![CDATA[
COMMAND: POST /session/bc43a641d06c6411fa8b79fe3bbb44bb/execute/async - {"script":"<script> [1562 bytes]","args":[{"selector":{"controlType":"sap.m.GenericTile","properties":{"header":"Performance Monitor"}},"wdio_ui5_key":"sapm.GenericTile{\"header\":\"Performance Monitor\"}"}]}
RESULT: {"script":"<script> [1562 bytes]","args":[{"selector":{"controlType":"sap.m.GenericTile","properties":{"header":"Performance Monitor"}},"wdio_ui5_key":"sapm.GenericTile{\"header\":\"Performance Monitor\"}"}]}
RESULT: undefined
COMMAND: POST /session/bc43a641d06c6411fa8b79fe3bbb44bb/element - {"using":"xpath","value":"//*[@id=\"__tile116\"]"}
RESULT: {"using":"xpath","value":"//*[@id=\"__tile116\"]"}
COMMAND: POST /session/bc43a641d06c6411fa8b79fe3bbb44bb/element/f.5B2BCDE3632C5B3813A5BAB112425688.d.19C97C949ECF12EEE4B08CBEC9FB35E7.e.5158/click - {}
RESULT: {}
COMMAND: GET /session/bc43a641d06c6411fa8b79fe3bbb44bb/screenshot - {}
RESULT: {}
COMMAND: POST /session/bc43a641d06c6411fa8b79fe3bbb44bb/elements - {"using":"xpath","value":"//span[text()='Error']"}
RESULT: {"using":"xpath","value":"//span[text()='Error']"}
RESULT: undefined
COMMAND: POST /session/bc43a641d06c6411fa8b79fe3bbb44bb/element - {"using":"xpath","value":"//*[@id=\"__tile116\"]"}
RESULT: {"using":"xpath","value":"//*[@id=\"__tile116\"]"}
COMMAND: POST /session/bc43a641d06c6411fa8b79fe3bbb44bb/element/f.5B2BCDE3632C5B3813A5BAB112425688.d.19C97C949ECF12EEE4B08CBEC9FB35E7.e.5158/click - {}
RESULT: undefined
COMMAND: POST /session/bc43a641d06c6411fa8b79fe3bbb44bb/element - {"using":"xpath","value":"//*[@id=\"__tile116\"]"}
RESULT: {"using":"xpath","value":"//*[@id=\"__tile116\"]"}
COMMAND: POST /session/bc43a641d06c6411fa8b79fe3bbb44bb/element/f.5B2BCDE3632C5B3813A5BAB112425688.d.19C97C949ECF12EEE4B08CBEC9FB35E7.e.5158/click - {}
RESULT: undefined
COMMAND: POST /session/bc43a641d06c6411fa8b79fe3bbb44bb/execute/async - {"script":"<script> [6424 bytes]","args":[{"element-6066-11e4-a52e-4f735466cecf":"f.5B2BCDE3632C5B3813A5BAB112425688.d.19C97C949ECF12EEE4B08CBEC9FB35E7.e.288"},"getTitle",[]]}
COMMAND: POST /session/bc43a641d06c6411fa8b79fe3bbb44bb/execute/async - {"script":"<script> [1562 bytes]","args":[{"selector":{"id":"shellAppTitle"},"wdio_ui5_key":"shellAppTitle"}]}
RESULT: {"script":"<script> [1562 bytes]","args":[{"selector":{"id":"shellAppTitle"},"wdio_ui5_key":"shellAppTitle"}]}
COMMAND: POST /session/bc43a641d06c6411fa8b79fe3bbb44bb/execute/async - {"script":"<script> [6424 bytes]","args":[{"element-6066-11e4-a52e-4f735466cecf":"f.5B2BCDE3632C5B3813A5BAB112425688.d.19C97C949ECF12EEE4B08CBEC9FB35E7.e.5198"},"getTitle",[]]}
RESULT: {"script":"<script> [6424 bytes]","args":[{"element-6066-11e4-a52e-4f735466cecf":"f.5B2BCDE3632C5B3813A5BAB112425688.d.19C97C949ECF12EEE4B08CBEC9FB35E7.e.5198"},"getTitle",[]]}
RESULT: undefined
COMMAND: POST /session/bc43a641d06c6411fa8b79fe3bbb44bb/element/f.5B2BCDE3632C5B3813A5BAB112425688.d.19C97C949ECF12EEE4B08CBEC9FB35E7.e.4976/click - {}
COMMAND: POST /session/bc43a641d06c6411fa8b79fe3bbb44bb/element - {"using":"xpath","value":"//*[@id=\"backBtn\"]"}
RESULT: {"using":"xpath","value":"//*[@id=\"backBtn\"]"}
COMMAND: POST /session/bc43a641d06c6411fa8b79fe3bbb44bb/element/f.5B2BCDE3632C5B3813A5BAB112425688.d.19C97C949ECF12EEE4B08CBEC9FB35E7.e.4976/click - {}
COMMAND: POST /session/bc43a641d06c6411fa8b79fe3bbb44bb/element - {"using":"xpath","value":"//*[@id=\"backBtn\"]"}
RESULT: {"using":"xpath","value":"//*[@id=\"backBtn\"]"}
COMMAND: POST /session/bc43a641d06c6411fa8b79fe3bbb44bb/element/f.5B2BCDE3632C5B3813A5BAB112425688.d.19C97C949ECF12EEE4B08CBEC9FB35E7.e.5199/click - {}
RESULT: {}
COMMAND: GET /session/bc43a641d06c6411fa8b79fe3bbb44bb/screenshot - {}
RESULT: {}
]]></system-out>
    </testcase>
    <testcase classname="chrome.136_0_7103_93.windows.Sanity_Tests_US104253" name="Should open Organizational Model page" time="36.239">
      <system-out><![CDATA[
COMMAND: POST /session/bc43a641d06c6411fa8b79fe3bbb44bb/execute/async - {"script":"<script> [1562 bytes]","args":[{"selector":{"controlType":"sap.m.GenericTile","properties":{"header":"Organizational Model"}},"wdio_ui5_key":"sapm.GenericTile{\"header\":\"Organizational Model\"}"}]}
RESULT: {"script":"<script> [1562 bytes]","args":[{"selector":{"controlType":"sap.m.GenericTile","properties":{"header":"Organizational Model"}},"wdio_ui5_key":"sapm.GenericTile{\"header\":\"Organizational Model\"}"}]}
RESULT: undefined
COMMAND: POST /session/bc43a641d06c6411fa8b79fe3bbb44bb/element - {"using":"xpath","value":"//*[@id=\"__tile120\"]"}
RESULT: {"using":"xpath","value":"//*[@id=\"__tile120\"]"}
COMMAND: POST /session/bc43a641d06c6411fa8b79fe3bbb44bb/element/f.5B2BCDE3632C5B3813A5BAB112425688.d.19C97C949ECF12EEE4B08CBEC9FB35E7.e.5202/click - {}
RESULT: {}
COMMAND: GET /session/bc43a641d06c6411fa8b79fe3bbb44bb/screenshot - {}
RESULT: {}
COMMAND: POST /session/bc43a641d06c6411fa8b79fe3bbb44bb/elements - {"using":"xpath","value":"//span[text()='Error']"}
RESULT: {"using":"xpath","value":"//span[text()='Error']"}
RESULT: undefined
COMMAND: POST /session/bc43a641d06c6411fa8b79fe3bbb44bb/element - {"using":"xpath","value":"//*[@id=\"__tile120\"]"}
RESULT: {"using":"xpath","value":"//*[@id=\"__tile120\"]"}
COMMAND: POST /session/bc43a641d06c6411fa8b79fe3bbb44bb/element/f.5B2BCDE3632C5B3813A5BAB112425688.d.19C97C949ECF12EEE4B08CBEC9FB35E7.e.5202/click - {}
RESULT: undefined
COMMAND: POST /session/bc43a641d06c6411fa8b79fe3bbb44bb/element - {"using":"xpath","value":"//*[@id=\"__tile120\"]"}
RESULT: {"using":"xpath","value":"//*[@id=\"__tile120\"]"}
COMMAND: POST /session/bc43a641d06c6411fa8b79fe3bbb44bb/element/f.5B2BCDE3632C5B3813A5BAB112425688.d.19C97C949ECF12EEE4B08CBEC9FB35E7.e.5202/click - {}
RESULT: undefined
COMMAND: POST /session/bc43a641d06c6411fa8b79fe3bbb44bb/execute/async - {"script":"<script> [6424 bytes]","args":[{"element-6066-11e4-a52e-4f735466cecf":"f.5B2BCDE3632C5B3813A5BAB112425688.d.19C97C949ECF12EEE4B08CBEC9FB35E7.e.288"},"getTitle",[]]}
COMMAND: POST /session/bc43a641d06c6411fa8b79fe3bbb44bb/execute/async - {"script":"<script> [1562 bytes]","args":[{"selector":{"id":"shellAppTitle"},"wdio_ui5_key":"shellAppTitle"}]}
RESULT: {"script":"<script> [1562 bytes]","args":[{"selector":{"id":"shellAppTitle"},"wdio_ui5_key":"shellAppTitle"}]}
COMMAND: POST /session/bc43a641d06c6411fa8b79fe3bbb44bb/execute/async - {"script":"<script> [6424 bytes]","args":[{"element-6066-11e4-a52e-4f735466cecf":"f.5B2BCDE3632C5B3813A5BAB112425688.d.19C97C949ECF12EEE4B08CBEC9FB35E7.e.5219"},"getTitle",[]]}
RESULT: {"script":"<script> [6424 bytes]","args":[{"element-6066-11e4-a52e-4f735466cecf":"f.5B2BCDE3632C5B3813A5BAB112425688.d.19C97C949ECF12EEE4B08CBEC9FB35E7.e.5219"},"getTitle",[]]}
RESULT: undefined
COMMAND: POST /session/bc43a641d06c6411fa8b79fe3bbb44bb/element/f.5B2BCDE3632C5B3813A5BAB112425688.d.19C97C949ECF12EEE4B08CBEC9FB35E7.e.5199/click - {}
RESULT: {}
COMMAND: GET /session/bc43a641d06c6411fa8b79fe3bbb44bb/screenshot - {}
RESULT: {}
]]></system-out>
    </testcase>
    <testcase classname="chrome.136_0_7103_93.windows.Sanity_Tests_US104253" name="Should open Manage Roles page" time="35.895">
      <system-out><![CDATA[
COMMAND: POST /session/bc43a641d06c6411fa8b79fe3bbb44bb/execute/async - {"script":"<script> [1562 bytes]","args":[{"selector":{"controlType":"sap.m.GenericTile","properties":{"header":"Manage Roles"}},"wdio_ui5_key":"sapm.GenericTile{\"header\":\"Manage Roles\"}"}]}
RESULT: {"script":"<script> [1562 bytes]","args":[{"selector":{"controlType":"sap.m.GenericTile","properties":{"header":"Manage Roles"}},"wdio_ui5_key":"sapm.GenericTile{\"header\":\"Manage Roles\"}"}]}
RESULT: undefined
COMMAND: POST /session/bc43a641d06c6411fa8b79fe3bbb44bb/element - {"using":"xpath","value":"//*[@id=\"__tile119\"]"}
RESULT: {"using":"xpath","value":"//*[@id=\"__tile119\"]"}
COMMAND: POST /session/bc43a641d06c6411fa8b79fe3bbb44bb/element/f.5B2BCDE3632C5B3813A5BAB112425688.d.19C97C949ECF12EEE4B08CBEC9FB35E7.e.5223/click - {}
RESULT: {}
COMMAND: GET /session/bc43a641d06c6411fa8b79fe3bbb44bb/screenshot - {}
RESULT: {}
COMMAND: POST /session/bc43a641d06c6411fa8b79fe3bbb44bb/elements - {"using":"xpath","value":"//span[text()='Error']"}
RESULT: {"using":"xpath","value":"//span[text()='Error']"}
RESULT: undefined
COMMAND: POST /session/bc43a641d06c6411fa8b79fe3bbb44bb/element - {"using":"xpath","value":"//*[@id=\"__tile119\"]"}
RESULT: {"using":"xpath","value":"//*[@id=\"__tile119\"]"}
COMMAND: POST /session/bc43a641d06c6411fa8b79fe3bbb44bb/element/f.5B2BCDE3632C5B3813A5BAB112425688.d.19C97C949ECF12EEE4B08CBEC9FB35E7.e.5223/click - {}
RESULT: undefined
COMMAND: POST /session/bc43a641d06c6411fa8b79fe3bbb44bb/element - {"using":"xpath","value":"//*[@id=\"__tile119\"]"}
RESULT: {"using":"xpath","value":"//*[@id=\"__tile119\"]"}
COMMAND: POST /session/bc43a641d06c6411fa8b79fe3bbb44bb/element/f.5B2BCDE3632C5B3813A5BAB112425688.d.19C97C949ECF12EEE4B08CBEC9FB35E7.e.5223/click - {}
RESULT: undefined
COMMAND: POST /session/bc43a641d06c6411fa8b79fe3bbb44bb/execute/async - {"script":"<script> [6424 bytes]","args":[{"element-6066-11e4-a52e-4f735466cecf":"f.5B2BCDE3632C5B3813A5BAB112425688.d.19C97C949ECF12EEE4B08CBEC9FB35E7.e.288"},"getTitle",[]]}
COMMAND: POST /session/bc43a641d06c6411fa8b79fe3bbb44bb/execute/async - {"script":"<script> [1562 bytes]","args":[{"selector":{"id":"shellAppTitle"},"wdio_ui5_key":"shellAppTitle"}]}
RESULT: {"script":"<script> [1562 bytes]","args":[{"selector":{"id":"shellAppTitle"},"wdio_ui5_key":"shellAppTitle"}]}
COMMAND: POST /session/bc43a641d06c6411fa8b79fe3bbb44bb/execute/async - {"script":"<script> [6424 bytes]","args":[{"element-6066-11e4-a52e-4f735466cecf":"f.5B2BCDE3632C5B3813A5BAB112425688.d.19C97C949ECF12EEE4B08CBEC9FB35E7.e.5267"},"getTitle",[]]}
RESULT: {"script":"<script> [6424 bytes]","args":[{"element-6066-11e4-a52e-4f735466cecf":"f.5B2BCDE3632C5B3813A5BAB112425688.d.19C97C949ECF12EEE4B08CBEC9FB35E7.e.5267"},"getTitle",[]]}
RESULT: undefined
COMMAND: POST /session/bc43a641d06c6411fa8b79fe3bbb44bb/element/f.5B2BCDE3632C5B3813A5BAB112425688.d.19C97C949ECF12EEE4B08CBEC9FB35E7.e.5199/click - {}
COMMAND: POST /session/bc43a641d06c6411fa8b79fe3bbb44bb/element - {"using":"xpath","value":"//*[@id=\"backBtn\"]"}
RESULT: {"using":"xpath","value":"//*[@id=\"backBtn\"]"}
COMMAND: POST /session/bc43a641d06c6411fa8b79fe3bbb44bb/element/f.5B2BCDE3632C5B3813A5BAB112425688.d.19C97C949ECF12EEE4B08CBEC9FB35E7.e.5199/click - {}
COMMAND: POST /session/bc43a641d06c6411fa8b79fe3bbb44bb/element - {"using":"xpath","value":"//*[@id=\"backBtn\"]"}
RESULT: {"using":"xpath","value":"//*[@id=\"backBtn\"]"}
COMMAND: POST /session/bc43a641d06c6411fa8b79fe3bbb44bb/element/f.5B2BCDE3632C5B3813A5BAB112425688.d.19C97C949ECF12EEE4B08CBEC9FB35E7.e.5268/click - {}
RESULT: {}
COMMAND: GET /session/bc43a641d06c6411fa8b79fe3bbb44bb/screenshot - {}
RESULT: {}
]]></system-out>
    </testcase>
    <testcase classname="chrome.136_0_7103_93.windows.Sanity_Tests_US104253" name="Should open Authorization Tables page" time="41.435">
      <system-out><![CDATA[
COMMAND: POST /session/bc43a641d06c6411fa8b79fe3bbb44bb/execute/async - {"script":"<script> [1562 bytes]","args":[{"selector":{"controlType":"sap.m.GenericTile","properties":{"header":"Authorization Tables"}},"wdio_ui5_key":"sapm.GenericTile{\"header\":\"Authorization Tables\"}"}]}
RESULT: {"script":"<script> [1562 bytes]","args":[{"selector":{"controlType":"sap.m.GenericTile","properties":{"header":"Authorization Tables"}},"wdio_ui5_key":"sapm.GenericTile{\"header\":\"Authorization Tables\"}"}]}
RESULT: undefined
COMMAND: POST /session/bc43a641d06c6411fa8b79fe3bbb44bb/element - {"using":"xpath","value":"//*[@id=\"__tile118\"]"}
RESULT: {"using":"xpath","value":"//*[@id=\"__tile118\"]"}
COMMAND: POST /session/bc43a641d06c6411fa8b79fe3bbb44bb/element/f.5B2BCDE3632C5B3813A5BAB112425688.d.19C97C949ECF12EEE4B08CBEC9FB35E7.e.5270/click - {}
RESULT: {}
COMMAND: GET /session/bc43a641d06c6411fa8b79fe3bbb44bb/screenshot - {}
RESULT: {}
COMMAND: POST /session/bc43a641d06c6411fa8b79fe3bbb44bb/elements - {"using":"xpath","value":"//span[text()='Error']"}
RESULT: {"using":"xpath","value":"//span[text()='Error']"}
RESULT: undefined
COMMAND: POST /session/bc43a641d06c6411fa8b79fe3bbb44bb/element - {"using":"xpath","value":"//*[@id=\"__tile118\"]"}
RESULT: {"using":"xpath","value":"//*[@id=\"__tile118\"]"}
COMMAND: POST /session/bc43a641d06c6411fa8b79fe3bbb44bb/element/f.5B2BCDE3632C5B3813A5BAB112425688.d.19C97C949ECF12EEE4B08CBEC9FB35E7.e.5270/click - {}
RESULT: undefined
COMMAND: POST /session/bc43a641d06c6411fa8b79fe3bbb44bb/element - {"using":"xpath","value":"//*[@id=\"__tile118\"]"}
RESULT: {"using":"xpath","value":"//*[@id=\"__tile118\"]"}
COMMAND: POST /session/bc43a641d06c6411fa8b79fe3bbb44bb/element/f.5B2BCDE3632C5B3813A5BAB112425688.d.19C97C949ECF12EEE4B08CBEC9FB35E7.e.5270/click - {}
RESULT: undefined
COMMAND: POST /session/bc43a641d06c6411fa8b79fe3bbb44bb/execute/async - {"script":"<script> [6424 bytes]","args":[{"element-6066-11e4-a52e-4f735466cecf":"f.5B2BCDE3632C5B3813A5BAB112425688.d.19C97C949ECF12EEE4B08CBEC9FB35E7.e.288"},"getTitle",[]]}
COMMAND: POST /session/bc43a641d06c6411fa8b79fe3bbb44bb/execute/async - {"script":"<script> [1562 bytes]","args":[{"selector":{"id":"shellAppTitle"},"wdio_ui5_key":"shellAppTitle"}]}
RESULT: {"script":"<script> [1562 bytes]","args":[{"selector":{"id":"shellAppTitle"},"wdio_ui5_key":"shellAppTitle"}]}
COMMAND: POST /session/bc43a641d06c6411fa8b79fe3bbb44bb/execute/async - {"script":"<script> [6424 bytes]","args":[{"element-6066-11e4-a52e-4f735466cecf":"f.5B2BCDE3632C5B3813A5BAB112425688.d.19C97C949ECF12EEE4B08CBEC9FB35E7.e.5369"},"getTitle",[]]}
RESULT: {"script":"<script> [6424 bytes]","args":[{"element-6066-11e4-a52e-4f735466cecf":"f.5B2BCDE3632C5B3813A5BAB112425688.d.19C97C949ECF12EEE4B08CBEC9FB35E7.e.5369"},"getTitle",[]]}
RESULT: undefined
COMMAND: POST /session/bc43a641d06c6411fa8b79fe3bbb44bb/element/f.5B2BCDE3632C5B3813A5BAB112425688.d.19C97C949ECF12EEE4B08CBEC9FB35E7.e.5268/click - {}
RESULT: {}
COMMAND: GET /session/bc43a641d06c6411fa8b79fe3bbb44bb/screenshot - {}
RESULT: {}
]]></system-out>
    </testcase>
    <testcase classname="chrome.136_0_7103_93.windows.Sanity_Tests_US104253" name="Should open User Maintenance page" time="36.284">
      <system-out><![CDATA[
COMMAND: POST /session/bc43a641d06c6411fa8b79fe3bbb44bb/execute/async - {"script":"<script> [1562 bytes]","args":[{"selector":{"controlType":"sap.m.GenericTile","properties":{"header":"User Maintenance"}},"wdio_ui5_key":"sapm.GenericTile{\"header\":\"User Maintenance\"}"}]}
RESULT: {"script":"<script> [1562 bytes]","args":[{"selector":{"controlType":"sap.m.GenericTile","properties":{"header":"User Maintenance"}},"wdio_ui5_key":"sapm.GenericTile{\"header\":\"User Maintenance\"}"}]}
RESULT: undefined
COMMAND: POST /session/bc43a641d06c6411fa8b79fe3bbb44bb/element - {"using":"xpath","value":"//*[@id=\"__tile121\"]"}
RESULT: {"using":"xpath","value":"//*[@id=\"__tile121\"]"}
COMMAND: POST /session/bc43a641d06c6411fa8b79fe3bbb44bb/element/f.5B2BCDE3632C5B3813A5BAB112425688.d.19C97C949ECF12EEE4B08CBEC9FB35E7.e.5371/click - {}
RESULT: {}
COMMAND: GET /session/bc43a641d06c6411fa8b79fe3bbb44bb/screenshot - {}
RESULT: {}
COMMAND: POST /session/bc43a641d06c6411fa8b79fe3bbb44bb/elements - {"using":"xpath","value":"//span[text()='Error']"}
RESULT: {"using":"xpath","value":"//span[text()='Error']"}
RESULT: undefined
COMMAND: POST /session/bc43a641d06c6411fa8b79fe3bbb44bb/element - {"using":"xpath","value":"//*[@id=\"__tile121\"]"}
RESULT: {"using":"xpath","value":"//*[@id=\"__tile121\"]"}
COMMAND: POST /session/bc43a641d06c6411fa8b79fe3bbb44bb/element/f.5B2BCDE3632C5B3813A5BAB112425688.d.19C97C949ECF12EEE4B08CBEC9FB35E7.e.5371/click - {}
RESULT: undefined
COMMAND: POST /session/bc43a641d06c6411fa8b79fe3bbb44bb/element - {"using":"xpath","value":"//*[@id=\"__tile121\"]"}
RESULT: {"using":"xpath","value":"//*[@id=\"__tile121\"]"}
COMMAND: POST /session/bc43a641d06c6411fa8b79fe3bbb44bb/element/f.5B2BCDE3632C5B3813A5BAB112425688.d.19C97C949ECF12EEE4B08CBEC9FB35E7.e.5371/click - {}
RESULT: undefined
COMMAND: POST /session/bc43a641d06c6411fa8b79fe3bbb44bb/execute/async - {"script":"<script> [6424 bytes]","args":[{"element-6066-11e4-a52e-4f735466cecf":"f.5B2BCDE3632C5B3813A5BAB112425688.d.19C97C949ECF12EEE4B08CBEC9FB35E7.e.288"},"getTitle",[]]}
COMMAND: POST /session/bc43a641d06c6411fa8b79fe3bbb44bb/execute/async - {"script":"<script> [1562 bytes]","args":[{"selector":{"id":"shellAppTitle"},"wdio_ui5_key":"shellAppTitle"}]}
RESULT: {"script":"<script> [1562 bytes]","args":[{"selector":{"id":"shellAppTitle"},"wdio_ui5_key":"shellAppTitle"}]}
COMMAND: POST /session/bc43a641d06c6411fa8b79fe3bbb44bb/execute/async - {"script":"<script> [6424 bytes]","args":[{"element-6066-11e4-a52e-4f735466cecf":"f.5B2BCDE3632C5B3813A5BAB112425688.d.19C97C949ECF12EEE4B08CBEC9FB35E7.e.5461"},"getTitle",[]]}
RESULT: {"script":"<script> [6424 bytes]","args":[{"element-6066-11e4-a52e-4f735466cecf":"f.5B2BCDE3632C5B3813A5BAB112425688.d.19C97C949ECF12EEE4B08CBEC9FB35E7.e.5461"},"getTitle",[]]}
RESULT: undefined
COMMAND: POST /session/bc43a641d06c6411fa8b79fe3bbb44bb/element/f.5B2BCDE3632C5B3813A5BAB112425688.d.19C97C949ECF12EEE4B08CBEC9FB35E7.e.5268/click - {}
COMMAND: POST /session/bc43a641d06c6411fa8b79fe3bbb44bb/element - {"using":"xpath","value":"//*[@id=\"backBtn\"]"}
RESULT: {"using":"xpath","value":"//*[@id=\"backBtn\"]"}
COMMAND: POST /session/bc43a641d06c6411fa8b79fe3bbb44bb/element/f.5B2BCDE3632C5B3813A5BAB112425688.d.19C97C949ECF12EEE4B08CBEC9FB35E7.e.5268/click - {}
COMMAND: POST /session/bc43a641d06c6411fa8b79fe3bbb44bb/element - {"using":"xpath","value":"//*[@id=\"backBtn\"]"}
RESULT: {"using":"xpath","value":"//*[@id=\"backBtn\"]"}
COMMAND: POST /session/bc43a641d06c6411fa8b79fe3bbb44bb/element/f.5B2BCDE3632C5B3813A5BAB112425688.d.19C97C949ECF12EEE4B08CBEC9FB35E7.e.5462/click - {}
RESULT: {}
COMMAND: GET /session/bc43a641d06c6411fa8b79fe3bbb44bb/screenshot - {}
RESULT: {}
]]></system-out>
    </testcase>
    <testcase classname="chrome.136_0_7103_93.windows.Sanity_Tests_US104253" name="Should open Schedule Jobs page" time="35.929">
      <system-out><![CDATA[
COMMAND: POST /session/bc43a641d06c6411fa8b79fe3bbb44bb/execute/async - {"script":"<script> [1562 bytes]","args":[{"selector":{"controlType":"sap.m.GenericTile","properties":{"header":"Schedule Jobs"}},"wdio_ui5_key":"sapm.GenericTile{\"header\":\"Schedule Jobs\"}"}]}
RESULT: {"script":"<script> [1562 bytes]","args":[{"selector":{"controlType":"sap.m.GenericTile","properties":{"header":"Schedule Jobs"}},"wdio_ui5_key":"sapm.GenericTile{\"header\":\"Schedule Jobs\"}"}]}
RESULT: undefined
COMMAND: POST /session/bc43a641d06c6411fa8b79fe3bbb44bb/element - {"using":"xpath","value":"//*[@id=\"__tile127\"]"}
RESULT: {"using":"xpath","value":"//*[@id=\"__tile127\"]"}
COMMAND: POST /session/bc43a641d06c6411fa8b79fe3bbb44bb/element/f.5B2BCDE3632C5B3813A5BAB112425688.d.19C97C949ECF12EEE4B08CBEC9FB35E7.e.5466/click - {}
RESULT: {}
COMMAND: GET /session/bc43a641d06c6411fa8b79fe3bbb44bb/screenshot - {}
RESULT: {}
COMMAND: POST /session/bc43a641d06c6411fa8b79fe3bbb44bb/elements - {"using":"xpath","value":"//span[text()='Error']"}
RESULT: {"using":"xpath","value":"//span[text()='Error']"}
RESULT: undefined
COMMAND: POST /session/bc43a641d06c6411fa8b79fe3bbb44bb/element - {"using":"xpath","value":"//*[@id=\"__tile127\"]"}
RESULT: {"using":"xpath","value":"//*[@id=\"__tile127\"]"}
COMMAND: POST /session/bc43a641d06c6411fa8b79fe3bbb44bb/element/f.5B2BCDE3632C5B3813A5BAB112425688.d.19C97C949ECF12EEE4B08CBEC9FB35E7.e.5466/click - {}
RESULT: undefined
COMMAND: POST /session/bc43a641d06c6411fa8b79fe3bbb44bb/element - {"using":"xpath","value":"//*[@id=\"__tile127\"]"}
RESULT: {"using":"xpath","value":"//*[@id=\"__tile127\"]"}
COMMAND: POST /session/bc43a641d06c6411fa8b79fe3bbb44bb/element/f.5B2BCDE3632C5B3813A5BAB112425688.d.19C97C949ECF12EEE4B08CBEC9FB35E7.e.5466/click - {}
RESULT: undefined
COMMAND: POST /session/bc43a641d06c6411fa8b79fe3bbb44bb/execute/async - {"script":"<script> [6424 bytes]","args":[{"element-6066-11e4-a52e-4f735466cecf":"f.5B2BCDE3632C5B3813A5BAB112425688.d.19C97C949ECF12EEE4B08CBEC9FB35E7.e.288"},"getTitle",[]]}
COMMAND: POST /session/bc43a641d06c6411fa8b79fe3bbb44bb/execute/async - {"script":"<script> [1562 bytes]","args":[{"selector":{"id":"shellAppTitle"},"wdio_ui5_key":"shellAppTitle"}]}
RESULT: {"script":"<script> [1562 bytes]","args":[{"selector":{"id":"shellAppTitle"},"wdio_ui5_key":"shellAppTitle"}]}
COMMAND: POST /session/bc43a641d06c6411fa8b79fe3bbb44bb/execute/async - {"script":"<script> [6424 bytes]","args":[{"element-6066-11e4-a52e-4f735466cecf":"f.5B2BCDE3632C5B3813A5BAB112425688.d.19C97C949ECF12EEE4B08CBEC9FB35E7.e.5510"},"getTitle",[]]}
RESULT: {"script":"<script> [6424 bytes]","args":[{"element-6066-11e4-a52e-4f735466cecf":"f.5B2BCDE3632C5B3813A5BAB112425688.d.19C97C949ECF12EEE4B08CBEC9FB35E7.e.5510"},"getTitle",[]]}
RESULT: undefined
COMMAND: POST /session/bc43a641d06c6411fa8b79fe3bbb44bb/element/f.5B2BCDE3632C5B3813A5BAB112425688.d.19C97C949ECF12EEE4B08CBEC9FB35E7.e.5462/click - {}
COMMAND: POST /session/bc43a641d06c6411fa8b79fe3bbb44bb/element/f.5B2BCDE3632C5B3813A5BAB112425688.d.19C97C949ECF12EEE4B08CBEC9FB35E7.e.5462/click - {}
RESULT: {}
COMMAND: GET /session/bc43a641d06c6411fa8b79fe3bbb44bb/screenshot - {}
COMMAND: POST /session/bc43a641d06c6411fa8b79fe3bbb44bb/element - {"using":"xpath","value":"//*[@id=\"backBtn\"]"}
RESULT: {}
RESULT: {"using":"xpath","value":"//*[@id=\"backBtn\"]"}
COMMAND: POST /session/bc43a641d06c6411fa8b79fe3bbb44bb/elements - {"using":"xpath","value":"//*[@id=\"backBtn\"]"}
RESULT: {"using":"xpath","value":"//*[@id=\"backBtn\"]"}
COMMAND: POST /session/bc43a641d06c6411fa8b79fe3bbb44bb/elements - {"using":"xpath","value":"//*[@id=\"backBtn\"]"}
RESULT: {"using":"xpath","value":"//*[@id=\"backBtn\"]"}
COMMAND: POST /session/bc43a641d06c6411fa8b79fe3bbb44bb/elements - {"using":"xpath","value":"//*[@id=\"backBtn\"]"}
RESULT: {"using":"xpath","value":"//*[@id=\"backBtn\"]"}
COMMAND: POST /session/bc43a641d06c6411fa8b79fe3bbb44bb/elements - {"using":"xpath","value":"//*[@id=\"backBtn\"]"}
RESULT: {"using":"xpath","value":"//*[@id=\"backBtn\"]"}
COMMAND: POST /session/bc43a641d06c6411fa8b79fe3bbb44bb/elements - {"using":"xpath","value":"//*[@id=\"backBtn\"]"}
RESULT: {"using":"xpath","value":"//*[@id=\"backBtn\"]"}
COMMAND: POST /session/bc43a641d06c6411fa8b79fe3bbb44bb/elements - {"using":"xpath","value":"//*[@id=\"backBtn\"]"}
RESULT: {"using":"xpath","value":"//*[@id=\"backBtn\"]"}
COMMAND: POST /session/bc43a641d06c6411fa8b79fe3bbb44bb/elements - {"using":"xpath","value":"//*[@id=\"backBtn\"]"}
RESULT: {"using":"xpath","value":"//*[@id=\"backBtn\"]"}
COMMAND: POST /session/bc43a641d06c6411fa8b79fe3bbb44bb/elements - {"using":"xpath","value":"//*[@id=\"backBtn\"]"}
RESULT: {"using":"xpath","value":"//*[@id=\"backBtn\"]"}
COMMAND: POST /session/bc43a641d06c6411fa8b79fe3bbb44bb/elements - {"using":"xpath","value":"//*[@id=\"backBtn\"]"}
RESULT: {"using":"xpath","value":"//*[@id=\"backBtn\"]"}
COMMAND: POST /session/bc43a641d06c6411fa8b79fe3bbb44bb/elements - {"using":"xpath","value":"//*[@id=\"backBtn\"]"}
RESULT: {"using":"xpath","value":"//*[@id=\"backBtn\"]"}
COMMAND: POST /session/bc43a641d06c6411fa8b79fe3bbb44bb/elements - {"using":"xpath","value":"//*[@id=\"backBtn\"]"}
RESULT: {"using":"xpath","value":"//*[@id=\"backBtn\"]"}
COMMAND: POST /session/bc43a641d06c6411fa8b79fe3bbb44bb/elements - {"using":"xpath","value":"//*[@id=\"backBtn\"]"}
RESULT: {"using":"xpath","value":"//*[@id=\"backBtn\"]"}
COMMAND: POST /session/bc43a641d06c6411fa8b79fe3bbb44bb/elements - {"using":"xpath","value":"//*[@id=\"backBtn\"]"}
RESULT: {"using":"xpath","value":"//*[@id=\"backBtn\"]"}
COMMAND: POST /session/bc43a641d06c6411fa8b79fe3bbb44bb/elements - {"using":"xpath","value":"//*[@id=\"backBtn\"]"}
RESULT: {"using":"xpath","value":"//*[@id=\"backBtn\"]"}
COMMAND: POST /session/bc43a641d06c6411fa8b79fe3bbb44bb/elements - {"using":"xpath","value":"//*[@id=\"backBtn\"]"}
RESULT: {"using":"xpath","value":"//*[@id=\"backBtn\"]"}
COMMAND: POST /session/bc43a641d06c6411fa8b79fe3bbb44bb/elements - {"using":"xpath","value":"//*[@id=\"backBtn\"]"}
RESULT: {"using":"xpath","value":"//*[@id=\"backBtn\"]"}
COMMAND: POST /session/bc43a641d06c6411fa8b79fe3bbb44bb/elements - {"using":"xpath","value":"//*[@id=\"backBtn\"]"}
RESULT: {"using":"xpath","value":"//*[@id=\"backBtn\"]"}
COMMAND: POST /session/bc43a641d06c6411fa8b79fe3bbb44bb/elements - {"using":"xpath","value":"//*[@id=\"backBtn\"]"}
RESULT: {"using":"xpath","value":"//*[@id=\"backBtn\"]"}
]]></system-out>
    </testcase>
    <testcase classname="chrome.136_0_7103_93.windows.Sanity_Tests_US104253" name="Should open Jobs Setup page" time="36.236">
      <system-out><![CDATA[
COMMAND: POST /session/bc43a641d06c6411fa8b79fe3bbb44bb/execute/async - {"script":"<script> [1562 bytes]","args":[{"selector":{"controlType":"sap.m.GenericTile","properties":{"header":"Jobs Setup"}},"wdio_ui5_key":"sapm.GenericTile{\"header\":\"Jobs Setup\"}"}]}
COMMAND: POST /session/bc43a641d06c6411fa8b79fe3bbb44bb/elements - {"using":"xpath","value":"//*[@id=\"backBtn\"]"}
RESULT: {"script":"<script> [1562 bytes]","args":[{"selector":{"controlType":"sap.m.GenericTile","properties":{"header":"Jobs Setup"}},"wdio_ui5_key":"sapm.GenericTile{\"header\":\"Jobs Setup\"}"}]}
RESULT: undefined
COMMAND: POST /session/bc43a641d06c6411fa8b79fe3bbb44bb/element - {"using":"xpath","value":"//*[@id=\"__tile128\"]"}
RESULT: {"using":"xpath","value":"//*[@id=\"backBtn\"]"}
RESULT: {"using":"xpath","value":"//*[@id=\"__tile128\"]"}
COMMAND: POST /session/bc43a641d06c6411fa8b79fe3bbb44bb/element/f.5B2BCDE3632C5B3813A5BAB112425688.d.19C97C949ECF12EEE4B08CBEC9FB35E7.e.5512/click - {}
RESULT: {}
COMMAND: GET /session/bc43a641d06c6411fa8b79fe3bbb44bb/screenshot - {}
COMMAND: POST /session/bc43a641d06c6411fa8b79fe3bbb44bb/elements - {"using":"xpath","value":"//*[@id=\"backBtn\"]"}
RESULT: {}
RESULT: {"using":"xpath","value":"//*[@id=\"backBtn\"]"}
COMMAND: POST /session/bc43a641d06c6411fa8b79fe3bbb44bb/element - {"using":"xpath","value":"//*[@id=\"backBtn\"]"}
RESULT: {"using":"xpath","value":"//*[@id=\"backBtn\"]"}
COMMAND: POST /session/bc43a641d06c6411fa8b79fe3bbb44bb/element/f.5B2BCDE3632C5B3813A5BAB112425688.d.19C97C949ECF12EEE4B08CBEC9FB35E7.e.5462/click - {}
COMMAND: POST /session/bc43a641d06c6411fa8b79fe3bbb44bb/element - {"using":"xpath","value":"//*[@id=\"backBtn\"]"}
RESULT: {"using":"xpath","value":"//*[@id=\"backBtn\"]"}
COMMAND: POST /session/bc43a641d06c6411fa8b79fe3bbb44bb/element/f.5B2BCDE3632C5B3813A5BAB112425688.d.19C97C949ECF12EEE4B08CBEC9FB35E7.e.5705/click - {}
RESULT: {}
COMMAND: GET /session/bc43a641d06c6411fa8b79fe3bbb44bb/screenshot - {}
RESULT: {}
COMMAND: POST /session/bc43a641d06c6411fa8b79fe3bbb44bb/elements - {"using":"xpath","value":"//span[text()='Error']"}
RESULT: {"using":"xpath","value":"//span[text()='Error']"}
RESULT: undefined
COMMAND: POST /session/bc43a641d06c6411fa8b79fe3bbb44bb/element - {"using":"xpath","value":"//*[@id=\"__tile128\"]"}
RESULT: {"using":"xpath","value":"//*[@id=\"__tile128\"]"}
COMMAND: POST /session/bc43a641d06c6411fa8b79fe3bbb44bb/element/f.5B2BCDE3632C5B3813A5BAB112425688.d.19C97C949ECF12EEE4B08CBEC9FB35E7.e.5512/click - {}
RESULT: undefined
COMMAND: POST /session/bc43a641d06c6411fa8b79fe3bbb44bb/element - {"using":"xpath","value":"//*[@id=\"__tile128\"]"}
RESULT: {"using":"xpath","value":"//*[@id=\"__tile128\"]"}
COMMAND: POST /session/bc43a641d06c6411fa8b79fe3bbb44bb/element/f.5B2BCDE3632C5B3813A5BAB112425688.d.19C97C949ECF12EEE4B08CBEC9FB35E7.e.5512/click - {}
RESULT: undefined
COMMAND: POST /session/bc43a641d06c6411fa8b79fe3bbb44bb/execute/async - {"script":"<script> [6424 bytes]","args":[{"element-6066-11e4-a52e-4f735466cecf":"f.5B2BCDE3632C5B3813A5BAB112425688.d.19C97C949ECF12EEE4B08CBEC9FB35E7.e.288"},"getTitle",[]]}
COMMAND: POST /session/bc43a641d06c6411fa8b79fe3bbb44bb/execute/async - {"script":"<script> [1562 bytes]","args":[{"selector":{"id":"shellAppTitle"},"wdio_ui5_key":"shellAppTitle"}]}
RESULT: {"script":"<script> [1562 bytes]","args":[{"selector":{"id":"shellAppTitle"},"wdio_ui5_key":"shellAppTitle"}]}
COMMAND: POST /session/bc43a641d06c6411fa8b79fe3bbb44bb/execute/async - {"script":"<script> [6424 bytes]","args":[{"element-6066-11e4-a52e-4f735466cecf":"f.5B2BCDE3632C5B3813A5BAB112425688.d.19C97C949ECF12EEE4B08CBEC9FB35E7.e.5706"},"getTitle",[]]}
RESULT: {"script":"<script> [6424 bytes]","args":[{"element-6066-11e4-a52e-4f735466cecf":"f.5B2BCDE3632C5B3813A5BAB112425688.d.19C97C949ECF12EEE4B08CBEC9FB35E7.e.5706"},"getTitle",[]]}
RESULT: undefined
COMMAND: POST /session/bc43a641d06c6411fa8b79fe3bbb44bb/element/f.5B2BCDE3632C5B3813A5BAB112425688.d.19C97C949ECF12EEE4B08CBEC9FB35E7.e.5705/click - {}
COMMAND: POST /session/bc43a641d06c6411fa8b79fe3bbb44bb/element/f.5B2BCDE3632C5B3813A5BAB112425688.d.19C97C949ECF12EEE4B08CBEC9FB35E7.e.5705/click - {}
RESULT: {}
COMMAND: GET /session/bc43a641d06c6411fa8b79fe3bbb44bb/screenshot - {}
RESULT: {}
COMMAND: GET /session/bc43a641d06c6411fa8b79fe3bbb44bb/screenshot - {}
RESULT: {}
RESULT: {}
]]></system-out>
    </testcase>
    <testcase classname="chrome.136_0_7103_93.windows.Sanity_Tests_US104253" name="Should open Target Systems Configuration page" time="35.857">
      <system-out><![CDATA[
COMMAND: POST /session/bc43a641d06c6411fa8b79fe3bbb44bb/execute/async - {"script":"<script> [1562 bytes]","args":[{"selector":{"controlType":"sap.m.GenericTile","properties":{"header":"Target Systems Configuration"}},"wdio_ui5_key":"sapm.GenericTile{\"header\":\"Target Systems Configuration\"}"}]}
RESULT: {"script":"<script> [1562 bytes]","args":[{"selector":{"controlType":"sap.m.GenericTile","properties":{"header":"Target Systems Configuration"}},"wdio_ui5_key":"sapm.GenericTile{\"header\":\"Target Systems Configuration\"}"}]}
RESULT: undefined
COMMAND: POST /session/bc43a641d06c6411fa8b79fe3bbb44bb/element - {"using":"xpath","value":"//*[@id=\"__tile129\"]"}
RESULT: {"using":"xpath","value":"//*[@id=\"__tile129\"]"}
COMMAND: POST /session/bc43a641d06c6411fa8b79fe3bbb44bb/element/f.5B2BCDE3632C5B3813A5BAB112425688.d.19C97C949ECF12EEE4B08CBEC9FB35E7.e.5708/click - {}
RESULT: {}
COMMAND: GET /session/bc43a641d06c6411fa8b79fe3bbb44bb/screenshot - {}
RESULT: {}
COMMAND: POST /session/bc43a641d06c6411fa8b79fe3bbb44bb/elements - {"using":"xpath","value":"//span[text()='Error']"}
RESULT: {"using":"xpath","value":"//span[text()='Error']"}
RESULT: undefined
COMMAND: POST /session/bc43a641d06c6411fa8b79fe3bbb44bb/element - {"using":"xpath","value":"//*[@id=\"__tile129\"]"}
RESULT: {"using":"xpath","value":"//*[@id=\"__tile129\"]"}
COMMAND: POST /session/bc43a641d06c6411fa8b79fe3bbb44bb/element/f.5B2BCDE3632C5B3813A5BAB112425688.d.19C97C949ECF12EEE4B08CBEC9FB35E7.e.5708/click - {}
RESULT: undefined
COMMAND: POST /session/bc43a641d06c6411fa8b79fe3bbb44bb/element - {"using":"xpath","value":"//*[@id=\"__tile129\"]"}
RESULT: {"using":"xpath","value":"//*[@id=\"__tile129\"]"}
COMMAND: POST /session/bc43a641d06c6411fa8b79fe3bbb44bb/element/f.5B2BCDE3632C5B3813A5BAB112425688.d.19C97C949ECF12EEE4B08CBEC9FB35E7.e.5708/click - {}
RESULT: undefined
COMMAND: POST /session/bc43a641d06c6411fa8b79fe3bbb44bb/execute/async - {"script":"<script> [6424 bytes]","args":[{"element-6066-11e4-a52e-4f735466cecf":"f.5B2BCDE3632C5B3813A5BAB112425688.d.19C97C949ECF12EEE4B08CBEC9FB35E7.e.288"},"getTitle",[]]}
COMMAND: POST /session/bc43a641d06c6411fa8b79fe3bbb44bb/execute/async - {"script":"<script> [1562 bytes]","args":[{"selector":{"id":"shellAppTitle"},"wdio_ui5_key":"shellAppTitle"}]}
RESULT: {"script":"<script> [1562 bytes]","args":[{"selector":{"id":"shellAppTitle"},"wdio_ui5_key":"shellAppTitle"}]}
COMMAND: POST /session/bc43a641d06c6411fa8b79fe3bbb44bb/execute/async - {"script":"<script> [6424 bytes]","args":[{"element-6066-11e4-a52e-4f735466cecf":"f.5B2BCDE3632C5B3813A5BAB112425688.d.19C97C949ECF12EEE4B08CBEC9FB35E7.e.5794"},"getTitle",[]]}
RESULT: {"script":"<script> [6424 bytes]","args":[{"element-6066-11e4-a52e-4f735466cecf":"f.5B2BCDE3632C5B3813A5BAB112425688.d.19C97C949ECF12EEE4B08CBEC9FB35E7.e.5794"},"getTitle",[]]}
RESULT: undefined
COMMAND: POST /session/bc43a641d06c6411fa8b79fe3bbb44bb/element/f.5B2BCDE3632C5B3813A5BAB112425688.d.19C97C949ECF12EEE4B08CBEC9FB35E7.e.5705/click - {}
COMMAND: POST /session/bc43a641d06c6411fa8b79fe3bbb44bb/element/f.5B2BCDE3632C5B3813A5BAB112425688.d.19C97C949ECF12EEE4B08CBEC9FB35E7.e.5705/click - {}
RESULT: {}
COMMAND: GET /session/bc43a641d06c6411fa8b79fe3bbb44bb/screenshot - {}
COMMAND: POST /session/bc43a641d06c6411fa8b79fe3bbb44bb/element - {"using":"xpath","value":"//*[@id=\"backBtn\"]"}
RESULT: {}
RESULT: {"using":"xpath","value":"//*[@id=\"backBtn\"]"}
COMMAND: POST /session/bc43a641d06c6411fa8b79fe3bbb44bb/elements - {"using":"xpath","value":"//*[@id=\"backBtn\"]"}
RESULT: {"using":"xpath","value":"//*[@id=\"backBtn\"]"}
COMMAND: POST /session/bc43a641d06c6411fa8b79fe3bbb44bb/elements - {"using":"xpath","value":"//*[@id=\"backBtn\"]"}
RESULT: {"using":"xpath","value":"//*[@id=\"backBtn\"]"}
COMMAND: POST /session/bc43a641d06c6411fa8b79fe3bbb44bb/elements - {"using":"xpath","value":"//*[@id=\"backBtn\"]"}
RESULT: {"using":"xpath","value":"//*[@id=\"backBtn\"]"}
COMMAND: POST /session/bc43a641d06c6411fa8b79fe3bbb44bb/elements - {"using":"xpath","value":"//*[@id=\"backBtn\"]"}
RESULT: {"using":"xpath","value":"//*[@id=\"backBtn\"]"}
COMMAND: POST /session/bc43a641d06c6411fa8b79fe3bbb44bb/elements - {"using":"xpath","value":"//*[@id=\"backBtn\"]"}
RESULT: {"using":"xpath","value":"//*[@id=\"backBtn\"]"}
COMMAND: POST /session/bc43a641d06c6411fa8b79fe3bbb44bb/elements - {"using":"xpath","value":"//*[@id=\"backBtn\"]"}
RESULT: {"using":"xpath","value":"//*[@id=\"backBtn\"]"}
COMMAND: POST /session/bc43a641d06c6411fa8b79fe3bbb44bb/elements - {"using":"xpath","value":"//*[@id=\"backBtn\"]"}
RESULT: {"using":"xpath","value":"//*[@id=\"backBtn\"]"}
COMMAND: POST /session/bc43a641d06c6411fa8b79fe3bbb44bb/elements - {"using":"xpath","value":"//*[@id=\"backBtn\"]"}
RESULT: {"using":"xpath","value":"//*[@id=\"backBtn\"]"}
COMMAND: POST /session/bc43a641d06c6411fa8b79fe3bbb44bb/elements - {"using":"xpath","value":"//*[@id=\"backBtn\"]"}
RESULT: {"using":"xpath","value":"//*[@id=\"backBtn\"]"}
COMMAND: POST /session/bc43a641d06c6411fa8b79fe3bbb44bb/elements - {"using":"xpath","value":"//*[@id=\"backBtn\"]"}
RESULT: {"using":"xpath","value":"//*[@id=\"backBtn\"]"}
COMMAND: POST /session/bc43a641d06c6411fa8b79fe3bbb44bb/elements - {"using":"xpath","value":"//*[@id=\"backBtn\"]"}
RESULT: {"using":"xpath","value":"//*[@id=\"backBtn\"]"}
COMMAND: POST /session/bc43a641d06c6411fa8b79fe3bbb44bb/elements - {"using":"xpath","value":"//*[@id=\"backBtn\"]"}
RESULT: {"using":"xpath","value":"//*[@id=\"backBtn\"]"}
COMMAND: POST /session/bc43a641d06c6411fa8b79fe3bbb44bb/elements - {"using":"xpath","value":"//*[@id=\"backBtn\"]"}
RESULT: {"using":"xpath","value":"//*[@id=\"backBtn\"]"}
COMMAND: POST /session/bc43a641d06c6411fa8b79fe3bbb44bb/elements - {"using":"xpath","value":"//*[@id=\"backBtn\"]"}
RESULT: {"using":"xpath","value":"//*[@id=\"backBtn\"]"}
COMMAND: POST /session/bc43a641d06c6411fa8b79fe3bbb44bb/elements - {"using":"xpath","value":"//*[@id=\"backBtn\"]"}
RESULT: {"using":"xpath","value":"//*[@id=\"backBtn\"]"}
COMMAND: POST /session/bc43a641d06c6411fa8b79fe3bbb44bb/elements - {"using":"xpath","value":"//*[@id=\"backBtn\"]"}
RESULT: {"using":"xpath","value":"//*[@id=\"backBtn\"]"}
COMMAND: POST /session/bc43a641d06c6411fa8b79fe3bbb44bb/elements - {"using":"xpath","value":"//*[@id=\"backBtn\"]"}
RESULT: {"using":"xpath","value":"//*[@id=\"backBtn\"]"}
COMMAND: POST /session/bc43a641d06c6411fa8b79fe3bbb44bb/elements - {"using":"xpath","value":"//*[@id=\"backBtn\"]"}
RESULT: {"using":"xpath","value":"//*[@id=\"backBtn\"]"}
COMMAND: POST /session/bc43a641d06c6411fa8b79fe3bbb44bb/elements - {"using":"xpath","value":"//*[@id=\"backBtn\"]"}
RESULT: {"using":"xpath","value":"//*[@id=\"backBtn\"]"}
COMMAND: POST /session/bc43a641d06c6411fa8b79fe3bbb44bb/elements - {"using":"xpath","value":"//*[@id=\"backBtn\"]"}
RESULT: {"using":"xpath","value":"//*[@id=\"backBtn\"]"}
COMMAND: POST /session/bc43a641d06c6411fa8b79fe3bbb44bb/elements - {"using":"xpath","value":"//*[@id=\"backBtn\"]"}
RESULT: {"using":"xpath","value":"//*[@id=\"backBtn\"]"}
COMMAND: POST /session/bc43a641d06c6411fa8b79fe3bbb44bb/elements - {"using":"xpath","value":"//*[@id=\"backBtn\"]"}
RESULT: {"using":"xpath","value":"//*[@id=\"backBtn\"]"}
COMMAND: POST /session/bc43a641d06c6411fa8b79fe3bbb44bb/elements - {"using":"xpath","value":"//*[@id=\"backBtn\"]"}
RESULT: {"using":"xpath","value":"//*[@id=\"backBtn\"]"}
COMMAND: POST /session/bc43a641d06c6411fa8b79fe3bbb44bb/elements - {"using":"xpath","value":"//*[@id=\"backBtn\"]"}
RESULT: {"using":"xpath","value":"//*[@id=\"backBtn\"]"}
COMMAND: POST /session/bc43a641d06c6411fa8b79fe3bbb44bb/elements - {"using":"xpath","value":"//*[@id=\"backBtn\"]"}
RESULT: {"using":"xpath","value":"//*[@id=\"backBtn\"]"}
COMMAND: POST /session/bc43a641d06c6411fa8b79fe3bbb44bb/elements - {"using":"xpath","value":"//*[@id=\"backBtn\"]"}
RESULT: {"using":"xpath","value":"//*[@id=\"backBtn\"]"}
COMMAND: POST /session/bc43a641d06c6411fa8b79fe3bbb44bb/elements - {"using":"xpath","value":"//*[@id=\"backBtn\"]"}
RESULT: {"using":"xpath","value":"//*[@id=\"backBtn\"]"}
COMMAND: POST /session/bc43a641d06c6411fa8b79fe3bbb44bb/elements - {"using":"xpath","value":"//*[@id=\"backBtn\"]"}
RESULT: {"using":"xpath","value":"//*[@id=\"backBtn\"]"}
COMMAND: POST /session/bc43a641d06c6411fa8b79fe3bbb44bb/elements - {"using":"xpath","value":"//*[@id=\"backBtn\"]"}
RESULT: {"using":"xpath","value":"//*[@id=\"backBtn\"]"}
COMMAND: POST /session/bc43a641d06c6411fa8b79fe3bbb44bb/elements - {"using":"xpath","value":"//*[@id=\"backBtn\"]"}
RESULT: {"using":"xpath","value":"//*[@id=\"backBtn\"]"}
COMMAND: POST /session/bc43a641d06c6411fa8b79fe3bbb44bb/elements - {"using":"xpath","value":"//*[@id=\"backBtn\"]"}
RESULT: {"using":"xpath","value":"//*[@id=\"backBtn\"]"}
COMMAND: POST /session/bc43a641d06c6411fa8b79fe3bbb44bb/elements - {"using":"xpath","value":"//*[@id=\"backBtn\"]"}
RESULT: {"using":"xpath","value":"//*[@id=\"backBtn\"]"}
COMMAND: POST /session/bc43a641d06c6411fa8b79fe3bbb44bb/elements - {"using":"xpath","value":"//*[@id=\"backBtn\"]"}
RESULT: {"using":"xpath","value":"//*[@id=\"backBtn\"]"}
COMMAND: POST /session/bc43a641d06c6411fa8b79fe3bbb44bb/elements - {"using":"xpath","value":"//*[@id=\"backBtn\"]"}
RESULT: {"using":"xpath","value":"//*[@id=\"backBtn\"]"}
COMMAND: POST /session/bc43a641d06c6411fa8b79fe3bbb44bb/elements - {"using":"xpath","value":"//*[@id=\"backBtn\"]"}
RESULT: {"using":"xpath","value":"//*[@id=\"backBtn\"]"}
COMMAND: POST /session/bc43a641d06c6411fa8b79fe3bbb44bb/elements - {"using":"xpath","value":"//*[@id=\"backBtn\"]"}
RESULT: {"using":"xpath","value":"//*[@id=\"backBtn\"]"}
COMMAND: POST /session/bc43a641d06c6411fa8b79fe3bbb44bb/elements - {"using":"xpath","value":"//*[@id=\"backBtn\"]"}
RESULT: {"using":"xpath","value":"//*[@id=\"backBtn\"]"}
COMMAND: POST /session/bc43a641d06c6411fa8b79fe3bbb44bb/elements - {"using":"xpath","value":"//*[@id=\"backBtn\"]"}
RESULT: {"using":"xpath","value":"//*[@id=\"backBtn\"]"}
COMMAND: POST /session/bc43a641d06c6411fa8b79fe3bbb44bb/elements - {"using":"xpath","value":"//*[@id=\"backBtn\"]"}
RESULT: {"using":"xpath","value":"//*[@id=\"backBtn\"]"}
COMMAND: DELETE /session/bc43a641d06c6411fa8b79fe3bbb44bb - {}
COMMAND: POST /session/bc43a641d06c6411fa8b79fe3bbb44bb/elements - {"using":"xpath","value":"//*[@id=\"backBtn\"]"}
RESULT: {}
]]></system-out>
    </testcase>
  </testsuite>
</testsuites>