<?xml version="1.0" encoding="UTF-8"?>
<testsuites tests="49" failures="0" errors="0" skipped="0">
  <testsuite timestamp="2025-06-05T16:34:12" time="1993.493" tests="49" failures="0" errors="0" skipped="0">
    <properties>
      <property name="specId" value="0" />
      <property name="suiteName" value="Sanity Tests US104253" />
      <property name="capabilities" value="chrome.137_0_7151_56.windows" />
      <property name="file" value="file:///D:/a/1/s/test/specs/General/sanity.spec.js" />
    </properties>
    <testcase classname="chrome.137_0_7151_56.windows.Sanity_Tests_US104253" name="Should open Manage Partners page" time="45.678">
      <system-out><![CDATA[
COMMAND: POST /session/67d6c33ae2a9e9619d576d72407b4a26/execute/async - {"script":"<script> [1562 bytes]","args":[{"selector":{"controlType":"sap.m.GenericTile","properties":{"header":"Manage Partners"}},"wdio_ui5_key":"sapm.GenericTile{\"header\":\"Manage Partners\"}"}]}
RESULT: {"script":"<script> [1562 bytes]","args":[{"selector":{"controlType":"sap.m.GenericTile","properties":{"header":"Manage Partners"}},"wdio_ui5_key":"sapm.GenericTile{\"header\":\"Manage Partners\"}"}]}
RESULT: undefined
COMMAND: POST /session/67d6c33ae2a9e9619d576d72407b4a26/element - {"using":"xpath","value":"//*[@id=\"__tile38\"]"}
RESULT: {"using":"xpath","value":"//*[@id=\"__tile38\"]"}
COMMAND: POST /session/67d6c33ae2a9e9619d576d72407b4a26/element/f.F023B72CEECDCDADBA4F25879939FA1B.d.A1F76CACB9D55C7481FA6CB88A80FC15.e.115/click - {}
RESULT: {}
COMMAND: GET /session/67d6c33ae2a9e9619d576d72407b4a26/screenshot - {}
RESULT: {}
COMMAND: POST /session/67d6c33ae2a9e9619d576d72407b4a26/elements - {"using":"xpath","value":"//span[text()='Error']"}
RESULT: {"using":"xpath","value":"//span[text()='Error']"}
RESULT: undefined
COMMAND: POST /session/67d6c33ae2a9e9619d576d72407b4a26/element - {"using":"xpath","value":"//*[@id=\"__tile38\"]"}
RESULT: {"using":"xpath","value":"//*[@id=\"__tile38\"]"}
COMMAND: POST /session/67d6c33ae2a9e9619d576d72407b4a26/element/f.F023B72CEECDCDADBA4F25879939FA1B.d.A1F76CACB9D55C7481FA6CB88A80FC15.e.115/click - {}
RESULT: undefined
COMMAND: POST /session/67d6c33ae2a9e9619d576d72407b4a26/element - {"using":"xpath","value":"//*[@id=\"__tile38\"]"}
RESULT: {"using":"xpath","value":"//*[@id=\"__tile38\"]"}
COMMAND: POST /session/67d6c33ae2a9e9619d576d72407b4a26/element/f.F023B72CEECDCDADBA4F25879939FA1B.d.A1F76CACB9D55C7481FA6CB88A80FC15.e.115/click - {}
COMMAND: POST /session/67d6c33ae2a9e9619d576d72407b4a26/execute/async - {"script":"<script> [1562 bytes]","args":[{"selector":{"id":"shellAppTitle"},"wdio_ui5_key":"shellAppTitle"}]}
RESULT: {"script":"<script> [1562 bytes]","args":[{"selector":{"id":"shellAppTitle"},"wdio_ui5_key":"shellAppTitle"}]}
RESULT: undefined
COMMAND: POST /session/67d6c33ae2a9e9619d576d72407b4a26/execute/async - {"script":"<script> [6424 bytes]","args":[{"element-6066-11e4-a52e-4f735466cecf":"f.F023B72CEECDCDADBA4F25879939FA1B.d.A1F76CACB9D55C7481FA6CB88A80FC15.e.288"},"getTitle",[]]}
RESULT: {"script":"<script> [6424 bytes]","args":[{"element-6066-11e4-a52e-4f735466cecf":"f.F023B72CEECDCDADBA4F25879939FA1B.d.A1F76CACB9D55C7481FA6CB88A80FC15.e.288"},"getTitle",[]]}
COMMAND: POST /session/67d6c33ae2a9e9619d576d72407b4a26/execute/async - {"script":"<script> [1562 bytes]","args":[{"selector":{"id":"backBtn"},"wdio_ui5_key":"backBtn"}]}
RESULT: {"script":"<script> [1562 bytes]","args":[{"selector":{"id":"backBtn"},"wdio_ui5_key":"backBtn"}]}
RESULT: undefined
COMMAND: POST /session/67d6c33ae2a9e9619d576d72407b4a26/element - {"using":"xpath","value":"//*[@id=\"backBtn\"]"}
RESULT: {"using":"xpath","value":"//*[@id=\"backBtn\"]"}
COMMAND: POST /session/67d6c33ae2a9e9619d576d72407b4a26/element/f.F023B72CEECDCDADBA4F25879939FA1B.d.A1F76CACB9D55C7481FA6CB88A80FC15.e.289/click - {}
RESULT: {}
COMMAND: GET /session/67d6c33ae2a9e9619d576d72407b4a26/screenshot - {}
RESULT: {}
]]></system-out>
    </testcase>
    <testcase classname="chrome.137_0_7151_56.windows.Sanity_Tests_US104253" name="Should open Manage Sites page" time="47.124">
      <system-out><![CDATA[
COMMAND: POST /session/67d6c33ae2a9e9619d576d72407b4a26/execute/async - {"script":"<script> [1562 bytes]","args":[{"selector":{"controlType":"sap.m.GenericTile","properties":{"header":"Manage Sites"}},"wdio_ui5_key":"sapm.GenericTile{\"header\":\"Manage Sites\"}"}]}
RESULT: {"script":"<script> [1562 bytes]","args":[{"selector":{"controlType":"sap.m.GenericTile","properties":{"header":"Manage Sites"}},"wdio_ui5_key":"sapm.GenericTile{\"header\":\"Manage Sites\"}"}]}
RESULT: undefined
COMMAND: POST /session/67d6c33ae2a9e9619d576d72407b4a26/element - {"using":"xpath","value":"//*[@id=\"__tile40\"]"}
RESULT: {"using":"xpath","value":"//*[@id=\"__tile40\"]"}
COMMAND: POST /session/67d6c33ae2a9e9619d576d72407b4a26/element/f.F023B72CEECDCDADBA4F25879939FA1B.d.A1F76CACB9D55C7481FA6CB88A80FC15.e.291/click - {}
RESULT: {}
COMMAND: GET /session/67d6c33ae2a9e9619d576d72407b4a26/screenshot - {}
RESULT: {}
COMMAND: POST /session/67d6c33ae2a9e9619d576d72407b4a26/elements - {"using":"xpath","value":"//span[text()='Error']"}
RESULT: {"using":"xpath","value":"//span[text()='Error']"}
RESULT: undefined
COMMAND: POST /session/67d6c33ae2a9e9619d576d72407b4a26/element - {"using":"xpath","value":"//*[@id=\"__tile40\"]"}
RESULT: {"using":"xpath","value":"//*[@id=\"__tile40\"]"}
COMMAND: POST /session/67d6c33ae2a9e9619d576d72407b4a26/element/f.F023B72CEECDCDADBA4F25879939FA1B.d.A1F76CACB9D55C7481FA6CB88A80FC15.e.291/click - {}
RESULT: undefined
COMMAND: POST /session/67d6c33ae2a9e9619d576d72407b4a26/element - {"using":"xpath","value":"//*[@id=\"__tile40\"]"}
RESULT: {"using":"xpath","value":"//*[@id=\"__tile40\"]"}
COMMAND: POST /session/67d6c33ae2a9e9619d576d72407b4a26/element/f.F023B72CEECDCDADBA4F25879939FA1B.d.A1F76CACB9D55C7481FA6CB88A80FC15.e.291/click - {}
RESULT: undefined
COMMAND: POST /session/67d6c33ae2a9e9619d576d72407b4a26/execute/async - {"script":"<script> [6424 bytes]","args":[{"element-6066-11e4-a52e-4f735466cecf":"f.F023B72CEECDCDADBA4F25879939FA1B.d.A1F76CACB9D55C7481FA6CB88A80FC15.e.288"},"getTitle",[]]}
COMMAND: POST /session/67d6c33ae2a9e9619d576d72407b4a26/execute/async - {"script":"<script> [1562 bytes]","args":[{"selector":{"id":"shellAppTitle"},"wdio_ui5_key":"shellAppTitle"}]}
RESULT: {"script":"<script> [1562 bytes]","args":[{"selector":{"id":"shellAppTitle"},"wdio_ui5_key":"shellAppTitle"}]}
COMMAND: POST /session/67d6c33ae2a9e9619d576d72407b4a26/execute/async - {"script":"<script> [6424 bytes]","args":[{"element-6066-11e4-a52e-4f735466cecf":"f.F023B72CEECDCDADBA4F25879939FA1B.d.A1F76CACB9D55C7481FA6CB88A80FC15.e.478"},"getTitle",[]]}
RESULT: {"script":"<script> [6424 bytes]","args":[{"element-6066-11e4-a52e-4f735466cecf":"f.F023B72CEECDCDADBA4F25879939FA1B.d.A1F76CACB9D55C7481FA6CB88A80FC15.e.478"},"getTitle",[]]}
RESULT: undefined
COMMAND: POST /session/67d6c33ae2a9e9619d576d72407b4a26/element/f.F023B72CEECDCDADBA4F25879939FA1B.d.A1F76CACB9D55C7481FA6CB88A80FC15.e.289/click - {}
RESULT: {}
COMMAND: GET /session/67d6c33ae2a9e9619d576d72407b4a26/screenshot - {}
RESULT: {}
]]></system-out>
    </testcase>
    <testcase classname="chrome.137_0_7151_56.windows.Sanity_Tests_US104253" name="Should open Manage Resources page" time="37.558">
      <system-out><![CDATA[
COMMAND: POST /session/67d6c33ae2a9e9619d576d72407b4a26/execute/async - {"script":"<script> [1562 bytes]","args":[{"selector":{"controlType":"sap.m.GenericTile","properties":{"header":"Manage Resources"}},"wdio_ui5_key":"sapm.GenericTile{\"header\":\"Manage Resources\"}"}]}
RESULT: {"script":"<script> [1562 bytes]","args":[{"selector":{"controlType":"sap.m.GenericTile","properties":{"header":"Manage Resources"}},"wdio_ui5_key":"sapm.GenericTile{\"header\":\"Manage Resources\"}"}]}
RESULT: undefined
COMMAND: POST /session/67d6c33ae2a9e9619d576d72407b4a26/element - {"using":"xpath","value":"//*[@id=\"__tile39\"]"}
RESULT: {"using":"xpath","value":"//*[@id=\"__tile39\"]"}
COMMAND: POST /session/67d6c33ae2a9e9619d576d72407b4a26/element/f.F023B72CEECDCDADBA4F25879939FA1B.d.A1F76CACB9D55C7481FA6CB88A80FC15.e.480/click - {}
RESULT: {}
COMMAND: GET /session/67d6c33ae2a9e9619d576d72407b4a26/screenshot - {}
RESULT: {}
COMMAND: POST /session/67d6c33ae2a9e9619d576d72407b4a26/elements - {"using":"xpath","value":"//span[text()='Error']"}
RESULT: {"using":"xpath","value":"//span[text()='Error']"}
RESULT: undefined
COMMAND: POST /session/67d6c33ae2a9e9619d576d72407b4a26/element - {"using":"xpath","value":"//*[@id=\"__tile39\"]"}
RESULT: {"using":"xpath","value":"//*[@id=\"__tile39\"]"}
COMMAND: POST /session/67d6c33ae2a9e9619d576d72407b4a26/element/f.F023B72CEECDCDADBA4F25879939FA1B.d.A1F76CACB9D55C7481FA6CB88A80FC15.e.480/click - {}
RESULT: undefined
COMMAND: POST /session/67d6c33ae2a9e9619d576d72407b4a26/element - {"using":"xpath","value":"//*[@id=\"__tile39\"]"}
RESULT: {"using":"xpath","value":"//*[@id=\"__tile39\"]"}
COMMAND: POST /session/67d6c33ae2a9e9619d576d72407b4a26/element/f.F023B72CEECDCDADBA4F25879939FA1B.d.A1F76CACB9D55C7481FA6CB88A80FC15.e.480/click - {}
RESULT: undefined
COMMAND: POST /session/67d6c33ae2a9e9619d576d72407b4a26/execute/async - {"script":"<script> [6424 bytes]","args":[{"element-6066-11e4-a52e-4f735466cecf":"f.F023B72CEECDCDADBA4F25879939FA1B.d.A1F76CACB9D55C7481FA6CB88A80FC15.e.288"},"getTitle",[]]}
COMMAND: POST /session/67d6c33ae2a9e9619d576d72407b4a26/execute/async - {"script":"<script> [1562 bytes]","args":[{"selector":{"id":"shellAppTitle"},"wdio_ui5_key":"shellAppTitle"}]}
RESULT: {"script":"<script> [1562 bytes]","args":[{"selector":{"id":"shellAppTitle"},"wdio_ui5_key":"shellAppTitle"}]}
COMMAND: POST /session/67d6c33ae2a9e9619d576d72407b4a26/execute/async - {"script":"<script> [6424 bytes]","args":[{"element-6066-11e4-a52e-4f735466cecf":"f.F023B72CEECDCDADBA4F25879939FA1B.d.A1F76CACB9D55C7481FA6CB88A80FC15.e.656"},"getTitle",[]]}
RESULT: {"script":"<script> [6424 bytes]","args":[{"element-6066-11e4-a52e-4f735466cecf":"f.F023B72CEECDCDADBA4F25879939FA1B.d.A1F76CACB9D55C7481FA6CB88A80FC15.e.656"},"getTitle",[]]}
RESULT: undefined
COMMAND: POST /session/67d6c33ae2a9e9619d576d72407b4a26/element/f.F023B72CEECDCDADBA4F25879939FA1B.d.A1F76CACB9D55C7481FA6CB88A80FC15.e.289/click - {}
COMMAND: POST /session/67d6c33ae2a9e9619d576d72407b4a26/element - {"using":"xpath","value":"//*[@id=\"backBtn\"]"}
RESULT: {"using":"xpath","value":"//*[@id=\"backBtn\"]"}
COMMAND: POST /session/67d6c33ae2a9e9619d576d72407b4a26/element/f.F023B72CEECDCDADBA4F25879939FA1B.d.A1F76CACB9D55C7481FA6CB88A80FC15.e.289/click - {}
COMMAND: POST /session/67d6c33ae2a9e9619d576d72407b4a26/element - {"using":"xpath","value":"//*[@id=\"backBtn\"]"}
RESULT: {"using":"xpath","value":"//*[@id=\"backBtn\"]"}
COMMAND: POST /session/67d6c33ae2a9e9619d576d72407b4a26/element/f.F023B72CEECDCDADBA4F25879939FA1B.d.A1F76CACB9D55C7481FA6CB88A80FC15.e.657/click - {}
RESULT: {}
COMMAND: GET /session/67d6c33ae2a9e9619d576d72407b4a26/screenshot - {}
RESULT: {}
]]></system-out>
    </testcase>
    <testcase classname="chrome.137_0_7151_56.windows.Sanity_Tests_US104253" name="Should open Manage Catalogs page" time="37.456">
      <system-out><![CDATA[
COMMAND: POST /session/67d6c33ae2a9e9619d576d72407b4a26/execute/async - {"script":"<script> [1562 bytes]","args":[{"selector":{"controlType":"sap.m.GenericTile","properties":{"header":"Manage Catalogs"}},"wdio_ui5_key":"sapm.GenericTile{\"header\":\"Manage Catalogs\"}"}]}
RESULT: {"script":"<script> [1562 bytes]","args":[{"selector":{"controlType":"sap.m.GenericTile","properties":{"header":"Manage Catalogs"}},"wdio_ui5_key":"sapm.GenericTile{\"header\":\"Manage Catalogs\"}"}]}
RESULT: undefined
COMMAND: POST /session/67d6c33ae2a9e9619d576d72407b4a26/element - {"using":"xpath","value":"//*[@id=\"__tile37\"]"}
RESULT: {"using":"xpath","value":"//*[@id=\"__tile37\"]"}
COMMAND: POST /session/67d6c33ae2a9e9619d576d72407b4a26/element/f.F023B72CEECDCDADBA4F25879939FA1B.d.A1F76CACB9D55C7481FA6CB88A80FC15.e.659/click - {}
RESULT: {}
COMMAND: GET /session/67d6c33ae2a9e9619d576d72407b4a26/screenshot - {}
RESULT: {}
COMMAND: POST /session/67d6c33ae2a9e9619d576d72407b4a26/elements - {"using":"xpath","value":"//span[text()='Error']"}
RESULT: {"using":"xpath","value":"//span[text()='Error']"}
RESULT: undefined
COMMAND: POST /session/67d6c33ae2a9e9619d576d72407b4a26/element - {"using":"xpath","value":"//*[@id=\"__tile37\"]"}
RESULT: {"using":"xpath","value":"//*[@id=\"__tile37\"]"}
COMMAND: POST /session/67d6c33ae2a9e9619d576d72407b4a26/element/f.F023B72CEECDCDADBA4F25879939FA1B.d.A1F76CACB9D55C7481FA6CB88A80FC15.e.659/click - {}
RESULT: undefined
COMMAND: POST /session/67d6c33ae2a9e9619d576d72407b4a26/element - {"using":"xpath","value":"//*[@id=\"__tile37\"]"}
RESULT: {"using":"xpath","value":"//*[@id=\"__tile37\"]"}
COMMAND: POST /session/67d6c33ae2a9e9619d576d72407b4a26/element/f.F023B72CEECDCDADBA4F25879939FA1B.d.A1F76CACB9D55C7481FA6CB88A80FC15.e.659/click - {}
RESULT: undefined
COMMAND: POST /session/67d6c33ae2a9e9619d576d72407b4a26/execute/async - {"script":"<script> [6424 bytes]","args":[{"element-6066-11e4-a52e-4f735466cecf":"f.F023B72CEECDCDADBA4F25879939FA1B.d.A1F76CACB9D55C7481FA6CB88A80FC15.e.288"},"getTitle",[]]}
COMMAND: POST /session/67d6c33ae2a9e9619d576d72407b4a26/execute/async - {"script":"<script> [1562 bytes]","args":[{"selector":{"id":"shellAppTitle"},"wdio_ui5_key":"shellAppTitle"}]}
RESULT: {"script":"<script> [1562 bytes]","args":[{"selector":{"id":"shellAppTitle"},"wdio_ui5_key":"shellAppTitle"}]}
COMMAND: POST /session/67d6c33ae2a9e9619d576d72407b4a26/execute/async - {"script":"<script> [6424 bytes]","args":[{"element-6066-11e4-a52e-4f735466cecf":"f.F023B72CEECDCDADBA4F25879939FA1B.d.A1F76CACB9D55C7481FA6CB88A80FC15.e.773"},"getTitle",[]]}
RESULT: {"script":"<script> [6424 bytes]","args":[{"element-6066-11e4-a52e-4f735466cecf":"f.F023B72CEECDCDADBA4F25879939FA1B.d.A1F76CACB9D55C7481FA6CB88A80FC15.e.773"},"getTitle",[]]}
RESULT: undefined
COMMAND: POST /session/67d6c33ae2a9e9619d576d72407b4a26/element/f.F023B72CEECDCDADBA4F25879939FA1B.d.A1F76CACB9D55C7481FA6CB88A80FC15.e.657/click - {}
RESULT: {}
COMMAND: GET /session/67d6c33ae2a9e9619d576d72407b4a26/screenshot - {}
RESULT: {}
]]></system-out>
    </testcase>
    <testcase classname="chrome.137_0_7151_56.windows.Sanity_Tests_US104253" name="Should open Manage Calendars page" time="41.146">
      <system-out><![CDATA[
COMMAND: POST /session/67d6c33ae2a9e9619d576d72407b4a26/execute/async - {"script":"<script> [1562 bytes]","args":[{"selector":{"controlType":"sap.m.GenericTile","properties":{"header":"Manage Calendars"}},"wdio_ui5_key":"sapm.GenericTile{\"header\":\"Manage Calendars\"}"}]}
RESULT: {"script":"<script> [1562 bytes]","args":[{"selector":{"controlType":"sap.m.GenericTile","properties":{"header":"Manage Calendars"}},"wdio_ui5_key":"sapm.GenericTile{\"header\":\"Manage Calendars\"}"}]}
RESULT: undefined
COMMAND: POST /session/67d6c33ae2a9e9619d576d72407b4a26/element - {"using":"xpath","value":"//*[@id=\"__tile36\"]"}
RESULT: {"using":"xpath","value":"//*[@id=\"__tile36\"]"}
COMMAND: POST /session/67d6c33ae2a9e9619d576d72407b4a26/element/f.F023B72CEECDCDADBA4F25879939FA1B.d.A1F76CACB9D55C7481FA6CB88A80FC15.e.775/click - {}
RESULT: {}
COMMAND: GET /session/67d6c33ae2a9e9619d576d72407b4a26/screenshot - {}
RESULT: {}
COMMAND: POST /session/67d6c33ae2a9e9619d576d72407b4a26/elements - {"using":"xpath","value":"//span[text()='Error']"}
RESULT: {"using":"xpath","value":"//span[text()='Error']"}
RESULT: undefined
COMMAND: POST /session/67d6c33ae2a9e9619d576d72407b4a26/element - {"using":"xpath","value":"//*[@id=\"__tile36\"]"}
RESULT: {"using":"xpath","value":"//*[@id=\"__tile36\"]"}
COMMAND: POST /session/67d6c33ae2a9e9619d576d72407b4a26/element/f.F023B72CEECDCDADBA4F25879939FA1B.d.A1F76CACB9D55C7481FA6CB88A80FC15.e.775/click - {}
RESULT: undefined
COMMAND: POST /session/67d6c33ae2a9e9619d576d72407b4a26/element - {"using":"xpath","value":"//*[@id=\"__tile36\"]"}
RESULT: {"using":"xpath","value":"//*[@id=\"__tile36\"]"}
COMMAND: POST /session/67d6c33ae2a9e9619d576d72407b4a26/element/f.F023B72CEECDCDADBA4F25879939FA1B.d.A1F76CACB9D55C7481FA6CB88A80FC15.e.775/click - {}
RESULT: undefined
COMMAND: POST /session/67d6c33ae2a9e9619d576d72407b4a26/execute/async - {"script":"<script> [6424 bytes]","args":[{"element-6066-11e4-a52e-4f735466cecf":"f.F023B72CEECDCDADBA4F25879939FA1B.d.A1F76CACB9D55C7481FA6CB88A80FC15.e.288"},"getTitle",[]]}
COMMAND: POST /session/67d6c33ae2a9e9619d576d72407b4a26/execute/async - {"script":"<script> [1562 bytes]","args":[{"selector":{"id":"shellAppTitle"},"wdio_ui5_key":"shellAppTitle"}]}
RESULT: {"script":"<script> [1562 bytes]","args":[{"selector":{"id":"shellAppTitle"},"wdio_ui5_key":"shellAppTitle"}]}
COMMAND: POST /session/67d6c33ae2a9e9619d576d72407b4a26/execute/async - {"script":"<script> [6424 bytes]","args":[{"element-6066-11e4-a52e-4f735466cecf":"f.F023B72CEECDCDADBA4F25879939FA1B.d.A1F76CACB9D55C7481FA6CB88A80FC15.e.847"},"getTitle",[]]}
RESULT: {"script":"<script> [6424 bytes]","args":[{"element-6066-11e4-a52e-4f735466cecf":"f.F023B72CEECDCDADBA4F25879939FA1B.d.A1F76CACB9D55C7481FA6CB88A80FC15.e.847"},"getTitle",[]]}
RESULT: undefined
COMMAND: POST /session/67d6c33ae2a9e9619d576d72407b4a26/element/f.F023B72CEECDCDADBA4F25879939FA1B.d.A1F76CACB9D55C7481FA6CB88A80FC15.e.657/click - {}
COMMAND: POST /session/67d6c33ae2a9e9619d576d72407b4a26/element - {"using":"xpath","value":"//*[@id=\"backBtn\"]"}
RESULT: {"using":"xpath","value":"//*[@id=\"backBtn\"]"}
COMMAND: POST /session/67d6c33ae2a9e9619d576d72407b4a26/element/f.F023B72CEECDCDADBA4F25879939FA1B.d.A1F76CACB9D55C7481FA6CB88A80FC15.e.657/click - {}
COMMAND: POST /session/67d6c33ae2a9e9619d576d72407b4a26/element - {"using":"xpath","value":"//*[@id=\"backBtn\"]"}
RESULT: {"using":"xpath","value":"//*[@id=\"backBtn\"]"}
COMMAND: POST /session/67d6c33ae2a9e9619d576d72407b4a26/element/f.F023B72CEECDCDADBA4F25879939FA1B.d.A1F76CACB9D55C7481FA6CB88A80FC15.e.848/click - {}
RESULT: {}
COMMAND: GET /session/67d6c33ae2a9e9619d576d72407b4a26/screenshot - {}
RESULT: {}
]]></system-out>
    </testcase>
    <testcase classname="chrome.137_0_7151_56.windows.Sanity_Tests_US104253" name="Should open Address Management page" time="37.361">
      <system-out><![CDATA[
COMMAND: POST /session/67d6c33ae2a9e9619d576d72407b4a26/execute/async - {"script":"<script> [1562 bytes]","args":[{"selector":{"controlType":"sap.m.GenericTile","properties":{"header":"Address Management"}},"wdio_ui5_key":"sapm.GenericTile{\"header\":\"Address Management\"}"}]}
RESULT: {"script":"<script> [1562 bytes]","args":[{"selector":{"controlType":"sap.m.GenericTile","properties":{"header":"Address Management"}},"wdio_ui5_key":"sapm.GenericTile{\"header\":\"Address Management\"}"}]}
RESULT: undefined
COMMAND: POST /session/67d6c33ae2a9e9619d576d72407b4a26/element - {"using":"xpath","value":"//*[@id=\"__tile33\"]"}
RESULT: {"using":"xpath","value":"//*[@id=\"__tile33\"]"}
COMMAND: POST /session/67d6c33ae2a9e9619d576d72407b4a26/element/f.F023B72CEECDCDADBA4F25879939FA1B.d.A1F76CACB9D55C7481FA6CB88A80FC15.e.850/click - {}
RESULT: {}
COMMAND: GET /session/67d6c33ae2a9e9619d576d72407b4a26/screenshot - {}
RESULT: {}
COMMAND: POST /session/67d6c33ae2a9e9619d576d72407b4a26/elements - {"using":"xpath","value":"//span[text()='Error']"}
RESULT: {"using":"xpath","value":"//span[text()='Error']"}
RESULT: undefined
COMMAND: POST /session/67d6c33ae2a9e9619d576d72407b4a26/element - {"using":"xpath","value":"//*[@id=\"__tile33\"]"}
RESULT: {"using":"xpath","value":"//*[@id=\"__tile33\"]"}
COMMAND: POST /session/67d6c33ae2a9e9619d576d72407b4a26/element/f.F023B72CEECDCDADBA4F25879939FA1B.d.A1F76CACB9D55C7481FA6CB88A80FC15.e.850/click - {}
RESULT: undefined
COMMAND: POST /session/67d6c33ae2a9e9619d576d72407b4a26/element - {"using":"xpath","value":"//*[@id=\"__tile33\"]"}
RESULT: {"using":"xpath","value":"//*[@id=\"__tile33\"]"}
COMMAND: POST /session/67d6c33ae2a9e9619d576d72407b4a26/element/f.F023B72CEECDCDADBA4F25879939FA1B.d.A1F76CACB9D55C7481FA6CB88A80FC15.e.850/click - {}
RESULT: undefined
COMMAND: POST /session/67d6c33ae2a9e9619d576d72407b4a26/execute/async - {"script":"<script> [6424 bytes]","args":[{"element-6066-11e4-a52e-4f735466cecf":"f.F023B72CEECDCDADBA4F25879939FA1B.d.A1F76CACB9D55C7481FA6CB88A80FC15.e.288"},"getTitle",[]]}
COMMAND: POST /session/67d6c33ae2a9e9619d576d72407b4a26/execute/async - {"script":"<script> [1562 bytes]","args":[{"selector":{"id":"shellAppTitle"},"wdio_ui5_key":"shellAppTitle"}]}
RESULT: {"script":"<script> [1562 bytes]","args":[{"selector":{"id":"shellAppTitle"},"wdio_ui5_key":"shellAppTitle"}]}
COMMAND: POST /session/67d6c33ae2a9e9619d576d72407b4a26/execute/async - {"script":"<script> [6424 bytes]","args":[{"element-6066-11e4-a52e-4f735466cecf":"f.F023B72CEECDCDADBA4F25879939FA1B.d.A1F76CACB9D55C7481FA6CB88A80FC15.e.1037"},"getTitle",[]]}
RESULT: {"script":"<script> [6424 bytes]","args":[{"element-6066-11e4-a52e-4f735466cecf":"f.F023B72CEECDCDADBA4F25879939FA1B.d.A1F76CACB9D55C7481FA6CB88A80FC15.e.1037"},"getTitle",[]]}
RESULT: undefined
COMMAND: POST /session/67d6c33ae2a9e9619d576d72407b4a26/element/f.F023B72CEECDCDADBA4F25879939FA1B.d.A1F76CACB9D55C7481FA6CB88A80FC15.e.848/click - {}
RESULT: {}
COMMAND: GET /session/67d6c33ae2a9e9619d576d72407b4a26/screenshot - {}
RESULT: {}
]]></system-out>
    </testcase>
    <testcase classname="chrome.137_0_7151_56.windows.Sanity_Tests_US104253" name="Should open Bill Of Resources page" time="36.611">
      <system-out><![CDATA[
COMMAND: POST /session/67d6c33ae2a9e9619d576d72407b4a26/execute/async - {"script":"<script> [1562 bytes]","args":[{"selector":{"controlType":"sap.m.GenericTile","properties":{"header":"Bill Of Resources"}},"wdio_ui5_key":"sapm.GenericTile{\"header\":\"Bill Of Resources\"}"}]}
RESULT: {"script":"<script> [1562 bytes]","args":[{"selector":{"controlType":"sap.m.GenericTile","properties":{"header":"Bill Of Resources"}},"wdio_ui5_key":"sapm.GenericTile{\"header\":\"Bill Of Resources\"}"}]}
RESULT: undefined
COMMAND: POST /session/67d6c33ae2a9e9619d576d72407b4a26/element - {"using":"xpath","value":"//*[@id=\"__tile34\"]"}
RESULT: {"using":"xpath","value":"//*[@id=\"__tile34\"]"}
COMMAND: POST /session/67d6c33ae2a9e9619d576d72407b4a26/element/f.F023B72CEECDCDADBA4F25879939FA1B.d.A1F76CACB9D55C7481FA6CB88A80FC15.e.1039/click - {}
RESULT: {}
COMMAND: GET /session/67d6c33ae2a9e9619d576d72407b4a26/screenshot - {}
RESULT: {}
COMMAND: POST /session/67d6c33ae2a9e9619d576d72407b4a26/elements - {"using":"xpath","value":"//span[text()='Error']"}
RESULT: {"using":"xpath","value":"//span[text()='Error']"}
RESULT: undefined
COMMAND: POST /session/67d6c33ae2a9e9619d576d72407b4a26/element - {"using":"xpath","value":"//*[@id=\"__tile34\"]"}
RESULT: {"using":"xpath","value":"//*[@id=\"__tile34\"]"}
COMMAND: POST /session/67d6c33ae2a9e9619d576d72407b4a26/element/f.F023B72CEECDCDADBA4F25879939FA1B.d.A1F76CACB9D55C7481FA6CB88A80FC15.e.1039/click - {}
RESULT: undefined
COMMAND: POST /session/67d6c33ae2a9e9619d576d72407b4a26/element - {"using":"xpath","value":"//*[@id=\"__tile34\"]"}
RESULT: {"using":"xpath","value":"//*[@id=\"__tile34\"]"}
COMMAND: POST /session/67d6c33ae2a9e9619d576d72407b4a26/element/f.F023B72CEECDCDADBA4F25879939FA1B.d.A1F76CACB9D55C7481FA6CB88A80FC15.e.1039/click - {}
RESULT: undefined
COMMAND: POST /session/67d6c33ae2a9e9619d576d72407b4a26/execute/async - {"script":"<script> [6424 bytes]","args":[{"element-6066-11e4-a52e-4f735466cecf":"f.F023B72CEECDCDADBA4F25879939FA1B.d.A1F76CACB9D55C7481FA6CB88A80FC15.e.288"},"getTitle",[]]}
COMMAND: POST /session/67d6c33ae2a9e9619d576d72407b4a26/execute/async - {"script":"<script> [1562 bytes]","args":[{"selector":{"id":"shellAppTitle"},"wdio_ui5_key":"shellAppTitle"}]}
RESULT: {"script":"<script> [1562 bytes]","args":[{"selector":{"id":"shellAppTitle"},"wdio_ui5_key":"shellAppTitle"}]}
COMMAND: POST /session/67d6c33ae2a9e9619d576d72407b4a26/execute/async - {"script":"<script> [6424 bytes]","args":[{"element-6066-11e4-a52e-4f735466cecf":"f.F023B72CEECDCDADBA4F25879939FA1B.d.A1F76CACB9D55C7481FA6CB88A80FC15.e.1137"},"getTitle",[]]}
RESULT: {"script":"<script> [6424 bytes]","args":[{"element-6066-11e4-a52e-4f735466cecf":"f.F023B72CEECDCDADBA4F25879939FA1B.d.A1F76CACB9D55C7481FA6CB88A80FC15.e.1137"},"getTitle",[]]}
RESULT: undefined
COMMAND: POST /session/67d6c33ae2a9e9619d576d72407b4a26/element/f.F023B72CEECDCDADBA4F25879939FA1B.d.A1F76CACB9D55C7481FA6CB88A80FC15.e.848/click - {}
COMMAND: POST /session/67d6c33ae2a9e9619d576d72407b4a26/element - {"using":"xpath","value":"//*[@id=\"backBtn\"]"}
RESULT: {"using":"xpath","value":"//*[@id=\"backBtn\"]"}
COMMAND: POST /session/67d6c33ae2a9e9619d576d72407b4a26/element/f.F023B72CEECDCDADBA4F25879939FA1B.d.A1F76CACB9D55C7481FA6CB88A80FC15.e.848/click - {}
COMMAND: POST /session/67d6c33ae2a9e9619d576d72407b4a26/element - {"using":"xpath","value":"//*[@id=\"backBtn\"]"}
RESULT: {"using":"xpath","value":"//*[@id=\"backBtn\"]"}
COMMAND: POST /session/67d6c33ae2a9e9619d576d72407b4a26/element/f.F023B72CEECDCDADBA4F25879939FA1B.d.A1F76CACB9D55C7481FA6CB88A80FC15.e.1138/click - {}
RESULT: {}
COMMAND: GET /session/67d6c33ae2a9e9619d576d72407b4a26/screenshot - {}
RESULT: {}
]]></system-out>
    </testcase>
    <testcase classname="chrome.137_0_7151_56.windows.Sanity_Tests_US104253" name="Should open Manage Yards page" time="37.051">
      <system-out><![CDATA[
COMMAND: POST /session/67d6c33ae2a9e9619d576d72407b4a26/execute/async - {"script":"<script> [1562 bytes]","args":[{"selector":{"controlType":"sap.m.GenericTile","properties":{"header":"Manage Yards"}},"wdio_ui5_key":"sapm.GenericTile{\"header\":\"Manage Yards\"}"}]}
RESULT: {"script":"<script> [1562 bytes]","args":[{"selector":{"controlType":"sap.m.GenericTile","properties":{"header":"Manage Yards"}},"wdio_ui5_key":"sapm.GenericTile{\"header\":\"Manage Yards\"}"}]}
RESULT: undefined
COMMAND: POST /session/67d6c33ae2a9e9619d576d72407b4a26/element - {"using":"xpath","value":"//*[@id=\"__tile41\"]"}
RESULT: {"using":"xpath","value":"//*[@id=\"__tile41\"]"}
COMMAND: POST /session/67d6c33ae2a9e9619d576d72407b4a26/element/f.F023B72CEECDCDADBA4F25879939FA1B.d.A1F76CACB9D55C7481FA6CB88A80FC15.e.1140/click - {}
RESULT: {}
COMMAND: GET /session/67d6c33ae2a9e9619d576d72407b4a26/screenshot - {}
RESULT: {}
COMMAND: POST /session/67d6c33ae2a9e9619d576d72407b4a26/elements - {"using":"xpath","value":"//span[text()='Error']"}
RESULT: {"using":"xpath","value":"//span[text()='Error']"}
RESULT: undefined
COMMAND: POST /session/67d6c33ae2a9e9619d576d72407b4a26/element - {"using":"xpath","value":"//*[@id=\"__tile41\"]"}
RESULT: {"using":"xpath","value":"//*[@id=\"__tile41\"]"}
COMMAND: POST /session/67d6c33ae2a9e9619d576d72407b4a26/element/f.F023B72CEECDCDADBA4F25879939FA1B.d.A1F76CACB9D55C7481FA6CB88A80FC15.e.1140/click - {}
RESULT: undefined
COMMAND: POST /session/67d6c33ae2a9e9619d576d72407b4a26/element - {"using":"xpath","value":"//*[@id=\"__tile41\"]"}
RESULT: {"using":"xpath","value":"//*[@id=\"__tile41\"]"}
COMMAND: POST /session/67d6c33ae2a9e9619d576d72407b4a26/element/f.F023B72CEECDCDADBA4F25879939FA1B.d.A1F76CACB9D55C7481FA6CB88A80FC15.e.1140/click - {}
RESULT: undefined
COMMAND: POST /session/67d6c33ae2a9e9619d576d72407b4a26/execute/async - {"script":"<script> [6424 bytes]","args":[{"element-6066-11e4-a52e-4f735466cecf":"f.F023B72CEECDCDADBA4F25879939FA1B.d.A1F76CACB9D55C7481FA6CB88A80FC15.e.288"},"getTitle",[]]}
COMMAND: POST /session/67d6c33ae2a9e9619d576d72407b4a26/execute/async - {"script":"<script> [1562 bytes]","args":[{"selector":{"id":"shellAppTitle"},"wdio_ui5_key":"shellAppTitle"}]}
RESULT: {"script":"<script> [1562 bytes]","args":[{"selector":{"id":"shellAppTitle"},"wdio_ui5_key":"shellAppTitle"}]}
COMMAND: POST /session/67d6c33ae2a9e9619d576d72407b4a26/execute/async - {"script":"<script> [6424 bytes]","args":[{"element-6066-11e4-a52e-4f735466cecf":"f.F023B72CEECDCDADBA4F25879939FA1B.d.A1F76CACB9D55C7481FA6CB88A80FC15.e.1324"},"getTitle",[]]}
RESULT: {"script":"<script> [6424 bytes]","args":[{"element-6066-11e4-a52e-4f735466cecf":"f.F023B72CEECDCDADBA4F25879939FA1B.d.A1F76CACB9D55C7481FA6CB88A80FC15.e.1324"},"getTitle",[]]}
RESULT: undefined
COMMAND: POST /session/67d6c33ae2a9e9619d576d72407b4a26/element/f.F023B72CEECDCDADBA4F25879939FA1B.d.A1F76CACB9D55C7481FA6CB88A80FC15.e.1138/click - {}
RESULT: {}
COMMAND: GET /session/67d6c33ae2a9e9619d576d72407b4a26/screenshot - {}
RESULT: {}
]]></system-out>
    </testcase>
    <testcase classname="chrome.137_0_7151_56.windows.Sanity_Tests_US104253" name="Should open Manage Requests page" time="37.506">
      <system-out><![CDATA[
COMMAND: POST /session/67d6c33ae2a9e9619d576d72407b4a26/execute/async - {"script":"<script> [1562 bytes]","args":[{"selector":{"controlType":"sap.m.GenericTile","properties":{"header":"Manage Requests"}},"wdio_ui5_key":"sapm.GenericTile{\"header\":\"Manage Requests\"}"}]}
RESULT: {"script":"<script> [1562 bytes]","args":[{"selector":{"controlType":"sap.m.GenericTile","properties":{"header":"Manage Requests"}},"wdio_ui5_key":"sapm.GenericTile{\"header\":\"Manage Requests\"}"}]}
RESULT: undefined
COMMAND: POST /session/67d6c33ae2a9e9619d576d72407b4a26/element - {"using":"xpath","value":"//*[@id=\"__tile47\"]"}
RESULT: {"using":"xpath","value":"//*[@id=\"__tile47\"]"}
COMMAND: POST /session/67d6c33ae2a9e9619d576d72407b4a26/element/f.F023B72CEECDCDADBA4F25879939FA1B.d.A1F76CACB9D55C7481FA6CB88A80FC15.e.1326/click - {}
RESULT: {}
COMMAND: GET /session/67d6c33ae2a9e9619d576d72407b4a26/screenshot - {}
RESULT: {}
COMMAND: POST /session/67d6c33ae2a9e9619d576d72407b4a26/elements - {"using":"xpath","value":"//span[text()='Error']"}
RESULT: {"using":"xpath","value":"//span[text()='Error']"}
RESULT: undefined
COMMAND: POST /session/67d6c33ae2a9e9619d576d72407b4a26/element - {"using":"xpath","value":"//*[@id=\"__tile47\"]"}
RESULT: {"using":"xpath","value":"//*[@id=\"__tile47\"]"}
COMMAND: POST /session/67d6c33ae2a9e9619d576d72407b4a26/element/f.F023B72CEECDCDADBA4F25879939FA1B.d.A1F76CACB9D55C7481FA6CB88A80FC15.e.1326/click - {}
RESULT: undefined
COMMAND: POST /session/67d6c33ae2a9e9619d576d72407b4a26/element - {"using":"xpath","value":"//*[@id=\"__tile47\"]"}
RESULT: {"using":"xpath","value":"//*[@id=\"__tile47\"]"}
COMMAND: POST /session/67d6c33ae2a9e9619d576d72407b4a26/element/f.F023B72CEECDCDADBA4F25879939FA1B.d.A1F76CACB9D55C7481FA6CB88A80FC15.e.1326/click - {}
RESULT: undefined
COMMAND: POST /session/67d6c33ae2a9e9619d576d72407b4a26/execute/async - {"script":"<script> [6424 bytes]","args":[{"element-6066-11e4-a52e-4f735466cecf":"f.F023B72CEECDCDADBA4F25879939FA1B.d.A1F76CACB9D55C7481FA6CB88A80FC15.e.288"},"getTitle",[]]}
COMMAND: POST /session/67d6c33ae2a9e9619d576d72407b4a26/execute/async - {"script":"<script> [1562 bytes]","args":[{"selector":{"id":"shellAppTitle"},"wdio_ui5_key":"shellAppTitle"}]}
RESULT: {"script":"<script> [1562 bytes]","args":[{"selector":{"id":"shellAppTitle"},"wdio_ui5_key":"shellAppTitle"}]}
COMMAND: POST /session/67d6c33ae2a9e9619d576d72407b4a26/execute/async - {"script":"<script> [6424 bytes]","args":[{"element-6066-11e4-a52e-4f735466cecf":"f.F023B72CEECDCDADBA4F25879939FA1B.d.A1F76CACB9D55C7481FA6CB88A80FC15.e.1425"},"getTitle",[]]}
RESULT: {"script":"<script> [6424 bytes]","args":[{"element-6066-11e4-a52e-4f735466cecf":"f.F023B72CEECDCDADBA4F25879939FA1B.d.A1F76CACB9D55C7481FA6CB88A80FC15.e.1425"},"getTitle",[]]}
RESULT: undefined
COMMAND: POST /session/67d6c33ae2a9e9619d576d72407b4a26/element/f.F023B72CEECDCDADBA4F25879939FA1B.d.A1F76CACB9D55C7481FA6CB88A80FC15.e.1138/click - {}
COMMAND: POST /session/67d6c33ae2a9e9619d576d72407b4a26/element - {"using":"xpath","value":"//*[@id=\"backBtn\"]"}
RESULT: {"using":"xpath","value":"//*[@id=\"backBtn\"]"}
COMMAND: POST /session/67d6c33ae2a9e9619d576d72407b4a26/element/f.F023B72CEECDCDADBA4F25879939FA1B.d.A1F76CACB9D55C7481FA6CB88A80FC15.e.1138/click - {}
COMMAND: POST /session/67d6c33ae2a9e9619d576d72407b4a26/element - {"using":"xpath","value":"//*[@id=\"backBtn\"]"}
RESULT: {"using":"xpath","value":"//*[@id=\"backBtn\"]"}
COMMAND: POST /session/67d6c33ae2a9e9619d576d72407b4a26/element/f.F023B72CEECDCDADBA4F25879939FA1B.d.A1F76CACB9D55C7481FA6CB88A80FC15.e.1426/click - {}
RESULT: {}
COMMAND: GET /session/67d6c33ae2a9e9619d576d72407b4a26/screenshot - {}
RESULT: {}
]]></system-out>
    </testcase>
    <testcase classname="chrome.137_0_7151_56.windows.Sanity_Tests_US104253" name="Should open Manage Purchasing page" time="37.585">
      <system-out><![CDATA[
COMMAND: POST /session/67d6c33ae2a9e9619d576d72407b4a26/execute/async - {"script":"<script> [1562 bytes]","args":[{"selector":{"controlType":"sap.m.GenericTile","properties":{"header":"Manage Purchasing"}},"wdio_ui5_key":"sapm.GenericTile{\"header\":\"Manage Purchasing\"}"}]}
RESULT: {"script":"<script> [1562 bytes]","args":[{"selector":{"controlType":"sap.m.GenericTile","properties":{"header":"Manage Purchasing"}},"wdio_ui5_key":"sapm.GenericTile{\"header\":\"Manage Purchasing\"}"}]}
RESULT: undefined
COMMAND: POST /session/67d6c33ae2a9e9619d576d72407b4a26/element - {"using":"xpath","value":"//*[@id=\"__tile46\"]"}
RESULT: {"using":"xpath","value":"//*[@id=\"__tile46\"]"}
COMMAND: POST /session/67d6c33ae2a9e9619d576d72407b4a26/element/f.F023B72CEECDCDADBA4F25879939FA1B.d.A1F76CACB9D55C7481FA6CB88A80FC15.e.1429/click - {}
RESULT: {}
COMMAND: GET /session/67d6c33ae2a9e9619d576d72407b4a26/screenshot - {}
RESULT: {}
COMMAND: POST /session/67d6c33ae2a9e9619d576d72407b4a26/elements - {"using":"xpath","value":"//span[text()='Error']"}
RESULT: {"using":"xpath","value":"//span[text()='Error']"}
RESULT: undefined
COMMAND: POST /session/67d6c33ae2a9e9619d576d72407b4a26/element - {"using":"xpath","value":"//*[@id=\"__tile46\"]"}
RESULT: {"using":"xpath","value":"//*[@id=\"__tile46\"]"}
COMMAND: POST /session/67d6c33ae2a9e9619d576d72407b4a26/element/f.F023B72CEECDCDADBA4F25879939FA1B.d.A1F76CACB9D55C7481FA6CB88A80FC15.e.1429/click - {}
RESULT: undefined
COMMAND: POST /session/67d6c33ae2a9e9619d576d72407b4a26/element - {"using":"xpath","value":"//*[@id=\"__tile46\"]"}
RESULT: {"using":"xpath","value":"//*[@id=\"__tile46\"]"}
COMMAND: POST /session/67d6c33ae2a9e9619d576d72407b4a26/element/f.F023B72CEECDCDADBA4F25879939FA1B.d.A1F76CACB9D55C7481FA6CB88A80FC15.e.1429/click - {}
RESULT: undefined
COMMAND: POST /session/67d6c33ae2a9e9619d576d72407b4a26/execute/async - {"script":"<script> [6424 bytes]","args":[{"element-6066-11e4-a52e-4f735466cecf":"f.F023B72CEECDCDADBA4F25879939FA1B.d.A1F76CACB9D55C7481FA6CB88A80FC15.e.288"},"getTitle",[]]}
COMMAND: POST /session/67d6c33ae2a9e9619d576d72407b4a26/execute/async - {"script":"<script> [1562 bytes]","args":[{"selector":{"id":"shellAppTitle"},"wdio_ui5_key":"shellAppTitle"}]}
RESULT: {"script":"<script> [1562 bytes]","args":[{"selector":{"id":"shellAppTitle"},"wdio_ui5_key":"shellAppTitle"}]}
COMMAND: POST /session/67d6c33ae2a9e9619d576d72407b4a26/execute/async - {"script":"<script> [6424 bytes]","args":[{"element-6066-11e4-a52e-4f735466cecf":"f.F023B72CEECDCDADBA4F25879939FA1B.d.A1F76CACB9D55C7481FA6CB88A80FC15.e.1530"},"getTitle",[]]}
RESULT: {"script":"<script> [6424 bytes]","args":[{"element-6066-11e4-a52e-4f735466cecf":"f.F023B72CEECDCDADBA4F25879939FA1B.d.A1F76CACB9D55C7481FA6CB88A80FC15.e.1530"},"getTitle",[]]}
RESULT: undefined
COMMAND: POST /session/67d6c33ae2a9e9619d576d72407b4a26/element/f.F023B72CEECDCDADBA4F25879939FA1B.d.A1F76CACB9D55C7481FA6CB88A80FC15.e.1426/click - {}
RESULT: {}
COMMAND: GET /session/67d6c33ae2a9e9619d576d72407b4a26/screenshot - {}
RESULT: {}
]]></system-out>
    </testcase>
    <testcase classname="chrome.137_0_7151_56.windows.Sanity_Tests_US104253" name="Should open Planning Board page" time="38.271">
      <system-out><![CDATA[
COMMAND: POST /session/67d6c33ae2a9e9619d576d72407b4a26/execute/async - {"script":"<script> [1562 bytes]","args":[{"selector":{"controlType":"sap.m.GenericTile","properties":{"header":"Planning Board"}},"wdio_ui5_key":"sapm.GenericTile{\"header\":\"Planning Board\"}"}]}
RESULT: {"script":"<script> [1562 bytes]","args":[{"selector":{"controlType":"sap.m.GenericTile","properties":{"header":"Planning Board"}},"wdio_ui5_key":"sapm.GenericTile{\"header\":\"Planning Board\"}"}]}
RESULT: undefined
COMMAND: POST /session/67d6c33ae2a9e9619d576d72407b4a26/element - {"using":"xpath","value":"//*[@id=\"__tile131\"]"}
RESULT: {"using":"xpath","value":"//*[@id=\"__tile131\"]"}
COMMAND: POST /session/67d6c33ae2a9e9619d576d72407b4a26/element/f.F023B72CEECDCDADBA4F25879939FA1B.d.A1F76CACB9D55C7481FA6CB88A80FC15.e.1532/click - {}
RESULT: {}
COMMAND: GET /session/67d6c33ae2a9e9619d576d72407b4a26/screenshot - {}
RESULT: {}
COMMAND: POST /session/67d6c33ae2a9e9619d576d72407b4a26/elements - {"using":"xpath","value":"//span[text()='Error']"}
RESULT: {"using":"xpath","value":"//span[text()='Error']"}
RESULT: undefined
COMMAND: POST /session/67d6c33ae2a9e9619d576d72407b4a26/element - {"using":"xpath","value":"//*[@id=\"__tile131\"]"}
RESULT: {"using":"xpath","value":"//*[@id=\"__tile131\"]"}
COMMAND: POST /session/67d6c33ae2a9e9619d576d72407b4a26/element/f.F023B72CEECDCDADBA4F25879939FA1B.d.A1F76CACB9D55C7481FA6CB88A80FC15.e.1532/click - {}
RESULT: undefined
COMMAND: POST /session/67d6c33ae2a9e9619d576d72407b4a26/element - {"using":"xpath","value":"//*[@id=\"__tile131\"]"}
RESULT: {"using":"xpath","value":"//*[@id=\"__tile131\"]"}
COMMAND: POST /session/67d6c33ae2a9e9619d576d72407b4a26/element/f.F023B72CEECDCDADBA4F25879939FA1B.d.A1F76CACB9D55C7481FA6CB88A80FC15.e.1532/click - {}
RESULT: undefined
COMMAND: POST /session/67d6c33ae2a9e9619d576d72407b4a26/execute/async - {"script":"<script> [6424 bytes]","args":[{"element-6066-11e4-a52e-4f735466cecf":"f.F023B72CEECDCDADBA4F25879939FA1B.d.A1F76CACB9D55C7481FA6CB88A80FC15.e.288"},"getTitle",[]]}
COMMAND: POST /session/67d6c33ae2a9e9619d576d72407b4a26/execute/async - {"script":"<script> [1562 bytes]","args":[{"selector":{"id":"shellAppTitle"},"wdio_ui5_key":"shellAppTitle"}]}
RESULT: {"script":"<script> [1562 bytes]","args":[{"selector":{"id":"shellAppTitle"},"wdio_ui5_key":"shellAppTitle"}]}
COMMAND: POST /session/67d6c33ae2a9e9619d576d72407b4a26/execute/async - {"script":"<script> [6424 bytes]","args":[{"element-6066-11e4-a52e-4f735466cecf":"f.F023B72CEECDCDADBA4F25879939FA1B.d.A1F76CACB9D55C7481FA6CB88A80FC15.e.1581"},"getTitle",[]]}
RESULT: {"script":"<script> [6424 bytes]","args":[{"element-6066-11e4-a52e-4f735466cecf":"f.F023B72CEECDCDADBA4F25879939FA1B.d.A1F76CACB9D55C7481FA6CB88A80FC15.e.1581"},"getTitle",[]]}
RESULT: undefined
COMMAND: POST /session/67d6c33ae2a9e9619d576d72407b4a26/element/f.F023B72CEECDCDADBA4F25879939FA1B.d.A1F76CACB9D55C7481FA6CB88A80FC15.e.1426/click - {}
COMMAND: POST /session/67d6c33ae2a9e9619d576d72407b4a26/element/f.F023B72CEECDCDADBA4F25879939FA1B.d.A1F76CACB9D55C7481FA6CB88A80FC15.e.1426/click - {}
COMMAND: POST /session/67d6c33ae2a9e9619d576d72407b4a26/element - {"using":"xpath","value":"//*[@id=\"backBtn\"]"}
COMMAND: POST /session/67d6c33ae2a9e9619d576d72407b4a26/element - {"using":"xpath","value":"//*[@id=\"backBtn\"]"}
RESULT: {"using":"xpath","value":"//*[@id=\"backBtn\"]"}
COMMAND: POST /session/67d6c33ae2a9e9619d576d72407b4a26/element/f.F023B72CEECDCDADBA4F25879939FA1B.d.A1F76CACB9D55C7481FA6CB88A80FC15.e.1426/click - {}
RESULT: {"using":"xpath","value":"//*[@id=\"backBtn\"]"}
COMMAND: POST /session/67d6c33ae2a9e9619d576d72407b4a26/element/f.F023B72CEECDCDADBA4F25879939FA1B.d.A1F76CACB9D55C7481FA6CB88A80FC15.e.1426/click - {}
COMMAND: POST /session/67d6c33ae2a9e9619d576d72407b4a26/element - {"using":"xpath","value":"//*[@id=\"backBtn\"]"}
COMMAND: POST /session/67d6c33ae2a9e9619d576d72407b4a26/element - {"using":"xpath","value":"//*[@id=\"backBtn\"]"}
RESULT: {"using":"xpath","value":"//*[@id=\"backBtn\"]"}
COMMAND: POST /session/67d6c33ae2a9e9619d576d72407b4a26/element/f.F023B72CEECDCDADBA4F25879939FA1B.d.A1F76CACB9D55C7481FA6CB88A80FC15.e.1582/click - {}
RESULT: {"using":"xpath","value":"//*[@id=\"backBtn\"]"}
COMMAND: POST /session/67d6c33ae2a9e9619d576d72407b4a26/element/f.F023B72CEECDCDADBA4F25879939FA1B.d.A1F76CACB9D55C7481FA6CB88A80FC15.e.1582/click - {}
RESULT: {}
COMMAND: GET /session/67d6c33ae2a9e9619d576d72407b4a26/screenshot - {}
RESULT: {}
COMMAND: GET /session/67d6c33ae2a9e9619d576d72407b4a26/screenshot - {}
RESULT: {}
RESULT: {}
]]></system-out>
    </testcase>
    <testcase classname="chrome.137_0_7151_56.windows.Sanity_Tests_US104253" name="Should open Manage Contracts page" time="46.294">
      <system-out><![CDATA[
COMMAND: POST /session/67d6c33ae2a9e9619d576d72407b4a26/execute/async - {"script":"<script> [1562 bytes]","args":[{"selector":{"controlType":"sap.m.GenericTile","properties":{"header":"Manage Contracts"}},"wdio_ui5_key":"sapm.GenericTile{\"header\":\"Manage Contracts\"}"}]}
RESULT: {"script":"<script> [1562 bytes]","args":[{"selector":{"controlType":"sap.m.GenericTile","properties":{"header":"Manage Contracts"}},"wdio_ui5_key":"sapm.GenericTile{\"header\":\"Manage Contracts\"}"}]}
RESULT: undefined
COMMAND: POST /session/67d6c33ae2a9e9619d576d72407b4a26/element - {"using":"xpath","value":"//*[@id=\"__tile133\"]"}
RESULT: {"using":"xpath","value":"//*[@id=\"__tile133\"]"}
COMMAND: POST /session/67d6c33ae2a9e9619d576d72407b4a26/element/f.F023B72CEECDCDADBA4F25879939FA1B.d.A1F76CACB9D55C7481FA6CB88A80FC15.e.1584/click - {}
RESULT: {}
COMMAND: GET /session/67d6c33ae2a9e9619d576d72407b4a26/screenshot - {}
RESULT: {}
COMMAND: POST /session/67d6c33ae2a9e9619d576d72407b4a26/elements - {"using":"xpath","value":"//span[text()='Error']"}
RESULT: {"using":"xpath","value":"//span[text()='Error']"}
RESULT: undefined
COMMAND: POST /session/67d6c33ae2a9e9619d576d72407b4a26/element - {"using":"xpath","value":"//*[@id=\"__tile133\"]"}
RESULT: {"using":"xpath","value":"//*[@id=\"__tile133\"]"}
COMMAND: POST /session/67d6c33ae2a9e9619d576d72407b4a26/element/f.F023B72CEECDCDADBA4F25879939FA1B.d.A1F76CACB9D55C7481FA6CB88A80FC15.e.1584/click - {}
RESULT: undefined
COMMAND: POST /session/67d6c33ae2a9e9619d576d72407b4a26/element - {"using":"xpath","value":"//*[@id=\"__tile133\"]"}
RESULT: {"using":"xpath","value":"//*[@id=\"__tile133\"]"}
COMMAND: POST /session/67d6c33ae2a9e9619d576d72407b4a26/element/f.F023B72CEECDCDADBA4F25879939FA1B.d.A1F76CACB9D55C7481FA6CB88A80FC15.e.1584/click - {}
RESULT: undefined
COMMAND: POST /session/67d6c33ae2a9e9619d576d72407b4a26/execute/async - {"script":"<script> [6424 bytes]","args":[{"element-6066-11e4-a52e-4f735466cecf":"f.F023B72CEECDCDADBA4F25879939FA1B.d.A1F76CACB9D55C7481FA6CB88A80FC15.e.288"},"getTitle",[]]}
COMMAND: POST /session/67d6c33ae2a9e9619d576d72407b4a26/execute/async - {"script":"<script> [1562 bytes]","args":[{"selector":{"id":"shellAppTitle"},"wdio_ui5_key":"shellAppTitle"}]}
RESULT: {"script":"<script> [1562 bytes]","args":[{"selector":{"id":"shellAppTitle"},"wdio_ui5_key":"shellAppTitle"}]}
COMMAND: POST /session/67d6c33ae2a9e9619d576d72407b4a26/execute/async - {"script":"<script> [6424 bytes]","args":[{"element-6066-11e4-a52e-4f735466cecf":"f.F023B72CEECDCDADBA4F25879939FA1B.d.A1F76CACB9D55C7481FA6CB88A80FC15.e.1650"},"getTitle",[]]}
RESULT: {"script":"<script> [6424 bytes]","args":[{"element-6066-11e4-a52e-4f735466cecf":"f.F023B72CEECDCDADBA4F25879939FA1B.d.A1F76CACB9D55C7481FA6CB88A80FC15.e.1650"},"getTitle",[]]}
RESULT: undefined
COMMAND: POST /session/67d6c33ae2a9e9619d576d72407b4a26/element/f.F023B72CEECDCDADBA4F25879939FA1B.d.A1F76CACB9D55C7481FA6CB88A80FC15.e.1582/click - {}
RESULT: {}
COMMAND: GET /session/67d6c33ae2a9e9619d576d72407b4a26/screenshot - {}
RESULT: {}
]]></system-out>
    </testcase>
    <testcase classname="chrome.137_0_7151_56.windows.Sanity_Tests_US104253" name="Should open Manage Quotations page" time="42.479">
      <system-out><![CDATA[
COMMAND: POST /session/67d6c33ae2a9e9619d576d72407b4a26/execute/async - {"script":"<script> [1562 bytes]","args":[{"selector":{"controlType":"sap.m.GenericTile","properties":{"header":"Manage Quotations"}},"wdio_ui5_key":"sapm.GenericTile{\"header\":\"Manage Quotations\"}"}]}
RESULT: {"script":"<script> [1562 bytes]","args":[{"selector":{"controlType":"sap.m.GenericTile","properties":{"header":"Manage Quotations"}},"wdio_ui5_key":"sapm.GenericTile{\"header\":\"Manage Quotations\"}"}]}
RESULT: undefined
COMMAND: POST /session/67d6c33ae2a9e9619d576d72407b4a26/element - {"using":"xpath","value":"//*[@id=\"__tile130\"]"}
RESULT: {"using":"xpath","value":"//*[@id=\"__tile130\"]"}
COMMAND: POST /session/67d6c33ae2a9e9619d576d72407b4a26/element/f.F023B72CEECDCDADBA4F25879939FA1B.d.A1F76CACB9D55C7481FA6CB88A80FC15.e.1652/click - {}
RESULT: {}
COMMAND: GET /session/67d6c33ae2a9e9619d576d72407b4a26/screenshot - {}
RESULT: {}
COMMAND: POST /session/67d6c33ae2a9e9619d576d72407b4a26/elements - {"using":"xpath","value":"//span[text()='Error']"}
RESULT: {"using":"xpath","value":"//span[text()='Error']"}
RESULT: undefined
COMMAND: POST /session/67d6c33ae2a9e9619d576d72407b4a26/element - {"using":"xpath","value":"//*[@id=\"__tile130\"]"}
RESULT: {"using":"xpath","value":"//*[@id=\"__tile130\"]"}
COMMAND: POST /session/67d6c33ae2a9e9619d576d72407b4a26/element/f.F023B72CEECDCDADBA4F25879939FA1B.d.A1F76CACB9D55C7481FA6CB88A80FC15.e.1652/click - {}
RESULT: undefined
COMMAND: POST /session/67d6c33ae2a9e9619d576d72407b4a26/element - {"using":"xpath","value":"//*[@id=\"__tile130\"]"}
RESULT: {"using":"xpath","value":"//*[@id=\"__tile130\"]"}
COMMAND: POST /session/67d6c33ae2a9e9619d576d72407b4a26/element/f.F023B72CEECDCDADBA4F25879939FA1B.d.A1F76CACB9D55C7481FA6CB88A80FC15.e.1652/click - {}
RESULT: undefined
COMMAND: POST /session/67d6c33ae2a9e9619d576d72407b4a26/execute/async - {"script":"<script> [6424 bytes]","args":[{"element-6066-11e4-a52e-4f735466cecf":"f.F023B72CEECDCDADBA4F25879939FA1B.d.A1F76CACB9D55C7481FA6CB88A80FC15.e.288"},"getTitle",[]]}
COMMAND: POST /session/67d6c33ae2a9e9619d576d72407b4a26/execute/async - {"script":"<script> [1562 bytes]","args":[{"selector":{"id":"shellAppTitle"},"wdio_ui5_key":"shellAppTitle"}]}
RESULT: {"script":"<script> [1562 bytes]","args":[{"selector":{"id":"shellAppTitle"},"wdio_ui5_key":"shellAppTitle"}]}
COMMAND: POST /session/67d6c33ae2a9e9619d576d72407b4a26/execute/async - {"script":"<script> [6424 bytes]","args":[{"element-6066-11e4-a52e-4f735466cecf":"f.F023B72CEECDCDADBA4F25879939FA1B.d.A1F76CACB9D55C7481FA6CB88A80FC15.e.1736"},"getTitle",[]]}
RESULT: {"script":"<script> [6424 bytes]","args":[{"element-6066-11e4-a52e-4f735466cecf":"f.F023B72CEECDCDADBA4F25879939FA1B.d.A1F76CACB9D55C7481FA6CB88A80FC15.e.1736"},"getTitle",[]]}
RESULT: undefined
COMMAND: POST /session/67d6c33ae2a9e9619d576d72407b4a26/element/f.F023B72CEECDCDADBA4F25879939FA1B.d.A1F76CACB9D55C7481FA6CB88A80FC15.e.1582/click - {}
COMMAND: POST /session/67d6c33ae2a9e9619d576d72407b4a26/element - {"using":"xpath","value":"//*[@id=\"backBtn\"]"}
RESULT: {"using":"xpath","value":"//*[@id=\"backBtn\"]"}
COMMAND: POST /session/67d6c33ae2a9e9619d576d72407b4a26/element/f.F023B72CEECDCDADBA4F25879939FA1B.d.A1F76CACB9D55C7481FA6CB88A80FC15.e.1582/click - {}
COMMAND: POST /session/67d6c33ae2a9e9619d576d72407b4a26/element - {"using":"xpath","value":"//*[@id=\"backBtn\"]"}
RESULT: {"using":"xpath","value":"//*[@id=\"backBtn\"]"}
COMMAND: POST /session/67d6c33ae2a9e9619d576d72407b4a26/element/f.F023B72CEECDCDADBA4F25879939FA1B.d.A1F76CACB9D55C7481FA6CB88A80FC15.e.1737/click - {}
RESULT: {}
COMMAND: GET /session/67d6c33ae2a9e9619d576d72407b4a26/screenshot - {}
RESULT: {}
]]></system-out>
    </testcase>
    <testcase classname="chrome.137_0_7151_56.windows.Sanity_Tests_US104253" name="Should open Manage Handovers page" time="37.513">
      <system-out><![CDATA[
COMMAND: POST /session/67d6c33ae2a9e9619d576d72407b4a26/execute/async - {"script":"<script> [1562 bytes]","args":[{"selector":{"controlType":"sap.m.GenericTile","properties":{"header":"Manage Handovers"}},"wdio_ui5_key":"sapm.GenericTile{\"header\":\"Manage Handovers\"}"}]}
RESULT: {"script":"<script> [1562 bytes]","args":[{"selector":{"controlType":"sap.m.GenericTile","properties":{"header":"Manage Handovers"}},"wdio_ui5_key":"sapm.GenericTile{\"header\":\"Manage Handovers\"}"}]}
RESULT: undefined
COMMAND: POST /session/67d6c33ae2a9e9619d576d72407b4a26/element - {"using":"xpath","value":"//*[@id=\"__tile132\"]"}
RESULT: {"using":"xpath","value":"//*[@id=\"__tile132\"]"}
COMMAND: POST /session/67d6c33ae2a9e9619d576d72407b4a26/element/f.F023B72CEECDCDADBA4F25879939FA1B.d.A1F76CACB9D55C7481FA6CB88A80FC15.e.1739/click - {}
RESULT: {}
COMMAND: GET /session/67d6c33ae2a9e9619d576d72407b4a26/screenshot - {}
RESULT: {}
COMMAND: POST /session/67d6c33ae2a9e9619d576d72407b4a26/elements - {"using":"xpath","value":"//span[text()='Error']"}
RESULT: {"using":"xpath","value":"//span[text()='Error']"}
RESULT: undefined
COMMAND: POST /session/67d6c33ae2a9e9619d576d72407b4a26/element - {"using":"xpath","value":"//*[@id=\"__tile132\"]"}
RESULT: {"using":"xpath","value":"//*[@id=\"__tile132\"]"}
COMMAND: POST /session/67d6c33ae2a9e9619d576d72407b4a26/element/f.F023B72CEECDCDADBA4F25879939FA1B.d.A1F76CACB9D55C7481FA6CB88A80FC15.e.1739/click - {}
RESULT: undefined
COMMAND: POST /session/67d6c33ae2a9e9619d576d72407b4a26/element - {"using":"xpath","value":"//*[@id=\"__tile132\"]"}
RESULT: {"using":"xpath","value":"//*[@id=\"__tile132\"]"}
COMMAND: POST /session/67d6c33ae2a9e9619d576d72407b4a26/element/f.F023B72CEECDCDADBA4F25879939FA1B.d.A1F76CACB9D55C7481FA6CB88A80FC15.e.1739/click - {}
RESULT: undefined
COMMAND: POST /session/67d6c33ae2a9e9619d576d72407b4a26/execute/async - {"script":"<script> [6424 bytes]","args":[{"element-6066-11e4-a52e-4f735466cecf":"f.F023B72CEECDCDADBA4F25879939FA1B.d.A1F76CACB9D55C7481FA6CB88A80FC15.e.288"},"getTitle",[]]}
COMMAND: POST /session/67d6c33ae2a9e9619d576d72407b4a26/execute/async - {"script":"<script> [1562 bytes]","args":[{"selector":{"id":"shellAppTitle"},"wdio_ui5_key":"shellAppTitle"}]}
RESULT: {"script":"<script> [1562 bytes]","args":[{"selector":{"id":"shellAppTitle"},"wdio_ui5_key":"shellAppTitle"}]}
COMMAND: POST /session/67d6c33ae2a9e9619d576d72407b4a26/execute/async - {"script":"<script> [6424 bytes]","args":[{"element-6066-11e4-a52e-4f735466cecf":"f.F023B72CEECDCDADBA4F25879939FA1B.d.A1F76CACB9D55C7481FA6CB88A80FC15.e.1846"},"getTitle",[]]}
RESULT: {"script":"<script> [6424 bytes]","args":[{"element-6066-11e4-a52e-4f735466cecf":"f.F023B72CEECDCDADBA4F25879939FA1B.d.A1F76CACB9D55C7481FA6CB88A80FC15.e.1846"},"getTitle",[]]}
RESULT: undefined
COMMAND: POST /session/67d6c33ae2a9e9619d576d72407b4a26/element/f.F023B72CEECDCDADBA4F25879939FA1B.d.A1F76CACB9D55C7481FA6CB88A80FC15.e.1737/click - {}
RESULT: {}
COMMAND: GET /session/67d6c33ae2a9e9619d576d72407b4a26/screenshot - {}
RESULT: {}
]]></system-out>
    </testcase>
    <testcase classname="chrome.137_0_7151_56.windows.Sanity_Tests_US104253" name="Should open Delivery Monitor page" time="39.906">
      <system-out><![CDATA[
COMMAND: POST /session/67d6c33ae2a9e9619d576d72407b4a26/execute/async - {"script":"<script> [1562 bytes]","args":[{"selector":{"controlType":"sap.m.GenericTile","properties":{"header":"Delivery Monitor"}},"wdio_ui5_key":"sapm.GenericTile{\"header\":\"Delivery Monitor\"}"}]}
RESULT: {"script":"<script> [1562 bytes]","args":[{"selector":{"controlType":"sap.m.GenericTile","properties":{"header":"Delivery Monitor"}},"wdio_ui5_key":"sapm.GenericTile{\"header\":\"Delivery Monitor\"}"}]}
RESULT: undefined
COMMAND: POST /session/67d6c33ae2a9e9619d576d72407b4a26/element - {"using":"xpath","value":"//*[@id=\"__tile43\"]"}
RESULT: {"using":"xpath","value":"//*[@id=\"__tile43\"]"}
COMMAND: POST /session/67d6c33ae2a9e9619d576d72407b4a26/element/f.F023B72CEECDCDADBA4F25879939FA1B.d.A1F76CACB9D55C7481FA6CB88A80FC15.e.1848/click - {}
RESULT: {}
COMMAND: GET /session/67d6c33ae2a9e9619d576d72407b4a26/screenshot - {}
RESULT: {}
COMMAND: POST /session/67d6c33ae2a9e9619d576d72407b4a26/elements - {"using":"xpath","value":"//span[text()='Error']"}
RESULT: {"using":"xpath","value":"//span[text()='Error']"}
RESULT: undefined
COMMAND: POST /session/67d6c33ae2a9e9619d576d72407b4a26/element - {"using":"xpath","value":"//*[@id=\"__tile43\"]"}
RESULT: {"using":"xpath","value":"//*[@id=\"__tile43\"]"}
COMMAND: POST /session/67d6c33ae2a9e9619d576d72407b4a26/element/f.F023B72CEECDCDADBA4F25879939FA1B.d.A1F76CACB9D55C7481FA6CB88A80FC15.e.1848/click - {}
RESULT: undefined
COMMAND: POST /session/67d6c33ae2a9e9619d576d72407b4a26/element - {"using":"xpath","value":"//*[@id=\"__tile43\"]"}
RESULT: {"using":"xpath","value":"//*[@id=\"__tile43\"]"}
COMMAND: POST /session/67d6c33ae2a9e9619d576d72407b4a26/element/f.F023B72CEECDCDADBA4F25879939FA1B.d.A1F76CACB9D55C7481FA6CB88A80FC15.e.1848/click - {}
RESULT: undefined
COMMAND: POST /session/67d6c33ae2a9e9619d576d72407b4a26/execute/async - {"script":"<script> [6424 bytes]","args":[{"element-6066-11e4-a52e-4f735466cecf":"f.F023B72CEECDCDADBA4F25879939FA1B.d.A1F76CACB9D55C7481FA6CB88A80FC15.e.288"},"getTitle",[]]}
COMMAND: POST /session/67d6c33ae2a9e9619d576d72407b4a26/execute/async - {"script":"<script> [1562 bytes]","args":[{"selector":{"id":"shellAppTitle"},"wdio_ui5_key":"shellAppTitle"}]}
RESULT: {"script":"<script> [1562 bytes]","args":[{"selector":{"id":"shellAppTitle"},"wdio_ui5_key":"shellAppTitle"}]}
COMMAND: POST /session/67d6c33ae2a9e9619d576d72407b4a26/execute/async - {"script":"<script> [6424 bytes]","args":[{"element-6066-11e4-a52e-4f735466cecf":"f.F023B72CEECDCDADBA4F25879939FA1B.d.A1F76CACB9D55C7481FA6CB88A80FC15.e.1949"},"getTitle",[]]}
RESULT: {"script":"<script> [6424 bytes]","args":[{"element-6066-11e4-a52e-4f735466cecf":"f.F023B72CEECDCDADBA4F25879939FA1B.d.A1F76CACB9D55C7481FA6CB88A80FC15.e.1949"},"getTitle",[]]}
RESULT: undefined
COMMAND: POST /session/67d6c33ae2a9e9619d576d72407b4a26/element/f.F023B72CEECDCDADBA4F25879939FA1B.d.A1F76CACB9D55C7481FA6CB88A80FC15.e.1737/click - {}
COMMAND: POST /session/67d6c33ae2a9e9619d576d72407b4a26/element - {"using":"xpath","value":"//*[@id=\"backBtn\"]"}
RESULT: {"using":"xpath","value":"//*[@id=\"backBtn\"]"}
COMMAND: POST /session/67d6c33ae2a9e9619d576d72407b4a26/element/f.F023B72CEECDCDADBA4F25879939FA1B.d.A1F76CACB9D55C7481FA6CB88A80FC15.e.1737/click - {}
COMMAND: POST /session/67d6c33ae2a9e9619d576d72407b4a26/element - {"using":"xpath","value":"//*[@id=\"backBtn\"]"}
RESULT: {"using":"xpath","value":"//*[@id=\"backBtn\"]"}
COMMAND: POST /session/67d6c33ae2a9e9619d576d72407b4a26/element/f.F023B72CEECDCDADBA4F25879939FA1B.d.A1F76CACB9D55C7481FA6CB88A80FC15.e.1950/click - {}
RESULT: {}
COMMAND: GET /session/67d6c33ae2a9e9619d576d72407b4a26/screenshot - {}
RESULT: {}
]]></system-out>
    </testcase>
    <testcase classname="chrome.137_0_7151_56.windows.Sanity_Tests_US104253" name="Should open Manage Calendar Exceptions page" time="37.436">
      <system-out><![CDATA[
COMMAND: POST /session/67d6c33ae2a9e9619d576d72407b4a26/execute/async - {"script":"<script> [1562 bytes]","args":[{"selector":{"controlType":"sap.m.GenericTile","properties":{"header":"Manage Calendar Exceptions"}},"wdio_ui5_key":"sapm.GenericTile{\"header\":\"Manage Calendar Exceptions\"}"}]}
RESULT: {"script":"<script> [1562 bytes]","args":[{"selector":{"controlType":"sap.m.GenericTile","properties":{"header":"Manage Calendar Exceptions"}},"wdio_ui5_key":"sapm.GenericTile{\"header\":\"Manage Calendar Exceptions\"}"}]}
RESULT: undefined
COMMAND: POST /session/67d6c33ae2a9e9619d576d72407b4a26/element - {"using":"xpath","value":"//*[@id=\"__tile52\"]"}
RESULT: {"using":"xpath","value":"//*[@id=\"__tile52\"]"}
COMMAND: POST /session/67d6c33ae2a9e9619d576d72407b4a26/element/f.F023B72CEECDCDADBA4F25879939FA1B.d.A1F76CACB9D55C7481FA6CB88A80FC15.e.1952/click - {}
RESULT: {}
COMMAND: GET /session/67d6c33ae2a9e9619d576d72407b4a26/screenshot - {}
RESULT: {}
COMMAND: POST /session/67d6c33ae2a9e9619d576d72407b4a26/elements - {"using":"xpath","value":"//span[text()='Error']"}
RESULT: {"using":"xpath","value":"//span[text()='Error']"}
RESULT: undefined
COMMAND: POST /session/67d6c33ae2a9e9619d576d72407b4a26/element - {"using":"xpath","value":"//*[@id=\"__tile52\"]"}
RESULT: {"using":"xpath","value":"//*[@id=\"__tile52\"]"}
COMMAND: POST /session/67d6c33ae2a9e9619d576d72407b4a26/element/f.F023B72CEECDCDADBA4F25879939FA1B.d.A1F76CACB9D55C7481FA6CB88A80FC15.e.1952/click - {}
RESULT: undefined
COMMAND: POST /session/67d6c33ae2a9e9619d576d72407b4a26/element - {"using":"xpath","value":"//*[@id=\"__tile52\"]"}
RESULT: {"using":"xpath","value":"//*[@id=\"__tile52\"]"}
COMMAND: POST /session/67d6c33ae2a9e9619d576d72407b4a26/element/f.F023B72CEECDCDADBA4F25879939FA1B.d.A1F76CACB9D55C7481FA6CB88A80FC15.e.1952/click - {}
RESULT: undefined
COMMAND: POST /session/67d6c33ae2a9e9619d576d72407b4a26/execute/async - {"script":"<script> [6424 bytes]","args":[{"element-6066-11e4-a52e-4f735466cecf":"f.F023B72CEECDCDADBA4F25879939FA1B.d.A1F76CACB9D55C7481FA6CB88A80FC15.e.288"},"getTitle",[]]}
COMMAND: POST /session/67d6c33ae2a9e9619d576d72407b4a26/execute/async - {"script":"<script> [1562 bytes]","args":[{"selector":{"id":"shellAppTitle"},"wdio_ui5_key":"shellAppTitle"}]}
RESULT: {"script":"<script> [1562 bytes]","args":[{"selector":{"id":"shellAppTitle"},"wdio_ui5_key":"shellAppTitle"}]}
COMMAND: POST /session/67d6c33ae2a9e9619d576d72407b4a26/execute/async - {"script":"<script> [6424 bytes]","args":[{"element-6066-11e4-a52e-4f735466cecf":"f.F023B72CEECDCDADBA4F25879939FA1B.d.A1F76CACB9D55C7481FA6CB88A80FC15.e.2007"},"getTitle",[]]}
RESULT: {"script":"<script> [6424 bytes]","args":[{"element-6066-11e4-a52e-4f735466cecf":"f.F023B72CEECDCDADBA4F25879939FA1B.d.A1F76CACB9D55C7481FA6CB88A80FC15.e.2007"},"getTitle",[]]}
RESULT: undefined
COMMAND: POST /session/67d6c33ae2a9e9619d576d72407b4a26/element/f.F023B72CEECDCDADBA4F25879939FA1B.d.A1F76CACB9D55C7481FA6CB88A80FC15.e.1950/click - {}
RESULT: {}
COMMAND: GET /session/67d6c33ae2a9e9619d576d72407b4a26/screenshot - {}
RESULT: {}
]]></system-out>
    </testcase>
    <testcase classname="chrome.137_0_7151_56.windows.Sanity_Tests_US104253" name="Should open Manage States Performance page" time="39.168">
      <system-out><![CDATA[
COMMAND: POST /session/67d6c33ae2a9e9619d576d72407b4a26/execute/async - {"script":"<script> [1562 bytes]","args":[{"selector":{"controlType":"sap.m.GenericTile","properties":{"header":"Manage States & Performance"}},"wdio_ui5_key":"sapm.GenericTile{\"header\":\"Manage States & Performance\"}"}]}
RESULT: {"script":"<script> [1562 bytes]","args":[{"selector":{"controlType":"sap.m.GenericTile","properties":{"header":"Manage States & Performance"}},"wdio_ui5_key":"sapm.GenericTile{\"header\":\"Manage States & Performance\"}"}]}
RESULT: undefined
COMMAND: POST /session/67d6c33ae2a9e9619d576d72407b4a26/element - {"using":"xpath","value":"//*[@id=\"__tile56\"]"}
RESULT: {"using":"xpath","value":"//*[@id=\"__tile56\"]"}
COMMAND: POST /session/67d6c33ae2a9e9619d576d72407b4a26/element/f.F023B72CEECDCDADBA4F25879939FA1B.d.A1F76CACB9D55C7481FA6CB88A80FC15.e.2011/click - {}
RESULT: {}
COMMAND: GET /session/67d6c33ae2a9e9619d576d72407b4a26/screenshot - {}
RESULT: {}
COMMAND: POST /session/67d6c33ae2a9e9619d576d72407b4a26/elements - {"using":"xpath","value":"//span[text()='Error']"}
RESULT: {"using":"xpath","value":"//span[text()='Error']"}
RESULT: undefined
COMMAND: POST /session/67d6c33ae2a9e9619d576d72407b4a26/element - {"using":"xpath","value":"//*[@id=\"__tile56\"]"}
RESULT: {"using":"xpath","value":"//*[@id=\"__tile56\"]"}
COMMAND: POST /session/67d6c33ae2a9e9619d576d72407b4a26/element/f.F023B72CEECDCDADBA4F25879939FA1B.d.A1F76CACB9D55C7481FA6CB88A80FC15.e.2011/click - {}
RESULT: undefined
COMMAND: POST /session/67d6c33ae2a9e9619d576d72407b4a26/element - {"using":"xpath","value":"//*[@id=\"__tile56\"]"}
RESULT: {"using":"xpath","value":"//*[@id=\"__tile56\"]"}
COMMAND: POST /session/67d6c33ae2a9e9619d576d72407b4a26/element/f.F023B72CEECDCDADBA4F25879939FA1B.d.A1F76CACB9D55C7481FA6CB88A80FC15.e.2011/click - {}
RESULT: undefined
COMMAND: POST /session/67d6c33ae2a9e9619d576d72407b4a26/execute/async - {"script":"<script> [6424 bytes]","args":[{"element-6066-11e4-a52e-4f735466cecf":"f.F023B72CEECDCDADBA4F25879939FA1B.d.A1F76CACB9D55C7481FA6CB88A80FC15.e.288"},"getTitle",[]]}
COMMAND: POST /session/67d6c33ae2a9e9619d576d72407b4a26/execute/async - {"script":"<script> [1562 bytes]","args":[{"selector":{"id":"shellAppTitle"},"wdio_ui5_key":"shellAppTitle"}]}
RESULT: {"script":"<script> [1562 bytes]","args":[{"selector":{"id":"shellAppTitle"},"wdio_ui5_key":"shellAppTitle"}]}
COMMAND: POST /session/67d6c33ae2a9e9619d576d72407b4a26/execute/async - {"script":"<script> [6424 bytes]","args":[{"element-6066-11e4-a52e-4f735466cecf":"f.F023B72CEECDCDADBA4F25879939FA1B.d.A1F76CACB9D55C7481FA6CB88A80FC15.e.2103"},"getTitle",[]]}
RESULT: {"script":"<script> [6424 bytes]","args":[{"element-6066-11e4-a52e-4f735466cecf":"f.F023B72CEECDCDADBA4F25879939FA1B.d.A1F76CACB9D55C7481FA6CB88A80FC15.e.2103"},"getTitle",[]]}
RESULT: undefined
COMMAND: POST /session/67d6c33ae2a9e9619d576d72407b4a26/element/f.F023B72CEECDCDADBA4F25879939FA1B.d.A1F76CACB9D55C7481FA6CB88A80FC15.e.1950/click - {}
COMMAND: POST /session/67d6c33ae2a9e9619d576d72407b4a26/element - {"using":"xpath","value":"//*[@id=\"backBtn\"]"}
RESULT: {"using":"xpath","value":"//*[@id=\"backBtn\"]"}
COMMAND: POST /session/67d6c33ae2a9e9619d576d72407b4a26/element/f.F023B72CEECDCDADBA4F25879939FA1B.d.A1F76CACB9D55C7481FA6CB88A80FC15.e.1950/click - {}
COMMAND: POST /session/67d6c33ae2a9e9619d576d72407b4a26/element - {"using":"xpath","value":"//*[@id=\"backBtn\"]"}
RESULT: {"using":"xpath","value":"//*[@id=\"backBtn\"]"}
COMMAND: POST /session/67d6c33ae2a9e9619d576d72407b4a26/element/f.F023B72CEECDCDADBA4F25879939FA1B.d.A1F76CACB9D55C7481FA6CB88A80FC15.e.2104/click - {}
RESULT: {}
COMMAND: GET /session/67d6c33ae2a9e9619d576d72407b4a26/screenshot - {}
RESULT: {}
]]></system-out>
    </testcase>
    <testcase classname="chrome.137_0_7151_56.windows.Sanity_Tests_US104253" name="Should open Manage Billings page" time="39.109">
      <system-out><![CDATA[
COMMAND: POST /session/67d6c33ae2a9e9619d576d72407b4a26/execute/async - {"script":"<script> [1562 bytes]","args":[{"selector":{"controlType":"sap.m.GenericTile","properties":{"header":"Manage Billings"}},"wdio_ui5_key":"sapm.GenericTile{\"header\":\"Manage Billings\"}"}]}
RESULT: {"script":"<script> [1562 bytes]","args":[{"selector":{"controlType":"sap.m.GenericTile","properties":{"header":"Manage Billings"}},"wdio_ui5_key":"sapm.GenericTile{\"header\":\"Manage Billings\"}"}]}
RESULT: undefined
COMMAND: POST /session/67d6c33ae2a9e9619d576d72407b4a26/element - {"using":"xpath","value":"//*[@id=\"__tile51\"]"}
RESULT: {"using":"xpath","value":"//*[@id=\"__tile51\"]"}
COMMAND: POST /session/67d6c33ae2a9e9619d576d72407b4a26/element/f.F023B72CEECDCDADBA4F25879939FA1B.d.A1F76CACB9D55C7481FA6CB88A80FC15.e.2106/click - {}
RESULT: {}
COMMAND: GET /session/67d6c33ae2a9e9619d576d72407b4a26/screenshot - {}
RESULT: {}
COMMAND: POST /session/67d6c33ae2a9e9619d576d72407b4a26/elements - {"using":"xpath","value":"//span[text()='Error']"}
RESULT: {"using":"xpath","value":"//span[text()='Error']"}
RESULT: undefined
COMMAND: POST /session/67d6c33ae2a9e9619d576d72407b4a26/element - {"using":"xpath","value":"//*[@id=\"__tile51\"]"}
RESULT: {"using":"xpath","value":"//*[@id=\"__tile51\"]"}
COMMAND: POST /session/67d6c33ae2a9e9619d576d72407b4a26/element/f.F023B72CEECDCDADBA4F25879939FA1B.d.A1F76CACB9D55C7481FA6CB88A80FC15.e.2106/click - {}
RESULT: undefined
COMMAND: POST /session/67d6c33ae2a9e9619d576d72407b4a26/element - {"using":"xpath","value":"//*[@id=\"__tile51\"]"}
RESULT: {"using":"xpath","value":"//*[@id=\"__tile51\"]"}
COMMAND: POST /session/67d6c33ae2a9e9619d576d72407b4a26/element/f.F023B72CEECDCDADBA4F25879939FA1B.d.A1F76CACB9D55C7481FA6CB88A80FC15.e.2106/click - {}
RESULT: undefined
COMMAND: POST /session/67d6c33ae2a9e9619d576d72407b4a26/execute/async - {"script":"<script> [6424 bytes]","args":[{"element-6066-11e4-a52e-4f735466cecf":"f.F023B72CEECDCDADBA4F25879939FA1B.d.A1F76CACB9D55C7481FA6CB88A80FC15.e.288"},"getTitle",[]]}
COMMAND: POST /session/67d6c33ae2a9e9619d576d72407b4a26/execute/async - {"script":"<script> [1562 bytes]","args":[{"selector":{"id":"shellAppTitle"},"wdio_ui5_key":"shellAppTitle"}]}
RESULT: {"script":"<script> [1562 bytes]","args":[{"selector":{"id":"shellAppTitle"},"wdio_ui5_key":"shellAppTitle"}]}
COMMAND: POST /session/67d6c33ae2a9e9619d576d72407b4a26/execute/async - {"script":"<script> [6424 bytes]","args":[{"element-6066-11e4-a52e-4f735466cecf":"f.F023B72CEECDCDADBA4F25879939FA1B.d.A1F76CACB9D55C7481FA6CB88A80FC15.e.2344"},"getTitle",[]]}
RESULT: {"script":"<script> [6424 bytes]","args":[{"element-6066-11e4-a52e-4f735466cecf":"f.F023B72CEECDCDADBA4F25879939FA1B.d.A1F76CACB9D55C7481FA6CB88A80FC15.e.2344"},"getTitle",[]]}
RESULT: undefined
COMMAND: POST /session/67d6c33ae2a9e9619d576d72407b4a26/element/f.F023B72CEECDCDADBA4F25879939FA1B.d.A1F76CACB9D55C7481FA6CB88A80FC15.e.2104/click - {}
COMMAND: POST /session/67d6c33ae2a9e9619d576d72407b4a26/element/f.F023B72CEECDCDADBA4F25879939FA1B.d.A1F76CACB9D55C7481FA6CB88A80FC15.e.2104/click - {}
RESULT: {}
COMMAND: GET /session/67d6c33ae2a9e9619d576d72407b4a26/screenshot - {}
COMMAND: POST /session/67d6c33ae2a9e9619d576d72407b4a26/element - {"using":"xpath","value":"//*[@id=\"backBtn\"]"}
RESULT: {}
RESULT: {"using":"xpath","value":"//*[@id=\"backBtn\"]"}
COMMAND: POST /session/67d6c33ae2a9e9619d576d72407b4a26/elements - {"using":"xpath","value":"//*[@id=\"backBtn\"]"}
RESULT: {"using":"xpath","value":"//*[@id=\"backBtn\"]"}
COMMAND: POST /session/67d6c33ae2a9e9619d576d72407b4a26/elements - {"using":"xpath","value":"//*[@id=\"backBtn\"]"}
RESULT: {"using":"xpath","value":"//*[@id=\"backBtn\"]"}
COMMAND: POST /session/67d6c33ae2a9e9619d576d72407b4a26/elements - {"using":"xpath","value":"//*[@id=\"backBtn\"]"}
RESULT: {"using":"xpath","value":"//*[@id=\"backBtn\"]"}
COMMAND: POST /session/67d6c33ae2a9e9619d576d72407b4a26/elements - {"using":"xpath","value":"//*[@id=\"backBtn\"]"}
RESULT: {"using":"xpath","value":"//*[@id=\"backBtn\"]"}
COMMAND: POST /session/67d6c33ae2a9e9619d576d72407b4a26/elements - {"using":"xpath","value":"//*[@id=\"backBtn\"]"}
RESULT: {"using":"xpath","value":"//*[@id=\"backBtn\"]"}
COMMAND: POST /session/67d6c33ae2a9e9619d576d72407b4a26/elements - {"using":"xpath","value":"//*[@id=\"backBtn\"]"}
RESULT: {"using":"xpath","value":"//*[@id=\"backBtn\"]"}
COMMAND: POST /session/67d6c33ae2a9e9619d576d72407b4a26/elements - {"using":"xpath","value":"//*[@id=\"backBtn\"]"}
RESULT: {"using":"xpath","value":"//*[@id=\"backBtn\"]"}
COMMAND: POST /session/67d6c33ae2a9e9619d576d72407b4a26/elements - {"using":"xpath","value":"//*[@id=\"backBtn\"]"}
RESULT: {"using":"xpath","value":"//*[@id=\"backBtn\"]"}
COMMAND: POST /session/67d6c33ae2a9e9619d576d72407b4a26/elements - {"using":"xpath","value":"//*[@id=\"backBtn\"]"}
RESULT: {"using":"xpath","value":"//*[@id=\"backBtn\"]"}
COMMAND: POST /session/67d6c33ae2a9e9619d576d72407b4a26/elements - {"using":"xpath","value":"//*[@id=\"backBtn\"]"}
RESULT: {"using":"xpath","value":"//*[@id=\"backBtn\"]"}
COMMAND: POST /session/67d6c33ae2a9e9619d576d72407b4a26/elements - {"using":"xpath","value":"//*[@id=\"backBtn\"]"}
RESULT: {"using":"xpath","value":"//*[@id=\"backBtn\"]"}
COMMAND: POST /session/67d6c33ae2a9e9619d576d72407b4a26/elements - {"using":"xpath","value":"//*[@id=\"backBtn\"]"}
RESULT: {"using":"xpath","value":"//*[@id=\"backBtn\"]"}
COMMAND: POST /session/67d6c33ae2a9e9619d576d72407b4a26/elements - {"using":"xpath","value":"//*[@id=\"backBtn\"]"}
RESULT: {"using":"xpath","value":"//*[@id=\"backBtn\"]"}
COMMAND: POST /session/67d6c33ae2a9e9619d576d72407b4a26/elements - {"using":"xpath","value":"//*[@id=\"backBtn\"]"}
RESULT: {"using":"xpath","value":"//*[@id=\"backBtn\"]"}
COMMAND: POST /session/67d6c33ae2a9e9619d576d72407b4a26/elements - {"using":"xpath","value":"//*[@id=\"backBtn\"]"}
RESULT: {"using":"xpath","value":"//*[@id=\"backBtn\"]"}
COMMAND: POST /session/67d6c33ae2a9e9619d576d72407b4a26/elements - {"using":"xpath","value":"//*[@id=\"backBtn\"]"}
RESULT: {"using":"xpath","value":"//*[@id=\"backBtn\"]"}
]]></system-out>
    </testcase>
    <testcase classname="chrome.137_0_7151_56.windows.Sanity_Tests_US104253" name="Should open Manage Conditions Prices page" time="52.675">
      <system-out><![CDATA[
COMMAND: POST /session/67d6c33ae2a9e9619d576d72407b4a26/execute/async - {"script":"<script> [1562 bytes]","args":[{"selector":{"controlType":"sap.m.GenericTile","properties":{"header":"Manage Conditions & Prices"}},"wdio_ui5_key":"sapm.GenericTile{\"header\":\"Manage Conditions & Prices\"}"}]}
COMMAND: POST /session/67d6c33ae2a9e9619d576d72407b4a26/elements - {"using":"xpath","value":"//*[@id=\"backBtn\"]"}
RESULT: {"script":"<script> [1562 bytes]","args":[{"selector":{"controlType":"sap.m.GenericTile","properties":{"header":"Manage Conditions & Prices"}},"wdio_ui5_key":"sapm.GenericTile{\"header\":\"Manage Conditions & Prices\"}"}]}
RESULT: undefined
COMMAND: POST /session/67d6c33ae2a9e9619d576d72407b4a26/element - {"using":"xpath","value":"//*[@id=\"__tile53\"]"}
RESULT: {"using":"xpath","value":"//*[@id=\"backBtn\"]"}
RESULT: {"using":"xpath","value":"//*[@id=\"__tile53\"]"}
COMMAND: POST /session/67d6c33ae2a9e9619d576d72407b4a26/element/f.F023B72CEECDCDADBA4F25879939FA1B.d.A1F76CACB9D55C7481FA6CB88A80FC15.e.2348/click - {}
RESULT: {}
COMMAND: GET /session/67d6c33ae2a9e9619d576d72407b4a26/screenshot - {}
COMMAND: POST /session/67d6c33ae2a9e9619d576d72407b4a26/elements - {"using":"xpath","value":"//*[@id=\"backBtn\"]"}
RESULT: {}
RESULT: {"using":"xpath","value":"//*[@id=\"backBtn\"]"}
COMMAND: POST /session/67d6c33ae2a9e9619d576d72407b4a26/elements - {"using":"xpath","value":"//*[@id=\"backBtn\"]"}
RESULT: {"using":"xpath","value":"//*[@id=\"backBtn\"]"}
COMMAND: POST /session/67d6c33ae2a9e9619d576d72407b4a26/elements - {"using":"xpath","value":"//*[@id=\"backBtn\"]"}
RESULT: {"using":"xpath","value":"//*[@id=\"backBtn\"]"}
COMMAND: POST /session/67d6c33ae2a9e9619d576d72407b4a26/elements - {"using":"xpath","value":"//*[@id=\"backBtn\"]"}
COMMAND: POST /session/67d6c33ae2a9e9619d576d72407b4a26/elements - {"using":"xpath","value":"//span[text()='Error']"}
RESULT: {"using":"xpath","value":"//*[@id=\"backBtn\"]"}
COMMAND: POST /session/67d6c33ae2a9e9619d576d72407b4a26/element - {"using":"xpath","value":"//*[@id=\"backBtn\"]"}
RESULT: {"using":"xpath","value":"//span[text()='Error']"}
RESULT: {"using":"xpath","value":"//*[@id=\"backBtn\"]"}
COMMAND: POST /session/67d6c33ae2a9e9619d576d72407b4a26/element/f.F023B72CEECDCDADBA4F25879939FA1B.d.A1F76CACB9D55C7481FA6CB88A80FC15.e.2104/click - {}
COMMAND: POST /session/67d6c33ae2a9e9619d576d72407b4a26/element - {"using":"xpath","value":"//*[@id=\"backBtn\"]"}
RESULT: {"using":"xpath","value":"//*[@id=\"backBtn\"]"}
COMMAND: POST /session/67d6c33ae2a9e9619d576d72407b4a26/element/f.F023B72CEECDCDADBA4F25879939FA1B.d.A1F76CACB9D55C7481FA6CB88A80FC15.e.2522/click - {}
RESULT: {}
COMMAND: GET /session/67d6c33ae2a9e9619d576d72407b4a26/screenshot - {}
RESULT: {}
RESULT: undefined
COMMAND: POST /session/67d6c33ae2a9e9619d576d72407b4a26/element - {"using":"xpath","value":"//*[@id=\"__tile53\"]"}
RESULT: {"using":"xpath","value":"//*[@id=\"__tile53\"]"}
COMMAND: POST /session/67d6c33ae2a9e9619d576d72407b4a26/element/f.F023B72CEECDCDADBA4F25879939FA1B.d.A1F76CACB9D55C7481FA6CB88A80FC15.e.2348/click - {}
RESULT: {}
RESULT: undefined
COMMAND: POST /session/67d6c33ae2a9e9619d576d72407b4a26/element - {"using":"xpath","value":"//*[@id=\"__tile53\"]"}
COMMAND: GET /session/67d6c33ae2a9e9619d576d72407b4a26/screenshot - {}
RESULT: {"using":"xpath","value":"//*[@id=\"__tile53\"]"}
COMMAND: POST /session/67d6c33ae2a9e9619d576d72407b4a26/element/f.F023B72CEECDCDADBA4F25879939FA1B.d.A1F76CACB9D55C7481FA6CB88A80FC15.e.2348/click - {}
RESULT: {}
RESULT: undefined
COMMAND: POST /session/67d6c33ae2a9e9619d576d72407b4a26/execute/async - {"script":"<script> [6424 bytes]","args":[{"element-6066-11e4-a52e-4f735466cecf":"f.F023B72CEECDCDADBA4F25879939FA1B.d.A1F76CACB9D55C7481FA6CB88A80FC15.e.288"},"getTitle",[]]}
COMMAND: POST /session/67d6c33ae2a9e9619d576d72407b4a26/execute/async - {"script":"<script> [1562 bytes]","args":[{"selector":{"id":"shellAppTitle"},"wdio_ui5_key":"shellAppTitle"}]}
RESULT: {"script":"<script> [1562 bytes]","args":[{"selector":{"id":"shellAppTitle"},"wdio_ui5_key":"shellAppTitle"}]}
COMMAND: POST /session/67d6c33ae2a9e9619d576d72407b4a26/execute/async - {"script":"<script> [6424 bytes]","args":[{"element-6066-11e4-a52e-4f735466cecf":"f.F023B72CEECDCDADBA4F25879939FA1B.d.A1F76CACB9D55C7481FA6CB88A80FC15.e.2706"},"getTitle",[]]}
RESULT: {"script":"<script> [6424 bytes]","args":[{"element-6066-11e4-a52e-4f735466cecf":"f.F023B72CEECDCDADBA4F25879939FA1B.d.A1F76CACB9D55C7481FA6CB88A80FC15.e.2706"},"getTitle",[]]}
RESULT: undefined
COMMAND: POST /session/67d6c33ae2a9e9619d576d72407b4a26/element/f.F023B72CEECDCDADBA4F25879939FA1B.d.A1F76CACB9D55C7481FA6CB88A80FC15.e.2522/click - {}
RESULT: {}
COMMAND: GET /session/67d6c33ae2a9e9619d576d72407b4a26/screenshot - {}
RESULT: {}
]]></system-out>
    </testcase>
    <testcase classname="chrome.137_0_7151_56.windows.Sanity_Tests_US104253" name="Should open Billing Transfer page" time="45.811">
      <system-out><![CDATA[
COMMAND: POST /session/67d6c33ae2a9e9619d576d72407b4a26/execute/async - {"script":"<script> [1562 bytes]","args":[{"selector":{"controlType":"sap.m.GenericTile","properties":{"header":"Billing Transfer"}},"wdio_ui5_key":"sapm.GenericTile{\"header\":\"Billing Transfer\"}"}]}
RESULT: {"script":"<script> [1562 bytes]","args":[{"selector":{"controlType":"sap.m.GenericTile","properties":{"header":"Billing Transfer"}},"wdio_ui5_key":"sapm.GenericTile{\"header\":\"Billing Transfer\"}"}]}
RESULT: undefined
COMMAND: POST /session/67d6c33ae2a9e9619d576d72407b4a26/element - {"using":"xpath","value":"//*[@id=\"__tile50\"]"}
RESULT: {"using":"xpath","value":"//*[@id=\"__tile50\"]"}
COMMAND: POST /session/67d6c33ae2a9e9619d576d72407b4a26/element/f.F023B72CEECDCDADBA4F25879939FA1B.d.A1F76CACB9D55C7481FA6CB88A80FC15.e.2708/click - {}
RESULT: {}
COMMAND: GET /session/67d6c33ae2a9e9619d576d72407b4a26/screenshot - {}
RESULT: {}
COMMAND: POST /session/67d6c33ae2a9e9619d576d72407b4a26/elements - {"using":"xpath","value":"//span[text()='Error']"}
RESULT: {"using":"xpath","value":"//span[text()='Error']"}
RESULT: undefined
COMMAND: POST /session/67d6c33ae2a9e9619d576d72407b4a26/element - {"using":"xpath","value":"//*[@id=\"__tile50\"]"}
RESULT: {"using":"xpath","value":"//*[@id=\"__tile50\"]"}
COMMAND: POST /session/67d6c33ae2a9e9619d576d72407b4a26/element/f.F023B72CEECDCDADBA4F25879939FA1B.d.A1F76CACB9D55C7481FA6CB88A80FC15.e.2708/click - {}
RESULT: undefined
COMMAND: POST /session/67d6c33ae2a9e9619d576d72407b4a26/element - {"using":"xpath","value":"//*[@id=\"__tile50\"]"}
RESULT: {"using":"xpath","value":"//*[@id=\"__tile50\"]"}
COMMAND: POST /session/67d6c33ae2a9e9619d576d72407b4a26/element/f.F023B72CEECDCDADBA4F25879939FA1B.d.A1F76CACB9D55C7481FA6CB88A80FC15.e.2708/click - {}
RESULT: undefined
COMMAND: POST /session/67d6c33ae2a9e9619d576d72407b4a26/execute/async - {"script":"<script> [6424 bytes]","args":[{"element-6066-11e4-a52e-4f735466cecf":"f.F023B72CEECDCDADBA4F25879939FA1B.d.A1F76CACB9D55C7481FA6CB88A80FC15.e.288"},"getTitle",[]]}
COMMAND: POST /session/67d6c33ae2a9e9619d576d72407b4a26/execute/async - {"script":"<script> [1562 bytes]","args":[{"selector":{"id":"shellAppTitle"},"wdio_ui5_key":"shellAppTitle"}]}
RESULT: {"script":"<script> [1562 bytes]","args":[{"selector":{"id":"shellAppTitle"},"wdio_ui5_key":"shellAppTitle"}]}
COMMAND: POST /session/67d6c33ae2a9e9619d576d72407b4a26/execute/async - {"script":"<script> [6424 bytes]","args":[{"element-6066-11e4-a52e-4f735466cecf":"f.F023B72CEECDCDADBA4F25879939FA1B.d.A1F76CACB9D55C7481FA6CB88A80FC15.e.2780"},"getTitle",[]]}
RESULT: {"script":"<script> [6424 bytes]","args":[{"element-6066-11e4-a52e-4f735466cecf":"f.F023B72CEECDCDADBA4F25879939FA1B.d.A1F76CACB9D55C7481FA6CB88A80FC15.e.2780"},"getTitle",[]]}
RESULT: undefined
COMMAND: POST /session/67d6c33ae2a9e9619d576d72407b4a26/element/f.F023B72CEECDCDADBA4F25879939FA1B.d.A1F76CACB9D55C7481FA6CB88A80FC15.e.2522/click - {}
COMMAND: POST /session/67d6c33ae2a9e9619d576d72407b4a26/element - {"using":"xpath","value":"//*[@id=\"backBtn\"]"}
RESULT: {"using":"xpath","value":"//*[@id=\"backBtn\"]"}
COMMAND: POST /session/67d6c33ae2a9e9619d576d72407b4a26/element/f.F023B72CEECDCDADBA4F25879939FA1B.d.A1F76CACB9D55C7481FA6CB88A80FC15.e.2522/click - {}
COMMAND: POST /session/67d6c33ae2a9e9619d576d72407b4a26/element - {"using":"xpath","value":"//*[@id=\"backBtn\"]"}
RESULT: {"using":"xpath","value":"//*[@id=\"backBtn\"]"}
COMMAND: POST /session/67d6c33ae2a9e9619d576d72407b4a26/element/f.F023B72CEECDCDADBA4F25879939FA1B.d.A1F76CACB9D55C7481FA6CB88A80FC15.e.2781/click - {}
RESULT: {}
COMMAND: GET /session/67d6c33ae2a9e9619d576d72407b4a26/screenshot - {}
RESULT: {}
]]></system-out>
    </testcase>
    <testcase classname="chrome.137_0_7151_56.windows.Sanity_Tests_US104253" name="Should open Manage Pricing Rules page" time="36.29">
      <system-out><![CDATA[
COMMAND: POST /session/67d6c33ae2a9e9619d576d72407b4a26/execute/async - {"script":"<script> [1562 bytes]","args":[{"selector":{"controlType":"sap.m.GenericTile","properties":{"header":"Manage Pricing Rules"}},"wdio_ui5_key":"sapm.GenericTile{\"header\":\"Manage Pricing Rules\"}"}]}
RESULT: {"script":"<script> [1562 bytes]","args":[{"selector":{"controlType":"sap.m.GenericTile","properties":{"header":"Manage Pricing Rules"}},"wdio_ui5_key":"sapm.GenericTile{\"header\":\"Manage Pricing Rules\"}"}]}
RESULT: undefined
COMMAND: POST /session/67d6c33ae2a9e9619d576d72407b4a26/element - {"using":"xpath","value":"//*[@id=\"__tile55\"]"}
RESULT: {"using":"xpath","value":"//*[@id=\"__tile55\"]"}
COMMAND: POST /session/67d6c33ae2a9e9619d576d72407b4a26/element/f.F023B72CEECDCDADBA4F25879939FA1B.d.A1F76CACB9D55C7481FA6CB88A80FC15.e.2783/click - {}
RESULT: {}
COMMAND: GET /session/67d6c33ae2a9e9619d576d72407b4a26/screenshot - {}
RESULT: {}
COMMAND: POST /session/67d6c33ae2a9e9619d576d72407b4a26/elements - {"using":"xpath","value":"//span[text()='Error']"}
RESULT: {"using":"xpath","value":"//span[text()='Error']"}
RESULT: undefined
COMMAND: POST /session/67d6c33ae2a9e9619d576d72407b4a26/element - {"using":"xpath","value":"//*[@id=\"__tile55\"]"}
RESULT: {"using":"xpath","value":"//*[@id=\"__tile55\"]"}
COMMAND: POST /session/67d6c33ae2a9e9619d576d72407b4a26/element/f.F023B72CEECDCDADBA4F25879939FA1B.d.A1F76CACB9D55C7481FA6CB88A80FC15.e.2783/click - {}
RESULT: undefined
COMMAND: POST /session/67d6c33ae2a9e9619d576d72407b4a26/element - {"using":"xpath","value":"//*[@id=\"__tile55\"]"}
RESULT: {"using":"xpath","value":"//*[@id=\"__tile55\"]"}
COMMAND: POST /session/67d6c33ae2a9e9619d576d72407b4a26/element/f.F023B72CEECDCDADBA4F25879939FA1B.d.A1F76CACB9D55C7481FA6CB88A80FC15.e.2783/click - {}
RESULT: undefined
COMMAND: POST /session/67d6c33ae2a9e9619d576d72407b4a26/execute/async - {"script":"<script> [6424 bytes]","args":[{"element-6066-11e4-a52e-4f735466cecf":"f.F023B72CEECDCDADBA4F25879939FA1B.d.A1F76CACB9D55C7481FA6CB88A80FC15.e.288"},"getTitle",[]]}
COMMAND: POST /session/67d6c33ae2a9e9619d576d72407b4a26/execute/async - {"script":"<script> [1562 bytes]","args":[{"selector":{"id":"shellAppTitle"},"wdio_ui5_key":"shellAppTitle"}]}
RESULT: {"script":"<script> [1562 bytes]","args":[{"selector":{"id":"shellAppTitle"},"wdio_ui5_key":"shellAppTitle"}]}
COMMAND: POST /session/67d6c33ae2a9e9619d576d72407b4a26/execute/async - {"script":"<script> [6424 bytes]","args":[{"element-6066-11e4-a52e-4f735466cecf":"f.F023B72CEECDCDADBA4F25879939FA1B.d.A1F76CACB9D55C7481FA6CB88A80FC15.e.2830"},"getTitle",[]]}
RESULT: {"script":"<script> [6424 bytes]","args":[{"element-6066-11e4-a52e-4f735466cecf":"f.F023B72CEECDCDADBA4F25879939FA1B.d.A1F76CACB9D55C7481FA6CB88A80FC15.e.2830"},"getTitle",[]]}
RESULT: undefined
COMMAND: POST /session/67d6c33ae2a9e9619d576d72407b4a26/element/f.F023B72CEECDCDADBA4F25879939FA1B.d.A1F76CACB9D55C7481FA6CB88A80FC15.e.2781/click - {}
RESULT: {}
COMMAND: GET /session/67d6c33ae2a9e9619d576d72407b4a26/screenshot - {}
RESULT: {}
]]></system-out>
    </testcase>
    <testcase classname="chrome.137_0_7151_56.windows.Sanity_Tests_US104253" name="Should open Manage Price Determination Matrices page" time="38.481">
      <system-out><![CDATA[
COMMAND: POST /session/67d6c33ae2a9e9619d576d72407b4a26/execute/async - {"script":"<script> [1562 bytes]","args":[{"selector":{"controlType":"sap.m.GenericTile","properties":{"header":"Manage Price Determination Matrices"}},"wdio_ui5_key":"sapm.GenericTile{\"header\":\"Manage Price Determination Matrices\"}"}]}
RESULT: {"script":"<script> [1562 bytes]","args":[{"selector":{"controlType":"sap.m.GenericTile","properties":{"header":"Manage Price Determination Matrices"}},"wdio_ui5_key":"sapm.GenericTile{\"header\":\"Manage Price Determination Matrices\"}"}]}
RESULT: undefined
COMMAND: POST /session/67d6c33ae2a9e9619d576d72407b4a26/element - {"using":"xpath","value":"//*[@id=\"__tile54\"]"}
RESULT: {"using":"xpath","value":"//*[@id=\"__tile54\"]"}
COMMAND: POST /session/67d6c33ae2a9e9619d576d72407b4a26/element/f.F023B72CEECDCDADBA4F25879939FA1B.d.A1F76CACB9D55C7481FA6CB88A80FC15.e.2832/click - {}
RESULT: {}
COMMAND: GET /session/67d6c33ae2a9e9619d576d72407b4a26/screenshot - {}
RESULT: {}
COMMAND: POST /session/67d6c33ae2a9e9619d576d72407b4a26/elements - {"using":"xpath","value":"//span[text()='Error']"}
RESULT: {"using":"xpath","value":"//span[text()='Error']"}
RESULT: undefined
COMMAND: POST /session/67d6c33ae2a9e9619d576d72407b4a26/element - {"using":"xpath","value":"//*[@id=\"__tile54\"]"}
RESULT: {"using":"xpath","value":"//*[@id=\"__tile54\"]"}
COMMAND: POST /session/67d6c33ae2a9e9619d576d72407b4a26/element/f.F023B72CEECDCDADBA4F25879939FA1B.d.A1F76CACB9D55C7481FA6CB88A80FC15.e.2832/click - {}
RESULT: undefined
COMMAND: POST /session/67d6c33ae2a9e9619d576d72407b4a26/element - {"using":"xpath","value":"//*[@id=\"__tile54\"]"}
RESULT: {"using":"xpath","value":"//*[@id=\"__tile54\"]"}
COMMAND: POST /session/67d6c33ae2a9e9619d576d72407b4a26/element/f.F023B72CEECDCDADBA4F25879939FA1B.d.A1F76CACB9D55C7481FA6CB88A80FC15.e.2832/click - {}
RESULT: undefined
COMMAND: POST /session/67d6c33ae2a9e9619d576d72407b4a26/execute/async - {"script":"<script> [6424 bytes]","args":[{"element-6066-11e4-a52e-4f735466cecf":"f.F023B72CEECDCDADBA4F25879939FA1B.d.A1F76CACB9D55C7481FA6CB88A80FC15.e.288"},"getTitle",[]]}
COMMAND: POST /session/67d6c33ae2a9e9619d576d72407b4a26/execute/async - {"script":"<script> [1562 bytes]","args":[{"selector":{"id":"shellAppTitle"},"wdio_ui5_key":"shellAppTitle"}]}
RESULT: {"script":"<script> [1562 bytes]","args":[{"selector":{"id":"shellAppTitle"},"wdio_ui5_key":"shellAppTitle"}]}
COMMAND: POST /session/67d6c33ae2a9e9619d576d72407b4a26/execute/async - {"script":"<script> [6424 bytes]","args":[{"element-6066-11e4-a52e-4f735466cecf":"f.F023B72CEECDCDADBA4F25879939FA1B.d.A1F76CACB9D55C7481FA6CB88A80FC15.e.2911"},"getTitle",[]]}
RESULT: {"script":"<script> [6424 bytes]","args":[{"element-6066-11e4-a52e-4f735466cecf":"f.F023B72CEECDCDADBA4F25879939FA1B.d.A1F76CACB9D55C7481FA6CB88A80FC15.e.2911"},"getTitle",[]]}
RESULT: undefined
COMMAND: POST /session/67d6c33ae2a9e9619d576d72407b4a26/element/f.F023B72CEECDCDADBA4F25879939FA1B.d.A1F76CACB9D55C7481FA6CB88A80FC15.e.2781/click - {}
COMMAND: POST /session/67d6c33ae2a9e9619d576d72407b4a26/element - {"using":"xpath","value":"//*[@id=\"backBtn\"]"}
RESULT: {"using":"xpath","value":"//*[@id=\"backBtn\"]"}
COMMAND: POST /session/67d6c33ae2a9e9619d576d72407b4a26/element/f.F023B72CEECDCDADBA4F25879939FA1B.d.A1F76CACB9D55C7481FA6CB88A80FC15.e.2781/click - {}
COMMAND: POST /session/67d6c33ae2a9e9619d576d72407b4a26/element - {"using":"xpath","value":"//*[@id=\"backBtn\"]"}
RESULT: {"using":"xpath","value":"//*[@id=\"backBtn\"]"}
COMMAND: POST /session/67d6c33ae2a9e9619d576d72407b4a26/element/f.F023B72CEECDCDADBA4F25879939FA1B.d.A1F76CACB9D55C7481FA6CB88A80FC15.e.2912/click - {}
RESULT: {}
COMMAND: GET /session/67d6c33ae2a9e9619d576d72407b4a26/screenshot - {}
RESULT: {}
]]></system-out>
    </testcase>
    <testcase classname="chrome.137_0_7151_56.windows.Sanity_Tests_US104253" name="Should open Yard Overview page" time="38.677">
      <system-out><![CDATA[
COMMAND: POST /session/67d6c33ae2a9e9619d576d72407b4a26/execute/async - {"script":"<script> [1562 bytes]","args":[{"selector":{"controlType":"sap.m.GenericTile","properties":{"header":"Yard Overview"}},"wdio_ui5_key":"sapm.GenericTile{\"header\":\"Yard Overview\"}"}]}
RESULT: {"script":"<script> [1562 bytes]","args":[{"selector":{"controlType":"sap.m.GenericTile","properties":{"header":"Yard Overview"}},"wdio_ui5_key":"sapm.GenericTile{\"header\":\"Yard Overview\"}"}]}
RESULT: undefined
COMMAND: POST /session/67d6c33ae2a9e9619d576d72407b4a26/element - {"using":"xpath","value":"//*[@id=\"__tile102\"]"}
RESULT: {"using":"xpath","value":"//*[@id=\"__tile102\"]"}
COMMAND: POST /session/67d6c33ae2a9e9619d576d72407b4a26/element/f.F023B72CEECDCDADBA4F25879939FA1B.d.A1F76CACB9D55C7481FA6CB88A80FC15.e.2914/click - {}
RESULT: {}
COMMAND: GET /session/67d6c33ae2a9e9619d576d72407b4a26/screenshot - {}
RESULT: {}
COMMAND: POST /session/67d6c33ae2a9e9619d576d72407b4a26/elements - {"using":"xpath","value":"//span[text()='Error']"}
RESULT: {"using":"xpath","value":"//span[text()='Error']"}
RESULT: undefined
COMMAND: POST /session/67d6c33ae2a9e9619d576d72407b4a26/element - {"using":"xpath","value":"//*[@id=\"__tile102\"]"}
RESULT: {"using":"xpath","value":"//*[@id=\"__tile102\"]"}
COMMAND: POST /session/67d6c33ae2a9e9619d576d72407b4a26/element/f.F023B72CEECDCDADBA4F25879939FA1B.d.A1F76CACB9D55C7481FA6CB88A80FC15.e.2914/click - {}
RESULT: undefined
COMMAND: POST /session/67d6c33ae2a9e9619d576d72407b4a26/element - {"using":"xpath","value":"//*[@id=\"__tile102\"]"}
RESULT: {"using":"xpath","value":"//*[@id=\"__tile102\"]"}
COMMAND: POST /session/67d6c33ae2a9e9619d576d72407b4a26/element/f.F023B72CEECDCDADBA4F25879939FA1B.d.A1F76CACB9D55C7481FA6CB88A80FC15.e.2914/click - {}
RESULT: undefined
COMMAND: POST /session/67d6c33ae2a9e9619d576d72407b4a26/execute/async - {"script":"<script> [6424 bytes]","args":[{"element-6066-11e4-a52e-4f735466cecf":"f.F023B72CEECDCDADBA4F25879939FA1B.d.A1F76CACB9D55C7481FA6CB88A80FC15.e.288"},"getTitle",[]]}
COMMAND: POST /session/67d6c33ae2a9e9619d576d72407b4a26/execute/async - {"script":"<script> [1562 bytes]","args":[{"selector":{"id":"shellAppTitle"},"wdio_ui5_key":"shellAppTitle"}]}
RESULT: {"script":"<script> [1562 bytes]","args":[{"selector":{"id":"shellAppTitle"},"wdio_ui5_key":"shellAppTitle"}]}
COMMAND: POST /session/67d6c33ae2a9e9619d576d72407b4a26/execute/async - {"script":"<script> [6424 bytes]","args":[{"element-6066-11e4-a52e-4f735466cecf":"f.F023B72CEECDCDADBA4F25879939FA1B.d.A1F76CACB9D55C7481FA6CB88A80FC15.e.2973"},"getTitle",[]]}
RESULT: {"script":"<script> [6424 bytes]","args":[{"element-6066-11e4-a52e-4f735466cecf":"f.F023B72CEECDCDADBA4F25879939FA1B.d.A1F76CACB9D55C7481FA6CB88A80FC15.e.2973"},"getTitle",[]]}
RESULT: undefined
COMMAND: POST /session/67d6c33ae2a9e9619d576d72407b4a26/element/f.F023B72CEECDCDADBA4F25879939FA1B.d.A1F76CACB9D55C7481FA6CB88A80FC15.e.2912/click - {}
RESULT: {}
COMMAND: GET /session/67d6c33ae2a9e9619d576d72407b4a26/screenshot - {}
RESULT: {}
]]></system-out>
    </testcase>
    <testcase classname="chrome.137_0_7151_56.windows.Sanity_Tests_US104253" name="Should open Site Overview page" time="37.731">
      <system-out><![CDATA[
COMMAND: POST /session/67d6c33ae2a9e9619d576d72407b4a26/execute/async - {"script":"<script> [1562 bytes]","args":[{"selector":{"controlType":"sap.m.GenericTile","properties":{"header":"Site Overview"}},"wdio_ui5_key":"sapm.GenericTile{\"header\":\"Site Overview\"}"}]}
RESULT: {"script":"<script> [1562 bytes]","args":[{"selector":{"controlType":"sap.m.GenericTile","properties":{"header":"Site Overview"}},"wdio_ui5_key":"sapm.GenericTile{\"header\":\"Site Overview\"}"}]}
RESULT: undefined
COMMAND: POST /session/67d6c33ae2a9e9619d576d72407b4a26/element - {"using":"xpath","value":"//*[@id=\"__tile100\"]"}
RESULT: {"using":"xpath","value":"//*[@id=\"__tile100\"]"}
COMMAND: POST /session/67d6c33ae2a9e9619d576d72407b4a26/element/f.F023B72CEECDCDADBA4F25879939FA1B.d.A1F76CACB9D55C7481FA6CB88A80FC15.e.2976/click - {}
RESULT: {}
COMMAND: GET /session/67d6c33ae2a9e9619d576d72407b4a26/screenshot - {}
RESULT: {}
COMMAND: POST /session/67d6c33ae2a9e9619d576d72407b4a26/elements - {"using":"xpath","value":"//span[text()='Error']"}
RESULT: {"using":"xpath","value":"//span[text()='Error']"}
RESULT: undefined
COMMAND: POST /session/67d6c33ae2a9e9619d576d72407b4a26/element - {"using":"xpath","value":"//*[@id=\"__tile100\"]"}
RESULT: {"using":"xpath","value":"//*[@id=\"__tile100\"]"}
COMMAND: POST /session/67d6c33ae2a9e9619d576d72407b4a26/element/f.F023B72CEECDCDADBA4F25879939FA1B.d.A1F76CACB9D55C7481FA6CB88A80FC15.e.2976/click - {}
RESULT: undefined
COMMAND: POST /session/67d6c33ae2a9e9619d576d72407b4a26/element - {"using":"xpath","value":"//*[@id=\"__tile100\"]"}
RESULT: {"using":"xpath","value":"//*[@id=\"__tile100\"]"}
COMMAND: POST /session/67d6c33ae2a9e9619d576d72407b4a26/element/f.F023B72CEECDCDADBA4F25879939FA1B.d.A1F76CACB9D55C7481FA6CB88A80FC15.e.2976/click - {}
RESULT: undefined
COMMAND: POST /session/67d6c33ae2a9e9619d576d72407b4a26/execute/async - {"script":"<script> [6424 bytes]","args":[{"element-6066-11e4-a52e-4f735466cecf":"f.F023B72CEECDCDADBA4F25879939FA1B.d.A1F76CACB9D55C7481FA6CB88A80FC15.e.288"},"getTitle",[]]}
COMMAND: POST /session/67d6c33ae2a9e9619d576d72407b4a26/execute/async - {"script":"<script> [1562 bytes]","args":[{"selector":{"id":"shellAppTitle"},"wdio_ui5_key":"shellAppTitle"}]}
RESULT: {"script":"<script> [1562 bytes]","args":[{"selector":{"id":"shellAppTitle"},"wdio_ui5_key":"shellAppTitle"}]}
COMMAND: POST /session/67d6c33ae2a9e9619d576d72407b4a26/execute/async - {"script":"<script> [6424 bytes]","args":[{"element-6066-11e4-a52e-4f735466cecf":"f.F023B72CEECDCDADBA4F25879939FA1B.d.A1F76CACB9D55C7481FA6CB88A80FC15.e.3088"},"getTitle",[]]}
RESULT: {"script":"<script> [6424 bytes]","args":[{"element-6066-11e4-a52e-4f735466cecf":"f.F023B72CEECDCDADBA4F25879939FA1B.d.A1F76CACB9D55C7481FA6CB88A80FC15.e.3088"},"getTitle",[]]}
RESULT: undefined
COMMAND: POST /session/67d6c33ae2a9e9619d576d72407b4a26/element/f.F023B72CEECDCDADBA4F25879939FA1B.d.A1F76CACB9D55C7481FA6CB88A80FC15.e.2912/click - {}
COMMAND: POST /session/67d6c33ae2a9e9619d576d72407b4a26/element - {"using":"xpath","value":"//*[@id=\"backBtn\"]"}
RESULT: {"using":"xpath","value":"//*[@id=\"backBtn\"]"}
COMMAND: POST /session/67d6c33ae2a9e9619d576d72407b4a26/element/f.F023B72CEECDCDADBA4F25879939FA1B.d.A1F76CACB9D55C7481FA6CB88A80FC15.e.2912/click - {}
COMMAND: POST /session/67d6c33ae2a9e9619d576d72407b4a26/element - {"using":"xpath","value":"//*[@id=\"backBtn\"]"}
RESULT: {"using":"xpath","value":"//*[@id=\"backBtn\"]"}
COMMAND: POST /session/67d6c33ae2a9e9619d576d72407b4a26/element/f.F023B72CEECDCDADBA4F25879939FA1B.d.A1F76CACB9D55C7481FA6CB88A80FC15.e.3089/click - {}
RESULT: {}
COMMAND: GET /session/67d6c33ae2a9e9619d576d72407b4a26/screenshot - {}
RESULT: {}
]]></system-out>
    </testcase>
    <testcase classname="chrome.137_0_7151_56.windows.Sanity_Tests_US104253" name="Should open Trace Track Resources page" time="39.174">
      <system-out><![CDATA[
COMMAND: POST /session/67d6c33ae2a9e9619d576d72407b4a26/execute/async - {"script":"<script> [1562 bytes]","args":[{"selector":{"controlType":"sap.m.GenericTile","properties":{"header":"Trace & Track Resources"}},"wdio_ui5_key":"sapm.GenericTile{\"header\":\"Trace & Track Resources\"}"}]}
RESULT: {"script":"<script> [1562 bytes]","args":[{"selector":{"controlType":"sap.m.GenericTile","properties":{"header":"Trace & Track Resources"}},"wdio_ui5_key":"sapm.GenericTile{\"header\":\"Trace & Track Resources\"}"}]}
RESULT: undefined
COMMAND: POST /session/67d6c33ae2a9e9619d576d72407b4a26/element - {"using":"xpath","value":"//*[@id=\"__tile101\"]"}
RESULT: {"using":"xpath","value":"//*[@id=\"__tile101\"]"}
COMMAND: POST /session/67d6c33ae2a9e9619d576d72407b4a26/element/f.F023B72CEECDCDADBA4F25879939FA1B.d.A1F76CACB9D55C7481FA6CB88A80FC15.e.3091/click - {}
RESULT: {}
COMMAND: GET /session/67d6c33ae2a9e9619d576d72407b4a26/screenshot - {}
RESULT: {}
COMMAND: POST /session/67d6c33ae2a9e9619d576d72407b4a26/elements - {"using":"xpath","value":"//span[text()='Error']"}
RESULT: {"using":"xpath","value":"//span[text()='Error']"}
RESULT: undefined
COMMAND: POST /session/67d6c33ae2a9e9619d576d72407b4a26/element - {"using":"xpath","value":"//*[@id=\"__tile101\"]"}
RESULT: {"using":"xpath","value":"//*[@id=\"__tile101\"]"}
COMMAND: POST /session/67d6c33ae2a9e9619d576d72407b4a26/element/f.F023B72CEECDCDADBA4F25879939FA1B.d.A1F76CACB9D55C7481FA6CB88A80FC15.e.3091/click - {}
RESULT: undefined
COMMAND: POST /session/67d6c33ae2a9e9619d576d72407b4a26/element - {"using":"xpath","value":"//*[@id=\"__tile101\"]"}
RESULT: {"using":"xpath","value":"//*[@id=\"__tile101\"]"}
COMMAND: POST /session/67d6c33ae2a9e9619d576d72407b4a26/element/f.F023B72CEECDCDADBA4F25879939FA1B.d.A1F76CACB9D55C7481FA6CB88A80FC15.e.3091/click - {}
RESULT: undefined
COMMAND: POST /session/67d6c33ae2a9e9619d576d72407b4a26/execute/async - {"script":"<script> [6424 bytes]","args":[{"element-6066-11e4-a52e-4f735466cecf":"f.F023B72CEECDCDADBA4F25879939FA1B.d.A1F76CACB9D55C7481FA6CB88A80FC15.e.288"},"getTitle",[]]}
COMMAND: POST /session/67d6c33ae2a9e9619d576d72407b4a26/execute/async - {"script":"<script> [1562 bytes]","args":[{"selector":{"id":"shellAppTitle"},"wdio_ui5_key":"shellAppTitle"}]}
RESULT: {"script":"<script> [1562 bytes]","args":[{"selector":{"id":"shellAppTitle"},"wdio_ui5_key":"shellAppTitle"}]}
COMMAND: POST /session/67d6c33ae2a9e9619d576d72407b4a26/execute/async - {"script":"<script> [6424 bytes]","args":[{"element-6066-11e4-a52e-4f735466cecf":"f.F023B72CEECDCDADBA4F25879939FA1B.d.A1F76CACB9D55C7481FA6CB88A80FC15.e.3136"},"getTitle",[]]}
RESULT: {"script":"<script> [6424 bytes]","args":[{"element-6066-11e4-a52e-4f735466cecf":"f.F023B72CEECDCDADBA4F25879939FA1B.d.A1F76CACB9D55C7481FA6CB88A80FC15.e.3136"},"getTitle",[]]}
RESULT: undefined
COMMAND: POST /session/67d6c33ae2a9e9619d576d72407b4a26/element/f.F023B72CEECDCDADBA4F25879939FA1B.d.A1F76CACB9D55C7481FA6CB88A80FC15.e.3089/click - {}
RESULT: {}
COMMAND: GET /session/67d6c33ae2a9e9619d576d72407b4a26/screenshot - {}
RESULT: {}
]]></system-out>
    </testcase>
    <testcase classname="chrome.137_0_7151_56.windows.Sanity_Tests_US104253" name="Should open RU Inventory List page" time="39.28">
      <system-out><![CDATA[
COMMAND: POST /session/67d6c33ae2a9e9619d576d72407b4a26/execute/async - {"script":"<script> [1562 bytes]","args":[{"selector":{"controlType":"sap.m.GenericTile","properties":{"header":"RU Inventory List"}},"wdio_ui5_key":"sapm.GenericTile{\"header\":\"RU Inventory List\"}"}]}
RESULT: {"script":"<script> [1562 bytes]","args":[{"selector":{"controlType":"sap.m.GenericTile","properties":{"header":"RU Inventory List"}},"wdio_ui5_key":"sapm.GenericTile{\"header\":\"RU Inventory List\"}"}]}
RESULT: undefined
COMMAND: POST /session/67d6c33ae2a9e9619d576d72407b4a26/element - {"using":"xpath","value":"//*[@id=\"__tile99\"]"}
RESULT: {"using":"xpath","value":"//*[@id=\"__tile99\"]"}
COMMAND: POST /session/67d6c33ae2a9e9619d576d72407b4a26/element/f.F023B72CEECDCDADBA4F25879939FA1B.d.A1F76CACB9D55C7481FA6CB88A80FC15.e.3138/click - {}
RESULT: {}
COMMAND: GET /session/67d6c33ae2a9e9619d576d72407b4a26/screenshot - {}
RESULT: {}
COMMAND: POST /session/67d6c33ae2a9e9619d576d72407b4a26/elements - {"using":"xpath","value":"//span[text()='Error']"}
RESULT: {"using":"xpath","value":"//span[text()='Error']"}
RESULT: undefined
COMMAND: POST /session/67d6c33ae2a9e9619d576d72407b4a26/element - {"using":"xpath","value":"//*[@id=\"__tile99\"]"}
RESULT: {"using":"xpath","value":"//*[@id=\"__tile99\"]"}
COMMAND: POST /session/67d6c33ae2a9e9619d576d72407b4a26/element/f.F023B72CEECDCDADBA4F25879939FA1B.d.A1F76CACB9D55C7481FA6CB88A80FC15.e.3138/click - {}
RESULT: undefined
COMMAND: POST /session/67d6c33ae2a9e9619d576d72407b4a26/element - {"using":"xpath","value":"//*[@id=\"__tile99\"]"}
RESULT: {"using":"xpath","value":"//*[@id=\"__tile99\"]"}
COMMAND: POST /session/67d6c33ae2a9e9619d576d72407b4a26/element/f.F023B72CEECDCDADBA4F25879939FA1B.d.A1F76CACB9D55C7481FA6CB88A80FC15.e.3138/click - {}
RESULT: undefined
COMMAND: POST /session/67d6c33ae2a9e9619d576d72407b4a26/execute/async - {"script":"<script> [6424 bytes]","args":[{"element-6066-11e4-a52e-4f735466cecf":"f.F023B72CEECDCDADBA4F25879939FA1B.d.A1F76CACB9D55C7481FA6CB88A80FC15.e.288"},"getTitle",[]]}
COMMAND: POST /session/67d6c33ae2a9e9619d576d72407b4a26/execute/async - {"script":"<script> [1562 bytes]","args":[{"selector":{"id":"shellAppTitle"},"wdio_ui5_key":"shellAppTitle"}]}
RESULT: {"script":"<script> [1562 bytes]","args":[{"selector":{"id":"shellAppTitle"},"wdio_ui5_key":"shellAppTitle"}]}
COMMAND: POST /session/67d6c33ae2a9e9619d576d72407b4a26/execute/async - {"script":"<script> [6424 bytes]","args":[{"element-6066-11e4-a52e-4f735466cecf":"f.F023B72CEECDCDADBA4F25879939FA1B.d.A1F76CACB9D55C7481FA6CB88A80FC15.e.3332"},"getTitle",[]]}
RESULT: {"script":"<script> [6424 bytes]","args":[{"element-6066-11e4-a52e-4f735466cecf":"f.F023B72CEECDCDADBA4F25879939FA1B.d.A1F76CACB9D55C7481FA6CB88A80FC15.e.3332"},"getTitle",[]]}
RESULT: undefined
COMMAND: POST /session/67d6c33ae2a9e9619d576d72407b4a26/element/f.F023B72CEECDCDADBA4F25879939FA1B.d.A1F76CACB9D55C7481FA6CB88A80FC15.e.3089/click - {}
COMMAND: POST /session/67d6c33ae2a9e9619d576d72407b4a26/element - {"using":"xpath","value":"//*[@id=\"backBtn\"]"}
RESULT: {"using":"xpath","value":"//*[@id=\"backBtn\"]"}
COMMAND: POST /session/67d6c33ae2a9e9619d576d72407b4a26/element/f.F023B72CEECDCDADBA4F25879939FA1B.d.A1F76CACB9D55C7481FA6CB88A80FC15.e.3089/click - {}
COMMAND: POST /session/67d6c33ae2a9e9619d576d72407b4a26/element - {"using":"xpath","value":"//*[@id=\"backBtn\"]"}
RESULT: {"using":"xpath","value":"//*[@id=\"backBtn\"]"}
COMMAND: POST /session/67d6c33ae2a9e9619d576d72407b4a26/element/f.F023B72CEECDCDADBA4F25879939FA1B.d.A1F76CACB9D55C7481FA6CB88A80FC15.e.3333/click - {}
RESULT: {}
COMMAND: GET /session/67d6c33ae2a9e9619d576d72407b4a26/screenshot - {}
RESULT: {}
]]></system-out>
    </testcase>
    <testcase classname="chrome.137_0_7151_56.windows.Sanity_Tests_US104253" name="Should open Contracts Dashboard page" time="50.125">
      <system-out><![CDATA[
COMMAND: POST /session/67d6c33ae2a9e9619d576d72407b4a26/execute/async - {"script":"<script> [1562 bytes]","args":[{"selector":{"controlType":"sap.m.GenericTile","properties":{"header":"Contracts Dashboard"}},"wdio_ui5_key":"sapm.GenericTile{\"header\":\"Contracts Dashboard\"}"}]}
RESULT: {"script":"<script> [1562 bytes]","args":[{"selector":{"controlType":"sap.m.GenericTile","properties":{"header":"Contracts Dashboard"}},"wdio_ui5_key":"sapm.GenericTile{\"header\":\"Contracts Dashboard\"}"}]}
RESULT: undefined
COMMAND: POST /session/67d6c33ae2a9e9619d576d72407b4a26/element - {"using":"xpath","value":"//*[@id=\"__tile97\"]"}
RESULT: {"using":"xpath","value":"//*[@id=\"__tile97\"]"}
COMMAND: POST /session/67d6c33ae2a9e9619d576d72407b4a26/element/f.F023B72CEECDCDADBA4F25879939FA1B.d.A1F76CACB9D55C7481FA6CB88A80FC15.e.3335/click - {}
RESULT: {}
COMMAND: GET /session/67d6c33ae2a9e9619d576d72407b4a26/screenshot - {}
RESULT: {}
COMMAND: POST /session/67d6c33ae2a9e9619d576d72407b4a26/elements - {"using":"xpath","value":"//span[text()='Error']"}
RESULT: {"using":"xpath","value":"//span[text()='Error']"}
RESULT: undefined
COMMAND: POST /session/67d6c33ae2a9e9619d576d72407b4a26/element - {"using":"xpath","value":"//*[@id=\"__tile97\"]"}
RESULT: {"using":"xpath","value":"//*[@id=\"__tile97\"]"}
COMMAND: POST /session/67d6c33ae2a9e9619d576d72407b4a26/element/f.F023B72CEECDCDADBA4F25879939FA1B.d.A1F76CACB9D55C7481FA6CB88A80FC15.e.3335/click - {}
RESULT: undefined
COMMAND: POST /session/67d6c33ae2a9e9619d576d72407b4a26/element - {"using":"xpath","value":"//*[@id=\"__tile97\"]"}
RESULT: {"using":"xpath","value":"//*[@id=\"__tile97\"]"}
COMMAND: POST /session/67d6c33ae2a9e9619d576d72407b4a26/element/f.F023B72CEECDCDADBA4F25879939FA1B.d.A1F76CACB9D55C7481FA6CB88A80FC15.e.3335/click - {}
RESULT: undefined
COMMAND: POST /session/67d6c33ae2a9e9619d576d72407b4a26/execute/async - {"script":"<script> [6424 bytes]","args":[{"element-6066-11e4-a52e-4f735466cecf":"f.F023B72CEECDCDADBA4F25879939FA1B.d.A1F76CACB9D55C7481FA6CB88A80FC15.e.288"},"getTitle",[]]}
COMMAND: POST /session/67d6c33ae2a9e9619d576d72407b4a26/execute/async - {"script":"<script> [1562 bytes]","args":[{"selector":{"id":"shellAppTitle"},"wdio_ui5_key":"shellAppTitle"}]}
RESULT: {"script":"<script> [1562 bytes]","args":[{"selector":{"id":"shellAppTitle"},"wdio_ui5_key":"shellAppTitle"}]}
COMMAND: POST /session/67d6c33ae2a9e9619d576d72407b4a26/execute/async - {"script":"<script> [6424 bytes]","args":[{"element-6066-11e4-a52e-4f735466cecf":"f.F023B72CEECDCDADBA4F25879939FA1B.d.A1F76CACB9D55C7481FA6CB88A80FC15.e.3354"},"getTitle",[]]}
RESULT: {"script":"<script> [6424 bytes]","args":[{"element-6066-11e4-a52e-4f735466cecf":"f.F023B72CEECDCDADBA4F25879939FA1B.d.A1F76CACB9D55C7481FA6CB88A80FC15.e.3354"},"getTitle",[]]}
RESULT: undefined
COMMAND: POST /session/67d6c33ae2a9e9619d576d72407b4a26/element/f.F023B72CEECDCDADBA4F25879939FA1B.d.A1F76CACB9D55C7481FA6CB88A80FC15.e.3333/click - {}
RESULT: {}
COMMAND: GET /session/67d6c33ae2a9e9619d576d72407b4a26/screenshot - {}
RESULT: {}
]]></system-out>
    </testcase>
    <testcase classname="chrome.137_0_7151_56.windows.Sanity_Tests_US104253" name="Should open Bin Status Report page" time="41.403">
      <system-out><![CDATA[
COMMAND: POST /session/67d6c33ae2a9e9619d576d72407b4a26/execute/async - {"script":"<script> [1562 bytes]","args":[{"selector":{"controlType":"sap.m.GenericTile","properties":{"header":"Bin Status Report"}},"wdio_ui5_key":"sapm.GenericTile{\"header\":\"Bin Status Report\"}"}]}
RESULT: {"script":"<script> [1562 bytes]","args":[{"selector":{"controlType":"sap.m.GenericTile","properties":{"header":"Bin Status Report"}},"wdio_ui5_key":"sapm.GenericTile{\"header\":\"Bin Status Report\"}"}]}
RESULT: undefined
COMMAND: POST /session/67d6c33ae2a9e9619d576d72407b4a26/element - {"using":"xpath","value":"//*[@id=\"__tile104\"]"}
RESULT: {"using":"xpath","value":"//*[@id=\"__tile104\"]"}
COMMAND: POST /session/67d6c33ae2a9e9619d576d72407b4a26/element/f.F023B72CEECDCDADBA4F25879939FA1B.d.A1F76CACB9D55C7481FA6CB88A80FC15.e.3356/click - {}
RESULT: {}
COMMAND: GET /session/67d6c33ae2a9e9619d576d72407b4a26/screenshot - {}
RESULT: {}
COMMAND: POST /session/67d6c33ae2a9e9619d576d72407b4a26/elements - {"using":"xpath","value":"//span[text()='Error']"}
RESULT: {"using":"xpath","value":"//span[text()='Error']"}
RESULT: undefined
COMMAND: POST /session/67d6c33ae2a9e9619d576d72407b4a26/element - {"using":"xpath","value":"//*[@id=\"__tile104\"]"}
RESULT: {"using":"xpath","value":"//*[@id=\"__tile104\"]"}
COMMAND: POST /session/67d6c33ae2a9e9619d576d72407b4a26/element/f.F023B72CEECDCDADBA4F25879939FA1B.d.A1F76CACB9D55C7481FA6CB88A80FC15.e.3356/click - {}
RESULT: undefined
COMMAND: POST /session/67d6c33ae2a9e9619d576d72407b4a26/element - {"using":"xpath","value":"//*[@id=\"__tile104\"]"}
RESULT: {"using":"xpath","value":"//*[@id=\"__tile104\"]"}
COMMAND: POST /session/67d6c33ae2a9e9619d576d72407b4a26/element/f.F023B72CEECDCDADBA4F25879939FA1B.d.A1F76CACB9D55C7481FA6CB88A80FC15.e.3356/click - {}
RESULT: undefined
COMMAND: POST /session/67d6c33ae2a9e9619d576d72407b4a26/execute/async - {"script":"<script> [6424 bytes]","args":[{"element-6066-11e4-a52e-4f735466cecf":"f.F023B72CEECDCDADBA4F25879939FA1B.d.A1F76CACB9D55C7481FA6CB88A80FC15.e.288"},"getTitle",[]]}
COMMAND: POST /session/67d6c33ae2a9e9619d576d72407b4a26/execute/async - {"script":"<script> [1562 bytes]","args":[{"selector":{"id":"shellAppTitle"},"wdio_ui5_key":"shellAppTitle"}]}
RESULT: {"script":"<script> [1562 bytes]","args":[{"selector":{"id":"shellAppTitle"},"wdio_ui5_key":"shellAppTitle"}]}
COMMAND: POST /session/67d6c33ae2a9e9619d576d72407b4a26/execute/async - {"script":"<script> [6424 bytes]","args":[{"element-6066-11e4-a52e-4f735466cecf":"f.F023B72CEECDCDADBA4F25879939FA1B.d.A1F76CACB9D55C7481FA6CB88A80FC15.e.3453"},"getTitle",[]]}
RESULT: {"script":"<script> [6424 bytes]","args":[{"element-6066-11e4-a52e-4f735466cecf":"f.F023B72CEECDCDADBA4F25879939FA1B.d.A1F76CACB9D55C7481FA6CB88A80FC15.e.3453"},"getTitle",[]]}
RESULT: undefined
COMMAND: POST /session/67d6c33ae2a9e9619d576d72407b4a26/element/f.F023B72CEECDCDADBA4F25879939FA1B.d.A1F76CACB9D55C7481FA6CB88A80FC15.e.3333/click - {}
COMMAND: POST /session/67d6c33ae2a9e9619d576d72407b4a26/element - {"using":"xpath","value":"//*[@id=\"backBtn\"]"}
RESULT: {"using":"xpath","value":"//*[@id=\"backBtn\"]"}
COMMAND: POST /session/67d6c33ae2a9e9619d576d72407b4a26/element/f.F023B72CEECDCDADBA4F25879939FA1B.d.A1F76CACB9D55C7481FA6CB88A80FC15.e.3333/click - {}
COMMAND: POST /session/67d6c33ae2a9e9619d576d72407b4a26/element - {"using":"xpath","value":"//*[@id=\"backBtn\"]"}
RESULT: {"using":"xpath","value":"//*[@id=\"backBtn\"]"}
COMMAND: POST /session/67d6c33ae2a9e9619d576d72407b4a26/element/f.F023B72CEECDCDADBA4F25879939FA1B.d.A1F76CACB9D55C7481FA6CB88A80FC15.e.3454/click - {}
RESULT: {}
COMMAND: GET /session/67d6c33ae2a9e9619d576d72407b4a26/screenshot - {}
RESULT: {}
]]></system-out>
    </testcase>
    <testcase classname="chrome.137_0_7151_56.windows.Sanity_Tests_US104253" name="Should open Manage Warehouse Movements page" time="43.34">
      <system-out><![CDATA[
COMMAND: POST /session/67d6c33ae2a9e9619d576d72407b4a26/execute/async - {"script":"<script> [1562 bytes]","args":[{"selector":{"controlType":"sap.m.GenericTile","properties":{"header":"Manage Warehouse Movements"}},"wdio_ui5_key":"sapm.GenericTile{\"header\":\"Manage Warehouse Movements\"}"}]}
RESULT: {"script":"<script> [1562 bytes]","args":[{"selector":{"controlType":"sap.m.GenericTile","properties":{"header":"Manage Warehouse Movements"}},"wdio_ui5_key":"sapm.GenericTile{\"header\":\"Manage Warehouse Movements\"}"}]}
RESULT: undefined
COMMAND: POST /session/67d6c33ae2a9e9619d576d72407b4a26/element - {"using":"xpath","value":"//*[@id=\"__tile105\"]"}
RESULT: {"using":"xpath","value":"//*[@id=\"__tile105\"]"}
COMMAND: POST /session/67d6c33ae2a9e9619d576d72407b4a26/element/f.F023B72CEECDCDADBA4F25879939FA1B.d.A1F76CACB9D55C7481FA6CB88A80FC15.e.3458/click - {}
RESULT: {}
COMMAND: GET /session/67d6c33ae2a9e9619d576d72407b4a26/screenshot - {}
RESULT: {}
COMMAND: POST /session/67d6c33ae2a9e9619d576d72407b4a26/elements - {"using":"xpath","value":"//span[text()='Error']"}
RESULT: {"using":"xpath","value":"//span[text()='Error']"}
RESULT: undefined
COMMAND: POST /session/67d6c33ae2a9e9619d576d72407b4a26/element - {"using":"xpath","value":"//*[@id=\"__tile105\"]"}
RESULT: {"using":"xpath","value":"//*[@id=\"__tile105\"]"}
COMMAND: POST /session/67d6c33ae2a9e9619d576d72407b4a26/element/f.F023B72CEECDCDADBA4F25879939FA1B.d.A1F76CACB9D55C7481FA6CB88A80FC15.e.3458/click - {}
RESULT: undefined
COMMAND: POST /session/67d6c33ae2a9e9619d576d72407b4a26/element - {"using":"xpath","value":"//*[@id=\"__tile105\"]"}
RESULT: {"using":"xpath","value":"//*[@id=\"__tile105\"]"}
COMMAND: POST /session/67d6c33ae2a9e9619d576d72407b4a26/element/f.F023B72CEECDCDADBA4F25879939FA1B.d.A1F76CACB9D55C7481FA6CB88A80FC15.e.3458/click - {}
RESULT: undefined
COMMAND: POST /session/67d6c33ae2a9e9619d576d72407b4a26/execute/async - {"script":"<script> [6424 bytes]","args":[{"element-6066-11e4-a52e-4f735466cecf":"f.F023B72CEECDCDADBA4F25879939FA1B.d.A1F76CACB9D55C7481FA6CB88A80FC15.e.288"},"getTitle",[]]}
COMMAND: POST /session/67d6c33ae2a9e9619d576d72407b4a26/execute/async - {"script":"<script> [1562 bytes]","args":[{"selector":{"id":"shellAppTitle"},"wdio_ui5_key":"shellAppTitle"}]}
RESULT: {"script":"<script> [1562 bytes]","args":[{"selector":{"id":"shellAppTitle"},"wdio_ui5_key":"shellAppTitle"}]}
COMMAND: POST /session/67d6c33ae2a9e9619d576d72407b4a26/execute/async - {"script":"<script> [6424 bytes]","args":[{"element-6066-11e4-a52e-4f735466cecf":"f.F023B72CEECDCDADBA4F25879939FA1B.d.A1F76CACB9D55C7481FA6CB88A80FC15.e.3545"},"getTitle",[]]}
RESULT: {"script":"<script> [6424 bytes]","args":[{"element-6066-11e4-a52e-4f735466cecf":"f.F023B72CEECDCDADBA4F25879939FA1B.d.A1F76CACB9D55C7481FA6CB88A80FC15.e.3545"},"getTitle",[]]}
RESULT: undefined
COMMAND: POST /session/67d6c33ae2a9e9619d576d72407b4a26/element/f.F023B72CEECDCDADBA4F25879939FA1B.d.A1F76CACB9D55C7481FA6CB88A80FC15.e.3454/click - {}
RESULT: {}
COMMAND: GET /session/67d6c33ae2a9e9619d576d72407b4a26/screenshot - {}
RESULT: {}
]]></system-out>
    </testcase>
    <testcase classname="chrome.137_0_7151_56.windows.Sanity_Tests_US104253" name="Should open Bin Inventory List page" time="37.946">
      <system-out><![CDATA[
COMMAND: POST /session/67d6c33ae2a9e9619d576d72407b4a26/execute/async - {"script":"<script> [1562 bytes]","args":[{"selector":{"controlType":"sap.m.GenericTile","properties":{"header":"Bin Inventory List"}},"wdio_ui5_key":"sapm.GenericTile{\"header\":\"Bin Inventory List\"}"}]}
RESULT: {"script":"<script> [1562 bytes]","args":[{"selector":{"controlType":"sap.m.GenericTile","properties":{"header":"Bin Inventory List"}},"wdio_ui5_key":"sapm.GenericTile{\"header\":\"Bin Inventory List\"}"}]}
RESULT: undefined
COMMAND: POST /session/67d6c33ae2a9e9619d576d72407b4a26/element - {"using":"xpath","value":"//*[@id=\"__tile103\"]"}
RESULT: {"using":"xpath","value":"//*[@id=\"__tile103\"]"}
COMMAND: POST /session/67d6c33ae2a9e9619d576d72407b4a26/element/f.F023B72CEECDCDADBA4F25879939FA1B.d.A1F76CACB9D55C7481FA6CB88A80FC15.e.3547/click - {}
RESULT: {}
COMMAND: GET /session/67d6c33ae2a9e9619d576d72407b4a26/screenshot - {}
RESULT: {}
COMMAND: POST /session/67d6c33ae2a9e9619d576d72407b4a26/elements - {"using":"xpath","value":"//span[text()='Error']"}
RESULT: {"using":"xpath","value":"//span[text()='Error']"}
RESULT: undefined
COMMAND: POST /session/67d6c33ae2a9e9619d576d72407b4a26/element - {"using":"xpath","value":"//*[@id=\"__tile103\"]"}
RESULT: {"using":"xpath","value":"//*[@id=\"__tile103\"]"}
COMMAND: POST /session/67d6c33ae2a9e9619d576d72407b4a26/element/f.F023B72CEECDCDADBA4F25879939FA1B.d.A1F76CACB9D55C7481FA6CB88A80FC15.e.3547/click - {}
RESULT: undefined
COMMAND: POST /session/67d6c33ae2a9e9619d576d72407b4a26/element - {"using":"xpath","value":"//*[@id=\"__tile103\"]"}
RESULT: {"using":"xpath","value":"//*[@id=\"__tile103\"]"}
COMMAND: POST /session/67d6c33ae2a9e9619d576d72407b4a26/element/f.F023B72CEECDCDADBA4F25879939FA1B.d.A1F76CACB9D55C7481FA6CB88A80FC15.e.3547/click - {}
RESULT: undefined
COMMAND: POST /session/67d6c33ae2a9e9619d576d72407b4a26/execute/async - {"script":"<script> [6424 bytes]","args":[{"element-6066-11e4-a52e-4f735466cecf":"f.F023B72CEECDCDADBA4F25879939FA1B.d.A1F76CACB9D55C7481FA6CB88A80FC15.e.288"},"getTitle",[]]}
COMMAND: POST /session/67d6c33ae2a9e9619d576d72407b4a26/execute/async - {"script":"<script> [1562 bytes]","args":[{"selector":{"id":"shellAppTitle"},"wdio_ui5_key":"shellAppTitle"}]}
RESULT: {"script":"<script> [1562 bytes]","args":[{"selector":{"id":"shellAppTitle"},"wdio_ui5_key":"shellAppTitle"}]}
COMMAND: POST /session/67d6c33ae2a9e9619d576d72407b4a26/execute/async - {"script":"<script> [6424 bytes]","args":[{"element-6066-11e4-a52e-4f735466cecf":"f.F023B72CEECDCDADBA4F25879939FA1B.d.A1F76CACB9D55C7481FA6CB88A80FC15.e.3638"},"getTitle",[]]}
RESULT: {"script":"<script> [6424 bytes]","args":[{"element-6066-11e4-a52e-4f735466cecf":"f.F023B72CEECDCDADBA4F25879939FA1B.d.A1F76CACB9D55C7481FA6CB88A80FC15.e.3638"},"getTitle",[]]}
RESULT: undefined
COMMAND: POST /session/67d6c33ae2a9e9619d576d72407b4a26/element/f.F023B72CEECDCDADBA4F25879939FA1B.d.A1F76CACB9D55C7481FA6CB88A80FC15.e.3454/click - {}
COMMAND: POST /session/67d6c33ae2a9e9619d576d72407b4a26/element - {"using":"xpath","value":"//*[@id=\"backBtn\"]"}
RESULT: {"using":"xpath","value":"//*[@id=\"backBtn\"]"}
COMMAND: POST /session/67d6c33ae2a9e9619d576d72407b4a26/element/f.F023B72CEECDCDADBA4F25879939FA1B.d.A1F76CACB9D55C7481FA6CB88A80FC15.e.3454/click - {}
COMMAND: POST /session/67d6c33ae2a9e9619d576d72407b4a26/element - {"using":"xpath","value":"//*[@id=\"backBtn\"]"}
RESULT: {"using":"xpath","value":"//*[@id=\"backBtn\"]"}
COMMAND: POST /session/67d6c33ae2a9e9619d576d72407b4a26/element/f.F023B72CEECDCDADBA4F25879939FA1B.d.A1F76CACB9D55C7481FA6CB88A80FC15.e.3639/click - {}
RESULT: {}
COMMAND: GET /session/67d6c33ae2a9e9619d576d72407b4a26/screenshot - {}
RESULT: {}
]]></system-out>
    </testcase>
    <testcase classname="chrome.137_0_7151_56.windows.Sanity_Tests_US104253" name="Should open ISC Templates page" time="37.265">
      <system-out><![CDATA[
COMMAND: POST /session/67d6c33ae2a9e9619d576d72407b4a26/execute/async - {"script":"<script> [1562 bytes]","args":[{"selector":{"controlType":"sap.m.GenericTile","properties":{"header":"ISC Templates"}},"wdio_ui5_key":"sapm.GenericTile{\"header\":\"ISC Templates\"}"}]}
RESULT: {"script":"<script> [1562 bytes]","args":[{"selector":{"controlType":"sap.m.GenericTile","properties":{"header":"ISC Templates"}},"wdio_ui5_key":"sapm.GenericTile{\"header\":\"ISC Templates\"}"}]}
RESULT: undefined
COMMAND: POST /session/67d6c33ae2a9e9619d576d72407b4a26/element - {"using":"xpath","value":"//*[@id=\"__tile111\"]"}
RESULT: {"using":"xpath","value":"//*[@id=\"__tile111\"]"}
COMMAND: POST /session/67d6c33ae2a9e9619d576d72407b4a26/element/f.F023B72CEECDCDADBA4F25879939FA1B.d.A1F76CACB9D55C7481FA6CB88A80FC15.e.3641/click - {}
RESULT: {}
COMMAND: GET /session/67d6c33ae2a9e9619d576d72407b4a26/screenshot - {}
RESULT: {}
COMMAND: POST /session/67d6c33ae2a9e9619d576d72407b4a26/elements - {"using":"xpath","value":"//span[text()='Error']"}
RESULT: {"using":"xpath","value":"//span[text()='Error']"}
RESULT: undefined
COMMAND: POST /session/67d6c33ae2a9e9619d576d72407b4a26/element - {"using":"xpath","value":"//*[@id=\"__tile111\"]"}
RESULT: {"using":"xpath","value":"//*[@id=\"__tile111\"]"}
COMMAND: POST /session/67d6c33ae2a9e9619d576d72407b4a26/element/f.F023B72CEECDCDADBA4F25879939FA1B.d.A1F76CACB9D55C7481FA6CB88A80FC15.e.3641/click - {}
RESULT: undefined
COMMAND: POST /session/67d6c33ae2a9e9619d576d72407b4a26/element - {"using":"xpath","value":"//*[@id=\"__tile111\"]"}
RESULT: {"using":"xpath","value":"//*[@id=\"__tile111\"]"}
COMMAND: POST /session/67d6c33ae2a9e9619d576d72407b4a26/element/f.F023B72CEECDCDADBA4F25879939FA1B.d.A1F76CACB9D55C7481FA6CB88A80FC15.e.3641/click - {}
RESULT: undefined
COMMAND: POST /session/67d6c33ae2a9e9619d576d72407b4a26/execute/async - {"script":"<script> [6424 bytes]","args":[{"element-6066-11e4-a52e-4f735466cecf":"f.F023B72CEECDCDADBA4F25879939FA1B.d.A1F76CACB9D55C7481FA6CB88A80FC15.e.288"},"getTitle",[]]}
COMMAND: POST /session/67d6c33ae2a9e9619d576d72407b4a26/execute/async - {"script":"<script> [1562 bytes]","args":[{"selector":{"id":"shellAppTitle"},"wdio_ui5_key":"shellAppTitle"}]}
RESULT: {"script":"<script> [1562 bytes]","args":[{"selector":{"id":"shellAppTitle"},"wdio_ui5_key":"shellAppTitle"}]}
COMMAND: POST /session/67d6c33ae2a9e9619d576d72407b4a26/execute/async - {"script":"<script> [6424 bytes]","args":[{"element-6066-11e4-a52e-4f735466cecf":"f.F023B72CEECDCDADBA4F25879939FA1B.d.A1F76CACB9D55C7481FA6CB88A80FC15.e.3710"},"getTitle",[]]}
RESULT: {"script":"<script> [6424 bytes]","args":[{"element-6066-11e4-a52e-4f735466cecf":"f.F023B72CEECDCDADBA4F25879939FA1B.d.A1F76CACB9D55C7481FA6CB88A80FC15.e.3710"},"getTitle",[]]}
RESULT: undefined
COMMAND: POST /session/67d6c33ae2a9e9619d576d72407b4a26/element/f.F023B72CEECDCDADBA4F25879939FA1B.d.A1F76CACB9D55C7481FA6CB88A80FC15.e.3639/click - {}
RESULT: {}
COMMAND: GET /session/67d6c33ae2a9e9619d576d72407b4a26/screenshot - {}
RESULT: {}
]]></system-out>
    </testcase>
    <testcase classname="chrome.137_0_7151_56.windows.Sanity_Tests_US104253" name="Should open ISC Schedules page" time="38.486">
      <system-out><![CDATA[
COMMAND: POST /session/67d6c33ae2a9e9619d576d72407b4a26/execute/async - {"script":"<script> [1562 bytes]","args":[{"selector":{"controlType":"sap.m.GenericTile","properties":{"header":"ISC Schedules"}},"wdio_ui5_key":"sapm.GenericTile{\"header\":\"ISC Schedules\"}"}]}
RESULT: {"script":"<script> [1562 bytes]","args":[{"selector":{"controlType":"sap.m.GenericTile","properties":{"header":"ISC Schedules"}},"wdio_ui5_key":"sapm.GenericTile{\"header\":\"ISC Schedules\"}"}]}
RESULT: undefined
COMMAND: POST /session/67d6c33ae2a9e9619d576d72407b4a26/element - {"using":"xpath","value":"//*[@id=\"__tile109\"]"}
RESULT: {"using":"xpath","value":"//*[@id=\"__tile109\"]"}
COMMAND: POST /session/67d6c33ae2a9e9619d576d72407b4a26/element/f.F023B72CEECDCDADBA4F25879939FA1B.d.A1F76CACB9D55C7481FA6CB88A80FC15.e.3713/click - {}
RESULT: {}
COMMAND: GET /session/67d6c33ae2a9e9619d576d72407b4a26/screenshot - {}
RESULT: {}
COMMAND: POST /session/67d6c33ae2a9e9619d576d72407b4a26/elements - {"using":"xpath","value":"//span[text()='Error']"}
RESULT: {"using":"xpath","value":"//span[text()='Error']"}
RESULT: undefined
COMMAND: POST /session/67d6c33ae2a9e9619d576d72407b4a26/element - {"using":"xpath","value":"//*[@id=\"__tile109\"]"}
RESULT: {"using":"xpath","value":"//*[@id=\"__tile109\"]"}
COMMAND: POST /session/67d6c33ae2a9e9619d576d72407b4a26/element/f.F023B72CEECDCDADBA4F25879939FA1B.d.A1F76CACB9D55C7481FA6CB88A80FC15.e.3713/click - {}
RESULT: undefined
COMMAND: POST /session/67d6c33ae2a9e9619d576d72407b4a26/element - {"using":"xpath","value":"//*[@id=\"__tile109\"]"}
RESULT: {"using":"xpath","value":"//*[@id=\"__tile109\"]"}
COMMAND: POST /session/67d6c33ae2a9e9619d576d72407b4a26/element/f.F023B72CEECDCDADBA4F25879939FA1B.d.A1F76CACB9D55C7481FA6CB88A80FC15.e.3713/click - {}
RESULT: undefined
COMMAND: POST /session/67d6c33ae2a9e9619d576d72407b4a26/execute/async - {"script":"<script> [6424 bytes]","args":[{"element-6066-11e4-a52e-4f735466cecf":"f.F023B72CEECDCDADBA4F25879939FA1B.d.A1F76CACB9D55C7481FA6CB88A80FC15.e.288"},"getTitle",[]]}
COMMAND: POST /session/67d6c33ae2a9e9619d576d72407b4a26/execute/async - {"script":"<script> [1562 bytes]","args":[{"selector":{"id":"shellAppTitle"},"wdio_ui5_key":"shellAppTitle"}]}
RESULT: {"script":"<script> [1562 bytes]","args":[{"selector":{"id":"shellAppTitle"},"wdio_ui5_key":"shellAppTitle"}]}
COMMAND: POST /session/67d6c33ae2a9e9619d576d72407b4a26/execute/async - {"script":"<script> [6424 bytes]","args":[{"element-6066-11e4-a52e-4f735466cecf":"f.F023B72CEECDCDADBA4F25879939FA1B.d.A1F76CACB9D55C7481FA6CB88A80FC15.e.3783"},"getTitle",[]]}
RESULT: {"script":"<script> [6424 bytes]","args":[{"element-6066-11e4-a52e-4f735466cecf":"f.F023B72CEECDCDADBA4F25879939FA1B.d.A1F76CACB9D55C7481FA6CB88A80FC15.e.3783"},"getTitle",[]]}
RESULT: undefined
COMMAND: POST /session/67d6c33ae2a9e9619d576d72407b4a26/element/f.F023B72CEECDCDADBA4F25879939FA1B.d.A1F76CACB9D55C7481FA6CB88A80FC15.e.3639/click - {}
COMMAND: POST /session/67d6c33ae2a9e9619d576d72407b4a26/element - {"using":"xpath","value":"//*[@id=\"backBtn\"]"}
RESULT: {"using":"xpath","value":"//*[@id=\"backBtn\"]"}
COMMAND: POST /session/67d6c33ae2a9e9619d576d72407b4a26/element/f.F023B72CEECDCDADBA4F25879939FA1B.d.A1F76CACB9D55C7481FA6CB88A80FC15.e.3639/click - {}
COMMAND: POST /session/67d6c33ae2a9e9619d576d72407b4a26/element - {"using":"xpath","value":"//*[@id=\"backBtn\"]"}
RESULT: {"using":"xpath","value":"//*[@id=\"backBtn\"]"}
COMMAND: POST /session/67d6c33ae2a9e9619d576d72407b4a26/element/f.F023B72CEECDCDADBA4F25879939FA1B.d.A1F76CACB9D55C7481FA6CB88A80FC15.e.3784/click - {}
RESULT: {}
COMMAND: GET /session/67d6c33ae2a9e9619d576d72407b4a26/screenshot - {}
RESULT: {}
]]></system-out>
    </testcase>
    <testcase classname="chrome.137_0_7151_56.windows.Sanity_Tests_US104253" name="Should open ISC Dashboard page" time="40.331">
      <system-out><![CDATA[
COMMAND: POST /session/67d6c33ae2a9e9619d576d72407b4a26/execute/async - {"script":"<script> [1562 bytes]","args":[{"selector":{"controlType":"sap.m.GenericTile","properties":{"header":"ISC Dashboard"}},"wdio_ui5_key":"sapm.GenericTile{\"header\":\"ISC Dashboard\"}"}]}
RESULT: {"script":"<script> [1562 bytes]","args":[{"selector":{"controlType":"sap.m.GenericTile","properties":{"header":"ISC Dashboard"}},"wdio_ui5_key":"sapm.GenericTile{\"header\":\"ISC Dashboard\"}"}]}
RESULT: undefined
COMMAND: POST /session/67d6c33ae2a9e9619d576d72407b4a26/element - {"using":"xpath","value":"//*[@id=\"__tile106\"]"}
RESULT: {"using":"xpath","value":"//*[@id=\"__tile106\"]"}
COMMAND: POST /session/67d6c33ae2a9e9619d576d72407b4a26/element/f.F023B72CEECDCDADBA4F25879939FA1B.d.A1F76CACB9D55C7481FA6CB88A80FC15.e.3786/click - {}
RESULT: {}
COMMAND: GET /session/67d6c33ae2a9e9619d576d72407b4a26/screenshot - {}
RESULT: {}
COMMAND: POST /session/67d6c33ae2a9e9619d576d72407b4a26/elements - {"using":"xpath","value":"//span[text()='Error']"}
RESULT: {"using":"xpath","value":"//span[text()='Error']"}
RESULT: undefined
COMMAND: POST /session/67d6c33ae2a9e9619d576d72407b4a26/element - {"using":"xpath","value":"//*[@id=\"__tile106\"]"}
RESULT: {"using":"xpath","value":"//*[@id=\"__tile106\"]"}
COMMAND: POST /session/67d6c33ae2a9e9619d576d72407b4a26/element/f.F023B72CEECDCDADBA4F25879939FA1B.d.A1F76CACB9D55C7481FA6CB88A80FC15.e.3786/click - {}
RESULT: undefined
COMMAND: POST /session/67d6c33ae2a9e9619d576d72407b4a26/element - {"using":"xpath","value":"//*[@id=\"__tile106\"]"}
RESULT: {"using":"xpath","value":"//*[@id=\"__tile106\"]"}
COMMAND: POST /session/67d6c33ae2a9e9619d576d72407b4a26/element/f.F023B72CEECDCDADBA4F25879939FA1B.d.A1F76CACB9D55C7481FA6CB88A80FC15.e.3786/click - {}
RESULT: undefined
COMMAND: POST /session/67d6c33ae2a9e9619d576d72407b4a26/execute/async - {"script":"<script> [6424 bytes]","args":[{"element-6066-11e4-a52e-4f735466cecf":"f.F023B72CEECDCDADBA4F25879939FA1B.d.A1F76CACB9D55C7481FA6CB88A80FC15.e.288"},"getTitle",[]]}
COMMAND: POST /session/67d6c33ae2a9e9619d576d72407b4a26/execute/async - {"script":"<script> [1562 bytes]","args":[{"selector":{"id":"shellAppTitle"},"wdio_ui5_key":"shellAppTitle"}]}
RESULT: {"script":"<script> [1562 bytes]","args":[{"selector":{"id":"shellAppTitle"},"wdio_ui5_key":"shellAppTitle"}]}
COMMAND: POST /session/67d6c33ae2a9e9619d576d72407b4a26/execute/async - {"script":"<script> [6424 bytes]","args":[{"element-6066-11e4-a52e-4f735466cecf":"f.F023B72CEECDCDADBA4F25879939FA1B.d.A1F76CACB9D55C7481FA6CB88A80FC15.e.3907"},"getTitle",[]]}
RESULT: {"script":"<script> [6424 bytes]","args":[{"element-6066-11e4-a52e-4f735466cecf":"f.F023B72CEECDCDADBA4F25879939FA1B.d.A1F76CACB9D55C7481FA6CB88A80FC15.e.3907"},"getTitle",[]]}
RESULT: undefined
COMMAND: POST /session/67d6c33ae2a9e9619d576d72407b4a26/element/f.F023B72CEECDCDADBA4F25879939FA1B.d.A1F76CACB9D55C7481FA6CB88A80FC15.e.3784/click - {}
RESULT: {}
COMMAND: GET /session/67d6c33ae2a9e9619d576d72407b4a26/screenshot - {}
RESULT: {}
]]></system-out>
    </testcase>
    <testcase classname="chrome.137_0_7151_56.windows.Sanity_Tests_US104253" name="Should open ISC Orders page" time="41.51">
      <system-out><![CDATA[
COMMAND: POST /session/67d6c33ae2a9e9619d576d72407b4a26/execute/async - {"script":"<script> [1562 bytes]","args":[{"selector":{"controlType":"sap.m.GenericTile","properties":{"header":"ISC Orders"}},"wdio_ui5_key":"sapm.GenericTile{\"header\":\"ISC Orders\"}"}]}
RESULT: {"script":"<script> [1562 bytes]","args":[{"selector":{"controlType":"sap.m.GenericTile","properties":{"header":"ISC Orders"}},"wdio_ui5_key":"sapm.GenericTile{\"header\":\"ISC Orders\"}"}]}
RESULT: undefined
COMMAND: POST /session/67d6c33ae2a9e9619d576d72407b4a26/element - {"using":"xpath","value":"//*[@id=\"__tile108\"]"}
RESULT: {"using":"xpath","value":"//*[@id=\"__tile108\"]"}
COMMAND: POST /session/67d6c33ae2a9e9619d576d72407b4a26/element/f.F023B72CEECDCDADBA4F25879939FA1B.d.A1F76CACB9D55C7481FA6CB88A80FC15.e.3909/click - {}
RESULT: {}
COMMAND: GET /session/67d6c33ae2a9e9619d576d72407b4a26/screenshot - {}
RESULT: {}
COMMAND: POST /session/67d6c33ae2a9e9619d576d72407b4a26/elements - {"using":"xpath","value":"//span[text()='Error']"}
RESULT: {"using":"xpath","value":"//span[text()='Error']"}
RESULT: undefined
COMMAND: POST /session/67d6c33ae2a9e9619d576d72407b4a26/element - {"using":"xpath","value":"//*[@id=\"__tile108\"]"}
RESULT: {"using":"xpath","value":"//*[@id=\"__tile108\"]"}
COMMAND: POST /session/67d6c33ae2a9e9619d576d72407b4a26/element/f.F023B72CEECDCDADBA4F25879939FA1B.d.A1F76CACB9D55C7481FA6CB88A80FC15.e.3909/click - {}
RESULT: undefined
COMMAND: POST /session/67d6c33ae2a9e9619d576d72407b4a26/element - {"using":"xpath","value":"//*[@id=\"__tile108\"]"}
RESULT: {"using":"xpath","value":"//*[@id=\"__tile108\"]"}
COMMAND: POST /session/67d6c33ae2a9e9619d576d72407b4a26/element/f.F023B72CEECDCDADBA4F25879939FA1B.d.A1F76CACB9D55C7481FA6CB88A80FC15.e.3909/click - {}
RESULT: undefined
COMMAND: POST /session/67d6c33ae2a9e9619d576d72407b4a26/execute/async - {"script":"<script> [6424 bytes]","args":[{"element-6066-11e4-a52e-4f735466cecf":"f.F023B72CEECDCDADBA4F25879939FA1B.d.A1F76CACB9D55C7481FA6CB88A80FC15.e.288"},"getTitle",[]]}
COMMAND: POST /session/67d6c33ae2a9e9619d576d72407b4a26/execute/async - {"script":"<script> [1562 bytes]","args":[{"selector":{"id":"shellAppTitle"},"wdio_ui5_key":"shellAppTitle"}]}
RESULT: {"script":"<script> [1562 bytes]","args":[{"selector":{"id":"shellAppTitle"},"wdio_ui5_key":"shellAppTitle"}]}
COMMAND: POST /session/67d6c33ae2a9e9619d576d72407b4a26/execute/async - {"script":"<script> [6424 bytes]","args":[{"element-6066-11e4-a52e-4f735466cecf":"f.F023B72CEECDCDADBA4F25879939FA1B.d.A1F76CACB9D55C7481FA6CB88A80FC15.e.4014"},"getTitle",[]]}
RESULT: {"script":"<script> [6424 bytes]","args":[{"element-6066-11e4-a52e-4f735466cecf":"f.F023B72CEECDCDADBA4F25879939FA1B.d.A1F76CACB9D55C7481FA6CB88A80FC15.e.4014"},"getTitle",[]]}
RESULT: undefined
COMMAND: POST /session/67d6c33ae2a9e9619d576d72407b4a26/element/f.F023B72CEECDCDADBA4F25879939FA1B.d.A1F76CACB9D55C7481FA6CB88A80FC15.e.3784/click - {}
COMMAND: POST /session/67d6c33ae2a9e9619d576d72407b4a26/element - {"using":"xpath","value":"//*[@id=\"backBtn\"]"}
RESULT: {"using":"xpath","value":"//*[@id=\"backBtn\"]"}
COMMAND: POST /session/67d6c33ae2a9e9619d576d72407b4a26/element/f.F023B72CEECDCDADBA4F25879939FA1B.d.A1F76CACB9D55C7481FA6CB88A80FC15.e.3784/click - {}
COMMAND: POST /session/67d6c33ae2a9e9619d576d72407b4a26/element - {"using":"xpath","value":"//*[@id=\"backBtn\"]"}
RESULT: {"using":"xpath","value":"//*[@id=\"backBtn\"]"}
COMMAND: POST /session/67d6c33ae2a9e9619d576d72407b4a26/element/f.F023B72CEECDCDADBA4F25879939FA1B.d.A1F76CACB9D55C7481FA6CB88A80FC15.e.4015/click - {}
RESULT: {}
COMMAND: GET /session/67d6c33ae2a9e9619d576d72407b4a26/screenshot - {}
RESULT: {}
]]></system-out>
    </testcase>
    <testcase classname="chrome.137_0_7151_56.windows.Sanity_Tests_US104253" name="Should open ISC Tasks page" time="39.032">
      <system-out><![CDATA[
COMMAND: POST /session/67d6c33ae2a9e9619d576d72407b4a26/execute/async - {"script":"<script> [1562 bytes]","args":[{"selector":{"controlType":"sap.m.GenericTile","properties":{"header":"ISC Tasks"}},"wdio_ui5_key":"sapm.GenericTile{\"header\":\"ISC Tasks\"}"}]}
RESULT: {"script":"<script> [1562 bytes]","args":[{"selector":{"controlType":"sap.m.GenericTile","properties":{"header":"ISC Tasks"}},"wdio_ui5_key":"sapm.GenericTile{\"header\":\"ISC Tasks\"}"}]}
RESULT: undefined
COMMAND: POST /session/67d6c33ae2a9e9619d576d72407b4a26/element - {"using":"xpath","value":"//*[@id=\"__tile110\"]"}
RESULT: {"using":"xpath","value":"//*[@id=\"__tile110\"]"}
COMMAND: POST /session/67d6c33ae2a9e9619d576d72407b4a26/element/f.F023B72CEECDCDADBA4F25879939FA1B.d.A1F76CACB9D55C7481FA6CB88A80FC15.e.4017/click - {}
RESULT: {}
COMMAND: GET /session/67d6c33ae2a9e9619d576d72407b4a26/screenshot - {}
RESULT: {}
COMMAND: POST /session/67d6c33ae2a9e9619d576d72407b4a26/elements - {"using":"xpath","value":"//span[text()='Error']"}
RESULT: {"using":"xpath","value":"//span[text()='Error']"}
RESULT: undefined
COMMAND: POST /session/67d6c33ae2a9e9619d576d72407b4a26/element - {"using":"xpath","value":"//*[@id=\"__tile110\"]"}
RESULT: {"using":"xpath","value":"//*[@id=\"__tile110\"]"}
COMMAND: POST /session/67d6c33ae2a9e9619d576d72407b4a26/element/f.F023B72CEECDCDADBA4F25879939FA1B.d.A1F76CACB9D55C7481FA6CB88A80FC15.e.4017/click - {}
RESULT: undefined
COMMAND: POST /session/67d6c33ae2a9e9619d576d72407b4a26/element - {"using":"xpath","value":"//*[@id=\"__tile110\"]"}
RESULT: {"using":"xpath","value":"//*[@id=\"__tile110\"]"}
COMMAND: POST /session/67d6c33ae2a9e9619d576d72407b4a26/element/f.F023B72CEECDCDADBA4F25879939FA1B.d.A1F76CACB9D55C7481FA6CB88A80FC15.e.4017/click - {}
RESULT: undefined
COMMAND: POST /session/67d6c33ae2a9e9619d576d72407b4a26/execute/async - {"script":"<script> [6424 bytes]","args":[{"element-6066-11e4-a52e-4f735466cecf":"f.F023B72CEECDCDADBA4F25879939FA1B.d.A1F76CACB9D55C7481FA6CB88A80FC15.e.288"},"getTitle",[]]}
COMMAND: POST /session/67d6c33ae2a9e9619d576d72407b4a26/execute/async - {"script":"<script> [1562 bytes]","args":[{"selector":{"id":"shellAppTitle"},"wdio_ui5_key":"shellAppTitle"}]}
RESULT: {"script":"<script> [1562 bytes]","args":[{"selector":{"id":"shellAppTitle"},"wdio_ui5_key":"shellAppTitle"}]}
COMMAND: POST /session/67d6c33ae2a9e9619d576d72407b4a26/execute/async - {"script":"<script> [6424 bytes]","args":[{"element-6066-11e4-a52e-4f735466cecf":"f.F023B72CEECDCDADBA4F25879939FA1B.d.A1F76CACB9D55C7481FA6CB88A80FC15.e.4111"},"getTitle",[]]}
RESULT: {"script":"<script> [6424 bytes]","args":[{"element-6066-11e4-a52e-4f735466cecf":"f.F023B72CEECDCDADBA4F25879939FA1B.d.A1F76CACB9D55C7481FA6CB88A80FC15.e.4111"},"getTitle",[]]}
RESULT: undefined
COMMAND: POST /session/67d6c33ae2a9e9619d576d72407b4a26/element/f.F023B72CEECDCDADBA4F25879939FA1B.d.A1F76CACB9D55C7481FA6CB88A80FC15.e.4015/click - {}
RESULT: {}
COMMAND: GET /session/67d6c33ae2a9e9619d576d72407b4a26/screenshot - {}
RESULT: {}
]]></system-out>
    </testcase>
    <testcase classname="chrome.137_0_7151_56.windows.Sanity_Tests_US104253" name="Should open Manage Resource Logbook page" time="36.28">
      <system-out><![CDATA[
COMMAND: POST /session/67d6c33ae2a9e9619d576d72407b4a26/execute/async - {"script":"<script> [1562 bytes]","args":[{"selector":{"controlType":"sap.m.GenericTile","properties":{"header":"Manage Resource Logbook"}},"wdio_ui5_key":"sapm.GenericTile{\"header\":\"Manage Resource Logbook\"}"}]}
RESULT: {"script":"<script> [1562 bytes]","args":[{"selector":{"controlType":"sap.m.GenericTile","properties":{"header":"Manage Resource Logbook"}},"wdio_ui5_key":"sapm.GenericTile{\"header\":\"Manage Resource Logbook\"}"}]}
RESULT: undefined
COMMAND: POST /session/67d6c33ae2a9e9619d576d72407b4a26/element - {"using":"xpath","value":"//*[@id=\"__tile113\"]"}
RESULT: {"using":"xpath","value":"//*[@id=\"__tile113\"]"}
COMMAND: POST /session/67d6c33ae2a9e9619d576d72407b4a26/element/f.F023B72CEECDCDADBA4F25879939FA1B.d.A1F76CACB9D55C7481FA6CB88A80FC15.e.4113/click - {}
RESULT: {}
COMMAND: GET /session/67d6c33ae2a9e9619d576d72407b4a26/screenshot - {}
RESULT: {}
COMMAND: POST /session/67d6c33ae2a9e9619d576d72407b4a26/elements - {"using":"xpath","value":"//span[text()='Error']"}
RESULT: {"using":"xpath","value":"//span[text()='Error']"}
RESULT: undefined
COMMAND: POST /session/67d6c33ae2a9e9619d576d72407b4a26/element - {"using":"xpath","value":"//*[@id=\"__tile113\"]"}
RESULT: {"using":"xpath","value":"//*[@id=\"__tile113\"]"}
COMMAND: POST /session/67d6c33ae2a9e9619d576d72407b4a26/element/f.F023B72CEECDCDADBA4F25879939FA1B.d.A1F76CACB9D55C7481FA6CB88A80FC15.e.4113/click - {}
RESULT: undefined
COMMAND: POST /session/67d6c33ae2a9e9619d576d72407b4a26/element - {"using":"xpath","value":"//*[@id=\"__tile113\"]"}
RESULT: {"using":"xpath","value":"//*[@id=\"__tile113\"]"}
COMMAND: POST /session/67d6c33ae2a9e9619d576d72407b4a26/element/f.F023B72CEECDCDADBA4F25879939FA1B.d.A1F76CACB9D55C7481FA6CB88A80FC15.e.4113/click - {}
RESULT: undefined
COMMAND: POST /session/67d6c33ae2a9e9619d576d72407b4a26/execute/async - {"script":"<script> [6424 bytes]","args":[{"element-6066-11e4-a52e-4f735466cecf":"f.F023B72CEECDCDADBA4F25879939FA1B.d.A1F76CACB9D55C7481FA6CB88A80FC15.e.288"},"getTitle",[]]}
COMMAND: POST /session/67d6c33ae2a9e9619d576d72407b4a26/execute/async - {"script":"<script> [1562 bytes]","args":[{"selector":{"id":"shellAppTitle"},"wdio_ui5_key":"shellAppTitle"}]}
RESULT: {"script":"<script> [1562 bytes]","args":[{"selector":{"id":"shellAppTitle"},"wdio_ui5_key":"shellAppTitle"}]}
COMMAND: POST /session/67d6c33ae2a9e9619d576d72407b4a26/execute/async - {"script":"<script> [6424 bytes]","args":[{"element-6066-11e4-a52e-4f735466cecf":"f.F023B72CEECDCDADBA4F25879939FA1B.d.A1F76CACB9D55C7481FA6CB88A80FC15.e.4219"},"getTitle",[]]}
RESULT: {"script":"<script> [6424 bytes]","args":[{"element-6066-11e4-a52e-4f735466cecf":"f.F023B72CEECDCDADBA4F25879939FA1B.d.A1F76CACB9D55C7481FA6CB88A80FC15.e.4219"},"getTitle",[]]}
RESULT: undefined
COMMAND: POST /session/67d6c33ae2a9e9619d576d72407b4a26/element/f.F023B72CEECDCDADBA4F25879939FA1B.d.A1F76CACB9D55C7481FA6CB88A80FC15.e.4015/click - {}
COMMAND: POST /session/67d6c33ae2a9e9619d576d72407b4a26/element - {"using":"xpath","value":"//*[@id=\"backBtn\"]"}
RESULT: {"using":"xpath","value":"//*[@id=\"backBtn\"]"}
COMMAND: POST /session/67d6c33ae2a9e9619d576d72407b4a26/element/f.F023B72CEECDCDADBA4F25879939FA1B.d.A1F76CACB9D55C7481FA6CB88A80FC15.e.4015/click - {}
COMMAND: POST /session/67d6c33ae2a9e9619d576d72407b4a26/element - {"using":"xpath","value":"//*[@id=\"backBtn\"]"}
RESULT: {"using":"xpath","value":"//*[@id=\"backBtn\"]"}
COMMAND: POST /session/67d6c33ae2a9e9619d576d72407b4a26/element/f.F023B72CEECDCDADBA4F25879939FA1B.d.A1F76CACB9D55C7481FA6CB88A80FC15.e.4220/click - {}
RESULT: {}
COMMAND: GET /session/67d6c33ae2a9e9619d576d72407b4a26/screenshot - {}
RESULT: {}
]]></system-out>
    </testcase>
    <testcase classname="chrome.137_0_7151_56.windows.Sanity_Tests_US104253" name="Should open Manage Logbook page" time="40.064">
      <system-out><![CDATA[
COMMAND: POST /session/67d6c33ae2a9e9619d576d72407b4a26/execute/async - {"script":"<script> [1562 bytes]","args":[{"selector":{"controlType":"sap.m.GenericTile","properties":{"header":"Manage Logbook"}},"wdio_ui5_key":"sapm.GenericTile{\"header\":\"Manage Logbook\"}"}]}
RESULT: {"script":"<script> [1562 bytes]","args":[{"selector":{"controlType":"sap.m.GenericTile","properties":{"header":"Manage Logbook"}},"wdio_ui5_key":"sapm.GenericTile{\"header\":\"Manage Logbook\"}"}]}
RESULT: undefined
COMMAND: POST /session/67d6c33ae2a9e9619d576d72407b4a26/element - {"using":"xpath","value":"//*[@id=\"__tile112\"]"}
RESULT: {"using":"xpath","value":"//*[@id=\"__tile112\"]"}
COMMAND: POST /session/67d6c33ae2a9e9619d576d72407b4a26/element/f.F023B72CEECDCDADBA4F25879939FA1B.d.A1F76CACB9D55C7481FA6CB88A80FC15.e.4222/click - {}
RESULT: {}
COMMAND: GET /session/67d6c33ae2a9e9619d576d72407b4a26/screenshot - {}
RESULT: {}
COMMAND: POST /session/67d6c33ae2a9e9619d576d72407b4a26/elements - {"using":"xpath","value":"//span[text()='Error']"}
RESULT: {"using":"xpath","value":"//span[text()='Error']"}
RESULT: undefined
COMMAND: POST /session/67d6c33ae2a9e9619d576d72407b4a26/element - {"using":"xpath","value":"//*[@id=\"__tile112\"]"}
RESULT: {"using":"xpath","value":"//*[@id=\"__tile112\"]"}
COMMAND: POST /session/67d6c33ae2a9e9619d576d72407b4a26/element/f.F023B72CEECDCDADBA4F25879939FA1B.d.A1F76CACB9D55C7481FA6CB88A80FC15.e.4222/click - {}
RESULT: undefined
COMMAND: POST /session/67d6c33ae2a9e9619d576d72407b4a26/element - {"using":"xpath","value":"//*[@id=\"__tile112\"]"}
RESULT: {"using":"xpath","value":"//*[@id=\"__tile112\"]"}
COMMAND: POST /session/67d6c33ae2a9e9619d576d72407b4a26/element/f.F023B72CEECDCDADBA4F25879939FA1B.d.A1F76CACB9D55C7481FA6CB88A80FC15.e.4222/click - {}
RESULT: undefined
COMMAND: POST /session/67d6c33ae2a9e9619d576d72407b4a26/execute/async - {"script":"<script> [6424 bytes]","args":[{"element-6066-11e4-a52e-4f735466cecf":"f.F023B72CEECDCDADBA4F25879939FA1B.d.A1F76CACB9D55C7481FA6CB88A80FC15.e.288"},"getTitle",[]]}
COMMAND: POST /session/67d6c33ae2a9e9619d576d72407b4a26/execute/async - {"script":"<script> [1562 bytes]","args":[{"selector":{"id":"shellAppTitle"},"wdio_ui5_key":"shellAppTitle"}]}
RESULT: {"script":"<script> [1562 bytes]","args":[{"selector":{"id":"shellAppTitle"},"wdio_ui5_key":"shellAppTitle"}]}
COMMAND: POST /session/67d6c33ae2a9e9619d576d72407b4a26/execute/async - {"script":"<script> [6424 bytes]","args":[{"element-6066-11e4-a52e-4f735466cecf":"f.F023B72CEECDCDADBA4F25879939FA1B.d.A1F76CACB9D55C7481FA6CB88A80FC15.e.4305"},"getTitle",[]]}
RESULT: {"script":"<script> [6424 bytes]","args":[{"element-6066-11e4-a52e-4f735466cecf":"f.F023B72CEECDCDADBA4F25879939FA1B.d.A1F76CACB9D55C7481FA6CB88A80FC15.e.4305"},"getTitle",[]]}
RESULT: undefined
COMMAND: POST /session/67d6c33ae2a9e9619d576d72407b4a26/element/f.F023B72CEECDCDADBA4F25879939FA1B.d.A1F76CACB9D55C7481FA6CB88A80FC15.e.4220/click - {}
RESULT: {}
COMMAND: GET /session/67d6c33ae2a9e9619d576d72407b4a26/screenshot - {}
RESULT: {}
]]></system-out>
    </testcase>
    <testcase classname="chrome.137_0_7151_56.windows.Sanity_Tests_US104253" name="Should open ISC Orders Calendar page" time="46.687">
      <system-out><![CDATA[
COMMAND: POST /session/67d6c33ae2a9e9619d576d72407b4a26/execute/async - {"script":"<script> [1562 bytes]","args":[{"selector":{"controlType":"sap.m.GenericTile","properties":{"header":"ISC Orders Calendar"}},"wdio_ui5_key":"sapm.GenericTile{\"header\":\"ISC Orders Calendar\"}"}]}
RESULT: {"script":"<script> [1562 bytes]","args":[{"selector":{"controlType":"sap.m.GenericTile","properties":{"header":"ISC Orders Calendar"}},"wdio_ui5_key":"sapm.GenericTile{\"header\":\"ISC Orders Calendar\"}"}]}
RESULT: undefined
COMMAND: POST /session/67d6c33ae2a9e9619d576d72407b4a26/element - {"using":"xpath","value":"//*[@id=\"__tile107\"]"}
RESULT: {"using":"xpath","value":"//*[@id=\"__tile107\"]"}
COMMAND: POST /session/67d6c33ae2a9e9619d576d72407b4a26/element/f.F023B72CEECDCDADBA4F25879939FA1B.d.A1F76CACB9D55C7481FA6CB88A80FC15.e.4307/click - {}
RESULT: {}
COMMAND: GET /session/67d6c33ae2a9e9619d576d72407b4a26/screenshot - {}
RESULT: {}
COMMAND: POST /session/67d6c33ae2a9e9619d576d72407b4a26/elements - {"using":"xpath","value":"//span[text()='Error']"}
RESULT: {"using":"xpath","value":"//span[text()='Error']"}
RESULT: undefined
COMMAND: POST /session/67d6c33ae2a9e9619d576d72407b4a26/element - {"using":"xpath","value":"//*[@id=\"__tile107\"]"}
RESULT: {"using":"xpath","value":"//*[@id=\"__tile107\"]"}
COMMAND: POST /session/67d6c33ae2a9e9619d576d72407b4a26/element/f.F023B72CEECDCDADBA4F25879939FA1B.d.A1F76CACB9D55C7481FA6CB88A80FC15.e.4307/click - {}
RESULT: undefined
COMMAND: POST /session/67d6c33ae2a9e9619d576d72407b4a26/element - {"using":"xpath","value":"//*[@id=\"__tile107\"]"}
RESULT: {"using":"xpath","value":"//*[@id=\"__tile107\"]"}
COMMAND: POST /session/67d6c33ae2a9e9619d576d72407b4a26/element/f.F023B72CEECDCDADBA4F25879939FA1B.d.A1F76CACB9D55C7481FA6CB88A80FC15.e.4307/click - {}
RESULT: undefined
COMMAND: POST /session/67d6c33ae2a9e9619d576d72407b4a26/execute/async - {"script":"<script> [6424 bytes]","args":[{"element-6066-11e4-a52e-4f735466cecf":"f.F023B72CEECDCDADBA4F25879939FA1B.d.A1F76CACB9D55C7481FA6CB88A80FC15.e.288"},"getTitle",[]]}
COMMAND: POST /session/67d6c33ae2a9e9619d576d72407b4a26/execute/async - {"script":"<script> [1562 bytes]","args":[{"selector":{"id":"shellAppTitle"},"wdio_ui5_key":"shellAppTitle"}]}
RESULT: {"script":"<script> [1562 bytes]","args":[{"selector":{"id":"shellAppTitle"},"wdio_ui5_key":"shellAppTitle"}]}
COMMAND: POST /session/67d6c33ae2a9e9619d576d72407b4a26/execute/async - {"script":"<script> [6424 bytes]","args":[{"element-6066-11e4-a52e-4f735466cecf":"f.F023B72CEECDCDADBA4F25879939FA1B.d.A1F76CACB9D55C7481FA6CB88A80FC15.e.4512"},"getTitle",[]]}
RESULT: {"script":"<script> [6424 bytes]","args":[{"element-6066-11e4-a52e-4f735466cecf":"f.F023B72CEECDCDADBA4F25879939FA1B.d.A1F76CACB9D55C7481FA6CB88A80FC15.e.4512"},"getTitle",[]]}
RESULT: undefined
COMMAND: POST /session/67d6c33ae2a9e9619d576d72407b4a26/element/f.F023B72CEECDCDADBA4F25879939FA1B.d.A1F76CACB9D55C7481FA6CB88A80FC15.e.4220/click - {}
COMMAND: POST /session/67d6c33ae2a9e9619d576d72407b4a26/element - {"using":"xpath","value":"//*[@id=\"backBtn\"]"}
RESULT: {"using":"xpath","value":"//*[@id=\"backBtn\"]"}
COMMAND: POST /session/67d6c33ae2a9e9619d576d72407b4a26/element/f.F023B72CEECDCDADBA4F25879939FA1B.d.A1F76CACB9D55C7481FA6CB88A80FC15.e.4220/click - {}
COMMAND: POST /session/67d6c33ae2a9e9619d576d72407b4a26/element - {"using":"xpath","value":"//*[@id=\"backBtn\"]"}
RESULT: {"using":"xpath","value":"//*[@id=\"backBtn\"]"}
COMMAND: POST /session/67d6c33ae2a9e9619d576d72407b4a26/element/f.F023B72CEECDCDADBA4F25879939FA1B.d.A1F76CACB9D55C7481FA6CB88A80FC15.e.4513/click - {}
RESULT: {}
COMMAND: GET /session/67d6c33ae2a9e9619d576d72407b4a26/screenshot - {}
RESULT: {}
]]></system-out>
    </testcase>
    <testcase classname="chrome.137_0_7151_56.windows.Sanity_Tests_US104253" name="Should open Configure System page" time="38.584">
      <system-out><![CDATA[
COMMAND: POST /session/67d6c33ae2a9e9619d576d72407b4a26/execute/async - {"script":"<script> [1562 bytes]","args":[{"selector":{"controlType":"sap.m.GenericTile","properties":{"header":"Configure System"}},"wdio_ui5_key":"sapm.GenericTile{\"header\":\"Configure System\"}"}]}
RESULT: {"script":"<script> [1562 bytes]","args":[{"selector":{"controlType":"sap.m.GenericTile","properties":{"header":"Configure System"}},"wdio_ui5_key":"sapm.GenericTile{\"header\":\"Configure System\"}"}]}
RESULT: undefined
COMMAND: POST /session/67d6c33ae2a9e9619d576d72407b4a26/element - {"using":"xpath","value":"//*[@id=\"__tile114\"]"}
RESULT: {"using":"xpath","value":"//*[@id=\"__tile114\"]"}
COMMAND: POST /session/67d6c33ae2a9e9619d576d72407b4a26/element/f.F023B72CEECDCDADBA4F25879939FA1B.d.A1F76CACB9D55C7481FA6CB88A80FC15.e.4515/click - {}
RESULT: {}
COMMAND: GET /session/67d6c33ae2a9e9619d576d72407b4a26/screenshot - {}
RESULT: {}
COMMAND: POST /session/67d6c33ae2a9e9619d576d72407b4a26/elements - {"using":"xpath","value":"//span[text()='Error']"}
RESULT: {"using":"xpath","value":"//span[text()='Error']"}
RESULT: undefined
COMMAND: POST /session/67d6c33ae2a9e9619d576d72407b4a26/element - {"using":"xpath","value":"//*[@id=\"__tile114\"]"}
RESULT: {"using":"xpath","value":"//*[@id=\"__tile114\"]"}
COMMAND: POST /session/67d6c33ae2a9e9619d576d72407b4a26/element/f.F023B72CEECDCDADBA4F25879939FA1B.d.A1F76CACB9D55C7481FA6CB88A80FC15.e.4515/click - {}
RESULT: undefined
COMMAND: POST /session/67d6c33ae2a9e9619d576d72407b4a26/element - {"using":"xpath","value":"//*[@id=\"__tile114\"]"}
RESULT: {"using":"xpath","value":"//*[@id=\"__tile114\"]"}
COMMAND: POST /session/67d6c33ae2a9e9619d576d72407b4a26/element/f.F023B72CEECDCDADBA4F25879939FA1B.d.A1F76CACB9D55C7481FA6CB88A80FC15.e.4515/click - {}
RESULT: undefined
COMMAND: POST /session/67d6c33ae2a9e9619d576d72407b4a26/execute/async - {"script":"<script> [6424 bytes]","args":[{"element-6066-11e4-a52e-4f735466cecf":"f.F023B72CEECDCDADBA4F25879939FA1B.d.A1F76CACB9D55C7481FA6CB88A80FC15.e.288"},"getTitle",[]]}
COMMAND: POST /session/67d6c33ae2a9e9619d576d72407b4a26/execute/async - {"script":"<script> [1562 bytes]","args":[{"selector":{"id":"shellAppTitle"},"wdio_ui5_key":"shellAppTitle"}]}
RESULT: {"script":"<script> [1562 bytes]","args":[{"selector":{"id":"shellAppTitle"},"wdio_ui5_key":"shellAppTitle"}]}
COMMAND: POST /session/67d6c33ae2a9e9619d576d72407b4a26/execute/async - {"script":"<script> [6424 bytes]","args":[{"element-6066-11e4-a52e-4f735466cecf":"f.F023B72CEECDCDADBA4F25879939FA1B.d.A1F76CACB9D55C7481FA6CB88A80FC15.e.4554"},"getTitle",[]]}
RESULT: {"script":"<script> [6424 bytes]","args":[{"element-6066-11e4-a52e-4f735466cecf":"f.F023B72CEECDCDADBA4F25879939FA1B.d.A1F76CACB9D55C7481FA6CB88A80FC15.e.4554"},"getTitle",[]]}
RESULT: undefined
COMMAND: POST /session/67d6c33ae2a9e9619d576d72407b4a26/element/f.F023B72CEECDCDADBA4F25879939FA1B.d.A1F76CACB9D55C7481FA6CB88A80FC15.e.4513/click - {}
RESULT: {}
COMMAND: GET /session/67d6c33ae2a9e9619d576d72407b4a26/screenshot - {}
RESULT: {}
]]></system-out>
    </testcase>
    <testcase classname="chrome.137_0_7151_56.windows.Sanity_Tests_US104253" name="Should open Manage Classifications page" time="37.002">
      <system-out><![CDATA[
COMMAND: POST /session/67d6c33ae2a9e9619d576d72407b4a26/execute/async - {"script":"<script> [1562 bytes]","args":[{"selector":{"controlType":"sap.m.GenericTile","properties":{"header":"Manage Classifications"}},"wdio_ui5_key":"sapm.GenericTile{\"header\":\"Manage Classifications\"}"}]}
RESULT: {"script":"<script> [1562 bytes]","args":[{"selector":{"controlType":"sap.m.GenericTile","properties":{"header":"Manage Classifications"}},"wdio_ui5_key":"sapm.GenericTile{\"header\":\"Manage Classifications\"}"}]}
RESULT: undefined
COMMAND: POST /session/67d6c33ae2a9e9619d576d72407b4a26/element - {"using":"xpath","value":"//*[@id=\"__tile115\"]"}
RESULT: {"using":"xpath","value":"//*[@id=\"__tile115\"]"}
COMMAND: POST /session/67d6c33ae2a9e9619d576d72407b4a26/element/f.F023B72CEECDCDADBA4F25879939FA1B.d.A1F76CACB9D55C7481FA6CB88A80FC15.e.4558/click - {}
RESULT: {}
COMMAND: GET /session/67d6c33ae2a9e9619d576d72407b4a26/screenshot - {}
RESULT: {}
COMMAND: POST /session/67d6c33ae2a9e9619d576d72407b4a26/elements - {"using":"xpath","value":"//span[text()='Error']"}
RESULT: {"using":"xpath","value":"//span[text()='Error']"}
RESULT: undefined
COMMAND: POST /session/67d6c33ae2a9e9619d576d72407b4a26/element - {"using":"xpath","value":"//*[@id=\"__tile115\"]"}
RESULT: {"using":"xpath","value":"//*[@id=\"__tile115\"]"}
COMMAND: POST /session/67d6c33ae2a9e9619d576d72407b4a26/element/f.F023B72CEECDCDADBA4F25879939FA1B.d.A1F76CACB9D55C7481FA6CB88A80FC15.e.4558/click - {}
RESULT: undefined
COMMAND: POST /session/67d6c33ae2a9e9619d576d72407b4a26/element - {"using":"xpath","value":"//*[@id=\"__tile115\"]"}
RESULT: {"using":"xpath","value":"//*[@id=\"__tile115\"]"}
COMMAND: POST /session/67d6c33ae2a9e9619d576d72407b4a26/element/f.F023B72CEECDCDADBA4F25879939FA1B.d.A1F76CACB9D55C7481FA6CB88A80FC15.e.4558/click - {}
RESULT: undefined
COMMAND: POST /session/67d6c33ae2a9e9619d576d72407b4a26/execute/async - {"script":"<script> [6424 bytes]","args":[{"element-6066-11e4-a52e-4f735466cecf":"f.F023B72CEECDCDADBA4F25879939FA1B.d.A1F76CACB9D55C7481FA6CB88A80FC15.e.288"},"getTitle",[]]}
COMMAND: POST /session/67d6c33ae2a9e9619d576d72407b4a26/execute/async - {"script":"<script> [1562 bytes]","args":[{"selector":{"id":"shellAppTitle"},"wdio_ui5_key":"shellAppTitle"}]}
RESULT: {"script":"<script> [1562 bytes]","args":[{"selector":{"id":"shellAppTitle"},"wdio_ui5_key":"shellAppTitle"}]}
COMMAND: POST /session/67d6c33ae2a9e9619d576d72407b4a26/execute/async - {"script":"<script> [6424 bytes]","args":[{"element-6066-11e4-a52e-4f735466cecf":"f.F023B72CEECDCDADBA4F25879939FA1B.d.A1F76CACB9D55C7481FA6CB88A80FC15.e.4677"},"getTitle",[]]}
RESULT: {"script":"<script> [6424 bytes]","args":[{"element-6066-11e4-a52e-4f735466cecf":"f.F023B72CEECDCDADBA4F25879939FA1B.d.A1F76CACB9D55C7481FA6CB88A80FC15.e.4677"},"getTitle",[]]}
RESULT: undefined
COMMAND: POST /session/67d6c33ae2a9e9619d576d72407b4a26/element/f.F023B72CEECDCDADBA4F25879939FA1B.d.A1F76CACB9D55C7481FA6CB88A80FC15.e.4513/click - {}
COMMAND: POST /session/67d6c33ae2a9e9619d576d72407b4a26/element - {"using":"xpath","value":"//*[@id=\"backBtn\"]"}
RESULT: {"using":"xpath","value":"//*[@id=\"backBtn\"]"}
COMMAND: POST /session/67d6c33ae2a9e9619d576d72407b4a26/element/f.F023B72CEECDCDADBA4F25879939FA1B.d.A1F76CACB9D55C7481FA6CB88A80FC15.e.4513/click - {}
COMMAND: POST /session/67d6c33ae2a9e9619d576d72407b4a26/element - {"using":"xpath","value":"//*[@id=\"backBtn\"]"}
RESULT: {"using":"xpath","value":"//*[@id=\"backBtn\"]"}
COMMAND: POST /session/67d6c33ae2a9e9619d576d72407b4a26/element/f.F023B72CEECDCDADBA4F25879939FA1B.d.A1F76CACB9D55C7481FA6CB88A80FC15.e.4678/click - {}
RESULT: {}
COMMAND: GET /session/67d6c33ae2a9e9619d576d72407b4a26/screenshot - {}
RESULT: {}
]]></system-out>
    </testcase>
    <testcase classname="chrome.137_0_7151_56.windows.Sanity_Tests_US104253" name="Should open Data Explorer page" time="40.638">
      <system-out><![CDATA[
COMMAND: POST /session/67d6c33ae2a9e9619d576d72407b4a26/execute/async - {"script":"<script> [1562 bytes]","args":[{"selector":{"controlType":"sap.m.GenericTile","properties":{"header":"Data Explorer"}},"wdio_ui5_key":"sapm.GenericTile{\"header\":\"Data Explorer\"}"}]}
RESULT: {"script":"<script> [1562 bytes]","args":[{"selector":{"controlType":"sap.m.GenericTile","properties":{"header":"Data Explorer"}},"wdio_ui5_key":"sapm.GenericTile{\"header\":\"Data Explorer\"}"}]}
RESULT: undefined
COMMAND: POST /session/67d6c33ae2a9e9619d576d72407b4a26/element - {"using":"xpath","value":"//*[@id=\"__tile117\"]"}
RESULT: {"using":"xpath","value":"//*[@id=\"__tile117\"]"}
COMMAND: POST /session/67d6c33ae2a9e9619d576d72407b4a26/element/f.F023B72CEECDCDADBA4F25879939FA1B.d.A1F76CACB9D55C7481FA6CB88A80FC15.e.4680/click - {}
RESULT: {}
COMMAND: GET /session/67d6c33ae2a9e9619d576d72407b4a26/screenshot - {}
RESULT: {}
COMMAND: POST /session/67d6c33ae2a9e9619d576d72407b4a26/elements - {"using":"xpath","value":"//span[text()='Error']"}
RESULT: {"using":"xpath","value":"//span[text()='Error']"}
RESULT: undefined
COMMAND: POST /session/67d6c33ae2a9e9619d576d72407b4a26/element - {"using":"xpath","value":"//*[@id=\"__tile117\"]"}
RESULT: {"using":"xpath","value":"//*[@id=\"__tile117\"]"}
COMMAND: POST /session/67d6c33ae2a9e9619d576d72407b4a26/element/f.F023B72CEECDCDADBA4F25879939FA1B.d.A1F76CACB9D55C7481FA6CB88A80FC15.e.4680/click - {}
RESULT: undefined
COMMAND: POST /session/67d6c33ae2a9e9619d576d72407b4a26/element - {"using":"xpath","value":"//*[@id=\"__tile117\"]"}
RESULT: {"using":"xpath","value":"//*[@id=\"__tile117\"]"}
COMMAND: POST /session/67d6c33ae2a9e9619d576d72407b4a26/element/f.F023B72CEECDCDADBA4F25879939FA1B.d.A1F76CACB9D55C7481FA6CB88A80FC15.e.4680/click - {}
RESULT: undefined
COMMAND: POST /session/67d6c33ae2a9e9619d576d72407b4a26/execute/async - {"script":"<script> [6424 bytes]","args":[{"element-6066-11e4-a52e-4f735466cecf":"f.F023B72CEECDCDADBA4F25879939FA1B.d.A1F76CACB9D55C7481FA6CB88A80FC15.e.288"},"getTitle",[]]}
COMMAND: POST /session/67d6c33ae2a9e9619d576d72407b4a26/execute/async - {"script":"<script> [1562 bytes]","args":[{"selector":{"id":"shellAppTitle"},"wdio_ui5_key":"shellAppTitle"}]}
RESULT: {"script":"<script> [1562 bytes]","args":[{"selector":{"id":"shellAppTitle"},"wdio_ui5_key":"shellAppTitle"}]}
COMMAND: POST /session/67d6c33ae2a9e9619d576d72407b4a26/execute/async - {"script":"<script> [6424 bytes]","args":[{"element-6066-11e4-a52e-4f735466cecf":"f.F023B72CEECDCDADBA4F25879939FA1B.d.A1F76CACB9D55C7481FA6CB88A80FC15.e.4855"},"getTitle",[]]}
RESULT: {"script":"<script> [6424 bytes]","args":[{"element-6066-11e4-a52e-4f735466cecf":"f.F023B72CEECDCDADBA4F25879939FA1B.d.A1F76CACB9D55C7481FA6CB88A80FC15.e.4855"},"getTitle",[]]}
RESULT: undefined
COMMAND: POST /session/67d6c33ae2a9e9619d576d72407b4a26/element/f.F023B72CEECDCDADBA4F25879939FA1B.d.A1F76CACB9D55C7481FA6CB88A80FC15.e.4678/click - {}
RESULT: {}
COMMAND: GET /session/67d6c33ae2a9e9619d576d72407b4a26/screenshot - {}
RESULT: {}
]]></system-out>
    </testcase>
    <testcase classname="chrome.137_0_7151_56.windows.Sanity_Tests_US104253" name="Should open Performance Monitor page" time="42.732">
      <system-out><![CDATA[
COMMAND: POST /session/67d6c33ae2a9e9619d576d72407b4a26/execute/async - {"script":"<script> [1562 bytes]","args":[{"selector":{"controlType":"sap.m.GenericTile","properties":{"header":"Performance Monitor"}},"wdio_ui5_key":"sapm.GenericTile{\"header\":\"Performance Monitor\"}"}]}
RESULT: {"script":"<script> [1562 bytes]","args":[{"selector":{"controlType":"sap.m.GenericTile","properties":{"header":"Performance Monitor"}},"wdio_ui5_key":"sapm.GenericTile{\"header\":\"Performance Monitor\"}"}]}
RESULT: undefined
COMMAND: POST /session/67d6c33ae2a9e9619d576d72407b4a26/element - {"using":"xpath","value":"//*[@id=\"__tile116\"]"}
RESULT: {"using":"xpath","value":"//*[@id=\"__tile116\"]"}
COMMAND: POST /session/67d6c33ae2a9e9619d576d72407b4a26/element/f.F023B72CEECDCDADBA4F25879939FA1B.d.A1F76CACB9D55C7481FA6CB88A80FC15.e.4858/click - {}
RESULT: {}
COMMAND: GET /session/67d6c33ae2a9e9619d576d72407b4a26/screenshot - {}
RESULT: {}
COMMAND: POST /session/67d6c33ae2a9e9619d576d72407b4a26/elements - {"using":"xpath","value":"//span[text()='Error']"}
RESULT: {"using":"xpath","value":"//span[text()='Error']"}
RESULT: undefined
COMMAND: POST /session/67d6c33ae2a9e9619d576d72407b4a26/element - {"using":"xpath","value":"//*[@id=\"__tile116\"]"}
RESULT: {"using":"xpath","value":"//*[@id=\"__tile116\"]"}
COMMAND: POST /session/67d6c33ae2a9e9619d576d72407b4a26/element/f.F023B72CEECDCDADBA4F25879939FA1B.d.A1F76CACB9D55C7481FA6CB88A80FC15.e.4858/click - {}
RESULT: undefined
COMMAND: POST /session/67d6c33ae2a9e9619d576d72407b4a26/element - {"using":"xpath","value":"//*[@id=\"__tile116\"]"}
RESULT: {"using":"xpath","value":"//*[@id=\"__tile116\"]"}
COMMAND: POST /session/67d6c33ae2a9e9619d576d72407b4a26/element/f.F023B72CEECDCDADBA4F25879939FA1B.d.A1F76CACB9D55C7481FA6CB88A80FC15.e.4858/click - {}
RESULT: undefined
COMMAND: POST /session/67d6c33ae2a9e9619d576d72407b4a26/execute/async - {"script":"<script> [6424 bytes]","args":[{"element-6066-11e4-a52e-4f735466cecf":"f.F023B72CEECDCDADBA4F25879939FA1B.d.A1F76CACB9D55C7481FA6CB88A80FC15.e.288"},"getTitle",[]]}
COMMAND: POST /session/67d6c33ae2a9e9619d576d72407b4a26/execute/async - {"script":"<script> [1562 bytes]","args":[{"selector":{"id":"shellAppTitle"},"wdio_ui5_key":"shellAppTitle"}]}
RESULT: {"script":"<script> [1562 bytes]","args":[{"selector":{"id":"shellAppTitle"},"wdio_ui5_key":"shellAppTitle"}]}
COMMAND: POST /session/67d6c33ae2a9e9619d576d72407b4a26/execute/async - {"script":"<script> [6424 bytes]","args":[{"element-6066-11e4-a52e-4f735466cecf":"f.F023B72CEECDCDADBA4F25879939FA1B.d.A1F76CACB9D55C7481FA6CB88A80FC15.e.4900"},"getTitle",[]]}
RESULT: {"script":"<script> [6424 bytes]","args":[{"element-6066-11e4-a52e-4f735466cecf":"f.F023B72CEECDCDADBA4F25879939FA1B.d.A1F76CACB9D55C7481FA6CB88A80FC15.e.4900"},"getTitle",[]]}
RESULT: undefined
COMMAND: POST /session/67d6c33ae2a9e9619d576d72407b4a26/element/f.F023B72CEECDCDADBA4F25879939FA1B.d.A1F76CACB9D55C7481FA6CB88A80FC15.e.4678/click - {}
COMMAND: POST /session/67d6c33ae2a9e9619d576d72407b4a26/element - {"using":"xpath","value":"//*[@id=\"backBtn\"]"}
RESULT: {"using":"xpath","value":"//*[@id=\"backBtn\"]"}
COMMAND: POST /session/67d6c33ae2a9e9619d576d72407b4a26/element/f.F023B72CEECDCDADBA4F25879939FA1B.d.A1F76CACB9D55C7481FA6CB88A80FC15.e.4678/click - {}
COMMAND: POST /session/67d6c33ae2a9e9619d576d72407b4a26/element - {"using":"xpath","value":"//*[@id=\"backBtn\"]"}
RESULT: {"using":"xpath","value":"//*[@id=\"backBtn\"]"}
COMMAND: POST /session/67d6c33ae2a9e9619d576d72407b4a26/element/f.F023B72CEECDCDADBA4F25879939FA1B.d.A1F76CACB9D55C7481FA6CB88A80FC15.e.4901/click - {}
RESULT: {}
COMMAND: GET /session/67d6c33ae2a9e9619d576d72407b4a26/screenshot - {}
RESULT: {}
]]></system-out>
    </testcase>
    <testcase classname="chrome.137_0_7151_56.windows.Sanity_Tests_US104253" name="Should open Organizational Model page" time="36.955">
      <system-out><![CDATA[
COMMAND: POST /session/67d6c33ae2a9e9619d576d72407b4a26/execute/async - {"script":"<script> [1562 bytes]","args":[{"selector":{"controlType":"sap.m.GenericTile","properties":{"header":"Organizational Model"}},"wdio_ui5_key":"sapm.GenericTile{\"header\":\"Organizational Model\"}"}]}
RESULT: {"script":"<script> [1562 bytes]","args":[{"selector":{"controlType":"sap.m.GenericTile","properties":{"header":"Organizational Model"}},"wdio_ui5_key":"sapm.GenericTile{\"header\":\"Organizational Model\"}"}]}
RESULT: undefined
COMMAND: POST /session/67d6c33ae2a9e9619d576d72407b4a26/element - {"using":"xpath","value":"//*[@id=\"__tile120\"]"}
RESULT: {"using":"xpath","value":"//*[@id=\"__tile120\"]"}
COMMAND: POST /session/67d6c33ae2a9e9619d576d72407b4a26/element/f.F023B72CEECDCDADBA4F25879939FA1B.d.A1F76CACB9D55C7481FA6CB88A80FC15.e.4903/click - {}
RESULT: {}
COMMAND: GET /session/67d6c33ae2a9e9619d576d72407b4a26/screenshot - {}
RESULT: {}
COMMAND: POST /session/67d6c33ae2a9e9619d576d72407b4a26/elements - {"using":"xpath","value":"//span[text()='Error']"}
RESULT: {"using":"xpath","value":"//span[text()='Error']"}
RESULT: undefined
COMMAND: POST /session/67d6c33ae2a9e9619d576d72407b4a26/element - {"using":"xpath","value":"//*[@id=\"__tile120\"]"}
RESULT: {"using":"xpath","value":"//*[@id=\"__tile120\"]"}
COMMAND: POST /session/67d6c33ae2a9e9619d576d72407b4a26/element/f.F023B72CEECDCDADBA4F25879939FA1B.d.A1F76CACB9D55C7481FA6CB88A80FC15.e.4903/click - {}
RESULT: undefined
COMMAND: POST /session/67d6c33ae2a9e9619d576d72407b4a26/element - {"using":"xpath","value":"//*[@id=\"__tile120\"]"}
RESULT: {"using":"xpath","value":"//*[@id=\"__tile120\"]"}
COMMAND: POST /session/67d6c33ae2a9e9619d576d72407b4a26/element/f.F023B72CEECDCDADBA4F25879939FA1B.d.A1F76CACB9D55C7481FA6CB88A80FC15.e.4903/click - {}
RESULT: undefined
COMMAND: POST /session/67d6c33ae2a9e9619d576d72407b4a26/execute/async - {"script":"<script> [6424 bytes]","args":[{"element-6066-11e4-a52e-4f735466cecf":"f.F023B72CEECDCDADBA4F25879939FA1B.d.A1F76CACB9D55C7481FA6CB88A80FC15.e.288"},"getTitle",[]]}
COMMAND: POST /session/67d6c33ae2a9e9619d576d72407b4a26/execute/async - {"script":"<script> [1562 bytes]","args":[{"selector":{"id":"shellAppTitle"},"wdio_ui5_key":"shellAppTitle"}]}
RESULT: {"script":"<script> [1562 bytes]","args":[{"selector":{"id":"shellAppTitle"},"wdio_ui5_key":"shellAppTitle"}]}
COMMAND: POST /session/67d6c33ae2a9e9619d576d72407b4a26/execute/async - {"script":"<script> [6424 bytes]","args":[{"element-6066-11e4-a52e-4f735466cecf":"f.F023B72CEECDCDADBA4F25879939FA1B.d.A1F76CACB9D55C7481FA6CB88A80FC15.e.4922"},"getTitle",[]]}
RESULT: {"script":"<script> [6424 bytes]","args":[{"element-6066-11e4-a52e-4f735466cecf":"f.F023B72CEECDCDADBA4F25879939FA1B.d.A1F76CACB9D55C7481FA6CB88A80FC15.e.4922"},"getTitle",[]]}
RESULT: undefined
COMMAND: POST /session/67d6c33ae2a9e9619d576d72407b4a26/element/f.F023B72CEECDCDADBA4F25879939FA1B.d.A1F76CACB9D55C7481FA6CB88A80FC15.e.4901/click - {}
RESULT: {}
COMMAND: GET /session/67d6c33ae2a9e9619d576d72407b4a26/screenshot - {}
RESULT: {}
]]></system-out>
    </testcase>
    <testcase classname="chrome.137_0_7151_56.windows.Sanity_Tests_US104253" name="Should open Manage Roles page" time="36.788">
      <system-out><![CDATA[
COMMAND: POST /session/67d6c33ae2a9e9619d576d72407b4a26/execute/async - {"script":"<script> [1562 bytes]","args":[{"selector":{"controlType":"sap.m.GenericTile","properties":{"header":"Manage Roles"}},"wdio_ui5_key":"sapm.GenericTile{\"header\":\"Manage Roles\"}"}]}
RESULT: {"script":"<script> [1562 bytes]","args":[{"selector":{"controlType":"sap.m.GenericTile","properties":{"header":"Manage Roles"}},"wdio_ui5_key":"sapm.GenericTile{\"header\":\"Manage Roles\"}"}]}
RESULT: undefined
COMMAND: POST /session/67d6c33ae2a9e9619d576d72407b4a26/element - {"using":"xpath","value":"//*[@id=\"__tile119\"]"}
RESULT: {"using":"xpath","value":"//*[@id=\"__tile119\"]"}
COMMAND: POST /session/67d6c33ae2a9e9619d576d72407b4a26/element/f.F023B72CEECDCDADBA4F25879939FA1B.d.A1F76CACB9D55C7481FA6CB88A80FC15.e.4924/click - {}
RESULT: {}
COMMAND: GET /session/67d6c33ae2a9e9619d576d72407b4a26/screenshot - {}
RESULT: {}
COMMAND: POST /session/67d6c33ae2a9e9619d576d72407b4a26/elements - {"using":"xpath","value":"//span[text()='Error']"}
RESULT: {"using":"xpath","value":"//span[text()='Error']"}
RESULT: undefined
COMMAND: POST /session/67d6c33ae2a9e9619d576d72407b4a26/element - {"using":"xpath","value":"//*[@id=\"__tile119\"]"}
RESULT: {"using":"xpath","value":"//*[@id=\"__tile119\"]"}
COMMAND: POST /session/67d6c33ae2a9e9619d576d72407b4a26/element/f.F023B72CEECDCDADBA4F25879939FA1B.d.A1F76CACB9D55C7481FA6CB88A80FC15.e.4924/click - {}
RESULT: undefined
COMMAND: POST /session/67d6c33ae2a9e9619d576d72407b4a26/element - {"using":"xpath","value":"//*[@id=\"__tile119\"]"}
RESULT: {"using":"xpath","value":"//*[@id=\"__tile119\"]"}
COMMAND: POST /session/67d6c33ae2a9e9619d576d72407b4a26/element/f.F023B72CEECDCDADBA4F25879939FA1B.d.A1F76CACB9D55C7481FA6CB88A80FC15.e.4924/click - {}
RESULT: undefined
COMMAND: POST /session/67d6c33ae2a9e9619d576d72407b4a26/execute/async - {"script":"<script> [6424 bytes]","args":[{"element-6066-11e4-a52e-4f735466cecf":"f.F023B72CEECDCDADBA4F25879939FA1B.d.A1F76CACB9D55C7481FA6CB88A80FC15.e.288"},"getTitle",[]]}
COMMAND: POST /session/67d6c33ae2a9e9619d576d72407b4a26/execute/async - {"script":"<script> [1562 bytes]","args":[{"selector":{"id":"shellAppTitle"},"wdio_ui5_key":"shellAppTitle"}]}
RESULT: {"script":"<script> [1562 bytes]","args":[{"selector":{"id":"shellAppTitle"},"wdio_ui5_key":"shellAppTitle"}]}
COMMAND: POST /session/67d6c33ae2a9e9619d576d72407b4a26/execute/async - {"script":"<script> [6424 bytes]","args":[{"element-6066-11e4-a52e-4f735466cecf":"f.F023B72CEECDCDADBA4F25879939FA1B.d.A1F76CACB9D55C7481FA6CB88A80FC15.e.4968"},"getTitle",[]]}
RESULT: {"script":"<script> [6424 bytes]","args":[{"element-6066-11e4-a52e-4f735466cecf":"f.F023B72CEECDCDADBA4F25879939FA1B.d.A1F76CACB9D55C7481FA6CB88A80FC15.e.4968"},"getTitle",[]]}
RESULT: undefined
COMMAND: POST /session/67d6c33ae2a9e9619d576d72407b4a26/element/f.F023B72CEECDCDADBA4F25879939FA1B.d.A1F76CACB9D55C7481FA6CB88A80FC15.e.4901/click - {}
COMMAND: POST /session/67d6c33ae2a9e9619d576d72407b4a26/element - {"using":"xpath","value":"//*[@id=\"backBtn\"]"}
RESULT: {"using":"xpath","value":"//*[@id=\"backBtn\"]"}
COMMAND: POST /session/67d6c33ae2a9e9619d576d72407b4a26/element/f.F023B72CEECDCDADBA4F25879939FA1B.d.A1F76CACB9D55C7481FA6CB88A80FC15.e.4901/click - {}
COMMAND: POST /session/67d6c33ae2a9e9619d576d72407b4a26/element - {"using":"xpath","value":"//*[@id=\"backBtn\"]"}
RESULT: {"using":"xpath","value":"//*[@id=\"backBtn\"]"}
COMMAND: POST /session/67d6c33ae2a9e9619d576d72407b4a26/element/f.F023B72CEECDCDADBA4F25879939FA1B.d.A1F76CACB9D55C7481FA6CB88A80FC15.e.4969/click - {}
RESULT: {}
COMMAND: GET /session/67d6c33ae2a9e9619d576d72407b4a26/screenshot - {}
RESULT: {}
]]></system-out>
    </testcase>
    <testcase classname="chrome.137_0_7151_56.windows.Sanity_Tests_US104253" name="Should open Authorization Tables page" time="38.41">
      <system-out><![CDATA[
COMMAND: POST /session/67d6c33ae2a9e9619d576d72407b4a26/execute/async - {"script":"<script> [1562 bytes]","args":[{"selector":{"controlType":"sap.m.GenericTile","properties":{"header":"Authorization Tables"}},"wdio_ui5_key":"sapm.GenericTile{\"header\":\"Authorization Tables\"}"}]}
RESULT: {"script":"<script> [1562 bytes]","args":[{"selector":{"controlType":"sap.m.GenericTile","properties":{"header":"Authorization Tables"}},"wdio_ui5_key":"sapm.GenericTile{\"header\":\"Authorization Tables\"}"}]}
RESULT: undefined
COMMAND: POST /session/67d6c33ae2a9e9619d576d72407b4a26/element - {"using":"xpath","value":"//*[@id=\"__tile118\"]"}
RESULT: {"using":"xpath","value":"//*[@id=\"__tile118\"]"}
COMMAND: POST /session/67d6c33ae2a9e9619d576d72407b4a26/element/f.F023B72CEECDCDADBA4F25879939FA1B.d.A1F76CACB9D55C7481FA6CB88A80FC15.e.4971/click - {}
RESULT: {}
COMMAND: GET /session/67d6c33ae2a9e9619d576d72407b4a26/screenshot - {}
RESULT: {}
COMMAND: POST /session/67d6c33ae2a9e9619d576d72407b4a26/elements - {"using":"xpath","value":"//span[text()='Error']"}
RESULT: {"using":"xpath","value":"//span[text()='Error']"}
RESULT: undefined
COMMAND: POST /session/67d6c33ae2a9e9619d576d72407b4a26/element - {"using":"xpath","value":"//*[@id=\"__tile118\"]"}
RESULT: {"using":"xpath","value":"//*[@id=\"__tile118\"]"}
COMMAND: POST /session/67d6c33ae2a9e9619d576d72407b4a26/element/f.F023B72CEECDCDADBA4F25879939FA1B.d.A1F76CACB9D55C7481FA6CB88A80FC15.e.4971/click - {}
RESULT: undefined
COMMAND: POST /session/67d6c33ae2a9e9619d576d72407b4a26/element - {"using":"xpath","value":"//*[@id=\"__tile118\"]"}
RESULT: {"using":"xpath","value":"//*[@id=\"__tile118\"]"}
COMMAND: POST /session/67d6c33ae2a9e9619d576d72407b4a26/element/f.F023B72CEECDCDADBA4F25879939FA1B.d.A1F76CACB9D55C7481FA6CB88A80FC15.e.4971/click - {}
RESULT: undefined
COMMAND: POST /session/67d6c33ae2a9e9619d576d72407b4a26/execute/async - {"script":"<script> [6424 bytes]","args":[{"element-6066-11e4-a52e-4f735466cecf":"f.F023B72CEECDCDADBA4F25879939FA1B.d.A1F76CACB9D55C7481FA6CB88A80FC15.e.288"},"getTitle",[]]}
COMMAND: POST /session/67d6c33ae2a9e9619d576d72407b4a26/execute/async - {"script":"<script> [1562 bytes]","args":[{"selector":{"id":"shellAppTitle"},"wdio_ui5_key":"shellAppTitle"}]}
RESULT: {"script":"<script> [1562 bytes]","args":[{"selector":{"id":"shellAppTitle"},"wdio_ui5_key":"shellAppTitle"}]}
COMMAND: POST /session/67d6c33ae2a9e9619d576d72407b4a26/execute/async - {"script":"<script> [6424 bytes]","args":[{"element-6066-11e4-a52e-4f735466cecf":"f.F023B72CEECDCDADBA4F25879939FA1B.d.A1F76CACB9D55C7481FA6CB88A80FC15.e.5060"},"getTitle",[]]}
RESULT: {"script":"<script> [6424 bytes]","args":[{"element-6066-11e4-a52e-4f735466cecf":"f.F023B72CEECDCDADBA4F25879939FA1B.d.A1F76CACB9D55C7481FA6CB88A80FC15.e.5060"},"getTitle",[]]}
RESULT: undefined
COMMAND: POST /session/67d6c33ae2a9e9619d576d72407b4a26/element/f.F023B72CEECDCDADBA4F25879939FA1B.d.A1F76CACB9D55C7481FA6CB88A80FC15.e.4969/click - {}
RESULT: {}
COMMAND: GET /session/67d6c33ae2a9e9619d576d72407b4a26/screenshot - {}
RESULT: {}
]]></system-out>
    </testcase>
    <testcase classname="chrome.137_0_7151_56.windows.Sanity_Tests_US104253" name="Should open User Maintenance page" time="43.9">
      <system-out><![CDATA[
COMMAND: POST /session/67d6c33ae2a9e9619d576d72407b4a26/execute/async - {"script":"<script> [1562 bytes]","args":[{"selector":{"controlType":"sap.m.GenericTile","properties":{"header":"User Maintenance"}},"wdio_ui5_key":"sapm.GenericTile{\"header\":\"User Maintenance\"}"}]}
RESULT: {"script":"<script> [1562 bytes]","args":[{"selector":{"controlType":"sap.m.GenericTile","properties":{"header":"User Maintenance"}},"wdio_ui5_key":"sapm.GenericTile{\"header\":\"User Maintenance\"}"}]}
RESULT: undefined
COMMAND: POST /session/67d6c33ae2a9e9619d576d72407b4a26/element - {"using":"xpath","value":"//*[@id=\"__tile121\"]"}
RESULT: {"using":"xpath","value":"//*[@id=\"__tile121\"]"}
COMMAND: POST /session/67d6c33ae2a9e9619d576d72407b4a26/element/f.F023B72CEECDCDADBA4F25879939FA1B.d.A1F76CACB9D55C7481FA6CB88A80FC15.e.5062/click - {}
RESULT: {}
COMMAND: GET /session/67d6c33ae2a9e9619d576d72407b4a26/screenshot - {}
COMMAND: POST /session/67d6c33ae2a9e9619d576d72407b4a26/elements - {"using":"xpath","value":"//span[text()='Error']"}
RESULT: {}
RESULT: {"using":"xpath","value":"//span[text()='Error']"}
RESULT: undefined
COMMAND: POST /session/67d6c33ae2a9e9619d576d72407b4a26/element - {"using":"xpath","value":"//*[@id=\"__tile121\"]"}
RESULT: {"using":"xpath","value":"//*[@id=\"__tile121\"]"}
COMMAND: POST /session/67d6c33ae2a9e9619d576d72407b4a26/element/f.F023B72CEECDCDADBA4F25879939FA1B.d.A1F76CACB9D55C7481FA6CB88A80FC15.e.5062/click - {}
RESULT: undefined
COMMAND: POST /session/67d6c33ae2a9e9619d576d72407b4a26/element - {"using":"xpath","value":"//*[@id=\"__tile121\"]"}
RESULT: {"using":"xpath","value":"//*[@id=\"__tile121\"]"}
COMMAND: POST /session/67d6c33ae2a9e9619d576d72407b4a26/element/f.F023B72CEECDCDADBA4F25879939FA1B.d.A1F76CACB9D55C7481FA6CB88A80FC15.e.5062/click - {}
RESULT: undefined
COMMAND: POST /session/67d6c33ae2a9e9619d576d72407b4a26/execute/async - {"script":"<script> [6424 bytes]","args":[{"element-6066-11e4-a52e-4f735466cecf":"f.F023B72CEECDCDADBA4F25879939FA1B.d.A1F76CACB9D55C7481FA6CB88A80FC15.e.288"},"getTitle",[]]}
COMMAND: POST /session/67d6c33ae2a9e9619d576d72407b4a26/execute/async - {"script":"<script> [1562 bytes]","args":[{"selector":{"id":"shellAppTitle"},"wdio_ui5_key":"shellAppTitle"}]}
RESULT: {"script":"<script> [1562 bytes]","args":[{"selector":{"id":"shellAppTitle"},"wdio_ui5_key":"shellAppTitle"}]}
COMMAND: POST /session/67d6c33ae2a9e9619d576d72407b4a26/execute/async - {"script":"<script> [6424 bytes]","args":[{"element-6066-11e4-a52e-4f735466cecf":"f.F023B72CEECDCDADBA4F25879939FA1B.d.A1F76CACB9D55C7481FA6CB88A80FC15.e.5119"},"getTitle",[]]}
RESULT: {"script":"<script> [6424 bytes]","args":[{"element-6066-11e4-a52e-4f735466cecf":"f.F023B72CEECDCDADBA4F25879939FA1B.d.A1F76CACB9D55C7481FA6CB88A80FC15.e.5119"},"getTitle",[]]}
RESULT: undefined
COMMAND: POST /session/67d6c33ae2a9e9619d576d72407b4a26/element/f.F023B72CEECDCDADBA4F25879939FA1B.d.A1F76CACB9D55C7481FA6CB88A80FC15.e.4969/click - {}
COMMAND: POST /session/67d6c33ae2a9e9619d576d72407b4a26/element - {"using":"xpath","value":"//*[@id=\"backBtn\"]"}
RESULT: {"using":"xpath","value":"//*[@id=\"backBtn\"]"}
COMMAND: POST /session/67d6c33ae2a9e9619d576d72407b4a26/element/f.F023B72CEECDCDADBA4F25879939FA1B.d.A1F76CACB9D55C7481FA6CB88A80FC15.e.4969/click - {}
COMMAND: POST /session/67d6c33ae2a9e9619d576d72407b4a26/element - {"using":"xpath","value":"//*[@id=\"backBtn\"]"}
RESULT: {"using":"xpath","value":"//*[@id=\"backBtn\"]"}
COMMAND: POST /session/67d6c33ae2a9e9619d576d72407b4a26/element/f.F023B72CEECDCDADBA4F25879939FA1B.d.A1F76CACB9D55C7481FA6CB88A80FC15.e.5120/click - {}
RESULT: {}
COMMAND: GET /session/67d6c33ae2a9e9619d576d72407b4a26/screenshot - {}
RESULT: {}
]]></system-out>
    </testcase>
    <testcase classname="chrome.137_0_7151_56.windows.Sanity_Tests_US104253" name="Should open Schedule Jobs page" time="37.453">
      <system-out><![CDATA[
COMMAND: POST /session/67d6c33ae2a9e9619d576d72407b4a26/execute/async - {"script":"<script> [1562 bytes]","args":[{"selector":{"controlType":"sap.m.GenericTile","properties":{"header":"Schedule Jobs"}},"wdio_ui5_key":"sapm.GenericTile{\"header\":\"Schedule Jobs\"}"}]}
RESULT: {"script":"<script> [1562 bytes]","args":[{"selector":{"controlType":"sap.m.GenericTile","properties":{"header":"Schedule Jobs"}},"wdio_ui5_key":"sapm.GenericTile{\"header\":\"Schedule Jobs\"}"}]}
RESULT: undefined
COMMAND: POST /session/67d6c33ae2a9e9619d576d72407b4a26/element - {"using":"xpath","value":"//*[@id=\"__tile127\"]"}
RESULT: {"using":"xpath","value":"//*[@id=\"__tile127\"]"}
COMMAND: POST /session/67d6c33ae2a9e9619d576d72407b4a26/element/f.F023B72CEECDCDADBA4F25879939FA1B.d.A1F76CACB9D55C7481FA6CB88A80FC15.e.5124/click - {}
RESULT: {}
COMMAND: GET /session/67d6c33ae2a9e9619d576d72407b4a26/screenshot - {}
RESULT: {}
COMMAND: POST /session/67d6c33ae2a9e9619d576d72407b4a26/elements - {"using":"xpath","value":"//span[text()='Error']"}
RESULT: {"using":"xpath","value":"//span[text()='Error']"}
RESULT: undefined
COMMAND: POST /session/67d6c33ae2a9e9619d576d72407b4a26/element - {"using":"xpath","value":"//*[@id=\"__tile127\"]"}
RESULT: {"using":"xpath","value":"//*[@id=\"__tile127\"]"}
COMMAND: POST /session/67d6c33ae2a9e9619d576d72407b4a26/element/f.F023B72CEECDCDADBA4F25879939FA1B.d.A1F76CACB9D55C7481FA6CB88A80FC15.e.5124/click - {}
RESULT: undefined
COMMAND: POST /session/67d6c33ae2a9e9619d576d72407b4a26/element - {"using":"xpath","value":"//*[@id=\"__tile127\"]"}
RESULT: {"using":"xpath","value":"//*[@id=\"__tile127\"]"}
COMMAND: POST /session/67d6c33ae2a9e9619d576d72407b4a26/element/f.F023B72CEECDCDADBA4F25879939FA1B.d.A1F76CACB9D55C7481FA6CB88A80FC15.e.5124/click - {}
RESULT: undefined
COMMAND: POST /session/67d6c33ae2a9e9619d576d72407b4a26/execute/async - {"script":"<script> [6424 bytes]","args":[{"element-6066-11e4-a52e-4f735466cecf":"f.F023B72CEECDCDADBA4F25879939FA1B.d.A1F76CACB9D55C7481FA6CB88A80FC15.e.288"},"getTitle",[]]}
COMMAND: POST /session/67d6c33ae2a9e9619d576d72407b4a26/execute/async - {"script":"<script> [1562 bytes]","args":[{"selector":{"id":"shellAppTitle"},"wdio_ui5_key":"shellAppTitle"}]}
RESULT: {"script":"<script> [1562 bytes]","args":[{"selector":{"id":"shellAppTitle"},"wdio_ui5_key":"shellAppTitle"}]}
COMMAND: POST /session/67d6c33ae2a9e9619d576d72407b4a26/execute/async - {"script":"<script> [6424 bytes]","args":[{"element-6066-11e4-a52e-4f735466cecf":"f.F023B72CEECDCDADBA4F25879939FA1B.d.A1F76CACB9D55C7481FA6CB88A80FC15.e.5170"},"getTitle",[]]}
RESULT: {"script":"<script> [6424 bytes]","args":[{"element-6066-11e4-a52e-4f735466cecf":"f.F023B72CEECDCDADBA4F25879939FA1B.d.A1F76CACB9D55C7481FA6CB88A80FC15.e.5170"},"getTitle",[]]}
RESULT: undefined
COMMAND: POST /session/67d6c33ae2a9e9619d576d72407b4a26/element/f.F023B72CEECDCDADBA4F25879939FA1B.d.A1F76CACB9D55C7481FA6CB88A80FC15.e.5120/click - {}
COMMAND: POST /session/67d6c33ae2a9e9619d576d72407b4a26/element/f.F023B72CEECDCDADBA4F25879939FA1B.d.A1F76CACB9D55C7481FA6CB88A80FC15.e.5120/click - {}
RESULT: {}
COMMAND: GET /session/67d6c33ae2a9e9619d576d72407b4a26/screenshot - {}
COMMAND: POST /session/67d6c33ae2a9e9619d576d72407b4a26/element - {"using":"xpath","value":"//*[@id=\"backBtn\"]"}
RESULT: {}
RESULT: {"using":"xpath","value":"//*[@id=\"backBtn\"]"}
COMMAND: POST /session/67d6c33ae2a9e9619d576d72407b4a26/elements - {"using":"xpath","value":"//*[@id=\"backBtn\"]"}
RESULT: {"using":"xpath","value":"//*[@id=\"backBtn\"]"}
COMMAND: POST /session/67d6c33ae2a9e9619d576d72407b4a26/elements - {"using":"xpath","value":"//*[@id=\"backBtn\"]"}
RESULT: {"using":"xpath","value":"//*[@id=\"backBtn\"]"}
COMMAND: POST /session/67d6c33ae2a9e9619d576d72407b4a26/elements - {"using":"xpath","value":"//*[@id=\"backBtn\"]"}
RESULT: {"using":"xpath","value":"//*[@id=\"backBtn\"]"}
COMMAND: POST /session/67d6c33ae2a9e9619d576d72407b4a26/elements - {"using":"xpath","value":"//*[@id=\"backBtn\"]"}
RESULT: {"using":"xpath","value":"//*[@id=\"backBtn\"]"}
COMMAND: POST /session/67d6c33ae2a9e9619d576d72407b4a26/elements - {"using":"xpath","value":"//*[@id=\"backBtn\"]"}
RESULT: {"using":"xpath","value":"//*[@id=\"backBtn\"]"}
COMMAND: POST /session/67d6c33ae2a9e9619d576d72407b4a26/elements - {"using":"xpath","value":"//*[@id=\"backBtn\"]"}
RESULT: {"using":"xpath","value":"//*[@id=\"backBtn\"]"}
COMMAND: POST /session/67d6c33ae2a9e9619d576d72407b4a26/elements - {"using":"xpath","value":"//*[@id=\"backBtn\"]"}
RESULT: {"using":"xpath","value":"//*[@id=\"backBtn\"]"}
COMMAND: POST /session/67d6c33ae2a9e9619d576d72407b4a26/elements - {"using":"xpath","value":"//*[@id=\"backBtn\"]"}
RESULT: {"using":"xpath","value":"//*[@id=\"backBtn\"]"}
COMMAND: POST /session/67d6c33ae2a9e9619d576d72407b4a26/elements - {"using":"xpath","value":"//*[@id=\"backBtn\"]"}
RESULT: {"using":"xpath","value":"//*[@id=\"backBtn\"]"}
COMMAND: POST /session/67d6c33ae2a9e9619d576d72407b4a26/elements - {"using":"xpath","value":"//*[@id=\"backBtn\"]"}
RESULT: {"using":"xpath","value":"//*[@id=\"backBtn\"]"}
COMMAND: POST /session/67d6c33ae2a9e9619d576d72407b4a26/elements - {"using":"xpath","value":"//*[@id=\"backBtn\"]"}
RESULT: {"using":"xpath","value":"//*[@id=\"backBtn\"]"}
COMMAND: POST /session/67d6c33ae2a9e9619d576d72407b4a26/elements - {"using":"xpath","value":"//*[@id=\"backBtn\"]"}
RESULT: {"using":"xpath","value":"//*[@id=\"backBtn\"]"}
COMMAND: POST /session/67d6c33ae2a9e9619d576d72407b4a26/elements - {"using":"xpath","value":"//*[@id=\"backBtn\"]"}
RESULT: {"using":"xpath","value":"//*[@id=\"backBtn\"]"}
COMMAND: POST /session/67d6c33ae2a9e9619d576d72407b4a26/elements - {"using":"xpath","value":"//*[@id=\"backBtn\"]"}
RESULT: {"using":"xpath","value":"//*[@id=\"backBtn\"]"}
COMMAND: POST /session/67d6c33ae2a9e9619d576d72407b4a26/elements - {"using":"xpath","value":"//*[@id=\"backBtn\"]"}
RESULT: {"using":"xpath","value":"//*[@id=\"backBtn\"]"}
COMMAND: POST /session/67d6c33ae2a9e9619d576d72407b4a26/elements - {"using":"xpath","value":"//*[@id=\"backBtn\"]"}
RESULT: {"using":"xpath","value":"//*[@id=\"backBtn\"]"}
COMMAND: POST /session/67d6c33ae2a9e9619d576d72407b4a26/elements - {"using":"xpath","value":"//*[@id=\"backBtn\"]"}
RESULT: {"using":"xpath","value":"//*[@id=\"backBtn\"]"}
COMMAND: POST /session/67d6c33ae2a9e9619d576d72407b4a26/elements - {"using":"xpath","value":"//*[@id=\"backBtn\"]"}
RESULT: {"using":"xpath","value":"//*[@id=\"backBtn\"]"}
COMMAND: POST /session/67d6c33ae2a9e9619d576d72407b4a26/elements - {"using":"xpath","value":"//*[@id=\"backBtn\"]"}
RESULT: {"using":"xpath","value":"//*[@id=\"backBtn\"]"}
]]></system-out>
    </testcase>
    <testcase classname="chrome.137_0_7151_56.windows.Sanity_Tests_US104253" name="Should open Jobs Setup page" time="36.204">
      <system-out><![CDATA[
COMMAND: POST /session/67d6c33ae2a9e9619d576d72407b4a26/execute/async - {"script":"<script> [1562 bytes]","args":[{"selector":{"controlType":"sap.m.GenericTile","properties":{"header":"Jobs Setup"}},"wdio_ui5_key":"sapm.GenericTile{\"header\":\"Jobs Setup\"}"}]}
COMMAND: POST /session/67d6c33ae2a9e9619d576d72407b4a26/elements - {"using":"xpath","value":"//*[@id=\"backBtn\"]"}
RESULT: {"script":"<script> [1562 bytes]","args":[{"selector":{"controlType":"sap.m.GenericTile","properties":{"header":"Jobs Setup"}},"wdio_ui5_key":"sapm.GenericTile{\"header\":\"Jobs Setup\"}"}]}
RESULT: undefined
COMMAND: POST /session/67d6c33ae2a9e9619d576d72407b4a26/element - {"using":"xpath","value":"//*[@id=\"__tile128\"]"}
RESULT: {"using":"xpath","value":"//*[@id=\"backBtn\"]"}
RESULT: {"using":"xpath","value":"//*[@id=\"__tile128\"]"}
COMMAND: POST /session/67d6c33ae2a9e9619d576d72407b4a26/element/f.F023B72CEECDCDADBA4F25879939FA1B.d.A1F76CACB9D55C7481FA6CB88A80FC15.e.5172/click - {}
COMMAND: POST /session/67d6c33ae2a9e9619d576d72407b4a26/elements - {"using":"xpath","value":"//*[@id=\"backBtn\"]"}
RESULT: {}
COMMAND: GET /session/67d6c33ae2a9e9619d576d72407b4a26/screenshot - {}
RESULT: {"using":"xpath","value":"//*[@id=\"backBtn\"]"}
COMMAND: POST /session/67d6c33ae2a9e9619d576d72407b4a26/elements - {"using":"xpath","value":"//*[@id=\"backBtn\"]"}
RESULT: {}
RESULT: {"using":"xpath","value":"//*[@id=\"backBtn\"]"}
COMMAND: POST /session/67d6c33ae2a9e9619d576d72407b4a26/element - {"using":"xpath","value":"//*[@id=\"backBtn\"]"}
RESULT: {"using":"xpath","value":"//*[@id=\"backBtn\"]"}
COMMAND: POST /session/67d6c33ae2a9e9619d576d72407b4a26/element/f.F023B72CEECDCDADBA4F25879939FA1B.d.A1F76CACB9D55C7481FA6CB88A80FC15.e.5120/click - {}
COMMAND: POST /session/67d6c33ae2a9e9619d576d72407b4a26/element - {"using":"xpath","value":"//*[@id=\"backBtn\"]"}
RESULT: {"using":"xpath","value":"//*[@id=\"backBtn\"]"}
COMMAND: POST /session/67d6c33ae2a9e9619d576d72407b4a26/element/f.F023B72CEECDCDADBA4F25879939FA1B.d.A1F76CACB9D55C7481FA6CB88A80FC15.e.5366/click - {}
RESULT: {}
COMMAND: GET /session/67d6c33ae2a9e9619d576d72407b4a26/screenshot - {}
RESULT: {}
COMMAND: POST /session/67d6c33ae2a9e9619d576d72407b4a26/elements - {"using":"xpath","value":"//span[text()='Error']"}
RESULT: {"using":"xpath","value":"//span[text()='Error']"}
RESULT: undefined
COMMAND: POST /session/67d6c33ae2a9e9619d576d72407b4a26/element - {"using":"xpath","value":"//*[@id=\"__tile128\"]"}
RESULT: {"using":"xpath","value":"//*[@id=\"__tile128\"]"}
COMMAND: POST /session/67d6c33ae2a9e9619d576d72407b4a26/element/f.F023B72CEECDCDADBA4F25879939FA1B.d.A1F76CACB9D55C7481FA6CB88A80FC15.e.5172/click - {}
RESULT: undefined
COMMAND: POST /session/67d6c33ae2a9e9619d576d72407b4a26/element - {"using":"xpath","value":"//*[@id=\"__tile128\"]"}
RESULT: {"using":"xpath","value":"//*[@id=\"__tile128\"]"}
COMMAND: POST /session/67d6c33ae2a9e9619d576d72407b4a26/element/f.F023B72CEECDCDADBA4F25879939FA1B.d.A1F76CACB9D55C7481FA6CB88A80FC15.e.5172/click - {}
RESULT: undefined
COMMAND: POST /session/67d6c33ae2a9e9619d576d72407b4a26/execute/async - {"script":"<script> [6424 bytes]","args":[{"element-6066-11e4-a52e-4f735466cecf":"f.F023B72CEECDCDADBA4F25879939FA1B.d.A1F76CACB9D55C7481FA6CB88A80FC15.e.288"},"getTitle",[]]}
COMMAND: POST /session/67d6c33ae2a9e9619d576d72407b4a26/execute/async - {"script":"<script> [1562 bytes]","args":[{"selector":{"id":"shellAppTitle"},"wdio_ui5_key":"shellAppTitle"}]}
RESULT: {"script":"<script> [1562 bytes]","args":[{"selector":{"id":"shellAppTitle"},"wdio_ui5_key":"shellAppTitle"}]}
COMMAND: POST /session/67d6c33ae2a9e9619d576d72407b4a26/execute/async - {"script":"<script> [6424 bytes]","args":[{"element-6066-11e4-a52e-4f735466cecf":"f.F023B72CEECDCDADBA4F25879939FA1B.d.A1F76CACB9D55C7481FA6CB88A80FC15.e.5367"},"getTitle",[]]}
RESULT: {"script":"<script> [6424 bytes]","args":[{"element-6066-11e4-a52e-4f735466cecf":"f.F023B72CEECDCDADBA4F25879939FA1B.d.A1F76CACB9D55C7481FA6CB88A80FC15.e.5367"},"getTitle",[]]}
RESULT: undefined
COMMAND: POST /session/67d6c33ae2a9e9619d576d72407b4a26/element/f.F023B72CEECDCDADBA4F25879939FA1B.d.A1F76CACB9D55C7481FA6CB88A80FC15.e.5366/click - {}
COMMAND: POST /session/67d6c33ae2a9e9619d576d72407b4a26/element/f.F023B72CEECDCDADBA4F25879939FA1B.d.A1F76CACB9D55C7481FA6CB88A80FC15.e.5366/click - {}
RESULT: {}
COMMAND: GET /session/67d6c33ae2a9e9619d576d72407b4a26/screenshot - {}
RESULT: {}
COMMAND: GET /session/67d6c33ae2a9e9619d576d72407b4a26/screenshot - {}
RESULT: {}
RESULT: {}
]]></system-out>
    </testcase>
    <testcase classname="chrome.137_0_7151_56.windows.Sanity_Tests_US104253" name="Should open Target Systems Configuration page" time="36.248">
      <system-out><![CDATA[
COMMAND: POST /session/67d6c33ae2a9e9619d576d72407b4a26/execute/async - {"script":"<script> [1562 bytes]","args":[{"selector":{"controlType":"sap.m.GenericTile","properties":{"header":"Target Systems Configuration"}},"wdio_ui5_key":"sapm.GenericTile{\"header\":\"Target Systems Configuration\"}"}]}
RESULT: {"script":"<script> [1562 bytes]","args":[{"selector":{"controlType":"sap.m.GenericTile","properties":{"header":"Target Systems Configuration"}},"wdio_ui5_key":"sapm.GenericTile{\"header\":\"Target Systems Configuration\"}"}]}
RESULT: undefined
COMMAND: POST /session/67d6c33ae2a9e9619d576d72407b4a26/element - {"using":"xpath","value":"//*[@id=\"__tile129\"]"}
RESULT: {"using":"xpath","value":"//*[@id=\"__tile129\"]"}
COMMAND: POST /session/67d6c33ae2a9e9619d576d72407b4a26/element/f.F023B72CEECDCDADBA4F25879939FA1B.d.A1F76CACB9D55C7481FA6CB88A80FC15.e.5369/click - {}
RESULT: {}
COMMAND: GET /session/67d6c33ae2a9e9619d576d72407b4a26/screenshot - {}
RESULT: {}
COMMAND: POST /session/67d6c33ae2a9e9619d576d72407b4a26/elements - {"using":"xpath","value":"//span[text()='Error']"}
RESULT: {"using":"xpath","value":"//span[text()='Error']"}
RESULT: undefined
COMMAND: POST /session/67d6c33ae2a9e9619d576d72407b4a26/element - {"using":"xpath","value":"//*[@id=\"__tile129\"]"}
RESULT: {"using":"xpath","value":"//*[@id=\"__tile129\"]"}
COMMAND: POST /session/67d6c33ae2a9e9619d576d72407b4a26/element/f.F023B72CEECDCDADBA4F25879939FA1B.d.A1F76CACB9D55C7481FA6CB88A80FC15.e.5369/click - {}
RESULT: undefined
COMMAND: POST /session/67d6c33ae2a9e9619d576d72407b4a26/element - {"using":"xpath","value":"//*[@id=\"__tile129\"]"}
RESULT: {"using":"xpath","value":"//*[@id=\"__tile129\"]"}
COMMAND: POST /session/67d6c33ae2a9e9619d576d72407b4a26/element/f.F023B72CEECDCDADBA4F25879939FA1B.d.A1F76CACB9D55C7481FA6CB88A80FC15.e.5369/click - {}
RESULT: undefined
COMMAND: POST /session/67d6c33ae2a9e9619d576d72407b4a26/execute/async - {"script":"<script> [6424 bytes]","args":[{"element-6066-11e4-a52e-4f735466cecf":"f.F023B72CEECDCDADBA4F25879939FA1B.d.A1F76CACB9D55C7481FA6CB88A80FC15.e.288"},"getTitle",[]]}
COMMAND: POST /session/67d6c33ae2a9e9619d576d72407b4a26/execute/async - {"script":"<script> [1562 bytes]","args":[{"selector":{"id":"shellAppTitle"},"wdio_ui5_key":"shellAppTitle"}]}
RESULT: {"script":"<script> [1562 bytes]","args":[{"selector":{"id":"shellAppTitle"},"wdio_ui5_key":"shellAppTitle"}]}
COMMAND: POST /session/67d6c33ae2a9e9619d576d72407b4a26/execute/async - {"script":"<script> [6424 bytes]","args":[{"element-6066-11e4-a52e-4f735466cecf":"f.F023B72CEECDCDADBA4F25879939FA1B.d.A1F76CACB9D55C7481FA6CB88A80FC15.e.5421"},"getTitle",[]]}
RESULT: {"script":"<script> [6424 bytes]","args":[{"element-6066-11e4-a52e-4f735466cecf":"f.F023B72CEECDCDADBA4F25879939FA1B.d.A1F76CACB9D55C7481FA6CB88A80FC15.e.5421"},"getTitle",[]]}
RESULT: undefined
COMMAND: POST /session/67d6c33ae2a9e9619d576d72407b4a26/element/f.F023B72CEECDCDADBA4F25879939FA1B.d.A1F76CACB9D55C7481FA6CB88A80FC15.e.5366/click - {}
COMMAND: POST /session/67d6c33ae2a9e9619d576d72407b4a26/element/f.F023B72CEECDCDADBA4F25879939FA1B.d.A1F76CACB9D55C7481FA6CB88A80FC15.e.5366/click - {}
RESULT: {}
COMMAND: GET /session/67d6c33ae2a9e9619d576d72407b4a26/screenshot - {}
COMMAND: POST /session/67d6c33ae2a9e9619d576d72407b4a26/element - {"using":"xpath","value":"//*[@id=\"backBtn\"]"}
RESULT: {}
RESULT: {"using":"xpath","value":"//*[@id=\"backBtn\"]"}
COMMAND: POST /session/67d6c33ae2a9e9619d576d72407b4a26/elements - {"using":"xpath","value":"//*[@id=\"backBtn\"]"}
RESULT: {"using":"xpath","value":"//*[@id=\"backBtn\"]"}
COMMAND: POST /session/67d6c33ae2a9e9619d576d72407b4a26/elements - {"using":"xpath","value":"//*[@id=\"backBtn\"]"}
RESULT: {"using":"xpath","value":"//*[@id=\"backBtn\"]"}
COMMAND: POST /session/67d6c33ae2a9e9619d576d72407b4a26/elements - {"using":"xpath","value":"//*[@id=\"backBtn\"]"}
RESULT: {"using":"xpath","value":"//*[@id=\"backBtn\"]"}
COMMAND: POST /session/67d6c33ae2a9e9619d576d72407b4a26/elements - {"using":"xpath","value":"//*[@id=\"backBtn\"]"}
RESULT: {"using":"xpath","value":"//*[@id=\"backBtn\"]"}
COMMAND: POST /session/67d6c33ae2a9e9619d576d72407b4a26/elements - {"using":"xpath","value":"//*[@id=\"backBtn\"]"}
RESULT: {"using":"xpath","value":"//*[@id=\"backBtn\"]"}
COMMAND: POST /session/67d6c33ae2a9e9619d576d72407b4a26/elements - {"using":"xpath","value":"//*[@id=\"backBtn\"]"}
RESULT: {"using":"xpath","value":"//*[@id=\"backBtn\"]"}
COMMAND: POST /session/67d6c33ae2a9e9619d576d72407b4a26/elements - {"using":"xpath","value":"//*[@id=\"backBtn\"]"}
RESULT: {"using":"xpath","value":"//*[@id=\"backBtn\"]"}
COMMAND: POST /session/67d6c33ae2a9e9619d576d72407b4a26/elements - {"using":"xpath","value":"//*[@id=\"backBtn\"]"}
RESULT: {"using":"xpath","value":"//*[@id=\"backBtn\"]"}
COMMAND: POST /session/67d6c33ae2a9e9619d576d72407b4a26/elements - {"using":"xpath","value":"//*[@id=\"backBtn\"]"}
RESULT: {"using":"xpath","value":"//*[@id=\"backBtn\"]"}
COMMAND: POST /session/67d6c33ae2a9e9619d576d72407b4a26/elements - {"using":"xpath","value":"//*[@id=\"backBtn\"]"}
RESULT: {"using":"xpath","value":"//*[@id=\"backBtn\"]"}
COMMAND: POST /session/67d6c33ae2a9e9619d576d72407b4a26/elements - {"using":"xpath","value":"//*[@id=\"backBtn\"]"}
RESULT: {"using":"xpath","value":"//*[@id=\"backBtn\"]"}
COMMAND: POST /session/67d6c33ae2a9e9619d576d72407b4a26/elements - {"using":"xpath","value":"//*[@id=\"backBtn\"]"}
RESULT: {"using":"xpath","value":"//*[@id=\"backBtn\"]"}
COMMAND: POST /session/67d6c33ae2a9e9619d576d72407b4a26/elements - {"using":"xpath","value":"//*[@id=\"backBtn\"]"}
RESULT: {"using":"xpath","value":"//*[@id=\"backBtn\"]"}
COMMAND: POST /session/67d6c33ae2a9e9619d576d72407b4a26/elements - {"using":"xpath","value":"//*[@id=\"backBtn\"]"}
RESULT: {"using":"xpath","value":"//*[@id=\"backBtn\"]"}
COMMAND: POST /session/67d6c33ae2a9e9619d576d72407b4a26/elements - {"using":"xpath","value":"//*[@id=\"backBtn\"]"}
RESULT: {"using":"xpath","value":"//*[@id=\"backBtn\"]"}
COMMAND: POST /session/67d6c33ae2a9e9619d576d72407b4a26/elements - {"using":"xpath","value":"//*[@id=\"backBtn\"]"}
RESULT: {"using":"xpath","value":"//*[@id=\"backBtn\"]"}
COMMAND: POST /session/67d6c33ae2a9e9619d576d72407b4a26/elements - {"using":"xpath","value":"//*[@id=\"backBtn\"]"}
RESULT: {"using":"xpath","value":"//*[@id=\"backBtn\"]"}
COMMAND: POST /session/67d6c33ae2a9e9619d576d72407b4a26/elements - {"using":"xpath","value":"//*[@id=\"backBtn\"]"}
RESULT: {"using":"xpath","value":"//*[@id=\"backBtn\"]"}
COMMAND: POST /session/67d6c33ae2a9e9619d576d72407b4a26/elements - {"using":"xpath","value":"//*[@id=\"backBtn\"]"}
RESULT: {"using":"xpath","value":"//*[@id=\"backBtn\"]"}
COMMAND: POST /session/67d6c33ae2a9e9619d576d72407b4a26/elements - {"using":"xpath","value":"//*[@id=\"backBtn\"]"}
RESULT: {"using":"xpath","value":"//*[@id=\"backBtn\"]"}
COMMAND: POST /session/67d6c33ae2a9e9619d576d72407b4a26/elements - {"using":"xpath","value":"//*[@id=\"backBtn\"]"}
RESULT: {"using":"xpath","value":"//*[@id=\"backBtn\"]"}
COMMAND: POST /session/67d6c33ae2a9e9619d576d72407b4a26/elements - {"using":"xpath","value":"//*[@id=\"backBtn\"]"}
RESULT: {"using":"xpath","value":"//*[@id=\"backBtn\"]"}
COMMAND: POST /session/67d6c33ae2a9e9619d576d72407b4a26/elements - {"using":"xpath","value":"//*[@id=\"backBtn\"]"}
RESULT: {"using":"xpath","value":"//*[@id=\"backBtn\"]"}
COMMAND: POST /session/67d6c33ae2a9e9619d576d72407b4a26/elements - {"using":"xpath","value":"//*[@id=\"backBtn\"]"}
RESULT: {"using":"xpath","value":"//*[@id=\"backBtn\"]"}
COMMAND: POST /session/67d6c33ae2a9e9619d576d72407b4a26/elements - {"using":"xpath","value":"//*[@id=\"backBtn\"]"}
RESULT: {"using":"xpath","value":"//*[@id=\"backBtn\"]"}
COMMAND: POST /session/67d6c33ae2a9e9619d576d72407b4a26/elements - {"using":"xpath","value":"//*[@id=\"backBtn\"]"}
RESULT: {"using":"xpath","value":"//*[@id=\"backBtn\"]"}
COMMAND: POST /session/67d6c33ae2a9e9619d576d72407b4a26/elements - {"using":"xpath","value":"//*[@id=\"backBtn\"]"}
RESULT: {"using":"xpath","value":"//*[@id=\"backBtn\"]"}
COMMAND: POST /session/67d6c33ae2a9e9619d576d72407b4a26/elements - {"using":"xpath","value":"//*[@id=\"backBtn\"]"}
RESULT: {"using":"xpath","value":"//*[@id=\"backBtn\"]"}
COMMAND: POST /session/67d6c33ae2a9e9619d576d72407b4a26/elements - {"using":"xpath","value":"//*[@id=\"backBtn\"]"}
RESULT: {"using":"xpath","value":"//*[@id=\"backBtn\"]"}
COMMAND: POST /session/67d6c33ae2a9e9619d576d72407b4a26/elements - {"using":"xpath","value":"//*[@id=\"backBtn\"]"}
RESULT: {"using":"xpath","value":"//*[@id=\"backBtn\"]"}
COMMAND: POST /session/67d6c33ae2a9e9619d576d72407b4a26/elements - {"using":"xpath","value":"//*[@id=\"backBtn\"]"}
RESULT: {"using":"xpath","value":"//*[@id=\"backBtn\"]"}
COMMAND: POST /session/67d6c33ae2a9e9619d576d72407b4a26/elements - {"using":"xpath","value":"//*[@id=\"backBtn\"]"}
RESULT: {"using":"xpath","value":"//*[@id=\"backBtn\"]"}
COMMAND: POST /session/67d6c33ae2a9e9619d576d72407b4a26/elements - {"using":"xpath","value":"//*[@id=\"backBtn\"]"}
RESULT: {"using":"xpath","value":"//*[@id=\"backBtn\"]"}
COMMAND: POST /session/67d6c33ae2a9e9619d576d72407b4a26/elements - {"using":"xpath","value":"//*[@id=\"backBtn\"]"}
RESULT: {"using":"xpath","value":"//*[@id=\"backBtn\"]"}
COMMAND: POST /session/67d6c33ae2a9e9619d576d72407b4a26/elements - {"using":"xpath","value":"//*[@id=\"backBtn\"]"}
RESULT: {"using":"xpath","value":"//*[@id=\"backBtn\"]"}
COMMAND: POST /session/67d6c33ae2a9e9619d576d72407b4a26/elements - {"using":"xpath","value":"//*[@id=\"backBtn\"]"}
RESULT: {"using":"xpath","value":"//*[@id=\"backBtn\"]"}
COMMAND: POST /session/67d6c33ae2a9e9619d576d72407b4a26/elements - {"using":"xpath","value":"//*[@id=\"backBtn\"]"}
RESULT: {"using":"xpath","value":"//*[@id=\"backBtn\"]"}
COMMAND: DELETE /session/67d6c33ae2a9e9619d576d72407b4a26 - {}
RESULT: {}
]]></system-out>
    </testcase>
  </testsuite>
</testsuites>