<?xml version="1.0" encoding="UTF-8"?>
<testsuites tests="5" failures="5" errors="5" skipped="0">
  <testsuite timestamp="2025-05-11T18:02:55" time="309.299" tests="5" failures="5" errors="5" skipped="0">
    <properties>
      <property name="specId" value="0" />
      <property name="suiteName" value="Address Management Tests US151165 US151160" />
      <property name="capabilities" value="chrome.136_0_7103_49.windows" />
      <property name="file" value="file:///D:/a/1/s/test/specs/BTS/address-management.spec.js" />
    </properties>
  </testsuite>
</testsuites>