<?xml version="1.0" encoding="UTF-8"?>
<testsuites tests="18" failures="4" errors="4" skipped="2">
  <testsuite timestamp="2025-05-23T17:30:39" time="1696" tests="14" failures="1" errors="1" skipped="2">
    <properties>
      <property name="specId" value="0"/>
      <property name="suiteName" value="Partner specific tests US150819 US151080 US151654 US151176 US103444 US151078 US151079 US151109 US151174 US151175 US151189"/>
      <property name="capabilities" value="chrome.136_0_7103_93.windows"/>
      <property name="file" value="file:///D:/a/1/s/test/specs/BTS/manage-partners.spec.js"/>
    </properties>
    <testcase classname="chrome.136_0_7103_93.windows.Partner_specific_tests_US150819_US151080_US151654_US151176_US103444_US151078_US151079_US151109_US151174_US151175_US151189" name="Should create a new yard prerequisite" time="139.786">
      <system-out><![CDATA[
COMMAND: POST /session/8d9404e4e9bea3f53a5c3520fcd44aec/window/fullscreen - {}
RESULT: {}
COMMAND: POST /session/8d9404e4e9bea3f53a5c3520fcd44aec/element - {"using":"xpath","value":"//li[.//span[text()=\"Manage Partners\"]]"}
RESULT: {"using":"xpath","value":"//li[.//span[text()=\"Manage Partners\"]]"}
COMMAND: POST /session/8d9404e4e9bea3f53a5c3520fcd44aec/element - {"using":"xpath","value":"//li[.//span[text()=\"Manage Partners\"]]"}
RESULT: {"using":"xpath","value":"//li[.//span[text()=\"Manage Partners\"]]"}
COMMAND: POST /session/8d9404e4e9bea3f53a5c3520fcd44aec/element - {"using":"css selector","value":"#shell-header-logo"}
RESULT: {"using":"css selector","value":"#shell-header-logo"}
COMMAND: POST /session/8d9404e4e9bea3f53a5c3520fcd44aec/element/f.7EA17D048601C53176965B9346C1EB3C.d.79570417F4A103FF238DB536A2B53946.e.264/click - {}
COMMAND: POST /session/8d9404e4e9bea3f53a5c3520fcd44aec/execute/sync - {"script":"<script> [8489 bytes]","args":[{"element-6066-11e4-a52e-4f735466cecf":"f.7EA17D048601C53176965B9346C1EB3C.d.79570417F4A103FF238DB536A2B53946.e.264","ELEMENT":"f.7EA17D048601C53176965B9346C1EB3C.d.79570417F4A103FF238DB536A2B53946.e.264"}]}
RESULT: {}
COMMAND: GET /session/8d9404e4e9bea3f53a5c3520fcd44aec/screenshot - {}
RESULT: {"script":"<script> [8489 bytes]","args":[{"element-6066-11e4-a52e-4f735466cecf":"f.7EA17D048601C53176965B9346C1EB3C.d.79570417F4A103FF238DB536A2B53946.e.264","ELEMENT":"f.7EA17D048601C53176965B9346C1EB3C.d.79570417F4A103FF238DB536A2B53946.e.264"}]}
COMMAND: POST /session/8d9404e4e9bea3f53a5c3520fcd44aec/execute/sync - {"script":"<script> [5351 bytes]","args":[{"element-6066-11e4-a52e-4f735466cecf":"f.7EA17D048601C53176965B9346C1EB3C.d.79570417F4A103FF238DB536A2B53946.e.264","ELEMENT":"f.7EA17D048601C53176965B9346C1EB3C.d.79570417F4A103FF238DB536A2B53946.e.264"}]}
COMMAND: GET /session/8d9404e4e9bea3f53a5c3520fcd44aec/screenshot - {}
RESULT: {}
RESULT: {"script":"<script> [5351 bytes]","args":[{"element-6066-11e4-a52e-4f735466cecf":"f.7EA17D048601C53176965B9346C1EB3C.d.79570417F4A103FF238DB536A2B53946.e.264","ELEMENT":"f.7EA17D048601C53176965B9346C1EB3C.d.79570417F4A103FF238DB536A2B53946.e.264"}]}
COMMAND: GET /session/8d9404e4e9bea3f53a5c3520fcd44aec/screenshot - {}
RESULT: {}
RESULT: {}
COMMAND: POST /session/8d9404e4e9bea3f53a5c3520fcd44aec/execute/async - {"script":"<script> [1562 bytes]","args":[{"selector":{"controlType":"sap.m.GenericTile","properties":{"header":"Manage Yards"}},"wdio_ui5_key":"sapm.GenericTile{\"header\":\"Manage Yards\"}"}]}
RESULT: {"script":"<script> [1562 bytes]","args":[{"selector":{"controlType":"sap.m.GenericTile","properties":{"header":"Manage Yards"}},"wdio_ui5_key":"sapm.GenericTile{\"header\":\"Manage Yards\"}"}]}
RESULT: undefined
COMMAND: POST /session/8d9404e4e9bea3f53a5c3520fcd44aec/element - {"using":"xpath","value":"//*[@id=\"__tile41\"]"}
RESULT: {"using":"xpath","value":"//*[@id=\"__tile41\"]"}
COMMAND: POST /session/8d9404e4e9bea3f53a5c3520fcd44aec/element/f.7EA17D048601C53176965B9346C1EB3C.d.79570417F4A103FF238DB536A2B53946.e.163/click - {}
RESULT: {}
COMMAND: GET /session/8d9404e4e9bea3f53a5c3520fcd44aec/screenshot - {}
RESULT: {}
COMMAND: POST /session/8d9404e4e9bea3f53a5c3520fcd44aec/elements - {"using":"xpath","value":"//span[text()='Error']"}
RESULT: {"using":"xpath","value":"//span[text()='Error']"}
COMMAND: POST /session/8d9404e4e9bea3f53a5c3520fcd44aec/element - {"using":"xpath","value":"//button[@data-kt=\"addNewYardOverflowToolbarButton\"]"}
RESULT: {"using":"xpath","value":"//button[@data-kt=\"addNewYardOverflowToolbarButton\"]"}
COMMAND: POST /session/8d9404e4e9bea3f53a5c3520fcd44aec/elements - {"using":"xpath","value":"//button[@data-kt=\"addNewYardOverflowToolbarButton\"]"}
RESULT: {"using":"xpath","value":"//button[@data-kt=\"addNewYardOverflowToolbarButton\"]"}
COMMAND: POST /session/8d9404e4e9bea3f53a5c3520fcd44aec/elements - {"using":"xpath","value":"//button[@data-kt=\"addNewYardOverflowToolbarButton\"]"}
RESULT: {"using":"xpath","value":"//button[@data-kt=\"addNewYardOverflowToolbarButton\"]"}
COMMAND: POST /session/8d9404e4e9bea3f53a5c3520fcd44aec/elements - {"using":"xpath","value":"//button[@data-kt=\"addNewYardOverflowToolbarButton\"]"}
RESULT: {"using":"xpath","value":"//button[@data-kt=\"addNewYardOverflowToolbarButton\"]"}
COMMAND: POST /session/8d9404e4e9bea3f53a5c3520fcd44aec/elements - {"using":"xpath","value":"//button[@data-kt=\"addNewYardOverflowToolbarButton\"]"}
RESULT: {"using":"xpath","value":"//button[@data-kt=\"addNewYardOverflowToolbarButton\"]"}
COMMAND: POST /session/8d9404e4e9bea3f53a5c3520fcd44aec/elements - {"using":"xpath","value":"//button[@data-kt=\"addNewYardOverflowToolbarButton\"]"}
RESULT: {"using":"xpath","value":"//button[@data-kt=\"addNewYardOverflowToolbarButton\"]"}
COMMAND: POST /session/8d9404e4e9bea3f53a5c3520fcd44aec/elements - {"using":"xpath","value":"//button[@data-kt=\"addNewYardOverflowToolbarButton\"]"}
RESULT: {"using":"xpath","value":"//button[@data-kt=\"addNewYardOverflowToolbarButton\"]"}
COMMAND: POST /session/8d9404e4e9bea3f53a5c3520fcd44aec/elements - {"using":"xpath","value":"//button[@data-kt=\"addNewYardOverflowToolbarButton\"]"}
RESULT: {"using":"xpath","value":"//button[@data-kt=\"addNewYardOverflowToolbarButton\"]"}
COMMAND: POST /session/8d9404e4e9bea3f53a5c3520fcd44aec/elements - {"using":"xpath","value":"//button[@data-kt=\"addNewYardOverflowToolbarButton\"]"}
RESULT: {"using":"xpath","value":"//button[@data-kt=\"addNewYardOverflowToolbarButton\"]"}
COMMAND: POST /session/8d9404e4e9bea3f53a5c3520fcd44aec/elements - {"using":"xpath","value":"//button[@data-kt=\"addNewYardOverflowToolbarButton\"]"}
RESULT: {"using":"xpath","value":"//button[@data-kt=\"addNewYardOverflowToolbarButton\"]"}
COMMAND: POST /session/8d9404e4e9bea3f53a5c3520fcd44aec/elements - {"using":"xpath","value":"//button[@data-kt=\"addNewYardOverflowToolbarButton\"]"}
RESULT: {"using":"xpath","value":"//button[@data-kt=\"addNewYardOverflowToolbarButton\"]"}
COMMAND: POST /session/8d9404e4e9bea3f53a5c3520fcd44aec/elements - {"using":"xpath","value":"//button[@data-kt=\"addNewYardOverflowToolbarButton\"]"}
RESULT: {"using":"xpath","value":"//button[@data-kt=\"addNewYardOverflowToolbarButton\"]"}
COMMAND: POST /session/8d9404e4e9bea3f53a5c3520fcd44aec/elements - {"using":"xpath","value":"//button[@data-kt=\"addNewYardOverflowToolbarButton\"]"}
RESULT: {"using":"xpath","value":"//button[@data-kt=\"addNewYardOverflowToolbarButton\"]"}
COMMAND: POST /session/8d9404e4e9bea3f53a5c3520fcd44aec/element - {"using":"xpath","value":"//button[@data-kt=\"addNewYardOverflowToolbarButton\"]"}
RESULT: {"using":"xpath","value":"//button[@data-kt=\"addNewYardOverflowToolbarButton\"]"}
COMMAND: POST /session/8d9404e4e9bea3f53a5c3520fcd44aec/execute/sync - {"script":"<script> [8489 bytes]","args":[{"element-6066-11e4-a52e-4f735466cecf":"f.7EA17D048601C53176965B9346C1EB3C.d.79570417F4A103FF238DB536A2B53946.e.297","ELEMENT":"f.7EA17D048601C53176965B9346C1EB3C.d.79570417F4A103FF238DB536A2B53946.e.297"}]}
RESULT: {"script":"<script> [8489 bytes]","args":[{"element-6066-11e4-a52e-4f735466cecf":"f.7EA17D048601C53176965B9346C1EB3C.d.79570417F4A103FF238DB536A2B53946.e.297","ELEMENT":"f.7EA17D048601C53176965B9346C1EB3C.d.79570417F4A103FF238DB536A2B53946.e.297"}]}
COMMAND: GET /session/8d9404e4e9bea3f53a5c3520fcd44aec/element/f.7EA17D048601C53176965B9346C1EB3C.d.79570417F4A103FF238DB536A2B53946.e.297/enabled - {}
COMMAND: GET /session/8d9404e4e9bea3f53a5c3520fcd44aec/screenshot - {}
RESULT: {}
COMMAND: POST /session/8d9404e4e9bea3f53a5c3520fcd44aec/execute/sync - {"script":"<script> [8489 bytes]","args":[{"element-6066-11e4-a52e-4f735466cecf":"f.7EA17D048601C53176965B9346C1EB3C.d.79570417F4A103FF238DB536A2B53946.e.297","ELEMENT":"f.7EA17D048601C53176965B9346C1EB3C.d.79570417F4A103FF238DB536A2B53946.e.297"}]}
COMMAND: GET /session/8d9404e4e9bea3f53a5c3520fcd44aec/screenshot - {}
RESULT: {}
RESULT: {"script":"<script> [8489 bytes]","args":[{"element-6066-11e4-a52e-4f735466cecf":"f.7EA17D048601C53176965B9346C1EB3C.d.79570417F4A103FF238DB536A2B53946.e.297","ELEMENT":"f.7EA17D048601C53176965B9346C1EB3C.d.79570417F4A103FF238DB536A2B53946.e.297"}]}
COMMAND: POST /session/8d9404e4e9bea3f53a5c3520fcd44aec/execute/sync - {"script":"<script> [5351 bytes]","args":[{"element-6066-11e4-a52e-4f735466cecf":"f.7EA17D048601C53176965B9346C1EB3C.d.79570417F4A103FF238DB536A2B53946.e.297","ELEMENT":"f.7EA17D048601C53176965B9346C1EB3C.d.79570417F4A103FF238DB536A2B53946.e.297"}]}
COMMAND: GET /session/8d9404e4e9bea3f53a5c3520fcd44aec/screenshot - {}
RESULT: {}
RESULT: {"script":"<script> [5351 bytes]","args":[{"element-6066-11e4-a52e-4f735466cecf":"f.7EA17D048601C53176965B9346C1EB3C.d.79570417F4A103FF238DB536A2B53946.e.297","ELEMENT":"f.7EA17D048601C53176965B9346C1EB3C.d.79570417F4A103FF238DB536A2B53946.e.297"}]}
COMMAND: POST /session/8d9404e4e9bea3f53a5c3520fcd44aec/element/f.7EA17D048601C53176965B9346C1EB3C.d.79570417F4A103FF238DB536A2B53946.e.297/click - {}
COMMAND: GET /session/8d9404e4e9bea3f53a5c3520fcd44aec/screenshot - {}
RESULT: {}
RESULT: {}
COMMAND: GET /session/8d9404e4e9bea3f53a5c3520fcd44aec/screenshot - {}
COMMAND: POST /session/8d9404e4e9bea3f53a5c3520fcd44aec/element - {"using":"xpath","value":"//input[@id=\"application-manageyards-display-component---NewYard--yardId-inner\"]"}
RESULT: {}
RESULT: {}
RESULT: {"using":"xpath","value":"//input[@id=\"application-manageyards-display-component---NewYard--yardId-inner\"]"}
COMMAND: POST /session/8d9404e4e9bea3f53a5c3520fcd44aec/element - {"using":"xpath","value":"//input[@id=\"application-manageyards-display-component---NewYard--yardId-inner\"]"}
RESULT: {"using":"xpath","value":"//input[@id=\"application-manageyards-display-component---NewYard--yardId-inner\"]"}
COMMAND: POST /session/8d9404e4e9bea3f53a5c3520fcd44aec/execute/async - {"script":"<script> [1562 bytes]","args":[{"selector":{"id":"application-manageyards-display-component---NewYard--addressDetailDetailsName1","interaction":{"idSuffix":"inner"}},"wdio_ui5_key":"applicationmanageyards-display-component---NewYard--addressDetailDetailsName1"}]}
RESULT: {"script":"<script> [1562 bytes]","args":[{"selector":{"id":"application-manageyards-display-component---NewYard--addressDetailDetailsName1","interaction":{"idSuffix":"inner"}},"wdio_ui5_key":"applicationmanageyards-display-component---NewYard--addressDetailDetailsName1"}]}
RESULT: undefined
COMMAND: POST /session/8d9404e4e9bea3f53a5c3520fcd44aec/execute/async - {"script":"<script> [776 bytes]","args":[{"enterText":"Intracompany Yard wdIO","selector":{"id":"application-manageyards-display-component---NewYard--addressDetailDetailsName1","interaction":{"idSuffix":"inner"}},"clearTextFirst":true,"interactionType":"ENTER_TEXT"}]}
RESULT: {"script":"<script> [776 bytes]","args":[{"enterText":"Intracompany Yard wdIO","selector":{"id":"application-manageyards-display-component---NewYard--addressDetailDetailsName1","interaction":{"idSuffix":"inner"}},"clearTextFirst":true,"interactionType":"ENTER_TEXT"}]}
COMMAND: POST /session/8d9404e4e9bea3f53a5c3520fcd44aec/execute/async - {"script":"<script> [1562 bytes]","args":[{"selector":{"id":"application-manageyards-display-component---NewYard--addressDetailDetailsLanguage-arrow"},"wdio_ui5_key":"applicationmanageyards-display-component---NewYard--addressDetailDetailsLanguage-arrow"}]}
RESULT: {"script":"<script> [1562 bytes]","args":[{"selector":{"id":"application-manageyards-display-component---NewYard--addressDetailDetailsLanguage-arrow"},"wdio_ui5_key":"applicationmanageyards-display-component---NewYard--addressDetailDetailsLanguage-arrow"}]}
RESULT: undefined
COMMAND: POST /session/8d9404e4e9bea3f53a5c3520fcd44aec/element - {"using":"xpath","value":"//*[@id=\"application-manageyards-display-component---NewYard--addressDetailDetailsLanguage-arrow\"]"}
RESULT: {"using":"xpath","value":"//*[@id=\"application-manageyards-display-component---NewYard--addressDetailDetailsLanguage-arrow\"]"}
COMMAND: POST /session/8d9404e4e9bea3f53a5c3520fcd44aec/element/f.7EA17D048601C53176965B9346C1EB3C.d.79570417F4A103FF238DB536A2B53946.e.727/click - {}
RESULT: {}
COMMAND: POST /session/8d9404e4e9bea3f53a5c3520fcd44aec/element - {"using":"xpath","value":"//span[contains(text(), \"English\")]"}
COMMAND: GET /session/8d9404e4e9bea3f53a5c3520fcd44aec/screenshot - {}
RESULT: {"using":"xpath","value":"//span[contains(text(), \"English\")]"}
COMMAND: POST /session/8d9404e4e9bea3f53a5c3520fcd44aec/element/f.7EA17D048601C53176965B9346C1EB3C.d.79570417F4A103FF238DB536A2B53946.e.728/click - {}
RESULT: {}
RESULT: {}
COMMAND: POST /session/8d9404e4e9bea3f53a5c3520fcd44aec/execute/async - {"script":"<script> [1562 bytes]","args":[{"selector":{"id":"application-manageyards-display-component---NewYard--addressDetailDetailsCity1","interaction":{"idSuffix":"inner"}},"wdio_ui5_key":"applicationmanageyards-display-component---NewYard--addressDetailDetailsCity1"}]}
COMMAND: GET /session/8d9404e4e9bea3f53a5c3520fcd44aec/screenshot - {}
RESULT: {"script":"<script> [1562 bytes]","args":[{"selector":{"id":"application-manageyards-display-component---NewYard--addressDetailDetailsCity1","interaction":{"idSuffix":"inner"}},"wdio_ui5_key":"applicationmanageyards-display-component---NewYard--addressDetailDetailsCity1"}]}
RESULT: undefined
COMMAND: POST /session/8d9404e4e9bea3f53a5c3520fcd44aec/execute/async - {"script":"<script> [776 bytes]","args":[{"enterText":"Rosario","selector":{"id":"application-manageyards-display-component---NewYard--addressDetailDetailsCity1","interaction":{"idSuffix":"inner"}},"clearTextFirst":true,"interactionType":"ENTER_TEXT"}]}
RESULT: {}
RESULT: {"script":"<script> [776 bytes]","args":[{"enterText":"Rosario","selector":{"id":"application-manageyards-display-component---NewYard--addressDetailDetailsCity1","interaction":{"idSuffix":"inner"}},"clearTextFirst":true,"interactionType":"ENTER_TEXT"}]}
COMMAND: POST /session/8d9404e4e9bea3f53a5c3520fcd44aec/execute/async - {"script":"<script> [1562 bytes]","args":[{"selector":{"id":"application-manageyards-display-component---NewYard--addressDetailDetailsCountry-arrow"},"wdio_ui5_key":"applicationmanageyards-display-component---NewYard--addressDetailDetailsCountry-arrow"}]}
RESULT: {"script":"<script> [1562 bytes]","args":[{"selector":{"id":"application-manageyards-display-component---NewYard--addressDetailDetailsCountry-arrow"},"wdio_ui5_key":"applicationmanageyards-display-component---NewYard--addressDetailDetailsCountry-arrow"}]}
RESULT: undefined
COMMAND: POST /session/8d9404e4e9bea3f53a5c3520fcd44aec/element - {"using":"xpath","value":"//*[@id=\"application-manageyards-display-component---NewYard--addressDetailDetailsCountry-arrow\"]"}
RESULT: {"using":"xpath","value":"//*[@id=\"application-manageyards-display-component---NewYard--addressDetailDetailsCountry-arrow\"]"}
COMMAND: POST /session/8d9404e4e9bea3f53a5c3520fcd44aec/element/f.7EA17D048601C53176965B9346C1EB3C.d.79570417F4A103FF238DB536A2B53946.e.730/click - {}
RESULT: {}
COMMAND: POST /session/8d9404e4e9bea3f53a5c3520fcd44aec/element - {"using":"xpath","value":"//span[contains(text(), \"Argentina\")]"}
COMMAND: GET /session/8d9404e4e9bea3f53a5c3520fcd44aec/screenshot - {}
RESULT: {"using":"xpath","value":"//span[contains(text(), \"Argentina\")]"}
COMMAND: POST /session/8d9404e4e9bea3f53a5c3520fcd44aec/element/f.7EA17D048601C53176965B9346C1EB3C.d.79570417F4A103FF238DB536A2B53946.e.731/click - {}
RESULT: {}
RESULT: {}
COMMAND: POST /session/8d9404e4e9bea3f53a5c3520fcd44aec/execute/async - {"script":"<script> [1562 bytes]","args":[{"selector":{"id":"application-manageyards-display-component---NewYard--addressEditDetailsCostObjectCstType-arrow"},"wdio_ui5_key":"applicationmanageyards-display-component---NewYard--addressEditDetailsCostObjectCstType-arrow"}]}
COMMAND: GET /session/8d9404e4e9bea3f53a5c3520fcd44aec/screenshot - {}
RESULT: {"script":"<script> [1562 bytes]","args":[{"selector":{"id":"application-manageyards-display-component---NewYard--addressEditDetailsCostObjectCstType-arrow"},"wdio_ui5_key":"applicationmanageyards-display-component---NewYard--addressEditDetailsCostObjectCstType-arrow"}]}
RESULT: undefined
COMMAND: POST /session/8d9404e4e9bea3f53a5c3520fcd44aec/element - {"using":"xpath","value":"//*[@id=\"application-manageyards-display-component---NewYard--addressEditDetailsCostObjectCstType-arrow\"]"}
RESULT: {}
RESULT: {"using":"xpath","value":"//*[@id=\"application-manageyards-display-component---NewYard--addressEditDetailsCostObjectCstType-arrow\"]"}
COMMAND: POST /session/8d9404e4e9bea3f53a5c3520fcd44aec/element/f.7EA17D048601C53176965B9346C1EB3C.d.79570417F4A103FF238DB536A2B53946.e.733/click - {}
RESULT: {}
COMMAND: POST /session/8d9404e4e9bea3f53a5c3520fcd44aec/element - {"using":"xpath","value":"//span[contains(text(), \"Cost Center\")]"}
COMMAND: GET /session/8d9404e4e9bea3f53a5c3520fcd44aec/screenshot - {}
RESULT: {"using":"xpath","value":"//span[contains(text(), \"Cost Center\")]"}
COMMAND: POST /session/8d9404e4e9bea3f53a5c3520fcd44aec/element/f.7EA17D048601C53176965B9346C1EB3C.d.79570417F4A103FF238DB536A2B53946.e.734/click - {}
RESULT: {}
RESULT: {}
COMMAND: GET /session/8d9404e4e9bea3f53a5c3520fcd44aec/screenshot - {}
RESULT: {}
COMMAND: POST /session/8d9404e4e9bea3f53a5c3520fcd44aec/element - {"using":"xpath","value":"//span[@id=\"application-manageyards-display-component---NewYard--addressNewCostObjectCstID-vhi\"]"}
RESULT: {"using":"xpath","value":"//span[@id=\"application-manageyards-display-component---NewYard--addressNewCostObjectCstID-vhi\"]"}
COMMAND: POST /session/8d9404e4e9bea3f53a5c3520fcd44aec/execute/sync - {"script":"<script> [8489 bytes]","args":[{"element-6066-11e4-a52e-4f735466cecf":"f.7EA17D048601C53176965B9346C1EB3C.d.79570417F4A103FF238DB536A2B53946.e.738","ELEMENT":"f.7EA17D048601C53176965B9346C1EB3C.d.79570417F4A103FF238DB536A2B53946.e.738"}]}
RESULT: {"script":"<script> [8489 bytes]","args":[{"element-6066-11e4-a52e-4f735466cecf":"f.7EA17D048601C53176965B9346C1EB3C.d.79570417F4A103FF238DB536A2B53946.e.738","ELEMENT":"f.7EA17D048601C53176965B9346C1EB3C.d.79570417F4A103FF238DB536A2B53946.e.738"}]}
COMMAND: POST /session/8d9404e4e9bea3f53a5c3520fcd44aec/execute/async - {"script":"<script> [1562 bytes]","args":[{"selector":{"id":"application-manageyards-display-component---NewYard--addressNewCostObjectCstID-vhi"},"wdio_ui5_key":"applicationmanageyards-display-component---NewYard--addressNewCostObjectCstID-vhi"}]}
COMMAND: GET /session/8d9404e4e9bea3f53a5c3520fcd44aec/screenshot - {}
RESULT: {"script":"<script> [1562 bytes]","args":[{"selector":{"id":"application-manageyards-display-component---NewYard--addressNewCostObjectCstID-vhi"},"wdio_ui5_key":"applicationmanageyards-display-component---NewYard--addressNewCostObjectCstID-vhi"}]}
RESULT: undefined
COMMAND: POST /session/8d9404e4e9bea3f53a5c3520fcd44aec/element - {"using":"xpath","value":"//*[@id=\"application-manageyards-display-component---NewYard--addressNewCostObjectCstID-vhi\"]"}
RESULT: {}
RESULT: {"using":"xpath","value":"//*[@id=\"application-manageyards-display-component---NewYard--addressNewCostObjectCstID-vhi\"]"}
COMMAND: POST /session/8d9404e4e9bea3f53a5c3520fcd44aec/element/f.7EA17D048601C53176965B9346C1EB3C.d.79570417F4A103FF238DB536A2B53946.e.738/click - {}
RESULT: {}
COMMAND: GET /session/8d9404e4e9bea3f53a5c3520fcd44aec/screenshot - {}
RESULT: {}
COMMAND: POST /session/8d9404e4e9bea3f53a5c3520fcd44aec/execute/async - {"script":"<script> [1562 bytes]","args":[{"selector":{"controlType":"sap.m.SearchField","properties":{"placeholder":"Search"},"searchOpenDialogs":true,"interaction":{"idSuffix":"I"}},"wdio_ui5_key":"sapm.SearchField{\"placeholder\":\"Search\"}"}]}
RESULT: {"script":"<script> [1562 bytes]","args":[{"selector":{"controlType":"sap.m.SearchField","properties":{"placeholder":"Search"},"searchOpenDialogs":true,"interaction":{"idSuffix":"I"}},"wdio_ui5_key":"sapm.SearchField{\"placeholder\":\"Search\"}"}]}
RESULT: undefined
COMMAND: POST /session/8d9404e4e9bea3f53a5c3520fcd44aec/execute/async - {"script":"<script> [776 bytes]","args":[{"enterText":"bauh_b","selector":{"controlType":"sap.m.SearchField","properties":{"placeholder":"Search"},"searchOpenDialogs":true,"interaction":{"idSuffix":"I"}},"clearTextFirst":true,"interactionType":"ENTER_TEXT"}]}
RESULT: {"script":"<script> [776 bytes]","args":[{"enterText":"bauh_b","selector":{"controlType":"sap.m.SearchField","properties":{"placeholder":"Search"},"searchOpenDialogs":true,"interaction":{"idSuffix":"I"}},"clearTextFirst":true,"interactionType":"ENTER_TEXT"}]}
COMMAND: POST /session/8d9404e4e9bea3f53a5c3520fcd44aec/actions - {"actions":[{"id":"action1","type":"key","parameters":{},"actions":[{"type":"keyDown","value":""},{"type":"pause","duration":10},{"type":"keyUp","value":""}]}]}
RESULT: {"actions":[{"id":"action1","type":"key","parameters":{},"actions":[{"type":"keyDown","value":""},{"type":"pause","duration":10},{"type":"keyUp","value":""}]}]}
COMMAND: GET /session/8d9404e4e9bea3f53a5c3520fcd44aec/screenshot - {}
RESULT: {}
COMMAND: POST /session/8d9404e4e9bea3f53a5c3520fcd44aec/element - {"using":"xpath","value":"//span[contains(text(), \"Demo Yard\")]"}
RESULT: {"using":"xpath","value":"//span[contains(text(), \"Demo Yard\")]"}
COMMAND: POST /session/8d9404e4e9bea3f53a5c3520fcd44aec/element/f.7EA17D048601C53176965B9346C1EB3C.d.79570417F4A103FF238DB536A2B53946.e.747/click - {}
RESULT: {}
COMMAND: GET /session/8d9404e4e9bea3f53a5c3520fcd44aec/screenshot - {}
RESULT: {}
COMMAND: POST /session/8d9404e4e9bea3f53a5c3520fcd44aec/element - {"using":"xpath","value":"//bdi[contains(text(), \"OK\")]"}
RESULT: {"using":"xpath","value":"//bdi[contains(text(), \"OK\")]"}
COMMAND: POST /session/8d9404e4e9bea3f53a5c3520fcd44aec/element/f.7EA17D048601C53176965B9346C1EB3C.d.79570417F4A103FF238DB536A2B53946.e.749/click - {}
RESULT: {}
COMMAND: GET /session/8d9404e4e9bea3f53a5c3520fcd44aec/screenshot - {}
RESULT: {}
COMMAND: POST /session/8d9404e4e9bea3f53a5c3520fcd44aec/execute/async - {"script":"<script> [1562 bytes]","args":[{"selector":{"id":"application-manageyards-display-component---NewYard--addressEditDetailsCurrency-arrow"},"wdio_ui5_key":"applicationmanageyards-display-component---NewYard--addressEditDetailsCurrency-arrow"}]}
RESULT: {"script":"<script> [1562 bytes]","args":[{"selector":{"id":"application-manageyards-display-component---NewYard--addressEditDetailsCurrency-arrow"},"wdio_ui5_key":"applicationmanageyards-display-component---NewYard--addressEditDetailsCurrency-arrow"}]}
RESULT: undefined
COMMAND: POST /session/8d9404e4e9bea3f53a5c3520fcd44aec/element - {"using":"xpath","value":"//*[@id=\"application-manageyards-display-component---NewYard--addressEditDetailsCurrency-arrow\"]"}
RESULT: {"using":"xpath","value":"//*[@id=\"application-manageyards-display-component---NewYard--addressEditDetailsCurrency-arrow\"]"}
COMMAND: POST /session/8d9404e4e9bea3f53a5c3520fcd44aec/element/f.7EA17D048601C53176965B9346C1EB3C.d.79570417F4A103FF238DB536A2B53946.e.752/click - {}
RESULT: {}
COMMAND: POST /session/8d9404e4e9bea3f53a5c3520fcd44aec/element - {"using":"xpath","value":"//span[contains(text(), \"Euro\")]"}
COMMAND: GET /session/8d9404e4e9bea3f53a5c3520fcd44aec/screenshot - {}
RESULT: {"using":"xpath","value":"//span[contains(text(), \"Euro\")]"}
COMMAND: POST /session/8d9404e4e9bea3f53a5c3520fcd44aec/element/f.7EA17D048601C53176965B9346C1EB3C.d.79570417F4A103FF238DB536A2B53946.e.753/click - {}
RESULT: {}
RESULT: {}
COMMAND: POST /session/8d9404e4e9bea3f53a5c3520fcd44aec/execute/async - {"script":"<script> [1562 bytes]","args":[{"selector":{"controlType":"sap.m.Input","viewName":"etm.portal.ui.manageyards.view.New","viewId":"application-manageyards-display-component---NewYard","bindingPath":{"path":"","propertyPath":"/CONTROLLING_AREA","modelName":"NewYardModel"},"interaction":{"idSuffix":"inner"}},"wdio_ui5_key":"etmportal.ui.manageyards.view.Newsap.m.Input{\"path\":\"\",\"propertyPath\":\"/CONTROLLING_AREA\",\"modelName\":\"NewYardModel\"}"}]}
COMMAND: GET /session/8d9404e4e9bea3f53a5c3520fcd44aec/screenshot - {}
RESULT: {"script":"<script> [1562 bytes]","args":[{"selector":{"controlType":"sap.m.Input","viewName":"etm.portal.ui.manageyards.view.New","viewId":"application-manageyards-display-component---NewYard","bindingPath":{"path":"","propertyPath":"/CONTROLLING_AREA","modelName":"NewYardModel"},"interaction":{"idSuffix":"inner"}},"wdio_ui5_key":"etmportal.ui.manageyards.view.Newsap.m.Input{\"path\":\"\",\"propertyPath\":\"/CONTROLLING_AREA\",\"modelName\":\"NewYardModel\"}"}]}
RESULT: undefined
COMMAND: POST /session/8d9404e4e9bea3f53a5c3520fcd44aec/execute/async - {"script":"<script> [776 bytes]","args":[{"enterText":"Z001","selector":{"controlType":"sap.m.Input","viewName":"etm.portal.ui.manageyards.view.New","viewId":"application-manageyards-display-component---NewYard","bindingPath":{"path":"","propertyPath":"/CONTROLLING_AREA","modelName":"NewYardModel"},"interaction":{"idSuffix":"inner"}},"clearTextFirst":true,"interactionType":"ENTER_TEXT"}]}
RESULT: {}
RESULT: {"script":"<script> [776 bytes]","args":[{"enterText":"Z001","selector":{"controlType":"sap.m.Input","viewName":"etm.portal.ui.manageyards.view.New","viewId":"application-manageyards-display-component---NewYard","bindingPath":{"path":"","propertyPath":"/CONTROLLING_AREA","modelName":"NewYardModel"},"interaction":{"idSuffix":"inner"}},"clearTextFirst":true,"interactionType":"ENTER_TEXT"}]}
COMMAND: POST /session/8d9404e4e9bea3f53a5c3520fcd44aec/execute/async - {"script":"<script> [1562 bytes]","args":[{"selector":{"id":"application-manageyards-display-component---NewYard--companyCodeComboBox","interaction":{"idSuffix":"inner"}},"wdio_ui5_key":"applicationmanageyards-display-component---NewYard--companyCodeComboBox"}]}
RESULT: {"script":"<script> [1562 bytes]","args":[{"selector":{"id":"application-manageyards-display-component---NewYard--companyCodeComboBox","interaction":{"idSuffix":"inner"}},"wdio_ui5_key":"applicationmanageyards-display-component---NewYard--companyCodeComboBox"}]}
RESULT: undefined
COMMAND: POST /session/8d9404e4e9bea3f53a5c3520fcd44aec/execute/async - {"script":"<script> [776 bytes]","args":[{"enterText":"1000","selector":{"id":"application-manageyards-display-component---NewYard--companyCodeComboBox","interaction":{"idSuffix":"inner"}},"clearTextFirst":true,"interactionType":"ENTER_TEXT"}]}
RESULT: {"script":"<script> [776 bytes]","args":[{"enterText":"1000","selector":{"id":"application-manageyards-display-component---NewYard--companyCodeComboBox","interaction":{"idSuffix":"inner"}},"clearTextFirst":true,"interactionType":"ENTER_TEXT"}]}
COMMAND: POST /session/8d9404e4e9bea3f53a5c3520fcd44aec/execute/async - {"script":"<script> [1562 bytes]","args":[{"selector":{"controlType":"sap.m.Input","viewName":"etm.portal.ui.manageyards.view.New","viewId":"application-manageyards-display-component---NewYard","bindingPath":{"path":"","propertyPath":"/PLANT","modelName":"NewYardModel"},"interaction":{"idSuffix":"inner"}},"wdio_ui5_key":"etmportal.ui.manageyards.view.Newsap.m.Input{\"path\":\"\",\"propertyPath\":\"/PLANT\",\"modelName\":\"NewYardModel\"}"}]}
RESULT: {"script":"<script> [1562 bytes]","args":[{"selector":{"controlType":"sap.m.Input","viewName":"etm.portal.ui.manageyards.view.New","viewId":"application-manageyards-display-component---NewYard","bindingPath":{"path":"","propertyPath":"/PLANT","modelName":"NewYardModel"},"interaction":{"idSuffix":"inner"}},"wdio_ui5_key":"etmportal.ui.manageyards.view.Newsap.m.Input{\"path\":\"\",\"propertyPath\":\"/PLANT\",\"modelName\":\"NewYardModel\"}"}]}
RESULT: undefined
COMMAND: POST /session/8d9404e4e9bea3f53a5c3520fcd44aec/execute/async - {"script":"<script> [776 bytes]","args":[{"enterText":"1001","selector":{"controlType":"sap.m.Input","viewName":"etm.portal.ui.manageyards.view.New","viewId":"application-manageyards-display-component---NewYard","bindingPath":{"path":"","propertyPath":"/PLANT","modelName":"NewYardModel"},"interaction":{"idSuffix":"inner"}},"clearTextFirst":true,"interactionType":"ENTER_TEXT"}]}
RESULT: {"script":"<script> [776 bytes]","args":[{"enterText":"1001","selector":{"controlType":"sap.m.Input","viewName":"etm.portal.ui.manageyards.view.New","viewId":"application-manageyards-display-component---NewYard","bindingPath":{"path":"","propertyPath":"/PLANT","modelName":"NewYardModel"},"interaction":{"idSuffix":"inner"}},"clearTextFirst":true,"interactionType":"ENTER_TEXT"}]}
COMMAND: POST /session/8d9404e4e9bea3f53a5c3520fcd44aec/execute/async - {"script":"<script> [1562 bytes]","args":[{"selector":{"controlType":"sap.m.Input","viewName":"etm.portal.ui.manageyards.view.New","viewId":"application-manageyards-display-component---NewYard","bindingPath":{"path":"","propertyPath":"/SALES_AREA_VKORG","modelName":"NewYardModel"},"interaction":{"idSuffix":"inner"}},"wdio_ui5_key":"etmportal.ui.manageyards.view.Newsap.m.Input{\"path\":\"\",\"propertyPath\":\"/SALES_AREA_VKORG\",\"modelName\":\"NewYardModel\"}"}]}
RESULT: {"script":"<script> [1562 bytes]","args":[{"selector":{"controlType":"sap.m.Input","viewName":"etm.portal.ui.manageyards.view.New","viewId":"application-manageyards-display-component---NewYard","bindingPath":{"path":"","propertyPath":"/SALES_AREA_VKORG","modelName":"NewYardModel"},"interaction":{"idSuffix":"inner"}},"wdio_ui5_key":"etmportal.ui.manageyards.view.Newsap.m.Input{\"path\":\"\",\"propertyPath\":\"/SALES_AREA_VKORG\",\"modelName\":\"NewYardModel\"}"}]}
RESULT: undefined
COMMAND: POST /session/8d9404e4e9bea3f53a5c3520fcd44aec/execute/async - {"script":"<script> [776 bytes]","args":[{"enterText":"C002","selector":{"controlType":"sap.m.Input","viewName":"etm.portal.ui.manageyards.view.New","viewId":"application-manageyards-display-component---NewYard","bindingPath":{"path":"","propertyPath":"/SALES_AREA_VKORG","modelName":"NewYardModel"},"interaction":{"idSuffix":"inner"}},"clearTextFirst":true,"interactionType":"ENTER_TEXT"}]}
RESULT: {"script":"<script> [776 bytes]","args":[{"enterText":"C002","selector":{"controlType":"sap.m.Input","viewName":"etm.portal.ui.manageyards.view.New","viewId":"application-manageyards-display-component---NewYard","bindingPath":{"path":"","propertyPath":"/SALES_AREA_VKORG","modelName":"NewYardModel"},"interaction":{"idSuffix":"inner"}},"clearTextFirst":true,"interactionType":"ENTER_TEXT"}]}
COMMAND: POST /session/8d9404e4e9bea3f53a5c3520fcd44aec/execute/async - {"script":"<script> [1562 bytes]","args":[{"selector":{"controlType":"sap.m.Input","viewName":"etm.portal.ui.manageyards.view.New","viewId":"application-manageyards-display-component---NewYard","bindingPath":{"path":"","propertyPath":"/SALES_AREA_VTWEG","modelName":"NewYardModel"},"interaction":{"idSuffix":"inner"}},"wdio_ui5_key":"etmportal.ui.manageyards.view.Newsap.m.Input{\"path\":\"\",\"propertyPath\":\"/SALES_AREA_VTWEG\",\"modelName\":\"NewYardModel\"}"}]}
RESULT: {"script":"<script> [1562 bytes]","args":[{"selector":{"controlType":"sap.m.Input","viewName":"etm.portal.ui.manageyards.view.New","viewId":"application-manageyards-display-component---NewYard","bindingPath":{"path":"","propertyPath":"/SALES_AREA_VTWEG","modelName":"NewYardModel"},"interaction":{"idSuffix":"inner"}},"wdio_ui5_key":"etmportal.ui.manageyards.view.Newsap.m.Input{\"path\":\"\",\"propertyPath\":\"/SALES_AREA_VTWEG\",\"modelName\":\"NewYardModel\"}"}]}
RESULT: undefined
COMMAND: POST /session/8d9404e4e9bea3f53a5c3520fcd44aec/execute/async - {"script":"<script> [776 bytes]","args":[{"enterText":"C2","selector":{"controlType":"sap.m.Input","viewName":"etm.portal.ui.manageyards.view.New","viewId":"application-manageyards-display-component---NewYard","bindingPath":{"path":"","propertyPath":"/SALES_AREA_VTWEG","modelName":"NewYardModel"},"interaction":{"idSuffix":"inner"}},"clearTextFirst":true,"interactionType":"ENTER_TEXT"}]}
RESULT: {"script":"<script> [776 bytes]","args":[{"enterText":"C2","selector":{"controlType":"sap.m.Input","viewName":"etm.portal.ui.manageyards.view.New","viewId":"application-manageyards-display-component---NewYard","bindingPath":{"path":"","propertyPath":"/SALES_AREA_VTWEG","modelName":"NewYardModel"},"interaction":{"idSuffix":"inner"}},"clearTextFirst":true,"interactionType":"ENTER_TEXT"}]}
COMMAND: POST /session/8d9404e4e9bea3f53a5c3520fcd44aec/execute/async - {"script":"<script> [1562 bytes]","args":[{"selector":{"controlType":"sap.m.Input","viewName":"etm.portal.ui.manageyards.view.New","viewId":"application-manageyards-display-component---NewYard","bindingPath":{"path":"","propertyPath":"/SALES_AREA_SPART","modelName":"NewYardModel"},"interaction":{"idSuffix":"inner"}},"wdio_ui5_key":"etmportal.ui.manageyards.view.Newsap.m.Input{\"path\":\"\",\"propertyPath\":\"/SALES_AREA_SPART\",\"modelName\":\"NewYardModel\"}"}]}
RESULT: {"script":"<script> [1562 bytes]","args":[{"selector":{"controlType":"sap.m.Input","viewName":"etm.portal.ui.manageyards.view.New","viewId":"application-manageyards-display-component---NewYard","bindingPath":{"path":"","propertyPath":"/SALES_AREA_SPART","modelName":"NewYardModel"},"interaction":{"idSuffix":"inner"}},"wdio_ui5_key":"etmportal.ui.manageyards.view.Newsap.m.Input{\"path\":\"\",\"propertyPath\":\"/SALES_AREA_SPART\",\"modelName\":\"NewYardModel\"}"}]}
RESULT: undefined
COMMAND: POST /session/8d9404e4e9bea3f53a5c3520fcd44aec/execute/async - {"script":"<script> [776 bytes]","args":[{"enterText":"C2","selector":{"controlType":"sap.m.Input","viewName":"etm.portal.ui.manageyards.view.New","viewId":"application-manageyards-display-component---NewYard","bindingPath":{"path":"","propertyPath":"/SALES_AREA_SPART","modelName":"NewYardModel"},"interaction":{"idSuffix":"inner"}},"clearTextFirst":true,"interactionType":"ENTER_TEXT"}]}
RESULT: {"script":"<script> [776 bytes]","args":[{"enterText":"C2","selector":{"controlType":"sap.m.Input","viewName":"etm.portal.ui.manageyards.view.New","viewId":"application-manageyards-display-component---NewYard","bindingPath":{"path":"","propertyPath":"/SALES_AREA_SPART","modelName":"NewYardModel"},"interaction":{"idSuffix":"inner"}},"clearTextFirst":true,"interactionType":"ENTER_TEXT"}]}
COMMAND: POST /session/8d9404e4e9bea3f53a5c3520fcd44aec/execute/async - {"script":"<script> [1562 bytes]","args":[{"selector":{"controlType":"sap.m.Input","viewName":"etm.portal.ui.manageyards.view.New","viewId":"application-manageyards-display-component---NewYard","bindingPath":{"path":"","propertyPath":"/SHIP_POINT","modelName":"NewYardModel"},"interaction":{"idSuffix":"inner"}},"wdio_ui5_key":"etmportal.ui.manageyards.view.Newsap.m.Input{\"path\":\"\",\"propertyPath\":\"/SHIP_POINT\",\"modelName\":\"NewYardModel\"}"}]}
RESULT: {"script":"<script> [1562 bytes]","args":[{"selector":{"controlType":"sap.m.Input","viewName":"etm.portal.ui.manageyards.view.New","viewId":"application-manageyards-display-component---NewYard","bindingPath":{"path":"","propertyPath":"/SHIP_POINT","modelName":"NewYardModel"},"interaction":{"idSuffix":"inner"}},"wdio_ui5_key":"etmportal.ui.manageyards.view.Newsap.m.Input{\"path\":\"\",\"propertyPath\":\"/SHIP_POINT\",\"modelName\":\"NewYardModel\"}"}]}
RESULT: undefined
COMMAND: POST /session/8d9404e4e9bea3f53a5c3520fcd44aec/execute/async - {"script":"<script> [776 bytes]","args":[{"enterText":"1710","selector":{"controlType":"sap.m.Input","viewName":"etm.portal.ui.manageyards.view.New","viewId":"application-manageyards-display-component---NewYard","bindingPath":{"path":"","propertyPath":"/SHIP_POINT","modelName":"NewYardModel"},"interaction":{"idSuffix":"inner"}},"clearTextFirst":true,"interactionType":"ENTER_TEXT"}]}
RESULT: {"script":"<script> [776 bytes]","args":[{"enterText":"1710","selector":{"controlType":"sap.m.Input","viewName":"etm.portal.ui.manageyards.view.New","viewId":"application-manageyards-display-component---NewYard","bindingPath":{"path":"","propertyPath":"/SHIP_POINT","modelName":"NewYardModel"},"interaction":{"idSuffix":"inner"}},"clearTextFirst":true,"interactionType":"ENTER_TEXT"}]}
COMMAND: POST /session/8d9404e4e9bea3f53a5c3520fcd44aec/execute/async - {"script":"<script> [1562 bytes]","args":[{"selector":{"controlType":"sap.m.Input","viewName":"etm.portal.ui.manageyards.view.New","viewId":"application-manageyards-display-component---NewYard","bindingPath":{"path":"","propertyPath":"/DELIVERY_TYPE","modelName":"NewYardModel"},"interaction":{"idSuffix":"inner"}},"wdio_ui5_key":"etmportal.ui.manageyards.view.Newsap.m.Input{\"path\":\"\",\"propertyPath\":\"/DELIVERY_TYPE\",\"modelName\":\"NewYardModel\"}"}]}
RESULT: {"script":"<script> [1562 bytes]","args":[{"selector":{"controlType":"sap.m.Input","viewName":"etm.portal.ui.manageyards.view.New","viewId":"application-manageyards-display-component---NewYard","bindingPath":{"path":"","propertyPath":"/DELIVERY_TYPE","modelName":"NewYardModel"},"interaction":{"idSuffix":"inner"}},"wdio_ui5_key":"etmportal.ui.manageyards.view.Newsap.m.Input{\"path\":\"\",\"propertyPath\":\"/DELIVERY_TYPE\",\"modelName\":\"NewYardModel\"}"}]}
RESULT: undefined
COMMAND: POST /session/8d9404e4e9bea3f53a5c3520fcd44aec/execute/async - {"script":"<script> [776 bytes]","args":[{"enterText":"ZL01","selector":{"controlType":"sap.m.Input","viewName":"etm.portal.ui.manageyards.view.New","viewId":"application-manageyards-display-component---NewYard","bindingPath":{"path":"","propertyPath":"/DELIVERY_TYPE","modelName":"NewYardModel"},"interaction":{"idSuffix":"inner"}},"clearTextFirst":true,"interactionType":"ENTER_TEXT"}]}
RESULT: {"script":"<script> [776 bytes]","args":[{"enterText":"ZL01","selector":{"controlType":"sap.m.Input","viewName":"etm.portal.ui.manageyards.view.New","viewId":"application-manageyards-display-component---NewYard","bindingPath":{"path":"","propertyPath":"/DELIVERY_TYPE","modelName":"NewYardModel"},"interaction":{"idSuffix":"inner"}},"clearTextFirst":true,"interactionType":"ENTER_TEXT"}]}
COMMAND: POST /session/8d9404e4e9bea3f53a5c3520fcd44aec/execute/async - {"script":"<script> [1562 bytes]","args":[{"selector":{"controlType":"sap.m.Input","viewName":"etm.portal.ui.manageyards.view.New","viewId":"application-manageyards-display-component---NewYard","bindingPath":{"path":"","propertyPath":"/AUART","modelName":"NewYardModel"},"interaction":{"idSuffix":"inner"}},"wdio_ui5_key":"etmportal.ui.manageyards.view.Newsap.m.Input{\"path\":\"\",\"propertyPath\":\"/AUART\",\"modelName\":\"NewYardModel\"}"}]}
RESULT: {"script":"<script> [1562 bytes]","args":[{"selector":{"controlType":"sap.m.Input","viewName":"etm.portal.ui.manageyards.view.New","viewId":"application-manageyards-display-component---NewYard","bindingPath":{"path":"","propertyPath":"/AUART","modelName":"NewYardModel"},"interaction":{"idSuffix":"inner"}},"wdio_ui5_key":"etmportal.ui.manageyards.view.Newsap.m.Input{\"path\":\"\",\"propertyPath\":\"/AUART\",\"modelName\":\"NewYardModel\"}"}]}
RESULT: undefined
COMMAND: POST /session/8d9404e4e9bea3f53a5c3520fcd44aec/execute/async - {"script":"<script> [776 bytes]","args":[{"enterText":"TA","selector":{"controlType":"sap.m.Input","viewName":"etm.portal.ui.manageyards.view.New","viewId":"application-manageyards-display-component---NewYard","bindingPath":{"path":"","propertyPath":"/AUART","modelName":"NewYardModel"},"interaction":{"idSuffix":"inner"}},"clearTextFirst":true,"interactionType":"ENTER_TEXT"}]}
RESULT: {"script":"<script> [776 bytes]","args":[{"enterText":"TA","selector":{"controlType":"sap.m.Input","viewName":"etm.portal.ui.manageyards.view.New","viewId":"application-manageyards-display-component---NewYard","bindingPath":{"path":"","propertyPath":"/AUART","modelName":"NewYardModel"},"interaction":{"idSuffix":"inner"}},"clearTextFirst":true,"interactionType":"ENTER_TEXT"}]}
COMMAND: POST /session/8d9404e4e9bea3f53a5c3520fcd44aec/element - {"using":"xpath","value":"//button[@data-kt=\"newYardSaveButton\"]"}
RESULT: {"using":"xpath","value":"//button[@data-kt=\"newYardSaveButton\"]"}
COMMAND: POST /session/8d9404e4e9bea3f53a5c3520fcd44aec/element/f.7EA17D048601C53176965B9346C1EB3C.d.79570417F4A103FF238DB536A2B53946.e.712/click - {}
RESULT: {}
COMMAND: GET /session/8d9404e4e9bea3f53a5c3520fcd44aec/screenshot - {}
RESULT: {}
COMMAND: POST /session/8d9404e4e9bea3f53a5c3520fcd44aec/element - {"using":"xpath","value":"//header[contains(@id, 'ObjectPageLayout-headerTitle')]/div[1]/div[2]/div[1]/span[1]"}
RESULT: {"using":"xpath","value":"//header[contains(@id, 'ObjectPageLayout-headerTitle')]/div[1]/div[2]/div[1]/span[1]"}
COMMAND: POST /session/8d9404e4e9bea3f53a5c3520fcd44aec/elements - {"using":"xpath","value":"//header[contains(@id, 'ObjectPageLayout-headerTitle')]/div[1]/div[2]/div[1]/span[1]"}
RESULT: {"using":"xpath","value":"//header[contains(@id, 'ObjectPageLayout-headerTitle')]/div[1]/div[2]/div[1]/span[1]"}
COMMAND: POST /session/8d9404e4e9bea3f53a5c3520fcd44aec/execute/sync - {"script":"<script> [56 bytes]","args":[{"element-6066-11e4-a52e-4f735466cecf":"f.7EA17D048601C53176965B9346C1EB3C.d.79570417F4A103FF238DB536A2B53946.e.971","ELEMENT":"f.7EA17D048601C53176965B9346C1EB3C.d.79570417F4A103FF238DB536A2B53946.e.971"}]}
RESULT: {"script":"<script> [56 bytes]","args":[{"element-6066-11e4-a52e-4f735466cecf":"f.7EA17D048601C53176965B9346C1EB3C.d.79570417F4A103FF238DB536A2B53946.e.971","ELEMENT":"f.7EA17D048601C53176965B9346C1EB3C.d.79570417F4A103FF238DB536A2B53946.e.971"}]}
COMMAND: GET /session/8d9404e4e9bea3f53a5c3520fcd44aec/screenshot - {}
RESULT: {}
COMMAND: POST /session/8d9404e4e9bea3f53a5c3520fcd44aec/element - {"using":"css selector","value":"#shell-header-logo"}
RESULT: {"using":"css selector","value":"#shell-header-logo"}
COMMAND: POST /session/8d9404e4e9bea3f53a5c3520fcd44aec/element/f.7EA17D048601C53176965B9346C1EB3C.d.79570417F4A103FF238DB536A2B53946.e.264/click - {}
RESULT: {}
COMMAND: GET /session/8d9404e4e9bea3f53a5c3520fcd44aec/screenshot - {}
RESULT: {}
COMMAND: POST /session/8d9404e4e9bea3f53a5c3520fcd44aec/execute/sync - {"script":"<script> [299 bytes]","args":[["getModel","getResource"]]}
RESULT: {"script":"<script> [299 bytes]","args":[["getModel","getResource"]]}
COMMAND: GET /session/8d9404e4e9bea3f53a5c3520fcd44aec/screenshot - {}
]]></system-out>
    </testcase>
    <testcase classname="chrome.136_0_7103_93.windows.Partner_specific_tests_US150819_US151080_US151654_US151176_US103444_US151078_US151079_US151109_US151174_US151175_US151189" name="Should create new external partner US150819" time="108.9">
      <system-out><![CDATA[
COMMAND: POST /session/8d9404e4e9bea3f53a5c3520fcd44aec/element - {"using":"xpath","value":"//li[.//span[text()=\"Manage Partners\"]]"}
RESULT: {"using":"xpath","value":"//li[.//span[text()=\"Manage Partners\"]]"}
COMMAND: POST /session/8d9404e4e9bea3f53a5c3520fcd44aec/element - {"using":"xpath","value":"//li[.//span[text()=\"Manage Partners\"]]"}
RESULT: {}
RESULT: {"using":"xpath","value":"//li[.//span[text()=\"Manage Partners\"]]"}
COMMAND: POST /session/8d9404e4e9bea3f53a5c3520fcd44aec/element - {"using":"css selector","value":"#shell-header-logo"}
RESULT: {"using":"css selector","value":"#shell-header-logo"}
COMMAND: POST /session/8d9404e4e9bea3f53a5c3520fcd44aec/element/f.7EA17D048601C53176965B9346C1EB3C.d.79570417F4A103FF238DB536A2B53946.e.973/click - {}
COMMAND: POST /session/8d9404e4e9bea3f53a5c3520fcd44aec/execute/sync - {"script":"<script> [8489 bytes]","args":[{"element-6066-11e4-a52e-4f735466cecf":"f.7EA17D048601C53176965B9346C1EB3C.d.79570417F4A103FF238DB536A2B53946.e.973","ELEMENT":"f.7EA17D048601C53176965B9346C1EB3C.d.79570417F4A103FF238DB536A2B53946.e.973"}]}
RESULT: {}
COMMAND: GET /session/8d9404e4e9bea3f53a5c3520fcd44aec/screenshot - {}
RESULT: {"script":"<script> [8489 bytes]","args":[{"element-6066-11e4-a52e-4f735466cecf":"f.7EA17D048601C53176965B9346C1EB3C.d.79570417F4A103FF238DB536A2B53946.e.973","ELEMENT":"f.7EA17D048601C53176965B9346C1EB3C.d.79570417F4A103FF238DB536A2B53946.e.973"}]}
COMMAND: POST /session/8d9404e4e9bea3f53a5c3520fcd44aec/execute/sync - {"script":"<script> [5351 bytes]","args":[{"element-6066-11e4-a52e-4f735466cecf":"f.7EA17D048601C53176965B9346C1EB3C.d.79570417F4A103FF238DB536A2B53946.e.973","ELEMENT":"f.7EA17D048601C53176965B9346C1EB3C.d.79570417F4A103FF238DB536A2B53946.e.973"}]}
COMMAND: GET /session/8d9404e4e9bea3f53a5c3520fcd44aec/screenshot - {}
RESULT: {}
RESULT: {"script":"<script> [5351 bytes]","args":[{"element-6066-11e4-a52e-4f735466cecf":"f.7EA17D048601C53176965B9346C1EB3C.d.79570417F4A103FF238DB536A2B53946.e.973","ELEMENT":"f.7EA17D048601C53176965B9346C1EB3C.d.79570417F4A103FF238DB536A2B53946.e.973"}]}
COMMAND: GET /session/8d9404e4e9bea3f53a5c3520fcd44aec/screenshot - {}
RESULT: {}
RESULT: {}
COMMAND: POST /session/8d9404e4e9bea3f53a5c3520fcd44aec/window/fullscreen - {}
RESULT: {}
COMMAND: POST /session/8d9404e4e9bea3f53a5c3520fcd44aec/execute/async - {"script":"<script> [1562 bytes]","args":[{"selector":{"controlType":"sap.m.GenericTile","properties":{"header":"Manage Partners"}},"wdio_ui5_key":"sapm.GenericTile{\"header\":\"Manage Partners\"}"}]}
RESULT: {"script":"<script> [1562 bytes]","args":[{"selector":{"controlType":"sap.m.GenericTile","properties":{"header":"Manage Partners"}},"wdio_ui5_key":"sapm.GenericTile{\"header\":\"Manage Partners\"}"}]}
RESULT: undefined
COMMAND: POST /session/8d9404e4e9bea3f53a5c3520fcd44aec/element - {"using":"xpath","value":"//*[@id=\"__tile38\"]"}
RESULT: {"using":"xpath","value":"//*[@id=\"__tile38\"]"}
COMMAND: POST /session/8d9404e4e9bea3f53a5c3520fcd44aec/element/f.7EA17D048601C53176965B9346C1EB3C.d.79570417F4A103FF238DB536A2B53946.e.154/click - {}
RESULT: {}
COMMAND: GET /session/8d9404e4e9bea3f53a5c3520fcd44aec/screenshot - {}
RESULT: {}
COMMAND: POST /session/8d9404e4e9bea3f53a5c3520fcd44aec/elements - {"using":"xpath","value":"//span[text()='Error']"}
RESULT: {"using":"xpath","value":"//span[text()='Error']"}
COMMAND: POST /session/8d9404e4e9bea3f53a5c3520fcd44aec/element - {"using":"xpath","value":"//button[@data-kt=\"addButton\"]"}
RESULT: {"using":"xpath","value":"//button[@data-kt=\"addButton\"]"}
COMMAND: POST /session/8d9404e4e9bea3f53a5c3520fcd44aec/elements - {"using":"xpath","value":"//button[@data-kt=\"addButton\"]"}
RESULT: {"using":"xpath","value":"//button[@data-kt=\"addButton\"]"}
COMMAND: POST /session/8d9404e4e9bea3f53a5c3520fcd44aec/elements - {"using":"xpath","value":"//button[@data-kt=\"addButton\"]"}
RESULT: {"using":"xpath","value":"//button[@data-kt=\"addButton\"]"}
COMMAND: POST /session/8d9404e4e9bea3f53a5c3520fcd44aec/element - {"using":"xpath","value":"//button[@data-kt=\"addButton\"]"}
RESULT: {"using":"xpath","value":"//button[@data-kt=\"addButton\"]"}
COMMAND: POST /session/8d9404e4e9bea3f53a5c3520fcd44aec/execute/sync - {"script":"<script> [8489 bytes]","args":[{"element-6066-11e4-a52e-4f735466cecf":"f.7EA17D048601C53176965B9346C1EB3C.d.79570417F4A103FF238DB536A2B53946.e.1019","ELEMENT":"f.7EA17D048601C53176965B9346C1EB3C.d.79570417F4A103FF238DB536A2B53946.e.1019"}]}
RESULT: {"script":"<script> [8489 bytes]","args":[{"element-6066-11e4-a52e-4f735466cecf":"f.7EA17D048601C53176965B9346C1EB3C.d.79570417F4A103FF238DB536A2B53946.e.1019","ELEMENT":"f.7EA17D048601C53176965B9346C1EB3C.d.79570417F4A103FF238DB536A2B53946.e.1019"}]}
COMMAND: GET /session/8d9404e4e9bea3f53a5c3520fcd44aec/element/f.7EA17D048601C53176965B9346C1EB3C.d.79570417F4A103FF238DB536A2B53946.e.1019/enabled - {}
COMMAND: GET /session/8d9404e4e9bea3f53a5c3520fcd44aec/screenshot - {}
RESULT: {}
COMMAND: POST /session/8d9404e4e9bea3f53a5c3520fcd44aec/execute/sync - {"script":"<script> [8489 bytes]","args":[{"element-6066-11e4-a52e-4f735466cecf":"f.7EA17D048601C53176965B9346C1EB3C.d.79570417F4A103FF238DB536A2B53946.e.1019","ELEMENT":"f.7EA17D048601C53176965B9346C1EB3C.d.79570417F4A103FF238DB536A2B53946.e.1019"}]}
COMMAND: GET /session/8d9404e4e9bea3f53a5c3520fcd44aec/screenshot - {}
RESULT: {}
RESULT: {"script":"<script> [8489 bytes]","args":[{"element-6066-11e4-a52e-4f735466cecf":"f.7EA17D048601C53176965B9346C1EB3C.d.79570417F4A103FF238DB536A2B53946.e.1019","ELEMENT":"f.7EA17D048601C53176965B9346C1EB3C.d.79570417F4A103FF238DB536A2B53946.e.1019"}]}
COMMAND: POST /session/8d9404e4e9bea3f53a5c3520fcd44aec/execute/sync - {"script":"<script> [5351 bytes]","args":[{"element-6066-11e4-a52e-4f735466cecf":"f.7EA17D048601C53176965B9346C1EB3C.d.79570417F4A103FF238DB536A2B53946.e.1019","ELEMENT":"f.7EA17D048601C53176965B9346C1EB3C.d.79570417F4A103FF238DB536A2B53946.e.1019"}]}
COMMAND: GET /session/8d9404e4e9bea3f53a5c3520fcd44aec/screenshot - {}
RESULT: {}
RESULT: {"script":"<script> [5351 bytes]","args":[{"element-6066-11e4-a52e-4f735466cecf":"f.7EA17D048601C53176965B9346C1EB3C.d.79570417F4A103FF238DB536A2B53946.e.1019","ELEMENT":"f.7EA17D048601C53176965B9346C1EB3C.d.79570417F4A103FF238DB536A2B53946.e.1019"}]}
COMMAND: POST /session/8d9404e4e9bea3f53a5c3520fcd44aec/element/f.7EA17D048601C53176965B9346C1EB3C.d.79570417F4A103FF238DB536A2B53946.e.1019/click - {}
COMMAND: GET /session/8d9404e4e9bea3f53a5c3520fcd44aec/screenshot - {}
RESULT: {}
RESULT: {}
COMMAND: GET /session/8d9404e4e9bea3f53a5c3520fcd44aec/screenshot - {}
COMMAND: POST /session/8d9404e4e9bea3f53a5c3520fcd44aec/execute/async - {"script":"<script> [1562 bytes]","args":[{"selector":{"id":"application-managepartners-display-component---NewPartner--addressDetailDetailsName1","interaction":{"idSuffix":"inner"}},"wdio_ui5_key":"applicationmanagepartners-display-component---NewPartner--addressDetailDetailsName1"}]}
RESULT: {}
RESULT: {}
RESULT: {"script":"<script> [1562 bytes]","args":[{"selector":{"id":"application-managepartners-display-component---NewPartner--addressDetailDetailsName1","interaction":{"idSuffix":"inner"}},"wdio_ui5_key":"applicationmanagepartners-display-component---NewPartner--addressDetailDetailsName1"}]}
RESULT: undefined
COMMAND: POST /session/8d9404e4e9bea3f53a5c3520fcd44aec/execute/async - {"script":"<script> [776 bytes]","args":[{"enterText":"External Partner WDIO","selector":{"id":"application-managepartners-display-component---NewPartner--addressDetailDetailsName1","interaction":{"idSuffix":"inner"}},"clearTextFirst":true,"interactionType":"ENTER_TEXT"}]}
RESULT: {"script":"<script> [776 bytes]","args":[{"enterText":"External Partner WDIO","selector":{"id":"application-managepartners-display-component---NewPartner--addressDetailDetailsName1","interaction":{"idSuffix":"inner"}},"clearTextFirst":true,"interactionType":"ENTER_TEXT"}]}
COMMAND: POST /session/8d9404e4e9bea3f53a5c3520fcd44aec/execute/async - {"script":"<script> [1562 bytes]","args":[{"selector":{"id":"application-managepartners-display-component---NewPartner--addressDetailDetailsLanguage-arrow"},"wdio_ui5_key":"applicationmanagepartners-display-component---NewPartner--addressDetailDetailsLanguage-arrow"}]}
RESULT: {"script":"<script> [1562 bytes]","args":[{"selector":{"id":"application-managepartners-display-component---NewPartner--addressDetailDetailsLanguage-arrow"},"wdio_ui5_key":"applicationmanagepartners-display-component---NewPartner--addressDetailDetailsLanguage-arrow"}]}
RESULT: undefined
COMMAND: POST /session/8d9404e4e9bea3f53a5c3520fcd44aec/element - {"using":"xpath","value":"//*[@id=\"application-managepartners-display-component---NewPartner--addressDetailDetailsLanguage-arrow\"]"}
RESULT: {"using":"xpath","value":"//*[@id=\"application-managepartners-display-component---NewPartner--addressDetailDetailsLanguage-arrow\"]"}
COMMAND: POST /session/8d9404e4e9bea3f53a5c3520fcd44aec/element/f.7EA17D048601C53176965B9346C1EB3C.d.79570417F4A103FF238DB536A2B53946.e.1411/click - {}
RESULT: {}
COMMAND: POST /session/8d9404e4e9bea3f53a5c3520fcd44aec/element - {"using":"xpath","value":"//span[contains(text(), \"English\")]"}
COMMAND: GET /session/8d9404e4e9bea3f53a5c3520fcd44aec/screenshot - {}
RESULT: {"using":"xpath","value":"//span[contains(text(), \"English\")]"}
COMMAND: POST /session/8d9404e4e9bea3f53a5c3520fcd44aec/element/f.7EA17D048601C53176965B9346C1EB3C.d.79570417F4A103FF238DB536A2B53946.e.1412/click - {}
RESULT: {}
RESULT: {}
COMMAND: GET /session/8d9404e4e9bea3f53a5c3520fcd44aec/screenshot - {}
RESULT: {}
COMMAND: POST /session/8d9404e4e9bea3f53a5c3520fcd44aec/execute/async - {"script":"<script> [1562 bytes]","args":[{"selector":{"id":"application-managepartners-display-component---NewPartner--addressDetailDetailsCity1","interaction":{"idSuffix":"inner"}},"wdio_ui5_key":"applicationmanagepartners-display-component---NewPartner--addressDetailDetailsCity1"}]}
RESULT: {"script":"<script> [1562 bytes]","args":[{"selector":{"id":"application-managepartners-display-component---NewPartner--addressDetailDetailsCity1","interaction":{"idSuffix":"inner"}},"wdio_ui5_key":"applicationmanagepartners-display-component---NewPartner--addressDetailDetailsCity1"}]}
RESULT: undefined
COMMAND: POST /session/8d9404e4e9bea3f53a5c3520fcd44aec/execute/async - {"script":"<script> [776 bytes]","args":[{"enterText":"Rosario","selector":{"id":"application-managepartners-display-component---NewPartner--addressDetailDetailsCity1","interaction":{"idSuffix":"inner"}},"clearTextFirst":true,"interactionType":"ENTER_TEXT"}]}
RESULT: {"script":"<script> [776 bytes]","args":[{"enterText":"Rosario","selector":{"id":"application-managepartners-display-component---NewPartner--addressDetailDetailsCity1","interaction":{"idSuffix":"inner"}},"clearTextFirst":true,"interactionType":"ENTER_TEXT"}]}
COMMAND: POST /session/8d9404e4e9bea3f53a5c3520fcd44aec/execute/async - {"script":"<script> [1562 bytes]","args":[{"selector":{"id":"application-managepartners-display-component---NewPartner--addressDetailDetailsCountry-arrow"},"wdio_ui5_key":"applicationmanagepartners-display-component---NewPartner--addressDetailDetailsCountry-arrow"}]}
RESULT: {"script":"<script> [1562 bytes]","args":[{"selector":{"id":"application-managepartners-display-component---NewPartner--addressDetailDetailsCountry-arrow"},"wdio_ui5_key":"applicationmanagepartners-display-component---NewPartner--addressDetailDetailsCountry-arrow"}]}
RESULT: undefined
COMMAND: POST /session/8d9404e4e9bea3f53a5c3520fcd44aec/element - {"using":"xpath","value":"//*[@id=\"application-managepartners-display-component---NewPartner--addressDetailDetailsCountry-arrow\"]"}
RESULT: {"using":"xpath","value":"//*[@id=\"application-managepartners-display-component---NewPartner--addressDetailDetailsCountry-arrow\"]"}
COMMAND: POST /session/8d9404e4e9bea3f53a5c3520fcd44aec/element/f.7EA17D048601C53176965B9346C1EB3C.d.79570417F4A103FF238DB536A2B53946.e.1393/click - {}
RESULT: {}
COMMAND: POST /session/8d9404e4e9bea3f53a5c3520fcd44aec/element - {"using":"xpath","value":"//span[contains(text(), \"Argentina\")]"}
COMMAND: GET /session/8d9404e4e9bea3f53a5c3520fcd44aec/screenshot - {}
RESULT: {"using":"xpath","value":"//span[contains(text(), \"Argentina\")]"}
COMMAND: POST /session/8d9404e4e9bea3f53a5c3520fcd44aec/element/f.7EA17D048601C53176965B9346C1EB3C.d.79570417F4A103FF238DB536A2B53946.e.1414/click - {}
RESULT: {}
RESULT: {}
COMMAND: GET /session/8d9404e4e9bea3f53a5c3520fcd44aec/screenshot - {}
RESULT: {}
COMMAND: POST /session/8d9404e4e9bea3f53a5c3520fcd44aec/element - {"using":"xpath","value":"//bdi[contains(text(), \"Commercial\")]"}
RESULT: {"using":"xpath","value":"//bdi[contains(text(), \"Commercial\")]"}
COMMAND: POST /session/8d9404e4e9bea3f53a5c3520fcd44aec/element/f.7EA17D048601C53176965B9346C1EB3C.d.79570417F4A103FF238DB536A2B53946.e.1415/click - {}
RESULT: {}
COMMAND: GET /session/8d9404e4e9bea3f53a5c3520fcd44aec/screenshot - {}
RESULT: {}
COMMAND: POST /session/8d9404e4e9bea3f53a5c3520fcd44aec/execute/async - {"script":"<script> [1562 bytes]","args":[{"selector":{"id":"application-managepartners-display-component---NewPartner--partnerDetailInternal-arrow"},"wdio_ui5_key":"applicationmanagepartners-display-component---NewPartner--partnerDetailInternal-arrow"}]}
RESULT: {"script":"<script> [1562 bytes]","args":[{"selector":{"id":"application-managepartners-display-component---NewPartner--partnerDetailInternal-arrow"},"wdio_ui5_key":"applicationmanagepartners-display-component---NewPartner--partnerDetailInternal-arrow"}]}
RESULT: undefined
COMMAND: POST /session/8d9404e4e9bea3f53a5c3520fcd44aec/element - {"using":"xpath","value":"//*[@id=\"application-managepartners-display-component---NewPartner--partnerDetailInternal-arrow\"]"}
RESULT: {"using":"xpath","value":"//*[@id=\"application-managepartners-display-component---NewPartner--partnerDetailInternal-arrow\"]"}
COMMAND: POST /session/8d9404e4e9bea3f53a5c3520fcd44aec/element/f.7EA17D048601C53176965B9346C1EB3C.d.79570417F4A103FF238DB536A2B53946.e.1419/click - {}
RESULT: {}
COMMAND: POST /session/8d9404e4e9bea3f53a5c3520fcd44aec/element - {"using":"xpath","value":"//span[contains(text(), \"External partner\")]"}
COMMAND: GET /session/8d9404e4e9bea3f53a5c3520fcd44aec/screenshot - {}
RESULT: {"using":"xpath","value":"//span[contains(text(), \"External partner\")]"}
COMMAND: POST /session/8d9404e4e9bea3f53a5c3520fcd44aec/element/f.7EA17D048601C53176965B9346C1EB3C.d.79570417F4A103FF238DB536A2B53946.e.1423/click - {}
RESULT: {}
RESULT: {}
COMMAND: POST /session/8d9404e4e9bea3f53a5c3520fcd44aec/execute/async - {"script":"<script> [1562 bytes]","args":[{"selector":{"id":"application-managepartners-display-component---NewPartner--partnerDetailsCurrency-arrow"},"wdio_ui5_key":"applicationmanagepartners-display-component---NewPartner--partnerDetailsCurrency-arrow"}]}
COMMAND: GET /session/8d9404e4e9bea3f53a5c3520fcd44aec/screenshot - {}
RESULT: {"script":"<script> [1562 bytes]","args":[{"selector":{"id":"application-managepartners-display-component---NewPartner--partnerDetailsCurrency-arrow"},"wdio_ui5_key":"applicationmanagepartners-display-component---NewPartner--partnerDetailsCurrency-arrow"}]}
RESULT: undefined
COMMAND: POST /session/8d9404e4e9bea3f53a5c3520fcd44aec/element - {"using":"xpath","value":"//*[@id=\"application-managepartners-display-component---NewPartner--partnerDetailsCurrency-arrow\"]"}
RESULT: {}
RESULT: {"using":"xpath","value":"//*[@id=\"application-managepartners-display-component---NewPartner--partnerDetailsCurrency-arrow\"]"}
COMMAND: POST /session/8d9404e4e9bea3f53a5c3520fcd44aec/element/f.7EA17D048601C53176965B9346C1EB3C.d.79570417F4A103FF238DB536A2B53946.e.1428/click - {}
RESULT: {}
COMMAND: POST /session/8d9404e4e9bea3f53a5c3520fcd44aec/element - {"using":"xpath","value":"//span[contains(text(), \"US Dollar\")]"}
COMMAND: GET /session/8d9404e4e9bea3f53a5c3520fcd44aec/screenshot - {}
RESULT: {"using":"xpath","value":"//span[contains(text(), \"US Dollar\")]"}
COMMAND: POST /session/8d9404e4e9bea3f53a5c3520fcd44aec/element/f.7EA17D048601C53176965B9346C1EB3C.d.79570417F4A103FF238DB536A2B53946.e.1429/click - {}
RESULT: {}
RESULT: {}
COMMAND: GET /session/8d9404e4e9bea3f53a5c3520fcd44aec/screenshot - {}
RESULT: {}
COMMAND: POST /session/8d9404e4e9bea3f53a5c3520fcd44aec/element - {"using":"xpath","value":"//input[@id=\"application-managepartners-display-component---NewPartner--companyCodeComboBox-inner\"]"}
RESULT: {"using":"xpath","value":"//input[@id=\"application-managepartners-display-component---NewPartner--companyCodeComboBox-inner\"]"}
COMMAND: POST /session/8d9404e4e9bea3f53a5c3520fcd44aec/element/f.7EA17D048601C53176965B9346C1EB3C.d.79570417F4A103FF238DB536A2B53946.e.1277/clear - {}
RESULT: {}
COMMAND: POST /session/8d9404e4e9bea3f53a5c3520fcd44aec/element/f.7EA17D048601C53176965B9346C1EB3C.d.79570417F4A103FF238DB536A2B53946.e.1277/value - {"text":"C002"}
COMMAND: GET /session/8d9404e4e9bea3f53a5c3520fcd44aec/screenshot - {}
RESULT: {"text":"C002"}
COMMAND: GET /session/8d9404e4e9bea3f53a5c3520fcd44aec/screenshot - {}
RESULT: {}
RESULT: {}
COMMAND: POST /session/8d9404e4e9bea3f53a5c3520fcd44aec/element - {"using":"xpath","value":"//li[.//span[text()= \"C002\"]]"}
RESULT: {"using":"xpath","value":"//li[.//span[text()= \"C002\"]]"}
COMMAND: POST /session/8d9404e4e9bea3f53a5c3520fcd44aec/element/f.7EA17D048601C53176965B9346C1EB3C.d.79570417F4A103FF238DB536A2B53946.e.1433/click - {}
RESULT: {}
COMMAND: GET /session/8d9404e4e9bea3f53a5c3520fcd44aec/screenshot - {}
RESULT: {}
COMMAND: POST /session/8d9404e4e9bea3f53a5c3520fcd44aec/execute/async - {"script":"<script> [1562 bytes]","args":[{"selector":{"id":"application-managepartners-display-component---NewPartner--btnAddTableRow-img"},"wdio_ui5_key":"applicationmanagepartners-display-component---NewPartner--btnAddTableRow-img"}]}
RESULT: {"script":"<script> [1562 bytes]","args":[{"selector":{"id":"application-managepartners-display-component---NewPartner--btnAddTableRow-img"},"wdio_ui5_key":"applicationmanagepartners-display-component---NewPartner--btnAddTableRow-img"}]}
RESULT: undefined
COMMAND: POST /session/8d9404e4e9bea3f53a5c3520fcd44aec/element - {"using":"xpath","value":"//*[@id=\"application-managepartners-display-component---NewPartner--btnAddTableRow-img\"]"}
RESULT: {"using":"xpath","value":"//*[@id=\"application-managepartners-display-component---NewPartner--btnAddTableRow-img\"]"}
COMMAND: POST /session/8d9404e4e9bea3f53a5c3520fcd44aec/element/f.7EA17D048601C53176965B9346C1EB3C.d.79570417F4A103FF238DB536A2B53946.e.1434/click - {}
RESULT: {}
COMMAND: GET /session/8d9404e4e9bea3f53a5c3520fcd44aec/screenshot - {}
RESULT: {}
COMMAND: POST /session/8d9404e4e9bea3f53a5c3520fcd44aec/element - {"using":"xpath","value":"//input[@id=\"application-managepartners-display-component---NewPartner--assignmentYard-application-managepartners-display-component---NewPartner--assignmentsTable-0-inner\"]"}
RESULT: {"using":"xpath","value":"//input[@id=\"application-managepartners-display-component---NewPartner--assignmentYard-application-managepartners-display-component---NewPartner--assignmentsTable-0-inner\"]"}
COMMAND: POST /session/8d9404e4e9bea3f53a5c3520fcd44aec/element/f.7EA17D048601C53176965B9346C1EB3C.d.79570417F4A103FF238DB536A2B53946.e.1437/clear - {}
RESULT: {}
COMMAND: POST /session/8d9404e4e9bea3f53a5c3520fcd44aec/element/f.7EA17D048601C53176965B9346C1EB3C.d.79570417F4A103FF238DB536A2B53946.e.1437/value - {"text":"233"}
COMMAND: GET /session/8d9404e4e9bea3f53a5c3520fcd44aec/screenshot - {}
RESULT: {"text":"233"}
COMMAND: GET /session/8d9404e4e9bea3f53a5c3520fcd44aec/screenshot - {}
RESULT: {}
RESULT: {}
COMMAND: POST /session/8d9404e4e9bea3f53a5c3520fcd44aec/element - {"using":"xpath","value":"//li[.//span[text()='233']]"}
RESULT: {"using":"xpath","value":"//li[.//span[text()='233']]"}
COMMAND: POST /session/8d9404e4e9bea3f53a5c3520fcd44aec/element/f.7EA17D048601C53176965B9346C1EB3C.d.79570417F4A103FF238DB536A2B53946.e.1445/click - {}
RESULT: {}
COMMAND: GET /session/8d9404e4e9bea3f53a5c3520fcd44aec/screenshot - {}
RESULT: {}
COMMAND: POST /session/8d9404e4e9bea3f53a5c3520fcd44aec/actions - {"actions":[{"id":"action2","type":"key","parameters":{},"actions":[{"type":"keyDown","value":""},{"type":"pause","duration":10},{"type":"keyUp","value":""}]}]}
RESULT: {"actions":[{"id":"action2","type":"key","parameters":{},"actions":[{"type":"keyDown","value":""},{"type":"pause","duration":10},{"type":"keyUp","value":""}]}]}
COMMAND: POST /session/8d9404e4e9bea3f53a5c3520fcd44aec/element - {"using":"xpath","value":"//td[contains(@id, \"assignmentsTable-0-cell2\")]/div/div"}
COMMAND: GET /session/8d9404e4e9bea3f53a5c3520fcd44aec/screenshot - {}
RESULT: {"using":"xpath","value":"//td[contains(@id, \"assignmentsTable-0-cell2\")]/div/div"}
COMMAND: POST /session/8d9404e4e9bea3f53a5c3520fcd44aec/element/f.7EA17D048601C53176965B9346C1EB3C.d.79570417F4A103FF238DB536A2B53946.e.1448/click - {}
RESULT: {}
RESULT: {}
COMMAND: GET /session/8d9404e4e9bea3f53a5c3520fcd44aec/screenshot - {}
RESULT: {}
COMMAND: POST /session/8d9404e4e9bea3f53a5c3520fcd44aec/element - {"using":"xpath","value":"//button[@data-kt=\"saveButton\"]"}
RESULT: {"using":"xpath","value":"//button[@data-kt=\"saveButton\"]"}
COMMAND: POST /session/8d9404e4e9bea3f53a5c3520fcd44aec/element/f.7EA17D048601C53176965B9346C1EB3C.d.79570417F4A103FF238DB536A2B53946.e.1395/click - {}
RESULT: {}
COMMAND: GET /session/8d9404e4e9bea3f53a5c3520fcd44aec/screenshot - {}
RESULT: {}
COMMAND: POST /session/8d9404e4e9bea3f53a5c3520fcd44aec/element - {"using":"xpath","value":"//header[contains(@id, 'ObjectPageLayout-headerTitle')]/div[1]/div[2]/div[2]/span[1]"}
RESULT: {"using":"xpath","value":"//header[contains(@id, 'ObjectPageLayout-headerTitle')]/div[1]/div[2]/div[2]/span[1]"}
COMMAND: POST /session/8d9404e4e9bea3f53a5c3520fcd44aec/elements - {"using":"xpath","value":"//header[contains(@id, 'ObjectPageLayout-headerTitle')]/div[1]/div[2]/div[2]/span[1]"}
RESULT: {"using":"xpath","value":"//header[contains(@id, 'ObjectPageLayout-headerTitle')]/div[1]/div[2]/div[2]/span[1]"}
COMMAND: POST /session/8d9404e4e9bea3f53a5c3520fcd44aec/execute/sync - {"script":"<script> [56 bytes]","args":[{"element-6066-11e4-a52e-4f735466cecf":"f.7EA17D048601C53176965B9346C1EB3C.d.79570417F4A103FF238DB536A2B53946.e.1588","ELEMENT":"f.7EA17D048601C53176965B9346C1EB3C.d.79570417F4A103FF238DB536A2B53946.e.1588"}]}
RESULT: {"script":"<script> [56 bytes]","args":[{"element-6066-11e4-a52e-4f735466cecf":"f.7EA17D048601C53176965B9346C1EB3C.d.79570417F4A103FF238DB536A2B53946.e.1588","ELEMENT":"f.7EA17D048601C53176965B9346C1EB3C.d.79570417F4A103FF238DB536A2B53946.e.1588"}]}
COMMAND: POST /session/8d9404e4e9bea3f53a5c3520fcd44aec/element - {"using":"css selector","value":"#shell-header-logo"}
COMMAND: GET /session/8d9404e4e9bea3f53a5c3520fcd44aec/screenshot - {}
RESULT: {"using":"css selector","value":"#shell-header-logo"}
COMMAND: POST /session/8d9404e4e9bea3f53a5c3520fcd44aec/element/f.7EA17D048601C53176965B9346C1EB3C.d.79570417F4A103FF238DB536A2B53946.e.973/click - {}
RESULT: {}
RESULT: {}
COMMAND: GET /session/8d9404e4e9bea3f53a5c3520fcd44aec/screenshot - {}
RESULT: {}
COMMAND: POST /session/8d9404e4e9bea3f53a5c3520fcd44aec/execute/sync - {"script":"<script> [299 bytes]","args":[["getModel","getResource"]]}
RESULT: {"script":"<script> [299 bytes]","args":[["getModel","getResource"]]}
]]></system-out>
    </testcase>
    <testcase classname="chrome.136_0_7103_93.windows.Partner_specific_tests_US150819_US151080_US151654_US151176_US103444_US151078_US151079_US151109_US151174_US151175_US151189" name="Should filter and search partners US151080" time="100.952">
      <system-out><![CDATA[
COMMAND: POST /session/8d9404e4e9bea3f53a5c3520fcd44aec/element - {"using":"xpath","value":"//li[.//span[text()=\"Manage Partners\"]]"}
COMMAND: GET /session/8d9404e4e9bea3f53a5c3520fcd44aec/screenshot - {}
RESULT: {"using":"xpath","value":"//li[.//span[text()=\"Manage Partners\"]]"}
COMMAND: POST /session/8d9404e4e9bea3f53a5c3520fcd44aec/element - {"using":"xpath","value":"//li[.//span[text()=\"Manage Partners\"]]"}
RESULT: {}
RESULT: {"using":"xpath","value":"//li[.//span[text()=\"Manage Partners\"]]"}
COMMAND: POST /session/8d9404e4e9bea3f53a5c3520fcd44aec/element - {"using":"css selector","value":"#shell-header-logo"}
RESULT: {"using":"css selector","value":"#shell-header-logo"}
COMMAND: POST /session/8d9404e4e9bea3f53a5c3520fcd44aec/element/f.7EA17D048601C53176965B9346C1EB3C.d.79570417F4A103FF238DB536A2B53946.e.1590/click - {}
COMMAND: POST /session/8d9404e4e9bea3f53a5c3520fcd44aec/execute/sync - {"script":"<script> [8489 bytes]","args":[{"element-6066-11e4-a52e-4f735466cecf":"f.7EA17D048601C53176965B9346C1EB3C.d.79570417F4A103FF238DB536A2B53946.e.1590","ELEMENT":"f.7EA17D048601C53176965B9346C1EB3C.d.79570417F4A103FF238DB536A2B53946.e.1590"}]}
RESULT: {}
COMMAND: GET /session/8d9404e4e9bea3f53a5c3520fcd44aec/screenshot - {}
RESULT: {"script":"<script> [8489 bytes]","args":[{"element-6066-11e4-a52e-4f735466cecf":"f.7EA17D048601C53176965B9346C1EB3C.d.79570417F4A103FF238DB536A2B53946.e.1590","ELEMENT":"f.7EA17D048601C53176965B9346C1EB3C.d.79570417F4A103FF238DB536A2B53946.e.1590"}]}
COMMAND: POST /session/8d9404e4e9bea3f53a5c3520fcd44aec/execute/sync - {"script":"<script> [5351 bytes]","args":[{"element-6066-11e4-a52e-4f735466cecf":"f.7EA17D048601C53176965B9346C1EB3C.d.79570417F4A103FF238DB536A2B53946.e.1590","ELEMENT":"f.7EA17D048601C53176965B9346C1EB3C.d.79570417F4A103FF238DB536A2B53946.e.1590"}]}
COMMAND: GET /session/8d9404e4e9bea3f53a5c3520fcd44aec/screenshot - {}
RESULT: {}
RESULT: {"script":"<script> [5351 bytes]","args":[{"element-6066-11e4-a52e-4f735466cecf":"f.7EA17D048601C53176965B9346C1EB3C.d.79570417F4A103FF238DB536A2B53946.e.1590","ELEMENT":"f.7EA17D048601C53176965B9346C1EB3C.d.79570417F4A103FF238DB536A2B53946.e.1590"}]}
COMMAND: GET /session/8d9404e4e9bea3f53a5c3520fcd44aec/screenshot - {}
RESULT: {}
RESULT: {}
RESULT: undefined
COMMAND: POST /session/8d9404e4e9bea3f53a5c3520fcd44aec/element - {"using":"xpath","value":"//*[@id=\"__tile38\"]"}
RESULT: {"using":"xpath","value":"//*[@id=\"__tile38\"]"}
COMMAND: POST /session/8d9404e4e9bea3f53a5c3520fcd44aec/element/f.7EA17D048601C53176965B9346C1EB3C.d.79570417F4A103FF238DB536A2B53946.e.154/click - {}
RESULT: {}
COMMAND: GET /session/8d9404e4e9bea3f53a5c3520fcd44aec/screenshot - {}
RESULT: {}
COMMAND: POST /session/8d9404e4e9bea3f53a5c3520fcd44aec/elements - {"using":"xpath","value":"//span[text()='Error']"}
RESULT: {"using":"xpath","value":"//span[text()='Error']"}
COMMAND: POST /session/8d9404e4e9bea3f53a5c3520fcd44aec/element - {"using":"xpath","value":"//button[@data-kt=\"addButton\"]"}
RESULT: {"using":"xpath","value":"//button[@data-kt=\"addButton\"]"}
COMMAND: POST /session/8d9404e4e9bea3f53a5c3520fcd44aec/elements - {"using":"xpath","value":"//button[@data-kt=\"addButton\"]"}
RESULT: {"using":"xpath","value":"//button[@data-kt=\"addButton\"]"}
COMMAND: POST /session/8d9404e4e9bea3f53a5c3520fcd44aec/execute/sync - {"script":"<script> [8489 bytes]","args":[{"element-6066-11e4-a52e-4f735466cecf":"f.7EA17D048601C53176965B9346C1EB3C.d.79570417F4A103FF238DB536A2B53946.e.1636","ELEMENT":"f.7EA17D048601C53176965B9346C1EB3C.d.79570417F4A103FF238DB536A2B53946.e.1636"}]}
RESULT: {"script":"<script> [8489 bytes]","args":[{"element-6066-11e4-a52e-4f735466cecf":"f.7EA17D048601C53176965B9346C1EB3C.d.79570417F4A103FF238DB536A2B53946.e.1636","ELEMENT":"f.7EA17D048601C53176965B9346C1EB3C.d.79570417F4A103FF238DB536A2B53946.e.1636"}]}
COMMAND: GET /session/8d9404e4e9bea3f53a5c3520fcd44aec/element/f.7EA17D048601C53176965B9346C1EB3C.d.79570417F4A103FF238DB536A2B53946.e.1636/enabled - {}
COMMAND: GET /session/8d9404e4e9bea3f53a5c3520fcd44aec/screenshot - {}
RESULT: {}
COMMAND: POST /session/8d9404e4e9bea3f53a5c3520fcd44aec/execute/sync - {"script":"<script> [8489 bytes]","args":[{"element-6066-11e4-a52e-4f735466cecf":"f.7EA17D048601C53176965B9346C1EB3C.d.79570417F4A103FF238DB536A2B53946.e.1636","ELEMENT":"f.7EA17D048601C53176965B9346C1EB3C.d.79570417F4A103FF238DB536A2B53946.e.1636"}]}
COMMAND: GET /session/8d9404e4e9bea3f53a5c3520fcd44aec/screenshot - {}
RESULT: {}
RESULT: {"script":"<script> [8489 bytes]","args":[{"element-6066-11e4-a52e-4f735466cecf":"f.7EA17D048601C53176965B9346C1EB3C.d.79570417F4A103FF238DB536A2B53946.e.1636","ELEMENT":"f.7EA17D048601C53176965B9346C1EB3C.d.79570417F4A103FF238DB536A2B53946.e.1636"}]}
COMMAND: POST /session/8d9404e4e9bea3f53a5c3520fcd44aec/execute/sync - {"script":"<script> [5351 bytes]","args":[{"element-6066-11e4-a52e-4f735466cecf":"f.7EA17D048601C53176965B9346C1EB3C.d.79570417F4A103FF238DB536A2B53946.e.1636","ELEMENT":"f.7EA17D048601C53176965B9346C1EB3C.d.79570417F4A103FF238DB536A2B53946.e.1636"}]}
COMMAND: GET /session/8d9404e4e9bea3f53a5c3520fcd44aec/screenshot - {}
RESULT: {}
RESULT: {"script":"<script> [5351 bytes]","args":[{"element-6066-11e4-a52e-4f735466cecf":"f.7EA17D048601C53176965B9346C1EB3C.d.79570417F4A103FF238DB536A2B53946.e.1636","ELEMENT":"f.7EA17D048601C53176965B9346C1EB3C.d.79570417F4A103FF238DB536A2B53946.e.1636"}]}
COMMAND: GET /session/8d9404e4e9bea3f53a5c3520fcd44aec/screenshot - {}
RESULT: {}
RESULT: {}
COMMAND: POST /session/8d9404e4e9bea3f53a5c3520fcd44aec/execute/async - {"script":"<script> [1562 bytes]","args":[{"selector":{"id":"application-managepartners-display-component---masterPtm--smartTable-btnPersonalisation-img"},"wdio_ui5_key":"applicationmanagepartners-display-component---masterPtm--smartTable-btnPersonalisation-img"}]}
RESULT: {"script":"<script> [1562 bytes]","args":[{"selector":{"id":"application-managepartners-display-component---masterPtm--smartTable-btnPersonalisation-img"},"wdio_ui5_key":"applicationmanagepartners-display-component---masterPtm--smartTable-btnPersonalisation-img"}]}
RESULT: undefined
COMMAND: POST /session/8d9404e4e9bea3f53a5c3520fcd44aec/element - {"using":"xpath","value":"//*[@id=\"application-managepartners-display-component---masterPtm--smartTable-btnPersonalisation-img\"]"}
RESULT: {"using":"xpath","value":"//*[@id=\"application-managepartners-display-component---masterPtm--smartTable-btnPersonalisation-img\"]"}
COMMAND: POST /session/8d9404e4e9bea3f53a5c3520fcd44aec/element/f.7EA17D048601C53176965B9346C1EB3C.d.79570417F4A103FF238DB536A2B53946.e.1641/click - {}
RESULT: {}
COMMAND: GET /session/8d9404e4e9bea3f53a5c3520fcd44aec/screenshot - {}
RESULT: {}
COMMAND: POST /session/8d9404e4e9bea3f53a5c3520fcd44aec/execute/async - {"script":"<script> [1562 bytes]","args":[{"selector":{"controlType":"sap.m.IconTabFilter","viewName":"etm.portal.ui.managepartners.view.Master","viewId":"application-managepartners-display-component---masterPtm","properties":{"text":"Sort"},"searchOpenDialogs":true,"interaction":{"idSuffix":"text"}},"wdio_ui5_key":"etmportal.ui.managepartners.view.Mastersap.m.IconTabFilter{\"text\":\"Sort\"}"}]}
RESULT: {"script":"<script> [1562 bytes]","args":[{"selector":{"controlType":"sap.m.IconTabFilter","viewName":"etm.portal.ui.managepartners.view.Master","viewId":"application-managepartners-display-component---masterPtm","properties":{"text":"Sort"},"searchOpenDialogs":true,"interaction":{"idSuffix":"text"}},"wdio_ui5_key":"etmportal.ui.managepartners.view.Mastersap.m.IconTabFilter{\"text\":\"Sort\"}"}]}
RESULT: undefined
COMMAND: POST /session/8d9404e4e9bea3f53a5c3520fcd44aec/element - {"using":"xpath","value":"//*[@id=\"__filter1\"]"}
RESULT: {"using":"xpath","value":"//*[@id=\"__filter1\"]"}
COMMAND: POST /session/8d9404e4e9bea3f53a5c3520fcd44aec/element/f.7EA17D048601C53176965B9346C1EB3C.d.79570417F4A103FF238DB536A2B53946.e.1762/click - {}
RESULT: {}
COMMAND: GET /session/8d9404e4e9bea3f53a5c3520fcd44aec/screenshot - {}
RESULT: {}
COMMAND: POST /session/8d9404e4e9bea3f53a5c3520fcd44aec/element - {"using":"xpath","value":"//input[@placeholder=\"Sort by\"]/following-sibling::div//span"}
RESULT: {"using":"xpath","value":"//input[@placeholder=\"Sort by\"]/following-sibling::div//span"}
COMMAND: POST /session/8d9404e4e9bea3f53a5c3520fcd44aec/element/f.7EA17D048601C53176965B9346C1EB3C.d.79570417F4A103FF238DB536A2B53946.e.1764/click - {}
RESULT: {}
COMMAND: GET /session/8d9404e4e9bea3f53a5c3520fcd44aec/screenshot - {}
RESULT: {}
COMMAND: POST /session/8d9404e4e9bea3f53a5c3520fcd44aec/element - {"using":"xpath","value":"//li[.//span[text()=\"Language\"]]"}
RESULT: {"using":"xpath","value":"//li[.//span[text()=\"Language\"]]"}
COMMAND: POST /session/8d9404e4e9bea3f53a5c3520fcd44aec/element/f.7EA17D048601C53176965B9346C1EB3C.d.79570417F4A103FF238DB536A2B53946.e.1765/click - {}
RESULT: {}
COMMAND: GET /session/8d9404e4e9bea3f53a5c3520fcd44aec/screenshot - {}
RESULT: {}
COMMAND: POST /session/8d9404e4e9bea3f53a5c3520fcd44aec/element - {"using":"xpath","value":"//bdi[contains(text(), \"OK\")]"}
RESULT: {"using":"xpath","value":"//bdi[contains(text(), \"OK\")]"}
COMMAND: POST /session/8d9404e4e9bea3f53a5c3520fcd44aec/element/f.7EA17D048601C53176965B9346C1EB3C.d.79570417F4A103FF238DB536A2B53946.e.1769/click - {}
RESULT: {}
COMMAND: GET /session/8d9404e4e9bea3f53a5c3520fcd44aec/screenshot - {}
RESULT: {}
COMMAND: POST /session/8d9404e4e9bea3f53a5c3520fcd44aec/element - {"using":"xpath","value":"//table[contains(@id, \"customPartnersTable\")]//tbody/tr[1]/td[3]/span"}
RESULT: {"using":"xpath","value":"//table[contains(@id, \"customPartnersTable\")]//tbody/tr[1]/td[3]/span"}
COMMAND: POST /session/8d9404e4e9bea3f53a5c3520fcd44aec/execute/sync - {"script":"<script> [56 bytes]","args":[{"element-6066-11e4-a52e-4f735466cecf":"f.7EA17D048601C53176965B9346C1EB3C.d.79570417F4A103FF238DB536A2B53946.e.1880","ELEMENT":"f.7EA17D048601C53176965B9346C1EB3C.d.79570417F4A103FF238DB536A2B53946.e.1880"}]}
RESULT: {"script":"<script> [56 bytes]","args":[{"element-6066-11e4-a52e-4f735466cecf":"f.7EA17D048601C53176965B9346C1EB3C.d.79570417F4A103FF238DB536A2B53946.e.1880","ELEMENT":"f.7EA17D048601C53176965B9346C1EB3C.d.79570417F4A103FF238DB536A2B53946.e.1880"}]}
RESULT: undefined
COMMAND: POST /session/8d9404e4e9bea3f53a5c3520fcd44aec/element - {"using":"xpath","value":"//*[@id=\"application-managepartners-display-component---masterPtm--smartTable-btnPersonalisation-img\"]"}
COMMAND: GET /session/8d9404e4e9bea3f53a5c3520fcd44aec/screenshot - {}
RESULT: {"using":"xpath","value":"//*[@id=\"application-managepartners-display-component---masterPtm--smartTable-btnPersonalisation-img\"]"}
COMMAND: POST /session/8d9404e4e9bea3f53a5c3520fcd44aec/element/f.7EA17D048601C53176965B9346C1EB3C.d.79570417F4A103FF238DB536A2B53946.e.1641/click - {}
RESULT: {}
RESULT: {}
COMMAND: GET /session/8d9404e4e9bea3f53a5c3520fcd44aec/screenshot - {}
RESULT: {}
COMMAND: POST /session/8d9404e4e9bea3f53a5c3520fcd44aec/element - {"using":"xpath","value":"//bdi[contains(text(), \"Reset\")]"}
RESULT: {"using":"xpath","value":"//bdi[contains(text(), \"Reset\")]"}
COMMAND: POST /session/8d9404e4e9bea3f53a5c3520fcd44aec/element/f.7EA17D048601C53176965B9346C1EB3C.d.79570417F4A103FF238DB536A2B53946.e.1887/click - {}
RESULT: {}
COMMAND: GET /session/8d9404e4e9bea3f53a5c3520fcd44aec/screenshot - {}
RESULT: {}
COMMAND: POST /session/8d9404e4e9bea3f53a5c3520fcd44aec/element - {"using":"xpath","value":"(//bdi[contains(text(), \"OK\")])[2]"}
RESULT: {"using":"xpath","value":"(//bdi[contains(text(), \"OK\")])[2]"}
COMMAND: POST /session/8d9404e4e9bea3f53a5c3520fcd44aec/element/f.7EA17D048601C53176965B9346C1EB3C.d.79570417F4A103FF238DB536A2B53946.e.1889/click - {}
RESULT: {}
COMMAND: GET /session/8d9404e4e9bea3f53a5c3520fcd44aec/screenshot - {}
RESULT: {}
COMMAND: POST /session/8d9404e4e9bea3f53a5c3520fcd44aec/element - {"using":"xpath","value":"//bdi[contains(text(), \"OK\")]"}
RESULT: {"using":"xpath","value":"//bdi[contains(text(), \"OK\")]"}
COMMAND: POST /session/8d9404e4e9bea3f53a5c3520fcd44aec/element/f.7EA17D048601C53176965B9346C1EB3C.d.79570417F4A103FF238DB536A2B53946.e.1932/click - {}
RESULT: {}
COMMAND: GET /session/8d9404e4e9bea3f53a5c3520fcd44aec/screenshot - {}
RESULT: {}
COMMAND: POST /session/8d9404e4e9bea3f53a5c3520fcd44aec/element - {"using":"xpath","value":"//table[contains(@id, \"customPartnersTable\")]//tbody/tr[1]/td[3]/span"}
RESULT: {"using":"xpath","value":"//table[contains(@id, \"customPartnersTable\")]//tbody/tr[1]/td[3]/span"}
COMMAND: POST /session/8d9404e4e9bea3f53a5c3520fcd44aec/execute/sync - {"script":"<script> [56 bytes]","args":[{"element-6066-11e4-a52e-4f735466cecf":"f.7EA17D048601C53176965B9346C1EB3C.d.79570417F4A103FF238DB536A2B53946.e.1935","ELEMENT":"f.7EA17D048601C53176965B9346C1EB3C.d.79570417F4A103FF238DB536A2B53946.e.1935"}]}
RESULT: {"script":"<script> [56 bytes]","args":[{"element-6066-11e4-a52e-4f735466cecf":"f.7EA17D048601C53176965B9346C1EB3C.d.79570417F4A103FF238DB536A2B53946.e.1935","ELEMENT":"f.7EA17D048601C53176965B9346C1EB3C.d.79570417F4A103FF238DB536A2B53946.e.1935"}]}
RESULT: undefined
COMMAND: POST /session/8d9404e4e9bea3f53a5c3520fcd44aec/element - {"using":"xpath","value":"//*[@id=\"application-managepartners-display-component---masterPtm--smartTable-btnPersonalisation-img\"]"}
COMMAND: GET /session/8d9404e4e9bea3f53a5c3520fcd44aec/screenshot - {}
RESULT: {"using":"xpath","value":"//*[@id=\"application-managepartners-display-component---masterPtm--smartTable-btnPersonalisation-img\"]"}
COMMAND: POST /session/8d9404e4e9bea3f53a5c3520fcd44aec/element/f.7EA17D048601C53176965B9346C1EB3C.d.79570417F4A103FF238DB536A2B53946.e.1641/click - {}
RESULT: {}
RESULT: {}
COMMAND: GET /session/8d9404e4e9bea3f53a5c3520fcd44aec/screenshot - {}
RESULT: {}
COMMAND: POST /session/8d9404e4e9bea3f53a5c3520fcd44aec/execute/async - {"script":"<script> [1562 bytes]","args":[{"selector":{"controlType":"sap.m.IconTabFilter","viewName":"etm.portal.ui.managepartners.view.Master","viewId":"application-managepartners-display-component---masterPtm","properties":{"text":"Filter"},"searchOpenDialogs":true,"interaction":{"idSuffix":"text"}},"wdio_ui5_key":"etmportal.ui.managepartners.view.Mastersap.m.IconTabFilter{\"text\":\"Filter\"}"}]}
RESULT: {"script":"<script> [1562 bytes]","args":[{"selector":{"controlType":"sap.m.IconTabFilter","viewName":"etm.portal.ui.managepartners.view.Master","viewId":"application-managepartners-display-component---masterPtm","properties":{"text":"Filter"},"searchOpenDialogs":true,"interaction":{"idSuffix":"text"}},"wdio_ui5_key":"etmportal.ui.managepartners.view.Mastersap.m.IconTabFilter{\"text\":\"Filter\"}"}]}
RESULT: undefined
COMMAND: POST /session/8d9404e4e9bea3f53a5c3520fcd44aec/element - {"using":"xpath","value":"//*[@id=\"__filter10\"]"}
RESULT: {"using":"xpath","value":"//*[@id=\"__filter10\"]"}
COMMAND: POST /session/8d9404e4e9bea3f53a5c3520fcd44aec/element/f.7EA17D048601C53176965B9346C1EB3C.d.79570417F4A103FF238DB536A2B53946.e.1940/click - {}
RESULT: {}
COMMAND: GET /session/8d9404e4e9bea3f53a5c3520fcd44aec/screenshot - {}
RESULT: {}
COMMAND: POST /session/8d9404e4e9bea3f53a5c3520fcd44aec/element - {"using":"xpath","value":"//input[@placeholder=\"Filter by\"]/following-sibling::div//span"}
RESULT: {"using":"xpath","value":"//input[@placeholder=\"Filter by\"]/following-sibling::div//span"}
COMMAND: POST /session/8d9404e4e9bea3f53a5c3520fcd44aec/element/f.7EA17D048601C53176965B9346C1EB3C.d.79570417F4A103FF238DB536A2B53946.e.1942/click - {}
RESULT: {}
COMMAND: GET /session/8d9404e4e9bea3f53a5c3520fcd44aec/screenshot - {}
RESULT: {}
COMMAND: POST /session/8d9404e4e9bea3f53a5c3520fcd44aec/element - {"using":"xpath","value":"//li[.//span[text()=\"Preferred Yard\"]]"}
RESULT: {"using":"xpath","value":"//li[.//span[text()=\"Preferred Yard\"]]"}
COMMAND: POST /session/8d9404e4e9bea3f53a5c3520fcd44aec/element/f.7EA17D048601C53176965B9346C1EB3C.d.79570417F4A103FF238DB536A2B53946.e.1943/click - {}
RESULT: {}
COMMAND: GET /session/8d9404e4e9bea3f53a5c3520fcd44aec/screenshot - {}
RESULT: {}
COMMAND: POST /session/8d9404e4e9bea3f53a5c3520fcd44aec/execute/async - {"script":"<script> [1562 bytes]","args":[{"selector":{"id":"FilterPanel-filterItemControl_BASIC-application-managepartners-display-component---masterPtm--smartTable-YARDYARD-vhi","searchOpenDialogs":true},"wdio_ui5_key":"FilterPanelfilterItemControl_BASIC-application-managepartners-display-component---masterPtm--smartTable-YARDYARD-vhi"}]}
RESULT: {"script":"<script> [1562 bytes]","args":[{"selector":{"id":"FilterPanel-filterItemControl_BASIC-application-managepartners-display-component---masterPtm--smartTable-YARDYARD-vhi","searchOpenDialogs":true},"wdio_ui5_key":"FilterPanelfilterItemControl_BASIC-application-managepartners-display-component---masterPtm--smartTable-YARDYARD-vhi"}]}
RESULT: undefined
COMMAND: POST /session/8d9404e4e9bea3f53a5c3520fcd44aec/element - {"using":"xpath","value":"//*[@id=\"FilterPanel-filterItemControl_BASIC-application-managepartners-display-component---masterPtm--smartTable-YARDYARD-vhi\"]"}
RESULT: {"using":"xpath","value":"//*[@id=\"FilterPanel-filterItemControl_BASIC-application-managepartners-display-component---masterPtm--smartTable-YARDYARD-vhi\"]"}
COMMAND: POST /session/8d9404e4e9bea3f53a5c3520fcd44aec/element/f.7EA17D048601C53176965B9346C1EB3C.d.79570417F4A103FF238DB536A2B53946.e.1946/click - {}
RESULT: {}
COMMAND: GET /session/8d9404e4e9bea3f53a5c3520fcd44aec/screenshot - {}
RESULT: {}
COMMAND: POST /session/8d9404e4e9bea3f53a5c3520fcd44aec/execute/async - {"script":"<script> [1562 bytes]","args":[{"selector":{"id":"FilterPanel-filterItemControl_BASIC-application-managepartners-display-component---masterPtm--smartTable-YARDYARD-valueHelpDialog-smartFilterBar-btnBasicSearch","searchOpenDialogs":true,"interaction":{"idSuffix":"I"}},"wdio_ui5_key":"FilterPanelfilterItemControl_BASIC-application-managepartners-display-component---masterPtm--smartTable-YARDYARD-valueHelpDialog-smartFilterBar-btnBasicSearch"}]}
RESULT: {"script":"<script> [1562 bytes]","args":[{"selector":{"id":"FilterPanel-filterItemControl_BASIC-application-managepartners-display-component---masterPtm--smartTable-YARDYARD-valueHelpDialog-smartFilterBar-btnBasicSearch","searchOpenDialogs":true,"interaction":{"idSuffix":"I"}},"wdio_ui5_key":"FilterPanelfilterItemControl_BASIC-application-managepartners-display-component---masterPtm--smartTable-YARDYARD-valueHelpDialog-smartFilterBar-btnBasicSearch"}]}
RESULT: undefined
COMMAND: POST /session/8d9404e4e9bea3f53a5c3520fcd44aec/execute/async - {"script":"<script> [776 bytes]","args":[{"enterText":"233","selector":{"id":"FilterPanel-filterItemControl_BASIC-application-managepartners-display-component---masterPtm--smartTable-YARDYARD-valueHelpDialog-smartFilterBar-btnBasicSearch","searchOpenDialogs":true,"interaction":{"idSuffix":"I"}},"clearTextFirst":true,"interactionType":"ENTER_TEXT"}]}
RESULT: {"script":"<script> [776 bytes]","args":[{"enterText":"233","selector":{"id":"FilterPanel-filterItemControl_BASIC-application-managepartners-display-component---masterPtm--smartTable-YARDYARD-valueHelpDialog-smartFilterBar-btnBasicSearch","searchOpenDialogs":true,"interaction":{"idSuffix":"I"}},"clearTextFirst":true,"interactionType":"ENTER_TEXT"}]}
COMMAND: POST /session/8d9404e4e9bea3f53a5c3520fcd44aec/actions - {"actions":[{"id":"action3","type":"key","parameters":{},"actions":[{"type":"keyDown","value":""},{"type":"pause","duration":10},{"type":"keyUp","value":""}]}]}
RESULT: {"actions":[{"id":"action3","type":"key","parameters":{},"actions":[{"type":"keyDown","value":""},{"type":"pause","duration":10},{"type":"keyUp","value":""}]}]}
COMMAND: GET /session/8d9404e4e9bea3f53a5c3520fcd44aec/screenshot - {}
RESULT: {}
COMMAND: POST /session/8d9404e4e9bea3f53a5c3520fcd44aec/elements - {"using":"xpath","value":"//table[contains(@id, \"smartTable-YARDYARD-valueHelpDialog-table-table\")]/tbody/tr"}
RESULT: {"using":"xpath","value":"//table[contains(@id, \"smartTable-YARDYARD-valueHelpDialog-table-table\")]/tbody/tr"}
COMMAND: POST /session/8d9404e4e9bea3f53a5c3520fcd44aec/element - {"using":"xpath","value":"//table[contains(@id, \"smartTable-YARDYARD-valueHelpDialog-table-table\")]/tbody/tr[1]/td[1]/div/span"}
RESULT: {"using":"xpath","value":"//table[contains(@id, \"smartTable-YARDYARD-valueHelpDialog-table-table\")]/tbody/tr[1]/td[1]/div/span"}
COMMAND: POST /session/8d9404e4e9bea3f53a5c3520fcd44aec/elements - {"using":"xpath","value":"//table[contains(@id, \"smartTable-YARDYARD-valueHelpDialog-table-table\")]/tbody/tr[1]/td[1]/div/span"}
RESULT: {"using":"xpath","value":"//table[contains(@id, \"smartTable-YARDYARD-valueHelpDialog-table-table\")]/tbody/tr[1]/td[1]/div/span"}
COMMAND: POST /session/8d9404e4e9bea3f53a5c3520fcd44aec/execute/sync - {"script":"<script> [56 bytes]","args":[{"element-6066-11e4-a52e-4f735466cecf":"f.7EA17D048601C53176965B9346C1EB3C.d.79570417F4A103FF238DB536A2B53946.e.1965","ELEMENT":"f.7EA17D048601C53176965B9346C1EB3C.d.79570417F4A103FF238DB536A2B53946.e.1965"}]}
RESULT: {"script":"<script> [56 bytes]","args":[{"element-6066-11e4-a52e-4f735466cecf":"f.7EA17D048601C53176965B9346C1EB3C.d.79570417F4A103FF238DB536A2B53946.e.1965","ELEMENT":"f.7EA17D048601C53176965B9346C1EB3C.d.79570417F4A103FF238DB536A2B53946.e.1965"}]}
COMMAND: POST /session/8d9404e4e9bea3f53a5c3520fcd44aec/element - {"using":"xpath","value":"//div[contains(@id, \"YARDYARD-valueHelpDialog-table-rowsel0\")]"}
COMMAND: GET /session/8d9404e4e9bea3f53a5c3520fcd44aec/screenshot - {}
RESULT: {"using":"xpath","value":"//div[contains(@id, \"YARDYARD-valueHelpDialog-table-rowsel0\")]"}
COMMAND: POST /session/8d9404e4e9bea3f53a5c3520fcd44aec/element/f.7EA17D048601C53176965B9346C1EB3C.d.79570417F4A103FF238DB536A2B53946.e.1966/click - {}
RESULT: {}
RESULT: {}
COMMAND: GET /session/8d9404e4e9bea3f53a5c3520fcd44aec/screenshot - {}
RESULT: {}
COMMAND: POST /session/8d9404e4e9bea3f53a5c3520fcd44aec/element - {"using":"xpath","value":"(//bdi[contains(text(), \"OK\")])[2]"}
RESULT: {"using":"xpath","value":"(//bdi[contains(text(), \"OK\")])[2]"}
COMMAND: POST /session/8d9404e4e9bea3f53a5c3520fcd44aec/element/f.7EA17D048601C53176965B9346C1EB3C.d.79570417F4A103FF238DB536A2B53946.e.1968/click - {}
RESULT: {}
COMMAND: GET /session/8d9404e4e9bea3f53a5c3520fcd44aec/screenshot - {}
RESULT: {}
COMMAND: POST /session/8d9404e4e9bea3f53a5c3520fcd44aec/element - {"using":"xpath","value":"//bdi[contains(text(), \"OK\")]"}
RESULT: {"using":"xpath","value":"//bdi[contains(text(), \"OK\")]"}
COMMAND: POST /session/8d9404e4e9bea3f53a5c3520fcd44aec/element/f.7EA17D048601C53176965B9346C1EB3C.d.79570417F4A103FF238DB536A2B53946.e.1971/click - {}
RESULT: {}
COMMAND: GET /session/8d9404e4e9bea3f53a5c3520fcd44aec/screenshot - {}
RESULT: {}
COMMAND: POST /session/8d9404e4e9bea3f53a5c3520fcd44aec/element - {"using":"xpath","value":"//table[contains(@id, \"customPartnersTable\")]//tbody/tr[1]/td[3]/span"}
RESULT: {"using":"xpath","value":"//table[contains(@id, \"customPartnersTable\")]//tbody/tr[1]/td[3]/span"}
COMMAND: POST /session/8d9404e4e9bea3f53a5c3520fcd44aec/execute/sync - {"script":"<script> [56 bytes]","args":[{"element-6066-11e4-a52e-4f735466cecf":"f.7EA17D048601C53176965B9346C1EB3C.d.79570417F4A103FF238DB536A2B53946.e.2027","ELEMENT":"f.7EA17D048601C53176965B9346C1EB3C.d.79570417F4A103FF238DB536A2B53946.e.2027"}]}
RESULT: {"script":"<script> [56 bytes]","args":[{"element-6066-11e4-a52e-4f735466cecf":"f.7EA17D048601C53176965B9346C1EB3C.d.79570417F4A103FF238DB536A2B53946.e.2027","ELEMENT":"f.7EA17D048601C53176965B9346C1EB3C.d.79570417F4A103FF238DB536A2B53946.e.2027"}]}
COMMAND: POST /session/8d9404e4e9bea3f53a5c3520fcd44aec/element - {"using":"css selector","value":"#shell-header-logo"}
COMMAND: GET /session/8d9404e4e9bea3f53a5c3520fcd44aec/screenshot - {}
RESULT: {"using":"css selector","value":"#shell-header-logo"}
COMMAND: POST /session/8d9404e4e9bea3f53a5c3520fcd44aec/element/f.7EA17D048601C53176965B9346C1EB3C.d.79570417F4A103FF238DB536A2B53946.e.1590/click - {}
RESULT: {}
RESULT: {}
COMMAND: GET /session/8d9404e4e9bea3f53a5c3520fcd44aec/screenshot - {}
RESULT: {}
]]></system-out>
    </testcase>
    <testcase classname="chrome.136_0_7103_93.windows.Partner_specific_tests_US150819_US151080_US151654_US151176_US103444_US151078_US151079_US151109_US151174_US151175_US151189" name="Should deactivate the created partner in earlier step US151654" time="60.567">
      <system-out><![CDATA[
COMMAND: POST /session/8d9404e4e9bea3f53a5c3520fcd44aec/element - {"using":"xpath","value":"//li[.//span[text()=\"Manage Partners\"]]"}
RESULT: {"using":"xpath","value":"//li[.//span[text()=\"Manage Partners\"]]"}
COMMAND: POST /session/8d9404e4e9bea3f53a5c3520fcd44aec/element - {"using":"xpath","value":"//li[.//span[text()=\"Manage Partners\"]]"}
RESULT: {"using":"xpath","value":"//li[.//span[text()=\"Manage Partners\"]]"}
COMMAND: POST /session/8d9404e4e9bea3f53a5c3520fcd44aec/element - {"using":"css selector","value":"#shell-header-logo"}
RESULT: {"using":"css selector","value":"#shell-header-logo"}
COMMAND: POST /session/8d9404e4e9bea3f53a5c3520fcd44aec/element/f.7EA17D048601C53176965B9346C1EB3C.d.79570417F4A103FF238DB536A2B53946.e.2029/click - {}
COMMAND: POST /session/8d9404e4e9bea3f53a5c3520fcd44aec/execute/sync - {"script":"<script> [8489 bytes]","args":[{"element-6066-11e4-a52e-4f735466cecf":"f.7EA17D048601C53176965B9346C1EB3C.d.79570417F4A103FF238DB536A2B53946.e.2029","ELEMENT":"f.7EA17D048601C53176965B9346C1EB3C.d.79570417F4A103FF238DB536A2B53946.e.2029"}]}
RESULT: {}
COMMAND: GET /session/8d9404e4e9bea3f53a5c3520fcd44aec/screenshot - {}
RESULT: {"script":"<script> [8489 bytes]","args":[{"element-6066-11e4-a52e-4f735466cecf":"f.7EA17D048601C53176965B9346C1EB3C.d.79570417F4A103FF238DB536A2B53946.e.2029","ELEMENT":"f.7EA17D048601C53176965B9346C1EB3C.d.79570417F4A103FF238DB536A2B53946.e.2029"}]}
COMMAND: POST /session/8d9404e4e9bea3f53a5c3520fcd44aec/execute/sync - {"script":"<script> [5351 bytes]","args":[{"element-6066-11e4-a52e-4f735466cecf":"f.7EA17D048601C53176965B9346C1EB3C.d.79570417F4A103FF238DB536A2B53946.e.2029","ELEMENT":"f.7EA17D048601C53176965B9346C1EB3C.d.79570417F4A103FF238DB536A2B53946.e.2029"}]}
COMMAND: GET /session/8d9404e4e9bea3f53a5c3520fcd44aec/screenshot - {}
RESULT: {}
RESULT: {"script":"<script> [5351 bytes]","args":[{"element-6066-11e4-a52e-4f735466cecf":"f.7EA17D048601C53176965B9346C1EB3C.d.79570417F4A103FF238DB536A2B53946.e.2029","ELEMENT":"f.7EA17D048601C53176965B9346C1EB3C.d.79570417F4A103FF238DB536A2B53946.e.2029"}]}
COMMAND: GET /session/8d9404e4e9bea3f53a5c3520fcd44aec/screenshot - {}
RESULT: {}
RESULT: {}
RESULT: undefined
COMMAND: POST /session/8d9404e4e9bea3f53a5c3520fcd44aec/element - {"using":"xpath","value":"//*[@id=\"__tile38\"]"}
RESULT: {"using":"xpath","value":"//*[@id=\"__tile38\"]"}
COMMAND: POST /session/8d9404e4e9bea3f53a5c3520fcd44aec/element/f.7EA17D048601C53176965B9346C1EB3C.d.79570417F4A103FF238DB536A2B53946.e.154/click - {}
RESULT: {}
COMMAND: GET /session/8d9404e4e9bea3f53a5c3520fcd44aec/screenshot - {}
RESULT: {}
COMMAND: POST /session/8d9404e4e9bea3f53a5c3520fcd44aec/elements - {"using":"xpath","value":"//span[text()='Error']"}
RESULT: {"using":"xpath","value":"//span[text()='Error']"}
COMMAND: POST /session/8d9404e4e9bea3f53a5c3520fcd44aec/element - {"using":"xpath","value":"//button[@data-kt=\"addButton\"]"}
RESULT: {"using":"xpath","value":"//button[@data-kt=\"addButton\"]"}
COMMAND: POST /session/8d9404e4e9bea3f53a5c3520fcd44aec/elements - {"using":"xpath","value":"//button[@data-kt=\"addButton\"]"}
RESULT: {"using":"xpath","value":"//button[@data-kt=\"addButton\"]"}
COMMAND: POST /session/8d9404e4e9bea3f53a5c3520fcd44aec/execute/sync - {"script":"<script> [8489 bytes]","args":[{"element-6066-11e4-a52e-4f735466cecf":"f.7EA17D048601C53176965B9346C1EB3C.d.79570417F4A103FF238DB536A2B53946.e.2074","ELEMENT":"f.7EA17D048601C53176965B9346C1EB3C.d.79570417F4A103FF238DB536A2B53946.e.2074"}]}
RESULT: {"script":"<script> [8489 bytes]","args":[{"element-6066-11e4-a52e-4f735466cecf":"f.7EA17D048601C53176965B9346C1EB3C.d.79570417F4A103FF238DB536A2B53946.e.2074","ELEMENT":"f.7EA17D048601C53176965B9346C1EB3C.d.79570417F4A103FF238DB536A2B53946.e.2074"}]}
COMMAND: GET /session/8d9404e4e9bea3f53a5c3520fcd44aec/element/f.7EA17D048601C53176965B9346C1EB3C.d.79570417F4A103FF238DB536A2B53946.e.2074/enabled - {}
COMMAND: GET /session/8d9404e4e9bea3f53a5c3520fcd44aec/screenshot - {}
RESULT: {}
COMMAND: POST /session/8d9404e4e9bea3f53a5c3520fcd44aec/execute/sync - {"script":"<script> [8489 bytes]","args":[{"element-6066-11e4-a52e-4f735466cecf":"f.7EA17D048601C53176965B9346C1EB3C.d.79570417F4A103FF238DB536A2B53946.e.2074","ELEMENT":"f.7EA17D048601C53176965B9346C1EB3C.d.79570417F4A103FF238DB536A2B53946.e.2074"}]}
COMMAND: GET /session/8d9404e4e9bea3f53a5c3520fcd44aec/screenshot - {}
RESULT: {}
RESULT: {}
RESULT: {"script":"<script> [8489 bytes]","args":[{"element-6066-11e4-a52e-4f735466cecf":"f.7EA17D048601C53176965B9346C1EB3C.d.79570417F4A103FF238DB536A2B53946.e.2074","ELEMENT":"f.7EA17D048601C53176965B9346C1EB3C.d.79570417F4A103FF238DB536A2B53946.e.2074"}]}
COMMAND: POST /session/8d9404e4e9bea3f53a5c3520fcd44aec/execute/sync - {"script":"<script> [5351 bytes]","args":[{"element-6066-11e4-a52e-4f735466cecf":"f.7EA17D048601C53176965B9346C1EB3C.d.79570417F4A103FF238DB536A2B53946.e.2074","ELEMENT":"f.7EA17D048601C53176965B9346C1EB3C.d.79570417F4A103FF238DB536A2B53946.e.2074"}]}
COMMAND: GET /session/8d9404e4e9bea3f53a5c3520fcd44aec/screenshot - {}
RESULT: {"script":"<script> [5351 bytes]","args":[{"element-6066-11e4-a52e-4f735466cecf":"f.7EA17D048601C53176965B9346C1EB3C.d.79570417F4A103FF238DB536A2B53946.e.2074","ELEMENT":"f.7EA17D048601C53176965B9346C1EB3C.d.79570417F4A103FF238DB536A2B53946.e.2074"}]}
COMMAND: GET /session/8d9404e4e9bea3f53a5c3520fcd44aec/screenshot - {}
RESULT: {}
RESULT: {}
COMMAND: POST /session/8d9404e4e9bea3f53a5c3520fcd44aec/execute/async - {"script":"<script> [1562 bytes]","args":[{"selector":{"id":"application-managepartners-display-component---masterPtm--smartFilterBar-btnBasicSearch","interaction":{"idSuffix":"I"}},"wdio_ui5_key":"applicationmanagepartners-display-component---masterPtm--smartFilterBar-btnBasicSearch"}]}
RESULT: {"script":"<script> [1562 bytes]","args":[{"selector":{"id":"application-managepartners-display-component---masterPtm--smartFilterBar-btnBasicSearch","interaction":{"idSuffix":"I"}},"wdio_ui5_key":"applicationmanagepartners-display-component---masterPtm--smartFilterBar-btnBasicSearch"}]}
RESULT: undefined
COMMAND: POST /session/8d9404e4e9bea3f53a5c3520fcd44aec/execute/async - {"script":"<script> [776 bytes]","args":[{"enterText":"1084","selector":{"id":"application-managepartners-display-component---masterPtm--smartFilterBar-btnBasicSearch","interaction":{"idSuffix":"I"}},"clearTextFirst":true,"interactionType":"ENTER_TEXT"}]}
RESULT: {"script":"<script> [776 bytes]","args":[{"enterText":"1084","selector":{"id":"application-managepartners-display-component---masterPtm--smartFilterBar-btnBasicSearch","interaction":{"idSuffix":"I"}},"clearTextFirst":true,"interactionType":"ENTER_TEXT"}]}
COMMAND: POST /session/8d9404e4e9bea3f53a5c3520fcd44aec/actions - {"actions":[{"id":"action4","type":"key","parameters":{},"actions":[{"type":"keyDown","value":""},{"type":"pause","duration":10},{"type":"keyUp","value":""}]}]}
RESULT: {"actions":[{"id":"action4","type":"key","parameters":{},"actions":[{"type":"keyDown","value":""},{"type":"pause","duration":10},{"type":"keyUp","value":""}]}]}
COMMAND: GET /session/8d9404e4e9bea3f53a5c3520fcd44aec/screenshot - {}
RESULT: {}
COMMAND: POST /session/8d9404e4e9bea3f53a5c3520fcd44aec/elements - {"using":"xpath","value":"//table[contains(@id, \"customPartnersTable-listUl\")]/tbody/tr"}
RESULT: {"using":"xpath","value":"//table[contains(@id, \"customPartnersTable-listUl\")]/tbody/tr"}
COMMAND: POST /session/8d9404e4e9bea3f53a5c3520fcd44aec/element - {"using":"xpath","value":"//table[contains(@id, \"customPartnersTable-listUl\")]/tbody/tr[1]/td[3]/span"}
RESULT: {"using":"xpath","value":"//table[contains(@id, \"customPartnersTable-listUl\")]/tbody/tr[1]/td[3]/span"}
COMMAND: POST /session/8d9404e4e9bea3f53a5c3520fcd44aec/elements - {"using":"xpath","value":"//table[contains(@id, \"customPartnersTable-listUl\")]/tbody/tr[1]/td[3]/span"}
RESULT: {"using":"xpath","value":"//table[contains(@id, \"customPartnersTable-listUl\")]/tbody/tr[1]/td[3]/span"}
COMMAND: POST /session/8d9404e4e9bea3f53a5c3520fcd44aec/execute/sync - {"script":"<script> [56 bytes]","args":[{"element-6066-11e4-a52e-4f735466cecf":"f.7EA17D048601C53176965B9346C1EB3C.d.79570417F4A103FF238DB536A2B53946.e.2192","ELEMENT":"f.7EA17D048601C53176965B9346C1EB3C.d.79570417F4A103FF238DB536A2B53946.e.2192"}]}
RESULT: {"script":"<script> [56 bytes]","args":[{"element-6066-11e4-a52e-4f735466cecf":"f.7EA17D048601C53176965B9346C1EB3C.d.79570417F4A103FF238DB536A2B53946.e.2192","ELEMENT":"f.7EA17D048601C53176965B9346C1EB3C.d.79570417F4A103FF238DB536A2B53946.e.2192"}]}
COMMAND: POST /session/8d9404e4e9bea3f53a5c3520fcd44aec/element - {"using":"xpath","value":"//table[contains(@id, \"customPartnersTable-listUl\")]/tbody/tr[1]/td[7]/div/span"}
COMMAND: GET /session/8d9404e4e9bea3f53a5c3520fcd44aec/screenshot - {}
RESULT: {"using":"xpath","value":"//table[contains(@id, \"customPartnersTable-listUl\")]/tbody/tr[1]/td[7]/div/span"}
COMMAND: POST /session/8d9404e4e9bea3f53a5c3520fcd44aec/execute/sync - {"script":"<script> [56 bytes]","args":[{"element-6066-11e4-a52e-4f735466cecf":"f.7EA17D048601C53176965B9346C1EB3C.d.79570417F4A103FF238DB536A2B53946.e.2193","ELEMENT":"f.7EA17D048601C53176965B9346C1EB3C.d.79570417F4A103FF238DB536A2B53946.e.2193"}]}
RESULT: {}
RESULT: {"script":"<script> [56 bytes]","args":[{"element-6066-11e4-a52e-4f735466cecf":"f.7EA17D048601C53176965B9346C1EB3C.d.79570417F4A103FF238DB536A2B53946.e.2193","ELEMENT":"f.7EA17D048601C53176965B9346C1EB3C.d.79570417F4A103FF238DB536A2B53946.e.2193"}]}
COMMAND: POST /session/8d9404e4e9bea3f53a5c3520fcd44aec/element - {"using":"xpath","value":"//table[contains(@id, \"customPartnersTable-listUl\")]/tbody/tr[1]/td[2]/div/div"}
COMMAND: GET /session/8d9404e4e9bea3f53a5c3520fcd44aec/screenshot - {}
RESULT: {"using":"xpath","value":"//table[contains(@id, \"customPartnersTable-listUl\")]/tbody/tr[1]/td[2]/div/div"}
COMMAND: POST /session/8d9404e4e9bea3f53a5c3520fcd44aec/element/f.7EA17D048601C53176965B9346C1EB3C.d.79570417F4A103FF238DB536A2B53946.e.2185/click - {}
RESULT: {}
RESULT: {}
COMMAND: GET /session/8d9404e4e9bea3f53a5c3520fcd44aec/screenshot - {}
RESULT: {}
COMMAND: POST /session/8d9404e4e9bea3f53a5c3520fcd44aec/element - {"using":"xpath","value":"//bdi[contains(text(), \"Deactivate\")]"}
RESULT: {"using":"xpath","value":"//bdi[contains(text(), \"Deactivate\")]"}
COMMAND: POST /session/8d9404e4e9bea3f53a5c3520fcd44aec/element/f.7EA17D048601C53176965B9346C1EB3C.d.79570417F4A103FF238DB536A2B53946.e.2194/click - {}
RESULT: {}
COMMAND: GET /session/8d9404e4e9bea3f53a5c3520fcd44aec/screenshot - {}
RESULT: {}
COMMAND: POST /session/8d9404e4e9bea3f53a5c3520fcd44aec/element - {"using":"xpath","value":"//bdi[contains(text(), \"Yes\")]"}
RESULT: {"using":"xpath","value":"//bdi[contains(text(), \"Yes\")]"}
COMMAND: POST /session/8d9404e4e9bea3f53a5c3520fcd44aec/element/f.7EA17D048601C53176965B9346C1EB3C.d.79570417F4A103FF238DB536A2B53946.e.2196/click - {}
RESULT: {}
COMMAND: GET /session/8d9404e4e9bea3f53a5c3520fcd44aec/screenshot - {}
RESULT: {}
COMMAND: POST /session/8d9404e4e9bea3f53a5c3520fcd44aec/element - {"using":"xpath","value":"//table[contains(@id, \"customPartnersTable-listUl\")]/tbody/tr[1]/td[7]/div/span"}
RESULT: {"using":"xpath","value":"//table[contains(@id, \"customPartnersTable-listUl\")]/tbody/tr[1]/td[7]/div/span"}
COMMAND: POST /session/8d9404e4e9bea3f53a5c3520fcd44aec/execute/sync - {"script":"<script> [56 bytes]","args":[{"element-6066-11e4-a52e-4f735466cecf":"f.7EA17D048601C53176965B9346C1EB3C.d.79570417F4A103FF238DB536A2B53946.e.2193","ELEMENT":"f.7EA17D048601C53176965B9346C1EB3C.d.79570417F4A103FF238DB536A2B53946.e.2193"}]}
RESULT: {"script":"<script> [56 bytes]","args":[{"element-6066-11e4-a52e-4f735466cecf":"f.7EA17D048601C53176965B9346C1EB3C.d.79570417F4A103FF238DB536A2B53946.e.2193","ELEMENT":"f.7EA17D048601C53176965B9346C1EB3C.d.79570417F4A103FF238DB536A2B53946.e.2193"}]}
COMMAND: GET /session/8d9404e4e9bea3f53a5c3520fcd44aec/screenshot - {}
RESULT: {}
COMMAND: POST /session/8d9404e4e9bea3f53a5c3520fcd44aec/element - {"using":"css selector","value":"#shell-header-logo"}
RESULT: {"using":"css selector","value":"#shell-header-logo"}
COMMAND: POST /session/8d9404e4e9bea3f53a5c3520fcd44aec/element/f.7EA17D048601C53176965B9346C1EB3C.d.79570417F4A103FF238DB536A2B53946.e.2029/click - {}
RESULT: {}
COMMAND: GET /session/8d9404e4e9bea3f53a5c3520fcd44aec/screenshot - {}
RESULT: {}
]]></system-out>
    </testcase>
    <testcase classname="chrome.136_0_7103_93.windows.Partner_specific_tests_US150819_US151080_US151654_US151176_US103444_US151078_US151079_US151109_US151174_US151175_US151189" name="Should activate the created partner again US151176" time="60.492">
      <system-out><![CDATA[
COMMAND: POST /session/8d9404e4e9bea3f53a5c3520fcd44aec/element - {"using":"xpath","value":"//li[.//span[text()=\"Manage Partners\"]]"}
RESULT: {"using":"xpath","value":"//li[.//span[text()=\"Manage Partners\"]]"}
COMMAND: POST /session/8d9404e4e9bea3f53a5c3520fcd44aec/element - {"using":"xpath","value":"//li[.//span[text()=\"Manage Partners\"]]"}
RESULT: {"using":"xpath","value":"//li[.//span[text()=\"Manage Partners\"]]"}
COMMAND: POST /session/8d9404e4e9bea3f53a5c3520fcd44aec/element - {"using":"css selector","value":"#shell-header-logo"}
RESULT: {"using":"css selector","value":"#shell-header-logo"}
COMMAND: POST /session/8d9404e4e9bea3f53a5c3520fcd44aec/element/f.7EA17D048601C53176965B9346C1EB3C.d.79570417F4A103FF238DB536A2B53946.e.2200/click - {}
COMMAND: POST /session/8d9404e4e9bea3f53a5c3520fcd44aec/execute/sync - {"script":"<script> [8489 bytes]","args":[{"element-6066-11e4-a52e-4f735466cecf":"f.7EA17D048601C53176965B9346C1EB3C.d.79570417F4A103FF238DB536A2B53946.e.2200","ELEMENT":"f.7EA17D048601C53176965B9346C1EB3C.d.79570417F4A103FF238DB536A2B53946.e.2200"}]}
RESULT: {"script":"<script> [8489 bytes]","args":[{"element-6066-11e4-a52e-4f735466cecf":"f.7EA17D048601C53176965B9346C1EB3C.d.79570417F4A103FF238DB536A2B53946.e.2200","ELEMENT":"f.7EA17D048601C53176965B9346C1EB3C.d.79570417F4A103FF238DB536A2B53946.e.2200"}]}
COMMAND: POST /session/8d9404e4e9bea3f53a5c3520fcd44aec/execute/sync - {"script":"<script> [5351 bytes]","args":[{"element-6066-11e4-a52e-4f735466cecf":"f.7EA17D048601C53176965B9346C1EB3C.d.79570417F4A103FF238DB536A2B53946.e.2200","ELEMENT":"f.7EA17D048601C53176965B9346C1EB3C.d.79570417F4A103FF238DB536A2B53946.e.2200"}]}
COMMAND: GET /session/8d9404e4e9bea3f53a5c3520fcd44aec/screenshot - {}
RESULT: {}
COMMAND: GET /session/8d9404e4e9bea3f53a5c3520fcd44aec/screenshot - {}
RESULT: {"script":"<script> [5351 bytes]","args":[{"element-6066-11e4-a52e-4f735466cecf":"f.7EA17D048601C53176965B9346C1EB3C.d.79570417F4A103FF238DB536A2B53946.e.2200","ELEMENT":"f.7EA17D048601C53176965B9346C1EB3C.d.79570417F4A103FF238DB536A2B53946.e.2200"}]}
COMMAND: GET /session/8d9404e4e9bea3f53a5c3520fcd44aec/screenshot - {}
RESULT: {}
RESULT: {}
RESULT: {}
RESULT: undefined
COMMAND: POST /session/8d9404e4e9bea3f53a5c3520fcd44aec/element - {"using":"xpath","value":"//*[@id=\"__tile38\"]"}
RESULT: {"using":"xpath","value":"//*[@id=\"__tile38\"]"}
COMMAND: POST /session/8d9404e4e9bea3f53a5c3520fcd44aec/element/f.7EA17D048601C53176965B9346C1EB3C.d.79570417F4A103FF238DB536A2B53946.e.154/click - {}
RESULT: {}
COMMAND: GET /session/8d9404e4e9bea3f53a5c3520fcd44aec/screenshot - {}
RESULT: {}
COMMAND: POST /session/8d9404e4e9bea3f53a5c3520fcd44aec/elements - {"using":"xpath","value":"//span[text()='Error']"}
RESULT: {"using":"xpath","value":"//span[text()='Error']"}
COMMAND: POST /session/8d9404e4e9bea3f53a5c3520fcd44aec/element - {"using":"xpath","value":"//button[@data-kt=\"addButton\"]"}
RESULT: {"using":"xpath","value":"//button[@data-kt=\"addButton\"]"}
COMMAND: POST /session/8d9404e4e9bea3f53a5c3520fcd44aec/elements - {"using":"xpath","value":"//button[@data-kt=\"addButton\"]"}
RESULT: {"using":"xpath","value":"//button[@data-kt=\"addButton\"]"}
COMMAND: POST /session/8d9404e4e9bea3f53a5c3520fcd44aec/execute/sync - {"script":"<script> [8489 bytes]","args":[{"element-6066-11e4-a52e-4f735466cecf":"f.7EA17D048601C53176965B9346C1EB3C.d.79570417F4A103FF238DB536A2B53946.e.2245","ELEMENT":"f.7EA17D048601C53176965B9346C1EB3C.d.79570417F4A103FF238DB536A2B53946.e.2245"}]}
RESULT: {"script":"<script> [8489 bytes]","args":[{"element-6066-11e4-a52e-4f735466cecf":"f.7EA17D048601C53176965B9346C1EB3C.d.79570417F4A103FF238DB536A2B53946.e.2245","ELEMENT":"f.7EA17D048601C53176965B9346C1EB3C.d.79570417F4A103FF238DB536A2B53946.e.2245"}]}
COMMAND: GET /session/8d9404e4e9bea3f53a5c3520fcd44aec/element/f.7EA17D048601C53176965B9346C1EB3C.d.79570417F4A103FF238DB536A2B53946.e.2245/enabled - {}
COMMAND: GET /session/8d9404e4e9bea3f53a5c3520fcd44aec/screenshot - {}
RESULT: {}
COMMAND: POST /session/8d9404e4e9bea3f53a5c3520fcd44aec/execute/sync - {"script":"<script> [8489 bytes]","args":[{"element-6066-11e4-a52e-4f735466cecf":"f.7EA17D048601C53176965B9346C1EB3C.d.79570417F4A103FF238DB536A2B53946.e.2245","ELEMENT":"f.7EA17D048601C53176965B9346C1EB3C.d.79570417F4A103FF238DB536A2B53946.e.2245"}]}
COMMAND: GET /session/8d9404e4e9bea3f53a5c3520fcd44aec/screenshot - {}
RESULT: {}
RESULT: {"script":"<script> [8489 bytes]","args":[{"element-6066-11e4-a52e-4f735466cecf":"f.7EA17D048601C53176965B9346C1EB3C.d.79570417F4A103FF238DB536A2B53946.e.2245","ELEMENT":"f.7EA17D048601C53176965B9346C1EB3C.d.79570417F4A103FF238DB536A2B53946.e.2245"}]}
COMMAND: POST /session/8d9404e4e9bea3f53a5c3520fcd44aec/execute/sync - {"script":"<script> [5351 bytes]","args":[{"element-6066-11e4-a52e-4f735466cecf":"f.7EA17D048601C53176965B9346C1EB3C.d.79570417F4A103FF238DB536A2B53946.e.2245","ELEMENT":"f.7EA17D048601C53176965B9346C1EB3C.d.79570417F4A103FF238DB536A2B53946.e.2245"}]}
COMMAND: GET /session/8d9404e4e9bea3f53a5c3520fcd44aec/screenshot - {}
RESULT: {}
RESULT: {"script":"<script> [5351 bytes]","args":[{"element-6066-11e4-a52e-4f735466cecf":"f.7EA17D048601C53176965B9346C1EB3C.d.79570417F4A103FF238DB536A2B53946.e.2245","ELEMENT":"f.7EA17D048601C53176965B9346C1EB3C.d.79570417F4A103FF238DB536A2B53946.e.2245"}]}
COMMAND: GET /session/8d9404e4e9bea3f53a5c3520fcd44aec/screenshot - {}
RESULT: {}
RESULT: {}
RESULT: undefined
COMMAND: POST /session/8d9404e4e9bea3f53a5c3520fcd44aec/execute/async - {"script":"<script> [776 bytes]","args":[{"enterText":"1084","selector":{"id":"application-managepartners-display-component---masterPtm--smartFilterBar-btnBasicSearch","interaction":{"idSuffix":"I"}},"clearTextFirst":true,"interactionType":"ENTER_TEXT"}]}
RESULT: {"script":"<script> [776 bytes]","args":[{"enterText":"1084","selector":{"id":"application-managepartners-display-component---masterPtm--smartFilterBar-btnBasicSearch","interaction":{"idSuffix":"I"}},"clearTextFirst":true,"interactionType":"ENTER_TEXT"}]}
COMMAND: POST /session/8d9404e4e9bea3f53a5c3520fcd44aec/actions - {"actions":[{"id":"action5","type":"key","parameters":{},"actions":[{"type":"keyDown","value":""},{"type":"pause","duration":10},{"type":"keyUp","value":""}]}]}
RESULT: {"actions":[{"id":"action5","type":"key","parameters":{},"actions":[{"type":"keyDown","value":""},{"type":"pause","duration":10},{"type":"keyUp","value":""}]}]}
COMMAND: GET /session/8d9404e4e9bea3f53a5c3520fcd44aec/screenshot - {}
RESULT: {}
COMMAND: POST /session/8d9404e4e9bea3f53a5c3520fcd44aec/elements - {"using":"xpath","value":"//table[contains(@id, \"customPartnersTable-listUl\")]/tbody/tr"}
RESULT: {"using":"xpath","value":"//table[contains(@id, \"customPartnersTable-listUl\")]/tbody/tr"}
COMMAND: POST /session/8d9404e4e9bea3f53a5c3520fcd44aec/element - {"using":"xpath","value":"//table[contains(@id, \"customPartnersTable-listUl\")]/tbody/tr[1]/td[3]/span"}
RESULT: {"using":"xpath","value":"//table[contains(@id, \"customPartnersTable-listUl\")]/tbody/tr[1]/td[3]/span"}
COMMAND: POST /session/8d9404e4e9bea3f53a5c3520fcd44aec/elements - {"using":"xpath","value":"//table[contains(@id, \"customPartnersTable-listUl\")]/tbody/tr[1]/td[3]/span"}
RESULT: {"using":"xpath","value":"//table[contains(@id, \"customPartnersTable-listUl\")]/tbody/tr[1]/td[3]/span"}
COMMAND: POST /session/8d9404e4e9bea3f53a5c3520fcd44aec/execute/sync - {"script":"<script> [56 bytes]","args":[{"element-6066-11e4-a52e-4f735466cecf":"f.7EA17D048601C53176965B9346C1EB3C.d.79570417F4A103FF238DB536A2B53946.e.2361","ELEMENT":"f.7EA17D048601C53176965B9346C1EB3C.d.79570417F4A103FF238DB536A2B53946.e.2361"}]}
RESULT: {"script":"<script> [56 bytes]","args":[{"element-6066-11e4-a52e-4f735466cecf":"f.7EA17D048601C53176965B9346C1EB3C.d.79570417F4A103FF238DB536A2B53946.e.2361","ELEMENT":"f.7EA17D048601C53176965B9346C1EB3C.d.79570417F4A103FF238DB536A2B53946.e.2361"}]}
COMMAND: POST /session/8d9404e4e9bea3f53a5c3520fcd44aec/element - {"using":"xpath","value":"//table[contains(@id, \"customPartnersTable-listUl\")]/tbody/tr[1]/td[7]/div/span"}
COMMAND: GET /session/8d9404e4e9bea3f53a5c3520fcd44aec/screenshot - {}
RESULT: {"using":"xpath","value":"//table[contains(@id, \"customPartnersTable-listUl\")]/tbody/tr[1]/td[7]/div/span"}
COMMAND: POST /session/8d9404e4e9bea3f53a5c3520fcd44aec/execute/sync - {"script":"<script> [56 bytes]","args":[{"element-6066-11e4-a52e-4f735466cecf":"f.7EA17D048601C53176965B9346C1EB3C.d.79570417F4A103FF238DB536A2B53946.e.2362","ELEMENT":"f.7EA17D048601C53176965B9346C1EB3C.d.79570417F4A103FF238DB536A2B53946.e.2362"}]}
RESULT: {}
RESULT: {"script":"<script> [56 bytes]","args":[{"element-6066-11e4-a52e-4f735466cecf":"f.7EA17D048601C53176965B9346C1EB3C.d.79570417F4A103FF238DB536A2B53946.e.2362","ELEMENT":"f.7EA17D048601C53176965B9346C1EB3C.d.79570417F4A103FF238DB536A2B53946.e.2362"}]}
COMMAND: POST /session/8d9404e4e9bea3f53a5c3520fcd44aec/element - {"using":"xpath","value":"//table[contains(@id, \"customPartnersTable-listUl\")]/tbody/tr[1]/td[2]/div/div"}
COMMAND: GET /session/8d9404e4e9bea3f53a5c3520fcd44aec/screenshot - {}
RESULT: {"using":"xpath","value":"//table[contains(@id, \"customPartnersTable-listUl\")]/tbody/tr[1]/td[2]/div/div"}
COMMAND: POST /session/8d9404e4e9bea3f53a5c3520fcd44aec/element/f.7EA17D048601C53176965B9346C1EB3C.d.79570417F4A103FF238DB536A2B53946.e.2354/click - {}
RESULT: {}
RESULT: {}
COMMAND: GET /session/8d9404e4e9bea3f53a5c3520fcd44aec/screenshot - {}
RESULT: {}
COMMAND: POST /session/8d9404e4e9bea3f53a5c3520fcd44aec/element - {"using":"xpath","value":"//bdi[contains(text(), \"Activate\")]"}
RESULT: {"using":"xpath","value":"//bdi[contains(text(), \"Activate\")]"}
COMMAND: POST /session/8d9404e4e9bea3f53a5c3520fcd44aec/element/f.7EA17D048601C53176965B9346C1EB3C.d.79570417F4A103FF238DB536A2B53946.e.2363/click - {}
RESULT: {}
COMMAND: GET /session/8d9404e4e9bea3f53a5c3520fcd44aec/screenshot - {}
RESULT: {}
COMMAND: POST /session/8d9404e4e9bea3f53a5c3520fcd44aec/element - {"using":"xpath","value":"//bdi[contains(text(), \"Yes\")]"}
RESULT: {"using":"xpath","value":"//bdi[contains(text(), \"Yes\")]"}
COMMAND: POST /session/8d9404e4e9bea3f53a5c3520fcd44aec/element/f.7EA17D048601C53176965B9346C1EB3C.d.79570417F4A103FF238DB536A2B53946.e.2365/click - {}
RESULT: {}
COMMAND: GET /session/8d9404e4e9bea3f53a5c3520fcd44aec/screenshot - {}
RESULT: {}
COMMAND: POST /session/8d9404e4e9bea3f53a5c3520fcd44aec/element - {"using":"xpath","value":"//table[contains(@id, \"customPartnersTable-listUl\")]/tbody/tr[1]/td[7]/div/span"}
RESULT: {"using":"xpath","value":"//table[contains(@id, \"customPartnersTable-listUl\")]/tbody/tr[1]/td[7]/div/span"}
COMMAND: POST /session/8d9404e4e9bea3f53a5c3520fcd44aec/execute/sync - {"script":"<script> [56 bytes]","args":[{"element-6066-11e4-a52e-4f735466cecf":"f.7EA17D048601C53176965B9346C1EB3C.d.79570417F4A103FF238DB536A2B53946.e.2362","ELEMENT":"f.7EA17D048601C53176965B9346C1EB3C.d.79570417F4A103FF238DB536A2B53946.e.2362"}]}
RESULT: {"script":"<script> [56 bytes]","args":[{"element-6066-11e4-a52e-4f735466cecf":"f.7EA17D048601C53176965B9346C1EB3C.d.79570417F4A103FF238DB536A2B53946.e.2362","ELEMENT":"f.7EA17D048601C53176965B9346C1EB3C.d.79570417F4A103FF238DB536A2B53946.e.2362"}]}
COMMAND: GET /session/8d9404e4e9bea3f53a5c3520fcd44aec/screenshot - {}
RESULT: {}
COMMAND: POST /session/8d9404e4e9bea3f53a5c3520fcd44aec/element - {"using":"css selector","value":"#shell-header-logo"}
RESULT: {"using":"css selector","value":"#shell-header-logo"}
COMMAND: POST /session/8d9404e4e9bea3f53a5c3520fcd44aec/element/f.7EA17D048601C53176965B9346C1EB3C.d.79570417F4A103FF238DB536A2B53946.e.2200/click - {}
RESULT: {}
COMMAND: GET /session/8d9404e4e9bea3f53a5c3520fcd44aec/screenshot - {}
RESULT: {}
]]></system-out>
    </testcase>
    <testcase classname="chrome.136_0_7103_93.windows.Partner_specific_tests_US150819_US151080_US151654_US151176_US103444_US151078_US151079_US151109_US151174_US151175_US151189" name="Should edit the created external partner and save it and check its content US103444" time="69.917">
      <system-out><![CDATA[
COMMAND: POST /session/8d9404e4e9bea3f53a5c3520fcd44aec/element - {"using":"xpath","value":"//li[.//span[text()=\"Manage Partners\"]]"}
RESULT: {"using":"xpath","value":"//li[.//span[text()=\"Manage Partners\"]]"}
COMMAND: POST /session/8d9404e4e9bea3f53a5c3520fcd44aec/element - {"using":"xpath","value":"//li[.//span[text()=\"Manage Partners\"]]"}
RESULT: {"using":"xpath","value":"//li[.//span[text()=\"Manage Partners\"]]"}
COMMAND: POST /session/8d9404e4e9bea3f53a5c3520fcd44aec/element - {"using":"css selector","value":"#shell-header-logo"}
RESULT: {"using":"css selector","value":"#shell-header-logo"}
COMMAND: POST /session/8d9404e4e9bea3f53a5c3520fcd44aec/element/f.7EA17D048601C53176965B9346C1EB3C.d.79570417F4A103FF238DB536A2B53946.e.2369/click - {}
COMMAND: POST /session/8d9404e4e9bea3f53a5c3520fcd44aec/execute/sync - {"script":"<script> [8489 bytes]","args":[{"element-6066-11e4-a52e-4f735466cecf":"f.7EA17D048601C53176965B9346C1EB3C.d.79570417F4A103FF238DB536A2B53946.e.2369","ELEMENT":"f.7EA17D048601C53176965B9346C1EB3C.d.79570417F4A103FF238DB536A2B53946.e.2369"}]}
RESULT: {}
COMMAND: GET /session/8d9404e4e9bea3f53a5c3520fcd44aec/screenshot - {}
RESULT: {"script":"<script> [8489 bytes]","args":[{"element-6066-11e4-a52e-4f735466cecf":"f.7EA17D048601C53176965B9346C1EB3C.d.79570417F4A103FF238DB536A2B53946.e.2369","ELEMENT":"f.7EA17D048601C53176965B9346C1EB3C.d.79570417F4A103FF238DB536A2B53946.e.2369"}]}
COMMAND: POST /session/8d9404e4e9bea3f53a5c3520fcd44aec/execute/sync - {"script":"<script> [5351 bytes]","args":[{"element-6066-11e4-a52e-4f735466cecf":"f.7EA17D048601C53176965B9346C1EB3C.d.79570417F4A103FF238DB536A2B53946.e.2369","ELEMENT":"f.7EA17D048601C53176965B9346C1EB3C.d.79570417F4A103FF238DB536A2B53946.e.2369"}]}
COMMAND: GET /session/8d9404e4e9bea3f53a5c3520fcd44aec/screenshot - {}
RESULT: {}
RESULT: {"script":"<script> [5351 bytes]","args":[{"element-6066-11e4-a52e-4f735466cecf":"f.7EA17D048601C53176965B9346C1EB3C.d.79570417F4A103FF238DB536A2B53946.e.2369","ELEMENT":"f.7EA17D048601C53176965B9346C1EB3C.d.79570417F4A103FF238DB536A2B53946.e.2369"}]}
COMMAND: GET /session/8d9404e4e9bea3f53a5c3520fcd44aec/screenshot - {}
RESULT: {}
RESULT: {}
RESULT: undefined
COMMAND: POST /session/8d9404e4e9bea3f53a5c3520fcd44aec/element - {"using":"xpath","value":"//*[@id=\"__tile38\"]"}
RESULT: {"using":"xpath","value":"//*[@id=\"__tile38\"]"}
COMMAND: POST /session/8d9404e4e9bea3f53a5c3520fcd44aec/element/f.7EA17D048601C53176965B9346C1EB3C.d.79570417F4A103FF238DB536A2B53946.e.154/click - {}
RESULT: {}
COMMAND: GET /session/8d9404e4e9bea3f53a5c3520fcd44aec/screenshot - {}
RESULT: {}
COMMAND: POST /session/8d9404e4e9bea3f53a5c3520fcd44aec/elements - {"using":"xpath","value":"//span[text()='Error']"}
RESULT: {"using":"xpath","value":"//span[text()='Error']"}
COMMAND: POST /session/8d9404e4e9bea3f53a5c3520fcd44aec/element - {"using":"xpath","value":"//button[@data-kt=\"addButton\"]"}
RESULT: {"using":"xpath","value":"//button[@data-kt=\"addButton\"]"}
COMMAND: POST /session/8d9404e4e9bea3f53a5c3520fcd44aec/elements - {"using":"xpath","value":"//button[@data-kt=\"addButton\"]"}
RESULT: {"using":"xpath","value":"//button[@data-kt=\"addButton\"]"}
COMMAND: POST /session/8d9404e4e9bea3f53a5c3520fcd44aec/execute/sync - {"script":"<script> [8489 bytes]","args":[{"element-6066-11e4-a52e-4f735466cecf":"f.7EA17D048601C53176965B9346C1EB3C.d.79570417F4A103FF238DB536A2B53946.e.2414","ELEMENT":"f.7EA17D048601C53176965B9346C1EB3C.d.79570417F4A103FF238DB536A2B53946.e.2414"}]}
RESULT: {"script":"<script> [8489 bytes]","args":[{"element-6066-11e4-a52e-4f735466cecf":"f.7EA17D048601C53176965B9346C1EB3C.d.79570417F4A103FF238DB536A2B53946.e.2414","ELEMENT":"f.7EA17D048601C53176965B9346C1EB3C.d.79570417F4A103FF238DB536A2B53946.e.2414"}]}
COMMAND: GET /session/8d9404e4e9bea3f53a5c3520fcd44aec/element/f.7EA17D048601C53176965B9346C1EB3C.d.79570417F4A103FF238DB536A2B53946.e.2414/enabled - {}
COMMAND: GET /session/8d9404e4e9bea3f53a5c3520fcd44aec/screenshot - {}
RESULT: {}
COMMAND: POST /session/8d9404e4e9bea3f53a5c3520fcd44aec/execute/sync - {"script":"<script> [8489 bytes]","args":[{"element-6066-11e4-a52e-4f735466cecf":"f.7EA17D048601C53176965B9346C1EB3C.d.79570417F4A103FF238DB536A2B53946.e.2414","ELEMENT":"f.7EA17D048601C53176965B9346C1EB3C.d.79570417F4A103FF238DB536A2B53946.e.2414"}]}
COMMAND: GET /session/8d9404e4e9bea3f53a5c3520fcd44aec/screenshot - {}
RESULT: {}
RESULT: {"script":"<script> [8489 bytes]","args":[{"element-6066-11e4-a52e-4f735466cecf":"f.7EA17D048601C53176965B9346C1EB3C.d.79570417F4A103FF238DB536A2B53946.e.2414","ELEMENT":"f.7EA17D048601C53176965B9346C1EB3C.d.79570417F4A103FF238DB536A2B53946.e.2414"}]}
COMMAND: POST /session/8d9404e4e9bea3f53a5c3520fcd44aec/execute/sync - {"script":"<script> [5351 bytes]","args":[{"element-6066-11e4-a52e-4f735466cecf":"f.7EA17D048601C53176965B9346C1EB3C.d.79570417F4A103FF238DB536A2B53946.e.2414","ELEMENT":"f.7EA17D048601C53176965B9346C1EB3C.d.79570417F4A103FF238DB536A2B53946.e.2414"}]}
COMMAND: GET /session/8d9404e4e9bea3f53a5c3520fcd44aec/screenshot - {}
RESULT: {}
RESULT: {"script":"<script> [5351 bytes]","args":[{"element-6066-11e4-a52e-4f735466cecf":"f.7EA17D048601C53176965B9346C1EB3C.d.79570417F4A103FF238DB536A2B53946.e.2414","ELEMENT":"f.7EA17D048601C53176965B9346C1EB3C.d.79570417F4A103FF238DB536A2B53946.e.2414"}]}
COMMAND: GET /session/8d9404e4e9bea3f53a5c3520fcd44aec/screenshot - {}
RESULT: {}
RESULT: {}
RESULT: undefined
COMMAND: POST /session/8d9404e4e9bea3f53a5c3520fcd44aec/execute/async - {"script":"<script> [776 bytes]","args":[{"enterText":"1084","selector":{"id":"application-managepartners-display-component---masterPtm--smartFilterBar-btnBasicSearch","interaction":{"idSuffix":"I"}},"clearTextFirst":true,"interactionType":"ENTER_TEXT"}]}
RESULT: {"script":"<script> [776 bytes]","args":[{"enterText":"1084","selector":{"id":"application-managepartners-display-component---masterPtm--smartFilterBar-btnBasicSearch","interaction":{"idSuffix":"I"}},"clearTextFirst":true,"interactionType":"ENTER_TEXT"}]}
COMMAND: POST /session/8d9404e4e9bea3f53a5c3520fcd44aec/actions - {"actions":[{"id":"action6","type":"key","parameters":{},"actions":[{"type":"keyDown","value":""},{"type":"pause","duration":10},{"type":"keyUp","value":""}]}]}
RESULT: {"actions":[{"id":"action6","type":"key","parameters":{},"actions":[{"type":"keyDown","value":""},{"type":"pause","duration":10},{"type":"keyUp","value":""}]}]}
COMMAND: GET /session/8d9404e4e9bea3f53a5c3520fcd44aec/screenshot - {}
RESULT: {}
COMMAND: POST /session/8d9404e4e9bea3f53a5c3520fcd44aec/elements - {"using":"xpath","value":"//table[contains(@id, \"customPartnersTable-listUl\")]/tbody/tr"}
RESULT: {"using":"xpath","value":"//table[contains(@id, \"customPartnersTable-listUl\")]/tbody/tr"}
COMMAND: POST /session/8d9404e4e9bea3f53a5c3520fcd44aec/element - {"using":"xpath","value":"//table[contains(@id, \"customPartnersTable-listUl\")]/tbody/tr[1]/td[3]/span"}
RESULT: {"using":"xpath","value":"//table[contains(@id, \"customPartnersTable-listUl\")]/tbody/tr[1]/td[3]/span"}
COMMAND: POST /session/8d9404e4e9bea3f53a5c3520fcd44aec/elements - {"using":"xpath","value":"//table[contains(@id, \"customPartnersTable-listUl\")]/tbody/tr[1]/td[3]/span"}
RESULT: {"using":"xpath","value":"//table[contains(@id, \"customPartnersTable-listUl\")]/tbody/tr[1]/td[3]/span"}
COMMAND: POST /session/8d9404e4e9bea3f53a5c3520fcd44aec/execute/sync - {"script":"<script> [56 bytes]","args":[{"element-6066-11e4-a52e-4f735466cecf":"f.7EA17D048601C53176965B9346C1EB3C.d.79570417F4A103FF238DB536A2B53946.e.2531","ELEMENT":"f.7EA17D048601C53176965B9346C1EB3C.d.79570417F4A103FF238DB536A2B53946.e.2531"}]}
RESULT: {"script":"<script> [56 bytes]","args":[{"element-6066-11e4-a52e-4f735466cecf":"f.7EA17D048601C53176965B9346C1EB3C.d.79570417F4A103FF238DB536A2B53946.e.2531","ELEMENT":"f.7EA17D048601C53176965B9346C1EB3C.d.79570417F4A103FF238DB536A2B53946.e.2531"}]}
COMMAND: POST /session/8d9404e4e9bea3f53a5c3520fcd44aec/element - {"using":"xpath","value":"(//span[contains(@id, \"imgNav\")])[1]"}
COMMAND: GET /session/8d9404e4e9bea3f53a5c3520fcd44aec/screenshot - {}
RESULT: {"using":"xpath","value":"(//span[contains(@id, \"imgNav\")])[1]"}
COMMAND: POST /session/8d9404e4e9bea3f53a5c3520fcd44aec/element/f.7EA17D048601C53176965B9346C1EB3C.d.79570417F4A103FF238DB536A2B53946.e.2530/click - {}
RESULT: {}
RESULT: {}
COMMAND: GET /session/8d9404e4e9bea3f53a5c3520fcd44aec/screenshot - {}
RESULT: {}
COMMAND: POST /session/8d9404e4e9bea3f53a5c3520fcd44aec/element - {"using":"xpath","value":"//bdi[contains(text(), \"Edit\")]"}
RESULT: {"using":"xpath","value":"//bdi[contains(text(), \"Edit\")]"}
COMMAND: POST /session/8d9404e4e9bea3f53a5c3520fcd44aec/element/f.7EA17D048601C53176965B9346C1EB3C.d.79570417F4A103FF238DB536A2B53946.e.2674/click - {}
RESULT: {}
COMMAND: GET /session/8d9404e4e9bea3f53a5c3520fcd44aec/screenshot - {}
RESULT: {}
COMMAND: POST /session/8d9404e4e9bea3f53a5c3520fcd44aec/execute/async - {"script":"<script> [1562 bytes]","args":[{"selector":{"controlType":"sap.m.Input","viewName":"etm.portal.ui.managepartners.view.EditDetail","labelFor":{"text":"Name"},"interaction":{"idSuffix":"inner"}},"wdio_ui5_key":"etmportal.ui.managepartners.view.EditDetailsap.m.Input{\"text\":\"Name\"}"}]}
RESULT: {"script":"<script> [1562 bytes]","args":[{"selector":{"controlType":"sap.m.Input","viewName":"etm.portal.ui.managepartners.view.EditDetail","labelFor":{"text":"Name"},"interaction":{"idSuffix":"inner"}},"wdio_ui5_key":"etmportal.ui.managepartners.view.EditDetailsap.m.Input{\"text\":\"Name\"}"}]}
RESULT: undefined
COMMAND: POST /session/8d9404e4e9bea3f53a5c3520fcd44aec/execute/async - {"script":"<script> [776 bytes]","args":[{"enterText":"External EDIT","selector":{"controlType":"sap.m.Input","viewName":"etm.portal.ui.managepartners.view.EditDetail","labelFor":{"text":"Name"},"interaction":{"idSuffix":"inner"}},"clearTextFirst":true,"interactionType":"ENTER_TEXT"}]}
RESULT: {"script":"<script> [776 bytes]","args":[{"enterText":"External EDIT","selector":{"controlType":"sap.m.Input","viewName":"etm.portal.ui.managepartners.view.EditDetail","labelFor":{"text":"Name"},"interaction":{"idSuffix":"inner"}},"clearTextFirst":true,"interactionType":"ENTER_TEXT"}]}
COMMAND: POST /session/8d9404e4e9bea3f53a5c3520fcd44aec/element - {"using":"xpath","value":"(//span[contains(@id,\"addressDetailDetailsLanguage-arrow\")])[1]"}
RESULT: {"using":"xpath","value":"(//span[contains(@id,\"addressDetailDetailsLanguage-arrow\")])[1]"}
COMMAND: POST /session/8d9404e4e9bea3f53a5c3520fcd44aec/element/f.7EA17D048601C53176965B9346C1EB3C.d.79570417F4A103FF238DB536A2B53946.e.2753/click - {}
RESULT: {}
COMMAND: POST /session/8d9404e4e9bea3f53a5c3520fcd44aec/element - {"using":"xpath","value":"//span[contains(text(), \"Chinese\")]"}
COMMAND: GET /session/8d9404e4e9bea3f53a5c3520fcd44aec/screenshot - {}
RESULT: {"using":"xpath","value":"//span[contains(text(), \"Chinese\")]"}
COMMAND: POST /session/8d9404e4e9bea3f53a5c3520fcd44aec/element/f.7EA17D048601C53176965B9346C1EB3C.d.79570417F4A103FF238DB536A2B53946.e.2754/click - {}
RESULT: {}
RESULT: {}
COMMAND: GET /session/8d9404e4e9bea3f53a5c3520fcd44aec/screenshot - {}
RESULT: {}
COMMAND: POST /session/8d9404e4e9bea3f53a5c3520fcd44aec/execute/async - {"script":"<script> [1562 bytes]","args":[{"selector":{"controlType":"sap.m.Input","viewName":"etm.portal.ui.managepartners.view.EditDetail","labelFor":{"text":"City"},"interaction":{"idSuffix":"inner"}},"wdio_ui5_key":"etmportal.ui.managepartners.view.EditDetailsap.m.Input{\"text\":\"City\"}"}]}
RESULT: {"script":"<script> [1562 bytes]","args":[{"selector":{"controlType":"sap.m.Input","viewName":"etm.portal.ui.managepartners.view.EditDetail","labelFor":{"text":"City"},"interaction":{"idSuffix":"inner"}},"wdio_ui5_key":"etmportal.ui.managepartners.view.EditDetailsap.m.Input{\"text\":\"City\"}"}]}
RESULT: undefined
COMMAND: POST /session/8d9404e4e9bea3f53a5c3520fcd44aec/execute/async - {"script":"<script> [776 bytes]","args":[{"enterText":"Clooj-Napoca","selector":{"controlType":"sap.m.Input","viewName":"etm.portal.ui.managepartners.view.EditDetail","labelFor":{"text":"City"},"interaction":{"idSuffix":"inner"}},"clearTextFirst":true,"interactionType":"ENTER_TEXT"}]}
RESULT: {"script":"<script> [776 bytes]","args":[{"enterText":"Clooj-Napoca","selector":{"controlType":"sap.m.Input","viewName":"etm.portal.ui.managepartners.view.EditDetail","labelFor":{"text":"City"},"interaction":{"idSuffix":"inner"}},"clearTextFirst":true,"interactionType":"ENTER_TEXT"}]}
COMMAND: POST /session/8d9404e4e9bea3f53a5c3520fcd44aec/element - {"using":"xpath","value":"//button[@data-kt=\"saveButton\"]"}
RESULT: {"using":"xpath","value":"//button[@data-kt=\"saveButton\"]"}
COMMAND: POST /session/8d9404e4e9bea3f53a5c3520fcd44aec/element/f.7EA17D048601C53176965B9346C1EB3C.d.79570417F4A103FF238DB536A2B53946.e.2736/click - {}
RESULT: {}
COMMAND: GET /session/8d9404e4e9bea3f53a5c3520fcd44aec/screenshot - {}
RESULT: {}
COMMAND: POST /session/8d9404e4e9bea3f53a5c3520fcd44aec/execute/async - {"script":"<script> [1562 bytes]","args":[{"selector":{"id":"application-managepartners-display-component---detailPtm--addressDetailDetailsName1"},"wdio_ui5_key":"applicationmanagepartners-display-component---detailPtm--addressDetailDetailsName1"}]}
RESULT: {"script":"<script> [1562 bytes]","args":[{"selector":{"id":"application-managepartners-display-component---detailPtm--addressDetailDetailsName1"},"wdio_ui5_key":"applicationmanagepartners-display-component---detailPtm--addressDetailDetailsName1"}]}
RESULT: undefined
COMMAND: POST /session/8d9404e4e9bea3f53a5c3520fcd44aec/execute/async - {"script":"<script> [6424 bytes]","args":[{"element-6066-11e4-a52e-4f735466cecf":"f.7EA17D048601C53176965B9346C1EB3C.d.79570417F4A103FF238DB536A2B53946.e.2785"},"getValue",[]]}
RESULT: {"script":"<script> [6424 bytes]","args":[{"element-6066-11e4-a52e-4f735466cecf":"f.7EA17D048601C53176965B9346C1EB3C.d.79570417F4A103FF238DB536A2B53946.e.2785"},"getValue",[]]}
COMMAND: POST /session/8d9404e4e9bea3f53a5c3520fcd44aec/element - {"using":"xpath","value":"//input[@id = \"application-managepartners-display-component---detailPtm--addressDetailDetailsLanguage-inner\"]"}
RESULT: {"using":"xpath","value":"//input[@id = \"application-managepartners-display-component---detailPtm--addressDetailDetailsLanguage-inner\"]"}
COMMAND: GET /session/8d9404e4e9bea3f53a5c3520fcd44aec/element/f.7EA17D048601C53176965B9346C1EB3C.d.79570417F4A103FF238DB536A2B53946.e.2786/property/value - {}
RESULT: {}
COMMAND: POST /session/8d9404e4e9bea3f53a5c3520fcd44aec/execute/async - {"script":"<script> [1562 bytes]","args":[{"selector":{"id":"application-managepartners-display-component---detailPtm--addressDetailDetailsCity1"},"wdio_ui5_key":"applicationmanagepartners-display-component---detailPtm--addressDetailDetailsCity1"}]}
COMMAND: GET /session/8d9404e4e9bea3f53a5c3520fcd44aec/screenshot - {}
RESULT: {"script":"<script> [1562 bytes]","args":[{"selector":{"id":"application-managepartners-display-component---detailPtm--addressDetailDetailsCity1"},"wdio_ui5_key":"applicationmanagepartners-display-component---detailPtm--addressDetailDetailsCity1"}]}
RESULT: undefined
COMMAND: POST /session/8d9404e4e9bea3f53a5c3520fcd44aec/execute/async - {"script":"<script> [6424 bytes]","args":[{"element-6066-11e4-a52e-4f735466cecf":"f.7EA17D048601C53176965B9346C1EB3C.d.79570417F4A103FF238DB536A2B53946.e.2787"},"getValue",[]]}
RESULT: {}
RESULT: {"script":"<script> [6424 bytes]","args":[{"element-6066-11e4-a52e-4f735466cecf":"f.7EA17D048601C53176965B9346C1EB3C.d.79570417F4A103FF238DB536A2B53946.e.2787"},"getValue",[]]}
COMMAND: POST /session/8d9404e4e9bea3f53a5c3520fcd44aec/element - {"using":"css selector","value":"#shell-header-logo"}
RESULT: {"using":"css selector","value":"#shell-header-logo"}
COMMAND: POST /session/8d9404e4e9bea3f53a5c3520fcd44aec/element/f.7EA17D048601C53176965B9346C1EB3C.d.79570417F4A103FF238DB536A2B53946.e.2369/click - {}
RESULT: {}
COMMAND: GET /session/8d9404e4e9bea3f53a5c3520fcd44aec/screenshot - {}
RESULT: {}
]]></system-out>
    </testcase>
    <testcase classname="chrome.136_0_7103_93.windows.Partner_specific_tests_US150819_US151080_US151654_US151176_US103444_US151078_US151079_US151109_US151174_US151175_US151189" name="Should create a new intercompany partner edit some of its fields US151078" time="268.562">
      <system-out><![CDATA[
COMMAND: POST /session/8d9404e4e9bea3f53a5c3520fcd44aec/element - {"using":"xpath","value":"//li[.//span[text()=\"Manage Partners\"]]"}
RESULT: {"using":"xpath","value":"//li[.//span[text()=\"Manage Partners\"]]"}
COMMAND: POST /session/8d9404e4e9bea3f53a5c3520fcd44aec/element - {"using":"xpath","value":"//li[.//span[text()=\"Manage Partners\"]]"}
RESULT: {"using":"xpath","value":"//li[.//span[text()=\"Manage Partners\"]]"}
COMMAND: POST /session/8d9404e4e9bea3f53a5c3520fcd44aec/element - {"using":"css selector","value":"#shell-header-logo"}
RESULT: {"using":"css selector","value":"#shell-header-logo"}
COMMAND: POST /session/8d9404e4e9bea3f53a5c3520fcd44aec/element/f.7EA17D048601C53176965B9346C1EB3C.d.79570417F4A103FF238DB536A2B53946.e.2817/click - {}
COMMAND: POST /session/8d9404e4e9bea3f53a5c3520fcd44aec/execute/sync - {"script":"<script> [8489 bytes]","args":[{"element-6066-11e4-a52e-4f735466cecf":"f.7EA17D048601C53176965B9346C1EB3C.d.79570417F4A103FF238DB536A2B53946.e.2817","ELEMENT":"f.7EA17D048601C53176965B9346C1EB3C.d.79570417F4A103FF238DB536A2B53946.e.2817"}]}
RESULT: {"script":"<script> [8489 bytes]","args":[{"element-6066-11e4-a52e-4f735466cecf":"f.7EA17D048601C53176965B9346C1EB3C.d.79570417F4A103FF238DB536A2B53946.e.2817","ELEMENT":"f.7EA17D048601C53176965B9346C1EB3C.d.79570417F4A103FF238DB536A2B53946.e.2817"}]}
COMMAND: POST /session/8d9404e4e9bea3f53a5c3520fcd44aec/execute/sync - {"script":"<script> [5351 bytes]","args":[{"element-6066-11e4-a52e-4f735466cecf":"f.7EA17D048601C53176965B9346C1EB3C.d.79570417F4A103FF238DB536A2B53946.e.2817","ELEMENT":"f.7EA17D048601C53176965B9346C1EB3C.d.79570417F4A103FF238DB536A2B53946.e.2817"}]}
COMMAND: GET /session/8d9404e4e9bea3f53a5c3520fcd44aec/screenshot - {}
RESULT: {}
COMMAND: GET /session/8d9404e4e9bea3f53a5c3520fcd44aec/screenshot - {}
RESULT: {"script":"<script> [5351 bytes]","args":[{"element-6066-11e4-a52e-4f735466cecf":"f.7EA17D048601C53176965B9346C1EB3C.d.79570417F4A103FF238DB536A2B53946.e.2817","ELEMENT":"f.7EA17D048601C53176965B9346C1EB3C.d.79570417F4A103FF238DB536A2B53946.e.2817"}]}
COMMAND: GET /session/8d9404e4e9bea3f53a5c3520fcd44aec/screenshot - {}
RESULT: {}
RESULT: {}
RESULT: {}
COMMAND: POST /session/8d9404e4e9bea3f53a5c3520fcd44aec/refresh - {}
RESULT: {}
COMMAND: GET /session/8d9404e4e9bea3f53a5c3520fcd44aec/screenshot - {}
RESULT: {}
COMMAND: POST /session/8d9404e4e9bea3f53a5c3520fcd44aec/refresh - {}
RESULT: {}
COMMAND: GET /session/8d9404e4e9bea3f53a5c3520fcd44aec/screenshot - {}
RESULT: {}
COMMAND: POST /session/8d9404e4e9bea3f53a5c3520fcd44aec/window/fullscreen - {}
RESULT: {}
COMMAND: POST /session/8d9404e4e9bea3f53a5c3520fcd44aec/execute/async - {"script":"<script> [189 bytes]","args":[]}
RESULT: {"script":"<script> [189 bytes]","args":[]}
COMMAND: POST /session/8d9404e4e9bea3f53a5c3520fcd44aec/execute/async - {"script":"<script> [123 bytes]","args":[]}
RESULT: {"script":"<script> [123 bytes]","args":[]}
COMMAND: POST /session/8d9404e4e9bea3f53a5c3520fcd44aec/timeouts - {"script":"<number>"}
RESULT: {"script":"<number>"}
COMMAND: GET /session/8d9404e4e9bea3f53a5c3520fcd44aec/timeouts - {}
RESULT: {}
RESULT: undefined
COMMAND: POST /session/8d9404e4e9bea3f53a5c3520fcd44aec/execute/async - {"script":"<script> [2676 bytes]","args":[]}
RESULT: {"script":"<script> [2676 bytes]","args":[]}
COMMAND: POST /session/8d9404e4e9bea3f53a5c3520fcd44aec/execute/async - {"script":"<script> [2342 bytes]","args":[{"protocol":"http","hostname":"0.0.0.0","path":"/","capabilities":{"browserName":"chrome","goog:chromeOptions":{"binary":"C:\\Program Files\\Google\\Chrome\\Application\\chrome.exe","args":["--start-maximized"]}},"logLevel":"warn","connectionRetryTimeout":120000,"connectionRetryCount":3,"logLevels":{},"enableDirectConnect":true,"strictSSL":true,"_":"65 more keys: [\"cacheDir\",\"port\",\"requestedCapabilities\",\"automationProtocol\",\"baseUrl\",\"waitforInterval\",\"waitforTimeout\",\"onReload\",\"beforeCommand\",\"afterCommand\",\"rootDir\",\"specs\",\"suites\",\"exclude\",\"groupLogsByTestSpec\",\"excludeDriverLogs\",\"bail\",\"framework\",\"reporters\",\"services\",\"maxInstances\",\"maxInstancesPerCapability\",\"injectGlobals\",\"filesToWatch\",\"execArgv\",\"runnerEnv\",\"runner\",\"shard\",\"specFileRetries\",\"specFileRetriesDelay\",\"specFileRetriesDeferred\",\"reporterSyncInterval\",\"reporterSyncTimeout\",\"cucumberFeaturesWithLineNumbers\",\"autoCompileOpts\",\"mochaOpts\",\"jasmineOpts\",\"cucumberOpts\",\"onPrepare\",\"onWorkerStart\",\"onWorkerEnd\",\"before\",\"beforeSession\",\"beforeSuite\",\"beforeHook\",\"beforeTest\",\"afterTest\",\"afterHook\",\"afterSuite\",\"afterSession\",\"after\",\"onComplete\",\"beforeAssertion\",\"afterAssertion\",\"beforeFeature\",\"beforeScenario\",\"beforeStep\",\"afterStep\",\"afterScenario\",\"afterFeature\",\"_\",\"suite\",\"$0\",\"ignoredWorkerServices\",\"wdi5\"]"}]}
RESULT: {"script":"<script> [2342 bytes]","args":[{"protocol":"http","hostname":"0.0.0.0","path":"/","capabilities":{"browserName":"chrome","goog:chromeOptions":{"binary":"C:\\Program Files\\Google\\Chrome\\Application\\chrome.exe","args":["--start-maximized"]}},"logLevel":"warn","connectionRetryTimeout":120000,"connectionRetryCount":3,"logLevels":{},"enableDirectConnect":true,"strictSSL":true,"_":"65 more keys: [\"cacheDir\",\"port\",\"requestedCapabilities\",\"automationProtocol\",\"baseUrl\",\"waitforInterval\",\"waitforTimeout\",\"onReload\",\"beforeCommand\",\"afterCommand\",\"rootDir\",\"specs\",\"suites\",\"exclude\",\"groupLogsByTestSpec\",\"excludeDriverLogs\",\"bail\",\"framework\",\"reporters\",\"services\",\"maxInstances\",\"maxInstancesPerCapability\",\"injectGlobals\",\"filesToWatch\",\"execArgv\",\"runnerEnv\",\"runner\",\"shard\",\"specFileRetries\",\"specFileRetriesDelay\",\"specFileRetriesDeferred\",\"reporterSyncInterval\",\"reporterSyncTimeout\",\"cucumberFeaturesWithLineNumbers\",\"autoCompileOpts\",\"mochaOpts\",\"jasmineOpts\",\"cucumberOpts\",\"onPrepare\",\"onWorkerStart\",\"onWorkerEnd\",\"before\",\"beforeSession\",\"beforeSuite\",\"beforeHook\",\"beforeTest\",\"afterTest\",\"afterHook\",\"afterSuite\",\"afterSession\",\"after\",\"onComplete\",\"beforeAssertion\",\"afterAssertion\",\"beforeFeature\",\"beforeScenario\",\"beforeStep\",\"afterStep\",\"afterScenario\",\"afterFeature\",\"_\",\"suite\",\"$0\",\"ignoredWorkerServices\",\"wdi5\"]"}]}
COMMAND: POST /session/8d9404e4e9bea3f53a5c3520fcd44aec/execute/async - {"script":"<script> [21126 bytes]","args":[35000]}
RESULT: {"script":"<script> [21126 bytes]","args":[35000]}
COMMAND: POST /session/8d9404e4e9bea3f53a5c3520fcd44aec/window/fullscreen - {}
RESULT: {}
COMMAND: POST /session/8d9404e4e9bea3f53a5c3520fcd44aec/window/fullscreen - {}
RESULT: {}
COMMAND: POST /session/8d9404e4e9bea3f53a5c3520fcd44aec/execute/async - {"script":"<script> [1562 bytes]","args":[{"selector":{"controlType":"sap.m.GenericTile","properties":{"header":"Manage Partners"}},"wdio_ui5_key":"sapm.GenericTile{\"header\":\"Manage Partners\"}"}]}
RESULT: {"script":"<script> [1562 bytes]","args":[{"selector":{"controlType":"sap.m.GenericTile","properties":{"header":"Manage Partners"}},"wdio_ui5_key":"sapm.GenericTile{\"header\":\"Manage Partners\"}"}]}
RESULT: undefined
COMMAND: POST /session/8d9404e4e9bea3f53a5c3520fcd44aec/element - {"using":"xpath","value":"//*[@id=\"__tile30\"]"}
RESULT: {"using":"xpath","value":"//*[@id=\"__tile30\"]"}
COMMAND: POST /session/8d9404e4e9bea3f53a5c3520fcd44aec/element/f.7EA17D048601C53176965B9346C1EB3C.d.D711E2048EC30A3D13E558DD11195611.e.2884/click - {}
RESULT: {}
COMMAND: GET /session/8d9404e4e9bea3f53a5c3520fcd44aec/screenshot - {}
RESULT: {}
COMMAND: POST /session/8d9404e4e9bea3f53a5c3520fcd44aec/elements - {"using":"xpath","value":"//span[text()='Error']"}
RESULT: {"using":"xpath","value":"//span[text()='Error']"}
COMMAND: POST /session/8d9404e4e9bea3f53a5c3520fcd44aec/element - {"using":"xpath","value":"//button[@data-kt=\"addButton\"]"}
RESULT: {"using":"xpath","value":"//button[@data-kt=\"addButton\"]"}
COMMAND: POST /session/8d9404e4e9bea3f53a5c3520fcd44aec/elements - {"using":"xpath","value":"//button[@data-kt=\"addButton\"]"}
RESULT: {"using":"xpath","value":"//button[@data-kt=\"addButton\"]"}
COMMAND: POST /session/8d9404e4e9bea3f53a5c3520fcd44aec/elements - {"using":"xpath","value":"//button[@data-kt=\"addButton\"]"}
RESULT: {"using":"xpath","value":"//button[@data-kt=\"addButton\"]"}
COMMAND: POST /session/8d9404e4e9bea3f53a5c3520fcd44aec/elements - {"using":"xpath","value":"//button[@data-kt=\"addButton\"]"}
RESULT: {"using":"xpath","value":"//button[@data-kt=\"addButton\"]"}
COMMAND: POST /session/8d9404e4e9bea3f53a5c3520fcd44aec/elements - {"using":"xpath","value":"//button[@data-kt=\"addButton\"]"}
RESULT: {"using":"xpath","value":"//button[@data-kt=\"addButton\"]"}
COMMAND: POST /session/8d9404e4e9bea3f53a5c3520fcd44aec/elements - {"using":"xpath","value":"//button[@data-kt=\"addButton\"]"}
RESULT: {"using":"xpath","value":"//button[@data-kt=\"addButton\"]"}
COMMAND: POST /session/8d9404e4e9bea3f53a5c3520fcd44aec/elements - {"using":"xpath","value":"//button[@data-kt=\"addButton\"]"}
RESULT: {"using":"xpath","value":"//button[@data-kt=\"addButton\"]"}
COMMAND: POST /session/8d9404e4e9bea3f53a5c3520fcd44aec/elements - {"using":"xpath","value":"//button[@data-kt=\"addButton\"]"}
RESULT: {"using":"xpath","value":"//button[@data-kt=\"addButton\"]"}
COMMAND: POST /session/8d9404e4e9bea3f53a5c3520fcd44aec/elements - {"using":"xpath","value":"//button[@data-kt=\"addButton\"]"}
RESULT: {"using":"xpath","value":"//button[@data-kt=\"addButton\"]"}
COMMAND: POST /session/8d9404e4e9bea3f53a5c3520fcd44aec/elements - {"using":"xpath","value":"//button[@data-kt=\"addButton\"]"}
RESULT: {"using":"xpath","value":"//button[@data-kt=\"addButton\"]"}
COMMAND: POST /session/8d9404e4e9bea3f53a5c3520fcd44aec/elements - {"using":"xpath","value":"//button[@data-kt=\"addButton\"]"}
RESULT: {"using":"xpath","value":"//button[@data-kt=\"addButton\"]"}
COMMAND: POST /session/8d9404e4e9bea3f53a5c3520fcd44aec/elements - {"using":"xpath","value":"//button[@data-kt=\"addButton\"]"}
RESULT: {"using":"xpath","value":"//button[@data-kt=\"addButton\"]"}
COMMAND: POST /session/8d9404e4e9bea3f53a5c3520fcd44aec/elements - {"using":"xpath","value":"//button[@data-kt=\"addButton\"]"}
RESULT: {"using":"xpath","value":"//button[@data-kt=\"addButton\"]"}
COMMAND: POST /session/8d9404e4e9bea3f53a5c3520fcd44aec/elements - {"using":"xpath","value":"//button[@data-kt=\"addButton\"]"}
RESULT: {"using":"xpath","value":"//button[@data-kt=\"addButton\"]"}
COMMAND: POST /session/8d9404e4e9bea3f53a5c3520fcd44aec/elements - {"using":"xpath","value":"//button[@data-kt=\"addButton\"]"}
RESULT: {"using":"xpath","value":"//button[@data-kt=\"addButton\"]"}
COMMAND: POST /session/8d9404e4e9bea3f53a5c3520fcd44aec/elements - {"using":"xpath","value":"//button[@data-kt=\"addButton\"]"}
RESULT: {"using":"xpath","value":"//button[@data-kt=\"addButton\"]"}
COMMAND: POST /session/8d9404e4e9bea3f53a5c3520fcd44aec/elements - {"using":"xpath","value":"//button[@data-kt=\"addButton\"]"}
RESULT: {"using":"xpath","value":"//button[@data-kt=\"addButton\"]"}
COMMAND: POST /session/8d9404e4e9bea3f53a5c3520fcd44aec/elements - {"using":"xpath","value":"//button[@data-kt=\"addButton\"]"}
RESULT: {"using":"xpath","value":"//button[@data-kt=\"addButton\"]"}
COMMAND: POST /session/8d9404e4e9bea3f53a5c3520fcd44aec/elements - {"using":"xpath","value":"//button[@data-kt=\"addButton\"]"}
RESULT: {"using":"xpath","value":"//button[@data-kt=\"addButton\"]"}
COMMAND: POST /session/8d9404e4e9bea3f53a5c3520fcd44aec/elements - {"using":"xpath","value":"//button[@data-kt=\"addButton\"]"}
RESULT: {"using":"xpath","value":"//button[@data-kt=\"addButton\"]"}
COMMAND: POST /session/8d9404e4e9bea3f53a5c3520fcd44aec/elements - {"using":"xpath","value":"//button[@data-kt=\"addButton\"]"}
RESULT: {"using":"xpath","value":"//button[@data-kt=\"addButton\"]"}
COMMAND: POST /session/8d9404e4e9bea3f53a5c3520fcd44aec/elements - {"using":"xpath","value":"//button[@data-kt=\"addButton\"]"}
RESULT: {"using":"xpath","value":"//button[@data-kt=\"addButton\"]"}
COMMAND: POST /session/8d9404e4e9bea3f53a5c3520fcd44aec/elements - {"using":"xpath","value":"//button[@data-kt=\"addButton\"]"}
RESULT: {"using":"xpath","value":"//button[@data-kt=\"addButton\"]"}
COMMAND: POST /session/8d9404e4e9bea3f53a5c3520fcd44aec/element - {"using":"xpath","value":"//button[@data-kt=\"addButton\"]"}
RESULT: {"using":"xpath","value":"//button[@data-kt=\"addButton\"]"}
COMMAND: POST /session/8d9404e4e9bea3f53a5c3520fcd44aec/execute/sync - {"script":"<script> [8489 bytes]","args":[{"element-6066-11e4-a52e-4f735466cecf":"f.7EA17D048601C53176965B9346C1EB3C.d.D711E2048EC30A3D13E558DD11195611.e.2998","ELEMENT":"f.7EA17D048601C53176965B9346C1EB3C.d.D711E2048EC30A3D13E558DD11195611.e.2998"}]}
RESULT: {"script":"<script> [8489 bytes]","args":[{"element-6066-11e4-a52e-4f735466cecf":"f.7EA17D048601C53176965B9346C1EB3C.d.D711E2048EC30A3D13E558DD11195611.e.2998","ELEMENT":"f.7EA17D048601C53176965B9346C1EB3C.d.D711E2048EC30A3D13E558DD11195611.e.2998"}]}
COMMAND: GET /session/8d9404e4e9bea3f53a5c3520fcd44aec/element/f.7EA17D048601C53176965B9346C1EB3C.d.D711E2048EC30A3D13E558DD11195611.e.2998/enabled - {}
COMMAND: GET /session/8d9404e4e9bea3f53a5c3520fcd44aec/screenshot - {}
RESULT: {}
COMMAND: POST /session/8d9404e4e9bea3f53a5c3520fcd44aec/execute/sync - {"script":"<script> [8489 bytes]","args":[{"element-6066-11e4-a52e-4f735466cecf":"f.7EA17D048601C53176965B9346C1EB3C.d.D711E2048EC30A3D13E558DD11195611.e.2998","ELEMENT":"f.7EA17D048601C53176965B9346C1EB3C.d.D711E2048EC30A3D13E558DD11195611.e.2998"}]}
COMMAND: GET /session/8d9404e4e9bea3f53a5c3520fcd44aec/screenshot - {}
RESULT: {}
RESULT: {"script":"<script> [8489 bytes]","args":[{"element-6066-11e4-a52e-4f735466cecf":"f.7EA17D048601C53176965B9346C1EB3C.d.D711E2048EC30A3D13E558DD11195611.e.2998","ELEMENT":"f.7EA17D048601C53176965B9346C1EB3C.d.D711E2048EC30A3D13E558DD11195611.e.2998"}]}
COMMAND: POST /session/8d9404e4e9bea3f53a5c3520fcd44aec/execute/sync - {"script":"<script> [5351 bytes]","args":[{"element-6066-11e4-a52e-4f735466cecf":"f.7EA17D048601C53176965B9346C1EB3C.d.D711E2048EC30A3D13E558DD11195611.e.2998","ELEMENT":"f.7EA17D048601C53176965B9346C1EB3C.d.D711E2048EC30A3D13E558DD11195611.e.2998"}]}
COMMAND: GET /session/8d9404e4e9bea3f53a5c3520fcd44aec/screenshot - {}
RESULT: {}
RESULT: {"script":"<script> [5351 bytes]","args":[{"element-6066-11e4-a52e-4f735466cecf":"f.7EA17D048601C53176965B9346C1EB3C.d.D711E2048EC30A3D13E558DD11195611.e.2998","ELEMENT":"f.7EA17D048601C53176965B9346C1EB3C.d.D711E2048EC30A3D13E558DD11195611.e.2998"}]}
COMMAND: POST /session/8d9404e4e9bea3f53a5c3520fcd44aec/element/f.7EA17D048601C53176965B9346C1EB3C.d.D711E2048EC30A3D13E558DD11195611.e.2998/click - {}
RESULT: {}
COMMAND: GET /session/8d9404e4e9bea3f53a5c3520fcd44aec/screenshot - {}
RESULT: {}
COMMAND: GET /session/8d9404e4e9bea3f53a5c3520fcd44aec/screenshot - {}
COMMAND: POST /session/8d9404e4e9bea3f53a5c3520fcd44aec/execute/async - {"script":"<script> [1562 bytes]","args":[{"selector":{"id":"application-managepartners-display-component---NewPartner--addressDetailDetailsName1","interaction":{"idSuffix":"inner"}},"wdio_ui5_key":"applicationmanagepartners-display-component---NewPartner--addressDetailDetailsName1"}]}
RESULT: {}
RESULT: {}
RESULT: {"script":"<script> [1562 bytes]","args":[{"selector":{"id":"application-managepartners-display-component---NewPartner--addressDetailDetailsName1","interaction":{"idSuffix":"inner"}},"wdio_ui5_key":"applicationmanagepartners-display-component---NewPartner--addressDetailDetailsName1"}]}
RESULT: undefined
COMMAND: POST /session/8d9404e4e9bea3f53a5c3520fcd44aec/execute/async - {"script":"<script> [776 bytes]","args":[{"enterText":"Intercompany Partner WDIO","selector":{"id":"application-managepartners-display-component---NewPartner--addressDetailDetailsName1","interaction":{"idSuffix":"inner"}},"clearTextFirst":true,"interactionType":"ENTER_TEXT"}]}
RESULT: {"script":"<script> [776 bytes]","args":[{"enterText":"Intercompany Partner WDIO","selector":{"id":"application-managepartners-display-component---NewPartner--addressDetailDetailsName1","interaction":{"idSuffix":"inner"}},"clearTextFirst":true,"interactionType":"ENTER_TEXT"}]}
COMMAND: POST /session/8d9404e4e9bea3f53a5c3520fcd44aec/execute/async - {"script":"<script> [1562 bytes]","args":[{"selector":{"id":"application-managepartners-display-component---NewPartner--addressDetailDetailsLanguage-arrow"},"wdio_ui5_key":"applicationmanagepartners-display-component---NewPartner--addressDetailDetailsLanguage-arrow"}]}
RESULT: {"script":"<script> [1562 bytes]","args":[{"selector":{"id":"application-managepartners-display-component---NewPartner--addressDetailDetailsLanguage-arrow"},"wdio_ui5_key":"applicationmanagepartners-display-component---NewPartner--addressDetailDetailsLanguage-arrow"}]}
RESULT: undefined
COMMAND: POST /session/8d9404e4e9bea3f53a5c3520fcd44aec/element - {"using":"xpath","value":"//*[@id=\"application-managepartners-display-component---NewPartner--addressDetailDetailsLanguage-arrow\"]"}
RESULT: {"using":"xpath","value":"//*[@id=\"application-managepartners-display-component---NewPartner--addressDetailDetailsLanguage-arrow\"]"}
COMMAND: POST /session/8d9404e4e9bea3f53a5c3520fcd44aec/element/f.7EA17D048601C53176965B9346C1EB3C.d.D711E2048EC30A3D13E558DD11195611.e.3376/click - {}
RESULT: {}
COMMAND: POST /session/8d9404e4e9bea3f53a5c3520fcd44aec/element - {"using":"xpath","value":"//span[contains(text(), \"English\")]"}
COMMAND: GET /session/8d9404e4e9bea3f53a5c3520fcd44aec/screenshot - {}
RESULT: {"using":"xpath","value":"//span[contains(text(), \"English\")]"}
COMMAND: POST /session/8d9404e4e9bea3f53a5c3520fcd44aec/element/f.7EA17D048601C53176965B9346C1EB3C.d.D711E2048EC30A3D13E558DD11195611.e.3377/click - {}
RESULT: {}
RESULT: {}
COMMAND: GET /session/8d9404e4e9bea3f53a5c3520fcd44aec/screenshot - {}
RESULT: {}
COMMAND: POST /session/8d9404e4e9bea3f53a5c3520fcd44aec/execute/async - {"script":"<script> [1562 bytes]","args":[{"selector":{"id":"application-managepartners-display-component---NewPartner--addressDetailDetailsCity1","interaction":{"idSuffix":"inner"}},"wdio_ui5_key":"applicationmanagepartners-display-component---NewPartner--addressDetailDetailsCity1"}]}
RESULT: {"script":"<script> [1562 bytes]","args":[{"selector":{"id":"application-managepartners-display-component---NewPartner--addressDetailDetailsCity1","interaction":{"idSuffix":"inner"}},"wdio_ui5_key":"applicationmanagepartners-display-component---NewPartner--addressDetailDetailsCity1"}]}
RESULT: undefined
COMMAND: POST /session/8d9404e4e9bea3f53a5c3520fcd44aec/execute/async - {"script":"<script> [776 bytes]","args":[{"enterText":"Rosario","selector":{"id":"application-managepartners-display-component---NewPartner--addressDetailDetailsCity1","interaction":{"idSuffix":"inner"}},"clearTextFirst":true,"interactionType":"ENTER_TEXT"}]}
RESULT: {"script":"<script> [776 bytes]","args":[{"enterText":"Rosario","selector":{"id":"application-managepartners-display-component---NewPartner--addressDetailDetailsCity1","interaction":{"idSuffix":"inner"}},"clearTextFirst":true,"interactionType":"ENTER_TEXT"}]}
COMMAND: POST /session/8d9404e4e9bea3f53a5c3520fcd44aec/execute/async - {"script":"<script> [1562 bytes]","args":[{"selector":{"id":"application-managepartners-display-component---NewPartner--addressDetailDetailsCountry-arrow"},"wdio_ui5_key":"applicationmanagepartners-display-component---NewPartner--addressDetailDetailsCountry-arrow"}]}
RESULT: {"script":"<script> [1562 bytes]","args":[{"selector":{"id":"application-managepartners-display-component---NewPartner--addressDetailDetailsCountry-arrow"},"wdio_ui5_key":"applicationmanagepartners-display-component---NewPartner--addressDetailDetailsCountry-arrow"}]}
RESULT: undefined
COMMAND: POST /session/8d9404e4e9bea3f53a5c3520fcd44aec/element - {"using":"xpath","value":"//*[@id=\"application-managepartners-display-component---NewPartner--addressDetailDetailsCountry-arrow\"]"}
RESULT: {"using":"xpath","value":"//*[@id=\"application-managepartners-display-component---NewPartner--addressDetailDetailsCountry-arrow\"]"}
COMMAND: POST /session/8d9404e4e9bea3f53a5c3520fcd44aec/element/f.7EA17D048601C53176965B9346C1EB3C.d.D711E2048EC30A3D13E558DD11195611.e.3314/click - {}
RESULT: {}
COMMAND: POST /session/8d9404e4e9bea3f53a5c3520fcd44aec/element - {"using":"xpath","value":"//span[contains(text(), \"Argentina\")]"}
COMMAND: GET /session/8d9404e4e9bea3f53a5c3520fcd44aec/screenshot - {}
RESULT: {"using":"xpath","value":"//span[contains(text(), \"Argentina\")]"}
COMMAND: POST /session/8d9404e4e9bea3f53a5c3520fcd44aec/element/f.7EA17D048601C53176965B9346C1EB3C.d.D711E2048EC30A3D13E558DD11195611.e.3379/click - {}
RESULT: {}
RESULT: {}
COMMAND: GET /session/8d9404e4e9bea3f53a5c3520fcd44aec/screenshot - {}
RESULT: {}
COMMAND: POST /session/8d9404e4e9bea3f53a5c3520fcd44aec/element - {"using":"xpath","value":"//bdi[contains(text(), \"Commercial\")]"}
RESULT: {"using":"xpath","value":"//bdi[contains(text(), \"Commercial\")]"}
COMMAND: POST /session/8d9404e4e9bea3f53a5c3520fcd44aec/element/f.7EA17D048601C53176965B9346C1EB3C.d.D711E2048EC30A3D13E558DD11195611.e.3380/click - {}
RESULT: {}
COMMAND: GET /session/8d9404e4e9bea3f53a5c3520fcd44aec/screenshot - {}
RESULT: {}
COMMAND: POST /session/8d9404e4e9bea3f53a5c3520fcd44aec/execute/async - {"script":"<script> [1562 bytes]","args":[{"selector":{"id":"application-managepartners-display-component---NewPartner--partnerDetailInternal-arrow"},"wdio_ui5_key":"applicationmanagepartners-display-component---NewPartner--partnerDetailInternal-arrow"}]}
RESULT: {"script":"<script> [1562 bytes]","args":[{"selector":{"id":"application-managepartners-display-component---NewPartner--partnerDetailInternal-arrow"},"wdio_ui5_key":"applicationmanagepartners-display-component---NewPartner--partnerDetailInternal-arrow"}]}
RESULT: undefined
COMMAND: POST /session/8d9404e4e9bea3f53a5c3520fcd44aec/element - {"using":"xpath","value":"//*[@id=\"application-managepartners-display-component---NewPartner--partnerDetailInternal-arrow\"]"}
RESULT: {"using":"xpath","value":"//*[@id=\"application-managepartners-display-component---NewPartner--partnerDetailInternal-arrow\"]"}
COMMAND: POST /session/8d9404e4e9bea3f53a5c3520fcd44aec/element/f.7EA17D048601C53176965B9346C1EB3C.d.D711E2048EC30A3D13E558DD11195611.e.3386/click - {}
RESULT: {}
COMMAND: POST /session/8d9404e4e9bea3f53a5c3520fcd44aec/element - {"using":"xpath","value":"//span[contains(text(), \"Affiliated company\")]"}
COMMAND: GET /session/8d9404e4e9bea3f53a5c3520fcd44aec/screenshot - {}
RESULT: {"using":"xpath","value":"//span[contains(text(), \"Affiliated company\")]"}
COMMAND: POST /session/8d9404e4e9bea3f53a5c3520fcd44aec/element/f.7EA17D048601C53176965B9346C1EB3C.d.D711E2048EC30A3D13E558DD11195611.e.3389/click - {}
RESULT: {}
RESULT: {}
COMMAND: POST /session/8d9404e4e9bea3f53a5c3520fcd44aec/execute/async - {"script":"<script> [1562 bytes]","args":[{"selector":{"id":"application-managepartners-display-component---NewPartner--partnerDetailsCurrency-arrow"},"wdio_ui5_key":"applicationmanagepartners-display-component---NewPartner--partnerDetailsCurrency-arrow"}]}
COMMAND: GET /session/8d9404e4e9bea3f53a5c3520fcd44aec/screenshot - {}
RESULT: {"script":"<script> [1562 bytes]","args":[{"selector":{"id":"application-managepartners-display-component---NewPartner--partnerDetailsCurrency-arrow"},"wdio_ui5_key":"applicationmanagepartners-display-component---NewPartner--partnerDetailsCurrency-arrow"}]}
RESULT: undefined
COMMAND: POST /session/8d9404e4e9bea3f53a5c3520fcd44aec/element - {"using":"xpath","value":"//*[@id=\"application-managepartners-display-component---NewPartner--partnerDetailsCurrency-arrow\"]"}
RESULT: {}
RESULT: {"using":"xpath","value":"//*[@id=\"application-managepartners-display-component---NewPartner--partnerDetailsCurrency-arrow\"]"}
COMMAND: POST /session/8d9404e4e9bea3f53a5c3520fcd44aec/element/f.7EA17D048601C53176965B9346C1EB3C.d.D711E2048EC30A3D13E558DD11195611.e.3396/click - {}
RESULT: {}
COMMAND: POST /session/8d9404e4e9bea3f53a5c3520fcd44aec/element - {"using":"xpath","value":"//span[contains(text(), \"Euro\")]"}
COMMAND: GET /session/8d9404e4e9bea3f53a5c3520fcd44aec/screenshot - {}
RESULT: {"using":"xpath","value":"//span[contains(text(), \"Euro\")]"}
COMMAND: POST /session/8d9404e4e9bea3f53a5c3520fcd44aec/element/f.7EA17D048601C53176965B9346C1EB3C.d.D711E2048EC30A3D13E558DD11195611.e.3397/click - {}
RESULT: {}
RESULT: {}
COMMAND: POST /session/8d9404e4e9bea3f53a5c3520fcd44aec/execute/async - {"script":"<script> [1562 bytes]","args":[{"selector":{"id":"application-managepartners-display-component---NewPartner--addressEditDetailsCostObjectCstType-arrow"},"wdio_ui5_key":"applicationmanagepartners-display-component---NewPartner--addressEditDetailsCostObjectCstType-arrow"}]}
COMMAND: GET /session/8d9404e4e9bea3f53a5c3520fcd44aec/screenshot - {}
RESULT: {"script":"<script> [1562 bytes]","args":[{"selector":{"id":"application-managepartners-display-component---NewPartner--addressEditDetailsCostObjectCstType-arrow"},"wdio_ui5_key":"applicationmanagepartners-display-component---NewPartner--addressEditDetailsCostObjectCstType-arrow"}]}
RESULT: undefined
COMMAND: POST /session/8d9404e4e9bea3f53a5c3520fcd44aec/element - {"using":"xpath","value":"//*[@id=\"application-managepartners-display-component---NewPartner--addressEditDetailsCostObjectCstType-arrow\"]"}
RESULT: {}
RESULT: {"using":"xpath","value":"//*[@id=\"application-managepartners-display-component---NewPartner--addressEditDetailsCostObjectCstType-arrow\"]"}
COMMAND: POST /session/8d9404e4e9bea3f53a5c3520fcd44aec/element/f.7EA17D048601C53176965B9346C1EB3C.d.D711E2048EC30A3D13E558DD11195611.e.3398/click - {}
RESULT: {}
COMMAND: POST /session/8d9404e4e9bea3f53a5c3520fcd44aec/element - {"using":"xpath","value":"//span[contains(text(), \"Cost Center\")]"}
COMMAND: GET /session/8d9404e4e9bea3f53a5c3520fcd44aec/screenshot - {}
RESULT: {"using":"xpath","value":"//span[contains(text(), \"Cost Center\")]"}
COMMAND: POST /session/8d9404e4e9bea3f53a5c3520fcd44aec/element/f.7EA17D048601C53176965B9346C1EB3C.d.D711E2048EC30A3D13E558DD11195611.e.3399/click - {}
RESULT: {}
RESULT: {}
COMMAND: GET /session/8d9404e4e9bea3f53a5c3520fcd44aec/screenshot - {}
RESULT: {}
COMMAND: POST /session/8d9404e4e9bea3f53a5c3520fcd44aec/element - {"using":"xpath","value":"//span[@id=\"application-managepartners-display-component---NewPartner--addressNewCostObjectCstID-vhi\"]"}
RESULT: {"using":"xpath","value":"//span[@id=\"application-managepartners-display-component---NewPartner--addressNewCostObjectCstID-vhi\"]"}
COMMAND: POST /session/8d9404e4e9bea3f53a5c3520fcd44aec/execute/sync - {"script":"<script> [8489 bytes]","args":[{"element-6066-11e4-a52e-4f735466cecf":"f.7EA17D048601C53176965B9346C1EB3C.d.D711E2048EC30A3D13E558DD11195611.e.3403","ELEMENT":"f.7EA17D048601C53176965B9346C1EB3C.d.D711E2048EC30A3D13E558DD11195611.e.3403"}]}
RESULT: {"script":"<script> [8489 bytes]","args":[{"element-6066-11e4-a52e-4f735466cecf":"f.7EA17D048601C53176965B9346C1EB3C.d.D711E2048EC30A3D13E558DD11195611.e.3403","ELEMENT":"f.7EA17D048601C53176965B9346C1EB3C.d.D711E2048EC30A3D13E558DD11195611.e.3403"}]}
COMMAND: POST /session/8d9404e4e9bea3f53a5c3520fcd44aec/execute/async - {"script":"<script> [1562 bytes]","args":[{"selector":{"id":"application-managepartners-display-component---NewPartner--addressNewCostObjectCstID-vhi"},"wdio_ui5_key":"applicationmanagepartners-display-component---NewPartner--addressNewCostObjectCstID-vhi"}]}
COMMAND: GET /session/8d9404e4e9bea3f53a5c3520fcd44aec/screenshot - {}
RESULT: {"script":"<script> [1562 bytes]","args":[{"selector":{"id":"application-managepartners-display-component---NewPartner--addressNewCostObjectCstID-vhi"},"wdio_ui5_key":"applicationmanagepartners-display-component---NewPartner--addressNewCostObjectCstID-vhi"}]}
RESULT: undefined
COMMAND: POST /session/8d9404e4e9bea3f53a5c3520fcd44aec/element - {"using":"xpath","value":"//*[@id=\"application-managepartners-display-component---NewPartner--addressNewCostObjectCstID-vhi\"]"}
RESULT: {}
RESULT: {"using":"xpath","value":"//*[@id=\"application-managepartners-display-component---NewPartner--addressNewCostObjectCstID-vhi\"]"}
COMMAND: POST /session/8d9404e4e9bea3f53a5c3520fcd44aec/element/f.7EA17D048601C53176965B9346C1EB3C.d.D711E2048EC30A3D13E558DD11195611.e.3403/click - {}
RESULT: {}
COMMAND: GET /session/8d9404e4e9bea3f53a5c3520fcd44aec/screenshot - {}
RESULT: {}
COMMAND: POST /session/8d9404e4e9bea3f53a5c3520fcd44aec/execute/async - {"script":"<script> [1562 bytes]","args":[{"selector":{"controlType":"sap.m.SearchField","properties":{"placeholder":"Search"},"searchOpenDialogs":true,"interaction":{"idSuffix":"I"}},"wdio_ui5_key":"sapm.SearchField{\"placeholder\":\"Search\"}"}]}
RESULT: {"script":"<script> [1562 bytes]","args":[{"selector":{"controlType":"sap.m.SearchField","properties":{"placeholder":"Search"},"searchOpenDialogs":true,"interaction":{"idSuffix":"I"}},"wdio_ui5_key":"sapm.SearchField{\"placeholder\":\"Search\"}"}]}
RESULT: undefined
COMMAND: POST /session/8d9404e4e9bea3f53a5c3520fcd44aec/execute/async - {"script":"<script> [776 bytes]","args":[{"enterText":"10001013","selector":{"controlType":"sap.m.SearchField","properties":{"placeholder":"Search"},"searchOpenDialogs":true,"interaction":{"idSuffix":"I"}},"clearTextFirst":true,"interactionType":"ENTER_TEXT"}]}
RESULT: {"script":"<script> [776 bytes]","args":[{"enterText":"10001013","selector":{"controlType":"sap.m.SearchField","properties":{"placeholder":"Search"},"searchOpenDialogs":true,"interaction":{"idSuffix":"I"}},"clearTextFirst":true,"interactionType":"ENTER_TEXT"}]}
COMMAND: POST /session/8d9404e4e9bea3f53a5c3520fcd44aec/actions - {"actions":[{"id":"action7","type":"key","parameters":{},"actions":[{"type":"keyDown","value":""},{"type":"pause","duration":10},{"type":"keyUp","value":""}]}]}
RESULT: {"actions":[{"id":"action7","type":"key","parameters":{},"actions":[{"type":"keyDown","value":""},{"type":"pause","duration":10},{"type":"keyUp","value":""}]}]}
COMMAND: GET /session/8d9404e4e9bea3f53a5c3520fcd44aec/screenshot - {}
RESULT: {}
COMMAND: POST /session/8d9404e4e9bea3f53a5c3520fcd44aec/element - {"using":"xpath","value":"//span[contains(text(), \"General Management\")]"}
RESULT: {"using":"xpath","value":"//span[contains(text(), \"General Management\")]"}
COMMAND: POST /session/8d9404e4e9bea3f53a5c3520fcd44aec/element/f.7EA17D048601C53176965B9346C1EB3C.d.D711E2048EC30A3D13E558DD11195611.e.3445/click - {}
RESULT: {}
COMMAND: GET /session/8d9404e4e9bea3f53a5c3520fcd44aec/screenshot - {}
RESULT: {}
COMMAND: POST /session/8d9404e4e9bea3f53a5c3520fcd44aec/element - {"using":"xpath","value":"//bdi[contains(text(), \"OK\")]"}
RESULT: {"using":"xpath","value":"//bdi[contains(text(), \"OK\")]"}
COMMAND: POST /session/8d9404e4e9bea3f53a5c3520fcd44aec/element/f.7EA17D048601C53176965B9346C1EB3C.d.D711E2048EC30A3D13E558DD11195611.e.3446/click - {}
RESULT: {}
COMMAND: GET /session/8d9404e4e9bea3f53a5c3520fcd44aec/screenshot - {}
RESULT: {}
COMMAND: POST /session/8d9404e4e9bea3f53a5c3520fcd44aec/element - {"using":"xpath","value":"//input[@id=\"application-managepartners-display-component---NewPartner--companyCodeComboBox-inner\"]"}
RESULT: {"using":"xpath","value":"//input[@id=\"application-managepartners-display-component---NewPartner--companyCodeComboBox-inner\"]"}
COMMAND: POST /session/8d9404e4e9bea3f53a5c3520fcd44aec/element/f.7EA17D048601C53176965B9346C1EB3C.d.D711E2048EC30A3D13E558DD11195611.e.3309/clear - {}
RESULT: {}
COMMAND: POST /session/8d9404e4e9bea3f53a5c3520fcd44aec/element/f.7EA17D048601C53176965B9346C1EB3C.d.D711E2048EC30A3D13E558DD11195611.e.3309/value - {"text":"C002"}
COMMAND: GET /session/8d9404e4e9bea3f53a5c3520fcd44aec/screenshot - {}
RESULT: {"text":"C002"}
COMMAND: GET /session/8d9404e4e9bea3f53a5c3520fcd44aec/screenshot - {}
RESULT: {}
RESULT: {}
COMMAND: POST /session/8d9404e4e9bea3f53a5c3520fcd44aec/element - {"using":"xpath","value":"//li[.//span[text()= \"C002\"]]"}
RESULT: {"using":"xpath","value":"//li[.//span[text()= \"C002\"]]"}
COMMAND: POST /session/8d9404e4e9bea3f53a5c3520fcd44aec/element/f.7EA17D048601C53176965B9346C1EB3C.d.D711E2048EC30A3D13E558DD11195611.e.3452/click - {}
RESULT: {}
COMMAND: GET /session/8d9404e4e9bea3f53a5c3520fcd44aec/screenshot - {}
RESULT: {}
COMMAND: POST /session/8d9404e4e9bea3f53a5c3520fcd44aec/execute/async - {"script":"<script> [1562 bytes]","args":[{"selector":{"id":"application-managepartners-display-component---NewPartner--btnAddTableRow-img"},"wdio_ui5_key":"applicationmanagepartners-display-component---NewPartner--btnAddTableRow-img"}]}
RESULT: {"script":"<script> [1562 bytes]","args":[{"selector":{"id":"application-managepartners-display-component---NewPartner--btnAddTableRow-img"},"wdio_ui5_key":"applicationmanagepartners-display-component---NewPartner--btnAddTableRow-img"}]}
RESULT: undefined
COMMAND: POST /session/8d9404e4e9bea3f53a5c3520fcd44aec/element - {"using":"xpath","value":"//*[@id=\"application-managepartners-display-component---NewPartner--btnAddTableRow-img\"]"}
RESULT: {"using":"xpath","value":"//*[@id=\"application-managepartners-display-component---NewPartner--btnAddTableRow-img\"]"}
COMMAND: POST /session/8d9404e4e9bea3f53a5c3520fcd44aec/element/f.7EA17D048601C53176965B9346C1EB3C.d.D711E2048EC30A3D13E558DD11195611.e.3453/click - {}
RESULT: {}
COMMAND: GET /session/8d9404e4e9bea3f53a5c3520fcd44aec/screenshot - {}
RESULT: {}
COMMAND: POST /session/8d9404e4e9bea3f53a5c3520fcd44aec/element - {"using":"xpath","value":"//input[@id=\"application-managepartners-display-component---NewPartner--assignmentYard-application-managepartners-display-component---NewPartner--assignmentsTable-0-inner\"]"}
RESULT: {"using":"xpath","value":"//input[@id=\"application-managepartners-display-component---NewPartner--assignmentYard-application-managepartners-display-component---NewPartner--assignmentsTable-0-inner\"]"}
COMMAND: POST /session/8d9404e4e9bea3f53a5c3520fcd44aec/element/f.7EA17D048601C53176965B9346C1EB3C.d.D711E2048EC30A3D13E558DD11195611.e.3456/clear - {}
RESULT: {}
COMMAND: POST /session/8d9404e4e9bea3f53a5c3520fcd44aec/element/f.7EA17D048601C53176965B9346C1EB3C.d.D711E2048EC30A3D13E558DD11195611.e.3456/value - {"text":"233"}
COMMAND: GET /session/8d9404e4e9bea3f53a5c3520fcd44aec/screenshot - {}
RESULT: {"text":"233"}
COMMAND: GET /session/8d9404e4e9bea3f53a5c3520fcd44aec/screenshot - {}
RESULT: {}
RESULT: {}
COMMAND: POST /session/8d9404e4e9bea3f53a5c3520fcd44aec/element - {"using":"xpath","value":"//li[.//span[text()='233']]"}
RESULT: {"using":"xpath","value":"//li[.//span[text()='233']]"}
COMMAND: POST /session/8d9404e4e9bea3f53a5c3520fcd44aec/element/f.7EA17D048601C53176965B9346C1EB3C.d.D711E2048EC30A3D13E558DD11195611.e.3465/click - {}
RESULT: {}
COMMAND: GET /session/8d9404e4e9bea3f53a5c3520fcd44aec/screenshot - {}
RESULT: {}
COMMAND: POST /session/8d9404e4e9bea3f53a5c3520fcd44aec/actions - {"actions":[{"id":"action8","type":"key","parameters":{},"actions":[{"type":"keyDown","value":""},{"type":"pause","duration":10},{"type":"keyUp","value":""}]}]}
RESULT: {"actions":[{"id":"action8","type":"key","parameters":{},"actions":[{"type":"keyDown","value":""},{"type":"pause","duration":10},{"type":"keyUp","value":""}]}]}
COMMAND: POST /session/8d9404e4e9bea3f53a5c3520fcd44aec/execute/async - {"script":"<script> [1562 bytes]","args":[{"selector":{"id":"application-managepartners-display-component---NewPartner--externalCustomerComboBox-application-managepartners-display-component---NewPartner--assignmentsTable-0-vhi"},"wdio_ui5_key":"applicationmanagepartners-display-component---NewPartner--externalCustomerComboBox-application-managepartners-display-component---NewPartner--assignmentsTable-0-vhi"}]}
COMMAND: GET /session/8d9404e4e9bea3f53a5c3520fcd44aec/screenshot - {}
RESULT: {"script":"<script> [1562 bytes]","args":[{"selector":{"id":"application-managepartners-display-component---NewPartner--externalCustomerComboBox-application-managepartners-display-component---NewPartner--assignmentsTable-0-vhi"},"wdio_ui5_key":"applicationmanagepartners-display-component---NewPartner--externalCustomerComboBox-application-managepartners-display-component---NewPartner--assignmentsTable-0-vhi"}]}
RESULT: undefined
COMMAND: POST /session/8d9404e4e9bea3f53a5c3520fcd44aec/element - {"using":"xpath","value":"//*[@id=\"application-managepartners-display-component---NewPartner--externalCustomerComboBox-application-managepartners-display-component---NewPartner--assignmentsTable-0-vhi\"]"}
RESULT: {}
RESULT: {"using":"xpath","value":"//*[@id=\"application-managepartners-display-component---NewPartner--externalCustomerComboBox-application-managepartners-display-component---NewPartner--assignmentsTable-0-vhi\"]"}
COMMAND: POST /session/8d9404e4e9bea3f53a5c3520fcd44aec/element/f.7EA17D048601C53176965B9346C1EB3C.d.D711E2048EC30A3D13E558DD11195611.e.3469/click - {}
RESULT: {}
RESULT: undefined
COMMAND: POST /session/8d9404e4e9bea3f53a5c3520fcd44aec/execute/async - {"script":"<script> [776 bytes]","args":[{"enterText":"300003","selector":{"controlType":"sap.m.SearchField","properties":{"placeholder":"Search"},"searchOpenDialogs":true,"interaction":{"idSuffix":"I"}},"clearTextFirst":true,"interactionType":"ENTER_TEXT"}]}
COMMAND: GET /session/8d9404e4e9bea3f53a5c3520fcd44aec/screenshot - {}
RESULT: {"script":"<script> [776 bytes]","args":[{"enterText":"300003","selector":{"controlType":"sap.m.SearchField","properties":{"placeholder":"Search"},"searchOpenDialogs":true,"interaction":{"idSuffix":"I"}},"clearTextFirst":true,"interactionType":"ENTER_TEXT"}]}
COMMAND: POST /session/8d9404e4e9bea3f53a5c3520fcd44aec/actions - {"actions":[{"id":"action9","type":"key","parameters":{},"actions":[{"type":"keyDown","value":""},{"type":"pause","duration":10},{"type":"keyUp","value":""}]}]}
RESULT: {}
RESULT: {"actions":[{"id":"action9","type":"key","parameters":{},"actions":[{"type":"keyDown","value":""},{"type":"pause","duration":10},{"type":"keyUp","value":""}]}]}
COMMAND: GET /session/8d9404e4e9bea3f53a5c3520fcd44aec/screenshot - {}
RESULT: {}
COMMAND: POST /session/8d9404e4e9bea3f53a5c3520fcd44aec/element - {"using":"xpath","value":"//span[contains(text(), \"300003\")]"}
RESULT: {"using":"xpath","value":"//span[contains(text(), \"300003\")]"}
COMMAND: POST /session/8d9404e4e9bea3f53a5c3520fcd44aec/element/f.7EA17D048601C53176965B9346C1EB3C.d.D711E2048EC30A3D13E558DD11195611.e.3488/click - {}
RESULT: {}
COMMAND: GET /session/8d9404e4e9bea3f53a5c3520fcd44aec/screenshot - {}
RESULT: {}
COMMAND: POST /session/8d9404e4e9bea3f53a5c3520fcd44aec/element - {"using":"xpath","value":"//bdi[contains(text(), \"OK\")]"}
RESULT: {"using":"xpath","value":"//bdi[contains(text(), \"OK\")]"}
COMMAND: POST /session/8d9404e4e9bea3f53a5c3520fcd44aec/element/f.7EA17D048601C53176965B9346C1EB3C.d.D711E2048EC30A3D13E558DD11195611.e.3490/click - {}
RESULT: {}
COMMAND: GET /session/8d9404e4e9bea3f53a5c3520fcd44aec/screenshot - {}
RESULT: {}
COMMAND: POST /session/8d9404e4e9bea3f53a5c3520fcd44aec/execute/async - {"script":"<script> [1562 bytes]","args":[{"selector":{"id":"application-managepartners-display-component---NewPartner--intercompVendorComboBox-application-managepartners-display-component---NewPartner--assignmentsTable-0-vhi"},"wdio_ui5_key":"applicationmanagepartners-display-component---NewPartner--intercompVendorComboBox-application-managepartners-display-component---NewPartner--assignmentsTable-0-vhi"}]}
RESULT: {"script":"<script> [1562 bytes]","args":[{"selector":{"id":"application-managepartners-display-component---NewPartner--intercompVendorComboBox-application-managepartners-display-component---NewPartner--assignmentsTable-0-vhi"},"wdio_ui5_key":"applicationmanagepartners-display-component---NewPartner--intercompVendorComboBox-application-managepartners-display-component---NewPartner--assignmentsTable-0-vhi"}]}
RESULT: undefined
COMMAND: POST /session/8d9404e4e9bea3f53a5c3520fcd44aec/element - {"using":"xpath","value":"//*[@id=\"application-managepartners-display-component---NewPartner--intercompVendorComboBox-application-managepartners-display-component---NewPartner--assignmentsTable-0-vhi\"]"}
RESULT: {"using":"xpath","value":"//*[@id=\"application-managepartners-display-component---NewPartner--intercompVendorComboBox-application-managepartners-display-component---NewPartner--assignmentsTable-0-vhi\"]"}
COMMAND: POST /session/8d9404e4e9bea3f53a5c3520fcd44aec/element/f.7EA17D048601C53176965B9346C1EB3C.d.D711E2048EC30A3D13E558DD11195611.e.3493/click - {}
RESULT: {}
RESULT: undefined
COMMAND: POST /session/8d9404e4e9bea3f53a5c3520fcd44aec/execute/async - {"script":"<script> [776 bytes]","args":[{"enterText":"100005","selector":{"controlType":"sap.m.SearchField","properties":{"placeholder":"Search"},"searchOpenDialogs":true,"interaction":{"idSuffix":"I"}},"clearTextFirst":true,"interactionType":"ENTER_TEXT"}]}
COMMAND: GET /session/8d9404e4e9bea3f53a5c3520fcd44aec/screenshot - {}
RESULT: {"script":"<script> [776 bytes]","args":[{"enterText":"100005","selector":{"controlType":"sap.m.SearchField","properties":{"placeholder":"Search"},"searchOpenDialogs":true,"interaction":{"idSuffix":"I"}},"clearTextFirst":true,"interactionType":"ENTER_TEXT"}]}
COMMAND: POST /session/8d9404e4e9bea3f53a5c3520fcd44aec/actions - {"actions":[{"id":"action10","type":"key","parameters":{},"actions":[{"type":"keyDown","value":""},{"type":"pause","duration":10},{"type":"keyUp","value":""}]}]}
RESULT: {}
RESULT: {"actions":[{"id":"action10","type":"key","parameters":{},"actions":[{"type":"keyDown","value":""},{"type":"pause","duration":10},{"type":"keyUp","value":""}]}]}
COMMAND: GET /session/8d9404e4e9bea3f53a5c3520fcd44aec/screenshot - {}
RESULT: {}
COMMAND: POST /session/8d9404e4e9bea3f53a5c3520fcd44aec/element - {"using":"xpath","value":"//span[contains(text(), \"Penguins - Field/12345 Berlin\")]"}
RESULT: {"using":"xpath","value":"//span[contains(text(), \"Penguins - Field/12345 Berlin\")]"}
COMMAND: POST /session/8d9404e4e9bea3f53a5c3520fcd44aec/element/f.7EA17D048601C53176965B9346C1EB3C.d.D711E2048EC30A3D13E558DD11195611.e.3513/click - {}
RESULT: {}
COMMAND: GET /session/8d9404e4e9bea3f53a5c3520fcd44aec/screenshot - {}
RESULT: {}
COMMAND: POST /session/8d9404e4e9bea3f53a5c3520fcd44aec/element - {"using":"xpath","value":"//bdi[contains(text(), \"OK\")]"}
RESULT: {"using":"xpath","value":"//bdi[contains(text(), \"OK\")]"}
COMMAND: POST /session/8d9404e4e9bea3f53a5c3520fcd44aec/element/f.7EA17D048601C53176965B9346C1EB3C.d.D711E2048EC30A3D13E558DD11195611.e.3514/click - {}
RESULT: {}
COMMAND: GET /session/8d9404e4e9bea3f53a5c3520fcd44aec/screenshot - {}
RESULT: {}
COMMAND: POST /session/8d9404e4e9bea3f53a5c3520fcd44aec/element - {"using":"xpath","value":"//button[@data-kt=\"saveButton\"]"}
RESULT: {"using":"xpath","value":"//button[@data-kt=\"saveButton\"]"}
COMMAND: POST /session/8d9404e4e9bea3f53a5c3520fcd44aec/element/f.7EA17D048601C53176965B9346C1EB3C.d.D711E2048EC30A3D13E558DD11195611.e.3354/click - {}
RESULT: {}
COMMAND: GET /session/8d9404e4e9bea3f53a5c3520fcd44aec/screenshot - {}
RESULT: {}
COMMAND: POST /session/8d9404e4e9bea3f53a5c3520fcd44aec/element - {"using":"xpath","value":"//header[contains(@id, 'ObjectPageLayout-headerTitle')]/div[1]/div[2]/div[2]/span[1]"}
RESULT: {"using":"xpath","value":"//header[contains(@id, 'ObjectPageLayout-headerTitle')]/div[1]/div[2]/div[2]/span[1]"}
COMMAND: POST /session/8d9404e4e9bea3f53a5c3520fcd44aec/elements - {"using":"xpath","value":"//header[contains(@id, 'ObjectPageLayout-headerTitle')]/div[1]/div[2]/div[2]/span[1]"}
RESULT: {"using":"xpath","value":"//header[contains(@id, 'ObjectPageLayout-headerTitle')]/div[1]/div[2]/div[2]/span[1]"}
COMMAND: POST /session/8d9404e4e9bea3f53a5c3520fcd44aec/execute/sync - {"script":"<script> [56 bytes]","args":[{"element-6066-11e4-a52e-4f735466cecf":"f.7EA17D048601C53176965B9346C1EB3C.d.D711E2048EC30A3D13E558DD11195611.e.3659","ELEMENT":"f.7EA17D048601C53176965B9346C1EB3C.d.D711E2048EC30A3D13E558DD11195611.e.3659"}]}
RESULT: {"script":"<script> [56 bytes]","args":[{"element-6066-11e4-a52e-4f735466cecf":"f.7EA17D048601C53176965B9346C1EB3C.d.D711E2048EC30A3D13E558DD11195611.e.3659","ELEMENT":"f.7EA17D048601C53176965B9346C1EB3C.d.D711E2048EC30A3D13E558DD11195611.e.3659"}]}
COMMAND: POST /session/8d9404e4e9bea3f53a5c3520fcd44aec/element - {"using":"css selector","value":"#shell-header-logo"}
COMMAND: GET /session/8d9404e4e9bea3f53a5c3520fcd44aec/screenshot - {}
RESULT: {"using":"css selector","value":"#shell-header-logo"}
COMMAND: POST /session/8d9404e4e9bea3f53a5c3520fcd44aec/element/f.7EA17D048601C53176965B9346C1EB3C.d.D711E2048EC30A3D13E558DD11195611.e.2963/click - {}
RESULT: {}
RESULT: {}
COMMAND: GET /session/8d9404e4e9bea3f53a5c3520fcd44aec/screenshot - {}
RESULT: {}
COMMAND: POST /session/8d9404e4e9bea3f53a5c3520fcd44aec/execute/sync - {"script":"<script> [299 bytes]","args":[["getModel","getResource"]]}
RESULT: {"script":"<script> [299 bytes]","args":[["getModel","getResource"]]}
RESULT: undefined
COMMAND: POST /session/8d9404e4e9bea3f53a5c3520fcd44aec/element - {"using":"xpath","value":"//*[@id=\"__tile30\"]"}
COMMAND: GET /session/8d9404e4e9bea3f53a5c3520fcd44aec/screenshot - {}
RESULT: {"using":"xpath","value":"//*[@id=\"__tile30\"]"}
COMMAND: POST /session/8d9404e4e9bea3f53a5c3520fcd44aec/element/f.7EA17D048601C53176965B9346C1EB3C.d.D711E2048EC30A3D13E558DD11195611.e.2884/click - {}
RESULT: {}
RESULT: {}
COMMAND: GET /session/8d9404e4e9bea3f53a5c3520fcd44aec/screenshot - {}
RESULT: {}
COMMAND: POST /session/8d9404e4e9bea3f53a5c3520fcd44aec/elements - {"using":"xpath","value":"//span[text()='Error']"}
RESULT: {"using":"xpath","value":"//span[text()='Error']"}
COMMAND: POST /session/8d9404e4e9bea3f53a5c3520fcd44aec/element - {"using":"xpath","value":"//button[@data-kt=\"addButton\"]"}
RESULT: {"using":"xpath","value":"//button[@data-kt=\"addButton\"]"}
COMMAND: POST /session/8d9404e4e9bea3f53a5c3520fcd44aec/elements - {"using":"xpath","value":"//button[@data-kt=\"addButton\"]"}
RESULT: {"using":"xpath","value":"//button[@data-kt=\"addButton\"]"}
COMMAND: POST /session/8d9404e4e9bea3f53a5c3520fcd44aec/execute/sync - {"script":"<script> [8489 bytes]","args":[{"element-6066-11e4-a52e-4f735466cecf":"f.7EA17D048601C53176965B9346C1EB3C.d.D711E2048EC30A3D13E558DD11195611.e.3707","ELEMENT":"f.7EA17D048601C53176965B9346C1EB3C.d.D711E2048EC30A3D13E558DD11195611.e.3707"}]}
RESULT: {"script":"<script> [8489 bytes]","args":[{"element-6066-11e4-a52e-4f735466cecf":"f.7EA17D048601C53176965B9346C1EB3C.d.D711E2048EC30A3D13E558DD11195611.e.3707","ELEMENT":"f.7EA17D048601C53176965B9346C1EB3C.d.D711E2048EC30A3D13E558DD11195611.e.3707"}]}
COMMAND: GET /session/8d9404e4e9bea3f53a5c3520fcd44aec/element/f.7EA17D048601C53176965B9346C1EB3C.d.D711E2048EC30A3D13E558DD11195611.e.3707/enabled - {}
COMMAND: GET /session/8d9404e4e9bea3f53a5c3520fcd44aec/screenshot - {}
RESULT: {}
COMMAND: POST /session/8d9404e4e9bea3f53a5c3520fcd44aec/execute/sync - {"script":"<script> [8489 bytes]","args":[{"element-6066-11e4-a52e-4f735466cecf":"f.7EA17D048601C53176965B9346C1EB3C.d.D711E2048EC30A3D13E558DD11195611.e.3707","ELEMENT":"f.7EA17D048601C53176965B9346C1EB3C.d.D711E2048EC30A3D13E558DD11195611.e.3707"}]}
COMMAND: GET /session/8d9404e4e9bea3f53a5c3520fcd44aec/screenshot - {}
RESULT: {}
RESULT: {"script":"<script> [8489 bytes]","args":[{"element-6066-11e4-a52e-4f735466cecf":"f.7EA17D048601C53176965B9346C1EB3C.d.D711E2048EC30A3D13E558DD11195611.e.3707","ELEMENT":"f.7EA17D048601C53176965B9346C1EB3C.d.D711E2048EC30A3D13E558DD11195611.e.3707"}]}
COMMAND: POST /session/8d9404e4e9bea3f53a5c3520fcd44aec/execute/sync - {"script":"<script> [5351 bytes]","args":[{"element-6066-11e4-a52e-4f735466cecf":"f.7EA17D048601C53176965B9346C1EB3C.d.D711E2048EC30A3D13E558DD11195611.e.3707","ELEMENT":"f.7EA17D048601C53176965B9346C1EB3C.d.D711E2048EC30A3D13E558DD11195611.e.3707"}]}
COMMAND: GET /session/8d9404e4e9bea3f53a5c3520fcd44aec/screenshot - {}
RESULT: {}
RESULT: {"script":"<script> [5351 bytes]","args":[{"element-6066-11e4-a52e-4f735466cecf":"f.7EA17D048601C53176965B9346C1EB3C.d.D711E2048EC30A3D13E558DD11195611.e.3707","ELEMENT":"f.7EA17D048601C53176965B9346C1EB3C.d.D711E2048EC30A3D13E558DD11195611.e.3707"}]}
COMMAND: GET /session/8d9404e4e9bea3f53a5c3520fcd44aec/screenshot - {}
RESULT: {}
RESULT: {}
COMMAND: POST /session/8d9404e4e9bea3f53a5c3520fcd44aec/execute/async - {"script":"<script> [1562 bytes]","args":[{"selector":{"id":"application-managepartners-display-component---masterPtm--smartFilterBar-btnBasicSearch","interaction":{"idSuffix":"I"}},"wdio_ui5_key":"applicationmanagepartners-display-component---masterPtm--smartFilterBar-btnBasicSearch"}]}
RESULT: {"script":"<script> [1562 bytes]","args":[{"selector":{"id":"application-managepartners-display-component---masterPtm--smartFilterBar-btnBasicSearch","interaction":{"idSuffix":"I"}},"wdio_ui5_key":"applicationmanagepartners-display-component---masterPtm--smartFilterBar-btnBasicSearch"}]}
RESULT: undefined
COMMAND: POST /session/8d9404e4e9bea3f53a5c3520fcd44aec/execute/async - {"script":"<script> [776 bytes]","args":[{"enterText":"1085","selector":{"id":"application-managepartners-display-component---masterPtm--smartFilterBar-btnBasicSearch","interaction":{"idSuffix":"I"}},"clearTextFirst":true,"interactionType":"ENTER_TEXT"}]}
RESULT: {"script":"<script> [776 bytes]","args":[{"enterText":"1085","selector":{"id":"application-managepartners-display-component---masterPtm--smartFilterBar-btnBasicSearch","interaction":{"idSuffix":"I"}},"clearTextFirst":true,"interactionType":"ENTER_TEXT"}]}
COMMAND: POST /session/8d9404e4e9bea3f53a5c3520fcd44aec/actions - {"actions":[{"id":"action11","type":"key","parameters":{},"actions":[{"type":"keyDown","value":""},{"type":"pause","duration":10},{"type":"keyUp","value":""}]}]}
RESULT: {"actions":[{"id":"action11","type":"key","parameters":{},"actions":[{"type":"keyDown","value":""},{"type":"pause","duration":10},{"type":"keyUp","value":""}]}]}
COMMAND: GET /session/8d9404e4e9bea3f53a5c3520fcd44aec/screenshot - {}
RESULT: {}
COMMAND: POST /session/8d9404e4e9bea3f53a5c3520fcd44aec/elements - {"using":"xpath","value":"//table[contains(@id, \"customPartnersTable-listUl\")]/tbody/tr"}
RESULT: {"using":"xpath","value":"//table[contains(@id, \"customPartnersTable-listUl\")]/tbody/tr"}
COMMAND: POST /session/8d9404e4e9bea3f53a5c3520fcd44aec/element - {"using":"xpath","value":"//table[contains(@id, \"customPartnersTable-listUl\")]/tbody/tr[1]/td[3]/span"}
RESULT: {"using":"xpath","value":"//table[contains(@id, \"customPartnersTable-listUl\")]/tbody/tr[1]/td[3]/span"}
COMMAND: POST /session/8d9404e4e9bea3f53a5c3520fcd44aec/elements - {"using":"xpath","value":"//table[contains(@id, \"customPartnersTable-listUl\")]/tbody/tr[1]/td[3]/span"}
RESULT: {"using":"xpath","value":"//table[contains(@id, \"customPartnersTable-listUl\")]/tbody/tr[1]/td[3]/span"}
COMMAND: POST /session/8d9404e4e9bea3f53a5c3520fcd44aec/execute/sync - {"script":"<script> [56 bytes]","args":[{"element-6066-11e4-a52e-4f735466cecf":"f.7EA17D048601C53176965B9346C1EB3C.d.D711E2048EC30A3D13E558DD11195611.e.3828","ELEMENT":"f.7EA17D048601C53176965B9346C1EB3C.d.D711E2048EC30A3D13E558DD11195611.e.3828"}]}
RESULT: {"script":"<script> [56 bytes]","args":[{"element-6066-11e4-a52e-4f735466cecf":"f.7EA17D048601C53176965B9346C1EB3C.d.D711E2048EC30A3D13E558DD11195611.e.3828","ELEMENT":"f.7EA17D048601C53176965B9346C1EB3C.d.D711E2048EC30A3D13E558DD11195611.e.3828"}]}
COMMAND: POST /session/8d9404e4e9bea3f53a5c3520fcd44aec/element - {"using":"xpath","value":"(//span[contains(@id, \"imgNav\")])[1]"}
COMMAND: GET /session/8d9404e4e9bea3f53a5c3520fcd44aec/screenshot - {}
RESULT: {"using":"xpath","value":"(//span[contains(@id, \"imgNav\")])[1]"}
COMMAND: POST /session/8d9404e4e9bea3f53a5c3520fcd44aec/element/f.7EA17D048601C53176965B9346C1EB3C.d.D711E2048EC30A3D13E558DD11195611.e.3827/click - {}
RESULT: {}
RESULT: {}
COMMAND: GET /session/8d9404e4e9bea3f53a5c3520fcd44aec/screenshot - {}
RESULT: {}
COMMAND: POST /session/8d9404e4e9bea3f53a5c3520fcd44aec/element - {"using":"xpath","value":"//bdi[contains(text(), \"Edit\")]"}
RESULT: {"using":"xpath","value":"//bdi[contains(text(), \"Edit\")]"}
COMMAND: POST /session/8d9404e4e9bea3f53a5c3520fcd44aec/element/f.7EA17D048601C53176965B9346C1EB3C.d.D711E2048EC30A3D13E558DD11195611.e.3974/click - {}
RESULT: {}
COMMAND: GET /session/8d9404e4e9bea3f53a5c3520fcd44aec/screenshot - {}
RESULT: {}
COMMAND: POST /session/8d9404e4e9bea3f53a5c3520fcd44aec/execute/async - {"script":"<script> [1562 bytes]","args":[{"selector":{"controlType":"sap.m.Input","viewName":"etm.portal.ui.managepartners.view.EditDetail","labelFor":{"text":"Name"},"interaction":{"idSuffix":"inner"}},"wdio_ui5_key":"etmportal.ui.managepartners.view.EditDetailsap.m.Input{\"text\":\"Name\"}"}]}
RESULT: {"script":"<script> [1562 bytes]","args":[{"selector":{"controlType":"sap.m.Input","viewName":"etm.portal.ui.managepartners.view.EditDetail","labelFor":{"text":"Name"},"interaction":{"idSuffix":"inner"}},"wdio_ui5_key":"etmportal.ui.managepartners.view.EditDetailsap.m.Input{\"text\":\"Name\"}"}]}
RESULT: undefined
COMMAND: POST /session/8d9404e4e9bea3f53a5c3520fcd44aec/execute/async - {"script":"<script> [776 bytes]","args":[{"enterText":"Intercompany EDIT","selector":{"controlType":"sap.m.Input","viewName":"etm.portal.ui.managepartners.view.EditDetail","labelFor":{"text":"Name"},"interaction":{"idSuffix":"inner"}},"clearTextFirst":true,"interactionType":"ENTER_TEXT"}]}
RESULT: {"script":"<script> [776 bytes]","args":[{"enterText":"Intercompany EDIT","selector":{"controlType":"sap.m.Input","viewName":"etm.portal.ui.managepartners.view.EditDetail","labelFor":{"text":"Name"},"interaction":{"idSuffix":"inner"}},"clearTextFirst":true,"interactionType":"ENTER_TEXT"}]}
COMMAND: POST /session/8d9404e4e9bea3f53a5c3520fcd44aec/element - {"using":"xpath","value":"(//span[contains(@id,\"addressDetailDetailsLanguage-arrow\")])[1]"}
RESULT: {"using":"xpath","value":"(//span[contains(@id,\"addressDetailDetailsLanguage-arrow\")])[1]"}
COMMAND: POST /session/8d9404e4e9bea3f53a5c3520fcd44aec/element/f.7EA17D048601C53176965B9346C1EB3C.d.D711E2048EC30A3D13E558DD11195611.e.4058/click - {}
RESULT: {}
COMMAND: POST /session/8d9404e4e9bea3f53a5c3520fcd44aec/element - {"using":"xpath","value":"//span[contains(text(), \"Chinese\")]"}
COMMAND: GET /session/8d9404e4e9bea3f53a5c3520fcd44aec/screenshot - {}
RESULT: {"using":"xpath","value":"//span[contains(text(), \"Chinese\")]"}
COMMAND: POST /session/8d9404e4e9bea3f53a5c3520fcd44aec/element/f.7EA17D048601C53176965B9346C1EB3C.d.D711E2048EC30A3D13E558DD11195611.e.4059/click - {}
RESULT: {}
RESULT: {}
COMMAND: GET /session/8d9404e4e9bea3f53a5c3520fcd44aec/screenshot - {}
RESULT: {}
COMMAND: POST /session/8d9404e4e9bea3f53a5c3520fcd44aec/execute/async - {"script":"<script> [1562 bytes]","args":[{"selector":{"controlType":"sap.m.Input","viewName":"etm.portal.ui.managepartners.view.EditDetail","labelFor":{"text":"City"},"interaction":{"idSuffix":"inner"}},"wdio_ui5_key":"etmportal.ui.managepartners.view.EditDetailsap.m.Input{\"text\":\"City\"}"}]}
RESULT: {"script":"<script> [1562 bytes]","args":[{"selector":{"controlType":"sap.m.Input","viewName":"etm.portal.ui.managepartners.view.EditDetail","labelFor":{"text":"City"},"interaction":{"idSuffix":"inner"}},"wdio_ui5_key":"etmportal.ui.managepartners.view.EditDetailsap.m.Input{\"text\":\"City\"}"}]}
RESULT: undefined
COMMAND: POST /session/8d9404e4e9bea3f53a5c3520fcd44aec/execute/async - {"script":"<script> [776 bytes]","args":[{"enterText":"Clooj-Napoca","selector":{"controlType":"sap.m.Input","viewName":"etm.portal.ui.managepartners.view.EditDetail","labelFor":{"text":"City"},"interaction":{"idSuffix":"inner"}},"clearTextFirst":true,"interactionType":"ENTER_TEXT"}]}
RESULT: {"script":"<script> [776 bytes]","args":[{"enterText":"Clooj-Napoca","selector":{"controlType":"sap.m.Input","viewName":"etm.portal.ui.managepartners.view.EditDetail","labelFor":{"text":"City"},"interaction":{"idSuffix":"inner"}},"clearTextFirst":true,"interactionType":"ENTER_TEXT"}]}
COMMAND: POST /session/8d9404e4e9bea3f53a5c3520fcd44aec/element - {"using":"xpath","value":"//button[@data-kt=\"saveButton\"]"}
RESULT: {"using":"xpath","value":"//button[@data-kt=\"saveButton\"]"}
COMMAND: POST /session/8d9404e4e9bea3f53a5c3520fcd44aec/element/f.7EA17D048601C53176965B9346C1EB3C.d.D711E2048EC30A3D13E558DD11195611.e.4037/click - {}
RESULT: {}
COMMAND: GET /session/8d9404e4e9bea3f53a5c3520fcd44aec/screenshot - {}
RESULT: {}
COMMAND: POST /session/8d9404e4e9bea3f53a5c3520fcd44aec/execute/async - {"script":"<script> [1562 bytes]","args":[{"selector":{"id":"application-managepartners-display-component---detailPtm--addressDetailDetailsName1"},"wdio_ui5_key":"applicationmanagepartners-display-component---detailPtm--addressDetailDetailsName1"}]}
RESULT: {"script":"<script> [1562 bytes]","args":[{"selector":{"id":"application-managepartners-display-component---detailPtm--addressDetailDetailsName1"},"wdio_ui5_key":"applicationmanagepartners-display-component---detailPtm--addressDetailDetailsName1"}]}
RESULT: undefined
COMMAND: POST /session/8d9404e4e9bea3f53a5c3520fcd44aec/execute/async - {"script":"<script> [6424 bytes]","args":[{"element-6066-11e4-a52e-4f735466cecf":"f.7EA17D048601C53176965B9346C1EB3C.d.D711E2048EC30A3D13E558DD11195611.e.4090"},"getValue",[]]}
RESULT: {"script":"<script> [6424 bytes]","args":[{"element-6066-11e4-a52e-4f735466cecf":"f.7EA17D048601C53176965B9346C1EB3C.d.D711E2048EC30A3D13E558DD11195611.e.4090"},"getValue",[]]}
COMMAND: POST /session/8d9404e4e9bea3f53a5c3520fcd44aec/element - {"using":"xpath","value":"//input[@id = \"application-managepartners-display-component---detailPtm--addressDetailDetailsLanguage-inner\"]"}
RESULT: {"using":"xpath","value":"//input[@id = \"application-managepartners-display-component---detailPtm--addressDetailDetailsLanguage-inner\"]"}
COMMAND: GET /session/8d9404e4e9bea3f53a5c3520fcd44aec/element/f.7EA17D048601C53176965B9346C1EB3C.d.D711E2048EC30A3D13E558DD11195611.e.4091/property/value - {}
RESULT: {}
COMMAND: POST /session/8d9404e4e9bea3f53a5c3520fcd44aec/execute/async - {"script":"<script> [1562 bytes]","args":[{"selector":{"id":"application-managepartners-display-component---detailPtm--addressDetailDetailsCity1"},"wdio_ui5_key":"applicationmanagepartners-display-component---detailPtm--addressDetailDetailsCity1"}]}
COMMAND: GET /session/8d9404e4e9bea3f53a5c3520fcd44aec/screenshot - {}
RESULT: {"script":"<script> [1562 bytes]","args":[{"selector":{"id":"application-managepartners-display-component---detailPtm--addressDetailDetailsCity1"},"wdio_ui5_key":"applicationmanagepartners-display-component---detailPtm--addressDetailDetailsCity1"}]}
RESULT: undefined
COMMAND: POST /session/8d9404e4e9bea3f53a5c3520fcd44aec/execute/async - {"script":"<script> [6424 bytes]","args":[{"element-6066-11e4-a52e-4f735466cecf":"f.7EA17D048601C53176965B9346C1EB3C.d.D711E2048EC30A3D13E558DD11195611.e.4092"},"getValue",[]]}
RESULT: {}
RESULT: {"script":"<script> [6424 bytes]","args":[{"element-6066-11e4-a52e-4f735466cecf":"f.7EA17D048601C53176965B9346C1EB3C.d.D711E2048EC30A3D13E558DD11195611.e.4092"},"getValue",[]]}
COMMAND: POST /session/8d9404e4e9bea3f53a5c3520fcd44aec/element - {"using":"css selector","value":"#shell-header-logo"}
RESULT: {"using":"css selector","value":"#shell-header-logo"}
COMMAND: POST /session/8d9404e4e9bea3f53a5c3520fcd44aec/element/f.7EA17D048601C53176965B9346C1EB3C.d.D711E2048EC30A3D13E558DD11195611.e.3662/click - {}
RESULT: {}
COMMAND: GET /session/8d9404e4e9bea3f53a5c3520fcd44aec/screenshot - {}
RESULT: {}
]]></system-out>
    </testcase>
    <testcase classname="chrome.136_0_7103_93.windows.Partner_specific_tests_US150819_US151080_US151654_US151176_US103444_US151078_US151079_US151109_US151174_US151175_US151189" name="Should create a new intracompany partner edit some of its fields US151079" time="257.178">
      <system-out><![CDATA[
COMMAND: POST /session/8d9404e4e9bea3f53a5c3520fcd44aec/element - {"using":"xpath","value":"//li[.//span[text()=\"Manage Partners\"]]"}
RESULT: {"using":"xpath","value":"//li[.//span[text()=\"Manage Partners\"]]"}
COMMAND: POST /session/8d9404e4e9bea3f53a5c3520fcd44aec/element - {"using":"xpath","value":"//li[.//span[text()=\"Manage Partners\"]]"}
RESULT: {"using":"xpath","value":"//li[.//span[text()=\"Manage Partners\"]]"}
COMMAND: POST /session/8d9404e4e9bea3f53a5c3520fcd44aec/element - {"using":"css selector","value":"#shell-header-logo"}
RESULT: {"using":"css selector","value":"#shell-header-logo"}
COMMAND: POST /session/8d9404e4e9bea3f53a5c3520fcd44aec/element/f.7EA17D048601C53176965B9346C1EB3C.d.D711E2048EC30A3D13E558DD11195611.e.4122/click - {}
COMMAND: POST /session/8d9404e4e9bea3f53a5c3520fcd44aec/execute/sync - {"script":"<script> [8489 bytes]","args":[{"element-6066-11e4-a52e-4f735466cecf":"f.7EA17D048601C53176965B9346C1EB3C.d.D711E2048EC30A3D13E558DD11195611.e.4122","ELEMENT":"f.7EA17D048601C53176965B9346C1EB3C.d.D711E2048EC30A3D13E558DD11195611.e.4122"}]}
RESULT: {"script":"<script> [8489 bytes]","args":[{"element-6066-11e4-a52e-4f735466cecf":"f.7EA17D048601C53176965B9346C1EB3C.d.D711E2048EC30A3D13E558DD11195611.e.4122","ELEMENT":"f.7EA17D048601C53176965B9346C1EB3C.d.D711E2048EC30A3D13E558DD11195611.e.4122"}]}
COMMAND: POST /session/8d9404e4e9bea3f53a5c3520fcd44aec/execute/sync - {"script":"<script> [5351 bytes]","args":[{"element-6066-11e4-a52e-4f735466cecf":"f.7EA17D048601C53176965B9346C1EB3C.d.D711E2048EC30A3D13E558DD11195611.e.4122","ELEMENT":"f.7EA17D048601C53176965B9346C1EB3C.d.D711E2048EC30A3D13E558DD11195611.e.4122"}]}
COMMAND: GET /session/8d9404e4e9bea3f53a5c3520fcd44aec/screenshot - {}
RESULT: {}
COMMAND: GET /session/8d9404e4e9bea3f53a5c3520fcd44aec/screenshot - {}
RESULT: {"script":"<script> [5351 bytes]","args":[{"element-6066-11e4-a52e-4f735466cecf":"f.7EA17D048601C53176965B9346C1EB3C.d.D711E2048EC30A3D13E558DD11195611.e.4122","ELEMENT":"f.7EA17D048601C53176965B9346C1EB3C.d.D711E2048EC30A3D13E558DD11195611.e.4122"}]}
COMMAND: GET /session/8d9404e4e9bea3f53a5c3520fcd44aec/screenshot - {}
RESULT: {}
RESULT: {}
RESULT: {}
COMMAND: POST /session/8d9404e4e9bea3f53a5c3520fcd44aec/refresh - {}
RESULT: {}
COMMAND: GET /session/8d9404e4e9bea3f53a5c3520fcd44aec/screenshot - {}
RESULT: {}
COMMAND: POST /session/8d9404e4e9bea3f53a5c3520fcd44aec/refresh - {}
RESULT: {}
COMMAND: GET /session/8d9404e4e9bea3f53a5c3520fcd44aec/screenshot - {}
RESULT: {}
COMMAND: POST /session/8d9404e4e9bea3f53a5c3520fcd44aec/window/fullscreen - {}
RESULT: {}
COMMAND: POST /session/8d9404e4e9bea3f53a5c3520fcd44aec/execute/async - {"script":"<script> [189 bytes]","args":[]}
RESULT: {"script":"<script> [189 bytes]","args":[]}
COMMAND: POST /session/8d9404e4e9bea3f53a5c3520fcd44aec/execute/async - {"script":"<script> [123 bytes]","args":[]}
RESULT: {"script":"<script> [123 bytes]","args":[]}
COMMAND: POST /session/8d9404e4e9bea3f53a5c3520fcd44aec/timeouts - {"script":"<number>"}
RESULT: {"script":"<number>"}
COMMAND: GET /session/8d9404e4e9bea3f53a5c3520fcd44aec/timeouts - {}
RESULT: {}
RESULT: undefined
COMMAND: POST /session/8d9404e4e9bea3f53a5c3520fcd44aec/execute/async - {"script":"<script> [2676 bytes]","args":[]}
RESULT: {"script":"<script> [2676 bytes]","args":[]}
COMMAND: POST /session/8d9404e4e9bea3f53a5c3520fcd44aec/execute/async - {"script":"<script> [2342 bytes]","args":[{"protocol":"http","hostname":"0.0.0.0","path":"/","capabilities":{"browserName":"chrome","goog:chromeOptions":{"binary":"C:\\Program Files\\Google\\Chrome\\Application\\chrome.exe","args":["--start-maximized"]}},"logLevel":"warn","connectionRetryTimeout":120000,"connectionRetryCount":3,"logLevels":{},"enableDirectConnect":true,"strictSSL":true,"_":"65 more keys: [\"cacheDir\",\"port\",\"requestedCapabilities\",\"automationProtocol\",\"baseUrl\",\"waitforInterval\",\"waitforTimeout\",\"onReload\",\"beforeCommand\",\"afterCommand\",\"rootDir\",\"specs\",\"suites\",\"exclude\",\"groupLogsByTestSpec\",\"excludeDriverLogs\",\"bail\",\"framework\",\"reporters\",\"services\",\"maxInstances\",\"maxInstancesPerCapability\",\"injectGlobals\",\"filesToWatch\",\"execArgv\",\"runnerEnv\",\"runner\",\"shard\",\"specFileRetries\",\"specFileRetriesDelay\",\"specFileRetriesDeferred\",\"reporterSyncInterval\",\"reporterSyncTimeout\",\"cucumberFeaturesWithLineNumbers\",\"autoCompileOpts\",\"mochaOpts\",\"jasmineOpts\",\"cucumberOpts\",\"onPrepare\",\"onWorkerStart\",\"onWorkerEnd\",\"before\",\"beforeSession\",\"beforeSuite\",\"beforeHook\",\"beforeTest\",\"afterTest\",\"afterHook\",\"afterSuite\",\"afterSession\",\"after\",\"onComplete\",\"beforeAssertion\",\"afterAssertion\",\"beforeFeature\",\"beforeScenario\",\"beforeStep\",\"afterStep\",\"afterScenario\",\"afterFeature\",\"_\",\"suite\",\"$0\",\"ignoredWorkerServices\",\"wdi5\"]"}]}
RESULT: {"script":"<script> [2342 bytes]","args":[{"protocol":"http","hostname":"0.0.0.0","path":"/","capabilities":{"browserName":"chrome","goog:chromeOptions":{"binary":"C:\\Program Files\\Google\\Chrome\\Application\\chrome.exe","args":["--start-maximized"]}},"logLevel":"warn","connectionRetryTimeout":120000,"connectionRetryCount":3,"logLevels":{},"enableDirectConnect":true,"strictSSL":true,"_":"65 more keys: [\"cacheDir\",\"port\",\"requestedCapabilities\",\"automationProtocol\",\"baseUrl\",\"waitforInterval\",\"waitforTimeout\",\"onReload\",\"beforeCommand\",\"afterCommand\",\"rootDir\",\"specs\",\"suites\",\"exclude\",\"groupLogsByTestSpec\",\"excludeDriverLogs\",\"bail\",\"framework\",\"reporters\",\"services\",\"maxInstances\",\"maxInstancesPerCapability\",\"injectGlobals\",\"filesToWatch\",\"execArgv\",\"runnerEnv\",\"runner\",\"shard\",\"specFileRetries\",\"specFileRetriesDelay\",\"specFileRetriesDeferred\",\"reporterSyncInterval\",\"reporterSyncTimeout\",\"cucumberFeaturesWithLineNumbers\",\"autoCompileOpts\",\"mochaOpts\",\"jasmineOpts\",\"cucumberOpts\",\"onPrepare\",\"onWorkerStart\",\"onWorkerEnd\",\"before\",\"beforeSession\",\"beforeSuite\",\"beforeHook\",\"beforeTest\",\"afterTest\",\"afterHook\",\"afterSuite\",\"afterSession\",\"after\",\"onComplete\",\"beforeAssertion\",\"afterAssertion\",\"beforeFeature\",\"beforeScenario\",\"beforeStep\",\"afterStep\",\"afterScenario\",\"afterFeature\",\"_\",\"suite\",\"$0\",\"ignoredWorkerServices\",\"wdi5\"]"}]}
COMMAND: POST /session/8d9404e4e9bea3f53a5c3520fcd44aec/execute/async - {"script":"<script> [21126 bytes]","args":[35000]}
RESULT: {"script":"<script> [21126 bytes]","args":[35000]}
COMMAND: POST /session/8d9404e4e9bea3f53a5c3520fcd44aec/window/fullscreen - {}
RESULT: {}
COMMAND: POST /session/8d9404e4e9bea3f53a5c3520fcd44aec/window/fullscreen - {}
RESULT: {}
COMMAND: POST /session/8d9404e4e9bea3f53a5c3520fcd44aec/execute/async - {"script":"<script> [1562 bytes]","args":[{"selector":{"controlType":"sap.m.GenericTile","properties":{"header":"Manage Partners"}},"wdio_ui5_key":"sapm.GenericTile{\"header\":\"Manage Partners\"}"}]}
RESULT: {"script":"<script> [1562 bytes]","args":[{"selector":{"controlType":"sap.m.GenericTile","properties":{"header":"Manage Partners"}},"wdio_ui5_key":"sapm.GenericTile{\"header\":\"Manage Partners\"}"}]}
RESULT: undefined
COMMAND: POST /session/8d9404e4e9bea3f53a5c3520fcd44aec/element - {"using":"xpath","value":"//*[@id=\"__tile30\"]"}
RESULT: {"using":"xpath","value":"//*[@id=\"__tile30\"]"}
COMMAND: POST /session/8d9404e4e9bea3f53a5c3520fcd44aec/element/f.7EA17D048601C53176965B9346C1EB3C.d.7F009BBB575131EA203BE3642A54669A.e.4189/click - {}
RESULT: {}
COMMAND: GET /session/8d9404e4e9bea3f53a5c3520fcd44aec/screenshot - {}
RESULT: {}
COMMAND: POST /session/8d9404e4e9bea3f53a5c3520fcd44aec/elements - {"using":"xpath","value":"//span[text()='Error']"}
RESULT: {"using":"xpath","value":"//span[text()='Error']"}
COMMAND: POST /session/8d9404e4e9bea3f53a5c3520fcd44aec/element - {"using":"xpath","value":"//button[@data-kt=\"addButton\"]"}
RESULT: {"using":"xpath","value":"//button[@data-kt=\"addButton\"]"}
COMMAND: POST /session/8d9404e4e9bea3f53a5c3520fcd44aec/elements - {"using":"xpath","value":"//button[@data-kt=\"addButton\"]"}
RESULT: {"using":"xpath","value":"//button[@data-kt=\"addButton\"]"}
COMMAND: POST /session/8d9404e4e9bea3f53a5c3520fcd44aec/elements - {"using":"xpath","value":"//button[@data-kt=\"addButton\"]"}
RESULT: {"using":"xpath","value":"//button[@data-kt=\"addButton\"]"}
COMMAND: POST /session/8d9404e4e9bea3f53a5c3520fcd44aec/element - {"using":"xpath","value":"//button[@data-kt=\"addButton\"]"}
RESULT: {"using":"xpath","value":"//button[@data-kt=\"addButton\"]"}
COMMAND: POST /session/8d9404e4e9bea3f53a5c3520fcd44aec/execute/sync - {"script":"<script> [8489 bytes]","args":[{"element-6066-11e4-a52e-4f735466cecf":"f.7EA17D048601C53176965B9346C1EB3C.d.7F009BBB575131EA203BE3642A54669A.e.4304","ELEMENT":"f.7EA17D048601C53176965B9346C1EB3C.d.7F009BBB575131EA203BE3642A54669A.e.4304"}]}
RESULT: {"script":"<script> [8489 bytes]","args":[{"element-6066-11e4-a52e-4f735466cecf":"f.7EA17D048601C53176965B9346C1EB3C.d.7F009BBB575131EA203BE3642A54669A.e.4304","ELEMENT":"f.7EA17D048601C53176965B9346C1EB3C.d.7F009BBB575131EA203BE3642A54669A.e.4304"}]}
COMMAND: GET /session/8d9404e4e9bea3f53a5c3520fcd44aec/element/f.7EA17D048601C53176965B9346C1EB3C.d.7F009BBB575131EA203BE3642A54669A.e.4304/enabled - {}
COMMAND: GET /session/8d9404e4e9bea3f53a5c3520fcd44aec/screenshot - {}
RESULT: {}
COMMAND: POST /session/8d9404e4e9bea3f53a5c3520fcd44aec/execute/sync - {"script":"<script> [8489 bytes]","args":[{"element-6066-11e4-a52e-4f735466cecf":"f.7EA17D048601C53176965B9346C1EB3C.d.7F009BBB575131EA203BE3642A54669A.e.4304","ELEMENT":"f.7EA17D048601C53176965B9346C1EB3C.d.7F009BBB575131EA203BE3642A54669A.e.4304"}]}
COMMAND: GET /session/8d9404e4e9bea3f53a5c3520fcd44aec/screenshot - {}
RESULT: {}
RESULT: {"script":"<script> [8489 bytes]","args":[{"element-6066-11e4-a52e-4f735466cecf":"f.7EA17D048601C53176965B9346C1EB3C.d.7F009BBB575131EA203BE3642A54669A.e.4304","ELEMENT":"f.7EA17D048601C53176965B9346C1EB3C.d.7F009BBB575131EA203BE3642A54669A.e.4304"}]}
COMMAND: POST /session/8d9404e4e9bea3f53a5c3520fcd44aec/execute/sync - {"script":"<script> [5351 bytes]","args":[{"element-6066-11e4-a52e-4f735466cecf":"f.7EA17D048601C53176965B9346C1EB3C.d.7F009BBB575131EA203BE3642A54669A.e.4304","ELEMENT":"f.7EA17D048601C53176965B9346C1EB3C.d.7F009BBB575131EA203BE3642A54669A.e.4304"}]}
COMMAND: GET /session/8d9404e4e9bea3f53a5c3520fcd44aec/screenshot - {}
RESULT: {}
RESULT: {"script":"<script> [5351 bytes]","args":[{"element-6066-11e4-a52e-4f735466cecf":"f.7EA17D048601C53176965B9346C1EB3C.d.7F009BBB575131EA203BE3642A54669A.e.4304","ELEMENT":"f.7EA17D048601C53176965B9346C1EB3C.d.7F009BBB575131EA203BE3642A54669A.e.4304"}]}
COMMAND: POST /session/8d9404e4e9bea3f53a5c3520fcd44aec/element/f.7EA17D048601C53176965B9346C1EB3C.d.7F009BBB575131EA203BE3642A54669A.e.4304/click - {}
COMMAND: GET /session/8d9404e4e9bea3f53a5c3520fcd44aec/screenshot - {}
RESULT: {}
RESULT: {}
COMMAND: GET /session/8d9404e4e9bea3f53a5c3520fcd44aec/screenshot - {}
COMMAND: POST /session/8d9404e4e9bea3f53a5c3520fcd44aec/execute/async - {"script":"<script> [1562 bytes]","args":[{"selector":{"id":"application-managepartners-display-component---NewPartner--addressDetailDetailsName1","interaction":{"idSuffix":"inner"}},"wdio_ui5_key":"applicationmanagepartners-display-component---NewPartner--addressDetailDetailsName1"}]}
RESULT: {}
RESULT: {}
RESULT: {"script":"<script> [1562 bytes]","args":[{"selector":{"id":"application-managepartners-display-component---NewPartner--addressDetailDetailsName1","interaction":{"idSuffix":"inner"}},"wdio_ui5_key":"applicationmanagepartners-display-component---NewPartner--addressDetailDetailsName1"}]}
RESULT: undefined
COMMAND: POST /session/8d9404e4e9bea3f53a5c3520fcd44aec/execute/async - {"script":"<script> [776 bytes]","args":[{"enterText":"Intracompany Partner WDIO","selector":{"id":"application-managepartners-display-component---NewPartner--addressDetailDetailsName1","interaction":{"idSuffix":"inner"}},"clearTextFirst":true,"interactionType":"ENTER_TEXT"}]}
RESULT: {"script":"<script> [776 bytes]","args":[{"enterText":"Intracompany Partner WDIO","selector":{"id":"application-managepartners-display-component---NewPartner--addressDetailDetailsName1","interaction":{"idSuffix":"inner"}},"clearTextFirst":true,"interactionType":"ENTER_TEXT"}]}
COMMAND: POST /session/8d9404e4e9bea3f53a5c3520fcd44aec/execute/async - {"script":"<script> [1562 bytes]","args":[{"selector":{"id":"application-managepartners-display-component---NewPartner--addressDetailDetailsLanguage-arrow"},"wdio_ui5_key":"applicationmanagepartners-display-component---NewPartner--addressDetailDetailsLanguage-arrow"}]}
RESULT: {"script":"<script> [1562 bytes]","args":[{"selector":{"id":"application-managepartners-display-component---NewPartner--addressDetailDetailsLanguage-arrow"},"wdio_ui5_key":"applicationmanagepartners-display-component---NewPartner--addressDetailDetailsLanguage-arrow"}]}
RESULT: undefined
COMMAND: POST /session/8d9404e4e9bea3f53a5c3520fcd44aec/element - {"using":"xpath","value":"//*[@id=\"application-managepartners-display-component---NewPartner--addressDetailDetailsLanguage-arrow\"]"}
RESULT: {"using":"xpath","value":"//*[@id=\"application-managepartners-display-component---NewPartner--addressDetailDetailsLanguage-arrow\"]"}
COMMAND: POST /session/8d9404e4e9bea3f53a5c3520fcd44aec/element/f.7EA17D048601C53176965B9346C1EB3C.d.7F009BBB575131EA203BE3642A54669A.e.4726/click - {}
RESULT: {}
COMMAND: POST /session/8d9404e4e9bea3f53a5c3520fcd44aec/element - {"using":"xpath","value":"//span[contains(text(), \"English\")]"}
COMMAND: GET /session/8d9404e4e9bea3f53a5c3520fcd44aec/screenshot - {}
RESULT: {"using":"xpath","value":"//span[contains(text(), \"English\")]"}
COMMAND: POST /session/8d9404e4e9bea3f53a5c3520fcd44aec/element/f.7EA17D048601C53176965B9346C1EB3C.d.7F009BBB575131EA203BE3642A54669A.e.4727/click - {}
RESULT: {}
RESULT: {}
COMMAND: GET /session/8d9404e4e9bea3f53a5c3520fcd44aec/screenshot - {}
RESULT: {}
COMMAND: POST /session/8d9404e4e9bea3f53a5c3520fcd44aec/execute/async - {"script":"<script> [1562 bytes]","args":[{"selector":{"id":"application-managepartners-display-component---NewPartner--addressDetailDetailsCity1","interaction":{"idSuffix":"inner"}},"wdio_ui5_key":"applicationmanagepartners-display-component---NewPartner--addressDetailDetailsCity1"}]}
RESULT: {"script":"<script> [1562 bytes]","args":[{"selector":{"id":"application-managepartners-display-component---NewPartner--addressDetailDetailsCity1","interaction":{"idSuffix":"inner"}},"wdio_ui5_key":"applicationmanagepartners-display-component---NewPartner--addressDetailDetailsCity1"}]}
RESULT: undefined
COMMAND: POST /session/8d9404e4e9bea3f53a5c3520fcd44aec/execute/async - {"script":"<script> [776 bytes]","args":[{"enterText":"Rosario","selector":{"id":"application-managepartners-display-component---NewPartner--addressDetailDetailsCity1","interaction":{"idSuffix":"inner"}},"clearTextFirst":true,"interactionType":"ENTER_TEXT"}]}
RESULT: {"script":"<script> [776 bytes]","args":[{"enterText":"Rosario","selector":{"id":"application-managepartners-display-component---NewPartner--addressDetailDetailsCity1","interaction":{"idSuffix":"inner"}},"clearTextFirst":true,"interactionType":"ENTER_TEXT"}]}
COMMAND: POST /session/8d9404e4e9bea3f53a5c3520fcd44aec/execute/async - {"script":"<script> [1562 bytes]","args":[{"selector":{"id":"application-managepartners-display-component---NewPartner--addressDetailDetailsCountry-arrow"},"wdio_ui5_key":"applicationmanagepartners-display-component---NewPartner--addressDetailDetailsCountry-arrow"}]}
RESULT: {"script":"<script> [1562 bytes]","args":[{"selector":{"id":"application-managepartners-display-component---NewPartner--addressDetailDetailsCountry-arrow"},"wdio_ui5_key":"applicationmanagepartners-display-component---NewPartner--addressDetailDetailsCountry-arrow"}]}
RESULT: undefined
COMMAND: POST /session/8d9404e4e9bea3f53a5c3520fcd44aec/element - {"using":"xpath","value":"//*[@id=\"application-managepartners-display-component---NewPartner--addressDetailDetailsCountry-arrow\"]"}
RESULT: {"using":"xpath","value":"//*[@id=\"application-managepartners-display-component---NewPartner--addressDetailDetailsCountry-arrow\"]"}
COMMAND: POST /session/8d9404e4e9bea3f53a5c3520fcd44aec/element/f.7EA17D048601C53176965B9346C1EB3C.d.7F009BBB575131EA203BE3642A54669A.e.4709/click - {}
RESULT: {}
COMMAND: POST /session/8d9404e4e9bea3f53a5c3520fcd44aec/element - {"using":"xpath","value":"//span[contains(text(), \"Argentina\")]"}
COMMAND: GET /session/8d9404e4e9bea3f53a5c3520fcd44aec/screenshot - {}
RESULT: {"using":"xpath","value":"//span[contains(text(), \"Argentina\")]"}
COMMAND: POST /session/8d9404e4e9bea3f53a5c3520fcd44aec/element/f.7EA17D048601C53176965B9346C1EB3C.d.7F009BBB575131EA203BE3642A54669A.e.4729/click - {}
RESULT: {}
RESULT: {}
COMMAND: GET /session/8d9404e4e9bea3f53a5c3520fcd44aec/screenshot - {}
RESULT: {}
COMMAND: POST /session/8d9404e4e9bea3f53a5c3520fcd44aec/element - {"using":"xpath","value":"//bdi[contains(text(), \"Commercial\")]"}
RESULT: {"using":"xpath","value":"//bdi[contains(text(), \"Commercial\")]"}
COMMAND: POST /session/8d9404e4e9bea3f53a5c3520fcd44aec/element/f.7EA17D048601C53176965B9346C1EB3C.d.7F009BBB575131EA203BE3642A54669A.e.4730/click - {}
RESULT: {}
COMMAND: GET /session/8d9404e4e9bea3f53a5c3520fcd44aec/screenshot - {}
RESULT: {}
COMMAND: POST /session/8d9404e4e9bea3f53a5c3520fcd44aec/execute/async - {"script":"<script> [1562 bytes]","args":[{"selector":{"id":"application-managepartners-display-component---NewPartner--partnerDetailInternal-arrow"},"wdio_ui5_key":"applicationmanagepartners-display-component---NewPartner--partnerDetailInternal-arrow"}]}
RESULT: {"script":"<script> [1562 bytes]","args":[{"selector":{"id":"application-managepartners-display-component---NewPartner--partnerDetailInternal-arrow"},"wdio_ui5_key":"applicationmanagepartners-display-component---NewPartner--partnerDetailInternal-arrow"}]}
RESULT: undefined
COMMAND: POST /session/8d9404e4e9bea3f53a5c3520fcd44aec/element - {"using":"xpath","value":"//*[@id=\"application-managepartners-display-component---NewPartner--partnerDetailInternal-arrow\"]"}
RESULT: {"using":"xpath","value":"//*[@id=\"application-managepartners-display-component---NewPartner--partnerDetailInternal-arrow\"]"}
COMMAND: POST /session/8d9404e4e9bea3f53a5c3520fcd44aec/element/f.7EA17D048601C53176965B9346C1EB3C.d.7F009BBB575131EA203BE3642A54669A.e.4736/click - {}
RESULT: {}
COMMAND: POST /session/8d9404e4e9bea3f53a5c3520fcd44aec/element - {"using":"xpath","value":"//span[contains(text(), \"Affiliated company\")]"}
COMMAND: GET /session/8d9404e4e9bea3f53a5c3520fcd44aec/screenshot - {}
RESULT: {"using":"xpath","value":"//span[contains(text(), \"Affiliated company\")]"}
COMMAND: POST /session/8d9404e4e9bea3f53a5c3520fcd44aec/element/f.7EA17D048601C53176965B9346C1EB3C.d.7F009BBB575131EA203BE3642A54669A.e.4737/click - {}
RESULT: {}
RESULT: {}
COMMAND: POST /session/8d9404e4e9bea3f53a5c3520fcd44aec/execute/async - {"script":"<script> [1562 bytes]","args":[{"selector":{"id":"application-managepartners-display-component---NewPartner--partnerDetailsCurrency-arrow"},"wdio_ui5_key":"applicationmanagepartners-display-component---NewPartner--partnerDetailsCurrency-arrow"}]}
COMMAND: GET /session/8d9404e4e9bea3f53a5c3520fcd44aec/screenshot - {}
RESULT: {"script":"<script> [1562 bytes]","args":[{"selector":{"id":"application-managepartners-display-component---NewPartner--partnerDetailsCurrency-arrow"},"wdio_ui5_key":"applicationmanagepartners-display-component---NewPartner--partnerDetailsCurrency-arrow"}]}
RESULT: undefined
COMMAND: POST /session/8d9404e4e9bea3f53a5c3520fcd44aec/element - {"using":"xpath","value":"//*[@id=\"application-managepartners-display-component---NewPartner--partnerDetailsCurrency-arrow\"]"}
RESULT: {}
RESULT: {"using":"xpath","value":"//*[@id=\"application-managepartners-display-component---NewPartner--partnerDetailsCurrency-arrow\"]"}
COMMAND: POST /session/8d9404e4e9bea3f53a5c3520fcd44aec/element/f.7EA17D048601C53176965B9346C1EB3C.d.7F009BBB575131EA203BE3642A54669A.e.4744/click - {}
RESULT: {}
COMMAND: POST /session/8d9404e4e9bea3f53a5c3520fcd44aec/element - {"using":"xpath","value":"//span[contains(text(), \"Euro\")]"}
COMMAND: GET /session/8d9404e4e9bea3f53a5c3520fcd44aec/screenshot - {}
RESULT: {"using":"xpath","value":"//span[contains(text(), \"Euro\")]"}
COMMAND: POST /session/8d9404e4e9bea3f53a5c3520fcd44aec/element/f.7EA17D048601C53176965B9346C1EB3C.d.7F009BBB575131EA203BE3642A54669A.e.4745/click - {}
RESULT: {}
RESULT: {}
COMMAND: POST /session/8d9404e4e9bea3f53a5c3520fcd44aec/execute/async - {"script":"<script> [1562 bytes]","args":[{"selector":{"id":"application-managepartners-display-component---NewPartner--addressEditDetailsCostObjectCstType-arrow"},"wdio_ui5_key":"applicationmanagepartners-display-component---NewPartner--addressEditDetailsCostObjectCstType-arrow"}]}
COMMAND: GET /session/8d9404e4e9bea3f53a5c3520fcd44aec/screenshot - {}
RESULT: {}
RESULT: {"script":"<script> [1562 bytes]","args":[{"selector":{"id":"application-managepartners-display-component---NewPartner--addressEditDetailsCostObjectCstType-arrow"},"wdio_ui5_key":"applicationmanagepartners-display-component---NewPartner--addressEditDetailsCostObjectCstType-arrow"}]}
RESULT: undefined
COMMAND: POST /session/8d9404e4e9bea3f53a5c3520fcd44aec/element - {"using":"xpath","value":"//*[@id=\"application-managepartners-display-component---NewPartner--addressEditDetailsCostObjectCstType-arrow\"]"}
RESULT: {"using":"xpath","value":"//*[@id=\"application-managepartners-display-component---NewPartner--addressEditDetailsCostObjectCstType-arrow\"]"}
COMMAND: POST /session/8d9404e4e9bea3f53a5c3520fcd44aec/element/f.7EA17D048601C53176965B9346C1EB3C.d.7F009BBB575131EA203BE3642A54669A.e.4746/click - {}
RESULT: {}
COMMAND: POST /session/8d9404e4e9bea3f53a5c3520fcd44aec/element - {"using":"xpath","value":"//span[contains(text(), \"Cost Center\")]"}
COMMAND: GET /session/8d9404e4e9bea3f53a5c3520fcd44aec/screenshot - {}
RESULT: {"using":"xpath","value":"//span[contains(text(), \"Cost Center\")]"}
COMMAND: POST /session/8d9404e4e9bea3f53a5c3520fcd44aec/element/f.7EA17D048601C53176965B9346C1EB3C.d.7F009BBB575131EA203BE3642A54669A.e.4747/click - {}
RESULT: {}
RESULT: {}
COMMAND: GET /session/8d9404e4e9bea3f53a5c3520fcd44aec/screenshot - {}
RESULT: {}
COMMAND: POST /session/8d9404e4e9bea3f53a5c3520fcd44aec/element - {"using":"xpath","value":"//span[@id=\"application-managepartners-display-component---NewPartner--addressNewCostObjectCstID-vhi\"]"}
RESULT: {"using":"xpath","value":"//span[@id=\"application-managepartners-display-component---NewPartner--addressNewCostObjectCstID-vhi\"]"}
COMMAND: POST /session/8d9404e4e9bea3f53a5c3520fcd44aec/execute/sync - {"script":"<script> [8489 bytes]","args":[{"element-6066-11e4-a52e-4f735466cecf":"f.7EA17D048601C53176965B9346C1EB3C.d.7F009BBB575131EA203BE3642A54669A.e.4751","ELEMENT":"f.7EA17D048601C53176965B9346C1EB3C.d.7F009BBB575131EA203BE3642A54669A.e.4751"}]}
RESULT: {"script":"<script> [8489 bytes]","args":[{"element-6066-11e4-a52e-4f735466cecf":"f.7EA17D048601C53176965B9346C1EB3C.d.7F009BBB575131EA203BE3642A54669A.e.4751","ELEMENT":"f.7EA17D048601C53176965B9346C1EB3C.d.7F009BBB575131EA203BE3642A54669A.e.4751"}]}
COMMAND: POST /session/8d9404e4e9bea3f53a5c3520fcd44aec/execute/async - {"script":"<script> [1562 bytes]","args":[{"selector":{"id":"application-managepartners-display-component---NewPartner--addressNewCostObjectCstID-vhi"},"wdio_ui5_key":"applicationmanagepartners-display-component---NewPartner--addressNewCostObjectCstID-vhi"}]}
COMMAND: GET /session/8d9404e4e9bea3f53a5c3520fcd44aec/screenshot - {}
RESULT: {"script":"<script> [1562 bytes]","args":[{"selector":{"id":"application-managepartners-display-component---NewPartner--addressNewCostObjectCstID-vhi"},"wdio_ui5_key":"applicationmanagepartners-display-component---NewPartner--addressNewCostObjectCstID-vhi"}]}
RESULT: undefined
COMMAND: POST /session/8d9404e4e9bea3f53a5c3520fcd44aec/element - {"using":"xpath","value":"//*[@id=\"application-managepartners-display-component---NewPartner--addressNewCostObjectCstID-vhi\"]"}
RESULT: {}
RESULT: {"using":"xpath","value":"//*[@id=\"application-managepartners-display-component---NewPartner--addressNewCostObjectCstID-vhi\"]"}
COMMAND: POST /session/8d9404e4e9bea3f53a5c3520fcd44aec/element/f.7EA17D048601C53176965B9346C1EB3C.d.7F009BBB575131EA203BE3642A54669A.e.4751/click - {}
RESULT: {}
COMMAND: GET /session/8d9404e4e9bea3f53a5c3520fcd44aec/screenshot - {}
RESULT: {}
COMMAND: POST /session/8d9404e4e9bea3f53a5c3520fcd44aec/execute/async - {"script":"<script> [1562 bytes]","args":[{"selector":{"controlType":"sap.m.SearchField","properties":{"placeholder":"Search"},"searchOpenDialogs":true,"interaction":{"idSuffix":"I"}},"wdio_ui5_key":"sapm.SearchField{\"placeholder\":\"Search\"}"}]}
RESULT: {"script":"<script> [1562 bytes]","args":[{"selector":{"controlType":"sap.m.SearchField","properties":{"placeholder":"Search"},"searchOpenDialogs":true,"interaction":{"idSuffix":"I"}},"wdio_ui5_key":"sapm.SearchField{\"placeholder\":\"Search\"}"}]}
RESULT: undefined
COMMAND: POST /session/8d9404e4e9bea3f53a5c3520fcd44aec/execute/async - {"script":"<script> [776 bytes]","args":[{"enterText":"10001013","selector":{"controlType":"sap.m.SearchField","properties":{"placeholder":"Search"},"searchOpenDialogs":true,"interaction":{"idSuffix":"I"}},"clearTextFirst":true,"interactionType":"ENTER_TEXT"}]}
RESULT: {"script":"<script> [776 bytes]","args":[{"enterText":"10001013","selector":{"controlType":"sap.m.SearchField","properties":{"placeholder":"Search"},"searchOpenDialogs":true,"interaction":{"idSuffix":"I"}},"clearTextFirst":true,"interactionType":"ENTER_TEXT"}]}
COMMAND: POST /session/8d9404e4e9bea3f53a5c3520fcd44aec/actions - {"actions":[{"id":"action12","type":"key","parameters":{},"actions":[{"type":"keyDown","value":""},{"type":"pause","duration":10},{"type":"keyUp","value":""}]}]}
RESULT: {"actions":[{"id":"action12","type":"key","parameters":{},"actions":[{"type":"keyDown","value":""},{"type":"pause","duration":10},{"type":"keyUp","value":""}]}]}
COMMAND: GET /session/8d9404e4e9bea3f53a5c3520fcd44aec/screenshot - {}
RESULT: {}
COMMAND: POST /session/8d9404e4e9bea3f53a5c3520fcd44aec/element - {"using":"xpath","value":"//span[contains(text(), \"General Management\")]"}
RESULT: {"using":"xpath","value":"//span[contains(text(), \"General Management\")]"}
COMMAND: POST /session/8d9404e4e9bea3f53a5c3520fcd44aec/element/f.7EA17D048601C53176965B9346C1EB3C.d.7F009BBB575131EA203BE3642A54669A.e.4793/click - {}
RESULT: {}
COMMAND: GET /session/8d9404e4e9bea3f53a5c3520fcd44aec/screenshot - {}
RESULT: {}
COMMAND: POST /session/8d9404e4e9bea3f53a5c3520fcd44aec/element - {"using":"xpath","value":"//bdi[contains(text(), \"OK\")]"}
RESULT: {"using":"xpath","value":"//bdi[contains(text(), \"OK\")]"}
COMMAND: POST /session/8d9404e4e9bea3f53a5c3520fcd44aec/element/f.7EA17D048601C53176965B9346C1EB3C.d.7F009BBB575131EA203BE3642A54669A.e.4794/click - {}
RESULT: {}
COMMAND: GET /session/8d9404e4e9bea3f53a5c3520fcd44aec/screenshot - {}
RESULT: {}
COMMAND: POST /session/8d9404e4e9bea3f53a5c3520fcd44aec/element - {"using":"xpath","value":"//input[@id=\"application-managepartners-display-component---NewPartner--companyCodeComboBox-inner\"]"}
RESULT: {"using":"xpath","value":"//input[@id=\"application-managepartners-display-component---NewPartner--companyCodeComboBox-inner\"]"}
COMMAND: POST /session/8d9404e4e9bea3f53a5c3520fcd44aec/element/f.7EA17D048601C53176965B9346C1EB3C.d.7F009BBB575131EA203BE3642A54669A.e.4585/clear - {}
RESULT: {}
COMMAND: POST /session/8d9404e4e9bea3f53a5c3520fcd44aec/element/f.7EA17D048601C53176965B9346C1EB3C.d.7F009BBB575131EA203BE3642A54669A.e.4585/value - {"text":"1000"}
COMMAND: GET /session/8d9404e4e9bea3f53a5c3520fcd44aec/screenshot - {}
RESULT: {"text":"1000"}
COMMAND: GET /session/8d9404e4e9bea3f53a5c3520fcd44aec/screenshot - {}
RESULT: {}
RESULT: {}
COMMAND: POST /session/8d9404e4e9bea3f53a5c3520fcd44aec/element - {"using":"xpath","value":"//li[.//span[text()= \"1000\"]]"}
RESULT: {"using":"xpath","value":"//li[.//span[text()= \"1000\"]]"}
COMMAND: POST /session/8d9404e4e9bea3f53a5c3520fcd44aec/element/f.7EA17D048601C53176965B9346C1EB3C.d.7F009BBB575131EA203BE3642A54669A.e.4800/click - {}
RESULT: {}
COMMAND: GET /session/8d9404e4e9bea3f53a5c3520fcd44aec/screenshot - {}
RESULT: {}
COMMAND: POST /session/8d9404e4e9bea3f53a5c3520fcd44aec/execute/async - {"script":"<script> [1562 bytes]","args":[{"selector":{"id":"application-managepartners-display-component---NewPartner--btnAddTableRow-img"},"wdio_ui5_key":"applicationmanagepartners-display-component---NewPartner--btnAddTableRow-img"}]}
RESULT: {"script":"<script> [1562 bytes]","args":[{"selector":{"id":"application-managepartners-display-component---NewPartner--btnAddTableRow-img"},"wdio_ui5_key":"applicationmanagepartners-display-component---NewPartner--btnAddTableRow-img"}]}
RESULT: undefined
COMMAND: POST /session/8d9404e4e9bea3f53a5c3520fcd44aec/element - {"using":"xpath","value":"//*[@id=\"application-managepartners-display-component---NewPartner--btnAddTableRow-img\"]"}
RESULT: {"using":"xpath","value":"//*[@id=\"application-managepartners-display-component---NewPartner--btnAddTableRow-img\"]"}
COMMAND: POST /session/8d9404e4e9bea3f53a5c3520fcd44aec/element/f.7EA17D048601C53176965B9346C1EB3C.d.7F009BBB575131EA203BE3642A54669A.e.4801/click - {}
RESULT: {}
COMMAND: GET /session/8d9404e4e9bea3f53a5c3520fcd44aec/screenshot - {}
RESULT: {}
COMMAND: POST /session/8d9404e4e9bea3f53a5c3520fcd44aec/element - {"using":"xpath","value":"//input[@id=\"application-managepartners-display-component---NewPartner--assignmentYard-application-managepartners-display-component---NewPartner--assignmentsTable-0-inner\"]"}
RESULT: {"using":"xpath","value":"//input[@id=\"application-managepartners-display-component---NewPartner--assignmentYard-application-managepartners-display-component---NewPartner--assignmentsTable-0-inner\"]"}
COMMAND: POST /session/8d9404e4e9bea3f53a5c3520fcd44aec/element/f.7EA17D048601C53176965B9346C1EB3C.d.7F009BBB575131EA203BE3642A54669A.e.4804/clear - {}
RESULT: {}
COMMAND: POST /session/8d9404e4e9bea3f53a5c3520fcd44aec/element/f.7EA17D048601C53176965B9346C1EB3C.d.7F009BBB575131EA203BE3642A54669A.e.4804/value - {"text":"233"}
COMMAND: GET /session/8d9404e4e9bea3f53a5c3520fcd44aec/screenshot - {}
RESULT: {"text":"233"}
COMMAND: GET /session/8d9404e4e9bea3f53a5c3520fcd44aec/screenshot - {}
RESULT: {}
RESULT: {}
COMMAND: POST /session/8d9404e4e9bea3f53a5c3520fcd44aec/element - {"using":"xpath","value":"//li[.//span[text()='233']]"}
RESULT: {"using":"xpath","value":"//li[.//span[text()='233']]"}
COMMAND: POST /session/8d9404e4e9bea3f53a5c3520fcd44aec/element/f.7EA17D048601C53176965B9346C1EB3C.d.7F009BBB575131EA203BE3642A54669A.e.4814/click - {}
RESULT: {}
COMMAND: GET /session/8d9404e4e9bea3f53a5c3520fcd44aec/screenshot - {}
RESULT: {}
COMMAND: POST /session/8d9404e4e9bea3f53a5c3520fcd44aec/actions - {"actions":[{"id":"action13","type":"key","parameters":{},"actions":[{"type":"keyDown","value":""},{"type":"pause","duration":10},{"type":"keyUp","value":""}]}]}
RESULT: {"actions":[{"id":"action13","type":"key","parameters":{},"actions":[{"type":"keyDown","value":""},{"type":"pause","duration":10},{"type":"keyUp","value":""}]}]}
COMMAND: POST /session/8d9404e4e9bea3f53a5c3520fcd44aec/execute/async - {"script":"<script> [1562 bytes]","args":[{"selector":{"id":"application-managepartners-display-component---NewPartner--externalCustomerComboBox-application-managepartners-display-component---NewPartner--assignmentsTable-0-vhi"},"wdio_ui5_key":"applicationmanagepartners-display-component---NewPartner--externalCustomerComboBox-application-managepartners-display-component---NewPartner--assignmentsTable-0-vhi"}]}
COMMAND: GET /session/8d9404e4e9bea3f53a5c3520fcd44aec/screenshot - {}
RESULT: {"script":"<script> [1562 bytes]","args":[{"selector":{"id":"application-managepartners-display-component---NewPartner--externalCustomerComboBox-application-managepartners-display-component---NewPartner--assignmentsTable-0-vhi"},"wdio_ui5_key":"applicationmanagepartners-display-component---NewPartner--externalCustomerComboBox-application-managepartners-display-component---NewPartner--assignmentsTable-0-vhi"}]}
RESULT: undefined
COMMAND: POST /session/8d9404e4e9bea3f53a5c3520fcd44aec/element - {"using":"xpath","value":"//*[@id=\"application-managepartners-display-component---NewPartner--externalCustomerComboBox-application-managepartners-display-component---NewPartner--assignmentsTable-0-vhi\"]"}
RESULT: {}
RESULT: {"using":"xpath","value":"//*[@id=\"application-managepartners-display-component---NewPartner--externalCustomerComboBox-application-managepartners-display-component---NewPartner--assignmentsTable-0-vhi\"]"}
COMMAND: POST /session/8d9404e4e9bea3f53a5c3520fcd44aec/element/f.7EA17D048601C53176965B9346C1EB3C.d.7F009BBB575131EA203BE3642A54669A.e.4818/click - {}
RESULT: {}
RESULT: undefined
COMMAND: POST /session/8d9404e4e9bea3f53a5c3520fcd44aec/execute/async - {"script":"<script> [776 bytes]","args":[{"enterText":"300003","selector":{"controlType":"sap.m.SearchField","properties":{"placeholder":"Search"},"searchOpenDialogs":true,"interaction":{"idSuffix":"I"}},"clearTextFirst":true,"interactionType":"ENTER_TEXT"}]}
COMMAND: GET /session/8d9404e4e9bea3f53a5c3520fcd44aec/screenshot - {}
RESULT: {"script":"<script> [776 bytes]","args":[{"enterText":"300003","selector":{"controlType":"sap.m.SearchField","properties":{"placeholder":"Search"},"searchOpenDialogs":true,"interaction":{"idSuffix":"I"}},"clearTextFirst":true,"interactionType":"ENTER_TEXT"}]}
COMMAND: POST /session/8d9404e4e9bea3f53a5c3520fcd44aec/actions - {"actions":[{"id":"action14","type":"key","parameters":{},"actions":[{"type":"keyDown","value":""},{"type":"pause","duration":10},{"type":"keyUp","value":""}]}]}
RESULT: {}
RESULT: {"actions":[{"id":"action14","type":"key","parameters":{},"actions":[{"type":"keyDown","value":""},{"type":"pause","duration":10},{"type":"keyUp","value":""}]}]}
COMMAND: GET /session/8d9404e4e9bea3f53a5c3520fcd44aec/screenshot - {}
RESULT: {}
COMMAND: POST /session/8d9404e4e9bea3f53a5c3520fcd44aec/element - {"using":"xpath","value":"//span[contains(text(), \"300003\")]"}
RESULT: {"using":"xpath","value":"//span[contains(text(), \"300003\")]"}
COMMAND: POST /session/8d9404e4e9bea3f53a5c3520fcd44aec/element/f.7EA17D048601C53176965B9346C1EB3C.d.7F009BBB575131EA203BE3642A54669A.e.4836/click - {}
RESULT: {}
COMMAND: GET /session/8d9404e4e9bea3f53a5c3520fcd44aec/screenshot - {}
RESULT: {}
COMMAND: POST /session/8d9404e4e9bea3f53a5c3520fcd44aec/element - {"using":"xpath","value":"//bdi[contains(text(), \"OK\")]"}
RESULT: {"using":"xpath","value":"//bdi[contains(text(), \"OK\")]"}
COMMAND: POST /session/8d9404e4e9bea3f53a5c3520fcd44aec/element/f.7EA17D048601C53176965B9346C1EB3C.d.7F009BBB575131EA203BE3642A54669A.e.4838/click - {}
RESULT: {}
COMMAND: GET /session/8d9404e4e9bea3f53a5c3520fcd44aec/screenshot - {}
COMMAND: POST /session/8d9404e4e9bea3f53a5c3520fcd44aec/execute/async - {"script":"<script> [1562 bytes]","args":[{"selector":{"id":"application-managepartners-display-component---NewPartner--intercompVendorComboBox-application-managepartners-display-component---NewPartner--assignmentsTable-0-vhi"},"wdio_ui5_key":"applicationmanagepartners-display-component---NewPartner--intercompVendorComboBox-application-managepartners-display-component---NewPartner--assignmentsTable-0-vhi"}]}
RESULT: {}
RESULT: {"script":"<script> [1562 bytes]","args":[{"selector":{"id":"application-managepartners-display-component---NewPartner--intercompVendorComboBox-application-managepartners-display-component---NewPartner--assignmentsTable-0-vhi"},"wdio_ui5_key":"applicationmanagepartners-display-component---NewPartner--intercompVendorComboBox-application-managepartners-display-component---NewPartner--assignmentsTable-0-vhi"}]}
RESULT: undefined
COMMAND: POST /session/8d9404e4e9bea3f53a5c3520fcd44aec/element - {"using":"xpath","value":"//*[@id=\"application-managepartners-display-component---NewPartner--intercompVendorComboBox-application-managepartners-display-component---NewPartner--assignmentsTable-0-vhi\"]"}
RESULT: {"using":"xpath","value":"//*[@id=\"application-managepartners-display-component---NewPartner--intercompVendorComboBox-application-managepartners-display-component---NewPartner--assignmentsTable-0-vhi\"]"}
COMMAND: POST /session/8d9404e4e9bea3f53a5c3520fcd44aec/element/f.7EA17D048601C53176965B9346C1EB3C.d.7F009BBB575131EA203BE3642A54669A.e.4842/click - {}
RESULT: {}
RESULT: undefined
COMMAND: POST /session/8d9404e4e9bea3f53a5c3520fcd44aec/execute/async - {"script":"<script> [776 bytes]","args":[{"enterText":"100005","selector":{"controlType":"sap.m.SearchField","properties":{"placeholder":"Search"},"searchOpenDialogs":true,"interaction":{"idSuffix":"I"}},"clearTextFirst":true,"interactionType":"ENTER_TEXT"}]}
COMMAND: GET /session/8d9404e4e9bea3f53a5c3520fcd44aec/screenshot - {}
RESULT: {"script":"<script> [776 bytes]","args":[{"enterText":"100005","selector":{"controlType":"sap.m.SearchField","properties":{"placeholder":"Search"},"searchOpenDialogs":true,"interaction":{"idSuffix":"I"}},"clearTextFirst":true,"interactionType":"ENTER_TEXT"}]}
COMMAND: POST /session/8d9404e4e9bea3f53a5c3520fcd44aec/actions - {"actions":[{"id":"action15","type":"key","parameters":{},"actions":[{"type":"keyDown","value":""},{"type":"pause","duration":10},{"type":"keyUp","value":""}]}]}
RESULT: {}
RESULT: {"actions":[{"id":"action15","type":"key","parameters":{},"actions":[{"type":"keyDown","value":""},{"type":"pause","duration":10},{"type":"keyUp","value":""}]}]}
COMMAND: GET /session/8d9404e4e9bea3f53a5c3520fcd44aec/screenshot - {}
RESULT: {}
COMMAND: POST /session/8d9404e4e9bea3f53a5c3520fcd44aec/element - {"using":"xpath","value":"//span[contains(text(), \"Penguins - Field/12345 Berlin\")]"}
RESULT: {"using":"xpath","value":"//span[contains(text(), \"Penguins - Field/12345 Berlin\")]"}
COMMAND: POST /session/8d9404e4e9bea3f53a5c3520fcd44aec/element/f.7EA17D048601C53176965B9346C1EB3C.d.7F009BBB575131EA203BE3642A54669A.e.4861/click - {}
RESULT: {}
COMMAND: GET /session/8d9404e4e9bea3f53a5c3520fcd44aec/screenshot - {}
RESULT: {}
COMMAND: POST /session/8d9404e4e9bea3f53a5c3520fcd44aec/element - {"using":"xpath","value":"//bdi[contains(text(), \"OK\")]"}
RESULT: {"using":"xpath","value":"//bdi[contains(text(), \"OK\")]"}
COMMAND: POST /session/8d9404e4e9bea3f53a5c3520fcd44aec/element/f.7EA17D048601C53176965B9346C1EB3C.d.7F009BBB575131EA203BE3642A54669A.e.4862/click - {}
RESULT: {}
COMMAND: GET /session/8d9404e4e9bea3f53a5c3520fcd44aec/screenshot - {}
RESULT: {}
COMMAND: POST /session/8d9404e4e9bea3f53a5c3520fcd44aec/element - {"using":"xpath","value":"//button[@data-kt=\"saveButton\"]"}
RESULT: {"using":"xpath","value":"//button[@data-kt=\"saveButton\"]"}
COMMAND: POST /session/8d9404e4e9bea3f53a5c3520fcd44aec/element/f.7EA17D048601C53176965B9346C1EB3C.d.7F009BBB575131EA203BE3642A54669A.e.4711/click - {}
RESULT: {}
COMMAND: GET /session/8d9404e4e9bea3f53a5c3520fcd44aec/screenshot - {}
RESULT: {}
COMMAND: POST /session/8d9404e4e9bea3f53a5c3520fcd44aec/element - {"using":"xpath","value":"//header[contains(@id, 'ObjectPageLayout-headerTitle')]/div[1]/div[2]/div[2]/span[1]"}
RESULT: {"using":"xpath","value":"//header[contains(@id, 'ObjectPageLayout-headerTitle')]/div[1]/div[2]/div[2]/span[1]"}
COMMAND: POST /session/8d9404e4e9bea3f53a5c3520fcd44aec/elements - {"using":"xpath","value":"//header[contains(@id, 'ObjectPageLayout-headerTitle')]/div[1]/div[2]/div[2]/span[1]"}
RESULT: {"using":"xpath","value":"//header[contains(@id, 'ObjectPageLayout-headerTitle')]/div[1]/div[2]/div[2]/span[1]"}
COMMAND: POST /session/8d9404e4e9bea3f53a5c3520fcd44aec/execute/sync - {"script":"<script> [56 bytes]","args":[{"element-6066-11e4-a52e-4f735466cecf":"f.7EA17D048601C53176965B9346C1EB3C.d.7F009BBB575131EA203BE3642A54669A.e.5008","ELEMENT":"f.7EA17D048601C53176965B9346C1EB3C.d.7F009BBB575131EA203BE3642A54669A.e.5008"}]}
RESULT: {"script":"<script> [56 bytes]","args":[{"element-6066-11e4-a52e-4f735466cecf":"f.7EA17D048601C53176965B9346C1EB3C.d.7F009BBB575131EA203BE3642A54669A.e.5008","ELEMENT":"f.7EA17D048601C53176965B9346C1EB3C.d.7F009BBB575131EA203BE3642A54669A.e.5008"}]}
COMMAND: POST /session/8d9404e4e9bea3f53a5c3520fcd44aec/element - {"using":"css selector","value":"#shell-header-logo"}
COMMAND: GET /session/8d9404e4e9bea3f53a5c3520fcd44aec/screenshot - {}
RESULT: {"using":"css selector","value":"#shell-header-logo"}
COMMAND: POST /session/8d9404e4e9bea3f53a5c3520fcd44aec/element/f.7EA17D048601C53176965B9346C1EB3C.d.7F009BBB575131EA203BE3642A54669A.e.4269/click - {}
RESULT: {}
RESULT: {}
COMMAND: GET /session/8d9404e4e9bea3f53a5c3520fcd44aec/screenshot - {}
RESULT: {}
COMMAND: POST /session/8d9404e4e9bea3f53a5c3520fcd44aec/execute/sync - {"script":"<script> [299 bytes]","args":[["getModel","getResource"]]}
RESULT: {"script":"<script> [299 bytes]","args":[["getModel","getResource"]]}
RESULT: undefined
COMMAND: POST /session/8d9404e4e9bea3f53a5c3520fcd44aec/element - {"using":"xpath","value":"//*[@id=\"__tile30\"]"}
COMMAND: GET /session/8d9404e4e9bea3f53a5c3520fcd44aec/screenshot - {}
RESULT: {"using":"xpath","value":"//*[@id=\"__tile30\"]"}
COMMAND: POST /session/8d9404e4e9bea3f53a5c3520fcd44aec/element/f.7EA17D048601C53176965B9346C1EB3C.d.7F009BBB575131EA203BE3642A54669A.e.4189/click - {}
RESULT: {}
RESULT: {}
COMMAND: GET /session/8d9404e4e9bea3f53a5c3520fcd44aec/screenshot - {}
RESULT: {}
COMMAND: POST /session/8d9404e4e9bea3f53a5c3520fcd44aec/elements - {"using":"xpath","value":"//span[text()='Error']"}
RESULT: {"using":"xpath","value":"//span[text()='Error']"}
COMMAND: POST /session/8d9404e4e9bea3f53a5c3520fcd44aec/element - {"using":"xpath","value":"//button[@data-kt=\"addButton\"]"}
RESULT: {"using":"xpath","value":"//button[@data-kt=\"addButton\"]"}
COMMAND: POST /session/8d9404e4e9bea3f53a5c3520fcd44aec/elements - {"using":"xpath","value":"//button[@data-kt=\"addButton\"]"}
RESULT: {"using":"xpath","value":"//button[@data-kt=\"addButton\"]"}
COMMAND: POST /session/8d9404e4e9bea3f53a5c3520fcd44aec/execute/sync - {"script":"<script> [8489 bytes]","args":[{"element-6066-11e4-a52e-4f735466cecf":"f.7EA17D048601C53176965B9346C1EB3C.d.7F009BBB575131EA203BE3642A54669A.e.5055","ELEMENT":"f.7EA17D048601C53176965B9346C1EB3C.d.7F009BBB575131EA203BE3642A54669A.e.5055"}]}
RESULT: {"script":"<script> [8489 bytes]","args":[{"element-6066-11e4-a52e-4f735466cecf":"f.7EA17D048601C53176965B9346C1EB3C.d.7F009BBB575131EA203BE3642A54669A.e.5055","ELEMENT":"f.7EA17D048601C53176965B9346C1EB3C.d.7F009BBB575131EA203BE3642A54669A.e.5055"}]}
COMMAND: GET /session/8d9404e4e9bea3f53a5c3520fcd44aec/element/f.7EA17D048601C53176965B9346C1EB3C.d.7F009BBB575131EA203BE3642A54669A.e.5055/enabled - {}
COMMAND: GET /session/8d9404e4e9bea3f53a5c3520fcd44aec/screenshot - {}
RESULT: {}
COMMAND: POST /session/8d9404e4e9bea3f53a5c3520fcd44aec/execute/sync - {"script":"<script> [8489 bytes]","args":[{"element-6066-11e4-a52e-4f735466cecf":"f.7EA17D048601C53176965B9346C1EB3C.d.7F009BBB575131EA203BE3642A54669A.e.5055","ELEMENT":"f.7EA17D048601C53176965B9346C1EB3C.d.7F009BBB575131EA203BE3642A54669A.e.5055"}]}
COMMAND: GET /session/8d9404e4e9bea3f53a5c3520fcd44aec/screenshot - {}
RESULT: {}
RESULT: {"script":"<script> [8489 bytes]","args":[{"element-6066-11e4-a52e-4f735466cecf":"f.7EA17D048601C53176965B9346C1EB3C.d.7F009BBB575131EA203BE3642A54669A.e.5055","ELEMENT":"f.7EA17D048601C53176965B9346C1EB3C.d.7F009BBB575131EA203BE3642A54669A.e.5055"}]}
COMMAND: POST /session/8d9404e4e9bea3f53a5c3520fcd44aec/execute/sync - {"script":"<script> [5351 bytes]","args":[{"element-6066-11e4-a52e-4f735466cecf":"f.7EA17D048601C53176965B9346C1EB3C.d.7F009BBB575131EA203BE3642A54669A.e.5055","ELEMENT":"f.7EA17D048601C53176965B9346C1EB3C.d.7F009BBB575131EA203BE3642A54669A.e.5055"}]}
COMMAND: GET /session/8d9404e4e9bea3f53a5c3520fcd44aec/screenshot - {}
RESULT: {}
RESULT: {"script":"<script> [5351 bytes]","args":[{"element-6066-11e4-a52e-4f735466cecf":"f.7EA17D048601C53176965B9346C1EB3C.d.7F009BBB575131EA203BE3642A54669A.e.5055","ELEMENT":"f.7EA17D048601C53176965B9346C1EB3C.d.7F009BBB575131EA203BE3642A54669A.e.5055"}]}
COMMAND: GET /session/8d9404e4e9bea3f53a5c3520fcd44aec/screenshot - {}
RESULT: {}
RESULT: {}
COMMAND: POST /session/8d9404e4e9bea3f53a5c3520fcd44aec/execute/async - {"script":"<script> [1562 bytes]","args":[{"selector":{"id":"application-managepartners-display-component---masterPtm--smartFilterBar-btnBasicSearch","interaction":{"idSuffix":"I"}},"wdio_ui5_key":"applicationmanagepartners-display-component---masterPtm--smartFilterBar-btnBasicSearch"}]}
RESULT: {"script":"<script> [1562 bytes]","args":[{"selector":{"id":"application-managepartners-display-component---masterPtm--smartFilterBar-btnBasicSearch","interaction":{"idSuffix":"I"}},"wdio_ui5_key":"applicationmanagepartners-display-component---masterPtm--smartFilterBar-btnBasicSearch"}]}
RESULT: undefined
COMMAND: POST /session/8d9404e4e9bea3f53a5c3520fcd44aec/execute/async - {"script":"<script> [776 bytes]","args":[{"enterText":"1086","selector":{"id":"application-managepartners-display-component---masterPtm--smartFilterBar-btnBasicSearch","interaction":{"idSuffix":"I"}},"clearTextFirst":true,"interactionType":"ENTER_TEXT"}]}
RESULT: {"script":"<script> [776 bytes]","args":[{"enterText":"1086","selector":{"id":"application-managepartners-display-component---masterPtm--smartFilterBar-btnBasicSearch","interaction":{"idSuffix":"I"}},"clearTextFirst":true,"interactionType":"ENTER_TEXT"}]}
COMMAND: POST /session/8d9404e4e9bea3f53a5c3520fcd44aec/actions - {"actions":[{"id":"action16","type":"key","parameters":{},"actions":[{"type":"keyDown","value":""},{"type":"pause","duration":10},{"type":"keyUp","value":""}]}]}
RESULT: {"actions":[{"id":"action16","type":"key","parameters":{},"actions":[{"type":"keyDown","value":""},{"type":"pause","duration":10},{"type":"keyUp","value":""}]}]}
COMMAND: GET /session/8d9404e4e9bea3f53a5c3520fcd44aec/screenshot - {}
RESULT: {}
COMMAND: POST /session/8d9404e4e9bea3f53a5c3520fcd44aec/elements - {"using":"xpath","value":"//table[contains(@id, \"customPartnersTable-listUl\")]/tbody/tr"}
RESULT: {"using":"xpath","value":"//table[contains(@id, \"customPartnersTable-listUl\")]/tbody/tr"}
COMMAND: POST /session/8d9404e4e9bea3f53a5c3520fcd44aec/element - {"using":"xpath","value":"//table[contains(@id, \"customPartnersTable-listUl\")]/tbody/tr[1]/td[3]/span"}
RESULT: {"using":"xpath","value":"//table[contains(@id, \"customPartnersTable-listUl\")]/tbody/tr[1]/td[3]/span"}
COMMAND: POST /session/8d9404e4e9bea3f53a5c3520fcd44aec/elements - {"using":"xpath","value":"//table[contains(@id, \"customPartnersTable-listUl\")]/tbody/tr[1]/td[3]/span"}
RESULT: {"using":"xpath","value":"//table[contains(@id, \"customPartnersTable-listUl\")]/tbody/tr[1]/td[3]/span"}
COMMAND: POST /session/8d9404e4e9bea3f53a5c3520fcd44aec/execute/sync - {"script":"<script> [56 bytes]","args":[{"element-6066-11e4-a52e-4f735466cecf":"f.7EA17D048601C53176965B9346C1EB3C.d.7F009BBB575131EA203BE3642A54669A.e.5178","ELEMENT":"f.7EA17D048601C53176965B9346C1EB3C.d.7F009BBB575131EA203BE3642A54669A.e.5178"}]}
RESULT: {"script":"<script> [56 bytes]","args":[{"element-6066-11e4-a52e-4f735466cecf":"f.7EA17D048601C53176965B9346C1EB3C.d.7F009BBB575131EA203BE3642A54669A.e.5178","ELEMENT":"f.7EA17D048601C53176965B9346C1EB3C.d.7F009BBB575131EA203BE3642A54669A.e.5178"}]}
COMMAND: POST /session/8d9404e4e9bea3f53a5c3520fcd44aec/element - {"using":"xpath","value":"(//span[contains(@id, \"imgNav\")])[1]"}
COMMAND: GET /session/8d9404e4e9bea3f53a5c3520fcd44aec/screenshot - {}
RESULT: {"using":"xpath","value":"(//span[contains(@id, \"imgNav\")])[1]"}
COMMAND: POST /session/8d9404e4e9bea3f53a5c3520fcd44aec/element/f.7EA17D048601C53176965B9346C1EB3C.d.7F009BBB575131EA203BE3642A54669A.e.5177/click - {}
RESULT: {}
RESULT: {}
COMMAND: GET /session/8d9404e4e9bea3f53a5c3520fcd44aec/screenshot - {}
RESULT: {}
COMMAND: POST /session/8d9404e4e9bea3f53a5c3520fcd44aec/element - {"using":"xpath","value":"//bdi[contains(text(), \"Edit\")]"}
RESULT: {"using":"xpath","value":"//bdi[contains(text(), \"Edit\")]"}
COMMAND: POST /session/8d9404e4e9bea3f53a5c3520fcd44aec/element/f.7EA17D048601C53176965B9346C1EB3C.d.7F009BBB575131EA203BE3642A54669A.e.5322/click - {}
RESULT: {}
COMMAND: GET /session/8d9404e4e9bea3f53a5c3520fcd44aec/screenshot - {}
RESULT: {}
COMMAND: POST /session/8d9404e4e9bea3f53a5c3520fcd44aec/execute/async - {"script":"<script> [1562 bytes]","args":[{"selector":{"controlType":"sap.m.Input","viewName":"etm.portal.ui.managepartners.view.EditDetail","labelFor":{"text":"Name"},"interaction":{"idSuffix":"inner"}},"wdio_ui5_key":"etmportal.ui.managepartners.view.EditDetailsap.m.Input{\"text\":\"Name\"}"}]}
RESULT: {"script":"<script> [1562 bytes]","args":[{"selector":{"controlType":"sap.m.Input","viewName":"etm.portal.ui.managepartners.view.EditDetail","labelFor":{"text":"Name"},"interaction":{"idSuffix":"inner"}},"wdio_ui5_key":"etmportal.ui.managepartners.view.EditDetailsap.m.Input{\"text\":\"Name\"}"}]}
RESULT: undefined
COMMAND: POST /session/8d9404e4e9bea3f53a5c3520fcd44aec/execute/async - {"script":"<script> [776 bytes]","args":[{"enterText":"Intracompany EDIT","selector":{"controlType":"sap.m.Input","viewName":"etm.portal.ui.managepartners.view.EditDetail","labelFor":{"text":"Name"},"interaction":{"idSuffix":"inner"}},"clearTextFirst":true,"interactionType":"ENTER_TEXT"}]}
RESULT: {"script":"<script> [776 bytes]","args":[{"enterText":"Intracompany EDIT","selector":{"controlType":"sap.m.Input","viewName":"etm.portal.ui.managepartners.view.EditDetail","labelFor":{"text":"Name"},"interaction":{"idSuffix":"inner"}},"clearTextFirst":true,"interactionType":"ENTER_TEXT"}]}
COMMAND: POST /session/8d9404e4e9bea3f53a5c3520fcd44aec/element - {"using":"xpath","value":"(//span[contains(@id,\"addressDetailDetailsLanguage-arrow\")])[1]"}
RESULT: {"using":"xpath","value":"(//span[contains(@id,\"addressDetailDetailsLanguage-arrow\")])[1]"}
COMMAND: POST /session/8d9404e4e9bea3f53a5c3520fcd44aec/element/f.7EA17D048601C53176965B9346C1EB3C.d.7F009BBB575131EA203BE3642A54669A.e.5407/click - {}
RESULT: {}
COMMAND: POST /session/8d9404e4e9bea3f53a5c3520fcd44aec/element - {"using":"xpath","value":"//span[contains(text(), \"Chinese\")]"}
COMMAND: GET /session/8d9404e4e9bea3f53a5c3520fcd44aec/screenshot - {}
RESULT: {"using":"xpath","value":"//span[contains(text(), \"Chinese\")]"}
COMMAND: POST /session/8d9404e4e9bea3f53a5c3520fcd44aec/element/f.7EA17D048601C53176965B9346C1EB3C.d.7F009BBB575131EA203BE3642A54669A.e.5408/click - {}
RESULT: {}
RESULT: {}
COMMAND: GET /session/8d9404e4e9bea3f53a5c3520fcd44aec/screenshot - {}
RESULT: {}
COMMAND: POST /session/8d9404e4e9bea3f53a5c3520fcd44aec/execute/async - {"script":"<script> [1562 bytes]","args":[{"selector":{"controlType":"sap.m.Input","viewName":"etm.portal.ui.managepartners.view.EditDetail","labelFor":{"text":"City"},"interaction":{"idSuffix":"inner"}},"wdio_ui5_key":"etmportal.ui.managepartners.view.EditDetailsap.m.Input{\"text\":\"City\"}"}]}
RESULT: {"script":"<script> [1562 bytes]","args":[{"selector":{"controlType":"sap.m.Input","viewName":"etm.portal.ui.managepartners.view.EditDetail","labelFor":{"text":"City"},"interaction":{"idSuffix":"inner"}},"wdio_ui5_key":"etmportal.ui.managepartners.view.EditDetailsap.m.Input{\"text\":\"City\"}"}]}
RESULT: undefined
COMMAND: POST /session/8d9404e4e9bea3f53a5c3520fcd44aec/execute/async - {"script":"<script> [776 bytes]","args":[{"enterText":"Clooj-Napoca","selector":{"controlType":"sap.m.Input","viewName":"etm.portal.ui.managepartners.view.EditDetail","labelFor":{"text":"City"},"interaction":{"idSuffix":"inner"}},"clearTextFirst":true,"interactionType":"ENTER_TEXT"}]}
RESULT: {"script":"<script> [776 bytes]","args":[{"enterText":"Clooj-Napoca","selector":{"controlType":"sap.m.Input","viewName":"etm.portal.ui.managepartners.view.EditDetail","labelFor":{"text":"City"},"interaction":{"idSuffix":"inner"}},"clearTextFirst":true,"interactionType":"ENTER_TEXT"}]}
COMMAND: POST /session/8d9404e4e9bea3f53a5c3520fcd44aec/element - {"using":"xpath","value":"//button[@data-kt=\"saveButton\"]"}
RESULT: {"using":"xpath","value":"//button[@data-kt=\"saveButton\"]"}
COMMAND: POST /session/8d9404e4e9bea3f53a5c3520fcd44aec/element/f.7EA17D048601C53176965B9346C1EB3C.d.7F009BBB575131EA203BE3642A54669A.e.5384/click - {}
RESULT: {}
COMMAND: GET /session/8d9404e4e9bea3f53a5c3520fcd44aec/screenshot - {}
RESULT: {}
COMMAND: POST /session/8d9404e4e9bea3f53a5c3520fcd44aec/execute/async - {"script":"<script> [1562 bytes]","args":[{"selector":{"id":"application-managepartners-display-component---detailPtm--addressDetailDetailsName1"},"wdio_ui5_key":"applicationmanagepartners-display-component---detailPtm--addressDetailDetailsName1"}]}
RESULT: {"script":"<script> [1562 bytes]","args":[{"selector":{"id":"application-managepartners-display-component---detailPtm--addressDetailDetailsName1"},"wdio_ui5_key":"applicationmanagepartners-display-component---detailPtm--addressDetailDetailsName1"}]}
RESULT: undefined
COMMAND: POST /session/8d9404e4e9bea3f53a5c3520fcd44aec/execute/async - {"script":"<script> [6424 bytes]","args":[{"element-6066-11e4-a52e-4f735466cecf":"f.7EA17D048601C53176965B9346C1EB3C.d.7F009BBB575131EA203BE3642A54669A.e.5439"},"getValue",[]]}
RESULT: {"script":"<script> [6424 bytes]","args":[{"element-6066-11e4-a52e-4f735466cecf":"f.7EA17D048601C53176965B9346C1EB3C.d.7F009BBB575131EA203BE3642A54669A.e.5439"},"getValue",[]]}
COMMAND: POST /session/8d9404e4e9bea3f53a5c3520fcd44aec/element - {"using":"xpath","value":"//input[@id = \"application-managepartners-display-component---detailPtm--addressDetailDetailsLanguage-inner\"]"}
RESULT: {"using":"xpath","value":"//input[@id = \"application-managepartners-display-component---detailPtm--addressDetailDetailsLanguage-inner\"]"}
COMMAND: GET /session/8d9404e4e9bea3f53a5c3520fcd44aec/element/f.7EA17D048601C53176965B9346C1EB3C.d.7F009BBB575131EA203BE3642A54669A.e.5440/property/value - {}
RESULT: {}
COMMAND: POST /session/8d9404e4e9bea3f53a5c3520fcd44aec/execute/async - {"script":"<script> [1562 bytes]","args":[{"selector":{"id":"application-managepartners-display-component---detailPtm--addressDetailDetailsCity1"},"wdio_ui5_key":"applicationmanagepartners-display-component---detailPtm--addressDetailDetailsCity1"}]}
COMMAND: GET /session/8d9404e4e9bea3f53a5c3520fcd44aec/screenshot - {}
RESULT: {"script":"<script> [1562 bytes]","args":[{"selector":{"id":"application-managepartners-display-component---detailPtm--addressDetailDetailsCity1"},"wdio_ui5_key":"applicationmanagepartners-display-component---detailPtm--addressDetailDetailsCity1"}]}
RESULT: undefined
COMMAND: POST /session/8d9404e4e9bea3f53a5c3520fcd44aec/execute/async - {"script":"<script> [6424 bytes]","args":[{"element-6066-11e4-a52e-4f735466cecf":"f.7EA17D048601C53176965B9346C1EB3C.d.7F009BBB575131EA203BE3642A54669A.e.5441"},"getValue",[]]}
RESULT: {}
RESULT: {"script":"<script> [6424 bytes]","args":[{"element-6066-11e4-a52e-4f735466cecf":"f.7EA17D048601C53176965B9346C1EB3C.d.7F009BBB575131EA203BE3642A54669A.e.5441"},"getValue",[]]}
COMMAND: POST /session/8d9404e4e9bea3f53a5c3520fcd44aec/element - {"using":"css selector","value":"#shell-header-logo"}
RESULT: {"using":"css selector","value":"#shell-header-logo"}
COMMAND: POST /session/8d9404e4e9bea3f53a5c3520fcd44aec/element/f.7EA17D048601C53176965B9346C1EB3C.d.7F009BBB575131EA203BE3642A54669A.e.5011/click - {}
RESULT: {}
COMMAND: GET /session/8d9404e4e9bea3f53a5c3520fcd44aec/screenshot - {}
RESULT: {}
]]></system-out>
    </testcase>
    <testcase classname="chrome.136_0_7103_93.windows.Partner_specific_tests_US150819_US151080_US151654_US151176_US103444_US151078_US151079_US151109_US151174_US151175_US151189" name="Should do filtering and navigation tests US151109" time="158.694">
      <system-out><![CDATA[
COMMAND: POST /session/8d9404e4e9bea3f53a5c3520fcd44aec/element - {"using":"xpath","value":"//li[.//span[text()=\"Manage Partners\"]]"}
RESULT: {"using":"xpath","value":"//li[.//span[text()=\"Manage Partners\"]]"}
COMMAND: POST /session/8d9404e4e9bea3f53a5c3520fcd44aec/element - {"using":"xpath","value":"//li[.//span[text()=\"Manage Partners\"]]"}
RESULT: {"using":"xpath","value":"//li[.//span[text()=\"Manage Partners\"]]"}
COMMAND: POST /session/8d9404e4e9bea3f53a5c3520fcd44aec/element - {"using":"css selector","value":"#shell-header-logo"}
RESULT: {"using":"css selector","value":"#shell-header-logo"}
COMMAND: POST /session/8d9404e4e9bea3f53a5c3520fcd44aec/element/f.7EA17D048601C53176965B9346C1EB3C.d.7F009BBB575131EA203BE3642A54669A.e.5472/click - {}
COMMAND: POST /session/8d9404e4e9bea3f53a5c3520fcd44aec/execute/sync - {"script":"<script> [8489 bytes]","args":[{"element-6066-11e4-a52e-4f735466cecf":"f.7EA17D048601C53176965B9346C1EB3C.d.7F009BBB575131EA203BE3642A54669A.e.5472","ELEMENT":"f.7EA17D048601C53176965B9346C1EB3C.d.7F009BBB575131EA203BE3642A54669A.e.5472"}]}
RESULT: {"script":"<script> [8489 bytes]","args":[{"element-6066-11e4-a52e-4f735466cecf":"f.7EA17D048601C53176965B9346C1EB3C.d.7F009BBB575131EA203BE3642A54669A.e.5472","ELEMENT":"f.7EA17D048601C53176965B9346C1EB3C.d.7F009BBB575131EA203BE3642A54669A.e.5472"}]}
COMMAND: POST /session/8d9404e4e9bea3f53a5c3520fcd44aec/execute/sync - {"script":"<script> [5351 bytes]","args":[{"element-6066-11e4-a52e-4f735466cecf":"f.7EA17D048601C53176965B9346C1EB3C.d.7F009BBB575131EA203BE3642A54669A.e.5472","ELEMENT":"f.7EA17D048601C53176965B9346C1EB3C.d.7F009BBB575131EA203BE3642A54669A.e.5472"}]}
COMMAND: GET /session/8d9404e4e9bea3f53a5c3520fcd44aec/screenshot - {}
RESULT: {}
COMMAND: GET /session/8d9404e4e9bea3f53a5c3520fcd44aec/screenshot - {}
RESULT: {"script":"<script> [5351 bytes]","args":[{"element-6066-11e4-a52e-4f735466cecf":"f.7EA17D048601C53176965B9346C1EB3C.d.7F009BBB575131EA203BE3642A54669A.e.5472","ELEMENT":"f.7EA17D048601C53176965B9346C1EB3C.d.7F009BBB575131EA203BE3642A54669A.e.5472"}]}
COMMAND: GET /session/8d9404e4e9bea3f53a5c3520fcd44aec/screenshot - {}
RESULT: {}
RESULT: {}
RESULT: {}
RESULT: undefined
COMMAND: POST /session/8d9404e4e9bea3f53a5c3520fcd44aec/element - {"using":"xpath","value":"//*[@id=\"__tile30\"]"}
RESULT: {"using":"xpath","value":"//*[@id=\"__tile30\"]"}
COMMAND: POST /session/8d9404e4e9bea3f53a5c3520fcd44aec/element/f.7EA17D048601C53176965B9346C1EB3C.d.7F009BBB575131EA203BE3642A54669A.e.4189/click - {}
RESULT: {}
COMMAND: GET /session/8d9404e4e9bea3f53a5c3520fcd44aec/screenshot - {}
RESULT: {}
COMMAND: POST /session/8d9404e4e9bea3f53a5c3520fcd44aec/elements - {"using":"xpath","value":"//span[text()='Error']"}
RESULT: {"using":"xpath","value":"//span[text()='Error']"}
COMMAND: POST /session/8d9404e4e9bea3f53a5c3520fcd44aec/element - {"using":"xpath","value":"//button[@data-kt=\"addButton\"]"}
RESULT: {"using":"xpath","value":"//button[@data-kt=\"addButton\"]"}
COMMAND: POST /session/8d9404e4e9bea3f53a5c3520fcd44aec/elements - {"using":"xpath","value":"//button[@data-kt=\"addButton\"]"}
RESULT: {"using":"xpath","value":"//button[@data-kt=\"addButton\"]"}
COMMAND: POST /session/8d9404e4e9bea3f53a5c3520fcd44aec/execute/sync - {"script":"<script> [8489 bytes]","args":[{"element-6066-11e4-a52e-4f735466cecf":"f.7EA17D048601C53176965B9346C1EB3C.d.7F009BBB575131EA203BE3642A54669A.e.5518","ELEMENT":"f.7EA17D048601C53176965B9346C1EB3C.d.7F009BBB575131EA203BE3642A54669A.e.5518"}]}
RESULT: {"script":"<script> [8489 bytes]","args":[{"element-6066-11e4-a52e-4f735466cecf":"f.7EA17D048601C53176965B9346C1EB3C.d.7F009BBB575131EA203BE3642A54669A.e.5518","ELEMENT":"f.7EA17D048601C53176965B9346C1EB3C.d.7F009BBB575131EA203BE3642A54669A.e.5518"}]}
COMMAND: GET /session/8d9404e4e9bea3f53a5c3520fcd44aec/element/f.7EA17D048601C53176965B9346C1EB3C.d.7F009BBB575131EA203BE3642A54669A.e.5518/enabled - {}
COMMAND: GET /session/8d9404e4e9bea3f53a5c3520fcd44aec/screenshot - {}
RESULT: {}
COMMAND: POST /session/8d9404e4e9bea3f53a5c3520fcd44aec/execute/sync - {"script":"<script> [8489 bytes]","args":[{"element-6066-11e4-a52e-4f735466cecf":"f.7EA17D048601C53176965B9346C1EB3C.d.7F009BBB575131EA203BE3642A54669A.e.5518","ELEMENT":"f.7EA17D048601C53176965B9346C1EB3C.d.7F009BBB575131EA203BE3642A54669A.e.5518"}]}
COMMAND: GET /session/8d9404e4e9bea3f53a5c3520fcd44aec/screenshot - {}
RESULT: {}
RESULT: {"script":"<script> [8489 bytes]","args":[{"element-6066-11e4-a52e-4f735466cecf":"f.7EA17D048601C53176965B9346C1EB3C.d.7F009BBB575131EA203BE3642A54669A.e.5518","ELEMENT":"f.7EA17D048601C53176965B9346C1EB3C.d.7F009BBB575131EA203BE3642A54669A.e.5518"}]}
COMMAND: POST /session/8d9404e4e9bea3f53a5c3520fcd44aec/execute/sync - {"script":"<script> [5351 bytes]","args":[{"element-6066-11e4-a52e-4f735466cecf":"f.7EA17D048601C53176965B9346C1EB3C.d.7F009BBB575131EA203BE3642A54669A.e.5518","ELEMENT":"f.7EA17D048601C53176965B9346C1EB3C.d.7F009BBB575131EA203BE3642A54669A.e.5518"}]}
COMMAND: GET /session/8d9404e4e9bea3f53a5c3520fcd44aec/screenshot - {}
RESULT: {}
RESULT: {"script":"<script> [5351 bytes]","args":[{"element-6066-11e4-a52e-4f735466cecf":"f.7EA17D048601C53176965B9346C1EB3C.d.7F009BBB575131EA203BE3642A54669A.e.5518","ELEMENT":"f.7EA17D048601C53176965B9346C1EB3C.d.7F009BBB575131EA203BE3642A54669A.e.5518"}]}
COMMAND: GET /session/8d9404e4e9bea3f53a5c3520fcd44aec/screenshot - {}
RESULT: {}
RESULT: {}
COMMAND: POST /session/8d9404e4e9bea3f53a5c3520fcd44aec/element - {"using":"xpath","value":"//span[@id=\"application-managepartners-display-component---masterPtm--smartTable-header-inner\"]"}
RESULT: {"using":"xpath","value":"//span[@id=\"application-managepartners-display-component---masterPtm--smartTable-header-inner\"]"}
COMMAND: POST /session/8d9404e4e9bea3f53a5c3520fcd44aec/elements - {"using":"xpath","value":"//span[@id=\"application-managepartners-display-component---masterPtm--smartTable-header-inner\"]"}
RESULT: {"using":"xpath","value":"//span[@id=\"application-managepartners-display-component---masterPtm--smartTable-header-inner\"]"}
COMMAND: POST /session/8d9404e4e9bea3f53a5c3520fcd44aec/execute/sync - {"script":"<script> [56 bytes]","args":[{"element-6066-11e4-a52e-4f735466cecf":"f.7EA17D048601C53176965B9346C1EB3C.d.7F009BBB575131EA203BE3642A54669A.e.5629","ELEMENT":"f.7EA17D048601C53176965B9346C1EB3C.d.7F009BBB575131EA203BE3642A54669A.e.5629"}]}
RESULT: {"script":"<script> [56 bytes]","args":[{"element-6066-11e4-a52e-4f735466cecf":"f.7EA17D048601C53176965B9346C1EB3C.d.7F009BBB575131EA203BE3642A54669A.e.5629","ELEMENT":"f.7EA17D048601C53176965B9346C1EB3C.d.7F009BBB575131EA203BE3642A54669A.e.5629"}]}
RESULT: undefined
COMMAND: POST /session/8d9404e4e9bea3f53a5c3520fcd44aec/execute/async - {"script":"<script> [776 bytes]","args":[{"enterText":"External Partner WDIO","selector":{"id":"application-managepartners-display-component---masterPtm--smartFilterBar-btnBasicSearch","interaction":{"idSuffix":"I"}},"clearTextFirst":true,"interactionType":"ENTER_TEXT"}]}
COMMAND: GET /session/8d9404e4e9bea3f53a5c3520fcd44aec/screenshot - {}
RESULT: {"script":"<script> [776 bytes]","args":[{"enterText":"External Partner WDIO","selector":{"id":"application-managepartners-display-component---masterPtm--smartFilterBar-btnBasicSearch","interaction":{"idSuffix":"I"}},"clearTextFirst":true,"interactionType":"ENTER_TEXT"}]}
RESULT: {}
COMMAND: POST /session/8d9404e4e9bea3f53a5c3520fcd44aec/actions - {"actions":[{"id":"action17","type":"key","parameters":{},"actions":[{"type":"keyDown","value":""},{"type":"pause","duration":10},{"type":"keyUp","value":""}]}]}
RESULT: {"actions":[{"id":"action17","type":"key","parameters":{},"actions":[{"type":"keyDown","value":""},{"type":"pause","duration":10},{"type":"keyUp","value":""}]}]}
COMMAND: GET /session/8d9404e4e9bea3f53a5c3520fcd44aec/screenshot - {}
RESULT: {}
COMMAND: POST /session/8d9404e4e9bea3f53a5c3520fcd44aec/element - {"using":"xpath","value":"//span[@id=\"application-managepartners-display-component---masterPtm--smartTable-header-inner\"]"}
RESULT: {"using":"xpath","value":"//span[@id=\"application-managepartners-display-component---masterPtm--smartTable-header-inner\"]"}
COMMAND: POST /session/8d9404e4e9bea3f53a5c3520fcd44aec/elements - {"using":"xpath","value":"//span[@id=\"application-managepartners-display-component---masterPtm--smartTable-header-inner\"]"}
RESULT: {"using":"xpath","value":"//span[@id=\"application-managepartners-display-component---masterPtm--smartTable-header-inner\"]"}
COMMAND: POST /session/8d9404e4e9bea3f53a5c3520fcd44aec/execute/sync - {"script":"<script> [56 bytes]","args":[{"element-6066-11e4-a52e-4f735466cecf":"f.7EA17D048601C53176965B9346C1EB3C.d.7F009BBB575131EA203BE3642A54669A.e.5629","ELEMENT":"f.7EA17D048601C53176965B9346C1EB3C.d.7F009BBB575131EA203BE3642A54669A.e.5629"}]}
RESULT: {"script":"<script> [56 bytes]","args":[{"element-6066-11e4-a52e-4f735466cecf":"f.7EA17D048601C53176965B9346C1EB3C.d.7F009BBB575131EA203BE3642A54669A.e.5629","ELEMENT":"f.7EA17D048601C53176965B9346C1EB3C.d.7F009BBB575131EA203BE3642A54669A.e.5629"}]}
COMMAND: POST /session/8d9404e4e9bea3f53a5c3520fcd44aec/element - {"using":"xpath","value":"//div[contains(@id, \"managepartners-display-component---masterPtm--smartFilterBar-btnBasicSearch-reset\")]"}
COMMAND: GET /session/8d9404e4e9bea3f53a5c3520fcd44aec/screenshot - {}
RESULT: {"using":"xpath","value":"//div[contains(@id, \"managepartners-display-component---masterPtm--smartFilterBar-btnBasicSearch-reset\")]"}
COMMAND: POST /session/8d9404e4e9bea3f53a5c3520fcd44aec/element/f.7EA17D048601C53176965B9346C1EB3C.d.7F009BBB575131EA203BE3642A54669A.e.5769/click - {}
RESULT: {}
RESULT: {}
COMMAND: GET /session/8d9404e4e9bea3f53a5c3520fcd44aec/screenshot - {}
RESULT: {}
COMMAND: POST /session/8d9404e4e9bea3f53a5c3520fcd44aec/execute/async - {"script":"<script> [1562 bytes]","args":[{"selector":{"id":"application-managepartners-display-component---masterPtm--smartFilterBar-filterItemControl_BASIC-MAIN_ADDRESS-vhi"},"wdio_ui5_key":"applicationmanagepartners-display-component---masterPtm--smartFilterBar-filterItemControl_BASIC-MAIN_ADDRESS-vhi"}]}
RESULT: {"script":"<script> [1562 bytes]","args":[{"selector":{"id":"application-managepartners-display-component---masterPtm--smartFilterBar-filterItemControl_BASIC-MAIN_ADDRESS-vhi"},"wdio_ui5_key":"applicationmanagepartners-display-component---masterPtm--smartFilterBar-filterItemControl_BASIC-MAIN_ADDRESS-vhi"}]}
RESULT: undefined
COMMAND: POST /session/8d9404e4e9bea3f53a5c3520fcd44aec/element - {"using":"xpath","value":"//*[@id=\"application-managepartners-display-component---masterPtm--smartFilterBar-filterItemControl_BASIC-MAIN_ADDRESS-vhi\"]"}
RESULT: {"using":"xpath","value":"//*[@id=\"application-managepartners-display-component---masterPtm--smartFilterBar-filterItemControl_BASIC-MAIN_ADDRESS-vhi\"]"}
COMMAND: POST /session/8d9404e4e9bea3f53a5c3520fcd44aec/element/f.7EA17D048601C53176965B9346C1EB3C.d.7F009BBB575131EA203BE3642A54669A.e.5845/click - {}
RESULT: {}
COMMAND: GET /session/8d9404e4e9bea3f53a5c3520fcd44aec/screenshot - {}
RESULT: {}
COMMAND: POST /session/8d9404e4e9bea3f53a5c3520fcd44aec/execute/async - {"script":"<script> [1562 bytes]","args":[{"selector":{"id":"application-managepartners-display-component---masterPtm--smartFilterBar-filterItemControl_BASIC-MAIN_ADDRESS-valueHelpDialog-smartFilterBar-btnBasicSearch","searchOpenDialogs":true,"interaction":{"idSuffix":"I"}},"wdio_ui5_key":"applicationmanagepartners-display-component---masterPtm--smartFilterBar-filterItemControl_BASIC-MAIN_ADDRESS-valueHelpDialog-smartFilterBar-btnBasicSearch"}]}
RESULT: {"script":"<script> [1562 bytes]","args":[{"selector":{"id":"application-managepartners-display-component---masterPtm--smartFilterBar-filterItemControl_BASIC-MAIN_ADDRESS-valueHelpDialog-smartFilterBar-btnBasicSearch","searchOpenDialogs":true,"interaction":{"idSuffix":"I"}},"wdio_ui5_key":"applicationmanagepartners-display-component---masterPtm--smartFilterBar-filterItemControl_BASIC-MAIN_ADDRESS-valueHelpDialog-smartFilterBar-btnBasicSearch"}]}
RESULT: undefined
COMMAND: POST /session/8d9404e4e9bea3f53a5c3520fcd44aec/execute/async - {"script":"<script> [776 bytes]","args":[{"enterText":"Romania","selector":{"id":"application-managepartners-display-component---masterPtm--smartFilterBar-filterItemControl_BASIC-MAIN_ADDRESS-valueHelpDialog-smartFilterBar-btnBasicSearch","searchOpenDialogs":true,"interaction":{"idSuffix":"I"}},"clearTextFirst":true,"interactionType":"ENTER_TEXT"}]}
RESULT: {"script":"<script> [776 bytes]","args":[{"enterText":"Romania","selector":{"id":"application-managepartners-display-component---masterPtm--smartFilterBar-filterItemControl_BASIC-MAIN_ADDRESS-valueHelpDialog-smartFilterBar-btnBasicSearch","searchOpenDialogs":true,"interaction":{"idSuffix":"I"}},"clearTextFirst":true,"interactionType":"ENTER_TEXT"}]}
COMMAND: POST /session/8d9404e4e9bea3f53a5c3520fcd44aec/actions - {"actions":[{"id":"action18","type":"key","parameters":{},"actions":[{"type":"keyDown","value":""},{"type":"pause","duration":10},{"type":"keyUp","value":""}]}]}
RESULT: {"actions":[{"id":"action18","type":"key","parameters":{},"actions":[{"type":"keyDown","value":""},{"type":"pause","duration":10},{"type":"keyUp","value":""}]}]}
COMMAND: POST /session/8d9404e4e9bea3f53a5c3520fcd44aec/elements - {"using":"xpath","value":"//table[contains(@id, \"smartFilterBar-filterItemControl_BASIC-MAIN_ADDRESS-valueHelpDialog-table-table\")]/tbody/tr"}
COMMAND: GET /session/8d9404e4e9bea3f53a5c3520fcd44aec/screenshot - {}
RESULT: {"using":"xpath","value":"//table[contains(@id, \"smartFilterBar-filterItemControl_BASIC-MAIN_ADDRESS-valueHelpDialog-table-table\")]/tbody/tr"}
COMMAND: POST /session/8d9404e4e9bea3f53a5c3520fcd44aec/element - {"using":"xpath","value":"//table[contains(@id, \"smartFilterBar-filterItemControl_BASIC-MAIN_ADDRESS-valueHelpDialog-table-table\")]/tbody/tr[1]/td[1]/div/span"}
RESULT: {}
RESULT: {"using":"xpath","value":"//table[contains(@id, \"smartFilterBar-filterItemControl_BASIC-MAIN_ADDRESS-valueHelpDialog-table-table\")]/tbody/tr[1]/td[1]/div/span"}
COMMAND: POST /session/8d9404e4e9bea3f53a5c3520fcd44aec/elements - {"using":"xpath","value":"//table[contains(@id, \"smartFilterBar-filterItemControl_BASIC-MAIN_ADDRESS-valueHelpDialog-table-table\")]/tbody/tr[1]/td[1]/div/span"}
RESULT: {"using":"xpath","value":"//table[contains(@id, \"smartFilterBar-filterItemControl_BASIC-MAIN_ADDRESS-valueHelpDialog-table-table\")]/tbody/tr[1]/td[1]/div/span"}
COMMAND: POST /session/8d9404e4e9bea3f53a5c3520fcd44aec/execute/sync - {"script":"<script> [56 bytes]","args":[{"element-6066-11e4-a52e-4f735466cecf":"f.7EA17D048601C53176965B9346C1EB3C.d.7F009BBB575131EA203BE3642A54669A.e.5866","ELEMENT":"f.7EA17D048601C53176965B9346C1EB3C.d.7F009BBB575131EA203BE3642A54669A.e.5866"}]}
RESULT: {"script":"<script> [56 bytes]","args":[{"element-6066-11e4-a52e-4f735466cecf":"f.7EA17D048601C53176965B9346C1EB3C.d.7F009BBB575131EA203BE3642A54669A.e.5866","ELEMENT":"f.7EA17D048601C53176965B9346C1EB3C.d.7F009BBB575131EA203BE3642A54669A.e.5866"}]}
COMMAND: POST /session/8d9404e4e9bea3f53a5c3520fcd44aec/element - {"using":"xpath","value":"//div[contains(@id, \"filterItemControl_BASIC-MAIN_ADDRESS-valueHelpDialog-table-rowsel0\")]"}
COMMAND: GET /session/8d9404e4e9bea3f53a5c3520fcd44aec/screenshot - {}
RESULT: {"using":"xpath","value":"//div[contains(@id, \"filterItemControl_BASIC-MAIN_ADDRESS-valueHelpDialog-table-rowsel0\")]"}
COMMAND: POST /session/8d9404e4e9bea3f53a5c3520fcd44aec/element/f.7EA17D048601C53176965B9346C1EB3C.d.7F009BBB575131EA203BE3642A54669A.e.5867/click - {}
RESULT: {}
RESULT: {}
COMMAND: GET /session/8d9404e4e9bea3f53a5c3520fcd44aec/screenshot - {}
RESULT: {}
COMMAND: POST /session/8d9404e4e9bea3f53a5c3520fcd44aec/element - {"using":"xpath","value":"(//bdi[contains(text(), \"OK\")])[1]"}
RESULT: {"using":"xpath","value":"(//bdi[contains(text(), \"OK\")])[1]"}
COMMAND: POST /session/8d9404e4e9bea3f53a5c3520fcd44aec/element/f.7EA17D048601C53176965B9346C1EB3C.d.7F009BBB575131EA203BE3642A54669A.e.5869/click - {}
RESULT: {}
COMMAND: GET /session/8d9404e4e9bea3f53a5c3520fcd44aec/screenshot - {}
RESULT: {}
COMMAND: POST /session/8d9404e4e9bea3f53a5c3520fcd44aec/element - {"using":"xpath","value":"//span[@id=\"application-managepartners-display-component---masterPtm--smartTable-header-inner\"]"}
RESULT: {"using":"xpath","value":"//span[@id=\"application-managepartners-display-component---masterPtm--smartTable-header-inner\"]"}
COMMAND: POST /session/8d9404e4e9bea3f53a5c3520fcd44aec/elements - {"using":"xpath","value":"//span[@id=\"application-managepartners-display-component---masterPtm--smartTable-header-inner\"]"}
RESULT: {"using":"xpath","value":"//span[@id=\"application-managepartners-display-component---masterPtm--smartTable-header-inner\"]"}
COMMAND: POST /session/8d9404e4e9bea3f53a5c3520fcd44aec/execute/sync - {"script":"<script> [56 bytes]","args":[{"element-6066-11e4-a52e-4f735466cecf":"f.7EA17D048601C53176965B9346C1EB3C.d.7F009BBB575131EA203BE3642A54669A.e.5629","ELEMENT":"f.7EA17D048601C53176965B9346C1EB3C.d.7F009BBB575131EA203BE3642A54669A.e.5629"}]}
RESULT: {"script":"<script> [56 bytes]","args":[{"element-6066-11e4-a52e-4f735466cecf":"f.7EA17D048601C53176965B9346C1EB3C.d.7F009BBB575131EA203BE3642A54669A.e.5629","ELEMENT":"f.7EA17D048601C53176965B9346C1EB3C.d.7F009BBB575131EA203BE3642A54669A.e.5629"}]}
COMMAND: POST /session/8d9404e4e9bea3f53a5c3520fcd44aec/element - {"using":"xpath","value":"//span[contains(@title, \"Remove\")]"}
COMMAND: GET /session/8d9404e4e9bea3f53a5c3520fcd44aec/screenshot - {}
RESULT: {"using":"xpath","value":"//span[contains(@title, \"Remove\")]"}
COMMAND: POST /session/8d9404e4e9bea3f53a5c3520fcd44aec/element/f.7EA17D048601C53176965B9346C1EB3C.d.7F009BBB575131EA203BE3642A54669A.e.5883/click - {}
RESULT: {}
RESULT: {}
COMMAND: GET /session/8d9404e4e9bea3f53a5c3520fcd44aec/screenshot - {}
RESULT: {}
COMMAND: POST /session/8d9404e4e9bea3f53a5c3520fcd44aec/element - {"using":"xpath","value":"//span[@id=\"application-managepartners-display-component---masterPtm--smartTable-header-inner\"]"}
RESULT: {"using":"xpath","value":"//span[@id=\"application-managepartners-display-component---masterPtm--smartTable-header-inner\"]"}
COMMAND: POST /session/8d9404e4e9bea3f53a5c3520fcd44aec/elements - {"using":"xpath","value":"//span[@id=\"application-managepartners-display-component---masterPtm--smartTable-header-inner\"]"}
RESULT: {"using":"xpath","value":"//span[@id=\"application-managepartners-display-component---masterPtm--smartTable-header-inner\"]"}
COMMAND: POST /session/8d9404e4e9bea3f53a5c3520fcd44aec/execute/sync - {"script":"<script> [56 bytes]","args":[{"element-6066-11e4-a52e-4f735466cecf":"f.7EA17D048601C53176965B9346C1EB3C.d.7F009BBB575131EA203BE3642A54669A.e.5629","ELEMENT":"f.7EA17D048601C53176965B9346C1EB3C.d.7F009BBB575131EA203BE3642A54669A.e.5629"}]}
RESULT: {"script":"<script> [56 bytes]","args":[{"element-6066-11e4-a52e-4f735466cecf":"f.7EA17D048601C53176965B9346C1EB3C.d.7F009BBB575131EA203BE3642A54669A.e.5629","ELEMENT":"f.7EA17D048601C53176965B9346C1EB3C.d.7F009BBB575131EA203BE3642A54669A.e.5629"}]}
COMMAND: POST /session/8d9404e4e9bea3f53a5c3520fcd44aec/execute/async - {"script":"<script> [1562 bytes]","args":[{"selector":{"id":"application-managepartners-display-component---masterPtm--smartFilterBar-filterItemControl_BASIC-YARD-vhi"},"wdio_ui5_key":"applicationmanagepartners-display-component---masterPtm--smartFilterBar-filterItemControl_BASIC-YARD-vhi"}]}
COMMAND: GET /session/8d9404e4e9bea3f53a5c3520fcd44aec/screenshot - {}
RESULT: {"script":"<script> [1562 bytes]","args":[{"selector":{"id":"application-managepartners-display-component---masterPtm--smartFilterBar-filterItemControl_BASIC-YARD-vhi"},"wdio_ui5_key":"applicationmanagepartners-display-component---masterPtm--smartFilterBar-filterItemControl_BASIC-YARD-vhi"}]}
RESULT: undefined
COMMAND: POST /session/8d9404e4e9bea3f53a5c3520fcd44aec/element - {"using":"xpath","value":"//*[@id=\"application-managepartners-display-component---masterPtm--smartFilterBar-filterItemControl_BASIC-YARD-vhi\"]"}
RESULT: {}
RESULT: {"using":"xpath","value":"//*[@id=\"application-managepartners-display-component---masterPtm--smartFilterBar-filterItemControl_BASIC-YARD-vhi\"]"}
COMMAND: POST /session/8d9404e4e9bea3f53a5c3520fcd44aec/element/f.7EA17D048601C53176965B9346C1EB3C.d.7F009BBB575131EA203BE3642A54669A.e.5972/click - {}
RESULT: {}
COMMAND: GET /session/8d9404e4e9bea3f53a5c3520fcd44aec/screenshot - {}
RESULT: {}
COMMAND: POST /session/8d9404e4e9bea3f53a5c3520fcd44aec/execute/async - {"script":"<script> [1562 bytes]","args":[{"selector":{"id":"application-managepartners-display-component---masterPtm--smartFilterBar-filterItemControl_BASIC-YARD-valueHelpDialog-smartFilterBar-btnBasicSearch","searchOpenDialogs":true,"interaction":{"idSuffix":"I"}},"wdio_ui5_key":"applicationmanagepartners-display-component---masterPtm--smartFilterBar-filterItemControl_BASIC-YARD-valueHelpDialog-smartFilterBar-btnBasicSearch"}]}
RESULT: {"script":"<script> [1562 bytes]","args":[{"selector":{"id":"application-managepartners-display-component---masterPtm--smartFilterBar-filterItemControl_BASIC-YARD-valueHelpDialog-smartFilterBar-btnBasicSearch","searchOpenDialogs":true,"interaction":{"idSuffix":"I"}},"wdio_ui5_key":"applicationmanagepartners-display-component---masterPtm--smartFilterBar-filterItemControl_BASIC-YARD-valueHelpDialog-smartFilterBar-btnBasicSearch"}]}
RESULT: undefined
COMMAND: POST /session/8d9404e4e9bea3f53a5c3520fcd44aec/execute/async - {"script":"<script> [776 bytes]","args":[{"enterText":"Test","selector":{"id":"application-managepartners-display-component---masterPtm--smartFilterBar-filterItemControl_BASIC-YARD-valueHelpDialog-smartFilterBar-btnBasicSearch","searchOpenDialogs":true,"interaction":{"idSuffix":"I"}},"clearTextFirst":true,"interactionType":"ENTER_TEXT"}]}
RESULT: {"script":"<script> [776 bytes]","args":[{"enterText":"Test","selector":{"id":"application-managepartners-display-component---masterPtm--smartFilterBar-filterItemControl_BASIC-YARD-valueHelpDialog-smartFilterBar-btnBasicSearch","searchOpenDialogs":true,"interaction":{"idSuffix":"I"}},"clearTextFirst":true,"interactionType":"ENTER_TEXT"}]}
COMMAND: POST /session/8d9404e4e9bea3f53a5c3520fcd44aec/actions - {"actions":[{"id":"action19","type":"key","parameters":{},"actions":[{"type":"keyDown","value":""},{"type":"pause","duration":10},{"type":"keyUp","value":""}]}]}
RESULT: {"actions":[{"id":"action19","type":"key","parameters":{},"actions":[{"type":"keyDown","value":""},{"type":"pause","duration":10},{"type":"keyUp","value":""}]}]}
COMMAND: POST /session/8d9404e4e9bea3f53a5c3520fcd44aec/elements - {"using":"xpath","value":"//table[contains(@id, \"smartFilterBar-filterItemControl_BASIC-YARD-valueHelpDialog-table-table\")]/tbody/tr"}
COMMAND: GET /session/8d9404e4e9bea3f53a5c3520fcd44aec/screenshot - {}
RESULT: {"using":"xpath","value":"//table[contains(@id, \"smartFilterBar-filterItemControl_BASIC-YARD-valueHelpDialog-table-table\")]/tbody/tr"}
COMMAND: POST /session/8d9404e4e9bea3f53a5c3520fcd44aec/element - {"using":"xpath","value":"//table[contains(@id, \"smartFilterBar-filterItemControl_BASIC-YARD-valueHelpDialog-table-table\")]/tbody/tr[1]/td[1]/div/span"}
RESULT: {}
RESULT: {"using":"xpath","value":"//table[contains(@id, \"smartFilterBar-filterItemControl_BASIC-YARD-valueHelpDialog-table-table\")]/tbody/tr[1]/td[1]/div/span"}
COMMAND: POST /session/8d9404e4e9bea3f53a5c3520fcd44aec/elements - {"using":"xpath","value":"//table[contains(@id, \"smartFilterBar-filterItemControl_BASIC-YARD-valueHelpDialog-table-table\")]/tbody/tr[1]/td[1]/div/span"}
RESULT: {"using":"xpath","value":"//table[contains(@id, \"smartFilterBar-filterItemControl_BASIC-YARD-valueHelpDialog-table-table\")]/tbody/tr[1]/td[1]/div/span"}
COMMAND: POST /session/8d9404e4e9bea3f53a5c3520fcd44aec/execute/sync - {"script":"<script> [56 bytes]","args":[{"element-6066-11e4-a52e-4f735466cecf":"f.7EA17D048601C53176965B9346C1EB3C.d.7F009BBB575131EA203BE3642A54669A.e.5993","ELEMENT":"f.7EA17D048601C53176965B9346C1EB3C.d.7F009BBB575131EA203BE3642A54669A.e.5993"}]}
RESULT: {"script":"<script> [56 bytes]","args":[{"element-6066-11e4-a52e-4f735466cecf":"f.7EA17D048601C53176965B9346C1EB3C.d.7F009BBB575131EA203BE3642A54669A.e.5993","ELEMENT":"f.7EA17D048601C53176965B9346C1EB3C.d.7F009BBB575131EA203BE3642A54669A.e.5993"}]}
COMMAND: POST /session/8d9404e4e9bea3f53a5c3520fcd44aec/element - {"using":"xpath","value":"//table[contains(@id, \"smartFilterBar-filterItemControl_BASIC-YARD-valueHelpDialog-table-table\")]/tbody/tr[2]/td[1]/div/span"}
COMMAND: GET /session/8d9404e4e9bea3f53a5c3520fcd44aec/screenshot - {}
RESULT: {"using":"xpath","value":"//table[contains(@id, \"smartFilterBar-filterItemControl_BASIC-YARD-valueHelpDialog-table-table\")]/tbody/tr[2]/td[1]/div/span"}
COMMAND: POST /session/8d9404e4e9bea3f53a5c3520fcd44aec/elements - {"using":"xpath","value":"//table[contains(@id, \"smartFilterBar-filterItemControl_BASIC-YARD-valueHelpDialog-table-table\")]/tbody/tr[2]/td[1]/div/span"}
RESULT: {}
RESULT: {"using":"xpath","value":"//table[contains(@id, \"smartFilterBar-filterItemControl_BASIC-YARD-valueHelpDialog-table-table\")]/tbody/tr[2]/td[1]/div/span"}
COMMAND: POST /session/8d9404e4e9bea3f53a5c3520fcd44aec/execute/sync - {"script":"<script> [56 bytes]","args":[{"element-6066-11e4-a52e-4f735466cecf":"f.7EA17D048601C53176965B9346C1EB3C.d.7F009BBB575131EA203BE3642A54669A.e.5994","ELEMENT":"f.7EA17D048601C53176965B9346C1EB3C.d.7F009BBB575131EA203BE3642A54669A.e.5994"}]}
RESULT: {"script":"<script> [56 bytes]","args":[{"element-6066-11e4-a52e-4f735466cecf":"f.7EA17D048601C53176965B9346C1EB3C.d.7F009BBB575131EA203BE3642A54669A.e.5994","ELEMENT":"f.7EA17D048601C53176965B9346C1EB3C.d.7F009BBB575131EA203BE3642A54669A.e.5994"}]}
COMMAND: POST /session/8d9404e4e9bea3f53a5c3520fcd44aec/element - {"using":"xpath","value":"//table[contains(@id, \"smartFilterBar-filterItemControl_BASIC-YARD-valueHelpDialog-table-table\")]/tbody/tr[3]/td[1]/div/span"}
COMMAND: GET /session/8d9404e4e9bea3f53a5c3520fcd44aec/screenshot - {}
RESULT: {"using":"xpath","value":"//table[contains(@id, \"smartFilterBar-filterItemControl_BASIC-YARD-valueHelpDialog-table-table\")]/tbody/tr[3]/td[1]/div/span"}
COMMAND: POST /session/8d9404e4e9bea3f53a5c3520fcd44aec/elements - {"using":"xpath","value":"//table[contains(@id, \"smartFilterBar-filterItemControl_BASIC-YARD-valueHelpDialog-table-table\")]/tbody/tr[3]/td[1]/div/span"}
RESULT: {}
RESULT: {"using":"xpath","value":"//table[contains(@id, \"smartFilterBar-filterItemControl_BASIC-YARD-valueHelpDialog-table-table\")]/tbody/tr[3]/td[1]/div/span"}
COMMAND: POST /session/8d9404e4e9bea3f53a5c3520fcd44aec/execute/sync - {"script":"<script> [56 bytes]","args":[{"element-6066-11e4-a52e-4f735466cecf":"f.7EA17D048601C53176965B9346C1EB3C.d.7F009BBB575131EA203BE3642A54669A.e.5995","ELEMENT":"f.7EA17D048601C53176965B9346C1EB3C.d.7F009BBB575131EA203BE3642A54669A.e.5995"}]}
RESULT: {"script":"<script> [56 bytes]","args":[{"element-6066-11e4-a52e-4f735466cecf":"f.7EA17D048601C53176965B9346C1EB3C.d.7F009BBB575131EA203BE3642A54669A.e.5995","ELEMENT":"f.7EA17D048601C53176965B9346C1EB3C.d.7F009BBB575131EA203BE3642A54669A.e.5995"}]}
COMMAND: POST /session/8d9404e4e9bea3f53a5c3520fcd44aec/element - {"using":"xpath","value":"//div[contains(@id, \"filterItemControl_BASIC-YARD-valueHelpDialog-table-rowsel2\")]"}
COMMAND: GET /session/8d9404e4e9bea3f53a5c3520fcd44aec/screenshot - {}
RESULT: {"using":"xpath","value":"//div[contains(@id, \"filterItemControl_BASIC-YARD-valueHelpDialog-table-rowsel2\")]"}
COMMAND: POST /session/8d9404e4e9bea3f53a5c3520fcd44aec/element/f.7EA17D048601C53176965B9346C1EB3C.d.7F009BBB575131EA203BE3642A54669A.e.5996/click - {}
RESULT: {}
RESULT: {}
COMMAND: GET /session/8d9404e4e9bea3f53a5c3520fcd44aec/screenshot - {}
RESULT: {}
COMMAND: POST /session/8d9404e4e9bea3f53a5c3520fcd44aec/element - {"using":"xpath","value":"(//bdi[contains(text(), \"OK\")])[1]"}
RESULT: {"using":"xpath","value":"(//bdi[contains(text(), \"OK\")])[1]"}
COMMAND: POST /session/8d9404e4e9bea3f53a5c3520fcd44aec/element/f.7EA17D048601C53176965B9346C1EB3C.d.7F009BBB575131EA203BE3642A54669A.e.5998/click - {}
RESULT: {}
COMMAND: GET /session/8d9404e4e9bea3f53a5c3520fcd44aec/screenshot - {}
RESULT: {}
COMMAND: POST /session/8d9404e4e9bea3f53a5c3520fcd44aec/element - {"using":"xpath","value":"//span[@id=\"application-managepartners-display-component---masterPtm--smartTable-header-inner\"]"}
RESULT: {"using":"xpath","value":"//span[@id=\"application-managepartners-display-component---masterPtm--smartTable-header-inner\"]"}
COMMAND: POST /session/8d9404e4e9bea3f53a5c3520fcd44aec/elements - {"using":"xpath","value":"//span[@id=\"application-managepartners-display-component---masterPtm--smartTable-header-inner\"]"}
RESULT: {"using":"xpath","value":"//span[@id=\"application-managepartners-display-component---masterPtm--smartTable-header-inner\"]"}
COMMAND: POST /session/8d9404e4e9bea3f53a5c3520fcd44aec/execute/sync - {"script":"<script> [56 bytes]","args":[{"element-6066-11e4-a52e-4f735466cecf":"f.7EA17D048601C53176965B9346C1EB3C.d.7F009BBB575131EA203BE3642A54669A.e.5629","ELEMENT":"f.7EA17D048601C53176965B9346C1EB3C.d.7F009BBB575131EA203BE3642A54669A.e.5629"}]}
RESULT: {"script":"<script> [56 bytes]","args":[{"element-6066-11e4-a52e-4f735466cecf":"f.7EA17D048601C53176965B9346C1EB3C.d.7F009BBB575131EA203BE3642A54669A.e.5629","ELEMENT":"f.7EA17D048601C53176965B9346C1EB3C.d.7F009BBB575131EA203BE3642A54669A.e.5629"}]}
COMMAND: POST /session/8d9404e4e9bea3f53a5c3520fcd44aec/element - {"using":"xpath","value":"//span[contains(@title, \"Remove\")]"}
COMMAND: GET /session/8d9404e4e9bea3f53a5c3520fcd44aec/screenshot - {}
RESULT: {"using":"xpath","value":"//span[contains(@title, \"Remove\")]"}
COMMAND: POST /session/8d9404e4e9bea3f53a5c3520fcd44aec/element/f.7EA17D048601C53176965B9346C1EB3C.d.7F009BBB575131EA203BE3642A54669A.e.6012/click - {}
RESULT: {}
RESULT: {}
COMMAND: GET /session/8d9404e4e9bea3f53a5c3520fcd44aec/screenshot - {}
RESULT: {}
COMMAND: POST /session/8d9404e4e9bea3f53a5c3520fcd44aec/element - {"using":"xpath","value":"//span[@id=\"application-managepartners-display-component---masterPtm--smartTable-header-inner\"]"}
RESULT: {"using":"xpath","value":"//span[@id=\"application-managepartners-display-component---masterPtm--smartTable-header-inner\"]"}
COMMAND: POST /session/8d9404e4e9bea3f53a5c3520fcd44aec/elements - {"using":"xpath","value":"//span[@id=\"application-managepartners-display-component---masterPtm--smartTable-header-inner\"]"}
RESULT: {"using":"xpath","value":"//span[@id=\"application-managepartners-display-component---masterPtm--smartTable-header-inner\"]"}
COMMAND: POST /session/8d9404e4e9bea3f53a5c3520fcd44aec/execute/sync - {"script":"<script> [56 bytes]","args":[{"element-6066-11e4-a52e-4f735466cecf":"f.7EA17D048601C53176965B9346C1EB3C.d.7F009BBB575131EA203BE3642A54669A.e.5629","ELEMENT":"f.7EA17D048601C53176965B9346C1EB3C.d.7F009BBB575131EA203BE3642A54669A.e.5629"}]}
RESULT: {"script":"<script> [56 bytes]","args":[{"element-6066-11e4-a52e-4f735466cecf":"f.7EA17D048601C53176965B9346C1EB3C.d.7F009BBB575131EA203BE3642A54669A.e.5629","ELEMENT":"f.7EA17D048601C53176965B9346C1EB3C.d.7F009BBB575131EA203BE3642A54669A.e.5629"}]}
COMMAND: POST /session/8d9404e4e9bea3f53a5c3520fcd44aec/execute/async - {"script":"<script> [1562 bytes]","args":[{"selector":{"id":"application-managepartners-display-component---masterPtm--smartFilterBar-filterItemControl_BASIC-ALL_TAGS-vhi"},"wdio_ui5_key":"applicationmanagepartners-display-component---masterPtm--smartFilterBar-filterItemControl_BASIC-ALL_TAGS-vhi"}]}
COMMAND: GET /session/8d9404e4e9bea3f53a5c3520fcd44aec/screenshot - {}
RESULT: {"script":"<script> [1562 bytes]","args":[{"selector":{"id":"application-managepartners-display-component---masterPtm--smartFilterBar-filterItemControl_BASIC-ALL_TAGS-vhi"},"wdio_ui5_key":"applicationmanagepartners-display-component---masterPtm--smartFilterBar-filterItemControl_BASIC-ALL_TAGS-vhi"}]}
RESULT: undefined
COMMAND: POST /session/8d9404e4e9bea3f53a5c3520fcd44aec/element - {"using":"xpath","value":"//*[@id=\"application-managepartners-display-component---masterPtm--smartFilterBar-filterItemControl_BASIC-ALL_TAGS-vhi\"]"}
RESULT: {}
RESULT: {"using":"xpath","value":"//*[@id=\"application-managepartners-display-component---masterPtm--smartFilterBar-filterItemControl_BASIC-ALL_TAGS-vhi\"]"}
COMMAND: POST /session/8d9404e4e9bea3f53a5c3520fcd44aec/element/f.7EA17D048601C53176965B9346C1EB3C.d.7F009BBB575131EA203BE3642A54669A.e.6104/click - {}
RESULT: {}
COMMAND: GET /session/8d9404e4e9bea3f53a5c3520fcd44aec/screenshot - {}
RESULT: {}
COMMAND: POST /session/8d9404e4e9bea3f53a5c3520fcd44aec/execute/async - {"script":"<script> [1562 bytes]","args":[{"selector":{"id":"application-managepartners-display-component---masterPtm--smartFilterBar-filterItemControl_BASIC-ALL_TAGS-valueHelpDialog-smartFilterBar-btnBasicSearch","searchOpenDialogs":true,"interaction":{"idSuffix":"I"}},"wdio_ui5_key":"applicationmanagepartners-display-component---masterPtm--smartFilterBar-filterItemControl_BASIC-ALL_TAGS-valueHelpDialog-smartFilterBar-btnBasicSearch"}]}
RESULT: {"script":"<script> [1562 bytes]","args":[{"selector":{"id":"application-managepartners-display-component---masterPtm--smartFilterBar-filterItemControl_BASIC-ALL_TAGS-valueHelpDialog-smartFilterBar-btnBasicSearch","searchOpenDialogs":true,"interaction":{"idSuffix":"I"}},"wdio_ui5_key":"applicationmanagepartners-display-component---masterPtm--smartFilterBar-filterItemControl_BASIC-ALL_TAGS-valueHelpDialog-smartFilterBar-btnBasicSearch"}]}
RESULT: undefined
COMMAND: POST /session/8d9404e4e9bea3f53a5c3520fcd44aec/execute/async - {"script":"<script> [776 bytes]","args":[{"enterText":"test-tag-1","selector":{"id":"application-managepartners-display-component---masterPtm--smartFilterBar-filterItemControl_BASIC-ALL_TAGS-valueHelpDialog-smartFilterBar-btnBasicSearch","searchOpenDialogs":true,"interaction":{"idSuffix":"I"}},"clearTextFirst":true,"interactionType":"ENTER_TEXT"}]}
RESULT: {"script":"<script> [776 bytes]","args":[{"enterText":"test-tag-1","selector":{"id":"application-managepartners-display-component---masterPtm--smartFilterBar-filterItemControl_BASIC-ALL_TAGS-valueHelpDialog-smartFilterBar-btnBasicSearch","searchOpenDialogs":true,"interaction":{"idSuffix":"I"}},"clearTextFirst":true,"interactionType":"ENTER_TEXT"}]}
COMMAND: POST /session/8d9404e4e9bea3f53a5c3520fcd44aec/actions - {"actions":[{"id":"action20","type":"key","parameters":{},"actions":[{"type":"keyDown","value":""},{"type":"pause","duration":10},{"type":"keyUp","value":""}]}]}
RESULT: {"actions":[{"id":"action20","type":"key","parameters":{},"actions":[{"type":"keyDown","value":""},{"type":"pause","duration":10},{"type":"keyUp","value":""}]}]}
COMMAND: POST /session/8d9404e4e9bea3f53a5c3520fcd44aec/elements - {"using":"xpath","value":"//table[contains(@id, \"smartFilterBar-filterItemControl_BASIC-ALL_TAGS-valueHelpDialog-table-table\")]/tbody/tr"}
COMMAND: GET /session/8d9404e4e9bea3f53a5c3520fcd44aec/screenshot - {}
RESULT: {"using":"xpath","value":"//table[contains(@id, \"smartFilterBar-filterItemControl_BASIC-ALL_TAGS-valueHelpDialog-table-table\")]/tbody/tr"}
COMMAND: POST /session/8d9404e4e9bea3f53a5c3520fcd44aec/element - {"using":"xpath","value":"//table[contains(@id, \"smartFilterBar-filterItemControl_BASIC-ALL_TAGS-valueHelpDialog-table-table\")]/tbody/tr[1]/td[1]/div/span"}
RESULT: {}
RESULT: {"using":"xpath","value":"//table[contains(@id, \"smartFilterBar-filterItemControl_BASIC-ALL_TAGS-valueHelpDialog-table-table\")]/tbody/tr[1]/td[1]/div/span"}
COMMAND: POST /session/8d9404e4e9bea3f53a5c3520fcd44aec/elements - {"using":"xpath","value":"//table[contains(@id, \"smartFilterBar-filterItemControl_BASIC-ALL_TAGS-valueHelpDialog-table-table\")]/tbody/tr[1]/td[1]/div/span"}
RESULT: {"using":"xpath","value":"//table[contains(@id, \"smartFilterBar-filterItemControl_BASIC-ALL_TAGS-valueHelpDialog-table-table\")]/tbody/tr[1]/td[1]/div/span"}
COMMAND: POST /session/8d9404e4e9bea3f53a5c3520fcd44aec/execute/sync - {"script":"<script> [56 bytes]","args":[{"element-6066-11e4-a52e-4f735466cecf":"f.7EA17D048601C53176965B9346C1EB3C.d.7F009BBB575131EA203BE3642A54669A.e.6124","ELEMENT":"f.7EA17D048601C53176965B9346C1EB3C.d.7F009BBB575131EA203BE3642A54669A.e.6124"}]}
RESULT: {"script":"<script> [56 bytes]","args":[{"element-6066-11e4-a52e-4f735466cecf":"f.7EA17D048601C53176965B9346C1EB3C.d.7F009BBB575131EA203BE3642A54669A.e.6124","ELEMENT":"f.7EA17D048601C53176965B9346C1EB3C.d.7F009BBB575131EA203BE3642A54669A.e.6124"}]}
COMMAND: POST /session/8d9404e4e9bea3f53a5c3520fcd44aec/element - {"using":"xpath","value":"//div[contains(@id, \"filterItemControl_BASIC-ALL_TAGS-valueHelpDialog-table-rowsel0\")]"}
COMMAND: GET /session/8d9404e4e9bea3f53a5c3520fcd44aec/screenshot - {}
RESULT: {"using":"xpath","value":"//div[contains(@id, \"filterItemControl_BASIC-ALL_TAGS-valueHelpDialog-table-rowsel0\")]"}
COMMAND: POST /session/8d9404e4e9bea3f53a5c3520fcd44aec/element/f.7EA17D048601C53176965B9346C1EB3C.d.7F009BBB575131EA203BE3642A54669A.e.6125/click - {}
RESULT: {}
RESULT: {}
COMMAND: GET /session/8d9404e4e9bea3f53a5c3520fcd44aec/screenshot - {}
RESULT: {}
COMMAND: POST /session/8d9404e4e9bea3f53a5c3520fcd44aec/element - {"using":"xpath","value":"(//bdi[contains(text(), \"OK\")])[1]"}
RESULT: {"using":"xpath","value":"(//bdi[contains(text(), \"OK\")])[1]"}
COMMAND: POST /session/8d9404e4e9bea3f53a5c3520fcd44aec/element/f.7EA17D048601C53176965B9346C1EB3C.d.7F009BBB575131EA203BE3642A54669A.e.6127/click - {}
RESULT: {}
COMMAND: GET /session/8d9404e4e9bea3f53a5c3520fcd44aec/screenshot - {}
RESULT: {}
COMMAND: POST /session/8d9404e4e9bea3f53a5c3520fcd44aec/element - {"using":"xpath","value":"//span[@id=\"application-managepartners-display-component---masterPtm--smartTable-header-inner\"]"}
RESULT: {"using":"xpath","value":"//span[@id=\"application-managepartners-display-component---masterPtm--smartTable-header-inner\"]"}
COMMAND: POST /session/8d9404e4e9bea3f53a5c3520fcd44aec/elements - {"using":"xpath","value":"//span[@id=\"application-managepartners-display-component---masterPtm--smartTable-header-inner\"]"}
RESULT: {"using":"xpath","value":"//span[@id=\"application-managepartners-display-component---masterPtm--smartTable-header-inner\"]"}
COMMAND: POST /session/8d9404e4e9bea3f53a5c3520fcd44aec/execute/sync - {"script":"<script> [56 bytes]","args":[{"element-6066-11e4-a52e-4f735466cecf":"f.7EA17D048601C53176965B9346C1EB3C.d.7F009BBB575131EA203BE3642A54669A.e.5629","ELEMENT":"f.7EA17D048601C53176965B9346C1EB3C.d.7F009BBB575131EA203BE3642A54669A.e.5629"}]}
RESULT: {"script":"<script> [56 bytes]","args":[{"element-6066-11e4-a52e-4f735466cecf":"f.7EA17D048601C53176965B9346C1EB3C.d.7F009BBB575131EA203BE3642A54669A.e.5629","ELEMENT":"f.7EA17D048601C53176965B9346C1EB3C.d.7F009BBB575131EA203BE3642A54669A.e.5629"}]}
COMMAND: POST /session/8d9404e4e9bea3f53a5c3520fcd44aec/element - {"using":"xpath","value":"//span[contains(@title, \"Remove\")]"}
COMMAND: GET /session/8d9404e4e9bea3f53a5c3520fcd44aec/screenshot - {}
RESULT: {"using":"xpath","value":"//span[contains(@title, \"Remove\")]"}
COMMAND: POST /session/8d9404e4e9bea3f53a5c3520fcd44aec/element/f.7EA17D048601C53176965B9346C1EB3C.d.7F009BBB575131EA203BE3642A54669A.e.6150/click - {}
RESULT: {}
RESULT: {}
COMMAND: GET /session/8d9404e4e9bea3f53a5c3520fcd44aec/screenshot - {}
RESULT: {}
COMMAND: POST /session/8d9404e4e9bea3f53a5c3520fcd44aec/execute/async - {"script":"<script> [1562 bytes]","args":[{"selector":{"id":"application-managepartners-display-component---masterPtm--partnerTypes-arrow"},"wdio_ui5_key":"applicationmanagepartners-display-component---masterPtm--partnerTypes-arrow"}]}
RESULT: {"script":"<script> [1562 bytes]","args":[{"selector":{"id":"application-managepartners-display-component---masterPtm--partnerTypes-arrow"},"wdio_ui5_key":"applicationmanagepartners-display-component---masterPtm--partnerTypes-arrow"}]}
RESULT: undefined
COMMAND: POST /session/8d9404e4e9bea3f53a5c3520fcd44aec/element - {"using":"xpath","value":"//*[@id=\"application-managepartners-display-component---masterPtm--partnerTypes-arrow\"]"}
RESULT: {"using":"xpath","value":"//*[@id=\"application-managepartners-display-component---masterPtm--partnerTypes-arrow\"]"}
COMMAND: POST /session/8d9404e4e9bea3f53a5c3520fcd44aec/element/f.7EA17D048601C53176965B9346C1EB3C.d.7F009BBB575131EA203BE3642A54669A.e.6238/click - {}
RESULT: {}
COMMAND: GET /session/8d9404e4e9bea3f53a5c3520fcd44aec/screenshot - {}
RESULT: {}
COMMAND: POST /session/8d9404e4e9bea3f53a5c3520fcd44aec/element - {"using":"xpath","value":"//li[.//span[text()=\"External partner\"]]//div[contains(@class,\"sapMCbBg\")]"}
RESULT: {"using":"xpath","value":"//li[.//span[text()=\"External partner\"]]//div[contains(@class,\"sapMCbBg\")]"}
COMMAND: POST /session/8d9404e4e9bea3f53a5c3520fcd44aec/element/f.7EA17D048601C53176965B9346C1EB3C.d.7F009BBB575131EA203BE3642A54669A.e.6241/click - {}
RESULT: {}
COMMAND: GET /session/8d9404e4e9bea3f53a5c3520fcd44aec/screenshot - {}
RESULT: {}
COMMAND: POST /session/8d9404e4e9bea3f53a5c3520fcd44aec/element - {"using":"xpath","value":"//div[contains(@id,\"application-managepartners-display-component---masterPtm--smartFilterBar-btnBasicSearch-search\")]"}
RESULT: {"using":"xpath","value":"//div[contains(@id,\"application-managepartners-display-component---masterPtm--smartFilterBar-btnBasicSearch-search\")]"}
COMMAND: POST /session/8d9404e4e9bea3f53a5c3520fcd44aec/element/f.7EA17D048601C53176965B9346C1EB3C.d.7F009BBB575131EA203BE3642A54669A.e.6283/click - {}
RESULT: {}
COMMAND: GET /session/8d9404e4e9bea3f53a5c3520fcd44aec/screenshot - {}
RESULT: {}
COMMAND: POST /session/8d9404e4e9bea3f53a5c3520fcd44aec/element - {"using":"xpath","value":"//span[@id=\"application-managepartners-display-component---masterPtm--smartTable-header-inner\"]"}
RESULT: {"using":"xpath","value":"//span[@id=\"application-managepartners-display-component---masterPtm--smartTable-header-inner\"]"}
COMMAND: POST /session/8d9404e4e9bea3f53a5c3520fcd44aec/elements - {"using":"xpath","value":"//span[@id=\"application-managepartners-display-component---masterPtm--smartTable-header-inner\"]"}
RESULT: {"using":"xpath","value":"//span[@id=\"application-managepartners-display-component---masterPtm--smartTable-header-inner\"]"}
COMMAND: POST /session/8d9404e4e9bea3f53a5c3520fcd44aec/execute/sync - {"script":"<script> [56 bytes]","args":[{"element-6066-11e4-a52e-4f735466cecf":"f.7EA17D048601C53176965B9346C1EB3C.d.7F009BBB575131EA203BE3642A54669A.e.5629","ELEMENT":"f.7EA17D048601C53176965B9346C1EB3C.d.7F009BBB575131EA203BE3642A54669A.e.5629"}]}
RESULT: {"script":"<script> [56 bytes]","args":[{"element-6066-11e4-a52e-4f735466cecf":"f.7EA17D048601C53176965B9346C1EB3C.d.7F009BBB575131EA203BE3642A54669A.e.5629","ELEMENT":"f.7EA17D048601C53176965B9346C1EB3C.d.7F009BBB575131EA203BE3642A54669A.e.5629"}]}
COMMAND: POST /session/8d9404e4e9bea3f53a5c3520fcd44aec/element - {"using":"xpath","value":"//span[contains(@title, \"Remove\")]"}
COMMAND: GET /session/8d9404e4e9bea3f53a5c3520fcd44aec/screenshot - {}
RESULT: {"using":"xpath","value":"//span[contains(@title, \"Remove\")]"}
COMMAND: POST /session/8d9404e4e9bea3f53a5c3520fcd44aec/element/f.7EA17D048601C53176965B9346C1EB3C.d.7F009BBB575131EA203BE3642A54669A.e.6287/click - {}
RESULT: {}
RESULT: {}
COMMAND: GET /session/8d9404e4e9bea3f53a5c3520fcd44aec/screenshot - {}
RESULT: {}
COMMAND: POST /session/8d9404e4e9bea3f53a5c3520fcd44aec/execute/async - {"script":"<script> [1562 bytes]","args":[{"selector":{"id":"application-managepartners-display-component---masterPtm--smartFilterBar-btnFilters","interaction":{"idSuffix":"BDI-content"}},"wdio_ui5_key":"applicationmanagepartners-display-component---masterPtm--smartFilterBar-btnFilters"}]}
RESULT: {"script":"<script> [1562 bytes]","args":[{"selector":{"id":"application-managepartners-display-component---masterPtm--smartFilterBar-btnFilters","interaction":{"idSuffix":"BDI-content"}},"wdio_ui5_key":"applicationmanagepartners-display-component---masterPtm--smartFilterBar-btnFilters"}]}
RESULT: undefined
COMMAND: POST /session/8d9404e4e9bea3f53a5c3520fcd44aec/element - {"using":"xpath","value":"//*[@id=\"application-managepartners-display-component---masterPtm--smartFilterBar-btnFilters\"]"}
RESULT: {"using":"xpath","value":"//*[@id=\"application-managepartners-display-component---masterPtm--smartFilterBar-btnFilters\"]"}
COMMAND: POST /session/8d9404e4e9bea3f53a5c3520fcd44aec/element/f.7EA17D048601C53176965B9346C1EB3C.d.7F009BBB575131EA203BE3642A54669A.e.5494/click - {}
RESULT: {}
COMMAND: GET /session/8d9404e4e9bea3f53a5c3520fcd44aec/screenshot - {}
RESULT: {}
COMMAND: POST /session/8d9404e4e9bea3f53a5c3520fcd44aec/elements - {"using":"xpath","value":"//table[contains(@id, \"listView-innerSelectionPanelTable-listUl\")]/tbody/tr"}
RESULT: {"using":"xpath","value":"//table[contains(@id, \"listView-innerSelectionPanelTable-listUl\")]/tbody/tr"}
COMMAND: POST /session/8d9404e4e9bea3f53a5c3520fcd44aec/element - {"using":"xpath","value":"//table[contains(@id, \"listView-innerSelectionPanelTable-listUl\")]/tbody/tr[2]/td[2]/div/div"}
RESULT: {"using":"xpath","value":"//table[contains(@id, \"listView-innerSelectionPanelTable-listUl\")]/tbody/tr[2]/td[2]/div/div"}
COMMAND: POST /session/8d9404e4e9bea3f53a5c3520fcd44aec/element - {"using":"xpath","value":"//table[contains(@id, \"listView-innerSelectionPanelTable-listUl\")]/tbody/tr[2]/td[2]/div"}
RESULT: {"using":"xpath","value":"//table[contains(@id, \"listView-innerSelectionPanelTable-listUl\")]/tbody/tr[2]/td[2]/div"}
COMMAND: POST /session/8d9404e4e9bea3f53a5c3520fcd44aec/element - {"using":"xpath","value":"//table[contains(@id, \"listView-innerSelectionPanelTable-listUl\")]/tbody/tr[2]/td[3]/div/div/span/span[1]/bdi"}
RESULT: {"using":"xpath","value":"//table[contains(@id, \"listView-innerSelectionPanelTable-listUl\")]/tbody/tr[2]/td[3]/div/div/span/span[1]/bdi"}
COMMAND: POST /session/8d9404e4e9bea3f53a5c3520fcd44aec/execute/sync - {"script":"<script> [56 bytes]","args":[{"element-6066-11e4-a52e-4f735466cecf":"f.7EA17D048601C53176965B9346C1EB3C.d.7F009BBB575131EA203BE3642A54669A.e.6389","ELEMENT":"f.7EA17D048601C53176965B9346C1EB3C.d.7F009BBB575131EA203BE3642A54669A.e.6389"}]}
RESULT: {"script":"<script> [56 bytes]","args":[{"element-6066-11e4-a52e-4f735466cecf":"f.7EA17D048601C53176965B9346C1EB3C.d.7F009BBB575131EA203BE3642A54669A.e.6389","ELEMENT":"f.7EA17D048601C53176965B9346C1EB3C.d.7F009BBB575131EA203BE3642A54669A.e.6389"}]}
COMMAND: GET /session/8d9404e4e9bea3f53a5c3520fcd44aec/element/f.7EA17D048601C53176965B9346C1EB3C.d.7F009BBB575131EA203BE3642A54669A.e.6388/attribute/aria-checked - {}
COMMAND: GET /session/8d9404e4e9bea3f53a5c3520fcd44aec/screenshot - {}
RESULT: {}
COMMAND: POST /session/8d9404e4e9bea3f53a5c3520fcd44aec/element - {"using":"xpath","value":"//table[contains(@id, \"listView-innerSelectionPanelTable-listUl\")]/tbody/tr[3]/td[2]/div/div"}
RESULT: {}
RESULT: {"using":"xpath","value":"//table[contains(@id, \"listView-innerSelectionPanelTable-listUl\")]/tbody/tr[3]/td[2]/div/div"}
COMMAND: POST /session/8d9404e4e9bea3f53a5c3520fcd44aec/element - {"using":"xpath","value":"//table[contains(@id, \"listView-innerSelectionPanelTable-listUl\")]/tbody/tr[3]/td[2]/div"}
RESULT: {"using":"xpath","value":"//table[contains(@id, \"listView-innerSelectionPanelTable-listUl\")]/tbody/tr[3]/td[2]/div"}
COMMAND: POST /session/8d9404e4e9bea3f53a5c3520fcd44aec/element - {"using":"xpath","value":"//table[contains(@id, \"listView-innerSelectionPanelTable-listUl\")]/tbody/tr[3]/td[3]/div/div/span/span[1]/bdi"}
RESULT: {"using":"xpath","value":"//table[contains(@id, \"listView-innerSelectionPanelTable-listUl\")]/tbody/tr[3]/td[3]/div/div/span/span[1]/bdi"}
COMMAND: POST /session/8d9404e4e9bea3f53a5c3520fcd44aec/execute/sync - {"script":"<script> [56 bytes]","args":[{"element-6066-11e4-a52e-4f735466cecf":"f.7EA17D048601C53176965B9346C1EB3C.d.7F009BBB575131EA203BE3642A54669A.e.6392","ELEMENT":"f.7EA17D048601C53176965B9346C1EB3C.d.7F009BBB575131EA203BE3642A54669A.e.6392"}]}
RESULT: {"script":"<script> [56 bytes]","args":[{"element-6066-11e4-a52e-4f735466cecf":"f.7EA17D048601C53176965B9346C1EB3C.d.7F009BBB575131EA203BE3642A54669A.e.6392","ELEMENT":"f.7EA17D048601C53176965B9346C1EB3C.d.7F009BBB575131EA203BE3642A54669A.e.6392"}]}
COMMAND: GET /session/8d9404e4e9bea3f53a5c3520fcd44aec/element/f.7EA17D048601C53176965B9346C1EB3C.d.7F009BBB575131EA203BE3642A54669A.e.6391/attribute/aria-checked - {}
COMMAND: GET /session/8d9404e4e9bea3f53a5c3520fcd44aec/screenshot - {}
RESULT: {}
COMMAND: POST /session/8d9404e4e9bea3f53a5c3520fcd44aec/element - {"using":"xpath","value":"//table[contains(@id, \"listView-innerSelectionPanelTable-listUl\")]/tbody/tr[4]/td[2]/div/div"}
RESULT: {}
RESULT: {"using":"xpath","value":"//table[contains(@id, \"listView-innerSelectionPanelTable-listUl\")]/tbody/tr[4]/td[2]/div/div"}
COMMAND: POST /session/8d9404e4e9bea3f53a5c3520fcd44aec/element - {"using":"xpath","value":"//table[contains(@id, \"listView-innerSelectionPanelTable-listUl\")]/tbody/tr[4]/td[2]/div"}
RESULT: {"using":"xpath","value":"//table[contains(@id, \"listView-innerSelectionPanelTable-listUl\")]/tbody/tr[4]/td[2]/div"}
COMMAND: POST /session/8d9404e4e9bea3f53a5c3520fcd44aec/element - {"using":"xpath","value":"//table[contains(@id, \"listView-innerSelectionPanelTable-listUl\")]/tbody/tr[4]/td[3]/div/div/span/span[1]/bdi"}
RESULT: {"using":"xpath","value":"//table[contains(@id, \"listView-innerSelectionPanelTable-listUl\")]/tbody/tr[4]/td[3]/div/div/span/span[1]/bdi"}
COMMAND: POST /session/8d9404e4e9bea3f53a5c3520fcd44aec/execute/sync - {"script":"<script> [56 bytes]","args":[{"element-6066-11e4-a52e-4f735466cecf":"f.7EA17D048601C53176965B9346C1EB3C.d.7F009BBB575131EA203BE3642A54669A.e.6395","ELEMENT":"f.7EA17D048601C53176965B9346C1EB3C.d.7F009BBB575131EA203BE3642A54669A.e.6395"}]}
RESULT: {"script":"<script> [56 bytes]","args":[{"element-6066-11e4-a52e-4f735466cecf":"f.7EA17D048601C53176965B9346C1EB3C.d.7F009BBB575131EA203BE3642A54669A.e.6395","ELEMENT":"f.7EA17D048601C53176965B9346C1EB3C.d.7F009BBB575131EA203BE3642A54669A.e.6395"}]}
COMMAND: GET /session/8d9404e4e9bea3f53a5c3520fcd44aec/element/f.7EA17D048601C53176965B9346C1EB3C.d.7F009BBB575131EA203BE3642A54669A.e.6394/attribute/aria-checked - {}
COMMAND: GET /session/8d9404e4e9bea3f53a5c3520fcd44aec/screenshot - {}
RESULT: {}
COMMAND: POST /session/8d9404e4e9bea3f53a5c3520fcd44aec/element - {"using":"xpath","value":"//table[contains(@id, \"listView-innerSelectionPanelTable-listUl\")]/tbody/tr[5]/td[2]/div/div"}
RESULT: {}
RESULT: {"using":"xpath","value":"//table[contains(@id, \"listView-innerSelectionPanelTable-listUl\")]/tbody/tr[5]/td[2]/div/div"}
COMMAND: POST /session/8d9404e4e9bea3f53a5c3520fcd44aec/element - {"using":"xpath","value":"//table[contains(@id, \"listView-innerSelectionPanelTable-listUl\")]/tbody/tr[5]/td[2]/div"}
RESULT: {"using":"xpath","value":"//table[contains(@id, \"listView-innerSelectionPanelTable-listUl\")]/tbody/tr[5]/td[2]/div"}
COMMAND: POST /session/8d9404e4e9bea3f53a5c3520fcd44aec/element - {"using":"xpath","value":"//table[contains(@id, \"listView-innerSelectionPanelTable-listUl\")]/tbody/tr[5]/td[3]/div/div/span/span[1]/bdi"}
RESULT: {"using":"xpath","value":"//table[contains(@id, \"listView-innerSelectionPanelTable-listUl\")]/tbody/tr[5]/td[3]/div/div/span/span[1]/bdi"}
COMMAND: POST /session/8d9404e4e9bea3f53a5c3520fcd44aec/execute/sync - {"script":"<script> [56 bytes]","args":[{"element-6066-11e4-a52e-4f735466cecf":"f.7EA17D048601C53176965B9346C1EB3C.d.7F009BBB575131EA203BE3642A54669A.e.6398","ELEMENT":"f.7EA17D048601C53176965B9346C1EB3C.d.7F009BBB575131EA203BE3642A54669A.e.6398"}]}
RESULT: {"script":"<script> [56 bytes]","args":[{"element-6066-11e4-a52e-4f735466cecf":"f.7EA17D048601C53176965B9346C1EB3C.d.7F009BBB575131EA203BE3642A54669A.e.6398","ELEMENT":"f.7EA17D048601C53176965B9346C1EB3C.d.7F009BBB575131EA203BE3642A54669A.e.6398"}]}
COMMAND: GET /session/8d9404e4e9bea3f53a5c3520fcd44aec/element/f.7EA17D048601C53176965B9346C1EB3C.d.7F009BBB575131EA203BE3642A54669A.e.6397/attribute/aria-checked - {}
COMMAND: GET /session/8d9404e4e9bea3f53a5c3520fcd44aec/screenshot - {}
RESULT: {}
COMMAND: POST /session/8d9404e4e9bea3f53a5c3520fcd44aec/element - {"using":"xpath","value":"//table[contains(@id, \"listView-innerSelectionPanelTable-listUl\")]/tbody/tr[6]/td[2]/div/div"}
RESULT: {}
RESULT: {"using":"xpath","value":"//table[contains(@id, \"listView-innerSelectionPanelTable-listUl\")]/tbody/tr[6]/td[2]/div/div"}
COMMAND: POST /session/8d9404e4e9bea3f53a5c3520fcd44aec/element - {"using":"xpath","value":"//table[contains(@id, \"listView-innerSelectionPanelTable-listUl\")]/tbody/tr[6]/td[2]/div"}
RESULT: {"using":"xpath","value":"//table[contains(@id, \"listView-innerSelectionPanelTable-listUl\")]/tbody/tr[6]/td[2]/div"}
COMMAND: POST /session/8d9404e4e9bea3f53a5c3520fcd44aec/element - {"using":"xpath","value":"//table[contains(@id, \"listView-innerSelectionPanelTable-listUl\")]/tbody/tr[6]/td[3]/div/div/span/span[1]/bdi"}
RESULT: {"using":"xpath","value":"//table[contains(@id, \"listView-innerSelectionPanelTable-listUl\")]/tbody/tr[6]/td[3]/div/div/span/span[1]/bdi"}
COMMAND: POST /session/8d9404e4e9bea3f53a5c3520fcd44aec/execute/sync - {"script":"<script> [56 bytes]","args":[{"element-6066-11e4-a52e-4f735466cecf":"f.7EA17D048601C53176965B9346C1EB3C.d.7F009BBB575131EA203BE3642A54669A.e.6401","ELEMENT":"f.7EA17D048601C53176965B9346C1EB3C.d.7F009BBB575131EA203BE3642A54669A.e.6401"}]}
RESULT: {"script":"<script> [56 bytes]","args":[{"element-6066-11e4-a52e-4f735466cecf":"f.7EA17D048601C53176965B9346C1EB3C.d.7F009BBB575131EA203BE3642A54669A.e.6401","ELEMENT":"f.7EA17D048601C53176965B9346C1EB3C.d.7F009BBB575131EA203BE3642A54669A.e.6401"}]}
COMMAND: GET /session/8d9404e4e9bea3f53a5c3520fcd44aec/element/f.7EA17D048601C53176965B9346C1EB3C.d.7F009BBB575131EA203BE3642A54669A.e.6400/attribute/aria-checked - {}
COMMAND: GET /session/8d9404e4e9bea3f53a5c3520fcd44aec/screenshot - {}
RESULT: {}
COMMAND: POST /session/8d9404e4e9bea3f53a5c3520fcd44aec/element - {"using":"xpath","value":"//table[contains(@id, \"listView-innerSelectionPanelTable-listUl\")]/tbody/tr[7]/td[2]/div/div"}
RESULT: {}
RESULT: {"using":"xpath","value":"//table[contains(@id, \"listView-innerSelectionPanelTable-listUl\")]/tbody/tr[7]/td[2]/div/div"}
COMMAND: POST /session/8d9404e4e9bea3f53a5c3520fcd44aec/element - {"using":"xpath","value":"//table[contains(@id, \"listView-innerSelectionPanelTable-listUl\")]/tbody/tr[7]/td[2]/div"}
RESULT: {"using":"xpath","value":"//table[contains(@id, \"listView-innerSelectionPanelTable-listUl\")]/tbody/tr[7]/td[2]/div"}
COMMAND: POST /session/8d9404e4e9bea3f53a5c3520fcd44aec/element - {"using":"xpath","value":"//table[contains(@id, \"listView-innerSelectionPanelTable-listUl\")]/tbody/tr[7]/td[3]/div/div/span/span[1]/bdi"}
RESULT: {"using":"xpath","value":"//table[contains(@id, \"listView-innerSelectionPanelTable-listUl\")]/tbody/tr[7]/td[3]/div/div/span/span[1]/bdi"}
COMMAND: POST /session/8d9404e4e9bea3f53a5c3520fcd44aec/execute/sync - {"script":"<script> [56 bytes]","args":[{"element-6066-11e4-a52e-4f735466cecf":"f.7EA17D048601C53176965B9346C1EB3C.d.7F009BBB575131EA203BE3642A54669A.e.6404","ELEMENT":"f.7EA17D048601C53176965B9346C1EB3C.d.7F009BBB575131EA203BE3642A54669A.e.6404"}]}
RESULT: {"script":"<script> [56 bytes]","args":[{"element-6066-11e4-a52e-4f735466cecf":"f.7EA17D048601C53176965B9346C1EB3C.d.7F009BBB575131EA203BE3642A54669A.e.6404","ELEMENT":"f.7EA17D048601C53176965B9346C1EB3C.d.7F009BBB575131EA203BE3642A54669A.e.6404"}]}
COMMAND: GET /session/8d9404e4e9bea3f53a5c3520fcd44aec/element/f.7EA17D048601C53176965B9346C1EB3C.d.7F009BBB575131EA203BE3642A54669A.e.6403/attribute/aria-checked - {}
COMMAND: GET /session/8d9404e4e9bea3f53a5c3520fcd44aec/screenshot - {}
RESULT: {}
COMMAND: POST /session/8d9404e4e9bea3f53a5c3520fcd44aec/element - {"using":"xpath","value":"//table[contains(@id, \"listView-innerSelectionPanelTable-listUl\")]/tbody/tr[8]/td[2]/div/div"}
RESULT: {}
RESULT: {"using":"xpath","value":"//table[contains(@id, \"listView-innerSelectionPanelTable-listUl\")]/tbody/tr[8]/td[2]/div/div"}
COMMAND: POST /session/8d9404e4e9bea3f53a5c3520fcd44aec/element - {"using":"xpath","value":"//table[contains(@id, \"listView-innerSelectionPanelTable-listUl\")]/tbody/tr[8]/td[2]/div"}
RESULT: {"using":"xpath","value":"//table[contains(@id, \"listView-innerSelectionPanelTable-listUl\")]/tbody/tr[8]/td[2]/div"}
COMMAND: POST /session/8d9404e4e9bea3f53a5c3520fcd44aec/element - {"using":"xpath","value":"//table[contains(@id, \"listView-innerSelectionPanelTable-listUl\")]/tbody/tr[8]/td[3]/div/div/span/span[1]/bdi"}
RESULT: {"using":"xpath","value":"//table[contains(@id, \"listView-innerSelectionPanelTable-listUl\")]/tbody/tr[8]/td[3]/div/div/span/span[1]/bdi"}
COMMAND: POST /session/8d9404e4e9bea3f53a5c3520fcd44aec/execute/sync - {"script":"<script> [56 bytes]","args":[{"element-6066-11e4-a52e-4f735466cecf":"f.7EA17D048601C53176965B9346C1EB3C.d.7F009BBB575131EA203BE3642A54669A.e.6407","ELEMENT":"f.7EA17D048601C53176965B9346C1EB3C.d.7F009BBB575131EA203BE3642A54669A.e.6407"}]}
RESULT: {"script":"<script> [56 bytes]","args":[{"element-6066-11e4-a52e-4f735466cecf":"f.7EA17D048601C53176965B9346C1EB3C.d.7F009BBB575131EA203BE3642A54669A.e.6407","ELEMENT":"f.7EA17D048601C53176965B9346C1EB3C.d.7F009BBB575131EA203BE3642A54669A.e.6407"}]}
COMMAND: GET /session/8d9404e4e9bea3f53a5c3520fcd44aec/element/f.7EA17D048601C53176965B9346C1EB3C.d.7F009BBB575131EA203BE3642A54669A.e.6406/attribute/aria-checked - {}
COMMAND: GET /session/8d9404e4e9bea3f53a5c3520fcd44aec/screenshot - {}
RESULT: {}
COMMAND: POST /session/8d9404e4e9bea3f53a5c3520fcd44aec/element - {"using":"xpath","value":"//table[contains(@id, \"listView-innerSelectionPanelTable-listUl\")]/tbody/tr[9]/td[2]/div/div"}
RESULT: {}
RESULT: {"using":"xpath","value":"//table[contains(@id, \"listView-innerSelectionPanelTable-listUl\")]/tbody/tr[9]/td[2]/div/div"}
COMMAND: POST /session/8d9404e4e9bea3f53a5c3520fcd44aec/element - {"using":"xpath","value":"//table[contains(@id, \"listView-innerSelectionPanelTable-listUl\")]/tbody/tr[9]/td[2]/div"}
RESULT: {"using":"xpath","value":"//table[contains(@id, \"listView-innerSelectionPanelTable-listUl\")]/tbody/tr[9]/td[2]/div"}
COMMAND: POST /session/8d9404e4e9bea3f53a5c3520fcd44aec/element - {"using":"xpath","value":"//table[contains(@id, \"listView-innerSelectionPanelTable-listUl\")]/tbody/tr[9]/td[3]/div/div/span/span[1]/bdi"}
RESULT: {"using":"xpath","value":"//table[contains(@id, \"listView-innerSelectionPanelTable-listUl\")]/tbody/tr[9]/td[3]/div/div/span/span[1]/bdi"}
COMMAND: POST /session/8d9404e4e9bea3f53a5c3520fcd44aec/execute/sync - {"script":"<script> [56 bytes]","args":[{"element-6066-11e4-a52e-4f735466cecf":"f.7EA17D048601C53176965B9346C1EB3C.d.7F009BBB575131EA203BE3642A54669A.e.6410","ELEMENT":"f.7EA17D048601C53176965B9346C1EB3C.d.7F009BBB575131EA203BE3642A54669A.e.6410"}]}
RESULT: {"script":"<script> [56 bytes]","args":[{"element-6066-11e4-a52e-4f735466cecf":"f.7EA17D048601C53176965B9346C1EB3C.d.7F009BBB575131EA203BE3642A54669A.e.6410","ELEMENT":"f.7EA17D048601C53176965B9346C1EB3C.d.7F009BBB575131EA203BE3642A54669A.e.6410"}]}
COMMAND: GET /session/8d9404e4e9bea3f53a5c3520fcd44aec/element/f.7EA17D048601C53176965B9346C1EB3C.d.7F009BBB575131EA203BE3642A54669A.e.6409/attribute/aria-checked - {}
COMMAND: GET /session/8d9404e4e9bea3f53a5c3520fcd44aec/screenshot - {}
RESULT: {}
COMMAND: POST /session/8d9404e4e9bea3f53a5c3520fcd44aec/element - {"using":"xpath","value":"//table[contains(@id, \"listView-innerSelectionPanelTable-listUl\")]/tbody/tr[10]/td[2]/div/div"}
RESULT: {}
RESULT: {"using":"xpath","value":"//table[contains(@id, \"listView-innerSelectionPanelTable-listUl\")]/tbody/tr[10]/td[2]/div/div"}
COMMAND: POST /session/8d9404e4e9bea3f53a5c3520fcd44aec/element - {"using":"xpath","value":"//table[contains(@id, \"listView-innerSelectionPanelTable-listUl\")]/tbody/tr[10]/td[2]/div"}
RESULT: {"using":"xpath","value":"//table[contains(@id, \"listView-innerSelectionPanelTable-listUl\")]/tbody/tr[10]/td[2]/div"}
COMMAND: POST /session/8d9404e4e9bea3f53a5c3520fcd44aec/element - {"using":"xpath","value":"//table[contains(@id, \"listView-innerSelectionPanelTable-listUl\")]/tbody/tr[10]/td[3]/div/div/span/span[1]/bdi"}
RESULT: {"using":"xpath","value":"//table[contains(@id, \"listView-innerSelectionPanelTable-listUl\")]/tbody/tr[10]/td[3]/div/div/span/span[1]/bdi"}
COMMAND: POST /session/8d9404e4e9bea3f53a5c3520fcd44aec/execute/sync - {"script":"<script> [56 bytes]","args":[{"element-6066-11e4-a52e-4f735466cecf":"f.7EA17D048601C53176965B9346C1EB3C.d.7F009BBB575131EA203BE3642A54669A.e.6413","ELEMENT":"f.7EA17D048601C53176965B9346C1EB3C.d.7F009BBB575131EA203BE3642A54669A.e.6413"}]}
RESULT: {"script":"<script> [56 bytes]","args":[{"element-6066-11e4-a52e-4f735466cecf":"f.7EA17D048601C53176965B9346C1EB3C.d.7F009BBB575131EA203BE3642A54669A.e.6413","ELEMENT":"f.7EA17D048601C53176965B9346C1EB3C.d.7F009BBB575131EA203BE3642A54669A.e.6413"}]}
COMMAND: GET /session/8d9404e4e9bea3f53a5c3520fcd44aec/element/f.7EA17D048601C53176965B9346C1EB3C.d.7F009BBB575131EA203BE3642A54669A.e.6412/attribute/aria-checked - {}
COMMAND: GET /session/8d9404e4e9bea3f53a5c3520fcd44aec/screenshot - {}
RESULT: {}
COMMAND: POST /session/8d9404e4e9bea3f53a5c3520fcd44aec/element - {"using":"xpath","value":"//table[contains(@id, \"listView-innerSelectionPanelTable-listUl\")]/tbody/tr[11]/td[2]/div/div"}
RESULT: {}
RESULT: {"using":"xpath","value":"//table[contains(@id, \"listView-innerSelectionPanelTable-listUl\")]/tbody/tr[11]/td[2]/div/div"}
COMMAND: POST /session/8d9404e4e9bea3f53a5c3520fcd44aec/element - {"using":"xpath","value":"//table[contains(@id, \"listView-innerSelectionPanelTable-listUl\")]/tbody/tr[11]/td[2]/div"}
RESULT: {"using":"xpath","value":"//table[contains(@id, \"listView-innerSelectionPanelTable-listUl\")]/tbody/tr[11]/td[2]/div"}
COMMAND: POST /session/8d9404e4e9bea3f53a5c3520fcd44aec/element - {"using":"xpath","value":"//table[contains(@id, \"listView-innerSelectionPanelTable-listUl\")]/tbody/tr[11]/td[3]/div/div/span/span[1]/bdi"}
RESULT: {"using":"xpath","value":"//table[contains(@id, \"listView-innerSelectionPanelTable-listUl\")]/tbody/tr[11]/td[3]/div/div/span/span[1]/bdi"}
COMMAND: POST /session/8d9404e4e9bea3f53a5c3520fcd44aec/execute/sync - {"script":"<script> [56 bytes]","args":[{"element-6066-11e4-a52e-4f735466cecf":"f.7EA17D048601C53176965B9346C1EB3C.d.7F009BBB575131EA203BE3642A54669A.e.6416","ELEMENT":"f.7EA17D048601C53176965B9346C1EB3C.d.7F009BBB575131EA203BE3642A54669A.e.6416"}]}
RESULT: {"script":"<script> [56 bytes]","args":[{"element-6066-11e4-a52e-4f735466cecf":"f.7EA17D048601C53176965B9346C1EB3C.d.7F009BBB575131EA203BE3642A54669A.e.6416","ELEMENT":"f.7EA17D048601C53176965B9346C1EB3C.d.7F009BBB575131EA203BE3642A54669A.e.6416"}]}
COMMAND: GET /session/8d9404e4e9bea3f53a5c3520fcd44aec/element/f.7EA17D048601C53176965B9346C1EB3C.d.7F009BBB575131EA203BE3642A54669A.e.6415/attribute/aria-checked - {}
COMMAND: GET /session/8d9404e4e9bea3f53a5c3520fcd44aec/screenshot - {}
RESULT: {}
COMMAND: POST /session/8d9404e4e9bea3f53a5c3520fcd44aec/element - {"using":"xpath","value":"//table[contains(@id, \"listView-innerSelectionPanelTable-listUl\")]/tbody/tr[12]/td[2]/div/div"}
RESULT: {}
RESULT: {"using":"xpath","value":"//table[contains(@id, \"listView-innerSelectionPanelTable-listUl\")]/tbody/tr[12]/td[2]/div/div"}
COMMAND: POST /session/8d9404e4e9bea3f53a5c3520fcd44aec/element - {"using":"xpath","value":"//table[contains(@id, \"listView-innerSelectionPanelTable-listUl\")]/tbody/tr[12]/td[2]/div"}
RESULT: {"using":"xpath","value":"//table[contains(@id, \"listView-innerSelectionPanelTable-listUl\")]/tbody/tr[12]/td[2]/div"}
COMMAND: POST /session/8d9404e4e9bea3f53a5c3520fcd44aec/element - {"using":"xpath","value":"//table[contains(@id, \"listView-innerSelectionPanelTable-listUl\")]/tbody/tr[12]/td[3]/div/div/span/span[1]/bdi"}
RESULT: {"using":"xpath","value":"//table[contains(@id, \"listView-innerSelectionPanelTable-listUl\")]/tbody/tr[12]/td[3]/div/div/span/span[1]/bdi"}
COMMAND: POST /session/8d9404e4e9bea3f53a5c3520fcd44aec/execute/sync - {"script":"<script> [56 bytes]","args":[{"element-6066-11e4-a52e-4f735466cecf":"f.7EA17D048601C53176965B9346C1EB3C.d.7F009BBB575131EA203BE3642A54669A.e.6419","ELEMENT":"f.7EA17D048601C53176965B9346C1EB3C.d.7F009BBB575131EA203BE3642A54669A.e.6419"}]}
RESULT: {"script":"<script> [56 bytes]","args":[{"element-6066-11e4-a52e-4f735466cecf":"f.7EA17D048601C53176965B9346C1EB3C.d.7F009BBB575131EA203BE3642A54669A.e.6419","ELEMENT":"f.7EA17D048601C53176965B9346C1EB3C.d.7F009BBB575131EA203BE3642A54669A.e.6419"}]}
COMMAND: GET /session/8d9404e4e9bea3f53a5c3520fcd44aec/element/f.7EA17D048601C53176965B9346C1EB3C.d.7F009BBB575131EA203BE3642A54669A.e.6418/attribute/aria-checked - {}
COMMAND: GET /session/8d9404e4e9bea3f53a5c3520fcd44aec/screenshot - {}
RESULT: {}
COMMAND: POST /session/8d9404e4e9bea3f53a5c3520fcd44aec/element - {"using":"xpath","value":"//table[contains(@id, \"listView-innerSelectionPanelTable-listUl\")]/tbody/tr[13]/td[2]/div/div"}
RESULT: {}
RESULT: {"using":"xpath","value":"//table[contains(@id, \"listView-innerSelectionPanelTable-listUl\")]/tbody/tr[13]/td[2]/div/div"}
COMMAND: POST /session/8d9404e4e9bea3f53a5c3520fcd44aec/element - {"using":"xpath","value":"//table[contains(@id, \"listView-innerSelectionPanelTable-listUl\")]/tbody/tr[13]/td[2]/div"}
RESULT: {"using":"xpath","value":"//table[contains(@id, \"listView-innerSelectionPanelTable-listUl\")]/tbody/tr[13]/td[2]/div"}
COMMAND: POST /session/8d9404e4e9bea3f53a5c3520fcd44aec/element - {"using":"xpath","value":"//table[contains(@id, \"listView-innerSelectionPanelTable-listUl\")]/tbody/tr[13]/td[3]/div/div/span/span[1]/bdi"}
RESULT: {"using":"xpath","value":"//table[contains(@id, \"listView-innerSelectionPanelTable-listUl\")]/tbody/tr[13]/td[3]/div/div/span/span[1]/bdi"}
COMMAND: POST /session/8d9404e4e9bea3f53a5c3520fcd44aec/execute/sync - {"script":"<script> [56 bytes]","args":[{"element-6066-11e4-a52e-4f735466cecf":"f.7EA17D048601C53176965B9346C1EB3C.d.7F009BBB575131EA203BE3642A54669A.e.6422","ELEMENT":"f.7EA17D048601C53176965B9346C1EB3C.d.7F009BBB575131EA203BE3642A54669A.e.6422"}]}
RESULT: {"script":"<script> [56 bytes]","args":[{"element-6066-11e4-a52e-4f735466cecf":"f.7EA17D048601C53176965B9346C1EB3C.d.7F009BBB575131EA203BE3642A54669A.e.6422","ELEMENT":"f.7EA17D048601C53176965B9346C1EB3C.d.7F009BBB575131EA203BE3642A54669A.e.6422"}]}
COMMAND: GET /session/8d9404e4e9bea3f53a5c3520fcd44aec/element/f.7EA17D048601C53176965B9346C1EB3C.d.7F009BBB575131EA203BE3642A54669A.e.6421/attribute/aria-checked - {}
COMMAND: GET /session/8d9404e4e9bea3f53a5c3520fcd44aec/screenshot - {}
RESULT: {}
COMMAND: POST /session/8d9404e4e9bea3f53a5c3520fcd44aec/element - {"using":"xpath","value":"//table[contains(@id, \"listView-innerSelectionPanelTable-listUl\")]/tbody/tr[14]/td[2]/div/div"}
COMMAND: POST /session/8d9404e4e9bea3f53a5c3520fcd44aec/element/f.7EA17D048601C53176965B9346C1EB3C.d.7F009BBB575131EA203BE3642A54669A.e.6420/click - {}
RESULT: {}
RESULT: {"using":"xpath","value":"//table[contains(@id, \"listView-innerSelectionPanelTable-listUl\")]/tbody/tr[14]/td[2]/div/div"}
COMMAND: POST /session/8d9404e4e9bea3f53a5c3520fcd44aec/element - {"using":"xpath","value":"//table[contains(@id, \"listView-innerSelectionPanelTable-listUl\")]/tbody/tr[14]/td[2]/div"}
RESULT: {}
COMMAND: GET /session/8d9404e4e9bea3f53a5c3520fcd44aec/screenshot - {}
RESULT: {"using":"xpath","value":"//table[contains(@id, \"listView-innerSelectionPanelTable-listUl\")]/tbody/tr[14]/td[2]/div"}
COMMAND: POST /session/8d9404e4e9bea3f53a5c3520fcd44aec/element - {"using":"xpath","value":"//table[contains(@id, \"listView-innerSelectionPanelTable-listUl\")]/tbody/tr[14]/td[3]/div/div/span/span[1]/bdi"}
RESULT: {}
RESULT: {"using":"xpath","value":"//table[contains(@id, \"listView-innerSelectionPanelTable-listUl\")]/tbody/tr[14]/td[3]/div/div/span/span[1]/bdi"}
COMMAND: POST /session/8d9404e4e9bea3f53a5c3520fcd44aec/execute/sync - {"script":"<script> [56 bytes]","args":[{"element-6066-11e4-a52e-4f735466cecf":"f.7EA17D048601C53176965B9346C1EB3C.d.7F009BBB575131EA203BE3642A54669A.e.6426","ELEMENT":"f.7EA17D048601C53176965B9346C1EB3C.d.7F009BBB575131EA203BE3642A54669A.e.6426"}]}
RESULT: {"script":"<script> [56 bytes]","args":[{"element-6066-11e4-a52e-4f735466cecf":"f.7EA17D048601C53176965B9346C1EB3C.d.7F009BBB575131EA203BE3642A54669A.e.6426","ELEMENT":"f.7EA17D048601C53176965B9346C1EB3C.d.7F009BBB575131EA203BE3642A54669A.e.6426"}]}
COMMAND: GET /session/8d9404e4e9bea3f53a5c3520fcd44aec/element/f.7EA17D048601C53176965B9346C1EB3C.d.7F009BBB575131EA203BE3642A54669A.e.6425/attribute/aria-checked - {}
COMMAND: GET /session/8d9404e4e9bea3f53a5c3520fcd44aec/screenshot - {}
RESULT: {}
COMMAND: POST /session/8d9404e4e9bea3f53a5c3520fcd44aec/element - {"using":"xpath","value":"//table[contains(@id, \"listView-innerSelectionPanelTable-listUl\")]/tbody/tr[15]/td[2]/div/div"}
RESULT: {}
RESULT: {"using":"xpath","value":"//table[contains(@id, \"listView-innerSelectionPanelTable-listUl\")]/tbody/tr[15]/td[2]/div/div"}
COMMAND: POST /session/8d9404e4e9bea3f53a5c3520fcd44aec/element - {"using":"xpath","value":"//table[contains(@id, \"listView-innerSelectionPanelTable-listUl\")]/tbody/tr[15]/td[2]/div"}
RESULT: {"using":"xpath","value":"//table[contains(@id, \"listView-innerSelectionPanelTable-listUl\")]/tbody/tr[15]/td[2]/div"}
COMMAND: POST /session/8d9404e4e9bea3f53a5c3520fcd44aec/element - {"using":"xpath","value":"//table[contains(@id, \"listView-innerSelectionPanelTable-listUl\")]/tbody/tr[15]/td[3]/div/div/span/span[1]/bdi"}
RESULT: {"using":"xpath","value":"//table[contains(@id, \"listView-innerSelectionPanelTable-listUl\")]/tbody/tr[15]/td[3]/div/div/span/span[1]/bdi"}
COMMAND: POST /session/8d9404e4e9bea3f53a5c3520fcd44aec/execute/sync - {"script":"<script> [56 bytes]","args":[{"element-6066-11e4-a52e-4f735466cecf":"f.7EA17D048601C53176965B9346C1EB3C.d.7F009BBB575131EA203BE3642A54669A.e.6429","ELEMENT":"f.7EA17D048601C53176965B9346C1EB3C.d.7F009BBB575131EA203BE3642A54669A.e.6429"}]}
RESULT: {"script":"<script> [56 bytes]","args":[{"element-6066-11e4-a52e-4f735466cecf":"f.7EA17D048601C53176965B9346C1EB3C.d.7F009BBB575131EA203BE3642A54669A.e.6429","ELEMENT":"f.7EA17D048601C53176965B9346C1EB3C.d.7F009BBB575131EA203BE3642A54669A.e.6429"}]}
COMMAND: GET /session/8d9404e4e9bea3f53a5c3520fcd44aec/element/f.7EA17D048601C53176965B9346C1EB3C.d.7F009BBB575131EA203BE3642A54669A.e.6428/attribute/aria-checked - {}
COMMAND: GET /session/8d9404e4e9bea3f53a5c3520fcd44aec/screenshot - {}
RESULT: {}
COMMAND: POST /session/8d9404e4e9bea3f53a5c3520fcd44aec/element - {"using":"xpath","value":"//table[contains(@id, \"listView-innerSelectionPanelTable-listUl\")]/tbody/tr[16]/td[2]/div/div"}
RESULT: {}
RESULT: {"using":"xpath","value":"//table[contains(@id, \"listView-innerSelectionPanelTable-listUl\")]/tbody/tr[16]/td[2]/div/div"}
COMMAND: POST /session/8d9404e4e9bea3f53a5c3520fcd44aec/element - {"using":"xpath","value":"//table[contains(@id, \"listView-innerSelectionPanelTable-listUl\")]/tbody/tr[16]/td[2]/div"}
RESULT: {"using":"xpath","value":"//table[contains(@id, \"listView-innerSelectionPanelTable-listUl\")]/tbody/tr[16]/td[2]/div"}
COMMAND: POST /session/8d9404e4e9bea3f53a5c3520fcd44aec/element - {"using":"xpath","value":"//table[contains(@id, \"listView-innerSelectionPanelTable-listUl\")]/tbody/tr[16]/td[3]/div/div/span/span[1]/bdi"}
RESULT: {"using":"xpath","value":"//table[contains(@id, \"listView-innerSelectionPanelTable-listUl\")]/tbody/tr[16]/td[3]/div/div/span/span[1]/bdi"}
COMMAND: POST /session/8d9404e4e9bea3f53a5c3520fcd44aec/execute/sync - {"script":"<script> [56 bytes]","args":[{"element-6066-11e4-a52e-4f735466cecf":"f.7EA17D048601C53176965B9346C1EB3C.d.7F009BBB575131EA203BE3642A54669A.e.6432","ELEMENT":"f.7EA17D048601C53176965B9346C1EB3C.d.7F009BBB575131EA203BE3642A54669A.e.6432"}]}
RESULT: {"script":"<script> [56 bytes]","args":[{"element-6066-11e4-a52e-4f735466cecf":"f.7EA17D048601C53176965B9346C1EB3C.d.7F009BBB575131EA203BE3642A54669A.e.6432","ELEMENT":"f.7EA17D048601C53176965B9346C1EB3C.d.7F009BBB575131EA203BE3642A54669A.e.6432"}]}
COMMAND: GET /session/8d9404e4e9bea3f53a5c3520fcd44aec/element/f.7EA17D048601C53176965B9346C1EB3C.d.7F009BBB575131EA203BE3642A54669A.e.6431/attribute/aria-checked - {}
COMMAND: GET /session/8d9404e4e9bea3f53a5c3520fcd44aec/screenshot - {}
RESULT: {}
COMMAND: POST /session/8d9404e4e9bea3f53a5c3520fcd44aec/element - {"using":"xpath","value":"//table[contains(@id, \"listView-innerSelectionPanelTable-listUl\")]/tbody/tr[17]/td[2]/div/div"}
RESULT: {}
RESULT: {"using":"xpath","value":"//table[contains(@id, \"listView-innerSelectionPanelTable-listUl\")]/tbody/tr[17]/td[2]/div/div"}
COMMAND: POST /session/8d9404e4e9bea3f53a5c3520fcd44aec/element - {"using":"xpath","value":"//table[contains(@id, \"listView-innerSelectionPanelTable-listUl\")]/tbody/tr[17]/td[2]/div"}
RESULT: {"using":"xpath","value":"//table[contains(@id, \"listView-innerSelectionPanelTable-listUl\")]/tbody/tr[17]/td[2]/div"}
COMMAND: POST /session/8d9404e4e9bea3f53a5c3520fcd44aec/element - {"using":"xpath","value":"//table[contains(@id, \"listView-innerSelectionPanelTable-listUl\")]/tbody/tr[17]/td[3]/div/div/span/span[1]/bdi"}
RESULT: {"using":"xpath","value":"//table[contains(@id, \"listView-innerSelectionPanelTable-listUl\")]/tbody/tr[17]/td[3]/div/div/span/span[1]/bdi"}
COMMAND: POST /session/8d9404e4e9bea3f53a5c3520fcd44aec/execute/sync - {"script":"<script> [56 bytes]","args":[{"element-6066-11e4-a52e-4f735466cecf":"f.7EA17D048601C53176965B9346C1EB3C.d.7F009BBB575131EA203BE3642A54669A.e.6435","ELEMENT":"f.7EA17D048601C53176965B9346C1EB3C.d.7F009BBB575131EA203BE3642A54669A.e.6435"}]}
RESULT: {"script":"<script> [56 bytes]","args":[{"element-6066-11e4-a52e-4f735466cecf":"f.7EA17D048601C53176965B9346C1EB3C.d.7F009BBB575131EA203BE3642A54669A.e.6435","ELEMENT":"f.7EA17D048601C53176965B9346C1EB3C.d.7F009BBB575131EA203BE3642A54669A.e.6435"}]}
COMMAND: GET /session/8d9404e4e9bea3f53a5c3520fcd44aec/element/f.7EA17D048601C53176965B9346C1EB3C.d.7F009BBB575131EA203BE3642A54669A.e.6434/attribute/aria-checked - {}
COMMAND: GET /session/8d9404e4e9bea3f53a5c3520fcd44aec/screenshot - {}
RESULT: {}
COMMAND: POST /session/8d9404e4e9bea3f53a5c3520fcd44aec/element - {"using":"xpath","value":"//table[contains(@id, \"listView-innerSelectionPanelTable-listUl\")]/tbody/tr[18]/td[2]/div/div"}
RESULT: {}
RESULT: {"using":"xpath","value":"//table[contains(@id, \"listView-innerSelectionPanelTable-listUl\")]/tbody/tr[18]/td[2]/div/div"}
COMMAND: POST /session/8d9404e4e9bea3f53a5c3520fcd44aec/element - {"using":"xpath","value":"//table[contains(@id, \"listView-innerSelectionPanelTable-listUl\")]/tbody/tr[18]/td[2]/div"}
RESULT: {"using":"xpath","value":"//table[contains(@id, \"listView-innerSelectionPanelTable-listUl\")]/tbody/tr[18]/td[2]/div"}
COMMAND: POST /session/8d9404e4e9bea3f53a5c3520fcd44aec/element - {"using":"xpath","value":"//table[contains(@id, \"listView-innerSelectionPanelTable-listUl\")]/tbody/tr[18]/td[3]/div/div/span/span[1]/bdi"}
RESULT: {"using":"xpath","value":"//table[contains(@id, \"listView-innerSelectionPanelTable-listUl\")]/tbody/tr[18]/td[3]/div/div/span/span[1]/bdi"}
COMMAND: POST /session/8d9404e4e9bea3f53a5c3520fcd44aec/execute/sync - {"script":"<script> [56 bytes]","args":[{"element-6066-11e4-a52e-4f735466cecf":"f.7EA17D048601C53176965B9346C1EB3C.d.7F009BBB575131EA203BE3642A54669A.e.6438","ELEMENT":"f.7EA17D048601C53176965B9346C1EB3C.d.7F009BBB575131EA203BE3642A54669A.e.6438"}]}
RESULT: {"script":"<script> [56 bytes]","args":[{"element-6066-11e4-a52e-4f735466cecf":"f.7EA17D048601C53176965B9346C1EB3C.d.7F009BBB575131EA203BE3642A54669A.e.6438","ELEMENT":"f.7EA17D048601C53176965B9346C1EB3C.d.7F009BBB575131EA203BE3642A54669A.e.6438"}]}
COMMAND: GET /session/8d9404e4e9bea3f53a5c3520fcd44aec/element/f.7EA17D048601C53176965B9346C1EB3C.d.7F009BBB575131EA203BE3642A54669A.e.6437/attribute/aria-checked - {}
COMMAND: GET /session/8d9404e4e9bea3f53a5c3520fcd44aec/screenshot - {}
RESULT: {}
COMMAND: POST /session/8d9404e4e9bea3f53a5c3520fcd44aec/element - {"using":"xpath","value":"//table[contains(@id, \"listView-innerSelectionPanelTable-listUl\")]/tbody/tr[19]/td[2]/div/div"}
RESULT: {}
RESULT: {"using":"xpath","value":"//table[contains(@id, \"listView-innerSelectionPanelTable-listUl\")]/tbody/tr[19]/td[2]/div/div"}
COMMAND: POST /session/8d9404e4e9bea3f53a5c3520fcd44aec/element - {"using":"xpath","value":"//table[contains(@id, \"listView-innerSelectionPanelTable-listUl\")]/tbody/tr[19]/td[2]/div"}
RESULT: {"using":"xpath","value":"//table[contains(@id, \"listView-innerSelectionPanelTable-listUl\")]/tbody/tr[19]/td[2]/div"}
COMMAND: POST /session/8d9404e4e9bea3f53a5c3520fcd44aec/element - {"using":"xpath","value":"//table[contains(@id, \"listView-innerSelectionPanelTable-listUl\")]/tbody/tr[19]/td[3]/div/div/span/span[1]/bdi"}
RESULT: {"using":"xpath","value":"//table[contains(@id, \"listView-innerSelectionPanelTable-listUl\")]/tbody/tr[19]/td[3]/div/div/span/span[1]/bdi"}
COMMAND: POST /session/8d9404e4e9bea3f53a5c3520fcd44aec/execute/sync - {"script":"<script> [56 bytes]","args":[{"element-6066-11e4-a52e-4f735466cecf":"f.7EA17D048601C53176965B9346C1EB3C.d.7F009BBB575131EA203BE3642A54669A.e.6441","ELEMENT":"f.7EA17D048601C53176965B9346C1EB3C.d.7F009BBB575131EA203BE3642A54669A.e.6441"}]}
RESULT: {"script":"<script> [56 bytes]","args":[{"element-6066-11e4-a52e-4f735466cecf":"f.7EA17D048601C53176965B9346C1EB3C.d.7F009BBB575131EA203BE3642A54669A.e.6441","ELEMENT":"f.7EA17D048601C53176965B9346C1EB3C.d.7F009BBB575131EA203BE3642A54669A.e.6441"}]}
COMMAND: GET /session/8d9404e4e9bea3f53a5c3520fcd44aec/element/f.7EA17D048601C53176965B9346C1EB3C.d.7F009BBB575131EA203BE3642A54669A.e.6440/attribute/aria-checked - {}
COMMAND: GET /session/8d9404e4e9bea3f53a5c3520fcd44aec/screenshot - {}
RESULT: {}
COMMAND: POST /session/8d9404e4e9bea3f53a5c3520fcd44aec/element - {"using":"xpath","value":"//table[contains(@id, \"listView-innerSelectionPanelTable-listUl\")]/tbody/tr[20]/td[2]/div/div"}
RESULT: {}
RESULT: {"using":"xpath","value":"//table[contains(@id, \"listView-innerSelectionPanelTable-listUl\")]/tbody/tr[20]/td[2]/div/div"}
COMMAND: POST /session/8d9404e4e9bea3f53a5c3520fcd44aec/element - {"using":"xpath","value":"//table[contains(@id, \"listView-innerSelectionPanelTable-listUl\")]/tbody/tr[20]/td[2]/div"}
RESULT: {"using":"xpath","value":"//table[contains(@id, \"listView-innerSelectionPanelTable-listUl\")]/tbody/tr[20]/td[2]/div"}
COMMAND: POST /session/8d9404e4e9bea3f53a5c3520fcd44aec/element - {"using":"xpath","value":"//table[contains(@id, \"listView-innerSelectionPanelTable-listUl\")]/tbody/tr[20]/td[3]/div/div/span/span[1]/bdi"}
RESULT: {"using":"xpath","value":"//table[contains(@id, \"listView-innerSelectionPanelTable-listUl\")]/tbody/tr[20]/td[3]/div/div/span/span[1]/bdi"}
COMMAND: POST /session/8d9404e4e9bea3f53a5c3520fcd44aec/execute/sync - {"script":"<script> [56 bytes]","args":[{"element-6066-11e4-a52e-4f735466cecf":"f.7EA17D048601C53176965B9346C1EB3C.d.7F009BBB575131EA203BE3642A54669A.e.6444","ELEMENT":"f.7EA17D048601C53176965B9346C1EB3C.d.7F009BBB575131EA203BE3642A54669A.e.6444"}]}
RESULT: {"script":"<script> [56 bytes]","args":[{"element-6066-11e4-a52e-4f735466cecf":"f.7EA17D048601C53176965B9346C1EB3C.d.7F009BBB575131EA203BE3642A54669A.e.6444","ELEMENT":"f.7EA17D048601C53176965B9346C1EB3C.d.7F009BBB575131EA203BE3642A54669A.e.6444"}]}
COMMAND: GET /session/8d9404e4e9bea3f53a5c3520fcd44aec/element/f.7EA17D048601C53176965B9346C1EB3C.d.7F009BBB575131EA203BE3642A54669A.e.6443/attribute/aria-checked - {}
COMMAND: GET /session/8d9404e4e9bea3f53a5c3520fcd44aec/screenshot - {}
RESULT: {}
RESULT: {}
COMMAND: POST /session/8d9404e4e9bea3f53a5c3520fcd44aec/element - {"using":"xpath","value":"//table[contains(@id, \"listView-innerSelectionPanelTable-listUl\")]/tbody/tr[21]/td[2]/div/div"}
RESULT: {"using":"xpath","value":"//table[contains(@id, \"listView-innerSelectionPanelTable-listUl\")]/tbody/tr[21]/td[2]/div/div"}
COMMAND: POST /session/8d9404e4e9bea3f53a5c3520fcd44aec/element - {"using":"xpath","value":"//table[contains(@id, \"listView-innerSelectionPanelTable-listUl\")]/tbody/tr[21]/td[2]/div"}
RESULT: {"using":"xpath","value":"//table[contains(@id, \"listView-innerSelectionPanelTable-listUl\")]/tbody/tr[21]/td[2]/div"}
COMMAND: POST /session/8d9404e4e9bea3f53a5c3520fcd44aec/element - {"using":"xpath","value":"//table[contains(@id, \"listView-innerSelectionPanelTable-listUl\")]/tbody/tr[21]/td[3]/div/div/span/span[1]/bdi"}
RESULT: {"using":"xpath","value":"//table[contains(@id, \"listView-innerSelectionPanelTable-listUl\")]/tbody/tr[21]/td[3]/div/div/span/span[1]/bdi"}
COMMAND: POST /session/8d9404e4e9bea3f53a5c3520fcd44aec/execute/sync - {"script":"<script> [56 bytes]","args":[{"element-6066-11e4-a52e-4f735466cecf":"f.7EA17D048601C53176965B9346C1EB3C.d.7F009BBB575131EA203BE3642A54669A.e.6447","ELEMENT":"f.7EA17D048601C53176965B9346C1EB3C.d.7F009BBB575131EA203BE3642A54669A.e.6447"}]}
RESULT: {"script":"<script> [56 bytes]","args":[{"element-6066-11e4-a52e-4f735466cecf":"f.7EA17D048601C53176965B9346C1EB3C.d.7F009BBB575131EA203BE3642A54669A.e.6447","ELEMENT":"f.7EA17D048601C53176965B9346C1EB3C.d.7F009BBB575131EA203BE3642A54669A.e.6447"}]}
COMMAND: GET /session/8d9404e4e9bea3f53a5c3520fcd44aec/element/f.7EA17D048601C53176965B9346C1EB3C.d.7F009BBB575131EA203BE3642A54669A.e.6446/attribute/aria-checked - {}
COMMAND: GET /session/8d9404e4e9bea3f53a5c3520fcd44aec/screenshot - {}
RESULT: {}
COMMAND: POST /session/8d9404e4e9bea3f53a5c3520fcd44aec/element - {"using":"xpath","value":"//table[contains(@id, \"listView-innerSelectionPanelTable-listUl\")]/tbody/tr[22]/td[2]/div/div"}
RESULT: {}
RESULT: {"using":"xpath","value":"//table[contains(@id, \"listView-innerSelectionPanelTable-listUl\")]/tbody/tr[22]/td[2]/div/div"}
COMMAND: POST /session/8d9404e4e9bea3f53a5c3520fcd44aec/element - {"using":"xpath","value":"//table[contains(@id, \"listView-innerSelectionPanelTable-listUl\")]/tbody/tr[22]/td[2]/div"}
RESULT: {"using":"xpath","value":"//table[contains(@id, \"listView-innerSelectionPanelTable-listUl\")]/tbody/tr[22]/td[2]/div"}
COMMAND: POST /session/8d9404e4e9bea3f53a5c3520fcd44aec/element - {"using":"xpath","value":"//table[contains(@id, \"listView-innerSelectionPanelTable-listUl\")]/tbody/tr[22]/td[3]/div/div/span/span[1]/bdi"}
RESULT: {"using":"xpath","value":"//table[contains(@id, \"listView-innerSelectionPanelTable-listUl\")]/tbody/tr[22]/td[3]/div/div/span/span[1]/bdi"}
COMMAND: POST /session/8d9404e4e9bea3f53a5c3520fcd44aec/execute/sync - {"script":"<script> [56 bytes]","args":[{"element-6066-11e4-a52e-4f735466cecf":"f.7EA17D048601C53176965B9346C1EB3C.d.7F009BBB575131EA203BE3642A54669A.e.6450","ELEMENT":"f.7EA17D048601C53176965B9346C1EB3C.d.7F009BBB575131EA203BE3642A54669A.e.6450"}]}
RESULT: {"script":"<script> [56 bytes]","args":[{"element-6066-11e4-a52e-4f735466cecf":"f.7EA17D048601C53176965B9346C1EB3C.d.7F009BBB575131EA203BE3642A54669A.e.6450","ELEMENT":"f.7EA17D048601C53176965B9346C1EB3C.d.7F009BBB575131EA203BE3642A54669A.e.6450"}]}
COMMAND: GET /session/8d9404e4e9bea3f53a5c3520fcd44aec/element/f.7EA17D048601C53176965B9346C1EB3C.d.7F009BBB575131EA203BE3642A54669A.e.6449/attribute/aria-checked - {}
COMMAND: GET /session/8d9404e4e9bea3f53a5c3520fcd44aec/screenshot - {}
RESULT: {}
COMMAND: POST /session/8d9404e4e9bea3f53a5c3520fcd44aec/element - {"using":"xpath","value":"//table[contains(@id, \"listView-innerSelectionPanelTable-listUl\")]/tbody/tr[23]/td[2]/div/div"}
RESULT: {}
RESULT: {"using":"xpath","value":"//table[contains(@id, \"listView-innerSelectionPanelTable-listUl\")]/tbody/tr[23]/td[2]/div/div"}
COMMAND: POST /session/8d9404e4e9bea3f53a5c3520fcd44aec/element - {"using":"xpath","value":"//table[contains(@id, \"listView-innerSelectionPanelTable-listUl\")]/tbody/tr[23]/td[2]/div"}
RESULT: {"using":"xpath","value":"//table[contains(@id, \"listView-innerSelectionPanelTable-listUl\")]/tbody/tr[23]/td[2]/div"}
COMMAND: POST /session/8d9404e4e9bea3f53a5c3520fcd44aec/element - {"using":"xpath","value":"//table[contains(@id, \"listView-innerSelectionPanelTable-listUl\")]/tbody/tr[23]/td[3]/div/div/span/span[1]/bdi"}
RESULT: {"using":"xpath","value":"//table[contains(@id, \"listView-innerSelectionPanelTable-listUl\")]/tbody/tr[23]/td[3]/div/div/span/span[1]/bdi"}
COMMAND: POST /session/8d9404e4e9bea3f53a5c3520fcd44aec/execute/sync - {"script":"<script> [56 bytes]","args":[{"element-6066-11e4-a52e-4f735466cecf":"f.7EA17D048601C53176965B9346C1EB3C.d.7F009BBB575131EA203BE3642A54669A.e.6453","ELEMENT":"f.7EA17D048601C53176965B9346C1EB3C.d.7F009BBB575131EA203BE3642A54669A.e.6453"}]}
RESULT: {"script":"<script> [56 bytes]","args":[{"element-6066-11e4-a52e-4f735466cecf":"f.7EA17D048601C53176965B9346C1EB3C.d.7F009BBB575131EA203BE3642A54669A.e.6453","ELEMENT":"f.7EA17D048601C53176965B9346C1EB3C.d.7F009BBB575131EA203BE3642A54669A.e.6453"}]}
COMMAND: GET /session/8d9404e4e9bea3f53a5c3520fcd44aec/element/f.7EA17D048601C53176965B9346C1EB3C.d.7F009BBB575131EA203BE3642A54669A.e.6452/attribute/aria-checked - {}
COMMAND: GET /session/8d9404e4e9bea3f53a5c3520fcd44aec/screenshot - {}
RESULT: {}
COMMAND: POST /session/8d9404e4e9bea3f53a5c3520fcd44aec/element - {"using":"xpath","value":"//table[contains(@id, \"listView-innerSelectionPanelTable-listUl\")]/tbody/tr[24]/td[2]/div/div"}
RESULT: {}
RESULT: {"using":"xpath","value":"//table[contains(@id, \"listView-innerSelectionPanelTable-listUl\")]/tbody/tr[24]/td[2]/div/div"}
COMMAND: POST /session/8d9404e4e9bea3f53a5c3520fcd44aec/element - {"using":"xpath","value":"//table[contains(@id, \"listView-innerSelectionPanelTable-listUl\")]/tbody/tr[24]/td[2]/div"}
RESULT: {"using":"xpath","value":"//table[contains(@id, \"listView-innerSelectionPanelTable-listUl\")]/tbody/tr[24]/td[2]/div"}
COMMAND: POST /session/8d9404e4e9bea3f53a5c3520fcd44aec/element - {"using":"xpath","value":"//table[contains(@id, \"listView-innerSelectionPanelTable-listUl\")]/tbody/tr[24]/td[3]/div/div/span/span[1]/bdi"}
RESULT: {"using":"xpath","value":"//table[contains(@id, \"listView-innerSelectionPanelTable-listUl\")]/tbody/tr[24]/td[3]/div/div/span/span[1]/bdi"}
COMMAND: POST /session/8d9404e4e9bea3f53a5c3520fcd44aec/execute/sync - {"script":"<script> [56 bytes]","args":[{"element-6066-11e4-a52e-4f735466cecf":"f.7EA17D048601C53176965B9346C1EB3C.d.7F009BBB575131EA203BE3642A54669A.e.6456","ELEMENT":"f.7EA17D048601C53176965B9346C1EB3C.d.7F009BBB575131EA203BE3642A54669A.e.6456"}]}
RESULT: {"script":"<script> [56 bytes]","args":[{"element-6066-11e4-a52e-4f735466cecf":"f.7EA17D048601C53176965B9346C1EB3C.d.7F009BBB575131EA203BE3642A54669A.e.6456","ELEMENT":"f.7EA17D048601C53176965B9346C1EB3C.d.7F009BBB575131EA203BE3642A54669A.e.6456"}]}
COMMAND: GET /session/8d9404e4e9bea3f53a5c3520fcd44aec/element/f.7EA17D048601C53176965B9346C1EB3C.d.7F009BBB575131EA203BE3642A54669A.e.6455/attribute/aria-checked - {}
COMMAND: GET /session/8d9404e4e9bea3f53a5c3520fcd44aec/screenshot - {}
RESULT: {}
COMMAND: POST /session/8d9404e4e9bea3f53a5c3520fcd44aec/element - {"using":"xpath","value":"//table[contains(@id, \"listView-innerSelectionPanelTable-listUl\")]/tbody/tr[25]/td[2]/div/div"}
RESULT: {}
RESULT: {"using":"xpath","value":"//table[contains(@id, \"listView-innerSelectionPanelTable-listUl\")]/tbody/tr[25]/td[2]/div/div"}
COMMAND: POST /session/8d9404e4e9bea3f53a5c3520fcd44aec/element - {"using":"xpath","value":"//table[contains(@id, \"listView-innerSelectionPanelTable-listUl\")]/tbody/tr[25]/td[2]/div"}
RESULT: {"using":"xpath","value":"//table[contains(@id, \"listView-innerSelectionPanelTable-listUl\")]/tbody/tr[25]/td[2]/div"}
COMMAND: POST /session/8d9404e4e9bea3f53a5c3520fcd44aec/element - {"using":"xpath","value":"//table[contains(@id, \"listView-innerSelectionPanelTable-listUl\")]/tbody/tr[25]/td[3]/div/div/span/span[1]/bdi"}
RESULT: {"using":"xpath","value":"//table[contains(@id, \"listView-innerSelectionPanelTable-listUl\")]/tbody/tr[25]/td[3]/div/div/span/span[1]/bdi"}
COMMAND: POST /session/8d9404e4e9bea3f53a5c3520fcd44aec/execute/sync - {"script":"<script> [56 bytes]","args":[{"element-6066-11e4-a52e-4f735466cecf":"f.7EA17D048601C53176965B9346C1EB3C.d.7F009BBB575131EA203BE3642A54669A.e.6459","ELEMENT":"f.7EA17D048601C53176965B9346C1EB3C.d.7F009BBB575131EA203BE3642A54669A.e.6459"}]}
RESULT: {"script":"<script> [56 bytes]","args":[{"element-6066-11e4-a52e-4f735466cecf":"f.7EA17D048601C53176965B9346C1EB3C.d.7F009BBB575131EA203BE3642A54669A.e.6459","ELEMENT":"f.7EA17D048601C53176965B9346C1EB3C.d.7F009BBB575131EA203BE3642A54669A.e.6459"}]}
COMMAND: GET /session/8d9404e4e9bea3f53a5c3520fcd44aec/element/f.7EA17D048601C53176965B9346C1EB3C.d.7F009BBB575131EA203BE3642A54669A.e.6458/attribute/aria-checked - {}
COMMAND: GET /session/8d9404e4e9bea3f53a5c3520fcd44aec/screenshot - {}
RESULT: {}
COMMAND: POST /session/8d9404e4e9bea3f53a5c3520fcd44aec/element - {"using":"xpath","value":"//bdi[contains(text(), \"OK\")]"}
RESULT: {}
RESULT: {"using":"xpath","value":"//bdi[contains(text(), \"OK\")]"}
COMMAND: POST /session/8d9404e4e9bea3f53a5c3520fcd44aec/element/f.7EA17D048601C53176965B9346C1EB3C.d.7F009BBB575131EA203BE3642A54669A.e.6460/click - {}
RESULT: {}
COMMAND: GET /session/8d9404e4e9bea3f53a5c3520fcd44aec/screenshot - {}
RESULT: {}
COMMAND: POST /session/8d9404e4e9bea3f53a5c3520fcd44aec/execute/async - {"script":"<script> [1562 bytes]","args":[{"selector":{"id":"application-managepartners-display-component---masterPtm--smartFilterBar-filterItemControlA_-LINK_TO_ADDRESSES_MAIN.CITY1-vhi"},"wdio_ui5_key":"applicationmanagepartners-display-component---masterPtm--smartFilterBar-filterItemControlA_-LINK_TO_ADDRESSES_MAIN.CITY1-vhi"}]}
RESULT: {"script":"<script> [1562 bytes]","args":[{"selector":{"id":"application-managepartners-display-component---masterPtm--smartFilterBar-filterItemControlA_-LINK_TO_ADDRESSES_MAIN.CITY1-vhi"},"wdio_ui5_key":"applicationmanagepartners-display-component---masterPtm--smartFilterBar-filterItemControlA_-LINK_TO_ADDRESSES_MAIN.CITY1-vhi"}]}
RESULT: undefined
COMMAND: POST /session/8d9404e4e9bea3f53a5c3520fcd44aec/element - {"using":"xpath","value":"//*[@id=\"application-managepartners-display-component---masterPtm--smartFilterBar-filterItemControlA_-LINK_TO_ADDRESSES_MAIN.CITY1-vhi\"]"}
RESULT: {"using":"xpath","value":"//*[@id=\"application-managepartners-display-component---masterPtm--smartFilterBar-filterItemControlA_-LINK_TO_ADDRESSES_MAIN.CITY1-vhi\"]"}
COMMAND: POST /session/8d9404e4e9bea3f53a5c3520fcd44aec/element/f.7EA17D048601C53176965B9346C1EB3C.d.7F009BBB575131EA203BE3642A54669A.e.6474/click - {}
RESULT: {}
COMMAND: GET /session/8d9404e4e9bea3f53a5c3520fcd44aec/screenshot - {}
RESULT: {}
COMMAND: POST /session/8d9404e4e9bea3f53a5c3520fcd44aec/execute/async - {"script":"<script> [1562 bytes]","args":[{"selector":{"controlType":"sap.m.Input","viewName":"etm.portal.ui.managepartners.view.Master","viewId":"application-managepartners-display-component---masterPtm","properties":{"valueState":"None"},"searchOpenDialogs":true,"interaction":{"idSuffix":"inner"}},"wdio_ui5_key":"etmportal.ui.managepartners.view.Mastersap.m.Input{\"valueState\":\"None\"}"}]}
RESULT: {"script":"<script> [1562 bytes]","args":[{"selector":{"controlType":"sap.m.Input","viewName":"etm.portal.ui.managepartners.view.Master","viewId":"application-managepartners-display-component---masterPtm","properties":{"valueState":"None"},"searchOpenDialogs":true,"interaction":{"idSuffix":"inner"}},"wdio_ui5_key":"etmportal.ui.managepartners.view.Mastersap.m.Input{\"valueState\":\"None\"}"}]}
RESULT: undefined
COMMAND: POST /session/8d9404e4e9bea3f53a5c3520fcd44aec/execute/async - {"script":"<script> [776 bytes]","args":[{"enterText":"Bucure","selector":{"controlType":"sap.m.Input","viewName":"etm.portal.ui.managepartners.view.Master","viewId":"application-managepartners-display-component---masterPtm","properties":{"valueState":"None"},"searchOpenDialogs":true,"interaction":{"idSuffix":"inner"}},"clearTextFirst":true,"interactionType":"ENTER_TEXT"}]}
RESULT: {"script":"<script> [776 bytes]","args":[{"enterText":"Bucure","selector":{"controlType":"sap.m.Input","viewName":"etm.portal.ui.managepartners.view.Master","viewId":"application-managepartners-display-component---masterPtm","properties":{"valueState":"None"},"searchOpenDialogs":true,"interaction":{"idSuffix":"inner"}},"clearTextFirst":true,"interactionType":"ENTER_TEXT"}]}
COMMAND: POST /session/8d9404e4e9bea3f53a5c3520fcd44aec/actions - {"actions":[{"id":"action21","type":"key","parameters":{},"actions":[{"type":"keyDown","value":""},{"type":"pause","duration":10},{"type":"keyUp","value":""}]}]}
RESULT: {"actions":[{"id":"action21","type":"key","parameters":{},"actions":[{"type":"keyDown","value":""},{"type":"pause","duration":10},{"type":"keyUp","value":""}]}]}
COMMAND: GET /session/8d9404e4e9bea3f53a5c3520fcd44aec/screenshot - {}
RESULT: {}
COMMAND: POST /session/8d9404e4e9bea3f53a5c3520fcd44aec/element - {"using":"xpath","value":"(//bdi[contains(text(), \"OK\")])[1]"}
RESULT: {"using":"xpath","value":"(//bdi[contains(text(), \"OK\")])[1]"}
COMMAND: POST /session/8d9404e4e9bea3f53a5c3520fcd44aec/element/f.7EA17D048601C53176965B9346C1EB3C.d.7F009BBB575131EA203BE3642A54669A.e.6480/click - {}
RESULT: {}
COMMAND: GET /session/8d9404e4e9bea3f53a5c3520fcd44aec/screenshot - {}
RESULT: {}
COMMAND: POST /session/8d9404e4e9bea3f53a5c3520fcd44aec/element - {"using":"xpath","value":"//span[@id=\"application-managepartners-display-component---masterPtm--smartTable-header-inner\"]"}
RESULT: {"using":"xpath","value":"//span[@id=\"application-managepartners-display-component---masterPtm--smartTable-header-inner\"]"}
COMMAND: POST /session/8d9404e4e9bea3f53a5c3520fcd44aec/elements - {"using":"xpath","value":"//span[@id=\"application-managepartners-display-component---masterPtm--smartTable-header-inner\"]"}
RESULT: {"using":"xpath","value":"//span[@id=\"application-managepartners-display-component---masterPtm--smartTable-header-inner\"]"}
COMMAND: POST /session/8d9404e4e9bea3f53a5c3520fcd44aec/execute/sync - {"script":"<script> [56 bytes]","args":[{"element-6066-11e4-a52e-4f735466cecf":"f.7EA17D048601C53176965B9346C1EB3C.d.7F009BBB575131EA203BE3642A54669A.e.5629","ELEMENT":"f.7EA17D048601C53176965B9346C1EB3C.d.7F009BBB575131EA203BE3642A54669A.e.5629"}]}
RESULT: {"script":"<script> [56 bytes]","args":[{"element-6066-11e4-a52e-4f735466cecf":"f.7EA17D048601C53176965B9346C1EB3C.d.7F009BBB575131EA203BE3642A54669A.e.5629","ELEMENT":"f.7EA17D048601C53176965B9346C1EB3C.d.7F009BBB575131EA203BE3642A54669A.e.5629"}]}
COMMAND: POST /session/8d9404e4e9bea3f53a5c3520fcd44aec/element - {"using":"xpath","value":"//span[contains(@title, \"Remove\")]"}
COMMAND: GET /session/8d9404e4e9bea3f53a5c3520fcd44aec/screenshot - {}
RESULT: {"using":"xpath","value":"//span[contains(@title, \"Remove\")]"}
COMMAND: POST /session/8d9404e4e9bea3f53a5c3520fcd44aec/element/f.7EA17D048601C53176965B9346C1EB3C.d.7F009BBB575131EA203BE3642A54669A.e.6556/click - {}
RESULT: {}
RESULT: {}
COMMAND: GET /session/8d9404e4e9bea3f53a5c3520fcd44aec/screenshot - {}
RESULT: {}
COMMAND: POST /session/8d9404e4e9bea3f53a5c3520fcd44aec/element - {"using":"xpath","value":"//span[@id=\"application-managepartners-display-component---masterPtm--smartTable-header-inner\"]"}
RESULT: {"using":"xpath","value":"//span[@id=\"application-managepartners-display-component---masterPtm--smartTable-header-inner\"]"}
COMMAND: POST /session/8d9404e4e9bea3f53a5c3520fcd44aec/elements - {"using":"xpath","value":"//span[@id=\"application-managepartners-display-component---masterPtm--smartTable-header-inner\"]"}
RESULT: {"using":"xpath","value":"//span[@id=\"application-managepartners-display-component---masterPtm--smartTable-header-inner\"]"}
COMMAND: POST /session/8d9404e4e9bea3f53a5c3520fcd44aec/execute/sync - {"script":"<script> [56 bytes]","args":[{"element-6066-11e4-a52e-4f735466cecf":"f.7EA17D048601C53176965B9346C1EB3C.d.7F009BBB575131EA203BE3642A54669A.e.5629","ELEMENT":"f.7EA17D048601C53176965B9346C1EB3C.d.7F009BBB575131EA203BE3642A54669A.e.5629"}]}
RESULT: {"script":"<script> [56 bytes]","args":[{"element-6066-11e4-a52e-4f735466cecf":"f.7EA17D048601C53176965B9346C1EB3C.d.7F009BBB575131EA203BE3642A54669A.e.5629","ELEMENT":"f.7EA17D048601C53176965B9346C1EB3C.d.7F009BBB575131EA203BE3642A54669A.e.5629"}]}
COMMAND: POST /session/8d9404e4e9bea3f53a5c3520fcd44aec/element - {"using":"css selector","value":"#shell-header-logo"}
COMMAND: GET /session/8d9404e4e9bea3f53a5c3520fcd44aec/screenshot - {}
RESULT: {"using":"css selector","value":"#shell-header-logo"}
COMMAND: POST /session/8d9404e4e9bea3f53a5c3520fcd44aec/element/f.7EA17D048601C53176965B9346C1EB3C.d.7F009BBB575131EA203BE3642A54669A.e.5472/click - {}
RESULT: {}
RESULT: {}
COMMAND: GET /session/8d9404e4e9bea3f53a5c3520fcd44aec/screenshot - {}
RESULT: {}
]]></system-out>
    </testcase>
    <testcase classname="chrome.136_0_7103_93.windows.Partner_specific_tests_US150819_US151080_US151654_US151176_US103444_US151078_US151079_US151109_US151174_US151175_US151189" name="Should try to save empty partner US151174" time="50.137">
      <system-out><![CDATA[
COMMAND: POST /session/8d9404e4e9bea3f53a5c3520fcd44aec/element - {"using":"xpath","value":"//li[.//span[text()=\"Manage Partners\"]]"}
RESULT: {"using":"xpath","value":"//li[.//span[text()=\"Manage Partners\"]]"}
COMMAND: POST /session/8d9404e4e9bea3f53a5c3520fcd44aec/element - {"using":"xpath","value":"//li[.//span[text()=\"Manage Partners\"]]"}
RESULT: {"using":"xpath","value":"//li[.//span[text()=\"Manage Partners\"]]"}
COMMAND: POST /session/8d9404e4e9bea3f53a5c3520fcd44aec/element - {"using":"css selector","value":"#shell-header-logo"}
RESULT: {"using":"css selector","value":"#shell-header-logo"}
COMMAND: POST /session/8d9404e4e9bea3f53a5c3520fcd44aec/element/f.7EA17D048601C53176965B9346C1EB3C.d.7F009BBB575131EA203BE3642A54669A.e.6637/click - {}
COMMAND: POST /session/8d9404e4e9bea3f53a5c3520fcd44aec/execute/sync - {"script":"<script> [8489 bytes]","args":[{"element-6066-11e4-a52e-4f735466cecf":"f.7EA17D048601C53176965B9346C1EB3C.d.7F009BBB575131EA203BE3642A54669A.e.6637","ELEMENT":"f.7EA17D048601C53176965B9346C1EB3C.d.7F009BBB575131EA203BE3642A54669A.e.6637"}]}
RESULT: {"script":"<script> [8489 bytes]","args":[{"element-6066-11e4-a52e-4f735466cecf":"f.7EA17D048601C53176965B9346C1EB3C.d.7F009BBB575131EA203BE3642A54669A.e.6637","ELEMENT":"f.7EA17D048601C53176965B9346C1EB3C.d.7F009BBB575131EA203BE3642A54669A.e.6637"}]}
COMMAND: POST /session/8d9404e4e9bea3f53a5c3520fcd44aec/execute/sync - {"script":"<script> [5351 bytes]","args":[{"element-6066-11e4-a52e-4f735466cecf":"f.7EA17D048601C53176965B9346C1EB3C.d.7F009BBB575131EA203BE3642A54669A.e.6637","ELEMENT":"f.7EA17D048601C53176965B9346C1EB3C.d.7F009BBB575131EA203BE3642A54669A.e.6637"}]}
COMMAND: GET /session/8d9404e4e9bea3f53a5c3520fcd44aec/screenshot - {}
RESULT: {}
COMMAND: GET /session/8d9404e4e9bea3f53a5c3520fcd44aec/screenshot - {}
RESULT: {"script":"<script> [5351 bytes]","args":[{"element-6066-11e4-a52e-4f735466cecf":"f.7EA17D048601C53176965B9346C1EB3C.d.7F009BBB575131EA203BE3642A54669A.e.6637","ELEMENT":"f.7EA17D048601C53176965B9346C1EB3C.d.7F009BBB575131EA203BE3642A54669A.e.6637"}]}
COMMAND: GET /session/8d9404e4e9bea3f53a5c3520fcd44aec/screenshot - {}
RESULT: {}
RESULT: {}
RESULT: {}
RESULT: undefined
COMMAND: POST /session/8d9404e4e9bea3f53a5c3520fcd44aec/element - {"using":"xpath","value":"//*[@id=\"__tile30\"]"}
RESULT: {"using":"xpath","value":"//*[@id=\"__tile30\"]"}
COMMAND: POST /session/8d9404e4e9bea3f53a5c3520fcd44aec/element/f.7EA17D048601C53176965B9346C1EB3C.d.7F009BBB575131EA203BE3642A54669A.e.4189/click - {}
RESULT: {}
COMMAND: GET /session/8d9404e4e9bea3f53a5c3520fcd44aec/screenshot - {}
COMMAND: POST /session/8d9404e4e9bea3f53a5c3520fcd44aec/elements - {"using":"xpath","value":"//span[text()='Error']"}
RESULT: {}
RESULT: {"using":"xpath","value":"//span[text()='Error']"}
COMMAND: POST /session/8d9404e4e9bea3f53a5c3520fcd44aec/element - {"using":"xpath","value":"//button[@data-kt=\"addButton\"]"}
RESULT: {"using":"xpath","value":"//button[@data-kt=\"addButton\"]"}
COMMAND: POST /session/8d9404e4e9bea3f53a5c3520fcd44aec/elements - {"using":"xpath","value":"//button[@data-kt=\"addButton\"]"}
RESULT: {"using":"xpath","value":"//button[@data-kt=\"addButton\"]"}
COMMAND: POST /session/8d9404e4e9bea3f53a5c3520fcd44aec/elements - {"using":"xpath","value":"//button[@data-kt=\"addButton\"]"}
RESULT: {"using":"xpath","value":"//button[@data-kt=\"addButton\"]"}
COMMAND: POST /session/8d9404e4e9bea3f53a5c3520fcd44aec/elements - {"using":"xpath","value":"//button[@data-kt=\"addButton\"]"}
RESULT: {"using":"xpath","value":"//button[@data-kt=\"addButton\"]"}
COMMAND: POST /session/8d9404e4e9bea3f53a5c3520fcd44aec/element - {"using":"xpath","value":"//button[@data-kt=\"addButton\"]"}
RESULT: {"using":"xpath","value":"//button[@data-kt=\"addButton\"]"}
COMMAND: POST /session/8d9404e4e9bea3f53a5c3520fcd44aec/execute/sync - {"script":"<script> [8489 bytes]","args":[{"element-6066-11e4-a52e-4f735466cecf":"f.7EA17D048601C53176965B9346C1EB3C.d.7F009BBB575131EA203BE3642A54669A.e.6672","ELEMENT":"f.7EA17D048601C53176965B9346C1EB3C.d.7F009BBB575131EA203BE3642A54669A.e.6672"}]}
RESULT: {"script":"<script> [8489 bytes]","args":[{"element-6066-11e4-a52e-4f735466cecf":"f.7EA17D048601C53176965B9346C1EB3C.d.7F009BBB575131EA203BE3642A54669A.e.6672","ELEMENT":"f.7EA17D048601C53176965B9346C1EB3C.d.7F009BBB575131EA203BE3642A54669A.e.6672"}]}
COMMAND: GET /session/8d9404e4e9bea3f53a5c3520fcd44aec/element/f.7EA17D048601C53176965B9346C1EB3C.d.7F009BBB575131EA203BE3642A54669A.e.6672/enabled - {}
COMMAND: GET /session/8d9404e4e9bea3f53a5c3520fcd44aec/screenshot - {}
RESULT: {}
COMMAND: POST /session/8d9404e4e9bea3f53a5c3520fcd44aec/execute/sync - {"script":"<script> [8489 bytes]","args":[{"element-6066-11e4-a52e-4f735466cecf":"f.7EA17D048601C53176965B9346C1EB3C.d.7F009BBB575131EA203BE3642A54669A.e.6672","ELEMENT":"f.7EA17D048601C53176965B9346C1EB3C.d.7F009BBB575131EA203BE3642A54669A.e.6672"}]}
COMMAND: GET /session/8d9404e4e9bea3f53a5c3520fcd44aec/screenshot - {}
RESULT: {}
RESULT: {"script":"<script> [8489 bytes]","args":[{"element-6066-11e4-a52e-4f735466cecf":"f.7EA17D048601C53176965B9346C1EB3C.d.7F009BBB575131EA203BE3642A54669A.e.6672","ELEMENT":"f.7EA17D048601C53176965B9346C1EB3C.d.7F009BBB575131EA203BE3642A54669A.e.6672"}]}
COMMAND: POST /session/8d9404e4e9bea3f53a5c3520fcd44aec/execute/sync - {"script":"<script> [5351 bytes]","args":[{"element-6066-11e4-a52e-4f735466cecf":"f.7EA17D048601C53176965B9346C1EB3C.d.7F009BBB575131EA203BE3642A54669A.e.6672","ELEMENT":"f.7EA17D048601C53176965B9346C1EB3C.d.7F009BBB575131EA203BE3642A54669A.e.6672"}]}
COMMAND: GET /session/8d9404e4e9bea3f53a5c3520fcd44aec/screenshot - {}
RESULT: {}
RESULT: {"script":"<script> [5351 bytes]","args":[{"element-6066-11e4-a52e-4f735466cecf":"f.7EA17D048601C53176965B9346C1EB3C.d.7F009BBB575131EA203BE3642A54669A.e.6672","ELEMENT":"f.7EA17D048601C53176965B9346C1EB3C.d.7F009BBB575131EA203BE3642A54669A.e.6672"}]}
COMMAND: POST /session/8d9404e4e9bea3f53a5c3520fcd44aec/element/f.7EA17D048601C53176965B9346C1EB3C.d.7F009BBB575131EA203BE3642A54669A.e.6672/click - {}
COMMAND: GET /session/8d9404e4e9bea3f53a5c3520fcd44aec/screenshot - {}
RESULT: {}
RESULT: {}
COMMAND: GET /session/8d9404e4e9bea3f53a5c3520fcd44aec/screenshot - {}
RESULT: {}
COMMAND: POST /session/8d9404e4e9bea3f53a5c3520fcd44aec/element - {"using":"xpath","value":"//button[@data-kt=\"saveButton\"]"}
RESULT: {}
RESULT: {"using":"xpath","value":"//button[@data-kt=\"saveButton\"]"}
COMMAND: POST /session/8d9404e4e9bea3f53a5c3520fcd44aec/element/f.7EA17D048601C53176965B9346C1EB3C.d.7F009BBB575131EA203BE3642A54669A.e.7035/click - {}
RESULT: {}
COMMAND: GET /session/8d9404e4e9bea3f53a5c3520fcd44aec/screenshot - {}
RESULT: {}
COMMAND: POST /session/8d9404e4e9bea3f53a5c3520fcd44aec/element - {"using":"xpath","value":"//span[contains(@class, \"sapMMsgBoxText\")]"}
RESULT: {"using":"xpath","value":"//span[contains(@class, \"sapMMsgBoxText\")]"}
COMMAND: POST /session/8d9404e4e9bea3f53a5c3520fcd44aec/execute/sync - {"script":"<script> [56 bytes]","args":[{"element-6066-11e4-a52e-4f735466cecf":"f.7EA17D048601C53176965B9346C1EB3C.d.7F009BBB575131EA203BE3642A54669A.e.7057","ELEMENT":"f.7EA17D048601C53176965B9346C1EB3C.d.7F009BBB575131EA203BE3642A54669A.e.7057"}]}
RESULT: {"script":"<script> [56 bytes]","args":[{"element-6066-11e4-a52e-4f735466cecf":"f.7EA17D048601C53176965B9346C1EB3C.d.7F009BBB575131EA203BE3642A54669A.e.7057","ELEMENT":"f.7EA17D048601C53176965B9346C1EB3C.d.7F009BBB575131EA203BE3642A54669A.e.7057"}]}
COMMAND: POST /session/8d9404e4e9bea3f53a5c3520fcd44aec/element - {"using":"xpath","value":"(//bdi[contains(text(), \"Close\")])[1]"}
COMMAND: POST /session/8d9404e4e9bea3f53a5c3520fcd44aec/elements - {"using":"xpath","value":"//span[contains(@class, \"sapMMsgBoxText\")]"}
COMMAND: GET /session/8d9404e4e9bea3f53a5c3520fcd44aec/screenshot - {}
RESULT: {"using":"xpath","value":"(//bdi[contains(text(), \"Close\")])[1]"}
COMMAND: POST /session/8d9404e4e9bea3f53a5c3520fcd44aec/element/f.7EA17D048601C53176965B9346C1EB3C.d.7F009BBB575131EA203BE3642A54669A.e.7058/click - {}
RESULT: {"using":"xpath","value":"//span[contains(@class, \"sapMMsgBoxText\")]"}
RESULT: {}
RESULT: {}
COMMAND: GET /session/8d9404e4e9bea3f53a5c3520fcd44aec/screenshot - {}
COMMAND: POST /session/8d9404e4e9bea3f53a5c3520fcd44aec/element - {"using":"css selector","value":"#shell-header-logo"}
RESULT: {}
RESULT: {"using":"css selector","value":"#shell-header-logo"}
COMMAND: POST /session/8d9404e4e9bea3f53a5c3520fcd44aec/element/f.7EA17D048601C53176965B9346C1EB3C.d.7F009BBB575131EA203BE3642A54669A.e.6637/click - {}
RESULT: {}
COMMAND: GET /session/8d9404e4e9bea3f53a5c3520fcd44aec/screenshot - {}
RESULT: {}
]]></system-out>
    </testcase>
    <testcase classname="chrome.136_0_7103_93.windows.Partner_specific_tests_US150819_US151080_US151654_US151176_US103444_US151078_US151079_US151109_US151174_US151175_US151189" name="Should do various searches US151175" time="158.622">
      <system-out><![CDATA[
COMMAND: POST /session/8d9404e4e9bea3f53a5c3520fcd44aec/element - {"using":"xpath","value":"//li[.//span[text()=\"Manage Partners\"]]"}
RESULT: {"using":"xpath","value":"//li[.//span[text()=\"Manage Partners\"]]"}
COMMAND: POST /session/8d9404e4e9bea3f53a5c3520fcd44aec/element - {"using":"xpath","value":"//li[.//span[text()=\"Manage Partners\"]]"}
RESULT: {"using":"xpath","value":"//li[.//span[text()=\"Manage Partners\"]]"}
COMMAND: POST /session/8d9404e4e9bea3f53a5c3520fcd44aec/element - {"using":"css selector","value":"#shell-header-logo"}
RESULT: {"using":"css selector","value":"#shell-header-logo"}
COMMAND: POST /session/8d9404e4e9bea3f53a5c3520fcd44aec/element/f.7EA17D048601C53176965B9346C1EB3C.d.7F009BBB575131EA203BE3642A54669A.e.7060/click - {}
COMMAND: POST /session/8d9404e4e9bea3f53a5c3520fcd44aec/execute/sync - {"script":"<script> [8489 bytes]","args":[{"element-6066-11e4-a52e-4f735466cecf":"f.7EA17D048601C53176965B9346C1EB3C.d.7F009BBB575131EA203BE3642A54669A.e.7060","ELEMENT":"f.7EA17D048601C53176965B9346C1EB3C.d.7F009BBB575131EA203BE3642A54669A.e.7060"}]}
RESULT: {}
COMMAND: GET /session/8d9404e4e9bea3f53a5c3520fcd44aec/screenshot - {}
RESULT: {"script":"<script> [8489 bytes]","args":[{"element-6066-11e4-a52e-4f735466cecf":"f.7EA17D048601C53176965B9346C1EB3C.d.7F009BBB575131EA203BE3642A54669A.e.7060","ELEMENT":"f.7EA17D048601C53176965B9346C1EB3C.d.7F009BBB575131EA203BE3642A54669A.e.7060"}]}
COMMAND: POST /session/8d9404e4e9bea3f53a5c3520fcd44aec/execute/sync - {"script":"<script> [5351 bytes]","args":[{"element-6066-11e4-a52e-4f735466cecf":"f.7EA17D048601C53176965B9346C1EB3C.d.7F009BBB575131EA203BE3642A54669A.e.7060","ELEMENT":"f.7EA17D048601C53176965B9346C1EB3C.d.7F009BBB575131EA203BE3642A54669A.e.7060"}]}
COMMAND: GET /session/8d9404e4e9bea3f53a5c3520fcd44aec/screenshot - {}
RESULT: {}
RESULT: {"script":"<script> [5351 bytes]","args":[{"element-6066-11e4-a52e-4f735466cecf":"f.7EA17D048601C53176965B9346C1EB3C.d.7F009BBB575131EA203BE3642A54669A.e.7060","ELEMENT":"f.7EA17D048601C53176965B9346C1EB3C.d.7F009BBB575131EA203BE3642A54669A.e.7060"}]}
COMMAND: GET /session/8d9404e4e9bea3f53a5c3520fcd44aec/screenshot - {}
RESULT: {}
RESULT: {}
RESULT: undefined
COMMAND: POST /session/8d9404e4e9bea3f53a5c3520fcd44aec/element - {"using":"xpath","value":"//*[@id=\"__tile30\"]"}
RESULT: {"using":"xpath","value":"//*[@id=\"__tile30\"]"}
COMMAND: POST /session/8d9404e4e9bea3f53a5c3520fcd44aec/element/f.7EA17D048601C53176965B9346C1EB3C.d.7F009BBB575131EA203BE3642A54669A.e.4189/click - {}
RESULT: {}
COMMAND: GET /session/8d9404e4e9bea3f53a5c3520fcd44aec/screenshot - {}
RESULT: {}
COMMAND: POST /session/8d9404e4e9bea3f53a5c3520fcd44aec/elements - {"using":"xpath","value":"//span[text()='Error']"}
RESULT: {"using":"xpath","value":"//span[text()='Error']"}
COMMAND: POST /session/8d9404e4e9bea3f53a5c3520fcd44aec/element - {"using":"xpath","value":"//button[@data-kt=\"addButton\"]"}
RESULT: {"using":"xpath","value":"//button[@data-kt=\"addButton\"]"}
COMMAND: POST /session/8d9404e4e9bea3f53a5c3520fcd44aec/elements - {"using":"xpath","value":"//button[@data-kt=\"addButton\"]"}
RESULT: {"using":"xpath","value":"//button[@data-kt=\"addButton\"]"}
COMMAND: POST /session/8d9404e4e9bea3f53a5c3520fcd44aec/execute/sync - {"script":"<script> [8489 bytes]","args":[{"element-6066-11e4-a52e-4f735466cecf":"f.7EA17D048601C53176965B9346C1EB3C.d.7F009BBB575131EA203BE3642A54669A.e.7105","ELEMENT":"f.7EA17D048601C53176965B9346C1EB3C.d.7F009BBB575131EA203BE3642A54669A.e.7105"}]}
RESULT: {"script":"<script> [8489 bytes]","args":[{"element-6066-11e4-a52e-4f735466cecf":"f.7EA17D048601C53176965B9346C1EB3C.d.7F009BBB575131EA203BE3642A54669A.e.7105","ELEMENT":"f.7EA17D048601C53176965B9346C1EB3C.d.7F009BBB575131EA203BE3642A54669A.e.7105"}]}
COMMAND: GET /session/8d9404e4e9bea3f53a5c3520fcd44aec/element/f.7EA17D048601C53176965B9346C1EB3C.d.7F009BBB575131EA203BE3642A54669A.e.7105/enabled - {}
COMMAND: GET /session/8d9404e4e9bea3f53a5c3520fcd44aec/screenshot - {}
RESULT: {}
COMMAND: POST /session/8d9404e4e9bea3f53a5c3520fcd44aec/execute/sync - {"script":"<script> [8489 bytes]","args":[{"element-6066-11e4-a52e-4f735466cecf":"f.7EA17D048601C53176965B9346C1EB3C.d.7F009BBB575131EA203BE3642A54669A.e.7105","ELEMENT":"f.7EA17D048601C53176965B9346C1EB3C.d.7F009BBB575131EA203BE3642A54669A.e.7105"}]}
COMMAND: GET /session/8d9404e4e9bea3f53a5c3520fcd44aec/screenshot - {}
RESULT: {}
RESULT: {"script":"<script> [8489 bytes]","args":[{"element-6066-11e4-a52e-4f735466cecf":"f.7EA17D048601C53176965B9346C1EB3C.d.7F009BBB575131EA203BE3642A54669A.e.7105","ELEMENT":"f.7EA17D048601C53176965B9346C1EB3C.d.7F009BBB575131EA203BE3642A54669A.e.7105"}]}
COMMAND: POST /session/8d9404e4e9bea3f53a5c3520fcd44aec/execute/sync - {"script":"<script> [5351 bytes]","args":[{"element-6066-11e4-a52e-4f735466cecf":"f.7EA17D048601C53176965B9346C1EB3C.d.7F009BBB575131EA203BE3642A54669A.e.7105","ELEMENT":"f.7EA17D048601C53176965B9346C1EB3C.d.7F009BBB575131EA203BE3642A54669A.e.7105"}]}
COMMAND: GET /session/8d9404e4e9bea3f53a5c3520fcd44aec/screenshot - {}
RESULT: {}
RESULT: {"script":"<script> [5351 bytes]","args":[{"element-6066-11e4-a52e-4f735466cecf":"f.7EA17D048601C53176965B9346C1EB3C.d.7F009BBB575131EA203BE3642A54669A.e.7105","ELEMENT":"f.7EA17D048601C53176965B9346C1EB3C.d.7F009BBB575131EA203BE3642A54669A.e.7105"}]}
COMMAND: GET /session/8d9404e4e9bea3f53a5c3520fcd44aec/screenshot - {}
RESULT: {}
RESULT: {}
COMMAND: POST /session/8d9404e4e9bea3f53a5c3520fcd44aec/element - {"using":"xpath","value":"//span[@id=\"application-managepartners-display-component---masterPtm--smartTable-header-inner\"]"}
RESULT: {"using":"xpath","value":"//span[@id=\"application-managepartners-display-component---masterPtm--smartTable-header-inner\"]"}
COMMAND: POST /session/8d9404e4e9bea3f53a5c3520fcd44aec/elements - {"using":"xpath","value":"//span[@id=\"application-managepartners-display-component---masterPtm--smartTable-header-inner\"]"}
RESULT: {"using":"xpath","value":"//span[@id=\"application-managepartners-display-component---masterPtm--smartTable-header-inner\"]"}
COMMAND: POST /session/8d9404e4e9bea3f53a5c3520fcd44aec/execute/sync - {"script":"<script> [56 bytes]","args":[{"element-6066-11e4-a52e-4f735466cecf":"f.7EA17D048601C53176965B9346C1EB3C.d.7F009BBB575131EA203BE3642A54669A.e.7215","ELEMENT":"f.7EA17D048601C53176965B9346C1EB3C.d.7F009BBB575131EA203BE3642A54669A.e.7215"}]}
RESULT: {"script":"<script> [56 bytes]","args":[{"element-6066-11e4-a52e-4f735466cecf":"f.7EA17D048601C53176965B9346C1EB3C.d.7F009BBB575131EA203BE3642A54669A.e.7215","ELEMENT":"f.7EA17D048601C53176965B9346C1EB3C.d.7F009BBB575131EA203BE3642A54669A.e.7215"}]}
RESULT: undefined
COMMAND: POST /session/8d9404e4e9bea3f53a5c3520fcd44aec/element - {"using":"xpath","value":"//*[@id=\"application-managepartners-display-component---masterPtm--smartFilterBar-btnFilters\"]"}
COMMAND: GET /session/8d9404e4e9bea3f53a5c3520fcd44aec/screenshot - {}
RESULT: {"using":"xpath","value":"//*[@id=\"application-managepartners-display-component---masterPtm--smartFilterBar-btnFilters\"]"}
COMMAND: POST /session/8d9404e4e9bea3f53a5c3520fcd44aec/element/f.7EA17D048601C53176965B9346C1EB3C.d.7F009BBB575131EA203BE3642A54669A.e.7070/click - {}
RESULT: {}
RESULT: {}
COMMAND: GET /session/8d9404e4e9bea3f53a5c3520fcd44aec/screenshot - {}
RESULT: {}
COMMAND: POST /session/8d9404e4e9bea3f53a5c3520fcd44aec/elements - {"using":"xpath","value":"//table[contains(@id, \"listView-innerSelectionPanelTable-listUl\")]/tbody/tr"}
RESULT: {"using":"xpath","value":"//table[contains(@id, \"listView-innerSelectionPanelTable-listUl\")]/tbody/tr"}
COMMAND: POST /session/8d9404e4e9bea3f53a5c3520fcd44aec/element - {"using":"xpath","value":"//table[contains(@id, \"listView-innerSelectionPanelTable-listUl\")]/tbody/tr[2]/td[2]/div/div"}
RESULT: {"using":"xpath","value":"//table[contains(@id, \"listView-innerSelectionPanelTable-listUl\")]/tbody/tr[2]/td[2]/div/div"}
COMMAND: POST /session/8d9404e4e9bea3f53a5c3520fcd44aec/element - {"using":"xpath","value":"//table[contains(@id, \"listView-innerSelectionPanelTable-listUl\")]/tbody/tr[2]/td[2]/div"}
RESULT: {"using":"xpath","value":"//table[contains(@id, \"listView-innerSelectionPanelTable-listUl\")]/tbody/tr[2]/td[2]/div"}
COMMAND: POST /session/8d9404e4e9bea3f53a5c3520fcd44aec/element - {"using":"xpath","value":"//table[contains(@id, \"listView-innerSelectionPanelTable-listUl\")]/tbody/tr[2]/td[3]/div/div/span/span[1]/bdi"}
RESULT: {"using":"xpath","value":"//table[contains(@id, \"listView-innerSelectionPanelTable-listUl\")]/tbody/tr[2]/td[3]/div/div/span/span[1]/bdi"}
COMMAND: POST /session/8d9404e4e9bea3f53a5c3520fcd44aec/execute/sync - {"script":"<script> [56 bytes]","args":[{"element-6066-11e4-a52e-4f735466cecf":"f.7EA17D048601C53176965B9346C1EB3C.d.7F009BBB575131EA203BE3642A54669A.e.7283","ELEMENT":"f.7EA17D048601C53176965B9346C1EB3C.d.7F009BBB575131EA203BE3642A54669A.e.7283"}]}
RESULT: {"script":"<script> [56 bytes]","args":[{"element-6066-11e4-a52e-4f735466cecf":"f.7EA17D048601C53176965B9346C1EB3C.d.7F009BBB575131EA203BE3642A54669A.e.7283","ELEMENT":"f.7EA17D048601C53176965B9346C1EB3C.d.7F009BBB575131EA203BE3642A54669A.e.7283"}]}
COMMAND: GET /session/8d9404e4e9bea3f53a5c3520fcd44aec/element/f.7EA17D048601C53176965B9346C1EB3C.d.7F009BBB575131EA203BE3642A54669A.e.7282/attribute/aria-checked - {}
COMMAND: GET /session/8d9404e4e9bea3f53a5c3520fcd44aec/screenshot - {}
RESULT: {}
COMMAND: POST /session/8d9404e4e9bea3f53a5c3520fcd44aec/element - {"using":"xpath","value":"//table[contains(@id, \"listView-innerSelectionPanelTable-listUl\")]/tbody/tr[3]/td[2]/div/div"}
RESULT: {}
RESULT: {"using":"xpath","value":"//table[contains(@id, \"listView-innerSelectionPanelTable-listUl\")]/tbody/tr[3]/td[2]/div/div"}
COMMAND: POST /session/8d9404e4e9bea3f53a5c3520fcd44aec/element - {"using":"xpath","value":"//table[contains(@id, \"listView-innerSelectionPanelTable-listUl\")]/tbody/tr[3]/td[2]/div"}
RESULT: {"using":"xpath","value":"//table[contains(@id, \"listView-innerSelectionPanelTable-listUl\")]/tbody/tr[3]/td[2]/div"}
COMMAND: POST /session/8d9404e4e9bea3f53a5c3520fcd44aec/element - {"using":"xpath","value":"//table[contains(@id, \"listView-innerSelectionPanelTable-listUl\")]/tbody/tr[3]/td[3]/div/div/span/span[1]/bdi"}
RESULT: {"using":"xpath","value":"//table[contains(@id, \"listView-innerSelectionPanelTable-listUl\")]/tbody/tr[3]/td[3]/div/div/span/span[1]/bdi"}
COMMAND: POST /session/8d9404e4e9bea3f53a5c3520fcd44aec/execute/sync - {"script":"<script> [56 bytes]","args":[{"element-6066-11e4-a52e-4f735466cecf":"f.7EA17D048601C53176965B9346C1EB3C.d.7F009BBB575131EA203BE3642A54669A.e.7286","ELEMENT":"f.7EA17D048601C53176965B9346C1EB3C.d.7F009BBB575131EA203BE3642A54669A.e.7286"}]}
RESULT: {"script":"<script> [56 bytes]","args":[{"element-6066-11e4-a52e-4f735466cecf":"f.7EA17D048601C53176965B9346C1EB3C.d.7F009BBB575131EA203BE3642A54669A.e.7286","ELEMENT":"f.7EA17D048601C53176965B9346C1EB3C.d.7F009BBB575131EA203BE3642A54669A.e.7286"}]}
COMMAND: GET /session/8d9404e4e9bea3f53a5c3520fcd44aec/element/f.7EA17D048601C53176965B9346C1EB3C.d.7F009BBB575131EA203BE3642A54669A.e.7285/attribute/aria-checked - {}
COMMAND: GET /session/8d9404e4e9bea3f53a5c3520fcd44aec/screenshot - {}
RESULT: {}
COMMAND: POST /session/8d9404e4e9bea3f53a5c3520fcd44aec/element - {"using":"xpath","value":"//table[contains(@id, \"listView-innerSelectionPanelTable-listUl\")]/tbody/tr[4]/td[2]/div/div"}
RESULT: {}
RESULT: {"using":"xpath","value":"//table[contains(@id, \"listView-innerSelectionPanelTable-listUl\")]/tbody/tr[4]/td[2]/div/div"}
COMMAND: POST /session/8d9404e4e9bea3f53a5c3520fcd44aec/element - {"using":"xpath","value":"//table[contains(@id, \"listView-innerSelectionPanelTable-listUl\")]/tbody/tr[4]/td[2]/div"}
RESULT: {"using":"xpath","value":"//table[contains(@id, \"listView-innerSelectionPanelTable-listUl\")]/tbody/tr[4]/td[2]/div"}
COMMAND: POST /session/8d9404e4e9bea3f53a5c3520fcd44aec/element - {"using":"xpath","value":"//table[contains(@id, \"listView-innerSelectionPanelTable-listUl\")]/tbody/tr[4]/td[3]/div/div/span/span[1]/bdi"}
RESULT: {"using":"xpath","value":"//table[contains(@id, \"listView-innerSelectionPanelTable-listUl\")]/tbody/tr[4]/td[3]/div/div/span/span[1]/bdi"}
COMMAND: POST /session/8d9404e4e9bea3f53a5c3520fcd44aec/execute/sync - {"script":"<script> [56 bytes]","args":[{"element-6066-11e4-a52e-4f735466cecf":"f.7EA17D048601C53176965B9346C1EB3C.d.7F009BBB575131EA203BE3642A54669A.e.7289","ELEMENT":"f.7EA17D048601C53176965B9346C1EB3C.d.7F009BBB575131EA203BE3642A54669A.e.7289"}]}
RESULT: {"script":"<script> [56 bytes]","args":[{"element-6066-11e4-a52e-4f735466cecf":"f.7EA17D048601C53176965B9346C1EB3C.d.7F009BBB575131EA203BE3642A54669A.e.7289","ELEMENT":"f.7EA17D048601C53176965B9346C1EB3C.d.7F009BBB575131EA203BE3642A54669A.e.7289"}]}
COMMAND: GET /session/8d9404e4e9bea3f53a5c3520fcd44aec/element/f.7EA17D048601C53176965B9346C1EB3C.d.7F009BBB575131EA203BE3642A54669A.e.7288/attribute/aria-checked - {}
COMMAND: GET /session/8d9404e4e9bea3f53a5c3520fcd44aec/screenshot - {}
RESULT: {}
COMMAND: POST /session/8d9404e4e9bea3f53a5c3520fcd44aec/element - {"using":"xpath","value":"//table[contains(@id, \"listView-innerSelectionPanelTable-listUl\")]/tbody/tr[5]/td[2]/div/div"}
RESULT: {}
RESULT: {"using":"xpath","value":"//table[contains(@id, \"listView-innerSelectionPanelTable-listUl\")]/tbody/tr[5]/td[2]/div/div"}
COMMAND: POST /session/8d9404e4e9bea3f53a5c3520fcd44aec/element - {"using":"xpath","value":"//table[contains(@id, \"listView-innerSelectionPanelTable-listUl\")]/tbody/tr[5]/td[2]/div"}
RESULT: {"using":"xpath","value":"//table[contains(@id, \"listView-innerSelectionPanelTable-listUl\")]/tbody/tr[5]/td[2]/div"}
COMMAND: POST /session/8d9404e4e9bea3f53a5c3520fcd44aec/element - {"using":"xpath","value":"//table[contains(@id, \"listView-innerSelectionPanelTable-listUl\")]/tbody/tr[5]/td[3]/div/div/span/span[1]/bdi"}
RESULT: {"using":"xpath","value":"//table[contains(@id, \"listView-innerSelectionPanelTable-listUl\")]/tbody/tr[5]/td[3]/div/div/span/span[1]/bdi"}
COMMAND: POST /session/8d9404e4e9bea3f53a5c3520fcd44aec/execute/sync - {"script":"<script> [56 bytes]","args":[{"element-6066-11e4-a52e-4f735466cecf":"f.7EA17D048601C53176965B9346C1EB3C.d.7F009BBB575131EA203BE3642A54669A.e.7292","ELEMENT":"f.7EA17D048601C53176965B9346C1EB3C.d.7F009BBB575131EA203BE3642A54669A.e.7292"}]}
RESULT: {"script":"<script> [56 bytes]","args":[{"element-6066-11e4-a52e-4f735466cecf":"f.7EA17D048601C53176965B9346C1EB3C.d.7F009BBB575131EA203BE3642A54669A.e.7292","ELEMENT":"f.7EA17D048601C53176965B9346C1EB3C.d.7F009BBB575131EA203BE3642A54669A.e.7292"}]}
COMMAND: GET /session/8d9404e4e9bea3f53a5c3520fcd44aec/element/f.7EA17D048601C53176965B9346C1EB3C.d.7F009BBB575131EA203BE3642A54669A.e.7291/attribute/aria-checked - {}
COMMAND: GET /session/8d9404e4e9bea3f53a5c3520fcd44aec/screenshot - {}
RESULT: {}
COMMAND: POST /session/8d9404e4e9bea3f53a5c3520fcd44aec/element - {"using":"xpath","value":"//table[contains(@id, \"listView-innerSelectionPanelTable-listUl\")]/tbody/tr[6]/td[2]/div/div"}
RESULT: {}
RESULT: {"using":"xpath","value":"//table[contains(@id, \"listView-innerSelectionPanelTable-listUl\")]/tbody/tr[6]/td[2]/div/div"}
COMMAND: POST /session/8d9404e4e9bea3f53a5c3520fcd44aec/element - {"using":"xpath","value":"//table[contains(@id, \"listView-innerSelectionPanelTable-listUl\")]/tbody/tr[6]/td[2]/div"}
RESULT: {"using":"xpath","value":"//table[contains(@id, \"listView-innerSelectionPanelTable-listUl\")]/tbody/tr[6]/td[2]/div"}
COMMAND: POST /session/8d9404e4e9bea3f53a5c3520fcd44aec/element - {"using":"xpath","value":"//table[contains(@id, \"listView-innerSelectionPanelTable-listUl\")]/tbody/tr[6]/td[3]/div/div/span/span[1]/bdi"}
RESULT: {"using":"xpath","value":"//table[contains(@id, \"listView-innerSelectionPanelTable-listUl\")]/tbody/tr[6]/td[3]/div/div/span/span[1]/bdi"}
COMMAND: POST /session/8d9404e4e9bea3f53a5c3520fcd44aec/execute/sync - {"script":"<script> [56 bytes]","args":[{"element-6066-11e4-a52e-4f735466cecf":"f.7EA17D048601C53176965B9346C1EB3C.d.7F009BBB575131EA203BE3642A54669A.e.7295","ELEMENT":"f.7EA17D048601C53176965B9346C1EB3C.d.7F009BBB575131EA203BE3642A54669A.e.7295"}]}
RESULT: {"script":"<script> [56 bytes]","args":[{"element-6066-11e4-a52e-4f735466cecf":"f.7EA17D048601C53176965B9346C1EB3C.d.7F009BBB575131EA203BE3642A54669A.e.7295","ELEMENT":"f.7EA17D048601C53176965B9346C1EB3C.d.7F009BBB575131EA203BE3642A54669A.e.7295"}]}
COMMAND: GET /session/8d9404e4e9bea3f53a5c3520fcd44aec/element/f.7EA17D048601C53176965B9346C1EB3C.d.7F009BBB575131EA203BE3642A54669A.e.7294/attribute/aria-checked - {}
COMMAND: GET /session/8d9404e4e9bea3f53a5c3520fcd44aec/screenshot - {}
RESULT: {}
COMMAND: POST /session/8d9404e4e9bea3f53a5c3520fcd44aec/element - {"using":"xpath","value":"//table[contains(@id, \"listView-innerSelectionPanelTable-listUl\")]/tbody/tr[7]/td[2]/div/div"}
RESULT: {}
RESULT: {"using":"xpath","value":"//table[contains(@id, \"listView-innerSelectionPanelTable-listUl\")]/tbody/tr[7]/td[2]/div/div"}
COMMAND: POST /session/8d9404e4e9bea3f53a5c3520fcd44aec/element - {"using":"xpath","value":"//table[contains(@id, \"listView-innerSelectionPanelTable-listUl\")]/tbody/tr[7]/td[2]/div"}
RESULT: {"using":"xpath","value":"//table[contains(@id, \"listView-innerSelectionPanelTable-listUl\")]/tbody/tr[7]/td[2]/div"}
COMMAND: POST /session/8d9404e4e9bea3f53a5c3520fcd44aec/element - {"using":"xpath","value":"//table[contains(@id, \"listView-innerSelectionPanelTable-listUl\")]/tbody/tr[7]/td[3]/div/div/span/span[1]/bdi"}
RESULT: {"using":"xpath","value":"//table[contains(@id, \"listView-innerSelectionPanelTable-listUl\")]/tbody/tr[7]/td[3]/div/div/span/span[1]/bdi"}
COMMAND: POST /session/8d9404e4e9bea3f53a5c3520fcd44aec/execute/sync - {"script":"<script> [56 bytes]","args":[{"element-6066-11e4-a52e-4f735466cecf":"f.7EA17D048601C53176965B9346C1EB3C.d.7F009BBB575131EA203BE3642A54669A.e.7298","ELEMENT":"f.7EA17D048601C53176965B9346C1EB3C.d.7F009BBB575131EA203BE3642A54669A.e.7298"}]}
RESULT: {"script":"<script> [56 bytes]","args":[{"element-6066-11e4-a52e-4f735466cecf":"f.7EA17D048601C53176965B9346C1EB3C.d.7F009BBB575131EA203BE3642A54669A.e.7298","ELEMENT":"f.7EA17D048601C53176965B9346C1EB3C.d.7F009BBB575131EA203BE3642A54669A.e.7298"}]}
COMMAND: GET /session/8d9404e4e9bea3f53a5c3520fcd44aec/element/f.7EA17D048601C53176965B9346C1EB3C.d.7F009BBB575131EA203BE3642A54669A.e.7297/attribute/aria-checked - {}
COMMAND: GET /session/8d9404e4e9bea3f53a5c3520fcd44aec/screenshot - {}
RESULT: {}
COMMAND: POST /session/8d9404e4e9bea3f53a5c3520fcd44aec/element - {"using":"xpath","value":"//table[contains(@id, \"listView-innerSelectionPanelTable-listUl\")]/tbody/tr[8]/td[2]/div/div"}
RESULT: {}
RESULT: {"using":"xpath","value":"//table[contains(@id, \"listView-innerSelectionPanelTable-listUl\")]/tbody/tr[8]/td[2]/div/div"}
COMMAND: POST /session/8d9404e4e9bea3f53a5c3520fcd44aec/element - {"using":"xpath","value":"//table[contains(@id, \"listView-innerSelectionPanelTable-listUl\")]/tbody/tr[8]/td[2]/div"}
RESULT: {"using":"xpath","value":"//table[contains(@id, \"listView-innerSelectionPanelTable-listUl\")]/tbody/tr[8]/td[2]/div"}
COMMAND: POST /session/8d9404e4e9bea3f53a5c3520fcd44aec/element - {"using":"xpath","value":"//table[contains(@id, \"listView-innerSelectionPanelTable-listUl\")]/tbody/tr[8]/td[3]/div/div/span/span[1]/bdi"}
RESULT: {"using":"xpath","value":"//table[contains(@id, \"listView-innerSelectionPanelTable-listUl\")]/tbody/tr[8]/td[3]/div/div/span/span[1]/bdi"}
COMMAND: POST /session/8d9404e4e9bea3f53a5c3520fcd44aec/execute/sync - {"script":"<script> [56 bytes]","args":[{"element-6066-11e4-a52e-4f735466cecf":"f.7EA17D048601C53176965B9346C1EB3C.d.7F009BBB575131EA203BE3642A54669A.e.7301","ELEMENT":"f.7EA17D048601C53176965B9346C1EB3C.d.7F009BBB575131EA203BE3642A54669A.e.7301"}]}
RESULT: {"script":"<script> [56 bytes]","args":[{"element-6066-11e4-a52e-4f735466cecf":"f.7EA17D048601C53176965B9346C1EB3C.d.7F009BBB575131EA203BE3642A54669A.e.7301","ELEMENT":"f.7EA17D048601C53176965B9346C1EB3C.d.7F009BBB575131EA203BE3642A54669A.e.7301"}]}
COMMAND: GET /session/8d9404e4e9bea3f53a5c3520fcd44aec/element/f.7EA17D048601C53176965B9346C1EB3C.d.7F009BBB575131EA203BE3642A54669A.e.7300/attribute/aria-checked - {}
COMMAND: GET /session/8d9404e4e9bea3f53a5c3520fcd44aec/screenshot - {}
RESULT: {}
COMMAND: POST /session/8d9404e4e9bea3f53a5c3520fcd44aec/element - {"using":"xpath","value":"//table[contains(@id, \"listView-innerSelectionPanelTable-listUl\")]/tbody/tr[9]/td[2]/div/div"}
RESULT: {}
RESULT: {"using":"xpath","value":"//table[contains(@id, \"listView-innerSelectionPanelTable-listUl\")]/tbody/tr[9]/td[2]/div/div"}
COMMAND: POST /session/8d9404e4e9bea3f53a5c3520fcd44aec/element - {"using":"xpath","value":"//table[contains(@id, \"listView-innerSelectionPanelTable-listUl\")]/tbody/tr[9]/td[2]/div"}
RESULT: {"using":"xpath","value":"//table[contains(@id, \"listView-innerSelectionPanelTable-listUl\")]/tbody/tr[9]/td[2]/div"}
COMMAND: POST /session/8d9404e4e9bea3f53a5c3520fcd44aec/element - {"using":"xpath","value":"//table[contains(@id, \"listView-innerSelectionPanelTable-listUl\")]/tbody/tr[9]/td[3]/div/div/span/span[1]/bdi"}
RESULT: {"using":"xpath","value":"//table[contains(@id, \"listView-innerSelectionPanelTable-listUl\")]/tbody/tr[9]/td[3]/div/div/span/span[1]/bdi"}
COMMAND: POST /session/8d9404e4e9bea3f53a5c3520fcd44aec/execute/sync - {"script":"<script> [56 bytes]","args":[{"element-6066-11e4-a52e-4f735466cecf":"f.7EA17D048601C53176965B9346C1EB3C.d.7F009BBB575131EA203BE3642A54669A.e.7304","ELEMENT":"f.7EA17D048601C53176965B9346C1EB3C.d.7F009BBB575131EA203BE3642A54669A.e.7304"}]}
RESULT: {"script":"<script> [56 bytes]","args":[{"element-6066-11e4-a52e-4f735466cecf":"f.7EA17D048601C53176965B9346C1EB3C.d.7F009BBB575131EA203BE3642A54669A.e.7304","ELEMENT":"f.7EA17D048601C53176965B9346C1EB3C.d.7F009BBB575131EA203BE3642A54669A.e.7304"}]}
COMMAND: GET /session/8d9404e4e9bea3f53a5c3520fcd44aec/element/f.7EA17D048601C53176965B9346C1EB3C.d.7F009BBB575131EA203BE3642A54669A.e.7303/attribute/aria-checked - {}
COMMAND: GET /session/8d9404e4e9bea3f53a5c3520fcd44aec/screenshot - {}
RESULT: {}
COMMAND: POST /session/8d9404e4e9bea3f53a5c3520fcd44aec/element - {"using":"xpath","value":"//table[contains(@id, \"listView-innerSelectionPanelTable-listUl\")]/tbody/tr[10]/td[2]/div/div"}
RESULT: {}
RESULT: {"using":"xpath","value":"//table[contains(@id, \"listView-innerSelectionPanelTable-listUl\")]/tbody/tr[10]/td[2]/div/div"}
COMMAND: POST /session/8d9404e4e9bea3f53a5c3520fcd44aec/element - {"using":"xpath","value":"//table[contains(@id, \"listView-innerSelectionPanelTable-listUl\")]/tbody/tr[10]/td[2]/div"}
RESULT: {"using":"xpath","value":"//table[contains(@id, \"listView-innerSelectionPanelTable-listUl\")]/tbody/tr[10]/td[2]/div"}
COMMAND: POST /session/8d9404e4e9bea3f53a5c3520fcd44aec/element - {"using":"xpath","value":"//table[contains(@id, \"listView-innerSelectionPanelTable-listUl\")]/tbody/tr[10]/td[3]/div/div/span/span[1]/bdi"}
RESULT: {"using":"xpath","value":"//table[contains(@id, \"listView-innerSelectionPanelTable-listUl\")]/tbody/tr[10]/td[3]/div/div/span/span[1]/bdi"}
COMMAND: POST /session/8d9404e4e9bea3f53a5c3520fcd44aec/execute/sync - {"script":"<script> [56 bytes]","args":[{"element-6066-11e4-a52e-4f735466cecf":"f.7EA17D048601C53176965B9346C1EB3C.d.7F009BBB575131EA203BE3642A54669A.e.7307","ELEMENT":"f.7EA17D048601C53176965B9346C1EB3C.d.7F009BBB575131EA203BE3642A54669A.e.7307"}]}
RESULT: {"script":"<script> [56 bytes]","args":[{"element-6066-11e4-a52e-4f735466cecf":"f.7EA17D048601C53176965B9346C1EB3C.d.7F009BBB575131EA203BE3642A54669A.e.7307","ELEMENT":"f.7EA17D048601C53176965B9346C1EB3C.d.7F009BBB575131EA203BE3642A54669A.e.7307"}]}
COMMAND: GET /session/8d9404e4e9bea3f53a5c3520fcd44aec/element/f.7EA17D048601C53176965B9346C1EB3C.d.7F009BBB575131EA203BE3642A54669A.e.7306/attribute/aria-checked - {}
COMMAND: GET /session/8d9404e4e9bea3f53a5c3520fcd44aec/screenshot - {}
RESULT: {}
COMMAND: POST /session/8d9404e4e9bea3f53a5c3520fcd44aec/element - {"using":"xpath","value":"//table[contains(@id, \"listView-innerSelectionPanelTable-listUl\")]/tbody/tr[11]/td[2]/div/div"}
RESULT: {}
RESULT: {"using":"xpath","value":"//table[contains(@id, \"listView-innerSelectionPanelTable-listUl\")]/tbody/tr[11]/td[2]/div/div"}
COMMAND: POST /session/8d9404e4e9bea3f53a5c3520fcd44aec/element - {"using":"xpath","value":"//table[contains(@id, \"listView-innerSelectionPanelTable-listUl\")]/tbody/tr[11]/td[2]/div"}
RESULT: {"using":"xpath","value":"//table[contains(@id, \"listView-innerSelectionPanelTable-listUl\")]/tbody/tr[11]/td[2]/div"}
COMMAND: POST /session/8d9404e4e9bea3f53a5c3520fcd44aec/element - {"using":"xpath","value":"//table[contains(@id, \"listView-innerSelectionPanelTable-listUl\")]/tbody/tr[11]/td[3]/div/div/span/span[1]/bdi"}
RESULT: {"using":"xpath","value":"//table[contains(@id, \"listView-innerSelectionPanelTable-listUl\")]/tbody/tr[11]/td[3]/div/div/span/span[1]/bdi"}
COMMAND: POST /session/8d9404e4e9bea3f53a5c3520fcd44aec/execute/sync - {"script":"<script> [56 bytes]","args":[{"element-6066-11e4-a52e-4f735466cecf":"f.7EA17D048601C53176965B9346C1EB3C.d.7F009BBB575131EA203BE3642A54669A.e.7310","ELEMENT":"f.7EA17D048601C53176965B9346C1EB3C.d.7F009BBB575131EA203BE3642A54669A.e.7310"}]}
RESULT: {"script":"<script> [56 bytes]","args":[{"element-6066-11e4-a52e-4f735466cecf":"f.7EA17D048601C53176965B9346C1EB3C.d.7F009BBB575131EA203BE3642A54669A.e.7310","ELEMENT":"f.7EA17D048601C53176965B9346C1EB3C.d.7F009BBB575131EA203BE3642A54669A.e.7310"}]}
COMMAND: GET /session/8d9404e4e9bea3f53a5c3520fcd44aec/element/f.7EA17D048601C53176965B9346C1EB3C.d.7F009BBB575131EA203BE3642A54669A.e.7309/attribute/aria-checked - {}
COMMAND: GET /session/8d9404e4e9bea3f53a5c3520fcd44aec/screenshot - {}
RESULT: {}
COMMAND: POST /session/8d9404e4e9bea3f53a5c3520fcd44aec/element - {"using":"xpath","value":"//table[contains(@id, \"listView-innerSelectionPanelTable-listUl\")]/tbody/tr[12]/td[2]/div/div"}
RESULT: {}
RESULT: {"using":"xpath","value":"//table[contains(@id, \"listView-innerSelectionPanelTable-listUl\")]/tbody/tr[12]/td[2]/div/div"}
COMMAND: POST /session/8d9404e4e9bea3f53a5c3520fcd44aec/element - {"using":"xpath","value":"//table[contains(@id, \"listView-innerSelectionPanelTable-listUl\")]/tbody/tr[12]/td[2]/div"}
RESULT: {"using":"xpath","value":"//table[contains(@id, \"listView-innerSelectionPanelTable-listUl\")]/tbody/tr[12]/td[2]/div"}
COMMAND: POST /session/8d9404e4e9bea3f53a5c3520fcd44aec/element - {"using":"xpath","value":"//table[contains(@id, \"listView-innerSelectionPanelTable-listUl\")]/tbody/tr[12]/td[3]/div/div/span/span[1]/bdi"}
RESULT: {"using":"xpath","value":"//table[contains(@id, \"listView-innerSelectionPanelTable-listUl\")]/tbody/tr[12]/td[3]/div/div/span/span[1]/bdi"}
COMMAND: POST /session/8d9404e4e9bea3f53a5c3520fcd44aec/execute/sync - {"script":"<script> [56 bytes]","args":[{"element-6066-11e4-a52e-4f735466cecf":"f.7EA17D048601C53176965B9346C1EB3C.d.7F009BBB575131EA203BE3642A54669A.e.7313","ELEMENT":"f.7EA17D048601C53176965B9346C1EB3C.d.7F009BBB575131EA203BE3642A54669A.e.7313"}]}
RESULT: {"script":"<script> [56 bytes]","args":[{"element-6066-11e4-a52e-4f735466cecf":"f.7EA17D048601C53176965B9346C1EB3C.d.7F009BBB575131EA203BE3642A54669A.e.7313","ELEMENT":"f.7EA17D048601C53176965B9346C1EB3C.d.7F009BBB575131EA203BE3642A54669A.e.7313"}]}
COMMAND: GET /session/8d9404e4e9bea3f53a5c3520fcd44aec/element/f.7EA17D048601C53176965B9346C1EB3C.d.7F009BBB575131EA203BE3642A54669A.e.7312/attribute/aria-checked - {}
COMMAND: GET /session/8d9404e4e9bea3f53a5c3520fcd44aec/screenshot - {}
RESULT: {}
COMMAND: POST /session/8d9404e4e9bea3f53a5c3520fcd44aec/element - {"using":"xpath","value":"//table[contains(@id, \"listView-innerSelectionPanelTable-listUl\")]/tbody/tr[13]/td[2]/div/div"}
RESULT: {}
RESULT: {"using":"xpath","value":"//table[contains(@id, \"listView-innerSelectionPanelTable-listUl\")]/tbody/tr[13]/td[2]/div/div"}
COMMAND: POST /session/8d9404e4e9bea3f53a5c3520fcd44aec/element - {"using":"xpath","value":"//table[contains(@id, \"listView-innerSelectionPanelTable-listUl\")]/tbody/tr[13]/td[2]/div"}
RESULT: {"using":"xpath","value":"//table[contains(@id, \"listView-innerSelectionPanelTable-listUl\")]/tbody/tr[13]/td[2]/div"}
COMMAND: POST /session/8d9404e4e9bea3f53a5c3520fcd44aec/element - {"using":"xpath","value":"//table[contains(@id, \"listView-innerSelectionPanelTable-listUl\")]/tbody/tr[13]/td[3]/div/div/span/span[1]/bdi"}
RESULT: {"using":"xpath","value":"//table[contains(@id, \"listView-innerSelectionPanelTable-listUl\")]/tbody/tr[13]/td[3]/div/div/span/span[1]/bdi"}
COMMAND: POST /session/8d9404e4e9bea3f53a5c3520fcd44aec/execute/sync - {"script":"<script> [56 bytes]","args":[{"element-6066-11e4-a52e-4f735466cecf":"f.7EA17D048601C53176965B9346C1EB3C.d.7F009BBB575131EA203BE3642A54669A.e.7316","ELEMENT":"f.7EA17D048601C53176965B9346C1EB3C.d.7F009BBB575131EA203BE3642A54669A.e.7316"}]}
RESULT: {"script":"<script> [56 bytes]","args":[{"element-6066-11e4-a52e-4f735466cecf":"f.7EA17D048601C53176965B9346C1EB3C.d.7F009BBB575131EA203BE3642A54669A.e.7316","ELEMENT":"f.7EA17D048601C53176965B9346C1EB3C.d.7F009BBB575131EA203BE3642A54669A.e.7316"}]}
COMMAND: GET /session/8d9404e4e9bea3f53a5c3520fcd44aec/element/f.7EA17D048601C53176965B9346C1EB3C.d.7F009BBB575131EA203BE3642A54669A.e.7315/attribute/aria-checked - {}
COMMAND: GET /session/8d9404e4e9bea3f53a5c3520fcd44aec/screenshot - {}
RESULT: {}
COMMAND: POST /session/8d9404e4e9bea3f53a5c3520fcd44aec/element - {"using":"xpath","value":"//table[contains(@id, \"listView-innerSelectionPanelTable-listUl\")]/tbody/tr[14]/td[2]/div/div"}
RESULT: {}
RESULT: {"using":"xpath","value":"//table[contains(@id, \"listView-innerSelectionPanelTable-listUl\")]/tbody/tr[14]/td[2]/div/div"}
COMMAND: POST /session/8d9404e4e9bea3f53a5c3520fcd44aec/element - {"using":"xpath","value":"//table[contains(@id, \"listView-innerSelectionPanelTable-listUl\")]/tbody/tr[14]/td[2]/div"}
RESULT: {"using":"xpath","value":"//table[contains(@id, \"listView-innerSelectionPanelTable-listUl\")]/tbody/tr[14]/td[2]/div"}
COMMAND: POST /session/8d9404e4e9bea3f53a5c3520fcd44aec/element - {"using":"xpath","value":"//table[contains(@id, \"listView-innerSelectionPanelTable-listUl\")]/tbody/tr[14]/td[3]/div/div/span/span[1]/bdi"}
RESULT: {"using":"xpath","value":"//table[contains(@id, \"listView-innerSelectionPanelTable-listUl\")]/tbody/tr[14]/td[3]/div/div/span/span[1]/bdi"}
COMMAND: POST /session/8d9404e4e9bea3f53a5c3520fcd44aec/execute/sync - {"script":"<script> [56 bytes]","args":[{"element-6066-11e4-a52e-4f735466cecf":"f.7EA17D048601C53176965B9346C1EB3C.d.7F009BBB575131EA203BE3642A54669A.e.7319","ELEMENT":"f.7EA17D048601C53176965B9346C1EB3C.d.7F009BBB575131EA203BE3642A54669A.e.7319"}]}
RESULT: {"script":"<script> [56 bytes]","args":[{"element-6066-11e4-a52e-4f735466cecf":"f.7EA17D048601C53176965B9346C1EB3C.d.7F009BBB575131EA203BE3642A54669A.e.7319","ELEMENT":"f.7EA17D048601C53176965B9346C1EB3C.d.7F009BBB575131EA203BE3642A54669A.e.7319"}]}
COMMAND: GET /session/8d9404e4e9bea3f53a5c3520fcd44aec/element/f.7EA17D048601C53176965B9346C1EB3C.d.7F009BBB575131EA203BE3642A54669A.e.7318/attribute/aria-checked - {}
COMMAND: GET /session/8d9404e4e9bea3f53a5c3520fcd44aec/screenshot - {}
RESULT: {}
COMMAND: POST /session/8d9404e4e9bea3f53a5c3520fcd44aec/element - {"using":"xpath","value":"//table[contains(@id, \"listView-innerSelectionPanelTable-listUl\")]/tbody/tr[15]/td[2]/div/div"}
RESULT: {}
RESULT: {"using":"xpath","value":"//table[contains(@id, \"listView-innerSelectionPanelTable-listUl\")]/tbody/tr[15]/td[2]/div/div"}
COMMAND: POST /session/8d9404e4e9bea3f53a5c3520fcd44aec/element - {"using":"xpath","value":"//table[contains(@id, \"listView-innerSelectionPanelTable-listUl\")]/tbody/tr[15]/td[2]/div"}
RESULT: {"using":"xpath","value":"//table[contains(@id, \"listView-innerSelectionPanelTable-listUl\")]/tbody/tr[15]/td[2]/div"}
COMMAND: POST /session/8d9404e4e9bea3f53a5c3520fcd44aec/element - {"using":"xpath","value":"//table[contains(@id, \"listView-innerSelectionPanelTable-listUl\")]/tbody/tr[15]/td[3]/div/div/span/span[1]/bdi"}
RESULT: {"using":"xpath","value":"//table[contains(@id, \"listView-innerSelectionPanelTable-listUl\")]/tbody/tr[15]/td[3]/div/div/span/span[1]/bdi"}
COMMAND: POST /session/8d9404e4e9bea3f53a5c3520fcd44aec/execute/sync - {"script":"<script> [56 bytes]","args":[{"element-6066-11e4-a52e-4f735466cecf":"f.7EA17D048601C53176965B9346C1EB3C.d.7F009BBB575131EA203BE3642A54669A.e.7322","ELEMENT":"f.7EA17D048601C53176965B9346C1EB3C.d.7F009BBB575131EA203BE3642A54669A.e.7322"}]}
RESULT: {"script":"<script> [56 bytes]","args":[{"element-6066-11e4-a52e-4f735466cecf":"f.7EA17D048601C53176965B9346C1EB3C.d.7F009BBB575131EA203BE3642A54669A.e.7322","ELEMENT":"f.7EA17D048601C53176965B9346C1EB3C.d.7F009BBB575131EA203BE3642A54669A.e.7322"}]}
COMMAND: GET /session/8d9404e4e9bea3f53a5c3520fcd44aec/element/f.7EA17D048601C53176965B9346C1EB3C.d.7F009BBB575131EA203BE3642A54669A.e.7321/attribute/aria-checked - {}
COMMAND: GET /session/8d9404e4e9bea3f53a5c3520fcd44aec/screenshot - {}
RESULT: {}
COMMAND: POST /session/8d9404e4e9bea3f53a5c3520fcd44aec/element - {"using":"xpath","value":"//table[contains(@id, \"listView-innerSelectionPanelTable-listUl\")]/tbody/tr[16]/td[2]/div/div"}
RESULT: {}
RESULT: {"using":"xpath","value":"//table[contains(@id, \"listView-innerSelectionPanelTable-listUl\")]/tbody/tr[16]/td[2]/div/div"}
COMMAND: POST /session/8d9404e4e9bea3f53a5c3520fcd44aec/element - {"using":"xpath","value":"//table[contains(@id, \"listView-innerSelectionPanelTable-listUl\")]/tbody/tr[16]/td[2]/div"}
RESULT: {"using":"xpath","value":"//table[contains(@id, \"listView-innerSelectionPanelTable-listUl\")]/tbody/tr[16]/td[2]/div"}
COMMAND: POST /session/8d9404e4e9bea3f53a5c3520fcd44aec/element - {"using":"xpath","value":"//table[contains(@id, \"listView-innerSelectionPanelTable-listUl\")]/tbody/tr[16]/td[3]/div/div/span/span[1]/bdi"}
RESULT: {"using":"xpath","value":"//table[contains(@id, \"listView-innerSelectionPanelTable-listUl\")]/tbody/tr[16]/td[3]/div/div/span/span[1]/bdi"}
COMMAND: POST /session/8d9404e4e9bea3f53a5c3520fcd44aec/execute/sync - {"script":"<script> [56 bytes]","args":[{"element-6066-11e4-a52e-4f735466cecf":"f.7EA17D048601C53176965B9346C1EB3C.d.7F009BBB575131EA203BE3642A54669A.e.7325","ELEMENT":"f.7EA17D048601C53176965B9346C1EB3C.d.7F009BBB575131EA203BE3642A54669A.e.7325"}]}
RESULT: {"script":"<script> [56 bytes]","args":[{"element-6066-11e4-a52e-4f735466cecf":"f.7EA17D048601C53176965B9346C1EB3C.d.7F009BBB575131EA203BE3642A54669A.e.7325","ELEMENT":"f.7EA17D048601C53176965B9346C1EB3C.d.7F009BBB575131EA203BE3642A54669A.e.7325"}]}
COMMAND: GET /session/8d9404e4e9bea3f53a5c3520fcd44aec/element/f.7EA17D048601C53176965B9346C1EB3C.d.7F009BBB575131EA203BE3642A54669A.e.7324/attribute/aria-checked - {}
COMMAND: GET /session/8d9404e4e9bea3f53a5c3520fcd44aec/screenshot - {}
RESULT: {}
COMMAND: POST /session/8d9404e4e9bea3f53a5c3520fcd44aec/element - {"using":"xpath","value":"//table[contains(@id, \"listView-innerSelectionPanelTable-listUl\")]/tbody/tr[17]/td[2]/div/div"}
RESULT: {}
RESULT: {"using":"xpath","value":"//table[contains(@id, \"listView-innerSelectionPanelTable-listUl\")]/tbody/tr[17]/td[2]/div/div"}
COMMAND: POST /session/8d9404e4e9bea3f53a5c3520fcd44aec/element - {"using":"xpath","value":"//table[contains(@id, \"listView-innerSelectionPanelTable-listUl\")]/tbody/tr[17]/td[2]/div"}
RESULT: {"using":"xpath","value":"//table[contains(@id, \"listView-innerSelectionPanelTable-listUl\")]/tbody/tr[17]/td[2]/div"}
COMMAND: POST /session/8d9404e4e9bea3f53a5c3520fcd44aec/element - {"using":"xpath","value":"//table[contains(@id, \"listView-innerSelectionPanelTable-listUl\")]/tbody/tr[17]/td[3]/div/div/span/span[1]/bdi"}
RESULT: {"using":"xpath","value":"//table[contains(@id, \"listView-innerSelectionPanelTable-listUl\")]/tbody/tr[17]/td[3]/div/div/span/span[1]/bdi"}
COMMAND: POST /session/8d9404e4e9bea3f53a5c3520fcd44aec/execute/sync - {"script":"<script> [56 bytes]","args":[{"element-6066-11e4-a52e-4f735466cecf":"f.7EA17D048601C53176965B9346C1EB3C.d.7F009BBB575131EA203BE3642A54669A.e.7328","ELEMENT":"f.7EA17D048601C53176965B9346C1EB3C.d.7F009BBB575131EA203BE3642A54669A.e.7328"}]}
RESULT: {"script":"<script> [56 bytes]","args":[{"element-6066-11e4-a52e-4f735466cecf":"f.7EA17D048601C53176965B9346C1EB3C.d.7F009BBB575131EA203BE3642A54669A.e.7328","ELEMENT":"f.7EA17D048601C53176965B9346C1EB3C.d.7F009BBB575131EA203BE3642A54669A.e.7328"}]}
COMMAND: GET /session/8d9404e4e9bea3f53a5c3520fcd44aec/element/f.7EA17D048601C53176965B9346C1EB3C.d.7F009BBB575131EA203BE3642A54669A.e.7327/attribute/aria-checked - {}
COMMAND: GET /session/8d9404e4e9bea3f53a5c3520fcd44aec/screenshot - {}
RESULT: {}
COMMAND: POST /session/8d9404e4e9bea3f53a5c3520fcd44aec/element - {"using":"xpath","value":"//table[contains(@id, \"listView-innerSelectionPanelTable-listUl\")]/tbody/tr[18]/td[2]/div/div"}
RESULT: {}
RESULT: {"using":"xpath","value":"//table[contains(@id, \"listView-innerSelectionPanelTable-listUl\")]/tbody/tr[18]/td[2]/div/div"}
COMMAND: POST /session/8d9404e4e9bea3f53a5c3520fcd44aec/element - {"using":"xpath","value":"//table[contains(@id, \"listView-innerSelectionPanelTable-listUl\")]/tbody/tr[18]/td[2]/div"}
RESULT: {"using":"xpath","value":"//table[contains(@id, \"listView-innerSelectionPanelTable-listUl\")]/tbody/tr[18]/td[2]/div"}
COMMAND: POST /session/8d9404e4e9bea3f53a5c3520fcd44aec/element - {"using":"xpath","value":"//table[contains(@id, \"listView-innerSelectionPanelTable-listUl\")]/tbody/tr[18]/td[3]/div/div/span/span[1]/bdi"}
RESULT: {"using":"xpath","value":"//table[contains(@id, \"listView-innerSelectionPanelTable-listUl\")]/tbody/tr[18]/td[3]/div/div/span/span[1]/bdi"}
COMMAND: POST /session/8d9404e4e9bea3f53a5c3520fcd44aec/execute/sync - {"script":"<script> [56 bytes]","args":[{"element-6066-11e4-a52e-4f735466cecf":"f.7EA17D048601C53176965B9346C1EB3C.d.7F009BBB575131EA203BE3642A54669A.e.7331","ELEMENT":"f.7EA17D048601C53176965B9346C1EB3C.d.7F009BBB575131EA203BE3642A54669A.e.7331"}]}
RESULT: {"script":"<script> [56 bytes]","args":[{"element-6066-11e4-a52e-4f735466cecf":"f.7EA17D048601C53176965B9346C1EB3C.d.7F009BBB575131EA203BE3642A54669A.e.7331","ELEMENT":"f.7EA17D048601C53176965B9346C1EB3C.d.7F009BBB575131EA203BE3642A54669A.e.7331"}]}
COMMAND: GET /session/8d9404e4e9bea3f53a5c3520fcd44aec/element/f.7EA17D048601C53176965B9346C1EB3C.d.7F009BBB575131EA203BE3642A54669A.e.7330/attribute/aria-checked - {}
COMMAND: GET /session/8d9404e4e9bea3f53a5c3520fcd44aec/screenshot - {}
RESULT: {}
COMMAND: POST /session/8d9404e4e9bea3f53a5c3520fcd44aec/element - {"using":"xpath","value":"//table[contains(@id, \"listView-innerSelectionPanelTable-listUl\")]/tbody/tr[19]/td[2]/div/div"}
RESULT: {}
RESULT: {"using":"xpath","value":"//table[contains(@id, \"listView-innerSelectionPanelTable-listUl\")]/tbody/tr[19]/td[2]/div/div"}
COMMAND: POST /session/8d9404e4e9bea3f53a5c3520fcd44aec/element - {"using":"xpath","value":"//table[contains(@id, \"listView-innerSelectionPanelTable-listUl\")]/tbody/tr[19]/td[2]/div"}
RESULT: {"using":"xpath","value":"//table[contains(@id, \"listView-innerSelectionPanelTable-listUl\")]/tbody/tr[19]/td[2]/div"}
COMMAND: POST /session/8d9404e4e9bea3f53a5c3520fcd44aec/element - {"using":"xpath","value":"//table[contains(@id, \"listView-innerSelectionPanelTable-listUl\")]/tbody/tr[19]/td[3]/div/div/span/span[1]/bdi"}
RESULT: {"using":"xpath","value":"//table[contains(@id, \"listView-innerSelectionPanelTable-listUl\")]/tbody/tr[19]/td[3]/div/div/span/span[1]/bdi"}
COMMAND: POST /session/8d9404e4e9bea3f53a5c3520fcd44aec/execute/sync - {"script":"<script> [56 bytes]","args":[{"element-6066-11e4-a52e-4f735466cecf":"f.7EA17D048601C53176965B9346C1EB3C.d.7F009BBB575131EA203BE3642A54669A.e.7334","ELEMENT":"f.7EA17D048601C53176965B9346C1EB3C.d.7F009BBB575131EA203BE3642A54669A.e.7334"}]}
RESULT: {"script":"<script> [56 bytes]","args":[{"element-6066-11e4-a52e-4f735466cecf":"f.7EA17D048601C53176965B9346C1EB3C.d.7F009BBB575131EA203BE3642A54669A.e.7334","ELEMENT":"f.7EA17D048601C53176965B9346C1EB3C.d.7F009BBB575131EA203BE3642A54669A.e.7334"}]}
COMMAND: GET /session/8d9404e4e9bea3f53a5c3520fcd44aec/element/f.7EA17D048601C53176965B9346C1EB3C.d.7F009BBB575131EA203BE3642A54669A.e.7333/attribute/aria-checked - {}
COMMAND: GET /session/8d9404e4e9bea3f53a5c3520fcd44aec/screenshot - {}
RESULT: {}
COMMAND: POST /session/8d9404e4e9bea3f53a5c3520fcd44aec/element - {"using":"xpath","value":"//table[contains(@id, \"listView-innerSelectionPanelTable-listUl\")]/tbody/tr[20]/td[2]/div/div"}
RESULT: {}
RESULT: {"using":"xpath","value":"//table[contains(@id, \"listView-innerSelectionPanelTable-listUl\")]/tbody/tr[20]/td[2]/div/div"}
COMMAND: POST /session/8d9404e4e9bea3f53a5c3520fcd44aec/element - {"using":"xpath","value":"//table[contains(@id, \"listView-innerSelectionPanelTable-listUl\")]/tbody/tr[20]/td[2]/div"}
RESULT: {"using":"xpath","value":"//table[contains(@id, \"listView-innerSelectionPanelTable-listUl\")]/tbody/tr[20]/td[2]/div"}
COMMAND: POST /session/8d9404e4e9bea3f53a5c3520fcd44aec/element - {"using":"xpath","value":"//table[contains(@id, \"listView-innerSelectionPanelTable-listUl\")]/tbody/tr[20]/td[3]/div/div/span/span[1]/bdi"}
RESULT: {"using":"xpath","value":"//table[contains(@id, \"listView-innerSelectionPanelTable-listUl\")]/tbody/tr[20]/td[3]/div/div/span/span[1]/bdi"}
COMMAND: POST /session/8d9404e4e9bea3f53a5c3520fcd44aec/execute/sync - {"script":"<script> [56 bytes]","args":[{"element-6066-11e4-a52e-4f735466cecf":"f.7EA17D048601C53176965B9346C1EB3C.d.7F009BBB575131EA203BE3642A54669A.e.7337","ELEMENT":"f.7EA17D048601C53176965B9346C1EB3C.d.7F009BBB575131EA203BE3642A54669A.e.7337"}]}
RESULT: {"script":"<script> [56 bytes]","args":[{"element-6066-11e4-a52e-4f735466cecf":"f.7EA17D048601C53176965B9346C1EB3C.d.7F009BBB575131EA203BE3642A54669A.e.7337","ELEMENT":"f.7EA17D048601C53176965B9346C1EB3C.d.7F009BBB575131EA203BE3642A54669A.e.7337"}]}
COMMAND: GET /session/8d9404e4e9bea3f53a5c3520fcd44aec/element/f.7EA17D048601C53176965B9346C1EB3C.d.7F009BBB575131EA203BE3642A54669A.e.7336/attribute/aria-checked - {}
COMMAND: GET /session/8d9404e4e9bea3f53a5c3520fcd44aec/screenshot - {}
RESULT: {}
COMMAND: POST /session/8d9404e4e9bea3f53a5c3520fcd44aec/element - {"using":"xpath","value":"//table[contains(@id, \"listView-innerSelectionPanelTable-listUl\")]/tbody/tr[21]/td[2]/div/div"}
COMMAND: POST /session/8d9404e4e9bea3f53a5c3520fcd44aec/element/f.7EA17D048601C53176965B9346C1EB3C.d.7F009BBB575131EA203BE3642A54669A.e.7335/click - {}
RESULT: {}
RESULT: {}
RESULT: {"using":"xpath","value":"//table[contains(@id, \"listView-innerSelectionPanelTable-listUl\")]/tbody/tr[21]/td[2]/div/div"}
COMMAND: POST /session/8d9404e4e9bea3f53a5c3520fcd44aec/element - {"using":"xpath","value":"//table[contains(@id, \"listView-innerSelectionPanelTable-listUl\")]/tbody/tr[21]/td[2]/div"}
COMMAND: GET /session/8d9404e4e9bea3f53a5c3520fcd44aec/screenshot - {}
RESULT: {"using":"xpath","value":"//table[contains(@id, \"listView-innerSelectionPanelTable-listUl\")]/tbody/tr[21]/td[2]/div"}
COMMAND: POST /session/8d9404e4e9bea3f53a5c3520fcd44aec/element - {"using":"xpath","value":"//table[contains(@id, \"listView-innerSelectionPanelTable-listUl\")]/tbody/tr[21]/td[3]/div/div/span/span[1]/bdi"}
RESULT: {}
RESULT: {"using":"xpath","value":"//table[contains(@id, \"listView-innerSelectionPanelTable-listUl\")]/tbody/tr[21]/td[3]/div/div/span/span[1]/bdi"}
COMMAND: POST /session/8d9404e4e9bea3f53a5c3520fcd44aec/execute/sync - {"script":"<script> [56 bytes]","args":[{"element-6066-11e4-a52e-4f735466cecf":"f.7EA17D048601C53176965B9346C1EB3C.d.7F009BBB575131EA203BE3642A54669A.e.7343","ELEMENT":"f.7EA17D048601C53176965B9346C1EB3C.d.7F009BBB575131EA203BE3642A54669A.e.7343"}]}
RESULT: {"script":"<script> [56 bytes]","args":[{"element-6066-11e4-a52e-4f735466cecf":"f.7EA17D048601C53176965B9346C1EB3C.d.7F009BBB575131EA203BE3642A54669A.e.7343","ELEMENT":"f.7EA17D048601C53176965B9346C1EB3C.d.7F009BBB575131EA203BE3642A54669A.e.7343"}]}
COMMAND: GET /session/8d9404e4e9bea3f53a5c3520fcd44aec/element/f.7EA17D048601C53176965B9346C1EB3C.d.7F009BBB575131EA203BE3642A54669A.e.7342/attribute/aria-checked - {}
COMMAND: GET /session/8d9404e4e9bea3f53a5c3520fcd44aec/screenshot - {}
RESULT: {}
COMMAND: POST /session/8d9404e4e9bea3f53a5c3520fcd44aec/element - {"using":"xpath","value":"//table[contains(@id, \"listView-innerSelectionPanelTable-listUl\")]/tbody/tr[22]/td[2]/div/div"}
COMMAND: POST /session/8d9404e4e9bea3f53a5c3520fcd44aec/element/f.7EA17D048601C53176965B9346C1EB3C.d.7F009BBB575131EA203BE3642A54669A.e.7341/click - {}
RESULT: {}
RESULT: {"using":"xpath","value":"//table[contains(@id, \"listView-innerSelectionPanelTable-listUl\")]/tbody/tr[22]/td[2]/div/div"}
COMMAND: POST /session/8d9404e4e9bea3f53a5c3520fcd44aec/element - {"using":"xpath","value":"//table[contains(@id, \"listView-innerSelectionPanelTable-listUl\")]/tbody/tr[22]/td[2]/div"}
RESULT: {}
COMMAND: GET /session/8d9404e4e9bea3f53a5c3520fcd44aec/screenshot - {}
RESULT: {"using":"xpath","value":"//table[contains(@id, \"listView-innerSelectionPanelTable-listUl\")]/tbody/tr[22]/td[2]/div"}
COMMAND: POST /session/8d9404e4e9bea3f53a5c3520fcd44aec/element - {"using":"xpath","value":"//table[contains(@id, \"listView-innerSelectionPanelTable-listUl\")]/tbody/tr[22]/td[3]/div/div/span/span[1]/bdi"}
RESULT: {}
RESULT: {"using":"xpath","value":"//table[contains(@id, \"listView-innerSelectionPanelTable-listUl\")]/tbody/tr[22]/td[3]/div/div/span/span[1]/bdi"}
COMMAND: POST /session/8d9404e4e9bea3f53a5c3520fcd44aec/execute/sync - {"script":"<script> [56 bytes]","args":[{"element-6066-11e4-a52e-4f735466cecf":"f.7EA17D048601C53176965B9346C1EB3C.d.7F009BBB575131EA203BE3642A54669A.e.7347","ELEMENT":"f.7EA17D048601C53176965B9346C1EB3C.d.7F009BBB575131EA203BE3642A54669A.e.7347"}]}
RESULT: {"script":"<script> [56 bytes]","args":[{"element-6066-11e4-a52e-4f735466cecf":"f.7EA17D048601C53176965B9346C1EB3C.d.7F009BBB575131EA203BE3642A54669A.e.7347","ELEMENT":"f.7EA17D048601C53176965B9346C1EB3C.d.7F009BBB575131EA203BE3642A54669A.e.7347"}]}
COMMAND: GET /session/8d9404e4e9bea3f53a5c3520fcd44aec/element/f.7EA17D048601C53176965B9346C1EB3C.d.7F009BBB575131EA203BE3642A54669A.e.7346/attribute/aria-checked - {}
COMMAND: GET /session/8d9404e4e9bea3f53a5c3520fcd44aec/screenshot - {}
RESULT: {}
COMMAND: POST /session/8d9404e4e9bea3f53a5c3520fcd44aec/element - {"using":"xpath","value":"//table[contains(@id, \"listView-innerSelectionPanelTable-listUl\")]/tbody/tr[23]/td[2]/div/div"}
RESULT: {}
RESULT: {"using":"xpath","value":"//table[contains(@id, \"listView-innerSelectionPanelTable-listUl\")]/tbody/tr[23]/td[2]/div/div"}
COMMAND: POST /session/8d9404e4e9bea3f53a5c3520fcd44aec/element - {"using":"xpath","value":"//table[contains(@id, \"listView-innerSelectionPanelTable-listUl\")]/tbody/tr[23]/td[2]/div"}
RESULT: {"using":"xpath","value":"//table[contains(@id, \"listView-innerSelectionPanelTable-listUl\")]/tbody/tr[23]/td[2]/div"}
COMMAND: POST /session/8d9404e4e9bea3f53a5c3520fcd44aec/element - {"using":"xpath","value":"//table[contains(@id, \"listView-innerSelectionPanelTable-listUl\")]/tbody/tr[23]/td[3]/div/div/span/span[1]/bdi"}
RESULT: {"using":"xpath","value":"//table[contains(@id, \"listView-innerSelectionPanelTable-listUl\")]/tbody/tr[23]/td[3]/div/div/span/span[1]/bdi"}
COMMAND: POST /session/8d9404e4e9bea3f53a5c3520fcd44aec/execute/sync - {"script":"<script> [56 bytes]","args":[{"element-6066-11e4-a52e-4f735466cecf":"f.7EA17D048601C53176965B9346C1EB3C.d.7F009BBB575131EA203BE3642A54669A.e.7350","ELEMENT":"f.7EA17D048601C53176965B9346C1EB3C.d.7F009BBB575131EA203BE3642A54669A.e.7350"}]}
RESULT: {"script":"<script> [56 bytes]","args":[{"element-6066-11e4-a52e-4f735466cecf":"f.7EA17D048601C53176965B9346C1EB3C.d.7F009BBB575131EA203BE3642A54669A.e.7350","ELEMENT":"f.7EA17D048601C53176965B9346C1EB3C.d.7F009BBB575131EA203BE3642A54669A.e.7350"}]}
COMMAND: GET /session/8d9404e4e9bea3f53a5c3520fcd44aec/element/f.7EA17D048601C53176965B9346C1EB3C.d.7F009BBB575131EA203BE3642A54669A.e.7349/attribute/aria-checked - {}
COMMAND: GET /session/8d9404e4e9bea3f53a5c3520fcd44aec/screenshot - {}
RESULT: {}
COMMAND: POST /session/8d9404e4e9bea3f53a5c3520fcd44aec/element - {"using":"xpath","value":"//table[contains(@id, \"listView-innerSelectionPanelTable-listUl\")]/tbody/tr[24]/td[2]/div/div"}
RESULT: {}
RESULT: {"using":"xpath","value":"//table[contains(@id, \"listView-innerSelectionPanelTable-listUl\")]/tbody/tr[24]/td[2]/div/div"}
COMMAND: POST /session/8d9404e4e9bea3f53a5c3520fcd44aec/element - {"using":"xpath","value":"//table[contains(@id, \"listView-innerSelectionPanelTable-listUl\")]/tbody/tr[24]/td[2]/div"}
RESULT: {"using":"xpath","value":"//table[contains(@id, \"listView-innerSelectionPanelTable-listUl\")]/tbody/tr[24]/td[2]/div"}
COMMAND: POST /session/8d9404e4e9bea3f53a5c3520fcd44aec/element - {"using":"xpath","value":"//table[contains(@id, \"listView-innerSelectionPanelTable-listUl\")]/tbody/tr[24]/td[3]/div/div/span/span[1]/bdi"}
RESULT: {"using":"xpath","value":"//table[contains(@id, \"listView-innerSelectionPanelTable-listUl\")]/tbody/tr[24]/td[3]/div/div/span/span[1]/bdi"}
COMMAND: POST /session/8d9404e4e9bea3f53a5c3520fcd44aec/execute/sync - {"script":"<script> [56 bytes]","args":[{"element-6066-11e4-a52e-4f735466cecf":"f.7EA17D048601C53176965B9346C1EB3C.d.7F009BBB575131EA203BE3642A54669A.e.7353","ELEMENT":"f.7EA17D048601C53176965B9346C1EB3C.d.7F009BBB575131EA203BE3642A54669A.e.7353"}]}
RESULT: {"script":"<script> [56 bytes]","args":[{"element-6066-11e4-a52e-4f735466cecf":"f.7EA17D048601C53176965B9346C1EB3C.d.7F009BBB575131EA203BE3642A54669A.e.7353","ELEMENT":"f.7EA17D048601C53176965B9346C1EB3C.d.7F009BBB575131EA203BE3642A54669A.e.7353"}]}
COMMAND: GET /session/8d9404e4e9bea3f53a5c3520fcd44aec/element/f.7EA17D048601C53176965B9346C1EB3C.d.7F009BBB575131EA203BE3642A54669A.e.7352/attribute/aria-checked - {}
COMMAND: GET /session/8d9404e4e9bea3f53a5c3520fcd44aec/screenshot - {}
RESULT: {}
COMMAND: POST /session/8d9404e4e9bea3f53a5c3520fcd44aec/element - {"using":"xpath","value":"//table[contains(@id, \"listView-innerSelectionPanelTable-listUl\")]/tbody/tr[25]/td[2]/div/div"}
RESULT: {}
RESULT: {"using":"xpath","value":"//table[contains(@id, \"listView-innerSelectionPanelTable-listUl\")]/tbody/tr[25]/td[2]/div/div"}
COMMAND: POST /session/8d9404e4e9bea3f53a5c3520fcd44aec/element - {"using":"xpath","value":"//table[contains(@id, \"listView-innerSelectionPanelTable-listUl\")]/tbody/tr[25]/td[2]/div"}
RESULT: {"using":"xpath","value":"//table[contains(@id, \"listView-innerSelectionPanelTable-listUl\")]/tbody/tr[25]/td[2]/div"}
COMMAND: POST /session/8d9404e4e9bea3f53a5c3520fcd44aec/element - {"using":"xpath","value":"//table[contains(@id, \"listView-innerSelectionPanelTable-listUl\")]/tbody/tr[25]/td[3]/div/div/span/span[1]/bdi"}
RESULT: {"using":"xpath","value":"//table[contains(@id, \"listView-innerSelectionPanelTable-listUl\")]/tbody/tr[25]/td[3]/div/div/span/span[1]/bdi"}
COMMAND: POST /session/8d9404e4e9bea3f53a5c3520fcd44aec/execute/sync - {"script":"<script> [56 bytes]","args":[{"element-6066-11e4-a52e-4f735466cecf":"f.7EA17D048601C53176965B9346C1EB3C.d.7F009BBB575131EA203BE3642A54669A.e.7356","ELEMENT":"f.7EA17D048601C53176965B9346C1EB3C.d.7F009BBB575131EA203BE3642A54669A.e.7356"}]}
RESULT: {"script":"<script> [56 bytes]","args":[{"element-6066-11e4-a52e-4f735466cecf":"f.7EA17D048601C53176965B9346C1EB3C.d.7F009BBB575131EA203BE3642A54669A.e.7356","ELEMENT":"f.7EA17D048601C53176965B9346C1EB3C.d.7F009BBB575131EA203BE3642A54669A.e.7356"}]}
COMMAND: GET /session/8d9404e4e9bea3f53a5c3520fcd44aec/element/f.7EA17D048601C53176965B9346C1EB3C.d.7F009BBB575131EA203BE3642A54669A.e.7355/attribute/aria-checked - {}
COMMAND: GET /session/8d9404e4e9bea3f53a5c3520fcd44aec/screenshot - {}
RESULT: {}
COMMAND: POST /session/8d9404e4e9bea3f53a5c3520fcd44aec/element - {"using":"xpath","value":"//bdi[contains(text(), \"OK\")]"}
RESULT: {}
RESULT: {"using":"xpath","value":"//bdi[contains(text(), \"OK\")]"}
COMMAND: POST /session/8d9404e4e9bea3f53a5c3520fcd44aec/element/f.7EA17D048601C53176965B9346C1EB3C.d.7F009BBB575131EA203BE3642A54669A.e.7357/click - {}
RESULT: {}
COMMAND: GET /session/8d9404e4e9bea3f53a5c3520fcd44aec/screenshot - {}
RESULT: {}
COMMAND: POST /session/8d9404e4e9bea3f53a5c3520fcd44aec/execute/async - {"script":"<script> [1562 bytes]","args":[{"selector":{"id":"application-managepartners-display-component---masterPtm--smartFilterBar-filterItemControlA_-LINK_TO_ADDRESSES_MAIN.ID-vhi"},"wdio_ui5_key":"applicationmanagepartners-display-component---masterPtm--smartFilterBar-filterItemControlA_-LINK_TO_ADDRESSES_MAIN.ID-vhi"}]}
RESULT: {"script":"<script> [1562 bytes]","args":[{"selector":{"id":"application-managepartners-display-component---masterPtm--smartFilterBar-filterItemControlA_-LINK_TO_ADDRESSES_MAIN.ID-vhi"},"wdio_ui5_key":"applicationmanagepartners-display-component---masterPtm--smartFilterBar-filterItemControlA_-LINK_TO_ADDRESSES_MAIN.ID-vhi"}]}
RESULT: undefined
COMMAND: POST /session/8d9404e4e9bea3f53a5c3520fcd44aec/element - {"using":"xpath","value":"//*[@id=\"application-managepartners-display-component---masterPtm--smartFilterBar-filterItemControlA_-LINK_TO_ADDRESSES_MAIN.ID-vhi\"]"}
RESULT: {"using":"xpath","value":"//*[@id=\"application-managepartners-display-component---masterPtm--smartFilterBar-filterItemControlA_-LINK_TO_ADDRESSES_MAIN.ID-vhi\"]"}
COMMAND: POST /session/8d9404e4e9bea3f53a5c3520fcd44aec/element/f.7EA17D048601C53176965B9346C1EB3C.d.7F009BBB575131EA203BE3642A54669A.e.7370/click - {}
RESULT: {}
COMMAND: GET /session/8d9404e4e9bea3f53a5c3520fcd44aec/screenshot - {}
RESULT: {}
COMMAND: POST /session/8d9404e4e9bea3f53a5c3520fcd44aec/element - {"using":"xpath","value":"//div[input[@value=\"contains\"]]//span[contains(@id, \"arrow\")]"}
RESULT: {"using":"xpath","value":"//div[input[@value=\"contains\"]]//span[contains(@id, \"arrow\")]"}
COMMAND: POST /session/8d9404e4e9bea3f53a5c3520fcd44aec/element/f.7EA17D048601C53176965B9346C1EB3C.d.7F009BBB575131EA203BE3642A54669A.e.7375/click - {}
RESULT: {}
COMMAND: GET /session/8d9404e4e9bea3f53a5c3520fcd44aec/screenshot - {}
RESULT: {}
COMMAND: POST /session/8d9404e4e9bea3f53a5c3520fcd44aec/element - {"using":"xpath","value":"//li[.//span[text()='equal to']]"}
RESULT: {"using":"xpath","value":"//li[.//span[text()='equal to']]"}
COMMAND: POST /session/8d9404e4e9bea3f53a5c3520fcd44aec/element/f.7EA17D048601C53176965B9346C1EB3C.d.7F009BBB575131EA203BE3642A54669A.e.7376/click - {}
RESULT: {}
COMMAND: GET /session/8d9404e4e9bea3f53a5c3520fcd44aec/screenshot - {}
RESULT: {}
RESULT: undefined
COMMAND: POST /session/8d9404e4e9bea3f53a5c3520fcd44aec/execute/async - {"script":"<script> [776 bytes]","args":[{"enterText":"1006","selector":{"controlType":"sap.m.Input","viewName":"etm.portal.ui.managepartners.view.Master","viewId":"application-managepartners-display-component---masterPtm","properties":{"valueState":"None"},"searchOpenDialogs":true,"interaction":{"idSuffix":"inner"}},"clearTextFirst":true,"interactionType":"ENTER_TEXT"}]}
RESULT: {"script":"<script> [776 bytes]","args":[{"enterText":"1006","selector":{"controlType":"sap.m.Input","viewName":"etm.portal.ui.managepartners.view.Master","viewId":"application-managepartners-display-component---masterPtm","properties":{"valueState":"None"},"searchOpenDialogs":true,"interaction":{"idSuffix":"inner"}},"clearTextFirst":true,"interactionType":"ENTER_TEXT"}]}
COMMAND: POST /session/8d9404e4e9bea3f53a5c3520fcd44aec/actions - {"actions":[{"id":"action22","type":"key","parameters":{},"actions":[{"type":"keyDown","value":""},{"type":"pause","duration":10},{"type":"keyUp","value":""}]}]}
RESULT: {"actions":[{"id":"action22","type":"key","parameters":{},"actions":[{"type":"keyDown","value":""},{"type":"pause","duration":10},{"type":"keyUp","value":""}]}]}
COMMAND: GET /session/8d9404e4e9bea3f53a5c3520fcd44aec/screenshot - {}
RESULT: {}
COMMAND: POST /session/8d9404e4e9bea3f53a5c3520fcd44aec/element - {"using":"xpath","value":"(//bdi[contains(text(), \"OK\")])[1]"}
RESULT: {"using":"xpath","value":"(//bdi[contains(text(), \"OK\")])[1]"}
COMMAND: POST /session/8d9404e4e9bea3f53a5c3520fcd44aec/element/f.7EA17D048601C53176965B9346C1EB3C.d.7F009BBB575131EA203BE3642A54669A.e.7377/click - {}
RESULT: {}
COMMAND: GET /session/8d9404e4e9bea3f53a5c3520fcd44aec/screenshot - {}
RESULT: {}
COMMAND: POST /session/8d9404e4e9bea3f53a5c3520fcd44aec/element - {"using":"xpath","value":"//span[@id=\"application-managepartners-display-component---masterPtm--smartTable-header-inner\"]"}
RESULT: {"using":"xpath","value":"//span[@id=\"application-managepartners-display-component---masterPtm--smartTable-header-inner\"]"}
COMMAND: POST /session/8d9404e4e9bea3f53a5c3520fcd44aec/elements - {"using":"xpath","value":"//span[@id=\"application-managepartners-display-component---masterPtm--smartTable-header-inner\"]"}
RESULT: {"using":"xpath","value":"//span[@id=\"application-managepartners-display-component---masterPtm--smartTable-header-inner\"]"}
COMMAND: POST /session/8d9404e4e9bea3f53a5c3520fcd44aec/execute/sync - {"script":"<script> [56 bytes]","args":[{"element-6066-11e4-a52e-4f735466cecf":"f.7EA17D048601C53176965B9346C1EB3C.d.7F009BBB575131EA203BE3642A54669A.e.7215","ELEMENT":"f.7EA17D048601C53176965B9346C1EB3C.d.7F009BBB575131EA203BE3642A54669A.e.7215"}]}
RESULT: {"script":"<script> [56 bytes]","args":[{"element-6066-11e4-a52e-4f735466cecf":"f.7EA17D048601C53176965B9346C1EB3C.d.7F009BBB575131EA203BE3642A54669A.e.7215","ELEMENT":"f.7EA17D048601C53176965B9346C1EB3C.d.7F009BBB575131EA203BE3642A54669A.e.7215"}]}
COMMAND: POST /session/8d9404e4e9bea3f53a5c3520fcd44aec/element - {"using":"xpath","value":"//span[contains(@title, \"Remove\")]"}
COMMAND: GET /session/8d9404e4e9bea3f53a5c3520fcd44aec/screenshot - {}
RESULT: {"using":"xpath","value":"//span[contains(@title, \"Remove\")]"}
COMMAND: POST /session/8d9404e4e9bea3f53a5c3520fcd44aec/element/f.7EA17D048601C53176965B9346C1EB3C.d.7F009BBB575131EA203BE3642A54669A.e.7382/click - {}
RESULT: {}
RESULT: {}
COMMAND: GET /session/8d9404e4e9bea3f53a5c3520fcd44aec/screenshot - {}
RESULT: {}
RESULT: undefined
COMMAND: POST /session/8d9404e4e9bea3f53a5c3520fcd44aec/element - {"using":"xpath","value":"//*[@id=\"application-managepartners-display-component---masterPtm--smartFilterBar-filterItemControl_BASIC-YARD-vhi\"]"}
RESULT: {"using":"xpath","value":"//*[@id=\"application-managepartners-display-component---masterPtm--smartFilterBar-filterItemControl_BASIC-YARD-vhi\"]"}
COMMAND: POST /session/8d9404e4e9bea3f53a5c3520fcd44aec/element/f.7EA17D048601C53176965B9346C1EB3C.d.7F009BBB575131EA203BE3642A54669A.e.7471/click - {}
RESULT: {}
COMMAND: GET /session/8d9404e4e9bea3f53a5c3520fcd44aec/screenshot - {}
RESULT: {}
RESULT: undefined
COMMAND: POST /session/8d9404e4e9bea3f53a5c3520fcd44aec/execute/async - {"script":"<script> [776 bytes]","args":[{"enterText":"Test","selector":{"id":"application-managepartners-display-component---masterPtm--smartFilterBar-filterItemControl_BASIC-YARD-valueHelpDialog-smartFilterBar-btnBasicSearch","searchOpenDialogs":true,"interaction":{"idSuffix":"I"}},"clearTextFirst":true,"interactionType":"ENTER_TEXT"}]}
RESULT: {"script":"<script> [776 bytes]","args":[{"enterText":"Test","selector":{"id":"application-managepartners-display-component---masterPtm--smartFilterBar-filterItemControl_BASIC-YARD-valueHelpDialog-smartFilterBar-btnBasicSearch","searchOpenDialogs":true,"interaction":{"idSuffix":"I"}},"clearTextFirst":true,"interactionType":"ENTER_TEXT"}]}
COMMAND: POST /session/8d9404e4e9bea3f53a5c3520fcd44aec/actions - {"actions":[{"id":"action23","type":"key","parameters":{},"actions":[{"type":"keyDown","value":""},{"type":"pause","duration":10},{"type":"keyUp","value":""}]}]}
RESULT: {"actions":[{"id":"action23","type":"key","parameters":{},"actions":[{"type":"keyDown","value":""},{"type":"pause","duration":10},{"type":"keyUp","value":""}]}]}
COMMAND: POST /session/8d9404e4e9bea3f53a5c3520fcd44aec/elements - {"using":"xpath","value":"//table[contains(@id, \"smartFilterBar-filterItemControl_BASIC-YARD-valueHelpDialog-table-table\")]/tbody/tr"}
COMMAND: GET /session/8d9404e4e9bea3f53a5c3520fcd44aec/screenshot - {}
RESULT: {"using":"xpath","value":"//table[contains(@id, \"smartFilterBar-filterItemControl_BASIC-YARD-valueHelpDialog-table-table\")]/tbody/tr"}
COMMAND: POST /session/8d9404e4e9bea3f53a5c3520fcd44aec/element - {"using":"xpath","value":"//table[contains(@id, \"smartFilterBar-filterItemControl_BASIC-YARD-valueHelpDialog-table-table\")]/tbody/tr[1]/td[1]/div/span"}
RESULT: {}
RESULT: {"using":"xpath","value":"//table[contains(@id, \"smartFilterBar-filterItemControl_BASIC-YARD-valueHelpDialog-table-table\")]/tbody/tr[1]/td[1]/div/span"}
COMMAND: POST /session/8d9404e4e9bea3f53a5c3520fcd44aec/elements - {"using":"xpath","value":"//table[contains(@id, \"smartFilterBar-filterItemControl_BASIC-YARD-valueHelpDialog-table-table\")]/tbody/tr[1]/td[1]/div/span"}
RESULT: {"using":"xpath","value":"//table[contains(@id, \"smartFilterBar-filterItemControl_BASIC-YARD-valueHelpDialog-table-table\")]/tbody/tr[1]/td[1]/div/span"}
COMMAND: POST /session/8d9404e4e9bea3f53a5c3520fcd44aec/execute/sync - {"script":"<script> [56 bytes]","args":[{"element-6066-11e4-a52e-4f735466cecf":"f.7EA17D048601C53176965B9346C1EB3C.d.7F009BBB575131EA203BE3642A54669A.e.7489","ELEMENT":"f.7EA17D048601C53176965B9346C1EB3C.d.7F009BBB575131EA203BE3642A54669A.e.7489"}]}
RESULT: {"script":"<script> [56 bytes]","args":[{"element-6066-11e4-a52e-4f735466cecf":"f.7EA17D048601C53176965B9346C1EB3C.d.7F009BBB575131EA203BE3642A54669A.e.7489","ELEMENT":"f.7EA17D048601C53176965B9346C1EB3C.d.7F009BBB575131EA203BE3642A54669A.e.7489"}]}
COMMAND: POST /session/8d9404e4e9bea3f53a5c3520fcd44aec/element - {"using":"xpath","value":"//table[contains(@id, \"smartFilterBar-filterItemControl_BASIC-YARD-valueHelpDialog-table-table\")]/tbody/tr[2]/td[1]/div/span"}
COMMAND: GET /session/8d9404e4e9bea3f53a5c3520fcd44aec/screenshot - {}
RESULT: {"using":"xpath","value":"//table[contains(@id, \"smartFilterBar-filterItemControl_BASIC-YARD-valueHelpDialog-table-table\")]/tbody/tr[2]/td[1]/div/span"}
COMMAND: POST /session/8d9404e4e9bea3f53a5c3520fcd44aec/elements - {"using":"xpath","value":"//table[contains(@id, \"smartFilterBar-filterItemControl_BASIC-YARD-valueHelpDialog-table-table\")]/tbody/tr[2]/td[1]/div/span"}
RESULT: {}
RESULT: {"using":"xpath","value":"//table[contains(@id, \"smartFilterBar-filterItemControl_BASIC-YARD-valueHelpDialog-table-table\")]/tbody/tr[2]/td[1]/div/span"}
COMMAND: POST /session/8d9404e4e9bea3f53a5c3520fcd44aec/execute/sync - {"script":"<script> [56 bytes]","args":[{"element-6066-11e4-a52e-4f735466cecf":"f.7EA17D048601C53176965B9346C1EB3C.d.7F009BBB575131EA203BE3642A54669A.e.7490","ELEMENT":"f.7EA17D048601C53176965B9346C1EB3C.d.7F009BBB575131EA203BE3642A54669A.e.7490"}]}
RESULT: {"script":"<script> [56 bytes]","args":[{"element-6066-11e4-a52e-4f735466cecf":"f.7EA17D048601C53176965B9346C1EB3C.d.7F009BBB575131EA203BE3642A54669A.e.7490","ELEMENT":"f.7EA17D048601C53176965B9346C1EB3C.d.7F009BBB575131EA203BE3642A54669A.e.7490"}]}
COMMAND: POST /session/8d9404e4e9bea3f53a5c3520fcd44aec/element - {"using":"xpath","value":"//table[contains(@id, \"smartFilterBar-filterItemControl_BASIC-YARD-valueHelpDialog-table-table\")]/tbody/tr[3]/td[1]/div/span"}
COMMAND: GET /session/8d9404e4e9bea3f53a5c3520fcd44aec/screenshot - {}
RESULT: {"using":"xpath","value":"//table[contains(@id, \"smartFilterBar-filterItemControl_BASIC-YARD-valueHelpDialog-table-table\")]/tbody/tr[3]/td[1]/div/span"}
COMMAND: POST /session/8d9404e4e9bea3f53a5c3520fcd44aec/elements - {"using":"xpath","value":"//table[contains(@id, \"smartFilterBar-filterItemControl_BASIC-YARD-valueHelpDialog-table-table\")]/tbody/tr[3]/td[1]/div/span"}
RESULT: {}
RESULT: {"using":"xpath","value":"//table[contains(@id, \"smartFilterBar-filterItemControl_BASIC-YARD-valueHelpDialog-table-table\")]/tbody/tr[3]/td[1]/div/span"}
COMMAND: POST /session/8d9404e4e9bea3f53a5c3520fcd44aec/execute/sync - {"script":"<script> [56 bytes]","args":[{"element-6066-11e4-a52e-4f735466cecf":"f.7EA17D048601C53176965B9346C1EB3C.d.7F009BBB575131EA203BE3642A54669A.e.7491","ELEMENT":"f.7EA17D048601C53176965B9346C1EB3C.d.7F009BBB575131EA203BE3642A54669A.e.7491"}]}
RESULT: {"script":"<script> [56 bytes]","args":[{"element-6066-11e4-a52e-4f735466cecf":"f.7EA17D048601C53176965B9346C1EB3C.d.7F009BBB575131EA203BE3642A54669A.e.7491","ELEMENT":"f.7EA17D048601C53176965B9346C1EB3C.d.7F009BBB575131EA203BE3642A54669A.e.7491"}]}
COMMAND: POST /session/8d9404e4e9bea3f53a5c3520fcd44aec/element - {"using":"xpath","value":"//div[contains(@id, \"filterItemControl_BASIC-YARD-valueHelpDialog-table-rowsel2\")]"}
COMMAND: GET /session/8d9404e4e9bea3f53a5c3520fcd44aec/screenshot - {}
RESULT: {"using":"xpath","value":"//div[contains(@id, \"filterItemControl_BASIC-YARD-valueHelpDialog-table-rowsel2\")]"}
COMMAND: POST /session/8d9404e4e9bea3f53a5c3520fcd44aec/element/f.7EA17D048601C53176965B9346C1EB3C.d.7F009BBB575131EA203BE3642A54669A.e.7492/click - {}
RESULT: {}
RESULT: {}
COMMAND: GET /session/8d9404e4e9bea3f53a5c3520fcd44aec/screenshot - {}
RESULT: {}
COMMAND: POST /session/8d9404e4e9bea3f53a5c3520fcd44aec/element - {"using":"xpath","value":"(//bdi[contains(text(), \"OK\")])[1]"}
RESULT: {"using":"xpath","value":"(//bdi[contains(text(), \"OK\")])[1]"}
COMMAND: POST /session/8d9404e4e9bea3f53a5c3520fcd44aec/element/f.7EA17D048601C53176965B9346C1EB3C.d.7F009BBB575131EA203BE3642A54669A.e.7494/click - {}
RESULT: {}
COMMAND: GET /session/8d9404e4e9bea3f53a5c3520fcd44aec/screenshot - {}
RESULT: {}
COMMAND: POST /session/8d9404e4e9bea3f53a5c3520fcd44aec/element - {"using":"xpath","value":"//span[@id=\"application-managepartners-display-component---masterPtm--smartTable-header-inner\"]"}
RESULT: {"using":"xpath","value":"//span[@id=\"application-managepartners-display-component---masterPtm--smartTable-header-inner\"]"}
COMMAND: POST /session/8d9404e4e9bea3f53a5c3520fcd44aec/elements - {"using":"xpath","value":"//span[@id=\"application-managepartners-display-component---masterPtm--smartTable-header-inner\"]"}
RESULT: {"using":"xpath","value":"//span[@id=\"application-managepartners-display-component---masterPtm--smartTable-header-inner\"]"}
COMMAND: POST /session/8d9404e4e9bea3f53a5c3520fcd44aec/execute/sync - {"script":"<script> [56 bytes]","args":[{"element-6066-11e4-a52e-4f735466cecf":"f.7EA17D048601C53176965B9346C1EB3C.d.7F009BBB575131EA203BE3642A54669A.e.7215","ELEMENT":"f.7EA17D048601C53176965B9346C1EB3C.d.7F009BBB575131EA203BE3642A54669A.e.7215"}]}
RESULT: {"script":"<script> [56 bytes]","args":[{"element-6066-11e4-a52e-4f735466cecf":"f.7EA17D048601C53176965B9346C1EB3C.d.7F009BBB575131EA203BE3642A54669A.e.7215","ELEMENT":"f.7EA17D048601C53176965B9346C1EB3C.d.7F009BBB575131EA203BE3642A54669A.e.7215"}]}
COMMAND: POST /session/8d9404e4e9bea3f53a5c3520fcd44aec/element - {"using":"xpath","value":"//span[contains(@title, \"Remove\")]"}
COMMAND: GET /session/8d9404e4e9bea3f53a5c3520fcd44aec/screenshot - {}
RESULT: {"using":"xpath","value":"//span[contains(@title, \"Remove\")]"}
COMMAND: POST /session/8d9404e4e9bea3f53a5c3520fcd44aec/element/f.7EA17D048601C53176965B9346C1EB3C.d.7F009BBB575131EA203BE3642A54669A.e.7507/click - {}
RESULT: {}
RESULT: {}
COMMAND: GET /session/8d9404e4e9bea3f53a5c3520fcd44aec/screenshot - {}
RESULT: {}
RESULT: undefined
COMMAND: POST /session/8d9404e4e9bea3f53a5c3520fcd44aec/element - {"using":"xpath","value":"//*[@id=\"application-managepartners-display-component---masterPtm--smartFilterBar-filterItemControl_BASIC-MAIN_ADDRESS-vhi\"]"}
RESULT: {"using":"xpath","value":"//*[@id=\"application-managepartners-display-component---masterPtm--smartFilterBar-filterItemControl_BASIC-MAIN_ADDRESS-vhi\"]"}
COMMAND: POST /session/8d9404e4e9bea3f53a5c3520fcd44aec/element/f.7EA17D048601C53176965B9346C1EB3C.d.7F009BBB575131EA203BE3642A54669A.e.7596/click - {}
RESULT: {}
COMMAND: GET /session/8d9404e4e9bea3f53a5c3520fcd44aec/screenshot - {}
RESULT: {}
RESULT: undefined
COMMAND: POST /session/8d9404e4e9bea3f53a5c3520fcd44aec/execute/async - {"script":"<script> [776 bytes]","args":[{"enterText":"Romania","selector":{"id":"application-managepartners-display-component---masterPtm--smartFilterBar-filterItemControl_BASIC-MAIN_ADDRESS-valueHelpDialog-smartFilterBar-btnBasicSearch","searchOpenDialogs":true,"interaction":{"idSuffix":"I"}},"clearTextFirst":true,"interactionType":"ENTER_TEXT"}]}
RESULT: {"script":"<script> [776 bytes]","args":[{"enterText":"Romania","selector":{"id":"application-managepartners-display-component---masterPtm--smartFilterBar-filterItemControl_BASIC-MAIN_ADDRESS-valueHelpDialog-smartFilterBar-btnBasicSearch","searchOpenDialogs":true,"interaction":{"idSuffix":"I"}},"clearTextFirst":true,"interactionType":"ENTER_TEXT"}]}
COMMAND: POST /session/8d9404e4e9bea3f53a5c3520fcd44aec/actions - {"actions":[{"id":"action24","type":"key","parameters":{},"actions":[{"type":"keyDown","value":""},{"type":"pause","duration":10},{"type":"keyUp","value":""}]}]}
RESULT: {"actions":[{"id":"action24","type":"key","parameters":{},"actions":[{"type":"keyDown","value":""},{"type":"pause","duration":10},{"type":"keyUp","value":""}]}]}
COMMAND: POST /session/8d9404e4e9bea3f53a5c3520fcd44aec/elements - {"using":"xpath","value":"//table[contains(@id, \"smartFilterBar-filterItemControl_BASIC-MAIN_ADDRESS-valueHelpDialog-table-table\")]/tbody/tr"}
COMMAND: GET /session/8d9404e4e9bea3f53a5c3520fcd44aec/screenshot - {}
RESULT: {"using":"xpath","value":"//table[contains(@id, \"smartFilterBar-filterItemControl_BASIC-MAIN_ADDRESS-valueHelpDialog-table-table\")]/tbody/tr"}
COMMAND: POST /session/8d9404e4e9bea3f53a5c3520fcd44aec/element - {"using":"xpath","value":"//table[contains(@id, \"smartFilterBar-filterItemControl_BASIC-MAIN_ADDRESS-valueHelpDialog-table-table\")]/tbody/tr[1]/td[1]/div/span"}
RESULT: {}
RESULT: {"using":"xpath","value":"//table[contains(@id, \"smartFilterBar-filterItemControl_BASIC-MAIN_ADDRESS-valueHelpDialog-table-table\")]/tbody/tr[1]/td[1]/div/span"}
COMMAND: POST /session/8d9404e4e9bea3f53a5c3520fcd44aec/elements - {"using":"xpath","value":"//table[contains(@id, \"smartFilterBar-filterItemControl_BASIC-MAIN_ADDRESS-valueHelpDialog-table-table\")]/tbody/tr[1]/td[1]/div/span"}
RESULT: {"using":"xpath","value":"//table[contains(@id, \"smartFilterBar-filterItemControl_BASIC-MAIN_ADDRESS-valueHelpDialog-table-table\")]/tbody/tr[1]/td[1]/div/span"}
COMMAND: POST /session/8d9404e4e9bea3f53a5c3520fcd44aec/execute/sync - {"script":"<script> [56 bytes]","args":[{"element-6066-11e4-a52e-4f735466cecf":"f.7EA17D048601C53176965B9346C1EB3C.d.7F009BBB575131EA203BE3642A54669A.e.7616","ELEMENT":"f.7EA17D048601C53176965B9346C1EB3C.d.7F009BBB575131EA203BE3642A54669A.e.7616"}]}
RESULT: {"script":"<script> [56 bytes]","args":[{"element-6066-11e4-a52e-4f735466cecf":"f.7EA17D048601C53176965B9346C1EB3C.d.7F009BBB575131EA203BE3642A54669A.e.7616","ELEMENT":"f.7EA17D048601C53176965B9346C1EB3C.d.7F009BBB575131EA203BE3642A54669A.e.7616"}]}
COMMAND: POST /session/8d9404e4e9bea3f53a5c3520fcd44aec/element - {"using":"xpath","value":"//div[contains(@id, \"filterItemControl_BASIC-MAIN_ADDRESS-valueHelpDialog-table-rowsel0\")]"}
COMMAND: GET /session/8d9404e4e9bea3f53a5c3520fcd44aec/screenshot - {}
RESULT: {"using":"xpath","value":"//div[contains(@id, \"filterItemControl_BASIC-MAIN_ADDRESS-valueHelpDialog-table-rowsel0\")]"}
COMMAND: POST /session/8d9404e4e9bea3f53a5c3520fcd44aec/element/f.7EA17D048601C53176965B9346C1EB3C.d.7F009BBB575131EA203BE3642A54669A.e.7617/click - {}
RESULT: {}
RESULT: {}
COMMAND: GET /session/8d9404e4e9bea3f53a5c3520fcd44aec/screenshot - {}
RESULT: {}
COMMAND: POST /session/8d9404e4e9bea3f53a5c3520fcd44aec/element - {"using":"xpath","value":"(//bdi[contains(text(), \"OK\")])[1]"}
RESULT: {"using":"xpath","value":"(//bdi[contains(text(), \"OK\")])[1]"}
COMMAND: POST /session/8d9404e4e9bea3f53a5c3520fcd44aec/element/f.7EA17D048601C53176965B9346C1EB3C.d.7F009BBB575131EA203BE3642A54669A.e.7619/click - {}
RESULT: {}
COMMAND: GET /session/8d9404e4e9bea3f53a5c3520fcd44aec/screenshot - {}
RESULT: {}
COMMAND: POST /session/8d9404e4e9bea3f53a5c3520fcd44aec/element - {"using":"xpath","value":"//span[@id=\"application-managepartners-display-component---masterPtm--smartTable-header-inner\"]"}
RESULT: {"using":"xpath","value":"//span[@id=\"application-managepartners-display-component---masterPtm--smartTable-header-inner\"]"}
COMMAND: POST /session/8d9404e4e9bea3f53a5c3520fcd44aec/elements - {"using":"xpath","value":"//span[@id=\"application-managepartners-display-component---masterPtm--smartTable-header-inner\"]"}
RESULT: {"using":"xpath","value":"//span[@id=\"application-managepartners-display-component---masterPtm--smartTable-header-inner\"]"}
COMMAND: POST /session/8d9404e4e9bea3f53a5c3520fcd44aec/execute/sync - {"script":"<script> [56 bytes]","args":[{"element-6066-11e4-a52e-4f735466cecf":"f.7EA17D048601C53176965B9346C1EB3C.d.7F009BBB575131EA203BE3642A54669A.e.7215","ELEMENT":"f.7EA17D048601C53176965B9346C1EB3C.d.7F009BBB575131EA203BE3642A54669A.e.7215"}]}
RESULT: {"script":"<script> [56 bytes]","args":[{"element-6066-11e4-a52e-4f735466cecf":"f.7EA17D048601C53176965B9346C1EB3C.d.7F009BBB575131EA203BE3642A54669A.e.7215","ELEMENT":"f.7EA17D048601C53176965B9346C1EB3C.d.7F009BBB575131EA203BE3642A54669A.e.7215"}]}
COMMAND: POST /session/8d9404e4e9bea3f53a5c3520fcd44aec/element - {"using":"xpath","value":"//span[contains(@title, \"Remove\")]"}
COMMAND: GET /session/8d9404e4e9bea3f53a5c3520fcd44aec/screenshot - {}
RESULT: {"using":"xpath","value":"//span[contains(@title, \"Remove\")]"}
COMMAND: POST /session/8d9404e4e9bea3f53a5c3520fcd44aec/element/f.7EA17D048601C53176965B9346C1EB3C.d.7F009BBB575131EA203BE3642A54669A.e.7631/click - {}
RESULT: {}
RESULT: {}
COMMAND: GET /session/8d9404e4e9bea3f53a5c3520fcd44aec/screenshot - {}
RESULT: {}
COMMAND: POST /session/8d9404e4e9bea3f53a5c3520fcd44aec/execute/async - {"script":"<script> [1562 bytes]","args":[{"selector":{"id":"application-managepartners-display-component---masterPtm--catalogs-arrow"},"wdio_ui5_key":"applicationmanagepartners-display-component---masterPtm--catalogs-arrow"}]}
RESULT: {"script":"<script> [1562 bytes]","args":[{"selector":{"id":"application-managepartners-display-component---masterPtm--catalogs-arrow"},"wdio_ui5_key":"applicationmanagepartners-display-component---masterPtm--catalogs-arrow"}]}
RESULT: undefined
COMMAND: POST /session/8d9404e4e9bea3f53a5c3520fcd44aec/element - {"using":"xpath","value":"//*[@id=\"application-managepartners-display-component---masterPtm--catalogs-arrow\"]"}
RESULT: {"using":"xpath","value":"//*[@id=\"application-managepartners-display-component---masterPtm--catalogs-arrow\"]"}
COMMAND: POST /session/8d9404e4e9bea3f53a5c3520fcd44aec/element/f.7EA17D048601C53176965B9346C1EB3C.d.7F009BBB575131EA203BE3642A54669A.e.7721/click - {}
RESULT: {}
COMMAND: GET /session/8d9404e4e9bea3f53a5c3520fcd44aec/screenshot - {}
RESULT: {}
COMMAND: POST /session/8d9404e4e9bea3f53a5c3520fcd44aec/element - {"using":"xpath","value":"//li[.//span[text()=\"Webshop Catalog\"]]//div[contains(@class,\"sapMCbBg\")]"}
RESULT: {"using":"xpath","value":"//li[.//span[text()=\"Webshop Catalog\"]]//div[contains(@class,\"sapMCbBg\")]"}
COMMAND: POST /session/8d9404e4e9bea3f53a5c3520fcd44aec/element/f.7EA17D048601C53176965B9346C1EB3C.d.7F009BBB575131EA203BE3642A54669A.e.7733/click - {}
RESULT: {}
COMMAND: GET /session/8d9404e4e9bea3f53a5c3520fcd44aec/screenshot - {}
RESULT: {}
RESULT: undefined
COMMAND: POST /session/8d9404e4e9bea3f53a5c3520fcd44aec/element - {"using":"xpath","value":"//*[@id=\"application-managepartners-display-component---masterPtm--catalogs-arrow\"]"}
RESULT: {"using":"xpath","value":"//*[@id=\"application-managepartners-display-component---masterPtm--catalogs-arrow\"]"}
COMMAND: POST /session/8d9404e4e9bea3f53a5c3520fcd44aec/element/f.7EA17D048601C53176965B9346C1EB3C.d.7F009BBB575131EA203BE3642A54669A.e.7721/click - {}
RESULT: {}
COMMAND: POST /session/8d9404e4e9bea3f53a5c3520fcd44aec/element - {"using":"xpath","value":"//span[@id=\"application-managepartners-display-component---masterPtm--smartTable-header-inner\"]"}
COMMAND: GET /session/8d9404e4e9bea3f53a5c3520fcd44aec/screenshot - {}
RESULT: {"using":"xpath","value":"//span[@id=\"application-managepartners-display-component---masterPtm--smartTable-header-inner\"]"}
COMMAND: POST /session/8d9404e4e9bea3f53a5c3520fcd44aec/elements - {"using":"xpath","value":"//span[@id=\"application-managepartners-display-component---masterPtm--smartTable-header-inner\"]"}
RESULT: {}
RESULT: {"using":"xpath","value":"//span[@id=\"application-managepartners-display-component---masterPtm--smartTable-header-inner\"]"}
COMMAND: POST /session/8d9404e4e9bea3f53a5c3520fcd44aec/execute/sync - {"script":"<script> [56 bytes]","args":[{"element-6066-11e4-a52e-4f735466cecf":"f.7EA17D048601C53176965B9346C1EB3C.d.7F009BBB575131EA203BE3642A54669A.e.7215","ELEMENT":"f.7EA17D048601C53176965B9346C1EB3C.d.7F009BBB575131EA203BE3642A54669A.e.7215"}]}
RESULT: {"script":"<script> [56 bytes]","args":[{"element-6066-11e4-a52e-4f735466cecf":"f.7EA17D048601C53176965B9346C1EB3C.d.7F009BBB575131EA203BE3642A54669A.e.7215","ELEMENT":"f.7EA17D048601C53176965B9346C1EB3C.d.7F009BBB575131EA203BE3642A54669A.e.7215"}]}
COMMAND: POST /session/8d9404e4e9bea3f53a5c3520fcd44aec/element - {"using":"xpath","value":"//span[contains(@title, \"Remove\")]"}
COMMAND: GET /session/8d9404e4e9bea3f53a5c3520fcd44aec/screenshot - {}
RESULT: {"using":"xpath","value":"//span[contains(@title, \"Remove\")]"}
COMMAND: POST /session/8d9404e4e9bea3f53a5c3520fcd44aec/element/f.7EA17D048601C53176965B9346C1EB3C.d.7F009BBB575131EA203BE3642A54669A.e.7747/click - {}
RESULT: {}
RESULT: {}
COMMAND: GET /session/8d9404e4e9bea3f53a5c3520fcd44aec/screenshot - {}
RESULT: {}
COMMAND: POST /session/8d9404e4e9bea3f53a5c3520fcd44aec/execute/async - {"script":"<script> [1562 bytes]","args":[{"selector":{"id":"application-managepartners-display-component---masterPtm--currencies-arrow"},"wdio_ui5_key":"applicationmanagepartners-display-component---masterPtm--currencies-arrow"}]}
RESULT: {"script":"<script> [1562 bytes]","args":[{"selector":{"id":"application-managepartners-display-component---masterPtm--currencies-arrow"},"wdio_ui5_key":"applicationmanagepartners-display-component---masterPtm--currencies-arrow"}]}
RESULT: undefined
COMMAND: POST /session/8d9404e4e9bea3f53a5c3520fcd44aec/element - {"using":"xpath","value":"//*[@id=\"application-managepartners-display-component---masterPtm--currencies-arrow\"]"}
RESULT: {"using":"xpath","value":"//*[@id=\"application-managepartners-display-component---masterPtm--currencies-arrow\"]"}
COMMAND: POST /session/8d9404e4e9bea3f53a5c3520fcd44aec/element/f.7EA17D048601C53176965B9346C1EB3C.d.7F009BBB575131EA203BE3642A54669A.e.7846/click - {}
RESULT: {}
COMMAND: GET /session/8d9404e4e9bea3f53a5c3520fcd44aec/screenshot - {}
RESULT: {}
COMMAND: POST /session/8d9404e4e9bea3f53a5c3520fcd44aec/element - {"using":"xpath","value":"//li[.//span[text()=\"US Dollar\"]]//div[contains(@class,\"sapMCbBg\")]"}
RESULT: {"using":"xpath","value":"//li[.//span[text()=\"US Dollar\"]]//div[contains(@class,\"sapMCbBg\")]"}
COMMAND: POST /session/8d9404e4e9bea3f53a5c3520fcd44aec/element/f.7EA17D048601C53176965B9346C1EB3C.d.7F009BBB575131EA203BE3642A54669A.e.7849/click - {}
RESULT: {}
COMMAND: GET /session/8d9404e4e9bea3f53a5c3520fcd44aec/screenshot - {}
RESULT: {}
RESULT: undefined
COMMAND: POST /session/8d9404e4e9bea3f53a5c3520fcd44aec/element - {"using":"xpath","value":"//*[@id=\"application-managepartners-display-component---masterPtm--currencies-arrow\"]"}
RESULT: {"using":"xpath","value":"//*[@id=\"application-managepartners-display-component---masterPtm--currencies-arrow\"]"}
COMMAND: POST /session/8d9404e4e9bea3f53a5c3520fcd44aec/element/f.7EA17D048601C53176965B9346C1EB3C.d.7F009BBB575131EA203BE3642A54669A.e.7846/click - {}
RESULT: {}
COMMAND: POST /session/8d9404e4e9bea3f53a5c3520fcd44aec/element - {"using":"xpath","value":"//span[@id=\"application-managepartners-display-component---masterPtm--smartTable-header-inner\"]"}
COMMAND: GET /session/8d9404e4e9bea3f53a5c3520fcd44aec/screenshot - {}
RESULT: {"using":"xpath","value":"//span[@id=\"application-managepartners-display-component---masterPtm--smartTable-header-inner\"]"}
COMMAND: POST /session/8d9404e4e9bea3f53a5c3520fcd44aec/elements - {"using":"xpath","value":"//span[@id=\"application-managepartners-display-component---masterPtm--smartTable-header-inner\"]"}
RESULT: {}
RESULT: {"using":"xpath","value":"//span[@id=\"application-managepartners-display-component---masterPtm--smartTable-header-inner\"]"}
COMMAND: POST /session/8d9404e4e9bea3f53a5c3520fcd44aec/execute/sync - {"script":"<script> [56 bytes]","args":[{"element-6066-11e4-a52e-4f735466cecf":"f.7EA17D048601C53176965B9346C1EB3C.d.7F009BBB575131EA203BE3642A54669A.e.7215","ELEMENT":"f.7EA17D048601C53176965B9346C1EB3C.d.7F009BBB575131EA203BE3642A54669A.e.7215"}]}
RESULT: {"script":"<script> [56 bytes]","args":[{"element-6066-11e4-a52e-4f735466cecf":"f.7EA17D048601C53176965B9346C1EB3C.d.7F009BBB575131EA203BE3642A54669A.e.7215","ELEMENT":"f.7EA17D048601C53176965B9346C1EB3C.d.7F009BBB575131EA203BE3642A54669A.e.7215"}]}
COMMAND: POST /session/8d9404e4e9bea3f53a5c3520fcd44aec/element - {"using":"xpath","value":"//span[contains(@title, \"Remove\")]"}
COMMAND: GET /session/8d9404e4e9bea3f53a5c3520fcd44aec/screenshot - {}
RESULT: {"using":"xpath","value":"//span[contains(@title, \"Remove\")]"}
COMMAND: POST /session/8d9404e4e9bea3f53a5c3520fcd44aec/element/f.7EA17D048601C53176965B9346C1EB3C.d.7F009BBB575131EA203BE3642A54669A.e.8000/click - {}
RESULT: {}
RESULT: {}
COMMAND: GET /session/8d9404e4e9bea3f53a5c3520fcd44aec/screenshot - {}
RESULT: {}
COMMAND: POST /session/8d9404e4e9bea3f53a5c3520fcd44aec/execute/async - {"script":"<script> [1562 bytes]","args":[{"selector":{"id":"application-managepartners-display-component---masterPtm--languages-arrow"},"wdio_ui5_key":"applicationmanagepartners-display-component---masterPtm--languages-arrow"}]}
RESULT: {"script":"<script> [1562 bytes]","args":[{"selector":{"id":"application-managepartners-display-component---masterPtm--languages-arrow"},"wdio_ui5_key":"applicationmanagepartners-display-component---masterPtm--languages-arrow"}]}
RESULT: undefined
COMMAND: POST /session/8d9404e4e9bea3f53a5c3520fcd44aec/element - {"using":"xpath","value":"//*[@id=\"application-managepartners-display-component---masterPtm--languages-arrow\"]"}
RESULT: {"using":"xpath","value":"//*[@id=\"application-managepartners-display-component---masterPtm--languages-arrow\"]"}
COMMAND: POST /session/8d9404e4e9bea3f53a5c3520fcd44aec/element/f.7EA17D048601C53176965B9346C1EB3C.d.7F009BBB575131EA203BE3642A54669A.e.8078/click - {}
RESULT: {}
COMMAND: GET /session/8d9404e4e9bea3f53a5c3520fcd44aec/screenshot - {}
RESULT: {}
COMMAND: POST /session/8d9404e4e9bea3f53a5c3520fcd44aec/element - {"using":"xpath","value":"//li[.//span[text()=\"German\"]]//div[contains(@class,\"sapMCbBg\")]"}
RESULT: {"using":"xpath","value":"//li[.//span[text()=\"German\"]]//div[contains(@class,\"sapMCbBg\")]"}
COMMAND: POST /session/8d9404e4e9bea3f53a5c3520fcd44aec/element/f.7EA17D048601C53176965B9346C1EB3C.d.7F009BBB575131EA203BE3642A54669A.e.8122/click - {}
RESULT: {}
COMMAND: GET /session/8d9404e4e9bea3f53a5c3520fcd44aec/screenshot - {}
RESULT: {}
RESULT: undefined
COMMAND: POST /session/8d9404e4e9bea3f53a5c3520fcd44aec/element - {"using":"xpath","value":"//*[@id=\"application-managepartners-display-component---masterPtm--languages-arrow\"]"}
RESULT: {"using":"xpath","value":"//*[@id=\"application-managepartners-display-component---masterPtm--languages-arrow\"]"}
COMMAND: POST /session/8d9404e4e9bea3f53a5c3520fcd44aec/element/f.7EA17D048601C53176965B9346C1EB3C.d.7F009BBB575131EA203BE3642A54669A.e.8078/click - {}
RESULT: {}
COMMAND: POST /session/8d9404e4e9bea3f53a5c3520fcd44aec/element - {"using":"xpath","value":"//span[@id=\"application-managepartners-display-component---masterPtm--smartTable-header-inner\"]"}
COMMAND: GET /session/8d9404e4e9bea3f53a5c3520fcd44aec/screenshot - {}
RESULT: {"using":"xpath","value":"//span[@id=\"application-managepartners-display-component---masterPtm--smartTable-header-inner\"]"}
COMMAND: POST /session/8d9404e4e9bea3f53a5c3520fcd44aec/elements - {"using":"xpath","value":"//span[@id=\"application-managepartners-display-component---masterPtm--smartTable-header-inner\"]"}
RESULT: {}
RESULT: {"using":"xpath","value":"//span[@id=\"application-managepartners-display-component---masterPtm--smartTable-header-inner\"]"}
COMMAND: POST /session/8d9404e4e9bea3f53a5c3520fcd44aec/execute/sync - {"script":"<script> [56 bytes]","args":[{"element-6066-11e4-a52e-4f735466cecf":"f.7EA17D048601C53176965B9346C1EB3C.d.7F009BBB575131EA203BE3642A54669A.e.7215","ELEMENT":"f.7EA17D048601C53176965B9346C1EB3C.d.7F009BBB575131EA203BE3642A54669A.e.7215"}]}
RESULT: {"script":"<script> [56 bytes]","args":[{"element-6066-11e4-a52e-4f735466cecf":"f.7EA17D048601C53176965B9346C1EB3C.d.7F009BBB575131EA203BE3642A54669A.e.7215","ELEMENT":"f.7EA17D048601C53176965B9346C1EB3C.d.7F009BBB575131EA203BE3642A54669A.e.7215"}]}
COMMAND: POST /session/8d9404e4e9bea3f53a5c3520fcd44aec/element - {"using":"css selector","value":"#shell-header-logo"}
COMMAND: GET /session/8d9404e4e9bea3f53a5c3520fcd44aec/screenshot - {}
RESULT: {"using":"css selector","value":"#shell-header-logo"}
COMMAND: POST /session/8d9404e4e9bea3f53a5c3520fcd44aec/element/f.7EA17D048601C53176965B9346C1EB3C.d.7F009BBB575131EA203BE3642A54669A.e.7060/click - {}
RESULT: {}
RESULT: {}
COMMAND: GET /session/8d9404e4e9bea3f53a5c3520fcd44aec/screenshot - {}
RESULT: {}
]]></system-out>
    </testcase>
    <testcase classname="chrome.136_0_7103_93.windows.Partner_specific_tests_US150819_US151080_US151654_US151176_US103444_US151078_US151079_US151109_US151174_US151175_US151189" name="Should add a new Business Partner role same role US151541" time="104.718">
      <skipped/>
      <system-out><![CDATA[
COMMAND: POST /session/8d9404e4e9bea3f53a5c3520fcd44aec/execute/async - {"script":"<script> [1562 bytes]","args":[{"selector":{"controlType":"sap.m.GenericTile","properties":{"header":"Data Explorer"}},"wdio_ui5_key":"sapm.GenericTile{\"header\":\"Data Explorer\"}"}]}
RESULT: {"script":"<script> [1562 bytes]","args":[{"selector":{"controlType":"sap.m.GenericTile","properties":{"header":"Data Explorer"}},"wdio_ui5_key":"sapm.GenericTile{\"header\":\"Data Explorer\"}"}]}
RESULT: undefined
COMMAND: POST /session/8d9404e4e9bea3f53a5c3520fcd44aec/element - {"using":"xpath","value":"//*[@id=\"__tile117\"]"}
RESULT: {"using":"xpath","value":"//*[@id=\"__tile117\"]"}
COMMAND: POST /session/8d9404e4e9bea3f53a5c3520fcd44aec/element/f.7EA17D048601C53176965B9346C1EB3C.d.7F009BBB575131EA203BE3642A54669A.e.8187/click - {}
RESULT: {}
COMMAND: GET /session/8d9404e4e9bea3f53a5c3520fcd44aec/screenshot - {}
RESULT: {}
COMMAND: POST /session/8d9404e4e9bea3f53a5c3520fcd44aec/elements - {"using":"xpath","value":"//span[text()='Error']"}
RESULT: {"using":"xpath","value":"//span[text()='Error']"}
COMMAND: POST /session/8d9404e4e9bea3f53a5c3520fcd44aec/window/fullscreen - {}
RESULT: {}
COMMAND: POST /session/8d9404e4e9bea3f53a5c3520fcd44aec/element - {"using":"xpath","value":"//input[@id=\"application-businessconfigurations-display-component---masterBusinessConfigurations--smartFilterBar-btnBasicSearch-I\"]"}
RESULT: {"using":"xpath","value":"//input[@id=\"application-businessconfigurations-display-component---masterBusinessConfigurations--smartFilterBar-btnBasicSearch-I\"]"}
COMMAND: POST /session/8d9404e4e9bea3f53a5c3520fcd44aec/elements - {"using":"xpath","value":"//input[@id=\"application-businessconfigurations-display-component---masterBusinessConfigurations--smartFilterBar-btnBasicSearch-I\"]"}
RESULT: {"using":"xpath","value":"//input[@id=\"application-businessconfigurations-display-component---masterBusinessConfigurations--smartFilterBar-btnBasicSearch-I\"]"}
COMMAND: POST /session/8d9404e4e9bea3f53a5c3520fcd44aec/execute/sync - {"script":"<script> [8489 bytes]","args":[{"element-6066-11e4-a52e-4f735466cecf":"f.7EA17D048601C53176965B9346C1EB3C.d.7F009BBB575131EA203BE3642A54669A.e.8211","ELEMENT":"f.7EA17D048601C53176965B9346C1EB3C.d.7F009BBB575131EA203BE3642A54669A.e.8211"}]}
RESULT: {"script":"<script> [8489 bytes]","args":[{"element-6066-11e4-a52e-4f735466cecf":"f.7EA17D048601C53176965B9346C1EB3C.d.7F009BBB575131EA203BE3642A54669A.e.8211","ELEMENT":"f.7EA17D048601C53176965B9346C1EB3C.d.7F009BBB575131EA203BE3642A54669A.e.8211"}]}
COMMAND: GET /session/8d9404e4e9bea3f53a5c3520fcd44aec/element/f.7EA17D048601C53176965B9346C1EB3C.d.7F009BBB575131EA203BE3642A54669A.e.8211/enabled - {}
COMMAND: GET /session/8d9404e4e9bea3f53a5c3520fcd44aec/screenshot - {}
RESULT: {}
COMMAND: POST /session/8d9404e4e9bea3f53a5c3520fcd44aec/execute/sync - {"script":"<script> [8489 bytes]","args":[{"element-6066-11e4-a52e-4f735466cecf":"f.7EA17D048601C53176965B9346C1EB3C.d.7F009BBB575131EA203BE3642A54669A.e.8211","ELEMENT":"f.7EA17D048601C53176965B9346C1EB3C.d.7F009BBB575131EA203BE3642A54669A.e.8211"}]}
COMMAND: GET /session/8d9404e4e9bea3f53a5c3520fcd44aec/screenshot - {}
RESULT: {}
RESULT: {"script":"<script> [8489 bytes]","args":[{"element-6066-11e4-a52e-4f735466cecf":"f.7EA17D048601C53176965B9346C1EB3C.d.7F009BBB575131EA203BE3642A54669A.e.8211","ELEMENT":"f.7EA17D048601C53176965B9346C1EB3C.d.7F009BBB575131EA203BE3642A54669A.e.8211"}]}
COMMAND: POST /session/8d9404e4e9bea3f53a5c3520fcd44aec/execute/sync - {"script":"<script> [5351 bytes]","args":[{"element-6066-11e4-a52e-4f735466cecf":"f.7EA17D048601C53176965B9346C1EB3C.d.7F009BBB575131EA203BE3642A54669A.e.8211","ELEMENT":"f.7EA17D048601C53176965B9346C1EB3C.d.7F009BBB575131EA203BE3642A54669A.e.8211"}]}
COMMAND: GET /session/8d9404e4e9bea3f53a5c3520fcd44aec/screenshot - {}
RESULT: {}
RESULT: {}
RESULT: {"script":"<script> [5351 bytes]","args":[{"element-6066-11e4-a52e-4f735466cecf":"f.7EA17D048601C53176965B9346C1EB3C.d.7F009BBB575131EA203BE3642A54669A.e.8211","ELEMENT":"f.7EA17D048601C53176965B9346C1EB3C.d.7F009BBB575131EA203BE3642A54669A.e.8211"}]}
COMMAND: GET /session/8d9404e4e9bea3f53a5c3520fcd44aec/screenshot - {}
RESULT: {}
COMMAND: POST /session/8d9404e4e9bea3f53a5c3520fcd44aec/element - {"using":"xpath","value":"//span[@id=\"application-businessconfigurations-display-component---masterBusinessConfigurations--masterListDataExplorerSmartTable-header-inner\"]"}
RESULT: {"using":"xpath","value":"//span[@id=\"application-businessconfigurations-display-component---masterBusinessConfigurations--masterListDataExplorerSmartTable-header-inner\"]"}
COMMAND: POST /session/8d9404e4e9bea3f53a5c3520fcd44aec/elements - {"using":"xpath","value":"//span[@id=\"application-businessconfigurations-display-component---masterBusinessConfigurations--masterListDataExplorerSmartTable-header-inner\"]"}
RESULT: {"using":"xpath","value":"//span[@id=\"application-businessconfigurations-display-component---masterBusinessConfigurations--masterListDataExplorerSmartTable-header-inner\"]"}
COMMAND: POST /session/8d9404e4e9bea3f53a5c3520fcd44aec/execute/sync - {"script":"<script> [56 bytes]","args":[{"element-6066-11e4-a52e-4f735466cecf":"f.7EA17D048601C53176965B9346C1EB3C.d.7F009BBB575131EA203BE3642A54669A.e.8350","ELEMENT":"f.7EA17D048601C53176965B9346C1EB3C.d.7F009BBB575131EA203BE3642A54669A.e.8350"}]}
RESULT: {"script":"<script> [56 bytes]","args":[{"element-6066-11e4-a52e-4f735466cecf":"f.7EA17D048601C53176965B9346C1EB3C.d.7F009BBB575131EA203BE3642A54669A.e.8350","ELEMENT":"f.7EA17D048601C53176965B9346C1EB3C.d.7F009BBB575131EA203BE3642A54669A.e.8350"}]}
COMMAND: POST /session/8d9404e4e9bea3f53a5c3520fcd44aec/element/f.7EA17D048601C53176965B9346C1EB3C.d.7F009BBB575131EA203BE3642A54669A.e.8211/clear - {}
COMMAND: GET /session/8d9404e4e9bea3f53a5c3520fcd44aec/screenshot - {}
RESULT: {}
COMMAND: POST /session/8d9404e4e9bea3f53a5c3520fcd44aec/element/f.7EA17D048601C53176965B9346C1EB3C.d.7F009BBB575131EA203BE3642A54669A.e.8211/value - {"text":"NETM_C_BUSINESS_PARTNER_ROLES"}
COMMAND: GET /session/8d9404e4e9bea3f53a5c3520fcd44aec/screenshot - {}
RESULT: {}
RESULT: {"text":"NETM_C_BUSINESS_PARTNER_ROLES"}
COMMAND: GET /session/8d9404e4e9bea3f53a5c3520fcd44aec/screenshot - {}
RESULT: {}
RESULT: {}
COMMAND: POST /session/8d9404e4e9bea3f53a5c3520fcd44aec/actions - {"actions":[{"id":"action25","type":"key","parameters":{},"actions":[{"type":"keyDown","value":""},{"type":"pause","duration":10},{"type":"keyUp","value":""}]}]}
RESULT: {"actions":[{"id":"action25","type":"key","parameters":{},"actions":[{"type":"keyDown","value":""},{"type":"pause","duration":10},{"type":"keyUp","value":""}]}]}
COMMAND: GET /session/8d9404e4e9bea3f53a5c3520fcd44aec/screenshot - {}
RESULT: {}
COMMAND: POST /session/8d9404e4e9bea3f53a5c3520fcd44aec/elements - {"using":"xpath","value":"//table[contains(@id, \"masterListDataExplorerTable-listUl\")]/tbody/tr"}
RESULT: {"using":"xpath","value":"//table[contains(@id, \"masterListDataExplorerTable-listUl\")]/tbody/tr"}
COMMAND: POST /session/8d9404e4e9bea3f53a5c3520fcd44aec/element - {"using":"xpath","value":"//table[contains(@id, \"masterListDataExplorerTable-listUl\")]/tbody/tr[2]/td[4]/span"}
RESULT: {"using":"xpath","value":"//table[contains(@id, \"masterListDataExplorerTable-listUl\")]/tbody/tr[2]/td[4]/span"}
COMMAND: POST /session/8d9404e4e9bea3f53a5c3520fcd44aec/elements - {"using":"xpath","value":"//table[contains(@id, \"masterListDataExplorerTable-listUl\")]/tbody/tr[2]/td[4]/span"}
RESULT: {"using":"xpath","value":"//table[contains(@id, \"masterListDataExplorerTable-listUl\")]/tbody/tr[2]/td[4]/span"}
COMMAND: POST /session/8d9404e4e9bea3f53a5c3520fcd44aec/execute/sync - {"script":"<script> [56 bytes]","args":[{"element-6066-11e4-a52e-4f735466cecf":"f.7EA17D048601C53176965B9346C1EB3C.d.7F009BBB575131EA203BE3642A54669A.e.8368","ELEMENT":"f.7EA17D048601C53176965B9346C1EB3C.d.7F009BBB575131EA203BE3642A54669A.e.8368"}]}
RESULT: {"script":"<script> [56 bytes]","args":[{"element-6066-11e4-a52e-4f735466cecf":"f.7EA17D048601C53176965B9346C1EB3C.d.7F009BBB575131EA203BE3642A54669A.e.8368","ELEMENT":"f.7EA17D048601C53176965B9346C1EB3C.d.7F009BBB575131EA203BE3642A54669A.e.8368"}]}
COMMAND: POST /session/8d9404e4e9bea3f53a5c3520fcd44aec/element - {"using":"xpath","value":"(//span[contains(@id, \"imgNav\")])[1]"}
COMMAND: GET /session/8d9404e4e9bea3f53a5c3520fcd44aec/screenshot - {}
RESULT: {"using":"xpath","value":"(//span[contains(@id, \"imgNav\")])[1]"}
COMMAND: POST /session/8d9404e4e9bea3f53a5c3520fcd44aec/element/f.7EA17D048601C53176965B9346C1EB3C.d.7F009BBB575131EA203BE3642A54669A.e.8369/click - {}
RESULT: {}
RESULT: {}
COMMAND: GET /session/8d9404e4e9bea3f53a5c3520fcd44aec/screenshot - {}
RESULT: {}
COMMAND: POST /session/8d9404e4e9bea3f53a5c3520fcd44aec/element - {"using":"xpath","value":"//bdi[contains(text(), \"Edit\")]"}
RESULT: {"using":"xpath","value":"//bdi[contains(text(), \"Edit\")]"}
COMMAND: POST /session/8d9404e4e9bea3f53a5c3520fcd44aec/element/f.7EA17D048601C53176965B9346C1EB3C.d.7F009BBB575131EA203BE3642A54669A.e.8507/click - {}
RESULT: {}
COMMAND: GET /session/8d9404e4e9bea3f53a5c3520fcd44aec/screenshot - {}
RESULT: {}
COMMAND: POST /session/8d9404e4e9bea3f53a5c3520fcd44aec/element - {"using":"xpath","value":"//button[contains(@id, \"detailBusinessConfigurations--addButton\")]"}
RESULT: {"using":"xpath","value":"//button[contains(@id, \"detailBusinessConfigurations--addButton\")]"}
COMMAND: POST /session/8d9404e4e9bea3f53a5c3520fcd44aec/element/f.7EA17D048601C53176965B9346C1EB3C.d.7F009BBB575131EA203BE3642A54669A.e.8518/click - {}
RESULT: {}
COMMAND: GET /session/8d9404e4e9bea3f53a5c3520fcd44aec/screenshot - {}
RESULT: {}
COMMAND: POST /session/8d9404e4e9bea3f53a5c3520fcd44aec/elements - {"using":"xpath","value":"//table[contains(@id, \"detailBusinessConfigurations--detailsTable-listUl\")]/tbody/tr"}
RESULT: {"using":"xpath","value":"//table[contains(@id, \"detailBusinessConfigurations--detailsTable-listUl\")]/tbody/tr"}
COMMAND: POST /session/8d9404e4e9bea3f53a5c3520fcd44aec/element - {"using":"xpath","value":"//table[contains(@id, \"detailBusinessConfigurations--detailsTable-listUl\")]/tbody/tr[1]/td[3]/div/div/div/div/input"}
RESULT: {"using":"xpath","value":"//table[contains(@id, \"detailBusinessConfigurations--detailsTable-listUl\")]/tbody/tr[1]/td[3]/div/div/div/div/input"}
COMMAND: POST /session/8d9404e4e9bea3f53a5c3520fcd44aec/elements - {"using":"xpath","value":"//table[contains(@id, \"detailBusinessConfigurations--detailsTable-listUl\")]/tbody/tr[1]/td[3]/div/div/div/div/input"}
RESULT: {"using":"xpath","value":"//table[contains(@id, \"detailBusinessConfigurations--detailsTable-listUl\")]/tbody/tr[1]/td[3]/div/div/div/div/input"}
COMMAND: POST /session/8d9404e4e9bea3f53a5c3520fcd44aec/elements - {"using":"xpath","value":"//table[contains(@id, \"detailBusinessConfigurations--detailsTable-listUl\")]/tbody/tr[1]/td[3]/div/div/div/div/input"}
RESULT: {"using":"xpath","value":"//table[contains(@id, \"detailBusinessConfigurations--detailsTable-listUl\")]/tbody/tr[1]/td[3]/div/div/div/div/input"}
COMMAND: POST /session/8d9404e4e9bea3f53a5c3520fcd44aec/elements - {"using":"xpath","value":"//table[contains(@id, \"detailBusinessConfigurations--detailsTable-listUl\")]/tbody/tr[1]/td[3]/div/div/div/div/input"}
RESULT: {"using":"xpath","value":"//table[contains(@id, \"detailBusinessConfigurations--detailsTable-listUl\")]/tbody/tr[1]/td[3]/div/div/div/div/input"}
COMMAND: POST /session/8d9404e4e9bea3f53a5c3520fcd44aec/elements - {"using":"xpath","value":"//table[contains(@id, \"detailBusinessConfigurations--detailsTable-listUl\")]/tbody/tr[1]/td[3]/div/div/div/div/input"}
RESULT: {"using":"xpath","value":"//table[contains(@id, \"detailBusinessConfigurations--detailsTable-listUl\")]/tbody/tr[1]/td[3]/div/div/div/div/input"}
COMMAND: POST /session/8d9404e4e9bea3f53a5c3520fcd44aec/elements - {"using":"xpath","value":"//table[contains(@id, \"detailBusinessConfigurations--detailsTable-listUl\")]/tbody/tr[1]/td[3]/div/div/div/div/input"}
RESULT: {"using":"xpath","value":"//table[contains(@id, \"detailBusinessConfigurations--detailsTable-listUl\")]/tbody/tr[1]/td[3]/div/div/div/div/input"}
COMMAND: POST /session/8d9404e4e9bea3f53a5c3520fcd44aec/elements - {"using":"xpath","value":"//table[contains(@id, \"detailBusinessConfigurations--detailsTable-listUl\")]/tbody/tr[1]/td[3]/div/div/div/div/input"}
RESULT: {"using":"xpath","value":"//table[contains(@id, \"detailBusinessConfigurations--detailsTable-listUl\")]/tbody/tr[1]/td[3]/div/div/div/div/input"}
COMMAND: POST /session/8d9404e4e9bea3f53a5c3520fcd44aec/elements - {"using":"xpath","value":"//table[contains(@id, \"detailBusinessConfigurations--detailsTable-listUl\")]/tbody/tr[1]/td[3]/div/div/div/div/input"}
RESULT: {"using":"xpath","value":"//table[contains(@id, \"detailBusinessConfigurations--detailsTable-listUl\")]/tbody/tr[1]/td[3]/div/div/div/div/input"}
COMMAND: POST /session/8d9404e4e9bea3f53a5c3520fcd44aec/elements - {"using":"xpath","value":"//table[contains(@id, \"detailBusinessConfigurations--detailsTable-listUl\")]/tbody/tr[1]/td[3]/div/div/div/div/input"}
RESULT: {"using":"xpath","value":"//table[contains(@id, \"detailBusinessConfigurations--detailsTable-listUl\")]/tbody/tr[1]/td[3]/div/div/div/div/input"}
COMMAND: POST /session/8d9404e4e9bea3f53a5c3520fcd44aec/elements - {"using":"xpath","value":"//table[contains(@id, \"detailBusinessConfigurations--detailsTable-listUl\")]/tbody/tr[1]/td[3]/div/div/div/div/input"}
RESULT: {"using":"xpath","value":"//table[contains(@id, \"detailBusinessConfigurations--detailsTable-listUl\")]/tbody/tr[1]/td[3]/div/div/div/div/input"}
COMMAND: POST /session/8d9404e4e9bea3f53a5c3520fcd44aec/elements - {"using":"xpath","value":"//table[contains(@id, \"detailBusinessConfigurations--detailsTable-listUl\")]/tbody/tr[1]/td[3]/div/div/div/div/input"}
RESULT: {"using":"xpath","value":"//table[contains(@id, \"detailBusinessConfigurations--detailsTable-listUl\")]/tbody/tr[1]/td[3]/div/div/div/div/input"}
COMMAND: POST /session/8d9404e4e9bea3f53a5c3520fcd44aec/elements - {"using":"xpath","value":"//table[contains(@id, \"detailBusinessConfigurations--detailsTable-listUl\")]/tbody/tr[1]/td[3]/div/div/div/div/input"}
RESULT: {"using":"xpath","value":"//table[contains(@id, \"detailBusinessConfigurations--detailsTable-listUl\")]/tbody/tr[1]/td[3]/div/div/div/div/input"}
COMMAND: POST /session/8d9404e4e9bea3f53a5c3520fcd44aec/elements - {"using":"xpath","value":"//table[contains(@id, \"detailBusinessConfigurations--detailsTable-listUl\")]/tbody/tr[1]/td[3]/div/div/div/div/input"}
RESULT: {"using":"xpath","value":"//table[contains(@id, \"detailBusinessConfigurations--detailsTable-listUl\")]/tbody/tr[1]/td[3]/div/div/div/div/input"}
COMMAND: POST /session/8d9404e4e9bea3f53a5c3520fcd44aec/elements - {"using":"xpath","value":"//table[contains(@id, \"detailBusinessConfigurations--detailsTable-listUl\")]/tbody/tr[1]/td[3]/div/div/div/div/input"}
RESULT: {"using":"xpath","value":"//table[contains(@id, \"detailBusinessConfigurations--detailsTable-listUl\")]/tbody/tr[1]/td[3]/div/div/div/div/input"}
COMMAND: POST /session/8d9404e4e9bea3f53a5c3520fcd44aec/elements - {"using":"xpath","value":"//table[contains(@id, \"detailBusinessConfigurations--detailsTable-listUl\")]/tbody/tr[1]/td[3]/div/div/div/div/input"}
RESULT: {"using":"xpath","value":"//table[contains(@id, \"detailBusinessConfigurations--detailsTable-listUl\")]/tbody/tr[1]/td[3]/div/div/div/div/input"}
COMMAND: POST /session/8d9404e4e9bea3f53a5c3520fcd44aec/elements - {"using":"xpath","value":"//table[contains(@id, \"detailBusinessConfigurations--detailsTable-listUl\")]/tbody/tr[1]/td[3]/div/div/div/div/input"}
RESULT: {"using":"xpath","value":"//table[contains(@id, \"detailBusinessConfigurations--detailsTable-listUl\")]/tbody/tr[1]/td[3]/div/div/div/div/input"}
COMMAND: POST /session/8d9404e4e9bea3f53a5c3520fcd44aec/elements - {"using":"xpath","value":"//table[contains(@id, \"detailBusinessConfigurations--detailsTable-listUl\")]/tbody/tr[1]/td[3]/div/div/div/div/input"}
RESULT: {"using":"xpath","value":"//table[contains(@id, \"detailBusinessConfigurations--detailsTable-listUl\")]/tbody/tr[1]/td[3]/div/div/div/div/input"}
COMMAND: POST /session/8d9404e4e9bea3f53a5c3520fcd44aec/elements - {"using":"xpath","value":"//table[contains(@id, \"detailBusinessConfigurations--detailsTable-listUl\")]/tbody/tr[1]/td[3]/div/div/div/div/input"}
RESULT: {"using":"xpath","value":"//table[contains(@id, \"detailBusinessConfigurations--detailsTable-listUl\")]/tbody/tr[1]/td[3]/div/div/div/div/input"}
COMMAND: POST /session/8d9404e4e9bea3f53a5c3520fcd44aec/elements - {"using":"xpath","value":"//table[contains(@id, \"detailBusinessConfigurations--detailsTable-listUl\")]/tbody/tr[1]/td[3]/div/div/div/div/input"}
RESULT: {"using":"xpath","value":"//table[contains(@id, \"detailBusinessConfigurations--detailsTable-listUl\")]/tbody/tr[1]/td[3]/div/div/div/div/input"}
COMMAND: POST /session/8d9404e4e9bea3f53a5c3520fcd44aec/elements - {"using":"xpath","value":"//table[contains(@id, \"detailBusinessConfigurations--detailsTable-listUl\")]/tbody/tr[1]/td[3]/div/div/div/div/input"}
RESULT: {"using":"xpath","value":"//table[contains(@id, \"detailBusinessConfigurations--detailsTable-listUl\")]/tbody/tr[1]/td[3]/div/div/div/div/input"}
COMMAND: POST /session/8d9404e4e9bea3f53a5c3520fcd44aec/elements - {"using":"xpath","value":"//table[contains(@id, \"detailBusinessConfigurations--detailsTable-listUl\")]/tbody/tr[1]/td[3]/div/div/div/div/input"}
RESULT: {"using":"xpath","value":"//table[contains(@id, \"detailBusinessConfigurations--detailsTable-listUl\")]/tbody/tr[1]/td[3]/div/div/div/div/input"}
COMMAND: POST /session/8d9404e4e9bea3f53a5c3520fcd44aec/elements - {"using":"xpath","value":"//table[contains(@id, \"detailBusinessConfigurations--detailsTable-listUl\")]/tbody/tr[1]/td[3]/div/div/div/div/input"}
RESULT: {"using":"xpath","value":"//table[contains(@id, \"detailBusinessConfigurations--detailsTable-listUl\")]/tbody/tr[1]/td[3]/div/div/div/div/input"}
COMMAND: POST /session/8d9404e4e9bea3f53a5c3520fcd44aec/elements - {"using":"xpath","value":"//table[contains(@id, \"detailBusinessConfigurations--detailsTable-listUl\")]/tbody/tr[1]/td[3]/div/div/div/div/input"}
RESULT: {"using":"xpath","value":"//table[contains(@id, \"detailBusinessConfigurations--detailsTable-listUl\")]/tbody/tr[1]/td[3]/div/div/div/div/input"}
COMMAND: POST /session/8d9404e4e9bea3f53a5c3520fcd44aec/elements - {"using":"xpath","value":"//table[contains(@id, \"detailBusinessConfigurations--detailsTable-listUl\")]/tbody/tr[1]/td[3]/div/div/div/div/input"}
RESULT: {"using":"xpath","value":"//table[contains(@id, \"detailBusinessConfigurations--detailsTable-listUl\")]/tbody/tr[1]/td[3]/div/div/div/div/input"}
COMMAND: POST /session/8d9404e4e9bea3f53a5c3520fcd44aec/elements - {"using":"xpath","value":"//table[contains(@id, \"detailBusinessConfigurations--detailsTable-listUl\")]/tbody/tr[1]/td[3]/div/div/div/div/input"}
RESULT: {"using":"xpath","value":"//table[contains(@id, \"detailBusinessConfigurations--detailsTable-listUl\")]/tbody/tr[1]/td[3]/div/div/div/div/input"}
COMMAND: POST /session/8d9404e4e9bea3f53a5c3520fcd44aec/elements - {"using":"xpath","value":"//table[contains(@id, \"detailBusinessConfigurations--detailsTable-listUl\")]/tbody/tr[1]/td[3]/div/div/div/div/input"}
RESULT: {"using":"xpath","value":"//table[contains(@id, \"detailBusinessConfigurations--detailsTable-listUl\")]/tbody/tr[1]/td[3]/div/div/div/div/input"}
COMMAND: POST /session/8d9404e4e9bea3f53a5c3520fcd44aec/elements - {"using":"xpath","value":"//table[contains(@id, \"detailBusinessConfigurations--detailsTable-listUl\")]/tbody/tr[1]/td[3]/div/div/div/div/input"}
RESULT: {"using":"xpath","value":"//table[contains(@id, \"detailBusinessConfigurations--detailsTable-listUl\")]/tbody/tr[1]/td[3]/div/div/div/div/input"}
COMMAND: POST /session/8d9404e4e9bea3f53a5c3520fcd44aec/elements - {"using":"xpath","value":"//table[contains(@id, \"detailBusinessConfigurations--detailsTable-listUl\")]/tbody/tr[1]/td[3]/div/div/div/div/input"}
RESULT: {"using":"xpath","value":"//table[contains(@id, \"detailBusinessConfigurations--detailsTable-listUl\")]/tbody/tr[1]/td[3]/div/div/div/div/input"}
COMMAND: POST /session/8d9404e4e9bea3f53a5c3520fcd44aec/elements - {"using":"xpath","value":"//table[contains(@id, \"detailBusinessConfigurations--detailsTable-listUl\")]/tbody/tr[1]/td[3]/div/div/div/div/input"}
RESULT: {"using":"xpath","value":"//table[contains(@id, \"detailBusinessConfigurations--detailsTable-listUl\")]/tbody/tr[1]/td[3]/div/div/div/div/input"}
COMMAND: POST /session/8d9404e4e9bea3f53a5c3520fcd44aec/elements - {"using":"xpath","value":"//table[contains(@id, \"detailBusinessConfigurations--detailsTable-listUl\")]/tbody/tr[1]/td[3]/div/div/div/div/input"}
RESULT: {"using":"xpath","value":"//table[contains(@id, \"detailBusinessConfigurations--detailsTable-listUl\")]/tbody/tr[1]/td[3]/div/div/div/div/input"}
COMMAND: POST /session/8d9404e4e9bea3f53a5c3520fcd44aec/elements - {"using":"xpath","value":"//table[contains(@id, \"detailBusinessConfigurations--detailsTable-listUl\")]/tbody/tr[1]/td[3]/div/div/div/div/input"}
RESULT: {"using":"xpath","value":"//table[contains(@id, \"detailBusinessConfigurations--detailsTable-listUl\")]/tbody/tr[1]/td[3]/div/div/div/div/input"}
COMMAND: POST /session/8d9404e4e9bea3f53a5c3520fcd44aec/elements - {"using":"xpath","value":"//table[contains(@id, \"detailBusinessConfigurations--detailsTable-listUl\")]/tbody/tr[1]/td[3]/div/div/div/div/input"}
RESULT: {"using":"xpath","value":"//table[contains(@id, \"detailBusinessConfigurations--detailsTable-listUl\")]/tbody/tr[1]/td[3]/div/div/div/div/input"}
COMMAND: POST /session/8d9404e4e9bea3f53a5c3520fcd44aec/elements - {"using":"xpath","value":"//table[contains(@id, \"detailBusinessConfigurations--detailsTable-listUl\")]/tbody/tr[1]/td[3]/div/div/div/div/input"}
RESULT: {"using":"xpath","value":"//table[contains(@id, \"detailBusinessConfigurations--detailsTable-listUl\")]/tbody/tr[1]/td[3]/div/div/div/div/input"}
COMMAND: POST /session/8d9404e4e9bea3f53a5c3520fcd44aec/elements - {"using":"xpath","value":"//table[contains(@id, \"detailBusinessConfigurations--detailsTable-listUl\")]/tbody/tr[1]/td[3]/div/div/div/div/input"}
RESULT: {"using":"xpath","value":"//table[contains(@id, \"detailBusinessConfigurations--detailsTable-listUl\")]/tbody/tr[1]/td[3]/div/div/div/div/input"}
COMMAND: POST /session/8d9404e4e9bea3f53a5c3520fcd44aec/elements - {"using":"xpath","value":"//table[contains(@id, \"detailBusinessConfigurations--detailsTable-listUl\")]/tbody/tr[1]/td[3]/div/div/div/div/input"}
RESULT: {"using":"xpath","value":"//table[contains(@id, \"detailBusinessConfigurations--detailsTable-listUl\")]/tbody/tr[1]/td[3]/div/div/div/div/input"}
COMMAND: POST /session/8d9404e4e9bea3f53a5c3520fcd44aec/elements - {"using":"xpath","value":"//table[contains(@id, \"detailBusinessConfigurations--detailsTable-listUl\")]/tbody/tr[1]/td[3]/div/div/div/div/input"}
RESULT: {"using":"xpath","value":"//table[contains(@id, \"detailBusinessConfigurations--detailsTable-listUl\")]/tbody/tr[1]/td[3]/div/div/div/div/input"}
COMMAND: POST /session/8d9404e4e9bea3f53a5c3520fcd44aec/elements - {"using":"xpath","value":"//table[contains(@id, \"detailBusinessConfigurations--detailsTable-listUl\")]/tbody/tr[1]/td[3]/div/div/div/div/input"}
RESULT: {"using":"xpath","value":"//table[contains(@id, \"detailBusinessConfigurations--detailsTable-listUl\")]/tbody/tr[1]/td[3]/div/div/div/div/input"}
COMMAND: POST /session/8d9404e4e9bea3f53a5c3520fcd44aec/elements - {"using":"xpath","value":"//table[contains(@id, \"detailBusinessConfigurations--detailsTable-listUl\")]/tbody/tr[1]/td[3]/div/div/div/div/input"}
RESULT: {"using":"xpath","value":"//table[contains(@id, \"detailBusinessConfigurations--detailsTable-listUl\")]/tbody/tr[1]/td[3]/div/div/div/div/input"}
COMMAND: POST /session/8d9404e4e9bea3f53a5c3520fcd44aec/elements - {"using":"xpath","value":"//table[contains(@id, \"detailBusinessConfigurations--detailsTable-listUl\")]/tbody/tr[1]/td[3]/div/div/div/div/input"}
RESULT: {"using":"xpath","value":"//table[contains(@id, \"detailBusinessConfigurations--detailsTable-listUl\")]/tbody/tr[1]/td[3]/div/div/div/div/input"}
COMMAND: POST /session/8d9404e4e9bea3f53a5c3520fcd44aec/elements - {"using":"xpath","value":"//table[contains(@id, \"detailBusinessConfigurations--detailsTable-listUl\")]/tbody/tr[1]/td[3]/div/div/div/div/input"}
RESULT: {"using":"xpath","value":"//table[contains(@id, \"detailBusinessConfigurations--detailsTable-listUl\")]/tbody/tr[1]/td[3]/div/div/div/div/input"}
COMMAND: POST /session/8d9404e4e9bea3f53a5c3520fcd44aec/elements - {"using":"xpath","value":"//table[contains(@id, \"detailBusinessConfigurations--detailsTable-listUl\")]/tbody/tr[1]/td[3]/div/div/div/div/input"}
RESULT: {"using":"xpath","value":"//table[contains(@id, \"detailBusinessConfigurations--detailsTable-listUl\")]/tbody/tr[1]/td[3]/div/div/div/div/input"}
COMMAND: POST /session/8d9404e4e9bea3f53a5c3520fcd44aec/elements - {"using":"xpath","value":"//table[contains(@id, \"detailBusinessConfigurations--detailsTable-listUl\")]/tbody/tr[1]/td[3]/div/div/div/div/input"}
RESULT: {"using":"xpath","value":"//table[contains(@id, \"detailBusinessConfigurations--detailsTable-listUl\")]/tbody/tr[1]/td[3]/div/div/div/div/input"}
COMMAND: POST /session/8d9404e4e9bea3f53a5c3520fcd44aec/elements - {"using":"xpath","value":"//table[contains(@id, \"detailBusinessConfigurations--detailsTable-listUl\")]/tbody/tr[1]/td[3]/div/div/div/div/input"}
RESULT: {"using":"xpath","value":"//table[contains(@id, \"detailBusinessConfigurations--detailsTable-listUl\")]/tbody/tr[1]/td[3]/div/div/div/div/input"}
COMMAND: POST /session/8d9404e4e9bea3f53a5c3520fcd44aec/elements - {"using":"xpath","value":"//table[contains(@id, \"detailBusinessConfigurations--detailsTable-listUl\")]/tbody/tr[1]/td[3]/div/div/div/div/input"}
RESULT: {"using":"xpath","value":"//table[contains(@id, \"detailBusinessConfigurations--detailsTable-listUl\")]/tbody/tr[1]/td[3]/div/div/div/div/input"}
COMMAND: POST /session/8d9404e4e9bea3f53a5c3520fcd44aec/elements - {"using":"xpath","value":"//table[contains(@id, \"detailBusinessConfigurations--detailsTable-listUl\")]/tbody/tr[1]/td[3]/div/div/div/div/input"}
RESULT: {"using":"xpath","value":"//table[contains(@id, \"detailBusinessConfigurations--detailsTable-listUl\")]/tbody/tr[1]/td[3]/div/div/div/div/input"}
COMMAND: POST /session/8d9404e4e9bea3f53a5c3520fcd44aec/elements - {"using":"xpath","value":"//table[contains(@id, \"detailBusinessConfigurations--detailsTable-listUl\")]/tbody/tr[1]/td[3]/div/div/div/div/input"}
RESULT: {"using":"xpath","value":"//table[contains(@id, \"detailBusinessConfigurations--detailsTable-listUl\")]/tbody/tr[1]/td[3]/div/div/div/div/input"}
COMMAND: POST /session/8d9404e4e9bea3f53a5c3520fcd44aec/elements - {"using":"xpath","value":"//table[contains(@id, \"detailBusinessConfigurations--detailsTable-listUl\")]/tbody/tr[1]/td[3]/div/div/div/div/input"}
RESULT: {"using":"xpath","value":"//table[contains(@id, \"detailBusinessConfigurations--detailsTable-listUl\")]/tbody/tr[1]/td[3]/div/div/div/div/input"}
COMMAND: POST /session/8d9404e4e9bea3f53a5c3520fcd44aec/elements - {"using":"xpath","value":"//table[contains(@id, \"detailBusinessConfigurations--detailsTable-listUl\")]/tbody/tr[1]/td[3]/div/div/div/div/input"}
RESULT: {"using":"xpath","value":"//table[contains(@id, \"detailBusinessConfigurations--detailsTable-listUl\")]/tbody/tr[1]/td[3]/div/div/div/div/input"}
COMMAND: POST /session/8d9404e4e9bea3f53a5c3520fcd44aec/elements - {"using":"xpath","value":"//table[contains(@id, \"detailBusinessConfigurations--detailsTable-listUl\")]/tbody/tr[1]/td[3]/div/div/div/div/input"}
RESULT: {"using":"xpath","value":"//table[contains(@id, \"detailBusinessConfigurations--detailsTable-listUl\")]/tbody/tr[1]/td[3]/div/div/div/div/input"}
COMMAND: POST /session/8d9404e4e9bea3f53a5c3520fcd44aec/elements - {"using":"xpath","value":"//table[contains(@id, \"detailBusinessConfigurations--detailsTable-listUl\")]/tbody/tr[1]/td[3]/div/div/div/div/input"}
RESULT: {"using":"xpath","value":"//table[contains(@id, \"detailBusinessConfigurations--detailsTable-listUl\")]/tbody/tr[1]/td[3]/div/div/div/div/input"}
COMMAND: POST /session/8d9404e4e9bea3f53a5c3520fcd44aec/elements - {"using":"xpath","value":"//table[contains(@id, \"detailBusinessConfigurations--detailsTable-listUl\")]/tbody/tr[1]/td[3]/div/div/div/div/input"}
RESULT: {"using":"xpath","value":"//table[contains(@id, \"detailBusinessConfigurations--detailsTable-listUl\")]/tbody/tr[1]/td[3]/div/div/div/div/input"}
COMMAND: POST /session/8d9404e4e9bea3f53a5c3520fcd44aec/elements - {"using":"xpath","value":"//table[contains(@id, \"detailBusinessConfigurations--detailsTable-listUl\")]/tbody/tr[1]/td[3]/div/div/div/div/input"}
RESULT: {"using":"xpath","value":"//table[contains(@id, \"detailBusinessConfigurations--detailsTable-listUl\")]/tbody/tr[1]/td[3]/div/div/div/div/input"}
COMMAND: POST /session/8d9404e4e9bea3f53a5c3520fcd44aec/elements - {"using":"xpath","value":"//table[contains(@id, \"detailBusinessConfigurations--detailsTable-listUl\")]/tbody/tr[1]/td[3]/div/div/div/div/input"}
RESULT: {"using":"xpath","value":"//table[contains(@id, \"detailBusinessConfigurations--detailsTable-listUl\")]/tbody/tr[1]/td[3]/div/div/div/div/input"}
COMMAND: POST /session/8d9404e4e9bea3f53a5c3520fcd44aec/elements - {"using":"xpath","value":"//table[contains(@id, \"detailBusinessConfigurations--detailsTable-listUl\")]/tbody/tr[1]/td[3]/div/div/div/div/input"}
RESULT: {"using":"xpath","value":"//table[contains(@id, \"detailBusinessConfigurations--detailsTable-listUl\")]/tbody/tr[1]/td[3]/div/div/div/div/input"}
COMMAND: POST /session/8d9404e4e9bea3f53a5c3520fcd44aec/elements - {"using":"xpath","value":"//table[contains(@id, \"detailBusinessConfigurations--detailsTable-listUl\")]/tbody/tr[1]/td[3]/div/div/div/div/input"}
RESULT: {"using":"xpath","value":"//table[contains(@id, \"detailBusinessConfigurations--detailsTable-listUl\")]/tbody/tr[1]/td[3]/div/div/div/div/input"}
COMMAND: POST /session/8d9404e4e9bea3f53a5c3520fcd44aec/elements - {"using":"xpath","value":"//table[contains(@id, \"detailBusinessConfigurations--detailsTable-listUl\")]/tbody/tr[1]/td[3]/div/div/div/div/input"}
RESULT: {"using":"xpath","value":"//table[contains(@id, \"detailBusinessConfigurations--detailsTable-listUl\")]/tbody/tr[1]/td[3]/div/div/div/div/input"}
COMMAND: POST /session/8d9404e4e9bea3f53a5c3520fcd44aec/elements - {"using":"xpath","value":"//table[contains(@id, \"detailBusinessConfigurations--detailsTable-listUl\")]/tbody/tr[1]/td[3]/div/div/div/div/input"}
RESULT: {"using":"xpath","value":"//table[contains(@id, \"detailBusinessConfigurations--detailsTable-listUl\")]/tbody/tr[1]/td[3]/div/div/div/div/input"}
COMMAND: POST /session/8d9404e4e9bea3f53a5c3520fcd44aec/elements - {"using":"xpath","value":"//table[contains(@id, \"detailBusinessConfigurations--detailsTable-listUl\")]/tbody/tr[1]/td[3]/div/div/div/div/input"}
RESULT: {"using":"xpath","value":"//table[contains(@id, \"detailBusinessConfigurations--detailsTable-listUl\")]/tbody/tr[1]/td[3]/div/div/div/div/input"}
COMMAND: POST /session/8d9404e4e9bea3f53a5c3520fcd44aec/elements - {"using":"xpath","value":"//table[contains(@id, \"detailBusinessConfigurations--detailsTable-listUl\")]/tbody/tr[1]/td[3]/div/div/div/div/input"}
RESULT: {"using":"xpath","value":"//table[contains(@id, \"detailBusinessConfigurations--detailsTable-listUl\")]/tbody/tr[1]/td[3]/div/div/div/div/input"}
COMMAND: POST /session/8d9404e4e9bea3f53a5c3520fcd44aec/elements - {"using":"xpath","value":"//table[contains(@id, \"detailBusinessConfigurations--detailsTable-listUl\")]/tbody/tr[1]/td[3]/div/div/div/div/input"}
RESULT: {"using":"xpath","value":"//table[contains(@id, \"detailBusinessConfigurations--detailsTable-listUl\")]/tbody/tr[1]/td[3]/div/div/div/div/input"}
COMMAND: POST /session/8d9404e4e9bea3f53a5c3520fcd44aec/elements - {"using":"xpath","value":"//table[contains(@id, \"detailBusinessConfigurations--detailsTable-listUl\")]/tbody/tr[1]/td[3]/div/div/div/div/input"}
RESULT: {"using":"xpath","value":"//table[contains(@id, \"detailBusinessConfigurations--detailsTable-listUl\")]/tbody/tr[1]/td[3]/div/div/div/div/input"}
COMMAND: POST /session/8d9404e4e9bea3f53a5c3520fcd44aec/elements - {"using":"xpath","value":"//table[contains(@id, \"detailBusinessConfigurations--detailsTable-listUl\")]/tbody/tr[1]/td[3]/div/div/div/div/input"}
RESULT: {"using":"xpath","value":"//table[contains(@id, \"detailBusinessConfigurations--detailsTable-listUl\")]/tbody/tr[1]/td[3]/div/div/div/div/input"}
COMMAND: POST /session/8d9404e4e9bea3f53a5c3520fcd44aec/elements - {"using":"xpath","value":"//table[contains(@id, \"detailBusinessConfigurations--detailsTable-listUl\")]/tbody/tr[1]/td[3]/div/div/div/div/input"}
RESULT: {"using":"xpath","value":"//table[contains(@id, \"detailBusinessConfigurations--detailsTable-listUl\")]/tbody/tr[1]/td[3]/div/div/div/div/input"}
COMMAND: POST /session/8d9404e4e9bea3f53a5c3520fcd44aec/elements - {"using":"xpath","value":"//table[contains(@id, \"detailBusinessConfigurations--detailsTable-listUl\")]/tbody/tr[1]/td[3]/div/div/div/div/input"}
RESULT: {"using":"xpath","value":"//table[contains(@id, \"detailBusinessConfigurations--detailsTable-listUl\")]/tbody/tr[1]/td[3]/div/div/div/div/input"}
COMMAND: POST /session/8d9404e4e9bea3f53a5c3520fcd44aec/elements - {"using":"xpath","value":"//table[contains(@id, \"detailBusinessConfigurations--detailsTable-listUl\")]/tbody/tr[1]/td[3]/div/div/div/div/input"}
RESULT: {"using":"xpath","value":"//table[contains(@id, \"detailBusinessConfigurations--detailsTable-listUl\")]/tbody/tr[1]/td[3]/div/div/div/div/input"}
COMMAND: POST /session/8d9404e4e9bea3f53a5c3520fcd44aec/elements - {"using":"xpath","value":"//table[contains(@id, \"detailBusinessConfigurations--detailsTable-listUl\")]/tbody/tr[1]/td[3]/div/div/div/div/input"}
RESULT: {"using":"xpath","value":"//table[contains(@id, \"detailBusinessConfigurations--detailsTable-listUl\")]/tbody/tr[1]/td[3]/div/div/div/div/input"}
COMMAND: POST /session/8d9404e4e9bea3f53a5c3520fcd44aec/elements - {"using":"xpath","value":"//table[contains(@id, \"detailBusinessConfigurations--detailsTable-listUl\")]/tbody/tr[1]/td[3]/div/div/div/div/input"}
RESULT: {"using":"xpath","value":"//table[contains(@id, \"detailBusinessConfigurations--detailsTable-listUl\")]/tbody/tr[1]/td[3]/div/div/div/div/input"}
COMMAND: POST /session/8d9404e4e9bea3f53a5c3520fcd44aec/elements - {"using":"xpath","value":"//table[contains(@id, \"detailBusinessConfigurations--detailsTable-listUl\")]/tbody/tr[1]/td[3]/div/div/div/div/input"}
RESULT: {"using":"xpath","value":"//table[contains(@id, \"detailBusinessConfigurations--detailsTable-listUl\")]/tbody/tr[1]/td[3]/div/div/div/div/input"}
COMMAND: POST /session/8d9404e4e9bea3f53a5c3520fcd44aec/elements - {"using":"xpath","value":"//table[contains(@id, \"detailBusinessConfigurations--detailsTable-listUl\")]/tbody/tr[1]/td[3]/div/div/div/div/input"}
RESULT: {"using":"xpath","value":"//table[contains(@id, \"detailBusinessConfigurations--detailsTable-listUl\")]/tbody/tr[1]/td[3]/div/div/div/div/input"}
COMMAND: POST /session/8d9404e4e9bea3f53a5c3520fcd44aec/elements - {"using":"xpath","value":"//table[contains(@id, \"detailBusinessConfigurations--detailsTable-listUl\")]/tbody/tr[1]/td[3]/div/div/div/div/input"}
RESULT: {"using":"xpath","value":"//table[contains(@id, \"detailBusinessConfigurations--detailsTable-listUl\")]/tbody/tr[1]/td[3]/div/div/div/div/input"}
COMMAND: POST /session/8d9404e4e9bea3f53a5c3520fcd44aec/elements - {"using":"xpath","value":"//table[contains(@id, \"detailBusinessConfigurations--detailsTable-listUl\")]/tbody/tr[1]/td[3]/div/div/div/div/input"}
RESULT: {"using":"xpath","value":"//table[contains(@id, \"detailBusinessConfigurations--detailsTable-listUl\")]/tbody/tr[1]/td[3]/div/div/div/div/input"}
COMMAND: POST /session/8d9404e4e9bea3f53a5c3520fcd44aec/elements - {"using":"xpath","value":"//table[contains(@id, \"detailBusinessConfigurations--detailsTable-listUl\")]/tbody/tr[1]/td[3]/div/div/div/div/input"}
RESULT: {"using":"xpath","value":"//table[contains(@id, \"detailBusinessConfigurations--detailsTable-listUl\")]/tbody/tr[1]/td[3]/div/div/div/div/input"}
COMMAND: POST /session/8d9404e4e9bea3f53a5c3520fcd44aec/elements - {"using":"xpath","value":"//table[contains(@id, \"detailBusinessConfigurations--detailsTable-listUl\")]/tbody/tr[1]/td[3]/div/div/div/div/input"}
RESULT: {"using":"xpath","value":"//table[contains(@id, \"detailBusinessConfigurations--detailsTable-listUl\")]/tbody/tr[1]/td[3]/div/div/div/div/input"}
COMMAND: POST /session/8d9404e4e9bea3f53a5c3520fcd44aec/elements - {"using":"xpath","value":"//table[contains(@id, \"detailBusinessConfigurations--detailsTable-listUl\")]/tbody/tr[1]/td[3]/div/div/div/div/input"}
RESULT: {"using":"xpath","value":"//table[contains(@id, \"detailBusinessConfigurations--detailsTable-listUl\")]/tbody/tr[1]/td[3]/div/div/div/div/input"}
COMMAND: POST /session/8d9404e4e9bea3f53a5c3520fcd44aec/elements - {"using":"xpath","value":"//table[contains(@id, \"detailBusinessConfigurations--detailsTable-listUl\")]/tbody/tr[1]/td[3]/div/div/div/div/input"}
RESULT: {"using":"xpath","value":"//table[contains(@id, \"detailBusinessConfigurations--detailsTable-listUl\")]/tbody/tr[1]/td[3]/div/div/div/div/input"}
COMMAND: POST /session/8d9404e4e9bea3f53a5c3520fcd44aec/elements - {"using":"xpath","value":"//table[contains(@id, \"detailBusinessConfigurations--detailsTable-listUl\")]/tbody/tr[1]/td[3]/div/div/div/div/input"}
RESULT: {"using":"xpath","value":"//table[contains(@id, \"detailBusinessConfigurations--detailsTable-listUl\")]/tbody/tr[1]/td[3]/div/div/div/div/input"}
COMMAND: POST /session/8d9404e4e9bea3f53a5c3520fcd44aec/elements - {"using":"xpath","value":"//table[contains(@id, \"detailBusinessConfigurations--detailsTable-listUl\")]/tbody/tr[1]/td[3]/div/div/div/div/input"}
RESULT: {"using":"xpath","value":"//table[contains(@id, \"detailBusinessConfigurations--detailsTable-listUl\")]/tbody/tr[1]/td[3]/div/div/div/div/input"}
COMMAND: POST /session/8d9404e4e9bea3f53a5c3520fcd44aec/elements - {"using":"xpath","value":"//table[contains(@id, \"detailBusinessConfigurations--detailsTable-listUl\")]/tbody/tr[1]/td[3]/div/div/div/div/input"}
RESULT: {"using":"xpath","value":"//table[contains(@id, \"detailBusinessConfigurations--detailsTable-listUl\")]/tbody/tr[1]/td[3]/div/div/div/div/input"}
COMMAND: POST /session/8d9404e4e9bea3f53a5c3520fcd44aec/elements - {"using":"xpath","value":"//table[contains(@id, \"detailBusinessConfigurations--detailsTable-listUl\")]/tbody/tr[1]/td[3]/div/div/div/div/input"}
RESULT: {"using":"xpath","value":"//table[contains(@id, \"detailBusinessConfigurations--detailsTable-listUl\")]/tbody/tr[1]/td[3]/div/div/div/div/input"}
COMMAND: POST /session/8d9404e4e9bea3f53a5c3520fcd44aec/elements - {"using":"xpath","value":"//table[contains(@id, \"detailBusinessConfigurations--detailsTable-listUl\")]/tbody/tr[1]/td[3]/div/div/div/div/input"}
RESULT: {"using":"xpath","value":"//table[contains(@id, \"detailBusinessConfigurations--detailsTable-listUl\")]/tbody/tr[1]/td[3]/div/div/div/div/input"}
COMMAND: POST /session/8d9404e4e9bea3f53a5c3520fcd44aec/elements - {"using":"xpath","value":"//table[contains(@id, \"detailBusinessConfigurations--detailsTable-listUl\")]/tbody/tr[1]/td[3]/div/div/div/div/input"}
RESULT: {"using":"xpath","value":"//table[contains(@id, \"detailBusinessConfigurations--detailsTable-listUl\")]/tbody/tr[1]/td[3]/div/div/div/div/input"}
COMMAND: POST /session/8d9404e4e9bea3f53a5c3520fcd44aec/elements - {"using":"xpath","value":"//table[contains(@id, \"detailBusinessConfigurations--detailsTable-listUl\")]/tbody/tr[1]/td[3]/div/div/div/div/input"}
RESULT: {"using":"xpath","value":"//table[contains(@id, \"detailBusinessConfigurations--detailsTable-listUl\")]/tbody/tr[1]/td[3]/div/div/div/div/input"}
COMMAND: POST /session/8d9404e4e9bea3f53a5c3520fcd44aec/elements - {"using":"xpath","value":"//table[contains(@id, \"detailBusinessConfigurations--detailsTable-listUl\")]/tbody/tr[1]/td[3]/div/div/div/div/input"}
RESULT: {"using":"xpath","value":"//table[contains(@id, \"detailBusinessConfigurations--detailsTable-listUl\")]/tbody/tr[1]/td[3]/div/div/div/div/input"}
COMMAND: POST /session/8d9404e4e9bea3f53a5c3520fcd44aec/elements - {"using":"xpath","value":"//table[contains(@id, \"detailBusinessConfigurations--detailsTable-listUl\")]/tbody/tr[1]/td[3]/div/div/div/div/input"}
RESULT: {"using":"xpath","value":"//table[contains(@id, \"detailBusinessConfigurations--detailsTable-listUl\")]/tbody/tr[1]/td[3]/div/div/div/div/input"}
COMMAND: POST /session/8d9404e4e9bea3f53a5c3520fcd44aec/elements - {"using":"xpath","value":"//table[contains(@id, \"detailBusinessConfigurations--detailsTable-listUl\")]/tbody/tr[1]/td[3]/div/div/div/div/input"}
RESULT: {"using":"xpath","value":"//table[contains(@id, \"detailBusinessConfigurations--detailsTable-listUl\")]/tbody/tr[1]/td[3]/div/div/div/div/input"}
COMMAND: POST /session/8d9404e4e9bea3f53a5c3520fcd44aec/elements - {"using":"xpath","value":"//table[contains(@id, \"detailBusinessConfigurations--detailsTable-listUl\")]/tbody/tr[1]/td[3]/div/div/div/div/input"}
RESULT: {"using":"xpath","value":"//table[contains(@id, \"detailBusinessConfigurations--detailsTable-listUl\")]/tbody/tr[1]/td[3]/div/div/div/div/input"}
COMMAND: POST /session/8d9404e4e9bea3f53a5c3520fcd44aec/elements - {"using":"xpath","value":"//table[contains(@id, \"detailBusinessConfigurations--detailsTable-listUl\")]/tbody/tr[1]/td[3]/div/div/div/div/input"}
RESULT: {"using":"xpath","value":"//table[contains(@id, \"detailBusinessConfigurations--detailsTable-listUl\")]/tbody/tr[1]/td[3]/div/div/div/div/input"}
COMMAND: POST /session/8d9404e4e9bea3f53a5c3520fcd44aec/elements - {"using":"xpath","value":"//table[contains(@id, \"detailBusinessConfigurations--detailsTable-listUl\")]/tbody/tr[1]/td[3]/div/div/div/div/input"}
RESULT: {"using":"xpath","value":"//table[contains(@id, \"detailBusinessConfigurations--detailsTable-listUl\")]/tbody/tr[1]/td[3]/div/div/div/div/input"}
COMMAND: POST /session/8d9404e4e9bea3f53a5c3520fcd44aec/elements - {"using":"xpath","value":"//table[contains(@id, \"detailBusinessConfigurations--detailsTable-listUl\")]/tbody/tr[1]/td[3]/div/div/div/div/input"}
RESULT: {"using":"xpath","value":"//table[contains(@id, \"detailBusinessConfigurations--detailsTable-listUl\")]/tbody/tr[1]/td[3]/div/div/div/div/input"}
COMMAND: POST /session/8d9404e4e9bea3f53a5c3520fcd44aec/elements - {"using":"xpath","value":"//table[contains(@id, \"detailBusinessConfigurations--detailsTable-listUl\")]/tbody/tr[1]/td[3]/div/div/div/div/input"}
RESULT: {"using":"xpath","value":"//table[contains(@id, \"detailBusinessConfigurations--detailsTable-listUl\")]/tbody/tr[1]/td[3]/div/div/div/div/input"}
COMMAND: POST /session/8d9404e4e9bea3f53a5c3520fcd44aec/elements - {"using":"xpath","value":"//table[contains(@id, \"detailBusinessConfigurations--detailsTable-listUl\")]/tbody/tr[1]/td[3]/div/div/div/div/input"}
RESULT: {"using":"xpath","value":"//table[contains(@id, \"detailBusinessConfigurations--detailsTable-listUl\")]/tbody/tr[1]/td[3]/div/div/div/div/input"}
COMMAND: POST /session/8d9404e4e9bea3f53a5c3520fcd44aec/elements - {"using":"xpath","value":"//table[contains(@id, \"detailBusinessConfigurations--detailsTable-listUl\")]/tbody/tr[1]/td[3]/div/div/div/div/input"}
RESULT: {"using":"xpath","value":"//table[contains(@id, \"detailBusinessConfigurations--detailsTable-listUl\")]/tbody/tr[1]/td[3]/div/div/div/div/input"}
COMMAND: POST /session/8d9404e4e9bea3f53a5c3520fcd44aec/elements - {"using":"xpath","value":"//table[contains(@id, \"detailBusinessConfigurations--detailsTable-listUl\")]/tbody/tr[1]/td[3]/div/div/div/div/input"}
RESULT: {"using":"xpath","value":"//table[contains(@id, \"detailBusinessConfigurations--detailsTable-listUl\")]/tbody/tr[1]/td[3]/div/div/div/div/input"}
COMMAND: POST /session/8d9404e4e9bea3f53a5c3520fcd44aec/elements - {"using":"xpath","value":"//table[contains(@id, \"detailBusinessConfigurations--detailsTable-listUl\")]/tbody/tr[1]/td[3]/div/div/div/div/input"}
RESULT: {"using":"xpath","value":"//table[contains(@id, \"detailBusinessConfigurations--detailsTable-listUl\")]/tbody/tr[1]/td[3]/div/div/div/div/input"}
COMMAND: POST /session/8d9404e4e9bea3f53a5c3520fcd44aec/elements - {"using":"xpath","value":"//table[contains(@id, \"detailBusinessConfigurations--detailsTable-listUl\")]/tbody/tr[1]/td[3]/div/div/div/div/input"}
RESULT: {"using":"xpath","value":"//table[contains(@id, \"detailBusinessConfigurations--detailsTable-listUl\")]/tbody/tr[1]/td[3]/div/div/div/div/input"}
COMMAND: POST /session/8d9404e4e9bea3f53a5c3520fcd44aec/elements - {"using":"xpath","value":"//table[contains(@id, \"detailBusinessConfigurations--detailsTable-listUl\")]/tbody/tr[1]/td[3]/div/div/div/div/input"}
RESULT: {"using":"xpath","value":"//table[contains(@id, \"detailBusinessConfigurations--detailsTable-listUl\")]/tbody/tr[1]/td[3]/div/div/div/div/input"}
COMMAND: POST /session/8d9404e4e9bea3f53a5c3520fcd44aec/elements - {"using":"xpath","value":"//table[contains(@id, \"detailBusinessConfigurations--detailsTable-listUl\")]/tbody/tr[1]/td[3]/div/div/div/div/input"}
RESULT: {"using":"xpath","value":"//table[contains(@id, \"detailBusinessConfigurations--detailsTable-listUl\")]/tbody/tr[1]/td[3]/div/div/div/div/input"}
COMMAND: POST /session/8d9404e4e9bea3f53a5c3520fcd44aec/elements - {"using":"xpath","value":"//table[contains(@id, \"detailBusinessConfigurations--detailsTable-listUl\")]/tbody/tr[1]/td[3]/div/div/div/div/input"}
RESULT: {"using":"xpath","value":"//table[contains(@id, \"detailBusinessConfigurations--detailsTable-listUl\")]/tbody/tr[1]/td[3]/div/div/div/div/input"}
COMMAND: POST /session/8d9404e4e9bea3f53a5c3520fcd44aec/elements - {"using":"xpath","value":"//table[contains(@id, \"detailBusinessConfigurations--detailsTable-listUl\")]/tbody/tr[1]/td[3]/div/div/div/div/input"}
RESULT: {"using":"xpath","value":"//table[contains(@id, \"detailBusinessConfigurations--detailsTable-listUl\")]/tbody/tr[1]/td[3]/div/div/div/div/input"}
COMMAND: POST /session/8d9404e4e9bea3f53a5c3520fcd44aec/elements - {"using":"xpath","value":"//table[contains(@id, \"detailBusinessConfigurations--detailsTable-listUl\")]/tbody/tr[1]/td[3]/div/div/div/div/input"}
RESULT: {"using":"xpath","value":"//table[contains(@id, \"detailBusinessConfigurations--detailsTable-listUl\")]/tbody/tr[1]/td[3]/div/div/div/div/input"}
COMMAND: POST /session/8d9404e4e9bea3f53a5c3520fcd44aec/elements - {"using":"xpath","value":"//table[contains(@id, \"detailBusinessConfigurations--detailsTable-listUl\")]/tbody/tr[1]/td[3]/div/div/div/div/input"}
RESULT: {"using":"xpath","value":"//table[contains(@id, \"detailBusinessConfigurations--detailsTable-listUl\")]/tbody/tr[1]/td[3]/div/div/div/div/input"}
COMMAND: POST /session/8d9404e4e9bea3f53a5c3520fcd44aec/elements - {"using":"xpath","value":"//table[contains(@id, \"detailBusinessConfigurations--detailsTable-listUl\")]/tbody/tr[1]/td[3]/div/div/div/div/input"}
RESULT: {"using":"xpath","value":"//table[contains(@id, \"detailBusinessConfigurations--detailsTable-listUl\")]/tbody/tr[1]/td[3]/div/div/div/div/input"}
COMMAND: POST /session/8d9404e4e9bea3f53a5c3520fcd44aec/elements - {"using":"xpath","value":"//table[contains(@id, \"detailBusinessConfigurations--detailsTable-listUl\")]/tbody/tr[1]/td[3]/div/div/div/div/input"}
RESULT: {"using":"xpath","value":"//table[contains(@id, \"detailBusinessConfigurations--detailsTable-listUl\")]/tbody/tr[1]/td[3]/div/div/div/div/input"}
COMMAND: POST /session/8d9404e4e9bea3f53a5c3520fcd44aec/elements - {"using":"xpath","value":"//table[contains(@id, \"detailBusinessConfigurations--detailsTable-listUl\")]/tbody/tr[1]/td[3]/div/div/div/div/input"}
RESULT: {"using":"xpath","value":"//table[contains(@id, \"detailBusinessConfigurations--detailsTable-listUl\")]/tbody/tr[1]/td[3]/div/div/div/div/input"}
COMMAND: POST /session/8d9404e4e9bea3f53a5c3520fcd44aec/elements - {"using":"xpath","value":"//table[contains(@id, \"detailBusinessConfigurations--detailsTable-listUl\")]/tbody/tr[1]/td[3]/div/div/div/div/input"}
RESULT: {"using":"xpath","value":"//table[contains(@id, \"detailBusinessConfigurations--detailsTable-listUl\")]/tbody/tr[1]/td[3]/div/div/div/div/input"}
COMMAND: POST /session/8d9404e4e9bea3f53a5c3520fcd44aec/elements - {"using":"xpath","value":"//table[contains(@id, \"detailBusinessConfigurations--detailsTable-listUl\")]/tbody/tr[1]/td[3]/div/div/div/div/input"}
RESULT: {"using":"xpath","value":"//table[contains(@id, \"detailBusinessConfigurations--detailsTable-listUl\")]/tbody/tr[1]/td[3]/div/div/div/div/input"}
COMMAND: POST /session/8d9404e4e9bea3f53a5c3520fcd44aec/elements - {"using":"xpath","value":"//table[contains(@id, \"detailBusinessConfigurations--detailsTable-listUl\")]/tbody/tr[1]/td[3]/div/div/div/div/input"}
RESULT: {"using":"xpath","value":"//table[contains(@id, \"detailBusinessConfigurations--detailsTable-listUl\")]/tbody/tr[1]/td[3]/div/div/div/div/input"}
COMMAND: POST /session/8d9404e4e9bea3f53a5c3520fcd44aec/elements - {"using":"xpath","value":"//table[contains(@id, \"detailBusinessConfigurations--detailsTable-listUl\")]/tbody/tr[1]/td[3]/div/div/div/div/input"}
RESULT: {"using":"xpath","value":"//table[contains(@id, \"detailBusinessConfigurations--detailsTable-listUl\")]/tbody/tr[1]/td[3]/div/div/div/div/input"}
COMMAND: POST /session/8d9404e4e9bea3f53a5c3520fcd44aec/elements - {"using":"xpath","value":"//table[contains(@id, \"detailBusinessConfigurations--detailsTable-listUl\")]/tbody/tr[1]/td[3]/div/div/div/div/input"}
RESULT: {"using":"xpath","value":"//table[contains(@id, \"detailBusinessConfigurations--detailsTable-listUl\")]/tbody/tr[1]/td[3]/div/div/div/div/input"}
COMMAND: POST /session/8d9404e4e9bea3f53a5c3520fcd44aec/elements - {"using":"xpath","value":"//table[contains(@id, \"detailBusinessConfigurations--detailsTable-listUl\")]/tbody/tr[1]/td[3]/div/div/div/div/input"}
RESULT: {"using":"xpath","value":"//table[contains(@id, \"detailBusinessConfigurations--detailsTable-listUl\")]/tbody/tr[1]/td[3]/div/div/div/div/input"}
COMMAND: POST /session/8d9404e4e9bea3f53a5c3520fcd44aec/elements - {"using":"xpath","value":"//table[contains(@id, \"detailBusinessConfigurations--detailsTable-listUl\")]/tbody/tr[1]/td[3]/div/div/div/div/input"}
RESULT: {"using":"xpath","value":"//table[contains(@id, \"detailBusinessConfigurations--detailsTable-listUl\")]/tbody/tr[1]/td[3]/div/div/div/div/input"}
COMMAND: POST /session/8d9404e4e9bea3f53a5c3520fcd44aec/elements - {"using":"xpath","value":"//table[contains(@id, \"detailBusinessConfigurations--detailsTable-listUl\")]/tbody/tr[1]/td[3]/div/div/div/div/input"}
RESULT: {"using":"xpath","value":"//table[contains(@id, \"detailBusinessConfigurations--detailsTable-listUl\")]/tbody/tr[1]/td[3]/div/div/div/div/input"}
COMMAND: POST /session/8d9404e4e9bea3f53a5c3520fcd44aec/elements - {"using":"xpath","value":"//table[contains(@id, \"detailBusinessConfigurations--detailsTable-listUl\")]/tbody/tr[1]/td[3]/div/div/div/div/input"}
RESULT: {"using":"xpath","value":"//table[contains(@id, \"detailBusinessConfigurations--detailsTable-listUl\")]/tbody/tr[1]/td[3]/div/div/div/div/input"}
COMMAND: POST /session/8d9404e4e9bea3f53a5c3520fcd44aec/elements - {"using":"xpath","value":"//table[contains(@id, \"detailBusinessConfigurations--detailsTable-listUl\")]/tbody/tr[1]/td[3]/div/div/div/div/input"}
RESULT: {"using":"xpath","value":"//table[contains(@id, \"detailBusinessConfigurations--detailsTable-listUl\")]/tbody/tr[1]/td[3]/div/div/div/div/input"}
COMMAND: POST /session/8d9404e4e9bea3f53a5c3520fcd44aec/elements - {"using":"xpath","value":"//table[contains(@id, \"detailBusinessConfigurations--detailsTable-listUl\")]/tbody/tr[1]/td[3]/div/div/div/div/input"}
RESULT: {"using":"xpath","value":"//table[contains(@id, \"detailBusinessConfigurations--detailsTable-listUl\")]/tbody/tr[1]/td[3]/div/div/div/div/input"}
COMMAND: POST /session/8d9404e4e9bea3f53a5c3520fcd44aec/elements - {"using":"xpath","value":"//table[contains(@id, \"detailBusinessConfigurations--detailsTable-listUl\")]/tbody/tr[1]/td[3]/div/div/div/div/input"}
RESULT: {"using":"xpath","value":"//table[contains(@id, \"detailBusinessConfigurations--detailsTable-listUl\")]/tbody/tr[1]/td[3]/div/div/div/div/input"}
COMMAND: POST /session/8d9404e4e9bea3f53a5c3520fcd44aec/elements - {"using":"xpath","value":"//table[contains(@id, \"detailBusinessConfigurations--detailsTable-listUl\")]/tbody/tr[1]/td[3]/div/div/div/div/input"}
RESULT: {"using":"xpath","value":"//table[contains(@id, \"detailBusinessConfigurations--detailsTable-listUl\")]/tbody/tr[1]/td[3]/div/div/div/div/input"}
COMMAND: POST /session/8d9404e4e9bea3f53a5c3520fcd44aec/elements - {"using":"xpath","value":"//table[contains(@id, \"detailBusinessConfigurations--detailsTable-listUl\")]/tbody/tr[1]/td[3]/div/div/div/div/input"}
RESULT: {"using":"xpath","value":"//table[contains(@id, \"detailBusinessConfigurations--detailsTable-listUl\")]/tbody/tr[1]/td[3]/div/div/div/div/input"}
COMMAND: POST /session/8d9404e4e9bea3f53a5c3520fcd44aec/elements - {"using":"xpath","value":"//table[contains(@id, \"detailBusinessConfigurations--detailsTable-listUl\")]/tbody/tr[1]/td[3]/div/div/div/div/input"}
RESULT: {"using":"xpath","value":"//table[contains(@id, \"detailBusinessConfigurations--detailsTable-listUl\")]/tbody/tr[1]/td[3]/div/div/div/div/input"}
COMMAND: POST /session/8d9404e4e9bea3f53a5c3520fcd44aec/elements - {"using":"xpath","value":"//table[contains(@id, \"detailBusinessConfigurations--detailsTable-listUl\")]/tbody/tr[1]/td[3]/div/div/div/div/input"}
RESULT: {"using":"xpath","value":"//table[contains(@id, \"detailBusinessConfigurations--detailsTable-listUl\")]/tbody/tr[1]/td[3]/div/div/div/div/input"}
COMMAND: POST /session/8d9404e4e9bea3f53a5c3520fcd44aec/elements - {"using":"xpath","value":"//table[contains(@id, \"detailBusinessConfigurations--detailsTable-listUl\")]/tbody/tr[1]/td[3]/div/div/div/div/input"}
RESULT: {"using":"xpath","value":"//table[contains(@id, \"detailBusinessConfigurations--detailsTable-listUl\")]/tbody/tr[1]/td[3]/div/div/div/div/input"}
COMMAND: GET /session/8d9404e4e9bea3f53a5c3520fcd44aec/screenshot - {}
RESULT: {}
]]></system-out>
      <system-err><![CDATA[
Error: Can't call setValue on element with selector "//table[contains(@id, "detailBusinessConfigurations--detailsTable-listUl")]/tbody/tr[1]/td[3]/div/div/div/div/input" because element wasn't found
    at async Context.<anonymous> (D:\a\1\s\test\specs\BTS\manage-partners.spec.js:1054:13)
]]></system-err>
    </testcase>
    <testcase classname="chrome.136_0_7103_93.windows.Partner_specific_tests_US150819_US151080_US151654_US151176_US103444_US151078_US151079_US151109_US151174_US151175_US151189" name="Should add a new Business Partner role same role US151541" time="37.839">
      <skipped/>
      <system-out><![CDATA[
RESULT: undefined
COMMAND: POST /session/8d9404e4e9bea3f53a5c3520fcd44aec/element - {"using":"xpath","value":"//*[@id=\"__tile117\"]"}
RESULT: {"using":"xpath","value":"//*[@id=\"__tile117\"]"}
COMMAND: POST /session/8d9404e4e9bea3f53a5c3520fcd44aec/element/f.7EA17D048601C53176965B9346C1EB3C.d.7F009BBB575131EA203BE3642A54669A.e.8187/click - {}
COMMAND: POST /session/8d9404e4e9bea3f53a5c3520fcd44aec/elements - {"using":"xpath","value":"//span[text()='Error']"}
RESULT: {"using":"xpath","value":"//span[text()='Error']"}
COMMAND: POST /session/8d9404e4e9bea3f53a5c3520fcd44aec/window/fullscreen - {}
RESULT: {}
COMMAND: POST /session/8d9404e4e9bea3f53a5c3520fcd44aec/element - {"using":"xpath","value":"//input[@id=\"application-businessconfigurations-display-component---masterBusinessConfigurations--smartFilterBar-btnBasicSearch-I\"]"}
RESULT: {"using":"xpath","value":"//input[@id=\"application-businessconfigurations-display-component---masterBusinessConfigurations--smartFilterBar-btnBasicSearch-I\"]"}
COMMAND: POST /session/8d9404e4e9bea3f53a5c3520fcd44aec/elements - {"using":"xpath","value":"//input[@id=\"application-businessconfigurations-display-component---masterBusinessConfigurations--smartFilterBar-btnBasicSearch-I\"]"}
RESULT: {"using":"xpath","value":"//input[@id=\"application-businessconfigurations-display-component---masterBusinessConfigurations--smartFilterBar-btnBasicSearch-I\"]"}
COMMAND: POST /session/8d9404e4e9bea3f53a5c3520fcd44aec/execute/sync - {"script":"<script> [8489 bytes]","args":[{"element-6066-11e4-a52e-4f735466cecf":"f.7EA17D048601C53176965B9346C1EB3C.d.7F009BBB575131EA203BE3642A54669A.e.8408","ELEMENT":"f.7EA17D048601C53176965B9346C1EB3C.d.7F009BBB575131EA203BE3642A54669A.e.8408"}]}
RESULT: {"script":"<script> [8489 bytes]","args":[{"element-6066-11e4-a52e-4f735466cecf":"f.7EA17D048601C53176965B9346C1EB3C.d.7F009BBB575131EA203BE3642A54669A.e.8408","ELEMENT":"f.7EA17D048601C53176965B9346C1EB3C.d.7F009BBB575131EA203BE3642A54669A.e.8408"}]}
COMMAND: GET /session/8d9404e4e9bea3f53a5c3520fcd44aec/element/f.7EA17D048601C53176965B9346C1EB3C.d.7F009BBB575131EA203BE3642A54669A.e.8408/enabled - {}
COMMAND: GET /session/8d9404e4e9bea3f53a5c3520fcd44aec/screenshot - {}
RESULT: {}
COMMAND: POST /session/8d9404e4e9bea3f53a5c3520fcd44aec/execute/sync - {"script":"<script> [8489 bytes]","args":[{"element-6066-11e4-a52e-4f735466cecf":"f.7EA17D048601C53176965B9346C1EB3C.d.7F009BBB575131EA203BE3642A54669A.e.8408","ELEMENT":"f.7EA17D048601C53176965B9346C1EB3C.d.7F009BBB575131EA203BE3642A54669A.e.8408"}]}
COMMAND: GET /session/8d9404e4e9bea3f53a5c3520fcd44aec/screenshot - {}
RESULT: {}
RESULT: {"script":"<script> [8489 bytes]","args":[{"element-6066-11e4-a52e-4f735466cecf":"f.7EA17D048601C53176965B9346C1EB3C.d.7F009BBB575131EA203BE3642A54669A.e.8408","ELEMENT":"f.7EA17D048601C53176965B9346C1EB3C.d.7F009BBB575131EA203BE3642A54669A.e.8408"}]}
COMMAND: POST /session/8d9404e4e9bea3f53a5c3520fcd44aec/execute/sync - {"script":"<script> [5351 bytes]","args":[{"element-6066-11e4-a52e-4f735466cecf":"f.7EA17D048601C53176965B9346C1EB3C.d.7F009BBB575131EA203BE3642A54669A.e.8408","ELEMENT":"f.7EA17D048601C53176965B9346C1EB3C.d.7F009BBB575131EA203BE3642A54669A.e.8408"}]}
COMMAND: GET /session/8d9404e4e9bea3f53a5c3520fcd44aec/screenshot - {}
RESULT: {}
RESULT: {"script":"<script> [5351 bytes]","args":[{"element-6066-11e4-a52e-4f735466cecf":"f.7EA17D048601C53176965B9346C1EB3C.d.7F009BBB575131EA203BE3642A54669A.e.8408","ELEMENT":"f.7EA17D048601C53176965B9346C1EB3C.d.7F009BBB575131EA203BE3642A54669A.e.8408"}]}
COMMAND: GET /session/8d9404e4e9bea3f53a5c3520fcd44aec/screenshot - {}
RESULT: {}
RESULT: {}
COMMAND: POST /session/8d9404e4e9bea3f53a5c3520fcd44aec/element - {"using":"xpath","value":"//span[@id=\"application-businessconfigurations-display-component---masterBusinessConfigurations--masterListDataExplorerSmartTable-header-inner\"]"}
RESULT: {"using":"xpath","value":"//span[@id=\"application-businessconfigurations-display-component---masterBusinessConfigurations--masterListDataExplorerSmartTable-header-inner\"]"}
COMMAND: POST /session/8d9404e4e9bea3f53a5c3520fcd44aec/elements - {"using":"xpath","value":"//span[@id=\"application-businessconfigurations-display-component---masterBusinessConfigurations--masterListDataExplorerSmartTable-header-inner\"]"}
RESULT: {"using":"xpath","value":"//span[@id=\"application-businessconfigurations-display-component---masterBusinessConfigurations--masterListDataExplorerSmartTable-header-inner\"]"}
COMMAND: POST /session/8d9404e4e9bea3f53a5c3520fcd44aec/execute/sync - {"script":"<script> [56 bytes]","args":[{"element-6066-11e4-a52e-4f735466cecf":"f.7EA17D048601C53176965B9346C1EB3C.d.7F009BBB575131EA203BE3642A54669A.e.8521","ELEMENT":"f.7EA17D048601C53176965B9346C1EB3C.d.7F009BBB575131EA203BE3642A54669A.e.8521"}]}
RESULT: {"script":"<script> [56 bytes]","args":[{"element-6066-11e4-a52e-4f735466cecf":"f.7EA17D048601C53176965B9346C1EB3C.d.7F009BBB575131EA203BE3642A54669A.e.8521","ELEMENT":"f.7EA17D048601C53176965B9346C1EB3C.d.7F009BBB575131EA203BE3642A54669A.e.8521"}]}
COMMAND: POST /session/8d9404e4e9bea3f53a5c3520fcd44aec/element/f.7EA17D048601C53176965B9346C1EB3C.d.7F009BBB575131EA203BE3642A54669A.e.8408/clear - {}
COMMAND: GET /session/8d9404e4e9bea3f53a5c3520fcd44aec/screenshot - {}
RESULT: {}
COMMAND: POST /session/8d9404e4e9bea3f53a5c3520fcd44aec/element/f.7EA17D048601C53176965B9346C1EB3C.d.7F009BBB575131EA203BE3642A54669A.e.8408/value - {"text":"NETM_C_BUSINESS_PARTNER_ROLES"}
COMMAND: GET /session/8d9404e4e9bea3f53a5c3520fcd44aec/screenshot - {}
RESULT: {}
RESULT: {"text":"NETM_C_BUSINESS_PARTNER_ROLES"}
COMMAND: GET /session/8d9404e4e9bea3f53a5c3520fcd44aec/screenshot - {}
RESULT: {}
RESULT: {}
COMMAND: POST /session/8d9404e4e9bea3f53a5c3520fcd44aec/actions - {"actions":[{"id":"action26","type":"key","parameters":{},"actions":[{"type":"keyDown","value":""},{"type":"pause","duration":10},{"type":"keyUp","value":""}]}]}
RESULT: {"actions":[{"id":"action26","type":"key","parameters":{},"actions":[{"type":"keyDown","value":""},{"type":"pause","duration":10},{"type":"keyUp","value":""}]}]}
COMMAND: GET /session/8d9404e4e9bea3f53a5c3520fcd44aec/screenshot - {}
RESULT: {}
COMMAND: POST /session/8d9404e4e9bea3f53a5c3520fcd44aec/elements - {"using":"xpath","value":"//table[contains(@id, \"masterListDataExplorerTable-listUl\")]/tbody/tr"}
RESULT: {"using":"xpath","value":"//table[contains(@id, \"masterListDataExplorerTable-listUl\")]/tbody/tr"}
COMMAND: POST /session/8d9404e4e9bea3f53a5c3520fcd44aec/element - {"using":"xpath","value":"//table[contains(@id, \"masterListDataExplorerTable-listUl\")]/tbody/tr[2]/td[4]/span"}
RESULT: {"using":"xpath","value":"//table[contains(@id, \"masterListDataExplorerTable-listUl\")]/tbody/tr[2]/td[4]/span"}
COMMAND: POST /session/8d9404e4e9bea3f53a5c3520fcd44aec/elements - {"using":"xpath","value":"//table[contains(@id, \"masterListDataExplorerTable-listUl\")]/tbody/tr[2]/td[4]/span"}
RESULT: {"using":"xpath","value":"//table[contains(@id, \"masterListDataExplorerTable-listUl\")]/tbody/tr[2]/td[4]/span"}
COMMAND: POST /session/8d9404e4e9bea3f53a5c3520fcd44aec/execute/sync - {"script":"<script> [56 bytes]","args":[{"element-6066-11e4-a52e-4f735466cecf":"f.7EA17D048601C53176965B9346C1EB3C.d.7F009BBB575131EA203BE3642A54669A.e.8524","ELEMENT":"f.7EA17D048601C53176965B9346C1EB3C.d.7F009BBB575131EA203BE3642A54669A.e.8524"}]}
RESULT: {"script":"<script> [56 bytes]","args":[{"element-6066-11e4-a52e-4f735466cecf":"f.7EA17D048601C53176965B9346C1EB3C.d.7F009BBB575131EA203BE3642A54669A.e.8524","ELEMENT":"f.7EA17D048601C53176965B9346C1EB3C.d.7F009BBB575131EA203BE3642A54669A.e.8524"}]}
COMMAND: POST /session/8d9404e4e9bea3f53a5c3520fcd44aec/element - {"using":"xpath","value":"(//span[contains(@id, \"imgNav\")])[1]"}
COMMAND: GET /session/8d9404e4e9bea3f53a5c3520fcd44aec/screenshot - {}
RESULT: {"using":"xpath","value":"(//span[contains(@id, \"imgNav\")])[1]"}
COMMAND: POST /session/8d9404e4e9bea3f53a5c3520fcd44aec/element/f.7EA17D048601C53176965B9346C1EB3C.d.7F009BBB575131EA203BE3642A54669A.e.8429/click - {}
RESULT: {}
RESULT: {}
COMMAND: GET /session/8d9404e4e9bea3f53a5c3520fcd44aec/screenshot - {}
RESULT: {}
COMMAND: POST /session/8d9404e4e9bea3f53a5c3520fcd44aec/element - {"using":"xpath","value":"//bdi[contains(text(), \"Edit\")]"}
RESULT: {"using":"xpath","value":"//bdi[contains(text(), \"Edit\")]"}
COMMAND: POST /session/8d9404e4e9bea3f53a5c3520fcd44aec/element/f.7EA17D048601C53176965B9346C1EB3C.d.7F009BBB575131EA203BE3642A54669A.e.8525/click - {}
COMMAND: GET /session/8d9404e4e9bea3f53a5c3520fcd44aec/screenshot - {}
RESULT: {}
]]></system-out>
      <system-err><![CDATA[
element click intercepted: element click intercepted: Element <bdi id="application-businessconfigurations-display-component---detailBusinessConfigurations--editButton-BDI-content">...</bdi> is not clickable at point (1772, 68). Other element would receive the click: <div class="sapUiLocalBusyIndicator sapUiLocalBusyIndicatorSizeBig sapUiLocalBusyIndicatorShowContainer sapUiLocalBusyIndicatorFade" role="progressbar" aria-valuemin="0" aria-valuemax="100" aria-valuetext="Busy" alt="" tabindex="0" title="Please wait">...</div>
  (Session info: chrome=136.0.7103.93)
    at async Context.<anonymous> (D:\a\1\s\test\specs\BTS\manage-partners.spec.js:1042:9)
]]></system-err>
    </testcase>
    <testcase classname="chrome.136_0_7103_93.windows.Partner_specific_tests_US150819_US151080_US151654_US151176_US103444_US151078_US151079_US151109_US151174_US151175_US151189" name="Should add a new Business Partner role same role US151541" time="56.461">
      <failure/>
      <error message="element (&quot;//input[@id=&quot;application-businessconfigurations-display-component---masterBusinessConfigurations--smartFilterBar-btnBasicSearch-I&quot;]&quot;) still not clickable after 45000ms"/>
      <system-out><![CDATA[
RESULT: undefined
COMMAND: POST /session/8d9404e4e9bea3f53a5c3520fcd44aec/element - {"using":"xpath","value":"//*[@id=\"__tile117\"]"}
RESULT: {"using":"xpath","value":"//*[@id=\"__tile117\"]"}
COMMAND: POST /session/8d9404e4e9bea3f53a5c3520fcd44aec/element/f.7EA17D048601C53176965B9346C1EB3C.d.7F009BBB575131EA203BE3642A54669A.e.8187/click - {}
COMMAND: POST /session/8d9404e4e9bea3f53a5c3520fcd44aec/elements - {"using":"xpath","value":"//span[text()='Error']"}
RESULT: {"using":"xpath","value":"//span[text()='Error']"}
COMMAND: POST /session/8d9404e4e9bea3f53a5c3520fcd44aec/window/fullscreen - {}
RESULT: {}
COMMAND: POST /session/8d9404e4e9bea3f53a5c3520fcd44aec/element - {"using":"xpath","value":"//input[@id=\"application-businessconfigurations-display-component---masterBusinessConfigurations--smartFilterBar-btnBasicSearch-I\"]"}
RESULT: {"using":"xpath","value":"//input[@id=\"application-businessconfigurations-display-component---masterBusinessConfigurations--smartFilterBar-btnBasicSearch-I\"]"}
COMMAND: POST /session/8d9404e4e9bea3f53a5c3520fcd44aec/elements - {"using":"xpath","value":"//input[@id=\"application-businessconfigurations-display-component---masterBusinessConfigurations--smartFilterBar-btnBasicSearch-I\"]"}
RESULT: {"using":"xpath","value":"//input[@id=\"application-businessconfigurations-display-component---masterBusinessConfigurations--smartFilterBar-btnBasicSearch-I\"]"}
COMMAND: POST /session/8d9404e4e9bea3f53a5c3520fcd44aec/execute/sync - {"script":"<script> [8489 bytes]","args":[{"element-6066-11e4-a52e-4f735466cecf":"f.7EA17D048601C53176965B9346C1EB3C.d.7F009BBB575131EA203BE3642A54669A.e.8408","ELEMENT":"f.7EA17D048601C53176965B9346C1EB3C.d.7F009BBB575131EA203BE3642A54669A.e.8408"}]}
RESULT: {"script":"<script> [8489 bytes]","args":[{"element-6066-11e4-a52e-4f735466cecf":"f.7EA17D048601C53176965B9346C1EB3C.d.7F009BBB575131EA203BE3642A54669A.e.8408","ELEMENT":"f.7EA17D048601C53176965B9346C1EB3C.d.7F009BBB575131EA203BE3642A54669A.e.8408"}]}
COMMAND: GET /session/8d9404e4e9bea3f53a5c3520fcd44aec/element/f.7EA17D048601C53176965B9346C1EB3C.d.7F009BBB575131EA203BE3642A54669A.e.8408/enabled - {}
COMMAND: GET /session/8d9404e4e9bea3f53a5c3520fcd44aec/screenshot - {}
RESULT: {}
COMMAND: POST /session/8d9404e4e9bea3f53a5c3520fcd44aec/execute/sync - {"script":"<script> [8489 bytes]","args":[{"element-6066-11e4-a52e-4f735466cecf":"f.7EA17D048601C53176965B9346C1EB3C.d.7F009BBB575131EA203BE3642A54669A.e.8408","ELEMENT":"f.7EA17D048601C53176965B9346C1EB3C.d.7F009BBB575131EA203BE3642A54669A.e.8408"}]}
COMMAND: GET /session/8d9404e4e9bea3f53a5c3520fcd44aec/screenshot - {}
RESULT: {}
RESULT: {"script":"<script> [8489 bytes]","args":[{"element-6066-11e4-a52e-4f735466cecf":"f.7EA17D048601C53176965B9346C1EB3C.d.7F009BBB575131EA203BE3642A54669A.e.8408","ELEMENT":"f.7EA17D048601C53176965B9346C1EB3C.d.7F009BBB575131EA203BE3642A54669A.e.8408"}]}
COMMAND: POST /session/8d9404e4e9bea3f53a5c3520fcd44aec/execute/sync - {"script":"<script> [5351 bytes]","args":[{"element-6066-11e4-a52e-4f735466cecf":"f.7EA17D048601C53176965B9346C1EB3C.d.7F009BBB575131EA203BE3642A54669A.e.8408","ELEMENT":"f.7EA17D048601C53176965B9346C1EB3C.d.7F009BBB575131EA203BE3642A54669A.e.8408"}]}
COMMAND: GET /session/8d9404e4e9bea3f53a5c3520fcd44aec/screenshot - {}
RESULT: {}
RESULT: {"script":"<script> [5351 bytes]","args":[{"element-6066-11e4-a52e-4f735466cecf":"f.7EA17D048601C53176965B9346C1EB3C.d.7F009BBB575131EA203BE3642A54669A.e.8408","ELEMENT":"f.7EA17D048601C53176965B9346C1EB3C.d.7F009BBB575131EA203BE3642A54669A.e.8408"}]}
COMMAND: POST /session/8d9404e4e9bea3f53a5c3520fcd44aec/execute/sync - {"script":"<script> [8489 bytes]","args":[{"element-6066-11e4-a52e-4f735466cecf":"f.7EA17D048601C53176965B9346C1EB3C.d.7F009BBB575131EA203BE3642A54669A.e.8408","ELEMENT":"f.7EA17D048601C53176965B9346C1EB3C.d.7F009BBB575131EA203BE3642A54669A.e.8408"}]}
COMMAND: GET /session/8d9404e4e9bea3f53a5c3520fcd44aec/screenshot - {}
RESULT: {}
RESULT: {"script":"<script> [8489 bytes]","args":[{"element-6066-11e4-a52e-4f735466cecf":"f.7EA17D048601C53176965B9346C1EB3C.d.7F009BBB575131EA203BE3642A54669A.e.8408","ELEMENT":"f.7EA17D048601C53176965B9346C1EB3C.d.7F009BBB575131EA203BE3642A54669A.e.8408"}]}
COMMAND: POST /session/8d9404e4e9bea3f53a5c3520fcd44aec/execute/sync - {"script":"<script> [5351 bytes]","args":[{"element-6066-11e4-a52e-4f735466cecf":"f.7EA17D048601C53176965B9346C1EB3C.d.7F009BBB575131EA203BE3642A54669A.e.8408","ELEMENT":"f.7EA17D048601C53176965B9346C1EB3C.d.7F009BBB575131EA203BE3642A54669A.e.8408"}]}
COMMAND: GET /session/8d9404e4e9bea3f53a5c3520fcd44aec/screenshot - {}
RESULT: {}
RESULT: {"script":"<script> [5351 bytes]","args":[{"element-6066-11e4-a52e-4f735466cecf":"f.7EA17D048601C53176965B9346C1EB3C.d.7F009BBB575131EA203BE3642A54669A.e.8408","ELEMENT":"f.7EA17D048601C53176965B9346C1EB3C.d.7F009BBB575131EA203BE3642A54669A.e.8408"}]}
COMMAND: GET /session/8d9404e4e9bea3f53a5c3520fcd44aec/screenshot - {}
COMMAND: POST /session/8d9404e4e9bea3f53a5c3520fcd44aec/execute/sync - {"script":"<script> [8489 bytes]","args":[{"element-6066-11e4-a52e-4f735466cecf":"f.7EA17D048601C53176965B9346C1EB3C.d.7F009BBB575131EA203BE3642A54669A.e.8408","ELEMENT":"f.7EA17D048601C53176965B9346C1EB3C.d.7F009BBB575131EA203BE3642A54669A.e.8408"}]}
RESULT: {}
RESULT: {}
RESULT: {"script":"<script> [8489 bytes]","args":[{"element-6066-11e4-a52e-4f735466cecf":"f.7EA17D048601C53176965B9346C1EB3C.d.7F009BBB575131EA203BE3642A54669A.e.8408","ELEMENT":"f.7EA17D048601C53176965B9346C1EB3C.d.7F009BBB575131EA203BE3642A54669A.e.8408"}]}
COMMAND: POST /session/8d9404e4e9bea3f53a5c3520fcd44aec/execute/sync - {"script":"<script> [5351 bytes]","args":[{"element-6066-11e4-a52e-4f735466cecf":"f.7EA17D048601C53176965B9346C1EB3C.d.7F009BBB575131EA203BE3642A54669A.e.8408","ELEMENT":"f.7EA17D048601C53176965B9346C1EB3C.d.7F009BBB575131EA203BE3642A54669A.e.8408"}]}
COMMAND: GET /session/8d9404e4e9bea3f53a5c3520fcd44aec/screenshot - {}
RESULT: {"script":"<script> [5351 bytes]","args":[{"element-6066-11e4-a52e-4f735466cecf":"f.7EA17D048601C53176965B9346C1EB3C.d.7F009BBB575131EA203BE3642A54669A.e.8408","ELEMENT":"f.7EA17D048601C53176965B9346C1EB3C.d.7F009BBB575131EA203BE3642A54669A.e.8408"}]}
COMMAND: POST /session/8d9404e4e9bea3f53a5c3520fcd44aec/execute/sync - {"script":"<script> [8489 bytes]","args":[{"element-6066-11e4-a52e-4f735466cecf":"f.7EA17D048601C53176965B9346C1EB3C.d.7F009BBB575131EA203BE3642A54669A.e.8408","ELEMENT":"f.7EA17D048601C53176965B9346C1EB3C.d.7F009BBB575131EA203BE3642A54669A.e.8408"}]}
COMMAND: GET /session/8d9404e4e9bea3f53a5c3520fcd44aec/screenshot - {}
RESULT: {}
RESULT: {"script":"<script> [8489 bytes]","args":[{"element-6066-11e4-a52e-4f735466cecf":"f.7EA17D048601C53176965B9346C1EB3C.d.7F009BBB575131EA203BE3642A54669A.e.8408","ELEMENT":"f.7EA17D048601C53176965B9346C1EB3C.d.7F009BBB575131EA203BE3642A54669A.e.8408"}]}
COMMAND: POST /session/8d9404e4e9bea3f53a5c3520fcd44aec/execute/sync - {"script":"<script> [5351 bytes]","args":[{"element-6066-11e4-a52e-4f735466cecf":"f.7EA17D048601C53176965B9346C1EB3C.d.7F009BBB575131EA203BE3642A54669A.e.8408","ELEMENT":"f.7EA17D048601C53176965B9346C1EB3C.d.7F009BBB575131EA203BE3642A54669A.e.8408"}]}
COMMAND: GET /session/8d9404e4e9bea3f53a5c3520fcd44aec/screenshot - {}
RESULT: {}
RESULT: {"script":"<script> [5351 bytes]","args":[{"element-6066-11e4-a52e-4f735466cecf":"f.7EA17D048601C53176965B9346C1EB3C.d.7F009BBB575131EA203BE3642A54669A.e.8408","ELEMENT":"f.7EA17D048601C53176965B9346C1EB3C.d.7F009BBB575131EA203BE3642A54669A.e.8408"}]}
COMMAND: GET /session/8d9404e4e9bea3f53a5c3520fcd44aec/screenshot - {}
COMMAND: POST /session/8d9404e4e9bea3f53a5c3520fcd44aec/execute/sync - {"script":"<script> [8489 bytes]","args":[{"element-6066-11e4-a52e-4f735466cecf":"f.7EA17D048601C53176965B9346C1EB3C.d.7F009BBB575131EA203BE3642A54669A.e.8408","ELEMENT":"f.7EA17D048601C53176965B9346C1EB3C.d.7F009BBB575131EA203BE3642A54669A.e.8408"}]}
RESULT: {}
RESULT: {"script":"<script> [8489 bytes]","args":[{"element-6066-11e4-a52e-4f735466cecf":"f.7EA17D048601C53176965B9346C1EB3C.d.7F009BBB575131EA203BE3642A54669A.e.8408","ELEMENT":"f.7EA17D048601C53176965B9346C1EB3C.d.7F009BBB575131EA203BE3642A54669A.e.8408"}]}
COMMAND: POST /session/8d9404e4e9bea3f53a5c3520fcd44aec/execute/sync - {"script":"<script> [5351 bytes]","args":[{"element-6066-11e4-a52e-4f735466cecf":"f.7EA17D048601C53176965B9346C1EB3C.d.7F009BBB575131EA203BE3642A54669A.e.8408","ELEMENT":"f.7EA17D048601C53176965B9346C1EB3C.d.7F009BBB575131EA203BE3642A54669A.e.8408"}]}
COMMAND: GET /session/8d9404e4e9bea3f53a5c3520fcd44aec/screenshot - {}
RESULT: {}
RESULT: {"script":"<script> [5351 bytes]","args":[{"element-6066-11e4-a52e-4f735466cecf":"f.7EA17D048601C53176965B9346C1EB3C.d.7F009BBB575131EA203BE3642A54669A.e.8408","ELEMENT":"f.7EA17D048601C53176965B9346C1EB3C.d.7F009BBB575131EA203BE3642A54669A.e.8408"}]}
COMMAND: POST /session/8d9404e4e9bea3f53a5c3520fcd44aec/execute/sync - {"script":"<script> [8489 bytes]","args":[{"element-6066-11e4-a52e-4f735466cecf":"f.7EA17D048601C53176965B9346C1EB3C.d.7F009BBB575131EA203BE3642A54669A.e.8408","ELEMENT":"f.7EA17D048601C53176965B9346C1EB3C.d.7F009BBB575131EA203BE3642A54669A.e.8408"}]}
COMMAND: GET /session/8d9404e4e9bea3f53a5c3520fcd44aec/screenshot - {}
RESULT: {}
RESULT: {"script":"<script> [8489 bytes]","args":[{"element-6066-11e4-a52e-4f735466cecf":"f.7EA17D048601C53176965B9346C1EB3C.d.7F009BBB575131EA203BE3642A54669A.e.8408","ELEMENT":"f.7EA17D048601C53176965B9346C1EB3C.d.7F009BBB575131EA203BE3642A54669A.e.8408"}]}
COMMAND: POST /session/8d9404e4e9bea3f53a5c3520fcd44aec/execute/sync - {"script":"<script> [5351 bytes]","args":[{"element-6066-11e4-a52e-4f735466cecf":"f.7EA17D048601C53176965B9346C1EB3C.d.7F009BBB575131EA203BE3642A54669A.e.8408","ELEMENT":"f.7EA17D048601C53176965B9346C1EB3C.d.7F009BBB575131EA203BE3642A54669A.e.8408"}]}
COMMAND: GET /session/8d9404e4e9bea3f53a5c3520fcd44aec/screenshot - {}
RESULT: {}
RESULT: {"script":"<script> [5351 bytes]","args":[{"element-6066-11e4-a52e-4f735466cecf":"f.7EA17D048601C53176965B9346C1EB3C.d.7F009BBB575131EA203BE3642A54669A.e.8408","ELEMENT":"f.7EA17D048601C53176965B9346C1EB3C.d.7F009BBB575131EA203BE3642A54669A.e.8408"}]}
COMMAND: GET /session/8d9404e4e9bea3f53a5c3520fcd44aec/screenshot - {}
COMMAND: POST /session/8d9404e4e9bea3f53a5c3520fcd44aec/execute/sync - {"script":"<script> [8489 bytes]","args":[{"element-6066-11e4-a52e-4f735466cecf":"f.7EA17D048601C53176965B9346C1EB3C.d.7F009BBB575131EA203BE3642A54669A.e.8408","ELEMENT":"f.7EA17D048601C53176965B9346C1EB3C.d.7F009BBB575131EA203BE3642A54669A.e.8408"}]}
RESULT: {}
RESULT: {"script":"<script> [8489 bytes]","args":[{"element-6066-11e4-a52e-4f735466cecf":"f.7EA17D048601C53176965B9346C1EB3C.d.7F009BBB575131EA203BE3642A54669A.e.8408","ELEMENT":"f.7EA17D048601C53176965B9346C1EB3C.d.7F009BBB575131EA203BE3642A54669A.e.8408"}]}
COMMAND: POST /session/8d9404e4e9bea3f53a5c3520fcd44aec/execute/sync - {"script":"<script> [5351 bytes]","args":[{"element-6066-11e4-a52e-4f735466cecf":"f.7EA17D048601C53176965B9346C1EB3C.d.7F009BBB575131EA203BE3642A54669A.e.8408","ELEMENT":"f.7EA17D048601C53176965B9346C1EB3C.d.7F009BBB575131EA203BE3642A54669A.e.8408"}]}
COMMAND: GET /session/8d9404e4e9bea3f53a5c3520fcd44aec/screenshot - {}
RESULT: {}
RESULT: {"script":"<script> [5351 bytes]","args":[{"element-6066-11e4-a52e-4f735466cecf":"f.7EA17D048601C53176965B9346C1EB3C.d.7F009BBB575131EA203BE3642A54669A.e.8408","ELEMENT":"f.7EA17D048601C53176965B9346C1EB3C.d.7F009BBB575131EA203BE3642A54669A.e.8408"}]}
COMMAND: POST /session/8d9404e4e9bea3f53a5c3520fcd44aec/execute/sync - {"script":"<script> [8489 bytes]","args":[{"element-6066-11e4-a52e-4f735466cecf":"f.7EA17D048601C53176965B9346C1EB3C.d.7F009BBB575131EA203BE3642A54669A.e.8408","ELEMENT":"f.7EA17D048601C53176965B9346C1EB3C.d.7F009BBB575131EA203BE3642A54669A.e.8408"}]}
COMMAND: GET /session/8d9404e4e9bea3f53a5c3520fcd44aec/screenshot - {}
RESULT: {}
RESULT: {"script":"<script> [8489 bytes]","args":[{"element-6066-11e4-a52e-4f735466cecf":"f.7EA17D048601C53176965B9346C1EB3C.d.7F009BBB575131EA203BE3642A54669A.e.8408","ELEMENT":"f.7EA17D048601C53176965B9346C1EB3C.d.7F009BBB575131EA203BE3642A54669A.e.8408"}]}
COMMAND: POST /session/8d9404e4e9bea3f53a5c3520fcd44aec/execute/sync - {"script":"<script> [5351 bytes]","args":[{"element-6066-11e4-a52e-4f735466cecf":"f.7EA17D048601C53176965B9346C1EB3C.d.7F009BBB575131EA203BE3642A54669A.e.8408","ELEMENT":"f.7EA17D048601C53176965B9346C1EB3C.d.7F009BBB575131EA203BE3642A54669A.e.8408"}]}
COMMAND: GET /session/8d9404e4e9bea3f53a5c3520fcd44aec/screenshot - {}
RESULT: {}
RESULT: {"script":"<script> [5351 bytes]","args":[{"element-6066-11e4-a52e-4f735466cecf":"f.7EA17D048601C53176965B9346C1EB3C.d.7F009BBB575131EA203BE3642A54669A.e.8408","ELEMENT":"f.7EA17D048601C53176965B9346C1EB3C.d.7F009BBB575131EA203BE3642A54669A.e.8408"}]}
COMMAND: GET /session/8d9404e4e9bea3f53a5c3520fcd44aec/screenshot - {}
COMMAND: POST /session/8d9404e4e9bea3f53a5c3520fcd44aec/execute/sync - {"script":"<script> [8489 bytes]","args":[{"element-6066-11e4-a52e-4f735466cecf":"f.7EA17D048601C53176965B9346C1EB3C.d.7F009BBB575131EA203BE3642A54669A.e.8408","ELEMENT":"f.7EA17D048601C53176965B9346C1EB3C.d.7F009BBB575131EA203BE3642A54669A.e.8408"}]}
RESULT: {}
RESULT: {"script":"<script> [8489 bytes]","args":[{"element-6066-11e4-a52e-4f735466cecf":"f.7EA17D048601C53176965B9346C1EB3C.d.7F009BBB575131EA203BE3642A54669A.e.8408","ELEMENT":"f.7EA17D048601C53176965B9346C1EB3C.d.7F009BBB575131EA203BE3642A54669A.e.8408"}]}
COMMAND: POST /session/8d9404e4e9bea3f53a5c3520fcd44aec/execute/sync - {"script":"<script> [5351 bytes]","args":[{"element-6066-11e4-a52e-4f735466cecf":"f.7EA17D048601C53176965B9346C1EB3C.d.7F009BBB575131EA203BE3642A54669A.e.8408","ELEMENT":"f.7EA17D048601C53176965B9346C1EB3C.d.7F009BBB575131EA203BE3642A54669A.e.8408"}]}
COMMAND: GET /session/8d9404e4e9bea3f53a5c3520fcd44aec/screenshot - {}
RESULT: {}
RESULT: {"script":"<script> [5351 bytes]","args":[{"element-6066-11e4-a52e-4f735466cecf":"f.7EA17D048601C53176965B9346C1EB3C.d.7F009BBB575131EA203BE3642A54669A.e.8408","ELEMENT":"f.7EA17D048601C53176965B9346C1EB3C.d.7F009BBB575131EA203BE3642A54669A.e.8408"}]}
COMMAND: GET /session/8d9404e4e9bea3f53a5c3520fcd44aec/screenshot - {}
COMMAND: POST /session/8d9404e4e9bea3f53a5c3520fcd44aec/execute/sync - {"script":"<script> [8489 bytes]","args":[{"element-6066-11e4-a52e-4f735466cecf":"f.7EA17D048601C53176965B9346C1EB3C.d.7F009BBB575131EA203BE3642A54669A.e.8408","ELEMENT":"f.7EA17D048601C53176965B9346C1EB3C.d.7F009BBB575131EA203BE3642A54669A.e.8408"}]}
RESULT: {}
RESULT: {}
RESULT: {"script":"<script> [8489 bytes]","args":[{"element-6066-11e4-a52e-4f735466cecf":"f.7EA17D048601C53176965B9346C1EB3C.d.7F009BBB575131EA203BE3642A54669A.e.8408","ELEMENT":"f.7EA17D048601C53176965B9346C1EB3C.d.7F009BBB575131EA203BE3642A54669A.e.8408"}]}
COMMAND: POST /session/8d9404e4e9bea3f53a5c3520fcd44aec/execute/sync - {"script":"<script> [5351 bytes]","args":[{"element-6066-11e4-a52e-4f735466cecf":"f.7EA17D048601C53176965B9346C1EB3C.d.7F009BBB575131EA203BE3642A54669A.e.8408","ELEMENT":"f.7EA17D048601C53176965B9346C1EB3C.d.7F009BBB575131EA203BE3642A54669A.e.8408"}]}
COMMAND: GET /session/8d9404e4e9bea3f53a5c3520fcd44aec/screenshot - {}
RESULT: {"script":"<script> [5351 bytes]","args":[{"element-6066-11e4-a52e-4f735466cecf":"f.7EA17D048601C53176965B9346C1EB3C.d.7F009BBB575131EA203BE3642A54669A.e.8408","ELEMENT":"f.7EA17D048601C53176965B9346C1EB3C.d.7F009BBB575131EA203BE3642A54669A.e.8408"}]}
COMMAND: POST /session/8d9404e4e9bea3f53a5c3520fcd44aec/execute/sync - {"script":"<script> [8489 bytes]","args":[{"element-6066-11e4-a52e-4f735466cecf":"f.7EA17D048601C53176965B9346C1EB3C.d.7F009BBB575131EA203BE3642A54669A.e.8408","ELEMENT":"f.7EA17D048601C53176965B9346C1EB3C.d.7F009BBB575131EA203BE3642A54669A.e.8408"}]}
COMMAND: GET /session/8d9404e4e9bea3f53a5c3520fcd44aec/screenshot - {}
RESULT: {}
RESULT: {"script":"<script> [8489 bytes]","args":[{"element-6066-11e4-a52e-4f735466cecf":"f.7EA17D048601C53176965B9346C1EB3C.d.7F009BBB575131EA203BE3642A54669A.e.8408","ELEMENT":"f.7EA17D048601C53176965B9346C1EB3C.d.7F009BBB575131EA203BE3642A54669A.e.8408"}]}
COMMAND: POST /session/8d9404e4e9bea3f53a5c3520fcd44aec/execute/sync - {"script":"<script> [5351 bytes]","args":[{"element-6066-11e4-a52e-4f735466cecf":"f.7EA17D048601C53176965B9346C1EB3C.d.7F009BBB575131EA203BE3642A54669A.e.8408","ELEMENT":"f.7EA17D048601C53176965B9346C1EB3C.d.7F009BBB575131EA203BE3642A54669A.e.8408"}]}
COMMAND: GET /session/8d9404e4e9bea3f53a5c3520fcd44aec/screenshot - {}
RESULT: {}
RESULT: {"script":"<script> [5351 bytes]","args":[{"element-6066-11e4-a52e-4f735466cecf":"f.7EA17D048601C53176965B9346C1EB3C.d.7F009BBB575131EA203BE3642A54669A.e.8408","ELEMENT":"f.7EA17D048601C53176965B9346C1EB3C.d.7F009BBB575131EA203BE3642A54669A.e.8408"}]}
COMMAND: POST /session/8d9404e4e9bea3f53a5c3520fcd44aec/execute/sync - {"script":"<script> [8489 bytes]","args":[{"element-6066-11e4-a52e-4f735466cecf":"f.7EA17D048601C53176965B9346C1EB3C.d.7F009BBB575131EA203BE3642A54669A.e.8408","ELEMENT":"f.7EA17D048601C53176965B9346C1EB3C.d.7F009BBB575131EA203BE3642A54669A.e.8408"}]}
COMMAND: GET /session/8d9404e4e9bea3f53a5c3520fcd44aec/screenshot - {}
RESULT: {}
RESULT: {"script":"<script> [8489 bytes]","args":[{"element-6066-11e4-a52e-4f735466cecf":"f.7EA17D048601C53176965B9346C1EB3C.d.7F009BBB575131EA203BE3642A54669A.e.8408","ELEMENT":"f.7EA17D048601C53176965B9346C1EB3C.d.7F009BBB575131EA203BE3642A54669A.e.8408"}]}
COMMAND: POST /session/8d9404e4e9bea3f53a5c3520fcd44aec/execute/sync - {"script":"<script> [5351 bytes]","args":[{"element-6066-11e4-a52e-4f735466cecf":"f.7EA17D048601C53176965B9346C1EB3C.d.7F009BBB575131EA203BE3642A54669A.e.8408","ELEMENT":"f.7EA17D048601C53176965B9346C1EB3C.d.7F009BBB575131EA203BE3642A54669A.e.8408"}]}
COMMAND: GET /session/8d9404e4e9bea3f53a5c3520fcd44aec/screenshot - {}
RESULT: {}
RESULT: {"script":"<script> [5351 bytes]","args":[{"element-6066-11e4-a52e-4f735466cecf":"f.7EA17D048601C53176965B9346C1EB3C.d.7F009BBB575131EA203BE3642A54669A.e.8408","ELEMENT":"f.7EA17D048601C53176965B9346C1EB3C.d.7F009BBB575131EA203BE3642A54669A.e.8408"}]}
COMMAND: POST /session/8d9404e4e9bea3f53a5c3520fcd44aec/execute/sync - {"script":"<script> [8489 bytes]","args":[{"element-6066-11e4-a52e-4f735466cecf":"f.7EA17D048601C53176965B9346C1EB3C.d.7F009BBB575131EA203BE3642A54669A.e.8408","ELEMENT":"f.7EA17D048601C53176965B9346C1EB3C.d.7F009BBB575131EA203BE3642A54669A.e.8408"}]}
COMMAND: GET /session/8d9404e4e9bea3f53a5c3520fcd44aec/screenshot - {}
RESULT: {}
RESULT: {"script":"<script> [8489 bytes]","args":[{"element-6066-11e4-a52e-4f735466cecf":"f.7EA17D048601C53176965B9346C1EB3C.d.7F009BBB575131EA203BE3642A54669A.e.8408","ELEMENT":"f.7EA17D048601C53176965B9346C1EB3C.d.7F009BBB575131EA203BE3642A54669A.e.8408"}]}
COMMAND: POST /session/8d9404e4e9bea3f53a5c3520fcd44aec/execute/sync - {"script":"<script> [5351 bytes]","args":[{"element-6066-11e4-a52e-4f735466cecf":"f.7EA17D048601C53176965B9346C1EB3C.d.7F009BBB575131EA203BE3642A54669A.e.8408","ELEMENT":"f.7EA17D048601C53176965B9346C1EB3C.d.7F009BBB575131EA203BE3642A54669A.e.8408"}]}
COMMAND: GET /session/8d9404e4e9bea3f53a5c3520fcd44aec/screenshot - {}
RESULT: {}
RESULT: {"script":"<script> [5351 bytes]","args":[{"element-6066-11e4-a52e-4f735466cecf":"f.7EA17D048601C53176965B9346C1EB3C.d.7F009BBB575131EA203BE3642A54669A.e.8408","ELEMENT":"f.7EA17D048601C53176965B9346C1EB3C.d.7F009BBB575131EA203BE3642A54669A.e.8408"}]}
COMMAND: POST /session/8d9404e4e9bea3f53a5c3520fcd44aec/execute/sync - {"script":"<script> [8489 bytes]","args":[{"element-6066-11e4-a52e-4f735466cecf":"f.7EA17D048601C53176965B9346C1EB3C.d.7F009BBB575131EA203BE3642A54669A.e.8408","ELEMENT":"f.7EA17D048601C53176965B9346C1EB3C.d.7F009BBB575131EA203BE3642A54669A.e.8408"}]}
COMMAND: GET /session/8d9404e4e9bea3f53a5c3520fcd44aec/screenshot - {}
RESULT: {}
RESULT: {"script":"<script> [8489 bytes]","args":[{"element-6066-11e4-a52e-4f735466cecf":"f.7EA17D048601C53176965B9346C1EB3C.d.7F009BBB575131EA203BE3642A54669A.e.8408","ELEMENT":"f.7EA17D048601C53176965B9346C1EB3C.d.7F009BBB575131EA203BE3642A54669A.e.8408"}]}
COMMAND: POST /session/8d9404e4e9bea3f53a5c3520fcd44aec/execute/sync - {"script":"<script> [5351 bytes]","args":[{"element-6066-11e4-a52e-4f735466cecf":"f.7EA17D048601C53176965B9346C1EB3C.d.7F009BBB575131EA203BE3642A54669A.e.8408","ELEMENT":"f.7EA17D048601C53176965B9346C1EB3C.d.7F009BBB575131EA203BE3642A54669A.e.8408"}]}
COMMAND: GET /session/8d9404e4e9bea3f53a5c3520fcd44aec/screenshot - {}
RESULT: {}
RESULT: {"script":"<script> [5351 bytes]","args":[{"element-6066-11e4-a52e-4f735466cecf":"f.7EA17D048601C53176965B9346C1EB3C.d.7F009BBB575131EA203BE3642A54669A.e.8408","ELEMENT":"f.7EA17D048601C53176965B9346C1EB3C.d.7F009BBB575131EA203BE3642A54669A.e.8408"}]}
COMMAND: GET /session/8d9404e4e9bea3f53a5c3520fcd44aec/screenshot - {}
COMMAND: POST /session/8d9404e4e9bea3f53a5c3520fcd44aec/execute/sync - {"script":"<script> [8489 bytes]","args":[{"element-6066-11e4-a52e-4f735466cecf":"f.7EA17D048601C53176965B9346C1EB3C.d.7F009BBB575131EA203BE3642A54669A.e.8408","ELEMENT":"f.7EA17D048601C53176965B9346C1EB3C.d.7F009BBB575131EA203BE3642A54669A.e.8408"}]}
RESULT: {}
RESULT: {"script":"<script> [8489 bytes]","args":[{"element-6066-11e4-a52e-4f735466cecf":"f.7EA17D048601C53176965B9346C1EB3C.d.7F009BBB575131EA203BE3642A54669A.e.8408","ELEMENT":"f.7EA17D048601C53176965B9346C1EB3C.d.7F009BBB575131EA203BE3642A54669A.e.8408"}]}
COMMAND: POST /session/8d9404e4e9bea3f53a5c3520fcd44aec/execute/sync - {"script":"<script> [5351 bytes]","args":[{"element-6066-11e4-a52e-4f735466cecf":"f.7EA17D048601C53176965B9346C1EB3C.d.7F009BBB575131EA203BE3642A54669A.e.8408","ELEMENT":"f.7EA17D048601C53176965B9346C1EB3C.d.7F009BBB575131EA203BE3642A54669A.e.8408"}]}
COMMAND: GET /session/8d9404e4e9bea3f53a5c3520fcd44aec/screenshot - {}
RESULT: {}
RESULT: {"script":"<script> [5351 bytes]","args":[{"element-6066-11e4-a52e-4f735466cecf":"f.7EA17D048601C53176965B9346C1EB3C.d.7F009BBB575131EA203BE3642A54669A.e.8408","ELEMENT":"f.7EA17D048601C53176965B9346C1EB3C.d.7F009BBB575131EA203BE3642A54669A.e.8408"}]}
COMMAND: GET /session/8d9404e4e9bea3f53a5c3520fcd44aec/screenshot - {}
COMMAND: POST /session/8d9404e4e9bea3f53a5c3520fcd44aec/execute/sync - {"script":"<script> [8489 bytes]","args":[{"element-6066-11e4-a52e-4f735466cecf":"f.7EA17D048601C53176965B9346C1EB3C.d.7F009BBB575131EA203BE3642A54669A.e.8408","ELEMENT":"f.7EA17D048601C53176965B9346C1EB3C.d.7F009BBB575131EA203BE3642A54669A.e.8408"}]}
RESULT: {}
RESULT: {}
RESULT: {"script":"<script> [8489 bytes]","args":[{"element-6066-11e4-a52e-4f735466cecf":"f.7EA17D048601C53176965B9346C1EB3C.d.7F009BBB575131EA203BE3642A54669A.e.8408","ELEMENT":"f.7EA17D048601C53176965B9346C1EB3C.d.7F009BBB575131EA203BE3642A54669A.e.8408"}]}
COMMAND: POST /session/8d9404e4e9bea3f53a5c3520fcd44aec/execute/sync - {"script":"<script> [5351 bytes]","args":[{"element-6066-11e4-a52e-4f735466cecf":"f.7EA17D048601C53176965B9346C1EB3C.d.7F009BBB575131EA203BE3642A54669A.e.8408","ELEMENT":"f.7EA17D048601C53176965B9346C1EB3C.d.7F009BBB575131EA203BE3642A54669A.e.8408"}]}
COMMAND: GET /session/8d9404e4e9bea3f53a5c3520fcd44aec/screenshot - {}
RESULT: {"script":"<script> [5351 bytes]","args":[{"element-6066-11e4-a52e-4f735466cecf":"f.7EA17D048601C53176965B9346C1EB3C.d.7F009BBB575131EA203BE3642A54669A.e.8408","ELEMENT":"f.7EA17D048601C53176965B9346C1EB3C.d.7F009BBB575131EA203BE3642A54669A.e.8408"}]}
COMMAND: GET /session/8d9404e4e9bea3f53a5c3520fcd44aec/screenshot - {}
COMMAND: POST /session/8d9404e4e9bea3f53a5c3520fcd44aec/execute/sync - {"script":"<script> [8489 bytes]","args":[{"element-6066-11e4-a52e-4f735466cecf":"f.7EA17D048601C53176965B9346C1EB3C.d.7F009BBB575131EA203BE3642A54669A.e.8408","ELEMENT":"f.7EA17D048601C53176965B9346C1EB3C.d.7F009BBB575131EA203BE3642A54669A.e.8408"}]}
RESULT: {}
RESULT: {}
RESULT: {"script":"<script> [8489 bytes]","args":[{"element-6066-11e4-a52e-4f735466cecf":"f.7EA17D048601C53176965B9346C1EB3C.d.7F009BBB575131EA203BE3642A54669A.e.8408","ELEMENT":"f.7EA17D048601C53176965B9346C1EB3C.d.7F009BBB575131EA203BE3642A54669A.e.8408"}]}
COMMAND: POST /session/8d9404e4e9bea3f53a5c3520fcd44aec/execute/sync - {"script":"<script> [5351 bytes]","args":[{"element-6066-11e4-a52e-4f735466cecf":"f.7EA17D048601C53176965B9346C1EB3C.d.7F009BBB575131EA203BE3642A54669A.e.8408","ELEMENT":"f.7EA17D048601C53176965B9346C1EB3C.d.7F009BBB575131EA203BE3642A54669A.e.8408"}]}
COMMAND: GET /session/8d9404e4e9bea3f53a5c3520fcd44aec/screenshot - {}
RESULT: {"script":"<script> [5351 bytes]","args":[{"element-6066-11e4-a52e-4f735466cecf":"f.7EA17D048601C53176965B9346C1EB3C.d.7F009BBB575131EA203BE3642A54669A.e.8408","ELEMENT":"f.7EA17D048601C53176965B9346C1EB3C.d.7F009BBB575131EA203BE3642A54669A.e.8408"}]}
COMMAND: GET /session/8d9404e4e9bea3f53a5c3520fcd44aec/screenshot - {}
COMMAND: POST /session/8d9404e4e9bea3f53a5c3520fcd44aec/execute/sync - {"script":"<script> [8489 bytes]","args":[{"element-6066-11e4-a52e-4f735466cecf":"f.7EA17D048601C53176965B9346C1EB3C.d.7F009BBB575131EA203BE3642A54669A.e.8408","ELEMENT":"f.7EA17D048601C53176965B9346C1EB3C.d.7F009BBB575131EA203BE3642A54669A.e.8408"}]}
RESULT: {}
RESULT: {"script":"<script> [8489 bytes]","args":[{"element-6066-11e4-a52e-4f735466cecf":"f.7EA17D048601C53176965B9346C1EB3C.d.7F009BBB575131EA203BE3642A54669A.e.8408","ELEMENT":"f.7EA17D048601C53176965B9346C1EB3C.d.7F009BBB575131EA203BE3642A54669A.e.8408"}]}
COMMAND: POST /session/8d9404e4e9bea3f53a5c3520fcd44aec/execute/sync - {"script":"<script> [5351 bytes]","args":[{"element-6066-11e4-a52e-4f735466cecf":"f.7EA17D048601C53176965B9346C1EB3C.d.7F009BBB575131EA203BE3642A54669A.e.8408","ELEMENT":"f.7EA17D048601C53176965B9346C1EB3C.d.7F009BBB575131EA203BE3642A54669A.e.8408"}]}
COMMAND: GET /session/8d9404e4e9bea3f53a5c3520fcd44aec/screenshot - {}
RESULT: {}
RESULT: {"script":"<script> [5351 bytes]","args":[{"element-6066-11e4-a52e-4f735466cecf":"f.7EA17D048601C53176965B9346C1EB3C.d.7F009BBB575131EA203BE3642A54669A.e.8408","ELEMENT":"f.7EA17D048601C53176965B9346C1EB3C.d.7F009BBB575131EA203BE3642A54669A.e.8408"}]}
COMMAND: POST /session/8d9404e4e9bea3f53a5c3520fcd44aec/execute/sync - {"script":"<script> [8489 bytes]","args":[{"element-6066-11e4-a52e-4f735466cecf":"f.7EA17D048601C53176965B9346C1EB3C.d.7F009BBB575131EA203BE3642A54669A.e.8408","ELEMENT":"f.7EA17D048601C53176965B9346C1EB3C.d.7F009BBB575131EA203BE3642A54669A.e.8408"}]}
COMMAND: GET /session/8d9404e4e9bea3f53a5c3520fcd44aec/screenshot - {}
RESULT: {}
RESULT: {"script":"<script> [8489 bytes]","args":[{"element-6066-11e4-a52e-4f735466cecf":"f.7EA17D048601C53176965B9346C1EB3C.d.7F009BBB575131EA203BE3642A54669A.e.8408","ELEMENT":"f.7EA17D048601C53176965B9346C1EB3C.d.7F009BBB575131EA203BE3642A54669A.e.8408"}]}
COMMAND: POST /session/8d9404e4e9bea3f53a5c3520fcd44aec/execute/sync - {"script":"<script> [5351 bytes]","args":[{"element-6066-11e4-a52e-4f735466cecf":"f.7EA17D048601C53176965B9346C1EB3C.d.7F009BBB575131EA203BE3642A54669A.e.8408","ELEMENT":"f.7EA17D048601C53176965B9346C1EB3C.d.7F009BBB575131EA203BE3642A54669A.e.8408"}]}
COMMAND: GET /session/8d9404e4e9bea3f53a5c3520fcd44aec/screenshot - {}
RESULT: {}
RESULT: {"script":"<script> [5351 bytes]","args":[{"element-6066-11e4-a52e-4f735466cecf":"f.7EA17D048601C53176965B9346C1EB3C.d.7F009BBB575131EA203BE3642A54669A.e.8408","ELEMENT":"f.7EA17D048601C53176965B9346C1EB3C.d.7F009BBB575131EA203BE3642A54669A.e.8408"}]}
COMMAND: GET /session/8d9404e4e9bea3f53a5c3520fcd44aec/screenshot - {}
COMMAND: POST /session/8d9404e4e9bea3f53a5c3520fcd44aec/execute/sync - {"script":"<script> [8489 bytes]","args":[{"element-6066-11e4-a52e-4f735466cecf":"f.7EA17D048601C53176965B9346C1EB3C.d.7F009BBB575131EA203BE3642A54669A.e.8408","ELEMENT":"f.7EA17D048601C53176965B9346C1EB3C.d.7F009BBB575131EA203BE3642A54669A.e.8408"}]}
RESULT: {}
RESULT: {}
RESULT: {"script":"<script> [8489 bytes]","args":[{"element-6066-11e4-a52e-4f735466cecf":"f.7EA17D048601C53176965B9346C1EB3C.d.7F009BBB575131EA203BE3642A54669A.e.8408","ELEMENT":"f.7EA17D048601C53176965B9346C1EB3C.d.7F009BBB575131EA203BE3642A54669A.e.8408"}]}
COMMAND: POST /session/8d9404e4e9bea3f53a5c3520fcd44aec/execute/sync - {"script":"<script> [5351 bytes]","args":[{"element-6066-11e4-a52e-4f735466cecf":"f.7EA17D048601C53176965B9346C1EB3C.d.7F009BBB575131EA203BE3642A54669A.e.8408","ELEMENT":"f.7EA17D048601C53176965B9346C1EB3C.d.7F009BBB575131EA203BE3642A54669A.e.8408"}]}
COMMAND: GET /session/8d9404e4e9bea3f53a5c3520fcd44aec/screenshot - {}
RESULT: {}
RESULT: {"script":"<script> [5351 bytes]","args":[{"element-6066-11e4-a52e-4f735466cecf":"f.7EA17D048601C53176965B9346C1EB3C.d.7F009BBB575131EA203BE3642A54669A.e.8408","ELEMENT":"f.7EA17D048601C53176965B9346C1EB3C.d.7F009BBB575131EA203BE3642A54669A.e.8408"}]}
COMMAND: GET /session/8d9404e4e9bea3f53a5c3520fcd44aec/screenshot - {}
COMMAND: POST /session/8d9404e4e9bea3f53a5c3520fcd44aec/execute/sync - {"script":"<script> [8489 bytes]","args":[{"element-6066-11e4-a52e-4f735466cecf":"f.7EA17D048601C53176965B9346C1EB3C.d.7F009BBB575131EA203BE3642A54669A.e.8408","ELEMENT":"f.7EA17D048601C53176965B9346C1EB3C.d.7F009BBB575131EA203BE3642A54669A.e.8408"}]}
RESULT: {"script":"<script> [8489 bytes]","args":[{"element-6066-11e4-a52e-4f735466cecf":"f.7EA17D048601C53176965B9346C1EB3C.d.7F009BBB575131EA203BE3642A54669A.e.8408","ELEMENT":"f.7EA17D048601C53176965B9346C1EB3C.d.7F009BBB575131EA203BE3642A54669A.e.8408"}]}
COMMAND: POST /session/8d9404e4e9bea3f53a5c3520fcd44aec/execute/sync - {"script":"<script> [5351 bytes]","args":[{"element-6066-11e4-a52e-4f735466cecf":"f.7EA17D048601C53176965B9346C1EB3C.d.7F009BBB575131EA203BE3642A54669A.e.8408","ELEMENT":"f.7EA17D048601C53176965B9346C1EB3C.d.7F009BBB575131EA203BE3642A54669A.e.8408"}]}
COMMAND: GET /session/8d9404e4e9bea3f53a5c3520fcd44aec/screenshot - {}
RESULT: {}
RESULT: {"script":"<script> [5351 bytes]","args":[{"element-6066-11e4-a52e-4f735466cecf":"f.7EA17D048601C53176965B9346C1EB3C.d.7F009BBB575131EA203BE3642A54669A.e.8408","ELEMENT":"f.7EA17D048601C53176965B9346C1EB3C.d.7F009BBB575131EA203BE3642A54669A.e.8408"}]}
COMMAND: POST /session/8d9404e4e9bea3f53a5c3520fcd44aec/execute/sync - {"script":"<script> [8489 bytes]","args":[{"element-6066-11e4-a52e-4f735466cecf":"f.7EA17D048601C53176965B9346C1EB3C.d.7F009BBB575131EA203BE3642A54669A.e.8408","ELEMENT":"f.7EA17D048601C53176965B9346C1EB3C.d.7F009BBB575131EA203BE3642A54669A.e.8408"}]}
COMMAND: GET /session/8d9404e4e9bea3f53a5c3520fcd44aec/screenshot - {}
RESULT: {}
RESULT: {"script":"<script> [8489 bytes]","args":[{"element-6066-11e4-a52e-4f735466cecf":"f.7EA17D048601C53176965B9346C1EB3C.d.7F009BBB575131EA203BE3642A54669A.e.8408","ELEMENT":"f.7EA17D048601C53176965B9346C1EB3C.d.7F009BBB575131EA203BE3642A54669A.e.8408"}]}
COMMAND: POST /session/8d9404e4e9bea3f53a5c3520fcd44aec/execute/sync - {"script":"<script> [5351 bytes]","args":[{"element-6066-11e4-a52e-4f735466cecf":"f.7EA17D048601C53176965B9346C1EB3C.d.7F009BBB575131EA203BE3642A54669A.e.8408","ELEMENT":"f.7EA17D048601C53176965B9346C1EB3C.d.7F009BBB575131EA203BE3642A54669A.e.8408"}]}
COMMAND: GET /session/8d9404e4e9bea3f53a5c3520fcd44aec/screenshot - {}
RESULT: {}
RESULT: {}
RESULT: {"script":"<script> [5351 bytes]","args":[{"element-6066-11e4-a52e-4f735466cecf":"f.7EA17D048601C53176965B9346C1EB3C.d.7F009BBB575131EA203BE3642A54669A.e.8408","ELEMENT":"f.7EA17D048601C53176965B9346C1EB3C.d.7F009BBB575131EA203BE3642A54669A.e.8408"}]}
COMMAND: POST /session/8d9404e4e9bea3f53a5c3520fcd44aec/execute/sync - {"script":"<script> [8489 bytes]","args":[{"element-6066-11e4-a52e-4f735466cecf":"f.7EA17D048601C53176965B9346C1EB3C.d.7F009BBB575131EA203BE3642A54669A.e.8408","ELEMENT":"f.7EA17D048601C53176965B9346C1EB3C.d.7F009BBB575131EA203BE3642A54669A.e.8408"}]}
COMMAND: GET /session/8d9404e4e9bea3f53a5c3520fcd44aec/screenshot - {}
RESULT: {"script":"<script> [8489 bytes]","args":[{"element-6066-11e4-a52e-4f735466cecf":"f.7EA17D048601C53176965B9346C1EB3C.d.7F009BBB575131EA203BE3642A54669A.e.8408","ELEMENT":"f.7EA17D048601C53176965B9346C1EB3C.d.7F009BBB575131EA203BE3642A54669A.e.8408"}]}
COMMAND: POST /session/8d9404e4e9bea3f53a5c3520fcd44aec/execute/sync - {"script":"<script> [5351 bytes]","args":[{"element-6066-11e4-a52e-4f735466cecf":"f.7EA17D048601C53176965B9346C1EB3C.d.7F009BBB575131EA203BE3642A54669A.e.8408","ELEMENT":"f.7EA17D048601C53176965B9346C1EB3C.d.7F009BBB575131EA203BE3642A54669A.e.8408"}]}
COMMAND: GET /session/8d9404e4e9bea3f53a5c3520fcd44aec/screenshot - {}
RESULT: {}
RESULT: {"script":"<script> [5351 bytes]","args":[{"element-6066-11e4-a52e-4f735466cecf":"f.7EA17D048601C53176965B9346C1EB3C.d.7F009BBB575131EA203BE3642A54669A.e.8408","ELEMENT":"f.7EA17D048601C53176965B9346C1EB3C.d.7F009BBB575131EA203BE3642A54669A.e.8408"}]}
COMMAND: GET /session/8d9404e4e9bea3f53a5c3520fcd44aec/screenshot - {}
COMMAND: POST /session/8d9404e4e9bea3f53a5c3520fcd44aec/execute/sync - {"script":"<script> [8489 bytes]","args":[{"element-6066-11e4-a52e-4f735466cecf":"f.7EA17D048601C53176965B9346C1EB3C.d.7F009BBB575131EA203BE3642A54669A.e.8408","ELEMENT":"f.7EA17D048601C53176965B9346C1EB3C.d.7F009BBB575131EA203BE3642A54669A.e.8408"}]}
RESULT: {}
RESULT: {}
RESULT: {"script":"<script> [8489 bytes]","args":[{"element-6066-11e4-a52e-4f735466cecf":"f.7EA17D048601C53176965B9346C1EB3C.d.7F009BBB575131EA203BE3642A54669A.e.8408","ELEMENT":"f.7EA17D048601C53176965B9346C1EB3C.d.7F009BBB575131EA203BE3642A54669A.e.8408"}]}
COMMAND: POST /session/8d9404e4e9bea3f53a5c3520fcd44aec/execute/sync - {"script":"<script> [5351 bytes]","args":[{"element-6066-11e4-a52e-4f735466cecf":"f.7EA17D048601C53176965B9346C1EB3C.d.7F009BBB575131EA203BE3642A54669A.e.8408","ELEMENT":"f.7EA17D048601C53176965B9346C1EB3C.d.7F009BBB575131EA203BE3642A54669A.e.8408"}]}
COMMAND: GET /session/8d9404e4e9bea3f53a5c3520fcd44aec/screenshot - {}
RESULT: {"script":"<script> [5351 bytes]","args":[{"element-6066-11e4-a52e-4f735466cecf":"f.7EA17D048601C53176965B9346C1EB3C.d.7F009BBB575131EA203BE3642A54669A.e.8408","ELEMENT":"f.7EA17D048601C53176965B9346C1EB3C.d.7F009BBB575131EA203BE3642A54669A.e.8408"}]}
COMMAND: GET /session/8d9404e4e9bea3f53a5c3520fcd44aec/screenshot - {}
COMMAND: POST /session/8d9404e4e9bea3f53a5c3520fcd44aec/execute/sync - {"script":"<script> [8489 bytes]","args":[{"element-6066-11e4-a52e-4f735466cecf":"f.7EA17D048601C53176965B9346C1EB3C.d.7F009BBB575131EA203BE3642A54669A.e.8408","ELEMENT":"f.7EA17D048601C53176965B9346C1EB3C.d.7F009BBB575131EA203BE3642A54669A.e.8408"}]}
RESULT: {}
RESULT: {"script":"<script> [8489 bytes]","args":[{"element-6066-11e4-a52e-4f735466cecf":"f.7EA17D048601C53176965B9346C1EB3C.d.7F009BBB575131EA203BE3642A54669A.e.8408","ELEMENT":"f.7EA17D048601C53176965B9346C1EB3C.d.7F009BBB575131EA203BE3642A54669A.e.8408"}]}
COMMAND: POST /session/8d9404e4e9bea3f53a5c3520fcd44aec/execute/sync - {"script":"<script> [5351 bytes]","args":[{"element-6066-11e4-a52e-4f735466cecf":"f.7EA17D048601C53176965B9346C1EB3C.d.7F009BBB575131EA203BE3642A54669A.e.8408","ELEMENT":"f.7EA17D048601C53176965B9346C1EB3C.d.7F009BBB575131EA203BE3642A54669A.e.8408"}]}
COMMAND: GET /session/8d9404e4e9bea3f53a5c3520fcd44aec/screenshot - {}
RESULT: {}
RESULT: {"script":"<script> [5351 bytes]","args":[{"element-6066-11e4-a52e-4f735466cecf":"f.7EA17D048601C53176965B9346C1EB3C.d.7F009BBB575131EA203BE3642A54669A.e.8408","ELEMENT":"f.7EA17D048601C53176965B9346C1EB3C.d.7F009BBB575131EA203BE3642A54669A.e.8408"}]}
COMMAND: POST /session/8d9404e4e9bea3f53a5c3520fcd44aec/execute/sync - {"script":"<script> [8489 bytes]","args":[{"element-6066-11e4-a52e-4f735466cecf":"f.7EA17D048601C53176965B9346C1EB3C.d.7F009BBB575131EA203BE3642A54669A.e.8408","ELEMENT":"f.7EA17D048601C53176965B9346C1EB3C.d.7F009BBB575131EA203BE3642A54669A.e.8408"}]}
COMMAND: GET /session/8d9404e4e9bea3f53a5c3520fcd44aec/screenshot - {}
RESULT: {}
RESULT: {"script":"<script> [8489 bytes]","args":[{"element-6066-11e4-a52e-4f735466cecf":"f.7EA17D048601C53176965B9346C1EB3C.d.7F009BBB575131EA203BE3642A54669A.e.8408","ELEMENT":"f.7EA17D048601C53176965B9346C1EB3C.d.7F009BBB575131EA203BE3642A54669A.e.8408"}]}
COMMAND: POST /session/8d9404e4e9bea3f53a5c3520fcd44aec/execute/sync - {"script":"<script> [5351 bytes]","args":[{"element-6066-11e4-a52e-4f735466cecf":"f.7EA17D048601C53176965B9346C1EB3C.d.7F009BBB575131EA203BE3642A54669A.e.8408","ELEMENT":"f.7EA17D048601C53176965B9346C1EB3C.d.7F009BBB575131EA203BE3642A54669A.e.8408"}]}
COMMAND: GET /session/8d9404e4e9bea3f53a5c3520fcd44aec/screenshot - {}
RESULT: {}
RESULT: {"script":"<script> [5351 bytes]","args":[{"element-6066-11e4-a52e-4f735466cecf":"f.7EA17D048601C53176965B9346C1EB3C.d.7F009BBB575131EA203BE3642A54669A.e.8408","ELEMENT":"f.7EA17D048601C53176965B9346C1EB3C.d.7F009BBB575131EA203BE3642A54669A.e.8408"}]}
COMMAND: POST /session/8d9404e4e9bea3f53a5c3520fcd44aec/execute/sync - {"script":"<script> [8489 bytes]","args":[{"element-6066-11e4-a52e-4f735466cecf":"f.7EA17D048601C53176965B9346C1EB3C.d.7F009BBB575131EA203BE3642A54669A.e.8408","ELEMENT":"f.7EA17D048601C53176965B9346C1EB3C.d.7F009BBB575131EA203BE3642A54669A.e.8408"}]}
COMMAND: GET /session/8d9404e4e9bea3f53a5c3520fcd44aec/screenshot - {}
RESULT: {}
RESULT: {"script":"<script> [8489 bytes]","args":[{"element-6066-11e4-a52e-4f735466cecf":"f.7EA17D048601C53176965B9346C1EB3C.d.7F009BBB575131EA203BE3642A54669A.e.8408","ELEMENT":"f.7EA17D048601C53176965B9346C1EB3C.d.7F009BBB575131EA203BE3642A54669A.e.8408"}]}
COMMAND: POST /session/8d9404e4e9bea3f53a5c3520fcd44aec/execute/sync - {"script":"<script> [5351 bytes]","args":[{"element-6066-11e4-a52e-4f735466cecf":"f.7EA17D048601C53176965B9346C1EB3C.d.7F009BBB575131EA203BE3642A54669A.e.8408","ELEMENT":"f.7EA17D048601C53176965B9346C1EB3C.d.7F009BBB575131EA203BE3642A54669A.e.8408"}]}
COMMAND: GET /session/8d9404e4e9bea3f53a5c3520fcd44aec/screenshot - {}
RESULT: {}
RESULT: {}
RESULT: {"script":"<script> [5351 bytes]","args":[{"element-6066-11e4-a52e-4f735466cecf":"f.7EA17D048601C53176965B9346C1EB3C.d.7F009BBB575131EA203BE3642A54669A.e.8408","ELEMENT":"f.7EA17D048601C53176965B9346C1EB3C.d.7F009BBB575131EA203BE3642A54669A.e.8408"}]}
COMMAND: POST /session/8d9404e4e9bea3f53a5c3520fcd44aec/execute/sync - {"script":"<script> [8489 bytes]","args":[{"element-6066-11e4-a52e-4f735466cecf":"f.7EA17D048601C53176965B9346C1EB3C.d.7F009BBB575131EA203BE3642A54669A.e.8408","ELEMENT":"f.7EA17D048601C53176965B9346C1EB3C.d.7F009BBB575131EA203BE3642A54669A.e.8408"}]}
COMMAND: GET /session/8d9404e4e9bea3f53a5c3520fcd44aec/screenshot - {}
RESULT: {"script":"<script> [8489 bytes]","args":[{"element-6066-11e4-a52e-4f735466cecf":"f.7EA17D048601C53176965B9346C1EB3C.d.7F009BBB575131EA203BE3642A54669A.e.8408","ELEMENT":"f.7EA17D048601C53176965B9346C1EB3C.d.7F009BBB575131EA203BE3642A54669A.e.8408"}]}
COMMAND: POST /session/8d9404e4e9bea3f53a5c3520fcd44aec/execute/sync - {"script":"<script> [5351 bytes]","args":[{"element-6066-11e4-a52e-4f735466cecf":"f.7EA17D048601C53176965B9346C1EB3C.d.7F009BBB575131EA203BE3642A54669A.e.8408","ELEMENT":"f.7EA17D048601C53176965B9346C1EB3C.d.7F009BBB575131EA203BE3642A54669A.e.8408"}]}
COMMAND: GET /session/8d9404e4e9bea3f53a5c3520fcd44aec/screenshot - {}
RESULT: {}
RESULT: {"script":"<script> [5351 bytes]","args":[{"element-6066-11e4-a52e-4f735466cecf":"f.7EA17D048601C53176965B9346C1EB3C.d.7F009BBB575131EA203BE3642A54669A.e.8408","ELEMENT":"f.7EA17D048601C53176965B9346C1EB3C.d.7F009BBB575131EA203BE3642A54669A.e.8408"}]}
COMMAND: GET /session/8d9404e4e9bea3f53a5c3520fcd44aec/screenshot - {}
COMMAND: POST /session/8d9404e4e9bea3f53a5c3520fcd44aec/execute/sync - {"script":"<script> [8489 bytes]","args":[{"element-6066-11e4-a52e-4f735466cecf":"f.7EA17D048601C53176965B9346C1EB3C.d.7F009BBB575131EA203BE3642A54669A.e.8408","ELEMENT":"f.7EA17D048601C53176965B9346C1EB3C.d.7F009BBB575131EA203BE3642A54669A.e.8408"}]}
RESULT: {}
RESULT: {}
RESULT: {"script":"<script> [8489 bytes]","args":[{"element-6066-11e4-a52e-4f735466cecf":"f.7EA17D048601C53176965B9346C1EB3C.d.7F009BBB575131EA203BE3642A54669A.e.8408","ELEMENT":"f.7EA17D048601C53176965B9346C1EB3C.d.7F009BBB575131EA203BE3642A54669A.e.8408"}]}
COMMAND: POST /session/8d9404e4e9bea3f53a5c3520fcd44aec/execute/sync - {"script":"<script> [5351 bytes]","args":[{"element-6066-11e4-a52e-4f735466cecf":"f.7EA17D048601C53176965B9346C1EB3C.d.7F009BBB575131EA203BE3642A54669A.e.8408","ELEMENT":"f.7EA17D048601C53176965B9346C1EB3C.d.7F009BBB575131EA203BE3642A54669A.e.8408"}]}
COMMAND: GET /session/8d9404e4e9bea3f53a5c3520fcd44aec/screenshot - {}
RESULT: {"script":"<script> [5351 bytes]","args":[{"element-6066-11e4-a52e-4f735466cecf":"f.7EA17D048601C53176965B9346C1EB3C.d.7F009BBB575131EA203BE3642A54669A.e.8408","ELEMENT":"f.7EA17D048601C53176965B9346C1EB3C.d.7F009BBB575131EA203BE3642A54669A.e.8408"}]}
COMMAND: GET /session/8d9404e4e9bea3f53a5c3520fcd44aec/screenshot - {}
COMMAND: POST /session/8d9404e4e9bea3f53a5c3520fcd44aec/execute/sync - {"script":"<script> [8489 bytes]","args":[{"element-6066-11e4-a52e-4f735466cecf":"f.7EA17D048601C53176965B9346C1EB3C.d.7F009BBB575131EA203BE3642A54669A.e.8408","ELEMENT":"f.7EA17D048601C53176965B9346C1EB3C.d.7F009BBB575131EA203BE3642A54669A.e.8408"}]}
RESULT: {}
RESULT: {"script":"<script> [8489 bytes]","args":[{"element-6066-11e4-a52e-4f735466cecf":"f.7EA17D048601C53176965B9346C1EB3C.d.7F009BBB575131EA203BE3642A54669A.e.8408","ELEMENT":"f.7EA17D048601C53176965B9346C1EB3C.d.7F009BBB575131EA203BE3642A54669A.e.8408"}]}
COMMAND: POST /session/8d9404e4e9bea3f53a5c3520fcd44aec/execute/sync - {"script":"<script> [5351 bytes]","args":[{"element-6066-11e4-a52e-4f735466cecf":"f.7EA17D048601C53176965B9346C1EB3C.d.7F009BBB575131EA203BE3642A54669A.e.8408","ELEMENT":"f.7EA17D048601C53176965B9346C1EB3C.d.7F009BBB575131EA203BE3642A54669A.e.8408"}]}
COMMAND: GET /session/8d9404e4e9bea3f53a5c3520fcd44aec/screenshot - {}
RESULT: {}
RESULT: {"script":"<script> [5351 bytes]","args":[{"element-6066-11e4-a52e-4f735466cecf":"f.7EA17D048601C53176965B9346C1EB3C.d.7F009BBB575131EA203BE3642A54669A.e.8408","ELEMENT":"f.7EA17D048601C53176965B9346C1EB3C.d.7F009BBB575131EA203BE3642A54669A.e.8408"}]}
COMMAND: GET /session/8d9404e4e9bea3f53a5c3520fcd44aec/screenshot - {}
COMMAND: POST /session/8d9404e4e9bea3f53a5c3520fcd44aec/execute/sync - {"script":"<script> [8489 bytes]","args":[{"element-6066-11e4-a52e-4f735466cecf":"f.7EA17D048601C53176965B9346C1EB3C.d.7F009BBB575131EA203BE3642A54669A.e.8408","ELEMENT":"f.7EA17D048601C53176965B9346C1EB3C.d.7F009BBB575131EA203BE3642A54669A.e.8408"}]}
RESULT: {}
RESULT: {}
RESULT: {"script":"<script> [8489 bytes]","args":[{"element-6066-11e4-a52e-4f735466cecf":"f.7EA17D048601C53176965B9346C1EB3C.d.7F009BBB575131EA203BE3642A54669A.e.8408","ELEMENT":"f.7EA17D048601C53176965B9346C1EB3C.d.7F009BBB575131EA203BE3642A54669A.e.8408"}]}
COMMAND: POST /session/8d9404e4e9bea3f53a5c3520fcd44aec/execute/sync - {"script":"<script> [5351 bytes]","args":[{"element-6066-11e4-a52e-4f735466cecf":"f.7EA17D048601C53176965B9346C1EB3C.d.7F009BBB575131EA203BE3642A54669A.e.8408","ELEMENT":"f.7EA17D048601C53176965B9346C1EB3C.d.7F009BBB575131EA203BE3642A54669A.e.8408"}]}
COMMAND: GET /session/8d9404e4e9bea3f53a5c3520fcd44aec/screenshot - {}
RESULT: {"script":"<script> [5351 bytes]","args":[{"element-6066-11e4-a52e-4f735466cecf":"f.7EA17D048601C53176965B9346C1EB3C.d.7F009BBB575131EA203BE3642A54669A.e.8408","ELEMENT":"f.7EA17D048601C53176965B9346C1EB3C.d.7F009BBB575131EA203BE3642A54669A.e.8408"}]}
COMMAND: POST /session/8d9404e4e9bea3f53a5c3520fcd44aec/execute/sync - {"script":"<script> [8489 bytes]","args":[{"element-6066-11e4-a52e-4f735466cecf":"f.7EA17D048601C53176965B9346C1EB3C.d.7F009BBB575131EA203BE3642A54669A.e.8408","ELEMENT":"f.7EA17D048601C53176965B9346C1EB3C.d.7F009BBB575131EA203BE3642A54669A.e.8408"}]}
COMMAND: GET /session/8d9404e4e9bea3f53a5c3520fcd44aec/screenshot - {}
RESULT: {}
RESULT: {"script":"<script> [8489 bytes]","args":[{"element-6066-11e4-a52e-4f735466cecf":"f.7EA17D048601C53176965B9346C1EB3C.d.7F009BBB575131EA203BE3642A54669A.e.8408","ELEMENT":"f.7EA17D048601C53176965B9346C1EB3C.d.7F009BBB575131EA203BE3642A54669A.e.8408"}]}
COMMAND: POST /session/8d9404e4e9bea3f53a5c3520fcd44aec/execute/sync - {"script":"<script> [5351 bytes]","args":[{"element-6066-11e4-a52e-4f735466cecf":"f.7EA17D048601C53176965B9346C1EB3C.d.7F009BBB575131EA203BE3642A54669A.e.8408","ELEMENT":"f.7EA17D048601C53176965B9346C1EB3C.d.7F009BBB575131EA203BE3642A54669A.e.8408"}]}
COMMAND: GET /session/8d9404e4e9bea3f53a5c3520fcd44aec/screenshot - {}
RESULT: {}
RESULT: {"script":"<script> [5351 bytes]","args":[{"element-6066-11e4-a52e-4f735466cecf":"f.7EA17D048601C53176965B9346C1EB3C.d.7F009BBB575131EA203BE3642A54669A.e.8408","ELEMENT":"f.7EA17D048601C53176965B9346C1EB3C.d.7F009BBB575131EA203BE3642A54669A.e.8408"}]}
COMMAND: GET /session/8d9404e4e9bea3f53a5c3520fcd44aec/screenshot - {}
COMMAND: POST /session/8d9404e4e9bea3f53a5c3520fcd44aec/execute/sync - {"script":"<script> [8489 bytes]","args":[{"element-6066-11e4-a52e-4f735466cecf":"f.7EA17D048601C53176965B9346C1EB3C.d.7F009BBB575131EA203BE3642A54669A.e.8408","ELEMENT":"f.7EA17D048601C53176965B9346C1EB3C.d.7F009BBB575131EA203BE3642A54669A.e.8408"}]}
RESULT: {}
RESULT: {}
RESULT: {"script":"<script> [8489 bytes]","args":[{"element-6066-11e4-a52e-4f735466cecf":"f.7EA17D048601C53176965B9346C1EB3C.d.7F009BBB575131EA203BE3642A54669A.e.8408","ELEMENT":"f.7EA17D048601C53176965B9346C1EB3C.d.7F009BBB575131EA203BE3642A54669A.e.8408"}]}
COMMAND: POST /session/8d9404e4e9bea3f53a5c3520fcd44aec/execute/sync - {"script":"<script> [5351 bytes]","args":[{"element-6066-11e4-a52e-4f735466cecf":"f.7EA17D048601C53176965B9346C1EB3C.d.7F009BBB575131EA203BE3642A54669A.e.8408","ELEMENT":"f.7EA17D048601C53176965B9346C1EB3C.d.7F009BBB575131EA203BE3642A54669A.e.8408"}]}
COMMAND: GET /session/8d9404e4e9bea3f53a5c3520fcd44aec/screenshot - {}
RESULT: {}
RESULT: {"script":"<script> [5351 bytes]","args":[{"element-6066-11e4-a52e-4f735466cecf":"f.7EA17D048601C53176965B9346C1EB3C.d.7F009BBB575131EA203BE3642A54669A.e.8408","ELEMENT":"f.7EA17D048601C53176965B9346C1EB3C.d.7F009BBB575131EA203BE3642A54669A.e.8408"}]}
COMMAND: POST /session/8d9404e4e9bea3f53a5c3520fcd44aec/execute/sync - {"script":"<script> [8489 bytes]","args":[{"element-6066-11e4-a52e-4f735466cecf":"f.7EA17D048601C53176965B9346C1EB3C.d.7F009BBB575131EA203BE3642A54669A.e.8408","ELEMENT":"f.7EA17D048601C53176965B9346C1EB3C.d.7F009BBB575131EA203BE3642A54669A.e.8408"}]}
COMMAND: GET /session/8d9404e4e9bea3f53a5c3520fcd44aec/screenshot - {}
RESULT: {"script":"<script> [8489 bytes]","args":[{"element-6066-11e4-a52e-4f735466cecf":"f.7EA17D048601C53176965B9346C1EB3C.d.7F009BBB575131EA203BE3642A54669A.e.8408","ELEMENT":"f.7EA17D048601C53176965B9346C1EB3C.d.7F009BBB575131EA203BE3642A54669A.e.8408"}]}
COMMAND: POST /session/8d9404e4e9bea3f53a5c3520fcd44aec/execute/sync - {"script":"<script> [5351 bytes]","args":[{"element-6066-11e4-a52e-4f735466cecf":"f.7EA17D048601C53176965B9346C1EB3C.d.7F009BBB575131EA203BE3642A54669A.e.8408","ELEMENT":"f.7EA17D048601C53176965B9346C1EB3C.d.7F009BBB575131EA203BE3642A54669A.e.8408"}]}
COMMAND: GET /session/8d9404e4e9bea3f53a5c3520fcd44aec/screenshot - {}
RESULT: {}
RESULT: {"script":"<script> [5351 bytes]","args":[{"element-6066-11e4-a52e-4f735466cecf":"f.7EA17D048601C53176965B9346C1EB3C.d.7F009BBB575131EA203BE3642A54669A.e.8408","ELEMENT":"f.7EA17D048601C53176965B9346C1EB3C.d.7F009BBB575131EA203BE3642A54669A.e.8408"}]}
COMMAND: GET /session/8d9404e4e9bea3f53a5c3520fcd44aec/screenshot - {}
COMMAND: POST /session/8d9404e4e9bea3f53a5c3520fcd44aec/execute/sync - {"script":"<script> [8489 bytes]","args":[{"element-6066-11e4-a52e-4f735466cecf":"f.7EA17D048601C53176965B9346C1EB3C.d.7F009BBB575131EA203BE3642A54669A.e.8408","ELEMENT":"f.7EA17D048601C53176965B9346C1EB3C.d.7F009BBB575131EA203BE3642A54669A.e.8408"}]}
RESULT: {}
RESULT: {}
RESULT: {"script":"<script> [8489 bytes]","args":[{"element-6066-11e4-a52e-4f735466cecf":"f.7EA17D048601C53176965B9346C1EB3C.d.7F009BBB575131EA203BE3642A54669A.e.8408","ELEMENT":"f.7EA17D048601C53176965B9346C1EB3C.d.7F009BBB575131EA203BE3642A54669A.e.8408"}]}
COMMAND: POST /session/8d9404e4e9bea3f53a5c3520fcd44aec/execute/sync - {"script":"<script> [5351 bytes]","args":[{"element-6066-11e4-a52e-4f735466cecf":"f.7EA17D048601C53176965B9346C1EB3C.d.7F009BBB575131EA203BE3642A54669A.e.8408","ELEMENT":"f.7EA17D048601C53176965B9346C1EB3C.d.7F009BBB575131EA203BE3642A54669A.e.8408"}]}
COMMAND: GET /session/8d9404e4e9bea3f53a5c3520fcd44aec/screenshot - {}
RESULT: {"script":"<script> [5351 bytes]","args":[{"element-6066-11e4-a52e-4f735466cecf":"f.7EA17D048601C53176965B9346C1EB3C.d.7F009BBB575131EA203BE3642A54669A.e.8408","ELEMENT":"f.7EA17D048601C53176965B9346C1EB3C.d.7F009BBB575131EA203BE3642A54669A.e.8408"}]}
COMMAND: GET /session/8d9404e4e9bea3f53a5c3520fcd44aec/screenshot - {}
COMMAND: POST /session/8d9404e4e9bea3f53a5c3520fcd44aec/execute/sync - {"script":"<script> [8489 bytes]","args":[{"element-6066-11e4-a52e-4f735466cecf":"f.7EA17D048601C53176965B9346C1EB3C.d.7F009BBB575131EA203BE3642A54669A.e.8408","ELEMENT":"f.7EA17D048601C53176965B9346C1EB3C.d.7F009BBB575131EA203BE3642A54669A.e.8408"}]}
RESULT: {}
RESULT: {}
RESULT: {"script":"<script> [8489 bytes]","args":[{"element-6066-11e4-a52e-4f735466cecf":"f.7EA17D048601C53176965B9346C1EB3C.d.7F009BBB575131EA203BE3642A54669A.e.8408","ELEMENT":"f.7EA17D048601C53176965B9346C1EB3C.d.7F009BBB575131EA203BE3642A54669A.e.8408"}]}
COMMAND: POST /session/8d9404e4e9bea3f53a5c3520fcd44aec/execute/sync - {"script":"<script> [5351 bytes]","args":[{"element-6066-11e4-a52e-4f735466cecf":"f.7EA17D048601C53176965B9346C1EB3C.d.7F009BBB575131EA203BE3642A54669A.e.8408","ELEMENT":"f.7EA17D048601C53176965B9346C1EB3C.d.7F009BBB575131EA203BE3642A54669A.e.8408"}]}
COMMAND: GET /session/8d9404e4e9bea3f53a5c3520fcd44aec/screenshot - {}
RESULT: {"script":"<script> [5351 bytes]","args":[{"element-6066-11e4-a52e-4f735466cecf":"f.7EA17D048601C53176965B9346C1EB3C.d.7F009BBB575131EA203BE3642A54669A.e.8408","ELEMENT":"f.7EA17D048601C53176965B9346C1EB3C.d.7F009BBB575131EA203BE3642A54669A.e.8408"}]}
COMMAND: POST /session/8d9404e4e9bea3f53a5c3520fcd44aec/execute/sync - {"script":"<script> [8489 bytes]","args":[{"element-6066-11e4-a52e-4f735466cecf":"f.7EA17D048601C53176965B9346C1EB3C.d.7F009BBB575131EA203BE3642A54669A.e.8408","ELEMENT":"f.7EA17D048601C53176965B9346C1EB3C.d.7F009BBB575131EA203BE3642A54669A.e.8408"}]}
COMMAND: GET /session/8d9404e4e9bea3f53a5c3520fcd44aec/screenshot - {}
RESULT: {}
RESULT: {"script":"<script> [8489 bytes]","args":[{"element-6066-11e4-a52e-4f735466cecf":"f.7EA17D048601C53176965B9346C1EB3C.d.7F009BBB575131EA203BE3642A54669A.e.8408","ELEMENT":"f.7EA17D048601C53176965B9346C1EB3C.d.7F009BBB575131EA203BE3642A54669A.e.8408"}]}
COMMAND: POST /session/8d9404e4e9bea3f53a5c3520fcd44aec/execute/sync - {"script":"<script> [5351 bytes]","args":[{"element-6066-11e4-a52e-4f735466cecf":"f.7EA17D048601C53176965B9346C1EB3C.d.7F009BBB575131EA203BE3642A54669A.e.8408","ELEMENT":"f.7EA17D048601C53176965B9346C1EB3C.d.7F009BBB575131EA203BE3642A54669A.e.8408"}]}
COMMAND: GET /session/8d9404e4e9bea3f53a5c3520fcd44aec/screenshot - {}
RESULT: {}
RESULT: {"script":"<script> [5351 bytes]","args":[{"element-6066-11e4-a52e-4f735466cecf":"f.7EA17D048601C53176965B9346C1EB3C.d.7F009BBB575131EA203BE3642A54669A.e.8408","ELEMENT":"f.7EA17D048601C53176965B9346C1EB3C.d.7F009BBB575131EA203BE3642A54669A.e.8408"}]}
COMMAND: POST /session/8d9404e4e9bea3f53a5c3520fcd44aec/execute/sync - {"script":"<script> [8489 bytes]","args":[{"element-6066-11e4-a52e-4f735466cecf":"f.7EA17D048601C53176965B9346C1EB3C.d.7F009BBB575131EA203BE3642A54669A.e.8408","ELEMENT":"f.7EA17D048601C53176965B9346C1EB3C.d.7F009BBB575131EA203BE3642A54669A.e.8408"}]}
COMMAND: GET /session/8d9404e4e9bea3f53a5c3520fcd44aec/screenshot - {}
RESULT: {}
RESULT: {"script":"<script> [8489 bytes]","args":[{"element-6066-11e4-a52e-4f735466cecf":"f.7EA17D048601C53176965B9346C1EB3C.d.7F009BBB575131EA203BE3642A54669A.e.8408","ELEMENT":"f.7EA17D048601C53176965B9346C1EB3C.d.7F009BBB575131EA203BE3642A54669A.e.8408"}]}
COMMAND: POST /session/8d9404e4e9bea3f53a5c3520fcd44aec/execute/sync - {"script":"<script> [5351 bytes]","args":[{"element-6066-11e4-a52e-4f735466cecf":"f.7EA17D048601C53176965B9346C1EB3C.d.7F009BBB575131EA203BE3642A54669A.e.8408","ELEMENT":"f.7EA17D048601C53176965B9346C1EB3C.d.7F009BBB575131EA203BE3642A54669A.e.8408"}]}
COMMAND: GET /session/8d9404e4e9bea3f53a5c3520fcd44aec/screenshot - {}
RESULT: {}
RESULT: {"script":"<script> [5351 bytes]","args":[{"element-6066-11e4-a52e-4f735466cecf":"f.7EA17D048601C53176965B9346C1EB3C.d.7F009BBB575131EA203BE3642A54669A.e.8408","ELEMENT":"f.7EA17D048601C53176965B9346C1EB3C.d.7F009BBB575131EA203BE3642A54669A.e.8408"}]}
COMMAND: POST /session/8d9404e4e9bea3f53a5c3520fcd44aec/execute/sync - {"script":"<script> [8489 bytes]","args":[{"element-6066-11e4-a52e-4f735466cecf":"f.7EA17D048601C53176965B9346C1EB3C.d.7F009BBB575131EA203BE3642A54669A.e.8408","ELEMENT":"f.7EA17D048601C53176965B9346C1EB3C.d.7F009BBB575131EA203BE3642A54669A.e.8408"}]}
COMMAND: GET /session/8d9404e4e9bea3f53a5c3520fcd44aec/screenshot - {}
RESULT: {}
RESULT: {"script":"<script> [8489 bytes]","args":[{"element-6066-11e4-a52e-4f735466cecf":"f.7EA17D048601C53176965B9346C1EB3C.d.7F009BBB575131EA203BE3642A54669A.e.8408","ELEMENT":"f.7EA17D048601C53176965B9346C1EB3C.d.7F009BBB575131EA203BE3642A54669A.e.8408"}]}
COMMAND: POST /session/8d9404e4e9bea3f53a5c3520fcd44aec/execute/sync - {"script":"<script> [5351 bytes]","args":[{"element-6066-11e4-a52e-4f735466cecf":"f.7EA17D048601C53176965B9346C1EB3C.d.7F009BBB575131EA203BE3642A54669A.e.8408","ELEMENT":"f.7EA17D048601C53176965B9346C1EB3C.d.7F009BBB575131EA203BE3642A54669A.e.8408"}]}
COMMAND: GET /session/8d9404e4e9bea3f53a5c3520fcd44aec/screenshot - {}
RESULT: {}
RESULT: {"script":"<script> [5351 bytes]","args":[{"element-6066-11e4-a52e-4f735466cecf":"f.7EA17D048601C53176965B9346C1EB3C.d.7F009BBB575131EA203BE3642A54669A.e.8408","ELEMENT":"f.7EA17D048601C53176965B9346C1EB3C.d.7F009BBB575131EA203BE3642A54669A.e.8408"}]}
COMMAND: GET /session/8d9404e4e9bea3f53a5c3520fcd44aec/screenshot - {}
COMMAND: POST /session/8d9404e4e9bea3f53a5c3520fcd44aec/execute/sync - {"script":"<script> [8489 bytes]","args":[{"element-6066-11e4-a52e-4f735466cecf":"f.7EA17D048601C53176965B9346C1EB3C.d.7F009BBB575131EA203BE3642A54669A.e.8408","ELEMENT":"f.7EA17D048601C53176965B9346C1EB3C.d.7F009BBB575131EA203BE3642A54669A.e.8408"}]}
RESULT: {}
RESULT: {"script":"<script> [8489 bytes]","args":[{"element-6066-11e4-a52e-4f735466cecf":"f.7EA17D048601C53176965B9346C1EB3C.d.7F009BBB575131EA203BE3642A54669A.e.8408","ELEMENT":"f.7EA17D048601C53176965B9346C1EB3C.d.7F009BBB575131EA203BE3642A54669A.e.8408"}]}
COMMAND: POST /session/8d9404e4e9bea3f53a5c3520fcd44aec/execute/sync - {"script":"<script> [5351 bytes]","args":[{"element-6066-11e4-a52e-4f735466cecf":"f.7EA17D048601C53176965B9346C1EB3C.d.7F009BBB575131EA203BE3642A54669A.e.8408","ELEMENT":"f.7EA17D048601C53176965B9346C1EB3C.d.7F009BBB575131EA203BE3642A54669A.e.8408"}]}
COMMAND: GET /session/8d9404e4e9bea3f53a5c3520fcd44aec/screenshot - {}
RESULT: {}
RESULT: {"script":"<script> [5351 bytes]","args":[{"element-6066-11e4-a52e-4f735466cecf":"f.7EA17D048601C53176965B9346C1EB3C.d.7F009BBB575131EA203BE3642A54669A.e.8408","ELEMENT":"f.7EA17D048601C53176965B9346C1EB3C.d.7F009BBB575131EA203BE3642A54669A.e.8408"}]}
COMMAND: POST /session/8d9404e4e9bea3f53a5c3520fcd44aec/execute/sync - {"script":"<script> [8489 bytes]","args":[{"element-6066-11e4-a52e-4f735466cecf":"f.7EA17D048601C53176965B9346C1EB3C.d.7F009BBB575131EA203BE3642A54669A.e.8408","ELEMENT":"f.7EA17D048601C53176965B9346C1EB3C.d.7F009BBB575131EA203BE3642A54669A.e.8408"}]}
COMMAND: GET /session/8d9404e4e9bea3f53a5c3520fcd44aec/screenshot - {}
RESULT: {}
RESULT: {"script":"<script> [8489 bytes]","args":[{"element-6066-11e4-a52e-4f735466cecf":"f.7EA17D048601C53176965B9346C1EB3C.d.7F009BBB575131EA203BE3642A54669A.e.8408","ELEMENT":"f.7EA17D048601C53176965B9346C1EB3C.d.7F009BBB575131EA203BE3642A54669A.e.8408"}]}
COMMAND: POST /session/8d9404e4e9bea3f53a5c3520fcd44aec/execute/sync - {"script":"<script> [5351 bytes]","args":[{"element-6066-11e4-a52e-4f735466cecf":"f.7EA17D048601C53176965B9346C1EB3C.d.7F009BBB575131EA203BE3642A54669A.e.8408","ELEMENT":"f.7EA17D048601C53176965B9346C1EB3C.d.7F009BBB575131EA203BE3642A54669A.e.8408"}]}
COMMAND: GET /session/8d9404e4e9bea3f53a5c3520fcd44aec/screenshot - {}
RESULT: {}
RESULT: {"script":"<script> [5351 bytes]","args":[{"element-6066-11e4-a52e-4f735466cecf":"f.7EA17D048601C53176965B9346C1EB3C.d.7F009BBB575131EA203BE3642A54669A.e.8408","ELEMENT":"f.7EA17D048601C53176965B9346C1EB3C.d.7F009BBB575131EA203BE3642A54669A.e.8408"}]}
COMMAND: POST /session/8d9404e4e9bea3f53a5c3520fcd44aec/execute/sync - {"script":"<script> [8489 bytes]","args":[{"element-6066-11e4-a52e-4f735466cecf":"f.7EA17D048601C53176965B9346C1EB3C.d.7F009BBB575131EA203BE3642A54669A.e.8408","ELEMENT":"f.7EA17D048601C53176965B9346C1EB3C.d.7F009BBB575131EA203BE3642A54669A.e.8408"}]}
COMMAND: GET /session/8d9404e4e9bea3f53a5c3520fcd44aec/screenshot - {}
RESULT: {}
RESULT: {"script":"<script> [8489 bytes]","args":[{"element-6066-11e4-a52e-4f735466cecf":"f.7EA17D048601C53176965B9346C1EB3C.d.7F009BBB575131EA203BE3642A54669A.e.8408","ELEMENT":"f.7EA17D048601C53176965B9346C1EB3C.d.7F009BBB575131EA203BE3642A54669A.e.8408"}]}
COMMAND: POST /session/8d9404e4e9bea3f53a5c3520fcd44aec/execute/sync - {"script":"<script> [5351 bytes]","args":[{"element-6066-11e4-a52e-4f735466cecf":"f.7EA17D048601C53176965B9346C1EB3C.d.7F009BBB575131EA203BE3642A54669A.e.8408","ELEMENT":"f.7EA17D048601C53176965B9346C1EB3C.d.7F009BBB575131EA203BE3642A54669A.e.8408"}]}
COMMAND: GET /session/8d9404e4e9bea3f53a5c3520fcd44aec/screenshot - {}
RESULT: {}
RESULT: {"script":"<script> [5351 bytes]","args":[{"element-6066-11e4-a52e-4f735466cecf":"f.7EA17D048601C53176965B9346C1EB3C.d.7F009BBB575131EA203BE3642A54669A.e.8408","ELEMENT":"f.7EA17D048601C53176965B9346C1EB3C.d.7F009BBB575131EA203BE3642A54669A.e.8408"}]}
COMMAND: POST /session/8d9404e4e9bea3f53a5c3520fcd44aec/execute/sync - {"script":"<script> [8489 bytes]","args":[{"element-6066-11e4-a52e-4f735466cecf":"f.7EA17D048601C53176965B9346C1EB3C.d.7F009BBB575131EA203BE3642A54669A.e.8408","ELEMENT":"f.7EA17D048601C53176965B9346C1EB3C.d.7F009BBB575131EA203BE3642A54669A.e.8408"}]}
COMMAND: GET /session/8d9404e4e9bea3f53a5c3520fcd44aec/screenshot - {}
RESULT: {}
RESULT: {"script":"<script> [8489 bytes]","args":[{"element-6066-11e4-a52e-4f735466cecf":"f.7EA17D048601C53176965B9346C1EB3C.d.7F009BBB575131EA203BE3642A54669A.e.8408","ELEMENT":"f.7EA17D048601C53176965B9346C1EB3C.d.7F009BBB575131EA203BE3642A54669A.e.8408"}]}
COMMAND: POST /session/8d9404e4e9bea3f53a5c3520fcd44aec/execute/sync - {"script":"<script> [5351 bytes]","args":[{"element-6066-11e4-a52e-4f735466cecf":"f.7EA17D048601C53176965B9346C1EB3C.d.7F009BBB575131EA203BE3642A54669A.e.8408","ELEMENT":"f.7EA17D048601C53176965B9346C1EB3C.d.7F009BBB575131EA203BE3642A54669A.e.8408"}]}
COMMAND: GET /session/8d9404e4e9bea3f53a5c3520fcd44aec/screenshot - {}
RESULT: {}
RESULT: {"script":"<script> [5351 bytes]","args":[{"element-6066-11e4-a52e-4f735466cecf":"f.7EA17D048601C53176965B9346C1EB3C.d.7F009BBB575131EA203BE3642A54669A.e.8408","ELEMENT":"f.7EA17D048601C53176965B9346C1EB3C.d.7F009BBB575131EA203BE3642A54669A.e.8408"}]}
COMMAND: POST /session/8d9404e4e9bea3f53a5c3520fcd44aec/execute/sync - {"script":"<script> [8489 bytes]","args":[{"element-6066-11e4-a52e-4f735466cecf":"f.7EA17D048601C53176965B9346C1EB3C.d.7F009BBB575131EA203BE3642A54669A.e.8408","ELEMENT":"f.7EA17D048601C53176965B9346C1EB3C.d.7F009BBB575131EA203BE3642A54669A.e.8408"}]}
COMMAND: GET /session/8d9404e4e9bea3f53a5c3520fcd44aec/screenshot - {}
RESULT: {}
RESULT: {"script":"<script> [8489 bytes]","args":[{"element-6066-11e4-a52e-4f735466cecf":"f.7EA17D048601C53176965B9346C1EB3C.d.7F009BBB575131EA203BE3642A54669A.e.8408","ELEMENT":"f.7EA17D048601C53176965B9346C1EB3C.d.7F009BBB575131EA203BE3642A54669A.e.8408"}]}
COMMAND: POST /session/8d9404e4e9bea3f53a5c3520fcd44aec/execute/sync - {"script":"<script> [5351 bytes]","args":[{"element-6066-11e4-a52e-4f735466cecf":"f.7EA17D048601C53176965B9346C1EB3C.d.7F009BBB575131EA203BE3642A54669A.e.8408","ELEMENT":"f.7EA17D048601C53176965B9346C1EB3C.d.7F009BBB575131EA203BE3642A54669A.e.8408"}]}
COMMAND: GET /session/8d9404e4e9bea3f53a5c3520fcd44aec/screenshot - {}
RESULT: {}
RESULT: {"script":"<script> [5351 bytes]","args":[{"element-6066-11e4-a52e-4f735466cecf":"f.7EA17D048601C53176965B9346C1EB3C.d.7F009BBB575131EA203BE3642A54669A.e.8408","ELEMENT":"f.7EA17D048601C53176965B9346C1EB3C.d.7F009BBB575131EA203BE3642A54669A.e.8408"}]}
COMMAND: GET /session/8d9404e4e9bea3f53a5c3520fcd44aec/screenshot - {}
COMMAND: POST /session/8d9404e4e9bea3f53a5c3520fcd44aec/execute/sync - {"script":"<script> [8489 bytes]","args":[{"element-6066-11e4-a52e-4f735466cecf":"f.7EA17D048601C53176965B9346C1EB3C.d.7F009BBB575131EA203BE3642A54669A.e.8408","ELEMENT":"f.7EA17D048601C53176965B9346C1EB3C.d.7F009BBB575131EA203BE3642A54669A.e.8408"}]}
RESULT: {}
RESULT: {"script":"<script> [8489 bytes]","args":[{"element-6066-11e4-a52e-4f735466cecf":"f.7EA17D048601C53176965B9346C1EB3C.d.7F009BBB575131EA203BE3642A54669A.e.8408","ELEMENT":"f.7EA17D048601C53176965B9346C1EB3C.d.7F009BBB575131EA203BE3642A54669A.e.8408"}]}
COMMAND: POST /session/8d9404e4e9bea3f53a5c3520fcd44aec/execute/sync - {"script":"<script> [5351 bytes]","args":[{"element-6066-11e4-a52e-4f735466cecf":"f.7EA17D048601C53176965B9346C1EB3C.d.7F009BBB575131EA203BE3642A54669A.e.8408","ELEMENT":"f.7EA17D048601C53176965B9346C1EB3C.d.7F009BBB575131EA203BE3642A54669A.e.8408"}]}
COMMAND: GET /session/8d9404e4e9bea3f53a5c3520fcd44aec/screenshot - {}
RESULT: {}
RESULT: {"script":"<script> [5351 bytes]","args":[{"element-6066-11e4-a52e-4f735466cecf":"f.7EA17D048601C53176965B9346C1EB3C.d.7F009BBB575131EA203BE3642A54669A.e.8408","ELEMENT":"f.7EA17D048601C53176965B9346C1EB3C.d.7F009BBB575131EA203BE3642A54669A.e.8408"}]}
COMMAND: GET /session/8d9404e4e9bea3f53a5c3520fcd44aec/screenshot - {}
COMMAND: POST /session/8d9404e4e9bea3f53a5c3520fcd44aec/execute/sync - {"script":"<script> [8489 bytes]","args":[{"element-6066-11e4-a52e-4f735466cecf":"f.7EA17D048601C53176965B9346C1EB3C.d.7F009BBB575131EA203BE3642A54669A.e.8408","ELEMENT":"f.7EA17D048601C53176965B9346C1EB3C.d.7F009BBB575131EA203BE3642A54669A.e.8408"}]}
RESULT: {}
RESULT: {}
RESULT: {"script":"<script> [8489 bytes]","args":[{"element-6066-11e4-a52e-4f735466cecf":"f.7EA17D048601C53176965B9346C1EB3C.d.7F009BBB575131EA203BE3642A54669A.e.8408","ELEMENT":"f.7EA17D048601C53176965B9346C1EB3C.d.7F009BBB575131EA203BE3642A54669A.e.8408"}]}
COMMAND: POST /session/8d9404e4e9bea3f53a5c3520fcd44aec/execute/sync - {"script":"<script> [5351 bytes]","args":[{"element-6066-11e4-a52e-4f735466cecf":"f.7EA17D048601C53176965B9346C1EB3C.d.7F009BBB575131EA203BE3642A54669A.e.8408","ELEMENT":"f.7EA17D048601C53176965B9346C1EB3C.d.7F009BBB575131EA203BE3642A54669A.e.8408"}]}
COMMAND: GET /session/8d9404e4e9bea3f53a5c3520fcd44aec/screenshot - {}
RESULT: {"script":"<script> [5351 bytes]","args":[{"element-6066-11e4-a52e-4f735466cecf":"f.7EA17D048601C53176965B9346C1EB3C.d.7F009BBB575131EA203BE3642A54669A.e.8408","ELEMENT":"f.7EA17D048601C53176965B9346C1EB3C.d.7F009BBB575131EA203BE3642A54669A.e.8408"}]}
COMMAND: GET /session/8d9404e4e9bea3f53a5c3520fcd44aec/screenshot - {}
COMMAND: POST /session/8d9404e4e9bea3f53a5c3520fcd44aec/execute/sync - {"script":"<script> [8489 bytes]","args":[{"element-6066-11e4-a52e-4f735466cecf":"f.7EA17D048601C53176965B9346C1EB3C.d.7F009BBB575131EA203BE3642A54669A.e.8408","ELEMENT":"f.7EA17D048601C53176965B9346C1EB3C.d.7F009BBB575131EA203BE3642A54669A.e.8408"}]}
RESULT: {}
RESULT: {}
RESULT: {"script":"<script> [8489 bytes]","args":[{"element-6066-11e4-a52e-4f735466cecf":"f.7EA17D048601C53176965B9346C1EB3C.d.7F009BBB575131EA203BE3642A54669A.e.8408","ELEMENT":"f.7EA17D048601C53176965B9346C1EB3C.d.7F009BBB575131EA203BE3642A54669A.e.8408"}]}
COMMAND: POST /session/8d9404e4e9bea3f53a5c3520fcd44aec/execute/sync - {"script":"<script> [5351 bytes]","args":[{"element-6066-11e4-a52e-4f735466cecf":"f.7EA17D048601C53176965B9346C1EB3C.d.7F009BBB575131EA203BE3642A54669A.e.8408","ELEMENT":"f.7EA17D048601C53176965B9346C1EB3C.d.7F009BBB575131EA203BE3642A54669A.e.8408"}]}
COMMAND: GET /session/8d9404e4e9bea3f53a5c3520fcd44aec/screenshot - {}
RESULT: {"script":"<script> [5351 bytes]","args":[{"element-6066-11e4-a52e-4f735466cecf":"f.7EA17D048601C53176965B9346C1EB3C.d.7F009BBB575131EA203BE3642A54669A.e.8408","ELEMENT":"f.7EA17D048601C53176965B9346C1EB3C.d.7F009BBB575131EA203BE3642A54669A.e.8408"}]}
COMMAND: GET /session/8d9404e4e9bea3f53a5c3520fcd44aec/screenshot - {}
COMMAND: POST /session/8d9404e4e9bea3f53a5c3520fcd44aec/execute/sync - {"script":"<script> [8489 bytes]","args":[{"element-6066-11e4-a52e-4f735466cecf":"f.7EA17D048601C53176965B9346C1EB3C.d.7F009BBB575131EA203BE3642A54669A.e.8408","ELEMENT":"f.7EA17D048601C53176965B9346C1EB3C.d.7F009BBB575131EA203BE3642A54669A.e.8408"}]}
RESULT: {}
RESULT: {"script":"<script> [8489 bytes]","args":[{"element-6066-11e4-a52e-4f735466cecf":"f.7EA17D048601C53176965B9346C1EB3C.d.7F009BBB575131EA203BE3642A54669A.e.8408","ELEMENT":"f.7EA17D048601C53176965B9346C1EB3C.d.7F009BBB575131EA203BE3642A54669A.e.8408"}]}
COMMAND: POST /session/8d9404e4e9bea3f53a5c3520fcd44aec/execute/sync - {"script":"<script> [5351 bytes]","args":[{"element-6066-11e4-a52e-4f735466cecf":"f.7EA17D048601C53176965B9346C1EB3C.d.7F009BBB575131EA203BE3642A54669A.e.8408","ELEMENT":"f.7EA17D048601C53176965B9346C1EB3C.d.7F009BBB575131EA203BE3642A54669A.e.8408"}]}
COMMAND: GET /session/8d9404e4e9bea3f53a5c3520fcd44aec/screenshot - {}
RESULT: {}
RESULT: {"script":"<script> [5351 bytes]","args":[{"element-6066-11e4-a52e-4f735466cecf":"f.7EA17D048601C53176965B9346C1EB3C.d.7F009BBB575131EA203BE3642A54669A.e.8408","ELEMENT":"f.7EA17D048601C53176965B9346C1EB3C.d.7F009BBB575131EA203BE3642A54669A.e.8408"}]}
COMMAND: POST /session/8d9404e4e9bea3f53a5c3520fcd44aec/execute/sync - {"script":"<script> [8489 bytes]","args":[{"element-6066-11e4-a52e-4f735466cecf":"f.7EA17D048601C53176965B9346C1EB3C.d.7F009BBB575131EA203BE3642A54669A.e.8408","ELEMENT":"f.7EA17D048601C53176965B9346C1EB3C.d.7F009BBB575131EA203BE3642A54669A.e.8408"}]}
COMMAND: GET /session/8d9404e4e9bea3f53a5c3520fcd44aec/screenshot - {}
RESULT: {}
RESULT: {"script":"<script> [8489 bytes]","args":[{"element-6066-11e4-a52e-4f735466cecf":"f.7EA17D048601C53176965B9346C1EB3C.d.7F009BBB575131EA203BE3642A54669A.e.8408","ELEMENT":"f.7EA17D048601C53176965B9346C1EB3C.d.7F009BBB575131EA203BE3642A54669A.e.8408"}]}
COMMAND: POST /session/8d9404e4e9bea3f53a5c3520fcd44aec/execute/sync - {"script":"<script> [5351 bytes]","args":[{"element-6066-11e4-a52e-4f735466cecf":"f.7EA17D048601C53176965B9346C1EB3C.d.7F009BBB575131EA203BE3642A54669A.e.8408","ELEMENT":"f.7EA17D048601C53176965B9346C1EB3C.d.7F009BBB575131EA203BE3642A54669A.e.8408"}]}
COMMAND: GET /session/8d9404e4e9bea3f53a5c3520fcd44aec/screenshot - {}
RESULT: {}
RESULT: {}
RESULT: {"script":"<script> [5351 bytes]","args":[{"element-6066-11e4-a52e-4f735466cecf":"f.7EA17D048601C53176965B9346C1EB3C.d.7F009BBB575131EA203BE3642A54669A.e.8408","ELEMENT":"f.7EA17D048601C53176965B9346C1EB3C.d.7F009BBB575131EA203BE3642A54669A.e.8408"}]}
COMMAND: GET /session/8d9404e4e9bea3f53a5c3520fcd44aec/screenshot - {}
COMMAND: POST /session/8d9404e4e9bea3f53a5c3520fcd44aec/execute/sync - {"script":"<script> [8489 bytes]","args":[{"element-6066-11e4-a52e-4f735466cecf":"f.7EA17D048601C53176965B9346C1EB3C.d.7F009BBB575131EA203BE3642A54669A.e.8408","ELEMENT":"f.7EA17D048601C53176965B9346C1EB3C.d.7F009BBB575131EA203BE3642A54669A.e.8408"}]}
RESULT: {"script":"<script> [8489 bytes]","args":[{"element-6066-11e4-a52e-4f735466cecf":"f.7EA17D048601C53176965B9346C1EB3C.d.7F009BBB575131EA203BE3642A54669A.e.8408","ELEMENT":"f.7EA17D048601C53176965B9346C1EB3C.d.7F009BBB575131EA203BE3642A54669A.e.8408"}]}
COMMAND: POST /session/8d9404e4e9bea3f53a5c3520fcd44aec/execute/sync - {"script":"<script> [5351 bytes]","args":[{"element-6066-11e4-a52e-4f735466cecf":"f.7EA17D048601C53176965B9346C1EB3C.d.7F009BBB575131EA203BE3642A54669A.e.8408","ELEMENT":"f.7EA17D048601C53176965B9346C1EB3C.d.7F009BBB575131EA203BE3642A54669A.e.8408"}]}
COMMAND: GET /session/8d9404e4e9bea3f53a5c3520fcd44aec/screenshot - {}
RESULT: {}
RESULT: {"script":"<script> [5351 bytes]","args":[{"element-6066-11e4-a52e-4f735466cecf":"f.7EA17D048601C53176965B9346C1EB3C.d.7F009BBB575131EA203BE3642A54669A.e.8408","ELEMENT":"f.7EA17D048601C53176965B9346C1EB3C.d.7F009BBB575131EA203BE3642A54669A.e.8408"}]}
COMMAND: POST /session/8d9404e4e9bea3f53a5c3520fcd44aec/execute/sync - {"script":"<script> [8489 bytes]","args":[{"element-6066-11e4-a52e-4f735466cecf":"f.7EA17D048601C53176965B9346C1EB3C.d.7F009BBB575131EA203BE3642A54669A.e.8408","ELEMENT":"f.7EA17D048601C53176965B9346C1EB3C.d.7F009BBB575131EA203BE3642A54669A.e.8408"}]}
COMMAND: GET /session/8d9404e4e9bea3f53a5c3520fcd44aec/screenshot - {}
COMMAND: GET /session/8d9404e4e9bea3f53a5c3520fcd44aec/screenshot - {}
RESULT: {}
RESULT: {"script":"<script> [8489 bytes]","args":[{"element-6066-11e4-a52e-4f735466cecf":"f.7EA17D048601C53176965B9346C1EB3C.d.7F009BBB575131EA203BE3642A54669A.e.8408","ELEMENT":"f.7EA17D048601C53176965B9346C1EB3C.d.7F009BBB575131EA203BE3642A54669A.e.8408"}]}
COMMAND: POST /session/8d9404e4e9bea3f53a5c3520fcd44aec/execute/sync - {"script":"<script> [5351 bytes]","args":[{"element-6066-11e4-a52e-4f735466cecf":"f.7EA17D048601C53176965B9346C1EB3C.d.7F009BBB575131EA203BE3642A54669A.e.8408","ELEMENT":"f.7EA17D048601C53176965B9346C1EB3C.d.7F009BBB575131EA203BE3642A54669A.e.8408"}]}
COMMAND: GET /session/8d9404e4e9bea3f53a5c3520fcd44aec/screenshot - {}
RESULT: {}
RESULT: {}
COMMAND: POST /session/8d9404e4e9bea3f53a5c3520fcd44aec/element - {"using":"css selector","value":"#j_username"}
COMMAND: POST /session/8d9404e4e9bea3f53a5c3520fcd44aec/url - {"url":"https://qa-testing-00-live-etm-ui.cfapps.eu10-004.hana.ondemand.com/"}
COMMAND: GET /session/8d9404e4e9bea3f53a5c3520fcd44aec/screenshot - {}
COMMAND: GET /session/8d9404e4e9bea3f53a5c3520fcd44aec/screenshot - {}
RESULT: {"script":"<script> [5351 bytes]","args":[{"element-6066-11e4-a52e-4f735466cecf":"f.7EA17D048601C53176965B9346C1EB3C.d.7F009BBB575131EA203BE3642A54669A.e.8408","ELEMENT":"f.7EA17D048601C53176965B9346C1EB3C.d.7F009BBB575131EA203BE3642A54669A.e.8408"}]}
COMMAND: GET /session/8d9404e4e9bea3f53a5c3520fcd44aec/screenshot - {}
RESULT: {}
RESULT: {"using":"css selector","value":"#j_username"}
COMMAND: POST /session/8d9404e4e9bea3f53a5c3520fcd44aec/element - {"using":"css selector","value":"#j_username"}
RESULT: {"url":"https://qa-testing-00-live-etm-ui.cfapps.eu10-004.hana.ondemand.com/"}
RESULT: undefined
COMMAND: GET /session/8d9404e4e9bea3f53a5c3520fcd44aec/screenshot - {}
RESULT: {}
RESULT: {}
RESULT: {}
RESULT: {"using":"css selector","value":"#j_username"}
COMMAND: POST /session/8d9404e4e9bea3f53a5c3520fcd44aec/element - {"using":"css selector","value":"#shell-header-logo"}
RESULT: {}
RESULT: {"using":"css selector","value":"#shell-header-logo"}
COMMAND: POST /session/8d9404e4e9bea3f53a5c3520fcd44aec/execute/sync - {"script":"<script> [8489 bytes]","args":[{"element-6066-11e4-a52e-4f735466cecf":"f.7EA17D048601C53176965B9346C1EB3C.d.B5FBF19E4A8BEBCAD4DC8FED653F5DC0.e.8542","ELEMENT":"f.7EA17D048601C53176965B9346C1EB3C.d.B5FBF19E4A8BEBCAD4DC8FED653F5DC0.e.8542"}]}
RESULT: {"script":"<script> [8489 bytes]","args":[{"element-6066-11e4-a52e-4f735466cecf":"f.7EA17D048601C53176965B9346C1EB3C.d.B5FBF19E4A8BEBCAD4DC8FED653F5DC0.e.8542","ELEMENT":"f.7EA17D048601C53176965B9346C1EB3C.d.B5FBF19E4A8BEBCAD4DC8FED653F5DC0.e.8542"}]}
COMMAND: POST /session/8d9404e4e9bea3f53a5c3520fcd44aec/element - {"using":"css selector","value":"#shell-header-logo"}
COMMAND: GET /session/8d9404e4e9bea3f53a5c3520fcd44aec/screenshot - {}
RESULT: {"using":"css selector","value":"#shell-header-logo"}
COMMAND: POST /session/8d9404e4e9bea3f53a5c3520fcd44aec/execute/sync - {"script":"<script> [8489 bytes]","args":[{"element-6066-11e4-a52e-4f735466cecf":"f.7EA17D048601C53176965B9346C1EB3C.d.B5FBF19E4A8BEBCAD4DC8FED653F5DC0.e.8542","ELEMENT":"f.7EA17D048601C53176965B9346C1EB3C.d.B5FBF19E4A8BEBCAD4DC8FED653F5DC0.e.8542"}]}
RESULT: {}
RESULT: {"script":"<script> [8489 bytes]","args":[{"element-6066-11e4-a52e-4f735466cecf":"f.7EA17D048601C53176965B9346C1EB3C.d.B5FBF19E4A8BEBCAD4DC8FED653F5DC0.e.8542","ELEMENT":"f.7EA17D048601C53176965B9346C1EB3C.d.B5FBF19E4A8BEBCAD4DC8FED653F5DC0.e.8542"}]}
COMMAND: POST /session/8d9404e4e9bea3f53a5c3520fcd44aec/execute/sync - {"script":"<script> [5351 bytes]","args":[{"element-6066-11e4-a52e-4f735466cecf":"f.7EA17D048601C53176965B9346C1EB3C.d.B5FBF19E4A8BEBCAD4DC8FED653F5DC0.e.8542","ELEMENT":"f.7EA17D048601C53176965B9346C1EB3C.d.B5FBF19E4A8BEBCAD4DC8FED653F5DC0.e.8542"}]}
COMMAND: GET /session/8d9404e4e9bea3f53a5c3520fcd44aec/screenshot - {}
RESULT: {"script":"<script> [5351 bytes]","args":[{"element-6066-11e4-a52e-4f735466cecf":"f.7EA17D048601C53176965B9346C1EB3C.d.B5FBF19E4A8BEBCAD4DC8FED653F5DC0.e.8542","ELEMENT":"f.7EA17D048601C53176965B9346C1EB3C.d.B5FBF19E4A8BEBCAD4DC8FED653F5DC0.e.8542"}]}
COMMAND: POST /session/8d9404e4e9bea3f53a5c3520fcd44aec/element - {"using":"css selector","value":"#shell-header-logo"}
COMMAND: GET /session/8d9404e4e9bea3f53a5c3520fcd44aec/screenshot - {}
RESULT: {}
RESULT: {"using":"css selector","value":"#shell-header-logo"}
COMMAND: POST /session/8d9404e4e9bea3f53a5c3520fcd44aec/element/f.7EA17D048601C53176965B9346C1EB3C.d.B5FBF19E4A8BEBCAD4DC8FED653F5DC0.e.8542/click - {}
RESULT: {}
RESULT: {}
COMMAND: GET /session/8d9404e4e9bea3f53a5c3520fcd44aec/screenshot - {}
RESULT: {}
COMMAND: POST /session/8d9404e4e9bea3f53a5c3520fcd44aec/execute/async - {"script":"<script> [189 bytes]","args":[]}
RESULT: {"script":"<script> [189 bytes]","args":[]}
COMMAND: POST /session/8d9404e4e9bea3f53a5c3520fcd44aec/execute/async - {"script":"<script> [123 bytes]","args":[]}
RESULT: {"script":"<script> [123 bytes]","args":[]}
COMMAND: POST /session/8d9404e4e9bea3f53a5c3520fcd44aec/timeouts - {"script":"<number>"}
RESULT: {"script":"<number>"}
COMMAND: GET /session/8d9404e4e9bea3f53a5c3520fcd44aec/timeouts - {}
RESULT: {}
RESULT: undefined
COMMAND: POST /session/8d9404e4e9bea3f53a5c3520fcd44aec/execute/async - {"script":"<script> [2676 bytes]","args":[]}
RESULT: {"script":"<script> [2676 bytes]","args":[]}
COMMAND: POST /session/8d9404e4e9bea3f53a5c3520fcd44aec/execute/async - {"script":"<script> [2342 bytes]","args":[{"protocol":"http","hostname":"0.0.0.0","path":"/","capabilities":{"browserName":"chrome","goog:chromeOptions":{"binary":"C:\\Program Files\\Google\\Chrome\\Application\\chrome.exe","args":["--start-maximized"]}},"logLevel":"warn","connectionRetryTimeout":120000,"connectionRetryCount":3,"logLevels":{},"enableDirectConnect":true,"strictSSL":true,"_":"65 more keys: [\"cacheDir\",\"port\",\"requestedCapabilities\",\"automationProtocol\",\"baseUrl\",\"waitforInterval\",\"waitforTimeout\",\"onReload\",\"beforeCommand\",\"afterCommand\",\"rootDir\",\"specs\",\"suites\",\"exclude\",\"groupLogsByTestSpec\",\"excludeDriverLogs\",\"bail\",\"framework\",\"reporters\",\"services\",\"maxInstances\",\"maxInstancesPerCapability\",\"injectGlobals\",\"filesToWatch\",\"execArgv\",\"runnerEnv\",\"runner\",\"shard\",\"specFileRetries\",\"specFileRetriesDelay\",\"specFileRetriesDeferred\",\"reporterSyncInterval\",\"reporterSyncTimeout\",\"cucumberFeaturesWithLineNumbers\",\"autoCompileOpts\",\"mochaOpts\",\"jasmineOpts\",\"cucumberOpts\",\"onPrepare\",\"onWorkerStart\",\"onWorkerEnd\",\"before\",\"beforeSession\",\"beforeSuite\",\"beforeHook\",\"beforeTest\",\"afterTest\",\"afterHook\",\"afterSuite\",\"afterSession\",\"after\",\"onComplete\",\"beforeAssertion\",\"afterAssertion\",\"beforeFeature\",\"beforeScenario\",\"beforeStep\",\"afterStep\",\"afterScenario\",\"afterFeature\",\"_\",\"suite\",\"$0\",\"ignoredWorkerServices\",\"wdi5\"]"}]}
RESULT: {"script":"<script> [2342 bytes]","args":[{"protocol":"http","hostname":"0.0.0.0","path":"/","capabilities":{"browserName":"chrome","goog:chromeOptions":{"binary":"C:\\Program Files\\Google\\Chrome\\Application\\chrome.exe","args":["--start-maximized"]}},"logLevel":"warn","connectionRetryTimeout":120000,"connectionRetryCount":3,"logLevels":{},"enableDirectConnect":true,"strictSSL":true,"_":"65 more keys: [\"cacheDir\",\"port\",\"requestedCapabilities\",\"automationProtocol\",\"baseUrl\",\"waitforInterval\",\"waitforTimeout\",\"onReload\",\"beforeCommand\",\"afterCommand\",\"rootDir\",\"specs\",\"suites\",\"exclude\",\"groupLogsByTestSpec\",\"excludeDriverLogs\",\"bail\",\"framework\",\"reporters\",\"services\",\"maxInstances\",\"maxInstancesPerCapability\",\"injectGlobals\",\"filesToWatch\",\"execArgv\",\"runnerEnv\",\"runner\",\"shard\",\"specFileRetries\",\"specFileRetriesDelay\",\"specFileRetriesDeferred\",\"reporterSyncInterval\",\"reporterSyncTimeout\",\"cucumberFeaturesWithLineNumbers\",\"autoCompileOpts\",\"mochaOpts\",\"jasmineOpts\",\"cucumberOpts\",\"onPrepare\",\"onWorkerStart\",\"onWorkerEnd\",\"before\",\"beforeSession\",\"beforeSuite\",\"beforeHook\",\"beforeTest\",\"afterTest\",\"afterHook\",\"afterSuite\",\"afterSession\",\"after\",\"onComplete\",\"beforeAssertion\",\"afterAssertion\",\"beforeFeature\",\"beforeScenario\",\"beforeStep\",\"afterStep\",\"afterScenario\",\"afterFeature\",\"_\",\"suite\",\"$0\",\"ignoredWorkerServices\",\"wdi5\"]"}]}
COMMAND: POST /session/8d9404e4e9bea3f53a5c3520fcd44aec/execute/async - {"script":"<script> [21126 bytes]","args":[35000]}
RESULT: {"script":"<script> [21126 bytes]","args":[35000]}
COMMAND: POST /session/8d9404e4e9bea3f53a5c3520fcd44aec/window/maximize - {}
RESULT: {}
COMMAND: POST /session/8d9404e4e9bea3f53a5c3520fcd44aec/execute/async - {"script":"<script> [1562 bytes]","args":[{"selector":{"id":"shell-header","interaction":{"idSuffix":"icon"}},"wdio_ui5_key":"shellheader"}]}
COMMAND: GET /session/8d9404e4e9bea3f53a5c3520fcd44aec/screenshot - {}
RESULT: {"script":"<script> [1562 bytes]","args":[{"selector":{"id":"shell-header","interaction":{"idSuffix":"icon"}},"wdio_ui5_key":"shellheader"}]}
RESULT: undefined
COMMAND: POST /session/8d9404e4e9bea3f53a5c3520fcd44aec/refresh - {}
RESULT: {}
RESULT: {}
COMMAND: GET /session/8d9404e4e9bea3f53a5c3520fcd44aec/screenshot - {}
RESULT: {}
COMMAND: POST /session/8d9404e4e9bea3f53a5c3520fcd44aec/refresh - {}
RESULT: {}
COMMAND: GET /session/8d9404e4e9bea3f53a5c3520fcd44aec/screenshot - {}
RESULT: {}
COMMAND: POST /session/8d9404e4e9bea3f53a5c3520fcd44aec/window/fullscreen - {}
RESULT: {}
COMMAND: POST /session/8d9404e4e9bea3f53a5c3520fcd44aec/execute/async - {"script":"<script> [189 bytes]","args":[]}
RESULT: {"script":"<script> [189 bytes]","args":[]}
COMMAND: POST /session/8d9404e4e9bea3f53a5c3520fcd44aec/execute/async - {"script":"<script> [123 bytes]","args":[]}
RESULT: {"script":"<script> [123 bytes]","args":[]}
COMMAND: POST /session/8d9404e4e9bea3f53a5c3520fcd44aec/timeouts - {"script":"<number>"}
RESULT: {"script":"<number>"}
COMMAND: GET /session/8d9404e4e9bea3f53a5c3520fcd44aec/timeouts - {}
RESULT: {}
RESULT: undefined
COMMAND: POST /session/8d9404e4e9bea3f53a5c3520fcd44aec/execute/async - {"script":"<script> [2676 bytes]","args":[]}
RESULT: {"script":"<script> [2676 bytes]","args":[]}
COMMAND: POST /session/8d9404e4e9bea3f53a5c3520fcd44aec/execute/async - {"script":"<script> [2342 bytes]","args":[{"protocol":"http","hostname":"0.0.0.0","path":"/","capabilities":{"browserName":"chrome","goog:chromeOptions":{"binary":"C:\\Program Files\\Google\\Chrome\\Application\\chrome.exe","args":["--start-maximized"]}},"logLevel":"warn","connectionRetryTimeout":120000,"connectionRetryCount":3,"logLevels":{},"enableDirectConnect":true,"strictSSL":true,"_":"65 more keys: [\"cacheDir\",\"port\",\"requestedCapabilities\",\"automationProtocol\",\"baseUrl\",\"waitforInterval\",\"waitforTimeout\",\"onReload\",\"beforeCommand\",\"afterCommand\",\"rootDir\",\"specs\",\"suites\",\"exclude\",\"groupLogsByTestSpec\",\"excludeDriverLogs\",\"bail\",\"framework\",\"reporters\",\"services\",\"maxInstances\",\"maxInstancesPerCapability\",\"injectGlobals\",\"filesToWatch\",\"execArgv\",\"runnerEnv\",\"runner\",\"shard\",\"specFileRetries\",\"specFileRetriesDelay\",\"specFileRetriesDeferred\",\"reporterSyncInterval\",\"reporterSyncTimeout\",\"cucumberFeaturesWithLineNumbers\",\"autoCompileOpts\",\"mochaOpts\",\"jasmineOpts\",\"cucumberOpts\",\"onPrepare\",\"onWorkerStart\",\"onWorkerEnd\",\"before\",\"beforeSession\",\"beforeSuite\",\"beforeHook\",\"beforeTest\",\"afterTest\",\"afterHook\",\"afterSuite\",\"afterSession\",\"after\",\"onComplete\",\"beforeAssertion\",\"afterAssertion\",\"beforeFeature\",\"beforeScenario\",\"beforeStep\",\"afterStep\",\"afterScenario\",\"afterFeature\",\"_\",\"suite\",\"$0\",\"ignoredWorkerServices\",\"wdi5\"]"}]}
RESULT: {"script":"<script> [2342 bytes]","args":[{"protocol":"http","hostname":"0.0.0.0","path":"/","capabilities":{"browserName":"chrome","goog:chromeOptions":{"binary":"C:\\Program Files\\Google\\Chrome\\Application\\chrome.exe","args":["--start-maximized"]}},"logLevel":"warn","connectionRetryTimeout":120000,"connectionRetryCount":3,"logLevels":{},"enableDirectConnect":true,"strictSSL":true,"_":"65 more keys: [\"cacheDir\",\"port\",\"requestedCapabilities\",\"automationProtocol\",\"baseUrl\",\"waitforInterval\",\"waitforTimeout\",\"onReload\",\"beforeCommand\",\"afterCommand\",\"rootDir\",\"specs\",\"suites\",\"exclude\",\"groupLogsByTestSpec\",\"excludeDriverLogs\",\"bail\",\"framework\",\"reporters\",\"services\",\"maxInstances\",\"maxInstancesPerCapability\",\"injectGlobals\",\"filesToWatch\",\"execArgv\",\"runnerEnv\",\"runner\",\"shard\",\"specFileRetries\",\"specFileRetriesDelay\",\"specFileRetriesDeferred\",\"reporterSyncInterval\",\"reporterSyncTimeout\",\"cucumberFeaturesWithLineNumbers\",\"autoCompileOpts\",\"mochaOpts\",\"jasmineOpts\",\"cucumberOpts\",\"onPrepare\",\"onWorkerStart\",\"onWorkerEnd\",\"before\",\"beforeSession\",\"beforeSuite\",\"beforeHook\",\"beforeTest\",\"afterTest\",\"afterHook\",\"afterSuite\",\"afterSession\",\"after\",\"onComplete\",\"beforeAssertion\",\"afterAssertion\",\"beforeFeature\",\"beforeScenario\",\"beforeStep\",\"afterStep\",\"afterScenario\",\"afterFeature\",\"_\",\"suite\",\"$0\",\"ignoredWorkerServices\",\"wdi5\"]"}]}
COMMAND: POST /session/8d9404e4e9bea3f53a5c3520fcd44aec/execute/async - {"script":"<script> [21126 bytes]","args":[35000]}
RESULT: {"script":"<script> [21126 bytes]","args":[35000]}
]]></system-out>
      <system-err><![CDATA[
Error: element ("//input[@id="application-businessconfigurations-display-component---masterBusinessConfigurations--smartFilterBar-btnBasicSearch-I"]") still not clickable after 45000ms
    at async Context.<anonymous> (D:\a\1\s\test\specs\BTS\manage-partners.spec.js:1006:9)
]]></system-err>
    </testcase>
  </testsuite>
  <testsuite timestamp="2025-05-23T17:58:55" time="400.932" tests="4" failures="3" errors="3" skipped="0">
    <properties>
      <property name="specId" value="0"/>
      <property name="suiteName" value="Create partner US118246"/>
      <property name="capabilities" value="chrome.136_0_7103_93.windows"/>
      <property name="file" value="file:///D:/a/1/s/test/specs/BTS/create-partner.spec.js"/>
    </properties>
    <testcase classname="chrome.136_0_7103_93.windows.Create_partner_US118246" name="Should create a new yard in case create yard failed" time="127.471">
      <system-out><![CDATA[
COMMAND: POST /session/8d9404e4e9bea3f53a5c3520fcd44aec/window/fullscreen - {}
RESULT: {}
COMMAND: POST /session/8d9404e4e9bea3f53a5c3520fcd44aec/execute/async - {"script":"<script> [1562 bytes]","args":[{"selector":{"controlType":"sap.m.GenericTile","properties":{"header":"Manage Yards"}},"wdio_ui5_key":"sapm.GenericTile{\"header\":\"Manage Yards\"}"}]}
RESULT: {"script":"<script> [1562 bytes]","args":[{"selector":{"controlType":"sap.m.GenericTile","properties":{"header":"Manage Yards"}},"wdio_ui5_key":"sapm.GenericTile{\"header\":\"Manage Yards\"}"}]}
RESULT: undefined
COMMAND: POST /session/8d9404e4e9bea3f53a5c3520fcd44aec/element - {"using":"xpath","value":"//*[@id=\"__tile41\"]"}
RESULT: {"using":"xpath","value":"//*[@id=\"__tile41\"]"}
COMMAND: POST /session/8d9404e4e9bea3f53a5c3520fcd44aec/element/f.7EA17D048601C53176965B9346C1EB3C.d.70AE5C4CF856178E377818C4E3519826.e.8694/click - {}
RESULT: {}
COMMAND: GET /session/8d9404e4e9bea3f53a5c3520fcd44aec/screenshot - {}
RESULT: {}
COMMAND: POST /session/8d9404e4e9bea3f53a5c3520fcd44aec/elements - {"using":"xpath","value":"//span[text()='Error']"}
RESULT: {"using":"xpath","value":"//span[text()='Error']"}
COMMAND: POST /session/8d9404e4e9bea3f53a5c3520fcd44aec/element - {"using":"xpath","value":"//button[@data-kt=\"addNewYardOverflowToolbarButton\"]"}
RESULT: {"using":"xpath","value":"//button[@data-kt=\"addNewYardOverflowToolbarButton\"]"}
COMMAND: POST /session/8d9404e4e9bea3f53a5c3520fcd44aec/elements - {"using":"xpath","value":"//button[@data-kt=\"addNewYardOverflowToolbarButton\"]"}
RESULT: {"using":"xpath","value":"//button[@data-kt=\"addNewYardOverflowToolbarButton\"]"}
COMMAND: POST /session/8d9404e4e9bea3f53a5c3520fcd44aec/elements - {"using":"xpath","value":"//button[@data-kt=\"addNewYardOverflowToolbarButton\"]"}
RESULT: {"using":"xpath","value":"//button[@data-kt=\"addNewYardOverflowToolbarButton\"]"}
COMMAND: POST /session/8d9404e4e9bea3f53a5c3520fcd44aec/elements - {"using":"xpath","value":"//button[@data-kt=\"addNewYardOverflowToolbarButton\"]"}
RESULT: {"using":"xpath","value":"//button[@data-kt=\"addNewYardOverflowToolbarButton\"]"}
COMMAND: POST /session/8d9404e4e9bea3f53a5c3520fcd44aec/elements - {"using":"xpath","value":"//button[@data-kt=\"addNewYardOverflowToolbarButton\"]"}
RESULT: {"using":"xpath","value":"//button[@data-kt=\"addNewYardOverflowToolbarButton\"]"}
COMMAND: POST /session/8d9404e4e9bea3f53a5c3520fcd44aec/elements - {"using":"xpath","value":"//button[@data-kt=\"addNewYardOverflowToolbarButton\"]"}
RESULT: {"using":"xpath","value":"//button[@data-kt=\"addNewYardOverflowToolbarButton\"]"}
COMMAND: POST /session/8d9404e4e9bea3f53a5c3520fcd44aec/elements - {"using":"xpath","value":"//button[@data-kt=\"addNewYardOverflowToolbarButton\"]"}
RESULT: {"using":"xpath","value":"//button[@data-kt=\"addNewYardOverflowToolbarButton\"]"}
COMMAND: POST /session/8d9404e4e9bea3f53a5c3520fcd44aec/elements - {"using":"xpath","value":"//button[@data-kt=\"addNewYardOverflowToolbarButton\"]"}
RESULT: {"using":"xpath","value":"//button[@data-kt=\"addNewYardOverflowToolbarButton\"]"}
COMMAND: POST /session/8d9404e4e9bea3f53a5c3520fcd44aec/elements - {"using":"xpath","value":"//button[@data-kt=\"addNewYardOverflowToolbarButton\"]"}
RESULT: {"using":"xpath","value":"//button[@data-kt=\"addNewYardOverflowToolbarButton\"]"}
COMMAND: POST /session/8d9404e4e9bea3f53a5c3520fcd44aec/element - {"using":"xpath","value":"//button[@data-kt=\"addNewYardOverflowToolbarButton\"]"}
RESULT: {"using":"xpath","value":"//button[@data-kt=\"addNewYardOverflowToolbarButton\"]"}
COMMAND: POST /session/8d9404e4e9bea3f53a5c3520fcd44aec/execute/sync - {"script":"<script> [8489 bytes]","args":[{"element-6066-11e4-a52e-4f735466cecf":"f.7EA17D048601C53176965B9346C1EB3C.d.70AE5C4CF856178E377818C4E3519826.e.8831","ELEMENT":"f.7EA17D048601C53176965B9346C1EB3C.d.70AE5C4CF856178E377818C4E3519826.e.8831"}]}
RESULT: {"script":"<script> [8489 bytes]","args":[{"element-6066-11e4-a52e-4f735466cecf":"f.7EA17D048601C53176965B9346C1EB3C.d.70AE5C4CF856178E377818C4E3519826.e.8831","ELEMENT":"f.7EA17D048601C53176965B9346C1EB3C.d.70AE5C4CF856178E377818C4E3519826.e.8831"}]}
COMMAND: GET /session/8d9404e4e9bea3f53a5c3520fcd44aec/element/f.7EA17D048601C53176965B9346C1EB3C.d.70AE5C4CF856178E377818C4E3519826.e.8831/enabled - {}
COMMAND: GET /session/8d9404e4e9bea3f53a5c3520fcd44aec/screenshot - {}
RESULT: {}
COMMAND: POST /session/8d9404e4e9bea3f53a5c3520fcd44aec/execute/sync - {"script":"<script> [8489 bytes]","args":[{"element-6066-11e4-a52e-4f735466cecf":"f.7EA17D048601C53176965B9346C1EB3C.d.70AE5C4CF856178E377818C4E3519826.e.8831","ELEMENT":"f.7EA17D048601C53176965B9346C1EB3C.d.70AE5C4CF856178E377818C4E3519826.e.8831"}]}
COMMAND: GET /session/8d9404e4e9bea3f53a5c3520fcd44aec/screenshot - {}
RESULT: {}
RESULT: {}
RESULT: {"script":"<script> [8489 bytes]","args":[{"element-6066-11e4-a52e-4f735466cecf":"f.7EA17D048601C53176965B9346C1EB3C.d.70AE5C4CF856178E377818C4E3519826.e.8831","ELEMENT":"f.7EA17D048601C53176965B9346C1EB3C.d.70AE5C4CF856178E377818C4E3519826.e.8831"}]}
COMMAND: POST /session/8d9404e4e9bea3f53a5c3520fcd44aec/execute/sync - {"script":"<script> [5351 bytes]","args":[{"element-6066-11e4-a52e-4f735466cecf":"f.7EA17D048601C53176965B9346C1EB3C.d.70AE5C4CF856178E377818C4E3519826.e.8831","ELEMENT":"f.7EA17D048601C53176965B9346C1EB3C.d.70AE5C4CF856178E377818C4E3519826.e.8831"}]}
COMMAND: GET /session/8d9404e4e9bea3f53a5c3520fcd44aec/screenshot - {}
RESULT: {"script":"<script> [5351 bytes]","args":[{"element-6066-11e4-a52e-4f735466cecf":"f.7EA17D048601C53176965B9346C1EB3C.d.70AE5C4CF856178E377818C4E3519826.e.8831","ELEMENT":"f.7EA17D048601C53176965B9346C1EB3C.d.70AE5C4CF856178E377818C4E3519826.e.8831"}]}
COMMAND: POST /session/8d9404e4e9bea3f53a5c3520fcd44aec/element/f.7EA17D048601C53176965B9346C1EB3C.d.70AE5C4CF856178E377818C4E3519826.e.8831/click - {}
COMMAND: GET /session/8d9404e4e9bea3f53a5c3520fcd44aec/screenshot - {}
RESULT: {}
RESULT: {}
COMMAND: GET /session/8d9404e4e9bea3f53a5c3520fcd44aec/screenshot - {}
COMMAND: POST /session/8d9404e4e9bea3f53a5c3520fcd44aec/element - {"using":"xpath","value":"//input[@id=\"application-manageyards-display-component---NewYard--yardId-inner\"]"}
RESULT: {}
RESULT: {}
RESULT: {"using":"xpath","value":"//input[@id=\"application-manageyards-display-component---NewYard--yardId-inner\"]"}
COMMAND: POST /session/8d9404e4e9bea3f53a5c3520fcd44aec/element - {"using":"xpath","value":"//input[@id=\"application-manageyards-display-component---NewYard--yardId-inner\"]"}
RESULT: {"using":"xpath","value":"//input[@id=\"application-manageyards-display-component---NewYard--yardId-inner\"]"}
COMMAND: POST /session/8d9404e4e9bea3f53a5c3520fcd44aec/execute/async - {"script":"<script> [1562 bytes]","args":[{"selector":{"id":"application-manageyards-display-component---NewYard--addressDetailDetailsName1","interaction":{"idSuffix":"inner"}},"wdio_ui5_key":"applicationmanageyards-display-component---NewYard--addressDetailDetailsName1"}]}
RESULT: {"script":"<script> [1562 bytes]","args":[{"selector":{"id":"application-manageyards-display-component---NewYard--addressDetailDetailsName1","interaction":{"idSuffix":"inner"}},"wdio_ui5_key":"applicationmanageyards-display-component---NewYard--addressDetailDetailsName1"}]}
RESULT: undefined
COMMAND: POST /session/8d9404e4e9bea3f53a5c3520fcd44aec/execute/async - {"script":"<script> [776 bytes]","args":[{"enterText":"Intracompany Yard wdIO","selector":{"id":"application-manageyards-display-component---NewYard--addressDetailDetailsName1","interaction":{"idSuffix":"inner"}},"clearTextFirst":true,"interactionType":"ENTER_TEXT"}]}
RESULT: {"script":"<script> [776 bytes]","args":[{"enterText":"Intracompany Yard wdIO","selector":{"id":"application-manageyards-display-component---NewYard--addressDetailDetailsName1","interaction":{"idSuffix":"inner"}},"clearTextFirst":true,"interactionType":"ENTER_TEXT"}]}
COMMAND: POST /session/8d9404e4e9bea3f53a5c3520fcd44aec/execute/async - {"script":"<script> [1562 bytes]","args":[{"selector":{"id":"application-manageyards-display-component---NewYard--addressDetailDetailsLanguage-arrow"},"wdio_ui5_key":"applicationmanageyards-display-component---NewYard--addressDetailDetailsLanguage-arrow"}]}
RESULT: {"script":"<script> [1562 bytes]","args":[{"selector":{"id":"application-manageyards-display-component---NewYard--addressDetailDetailsLanguage-arrow"},"wdio_ui5_key":"applicationmanageyards-display-component---NewYard--addressDetailDetailsLanguage-arrow"}]}
RESULT: undefined
COMMAND: POST /session/8d9404e4e9bea3f53a5c3520fcd44aec/element - {"using":"xpath","value":"//*[@id=\"application-manageyards-display-component---NewYard--addressDetailDetailsLanguage-arrow\"]"}
RESULT: {"using":"xpath","value":"//*[@id=\"application-manageyards-display-component---NewYard--addressDetailDetailsLanguage-arrow\"]"}
COMMAND: POST /session/8d9404e4e9bea3f53a5c3520fcd44aec/element/f.7EA17D048601C53176965B9346C1EB3C.d.70AE5C4CF856178E377818C4E3519826.e.9262/click - {}
RESULT: {}
COMMAND: POST /session/8d9404e4e9bea3f53a5c3520fcd44aec/element - {"using":"xpath","value":"//span[contains(text(), \"English\")]"}
COMMAND: GET /session/8d9404e4e9bea3f53a5c3520fcd44aec/screenshot - {}
RESULT: {"using":"xpath","value":"//span[contains(text(), \"English\")]"}
COMMAND: POST /session/8d9404e4e9bea3f53a5c3520fcd44aec/element/f.7EA17D048601C53176965B9346C1EB3C.d.70AE5C4CF856178E377818C4E3519826.e.9263/click - {}
RESULT: {}
RESULT: {}
COMMAND: POST /session/8d9404e4e9bea3f53a5c3520fcd44aec/execute/async - {"script":"<script> [1562 bytes]","args":[{"selector":{"id":"application-manageyards-display-component---NewYard--addressDetailDetailsCity1","interaction":{"idSuffix":"inner"}},"wdio_ui5_key":"applicationmanageyards-display-component---NewYard--addressDetailDetailsCity1"}]}
COMMAND: GET /session/8d9404e4e9bea3f53a5c3520fcd44aec/screenshot - {}
RESULT: {"script":"<script> [1562 bytes]","args":[{"selector":{"id":"application-manageyards-display-component---NewYard--addressDetailDetailsCity1","interaction":{"idSuffix":"inner"}},"wdio_ui5_key":"applicationmanageyards-display-component---NewYard--addressDetailDetailsCity1"}]}
RESULT: undefined
COMMAND: POST /session/8d9404e4e9bea3f53a5c3520fcd44aec/execute/async - {"script":"<script> [776 bytes]","args":[{"enterText":"Rosario","selector":{"id":"application-manageyards-display-component---NewYard--addressDetailDetailsCity1","interaction":{"idSuffix":"inner"}},"clearTextFirst":true,"interactionType":"ENTER_TEXT"}]}
RESULT: {}
RESULT: {"script":"<script> [776 bytes]","args":[{"enterText":"Rosario","selector":{"id":"application-manageyards-display-component---NewYard--addressDetailDetailsCity1","interaction":{"idSuffix":"inner"}},"clearTextFirst":true,"interactionType":"ENTER_TEXT"}]}
COMMAND: POST /session/8d9404e4e9bea3f53a5c3520fcd44aec/execute/async - {"script":"<script> [1562 bytes]","args":[{"selector":{"id":"application-manageyards-display-component---NewYard--addressDetailDetailsCountry-arrow"},"wdio_ui5_key":"applicationmanageyards-display-component---NewYard--addressDetailDetailsCountry-arrow"}]}
RESULT: {"script":"<script> [1562 bytes]","args":[{"selector":{"id":"application-manageyards-display-component---NewYard--addressDetailDetailsCountry-arrow"},"wdio_ui5_key":"applicationmanageyards-display-component---NewYard--addressDetailDetailsCountry-arrow"}]}
RESULT: undefined
COMMAND: POST /session/8d9404e4e9bea3f53a5c3520fcd44aec/element - {"using":"xpath","value":"//*[@id=\"application-manageyards-display-component---NewYard--addressDetailDetailsCountry-arrow\"]"}
RESULT: {"using":"xpath","value":"//*[@id=\"application-manageyards-display-component---NewYard--addressDetailDetailsCountry-arrow\"]"}
COMMAND: POST /session/8d9404e4e9bea3f53a5c3520fcd44aec/element/f.7EA17D048601C53176965B9346C1EB3C.d.70AE5C4CF856178E377818C4E3519826.e.9265/click - {}
RESULT: {}
COMMAND: POST /session/8d9404e4e9bea3f53a5c3520fcd44aec/element - {"using":"xpath","value":"//span[contains(text(), \"Argentina\")]"}
COMMAND: GET /session/8d9404e4e9bea3f53a5c3520fcd44aec/screenshot - {}
RESULT: {"using":"xpath","value":"//span[contains(text(), \"Argentina\")]"}
COMMAND: POST /session/8d9404e4e9bea3f53a5c3520fcd44aec/element/f.7EA17D048601C53176965B9346C1EB3C.d.70AE5C4CF856178E377818C4E3519826.e.9267/click - {}
RESULT: {}
RESULT: {}
COMMAND: POST /session/8d9404e4e9bea3f53a5c3520fcd44aec/execute/async - {"script":"<script> [1562 bytes]","args":[{"selector":{"id":"application-manageyards-display-component---NewYard--addressEditDetailsCostObjectCstType-arrow"},"wdio_ui5_key":"applicationmanageyards-display-component---NewYard--addressEditDetailsCostObjectCstType-arrow"}]}
COMMAND: GET /session/8d9404e4e9bea3f53a5c3520fcd44aec/screenshot - {}
RESULT: {"script":"<script> [1562 bytes]","args":[{"selector":{"id":"application-manageyards-display-component---NewYard--addressEditDetailsCostObjectCstType-arrow"},"wdio_ui5_key":"applicationmanageyards-display-component---NewYard--addressEditDetailsCostObjectCstType-arrow"}]}
RESULT: undefined
COMMAND: POST /session/8d9404e4e9bea3f53a5c3520fcd44aec/element - {"using":"xpath","value":"//*[@id=\"application-manageyards-display-component---NewYard--addressEditDetailsCostObjectCstType-arrow\"]"}
RESULT: {}
RESULT: {"using":"xpath","value":"//*[@id=\"application-manageyards-display-component---NewYard--addressEditDetailsCostObjectCstType-arrow\"]"}
COMMAND: POST /session/8d9404e4e9bea3f53a5c3520fcd44aec/element/f.7EA17D048601C53176965B9346C1EB3C.d.70AE5C4CF856178E377818C4E3519826.e.9268/click - {}
RESULT: {}
COMMAND: POST /session/8d9404e4e9bea3f53a5c3520fcd44aec/element - {"using":"xpath","value":"//span[contains(text(), \"Cost Center\")]"}
COMMAND: GET /session/8d9404e4e9bea3f53a5c3520fcd44aec/screenshot - {}
RESULT: {"using":"xpath","value":"//span[contains(text(), \"Cost Center\")]"}
COMMAND: POST /session/8d9404e4e9bea3f53a5c3520fcd44aec/element/f.7EA17D048601C53176965B9346C1EB3C.d.70AE5C4CF856178E377818C4E3519826.e.9269/click - {}
RESULT: {}
RESULT: {}
COMMAND: GET /session/8d9404e4e9bea3f53a5c3520fcd44aec/screenshot - {}
RESULT: {}
COMMAND: POST /session/8d9404e4e9bea3f53a5c3520fcd44aec/element - {"using":"xpath","value":"//span[@id=\"application-manageyards-display-component---NewYard--addressNewCostObjectCstID-vhi\"]"}
RESULT: {"using":"xpath","value":"//span[@id=\"application-manageyards-display-component---NewYard--addressNewCostObjectCstID-vhi\"]"}
COMMAND: POST /session/8d9404e4e9bea3f53a5c3520fcd44aec/execute/sync - {"script":"<script> [8489 bytes]","args":[{"element-6066-11e4-a52e-4f735466cecf":"f.7EA17D048601C53176965B9346C1EB3C.d.70AE5C4CF856178E377818C4E3519826.e.9273","ELEMENT":"f.7EA17D048601C53176965B9346C1EB3C.d.70AE5C4CF856178E377818C4E3519826.e.9273"}]}
RESULT: {"script":"<script> [8489 bytes]","args":[{"element-6066-11e4-a52e-4f735466cecf":"f.7EA17D048601C53176965B9346C1EB3C.d.70AE5C4CF856178E377818C4E3519826.e.9273","ELEMENT":"f.7EA17D048601C53176965B9346C1EB3C.d.70AE5C4CF856178E377818C4E3519826.e.9273"}]}
COMMAND: POST /session/8d9404e4e9bea3f53a5c3520fcd44aec/execute/async - {"script":"<script> [1562 bytes]","args":[{"selector":{"id":"application-manageyards-display-component---NewYard--addressNewCostObjectCstID-vhi"},"wdio_ui5_key":"applicationmanageyards-display-component---NewYard--addressNewCostObjectCstID-vhi"}]}
COMMAND: GET /session/8d9404e4e9bea3f53a5c3520fcd44aec/screenshot - {}
RESULT: {"script":"<script> [1562 bytes]","args":[{"selector":{"id":"application-manageyards-display-component---NewYard--addressNewCostObjectCstID-vhi"},"wdio_ui5_key":"applicationmanageyards-display-component---NewYard--addressNewCostObjectCstID-vhi"}]}
RESULT: undefined
COMMAND: POST /session/8d9404e4e9bea3f53a5c3520fcd44aec/element - {"using":"xpath","value":"//*[@id=\"application-manageyards-display-component---NewYard--addressNewCostObjectCstID-vhi\"]"}
RESULT: {}
RESULT: {"using":"xpath","value":"//*[@id=\"application-manageyards-display-component---NewYard--addressNewCostObjectCstID-vhi\"]"}
COMMAND: POST /session/8d9404e4e9bea3f53a5c3520fcd44aec/element/f.7EA17D048601C53176965B9346C1EB3C.d.70AE5C4CF856178E377818C4E3519826.e.9273/click - {}
RESULT: {}
COMMAND: GET /session/8d9404e4e9bea3f53a5c3520fcd44aec/screenshot - {}
RESULT: {}
COMMAND: POST /session/8d9404e4e9bea3f53a5c3520fcd44aec/execute/async - {"script":"<script> [1562 bytes]","args":[{"selector":{"controlType":"sap.m.SearchField","properties":{"placeholder":"Search"},"searchOpenDialogs":true,"interaction":{"idSuffix":"I"}},"wdio_ui5_key":"sapm.SearchField{\"placeholder\":\"Search\"}"}]}
RESULT: {"script":"<script> [1562 bytes]","args":[{"selector":{"controlType":"sap.m.SearchField","properties":{"placeholder":"Search"},"searchOpenDialogs":true,"interaction":{"idSuffix":"I"}},"wdio_ui5_key":"sapm.SearchField{\"placeholder\":\"Search\"}"}]}
RESULT: undefined
COMMAND: POST /session/8d9404e4e9bea3f53a5c3520fcd44aec/execute/async - {"script":"<script> [776 bytes]","args":[{"enterText":"bauh_b","selector":{"controlType":"sap.m.SearchField","properties":{"placeholder":"Search"},"searchOpenDialogs":true,"interaction":{"idSuffix":"I"}},"clearTextFirst":true,"interactionType":"ENTER_TEXT"}]}
RESULT: {"script":"<script> [776 bytes]","args":[{"enterText":"bauh_b","selector":{"controlType":"sap.m.SearchField","properties":{"placeholder":"Search"},"searchOpenDialogs":true,"interaction":{"idSuffix":"I"}},"clearTextFirst":true,"interactionType":"ENTER_TEXT"}]}
COMMAND: POST /session/8d9404e4e9bea3f53a5c3520fcd44aec/actions - {"actions":[{"id":"action27","type":"key","parameters":{},"actions":[{"type":"keyDown","value":""},{"type":"pause","duration":10},{"type":"keyUp","value":""}]}]}
RESULT: {"actions":[{"id":"action27","type":"key","parameters":{},"actions":[{"type":"keyDown","value":""},{"type":"pause","duration":10},{"type":"keyUp","value":""}]}]}
COMMAND: GET /session/8d9404e4e9bea3f53a5c3520fcd44aec/screenshot - {}
RESULT: {}
COMMAND: POST /session/8d9404e4e9bea3f53a5c3520fcd44aec/element - {"using":"xpath","value":"//span[contains(text(), \"Demo Yard\")]"}
RESULT: {"using":"xpath","value":"//span[contains(text(), \"Demo Yard\")]"}
COMMAND: POST /session/8d9404e4e9bea3f53a5c3520fcd44aec/element/f.7EA17D048601C53176965B9346C1EB3C.d.70AE5C4CF856178E377818C4E3519826.e.9314/click - {}
RESULT: {}
COMMAND: GET /session/8d9404e4e9bea3f53a5c3520fcd44aec/screenshot - {}
RESULT: {}
COMMAND: POST /session/8d9404e4e9bea3f53a5c3520fcd44aec/element - {"using":"xpath","value":"//bdi[contains(text(), \"OK\")]"}
RESULT: {"using":"xpath","value":"//bdi[contains(text(), \"OK\")]"}
COMMAND: POST /session/8d9404e4e9bea3f53a5c3520fcd44aec/element/f.7EA17D048601C53176965B9346C1EB3C.d.70AE5C4CF856178E377818C4E3519826.e.9315/click - {}
RESULT: {}
COMMAND: GET /session/8d9404e4e9bea3f53a5c3520fcd44aec/screenshot - {}
RESULT: {}
COMMAND: POST /session/8d9404e4e9bea3f53a5c3520fcd44aec/execute/async - {"script":"<script> [1562 bytes]","args":[{"selector":{"id":"application-manageyards-display-component---NewYard--addressEditDetailsCurrency-arrow"},"wdio_ui5_key":"applicationmanageyards-display-component---NewYard--addressEditDetailsCurrency-arrow"}]}
RESULT: {"script":"<script> [1562 bytes]","args":[{"selector":{"id":"application-manageyards-display-component---NewYard--addressEditDetailsCurrency-arrow"},"wdio_ui5_key":"applicationmanageyards-display-component---NewYard--addressEditDetailsCurrency-arrow"}]}
RESULT: undefined
COMMAND: POST /session/8d9404e4e9bea3f53a5c3520fcd44aec/element - {"using":"xpath","value":"//*[@id=\"application-manageyards-display-component---NewYard--addressEditDetailsCurrency-arrow\"]"}
RESULT: {"using":"xpath","value":"//*[@id=\"application-manageyards-display-component---NewYard--addressEditDetailsCurrency-arrow\"]"}
COMMAND: POST /session/8d9404e4e9bea3f53a5c3520fcd44aec/element/f.7EA17D048601C53176965B9346C1EB3C.d.70AE5C4CF856178E377818C4E3519826.e.9318/click - {}
RESULT: {}
COMMAND: POST /session/8d9404e4e9bea3f53a5c3520fcd44aec/element - {"using":"xpath","value":"//span[contains(text(), \"Euro\")]"}
COMMAND: GET /session/8d9404e4e9bea3f53a5c3520fcd44aec/screenshot - {}
RESULT: {"using":"xpath","value":"//span[contains(text(), \"Euro\")]"}
COMMAND: POST /session/8d9404e4e9bea3f53a5c3520fcd44aec/element/f.7EA17D048601C53176965B9346C1EB3C.d.70AE5C4CF856178E377818C4E3519826.e.9319/click - {}
RESULT: {}
RESULT: {}
COMMAND: POST /session/8d9404e4e9bea3f53a5c3520fcd44aec/execute/async - {"script":"<script> [1562 bytes]","args":[{"selector":{"controlType":"sap.m.Input","viewName":"etm.portal.ui.manageyards.view.New","viewId":"application-manageyards-display-component---NewYard","bindingPath":{"path":"","propertyPath":"/CONTROLLING_AREA","modelName":"NewYardModel"},"interaction":{"idSuffix":"inner"}},"wdio_ui5_key":"etmportal.ui.manageyards.view.Newsap.m.Input{\"path\":\"\",\"propertyPath\":\"/CONTROLLING_AREA\",\"modelName\":\"NewYardModel\"}"}]}
COMMAND: GET /session/8d9404e4e9bea3f53a5c3520fcd44aec/screenshot - {}
RESULT: {"script":"<script> [1562 bytes]","args":[{"selector":{"controlType":"sap.m.Input","viewName":"etm.portal.ui.manageyards.view.New","viewId":"application-manageyards-display-component---NewYard","bindingPath":{"path":"","propertyPath":"/CONTROLLING_AREA","modelName":"NewYardModel"},"interaction":{"idSuffix":"inner"}},"wdio_ui5_key":"etmportal.ui.manageyards.view.Newsap.m.Input{\"path\":\"\",\"propertyPath\":\"/CONTROLLING_AREA\",\"modelName\":\"NewYardModel\"}"}]}
RESULT: undefined
COMMAND: POST /session/8d9404e4e9bea3f53a5c3520fcd44aec/execute/async - {"script":"<script> [776 bytes]","args":[{"enterText":"Z001","selector":{"controlType":"sap.m.Input","viewName":"etm.portal.ui.manageyards.view.New","viewId":"application-manageyards-display-component---NewYard","bindingPath":{"path":"","propertyPath":"/CONTROLLING_AREA","modelName":"NewYardModel"},"interaction":{"idSuffix":"inner"}},"clearTextFirst":true,"interactionType":"ENTER_TEXT"}]}
RESULT: {}
RESULT: {"script":"<script> [776 bytes]","args":[{"enterText":"Z001","selector":{"controlType":"sap.m.Input","viewName":"etm.portal.ui.manageyards.view.New","viewId":"application-manageyards-display-component---NewYard","bindingPath":{"path":"","propertyPath":"/CONTROLLING_AREA","modelName":"NewYardModel"},"interaction":{"idSuffix":"inner"}},"clearTextFirst":true,"interactionType":"ENTER_TEXT"}]}
COMMAND: POST /session/8d9404e4e9bea3f53a5c3520fcd44aec/execute/async - {"script":"<script> [1562 bytes]","args":[{"selector":{"id":"application-manageyards-display-component---NewYard--companyCodeComboBox","interaction":{"idSuffix":"inner"}},"wdio_ui5_key":"applicationmanageyards-display-component---NewYard--companyCodeComboBox"}]}
RESULT: {"script":"<script> [1562 bytes]","args":[{"selector":{"id":"application-manageyards-display-component---NewYard--companyCodeComboBox","interaction":{"idSuffix":"inner"}},"wdio_ui5_key":"applicationmanageyards-display-component---NewYard--companyCodeComboBox"}]}
RESULT: undefined
COMMAND: POST /session/8d9404e4e9bea3f53a5c3520fcd44aec/execute/async - {"script":"<script> [776 bytes]","args":[{"enterText":"1000","selector":{"id":"application-manageyards-display-component---NewYard--companyCodeComboBox","interaction":{"idSuffix":"inner"}},"clearTextFirst":true,"interactionType":"ENTER_TEXT"}]}
RESULT: {"script":"<script> [776 bytes]","args":[{"enterText":"1000","selector":{"id":"application-manageyards-display-component---NewYard--companyCodeComboBox","interaction":{"idSuffix":"inner"}},"clearTextFirst":true,"interactionType":"ENTER_TEXT"}]}
COMMAND: POST /session/8d9404e4e9bea3f53a5c3520fcd44aec/execute/async - {"script":"<script> [1562 bytes]","args":[{"selector":{"controlType":"sap.m.Input","viewName":"etm.portal.ui.manageyards.view.New","viewId":"application-manageyards-display-component---NewYard","bindingPath":{"path":"","propertyPath":"/PLANT","modelName":"NewYardModel"},"interaction":{"idSuffix":"inner"}},"wdio_ui5_key":"etmportal.ui.manageyards.view.Newsap.m.Input{\"path\":\"\",\"propertyPath\":\"/PLANT\",\"modelName\":\"NewYardModel\"}"}]}
RESULT: {"script":"<script> [1562 bytes]","args":[{"selector":{"controlType":"sap.m.Input","viewName":"etm.portal.ui.manageyards.view.New","viewId":"application-manageyards-display-component---NewYard","bindingPath":{"path":"","propertyPath":"/PLANT","modelName":"NewYardModel"},"interaction":{"idSuffix":"inner"}},"wdio_ui5_key":"etmportal.ui.manageyards.view.Newsap.m.Input{\"path\":\"\",\"propertyPath\":\"/PLANT\",\"modelName\":\"NewYardModel\"}"}]}
RESULT: undefined
COMMAND: POST /session/8d9404e4e9bea3f53a5c3520fcd44aec/execute/async - {"script":"<script> [776 bytes]","args":[{"enterText":"1001","selector":{"controlType":"sap.m.Input","viewName":"etm.portal.ui.manageyards.view.New","viewId":"application-manageyards-display-component---NewYard","bindingPath":{"path":"","propertyPath":"/PLANT","modelName":"NewYardModel"},"interaction":{"idSuffix":"inner"}},"clearTextFirst":true,"interactionType":"ENTER_TEXT"}]}
RESULT: {"script":"<script> [776 bytes]","args":[{"enterText":"1001","selector":{"controlType":"sap.m.Input","viewName":"etm.portal.ui.manageyards.view.New","viewId":"application-manageyards-display-component---NewYard","bindingPath":{"path":"","propertyPath":"/PLANT","modelName":"NewYardModel"},"interaction":{"idSuffix":"inner"}},"clearTextFirst":true,"interactionType":"ENTER_TEXT"}]}
COMMAND: POST /session/8d9404e4e9bea3f53a5c3520fcd44aec/execute/async - {"script":"<script> [1562 bytes]","args":[{"selector":{"controlType":"sap.m.Input","viewName":"etm.portal.ui.manageyards.view.New","viewId":"application-manageyards-display-component---NewYard","bindingPath":{"path":"","propertyPath":"/SALES_AREA_VKORG","modelName":"NewYardModel"},"interaction":{"idSuffix":"inner"}},"wdio_ui5_key":"etmportal.ui.manageyards.view.Newsap.m.Input{\"path\":\"\",\"propertyPath\":\"/SALES_AREA_VKORG\",\"modelName\":\"NewYardModel\"}"}]}
RESULT: {"script":"<script> [1562 bytes]","args":[{"selector":{"controlType":"sap.m.Input","viewName":"etm.portal.ui.manageyards.view.New","viewId":"application-manageyards-display-component---NewYard","bindingPath":{"path":"","propertyPath":"/SALES_AREA_VKORG","modelName":"NewYardModel"},"interaction":{"idSuffix":"inner"}},"wdio_ui5_key":"etmportal.ui.manageyards.view.Newsap.m.Input{\"path\":\"\",\"propertyPath\":\"/SALES_AREA_VKORG\",\"modelName\":\"NewYardModel\"}"}]}
RESULT: undefined
COMMAND: POST /session/8d9404e4e9bea3f53a5c3520fcd44aec/execute/async - {"script":"<script> [776 bytes]","args":[{"enterText":"C002","selector":{"controlType":"sap.m.Input","viewName":"etm.portal.ui.manageyards.view.New","viewId":"application-manageyards-display-component---NewYard","bindingPath":{"path":"","propertyPath":"/SALES_AREA_VKORG","modelName":"NewYardModel"},"interaction":{"idSuffix":"inner"}},"clearTextFirst":true,"interactionType":"ENTER_TEXT"}]}
RESULT: {"script":"<script> [776 bytes]","args":[{"enterText":"C002","selector":{"controlType":"sap.m.Input","viewName":"etm.portal.ui.manageyards.view.New","viewId":"application-manageyards-display-component---NewYard","bindingPath":{"path":"","propertyPath":"/SALES_AREA_VKORG","modelName":"NewYardModel"},"interaction":{"idSuffix":"inner"}},"clearTextFirst":true,"interactionType":"ENTER_TEXT"}]}
COMMAND: POST /session/8d9404e4e9bea3f53a5c3520fcd44aec/execute/async - {"script":"<script> [1562 bytes]","args":[{"selector":{"controlType":"sap.m.Input","viewName":"etm.portal.ui.manageyards.view.New","viewId":"application-manageyards-display-component---NewYard","bindingPath":{"path":"","propertyPath":"/SALES_AREA_VTWEG","modelName":"NewYardModel"},"interaction":{"idSuffix":"inner"}},"wdio_ui5_key":"etmportal.ui.manageyards.view.Newsap.m.Input{\"path\":\"\",\"propertyPath\":\"/SALES_AREA_VTWEG\",\"modelName\":\"NewYardModel\"}"}]}
RESULT: {"script":"<script> [1562 bytes]","args":[{"selector":{"controlType":"sap.m.Input","viewName":"etm.portal.ui.manageyards.view.New","viewId":"application-manageyards-display-component---NewYard","bindingPath":{"path":"","propertyPath":"/SALES_AREA_VTWEG","modelName":"NewYardModel"},"interaction":{"idSuffix":"inner"}},"wdio_ui5_key":"etmportal.ui.manageyards.view.Newsap.m.Input{\"path\":\"\",\"propertyPath\":\"/SALES_AREA_VTWEG\",\"modelName\":\"NewYardModel\"}"}]}
RESULT: undefined
COMMAND: POST /session/8d9404e4e9bea3f53a5c3520fcd44aec/execute/async - {"script":"<script> [776 bytes]","args":[{"enterText":"C2","selector":{"controlType":"sap.m.Input","viewName":"etm.portal.ui.manageyards.view.New","viewId":"application-manageyards-display-component---NewYard","bindingPath":{"path":"","propertyPath":"/SALES_AREA_VTWEG","modelName":"NewYardModel"},"interaction":{"idSuffix":"inner"}},"clearTextFirst":true,"interactionType":"ENTER_TEXT"}]}
RESULT: {"script":"<script> [776 bytes]","args":[{"enterText":"C2","selector":{"controlType":"sap.m.Input","viewName":"etm.portal.ui.manageyards.view.New","viewId":"application-manageyards-display-component---NewYard","bindingPath":{"path":"","propertyPath":"/SALES_AREA_VTWEG","modelName":"NewYardModel"},"interaction":{"idSuffix":"inner"}},"clearTextFirst":true,"interactionType":"ENTER_TEXT"}]}
COMMAND: POST /session/8d9404e4e9bea3f53a5c3520fcd44aec/execute/async - {"script":"<script> [1562 bytes]","args":[{"selector":{"controlType":"sap.m.Input","viewName":"etm.portal.ui.manageyards.view.New","viewId":"application-manageyards-display-component---NewYard","bindingPath":{"path":"","propertyPath":"/SALES_AREA_SPART","modelName":"NewYardModel"},"interaction":{"idSuffix":"inner"}},"wdio_ui5_key":"etmportal.ui.manageyards.view.Newsap.m.Input{\"path\":\"\",\"propertyPath\":\"/SALES_AREA_SPART\",\"modelName\":\"NewYardModel\"}"}]}
RESULT: {"script":"<script> [1562 bytes]","args":[{"selector":{"controlType":"sap.m.Input","viewName":"etm.portal.ui.manageyards.view.New","viewId":"application-manageyards-display-component---NewYard","bindingPath":{"path":"","propertyPath":"/SALES_AREA_SPART","modelName":"NewYardModel"},"interaction":{"idSuffix":"inner"}},"wdio_ui5_key":"etmportal.ui.manageyards.view.Newsap.m.Input{\"path\":\"\",\"propertyPath\":\"/SALES_AREA_SPART\",\"modelName\":\"NewYardModel\"}"}]}
RESULT: undefined
COMMAND: POST /session/8d9404e4e9bea3f53a5c3520fcd44aec/execute/async - {"script":"<script> [776 bytes]","args":[{"enterText":"C2","selector":{"controlType":"sap.m.Input","viewName":"etm.portal.ui.manageyards.view.New","viewId":"application-manageyards-display-component---NewYard","bindingPath":{"path":"","propertyPath":"/SALES_AREA_SPART","modelName":"NewYardModel"},"interaction":{"idSuffix":"inner"}},"clearTextFirst":true,"interactionType":"ENTER_TEXT"}]}
RESULT: {"script":"<script> [776 bytes]","args":[{"enterText":"C2","selector":{"controlType":"sap.m.Input","viewName":"etm.portal.ui.manageyards.view.New","viewId":"application-manageyards-display-component---NewYard","bindingPath":{"path":"","propertyPath":"/SALES_AREA_SPART","modelName":"NewYardModel"},"interaction":{"idSuffix":"inner"}},"clearTextFirst":true,"interactionType":"ENTER_TEXT"}]}
COMMAND: POST /session/8d9404e4e9bea3f53a5c3520fcd44aec/execute/async - {"script":"<script> [1562 bytes]","args":[{"selector":{"controlType":"sap.m.Input","viewName":"etm.portal.ui.manageyards.view.New","viewId":"application-manageyards-display-component---NewYard","bindingPath":{"path":"","propertyPath":"/SHIP_POINT","modelName":"NewYardModel"},"interaction":{"idSuffix":"inner"}},"wdio_ui5_key":"etmportal.ui.manageyards.view.Newsap.m.Input{\"path\":\"\",\"propertyPath\":\"/SHIP_POINT\",\"modelName\":\"NewYardModel\"}"}]}
RESULT: {"script":"<script> [1562 bytes]","args":[{"selector":{"controlType":"sap.m.Input","viewName":"etm.portal.ui.manageyards.view.New","viewId":"application-manageyards-display-component---NewYard","bindingPath":{"path":"","propertyPath":"/SHIP_POINT","modelName":"NewYardModel"},"interaction":{"idSuffix":"inner"}},"wdio_ui5_key":"etmportal.ui.manageyards.view.Newsap.m.Input{\"path\":\"\",\"propertyPath\":\"/SHIP_POINT\",\"modelName\":\"NewYardModel\"}"}]}
RESULT: undefined
COMMAND: POST /session/8d9404e4e9bea3f53a5c3520fcd44aec/execute/async - {"script":"<script> [776 bytes]","args":[{"enterText":"1710","selector":{"controlType":"sap.m.Input","viewName":"etm.portal.ui.manageyards.view.New","viewId":"application-manageyards-display-component---NewYard","bindingPath":{"path":"","propertyPath":"/SHIP_POINT","modelName":"NewYardModel"},"interaction":{"idSuffix":"inner"}},"clearTextFirst":true,"interactionType":"ENTER_TEXT"}]}
RESULT: {"script":"<script> [776 bytes]","args":[{"enterText":"1710","selector":{"controlType":"sap.m.Input","viewName":"etm.portal.ui.manageyards.view.New","viewId":"application-manageyards-display-component---NewYard","bindingPath":{"path":"","propertyPath":"/SHIP_POINT","modelName":"NewYardModel"},"interaction":{"idSuffix":"inner"}},"clearTextFirst":true,"interactionType":"ENTER_TEXT"}]}
COMMAND: POST /session/8d9404e4e9bea3f53a5c3520fcd44aec/execute/async - {"script":"<script> [1562 bytes]","args":[{"selector":{"controlType":"sap.m.Input","viewName":"etm.portal.ui.manageyards.view.New","viewId":"application-manageyards-display-component---NewYard","bindingPath":{"path":"","propertyPath":"/DELIVERY_TYPE","modelName":"NewYardModel"},"interaction":{"idSuffix":"inner"}},"wdio_ui5_key":"etmportal.ui.manageyards.view.Newsap.m.Input{\"path\":\"\",\"propertyPath\":\"/DELIVERY_TYPE\",\"modelName\":\"NewYardModel\"}"}]}
RESULT: {"script":"<script> [1562 bytes]","args":[{"selector":{"controlType":"sap.m.Input","viewName":"etm.portal.ui.manageyards.view.New","viewId":"application-manageyards-display-component---NewYard","bindingPath":{"path":"","propertyPath":"/DELIVERY_TYPE","modelName":"NewYardModel"},"interaction":{"idSuffix":"inner"}},"wdio_ui5_key":"etmportal.ui.manageyards.view.Newsap.m.Input{\"path\":\"\",\"propertyPath\":\"/DELIVERY_TYPE\",\"modelName\":\"NewYardModel\"}"}]}
RESULT: undefined
COMMAND: POST /session/8d9404e4e9bea3f53a5c3520fcd44aec/execute/async - {"script":"<script> [776 bytes]","args":[{"enterText":"ZL01","selector":{"controlType":"sap.m.Input","viewName":"etm.portal.ui.manageyards.view.New","viewId":"application-manageyards-display-component---NewYard","bindingPath":{"path":"","propertyPath":"/DELIVERY_TYPE","modelName":"NewYardModel"},"interaction":{"idSuffix":"inner"}},"clearTextFirst":true,"interactionType":"ENTER_TEXT"}]}
RESULT: {"script":"<script> [776 bytes]","args":[{"enterText":"ZL01","selector":{"controlType":"sap.m.Input","viewName":"etm.portal.ui.manageyards.view.New","viewId":"application-manageyards-display-component---NewYard","bindingPath":{"path":"","propertyPath":"/DELIVERY_TYPE","modelName":"NewYardModel"},"interaction":{"idSuffix":"inner"}},"clearTextFirst":true,"interactionType":"ENTER_TEXT"}]}
COMMAND: POST /session/8d9404e4e9bea3f53a5c3520fcd44aec/execute/async - {"script":"<script> [1562 bytes]","args":[{"selector":{"controlType":"sap.m.Input","viewName":"etm.portal.ui.manageyards.view.New","viewId":"application-manageyards-display-component---NewYard","bindingPath":{"path":"","propertyPath":"/AUART","modelName":"NewYardModel"},"interaction":{"idSuffix":"inner"}},"wdio_ui5_key":"etmportal.ui.manageyards.view.Newsap.m.Input{\"path\":\"\",\"propertyPath\":\"/AUART\",\"modelName\":\"NewYardModel\"}"}]}
RESULT: {"script":"<script> [1562 bytes]","args":[{"selector":{"controlType":"sap.m.Input","viewName":"etm.portal.ui.manageyards.view.New","viewId":"application-manageyards-display-component---NewYard","bindingPath":{"path":"","propertyPath":"/AUART","modelName":"NewYardModel"},"interaction":{"idSuffix":"inner"}},"wdio_ui5_key":"etmportal.ui.manageyards.view.Newsap.m.Input{\"path\":\"\",\"propertyPath\":\"/AUART\",\"modelName\":\"NewYardModel\"}"}]}
RESULT: undefined
COMMAND: POST /session/8d9404e4e9bea3f53a5c3520fcd44aec/execute/async - {"script":"<script> [776 bytes]","args":[{"enterText":"TA","selector":{"controlType":"sap.m.Input","viewName":"etm.portal.ui.manageyards.view.New","viewId":"application-manageyards-display-component---NewYard","bindingPath":{"path":"","propertyPath":"/AUART","modelName":"NewYardModel"},"interaction":{"idSuffix":"inner"}},"clearTextFirst":true,"interactionType":"ENTER_TEXT"}]}
RESULT: {"script":"<script> [776 bytes]","args":[{"enterText":"TA","selector":{"controlType":"sap.m.Input","viewName":"etm.portal.ui.manageyards.view.New","viewId":"application-manageyards-display-component---NewYard","bindingPath":{"path":"","propertyPath":"/AUART","modelName":"NewYardModel"},"interaction":{"idSuffix":"inner"}},"clearTextFirst":true,"interactionType":"ENTER_TEXT"}]}
COMMAND: POST /session/8d9404e4e9bea3f53a5c3520fcd44aec/element - {"using":"xpath","value":"//button[@data-kt=\"newYardSaveButton\"]"}
RESULT: {"using":"xpath","value":"//button[@data-kt=\"newYardSaveButton\"]"}
COMMAND: POST /session/8d9404e4e9bea3f53a5c3520fcd44aec/element/f.7EA17D048601C53176965B9346C1EB3C.d.70AE5C4CF856178E377818C4E3519826.e.9247/click - {}
RESULT: {}
COMMAND: GET /session/8d9404e4e9bea3f53a5c3520fcd44aec/screenshot - {}
RESULT: {}
COMMAND: POST /session/8d9404e4e9bea3f53a5c3520fcd44aec/element - {"using":"xpath","value":"//header[contains(@id, 'ObjectPageLayout-headerTitle')]/div[1]/div[2]/div[1]/span[1]"}
RESULT: {"using":"xpath","value":"//header[contains(@id, 'ObjectPageLayout-headerTitle')]/div[1]/div[2]/div[1]/span[1]"}
COMMAND: POST /session/8d9404e4e9bea3f53a5c3520fcd44aec/elements - {"using":"xpath","value":"//header[contains(@id, 'ObjectPageLayout-headerTitle')]/div[1]/div[2]/div[1]/span[1]"}
RESULT: {"using":"xpath","value":"//header[contains(@id, 'ObjectPageLayout-headerTitle')]/div[1]/div[2]/div[1]/span[1]"}
COMMAND: POST /session/8d9404e4e9bea3f53a5c3520fcd44aec/execute/sync - {"script":"<script> [56 bytes]","args":[{"element-6066-11e4-a52e-4f735466cecf":"f.7EA17D048601C53176965B9346C1EB3C.d.70AE5C4CF856178E377818C4E3519826.e.9536","ELEMENT":"f.7EA17D048601C53176965B9346C1EB3C.d.70AE5C4CF856178E377818C4E3519826.e.9536"}]}
RESULT: {"script":"<script> [56 bytes]","args":[{"element-6066-11e4-a52e-4f735466cecf":"f.7EA17D048601C53176965B9346C1EB3C.d.70AE5C4CF856178E377818C4E3519826.e.9536","ELEMENT":"f.7EA17D048601C53176965B9346C1EB3C.d.70AE5C4CF856178E377818C4E3519826.e.9536"}]}
COMMAND: GET /session/8d9404e4e9bea3f53a5c3520fcd44aec/screenshot - {}
RESULT: {}
COMMAND: POST /session/8d9404e4e9bea3f53a5c3520fcd44aec/element - {"using":"css selector","value":"#shell-header-logo"}
RESULT: {"using":"css selector","value":"#shell-header-logo"}
COMMAND: POST /session/8d9404e4e9bea3f53a5c3520fcd44aec/element/f.7EA17D048601C53176965B9346C1EB3C.d.70AE5C4CF856178E377818C4E3519826.e.8800/click - {}
RESULT: {}
COMMAND: GET /session/8d9404e4e9bea3f53a5c3520fcd44aec/screenshot - {}
RESULT: {}
COMMAND: POST /session/8d9404e4e9bea3f53a5c3520fcd44aec/execute/sync - {"script":"<script> [299 bytes]","args":[["getModel","getResource"]]}
RESULT: {"script":"<script> [299 bytes]","args":[["getModel","getResource"]]}
COMMAND: GET /session/8d9404e4e9bea3f53a5c3520fcd44aec/screenshot - {}
]]></system-out>
    </testcase>
    <testcase classname="chrome.136_0_7103_93.windows.Create_partner_US118246" name="Should create new external partner" time="100.23">
      <failure/>
      <error message="Partner ID did not appear after 10 seconds"/>
      <system-out><![CDATA[
COMMAND: POST /session/8d9404e4e9bea3f53a5c3520fcd44aec/window/fullscreen - {}
RESULT: {}
RESULT: {}
COMMAND: POST /session/8d9404e4e9bea3f53a5c3520fcd44aec/execute/async - {"script":"<script> [1562 bytes]","args":[{"selector":{"controlType":"sap.m.GenericTile","properties":{"header":"Manage Partners"}},"wdio_ui5_key":"sapm.GenericTile{\"header\":\"Manage Partners\"}"}]}
RESULT: {"script":"<script> [1562 bytes]","args":[{"selector":{"controlType":"sap.m.GenericTile","properties":{"header":"Manage Partners"}},"wdio_ui5_key":"sapm.GenericTile{\"header\":\"Manage Partners\"}"}]}
RESULT: undefined
COMMAND: POST /session/8d9404e4e9bea3f53a5c3520fcd44aec/element - {"using":"xpath","value":"//*[@id=\"__tile38\"]"}
RESULT: {"using":"xpath","value":"//*[@id=\"__tile38\"]"}
COMMAND: POST /session/8d9404e4e9bea3f53a5c3520fcd44aec/element/f.7EA17D048601C53176965B9346C1EB3C.d.70AE5C4CF856178E377818C4E3519826.e.8686/click - {}
RESULT: {}
COMMAND: GET /session/8d9404e4e9bea3f53a5c3520fcd44aec/screenshot - {}
COMMAND: POST /session/8d9404e4e9bea3f53a5c3520fcd44aec/elements - {"using":"xpath","value":"//span[text()='Error']"}
RESULT: {}
RESULT: {"using":"xpath","value":"//span[text()='Error']"}
COMMAND: POST /session/8d9404e4e9bea3f53a5c3520fcd44aec/element - {"using":"xpath","value":"//button[@data-kt=\"addButton\"]"}
RESULT: {"using":"xpath","value":"//button[@data-kt=\"addButton\"]"}
COMMAND: POST /session/8d9404e4e9bea3f53a5c3520fcd44aec/elements - {"using":"xpath","value":"//button[@data-kt=\"addButton\"]"}
RESULT: {"using":"xpath","value":"//button[@data-kt=\"addButton\"]"}
COMMAND: POST /session/8d9404e4e9bea3f53a5c3520fcd44aec/elements - {"using":"xpath","value":"//button[@data-kt=\"addButton\"]"}
RESULT: {"using":"xpath","value":"//button[@data-kt=\"addButton\"]"}
COMMAND: POST /session/8d9404e4e9bea3f53a5c3520fcd44aec/elements - {"using":"xpath","value":"//button[@data-kt=\"addButton\"]"}
RESULT: {"using":"xpath","value":"//button[@data-kt=\"addButton\"]"}
COMMAND: POST /session/8d9404e4e9bea3f53a5c3520fcd44aec/elements - {"using":"xpath","value":"//button[@data-kt=\"addButton\"]"}
RESULT: {"using":"xpath","value":"//button[@data-kt=\"addButton\"]"}
COMMAND: POST /session/8d9404e4e9bea3f53a5c3520fcd44aec/elements - {"using":"xpath","value":"//button[@data-kt=\"addButton\"]"}
RESULT: {"using":"xpath","value":"//button[@data-kt=\"addButton\"]"}
COMMAND: POST /session/8d9404e4e9bea3f53a5c3520fcd44aec/element - {"using":"xpath","value":"//button[@data-kt=\"addButton\"]"}
RESULT: {"using":"xpath","value":"//button[@data-kt=\"addButton\"]"}
COMMAND: POST /session/8d9404e4e9bea3f53a5c3520fcd44aec/execute/sync - {"script":"<script> [8489 bytes]","args":[{"element-6066-11e4-a52e-4f735466cecf":"f.7EA17D048601C53176965B9346C1EB3C.d.70AE5C4CF856178E377818C4E3519826.e.9575","ELEMENT":"f.7EA17D048601C53176965B9346C1EB3C.d.70AE5C4CF856178E377818C4E3519826.e.9575"}]}
RESULT: {"script":"<script> [8489 bytes]","args":[{"element-6066-11e4-a52e-4f735466cecf":"f.7EA17D048601C53176965B9346C1EB3C.d.70AE5C4CF856178E377818C4E3519826.e.9575","ELEMENT":"f.7EA17D048601C53176965B9346C1EB3C.d.70AE5C4CF856178E377818C4E3519826.e.9575"}]}
COMMAND: GET /session/8d9404e4e9bea3f53a5c3520fcd44aec/element/f.7EA17D048601C53176965B9346C1EB3C.d.70AE5C4CF856178E377818C4E3519826.e.9575/enabled - {}
COMMAND: GET /session/8d9404e4e9bea3f53a5c3520fcd44aec/screenshot - {}
RESULT: {}
COMMAND: POST /session/8d9404e4e9bea3f53a5c3520fcd44aec/execute/sync - {"script":"<script> [8489 bytes]","args":[{"element-6066-11e4-a52e-4f735466cecf":"f.7EA17D048601C53176965B9346C1EB3C.d.70AE5C4CF856178E377818C4E3519826.e.9575","ELEMENT":"f.7EA17D048601C53176965B9346C1EB3C.d.70AE5C4CF856178E377818C4E3519826.e.9575"}]}
COMMAND: GET /session/8d9404e4e9bea3f53a5c3520fcd44aec/screenshot - {}
RESULT: {}
RESULT: {"script":"<script> [8489 bytes]","args":[{"element-6066-11e4-a52e-4f735466cecf":"f.7EA17D048601C53176965B9346C1EB3C.d.70AE5C4CF856178E377818C4E3519826.e.9575","ELEMENT":"f.7EA17D048601C53176965B9346C1EB3C.d.70AE5C4CF856178E377818C4E3519826.e.9575"}]}
COMMAND: POST /session/8d9404e4e9bea3f53a5c3520fcd44aec/execute/sync - {"script":"<script> [5351 bytes]","args":[{"element-6066-11e4-a52e-4f735466cecf":"f.7EA17D048601C53176965B9346C1EB3C.d.70AE5C4CF856178E377818C4E3519826.e.9575","ELEMENT":"f.7EA17D048601C53176965B9346C1EB3C.d.70AE5C4CF856178E377818C4E3519826.e.9575"}]}
COMMAND: GET /session/8d9404e4e9bea3f53a5c3520fcd44aec/screenshot - {}
RESULT: {}
RESULT: {"script":"<script> [5351 bytes]","args":[{"element-6066-11e4-a52e-4f735466cecf":"f.7EA17D048601C53176965B9346C1EB3C.d.70AE5C4CF856178E377818C4E3519826.e.9575","ELEMENT":"f.7EA17D048601C53176965B9346C1EB3C.d.70AE5C4CF856178E377818C4E3519826.e.9575"}]}
COMMAND: POST /session/8d9404e4e9bea3f53a5c3520fcd44aec/element/f.7EA17D048601C53176965B9346C1EB3C.d.70AE5C4CF856178E377818C4E3519826.e.9575/click - {}
COMMAND: GET /session/8d9404e4e9bea3f53a5c3520fcd44aec/screenshot - {}
RESULT: {}
RESULT: {}
COMMAND: GET /session/8d9404e4e9bea3f53a5c3520fcd44aec/screenshot - {}
COMMAND: POST /session/8d9404e4e9bea3f53a5c3520fcd44aec/execute/async - {"script":"<script> [1562 bytes]","args":[{"selector":{"id":"application-managepartners-display-component---NewPartner--addressDetailDetailsName1","interaction":{"idSuffix":"inner"}},"wdio_ui5_key":"applicationmanagepartners-display-component---NewPartner--addressDetailDetailsName1"}]}
RESULT: {}
RESULT: {}
RESULT: {"script":"<script> [1562 bytes]","args":[{"selector":{"id":"application-managepartners-display-component---NewPartner--addressDetailDetailsName1","interaction":{"idSuffix":"inner"}},"wdio_ui5_key":"applicationmanagepartners-display-component---NewPartner--addressDetailDetailsName1"}]}
RESULT: undefined
COMMAND: POST /session/8d9404e4e9bea3f53a5c3520fcd44aec/execute/async - {"script":"<script> [776 bytes]","args":[{"enterText":"External Partner WDIO","selector":{"id":"application-managepartners-display-component---NewPartner--addressDetailDetailsName1","interaction":{"idSuffix":"inner"}},"clearTextFirst":true,"interactionType":"ENTER_TEXT"}]}
RESULT: {"script":"<script> [776 bytes]","args":[{"enterText":"External Partner WDIO","selector":{"id":"application-managepartners-display-component---NewPartner--addressDetailDetailsName1","interaction":{"idSuffix":"inner"}},"clearTextFirst":true,"interactionType":"ENTER_TEXT"}]}
COMMAND: POST /session/8d9404e4e9bea3f53a5c3520fcd44aec/execute/async - {"script":"<script> [1562 bytes]","args":[{"selector":{"id":"application-managepartners-display-component---NewPartner--addressDetailDetailsLanguage-arrow"},"wdio_ui5_key":"applicationmanagepartners-display-component---NewPartner--addressDetailDetailsLanguage-arrow"}]}
RESULT: {"script":"<script> [1562 bytes]","args":[{"selector":{"id":"application-managepartners-display-component---NewPartner--addressDetailDetailsLanguage-arrow"},"wdio_ui5_key":"applicationmanagepartners-display-component---NewPartner--addressDetailDetailsLanguage-arrow"}]}
RESULT: undefined
COMMAND: POST /session/8d9404e4e9bea3f53a5c3520fcd44aec/element - {"using":"xpath","value":"//*[@id=\"application-managepartners-display-component---NewPartner--addressDetailDetailsLanguage-arrow\"]"}
RESULT: {"using":"xpath","value":"//*[@id=\"application-managepartners-display-component---NewPartner--addressDetailDetailsLanguage-arrow\"]"}
COMMAND: POST /session/8d9404e4e9bea3f53a5c3520fcd44aec/element/f.7EA17D048601C53176965B9346C1EB3C.d.70AE5C4CF856178E377818C4E3519826.e.9985/click - {}
RESULT: {}
COMMAND: POST /session/8d9404e4e9bea3f53a5c3520fcd44aec/element - {"using":"xpath","value":"//span[contains(text(), \"English\")]"}
COMMAND: GET /session/8d9404e4e9bea3f53a5c3520fcd44aec/screenshot - {}
RESULT: {"using":"xpath","value":"//span[contains(text(), \"English\")]"}
COMMAND: POST /session/8d9404e4e9bea3f53a5c3520fcd44aec/element/f.7EA17D048601C53176965B9346C1EB3C.d.70AE5C4CF856178E377818C4E3519826.e.9986/click - {}
RESULT: {}
RESULT: {}
COMMAND: GET /session/8d9404e4e9bea3f53a5c3520fcd44aec/screenshot - {}
RESULT: {}
COMMAND: POST /session/8d9404e4e9bea3f53a5c3520fcd44aec/execute/async - {"script":"<script> [1562 bytes]","args":[{"selector":{"id":"application-managepartners-display-component---NewPartner--addressDetailDetailsCity1","interaction":{"idSuffix":"inner"}},"wdio_ui5_key":"applicationmanagepartners-display-component---NewPartner--addressDetailDetailsCity1"}]}
RESULT: {"script":"<script> [1562 bytes]","args":[{"selector":{"id":"application-managepartners-display-component---NewPartner--addressDetailDetailsCity1","interaction":{"idSuffix":"inner"}},"wdio_ui5_key":"applicationmanagepartners-display-component---NewPartner--addressDetailDetailsCity1"}]}
RESULT: undefined
COMMAND: POST /session/8d9404e4e9bea3f53a5c3520fcd44aec/execute/async - {"script":"<script> [776 bytes]","args":[{"enterText":"Rosario","selector":{"id":"application-managepartners-display-component---NewPartner--addressDetailDetailsCity1","interaction":{"idSuffix":"inner"}},"clearTextFirst":true,"interactionType":"ENTER_TEXT"}]}
RESULT: {"script":"<script> [776 bytes]","args":[{"enterText":"Rosario","selector":{"id":"application-managepartners-display-component---NewPartner--addressDetailDetailsCity1","interaction":{"idSuffix":"inner"}},"clearTextFirst":true,"interactionType":"ENTER_TEXT"}]}
COMMAND: POST /session/8d9404e4e9bea3f53a5c3520fcd44aec/execute/async - {"script":"<script> [1562 bytes]","args":[{"selector":{"id":"application-managepartners-display-component---NewPartner--addressDetailDetailsCountry-arrow"},"wdio_ui5_key":"applicationmanagepartners-display-component---NewPartner--addressDetailDetailsCountry-arrow"}]}
RESULT: {"script":"<script> [1562 bytes]","args":[{"selector":{"id":"application-managepartners-display-component---NewPartner--addressDetailDetailsCountry-arrow"},"wdio_ui5_key":"applicationmanagepartners-display-component---NewPartner--addressDetailDetailsCountry-arrow"}]}
RESULT: undefined
COMMAND: POST /session/8d9404e4e9bea3f53a5c3520fcd44aec/element - {"using":"xpath","value":"//*[@id=\"application-managepartners-display-component---NewPartner--addressDetailDetailsCountry-arrow\"]"}
RESULT: {"using":"xpath","value":"//*[@id=\"application-managepartners-display-component---NewPartner--addressDetailDetailsCountry-arrow\"]"}
COMMAND: POST /session/8d9404e4e9bea3f53a5c3520fcd44aec/element/f.7EA17D048601C53176965B9346C1EB3C.d.70AE5C4CF856178E377818C4E3519826.e.9960/click - {}
RESULT: {}
COMMAND: POST /session/8d9404e4e9bea3f53a5c3520fcd44aec/element - {"using":"xpath","value":"//span[contains(text(), \"Argentina\")]"}
COMMAND: GET /session/8d9404e4e9bea3f53a5c3520fcd44aec/screenshot - {}
RESULT: {"using":"xpath","value":"//span[contains(text(), \"Argentina\")]"}
COMMAND: POST /session/8d9404e4e9bea3f53a5c3520fcd44aec/element/f.7EA17D048601C53176965B9346C1EB3C.d.70AE5C4CF856178E377818C4E3519826.e.9988/click - {}
RESULT: {}
RESULT: {}
COMMAND: GET /session/8d9404e4e9bea3f53a5c3520fcd44aec/screenshot - {}
RESULT: {}
COMMAND: POST /session/8d9404e4e9bea3f53a5c3520fcd44aec/element - {"using":"xpath","value":"//bdi[contains(text(), \"Commercial\")]"}
RESULT: {"using":"xpath","value":"//bdi[contains(text(), \"Commercial\")]"}
COMMAND: POST /session/8d9404e4e9bea3f53a5c3520fcd44aec/element/f.7EA17D048601C53176965B9346C1EB3C.d.70AE5C4CF856178E377818C4E3519826.e.9989/click - {}
RESULT: {}
COMMAND: GET /session/8d9404e4e9bea3f53a5c3520fcd44aec/screenshot - {}
RESULT: {}
COMMAND: POST /session/8d9404e4e9bea3f53a5c3520fcd44aec/execute/async - {"script":"<script> [1562 bytes]","args":[{"selector":{"id":"application-managepartners-display-component---NewPartner--partnerDetailInternal-arrow"},"wdio_ui5_key":"applicationmanagepartners-display-component---NewPartner--partnerDetailInternal-arrow"}]}
RESULT: {"script":"<script> [1562 bytes]","args":[{"selector":{"id":"application-managepartners-display-component---NewPartner--partnerDetailInternal-arrow"},"wdio_ui5_key":"applicationmanagepartners-display-component---NewPartner--partnerDetailInternal-arrow"}]}
RESULT: undefined
COMMAND: POST /session/8d9404e4e9bea3f53a5c3520fcd44aec/element - {"using":"xpath","value":"//*[@id=\"application-managepartners-display-component---NewPartner--partnerDetailInternal-arrow\"]"}
RESULT: {"using":"xpath","value":"//*[@id=\"application-managepartners-display-component---NewPartner--partnerDetailInternal-arrow\"]"}
COMMAND: POST /session/8d9404e4e9bea3f53a5c3520fcd44aec/element/f.7EA17D048601C53176965B9346C1EB3C.d.70AE5C4CF856178E377818C4E3519826.e.9995/click - {}
RESULT: {}
COMMAND: POST /session/8d9404e4e9bea3f53a5c3520fcd44aec/element - {"using":"xpath","value":"//span[contains(text(), \"External partner\")]"}
COMMAND: GET /session/8d9404e4e9bea3f53a5c3520fcd44aec/screenshot - {}
RESULT: {"using":"xpath","value":"//span[contains(text(), \"External partner\")]"}
COMMAND: POST /session/8d9404e4e9bea3f53a5c3520fcd44aec/element/f.7EA17D048601C53176965B9346C1EB3C.d.70AE5C4CF856178E377818C4E3519826.e.9996/click - {}
RESULT: {}
RESULT: {}
COMMAND: POST /session/8d9404e4e9bea3f53a5c3520fcd44aec/execute/async - {"script":"<script> [1562 bytes]","args":[{"selector":{"id":"application-managepartners-display-component---NewPartner--partnerDetailsCurrency-arrow"},"wdio_ui5_key":"applicationmanagepartners-display-component---NewPartner--partnerDetailsCurrency-arrow"}]}
COMMAND: GET /session/8d9404e4e9bea3f53a5c3520fcd44aec/screenshot - {}
RESULT: {"script":"<script> [1562 bytes]","args":[{"selector":{"id":"application-managepartners-display-component---NewPartner--partnerDetailsCurrency-arrow"},"wdio_ui5_key":"applicationmanagepartners-display-component---NewPartner--partnerDetailsCurrency-arrow"}]}
RESULT: undefined
COMMAND: POST /session/8d9404e4e9bea3f53a5c3520fcd44aec/element - {"using":"xpath","value":"//*[@id=\"application-managepartners-display-component---NewPartner--partnerDetailsCurrency-arrow\"]"}
RESULT: {}
RESULT: {"using":"xpath","value":"//*[@id=\"application-managepartners-display-component---NewPartner--partnerDetailsCurrency-arrow\"]"}
COMMAND: POST /session/8d9404e4e9bea3f53a5c3520fcd44aec/element/f.7EA17D048601C53176965B9346C1EB3C.d.70AE5C4CF856178E377818C4E3519826.e.10001/click - {}
RESULT: {}
COMMAND: POST /session/8d9404e4e9bea3f53a5c3520fcd44aec/element - {"using":"xpath","value":"//span[contains(text(), \"US Dollar\")]"}
COMMAND: GET /session/8d9404e4e9bea3f53a5c3520fcd44aec/screenshot - {}
RESULT: {"using":"xpath","value":"//span[contains(text(), \"US Dollar\")]"}
COMMAND: POST /session/8d9404e4e9bea3f53a5c3520fcd44aec/element/f.7EA17D048601C53176965B9346C1EB3C.d.70AE5C4CF856178E377818C4E3519826.e.10002/click - {}
RESULT: {}
RESULT: {}
COMMAND: GET /session/8d9404e4e9bea3f53a5c3520fcd44aec/screenshot - {}
RESULT: {}
COMMAND: POST /session/8d9404e4e9bea3f53a5c3520fcd44aec/element - {"using":"xpath","value":"//input[@id=\"application-managepartners-display-component---NewPartner--companyCodeComboBox-inner\"]"}
RESULT: {"using":"xpath","value":"//input[@id=\"application-managepartners-display-component---NewPartner--companyCodeComboBox-inner\"]"}
COMMAND: POST /session/8d9404e4e9bea3f53a5c3520fcd44aec/element/f.7EA17D048601C53176965B9346C1EB3C.d.70AE5C4CF856178E377818C4E3519826.e.9859/clear - {}
RESULT: {}
COMMAND: POST /session/8d9404e4e9bea3f53a5c3520fcd44aec/element/f.7EA17D048601C53176965B9346C1EB3C.d.70AE5C4CF856178E377818C4E3519826.e.9859/value - {"text":"C002"}
COMMAND: GET /session/8d9404e4e9bea3f53a5c3520fcd44aec/screenshot - {}
RESULT: {"text":"C002"}
COMMAND: GET /session/8d9404e4e9bea3f53a5c3520fcd44aec/screenshot - {}
RESULT: {}
RESULT: {}
COMMAND: POST /session/8d9404e4e9bea3f53a5c3520fcd44aec/element - {"using":"xpath","value":"//li[.//span[text()= \"C002\"]]"}
RESULT: {"using":"xpath","value":"//li[.//span[text()= \"C002\"]]"}
COMMAND: POST /session/8d9404e4e9bea3f53a5c3520fcd44aec/element/f.7EA17D048601C53176965B9346C1EB3C.d.70AE5C4CF856178E377818C4E3519826.e.10006/click - {}
RESULT: {}
COMMAND: GET /session/8d9404e4e9bea3f53a5c3520fcd44aec/screenshot - {}
RESULT: {}
COMMAND: POST /session/8d9404e4e9bea3f53a5c3520fcd44aec/execute/async - {"script":"<script> [1562 bytes]","args":[{"selector":{"id":"application-managepartners-display-component---NewPartner--btnAddTableRow-img"},"wdio_ui5_key":"applicationmanagepartners-display-component---NewPartner--btnAddTableRow-img"}]}
RESULT: {"script":"<script> [1562 bytes]","args":[{"selector":{"id":"application-managepartners-display-component---NewPartner--btnAddTableRow-img"},"wdio_ui5_key":"applicationmanagepartners-display-component---NewPartner--btnAddTableRow-img"}]}
RESULT: undefined
COMMAND: POST /session/8d9404e4e9bea3f53a5c3520fcd44aec/element - {"using":"xpath","value":"//*[@id=\"application-managepartners-display-component---NewPartner--btnAddTableRow-img\"]"}
RESULT: {"using":"xpath","value":"//*[@id=\"application-managepartners-display-component---NewPartner--btnAddTableRow-img\"]"}
COMMAND: POST /session/8d9404e4e9bea3f53a5c3520fcd44aec/element/f.7EA17D048601C53176965B9346C1EB3C.d.70AE5C4CF856178E377818C4E3519826.e.10007/click - {}
RESULT: {}
COMMAND: GET /session/8d9404e4e9bea3f53a5c3520fcd44aec/screenshot - {}
RESULT: {}
COMMAND: POST /session/8d9404e4e9bea3f53a5c3520fcd44aec/element - {"using":"xpath","value":"//input[@id=\"application-managepartners-display-component---NewPartner--assignmentYard-application-managepartners-display-component---NewPartner--assignmentsTable-0-inner\"]"}
RESULT: {"using":"xpath","value":"//input[@id=\"application-managepartners-display-component---NewPartner--assignmentYard-application-managepartners-display-component---NewPartner--assignmentsTable-0-inner\"]"}
COMMAND: POST /session/8d9404e4e9bea3f53a5c3520fcd44aec/element/f.7EA17D048601C53176965B9346C1EB3C.d.70AE5C4CF856178E377818C4E3519826.e.10010/clear - {}
RESULT: {}
COMMAND: POST /session/8d9404e4e9bea3f53a5c3520fcd44aec/element/f.7EA17D048601C53176965B9346C1EB3C.d.70AE5C4CF856178E377818C4E3519826.e.10010/value - {"text":"237"}
COMMAND: GET /session/8d9404e4e9bea3f53a5c3520fcd44aec/screenshot - {}
RESULT: {"text":"237"}
COMMAND: GET /session/8d9404e4e9bea3f53a5c3520fcd44aec/screenshot - {}
RESULT: {}
RESULT: {}
COMMAND: POST /session/8d9404e4e9bea3f53a5c3520fcd44aec/element - {"using":"xpath","value":"//li[.//span[text()='237']]"}
RESULT: {"using":"xpath","value":"//li[.//span[text()='237']]"}
COMMAND: POST /session/8d9404e4e9bea3f53a5c3520fcd44aec/element/f.7EA17D048601C53176965B9346C1EB3C.d.70AE5C4CF856178E377818C4E3519826.e.10019/click - {}
RESULT: {}
COMMAND: GET /session/8d9404e4e9bea3f53a5c3520fcd44aec/screenshot - {}
RESULT: {}
COMMAND: POST /session/8d9404e4e9bea3f53a5c3520fcd44aec/actions - {"actions":[{"id":"action28","type":"key","parameters":{},"actions":[{"type":"keyDown","value":""},{"type":"pause","duration":10},{"type":"keyUp","value":""}]}]}
RESULT: {"actions":[{"id":"action28","type":"key","parameters":{},"actions":[{"type":"keyDown","value":""},{"type":"pause","duration":10},{"type":"keyUp","value":""}]}]}
COMMAND: POST /session/8d9404e4e9bea3f53a5c3520fcd44aec/element - {"using":"xpath","value":"//td[contains(@id, \"assignmentsTable-0-cell2\")]/div/div"}
COMMAND: GET /session/8d9404e4e9bea3f53a5c3520fcd44aec/screenshot - {}
RESULT: {"using":"xpath","value":"//td[contains(@id, \"assignmentsTable-0-cell2\")]/div/div"}
COMMAND: POST /session/8d9404e4e9bea3f53a5c3520fcd44aec/element/f.7EA17D048601C53176965B9346C1EB3C.d.70AE5C4CF856178E377818C4E3519826.e.10022/click - {}
RESULT: {}
RESULT: {}
COMMAND: GET /session/8d9404e4e9bea3f53a5c3520fcd44aec/screenshot - {}
RESULT: {}
COMMAND: POST /session/8d9404e4e9bea3f53a5c3520fcd44aec/element - {"using":"xpath","value":"//button[@data-kt=\"saveButton\"]"}
RESULT: {"using":"xpath","value":"//button[@data-kt=\"saveButton\"]"}
COMMAND: POST /session/8d9404e4e9bea3f53a5c3520fcd44aec/element/f.7EA17D048601C53176965B9346C1EB3C.d.70AE5C4CF856178E377818C4E3519826.e.9962/click - {}
RESULT: {}
COMMAND: GET /session/8d9404e4e9bea3f53a5c3520fcd44aec/screenshot - {}
RESULT: {}
RESULT: undefined
RESULT: undefined
COMMAND: POST /session/8d9404e4e9bea3f53a5c3520fcd44aec/element - {"using":"xpath","value":"//header[contains(@id, 'ObjectPageLayout-headerTitle')]/div[1]/div[2]/div[2]/span[1]"}
RESULT: {"using":"xpath","value":"//header[contains(@id, 'ObjectPageLayout-headerTitle')]/div[1]/div[2]/div[2]/span[1]"}
COMMAND: POST /session/8d9404e4e9bea3f53a5c3520fcd44aec/elements - {"using":"xpath","value":"//header[contains(@id, 'ObjectPageLayout-headerTitle')]/div[1]/div[2]/div[2]/span[1]"}
RESULT: {"using":"xpath","value":"//header[contains(@id, 'ObjectPageLayout-headerTitle')]/div[1]/div[2]/div[2]/span[1]"}
COMMAND: POST /session/8d9404e4e9bea3f53a5c3520fcd44aec/execute/sync - {"script":"<script> [56 bytes]","args":[{"element-6066-11e4-a52e-4f735466cecf":"f.7EA17D048601C53176965B9346C1EB3C.d.70AE5C4CF856178E377818C4E3519826.e.10175","ELEMENT":"f.7EA17D048601C53176965B9346C1EB3C.d.70AE5C4CF856178E377818C4E3519826.e.10175"}]}
RESULT: {"script":"<script> [56 bytes]","args":[{"element-6066-11e4-a52e-4f735466cecf":"f.7EA17D048601C53176965B9346C1EB3C.d.70AE5C4CF856178E377818C4E3519826.e.10175","ELEMENT":"f.7EA17D048601C53176965B9346C1EB3C.d.70AE5C4CF856178E377818C4E3519826.e.10175"}]}
COMMAND: GET /session/8d9404e4e9bea3f53a5c3520fcd44aec/screenshot - {}
RESULT: {}
COMMAND: POST /session/8d9404e4e9bea3f53a5c3520fcd44aec/execute/sync - {"script":"<script> [56 bytes]","args":[{"element-6066-11e4-a52e-4f735466cecf":"f.7EA17D048601C53176965B9346C1EB3C.d.70AE5C4CF856178E377818C4E3519826.e.10175","ELEMENT":"f.7EA17D048601C53176965B9346C1EB3C.d.70AE5C4CF856178E377818C4E3519826.e.10175"}]}
RESULT: {"script":"<script> [56 bytes]","args":[{"element-6066-11e4-a52e-4f735466cecf":"f.7EA17D048601C53176965B9346C1EB3C.d.70AE5C4CF856178E377818C4E3519826.e.10175","ELEMENT":"f.7EA17D048601C53176965B9346C1EB3C.d.70AE5C4CF856178E377818C4E3519826.e.10175"}]}
COMMAND: GET /session/8d9404e4e9bea3f53a5c3520fcd44aec/screenshot - {}
RESULT: {}
COMMAND: POST /session/8d9404e4e9bea3f53a5c3520fcd44aec/execute/sync - {"script":"<script> [56 bytes]","args":[{"element-6066-11e4-a52e-4f735466cecf":"f.7EA17D048601C53176965B9346C1EB3C.d.70AE5C4CF856178E377818C4E3519826.e.10175","ELEMENT":"f.7EA17D048601C53176965B9346C1EB3C.d.70AE5C4CF856178E377818C4E3519826.e.10175"}]}
RESULT: {"script":"<script> [56 bytes]","args":[{"element-6066-11e4-a52e-4f735466cecf":"f.7EA17D048601C53176965B9346C1EB3C.d.70AE5C4CF856178E377818C4E3519826.e.10175","ELEMENT":"f.7EA17D048601C53176965B9346C1EB3C.d.70AE5C4CF856178E377818C4E3519826.e.10175"}]}
COMMAND: GET /session/8d9404e4e9bea3f53a5c3520fcd44aec/screenshot - {}
RESULT: {}
COMMAND: POST /session/8d9404e4e9bea3f53a5c3520fcd44aec/execute/sync - {"script":"<script> [56 bytes]","args":[{"element-6066-11e4-a52e-4f735466cecf":"f.7EA17D048601C53176965B9346C1EB3C.d.70AE5C4CF856178E377818C4E3519826.e.10175","ELEMENT":"f.7EA17D048601C53176965B9346C1EB3C.d.70AE5C4CF856178E377818C4E3519826.e.10175"}]}
RESULT: {"script":"<script> [56 bytes]","args":[{"element-6066-11e4-a52e-4f735466cecf":"f.7EA17D048601C53176965B9346C1EB3C.d.70AE5C4CF856178E377818C4E3519826.e.10175","ELEMENT":"f.7EA17D048601C53176965B9346C1EB3C.d.70AE5C4CF856178E377818C4E3519826.e.10175"}]}
COMMAND: GET /session/8d9404e4e9bea3f53a5c3520fcd44aec/screenshot - {}
RESULT: {}
COMMAND: POST /session/8d9404e4e9bea3f53a5c3520fcd44aec/execute/sync - {"script":"<script> [56 bytes]","args":[{"element-6066-11e4-a52e-4f735466cecf":"f.7EA17D048601C53176965B9346C1EB3C.d.70AE5C4CF856178E377818C4E3519826.e.10175","ELEMENT":"f.7EA17D048601C53176965B9346C1EB3C.d.70AE5C4CF856178E377818C4E3519826.e.10175"}]}
RESULT: {"script":"<script> [56 bytes]","args":[{"element-6066-11e4-a52e-4f735466cecf":"f.7EA17D048601C53176965B9346C1EB3C.d.70AE5C4CF856178E377818C4E3519826.e.10175","ELEMENT":"f.7EA17D048601C53176965B9346C1EB3C.d.70AE5C4CF856178E377818C4E3519826.e.10175"}]}
COMMAND: GET /session/8d9404e4e9bea3f53a5c3520fcd44aec/screenshot - {}
RESULT: {}
COMMAND: POST /session/8d9404e4e9bea3f53a5c3520fcd44aec/execute/sync - {"script":"<script> [56 bytes]","args":[{"element-6066-11e4-a52e-4f735466cecf":"f.7EA17D048601C53176965B9346C1EB3C.d.70AE5C4CF856178E377818C4E3519826.e.10175","ELEMENT":"f.7EA17D048601C53176965B9346C1EB3C.d.70AE5C4CF856178E377818C4E3519826.e.10175"}]}
RESULT: {"script":"<script> [56 bytes]","args":[{"element-6066-11e4-a52e-4f735466cecf":"f.7EA17D048601C53176965B9346C1EB3C.d.70AE5C4CF856178E377818C4E3519826.e.10175","ELEMENT":"f.7EA17D048601C53176965B9346C1EB3C.d.70AE5C4CF856178E377818C4E3519826.e.10175"}]}
COMMAND: GET /session/8d9404e4e9bea3f53a5c3520fcd44aec/screenshot - {}
RESULT: {}
COMMAND: POST /session/8d9404e4e9bea3f53a5c3520fcd44aec/execute/sync - {"script":"<script> [56 bytes]","args":[{"element-6066-11e4-a52e-4f735466cecf":"f.7EA17D048601C53176965B9346C1EB3C.d.70AE5C4CF856178E377818C4E3519826.e.10175","ELEMENT":"f.7EA17D048601C53176965B9346C1EB3C.d.70AE5C4CF856178E377818C4E3519826.e.10175"}]}
RESULT: {"script":"<script> [56 bytes]","args":[{"element-6066-11e4-a52e-4f735466cecf":"f.7EA17D048601C53176965B9346C1EB3C.d.70AE5C4CF856178E377818C4E3519826.e.10175","ELEMENT":"f.7EA17D048601C53176965B9346C1EB3C.d.70AE5C4CF856178E377818C4E3519826.e.10175"}]}
COMMAND: GET /session/8d9404e4e9bea3f53a5c3520fcd44aec/screenshot - {}
RESULT: {}
COMMAND: POST /session/8d9404e4e9bea3f53a5c3520fcd44aec/execute/sync - {"script":"<script> [56 bytes]","args":[{"element-6066-11e4-a52e-4f735466cecf":"f.7EA17D048601C53176965B9346C1EB3C.d.70AE5C4CF856178E377818C4E3519826.e.10175","ELEMENT":"f.7EA17D048601C53176965B9346C1EB3C.d.70AE5C4CF856178E377818C4E3519826.e.10175"}]}
RESULT: {"script":"<script> [56 bytes]","args":[{"element-6066-11e4-a52e-4f735466cecf":"f.7EA17D048601C53176965B9346C1EB3C.d.70AE5C4CF856178E377818C4E3519826.e.10175","ELEMENT":"f.7EA17D048601C53176965B9346C1EB3C.d.70AE5C4CF856178E377818C4E3519826.e.10175"}]}
COMMAND: GET /session/8d9404e4e9bea3f53a5c3520fcd44aec/screenshot - {}
RESULT: {}
COMMAND: POST /session/8d9404e4e9bea3f53a5c3520fcd44aec/execute/sync - {"script":"<script> [56 bytes]","args":[{"element-6066-11e4-a52e-4f735466cecf":"f.7EA17D048601C53176965B9346C1EB3C.d.70AE5C4CF856178E377818C4E3519826.e.10175","ELEMENT":"f.7EA17D048601C53176965B9346C1EB3C.d.70AE5C4CF856178E377818C4E3519826.e.10175"}]}
RESULT: {"script":"<script> [56 bytes]","args":[{"element-6066-11e4-a52e-4f735466cecf":"f.7EA17D048601C53176965B9346C1EB3C.d.70AE5C4CF856178E377818C4E3519826.e.10175","ELEMENT":"f.7EA17D048601C53176965B9346C1EB3C.d.70AE5C4CF856178E377818C4E3519826.e.10175"}]}
COMMAND: GET /session/8d9404e4e9bea3f53a5c3520fcd44aec/screenshot - {}
RESULT: {}
COMMAND: POST /session/8d9404e4e9bea3f53a5c3520fcd44aec/execute/sync - {"script":"<script> [56 bytes]","args":[{"element-6066-11e4-a52e-4f735466cecf":"f.7EA17D048601C53176965B9346C1EB3C.d.70AE5C4CF856178E377818C4E3519826.e.10175","ELEMENT":"f.7EA17D048601C53176965B9346C1EB3C.d.70AE5C4CF856178E377818C4E3519826.e.10175"}]}
RESULT: {"script":"<script> [56 bytes]","args":[{"element-6066-11e4-a52e-4f735466cecf":"f.7EA17D048601C53176965B9346C1EB3C.d.70AE5C4CF856178E377818C4E3519826.e.10175","ELEMENT":"f.7EA17D048601C53176965B9346C1EB3C.d.70AE5C4CF856178E377818C4E3519826.e.10175"}]}
COMMAND: GET /session/8d9404e4e9bea3f53a5c3520fcd44aec/screenshot - {}
RESULT: {}
COMMAND: POST /session/8d9404e4e9bea3f53a5c3520fcd44aec/execute/sync - {"script":"<script> [56 bytes]","args":[{"element-6066-11e4-a52e-4f735466cecf":"f.7EA17D048601C53176965B9346C1EB3C.d.70AE5C4CF856178E377818C4E3519826.e.10175","ELEMENT":"f.7EA17D048601C53176965B9346C1EB3C.d.70AE5C4CF856178E377818C4E3519826.e.10175"}]}
RESULT: {"script":"<script> [56 bytes]","args":[{"element-6066-11e4-a52e-4f735466cecf":"f.7EA17D048601C53176965B9346C1EB3C.d.70AE5C4CF856178E377818C4E3519826.e.10175","ELEMENT":"f.7EA17D048601C53176965B9346C1EB3C.d.70AE5C4CF856178E377818C4E3519826.e.10175"}]}
COMMAND: GET /session/8d9404e4e9bea3f53a5c3520fcd44aec/screenshot - {}
RESULT: {}
COMMAND: POST /session/8d9404e4e9bea3f53a5c3520fcd44aec/execute/sync - {"script":"<script> [56 bytes]","args":[{"element-6066-11e4-a52e-4f735466cecf":"f.7EA17D048601C53176965B9346C1EB3C.d.70AE5C4CF856178E377818C4E3519826.e.10175","ELEMENT":"f.7EA17D048601C53176965B9346C1EB3C.d.70AE5C4CF856178E377818C4E3519826.e.10175"}]}
RESULT: {"script":"<script> [56 bytes]","args":[{"element-6066-11e4-a52e-4f735466cecf":"f.7EA17D048601C53176965B9346C1EB3C.d.70AE5C4CF856178E377818C4E3519826.e.10175","ELEMENT":"f.7EA17D048601C53176965B9346C1EB3C.d.70AE5C4CF856178E377818C4E3519826.e.10175"}]}
COMMAND: GET /session/8d9404e4e9bea3f53a5c3520fcd44aec/screenshot - {}
RESULT: {}
COMMAND: POST /session/8d9404e4e9bea3f53a5c3520fcd44aec/execute/sync - {"script":"<script> [56 bytes]","args":[{"element-6066-11e4-a52e-4f735466cecf":"f.7EA17D048601C53176965B9346C1EB3C.d.70AE5C4CF856178E377818C4E3519826.e.10175","ELEMENT":"f.7EA17D048601C53176965B9346C1EB3C.d.70AE5C4CF856178E377818C4E3519826.e.10175"}]}
RESULT: {"script":"<script> [56 bytes]","args":[{"element-6066-11e4-a52e-4f735466cecf":"f.7EA17D048601C53176965B9346C1EB3C.d.70AE5C4CF856178E377818C4E3519826.e.10175","ELEMENT":"f.7EA17D048601C53176965B9346C1EB3C.d.70AE5C4CF856178E377818C4E3519826.e.10175"}]}
COMMAND: GET /session/8d9404e4e9bea3f53a5c3520fcd44aec/screenshot - {}
RESULT: {}
COMMAND: POST /session/8d9404e4e9bea3f53a5c3520fcd44aec/execute/sync - {"script":"<script> [56 bytes]","args":[{"element-6066-11e4-a52e-4f735466cecf":"f.7EA17D048601C53176965B9346C1EB3C.d.70AE5C4CF856178E377818C4E3519826.e.10175","ELEMENT":"f.7EA17D048601C53176965B9346C1EB3C.d.70AE5C4CF856178E377818C4E3519826.e.10175"}]}
RESULT: {"script":"<script> [56 bytes]","args":[{"element-6066-11e4-a52e-4f735466cecf":"f.7EA17D048601C53176965B9346C1EB3C.d.70AE5C4CF856178E377818C4E3519826.e.10175","ELEMENT":"f.7EA17D048601C53176965B9346C1EB3C.d.70AE5C4CF856178E377818C4E3519826.e.10175"}]}
COMMAND: GET /session/8d9404e4e9bea3f53a5c3520fcd44aec/screenshot - {}
RESULT: {}
COMMAND: POST /session/8d9404e4e9bea3f53a5c3520fcd44aec/execute/sync - {"script":"<script> [56 bytes]","args":[{"element-6066-11e4-a52e-4f735466cecf":"f.7EA17D048601C53176965B9346C1EB3C.d.70AE5C4CF856178E377818C4E3519826.e.10175","ELEMENT":"f.7EA17D048601C53176965B9346C1EB3C.d.70AE5C4CF856178E377818C4E3519826.e.10175"}]}
RESULT: {"script":"<script> [56 bytes]","args":[{"element-6066-11e4-a52e-4f735466cecf":"f.7EA17D048601C53176965B9346C1EB3C.d.70AE5C4CF856178E377818C4E3519826.e.10175","ELEMENT":"f.7EA17D048601C53176965B9346C1EB3C.d.70AE5C4CF856178E377818C4E3519826.e.10175"}]}
COMMAND: GET /session/8d9404e4e9bea3f53a5c3520fcd44aec/screenshot - {}
RESULT: {}
COMMAND: POST /session/8d9404e4e9bea3f53a5c3520fcd44aec/execute/sync - {"script":"<script> [56 bytes]","args":[{"element-6066-11e4-a52e-4f735466cecf":"f.7EA17D048601C53176965B9346C1EB3C.d.70AE5C4CF856178E377818C4E3519826.e.10175","ELEMENT":"f.7EA17D048601C53176965B9346C1EB3C.d.70AE5C4CF856178E377818C4E3519826.e.10175"}]}
RESULT: {"script":"<script> [56 bytes]","args":[{"element-6066-11e4-a52e-4f735466cecf":"f.7EA17D048601C53176965B9346C1EB3C.d.70AE5C4CF856178E377818C4E3519826.e.10175","ELEMENT":"f.7EA17D048601C53176965B9346C1EB3C.d.70AE5C4CF856178E377818C4E3519826.e.10175"}]}
COMMAND: GET /session/8d9404e4e9bea3f53a5c3520fcd44aec/screenshot - {}
RESULT: {}
COMMAND: POST /session/8d9404e4e9bea3f53a5c3520fcd44aec/execute/sync - {"script":"<script> [56 bytes]","args":[{"element-6066-11e4-a52e-4f735466cecf":"f.7EA17D048601C53176965B9346C1EB3C.d.70AE5C4CF856178E377818C4E3519826.e.10175","ELEMENT":"f.7EA17D048601C53176965B9346C1EB3C.d.70AE5C4CF856178E377818C4E3519826.e.10175"}]}
RESULT: {"script":"<script> [56 bytes]","args":[{"element-6066-11e4-a52e-4f735466cecf":"f.7EA17D048601C53176965B9346C1EB3C.d.70AE5C4CF856178E377818C4E3519826.e.10175","ELEMENT":"f.7EA17D048601C53176965B9346C1EB3C.d.70AE5C4CF856178E377818C4E3519826.e.10175"}]}
COMMAND: GET /session/8d9404e4e9bea3f53a5c3520fcd44aec/screenshot - {}
RESULT: {}
COMMAND: POST /session/8d9404e4e9bea3f53a5c3520fcd44aec/execute/sync - {"script":"<script> [56 bytes]","args":[{"element-6066-11e4-a52e-4f735466cecf":"f.7EA17D048601C53176965B9346C1EB3C.d.70AE5C4CF856178E377818C4E3519826.e.10175","ELEMENT":"f.7EA17D048601C53176965B9346C1EB3C.d.70AE5C4CF856178E377818C4E3519826.e.10175"}]}
RESULT: {"script":"<script> [56 bytes]","args":[{"element-6066-11e4-a52e-4f735466cecf":"f.7EA17D048601C53176965B9346C1EB3C.d.70AE5C4CF856178E377818C4E3519826.e.10175","ELEMENT":"f.7EA17D048601C53176965B9346C1EB3C.d.70AE5C4CF856178E377818C4E3519826.e.10175"}]}
COMMAND: GET /session/8d9404e4e9bea3f53a5c3520fcd44aec/screenshot - {}
RESULT: {}
COMMAND: POST /session/8d9404e4e9bea3f53a5c3520fcd44aec/execute/sync - {"script":"<script> [56 bytes]","args":[{"element-6066-11e4-a52e-4f735466cecf":"f.7EA17D048601C53176965B9346C1EB3C.d.70AE5C4CF856178E377818C4E3519826.e.10175","ELEMENT":"f.7EA17D048601C53176965B9346C1EB3C.d.70AE5C4CF856178E377818C4E3519826.e.10175"}]}
RESULT: {"script":"<script> [56 bytes]","args":[{"element-6066-11e4-a52e-4f735466cecf":"f.7EA17D048601C53176965B9346C1EB3C.d.70AE5C4CF856178E377818C4E3519826.e.10175","ELEMENT":"f.7EA17D048601C53176965B9346C1EB3C.d.70AE5C4CF856178E377818C4E3519826.e.10175"}]}
COMMAND: GET /session/8d9404e4e9bea3f53a5c3520fcd44aec/screenshot - {}
RESULT: {}
COMMAND: POST /session/8d9404e4e9bea3f53a5c3520fcd44aec/execute/sync - {"script":"<script> [56 bytes]","args":[{"element-6066-11e4-a52e-4f735466cecf":"f.7EA17D048601C53176965B9346C1EB3C.d.70AE5C4CF856178E377818C4E3519826.e.10175","ELEMENT":"f.7EA17D048601C53176965B9346C1EB3C.d.70AE5C4CF856178E377818C4E3519826.e.10175"}]}
RESULT: {"script":"<script> [56 bytes]","args":[{"element-6066-11e4-a52e-4f735466cecf":"f.7EA17D048601C53176965B9346C1EB3C.d.70AE5C4CF856178E377818C4E3519826.e.10175","ELEMENT":"f.7EA17D048601C53176965B9346C1EB3C.d.70AE5C4CF856178E377818C4E3519826.e.10175"}]}
COMMAND: GET /session/8d9404e4e9bea3f53a5c3520fcd44aec/screenshot - {}
RESULT: {}
COMMAND: GET /session/8d9404e4e9bea3f53a5c3520fcd44aec/screenshot - {}
RESULT: {}
]]></system-out>
      <system-err><![CDATA[
Error: Partner ID did not appear after 10 seconds
    at async UtilsPrerequisites.partnerCreation (D:\a\1\s\test\specs\BTS\prerequisites-and-utils-functions.js:569:35)
    at async Context.<anonymous> (D:\a\1\s\test\specs\BTS\create-partner.spec.js:29:47)
]]></system-err>
    </testcase>
    <testcase classname="chrome.136_0_7103_93.windows.Create_partner_US118246" name="Should create a new yard in case create yard failed" time="58.325">
      <failure/>
      <error message="element (&quot;//button[@data-kt=&quot;addNewYardOverflowToolbarButton&quot;]&quot;) still not existing after 45000ms"/>
      <system-out><![CDATA[
COMMAND: GET /session/8d9404e4e9bea3f53a5c3520fcd44aec/screenshot - {}
RESULT: undefined
COMMAND: POST /session/8d9404e4e9bea3f53a5c3520fcd44aec/element - {"using":"xpath","value":"//*[@id=\"__tile41\"]"}
RESULT: {}
RESULT: {"using":"xpath","value":"//*[@id=\"__tile41\"]"}
COMMAND: POST /session/8d9404e4e9bea3f53a5c3520fcd44aec/element/f.7EA17D048601C53176965B9346C1EB3C.d.70AE5C4CF856178E377818C4E3519826.e.8694/click - {}
COMMAND: POST /session/8d9404e4e9bea3f53a5c3520fcd44aec/elements - {"using":"xpath","value":"//span[text()='Error']"}
RESULT: {"using":"xpath","value":"//span[text()='Error']"}
COMMAND: POST /session/8d9404e4e9bea3f53a5c3520fcd44aec/elements - {"using":"xpath","value":"//*[text()='Close']"}
RESULT: {"using":"xpath","value":"//*[text()='Close']"}
COMMAND: GET /session/8d9404e4e9bea3f53a5c3520fcd44aec/element/f.7EA17D048601C53176965B9346C1EB3C.d.70AE5C4CF856178E377818C4E3519826.e.10177/enabled - {}
RESULT: {}
COMMAND: POST /session/8d9404e4e9bea3f53a5c3520fcd44aec/execute/sync - {"script":"<script> [8489 bytes]","args":[{"element-6066-11e4-a52e-4f735466cecf":"f.7EA17D048601C53176965B9346C1EB3C.d.70AE5C4CF856178E377818C4E3519826.e.10177","ELEMENT":"f.7EA17D048601C53176965B9346C1EB3C.d.70AE5C4CF856178E377818C4E3519826.e.10177"}]}
COMMAND: GET /session/8d9404e4e9bea3f53a5c3520fcd44aec/screenshot - {}
RESULT: {"script":"<script> [8489 bytes]","args":[{"element-6066-11e4-a52e-4f735466cecf":"f.7EA17D048601C53176965B9346C1EB3C.d.70AE5C4CF856178E377818C4E3519826.e.10177","ELEMENT":"f.7EA17D048601C53176965B9346C1EB3C.d.70AE5C4CF856178E377818C4E3519826.e.10177"}]}
COMMAND: POST /session/8d9404e4e9bea3f53a5c3520fcd44aec/execute/sync - {"script":"<script> [5351 bytes]","args":[{"element-6066-11e4-a52e-4f735466cecf":"f.7EA17D048601C53176965B9346C1EB3C.d.70AE5C4CF856178E377818C4E3519826.e.10177","ELEMENT":"f.7EA17D048601C53176965B9346C1EB3C.d.70AE5C4CF856178E377818C4E3519826.e.10177"}]}
COMMAND: GET /session/8d9404e4e9bea3f53a5c3520fcd44aec/screenshot - {}
RESULT: {}
RESULT: {"script":"<script> [5351 bytes]","args":[{"element-6066-11e4-a52e-4f735466cecf":"f.7EA17D048601C53176965B9346C1EB3C.d.70AE5C4CF856178E377818C4E3519826.e.10177","ELEMENT":"f.7EA17D048601C53176965B9346C1EB3C.d.70AE5C4CF856178E377818C4E3519826.e.10177"}]}
COMMAND: POST /session/8d9404e4e9bea3f53a5c3520fcd44aec/element/f.7EA17D048601C53176965B9346C1EB3C.d.70AE5C4CF856178E377818C4E3519826.e.10177/click - {}
COMMAND: GET /session/8d9404e4e9bea3f53a5c3520fcd44aec/screenshot - {}
RESULT: {}
RESULT: {}
COMMAND: POST /session/8d9404e4e9bea3f53a5c3520fcd44aec/elements - {"using":"xpath","value":"//*[text()='OK']"}
COMMAND: GET /session/8d9404e4e9bea3f53a5c3520fcd44aec/screenshot - {}
RESULT: {}
RESULT: {"using":"xpath","value":"//*[text()='OK']"}
COMMAND: POST /session/8d9404e4e9bea3f53a5c3520fcd44aec/element - {"using":"xpath","value":"//button[@data-kt=\"addNewYardOverflowToolbarButton\"]"}
RESULT: {}
RESULT: {"using":"xpath","value":"//button[@data-kt=\"addNewYardOverflowToolbarButton\"]"}
COMMAND: POST /session/8d9404e4e9bea3f53a5c3520fcd44aec/elements - {"using":"xpath","value":"//button[@data-kt=\"addNewYardOverflowToolbarButton\"]"}
RESULT: {"using":"xpath","value":"//button[@data-kt=\"addNewYardOverflowToolbarButton\"]"}
COMMAND: POST /session/8d9404e4e9bea3f53a5c3520fcd44aec/elements - {"using":"xpath","value":"//button[@data-kt=\"addNewYardOverflowToolbarButton\"]"}
RESULT: {"using":"xpath","value":"//button[@data-kt=\"addNewYardOverflowToolbarButton\"]"}
COMMAND: POST /session/8d9404e4e9bea3f53a5c3520fcd44aec/elements - {"using":"xpath","value":"//button[@data-kt=\"addNewYardOverflowToolbarButton\"]"}
RESULT: {"using":"xpath","value":"//button[@data-kt=\"addNewYardOverflowToolbarButton\"]"}
COMMAND: POST /session/8d9404e4e9bea3f53a5c3520fcd44aec/elements - {"using":"xpath","value":"//button[@data-kt=\"addNewYardOverflowToolbarButton\"]"}
RESULT: {"using":"xpath","value":"//button[@data-kt=\"addNewYardOverflowToolbarButton\"]"}
COMMAND: POST /session/8d9404e4e9bea3f53a5c3520fcd44aec/elements - {"using":"xpath","value":"//button[@data-kt=\"addNewYardOverflowToolbarButton\"]"}
RESULT: {"using":"xpath","value":"//button[@data-kt=\"addNewYardOverflowToolbarButton\"]"}
COMMAND: POST /session/8d9404e4e9bea3f53a5c3520fcd44aec/elements - {"using":"xpath","value":"//button[@data-kt=\"addNewYardOverflowToolbarButton\"]"}
RESULT: {"using":"xpath","value":"//button[@data-kt=\"addNewYardOverflowToolbarButton\"]"}
COMMAND: POST /session/8d9404e4e9bea3f53a5c3520fcd44aec/elements - {"using":"xpath","value":"//button[@data-kt=\"addNewYardOverflowToolbarButton\"]"}
RESULT: {"using":"xpath","value":"//button[@data-kt=\"addNewYardOverflowToolbarButton\"]"}
COMMAND: POST /session/8d9404e4e9bea3f53a5c3520fcd44aec/elements - {"using":"xpath","value":"//button[@data-kt=\"addNewYardOverflowToolbarButton\"]"}
RESULT: {"using":"xpath","value":"//button[@data-kt=\"addNewYardOverflowToolbarButton\"]"}
COMMAND: POST /session/8d9404e4e9bea3f53a5c3520fcd44aec/elements - {"using":"xpath","value":"//button[@data-kt=\"addNewYardOverflowToolbarButton\"]"}
RESULT: {"using":"xpath","value":"//button[@data-kt=\"addNewYardOverflowToolbarButton\"]"}
COMMAND: POST /session/8d9404e4e9bea3f53a5c3520fcd44aec/elements - {"using":"xpath","value":"//button[@data-kt=\"addNewYardOverflowToolbarButton\"]"}
RESULT: {"using":"xpath","value":"//button[@data-kt=\"addNewYardOverflowToolbarButton\"]"}
COMMAND: POST /session/8d9404e4e9bea3f53a5c3520fcd44aec/elements - {"using":"xpath","value":"//button[@data-kt=\"addNewYardOverflowToolbarButton\"]"}
RESULT: {"using":"xpath","value":"//button[@data-kt=\"addNewYardOverflowToolbarButton\"]"}
COMMAND: POST /session/8d9404e4e9bea3f53a5c3520fcd44aec/elements - {"using":"xpath","value":"//button[@data-kt=\"addNewYardOverflowToolbarButton\"]"}
RESULT: {"using":"xpath","value":"//button[@data-kt=\"addNewYardOverflowToolbarButton\"]"}
COMMAND: POST /session/8d9404e4e9bea3f53a5c3520fcd44aec/elements - {"using":"xpath","value":"//button[@data-kt=\"addNewYardOverflowToolbarButton\"]"}
RESULT: {"using":"xpath","value":"//button[@data-kt=\"addNewYardOverflowToolbarButton\"]"}
COMMAND: POST /session/8d9404e4e9bea3f53a5c3520fcd44aec/elements - {"using":"xpath","value":"//button[@data-kt=\"addNewYardOverflowToolbarButton\"]"}
RESULT: {"using":"xpath","value":"//button[@data-kt=\"addNewYardOverflowToolbarButton\"]"}
COMMAND: POST /session/8d9404e4e9bea3f53a5c3520fcd44aec/elements - {"using":"xpath","value":"//button[@data-kt=\"addNewYardOverflowToolbarButton\"]"}
RESULT: {"using":"xpath","value":"//button[@data-kt=\"addNewYardOverflowToolbarButton\"]"}
COMMAND: POST /session/8d9404e4e9bea3f53a5c3520fcd44aec/elements - {"using":"xpath","value":"//button[@data-kt=\"addNewYardOverflowToolbarButton\"]"}
RESULT: {"using":"xpath","value":"//button[@data-kt=\"addNewYardOverflowToolbarButton\"]"}
COMMAND: POST /session/8d9404e4e9bea3f53a5c3520fcd44aec/elements - {"using":"xpath","value":"//button[@data-kt=\"addNewYardOverflowToolbarButton\"]"}
RESULT: {"using":"xpath","value":"//button[@data-kt=\"addNewYardOverflowToolbarButton\"]"}
COMMAND: POST /session/8d9404e4e9bea3f53a5c3520fcd44aec/elements - {"using":"xpath","value":"//button[@data-kt=\"addNewYardOverflowToolbarButton\"]"}
RESULT: {"using":"xpath","value":"//button[@data-kt=\"addNewYardOverflowToolbarButton\"]"}
COMMAND: POST /session/8d9404e4e9bea3f53a5c3520fcd44aec/elements - {"using":"xpath","value":"//button[@data-kt=\"addNewYardOverflowToolbarButton\"]"}
RESULT: {"using":"xpath","value":"//button[@data-kt=\"addNewYardOverflowToolbarButton\"]"}
COMMAND: POST /session/8d9404e4e9bea3f53a5c3520fcd44aec/elements - {"using":"xpath","value":"//button[@data-kt=\"addNewYardOverflowToolbarButton\"]"}
RESULT: {"using":"xpath","value":"//button[@data-kt=\"addNewYardOverflowToolbarButton\"]"}
COMMAND: POST /session/8d9404e4e9bea3f53a5c3520fcd44aec/elements - {"using":"xpath","value":"//button[@data-kt=\"addNewYardOverflowToolbarButton\"]"}
RESULT: {"using":"xpath","value":"//button[@data-kt=\"addNewYardOverflowToolbarButton\"]"}
COMMAND: POST /session/8d9404e4e9bea3f53a5c3520fcd44aec/elements - {"using":"xpath","value":"//button[@data-kt=\"addNewYardOverflowToolbarButton\"]"}
RESULT: {"using":"xpath","value":"//button[@data-kt=\"addNewYardOverflowToolbarButton\"]"}
COMMAND: POST /session/8d9404e4e9bea3f53a5c3520fcd44aec/elements - {"using":"xpath","value":"//button[@data-kt=\"addNewYardOverflowToolbarButton\"]"}
RESULT: {"using":"xpath","value":"//button[@data-kt=\"addNewYardOverflowToolbarButton\"]"}
COMMAND: POST /session/8d9404e4e9bea3f53a5c3520fcd44aec/elements - {"using":"xpath","value":"//button[@data-kt=\"addNewYardOverflowToolbarButton\"]"}
RESULT: {"using":"xpath","value":"//button[@data-kt=\"addNewYardOverflowToolbarButton\"]"}
COMMAND: POST /session/8d9404e4e9bea3f53a5c3520fcd44aec/elements - {"using":"xpath","value":"//button[@data-kt=\"addNewYardOverflowToolbarButton\"]"}
RESULT: {"using":"xpath","value":"//button[@data-kt=\"addNewYardOverflowToolbarButton\"]"}
COMMAND: POST /session/8d9404e4e9bea3f53a5c3520fcd44aec/elements - {"using":"xpath","value":"//button[@data-kt=\"addNewYardOverflowToolbarButton\"]"}
RESULT: {"using":"xpath","value":"//button[@data-kt=\"addNewYardOverflowToolbarButton\"]"}
COMMAND: POST /session/8d9404e4e9bea3f53a5c3520fcd44aec/elements - {"using":"xpath","value":"//button[@data-kt=\"addNewYardOverflowToolbarButton\"]"}
RESULT: {"using":"xpath","value":"//button[@data-kt=\"addNewYardOverflowToolbarButton\"]"}
COMMAND: POST /session/8d9404e4e9bea3f53a5c3520fcd44aec/elements - {"using":"xpath","value":"//button[@data-kt=\"addNewYardOverflowToolbarButton\"]"}
RESULT: {"using":"xpath","value":"//button[@data-kt=\"addNewYardOverflowToolbarButton\"]"}
COMMAND: POST /session/8d9404e4e9bea3f53a5c3520fcd44aec/elements - {"using":"xpath","value":"//button[@data-kt=\"addNewYardOverflowToolbarButton\"]"}
RESULT: {"using":"xpath","value":"//button[@data-kt=\"addNewYardOverflowToolbarButton\"]"}
COMMAND: POST /session/8d9404e4e9bea3f53a5c3520fcd44aec/elements - {"using":"xpath","value":"//button[@data-kt=\"addNewYardOverflowToolbarButton\"]"}
RESULT: {"using":"xpath","value":"//button[@data-kt=\"addNewYardOverflowToolbarButton\"]"}
COMMAND: POST /session/8d9404e4e9bea3f53a5c3520fcd44aec/elements - {"using":"xpath","value":"//button[@data-kt=\"addNewYardOverflowToolbarButton\"]"}
RESULT: {"using":"xpath","value":"//button[@data-kt=\"addNewYardOverflowToolbarButton\"]"}
COMMAND: POST /session/8d9404e4e9bea3f53a5c3520fcd44aec/elements - {"using":"xpath","value":"//button[@data-kt=\"addNewYardOverflowToolbarButton\"]"}
RESULT: {"using":"xpath","value":"//button[@data-kt=\"addNewYardOverflowToolbarButton\"]"}
COMMAND: POST /session/8d9404e4e9bea3f53a5c3520fcd44aec/elements - {"using":"xpath","value":"//button[@data-kt=\"addNewYardOverflowToolbarButton\"]"}
RESULT: {"using":"xpath","value":"//button[@data-kt=\"addNewYardOverflowToolbarButton\"]"}
COMMAND: POST /session/8d9404e4e9bea3f53a5c3520fcd44aec/elements - {"using":"xpath","value":"//button[@data-kt=\"addNewYardOverflowToolbarButton\"]"}
RESULT: {"using":"xpath","value":"//button[@data-kt=\"addNewYardOverflowToolbarButton\"]"}
COMMAND: POST /session/8d9404e4e9bea3f53a5c3520fcd44aec/elements - {"using":"xpath","value":"//button[@data-kt=\"addNewYardOverflowToolbarButton\"]"}
RESULT: {"using":"xpath","value":"//button[@data-kt=\"addNewYardOverflowToolbarButton\"]"}
COMMAND: POST /session/8d9404e4e9bea3f53a5c3520fcd44aec/elements - {"using":"xpath","value":"//button[@data-kt=\"addNewYardOverflowToolbarButton\"]"}
RESULT: {"using":"xpath","value":"//button[@data-kt=\"addNewYardOverflowToolbarButton\"]"}
COMMAND: POST /session/8d9404e4e9bea3f53a5c3520fcd44aec/elements - {"using":"xpath","value":"//button[@data-kt=\"addNewYardOverflowToolbarButton\"]"}
RESULT: {"using":"xpath","value":"//button[@data-kt=\"addNewYardOverflowToolbarButton\"]"}
COMMAND: POST /session/8d9404e4e9bea3f53a5c3520fcd44aec/elements - {"using":"xpath","value":"//button[@data-kt=\"addNewYardOverflowToolbarButton\"]"}
RESULT: {"using":"xpath","value":"//button[@data-kt=\"addNewYardOverflowToolbarButton\"]"}
COMMAND: POST /session/8d9404e4e9bea3f53a5c3520fcd44aec/elements - {"using":"xpath","value":"//button[@data-kt=\"addNewYardOverflowToolbarButton\"]"}
RESULT: {"using":"xpath","value":"//button[@data-kt=\"addNewYardOverflowToolbarButton\"]"}
COMMAND: POST /session/8d9404e4e9bea3f53a5c3520fcd44aec/elements - {"using":"xpath","value":"//button[@data-kt=\"addNewYardOverflowToolbarButton\"]"}
RESULT: {"using":"xpath","value":"//button[@data-kt=\"addNewYardOverflowToolbarButton\"]"}
COMMAND: POST /session/8d9404e4e9bea3f53a5c3520fcd44aec/elements - {"using":"xpath","value":"//button[@data-kt=\"addNewYardOverflowToolbarButton\"]"}
RESULT: {"using":"xpath","value":"//button[@data-kt=\"addNewYardOverflowToolbarButton\"]"}
COMMAND: POST /session/8d9404e4e9bea3f53a5c3520fcd44aec/elements - {"using":"xpath","value":"//button[@data-kt=\"addNewYardOverflowToolbarButton\"]"}
RESULT: {"using":"xpath","value":"//button[@data-kt=\"addNewYardOverflowToolbarButton\"]"}
COMMAND: POST /session/8d9404e4e9bea3f53a5c3520fcd44aec/elements - {"using":"xpath","value":"//button[@data-kt=\"addNewYardOverflowToolbarButton\"]"}
RESULT: {"using":"xpath","value":"//button[@data-kt=\"addNewYardOverflowToolbarButton\"]"}
COMMAND: POST /session/8d9404e4e9bea3f53a5c3520fcd44aec/elements - {"using":"xpath","value":"//button[@data-kt=\"addNewYardOverflowToolbarButton\"]"}
RESULT: {"using":"xpath","value":"//button[@data-kt=\"addNewYardOverflowToolbarButton\"]"}
COMMAND: POST /session/8d9404e4e9bea3f53a5c3520fcd44aec/elements - {"using":"xpath","value":"//button[@data-kt=\"addNewYardOverflowToolbarButton\"]"}
RESULT: {"using":"xpath","value":"//button[@data-kt=\"addNewYardOverflowToolbarButton\"]"}
COMMAND: POST /session/8d9404e4e9bea3f53a5c3520fcd44aec/elements - {"using":"xpath","value":"//button[@data-kt=\"addNewYardOverflowToolbarButton\"]"}
RESULT: {"using":"xpath","value":"//button[@data-kt=\"addNewYardOverflowToolbarButton\"]"}
COMMAND: POST /session/8d9404e4e9bea3f53a5c3520fcd44aec/elements - {"using":"xpath","value":"//button[@data-kt=\"addNewYardOverflowToolbarButton\"]"}
RESULT: {"using":"xpath","value":"//button[@data-kt=\"addNewYardOverflowToolbarButton\"]"}
COMMAND: POST /session/8d9404e4e9bea3f53a5c3520fcd44aec/elements - {"using":"xpath","value":"//button[@data-kt=\"addNewYardOverflowToolbarButton\"]"}
RESULT: {"using":"xpath","value":"//button[@data-kt=\"addNewYardOverflowToolbarButton\"]"}
COMMAND: POST /session/8d9404e4e9bea3f53a5c3520fcd44aec/elements - {"using":"xpath","value":"//button[@data-kt=\"addNewYardOverflowToolbarButton\"]"}
RESULT: {"using":"xpath","value":"//button[@data-kt=\"addNewYardOverflowToolbarButton\"]"}
COMMAND: POST /session/8d9404e4e9bea3f53a5c3520fcd44aec/elements - {"using":"xpath","value":"//button[@data-kt=\"addNewYardOverflowToolbarButton\"]"}
RESULT: {"using":"xpath","value":"//button[@data-kt=\"addNewYardOverflowToolbarButton\"]"}
COMMAND: POST /session/8d9404e4e9bea3f53a5c3520fcd44aec/elements - {"using":"xpath","value":"//button[@data-kt=\"addNewYardOverflowToolbarButton\"]"}
RESULT: {"using":"xpath","value":"//button[@data-kt=\"addNewYardOverflowToolbarButton\"]"}
COMMAND: POST /session/8d9404e4e9bea3f53a5c3520fcd44aec/elements - {"using":"xpath","value":"//button[@data-kt=\"addNewYardOverflowToolbarButton\"]"}
RESULT: {"using":"xpath","value":"//button[@data-kt=\"addNewYardOverflowToolbarButton\"]"}
COMMAND: POST /session/8d9404e4e9bea3f53a5c3520fcd44aec/elements - {"using":"xpath","value":"//button[@data-kt=\"addNewYardOverflowToolbarButton\"]"}
RESULT: {"using":"xpath","value":"//button[@data-kt=\"addNewYardOverflowToolbarButton\"]"}
COMMAND: POST /session/8d9404e4e9bea3f53a5c3520fcd44aec/elements - {"using":"xpath","value":"//button[@data-kt=\"addNewYardOverflowToolbarButton\"]"}
RESULT: {"using":"xpath","value":"//button[@data-kt=\"addNewYardOverflowToolbarButton\"]"}
COMMAND: POST /session/8d9404e4e9bea3f53a5c3520fcd44aec/elements - {"using":"xpath","value":"//button[@data-kt=\"addNewYardOverflowToolbarButton\"]"}
RESULT: {"using":"xpath","value":"//button[@data-kt=\"addNewYardOverflowToolbarButton\"]"}
COMMAND: POST /session/8d9404e4e9bea3f53a5c3520fcd44aec/elements - {"using":"xpath","value":"//button[@data-kt=\"addNewYardOverflowToolbarButton\"]"}
RESULT: {"using":"xpath","value":"//button[@data-kt=\"addNewYardOverflowToolbarButton\"]"}
COMMAND: POST /session/8d9404e4e9bea3f53a5c3520fcd44aec/elements - {"using":"xpath","value":"//button[@data-kt=\"addNewYardOverflowToolbarButton\"]"}
RESULT: {"using":"xpath","value":"//button[@data-kt=\"addNewYardOverflowToolbarButton\"]"}
COMMAND: POST /session/8d9404e4e9bea3f53a5c3520fcd44aec/elements - {"using":"xpath","value":"//button[@data-kt=\"addNewYardOverflowToolbarButton\"]"}
RESULT: {"using":"xpath","value":"//button[@data-kt=\"addNewYardOverflowToolbarButton\"]"}
COMMAND: POST /session/8d9404e4e9bea3f53a5c3520fcd44aec/elements - {"using":"xpath","value":"//button[@data-kt=\"addNewYardOverflowToolbarButton\"]"}
RESULT: {"using":"xpath","value":"//button[@data-kt=\"addNewYardOverflowToolbarButton\"]"}
COMMAND: POST /session/8d9404e4e9bea3f53a5c3520fcd44aec/elements - {"using":"xpath","value":"//button[@data-kt=\"addNewYardOverflowToolbarButton\"]"}
RESULT: {"using":"xpath","value":"//button[@data-kt=\"addNewYardOverflowToolbarButton\"]"}
COMMAND: POST /session/8d9404e4e9bea3f53a5c3520fcd44aec/elements - {"using":"xpath","value":"//button[@data-kt=\"addNewYardOverflowToolbarButton\"]"}
RESULT: {"using":"xpath","value":"//button[@data-kt=\"addNewYardOverflowToolbarButton\"]"}
COMMAND: POST /session/8d9404e4e9bea3f53a5c3520fcd44aec/elements - {"using":"xpath","value":"//button[@data-kt=\"addNewYardOverflowToolbarButton\"]"}
RESULT: {"using":"xpath","value":"//button[@data-kt=\"addNewYardOverflowToolbarButton\"]"}
COMMAND: POST /session/8d9404e4e9bea3f53a5c3520fcd44aec/elements - {"using":"xpath","value":"//button[@data-kt=\"addNewYardOverflowToolbarButton\"]"}
RESULT: {"using":"xpath","value":"//button[@data-kt=\"addNewYardOverflowToolbarButton\"]"}
COMMAND: POST /session/8d9404e4e9bea3f53a5c3520fcd44aec/elements - {"using":"xpath","value":"//button[@data-kt=\"addNewYardOverflowToolbarButton\"]"}
RESULT: {"using":"xpath","value":"//button[@data-kt=\"addNewYardOverflowToolbarButton\"]"}
COMMAND: POST /session/8d9404e4e9bea3f53a5c3520fcd44aec/elements - {"using":"xpath","value":"//button[@data-kt=\"addNewYardOverflowToolbarButton\"]"}
RESULT: {"using":"xpath","value":"//button[@data-kt=\"addNewYardOverflowToolbarButton\"]"}
COMMAND: POST /session/8d9404e4e9bea3f53a5c3520fcd44aec/elements - {"using":"xpath","value":"//button[@data-kt=\"addNewYardOverflowToolbarButton\"]"}
RESULT: {"using":"xpath","value":"//button[@data-kt=\"addNewYardOverflowToolbarButton\"]"}
COMMAND: POST /session/8d9404e4e9bea3f53a5c3520fcd44aec/elements - {"using":"xpath","value":"//button[@data-kt=\"addNewYardOverflowToolbarButton\"]"}
RESULT: {"using":"xpath","value":"//button[@data-kt=\"addNewYardOverflowToolbarButton\"]"}
COMMAND: POST /session/8d9404e4e9bea3f53a5c3520fcd44aec/elements - {"using":"xpath","value":"//button[@data-kt=\"addNewYardOverflowToolbarButton\"]"}
RESULT: {"using":"xpath","value":"//button[@data-kt=\"addNewYardOverflowToolbarButton\"]"}
COMMAND: POST /session/8d9404e4e9bea3f53a5c3520fcd44aec/elements - {"using":"xpath","value":"//button[@data-kt=\"addNewYardOverflowToolbarButton\"]"}
RESULT: {"using":"xpath","value":"//button[@data-kt=\"addNewYardOverflowToolbarButton\"]"}
COMMAND: POST /session/8d9404e4e9bea3f53a5c3520fcd44aec/elements - {"using":"xpath","value":"//button[@data-kt=\"addNewYardOverflowToolbarButton\"]"}
RESULT: {"using":"xpath","value":"//button[@data-kt=\"addNewYardOverflowToolbarButton\"]"}
COMMAND: POST /session/8d9404e4e9bea3f53a5c3520fcd44aec/elements - {"using":"xpath","value":"//button[@data-kt=\"addNewYardOverflowToolbarButton\"]"}
RESULT: {"using":"xpath","value":"//button[@data-kt=\"addNewYardOverflowToolbarButton\"]"}
COMMAND: POST /session/8d9404e4e9bea3f53a5c3520fcd44aec/elements - {"using":"xpath","value":"//button[@data-kt=\"addNewYardOverflowToolbarButton\"]"}
RESULT: {"using":"xpath","value":"//button[@data-kt=\"addNewYardOverflowToolbarButton\"]"}
COMMAND: POST /session/8d9404e4e9bea3f53a5c3520fcd44aec/elements - {"using":"xpath","value":"//button[@data-kt=\"addNewYardOverflowToolbarButton\"]"}
RESULT: {"using":"xpath","value":"//button[@data-kt=\"addNewYardOverflowToolbarButton\"]"}
COMMAND: POST /session/8d9404e4e9bea3f53a5c3520fcd44aec/elements - {"using":"xpath","value":"//button[@data-kt=\"addNewYardOverflowToolbarButton\"]"}
RESULT: {"using":"xpath","value":"//button[@data-kt=\"addNewYardOverflowToolbarButton\"]"}
COMMAND: POST /session/8d9404e4e9bea3f53a5c3520fcd44aec/elements - {"using":"xpath","value":"//button[@data-kt=\"addNewYardOverflowToolbarButton\"]"}
RESULT: {"using":"xpath","value":"//button[@data-kt=\"addNewYardOverflowToolbarButton\"]"}
COMMAND: POST /session/8d9404e4e9bea3f53a5c3520fcd44aec/elements - {"using":"xpath","value":"//button[@data-kt=\"addNewYardOverflowToolbarButton\"]"}
RESULT: {"using":"xpath","value":"//button[@data-kt=\"addNewYardOverflowToolbarButton\"]"}
COMMAND: POST /session/8d9404e4e9bea3f53a5c3520fcd44aec/elements - {"using":"xpath","value":"//button[@data-kt=\"addNewYardOverflowToolbarButton\"]"}
RESULT: {"using":"xpath","value":"//button[@data-kt=\"addNewYardOverflowToolbarButton\"]"}
COMMAND: POST /session/8d9404e4e9bea3f53a5c3520fcd44aec/elements - {"using":"xpath","value":"//button[@data-kt=\"addNewYardOverflowToolbarButton\"]"}
RESULT: {"using":"xpath","value":"//button[@data-kt=\"addNewYardOverflowToolbarButton\"]"}
COMMAND: POST /session/8d9404e4e9bea3f53a5c3520fcd44aec/elements - {"using":"xpath","value":"//button[@data-kt=\"addNewYardOverflowToolbarButton\"]"}
RESULT: {"using":"xpath","value":"//button[@data-kt=\"addNewYardOverflowToolbarButton\"]"}
COMMAND: POST /session/8d9404e4e9bea3f53a5c3520fcd44aec/elements - {"using":"xpath","value":"//button[@data-kt=\"addNewYardOverflowToolbarButton\"]"}
RESULT: {"using":"xpath","value":"//button[@data-kt=\"addNewYardOverflowToolbarButton\"]"}
COMMAND: POST /session/8d9404e4e9bea3f53a5c3520fcd44aec/elements - {"using":"xpath","value":"//button[@data-kt=\"addNewYardOverflowToolbarButton\"]"}
RESULT: {"using":"xpath","value":"//button[@data-kt=\"addNewYardOverflowToolbarButton\"]"}
COMMAND: POST /session/8d9404e4e9bea3f53a5c3520fcd44aec/elements - {"using":"xpath","value":"//button[@data-kt=\"addNewYardOverflowToolbarButton\"]"}
RESULT: {"using":"xpath","value":"//button[@data-kt=\"addNewYardOverflowToolbarButton\"]"}
COMMAND: POST /session/8d9404e4e9bea3f53a5c3520fcd44aec/elements - {"using":"xpath","value":"//button[@data-kt=\"addNewYardOverflowToolbarButton\"]"}
RESULT: {"using":"xpath","value":"//button[@data-kt=\"addNewYardOverflowToolbarButton\"]"}
COMMAND: POST /session/8d9404e4e9bea3f53a5c3520fcd44aec/elements - {"using":"xpath","value":"//button[@data-kt=\"addNewYardOverflowToolbarButton\"]"}
RESULT: {"using":"xpath","value":"//button[@data-kt=\"addNewYardOverflowToolbarButton\"]"}
COMMAND: POST /session/8d9404e4e9bea3f53a5c3520fcd44aec/elements - {"using":"xpath","value":"//button[@data-kt=\"addNewYardOverflowToolbarButton\"]"}
RESULT: {"using":"xpath","value":"//button[@data-kt=\"addNewYardOverflowToolbarButton\"]"}
COMMAND: POST /session/8d9404e4e9bea3f53a5c3520fcd44aec/elements - {"using":"xpath","value":"//button[@data-kt=\"addNewYardOverflowToolbarButton\"]"}
RESULT: {"using":"xpath","value":"//button[@data-kt=\"addNewYardOverflowToolbarButton\"]"}
COMMAND: POST /session/8d9404e4e9bea3f53a5c3520fcd44aec/elements - {"using":"xpath","value":"//button[@data-kt=\"addNewYardOverflowToolbarButton\"]"}
RESULT: {"using":"xpath","value":"//button[@data-kt=\"addNewYardOverflowToolbarButton\"]"}
COMMAND: POST /session/8d9404e4e9bea3f53a5c3520fcd44aec/elements - {"using":"xpath","value":"//button[@data-kt=\"addNewYardOverflowToolbarButton\"]"}
RESULT: {"using":"xpath","value":"//button[@data-kt=\"addNewYardOverflowToolbarButton\"]"}
COMMAND: POST /session/8d9404e4e9bea3f53a5c3520fcd44aec/elements - {"using":"xpath","value":"//button[@data-kt=\"addNewYardOverflowToolbarButton\"]"}
RESULT: {"using":"xpath","value":"//button[@data-kt=\"addNewYardOverflowToolbarButton\"]"}
COMMAND: POST /session/8d9404e4e9bea3f53a5c3520fcd44aec/elements - {"using":"xpath","value":"//button[@data-kt=\"addNewYardOverflowToolbarButton\"]"}
RESULT: {"using":"xpath","value":"//button[@data-kt=\"addNewYardOverflowToolbarButton\"]"}
COMMAND: GET /session/8d9404e4e9bea3f53a5c3520fcd44aec/screenshot - {}
RESULT: {}
]]></system-out>
      <system-err><![CDATA[
Error: element ("//button[@data-kt="addNewYardOverflowToolbarButton"]") still not existing after 45000ms
    at async UtilsPrerequisites.yardCreation (D:\a\1\s\test\specs\BTS\prerequisites-and-utils-functions.js:42:9)
    at async Context.<anonymous> (D:\a\1\s\test\specs\BTS\create-partner.spec.js:36:25)
]]></system-err>
    </testcase>
    <testcase classname="chrome.136_0_7103_93.windows.Create_partner_US118246" name="Should create new external WHM partner" time="48.555">
      <failure/>
      <error message="The setValue/addValue command only take string or number values. If you like to use special characters, use the &quot;keys&quot; command."/>
      <system-out><![CDATA[
COMMAND: POST /session/8d9404e4e9bea3f53a5c3520fcd44aec/window/fullscreen - {}
COMMAND: GET /session/8d9404e4e9bea3f53a5c3520fcd44aec/screenshot - {}
RESULT: {}
RESULT: undefined
COMMAND: POST /session/8d9404e4e9bea3f53a5c3520fcd44aec/element - {"using":"xpath","value":"//*[@id=\"__tile38\"]"}
RESULT: {}
RESULT: {"using":"xpath","value":"//*[@id=\"__tile38\"]"}
COMMAND: POST /session/8d9404e4e9bea3f53a5c3520fcd44aec/element/f.7EA17D048601C53176965B9346C1EB3C.d.70AE5C4CF856178E377818C4E3519826.e.8686/click - {}
COMMAND: POST /session/8d9404e4e9bea3f53a5c3520fcd44aec/elements - {"using":"xpath","value":"//span[text()='Error']"}
RESULT: {"using":"xpath","value":"//span[text()='Error']"}
COMMAND: POST /session/8d9404e4e9bea3f53a5c3520fcd44aec/element - {"using":"xpath","value":"//button[@data-kt=\"addButton\"]"}
RESULT: {"using":"xpath","value":"//button[@data-kt=\"addButton\"]"}
COMMAND: POST /session/8d9404e4e9bea3f53a5c3520fcd44aec/elements - {"using":"xpath","value":"//button[@data-kt=\"addButton\"]"}
RESULT: {"using":"xpath","value":"//button[@data-kt=\"addButton\"]"}
COMMAND: POST /session/8d9404e4e9bea3f53a5c3520fcd44aec/execute/sync - {"script":"<script> [8489 bytes]","args":[{"element-6066-11e4-a52e-4f735466cecf":"f.7EA17D048601C53176965B9346C1EB3C.d.70AE5C4CF856178E377818C4E3519826.e.10178","ELEMENT":"f.7EA17D048601C53176965B9346C1EB3C.d.70AE5C4CF856178E377818C4E3519826.e.10178"}]}
RESULT: {"script":"<script> [8489 bytes]","args":[{"element-6066-11e4-a52e-4f735466cecf":"f.7EA17D048601C53176965B9346C1EB3C.d.70AE5C4CF856178E377818C4E3519826.e.10178","ELEMENT":"f.7EA17D048601C53176965B9346C1EB3C.d.70AE5C4CF856178E377818C4E3519826.e.10178"}]}
COMMAND: GET /session/8d9404e4e9bea3f53a5c3520fcd44aec/element/f.7EA17D048601C53176965B9346C1EB3C.d.70AE5C4CF856178E377818C4E3519826.e.10178/enabled - {}
COMMAND: GET /session/8d9404e4e9bea3f53a5c3520fcd44aec/screenshot - {}
RESULT: {}
COMMAND: POST /session/8d9404e4e9bea3f53a5c3520fcd44aec/execute/sync - {"script":"<script> [8489 bytes]","args":[{"element-6066-11e4-a52e-4f735466cecf":"f.7EA17D048601C53176965B9346C1EB3C.d.70AE5C4CF856178E377818C4E3519826.e.10178","ELEMENT":"f.7EA17D048601C53176965B9346C1EB3C.d.70AE5C4CF856178E377818C4E3519826.e.10178"}]}
COMMAND: GET /session/8d9404e4e9bea3f53a5c3520fcd44aec/screenshot - {}
RESULT: {}
RESULT: {"script":"<script> [8489 bytes]","args":[{"element-6066-11e4-a52e-4f735466cecf":"f.7EA17D048601C53176965B9346C1EB3C.d.70AE5C4CF856178E377818C4E3519826.e.10178","ELEMENT":"f.7EA17D048601C53176965B9346C1EB3C.d.70AE5C4CF856178E377818C4E3519826.e.10178"}]}
COMMAND: POST /session/8d9404e4e9bea3f53a5c3520fcd44aec/execute/sync - {"script":"<script> [5351 bytes]","args":[{"element-6066-11e4-a52e-4f735466cecf":"f.7EA17D048601C53176965B9346C1EB3C.d.70AE5C4CF856178E377818C4E3519826.e.10178","ELEMENT":"f.7EA17D048601C53176965B9346C1EB3C.d.70AE5C4CF856178E377818C4E3519826.e.10178"}]}
COMMAND: GET /session/8d9404e4e9bea3f53a5c3520fcd44aec/screenshot - {}
RESULT: {}
RESULT: {"script":"<script> [5351 bytes]","args":[{"element-6066-11e4-a52e-4f735466cecf":"f.7EA17D048601C53176965B9346C1EB3C.d.70AE5C4CF856178E377818C4E3519826.e.10178","ELEMENT":"f.7EA17D048601C53176965B9346C1EB3C.d.70AE5C4CF856178E377818C4E3519826.e.10178"}]}
COMMAND: POST /session/8d9404e4e9bea3f53a5c3520fcd44aec/element/f.7EA17D048601C53176965B9346C1EB3C.d.70AE5C4CF856178E377818C4E3519826.e.10178/click - {}
COMMAND: GET /session/8d9404e4e9bea3f53a5c3520fcd44aec/screenshot - {}
RESULT: {}
RESULT: {}
COMMAND: GET /session/8d9404e4e9bea3f53a5c3520fcd44aec/screenshot - {}
RESULT: {}
RESULT: undefined
COMMAND: POST /session/8d9404e4e9bea3f53a5c3520fcd44aec/execute/async - {"script":"<script> [776 bytes]","args":[{"enterText":"External Partner WDIO","selector":{"id":"application-managepartners-display-component---NewPartner--addressDetailDetailsName1","interaction":{"idSuffix":"inner"}},"clearTextFirst":true,"interactionType":"ENTER_TEXT"}]}
RESULT: {}
RESULT: {"script":"<script> [776 bytes]","args":[{"enterText":"External Partner WDIO","selector":{"id":"application-managepartners-display-component---NewPartner--addressDetailDetailsName1","interaction":{"idSuffix":"inner"}},"clearTextFirst":true,"interactionType":"ENTER_TEXT"}]}
RESULT: undefined
COMMAND: POST /session/8d9404e4e9bea3f53a5c3520fcd44aec/element - {"using":"xpath","value":"//*[@id=\"application-managepartners-display-component---NewPartner--addressDetailDetailsLanguage-arrow\"]"}
RESULT: {"using":"xpath","value":"//*[@id=\"application-managepartners-display-component---NewPartner--addressDetailDetailsLanguage-arrow\"]"}
COMMAND: POST /session/8d9404e4e9bea3f53a5c3520fcd44aec/element/f.7EA17D048601C53176965B9346C1EB3C.d.70AE5C4CF856178E377818C4E3519826.e.10313/click - {}
RESULT: {}
COMMAND: POST /session/8d9404e4e9bea3f53a5c3520fcd44aec/element - {"using":"xpath","value":"//span[contains(text(), \"English\")]"}
COMMAND: GET /session/8d9404e4e9bea3f53a5c3520fcd44aec/screenshot - {}
RESULT: {"using":"xpath","value":"//span[contains(text(), \"English\")]"}
COMMAND: POST /session/8d9404e4e9bea3f53a5c3520fcd44aec/element/f.7EA17D048601C53176965B9346C1EB3C.d.70AE5C4CF856178E377818C4E3519826.e.9986/click - {}
RESULT: {}
RESULT: {}
COMMAND: GET /session/8d9404e4e9bea3f53a5c3520fcd44aec/screenshot - {}
RESULT: {}
RESULT: undefined
COMMAND: POST /session/8d9404e4e9bea3f53a5c3520fcd44aec/execute/async - {"script":"<script> [776 bytes]","args":[{"enterText":"Rosario","selector":{"id":"application-managepartners-display-component---NewPartner--addressDetailDetailsCity1","interaction":{"idSuffix":"inner"}},"clearTextFirst":true,"interactionType":"ENTER_TEXT"}]}
RESULT: {"script":"<script> [776 bytes]","args":[{"enterText":"Rosario","selector":{"id":"application-managepartners-display-component---NewPartner--addressDetailDetailsCity1","interaction":{"idSuffix":"inner"}},"clearTextFirst":true,"interactionType":"ENTER_TEXT"}]}
RESULT: undefined
COMMAND: POST /session/8d9404e4e9bea3f53a5c3520fcd44aec/element - {"using":"xpath","value":"//*[@id=\"application-managepartners-display-component---NewPartner--addressDetailDetailsCountry-arrow\"]"}
RESULT: {"using":"xpath","value":"//*[@id=\"application-managepartners-display-component---NewPartner--addressDetailDetailsCountry-arrow\"]"}
COMMAND: POST /session/8d9404e4e9bea3f53a5c3520fcd44aec/element/f.7EA17D048601C53176965B9346C1EB3C.d.70AE5C4CF856178E377818C4E3519826.e.10314/click - {}
RESULT: {}
COMMAND: POST /session/8d9404e4e9bea3f53a5c3520fcd44aec/element - {"using":"xpath","value":"//span[contains(text(), \"Argentina\")]"}
COMMAND: GET /session/8d9404e4e9bea3f53a5c3520fcd44aec/screenshot - {}
RESULT: {"using":"xpath","value":"//span[contains(text(), \"Argentina\")]"}
COMMAND: POST /session/8d9404e4e9bea3f53a5c3520fcd44aec/element/f.7EA17D048601C53176965B9346C1EB3C.d.70AE5C4CF856178E377818C4E3519826.e.9988/click - {}
RESULT: {}
RESULT: {}
COMMAND: GET /session/8d9404e4e9bea3f53a5c3520fcd44aec/screenshot - {}
RESULT: {}
COMMAND: POST /session/8d9404e4e9bea3f53a5c3520fcd44aec/element - {"using":"xpath","value":"//bdi[contains(text(), \"Commercial\")]"}
RESULT: {"using":"xpath","value":"//bdi[contains(text(), \"Commercial\")]"}
COMMAND: POST /session/8d9404e4e9bea3f53a5c3520fcd44aec/element/f.7EA17D048601C53176965B9346C1EB3C.d.70AE5C4CF856178E377818C4E3519826.e.10316/click - {}
RESULT: {}
COMMAND: GET /session/8d9404e4e9bea3f53a5c3520fcd44aec/screenshot - {}
RESULT: {}
RESULT: undefined
COMMAND: POST /session/8d9404e4e9bea3f53a5c3520fcd44aec/element - {"using":"xpath","value":"//*[@id=\"application-managepartners-display-component---NewPartner--partnerDetailInternal-arrow\"]"}
RESULT: {"using":"xpath","value":"//*[@id=\"application-managepartners-display-component---NewPartner--partnerDetailInternal-arrow\"]"}
COMMAND: POST /session/8d9404e4e9bea3f53a5c3520fcd44aec/element/f.7EA17D048601C53176965B9346C1EB3C.d.70AE5C4CF856178E377818C4E3519826.e.10321/click - {}
RESULT: {}
COMMAND: POST /session/8d9404e4e9bea3f53a5c3520fcd44aec/element - {"using":"xpath","value":"//span[contains(text(), \"External partner\")]"}
COMMAND: GET /session/8d9404e4e9bea3f53a5c3520fcd44aec/screenshot - {}
RESULT: {"using":"xpath","value":"//span[contains(text(), \"External partner\")]"}
COMMAND: POST /session/8d9404e4e9bea3f53a5c3520fcd44aec/element/f.7EA17D048601C53176965B9346C1EB3C.d.70AE5C4CF856178E377818C4E3519826.e.9996/click - {}
RESULT: {}
RESULT: {}
RESULT: undefined
COMMAND: POST /session/8d9404e4e9bea3f53a5c3520fcd44aec/element - {"using":"xpath","value":"//*[@id=\"application-managepartners-display-component---NewPartner--partnerDetailsCurrency-arrow\"]"}
COMMAND: GET /session/8d9404e4e9bea3f53a5c3520fcd44aec/screenshot - {}
RESULT: {"using":"xpath","value":"//*[@id=\"application-managepartners-display-component---NewPartner--partnerDetailsCurrency-arrow\"]"}
COMMAND: POST /session/8d9404e4e9bea3f53a5c3520fcd44aec/element/f.7EA17D048601C53176965B9346C1EB3C.d.70AE5C4CF856178E377818C4E3519826.e.10324/click - {}
RESULT: {}
RESULT: {}
COMMAND: POST /session/8d9404e4e9bea3f53a5c3520fcd44aec/element - {"using":"xpath","value":"//span[contains(text(), \"US Dollar\")]"}
COMMAND: GET /session/8d9404e4e9bea3f53a5c3520fcd44aec/screenshot - {}
RESULT: {"using":"xpath","value":"//span[contains(text(), \"US Dollar\")]"}
COMMAND: POST /session/8d9404e4e9bea3f53a5c3520fcd44aec/element/f.7EA17D048601C53176965B9346C1EB3C.d.70AE5C4CF856178E377818C4E3519826.e.10002/click - {}
RESULT: {}
RESULT: {}
COMMAND: GET /session/8d9404e4e9bea3f53a5c3520fcd44aec/screenshot - {}
RESULT: {}
COMMAND: POST /session/8d9404e4e9bea3f53a5c3520fcd44aec/element - {"using":"xpath","value":"//input[@id=\"application-managepartners-display-component---NewPartner--companyCodeComboBox-inner\"]"}
RESULT: {"using":"xpath","value":"//input[@id=\"application-managepartners-display-component---NewPartner--companyCodeComboBox-inner\"]"}
COMMAND: POST /session/8d9404e4e9bea3f53a5c3520fcd44aec/element/f.7EA17D048601C53176965B9346C1EB3C.d.70AE5C4CF856178E377818C4E3519826.e.10306/clear - {}
RESULT: {}
COMMAND: POST /session/8d9404e4e9bea3f53a5c3520fcd44aec/element/f.7EA17D048601C53176965B9346C1EB3C.d.70AE5C4CF856178E377818C4E3519826.e.10306/value - {"text":"C002"}
COMMAND: GET /session/8d9404e4e9bea3f53a5c3520fcd44aec/screenshot - {}
RESULT: {"text":"C002"}
COMMAND: GET /session/8d9404e4e9bea3f53a5c3520fcd44aec/screenshot - {}
RESULT: {}
RESULT: {}
COMMAND: POST /session/8d9404e4e9bea3f53a5c3520fcd44aec/element - {"using":"xpath","value":"//li[.//span[text()= \"C002\"]]"}
RESULT: {"using":"xpath","value":"//li[.//span[text()= \"C002\"]]"}
COMMAND: POST /session/8d9404e4e9bea3f53a5c3520fcd44aec/element/f.7EA17D048601C53176965B9346C1EB3C.d.70AE5C4CF856178E377818C4E3519826.e.10327/click - {}
RESULT: {}
COMMAND: GET /session/8d9404e4e9bea3f53a5c3520fcd44aec/screenshot - {}
RESULT: {}
RESULT: undefined
COMMAND: POST /session/8d9404e4e9bea3f53a5c3520fcd44aec/element - {"using":"xpath","value":"//*[@id=\"application-managepartners-display-component---NewPartner--btnAddTableRow-img\"]"}
RESULT: {"using":"xpath","value":"//*[@id=\"application-managepartners-display-component---NewPartner--btnAddTableRow-img\"]"}
COMMAND: POST /session/8d9404e4e9bea3f53a5c3520fcd44aec/element/f.7EA17D048601C53176965B9346C1EB3C.d.70AE5C4CF856178E377818C4E3519826.e.10328/click - {}
RESULT: {}
COMMAND: GET /session/8d9404e4e9bea3f53a5c3520fcd44aec/screenshot - {}
RESULT: {}
COMMAND: POST /session/8d9404e4e9bea3f53a5c3520fcd44aec/element - {"using":"xpath","value":"//input[@id=\"application-managepartners-display-component---NewPartner--assignmentYard-application-managepartners-display-component---NewPartner--assignmentsTable-0-inner\"]"}
RESULT: {"using":"xpath","value":"//input[@id=\"application-managepartners-display-component---NewPartner--assignmentYard-application-managepartners-display-component---NewPartner--assignmentsTable-0-inner\"]"}
COMMAND: POST /session/8d9404e4e9bea3f53a5c3520fcd44aec/element/f.7EA17D048601C53176965B9346C1EB3C.d.70AE5C4CF856178E377818C4E3519826.e.10331/clear - {}
RESULT: {}
COMMAND: GET /session/8d9404e4e9bea3f53a5c3520fcd44aec/screenshot - {}
COMMAND: GET /session/8d9404e4e9bea3f53a5c3520fcd44aec/screenshot - {}
RESULT: {}
COMMAND: GET /session/8d9404e4e9bea3f53a5c3520fcd44aec/screenshot - {}
COMMAND: GET /session/8d9404e4e9bea3f53a5c3520fcd44aec/screenshot - {}
RESULT: {}
RESULT: {}
RESULT: {}
COMMAND: DELETE /session/8d9404e4e9bea3f53a5c3520fcd44aec - {}
RESULT: {}
]]></system-out>
      <system-err><![CDATA[
Error: The setValue/addValue command only take string or number values. If you like to use special characters, use the "keys" command.
    at async UtilsPrerequisites.partnerCreation (D:\a\1\s\test\specs\BTS\prerequisites-and-utils-functions.js:501:9)
    at async Context.<anonymous> (D:\a\1\s\test\specs\BTS\create-partner.spec.js:43:47)
]]></system-err>
    </testcase>
  </testsuite>
</testsuites>