<?xml version="1.0" encoding="UTF-8"?>
<testsuites tests="17" failures="3" errors="3" skipped="0">
  <testsuite timestamp="2025-04-28T17:46:30" time="957.082" tests="6" failures="0" errors="0" skipped="0">
    <properties>
      <property name="specId" value="0" />
      <property name="suiteName" value="Standard contract - add contract items by Insert Request US118222" />
      <property name="capabilities" value="chrome.135_0_7049_96.windows" />
      <property name="file" value="file:///D:/a/1/s/test/specs/R2C/standard-contract-add-contract-items-by-insert-request.spec.js" />
    </properties>
    <testcase classname="chrome.135_0_7049_96.windows.Standard_contract_-_add_contract_items_by_Insert_Request_US118222" name="Should create prerequisites yard partner site material and equipment" time="263.793">
      <system-out><![CDATA[
COMMAND: POST /session/2332ccd2e8bcc895b03cacebcf8e3681/execute/async - {"script":"<script> [1562 bytes]","args":[{"selector":{"controlType":"sap.m.GenericTile","properties":{"header":"Manage Yards"}},"wdio_ui5_key":"sapm.GenericTile{\"header\":\"Manage Yards\"}"}]}
RESULT: {"script":"<script> [1562 bytes]","args":[{"selector":{"controlType":"sap.m.GenericTile","properties":{"header":"Manage Yards"}},"wdio_ui5_key":"sapm.GenericTile{\"header\":\"Manage Yards\"}"}]}
RESULT: undefined
COMMAND: POST /session/2332ccd2e8bcc895b03cacebcf8e3681/element - {"using":"xpath","value":"//*[@id=\"__tile41\"]"}
RESULT: {"using":"xpath","value":"//*[@id=\"__tile41\"]"}
COMMAND: POST /session/2332ccd2e8bcc895b03cacebcf8e3681/element/f.B01AE492A9312D985D5F46C9A0123422.d.F5B100A577E136F7438B27B361AED36F.e.112/click - {}
RESULT: {}
COMMAND: GET /session/2332ccd2e8bcc895b03cacebcf8e3681/screenshot - {}
RESULT: {}
COMMAND: POST /session/2332ccd2e8bcc895b03cacebcf8e3681/execute/async - {"script":"<script> [1562 bytes]","args":[{"selector":{"controlType":"sap.ui.core.Icon","viewName":"etm.portal.ui.manageyards.view.Master","viewId":"application-manageyards-display-component---masterYard","properties":{"src":{"regex":{"source":"add"}}}},"wdio_ui5_key":"etmportal.ui.manageyards.view.Mastersap.ui.core.Icon{\"src\":{\"regex\":{\"source\":\"add\"}}}"}]}
RESULT: {"script":"<script> [1562 bytes]","args":[{"selector":{"controlType":"sap.ui.core.Icon","viewName":"etm.portal.ui.manageyards.view.Master","viewId":"application-manageyards-display-component---masterYard","properties":{"src":{"regex":{"source":"add"}}}},"wdio_ui5_key":"etmportal.ui.manageyards.view.Mastersap.ui.core.Icon{\"src\":{\"regex\":{\"source\":\"add\"}}}"}]}
RESULT: undefined
COMMAND: POST /session/2332ccd2e8bcc895b03cacebcf8e3681/element - {"using":"xpath","value":"//*[@id=\"__button4-img\"]"}
RESULT: {"using":"xpath","value":"//*[@id=\"__button4-img\"]"}
COMMAND: POST /session/2332ccd2e8bcc895b03cacebcf8e3681/element/f.B01AE492A9312D985D5F46C9A0123422.d.F5B100A577E136F7438B27B361AED36F.e.160/click - {}
RESULT: {}
COMMAND: GET /session/2332ccd2e8bcc895b03cacebcf8e3681/screenshot - {}
RESULT: {}
COMMAND: POST /session/2332ccd2e8bcc895b03cacebcf8e3681/execute/async - {"script":"<script> [1562 bytes]","args":[{"selector":{"id":"application-manageyards-display-component---NewYard--yardId","interaction":{"idSuffix":"inner"}},"wdio_ui5_key":"applicationmanageyards-display-component---NewYard--yardId"}]}
RESULT: {"script":"<script> [1562 bytes]","args":[{"selector":{"id":"application-manageyards-display-component---NewYard--yardId","interaction":{"idSuffix":"inner"}},"wdio_ui5_key":"applicationmanageyards-display-component---NewYard--yardId"}]}
RESULT: undefined
COMMAND: POST /session/2332ccd2e8bcc895b03cacebcf8e3681/element - {"using":"xpath","value":"//*[@id=\"application-manageyards-display-component---NewYard--addressDetailDetailsName1-inner\"]"}
RESULT: {"using":"xpath","value":"//*[@id=\"application-manageyards-display-component---NewYard--addressDetailDetailsName1-inner\"]"}
COMMAND: POST /session/2332ccd2e8bcc895b03cacebcf8e3681/element/f.B01AE492A9312D985D5F46C9A0123422.d.F5B100A577E136F7438B27B361AED36F.e.371/clear - {}
RESULT: {}
COMMAND: POST /session/2332ccd2e8bcc895b03cacebcf8e3681/element/f.B01AE492A9312D985D5F46C9A0123422.d.F5B100A577E136F7438B27B361AED36F.e.371/value - {"text":"WebdriverYardolz1a"}
COMMAND: GET /session/2332ccd2e8bcc895b03cacebcf8e3681/screenshot - {}
RESULT: {"text":"WebdriverYardolz1a"}
COMMAND: POST /session/2332ccd2e8bcc895b03cacebcf8e3681/element - {"using":"xpath","value":"//*[@id=\"application-manageyards-display-component---NewYard--addressDetailDetailsLanguage-inner\"]"}
COMMAND: GET /session/2332ccd2e8bcc895b03cacebcf8e3681/screenshot - {}
RESULT: {}
RESULT: {"using":"xpath","value":"//*[@id=\"application-manageyards-display-component---NewYard--addressDetailDetailsLanguage-inner\"]"}
COMMAND: POST /session/2332ccd2e8bcc895b03cacebcf8e3681/element/f.B01AE492A9312D985D5F46C9A0123422.d.F5B100A577E136F7438B27B361AED36F.e.372/clear - {}
RESULT: {}
RESULT: {}
COMMAND: POST /session/2332ccd2e8bcc895b03cacebcf8e3681/element/f.B01AE492A9312D985D5F46C9A0123422.d.F5B100A577E136F7438B27B361AED36F.e.372/value - {"text":"Romanian"}
COMMAND: GET /session/2332ccd2e8bcc895b03cacebcf8e3681/screenshot - {}
RESULT: {"text":"Romanian"}
COMMAND: POST /session/2332ccd2e8bcc895b03cacebcf8e3681/element - {"using":"xpath","value":"//input[contains(@id ,\"application-manageyards-display-component---NewYard--addressDetailDetailsName1-inner\")]"}
COMMAND: GET /session/2332ccd2e8bcc895b03cacebcf8e3681/screenshot - {}
RESULT: {}
RESULT: {"using":"xpath","value":"//input[contains(@id ,\"application-manageyards-display-component---NewYard--addressDetailDetailsName1-inner\")]"}
COMMAND: GET /session/2332ccd2e8bcc895b03cacebcf8e3681/element/f.B01AE492A9312D985D5F46C9A0123422.d.F5B100A577E136F7438B27B361AED36F.e.371/property/value - {}
RESULT: {}
RESULT: {}
COMMAND: GET /session/2332ccd2e8bcc895b03cacebcf8e3681/screenshot - {}
RESULT: {}
COMMAND: POST /session/2332ccd2e8bcc895b03cacebcf8e3681/element - {"using":"xpath","value":"//*[@id=\"application-manageyards-display-component---NewYard--addressDetailDetailsCity1-inner\"]"}
RESULT: {"using":"xpath","value":"//*[@id=\"application-manageyards-display-component---NewYard--addressDetailDetailsCity1-inner\"]"}
COMMAND: POST /session/2332ccd2e8bcc895b03cacebcf8e3681/element/f.B01AE492A9312D985D5F46C9A0123422.d.F5B100A577E136F7438B27B361AED36F.e.374/clear - {}
RESULT: {}
COMMAND: POST /session/2332ccd2e8bcc895b03cacebcf8e3681/element/f.B01AE492A9312D985D5F46C9A0123422.d.F5B100A577E136F7438B27B361AED36F.e.374/value - {"text":"Bucuresti"}
COMMAND: GET /session/2332ccd2e8bcc895b03cacebcf8e3681/screenshot - {}
RESULT: {"text":"Bucuresti"}
COMMAND: GET /session/2332ccd2e8bcc895b03cacebcf8e3681/screenshot - {}
RESULT: {}
RESULT: {}
COMMAND: POST /session/2332ccd2e8bcc895b03cacebcf8e3681/element - {"using":"xpath","value":"//*[@id=\"application-manageyards-display-component---NewYard--addressDetailDetailsCountry-inner\"]"}
RESULT: {"using":"xpath","value":"//*[@id=\"application-manageyards-display-component---NewYard--addressDetailDetailsCountry-inner\"]"}
COMMAND: POST /session/2332ccd2e8bcc895b03cacebcf8e3681/element/f.B01AE492A9312D985D5F46C9A0123422.d.F5B100A577E136F7438B27B361AED36F.e.378/clear - {}
RESULT: {}
COMMAND: POST /session/2332ccd2e8bcc895b03cacebcf8e3681/element/f.B01AE492A9312D985D5F46C9A0123422.d.F5B100A577E136F7438B27B361AED36F.e.378/value - {"text":"Romania"}
COMMAND: GET /session/2332ccd2e8bcc895b03cacebcf8e3681/screenshot - {}
RESULT: {"text":"Romania"}
COMMAND: GET /session/2332ccd2e8bcc895b03cacebcf8e3681/screenshot - {}
RESULT: {}
RESULT: {}
COMMAND: POST /session/2332ccd2e8bcc895b03cacebcf8e3681/element - {"using":"xpath","value":"//div[contains(text(), \"Commercial\")]"}
RESULT: {"using":"xpath","value":"//div[contains(text(), \"Commercial\")]"}
COMMAND: GET /session/2332ccd2e8bcc895b03cacebcf8e3681/element/f.B01AE492A9312D985D5F46C9A0123422.d.F5B100A577E136F7438B27B361AED36F.e.570/rect - {}
RESULT: {}
COMMAND: GET /session/2332ccd2e8bcc895b03cacebcf8e3681/window/rect - {}
RESULT: {}
COMMAND: POST /session/2332ccd2e8bcc895b03cacebcf8e3681/execute/sync - {"script":"<script> [92 bytes]","args":[]}
RESULT: {"script":"<script> [92 bytes]","args":[]}
COMMAND: POST /session/2332ccd2e8bcc895b03cacebcf8e3681/actions - {"actions":[{"id":"action1","type":"wheel","parameters":{},"actions":[{"type":"scroll","x":-1841,"y":-44,"deltaX":0,"deltaY":0,"duration":0,"origin":{"element-6066-11e4-a52e-4f735466cecf":"f.B01AE492A9312D985D5F46C9A0123422.d.F5B100A577E136F7438B27B361AED36F.e.570"}}]}]}
COMMAND: GET /session/2332ccd2e8bcc895b03cacebcf8e3681/screenshot - {}
RESULT: {}
COMMAND: POST /session/2332ccd2e8bcc895b03cacebcf8e3681/execute/sync - {"script":"<script> [79 bytes]","args":[{"element-6066-11e4-a52e-4f735466cecf":"f.B01AE492A9312D985D5F46C9A0123422.d.F5B100A577E136F7438B27B361AED36F.e.570","ELEMENT":"f.B01AE492A9312D985D5F46C9A0123422.d.F5B100A577E136F7438B27B361AED36F.e.570"},{"block":"start","inline":"nearest"}]}
RESULT: {"script":"<script> [79 bytes]","args":[{"element-6066-11e4-a52e-4f735466cecf":"f.B01AE492A9312D985D5F46C9A0123422.d.F5B100A577E136F7438B27B361AED36F.e.570","ELEMENT":"f.B01AE492A9312D985D5F46C9A0123422.d.F5B100A577E136F7438B27B361AED36F.e.570"},{"block":"start","inline":"nearest"}]}
COMMAND: GET /session/2332ccd2e8bcc895b03cacebcf8e3681/screenshot - {}
RESULT: {}
COMMAND: POST /session/2332ccd2e8bcc895b03cacebcf8e3681/execute/async - {"script":"<script> [1562 bytes]","args":[{"selector":{"id":"application-manageyards-display-component---NewYard--addressEditDetailsCostObjectCstType-arrow"},"wdio_ui5_key":"applicationmanageyards-display-component---NewYard--addressEditDetailsCostObjectCstType-arrow"}]}
RESULT: {"script":"<script> [1562 bytes]","args":[{"selector":{"id":"application-manageyards-display-component---NewYard--addressEditDetailsCostObjectCstType-arrow"},"wdio_ui5_key":"applicationmanageyards-display-component---NewYard--addressEditDetailsCostObjectCstType-arrow"}]}
RESULT: undefined
COMMAND: POST /session/2332ccd2e8bcc895b03cacebcf8e3681/element - {"using":"xpath","value":"//*[@id=\"application-manageyards-display-component---NewYard--addressEditDetailsCostObjectCstType-arrow\"]"}
RESULT: {"using":"xpath","value":"//*[@id=\"application-manageyards-display-component---NewYard--addressEditDetailsCostObjectCstType-arrow\"]"}
COMMAND: POST /session/2332ccd2e8bcc895b03cacebcf8e3681/element/f.B01AE492A9312D985D5F46C9A0123422.d.F5B100A577E136F7438B27B361AED36F.e.579/click - {}
RESULT: {}
COMMAND: POST /session/2332ccd2e8bcc895b03cacebcf8e3681/element - {"using":"xpath","value":"//span[contains(text(), \"Cost Center\")]"}
COMMAND: GET /session/2332ccd2e8bcc895b03cacebcf8e3681/screenshot - {}
RESULT: {"using":"xpath","value":"//span[contains(text(), \"Cost Center\")]"}
COMMAND: POST /session/2332ccd2e8bcc895b03cacebcf8e3681/element/f.B01AE492A9312D985D5F46C9A0123422.d.F5B100A577E136F7438B27B361AED36F.e.580/click - {}
RESULT: {}
RESULT: {}
COMMAND: GET /session/2332ccd2e8bcc895b03cacebcf8e3681/screenshot - {}
RESULT: {}
COMMAND: POST /session/2332ccd2e8bcc895b03cacebcf8e3681/execute/async - {"script":"<script> [1562 bytes]","args":[{"selector":{"id":"application-manageyards-display-component---NewYard--addressNewCostObjectCstID-vhi"},"wdio_ui5_key":"applicationmanageyards-display-component---NewYard--addressNewCostObjectCstID-vhi"}]}
RESULT: {"script":"<script> [1562 bytes]","args":[{"selector":{"id":"application-manageyards-display-component---NewYard--addressNewCostObjectCstID-vhi"},"wdio_ui5_key":"applicationmanageyards-display-component---NewYard--addressNewCostObjectCstID-vhi"}]}
RESULT: undefined
COMMAND: POST /session/2332ccd2e8bcc895b03cacebcf8e3681/element - {"using":"xpath","value":"//*[@id=\"application-manageyards-display-component---NewYard--addressNewCostObjectCstID-vhi\"]"}
RESULT: {"using":"xpath","value":"//*[@id=\"application-manageyards-display-component---NewYard--addressNewCostObjectCstID-vhi\"]"}
COMMAND: POST /session/2332ccd2e8bcc895b03cacebcf8e3681/element/f.B01AE492A9312D985D5F46C9A0123422.d.F5B100A577E136F7438B27B361AED36F.e.584/click - {}
RESULT: {}
COMMAND: GET /session/2332ccd2e8bcc895b03cacebcf8e3681/screenshot - {}
RESULT: {}
COMMAND: POST /session/2332ccd2e8bcc895b03cacebcf8e3681/execute/async - {"script":"<script> [1562 bytes]","args":[{"selector":{"controlType":"sap.m.SearchField","properties":{"placeholder":"Search"},"searchOpenDialogs":true,"interaction":{"idSuffix":"I"}},"wdio_ui5_key":"sapm.SearchField{\"placeholder\":\"Search\"}"}]}
RESULT: {"script":"<script> [1562 bytes]","args":[{"selector":{"controlType":"sap.m.SearchField","properties":{"placeholder":"Search"},"searchOpenDialogs":true,"interaction":{"idSuffix":"I"}},"wdio_ui5_key":"sapm.SearchField{\"placeholder\":\"Search\"}"}]}
RESULT: undefined
COMMAND: POST /session/2332ccd2e8bcc895b03cacebcf8e3681/execute/async - {"script":"<script> [776 bytes]","args":[{"enterText":"10001013","selector":{"controlType":"sap.m.SearchField","properties":{"placeholder":"Search"},"searchOpenDialogs":true,"interaction":{"idSuffix":"I"}},"clearTextFirst":true,"interactionType":"ENTER_TEXT"}]}
RESULT: {"script":"<script> [776 bytes]","args":[{"enterText":"10001013","selector":{"controlType":"sap.m.SearchField","properties":{"placeholder":"Search"},"searchOpenDialogs":true,"interaction":{"idSuffix":"I"}},"clearTextFirst":true,"interactionType":"ENTER_TEXT"}]}
COMMAND: POST /session/2332ccd2e8bcc895b03cacebcf8e3681/actions - {"actions":[{"id":"action2","type":"key","parameters":{},"actions":[{"type":"keyDown","value":"î€‡"},{"type":"pause","duration":10},{"type":"keyUp","value":"î€‡"}]}]}
RESULT: {"actions":[{"id":"action2","type":"key","parameters":{},"actions":[{"type":"keyDown","value":"î€‡"},{"type":"pause","duration":10},{"type":"keyUp","value":"î€‡"}]}]}
COMMAND: GET /session/2332ccd2e8bcc895b03cacebcf8e3681/screenshot - {}
RESULT: {}
COMMAND: POST /session/2332ccd2e8bcc895b03cacebcf8e3681/element - {"using":"xpath","value":"//span[contains(text(), \"General Management\")]"}
RESULT: {"using":"xpath","value":"//span[contains(text(), \"General Management\")]"}
COMMAND: POST /session/2332ccd2e8bcc895b03cacebcf8e3681/element/f.B01AE492A9312D985D5F46C9A0123422.d.F5B100A577E136F7438B27B361AED36F.e.626/click - {}
RESULT: {}
COMMAND: GET /session/2332ccd2e8bcc895b03cacebcf8e3681/screenshot - {}
RESULT: {}
COMMAND: POST /session/2332ccd2e8bcc895b03cacebcf8e3681/element - {"using":"xpath","value":"//bdi[contains(text(), \"OK\")]"}
RESULT: {"using":"xpath","value":"//bdi[contains(text(), \"OK\")]"}
COMMAND: POST /session/2332ccd2e8bcc895b03cacebcf8e3681/element/f.B01AE492A9312D985D5F46C9A0123422.d.F5B100A577E136F7438B27B361AED36F.e.627/click - {}
RESULT: {}
COMMAND: GET /session/2332ccd2e8bcc895b03cacebcf8e3681/screenshot - {}
RESULT: {}
COMMAND: POST /session/2332ccd2e8bcc895b03cacebcf8e3681/execute/async - {"script":"<script> [1562 bytes]","args":[{"selector":{"controlType":"sap.m.Button","viewName":"etm.portal.ui.manageyards.view.New","viewId":"application-manageyards-display-component---NewYard","i18NText":{"propertyName":"text","key":"save"},"interaction":{"idSuffix":"inner"}},"wdio_ui5_key":"etmportal.ui.manageyards.view.Newsap.m.Button{\"propertyName\":\"text\",\"key\":\"save\"}"}]}
RESULT: {"script":"<script> [1562 bytes]","args":[{"selector":{"controlType":"sap.m.Button","viewName":"etm.portal.ui.manageyards.view.New","viewId":"application-manageyards-display-component---NewYard","i18NText":{"propertyName":"text","key":"save"},"interaction":{"idSuffix":"inner"}},"wdio_ui5_key":"etmportal.ui.manageyards.view.Newsap.m.Button{\"propertyName\":\"text\",\"key\":\"save\"}"}]}
RESULT: undefined
COMMAND: POST /session/2332ccd2e8bcc895b03cacebcf8e3681/element - {"using":"xpath","value":"//*[@id=\"__button18\"]"}
RESULT: {"using":"xpath","value":"//*[@id=\"__button18\"]"}
COMMAND: POST /session/2332ccd2e8bcc895b03cacebcf8e3681/element/f.B01AE492A9312D985D5F46C9A0123422.d.F5B100A577E136F7438B27B361AED36F.e.533/click - {}
RESULT: {}
COMMAND: GET /session/2332ccd2e8bcc895b03cacebcf8e3681/screenshot - {}
RESULT: {}
COMMAND: POST /session/2332ccd2e8bcc895b03cacebcf8e3681/element - {"using":"xpath","value":"//header/div/div[2]/div[2]/span"}
RESULT: {"using":"xpath","value":"//header/div/div[2]/div[2]/span"}
COMMAND: GET /session/2332ccd2e8bcc895b03cacebcf8e3681/element/f.B01AE492A9312D985D5F46C9A0123422.d.F5B100A577E136F7438B27B361AED36F.e.824/text - {}
RESULT: {}
COMMAND: POST /session/2332ccd2e8bcc895b03cacebcf8e3681/execute/async - {"script":"<script> [1562 bytes]","args":[{"selector":{"controlType":"sap.m.OverflowToolbarButton","viewName":"etm.portal.ui.manageyards.view.Detail","viewId":"application-manageyards-display-component---detailYard","i18NText":{"propertyName":"tooltip","key":"closeColumn"},"interaction":{"idSuffix":"inner"}},"wdio_ui5_key":"etmportal.ui.manageyards.view.Detailsap.m.OverflowToolbarButton{\"propertyName\":\"tooltip\",\"key\":\"closeColumn\"}"}]}
RESULT: {"script":"<script> [1562 bytes]","args":[{"selector":{"controlType":"sap.m.OverflowToolbarButton","viewName":"etm.portal.ui.manageyards.view.Detail","viewId":"application-manageyards-display-component---detailYard","i18NText":{"propertyName":"tooltip","key":"closeColumn"},"interaction":{"idSuffix":"inner"}},"wdio_ui5_key":"etmportal.ui.manageyards.view.Detailsap.m.OverflowToolbarButton{\"propertyName\":\"tooltip\",\"key\":\"closeColumn\"}"}]}
RESULT: undefined
COMMAND: POST /session/2332ccd2e8bcc895b03cacebcf8e3681/element - {"using":"xpath","value":"//*[@id=\"__button42\"]"}
RESULT: {"using":"xpath","value":"//*[@id=\"__button42\"]"}
COMMAND: POST /session/2332ccd2e8bcc895b03cacebcf8e3681/element/f.B01AE492A9312D985D5F46C9A0123422.d.F5B100A577E136F7438B27B361AED36F.e.826/click - {}
RESULT: {}
COMMAND: GET /session/2332ccd2e8bcc895b03cacebcf8e3681/screenshot - {}
RESULT: {}
COMMAND: POST /session/2332ccd2e8bcc895b03cacebcf8e3681/element - {"using":"css selector","value":"#shell-header-logo"}
RESULT: {"using":"css selector","value":"#shell-header-logo"}
COMMAND: POST /session/2332ccd2e8bcc895b03cacebcf8e3681/element/f.B01AE492A9312D985D5F46C9A0123422.d.F5B100A577E136F7438B27B361AED36F.e.115/click - {}
RESULT: {}
COMMAND: GET /session/2332ccd2e8bcc895b03cacebcf8e3681/screenshot - {}
RESULT: {}
COMMAND: POST /session/2332ccd2e8bcc895b03cacebcf8e3681/refresh - {}
RESULT: {}
COMMAND: GET /session/2332ccd2e8bcc895b03cacebcf8e3681/screenshot - {}
RESULT: {}
COMMAND: POST /session/2332ccd2e8bcc895b03cacebcf8e3681/execute/async - {"script":"<script> [189 bytes]","args":[]}
RESULT: {"script":"<script> [189 bytes]","args":[]}
COMMAND: POST /session/2332ccd2e8bcc895b03cacebcf8e3681/execute/async - {"script":"<script> [123 bytes]","args":[]}
RESULT: {"script":"<script> [123 bytes]","args":[]}
COMMAND: POST /session/2332ccd2e8bcc895b03cacebcf8e3681/timeouts - {"script":"<number>"}
RESULT: {"script":"<number>"}
COMMAND: GET /session/2332ccd2e8bcc895b03cacebcf8e3681/timeouts - {}
RESULT: {}
RESULT: undefined
COMMAND: POST /session/2332ccd2e8bcc895b03cacebcf8e3681/execute/async - {"script":"<script> [2676 bytes]","args":[]}
RESULT: {"script":"<script> [2676 bytes]","args":[]}
COMMAND: POST /session/2332ccd2e8bcc895b03cacebcf8e3681/execute/async - {"script":"<script> [2342 bytes]","args":[{"protocol":"http","hostname":"0.0.0.0","path":"/","capabilities":{"browserName":"chrome","goog:chromeOptions":{"binary":"C:\\Program Files\\Google\\Chrome\\Application\\chrome.exe","args":["--start-maximized"]}},"logLevel":"warn","connectionRetryTimeout":120000,"connectionRetryCount":3,"logLevels":{},"enableDirectConnect":true,"strictSSL":true,"_":"65 more keys: [\"cacheDir\",\"port\",\"requestedCapabilities\",\"automationProtocol\",\"baseUrl\",\"waitforInterval\",\"waitforTimeout\",\"onReload\",\"beforeCommand\",\"afterCommand\",\"rootDir\",\"specs\",\"suites\",\"exclude\",\"groupLogsByTestSpec\",\"excludeDriverLogs\",\"bail\",\"framework\",\"reporters\",\"services\",\"maxInstances\",\"maxInstancesPerCapability\",\"injectGlobals\",\"filesToWatch\",\"execArgv\",\"runnerEnv\",\"runner\",\"shard\",\"specFileRetries\",\"specFileRetriesDelay\",\"specFileRetriesDeferred\",\"reporterSyncInterval\",\"reporterSyncTimeout\",\"cucumberFeaturesWithLineNumbers\",\"autoCompileOpts\",\"mochaOpts\",\"jasmineOpts\",\"cucumberOpts\",\"onPrepare\",\"onWorkerStart\",\"onWorkerEnd\",\"before\",\"beforeSession\",\"beforeSuite\",\"beforeHook\",\"beforeTest\",\"afterTest\",\"afterHook\",\"afterSuite\",\"afterSession\",\"after\",\"onComplete\",\"beforeAssertion\",\"afterAssertion\",\"beforeFeature\",\"beforeScenario\",\"beforeStep\",\"afterStep\",\"afterScenario\",\"afterFeature\",\"_\",\"suite\",\"$0\",\"ignoredWorkerServices\",\"wdi5\"]"}]}
RESULT: {"script":"<script> [2342 bytes]","args":[{"protocol":"http","hostname":"0.0.0.0","path":"/","capabilities":{"browserName":"chrome","goog:chromeOptions":{"binary":"C:\\Program Files\\Google\\Chrome\\Application\\chrome.exe","args":["--start-maximized"]}},"logLevel":"warn","connectionRetryTimeout":120000,"connectionRetryCount":3,"logLevels":{},"enableDirectConnect":true,"strictSSL":true,"_":"65 more keys: [\"cacheDir\",\"port\",\"requestedCapabilities\",\"automationProtocol\",\"baseUrl\",\"waitforInterval\",\"waitforTimeout\",\"onReload\",\"beforeCommand\",\"afterCommand\",\"rootDir\",\"specs\",\"suites\",\"exclude\",\"groupLogsByTestSpec\",\"excludeDriverLogs\",\"bail\",\"framework\",\"reporters\",\"services\",\"maxInstances\",\"maxInstancesPerCapability\",\"injectGlobals\",\"filesToWatch\",\"execArgv\",\"runnerEnv\",\"runner\",\"shard\",\"specFileRetries\",\"specFileRetriesDelay\",\"specFileRetriesDeferred\",\"reporterSyncInterval\",\"reporterSyncTimeout\",\"cucumberFeaturesWithLineNumbers\",\"autoCompileOpts\",\"mochaOpts\",\"jasmineOpts\",\"cucumberOpts\",\"onPrepare\",\"onWorkerStart\",\"onWorkerEnd\",\"before\",\"beforeSession\",\"beforeSuite\",\"beforeHook\",\"beforeTest\",\"afterTest\",\"afterHook\",\"afterSuite\",\"afterSession\",\"after\",\"onComplete\",\"beforeAssertion\",\"afterAssertion\",\"beforeFeature\",\"beforeScenario\",\"beforeStep\",\"afterStep\",\"afterScenario\",\"afterFeature\",\"_\",\"suite\",\"$0\",\"ignoredWorkerServices\",\"wdi5\"]"}]}
COMMAND: POST /session/2332ccd2e8bcc895b03cacebcf8e3681/execute/async - {"script":"<script> [21126 bytes]","args":[35000]}
RESULT: {"script":"<script> [21126 bytes]","args":[35000]}
COMMAND: POST /session/2332ccd2e8bcc895b03cacebcf8e3681/execute/async - {"script":"<script> [1562 bytes]","args":[{"selector":{"controlType":"sap.m.GenericTile","properties":{"header":"Manage Partners"}},"wdio_ui5_key":"sapm.GenericTile{\"header\":\"Manage Partners\"}"}]}
RESULT: {"script":"<script> [1562 bytes]","args":[{"selector":{"controlType":"sap.m.GenericTile","properties":{"header":"Manage Partners"}},"wdio_ui5_key":"sapm.GenericTile{\"header\":\"Manage Partners\"}"}]}
RESULT: undefined
COMMAND: POST /session/2332ccd2e8bcc895b03cacebcf8e3681/element - {"using":"xpath","value":"//*[@id=\"__tile38\"]"}
RESULT: {"using":"xpath","value":"//*[@id=\"__tile38\"]"}
COMMAND: POST /session/2332ccd2e8bcc895b03cacebcf8e3681/element/f.B01AE492A9312D985D5F46C9A0123422.d.806F0924C7FFC976041155590E5EFE34.e.1174/click - {}
RESULT: {}
COMMAND: GET /session/2332ccd2e8bcc895b03cacebcf8e3681/screenshot - {}
RESULT: {}
COMMAND: POST /session/2332ccd2e8bcc895b03cacebcf8e3681/execute/async - {"script":"<script> [1562 bytes]","args":[{"selector":{"controlType":"sap.ui.core.Icon","viewName":"etm.portal.ui.managepartners.view.Master","viewId":"application-managepartners-display-component---masterPtm","properties":{"src":{"regex":{"source":"add"}}}},"wdio_ui5_key":"etmportal.ui.managepartners.view.Mastersap.ui.core.Icon{\"src\":{\"regex\":{\"source\":\"add\"}}}"}]}
RESULT: {"script":"<script> [1562 bytes]","args":[{"selector":{"controlType":"sap.ui.core.Icon","viewName":"etm.portal.ui.managepartners.view.Master","viewId":"application-managepartners-display-component---masterPtm","properties":{"src":{"regex":{"source":"add"}}}},"wdio_ui5_key":"etmportal.ui.managepartners.view.Mastersap.ui.core.Icon{\"src\":{\"regex\":{\"source\":\"add\"}}}"}]}
RESULT: undefined
COMMAND: POST /session/2332ccd2e8bcc895b03cacebcf8e3681/element - {"using":"xpath","value":"//*[@id=\"__button4-img\"]"}
RESULT: {"using":"xpath","value":"//*[@id=\"__button4-img\"]"}
COMMAND: POST /session/2332ccd2e8bcc895b03cacebcf8e3681/element/f.B01AE492A9312D985D5F46C9A0123422.d.806F0924C7FFC976041155590E5EFE34.e.1226/click - {}
RESULT: {}
COMMAND: GET /session/2332ccd2e8bcc895b03cacebcf8e3681/screenshot - {}
RESULT: {}
COMMAND: POST /session/2332ccd2e8bcc895b03cacebcf8e3681/execute/async - {"script":"<script> [1562 bytes]","args":[{"selector":{"id":"application-managepartners-display-component---NewPartner--partnerId","interaction":{"idSuffix":"inner"}},"wdio_ui5_key":"applicationmanagepartners-display-component---NewPartner--partnerId"}]}
RESULT: {"script":"<script> [1562 bytes]","args":[{"selector":{"id":"application-managepartners-display-component---NewPartner--partnerId","interaction":{"idSuffix":"inner"}},"wdio_ui5_key":"applicationmanagepartners-display-component---NewPartner--partnerId"}]}
RESULT: undefined
COMMAND: POST /session/2332ccd2e8bcc895b03cacebcf8e3681/execute/async - {"script":"<script> [1562 bytes]","args":[{"selector":{"id":"application-managepartners-display-component---NewPartner--addressDetailDetailsName1","interaction":{"idSuffix":"inner"}},"wdio_ui5_key":"applicationmanagepartners-display-component---NewPartner--addressDetailDetailsName1"}]}
RESULT: {"script":"<script> [1562 bytes]","args":[{"selector":{"id":"application-managepartners-display-component---NewPartner--addressDetailDetailsName1","interaction":{"idSuffix":"inner"}},"wdio_ui5_key":"applicationmanagepartners-display-component---NewPartner--addressDetailDetailsName1"}]}
RESULT: undefined
COMMAND: POST /session/2332ccd2e8bcc895b03cacebcf8e3681/execute/async - {"script":"<script> [776 bytes]","args":[{"enterText":"WebdriverPartnerm0vgp","selector":{"id":"application-managepartners-display-component---NewPartner--addressDetailDetailsName1","interaction":{"idSuffix":"inner"}},"clearTextFirst":true,"interactionType":"ENTER_TEXT"}]}
RESULT: {"script":"<script> [776 bytes]","args":[{"enterText":"WebdriverPartnerm0vgp","selector":{"id":"application-managepartners-display-component---NewPartner--addressDetailDetailsName1","interaction":{"idSuffix":"inner"}},"clearTextFirst":true,"interactionType":"ENTER_TEXT"}]}
COMMAND: POST /session/2332ccd2e8bcc895b03cacebcf8e3681/execute/async - {"script":"<script> [1562 bytes]","args":[{"selector":{"id":"application-managepartners-display-component---NewPartner--addressDetailDetailsLanguage","interaction":{"idSuffix":"inner"}},"wdio_ui5_key":"applicationmanagepartners-display-component---NewPartner--addressDetailDetailsLanguage"}]}
RESULT: {"script":"<script> [1562 bytes]","args":[{"selector":{"id":"application-managepartners-display-component---NewPartner--addressDetailDetailsLanguage","interaction":{"idSuffix":"inner"}},"wdio_ui5_key":"applicationmanagepartners-display-component---NewPartner--addressDetailDetailsLanguage"}]}
RESULT: undefined
COMMAND: POST /session/2332ccd2e8bcc895b03cacebcf8e3681/execute/async - {"script":"<script> [776 bytes]","args":[{"enterText":"Romanian","selector":{"id":"application-managepartners-display-component---NewPartner--addressDetailDetailsLanguage","interaction":{"idSuffix":"inner"}},"clearTextFirst":true,"interactionType":"ENTER_TEXT"}]}
RESULT: {"script":"<script> [776 bytes]","args":[{"enterText":"Romanian","selector":{"id":"application-managepartners-display-component---NewPartner--addressDetailDetailsLanguage","interaction":{"idSuffix":"inner"}},"clearTextFirst":true,"interactionType":"ENTER_TEXT"}]}
COMMAND: POST /session/2332ccd2e8bcc895b03cacebcf8e3681/element - {"using":"xpath","value":"//input[contains(@id ,\"application-managepartners-display-component---NewPartner--addressDetailDetailsName1-inner\")]"}
RESULT: {"using":"xpath","value":"//input[contains(@id ,\"application-managepartners-display-component---NewPartner--addressDetailDetailsName1-inner\")]"}
COMMAND: GET /session/2332ccd2e8bcc895b03cacebcf8e3681/element/f.B01AE492A9312D985D5F46C9A0123422.d.806F0924C7FFC976041155590E5EFE34.e.1400/property/value - {}
RESULT: {}
COMMAND: POST /session/2332ccd2e8bcc895b03cacebcf8e3681/execute/async - {"script":"<script> [1562 bytes]","args":[{"selector":{"id":"application-managepartners-display-component---NewPartner--addressDetailDetailsCity1","interaction":{"idSuffix":"inner"}},"wdio_ui5_key":"applicationmanagepartners-display-component---NewPartner--addressDetailDetailsCity1"}]}
COMMAND: GET /session/2332ccd2e8bcc895b03cacebcf8e3681/screenshot - {}
RESULT: {"script":"<script> [1562 bytes]","args":[{"selector":{"id":"application-managepartners-display-component---NewPartner--addressDetailDetailsCity1","interaction":{"idSuffix":"inner"}},"wdio_ui5_key":"applicationmanagepartners-display-component---NewPartner--addressDetailDetailsCity1"}]}
RESULT: undefined
COMMAND: POST /session/2332ccd2e8bcc895b03cacebcf8e3681/execute/async - {"script":"<script> [776 bytes]","args":[{"enterText":"Bucharest","selector":{"id":"application-managepartners-display-component---NewPartner--addressDetailDetailsCity1","interaction":{"idSuffix":"inner"}},"clearTextFirst":true,"interactionType":"ENTER_TEXT"}]}
RESULT: {}
RESULT: {"script":"<script> [776 bytes]","args":[{"enterText":"Bucharest","selector":{"id":"application-managepartners-display-component---NewPartner--addressDetailDetailsCity1","interaction":{"idSuffix":"inner"}},"clearTextFirst":true,"interactionType":"ENTER_TEXT"}]}
COMMAND: POST /session/2332ccd2e8bcc895b03cacebcf8e3681/execute/async - {"script":"<script> [1562 bytes]","args":[{"selector":{"id":"application-managepartners-display-component---NewPartner--addressDetailDetailsCountry","interaction":{"idSuffix":"inner"}},"wdio_ui5_key":"applicationmanagepartners-display-component---NewPartner--addressDetailDetailsCountry"}]}
RESULT: {"script":"<script> [1562 bytes]","args":[{"selector":{"id":"application-managepartners-display-component---NewPartner--addressDetailDetailsCountry","interaction":{"idSuffix":"inner"}},"wdio_ui5_key":"applicationmanagepartners-display-component---NewPartner--addressDetailDetailsCountry"}]}
RESULT: undefined
COMMAND: POST /session/2332ccd2e8bcc895b03cacebcf8e3681/execute/async - {"script":"<script> [6424 bytes]","args":[{"element-6066-11e4-a52e-4f735466cecf":"f.B01AE492A9312D985D5F46C9A0123422.d.806F0924C7FFC976041155590E5EFE34.e.1407"},"setValue",["Romania"]]}
RESULT: {"script":"<script> [6424 bytes]","args":[{"element-6066-11e4-a52e-4f735466cecf":"f.B01AE492A9312D985D5F46C9A0123422.d.806F0924C7FFC976041155590E5EFE34.e.1407"},"setValue",["Romania"]]}
COMMAND: POST /session/2332ccd2e8bcc895b03cacebcf8e3681/execute/async - {"script":"<script> [1562 bytes]","args":[{"selector":{"id":"application-managepartners-display-component---NewPartner--partnerDetailInternal","interaction":{"idSuffix":"inner"}},"wdio_ui5_key":"applicationmanagepartners-display-component---NewPartner--partnerDetailInternal"}]}
RESULT: {"script":"<script> [1562 bytes]","args":[{"selector":{"id":"application-managepartners-display-component---NewPartner--partnerDetailInternal","interaction":{"idSuffix":"inner"}},"wdio_ui5_key":"applicationmanagepartners-display-component---NewPartner--partnerDetailInternal"}]}
RESULT: undefined
COMMAND: POST /session/2332ccd2e8bcc895b03cacebcf8e3681/execute/async - {"script":"<script> [776 bytes]","args":[{"enterText":"External partner","selector":{"id":"application-managepartners-display-component---NewPartner--partnerDetailInternal","interaction":{"idSuffix":"inner"}},"clearTextFirst":true,"interactionType":"ENTER_TEXT"}]}
RESULT: {"script":"<script> [776 bytes]","args":[{"enterText":"External partner","selector":{"id":"application-managepartners-display-component---NewPartner--partnerDetailInternal","interaction":{"idSuffix":"inner"}},"clearTextFirst":true,"interactionType":"ENTER_TEXT"}]}
COMMAND: POST /session/2332ccd2e8bcc895b03cacebcf8e3681/execute/async - {"script":"<script> [1562 bytes]","args":[{"selector":{"id":"application-managepartners-display-component---NewPartner--partnerDetailsCurrency","interaction":{"idSuffix":"inner"}},"wdio_ui5_key":"applicationmanagepartners-display-component---NewPartner--partnerDetailsCurrency"}]}
RESULT: {"script":"<script> [1562 bytes]","args":[{"selector":{"id":"application-managepartners-display-component---NewPartner--partnerDetailsCurrency","interaction":{"idSuffix":"inner"}},"wdio_ui5_key":"applicationmanagepartners-display-component---NewPartner--partnerDetailsCurrency"}]}
RESULT: undefined
COMMAND: POST /session/2332ccd2e8bcc895b03cacebcf8e3681/execute/async - {"script":"<script> [776 bytes]","args":[{"enterText":"Euro","selector":{"id":"application-managepartners-display-component---NewPartner--partnerDetailsCurrency","interaction":{"idSuffix":"inner"}},"clearTextFirst":true,"interactionType":"ENTER_TEXT"}]}
RESULT: {"script":"<script> [776 bytes]","args":[{"enterText":"Euro","selector":{"id":"application-managepartners-display-component---NewPartner--partnerDetailsCurrency","interaction":{"idSuffix":"inner"}},"clearTextFirst":true,"interactionType":"ENTER_TEXT"}]}
COMMAND: POST /session/2332ccd2e8bcc895b03cacebcf8e3681/execute/async - {"script":"<script> [1562 bytes]","args":[{"selector":{"controlType":"sap.m.Button","viewName":"etm.portal.ui.managepartners.view.NewPartner","viewId":"application-managepartners-display-component---NewPartner","properties":{"text":"Commercial"},"interaction":{"idSuffix":"BDI-content"}},"wdio_ui5_key":"etmportal.ui.managepartners.view.NewPartnersap.m.Button{\"text\":\"Commercial\"}"}]}
RESULT: {"script":"<script> [1562 bytes]","args":[{"selector":{"controlType":"sap.m.Button","viewName":"etm.portal.ui.managepartners.view.NewPartner","viewId":"application-managepartners-display-component---NewPartner","properties":{"text":"Commercial"},"interaction":{"idSuffix":"BDI-content"}},"wdio_ui5_key":"etmportal.ui.managepartners.view.NewPartnersap.m.Button{\"text\":\"Commercial\"}"}]}
RESULT: undefined
COMMAND: POST /session/2332ccd2e8bcc895b03cacebcf8e3681/element - {"using":"xpath","value":"//*[@id=\"application-managepartners-display-component---NewPartner--ObjectPageLayout-anchBar-__section5-anchor\"]"}
RESULT: {"using":"xpath","value":"//*[@id=\"application-managepartners-display-component---NewPartner--ObjectPageLayout-anchBar-__section5-anchor\"]"}
COMMAND: POST /session/2332ccd2e8bcc895b03cacebcf8e3681/element/f.B01AE492A9312D985D5F46C9A0123422.d.806F0924C7FFC976041155590E5EFE34.e.1652/click - {}
RESULT: {}
COMMAND: GET /session/2332ccd2e8bcc895b03cacebcf8e3681/screenshot - {}
RESULT: {}
COMMAND: POST /session/2332ccd2e8bcc895b03cacebcf8e3681/execute/async - {"script":"<script> [1562 bytes]","args":[{"selector":{"id":"application-managepartners-display-component---NewPartner--btnAddTableRow-img"},"wdio_ui5_key":"applicationmanagepartners-display-component---NewPartner--btnAddTableRow-img"}]}
RESULT: {"script":"<script> [1562 bytes]","args":[{"selector":{"id":"application-managepartners-display-component---NewPartner--btnAddTableRow-img"},"wdio_ui5_key":"applicationmanagepartners-display-component---NewPartner--btnAddTableRow-img"}]}
RESULT: undefined
COMMAND: POST /session/2332ccd2e8bcc895b03cacebcf8e3681/element - {"using":"xpath","value":"//*[@id=\"application-managepartners-display-component---NewPartner--btnAddTableRow-img\"]"}
RESULT: {"using":"xpath","value":"//*[@id=\"application-managepartners-display-component---NewPartner--btnAddTableRow-img\"]"}
COMMAND: POST /session/2332ccd2e8bcc895b03cacebcf8e3681/element/f.B01AE492A9312D985D5F46C9A0123422.d.806F0924C7FFC976041155590E5EFE34.e.1658/click - {}
RESULT: {}
COMMAND: POST /session/2332ccd2e8bcc895b03cacebcf8e3681/element - {"using":"xpath","value":"//input[contains(@id ,\"application-managepartners-display-component---NewPartner--assignmentYard-application-managepartners-display-component---NewPartner\")]"}
COMMAND: GET /session/2332ccd2e8bcc895b03cacebcf8e3681/screenshot - {}
RESULT: {"using":"xpath","value":"//input[contains(@id ,\"application-managepartners-display-component---NewPartner--assignmentYard-application-managepartners-display-component---NewPartner\")]"}
COMMAND: POST /session/2332ccd2e8bcc895b03cacebcf8e3681/element/f.B01AE492A9312D985D5F46C9A0123422.d.806F0924C7FFC976041155590E5EFE34.e.1661/clear - {}
RESULT: {}
RESULT: {}
COMMAND: POST /session/2332ccd2e8bcc895b03cacebcf8e3681/element/f.B01AE492A9312D985D5F46C9A0123422.d.806F0924C7FFC976041155590E5EFE34.e.1661/value - {"text":"350"}
COMMAND: GET /session/2332ccd2e8bcc895b03cacebcf8e3681/screenshot - {}
RESULT: {"text":"350"}
COMMAND: GET /session/2332ccd2e8bcc895b03cacebcf8e3681/screenshot - {}
RESULT: {}
RESULT: {}
COMMAND: POST /session/2332ccd2e8bcc895b03cacebcf8e3681/execute/async - {"script":"<script> [1562 bytes]","args":[{"selector":{"controlType":"sap.m.Button","viewName":"etm.portal.ui.managepartners.view.NewPartner","viewId":"application-managepartners-display-component---NewPartner","i18NText":{"propertyName":"text","key":"save"},"interaction":{"idSuffix":"BDI-content"}},"wdio_ui5_key":"etmportal.ui.managepartners.view.NewPartnersap.m.Button{\"propertyName\":\"text\",\"key\":\"save\"}"}]}
RESULT: {"script":"<script> [1562 bytes]","args":[{"selector":{"controlType":"sap.m.Button","viewName":"etm.portal.ui.managepartners.view.NewPartner","viewId":"application-managepartners-display-component---NewPartner","i18NText":{"propertyName":"text","key":"save"},"interaction":{"idSuffix":"BDI-content"}},"wdio_ui5_key":"etmportal.ui.managepartners.view.NewPartnersap.m.Button{\"propertyName\":\"text\",\"key\":\"save\"}"}]}
RESULT: undefined
COMMAND: POST /session/2332ccd2e8bcc895b03cacebcf8e3681/element - {"using":"xpath","value":"//*[@id=\"__button12\"]"}
RESULT: {"using":"xpath","value":"//*[@id=\"__button12\"]"}
COMMAND: POST /session/2332ccd2e8bcc895b03cacebcf8e3681/element/f.B01AE492A9312D985D5F46C9A0123422.d.806F0924C7FFC976041155590E5EFE34.e.1592/click - {}
RESULT: {}
COMMAND: GET /session/2332ccd2e8bcc895b03cacebcf8e3681/screenshot - {}
RESULT: {}
COMMAND: POST /session/2332ccd2e8bcc895b03cacebcf8e3681/element - {"using":"xpath","value":"//header/div/div[2]/div[2]/span"}
RESULT: {"using":"xpath","value":"//header/div/div[2]/div[2]/span"}
COMMAND: GET /session/2332ccd2e8bcc895b03cacebcf8e3681/element/f.B01AE492A9312D985D5F46C9A0123422.d.806F0924C7FFC976041155590E5EFE34.e.1832/text - {}
RESULT: {}
COMMAND: POST /session/2332ccd2e8bcc895b03cacebcf8e3681/element - {"using":"xpath","value":"//header/div/div/div/div/div/div[2]/div/span"}
RESULT: {"using":"xpath","value":"//header/div/div/div/div/div/div[2]/div/span"}
COMMAND: GET /session/2332ccd2e8bcc895b03cacebcf8e3681/element/f.B01AE492A9312D985D5F46C9A0123422.d.806F0924C7FFC976041155590E5EFE34.e.1833/text - {}
RESULT: {}
COMMAND: POST /session/2332ccd2e8bcc895b03cacebcf8e3681/execute/async - {"script":"<script> [1562 bytes]","args":[{"selector":{"id":"application-managepartners-display-component---detailPtm--partnerType"},"wdio_ui5_key":"applicationmanagepartners-display-component---detailPtm--partnerType"}]}
RESULT: {"script":"<script> [1562 bytes]","args":[{"selector":{"id":"application-managepartners-display-component---detailPtm--partnerType"},"wdio_ui5_key":"applicationmanagepartners-display-component---detailPtm--partnerType"}]}
RESULT: undefined
COMMAND: POST /session/2332ccd2e8bcc895b03cacebcf8e3681/execute/async - {"script":"<script> [6424 bytes]","args":[{"element-6066-11e4-a52e-4f735466cecf":"f.B01AE492A9312D985D5F46C9A0123422.d.806F0924C7FFC976041155590E5EFE34.e.1834"},"getText",[]]}
RESULT: {"script":"<script> [6424 bytes]","args":[{"element-6066-11e4-a52e-4f735466cecf":"f.B01AE492A9312D985D5F46C9A0123422.d.806F0924C7FFC976041155590E5EFE34.e.1834"},"getText",[]]}
COMMAND: POST /session/2332ccd2e8bcc895b03cacebcf8e3681/element - {"using":"css selector","value":"#shell-header-logo"}
RESULT: {"using":"css selector","value":"#shell-header-logo"}
COMMAND: POST /session/2332ccd2e8bcc895b03cacebcf8e3681/element/f.B01AE492A9312D985D5F46C9A0123422.d.806F0924C7FFC976041155590E5EFE34.e.1177/click - {}
RESULT: {}
COMMAND: GET /session/2332ccd2e8bcc895b03cacebcf8e3681/screenshot - {}
RESULT: {}
COMMAND: POST /session/2332ccd2e8bcc895b03cacebcf8e3681/execute/async - {"script":"<script> [1562 bytes]","args":[{"selector":{"controlType":"sap.m.GenericTile","properties":{"header":"Manage Sites"}},"wdio_ui5_key":"sapm.GenericTile{\"header\":\"Manage Sites\"}"}]}
RESULT: {"script":"<script> [1562 bytes]","args":[{"selector":{"controlType":"sap.m.GenericTile","properties":{"header":"Manage Sites"}},"wdio_ui5_key":"sapm.GenericTile{\"header\":\"Manage Sites\"}"}]}
RESULT: undefined
COMMAND: POST /session/2332ccd2e8bcc895b03cacebcf8e3681/element - {"using":"xpath","value":"//*[@id=\"__tile40\"]"}
RESULT: {"using":"xpath","value":"//*[@id=\"__tile40\"]"}
COMMAND: POST /session/2332ccd2e8bcc895b03cacebcf8e3681/element/f.B01AE492A9312D985D5F46C9A0123422.d.806F0924C7FFC976041155590E5EFE34.e.1836/click - {}
RESULT: {}
COMMAND: GET /session/2332ccd2e8bcc895b03cacebcf8e3681/screenshot - {}
RESULT: {}
COMMAND: POST /session/2332ccd2e8bcc895b03cacebcf8e3681/execute/async - {"script":"<script> [1562 bytes]","args":[{"selector":{"controlType":"sap.ui.core.Icon","viewName":"etm.portal.ui.managesites.view.Master","viewId":"application-managesites-display-component---masterSite","properties":{"src":{"regex":{"source":"add"}}}},"wdio_ui5_key":"etmportal.ui.managesites.view.Mastersap.ui.core.Icon{\"src\":{\"regex\":{\"source\":\"add\"}}}"}]}
RESULT: {"script":"<script> [1562 bytes]","args":[{"selector":{"controlType":"sap.ui.core.Icon","viewName":"etm.portal.ui.managesites.view.Master","viewId":"application-managesites-display-component---masterSite","properties":{"src":{"regex":{"source":"add"}}}},"wdio_ui5_key":"etmportal.ui.managesites.view.Mastersap.ui.core.Icon{\"src\":{\"regex\":{\"source\":\"add\"}}}"}]}
RESULT: undefined
COMMAND: POST /session/2332ccd2e8bcc895b03cacebcf8e3681/element - {"using":"xpath","value":"//*[@id=\"__button52-img\"]"}
RESULT: {"using":"xpath","value":"//*[@id=\"__button52-img\"]"}
COMMAND: POST /session/2332ccd2e8bcc895b03cacebcf8e3681/element/f.B01AE492A9312D985D5F46C9A0123422.d.806F0924C7FFC976041155590E5EFE34.e.1885/click - {}
RESULT: {}
COMMAND: POST /session/2332ccd2e8bcc895b03cacebcf8e3681/execute/async - {"script":"<script> [1562 bytes]","args":[{"selector":{"id":"application-managesites-display-component---NewSite--siteId","interaction":{"idSuffix":"inner"}},"wdio_ui5_key":"applicationmanagesites-display-component---NewSite--siteId"}]}
COMMAND: GET /session/2332ccd2e8bcc895b03cacebcf8e3681/screenshot - {}
RESULT: {"script":"<script> [1562 bytes]","args":[{"selector":{"id":"application-managesites-display-component---NewSite--siteId","interaction":{"idSuffix":"inner"}},"wdio_ui5_key":"applicationmanagesites-display-component---NewSite--siteId"}]}
RESULT: undefined
COMMAND: POST /session/2332ccd2e8bcc895b03cacebcf8e3681/execute/async - {"script":"<script> [1562 bytes]","args":[{"selector":{"id":"application-managesites-display-component---NewSite--addressDetailDetailsName1","interaction":{"idSuffix":"inner"}},"wdio_ui5_key":"applicationmanagesites-display-component---NewSite--addressDetailDetailsName1"}]}
RESULT: {}
RESULT: {"script":"<script> [1562 bytes]","args":[{"selector":{"id":"application-managesites-display-component---NewSite--addressDetailDetailsName1","interaction":{"idSuffix":"inner"}},"wdio_ui5_key":"applicationmanagesites-display-component---NewSite--addressDetailDetailsName1"}]}
RESULT: undefined
COMMAND: POST /session/2332ccd2e8bcc895b03cacebcf8e3681/execute/async - {"script":"<script> [776 bytes]","args":[{"enterText":"WebdriverSitelw9j4","selector":{"id":"application-managesites-display-component---NewSite--addressDetailDetailsName1","interaction":{"idSuffix":"inner"}},"clearTextFirst":true,"interactionType":"ENTER_TEXT"}]}
RESULT: {"script":"<script> [776 bytes]","args":[{"enterText":"WebdriverSitelw9j4","selector":{"id":"application-managesites-display-component---NewSite--addressDetailDetailsName1","interaction":{"idSuffix":"inner"}},"clearTextFirst":true,"interactionType":"ENTER_TEXT"}]}
COMMAND: POST /session/2332ccd2e8bcc895b03cacebcf8e3681/execute/async - {"script":"<script> [1562 bytes]","args":[{"selector":{"id":"application-managesites-display-component---NewSite--addressDetailDetailsLanguage","interaction":{"idSuffix":"inner"}},"wdio_ui5_key":"applicationmanagesites-display-component---NewSite--addressDetailDetailsLanguage"}]}
RESULT: {"script":"<script> [1562 bytes]","args":[{"selector":{"id":"application-managesites-display-component---NewSite--addressDetailDetailsLanguage","interaction":{"idSuffix":"inner"}},"wdio_ui5_key":"applicationmanagesites-display-component---NewSite--addressDetailDetailsLanguage"}]}
RESULT: undefined
COMMAND: POST /session/2332ccd2e8bcc895b03cacebcf8e3681/execute/async - {"script":"<script> [776 bytes]","args":[{"enterText":"Romanian","selector":{"id":"application-managesites-display-component---NewSite--addressDetailDetailsLanguage","interaction":{"idSuffix":"inner"}},"clearTextFirst":true,"interactionType":"ENTER_TEXT"}]}
RESULT: {"script":"<script> [776 bytes]","args":[{"enterText":"Romanian","selector":{"id":"application-managesites-display-component---NewSite--addressDetailDetailsLanguage","interaction":{"idSuffix":"inner"}},"clearTextFirst":true,"interactionType":"ENTER_TEXT"}]}
COMMAND: POST /session/2332ccd2e8bcc895b03cacebcf8e3681/execute/async - {"script":"<script> [1562 bytes]","args":[{"selector":{"id":"application-managesites-display-component---NewSite--addressDetailDetailsCity1","interaction":{"idSuffix":"inner"}},"wdio_ui5_key":"applicationmanagesites-display-component---NewSite--addressDetailDetailsCity1"}]}
RESULT: {"script":"<script> [1562 bytes]","args":[{"selector":{"id":"application-managesites-display-component---NewSite--addressDetailDetailsCity1","interaction":{"idSuffix":"inner"}},"wdio_ui5_key":"applicationmanagesites-display-component---NewSite--addressDetailDetailsCity1"}]}
RESULT: undefined
COMMAND: POST /session/2332ccd2e8bcc895b03cacebcf8e3681/execute/async - {"script":"<script> [776 bytes]","args":[{"enterText":"Bucharest","selector":{"id":"application-managesites-display-component---NewSite--addressDetailDetailsCity1","interaction":{"idSuffix":"inner"}},"clearTextFirst":true,"interactionType":"ENTER_TEXT"}]}
RESULT: {"script":"<script> [776 bytes]","args":[{"enterText":"Bucharest","selector":{"id":"application-managesites-display-component---NewSite--addressDetailDetailsCity1","interaction":{"idSuffix":"inner"}},"clearTextFirst":true,"interactionType":"ENTER_TEXT"}]}
COMMAND: POST /session/2332ccd2e8bcc895b03cacebcf8e3681/execute/async - {"script":"<script> [1562 bytes]","args":[{"selector":{"id":"application-managesites-display-component---NewSite--addressDetailDetailsCountry","interaction":{"idSuffix":"inner"}},"wdio_ui5_key":"applicationmanagesites-display-component---NewSite--addressDetailDetailsCountry"}]}
RESULT: {"script":"<script> [1562 bytes]","args":[{"selector":{"id":"application-managesites-display-component---NewSite--addressDetailDetailsCountry","interaction":{"idSuffix":"inner"}},"wdio_ui5_key":"applicationmanagesites-display-component---NewSite--addressDetailDetailsCountry"}]}
RESULT: undefined
COMMAND: POST /session/2332ccd2e8bcc895b03cacebcf8e3681/execute/async - {"script":"<script> [776 bytes]","args":[{"enterText":"Romania","selector":{"id":"application-managesites-display-component---NewSite--addressDetailDetailsCountry","interaction":{"idSuffix":"inner"}},"clearTextFirst":true,"interactionType":"ENTER_TEXT"}]}
RESULT: {"script":"<script> [776 bytes]","args":[{"enterText":"Romania","selector":{"id":"application-managesites-display-component---NewSite--addressDetailDetailsCountry","interaction":{"idSuffix":"inner"}},"clearTextFirst":true,"interactionType":"ENTER_TEXT"}]}
COMMAND: POST /session/2332ccd2e8bcc895b03cacebcf8e3681/element - {"using":"css selector","value":"#application-managesites-display-component---NewSite--addressDetailDetailsCalendar-inner"}
RESULT: {"using":"css selector","value":"#application-managesites-display-component---NewSite--addressDetailDetailsCalendar-inner"}
COMMAND: POST /session/2332ccd2e8bcc895b03cacebcf8e3681/element/f.B01AE492A9312D985D5F46C9A0123422.d.806F0924C7FFC976041155590E5EFE34.e.2077/clear - {}
RESULT: {}
COMMAND: POST /session/2332ccd2e8bcc895b03cacebcf8e3681/element/f.B01AE492A9312D985D5F46C9A0123422.d.806F0924C7FFC976041155590E5EFE34.e.2077/value - {"text":"Germany"}
COMMAND: GET /session/2332ccd2e8bcc895b03cacebcf8e3681/screenshot - {}
RESULT: {"text":"Germany"}
COMMAND: POST /session/2332ccd2e8bcc895b03cacebcf8e3681/execute/async - {"script":"<script> [1562 bytes]","args":[{"selector":{"id":"application-managesites-display-component---NewSite--addressEditDetailsCostObjectCstType-arrow"},"wdio_ui5_key":"applicationmanagesites-display-component---NewSite--addressEditDetailsCostObjectCstType-arrow"}]}
COMMAND: GET /session/2332ccd2e8bcc895b03cacebcf8e3681/screenshot - {}
RESULT: {}
RESULT: {}
RESULT: {"script":"<script> [1562 bytes]","args":[{"selector":{"id":"application-managesites-display-component---NewSite--addressEditDetailsCostObjectCstType-arrow"},"wdio_ui5_key":"applicationmanagesites-display-component---NewSite--addressEditDetailsCostObjectCstType-arrow"}]}
RESULT: undefined
COMMAND: POST /session/2332ccd2e8bcc895b03cacebcf8e3681/element - {"using":"xpath","value":"//*[@id=\"application-managesites-display-component---NewSite--addressEditDetailsCostObjectCstType-arrow\"]"}
RESULT: {"using":"xpath","value":"//*[@id=\"application-managesites-display-component---NewSite--addressEditDetailsCostObjectCstType-arrow\"]"}
COMMAND: POST /session/2332ccd2e8bcc895b03cacebcf8e3681/element/f.B01AE492A9312D985D5F46C9A0123422.d.806F0924C7FFC976041155590E5EFE34.e.2274/click - {}
RESULT: {}
COMMAND: POST /session/2332ccd2e8bcc895b03cacebcf8e3681/element - {"using":"xpath","value":"//span[contains(text(), \"Work Breakdown Structure\")]"}
COMMAND: GET /session/2332ccd2e8bcc895b03cacebcf8e3681/screenshot - {}
RESULT: {"using":"xpath","value":"//span[contains(text(), \"Work Breakdown Structure\")]"}
COMMAND: POST /session/2332ccd2e8bcc895b03cacebcf8e3681/element/f.B01AE492A9312D985D5F46C9A0123422.d.806F0924C7FFC976041155590E5EFE34.e.2276/click - {}
RESULT: {}
RESULT: {}
COMMAND: GET /session/2332ccd2e8bcc895b03cacebcf8e3681/screenshot - {}
RESULT: {}
COMMAND: POST /session/2332ccd2e8bcc895b03cacebcf8e3681/execute/async - {"script":"<script> [1562 bytes]","args":[{"selector":{"id":"application-managesites-display-component---NewSite--addressNewCostObjectCstID-vhi"},"wdio_ui5_key":"applicationmanagesites-display-component---NewSite--addressNewCostObjectCstID-vhi"}]}
RESULT: {"script":"<script> [1562 bytes]","args":[{"selector":{"id":"application-managesites-display-component---NewSite--addressNewCostObjectCstID-vhi"},"wdio_ui5_key":"applicationmanagesites-display-component---NewSite--addressNewCostObjectCstID-vhi"}]}
RESULT: undefined
COMMAND: POST /session/2332ccd2e8bcc895b03cacebcf8e3681/element - {"using":"xpath","value":"//*[@id=\"application-managesites-display-component---NewSite--addressNewCostObjectCstID-vhi\"]"}
RESULT: {"using":"xpath","value":"//*[@id=\"application-managesites-display-component---NewSite--addressNewCostObjectCstID-vhi\"]"}
COMMAND: POST /session/2332ccd2e8bcc895b03cacebcf8e3681/element/f.B01AE492A9312D985D5F46C9A0123422.d.806F0924C7FFC976041155590E5EFE34.e.2280/click - {}
RESULT: {}
COMMAND: GET /session/2332ccd2e8bcc895b03cacebcf8e3681/screenshot - {}
RESULT: {}
COMMAND: POST /session/2332ccd2e8bcc895b03cacebcf8e3681/execute/async - {"script":"<script> [1562 bytes]","args":[{"selector":{"controlType":"sap.m.SearchField","properties":{"placeholder":"Search"},"searchOpenDialogs":true,"interaction":{"idSuffix":"I"}},"wdio_ui5_key":"sapm.SearchField{\"placeholder\":\"Search\"}"}]}
RESULT: {"script":"<script> [1562 bytes]","args":[{"selector":{"controlType":"sap.m.SearchField","properties":{"placeholder":"Search"},"searchOpenDialogs":true,"interaction":{"idSuffix":"I"}},"wdio_ui5_key":"sapm.SearchField{\"placeholder\":\"Search\"}"}]}
RESULT: undefined
COMMAND: POST /session/2332ccd2e8bcc895b03cacebcf8e3681/execute/async - {"script":"<script> [776 bytes]","args":[{"enterText":"A1-000100-01","selector":{"controlType":"sap.m.SearchField","properties":{"placeholder":"Search"},"searchOpenDialogs":true,"interaction":{"idSuffix":"I"}},"clearTextFirst":true,"interactionType":"ENTER_TEXT"}]}
RESULT: {"script":"<script> [776 bytes]","args":[{"enterText":"A1-000100-01","selector":{"controlType":"sap.m.SearchField","properties":{"placeholder":"Search"},"searchOpenDialogs":true,"interaction":{"idSuffix":"I"}},"clearTextFirst":true,"interactionType":"ENTER_TEXT"}]}
COMMAND: POST /session/2332ccd2e8bcc895b03cacebcf8e3681/actions - {"actions":[{"id":"action3","type":"key","parameters":{},"actions":[{"type":"keyDown","value":"î€‡"},{"type":"pause","duration":10},{"type":"keyUp","value":"î€‡"}]}]}
RESULT: {"actions":[{"id":"action3","type":"key","parameters":{},"actions":[{"type":"keyDown","value":"î€‡"},{"type":"pause","duration":10},{"type":"keyUp","value":"î€‡"}]}]}
COMMAND: GET /session/2332ccd2e8bcc895b03cacebcf8e3681/screenshot - {}
RESULT: {}
COMMAND: POST /session/2332ccd2e8bcc895b03cacebcf8e3681/element - {"using":"xpath","value":"//span[contains(text(), \"Template for ETO-Process\")]"}
RESULT: {"using":"xpath","value":"//span[contains(text(), \"Template for ETO-Process\")]"}
COMMAND: POST /session/2332ccd2e8bcc895b03cacebcf8e3681/element/f.B01AE492A9312D985D5F46C9A0123422.d.806F0924C7FFC976041155590E5EFE34.e.2301/click - {}
RESULT: {}
COMMAND: GET /session/2332ccd2e8bcc895b03cacebcf8e3681/screenshot - {}
RESULT: {}
COMMAND: POST /session/2332ccd2e8bcc895b03cacebcf8e3681/element - {"using":"xpath","value":"//bdi[contains(text(), \"OK\")]"}
RESULT: {"using":"xpath","value":"//bdi[contains(text(), \"OK\")]"}
COMMAND: POST /session/2332ccd2e8bcc895b03cacebcf8e3681/element/f.B01AE492A9312D985D5F46C9A0123422.d.806F0924C7FFC976041155590E5EFE34.e.2302/click - {}
RESULT: {}
COMMAND: GET /session/2332ccd2e8bcc895b03cacebcf8e3681/screenshot - {}
RESULT: {}
COMMAND: POST /session/2332ccd2e8bcc895b03cacebcf8e3681/element - {"using":"xpath","value":"//input[@id=\"application-managesites-display-component---NewSite--addressDetailDetailsYard-inner\"]"}
RESULT: {"using":"xpath","value":"//input[@id=\"application-managesites-display-component---NewSite--addressDetailDetailsYard-inner\"]"}
COMMAND: POST /session/2332ccd2e8bcc895b03cacebcf8e3681/element/f.B01AE492A9312D985D5F46C9A0123422.d.806F0924C7FFC976041155590E5EFE34.e.2078/value - {"text":"350"}
RESULT: {"text":"350"}
COMMAND: GET /session/2332ccd2e8bcc895b03cacebcf8e3681/screenshot - {}
RESULT: {}
COMMAND: POST /session/2332ccd2e8bcc895b03cacebcf8e3681/actions - {"actions":[{"id":"action4","type":"key","parameters":{},"actions":[{"type":"keyDown","value":"î€‡"},{"type":"pause","duration":10},{"type":"keyUp","value":"î€‡"}]}]}
RESULT: {"actions":[{"id":"action4","type":"key","parameters":{},"actions":[{"type":"keyDown","value":"î€‡"},{"type":"pause","duration":10},{"type":"keyUp","value":"î€‡"}]}]}
COMMAND: GET /session/2332ccd2e8bcc895b03cacebcf8e3681/screenshot - {}
RESULT: {}
COMMAND: POST /session/2332ccd2e8bcc895b03cacebcf8e3681/element - {"using":"xpath","value":"//input[@id=\"application-managesites-display-component---NewSite--addressDetailDetailsPartner-inner\"]"}
RESULT: {"using":"xpath","value":"//input[@id=\"application-managesites-display-component---NewSite--addressDetailDetailsPartner-inner\"]"}
COMMAND: POST /session/2332ccd2e8bcc895b03cacebcf8e3681/elements - {"using":"xpath","value":"//input[@id=\"application-managesites-display-component---NewSite--addressDetailDetailsPartner-inner\"]"}
RESULT: {"using":"xpath","value":"//input[@id=\"application-managesites-display-component---NewSite--addressDetailDetailsPartner-inner\"]"}
COMMAND: POST /session/2332ccd2e8bcc895b03cacebcf8e3681/execute/async - {"script":"<script> [1562 bytes]","args":[{"selector":{"controlType":"sap.m.Button","viewName":"etm.portal.ui.managesites.view.NewSmartSite","viewId":"application-managesites-display-component---NewSite","properties":{"text":"Commercial"},"interaction":{"idSuffix":"BDI-content"}},"wdio_ui5_key":"etmportal.ui.managesites.view.NewSmartSitesap.m.Button{\"text\":\"Commercial\"}"}]}
RESULT: {"script":"<script> [1562 bytes]","args":[{"selector":{"controlType":"sap.m.Button","viewName":"etm.portal.ui.managesites.view.NewSmartSite","viewId":"application-managesites-display-component---NewSite","properties":{"text":"Commercial"},"interaction":{"idSuffix":"BDI-content"}},"wdio_ui5_key":"etmportal.ui.managesites.view.NewSmartSitesap.m.Button{\"text\":\"Commercial\"}"}]}
RESULT: undefined
COMMAND: POST /session/2332ccd2e8bcc895b03cacebcf8e3681/element - {"using":"xpath","value":"//*[@id=\"application-managesites-display-component---NewSite--ObjectPageLayout-anchBar-__section31-anchor\"]"}
RESULT: {"using":"xpath","value":"//*[@id=\"application-managesites-display-component---NewSite--ObjectPageLayout-anchBar-__section31-anchor\"]"}
COMMAND: POST /session/2332ccd2e8bcc895b03cacebcf8e3681/element/f.B01AE492A9312D985D5F46C9A0123422.d.806F0924C7FFC976041155590E5EFE34.e.2309/click - {}
RESULT: {}
COMMAND: POST /session/2332ccd2e8bcc895b03cacebcf8e3681/execute/async - {"script":"<script> [1562 bytes]","args":[{"selector":{"controlType":"sap.m.Button","viewName":"etm.portal.ui.managesites.view.NewSmartSite","viewId":"application-managesites-display-component---NewSite","i18NText":{"propertyName":"text","key":"save"},"interaction":{"idSuffix":"BDI-content"}},"wdio_ui5_key":"etmportal.ui.managesites.view.NewSmartSitesap.m.Button{\"propertyName\":\"text\",\"key\":\"save\"}"}]}
COMMAND: GET /session/2332ccd2e8bcc895b03cacebcf8e3681/screenshot - {}
RESULT: {"script":"<script> [1562 bytes]","args":[{"selector":{"controlType":"sap.m.Button","viewName":"etm.portal.ui.managesites.view.NewSmartSite","viewId":"application-managesites-display-component---NewSite","i18NText":{"propertyName":"text","key":"save"},"interaction":{"idSuffix":"BDI-content"}},"wdio_ui5_key":"etmportal.ui.managesites.view.NewSmartSitesap.m.Button{\"propertyName\":\"text\",\"key\":\"save\"}"}]}
RESULT: undefined
COMMAND: POST /session/2332ccd2e8bcc895b03cacebcf8e3681/element - {"using":"xpath","value":"//*[@id=\"__button64\"]"}
RESULT: {}
RESULT: {"using":"xpath","value":"//*[@id=\"__button64\"]"}
COMMAND: POST /session/2332ccd2e8bcc895b03cacebcf8e3681/element/f.B01AE492A9312D985D5F46C9A0123422.d.806F0924C7FFC976041155590E5EFE34.e.2227/click - {}
RESULT: {}
COMMAND: GET /session/2332ccd2e8bcc895b03cacebcf8e3681/screenshot - {}
RESULT: {}
COMMAND: POST /session/2332ccd2e8bcc895b03cacebcf8e3681/execute/async - {"script":"<script> [1562 bytes]","args":[{"selector":{"id":"application-managesites-display-component---detailSite--addressDetailDetailsYardText"},"wdio_ui5_key":"applicationmanagesites-display-component---detailSite--addressDetailDetailsYardText"}]}
RESULT: {"script":"<script> [1562 bytes]","args":[{"selector":{"id":"application-managesites-display-component---detailSite--addressDetailDetailsYardText"},"wdio_ui5_key":"applicationmanagesites-display-component---detailSite--addressDetailDetailsYardText"}]}
RESULT: undefined
COMMAND: POST /session/2332ccd2e8bcc895b03cacebcf8e3681/element - {"using":"xpath","value":"//header/div/div[2]/div[2]/span"}
RESULT: {"using":"xpath","value":"//header/div/div[2]/div[2]/span"}
COMMAND: GET /session/2332ccd2e8bcc895b03cacebcf8e3681/element/f.B01AE492A9312D985D5F46C9A0123422.d.806F0924C7FFC976041155590E5EFE34.e.2519/text - {}
RESULT: {}
COMMAND: POST /session/2332ccd2e8bcc895b03cacebcf8e3681/element - {"using":"xpath","value":"//header/div/div/div/div/div/div[2]/div/span"}
RESULT: {"using":"xpath","value":"//header/div/div/div/div/div/div[2]/div/span"}
COMMAND: GET /session/2332ccd2e8bcc895b03cacebcf8e3681/element/f.B01AE492A9312D985D5F46C9A0123422.d.806F0924C7FFC976041155590E5EFE34.e.2520/text - {}
RESULT: {}
COMMAND: POST /session/2332ccd2e8bcc895b03cacebcf8e3681/element - {"using":"css selector","value":"#shell-header-logo"}
RESULT: {"using":"css selector","value":"#shell-header-logo"}
COMMAND: POST /session/2332ccd2e8bcc895b03cacebcf8e3681/element/f.B01AE492A9312D985D5F46C9A0123422.d.806F0924C7FFC976041155590E5EFE34.e.1839/click - {}
RESULT: {}
COMMAND: GET /session/2332ccd2e8bcc895b03cacebcf8e3681/screenshot - {}
RESULT: {}
]]></system-out>
    </testcase>
    <testcase classname="chrome.135_0_7049_96.windows.Standard_contract_-_add_contract_items_by_Insert_Request_US118222" name="Should create 2 new resources and a catalog item" time="329.442">
      <system-out><![CDATA[
COMMAND: POST /session/2332ccd2e8bcc895b03cacebcf8e3681/execute/async - {"script":"<script> [1562 bytes]","args":[{"selector":{"controlType":"sap.m.GenericTile","properties":{"header":"Manage Resources"}},"wdio_ui5_key":"sapm.GenericTile{\"header\":\"Manage Resources\"}"}]}
RESULT: {"script":"<script> [1562 bytes]","args":[{"selector":{"controlType":"sap.m.GenericTile","properties":{"header":"Manage Resources"}},"wdio_ui5_key":"sapm.GenericTile{\"header\":\"Manage Resources\"}"}]}
RESULT: undefined
COMMAND: POST /session/2332ccd2e8bcc895b03cacebcf8e3681/element - {"using":"xpath","value":"//*[@id=\"__tile39\"]"}
RESULT: {"using":"xpath","value":"//*[@id=\"__tile39\"]"}
COMMAND: POST /session/2332ccd2e8bcc895b03cacebcf8e3681/element/f.B01AE492A9312D985D5F46C9A0123422.d.806F0924C7FFC976041155590E5EFE34.e.2522/click - {}
RESULT: {}
COMMAND: GET /session/2332ccd2e8bcc895b03cacebcf8e3681/screenshot - {}
RESULT: {}
COMMAND: POST /session/2332ccd2e8bcc895b03cacebcf8e3681/element - {"using":"xpath","value":"//button[@data-kt=\"addNewRUOverflowToolbarButton\"]"}
RESULT: {"using":"xpath","value":"//button[@data-kt=\"addNewRUOverflowToolbarButton\"]"}
COMMAND: POST /session/2332ccd2e8bcc895b03cacebcf8e3681/execute/sync - {"script":"<script> [8489 bytes]","args":[{"element-6066-11e4-a52e-4f735466cecf":"f.B01AE492A9312D985D5F46C9A0123422.d.806F0924C7FFC976041155590E5EFE34.e.2565","ELEMENT":"f.B01AE492A9312D985D5F46C9A0123422.d.806F0924C7FFC976041155590E5EFE34.e.2565"}]}
RESULT: {"script":"<script> [8489 bytes]","args":[{"element-6066-11e4-a52e-4f735466cecf":"f.B01AE492A9312D985D5F46C9A0123422.d.806F0924C7FFC976041155590E5EFE34.e.2565","ELEMENT":"f.B01AE492A9312D985D5F46C9A0123422.d.806F0924C7FFC976041155590E5EFE34.e.2565"}]}
COMMAND: POST /session/2332ccd2e8bcc895b03cacebcf8e3681/element/f.B01AE492A9312D985D5F46C9A0123422.d.806F0924C7FFC976041155590E5EFE34.e.2565/click - {}
COMMAND: GET /session/2332ccd2e8bcc895b03cacebcf8e3681/screenshot - {}
RESULT: {}
COMMAND: POST /session/2332ccd2e8bcc895b03cacebcf8e3681/execute/async - {"script":"<script> [1562 bytes]","args":[{"selector":{"id":"application-manageresources-display-component---newResourceUnit--TYPE-arrow"},"wdio_ui5_key":"applicationmanageresources-display-component---newResourceUnit--TYPE-arrow"}]}
COMMAND: GET /session/2332ccd2e8bcc895b03cacebcf8e3681/screenshot - {}
RESULT: {}
RESULT: {"script":"<script> [1562 bytes]","args":[{"selector":{"id":"application-manageresources-display-component---newResourceUnit--TYPE-arrow"},"wdio_ui5_key":"applicationmanageresources-display-component---newResourceUnit--TYPE-arrow"}]}
RESULT: undefined
COMMAND: POST /session/2332ccd2e8bcc895b03cacebcf8e3681/element - {"using":"xpath","value":"//*[@id=\"application-manageresources-display-component---newResourceUnit--TYPE-arrow\"]"}
RESULT: {}
RESULT: {"using":"xpath","value":"//*[@id=\"application-manageresources-display-component---newResourceUnit--TYPE-arrow\"]"}
COMMAND: POST /session/2332ccd2e8bcc895b03cacebcf8e3681/element/f.B01AE492A9312D985D5F46C9A0123422.d.806F0924C7FFC976041155590E5EFE34.e.2898/click - {}
RESULT: {}
COMMAND: POST /session/2332ccd2e8bcc895b03cacebcf8e3681/execute/async - {"script":"<script> [1562 bytes]","args":[{"selector":{"controlType":"sap.m.StandardListItem","viewName":"reusables.view.manageresources.NewResourceUnit","viewId":"application-manageresources-display-component---newResourceUnit","properties":{"title":"Material"},"searchOpenDialogs":true,"interaction":{"idSuffix":"titleText"}},"wdio_ui5_key":"reusablesview.manageresources.NewResourceUnitsap.m.StandardListItem{\"title\":\"Material\"}"}]}
COMMAND: GET /session/2332ccd2e8bcc895b03cacebcf8e3681/screenshot - {}
RESULT: {"script":"<script> [1562 bytes]","args":[{"selector":{"controlType":"sap.m.StandardListItem","viewName":"reusables.view.manageresources.NewResourceUnit","viewId":"application-manageresources-display-component---newResourceUnit","properties":{"title":"Material"},"searchOpenDialogs":true,"interaction":{"idSuffix":"titleText"}},"wdio_ui5_key":"reusablesview.manageresources.NewResourceUnitsap.m.StandardListItem{\"title\":\"Material\"}"}]}
RESULT: undefined
COMMAND: POST /session/2332ccd2e8bcc895b03cacebcf8e3681/element - {"using":"xpath","value":"//*[@id=\"__item957\"]"}
RESULT: {}
RESULT: {"using":"xpath","value":"//*[@id=\"__item957\"]"}
COMMAND: POST /session/2332ccd2e8bcc895b03cacebcf8e3681/element/f.B01AE492A9312D985D5F46C9A0123422.d.806F0924C7FFC976041155590E5EFE34.e.2901/click - {}
RESULT: {}
COMMAND: POST /session/2332ccd2e8bcc895b03cacebcf8e3681/execute/async - {"script":"<script> [1562 bytes]","args":[{"selector":{"id":"application-manageresources-display-component---newResourceUnit--SHORT_TEXT","interaction":{"idSuffix":"inner"}},"wdio_ui5_key":"applicationmanageresources-display-component---newResourceUnit--SHORT_TEXT"}]}
COMMAND: GET /session/2332ccd2e8bcc895b03cacebcf8e3681/screenshot - {}
RESULT: {"script":"<script> [1562 bytes]","args":[{"selector":{"id":"application-manageresources-display-component---newResourceUnit--SHORT_TEXT","interaction":{"idSuffix":"inner"}},"wdio_ui5_key":"applicationmanageresources-display-component---newResourceUnit--SHORT_TEXT"}]}
RESULT: undefined
COMMAND: POST /session/2332ccd2e8bcc895b03cacebcf8e3681/execute/async - {"script":"<script> [776 bytes]","args":[{"enterText":"WebdriverRUR2Cgfin7","selector":{"id":"application-manageresources-display-component---newResourceUnit--SHORT_TEXT","interaction":{"idSuffix":"inner"}},"clearTextFirst":true,"interactionType":"ENTER_TEXT"}]}
RESULT: {}
RESULT: {"script":"<script> [776 bytes]","args":[{"enterText":"WebdriverRUR2Cgfin7","selector":{"id":"application-manageresources-display-component---newResourceUnit--SHORT_TEXT","interaction":{"idSuffix":"inner"}},"clearTextFirst":true,"interactionType":"ENTER_TEXT"}]}
COMMAND: POST /session/2332ccd2e8bcc895b03cacebcf8e3681/execute/async - {"script":"<script> [1562 bytes]","args":[{"selector":{"id":"application-manageresources-display-component---newResourceUnit--BASE_UNIT_OF_MEASURE-arrow"},"wdio_ui5_key":"applicationmanageresources-display-component---newResourceUnit--BASE_UNIT_OF_MEASURE-arrow"}]}
RESULT: {"script":"<script> [1562 bytes]","args":[{"selector":{"id":"application-manageresources-display-component---newResourceUnit--BASE_UNIT_OF_MEASURE-arrow"},"wdio_ui5_key":"applicationmanageresources-display-component---newResourceUnit--BASE_UNIT_OF_MEASURE-arrow"}]}
RESULT: undefined
COMMAND: POST /session/2332ccd2e8bcc895b03cacebcf8e3681/element - {"using":"xpath","value":"//*[@id=\"application-manageresources-display-component---newResourceUnit--BASE_UNIT_OF_MEASURE-arrow\"]"}
RESULT: {"using":"xpath","value":"//*[@id=\"application-manageresources-display-component---newResourceUnit--BASE_UNIT_OF_MEASURE-arrow\"]"}
COMMAND: POST /session/2332ccd2e8bcc895b03cacebcf8e3681/element/f.B01AE492A9312D985D5F46C9A0123422.d.806F0924C7FFC976041155590E5EFE34.e.2958/click - {}
RESULT: {}
COMMAND: POST /session/2332ccd2e8bcc895b03cacebcf8e3681/execute/async - {"script":"<script> [1562 bytes]","args":[{"selector":{"controlType":"sap.m.StandardListItem","viewName":"reusables.view.manageresources.NewResourceUnit","viewId":"application-manageresources-display-component---newResourceUnit","properties":{"title":"Piece"},"searchOpenDialogs":true,"interaction":{"idSuffix":"titleText"}},"wdio_ui5_key":"reusablesview.manageresources.NewResourceUnitsap.m.StandardListItem{\"title\":\"Piece\"}"}]}
COMMAND: GET /session/2332ccd2e8bcc895b03cacebcf8e3681/screenshot - {}
RESULT: {"script":"<script> [1562 bytes]","args":[{"selector":{"controlType":"sap.m.StandardListItem","viewName":"reusables.view.manageresources.NewResourceUnit","viewId":"application-manageresources-display-component---newResourceUnit","properties":{"title":"Piece"},"searchOpenDialogs":true,"interaction":{"idSuffix":"titleText"}},"wdio_ui5_key":"reusablesview.manageresources.NewResourceUnitsap.m.StandardListItem{\"title\":\"Piece\"}"}]}
RESULT: undefined
COMMAND: POST /session/2332ccd2e8bcc895b03cacebcf8e3681/element - {"using":"xpath","value":"//*[@id=\"__item1001\"]"}
RESULT: {}
RESULT: {"using":"xpath","value":"//*[@id=\"__item1001\"]"}
COMMAND: POST /session/2332ccd2e8bcc895b03cacebcf8e3681/element/f.B01AE492A9312D985D5F46C9A0123422.d.806F0924C7FFC976041155590E5EFE34.e.2960/click - {}
RESULT: {}
COMMAND: POST /session/2332ccd2e8bcc895b03cacebcf8e3681/element - {"using":"xpath","value":"//input[contains(@id ,\"application-manageresources-display-component---newResourceUnit--SHORT_TEXT-inner\")]"}
COMMAND: GET /session/2332ccd2e8bcc895b03cacebcf8e3681/screenshot - {}
RESULT: {"using":"xpath","value":"//input[contains(@id ,\"application-manageresources-display-component---newResourceUnit--SHORT_TEXT-inner\")]"}
COMMAND: GET /session/2332ccd2e8bcc895b03cacebcf8e3681/element/f.B01AE492A9312D985D5F46C9A0123422.d.806F0924C7FFC976041155590E5EFE34.e.2918/property/value - {}
RESULT: {}
RESULT: {}
COMMAND: POST /session/2332ccd2e8bcc895b03cacebcf8e3681/execute/async - {"script":"<script> [1562 bytes]","args":[{"selector":{"id":"application-manageresources-display-component---newResourceUnit--WEIGHT_UNIT-arrow"},"wdio_ui5_key":"applicationmanageresources-display-component---newResourceUnit--WEIGHT_UNIT-arrow"}]}
COMMAND: GET /session/2332ccd2e8bcc895b03cacebcf8e3681/screenshot - {}
RESULT: {"script":"<script> [1562 bytes]","args":[{"selector":{"id":"application-manageresources-display-component---newResourceUnit--WEIGHT_UNIT-arrow"},"wdio_ui5_key":"applicationmanageresources-display-component---newResourceUnit--WEIGHT_UNIT-arrow"}]}
RESULT: undefined
COMMAND: POST /session/2332ccd2e8bcc895b03cacebcf8e3681/element - {"using":"xpath","value":"//*[@id=\"application-manageresources-display-component---newResourceUnit--WEIGHT_UNIT-arrow\"]"}
RESULT: {}
RESULT: {"using":"xpath","value":"//*[@id=\"application-manageresources-display-component---newResourceUnit--WEIGHT_UNIT-arrow\"]"}
COMMAND: POST /session/2332ccd2e8bcc895b03cacebcf8e3681/element/f.B01AE492A9312D985D5F46C9A0123422.d.806F0924C7FFC976041155590E5EFE34.e.2961/click - {}
RESULT: {}
COMMAND: POST /session/2332ccd2e8bcc895b03cacebcf8e3681/execute/async - {"script":"<script> [1562 bytes]","args":[{"selector":{"controlType":"sap.m.StandardListItem","viewName":"reusables.view.manageresources.NewResourceUnit","viewId":"application-manageresources-display-component---newResourceUnit","properties":{"title":"Gram"},"searchOpenDialogs":true,"interaction":{"idSuffix":"content"}},"wdio_ui5_key":"reusablesview.manageresources.NewResourceUnitsap.m.StandardListItem{\"title\":\"Gram\"}"}]}
COMMAND: GET /session/2332ccd2e8bcc895b03cacebcf8e3681/screenshot - {}
RESULT: {"script":"<script> [1562 bytes]","args":[{"selector":{"controlType":"sap.m.StandardListItem","viewName":"reusables.view.manageresources.NewResourceUnit","viewId":"application-manageresources-display-component---newResourceUnit","properties":{"title":"Gram"},"searchOpenDialogs":true,"interaction":{"idSuffix":"content"}},"wdio_ui5_key":"reusablesview.manageresources.NewResourceUnitsap.m.StandardListItem{\"title\":\"Gram\"}"}]}
RESULT: undefined
COMMAND: POST /session/2332ccd2e8bcc895b03cacebcf8e3681/element - {"using":"xpath","value":"//*[@id=\"__item1066\"]"}
RESULT: {}
RESULT: {"using":"xpath","value":"//*[@id=\"__item1066\"]"}
COMMAND: POST /session/2332ccd2e8bcc895b03cacebcf8e3681/element/f.B01AE492A9312D985D5F46C9A0123422.d.806F0924C7FFC976041155590E5EFE34.e.2963/click - {}
RESULT: {}
COMMAND: POST /session/2332ccd2e8bcc895b03cacebcf8e3681/execute/async - {"script":"<script> [1562 bytes]","args":[{"selector":{"id":"application-manageresources-display-component---newResourceUnit--newRRUPage-OPHeaderContent-collapseBtn-img"},"wdio_ui5_key":"applicationmanageresources-display-component---newResourceUnit--newRRUPage-OPHeaderContent-collapseBtn-img"}]}
COMMAND: GET /session/2332ccd2e8bcc895b03cacebcf8e3681/screenshot - {}
RESULT: {"script":"<script> [1562 bytes]","args":[{"selector":{"id":"application-manageresources-display-component---newResourceUnit--newRRUPage-OPHeaderContent-collapseBtn-img"},"wdio_ui5_key":"applicationmanageresources-display-component---newResourceUnit--newRRUPage-OPHeaderContent-collapseBtn-img"}]}
RESULT: undefined
COMMAND: POST /session/2332ccd2e8bcc895b03cacebcf8e3681/element - {"using":"xpath","value":"//*[@id=\"application-manageresources-display-component---newResourceUnit--newRRUPage-OPHeaderContent-collapseBtn-img\"]"}
RESULT: {}
RESULT: {"using":"xpath","value":"//*[@id=\"application-manageresources-display-component---newResourceUnit--newRRUPage-OPHeaderContent-collapseBtn-img\"]"}
COMMAND: POST /session/2332ccd2e8bcc895b03cacebcf8e3681/element/f.B01AE492A9312D985D5F46C9A0123422.d.806F0924C7FFC976041155590E5EFE34.e.2908/click - {}
RESULT: {}
COMMAND: GET /session/2332ccd2e8bcc895b03cacebcf8e3681/screenshot - {}
RESULT: {}
COMMAND: POST /session/2332ccd2e8bcc895b03cacebcf8e3681/element - {"using":"xpath","value":"(//span[contains(@id ,\"application-manageresources-display-component---newResourceUnit--DIMENSION_UNIT-arrow\")])[1]"}
RESULT: {"using":"xpath","value":"(//span[contains(@id ,\"application-manageresources-display-component---newResourceUnit--DIMENSION_UNIT-arrow\")])[1]"}
COMMAND: POST /session/2332ccd2e8bcc895b03cacebcf8e3681/element/f.B01AE492A9312D985D5F46C9A0123422.d.806F0924C7FFC976041155590E5EFE34.e.2969/click - {}
RESULT: {}
COMMAND: GET /session/2332ccd2e8bcc895b03cacebcf8e3681/screenshot - {}
RESULT: {}
COMMAND: POST /session/2332ccd2e8bcc895b03cacebcf8e3681/execute/async - {"script":"<script> [1562 bytes]","args":[{"selector":{"controlType":"sap.m.StandardListItem","viewName":"reusables.view.manageresources.NewResourceUnit","viewId":"application-manageresources-display-component---newResourceUnit","properties":{"title":"Centimeter"},"searchOpenDialogs":true,"interaction":{"idSuffix":"titleText"}},"wdio_ui5_key":"reusablesview.manageresources.NewResourceUnitsap.m.StandardListItem{\"title\":\"Centimeter\"}"}]}
RESULT: {"script":"<script> [1562 bytes]","args":[{"selector":{"controlType":"sap.m.StandardListItem","viewName":"reusables.view.manageresources.NewResourceUnit","viewId":"application-manageresources-display-component---newResourceUnit","properties":{"title":"Centimeter"},"searchOpenDialogs":true,"interaction":{"idSuffix":"titleText"}},"wdio_ui5_key":"reusablesview.manageresources.NewResourceUnitsap.m.StandardListItem{\"title\":\"Centimeter\"}"}]}
RESULT: undefined
COMMAND: POST /session/2332ccd2e8bcc895b03cacebcf8e3681/element - {"using":"xpath","value":"//*[@id=\"__item1069\"]"}
RESULT: {"using":"xpath","value":"//*[@id=\"__item1069\"]"}
COMMAND: POST /session/2332ccd2e8bcc895b03cacebcf8e3681/element/f.B01AE492A9312D985D5F46C9A0123422.d.806F0924C7FFC976041155590E5EFE34.e.2971/click - {}
RESULT: {}
COMMAND: POST /session/2332ccd2e8bcc895b03cacebcf8e3681/execute/async - {"script":"<script> [1562 bytes]","args":[{"selector":{"id":"application-manageresources-display-component---newResourceUnit--newRRUPage-anchBar-application-manageresources-display-component---newResourceUnit--reference-anchor","interaction":{"idSuffix":"BDI-content"}},"wdio_ui5_key":"applicationmanageresources-display-component---newResourceUnit--newRRUPage-anchBar-application-manageresources-display-component---newResourceUnit--reference-anchor"}]}
COMMAND: GET /session/2332ccd2e8bcc895b03cacebcf8e3681/screenshot - {}
RESULT: {"script":"<script> [1562 bytes]","args":[{"selector":{"id":"application-manageresources-display-component---newResourceUnit--newRRUPage-anchBar-application-manageresources-display-component---newResourceUnit--reference-anchor","interaction":{"idSuffix":"BDI-content"}},"wdio_ui5_key":"applicationmanageresources-display-component---newResourceUnit--newRRUPage-anchBar-application-manageresources-display-component---newResourceUnit--reference-anchor"}]}
RESULT: undefined
COMMAND: POST /session/2332ccd2e8bcc895b03cacebcf8e3681/element - {"using":"xpath","value":"//*[@id=\"application-manageresources-display-component---newResourceUnit--newRRUPage-anchBar-application-manageresources-display-component---newResourceUnit--reference-anchor\"]"}
RESULT: {}
RESULT: {"using":"xpath","value":"//*[@id=\"application-manageresources-display-component---newResourceUnit--newRRUPage-anchBar-application-manageresources-display-component---newResourceUnit--reference-anchor\"]"}
COMMAND: POST /session/2332ccd2e8bcc895b03cacebcf8e3681/element/f.B01AE492A9312D985D5F46C9A0123422.d.806F0924C7FFC976041155590E5EFE34.e.2973/click - {}
RESULT: {}
COMMAND: POST /session/2332ccd2e8bcc895b03cacebcf8e3681/execute/async - {"script":"<script> [1562 bytes]","args":[{"selector":{"id":"application-manageresources-display-component---newResourceUnit--PLANNING_GROUP-arrow"},"wdio_ui5_key":"applicationmanageresources-display-component---newResourceUnit--PLANNING_GROUP-arrow"}]}
COMMAND: GET /session/2332ccd2e8bcc895b03cacebcf8e3681/screenshot - {}
RESULT: {"script":"<script> [1562 bytes]","args":[{"selector":{"id":"application-manageresources-display-component---newResourceUnit--PLANNING_GROUP-arrow"},"wdio_ui5_key":"applicationmanageresources-display-component---newResourceUnit--PLANNING_GROUP-arrow"}]}
RESULT: undefined
COMMAND: POST /session/2332ccd2e8bcc895b03cacebcf8e3681/element - {"using":"xpath","value":"//*[@id=\"application-manageresources-display-component---newResourceUnit--PLANNING_GROUP-arrow\"]"}
RESULT: {}
RESULT: {"using":"xpath","value":"//*[@id=\"application-manageresources-display-component---newResourceUnit--PLANNING_GROUP-arrow\"]"}
COMMAND: POST /session/2332ccd2e8bcc895b03cacebcf8e3681/element/f.B01AE492A9312D985D5F46C9A0123422.d.806F0924C7FFC976041155590E5EFE34.e.2977/click - {}
RESULT: {}
COMMAND: POST /session/2332ccd2e8bcc895b03cacebcf8e3681/execute/async - {"script":"<script> [1562 bytes]","args":[{"selector":{"controlType":"sap.m.StandardListItem","viewName":"reusables.view.manageresources.NewResourceUnit","viewId":"application-manageresources-display-component---newResourceUnit","properties":{"title":"Heavy Equi"},"searchOpenDialogs":true,"interaction":{"idSuffix":"content"}},"wdio_ui5_key":"reusablesview.manageresources.NewResourceUnitsap.m.StandardListItem{\"title\":\"Heavy Equi\"}"}]}
COMMAND: GET /session/2332ccd2e8bcc895b03cacebcf8e3681/screenshot - {}
RESULT: {"script":"<script> [1562 bytes]","args":[{"selector":{"controlType":"sap.m.StandardListItem","viewName":"reusables.view.manageresources.NewResourceUnit","viewId":"application-manageresources-display-component---newResourceUnit","properties":{"title":"Heavy Equi"},"searchOpenDialogs":true,"interaction":{"idSuffix":"content"}},"wdio_ui5_key":"reusablesview.manageresources.NewResourceUnitsap.m.StandardListItem{\"title\":\"Heavy Equi\"}"}]}
RESULT: undefined
COMMAND: POST /session/2332ccd2e8bcc895b03cacebcf8e3681/element - {"using":"xpath","value":"//*[@id=\"__item1077\"]"}
RESULT: {}
RESULT: {"using":"xpath","value":"//*[@id=\"__item1077\"]"}
COMMAND: POST /session/2332ccd2e8bcc895b03cacebcf8e3681/element/f.B01AE492A9312D985D5F46C9A0123422.d.806F0924C7FFC976041155590E5EFE34.e.2979/click - {}
RESULT: {}
COMMAND: GET /session/2332ccd2e8bcc895b03cacebcf8e3681/screenshot - {}
RESULT: {}
COMMAND: POST /session/2332ccd2e8bcc895b03cacebcf8e3681/execute/async - {"script":"<script> [1562 bytes]","args":[{"selector":{"id":"application-manageresources-display-component---newResourceUnit--PLANNING_INDICATOR-arrow"},"wdio_ui5_key":"applicationmanageresources-display-component---newResourceUnit--PLANNING_INDICATOR-arrow"}]}
RESULT: {"script":"<script> [1562 bytes]","args":[{"selector":{"id":"application-manageresources-display-component---newResourceUnit--PLANNING_INDICATOR-arrow"},"wdio_ui5_key":"applicationmanageresources-display-component---newResourceUnit--PLANNING_INDICATOR-arrow"}]}
RESULT: undefined
COMMAND: POST /session/2332ccd2e8bcc895b03cacebcf8e3681/element - {"using":"xpath","value":"//*[@id=\"application-manageresources-display-component---newResourceUnit--PLANNING_INDICATOR-arrow\"]"}
RESULT: {"using":"xpath","value":"//*[@id=\"application-manageresources-display-component---newResourceUnit--PLANNING_INDICATOR-arrow\"]"}
COMMAND: POST /session/2332ccd2e8bcc895b03cacebcf8e3681/element/f.B01AE492A9312D985D5F46C9A0123422.d.806F0924C7FFC976041155590E5EFE34.e.2980/click - {}
RESULT: {}
COMMAND: POST /session/2332ccd2e8bcc895b03cacebcf8e3681/execute/async - {"script":"<script> [1562 bytes]","args":[{"selector":{"controlType":"sap.m.StandardListItem","viewName":"reusables.view.manageresources.NewResourceUnit","viewId":"application-manageresources-display-component---newResourceUnit","properties":{"title":"10 - infinite"},"searchOpenDialogs":true,"interaction":{"idSuffix":"content"}},"wdio_ui5_key":"reusablesview.manageresources.NewResourceUnitsap.m.StandardListItem{\"title\":\"10 - infinite\"}"}]}
COMMAND: GET /session/2332ccd2e8bcc895b03cacebcf8e3681/screenshot - {}
RESULT: {"script":"<script> [1562 bytes]","args":[{"selector":{"controlType":"sap.m.StandardListItem","viewName":"reusables.view.manageresources.NewResourceUnit","viewId":"application-manageresources-display-component---newResourceUnit","properties":{"title":"10 - infinite"},"searchOpenDialogs":true,"interaction":{"idSuffix":"content"}},"wdio_ui5_key":"reusablesview.manageresources.NewResourceUnitsap.m.StandardListItem{\"title\":\"10 - infinite\"}"}]}
RESULT: undefined
COMMAND: POST /session/2332ccd2e8bcc895b03cacebcf8e3681/element - {"using":"xpath","value":"//*[@id=\"__item1087\"]"}
RESULT: {}
RESULT: {"using":"xpath","value":"//*[@id=\"__item1087\"]"}
COMMAND: POST /session/2332ccd2e8bcc895b03cacebcf8e3681/element/f.B01AE492A9312D985D5F46C9A0123422.d.806F0924C7FFC976041155590E5EFE34.e.2982/click - {}
RESULT: {}
COMMAND: GET /session/2332ccd2e8bcc895b03cacebcf8e3681/screenshot - {}
RESULT: {}
COMMAND: POST /session/2332ccd2e8bcc895b03cacebcf8e3681/element - {"using":"xpath","value":"//bdi[contains(text(), \"Time Segment\")]"}
RESULT: {"using":"xpath","value":"//bdi[contains(text(), \"Time Segment\")]"}
COMMAND: GET /session/2332ccd2e8bcc895b03cacebcf8e3681/element/f.B01AE492A9312D985D5F46C9A0123422.d.806F0924C7FFC976041155590E5EFE34.e.2983/rect - {}
RESULT: {}
COMMAND: GET /session/2332ccd2e8bcc895b03cacebcf8e3681/window/rect - {}
RESULT: {}
COMMAND: POST /session/2332ccd2e8bcc895b03cacebcf8e3681/execute/sync - {"script":"<script> [92 bytes]","args":[]}
RESULT: {"script":"<script> [92 bytes]","args":[]}
COMMAND: POST /session/2332ccd2e8bcc895b03cacebcf8e3681/actions - {"actions":[{"id":"action5","type":"wheel","parameters":{},"actions":[{"type":"scroll","x":-1820,"y":-21,"deltaX":0,"deltaY":0,"duration":0,"origin":{"element-6066-11e4-a52e-4f735466cecf":"f.B01AE492A9312D985D5F46C9A0123422.d.806F0924C7FFC976041155590E5EFE34.e.2983"}}]}]}
COMMAND: GET /session/2332ccd2e8bcc895b03cacebcf8e3681/screenshot - {}
RESULT: {}
COMMAND: POST /session/2332ccd2e8bcc895b03cacebcf8e3681/execute/sync - {"script":"<script> [79 bytes]","args":[{"element-6066-11e4-a52e-4f735466cecf":"f.B01AE492A9312D985D5F46C9A0123422.d.806F0924C7FFC976041155590E5EFE34.e.2983","ELEMENT":"f.B01AE492A9312D985D5F46C9A0123422.d.806F0924C7FFC976041155590E5EFE34.e.2983"},{"block":"start","inline":"nearest"}]}
RESULT: {"script":"<script> [79 bytes]","args":[{"element-6066-11e4-a52e-4f735466cecf":"f.B01AE492A9312D985D5F46C9A0123422.d.806F0924C7FFC976041155590E5EFE34.e.2983","ELEMENT":"f.B01AE492A9312D985D5F46C9A0123422.d.806F0924C7FFC976041155590E5EFE34.e.2983"},{"block":"start","inline":"nearest"}]}
COMMAND: GET /session/2332ccd2e8bcc895b03cacebcf8e3681/screenshot - {}
RESULT: {}
COMMAND: POST /session/2332ccd2e8bcc895b03cacebcf8e3681/element - {"using":"xpath","value":"//span[@id=\"application-manageresources-display-component---newResourceUnit--btnAddTimeSegment-img\"]"}
RESULT: {"using":"xpath","value":"//span[@id=\"application-manageresources-display-component---newResourceUnit--btnAddTimeSegment-img\"]"}
COMMAND: POST /session/2332ccd2e8bcc895b03cacebcf8e3681/execute/sync - {"script":"<script> [8489 bytes]","args":[{"element-6066-11e4-a52e-4f735466cecf":"f.B01AE492A9312D985D5F46C9A0123422.d.806F0924C7FFC976041155590E5EFE34.e.2986","ELEMENT":"f.B01AE492A9312D985D5F46C9A0123422.d.806F0924C7FFC976041155590E5EFE34.e.2986"}]}
RESULT: {"script":"<script> [8489 bytes]","args":[{"element-6066-11e4-a52e-4f735466cecf":"f.B01AE492A9312D985D5F46C9A0123422.d.806F0924C7FFC976041155590E5EFE34.e.2986","ELEMENT":"f.B01AE492A9312D985D5F46C9A0123422.d.806F0924C7FFC976041155590E5EFE34.e.2986"}]}
COMMAND: POST /session/2332ccd2e8bcc895b03cacebcf8e3681/element/f.B01AE492A9312D985D5F46C9A0123422.d.806F0924C7FFC976041155590E5EFE34.e.2986/click - {}
COMMAND: GET /session/2332ccd2e8bcc895b03cacebcf8e3681/screenshot - {}
RESULT: {}
COMMAND: GET /session/2332ccd2e8bcc895b03cacebcf8e3681/screenshot - {}
COMMAND: POST /session/2332ccd2e8bcc895b03cacebcf8e3681/element - {"using":"xpath","value":"//input[@id=\"application-manageresources-display-component---newResourceUnit--idRuTSAdmin-application-manageresources-display-component---newResourceUnit--RUTimeSegment-0-inner\"]"}
RESULT: {}
RESULT: {}
RESULT: {"using":"xpath","value":"//input[@id=\"application-manageresources-display-component---newResourceUnit--idRuTSAdmin-application-manageresources-display-component---newResourceUnit--RUTimeSegment-0-inner\"]"}
COMMAND: POST /session/2332ccd2e8bcc895b03cacebcf8e3681/element/f.B01AE492A9312D985D5F46C9A0123422.d.806F0924C7FFC976041155590E5EFE34.e.2989/clear - {}
RESULT: {}
COMMAND: POST /session/2332ccd2e8bcc895b03cacebcf8e3681/element/f.B01AE492A9312D985D5F46C9A0123422.d.806F0924C7FFC976041155590E5EFE34.e.2989/value - {"text":"WebdriverYardolz1a"}
COMMAND: GET /session/2332ccd2e8bcc895b03cacebcf8e3681/screenshot - {}
RESULT: {"text":"WebdriverYardolz1a"}
COMMAND: GET /session/2332ccd2e8bcc895b03cacebcf8e3681/screenshot - {}
RESULT: {}
RESULT: {}
COMMAND: POST /session/2332ccd2e8bcc895b03cacebcf8e3681/actions - {"actions":[{"id":"action6","type":"key","parameters":{},"actions":[{"type":"keyDown","value":"î€‡"},{"type":"pause","duration":10},{"type":"keyUp","value":"î€‡"}]}]}
RESULT: {"actions":[{"id":"action6","type":"key","parameters":{},"actions":[{"type":"keyDown","value":"î€‡"},{"type":"pause","duration":10},{"type":"keyUp","value":"î€‡"}]}]}
COMMAND: GET /session/2332ccd2e8bcc895b03cacebcf8e3681/screenshot - {}
RESULT: {}
COMMAND: POST /session/2332ccd2e8bcc895b03cacebcf8e3681/execute/async - {"script":"<script> [1562 bytes]","args":[{"selector":{"controlType":"sap.m.Button","viewName":"reusables.view.manageresources.NewResourceUnit","viewId":"application-manageresources-display-component---newResourceUnit","i18NText":{"propertyName":"tooltip","key":"save"},"interaction":{"idSuffix":"BDI-content"}},"wdio_ui5_key":"reusablesview.manageresources.NewResourceUnitsap.m.Button{\"propertyName\":\"tooltip\",\"key\":\"save\"}"}]}
RESULT: {"script":"<script> [1562 bytes]","args":[{"selector":{"controlType":"sap.m.Button","viewName":"reusables.view.manageresources.NewResourceUnit","viewId":"application-manageresources-display-component---newResourceUnit","i18NText":{"propertyName":"tooltip","key":"save"},"interaction":{"idSuffix":"BDI-content"}},"wdio_ui5_key":"reusablesview.manageresources.NewResourceUnitsap.m.Button{\"propertyName\":\"tooltip\",\"key\":\"save\"}"}]}
RESULT: undefined
COMMAND: POST /session/2332ccd2e8bcc895b03cacebcf8e3681/element - {"using":"xpath","value":"//*[@id=\"application-manageresources-display-component---newResourceUnit--createRuButton\"]"}
RESULT: {"using":"xpath","value":"//*[@id=\"application-manageresources-display-component---newResourceUnit--createRuButton\"]"}
COMMAND: POST /session/2332ccd2e8bcc895b03cacebcf8e3681/element/f.B01AE492A9312D985D5F46C9A0123422.d.806F0924C7FFC976041155590E5EFE34.e.2914/click - {}
RESULT: {}
COMMAND: GET /session/2332ccd2e8bcc895b03cacebcf8e3681/screenshot - {}
RESULT: {}
COMMAND: POST /session/2332ccd2e8bcc895b03cacebcf8e3681/execute/async - {"script":"<script> [1562 bytes]","args":[{"selector":{"controlType":"sap.m.Title","properties":{"text":"Success"},"searchOpenDialogs":true},"wdio_ui5_key":"sapm.Title{\"text\":\"Success\"}"}]}
RESULT: {"script":"<script> [1562 bytes]","args":[{"selector":{"controlType":"sap.m.Title","properties":{"text":"Success"},"searchOpenDialogs":true},"wdio_ui5_key":"sapm.Title{\"text\":\"Success\"}"}]}
RESULT: undefined
COMMAND: POST /session/2332ccd2e8bcc895b03cacebcf8e3681/execute/async - {"script":"<script> [6424 bytes]","args":[{"element-6066-11e4-a52e-4f735466cecf":"f.B01AE492A9312D985D5F46C9A0123422.d.806F0924C7FFC976041155590E5EFE34.e.3003"},"getText",[]]}
RESULT: {"script":"<script> [6424 bytes]","args":[{"element-6066-11e4-a52e-4f735466cecf":"f.B01AE492A9312D985D5F46C9A0123422.d.806F0924C7FFC976041155590E5EFE34.e.3003"},"getText",[]]}
COMMAND: POST /session/2332ccd2e8bcc895b03cacebcf8e3681/element - {"using":"xpath","value":"//*[contains(@id, '__text') and (contains(text(), 'successfully created') or contains(., 'successfully created'))]"}
RESULT: {"using":"xpath","value":"//*[contains(@id, '__text') and (contains(text(), 'successfully created') or contains(., 'successfully created'))]"}
COMMAND: GET /session/2332ccd2e8bcc895b03cacebcf8e3681/element/f.B01AE492A9312D985D5F46C9A0123422.d.806F0924C7FFC976041155590E5EFE34.e.3002/text - {}
RESULT: {}
COMMAND: POST /session/2332ccd2e8bcc895b03cacebcf8e3681/execute/async - {"script":"<script> [1562 bytes]","args":[{"selector":{"controlType":"sap.m.Button","properties":{"text":"Close"},"searchOpenDialogs":true,"interaction":{"idSuffix":"BDI-content"}},"wdio_ui5_key":"sapm.Button{\"text\":\"Close\"}"}]}
RESULT: {"script":"<script> [1562 bytes]","args":[{"selector":{"controlType":"sap.m.Button","properties":{"text":"Close"},"searchOpenDialogs":true,"interaction":{"idSuffix":"BDI-content"}},"wdio_ui5_key":"sapm.Button{\"text\":\"Close\"}"}]}
RESULT: undefined
COMMAND: POST /session/2332ccd2e8bcc895b03cacebcf8e3681/element - {"using":"xpath","value":"//*[@id=\"__mbox-btn-0\"]"}
RESULT: {"using":"xpath","value":"//*[@id=\"__mbox-btn-0\"]"}
COMMAND: POST /session/2332ccd2e8bcc895b03cacebcf8e3681/element/f.B01AE492A9312D985D5F46C9A0123422.d.806F0924C7FFC976041155590E5EFE34.e.3000/click - {}
RESULT: {}
COMMAND: GET /session/2332ccd2e8bcc895b03cacebcf8e3681/screenshot - {}
RESULT: {}
COMMAND: POST /session/2332ccd2e8bcc895b03cacebcf8e3681/execute/async - {"script":"<script> [1562 bytes]","args":[{"selector":{"controlType":"sap.ui.core.Icon","viewName":"etm.portal.ui.manageresources.view.Detail","viewId":"application-manageresources-display-component---detailRU","properties":{"src":{"regex":{"source":"overflow"}}}},"wdio_ui5_key":"etmportal.ui.manageresources.view.Detailsap.ui.core.Icon{\"src\":{\"regex\":{\"source\":\"overflow\"}}}"}]}
RESULT: {"script":"<script> [1562 bytes]","args":[{"selector":{"controlType":"sap.ui.core.Icon","viewName":"etm.portal.ui.manageresources.view.Detail","viewId":"application-manageresources-display-component---detailRU","properties":{"src":{"regex":{"source":"overflow"}}}},"wdio_ui5_key":"etmportal.ui.manageresources.view.Detailsap.ui.core.Icon{\"src\":{\"regex\":{\"source\":\"overflow\"}}}"}]}
RESULT: undefined
COMMAND: POST /session/2332ccd2e8bcc895b03cacebcf8e3681/element - {"using":"xpath","value":"//*[@id=\"__title36-_actionsToolbar-overflowButton-img\"]"}
RESULT: {"using":"xpath","value":"//*[@id=\"__title36-_actionsToolbar-overflowButton-img\"]"}
COMMAND: POST /session/2332ccd2e8bcc895b03cacebcf8e3681/element/f.B01AE492A9312D985D5F46C9A0123422.d.806F0924C7FFC976041155590E5EFE34.e.3035/click - {}
RESULT: {}
COMMAND: POST /session/2332ccd2e8bcc895b03cacebcf8e3681/execute/async - {"script":"<script> [1562 bytes]","args":[{"selector":{"controlType":"sap.m.Button","viewName":"etm.portal.ui.manageresources.view.Detail","viewId":"application-manageresources-display-component---detailRU","i18NText":{"propertyName":"tooltip","key":"closeColumn"},"searchOpenDialogs":true,"interaction":{"idSuffix":"inner"}},"wdio_ui5_key":"etmportal.ui.manageresources.view.Detailsap.m.Button{\"propertyName\":\"tooltip\",\"key\":\"closeColumn\"}"}]}
COMMAND: GET /session/2332ccd2e8bcc895b03cacebcf8e3681/screenshot - {}
RESULT: {"script":"<script> [1562 bytes]","args":[{"selector":{"controlType":"sap.m.Button","viewName":"etm.portal.ui.manageresources.view.Detail","viewId":"application-manageresources-display-component---detailRU","i18NText":{"propertyName":"tooltip","key":"closeColumn"},"searchOpenDialogs":true,"interaction":{"idSuffix":"inner"}},"wdio_ui5_key":"etmportal.ui.manageresources.view.Detailsap.m.Button{\"propertyName\":\"tooltip\",\"key\":\"closeColumn\"}"}]}
RESULT: undefined
COMMAND: POST /session/2332ccd2e8bcc895b03cacebcf8e3681/element - {"using":"xpath","value":"//*[@id=\"__button147\"]"}
RESULT: {}
RESULT: {"using":"xpath","value":"//*[@id=\"__button147\"]"}
COMMAND: POST /session/2332ccd2e8bcc895b03cacebcf8e3681/element/f.B01AE492A9312D985D5F46C9A0123422.d.806F0924C7FFC976041155590E5EFE34.e.3037/click - {}
RESULT: {}
COMMAND: GET /session/2332ccd2e8bcc895b03cacebcf8e3681/screenshot - {}
RESULT: {}
COMMAND: POST /session/2332ccd2e8bcc895b03cacebcf8e3681/refresh - {}
RESULT: {}
COMMAND: GET /session/2332ccd2e8bcc895b03cacebcf8e3681/screenshot - {}
RESULT: {}
COMMAND: POST /session/2332ccd2e8bcc895b03cacebcf8e3681/execute/async - {"script":"<script> [189 bytes]","args":[]}
RESULT: {"script":"<script> [189 bytes]","args":[]}
COMMAND: POST /session/2332ccd2e8bcc895b03cacebcf8e3681/execute/async - {"script":"<script> [123 bytes]","args":[]}
RESULT: {"script":"<script> [123 bytes]","args":[]}
COMMAND: POST /session/2332ccd2e8bcc895b03cacebcf8e3681/timeouts - {"script":"<number>"}
RESULT: {"script":"<number>"}
COMMAND: GET /session/2332ccd2e8bcc895b03cacebcf8e3681/timeouts - {}
RESULT: {}
RESULT: undefined
COMMAND: POST /session/2332ccd2e8bcc895b03cacebcf8e3681/execute/async - {"script":"<script> [2676 bytes]","args":[]}
RESULT: {"script":"<script> [2676 bytes]","args":[]}
COMMAND: POST /session/2332ccd2e8bcc895b03cacebcf8e3681/execute/async - {"script":"<script> [2342 bytes]","args":[{"protocol":"http","hostname":"0.0.0.0","path":"/","capabilities":{"browserName":"chrome","goog:chromeOptions":{"binary":"C:\\Program Files\\Google\\Chrome\\Application\\chrome.exe","args":["--start-maximized"]}},"logLevel":"warn","connectionRetryTimeout":120000,"connectionRetryCount":3,"logLevels":{},"enableDirectConnect":true,"strictSSL":true,"_":"65 more keys: [\"cacheDir\",\"port\",\"requestedCapabilities\",\"automationProtocol\",\"baseUrl\",\"waitforInterval\",\"waitforTimeout\",\"onReload\",\"beforeCommand\",\"afterCommand\",\"rootDir\",\"specs\",\"suites\",\"exclude\",\"groupLogsByTestSpec\",\"excludeDriverLogs\",\"bail\",\"framework\",\"reporters\",\"services\",\"maxInstances\",\"maxInstancesPerCapability\",\"injectGlobals\",\"filesToWatch\",\"execArgv\",\"runnerEnv\",\"runner\",\"shard\",\"specFileRetries\",\"specFileRetriesDelay\",\"specFileRetriesDeferred\",\"reporterSyncInterval\",\"reporterSyncTimeout\",\"cucumberFeaturesWithLineNumbers\",\"autoCompileOpts\",\"mochaOpts\",\"jasmineOpts\",\"cucumberOpts\",\"onPrepare\",\"onWorkerStart\",\"onWorkerEnd\",\"before\",\"beforeSession\",\"beforeSuite\",\"beforeHook\",\"beforeTest\",\"afterTest\",\"afterHook\",\"afterSuite\",\"afterSession\",\"after\",\"onComplete\",\"beforeAssertion\",\"afterAssertion\",\"beforeFeature\",\"beforeScenario\",\"beforeStep\",\"afterStep\",\"afterScenario\",\"afterFeature\",\"_\",\"suite\",\"$0\",\"ignoredWorkerServices\",\"wdi5\"]"}]}
RESULT: {"script":"<script> [2342 bytes]","args":[{"protocol":"http","hostname":"0.0.0.0","path":"/","capabilities":{"browserName":"chrome","goog:chromeOptions":{"binary":"C:\\Program Files\\Google\\Chrome\\Application\\chrome.exe","args":["--start-maximized"]}},"logLevel":"warn","connectionRetryTimeout":120000,"connectionRetryCount":3,"logLevels":{},"enableDirectConnect":true,"strictSSL":true,"_":"65 more keys: [\"cacheDir\",\"port\",\"requestedCapabilities\",\"automationProtocol\",\"baseUrl\",\"waitforInterval\",\"waitforTimeout\",\"onReload\",\"beforeCommand\",\"afterCommand\",\"rootDir\",\"specs\",\"suites\",\"exclude\",\"groupLogsByTestSpec\",\"excludeDriverLogs\",\"bail\",\"framework\",\"reporters\",\"services\",\"maxInstances\",\"maxInstancesPerCapability\",\"injectGlobals\",\"filesToWatch\",\"execArgv\",\"runnerEnv\",\"runner\",\"shard\",\"specFileRetries\",\"specFileRetriesDelay\",\"specFileRetriesDeferred\",\"reporterSyncInterval\",\"reporterSyncTimeout\",\"cucumberFeaturesWithLineNumbers\",\"autoCompileOpts\",\"mochaOpts\",\"jasmineOpts\",\"cucumberOpts\",\"onPrepare\",\"onWorkerStart\",\"onWorkerEnd\",\"before\",\"beforeSession\",\"beforeSuite\",\"beforeHook\",\"beforeTest\",\"afterTest\",\"afterHook\",\"afterSuite\",\"afterSession\",\"after\",\"onComplete\",\"beforeAssertion\",\"afterAssertion\",\"beforeFeature\",\"beforeScenario\",\"beforeStep\",\"afterStep\",\"afterScenario\",\"afterFeature\",\"_\",\"suite\",\"$0\",\"ignoredWorkerServices\",\"wdi5\"]"}]}
COMMAND: POST /session/2332ccd2e8bcc895b03cacebcf8e3681/execute/async - {"script":"<script> [21126 bytes]","args":[35000]}
RESULT: {"script":"<script> [21126 bytes]","args":[35000]}
COMMAND: POST /session/2332ccd2e8bcc895b03cacebcf8e3681/element - {"using":"css selector","value":"#shell-header-logo"}
RESULT: {"using":"css selector","value":"#shell-header-logo"}
COMMAND: POST /session/2332ccd2e8bcc895b03cacebcf8e3681/element/f.B01AE492A9312D985D5F46C9A0123422.d.C0E9408D3F980A9E1683B7674114EDDB.e.3131/click - {}
RESULT: {}
COMMAND: GET /session/2332ccd2e8bcc895b03cacebcf8e3681/screenshot - {}
RESULT: {}
COMMAND: POST /session/2332ccd2e8bcc895b03cacebcf8e3681/execute/async - {"script":"<script> [1562 bytes]","args":[{"selector":{"controlType":"sap.m.GenericTile","properties":{"header":"Manage Resources"}},"wdio_ui5_key":"sapm.GenericTile{\"header\":\"Manage Resources\"}"}]}
RESULT: {"script":"<script> [1562 bytes]","args":[{"selector":{"controlType":"sap.m.GenericTile","properties":{"header":"Manage Resources"}},"wdio_ui5_key":"sapm.GenericTile{\"header\":\"Manage Resources\"}"}]}
RESULT: undefined
COMMAND: POST /session/2332ccd2e8bcc895b03cacebcf8e3681/element - {"using":"xpath","value":"//*[@id=\"__tile39\"]"}
RESULT: {"using":"xpath","value":"//*[@id=\"__tile39\"]"}
COMMAND: POST /session/2332ccd2e8bcc895b03cacebcf8e3681/element/f.B01AE492A9312D985D5F46C9A0123422.d.C0E9408D3F980A9E1683B7674114EDDB.e.3316/click - {}
RESULT: {}
COMMAND: GET /session/2332ccd2e8bcc895b03cacebcf8e3681/screenshot - {}
RESULT: {}
COMMAND: POST /session/2332ccd2e8bcc895b03cacebcf8e3681/element - {"using":"xpath","value":"//button[@data-kt=\"addNewRUOverflowToolbarButton\"]"}
RESULT: {"using":"xpath","value":"//button[@data-kt=\"addNewRUOverflowToolbarButton\"]"}
COMMAND: POST /session/2332ccd2e8bcc895b03cacebcf8e3681/execute/sync - {"script":"<script> [8489 bytes]","args":[{"element-6066-11e4-a52e-4f735466cecf":"f.B01AE492A9312D985D5F46C9A0123422.d.C0E9408D3F980A9E1683B7674114EDDB.e.3389","ELEMENT":"f.B01AE492A9312D985D5F46C9A0123422.d.C0E9408D3F980A9E1683B7674114EDDB.e.3389"}]}
RESULT: {"script":"<script> [8489 bytes]","args":[{"element-6066-11e4-a52e-4f735466cecf":"f.B01AE492A9312D985D5F46C9A0123422.d.C0E9408D3F980A9E1683B7674114EDDB.e.3389","ELEMENT":"f.B01AE492A9312D985D5F46C9A0123422.d.C0E9408D3F980A9E1683B7674114EDDB.e.3389"}]}
COMMAND: POST /session/2332ccd2e8bcc895b03cacebcf8e3681/element/f.B01AE492A9312D985D5F46C9A0123422.d.C0E9408D3F980A9E1683B7674114EDDB.e.3389/click - {}
COMMAND: GET /session/2332ccd2e8bcc895b03cacebcf8e3681/screenshot - {}
RESULT: {}
COMMAND: GET /session/2332ccd2e8bcc895b03cacebcf8e3681/screenshot - {}
RESULT: {}
RESULT: {}
COMMAND: POST /session/2332ccd2e8bcc895b03cacebcf8e3681/execute/async - {"script":"<script> [1562 bytes]","args":[{"selector":{"id":"application-manageresources-display-component---newResourceUnit--TYPE-arrow"},"wdio_ui5_key":"applicationmanageresources-display-component---newResourceUnit--TYPE-arrow"}]}
RESULT: {"script":"<script> [1562 bytes]","args":[{"selector":{"id":"application-manageresources-display-component---newResourceUnit--TYPE-arrow"},"wdio_ui5_key":"applicationmanageresources-display-component---newResourceUnit--TYPE-arrow"}]}
RESULT: undefined
COMMAND: POST /session/2332ccd2e8bcc895b03cacebcf8e3681/element - {"using":"xpath","value":"//*[@id=\"application-manageresources-display-component---newResourceUnit--TYPE-arrow\"]"}
RESULT: {"using":"xpath","value":"//*[@id=\"application-manageresources-display-component---newResourceUnit--TYPE-arrow\"]"}
COMMAND: POST /session/2332ccd2e8bcc895b03cacebcf8e3681/element/f.B01AE492A9312D985D5F46C9A0123422.d.C0E9408D3F980A9E1683B7674114EDDB.e.3528/click - {}
RESULT: {}
COMMAND: POST /session/2332ccd2e8bcc895b03cacebcf8e3681/execute/async - {"script":"<script> [1562 bytes]","args":[{"selector":{"controlType":"sap.m.StandardListItem","viewName":"reusables.view.manageresources.NewResourceUnit","viewId":"application-manageresources-display-component---newResourceUnit","properties":{"title":"Equipment"},"searchOpenDialogs":true,"interaction":{"idSuffix":"content"}},"wdio_ui5_key":"reusablesview.manageresources.NewResourceUnitsap.m.StandardListItem{\"title\":\"Equipment\"}"}]}
COMMAND: GET /session/2332ccd2e8bcc895b03cacebcf8e3681/screenshot - {}
RESULT: {"script":"<script> [1562 bytes]","args":[{"selector":{"controlType":"sap.m.StandardListItem","viewName":"reusables.view.manageresources.NewResourceUnit","viewId":"application-manageresources-display-component---newResourceUnit","properties":{"title":"Equipment"},"searchOpenDialogs":true,"interaction":{"idSuffix":"content"}},"wdio_ui5_key":"reusablesview.manageresources.NewResourceUnitsap.m.StandardListItem{\"title\":\"Equipment\"}"}]}
RESULT: undefined
COMMAND: POST /session/2332ccd2e8bcc895b03cacebcf8e3681/element - {"using":"xpath","value":"//*[@id=\"__item181\"]"}
RESULT: {}
RESULT: {"using":"xpath","value":"//*[@id=\"__item181\"]"}
COMMAND: POST /session/2332ccd2e8bcc895b03cacebcf8e3681/element/f.B01AE492A9312D985D5F46C9A0123422.d.C0E9408D3F980A9E1683B7674114EDDB.e.3531/click - {}
RESULT: {}
COMMAND: POST /session/2332ccd2e8bcc895b03cacebcf8e3681/execute/async - {"script":"<script> [1562 bytes]","args":[{"selector":{"id":"application-manageresources-display-component---newResourceUnit--resourceId","interaction":{"idSuffix":"inner"}},"wdio_ui5_key":"applicationmanageresources-display-component---newResourceUnit--resourceId"}]}
COMMAND: GET /session/2332ccd2e8bcc895b03cacebcf8e3681/screenshot - {}
RESULT: {"script":"<script> [1562 bytes]","args":[{"selector":{"id":"application-manageresources-display-component---newResourceUnit--resourceId","interaction":{"idSuffix":"inner"}},"wdio_ui5_key":"applicationmanageresources-display-component---newResourceUnit--resourceId"}]}
RESULT: undefined
COMMAND: POST /session/2332ccd2e8bcc895b03cacebcf8e3681/execute/async - {"script":"<script> [776 bytes]","args":[{"enterText":"WdIOR2cEquips8cxa","selector":{"id":"application-manageresources-display-component---newResourceUnit--resourceId","interaction":{"idSuffix":"inner"}},"clearTextFirst":true,"interactionType":"ENTER_TEXT"}]}
RESULT: {}
RESULT: {"script":"<script> [776 bytes]","args":[{"enterText":"WdIOR2cEquips8cxa","selector":{"id":"application-manageresources-display-component---newResourceUnit--resourceId","interaction":{"idSuffix":"inner"}},"clearTextFirst":true,"interactionType":"ENTER_TEXT"}]}
COMMAND: POST /session/2332ccd2e8bcc895b03cacebcf8e3681/execute/async - {"script":"<script> [1562 bytes]","args":[{"selector":{"id":"application-manageresources-display-component---newResourceUnit--SHORT_TEXT","interaction":{"idSuffix":"inner"}},"wdio_ui5_key":"applicationmanageresources-display-component---newResourceUnit--SHORT_TEXT"}]}
RESULT: {"script":"<script> [1562 bytes]","args":[{"selector":{"id":"application-manageresources-display-component---newResourceUnit--SHORT_TEXT","interaction":{"idSuffix":"inner"}},"wdio_ui5_key":"applicationmanageresources-display-component---newResourceUnit--SHORT_TEXT"}]}
RESULT: undefined
COMMAND: POST /session/2332ccd2e8bcc895b03cacebcf8e3681/execute/async - {"script":"<script> [776 bytes]","args":[{"enterText":"WdIOR2cEquips8cxa","selector":{"id":"application-manageresources-display-component---newResourceUnit--SHORT_TEXT","interaction":{"idSuffix":"inner"}},"clearTextFirst":true,"interactionType":"ENTER_TEXT"}]}
RESULT: {"script":"<script> [776 bytes]","args":[{"enterText":"WdIOR2cEquips8cxa","selector":{"id":"application-manageresources-display-component---newResourceUnit--SHORT_TEXT","interaction":{"idSuffix":"inner"}},"clearTextFirst":true,"interactionType":"ENTER_TEXT"}]}
COMMAND: POST /session/2332ccd2e8bcc895b03cacebcf8e3681/execute/async - {"script":"<script> [1562 bytes]","args":[{"selector":{"id":"application-manageresources-display-component---newResourceUnit--BASE_UNIT_OF_MEASURE","interaction":{"idSuffix":"inner"}},"wdio_ui5_key":"applicationmanageresources-display-component---newResourceUnit--BASE_UNIT_OF_MEASURE"}]}
RESULT: {"script":"<script> [1562 bytes]","args":[{"selector":{"id":"application-manageresources-display-component---newResourceUnit--BASE_UNIT_OF_MEASURE","interaction":{"idSuffix":"inner"}},"wdio_ui5_key":"applicationmanageresources-display-component---newResourceUnit--BASE_UNIT_OF_MEASURE"}]}
RESULT: undefined
COMMAND: POST /session/2332ccd2e8bcc895b03cacebcf8e3681/execute/async - {"script":"<script> [776 bytes]","args":[{"enterText":"Piece","selector":{"id":"application-manageresources-display-component---newResourceUnit--BASE_UNIT_OF_MEASURE","interaction":{"idSuffix":"inner"}},"clearTextFirst":true,"interactionType":"ENTER_TEXT"}]}
RESULT: {"script":"<script> [776 bytes]","args":[{"enterText":"Piece","selector":{"id":"application-manageresources-display-component---newResourceUnit--BASE_UNIT_OF_MEASURE","interaction":{"idSuffix":"inner"}},"clearTextFirst":true,"interactionType":"ENTER_TEXT"}]}
COMMAND: POST /session/2332ccd2e8bcc895b03cacebcf8e3681/execute/async - {"script":"<script> [1562 bytes]","args":[{"selector":{"id":"application-manageresources-display-component---newResourceUnit--WEIGHT_UNIT","interaction":{"idSuffix":"inner"}},"wdio_ui5_key":"applicationmanageresources-display-component---newResourceUnit--WEIGHT_UNIT"}]}
RESULT: {"script":"<script> [1562 bytes]","args":[{"selector":{"id":"application-manageresources-display-component---newResourceUnit--WEIGHT_UNIT","interaction":{"idSuffix":"inner"}},"wdio_ui5_key":"applicationmanageresources-display-component---newResourceUnit--WEIGHT_UNIT"}]}
RESULT: undefined
COMMAND: POST /session/2332ccd2e8bcc895b03cacebcf8e3681/execute/async - {"script":"<script> [776 bytes]","args":[{"enterText":"Gram","selector":{"id":"application-manageresources-display-component---newResourceUnit--WEIGHT_UNIT","interaction":{"idSuffix":"inner"}},"clearTextFirst":true,"interactionType":"ENTER_TEXT"}]}
RESULT: {"script":"<script> [776 bytes]","args":[{"enterText":"Gram","selector":{"id":"application-manageresources-display-component---newResourceUnit--WEIGHT_UNIT","interaction":{"idSuffix":"inner"}},"clearTextFirst":true,"interactionType":"ENTER_TEXT"}]}
COMMAND: POST /session/2332ccd2e8bcc895b03cacebcf8e3681/execute/async - {"script":"<script> [1562 bytes]","args":[{"selector":{"id":"application-manageresources-display-component---newResourceUnit--newRRUPage-OPHeaderContent-collapseBtn-img"},"wdio_ui5_key":"applicationmanageresources-display-component---newResourceUnit--newRRUPage-OPHeaderContent-collapseBtn-img"}]}
RESULT: {"script":"<script> [1562 bytes]","args":[{"selector":{"id":"application-manageresources-display-component---newResourceUnit--newRRUPage-OPHeaderContent-collapseBtn-img"},"wdio_ui5_key":"applicationmanageresources-display-component---newResourceUnit--newRRUPage-OPHeaderContent-collapseBtn-img"}]}
RESULT: undefined
COMMAND: POST /session/2332ccd2e8bcc895b03cacebcf8e3681/element - {"using":"xpath","value":"//*[@id=\"application-manageresources-display-component---newResourceUnit--newRRUPage-OPHeaderContent-collapseBtn-img\"]"}
RESULT: {"using":"xpath","value":"//*[@id=\"application-manageresources-display-component---newResourceUnit--newRRUPage-OPHeaderContent-collapseBtn-img\"]"}
COMMAND: POST /session/2332ccd2e8bcc895b03cacebcf8e3681/element/f.B01AE492A9312D985D5F46C9A0123422.d.C0E9408D3F980A9E1683B7674114EDDB.e.3539/click - {}
RESULT: {}
COMMAND: GET /session/2332ccd2e8bcc895b03cacebcf8e3681/screenshot - {}
RESULT: {}
COMMAND: POST /session/2332ccd2e8bcc895b03cacebcf8e3681/element - {"using":"xpath","value":"(//span[contains(@id ,\"application-manageresources-display-component---newResourceUnit--DIMENSION_UNIT-arrow\")])[1]"}
RESULT: {"using":"xpath","value":"(//span[contains(@id ,\"application-manageresources-display-component---newResourceUnit--DIMENSION_UNIT-arrow\")])[1]"}
COMMAND: POST /session/2332ccd2e8bcc895b03cacebcf8e3681/element/f.B01AE492A9312D985D5F46C9A0123422.d.C0E9408D3F980A9E1683B7674114EDDB.e.3663/click - {}
RESULT: {}
COMMAND: GET /session/2332ccd2e8bcc895b03cacebcf8e3681/screenshot - {}
RESULT: {}
COMMAND: POST /session/2332ccd2e8bcc895b03cacebcf8e3681/execute/async - {"script":"<script> [1562 bytes]","args":[{"selector":{"controlType":"sap.m.StandardListItem","viewName":"reusables.view.manageresources.NewResourceUnit","viewId":"application-manageresources-display-component---newResourceUnit","properties":{"title":"Centimeter"},"searchOpenDialogs":true,"interaction":{"idSuffix":"titleText"}},"wdio_ui5_key":"reusablesview.manageresources.NewResourceUnitsap.m.StandardListItem{\"title\":\"Centimeter\"}"}]}
RESULT: {"script":"<script> [1562 bytes]","args":[{"selector":{"controlType":"sap.m.StandardListItem","viewName":"reusables.view.manageresources.NewResourceUnit","viewId":"application-manageresources-display-component---newResourceUnit","properties":{"title":"Centimeter"},"searchOpenDialogs":true,"interaction":{"idSuffix":"titleText"}},"wdio_ui5_key":"reusablesview.manageresources.NewResourceUnitsap.m.StandardListItem{\"title\":\"Centimeter\"}"}]}
RESULT: undefined
COMMAND: POST /session/2332ccd2e8bcc895b03cacebcf8e3681/element - {"using":"xpath","value":"//*[@id=\"__item224\"]"}
RESULT: {"using":"xpath","value":"//*[@id=\"__item224\"]"}
COMMAND: POST /session/2332ccd2e8bcc895b03cacebcf8e3681/element/f.B01AE492A9312D985D5F46C9A0123422.d.C0E9408D3F980A9E1683B7674114EDDB.e.3665/click - {}
RESULT: {}
COMMAND: GET /session/2332ccd2e8bcc895b03cacebcf8e3681/screenshot - {}
RESULT: {}
COMMAND: POST /session/2332ccd2e8bcc895b03cacebcf8e3681/execute/async - {"script":"<script> [1562 bytes]","args":[{"selector":{"id":"application-manageresources-display-component---newResourceUnit--newRRUPage-anchBar-application-manageresources-display-component---newResourceUnit--control-anchor","interaction":{"idSuffix":"BDI-content"}},"wdio_ui5_key":"applicationmanageresources-display-component---newResourceUnit--newRRUPage-anchBar-application-manageresources-display-component---newResourceUnit--control-anchor"}]}
RESULT: {"script":"<script> [1562 bytes]","args":[{"selector":{"id":"application-manageresources-display-component---newResourceUnit--newRRUPage-anchBar-application-manageresources-display-component---newResourceUnit--control-anchor","interaction":{"idSuffix":"BDI-content"}},"wdio_ui5_key":"applicationmanageresources-display-component---newResourceUnit--newRRUPage-anchBar-application-manageresources-display-component---newResourceUnit--control-anchor"}]}
RESULT: undefined
COMMAND: POST /session/2332ccd2e8bcc895b03cacebcf8e3681/element - {"using":"xpath","value":"//*[@id=\"application-manageresources-display-component---newResourceUnit--newRRUPage-anchBar-application-manageresources-display-component---newResourceUnit--control-anchor\"]"}
RESULT: {"using":"xpath","value":"//*[@id=\"application-manageresources-display-component---newResourceUnit--newRRUPage-anchBar-application-manageresources-display-component---newResourceUnit--control-anchor\"]"}
COMMAND: POST /session/2332ccd2e8bcc895b03cacebcf8e3681/element/f.B01AE492A9312D985D5F46C9A0123422.d.C0E9408D3F980A9E1683B7674114EDDB.e.3667/click - {}
RESULT: {}
COMMAND: POST /session/2332ccd2e8bcc895b03cacebcf8e3681/execute/async - {"script":"<script> [1562 bytes]","args":[{"selector":{"id":"application-manageresources-display-component---newResourceUnit--PLANNING_GROUP","interaction":{"idSuffix":"inner"}},"wdio_ui5_key":"applicationmanageresources-display-component---newResourceUnit--PLANNING_GROUP"}]}
COMMAND: GET /session/2332ccd2e8bcc895b03cacebcf8e3681/screenshot - {}
RESULT: {"script":"<script> [1562 bytes]","args":[{"selector":{"id":"application-manageresources-display-component---newResourceUnit--PLANNING_GROUP","interaction":{"idSuffix":"inner"}},"wdio_ui5_key":"applicationmanageresources-display-component---newResourceUnit--PLANNING_GROUP"}]}
RESULT: undefined
COMMAND: POST /session/2332ccd2e8bcc895b03cacebcf8e3681/execute/async - {"script":"<script> [776 bytes]","args":[{"enterText":"Heavy Equi","selector":{"id":"application-manageresources-display-component---newResourceUnit--PLANNING_GROUP","interaction":{"idSuffix":"inner"}},"clearTextFirst":true,"interactionType":"ENTER_TEXT"}]}
RESULT: {}
RESULT: {"script":"<script> [776 bytes]","args":[{"enterText":"Heavy Equi","selector":{"id":"application-manageresources-display-component---newResourceUnit--PLANNING_GROUP","interaction":{"idSuffix":"inner"}},"clearTextFirst":true,"interactionType":"ENTER_TEXT"}]}
COMMAND: POST /session/2332ccd2e8bcc895b03cacebcf8e3681/execute/async - {"script":"<script> [1562 bytes]","args":[{"selector":{"id":"application-manageresources-display-component---newResourceUnit--ITEM_TYPE-arrow"},"wdio_ui5_key":"applicationmanageresources-display-component---newResourceUnit--ITEM_TYPE-arrow"}]}
RESULT: {"script":"<script> [1562 bytes]","args":[{"selector":{"id":"application-manageresources-display-component---newResourceUnit--ITEM_TYPE-arrow"},"wdio_ui5_key":"applicationmanageresources-display-component---newResourceUnit--ITEM_TYPE-arrow"}]}
RESULT: undefined
COMMAND: POST /session/2332ccd2e8bcc895b03cacebcf8e3681/element - {"using":"xpath","value":"//*[@id=\"application-manageresources-display-component---newResourceUnit--ITEM_TYPE-arrow\"]"}
RESULT: {"using":"xpath","value":"//*[@id=\"application-manageresources-display-component---newResourceUnit--ITEM_TYPE-arrow\"]"}
COMMAND: POST /session/2332ccd2e8bcc895b03cacebcf8e3681/element/f.B01AE492A9312D985D5F46C9A0123422.d.C0E9408D3F980A9E1683B7674114EDDB.e.3672/click - {}
RESULT: {}
COMMAND: POST /session/2332ccd2e8bcc895b03cacebcf8e3681/execute/async - {"script":"<script> [1562 bytes]","args":[{"selector":{"controlType":"sap.m.StandardListItem","viewName":"reusables.view.manageresources.NewResourceUnit","viewId":"application-manageresources-display-component---newResourceUnit","properties":{"title":"Resource Unit"},"searchOpenDialogs":true,"interaction":{"idSuffix":"titleText"}},"wdio_ui5_key":"reusablesview.manageresources.NewResourceUnitsap.m.StandardListItem{\"title\":\"Resource Unit\"}"}]}
COMMAND: GET /session/2332ccd2e8bcc895b03cacebcf8e3681/screenshot - {}
RESULT: {"script":"<script> [1562 bytes]","args":[{"selector":{"controlType":"sap.m.StandardListItem","viewName":"reusables.view.manageresources.NewResourceUnit","viewId":"application-manageresources-display-component---newResourceUnit","properties":{"title":"Resource Unit"},"searchOpenDialogs":true,"interaction":{"idSuffix":"titleText"}},"wdio_ui5_key":"reusablesview.manageresources.NewResourceUnitsap.m.StandardListItem{\"title\":\"Resource Unit\"}"}]}
RESULT: undefined
COMMAND: POST /session/2332ccd2e8bcc895b03cacebcf8e3681/element - {"using":"xpath","value":"//*[@id=\"__item246\"]"}
RESULT: {}
RESULT: {"using":"xpath","value":"//*[@id=\"__item246\"]"}
COMMAND: POST /session/2332ccd2e8bcc895b03cacebcf8e3681/element/f.B01AE492A9312D985D5F46C9A0123422.d.C0E9408D3F980A9E1683B7674114EDDB.e.3674/click - {}
RESULT: {}
COMMAND: POST /session/2332ccd2e8bcc895b03cacebcf8e3681/element - {"using":"xpath","value":"//bdi[contains(text(), \"Time Segment\")]"}
COMMAND: GET /session/2332ccd2e8bcc895b03cacebcf8e3681/screenshot - {}
RESULT: {"using":"xpath","value":"//bdi[contains(text(), \"Time Segment\")]"}
COMMAND: GET /session/2332ccd2e8bcc895b03cacebcf8e3681/element/f.B01AE492A9312D985D5F46C9A0123422.d.C0E9408D3F980A9E1683B7674114EDDB.e.3675/rect - {}
RESULT: {}
RESULT: {}
COMMAND: GET /session/2332ccd2e8bcc895b03cacebcf8e3681/window/rect - {}
RESULT: {}
COMMAND: POST /session/2332ccd2e8bcc895b03cacebcf8e3681/execute/sync - {"script":"<script> [92 bytes]","args":[]}
RESULT: {"script":"<script> [92 bytes]","args":[]}
COMMAND: POST /session/2332ccd2e8bcc895b03cacebcf8e3681/actions - {"actions":[{"id":"action7","type":"wheel","parameters":{},"actions":[{"type":"scroll","x":-1820,"y":-21,"deltaX":0,"deltaY":0,"duration":0,"origin":{"element-6066-11e4-a52e-4f735466cecf":"f.B01AE492A9312D985D5F46C9A0123422.d.C0E9408D3F980A9E1683B7674114EDDB.e.3675"}}]}]}
COMMAND: GET /session/2332ccd2e8bcc895b03cacebcf8e3681/screenshot - {}
RESULT: {}
COMMAND: POST /session/2332ccd2e8bcc895b03cacebcf8e3681/execute/sync - {"script":"<script> [79 bytes]","args":[{"element-6066-11e4-a52e-4f735466cecf":"f.B01AE492A9312D985D5F46C9A0123422.d.C0E9408D3F980A9E1683B7674114EDDB.e.3675","ELEMENT":"f.B01AE492A9312D985D5F46C9A0123422.d.C0E9408D3F980A9E1683B7674114EDDB.e.3675"},{"block":"start","inline":"nearest"}]}
RESULT: {"script":"<script> [79 bytes]","args":[{"element-6066-11e4-a52e-4f735466cecf":"f.B01AE492A9312D985D5F46C9A0123422.d.C0E9408D3F980A9E1683B7674114EDDB.e.3675","ELEMENT":"f.B01AE492A9312D985D5F46C9A0123422.d.C0E9408D3F980A9E1683B7674114EDDB.e.3675"},{"block":"start","inline":"nearest"}]}
COMMAND: POST /session/2332ccd2e8bcc895b03cacebcf8e3681/execute/async - {"script":"<script> [1562 bytes]","args":[{"selector":{"id":"application-manageresources-display-component---newResourceUnit--btnAddTimeSegment-img"},"wdio_ui5_key":"applicationmanageresources-display-component---newResourceUnit--btnAddTimeSegment-img"}]}
COMMAND: GET /session/2332ccd2e8bcc895b03cacebcf8e3681/screenshot - {}
RESULT: {"script":"<script> [1562 bytes]","args":[{"selector":{"id":"application-manageresources-display-component---newResourceUnit--btnAddTimeSegment-img"},"wdio_ui5_key":"applicationmanageresources-display-component---newResourceUnit--btnAddTimeSegment-img"}]}
RESULT: undefined
COMMAND: POST /session/2332ccd2e8bcc895b03cacebcf8e3681/element - {"using":"xpath","value":"//*[@id=\"application-manageresources-display-component---newResourceUnit--btnAddTimeSegment-img\"]"}
RESULT: {}
RESULT: {"using":"xpath","value":"//*[@id=\"application-manageresources-display-component---newResourceUnit--btnAddTimeSegment-img\"]"}
COMMAND: POST /session/2332ccd2e8bcc895b03cacebcf8e3681/element/f.B01AE492A9312D985D5F46C9A0123422.d.C0E9408D3F980A9E1683B7674114EDDB.e.3678/click - {}
RESULT: {}
COMMAND: GET /session/2332ccd2e8bcc895b03cacebcf8e3681/screenshot - {}
RESULT: {}
COMMAND: POST /session/2332ccd2e8bcc895b03cacebcf8e3681/element - {"using":"xpath","value":"//input[@id=\"application-manageresources-display-component---newResourceUnit--idRuTSAdmin-application-manageresources-display-component---newResourceUnit--RUTimeSegment-0-inner\"]"}
RESULT: {"using":"xpath","value":"//input[@id=\"application-manageresources-display-component---newResourceUnit--idRuTSAdmin-application-manageresources-display-component---newResourceUnit--RUTimeSegment-0-inner\"]"}
COMMAND: POST /session/2332ccd2e8bcc895b03cacebcf8e3681/element/f.B01AE492A9312D985D5F46C9A0123422.d.C0E9408D3F980A9E1683B7674114EDDB.e.3682/clear - {}
RESULT: {}
COMMAND: POST /session/2332ccd2e8bcc895b03cacebcf8e3681/element/f.B01AE492A9312D985D5F46C9A0123422.d.C0E9408D3F980A9E1683B7674114EDDB.e.3682/value - {"text":"WebdriverYardolz1a"}
COMMAND: GET /session/2332ccd2e8bcc895b03cacebcf8e3681/screenshot - {}
RESULT: {"text":"WebdriverYardolz1a"}
COMMAND: GET /session/2332ccd2e8bcc895b03cacebcf8e3681/screenshot - {}
RESULT: {}
RESULT: {}
COMMAND: POST /session/2332ccd2e8bcc895b03cacebcf8e3681/actions - {"actions":[{"id":"action8","type":"key","parameters":{},"actions":[{"type":"keyDown","value":"î€‡"},{"type":"pause","duration":10},{"type":"keyUp","value":"î€‡"}]}]}
RESULT: {"actions":[{"id":"action8","type":"key","parameters":{},"actions":[{"type":"keyDown","value":"î€‡"},{"type":"pause","duration":10},{"type":"keyUp","value":"î€‡"}]}]}
COMMAND: POST /session/2332ccd2e8bcc895b03cacebcf8e3681/execute/async - {"script":"<script> [1562 bytes]","args":[{"selector":{"controlType":"sap.ui.core.Icon","viewName":"reusables.view.manageresources.NewResourceUnit","viewId":"application-manageresources-display-component---newResourceUnit","properties":{"src":{"regex":{"source":"slim\\-arrow\\-down"}}},"ancestor":{"controlType":"sap.m.ComboBox","viewName":"reusables.view.manageresources.NewResourceUnit","viewId":"application-manageresources-display-component---newResourceUnit","bindingPath":{"path":"/RESOURCE_UNIT_TIME_SEQUENCES/0","propertyPath":"COST_OBJECT_ADMIN_CST_TYPE","modelName":"oNewRruModel"}}},"wdio_ui5_key":"reusablesview.manageresources.NewResourceUnitsap.ui.core.Icon{\"src\":{\"regex\":{\"source\":\"slim\\\\-arrow\\\\-down\"}}}{\"controlType\":\"sap.m.ComboBox\",\"viewName\":\"reusables.view.manageresources.NewResourceUnit\",\"viewId\":\"application-manageresources-display-component---newResourceUnit\",\"bindingPath\":{\"path\":\"/RESOURCE_UNIT_TIME_SEQUENCES/0\",\"propertyPath\":\"COST_OBJECT_ADMIN_CST_TYPE\",\"modelName\":\"oNewRruModel\"}}"}]}
COMMAND: GET /session/2332ccd2e8bcc895b03cacebcf8e3681/screenshot - {}
RESULT: {"script":"<script> [1562 bytes]","args":[{"selector":{"controlType":"sap.ui.core.Icon","viewName":"reusables.view.manageresources.NewResourceUnit","viewId":"application-manageresources-display-component---newResourceUnit","properties":{"src":{"regex":{"source":"slim\\-arrow\\-down"}}},"ancestor":{"controlType":"sap.m.ComboBox","viewName":"reusables.view.manageresources.NewResourceUnit","viewId":"application-manageresources-display-component---newResourceUnit","bindingPath":{"path":"/RESOURCE_UNIT_TIME_SEQUENCES/0","propertyPath":"COST_OBJECT_ADMIN_CST_TYPE","modelName":"oNewRruModel"}}},"wdio_ui5_key":"reusablesview.manageresources.NewResourceUnitsap.ui.core.Icon{\"src\":{\"regex\":{\"source\":\"slim\\\\-arrow\\\\-down\"}}}{\"controlType\":\"sap.m.ComboBox\",\"viewName\":\"reusables.view.manageresources.NewResourceUnit\",\"viewId\":\"application-manageresources-display-component---newResourceUnit\",\"bindingPath\":{\"path\":\"/RESOURCE_UNIT_TIME_SEQUENCES/0\",\"propertyPath\":\"COST_OBJECT_ADMIN_CST_TYPE\",\"modelName\":\"oNewRruModel\"}}"}]}
RESULT: undefined
COMMAND: POST /session/2332ccd2e8bcc895b03cacebcf8e3681/element - {"using":"xpath","value":"//*[@id=\"__box7-application-manageresources-display-component---newResourceUnit--RUTimeSegment-0-arrow\"]"}
RESULT: {}
RESULT: {"using":"xpath","value":"//*[@id=\"__box7-application-manageresources-display-component---newResourceUnit--RUTimeSegment-0-arrow\"]"}
COMMAND: POST /session/2332ccd2e8bcc895b03cacebcf8e3681/element/f.B01AE492A9312D985D5F46C9A0123422.d.C0E9408D3F980A9E1683B7674114EDDB.e.3694/click - {}
RESULT: {}
COMMAND: POST /session/2332ccd2e8bcc895b03cacebcf8e3681/execute/async - {"script":"<script> [1562 bytes]","args":[{"selector":{"controlType":"sap.m.StandardListItem","viewName":"reusables.view.manageresources.NewResourceUnit","viewId":"application-manageresources-display-component---newResourceUnit","properties":{"title":"PM Order"},"searchOpenDialogs":true,"interaction":{"idSuffix":"titleText"}},"wdio_ui5_key":"reusablesview.manageresources.NewResourceUnitsap.m.StandardListItem{\"title\":\"PM Order\"}"}]}
COMMAND: GET /session/2332ccd2e8bcc895b03cacebcf8e3681/screenshot - {}
RESULT: {"script":"<script> [1562 bytes]","args":[{"selector":{"controlType":"sap.m.StandardListItem","viewName":"reusables.view.manageresources.NewResourceUnit","viewId":"application-manageresources-display-component---newResourceUnit","properties":{"title":"PM Order"},"searchOpenDialogs":true,"interaction":{"idSuffix":"titleText"}},"wdio_ui5_key":"reusablesview.manageresources.NewResourceUnitsap.m.StandardListItem{\"title\":\"PM Order\"}"}]}
RESULT: undefined
COMMAND: POST /session/2332ccd2e8bcc895b03cacebcf8e3681/element - {"using":"xpath","value":"//*[@id=\"__item497\"]"}
RESULT: {}
RESULT: {"using":"xpath","value":"//*[@id=\"__item497\"]"}
COMMAND: POST /session/2332ccd2e8bcc895b03cacebcf8e3681/element/f.B01AE492A9312D985D5F46C9A0123422.d.C0E9408D3F980A9E1683B7674114EDDB.e.3698/click - {}
RESULT: {}
COMMAND: GET /session/2332ccd2e8bcc895b03cacebcf8e3681/screenshot - {}
RESULT: {}
COMMAND: POST /session/2332ccd2e8bcc895b03cacebcf8e3681/element - {"using":"xpath","value":"(//input[contains(@id ,\"-application-manageresources-display-component---newResourceUnit--RUTimeSegment-0-inner\")])[8]"}
RESULT: {"using":"xpath","value":"(//input[contains(@id ,\"-application-manageresources-display-component---newResourceUnit--RUTimeSegment-0-inner\")])[8]"}
COMMAND: POST /session/2332ccd2e8bcc895b03cacebcf8e3681/element/f.B01AE492A9312D985D5F46C9A0123422.d.C0E9408D3F980A9E1683B7674114EDDB.e.3701/clear - {}
RESULT: {}
COMMAND: POST /session/2332ccd2e8bcc895b03cacebcf8e3681/element/f.B01AE492A9312D985D5F46C9A0123422.d.C0E9408D3F980A9E1683B7674114EDDB.e.3701/value - {"text":"4000360"}
COMMAND: GET /session/2332ccd2e8bcc895b03cacebcf8e3681/screenshot - {}
RESULT: {"text":"4000360"}
COMMAND: GET /session/2332ccd2e8bcc895b03cacebcf8e3681/screenshot - {}
RESULT: {}
RESULT: {}
COMMAND: POST /session/2332ccd2e8bcc895b03cacebcf8e3681/actions - {"actions":[{"id":"action9","type":"key","parameters":{},"actions":[{"type":"keyDown","value":"î€‡"},{"type":"pause","duration":10},{"type":"keyUp","value":"î€‡"}]}]}
RESULT: {"actions":[{"id":"action9","type":"key","parameters":{},"actions":[{"type":"keyDown","value":"î€‡"},{"type":"pause","duration":10},{"type":"keyUp","value":"î€‡"}]}]}
COMMAND: GET /session/2332ccd2e8bcc895b03cacebcf8e3681/screenshot - {}
RESULT: {}
COMMAND: POST /session/2332ccd2e8bcc895b03cacebcf8e3681/element - {"using":"xpath","value":"//input[contains(@id ,\"application-manageresources-display-component---newResourceUnit--newTimeSegmentFromDatePicker-application-manageresources-display-component---newResourceUnit--RUTimeSegment-0-inner\")]"}
RESULT: {"using":"xpath","value":"//input[contains(@id ,\"application-manageresources-display-component---newResourceUnit--newTimeSegmentFromDatePicker-application-manageresources-display-component---newResourceUnit--RUTimeSegment-0-inner\")]"}
COMMAND: POST /session/2332ccd2e8bcc895b03cacebcf8e3681/element/f.B01AE492A9312D985D5F46C9A0123422.d.C0E9408D3F980A9E1683B7674114EDDB.e.3689/clear - {}
RESULT: {}
COMMAND: POST /session/2332ccd2e8bcc895b03cacebcf8e3681/element/f.B01AE492A9312D985D5F46C9A0123422.d.C0E9408D3F980A9E1683B7674114EDDB.e.3689/clear - {}
COMMAND: GET /session/2332ccd2e8bcc895b03cacebcf8e3681/screenshot - {}
RESULT: {}
COMMAND: POST /session/2332ccd2e8bcc895b03cacebcf8e3681/element/f.B01AE492A9312D985D5F46C9A0123422.d.C0E9408D3F980A9E1683B7674114EDDB.e.3689/value - {"text":"05/28/24"}
COMMAND: GET /session/2332ccd2e8bcc895b03cacebcf8e3681/screenshot - {}
RESULT: {}
RESULT: {"text":"05/28/24"}
COMMAND: POST /session/2332ccd2e8bcc895b03cacebcf8e3681/execute/async - {"script":"<script> [1562 bytes]","args":[{"selector":{"id":"application-manageresources-display-component---newResourceUnit--newRRUPage-anchBar-application-manageresources-display-component---newResourceUnit--resource-anchor","interaction":{"idSuffix":"BDI-content"}},"wdio_ui5_key":"applicationmanageresources-display-component---newResourceUnit--newRRUPage-anchBar-application-manageresources-display-component---newResourceUnit--resource-anchor"}]}
COMMAND: GET /session/2332ccd2e8bcc895b03cacebcf8e3681/screenshot - {}
RESULT: {}
RESULT: {"script":"<script> [1562 bytes]","args":[{"selector":{"id":"application-manageresources-display-component---newResourceUnit--newRRUPage-anchBar-application-manageresources-display-component---newResourceUnit--resource-anchor","interaction":{"idSuffix":"BDI-content"}},"wdio_ui5_key":"applicationmanageresources-display-component---newResourceUnit--newRRUPage-anchBar-application-manageresources-display-component---newResourceUnit--resource-anchor"}]}
RESULT: undefined
COMMAND: POST /session/2332ccd2e8bcc895b03cacebcf8e3681/element - {"using":"xpath","value":"//*[@id=\"application-manageresources-display-component---newResourceUnit--newRRUPage-anchBar-application-manageresources-display-component---newResourceUnit--resource-anchor\"]"}
RESULT: {}
RESULT: {"using":"xpath","value":"//*[@id=\"application-manageresources-display-component---newResourceUnit--newRRUPage-anchBar-application-manageresources-display-component---newResourceUnit--resource-anchor\"]"}
COMMAND: POST /session/2332ccd2e8bcc895b03cacebcf8e3681/element/f.B01AE492A9312D985D5F46C9A0123422.d.C0E9408D3F980A9E1683B7674114EDDB.e.3722/click - {}
RESULT: {}
COMMAND: POST /session/2332ccd2e8bcc895b03cacebcf8e3681/execute/async - {"script":"<script> [1562 bytes]","args":[{"selector":{"id":"application-manageresources-display-component---newResourceUnit--PLANNED_DELIVERY_DATE","interaction":{"idSuffix":"inner"}},"wdio_ui5_key":"applicationmanageresources-display-component---newResourceUnit--PLANNED_DELIVERY_DATE"}]}
COMMAND: GET /session/2332ccd2e8bcc895b03cacebcf8e3681/screenshot - {}
RESULT: {"script":"<script> [1562 bytes]","args":[{"selector":{"id":"application-manageresources-display-component---newResourceUnit--PLANNED_DELIVERY_DATE","interaction":{"idSuffix":"inner"}},"wdio_ui5_key":"applicationmanageresources-display-component---newResourceUnit--PLANNED_DELIVERY_DATE"}]}
RESULT: undefined
COMMAND: POST /session/2332ccd2e8bcc895b03cacebcf8e3681/execute/async - {"script":"<script> [6424 bytes]","args":[{"element-6066-11e4-a52e-4f735466cecf":"f.B01AE492A9312D985D5F46C9A0123422.d.C0E9408D3F980A9E1683B7674114EDDB.e.3584"},"setValue",["05/28/24"]]}
RESULT: {}
RESULT: {"script":"<script> [6424 bytes]","args":[{"element-6066-11e4-a52e-4f735466cecf":"f.B01AE492A9312D985D5F46C9A0123422.d.C0E9408D3F980A9E1683B7674114EDDB.e.3584"},"setValue",["05/28/24"]]}
COMMAND: POST /session/2332ccd2e8bcc895b03cacebcf8e3681/execute/async - {"script":"<script> [1562 bytes]","args":[{"selector":{"id":"application-manageresources-display-component---newResourceUnit--RETIRE_PLANNED_DATE","interaction":{"idSuffix":"inner"}},"wdio_ui5_key":"applicationmanageresources-display-component---newResourceUnit--RETIRE_PLANNED_DATE"}]}
RESULT: {"script":"<script> [1562 bytes]","args":[{"selector":{"id":"application-manageresources-display-component---newResourceUnit--RETIRE_PLANNED_DATE","interaction":{"idSuffix":"inner"}},"wdio_ui5_key":"applicationmanageresources-display-component---newResourceUnit--RETIRE_PLANNED_DATE"}]}
RESULT: undefined
COMMAND: POST /session/2332ccd2e8bcc895b03cacebcf8e3681/execute/async - {"script":"<script> [776 bytes]","args":[{"enterText":"3/14/29","selector":{"id":"application-manageresources-display-component---newResourceUnit--RETIRE_PLANNED_DATE","interaction":{"idSuffix":"inner"}},"clearTextFirst":true,"interactionType":"ENTER_TEXT"}]}
RESULT: {"script":"<script> [776 bytes]","args":[{"enterText":"3/14/29","selector":{"id":"application-manageresources-display-component---newResourceUnit--RETIRE_PLANNED_DATE","interaction":{"idSuffix":"inner"}},"clearTextFirst":true,"interactionType":"ENTER_TEXT"}]}
COMMAND: POST /session/2332ccd2e8bcc895b03cacebcf8e3681/execute/async - {"script":"<script> [1562 bytes]","args":[{"selector":{"controlType":"sap.m.Button","viewName":"reusables.view.manageresources.NewResourceUnit","viewId":"application-manageresources-display-component---newResourceUnit","i18NText":{"propertyName":"tooltip","key":"save"},"interaction":{"idSuffix":"BDI-content"}},"wdio_ui5_key":"reusablesview.manageresources.NewResourceUnitsap.m.Button{\"propertyName\":\"tooltip\",\"key\":\"save\"}"}]}
RESULT: {"script":"<script> [1562 bytes]","args":[{"selector":{"controlType":"sap.m.Button","viewName":"reusables.view.manageresources.NewResourceUnit","viewId":"application-manageresources-display-component---newResourceUnit","i18NText":{"propertyName":"tooltip","key":"save"},"interaction":{"idSuffix":"BDI-content"}},"wdio_ui5_key":"reusablesview.manageresources.NewResourceUnitsap.m.Button{\"propertyName\":\"tooltip\",\"key\":\"save\"}"}]}
RESULT: undefined
COMMAND: POST /session/2332ccd2e8bcc895b03cacebcf8e3681/element - {"using":"xpath","value":"//*[@id=\"application-manageresources-display-component---newResourceUnit--createRuButton\"]"}
RESULT: {"using":"xpath","value":"//*[@id=\"application-manageresources-display-component---newResourceUnit--createRuButton\"]"}
COMMAND: POST /session/2332ccd2e8bcc895b03cacebcf8e3681/element/f.B01AE492A9312D985D5F46C9A0123422.d.C0E9408D3F980A9E1683B7674114EDDB.e.3545/click - {}
RESULT: {}
COMMAND: GET /session/2332ccd2e8bcc895b03cacebcf8e3681/screenshot - {}
RESULT: {}
COMMAND: POST /session/2332ccd2e8bcc895b03cacebcf8e3681/execute/async - {"script":"<script> [1562 bytes]","args":[{"selector":{"controlType":"sap.m.Button","properties":{"text":"Close"},"searchOpenDialogs":true,"interaction":{"idSuffix":"inner"}},"wdio_ui5_key":"sapm.Button{\"text\":\"Close\"}"}]}
RESULT: {"script":"<script> [1562 bytes]","args":[{"selector":{"controlType":"sap.m.Button","properties":{"text":"Close"},"searchOpenDialogs":true,"interaction":{"idSuffix":"inner"}},"wdio_ui5_key":"sapm.Button{\"text\":\"Close\"}"}]}
RESULT: undefined
COMMAND: POST /session/2332ccd2e8bcc895b03cacebcf8e3681/element - {"using":"xpath","value":"//*[@id=\"__mbox-btn-0\"]"}
RESULT: {"using":"xpath","value":"//*[@id=\"__mbox-btn-0\"]"}
COMMAND: POST /session/2332ccd2e8bcc895b03cacebcf8e3681/element/f.B01AE492A9312D985D5F46C9A0123422.d.C0E9408D3F980A9E1683B7674114EDDB.e.3729/click - {}
RESULT: {}
COMMAND: GET /session/2332ccd2e8bcc895b03cacebcf8e3681/screenshot - {}
RESULT: {}
COMMAND: POST /session/2332ccd2e8bcc895b03cacebcf8e3681/execute/async - {"script":"<script> [1562 bytes]","args":[{"selector":{"controlType":"sap.m.Text","viewName":"etm.portal.ui.manageresources.view.Detail","viewId":"application-manageresources-display-component---detailRU","bindingPath":{"propertyPath":"ID","modelName":"catalogModel"}},"wdio_ui5_key":"etmportal.ui.manageresources.view.Detailsap.m.Text{\"propertyPath\":\"ID\",\"modelName\":\"catalogModel\"}"}]}
RESULT: {"script":"<script> [1562 bytes]","args":[{"selector":{"controlType":"sap.m.Text","viewName":"etm.portal.ui.manageresources.view.Detail","viewId":"application-manageresources-display-component---detailRU","bindingPath":{"propertyPath":"ID","modelName":"catalogModel"}},"wdio_ui5_key":"etmportal.ui.manageresources.view.Detailsap.m.Text{\"propertyPath\":\"ID\",\"modelName\":\"catalogModel\"}"}]}
RESULT: undefined
COMMAND: POST /session/2332ccd2e8bcc895b03cacebcf8e3681/execute/async - {"script":"<script> [6424 bytes]","args":[{"element-6066-11e4-a52e-4f735466cecf":"f.B01AE492A9312D985D5F46C9A0123422.d.C0E9408D3F980A9E1683B7674114EDDB.e.3763"},"getText",[]]}
RESULT: {"script":"<script> [6424 bytes]","args":[{"element-6066-11e4-a52e-4f735466cecf":"f.B01AE492A9312D985D5F46C9A0123422.d.C0E9408D3F980A9E1683B7674114EDDB.e.3763"},"getText",[]]}
COMMAND: POST /session/2332ccd2e8bcc895b03cacebcf8e3681/element - {"using":"css selector","value":"#shell-header-logo"}
RESULT: {"using":"css selector","value":"#shell-header-logo"}
COMMAND: POST /session/2332ccd2e8bcc895b03cacebcf8e3681/element/f.B01AE492A9312D985D5F46C9A0123422.d.C0E9408D3F980A9E1683B7674114EDDB.e.3319/click - {}
RESULT: {}
COMMAND: GET /session/2332ccd2e8bcc895b03cacebcf8e3681/screenshot - {}
RESULT: {}
COMMAND: POST /session/2332ccd2e8bcc895b03cacebcf8e3681/execute/async - {"script":"<script> [1562 bytes]","args":[{"selector":{"controlType":"sap.m.GenericTile","properties":{"header":"Manage Catalogs"}},"wdio_ui5_key":"sapm.GenericTile{\"header\":\"Manage Catalogs\"}"}]}
RESULT: {"script":"<script> [1562 bytes]","args":[{"selector":{"controlType":"sap.m.GenericTile","properties":{"header":"Manage Catalogs"}},"wdio_ui5_key":"sapm.GenericTile{\"header\":\"Manage Catalogs\"}"}]}
RESULT: undefined
COMMAND: POST /session/2332ccd2e8bcc895b03cacebcf8e3681/element - {"using":"xpath","value":"//*[@id=\"__tile37\"]"}
RESULT: {"using":"xpath","value":"//*[@id=\"__tile37\"]"}
COMMAND: POST /session/2332ccd2e8bcc895b03cacebcf8e3681/element/f.B01AE492A9312D985D5F46C9A0123422.d.C0E9408D3F980A9E1683B7674114EDDB.e.3765/click - {}
RESULT: {}
COMMAND: GET /session/2332ccd2e8bcc895b03cacebcf8e3681/screenshot - {}
RESULT: {}
COMMAND: POST /session/2332ccd2e8bcc895b03cacebcf8e3681/execute/async - {"script":"<script> [1562 bytes]","args":[{"selector":{"controlType":"sap.m.Text","viewName":"etm.portal.ui.managecatalogs.view.MasterCatalogs","viewId":"application-managecatalogs-display-component---masterCatalogs","bindingPath":{"path":"/Catalogs('0D7502D073D53A0F1700BE067B89AFF9')","propertyPath":"DESCRIPTION","modelName":"catalogModel"}},"wdio_ui5_key":"etmportal.ui.managecatalogs.view.MasterCatalogssap.m.Text{\"path\":\"/Catalogs('0D7502D073D53A0F1700BE067B89AFF9')\",\"propertyPath\":\"DESCRIPTION\",\"modelName\":\"catalogModel\"}"}]}
RESULT: {"script":"<script> [1562 bytes]","args":[{"selector":{"controlType":"sap.m.Text","viewName":"etm.portal.ui.managecatalogs.view.MasterCatalogs","viewId":"application-managecatalogs-display-component---masterCatalogs","bindingPath":{"path":"/Catalogs('0D7502D073D53A0F1700BE067B89AFF9')","propertyPath":"DESCRIPTION","modelName":"catalogModel"}},"wdio_ui5_key":"etmportal.ui.managecatalogs.view.MasterCatalogssap.m.Text{\"path\":\"/Catalogs('0D7502D073D53A0F1700BE067B89AFF9')\",\"propertyPath\":\"DESCRIPTION\",\"modelName\":\"catalogModel\"}"}]}
RESULT: undefined
COMMAND: POST /session/2332ccd2e8bcc895b03cacebcf8e3681/element - {"using":"xpath","value":"//*[@id=\"__text939-application-managecatalogs-display-component---masterCatalogs--CatalogsTable-11\"]"}
RESULT: {"using":"xpath","value":"//*[@id=\"__text939-application-managecatalogs-display-component---masterCatalogs--CatalogsTable-11\"]"}
COMMAND: POST /session/2332ccd2e8bcc895b03cacebcf8e3681/element/f.B01AE492A9312D985D5F46C9A0123422.d.C0E9408D3F980A9E1683B7674114EDDB.e.3836/click - {}
RESULT: {}
COMMAND: POST /session/2332ccd2e8bcc895b03cacebcf8e3681/execute/async - {"script":"<script> [1562 bytes]","args":[{"selector":{"controlType":"sap.ui.layout.HorizontalLayout","viewName":"etm.portal.ui.managecatalogs.view.MasterItems","viewId":"application-managecatalogs-display-component---masterCatalogItems","ancestor":{"id":"application-managecatalogs-display-component---masterCatalogItems--idCatalogItemsTree-rows-row0"}},"wdio_ui5_key":"etmportal.ui.managecatalogs.view.MasterItemssap.ui.layout.HorizontalLayout{\"id\":\"application-managecatalogs-display-component---masterCatalogItems--idCatalogItemsTree-rows-row0\"}"}]}
COMMAND: GET /session/2332ccd2e8bcc895b03cacebcf8e3681/screenshot - {}
RESULT: {"script":"<script> [1562 bytes]","args":[{"selector":{"controlType":"sap.ui.layout.HorizontalLayout","viewName":"etm.portal.ui.managecatalogs.view.MasterItems","viewId":"application-managecatalogs-display-component---masterCatalogItems","ancestor":{"id":"application-managecatalogs-display-component---masterCatalogItems--idCatalogItemsTree-rows-row0"}},"wdio_ui5_key":"etmportal.ui.managecatalogs.view.MasterItemssap.ui.layout.HorizontalLayout{\"id\":\"application-managecatalogs-display-component---masterCatalogItems--idCatalogItemsTree-rows-row0\"}"}]}
RESULT: undefined
COMMAND: POST /session/2332ccd2e8bcc895b03cacebcf8e3681/element - {"using":"xpath","value":"//*[@id=\"__layout280-__clone1393\"]"}
RESULT: {}
RESULT: {"using":"xpath","value":"//*[@id=\"__layout280-__clone1393\"]"}
COMMAND: POST /session/2332ccd2e8bcc895b03cacebcf8e3681/element/f.B01AE492A9312D985D5F46C9A0123422.d.C0E9408D3F980A9E1683B7674114EDDB.e.3870/click - {}
RESULT: {}
COMMAND: GET /session/2332ccd2e8bcc895b03cacebcf8e3681/screenshot - {}
COMMAND: POST /session/2332ccd2e8bcc895b03cacebcf8e3681/execute/async - {"script":"<script> [1562 bytes]","args":[{"selector":{"controlType":"sap.m.Button","viewName":"etm.portal.ui.managecatalogs.view.Detail","viewId":"application-managecatalogs-display-component---detailCatalog","i18NText":{"propertyName":"text","key":"edit"},"interaction":{"idSuffix":"BDI-content"}},"wdio_ui5_key":"etmportal.ui.managecatalogs.view.Detailsap.m.Button{\"propertyName\":\"text\",\"key\":\"edit\"}"}]}
RESULT: {}
RESULT: {"script":"<script> [1562 bytes]","args":[{"selector":{"controlType":"sap.m.Button","viewName":"etm.portal.ui.managecatalogs.view.Detail","viewId":"application-managecatalogs-display-component---detailCatalog","i18NText":{"propertyName":"text","key":"edit"},"interaction":{"idSuffix":"BDI-content"}},"wdio_ui5_key":"etmportal.ui.managecatalogs.view.Detailsap.m.Button{\"propertyName\":\"text\",\"key\":\"edit\"}"}]}
RESULT: undefined
COMMAND: POST /session/2332ccd2e8bcc895b03cacebcf8e3681/element - {"using":"xpath","value":"//*[@id=\"__button122\"]"}
RESULT: {"using":"xpath","value":"//*[@id=\"__button122\"]"}
COMMAND: POST /session/2332ccd2e8bcc895b03cacebcf8e3681/element/f.B01AE492A9312D985D5F46C9A0123422.d.C0E9408D3F980A9E1683B7674114EDDB.e.3988/click - {}
RESULT: {}
COMMAND: GET /session/2332ccd2e8bcc895b03cacebcf8e3681/screenshot - {}
RESULT: {}
COMMAND: POST /session/2332ccd2e8bcc895b03cacebcf8e3681/element - {"using":"xpath","value":"//bdi[contains(text(), \"Unlock\")]"}
RESULT: {"using":"xpath","value":"//bdi[contains(text(), \"Unlock\")]"}
COMMAND: POST /session/2332ccd2e8bcc895b03cacebcf8e3681/elements - {"using":"xpath","value":"//bdi[contains(text(), \"Unlock\")]"}
RESULT: {"using":"xpath","value":"//bdi[contains(text(), \"Unlock\")]"}
COMMAND: POST /session/2332ccd2e8bcc895b03cacebcf8e3681/execute/async - {"script":"<script> [1562 bytes]","args":[{"selector":{"controlType":"sap.ui.core.Icon","viewName":"etm.portal.ui.managecatalogs.view.Detail","viewId":"application-managecatalogs-display-component---detailCatalog","properties":{"src":{"regex":{"source":"add\\-folder"}}}},"wdio_ui5_key":"etmportal.ui.managecatalogs.view.Detailsap.ui.core.Icon{\"src\":{\"regex\":{\"source\":\"add\\\\-folder\"}}}"}]}
RESULT: {"script":"<script> [1562 bytes]","args":[{"selector":{"controlType":"sap.ui.core.Icon","viewName":"etm.portal.ui.managecatalogs.view.Detail","viewId":"application-managecatalogs-display-component---detailCatalog","properties":{"src":{"regex":{"source":"add\\-folder"}}}},"wdio_ui5_key":"etmportal.ui.managecatalogs.view.Detailsap.ui.core.Icon{\"src\":{\"regex\":{\"source\":\"add\\\\-folder\"}}}"}]}
RESULT: undefined
COMMAND: POST /session/2332ccd2e8bcc895b03cacebcf8e3681/element - {"using":"xpath","value":"//*[@id=\"__button130-img\"]"}
RESULT: {"using":"xpath","value":"//*[@id=\"__button130-img\"]"}
COMMAND: POST /session/2332ccd2e8bcc895b03cacebcf8e3681/element/f.B01AE492A9312D985D5F46C9A0123422.d.C0E9408D3F980A9E1683B7674114EDDB.e.3996/click - {}
RESULT: {}
COMMAND: GET /session/2332ccd2e8bcc895b03cacebcf8e3681/screenshot - {}
RESULT: {}
COMMAND: POST /session/2332ccd2e8bcc895b03cacebcf8e3681/execute/async - {"script":"<script> [1562 bytes]","args":[{"selector":{"id":"application-managecatalogs-display-component---detailCatalog--numberInput","searchOpenDialogs":true,"interaction":{"idSuffix":"inner"}},"wdio_ui5_key":"applicationmanagecatalogs-display-component---detailCatalog--numberInput"}]}
RESULT: {"script":"<script> [1562 bytes]","args":[{"selector":{"id":"application-managecatalogs-display-component---detailCatalog--numberInput","searchOpenDialogs":true,"interaction":{"idSuffix":"inner"}},"wdio_ui5_key":"applicationmanagecatalogs-display-component---detailCatalog--numberInput"}]}
RESULT: undefined
COMMAND: POST /session/2332ccd2e8bcc895b03cacebcf8e3681/execute/async - {"script":"<script> [776 bytes]","args":[{"enterText":"Sectionxsxho","selector":{"id":"application-managecatalogs-display-component---detailCatalog--numberInput","searchOpenDialogs":true,"interaction":{"idSuffix":"inner"}},"clearTextFirst":true,"interactionType":"ENTER_TEXT"}]}
RESULT: {"script":"<script> [776 bytes]","args":[{"enterText":"Sectionxsxho","selector":{"id":"application-managecatalogs-display-component---detailCatalog--numberInput","searchOpenDialogs":true,"interaction":{"idSuffix":"inner"}},"clearTextFirst":true,"interactionType":"ENTER_TEXT"}]}
COMMAND: POST /session/2332ccd2e8bcc895b03cacebcf8e3681/element - {"using":"css selector","value":"#application-managecatalogs-display-component---detailCatalog--nameInput-inner"}
RESULT: {"using":"css selector","value":"#application-managecatalogs-display-component---detailCatalog--nameInput-inner"}
COMMAND: POST /session/2332ccd2e8bcc895b03cacebcf8e3681/elements - {"using":"css selector","value":"#application-managecatalogs-display-component---detailCatalog--nameInput-inner"}
RESULT: {"using":"css selector","value":"#application-managecatalogs-display-component---detailCatalog--nameInput-inner"}
COMMAND: POST /session/2332ccd2e8bcc895b03cacebcf8e3681/element/f.B01AE492A9312D985D5F46C9A0123422.d.C0E9408D3F980A9E1683B7674114EDDB.e.4000/clear - {}
RESULT: {}
COMMAND: POST /session/2332ccd2e8bcc895b03cacebcf8e3681/element/f.B01AE492A9312D985D5F46C9A0123422.d.C0E9408D3F980A9E1683B7674114EDDB.e.4000/value - {"text":"Webdrivermsusw"}
COMMAND: GET /session/2332ccd2e8bcc895b03cacebcf8e3681/screenshot - {}
RESULT: {"text":"Webdrivermsusw"}
COMMAND: POST /session/2332ccd2e8bcc895b03cacebcf8e3681/execute/async - {"script":"<script> [1562 bytes]","args":[{"selector":{"controlType":"sap.m.Button","viewName":"etm.portal.ui.managecatalogs.view.Detail","viewId":"application-managecatalogs-display-component---detailCatalog","i18NText":{"propertyName":"text","key":"create"},"searchOpenDialogs":true,"interaction":{"idSuffix":"BDI-content"}},"wdio_ui5_key":"etmportal.ui.managecatalogs.view.Detailsap.m.Button{\"propertyName\":\"text\",\"key\":\"create\"}"}]}
COMMAND: GET /session/2332ccd2e8bcc895b03cacebcf8e3681/screenshot - {}
RESULT: {}
RESULT: {"script":"<script> [1562 bytes]","args":[{"selector":{"controlType":"sap.m.Button","viewName":"etm.portal.ui.managecatalogs.view.Detail","viewId":"application-managecatalogs-display-component---detailCatalog","i18NText":{"propertyName":"text","key":"create"},"searchOpenDialogs":true,"interaction":{"idSuffix":"BDI-content"}},"wdio_ui5_key":"etmportal.ui.managecatalogs.view.Detailsap.m.Button{\"propertyName\":\"text\",\"key\":\"create\"}"}]}
RESULT: undefined
COMMAND: POST /session/2332ccd2e8bcc895b03cacebcf8e3681/element - {"using":"xpath","value":"//*[@id=\"__button100\"]"}
RESULT: {}
RESULT: {"using":"xpath","value":"//*[@id=\"__button100\"]"}
COMMAND: POST /session/2332ccd2e8bcc895b03cacebcf8e3681/element/f.B01AE492A9312D985D5F46C9A0123422.d.C0E9408D3F980A9E1683B7674114EDDB.e.4005/click - {}
RESULT: {}
COMMAND: GET /session/2332ccd2e8bcc895b03cacebcf8e3681/screenshot - {}
RESULT: {}
COMMAND: POST /session/2332ccd2e8bcc895b03cacebcf8e3681/element - {"using":"xpath","value":"//button[@title=\"Save\"]"}
RESULT: {"using":"xpath","value":"//button[@title=\"Save\"]"}
COMMAND: POST /session/2332ccd2e8bcc895b03cacebcf8e3681/element/f.B01AE492A9312D985D5F46C9A0123422.d.C0E9408D3F980A9E1683B7674114EDDB.e.4006/click - {}
RESULT: {}
COMMAND: POST /session/2332ccd2e8bcc895b03cacebcf8e3681/execute/async - {"script":"<script> [1562 bytes]","args":[{"selector":{"controlType":"sap.ui.core.Icon","viewName":"etm.portal.ui.managecatalogs.view.Detail","viewId":"application-managecatalogs-display-component---detailCatalog","properties":{"src":{"regex":{"source":"decline"}}}},"wdio_ui5_key":"etmportal.ui.managecatalogs.view.Detailsap.ui.core.Icon{\"src\":{\"regex\":{\"source\":\"decline\"}}}"}]}
COMMAND: GET /session/2332ccd2e8bcc895b03cacebcf8e3681/screenshot - {}
RESULT: {"script":"<script> [1562 bytes]","args":[{"selector":{"controlType":"sap.ui.core.Icon","viewName":"etm.portal.ui.managecatalogs.view.Detail","viewId":"application-managecatalogs-display-component---detailCatalog","properties":{"src":{"regex":{"source":"decline"}}}},"wdio_ui5_key":"etmportal.ui.managecatalogs.view.Detailsap.ui.core.Icon{\"src\":{\"regex\":{\"source\":\"decline\"}}}"}]}
RESULT: undefined
COMMAND: POST /session/2332ccd2e8bcc895b03cacebcf8e3681/element - {"using":"xpath","value":"//*[@id=\"__button125-img\"]"}
RESULT: {}
RESULT: {"using":"xpath","value":"//*[@id=\"__button125-img\"]"}
COMMAND: POST /session/2332ccd2e8bcc895b03cacebcf8e3681/element/f.B01AE492A9312D985D5F46C9A0123422.d.C0E9408D3F980A9E1683B7674114EDDB.e.4011/click - {}
RESULT: {}
COMMAND: GET /session/2332ccd2e8bcc895b03cacebcf8e3681/screenshot - {}
RESULT: {}
COMMAND: POST /session/2332ccd2e8bcc895b03cacebcf8e3681/execute/async - {"script":"<script> [1562 bytes]","args":[{"selector":{"controlType":"sap.ui.core.Icon","viewName":"etm.portal.ui.managecatalogs.view.MasterItems","viewId":"application-managecatalogs-display-component---masterCatalogItems","properties":{"src":{"regex":{"source":"refresh"}}}},"wdio_ui5_key":"etmportal.ui.managecatalogs.view.MasterItemssap.ui.core.Icon{\"src\":{\"regex\":{\"source\":\"refresh\"}}}"}]}
RESULT: {"script":"<script> [1562 bytes]","args":[{"selector":{"controlType":"sap.ui.core.Icon","viewName":"etm.portal.ui.managecatalogs.view.MasterItems","viewId":"application-managecatalogs-display-component---masterCatalogItems","properties":{"src":{"regex":{"source":"refresh"}}}},"wdio_ui5_key":"etmportal.ui.managecatalogs.view.MasterItemssap.ui.core.Icon{\"src\":{\"regex\":{\"source\":\"refresh\"}}}"}]}
RESULT: undefined
COMMAND: POST /session/2332ccd2e8bcc895b03cacebcf8e3681/element - {"using":"xpath","value":"//*[@id=\"__button98-img\"]"}
RESULT: {"using":"xpath","value":"//*[@id=\"__button98-img\"]"}
COMMAND: POST /session/2332ccd2e8bcc895b03cacebcf8e3681/element/f.B01AE492A9312D985D5F46C9A0123422.d.C0E9408D3F980A9E1683B7674114EDDB.e.4045/click - {}
RESULT: {}
COMMAND: POST /session/2332ccd2e8bcc895b03cacebcf8e3681/execute/async - {"script":"<script> [1562 bytes]","args":[{"selector":{"id":"application-managecatalogs-display-component---masterCatalogItems--searchItemsField","interaction":{"idSuffix":"I"}},"wdio_ui5_key":"applicationmanagecatalogs-display-component---masterCatalogItems--searchItemsField"}]}
COMMAND: GET /session/2332ccd2e8bcc895b03cacebcf8e3681/screenshot - {}
RESULT: {"script":"<script> [1562 bytes]","args":[{"selector":{"id":"application-managecatalogs-display-component---masterCatalogItems--searchItemsField","interaction":{"idSuffix":"I"}},"wdio_ui5_key":"applicationmanagecatalogs-display-component---masterCatalogItems--searchItemsField"}]}
RESULT: undefined
COMMAND: POST /session/2332ccd2e8bcc895b03cacebcf8e3681/execute/async - {"script":"<script> [776 bytes]","args":[{"enterText":"Webdrivermsusw","selector":{"id":"application-managecatalogs-display-component---masterCatalogItems--searchItemsField","interaction":{"idSuffix":"I"}},"clearTextFirst":true,"interactionType":"ENTER_TEXT"}]}
RESULT: {}
RESULT: {"script":"<script> [776 bytes]","args":[{"enterText":"Webdrivermsusw","selector":{"id":"application-managecatalogs-display-component---masterCatalogItems--searchItemsField","interaction":{"idSuffix":"I"}},"clearTextFirst":true,"interactionType":"ENTER_TEXT"}]}
COMMAND: POST /session/2332ccd2e8bcc895b03cacebcf8e3681/actions - {"actions":[{"id":"action10","type":"key","parameters":{},"actions":[{"type":"keyDown","value":"î€‡"},{"type":"pause","duration":10},{"type":"keyUp","value":"î€‡"}]}]}
RESULT: {"actions":[{"id":"action10","type":"key","parameters":{},"actions":[{"type":"keyDown","value":"î€‡"},{"type":"pause","duration":10},{"type":"keyUp","value":"î€‡"}]}]}
COMMAND: POST /session/2332ccd2e8bcc895b03cacebcf8e3681/element - {"using":"xpath","value":"(//span[contains(text(), \"Webdrivermsusw\")])[1]"}
COMMAND: GET /session/2332ccd2e8bcc895b03cacebcf8e3681/screenshot - {}
RESULT: {"using":"xpath","value":"(//span[contains(text(), \"Webdrivermsusw\")])[1]"}
COMMAND: POST /session/2332ccd2e8bcc895b03cacebcf8e3681/element/f.B01AE492A9312D985D5F46C9A0123422.d.C0E9408D3F980A9E1683B7674114EDDB.e.4048/click - {}
RESULT: {}
RESULT: {}
COMMAND: GET /session/2332ccd2e8bcc895b03cacebcf8e3681/screenshot - {}
RESULT: {}
RESULT: undefined
COMMAND: POST /session/2332ccd2e8bcc895b03cacebcf8e3681/element - {"using":"xpath","value":"//*[@id=\"__button122\"]"}
RESULT: {"using":"xpath","value":"//*[@id=\"__button122\"]"}
COMMAND: POST /session/2332ccd2e8bcc895b03cacebcf8e3681/element/f.B01AE492A9312D985D5F46C9A0123422.d.C0E9408D3F980A9E1683B7674114EDDB.e.4085/click - {}
RESULT: {}
COMMAND: GET /session/2332ccd2e8bcc895b03cacebcf8e3681/screenshot - {}
RESULT: {}
RESULT: undefined
COMMAND: POST /session/2332ccd2e8bcc895b03cacebcf8e3681/element - {"using":"xpath","value":"//*[@id=\"__button130-img\"]"}
RESULT: {"using":"xpath","value":"//*[@id=\"__button130-img\"]"}
COMMAND: POST /session/2332ccd2e8bcc895b03cacebcf8e3681/element/f.B01AE492A9312D985D5F46C9A0123422.d.C0E9408D3F980A9E1683B7674114EDDB.e.4134/click - {}
RESULT: {}
COMMAND: GET /session/2332ccd2e8bcc895b03cacebcf8e3681/screenshot - {}
RESULT: {}
RESULT: undefined
COMMAND: POST /session/2332ccd2e8bcc895b03cacebcf8e3681/execute/async - {"script":"<script> [776 bytes]","args":[{"enterText":"SecondSection3ifvyi","selector":{"id":"application-managecatalogs-display-component---detailCatalog--numberInput","searchOpenDialogs":true,"interaction":{"idSuffix":"inner"}},"clearTextFirst":true,"interactionType":"ENTER_TEXT"}]}
RESULT: {"script":"<script> [776 bytes]","args":[{"enterText":"SecondSection3ifvyi","selector":{"id":"application-managecatalogs-display-component---detailCatalog--numberInput","searchOpenDialogs":true,"interaction":{"idSuffix":"inner"}},"clearTextFirst":true,"interactionType":"ENTER_TEXT"}]}
COMMAND: POST /session/2332ccd2e8bcc895b03cacebcf8e3681/element - {"using":"xpath","value":"//input[contains(@id ,\"application-managecatalogs-display-component---detailCatalog--nameInput-inner\")]"}
RESULT: {"using":"xpath","value":"//input[contains(@id ,\"application-managecatalogs-display-component---detailCatalog--nameInput-inner\")]"}
COMMAND: POST /session/2332ccd2e8bcc895b03cacebcf8e3681/elements - {"using":"xpath","value":"//input[contains(@id ,\"application-managecatalogs-display-component---detailCatalog--nameInput-inner\")]"}
RESULT: {"using":"xpath","value":"//input[contains(@id ,\"application-managecatalogs-display-component---detailCatalog--nameInput-inner\")]"}
COMMAND: POST /session/2332ccd2e8bcc895b03cacebcf8e3681/element/f.B01AE492A9312D985D5F46C9A0123422.d.C0E9408D3F980A9E1683B7674114EDDB.e.4138/clear - {}
RESULT: {}
COMMAND: POST /session/2332ccd2e8bcc895b03cacebcf8e3681/element/f.B01AE492A9312D985D5F46C9A0123422.d.C0E9408D3F980A9E1683B7674114EDDB.e.4138/value - {"text":"webdriversecond660ch"}
COMMAND: GET /session/2332ccd2e8bcc895b03cacebcf8e3681/screenshot - {}
RESULT: {"text":"webdriversecond660ch"}
RESULT: undefined
COMMAND: POST /session/2332ccd2e8bcc895b03cacebcf8e3681/element - {"using":"xpath","value":"//*[@id=\"__button100\"]"}
COMMAND: GET /session/2332ccd2e8bcc895b03cacebcf8e3681/screenshot - {}
RESULT: {}
RESULT: {"using":"xpath","value":"//*[@id=\"__button100\"]"}
COMMAND: POST /session/2332ccd2e8bcc895b03cacebcf8e3681/element/f.B01AE492A9312D985D5F46C9A0123422.d.C0E9408D3F980A9E1683B7674114EDDB.e.4142/click - {}
RESULT: {}
RESULT: {}
COMMAND: GET /session/2332ccd2e8bcc895b03cacebcf8e3681/screenshot - {}
RESULT: {}
COMMAND: POST /session/2332ccd2e8bcc895b03cacebcf8e3681/element - {"using":"xpath","value":"//button[@title=\"Save\"]"}
RESULT: {"using":"xpath","value":"//button[@title=\"Save\"]"}
COMMAND: POST /session/2332ccd2e8bcc895b03cacebcf8e3681/element/f.B01AE492A9312D985D5F46C9A0123422.d.C0E9408D3F980A9E1683B7674114EDDB.e.4120/click - {}
RESULT: {}
COMMAND: GET /session/2332ccd2e8bcc895b03cacebcf8e3681/screenshot - {}
RESULT: {}
RESULT: undefined
COMMAND: POST /session/2332ccd2e8bcc895b03cacebcf8e3681/element - {"using":"xpath","value":"//*[@id=\"__button125-img\"]"}
RESULT: {"using":"xpath","value":"//*[@id=\"__button125-img\"]"}
COMMAND: POST /session/2332ccd2e8bcc895b03cacebcf8e3681/element/f.B01AE492A9312D985D5F46C9A0123422.d.C0E9408D3F980A9E1683B7674114EDDB.e.4092/click - {}
RESULT: {}
COMMAND: GET /session/2332ccd2e8bcc895b03cacebcf8e3681/screenshot - {}
RESULT: {}
RESULT: undefined
COMMAND: POST /session/2332ccd2e8bcc895b03cacebcf8e3681/element - {"using":"xpath","value":"//*[@id=\"__button98-img\"]"}
RESULT: {"using":"xpath","value":"//*[@id=\"__button98-img\"]"}
COMMAND: POST /session/2332ccd2e8bcc895b03cacebcf8e3681/element/f.B01AE492A9312D985D5F46C9A0123422.d.C0E9408D3F980A9E1683B7674114EDDB.e.4182/click - {}
RESULT: {}
COMMAND: GET /session/2332ccd2e8bcc895b03cacebcf8e3681/screenshot - {}
RESULT: {}
RESULT: undefined
COMMAND: POST /session/2332ccd2e8bcc895b03cacebcf8e3681/execute/async - {"script":"<script> [776 bytes]","args":[{"enterText":"SecondSection3ifvyi","selector":{"id":"application-managecatalogs-display-component---masterCatalogItems--searchItemsField","interaction":{"idSuffix":"I"}},"clearTextFirst":true,"interactionType":"ENTER_TEXT"}]}
RESULT: {"script":"<script> [776 bytes]","args":[{"enterText":"SecondSection3ifvyi","selector":{"id":"application-managecatalogs-display-component---masterCatalogItems--searchItemsField","interaction":{"idSuffix":"I"}},"clearTextFirst":true,"interactionType":"ENTER_TEXT"}]}
COMMAND: POST /session/2332ccd2e8bcc895b03cacebcf8e3681/actions - {"actions":[{"id":"action11","type":"key","parameters":{},"actions":[{"type":"keyDown","value":"î€‡"},{"type":"pause","duration":10},{"type":"keyUp","value":"î€‡"}]}]}
RESULT: {"actions":[{"id":"action11","type":"key","parameters":{},"actions":[{"type":"keyDown","value":"î€‡"},{"type":"pause","duration":10},{"type":"keyUp","value":"î€‡"}]}]}
COMMAND: POST /session/2332ccd2e8bcc895b03cacebcf8e3681/element - {"using":"xpath","value":"(//span[contains(text(), \"SecondSection3ifvyi\")])[1]"}
COMMAND: GET /session/2332ccd2e8bcc895b03cacebcf8e3681/screenshot - {}
RESULT: {"using":"xpath","value":"(//span[contains(text(), \"SecondSection3ifvyi\")])[1]"}
COMMAND: POST /session/2332ccd2e8bcc895b03cacebcf8e3681/element/f.B01AE492A9312D985D5F46C9A0123422.d.C0E9408D3F980A9E1683B7674114EDDB.e.4185/click - {}
RESULT: {}
RESULT: {}
COMMAND: POST /session/2332ccd2e8bcc895b03cacebcf8e3681/element - {"using":"xpath","value":"(//span[contains(text(), \"SecondSection3ifvyi\")])[1]"}
COMMAND: GET /session/2332ccd2e8bcc895b03cacebcf8e3681/screenshot - {}
RESULT: {"using":"xpath","value":"(//span[contains(text(), \"SecondSection3ifvyi\")])[1]"}
COMMAND: GET /session/2332ccd2e8bcc895b03cacebcf8e3681/element/f.B01AE492A9312D985D5F46C9A0123422.d.C0E9408D3F980A9E1683B7674114EDDB.e.4185/text - {}
RESULT: {}
COMMAND: POST /session/2332ccd2e8bcc895b03cacebcf8e3681/element - {"using":"xpath","value":"(//span[contains(text(), \"SecondSection3ifvyi\")])[1]"}
RESULT: {"using":"xpath","value":"(//span[contains(text(), \"SecondSection3ifvyi\")])[1]"}
COMMAND: GET /session/2332ccd2e8bcc895b03cacebcf8e3681/element/f.B01AE492A9312D985D5F46C9A0123422.d.C0E9408D3F980A9E1683B7674114EDDB.e.4185/text - {}
COMMAND: POST /session/2332ccd2e8bcc895b03cacebcf8e3681/element - {"using":"xpath","value":"(//span[contains(text(), \"SecondSection3ifvyi\")])[1]"}
RESULT: {"using":"xpath","value":"(//span[contains(text(), \"SecondSection3ifvyi\")])[1]"}
COMMAND: GET /session/2332ccd2e8bcc895b03cacebcf8e3681/element/f.B01AE492A9312D985D5F46C9A0123422.d.C0E9408D3F980A9E1683B7674114EDDB.e.4236/text - {}
RESULT: {}
COMMAND: POST /session/2332ccd2e8bcc895b03cacebcf8e3681/refresh - {}
RESULT: {}
COMMAND: GET /session/2332ccd2e8bcc895b03cacebcf8e3681/screenshot - {}
RESULT: {}
COMMAND: POST /session/2332ccd2e8bcc895b03cacebcf8e3681/execute/async - {"script":"<script> [189 bytes]","args":[]}
RESULT: {"script":"<script> [189 bytes]","args":[]}
COMMAND: POST /session/2332ccd2e8bcc895b03cacebcf8e3681/execute/async - {"script":"<script> [123 bytes]","args":[]}
RESULT: {"script":"<script> [123 bytes]","args":[]}
COMMAND: POST /session/2332ccd2e8bcc895b03cacebcf8e3681/timeouts - {"script":"<number>"}
RESULT: {"script":"<number>"}
COMMAND: GET /session/2332ccd2e8bcc895b03cacebcf8e3681/timeouts - {}
RESULT: {}
RESULT: undefined
COMMAND: POST /session/2332ccd2e8bcc895b03cacebcf8e3681/execute/async - {"script":"<script> [2676 bytes]","args":[]}
RESULT: {"script":"<script> [2676 bytes]","args":[]}
COMMAND: POST /session/2332ccd2e8bcc895b03cacebcf8e3681/execute/async - {"script":"<script> [2342 bytes]","args":[{"protocol":"http","hostname":"0.0.0.0","path":"/","capabilities":{"browserName":"chrome","goog:chromeOptions":{"binary":"C:\\Program Files\\Google\\Chrome\\Application\\chrome.exe","args":["--start-maximized"]}},"logLevel":"warn","connectionRetryTimeout":120000,"connectionRetryCount":3,"logLevels":{},"enableDirectConnect":true,"strictSSL":true,"_":"65 more keys: [\"cacheDir\",\"port\",\"requestedCapabilities\",\"automationProtocol\",\"baseUrl\",\"waitforInterval\",\"waitforTimeout\",\"onReload\",\"beforeCommand\",\"afterCommand\",\"rootDir\",\"specs\",\"suites\",\"exclude\",\"groupLogsByTestSpec\",\"excludeDriverLogs\",\"bail\",\"framework\",\"reporters\",\"services\",\"maxInstances\",\"maxInstancesPerCapability\",\"injectGlobals\",\"filesToWatch\",\"execArgv\",\"runnerEnv\",\"runner\",\"shard\",\"specFileRetries\",\"specFileRetriesDelay\",\"specFileRetriesDeferred\",\"reporterSyncInterval\",\"reporterSyncTimeout\",\"cucumberFeaturesWithLineNumbers\",\"autoCompileOpts\",\"mochaOpts\",\"jasmineOpts\",\"cucumberOpts\",\"onPrepare\",\"onWorkerStart\",\"onWorkerEnd\",\"before\",\"beforeSession\",\"beforeSuite\",\"beforeHook\",\"beforeTest\",\"afterTest\",\"afterHook\",\"afterSuite\",\"afterSession\",\"after\",\"onComplete\",\"beforeAssertion\",\"afterAssertion\",\"beforeFeature\",\"beforeScenario\",\"beforeStep\",\"afterStep\",\"afterScenario\",\"afterFeature\",\"_\",\"suite\",\"$0\",\"ignoredWorkerServices\",\"wdi5\"]"}]}
RESULT: {"script":"<script> [2342 bytes]","args":[{"protocol":"http","hostname":"0.0.0.0","path":"/","capabilities":{"browserName":"chrome","goog:chromeOptions":{"binary":"C:\\Program Files\\Google\\Chrome\\Application\\chrome.exe","args":["--start-maximized"]}},"logLevel":"warn","connectionRetryTimeout":120000,"connectionRetryCount":3,"logLevels":{},"enableDirectConnect":true,"strictSSL":true,"_":"65 more keys: [\"cacheDir\",\"port\",\"requestedCapabilities\",\"automationProtocol\",\"baseUrl\",\"waitforInterval\",\"waitforTimeout\",\"onReload\",\"beforeCommand\",\"afterCommand\",\"rootDir\",\"specs\",\"suites\",\"exclude\",\"groupLogsByTestSpec\",\"excludeDriverLogs\",\"bail\",\"framework\",\"reporters\",\"services\",\"maxInstances\",\"maxInstancesPerCapability\",\"injectGlobals\",\"filesToWatch\",\"execArgv\",\"runnerEnv\",\"runner\",\"shard\",\"specFileRetries\",\"specFileRetriesDelay\",\"specFileRetriesDeferred\",\"reporterSyncInterval\",\"reporterSyncTimeout\",\"cucumberFeaturesWithLineNumbers\",\"autoCompileOpts\",\"mochaOpts\",\"jasmineOpts\",\"cucumberOpts\",\"onPrepare\",\"onWorkerStart\",\"onWorkerEnd\",\"before\",\"beforeSession\",\"beforeSuite\",\"beforeHook\",\"beforeTest\",\"afterTest\",\"afterHook\",\"afterSuite\",\"afterSession\",\"after\",\"onComplete\",\"beforeAssertion\",\"afterAssertion\",\"beforeFeature\",\"beforeScenario\",\"beforeStep\",\"afterStep\",\"afterScenario\",\"afterFeature\",\"_\",\"suite\",\"$0\",\"ignoredWorkerServices\",\"wdi5\"]"}]}
COMMAND: POST /session/2332ccd2e8bcc895b03cacebcf8e3681/execute/async - {"script":"<script> [21126 bytes]","args":[35000]}
RESULT: {"script":"<script> [21126 bytes]","args":[35000]}
COMMAND: POST /session/2332ccd2e8bcc895b03cacebcf8e3681/execute/async - {"script":"<script> [1562 bytes]","args":[{"selector":{"controlType":"sap.m.Button","viewName":"etm.portal.ui.managecatalogs.view.Detail","viewId":"application-managecatalogs-display-component---detailCatalog","i18NText":{"propertyName":"text","key":"edit"},"interaction":{"idSuffix":"BDI-content"}},"wdio_ui5_key":"etmportal.ui.managecatalogs.view.Detailsap.m.Button{\"propertyName\":\"text\",\"key\":\"edit\"}"}]}
RESULT: {"script":"<script> [1562 bytes]","args":[{"selector":{"controlType":"sap.m.Button","viewName":"etm.portal.ui.managecatalogs.view.Detail","viewId":"application-managecatalogs-display-component---detailCatalog","i18NText":{"propertyName":"text","key":"edit"},"interaction":{"idSuffix":"BDI-content"}},"wdio_ui5_key":"etmportal.ui.managecatalogs.view.Detailsap.m.Button{\"propertyName\":\"text\",\"key\":\"edit\"}"}]}
RESULT: undefined
COMMAND: POST /session/2332ccd2e8bcc895b03cacebcf8e3681/element - {"using":"xpath","value":"//*[@id=\"__button25\"]"}
RESULT: {"using":"xpath","value":"//*[@id=\"__button25\"]"}
COMMAND: POST /session/2332ccd2e8bcc895b03cacebcf8e3681/element/f.B01AE492A9312D985D5F46C9A0123422.d.5E0E9488F20096C443F0851F5C5B19A0.e.4292/click - {}
RESULT: {}
COMMAND: GET /session/2332ccd2e8bcc895b03cacebcf8e3681/screenshot - {}
RESULT: {}
COMMAND: POST /session/2332ccd2e8bcc895b03cacebcf8e3681/element - {"using":"xpath","value":"//button[contains(@title ,\"Create Catalog Item\")]"}
RESULT: {"using":"xpath","value":"//button[contains(@title ,\"Create Catalog Item\")]"}
COMMAND: POST /session/2332ccd2e8bcc895b03cacebcf8e3681/element/f.B01AE492A9312D985D5F46C9A0123422.d.5E0E9488F20096C443F0851F5C5B19A0.e.4298/click - {}
RESULT: {}
COMMAND: POST /session/2332ccd2e8bcc895b03cacebcf8e3681/execute/async - {"script":"<script> [1562 bytes]","args":[{"selector":{"id":"application-managecatalogs-display-component---detailCatalog--newItemNumberInput","searchOpenDialogs":true,"interaction":{"idSuffix":"inner"}},"wdio_ui5_key":"applicationmanagecatalogs-display-component---detailCatalog--newItemNumberInput"}]}
COMMAND: GET /session/2332ccd2e8bcc895b03cacebcf8e3681/screenshot - {}
RESULT: {"script":"<script> [1562 bytes]","args":[{"selector":{"id":"application-managecatalogs-display-component---detailCatalog--newItemNumberInput","searchOpenDialogs":true,"interaction":{"idSuffix":"inner"}},"wdio_ui5_key":"applicationmanagecatalogs-display-component---detailCatalog--newItemNumberInput"}]}
RESULT: undefined
COMMAND: POST /session/2332ccd2e8bcc895b03cacebcf8e3681/execute/async - {"script":"<script> [776 bytes]","args":[{"enterText":"catalogItemq1duel","selector":{"id":"application-managecatalogs-display-component---detailCatalog--newItemNumberInput","searchOpenDialogs":true,"interaction":{"idSuffix":"inner"}},"clearTextFirst":true,"interactionType":"ENTER_TEXT"}]}
RESULT: {}
RESULT: {"script":"<script> [776 bytes]","args":[{"enterText":"catalogItemq1duel","selector":{"id":"application-managecatalogs-display-component---detailCatalog--newItemNumberInput","searchOpenDialogs":true,"interaction":{"idSuffix":"inner"}},"clearTextFirst":true,"interactionType":"ENTER_TEXT"}]}
COMMAND: POST /session/2332ccd2e8bcc895b03cacebcf8e3681/execute/async - {"script":"<script> [1562 bytes]","args":[{"selector":{"controlType":"sap.m.Input","viewName":"etm.portal.ui.managecatalogs.view.Detail","viewId":"application-managecatalogs-display-component---detailCatalog","bindingPath":{"path":"","propertyPath":"/DESCRIPTION"},"searchOpenDialogs":true,"interaction":{"idSuffix":"inner"}},"wdio_ui5_key":"etmportal.ui.managecatalogs.view.Detailsap.m.Input{\"path\":\"\",\"propertyPath\":\"/DESCRIPTION\"}"}]}
RESULT: {"script":"<script> [1562 bytes]","args":[{"selector":{"controlType":"sap.m.Input","viewName":"etm.portal.ui.managecatalogs.view.Detail","viewId":"application-managecatalogs-display-component---detailCatalog","bindingPath":{"path":"","propertyPath":"/DESCRIPTION"},"searchOpenDialogs":true,"interaction":{"idSuffix":"inner"}},"wdio_ui5_key":"etmportal.ui.managecatalogs.view.Detailsap.m.Input{\"path\":\"\",\"propertyPath\":\"/DESCRIPTION\"}"}]}
RESULT: undefined
COMMAND: POST /session/2332ccd2e8bcc895b03cacebcf8e3681/execute/async - {"script":"<script> [776 bytes]","args":[{"enterText":"catalogItemName4xzka","selector":{"controlType":"sap.m.Input","viewName":"etm.portal.ui.managecatalogs.view.Detail","viewId":"application-managecatalogs-display-component---detailCatalog","bindingPath":{"path":"","propertyPath":"/DESCRIPTION"},"searchOpenDialogs":true,"interaction":{"idSuffix":"inner"}},"clearTextFirst":true,"interactionType":"ENTER_TEXT"}]}
RESULT: {"script":"<script> [776 bytes]","args":[{"enterText":"catalogItemName4xzka","selector":{"controlType":"sap.m.Input","viewName":"etm.portal.ui.managecatalogs.view.Detail","viewId":"application-managecatalogs-display-component---detailCatalog","bindingPath":{"path":"","propertyPath":"/DESCRIPTION"},"searchOpenDialogs":true,"interaction":{"idSuffix":"inner"}},"clearTextFirst":true,"interactionType":"ENTER_TEXT"}]}
COMMAND: POST /session/2332ccd2e8bcc895b03cacebcf8e3681/actions - {"actions":[{"id":"action12","type":"key","parameters":{},"actions":[{"type":"keyDown","value":"î€„"},{"type":"pause","duration":10},{"type":"keyUp","value":"î€„"}]}]}
RESULT: {"actions":[{"id":"action12","type":"key","parameters":{},"actions":[{"type":"keyDown","value":"î€„"},{"type":"pause","duration":10},{"type":"keyUp","value":"î€„"}]}]}
COMMAND: GET /session/2332ccd2e8bcc895b03cacebcf8e3681/screenshot - {}
RESULT: {}
COMMAND: POST /session/2332ccd2e8bcc895b03cacebcf8e3681/actions - {"actions":[{"id":"action13","type":"key","parameters":{},"actions":[{"type":"keyDown","value":"î€‡"},{"type":"pause","duration":10},{"type":"keyUp","value":"î€‡"}]}]}
RESULT: {"actions":[{"id":"action13","type":"key","parameters":{},"actions":[{"type":"keyDown","value":"î€‡"},{"type":"pause","duration":10},{"type":"keyUp","value":"î€‡"}]}]}
COMMAND: GET /session/2332ccd2e8bcc895b03cacebcf8e3681/screenshot - {}
RESULT: {}
COMMAND: POST /session/2332ccd2e8bcc895b03cacebcf8e3681/element - {"using":"xpath","value":"//button[@title=\"Save\"]"}
RESULT: {"using":"xpath","value":"//button[@title=\"Save\"]"}
COMMAND: POST /session/2332ccd2e8bcc895b03cacebcf8e3681/element/f.B01AE492A9312D985D5F46C9A0123422.d.5E0E9488F20096C443F0851F5C5B19A0.e.4307/click - {}
RESULT: {}
COMMAND: GET /session/2332ccd2e8bcc895b03cacebcf8e3681/screenshot - {}
RESULT: {}
COMMAND: POST /session/2332ccd2e8bcc895b03cacebcf8e3681/execute/async - {"script":"<script> [1562 bytes]","args":[{"selector":{"controlType":"sap.ui.core.Icon","viewName":"etm.portal.ui.managecatalogs.view.Detail","viewId":"application-managecatalogs-display-component---detailCatalog","properties":{"src":{"regex":{"source":"decline"}}}},"wdio_ui5_key":"etmportal.ui.managecatalogs.view.Detailsap.ui.core.Icon{\"src\":{\"regex\":{\"source\":\"decline\"}}}"}]}
RESULT: {"script":"<script> [1562 bytes]","args":[{"selector":{"controlType":"sap.ui.core.Icon","viewName":"etm.portal.ui.managecatalogs.view.Detail","viewId":"application-managecatalogs-display-component---detailCatalog","properties":{"src":{"regex":{"source":"decline"}}}},"wdio_ui5_key":"etmportal.ui.managecatalogs.view.Detailsap.ui.core.Icon{\"src\":{\"regex\":{\"source\":\"decline\"}}}"}]}
RESULT: undefined
COMMAND: POST /session/2332ccd2e8bcc895b03cacebcf8e3681/element - {"using":"xpath","value":"//*[@id=\"__button28-img\"]"}
RESULT: {"using":"xpath","value":"//*[@id=\"__button28-img\"]"}
COMMAND: POST /session/2332ccd2e8bcc895b03cacebcf8e3681/element/f.B01AE492A9312D985D5F46C9A0123422.d.5E0E9488F20096C443F0851F5C5B19A0.e.4313/click - {}
RESULT: {}
COMMAND: GET /session/2332ccd2e8bcc895b03cacebcf8e3681/screenshot - {}
RESULT: {}
COMMAND: POST /session/2332ccd2e8bcc895b03cacebcf8e3681/execute/async - {"script":"<script> [1562 bytes]","args":[{"selector":{"controlType":"sap.ui.core.Icon","viewName":"etm.portal.ui.managecatalogs.view.MasterItems","viewId":"application-managecatalogs-display-component---masterCatalogItems","properties":{"src":{"regex":{"source":"refresh"}}}},"wdio_ui5_key":"etmportal.ui.managecatalogs.view.MasterItemssap.ui.core.Icon{\"src\":{\"regex\":{\"source\":\"refresh\"}}}"}]}
RESULT: {"script":"<script> [1562 bytes]","args":[{"selector":{"controlType":"sap.ui.core.Icon","viewName":"etm.portal.ui.managecatalogs.view.MasterItems","viewId":"application-managecatalogs-display-component---masterCatalogItems","properties":{"src":{"regex":{"source":"refresh"}}}},"wdio_ui5_key":"etmportal.ui.managecatalogs.view.MasterItemssap.ui.core.Icon{\"src\":{\"regex\":{\"source\":\"refresh\"}}}"}]}
RESULT: undefined
COMMAND: POST /session/2332ccd2e8bcc895b03cacebcf8e3681/element - {"using":"xpath","value":"//*[@id=\"__button1-img\"]"}
RESULT: {"using":"xpath","value":"//*[@id=\"__button1-img\"]"}
COMMAND: POST /session/2332ccd2e8bcc895b03cacebcf8e3681/element/f.B01AE492A9312D985D5F46C9A0123422.d.5E0E9488F20096C443F0851F5C5B19A0.e.4321/click - {}
RESULT: {}
COMMAND: GET /session/2332ccd2e8bcc895b03cacebcf8e3681/screenshot - {}
RESULT: {}
COMMAND: POST /session/2332ccd2e8bcc895b03cacebcf8e3681/execute/async - {"script":"<script> [1562 bytes]","args":[{"selector":{"id":"application-managecatalogs-display-component---masterCatalogItems--searchItemsField","interaction":{"idSuffix":"I"}},"wdio_ui5_key":"applicationmanagecatalogs-display-component---masterCatalogItems--searchItemsField"}]}
RESULT: {"script":"<script> [1562 bytes]","args":[{"selector":{"id":"application-managecatalogs-display-component---masterCatalogItems--searchItemsField","interaction":{"idSuffix":"I"}},"wdio_ui5_key":"applicationmanagecatalogs-display-component---masterCatalogItems--searchItemsField"}]}
RESULT: undefined
COMMAND: POST /session/2332ccd2e8bcc895b03cacebcf8e3681/execute/async - {"script":"<script> [776 bytes]","args":[{"enterText":"catalogItemName4xzka","selector":{"id":"application-managecatalogs-display-component---masterCatalogItems--searchItemsField","interaction":{"idSuffix":"I"}},"clearTextFirst":true,"interactionType":"ENTER_TEXT"}]}
RESULT: {"script":"<script> [776 bytes]","args":[{"enterText":"catalogItemName4xzka","selector":{"id":"application-managecatalogs-display-component---masterCatalogItems--searchItemsField","interaction":{"idSuffix":"I"}},"clearTextFirst":true,"interactionType":"ENTER_TEXT"}]}
COMMAND: POST /session/2332ccd2e8bcc895b03cacebcf8e3681/actions - {"actions":[{"id":"action14","type":"key","parameters":{},"actions":[{"type":"keyDown","value":"î€‡"},{"type":"pause","duration":10},{"type":"keyUp","value":"î€‡"}]}]}
RESULT: {"actions":[{"id":"action14","type":"key","parameters":{},"actions":[{"type":"keyDown","value":"î€‡"},{"type":"pause","duration":10},{"type":"keyUp","value":"î€‡"}]}]}
COMMAND: POST /session/2332ccd2e8bcc895b03cacebcf8e3681/element - {"using":"xpath","value":"(//span[contains(text(), \"catalogItemName4xzka\")])[1]"}
COMMAND: GET /session/2332ccd2e8bcc895b03cacebcf8e3681/screenshot - {}
RESULT: {"using":"xpath","value":"(//span[contains(text(), \"catalogItemName4xzka\")])[1]"}
COMMAND: POST /session/2332ccd2e8bcc895b03cacebcf8e3681/element/f.B01AE492A9312D985D5F46C9A0123422.d.5E0E9488F20096C443F0851F5C5B19A0.e.4356/click - {}
RESULT: {}
RESULT: {}
COMMAND: GET /session/2332ccd2e8bcc895b03cacebcf8e3681/screenshot - {}
RESULT: {}
COMMAND: POST /session/2332ccd2e8bcc895b03cacebcf8e3681/element - {"using":"xpath","value":"//span[contains(text(), \"catalogItemq1duel\")]"}
RESULT: {"using":"xpath","value":"//span[contains(text(), \"catalogItemq1duel\")]"}
COMMAND: GET /session/2332ccd2e8bcc895b03cacebcf8e3681/element/f.B01AE492A9312D985D5F46C9A0123422.d.5E0E9488F20096C443F0851F5C5B19A0.e.4417/text - {}
RESULT: {}
]]></system-out>
    </testcase>
    <testcase classname="chrome.135_0_7049_96.windows.Standard_contract_-_add_contract_items_by_Insert_Request_US118222" name="Should assign resources to the catalog item" time="52.332">
      <system-out><![CDATA[
RESULT: undefined
COMMAND: POST /session/2332ccd2e8bcc895b03cacebcf8e3681/element - {"using":"xpath","value":"//*[@id=\"__button25\"]"}
RESULT: {"using":"xpath","value":"//*[@id=\"__button25\"]"}
COMMAND: POST /session/2332ccd2e8bcc895b03cacebcf8e3681/element/f.B01AE492A9312D985D5F46C9A0123422.d.5E0E9488F20096C443F0851F5C5B19A0.e.4418/click - {}
RESULT: {}
COMMAND: GET /session/2332ccd2e8bcc895b03cacebcf8e3681/screenshot - {}
RESULT: {}
COMMAND: POST /session/2332ccd2e8bcc895b03cacebcf8e3681/execute/async - {"script":"<script> [1562 bytes]","args":[{"selector":{"id":"application-managecatalogs-display-component---detailCatalog--BASE_UNIT_OF_MEASURE-arrow"},"wdio_ui5_key":"applicationmanagecatalogs-display-component---detailCatalog--BASE_UNIT_OF_MEASURE-arrow"}]}
RESULT: {"script":"<script> [1562 bytes]","args":[{"selector":{"id":"application-managecatalogs-display-component---detailCatalog--BASE_UNIT_OF_MEASURE-arrow"},"wdio_ui5_key":"applicationmanagecatalogs-display-component---detailCatalog--BASE_UNIT_OF_MEASURE-arrow"}]}
RESULT: undefined
COMMAND: POST /session/2332ccd2e8bcc895b03cacebcf8e3681/element - {"using":"xpath","value":"//*[@id=\"application-managecatalogs-display-component---detailCatalog--BASE_UNIT_OF_MEASURE-arrow\"]"}
RESULT: {"using":"xpath","value":"//*[@id=\"application-managecatalogs-display-component---detailCatalog--BASE_UNIT_OF_MEASURE-arrow\"]"}
COMMAND: POST /session/2332ccd2e8bcc895b03cacebcf8e3681/element/f.B01AE492A9312D985D5F46C9A0123422.d.5E0E9488F20096C443F0851F5C5B19A0.e.4446/click - {}
RESULT: {}
COMMAND: POST /session/2332ccd2e8bcc895b03cacebcf8e3681/execute/async - {"script":"<script> [1562 bytes]","args":[{"selector":{"controlType":"sap.m.StandardListItem","viewName":"etm.portal.ui.managecatalogs.view.Detail","viewId":"application-managecatalogs-display-component---detailCatalog","properties":{"title":"Piece"},"searchOpenDialogs":true,"interaction":{"idSuffix":"titleText"}},"wdio_ui5_key":"etmportal.ui.managecatalogs.view.Detailsap.m.StandardListItem{\"title\":\"Piece\"}"}]}
COMMAND: GET /session/2332ccd2e8bcc895b03cacebcf8e3681/screenshot - {}
RESULT: {"script":"<script> [1562 bytes]","args":[{"selector":{"controlType":"sap.m.StandardListItem","viewName":"etm.portal.ui.managecatalogs.view.Detail","viewId":"application-managecatalogs-display-component---detailCatalog","properties":{"title":"Piece"},"searchOpenDialogs":true,"interaction":{"idSuffix":"titleText"}},"wdio_ui5_key":"etmportal.ui.managecatalogs.view.Detailsap.m.StandardListItem{\"title\":\"Piece\"}"}]}
RESULT: undefined
COMMAND: POST /session/2332ccd2e8bcc895b03cacebcf8e3681/element - {"using":"xpath","value":"//*[@id=\"__item213\"]"}
RESULT: {}
RESULT: {"using":"xpath","value":"//*[@id=\"__item213\"]"}
COMMAND: POST /session/2332ccd2e8bcc895b03cacebcf8e3681/element/f.B01AE492A9312D985D5F46C9A0123422.d.5E0E9488F20096C443F0851F5C5B19A0.e.4450/click - {}
RESULT: {}
COMMAND: POST /session/2332ccd2e8bcc895b03cacebcf8e3681/execute/async - {"script":"<script> [1562 bytes]","args":[{"selector":{"id":"application-managecatalogs-display-component---detailCatalog--ObjectPageLayout-anchBar-application-managecatalogs-display-component---detailCatalog--sectionRUs-anchor","interaction":{"idSuffix":"BDI-content"}},"wdio_ui5_key":"applicationmanagecatalogs-display-component---detailCatalog--ObjectPageLayout-anchBar-application-managecatalogs-display-component---detailCatalog--sectionRUs-anchor"}]}
COMMAND: GET /session/2332ccd2e8bcc895b03cacebcf8e3681/screenshot - {}
RESULT: {"script":"<script> [1562 bytes]","args":[{"selector":{"id":"application-managecatalogs-display-component---detailCatalog--ObjectPageLayout-anchBar-application-managecatalogs-display-component---detailCatalog--sectionRUs-anchor","interaction":{"idSuffix":"BDI-content"}},"wdio_ui5_key":"applicationmanagecatalogs-display-component---detailCatalog--ObjectPageLayout-anchBar-application-managecatalogs-display-component---detailCatalog--sectionRUs-anchor"}]}
RESULT: undefined
COMMAND: POST /session/2332ccd2e8bcc895b03cacebcf8e3681/element - {"using":"xpath","value":"//*[@id=\"application-managecatalogs-display-component---detailCatalog--ObjectPageLayout-anchBar-application-managecatalogs-display-component---detailCatalog--sectionRUs-anchor\"]"}
RESULT: {}
RESULT: {"using":"xpath","value":"//*[@id=\"application-managecatalogs-display-component---detailCatalog--ObjectPageLayout-anchBar-application-managecatalogs-display-component---detailCatalog--sectionRUs-anchor\"]"}
COMMAND: POST /session/2332ccd2e8bcc895b03cacebcf8e3681/element/f.B01AE492A9312D985D5F46C9A0123422.d.5E0E9488F20096C443F0851F5C5B19A0.e.4452/click - {}
RESULT: {}
COMMAND: POST /session/2332ccd2e8bcc895b03cacebcf8e3681/element - {"using":"xpath","value":"//button[contains(@data-kt ,\"catalogItemAssignRuButton\")]"}
COMMAND: GET /session/2332ccd2e8bcc895b03cacebcf8e3681/screenshot - {}
RESULT: {"using":"xpath","value":"//button[contains(@data-kt ,\"catalogItemAssignRuButton\")]"}
COMMAND: POST /session/2332ccd2e8bcc895b03cacebcf8e3681/element/f.B01AE492A9312D985D5F46C9A0123422.d.5E0E9488F20096C443F0851F5C5B19A0.e.4456/click - {}
RESULT: {}
RESULT: {}
COMMAND: GET /session/2332ccd2e8bcc895b03cacebcf8e3681/screenshot - {}
RESULT: {}
COMMAND: POST /session/2332ccd2e8bcc895b03cacebcf8e3681/actions - {"actions":[{"id":"action15","type":"key","parameters":{},"actions":[{"type":"keyDown","value":"î€‡"},{"type":"pause","duration":10},{"type":"keyUp","value":"î€‡"}]}]}
RESULT: {"actions":[{"id":"action15","type":"key","parameters":{},"actions":[{"type":"keyDown","value":"î€‡"},{"type":"pause","duration":10},{"type":"keyUp","value":"î€‡"}]}]}
COMMAND: POST /session/2332ccd2e8bcc895b03cacebcf8e3681/execute/async - {"script":"<script> [1562 bytes]","args":[{"selector":{"id":"application-managecatalogs-display-component---detailCatalog--assignRUSearchField-vhi","searchOpenDialogs":true},"wdio_ui5_key":"applicationmanagecatalogs-display-component---detailCatalog--assignRUSearchField-vhi"}]}
COMMAND: GET /session/2332ccd2e8bcc895b03cacebcf8e3681/screenshot - {}
RESULT: {"script":"<script> [1562 bytes]","args":[{"selector":{"id":"application-managecatalogs-display-component---detailCatalog--assignRUSearchField-vhi","searchOpenDialogs":true},"wdio_ui5_key":"applicationmanagecatalogs-display-component---detailCatalog--assignRUSearchField-vhi"}]}
RESULT: undefined
COMMAND: POST /session/2332ccd2e8bcc895b03cacebcf8e3681/element - {"using":"xpath","value":"//*[@id=\"application-managecatalogs-display-component---detailCatalog--assignRUSearchField-vhi\"]"}
RESULT: {}
RESULT: {"using":"xpath","value":"//*[@id=\"application-managecatalogs-display-component---detailCatalog--assignRUSearchField-vhi\"]"}
COMMAND: POST /session/2332ccd2e8bcc895b03cacebcf8e3681/element/f.B01AE492A9312D985D5F46C9A0123422.d.5E0E9488F20096C443F0851F5C5B19A0.e.4477/click - {}
RESULT: {}
COMMAND: GET /session/2332ccd2e8bcc895b03cacebcf8e3681/screenshot - {}
RESULT: {}
COMMAND: POST /session/2332ccd2e8bcc895b03cacebcf8e3681/element - {"using":"xpath","value":"//input[contains(@id ,\"searchField-I\")]"}
RESULT: {"using":"xpath","value":"//input[contains(@id ,\"searchField-I\")]"}
COMMAND: POST /session/2332ccd2e8bcc895b03cacebcf8e3681/element/f.B01AE492A9312D985D5F46C9A0123422.d.5E0E9488F20096C443F0851F5C5B19A0.e.4481/clear - {}
RESULT: {}
COMMAND: POST /session/2332ccd2e8bcc895b03cacebcf8e3681/element/f.B01AE492A9312D985D5F46C9A0123422.d.5E0E9488F20096C443F0851F5C5B19A0.e.4481/value - {"text":"WdIOR2cEquips8cxa"}
COMMAND: GET /session/2332ccd2e8bcc895b03cacebcf8e3681/screenshot - {}
RESULT: {"text":"WdIOR2cEquips8cxa"}
COMMAND: GET /session/2332ccd2e8bcc895b03cacebcf8e3681/screenshot - {}
RESULT: {}
RESULT: {}
COMMAND: POST /session/2332ccd2e8bcc895b03cacebcf8e3681/actions - {"actions":[{"id":"action16","type":"key","parameters":{},"actions":[{"type":"keyDown","value":"î€‡"},{"type":"pause","duration":10},{"type":"keyUp","value":"î€‡"}]}]}
RESULT: {"actions":[{"id":"action16","type":"key","parameters":{},"actions":[{"type":"keyDown","value":"î€‡"},{"type":"pause","duration":10},{"type":"keyUp","value":"î€‡"}]}]}
COMMAND: GET /session/2332ccd2e8bcc895b03cacebcf8e3681/screenshot - {}
RESULT: {}
COMMAND: POST /session/2332ccd2e8bcc895b03cacebcf8e3681/actions - {"actions":[{"id":"action17","type":"key","parameters":{},"actions":[{"type":"keyDown","value":"î€„"},{"type":"pause","duration":10},{"type":"keyUp","value":"î€„"}]}]}
RESULT: {"actions":[{"id":"action17","type":"key","parameters":{},"actions":[{"type":"keyDown","value":"î€„"},{"type":"pause","duration":10},{"type":"keyUp","value":"î€„"}]}]}
COMMAND: GET /session/2332ccd2e8bcc895b03cacebcf8e3681/screenshot - {}
RESULT: {}
COMMAND: POST /session/2332ccd2e8bcc895b03cacebcf8e3681/actions - {"actions":[{"id":"action18","type":"key","parameters":{},"actions":[{"type":"keyDown","value":"î€‡"},{"type":"pause","duration":10},{"type":"keyUp","value":"î€‡"}]}]}
RESULT: {"actions":[{"id":"action18","type":"key","parameters":{},"actions":[{"type":"keyDown","value":"î€‡"},{"type":"pause","duration":10},{"type":"keyUp","value":"î€‡"}]}]}
COMMAND: GET /session/2332ccd2e8bcc895b03cacebcf8e3681/screenshot - {}
RESULT: {}
COMMAND: POST /session/2332ccd2e8bcc895b03cacebcf8e3681/element - {"using":"xpath","value":"//bdi[contains(@id ,\"application-managecatalogs-display-component---detailCatalog--RUAssignmentSaveButton-BDI-content\")]"}
RESULT: {"using":"xpath","value":"//bdi[contains(@id ,\"application-managecatalogs-display-component---detailCatalog--RUAssignmentSaveButton-BDI-content\")]"}
COMMAND: POST /session/2332ccd2e8bcc895b03cacebcf8e3681/element/f.B01AE492A9312D985D5F46C9A0123422.d.5E0E9488F20096C443F0851F5C5B19A0.e.4514/click - {}
RESULT: {}
COMMAND: GET /session/2332ccd2e8bcc895b03cacebcf8e3681/screenshot - {}
RESULT: {}
COMMAND: POST /session/2332ccd2e8bcc895b03cacebcf8e3681/element - {"using":"xpath","value":"//bdi[contains(@id ,\"application-managecatalogs-display-component---detailCatalog--ObjectPageLayout-anchBar-application-managecatalogs-display-component---detailCatalog--sectionRUs-anchor-BDI-content\")]"}
RESULT: {"using":"xpath","value":"//bdi[contains(@id ,\"application-managecatalogs-display-component---detailCatalog--ObjectPageLayout-anchBar-application-managecatalogs-display-component---detailCatalog--sectionRUs-anchor-BDI-content\")]"}
COMMAND: POST /session/2332ccd2e8bcc895b03cacebcf8e3681/element/f.B01AE492A9312D985D5F46C9A0123422.d.5E0E9488F20096C443F0851F5C5B19A0.e.4536/click - {}
RESULT: {}
COMMAND: GET /session/2332ccd2e8bcc895b03cacebcf8e3681/screenshot - {}
RESULT: {}
COMMAND: POST /session/2332ccd2e8bcc895b03cacebcf8e3681/element - {"using":"xpath","value":"//button[contains(@data-kt ,\"catalogItemAssignRuButton\")]"}
RESULT: {"using":"xpath","value":"//button[contains(@data-kt ,\"catalogItemAssignRuButton\")]"}
COMMAND: POST /session/2332ccd2e8bcc895b03cacebcf8e3681/element/f.B01AE492A9312D985D5F46C9A0123422.d.5E0E9488F20096C443F0851F5C5B19A0.e.4456/click - {}
RESULT: {}
COMMAND: GET /session/2332ccd2e8bcc895b03cacebcf8e3681/screenshot - {}
RESULT: {}
COMMAND: POST /session/2332ccd2e8bcc895b03cacebcf8e3681/actions - {"actions":[{"id":"action19","type":"key","parameters":{},"actions":[{"type":"keyDown","value":"î€‡"},{"type":"pause","duration":10},{"type":"keyUp","value":"î€‡"}]}]}
RESULT: {"actions":[{"id":"action19","type":"key","parameters":{},"actions":[{"type":"keyDown","value":"î€‡"},{"type":"pause","duration":10},{"type":"keyUp","value":"î€‡"}]}]}
RESULT: undefined
COMMAND: POST /session/2332ccd2e8bcc895b03cacebcf8e3681/element - {"using":"xpath","value":"//*[@id=\"application-managecatalogs-display-component---detailCatalog--assignRUSearchField-vhi\"]"}
COMMAND: GET /session/2332ccd2e8bcc895b03cacebcf8e3681/screenshot - {}
RESULT: {"using":"xpath","value":"//*[@id=\"application-managecatalogs-display-component---detailCatalog--assignRUSearchField-vhi\"]"}
COMMAND: POST /session/2332ccd2e8bcc895b03cacebcf8e3681/elements - {"using":"xpath","value":"//*[@id=\"application-managecatalogs-display-component---detailCatalog--assignRUSearchField-vhi\"]"}
RESULT: {}
RESULT: {"using":"xpath","value":"//*[@id=\"application-managecatalogs-display-component---detailCatalog--assignRUSearchField-vhi\"]"}
COMMAND: POST /session/2332ccd2e8bcc895b03cacebcf8e3681/element - {"using":"xpath","value":"//*[@id=\"application-managecatalogs-display-component---detailCatalog--assignRUSearchField-vhi\"]"}
RESULT: {"using":"xpath","value":"//*[@id=\"application-managecatalogs-display-component---detailCatalog--assignRUSearchField-vhi\"]"}
COMMAND: POST /session/2332ccd2e8bcc895b03cacebcf8e3681/element/f.B01AE492A9312D985D5F46C9A0123422.d.5E0E9488F20096C443F0851F5C5B19A0.e.4556/click - {}
RESULT: {}
COMMAND: POST /session/2332ccd2e8bcc895b03cacebcf8e3681/execute/async - {"script":"<script> [1562 bytes]","args":[{"selector":{"controlType":"sap.m.SearchField","viewName":"etm.portal.ui.managecatalogs.view.Detail","viewId":"application-managecatalogs-display-component---detailCatalog","searchOpenDialogs":true,"interaction":{"idSuffix":"I"}},"wdio_ui5_key":"etmportal.ui.managecatalogs.view.Detailsap.m.SearchField"}]}
COMMAND: GET /session/2332ccd2e8bcc895b03cacebcf8e3681/screenshot - {}
RESULT: {"script":"<script> [1562 bytes]","args":[{"selector":{"controlType":"sap.m.SearchField","viewName":"etm.portal.ui.managecatalogs.view.Detail","viewId":"application-managecatalogs-display-component---detailCatalog","searchOpenDialogs":true,"interaction":{"idSuffix":"I"}},"wdio_ui5_key":"etmportal.ui.managecatalogs.view.Detailsap.m.SearchField"}]}
RESULT: undefined
COMMAND: POST /session/2332ccd2e8bcc895b03cacebcf8e3681/execute/async - {"script":"<script> [776 bytes]","args":[{"enterText":"WebdriverRUR2Cgfin7","selector":{"controlType":"sap.m.SearchField","viewName":"etm.portal.ui.managecatalogs.view.Detail","viewId":"application-managecatalogs-display-component---detailCatalog","searchOpenDialogs":true,"interaction":{"idSuffix":"I"}},"clearTextFirst":true,"interactionType":"ENTER_TEXT"}]}
RESULT: {}
RESULT: {"script":"<script> [776 bytes]","args":[{"enterText":"WebdriverRUR2Cgfin7","selector":{"controlType":"sap.m.SearchField","viewName":"etm.portal.ui.managecatalogs.view.Detail","viewId":"application-managecatalogs-display-component---detailCatalog","searchOpenDialogs":true,"interaction":{"idSuffix":"I"}},"clearTextFirst":true,"interactionType":"ENTER_TEXT"}]}
COMMAND: POST /session/2332ccd2e8bcc895b03cacebcf8e3681/actions - {"actions":[{"id":"action20","type":"key","parameters":{},"actions":[{"type":"keyDown","value":"î€‡"},{"type":"pause","duration":10},{"type":"keyUp","value":"î€‡"}]}]}
RESULT: {"actions":[{"id":"action20","type":"key","parameters":{},"actions":[{"type":"keyDown","value":"î€‡"},{"type":"pause","duration":10},{"type":"keyUp","value":"î€‡"}]}]}
COMMAND: GET /session/2332ccd2e8bcc895b03cacebcf8e3681/screenshot - {}
RESULT: {}
COMMAND: POST /session/2332ccd2e8bcc895b03cacebcf8e3681/element - {"using":"xpath","value":"(//span[contains(text(), \"WebdriverRUR2Cgfin7\")])[1]"}
RESULT: {"using":"xpath","value":"(//span[contains(text(), \"WebdriverRUR2Cgfin7\")])[1]"}
COMMAND: POST /session/2332ccd2e8bcc895b03cacebcf8e3681/element/f.B01AE492A9312D985D5F46C9A0123422.d.5E0E9488F20096C443F0851F5C5B19A0.e.4572/click - {}
RESULT: {}
COMMAND: POST /session/2332ccd2e8bcc895b03cacebcf8e3681/execute/async - {"script":"<script> [1562 bytes]","args":[{"selector":{"id":"application-managecatalogs-display-component---detailCatalog--RUAssignmentSaveButton","searchOpenDialogs":true,"interaction":{"idSuffix":"BDI-content"}},"wdio_ui5_key":"applicationmanagecatalogs-display-component---detailCatalog--RUAssignmentSaveButton"}]}
COMMAND: GET /session/2332ccd2e8bcc895b03cacebcf8e3681/screenshot - {}
RESULT: {"script":"<script> [1562 bytes]","args":[{"selector":{"id":"application-managecatalogs-display-component---detailCatalog--RUAssignmentSaveButton","searchOpenDialogs":true,"interaction":{"idSuffix":"BDI-content"}},"wdio_ui5_key":"applicationmanagecatalogs-display-component---detailCatalog--RUAssignmentSaveButton"}]}
RESULT: undefined
COMMAND: POST /session/2332ccd2e8bcc895b03cacebcf8e3681/element - {"using":"xpath","value":"//*[@id=\"application-managecatalogs-display-component---detailCatalog--RUAssignmentSaveButton\"]"}
RESULT: {}
RESULT: {"using":"xpath","value":"//*[@id=\"application-managecatalogs-display-component---detailCatalog--RUAssignmentSaveButton\"]"}
COMMAND: POST /session/2332ccd2e8bcc895b03cacebcf8e3681/element/f.B01AE492A9312D985D5F46C9A0123422.d.5E0E9488F20096C443F0851F5C5B19A0.e.4577/click - {}
RESULT: {}
COMMAND: GET /session/2332ccd2e8bcc895b03cacebcf8e3681/screenshot - {}
RESULT: {}
COMMAND: POST /session/2332ccd2e8bcc895b03cacebcf8e3681/element - {"using":"xpath","value":"//bdi[contains(text(), \"Save\")]"}
RESULT: {"using":"xpath","value":"//bdi[contains(text(), \"Save\")]"}
COMMAND: POST /session/2332ccd2e8bcc895b03cacebcf8e3681/element/f.B01AE492A9312D985D5F46C9A0123422.d.5E0E9488F20096C443F0851F5C5B19A0.e.4600/click - {}
RESULT: {}
COMMAND: GET /session/2332ccd2e8bcc895b03cacebcf8e3681/screenshot - {}
RESULT: {}
COMMAND: POST /session/2332ccd2e8bcc895b03cacebcf8e3681/element - {"using":"css selector","value":"#shell-header-logo"}
RESULT: {"using":"css selector","value":"#shell-header-logo"}
COMMAND: POST /session/2332ccd2e8bcc895b03cacebcf8e3681/element/f.B01AE492A9312D985D5F46C9A0123422.d.5E0E9488F20096C443F0851F5C5B19A0.e.4258/click - {}
RESULT: {}
COMMAND: GET /session/2332ccd2e8bcc895b03cacebcf8e3681/screenshot - {}
RESULT: {}
]]></system-out>
    </testcase>
    <testcase classname="chrome.135_0_7049_96.windows.Standard_contract_-_add_contract_items_by_Insert_Request_US118222" name="Should create a new contract" time="77.928">
      <system-out><![CDATA[
COMMAND: POST /session/2332ccd2e8bcc895b03cacebcf8e3681/execute/async - {"script":"<script> [1562 bytes]","args":[{"selector":{"controlType":"sap.m.Text","viewName":"etm.portal.ui.managecontractstile.view.Master","properties":{"text":"Manage Contracts"},"interaction":{"idSuffix":"inner"}},"wdio_ui5_key":"etmportal.ui.managecontractstile.view.Mastersap.m.Text{\"text\":\"Manage Contracts\"}"}]}
RESULT: {"script":"<script> [1562 bytes]","args":[{"selector":{"controlType":"sap.m.Text","viewName":"etm.portal.ui.managecontractstile.view.Master","properties":{"text":"Manage Contracts"},"interaction":{"idSuffix":"inner"}},"wdio_ui5_key":"etmportal.ui.managecontractstile.view.Mastersap.m.Text{\"text\":\"Manage Contracts\"}"}]}
RESULT: undefined
COMMAND: POST /session/2332ccd2e8bcc895b03cacebcf8e3681/element - {"using":"xpath","value":"//*[@id=\"__tile130-title\"]"}
RESULT: {"using":"xpath","value":"//*[@id=\"__tile130-title\"]"}
COMMAND: POST /session/2332ccd2e8bcc895b03cacebcf8e3681/element/f.B01AE492A9312D985D5F46C9A0123422.d.5E0E9488F20096C443F0851F5C5B19A0.e.4637/click - {}
RESULT: {}
COMMAND: GET /session/2332ccd2e8bcc895b03cacebcf8e3681/screenshot - {}
RESULT: {}
COMMAND: POST /session/2332ccd2e8bcc895b03cacebcf8e3681/element - {"using":"xpath","value":"//button[@data-kt=\"addButton\"]"}
RESULT: {"using":"xpath","value":"//button[@data-kt=\"addButton\"]"}
COMMAND: POST /session/2332ccd2e8bcc895b03cacebcf8e3681/element/f.B01AE492A9312D985D5F46C9A0123422.d.5E0E9488F20096C443F0851F5C5B19A0.e.4688/click - {}
RESULT: {}
COMMAND: GET /session/2332ccd2e8bcc895b03cacebcf8e3681/screenshot - {}
RESULT: {}
COMMAND: POST /session/2332ccd2e8bcc895b03cacebcf8e3681/execute/async - {"script":"<script> [1562 bytes]","args":[{"selector":{"id":"application-managecontracts-display-component---AddNewContract--projectDescription","interaction":{"idSuffix":"inner"}},"wdio_ui5_key":"applicationmanagecontracts-display-component---AddNewContract--projectDescription"}]}
RESULT: {"script":"<script> [1562 bytes]","args":[{"selector":{"id":"application-managecontracts-display-component---AddNewContract--projectDescription","interaction":{"idSuffix":"inner"}},"wdio_ui5_key":"applicationmanagecontracts-display-component---AddNewContract--projectDescription"}]}
RESULT: undefined
COMMAND: POST /session/2332ccd2e8bcc895b03cacebcf8e3681/execute/async - {"script":"<script> [776 bytes]","args":[{"enterText":"WdIOR2cx6us","selector":{"id":"application-managecontracts-display-component---AddNewContract--projectDescription","interaction":{"idSuffix":"inner"}},"clearTextFirst":true,"interactionType":"ENTER_TEXT"}]}
RESULT: {"script":"<script> [776 bytes]","args":[{"enterText":"WdIOR2cx6us","selector":{"id":"application-managecontracts-display-component---AddNewContract--projectDescription","interaction":{"idSuffix":"inner"}},"clearTextFirst":true,"interactionType":"ENTER_TEXT"}]}
COMMAND: POST /session/2332ccd2e8bcc895b03cacebcf8e3681/element - {"using":"xpath","value":"//input[@id=\"application-managecontracts-display-component---AddNewContract--yardId-inner\"]"}
RESULT: {"using":"xpath","value":"//input[@id=\"application-managecontracts-display-component---AddNewContract--yardId-inner\"]"}
COMMAND: POST /session/2332ccd2e8bcc895b03cacebcf8e3681/element/f.B01AE492A9312D985D5F46C9A0123422.d.5E0E9488F20096C443F0851F5C5B19A0.e.4969/clear - {}
RESULT: {}
COMMAND: POST /session/2332ccd2e8bcc895b03cacebcf8e3681/element/f.B01AE492A9312D985D5F46C9A0123422.d.5E0E9488F20096C443F0851F5C5B19A0.e.4969/value - {"text":"WebdriverYardolz1a"}
COMMAND: GET /session/2332ccd2e8bcc895b03cacebcf8e3681/screenshot - {}
RESULT: {"text":"WebdriverYardolz1a"}
COMMAND: GET /session/2332ccd2e8bcc895b03cacebcf8e3681/screenshot - {}
RESULT: {}
RESULT: {}
COMMAND: POST /session/2332ccd2e8bcc895b03cacebcf8e3681/actions - {"actions":[{"id":"action21","type":"key","parameters":{},"actions":[{"type":"keyDown","value":"î€‡"},{"type":"pause","duration":10},{"type":"keyUp","value":"î€‡"}]}]}
RESULT: {"actions":[{"id":"action21","type":"key","parameters":{},"actions":[{"type":"keyDown","value":"î€‡"},{"type":"pause","duration":10},{"type":"keyUp","value":"î€‡"}]}]}
COMMAND: GET /session/2332ccd2e8bcc895b03cacebcf8e3681/screenshot - {}
RESULT: {}
COMMAND: POST /session/2332ccd2e8bcc895b03cacebcf8e3681/element - {"using":"xpath","value":"//input[@id=\"application-managecontracts-display-component---AddNewContract--customerSelect-inner\"]"}
RESULT: {"using":"xpath","value":"//input[@id=\"application-managecontracts-display-component---AddNewContract--customerSelect-inner\"]"}
COMMAND: POST /session/2332ccd2e8bcc895b03cacebcf8e3681/element/f.B01AE492A9312D985D5F46C9A0123422.d.5E0E9488F20096C443F0851F5C5B19A0.e.4967/clear - {}
RESULT: {}
COMMAND: POST /session/2332ccd2e8bcc895b03cacebcf8e3681/element/f.B01AE492A9312D985D5F46C9A0123422.d.5E0E9488F20096C443F0851F5C5B19A0.e.4967/value - {"text":"WebdriverPartnerm0vgp"}
COMMAND: GET /session/2332ccd2e8bcc895b03cacebcf8e3681/screenshot - {}
RESULT: {"text":"WebdriverPartnerm0vgp"}
COMMAND: GET /session/2332ccd2e8bcc895b03cacebcf8e3681/screenshot - {}
RESULT: {}
RESULT: {}
COMMAND: POST /session/2332ccd2e8bcc895b03cacebcf8e3681/actions - {"actions":[{"id":"action22","type":"key","parameters":{},"actions":[{"type":"keyDown","value":"î€‡"},{"type":"pause","duration":10},{"type":"keyUp","value":"î€‡"}]}]}
RESULT: {"actions":[{"id":"action22","type":"key","parameters":{},"actions":[{"type":"keyDown","value":"î€‡"},{"type":"pause","duration":10},{"type":"keyUp","value":"î€‡"}]}]}
COMMAND: GET /session/2332ccd2e8bcc895b03cacebcf8e3681/screenshot - {}
RESULT: {}
COMMAND: POST /session/2332ccd2e8bcc895b03cacebcf8e3681/element - {"using":"xpath","value":"//input[@id=\"application-managecontracts-display-component---AddNewContract--site-inner\"]"}
RESULT: {"using":"xpath","value":"//input[@id=\"application-managecontracts-display-component---AddNewContract--site-inner\"]"}
COMMAND: POST /session/2332ccd2e8bcc895b03cacebcf8e3681/element/f.B01AE492A9312D985D5F46C9A0123422.d.5E0E9488F20096C443F0851F5C5B19A0.e.4968/clear - {}
RESULT: {}
COMMAND: POST /session/2332ccd2e8bcc895b03cacebcf8e3681/element/f.B01AE492A9312D985D5F46C9A0123422.d.5E0E9488F20096C443F0851F5C5B19A0.e.4968/value - {"text":"WebdriverSitelw9j4"}
COMMAND: GET /session/2332ccd2e8bcc895b03cacebcf8e3681/screenshot - {}
RESULT: {"text":"WebdriverSitelw9j4"}
COMMAND: GET /session/2332ccd2e8bcc895b03cacebcf8e3681/screenshot - {}
RESULT: {}
RESULT: {}
COMMAND: POST /session/2332ccd2e8bcc895b03cacebcf8e3681/actions - {"actions":[{"id":"action23","type":"key","parameters":{},"actions":[{"type":"keyDown","value":"î€‡"},{"type":"pause","duration":10},{"type":"keyUp","value":"î€‡"}]}]}
RESULT: {"actions":[{"id":"action23","type":"key","parameters":{},"actions":[{"type":"keyDown","value":"î€‡"},{"type":"pause","duration":10},{"type":"keyUp","value":"î€‡"}]}]}
COMMAND: GET /session/2332ccd2e8bcc895b03cacebcf8e3681/screenshot - {}
RESULT: {}
COMMAND: POST /session/2332ccd2e8bcc895b03cacebcf8e3681/element - {"using":"xpath","value":"//button[@data-kt=\"saveButton\"]"}
RESULT: {"using":"xpath","value":"//button[@data-kt=\"saveButton\"]"}
COMMAND: POST /session/2332ccd2e8bcc895b03cacebcf8e3681/element/f.B01AE492A9312D985D5F46C9A0123422.d.5E0E9488F20096C443F0851F5C5B19A0.e.4989/click - {}
RESULT: {}
COMMAND: GET /session/2332ccd2e8bcc895b03cacebcf8e3681/screenshot - {}
RESULT: {}
COMMAND: POST /session/2332ccd2e8bcc895b03cacebcf8e3681/execute/async - {"script":"<script> [1562 bytes]","args":[{"selector":{"id":"contractDetailTitleNoExpanded","viewName":"etm.portal.ui.managecontracts.view.Detail"},"wdio_ui5_key":"contractDetailTitleNoExpandedetmportal.ui.managecontracts.view.Detail"}]}
RESULT: {"script":"<script> [1562 bytes]","args":[{"selector":{"id":"contractDetailTitleNoExpanded","viewName":"etm.portal.ui.managecontracts.view.Detail"},"wdio_ui5_key":"contractDetailTitleNoExpandedetmportal.ui.managecontracts.view.Detail"}]}
RESULT: undefined
COMMAND: POST /session/2332ccd2e8bcc895b03cacebcf8e3681/execute/async - {"script":"<script> [6424 bytes]","args":[{"element-6066-11e4-a52e-4f735466cecf":"f.B01AE492A9312D985D5F46C9A0123422.d.5E0E9488F20096C443F0851F5C5B19A0.e.5066"},"getText",[]]}
RESULT: {"script":"<script> [6424 bytes]","args":[{"element-6066-11e4-a52e-4f735466cecf":"f.B01AE492A9312D985D5F46C9A0123422.d.5E0E9488F20096C443F0851F5C5B19A0.e.5066"},"getText",[]]}
]]></system-out>
    </testcase>
    <testcase classname="chrome.135_0_7049_96.windows.Standard_contract_-_add_contract_items_by_Insert_Request_US118222" name="Should create a new request and plan it" time="152.659">
      <system-out><![CDATA[
COMMAND: POST /session/2332ccd2e8bcc895b03cacebcf8e3681/element - {"using":"css selector","value":"#shell-header-logo"}
RESULT: {"using":"css selector","value":"#shell-header-logo"}
COMMAND: POST /session/2332ccd2e8bcc895b03cacebcf8e3681/element/f.B01AE492A9312D985D5F46C9A0123422.d.5E0E9488F20096C443F0851F5C5B19A0.e.4639/click - {}
RESULT: {}
COMMAND: GET /session/2332ccd2e8bcc895b03cacebcf8e3681/screenshot - {}
RESULT: {}
COMMAND: POST /session/2332ccd2e8bcc895b03cacebcf8e3681/execute/async - {"script":"<script> [1562 bytes]","args":[{"selector":{"controlType":"sap.m.GenericTile","properties":{"header":"Manage Requests"}},"wdio_ui5_key":"sapm.GenericTile{\"header\":\"Manage Requests\"}"}]}
RESULT: {"script":"<script> [1562 bytes]","args":[{"selector":{"controlType":"sap.m.GenericTile","properties":{"header":"Manage Requests"}},"wdio_ui5_key":"sapm.GenericTile{\"header\":\"Manage Requests\"}"}]}
RESULT: undefined
COMMAND: POST /session/2332ccd2e8bcc895b03cacebcf8e3681/element - {"using":"xpath","value":"//*[@id=\"__tile47\"]"}
RESULT: {"using":"xpath","value":"//*[@id=\"__tile47\"]"}
COMMAND: POST /session/2332ccd2e8bcc895b03cacebcf8e3681/element/f.B01AE492A9312D985D5F46C9A0123422.d.5E0E9488F20096C443F0851F5C5B19A0.e.5071/click - {}
RESULT: {}
COMMAND: GET /session/2332ccd2e8bcc895b03cacebcf8e3681/screenshot - {}
RESULT: {}
COMMAND: POST /session/2332ccd2e8bcc895b03cacebcf8e3681/element - {"using":"xpath","value":"//button[contains(@data-kt ,\"btnCreateNewOverflowToolbarButton\")]"}
COMMAND: POST /session/2332ccd2e8bcc895b03cacebcf8e3681/element - {"using":"xpath","value":"(//span[contains(@class ,\"sapMObjStatusText\")])[1]"}
RESULT: {"using":"xpath","value":"//button[contains(@data-kt ,\"btnCreateNewOverflowToolbarButton\")]"}
COMMAND: POST /session/2332ccd2e8bcc895b03cacebcf8e3681/element/f.B01AE492A9312D985D5F46C9A0123422.d.5E0E9488F20096C443F0851F5C5B19A0.e.5145/click - {}
RESULT: {"using":"xpath","value":"(//span[contains(@class ,\"sapMObjStatusText\")])[1]"}
COMMAND: POST /session/2332ccd2e8bcc895b03cacebcf8e3681/execute/sync - {"script":"<script> [8489 bytes]","args":[{"element-6066-11e4-a52e-4f735466cecf":"f.B01AE492A9312D985D5F46C9A0123422.d.5E0E9488F20096C443F0851F5C5B19A0.e.5182","ELEMENT":"f.B01AE492A9312D985D5F46C9A0123422.d.5E0E9488F20096C443F0851F5C5B19A0.e.5182"}]}
RESULT: {}
COMMAND: GET /session/2332ccd2e8bcc895b03cacebcf8e3681/screenshot - {}
RESULT: {"script":"<script> [8489 bytes]","args":[{"element-6066-11e4-a52e-4f735466cecf":"f.B01AE492A9312D985D5F46C9A0123422.d.5E0E9488F20096C443F0851F5C5B19A0.e.5182","ELEMENT":"f.B01AE492A9312D985D5F46C9A0123422.d.5E0E9488F20096C443F0851F5C5B19A0.e.5182"}]}
COMMAND: GET /session/2332ccd2e8bcc895b03cacebcf8e3681/screenshot - {}
RESULT: {}
RESULT: {}
COMMAND: POST /session/2332ccd2e8bcc895b03cacebcf8e3681/element - {"using":"xpath","value":"//input[contains(@id ,\"yardId-inner\")]"}
RESULT: {"using":"xpath","value":"//input[contains(@id ,\"yardId-inner\")]"}
COMMAND: POST /session/2332ccd2e8bcc895b03cacebcf8e3681/execute/sync - {"script":"<script> [8489 bytes]","args":[{"element-6066-11e4-a52e-4f735466cecf":"f.B01AE492A9312D985D5F46C9A0123422.d.5E0E9488F20096C443F0851F5C5B19A0.e.5398","ELEMENT":"f.B01AE492A9312D985D5F46C9A0123422.d.5E0E9488F20096C443F0851F5C5B19A0.e.5398"}]}
RESULT: {"script":"<script> [8489 bytes]","args":[{"element-6066-11e4-a52e-4f735466cecf":"f.B01AE492A9312D985D5F46C9A0123422.d.5E0E9488F20096C443F0851F5C5B19A0.e.5398","ELEMENT":"f.B01AE492A9312D985D5F46C9A0123422.d.5E0E9488F20096C443F0851F5C5B19A0.e.5398"}]}
COMMAND: POST /session/2332ccd2e8bcc895b03cacebcf8e3681/element - {"using":"xpath","value":"//input[contains(@id ,\"requestContractNo-inner\")]"}
COMMAND: POST /session/2332ccd2e8bcc895b03cacebcf8e3681/element - {"using":"xpath","value":"//input[contains(@id ,\"requestContractNo-inner\")]"}
COMMAND: GET /session/2332ccd2e8bcc895b03cacebcf8e3681/screenshot - {}
RESULT: {"using":"xpath","value":"//input[contains(@id ,\"requestContractNo-inner\")]"}
COMMAND: POST /session/2332ccd2e8bcc895b03cacebcf8e3681/element/f.B01AE492A9312D985D5F46C9A0123422.d.5E0E9488F20096C443F0851F5C5B19A0.e.5393/value - {"text":"10287"}
RESULT: {"using":"xpath","value":"//input[contains(@id ,\"requestContractNo-inner\")]"}
COMMAND: GET /session/2332ccd2e8bcc895b03cacebcf8e3681/element/f.B01AE492A9312D985D5F46C9A0123422.d.5E0E9488F20096C443F0851F5C5B19A0.e.5393/enabled - {}
RESULT: {}
RESULT: {"text":"10287"}
COMMAND: GET /session/2332ccd2e8bcc895b03cacebcf8e3681/screenshot - {}
RESULT: {}
COMMAND: GET /session/2332ccd2e8bcc895b03cacebcf8e3681/screenshot - {}
RESULT: {}
RESULT: {}
COMMAND: POST /session/2332ccd2e8bcc895b03cacebcf8e3681/actions - {"actions":[{"id":"action24","type":"key","parameters":{},"actions":[{"type":"keyDown","value":"î€‡"},{"type":"pause","duration":10},{"type":"keyUp","value":"î€‡"}]}]}
RESULT: {"actions":[{"id":"action24","type":"key","parameters":{},"actions":[{"type":"keyDown","value":"î€‡"},{"type":"pause","duration":10},{"type":"keyUp","value":"î€‡"}]}]}
COMMAND: GET /session/2332ccd2e8bcc895b03cacebcf8e3681/screenshot - {}
RESULT: {}
COMMAND: POST /session/2332ccd2e8bcc895b03cacebcf8e3681/execute/async - {"script":"<script> [1562 bytes]","args":[{"selector":{"controlType":"sap.ui.core.Icon","viewName":"etm.portal.ui.managerequests.view.NewRequest","properties":{"src":{"regex":{"source":"add"}}}},"wdio_ui5_key":"etmportal.ui.managerequests.view.NewRequestsap.ui.core.Icon{\"src\":{\"regex\":{\"source\":\"add\"}}}"}]}
RESULT: {"script":"<script> [1562 bytes]","args":[{"selector":{"controlType":"sap.ui.core.Icon","viewName":"etm.portal.ui.managerequests.view.NewRequest","properties":{"src":{"regex":{"source":"add"}}}},"wdio_ui5_key":"etmportal.ui.managerequests.view.NewRequestsap.ui.core.Icon{\"src\":{\"regex\":{\"source\":\"add\"}}}"}]}
RESULT: undefined
COMMAND: POST /session/2332ccd2e8bcc895b03cacebcf8e3681/element - {"using":"xpath","value":"//*[@id=\"__xmlview61--btnAddTableRow-img\"]"}
RESULT: {"using":"xpath","value":"//*[@id=\"__xmlview61--btnAddTableRow-img\"]"}
COMMAND: POST /session/2332ccd2e8bcc895b03cacebcf8e3681/element/f.B01AE492A9312D985D5F46C9A0123422.d.5E0E9488F20096C443F0851F5C5B19A0.e.5372/click - {}
RESULT: {}
COMMAND: GET /session/2332ccd2e8bcc895b03cacebcf8e3681/screenshot - {}
RESULT: {}
COMMAND: POST /session/2332ccd2e8bcc895b03cacebcf8e3681/execute/async - {"script":"<script> [1562 bytes]","args":[{"selector":{"controlType":"sap.ui.unified.MenuItem","viewName":"etm.portal.ui.managerequests.view.NewRequest","i18NText":{"propertyName":"text","key":"standardEntry"},"searchOpenDialogs":true,"interaction":{"idSuffix":"txt"}},"wdio_ui5_key":"etmportal.ui.managerequests.view.NewRequestsap.ui.unified.MenuItem{\"propertyName\":\"text\",\"key\":\"standardEntry\"}"}]}
RESULT: {"script":"<script> [1562 bytes]","args":[{"selector":{"controlType":"sap.ui.unified.MenuItem","viewName":"etm.portal.ui.managerequests.view.NewRequest","i18NText":{"propertyName":"text","key":"standardEntry"},"searchOpenDialogs":true,"interaction":{"idSuffix":"txt"}},"wdio_ui5_key":"etmportal.ui.managerequests.view.NewRequestsap.ui.unified.MenuItem{\"propertyName\":\"text\",\"key\":\"standardEntry\"}"}]}
RESULT: undefined
COMMAND: POST /session/2332ccd2e8bcc895b03cacebcf8e3681/element - {"using":"xpath","value":"//*[@id=\"__item1417\"]"}
RESULT: {"using":"xpath","value":"//*[@id=\"__item1417\"]"}
COMMAND: POST /session/2332ccd2e8bcc895b03cacebcf8e3681/element/f.B01AE492A9312D985D5F46C9A0123422.d.5E0E9488F20096C443F0851F5C5B19A0.e.5536/click - {}
RESULT: {}
COMMAND: GET /session/2332ccd2e8bcc895b03cacebcf8e3681/screenshot - {}
RESULT: {}
RESULT: undefined
COMMAND: POST /session/2332ccd2e8bcc895b03cacebcf8e3681/element - {"using":"xpath","value":"//*[@id=\"__xmlview61--btnAddTableRow-img\"]"}
RESULT: {"using":"xpath","value":"//*[@id=\"__xmlview61--btnAddTableRow-img\"]"}
COMMAND: POST /session/2332ccd2e8bcc895b03cacebcf8e3681/element/f.B01AE492A9312D985D5F46C9A0123422.d.5E0E9488F20096C443F0851F5C5B19A0.e.5372/click - {}
RESULT: {}
COMMAND: GET /session/2332ccd2e8bcc895b03cacebcf8e3681/screenshot - {}
RESULT: {}
RESULT: undefined
COMMAND: POST /session/2332ccd2e8bcc895b03cacebcf8e3681/element - {"using":"xpath","value":"//*[@id=\"__item1417\"]"}
RESULT: {"using":"xpath","value":"//*[@id=\"__item1417\"]"}
COMMAND: POST /session/2332ccd2e8bcc895b03cacebcf8e3681/element/f.B01AE492A9312D985D5F46C9A0123422.d.5E0E9488F20096C443F0851F5C5B19A0.e.5548/click - {}
RESULT: {}
COMMAND: GET /session/2332ccd2e8bcc895b03cacebcf8e3681/screenshot - {}
RESULT: {}
COMMAND: POST /session/2332ccd2e8bcc895b03cacebcf8e3681/element - {"using":"xpath","value":"(//input[contains(@id ,\"requestItemsTable-0-inner\")])[1]"}
RESULT: {"using":"xpath","value":"(//input[contains(@id ,\"requestItemsTable-0-inner\")])[1]"}
COMMAND: POST /session/2332ccd2e8bcc895b03cacebcf8e3681/element/f.B01AE492A9312D985D5F46C9A0123422.d.5E0E9488F20096C443F0851F5C5B19A0.e.5538/clear - {}
RESULT: {}
COMMAND: POST /session/2332ccd2e8bcc895b03cacebcf8e3681/element/f.B01AE492A9312D985D5F46C9A0123422.d.5E0E9488F20096C443F0851F5C5B19A0.e.5538/value - {"text":"catalogItemq1duel"}
COMMAND: GET /session/2332ccd2e8bcc895b03cacebcf8e3681/screenshot - {}
RESULT: {"text":"catalogItemq1duel"}
COMMAND: GET /session/2332ccd2e8bcc895b03cacebcf8e3681/screenshot - {}
RESULT: {}
RESULT: {}
COMMAND: POST /session/2332ccd2e8bcc895b03cacebcf8e3681/actions - {"actions":[{"id":"action25","type":"key","parameters":{},"actions":[{"type":"keyDown","value":"î€‡"},{"type":"pause","duration":10},{"type":"keyUp","value":"î€‡"}]}]}
RESULT: {"actions":[{"id":"action25","type":"key","parameters":{},"actions":[{"type":"keyDown","value":"î€‡"},{"type":"pause","duration":10},{"type":"keyUp","value":"î€‡"}]}]}
COMMAND: POST /session/2332ccd2e8bcc895b03cacebcf8e3681/element - {"using":"xpath","value":"(//input[contains(@id ,\"requestItemsTable-1-inner\")])[1]"}
COMMAND: GET /session/2332ccd2e8bcc895b03cacebcf8e3681/screenshot - {}
RESULT: {"using":"xpath","value":"(//input[contains(@id ,\"requestItemsTable-1-inner\")])[1]"}
COMMAND: POST /session/2332ccd2e8bcc895b03cacebcf8e3681/element/f.B01AE492A9312D985D5F46C9A0123422.d.5E0E9488F20096C443F0851F5C5B19A0.e.5550/clear - {}
RESULT: {}
RESULT: {}
COMMAND: POST /session/2332ccd2e8bcc895b03cacebcf8e3681/element/f.B01AE492A9312D985D5F46C9A0123422.d.5E0E9488F20096C443F0851F5C5B19A0.e.5550/value - {"text":"catalogItemq1duel"}
COMMAND: GET /session/2332ccd2e8bcc895b03cacebcf8e3681/screenshot - {}
RESULT: {"text":"catalogItemq1duel"}
COMMAND: GET /session/2332ccd2e8bcc895b03cacebcf8e3681/screenshot - {}
RESULT: {}
RESULT: {}
COMMAND: POST /session/2332ccd2e8bcc895b03cacebcf8e3681/actions - {"actions":[{"id":"action26","type":"key","parameters":{},"actions":[{"type":"keyDown","value":"î€‡"},{"type":"pause","duration":10},{"type":"keyUp","value":"î€‡"}]}]}
RESULT: {"actions":[{"id":"action26","type":"key","parameters":{},"actions":[{"type":"keyDown","value":"î€‡"},{"type":"pause","duration":10},{"type":"keyUp","value":"î€‡"}]}]}
COMMAND: GET /session/2332ccd2e8bcc895b03cacebcf8e3681/screenshot - {}
RESULT: {}
COMMAND: POST /session/2332ccd2e8bcc895b03cacebcf8e3681/execute/async - {"script":"<script> [1562 bytes]","args":[{"selector":{"controlType":"sap.ui.core.Icon","viewName":"etm.portal.ui.managerequests.view.NewRequest","properties":{"src":{"regex":{"source":"slim\\-arrow\\-down"}}},"ancestor":{"controlType":"sap.m.Button","viewName":"etm.portal.ui.managerequests.view.NewRequest","properties":{"icon":"sap-icon://slim-arrow-down"}}},"wdio_ui5_key":"etmportal.ui.managerequests.view.NewRequestsap.ui.core.Icon{\"src\":{\"regex\":{\"source\":\"slim\\\\-arrow\\\\-down\"}}}{\"controlType\":\"sap.m.Button\",\"viewName\":\"etm.portal.ui.managerequests.view.NewRequest\",\"properties\":{\"icon\":\"sap-icon://slim-arrow-down\"}}"}]}
RESULT: {"script":"<script> [1562 bytes]","args":[{"selector":{"controlType":"sap.ui.core.Icon","viewName":"etm.portal.ui.managerequests.view.NewRequest","properties":{"src":{"regex":{"source":"slim\\-arrow\\-down"}}},"ancestor":{"controlType":"sap.m.Button","viewName":"etm.portal.ui.managerequests.view.NewRequest","properties":{"icon":"sap-icon://slim-arrow-down"}}},"wdio_ui5_key":"etmportal.ui.managerequests.view.NewRequestsap.ui.core.Icon{\"src\":{\"regex\":{\"source\":\"slim\\\\-arrow\\\\-down\"}}}{\"controlType\":\"sap.m.Button\",\"viewName\":\"etm.portal.ui.managerequests.view.NewRequest\",\"properties\":{\"icon\":\"sap-icon://slim-arrow-down\"}}"}]}
RESULT: undefined
COMMAND: POST /session/2332ccd2e8bcc895b03cacebcf8e3681/element - {"using":"xpath","value":"//*[@id=\"__title48-expandBtn-img\"]"}
RESULT: {"using":"xpath","value":"//*[@id=\"__title48-expandBtn-img\"]"}
COMMAND: POST /session/2332ccd2e8bcc895b03cacebcf8e3681/element/f.B01AE492A9312D985D5F46C9A0123422.d.5E0E9488F20096C443F0851F5C5B19A0.e.5571/click - {}
RESULT: {}
COMMAND: POST /session/2332ccd2e8bcc895b03cacebcf8e3681/element - {"using":"xpath","value":"//div[contains(@data-kt ,\"splitAllocationObjectStatus\")]"}
COMMAND: GET /session/2332ccd2e8bcc895b03cacebcf8e3681/screenshot - {}
RESULT: {"using":"xpath","value":"//div[contains(@data-kt ,\"splitAllocationObjectStatus\")]"}
COMMAND: POST /session/2332ccd2e8bcc895b03cacebcf8e3681/elements - {"using":"xpath","value":"//div[contains(@data-kt ,\"splitAllocationObjectStatus\")]"}
RESULT: {}
RESULT: {"using":"xpath","value":"//div[contains(@data-kt ,\"splitAllocationObjectStatus\")]"}
COMMAND: POST /session/2332ccd2e8bcc895b03cacebcf8e3681/execute/async - {"script":"<script> [1562 bytes]","args":[{"selector":{"controlType":"sap.ui.core.Icon","viewName":"etm.portal.ui.managerequests.view.NewRequest","properties":{"src":{"regex":{"source":"message\\-error"}}},"ancestor":{"controlType":"sap.m.ColumnListItem","viewName":"etm.portal.ui.managerequests.view.NewRequest","bindingPath":{"modelName":"newRequestItems","path":"/RequestItems/0"},"ancestor":{"id":"requestItemsTable","viewName":"etm.portal.ui.managerequests.view.NewRequest"}}},"wdio_ui5_key":"etmportal.ui.managerequests.view.NewRequestsap.ui.core.Icon{\"src\":{\"regex\":{\"source\":\"message\\\\-error\"}}}{\"controlType\":\"sap.m.ColumnListItem\",\"viewName\":\"etm.portal.ui.managerequests.view.NewRequest\",\"bindingPath\":{\"modelName\":\"newRequestItems\",\"path\":\"/RequestItems/0\"},\"ancestor\":{\"id\":\"requestItemsTable\",\"viewName\":\"etm.portal.ui.managerequests.view.NewRequest\"}}"}]}
RESULT: {"script":"<script> [1562 bytes]","args":[{"selector":{"controlType":"sap.ui.core.Icon","viewName":"etm.portal.ui.managerequests.view.NewRequest","properties":{"src":{"regex":{"source":"message\\-error"}}},"ancestor":{"controlType":"sap.m.ColumnListItem","viewName":"etm.portal.ui.managerequests.view.NewRequest","bindingPath":{"modelName":"newRequestItems","path":"/RequestItems/0"},"ancestor":{"id":"requestItemsTable","viewName":"etm.portal.ui.managerequests.view.NewRequest"}}},"wdio_ui5_key":"etmportal.ui.managerequests.view.NewRequestsap.ui.core.Icon{\"src\":{\"regex\":{\"source\":\"message\\\\-error\"}}}{\"controlType\":\"sap.m.ColumnListItem\",\"viewName\":\"etm.portal.ui.managerequests.view.NewRequest\",\"bindingPath\":{\"modelName\":\"newRequestItems\",\"path\":\"/RequestItems/0\"},\"ancestor\":{\"id\":\"requestItemsTable\",\"viewName\":\"etm.portal.ui.managerequests.view.NewRequest\"}}"}]}
RESULT: undefined
COMMAND: POST /session/2332ccd2e8bcc895b03cacebcf8e3681/element - {"using":"xpath","value":"//*[@id=\"__status15-__xmlview61--requestItemsTable-0-icon\"]"}
RESULT: {"using":"xpath","value":"//*[@id=\"__status15-__xmlview61--requestItemsTable-0-icon\"]"}
COMMAND: POST /session/2332ccd2e8bcc895b03cacebcf8e3681/element/f.B01AE492A9312D985D5F46C9A0123422.d.5E0E9488F20096C443F0851F5C5B19A0.e.5576/click - {}
RESULT: {}
COMMAND: GET /session/2332ccd2e8bcc895b03cacebcf8e3681/screenshot - {}
RESULT: {}
COMMAND: POST /session/2332ccd2e8bcc895b03cacebcf8e3681/execute/async - {"script":"<script> [1562 bytes]","args":[{"selector":{"id":"costObjectAdminTypeComboBox","viewName":"etm.portal.ui.managerequests.view.NewRequest","searchOpenDialogs":true,"interaction":{"idSuffix":"inner"}},"wdio_ui5_key":"costObjectAdminTypeComboBoxetmportal.ui.managerequests.view.NewRequest"}]}
RESULT: {"script":"<script> [1562 bytes]","args":[{"selector":{"id":"costObjectAdminTypeComboBox","viewName":"etm.portal.ui.managerequests.view.NewRequest","searchOpenDialogs":true,"interaction":{"idSuffix":"inner"}},"wdio_ui5_key":"costObjectAdminTypeComboBoxetmportal.ui.managerequests.view.NewRequest"}]}
RESULT: undefined
COMMAND: POST /session/2332ccd2e8bcc895b03cacebcf8e3681/execute/async - {"script":"<script> [776 bytes]","args":[{"enterText":"Cost Center","selector":{"id":"costObjectAdminTypeComboBox","viewName":"etm.portal.ui.managerequests.view.NewRequest","searchOpenDialogs":true,"interaction":{"idSuffix":"inner"}},"clearTextFirst":true,"interactionType":"ENTER_TEXT"}]}
RESULT: {"script":"<script> [776 bytes]","args":[{"enterText":"Cost Center","selector":{"id":"costObjectAdminTypeComboBox","viewName":"etm.portal.ui.managerequests.view.NewRequest","searchOpenDialogs":true,"interaction":{"idSuffix":"inner"}},"clearTextFirst":true,"interactionType":"ENTER_TEXT"}]}
COMMAND: POST /session/2332ccd2e8bcc895b03cacebcf8e3681/actions - {"actions":[{"id":"action27","type":"key","parameters":{},"actions":[{"type":"keyDown","value":"î€‡"},{"type":"pause","duration":10},{"type":"keyUp","value":"î€‡"}]}]}
RESULT: {"actions":[{"id":"action27","type":"key","parameters":{},"actions":[{"type":"keyDown","value":"î€‡"},{"type":"pause","duration":10},{"type":"keyUp","value":"î€‡"}]}]}
COMMAND: GET /session/2332ccd2e8bcc895b03cacebcf8e3681/screenshot - {}
RESULT: {}
COMMAND: POST /session/2332ccd2e8bcc895b03cacebcf8e3681/execute/async - {"script":"<script> [1562 bytes]","args":[{"selector":{"controlType":"sap.ui.core.Icon","viewName":"etm.portal.ui.managerequests.view.NewRequest","properties":{"src":{"regex":{"source":"value\\-help"}}},"searchOpenDialogs":true},"wdio_ui5_key":"etmportal.ui.managerequests.view.NewRequestsap.ui.core.Icon{\"src\":{\"regex\":{\"source\":\"value\\\\-help\"}}}"}]}
RESULT: {"script":"<script> [1562 bytes]","args":[{"selector":{"controlType":"sap.ui.core.Icon","viewName":"etm.portal.ui.managerequests.view.NewRequest","properties":{"src":{"regex":{"source":"value\\-help"}}},"searchOpenDialogs":true},"wdio_ui5_key":"etmportal.ui.managerequests.view.NewRequestsap.ui.core.Icon{\"src\":{\"regex\":{\"source\":\"value\\\\-help\"}}}"}]}
RESULT: undefined
COMMAND: POST /session/2332ccd2e8bcc895b03cacebcf8e3681/element - {"using":"xpath","value":"//*[@id=\"__xmlview61--costObjectIdComboBox-vhi\"]"}
RESULT: {"using":"xpath","value":"//*[@id=\"__xmlview61--costObjectIdComboBox-vhi\"]"}
COMMAND: POST /session/2332ccd2e8bcc895b03cacebcf8e3681/element/f.B01AE492A9312D985D5F46C9A0123422.d.5E0E9488F20096C443F0851F5C5B19A0.e.5590/click - {}
RESULT: {}
COMMAND: POST /session/2332ccd2e8bcc895b03cacebcf8e3681/execute/async - {"script":"<script> [1562 bytes]","args":[{"selector":{"controlType":"sap.m.SearchField","properties":{"placeholder":"Search"},"searchOpenDialogs":true,"interaction":{"idSuffix":"I"}},"wdio_ui5_key":"sapm.SearchField{\"placeholder\":\"Search\"}"}]}
COMMAND: GET /session/2332ccd2e8bcc895b03cacebcf8e3681/screenshot - {}
RESULT: {"script":"<script> [1562 bytes]","args":[{"selector":{"controlType":"sap.m.SearchField","properties":{"placeholder":"Search"},"searchOpenDialogs":true,"interaction":{"idSuffix":"I"}},"wdio_ui5_key":"sapm.SearchField{\"placeholder\":\"Search\"}"}]}
RESULT: undefined
COMMAND: POST /session/2332ccd2e8bcc895b03cacebcf8e3681/execute/async - {"script":"<script> [776 bytes]","args":[{"enterText":"10001013","selector":{"controlType":"sap.m.SearchField","properties":{"placeholder":"Search"},"searchOpenDialogs":true,"interaction":{"idSuffix":"I"}},"clearTextFirst":true,"interactionType":"ENTER_TEXT"}]}
RESULT: {}
RESULT: {"script":"<script> [776 bytes]","args":[{"enterText":"10001013","selector":{"controlType":"sap.m.SearchField","properties":{"placeholder":"Search"},"searchOpenDialogs":true,"interaction":{"idSuffix":"I"}},"clearTextFirst":true,"interactionType":"ENTER_TEXT"}]}
COMMAND: POST /session/2332ccd2e8bcc895b03cacebcf8e3681/actions - {"actions":[{"id":"action28","type":"key","parameters":{},"actions":[{"type":"keyDown","value":"î€‡"},{"type":"pause","duration":10},{"type":"keyUp","value":"î€‡"}]}]}
RESULT: {"actions":[{"id":"action28","type":"key","parameters":{},"actions":[{"type":"keyDown","value":"î€‡"},{"type":"pause","duration":10},{"type":"keyUp","value":"î€‡"}]}]}
COMMAND: GET /session/2332ccd2e8bcc895b03cacebcf8e3681/screenshot - {}
RESULT: {}
COMMAND: POST /session/2332ccd2e8bcc895b03cacebcf8e3681/element - {"using":"xpath","value":"//span[contains(text(), \"General Management\")]"}
RESULT: {"using":"xpath","value":"//span[contains(text(), \"General Management\")]"}
COMMAND: POST /session/2332ccd2e8bcc895b03cacebcf8e3681/element/f.B01AE492A9312D985D5F46C9A0123422.d.5E0E9488F20096C443F0851F5C5B19A0.e.5629/click - {}
RESULT: {}
COMMAND: GET /session/2332ccd2e8bcc895b03cacebcf8e3681/screenshot - {}
RESULT: {}
COMMAND: POST /session/2332ccd2e8bcc895b03cacebcf8e3681/element - {"using":"xpath","value":"//bdi[contains(text(), \"OK\")]"}
RESULT: {"using":"xpath","value":"//bdi[contains(text(), \"OK\")]"}
COMMAND: POST /session/2332ccd2e8bcc895b03cacebcf8e3681/element/f.B01AE492A9312D985D5F46C9A0123422.d.5E0E9488F20096C443F0851F5C5B19A0.e.5630/click - {}
RESULT: {}
COMMAND: GET /session/2332ccd2e8bcc895b03cacebcf8e3681/screenshot - {}
RESULT: {}
COMMAND: POST /session/2332ccd2e8bcc895b03cacebcf8e3681/element - {"using":"xpath","value":"(//bdi[contains(@id ,\"BDI-content\")][contains(text(), \"Save\")])[1]"}
RESULT: {"using":"xpath","value":"(//bdi[contains(@id ,\"BDI-content\")][contains(text(), \"Save\")])[1]"}
COMMAND: POST /session/2332ccd2e8bcc895b03cacebcf8e3681/element/f.B01AE492A9312D985D5F46C9A0123422.d.5E0E9488F20096C443F0851F5C5B19A0.e.5634/click - {}
RESULT: {}
COMMAND: GET /session/2332ccd2e8bcc895b03cacebcf8e3681/screenshot - {}
RESULT: {}
COMMAND: POST /session/2332ccd2e8bcc895b03cacebcf8e3681/execute/async - {"script":"<script> [1562 bytes]","args":[{"selector":{"controlType":"sap.ui.core.Icon","viewName":"etm.portal.ui.managerequests.view.NewRequest","properties":{"src":{"regex":{"source":"message\\-error"}}},"ancestor":{"controlType":"sap.m.ColumnListItem","viewName":"etm.portal.ui.managerequests.view.NewRequest","bindingPath":{"modelName":"newRequestItems","path":"/RequestItems/1"},"ancestor":{"id":"requestItemsTable","viewName":"etm.portal.ui.managerequests.view.NewRequest"}}},"wdio_ui5_key":"etmportal.ui.managerequests.view.NewRequestsap.ui.core.Icon{\"src\":{\"regex\":{\"source\":\"message\\\\-error\"}}}{\"controlType\":\"sap.m.ColumnListItem\",\"viewName\":\"etm.portal.ui.managerequests.view.NewRequest\",\"bindingPath\":{\"modelName\":\"newRequestItems\",\"path\":\"/RequestItems/1\"},\"ancestor\":{\"id\":\"requestItemsTable\",\"viewName\":\"etm.portal.ui.managerequests.view.NewRequest\"}}"}]}
RESULT: {"script":"<script> [1562 bytes]","args":[{"selector":{"controlType":"sap.ui.core.Icon","viewName":"etm.portal.ui.managerequests.view.NewRequest","properties":{"src":{"regex":{"source":"message\\-error"}}},"ancestor":{"controlType":"sap.m.ColumnListItem","viewName":"etm.portal.ui.managerequests.view.NewRequest","bindingPath":{"modelName":"newRequestItems","path":"/RequestItems/1"},"ancestor":{"id":"requestItemsTable","viewName":"etm.portal.ui.managerequests.view.NewRequest"}}},"wdio_ui5_key":"etmportal.ui.managerequests.view.NewRequestsap.ui.core.Icon{\"src\":{\"regex\":{\"source\":\"message\\\\-error\"}}}{\"controlType\":\"sap.m.ColumnListItem\",\"viewName\":\"etm.portal.ui.managerequests.view.NewRequest\",\"bindingPath\":{\"modelName\":\"newRequestItems\",\"path\":\"/RequestItems/1\"},\"ancestor\":{\"id\":\"requestItemsTable\",\"viewName\":\"etm.portal.ui.managerequests.view.NewRequest\"}}"}]}
RESULT: undefined
COMMAND: POST /session/2332ccd2e8bcc895b03cacebcf8e3681/element - {"using":"xpath","value":"//*[@id=\"__status15-__xmlview61--requestItemsTable-1-icon\"]"}
RESULT: {"using":"xpath","value":"//*[@id=\"__status15-__xmlview61--requestItemsTable-1-icon\"]"}
COMMAND: POST /session/2332ccd2e8bcc895b03cacebcf8e3681/element/f.B01AE492A9312D985D5F46C9A0123422.d.5E0E9488F20096C443F0851F5C5B19A0.e.5637/click - {}
RESULT: {}
COMMAND: GET /session/2332ccd2e8bcc895b03cacebcf8e3681/screenshot - {}
RESULT: {}
RESULT: undefined
COMMAND: POST /session/2332ccd2e8bcc895b03cacebcf8e3681/execute/async - {"script":"<script> [776 bytes]","args":[{"enterText":"Cost Center","selector":{"id":"costObjectAdminTypeComboBox","viewName":"etm.portal.ui.managerequests.view.NewRequest","searchOpenDialogs":true,"interaction":{"idSuffix":"inner"}},"clearTextFirst":true,"interactionType":"ENTER_TEXT"}]}
RESULT: {"script":"<script> [776 bytes]","args":[{"enterText":"Cost Center","selector":{"id":"costObjectAdminTypeComboBox","viewName":"etm.portal.ui.managerequests.view.NewRequest","searchOpenDialogs":true,"interaction":{"idSuffix":"inner"}},"clearTextFirst":true,"interactionType":"ENTER_TEXT"}]}
COMMAND: POST /session/2332ccd2e8bcc895b03cacebcf8e3681/actions - {"actions":[{"id":"action29","type":"key","parameters":{},"actions":[{"type":"keyDown","value":"î€‡"},{"type":"pause","duration":10},{"type":"keyUp","value":"î€‡"}]}]}
RESULT: {"actions":[{"id":"action29","type":"key","parameters":{},"actions":[{"type":"keyDown","value":"î€‡"},{"type":"pause","duration":10},{"type":"keyUp","value":"î€‡"}]}]}
COMMAND: GET /session/2332ccd2e8bcc895b03cacebcf8e3681/screenshot - {}
RESULT: {}
RESULT: undefined
COMMAND: POST /session/2332ccd2e8bcc895b03cacebcf8e3681/element - {"using":"xpath","value":"//*[@id=\"__xmlview61--costObjectIdComboBox-vhi\"]"}
RESULT: {"using":"xpath","value":"//*[@id=\"__xmlview61--costObjectIdComboBox-vhi\"]"}
COMMAND: POST /session/2332ccd2e8bcc895b03cacebcf8e3681/element/f.B01AE492A9312D985D5F46C9A0123422.d.5E0E9488F20096C443F0851F5C5B19A0.e.5647/click - {}
RESULT: {}
RESULT: undefined
COMMAND: POST /session/2332ccd2e8bcc895b03cacebcf8e3681/execute/async - {"script":"<script> [776 bytes]","args":[{"enterText":"10001013","selector":{"controlType":"sap.m.SearchField","properties":{"placeholder":"Search"},"searchOpenDialogs":true,"interaction":{"idSuffix":"I"}},"clearTextFirst":true,"interactionType":"ENTER_TEXT"}]}
COMMAND: GET /session/2332ccd2e8bcc895b03cacebcf8e3681/screenshot - {}
RESULT: {"script":"<script> [776 bytes]","args":[{"enterText":"10001013","selector":{"controlType":"sap.m.SearchField","properties":{"placeholder":"Search"},"searchOpenDialogs":true,"interaction":{"idSuffix":"I"}},"clearTextFirst":true,"interactionType":"ENTER_TEXT"}]}
COMMAND: POST /session/2332ccd2e8bcc895b03cacebcf8e3681/actions - {"actions":[{"id":"action30","type":"key","parameters":{},"actions":[{"type":"keyDown","value":"î€‡"},{"type":"pause","duration":10},{"type":"keyUp","value":"î€‡"}]}]}
RESULT: {}
RESULT: {"actions":[{"id":"action30","type":"key","parameters":{},"actions":[{"type":"keyDown","value":"î€‡"},{"type":"pause","duration":10},{"type":"keyUp","value":"î€‡"}]}]}
COMMAND: GET /session/2332ccd2e8bcc895b03cacebcf8e3681/screenshot - {}
RESULT: {}
COMMAND: POST /session/2332ccd2e8bcc895b03cacebcf8e3681/element - {"using":"xpath","value":"//span[contains(text(), \"General Management\")]"}
RESULT: {"using":"xpath","value":"//span[contains(text(), \"General Management\")]"}
COMMAND: POST /session/2332ccd2e8bcc895b03cacebcf8e3681/element/f.B01AE492A9312D985D5F46C9A0123422.d.5E0E9488F20096C443F0851F5C5B19A0.e.5685/click - {}
RESULT: {}
COMMAND: GET /session/2332ccd2e8bcc895b03cacebcf8e3681/screenshot - {}
RESULT: {}
COMMAND: POST /session/2332ccd2e8bcc895b03cacebcf8e3681/element - {"using":"xpath","value":"//bdi[contains(text(), \"OK\")]"}
RESULT: {"using":"xpath","value":"//bdi[contains(text(), \"OK\")]"}
COMMAND: POST /session/2332ccd2e8bcc895b03cacebcf8e3681/element/f.B01AE492A9312D985D5F46C9A0123422.d.5E0E9488F20096C443F0851F5C5B19A0.e.5686/click - {}
RESULT: {}
COMMAND: GET /session/2332ccd2e8bcc895b03cacebcf8e3681/screenshot - {}
RESULT: {}
COMMAND: POST /session/2332ccd2e8bcc895b03cacebcf8e3681/element - {"using":"xpath","value":"(//bdi[contains(@id ,\"BDI-content\")][contains(text(), \"Save\")])[1]"}
RESULT: {"using":"xpath","value":"(//bdi[contains(@id ,\"BDI-content\")][contains(text(), \"Save\")])[1]"}
COMMAND: POST /session/2332ccd2e8bcc895b03cacebcf8e3681/element/f.B01AE492A9312D985D5F46C9A0123422.d.5E0E9488F20096C443F0851F5C5B19A0.e.5690/click - {}
RESULT: {}
COMMAND: GET /session/2332ccd2e8bcc895b03cacebcf8e3681/screenshot - {}
RESULT: {}
COMMAND: POST /session/2332ccd2e8bcc895b03cacebcf8e3681/execute/async - {"script":"<script> [1562 bytes]","args":[{"selector":{"controlType":"sap.m.Button","viewName":"etm.portal.ui.managerequests.view.NewRequest","i18NText":{"propertyName":"tooltip","key":"save"},"interaction":{"idSuffix":"content"}},"wdio_ui5_key":"etmportal.ui.managerequests.view.NewRequestsap.m.Button{\"propertyName\":\"tooltip\",\"key\":\"save\"}"}]}
RESULT: {"script":"<script> [1562 bytes]","args":[{"selector":{"controlType":"sap.m.Button","viewName":"etm.portal.ui.managerequests.view.NewRequest","i18NText":{"propertyName":"tooltip","key":"save"},"interaction":{"idSuffix":"content"}},"wdio_ui5_key":"etmportal.ui.managerequests.view.NewRequestsap.m.Button{\"propertyName\":\"tooltip\",\"key\":\"save\"}"}]}
RESULT: undefined
COMMAND: POST /session/2332ccd2e8bcc895b03cacebcf8e3681/element - {"using":"xpath","value":"//*[@id=\"__button105\"]"}
RESULT: {"using":"xpath","value":"//*[@id=\"__button105\"]"}
COMMAND: POST /session/2332ccd2e8bcc895b03cacebcf8e3681/element/f.B01AE492A9312D985D5F46C9A0123422.d.5E0E9488F20096C443F0851F5C5B19A0.e.5458/click - {}
RESULT: {}
COMMAND: GET /session/2332ccd2e8bcc895b03cacebcf8e3681/screenshot - {}
RESULT: {}
COMMAND: POST /session/2332ccd2e8bcc895b03cacebcf8e3681/execute/async - {"script":"<script> [1562 bytes]","args":[{"selector":{"controlType":"sap.m.Title","properties":{"text":"Success"},"searchOpenDialogs":true},"wdio_ui5_key":"sapm.Title{\"text\":\"Success\"}"}]}
RESULT: {"script":"<script> [1562 bytes]","args":[{"selector":{"controlType":"sap.m.Title","properties":{"text":"Success"},"searchOpenDialogs":true},"wdio_ui5_key":"sapm.Title{\"text\":\"Success\"}"}]}
RESULT: undefined
COMMAND: POST /session/2332ccd2e8bcc895b03cacebcf8e3681/execute/async - {"script":"<script> [6424 bytes]","args":[{"element-6066-11e4-a52e-4f735466cecf":"f.B01AE492A9312D985D5F46C9A0123422.d.5E0E9488F20096C443F0851F5C5B19A0.e.5696"},"getText",[]]}
RESULT: {"script":"<script> [6424 bytes]","args":[{"element-6066-11e4-a52e-4f735466cecf":"f.B01AE492A9312D985D5F46C9A0123422.d.5E0E9488F20096C443F0851F5C5B19A0.e.5696"},"getText",[]]}
COMMAND: POST /session/2332ccd2e8bcc895b03cacebcf8e3681/execute/async - {"script":"<script> [1562 bytes]","args":[{"selector":{"controlType":"sap.m.Button","properties":{"text":"Close"},"searchOpenDialogs":true,"interaction":{"idSuffix":"BDI-content"}},"wdio_ui5_key":"sapm.Button{\"text\":\"Close\"}"}]}
RESULT: {"script":"<script> [1562 bytes]","args":[{"selector":{"controlType":"sap.m.Button","properties":{"text":"Close"},"searchOpenDialogs":true,"interaction":{"idSuffix":"BDI-content"}},"wdio_ui5_key":"sapm.Button{\"text\":\"Close\"}"}]}
RESULT: undefined
COMMAND: POST /session/2332ccd2e8bcc895b03cacebcf8e3681/element - {"using":"xpath","value":"//*[@id=\"__mbox-btn-4\"]"}
RESULT: {"using":"xpath","value":"//*[@id=\"__mbox-btn-4\"]"}
COMMAND: POST /session/2332ccd2e8bcc895b03cacebcf8e3681/element/f.B01AE492A9312D985D5F46C9A0123422.d.5E0E9488F20096C443F0851F5C5B19A0.e.5695/click - {}
RESULT: {}
COMMAND: GET /session/2332ccd2e8bcc895b03cacebcf8e3681/screenshot - {}
RESULT: {}
COMMAND: POST /session/2332ccd2e8bcc895b03cacebcf8e3681/execute/async - {"script":"<script> [1562 bytes]","args":[{"selector":{"controlType":"sap.m.Text","viewName":"etm.portal.ui.managerequests.view.Detail","bindingPath":{"propertyPath":"NO","modelName":"catalogModel"}},"wdio_ui5_key":"etmportal.ui.managerequests.view.Detailsap.m.Text{\"propertyPath\":\"NO\",\"modelName\":\"catalogModel\"}"}]}
RESULT: {"script":"<script> [1562 bytes]","args":[{"selector":{"controlType":"sap.m.Text","viewName":"etm.portal.ui.managerequests.view.Detail","bindingPath":{"propertyPath":"NO","modelName":"catalogModel"}},"wdio_ui5_key":"etmportal.ui.managerequests.view.Detailsap.m.Text{\"propertyPath\":\"NO\",\"modelName\":\"catalogModel\"}"}]}
RESULT: undefined
COMMAND: POST /session/2332ccd2e8bcc895b03cacebcf8e3681/execute/async - {"script":"<script> [6424 bytes]","args":[{"element-6066-11e4-a52e-4f735466cecf":"f.B01AE492A9312D985D5F46C9A0123422.d.5E0E9488F20096C443F0851F5C5B19A0.e.5821"},"getText",[]]}
RESULT: {"script":"<script> [6424 bytes]","args":[{"element-6066-11e4-a52e-4f735466cecf":"f.B01AE492A9312D985D5F46C9A0123422.d.5E0E9488F20096C443F0851F5C5B19A0.e.5821"},"getText",[]]}
COMMAND: POST /session/2332ccd2e8bcc895b03cacebcf8e3681/execute/async - {"script":"<script> [1562 bytes]","args":[{"selector":{"controlType":"sap.ui.core.Icon","viewName":"etm.portal.ui.managerequests.view.Detail","properties":{"src":{"regex":{"source":"date\\-time"}}},"ancestor":{"controlType":"sap.m.ColumnListItem","viewName":"etm.portal.ui.managerequests.view.Detail","bindingPath":{"path":"/SmartRequestItemsPlanningBoard(ITEM=10m,REQUEST='20248')"},"ancestor":{"id":"requestItemsTable","viewName":"etm.portal.ui.managerequests.view.Detail"}}},"wdio_ui5_key":"etmportal.ui.managerequests.view.Detailsap.ui.core.Icon{\"src\":{\"regex\":{\"source\":\"date\\\\-time\"}}}{\"controlType\":\"sap.m.ColumnListItem\",\"viewName\":\"etm.portal.ui.managerequests.view.Detail\",\"bindingPath\":{\"path\":\"/SmartRequestItemsPlanningBoard(ITEM=10m,REQUEST='20248')\"},\"ancestor\":{\"id\":\"requestItemsTable\",\"viewName\":\"etm.portal.ui.managerequests.view.Detail\"}}"}]}
RESULT: {"script":"<script> [1562 bytes]","args":[{"selector":{"controlType":"sap.ui.core.Icon","viewName":"etm.portal.ui.managerequests.view.Detail","properties":{"src":{"regex":{"source":"date\\-time"}}},"ancestor":{"controlType":"sap.m.ColumnListItem","viewName":"etm.portal.ui.managerequests.view.Detail","bindingPath":{"path":"/SmartRequestItemsPlanningBoard(ITEM=10m,REQUEST='20248')"},"ancestor":{"id":"requestItemsTable","viewName":"etm.portal.ui.managerequests.view.Detail"}}},"wdio_ui5_key":"etmportal.ui.managerequests.view.Detailsap.ui.core.Icon{\"src\":{\"regex\":{\"source\":\"date\\\\-time\"}}}{\"controlType\":\"sap.m.ColumnListItem\",\"viewName\":\"etm.portal.ui.managerequests.view.Detail\",\"bindingPath\":{\"path\":\"/SmartRequestItemsPlanningBoard(ITEM=10m,REQUEST='20248')\"},\"ancestor\":{\"id\":\"requestItemsTable\",\"viewName\":\"etm.portal.ui.managerequests.view.Detail\"}}"}]}
RESULT: undefined
COMMAND: POST /session/2332ccd2e8bcc895b03cacebcf8e3681/element - {"using":"xpath","value":"//*[@id=\"__button135-__clone5525-img\"]"}
RESULT: {"using":"xpath","value":"//*[@id=\"__button135-__clone5525-img\"]"}
COMMAND: POST /session/2332ccd2e8bcc895b03cacebcf8e3681/element/f.B01AE492A9312D985D5F46C9A0123422.d.5E0E9488F20096C443F0851F5C5B19A0.e.5822/click - {}
RESULT: {}
COMMAND: POST /session/2332ccd2e8bcc895b03cacebcf8e3681/execute/async - {"script":"<script> [1562 bytes]","args":[{"selector":{"controlType":"sap.m.Button","viewName":"etm.portal.ui.managerequests.view.Detail","properties":{"text":"Close"},"searchOpenDialogs":true,"interaction":{"idSuffix":"BDI-content"}},"wdio_ui5_key":"etmportal.ui.managerequests.view.Detailsap.m.Button{\"text\":\"Close\"}"}]}
COMMAND: GET /session/2332ccd2e8bcc895b03cacebcf8e3681/screenshot - {}
RESULT: {"script":"<script> [1562 bytes]","args":[{"selector":{"controlType":"sap.m.Button","viewName":"etm.portal.ui.managerequests.view.Detail","properties":{"text":"Close"},"searchOpenDialogs":true,"interaction":{"idSuffix":"BDI-content"}},"wdio_ui5_key":"etmportal.ui.managerequests.view.Detailsap.m.Button{\"text\":\"Close\"}"}]}
RESULT: undefined
COMMAND: POST /session/2332ccd2e8bcc895b03cacebcf8e3681/element - {"using":"xpath","value":"//*[@id=\"__button145\"]"}
RESULT: {}
RESULT: {"using":"xpath","value":"//*[@id=\"__button145\"]"}
COMMAND: POST /session/2332ccd2e8bcc895b03cacebcf8e3681/element/f.B01AE492A9312D985D5F46C9A0123422.d.5E0E9488F20096C443F0851F5C5B19A0.e.5825/click - {}
RESULT: {}
COMMAND: POST /session/2332ccd2e8bcc895b03cacebcf8e3681/execute/async - {"script":"<script> [1562 bytes]","args":[{"selector":{"controlType":"sap.ui.core.Icon","viewName":"etm.portal.ui.managerequests.view.Detail","properties":{"src":{"regex":{"source":"date\\-time"}}},"ancestor":{"controlType":"sap.m.ColumnListItem","viewName":"etm.portal.ui.managerequests.view.Detail","bindingPath":{"path":"/SmartRequestItemsPlanningBoard(ITEM=20m,REQUEST='20248')"},"ancestor":{"id":"requestItemsTable","viewName":"etm.portal.ui.managerequests.view.Detail"}}},"wdio_ui5_key":"etmportal.ui.managerequests.view.Detailsap.ui.core.Icon{\"src\":{\"regex\":{\"source\":\"date\\\\-time\"}}}{\"controlType\":\"sap.m.ColumnListItem\",\"viewName\":\"etm.portal.ui.managerequests.view.Detail\",\"bindingPath\":{\"path\":\"/SmartRequestItemsPlanningBoard(ITEM=20m,REQUEST='20248')\"},\"ancestor\":{\"id\":\"requestItemsTable\",\"viewName\":\"etm.portal.ui.managerequests.view.Detail\"}}"}]}
COMMAND: GET /session/2332ccd2e8bcc895b03cacebcf8e3681/screenshot - {}
RESULT: {"script":"<script> [1562 bytes]","args":[{"selector":{"controlType":"sap.ui.core.Icon","viewName":"etm.portal.ui.managerequests.view.Detail","properties":{"src":{"regex":{"source":"date\\-time"}}},"ancestor":{"controlType":"sap.m.ColumnListItem","viewName":"etm.portal.ui.managerequests.view.Detail","bindingPath":{"path":"/SmartRequestItemsPlanningBoard(ITEM=20m,REQUEST='20248')"},"ancestor":{"id":"requestItemsTable","viewName":"etm.portal.ui.managerequests.view.Detail"}}},"wdio_ui5_key":"etmportal.ui.managerequests.view.Detailsap.ui.core.Icon{\"src\":{\"regex\":{\"source\":\"date\\\\-time\"}}}{\"controlType\":\"sap.m.ColumnListItem\",\"viewName\":\"etm.portal.ui.managerequests.view.Detail\",\"bindingPath\":{\"path\":\"/SmartRequestItemsPlanningBoard(ITEM=20m,REQUEST='20248')\"},\"ancestor\":{\"id\":\"requestItemsTable\",\"viewName\":\"etm.portal.ui.managerequests.view.Detail\"}}"}]}
RESULT: undefined
COMMAND: POST /session/2332ccd2e8bcc895b03cacebcf8e3681/element - {"using":"xpath","value":"//*[@id=\"__button135-__clone5526-img\"]"}
RESULT: {}
RESULT: {"using":"xpath","value":"//*[@id=\"__button135-__clone5526-img\"]"}
COMMAND: POST /session/2332ccd2e8bcc895b03cacebcf8e3681/element/f.B01AE492A9312D985D5F46C9A0123422.d.5E0E9488F20096C443F0851F5C5B19A0.e.5832/click - {}
RESULT: {}
RESULT: undefined
COMMAND: POST /session/2332ccd2e8bcc895b03cacebcf8e3681/element - {"using":"xpath","value":"//*[@id=\"__button145\"]"}
COMMAND: GET /session/2332ccd2e8bcc895b03cacebcf8e3681/screenshot - {}
RESULT: {"using":"xpath","value":"//*[@id=\"__button145\"]"}
COMMAND: POST /session/2332ccd2e8bcc895b03cacebcf8e3681/elements - {"using":"xpath","value":"//*[@id=\"__button145\"]"}
RESULT: {}
RESULT: {"using":"xpath","value":"//*[@id=\"__button145\"]"}
COMMAND: POST /session/2332ccd2e8bcc895b03cacebcf8e3681/element - {"using":"xpath","value":"//*[@id=\"__button145\"]"}
RESULT: {"using":"xpath","value":"//*[@id=\"__button145\"]"}
COMMAND: POST /session/2332ccd2e8bcc895b03cacebcf8e3681/element/f.B01AE492A9312D985D5F46C9A0123422.d.5E0E9488F20096C443F0851F5C5B19A0.e.5838/click - {}
RESULT: {}
COMMAND: POST /session/2332ccd2e8bcc895b03cacebcf8e3681/element - {"using":"css selector","value":"#shell-header-logo"}
COMMAND: GET /session/2332ccd2e8bcc895b03cacebcf8e3681/screenshot - {}
RESULT: {"using":"css selector","value":"#shell-header-logo"}
COMMAND: POST /session/2332ccd2e8bcc895b03cacebcf8e3681/element/f.B01AE492A9312D985D5F46C9A0123422.d.5E0E9488F20096C443F0851F5C5B19A0.e.5075/click - {}
RESULT: {}
RESULT: {}
COMMAND: GET /session/2332ccd2e8bcc895b03cacebcf8e3681/screenshot - {}
RESULT: {}
]]></system-out>
    </testcase>
    <testcase classname="chrome.135_0_7049_96.windows.Standard_contract_-_add_contract_items_by_Insert_Request_US118222" name="Should insert the request into the contract" time="51.146">
      <system-out><![CDATA[
COMMAND: POST /session/2332ccd2e8bcc895b03cacebcf8e3681/execute/async - {"script":"<script> [1562 bytes]","args":[{"selector":{"controlType":"sap.m.GenericTile","properties":{"header":"Manage Contracts"}},"wdio_ui5_key":"sapm.GenericTile{\"header\":\"Manage Contracts\"}"}]}
RESULT: {"script":"<script> [1562 bytes]","args":[{"selector":{"controlType":"sap.m.GenericTile","properties":{"header":"Manage Contracts"}},"wdio_ui5_key":"sapm.GenericTile{\"header\":\"Manage Contracts\"}"}]}
RESULT: undefined
COMMAND: POST /session/2332ccd2e8bcc895b03cacebcf8e3681/element - {"using":"xpath","value":"//*[@id=\"__tile130\"]"}
RESULT: {"using":"xpath","value":"//*[@id=\"__tile130\"]"}
COMMAND: POST /session/2332ccd2e8bcc895b03cacebcf8e3681/element/f.B01AE492A9312D985D5F46C9A0123422.d.5E0E9488F20096C443F0851F5C5B19A0.e.5848/click - {}
RESULT: {}
COMMAND: GET /session/2332ccd2e8bcc895b03cacebcf8e3681/screenshot - {}
RESULT: {}
COMMAND: POST /session/2332ccd2e8bcc895b03cacebcf8e3681/execute/async - {"script":"<script> [1562 bytes]","args":[{"selector":{"controlType":"sap.m.SearchField","viewName":"etm.portal.ui.managecontracts.view.Master","bindingPath":{"path":"","propertyPath":"/_BASIC_SEARCH_FIELD","modelName":"fi1t3rM0d31"},"interaction":{"idSuffix":"I"}},"wdio_ui5_key":"etmportal.ui.managecontracts.view.Mastersap.m.SearchField{\"path\":\"\",\"propertyPath\":\"/_BASIC_SEARCH_FIELD\",\"modelName\":\"fi1t3rM0d31\"}"}]}
RESULT: {"script":"<script> [1562 bytes]","args":[{"selector":{"controlType":"sap.m.SearchField","viewName":"etm.portal.ui.managecontracts.view.Master","bindingPath":{"path":"","propertyPath":"/_BASIC_SEARCH_FIELD","modelName":"fi1t3rM0d31"},"interaction":{"idSuffix":"I"}},"wdio_ui5_key":"etmportal.ui.managecontracts.view.Mastersap.m.SearchField{\"path\":\"\",\"propertyPath\":\"/_BASIC_SEARCH_FIELD\",\"modelName\":\"fi1t3rM0d31\"}"}]}
RESULT: undefined
COMMAND: POST /session/2332ccd2e8bcc895b03cacebcf8e3681/execute/async - {"script":"<script> [776 bytes]","args":[{"enterText":"10287","selector":{"controlType":"sap.m.SearchField","viewName":"etm.portal.ui.managecontracts.view.Master","bindingPath":{"path":"","propertyPath":"/_BASIC_SEARCH_FIELD","modelName":"fi1t3rM0d31"},"interaction":{"idSuffix":"I"}},"clearTextFirst":true,"interactionType":"ENTER_TEXT"}]}
RESULT: {"script":"<script> [776 bytes]","args":[{"enterText":"10287","selector":{"controlType":"sap.m.SearchField","viewName":"etm.portal.ui.managecontracts.view.Master","bindingPath":{"path":"","propertyPath":"/_BASIC_SEARCH_FIELD","modelName":"fi1t3rM0d31"},"interaction":{"idSuffix":"I"}},"clearTextFirst":true,"interactionType":"ENTER_TEXT"}]}
COMMAND: POST /session/2332ccd2e8bcc895b03cacebcf8e3681/actions - {"actions":[{"id":"action31","type":"key","parameters":{},"actions":[{"type":"keyDown","value":"î€‡"},{"type":"pause","duration":10},{"type":"keyUp","value":"î€‡"}]}]}
RESULT: {"actions":[{"id":"action31","type":"key","parameters":{},"actions":[{"type":"keyDown","value":"î€‡"},{"type":"pause","duration":10},{"type":"keyUp","value":"î€‡"}]}]}
COMMAND: GET /session/2332ccd2e8bcc895b03cacebcf8e3681/screenshot - {}
RESULT: {}
COMMAND: POST /session/2332ccd2e8bcc895b03cacebcf8e3681/execute/async - {"script":"<script> [1562 bytes]","args":[{"selector":{"controlType":"sap.ui.core.Icon","viewName":"etm.portal.ui.managecontracts.view.Master","properties":{"src":{"regex":{"source":"slim\\-arrow\\-right"}}}},"wdio_ui5_key":"etmportal.ui.managecontracts.view.Mastersap.ui.core.Icon{\"src\":{\"regex\":{\"source\":\"slim\\\\-arrow\\\\-right\"}}}"}]}
RESULT: {"script":"<script> [1562 bytes]","args":[{"selector":{"controlType":"sap.ui.core.Icon","viewName":"etm.portal.ui.managecontracts.view.Master","properties":{"src":{"regex":{"source":"slim\\-arrow\\-right"}}}},"wdio_ui5_key":"etmportal.ui.managecontracts.view.Mastersap.ui.core.Icon{\"src\":{\"regex\":{\"source\":\"slim\\\\-arrow\\\\-right\"}}}"}]}
RESULT: undefined
COMMAND: POST /session/2332ccd2e8bcc895b03cacebcf8e3681/element - {"using":"xpath","value":"//*[@id=\"__item1704-__clone5635-imgNav\"]"}
RESULT: {"using":"xpath","value":"//*[@id=\"__item1704-__clone5635-imgNav\"]"}
COMMAND: POST /session/2332ccd2e8bcc895b03cacebcf8e3681/element/f.B01AE492A9312D985D5F46C9A0123422.d.5E0E9488F20096C443F0851F5C5B19A0.e.5978/click - {}
RESULT: {}
COMMAND: POST /session/2332ccd2e8bcc895b03cacebcf8e3681/execute/async - {"script":"<script> [1562 bytes]","args":[{"selector":{"id":"addRequestItemBtn","viewName":"etm.portal.ui.managecontracts.view.Detail","interaction":{"idSuffix":"BDI-content"}},"wdio_ui5_key":"addRequestItemBtnetmportal.ui.managecontracts.view.Detail"}]}
COMMAND: GET /session/2332ccd2e8bcc895b03cacebcf8e3681/screenshot - {}
RESULT: {"script":"<script> [1562 bytes]","args":[{"selector":{"id":"addRequestItemBtn","viewName":"etm.portal.ui.managecontracts.view.Detail","interaction":{"idSuffix":"BDI-content"}},"wdio_ui5_key":"addRequestItemBtnetmportal.ui.managecontracts.view.Detail"}]}
RESULT: undefined
COMMAND: POST /session/2332ccd2e8bcc895b03cacebcf8e3681/element - {"using":"xpath","value":"//*[@id=\"__xmlview64--addRequestItemBtn\"]"}
RESULT: {}
RESULT: {"using":"xpath","value":"//*[@id=\"__xmlview64--addRequestItemBtn\"]"}
COMMAND: POST /session/2332ccd2e8bcc895b03cacebcf8e3681/element/f.B01AE492A9312D985D5F46C9A0123422.d.5E0E9488F20096C443F0851F5C5B19A0.e.6039/click - {}
RESULT: {}
COMMAND: GET /session/2332ccd2e8bcc895b03cacebcf8e3681/screenshot - {}
RESULT: {}
COMMAND: POST /session/2332ccd2e8bcc895b03cacebcf8e3681/element - {"using":"xpath","value":"//div[contains(@id ,\"popupRequestTable-sa-CbBg\")]"}
RESULT: {"using":"xpath","value":"//div[contains(@id ,\"popupRequestTable-sa-CbBg\")]"}
COMMAND: POST /session/2332ccd2e8bcc895b03cacebcf8e3681/element/f.B01AE492A9312D985D5F46C9A0123422.d.5E0E9488F20096C443F0851F5C5B19A0.e.6155/click - {}
RESULT: {}
COMMAND: GET /session/2332ccd2e8bcc895b03cacebcf8e3681/screenshot - {}
RESULT: {}
COMMAND: POST /session/2332ccd2e8bcc895b03cacebcf8e3681/execute/async - {"script":"<script> [1562 bytes]","args":[{"selector":{"controlType":"sap.m.Button","viewName":"etm.portal.ui.managecontracts.view.Detail","i18NText":{"propertyName":"text","key":"selectionDone"},"searchOpenDialogs":true,"interaction":{"idSuffix":"BDI-content"}},"wdio_ui5_key":"etmportal.ui.managecontracts.view.Detailsap.m.Button{\"propertyName\":\"text\",\"key\":\"selectionDone\"}"}]}
RESULT: {"script":"<script> [1562 bytes]","args":[{"selector":{"controlType":"sap.m.Button","viewName":"etm.portal.ui.managecontracts.view.Detail","i18NText":{"propertyName":"text","key":"selectionDone"},"searchOpenDialogs":true,"interaction":{"idSuffix":"BDI-content"}},"wdio_ui5_key":"etmportal.ui.managecontracts.view.Detailsap.m.Button{\"propertyName\":\"text\",\"key\":\"selectionDone\"}"}]}
RESULT: undefined
COMMAND: POST /session/2332ccd2e8bcc895b03cacebcf8e3681/element - {"using":"xpath","value":"//*[@id=\"__button157\"]"}
RESULT: {"using":"xpath","value":"//*[@id=\"__button157\"]"}
COMMAND: POST /session/2332ccd2e8bcc895b03cacebcf8e3681/element/f.B01AE492A9312D985D5F46C9A0123422.d.5E0E9488F20096C443F0851F5C5B19A0.e.6158/click - {}
RESULT: {}
COMMAND: POST /session/2332ccd2e8bcc895b03cacebcf8e3681/execute/async - {"script":"<script> [1562 bytes]","args":[{"selector":{"controlType":"sap.m.Text","properties":{"text":"Started processing request items into the contract."},"searchOpenDialogs":true},"wdio_ui5_key":"sapm.Text{\"text\":\"Started processing request items into the contract.\"}"}]}
COMMAND: GET /session/2332ccd2e8bcc895b03cacebcf8e3681/screenshot - {}
RESULT: {"script":"<script> [1562 bytes]","args":[{"selector":{"controlType":"sap.m.Text","properties":{"text":"Started processing request items into the contract."},"searchOpenDialogs":true},"wdio_ui5_key":"sapm.Text{\"text\":\"Started processing request items into the contract.\"}"}]}
RESULT: undefined
COMMAND: POST /session/2332ccd2e8bcc895b03cacebcf8e3681/execute/async - {"script":"<script> [6424 bytes]","args":[{"element-6066-11e4-a52e-4f735466cecf":"f.B01AE492A9312D985D5F46C9A0123422.d.5E0E9488F20096C443F0851F5C5B19A0.e.6160"},"getText",[]]}
RESULT: {}
RESULT: {"script":"<script> [6424 bytes]","args":[{"element-6066-11e4-a52e-4f735466cecf":"f.B01AE492A9312D985D5F46C9A0123422.d.5E0E9488F20096C443F0851F5C5B19A0.e.6160"},"getText",[]]}
COMMAND: POST /session/2332ccd2e8bcc895b03cacebcf8e3681/execute/async - {"script":"<script> [1562 bytes]","args":[{"selector":{"controlType":"sap.m.Button","properties":{"text":"OK"},"searchOpenDialogs":true,"interaction":{"idSuffix":"inner"}},"wdio_ui5_key":"sapm.Button{\"text\":\"OK\"}"}]}
RESULT: {"script":"<script> [1562 bytes]","args":[{"selector":{"controlType":"sap.m.Button","properties":{"text":"OK"},"searchOpenDialogs":true,"interaction":{"idSuffix":"inner"}},"wdio_ui5_key":"sapm.Button{\"text\":\"OK\"}"}]}
RESULT: undefined
COMMAND: POST /session/2332ccd2e8bcc895b03cacebcf8e3681/element - {"using":"xpath","value":"//*[@id=\"__mbox-btn-5\"]"}
RESULT: {"using":"xpath","value":"//*[@id=\"__mbox-btn-5\"]"}
COMMAND: POST /session/2332ccd2e8bcc895b03cacebcf8e3681/element/f.B01AE492A9312D985D5F46C9A0123422.d.5E0E9488F20096C443F0851F5C5B19A0.e.6159/click - {}
RESULT: {}
COMMAND: POST /session/2332ccd2e8bcc895b03cacebcf8e3681/execute/async - {"script":"<script> [1562 bytes]","args":[{"selector":{"id":"headerBillingItemsTabFilter","viewName":"etm.portal.ui.managecontracts.view.Detail","interaction":{"idSuffix":"text"}},"wdio_ui5_key":"headerBillingItemsTabFilteretmportal.ui.managecontracts.view.Detail"}]}
COMMAND: GET /session/2332ccd2e8bcc895b03cacebcf8e3681/screenshot - {}
RESULT: {"script":"<script> [1562 bytes]","args":[{"selector":{"id":"headerBillingItemsTabFilter","viewName":"etm.portal.ui.managecontracts.view.Detail","interaction":{"idSuffix":"text"}},"wdio_ui5_key":"headerBillingItemsTabFilteretmportal.ui.managecontracts.view.Detail"}]}
RESULT: undefined
COMMAND: POST /session/2332ccd2e8bcc895b03cacebcf8e3681/element - {"using":"xpath","value":"//*[@id=\"__xmlview64--headerBillingItemsTabFilter\"]"}
RESULT: {}
RESULT: {"using":"xpath","value":"//*[@id=\"__xmlview64--headerBillingItemsTabFilter\"]"}
COMMAND: POST /session/2332ccd2e8bcc895b03cacebcf8e3681/element/f.B01AE492A9312D985D5F46C9A0123422.d.5E0E9488F20096C443F0851F5C5B19A0.e.6171/click - {}
RESULT: {}
COMMAND: GET /session/2332ccd2e8bcc895b03cacebcf8e3681/screenshot - {}
RESULT: {}
COMMAND: POST /session/2332ccd2e8bcc895b03cacebcf8e3681/execute/async - {"script":"<script> [1562 bytes]","args":[{"selector":{"controlType":"sap.ui.core.Icon","viewName":"etm.portal.ui.managecontracts.view.Detail","properties":{"src":{"regex":{"source":"synchronize"}}}},"wdio_ui5_key":"etmportal.ui.managecontracts.view.Detailsap.ui.core.Icon{\"src\":{\"regex\":{\"source\":\"synchronize\"}}}"}]}
RESULT: {"script":"<script> [1562 bytes]","args":[{"selector":{"controlType":"sap.ui.core.Icon","viewName":"etm.portal.ui.managecontracts.view.Detail","properties":{"src":{"regex":{"source":"synchronize"}}}},"wdio_ui5_key":"etmportal.ui.managecontracts.view.Detailsap.ui.core.Icon{\"src\":{\"regex\":{\"source\":\"synchronize\"}}}"}]}
RESULT: undefined
COMMAND: POST /session/2332ccd2e8bcc895b03cacebcf8e3681/element - {"using":"xpath","value":"//*[@id=\"__xmlview64--btnToggleUpdate-img\"]"}
RESULT: {"using":"xpath","value":"//*[@id=\"__xmlview64--btnToggleUpdate-img\"]"}
COMMAND: POST /session/2332ccd2e8bcc895b03cacebcf8e3681/element/f.B01AE492A9312D985D5F46C9A0123422.d.5E0E9488F20096C443F0851F5C5B19A0.e.6038/click - {}
RESULT: {}
COMMAND: GET /session/2332ccd2e8bcc895b03cacebcf8e3681/screenshot - {}
RESULT: {}
RESULT: undefined
COMMAND: POST /session/2332ccd2e8bcc895b03cacebcf8e3681/element - {"using":"xpath","value":"//*[@id=\"__xmlview64--headerBillingItemsTabFilter\"]"}
RESULT: {"using":"xpath","value":"//*[@id=\"__xmlview64--headerBillingItemsTabFilter\"]"}
COMMAND: POST /session/2332ccd2e8bcc895b03cacebcf8e3681/element/f.B01AE492A9312D985D5F46C9A0123422.d.5E0E9488F20096C443F0851F5C5B19A0.e.6171/click - {}
RESULT: {}
COMMAND: POST /session/2332ccd2e8bcc895b03cacebcf8e3681/execute/async - {"script":"<script> [1562 bytes]","args":[{"selector":{"controlType":"sap.m.Title","viewName":"etm.portal.ui.managecontracts.view.Detail","properties":{"text":"Contract Items (2)"}},"wdio_ui5_key":"etmportal.ui.managecontracts.view.Detailsap.m.Title{\"text\":\"Contract Items (2)\"}"}]}
COMMAND: GET /session/2332ccd2e8bcc895b03cacebcf8e3681/screenshot - {}
RESULT: {"script":"<script> [1562 bytes]","args":[{"selector":{"controlType":"sap.m.Title","viewName":"etm.portal.ui.managecontracts.view.Detail","properties":{"text":"Contract Items (2)"}},"wdio_ui5_key":"etmportal.ui.managecontracts.view.Detailsap.m.Title{\"text\":\"Contract Items (2)\"}"}]}
RESULT: undefined
COMMAND: POST /session/2332ccd2e8bcc895b03cacebcf8e3681/execute/async - {"script":"<script> [6424 bytes]","args":[{"element-6066-11e4-a52e-4f735466cecf":"f.B01AE492A9312D985D5F46C9A0123422.d.5E0E9488F20096C443F0851F5C5B19A0.e.6179"},"getText",[]]}
RESULT: {}
RESULT: {"script":"<script> [6424 bytes]","args":[{"element-6066-11e4-a52e-4f735466cecf":"f.B01AE492A9312D985D5F46C9A0123422.d.5E0E9488F20096C443F0851F5C5B19A0.e.6179"},"getText",[]]}
COMMAND: POST /session/2332ccd2e8bcc895b03cacebcf8e3681/execute/async - {"script":"<script> [1562 bytes]","args":[{"selector":{"controlType":"sap.m.ObjectStatus","viewName":"etm.portal.ui.managecontracts.view.Detail","bindingPath":{"path":"/SmartContractItems(CONTRACT='10287',ITEM=10m,SUB_ITEM=0m)","propertyPath":"STATUS"}},"wdio_ui5_key":"etmportal.ui.managecontracts.view.Detailsap.m.ObjectStatus{\"path\":\"/SmartContractItems(CONTRACT='10287',ITEM=10m,SUB_ITEM=0m)\",\"propertyPath\":\"STATUS\"}"}]}
RESULT: {"script":"<script> [1562 bytes]","args":[{"selector":{"controlType":"sap.m.ObjectStatus","viewName":"etm.portal.ui.managecontracts.view.Detail","bindingPath":{"path":"/SmartContractItems(CONTRACT='10287',ITEM=10m,SUB_ITEM=0m)","propertyPath":"STATUS"}},"wdio_ui5_key":"etmportal.ui.managecontracts.view.Detailsap.m.ObjectStatus{\"path\":\"/SmartContractItems(CONTRACT='10287',ITEM=10m,SUB_ITEM=0m)\",\"propertyPath\":\"STATUS\"}"}]}
RESULT: undefined
COMMAND: POST /session/2332ccd2e8bcc895b03cacebcf8e3681/execute/async - {"script":"<script> [6424 bytes]","args":[{"element-6066-11e4-a52e-4f735466cecf":"f.B01AE492A9312D985D5F46C9A0123422.d.5E0E9488F20096C443F0851F5C5B19A0.e.6181"},"getText",[]]}
RESULT: {"script":"<script> [6424 bytes]","args":[{"element-6066-11e4-a52e-4f735466cecf":"f.B01AE492A9312D985D5F46C9A0123422.d.5E0E9488F20096C443F0851F5C5B19A0.e.6181"},"getText",[]]}
COMMAND: POST /session/2332ccd2e8bcc895b03cacebcf8e3681/execute/async - {"script":"<script> [1562 bytes]","args":[{"selector":{"controlType":"sap.m.ObjectStatus","viewName":"etm.portal.ui.managecontracts.view.Detail","bindingPath":{"path":"/SmartContractItems(CONTRACT='10287',ITEM=20m,SUB_ITEM=0m)","propertyPath":"STATUS"}},"wdio_ui5_key":"etmportal.ui.managecontracts.view.Detailsap.m.ObjectStatus{\"path\":\"/SmartContractItems(CONTRACT='10287',ITEM=20m,SUB_ITEM=0m)\",\"propertyPath\":\"STATUS\"}"}]}
RESULT: {"script":"<script> [1562 bytes]","args":[{"selector":{"controlType":"sap.m.ObjectStatus","viewName":"etm.portal.ui.managecontracts.view.Detail","bindingPath":{"path":"/SmartContractItems(CONTRACT='10287',ITEM=20m,SUB_ITEM=0m)","propertyPath":"STATUS"}},"wdio_ui5_key":"etmportal.ui.managecontracts.view.Detailsap.m.ObjectStatus{\"path\":\"/SmartContractItems(CONTRACT='10287',ITEM=20m,SUB_ITEM=0m)\",\"propertyPath\":\"STATUS\"}"}]}
RESULT: undefined
COMMAND: POST /session/2332ccd2e8bcc895b03cacebcf8e3681/execute/async - {"script":"<script> [6424 bytes]","args":[{"element-6066-11e4-a52e-4f735466cecf":"f.B01AE492A9312D985D5F46C9A0123422.d.5E0E9488F20096C443F0851F5C5B19A0.e.6182"},"getText",[]]}
RESULT: {"script":"<script> [6424 bytes]","args":[{"element-6066-11e4-a52e-4f735466cecf":"f.B01AE492A9312D985D5F46C9A0123422.d.5E0E9488F20096C443F0851F5C5B19A0.e.6182"},"getText",[]]}
]]></system-out>
    </testcase>
  </testsuite>
  <testsuite timestamp="2025-04-28T18:02:27" time="88.824" tests="1" failures="0" errors="0" skipped="0">
    <properties>
      <property name="specId" value="0" />
      <property name="suiteName" value="Manage contracts - revert request US152962" />
      <property name="capabilities" value="chrome.135_0_7049_96.windows" />
      <property name="file" value="file:///D:/a/1/s/test/specs/R2C/manage-contracts-revert-request.spec.js" />
    </properties>
    <testcase classname="chrome.135_0_7049_96.windows.Manage_contracts_-_revert_request_US152962" name="Should revert the request" time="88.822">
      <system-out><![CDATA[
COMMAND: POST /session/2332ccd2e8bcc895b03cacebcf8e3681/execute/async - {"script":"<script> [1562 bytes]","args":[{"selector":{"id":"revertPlanningBtn","viewName":"etm.portal.ui.managecontracts.view.Detail","interaction":{"idSuffix":"BDI-content"}},"wdio_ui5_key":"revertPlanningBtnetmportal.ui.managecontracts.view.Detail"}]}
RESULT: {"script":"<script> [1562 bytes]","args":[{"selector":{"id":"revertPlanningBtn","viewName":"etm.portal.ui.managecontracts.view.Detail","interaction":{"idSuffix":"BDI-content"}},"wdio_ui5_key":"revertPlanningBtnetmportal.ui.managecontracts.view.Detail"}]}
RESULT: undefined
COMMAND: POST /session/2332ccd2e8bcc895b03cacebcf8e3681/element - {"using":"xpath","value":"//*[@id=\"__xmlview64--revertPlanningBtn\"]"}
RESULT: {"using":"xpath","value":"//*[@id=\"__xmlview64--revertPlanningBtn\"]"}
COMMAND: POST /session/2332ccd2e8bcc895b03cacebcf8e3681/element/f.B01AE492A9312D985D5F46C9A0123422.d.5E0E9488F20096C443F0851F5C5B19A0.e.6042/click - {}
RESULT: {}
COMMAND: POST /session/2332ccd2e8bcc895b03cacebcf8e3681/element - {"using":"xpath","value":"(//div[contains(@id ,\"selectMulti-CbBg\")])[2]"}
COMMAND: GET /session/2332ccd2e8bcc895b03cacebcf8e3681/screenshot - {}
RESULT: {"using":"xpath","value":"(//div[contains(@id ,\"selectMulti-CbBg\")])[2]"}
COMMAND: POST /session/2332ccd2e8bcc895b03cacebcf8e3681/element/f.B01AE492A9312D985D5F46C9A0123422.d.5E0E9488F20096C443F0851F5C5B19A0.e.6228/click - {}
RESULT: {}
RESULT: {}
COMMAND: GET /session/2332ccd2e8bcc895b03cacebcf8e3681/screenshot - {}
RESULT: {}
COMMAND: POST /session/2332ccd2e8bcc895b03cacebcf8e3681/element - {"using":"xpath","value":"//span[contains(@id ,\"executeRevertPlanningBtn-content\")]"}
RESULT: {"using":"xpath","value":"//span[contains(@id ,\"executeRevertPlanningBtn-content\")]"}
COMMAND: POST /session/2332ccd2e8bcc895b03cacebcf8e3681/element/f.B01AE492A9312D985D5F46C9A0123422.d.5E0E9488F20096C443F0851F5C5B19A0.e.6230/click - {}
RESULT: {}
COMMAND: GET /session/2332ccd2e8bcc895b03cacebcf8e3681/screenshot - {}
RESULT: {}
COMMAND: POST /session/2332ccd2e8bcc895b03cacebcf8e3681/actions - {"actions":[{"id":"action32","type":"key","parameters":{},"actions":[{"type":"keyDown","value":"î€‡"},{"type":"pause","duration":10},{"type":"keyUp","value":"î€‡"}]}]}
RESULT: {"actions":[{"id":"action32","type":"key","parameters":{},"actions":[{"type":"keyDown","value":"î€‡"},{"type":"pause","duration":10},{"type":"keyUp","value":"î€‡"}]}]}
COMMAND: GET /session/2332ccd2e8bcc895b03cacebcf8e3681/screenshot - {}
RESULT: {}
COMMAND: POST /session/2332ccd2e8bcc895b03cacebcf8e3681/refresh - {}
RESULT: {}
COMMAND: GET /session/2332ccd2e8bcc895b03cacebcf8e3681/screenshot - {}
RESULT: {}
COMMAND: POST /session/2332ccd2e8bcc895b03cacebcf8e3681/execute/async - {"script":"<script> [189 bytes]","args":[]}
RESULT: {"script":"<script> [189 bytes]","args":[]}
COMMAND: POST /session/2332ccd2e8bcc895b03cacebcf8e3681/execute/async - {"script":"<script> [123 bytes]","args":[]}
RESULT: {"script":"<script> [123 bytes]","args":[]}
COMMAND: POST /session/2332ccd2e8bcc895b03cacebcf8e3681/timeouts - {"script":"<number>"}
RESULT: {"script":"<number>"}
COMMAND: GET /session/2332ccd2e8bcc895b03cacebcf8e3681/timeouts - {}
RESULT: {}
RESULT: undefined
COMMAND: POST /session/2332ccd2e8bcc895b03cacebcf8e3681/execute/async - {"script":"<script> [2676 bytes]","args":[]}
RESULT: {"script":"<script> [2676 bytes]","args":[]}
COMMAND: POST /session/2332ccd2e8bcc895b03cacebcf8e3681/execute/async - {"script":"<script> [2342 bytes]","args":[{"protocol":"http","hostname":"0.0.0.0","path":"/","capabilities":{"browserName":"chrome","goog:chromeOptions":{"binary":"C:\\Program Files\\Google\\Chrome\\Application\\chrome.exe","args":["--start-maximized"]}},"logLevel":"warn","connectionRetryTimeout":120000,"connectionRetryCount":3,"logLevels":{},"enableDirectConnect":true,"strictSSL":true,"_":"65 more keys: [\"cacheDir\",\"port\",\"requestedCapabilities\",\"automationProtocol\",\"baseUrl\",\"waitforInterval\",\"waitforTimeout\",\"onReload\",\"beforeCommand\",\"afterCommand\",\"rootDir\",\"specs\",\"suites\",\"exclude\",\"groupLogsByTestSpec\",\"excludeDriverLogs\",\"bail\",\"framework\",\"reporters\",\"services\",\"maxInstances\",\"maxInstancesPerCapability\",\"injectGlobals\",\"filesToWatch\",\"execArgv\",\"runnerEnv\",\"runner\",\"shard\",\"specFileRetries\",\"specFileRetriesDelay\",\"specFileRetriesDeferred\",\"reporterSyncInterval\",\"reporterSyncTimeout\",\"cucumberFeaturesWithLineNumbers\",\"autoCompileOpts\",\"mochaOpts\",\"jasmineOpts\",\"cucumberOpts\",\"onPrepare\",\"onWorkerStart\",\"onWorkerEnd\",\"before\",\"beforeSession\",\"beforeSuite\",\"beforeHook\",\"beforeTest\",\"afterTest\",\"afterHook\",\"afterSuite\",\"afterSession\",\"after\",\"onComplete\",\"beforeAssertion\",\"afterAssertion\",\"beforeFeature\",\"beforeScenario\",\"beforeStep\",\"afterStep\",\"afterScenario\",\"afterFeature\",\"_\",\"suite\",\"$0\",\"ignoredWorkerServices\",\"wdi5\"]"}]}
RESULT: {"script":"<script> [2342 bytes]","args":[{"protocol":"http","hostname":"0.0.0.0","path":"/","capabilities":{"browserName":"chrome","goog:chromeOptions":{"binary":"C:\\Program Files\\Google\\Chrome\\Application\\chrome.exe","args":["--start-maximized"]}},"logLevel":"warn","connectionRetryTimeout":120000,"connectionRetryCount":3,"logLevels":{},"enableDirectConnect":true,"strictSSL":true,"_":"65 more keys: [\"cacheDir\",\"port\",\"requestedCapabilities\",\"automationProtocol\",\"baseUrl\",\"waitforInterval\",\"waitforTimeout\",\"onReload\",\"beforeCommand\",\"afterCommand\",\"rootDir\",\"specs\",\"suites\",\"exclude\",\"groupLogsByTestSpec\",\"excludeDriverLogs\",\"bail\",\"framework\",\"reporters\",\"services\",\"maxInstances\",\"maxInstancesPerCapability\",\"injectGlobals\",\"filesToWatch\",\"execArgv\",\"runnerEnv\",\"runner\",\"shard\",\"specFileRetries\",\"specFileRetriesDelay\",\"specFileRetriesDeferred\",\"reporterSyncInterval\",\"reporterSyncTimeout\",\"cucumberFeaturesWithLineNumbers\",\"autoCompileOpts\",\"mochaOpts\",\"jasmineOpts\",\"cucumberOpts\",\"onPrepare\",\"onWorkerStart\",\"onWorkerEnd\",\"before\",\"beforeSession\",\"beforeSuite\",\"beforeHook\",\"beforeTest\",\"afterTest\",\"afterHook\",\"afterSuite\",\"afterSession\",\"after\",\"onComplete\",\"beforeAssertion\",\"afterAssertion\",\"beforeFeature\",\"beforeScenario\",\"beforeStep\",\"afterStep\",\"afterScenario\",\"afterFeature\",\"_\",\"suite\",\"$0\",\"ignoredWorkerServices\",\"wdi5\"]"}]}
COMMAND: POST /session/2332ccd2e8bcc895b03cacebcf8e3681/execute/async - {"script":"<script> [21126 bytes]","args":[35000]}
RESULT: {"script":"<script> [21126 bytes]","args":[35000]}
COMMAND: POST /session/2332ccd2e8bcc895b03cacebcf8e3681/execute/async - {"script":"<script> [1562 bytes]","args":[{"selector":{"controlType":"sap.m.Title","viewName":"etm.portal.ui.managecontracts.view.Detail","properties":{"text":"Contract Items (1)"}},"wdio_ui5_key":"etmportal.ui.managecontracts.view.Detailsap.m.Title{\"text\":\"Contract Items (1)\"}"}]}
RESULT: {"script":"<script> [1562 bytes]","args":[{"selector":{"controlType":"sap.m.Title","viewName":"etm.portal.ui.managecontracts.view.Detail","properties":{"text":"Contract Items (1)"}},"wdio_ui5_key":"etmportal.ui.managecontracts.view.Detailsap.m.Title{\"text\":\"Contract Items (1)\"}"}]}
RESULT: undefined
COMMAND: POST /session/2332ccd2e8bcc895b03cacebcf8e3681/execute/async - {"script":"<script> [6424 bytes]","args":[{"element-6066-11e4-a52e-4f735466cecf":"f.B01AE492A9312D985D5F46C9A0123422.d.11A7F4328FB636B1BB803DB8BF0C33CA.e.6423"},"getText",[]]}
RESULT: {"script":"<script> [6424 bytes]","args":[{"element-6066-11e4-a52e-4f735466cecf":"f.B01AE492A9312D985D5F46C9A0123422.d.11A7F4328FB636B1BB803DB8BF0C33CA.e.6423"},"getText",[]]}
COMMAND: POST /session/2332ccd2e8bcc895b03cacebcf8e3681/execute/async - {"script":"<script> [1562 bytes]","args":[{"selector":{"id":"contractDetailEditBtn","viewName":"etm.portal.ui.managecontracts.view.Detail","interaction":{"idSuffix":"inner"}},"wdio_ui5_key":"contractDetailEditBtnetmportal.ui.managecontracts.view.Detail"}]}
RESULT: {"script":"<script> [1562 bytes]","args":[{"selector":{"id":"contractDetailEditBtn","viewName":"etm.portal.ui.managecontracts.view.Detail","interaction":{"idSuffix":"inner"}},"wdio_ui5_key":"contractDetailEditBtnetmportal.ui.managecontracts.view.Detail"}]}
RESULT: undefined
COMMAND: POST /session/2332ccd2e8bcc895b03cacebcf8e3681/element - {"using":"xpath","value":"//*[@id=\"__xmlview1--contractDetailEditBtn\"]"}
RESULT: {"using":"xpath","value":"//*[@id=\"__xmlview1--contractDetailEditBtn\"]"}
COMMAND: POST /session/2332ccd2e8bcc895b03cacebcf8e3681/element/f.B01AE492A9312D985D5F46C9A0123422.d.11A7F4328FB636B1BB803DB8BF0C33CA.e.6425/click - {}
RESULT: {}
COMMAND: GET /session/2332ccd2e8bcc895b03cacebcf8e3681/screenshot - {}
RESULT: {}
COMMAND: POST /session/2332ccd2e8bcc895b03cacebcf8e3681/element - {"using":"xpath","value":"(//span[contains(text(), \"Header Billing Items\")])[2]"}
RESULT: {"using":"xpath","value":"(//span[contains(text(), \"Header Billing Items\")])[2]"}
COMMAND: POST /session/2332ccd2e8bcc895b03cacebcf8e3681/element/f.B01AE492A9312D985D5F46C9A0123422.d.11A7F4328FB636B1BB803DB8BF0C33CA.e.6490/click - {}
RESULT: {}
COMMAND: GET /session/2332ccd2e8bcc895b03cacebcf8e3681/screenshot - {}
RESULT: {}
COMMAND: POST /session/2332ccd2e8bcc895b03cacebcf8e3681/element - {"using":"xpath","value":"//div[contains(@id ,\"ProductsTable-sa-CbBg\")]"}
RESULT: {"using":"xpath","value":"//div[contains(@id ,\"ProductsTable-sa-CbBg\")]"}
COMMAND: POST /session/2332ccd2e8bcc895b03cacebcf8e3681/element/f.B01AE492A9312D985D5F46C9A0123422.d.11A7F4328FB636B1BB803DB8BF0C33CA.e.6493/click - {}
RESULT: {}
COMMAND: GET /session/2332ccd2e8bcc895b03cacebcf8e3681/screenshot - {}
RESULT: {}
COMMAND: POST /session/2332ccd2e8bcc895b03cacebcf8e3681/execute/async - {"script":"<script> [1562 bytes]","args":[{"selector":{"id":"deleteBtn","viewName":"etm.portal.ui.managecontracts.view.EditContract","interaction":{"idSuffix":"BDI-content"}},"wdio_ui5_key":"deleteBtnetmportal.ui.managecontracts.view.EditContract"}]}
RESULT: {"script":"<script> [1562 bytes]","args":[{"selector":{"id":"deleteBtn","viewName":"etm.portal.ui.managecontracts.view.EditContract","interaction":{"idSuffix":"BDI-content"}},"wdio_ui5_key":"deleteBtnetmportal.ui.managecontracts.view.EditContract"}]}
RESULT: undefined
COMMAND: POST /session/2332ccd2e8bcc895b03cacebcf8e3681/element - {"using":"xpath","value":"//*[@id=\"__xmlview2--deleteBtn\"]"}
RESULT: {"using":"xpath","value":"//*[@id=\"__xmlview2--deleteBtn\"]"}
COMMAND: POST /session/2332ccd2e8bcc895b03cacebcf8e3681/element/f.B01AE492A9312D985D5F46C9A0123422.d.11A7F4328FB636B1BB803DB8BF0C33CA.e.6496/click - {}
RESULT: {}
COMMAND: POST /session/2332ccd2e8bcc895b03cacebcf8e3681/element - {"using":"xpath","value":"//bdi[contains(@id ,\"BDI-content\")][contains(text(), \"OK\")]"}
COMMAND: GET /session/2332ccd2e8bcc895b03cacebcf8e3681/screenshot - {}
RESULT: {"using":"xpath","value":"//bdi[contains(@id ,\"BDI-content\")][contains(text(), \"OK\")]"}
COMMAND: POST /session/2332ccd2e8bcc895b03cacebcf8e3681/element/f.B01AE492A9312D985D5F46C9A0123422.d.11A7F4328FB636B1BB803DB8BF0C33CA.e.6499/click - {}
RESULT: {}
RESULT: {}
COMMAND: GET /session/2332ccd2e8bcc895b03cacebcf8e3681/screenshot - {}
RESULT: {}
COMMAND: POST /session/2332ccd2e8bcc895b03cacebcf8e3681/element - {"using":"xpath","value":"//bdi[contains(@id ,\"BDI-content\")][contains(text(), \"Save\")]"}
RESULT: {"using":"xpath","value":"//bdi[contains(@id ,\"BDI-content\")][contains(text(), \"Save\")]"}
COMMAND: POST /session/2332ccd2e8bcc895b03cacebcf8e3681/element/f.B01AE492A9312D985D5F46C9A0123422.d.11A7F4328FB636B1BB803DB8BF0C33CA.e.6500/click - {}
RESULT: {}
COMMAND: GET /session/2332ccd2e8bcc895b03cacebcf8e3681/screenshot - {}
RESULT: {}
COMMAND: POST /session/2332ccd2e8bcc895b03cacebcf8e3681/element - {"using":"xpath","value":"(//span[contains(text(), \"Header Billing Items\")])[1]"}
RESULT: {"using":"xpath","value":"(//span[contains(text(), \"Header Billing Items\")])[1]"}
COMMAND: POST /session/2332ccd2e8bcc895b03cacebcf8e3681/element/f.B01AE492A9312D985D5F46C9A0123422.d.11A7F4328FB636B1BB803DB8BF0C33CA.e.6503/click - {}
RESULT: {}
COMMAND: GET /session/2332ccd2e8bcc895b03cacebcf8e3681/screenshot - {}
RESULT: {}
COMMAND: POST /session/2332ccd2e8bcc895b03cacebcf8e3681/execute/async - {"script":"<script> [1562 bytes]","args":[{"selector":{"controlType":"sap.m.ObjectStatus","viewName":"etm.portal.ui.managecontracts.view.Detail","bindingPath":{"path":"/SmartContractItems(CONTRACT='10287',ITEM=10m,SUB_ITEM=0m)","propertyPath":"STATUS"}},"wdio_ui5_key":"etmportal.ui.managecontracts.view.Detailsap.m.ObjectStatus{\"path\":\"/SmartContractItems(CONTRACT='10287',ITEM=10m,SUB_ITEM=0m)\",\"propertyPath\":\"STATUS\"}"}]}
RESULT: {"script":"<script> [1562 bytes]","args":[{"selector":{"controlType":"sap.m.ObjectStatus","viewName":"etm.portal.ui.managecontracts.view.Detail","bindingPath":{"path":"/SmartContractItems(CONTRACT='10287',ITEM=10m,SUB_ITEM=0m)","propertyPath":"STATUS"}},"wdio_ui5_key":"etmportal.ui.managecontracts.view.Detailsap.m.ObjectStatus{\"path\":\"/SmartContractItems(CONTRACT='10287',ITEM=10m,SUB_ITEM=0m)\",\"propertyPath\":\"STATUS\"}"}]}
RESULT: undefined
COMMAND: POST /session/2332ccd2e8bcc895b03cacebcf8e3681/execute/async - {"script":"<script> [6424 bytes]","args":[{"element-6066-11e4-a52e-4f735466cecf":"f.B01AE492A9312D985D5F46C9A0123422.d.11A7F4328FB636B1BB803DB8BF0C33CA.e.6507"},"getText",[]]}
RESULT: {"script":"<script> [6424 bytes]","args":[{"element-6066-11e4-a52e-4f735466cecf":"f.B01AE492A9312D985D5F46C9A0123422.d.11A7F4328FB636B1BB803DB8BF0C33CA.e.6507"},"getText",[]]}
COMMAND: POST /session/2332ccd2e8bcc895b03cacebcf8e3681/element - {"using":"css selector","value":"#shell-header-logo"}
RESULT: {"using":"css selector","value":"#shell-header-logo"}
COMMAND: POST /session/2332ccd2e8bcc895b03cacebcf8e3681/element/f.B01AE492A9312D985D5F46C9A0123422.d.11A7F4328FB636B1BB803DB8BF0C33CA.e.6307/click - {}
RESULT: {}
COMMAND: GET /session/2332ccd2e8bcc895b03cacebcf8e3681/screenshot - {}
RESULT: {}
COMMAND: POST /session/2332ccd2e8bcc895b03cacebcf8e3681/execute/async - {"script":"<script> [1562 bytes]","args":[{"selector":{"controlType":"sap.m.GenericTile","properties":{"header":"Manage Requests"}},"wdio_ui5_key":"sapm.GenericTile{\"header\":\"Manage Requests\"}"}]}
RESULT: {"script":"<script> [1562 bytes]","args":[{"selector":{"controlType":"sap.m.GenericTile","properties":{"header":"Manage Requests"}},"wdio_ui5_key":"sapm.GenericTile{\"header\":\"Manage Requests\"}"}]}
RESULT: undefined
COMMAND: POST /session/2332ccd2e8bcc895b03cacebcf8e3681/element - {"using":"xpath","value":"//*[@id=\"__tile47\"]"}
RESULT: {"using":"xpath","value":"//*[@id=\"__tile47\"]"}
COMMAND: POST /session/2332ccd2e8bcc895b03cacebcf8e3681/element/f.B01AE492A9312D985D5F46C9A0123422.d.11A7F4328FB636B1BB803DB8BF0C33CA.e.6523/click - {}
RESULT: {}
COMMAND: GET /session/2332ccd2e8bcc895b03cacebcf8e3681/screenshot - {}
RESULT: {}
COMMAND: POST /session/2332ccd2e8bcc895b03cacebcf8e3681/execute/async - {"script":"<script> [1562 bytes]","args":[{"selector":{"controlType":"sap.m.SearchField","viewName":"etm.portal.ui.managerequests.view.Master","bindingPath":{"path":"","propertyPath":"/_BASIC_SEARCH_FIELD","modelName":"fi1t3rM0d31"},"interaction":{"idSuffix":"I"}},"wdio_ui5_key":"etmportal.ui.managerequests.view.Mastersap.m.SearchField{\"path\":\"\",\"propertyPath\":\"/_BASIC_SEARCH_FIELD\",\"modelName\":\"fi1t3rM0d31\"}"}]}
RESULT: {"script":"<script> [1562 bytes]","args":[{"selector":{"controlType":"sap.m.SearchField","viewName":"etm.portal.ui.managerequests.view.Master","bindingPath":{"path":"","propertyPath":"/_BASIC_SEARCH_FIELD","modelName":"fi1t3rM0d31"},"interaction":{"idSuffix":"I"}},"wdio_ui5_key":"etmportal.ui.managerequests.view.Mastersap.m.SearchField{\"path\":\"\",\"propertyPath\":\"/_BASIC_SEARCH_FIELD\",\"modelName\":\"fi1t3rM0d31\"}"}]}
RESULT: undefined
COMMAND: POST /session/2332ccd2e8bcc895b03cacebcf8e3681/execute/async - {"script":"<script> [776 bytes]","args":[{"enterText":"20248","selector":{"controlType":"sap.m.SearchField","viewName":"etm.portal.ui.managerequests.view.Master","bindingPath":{"path":"","propertyPath":"/_BASIC_SEARCH_FIELD","modelName":"fi1t3rM0d31"},"interaction":{"idSuffix":"I"}},"clearTextFirst":true,"interactionType":"ENTER_TEXT"}]}
RESULT: {"script":"<script> [776 bytes]","args":[{"enterText":"20248","selector":{"controlType":"sap.m.SearchField","viewName":"etm.portal.ui.managerequests.view.Master","bindingPath":{"path":"","propertyPath":"/_BASIC_SEARCH_FIELD","modelName":"fi1t3rM0d31"},"interaction":{"idSuffix":"I"}},"clearTextFirst":true,"interactionType":"ENTER_TEXT"}]}
COMMAND: POST /session/2332ccd2e8bcc895b03cacebcf8e3681/actions - {"actions":[{"id":"action33","type":"key","parameters":{},"actions":[{"type":"keyDown","value":"î€‡"},{"type":"pause","duration":10},{"type":"keyUp","value":"î€‡"}]}]}
RESULT: {"actions":[{"id":"action33","type":"key","parameters":{},"actions":[{"type":"keyDown","value":"î€‡"},{"type":"pause","duration":10},{"type":"keyUp","value":"î€‡"}]}]}
COMMAND: GET /session/2332ccd2e8bcc895b03cacebcf8e3681/screenshot - {}
RESULT: {}
COMMAND: POST /session/2332ccd2e8bcc895b03cacebcf8e3681/execute/async - {"script":"<script> [1562 bytes]","args":[{"selector":{"controlType":"sap.m.Text","viewName":"etm.portal.ui.managerequests.view.Master","bindingPath":{"path":"/SmartManageRequests('20248')","propertyPath":"NO"}},"wdio_ui5_key":"etmportal.ui.managerequests.view.Mastersap.m.Text{\"path\":\"/SmartManageRequests('20248')\",\"propertyPath\":\"NO\"}"}]}
RESULT: {"script":"<script> [1562 bytes]","args":[{"selector":{"controlType":"sap.m.Text","viewName":"etm.portal.ui.managerequests.view.Master","bindingPath":{"path":"/SmartManageRequests('20248')","propertyPath":"NO"}},"wdio_ui5_key":"etmportal.ui.managerequests.view.Mastersap.m.Text{\"path\":\"/SmartManageRequests('20248')\",\"propertyPath\":\"NO\"}"}]}
RESULT: undefined
COMMAND: POST /session/2332ccd2e8bcc895b03cacebcf8e3681/element - {"using":"xpath","value":"//*[@id=\"__text463-__clone172\"]"}
RESULT: {"using":"xpath","value":"//*[@id=\"__text463-__clone172\"]"}
COMMAND: POST /session/2332ccd2e8bcc895b03cacebcf8e3681/element/f.B01AE492A9312D985D5F46C9A0123422.d.11A7F4328FB636B1BB803DB8BF0C33CA.e.6651/click - {}
RESULT: {}
COMMAND: GET /session/2332ccd2e8bcc895b03cacebcf8e3681/screenshot - {}
RESULT: {}
COMMAND: POST /session/2332ccd2e8bcc895b03cacebcf8e3681/execute/async - {"script":"<script> [1562 bytes]","args":[{"selector":{"controlType":"sap.ui.core.Icon","viewName":"etm.portal.ui.managerequests.view.Detail","properties":{"src":{"regex":{"source":"slim\\-arrow\\-up"}}}},"wdio_ui5_key":"etmportal.ui.managerequests.view.Detailsap.ui.core.Icon{\"src\":{\"regex\":{\"source\":\"slim\\\\-arrow\\\\-up\"}}}"}]}
RESULT: {"script":"<script> [1562 bytes]","args":[{"selector":{"controlType":"sap.ui.core.Icon","viewName":"etm.portal.ui.managerequests.view.Detail","properties":{"src":{"regex":{"source":"slim\\-arrow\\-up"}}}},"wdio_ui5_key":"etmportal.ui.managerequests.view.Detailsap.ui.core.Icon{\"src\":{\"regex\":{\"source\":\"slim\\\\-arrow\\\\-up\"}}}"}]}
RESULT: undefined
COMMAND: POST /session/2332ccd2e8bcc895b03cacebcf8e3681/element - {"using":"xpath","value":"//*[@id=\"__xmlview62--detailRequestPage-OPHeaderContent-collapseBtn-img\"]"}
RESULT: {"using":"xpath","value":"//*[@id=\"__xmlview62--detailRequestPage-OPHeaderContent-collapseBtn-img\"]"}
COMMAND: POST /session/2332ccd2e8bcc895b03cacebcf8e3681/element/f.B01AE492A9312D985D5F46C9A0123422.d.11A7F4328FB636B1BB803DB8BF0C33CA.e.6811/click - {}
RESULT: {}
COMMAND: GET /session/2332ccd2e8bcc895b03cacebcf8e3681/screenshot - {}
RESULT: {}
COMMAND: POST /session/2332ccd2e8bcc895b03cacebcf8e3681/execute/async - {"script":"<script> [1562 bytes]","args":[{"selector":{"controlType":"sap.m.Text","viewName":"etm.portal.ui.managerequests.view.Detail","bindingPath":{"path":"/SmartRequestItemsPlanningBoard(ITEM=20m,REQUEST='20248')","propertyPath":"STATUS_DESC"}},"wdio_ui5_key":"etmportal.ui.managerequests.view.Detailsap.m.Text{\"path\":\"/SmartRequestItemsPlanningBoard(ITEM=20m,REQUEST='20248')\",\"propertyPath\":\"STATUS_DESC\"}"}]}
RESULT: {"script":"<script> [1562 bytes]","args":[{"selector":{"controlType":"sap.m.Text","viewName":"etm.portal.ui.managerequests.view.Detail","bindingPath":{"path":"/SmartRequestItemsPlanningBoard(ITEM=20m,REQUEST='20248')","propertyPath":"STATUS_DESC"}},"wdio_ui5_key":"etmportal.ui.managerequests.view.Detailsap.m.Text{\"path\":\"/SmartRequestItemsPlanningBoard(ITEM=20m,REQUEST='20248')\",\"propertyPath\":\"STATUS_DESC\"}"}]}
RESULT: undefined
COMMAND: POST /session/2332ccd2e8bcc895b03cacebcf8e3681/execute/async - {"script":"<script> [6424 bytes]","args":[{"element-6066-11e4-a52e-4f735466cecf":"f.B01AE492A9312D985D5F46C9A0123422.d.11A7F4328FB636B1BB803DB8BF0C33CA.e.6861"},"getText",[]]}
RESULT: {"script":"<script> [6424 bytes]","args":[{"element-6066-11e4-a52e-4f735466cecf":"f.B01AE492A9312D985D5F46C9A0123422.d.11A7F4328FB636B1BB803DB8BF0C33CA.e.6861"},"getText",[]]}
COMMAND: POST /session/2332ccd2e8bcc895b03cacebcf8e3681/element - {"using":"css selector","value":"#shell-header-logo"}
RESULT: {"using":"css selector","value":"#shell-header-logo"}
COMMAND: POST /session/2332ccd2e8bcc895b03cacebcf8e3681/element/f.B01AE492A9312D985D5F46C9A0123422.d.11A7F4328FB636B1BB803DB8BF0C33CA.e.6528/click - {}
RESULT: {}
COMMAND: GET /session/2332ccd2e8bcc895b03cacebcf8e3681/screenshot - {}
RESULT: {}
]]></system-out>
    </testcase>
  </testsuite>
  <testsuite timestamp="2025-04-28T18:03:56" time="221.874" tests="4" failures="0" errors="0" skipped="0">
    <properties>
      <property name="specId" value="0" />
      <property name="suiteName" value="Standard contract close-reopen US111278" />
      <property name="capabilities" value="chrome.135_0_7049_96.windows" />
      <property name="file" value="file:///D:/a/1/s/test/specs/R2C/standard-contract-close-reopen.spec.js" />
    </properties>
    <testcase classname="chrome.135_0_7049_96.windows.Standard_contract_close-reopen_US111278" name="Should create a new contract and add an item" time="121.599">
      <system-out><![CDATA[
COMMAND: POST /session/2332ccd2e8bcc895b03cacebcf8e3681/execute/async - {"script":"<script> [1562 bytes]","args":[{"selector":{"controlType":"sap.m.Text","viewName":"etm.portal.ui.managecontractstile.view.Master","properties":{"text":"Manage Contracts"},"interaction":{"idSuffix":"inner"}},"wdio_ui5_key":"etmportal.ui.managecontractstile.view.Mastersap.m.Text{\"text\":\"Manage Contracts\"}"}]}
RESULT: {"script":"<script> [1562 bytes]","args":[{"selector":{"controlType":"sap.m.Text","viewName":"etm.portal.ui.managecontractstile.view.Master","properties":{"text":"Manage Contracts"},"interaction":{"idSuffix":"inner"}},"wdio_ui5_key":"etmportal.ui.managecontractstile.view.Mastersap.m.Text{\"text\":\"Manage Contracts\"}"}]}
RESULT: undefined
COMMAND: POST /session/2332ccd2e8bcc895b03cacebcf8e3681/element - {"using":"xpath","value":"//*[@id=\"__tile132-title\"]"}
RESULT: {"using":"xpath","value":"//*[@id=\"__tile132-title\"]"}
COMMAND: POST /session/2332ccd2e8bcc895b03cacebcf8e3681/element/f.B01AE492A9312D985D5F46C9A0123422.d.11A7F4328FB636B1BB803DB8BF0C33CA.e.6865/click - {}
RESULT: {}
COMMAND: GET /session/2332ccd2e8bcc895b03cacebcf8e3681/screenshot - {}
RESULT: {}
COMMAND: POST /session/2332ccd2e8bcc895b03cacebcf8e3681/element - {"using":"xpath","value":"//button[@data-kt=\"addButton\"]"}
RESULT: {"using":"xpath","value":"//button[@data-kt=\"addButton\"]"}
COMMAND: POST /session/2332ccd2e8bcc895b03cacebcf8e3681/element/f.B01AE492A9312D985D5F46C9A0123422.d.11A7F4328FB636B1BB803DB8BF0C33CA.e.7234/click - {}
RESULT: {}
COMMAND: GET /session/2332ccd2e8bcc895b03cacebcf8e3681/screenshot - {}
RESULT: {}
COMMAND: POST /session/2332ccd2e8bcc895b03cacebcf8e3681/execute/async - {"script":"<script> [1562 bytes]","args":[{"selector":{"id":"application-managecontracts-display-component---AddNewContract--projectDescription","interaction":{"idSuffix":"inner"}},"wdio_ui5_key":"applicationmanagecontracts-display-component---AddNewContract--projectDescription"}]}
RESULT: {"script":"<script> [1562 bytes]","args":[{"selector":{"id":"application-managecontracts-display-component---AddNewContract--projectDescription","interaction":{"idSuffix":"inner"}},"wdio_ui5_key":"applicationmanagecontracts-display-component---AddNewContract--projectDescription"}]}
RESULT: undefined
COMMAND: POST /session/2332ccd2e8bcc895b03cacebcf8e3681/execute/async - {"script":"<script> [776 bytes]","args":[{"enterText":"WdIOR2cvsu7of","selector":{"id":"application-managecontracts-display-component---AddNewContract--projectDescription","interaction":{"idSuffix":"inner"}},"clearTextFirst":true,"interactionType":"ENTER_TEXT"}]}
RESULT: {"script":"<script> [776 bytes]","args":[{"enterText":"WdIOR2cvsu7of","selector":{"id":"application-managecontracts-display-component---AddNewContract--projectDescription","interaction":{"idSuffix":"inner"}},"clearTextFirst":true,"interactionType":"ENTER_TEXT"}]}
COMMAND: POST /session/2332ccd2e8bcc895b03cacebcf8e3681/element - {"using":"xpath","value":"//input[@id=\"application-managecontracts-display-component---AddNewContract--yardId-inner\"]"}
RESULT: {"using":"xpath","value":"//input[@id=\"application-managecontracts-display-component---AddNewContract--yardId-inner\"]"}
COMMAND: POST /session/2332ccd2e8bcc895b03cacebcf8e3681/element/f.B01AE492A9312D985D5F46C9A0123422.d.11A7F4328FB636B1BB803DB8BF0C33CA.e.7337/clear - {}
RESULT: {}
COMMAND: POST /session/2332ccd2e8bcc895b03cacebcf8e3681/element/f.B01AE492A9312D985D5F46C9A0123422.d.11A7F4328FB636B1BB803DB8BF0C33CA.e.7337/value - {"text":"WebdriverYardolz1a"}
COMMAND: GET /session/2332ccd2e8bcc895b03cacebcf8e3681/screenshot - {}
RESULT: {"text":"WebdriverYardolz1a"}
COMMAND: GET /session/2332ccd2e8bcc895b03cacebcf8e3681/screenshot - {}
RESULT: {}
RESULT: {}
COMMAND: POST /session/2332ccd2e8bcc895b03cacebcf8e3681/actions - {"actions":[{"id":"action34","type":"key","parameters":{},"actions":[{"type":"keyDown","value":"î€‡"},{"type":"pause","duration":10},{"type":"keyUp","value":"î€‡"}]}]}
RESULT: {"actions":[{"id":"action34","type":"key","parameters":{},"actions":[{"type":"keyDown","value":"î€‡"},{"type":"pause","duration":10},{"type":"keyUp","value":"î€‡"}]}]}
COMMAND: GET /session/2332ccd2e8bcc895b03cacebcf8e3681/screenshot - {}
RESULT: {}
COMMAND: POST /session/2332ccd2e8bcc895b03cacebcf8e3681/element - {"using":"xpath","value":"//input[@id=\"application-managecontracts-display-component---AddNewContract--customerSelect-inner\"]"}
RESULT: {"using":"xpath","value":"//input[@id=\"application-managecontracts-display-component---AddNewContract--customerSelect-inner\"]"}
COMMAND: POST /session/2332ccd2e8bcc895b03cacebcf8e3681/element/f.B01AE492A9312D985D5F46C9A0123422.d.11A7F4328FB636B1BB803DB8BF0C33CA.e.7335/clear - {}
RESULT: {}
COMMAND: POST /session/2332ccd2e8bcc895b03cacebcf8e3681/element/f.B01AE492A9312D985D5F46C9A0123422.d.11A7F4328FB636B1BB803DB8BF0C33CA.e.7335/value - {"text":"WebdriverPartnerm0vgp"}
COMMAND: GET /session/2332ccd2e8bcc895b03cacebcf8e3681/screenshot - {}
RESULT: {"text":"WebdriverPartnerm0vgp"}
COMMAND: GET /session/2332ccd2e8bcc895b03cacebcf8e3681/screenshot - {}
RESULT: {}
RESULT: {}
COMMAND: POST /session/2332ccd2e8bcc895b03cacebcf8e3681/actions - {"actions":[{"id":"action35","type":"key","parameters":{},"actions":[{"type":"keyDown","value":"î€‡"},{"type":"pause","duration":10},{"type":"keyUp","value":"î€‡"}]}]}
RESULT: {"actions":[{"id":"action35","type":"key","parameters":{},"actions":[{"type":"keyDown","value":"î€‡"},{"type":"pause","duration":10},{"type":"keyUp","value":"î€‡"}]}]}
COMMAND: GET /session/2332ccd2e8bcc895b03cacebcf8e3681/screenshot - {}
RESULT: {}
COMMAND: POST /session/2332ccd2e8bcc895b03cacebcf8e3681/element - {"using":"xpath","value":"//input[@id=\"application-managecontracts-display-component---AddNewContract--site-inner\"]"}
RESULT: {"using":"xpath","value":"//input[@id=\"application-managecontracts-display-component---AddNewContract--site-inner\"]"}
COMMAND: POST /session/2332ccd2e8bcc895b03cacebcf8e3681/element/f.B01AE492A9312D985D5F46C9A0123422.d.11A7F4328FB636B1BB803DB8BF0C33CA.e.7336/clear - {}
RESULT: {}
COMMAND: POST /session/2332ccd2e8bcc895b03cacebcf8e3681/element/f.B01AE492A9312D985D5F46C9A0123422.d.11A7F4328FB636B1BB803DB8BF0C33CA.e.7336/value - {"text":"WebdriverSitelw9j4"}
COMMAND: GET /session/2332ccd2e8bcc895b03cacebcf8e3681/screenshot - {}
RESULT: {"text":"WebdriverSitelw9j4"}
COMMAND: GET /session/2332ccd2e8bcc895b03cacebcf8e3681/screenshot - {}
RESULT: {}
RESULT: {}
COMMAND: POST /session/2332ccd2e8bcc895b03cacebcf8e3681/actions - {"actions":[{"id":"action36","type":"key","parameters":{},"actions":[{"type":"keyDown","value":"î€‡"},{"type":"pause","duration":10},{"type":"keyUp","value":"î€‡"}]}]}
RESULT: {"actions":[{"id":"action36","type":"key","parameters":{},"actions":[{"type":"keyDown","value":"î€‡"},{"type":"pause","duration":10},{"type":"keyUp","value":"î€‡"}]}]}
COMMAND: GET /session/2332ccd2e8bcc895b03cacebcf8e3681/screenshot - {}
RESULT: {}
COMMAND: POST /session/2332ccd2e8bcc895b03cacebcf8e3681/element - {"using":"xpath","value":"//button[@data-kt=\"saveButton\"]"}
RESULT: {"using":"xpath","value":"//button[@data-kt=\"saveButton\"]"}
COMMAND: POST /session/2332ccd2e8bcc895b03cacebcf8e3681/element/f.B01AE492A9312D985D5F46C9A0123422.d.11A7F4328FB636B1BB803DB8BF0C33CA.e.7355/click - {}
RESULT: {}
COMMAND: GET /session/2332ccd2e8bcc895b03cacebcf8e3681/screenshot - {}
RESULT: {}
COMMAND: POST /session/2332ccd2e8bcc895b03cacebcf8e3681/execute/async - {"script":"<script> [1562 bytes]","args":[{"selector":{"id":"contractDetailTitleNoExpanded","viewName":"etm.portal.ui.managecontracts.view.Detail"},"wdio_ui5_key":"contractDetailTitleNoExpandedetmportal.ui.managecontracts.view.Detail"}]}
RESULT: {"script":"<script> [1562 bytes]","args":[{"selector":{"id":"contractDetailTitleNoExpanded","viewName":"etm.portal.ui.managecontracts.view.Detail"},"wdio_ui5_key":"contractDetailTitleNoExpandedetmportal.ui.managecontracts.view.Detail"}]}
RESULT: undefined
COMMAND: POST /session/2332ccd2e8bcc895b03cacebcf8e3681/execute/async - {"script":"<script> [6424 bytes]","args":[{"element-6066-11e4-a52e-4f735466cecf":"f.B01AE492A9312D985D5F46C9A0123422.d.11A7F4328FB636B1BB803DB8BF0C33CA.e.7436"},"getText",[]]}
RESULT: {"script":"<script> [6424 bytes]","args":[{"element-6066-11e4-a52e-4f735466cecf":"f.B01AE492A9312D985D5F46C9A0123422.d.11A7F4328FB636B1BB803DB8BF0C33CA.e.7436"},"getText",[]]}
COMMAND: POST /session/2332ccd2e8bcc895b03cacebcf8e3681/execute/async - {"script":"<script> [1562 bytes]","args":[{"selector":{"id":"closeContractBtn","viewName":"etm.portal.ui.managecontracts.view.Detail"},"wdio_ui5_key":"closeContractBtnetmportal.ui.managecontracts.view.Detail"}]}
RESULT: {"script":"<script> [1562 bytes]","args":[{"selector":{"id":"closeContractBtn","viewName":"etm.portal.ui.managecontracts.view.Detail"},"wdio_ui5_key":"closeContractBtnetmportal.ui.managecontracts.view.Detail"}]}
RESULT: undefined
COMMAND: POST /session/2332ccd2e8bcc895b03cacebcf8e3681/execute/async - {"script":"<script> [6424 bytes]","args":[{"element-6066-11e4-a52e-4f735466cecf":"f.B01AE492A9312D985D5F46C9A0123422.d.11A7F4328FB636B1BB803DB8BF0C33CA.e.7437"},"getEnabled",[]]}
RESULT: {"script":"<script> [6424 bytes]","args":[{"element-6066-11e4-a52e-4f735466cecf":"f.B01AE492A9312D985D5F46C9A0123422.d.11A7F4328FB636B1BB803DB8BF0C33CA.e.7437"},"getEnabled",[]]}
COMMAND: POST /session/2332ccd2e8bcc895b03cacebcf8e3681/element - {"using":"xpath","value":"//button[@data-kt=\"contractDetailEditBtnButton\"]"}
RESULT: {"using":"xpath","value":"//button[@data-kt=\"contractDetailEditBtnButton\"]"}
COMMAND: POST /session/2332ccd2e8bcc895b03cacebcf8e3681/element/f.B01AE492A9312D985D5F46C9A0123422.d.11A7F4328FB636B1BB803DB8BF0C33CA.e.7438/click - {}
RESULT: {}
COMMAND: GET /session/2332ccd2e8bcc895b03cacebcf8e3681/screenshot - {}
RESULT: {}
COMMAND: POST /session/2332ccd2e8bcc895b03cacebcf8e3681/element - {"using":"xpath","value":"(//span[contains(text(), \"Additional Addresses\")])[2]"}
RESULT: {"using":"xpath","value":"(//span[contains(text(), \"Additional Addresses\")])[2]"}
COMMAND: POST /session/2332ccd2e8bcc895b03cacebcf8e3681/element/f.B01AE492A9312D985D5F46C9A0123422.d.11A7F4328FB636B1BB803DB8BF0C33CA.e.7493/click - {}
RESULT: {}
COMMAND: GET /session/2332ccd2e8bcc895b03cacebcf8e3681/screenshot - {}
RESULT: {}
COMMAND: POST /session/2332ccd2e8bcc895b03cacebcf8e3681/element - {"using":"xpath","value":"//button[@data-kt=\"btnAddTableRowOverflowToolbarButton\"]"}
RESULT: {"using":"xpath","value":"//button[@data-kt=\"btnAddTableRowOverflowToolbarButton\"]"}
COMMAND: POST /session/2332ccd2e8bcc895b03cacebcf8e3681/element/f.B01AE492A9312D985D5F46C9A0123422.d.11A7F4328FB636B1BB803DB8BF0C33CA.e.7497/click - {}
RESULT: {}
COMMAND: GET /session/2332ccd2e8bcc895b03cacebcf8e3681/screenshot - {}
RESULT: {}
COMMAND: POST /session/2332ccd2e8bcc895b03cacebcf8e3681/element - {"using":"xpath","value":"//div[(text() = 'Standard Entry' or . = 'Standard Entry')]"}
RESULT: {"using":"xpath","value":"//div[(text() = 'Standard Entry' or . = 'Standard Entry')]"}
COMMAND: POST /session/2332ccd2e8bcc895b03cacebcf8e3681/element/f.B01AE492A9312D985D5F46C9A0123422.d.11A7F4328FB636B1BB803DB8BF0C33CA.e.7499/click - {}
RESULT: {}
COMMAND: POST /session/2332ccd2e8bcc895b03cacebcf8e3681/element - {"using":"xpath","value":"//td[6]/div/div/input[1]"}
COMMAND: GET /session/2332ccd2e8bcc895b03cacebcf8e3681/screenshot - {}
RESULT: {"using":"xpath","value":"//td[6]/div/div/input[1]"}
COMMAND: POST /session/2332ccd2e8bcc895b03cacebcf8e3681/element/f.B01AE492A9312D985D5F46C9A0123422.d.11A7F4328FB636B1BB803DB8BF0C33CA.e.7501/click - {}
RESULT: {}
RESULT: {}
COMMAND: POST /session/2332ccd2e8bcc895b03cacebcf8e3681/actions - {"actions":[{"id":"action37","type":"key","parameters":{},"actions":[{"type":"keyDown","value":"î€ƒ"},{"type":"pause","duration":10},{"type":"keyUp","value":"î€ƒ"}]}]}
COMMAND: GET /session/2332ccd2e8bcc895b03cacebcf8e3681/screenshot - {}
RESULT: {"actions":[{"id":"action37","type":"key","parameters":{},"actions":[{"type":"keyDown","value":"î€ƒ"},{"type":"pause","duration":10},{"type":"keyUp","value":"î€ƒ"}]}]}
COMMAND: POST /session/2332ccd2e8bcc895b03cacebcf8e3681/element - {"using":"xpath","value":"//td[6]/div/div/input[1]"}
COMMAND: GET /session/2332ccd2e8bcc895b03cacebcf8e3681/screenshot - {}
RESULT: {}
RESULT: {"using":"xpath","value":"//td[6]/div/div/input[1]"}
COMMAND: POST /session/2332ccd2e8bcc895b03cacebcf8e3681/element/f.B01AE492A9312D985D5F46C9A0123422.d.11A7F4328FB636B1BB803DB8BF0C33CA.e.7501/clear - {}
RESULT: {}
RESULT: {}
COMMAND: POST /session/2332ccd2e8bcc895b03cacebcf8e3681/element/f.B01AE492A9312D985D5F46C9A0123422.d.11A7F4328FB636B1BB803DB8BF0C33CA.e.7501/value - {"text":"Material"}
COMMAND: GET /session/2332ccd2e8bcc895b03cacebcf8e3681/screenshot - {}
RESULT: {"text":"Material"}
COMMAND: GET /session/2332ccd2e8bcc895b03cacebcf8e3681/screenshot - {}
RESULT: {}
RESULT: {}
COMMAND: POST /session/2332ccd2e8bcc895b03cacebcf8e3681/actions - {"actions":[{"id":"action38","type":"key","parameters":{},"actions":[{"type":"keyDown","value":"î€‡"},{"type":"pause","duration":10},{"type":"keyUp","value":"î€‡"}]}]}
RESULT: {"actions":[{"id":"action38","type":"key","parameters":{},"actions":[{"type":"keyDown","value":"î€‡"},{"type":"pause","duration":10},{"type":"keyUp","value":"î€‡"}]}]}
COMMAND: GET /session/2332ccd2e8bcc895b03cacebcf8e3681/screenshot - {}
RESULT: {}
COMMAND: POST /session/2332ccd2e8bcc895b03cacebcf8e3681/actions - {"actions":[{"id":"action39","type":"key","parameters":{},"actions":[{"type":"keyDown","value":"î€‡"},{"type":"pause","duration":10},{"type":"keyUp","value":"î€‡"}]}]}
RESULT: {"actions":[{"id":"action39","type":"key","parameters":{},"actions":[{"type":"keyDown","value":"î€‡"},{"type":"pause","duration":10},{"type":"keyUp","value":"î€‡"}]}]}
COMMAND: POST /session/2332ccd2e8bcc895b03cacebcf8e3681/element - {"using":"xpath","value":"//td[7]/div/div/input"}
COMMAND: GET /session/2332ccd2e8bcc895b03cacebcf8e3681/screenshot - {}
RESULT: {"using":"xpath","value":"//td[7]/div/div/input"}
COMMAND: POST /session/2332ccd2e8bcc895b03cacebcf8e3681/element/f.B01AE492A9312D985D5F46C9A0123422.d.11A7F4328FB636B1BB803DB8BF0C33CA.e.7514/clear - {}
RESULT: {}
RESULT: {}
COMMAND: POST /session/2332ccd2e8bcc895b03cacebcf8e3681/element/f.B01AE492A9312D985D5F46C9A0123422.d.11A7F4328FB636B1BB803DB8BF0C33CA.e.7514/value - {"text":"WebdriverRUR2Cgfin7"}
COMMAND: GET /session/2332ccd2e8bcc895b03cacebcf8e3681/screenshot - {}
RESULT: {"text":"WebdriverRUR2Cgfin7"}
COMMAND: GET /session/2332ccd2e8bcc895b03cacebcf8e3681/screenshot - {}
RESULT: {}
RESULT: {}
COMMAND: POST /session/2332ccd2e8bcc895b03cacebcf8e3681/actions - {"actions":[{"id":"action40","type":"key","parameters":{},"actions":[{"type":"keyDown","value":"î€‡"},{"type":"pause","duration":10},{"type":"keyUp","value":"î€‡"}]}]}
RESULT: {"actions":[{"id":"action40","type":"key","parameters":{},"actions":[{"type":"keyDown","value":"î€‡"},{"type":"pause","duration":10},{"type":"keyUp","value":"î€‡"}]}]}
COMMAND: GET /session/2332ccd2e8bcc895b03cacebcf8e3681/screenshot - {}
RESULT: {}
COMMAND: POST /session/2332ccd2e8bcc895b03cacebcf8e3681/actions - {"actions":[{"id":"action41","type":"key","parameters":{},"actions":[{"type":"keyDown","value":"î€‡"},{"type":"pause","duration":10},{"type":"keyUp","value":"î€‡"}]}]}
RESULT: {"actions":[{"id":"action41","type":"key","parameters":{},"actions":[{"type":"keyDown","value":"î€‡"},{"type":"pause","duration":10},{"type":"keyUp","value":"î€‡"}]}]}
COMMAND: GET /session/2332ccd2e8bcc895b03cacebcf8e3681/screenshot - {}
RESULT: {}
COMMAND: POST /session/2332ccd2e8bcc895b03cacebcf8e3681/element - {"using":"xpath","value":"(//button[@data-kt=\"saveButton\"])[2]"}
RESULT: {"using":"xpath","value":"(//button[@data-kt=\"saveButton\"])[2]"}
COMMAND: POST /session/2332ccd2e8bcc895b03cacebcf8e3681/element/f.B01AE492A9312D985D5F46C9A0123422.d.11A7F4328FB636B1BB803DB8BF0C33CA.e.7540/click - {}
RESULT: {}
COMMAND: GET /session/2332ccd2e8bcc895b03cacebcf8e3681/screenshot - {}
RESULT: {}
]]></system-out>
    </testcase>
    <testcase classname="chrome.135_0_7049_96.windows.Standard_contract_close-reopen_US111278" name="It should close the contract" time="20.593">
      <system-out><![CDATA[
RESULT: undefined
COMMAND: POST /session/2332ccd2e8bcc895b03cacebcf8e3681/element - {"using":"xpath","value":"//*[@id=\"__xmlview64--closeContractBtn\"]"}
RESULT: {"using":"xpath","value":"//*[@id=\"__xmlview64--closeContractBtn\"]"}
COMMAND: POST /session/2332ccd2e8bcc895b03cacebcf8e3681/element/f.B01AE492A9312D985D5F46C9A0123422.d.11A7F4328FB636B1BB803DB8BF0C33CA.e.7437/click - {}
RESULT: {}
COMMAND: GET /session/2332ccd2e8bcc895b03cacebcf8e3681/screenshot - {}
RESULT: {}
COMMAND: POST /session/2332ccd2e8bcc895b03cacebcf8e3681/element - {"using":"xpath","value":"//span[contains(text(), \"Do you want to close the whole contract?\")]"}
RESULT: {"using":"xpath","value":"//span[contains(text(), \"Do you want to close the whole contract?\")]"}
COMMAND: POST /session/2332ccd2e8bcc895b03cacebcf8e3681/execute/sync - {"script":"<script> [8489 bytes]","args":[{"element-6066-11e4-a52e-4f735466cecf":"f.B01AE492A9312D985D5F46C9A0123422.d.11A7F4328FB636B1BB803DB8BF0C33CA.e.7544","ELEMENT":"f.B01AE492A9312D985D5F46C9A0123422.d.11A7F4328FB636B1BB803DB8BF0C33CA.e.7544"}]}
RESULT: {"script":"<script> [8489 bytes]","args":[{"element-6066-11e4-a52e-4f735466cecf":"f.B01AE492A9312D985D5F46C9A0123422.d.11A7F4328FB636B1BB803DB8BF0C33CA.e.7544","ELEMENT":"f.B01AE492A9312D985D5F46C9A0123422.d.11A7F4328FB636B1BB803DB8BF0C33CA.e.7544"}]}
COMMAND: POST /session/2332ccd2e8bcc895b03cacebcf8e3681/element - {"using":"xpath","value":"//bdi[contains(text(), \"OK\")]"}
COMMAND: GET /session/2332ccd2e8bcc895b03cacebcf8e3681/screenshot - {}
RESULT: {"using":"xpath","value":"//bdi[contains(text(), \"OK\")]"}
COMMAND: POST /session/2332ccd2e8bcc895b03cacebcf8e3681/element/f.B01AE492A9312D985D5F46C9A0123422.d.11A7F4328FB636B1BB803DB8BF0C33CA.e.7545/click - {}
RESULT: {}
RESULT: {}
COMMAND: GET /session/2332ccd2e8bcc895b03cacebcf8e3681/screenshot - {}
RESULT: {}
COMMAND: POST /session/2332ccd2e8bcc895b03cacebcf8e3681/element - {"using":"xpath","value":"//input[contains(@id ,\"smartContractFilterBar-btnBasicSearch-I\")]"}
RESULT: {"using":"xpath","value":"//input[contains(@id ,\"smartContractFilterBar-btnBasicSearch-I\")]"}
COMMAND: POST /session/2332ccd2e8bcc895b03cacebcf8e3681/element/f.B01AE492A9312D985D5F46C9A0123422.d.11A7F4328FB636B1BB803DB8BF0C33CA.e.6869/clear - {}
RESULT: {}
COMMAND: POST /session/2332ccd2e8bcc895b03cacebcf8e3681/element/f.B01AE492A9312D985D5F46C9A0123422.d.11A7F4328FB636B1BB803DB8BF0C33CA.e.6869/value - {"text":"10290"}
COMMAND: GET /session/2332ccd2e8bcc895b03cacebcf8e3681/screenshot - {}
RESULT: {"text":"10290"}
COMMAND: POST /session/2332ccd2e8bcc895b03cacebcf8e3681/actions - {"actions":[{"id":"action42","type":"key","parameters":{},"actions":[{"type":"keyDown","value":"î€‡"},{"type":"pause","duration":10},{"type":"keyUp","value":"î€‡"}]}]}
COMMAND: GET /session/2332ccd2e8bcc895b03cacebcf8e3681/screenshot - {}
RESULT: {}
RESULT: {"actions":[{"id":"action42","type":"key","parameters":{},"actions":[{"type":"keyDown","value":"î€‡"},{"type":"pause","duration":10},{"type":"keyUp","value":"î€‡"}]}]}
COMMAND: GET /session/2332ccd2e8bcc895b03cacebcf8e3681/screenshot - {}
RESULT: {}
RESULT: {}
COMMAND: POST /session/2332ccd2e8bcc895b03cacebcf8e3681/execute/async - {"script":"<script> [1562 bytes]","args":[{"selector":{"controlType":"sap.ui.core.Icon","viewName":"etm.portal.ui.managecontracts.view.Master","properties":{"src":{"regex":{"source":"slim\\-arrow\\-right"}}}},"wdio_ui5_key":"etmportal.ui.managecontracts.view.Mastersap.ui.core.Icon{\"src\":{\"regex\":{\"source\":\"slim\\\\-arrow\\\\-right\"}}}"}]}
RESULT: {"script":"<script> [1562 bytes]","args":[{"selector":{"controlType":"sap.ui.core.Icon","viewName":"etm.portal.ui.managecontracts.view.Master","properties":{"src":{"regex":{"source":"slim\\-arrow\\-right"}}}},"wdio_ui5_key":"etmportal.ui.managecontracts.view.Mastersap.ui.core.Icon{\"src\":{\"regex\":{\"source\":\"slim\\\\-arrow\\\\-right\"}}}"}]}
RESULT: undefined
COMMAND: POST /session/2332ccd2e8bcc895b03cacebcf8e3681/element - {"using":"xpath","value":"//*[@id=\"__item129-__clone3214-imgNav\"]"}
RESULT: {"using":"xpath","value":"//*[@id=\"__item129-__clone3214-imgNav\"]"}
COMMAND: POST /session/2332ccd2e8bcc895b03cacebcf8e3681/element/f.B01AE492A9312D985D5F46C9A0123422.d.11A7F4328FB636B1BB803DB8BF0C33CA.e.7721/click - {}
RESULT: {}
COMMAND: POST /session/2332ccd2e8bcc895b03cacebcf8e3681/execute/async - {"script":"<script> [1562 bytes]","args":[{"selector":{"controlType":"sap.m.ObjectStatus","viewName":"etm.portal.ui.managecontracts.view.Detail","bindingPath":{"propertyPath":"LINK_TO_LOGISTICAL_STATUS/DESCRIPTION","modelName":"catalogModel"}},"wdio_ui5_key":"etmportal.ui.managecontracts.view.Detailsap.m.ObjectStatus{\"propertyPath\":\"LINK_TO_LOGISTICAL_STATUS/DESCRIPTION\",\"modelName\":\"catalogModel\"}"}]}
COMMAND: GET /session/2332ccd2e8bcc895b03cacebcf8e3681/screenshot - {}
RESULT: {"script":"<script> [1562 bytes]","args":[{"selector":{"controlType":"sap.m.ObjectStatus","viewName":"etm.portal.ui.managecontracts.view.Detail","bindingPath":{"propertyPath":"LINK_TO_LOGISTICAL_STATUS/DESCRIPTION","modelName":"catalogModel"}},"wdio_ui5_key":"etmportal.ui.managecontracts.view.Detailsap.m.ObjectStatus{\"propertyPath\":\"LINK_TO_LOGISTICAL_STATUS/DESCRIPTION\",\"modelName\":\"catalogModel\"}"}]}
RESULT: undefined
COMMAND: POST /session/2332ccd2e8bcc895b03cacebcf8e3681/execute/async - {"script":"<script> [6424 bytes]","args":[{"element-6066-11e4-a52e-4f735466cecf":"f.B01AE492A9312D985D5F46C9A0123422.d.11A7F4328FB636B1BB803DB8BF0C33CA.e.7751"},"getText",[]]}
RESULT: {}
RESULT: {"script":"<script> [6424 bytes]","args":[{"element-6066-11e4-a52e-4f735466cecf":"f.B01AE492A9312D985D5F46C9A0123422.d.11A7F4328FB636B1BB803DB8BF0C33CA.e.7751"},"getText",[]]}
]]></system-out>
    </testcase>
    <testcase classname="chrome.135_0_7049_96.windows.Standard_contract_close-reopen_US111278" name="Should reopen the contract" time="10.327">
      <system-out><![CDATA[
COMMAND: POST /session/2332ccd2e8bcc895b03cacebcf8e3681/execute/async - {"script":"<script> [1562 bytes]","args":[{"selector":{"id":"openContractBtn","viewName":"etm.portal.ui.managecontracts.view.Detail"},"wdio_ui5_key":"openContractBtnetmportal.ui.managecontracts.view.Detail"}]}
RESULT: {"script":"<script> [1562 bytes]","args":[{"selector":{"id":"openContractBtn","viewName":"etm.portal.ui.managecontracts.view.Detail"},"wdio_ui5_key":"openContractBtnetmportal.ui.managecontracts.view.Detail"}]}
RESULT: undefined
COMMAND: POST /session/2332ccd2e8bcc895b03cacebcf8e3681/execute/async - {"script":"<script> [6424 bytes]","args":[{"element-6066-11e4-a52e-4f735466cecf":"f.B01AE492A9312D985D5F46C9A0123422.d.11A7F4328FB636B1BB803DB8BF0C33CA.e.7743"},"getEnabled",[]]}
RESULT: {"script":"<script> [6424 bytes]","args":[{"element-6066-11e4-a52e-4f735466cecf":"f.B01AE492A9312D985D5F46C9A0123422.d.11A7F4328FB636B1BB803DB8BF0C33CA.e.7743"},"getEnabled",[]]}
COMMAND: POST /session/2332ccd2e8bcc895b03cacebcf8e3681/element - {"using":"xpath","value":"//bdi[contains(text(), \"Edit\")]"}
RESULT: {"using":"xpath","value":"//bdi[contains(text(), \"Edit\")]"}
COMMAND: POST /session/2332ccd2e8bcc895b03cacebcf8e3681/element - {"using":"xpath","value":"//bdi[contains(text(), \"Edit\")]"}
RESULT: undefined
COMMAND: POST /session/2332ccd2e8bcc895b03cacebcf8e3681/element - {"using":"xpath","value":"//*[@id=\"__xmlview64--openContractBtn\"]"}
RESULT: {"using":"xpath","value":"//*[@id=\"__xmlview64--openContractBtn\"]"}
COMMAND: POST /session/2332ccd2e8bcc895b03cacebcf8e3681/element/f.B01AE492A9312D985D5F46C9A0123422.d.11A7F4328FB636B1BB803DB8BF0C33CA.e.7743/click - {}
RESULT: {"using":"xpath","value":"//bdi[contains(text(), \"Edit\")]"}
RESULT: {}
COMMAND: POST /session/2332ccd2e8bcc895b03cacebcf8e3681/execute/async - {"script":"<script> [1562 bytes]","args":[{"selector":{"controlType":"sap.m.Text","properties":{"text":"Contract has been reopened successfully"},"searchOpenDialogs":true},"wdio_ui5_key":"sapm.Text{\"text\":\"Contract has been reopened successfully\"}"}]}
COMMAND: GET /session/2332ccd2e8bcc895b03cacebcf8e3681/screenshot - {}
RESULT: {"script":"<script> [1562 bytes]","args":[{"selector":{"controlType":"sap.m.Text","properties":{"text":"Contract has been reopened successfully"},"searchOpenDialogs":true},"wdio_ui5_key":"sapm.Text{\"text\":\"Contract has been reopened successfully\"}"}]}
RESULT: undefined
COMMAND: POST /session/2332ccd2e8bcc895b03cacebcf8e3681/execute/async - {"script":"<script> [6424 bytes]","args":[{"element-6066-11e4-a52e-4f735466cecf":"f.B01AE492A9312D985D5F46C9A0123422.d.11A7F4328FB636B1BB803DB8BF0C33CA.e.7754"},"getText",[]]}
RESULT: {}
RESULT: {"script":"<script> [6424 bytes]","args":[{"element-6066-11e4-a52e-4f735466cecf":"f.B01AE492A9312D985D5F46C9A0123422.d.11A7F4328FB636B1BB803DB8BF0C33CA.e.7754"},"getText",[]]}
COMMAND: POST /session/2332ccd2e8bcc895b03cacebcf8e3681/element - {"using":"xpath","value":"//bdi[contains(text(), \"OK\")]"}
RESULT: {"using":"xpath","value":"//bdi[contains(text(), \"OK\")]"}
COMMAND: POST /session/2332ccd2e8bcc895b03cacebcf8e3681/element/f.B01AE492A9312D985D5F46C9A0123422.d.11A7F4328FB636B1BB803DB8BF0C33CA.e.7755/click - {}
RESULT: {}
COMMAND: GET /session/2332ccd2e8bcc895b03cacebcf8e3681/screenshot - {}
RESULT: {}
COMMAND: POST /session/2332ccd2e8bcc895b03cacebcf8e3681/element - {"using":"xpath","value":"//bdi[contains(text(), \"Edit\")]"}
RESULT: undefined
COMMAND: POST /session/2332ccd2e8bcc895b03cacebcf8e3681/execute/async - {"script":"<script> [6424 bytes]","args":[{"element-6066-11e4-a52e-4f735466cecf":"f.B01AE492A9312D985D5F46C9A0123422.d.11A7F4328FB636B1BB803DB8BF0C33CA.e.7437"},"getEnabled",[]]}
RESULT: {"using":"xpath","value":"//bdi[contains(text(), \"Edit\")]"}
COMMAND: POST /session/2332ccd2e8bcc895b03cacebcf8e3681/execute/sync - {"script":"<script> [8489 bytes]","args":[{"element-6066-11e4-a52e-4f735466cecf":"f.B01AE492A9312D985D5F46C9A0123422.d.11A7F4328FB636B1BB803DB8BF0C33CA.e.7756","ELEMENT":"f.B01AE492A9312D985D5F46C9A0123422.d.11A7F4328FB636B1BB803DB8BF0C33CA.e.7756"}]}
COMMAND: POST /session/2332ccd2e8bcc895b03cacebcf8e3681/execute/async - {"script":"<script> [1562 bytes]","args":[{"selector":{"id":"closeContractBtn","viewName":"etm.portal.ui.managecontracts.view.Detail"},"wdio_ui5_key":"closeContractBtnetmportal.ui.managecontracts.view.Detail"}]}
RESULT: {"script":"<script> [8489 bytes]","args":[{"element-6066-11e4-a52e-4f735466cecf":"f.B01AE492A9312D985D5F46C9A0123422.d.11A7F4328FB636B1BB803DB8BF0C33CA.e.7756","ELEMENT":"f.B01AE492A9312D985D5F46C9A0123422.d.11A7F4328FB636B1BB803DB8BF0C33CA.e.7756"}]}
COMMAND: GET /session/2332ccd2e8bcc895b03cacebcf8e3681/screenshot - {}
RESULT: {"script":"<script> [1562 bytes]","args":[{"selector":{"id":"closeContractBtn","viewName":"etm.portal.ui.managecontracts.view.Detail"},"wdio_ui5_key":"closeContractBtnetmportal.ui.managecontracts.view.Detail"}]}
COMMAND: POST /session/2332ccd2e8bcc895b03cacebcf8e3681/execute/async - {"script":"<script> [6424 bytes]","args":[{"element-6066-11e4-a52e-4f735466cecf":"f.B01AE492A9312D985D5F46C9A0123422.d.11A7F4328FB636B1BB803DB8BF0C33CA.e.7757"},"getEnabled",[]]}
RESULT: {}
RESULT: {"script":"<script> [6424 bytes]","args":[{"element-6066-11e4-a52e-4f735466cecf":"f.B01AE492A9312D985D5F46C9A0123422.d.11A7F4328FB636B1BB803DB8BF0C33CA.e.7757"},"getEnabled",[]]}
]]></system-out>
    </testcase>
    <testcase classname="chrome.135_0_7049_96.windows.Standard_contract_close-reopen_US111278" name="Should verify for multiple statuses that open button is not visible" time="66.012">
      <system-out><![CDATA[
COMMAND: POST /session/2332ccd2e8bcc895b03cacebcf8e3681/execute/async - {"script":"<script> [1562 bytes]","args":[{"selector":{"controlType":"sap.ui.core.Icon","viewName":"etm.portal.ui.managecontracts.view.Detail","properties":{"src":{"regex":{"source":"decline"}}}},"wdio_ui5_key":"etmportal.ui.managecontracts.view.Detailsap.ui.core.Icon{\"src\":{\"regex\":{\"source\":\"decline\"}}}"}]}
RESULT: {"script":"<script> [1562 bytes]","args":[{"selector":{"controlType":"sap.ui.core.Icon","viewName":"etm.portal.ui.managecontracts.view.Detail","properties":{"src":{"regex":{"source":"decline"}}}},"wdio_ui5_key":"etmportal.ui.managecontracts.view.Detailsap.ui.core.Icon{\"src\":{\"regex\":{\"source\":\"decline\"}}}"}]}
RESULT: undefined
COMMAND: POST /session/2332ccd2e8bcc895b03cacebcf8e3681/element - {"using":"xpath","value":"//*[@id=\"__xmlview64--closeColumnBtn-img\"]"}
RESULT: {"using":"xpath","value":"//*[@id=\"__xmlview64--closeColumnBtn-img\"]"}
COMMAND: POST /session/2332ccd2e8bcc895b03cacebcf8e3681/element/f.B01AE492A9312D985D5F46C9A0123422.d.11A7F4328FB636B1BB803DB8BF0C33CA.e.7740/click - {}
RESULT: {}
COMMAND: GET /session/2332ccd2e8bcc895b03cacebcf8e3681/screenshot - {}
COMMAND: POST /session/2332ccd2e8bcc895b03cacebcf8e3681/element - {"using":"xpath","value":"//div[contains(@id ,\"smartContractFilterBar-btnBasicSearch-reset\")]"}
RESULT: {}
RESULT: {"using":"xpath","value":"//div[contains(@id ,\"smartContractFilterBar-btnBasicSearch-reset\")]"}
COMMAND: POST /session/2332ccd2e8bcc895b03cacebcf8e3681/element/f.B01AE492A9312D985D5F46C9A0123422.d.11A7F4328FB636B1BB803DB8BF0C33CA.e.7742/click - {}
RESULT: {}
COMMAND: GET /session/2332ccd2e8bcc895b03cacebcf8e3681/screenshot - {}
COMMAND: POST /session/2332ccd2e8bcc895b03cacebcf8e3681/execute/async - {"script":"<script> [1562 bytes]","args":[{"selector":{"controlType":"sap.ui.core.Icon","viewName":"etm.portal.ui.managecontracts.view.Master","properties":{"src":{"regex":{"source":"slim\\-arrow\\-down"}}},"ancestor":{"id":"smartContractStatusFilter","viewName":"etm.portal.ui.managecontracts.view.Master"}},"wdio_ui5_key":"etmportal.ui.managecontracts.view.Mastersap.ui.core.Icon{\"src\":{\"regex\":{\"source\":\"slim\\\\-arrow\\\\-down\"}}}{\"id\":\"smartContractStatusFilter\",\"viewName\":\"etm.portal.ui.managecontracts.view.Master\"}"}]}
RESULT: {}
RESULT: {"script":"<script> [1562 bytes]","args":[{"selector":{"controlType":"sap.ui.core.Icon","viewName":"etm.portal.ui.managecontracts.view.Master","properties":{"src":{"regex":{"source":"slim\\-arrow\\-down"}}},"ancestor":{"id":"smartContractStatusFilter","viewName":"etm.portal.ui.managecontracts.view.Master"}},"wdio_ui5_key":"etmportal.ui.managecontracts.view.Mastersap.ui.core.Icon{\"src\":{\"regex\":{\"source\":\"slim\\\\-arrow\\\\-down\"}}}{\"id\":\"smartContractStatusFilter\",\"viewName\":\"etm.portal.ui.managecontracts.view.Master\"}"}]}
RESULT: undefined
COMMAND: POST /session/2332ccd2e8bcc895b03cacebcf8e3681/element - {"using":"xpath","value":"//*[@id=\"__xmlview63--smartContractStatusFilter-arrow\"]"}
RESULT: {"using":"xpath","value":"//*[@id=\"__xmlview63--smartContractStatusFilter-arrow\"]"}
COMMAND: POST /session/2332ccd2e8bcc895b03cacebcf8e3681/element/f.B01AE492A9312D985D5F46C9A0123422.d.11A7F4328FB636B1BB803DB8BF0C33CA.e.7805/click - {}
RESULT: {}
COMMAND: POST /session/2332ccd2e8bcc895b03cacebcf8e3681/execute/async - {"script":"<script> [1562 bytes]","args":[{"selector":{"controlType":"sap.m.CheckBox","viewName":"etm.portal.ui.managecontracts.view.Master","properties":{"editable":true},"searchOpenDialogs":true,"ancestor":{"controlType":"sap.m.StandardListItem","viewName":"etm.portal.ui.managecontracts.view.Master","properties":{"title":"partial provided"},"searchOpenDialogs":true},"interaction":{"idSuffix":"CbBg"}},"wdio_ui5_key":"etmportal.ui.managecontracts.view.Mastersap.m.CheckBox{\"editable\":true}{\"controlType\":\"sap.m.StandardListItem\",\"viewName\":\"etm.portal.ui.managecontracts.view.Master\",\"properties\":{\"title\":\"partial provided\"},\"searchOpenDialogs\":true}"}]}
COMMAND: GET /session/2332ccd2e8bcc895b03cacebcf8e3681/screenshot - {}
RESULT: {"script":"<script> [1562 bytes]","args":[{"selector":{"controlType":"sap.m.CheckBox","viewName":"etm.portal.ui.managecontracts.view.Master","properties":{"editable":true},"searchOpenDialogs":true,"ancestor":{"controlType":"sap.m.StandardListItem","viewName":"etm.portal.ui.managecontracts.view.Master","properties":{"title":"partial provided"},"searchOpenDialogs":true},"interaction":{"idSuffix":"CbBg"}},"wdio_ui5_key":"etmportal.ui.managecontracts.view.Mastersap.m.CheckBox{\"editable\":true}{\"controlType\":\"sap.m.StandardListItem\",\"viewName\":\"etm.portal.ui.managecontracts.view.Master\",\"properties\":{\"title\":\"partial provided\"},\"searchOpenDialogs\":true}"}]}
RESULT: undefined
COMMAND: POST /session/2332ccd2e8bcc895b03cacebcf8e3681/element - {"using":"xpath","value":"//*[@id=\"__item1152-selectMulti\"]"}
RESULT: {}
RESULT: {"using":"xpath","value":"//*[@id=\"__item1152-selectMulti\"]"}
COMMAND: POST /session/2332ccd2e8bcc895b03cacebcf8e3681/element/f.B01AE492A9312D985D5F46C9A0123422.d.11A7F4328FB636B1BB803DB8BF0C33CA.e.7815/click - {}
RESULT: {}
COMMAND: GET /session/2332ccd2e8bcc895b03cacebcf8e3681/screenshot - {}
RESULT: {}
COMMAND: POST /session/2332ccd2e8bcc895b03cacebcf8e3681/element - {"using":"xpath","value":"(//span[contains(@title ,\"Navigation\")])[2]"}
RESULT: {"using":"xpath","value":"(//span[contains(@title ,\"Navigation\")])[2]"}
COMMAND: POST /session/2332ccd2e8bcc895b03cacebcf8e3681/element/f.B01AE492A9312D985D5F46C9A0123422.d.11A7F4328FB636B1BB803DB8BF0C33CA.e.7833/click - {}
RESULT: {}
COMMAND: GET /session/2332ccd2e8bcc895b03cacebcf8e3681/screenshot - {}
RESULT: {}
COMMAND: POST /session/2332ccd2e8bcc895b03cacebcf8e3681/element - {"using":"xpath","value":"//bdi[contains(@id ,\"closeContractBtn-BDI-content\")]"}
RESULT: {"using":"xpath","value":"//bdi[contains(@id ,\"closeContractBtn-BDI-content\")]"}
COMMAND: POST /session/2332ccd2e8bcc895b03cacebcf8e3681/element - {"using":"xpath","value":"//bdi[contains(@id ,\"closeContractBtn-BDI-content\")]"}
RESULT: undefined
COMMAND: POST /session/2332ccd2e8bcc895b03cacebcf8e3681/element - {"using":"xpath","value":"//*[@id=\"__xmlview64--closeColumnBtn-img\"]"}
RESULT: {"using":"xpath","value":"//*[@id=\"__xmlview64--closeColumnBtn-img\"]"}
COMMAND: POST /session/2332ccd2e8bcc895b03cacebcf8e3681/element/f.B01AE492A9312D985D5F46C9A0123422.d.11A7F4328FB636B1BB803DB8BF0C33CA.e.7740/click - {}
RESULT: {"using":"xpath","value":"//bdi[contains(@id ,\"closeContractBtn-BDI-content\")]"}
RESULT: {}
COMMAND: GET /session/2332ccd2e8bcc895b03cacebcf8e3681/screenshot - {}
COMMAND: POST /session/2332ccd2e8bcc895b03cacebcf8e3681/refresh - {}
RESULT: {}
RESULT: {}
COMMAND: GET /session/2332ccd2e8bcc895b03cacebcf8e3681/screenshot - {}
RESULT: {}
COMMAND: POST /session/2332ccd2e8bcc895b03cacebcf8e3681/execute/async - {"script":"<script> [189 bytes]","args":[]}
RESULT: {"script":"<script> [189 bytes]","args":[]}
COMMAND: POST /session/2332ccd2e8bcc895b03cacebcf8e3681/execute/async - {"script":"<script> [123 bytes]","args":[]}
RESULT: {"script":"<script> [123 bytes]","args":[]}
COMMAND: POST /session/2332ccd2e8bcc895b03cacebcf8e3681/timeouts - {"script":"<number>"}
RESULT: {"script":"<number>"}
COMMAND: GET /session/2332ccd2e8bcc895b03cacebcf8e3681/timeouts - {}
RESULT: {}
RESULT: undefined
COMMAND: POST /session/2332ccd2e8bcc895b03cacebcf8e3681/execute/async - {"script":"<script> [2676 bytes]","args":[]}
RESULT: {"script":"<script> [2676 bytes]","args":[]}
COMMAND: POST /session/2332ccd2e8bcc895b03cacebcf8e3681/execute/async - {"script":"<script> [2342 bytes]","args":[{"protocol":"http","hostname":"0.0.0.0","path":"/","capabilities":{"browserName":"chrome","goog:chromeOptions":{"binary":"C:\\Program Files\\Google\\Chrome\\Application\\chrome.exe","args":["--start-maximized"]}},"logLevel":"warn","connectionRetryTimeout":120000,"connectionRetryCount":3,"logLevels":{},"enableDirectConnect":true,"strictSSL":true,"_":"65 more keys: [\"cacheDir\",\"port\",\"requestedCapabilities\",\"automationProtocol\",\"baseUrl\",\"waitforInterval\",\"waitforTimeout\",\"onReload\",\"beforeCommand\",\"afterCommand\",\"rootDir\",\"specs\",\"suites\",\"exclude\",\"groupLogsByTestSpec\",\"excludeDriverLogs\",\"bail\",\"framework\",\"reporters\",\"services\",\"maxInstances\",\"maxInstancesPerCapability\",\"injectGlobals\",\"filesToWatch\",\"execArgv\",\"runnerEnv\",\"runner\",\"shard\",\"specFileRetries\",\"specFileRetriesDelay\",\"specFileRetriesDeferred\",\"reporterSyncInterval\",\"reporterSyncTimeout\",\"cucumberFeaturesWithLineNumbers\",\"autoCompileOpts\",\"mochaOpts\",\"jasmineOpts\",\"cucumberOpts\",\"onPrepare\",\"onWorkerStart\",\"onWorkerEnd\",\"before\",\"beforeSession\",\"beforeSuite\",\"beforeHook\",\"beforeTest\",\"afterTest\",\"afterHook\",\"afterSuite\",\"afterSession\",\"after\",\"onComplete\",\"beforeAssertion\",\"afterAssertion\",\"beforeFeature\",\"beforeScenario\",\"beforeStep\",\"afterStep\",\"afterScenario\",\"afterFeature\",\"_\",\"suite\",\"$0\",\"ignoredWorkerServices\",\"wdi5\"]"}]}
RESULT: {"script":"<script> [2342 bytes]","args":[{"protocol":"http","hostname":"0.0.0.0","path":"/","capabilities":{"browserName":"chrome","goog:chromeOptions":{"binary":"C:\\Program Files\\Google\\Chrome\\Application\\chrome.exe","args":["--start-maximized"]}},"logLevel":"warn","connectionRetryTimeout":120000,"connectionRetryCount":3,"logLevels":{},"enableDirectConnect":true,"strictSSL":true,"_":"65 more keys: [\"cacheDir\",\"port\",\"requestedCapabilities\",\"automationProtocol\",\"baseUrl\",\"waitforInterval\",\"waitforTimeout\",\"onReload\",\"beforeCommand\",\"afterCommand\",\"rootDir\",\"specs\",\"suites\",\"exclude\",\"groupLogsByTestSpec\",\"excludeDriverLogs\",\"bail\",\"framework\",\"reporters\",\"services\",\"maxInstances\",\"maxInstancesPerCapability\",\"injectGlobals\",\"filesToWatch\",\"execArgv\",\"runnerEnv\",\"runner\",\"shard\",\"specFileRetries\",\"specFileRetriesDelay\",\"specFileRetriesDeferred\",\"reporterSyncInterval\",\"reporterSyncTimeout\",\"cucumberFeaturesWithLineNumbers\",\"autoCompileOpts\",\"mochaOpts\",\"jasmineOpts\",\"cucumberOpts\",\"onPrepare\",\"onWorkerStart\",\"onWorkerEnd\",\"before\",\"beforeSession\",\"beforeSuite\",\"beforeHook\",\"beforeTest\",\"afterTest\",\"afterHook\",\"afterSuite\",\"afterSession\",\"after\",\"onComplete\",\"beforeAssertion\",\"afterAssertion\",\"beforeFeature\",\"beforeScenario\",\"beforeStep\",\"afterStep\",\"afterScenario\",\"afterFeature\",\"_\",\"suite\",\"$0\",\"ignoredWorkerServices\",\"wdi5\"]"}]}
COMMAND: POST /session/2332ccd2e8bcc895b03cacebcf8e3681/execute/async - {"script":"<script> [21126 bytes]","args":[35000]}
RESULT: {"script":"<script> [21126 bytes]","args":[35000]}
COMMAND: POST /session/2332ccd2e8bcc895b03cacebcf8e3681/execute/async - {"script":"<script> [1562 bytes]","args":[{"selector":{"controlType":"sap.ui.core.Icon","viewName":"etm.portal.ui.managecontracts.view.Master","properties":{"src":{"regex":{"source":"slim\\-arrow\\-down"}}},"ancestor":{"id":"smartContractStatusFilter","viewName":"etm.portal.ui.managecontracts.view.Master"}},"wdio_ui5_key":"etmportal.ui.managecontracts.view.Mastersap.ui.core.Icon{\"src\":{\"regex\":{\"source\":\"slim\\\\-arrow\\\\-down\"}}}{\"id\":\"smartContractStatusFilter\",\"viewName\":\"etm.portal.ui.managecontracts.view.Master\"}"}]}
RESULT: {"script":"<script> [1562 bytes]","args":[{"selector":{"controlType":"sap.ui.core.Icon","viewName":"etm.portal.ui.managecontracts.view.Master","properties":{"src":{"regex":{"source":"slim\\-arrow\\-down"}}},"ancestor":{"id":"smartContractStatusFilter","viewName":"etm.portal.ui.managecontracts.view.Master"}},"wdio_ui5_key":"etmportal.ui.managecontracts.view.Mastersap.ui.core.Icon{\"src\":{\"regex\":{\"source\":\"slim\\\\-arrow\\\\-down\"}}}{\"id\":\"smartContractStatusFilter\",\"viewName\":\"etm.portal.ui.managecontracts.view.Master\"}"}]}
RESULT: undefined
COMMAND: POST /session/2332ccd2e8bcc895b03cacebcf8e3681/element - {"using":"xpath","value":"//*[@id=\"__xmlview0--smartContractStatusFilter-arrow\"]"}
RESULT: {"using":"xpath","value":"//*[@id=\"__xmlview0--smartContractStatusFilter-arrow\"]"}
COMMAND: POST /session/2332ccd2e8bcc895b03cacebcf8e3681/element/f.B01AE492A9312D985D5F46C9A0123422.d.54CDDE11E7C60380E8A16A2722AD1E51.e.8219/click - {}
RESULT: {}
COMMAND: GET /session/2332ccd2e8bcc895b03cacebcf8e3681/screenshot - {}
RESULT: {}
COMMAND: POST /session/2332ccd2e8bcc895b03cacebcf8e3681/execute/async - {"script":"<script> [1562 bytes]","args":[{"selector":{"controlType":"sap.m.CheckBox","viewName":"etm.portal.ui.managecontracts.view.Master","properties":{"editable":true},"searchOpenDialogs":true,"ancestor":{"controlType":"sap.m.StandardListItem","viewName":"etm.portal.ui.managecontracts.view.Master","properties":{"title":"partial billed"},"searchOpenDialogs":true},"interaction":{"idSuffix":"CbBg"}},"wdio_ui5_key":"etmportal.ui.managecontracts.view.Mastersap.m.CheckBox{\"editable\":true}{\"controlType\":\"sap.m.StandardListItem\",\"viewName\":\"etm.portal.ui.managecontracts.view.Master\",\"properties\":{\"title\":\"partial billed\"},\"searchOpenDialogs\":true}"}]}
RESULT: {"script":"<script> [1562 bytes]","args":[{"selector":{"controlType":"sap.m.CheckBox","viewName":"etm.portal.ui.managecontracts.view.Master","properties":{"editable":true},"searchOpenDialogs":true,"ancestor":{"controlType":"sap.m.StandardListItem","viewName":"etm.portal.ui.managecontracts.view.Master","properties":{"title":"partial billed"},"searchOpenDialogs":true},"interaction":{"idSuffix":"CbBg"}},"wdio_ui5_key":"etmportal.ui.managecontracts.view.Mastersap.m.CheckBox{\"editable\":true}{\"controlType\":\"sap.m.StandardListItem\",\"viewName\":\"etm.portal.ui.managecontracts.view.Master\",\"properties\":{\"title\":\"partial billed\"},\"searchOpenDialogs\":true}"}]}
RESULT: undefined
COMMAND: POST /session/2332ccd2e8bcc895b03cacebcf8e3681/element - {"using":"xpath","value":"//*[@id=\"__item41-selectMulti\"]"}
RESULT: {"using":"xpath","value":"//*[@id=\"__item41-selectMulti\"]"}
COMMAND: POST /session/2332ccd2e8bcc895b03cacebcf8e3681/element/f.B01AE492A9312D985D5F46C9A0123422.d.54CDDE11E7C60380E8A16A2722AD1E51.e.8228/click - {}
RESULT: {}
COMMAND: GET /session/2332ccd2e8bcc895b03cacebcf8e3681/screenshot - {}
RESULT: {}
COMMAND: POST /session/2332ccd2e8bcc895b03cacebcf8e3681/element - {"using":"xpath","value":"(//span[contains(@title ,\"Navigation\")])[2]"}
RESULT: {"using":"xpath","value":"(//span[contains(@title ,\"Navigation\")])[2]"}
COMMAND: POST /session/2332ccd2e8bcc895b03cacebcf8e3681/element/f.B01AE492A9312D985D5F46C9A0123422.d.54CDDE11E7C60380E8A16A2722AD1E51.e.8263/click - {}
RESULT: {}
COMMAND: GET /session/2332ccd2e8bcc895b03cacebcf8e3681/screenshot - {}
RESULT: {}
COMMAND: POST /session/2332ccd2e8bcc895b03cacebcf8e3681/element - {"using":"xpath","value":"//bdi[contains(@id ,\"closeContractBtn-BDI-content\")]"}
COMMAND: POST /session/2332ccd2e8bcc895b03cacebcf8e3681/element - {"using":"css selector","value":"#shell-header-logo"}
RESULT: {"using":"xpath","value":"//bdi[contains(@id ,\"closeContractBtn-BDI-content\")]"}
RESULT: {"using":"css selector","value":"#shell-header-logo"}
COMMAND: POST /session/2332ccd2e8bcc895b03cacebcf8e3681/element/f.B01AE492A9312D985D5F46C9A0123422.d.54CDDE11E7C60380E8A16A2722AD1E51.e.8157/click - {}
RESULT: {}
COMMAND: GET /session/2332ccd2e8bcc895b03cacebcf8e3681/screenshot - {}
RESULT: {}
]]></system-out>
    </testcase>
  </testsuite>
  <testsuite timestamp="2025-04-28T18:07:37" time="50.578" tests="1" failures="0" errors="0" skipped="0">
    <properties>
      <property name="specId" value="0" />
      <property name="suiteName" value="Standard contract decline US151279" />
      <property name="capabilities" value="chrome.135_0_7049_96.windows" />
      <property name="file" value="file:///D:/a/1/s/test/specs/R2C/standard-contract-decline.spec.js" />
    </properties>
    <testcase classname="chrome.135_0_7049_96.windows.Standard_contract_decline_US151279" name="Should decline a contract" time="45.846">
      <system-out><![CDATA[
COMMAND: POST /session/2332ccd2e8bcc895b03cacebcf8e3681/execute/async - {"script":"<script> [1562 bytes]","args":[{"selector":{"controlType":"sap.m.GenericTile","properties":{"header":"Manage Contracts"}},"wdio_ui5_key":"sapm.GenericTile{\"header\":\"Manage Contracts\"}"}]}
RESULT: {"script":"<script> [1562 bytes]","args":[{"selector":{"controlType":"sap.m.GenericTile","properties":{"header":"Manage Contracts"}},"wdio_ui5_key":"sapm.GenericTile{\"header\":\"Manage Contracts\"}"}]}
RESULT: undefined
COMMAND: POST /session/2332ccd2e8bcc895b03cacebcf8e3681/element - {"using":"xpath","value":"//*[@id=\"__tile130\"]"}
RESULT: {"using":"xpath","value":"//*[@id=\"__tile130\"]"}
COMMAND: POST /session/2332ccd2e8bcc895b03cacebcf8e3681/element/f.B01AE492A9312D985D5F46C9A0123422.d.54CDDE11E7C60380E8A16A2722AD1E51.e.8633/click - {}
RESULT: {}
COMMAND: GET /session/2332ccd2e8bcc895b03cacebcf8e3681/screenshot - {}
RESULT: {}
COMMAND: POST /session/2332ccd2e8bcc895b03cacebcf8e3681/element - {"using":"xpath","value":"//input[contains(@id ,\"smartContractFilterBar-btnBasicSearch-I\")]"}
RESULT: {"using":"xpath","value":"//input[contains(@id ,\"smartContractFilterBar-btnBasicSearch-I\")]"}
COMMAND: POST /session/2332ccd2e8bcc895b03cacebcf8e3681/element/f.B01AE492A9312D985D5F46C9A0123422.d.54CDDE11E7C60380E8A16A2722AD1E51.e.8638/clear - {}
RESULT: {}
COMMAND: POST /session/2332ccd2e8bcc895b03cacebcf8e3681/element/f.B01AE492A9312D985D5F46C9A0123422.d.54CDDE11E7C60380E8A16A2722AD1E51.e.8638/value - {"text":"10290"}
COMMAND: GET /session/2332ccd2e8bcc895b03cacebcf8e3681/screenshot - {}
RESULT: {"text":"10290"}
COMMAND: POST /session/2332ccd2e8bcc895b03cacebcf8e3681/actions - {"actions":[{"id":"action43","type":"key","parameters":{},"actions":[{"type":"keyDown","value":"î€‡"},{"type":"pause","duration":10},{"type":"keyUp","value":"î€‡"}]}]}
COMMAND: GET /session/2332ccd2e8bcc895b03cacebcf8e3681/screenshot - {}
RESULT: {}
RESULT: {"actions":[{"id":"action43","type":"key","parameters":{},"actions":[{"type":"keyDown","value":"î€‡"},{"type":"pause","duration":10},{"type":"keyUp","value":"î€‡"}]}]}
COMMAND: GET /session/2332ccd2e8bcc895b03cacebcf8e3681/screenshot - {}
RESULT: {}
RESULT: {}
COMMAND: POST /session/2332ccd2e8bcc895b03cacebcf8e3681/execute/async - {"script":"<script> [1562 bytes]","args":[{"selector":{"controlType":"sap.ui.core.Icon","viewName":"etm.portal.ui.managecontracts.view.Master","properties":{"src":{"regex":{"source":"slim\\-arrow\\-right"}}}},"wdio_ui5_key":"etmportal.ui.managecontracts.view.Mastersap.ui.core.Icon{\"src\":{\"regex\":{\"source\":\"slim\\\\-arrow\\\\-right\"}}}"}]}
RESULT: {"script":"<script> [1562 bytes]","args":[{"selector":{"controlType":"sap.ui.core.Icon","viewName":"etm.portal.ui.managecontracts.view.Master","properties":{"src":{"regex":{"source":"slim\\-arrow\\-right"}}}},"wdio_ui5_key":"etmportal.ui.managecontracts.view.Mastersap.ui.core.Icon{\"src\":{\"regex\":{\"source\":\"slim\\\\-arrow\\\\-right\"}}}"}]}
RESULT: undefined
COMMAND: POST /session/2332ccd2e8bcc895b03cacebcf8e3681/element - {"using":"xpath","value":"//*[@id=\"__item77-__clone190-imgNav\"]"}
RESULT: {"using":"xpath","value":"//*[@id=\"__item77-__clone190-imgNav\"]"}
COMMAND: POST /session/2332ccd2e8bcc895b03cacebcf8e3681/element/f.B01AE492A9312D985D5F46C9A0123422.d.54CDDE11E7C60380E8A16A2722AD1E51.e.8750/click - {}
RESULT: {}
COMMAND: GET /session/2332ccd2e8bcc895b03cacebcf8e3681/screenshot - {}
RESULT: {}
COMMAND: POST /session/2332ccd2e8bcc895b03cacebcf8e3681/execute/async - {"script":"<script> [1562 bytes]","args":[{"selector":{"id":"cancelContractBtn","viewName":"etm.portal.ui.managecontracts.view.Detail","interaction":{"idSuffix":"BDI-content"}},"wdio_ui5_key":"cancelContractBtnetmportal.ui.managecontracts.view.Detail"}]}
RESULT: {"script":"<script> [1562 bytes]","args":[{"selector":{"id":"cancelContractBtn","viewName":"etm.portal.ui.managecontracts.view.Detail","interaction":{"idSuffix":"BDI-content"}},"wdio_ui5_key":"cancelContractBtnetmportal.ui.managecontracts.view.Detail"}]}
RESULT: undefined
COMMAND: POST /session/2332ccd2e8bcc895b03cacebcf8e3681/element - {"using":"xpath","value":"//*[@id=\"__xmlview61--cancelContractBtn\"]"}
RESULT: {"using":"xpath","value":"//*[@id=\"__xmlview61--cancelContractBtn\"]"}
COMMAND: POST /session/2332ccd2e8bcc895b03cacebcf8e3681/element/f.B01AE492A9312D985D5F46C9A0123422.d.54CDDE11E7C60380E8A16A2722AD1E51.e.8864/click - {}
RESULT: {}
COMMAND: GET /session/2332ccd2e8bcc895b03cacebcf8e3681/screenshot - {}
RESULT: {}
COMMAND: POST /session/2332ccd2e8bcc895b03cacebcf8e3681/execute/async - {"script":"<script> [1562 bytes]","args":[{"selector":{"controlType":"sap.m.Text","properties":{"text":"Do you want to cancel the whole contract?"},"searchOpenDialogs":true},"wdio_ui5_key":"sapm.Text{\"text\":\"Do you want to cancel the whole contract?\"}"}]}
RESULT: {"script":"<script> [1562 bytes]","args":[{"selector":{"controlType":"sap.m.Text","properties":{"text":"Do you want to cancel the whole contract?"},"searchOpenDialogs":true},"wdio_ui5_key":"sapm.Text{\"text\":\"Do you want to cancel the whole contract?\"}"}]}
RESULT: undefined
COMMAND: POST /session/2332ccd2e8bcc895b03cacebcf8e3681/execute/async - {"script":"<script> [6424 bytes]","args":[{"element-6066-11e4-a52e-4f735466cecf":"f.B01AE492A9312D985D5F46C9A0123422.d.54CDDE11E7C60380E8A16A2722AD1E51.e.8908"},"getText",[]]}
RESULT: {"script":"<script> [6424 bytes]","args":[{"element-6066-11e4-a52e-4f735466cecf":"f.B01AE492A9312D985D5F46C9A0123422.d.54CDDE11E7C60380E8A16A2722AD1E51.e.8908"},"getText",[]]}
COMMAND: POST /session/2332ccd2e8bcc895b03cacebcf8e3681/element - {"using":"xpath","value":"//bdi[contains(text(), \"OK\")]"}
RESULT: {"using":"xpath","value":"//bdi[contains(text(), \"OK\")]"}
COMMAND: POST /session/2332ccd2e8bcc895b03cacebcf8e3681/element/f.B01AE492A9312D985D5F46C9A0123422.d.54CDDE11E7C60380E8A16A2722AD1E51.e.8909/click - {}
RESULT: {}
COMMAND: GET /session/2332ccd2e8bcc895b03cacebcf8e3681/screenshot - {}
RESULT: {}
COMMAND: POST /session/2332ccd2e8bcc895b03cacebcf8e3681/element - {"using":"xpath","value":"//input[contains(@id ,\"smartContractFilterBar-btnBasicSearch-I\")]"}
RESULT: {"using":"xpath","value":"//input[contains(@id ,\"smartContractFilterBar-btnBasicSearch-I\")]"}
COMMAND: POST /session/2332ccd2e8bcc895b03cacebcf8e3681/element/f.B01AE492A9312D985D5F46C9A0123422.d.54CDDE11E7C60380E8A16A2722AD1E51.e.8638/clear - {}
RESULT: {}
COMMAND: POST /session/2332ccd2e8bcc895b03cacebcf8e3681/element/f.B01AE492A9312D985D5F46C9A0123422.d.54CDDE11E7C60380E8A16A2722AD1E51.e.8638/value - {"text":"10290"}
COMMAND: GET /session/2332ccd2e8bcc895b03cacebcf8e3681/screenshot - {}
RESULT: {"text":"10290"}
COMMAND: POST /session/2332ccd2e8bcc895b03cacebcf8e3681/actions - {"actions":[{"id":"action44","type":"key","parameters":{},"actions":[{"type":"keyDown","value":"î€‡"},{"type":"pause","duration":10},{"type":"keyUp","value":"î€‡"}]}]}
COMMAND: GET /session/2332ccd2e8bcc895b03cacebcf8e3681/screenshot - {}
RESULT: {}
RESULT: {"actions":[{"id":"action44","type":"key","parameters":{},"actions":[{"type":"keyDown","value":"î€‡"},{"type":"pause","duration":10},{"type":"keyUp","value":"î€‡"}]}]}
COMMAND: GET /session/2332ccd2e8bcc895b03cacebcf8e3681/screenshot - {}
RESULT: {}
RESULT: {}
COMMAND: POST /session/2332ccd2e8bcc895b03cacebcf8e3681/execute/async - {"script":"<script> [1562 bytes]","args":[{"selector":{"controlType":"sap.m.ObjectStatus","viewName":"etm.portal.ui.managecontracts.view.Master","bindingPath":{"path":"/SmartContractHeaders('10290')","propertyPath":"STATUS_DESCRIPTION"}},"wdio_ui5_key":"etmportal.ui.managecontracts.view.Mastersap.m.ObjectStatus{\"path\":\"/SmartContractHeaders('10290')\",\"propertyPath\":\"STATUS_DESCRIPTION\"}"}]}
RESULT: {"script":"<script> [1562 bytes]","args":[{"selector":{"controlType":"sap.m.ObjectStatus","viewName":"etm.portal.ui.managecontracts.view.Master","bindingPath":{"path":"/SmartContractHeaders('10290')","propertyPath":"STATUS_DESCRIPTION"}},"wdio_ui5_key":"etmportal.ui.managecontracts.view.Mastersap.m.ObjectStatus{\"path\":\"/SmartContractHeaders('10290')\",\"propertyPath\":\"STATUS_DESCRIPTION\"}"}]}
RESULT: undefined
COMMAND: POST /session/2332ccd2e8bcc895b03cacebcf8e3681/execute/async - {"script":"<script> [6424 bytes]","args":[{"element-6066-11e4-a52e-4f735466cecf":"f.B01AE492A9312D985D5F46C9A0123422.d.54CDDE11E7C60380E8A16A2722AD1E51.e.8957"},"getText",[]]}
RESULT: {"script":"<script> [6424 bytes]","args":[{"element-6066-11e4-a52e-4f735466cecf":"f.B01AE492A9312D985D5F46C9A0123422.d.54CDDE11E7C60380E8A16A2722AD1E51.e.8957"},"getText",[]]}
RESULT: undefined
COMMAND: POST /session/2332ccd2e8bcc895b03cacebcf8e3681/element - {"using":"xpath","value":"//*[@id=\"__item77-__clone190-imgNav\"]"}
RESULT: {"using":"xpath","value":"//*[@id=\"__item77-__clone190-imgNav\"]"}
COMMAND: POST /session/2332ccd2e8bcc895b03cacebcf8e3681/element/f.B01AE492A9312D985D5F46C9A0123422.d.54CDDE11E7C60380E8A16A2722AD1E51.e.8750/click - {}
RESULT: {}
COMMAND: GET /session/2332ccd2e8bcc895b03cacebcf8e3681/screenshot - {}
RESULT: {}
COMMAND: POST /session/2332ccd2e8bcc895b03cacebcf8e3681/execute/async - {"script":"<script> [1562 bytes]","args":[{"selector":{"controlType":"sap.m.ObjectStatus","viewName":"etm.portal.ui.managecontracts.view.Detail","bindingPath":{"path":"/SmartContractItems(CONTRACT='10290',ITEM=10m,SUB_ITEM=0m)","propertyPath":"STATUS"}},"wdio_ui5_key":"etmportal.ui.managecontracts.view.Detailsap.m.ObjectStatus{\"path\":\"/SmartContractItems(CONTRACT='10290',ITEM=10m,SUB_ITEM=0m)\",\"propertyPath\":\"STATUS\"}"}]}
RESULT: {"script":"<script> [1562 bytes]","args":[{"selector":{"controlType":"sap.m.ObjectStatus","viewName":"etm.portal.ui.managecontracts.view.Detail","bindingPath":{"path":"/SmartContractItems(CONTRACT='10290',ITEM=10m,SUB_ITEM=0m)","propertyPath":"STATUS"}},"wdio_ui5_key":"etmportal.ui.managecontracts.view.Detailsap.m.ObjectStatus{\"path\":\"/SmartContractItems(CONTRACT='10290',ITEM=10m,SUB_ITEM=0m)\",\"propertyPath\":\"STATUS\"}"}]}
RESULT: undefined
COMMAND: POST /session/2332ccd2e8bcc895b03cacebcf8e3681/execute/async - {"script":"<script> [6424 bytes]","args":[{"element-6066-11e4-a52e-4f735466cecf":"f.B01AE492A9312D985D5F46C9A0123422.d.54CDDE11E7C60380E8A16A2722AD1E51.e.8983"},"getText",[]]}
RESULT: {"script":"<script> [6424 bytes]","args":[{"element-6066-11e4-a52e-4f735466cecf":"f.B01AE492A9312D985D5F46C9A0123422.d.54CDDE11E7C60380E8A16A2722AD1E51.e.8983"},"getText",[]]}
COMMAND: POST /session/2332ccd2e8bcc895b03cacebcf8e3681/element - {"using":"css selector","value":"#shell-header-logo"}
RESULT: {"using":"css selector","value":"#shell-header-logo"}
COMMAND: POST /session/2332ccd2e8bcc895b03cacebcf8e3681/element/f.B01AE492A9312D985D5F46C9A0123422.d.54CDDE11E7C60380E8A16A2722AD1E51.e.8636/click - {}
RESULT: {}
COMMAND: GET /session/2332ccd2e8bcc895b03cacebcf8e3681/screenshot - {}
RESULT: {}
]]></system-out>
    </testcase>
  </testsuite>
  <testsuite timestamp="2025-04-28T18:08:28" time="159.031" tests="2" failures="0" errors="0" skipped="0">
    <properties>
      <property name="specId" value="0" />
      <property name="suiteName" value="Insert service into a contract US152956" />
      <property name="capabilities" value="chrome.135_0_7049_96.windows" />
      <property name="file" value="file:///D:/a/1/s/test/specs/R2C/insert-service-into-a-contract.spec.js" />
    </properties>
    <testcase classname="chrome.135_0_7049_96.windows.Insert_service_into_a_contract_US152956" name="Should create a new contract" time="80.381">
      <system-out><![CDATA[
COMMAND: POST /session/2332ccd2e8bcc895b03cacebcf8e3681/execute/async - {"script":"<script> [1562 bytes]","args":[{"selector":{"controlType":"sap.m.Text","viewName":"etm.portal.ui.managecontractstile.view.Master","properties":{"text":"Manage Contracts"},"interaction":{"idSuffix":"inner"}},"wdio_ui5_key":"etmportal.ui.managecontractstile.view.Mastersap.m.Text{\"text\":\"Manage Contracts\"}"}]}
RESULT: {"script":"<script> [1562 bytes]","args":[{"selector":{"controlType":"sap.m.Text","viewName":"etm.portal.ui.managecontractstile.view.Master","properties":{"text":"Manage Contracts"},"interaction":{"idSuffix":"inner"}},"wdio_ui5_key":"etmportal.ui.managecontractstile.view.Mastersap.m.Text{\"text\":\"Manage Contracts\"}"}]}
RESULT: undefined
COMMAND: POST /session/2332ccd2e8bcc895b03cacebcf8e3681/element - {"using":"xpath","value":"//*[@id=\"__tile130-title\"]"}
RESULT: {"using":"xpath","value":"//*[@id=\"__tile130-title\"]"}
COMMAND: POST /session/2332ccd2e8bcc895b03cacebcf8e3681/element/f.B01AE492A9312D985D5F46C9A0123422.d.54CDDE11E7C60380E8A16A2722AD1E51.e.8987/click - {}
RESULT: {}
COMMAND: GET /session/2332ccd2e8bcc895b03cacebcf8e3681/screenshot - {}
RESULT: {}
COMMAND: POST /session/2332ccd2e8bcc895b03cacebcf8e3681/element - {"using":"xpath","value":"//button[@data-kt=\"addButton\"]"}
RESULT: {"using":"xpath","value":"//button[@data-kt=\"addButton\"]"}
COMMAND: POST /session/2332ccd2e8bcc895b03cacebcf8e3681/element/f.B01AE492A9312D985D5F46C9A0123422.d.54CDDE11E7C60380E8A16A2722AD1E51.e.9061/click - {}
RESULT: {}
COMMAND: GET /session/2332ccd2e8bcc895b03cacebcf8e3681/screenshot - {}
RESULT: {}
COMMAND: POST /session/2332ccd2e8bcc895b03cacebcf8e3681/execute/async - {"script":"<script> [1562 bytes]","args":[{"selector":{"id":"application-managecontracts-display-component---AddNewContract--projectDescription","interaction":{"idSuffix":"inner"}},"wdio_ui5_key":"applicationmanagecontracts-display-component---AddNewContract--projectDescription"}]}
RESULT: {"script":"<script> [1562 bytes]","args":[{"selector":{"id":"application-managecontracts-display-component---AddNewContract--projectDescription","interaction":{"idSuffix":"inner"}},"wdio_ui5_key":"applicationmanagecontracts-display-component---AddNewContract--projectDescription"}]}
RESULT: undefined
COMMAND: POST /session/2332ccd2e8bcc895b03cacebcf8e3681/execute/async - {"script":"<script> [776 bytes]","args":[{"enterText":"WdIOR2cqk79y","selector":{"id":"application-managecontracts-display-component---AddNewContract--projectDescription","interaction":{"idSuffix":"inner"}},"clearTextFirst":true,"interactionType":"ENTER_TEXT"}]}
RESULT: {"script":"<script> [776 bytes]","args":[{"enterText":"WdIOR2cqk79y","selector":{"id":"application-managecontracts-display-component---AddNewContract--projectDescription","interaction":{"idSuffix":"inner"}},"clearTextFirst":true,"interactionType":"ENTER_TEXT"}]}
COMMAND: POST /session/2332ccd2e8bcc895b03cacebcf8e3681/element - {"using":"xpath","value":"//input[@id=\"application-managecontracts-display-component---AddNewContract--yardId-inner\"]"}
RESULT: {"using":"xpath","value":"//input[@id=\"application-managecontracts-display-component---AddNewContract--yardId-inner\"]"}
COMMAND: POST /session/2332ccd2e8bcc895b03cacebcf8e3681/element/f.B01AE492A9312D985D5F46C9A0123422.d.54CDDE11E7C60380E8A16A2722AD1E51.e.9310/clear - {}
RESULT: {}
COMMAND: POST /session/2332ccd2e8bcc895b03cacebcf8e3681/element/f.B01AE492A9312D985D5F46C9A0123422.d.54CDDE11E7C60380E8A16A2722AD1E51.e.9310/value - {"text":"WebdriverYardolz1a"}
COMMAND: GET /session/2332ccd2e8bcc895b03cacebcf8e3681/screenshot - {}
RESULT: {"text":"WebdriverYardolz1a"}
COMMAND: GET /session/2332ccd2e8bcc895b03cacebcf8e3681/screenshot - {}
RESULT: {}
RESULT: {}
COMMAND: POST /session/2332ccd2e8bcc895b03cacebcf8e3681/actions - {"actions":[{"id":"action45","type":"key","parameters":{},"actions":[{"type":"keyDown","value":"î€‡"},{"type":"pause","duration":10},{"type":"keyUp","value":"î€‡"}]}]}
RESULT: {"actions":[{"id":"action45","type":"key","parameters":{},"actions":[{"type":"keyDown","value":"î€‡"},{"type":"pause","duration":10},{"type":"keyUp","value":"î€‡"}]}]}
COMMAND: GET /session/2332ccd2e8bcc895b03cacebcf8e3681/screenshot - {}
RESULT: {}
COMMAND: POST /session/2332ccd2e8bcc895b03cacebcf8e3681/element - {"using":"xpath","value":"//input[@id=\"application-managecontracts-display-component---AddNewContract--customerSelect-inner\"]"}
RESULT: {"using":"xpath","value":"//input[@id=\"application-managecontracts-display-component---AddNewContract--customerSelect-inner\"]"}
COMMAND: POST /session/2332ccd2e8bcc895b03cacebcf8e3681/element/f.B01AE492A9312D985D5F46C9A0123422.d.54CDDE11E7C60380E8A16A2722AD1E51.e.9308/clear - {}
RESULT: {}
COMMAND: POST /session/2332ccd2e8bcc895b03cacebcf8e3681/element/f.B01AE492A9312D985D5F46C9A0123422.d.54CDDE11E7C60380E8A16A2722AD1E51.e.9308/value - {"text":"WebdriverPartnerm0vgp"}
COMMAND: GET /session/2332ccd2e8bcc895b03cacebcf8e3681/screenshot - {}
RESULT: {"text":"WebdriverPartnerm0vgp"}
COMMAND: GET /session/2332ccd2e8bcc895b03cacebcf8e3681/screenshot - {}
RESULT: {}
RESULT: {}
COMMAND: POST /session/2332ccd2e8bcc895b03cacebcf8e3681/actions - {"actions":[{"id":"action46","type":"key","parameters":{},"actions":[{"type":"keyDown","value":"î€‡"},{"type":"pause","duration":10},{"type":"keyUp","value":"î€‡"}]}]}
RESULT: {"actions":[{"id":"action46","type":"key","parameters":{},"actions":[{"type":"keyDown","value":"î€‡"},{"type":"pause","duration":10},{"type":"keyUp","value":"î€‡"}]}]}
COMMAND: GET /session/2332ccd2e8bcc895b03cacebcf8e3681/screenshot - {}
RESULT: {}
COMMAND: POST /session/2332ccd2e8bcc895b03cacebcf8e3681/element - {"using":"xpath","value":"//input[@id=\"application-managecontracts-display-component---AddNewContract--site-inner\"]"}
RESULT: {"using":"xpath","value":"//input[@id=\"application-managecontracts-display-component---AddNewContract--site-inner\"]"}
COMMAND: POST /session/2332ccd2e8bcc895b03cacebcf8e3681/element/f.B01AE492A9312D985D5F46C9A0123422.d.54CDDE11E7C60380E8A16A2722AD1E51.e.9309/clear - {}
RESULT: {}
COMMAND: POST /session/2332ccd2e8bcc895b03cacebcf8e3681/element/f.B01AE492A9312D985D5F46C9A0123422.d.54CDDE11E7C60380E8A16A2722AD1E51.e.9309/value - {"text":"WebdriverSitelw9j4"}
COMMAND: GET /session/2332ccd2e8bcc895b03cacebcf8e3681/screenshot - {}
RESULT: {"text":"WebdriverSitelw9j4"}
COMMAND: GET /session/2332ccd2e8bcc895b03cacebcf8e3681/screenshot - {}
RESULT: {}
RESULT: {}
COMMAND: POST /session/2332ccd2e8bcc895b03cacebcf8e3681/actions - {"actions":[{"id":"action47","type":"key","parameters":{},"actions":[{"type":"keyDown","value":"î€‡"},{"type":"pause","duration":10},{"type":"keyUp","value":"î€‡"}]}]}
RESULT: {"actions":[{"id":"action47","type":"key","parameters":{},"actions":[{"type":"keyDown","value":"î€‡"},{"type":"pause","duration":10},{"type":"keyUp","value":"î€‡"}]}]}
COMMAND: GET /session/2332ccd2e8bcc895b03cacebcf8e3681/screenshot - {}
RESULT: {}
COMMAND: POST /session/2332ccd2e8bcc895b03cacebcf8e3681/element - {"using":"xpath","value":"//button[@data-kt=\"saveButton\"]"}
RESULT: {"using":"xpath","value":"//button[@data-kt=\"saveButton\"]"}
COMMAND: POST /session/2332ccd2e8bcc895b03cacebcf8e3681/element/f.B01AE492A9312D985D5F46C9A0123422.d.54CDDE11E7C60380E8A16A2722AD1E51.e.9325/click - {}
RESULT: {}
COMMAND: GET /session/2332ccd2e8bcc895b03cacebcf8e3681/screenshot - {}
RESULT: {}
COMMAND: POST /session/2332ccd2e8bcc895b03cacebcf8e3681/execute/async - {"script":"<script> [1562 bytes]","args":[{"selector":{"id":"contractDetailTitleNoExpanded","viewName":"etm.portal.ui.managecontracts.view.Detail"},"wdio_ui5_key":"contractDetailTitleNoExpandedetmportal.ui.managecontracts.view.Detail"}]}
RESULT: {"script":"<script> [1562 bytes]","args":[{"selector":{"id":"contractDetailTitleNoExpanded","viewName":"etm.portal.ui.managecontracts.view.Detail"},"wdio_ui5_key":"contractDetailTitleNoExpandedetmportal.ui.managecontracts.view.Detail"}]}
RESULT: undefined
COMMAND: POST /session/2332ccd2e8bcc895b03cacebcf8e3681/execute/async - {"script":"<script> [6424 bytes]","args":[{"element-6066-11e4-a52e-4f735466cecf":"f.B01AE492A9312D985D5F46C9A0123422.d.54CDDE11E7C60380E8A16A2722AD1E51.e.9409"},"getText",[]]}
RESULT: {"script":"<script> [6424 bytes]","args":[{"element-6066-11e4-a52e-4f735466cecf":"f.B01AE492A9312D985D5F46C9A0123422.d.54CDDE11E7C60380E8A16A2722AD1E51.e.9409"},"getText",[]]}
]]></system-out>
    </testcase>
    <testcase classname="chrome.135_0_7049_96.windows.Insert_service_into_a_contract_US152956" name="Should add a service unit and a service group to the contract" time="74.942">
      <system-out><![CDATA[
COMMAND: POST /session/2332ccd2e8bcc895b03cacebcf8e3681/element - {"using":"xpath","value":"//button[@data-kt=\"contractDetailEditBtnButton\"]"}
RESULT: {"using":"xpath","value":"//button[@data-kt=\"contractDetailEditBtnButton\"]"}
COMMAND: POST /session/2332ccd2e8bcc895b03cacebcf8e3681/execute/sync - {"script":"<script> [8489 bytes]","args":[{"element-6066-11e4-a52e-4f735466cecf":"f.B01AE492A9312D985D5F46C9A0123422.d.54CDDE11E7C60380E8A16A2722AD1E51.e.9410","ELEMENT":"f.B01AE492A9312D985D5F46C9A0123422.d.54CDDE11E7C60380E8A16A2722AD1E51.e.9410"}]}
RESULT: {"script":"<script> [8489 bytes]","args":[{"element-6066-11e4-a52e-4f735466cecf":"f.B01AE492A9312D985D5F46C9A0123422.d.54CDDE11E7C60380E8A16A2722AD1E51.e.9410","ELEMENT":"f.B01AE492A9312D985D5F46C9A0123422.d.54CDDE11E7C60380E8A16A2722AD1E51.e.9410"}]}
COMMAND: POST /session/2332ccd2e8bcc895b03cacebcf8e3681/execute/sync - {"script":"<script> [8489 bytes]","args":[{"element-6066-11e4-a52e-4f735466cecf":"f.B01AE492A9312D985D5F46C9A0123422.d.54CDDE11E7C60380E8A16A2722AD1E51.e.9410","ELEMENT":"f.B01AE492A9312D985D5F46C9A0123422.d.54CDDE11E7C60380E8A16A2722AD1E51.e.9410"}]}
COMMAND: GET /session/2332ccd2e8bcc895b03cacebcf8e3681/screenshot - {}
RESULT: {"script":"<script> [8489 bytes]","args":[{"element-6066-11e4-a52e-4f735466cecf":"f.B01AE492A9312D985D5F46C9A0123422.d.54CDDE11E7C60380E8A16A2722AD1E51.e.9410","ELEMENT":"f.B01AE492A9312D985D5F46C9A0123422.d.54CDDE11E7C60380E8A16A2722AD1E51.e.9410"}]}
COMMAND: POST /session/2332ccd2e8bcc895b03cacebcf8e3681/execute/sync - {"script":"<script> [5351 bytes]","args":[{"element-6066-11e4-a52e-4f735466cecf":"f.B01AE492A9312D985D5F46C9A0123422.d.54CDDE11E7C60380E8A16A2722AD1E51.e.9410","ELEMENT":"f.B01AE492A9312D985D5F46C9A0123422.d.54CDDE11E7C60380E8A16A2722AD1E51.e.9410"}]}
COMMAND: GET /session/2332ccd2e8bcc895b03cacebcf8e3681/screenshot - {}
RESULT: {}
RESULT: {"script":"<script> [5351 bytes]","args":[{"element-6066-11e4-a52e-4f735466cecf":"f.B01AE492A9312D985D5F46C9A0123422.d.54CDDE11E7C60380E8A16A2722AD1E51.e.9410","ELEMENT":"f.B01AE492A9312D985D5F46C9A0123422.d.54CDDE11E7C60380E8A16A2722AD1E51.e.9410"}]}
COMMAND: POST /session/2332ccd2e8bcc895b03cacebcf8e3681/element/f.B01AE492A9312D985D5F46C9A0123422.d.54CDDE11E7C60380E8A16A2722AD1E51.e.9410/click - {}
COMMAND: GET /session/2332ccd2e8bcc895b03cacebcf8e3681/screenshot - {}
RESULT: {}
RESULT: {}
COMMAND: GET /session/2332ccd2e8bcc895b03cacebcf8e3681/screenshot - {}
RESULT: {}
RESULT: {}
COMMAND: POST /session/2332ccd2e8bcc895b03cacebcf8e3681/element - {"using":"xpath","value":"(//span[contains(text(), \"Additional Addresses\")])[2]"}
RESULT: {"using":"xpath","value":"(//span[contains(text(), \"Additional Addresses\")])[2]"}
COMMAND: POST /session/2332ccd2e8bcc895b03cacebcf8e3681/element/f.B01AE492A9312D985D5F46C9A0123422.d.54CDDE11E7C60380E8A16A2722AD1E51.e.9464/click - {}
RESULT: {}
COMMAND: GET /session/2332ccd2e8bcc895b03cacebcf8e3681/screenshot - {}
RESULT: {}
COMMAND: POST /session/2332ccd2e8bcc895b03cacebcf8e3681/element - {"using":"xpath","value":"//button[@data-kt=\"btnAddTableRowOverflowToolbarButton\"]"}
RESULT: {"using":"xpath","value":"//button[@data-kt=\"btnAddTableRowOverflowToolbarButton\"]"}
COMMAND: POST /session/2332ccd2e8bcc895b03cacebcf8e3681/element/f.B01AE492A9312D985D5F46C9A0123422.d.54CDDE11E7C60380E8A16A2722AD1E51.e.9468/click - {}
RESULT: {}
COMMAND: GET /session/2332ccd2e8bcc895b03cacebcf8e3681/screenshot - {}
RESULT: {}
COMMAND: POST /session/2332ccd2e8bcc895b03cacebcf8e3681/element - {"using":"xpath","value":"//div[(text() = 'Standard Entry' or . = 'Standard Entry')]"}
RESULT: {"using":"xpath","value":"//div[(text() = 'Standard Entry' or . = 'Standard Entry')]"}
COMMAND: POST /session/2332ccd2e8bcc895b03cacebcf8e3681/element/f.B01AE492A9312D985D5F46C9A0123422.d.54CDDE11E7C60380E8A16A2722AD1E51.e.9470/click - {}
RESULT: {}
COMMAND: POST /session/2332ccd2e8bcc895b03cacebcf8e3681/element - {"using":"xpath","value":"//button[@data-kt=\"btnAddTableRowOverflowToolbarButton\"]"}
COMMAND: GET /session/2332ccd2e8bcc895b03cacebcf8e3681/screenshot - {}
RESULT: {"using":"xpath","value":"//button[@data-kt=\"btnAddTableRowOverflowToolbarButton\"]"}
COMMAND: POST /session/2332ccd2e8bcc895b03cacebcf8e3681/element/f.B01AE492A9312D985D5F46C9A0123422.d.54CDDE11E7C60380E8A16A2722AD1E51.e.9468/click - {}
RESULT: {}
RESULT: {}
COMMAND: GET /session/2332ccd2e8bcc895b03cacebcf8e3681/screenshot - {}
RESULT: {}
COMMAND: POST /session/2332ccd2e8bcc895b03cacebcf8e3681/element - {"using":"xpath","value":"//div[(text() = 'Standard Entry' or . = 'Standard Entry')]"}
RESULT: {"using":"xpath","value":"//div[(text() = 'Standard Entry' or . = 'Standard Entry')]"}
COMMAND: POST /session/2332ccd2e8bcc895b03cacebcf8e3681/element/f.B01AE492A9312D985D5F46C9A0123422.d.54CDDE11E7C60380E8A16A2722AD1E51.e.9482/click - {}
RESULT: {}
COMMAND: POST /session/2332ccd2e8bcc895b03cacebcf8e3681/element - {"using":"xpath","value":"(//td[6]/div/div/input)[1]"}
COMMAND: GET /session/2332ccd2e8bcc895b03cacebcf8e3681/screenshot - {}
RESULT: {"using":"xpath","value":"(//td[6]/div/div/input)[1]"}
COMMAND: POST /session/2332ccd2e8bcc895b03cacebcf8e3681/element/f.B01AE492A9312D985D5F46C9A0123422.d.54CDDE11E7C60380E8A16A2722AD1E51.e.9484/click - {}
RESULT: {}
RESULT: {}
COMMAND: POST /session/2332ccd2e8bcc895b03cacebcf8e3681/actions - {"actions":[{"id":"action48","type":"key","parameters":{},"actions":[{"type":"keyDown","value":"î€ƒ"},{"type":"pause","duration":10},{"type":"keyUp","value":"î€ƒ"}]}]}
COMMAND: GET /session/2332ccd2e8bcc895b03cacebcf8e3681/screenshot - {}
RESULT: {"actions":[{"id":"action48","type":"key","parameters":{},"actions":[{"type":"keyDown","value":"î€ƒ"},{"type":"pause","duration":10},{"type":"keyUp","value":"î€ƒ"}]}]}
COMMAND: POST /session/2332ccd2e8bcc895b03cacebcf8e3681/element - {"using":"xpath","value":"(//td[6]/div/div/input)[1]"}
COMMAND: GET /session/2332ccd2e8bcc895b03cacebcf8e3681/screenshot - {}
RESULT: {}
RESULT: {"using":"xpath","value":"(//td[6]/div/div/input)[1]"}
COMMAND: POST /session/2332ccd2e8bcc895b03cacebcf8e3681/element/f.B01AE492A9312D985D5F46C9A0123422.d.54CDDE11E7C60380E8A16A2722AD1E51.e.9484/clear - {}
RESULT: {}
RESULT: {}
COMMAND: POST /session/2332ccd2e8bcc895b03cacebcf8e3681/element/f.B01AE492A9312D985D5F46C9A0123422.d.54CDDE11E7C60380E8A16A2722AD1E51.e.9484/value - {"text":"Service Unit"}
COMMAND: GET /session/2332ccd2e8bcc895b03cacebcf8e3681/screenshot - {}
RESULT: {"text":"Service Unit"}
COMMAND: GET /session/2332ccd2e8bcc895b03cacebcf8e3681/screenshot - {}
RESULT: {}
RESULT: {}
COMMAND: POST /session/2332ccd2e8bcc895b03cacebcf8e3681/actions - {"actions":[{"id":"action49","type":"key","parameters":{},"actions":[{"type":"keyDown","value":"î€‡"},{"type":"pause","duration":10},{"type":"keyUp","value":"î€‡"}]}]}
RESULT: {"actions":[{"id":"action49","type":"key","parameters":{},"actions":[{"type":"keyDown","value":"î€‡"},{"type":"pause","duration":10},{"type":"keyUp","value":"î€‡"}]}]}
COMMAND: GET /session/2332ccd2e8bcc895b03cacebcf8e3681/screenshot - {}
RESULT: {}
COMMAND: POST /session/2332ccd2e8bcc895b03cacebcf8e3681/actions - {"actions":[{"id":"action50","type":"key","parameters":{},"actions":[{"type":"keyDown","value":"î€‡"},{"type":"pause","duration":10},{"type":"keyUp","value":"î€‡"}]}]}
RESULT: {"actions":[{"id":"action50","type":"key","parameters":{},"actions":[{"type":"keyDown","value":"î€‡"},{"type":"pause","duration":10},{"type":"keyUp","value":"î€‡"}]}]}
COMMAND: POST /session/2332ccd2e8bcc895b03cacebcf8e3681/element - {"using":"xpath","value":"(//td[7]/div/div/input)[1]"}
COMMAND: GET /session/2332ccd2e8bcc895b03cacebcf8e3681/screenshot - {}
RESULT: {"using":"xpath","value":"(//td[7]/div/div/input)[1]"}
COMMAND: POST /session/2332ccd2e8bcc895b03cacebcf8e3681/element/f.B01AE492A9312D985D5F46C9A0123422.d.54CDDE11E7C60380E8A16A2722AD1E51.e.9500/clear - {}
RESULT: {}
RESULT: {}
COMMAND: POST /session/2332ccd2e8bcc895b03cacebcf8e3681/element/f.B01AE492A9312D985D5F46C9A0123422.d.54CDDE11E7C60380E8A16A2722AD1E51.e.9500/value - {"text":"1000001"}
COMMAND: GET /session/2332ccd2e8bcc895b03cacebcf8e3681/screenshot - {}
RESULT: {"text":"1000001"}
COMMAND: GET /session/2332ccd2e8bcc895b03cacebcf8e3681/screenshot - {}
RESULT: {}
RESULT: {}
COMMAND: POST /session/2332ccd2e8bcc895b03cacebcf8e3681/actions - {"actions":[{"id":"action51","type":"key","parameters":{},"actions":[{"type":"keyDown","value":"î€‡"},{"type":"pause","duration":10},{"type":"keyUp","value":"î€‡"}]}]}
RESULT: {"actions":[{"id":"action51","type":"key","parameters":{},"actions":[{"type":"keyDown","value":"î€‡"},{"type":"pause","duration":10},{"type":"keyUp","value":"î€‡"}]}]}
COMMAND: GET /session/2332ccd2e8bcc895b03cacebcf8e3681/screenshot - {}
RESULT: {}
COMMAND: POST /session/2332ccd2e8bcc895b03cacebcf8e3681/actions - {"actions":[{"id":"action52","type":"key","parameters":{},"actions":[{"type":"keyDown","value":"î€‡"},{"type":"pause","duration":10},{"type":"keyUp","value":"î€‡"}]}]}
RESULT: {"actions":[{"id":"action52","type":"key","parameters":{},"actions":[{"type":"keyDown","value":"î€‡"},{"type":"pause","duration":10},{"type":"keyUp","value":"î€‡"}]}]}
COMMAND: GET /session/2332ccd2e8bcc895b03cacebcf8e3681/screenshot - {}
RESULT: {}
COMMAND: POST /session/2332ccd2e8bcc895b03cacebcf8e3681/element - {"using":"xpath","value":"(//td[6]/div/div/input)[2]"}
RESULT: {"using":"xpath","value":"(//td[6]/div/div/input)[2]"}
COMMAND: POST /session/2332ccd2e8bcc895b03cacebcf8e3681/element/f.B01AE492A9312D985D5F46C9A0123422.d.54CDDE11E7C60380E8A16A2722AD1E51.e.9472/click - {}
RESULT: {}
COMMAND: POST /session/2332ccd2e8bcc895b03cacebcf8e3681/actions - {"actions":[{"id":"action53","type":"key","parameters":{},"actions":[{"type":"keyDown","value":"î€ƒ"},{"type":"pause","duration":10},{"type":"keyUp","value":"î€ƒ"}]}]}
COMMAND: GET /session/2332ccd2e8bcc895b03cacebcf8e3681/screenshot - {}
RESULT: {"actions":[{"id":"action53","type":"key","parameters":{},"actions":[{"type":"keyDown","value":"î€ƒ"},{"type":"pause","duration":10},{"type":"keyUp","value":"î€ƒ"}]}]}
COMMAND: POST /session/2332ccd2e8bcc895b03cacebcf8e3681/element - {"using":"xpath","value":"(//td[6]/div/div/input)[2]"}
COMMAND: GET /session/2332ccd2e8bcc895b03cacebcf8e3681/screenshot - {}
RESULT: {}
RESULT: {"using":"xpath","value":"(//td[6]/div/div/input)[2]"}
COMMAND: POST /session/2332ccd2e8bcc895b03cacebcf8e3681/element/f.B01AE492A9312D985D5F46C9A0123422.d.54CDDE11E7C60380E8A16A2722AD1E51.e.9472/clear - {}
RESULT: {}
RESULT: {}
COMMAND: POST /session/2332ccd2e8bcc895b03cacebcf8e3681/element/f.B01AE492A9312D985D5F46C9A0123422.d.54CDDE11E7C60380E8A16A2722AD1E51.e.9472/value - {"text":"Service Unit Group"}
COMMAND: GET /session/2332ccd2e8bcc895b03cacebcf8e3681/screenshot - {}
RESULT: {"text":"Service Unit Group"}
COMMAND: GET /session/2332ccd2e8bcc895b03cacebcf8e3681/screenshot - {}
RESULT: {}
RESULT: {}
COMMAND: POST /session/2332ccd2e8bcc895b03cacebcf8e3681/actions - {"actions":[{"id":"action54","type":"key","parameters":{},"actions":[{"type":"keyDown","value":"î€‡"},{"type":"pause","duration":10},{"type":"keyUp","value":"î€‡"}]}]}
RESULT: {"actions":[{"id":"action54","type":"key","parameters":{},"actions":[{"type":"keyDown","value":"î€‡"},{"type":"pause","duration":10},{"type":"keyUp","value":"î€‡"}]}]}
COMMAND: GET /session/2332ccd2e8bcc895b03cacebcf8e3681/screenshot - {}
RESULT: {}
COMMAND: POST /session/2332ccd2e8bcc895b03cacebcf8e3681/actions - {"actions":[{"id":"action55","type":"key","parameters":{},"actions":[{"type":"keyDown","value":"î€‡"},{"type":"pause","duration":10},{"type":"keyUp","value":"î€‡"}]}]}
RESULT: {"actions":[{"id":"action55","type":"key","parameters":{},"actions":[{"type":"keyDown","value":"î€‡"},{"type":"pause","duration":10},{"type":"keyUp","value":"î€‡"}]}]}
COMMAND: POST /session/2332ccd2e8bcc895b03cacebcf8e3681/element - {"using":"xpath","value":"(//td[7]/div/div/input)[2]"}
COMMAND: GET /session/2332ccd2e8bcc895b03cacebcf8e3681/screenshot - {}
RESULT: {"using":"xpath","value":"(//td[7]/div/div/input)[2]"}
COMMAND: POST /session/2332ccd2e8bcc895b03cacebcf8e3681/element/f.B01AE492A9312D985D5F46C9A0123422.d.54CDDE11E7C60380E8A16A2722AD1E51.e.9529/clear - {}
RESULT: {}
RESULT: {}
COMMAND: POST /session/2332ccd2e8bcc895b03cacebcf8e3681/element/f.B01AE492A9312D985D5F46C9A0123422.d.54CDDE11E7C60380E8A16A2722AD1E51.e.9529/value - {"text":"1100001"}
COMMAND: GET /session/2332ccd2e8bcc895b03cacebcf8e3681/screenshot - {}
RESULT: {"text":"1100001"}
COMMAND: GET /session/2332ccd2e8bcc895b03cacebcf8e3681/screenshot - {}
RESULT: {}
RESULT: {}
COMMAND: POST /session/2332ccd2e8bcc895b03cacebcf8e3681/actions - {"actions":[{"id":"action56","type":"key","parameters":{},"actions":[{"type":"keyDown","value":"î€‡"},{"type":"pause","duration":10},{"type":"keyUp","value":"î€‡"}]}]}
RESULT: {"actions":[{"id":"action56","type":"key","parameters":{},"actions":[{"type":"keyDown","value":"î€‡"},{"type":"pause","duration":10},{"type":"keyUp","value":"î€‡"}]}]}
COMMAND: GET /session/2332ccd2e8bcc895b03cacebcf8e3681/screenshot - {}
RESULT: {}
COMMAND: POST /session/2332ccd2e8bcc895b03cacebcf8e3681/actions - {"actions":[{"id":"action57","type":"key","parameters":{},"actions":[{"type":"keyDown","value":"î€‡"},{"type":"pause","duration":10},{"type":"keyUp","value":"î€‡"}]}]}
RESULT: {"actions":[{"id":"action57","type":"key","parameters":{},"actions":[{"type":"keyDown","value":"î€‡"},{"type":"pause","duration":10},{"type":"keyUp","value":"î€‡"}]}]}
COMMAND: GET /session/2332ccd2e8bcc895b03cacebcf8e3681/screenshot - {}
RESULT: {}
COMMAND: POST /session/2332ccd2e8bcc895b03cacebcf8e3681/element - {"using":"xpath","value":"(//button[@data-kt=\"saveButton\"])[2]"}
RESULT: {"using":"xpath","value":"(//button[@data-kt=\"saveButton\"])[2]"}
COMMAND: POST /session/2332ccd2e8bcc895b03cacebcf8e3681/element/f.B01AE492A9312D985D5F46C9A0123422.d.54CDDE11E7C60380E8A16A2722AD1E51.e.9553/click - {}
RESULT: {}
COMMAND: GET /session/2332ccd2e8bcc895b03cacebcf8e3681/screenshot - {}
RESULT: {}
COMMAND: POST /session/2332ccd2e8bcc895b03cacebcf8e3681/element - {"using":"xpath","value":"(//span[contains(text(), \"Additional Addresses\")])[1]"}
RESULT: {"using":"xpath","value":"(//span[contains(text(), \"Additional Addresses\")])[1]"}
COMMAND: POST /session/2332ccd2e8bcc895b03cacebcf8e3681/element/f.B01AE492A9312D985D5F46C9A0123422.d.54CDDE11E7C60380E8A16A2722AD1E51.e.9556/click - {}
RESULT: {}
COMMAND: GET /session/2332ccd2e8bcc895b03cacebcf8e3681/screenshot - {}
RESULT: {}
COMMAND: POST /session/2332ccd2e8bcc895b03cacebcf8e3681/execute/async - {"script":"<script> [1562 bytes]","args":[{"selector":{"controlType":"sap.m.Title","viewName":"etm.portal.ui.managecontracts.view.Detail","properties":{"text":"Contract Items (2)"}},"wdio_ui5_key":"etmportal.ui.managecontracts.view.Detailsap.m.Title{\"text\":\"Contract Items (2)\"}"}]}
RESULT: {"script":"<script> [1562 bytes]","args":[{"selector":{"controlType":"sap.m.Title","viewName":"etm.portal.ui.managecontracts.view.Detail","properties":{"text":"Contract Items (2)"}},"wdio_ui5_key":"etmportal.ui.managecontracts.view.Detailsap.m.Title{\"text\":\"Contract Items (2)\"}"}]}
RESULT: undefined
COMMAND: POST /session/2332ccd2e8bcc895b03cacebcf8e3681/execute/async - {"script":"<script> [6424 bytes]","args":[{"element-6066-11e4-a52e-4f735466cecf":"f.B01AE492A9312D985D5F46C9A0123422.d.54CDDE11E7C60380E8A16A2722AD1E51.e.9558"},"getText",[]]}
RESULT: {"script":"<script> [6424 bytes]","args":[{"element-6066-11e4-a52e-4f735466cecf":"f.B01AE492A9312D985D5F46C9A0123422.d.54CDDE11E7C60380E8A16A2722AD1E51.e.9558"},"getText",[]]}
COMMAND: POST /session/2332ccd2e8bcc895b03cacebcf8e3681/element - {"using":"xpath","value":"(//span[contains(@class ,\"sapMObjStatusText\")])[1]"}
RESULT: {"using":"xpath","value":"(//span[contains(@class ,\"sapMObjStatusText\")])[1]"}
COMMAND: GET /session/2332ccd2e8bcc895b03cacebcf8e3681/element/f.B01AE492A9312D985D5F46C9A0123422.d.54CDDE11E7C60380E8A16A2722AD1E51.e.9559/text - {}
RESULT: {}
COMMAND: POST /session/2332ccd2e8bcc895b03cacebcf8e3681/element - {"using":"xpath","value":"(//span[contains(@class ,\"sapMObjStatusText\")])[4]"}
RESULT: {"using":"xpath","value":"(//span[contains(@class ,\"sapMObjStatusText\")])[4]"}
COMMAND: GET /session/2332ccd2e8bcc895b03cacebcf8e3681/element/f.B01AE492A9312D985D5F46C9A0123422.d.54CDDE11E7C60380E8A16A2722AD1E51.e.9560/text - {}
RESULT: {}
COMMAND: POST /session/2332ccd2e8bcc895b03cacebcf8e3681/element - {"using":"css selector","value":"#shell-header-logo"}
RESULT: {"using":"css selector","value":"#shell-header-logo"}
COMMAND: POST /session/2332ccd2e8bcc895b03cacebcf8e3681/element/f.B01AE492A9312D985D5F46C9A0123422.d.54CDDE11E7C60380E8A16A2722AD1E51.e.8990/click - {}
RESULT: {}
COMMAND: GET /session/2332ccd2e8bcc895b03cacebcf8e3681/screenshot - {}
RESULT: {}
]]></system-out>
    </testcase>
  </testsuite>
  <testsuite timestamp="2025-04-28T18:11:07" time="159.19" tests="2" failures="2" errors="2" skipped="0">
    <properties>
      <property name="specId" value="0" />
      <property name="suiteName" value="Reduced contract US151275" />
      <property name="capabilities" value="chrome.135_0_7049_96.windows" />
      <property name="file" value="file:///D:/a/1/s/test/specs/R2C/reduced-contract-creation.spec.js" />
    </properties>
  </testsuite>
  <testsuite timestamp="2025-04-28T18:13:46" time="4.86" tests="1" failures="1" errors="1" skipped="0">
    <properties>
      <property name="specId" value="0" />
      <property name="suiteName" value="E2E - Logistical and commercial statuses" />
      <property name="capabilities" value="chrome.135_0_7049_96.windows" />
      <property name="file" value="file:///D:/a/1/s/test/specs/R2C/E2E-Logistical-and-commercial-status.spec.js" />
    </properties>
  </testsuite>
</testsuites>