<?xml version="1.0" encoding="UTF-8"?>
<testsuites tests="7" failures="3" errors="3" skipped="0">
  <testsuite timestamp="2025-05-30T15:28:09" time="779.649" tests="7" failures="3" errors="3" skipped="0">
    <properties>
      <property name="specId" value="0"/>
      <property name="suiteName" value="Related resources for groups US139107"/>
      <property name="capabilities" value="chrome.136_0_7103_93.windows"/>
      <property name="file" value="file:///D:/a/1/s/test/specs/R2C/related-resources-area-rpg.spec.js"/>
    </properties>
    <testcase classname="chrome.136_0_7103_93.windows.Related_resources_for_groups_US139107" name="Should create a new yard" time="146.381">
      <system-out><![CDATA[
COMMAND: POST /session/ebb1ebc954cbf4812ba04499f591c499/execute/async - {"script":"<script> [1562 bytes]","args":[{"selector":{"controlType":"sap.m.GenericTile","properties":{"header":"Manage Yards"}},"wdio_ui5_key":"sapm.GenericTile{\"header\":\"Manage Yards\"}"}]}
RESULT: {"script":"<script> [1562 bytes]","args":[{"selector":{"controlType":"sap.m.GenericTile","properties":{"header":"Manage Yards"}},"wdio_ui5_key":"sapm.GenericTile{\"header\":\"Manage Yards\"}"}]}
RESULT: undefined
COMMAND: POST /session/ebb1ebc954cbf4812ba04499f591c499/element - {"using":"xpath","value":"//*[@id=\"__tile41\"]"}
RESULT: {"using":"xpath","value":"//*[@id=\"__tile41\"]"}
COMMAND: POST /session/ebb1ebc954cbf4812ba04499f591c499/element/f.D054B36AE906BF7CE57E13973E32BBA6.d.DB8F430D0501D48948BE4592C71A824F.e.120/click - {}
RESULT: {}
COMMAND: GET /session/ebb1ebc954cbf4812ba04499f591c499/screenshot - {}
RESULT: {}
COMMAND: POST /session/ebb1ebc954cbf4812ba04499f591c499/elements - {"using":"xpath","value":"//span[text()='Error']"}
RESULT: {"using":"xpath","value":"//span[text()='Error']"}
COMMAND: POST /session/ebb1ebc954cbf4812ba04499f591c499/execute/async - {"script":"<script> [1562 bytes]","args":[{"selector":{"controlType":"sap.ui.core.Icon","viewName":"etm.portal.ui.manageyards.view.Master","viewId":"application-manageyards-display-component---masterYard","properties":{"src":{"regex":{"source":"add"}}}},"wdio_ui5_key":"etmportal.ui.manageyards.view.Mastersap.ui.core.Icon{\"src\":{\"regex\":{\"source\":\"add\"}}}"}]}
RESULT: {"script":"<script> [1562 bytes]","args":[{"selector":{"controlType":"sap.ui.core.Icon","viewName":"etm.portal.ui.manageyards.view.Master","viewId":"application-manageyards-display-component---masterYard","properties":{"src":{"regex":{"source":"add"}}}},"wdio_ui5_key":"etmportal.ui.manageyards.view.Mastersap.ui.core.Icon{\"src\":{\"regex\":{\"source\":\"add\"}}}"}]}
RESULT: undefined
COMMAND: POST /session/ebb1ebc954cbf4812ba04499f591c499/element - {"using":"xpath","value":"//*[@id=\"__button4-img\"]"}
RESULT: {"using":"xpath","value":"//*[@id=\"__button4-img\"]"}
COMMAND: POST /session/ebb1ebc954cbf4812ba04499f591c499/element/f.D054B36AE906BF7CE57E13973E32BBA6.d.DB8F430D0501D48948BE4592C71A824F.e.167/click - {}
RESULT: {}
COMMAND: GET /session/ebb1ebc954cbf4812ba04499f591c499/screenshot - {}
RESULT: {}
COMMAND: POST /session/ebb1ebc954cbf4812ba04499f591c499/execute/async - {"script":"<script> [1562 bytes]","args":[{"selector":{"id":"application-manageyards-display-component---NewYard--yardId","interaction":{"idSuffix":"inner"}},"wdio_ui5_key":"applicationmanageyards-display-component---NewYard--yardId"}]}
RESULT: {"script":"<script> [1562 bytes]","args":[{"selector":{"id":"application-manageyards-display-component---NewYard--yardId","interaction":{"idSuffix":"inner"}},"wdio_ui5_key":"applicationmanageyards-display-component---NewYard--yardId"}]}
RESULT: undefined
COMMAND: POST /session/ebb1ebc954cbf4812ba04499f591c499/element - {"using":"xpath","value":"//*[@id=\"application-manageyards-display-component---NewYard--addressDetailDetailsName1-inner\"]"}
RESULT: {"using":"xpath","value":"//*[@id=\"application-manageyards-display-component---NewYard--addressDetailDetailsName1-inner\"]"}
COMMAND: POST /session/ebb1ebc954cbf4812ba04499f591c499/element/f.D054B36AE906BF7CE57E13973E32BBA6.d.DB8F430D0501D48948BE4592C71A824F.e.381/clear - {}
RESULT: {}
COMMAND: POST /session/ebb1ebc954cbf4812ba04499f591c499/element/f.D054B36AE906BF7CE57E13973E32BBA6.d.DB8F430D0501D48948BE4592C71A824F.e.381/value - {"text":"WebdriverYardrislfg"}
COMMAND: GET /session/ebb1ebc954cbf4812ba04499f591c499/screenshot - {}
RESULT: {"text":"WebdriverYardrislfg"}
COMMAND: POST /session/ebb1ebc954cbf4812ba04499f591c499/element - {"using":"xpath","value":"//*[@id=\"application-manageyards-display-component---NewYard--addressDetailDetailsLanguage-inner\"]"}
COMMAND: GET /session/ebb1ebc954cbf4812ba04499f591c499/screenshot - {}
RESULT: {}
RESULT: {"using":"xpath","value":"//*[@id=\"application-manageyards-display-component---NewYard--addressDetailDetailsLanguage-inner\"]"}
COMMAND: POST /session/ebb1ebc954cbf4812ba04499f591c499/element/f.D054B36AE906BF7CE57E13973E32BBA6.d.DB8F430D0501D48948BE4592C71A824F.e.382/clear - {}
RESULT: {}
RESULT: {}
COMMAND: POST /session/ebb1ebc954cbf4812ba04499f591c499/element/f.D054B36AE906BF7CE57E13973E32BBA6.d.DB8F430D0501D48948BE4592C71A824F.e.382/value - {"text":"Romanian"}
COMMAND: GET /session/ebb1ebc954cbf4812ba04499f591c499/screenshot - {}
RESULT: {"text":"Romanian"}
COMMAND: POST /session/ebb1ebc954cbf4812ba04499f591c499/element - {"using":"xpath","value":"//input[contains(@id ,\"application-manageyards-display-component---NewYard--addressDetailDetailsName1-inner\")]"}
RESULT: {}
RESULT: {"using":"xpath","value":"//input[contains(@id ,\"application-manageyards-display-component---NewYard--addressDetailDetailsName1-inner\")]"}
COMMAND: GET /session/ebb1ebc954cbf4812ba04499f591c499/element/f.D054B36AE906BF7CE57E13973E32BBA6.d.DB8F430D0501D48948BE4592C71A824F.e.381/property/value - {}
COMMAND: GET /session/ebb1ebc954cbf4812ba04499f591c499/screenshot - {}
RESULT: {}
RESULT: {}
COMMAND: GET /session/ebb1ebc954cbf4812ba04499f591c499/screenshot - {}
RESULT: {}
COMMAND: POST /session/ebb1ebc954cbf4812ba04499f591c499/element - {"using":"xpath","value":"//*[@id=\"application-manageyards-display-component---NewYard--addressDetailDetailsCity1-inner\"]"}
RESULT: {"using":"xpath","value":"//*[@id=\"application-manageyards-display-component---NewYard--addressDetailDetailsCity1-inner\"]"}
COMMAND: POST /session/ebb1ebc954cbf4812ba04499f591c499/element/f.D054B36AE906BF7CE57E13973E32BBA6.d.DB8F430D0501D48948BE4592C71A824F.e.384/clear - {}
RESULT: {}
COMMAND: POST /session/ebb1ebc954cbf4812ba04499f591c499/element/f.D054B36AE906BF7CE57E13973E32BBA6.d.DB8F430D0501D48948BE4592C71A824F.e.384/value - {"text":"Bucuresti"}
COMMAND: GET /session/ebb1ebc954cbf4812ba04499f591c499/screenshot - {}
RESULT: {"text":"Bucuresti"}
COMMAND: GET /session/ebb1ebc954cbf4812ba04499f591c499/screenshot - {}
RESULT: {}
RESULT: {}
COMMAND: POST /session/ebb1ebc954cbf4812ba04499f591c499/element - {"using":"xpath","value":"//*[@id=\"application-manageyards-display-component---NewYard--addressDetailDetailsCountry-inner\"]"}
RESULT: {"using":"xpath","value":"//*[@id=\"application-manageyards-display-component---NewYard--addressDetailDetailsCountry-inner\"]"}
COMMAND: POST /session/ebb1ebc954cbf4812ba04499f591c499/element/f.D054B36AE906BF7CE57E13973E32BBA6.d.DB8F430D0501D48948BE4592C71A824F.e.388/clear - {}
RESULT: {}
COMMAND: POST /session/ebb1ebc954cbf4812ba04499f591c499/element/f.D054B36AE906BF7CE57E13973E32BBA6.d.DB8F430D0501D48948BE4592C71A824F.e.388/value - {"text":"Romania"}
COMMAND: GET /session/ebb1ebc954cbf4812ba04499f591c499/screenshot - {}
RESULT: {"text":"Romania"}
COMMAND: GET /session/ebb1ebc954cbf4812ba04499f591c499/screenshot - {}
RESULT: {}
COMMAND: POST /session/ebb1ebc954cbf4812ba04499f591c499/element - {"using":"xpath","value":"//div[contains(text(), \"Commercial\")]"}
RESULT: {}
RESULT: {"using":"xpath","value":"//div[contains(text(), \"Commercial\")]"}
COMMAND: GET /session/ebb1ebc954cbf4812ba04499f591c499/element/f.D054B36AE906BF7CE57E13973E32BBA6.d.DB8F430D0501D48948BE4592C71A824F.e.575/rect - {}
RESULT: {}
COMMAND: GET /session/ebb1ebc954cbf4812ba04499f591c499/window/rect - {}
RESULT: {}
COMMAND: POST /session/ebb1ebc954cbf4812ba04499f591c499/execute/sync - {"script":"<script> [92 bytes]","args":[]}
RESULT: {"script":"<script> [92 bytes]","args":[]}
COMMAND: POST /session/ebb1ebc954cbf4812ba04499f591c499/actions - {"actions":[{"id":"action1","type":"wheel","parameters":{},"actions":[{"type":"scroll","x":-1841,"y":-44,"deltaX":0,"deltaY":0,"duration":0,"origin":{"element-6066-11e4-a52e-4f735466cecf":"f.D054B36AE906BF7CE57E13973E32BBA6.d.DB8F430D0501D48948BE4592C71A824F.e.575"}}]}]}
COMMAND: GET /session/ebb1ebc954cbf4812ba04499f591c499/screenshot - {}
RESULT: {}
COMMAND: POST /session/ebb1ebc954cbf4812ba04499f591c499/execute/sync - {"script":"<script> [79 bytes]","args":[{"element-6066-11e4-a52e-4f735466cecf":"f.D054B36AE906BF7CE57E13973E32BBA6.d.DB8F430D0501D48948BE4592C71A824F.e.575","ELEMENT":"f.D054B36AE906BF7CE57E13973E32BBA6.d.DB8F430D0501D48948BE4592C71A824F.e.575"},{"block":"start","inline":"nearest"}]}
RESULT: {"script":"<script> [79 bytes]","args":[{"element-6066-11e4-a52e-4f735466cecf":"f.D054B36AE906BF7CE57E13973E32BBA6.d.DB8F430D0501D48948BE4592C71A824F.e.575","ELEMENT":"f.D054B36AE906BF7CE57E13973E32BBA6.d.DB8F430D0501D48948BE4592C71A824F.e.575"},{"block":"start","inline":"nearest"}]}
COMMAND: GET /session/ebb1ebc954cbf4812ba04499f591c499/screenshot - {}
COMMAND: POST /session/ebb1ebc954cbf4812ba04499f591c499/execute/async - {"script":"<script> [1562 bytes]","args":[{"selector":{"id":"application-manageyards-display-component---NewYard--addressEditDetailsCostObjectCstType-arrow"},"wdio_ui5_key":"applicationmanageyards-display-component---NewYard--addressEditDetailsCostObjectCstType-arrow"}]}
RESULT: {}
RESULT: {"script":"<script> [1562 bytes]","args":[{"selector":{"id":"application-manageyards-display-component---NewYard--addressEditDetailsCostObjectCstType-arrow"},"wdio_ui5_key":"applicationmanageyards-display-component---NewYard--addressEditDetailsCostObjectCstType-arrow"}]}
RESULT: undefined
COMMAND: POST /session/ebb1ebc954cbf4812ba04499f591c499/element - {"using":"xpath","value":"//*[@id=\"application-manageyards-display-component---NewYard--addressEditDetailsCostObjectCstType-arrow\"]"}
RESULT: {"using":"xpath","value":"//*[@id=\"application-manageyards-display-component---NewYard--addressEditDetailsCostObjectCstType-arrow\"]"}
COMMAND: POST /session/ebb1ebc954cbf4812ba04499f591c499/element/f.D054B36AE906BF7CE57E13973E32BBA6.d.DB8F430D0501D48948BE4592C71A824F.e.583/click - {}
RESULT: {}
COMMAND: POST /session/ebb1ebc954cbf4812ba04499f591c499/element - {"using":"xpath","value":"//span[contains(text(), \"Cost Center\")]"}
COMMAND: GET /session/ebb1ebc954cbf4812ba04499f591c499/screenshot - {}
RESULT: {"using":"xpath","value":"//span[contains(text(), \"Cost Center\")]"}
COMMAND: POST /session/ebb1ebc954cbf4812ba04499f591c499/element/f.D054B36AE906BF7CE57E13973E32BBA6.d.DB8F430D0501D48948BE4592C71A824F.e.584/click - {}
RESULT: {}
RESULT: {}
COMMAND: GET /session/ebb1ebc954cbf4812ba04499f591c499/screenshot - {}
RESULT: {}
COMMAND: POST /session/ebb1ebc954cbf4812ba04499f591c499/execute/async - {"script":"<script> [1562 bytes]","args":[{"selector":{"id":"application-manageyards-display-component---NewYard--addressNewCostObjectCstID-vhi"},"wdio_ui5_key":"applicationmanageyards-display-component---NewYard--addressNewCostObjectCstID-vhi"}]}
RESULT: {"script":"<script> [1562 bytes]","args":[{"selector":{"id":"application-manageyards-display-component---NewYard--addressNewCostObjectCstID-vhi"},"wdio_ui5_key":"applicationmanageyards-display-component---NewYard--addressNewCostObjectCstID-vhi"}]}
RESULT: undefined
COMMAND: POST /session/ebb1ebc954cbf4812ba04499f591c499/element - {"using":"xpath","value":"//*[@id=\"application-manageyards-display-component---NewYard--addressNewCostObjectCstID-vhi\"]"}
RESULT: {"using":"xpath","value":"//*[@id=\"application-manageyards-display-component---NewYard--addressNewCostObjectCstID-vhi\"]"}
COMMAND: POST /session/ebb1ebc954cbf4812ba04499f591c499/element/f.D054B36AE906BF7CE57E13973E32BBA6.d.DB8F430D0501D48948BE4592C71A824F.e.588/click - {}
RESULT: {}
COMMAND: GET /session/ebb1ebc954cbf4812ba04499f591c499/screenshot - {}
RESULT: {}
COMMAND: POST /session/ebb1ebc954cbf4812ba04499f591c499/execute/async - {"script":"<script> [1562 bytes]","args":[{"selector":{"controlType":"sap.m.SearchField","properties":{"placeholder":"Search"},"searchOpenDialogs":true,"interaction":{"idSuffix":"I"}},"wdio_ui5_key":"sapm.SearchField{\"placeholder\":\"Search\"}"}]}
RESULT: {"script":"<script> [1562 bytes]","args":[{"selector":{"controlType":"sap.m.SearchField","properties":{"placeholder":"Search"},"searchOpenDialogs":true,"interaction":{"idSuffix":"I"}},"wdio_ui5_key":"sapm.SearchField{\"placeholder\":\"Search\"}"}]}
RESULT: undefined
COMMAND: POST /session/ebb1ebc954cbf4812ba04499f591c499/execute/async - {"script":"<script> [776 bytes]","args":[{"enterText":"10001013","selector":{"controlType":"sap.m.SearchField","properties":{"placeholder":"Search"},"searchOpenDialogs":true,"interaction":{"idSuffix":"I"}},"clearTextFirst":true,"interactionType":"ENTER_TEXT"}]}
RESULT: {"script":"<script> [776 bytes]","args":[{"enterText":"10001013","selector":{"controlType":"sap.m.SearchField","properties":{"placeholder":"Search"},"searchOpenDialogs":true,"interaction":{"idSuffix":"I"}},"clearTextFirst":true,"interactionType":"ENTER_TEXT"}]}
COMMAND: POST /session/ebb1ebc954cbf4812ba04499f591c499/actions - {"actions":[{"id":"action2","type":"key","parameters":{},"actions":[{"type":"keyDown","value":""},{"type":"pause","duration":10},{"type":"keyUp","value":""}]}]}
RESULT: {"actions":[{"id":"action2","type":"key","parameters":{},"actions":[{"type":"keyDown","value":""},{"type":"pause","duration":10},{"type":"keyUp","value":""}]}]}
COMMAND: GET /session/ebb1ebc954cbf4812ba04499f591c499/screenshot - {}
RESULT: {}
COMMAND: POST /session/ebb1ebc954cbf4812ba04499f591c499/element - {"using":"xpath","value":"//span[contains(text(), \"General Management\")]"}
RESULT: {"using":"xpath","value":"//span[contains(text(), \"General Management\")]"}
COMMAND: POST /session/ebb1ebc954cbf4812ba04499f591c499/element/f.D054B36AE906BF7CE57E13973E32BBA6.d.DB8F430D0501D48948BE4592C71A824F.e.629/click - {}
RESULT: {}
COMMAND: GET /session/ebb1ebc954cbf4812ba04499f591c499/screenshot - {}
RESULT: {}
COMMAND: POST /session/ebb1ebc954cbf4812ba04499f591c499/element - {"using":"xpath","value":"//bdi[contains(text(), \"OK\")]"}
RESULT: {"using":"xpath","value":"//bdi[contains(text(), \"OK\")]"}
COMMAND: POST /session/ebb1ebc954cbf4812ba04499f591c499/element/f.D054B36AE906BF7CE57E13973E32BBA6.d.DB8F430D0501D48948BE4592C71A824F.e.630/click - {}
RESULT: {}
COMMAND: GET /session/ebb1ebc954cbf4812ba04499f591c499/screenshot - {}
RESULT: {}
COMMAND: POST /session/ebb1ebc954cbf4812ba04499f591c499/execute/async - {"script":"<script> [1562 bytes]","args":[{"selector":{"controlType":"sap.m.Button","viewName":"etm.portal.ui.manageyards.view.New","viewId":"application-manageyards-display-component---NewYard","i18NText":{"propertyName":"text","key":"save"},"interaction":{"idSuffix":"inner"}},"wdio_ui5_key":"etmportal.ui.manageyards.view.Newsap.m.Button{\"propertyName\":\"text\",\"key\":\"save\"}"}]}
RESULT: {"script":"<script> [1562 bytes]","args":[{"selector":{"controlType":"sap.m.Button","viewName":"etm.portal.ui.manageyards.view.New","viewId":"application-manageyards-display-component---NewYard","i18NText":{"propertyName":"text","key":"save"},"interaction":{"idSuffix":"inner"}},"wdio_ui5_key":"etmportal.ui.manageyards.view.Newsap.m.Button{\"propertyName\":\"text\",\"key\":\"save\"}"}]}
RESULT: undefined
COMMAND: POST /session/ebb1ebc954cbf4812ba04499f591c499/element - {"using":"xpath","value":"//*[@id=\"__button18\"]"}
RESULT: {"using":"xpath","value":"//*[@id=\"__button18\"]"}
COMMAND: POST /session/ebb1ebc954cbf4812ba04499f591c499/element/f.D054B36AE906BF7CE57E13973E32BBA6.d.DB8F430D0501D48948BE4592C71A824F.e.555/click - {}
RESULT: {}
COMMAND: GET /session/ebb1ebc954cbf4812ba04499f591c499/screenshot - {}
RESULT: {}
COMMAND: POST /session/ebb1ebc954cbf4812ba04499f591c499/element - {"using":"xpath","value":"//header/div/div[2]/div[2]/span"}
RESULT: {"using":"xpath","value":"//header/div/div[2]/div[2]/span"}
COMMAND: GET /session/ebb1ebc954cbf4812ba04499f591c499/element/f.D054B36AE906BF7CE57E13973E32BBA6.d.DB8F430D0501D48948BE4592C71A824F.e.825/text - {}
RESULT: {}
COMMAND: POST /session/ebb1ebc954cbf4812ba04499f591c499/execute/async - {"script":"<script> [1562 bytes]","args":[{"selector":{"controlType":"sap.m.OverflowToolbarButton","viewName":"etm.portal.ui.manageyards.view.Detail","viewId":"application-manageyards-display-component---detailYard","i18NText":{"propertyName":"tooltip","key":"closeColumn"},"interaction":{"idSuffix":"inner"}},"wdio_ui5_key":"etmportal.ui.manageyards.view.Detailsap.m.OverflowToolbarButton{\"propertyName\":\"tooltip\",\"key\":\"closeColumn\"}"}]}
RESULT: {"script":"<script> [1562 bytes]","args":[{"selector":{"controlType":"sap.m.OverflowToolbarButton","viewName":"etm.portal.ui.manageyards.view.Detail","viewId":"application-manageyards-display-component---detailYard","i18NText":{"propertyName":"tooltip","key":"closeColumn"},"interaction":{"idSuffix":"inner"}},"wdio_ui5_key":"etmportal.ui.manageyards.view.Detailsap.m.OverflowToolbarButton{\"propertyName\":\"tooltip\",\"key\":\"closeColumn\"}"}]}
RESULT: undefined
COMMAND: POST /session/ebb1ebc954cbf4812ba04499f591c499/element - {"using":"xpath","value":"//*[@id=\"__button42\"]"}
RESULT: {"using":"xpath","value":"//*[@id=\"__button42\"]"}
COMMAND: POST /session/ebb1ebc954cbf4812ba04499f591c499/element/f.D054B36AE906BF7CE57E13973E32BBA6.d.DB8F430D0501D48948BE4592C71A824F.e.827/click - {}
RESULT: {}
COMMAND: GET /session/ebb1ebc954cbf4812ba04499f591c499/screenshot - {}
RESULT: {}
COMMAND: POST /session/ebb1ebc954cbf4812ba04499f591c499/element - {"using":"css selector","value":"#shell-header-logo"}
RESULT: {"using":"css selector","value":"#shell-header-logo"}
COMMAND: POST /session/ebb1ebc954cbf4812ba04499f591c499/element/f.D054B36AE906BF7CE57E13973E32BBA6.d.DB8F430D0501D48948BE4592C71A824F.e.122/click - {}
RESULT: {}
COMMAND: GET /session/ebb1ebc954cbf4812ba04499f591c499/screenshot - {}
RESULT: {}
COMMAND: POST /session/ebb1ebc954cbf4812ba04499f591c499/refresh - {}
RESULT: {}
COMMAND: GET /session/ebb1ebc954cbf4812ba04499f591c499/screenshot - {}
RESULT: {}
COMMAND: POST /session/ebb1ebc954cbf4812ba04499f591c499/execute/async - {"script":"<script> [189 bytes]","args":[]}
RESULT: {"script":"<script> [189 bytes]","args":[]}
COMMAND: POST /session/ebb1ebc954cbf4812ba04499f591c499/execute/async - {"script":"<script> [123 bytes]","args":[]}
RESULT: {"script":"<script> [123 bytes]","args":[]}
COMMAND: POST /session/ebb1ebc954cbf4812ba04499f591c499/timeouts - {"script":"<number>"}
RESULT: {"script":"<number>"}
COMMAND: GET /session/ebb1ebc954cbf4812ba04499f591c499/timeouts - {}
RESULT: {}
RESULT: undefined
COMMAND: POST /session/ebb1ebc954cbf4812ba04499f591c499/execute/async - {"script":"<script> [2676 bytes]","args":[]}
RESULT: {"script":"<script> [2676 bytes]","args":[]}
COMMAND: POST /session/ebb1ebc954cbf4812ba04499f591c499/execute/async - {"script":"<script> [2342 bytes]","args":[{"protocol":"http","hostname":"0.0.0.0","path":"/","capabilities":{"browserName":"chrome","goog:chromeOptions":{"binary":"C:\\Program Files\\Google\\Chrome\\Application\\chrome.exe","args":["--start-maximized"]}},"logLevel":"warn","connectionRetryTimeout":120000,"connectionRetryCount":3,"logLevels":{},"enableDirectConnect":true,"strictSSL":true,"_":"65 more keys: [\"cacheDir\",\"port\",\"requestedCapabilities\",\"automationProtocol\",\"baseUrl\",\"waitforInterval\",\"waitforTimeout\",\"onReload\",\"beforeCommand\",\"afterCommand\",\"rootDir\",\"specs\",\"suites\",\"exclude\",\"groupLogsByTestSpec\",\"excludeDriverLogs\",\"bail\",\"framework\",\"reporters\",\"services\",\"maxInstances\",\"maxInstancesPerCapability\",\"injectGlobals\",\"filesToWatch\",\"execArgv\",\"runnerEnv\",\"runner\",\"shard\",\"specFileRetries\",\"specFileRetriesDelay\",\"specFileRetriesDeferred\",\"reporterSyncInterval\",\"reporterSyncTimeout\",\"cucumberFeaturesWithLineNumbers\",\"autoCompileOpts\",\"mochaOpts\",\"jasmineOpts\",\"cucumberOpts\",\"onPrepare\",\"onWorkerStart\",\"onWorkerEnd\",\"before\",\"beforeSession\",\"beforeSuite\",\"beforeHook\",\"beforeTest\",\"afterTest\",\"afterHook\",\"afterSuite\",\"afterSession\",\"after\",\"onComplete\",\"beforeAssertion\",\"afterAssertion\",\"beforeFeature\",\"beforeScenario\",\"beforeStep\",\"afterStep\",\"afterScenario\",\"afterFeature\",\"_\",\"suite\",\"$0\",\"ignoredWorkerServices\",\"wdi5\"]"}]}
RESULT: {"script":"<script> [2342 bytes]","args":[{"protocol":"http","hostname":"0.0.0.0","path":"/","capabilities":{"browserName":"chrome","goog:chromeOptions":{"binary":"C:\\Program Files\\Google\\Chrome\\Application\\chrome.exe","args":["--start-maximized"]}},"logLevel":"warn","connectionRetryTimeout":120000,"connectionRetryCount":3,"logLevels":{},"enableDirectConnect":true,"strictSSL":true,"_":"65 more keys: [\"cacheDir\",\"port\",\"requestedCapabilities\",\"automationProtocol\",\"baseUrl\",\"waitforInterval\",\"waitforTimeout\",\"onReload\",\"beforeCommand\",\"afterCommand\",\"rootDir\",\"specs\",\"suites\",\"exclude\",\"groupLogsByTestSpec\",\"excludeDriverLogs\",\"bail\",\"framework\",\"reporters\",\"services\",\"maxInstances\",\"maxInstancesPerCapability\",\"injectGlobals\",\"filesToWatch\",\"execArgv\",\"runnerEnv\",\"runner\",\"shard\",\"specFileRetries\",\"specFileRetriesDelay\",\"specFileRetriesDeferred\",\"reporterSyncInterval\",\"reporterSyncTimeout\",\"cucumberFeaturesWithLineNumbers\",\"autoCompileOpts\",\"mochaOpts\",\"jasmineOpts\",\"cucumberOpts\",\"onPrepare\",\"onWorkerStart\",\"onWorkerEnd\",\"before\",\"beforeSession\",\"beforeSuite\",\"beforeHook\",\"beforeTest\",\"afterTest\",\"afterHook\",\"afterSuite\",\"afterSession\",\"after\",\"onComplete\",\"beforeAssertion\",\"afterAssertion\",\"beforeFeature\",\"beforeScenario\",\"beforeStep\",\"afterStep\",\"afterScenario\",\"afterFeature\",\"_\",\"suite\",\"$0\",\"ignoredWorkerServices\",\"wdi5\"]"}]}
COMMAND: POST /session/ebb1ebc954cbf4812ba04499f591c499/execute/async - {"script":"<script> [21126 bytes]","args":[35000]}
RESULT: {"script":"<script> [21126 bytes]","args":[35000]}
]]></system-out>
    </testcase>
    <testcase classname="chrome.136_0_7103_93.windows.Related_resources_for_groups_US139107" name="Should create a resource of type group" time="100.912">
      <system-out><![CDATA[
COMMAND: POST /session/ebb1ebc954cbf4812ba04499f591c499/execute/async - {"script":"<script> [1562 bytes]","args":[{"selector":{"controlType":"sap.m.GenericTile","properties":{"header":"Manage Resources"}},"wdio_ui5_key":"sapm.GenericTile{\"header\":\"Manage Resources\"}"}]}
RESULT: {"script":"<script> [1562 bytes]","args":[{"selector":{"controlType":"sap.m.GenericTile","properties":{"header":"Manage Resources"}},"wdio_ui5_key":"sapm.GenericTile{\"header\":\"Manage Resources\"}"}]}
RESULT: undefined
COMMAND: POST /session/ebb1ebc954cbf4812ba04499f591c499/element - {"using":"xpath","value":"//*[@id=\"__tile39\"]"}
RESULT: {"using":"xpath","value":"//*[@id=\"__tile39\"]"}
COMMAND: POST /session/ebb1ebc954cbf4812ba04499f591c499/element/f.D054B36AE906BF7CE57E13973E32BBA6.d.572FA4AECAE21AC517F7F82324BB3698.e.1182/click - {}
RESULT: {}
COMMAND: GET /session/ebb1ebc954cbf4812ba04499f591c499/screenshot - {}
RESULT: {}
COMMAND: POST /session/ebb1ebc954cbf4812ba04499f591c499/elements - {"using":"xpath","value":"//span[text()='Error']"}
RESULT: {"using":"xpath","value":"//span[text()='Error']"}
COMMAND: POST /session/ebb1ebc954cbf4812ba04499f591c499/element - {"using":"xpath","value":"//button[@data-kt=\"addNewRUOverflowToolbarButton\"]"}
RESULT: {"using":"xpath","value":"//button[@data-kt=\"addNewRUOverflowToolbarButton\"]"}
COMMAND: POST /session/ebb1ebc954cbf4812ba04499f591c499/execute/sync - {"script":"<script> [8489 bytes]","args":[{"element-6066-11e4-a52e-4f735466cecf":"f.D054B36AE906BF7CE57E13973E32BBA6.d.572FA4AECAE21AC517F7F82324BB3698.e.1329","ELEMENT":"f.D054B36AE906BF7CE57E13973E32BBA6.d.572FA4AECAE21AC517F7F82324BB3698.e.1329"}]}
RESULT: {"script":"<script> [8489 bytes]","args":[{"element-6066-11e4-a52e-4f735466cecf":"f.D054B36AE906BF7CE57E13973E32BBA6.d.572FA4AECAE21AC517F7F82324BB3698.e.1329","ELEMENT":"f.D054B36AE906BF7CE57E13973E32BBA6.d.572FA4AECAE21AC517F7F82324BB3698.e.1329"}]}
COMMAND: POST /session/ebb1ebc954cbf4812ba04499f591c499/element/f.D054B36AE906BF7CE57E13973E32BBA6.d.572FA4AECAE21AC517F7F82324BB3698.e.1329/click - {}
COMMAND: GET /session/ebb1ebc954cbf4812ba04499f591c499/screenshot - {}
RESULT: {}
COMMAND: GET /session/ebb1ebc954cbf4812ba04499f591c499/screenshot - {}
COMMAND: POST /session/ebb1ebc954cbf4812ba04499f591c499/execute/async - {"script":"<script> [1562 bytes]","args":[{"selector":{"id":"application-manageresources-display-component---newResourceUnit--TYPE-arrow"},"wdio_ui5_key":"applicationmanageresources-display-component---newResourceUnit--TYPE-arrow"}]}
RESULT: {}
RESULT: {}
RESULT: {"script":"<script> [1562 bytes]","args":[{"selector":{"id":"application-manageresources-display-component---newResourceUnit--TYPE-arrow"},"wdio_ui5_key":"applicationmanageresources-display-component---newResourceUnit--TYPE-arrow"}]}
RESULT: undefined
COMMAND: POST /session/ebb1ebc954cbf4812ba04499f591c499/element - {"using":"xpath","value":"//*[@id=\"application-manageresources-display-component---newResourceUnit--TYPE-arrow\"]"}
RESULT: {"using":"xpath","value":"//*[@id=\"application-manageresources-display-component---newResourceUnit--TYPE-arrow\"]"}
COMMAND: POST /session/ebb1ebc954cbf4812ba04499f591c499/element/f.D054B36AE906BF7CE57E13973E32BBA6.d.572FA4AECAE21AC517F7F82324BB3698.e.1537/click - {}
RESULT: {}
COMMAND: POST /session/ebb1ebc954cbf4812ba04499f591c499/execute/async - {"script":"<script> [1562 bytes]","args":[{"selector":{"controlType":"sap.m.StandardListItem","viewName":"reusables.view.manageresources.NewResourceUnit","viewId":"application-manageresources-display-component---newResourceUnit","properties":{"title":"Group"},"searchOpenDialogs":true,"interaction":{"idSuffix":"content"}},"wdio_ui5_key":"reusablesview.manageresources.NewResourceUnitsap.m.StandardListItem{\"title\":\"Group\"}"}]}
COMMAND: GET /session/ebb1ebc954cbf4812ba04499f591c499/screenshot - {}
RESULT: {"script":"<script> [1562 bytes]","args":[{"selector":{"controlType":"sap.m.StandardListItem","viewName":"reusables.view.manageresources.NewResourceUnit","viewId":"application-manageresources-display-component---newResourceUnit","properties":{"title":"Group"},"searchOpenDialogs":true,"interaction":{"idSuffix":"content"}},"wdio_ui5_key":"reusablesview.manageresources.NewResourceUnitsap.m.StandardListItem{\"title\":\"Group\"}"}]}
RESULT: undefined
COMMAND: POST /session/ebb1ebc954cbf4812ba04499f591c499/element - {"using":"xpath","value":"//*[@id=\"__item154\"]"}
RESULT: {}
RESULT: {"using":"xpath","value":"//*[@id=\"__item154\"]"}
COMMAND: POST /session/ebb1ebc954cbf4812ba04499f591c499/element/f.D054B36AE906BF7CE57E13973E32BBA6.d.572FA4AECAE21AC517F7F82324BB3698.e.1540/click - {}
RESULT: {}
COMMAND: GET /session/ebb1ebc954cbf4812ba04499f591c499/screenshot - {}
RESULT: {}
COMMAND: POST /session/ebb1ebc954cbf4812ba04499f591c499/execute/async - {"script":"<script> [1562 bytes]","args":[{"selector":{"id":"application-manageresources-display-component---newResourceUnit--SHORT_TEXT","interaction":{"idSuffix":"inner"}},"wdio_ui5_key":"applicationmanageresources-display-component---newResourceUnit--SHORT_TEXT"}]}
RESULT: {"script":"<script> [1562 bytes]","args":[{"selector":{"id":"application-manageresources-display-component---newResourceUnit--SHORT_TEXT","interaction":{"idSuffix":"inner"}},"wdio_ui5_key":"applicationmanageresources-display-component---newResourceUnit--SHORT_TEXT"}]}
RESULT: undefined
COMMAND: POST /session/ebb1ebc954cbf4812ba04499f591c499/execute/async - {"script":"<script> [776 bytes]","args":[{"enterText":"WdIORUGroup22bjr","selector":{"id":"application-manageresources-display-component---newResourceUnit--SHORT_TEXT","interaction":{"idSuffix":"inner"}},"clearTextFirst":true,"interactionType":"ENTER_TEXT"}]}
RESULT: {"script":"<script> [776 bytes]","args":[{"enterText":"WdIORUGroup22bjr","selector":{"id":"application-manageresources-display-component---newResourceUnit--SHORT_TEXT","interaction":{"idSuffix":"inner"}},"clearTextFirst":true,"interactionType":"ENTER_TEXT"}]}
COMMAND: POST /session/ebb1ebc954cbf4812ba04499f591c499/execute/async - {"script":"<script> [1562 bytes]","args":[{"selector":{"id":"application-manageresources-display-component---newResourceUnit--BASE_UNIT_OF_MEASURE","interaction":{"idSuffix":"inner"}},"wdio_ui5_key":"applicationmanageresources-display-component---newResourceUnit--BASE_UNIT_OF_MEASURE"}]}
RESULT: {"script":"<script> [1562 bytes]","args":[{"selector":{"id":"application-manageresources-display-component---newResourceUnit--BASE_UNIT_OF_MEASURE","interaction":{"idSuffix":"inner"}},"wdio_ui5_key":"applicationmanageresources-display-component---newResourceUnit--BASE_UNIT_OF_MEASURE"}]}
RESULT: undefined
COMMAND: POST /session/ebb1ebc954cbf4812ba04499f591c499/execute/async - {"script":"<script> [776 bytes]","args":[{"enterText":"Piece","selector":{"id":"application-manageresources-display-component---newResourceUnit--BASE_UNIT_OF_MEASURE","interaction":{"idSuffix":"inner"}},"clearTextFirst":true,"interactionType":"ENTER_TEXT"}]}
RESULT: {"script":"<script> [776 bytes]","args":[{"enterText":"Piece","selector":{"id":"application-manageresources-display-component---newResourceUnit--BASE_UNIT_OF_MEASURE","interaction":{"idSuffix":"inner"}},"clearTextFirst":true,"interactionType":"ENTER_TEXT"}]}
COMMAND: POST /session/ebb1ebc954cbf4812ba04499f591c499/execute/async - {"script":"<script> [1562 bytes]","args":[{"selector":{"id":"application-manageresources-display-component---newResourceUnit--newRRUPage-OPHeaderContent-collapseBtn-img"},"wdio_ui5_key":"applicationmanageresources-display-component---newResourceUnit--newRRUPage-OPHeaderContent-collapseBtn-img"}]}
RESULT: {"script":"<script> [1562 bytes]","args":[{"selector":{"id":"application-manageresources-display-component---newResourceUnit--newRRUPage-OPHeaderContent-collapseBtn-img"},"wdio_ui5_key":"applicationmanageresources-display-component---newResourceUnit--newRRUPage-OPHeaderContent-collapseBtn-img"}]}
RESULT: undefined
COMMAND: POST /session/ebb1ebc954cbf4812ba04499f591c499/element - {"using":"xpath","value":"//*[@id=\"application-manageresources-display-component---newResourceUnit--newRRUPage-OPHeaderContent-collapseBtn-img\"]"}
RESULT: {"using":"xpath","value":"//*[@id=\"application-manageresources-display-component---newResourceUnit--newRRUPage-OPHeaderContent-collapseBtn-img\"]"}
COMMAND: POST /session/ebb1ebc954cbf4812ba04499f591c499/element/f.D054B36AE906BF7CE57E13973E32BBA6.d.572FA4AECAE21AC517F7F82324BB3698.e.1549/click - {}
RESULT: {}
COMMAND: GET /session/ebb1ebc954cbf4812ba04499f591c499/screenshot - {}
RESULT: {}
COMMAND: POST /session/ebb1ebc954cbf4812ba04499f591c499/execute/async - {"script":"<script> [1562 bytes]","args":[{"selector":{"id":"application-manageresources-display-component---newResourceUnit--newRRUPage-anchBar-application-manageresources-display-component---newResourceUnit--control-anchor","interaction":{"idSuffix":"BDI-content"}},"wdio_ui5_key":"applicationmanageresources-display-component---newResourceUnit--newRRUPage-anchBar-application-manageresources-display-component---newResourceUnit--control-anchor"}]}
RESULT: {"script":"<script> [1562 bytes]","args":[{"selector":{"id":"application-manageresources-display-component---newResourceUnit--newRRUPage-anchBar-application-manageresources-display-component---newResourceUnit--control-anchor","interaction":{"idSuffix":"BDI-content"}},"wdio_ui5_key":"applicationmanageresources-display-component---newResourceUnit--newRRUPage-anchBar-application-manageresources-display-component---newResourceUnit--control-anchor"}]}
RESULT: undefined
COMMAND: POST /session/ebb1ebc954cbf4812ba04499f591c499/element - {"using":"xpath","value":"//*[@id=\"application-manageresources-display-component---newResourceUnit--newRRUPage-anchBar-application-manageresources-display-component---newResourceUnit--control-anchor\"]"}
RESULT: {"using":"xpath","value":"//*[@id=\"application-manageresources-display-component---newResourceUnit--newRRUPage-anchBar-application-manageresources-display-component---newResourceUnit--control-anchor\"]"}
COMMAND: POST /session/ebb1ebc954cbf4812ba04499f591c499/element/f.D054B36AE906BF7CE57E13973E32BBA6.d.572FA4AECAE21AC517F7F82324BB3698.e.1659/click - {}
RESULT: {}
COMMAND: POST /session/ebb1ebc954cbf4812ba04499f591c499/execute/async - {"script":"<script> [1562 bytes]","args":[{"selector":{"id":"application-manageresources-display-component---newResourceUnit--PLANNING_GROUP","interaction":{"idSuffix":"inner"}},"wdio_ui5_key":"applicationmanageresources-display-component---newResourceUnit--PLANNING_GROUP"}]}
COMMAND: GET /session/ebb1ebc954cbf4812ba04499f591c499/screenshot - {}
RESULT: {"script":"<script> [1562 bytes]","args":[{"selector":{"id":"application-manageresources-display-component---newResourceUnit--PLANNING_GROUP","interaction":{"idSuffix":"inner"}},"wdio_ui5_key":"applicationmanageresources-display-component---newResourceUnit--PLANNING_GROUP"}]}
RESULT: undefined
COMMAND: POST /session/ebb1ebc954cbf4812ba04499f591c499/execute/async - {"script":"<script> [776 bytes]","args":[{"enterText":"Heavy Equi","selector":{"id":"application-manageresources-display-component---newResourceUnit--PLANNING_GROUP","interaction":{"idSuffix":"inner"}},"clearTextFirst":true,"interactionType":"ENTER_TEXT"}]}
RESULT: {}
RESULT: {"script":"<script> [776 bytes]","args":[{"enterText":"Heavy Equi","selector":{"id":"application-manageresources-display-component---newResourceUnit--PLANNING_GROUP","interaction":{"idSuffix":"inner"}},"clearTextFirst":true,"interactionType":"ENTER_TEXT"}]}
COMMAND: POST /session/ebb1ebc954cbf4812ba04499f591c499/element - {"using":"xpath","value":"//bdi[contains(text(), \"Time Segment\")]"}
RESULT: {"using":"xpath","value":"//bdi[contains(text(), \"Time Segment\")]"}
COMMAND: GET /session/ebb1ebc954cbf4812ba04499f591c499/element/f.D054B36AE906BF7CE57E13973E32BBA6.d.572FA4AECAE21AC517F7F82324BB3698.e.1666/rect - {}
RESULT: {}
COMMAND: GET /session/ebb1ebc954cbf4812ba04499f591c499/window/rect - {}
RESULT: {}
COMMAND: POST /session/ebb1ebc954cbf4812ba04499f591c499/execute/sync - {"script":"<script> [92 bytes]","args":[]}
RESULT: {"script":"<script> [92 bytes]","args":[]}
COMMAND: POST /session/ebb1ebc954cbf4812ba04499f591c499/actions - {"actions":[{"id":"action3","type":"wheel","parameters":{},"actions":[{"type":"scroll","x":-1820,"y":-21,"deltaX":0,"deltaY":0,"duration":0,"origin":{"element-6066-11e4-a52e-4f735466cecf":"f.D054B36AE906BF7CE57E13973E32BBA6.d.572FA4AECAE21AC517F7F82324BB3698.e.1666"}}]}]}
COMMAND: GET /session/ebb1ebc954cbf4812ba04499f591c499/screenshot - {}
RESULT: {}
COMMAND: POST /session/ebb1ebc954cbf4812ba04499f591c499/execute/sync - {"script":"<script> [79 bytes]","args":[{"element-6066-11e4-a52e-4f735466cecf":"f.D054B36AE906BF7CE57E13973E32BBA6.d.572FA4AECAE21AC517F7F82324BB3698.e.1666","ELEMENT":"f.D054B36AE906BF7CE57E13973E32BBA6.d.572FA4AECAE21AC517F7F82324BB3698.e.1666"},{"block":"start","inline":"nearest"}]}
RESULT: {"script":"<script> [79 bytes]","args":[{"element-6066-11e4-a52e-4f735466cecf":"f.D054B36AE906BF7CE57E13973E32BBA6.d.572FA4AECAE21AC517F7F82324BB3698.e.1666","ELEMENT":"f.D054B36AE906BF7CE57E13973E32BBA6.d.572FA4AECAE21AC517F7F82324BB3698.e.1666"},{"block":"start","inline":"nearest"}]}
COMMAND: GET /session/ebb1ebc954cbf4812ba04499f591c499/screenshot - {}
RESULT: {}
COMMAND: POST /session/ebb1ebc954cbf4812ba04499f591c499/execute/async - {"script":"<script> [1562 bytes]","args":[{"selector":{"id":"application-manageresources-display-component---newResourceUnit--btnAddTimeSegment-img"},"wdio_ui5_key":"applicationmanageresources-display-component---newResourceUnit--btnAddTimeSegment-img"}]}
RESULT: {"script":"<script> [1562 bytes]","args":[{"selector":{"id":"application-manageresources-display-component---newResourceUnit--btnAddTimeSegment-img"},"wdio_ui5_key":"applicationmanageresources-display-component---newResourceUnit--btnAddTimeSegment-img"}]}
RESULT: undefined
COMMAND: POST /session/ebb1ebc954cbf4812ba04499f591c499/element - {"using":"xpath","value":"//*[@id=\"application-manageresources-display-component---newResourceUnit--btnAddTimeSegment-img\"]"}
RESULT: {"using":"xpath","value":"//*[@id=\"application-manageresources-display-component---newResourceUnit--btnAddTimeSegment-img\"]"}
COMMAND: POST /session/ebb1ebc954cbf4812ba04499f591c499/element/f.D054B36AE906BF7CE57E13973E32BBA6.d.572FA4AECAE21AC517F7F82324BB3698.e.1669/click - {}
RESULT: {}
COMMAND: GET /session/ebb1ebc954cbf4812ba04499f591c499/screenshot - {}
RESULT: {}
COMMAND: POST /session/ebb1ebc954cbf4812ba04499f591c499/element - {"using":"xpath","value":"//input[@id=\"application-manageresources-display-component---newResourceUnit--idRuTSAdmin-application-manageresources-display-component---newResourceUnit--RUTimeSegment-0-inner\"]"}
RESULT: {"using":"xpath","value":"//input[@id=\"application-manageresources-display-component---newResourceUnit--idRuTSAdmin-application-manageresources-display-component---newResourceUnit--RUTimeSegment-0-inner\"]"}
COMMAND: POST /session/ebb1ebc954cbf4812ba04499f591c499/element/f.D054B36AE906BF7CE57E13973E32BBA6.d.572FA4AECAE21AC517F7F82324BB3698.e.1672/clear - {}
RESULT: {}
COMMAND: POST /session/ebb1ebc954cbf4812ba04499f591c499/element/f.D054B36AE906BF7CE57E13973E32BBA6.d.572FA4AECAE21AC517F7F82324BB3698.e.1672/value - {"text":"WebdriverYardrislfg"}
COMMAND: GET /session/ebb1ebc954cbf4812ba04499f591c499/screenshot - {}
RESULT: {"text":"WebdriverYardrislfg"}
COMMAND: GET /session/ebb1ebc954cbf4812ba04499f591c499/screenshot - {}
RESULT: {}
RESULT: {}
COMMAND: POST /session/ebb1ebc954cbf4812ba04499f591c499/actions - {"actions":[{"id":"action4","type":"key","parameters":{},"actions":[{"type":"keyDown","value":""},{"type":"pause","duration":10},{"type":"keyUp","value":""}]}]}
RESULT: {"actions":[{"id":"action4","type":"key","parameters":{},"actions":[{"type":"keyDown","value":""},{"type":"pause","duration":10},{"type":"keyUp","value":""}]}]}
COMMAND: GET /session/ebb1ebc954cbf4812ba04499f591c499/screenshot - {}
RESULT: {}
COMMAND: POST /session/ebb1ebc954cbf4812ba04499f591c499/execute/async - {"script":"<script> [1562 bytes]","args":[{"selector":{"controlType":"sap.m.Button","viewName":"reusables.view.manageresources.NewResourceUnit","viewId":"application-manageresources-display-component---newResourceUnit","i18NText":{"propertyName":"tooltip","key":"save"},"interaction":{"idSuffix":"BDI-content"}},"wdio_ui5_key":"reusablesview.manageresources.NewResourceUnitsap.m.Button{\"propertyName\":\"tooltip\",\"key\":\"save\"}"}]}
RESULT: {"script":"<script> [1562 bytes]","args":[{"selector":{"controlType":"sap.m.Button","viewName":"reusables.view.manageresources.NewResourceUnit","viewId":"application-manageresources-display-component---newResourceUnit","i18NText":{"propertyName":"tooltip","key":"save"},"interaction":{"idSuffix":"BDI-content"}},"wdio_ui5_key":"reusablesview.manageresources.NewResourceUnitsap.m.Button{\"propertyName\":\"tooltip\",\"key\":\"save\"}"}]}
RESULT: undefined
COMMAND: POST /session/ebb1ebc954cbf4812ba04499f591c499/element - {"using":"xpath","value":"//*[@id=\"application-manageresources-display-component---newResourceUnit--createRuButton\"]"}
RESULT: {"using":"xpath","value":"//*[@id=\"application-manageresources-display-component---newResourceUnit--createRuButton\"]"}
COMMAND: POST /session/ebb1ebc954cbf4812ba04499f591c499/element/f.D054B36AE906BF7CE57E13973E32BBA6.d.572FA4AECAE21AC517F7F82324BB3698.e.1555/click - {}
RESULT: {}
COMMAND: GET /session/ebb1ebc954cbf4812ba04499f591c499/screenshot - {}
RESULT: {}
COMMAND: POST /session/ebb1ebc954cbf4812ba04499f591c499/execute/async - {"script":"<script> [1562 bytes]","args":[{"selector":{"controlType":"sap.m.Button","properties":{"text":"Close"},"searchOpenDialogs":true,"interaction":{"idSuffix":"inner"}},"wdio_ui5_key":"sapm.Button{\"text\":\"Close\"}"}]}
RESULT: {"script":"<script> [1562 bytes]","args":[{"selector":{"controlType":"sap.m.Button","properties":{"text":"Close"},"searchOpenDialogs":true,"interaction":{"idSuffix":"inner"}},"wdio_ui5_key":"sapm.Button{\"text\":\"Close\"}"}]}
RESULT: undefined
COMMAND: POST /session/ebb1ebc954cbf4812ba04499f591c499/element - {"using":"xpath","value":"//*[@id=\"__mbox-btn-0\"]"}
RESULT: {"using":"xpath","value":"//*[@id=\"__mbox-btn-0\"]"}
COMMAND: POST /session/ebb1ebc954cbf4812ba04499f591c499/element/f.D054B36AE906BF7CE57E13973E32BBA6.d.572FA4AECAE21AC517F7F82324BB3698.e.1680/click - {}
RESULT: {}
COMMAND: GET /session/ebb1ebc954cbf4812ba04499f591c499/screenshot - {}
RESULT: {}
COMMAND: POST /session/ebb1ebc954cbf4812ba04499f591c499/element - {"using":"css selector","value":"#shell-header-logo"}
RESULT: {"using":"css selector","value":"#shell-header-logo"}
COMMAND: POST /session/ebb1ebc954cbf4812ba04499f591c499/element/f.D054B36AE906BF7CE57E13973E32BBA6.d.572FA4AECAE21AC517F7F82324BB3698.e.1185/click - {}
RESULT: {}
COMMAND: GET /session/ebb1ebc954cbf4812ba04499f591c499/screenshot - {}
RESULT: {}
]]></system-out>
    </testcase>
    <testcase classname="chrome.136_0_7103_93.windows.Related_resources_for_groups_US139107" name="Should create first equipment and add it to the group" time="144.442">
      <system-out><![CDATA[
RESULT: undefined
COMMAND: POST /session/ebb1ebc954cbf4812ba04499f591c499/element - {"using":"xpath","value":"//*[@id=\"__tile39\"]"}
RESULT: {"using":"xpath","value":"//*[@id=\"__tile39\"]"}
COMMAND: POST /session/ebb1ebc954cbf4812ba04499f591c499/element/f.D054B36AE906BF7CE57E13973E32BBA6.d.572FA4AECAE21AC517F7F82324BB3698.e.1182/click - {}
RESULT: {}
COMMAND: GET /session/ebb1ebc954cbf4812ba04499f591c499/screenshot - {}
RESULT: {}
COMMAND: POST /session/ebb1ebc954cbf4812ba04499f591c499/elements - {"using":"xpath","value":"//span[text()='Error']"}
RESULT: {"using":"xpath","value":"//span[text()='Error']"}
COMMAND: POST /session/ebb1ebc954cbf4812ba04499f591c499/element - {"using":"xpath","value":"//button[@data-kt=\"addNewRUOverflowToolbarButton\"]"}
RESULT: {"using":"xpath","value":"//button[@data-kt=\"addNewRUOverflowToolbarButton\"]"}
COMMAND: POST /session/ebb1ebc954cbf4812ba04499f591c499/execute/sync - {"script":"<script> [8489 bytes]","args":[{"element-6066-11e4-a52e-4f735466cecf":"f.D054B36AE906BF7CE57E13973E32BBA6.d.572FA4AECAE21AC517F7F82324BB3698.e.1761","ELEMENT":"f.D054B36AE906BF7CE57E13973E32BBA6.d.572FA4AECAE21AC517F7F82324BB3698.e.1761"}]}
RESULT: {"script":"<script> [8489 bytes]","args":[{"element-6066-11e4-a52e-4f735466cecf":"f.D054B36AE906BF7CE57E13973E32BBA6.d.572FA4AECAE21AC517F7F82324BB3698.e.1761","ELEMENT":"f.D054B36AE906BF7CE57E13973E32BBA6.d.572FA4AECAE21AC517F7F82324BB3698.e.1761"}]}
COMMAND: POST /session/ebb1ebc954cbf4812ba04499f591c499/element/f.D054B36AE906BF7CE57E13973E32BBA6.d.572FA4AECAE21AC517F7F82324BB3698.e.1761/click - {}
COMMAND: GET /session/ebb1ebc954cbf4812ba04499f591c499/screenshot - {}
RESULT: {}
COMMAND: GET /session/ebb1ebc954cbf4812ba04499f591c499/screenshot - {}
RESULT: undefined
COMMAND: POST /session/ebb1ebc954cbf4812ba04499f591c499/element - {"using":"xpath","value":"//*[@id=\"application-manageresources-display-component---newResourceUnit--TYPE-arrow\"]"}
RESULT: {}
RESULT: {}
RESULT: {"using":"xpath","value":"//*[@id=\"application-manageresources-display-component---newResourceUnit--TYPE-arrow\"]"}
COMMAND: POST /session/ebb1ebc954cbf4812ba04499f591c499/element/f.D054B36AE906BF7CE57E13973E32BBA6.d.572FA4AECAE21AC517F7F82324BB3698.e.2073/click - {}
RESULT: {}
COMMAND: POST /session/ebb1ebc954cbf4812ba04499f591c499/execute/async - {"script":"<script> [1562 bytes]","args":[{"selector":{"controlType":"sap.m.StandardListItem","viewName":"reusables.view.manageresources.NewResourceUnit","viewId":"application-manageresources-display-component---newResourceUnit","properties":{"title":"Equipment"},"searchOpenDialogs":true,"interaction":{"idSuffix":"content"}},"wdio_ui5_key":"reusablesview.manageresources.NewResourceUnitsap.m.StandardListItem{\"title\":\"Equipment\"}"}]}
COMMAND: GET /session/ebb1ebc954cbf4812ba04499f591c499/screenshot - {}
RESULT: {"script":"<script> [1562 bytes]","args":[{"selector":{"controlType":"sap.m.StandardListItem","viewName":"reusables.view.manageresources.NewResourceUnit","viewId":"application-manageresources-display-component---newResourceUnit","properties":{"title":"Equipment"},"searchOpenDialogs":true,"interaction":{"idSuffix":"content"}},"wdio_ui5_key":"reusablesview.manageresources.NewResourceUnitsap.m.StandardListItem{\"title\":\"Equipment\"}"}]}
RESULT: undefined
COMMAND: POST /session/ebb1ebc954cbf4812ba04499f591c499/element - {"using":"xpath","value":"//*[@id=\"__item770\"]"}
RESULT: {}
RESULT: {"using":"xpath","value":"//*[@id=\"__item770\"]"}
COMMAND: POST /session/ebb1ebc954cbf4812ba04499f591c499/element/f.D054B36AE906BF7CE57E13973E32BBA6.d.572FA4AECAE21AC517F7F82324BB3698.e.2076/click - {}
RESULT: {}
COMMAND: GET /session/ebb1ebc954cbf4812ba04499f591c499/screenshot - {}
RESULT: {}
COMMAND: POST /session/ebb1ebc954cbf4812ba04499f591c499/execute/async - {"script":"<script> [1562 bytes]","args":[{"selector":{"id":"application-manageresources-display-component---newResourceUnit--resourceId","interaction":{"idSuffix":"inner"}},"wdio_ui5_key":"applicationmanageresources-display-component---newResourceUnit--resourceId"}]}
RESULT: {"script":"<script> [1562 bytes]","args":[{"selector":{"id":"application-manageresources-display-component---newResourceUnit--resourceId","interaction":{"idSuffix":"inner"}},"wdio_ui5_key":"applicationmanageresources-display-component---newResourceUnit--resourceId"}]}
RESULT: undefined
COMMAND: POST /session/ebb1ebc954cbf4812ba04499f591c499/execute/async - {"script":"<script> [776 bytes]","args":[{"enterText":"WdIORUEquip16258u","selector":{"id":"application-manageresources-display-component---newResourceUnit--resourceId","interaction":{"idSuffix":"inner"}},"clearTextFirst":true,"interactionType":"ENTER_TEXT"}]}
RESULT: {"script":"<script> [776 bytes]","args":[{"enterText":"WdIORUEquip16258u","selector":{"id":"application-manageresources-display-component---newResourceUnit--resourceId","interaction":{"idSuffix":"inner"}},"clearTextFirst":true,"interactionType":"ENTER_TEXT"}]}
RESULT: undefined
COMMAND: POST /session/ebb1ebc954cbf4812ba04499f591c499/execute/async - {"script":"<script> [776 bytes]","args":[{"enterText":"WdIORUEquip16258u","selector":{"id":"application-manageresources-display-component---newResourceUnit--SHORT_TEXT","interaction":{"idSuffix":"inner"}},"clearTextFirst":true,"interactionType":"ENTER_TEXT"}]}
RESULT: {"script":"<script> [776 bytes]","args":[{"enterText":"WdIORUEquip16258u","selector":{"id":"application-manageresources-display-component---newResourceUnit--SHORT_TEXT","interaction":{"idSuffix":"inner"}},"clearTextFirst":true,"interactionType":"ENTER_TEXT"}]}
RESULT: undefined
COMMAND: POST /session/ebb1ebc954cbf4812ba04499f591c499/execute/async - {"script":"<script> [776 bytes]","args":[{"enterText":"Piece","selector":{"id":"application-manageresources-display-component---newResourceUnit--BASE_UNIT_OF_MEASURE","interaction":{"idSuffix":"inner"}},"clearTextFirst":true,"interactionType":"ENTER_TEXT"}]}
RESULT: {"script":"<script> [776 bytes]","args":[{"enterText":"Piece","selector":{"id":"application-manageresources-display-component---newResourceUnit--BASE_UNIT_OF_MEASURE","interaction":{"idSuffix":"inner"}},"clearTextFirst":true,"interactionType":"ENTER_TEXT"}]}
COMMAND: POST /session/ebb1ebc954cbf4812ba04499f591c499/element - {"using":"xpath","value":"//input[contains(@id ,\"application-manageresources-display-component---newResourceUnit--HIGHER_LEVEL_RESOURCE-inner\")]"}
RESULT: {"using":"xpath","value":"//input[contains(@id ,\"application-manageresources-display-component---newResourceUnit--HIGHER_LEVEL_RESOURCE-inner\")]"}
COMMAND: POST /session/ebb1ebc954cbf4812ba04499f591c499/element/f.D054B36AE906BF7CE57E13973E32BBA6.d.572FA4AECAE21AC517F7F82324BB3698.e.2098/value - {"text":"WdIORUGroup22bjr"}
RESULT: {"text":"WdIORUGroup22bjr"}
COMMAND: GET /session/ebb1ebc954cbf4812ba04499f591c499/screenshot - {}
RESULT: {}
COMMAND: POST /session/ebb1ebc954cbf4812ba04499f591c499/actions - {"actions":[{"id":"action5","type":"key","parameters":{},"actions":[{"type":"keyDown","value":""},{"type":"pause","duration":10},{"type":"keyUp","value":""}]}]}
RESULT: {"actions":[{"id":"action5","type":"key","parameters":{},"actions":[{"type":"keyDown","value":""},{"type":"pause","duration":10},{"type":"keyUp","value":""}]}]}
COMMAND: POST /session/ebb1ebc954cbf4812ba04499f591c499/execute/async - {"script":"<script> [1562 bytes]","args":[{"selector":{"id":"application-manageresources-display-component---newResourceUnit--WEIGHT_UNIT","interaction":{"idSuffix":"inner"}},"wdio_ui5_key":"applicationmanageresources-display-component---newResourceUnit--WEIGHT_UNIT"}]}
COMMAND: GET /session/ebb1ebc954cbf4812ba04499f591c499/screenshot - {}
RESULT: {"script":"<script> [1562 bytes]","args":[{"selector":{"id":"application-manageresources-display-component---newResourceUnit--WEIGHT_UNIT","interaction":{"idSuffix":"inner"}},"wdio_ui5_key":"applicationmanageresources-display-component---newResourceUnit--WEIGHT_UNIT"}]}
RESULT: undefined
COMMAND: POST /session/ebb1ebc954cbf4812ba04499f591c499/execute/async - {"script":"<script> [776 bytes]","args":[{"enterText":"Gram","selector":{"id":"application-manageresources-display-component---newResourceUnit--WEIGHT_UNIT","interaction":{"idSuffix":"inner"}},"clearTextFirst":true,"interactionType":"ENTER_TEXT"}]}
RESULT: {}
RESULT: {"script":"<script> [776 bytes]","args":[{"enterText":"Gram","selector":{"id":"application-manageresources-display-component---newResourceUnit--WEIGHT_UNIT","interaction":{"idSuffix":"inner"}},"clearTextFirst":true,"interactionType":"ENTER_TEXT"}]}
RESULT: undefined
COMMAND: POST /session/ebb1ebc954cbf4812ba04499f591c499/element - {"using":"xpath","value":"//*[@id=\"application-manageresources-display-component---newResourceUnit--newRRUPage-OPHeaderContent-collapseBtn-img\"]"}
RESULT: {"using":"xpath","value":"//*[@id=\"application-manageresources-display-component---newResourceUnit--newRRUPage-OPHeaderContent-collapseBtn-img\"]"}
COMMAND: POST /session/ebb1ebc954cbf4812ba04499f591c499/element/f.D054B36AE906BF7CE57E13973E32BBA6.d.572FA4AECAE21AC517F7F82324BB3698.e.2083/click - {}
RESULT: {}
COMMAND: GET /session/ebb1ebc954cbf4812ba04499f591c499/screenshot - {}
RESULT: {}
COMMAND: POST /session/ebb1ebc954cbf4812ba04499f591c499/element - {"using":"xpath","value":"(//span[contains(@id ,\"application-manageresources-display-component---newResourceUnit--DIMENSION_UNIT-arrow\")])[1]"}
RESULT: {"using":"xpath","value":"(//span[contains(@id ,\"application-manageresources-display-component---newResourceUnit--DIMENSION_UNIT-arrow\")])[1]"}
COMMAND: POST /session/ebb1ebc954cbf4812ba04499f591c499/element/f.D054B36AE906BF7CE57E13973E32BBA6.d.572FA4AECAE21AC517F7F82324BB3698.e.2232/click - {}
RESULT: {}
COMMAND: GET /session/ebb1ebc954cbf4812ba04499f591c499/screenshot - {}
RESULT: {}
COMMAND: POST /session/ebb1ebc954cbf4812ba04499f591c499/execute/async - {"script":"<script> [1562 bytes]","args":[{"selector":{"controlType":"sap.m.StandardListItem","viewName":"reusables.view.manageresources.NewResourceUnit","viewId":"application-manageresources-display-component---newResourceUnit","properties":{"title":"Centimeter"},"searchOpenDialogs":true,"interaction":{"idSuffix":"titleText"}},"wdio_ui5_key":"reusablesview.manageresources.NewResourceUnitsap.m.StandardListItem{\"title\":\"Centimeter\"}"}]}
RESULT: {"script":"<script> [1562 bytes]","args":[{"selector":{"controlType":"sap.m.StandardListItem","viewName":"reusables.view.manageresources.NewResourceUnit","viewId":"application-manageresources-display-component---newResourceUnit","properties":{"title":"Centimeter"},"searchOpenDialogs":true,"interaction":{"idSuffix":"titleText"}},"wdio_ui5_key":"reusablesview.manageresources.NewResourceUnitsap.m.StandardListItem{\"title\":\"Centimeter\"}"}]}
RESULT: undefined
COMMAND: POST /session/ebb1ebc954cbf4812ba04499f591c499/element - {"using":"xpath","value":"//*[@id=\"__item859\"]"}
RESULT: {"using":"xpath","value":"//*[@id=\"__item859\"]"}
COMMAND: POST /session/ebb1ebc954cbf4812ba04499f591c499/element/f.D054B36AE906BF7CE57E13973E32BBA6.d.572FA4AECAE21AC517F7F82324BB3698.e.2236/click - {}
RESULT: {}
COMMAND: GET /session/ebb1ebc954cbf4812ba04499f591c499/screenshot - {}
RESULT: {}
RESULT: undefined
COMMAND: POST /session/ebb1ebc954cbf4812ba04499f591c499/element - {"using":"xpath","value":"//*[@id=\"application-manageresources-display-component---newResourceUnit--newRRUPage-anchBar-application-manageresources-display-component---newResourceUnit--control-anchor\"]"}
RESULT: {"using":"xpath","value":"//*[@id=\"application-manageresources-display-component---newResourceUnit--newRRUPage-anchBar-application-manageresources-display-component---newResourceUnit--control-anchor\"]"}
COMMAND: POST /session/ebb1ebc954cbf4812ba04499f591c499/element/f.D054B36AE906BF7CE57E13973E32BBA6.d.572FA4AECAE21AC517F7F82324BB3698.e.2237/click - {}
RESULT: {}
RESULT: undefined
COMMAND: POST /session/ebb1ebc954cbf4812ba04499f591c499/execute/async - {"script":"<script> [776 bytes]","args":[{"enterText":"Heavy Equi","selector":{"id":"application-manageresources-display-component---newResourceUnit--PLANNING_GROUP","interaction":{"idSuffix":"inner"}},"clearTextFirst":true,"interactionType":"ENTER_TEXT"}]}
COMMAND: GET /session/ebb1ebc954cbf4812ba04499f591c499/screenshot - {}
RESULT: {"script":"<script> [776 bytes]","args":[{"enterText":"Heavy Equi","selector":{"id":"application-manageresources-display-component---newResourceUnit--PLANNING_GROUP","interaction":{"idSuffix":"inner"}},"clearTextFirst":true,"interactionType":"ENTER_TEXT"}]}
RESULT: {}
COMMAND: POST /session/ebb1ebc954cbf4812ba04499f591c499/execute/async - {"script":"<script> [1562 bytes]","args":[{"selector":{"id":"application-manageresources-display-component---newResourceUnit--ITEM_TYPE-arrow"},"wdio_ui5_key":"applicationmanageresources-display-component---newResourceUnit--ITEM_TYPE-arrow"}]}
RESULT: {"script":"<script> [1562 bytes]","args":[{"selector":{"id":"application-manageresources-display-component---newResourceUnit--ITEM_TYPE-arrow"},"wdio_ui5_key":"applicationmanageresources-display-component---newResourceUnit--ITEM_TYPE-arrow"}]}
RESULT: undefined
COMMAND: POST /session/ebb1ebc954cbf4812ba04499f591c499/element - {"using":"xpath","value":"//*[@id=\"application-manageresources-display-component---newResourceUnit--ITEM_TYPE-arrow\"]"}
RESULT: {"using":"xpath","value":"//*[@id=\"application-manageresources-display-component---newResourceUnit--ITEM_TYPE-arrow\"]"}
COMMAND: POST /session/ebb1ebc954cbf4812ba04499f591c499/element/f.D054B36AE906BF7CE57E13973E32BBA6.d.572FA4AECAE21AC517F7F82324BB3698.e.2243/click - {}
RESULT: {}
COMMAND: POST /session/ebb1ebc954cbf4812ba04499f591c499/execute/async - {"script":"<script> [1562 bytes]","args":[{"selector":{"controlType":"sap.m.StandardListItem","viewName":"reusables.view.manageresources.NewResourceUnit","viewId":"application-manageresources-display-component---newResourceUnit","properties":{"title":"Resource Unit"},"searchOpenDialogs":true,"interaction":{"idSuffix":"titleText"}},"wdio_ui5_key":"reusablesview.manageresources.NewResourceUnitsap.m.StandardListItem{\"title\":\"Resource Unit\"}"}]}
COMMAND: GET /session/ebb1ebc954cbf4812ba04499f591c499/screenshot - {}
RESULT: {"script":"<script> [1562 bytes]","args":[{"selector":{"controlType":"sap.m.StandardListItem","viewName":"reusables.view.manageresources.NewResourceUnit","viewId":"application-manageresources-display-component---newResourceUnit","properties":{"title":"Resource Unit"},"searchOpenDialogs":true,"interaction":{"idSuffix":"titleText"}},"wdio_ui5_key":"reusablesview.manageresources.NewResourceUnitsap.m.StandardListItem{\"title\":\"Resource Unit\"}"}]}
RESULT: undefined
COMMAND: POST /session/ebb1ebc954cbf4812ba04499f591c499/element - {"using":"xpath","value":"//*[@id=\"__item881\"]"}
RESULT: {}
RESULT: {"using":"xpath","value":"//*[@id=\"__item881\"]"}
COMMAND: POST /session/ebb1ebc954cbf4812ba04499f591c499/element/f.D054B36AE906BF7CE57E13973E32BBA6.d.572FA4AECAE21AC517F7F82324BB3698.e.2245/click - {}
RESULT: {}
COMMAND: POST /session/ebb1ebc954cbf4812ba04499f591c499/element - {"using":"xpath","value":"//bdi[contains(text(), \"Time Segment\")]"}
COMMAND: GET /session/ebb1ebc954cbf4812ba04499f591c499/screenshot - {}
RESULT: {"using":"xpath","value":"//bdi[contains(text(), \"Time Segment\")]"}
COMMAND: GET /session/ebb1ebc954cbf4812ba04499f591c499/element/f.D054B36AE906BF7CE57E13973E32BBA6.d.572FA4AECAE21AC517F7F82324BB3698.e.2252/rect - {}
RESULT: {}
RESULT: {}
COMMAND: GET /session/ebb1ebc954cbf4812ba04499f591c499/window/rect - {}
RESULT: {}
COMMAND: POST /session/ebb1ebc954cbf4812ba04499f591c499/execute/sync - {"script":"<script> [92 bytes]","args":[]}
RESULT: {"script":"<script> [92 bytes]","args":[]}
COMMAND: POST /session/ebb1ebc954cbf4812ba04499f591c499/actions - {"actions":[{"id":"action6","type":"wheel","parameters":{},"actions":[{"type":"scroll","x":-1820,"y":-21,"deltaX":0,"deltaY":0,"duration":0,"origin":{"element-6066-11e4-a52e-4f735466cecf":"f.D054B36AE906BF7CE57E13973E32BBA6.d.572FA4AECAE21AC517F7F82324BB3698.e.2252"}}]}]}
COMMAND: GET /session/ebb1ebc954cbf4812ba04499f591c499/screenshot - {}
RESULT: {}
COMMAND: POST /session/ebb1ebc954cbf4812ba04499f591c499/execute/sync - {"script":"<script> [79 bytes]","args":[{"element-6066-11e4-a52e-4f735466cecf":"f.D054B36AE906BF7CE57E13973E32BBA6.d.572FA4AECAE21AC517F7F82324BB3698.e.2252","ELEMENT":"f.D054B36AE906BF7CE57E13973E32BBA6.d.572FA4AECAE21AC517F7F82324BB3698.e.2252"},{"block":"start","inline":"nearest"}]}
RESULT: {"script":"<script> [79 bytes]","args":[{"element-6066-11e4-a52e-4f735466cecf":"f.D054B36AE906BF7CE57E13973E32BBA6.d.572FA4AECAE21AC517F7F82324BB3698.e.2252","ELEMENT":"f.D054B36AE906BF7CE57E13973E32BBA6.d.572FA4AECAE21AC517F7F82324BB3698.e.2252"},{"block":"start","inline":"nearest"}]}
RESULT: undefined
COMMAND: POST /session/ebb1ebc954cbf4812ba04499f591c499/element - {"using":"xpath","value":"//*[@id=\"application-manageresources-display-component---newResourceUnit--btnAddTimeSegment-img\"]"}
COMMAND: GET /session/ebb1ebc954cbf4812ba04499f591c499/screenshot - {}
RESULT: {"using":"xpath","value":"//*[@id=\"application-manageresources-display-component---newResourceUnit--btnAddTimeSegment-img\"]"}
COMMAND: POST /session/ebb1ebc954cbf4812ba04499f591c499/element/f.D054B36AE906BF7CE57E13973E32BBA6.d.572FA4AECAE21AC517F7F82324BB3698.e.2253/click - {}
RESULT: {}
RESULT: {}
COMMAND: GET /session/ebb1ebc954cbf4812ba04499f591c499/screenshot - {}
COMMAND: POST /session/ebb1ebc954cbf4812ba04499f591c499/element - {"using":"xpath","value":"//input[@id=\"application-manageresources-display-component---newResourceUnit--idRuTSAdmin-application-manageresources-display-component---newResourceUnit--RUTimeSegment-0-inner\"]"}
RESULT: {}
RESULT: {"using":"xpath","value":"//input[@id=\"application-manageresources-display-component---newResourceUnit--idRuTSAdmin-application-manageresources-display-component---newResourceUnit--RUTimeSegment-0-inner\"]"}
COMMAND: POST /session/ebb1ebc954cbf4812ba04499f591c499/element/f.D054B36AE906BF7CE57E13973E32BBA6.d.572FA4AECAE21AC517F7F82324BB3698.e.2259/clear - {}
RESULT: {}
COMMAND: POST /session/ebb1ebc954cbf4812ba04499f591c499/element/f.D054B36AE906BF7CE57E13973E32BBA6.d.572FA4AECAE21AC517F7F82324BB3698.e.2259/value - {"text":"WebdriverYardrislfg"}
COMMAND: GET /session/ebb1ebc954cbf4812ba04499f591c499/screenshot - {}
RESULT: {"text":"WebdriverYardrislfg"}
COMMAND: GET /session/ebb1ebc954cbf4812ba04499f591c499/screenshot - {}
RESULT: {}
RESULT: {}
COMMAND: POST /session/ebb1ebc954cbf4812ba04499f591c499/actions - {"actions":[{"id":"action7","type":"key","parameters":{},"actions":[{"type":"keyDown","value":""},{"type":"pause","duration":10},{"type":"keyUp","value":""}]}]}
RESULT: {"actions":[{"id":"action7","type":"key","parameters":{},"actions":[{"type":"keyDown","value":""},{"type":"pause","duration":10},{"type":"keyUp","value":""}]}]}
COMMAND: POST /session/ebb1ebc954cbf4812ba04499f591c499/execute/async - {"script":"<script> [1562 bytes]","args":[{"selector":{"controlType":"sap.ui.core.Icon","viewName":"reusables.view.manageresources.NewResourceUnit","viewId":"application-manageresources-display-component---newResourceUnit","properties":{"src":{"regex":{"source":"slim\\-arrow\\-down"}}},"ancestor":{"controlType":"sap.m.ComboBox","viewName":"reusables.view.manageresources.NewResourceUnit","viewId":"application-manageresources-display-component---newResourceUnit","bindingPath":{"path":"/RESOURCE_UNIT_TIME_SEQUENCES/0","propertyPath":"COST_OBJECT_ADMIN_CST_TYPE","modelName":"oNewRruModel"}}},"wdio_ui5_key":"reusablesview.manageresources.NewResourceUnitsap.ui.core.Icon{\"src\":{\"regex\":{\"source\":\"slim\\\\-arrow\\\\-down\"}}}{\"controlType\":\"sap.m.ComboBox\",\"viewName\":\"reusables.view.manageresources.NewResourceUnit\",\"viewId\":\"application-manageresources-display-component---newResourceUnit\",\"bindingPath\":{\"path\":\"/RESOURCE_UNIT_TIME_SEQUENCES/0\",\"propertyPath\":\"COST_OBJECT_ADMIN_CST_TYPE\",\"modelName\":\"oNewRruModel\"}}"}]}
COMMAND: GET /session/ebb1ebc954cbf4812ba04499f591c499/screenshot - {}
RESULT: {"script":"<script> [1562 bytes]","args":[{"selector":{"controlType":"sap.ui.core.Icon","viewName":"reusables.view.manageresources.NewResourceUnit","viewId":"application-manageresources-display-component---newResourceUnit","properties":{"src":{"regex":{"source":"slim\\-arrow\\-down"}}},"ancestor":{"controlType":"sap.m.ComboBox","viewName":"reusables.view.manageresources.NewResourceUnit","viewId":"application-manageresources-display-component---newResourceUnit","bindingPath":{"path":"/RESOURCE_UNIT_TIME_SEQUENCES/0","propertyPath":"COST_OBJECT_ADMIN_CST_TYPE","modelName":"oNewRruModel"}}},"wdio_ui5_key":"reusablesview.manageresources.NewResourceUnitsap.ui.core.Icon{\"src\":{\"regex\":{\"source\":\"slim\\\\-arrow\\\\-down\"}}}{\"controlType\":\"sap.m.ComboBox\",\"viewName\":\"reusables.view.manageresources.NewResourceUnit\",\"viewId\":\"application-manageresources-display-component---newResourceUnit\",\"bindingPath\":{\"path\":\"/RESOURCE_UNIT_TIME_SEQUENCES/0\",\"propertyPath\":\"COST_OBJECT_ADMIN_CST_TYPE\",\"modelName\":\"oNewRruModel\"}}"}]}
RESULT: undefined
COMMAND: POST /session/ebb1ebc954cbf4812ba04499f591c499/element - {"using":"xpath","value":"//*[@id=\"__box10-application-manageresources-display-component---newResourceUnit--RUTimeSegment-0-arrow\"]"}
RESULT: {}
RESULT: {"using":"xpath","value":"//*[@id=\"__box10-application-manageresources-display-component---newResourceUnit--RUTimeSegment-0-arrow\"]"}
COMMAND: POST /session/ebb1ebc954cbf4812ba04499f591c499/element/f.D054B36AE906BF7CE57E13973E32BBA6.d.572FA4AECAE21AC517F7F82324BB3698.e.2273/click - {}
RESULT: {}
COMMAND: POST /session/ebb1ebc954cbf4812ba04499f591c499/execute/async - {"script":"<script> [1562 bytes]","args":[{"selector":{"controlType":"sap.m.StandardListItem","viewName":"reusables.view.manageresources.NewResourceUnit","viewId":"application-manageresources-display-component---newResourceUnit","properties":{"title":"PM Order"},"searchOpenDialogs":true,"interaction":{"idSuffix":"titleText"}},"wdio_ui5_key":"reusablesview.manageresources.NewResourceUnitsap.m.StandardListItem{\"title\":\"PM Order\"}"}]}
COMMAND: GET /session/ebb1ebc954cbf4812ba04499f591c499/screenshot - {}
RESULT: {"script":"<script> [1562 bytes]","args":[{"selector":{"controlType":"sap.m.StandardListItem","viewName":"reusables.view.manageresources.NewResourceUnit","viewId":"application-manageresources-display-component---newResourceUnit","properties":{"title":"PM Order"},"searchOpenDialogs":true,"interaction":{"idSuffix":"titleText"}},"wdio_ui5_key":"reusablesview.manageresources.NewResourceUnitsap.m.StandardListItem{\"title\":\"PM Order\"}"}]}
RESULT: undefined
COMMAND: POST /session/ebb1ebc954cbf4812ba04499f591c499/element - {"using":"xpath","value":"//*[@id=\"__item1620\"]"}
RESULT: {}
RESULT: {"using":"xpath","value":"//*[@id=\"__item1620\"]"}
COMMAND: POST /session/ebb1ebc954cbf4812ba04499f591c499/element/f.D054B36AE906BF7CE57E13973E32BBA6.d.572FA4AECAE21AC517F7F82324BB3698.e.2277/click - {}
RESULT: {}
COMMAND: GET /session/ebb1ebc954cbf4812ba04499f591c499/screenshot - {}
RESULT: {}
COMMAND: POST /session/ebb1ebc954cbf4812ba04499f591c499/element - {"using":"xpath","value":"(//input[contains(@id ,\"-application-manageresources-display-component---newResourceUnit--RUTimeSegment-0-inner\")])[8]"}
RESULT: {"using":"xpath","value":"(//input[contains(@id ,\"-application-manageresources-display-component---newResourceUnit--RUTimeSegment-0-inner\")])[8]"}
COMMAND: POST /session/ebb1ebc954cbf4812ba04499f591c499/element/f.D054B36AE906BF7CE57E13973E32BBA6.d.572FA4AECAE21AC517F7F82324BB3698.e.2280/clear - {}
RESULT: {}
COMMAND: POST /session/ebb1ebc954cbf4812ba04499f591c499/element/f.D054B36AE906BF7CE57E13973E32BBA6.d.572FA4AECAE21AC517F7F82324BB3698.e.2280/value - {"text":"4000360"}
COMMAND: GET /session/ebb1ebc954cbf4812ba04499f591c499/screenshot - {}
RESULT: {"text":"4000360"}
COMMAND: GET /session/ebb1ebc954cbf4812ba04499f591c499/screenshot - {}
RESULT: {}
RESULT: {}
COMMAND: POST /session/ebb1ebc954cbf4812ba04499f591c499/actions - {"actions":[{"id":"action8","type":"key","parameters":{},"actions":[{"type":"keyDown","value":""},{"type":"pause","duration":10},{"type":"keyUp","value":""}]}]}
RESULT: {"actions":[{"id":"action8","type":"key","parameters":{},"actions":[{"type":"keyDown","value":""},{"type":"pause","duration":10},{"type":"keyUp","value":""}]}]}
COMMAND: GET /session/ebb1ebc954cbf4812ba04499f591c499/screenshot - {}
RESULT: {}
COMMAND: POST /session/ebb1ebc954cbf4812ba04499f591c499/element - {"using":"xpath","value":"//input[contains(@id ,\"application-manageresources-display-component---newResourceUnit--newTimeSegmentFromDatePicker-application-manageresources-display-component---newResourceUnit--RUTimeSegment-0-inner\")]"}
RESULT: {"using":"xpath","value":"//input[contains(@id ,\"application-manageresources-display-component---newResourceUnit--newTimeSegmentFromDatePicker-application-manageresources-display-component---newResourceUnit--RUTimeSegment-0-inner\")]"}
COMMAND: POST /session/ebb1ebc954cbf4812ba04499f591c499/element/f.D054B36AE906BF7CE57E13973E32BBA6.d.572FA4AECAE21AC517F7F82324BB3698.e.2266/clear - {}
RESULT: {}
COMMAND: POST /session/ebb1ebc954cbf4812ba04499f591c499/element/f.D054B36AE906BF7CE57E13973E32BBA6.d.572FA4AECAE21AC517F7F82324BB3698.e.2266/clear - {}
COMMAND: GET /session/ebb1ebc954cbf4812ba04499f591c499/screenshot - {}
RESULT: {}
COMMAND: POST /session/ebb1ebc954cbf4812ba04499f591c499/element/f.D054B36AE906BF7CE57E13973E32BBA6.d.572FA4AECAE21AC517F7F82324BB3698.e.2266/value - {"text":"06/30/24"}
COMMAND: GET /session/ebb1ebc954cbf4812ba04499f591c499/screenshot - {}
RESULT: {}
RESULT: {"text":"06/30/24"}
COMMAND: POST /session/ebb1ebc954cbf4812ba04499f591c499/execute/async - {"script":"<script> [1562 bytes]","args":[{"selector":{"id":"application-manageresources-display-component---newResourceUnit--newRRUPage-anchBar-application-manageresources-display-component---newResourceUnit--resource-anchor","interaction":{"idSuffix":"BDI-content"}},"wdio_ui5_key":"applicationmanageresources-display-component---newResourceUnit--newRRUPage-anchBar-application-manageresources-display-component---newResourceUnit--resource-anchor"}]}
COMMAND: GET /session/ebb1ebc954cbf4812ba04499f591c499/screenshot - {}
RESULT: {}
RESULT: {"script":"<script> [1562 bytes]","args":[{"selector":{"id":"application-manageresources-display-component---newResourceUnit--newRRUPage-anchBar-application-manageresources-display-component---newResourceUnit--resource-anchor","interaction":{"idSuffix":"BDI-content"}},"wdio_ui5_key":"applicationmanageresources-display-component---newResourceUnit--newRRUPage-anchBar-application-manageresources-display-component---newResourceUnit--resource-anchor"}]}
RESULT: undefined
COMMAND: POST /session/ebb1ebc954cbf4812ba04499f591c499/element - {"using":"xpath","value":"//*[@id=\"application-manageresources-display-component---newResourceUnit--newRRUPage-anchBar-application-manageresources-display-component---newResourceUnit--resource-anchor\"]"}
RESULT: {}
RESULT: {"using":"xpath","value":"//*[@id=\"application-manageresources-display-component---newResourceUnit--newRRUPage-anchBar-application-manageresources-display-component---newResourceUnit--resource-anchor\"]"}
COMMAND: POST /session/ebb1ebc954cbf4812ba04499f591c499/element/f.D054B36AE906BF7CE57E13973E32BBA6.d.572FA4AECAE21AC517F7F82324BB3698.e.2302/click - {}
RESULT: {}
COMMAND: POST /session/ebb1ebc954cbf4812ba04499f591c499/execute/async - {"script":"<script> [1562 bytes]","args":[{"selector":{"id":"application-manageresources-display-component---newResourceUnit--PLANNED_DELIVERY_DATE","interaction":{"idSuffix":"inner"}},"wdio_ui5_key":"applicationmanageresources-display-component---newResourceUnit--PLANNED_DELIVERY_DATE"}]}
COMMAND: GET /session/ebb1ebc954cbf4812ba04499f591c499/screenshot - {}
RESULT: {"script":"<script> [1562 bytes]","args":[{"selector":{"id":"application-manageresources-display-component---newResourceUnit--PLANNED_DELIVERY_DATE","interaction":{"idSuffix":"inner"}},"wdio_ui5_key":"applicationmanageresources-display-component---newResourceUnit--PLANNED_DELIVERY_DATE"}]}
RESULT: undefined
COMMAND: POST /session/ebb1ebc954cbf4812ba04499f591c499/execute/async - {"script":"<script> [6424 bytes]","args":[{"element-6066-11e4-a52e-4f735466cecf":"f.D054B36AE906BF7CE57E13973E32BBA6.d.572FA4AECAE21AC517F7F82324BB3698.e.2129"},"setValue",["06/30/24"]]}
RESULT: {}
RESULT: {"script":"<script> [6424 bytes]","args":[{"element-6066-11e4-a52e-4f735466cecf":"f.D054B36AE906BF7CE57E13973E32BBA6.d.572FA4AECAE21AC517F7F82324BB3698.e.2129"},"setValue",["06/30/24"]]}
COMMAND: POST /session/ebb1ebc954cbf4812ba04499f591c499/execute/async - {"script":"<script> [1562 bytes]","args":[{"selector":{"id":"application-manageresources-display-component---newResourceUnit--RETIRE_PLANNED_DATE","interaction":{"idSuffix":"inner"}},"wdio_ui5_key":"applicationmanageresources-display-component---newResourceUnit--RETIRE_PLANNED_DATE"}]}
RESULT: {"script":"<script> [1562 bytes]","args":[{"selector":{"id":"application-manageresources-display-component---newResourceUnit--RETIRE_PLANNED_DATE","interaction":{"idSuffix":"inner"}},"wdio_ui5_key":"applicationmanageresources-display-component---newResourceUnit--RETIRE_PLANNED_DATE"}]}
RESULT: undefined
COMMAND: POST /session/ebb1ebc954cbf4812ba04499f591c499/execute/async - {"script":"<script> [776 bytes]","args":[{"enterText":"3/14/29","selector":{"id":"application-manageresources-display-component---newResourceUnit--RETIRE_PLANNED_DATE","interaction":{"idSuffix":"inner"}},"clearTextFirst":true,"interactionType":"ENTER_TEXT"}]}
RESULT: {"script":"<script> [776 bytes]","args":[{"enterText":"3/14/29","selector":{"id":"application-manageresources-display-component---newResourceUnit--RETIRE_PLANNED_DATE","interaction":{"idSuffix":"inner"}},"clearTextFirst":true,"interactionType":"ENTER_TEXT"}]}
RESULT: undefined
COMMAND: POST /session/ebb1ebc954cbf4812ba04499f591c499/element - {"using":"xpath","value":"//*[@id=\"application-manageresources-display-component---newResourceUnit--createRuButton\"]"}
RESULT: {"using":"xpath","value":"//*[@id=\"application-manageresources-display-component---newResourceUnit--createRuButton\"]"}
COMMAND: POST /session/ebb1ebc954cbf4812ba04499f591c499/element/f.D054B36AE906BF7CE57E13973E32BBA6.d.572FA4AECAE21AC517F7F82324BB3698.e.2089/click - {}
RESULT: {}
COMMAND: GET /session/ebb1ebc954cbf4812ba04499f591c499/screenshot - {}
RESULT: {}
COMMAND: POST /session/ebb1ebc954cbf4812ba04499f591c499/element - {"using":"xpath","value":"(//bdi[contains(text(), \"Close\")])[1]"}
RESULT: {"using":"xpath","value":"(//bdi[contains(text(), \"Close\")])[1]"}
COMMAND: POST /session/ebb1ebc954cbf4812ba04499f591c499/element/f.D054B36AE906BF7CE57E13973E32BBA6.d.572FA4AECAE21AC517F7F82324BB3698.e.2312/click - {}
RESULT: {}
COMMAND: GET /session/ebb1ebc954cbf4812ba04499f591c499/screenshot - {}
]]></system-out>
    </testcase>
    <testcase classname="chrome.136_0_7103_93.windows.Related_resources_for_groups_US139107" name="Should create one more equipment using copy function and add it to the group" time="28.07">
      <failure/>
      <error message="element not interactable&#xA;  (Session info: chrome=136.0.7103.93)"/>
      <system-out><![CDATA[
COMMAND: POST /session/ebb1ebc954cbf4812ba04499f591c499/element - {"using":"xpath","value":"//span[contains(@id ,\"actionsToolbar-overflowButton-img\")]"}
RESULT: {}
RESULT: {"using":"xpath","value":"//span[contains(@id ,\"actionsToolbar-overflowButton-img\")]"}
COMMAND: POST /session/ebb1ebc954cbf4812ba04499f591c499/execute/sync - {"script":"<script> [8489 bytes]","args":[{"element-6066-11e4-a52e-4f735466cecf":"f.D054B36AE906BF7CE57E13973E32BBA6.d.572FA4AECAE21AC517F7F82324BB3698.e.2375","ELEMENT":"f.D054B36AE906BF7CE57E13973E32BBA6.d.572FA4AECAE21AC517F7F82324BB3698.e.2375"}]}
RESULT: {"script":"<script> [8489 bytes]","args":[{"element-6066-11e4-a52e-4f735466cecf":"f.D054B36AE906BF7CE57E13973E32BBA6.d.572FA4AECAE21AC517F7F82324BB3698.e.2375","ELEMENT":"f.D054B36AE906BF7CE57E13973E32BBA6.d.572FA4AECAE21AC517F7F82324BB3698.e.2375"}]}
COMMAND: POST /session/ebb1ebc954cbf4812ba04499f591c499/execute/sync - {"script":"<script> [5351 bytes]","args":[{"element-6066-11e4-a52e-4f735466cecf":"f.D054B36AE906BF7CE57E13973E32BBA6.d.572FA4AECAE21AC517F7F82324BB3698.e.2375","ELEMENT":"f.D054B36AE906BF7CE57E13973E32BBA6.d.572FA4AECAE21AC517F7F82324BB3698.e.2375"}]}
COMMAND: GET /session/ebb1ebc954cbf4812ba04499f591c499/screenshot - {}
RESULT: {"script":"<script> [5351 bytes]","args":[{"element-6066-11e4-a52e-4f735466cecf":"f.D054B36AE906BF7CE57E13973E32BBA6.d.572FA4AECAE21AC517F7F82324BB3698.e.2375","ELEMENT":"f.D054B36AE906BF7CE57E13973E32BBA6.d.572FA4AECAE21AC517F7F82324BB3698.e.2375"}]}
COMMAND: GET /session/ebb1ebc954cbf4812ba04499f591c499/screenshot - {}
COMMAND: POST /session/ebb1ebc954cbf4812ba04499f591c499/execute/sync - {"script":"<script> [8489 bytes]","args":[{"element-6066-11e4-a52e-4f735466cecf":"f.D054B36AE906BF7CE57E13973E32BBA6.d.572FA4AECAE21AC517F7F82324BB3698.e.2375","ELEMENT":"f.D054B36AE906BF7CE57E13973E32BBA6.d.572FA4AECAE21AC517F7F82324BB3698.e.2375"}]}
RESULT: {}
RESULT: {}
RESULT: {"script":"<script> [8489 bytes]","args":[{"element-6066-11e4-a52e-4f735466cecf":"f.D054B36AE906BF7CE57E13973E32BBA6.d.572FA4AECAE21AC517F7F82324BB3698.e.2375","ELEMENT":"f.D054B36AE906BF7CE57E13973E32BBA6.d.572FA4AECAE21AC517F7F82324BB3698.e.2375"}]}
COMMAND: POST /session/ebb1ebc954cbf4812ba04499f591c499/execute/sync - {"script":"<script> [5351 bytes]","args":[{"element-6066-11e4-a52e-4f735466cecf":"f.D054B36AE906BF7CE57E13973E32BBA6.d.572FA4AECAE21AC517F7F82324BB3698.e.2375","ELEMENT":"f.D054B36AE906BF7CE57E13973E32BBA6.d.572FA4AECAE21AC517F7F82324BB3698.e.2375"}]}
COMMAND: GET /session/ebb1ebc954cbf4812ba04499f591c499/screenshot - {}
RESULT: {"script":"<script> [5351 bytes]","args":[{"element-6066-11e4-a52e-4f735466cecf":"f.D054B36AE906BF7CE57E13973E32BBA6.d.572FA4AECAE21AC517F7F82324BB3698.e.2375","ELEMENT":"f.D054B36AE906BF7CE57E13973E32BBA6.d.572FA4AECAE21AC517F7F82324BB3698.e.2375"}]}
COMMAND: POST /session/ebb1ebc954cbf4812ba04499f591c499/element/f.D054B36AE906BF7CE57E13973E32BBA6.d.572FA4AECAE21AC517F7F82324BB3698.e.2375/click - {}
COMMAND: GET /session/ebb1ebc954cbf4812ba04499f591c499/screenshot - {}
RESULT: {}
RESULT: {}
COMMAND: GET /session/ebb1ebc954cbf4812ba04499f591c499/screenshot - {}
RESULT: {}
RESULT: {}
COMMAND: POST /session/ebb1ebc954cbf4812ba04499f591c499/execute/async - {"script":"<script> [1562 bytes]","args":[{"selector":{"controlType":"sap.m.Button","viewName":"etm.portal.ui.manageresources.view.Detail","viewId":"application-manageresources-display-component---detailRU","i18NText":{"propertyName":"text","key":"copy"},"interaction":{"idSuffix":"BDI-content"}},"wdio_ui5_key":"etmportal.ui.manageresources.view.Detailsap.m.Button{\"propertyName\":\"text\",\"key\":\"copy\"}"}]}
RESULT: {"script":"<script> [1562 bytes]","args":[{"selector":{"controlType":"sap.m.Button","viewName":"etm.portal.ui.manageresources.view.Detail","viewId":"application-manageresources-display-component---detailRU","i18NText":{"propertyName":"text","key":"copy"},"interaction":{"idSuffix":"BDI-content"}},"wdio_ui5_key":"etmportal.ui.manageresources.view.Detailsap.m.Button{\"propertyName\":\"text\",\"key\":\"copy\"}"}]}
RESULT: undefined
COMMAND: POST /session/ebb1ebc954cbf4812ba04499f591c499/element - {"using":"xpath","value":"//*[@id=\"__button117\"]"}
RESULT: {"using":"xpath","value":"//*[@id=\"__button117\"]"}
COMMAND: POST /session/ebb1ebc954cbf4812ba04499f591c499/element/f.D054B36AE906BF7CE57E13973E32BBA6.d.572FA4AECAE21AC517F7F82324BB3698.e.2379/click - {}
RESULT: {}
COMMAND: GET /session/ebb1ebc954cbf4812ba04499f591c499/screenshot - {}
RESULT: {}
COMMAND: POST /session/ebb1ebc954cbf4812ba04499f591c499/execute/async - {"script":"<script> [1562 bytes]","args":[{"selector":{"controlType":"sap.m.Button","viewName":"etm.portal.ui.manageresources.view.Detail","viewId":"application-manageresources-display-component---detailRU","i18NText":{"propertyName":"text","key":"selectAll"},"searchOpenDialogs":true,"interaction":{"idSuffix":"BDI-content"}},"wdio_ui5_key":"etmportal.ui.manageresources.view.Detailsap.m.Button{\"propertyName\":\"text\",\"key\":\"selectAll\"}"}]}
RESULT: {"script":"<script> [1562 bytes]","args":[{"selector":{"controlType":"sap.m.Button","viewName":"etm.portal.ui.manageresources.view.Detail","viewId":"application-manageresources-display-component---detailRU","i18NText":{"propertyName":"text","key":"selectAll"},"searchOpenDialogs":true,"interaction":{"idSuffix":"BDI-content"}},"wdio_ui5_key":"etmportal.ui.manageresources.view.Detailsap.m.Button{\"propertyName\":\"text\",\"key\":\"selectAll\"}"}]}
RESULT: undefined
COMMAND: POST /session/ebb1ebc954cbf4812ba04499f591c499/element - {"using":"xpath","value":"//*[@id=\"__button168\"]"}
RESULT: {"using":"xpath","value":"//*[@id=\"__button168\"]"}
COMMAND: POST /session/ebb1ebc954cbf4812ba04499f591c499/element/f.D054B36AE906BF7CE57E13973E32BBA6.d.572FA4AECAE21AC517F7F82324BB3698.e.2380/click - {}
RESULT: {}
COMMAND: GET /session/ebb1ebc954cbf4812ba04499f591c499/screenshot - {}
RESULT: {}
COMMAND: POST /session/ebb1ebc954cbf4812ba04499f591c499/execute/async - {"script":"<script> [1562 bytes]","args":[{"selector":{"controlType":"sap.m.Button","viewName":"etm.portal.ui.manageresources.view.Detail","viewId":"application-manageresources-display-component---detailRU","i18NText":{"propertyName":"text","key":"confirm"},"searchOpenDialogs":true,"interaction":{"idSuffix":"content"}},"wdio_ui5_key":"etmportal.ui.manageresources.view.Detailsap.m.Button{\"propertyName\":\"text\",\"key\":\"confirm\"}"}]}
RESULT: {"script":"<script> [1562 bytes]","args":[{"selector":{"controlType":"sap.m.Button","viewName":"etm.portal.ui.manageresources.view.Detail","viewId":"application-manageresources-display-component---detailRU","i18NText":{"propertyName":"text","key":"confirm"},"searchOpenDialogs":true,"interaction":{"idSuffix":"content"}},"wdio_ui5_key":"etmportal.ui.manageresources.view.Detailsap.m.Button{\"propertyName\":\"text\",\"key\":\"confirm\"}"}]}
RESULT: undefined
COMMAND: POST /session/ebb1ebc954cbf4812ba04499f591c499/element - {"using":"xpath","value":"//*[@id=\"__button169\"]"}
RESULT: {"using":"xpath","value":"//*[@id=\"__button169\"]"}
COMMAND: POST /session/ebb1ebc954cbf4812ba04499f591c499/element/f.D054B36AE906BF7CE57E13973E32BBA6.d.572FA4AECAE21AC517F7F82324BB3698.e.2404/click - {}
RESULT: {}
COMMAND: GET /session/ebb1ebc954cbf4812ba04499f591c499/screenshot - {}
RESULT: {}
COMMAND: POST /session/ebb1ebc954cbf4812ba04499f591c499/element - {"using":"xpath","value":"(//span[contains(@id ,\"expandBtn-inner\")])[2]"}
RESULT: {"using":"xpath","value":"(//span[contains(@id ,\"expandBtn-inner\")])[2]"}
COMMAND: POST /session/ebb1ebc954cbf4812ba04499f591c499/element/f.D054B36AE906BF7CE57E13973E32BBA6.d.572FA4AECAE21AC517F7F82324BB3698.e.2414/click - {}
COMMAND: GET /session/ebb1ebc954cbf4812ba04499f591c499/screenshot - {}
RESULT: {}
]]></system-out>
      <system-err><![CDATA[
element not interactable: element not interactable
  (Session info: chrome=136.0.7103.93)
    at async Context.<anonymous> (D:\a\1\s\test\specs\R2C\related-resources-area-rpg.spec.js:639:9)
]]></system-err>
    </testcase>
    <testcase classname="chrome.136_0_7103_93.windows.Related_resources_for_groups_US139107" name="Should verify the Yard Overview hyperlinks in related resource" time="48.106">
      <failure/>
      <error message="expect(received).toEqual(expected) // deep equality&#xA;&#xA;Expected: &quot;Records (2)&quot;&#xA;Received: &quot;Records (1)&quot;"/>
      <system-out><![CDATA[
COMMAND: GET /session/ebb1ebc954cbf4812ba04499f591c499/screenshot - {}
COMMAND: POST /session/ebb1ebc954cbf4812ba04499f591c499/execute/async - {"script":"<script> [1562 bytes]","args":[{"selector":{"controlType":"sap.ui.core.Icon","viewName":"etm.portal.ui.manageresources.view.Detail","viewId":"application-manageresources-display-component---detailRU","properties":{"src":{"regex":{"source":"decline"}}}},"wdio_ui5_key":"etmportal.ui.manageresources.view.Detailsap.ui.core.Icon{\"src\":{\"regex\":{\"source\":\"decline\"}}}"}]}
RESULT: {}
RESULT: {"script":"<script> [1562 bytes]","args":[{"selector":{"controlType":"sap.ui.core.Icon","viewName":"etm.portal.ui.manageresources.view.Detail","viewId":"application-manageresources-display-component---detailRU","properties":{"src":{"regex":{"source":"decline"}}}},"wdio_ui5_key":"etmportal.ui.manageresources.view.Detailsap.ui.core.Icon{\"src\":{\"regex\":{\"source\":\"decline\"}}}"}]}
RESULT: undefined
COMMAND: POST /session/ebb1ebc954cbf4812ba04499f591c499/element - {"using":"xpath","value":"//input[contains(@id ,\"application-manageresources-display-component---masterRU--smartFilterBar-btnBasicSearch-I\")]"}
RESULT: {"using":"xpath","value":"//input[contains(@id ,\"application-manageresources-display-component---masterRU--smartFilterBar-btnBasicSearch-I\")]"}
COMMAND: POST /session/ebb1ebc954cbf4812ba04499f591c499/element/f.D054B36AE906BF7CE57E13973E32BBA6.d.572FA4AECAE21AC517F7F82324BB3698.e.1736/value - {"text":"WdIORUGroup22bjr"}
RESULT: {"text":"WdIORUGroup22bjr"}
COMMAND: GET /session/ebb1ebc954cbf4812ba04499f591c499/screenshot - {}
RESULT: {}
COMMAND: POST /session/ebb1ebc954cbf4812ba04499f591c499/actions - {"actions":[{"id":"action9","type":"key","parameters":{},"actions":[{"type":"keyDown","value":""},{"type":"pause","duration":10},{"type":"keyUp","value":""}]}]}
RESULT: {"actions":[{"id":"action9","type":"key","parameters":{},"actions":[{"type":"keyDown","value":""},{"type":"pause","duration":10},{"type":"keyUp","value":""}]}]}
COMMAND: GET /session/ebb1ebc954cbf4812ba04499f591c499/screenshot - {}
RESULT: {}
COMMAND: POST /session/ebb1ebc954cbf4812ba04499f591c499/execute/async - {"script":"<script> [1562 bytes]","args":[{"selector":{"controlType":"sap.ui.core.Icon","viewName":"etm.portal.ui.manageresources.view.Master","viewId":"application-manageresources-display-component---masterRU","properties":{"src":{"regex":{"source":"slim\\-arrow\\-right"}}}},"wdio_ui5_key":"etmportal.ui.manageresources.view.Mastersap.ui.core.Icon{\"src\":{\"regex\":{\"source\":\"slim\\\\-arrow\\\\-right\"}}}"}]}
RESULT: {"script":"<script> [1562 bytes]","args":[{"selector":{"controlType":"sap.ui.core.Icon","viewName":"etm.portal.ui.manageresources.view.Master","viewId":"application-manageresources-display-component---masterRU","properties":{"src":{"regex":{"source":"slim\\-arrow\\-right"}}}},"wdio_ui5_key":"etmportal.ui.manageresources.view.Mastersap.ui.core.Icon{\"src\":{\"regex\":{\"source\":\"slim\\\\-arrow\\\\-right\"}}}"}]}
RESULT: undefined
COMMAND: POST /session/ebb1ebc954cbf4812ba04499f591c499/element - {"using":"xpath","value":"//*[@id=\"__item660-__clone1713-imgNav\"]"}
RESULT: {"using":"xpath","value":"//*[@id=\"__item660-__clone1713-imgNav\"]"}
COMMAND: POST /session/ebb1ebc954cbf4812ba04499f591c499/element/f.D054B36AE906BF7CE57E13973E32BBA6.d.572FA4AECAE21AC517F7F82324BB3698.e.1908/click - {}
RESULT: {}
COMMAND: GET /session/ebb1ebc954cbf4812ba04499f591c499/screenshot - {}
RESULT: {}
COMMAND: POST /session/ebb1ebc954cbf4812ba04499f591c499/element - {"using":"xpath","value":"//bdi[contains(@id ,\"application-manageresources-display-component---detailRU--openRelatedRus-BDI-content\")]"}
RESULT: {"using":"xpath","value":"//bdi[contains(@id ,\"application-manageresources-display-component---detailRU--openRelatedRus-BDI-content\")]"}
COMMAND: POST /session/ebb1ebc954cbf4812ba04499f591c499/element - {"using":"xpath","value":"//bdi[contains(@id ,\"application-manageresources-display-component---detailRU--openRelatedRus-BDI-content\")]"}
RESULT: {"using":"xpath","value":"//bdi[contains(@id ,\"application-manageresources-display-component---detailRU--openRelatedRus-BDI-content\")]"}
COMMAND: POST /session/ebb1ebc954cbf4812ba04499f591c499/element - {"using":"xpath","value":"//bdi[contains(@id ,\"application-manageresources-display-component---detailRU--openRelatedRus-BDI-content\")]"}
RESULT: {"using":"xpath","value":"//bdi[contains(@id ,\"application-manageresources-display-component---detailRU--openRelatedRus-BDI-content\")]"}
COMMAND: POST /session/ebb1ebc954cbf4812ba04499f591c499/element - {"using":"xpath","value":"//bdi[contains(@id ,\"application-manageresources-display-component---detailRU--openRelatedRus-BDI-content\")]"}
RESULT: {"using":"xpath","value":"//bdi[contains(@id ,\"application-manageresources-display-component---detailRU--openRelatedRus-BDI-content\")]"}
COMMAND: POST /session/ebb1ebc954cbf4812ba04499f591c499/execute/sync - {"script":"<script> [8489 bytes]","args":[{"element-6066-11e4-a52e-4f735466cecf":"f.D054B36AE906BF7CE57E13973E32BBA6.d.572FA4AECAE21AC517F7F82324BB3698.e.2572","ELEMENT":"f.D054B36AE906BF7CE57E13973E32BBA6.d.572FA4AECAE21AC517F7F82324BB3698.e.2572"}]}
RESULT: {"script":"<script> [8489 bytes]","args":[{"element-6066-11e4-a52e-4f735466cecf":"f.D054B36AE906BF7CE57E13973E32BBA6.d.572FA4AECAE21AC517F7F82324BB3698.e.2572","ELEMENT":"f.D054B36AE906BF7CE57E13973E32BBA6.d.572FA4AECAE21AC517F7F82324BB3698.e.2572"}]}
COMMAND: POST /session/ebb1ebc954cbf4812ba04499f591c499/execute/sync - {"script":"<script> [5351 bytes]","args":[{"element-6066-11e4-a52e-4f735466cecf":"f.D054B36AE906BF7CE57E13973E32BBA6.d.572FA4AECAE21AC517F7F82324BB3698.e.2572","ELEMENT":"f.D054B36AE906BF7CE57E13973E32BBA6.d.572FA4AECAE21AC517F7F82324BB3698.e.2572"}]}
COMMAND: GET /session/ebb1ebc954cbf4812ba04499f591c499/screenshot - {}
RESULT: {"script":"<script> [5351 bytes]","args":[{"element-6066-11e4-a52e-4f735466cecf":"f.D054B36AE906BF7CE57E13973E32BBA6.d.572FA4AECAE21AC517F7F82324BB3698.e.2572","ELEMENT":"f.D054B36AE906BF7CE57E13973E32BBA6.d.572FA4AECAE21AC517F7F82324BB3698.e.2572"}]}
COMMAND: POST /session/ebb1ebc954cbf4812ba04499f591c499/element/f.D054B36AE906BF7CE57E13973E32BBA6.d.572FA4AECAE21AC517F7F82324BB3698.e.2572/click - {}
COMMAND: GET /session/ebb1ebc954cbf4812ba04499f591c499/screenshot - {}
RESULT: {}
RESULT: {}
COMMAND: GET /session/ebb1ebc954cbf4812ba04499f591c499/screenshot - {}
COMMAND: POST /session/ebb1ebc954cbf4812ba04499f591c499/element - {"using":"xpath","value":"//*[contains(@data-kt ,\"openRUIdMenuLink\")]"}
RESULT: {}
RESULT: {}
RESULT: {"using":"xpath","value":"//*[contains(@data-kt ,\"openRUIdMenuLink\")]"}
COMMAND: POST /session/ebb1ebc954cbf4812ba04499f591c499/element - {"using":"xpath","value":"//*[contains(@data-kt ,\"openRUIdMenuLink\")]"}
RESULT: {"using":"xpath","value":"//*[contains(@data-kt ,\"openRUIdMenuLink\")]"}
COMMAND: POST /session/ebb1ebc954cbf4812ba04499f591c499/execute/sync - {"script":"<script> [8489 bytes]","args":[{"element-6066-11e4-a52e-4f735466cecf":"f.D054B36AE906BF7CE57E13973E32BBA6.d.572FA4AECAE21AC517F7F82324BB3698.e.2640","ELEMENT":"f.D054B36AE906BF7CE57E13973E32BBA6.d.572FA4AECAE21AC517F7F82324BB3698.e.2640"}]}
RESULT: {"script":"<script> [8489 bytes]","args":[{"element-6066-11e4-a52e-4f735466cecf":"f.D054B36AE906BF7CE57E13973E32BBA6.d.572FA4AECAE21AC517F7F82324BB3698.e.2640","ELEMENT":"f.D054B36AE906BF7CE57E13973E32BBA6.d.572FA4AECAE21AC517F7F82324BB3698.e.2640"}]}
COMMAND: POST /session/ebb1ebc954cbf4812ba04499f591c499/execute/sync - {"script":"<script> [5351 bytes]","args":[{"element-6066-11e4-a52e-4f735466cecf":"f.D054B36AE906BF7CE57E13973E32BBA6.d.572FA4AECAE21AC517F7F82324BB3698.e.2640","ELEMENT":"f.D054B36AE906BF7CE57E13973E32BBA6.d.572FA4AECAE21AC517F7F82324BB3698.e.2640"}]}
COMMAND: GET /session/ebb1ebc954cbf4812ba04499f591c499/screenshot - {}
RESULT: {"script":"<script> [5351 bytes]","args":[{"element-6066-11e4-a52e-4f735466cecf":"f.D054B36AE906BF7CE57E13973E32BBA6.d.572FA4AECAE21AC517F7F82324BB3698.e.2640","ELEMENT":"f.D054B36AE906BF7CE57E13973E32BBA6.d.572FA4AECAE21AC517F7F82324BB3698.e.2640"}]}
COMMAND: POST /session/ebb1ebc954cbf4812ba04499f591c499/execute/async - {"script":"<script> [1562 bytes]","args":[{"selector":{"id":"RelatedRUsFragmentID--smartTableRUs-header","searchOpenDialogs":true},"wdio_ui5_key":"RelatedRUsFragmentIDsmartTableRUs-header"}]}
RESULT: {}
COMMAND: GET /session/ebb1ebc954cbf4812ba04499f591c499/screenshot - {}
RESULT: {"script":"<script> [1562 bytes]","args":[{"selector":{"id":"RelatedRUsFragmentID--smartTableRUs-header","searchOpenDialogs":true},"wdio_ui5_key":"RelatedRUsFragmentIDsmartTableRUs-header"}]}
RESULT: undefined
COMMAND: POST /session/ebb1ebc954cbf4812ba04499f591c499/execute/async - {"script":"<script> [6424 bytes]","args":[{"element-6066-11e4-a52e-4f735466cecf":"f.D054B36AE906BF7CE57E13973E32BBA6.d.572FA4AECAE21AC517F7F82324BB3698.e.2641"},"getText",[]]}
RESULT: {}
RESULT: {"script":"<script> [6424 bytes]","args":[{"element-6066-11e4-a52e-4f735466cecf":"f.D054B36AE906BF7CE57E13973E32BBA6.d.572FA4AECAE21AC517F7F82324BB3698.e.2641"},"getText",[]]}
COMMAND: GET /session/ebb1ebc954cbf4812ba04499f591c499/screenshot - {}
RESULT: {}
]]></system-out>
      <system-err><![CDATA[
Error: expect(received).toEqual(expected) // deep equality

Expected: "Records (2)"
Received: "Records (1)"
    at Context.<anonymous> (D:\a\1\s\test\specs\R2C\related-resources-area-rpg.spec.js:808:31)
]]></system-err>
    </testcase>
    <testcase classname="chrome.136_0_7103_93.windows.Related_resources_for_groups_US139107" name="Should verify the current location hyperlinks in related resources" time="186.432">
      <system-out><![CDATA[
COMMAND: POST /session/ebb1ebc954cbf4812ba04499f591c499/element - {"using":"xpath","value":"//*[contains(@data-kt ,\"openLocationActionMenuLink\")]"}
COMMAND: GET /session/ebb1ebc954cbf4812ba04499f591c499/screenshot - {}
RESULT: {"using":"xpath","value":"//*[contains(@data-kt ,\"openLocationActionMenuLink\")]"}
COMMAND: POST /session/ebb1ebc954cbf4812ba04499f591c499/execute/sync - {"script":"<script> [8489 bytes]","args":[{"element-6066-11e4-a52e-4f735466cecf":"f.D054B36AE906BF7CE57E13973E32BBA6.d.572FA4AECAE21AC517F7F82324BB3698.e.2642","ELEMENT":"f.D054B36AE906BF7CE57E13973E32BBA6.d.572FA4AECAE21AC517F7F82324BB3698.e.2642"}]}
RESULT: {}
RESULT: {"script":"<script> [8489 bytes]","args":[{"element-6066-11e4-a52e-4f735466cecf":"f.D054B36AE906BF7CE57E13973E32BBA6.d.572FA4AECAE21AC517F7F82324BB3698.e.2642","ELEMENT":"f.D054B36AE906BF7CE57E13973E32BBA6.d.572FA4AECAE21AC517F7F82324BB3698.e.2642"}]}
COMMAND: POST /session/ebb1ebc954cbf4812ba04499f591c499/execute/sync - {"script":"<script> [5351 bytes]","args":[{"element-6066-11e4-a52e-4f735466cecf":"f.D054B36AE906BF7CE57E13973E32BBA6.d.572FA4AECAE21AC517F7F82324BB3698.e.2642","ELEMENT":"f.D054B36AE906BF7CE57E13973E32BBA6.d.572FA4AECAE21AC517F7F82324BB3698.e.2642"}]}
COMMAND: GET /session/ebb1ebc954cbf4812ba04499f591c499/screenshot - {}
RESULT: {"script":"<script> [5351 bytes]","args":[{"element-6066-11e4-a52e-4f735466cecf":"f.D054B36AE906BF7CE57E13973E32BBA6.d.572FA4AECAE21AC517F7F82324BB3698.e.2642","ELEMENT":"f.D054B36AE906BF7CE57E13973E32BBA6.d.572FA4AECAE21AC517F7F82324BB3698.e.2642"}]}
COMMAND: POST /session/ebb1ebc954cbf4812ba04499f591c499/element/f.D054B36AE906BF7CE57E13973E32BBA6.d.572FA4AECAE21AC517F7F82324BB3698.e.2642/click - {}
COMMAND: GET /session/ebb1ebc954cbf4812ba04499f591c499/screenshot - {}
RESULT: {}
RESULT: {}
COMMAND: GET /session/ebb1ebc954cbf4812ba04499f591c499/screenshot - {}
RESULT: {}
RESULT: {}
COMMAND: POST /session/ebb1ebc954cbf4812ba04499f591c499/element - {"using":"xpath","value":"//a[contains(@class ,\"sapMLnk sapMLnkMaxWidth sapUiTinyMarginTop\")][contains(text(), \"Yard Overview\")]"}
RESULT: {"using":"xpath","value":"//a[contains(@class ,\"sapMLnk sapMLnkMaxWidth sapUiTinyMarginTop\")][contains(text(), \"Yard Overview\")]"}
COMMAND: POST /session/ebb1ebc954cbf4812ba04499f591c499/execute/sync - {"script":"<script> [8489 bytes]","args":[{"element-6066-11e4-a52e-4f735466cecf":"f.D054B36AE906BF7CE57E13973E32BBA6.d.572FA4AECAE21AC517F7F82324BB3698.e.2644","ELEMENT":"f.D054B36AE906BF7CE57E13973E32BBA6.d.572FA4AECAE21AC517F7F82324BB3698.e.2644"}]}
COMMAND: POST /session/ebb1ebc954cbf4812ba04499f591c499/element - {"using":"xpath","value":"//a[contains(@class ,\"sapMLnk sapMLnkMaxWidth sapUiTinyMarginTop\")][contains(text(), \"Yard Address\")]"}
RESULT: {"using":"xpath","value":"//a[contains(@class ,\"sapMLnk sapMLnkMaxWidth sapUiTinyMarginTop\")][contains(text(), \"Yard Address\")]"}
COMMAND: POST /session/ebb1ebc954cbf4812ba04499f591c499/execute/sync - {"script":"<script> [8489 bytes]","args":[{"element-6066-11e4-a52e-4f735466cecf":"f.D054B36AE906BF7CE57E13973E32BBA6.d.572FA4AECAE21AC517F7F82324BB3698.e.2645","ELEMENT":"f.D054B36AE906BF7CE57E13973E32BBA6.d.572FA4AECAE21AC517F7F82324BB3698.e.2645"}]}
COMMAND: POST /session/ebb1ebc954cbf4812ba04499f591c499/element/f.D054B36AE906BF7CE57E13973E32BBA6.d.572FA4AECAE21AC517F7F82324BB3698.e.2644/click - {}
RESULT: {"script":"<script> [8489 bytes]","args":[{"element-6066-11e4-a52e-4f735466cecf":"f.D054B36AE906BF7CE57E13973E32BBA6.d.572FA4AECAE21AC517F7F82324BB3698.e.2644","ELEMENT":"f.D054B36AE906BF7CE57E13973E32BBA6.d.572FA4AECAE21AC517F7F82324BB3698.e.2644"}]}
COMMAND: GET /session/ebb1ebc954cbf4812ba04499f591c499/screenshot - {}
RESULT: {"script":"<script> [8489 bytes]","args":[{"element-6066-11e4-a52e-4f735466cecf":"f.D054B36AE906BF7CE57E13973E32BBA6.d.572FA4AECAE21AC517F7F82324BB3698.e.2645","ELEMENT":"f.D054B36AE906BF7CE57E13973E32BBA6.d.572FA4AECAE21AC517F7F82324BB3698.e.2645"}]}
COMMAND: GET /session/ebb1ebc954cbf4812ba04499f591c499/screenshot - {}
RESULT: {}
COMMAND: GET /session/ebb1ebc954cbf4812ba04499f591c499/screenshot - {}
RESULT: {}
RESULT: {}
RESULT: {}
COMMAND: POST /session/ebb1ebc954cbf4812ba04499f591c499/execute/async - {"script":"<script> [1562 bytes]","args":[{"selector":{"id":"shellAppTitle"},"wdio_ui5_key":"shellAppTitle"}]}
RESULT: {"script":"<script> [1562 bytes]","args":[{"selector":{"id":"shellAppTitle"},"wdio_ui5_key":"shellAppTitle"}]}
RESULT: undefined
COMMAND: POST /session/ebb1ebc954cbf4812ba04499f591c499/execute/async - {"script":"<script> [6424 bytes]","args":[{"element-6066-11e4-a52e-4f735466cecf":"f.D054B36AE906BF7CE57E13973E32BBA6.d.572FA4AECAE21AC517F7F82324BB3698.e.2745"},"getTitle",[]]}
RESULT: {"script":"<script> [6424 bytes]","args":[{"element-6066-11e4-a52e-4f735466cecf":"f.D054B36AE906BF7CE57E13973E32BBA6.d.572FA4AECAE21AC517F7F82324BB3698.e.2745"},"getTitle",[]]}
COMMAND: POST /session/ebb1ebc954cbf4812ba04499f591c499/element - {"using":"xpath","value":"(//span[contains(text(), \"WebdriverYardrislfg\")])[2]"}
RESULT: {"using":"xpath","value":"(//span[contains(text(), \"WebdriverYardrislfg\")])[2]"}
COMMAND: POST /session/ebb1ebc954cbf4812ba04499f591c499/execute/sync - {"script":"<script> [8489 bytes]","args":[{"element-6066-11e4-a52e-4f735466cecf":"f.D054B36AE906BF7CE57E13973E32BBA6.d.572FA4AECAE21AC517F7F82324BB3698.e.2746","ELEMENT":"f.D054B36AE906BF7CE57E13973E32BBA6.d.572FA4AECAE21AC517F7F82324BB3698.e.2746"}]}
COMMAND: POST /session/ebb1ebc954cbf4812ba04499f591c499/execute/async - {"script":"<script> [1562 bytes]","args":[{"selector":{"id":"backBtn"},"wdio_ui5_key":"backBtn"}]}
RESULT: {"script":"<script> [8489 bytes]","args":[{"element-6066-11e4-a52e-4f735466cecf":"f.D054B36AE906BF7CE57E13973E32BBA6.d.572FA4AECAE21AC517F7F82324BB3698.e.2746","ELEMENT":"f.D054B36AE906BF7CE57E13973E32BBA6.d.572FA4AECAE21AC517F7F82324BB3698.e.2746"}]}
COMMAND: GET /session/ebb1ebc954cbf4812ba04499f591c499/screenshot - {}
RESULT: {"script":"<script> [1562 bytes]","args":[{"selector":{"id":"backBtn"},"wdio_ui5_key":"backBtn"}]}
RESULT: undefined
COMMAND: POST /session/ebb1ebc954cbf4812ba04499f591c499/element - {"using":"xpath","value":"//*[@id=\"backBtn\"]"}
COMMAND: POST /session/ebb1ebc954cbf4812ba04499f591c499/execute/sync - {"script":"<script> [8489 bytes]","args":[{"element-6066-11e4-a52e-4f735466cecf":"f.D054B36AE906BF7CE57E13973E32BBA6.d.572FA4AECAE21AC517F7F82324BB3698.e.2746","ELEMENT":"f.D054B36AE906BF7CE57E13973E32BBA6.d.572FA4AECAE21AC517F7F82324BB3698.e.2746"}]}
RESULT: {}
RESULT: {"using":"xpath","value":"//*[@id=\"backBtn\"]"}
COMMAND: POST /session/ebb1ebc954cbf4812ba04499f591c499/element/f.D054B36AE906BF7CE57E13973E32BBA6.d.572FA4AECAE21AC517F7F82324BB3698.e.2747/click - {}
RESULT: {"script":"<script> [8489 bytes]","args":[{"element-6066-11e4-a52e-4f735466cecf":"f.D054B36AE906BF7CE57E13973E32BBA6.d.572FA4AECAE21AC517F7F82324BB3698.e.2746","ELEMENT":"f.D054B36AE906BF7CE57E13973E32BBA6.d.572FA4AECAE21AC517F7F82324BB3698.e.2746"}]}
COMMAND: GET /session/ebb1ebc954cbf4812ba04499f591c499/screenshot - {}
RESULT: {}
COMMAND: GET /session/ebb1ebc954cbf4812ba04499f591c499/screenshot - {}
COMMAND: POST /session/ebb1ebc954cbf4812ba04499f591c499/execute/sync - {"script":"<script> [8489 bytes]","args":[{"element-6066-11e4-a52e-4f735466cecf":"f.D054B36AE906BF7CE57E13973E32BBA6.d.572FA4AECAE21AC517F7F82324BB3698.e.2746","ELEMENT":"f.D054B36AE906BF7CE57E13973E32BBA6.d.572FA4AECAE21AC517F7F82324BB3698.e.2746"}]}
RESULT: {}
RESULT: {}
COMMAND: POST /session/ebb1ebc954cbf4812ba04499f591c499/element - {"using":"xpath","value":"(//span[contains(text(), \"WebdriverYardrislfg\")])[2]"}
COMMAND: POST /session/ebb1ebc954cbf4812ba04499f591c499/element - {"using":"xpath","value":"//bdi[contains(@id ,\"application-manageresources-display-component---detailRU--openRelatedRus-BDI-content\")]"}
RESULT: {"using":"xpath","value":"(//span[contains(text(), \"WebdriverYardrislfg\")])[2]"}
COMMAND: POST /session/ebb1ebc954cbf4812ba04499f591c499/execute/sync - {"script":"<script> [8489 bytes]","args":[{"element-6066-11e4-a52e-4f735466cecf":"f.D054B36AE906BF7CE57E13973E32BBA6.d.572FA4AECAE21AC517F7F82324BB3698.e.3166","ELEMENT":"f.D054B36AE906BF7CE57E13973E32BBA6.d.572FA4AECAE21AC517F7F82324BB3698.e.3166"}]}
RESULT: {"using":"xpath","value":"//bdi[contains(@id ,\"application-manageresources-display-component---detailRU--openRelatedRus-BDI-content\")]"}
COMMAND: POST /session/ebb1ebc954cbf4812ba04499f591c499/execute/sync - {"script":"<script> [8489 bytes]","args":[{"element-6066-11e4-a52e-4f735466cecf":"f.D054B36AE906BF7CE57E13973E32BBA6.d.572FA4AECAE21AC517F7F82324BB3698.e.3167","ELEMENT":"f.D054B36AE906BF7CE57E13973E32BBA6.d.572FA4AECAE21AC517F7F82324BB3698.e.3167"}]}
RESULT: {"script":"<script> [8489 bytes]","args":[{"element-6066-11e4-a52e-4f735466cecf":"f.D054B36AE906BF7CE57E13973E32BBA6.d.572FA4AECAE21AC517F7F82324BB3698.e.3166","ELEMENT":"f.D054B36AE906BF7CE57E13973E32BBA6.d.572FA4AECAE21AC517F7F82324BB3698.e.3166"}]}
COMMAND: GET /session/ebb1ebc954cbf4812ba04499f591c499/screenshot - {}
RESULT: {"script":"<script> [8489 bytes]","args":[{"element-6066-11e4-a52e-4f735466cecf":"f.D054B36AE906BF7CE57E13973E32BBA6.d.572FA4AECAE21AC517F7F82324BB3698.e.3167","ELEMENT":"f.D054B36AE906BF7CE57E13973E32BBA6.d.572FA4AECAE21AC517F7F82324BB3698.e.3167"}]}
COMMAND: POST /session/ebb1ebc954cbf4812ba04499f591c499/execute/sync - {"script":"<script> [5351 bytes]","args":[{"element-6066-11e4-a52e-4f735466cecf":"f.D054B36AE906BF7CE57E13973E32BBA6.d.572FA4AECAE21AC517F7F82324BB3698.e.3167","ELEMENT":"f.D054B36AE906BF7CE57E13973E32BBA6.d.572FA4AECAE21AC517F7F82324BB3698.e.3167"}]}
COMMAND: GET /session/ebb1ebc954cbf4812ba04499f591c499/screenshot - {}
RESULT: {}
RESULT: {"script":"<script> [5351 bytes]","args":[{"element-6066-11e4-a52e-4f735466cecf":"f.D054B36AE906BF7CE57E13973E32BBA6.d.572FA4AECAE21AC517F7F82324BB3698.e.3167","ELEMENT":"f.D054B36AE906BF7CE57E13973E32BBA6.d.572FA4AECAE21AC517F7F82324BB3698.e.3167"}]}
COMMAND: POST /session/ebb1ebc954cbf4812ba04499f591c499/element/f.D054B36AE906BF7CE57E13973E32BBA6.d.572FA4AECAE21AC517F7F82324BB3698.e.3167/click - {}
COMMAND: GET /session/ebb1ebc954cbf4812ba04499f591c499/screenshot - {}
RESULT: {}
RESULT: {}
COMMAND: GET /session/ebb1ebc954cbf4812ba04499f591c499/screenshot - {}
RESULT: {}
RESULT: {}
COMMAND: POST /session/ebb1ebc954cbf4812ba04499f591c499/element/f.D054B36AE906BF7CE57E13973E32BBA6.d.572FA4AECAE21AC517F7F82324BB3698.e.2642/click - {}
COMMAND: POST /session/ebb1ebc954cbf4812ba04499f591c499/element - {"using":"xpath","value":"//*[contains(@data-kt ,\"openLocationActionMenuLink\")]"}
RESULT: {"using":"xpath","value":"//*[contains(@data-kt ,\"openLocationActionMenuLink\")]"}
COMMAND: POST /session/ebb1ebc954cbf4812ba04499f591c499/element/f.D054B36AE906BF7CE57E13973E32BBA6.d.572FA4AECAE21AC517F7F82324BB3698.e.2642/click - {}
COMMAND: POST /session/ebb1ebc954cbf4812ba04499f591c499/element - {"using":"xpath","value":"//*[contains(@data-kt ,\"openLocationActionMenuLink\")]"}
RESULT: {"using":"xpath","value":"//*[contains(@data-kt ,\"openLocationActionMenuLink\")]"}
COMMAND: POST /session/ebb1ebc954cbf4812ba04499f591c499/element/f.D054B36AE906BF7CE57E13973E32BBA6.d.572FA4AECAE21AC517F7F82324BB3698.e.3171/click - {}
RESULT: {}
COMMAND: GET /session/ebb1ebc954cbf4812ba04499f591c499/screenshot - {}
RESULT: {}
COMMAND: POST /session/ebb1ebc954cbf4812ba04499f591c499/element/f.D054B36AE906BF7CE57E13973E32BBA6.d.572FA4AECAE21AC517F7F82324BB3698.e.2645/click - {}
COMMAND: POST /session/ebb1ebc954cbf4812ba04499f591c499/element - {"using":"xpath","value":"//a[contains(@class ,\"sapMLnk sapMLnkMaxWidth sapUiTinyMarginTop\")][contains(text(), \"Yard Address\")]"}
RESULT: {"using":"xpath","value":"//a[contains(@class ,\"sapMLnk sapMLnkMaxWidth sapUiTinyMarginTop\")][contains(text(), \"Yard Address\")]"}
COMMAND: POST /session/ebb1ebc954cbf4812ba04499f591c499/element/f.D054B36AE906BF7CE57E13973E32BBA6.d.572FA4AECAE21AC517F7F82324BB3698.e.2645/click - {}
COMMAND: POST /session/ebb1ebc954cbf4812ba04499f591c499/element - {"using":"xpath","value":"//a[contains(@class ,\"sapMLnk sapMLnkMaxWidth sapUiTinyMarginTop\")][contains(text(), \"Yard Address\")]"}
RESULT: {"using":"xpath","value":"//a[contains(@class ,\"sapMLnk sapMLnkMaxWidth sapUiTinyMarginTop\")][contains(text(), \"Yard Address\")]"}
COMMAND: POST /session/ebb1ebc954cbf4812ba04499f591c499/element/f.D054B36AE906BF7CE57E13973E32BBA6.d.572FA4AECAE21AC517F7F82324BB3698.e.3173/click - {}
RESULT: {}
COMMAND: GET /session/ebb1ebc954cbf4812ba04499f591c499/screenshot - {}
RESULT: {}
RESULT: undefined
COMMAND: POST /session/ebb1ebc954cbf4812ba04499f591c499/execute/async - {"script":"<script> [6424 bytes]","args":[{"element-6066-11e4-a52e-4f735466cecf":"f.D054B36AE906BF7CE57E13973E32BBA6.d.572FA4AECAE21AC517F7F82324BB3698.e.2745"},"getTitle",[]]}
COMMAND: POST /session/ebb1ebc954cbf4812ba04499f591c499/execute/async - {"script":"<script> [1562 bytes]","args":[{"selector":{"id":"shellAppTitle"},"wdio_ui5_key":"shellAppTitle"}]}
RESULT: {"script":"<script> [1562 bytes]","args":[{"selector":{"id":"shellAppTitle"},"wdio_ui5_key":"shellAppTitle"}]}
COMMAND: POST /session/ebb1ebc954cbf4812ba04499f591c499/execute/async - {"script":"<script> [6424 bytes]","args":[{"element-6066-11e4-a52e-4f735466cecf":"f.D054B36AE906BF7CE57E13973E32BBA6.d.572FA4AECAE21AC517F7F82324BB3698.e.3375"},"getTitle",[]]}
RESULT: {"script":"<script> [6424 bytes]","args":[{"element-6066-11e4-a52e-4f735466cecf":"f.D054B36AE906BF7CE57E13973E32BBA6.d.572FA4AECAE21AC517F7F82324BB3698.e.3375"},"getTitle",[]]}
COMMAND: POST /session/ebb1ebc954cbf4812ba04499f591c499/element - {"using":"xpath","value":"//span[contains(@id ,\"application-addressmanagement-display-component---detailAdm--addressDetailDetailsName1\")][contains(text(), \"WebdriverYardrislfg\")]"}
RESULT: {"using":"xpath","value":"//span[contains(@id ,\"application-addressmanagement-display-component---detailAdm--addressDetailDetailsName1\")][contains(text(), \"WebdriverYardrislfg\")]"}
COMMAND: POST /session/ebb1ebc954cbf4812ba04499f591c499/execute/sync - {"script":"<script> [8489 bytes]","args":[{"element-6066-11e4-a52e-4f735466cecf":"f.D054B36AE906BF7CE57E13973E32BBA6.d.572FA4AECAE21AC517F7F82324BB3698.e.3376","ELEMENT":"f.D054B36AE906BF7CE57E13973E32BBA6.d.572FA4AECAE21AC517F7F82324BB3698.e.3376"}]}
RESULT: undefined
COMMAND: POST /session/ebb1ebc954cbf4812ba04499f591c499/element - {"using":"xpath","value":"//*[@id=\"backBtn\"]"}
RESULT: {"script":"<script> [8489 bytes]","args":[{"element-6066-11e4-a52e-4f735466cecf":"f.D054B36AE906BF7CE57E13973E32BBA6.d.572FA4AECAE21AC517F7F82324BB3698.e.3376","ELEMENT":"f.D054B36AE906BF7CE57E13973E32BBA6.d.572FA4AECAE21AC517F7F82324BB3698.e.3376"}]}
COMMAND: GET /session/ebb1ebc954cbf4812ba04499f591c499/screenshot - {}
RESULT: {"using":"xpath","value":"//*[@id=\"backBtn\"]"}
COMMAND: POST /session/ebb1ebc954cbf4812ba04499f591c499/element/f.D054B36AE906BF7CE57E13973E32BBA6.d.572FA4AECAE21AC517F7F82324BB3698.e.2747/click - {}
RESULT: {}
RESULT: {}
COMMAND: GET /session/ebb1ebc954cbf4812ba04499f591c499/screenshot - {}
RESULT: {}
COMMAND: POST /session/ebb1ebc954cbf4812ba04499f591c499/execute/sync - {"script":"<script> [8489 bytes]","args":[{"element-6066-11e4-a52e-4f735466cecf":"f.D054B36AE906BF7CE57E13973E32BBA6.d.572FA4AECAE21AC517F7F82324BB3698.e.3167","ELEMENT":"f.D054B36AE906BF7CE57E13973E32BBA6.d.572FA4AECAE21AC517F7F82324BB3698.e.3167"}]}
COMMAND: POST /session/ebb1ebc954cbf4812ba04499f591c499/element - {"using":"xpath","value":"//bdi[contains(@id ,\"application-manageresources-display-component---detailRU--openRelatedRus-BDI-content\")]"}
RESULT: {"using":"xpath","value":"//bdi[contains(@id ,\"application-manageresources-display-component---detailRU--openRelatedRus-BDI-content\")]"}
COMMAND: POST /session/ebb1ebc954cbf4812ba04499f591c499/execute/sync - {"script":"<script> [8489 bytes]","args":[{"element-6066-11e4-a52e-4f735466cecf":"f.D054B36AE906BF7CE57E13973E32BBA6.d.572FA4AECAE21AC517F7F82324BB3698.e.3777","ELEMENT":"f.D054B36AE906BF7CE57E13973E32BBA6.d.572FA4AECAE21AC517F7F82324BB3698.e.3777"}]}
RESULT: {"script":"<script> [8489 bytes]","args":[{"element-6066-11e4-a52e-4f735466cecf":"f.D054B36AE906BF7CE57E13973E32BBA6.d.572FA4AECAE21AC517F7F82324BB3698.e.3777","ELEMENT":"f.D054B36AE906BF7CE57E13973E32BBA6.d.572FA4AECAE21AC517F7F82324BB3698.e.3777"}]}
COMMAND: POST /session/ebb1ebc954cbf4812ba04499f591c499/execute/sync - {"script":"<script> [5351 bytes]","args":[{"element-6066-11e4-a52e-4f735466cecf":"f.D054B36AE906BF7CE57E13973E32BBA6.d.572FA4AECAE21AC517F7F82324BB3698.e.3777","ELEMENT":"f.D054B36AE906BF7CE57E13973E32BBA6.d.572FA4AECAE21AC517F7F82324BB3698.e.3777"}]}
COMMAND: GET /session/ebb1ebc954cbf4812ba04499f591c499/screenshot - {}
RESULT: {"script":"<script> [5351 bytes]","args":[{"element-6066-11e4-a52e-4f735466cecf":"f.D054B36AE906BF7CE57E13973E32BBA6.d.572FA4AECAE21AC517F7F82324BB3698.e.3777","ELEMENT":"f.D054B36AE906BF7CE57E13973E32BBA6.d.572FA4AECAE21AC517F7F82324BB3698.e.3777"}]}
COMMAND: POST /session/ebb1ebc954cbf4812ba04499f591c499/element/f.D054B36AE906BF7CE57E13973E32BBA6.d.572FA4AECAE21AC517F7F82324BB3698.e.3777/click - {}
COMMAND: GET /session/ebb1ebc954cbf4812ba04499f591c499/screenshot - {}
RESULT: {}
RESULT: {}
COMMAND: GET /session/ebb1ebc954cbf4812ba04499f591c499/screenshot - {}
RESULT: {}
RESULT: {}
COMMAND: POST /session/ebb1ebc954cbf4812ba04499f591c499/element/f.D054B36AE906BF7CE57E13973E32BBA6.d.572FA4AECAE21AC517F7F82324BB3698.e.3171/click - {}
COMMAND: POST /session/ebb1ebc954cbf4812ba04499f591c499/element - {"using":"xpath","value":"//*[contains(@data-kt ,\"openLocationActionMenuLink\")]"}
RESULT: {"using":"xpath","value":"//*[contains(@data-kt ,\"openLocationActionMenuLink\")]"}
COMMAND: POST /session/ebb1ebc954cbf4812ba04499f591c499/element/f.D054B36AE906BF7CE57E13973E32BBA6.d.572FA4AECAE21AC517F7F82324BB3698.e.3171/click - {}
COMMAND: POST /session/ebb1ebc954cbf4812ba04499f591c499/element - {"using":"xpath","value":"//*[contains(@data-kt ,\"openLocationActionMenuLink\")]"}
RESULT: {"using":"xpath","value":"//*[contains(@data-kt ,\"openLocationActionMenuLink\")]"}
COMMAND: POST /session/ebb1ebc954cbf4812ba04499f591c499/element/f.D054B36AE906BF7CE57E13973E32BBA6.d.572FA4AECAE21AC517F7F82324BB3698.e.3781/click - {}
RESULT: {}
COMMAND: GET /session/ebb1ebc954cbf4812ba04499f591c499/screenshot - {}
RESULT: {}
COMMAND: POST /session/ebb1ebc954cbf4812ba04499f591c499/element - {"using":"xpath","value":"(//button[contains(@title ,\"Open in new tab\")])[1]"}
RESULT: {"using":"xpath","value":"(//button[contains(@title ,\"Open in new tab\")])[1]"}
COMMAND: POST /session/ebb1ebc954cbf4812ba04499f591c499/element/f.D054B36AE906BF7CE57E13973E32BBA6.d.572FA4AECAE21AC517F7F82324BB3698.e.3782/click - {}
RESULT: {}
COMMAND: GET /session/ebb1ebc954cbf4812ba04499f591c499/screenshot - {}
RESULT: {}
COMMAND: GET /session/ebb1ebc954cbf4812ba04499f591c499/window/handles - {}
RESULT: {}
COMMAND: POST /session/ebb1ebc954cbf4812ba04499f591c499/window - {"handle":"AA8FC9E4CCC4A3A6730F44000A70D408"}
RESULT: {"handle":"AA8FC9E4CCC4A3A6730F44000A70D408"}
COMMAND: GET /session/ebb1ebc954cbf4812ba04499f591c499/url - {}
RESULT: {}
COMMAND: GET /session/ebb1ebc954cbf4812ba04499f591c499/screenshot - {}
COMMAND: POST /session/ebb1ebc954cbf4812ba04499f591c499/execute/sync - {"script":"<script> [8489 bytes]","args":[{"element-6066-11e4-a52e-4f735466cecf":"f.D054B36AE906BF7CE57E13973E32BBA6.d.572FA4AECAE21AC517F7F82324BB3698.e.3166","ELEMENT":"f.D054B36AE906BF7CE57E13973E32BBA6.d.572FA4AECAE21AC517F7F82324BB3698.e.3166"}]}
COMMAND: DELETE /session/ebb1ebc954cbf4812ba04499f591c499/window - {}
RESULT: {}
RESULT: {}
COMMAND: POST /session/ebb1ebc954cbf4812ba04499f591c499/window - {"handle":"D054B36AE906BF7CE57E13973E32BBA6"}
RESULT: {"handle":"D054B36AE906BF7CE57E13973E32BBA6"}
COMMAND: GET /session/ebb1ebc954cbf4812ba04499f591c499/url - {}
COMMAND: POST /session/ebb1ebc954cbf4812ba04499f591c499/element - {"using":"xpath","value":"(//span[contains(text(), \"WebdriverYardrislfg\")])[2]"}
RESULT: {}
RESULT: {"using":"xpath","value":"(//span[contains(text(), \"WebdriverYardrislfg\")])[2]"}
COMMAND: POST /session/ebb1ebc954cbf4812ba04499f591c499/execute/sync - {"script":"<script> [8489 bytes]","args":[{"element-6066-11e4-a52e-4f735466cecf":"f.D054B36AE906BF7CE57E13973E32BBA6.d.572FA4AECAE21AC517F7F82324BB3698.e.3787","ELEMENT":"f.D054B36AE906BF7CE57E13973E32BBA6.d.572FA4AECAE21AC517F7F82324BB3698.e.3787"}]}
COMMAND: GET /session/ebb1ebc954cbf4812ba04499f591c499/screenshot - {}
RESULT: {"script":"<script> [8489 bytes]","args":[{"element-6066-11e4-a52e-4f735466cecf":"f.D054B36AE906BF7CE57E13973E32BBA6.d.572FA4AECAE21AC517F7F82324BB3698.e.3787","ELEMENT":"f.D054B36AE906BF7CE57E13973E32BBA6.d.572FA4AECAE21AC517F7F82324BB3698.e.3787"}]}
RESULT: {}
COMMAND: GET /session/ebb1ebc954cbf4812ba04499f591c499/screenshot - {}
RESULT: {}
COMMAND: POST /session/ebb1ebc954cbf4812ba04499f591c499/element - {"using":"xpath","value":"(//button[contains(@title ,\"Open in new tab\")])[2]"}
RESULT: {"using":"xpath","value":"(//button[contains(@title ,\"Open in new tab\")])[2]"}
COMMAND: POST /session/ebb1ebc954cbf4812ba04499f591c499/element/f.D054B36AE906BF7CE57E13973E32BBA6.d.572FA4AECAE21AC517F7F82324BB3698.e.3788/click - {}
RESULT: {}
COMMAND: GET /session/ebb1ebc954cbf4812ba04499f591c499/screenshot - {}
RESULT: {}
COMMAND: GET /session/ebb1ebc954cbf4812ba04499f591c499/window/handles - {}
RESULT: {}
COMMAND: POST /session/ebb1ebc954cbf4812ba04499f591c499/window - {"handle":"FEB60CEAE76484BC001EDA4460BBAD5C"}
RESULT: {"handle":"FEB60CEAE76484BC001EDA4460BBAD5C"}
COMMAND: GET /session/ebb1ebc954cbf4812ba04499f591c499/url - {}
RESULT: {}
COMMAND: GET /session/ebb1ebc954cbf4812ba04499f591c499/screenshot - {}
RESULT: {}
COMMAND: POST /session/ebb1ebc954cbf4812ba04499f591c499/execute/sync - {"script":"<script> [8489 bytes]","args":[{"element-6066-11e4-a52e-4f735466cecf":"f.D054B36AE906BF7CE57E13973E32BBA6.d.572FA4AECAE21AC517F7F82324BB3698.e.3376","ELEMENT":"f.D054B36AE906BF7CE57E13973E32BBA6.d.572FA4AECAE21AC517F7F82324BB3698.e.3376"}]}
COMMAND: DELETE /session/ebb1ebc954cbf4812ba04499f591c499/window - {}
RESULT: {}
COMMAND: POST /session/ebb1ebc954cbf4812ba04499f591c499/window - {"handle":"D054B36AE906BF7CE57E13973E32BBA6"}
RESULT: {"handle":"D054B36AE906BF7CE57E13973E32BBA6"}
COMMAND: GET /session/ebb1ebc954cbf4812ba04499f591c499/url - {}
COMMAND: POST /session/ebb1ebc954cbf4812ba04499f591c499/element - {"using":"xpath","value":"//span[contains(@id ,\"application-addressmanagement-display-component---detailAdm--addressDetailDetailsName1\")][contains(text(), \"WebdriverYardrislfg\")]"}
RESULT: {}
COMMAND: GET /session/ebb1ebc954cbf4812ba04499f591c499/screenshot - {}
RESULT: {"using":"xpath","value":"//span[contains(@id ,\"application-addressmanagement-display-component---detailAdm--addressDetailDetailsName1\")][contains(text(), \"WebdriverYardrislfg\")]"}
COMMAND: POST /session/ebb1ebc954cbf4812ba04499f591c499/element - {"using":"xpath","value":"//span[contains(@id ,\"application-addressmanagement-display-component---detailAdm--addressDetailDetailsName1\")][contains(text(), \"WebdriverYardrislfg\")]"}
RESULT: {}
RESULT: {"using":"xpath","value":"//span[contains(@id ,\"application-addressmanagement-display-component---detailAdm--addressDetailDetailsName1\")][contains(text(), \"WebdriverYardrislfg\")]"}
COMMAND: POST /session/ebb1ebc954cbf4812ba04499f591c499/element - {"using":"xpath","value":"//span[contains(@id ,\"application-addressmanagement-display-component---detailAdm--addressDetailDetailsName1\")][contains(text(), \"WebdriverYardrislfg\")]"}
RESULT: {"using":"xpath","value":"//span[contains(@id ,\"application-addressmanagement-display-component---detailAdm--addressDetailDetailsName1\")][contains(text(), \"WebdriverYardrislfg\")]"}
COMMAND: POST /session/ebb1ebc954cbf4812ba04499f591c499/element - {"using":"xpath","value":"//span[contains(@id ,\"application-addressmanagement-display-component---detailAdm--addressDetailDetailsName1\")][contains(text(), \"WebdriverYardrislfg\")]"}
RESULT: {"using":"xpath","value":"//span[contains(@id ,\"application-addressmanagement-display-component---detailAdm--addressDetailDetailsName1\")][contains(text(), \"WebdriverYardrislfg\")]"}
COMMAND: POST /session/ebb1ebc954cbf4812ba04499f591c499/element - {"using":"xpath","value":"//span[contains(@id ,\"application-addressmanagement-display-component---detailAdm--addressDetailDetailsName1\")][contains(text(), \"WebdriverYardrislfg\")]"}
RESULT: {"using":"xpath","value":"//span[contains(@id ,\"application-addressmanagement-display-component---detailAdm--addressDetailDetailsName1\")][contains(text(), \"WebdriverYardrislfg\")]"}
COMMAND: POST /session/ebb1ebc954cbf4812ba04499f591c499/element - {"using":"xpath","value":"//span[contains(@id ,\"application-addressmanagement-display-component---detailAdm--addressDetailDetailsName1\")][contains(text(), \"WebdriverYardrislfg\")]"}
RESULT: {"using":"xpath","value":"//span[contains(@id ,\"application-addressmanagement-display-component---detailAdm--addressDetailDetailsName1\")][contains(text(), \"WebdriverYardrislfg\")]"}
COMMAND: POST /session/ebb1ebc954cbf4812ba04499f591c499/element - {"using":"xpath","value":"//span[contains(@id ,\"application-addressmanagement-display-component---detailAdm--addressDetailDetailsName1\")][contains(text(), \"WebdriverYardrislfg\")]"}
RESULT: {"using":"xpath","value":"//span[contains(@id ,\"application-addressmanagement-display-component---detailAdm--addressDetailDetailsName1\")][contains(text(), \"WebdriverYardrislfg\")]"}
COMMAND: POST /session/ebb1ebc954cbf4812ba04499f591c499/element - {"using":"xpath","value":"//span[contains(@id ,\"application-addressmanagement-display-component---detailAdm--addressDetailDetailsName1\")][contains(text(), \"WebdriverYardrislfg\")]"}
RESULT: {"using":"xpath","value":"//span[contains(@id ,\"application-addressmanagement-display-component---detailAdm--addressDetailDetailsName1\")][contains(text(), \"WebdriverYardrislfg\")]"}
COMMAND: POST /session/ebb1ebc954cbf4812ba04499f591c499/element - {"using":"xpath","value":"//span[contains(@id ,\"application-addressmanagement-display-component---detailAdm--addressDetailDetailsName1\")][contains(text(), \"WebdriverYardrislfg\")]"}
RESULT: {"using":"xpath","value":"//span[contains(@id ,\"application-addressmanagement-display-component---detailAdm--addressDetailDetailsName1\")][contains(text(), \"WebdriverYardrislfg\")]"}
COMMAND: POST /session/ebb1ebc954cbf4812ba04499f591c499/element - {"using":"xpath","value":"//span[contains(@id ,\"application-addressmanagement-display-component---detailAdm--addressDetailDetailsName1\")][contains(text(), \"WebdriverYardrislfg\")]"}
RESULT: {"using":"xpath","value":"//span[contains(@id ,\"application-addressmanagement-display-component---detailAdm--addressDetailDetailsName1\")][contains(text(), \"WebdriverYardrislfg\")]"}
]]></system-out>
    </testcase>
    <testcase classname="chrome.136_0_7103_93.windows.Related_resources_for_groups_US139107" name="Should set one equipment to inactive and verify that it does not show in the releated resources" time="73.934">
      <failure/>
      <error message="expect(received).toEqual(expected) // deep equality&#xA;&#xA;Expected: &quot;Records (1)&quot;&#xA;Received: &quot;Records&quot;"/>
      <system-out><![CDATA[
COMMAND: POST /session/ebb1ebc954cbf4812ba04499f591c499/element - {"using":"xpath","value":"//*[contains(@data-kt ,\"openRUIdMenuLink\")]"}
RESULT: {"using":"xpath","value":"//*[contains(@data-kt ,\"openRUIdMenuLink\")]"}
COMMAND: POST /session/ebb1ebc954cbf4812ba04499f591c499/execute/sync - {"script":"<script> [8489 bytes]","args":[{"element-6066-11e4-a52e-4f735466cecf":"f.D054B36AE906BF7CE57E13973E32BBA6.d.572FA4AECAE21AC517F7F82324BB3698.e.4018","ELEMENT":"f.D054B36AE906BF7CE57E13973E32BBA6.d.572FA4AECAE21AC517F7F82324BB3698.e.4018"}]}
RESULT: {"script":"<script> [8489 bytes]","args":[{"element-6066-11e4-a52e-4f735466cecf":"f.D054B36AE906BF7CE57E13973E32BBA6.d.572FA4AECAE21AC517F7F82324BB3698.e.4018","ELEMENT":"f.D054B36AE906BF7CE57E13973E32BBA6.d.572FA4AECAE21AC517F7F82324BB3698.e.4018"}]}
COMMAND: POST /session/ebb1ebc954cbf4812ba04499f591c499/execute/sync - {"script":"<script> [5351 bytes]","args":[{"element-6066-11e4-a52e-4f735466cecf":"f.D054B36AE906BF7CE57E13973E32BBA6.d.572FA4AECAE21AC517F7F82324BB3698.e.4018","ELEMENT":"f.D054B36AE906BF7CE57E13973E32BBA6.d.572FA4AECAE21AC517F7F82324BB3698.e.4018"}]}
RESULT: {"script":"<script> [5351 bytes]","args":[{"element-6066-11e4-a52e-4f735466cecf":"f.D054B36AE906BF7CE57E13973E32BBA6.d.572FA4AECAE21AC517F7F82324BB3698.e.4018","ELEMENT":"f.D054B36AE906BF7CE57E13973E32BBA6.d.572FA4AECAE21AC517F7F82324BB3698.e.4018"}]}
COMMAND: POST /session/ebb1ebc954cbf4812ba04499f591c499/element/f.D054B36AE906BF7CE57E13973E32BBA6.d.572FA4AECAE21AC517F7F82324BB3698.e.4018/click - {}
COMMAND: GET /session/ebb1ebc954cbf4812ba04499f591c499/screenshot - {}
COMMAND: GET /session/ebb1ebc954cbf4812ba04499f591c499/screenshot - {}
COMMAND: POST /session/ebb1ebc954cbf4812ba04499f591c499/element - {"using":"xpath","value":"//span[contains(@id ,\"application-addressmanagement-display-component---detailAdm--addressDetailDetailsName1\")][contains(text(), \"WebdriverYardrislfg\")]"}
RESULT: {}
RESULT: {}
RESULT: {}
COMMAND: GET /session/ebb1ebc954cbf4812ba04499f591c499/screenshot - {}
RESULT: {"using":"xpath","value":"//span[contains(@id ,\"application-addressmanagement-display-component---detailAdm--addressDetailDetailsName1\")][contains(text(), \"WebdriverYardrislfg\")]"}
RESULT: {}
COMMAND: POST /session/ebb1ebc954cbf4812ba04499f591c499/element - {"using":"xpath","value":"//span[contains(@id ,\"application-addressmanagement-display-component---detailAdm--addressDetailDetailsName1\")][contains(text(), \"WebdriverYardrislfg\")]"}
RESULT: {"using":"xpath","value":"//span[contains(@id ,\"application-addressmanagement-display-component---detailAdm--addressDetailDetailsName1\")][contains(text(), \"WebdriverYardrislfg\")]"}
COMMAND: POST /session/ebb1ebc954cbf4812ba04499f591c499/element - {"using":"xpath","value":"//span[contains(@id ,\"application-addressmanagement-display-component---detailAdm--addressDetailDetailsName1\")][contains(text(), \"WebdriverYardrislfg\")]"}
RESULT: {"using":"xpath","value":"//span[contains(@id ,\"application-addressmanagement-display-component---detailAdm--addressDetailDetailsName1\")][contains(text(), \"WebdriverYardrislfg\")]"}
COMMAND: POST /session/ebb1ebc954cbf4812ba04499f591c499/element - {"using":"xpath","value":"//span[contains(@id ,\"application-addressmanagement-display-component---detailAdm--addressDetailDetailsName1\")][contains(text(), \"WebdriverYardrislfg\")]"}
RESULT: {"using":"xpath","value":"//span[contains(@id ,\"application-addressmanagement-display-component---detailAdm--addressDetailDetailsName1\")][contains(text(), \"WebdriverYardrislfg\")]"}
COMMAND: POST /session/ebb1ebc954cbf4812ba04499f591c499/element - {"using":"xpath","value":"//*[contains(@data-kt ,\"ContextMenuId2Link\")][contains(text(), \"RU Overview\")]"}
RESULT: {"using":"xpath","value":"//*[contains(@data-kt ,\"ContextMenuId2Link\")][contains(text(), \"RU Overview\")]"}
COMMAND: POST /session/ebb1ebc954cbf4812ba04499f591c499/execute/sync - {"script":"<script> [8489 bytes]","args":[{"element-6066-11e4-a52e-4f735466cecf":"f.D054B36AE906BF7CE57E13973E32BBA6.d.572FA4AECAE21AC517F7F82324BB3698.e.4020","ELEMENT":"f.D054B36AE906BF7CE57E13973E32BBA6.d.572FA4AECAE21AC517F7F82324BB3698.e.4020"}]}
COMMAND: POST /session/ebb1ebc954cbf4812ba04499f591c499/element/f.D054B36AE906BF7CE57E13973E32BBA6.d.572FA4AECAE21AC517F7F82324BB3698.e.4020/click - {}
RESULT: {"script":"<script> [8489 bytes]","args":[{"element-6066-11e4-a52e-4f735466cecf":"f.D054B36AE906BF7CE57E13973E32BBA6.d.572FA4AECAE21AC517F7F82324BB3698.e.4020","ELEMENT":"f.D054B36AE906BF7CE57E13973E32BBA6.d.572FA4AECAE21AC517F7F82324BB3698.e.4020"}]}
COMMAND: GET /session/ebb1ebc954cbf4812ba04499f591c499/screenshot - {}
RESULT: {}
COMMAND: GET /session/ebb1ebc954cbf4812ba04499f591c499/screenshot - {}
COMMAND: POST /session/ebb1ebc954cbf4812ba04499f591c499/element - {"using":"xpath","value":"//span[contains(@id ,\"application-addressmanagement-display-component---detailAdm--addressDetailDetailsName1\")][contains(text(), \"WebdriverYardrislfg\")]"}
RESULT: {}
RESULT: {}
RESULT: {"using":"xpath","value":"//span[contains(@id ,\"application-addressmanagement-display-component---detailAdm--addressDetailDetailsName1\")][contains(text(), \"WebdriverYardrislfg\")]"}
COMMAND: POST /session/ebb1ebc954cbf4812ba04499f591c499/element - {"using":"xpath","value":"//span[contains(@id ,\"application-addressmanagement-display-component---detailAdm--addressDetailDetailsName1\")][contains(text(), \"WebdriverYardrislfg\")]"}
RESULT: {"using":"xpath","value":"//span[contains(@id ,\"application-addressmanagement-display-component---detailAdm--addressDetailDetailsName1\")][contains(text(), \"WebdriverYardrislfg\")]"}
COMMAND: POST /session/ebb1ebc954cbf4812ba04499f591c499/element - {"using":"xpath","value":"//span[contains(@id ,\"application-addressmanagement-display-component---detailAdm--addressDetailDetailsName1\")][contains(text(), \"WebdriverYardrislfg\")]"}
RESULT: {"using":"xpath","value":"//span[contains(@id ,\"application-addressmanagement-display-component---detailAdm--addressDetailDetailsName1\")][contains(text(), \"WebdriverYardrislfg\")]"}
COMMAND: POST /session/ebb1ebc954cbf4812ba04499f591c499/element - {"using":"xpath","value":"//span[contains(@id ,\"application-addressmanagement-display-component---detailAdm--addressDetailDetailsName1\")][contains(text(), \"WebdriverYardrislfg\")]"}
RESULT: {"using":"xpath","value":"//span[contains(@id ,\"application-addressmanagement-display-component---detailAdm--addressDetailDetailsName1\")][contains(text(), \"WebdriverYardrislfg\")]"}
COMMAND: POST /session/ebb1ebc954cbf4812ba04499f591c499/element - {"using":"xpath","value":"//span[contains(@id ,\"application-addressmanagement-display-component---detailAdm--addressDetailDetailsName1\")][contains(text(), \"WebdriverYardrislfg\")]"}
RESULT: {"using":"xpath","value":"//span[contains(@id ,\"application-addressmanagement-display-component---detailAdm--addressDetailDetailsName1\")][contains(text(), \"WebdriverYardrislfg\")]"}
COMMAND: POST /session/ebb1ebc954cbf4812ba04499f591c499/element - {"using":"xpath","value":"//span[contains(@id ,\"application-addressmanagement-display-component---detailAdm--addressDetailDetailsName1\")][contains(text(), \"WebdriverYardrislfg\")]"}
COMMAND: POST /session/ebb1ebc954cbf4812ba04499f591c499/element - {"using":"xpath","value":"//span[contains(@id ,\"actionsToolbar-overflowButton-img\")]"}
RESULT: {"using":"xpath","value":"//span[contains(@id ,\"application-addressmanagement-display-component---detailAdm--addressDetailDetailsName1\")][contains(text(), \"WebdriverYardrislfg\")]"}
RESULT: {"using":"xpath","value":"//span[contains(@id ,\"actionsToolbar-overflowButton-img\")]"}
COMMAND: POST /session/ebb1ebc954cbf4812ba04499f591c499/execute/sync - {"script":"<script> [8489 bytes]","args":[{"element-6066-11e4-a52e-4f735466cecf":"f.D054B36AE906BF7CE57E13973E32BBA6.d.572FA4AECAE21AC517F7F82324BB3698.e.4070","ELEMENT":"f.D054B36AE906BF7CE57E13973E32BBA6.d.572FA4AECAE21AC517F7F82324BB3698.e.4070"}]}
RESULT: {"script":"<script> [8489 bytes]","args":[{"element-6066-11e4-a52e-4f735466cecf":"f.D054B36AE906BF7CE57E13973E32BBA6.d.572FA4AECAE21AC517F7F82324BB3698.e.4070","ELEMENT":"f.D054B36AE906BF7CE57E13973E32BBA6.d.572FA4AECAE21AC517F7F82324BB3698.e.4070"}]}
COMMAND: POST /session/ebb1ebc954cbf4812ba04499f591c499/execute/sync - {"script":"<script> [5351 bytes]","args":[{"element-6066-11e4-a52e-4f735466cecf":"f.D054B36AE906BF7CE57E13973E32BBA6.d.572FA4AECAE21AC517F7F82324BB3698.e.4070","ELEMENT":"f.D054B36AE906BF7CE57E13973E32BBA6.d.572FA4AECAE21AC517F7F82324BB3698.e.4070"}]}
RESULT: {"script":"<script> [5351 bytes]","args":[{"element-6066-11e4-a52e-4f735466cecf":"f.D054B36AE906BF7CE57E13973E32BBA6.d.572FA4AECAE21AC517F7F82324BB3698.e.4070","ELEMENT":"f.D054B36AE906BF7CE57E13973E32BBA6.d.572FA4AECAE21AC517F7F82324BB3698.e.4070"}]}
COMMAND: GET /session/ebb1ebc954cbf4812ba04499f591c499/screenshot - {}
COMMAND: GET /session/ebb1ebc954cbf4812ba04499f591c499/screenshot - {}
COMMAND: POST /session/ebb1ebc954cbf4812ba04499f591c499/element - {"using":"xpath","value":"//span[contains(@id ,\"application-addressmanagement-display-component---detailAdm--addressDetailDetailsName1\")][contains(text(), \"WebdriverYardrislfg\")]"}
COMMAND: POST /session/ebb1ebc954cbf4812ba04499f591c499/execute/sync - {"script":"<script> [8489 bytes]","args":[{"element-6066-11e4-a52e-4f735466cecf":"f.D054B36AE906BF7CE57E13973E32BBA6.d.572FA4AECAE21AC517F7F82324BB3698.e.4070","ELEMENT":"f.D054B36AE906BF7CE57E13973E32BBA6.d.572FA4AECAE21AC517F7F82324BB3698.e.4070"}]}
RESULT: {}
RESULT: {}
RESULT: {"using":"xpath","value":"//span[contains(@id ,\"application-addressmanagement-display-component---detailAdm--addressDetailDetailsName1\")][contains(text(), \"WebdriverYardrislfg\")]"}
COMMAND: POST /session/ebb1ebc954cbf4812ba04499f591c499/element - {"using":"xpath","value":"//span[contains(@id ,\"application-addressmanagement-display-component---detailAdm--addressDetailDetailsName1\")][contains(text(), \"WebdriverYardrislfg\")]"}
COMMAND: POST /session/ebb1ebc954cbf4812ba04499f591c499/element - {"using":"xpath","value":"//span[contains(@id ,\"actionsToolbar-overflowButton-img\")]"}
RESULT: {"using":"xpath","value":"//span[contains(@id ,\"application-addressmanagement-display-component---detailAdm--addressDetailDetailsName1\")][contains(text(), \"WebdriverYardrislfg\")]"}
RESULT: {"using":"xpath","value":"//span[contains(@id ,\"actionsToolbar-overflowButton-img\")]"}
COMMAND: POST /session/ebb1ebc954cbf4812ba04499f591c499/execute/sync - {"script":"<script> [8489 bytes]","args":[{"element-6066-11e4-a52e-4f735466cecf":"f.D054B36AE906BF7CE57E13973E32BBA6.d.572FA4AECAE21AC517F7F82324BB3698.e.4283","ELEMENT":"f.D054B36AE906BF7CE57E13973E32BBA6.d.572FA4AECAE21AC517F7F82324BB3698.e.4283"}]}
RESULT: {"script":"<script> [8489 bytes]","args":[{"element-6066-11e4-a52e-4f735466cecf":"f.D054B36AE906BF7CE57E13973E32BBA6.d.572FA4AECAE21AC517F7F82324BB3698.e.4283","ELEMENT":"f.D054B36AE906BF7CE57E13973E32BBA6.d.572FA4AECAE21AC517F7F82324BB3698.e.4283"}]}
COMMAND: POST /session/ebb1ebc954cbf4812ba04499f591c499/execute/sync - {"script":"<script> [5351 bytes]","args":[{"element-6066-11e4-a52e-4f735466cecf":"f.D054B36AE906BF7CE57E13973E32BBA6.d.572FA4AECAE21AC517F7F82324BB3698.e.4283","ELEMENT":"f.D054B36AE906BF7CE57E13973E32BBA6.d.572FA4AECAE21AC517F7F82324BB3698.e.4283"}]}
COMMAND: GET /session/ebb1ebc954cbf4812ba04499f591c499/screenshot - {}
RESULT: {"script":"<script> [5351 bytes]","args":[{"element-6066-11e4-a52e-4f735466cecf":"f.D054B36AE906BF7CE57E13973E32BBA6.d.572FA4AECAE21AC517F7F82324BB3698.e.4283","ELEMENT":"f.D054B36AE906BF7CE57E13973E32BBA6.d.572FA4AECAE21AC517F7F82324BB3698.e.4283"}]}
COMMAND: POST /session/ebb1ebc954cbf4812ba04499f591c499/execute/sync - {"script":"<script> [8489 bytes]","args":[{"element-6066-11e4-a52e-4f735466cecf":"f.D054B36AE906BF7CE57E13973E32BBA6.d.572FA4AECAE21AC517F7F82324BB3698.e.4283","ELEMENT":"f.D054B36AE906BF7CE57E13973E32BBA6.d.572FA4AECAE21AC517F7F82324BB3698.e.4283"}]}
COMMAND: GET /session/ebb1ebc954cbf4812ba04499f591c499/screenshot - {}
COMMAND: POST /session/ebb1ebc954cbf4812ba04499f591c499/element - {"using":"xpath","value":"//span[contains(@id ,\"application-addressmanagement-display-component---detailAdm--addressDetailDetailsName1\")][contains(text(), \"WebdriverYardrislfg\")]"}
RESULT: {}
RESULT: {"script":"<script> [8489 bytes]","args":[{"element-6066-11e4-a52e-4f735466cecf":"f.D054B36AE906BF7CE57E13973E32BBA6.d.572FA4AECAE21AC517F7F82324BB3698.e.4283","ELEMENT":"f.D054B36AE906BF7CE57E13973E32BBA6.d.572FA4AECAE21AC517F7F82324BB3698.e.4283"}]}
COMMAND: POST /session/ebb1ebc954cbf4812ba04499f591c499/execute/sync - {"script":"<script> [5351 bytes]","args":[{"element-6066-11e4-a52e-4f735466cecf":"f.D054B36AE906BF7CE57E13973E32BBA6.d.572FA4AECAE21AC517F7F82324BB3698.e.4283","ELEMENT":"f.D054B36AE906BF7CE57E13973E32BBA6.d.572FA4AECAE21AC517F7F82324BB3698.e.4283"}]}
COMMAND: GET /session/ebb1ebc954cbf4812ba04499f591c499/screenshot - {}
RESULT: {}
RESULT: {"using":"xpath","value":"//span[contains(@id ,\"application-addressmanagement-display-component---detailAdm--addressDetailDetailsName1\")][contains(text(), \"WebdriverYardrislfg\")]"}
RESULT: {"script":"<script> [5351 bytes]","args":[{"element-6066-11e4-a52e-4f735466cecf":"f.D054B36AE906BF7CE57E13973E32BBA6.d.572FA4AECAE21AC517F7F82324BB3698.e.4283","ELEMENT":"f.D054B36AE906BF7CE57E13973E32BBA6.d.572FA4AECAE21AC517F7F82324BB3698.e.4283"}]}
COMMAND: POST /session/ebb1ebc954cbf4812ba04499f591c499/element/f.D054B36AE906BF7CE57E13973E32BBA6.d.572FA4AECAE21AC517F7F82324BB3698.e.4283/click - {}
COMMAND: GET /session/ebb1ebc954cbf4812ba04499f591c499/screenshot - {}
RESULT: {}
COMMAND: POST /session/ebb1ebc954cbf4812ba04499f591c499/element - {"using":"xpath","value":"//span[contains(@id ,\"application-addressmanagement-display-component---detailAdm--addressDetailDetailsName1\")][contains(text(), \"WebdriverYardrislfg\")]"}
RESULT: {}
COMMAND: GET /session/ebb1ebc954cbf4812ba04499f591c499/screenshot - {}
RESULT: {}
RESULT: {"using":"xpath","value":"//span[contains(@id ,\"application-addressmanagement-display-component---detailAdm--addressDetailDetailsName1\")][contains(text(), \"WebdriverYardrislfg\")]"}
RESULT: {}
COMMAND: POST /session/ebb1ebc954cbf4812ba04499f591c499/element - {"using":"xpath","value":"//span[contains(@id ,\"application-addressmanagement-display-component---detailAdm--addressDetailDetailsName1\")][contains(text(), \"WebdriverYardrislfg\")]"}
RESULT: {"using":"xpath","value":"//span[contains(@id ,\"application-addressmanagement-display-component---detailAdm--addressDetailDetailsName1\")][contains(text(), \"WebdriverYardrislfg\")]"}
COMMAND: POST /session/ebb1ebc954cbf4812ba04499f591c499/element - {"using":"xpath","value":"//span[contains(@id ,\"application-addressmanagement-display-component---detailAdm--addressDetailDetailsName1\")][contains(text(), \"WebdriverYardrislfg\")]"}
RESULT: {"using":"xpath","value":"//span[contains(@id ,\"application-addressmanagement-display-component---detailAdm--addressDetailDetailsName1\")][contains(text(), \"WebdriverYardrislfg\")]"}
COMMAND: POST /session/ebb1ebc954cbf4812ba04499f591c499/element - {"using":"xpath","value":"//span[contains(@id ,\"application-addressmanagement-display-component---detailAdm--addressDetailDetailsName1\")][contains(text(), \"WebdriverYardrislfg\")]"}
COMMAND: POST /session/ebb1ebc954cbf4812ba04499f591c499/element - {"using":"xpath","value":"(//bdi[contains(text(), \"Deactivate\")])[1]"}
RESULT: {"using":"xpath","value":"//span[contains(@id ,\"application-addressmanagement-display-component---detailAdm--addressDetailDetailsName1\")][contains(text(), \"WebdriverYardrislfg\")]"}
RESULT: {"using":"xpath","value":"(//bdi[contains(text(), \"Deactivate\")])[1]"}
COMMAND: POST /session/ebb1ebc954cbf4812ba04499f591c499/element/f.D054B36AE906BF7CE57E13973E32BBA6.d.572FA4AECAE21AC517F7F82324BB3698.e.4353/click - {}
COMMAND: POST /session/ebb1ebc954cbf4812ba04499f591c499/element - {"using":"xpath","value":"//span[contains(@id ,\"application-addressmanagement-display-component---detailAdm--addressDetailDetailsName1\")][contains(text(), \"WebdriverYardrislfg\")]"}
RESULT: {}
COMMAND: GET /session/ebb1ebc954cbf4812ba04499f591c499/screenshot - {}
RESULT: {"using":"xpath","value":"//span[contains(@id ,\"application-addressmanagement-display-component---detailAdm--addressDetailDetailsName1\")][contains(text(), \"WebdriverYardrislfg\")]"}
RESULT: {}
COMMAND: POST /session/ebb1ebc954cbf4812ba04499f591c499/element - {"using":"xpath","value":"//span[contains(@id ,\"application-addressmanagement-display-component---detailAdm--addressDetailDetailsName1\")][contains(text(), \"WebdriverYardrislfg\")]"}
RESULT: {"using":"xpath","value":"//span[contains(@id ,\"application-addressmanagement-display-component---detailAdm--addressDetailDetailsName1\")][contains(text(), \"WebdriverYardrislfg\")]"}
COMMAND: POST /session/ebb1ebc954cbf4812ba04499f591c499/element - {"using":"xpath","value":"//span[contains(@id ,\"application-addressmanagement-display-component---detailAdm--addressDetailDetailsName1\")][contains(text(), \"WebdriverYardrislfg\")]"}
RESULT: {"using":"xpath","value":"//span[contains(@id ,\"application-addressmanagement-display-component---detailAdm--addressDetailDetailsName1\")][contains(text(), \"WebdriverYardrislfg\")]"}
COMMAND: POST /session/ebb1ebc954cbf4812ba04499f591c499/element - {"using":"xpath","value":"//span[contains(@id ,\"application-addressmanagement-display-component---detailAdm--addressDetailDetailsName1\")][contains(text(), \"WebdriverYardrislfg\")]"}
RESULT: {"using":"xpath","value":"//span[contains(@id ,\"application-addressmanagement-display-component---detailAdm--addressDetailDetailsName1\")][contains(text(), \"WebdriverYardrislfg\")]"}
COMMAND: POST /session/ebb1ebc954cbf4812ba04499f591c499/element - {"using":"xpath","value":"(//bdi[contains(text(), \"OK\")])[1]"}
RESULT: {"using":"xpath","value":"(//bdi[contains(text(), \"OK\")])[1]"}
COMMAND: POST /session/ebb1ebc954cbf4812ba04499f591c499/element/f.D054B36AE906BF7CE57E13973E32BBA6.d.572FA4AECAE21AC517F7F82324BB3698.e.4356/click - {}
COMMAND: POST /session/ebb1ebc954cbf4812ba04499f591c499/element - {"using":"xpath","value":"//span[contains(@id ,\"application-addressmanagement-display-component---detailAdm--addressDetailDetailsName1\")][contains(text(), \"WebdriverYardrislfg\")]"}
RESULT: {}
COMMAND: GET /session/ebb1ebc954cbf4812ba04499f591c499/screenshot - {}
RESULT: {"using":"xpath","value":"//span[contains(@id ,\"application-addressmanagement-display-component---detailAdm--addressDetailDetailsName1\")][contains(text(), \"WebdriverYardrislfg\")]"}
COMMAND: POST /session/ebb1ebc954cbf4812ba04499f591c499/element - {"using":"xpath","value":"//span[contains(@id ,\"application-addressmanagement-display-component---detailAdm--addressDetailDetailsName1\")][contains(text(), \"WebdriverYardrislfg\")]"}
RESULT: {}
RESULT: {"using":"xpath","value":"//span[contains(@id ,\"application-addressmanagement-display-component---detailAdm--addressDetailDetailsName1\")][contains(text(), \"WebdriverYardrislfg\")]"}
COMMAND: POST /session/ebb1ebc954cbf4812ba04499f591c499/element - {"using":"xpath","value":"//span[contains(@id ,\"application-addressmanagement-display-component---detailAdm--addressDetailDetailsName1\")][contains(text(), \"WebdriverYardrislfg\")]"}
RESULT: {"using":"xpath","value":"//span[contains(@id ,\"application-addressmanagement-display-component---detailAdm--addressDetailDetailsName1\")][contains(text(), \"WebdriverYardrislfg\")]"}
COMMAND: POST /session/ebb1ebc954cbf4812ba04499f591c499/element - {"using":"xpath","value":"//span[contains(@id ,\"application-addressmanagement-display-component---detailAdm--addressDetailDetailsName1\")][contains(text(), \"WebdriverYardrislfg\")]"}
RESULT: {"using":"xpath","value":"//span[contains(@id ,\"application-addressmanagement-display-component---detailAdm--addressDetailDetailsName1\")][contains(text(), \"WebdriverYardrislfg\")]"}
COMMAND: POST /session/ebb1ebc954cbf4812ba04499f591c499/element - {"using":"xpath","value":"//span[contains(@id ,\"application-addressmanagement-display-component---detailAdm--addressDetailDetailsName1\")][contains(text(), \"WebdriverYardrislfg\")]"}
RESULT: {"using":"xpath","value":"//span[contains(@id ,\"application-addressmanagement-display-component---detailAdm--addressDetailDetailsName1\")][contains(text(), \"WebdriverYardrislfg\")]"}
COMMAND: POST /session/ebb1ebc954cbf4812ba04499f591c499/element - {"using":"xpath","value":"//input[contains(@id ,\"application-manageresources-display-component---masterRU--smartFilterBar-btnBasicSearch-I\")]"}
RESULT: {"using":"xpath","value":"//input[contains(@id ,\"application-manageresources-display-component---masterRU--smartFilterBar-btnBasicSearch-I\")]"}
COMMAND: POST /session/ebb1ebc954cbf4812ba04499f591c499/element/f.D054B36AE906BF7CE57E13973E32BBA6.d.572FA4AECAE21AC517F7F82324BB3698.e.4031/value - {"text":"WdIORUGroup22bjr"}
COMMAND: POST /session/ebb1ebc954cbf4812ba04499f591c499/element - {"using":"xpath","value":"//span[contains(@id ,\"application-addressmanagement-display-component---detailAdm--addressDetailDetailsName1\")][contains(text(), \"WebdriverYardrislfg\")]"}
RESULT: {"text":"WdIORUGroup22bjr"}
COMMAND: GET /session/ebb1ebc954cbf4812ba04499f591c499/screenshot - {}
RESULT: {"using":"xpath","value":"//span[contains(@id ,\"application-addressmanagement-display-component---detailAdm--addressDetailDetailsName1\")][contains(text(), \"WebdriverYardrislfg\")]"}
RESULT: {}
COMMAND: POST /session/ebb1ebc954cbf4812ba04499f591c499/element - {"using":"xpath","value":"//span[contains(@id ,\"application-addressmanagement-display-component---detailAdm--addressDetailDetailsName1\")][contains(text(), \"WebdriverYardrislfg\")]"}
RESULT: {"using":"xpath","value":"//span[contains(@id ,\"application-addressmanagement-display-component---detailAdm--addressDetailDetailsName1\")][contains(text(), \"WebdriverYardrislfg\")]"}
COMMAND: POST /session/ebb1ebc954cbf4812ba04499f591c499/element - {"using":"xpath","value":"//span[contains(@id ,\"application-addressmanagement-display-component---detailAdm--addressDetailDetailsName1\")][contains(text(), \"WebdriverYardrislfg\")]"}
RESULT: {"using":"xpath","value":"//span[contains(@id ,\"application-addressmanagement-display-component---detailAdm--addressDetailDetailsName1\")][contains(text(), \"WebdriverYardrislfg\")]"}
COMMAND: POST /session/ebb1ebc954cbf4812ba04499f591c499/element - {"using":"xpath","value":"//span[contains(@id ,\"application-addressmanagement-display-component---detailAdm--addressDetailDetailsName1\")][contains(text(), \"WebdriverYardrislfg\")]"}
RESULT: {"using":"xpath","value":"//span[contains(@id ,\"application-addressmanagement-display-component---detailAdm--addressDetailDetailsName1\")][contains(text(), \"WebdriverYardrislfg\")]"}
COMMAND: POST /session/ebb1ebc954cbf4812ba04499f591c499/actions - {"actions":[{"id":"action10","type":"key","parameters":{},"actions":[{"type":"keyDown","value":""},{"type":"pause","duration":10},{"type":"keyUp","value":""}]}]}
RESULT: {"actions":[{"id":"action10","type":"key","parameters":{},"actions":[{"type":"keyDown","value":""},{"type":"pause","duration":10},{"type":"keyUp","value":""}]}]}
COMMAND: GET /session/ebb1ebc954cbf4812ba04499f591c499/screenshot - {}
COMMAND: POST /session/ebb1ebc954cbf4812ba04499f591c499/element - {"using":"xpath","value":"//span[contains(@id ,\"application-addressmanagement-display-component---detailAdm--addressDetailDetailsName1\")][contains(text(), \"WebdriverYardrislfg\")]"}
RESULT: {}
RESULT: {"using":"xpath","value":"//span[contains(@id ,\"application-addressmanagement-display-component---detailAdm--addressDetailDetailsName1\")][contains(text(), \"WebdriverYardrislfg\")]"}
COMMAND: POST /session/ebb1ebc954cbf4812ba04499f591c499/element - {"using":"xpath","value":"//span[contains(@id ,\"application-addressmanagement-display-component---detailAdm--addressDetailDetailsName1\")][contains(text(), \"WebdriverYardrislfg\")]"}
RESULT: {"using":"xpath","value":"//span[contains(@id ,\"application-addressmanagement-display-component---detailAdm--addressDetailDetailsName1\")][contains(text(), \"WebdriverYardrislfg\")]"}
COMMAND: POST /session/ebb1ebc954cbf4812ba04499f591c499/element - {"using":"xpath","value":"//span[contains(text(), \"WdIORUGroup22bjr\")][contains(@class ,\"sapMText sapUiSelectable sapMTextBreakWord sapMTextMaxWidth\")]"}
RESULT: {"using":"xpath","value":"//span[contains(text(), \"WdIORUGroup22bjr\")][contains(@class ,\"sapMText sapUiSelectable sapMTextBreakWord sapMTextMaxWidth\")]"}
COMMAND: POST /session/ebb1ebc954cbf4812ba04499f591c499/element/f.D054B36AE906BF7CE57E13973E32BBA6.d.572FA4AECAE21AC517F7F82324BB3698.e.4630/click - {}
RESULT: {}
COMMAND: GET /session/ebb1ebc954cbf4812ba04499f591c499/screenshot - {}
RESULT: {}
COMMAND: POST /session/ebb1ebc954cbf4812ba04499f591c499/element - {"using":"xpath","value":"//bdi[contains(@id ,\"application-manageresources-display-component---detailRU--openRelatedRus-BDI-content\")]"}
RESULT: {"using":"xpath","value":"//bdi[contains(@id ,\"application-manageresources-display-component---detailRU--openRelatedRus-BDI-content\")]"}
COMMAND: POST /session/ebb1ebc954cbf4812ba04499f591c499/execute/sync - {"script":"<script> [8489 bytes]","args":[{"element-6066-11e4-a52e-4f735466cecf":"f.D054B36AE906BF7CE57E13973E32BBA6.d.572FA4AECAE21AC517F7F82324BB3698.e.4742","ELEMENT":"f.D054B36AE906BF7CE57E13973E32BBA6.d.572FA4AECAE21AC517F7F82324BB3698.e.4742"}]}
RESULT: {"script":"<script> [8489 bytes]","args":[{"element-6066-11e4-a52e-4f735466cecf":"f.D054B36AE906BF7CE57E13973E32BBA6.d.572FA4AECAE21AC517F7F82324BB3698.e.4742","ELEMENT":"f.D054B36AE906BF7CE57E13973E32BBA6.d.572FA4AECAE21AC517F7F82324BB3698.e.4742"}]}
COMMAND: POST /session/ebb1ebc954cbf4812ba04499f591c499/execute/sync - {"script":"<script> [5351 bytes]","args":[{"element-6066-11e4-a52e-4f735466cecf":"f.D054B36AE906BF7CE57E13973E32BBA6.d.572FA4AECAE21AC517F7F82324BB3698.e.4742","ELEMENT":"f.D054B36AE906BF7CE57E13973E32BBA6.d.572FA4AECAE21AC517F7F82324BB3698.e.4742"}]}
COMMAND: GET /session/ebb1ebc954cbf4812ba04499f591c499/screenshot - {}
RESULT: {"script":"<script> [5351 bytes]","args":[{"element-6066-11e4-a52e-4f735466cecf":"f.D054B36AE906BF7CE57E13973E32BBA6.d.572FA4AECAE21AC517F7F82324BB3698.e.4742","ELEMENT":"f.D054B36AE906BF7CE57E13973E32BBA6.d.572FA4AECAE21AC517F7F82324BB3698.e.4742"}]}
COMMAND: POST /session/ebb1ebc954cbf4812ba04499f591c499/element/f.D054B36AE906BF7CE57E13973E32BBA6.d.572FA4AECAE21AC517F7F82324BB3698.e.4742/click - {}
COMMAND: GET /session/ebb1ebc954cbf4812ba04499f591c499/screenshot - {}
RESULT: {}
RESULT: {}
COMMAND: GET /session/ebb1ebc954cbf4812ba04499f591c499/screenshot - {}
RESULT: {}
RESULT: {}
RESULT: undefined
COMMAND: POST /session/ebb1ebc954cbf4812ba04499f591c499/execute/async - {"script":"<script> [6424 bytes]","args":[{"element-6066-11e4-a52e-4f735466cecf":"f.D054B36AE906BF7CE57E13973E32BBA6.d.572FA4AECAE21AC517F7F82324BB3698.e.2641"},"getText",[]]}
COMMAND: POST /session/ebb1ebc954cbf4812ba04499f591c499/execute/async - {"script":"<script> [1562 bytes]","args":[{"selector":{"id":"RelatedRUsFragmentID--smartTableRUs-header","searchOpenDialogs":true},"wdio_ui5_key":"RelatedRUsFragmentIDsmartTableRUs-header"}]}
RESULT: {"script":"<script> [1562 bytes]","args":[{"selector":{"id":"RelatedRUsFragmentID--smartTableRUs-header","searchOpenDialogs":true},"wdio_ui5_key":"RelatedRUsFragmentIDsmartTableRUs-header"}]}
COMMAND: POST /session/ebb1ebc954cbf4812ba04499f591c499/execute/async - {"script":"<script> [6424 bytes]","args":[{"element-6066-11e4-a52e-4f735466cecf":"f.D054B36AE906BF7CE57E13973E32BBA6.d.572FA4AECAE21AC517F7F82324BB3698.e.4747"},"getText",[]]}
RESULT: {"script":"<script> [6424 bytes]","args":[{"element-6066-11e4-a52e-4f735466cecf":"f.D054B36AE906BF7CE57E13973E32BBA6.d.572FA4AECAE21AC517F7F82324BB3698.e.4747"},"getText",[]]}
COMMAND: GET /session/ebb1ebc954cbf4812ba04499f591c499/screenshot - {}
RESULT: {}
COMMAND: GET /session/ebb1ebc954cbf4812ba04499f591c499/screenshot - {}
COMMAND: GET /session/ebb1ebc954cbf4812ba04499f591c499/screenshot - {}
RESULT: {}
RESULT: {}
COMMAND: DELETE /session/ebb1ebc954cbf4812ba04499f591c499 - {}
RESULT: {}
]]></system-out>
      <system-err><![CDATA[
Error: expect(received).toEqual(expected) // deep equality

Expected: "Records (1)"
Received: "Records"
    at Context.<anonymous> (D:\a\1\s\test\specs\R2C\related-resources-area-rpg.spec.js:1038:31)
]]></system-err>
    </testcase>
  </testsuite>
</testsuites>