<?xml version="1.0" encoding="UTF-8"?>
<testsuites tests="21" failures="3" errors="3" skipped="0">
  <testsuite timestamp="2025-05-05T16:57:45" time="378.294" tests="3" failures="0" errors="0" skipped="0">
    <properties>
      <property name="specId" value="0" />
      <property name="suiteName" value="Create condition pricing US117289 US134625" />
      <property name="capabilities" value="chrome.135_0_7049_96.windows" />
      <property name="file" value="file:///D:/a/1/s/test/specs/BTS/create-condition-pricing.spec.js" />
    </properties>
    <testcase classname="chrome.135_0_7049_96.windows.Create_condition_pricing_US117289_US134625" name="Should create a new yard used for all following tests" time="120.681">
      <system-out><![CDATA[
COMMAND: POST /session/c0d68b7606ff92619c2feb677724de84/window/fullscreen - {}
RESULT: {}
COMMAND: POST /session/c0d68b7606ff92619c2feb677724de84/execute/async - {"script":"<script> [1562 bytes]","args":[{"selector":{"controlType":"sap.m.GenericTile","properties":{"header":"Manage Yards"}},"wdio_ui5_key":"sapm.GenericTile{\"header\":\"Manage Yards\"}"}]}
RESULT: {"script":"<script> [1562 bytes]","args":[{"selector":{"controlType":"sap.m.GenericTile","properties":{"header":"Manage Yards"}},"wdio_ui5_key":"sapm.GenericTile{\"header\":\"Manage Yards\"}"}]}
RESULT: undefined
COMMAND: POST /session/c0d68b7606ff92619c2feb677724de84/element - {"using":"xpath","value":"//*[@id=\"__tile41\"]"}
RESULT: {"using":"xpath","value":"//*[@id=\"__tile41\"]"}
COMMAND: POST /session/c0d68b7606ff92619c2feb677724de84/element/f.107814B6E58839EE281E95FDA44A3A0A.d.F29056A7743345FC5E5DBF106EC61A04.e.166/click - {}
RESULT: {}
COMMAND: POST /session/c0d68b7606ff92619c2feb677724de84/element - {"using":"xpath","value":"//button[@data-kt=\"addNewYardOverflowToolbarButton\"]"}
COMMAND: GET /session/c0d68b7606ff92619c2feb677724de84/screenshot - {}
RESULT: {"using":"xpath","value":"//button[@data-kt=\"addNewYardOverflowToolbarButton\"]"}
COMMAND: POST /session/c0d68b7606ff92619c2feb677724de84/elements - {"using":"xpath","value":"//button[@data-kt=\"addNewYardOverflowToolbarButton\"]"}
RESULT: {}
RESULT: {"using":"xpath","value":"//button[@data-kt=\"addNewYardOverflowToolbarButton\"]"}
COMMAND: POST /session/c0d68b7606ff92619c2feb677724de84/elements - {"using":"xpath","value":"//button[@data-kt=\"addNewYardOverflowToolbarButton\"]"}
RESULT: {"using":"xpath","value":"//button[@data-kt=\"addNewYardOverflowToolbarButton\"]"}
COMMAND: POST /session/c0d68b7606ff92619c2feb677724de84/elements - {"using":"xpath","value":"//button[@data-kt=\"addNewYardOverflowToolbarButton\"]"}
RESULT: {"using":"xpath","value":"//button[@data-kt=\"addNewYardOverflowToolbarButton\"]"}
COMMAND: POST /session/c0d68b7606ff92619c2feb677724de84/elements - {"using":"xpath","value":"//button[@data-kt=\"addNewYardOverflowToolbarButton\"]"}
RESULT: {"using":"xpath","value":"//button[@data-kt=\"addNewYardOverflowToolbarButton\"]"}
COMMAND: POST /session/c0d68b7606ff92619c2feb677724de84/elements - {"using":"xpath","value":"//button[@data-kt=\"addNewYardOverflowToolbarButton\"]"}
RESULT: {"using":"xpath","value":"//button[@data-kt=\"addNewYardOverflowToolbarButton\"]"}
COMMAND: POST /session/c0d68b7606ff92619c2feb677724de84/elements - {"using":"xpath","value":"//button[@data-kt=\"addNewYardOverflowToolbarButton\"]"}
RESULT: {"using":"xpath","value":"//button[@data-kt=\"addNewYardOverflowToolbarButton\"]"}
COMMAND: POST /session/c0d68b7606ff92619c2feb677724de84/elements - {"using":"xpath","value":"//button[@data-kt=\"addNewYardOverflowToolbarButton\"]"}
RESULT: {"using":"xpath","value":"//button[@data-kt=\"addNewYardOverflowToolbarButton\"]"}
COMMAND: POST /session/c0d68b7606ff92619c2feb677724de84/elements - {"using":"xpath","value":"//button[@data-kt=\"addNewYardOverflowToolbarButton\"]"}
RESULT: {"using":"xpath","value":"//button[@data-kt=\"addNewYardOverflowToolbarButton\"]"}
COMMAND: POST /session/c0d68b7606ff92619c2feb677724de84/elements - {"using":"xpath","value":"//button[@data-kt=\"addNewYardOverflowToolbarButton\"]"}
RESULT: {"using":"xpath","value":"//button[@data-kt=\"addNewYardOverflowToolbarButton\"]"}
COMMAND: POST /session/c0d68b7606ff92619c2feb677724de84/elements - {"using":"xpath","value":"//button[@data-kt=\"addNewYardOverflowToolbarButton\"]"}
RESULT: {"using":"xpath","value":"//button[@data-kt=\"addNewYardOverflowToolbarButton\"]"}
COMMAND: POST /session/c0d68b7606ff92619c2feb677724de84/elements - {"using":"xpath","value":"//button[@data-kt=\"addNewYardOverflowToolbarButton\"]"}
RESULT: {"using":"xpath","value":"//button[@data-kt=\"addNewYardOverflowToolbarButton\"]"}
COMMAND: POST /session/c0d68b7606ff92619c2feb677724de84/elements - {"using":"xpath","value":"//button[@data-kt=\"addNewYardOverflowToolbarButton\"]"}
RESULT: {"using":"xpath","value":"//button[@data-kt=\"addNewYardOverflowToolbarButton\"]"}
COMMAND: POST /session/c0d68b7606ff92619c2feb677724de84/elements - {"using":"xpath","value":"//button[@data-kt=\"addNewYardOverflowToolbarButton\"]"}
RESULT: {"using":"xpath","value":"//button[@data-kt=\"addNewYardOverflowToolbarButton\"]"}
COMMAND: POST /session/c0d68b7606ff92619c2feb677724de84/elements - {"using":"xpath","value":"//button[@data-kt=\"addNewYardOverflowToolbarButton\"]"}
RESULT: {"using":"xpath","value":"//button[@data-kt=\"addNewYardOverflowToolbarButton\"]"}
COMMAND: POST /session/c0d68b7606ff92619c2feb677724de84/elements - {"using":"xpath","value":"//button[@data-kt=\"addNewYardOverflowToolbarButton\"]"}
RESULT: {"using":"xpath","value":"//button[@data-kt=\"addNewYardOverflowToolbarButton\"]"}
COMMAND: POST /session/c0d68b7606ff92619c2feb677724de84/elements - {"using":"xpath","value":"//button[@data-kt=\"addNewYardOverflowToolbarButton\"]"}
RESULT: {"using":"xpath","value":"//button[@data-kt=\"addNewYardOverflowToolbarButton\"]"}
COMMAND: POST /session/c0d68b7606ff92619c2feb677724de84/elements - {"using":"xpath","value":"//button[@data-kt=\"addNewYardOverflowToolbarButton\"]"}
RESULT: {"using":"xpath","value":"//button[@data-kt=\"addNewYardOverflowToolbarButton\"]"}
COMMAND: POST /session/c0d68b7606ff92619c2feb677724de84/elements - {"using":"xpath","value":"//button[@data-kt=\"addNewYardOverflowToolbarButton\"]"}
RESULT: {"using":"xpath","value":"//button[@data-kt=\"addNewYardOverflowToolbarButton\"]"}
COMMAND: POST /session/c0d68b7606ff92619c2feb677724de84/elements - {"using":"xpath","value":"//button[@data-kt=\"addNewYardOverflowToolbarButton\"]"}
RESULT: {"using":"xpath","value":"//button[@data-kt=\"addNewYardOverflowToolbarButton\"]"}
COMMAND: POST /session/c0d68b7606ff92619c2feb677724de84/elements - {"using":"xpath","value":"//button[@data-kt=\"addNewYardOverflowToolbarButton\"]"}
RESULT: {"using":"xpath","value":"//button[@data-kt=\"addNewYardOverflowToolbarButton\"]"}
COMMAND: POST /session/c0d68b7606ff92619c2feb677724de84/elements - {"using":"xpath","value":"//button[@data-kt=\"addNewYardOverflowToolbarButton\"]"}
RESULT: {"using":"xpath","value":"//button[@data-kt=\"addNewYardOverflowToolbarButton\"]"}
COMMAND: POST /session/c0d68b7606ff92619c2feb677724de84/elements - {"using":"xpath","value":"//button[@data-kt=\"addNewYardOverflowToolbarButton\"]"}
RESULT: {"using":"xpath","value":"//button[@data-kt=\"addNewYardOverflowToolbarButton\"]"}
COMMAND: POST /session/c0d68b7606ff92619c2feb677724de84/elements - {"using":"xpath","value":"//button[@data-kt=\"addNewYardOverflowToolbarButton\"]"}
RESULT: {"using":"xpath","value":"//button[@data-kt=\"addNewYardOverflowToolbarButton\"]"}
COMMAND: POST /session/c0d68b7606ff92619c2feb677724de84/elements - {"using":"xpath","value":"//button[@data-kt=\"addNewYardOverflowToolbarButton\"]"}
RESULT: {"using":"xpath","value":"//button[@data-kt=\"addNewYardOverflowToolbarButton\"]"}
COMMAND: POST /session/c0d68b7606ff92619c2feb677724de84/elements - {"using":"xpath","value":"//button[@data-kt=\"addNewYardOverflowToolbarButton\"]"}
RESULT: {"using":"xpath","value":"//button[@data-kt=\"addNewYardOverflowToolbarButton\"]"}
COMMAND: POST /session/c0d68b7606ff92619c2feb677724de84/elements - {"using":"xpath","value":"//button[@data-kt=\"addNewYardOverflowToolbarButton\"]"}
RESULT: {"using":"xpath","value":"//button[@data-kt=\"addNewYardOverflowToolbarButton\"]"}
COMMAND: POST /session/c0d68b7606ff92619c2feb677724de84/element - {"using":"xpath","value":"//button[@data-kt=\"addNewYardOverflowToolbarButton\"]"}
RESULT: {"using":"xpath","value":"//button[@data-kt=\"addNewYardOverflowToolbarButton\"]"}
COMMAND: POST /session/c0d68b7606ff92619c2feb677724de84/execute/sync - {"script":"<script> [8489 bytes]","args":[{"element-6066-11e4-a52e-4f735466cecf":"f.107814B6E58839EE281E95FDA44A3A0A.d.F29056A7743345FC5E5DBF106EC61A04.e.302","ELEMENT":"f.107814B6E58839EE281E95FDA44A3A0A.d.F29056A7743345FC5E5DBF106EC61A04.e.302"}]}
RESULT: {"script":"<script> [8489 bytes]","args":[{"element-6066-11e4-a52e-4f735466cecf":"f.107814B6E58839EE281E95FDA44A3A0A.d.F29056A7743345FC5E5DBF106EC61A04.e.302","ELEMENT":"f.107814B6E58839EE281E95FDA44A3A0A.d.F29056A7743345FC5E5DBF106EC61A04.e.302"}]}
COMMAND: GET /session/c0d68b7606ff92619c2feb677724de84/element/f.107814B6E58839EE281E95FDA44A3A0A.d.F29056A7743345FC5E5DBF106EC61A04.e.302/enabled - {}
COMMAND: GET /session/c0d68b7606ff92619c2feb677724de84/screenshot - {}
RESULT: {}
COMMAND: POST /session/c0d68b7606ff92619c2feb677724de84/execute/sync - {"script":"<script> [8489 bytes]","args":[{"element-6066-11e4-a52e-4f735466cecf":"f.107814B6E58839EE281E95FDA44A3A0A.d.F29056A7743345FC5E5DBF106EC61A04.e.302","ELEMENT":"f.107814B6E58839EE281E95FDA44A3A0A.d.F29056A7743345FC5E5DBF106EC61A04.e.302"}]}
COMMAND: GET /session/c0d68b7606ff92619c2feb677724de84/screenshot - {}
RESULT: {}
RESULT: {"script":"<script> [8489 bytes]","args":[{"element-6066-11e4-a52e-4f735466cecf":"f.107814B6E58839EE281E95FDA44A3A0A.d.F29056A7743345FC5E5DBF106EC61A04.e.302","ELEMENT":"f.107814B6E58839EE281E95FDA44A3A0A.d.F29056A7743345FC5E5DBF106EC61A04.e.302"}]}
COMMAND: POST /session/c0d68b7606ff92619c2feb677724de84/execute/sync - {"script":"<script> [5351 bytes]","args":[{"element-6066-11e4-a52e-4f735466cecf":"f.107814B6E58839EE281E95FDA44A3A0A.d.F29056A7743345FC5E5DBF106EC61A04.e.302","ELEMENT":"f.107814B6E58839EE281E95FDA44A3A0A.d.F29056A7743345FC5E5DBF106EC61A04.e.302"}]}
COMMAND: GET /session/c0d68b7606ff92619c2feb677724de84/screenshot - {}
RESULT: {}
RESULT: {"script":"<script> [5351 bytes]","args":[{"element-6066-11e4-a52e-4f735466cecf":"f.107814B6E58839EE281E95FDA44A3A0A.d.F29056A7743345FC5E5DBF106EC61A04.e.302","ELEMENT":"f.107814B6E58839EE281E95FDA44A3A0A.d.F29056A7743345FC5E5DBF106EC61A04.e.302"}]}
COMMAND: POST /session/c0d68b7606ff92619c2feb677724de84/element/f.107814B6E58839EE281E95FDA44A3A0A.d.F29056A7743345FC5E5DBF106EC61A04.e.302/click - {}
COMMAND: GET /session/c0d68b7606ff92619c2feb677724de84/screenshot - {}
RESULT: {}
RESULT: {}
COMMAND: GET /session/c0d68b7606ff92619c2feb677724de84/screenshot - {}
RESULT: {}
RESULT: {}
COMMAND: POST /session/c0d68b7606ff92619c2feb677724de84/element - {"using":"xpath","value":"//input[@id=\"application-manageyards-display-component---NewYard--yardId-inner\"]"}
RESULT: {"using":"xpath","value":"//input[@id=\"application-manageyards-display-component---NewYard--yardId-inner\"]"}
COMMAND: POST /session/c0d68b7606ff92619c2feb677724de84/element - {"using":"xpath","value":"//input[@id=\"application-manageyards-display-component---NewYard--yardId-inner\"]"}
RESULT: {"using":"xpath","value":"//input[@id=\"application-manageyards-display-component---NewYard--yardId-inner\"]"}
COMMAND: POST /session/c0d68b7606ff92619c2feb677724de84/execute/async - {"script":"<script> [1562 bytes]","args":[{"selector":{"id":"application-manageyards-display-component---NewYard--addressDetailDetailsName1","interaction":{"idSuffix":"inner"}},"wdio_ui5_key":"applicationmanageyards-display-component---NewYard--addressDetailDetailsName1"}]}
RESULT: {"script":"<script> [1562 bytes]","args":[{"selector":{"id":"application-manageyards-display-component---NewYard--addressDetailDetailsName1","interaction":{"idSuffix":"inner"}},"wdio_ui5_key":"applicationmanageyards-display-component---NewYard--addressDetailDetailsName1"}]}
RESULT: undefined
COMMAND: POST /session/c0d68b7606ff92619c2feb677724de84/execute/async - {"script":"<script> [776 bytes]","args":[{"enterText":"DailyPrice WDIO","selector":{"id":"application-manageyards-display-component---NewYard--addressDetailDetailsName1","interaction":{"idSuffix":"inner"}},"clearTextFirst":true,"interactionType":"ENTER_TEXT"}]}
RESULT: {"script":"<script> [776 bytes]","args":[{"enterText":"DailyPrice WDIO","selector":{"id":"application-manageyards-display-component---NewYard--addressDetailDetailsName1","interaction":{"idSuffix":"inner"}},"clearTextFirst":true,"interactionType":"ENTER_TEXT"}]}
COMMAND: POST /session/c0d68b7606ff92619c2feb677724de84/execute/async - {"script":"<script> [1562 bytes]","args":[{"selector":{"id":"application-manageyards-display-component---NewYard--addressDetailDetailsLanguage-arrow"},"wdio_ui5_key":"applicationmanageyards-display-component---NewYard--addressDetailDetailsLanguage-arrow"}]}
RESULT: {"script":"<script> [1562 bytes]","args":[{"selector":{"id":"application-manageyards-display-component---NewYard--addressDetailDetailsLanguage-arrow"},"wdio_ui5_key":"applicationmanageyards-display-component---NewYard--addressDetailDetailsLanguage-arrow"}]}
RESULT: undefined
COMMAND: POST /session/c0d68b7606ff92619c2feb677724de84/element - {"using":"xpath","value":"//*[@id=\"application-manageyards-display-component---NewYard--addressDetailDetailsLanguage-arrow\"]"}
RESULT: {"using":"xpath","value":"//*[@id=\"application-manageyards-display-component---NewYard--addressDetailDetailsLanguage-arrow\"]"}
COMMAND: POST /session/c0d68b7606ff92619c2feb677724de84/element/f.107814B6E58839EE281E95FDA44A3A0A.d.F29056A7743345FC5E5DBF106EC61A04.e.566/click - {}
RESULT: {}
COMMAND: POST /session/c0d68b7606ff92619c2feb677724de84/element - {"using":"xpath","value":"//span[contains(text(), \"English\")]"}
COMMAND: GET /session/c0d68b7606ff92619c2feb677724de84/screenshot - {}
RESULT: {"using":"xpath","value":"//span[contains(text(), \"English\")]"}
COMMAND: POST /session/c0d68b7606ff92619c2feb677724de84/element/f.107814B6E58839EE281E95FDA44A3A0A.d.F29056A7743345FC5E5DBF106EC61A04.e.567/click - {}
RESULT: {}
RESULT: {}
COMMAND: POST /session/c0d68b7606ff92619c2feb677724de84/execute/async - {"script":"<script> [1562 bytes]","args":[{"selector":{"id":"application-manageyards-display-component---NewYard--addressDetailDetailsCity1","interaction":{"idSuffix":"inner"}},"wdio_ui5_key":"applicationmanageyards-display-component---NewYard--addressDetailDetailsCity1"}]}
COMMAND: GET /session/c0d68b7606ff92619c2feb677724de84/screenshot - {}
RESULT: {"script":"<script> [1562 bytes]","args":[{"selector":{"id":"application-manageyards-display-component---NewYard--addressDetailDetailsCity1","interaction":{"idSuffix":"inner"}},"wdio_ui5_key":"applicationmanageyards-display-component---NewYard--addressDetailDetailsCity1"}]}
RESULT: undefined
COMMAND: POST /session/c0d68b7606ff92619c2feb677724de84/execute/async - {"script":"<script> [776 bytes]","args":[{"enterText":"Rosario","selector":{"id":"application-manageyards-display-component---NewYard--addressDetailDetailsCity1","interaction":{"idSuffix":"inner"}},"clearTextFirst":true,"interactionType":"ENTER_TEXT"}]}
RESULT: {}
RESULT: {"script":"<script> [776 bytes]","args":[{"enterText":"Rosario","selector":{"id":"application-manageyards-display-component---NewYard--addressDetailDetailsCity1","interaction":{"idSuffix":"inner"}},"clearTextFirst":true,"interactionType":"ENTER_TEXT"}]}
COMMAND: POST /session/c0d68b7606ff92619c2feb677724de84/execute/async - {"script":"<script> [1562 bytes]","args":[{"selector":{"id":"application-manageyards-display-component---NewYard--addressDetailDetailsCountry-arrow"},"wdio_ui5_key":"applicationmanageyards-display-component---NewYard--addressDetailDetailsCountry-arrow"}]}
RESULT: {"script":"<script> [1562 bytes]","args":[{"selector":{"id":"application-manageyards-display-component---NewYard--addressDetailDetailsCountry-arrow"},"wdio_ui5_key":"applicationmanageyards-display-component---NewYard--addressDetailDetailsCountry-arrow"}]}
RESULT: undefined
COMMAND: POST /session/c0d68b7606ff92619c2feb677724de84/element - {"using":"xpath","value":"//*[@id=\"application-manageyards-display-component---NewYard--addressDetailDetailsCountry-arrow\"]"}
RESULT: {"using":"xpath","value":"//*[@id=\"application-manageyards-display-component---NewYard--addressDetailDetailsCountry-arrow\"]"}
COMMAND: POST /session/c0d68b7606ff92619c2feb677724de84/element/f.107814B6E58839EE281E95FDA44A3A0A.d.F29056A7743345FC5E5DBF106EC61A04.e.569/click - {}
RESULT: {}
COMMAND: POST /session/c0d68b7606ff92619c2feb677724de84/element - {"using":"xpath","value":"//span[contains(text(), \"Argentina\")]"}
COMMAND: GET /session/c0d68b7606ff92619c2feb677724de84/screenshot - {}
RESULT: {"using":"xpath","value":"//span[contains(text(), \"Argentina\")]"}
COMMAND: POST /session/c0d68b7606ff92619c2feb677724de84/element/f.107814B6E58839EE281E95FDA44A3A0A.d.F29056A7743345FC5E5DBF106EC61A04.e.571/click - {}
RESULT: {}
RESULT: {}
COMMAND: POST /session/c0d68b7606ff92619c2feb677724de84/execute/async - {"script":"<script> [1562 bytes]","args":[{"selector":{"id":"application-manageyards-display-component---NewYard--addressEditDetailsCostObjectCstType-arrow"},"wdio_ui5_key":"applicationmanageyards-display-component---NewYard--addressEditDetailsCostObjectCstType-arrow"}]}
COMMAND: GET /session/c0d68b7606ff92619c2feb677724de84/screenshot - {}
RESULT: {"script":"<script> [1562 bytes]","args":[{"selector":{"id":"application-manageyards-display-component---NewYard--addressEditDetailsCostObjectCstType-arrow"},"wdio_ui5_key":"applicationmanageyards-display-component---NewYard--addressEditDetailsCostObjectCstType-arrow"}]}
RESULT: undefined
COMMAND: POST /session/c0d68b7606ff92619c2feb677724de84/element - {"using":"xpath","value":"//*[@id=\"application-manageyards-display-component---NewYard--addressEditDetailsCostObjectCstType-arrow\"]"}
RESULT: {}
RESULT: {"using":"xpath","value":"//*[@id=\"application-manageyards-display-component---NewYard--addressEditDetailsCostObjectCstType-arrow\"]"}
COMMAND: POST /session/c0d68b7606ff92619c2feb677724de84/element/f.107814B6E58839EE281E95FDA44A3A0A.d.F29056A7743345FC5E5DBF106EC61A04.e.572/click - {}
RESULT: {}
COMMAND: POST /session/c0d68b7606ff92619c2feb677724de84/element - {"using":"xpath","value":"//span[contains(text(), \"Cost Center\")]"}
COMMAND: GET /session/c0d68b7606ff92619c2feb677724de84/screenshot - {}
RESULT: {"using":"xpath","value":"//span[contains(text(), \"Cost Center\")]"}
COMMAND: POST /session/c0d68b7606ff92619c2feb677724de84/element/f.107814B6E58839EE281E95FDA44A3A0A.d.F29056A7743345FC5E5DBF106EC61A04.e.573/click - {}
RESULT: {}
RESULT: {}
COMMAND: GET /session/c0d68b7606ff92619c2feb677724de84/screenshot - {}
RESULT: {}
COMMAND: POST /session/c0d68b7606ff92619c2feb677724de84/element - {"using":"xpath","value":"//span[@id=\"application-manageyards-display-component---NewYard--addressNewCostObjectCstID-vhi\"]"}
RESULT: {"using":"xpath","value":"//span[@id=\"application-manageyards-display-component---NewYard--addressNewCostObjectCstID-vhi\"]"}
COMMAND: POST /session/c0d68b7606ff92619c2feb677724de84/execute/sync - {"script":"<script> [8489 bytes]","args":[{"element-6066-11e4-a52e-4f735466cecf":"f.107814B6E58839EE281E95FDA44A3A0A.d.F29056A7743345FC5E5DBF106EC61A04.e.577","ELEMENT":"f.107814B6E58839EE281E95FDA44A3A0A.d.F29056A7743345FC5E5DBF106EC61A04.e.577"}]}
RESULT: {"script":"<script> [8489 bytes]","args":[{"element-6066-11e4-a52e-4f735466cecf":"f.107814B6E58839EE281E95FDA44A3A0A.d.F29056A7743345FC5E5DBF106EC61A04.e.577","ELEMENT":"f.107814B6E58839EE281E95FDA44A3A0A.d.F29056A7743345FC5E5DBF106EC61A04.e.577"}]}
COMMAND: POST /session/c0d68b7606ff92619c2feb677724de84/execute/async - {"script":"<script> [1562 bytes]","args":[{"selector":{"id":"application-manageyards-display-component---NewYard--addressNewCostObjectCstID-vhi"},"wdio_ui5_key":"applicationmanageyards-display-component---NewYard--addressNewCostObjectCstID-vhi"}]}
COMMAND: GET /session/c0d68b7606ff92619c2feb677724de84/screenshot - {}
RESULT: {"script":"<script> [1562 bytes]","args":[{"selector":{"id":"application-manageyards-display-component---NewYard--addressNewCostObjectCstID-vhi"},"wdio_ui5_key":"applicationmanageyards-display-component---NewYard--addressNewCostObjectCstID-vhi"}]}
RESULT: undefined
COMMAND: POST /session/c0d68b7606ff92619c2feb677724de84/element - {"using":"xpath","value":"//*[@id=\"application-manageyards-display-component---NewYard--addressNewCostObjectCstID-vhi\"]"}
RESULT: {}
RESULT: {"using":"xpath","value":"//*[@id=\"application-manageyards-display-component---NewYard--addressNewCostObjectCstID-vhi\"]"}
COMMAND: POST /session/c0d68b7606ff92619c2feb677724de84/element/f.107814B6E58839EE281E95FDA44A3A0A.d.F29056A7743345FC5E5DBF106EC61A04.e.577/click - {}
RESULT: {}
COMMAND: GET /session/c0d68b7606ff92619c2feb677724de84/screenshot - {}
RESULT: {}
COMMAND: POST /session/c0d68b7606ff92619c2feb677724de84/execute/async - {"script":"<script> [1562 bytes]","args":[{"selector":{"controlType":"sap.m.SearchField","properties":{"placeholder":"Search"},"searchOpenDialogs":true,"interaction":{"idSuffix":"I"}},"wdio_ui5_key":"sapm.SearchField{\"placeholder\":\"Search\"}"}]}
RESULT: {"script":"<script> [1562 bytes]","args":[{"selector":{"controlType":"sap.m.SearchField","properties":{"placeholder":"Search"},"searchOpenDialogs":true,"interaction":{"idSuffix":"I"}},"wdio_ui5_key":"sapm.SearchField{\"placeholder\":\"Search\"}"}]}
RESULT: undefined
COMMAND: POST /session/c0d68b7606ff92619c2feb677724de84/execute/async - {"script":"<script> [776 bytes]","args":[{"enterText":"10001013","selector":{"controlType":"sap.m.SearchField","properties":{"placeholder":"Search"},"searchOpenDialogs":true,"interaction":{"idSuffix":"I"}},"clearTextFirst":true,"interactionType":"ENTER_TEXT"}]}
RESULT: {"script":"<script> [776 bytes]","args":[{"enterText":"10001013","selector":{"controlType":"sap.m.SearchField","properties":{"placeholder":"Search"},"searchOpenDialogs":true,"interaction":{"idSuffix":"I"}},"clearTextFirst":true,"interactionType":"ENTER_TEXT"}]}
COMMAND: POST /session/c0d68b7606ff92619c2feb677724de84/actions - {"actions":[{"id":"action1","type":"key","parameters":{},"actions":[{"type":"keyDown","value":"î€‡"},{"type":"pause","duration":10},{"type":"keyUp","value":"î€‡"}]}]}
RESULT: {"actions":[{"id":"action1","type":"key","parameters":{},"actions":[{"type":"keyDown","value":"î€‡"},{"type":"pause","duration":10},{"type":"keyUp","value":"î€‡"}]}]}
COMMAND: GET /session/c0d68b7606ff92619c2feb677724de84/screenshot - {}
RESULT: {}
COMMAND: POST /session/c0d68b7606ff92619c2feb677724de84/element - {"using":"xpath","value":"//span[contains(text(), \"General Management\")]"}
RESULT: {"using":"xpath","value":"//span[contains(text(), \"General Management\")]"}
COMMAND: POST /session/c0d68b7606ff92619c2feb677724de84/element/f.107814B6E58839EE281E95FDA44A3A0A.d.F29056A7743345FC5E5DBF106EC61A04.e.618/click - {}
RESULT: {}
COMMAND: GET /session/c0d68b7606ff92619c2feb677724de84/screenshot - {}
RESULT: {}
COMMAND: POST /session/c0d68b7606ff92619c2feb677724de84/element - {"using":"xpath","value":"//bdi[contains(text(), \"OK\")]"}
RESULT: {"using":"xpath","value":"//bdi[contains(text(), \"OK\")]"}
COMMAND: POST /session/c0d68b7606ff92619c2feb677724de84/element/f.107814B6E58839EE281E95FDA44A3A0A.d.F29056A7743345FC5E5DBF106EC61A04.e.619/click - {}
RESULT: {}
COMMAND: GET /session/c0d68b7606ff92619c2feb677724de84/screenshot - {}
RESULT: {}
COMMAND: POST /session/c0d68b7606ff92619c2feb677724de84/execute/async - {"script":"<script> [1562 bytes]","args":[{"selector":{"id":"application-manageyards-display-component---NewYard--addressEditDetailsCurrency-arrow"},"wdio_ui5_key":"applicationmanageyards-display-component---NewYard--addressEditDetailsCurrency-arrow"}]}
RESULT: {"script":"<script> [1562 bytes]","args":[{"selector":{"id":"application-manageyards-display-component---NewYard--addressEditDetailsCurrency-arrow"},"wdio_ui5_key":"applicationmanageyards-display-component---NewYard--addressEditDetailsCurrency-arrow"}]}
RESULT: undefined
COMMAND: POST /session/c0d68b7606ff92619c2feb677724de84/element - {"using":"xpath","value":"//*[@id=\"application-manageyards-display-component---NewYard--addressEditDetailsCurrency-arrow\"]"}
RESULT: {"using":"xpath","value":"//*[@id=\"application-manageyards-display-component---NewYard--addressEditDetailsCurrency-arrow\"]"}
COMMAND: POST /session/c0d68b7606ff92619c2feb677724de84/element/f.107814B6E58839EE281E95FDA44A3A0A.d.F29056A7743345FC5E5DBF106EC61A04.e.622/click - {}
RESULT: {}
COMMAND: POST /session/c0d68b7606ff92619c2feb677724de84/element - {"using":"xpath","value":"//span[contains(text(), \"Euro\")]"}
COMMAND: GET /session/c0d68b7606ff92619c2feb677724de84/screenshot - {}
RESULT: {"using":"xpath","value":"//span[contains(text(), \"Euro\")]"}
COMMAND: POST /session/c0d68b7606ff92619c2feb677724de84/element/f.107814B6E58839EE281E95FDA44A3A0A.d.F29056A7743345FC5E5DBF106EC61A04.e.623/click - {}
RESULT: {}
RESULT: {}
COMMAND: POST /session/c0d68b7606ff92619c2feb677724de84/execute/async - {"script":"<script> [1562 bytes]","args":[{"selector":{"controlType":"sap.m.Input","viewName":"etm.portal.ui.manageyards.view.New","viewId":"application-manageyards-display-component---NewYard","bindingPath":{"path":"","propertyPath":"/CONTROLLING_AREA","modelName":"NewYardModel"},"interaction":{"idSuffix":"inner"}},"wdio_ui5_key":"etmportal.ui.manageyards.view.Newsap.m.Input{\"path\":\"\",\"propertyPath\":\"/CONTROLLING_AREA\",\"modelName\":\"NewYardModel\"}"}]}
COMMAND: GET /session/c0d68b7606ff92619c2feb677724de84/screenshot - {}
RESULT: {"script":"<script> [1562 bytes]","args":[{"selector":{"controlType":"sap.m.Input","viewName":"etm.portal.ui.manageyards.view.New","viewId":"application-manageyards-display-component---NewYard","bindingPath":{"path":"","propertyPath":"/CONTROLLING_AREA","modelName":"NewYardModel"},"interaction":{"idSuffix":"inner"}},"wdio_ui5_key":"etmportal.ui.manageyards.view.Newsap.m.Input{\"path\":\"\",\"propertyPath\":\"/CONTROLLING_AREA\",\"modelName\":\"NewYardModel\"}"}]}
RESULT: undefined
COMMAND: POST /session/c0d68b7606ff92619c2feb677724de84/execute/async - {"script":"<script> [776 bytes]","args":[{"enterText":"Z001","selector":{"controlType":"sap.m.Input","viewName":"etm.portal.ui.manageyards.view.New","viewId":"application-manageyards-display-component---NewYard","bindingPath":{"path":"","propertyPath":"/CONTROLLING_AREA","modelName":"NewYardModel"},"interaction":{"idSuffix":"inner"}},"clearTextFirst":true,"interactionType":"ENTER_TEXT"}]}
RESULT: {}
RESULT: {"script":"<script> [776 bytes]","args":[{"enterText":"Z001","selector":{"controlType":"sap.m.Input","viewName":"etm.portal.ui.manageyards.view.New","viewId":"application-manageyards-display-component---NewYard","bindingPath":{"path":"","propertyPath":"/CONTROLLING_AREA","modelName":"NewYardModel"},"interaction":{"idSuffix":"inner"}},"clearTextFirst":true,"interactionType":"ENTER_TEXT"}]}
COMMAND: POST /session/c0d68b7606ff92619c2feb677724de84/execute/async - {"script":"<script> [1562 bytes]","args":[{"selector":{"id":"application-manageyards-display-component---NewYard--companyCodeComboBox","interaction":{"idSuffix":"inner"}},"wdio_ui5_key":"applicationmanageyards-display-component---NewYard--companyCodeComboBox"}]}
RESULT: {"script":"<script> [1562 bytes]","args":[{"selector":{"id":"application-manageyards-display-component---NewYard--companyCodeComboBox","interaction":{"idSuffix":"inner"}},"wdio_ui5_key":"applicationmanageyards-display-component---NewYard--companyCodeComboBox"}]}
RESULT: undefined
COMMAND: POST /session/c0d68b7606ff92619c2feb677724de84/execute/async - {"script":"<script> [776 bytes]","args":[{"enterText":"1000","selector":{"id":"application-manageyards-display-component---NewYard--companyCodeComboBox","interaction":{"idSuffix":"inner"}},"clearTextFirst":true,"interactionType":"ENTER_TEXT"}]}
RESULT: {"script":"<script> [776 bytes]","args":[{"enterText":"1000","selector":{"id":"application-manageyards-display-component---NewYard--companyCodeComboBox","interaction":{"idSuffix":"inner"}},"clearTextFirst":true,"interactionType":"ENTER_TEXT"}]}
COMMAND: POST /session/c0d68b7606ff92619c2feb677724de84/execute/async - {"script":"<script> [1562 bytes]","args":[{"selector":{"controlType":"sap.m.Input","viewName":"etm.portal.ui.manageyards.view.New","viewId":"application-manageyards-display-component---NewYard","bindingPath":{"path":"","propertyPath":"/PLANT","modelName":"NewYardModel"},"interaction":{"idSuffix":"inner"}},"wdio_ui5_key":"etmportal.ui.manageyards.view.Newsap.m.Input{\"path\":\"\",\"propertyPath\":\"/PLANT\",\"modelName\":\"NewYardModel\"}"}]}
RESULT: {"script":"<script> [1562 bytes]","args":[{"selector":{"controlType":"sap.m.Input","viewName":"etm.portal.ui.manageyards.view.New","viewId":"application-manageyards-display-component---NewYard","bindingPath":{"path":"","propertyPath":"/PLANT","modelName":"NewYardModel"},"interaction":{"idSuffix":"inner"}},"wdio_ui5_key":"etmportal.ui.manageyards.view.Newsap.m.Input{\"path\":\"\",\"propertyPath\":\"/PLANT\",\"modelName\":\"NewYardModel\"}"}]}
RESULT: undefined
COMMAND: POST /session/c0d68b7606ff92619c2feb677724de84/execute/async - {"script":"<script> [776 bytes]","args":[{"enterText":"1001","selector":{"controlType":"sap.m.Input","viewName":"etm.portal.ui.manageyards.view.New","viewId":"application-manageyards-display-component---NewYard","bindingPath":{"path":"","propertyPath":"/PLANT","modelName":"NewYardModel"},"interaction":{"idSuffix":"inner"}},"clearTextFirst":true,"interactionType":"ENTER_TEXT"}]}
RESULT: {"script":"<script> [776 bytes]","args":[{"enterText":"1001","selector":{"controlType":"sap.m.Input","viewName":"etm.portal.ui.manageyards.view.New","viewId":"application-manageyards-display-component---NewYard","bindingPath":{"path":"","propertyPath":"/PLANT","modelName":"NewYardModel"},"interaction":{"idSuffix":"inner"}},"clearTextFirst":true,"interactionType":"ENTER_TEXT"}]}
COMMAND: POST /session/c0d68b7606ff92619c2feb677724de84/execute/async - {"script":"<script> [1562 bytes]","args":[{"selector":{"controlType":"sap.m.Input","viewName":"etm.portal.ui.manageyards.view.New","viewId":"application-manageyards-display-component---NewYard","bindingPath":{"path":"","propertyPath":"/SALES_AREA_VKORG","modelName":"NewYardModel"},"interaction":{"idSuffix":"inner"}},"wdio_ui5_key":"etmportal.ui.manageyards.view.Newsap.m.Input{\"path\":\"\",\"propertyPath\":\"/SALES_AREA_VKORG\",\"modelName\":\"NewYardModel\"}"}]}
RESULT: {"script":"<script> [1562 bytes]","args":[{"selector":{"controlType":"sap.m.Input","viewName":"etm.portal.ui.manageyards.view.New","viewId":"application-manageyards-display-component---NewYard","bindingPath":{"path":"","propertyPath":"/SALES_AREA_VKORG","modelName":"NewYardModel"},"interaction":{"idSuffix":"inner"}},"wdio_ui5_key":"etmportal.ui.manageyards.view.Newsap.m.Input{\"path\":\"\",\"propertyPath\":\"/SALES_AREA_VKORG\",\"modelName\":\"NewYardModel\"}"}]}
RESULT: undefined
COMMAND: POST /session/c0d68b7606ff92619c2feb677724de84/execute/async - {"script":"<script> [776 bytes]","args":[{"enterText":"C002","selector":{"controlType":"sap.m.Input","viewName":"etm.portal.ui.manageyards.view.New","viewId":"application-manageyards-display-component---NewYard","bindingPath":{"path":"","propertyPath":"/SALES_AREA_VKORG","modelName":"NewYardModel"},"interaction":{"idSuffix":"inner"}},"clearTextFirst":true,"interactionType":"ENTER_TEXT"}]}
RESULT: {"script":"<script> [776 bytes]","args":[{"enterText":"C002","selector":{"controlType":"sap.m.Input","viewName":"etm.portal.ui.manageyards.view.New","viewId":"application-manageyards-display-component---NewYard","bindingPath":{"path":"","propertyPath":"/SALES_AREA_VKORG","modelName":"NewYardModel"},"interaction":{"idSuffix":"inner"}},"clearTextFirst":true,"interactionType":"ENTER_TEXT"}]}
COMMAND: POST /session/c0d68b7606ff92619c2feb677724de84/execute/async - {"script":"<script> [1562 bytes]","args":[{"selector":{"controlType":"sap.m.Input","viewName":"etm.portal.ui.manageyards.view.New","viewId":"application-manageyards-display-component---NewYard","bindingPath":{"path":"","propertyPath":"/SALES_AREA_VTWEG","modelName":"NewYardModel"},"interaction":{"idSuffix":"inner"}},"wdio_ui5_key":"etmportal.ui.manageyards.view.Newsap.m.Input{\"path\":\"\",\"propertyPath\":\"/SALES_AREA_VTWEG\",\"modelName\":\"NewYardModel\"}"}]}
RESULT: {"script":"<script> [1562 bytes]","args":[{"selector":{"controlType":"sap.m.Input","viewName":"etm.portal.ui.manageyards.view.New","viewId":"application-manageyards-display-component---NewYard","bindingPath":{"path":"","propertyPath":"/SALES_AREA_VTWEG","modelName":"NewYardModel"},"interaction":{"idSuffix":"inner"}},"wdio_ui5_key":"etmportal.ui.manageyards.view.Newsap.m.Input{\"path\":\"\",\"propertyPath\":\"/SALES_AREA_VTWEG\",\"modelName\":\"NewYardModel\"}"}]}
RESULT: undefined
COMMAND: POST /session/c0d68b7606ff92619c2feb677724de84/execute/async - {"script":"<script> [776 bytes]","args":[{"enterText":"C2","selector":{"controlType":"sap.m.Input","viewName":"etm.portal.ui.manageyards.view.New","viewId":"application-manageyards-display-component---NewYard","bindingPath":{"path":"","propertyPath":"/SALES_AREA_VTWEG","modelName":"NewYardModel"},"interaction":{"idSuffix":"inner"}},"clearTextFirst":true,"interactionType":"ENTER_TEXT"}]}
RESULT: {"script":"<script> [776 bytes]","args":[{"enterText":"C2","selector":{"controlType":"sap.m.Input","viewName":"etm.portal.ui.manageyards.view.New","viewId":"application-manageyards-display-component---NewYard","bindingPath":{"path":"","propertyPath":"/SALES_AREA_VTWEG","modelName":"NewYardModel"},"interaction":{"idSuffix":"inner"}},"clearTextFirst":true,"interactionType":"ENTER_TEXT"}]}
COMMAND: POST /session/c0d68b7606ff92619c2feb677724de84/execute/async - {"script":"<script> [1562 bytes]","args":[{"selector":{"controlType":"sap.m.Input","viewName":"etm.portal.ui.manageyards.view.New","viewId":"application-manageyards-display-component---NewYard","bindingPath":{"path":"","propertyPath":"/SALES_AREA_SPART","modelName":"NewYardModel"},"interaction":{"idSuffix":"inner"}},"wdio_ui5_key":"etmportal.ui.manageyards.view.Newsap.m.Input{\"path\":\"\",\"propertyPath\":\"/SALES_AREA_SPART\",\"modelName\":\"NewYardModel\"}"}]}
RESULT: {"script":"<script> [1562 bytes]","args":[{"selector":{"controlType":"sap.m.Input","viewName":"etm.portal.ui.manageyards.view.New","viewId":"application-manageyards-display-component---NewYard","bindingPath":{"path":"","propertyPath":"/SALES_AREA_SPART","modelName":"NewYardModel"},"interaction":{"idSuffix":"inner"}},"wdio_ui5_key":"etmportal.ui.manageyards.view.Newsap.m.Input{\"path\":\"\",\"propertyPath\":\"/SALES_AREA_SPART\",\"modelName\":\"NewYardModel\"}"}]}
RESULT: undefined
COMMAND: POST /session/c0d68b7606ff92619c2feb677724de84/execute/async - {"script":"<script> [776 bytes]","args":[{"enterText":"C2","selector":{"controlType":"sap.m.Input","viewName":"etm.portal.ui.manageyards.view.New","viewId":"application-manageyards-display-component---NewYard","bindingPath":{"path":"","propertyPath":"/SALES_AREA_SPART","modelName":"NewYardModel"},"interaction":{"idSuffix":"inner"}},"clearTextFirst":true,"interactionType":"ENTER_TEXT"}]}
RESULT: {"script":"<script> [776 bytes]","args":[{"enterText":"C2","selector":{"controlType":"sap.m.Input","viewName":"etm.portal.ui.manageyards.view.New","viewId":"application-manageyards-display-component---NewYard","bindingPath":{"path":"","propertyPath":"/SALES_AREA_SPART","modelName":"NewYardModel"},"interaction":{"idSuffix":"inner"}},"clearTextFirst":true,"interactionType":"ENTER_TEXT"}]}
COMMAND: POST /session/c0d68b7606ff92619c2feb677724de84/execute/async - {"script":"<script> [1562 bytes]","args":[{"selector":{"controlType":"sap.m.Input","viewName":"etm.portal.ui.manageyards.view.New","viewId":"application-manageyards-display-component---NewYard","bindingPath":{"path":"","propertyPath":"/SHIP_POINT","modelName":"NewYardModel"},"interaction":{"idSuffix":"inner"}},"wdio_ui5_key":"etmportal.ui.manageyards.view.Newsap.m.Input{\"path\":\"\",\"propertyPath\":\"/SHIP_POINT\",\"modelName\":\"NewYardModel\"}"}]}
RESULT: {"script":"<script> [1562 bytes]","args":[{"selector":{"controlType":"sap.m.Input","viewName":"etm.portal.ui.manageyards.view.New","viewId":"application-manageyards-display-component---NewYard","bindingPath":{"path":"","propertyPath":"/SHIP_POINT","modelName":"NewYardModel"},"interaction":{"idSuffix":"inner"}},"wdio_ui5_key":"etmportal.ui.manageyards.view.Newsap.m.Input{\"path\":\"\",\"propertyPath\":\"/SHIP_POINT\",\"modelName\":\"NewYardModel\"}"}]}
RESULT: undefined
COMMAND: POST /session/c0d68b7606ff92619c2feb677724de84/execute/async - {"script":"<script> [776 bytes]","args":[{"enterText":"1710","selector":{"controlType":"sap.m.Input","viewName":"etm.portal.ui.manageyards.view.New","viewId":"application-manageyards-display-component---NewYard","bindingPath":{"path":"","propertyPath":"/SHIP_POINT","modelName":"NewYardModel"},"interaction":{"idSuffix":"inner"}},"clearTextFirst":true,"interactionType":"ENTER_TEXT"}]}
RESULT: {"script":"<script> [776 bytes]","args":[{"enterText":"1710","selector":{"controlType":"sap.m.Input","viewName":"etm.portal.ui.manageyards.view.New","viewId":"application-manageyards-display-component---NewYard","bindingPath":{"path":"","propertyPath":"/SHIP_POINT","modelName":"NewYardModel"},"interaction":{"idSuffix":"inner"}},"clearTextFirst":true,"interactionType":"ENTER_TEXT"}]}
COMMAND: POST /session/c0d68b7606ff92619c2feb677724de84/execute/async - {"script":"<script> [1562 bytes]","args":[{"selector":{"controlType":"sap.m.Input","viewName":"etm.portal.ui.manageyards.view.New","viewId":"application-manageyards-display-component---NewYard","bindingPath":{"path":"","propertyPath":"/DELIVERY_TYPE","modelName":"NewYardModel"},"interaction":{"idSuffix":"inner"}},"wdio_ui5_key":"etmportal.ui.manageyards.view.Newsap.m.Input{\"path\":\"\",\"propertyPath\":\"/DELIVERY_TYPE\",\"modelName\":\"NewYardModel\"}"}]}
RESULT: {"script":"<script> [1562 bytes]","args":[{"selector":{"controlType":"sap.m.Input","viewName":"etm.portal.ui.manageyards.view.New","viewId":"application-manageyards-display-component---NewYard","bindingPath":{"path":"","propertyPath":"/DELIVERY_TYPE","modelName":"NewYardModel"},"interaction":{"idSuffix":"inner"}},"wdio_ui5_key":"etmportal.ui.manageyards.view.Newsap.m.Input{\"path\":\"\",\"propertyPath\":\"/DELIVERY_TYPE\",\"modelName\":\"NewYardModel\"}"}]}
RESULT: undefined
COMMAND: POST /session/c0d68b7606ff92619c2feb677724de84/execute/async - {"script":"<script> [776 bytes]","args":[{"enterText":"ZL01","selector":{"controlType":"sap.m.Input","viewName":"etm.portal.ui.manageyards.view.New","viewId":"application-manageyards-display-component---NewYard","bindingPath":{"path":"","propertyPath":"/DELIVERY_TYPE","modelName":"NewYardModel"},"interaction":{"idSuffix":"inner"}},"clearTextFirst":true,"interactionType":"ENTER_TEXT"}]}
RESULT: {"script":"<script> [776 bytes]","args":[{"enterText":"ZL01","selector":{"controlType":"sap.m.Input","viewName":"etm.portal.ui.manageyards.view.New","viewId":"application-manageyards-display-component---NewYard","bindingPath":{"path":"","propertyPath":"/DELIVERY_TYPE","modelName":"NewYardModel"},"interaction":{"idSuffix":"inner"}},"clearTextFirst":true,"interactionType":"ENTER_TEXT"}]}
COMMAND: POST /session/c0d68b7606ff92619c2feb677724de84/execute/async - {"script":"<script> [1562 bytes]","args":[{"selector":{"controlType":"sap.m.Input","viewName":"etm.portal.ui.manageyards.view.New","viewId":"application-manageyards-display-component---NewYard","bindingPath":{"path":"","propertyPath":"/AUART","modelName":"NewYardModel"},"interaction":{"idSuffix":"inner"}},"wdio_ui5_key":"etmportal.ui.manageyards.view.Newsap.m.Input{\"path\":\"\",\"propertyPath\":\"/AUART\",\"modelName\":\"NewYardModel\"}"}]}
RESULT: {"script":"<script> [1562 bytes]","args":[{"selector":{"controlType":"sap.m.Input","viewName":"etm.portal.ui.manageyards.view.New","viewId":"application-manageyards-display-component---NewYard","bindingPath":{"path":"","propertyPath":"/AUART","modelName":"NewYardModel"},"interaction":{"idSuffix":"inner"}},"wdio_ui5_key":"etmportal.ui.manageyards.view.Newsap.m.Input{\"path\":\"\",\"propertyPath\":\"/AUART\",\"modelName\":\"NewYardModel\"}"}]}
RESULT: undefined
COMMAND: POST /session/c0d68b7606ff92619c2feb677724de84/execute/async - {"script":"<script> [776 bytes]","args":[{"enterText":"TA","selector":{"controlType":"sap.m.Input","viewName":"etm.portal.ui.manageyards.view.New","viewId":"application-manageyards-display-component---NewYard","bindingPath":{"path":"","propertyPath":"/AUART","modelName":"NewYardModel"},"interaction":{"idSuffix":"inner"}},"clearTextFirst":true,"interactionType":"ENTER_TEXT"}]}
RESULT: {"script":"<script> [776 bytes]","args":[{"enterText":"TA","selector":{"controlType":"sap.m.Input","viewName":"etm.portal.ui.manageyards.view.New","viewId":"application-manageyards-display-component---NewYard","bindingPath":{"path":"","propertyPath":"/AUART","modelName":"NewYardModel"},"interaction":{"idSuffix":"inner"}},"clearTextFirst":true,"interactionType":"ENTER_TEXT"}]}
COMMAND: POST /session/c0d68b7606ff92619c2feb677724de84/element - {"using":"xpath","value":"//button[@data-kt=\"newYardSaveButton\"]"}
RESULT: {"using":"xpath","value":"//button[@data-kt=\"newYardSaveButton\"]"}
COMMAND: POST /session/c0d68b7606ff92619c2feb677724de84/element/f.107814B6E58839EE281E95FDA44A3A0A.d.F29056A7743345FC5E5DBF106EC61A04.e.402/click - {}
RESULT: {}
COMMAND: GET /session/c0d68b7606ff92619c2feb677724de84/screenshot - {}
RESULT: {}
COMMAND: POST /session/c0d68b7606ff92619c2feb677724de84/element - {"using":"xpath","value":"//header[contains(@id, 'ObjectPageLayout-headerTitle')]/div[1]/div[2]/div[1]/span[1]"}
RESULT: {"using":"xpath","value":"//header[contains(@id, 'ObjectPageLayout-headerTitle')]/div[1]/div[2]/div[1]/span[1]"}
COMMAND: POST /session/c0d68b7606ff92619c2feb677724de84/elements - {"using":"xpath","value":"//header[contains(@id, 'ObjectPageLayout-headerTitle')]/div[1]/div[2]/div[1]/span[1]"}
RESULT: {"using":"xpath","value":"//header[contains(@id, 'ObjectPageLayout-headerTitle')]/div[1]/div[2]/div[1]/span[1]"}
COMMAND: POST /session/c0d68b7606ff92619c2feb677724de84/execute/sync - {"script":"<script> [56 bytes]","args":[{"element-6066-11e4-a52e-4f735466cecf":"f.107814B6E58839EE281E95FDA44A3A0A.d.F29056A7743345FC5E5DBF106EC61A04.e.848","ELEMENT":"f.107814B6E58839EE281E95FDA44A3A0A.d.F29056A7743345FC5E5DBF106EC61A04.e.848"}]}
RESULT: {"script":"<script> [56 bytes]","args":[{"element-6066-11e4-a52e-4f735466cecf":"f.107814B6E58839EE281E95FDA44A3A0A.d.F29056A7743345FC5E5DBF106EC61A04.e.848","ELEMENT":"f.107814B6E58839EE281E95FDA44A3A0A.d.F29056A7743345FC5E5DBF106EC61A04.e.848"}]}
COMMAND: GET /session/c0d68b7606ff92619c2feb677724de84/screenshot - {}
RESULT: {}
COMMAND: POST /session/c0d68b7606ff92619c2feb677724de84/element - {"using":"css selector","value":"#shell-header-logo"}
RESULT: {"using":"css selector","value":"#shell-header-logo"}
COMMAND: POST /session/c0d68b7606ff92619c2feb677724de84/element/f.107814B6E58839EE281E95FDA44A3A0A.d.F29056A7743345FC5E5DBF106EC61A04.e.271/click - {}
RESULT: {}
COMMAND: GET /session/c0d68b7606ff92619c2feb677724de84/screenshot - {}
RESULT: {}
COMMAND: POST /session/c0d68b7606ff92619c2feb677724de84/execute/sync - {"script":"<script> [299 bytes]","args":[["getModel","getResource"]]}
RESULT: {"script":"<script> [299 bytes]","args":[["getModel","getResource"]]}
COMMAND: GET /session/c0d68b7606ff92619c2feb677724de84/screenshot - {}
]]></system-out>
    </testcase>
    <testcase classname="chrome.135_0_7049_96.windows.Create_condition_pricing_US117289_US134625" name="Should create a new equipment used for all following tests" time="133.591">
      <system-out><![CDATA[
COMMAND: POST /session/c0d68b7606ff92619c2feb677724de84/execute/async - {"script":"<script> [1562 bytes]","args":[{"selector":{"controlType":"sap.m.GenericTile","properties":{"header":"Manage Resources"}},"wdio_ui5_key":"sapm.GenericTile{\"header\":\"Manage Resources\"}"}]}
RESULT: {}
RESULT: {"script":"<script> [1562 bytes]","args":[{"selector":{"controlType":"sap.m.GenericTile","properties":{"header":"Manage Resources"}},"wdio_ui5_key":"sapm.GenericTile{\"header\":\"Manage Resources\"}"}]}
RESULT: undefined
COMMAND: POST /session/c0d68b7606ff92619c2feb677724de84/element - {"using":"xpath","value":"//*[@id=\"__tile39\"]"}
RESULT: {"using":"xpath","value":"//*[@id=\"__tile39\"]"}
COMMAND: POST /session/c0d68b7606ff92619c2feb677724de84/element/f.107814B6E58839EE281E95FDA44A3A0A.d.F29056A7743345FC5E5DBF106EC61A04.e.160/click - {}
RESULT: {}
COMMAND: POST /session/c0d68b7606ff92619c2feb677724de84/element - {"using":"xpath","value":"//button[@data-kt=\"addNewRUOverflowToolbarButton\"]"}
COMMAND: GET /session/c0d68b7606ff92619c2feb677724de84/screenshot - {}
RESULT: {"using":"xpath","value":"//button[@data-kt=\"addNewRUOverflowToolbarButton\"]"}
COMMAND: POST /session/c0d68b7606ff92619c2feb677724de84/elements - {"using":"xpath","value":"//button[@data-kt=\"addNewRUOverflowToolbarButton\"]"}
RESULT: {}
RESULT: {"using":"xpath","value":"//button[@data-kt=\"addNewRUOverflowToolbarButton\"]"}
COMMAND: POST /session/c0d68b7606ff92619c2feb677724de84/elements - {"using":"xpath","value":"//button[@data-kt=\"addNewRUOverflowToolbarButton\"]"}
RESULT: {"using":"xpath","value":"//button[@data-kt=\"addNewRUOverflowToolbarButton\"]"}
COMMAND: POST /session/c0d68b7606ff92619c2feb677724de84/elements - {"using":"xpath","value":"//button[@data-kt=\"addNewRUOverflowToolbarButton\"]"}
RESULT: {"using":"xpath","value":"//button[@data-kt=\"addNewRUOverflowToolbarButton\"]"}
COMMAND: POST /session/c0d68b7606ff92619c2feb677724de84/elements - {"using":"xpath","value":"//button[@data-kt=\"addNewRUOverflowToolbarButton\"]"}
RESULT: {"using":"xpath","value":"//button[@data-kt=\"addNewRUOverflowToolbarButton\"]"}
COMMAND: POST /session/c0d68b7606ff92619c2feb677724de84/elements - {"using":"xpath","value":"//button[@data-kt=\"addNewRUOverflowToolbarButton\"]"}
RESULT: {"using":"xpath","value":"//button[@data-kt=\"addNewRUOverflowToolbarButton\"]"}
COMMAND: POST /session/c0d68b7606ff92619c2feb677724de84/element - {"using":"xpath","value":"//button[@data-kt=\"addNewRUOverflowToolbarButton\"]"}
RESULT: {"using":"xpath","value":"//button[@data-kt=\"addNewRUOverflowToolbarButton\"]"}
COMMAND: POST /session/c0d68b7606ff92619c2feb677724de84/execute/sync - {"script":"<script> [8489 bytes]","args":[{"element-6066-11e4-a52e-4f735466cecf":"f.107814B6E58839EE281E95FDA44A3A0A.d.F29056A7743345FC5E5DBF106EC61A04.e.881","ELEMENT":"f.107814B6E58839EE281E95FDA44A3A0A.d.F29056A7743345FC5E5DBF106EC61A04.e.881"}]}
RESULT: {"script":"<script> [8489 bytes]","args":[{"element-6066-11e4-a52e-4f735466cecf":"f.107814B6E58839EE281E95FDA44A3A0A.d.F29056A7743345FC5E5DBF106EC61A04.e.881","ELEMENT":"f.107814B6E58839EE281E95FDA44A3A0A.d.F29056A7743345FC5E5DBF106EC61A04.e.881"}]}
COMMAND: GET /session/c0d68b7606ff92619c2feb677724de84/element/f.107814B6E58839EE281E95FDA44A3A0A.d.F29056A7743345FC5E5DBF106EC61A04.e.881/enabled - {}
COMMAND: GET /session/c0d68b7606ff92619c2feb677724de84/screenshot - {}
RESULT: {}
COMMAND: POST /session/c0d68b7606ff92619c2feb677724de84/execute/sync - {"script":"<script> [8489 bytes]","args":[{"element-6066-11e4-a52e-4f735466cecf":"f.107814B6E58839EE281E95FDA44A3A0A.d.F29056A7743345FC5E5DBF106EC61A04.e.881","ELEMENT":"f.107814B6E58839EE281E95FDA44A3A0A.d.F29056A7743345FC5E5DBF106EC61A04.e.881"}]}
COMMAND: GET /session/c0d68b7606ff92619c2feb677724de84/screenshot - {}
RESULT: {}
RESULT: {"script":"<script> [8489 bytes]","args":[{"element-6066-11e4-a52e-4f735466cecf":"f.107814B6E58839EE281E95FDA44A3A0A.d.F29056A7743345FC5E5DBF106EC61A04.e.881","ELEMENT":"f.107814B6E58839EE281E95FDA44A3A0A.d.F29056A7743345FC5E5DBF106EC61A04.e.881"}]}
COMMAND: POST /session/c0d68b7606ff92619c2feb677724de84/execute/sync - {"script":"<script> [5351 bytes]","args":[{"element-6066-11e4-a52e-4f735466cecf":"f.107814B6E58839EE281E95FDA44A3A0A.d.F29056A7743345FC5E5DBF106EC61A04.e.881","ELEMENT":"f.107814B6E58839EE281E95FDA44A3A0A.d.F29056A7743345FC5E5DBF106EC61A04.e.881"}]}
COMMAND: GET /session/c0d68b7606ff92619c2feb677724de84/screenshot - {}
RESULT: {}
RESULT: {"script":"<script> [5351 bytes]","args":[{"element-6066-11e4-a52e-4f735466cecf":"f.107814B6E58839EE281E95FDA44A3A0A.d.F29056A7743345FC5E5DBF106EC61A04.e.881","ELEMENT":"f.107814B6E58839EE281E95FDA44A3A0A.d.F29056A7743345FC5E5DBF106EC61A04.e.881"}]}
COMMAND: POST /session/c0d68b7606ff92619c2feb677724de84/element/f.107814B6E58839EE281E95FDA44A3A0A.d.F29056A7743345FC5E5DBF106EC61A04.e.881/click - {}
COMMAND: GET /session/c0d68b7606ff92619c2feb677724de84/screenshot - {}
RESULT: {}
RESULT: {}
COMMAND: GET /session/c0d68b7606ff92619c2feb677724de84/screenshot - {}
COMMAND: POST /session/c0d68b7606ff92619c2feb677724de84/execute/async - {"script":"<script> [1562 bytes]","args":[{"selector":{"id":"application-manageresources-display-component---newResourceUnit--TYPE-arrow"},"wdio_ui5_key":"applicationmanageresources-display-component---newResourceUnit--TYPE-arrow"}]}
RESULT: {}
RESULT: {}
RESULT: {"script":"<script> [1562 bytes]","args":[{"selector":{"id":"application-manageresources-display-component---newResourceUnit--TYPE-arrow"},"wdio_ui5_key":"applicationmanageresources-display-component---newResourceUnit--TYPE-arrow"}]}
RESULT: undefined
COMMAND: POST /session/c0d68b7606ff92619c2feb677724de84/element - {"using":"xpath","value":"//*[@id=\"application-manageresources-display-component---newResourceUnit--TYPE-arrow\"]"}
RESULT: {"using":"xpath","value":"//*[@id=\"application-manageresources-display-component---newResourceUnit--TYPE-arrow\"]"}
COMMAND: POST /session/c0d68b7606ff92619c2feb677724de84/element/f.107814B6E58839EE281E95FDA44A3A0A.d.F29056A7743345FC5E5DBF106EC61A04.e.1240/click - {}
RESULT: {}
COMMAND: POST /session/c0d68b7606ff92619c2feb677724de84/element - {"using":"xpath","value":"//input[@id=\"application-manageresources-display-component---newResourceUnit--TYPE-inner\"]"}
COMMAND: GET /session/c0d68b7606ff92619c2feb677724de84/screenshot - {}
RESULT: {"using":"xpath","value":"//input[@id=\"application-manageresources-display-component---newResourceUnit--TYPE-inner\"]"}
COMMAND: POST /session/c0d68b7606ff92619c2feb677724de84/element/f.107814B6E58839EE281E95FDA44A3A0A.d.F29056A7743345FC5E5DBF106EC61A04.e.1233/clear - {}
RESULT: {}
RESULT: {}
COMMAND: POST /session/c0d68b7606ff92619c2feb677724de84/element/f.107814B6E58839EE281E95FDA44A3A0A.d.F29056A7743345FC5E5DBF106EC61A04.e.1233/value - {"text":"Equipment"}
COMMAND: GET /session/c0d68b7606ff92619c2feb677724de84/screenshot - {}
RESULT: {"text":"Equipment"}
COMMAND: GET /session/c0d68b7606ff92619c2feb677724de84/screenshot - {}
RESULT: {}
RESULT: {}
COMMAND: POST /session/c0d68b7606ff92619c2feb677724de84/actions - {"actions":[{"id":"action2","type":"key","parameters":{},"actions":[{"type":"keyDown","value":"î€‡"},{"type":"pause","duration":10},{"type":"keyUp","value":"î€‡"}]}]}
RESULT: {"actions":[{"id":"action2","type":"key","parameters":{},"actions":[{"type":"keyDown","value":"î€‡"},{"type":"pause","duration":10},{"type":"keyUp","value":"î€‡"}]}]}
COMMAND: POST /session/c0d68b7606ff92619c2feb677724de84/execute/async - {"script":"<script> [1562 bytes]","args":[{"selector":{"id":"application-manageresources-display-component---newResourceUnit--resourceId","interaction":{"idSuffix":"inner"}},"wdio_ui5_key":"applicationmanageresources-display-component---newResourceUnit--resourceId"}]}
COMMAND: GET /session/c0d68b7606ff92619c2feb677724de84/screenshot - {}
RESULT: {"script":"<script> [1562 bytes]","args":[{"selector":{"id":"application-manageresources-display-component---newResourceUnit--resourceId","interaction":{"idSuffix":"inner"}},"wdio_ui5_key":"applicationmanageresources-display-component---newResourceUnit--resourceId"}]}
RESULT: undefined
COMMAND: POST /session/c0d68b7606ff92619c2feb677724de84/execute/async - {"script":"<script> [776 bytes]","args":[{"enterText":"a8QttjPNSy","selector":{"id":"application-manageresources-display-component---newResourceUnit--resourceId","interaction":{"idSuffix":"inner"}},"clearTextFirst":true,"interactionType":"ENTER_TEXT"}]}
RESULT: {}
RESULT: {"script":"<script> [776 bytes]","args":[{"enterText":"a8QttjPNSy","selector":{"id":"application-manageresources-display-component---newResourceUnit--resourceId","interaction":{"idSuffix":"inner"}},"clearTextFirst":true,"interactionType":"ENTER_TEXT"}]}
COMMAND: POST /session/c0d68b7606ff92619c2feb677724de84/execute/async - {"script":"<script> [1562 bytes]","args":[{"selector":{"id":"application-manageresources-display-component---newResourceUnit--SHORT_TEXT","interaction":{"idSuffix":"inner"}},"wdio_ui5_key":"applicationmanageresources-display-component---newResourceUnit--SHORT_TEXT"}]}
RESULT: {"script":"<script> [1562 bytes]","args":[{"selector":{"id":"application-manageresources-display-component---newResourceUnit--SHORT_TEXT","interaction":{"idSuffix":"inner"}},"wdio_ui5_key":"applicationmanageresources-display-component---newResourceUnit--SHORT_TEXT"}]}
RESULT: undefined
COMMAND: POST /session/c0d68b7606ff92619c2feb677724de84/execute/async - {"script":"<script> [776 bytes]","args":[{"enterText":"Intercompany Equipment WDIO","selector":{"id":"application-manageresources-display-component---newResourceUnit--SHORT_TEXT","interaction":{"idSuffix":"inner"}},"clearTextFirst":true,"interactionType":"ENTER_TEXT"}]}
RESULT: {"script":"<script> [776 bytes]","args":[{"enterText":"Intercompany Equipment WDIO","selector":{"id":"application-manageresources-display-component---newResourceUnit--SHORT_TEXT","interaction":{"idSuffix":"inner"}},"clearTextFirst":true,"interactionType":"ENTER_TEXT"}]}
COMMAND: POST /session/c0d68b7606ff92619c2feb677724de84/execute/async - {"script":"<script> [1562 bytes]","args":[{"selector":{"id":"application-manageresources-display-component---newResourceUnit--BASE_UNIT_OF_MEASURE","interaction":{"idSuffix":"inner"}},"wdio_ui5_key":"applicationmanageresources-display-component---newResourceUnit--BASE_UNIT_OF_MEASURE"}]}
RESULT: {"script":"<script> [1562 bytes]","args":[{"selector":{"id":"application-manageresources-display-component---newResourceUnit--BASE_UNIT_OF_MEASURE","interaction":{"idSuffix":"inner"}},"wdio_ui5_key":"applicationmanageresources-display-component---newResourceUnit--BASE_UNIT_OF_MEASURE"}]}
RESULT: undefined
COMMAND: POST /session/c0d68b7606ff92619c2feb677724de84/execute/async - {"script":"<script> [776 bytes]","args":[{"enterText":"Piece","selector":{"id":"application-manageresources-display-component---newResourceUnit--BASE_UNIT_OF_MEASURE","interaction":{"idSuffix":"inner"}},"clearTextFirst":true,"interactionType":"ENTER_TEXT"}]}
RESULT: {"script":"<script> [776 bytes]","args":[{"enterText":"Piece","selector":{"id":"application-manageresources-display-component---newResourceUnit--BASE_UNIT_OF_MEASURE","interaction":{"idSuffix":"inner"}},"clearTextFirst":true,"interactionType":"ENTER_TEXT"}]}
COMMAND: POST /session/c0d68b7606ff92619c2feb677724de84/execute/async - {"script":"<script> [1562 bytes]","args":[{"selector":{"id":"application-manageresources-display-component---newResourceUnit--WEIGHT_UNIT","interaction":{"idSuffix":"inner"}},"wdio_ui5_key":"applicationmanageresources-display-component---newResourceUnit--WEIGHT_UNIT"}]}
RESULT: {"script":"<script> [1562 bytes]","args":[{"selector":{"id":"application-manageresources-display-component---newResourceUnit--WEIGHT_UNIT","interaction":{"idSuffix":"inner"}},"wdio_ui5_key":"applicationmanageresources-display-component---newResourceUnit--WEIGHT_UNIT"}]}
RESULT: undefined
COMMAND: POST /session/c0d68b7606ff92619c2feb677724de84/execute/async - {"script":"<script> [776 bytes]","args":[{"enterText":"Gram","selector":{"id":"application-manageresources-display-component---newResourceUnit--WEIGHT_UNIT","interaction":{"idSuffix":"inner"}},"clearTextFirst":true,"interactionType":"ENTER_TEXT"}]}
RESULT: {"script":"<script> [776 bytes]","args":[{"enterText":"Gram","selector":{"id":"application-manageresources-display-component---newResourceUnit--WEIGHT_UNIT","interaction":{"idSuffix":"inner"}},"clearTextFirst":true,"interactionType":"ENTER_TEXT"}]}
COMMAND: POST /session/c0d68b7606ff92619c2feb677724de84/execute/async - {"script":"<script> [1562 bytes]","args":[{"selector":{"id":"application-manageresources-display-component---newResourceUnit--DIMENSION_UNIT","interaction":{"idSuffix":"inner"}},"wdio_ui5_key":"applicationmanageresources-display-component---newResourceUnit--DIMENSION_UNIT"}]}
RESULT: {"script":"<script> [1562 bytes]","args":[{"selector":{"id":"application-manageresources-display-component---newResourceUnit--DIMENSION_UNIT","interaction":{"idSuffix":"inner"}},"wdio_ui5_key":"applicationmanageresources-display-component---newResourceUnit--DIMENSION_UNIT"}]}
RESULT: undefined
COMMAND: POST /session/c0d68b7606ff92619c2feb677724de84/execute/async - {"script":"<script> [776 bytes]","args":[{"enterText":"Meter","selector":{"id":"application-manageresources-display-component---newResourceUnit--DIMENSION_UNIT","interaction":{"idSuffix":"inner"}},"clearTextFirst":true,"interactionType":"ENTER_TEXT"}]}
RESULT: {"script":"<script> [776 bytes]","args":[{"enterText":"Meter","selector":{"id":"application-manageresources-display-component---newResourceUnit--DIMENSION_UNIT","interaction":{"idSuffix":"inner"}},"clearTextFirst":true,"interactionType":"ENTER_TEXT"}]}
COMMAND: POST /session/c0d68b7606ff92619c2feb677724de84/execute/async - {"script":"<script> [1562 bytes]","args":[{"selector":{"id":"application-manageresources-display-component---newResourceUnit--newRRUPage-anchBar-application-manageresources-display-component---newResourceUnit--control-anchor","interaction":{"idSuffix":"BDI-content"}},"wdio_ui5_key":"applicationmanageresources-display-component---newResourceUnit--newRRUPage-anchBar-application-manageresources-display-component---newResourceUnit--control-anchor"}]}
RESULT: {"script":"<script> [1562 bytes]","args":[{"selector":{"id":"application-manageresources-display-component---newResourceUnit--newRRUPage-anchBar-application-manageresources-display-component---newResourceUnit--control-anchor","interaction":{"idSuffix":"BDI-content"}},"wdio_ui5_key":"applicationmanageresources-display-component---newResourceUnit--newRRUPage-anchBar-application-manageresources-display-component---newResourceUnit--control-anchor"}]}
RESULT: undefined
COMMAND: POST /session/c0d68b7606ff92619c2feb677724de84/element - {"using":"xpath","value":"//*[@id=\"application-manageresources-display-component---newResourceUnit--newRRUPage-anchBar-application-manageresources-display-component---newResourceUnit--control-anchor\"]"}
RESULT: {"using":"xpath","value":"//*[@id=\"application-manageresources-display-component---newResourceUnit--newRRUPage-anchBar-application-manageresources-display-component---newResourceUnit--control-anchor\"]"}
COMMAND: POST /session/c0d68b7606ff92619c2feb677724de84/element/f.107814B6E58839EE281E95FDA44A3A0A.d.F29056A7743345FC5E5DBF106EC61A04.e.1373/click - {}
RESULT: {}
COMMAND: POST /session/c0d68b7606ff92619c2feb677724de84/execute/async - {"script":"<script> [1562 bytes]","args":[{"selector":{"id":"application-manageresources-display-component---newResourceUnit--PLANNING_GROUP","interaction":{"idSuffix":"inner"}},"wdio_ui5_key":"applicationmanageresources-display-component---newResourceUnit--PLANNING_GROUP"}]}
COMMAND: GET /session/c0d68b7606ff92619c2feb677724de84/screenshot - {}
RESULT: {"script":"<script> [1562 bytes]","args":[{"selector":{"id":"application-manageresources-display-component---newResourceUnit--PLANNING_GROUP","interaction":{"idSuffix":"inner"}},"wdio_ui5_key":"applicationmanageresources-display-component---newResourceUnit--PLANNING_GROUP"}]}
RESULT: undefined
COMMAND: POST /session/c0d68b7606ff92619c2feb677724de84/execute/async - {"script":"<script> [776 bytes]","args":[{"enterText":"Heavy Equi","selector":{"id":"application-manageresources-display-component---newResourceUnit--PLANNING_GROUP","interaction":{"idSuffix":"inner"}},"clearTextFirst":true,"interactionType":"ENTER_TEXT"}]}
RESULT: {}
RESULT: {"script":"<script> [776 bytes]","args":[{"enterText":"Heavy Equi","selector":{"id":"application-manageresources-display-component---newResourceUnit--PLANNING_GROUP","interaction":{"idSuffix":"inner"}},"clearTextFirst":true,"interactionType":"ENTER_TEXT"}]}
COMMAND: POST /session/c0d68b7606ff92619c2feb677724de84/execute/async - {"script":"<script> [1562 bytes]","args":[{"selector":{"id":"application-manageresources-display-component---newResourceUnit--ITEM_TYPE-arrow"},"wdio_ui5_key":"applicationmanageresources-display-component---newResourceUnit--ITEM_TYPE-arrow"}]}
RESULT: {"script":"<script> [1562 bytes]","args":[{"selector":{"id":"application-manageresources-display-component---newResourceUnit--ITEM_TYPE-arrow"},"wdio_ui5_key":"applicationmanageresources-display-component---newResourceUnit--ITEM_TYPE-arrow"}]}
RESULT: undefined
COMMAND: POST /session/c0d68b7606ff92619c2feb677724de84/element - {"using":"xpath","value":"//*[@id=\"application-manageresources-display-component---newResourceUnit--ITEM_TYPE-arrow\"]"}
RESULT: {"using":"xpath","value":"//*[@id=\"application-manageresources-display-component---newResourceUnit--ITEM_TYPE-arrow\"]"}
COMMAND: POST /session/c0d68b7606ff92619c2feb677724de84/element/f.107814B6E58839EE281E95FDA44A3A0A.d.F29056A7743345FC5E5DBF106EC61A04.e.1380/click - {}
RESULT: {}
COMMAND: POST /session/c0d68b7606ff92619c2feb677724de84/element - {"using":"xpath","value":"(//span[contains(text(), \"Resource Unit\")])[2]"}
COMMAND: GET /session/c0d68b7606ff92619c2feb677724de84/screenshot - {}
RESULT: {"using":"xpath","value":"(//span[contains(text(), \"Resource Unit\")])[2]"}
COMMAND: POST /session/c0d68b7606ff92619c2feb677724de84/element/f.107814B6E58839EE281E95FDA44A3A0A.d.F29056A7743345FC5E5DBF106EC61A04.e.1381/click - {}
RESULT: {}
RESULT: {}
COMMAND: GET /session/c0d68b7606ff92619c2feb677724de84/screenshot - {}
RESULT: {}
COMMAND: POST /session/c0d68b7606ff92619c2feb677724de84/element - {"using":"css selector","value":"#application-manageresources-display-component---newResourceUnit--btnAddTimeSegment"}
RESULT: {"using":"css selector","value":"#application-manageresources-display-component---newResourceUnit--btnAddTimeSegment"}
COMMAND: GET /session/c0d68b7606ff92619c2feb677724de84/element/f.107814B6E58839EE281E95FDA44A3A0A.d.F29056A7743345FC5E5DBF106EC61A04.e.1382/rect - {}
RESULT: {}
COMMAND: GET /session/c0d68b7606ff92619c2feb677724de84/window/rect - {}
RESULT: {}
COMMAND: POST /session/c0d68b7606ff92619c2feb677724de84/execute/sync - {"script":"<script> [92 bytes]","args":[]}
RESULT: {"script":"<script> [92 bytes]","args":[]}
COMMAND: POST /session/c0d68b7606ff92619c2feb677724de84/actions - {"actions":[{"id":"action3","type":"wheel","parameters":{},"actions":[{"type":"scroll","x":-1888,"y":-32,"deltaX":0,"deltaY":0,"duration":0,"origin":{"element-6066-11e4-a52e-4f735466cecf":"f.107814B6E58839EE281E95FDA44A3A0A.d.F29056A7743345FC5E5DBF106EC61A04.e.1382"}}]}]}
COMMAND: GET /session/c0d68b7606ff92619c2feb677724de84/screenshot - {}
RESULT: {}
COMMAND: POST /session/c0d68b7606ff92619c2feb677724de84/execute/sync - {"script":"<script> [79 bytes]","args":[{"element-6066-11e4-a52e-4f735466cecf":"f.107814B6E58839EE281E95FDA44A3A0A.d.F29056A7743345FC5E5DBF106EC61A04.e.1382","ELEMENT":"f.107814B6E58839EE281E95FDA44A3A0A.d.F29056A7743345FC5E5DBF106EC61A04.e.1382"},{"block":"start","inline":"nearest"}]}
RESULT: {"script":"<script> [79 bytes]","args":[{"element-6066-11e4-a52e-4f735466cecf":"f.107814B6E58839EE281E95FDA44A3A0A.d.F29056A7743345FC5E5DBF106EC61A04.e.1382","ELEMENT":"f.107814B6E58839EE281E95FDA44A3A0A.d.F29056A7743345FC5E5DBF106EC61A04.e.1382"},{"block":"start","inline":"nearest"}]}
COMMAND: POST /session/c0d68b7606ff92619c2feb677724de84/execute/async - {"script":"<script> [1562 bytes]","args":[{"selector":{"id":"application-manageresources-display-component---newResourceUnit--btnAddTimeSegment","interaction":{"idSuffix":"inner"}},"wdio_ui5_key":"applicationmanageresources-display-component---newResourceUnit--btnAddTimeSegment"}]}
COMMAND: GET /session/c0d68b7606ff92619c2feb677724de84/screenshot - {}
RESULT: {"script":"<script> [1562 bytes]","args":[{"selector":{"id":"application-manageresources-display-component---newResourceUnit--btnAddTimeSegment","interaction":{"idSuffix":"inner"}},"wdio_ui5_key":"applicationmanageresources-display-component---newResourceUnit--btnAddTimeSegment"}]}
RESULT: undefined
COMMAND: POST /session/c0d68b7606ff92619c2feb677724de84/element - {"using":"xpath","value":"//*[@id=\"application-manageresources-display-component---newResourceUnit--btnAddTimeSegment\"]"}
RESULT: {}
RESULT: {"using":"xpath","value":"//*[@id=\"application-manageresources-display-component---newResourceUnit--btnAddTimeSegment\"]"}
COMMAND: POST /session/c0d68b7606ff92619c2feb677724de84/element/f.107814B6E58839EE281E95FDA44A3A0A.d.F29056A7743345FC5E5DBF106EC61A04.e.1382/click - {}
RESULT: {}
COMMAND: GET /session/c0d68b7606ff92619c2feb677724de84/screenshot - {}
RESULT: {}
COMMAND: POST /session/c0d68b7606ff92619c2feb677724de84/element - {"using":"xpath","value":"//input[@id=\"application-manageresources-display-component---newResourceUnit--idRuTSAdmin-application-manageresources-display-component---newResourceUnit--RUTimeSegment-0-inner\"]"}
RESULT: {"using":"xpath","value":"//input[@id=\"application-manageresources-display-component---newResourceUnit--idRuTSAdmin-application-manageresources-display-component---newResourceUnit--RUTimeSegment-0-inner\"]"}
COMMAND: POST /session/c0d68b7606ff92619c2feb677724de84/element/f.107814B6E58839EE281E95FDA44A3A0A.d.F29056A7743345FC5E5DBF106EC61A04.e.1388/clear - {}
RESULT: {}
COMMAND: POST /session/c0d68b7606ff92619c2feb677724de84/element/f.107814B6E58839EE281E95FDA44A3A0A.d.F29056A7743345FC5E5DBF106EC61A04.e.1388/value - {"text":"593"}
COMMAND: GET /session/c0d68b7606ff92619c2feb677724de84/screenshot - {}
RESULT: {"text":"593"}
COMMAND: GET /session/c0d68b7606ff92619c2feb677724de84/screenshot - {}
RESULT: {}
RESULT: {}
COMMAND: POST /session/c0d68b7606ff92619c2feb677724de84/element - {"using":"xpath","value":"//li[.//span[text()='593']]"}
RESULT: {"using":"xpath","value":"//li[.//span[text()='593']]"}
COMMAND: POST /session/c0d68b7606ff92619c2feb677724de84/element/f.107814B6E58839EE281E95FDA44A3A0A.d.F29056A7743345FC5E5DBF106EC61A04.e.1400/click - {}
RESULT: {}
COMMAND: GET /session/c0d68b7606ff92619c2feb677724de84/screenshot - {}
RESULT: {}
COMMAND: POST /session/c0d68b7606ff92619c2feb677724de84/element - {"using":"xpath","value":"(//span[contains(@id, \"-application-manageresources-display-component---newResourceUnit--RUTimeSegment-0-arrow\")])[6]"}
RESULT: {"using":"xpath","value":"(//span[contains(@id, \"-application-manageresources-display-component---newResourceUnit--RUTimeSegment-0-arrow\")])[6]"}
COMMAND: POST /session/c0d68b7606ff92619c2feb677724de84/element/f.107814B6E58839EE281E95FDA44A3A0A.d.F29056A7743345FC5E5DBF106EC61A04.e.1401/click - {}
RESULT: {}
COMMAND: GET /session/c0d68b7606ff92619c2feb677724de84/screenshot - {}
RESULT: {}
COMMAND: POST /session/c0d68b7606ff92619c2feb677724de84/element - {"using":"xpath","value":"//span[contains(text(), \"PM Order\")]"}
RESULT: {"using":"xpath","value":"//span[contains(text(), \"PM Order\")]"}
COMMAND: POST /session/c0d68b7606ff92619c2feb677724de84/element/f.107814B6E58839EE281E95FDA44A3A0A.d.F29056A7743345FC5E5DBF106EC61A04.e.1404/click - {}
RESULT: {}
COMMAND: GET /session/c0d68b7606ff92619c2feb677724de84/screenshot - {}
RESULT: {}
COMMAND: POST /session/c0d68b7606ff92619c2feb677724de84/element - {"using":"xpath","value":"(//span[contains(@id ,\"manageresources-display-component---newResourceUnit--RUTimeSegment-0-vhi\")])[1]"}
RESULT: {"using":"xpath","value":"(//span[contains(@id ,\"manageresources-display-component---newResourceUnit--RUTimeSegment-0-vhi\")])[1]"}
COMMAND: GET /session/c0d68b7606ff92619c2feb677724de84/element/f.107814B6E58839EE281E95FDA44A3A0A.d.F29056A7743345FC5E5DBF106EC61A04.e.1408/rect - {}
RESULT: {}
COMMAND: GET /session/c0d68b7606ff92619c2feb677724de84/window/rect - {}
RESULT: {}
COMMAND: POST /session/c0d68b7606ff92619c2feb677724de84/execute/sync - {"script":"<script> [92 bytes]","args":[]}
RESULT: {"script":"<script> [92 bytes]","args":[]}
COMMAND: POST /session/c0d68b7606ff92619c2feb677724de84/actions - {"actions":[{"id":"action4","type":"wheel","parameters":{},"actions":[{"type":"scroll","x":-869,"y":-24,"deltaX":0,"deltaY":0,"duration":0,"origin":{"element-6066-11e4-a52e-4f735466cecf":"f.107814B6E58839EE281E95FDA44A3A0A.d.F29056A7743345FC5E5DBF106EC61A04.e.1408"}}]}]}
COMMAND: GET /session/c0d68b7606ff92619c2feb677724de84/screenshot - {}
RESULT: {"actions":[{"id":"action4","type":"wheel","parameters":{},"actions":[{"type":"scroll","x":-869,"y":-24,"deltaX":0,"deltaY":0,"duration":0,"origin":{"element-6066-11e4-a52e-4f735466cecf":"f.107814B6E58839EE281E95FDA44A3A0A.d.F29056A7743345FC5E5DBF106EC61A04.e.1408"}}]}]}
COMMAND: DELETE /session/c0d68b7606ff92619c2feb677724de84/actions - {}
COMMAND: GET /session/c0d68b7606ff92619c2feb677724de84/screenshot - {}
RESULT: {}
RESULT: {}
COMMAND: GET /session/c0d68b7606ff92619c2feb677724de84/screenshot - {}
RESULT: {}
RESULT: {}
COMMAND: POST /session/c0d68b7606ff92619c2feb677724de84/element/f.107814B6E58839EE281E95FDA44A3A0A.d.F29056A7743345FC5E5DBF106EC61A04.e.1408/click - {}
RESULT: {}
COMMAND: GET /session/c0d68b7606ff92619c2feb677724de84/screenshot - {}
RESULT: {}
RESULT: undefined
COMMAND: POST /session/c0d68b7606ff92619c2feb677724de84/execute/async - {"script":"<script> [776 bytes]","args":[{"enterText":"4000360","selector":{"controlType":"sap.m.SearchField","properties":{"placeholder":"Search"},"searchOpenDialogs":true,"interaction":{"idSuffix":"I"}},"clearTextFirst":true,"interactionType":"ENTER_TEXT"}]}
RESULT: {"script":"<script> [776 bytes]","args":[{"enterText":"4000360","selector":{"controlType":"sap.m.SearchField","properties":{"placeholder":"Search"},"searchOpenDialogs":true,"interaction":{"idSuffix":"I"}},"clearTextFirst":true,"interactionType":"ENTER_TEXT"}]}
COMMAND: POST /session/c0d68b7606ff92619c2feb677724de84/actions - {"actions":[{"id":"action5","type":"key","parameters":{},"actions":[{"type":"keyDown","value":"î€‡"},{"type":"pause","duration":10},{"type":"keyUp","value":"î€‡"}]}]}
RESULT: {"actions":[{"id":"action5","type":"key","parameters":{},"actions":[{"type":"keyDown","value":"î€‡"},{"type":"pause","duration":10},{"type":"keyUp","value":"î€‡"}]}]}
COMMAND: GET /session/c0d68b7606ff92619c2feb677724de84/screenshot - {}
RESULT: {}
COMMAND: POST /session/c0d68b7606ff92619c2feb677724de84/element - {"using":"xpath","value":"//td/div/span[contains(text(), \"BGL Vehicles\")]"}
RESULT: {"using":"xpath","value":"//td/div/span[contains(text(), \"BGL Vehicles\")]"}
COMMAND: POST /session/c0d68b7606ff92619c2feb677724de84/element/f.107814B6E58839EE281E95FDA44A3A0A.d.F29056A7743345FC5E5DBF106EC61A04.e.1427/click - {}
RESULT: {}
COMMAND: GET /session/c0d68b7606ff92619c2feb677724de84/screenshot - {}
RESULT: {}
COMMAND: POST /session/c0d68b7606ff92619c2feb677724de84/element - {"using":"xpath","value":"//bdi[contains(text(), \"OK\")]"}
RESULT: {"using":"xpath","value":"//bdi[contains(text(), \"OK\")]"}
COMMAND: POST /session/c0d68b7606ff92619c2feb677724de84/element/f.107814B6E58839EE281E95FDA44A3A0A.d.F29056A7743345FC5E5DBF106EC61A04.e.1428/click - {}
RESULT: {}
COMMAND: GET /session/c0d68b7606ff92619c2feb677724de84/screenshot - {}
RESULT: {}
COMMAND: POST /session/c0d68b7606ff92619c2feb677724de84/execute/async - {"script":"<script> [1562 bytes]","args":[{"selector":{"id":"application-manageresources-display-component---newResourceUnit--newRRUPage-anchBar-application-manageresources-display-component---newResourceUnit--resource-anchor","interaction":{"idSuffix":"BDI-content"}},"wdio_ui5_key":"applicationmanageresources-display-component---newResourceUnit--newRRUPage-anchBar-application-manageresources-display-component---newResourceUnit--resource-anchor"}]}
RESULT: {"script":"<script> [1562 bytes]","args":[{"selector":{"id":"application-manageresources-display-component---newResourceUnit--newRRUPage-anchBar-application-manageresources-display-component---newResourceUnit--resource-anchor","interaction":{"idSuffix":"BDI-content"}},"wdio_ui5_key":"applicationmanageresources-display-component---newResourceUnit--newRRUPage-anchBar-application-manageresources-display-component---newResourceUnit--resource-anchor"}]}
RESULT: undefined
COMMAND: POST /session/c0d68b7606ff92619c2feb677724de84/element - {"using":"xpath","value":"//*[@id=\"application-manageresources-display-component---newResourceUnit--newRRUPage-anchBar-application-manageresources-display-component---newResourceUnit--resource-anchor\"]"}
RESULT: {"using":"xpath","value":"//*[@id=\"application-manageresources-display-component---newResourceUnit--newRRUPage-anchBar-application-manageresources-display-component---newResourceUnit--resource-anchor\"]"}
COMMAND: POST /session/c0d68b7606ff92619c2feb677724de84/element/f.107814B6E58839EE281E95FDA44A3A0A.d.F29056A7743345FC5E5DBF106EC61A04.e.1432/click - {}
RESULT: {}
COMMAND: POST /session/c0d68b7606ff92619c2feb677724de84/execute/async - {"script":"<script> [1562 bytes]","args":[{"selector":{"id":"application-manageresources-display-component---newResourceUnit--PLANNED_DELIVERY_DATE","interaction":{"idSuffix":"inner"}},"wdio_ui5_key":"applicationmanageresources-display-component---newResourceUnit--PLANNED_DELIVERY_DATE"}]}
COMMAND: GET /session/c0d68b7606ff92619c2feb677724de84/screenshot - {}
RESULT: {"script":"<script> [1562 bytes]","args":[{"selector":{"id":"application-manageresources-display-component---newResourceUnit--PLANNED_DELIVERY_DATE","interaction":{"idSuffix":"inner"}},"wdio_ui5_key":"applicationmanageresources-display-component---newResourceUnit--PLANNED_DELIVERY_DATE"}]}
RESULT: undefined
COMMAND: POST /session/c0d68b7606ff92619c2feb677724de84/execute/async - {"script":"<script> [6424 bytes]","args":[{"element-6066-11e4-a52e-4f735466cecf":"f.107814B6E58839EE281E95FDA44A3A0A.d.F29056A7743345FC5E5DBF106EC61A04.e.1295"},"setValue",["5/5/25"]]}
RESULT: {}
RESULT: {"script":"<script> [6424 bytes]","args":[{"element-6066-11e4-a52e-4f735466cecf":"f.107814B6E58839EE281E95FDA44A3A0A.d.F29056A7743345FC5E5DBF106EC61A04.e.1295"},"setValue",["5/5/25"]]}
COMMAND: POST /session/c0d68b7606ff92619c2feb677724de84/element - {"using":"xpath","value":"//button[@data-kt=\"resourceUnitSaveButton\"]"}
RESULT: {"using":"xpath","value":"//button[@data-kt=\"resourceUnitSaveButton\"]"}
COMMAND: POST /session/c0d68b7606ff92619c2feb677724de84/element/f.107814B6E58839EE281E95FDA44A3A0A.d.F29056A7743345FC5E5DBF106EC61A04.e.1256/click - {}
RESULT: {}
COMMAND: GET /session/c0d68b7606ff92619c2feb677724de84/screenshot - {}
RESULT: {}
COMMAND: POST /session/c0d68b7606ff92619c2feb677724de84/element - {"using":"xpath","value":"//bdi[contains(text(), \"Close\")]"}
RESULT: {"using":"xpath","value":"//bdi[contains(text(), \"Close\")]"}
COMMAND: POST /session/c0d68b7606ff92619c2feb677724de84/element/f.107814B6E58839EE281E95FDA44A3A0A.d.F29056A7743345FC5E5DBF106EC61A04.e.1440/click - {}
RESULT: {}
COMMAND: GET /session/c0d68b7606ff92619c2feb677724de84/screenshot - {}
RESULT: {}
COMMAND: POST /session/c0d68b7606ff92619c2feb677724de84/element - {"using":"xpath","value":"(//button[contains(@id ,\"actionsToolbar-overflowButton\")])[1]"}
RESULT: {"using":"xpath","value":"(//button[contains(@id ,\"actionsToolbar-overflowButton\")])[1]"}
COMMAND: POST /session/c0d68b7606ff92619c2feb677724de84/element/f.107814B6E58839EE281E95FDA44A3A0A.d.F29056A7743345FC5E5DBF106EC61A04.e.1498/click - {}
RESULT: {}
COMMAND: GET /session/c0d68b7606ff92619c2feb677724de84/screenshot - {}
RESULT: {}
COMMAND: POST /session/c0d68b7606ff92619c2feb677724de84/element - {"using":"xpath","value":"//button[@data-kt=\"priceInfoButton\"]"}
RESULT: {"using":"xpath","value":"//button[@data-kt=\"priceInfoButton\"]"}
COMMAND: POST /session/c0d68b7606ff92619c2feb677724de84/element/f.107814B6E58839EE281E95FDA44A3A0A.d.F29056A7743345FC5E5DBF106EC61A04.e.1500/click - {}
RESULT: {}
COMMAND: GET /session/c0d68b7606ff92619c2feb677724de84/screenshot - {}
RESULT: {}
COMMAND: POST /session/c0d68b7606ff92619c2feb677724de84/element - {"using":"css selector","value":"#shell-header-logo"}
RESULT: {"using":"css selector","value":"#shell-header-logo"}
COMMAND: POST /session/c0d68b7606ff92619c2feb677724de84/element/f.107814B6E58839EE281E95FDA44A3A0A.d.F29056A7743345FC5E5DBF106EC61A04.e.853/click - {}
RESULT: {}
COMMAND: GET /session/c0d68b7606ff92619c2feb677724de84/screenshot - {}
]]></system-out>
    </testcase>
    <testcase classname="chrome.135_0_7049_96.windows.Create_condition_pricing_US117289_US134625" name="Should create new condition" time="68.446">
      <system-out><![CDATA[
COMMAND: POST /session/c0d68b7606ff92619c2feb677724de84/execute/async - {"script":"<script> [1562 bytes]","args":[{"selector":{"controlType":"sap.m.Text","properties":{"text":"Manage Conditions & Prices"},"interaction":{"idSuffix":"inner"}},"wdio_ui5_key":"sapm.Text{\"text\":\"Manage Conditions & Prices\"}"}]}
RESULT: {"script":"<script> [1562 bytes]","args":[{"selector":{"controlType":"sap.m.Text","properties":{"text":"Manage Conditions & Prices"},"interaction":{"idSuffix":"inner"}},"wdio_ui5_key":"sapm.Text{\"text\":\"Manage Conditions & Prices\"}"}]}
RESULT: undefined
COMMAND: POST /session/c0d68b7606ff92619c2feb677724de84/element - {"using":"xpath","value":"//*[@id=\"__tile53-title\"]"}
RESULT: {}
RESULT: {"using":"xpath","value":"//*[@id=\"__tile53-title\"]"}
COMMAND: POST /session/c0d68b7606ff92619c2feb677724de84/element/f.107814B6E58839EE281E95FDA44A3A0A.d.F29056A7743345FC5E5DBF106EC61A04.e.1539/click - {}
RESULT: {}
COMMAND: POST /session/c0d68b7606ff92619c2feb677724de84/element - {"using":"xpath","value":"//button[@aria-label=\"Create\"]"}
COMMAND: GET /session/c0d68b7606ff92619c2feb677724de84/screenshot - {}
RESULT: {"using":"xpath","value":"//button[@aria-label=\"Create\"]"}
COMMAND: POST /session/c0d68b7606ff92619c2feb677724de84/elements - {"using":"xpath","value":"//button[@aria-label=\"Create\"]"}
RESULT: {}
RESULT: {"using":"xpath","value":"//button[@aria-label=\"Create\"]"}
COMMAND: POST /session/c0d68b7606ff92619c2feb677724de84/elements - {"using":"xpath","value":"//button[@aria-label=\"Create\"]"}
RESULT: {"using":"xpath","value":"//button[@aria-label=\"Create\"]"}
COMMAND: POST /session/c0d68b7606ff92619c2feb677724de84/elements - {"using":"xpath","value":"//button[@aria-label=\"Create\"]"}
RESULT: {"using":"xpath","value":"//button[@aria-label=\"Create\"]"}
COMMAND: POST /session/c0d68b7606ff92619c2feb677724de84/elements - {"using":"xpath","value":"//button[@aria-label=\"Create\"]"}
RESULT: {"using":"xpath","value":"//button[@aria-label=\"Create\"]"}
COMMAND: POST /session/c0d68b7606ff92619c2feb677724de84/elements - {"using":"xpath","value":"//button[@aria-label=\"Create\"]"}
RESULT: {"using":"xpath","value":"//button[@aria-label=\"Create\"]"}
COMMAND: POST /session/c0d68b7606ff92619c2feb677724de84/element - {"using":"xpath","value":"//button[@aria-label=\"Create\"]"}
RESULT: {"using":"xpath","value":"//button[@aria-label=\"Create\"]"}
COMMAND: POST /session/c0d68b7606ff92619c2feb677724de84/execute/sync - {"script":"<script> [8489 bytes]","args":[{"element-6066-11e4-a52e-4f735466cecf":"f.107814B6E58839EE281E95FDA44A3A0A.d.F29056A7743345FC5E5DBF106EC61A04.e.1574","ELEMENT":"f.107814B6E58839EE281E95FDA44A3A0A.d.F29056A7743345FC5E5DBF106EC61A04.e.1574"}]}
RESULT: {"script":"<script> [8489 bytes]","args":[{"element-6066-11e4-a52e-4f735466cecf":"f.107814B6E58839EE281E95FDA44A3A0A.d.F29056A7743345FC5E5DBF106EC61A04.e.1574","ELEMENT":"f.107814B6E58839EE281E95FDA44A3A0A.d.F29056A7743345FC5E5DBF106EC61A04.e.1574"}]}
COMMAND: GET /session/c0d68b7606ff92619c2feb677724de84/element/f.107814B6E58839EE281E95FDA44A3A0A.d.F29056A7743345FC5E5DBF106EC61A04.e.1574/enabled - {}
COMMAND: GET /session/c0d68b7606ff92619c2feb677724de84/screenshot - {}
RESULT: {}
COMMAND: POST /session/c0d68b7606ff92619c2feb677724de84/execute/sync - {"script":"<script> [8489 bytes]","args":[{"element-6066-11e4-a52e-4f735466cecf":"f.107814B6E58839EE281E95FDA44A3A0A.d.F29056A7743345FC5E5DBF106EC61A04.e.1574","ELEMENT":"f.107814B6E58839EE281E95FDA44A3A0A.d.F29056A7743345FC5E5DBF106EC61A04.e.1574"}]}
COMMAND: GET /session/c0d68b7606ff92619c2feb677724de84/screenshot - {}
RESULT: {}
RESULT: {"script":"<script> [8489 bytes]","args":[{"element-6066-11e4-a52e-4f735466cecf":"f.107814B6E58839EE281E95FDA44A3A0A.d.F29056A7743345FC5E5DBF106EC61A04.e.1574","ELEMENT":"f.107814B6E58839EE281E95FDA44A3A0A.d.F29056A7743345FC5E5DBF106EC61A04.e.1574"}]}
COMMAND: POST /session/c0d68b7606ff92619c2feb677724de84/execute/sync - {"script":"<script> [5351 bytes]","args":[{"element-6066-11e4-a52e-4f735466cecf":"f.107814B6E58839EE281E95FDA44A3A0A.d.F29056A7743345FC5E5DBF106EC61A04.e.1574","ELEMENT":"f.107814B6E58839EE281E95FDA44A3A0A.d.F29056A7743345FC5E5DBF106EC61A04.e.1574"}]}
COMMAND: GET /session/c0d68b7606ff92619c2feb677724de84/screenshot - {}
RESULT: {}
RESULT: {"script":"<script> [5351 bytes]","args":[{"element-6066-11e4-a52e-4f735466cecf":"f.107814B6E58839EE281E95FDA44A3A0A.d.F29056A7743345FC5E5DBF106EC61A04.e.1574","ELEMENT":"f.107814B6E58839EE281E95FDA44A3A0A.d.F29056A7743345FC5E5DBF106EC61A04.e.1574"}]}
COMMAND: POST /session/c0d68b7606ff92619c2feb677724de84/element/f.107814B6E58839EE281E95FDA44A3A0A.d.F29056A7743345FC5E5DBF106EC61A04.e.1574/click - {}
COMMAND: GET /session/c0d68b7606ff92619c2feb677724de84/screenshot - {}
RESULT: {}
RESULT: {}
COMMAND: GET /session/c0d68b7606ff92619c2feb677724de84/screenshot - {}
RESULT: {}
RESULT: {}
COMMAND: POST /session/c0d68b7606ff92619c2feb677724de84/actions - {"actions":[{"id":"action6","type":"key","parameters":{},"actions":[{"type":"keyDown","value":"î€‡"},{"type":"pause","duration":10},{"type":"keyUp","value":"î€‡"}]}]}
RESULT: {"actions":[{"id":"action6","type":"key","parameters":{},"actions":[{"type":"keyDown","value":"î€‡"},{"type":"pause","duration":10},{"type":"keyUp","value":"î€‡"}]}]}
COMMAND: GET /session/c0d68b7606ff92619c2feb677724de84/screenshot - {}
RESULT: {}
COMMAND: POST /session/c0d68b7606ff92619c2feb677724de84/execute/async - {"script":"<script> [1562 bytes]","args":[{"selector":{"id":"application-manageconditionprice-display-component---newCondition--condBillCond-arrow"},"wdio_ui5_key":"applicationmanageconditionprice-display-component---newCondition--condBillCond-arrow"}]}
RESULT: {"script":"<script> [1562 bytes]","args":[{"selector":{"id":"application-manageconditionprice-display-component---newCondition--condBillCond-arrow"},"wdio_ui5_key":"applicationmanageconditionprice-display-component---newCondition--condBillCond-arrow"}]}
RESULT: undefined
COMMAND: POST /session/c0d68b7606ff92619c2feb677724de84/element - {"using":"xpath","value":"//*[@id=\"application-manageconditionprice-display-component---newCondition--condBillCond-arrow\"]"}
RESULT: {"using":"xpath","value":"//*[@id=\"application-manageconditionprice-display-component---newCondition--condBillCond-arrow\"]"}
COMMAND: POST /session/c0d68b7606ff92619c2feb677724de84/element/f.107814B6E58839EE281E95FDA44A3A0A.d.F29056A7743345FC5E5DBF106EC61A04.e.1752/click - {}
RESULT: {}
COMMAND: GET /session/c0d68b7606ff92619c2feb677724de84/screenshot - {}
RESULT: {}
COMMAND: POST /session/c0d68b7606ff92619c2feb677724de84/element - {"using":"xpath","value":"//li[.//span[contains(text(), \"SAPR - Sales price\")]]"}
RESULT: {"using":"xpath","value":"//li[.//span[contains(text(), \"SAPR - Sales price\")]]"}
COMMAND: POST /session/c0d68b7606ff92619c2feb677724de84/element/f.107814B6E58839EE281E95FDA44A3A0A.d.F29056A7743345FC5E5DBF106EC61A04.e.1755/click - {}
RESULT: {}
COMMAND: GET /session/c0d68b7606ff92619c2feb677724de84/screenshot - {}
RESULT: {}
COMMAND: POST /session/c0d68b7606ff92619c2feb677724de84/execute/async - {"script":"<script> [1562 bytes]","args":[{"selector":{"id":"application-manageconditionprice-display-component---newCondition--condValidTo","interaction":{"idSuffix":"inner"}},"wdio_ui5_key":"applicationmanageconditionprice-display-component---newCondition--condValidTo"}]}
RESULT: {"script":"<script> [1562 bytes]","args":[{"selector":{"id":"application-manageconditionprice-display-component---newCondition--condValidTo","interaction":{"idSuffix":"inner"}},"wdio_ui5_key":"applicationmanageconditionprice-display-component---newCondition--condValidTo"}]}
RESULT: undefined
COMMAND: POST /session/c0d68b7606ff92619c2feb677724de84/execute/async - {"script":"<script> [776 bytes]","args":[{"enterText":"01/05/26","selector":{"id":"application-manageconditionprice-display-component---newCondition--condValidTo","interaction":{"idSuffix":"inner"}},"clearTextFirst":true,"interactionType":"ENTER_TEXT"}]}
RESULT: {"script":"<script> [776 bytes]","args":[{"enterText":"01/05/26","selector":{"id":"application-manageconditionprice-display-component---newCondition--condValidTo","interaction":{"idSuffix":"inner"}},"clearTextFirst":true,"interactionType":"ENTER_TEXT"}]}
COMMAND: POST /session/c0d68b7606ff92619c2feb677724de84/element - {"using":"xpath","value":"//input[@id=\"application-manageconditionprice-display-component---newCondition--condRU-inner\"]"}
RESULT: {"using":"xpath","value":"//input[@id=\"application-manageconditionprice-display-component---newCondition--condRU-inner\"]"}
COMMAND: POST /session/c0d68b7606ff92619c2feb677724de84/element/f.107814B6E58839EE281E95FDA44A3A0A.d.F29056A7743345FC5E5DBF106EC61A04.e.1616/clear - {}
RESULT: {}
COMMAND: POST /session/c0d68b7606ff92619c2feb677724de84/element/f.107814B6E58839EE281E95FDA44A3A0A.d.F29056A7743345FC5E5DBF106EC61A04.e.1616/value - {"text":"a8QttjPNSy"}
COMMAND: GET /session/c0d68b7606ff92619c2feb677724de84/screenshot - {}
RESULT: {"text":"a8QttjPNSy"}
COMMAND: GET /session/c0d68b7606ff92619c2feb677724de84/screenshot - {}
RESULT: {}
RESULT: {}
COMMAND: POST /session/c0d68b7606ff92619c2feb677724de84/actions - {"actions":[{"id":"action7","type":"key","parameters":{},"actions":[{"type":"keyDown","value":"î€‡"},{"type":"pause","duration":10},{"type":"keyUp","value":"î€‡"}]}]}
RESULT: {"actions":[{"id":"action7","type":"key","parameters":{},"actions":[{"type":"keyDown","value":"î€‡"},{"type":"pause","duration":10},{"type":"keyUp","value":"î€‡"}]}]}
COMMAND: POST /session/c0d68b7606ff92619c2feb677724de84/execute/async - {"script":"<script> [1562 bytes]","args":[{"selector":{"id":"application-manageconditionprice-display-component---newCondition--condBaseQty","interaction":{"idSuffix":"inner"}},"wdio_ui5_key":"applicationmanageconditionprice-display-component---newCondition--condBaseQty"}]}
COMMAND: GET /session/c0d68b7606ff92619c2feb677724de84/screenshot - {}
RESULT: {"script":"<script> [1562 bytes]","args":[{"selector":{"id":"application-manageconditionprice-display-component---newCondition--condBaseQty","interaction":{"idSuffix":"inner"}},"wdio_ui5_key":"applicationmanageconditionprice-display-component---newCondition--condBaseQty"}]}
RESULT: undefined
COMMAND: POST /session/c0d68b7606ff92619c2feb677724de84/execute/async - {"script":"<script> [776 bytes]","args":[{"enterText":"1","selector":{"id":"application-manageconditionprice-display-component---newCondition--condBaseQty","interaction":{"idSuffix":"inner"}},"clearTextFirst":true,"interactionType":"ENTER_TEXT"}]}
RESULT: {}
RESULT: {"script":"<script> [776 bytes]","args":[{"enterText":"1","selector":{"id":"application-manageconditionprice-display-component---newCondition--condBaseQty","interaction":{"idSuffix":"inner"}},"clearTextFirst":true,"interactionType":"ENTER_TEXT"}]}
COMMAND: POST /session/c0d68b7606ff92619c2feb677724de84/execute/async - {"script":"<script> [1562 bytes]","args":[{"selector":{"id":"application-manageconditionprice-display-component---newCondition--condValue","interaction":{"idSuffix":"inner"}},"wdio_ui5_key":"applicationmanageconditionprice-display-component---newCondition--condValue"}]}
RESULT: {"script":"<script> [1562 bytes]","args":[{"selector":{"id":"application-manageconditionprice-display-component---newCondition--condValue","interaction":{"idSuffix":"inner"}},"wdio_ui5_key":"applicationmanageconditionprice-display-component---newCondition--condValue"}]}
RESULT: undefined
COMMAND: POST /session/c0d68b7606ff92619c2feb677724de84/execute/async - {"script":"<script> [776 bytes]","args":[{"enterText":"200","selector":{"id":"application-manageconditionprice-display-component---newCondition--condValue","interaction":{"idSuffix":"inner"}},"clearTextFirst":true,"interactionType":"ENTER_TEXT"}]}
RESULT: {"script":"<script> [776 bytes]","args":[{"enterText":"200","selector":{"id":"application-manageconditionprice-display-component---newCondition--condValue","interaction":{"idSuffix":"inner"}},"clearTextFirst":true,"interactionType":"ENTER_TEXT"}]}
COMMAND: POST /session/c0d68b7606ff92619c2feb677724de84/execute/async - {"script":"<script> [1562 bytes]","args":[{"selector":{"id":"application-manageconditionprice-display-component---newCondition--condCurr-arrow"},"wdio_ui5_key":"applicationmanageconditionprice-display-component---newCondition--condCurr-arrow"}]}
RESULT: {"script":"<script> [1562 bytes]","args":[{"selector":{"id":"application-manageconditionprice-display-component---newCondition--condCurr-arrow"},"wdio_ui5_key":"applicationmanageconditionprice-display-component---newCondition--condCurr-arrow"}]}
RESULT: undefined
COMMAND: POST /session/c0d68b7606ff92619c2feb677724de84/element - {"using":"xpath","value":"//*[@id=\"application-manageconditionprice-display-component---newCondition--condCurr-arrow\"]"}
RESULT: {"using":"xpath","value":"//*[@id=\"application-manageconditionprice-display-component---newCondition--condCurr-arrow\"]"}
COMMAND: POST /session/c0d68b7606ff92619c2feb677724de84/element/f.107814B6E58839EE281E95FDA44A3A0A.d.F29056A7743345FC5E5DBF106EC61A04.e.1711/click - {}
RESULT: {}
COMMAND: POST /session/c0d68b7606ff92619c2feb677724de84/element - {"using":"xpath","value":"//span[contains(text(), \"Euro\")]"}
COMMAND: GET /session/c0d68b7606ff92619c2feb677724de84/screenshot - {}
RESULT: {"using":"xpath","value":"//span[contains(text(), \"Euro\")]"}
COMMAND: POST /session/c0d68b7606ff92619c2feb677724de84/element/f.107814B6E58839EE281E95FDA44A3A0A.d.F29056A7743345FC5E5DBF106EC61A04.e.1793/click - {}
RESULT: {}
RESULT: {}
COMMAND: POST /session/c0d68b7606ff92619c2feb677724de84/element - {"using":"xpath","value":"//button[@data-kt=\"saveButton\"]"}
COMMAND: GET /session/c0d68b7606ff92619c2feb677724de84/screenshot - {}
RESULT: {"using":"xpath","value":"//button[@data-kt=\"saveButton\"]"}
COMMAND: POST /session/c0d68b7606ff92619c2feb677724de84/element/f.107814B6E58839EE281E95FDA44A3A0A.d.F29056A7743345FC5E5DBF106EC61A04.e.1712/click - {}
RESULT: {}
RESULT: {}
COMMAND: GET /session/c0d68b7606ff92619c2feb677724de84/screenshot - {}
RESULT: {}
COMMAND: POST /session/c0d68b7606ff92619c2feb677724de84/execute/async - {"script":"<script> [1562 bytes]","args":[{"selector":{"id":"application-manageconditionprice-display-component---conditions--smartFilterBar-btnBasicSearch","interaction":{"idSuffix":"I"}},"wdio_ui5_key":"applicationmanageconditionprice-display-component---conditions--smartFilterBar-btnBasicSearch"}]}
RESULT: {"script":"<script> [1562 bytes]","args":[{"selector":{"id":"application-manageconditionprice-display-component---conditions--smartFilterBar-btnBasicSearch","interaction":{"idSuffix":"I"}},"wdio_ui5_key":"applicationmanageconditionprice-display-component---conditions--smartFilterBar-btnBasicSearch"}]}
RESULT: undefined
COMMAND: POST /session/c0d68b7606ff92619c2feb677724de84/execute/async - {"script":"<script> [776 bytes]","args":[{"enterText":"a8QttjPNSy","selector":{"id":"application-manageconditionprice-display-component---conditions--smartFilterBar-btnBasicSearch","interaction":{"idSuffix":"I"}},"clearTextFirst":true,"interactionType":"ENTER_TEXT"}]}
RESULT: {"script":"<script> [776 bytes]","args":[{"enterText":"a8QttjPNSy","selector":{"id":"application-manageconditionprice-display-component---conditions--smartFilterBar-btnBasicSearch","interaction":{"idSuffix":"I"}},"clearTextFirst":true,"interactionType":"ENTER_TEXT"}]}
COMMAND: POST /session/c0d68b7606ff92619c2feb677724de84/actions - {"actions":[{"id":"action8","type":"key","parameters":{},"actions":[{"type":"keyDown","value":"î€‡"},{"type":"pause","duration":10},{"type":"keyUp","value":"î€‡"}]}]}
RESULT: {"actions":[{"id":"action8","type":"key","parameters":{},"actions":[{"type":"keyDown","value":"î€‡"},{"type":"pause","duration":10},{"type":"keyUp","value":"î€‡"}]}]}
COMMAND: GET /session/c0d68b7606ff92619c2feb677724de84/screenshot - {}
RESULT: {}
COMMAND: POST /session/c0d68b7606ff92619c2feb677724de84/execute/async - {"script":"<script> [1562 bytes]","args":[{"selector":{"id":"application-manageconditionprice-display-component---conditions--smartFilterBar-filterItemControl_BASIC-BILL_TYPES-vhi"},"wdio_ui5_key":"applicationmanageconditionprice-display-component---conditions--smartFilterBar-filterItemControl_BASIC-BILL_TYPES-vhi"}]}
RESULT: {"script":"<script> [1562 bytes]","args":[{"selector":{"id":"application-manageconditionprice-display-component---conditions--smartFilterBar-filterItemControl_BASIC-BILL_TYPES-vhi"},"wdio_ui5_key":"applicationmanageconditionprice-display-component---conditions--smartFilterBar-filterItemControl_BASIC-BILL_TYPES-vhi"}]}
RESULT: undefined
COMMAND: POST /session/c0d68b7606ff92619c2feb677724de84/element - {"using":"xpath","value":"//*[@id=\"application-manageconditionprice-display-component---conditions--smartFilterBar-filterItemControl_BASIC-BILL_TYPES-vhi\"]"}
RESULT: {"using":"xpath","value":"//*[@id=\"application-manageconditionprice-display-component---conditions--smartFilterBar-filterItemControl_BASIC-BILL_TYPES-vhi\"]"}
COMMAND: POST /session/c0d68b7606ff92619c2feb677724de84/element/f.107814B6E58839EE281E95FDA44A3A0A.d.F29056A7743345FC5E5DBF106EC61A04.e.1902/click - {}
RESULT: {}
COMMAND: POST /session/c0d68b7606ff92619c2feb677724de84/execute/async - {"script":"<script> [1562 bytes]","args":[{"selector":{"id":"application-manageconditionprice-display-component---conditions--smartFilterBar-filterItemControl_BASIC-BILL_TYPES-valueHelpDialog-smartFilterBar-btnBasicSearch","searchOpenDialogs":true,"interaction":{"idSuffix":"I"}},"wdio_ui5_key":"applicationmanageconditionprice-display-component---conditions--smartFilterBar-filterItemControl_BASIC-BILL_TYPES-valueHelpDialog-smartFilterBar-btnBasicSearch"}]}
COMMAND: GET /session/c0d68b7606ff92619c2feb677724de84/screenshot - {}
RESULT: {"script":"<script> [1562 bytes]","args":[{"selector":{"id":"application-manageconditionprice-display-component---conditions--smartFilterBar-filterItemControl_BASIC-BILL_TYPES-valueHelpDialog-smartFilterBar-btnBasicSearch","searchOpenDialogs":true,"interaction":{"idSuffix":"I"}},"wdio_ui5_key":"applicationmanageconditionprice-display-component---conditions--smartFilterBar-filterItemControl_BASIC-BILL_TYPES-valueHelpDialog-smartFilterBar-btnBasicSearch"}]}
RESULT: undefined
COMMAND: POST /session/c0d68b7606ff92619c2feb677724de84/execute/async - {"script":"<script> [776 bytes]","args":[{"enterText":"one","selector":{"id":"application-manageconditionprice-display-component---conditions--smartFilterBar-filterItemControl_BASIC-BILL_TYPES-valueHelpDialog-smartFilterBar-btnBasicSearch","searchOpenDialogs":true,"interaction":{"idSuffix":"I"}},"clearTextFirst":true,"interactionType":"ENTER_TEXT"}]}
RESULT: {}
RESULT: {"script":"<script> [776 bytes]","args":[{"enterText":"one","selector":{"id":"application-manageconditionprice-display-component---conditions--smartFilterBar-filterItemControl_BASIC-BILL_TYPES-valueHelpDialog-smartFilterBar-btnBasicSearch","searchOpenDialogs":true,"interaction":{"idSuffix":"I"}},"clearTextFirst":true,"interactionType":"ENTER_TEXT"}]}
COMMAND: POST /session/c0d68b7606ff92619c2feb677724de84/actions - {"actions":[{"id":"action9","type":"key","parameters":{},"actions":[{"type":"keyDown","value":"î€‡"},{"type":"pause","duration":10},{"type":"keyUp","value":"î€‡"}]}]}
RESULT: {"actions":[{"id":"action9","type":"key","parameters":{},"actions":[{"type":"keyDown","value":"î€‡"},{"type":"pause","duration":10},{"type":"keyUp","value":"î€‡"}]}]}
COMMAND: GET /session/c0d68b7606ff92619c2feb677724de84/screenshot - {}
RESULT: {}
COMMAND: POST /session/c0d68b7606ff92619c2feb677724de84/element - {"using":"xpath","value":"//div[contains(@id, 'application-manageconditionprice-display-component---conditions--smartFilterBar-filterItemControl_BASIC-BILL_TYPES-valueHelpDialog-table-rowsel0')]"}
RESULT: {"using":"xpath","value":"//div[contains(@id, 'application-manageconditionprice-display-component---conditions--smartFilterBar-filterItemControl_BASIC-BILL_TYPES-valueHelpDialog-table-rowsel0')]"}
COMMAND: POST /session/c0d68b7606ff92619c2feb677724de84/element/f.107814B6E58839EE281E95FDA44A3A0A.d.F29056A7743345FC5E5DBF106EC61A04.e.1912/click - {}
RESULT: {}
COMMAND: GET /session/c0d68b7606ff92619c2feb677724de84/screenshot - {}
RESULT: {}
COMMAND: POST /session/c0d68b7606ff92619c2feb677724de84/element - {"using":"xpath","value":"//bdi[contains(text(), \"OK\")]"}
RESULT: {"using":"xpath","value":"//bdi[contains(text(), \"OK\")]"}
COMMAND: POST /session/c0d68b7606ff92619c2feb677724de84/element/f.107814B6E58839EE281E95FDA44A3A0A.d.F29056A7743345FC5E5DBF106EC61A04.e.1914/click - {}
RESULT: {}
COMMAND: GET /session/c0d68b7606ff92619c2feb677724de84/screenshot - {}
RESULT: {}
COMMAND: POST /session/c0d68b7606ff92619c2feb677724de84/element - {"using":"xpath","value":"//span[@id=\"application-manageconditionprice-display-component---conditions--smartTable-header-inner\"]"}
RESULT: {"using":"xpath","value":"//span[@id=\"application-manageconditionprice-display-component---conditions--smartTable-header-inner\"]"}
COMMAND: POST /session/c0d68b7606ff92619c2feb677724de84/elements - {"using":"xpath","value":"//span[@id=\"application-manageconditionprice-display-component---conditions--smartTable-header-inner\"]"}
RESULT: {"using":"xpath","value":"//span[@id=\"application-manageconditionprice-display-component---conditions--smartTable-header-inner\"]"}
COMMAND: POST /session/c0d68b7606ff92619c2feb677724de84/execute/sync - {"script":"<script> [56 bytes]","args":[{"element-6066-11e4-a52e-4f735466cecf":"f.107814B6E58839EE281E95FDA44A3A0A.d.F29056A7743345FC5E5DBF106EC61A04.e.1917","ELEMENT":"f.107814B6E58839EE281E95FDA44A3A0A.d.F29056A7743345FC5E5DBF106EC61A04.e.1917"}]}
RESULT: {"script":"<script> [56 bytes]","args":[{"element-6066-11e4-a52e-4f735466cecf":"f.107814B6E58839EE281E95FDA44A3A0A.d.F29056A7743345FC5E5DBF106EC61A04.e.1917","ELEMENT":"f.107814B6E58839EE281E95FDA44A3A0A.d.F29056A7743345FC5E5DBF106EC61A04.e.1917"}]}
COMMAND: POST /session/c0d68b7606ff92619c2feb677724de84/element - {"using":"css selector","value":"#shell-header-logo"}
COMMAND: GET /session/c0d68b7606ff92619c2feb677724de84/screenshot - {}
RESULT: {"using":"css selector","value":"#shell-header-logo"}
COMMAND: POST /session/c0d68b7606ff92619c2feb677724de84/element/f.107814B6E58839EE281E95FDA44A3A0A.d.F29056A7743345FC5E5DBF106EC61A04.e.1542/click - {}
RESULT: {}
RESULT: {}
COMMAND: GET /session/c0d68b7606ff92619c2feb677724de84/screenshot - {}
RESULT: {}
COMMAND: POST /session/c0d68b7606ff92619c2feb677724de84/element - {"using":"css selector","value":"#j_username"}
COMMAND: POST /session/c0d68b7606ff92619c2feb677724de84/url - {"url":"https://qa-testing-00-live-etm-ui.cfapps.eu10-004.hana.ondemand.com/"}
RESULT: {"using":"css selector","value":"#j_username"}
COMMAND: POST /session/c0d68b7606ff92619c2feb677724de84/element - {"using":"css selector","value":"#j_username"}
RESULT: {"url":"https://qa-testing-00-live-etm-ui.cfapps.eu10-004.hana.ondemand.com/"}
RESULT: undefined
COMMAND: GET /session/c0d68b7606ff92619c2feb677724de84/screenshot - {}
RESULT: {"using":"css selector","value":"#j_username"}
COMMAND: POST /session/c0d68b7606ff92619c2feb677724de84/element - {"using":"css selector","value":"#shell-header-logo"}
RESULT: {}
RESULT: {"using":"css selector","value":"#shell-header-logo"}
COMMAND: POST /session/c0d68b7606ff92619c2feb677724de84/execute/sync - {"script":"<script> [8489 bytes]","args":[{"element-6066-11e4-a52e-4f735466cecf":"f.107814B6E58839EE281E95FDA44A3A0A.d.76AAE73973A42004329871B6ED29510B.e.1935","ELEMENT":"f.107814B6E58839EE281E95FDA44A3A0A.d.76AAE73973A42004329871B6ED29510B.e.1935"}]}
RESULT: {"script":"<script> [8489 bytes]","args":[{"element-6066-11e4-a52e-4f735466cecf":"f.107814B6E58839EE281E95FDA44A3A0A.d.76AAE73973A42004329871B6ED29510B.e.1935","ELEMENT":"f.107814B6E58839EE281E95FDA44A3A0A.d.76AAE73973A42004329871B6ED29510B.e.1935"}]}
COMMAND: POST /session/c0d68b7606ff92619c2feb677724de84/element - {"using":"css selector","value":"#shell-header-logo"}
COMMAND: GET /session/c0d68b7606ff92619c2feb677724de84/screenshot - {}
RESULT: {"using":"css selector","value":"#shell-header-logo"}
COMMAND: POST /session/c0d68b7606ff92619c2feb677724de84/execute/sync - {"script":"<script> [8489 bytes]","args":[{"element-6066-11e4-a52e-4f735466cecf":"f.107814B6E58839EE281E95FDA44A3A0A.d.76AAE73973A42004329871B6ED29510B.e.1935","ELEMENT":"f.107814B6E58839EE281E95FDA44A3A0A.d.76AAE73973A42004329871B6ED29510B.e.1935"}]}
RESULT: {}
RESULT: {"script":"<script> [8489 bytes]","args":[{"element-6066-11e4-a52e-4f735466cecf":"f.107814B6E58839EE281E95FDA44A3A0A.d.76AAE73973A42004329871B6ED29510B.e.1935","ELEMENT":"f.107814B6E58839EE281E95FDA44A3A0A.d.76AAE73973A42004329871B6ED29510B.e.1935"}]}
COMMAND: POST /session/c0d68b7606ff92619c2feb677724de84/execute/sync - {"script":"<script> [5351 bytes]","args":[{"element-6066-11e4-a52e-4f735466cecf":"f.107814B6E58839EE281E95FDA44A3A0A.d.76AAE73973A42004329871B6ED29510B.e.1935","ELEMENT":"f.107814B6E58839EE281E95FDA44A3A0A.d.76AAE73973A42004329871B6ED29510B.e.1935"}]}
COMMAND: GET /session/c0d68b7606ff92619c2feb677724de84/screenshot - {}
RESULT: {"script":"<script> [5351 bytes]","args":[{"element-6066-11e4-a52e-4f735466cecf":"f.107814B6E58839EE281E95FDA44A3A0A.d.76AAE73973A42004329871B6ED29510B.e.1935","ELEMENT":"f.107814B6E58839EE281E95FDA44A3A0A.d.76AAE73973A42004329871B6ED29510B.e.1935"}]}
COMMAND: POST /session/c0d68b7606ff92619c2feb677724de84/element - {"using":"css selector","value":"#shell-header-logo"}
COMMAND: GET /session/c0d68b7606ff92619c2feb677724de84/screenshot - {}
RESULT: {}
RESULT: {"using":"css selector","value":"#shell-header-logo"}
COMMAND: POST /session/c0d68b7606ff92619c2feb677724de84/element/f.107814B6E58839EE281E95FDA44A3A0A.d.76AAE73973A42004329871B6ED29510B.e.1935/click - {}
RESULT: {}
RESULT: {}
COMMAND: GET /session/c0d68b7606ff92619c2feb677724de84/screenshot - {}
RESULT: {}
COMMAND: POST /session/c0d68b7606ff92619c2feb677724de84/execute/async - {"script":"<script> [189 bytes]","args":[]}
RESULT: {"script":"<script> [189 bytes]","args":[]}
COMMAND: POST /session/c0d68b7606ff92619c2feb677724de84/execute/async - {"script":"<script> [123 bytes]","args":[]}
RESULT: {"script":"<script> [123 bytes]","args":[]}
COMMAND: POST /session/c0d68b7606ff92619c2feb677724de84/timeouts - {"script":"<number>"}
RESULT: {"script":"<number>"}
COMMAND: GET /session/c0d68b7606ff92619c2feb677724de84/timeouts - {}
RESULT: {}
RESULT: undefined
COMMAND: POST /session/c0d68b7606ff92619c2feb677724de84/execute/async - {"script":"<script> [2676 bytes]","args":[]}
RESULT: {"script":"<script> [2676 bytes]","args":[]}
COMMAND: POST /session/c0d68b7606ff92619c2feb677724de84/execute/async - {"script":"<script> [2342 bytes]","args":[{"protocol":"http","hostname":"0.0.0.0","path":"/","capabilities":{"browserName":"chrome","goog:chromeOptions":{"binary":"C:\\Program Files\\Google\\Chrome\\Application\\chrome.exe","args":["--start-maximized"]}},"logLevel":"warn","connectionRetryTimeout":120000,"connectionRetryCount":3,"logLevels":{},"enableDirectConnect":true,"strictSSL":true,"_":"65 more keys: [\"cacheDir\",\"port\",\"requestedCapabilities\",\"automationProtocol\",\"baseUrl\",\"waitforInterval\",\"waitforTimeout\",\"onReload\",\"beforeCommand\",\"afterCommand\",\"rootDir\",\"specs\",\"suites\",\"exclude\",\"groupLogsByTestSpec\",\"excludeDriverLogs\",\"bail\",\"framework\",\"reporters\",\"services\",\"maxInstances\",\"maxInstancesPerCapability\",\"injectGlobals\",\"filesToWatch\",\"execArgv\",\"runnerEnv\",\"runner\",\"shard\",\"specFileRetries\",\"specFileRetriesDelay\",\"specFileRetriesDeferred\",\"reporterSyncInterval\",\"reporterSyncTimeout\",\"cucumberFeaturesWithLineNumbers\",\"autoCompileOpts\",\"mochaOpts\",\"jasmineOpts\",\"cucumberOpts\",\"onPrepare\",\"onWorkerStart\",\"onWorkerEnd\",\"before\",\"beforeSession\",\"beforeSuite\",\"beforeHook\",\"beforeTest\",\"afterTest\",\"afterHook\",\"afterSuite\",\"afterSession\",\"after\",\"onComplete\",\"beforeAssertion\",\"afterAssertion\",\"beforeFeature\",\"beforeScenario\",\"beforeStep\",\"afterStep\",\"afterScenario\",\"afterFeature\",\"_\",\"suite\",\"$0\",\"ignoredWorkerServices\",\"wdi5\"]"}]}
RESULT: {"script":"<script> [2342 bytes]","args":[{"protocol":"http","hostname":"0.0.0.0","path":"/","capabilities":{"browserName":"chrome","goog:chromeOptions":{"binary":"C:\\Program Files\\Google\\Chrome\\Application\\chrome.exe","args":["--start-maximized"]}},"logLevel":"warn","connectionRetryTimeout":120000,"connectionRetryCount":3,"logLevels":{},"enableDirectConnect":true,"strictSSL":true,"_":"65 more keys: [\"cacheDir\",\"port\",\"requestedCapabilities\",\"automationProtocol\",\"baseUrl\",\"waitforInterval\",\"waitforTimeout\",\"onReload\",\"beforeCommand\",\"afterCommand\",\"rootDir\",\"specs\",\"suites\",\"exclude\",\"groupLogsByTestSpec\",\"excludeDriverLogs\",\"bail\",\"framework\",\"reporters\",\"services\",\"maxInstances\",\"maxInstancesPerCapability\",\"injectGlobals\",\"filesToWatch\",\"execArgv\",\"runnerEnv\",\"runner\",\"shard\",\"specFileRetries\",\"specFileRetriesDelay\",\"specFileRetriesDeferred\",\"reporterSyncInterval\",\"reporterSyncTimeout\",\"cucumberFeaturesWithLineNumbers\",\"autoCompileOpts\",\"mochaOpts\",\"jasmineOpts\",\"cucumberOpts\",\"onPrepare\",\"onWorkerStart\",\"onWorkerEnd\",\"before\",\"beforeSession\",\"beforeSuite\",\"beforeHook\",\"beforeTest\",\"afterTest\",\"afterHook\",\"afterSuite\",\"afterSession\",\"after\",\"onComplete\",\"beforeAssertion\",\"afterAssertion\",\"beforeFeature\",\"beforeScenario\",\"beforeStep\",\"afterStep\",\"afterScenario\",\"afterFeature\",\"_\",\"suite\",\"$0\",\"ignoredWorkerServices\",\"wdi5\"]"}]}
COMMAND: POST /session/c0d68b7606ff92619c2feb677724de84/execute/async - {"script":"<script> [21126 bytes]","args":[35000]}
RESULT: {"script":"<script> [21126 bytes]","args":[35000]}
COMMAND: POST /session/c0d68b7606ff92619c2feb677724de84/window/maximize - {}
RESULT: {}
COMMAND: POST /session/c0d68b7606ff92619c2feb677724de84/execute/async - {"script":"<script> [1562 bytes]","args":[{"selector":{"id":"shell-header","interaction":{"idSuffix":"icon"}},"wdio_ui5_key":"shellheader"}]}
COMMAND: GET /session/c0d68b7606ff92619c2feb677724de84/screenshot - {}
RESULT: {"script":"<script> [1562 bytes]","args":[{"selector":{"id":"shell-header","interaction":{"idSuffix":"icon"}},"wdio_ui5_key":"shellheader"}]}
RESULT: undefined
COMMAND: POST /session/c0d68b7606ff92619c2feb677724de84/refresh - {}
RESULT: {}
RESULT: {}
COMMAND: GET /session/c0d68b7606ff92619c2feb677724de84/screenshot - {}
RESULT: {}
COMMAND: POST /session/c0d68b7606ff92619c2feb677724de84/refresh - {}
RESULT: {}
COMMAND: GET /session/c0d68b7606ff92619c2feb677724de84/screenshot - {}
RESULT: {}
COMMAND: POST /session/c0d68b7606ff92619c2feb677724de84/window/fullscreen - {}
RESULT: {}
COMMAND: POST /session/c0d68b7606ff92619c2feb677724de84/execute/async - {"script":"<script> [189 bytes]","args":[]}
RESULT: {"script":"<script> [189 bytes]","args":[]}
COMMAND: POST /session/c0d68b7606ff92619c2feb677724de84/execute/async - {"script":"<script> [123 bytes]","args":[]}
RESULT: {"script":"<script> [123 bytes]","args":[]}
COMMAND: POST /session/c0d68b7606ff92619c2feb677724de84/timeouts - {"script":"<number>"}
RESULT: {"script":"<number>"}
COMMAND: GET /session/c0d68b7606ff92619c2feb677724de84/timeouts - {}
RESULT: {}
RESULT: undefined
COMMAND: POST /session/c0d68b7606ff92619c2feb677724de84/execute/async - {"script":"<script> [2676 bytes]","args":[]}
RESULT: {"script":"<script> [2676 bytes]","args":[]}
COMMAND: POST /session/c0d68b7606ff92619c2feb677724de84/execute/async - {"script":"<script> [2342 bytes]","args":[{"protocol":"http","hostname":"0.0.0.0","path":"/","capabilities":{"browserName":"chrome","goog:chromeOptions":{"binary":"C:\\Program Files\\Google\\Chrome\\Application\\chrome.exe","args":["--start-maximized"]}},"logLevel":"warn","connectionRetryTimeout":120000,"connectionRetryCount":3,"logLevels":{},"enableDirectConnect":true,"strictSSL":true,"_":"65 more keys: [\"cacheDir\",\"port\",\"requestedCapabilities\",\"automationProtocol\",\"baseUrl\",\"waitforInterval\",\"waitforTimeout\",\"onReload\",\"beforeCommand\",\"afterCommand\",\"rootDir\",\"specs\",\"suites\",\"exclude\",\"groupLogsByTestSpec\",\"excludeDriverLogs\",\"bail\",\"framework\",\"reporters\",\"services\",\"maxInstances\",\"maxInstancesPerCapability\",\"injectGlobals\",\"filesToWatch\",\"execArgv\",\"runnerEnv\",\"runner\",\"shard\",\"specFileRetries\",\"specFileRetriesDelay\",\"specFileRetriesDeferred\",\"reporterSyncInterval\",\"reporterSyncTimeout\",\"cucumberFeaturesWithLineNumbers\",\"autoCompileOpts\",\"mochaOpts\",\"jasmineOpts\",\"cucumberOpts\",\"onPrepare\",\"onWorkerStart\",\"onWorkerEnd\",\"before\",\"beforeSession\",\"beforeSuite\",\"beforeHook\",\"beforeTest\",\"afterTest\",\"afterHook\",\"afterSuite\",\"afterSession\",\"after\",\"onComplete\",\"beforeAssertion\",\"afterAssertion\",\"beforeFeature\",\"beforeScenario\",\"beforeStep\",\"afterStep\",\"afterScenario\",\"afterFeature\",\"_\",\"suite\",\"$0\",\"ignoredWorkerServices\",\"wdi5\"]"}]}
RESULT: {"script":"<script> [2342 bytes]","args":[{"protocol":"http","hostname":"0.0.0.0","path":"/","capabilities":{"browserName":"chrome","goog:chromeOptions":{"binary":"C:\\Program Files\\Google\\Chrome\\Application\\chrome.exe","args":["--start-maximized"]}},"logLevel":"warn","connectionRetryTimeout":120000,"connectionRetryCount":3,"logLevels":{},"enableDirectConnect":true,"strictSSL":true,"_":"65 more keys: [\"cacheDir\",\"port\",\"requestedCapabilities\",\"automationProtocol\",\"baseUrl\",\"waitforInterval\",\"waitforTimeout\",\"onReload\",\"beforeCommand\",\"afterCommand\",\"rootDir\",\"specs\",\"suites\",\"exclude\",\"groupLogsByTestSpec\",\"excludeDriverLogs\",\"bail\",\"framework\",\"reporters\",\"services\",\"maxInstances\",\"maxInstancesPerCapability\",\"injectGlobals\",\"filesToWatch\",\"execArgv\",\"runnerEnv\",\"runner\",\"shard\",\"specFileRetries\",\"specFileRetriesDelay\",\"specFileRetriesDeferred\",\"reporterSyncInterval\",\"reporterSyncTimeout\",\"cucumberFeaturesWithLineNumbers\",\"autoCompileOpts\",\"mochaOpts\",\"jasmineOpts\",\"cucumberOpts\",\"onPrepare\",\"onWorkerStart\",\"onWorkerEnd\",\"before\",\"beforeSession\",\"beforeSuite\",\"beforeHook\",\"beforeTest\",\"afterTest\",\"afterHook\",\"afterSuite\",\"afterSession\",\"after\",\"onComplete\",\"beforeAssertion\",\"afterAssertion\",\"beforeFeature\",\"beforeScenario\",\"beforeStep\",\"afterStep\",\"afterScenario\",\"afterFeature\",\"_\",\"suite\",\"$0\",\"ignoredWorkerServices\",\"wdi5\"]"}]}
COMMAND: POST /session/c0d68b7606ff92619c2feb677724de84/execute/async - {"script":"<script> [21126 bytes]","args":[35000]}
RESULT: {"script":"<script> [21126 bytes]","args":[35000]}
]]></system-out>
    </testcase>
  </testsuite>
  <testsuite timestamp="2025-05-05T17:04:03" time="123.858" tests="3" failures="0" errors="0" skipped="0">
    <properties>
      <property name="specId" value="0" />
      <property name="suiteName" value="Set up pricing rule(OT) 104624" />
      <property name="capabilities" value="chrome.135_0_7049_96.windows" />
      <property name="file" value="file:///D:/a/1/s/test/specs/BTS/create-pricing-rule.spec.js" />
    </properties>
    <testcase classname="chrome.135_0_7049_96.windows.Set_up_pricing_rule(OT)_104624" name="Should create a new yard used for all following tests" time="0.015">
      <system-out><![CDATA[
COMMAND: POST /session/c0d68b7606ff92619c2feb677724de84/window/fullscreen - {}
RESULT: {}
]]></system-out>
    </testcase>
    <testcase classname="chrome.135_0_7049_96.windows.Set_up_pricing_rule(OT)_104624" name="Should create a new equipment used for all following tests" time="0.004" />
    <testcase classname="chrome.135_0_7049_96.windows.Set_up_pricing_rule(OT)_104624" name="Should create new pricing rule on the created resource from earlier module or above" time="68.315">
      <system-out><![CDATA[
COMMAND: POST /session/c0d68b7606ff92619c2feb677724de84/execute/async - {"script":"<script> [1562 bytes]","args":[{"selector":{"controlType":"sap.m.Text","properties":{"text":"Manage Pricing Rules"},"interaction":{"idSuffix":"inner"}},"wdio_ui5_key":"sapm.Text{\"text\":\"Manage Pricing Rules\"}"}]}
RESULT: {"script":"<script> [1562 bytes]","args":[{"selector":{"controlType":"sap.m.Text","properties":{"text":"Manage Pricing Rules"},"interaction":{"idSuffix":"inner"}},"wdio_ui5_key":"sapm.Text{\"text\":\"Manage Pricing Rules\"}"}]}
RESULT: undefined
COMMAND: POST /session/c0d68b7606ff92619c2feb677724de84/element - {"using":"xpath","value":"//*[@id=\"__tile55-title\"]"}
RESULT: {"using":"xpath","value":"//*[@id=\"__tile55-title\"]"}
COMMAND: POST /session/c0d68b7606ff92619c2feb677724de84/element/f.107814B6E58839EE281E95FDA44A3A0A.d.C7AE0DD6E25E1A41464DEAD3E04F374B.e.2193/click - {}
RESULT: {}
COMMAND: POST /session/c0d68b7606ff92619c2feb677724de84/execute/async - {"script":"<script> [1562 bytes]","args":[{"selector":{"controlType":"sap.ui.core.Icon","viewName":"etm.portal.ui.managepricingrules.view.MasterHeader","viewId":"application-managepricingrules-display-component---priceInfoHeader","properties":{"src":{"regex":{"source":"activity\\-items"}}}},"wdio_ui5_key":"etmportal.ui.managepricingrules.view.MasterHeadersap.ui.core.Icon{\"src\":{\"regex\":{\"source\":\"activity\\\\-items\"}}}"}]}
COMMAND: GET /session/c0d68b7606ff92619c2feb677724de84/screenshot - {}
RESULT: {"script":"<script> [1562 bytes]","args":[{"selector":{"controlType":"sap.ui.core.Icon","viewName":"etm.portal.ui.managepricingrules.view.MasterHeader","viewId":"application-managepricingrules-display-component---priceInfoHeader","properties":{"src":{"regex":{"source":"activity\\-items"}}}},"wdio_ui5_key":"etmportal.ui.managepricingrules.view.MasterHeadersap.ui.core.Icon{\"src\":{\"regex\":{\"source\":\"activity\\\\-items\"}}}"}]}
RESULT: undefined
COMMAND: POST /session/c0d68b7606ff92619c2feb677724de84/element - {"using":"xpath","value":"//*[@id=\"__filter1-icon\"]"}
RESULT: {}
RESULT: {"using":"xpath","value":"//*[@id=\"__filter1-icon\"]"}
COMMAND: POST /session/c0d68b7606ff92619c2feb677724de84/element/f.107814B6E58839EE281E95FDA44A3A0A.d.C7AE0DD6E25E1A41464DEAD3E04F374B.e.2241/click - {}
RESULT: {}
COMMAND: GET /session/c0d68b7606ff92619c2feb677724de84/screenshot - {}
RESULT: {}
COMMAND: POST /session/c0d68b7606ff92619c2feb677724de84/element - {"using":"xpath","value":"//button[@data-kt=\"addButton\"]"}
RESULT: {"using":"xpath","value":"//button[@data-kt=\"addButton\"]"}
COMMAND: POST /session/c0d68b7606ff92619c2feb677724de84/elements - {"using":"xpath","value":"//button[@data-kt=\"addButton\"]"}
RESULT: {"using":"xpath","value":"//button[@data-kt=\"addButton\"]"}
COMMAND: POST /session/c0d68b7606ff92619c2feb677724de84/execute/sync - {"script":"<script> [8489 bytes]","args":[{"element-6066-11e4-a52e-4f735466cecf":"f.107814B6E58839EE281E95FDA44A3A0A.d.C7AE0DD6E25E1A41464DEAD3E04F374B.e.2288","ELEMENT":"f.107814B6E58839EE281E95FDA44A3A0A.d.C7AE0DD6E25E1A41464DEAD3E04F374B.e.2288"}]}
RESULT: {"script":"<script> [8489 bytes]","args":[{"element-6066-11e4-a52e-4f735466cecf":"f.107814B6E58839EE281E95FDA44A3A0A.d.C7AE0DD6E25E1A41464DEAD3E04F374B.e.2288","ELEMENT":"f.107814B6E58839EE281E95FDA44A3A0A.d.C7AE0DD6E25E1A41464DEAD3E04F374B.e.2288"}]}
COMMAND: GET /session/c0d68b7606ff92619c2feb677724de84/element/f.107814B6E58839EE281E95FDA44A3A0A.d.C7AE0DD6E25E1A41464DEAD3E04F374B.e.2288/enabled - {}
COMMAND: GET /session/c0d68b7606ff92619c2feb677724de84/screenshot - {}
RESULT: {}
COMMAND: POST /session/c0d68b7606ff92619c2feb677724de84/execute/sync - {"script":"<script> [8489 bytes]","args":[{"element-6066-11e4-a52e-4f735466cecf":"f.107814B6E58839EE281E95FDA44A3A0A.d.C7AE0DD6E25E1A41464DEAD3E04F374B.e.2288","ELEMENT":"f.107814B6E58839EE281E95FDA44A3A0A.d.C7AE0DD6E25E1A41464DEAD3E04F374B.e.2288"}]}
COMMAND: GET /session/c0d68b7606ff92619c2feb677724de84/screenshot - {}
RESULT: {}
RESULT: {"script":"<script> [8489 bytes]","args":[{"element-6066-11e4-a52e-4f735466cecf":"f.107814B6E58839EE281E95FDA44A3A0A.d.C7AE0DD6E25E1A41464DEAD3E04F374B.e.2288","ELEMENT":"f.107814B6E58839EE281E95FDA44A3A0A.d.C7AE0DD6E25E1A41464DEAD3E04F374B.e.2288"}]}
COMMAND: POST /session/c0d68b7606ff92619c2feb677724de84/execute/sync - {"script":"<script> [5351 bytes]","args":[{"element-6066-11e4-a52e-4f735466cecf":"f.107814B6E58839EE281E95FDA44A3A0A.d.C7AE0DD6E25E1A41464DEAD3E04F374B.e.2288","ELEMENT":"f.107814B6E58839EE281E95FDA44A3A0A.d.C7AE0DD6E25E1A41464DEAD3E04F374B.e.2288"}]}
COMMAND: GET /session/c0d68b7606ff92619c2feb677724de84/screenshot - {}
RESULT: {}
RESULT: {"script":"<script> [5351 bytes]","args":[{"element-6066-11e4-a52e-4f735466cecf":"f.107814B6E58839EE281E95FDA44A3A0A.d.C7AE0DD6E25E1A41464DEAD3E04F374B.e.2288","ELEMENT":"f.107814B6E58839EE281E95FDA44A3A0A.d.C7AE0DD6E25E1A41464DEAD3E04F374B.e.2288"}]}
COMMAND: POST /session/c0d68b7606ff92619c2feb677724de84/element/f.107814B6E58839EE281E95FDA44A3A0A.d.C7AE0DD6E25E1A41464DEAD3E04F374B.e.2288/click - {}
COMMAND: GET /session/c0d68b7606ff92619c2feb677724de84/screenshot - {}
RESULT: {}
RESULT: {}
COMMAND: GET /session/c0d68b7606ff92619c2feb677724de84/screenshot - {}
RESULT: {}
RESULT: {}
COMMAND: POST /session/c0d68b7606ff92619c2feb677724de84/execute/async - {"script":"<script> [1562 bytes]","args":[{"selector":{"controlType":"sap.m.Title","viewName":"etm.portal.ui.managepricingrules.view.NewItem","viewId":"application-managepricingrules-display-component---newInfoPriceItem","properties":{"text":"New Pricing Rules - Item Level"}},"wdio_ui5_key":"etmportal.ui.managepricingrules.view.NewItemsap.m.Title{\"text\":\"New Pricing Rules - Item Level\"}"}]}
RESULT: {"script":"<script> [1562 bytes]","args":[{"selector":{"controlType":"sap.m.Title","viewName":"etm.portal.ui.managepricingrules.view.NewItem","viewId":"application-managepricingrules-display-component---newInfoPriceItem","properties":{"text":"New Pricing Rules - Item Level"}},"wdio_ui5_key":"etmportal.ui.managepricingrules.view.NewItemsap.m.Title{\"text\":\"New Pricing Rules - Item Level\"}"}]}
RESULT: undefined
COMMAND: POST /session/c0d68b7606ff92619c2feb677724de84/execute/async - {"script":"<script> [6424 bytes]","args":[{"element-6066-11e4-a52e-4f735466cecf":"f.107814B6E58839EE281E95FDA44A3A0A.d.C7AE0DD6E25E1A41464DEAD3E04F374B.e.2574"},"getText",[]]}
RESULT: {"script":"<script> [6424 bytes]","args":[{"element-6066-11e4-a52e-4f735466cecf":"f.107814B6E58839EE281E95FDA44A3A0A.d.C7AE0DD6E25E1A41464DEAD3E04F374B.e.2574"},"getText",[]]}
COMMAND: POST /session/c0d68b7606ff92619c2feb677724de84/execute/async - {"script":"<script> [1562 bytes]","args":[{"selector":{"id":"application-managepricingrules-display-component---newInfoPriceItem--condValidTo","interaction":{"idSuffix":"inner"}},"wdio_ui5_key":"applicationmanagepricingrules-display-component---newInfoPriceItem--condValidTo"}]}
RESULT: {"script":"<script> [1562 bytes]","args":[{"selector":{"id":"application-managepricingrules-display-component---newInfoPriceItem--condValidTo","interaction":{"idSuffix":"inner"}},"wdio_ui5_key":"applicationmanagepricingrules-display-component---newInfoPriceItem--condValidTo"}]}
RESULT: undefined
COMMAND: POST /session/c0d68b7606ff92619c2feb677724de84/execute/async - {"script":"<script> [776 bytes]","args":[{"enterText":"01/05/26","selector":{"id":"application-managepricingrules-display-component---newInfoPriceItem--condValidTo","interaction":{"idSuffix":"inner"}},"clearTextFirst":true,"interactionType":"ENTER_TEXT"}]}
RESULT: {"script":"<script> [776 bytes]","args":[{"enterText":"01/05/26","selector":{"id":"application-managepricingrules-display-component---newInfoPriceItem--condValidTo","interaction":{"idSuffix":"inner"}},"clearTextFirst":true,"interactionType":"ENTER_TEXT"}]}
COMMAND: POST /session/c0d68b7606ff92619c2feb677724de84/element - {"using":"xpath","value":"//input[@id=\"application-managepricingrules-display-component---newInfoPriceItem--condRU-inner\"]"}
RESULT: {"using":"xpath","value":"//input[@id=\"application-managepricingrules-display-component---newInfoPriceItem--condRU-inner\"]"}
COMMAND: POST /session/c0d68b7606ff92619c2feb677724de84/element/f.107814B6E58839EE281E95FDA44A3A0A.d.C7AE0DD6E25E1A41464DEAD3E04F374B.e.2543/clear - {}
RESULT: {}
COMMAND: POST /session/c0d68b7606ff92619c2feb677724de84/element/f.107814B6E58839EE281E95FDA44A3A0A.d.C7AE0DD6E25E1A41464DEAD3E04F374B.e.2543/value - {"text":"a8QttjPNSy"}
COMMAND: GET /session/c0d68b7606ff92619c2feb677724de84/screenshot - {}
RESULT: {"text":"a8QttjPNSy"}
COMMAND: GET /session/c0d68b7606ff92619c2feb677724de84/screenshot - {}
RESULT: {}
RESULT: {}
COMMAND: POST /session/c0d68b7606ff92619c2feb677724de84/execute/async - {"script":"<script> [1562 bytes]","args":[{"selector":{"id":"application-managepricingrules-display-component---newInfoPriceItem--billType-arrow"},"wdio_ui5_key":"applicationmanagepricingrules-display-component---newInfoPriceItem--billType-arrow"}]}
RESULT: {"script":"<script> [1562 bytes]","args":[{"selector":{"id":"application-managepricingrules-display-component---newInfoPriceItem--billType-arrow"},"wdio_ui5_key":"applicationmanagepricingrules-display-component---newInfoPriceItem--billType-arrow"}]}
RESULT: undefined
COMMAND: POST /session/c0d68b7606ff92619c2feb677724de84/element - {"using":"xpath","value":"//*[@id=\"application-managepricingrules-display-component---newInfoPriceItem--billType-arrow\"]"}
RESULT: {"using":"xpath","value":"//*[@id=\"application-managepricingrules-display-component---newInfoPriceItem--billType-arrow\"]"}
COMMAND: POST /session/c0d68b7606ff92619c2feb677724de84/element/f.107814B6E58839EE281E95FDA44A3A0A.d.C7AE0DD6E25E1A41464DEAD3E04F374B.e.2631/click - {}
RESULT: {}
COMMAND: POST /session/c0d68b7606ff92619c2feb677724de84/element - {"using":"xpath","value":"//span[contains(text(), \"OT - Sales (one-time)\")]"}
COMMAND: GET /session/c0d68b7606ff92619c2feb677724de84/screenshot - {}
RESULT: {"using":"xpath","value":"//span[contains(text(), \"OT - Sales (one-time)\")]"}
COMMAND: POST /session/c0d68b7606ff92619c2feb677724de84/element/f.107814B6E58839EE281E95FDA44A3A0A.d.C7AE0DD6E25E1A41464DEAD3E04F374B.e.2679/click - {}
RESULT: {}
RESULT: {}
COMMAND: POST /session/c0d68b7606ff92619c2feb677724de84/execute/async - {"script":"<script> [1562 bytes]","args":[{"selector":{"id":"application-managepricingrules-display-component---newInfoPriceItem--priceProc-arrow"},"wdio_ui5_key":"applicationmanagepricingrules-display-component---newInfoPriceItem--priceProc-arrow"}]}
COMMAND: GET /session/c0d68b7606ff92619c2feb677724de84/screenshot - {}
RESULT: {"script":"<script> [1562 bytes]","args":[{"selector":{"id":"application-managepricingrules-display-component---newInfoPriceItem--priceProc-arrow"},"wdio_ui5_key":"applicationmanagepricingrules-display-component---newInfoPriceItem--priceProc-arrow"}]}
RESULT: undefined
COMMAND: POST /session/c0d68b7606ff92619c2feb677724de84/element - {"using":"xpath","value":"//*[@id=\"application-managepricingrules-display-component---newInfoPriceItem--priceProc-arrow\"]"}
RESULT: {}
RESULT: {"using":"xpath","value":"//*[@id=\"application-managepricingrules-display-component---newInfoPriceItem--priceProc-arrow\"]"}
COMMAND: POST /session/c0d68b7606ff92619c2feb677724de84/element/f.107814B6E58839EE281E95FDA44A3A0A.d.C7AE0DD6E25E1A41464DEAD3E04F374B.e.2638/click - {}
RESULT: {}
COMMAND: POST /session/c0d68b7606ff92619c2feb677724de84/element - {"using":"xpath","value":"//span[contains(text(), \"MAT - Material\")]"}
COMMAND: GET /session/c0d68b7606ff92619c2feb677724de84/screenshot - {}
RESULT: {"using":"xpath","value":"//span[contains(text(), \"MAT - Material\")]"}
COMMAND: POST /session/c0d68b7606ff92619c2feb677724de84/element/f.107814B6E58839EE281E95FDA44A3A0A.d.C7AE0DD6E25E1A41464DEAD3E04F374B.e.2680/click - {}
RESULT: {}
RESULT: {}
COMMAND: POST /session/c0d68b7606ff92619c2feb677724de84/execute/async - {"script":"<script> [1562 bytes]","args":[{"selector":{"id":"application-managepricingrules-display-component---newInfoPriceItem--calcBase-arrow"},"wdio_ui5_key":"applicationmanagepricingrules-display-component---newInfoPriceItem--calcBase-arrow"}]}
COMMAND: GET /session/c0d68b7606ff92619c2feb677724de84/screenshot - {}
RESULT: {"script":"<script> [1562 bytes]","args":[{"selector":{"id":"application-managepricingrules-display-component---newInfoPriceItem--calcBase-arrow"},"wdio_ui5_key":"applicationmanagepricingrules-display-component---newInfoPriceItem--calcBase-arrow"}]}
RESULT: undefined
COMMAND: POST /session/c0d68b7606ff92619c2feb677724de84/element - {"using":"xpath","value":"//*[@id=\"application-managepricingrules-display-component---newInfoPriceItem--calcBase-arrow\"]"}
RESULT: {}
RESULT: {"using":"xpath","value":"//*[@id=\"application-managepricingrules-display-component---newInfoPriceItem--calcBase-arrow\"]"}
COMMAND: POST /session/c0d68b7606ff92619c2feb677724de84/element/f.107814B6E58839EE281E95FDA44A3A0A.d.C7AE0DD6E25E1A41464DEAD3E04F374B.e.2645/click - {}
RESULT: {}
COMMAND: GET /session/c0d68b7606ff92619c2feb677724de84/screenshot - {}
RESULT: {}
COMMAND: POST /session/c0d68b7606ff92619c2feb677724de84/element - {"using":"xpath","value":"//span[contains(text(), \"0001 - TB(exact month + cal_days)\")]"}
RESULT: {"using":"xpath","value":"//span[contains(text(), \"0001 - TB(exact month + cal_days)\")]"}
COMMAND: POST /session/c0d68b7606ff92619c2feb677724de84/element/f.107814B6E58839EE281E95FDA44A3A0A.d.C7AE0DD6E25E1A41464DEAD3E04F374B.e.2681/click - {}
RESULT: {}
COMMAND: GET /session/c0d68b7606ff92619c2feb677724de84/screenshot - {}
RESULT: {}
COMMAND: POST /session/c0d68b7606ff92619c2feb677724de84/element - {"using":"xpath","value":"//button[@data-kt=\"saveNewRuleButton\"]"}
RESULT: {"using":"xpath","value":"//button[@data-kt=\"saveNewRuleButton\"]"}
COMMAND: POST /session/c0d68b7606ff92619c2feb677724de84/element/f.107814B6E58839EE281E95FDA44A3A0A.d.C7AE0DD6E25E1A41464DEAD3E04F374B.e.2666/click - {}
RESULT: {}
COMMAND: GET /session/c0d68b7606ff92619c2feb677724de84/screenshot - {}
RESULT: {}
COMMAND: POST /session/c0d68b7606ff92619c2feb677724de84/execute/async - {"script":"<script> [1562 bytes]","args":[{"selector":{"id":"application-managepricingrules-display-component---priceInfoItem--smartFilterBar-btnBasicSearch","interaction":{"idSuffix":"I"}},"wdio_ui5_key":"applicationmanagepricingrules-display-component---priceInfoItem--smartFilterBar-btnBasicSearch"}]}
RESULT: {"script":"<script> [1562 bytes]","args":[{"selector":{"id":"application-managepricingrules-display-component---priceInfoItem--smartFilterBar-btnBasicSearch","interaction":{"idSuffix":"I"}},"wdio_ui5_key":"applicationmanagepricingrules-display-component---priceInfoItem--smartFilterBar-btnBasicSearch"}]}
RESULT: undefined
COMMAND: POST /session/c0d68b7606ff92619c2feb677724de84/execute/async - {"script":"<script> [776 bytes]","args":[{"enterText":"a8QttjPNSy","selector":{"id":"application-managepricingrules-display-component---priceInfoItem--smartFilterBar-btnBasicSearch","interaction":{"idSuffix":"I"}},"clearTextFirst":true,"interactionType":"ENTER_TEXT"}]}
RESULT: {"script":"<script> [776 bytes]","args":[{"enterText":"a8QttjPNSy","selector":{"id":"application-managepricingrules-display-component---priceInfoItem--smartFilterBar-btnBasicSearch","interaction":{"idSuffix":"I"}},"clearTextFirst":true,"interactionType":"ENTER_TEXT"}]}
COMMAND: POST /session/c0d68b7606ff92619c2feb677724de84/actions - {"actions":[{"id":"action10","type":"key","parameters":{},"actions":[{"type":"keyDown","value":"î€‡"},{"type":"pause","duration":10},{"type":"keyUp","value":"î€‡"}]}]}
RESULT: {"actions":[{"id":"action10","type":"key","parameters":{},"actions":[{"type":"keyDown","value":"î€‡"},{"type":"pause","duration":10},{"type":"keyUp","value":"î€‡"}]}]}
COMMAND: GET /session/c0d68b7606ff92619c2feb677724de84/screenshot - {}
RESULT: {}
COMMAND: POST /session/c0d68b7606ff92619c2feb677724de84/element - {"using":"xpath","value":"//span[@id=\"application-managepricingrules-display-component---priceInfoItem--smartTable-header-inner\"]"}
RESULT: {"using":"xpath","value":"//span[@id=\"application-managepricingrules-display-component---priceInfoItem--smartTable-header-inner\"]"}
COMMAND: POST /session/c0d68b7606ff92619c2feb677724de84/elements - {"using":"xpath","value":"//span[@id=\"application-managepricingrules-display-component---priceInfoItem--smartTable-header-inner\"]"}
RESULT: {"using":"xpath","value":"//span[@id=\"application-managepricingrules-display-component---priceInfoItem--smartTable-header-inner\"]"}
COMMAND: POST /session/c0d68b7606ff92619c2feb677724de84/execute/sync - {"script":"<script> [56 bytes]","args":[{"element-6066-11e4-a52e-4f735466cecf":"f.107814B6E58839EE281E95FDA44A3A0A.d.C7AE0DD6E25E1A41464DEAD3E04F374B.e.2711","ELEMENT":"f.107814B6E58839EE281E95FDA44A3A0A.d.C7AE0DD6E25E1A41464DEAD3E04F374B.e.2711"}]}
RESULT: {"script":"<script> [56 bytes]","args":[{"element-6066-11e4-a52e-4f735466cecf":"f.107814B6E58839EE281E95FDA44A3A0A.d.C7AE0DD6E25E1A41464DEAD3E04F374B.e.2711","ELEMENT":"f.107814B6E58839EE281E95FDA44A3A0A.d.C7AE0DD6E25E1A41464DEAD3E04F374B.e.2711"}]}
COMMAND: POST /session/c0d68b7606ff92619c2feb677724de84/element - {"using":"css selector","value":"#shell-header-logo"}
COMMAND: GET /session/c0d68b7606ff92619c2feb677724de84/screenshot - {}
RESULT: {"using":"css selector","value":"#shell-header-logo"}
COMMAND: POST /session/c0d68b7606ff92619c2feb677724de84/element/f.107814B6E58839EE281E95FDA44A3A0A.d.C7AE0DD6E25E1A41464DEAD3E04F374B.e.2194/click - {}
RESULT: {}
RESULT: {}
COMMAND: GET /session/c0d68b7606ff92619c2feb677724de84/screenshot - {}
RESULT: {}
COMMAND: POST /session/c0d68b7606ff92619c2feb677724de84/element - {"using":"css selector","value":"#j_username"}
COMMAND: POST /session/c0d68b7606ff92619c2feb677724de84/url - {"url":"https://qa-testing-00-live-etm-ui.cfapps.eu10-004.hana.ondemand.com/"}
RESULT: {"using":"css selector","value":"#j_username"}
COMMAND: POST /session/c0d68b7606ff92619c2feb677724de84/element - {"using":"css selector","value":"#j_username"}
RESULT: {"url":"https://qa-testing-00-live-etm-ui.cfapps.eu10-004.hana.ondemand.com/"}
RESULT: undefined
COMMAND: GET /session/c0d68b7606ff92619c2feb677724de84/screenshot - {}
RESULT: {"using":"css selector","value":"#j_username"}
COMMAND: POST /session/c0d68b7606ff92619c2feb677724de84/element - {"using":"css selector","value":"#shell-header-logo"}
RESULT: {}
RESULT: {"using":"css selector","value":"#shell-header-logo"}
COMMAND: POST /session/c0d68b7606ff92619c2feb677724de84/execute/sync - {"script":"<script> [8489 bytes]","args":[{"element-6066-11e4-a52e-4f735466cecf":"f.107814B6E58839EE281E95FDA44A3A0A.d.801035595981F29A88B3B8A7B1FFDE5C.e.2726","ELEMENT":"f.107814B6E58839EE281E95FDA44A3A0A.d.801035595981F29A88B3B8A7B1FFDE5C.e.2726"}]}
RESULT: {"script":"<script> [8489 bytes]","args":[{"element-6066-11e4-a52e-4f735466cecf":"f.107814B6E58839EE281E95FDA44A3A0A.d.801035595981F29A88B3B8A7B1FFDE5C.e.2726","ELEMENT":"f.107814B6E58839EE281E95FDA44A3A0A.d.801035595981F29A88B3B8A7B1FFDE5C.e.2726"}]}
COMMAND: POST /session/c0d68b7606ff92619c2feb677724de84/element - {"using":"css selector","value":"#shell-header-logo"}
COMMAND: GET /session/c0d68b7606ff92619c2feb677724de84/screenshot - {}
RESULT: {"using":"css selector","value":"#shell-header-logo"}
COMMAND: POST /session/c0d68b7606ff92619c2feb677724de84/execute/sync - {"script":"<script> [8489 bytes]","args":[{"element-6066-11e4-a52e-4f735466cecf":"f.107814B6E58839EE281E95FDA44A3A0A.d.801035595981F29A88B3B8A7B1FFDE5C.e.2726","ELEMENT":"f.107814B6E58839EE281E95FDA44A3A0A.d.801035595981F29A88B3B8A7B1FFDE5C.e.2726"}]}
RESULT: {}
RESULT: {"script":"<script> [8489 bytes]","args":[{"element-6066-11e4-a52e-4f735466cecf":"f.107814B6E58839EE281E95FDA44A3A0A.d.801035595981F29A88B3B8A7B1FFDE5C.e.2726","ELEMENT":"f.107814B6E58839EE281E95FDA44A3A0A.d.801035595981F29A88B3B8A7B1FFDE5C.e.2726"}]}
COMMAND: POST /session/c0d68b7606ff92619c2feb677724de84/execute/sync - {"script":"<script> [5351 bytes]","args":[{"element-6066-11e4-a52e-4f735466cecf":"f.107814B6E58839EE281E95FDA44A3A0A.d.801035595981F29A88B3B8A7B1FFDE5C.e.2726","ELEMENT":"f.107814B6E58839EE281E95FDA44A3A0A.d.801035595981F29A88B3B8A7B1FFDE5C.e.2726"}]}
COMMAND: GET /session/c0d68b7606ff92619c2feb677724de84/screenshot - {}
RESULT: {"script":"<script> [5351 bytes]","args":[{"element-6066-11e4-a52e-4f735466cecf":"f.107814B6E58839EE281E95FDA44A3A0A.d.801035595981F29A88B3B8A7B1FFDE5C.e.2726","ELEMENT":"f.107814B6E58839EE281E95FDA44A3A0A.d.801035595981F29A88B3B8A7B1FFDE5C.e.2726"}]}
COMMAND: POST /session/c0d68b7606ff92619c2feb677724de84/element - {"using":"css selector","value":"#shell-header-logo"}
COMMAND: GET /session/c0d68b7606ff92619c2feb677724de84/screenshot - {}
RESULT: {}
RESULT: {"using":"css selector","value":"#shell-header-logo"}
COMMAND: POST /session/c0d68b7606ff92619c2feb677724de84/element/f.107814B6E58839EE281E95FDA44A3A0A.d.801035595981F29A88B3B8A7B1FFDE5C.e.2726/click - {}
RESULT: {}
RESULT: {}
COMMAND: GET /session/c0d68b7606ff92619c2feb677724de84/screenshot - {}
RESULT: {}
COMMAND: POST /session/c0d68b7606ff92619c2feb677724de84/execute/async - {"script":"<script> [189 bytes]","args":[]}
RESULT: {"script":"<script> [189 bytes]","args":[]}
COMMAND: POST /session/c0d68b7606ff92619c2feb677724de84/execute/async - {"script":"<script> [123 bytes]","args":[]}
RESULT: {"script":"<script> [123 bytes]","args":[]}
COMMAND: POST /session/c0d68b7606ff92619c2feb677724de84/timeouts - {"script":"<number>"}
RESULT: {"script":"<number>"}
COMMAND: GET /session/c0d68b7606ff92619c2feb677724de84/timeouts - {}
RESULT: {}
RESULT: undefined
COMMAND: POST /session/c0d68b7606ff92619c2feb677724de84/execute/async - {"script":"<script> [2676 bytes]","args":[]}
RESULT: {"script":"<script> [2676 bytes]","args":[]}
COMMAND: POST /session/c0d68b7606ff92619c2feb677724de84/execute/async - {"script":"<script> [2342 bytes]","args":[{"protocol":"http","hostname":"0.0.0.0","path":"/","capabilities":{"browserName":"chrome","goog:chromeOptions":{"binary":"C:\\Program Files\\Google\\Chrome\\Application\\chrome.exe","args":["--start-maximized"]}},"logLevel":"warn","connectionRetryTimeout":120000,"connectionRetryCount":3,"logLevels":{},"enableDirectConnect":true,"strictSSL":true,"_":"65 more keys: [\"cacheDir\",\"port\",\"requestedCapabilities\",\"automationProtocol\",\"baseUrl\",\"waitforInterval\",\"waitforTimeout\",\"onReload\",\"beforeCommand\",\"afterCommand\",\"rootDir\",\"specs\",\"suites\",\"exclude\",\"groupLogsByTestSpec\",\"excludeDriverLogs\",\"bail\",\"framework\",\"reporters\",\"services\",\"maxInstances\",\"maxInstancesPerCapability\",\"injectGlobals\",\"filesToWatch\",\"execArgv\",\"runnerEnv\",\"runner\",\"shard\",\"specFileRetries\",\"specFileRetriesDelay\",\"specFileRetriesDeferred\",\"reporterSyncInterval\",\"reporterSyncTimeout\",\"cucumberFeaturesWithLineNumbers\",\"autoCompileOpts\",\"mochaOpts\",\"jasmineOpts\",\"cucumberOpts\",\"onPrepare\",\"onWorkerStart\",\"onWorkerEnd\",\"before\",\"beforeSession\",\"beforeSuite\",\"beforeHook\",\"beforeTest\",\"afterTest\",\"afterHook\",\"afterSuite\",\"afterSession\",\"after\",\"onComplete\",\"beforeAssertion\",\"afterAssertion\",\"beforeFeature\",\"beforeScenario\",\"beforeStep\",\"afterStep\",\"afterScenario\",\"afterFeature\",\"_\",\"suite\",\"$0\",\"ignoredWorkerServices\",\"wdi5\"]"}]}
RESULT: {"script":"<script> [2342 bytes]","args":[{"protocol":"http","hostname":"0.0.0.0","path":"/","capabilities":{"browserName":"chrome","goog:chromeOptions":{"binary":"C:\\Program Files\\Google\\Chrome\\Application\\chrome.exe","args":["--start-maximized"]}},"logLevel":"warn","connectionRetryTimeout":120000,"connectionRetryCount":3,"logLevels":{},"enableDirectConnect":true,"strictSSL":true,"_":"65 more keys: [\"cacheDir\",\"port\",\"requestedCapabilities\",\"automationProtocol\",\"baseUrl\",\"waitforInterval\",\"waitforTimeout\",\"onReload\",\"beforeCommand\",\"afterCommand\",\"rootDir\",\"specs\",\"suites\",\"exclude\",\"groupLogsByTestSpec\",\"excludeDriverLogs\",\"bail\",\"framework\",\"reporters\",\"services\",\"maxInstances\",\"maxInstancesPerCapability\",\"injectGlobals\",\"filesToWatch\",\"execArgv\",\"runnerEnv\",\"runner\",\"shard\",\"specFileRetries\",\"specFileRetriesDelay\",\"specFileRetriesDeferred\",\"reporterSyncInterval\",\"reporterSyncTimeout\",\"cucumberFeaturesWithLineNumbers\",\"autoCompileOpts\",\"mochaOpts\",\"jasmineOpts\",\"cucumberOpts\",\"onPrepare\",\"onWorkerStart\",\"onWorkerEnd\",\"before\",\"beforeSession\",\"beforeSuite\",\"beforeHook\",\"beforeTest\",\"afterTest\",\"afterHook\",\"afterSuite\",\"afterSession\",\"after\",\"onComplete\",\"beforeAssertion\",\"afterAssertion\",\"beforeFeature\",\"beforeScenario\",\"beforeStep\",\"afterStep\",\"afterScenario\",\"afterFeature\",\"_\",\"suite\",\"$0\",\"ignoredWorkerServices\",\"wdi5\"]"}]}
COMMAND: POST /session/c0d68b7606ff92619c2feb677724de84/execute/async - {"script":"<script> [21126 bytes]","args":[35000]}
RESULT: {"script":"<script> [21126 bytes]","args":[35000]}
COMMAND: POST /session/c0d68b7606ff92619c2feb677724de84/window/maximize - {}
RESULT: {}
COMMAND: POST /session/c0d68b7606ff92619c2feb677724de84/execute/async - {"script":"<script> [1562 bytes]","args":[{"selector":{"id":"shell-header","interaction":{"idSuffix":"icon"}},"wdio_ui5_key":"shellheader"}]}
COMMAND: GET /session/c0d68b7606ff92619c2feb677724de84/screenshot - {}
RESULT: {"script":"<script> [1562 bytes]","args":[{"selector":{"id":"shell-header","interaction":{"idSuffix":"icon"}},"wdio_ui5_key":"shellheader"}]}
RESULT: undefined
COMMAND: POST /session/c0d68b7606ff92619c2feb677724de84/refresh - {}
RESULT: {}
RESULT: {}
COMMAND: GET /session/c0d68b7606ff92619c2feb677724de84/screenshot - {}
RESULT: {}
COMMAND: POST /session/c0d68b7606ff92619c2feb677724de84/refresh - {}
RESULT: {}
COMMAND: GET /session/c0d68b7606ff92619c2feb677724de84/screenshot - {}
RESULT: {}
COMMAND: POST /session/c0d68b7606ff92619c2feb677724de84/window/fullscreen - {}
RESULT: {}
COMMAND: POST /session/c0d68b7606ff92619c2feb677724de84/execute/async - {"script":"<script> [189 bytes]","args":[]}
RESULT: {"script":"<script> [189 bytes]","args":[]}
COMMAND: POST /session/c0d68b7606ff92619c2feb677724de84/execute/async - {"script":"<script> [123 bytes]","args":[]}
RESULT: {"script":"<script> [123 bytes]","args":[]}
COMMAND: POST /session/c0d68b7606ff92619c2feb677724de84/timeouts - {"script":"<number>"}
RESULT: {"script":"<number>"}
COMMAND: GET /session/c0d68b7606ff92619c2feb677724de84/timeouts - {}
RESULT: {}
RESULT: undefined
COMMAND: POST /session/c0d68b7606ff92619c2feb677724de84/execute/async - {"script":"<script> [2676 bytes]","args":[]}
RESULT: {"script":"<script> [2676 bytes]","args":[]}
COMMAND: POST /session/c0d68b7606ff92619c2feb677724de84/execute/async - {"script":"<script> [2342 bytes]","args":[{"protocol":"http","hostname":"0.0.0.0","path":"/","capabilities":{"browserName":"chrome","goog:chromeOptions":{"binary":"C:\\Program Files\\Google\\Chrome\\Application\\chrome.exe","args":["--start-maximized"]}},"logLevel":"warn","connectionRetryTimeout":120000,"connectionRetryCount":3,"logLevels":{},"enableDirectConnect":true,"strictSSL":true,"_":"65 more keys: [\"cacheDir\",\"port\",\"requestedCapabilities\",\"automationProtocol\",\"baseUrl\",\"waitforInterval\",\"waitforTimeout\",\"onReload\",\"beforeCommand\",\"afterCommand\",\"rootDir\",\"specs\",\"suites\",\"exclude\",\"groupLogsByTestSpec\",\"excludeDriverLogs\",\"bail\",\"framework\",\"reporters\",\"services\",\"maxInstances\",\"maxInstancesPerCapability\",\"injectGlobals\",\"filesToWatch\",\"execArgv\",\"runnerEnv\",\"runner\",\"shard\",\"specFileRetries\",\"specFileRetriesDelay\",\"specFileRetriesDeferred\",\"reporterSyncInterval\",\"reporterSyncTimeout\",\"cucumberFeaturesWithLineNumbers\",\"autoCompileOpts\",\"mochaOpts\",\"jasmineOpts\",\"cucumberOpts\",\"onPrepare\",\"onWorkerStart\",\"onWorkerEnd\",\"before\",\"beforeSession\",\"beforeSuite\",\"beforeHook\",\"beforeTest\",\"afterTest\",\"afterHook\",\"afterSuite\",\"afterSession\",\"after\",\"onComplete\",\"beforeAssertion\",\"afterAssertion\",\"beforeFeature\",\"beforeScenario\",\"beforeStep\",\"afterStep\",\"afterScenario\",\"afterFeature\",\"_\",\"suite\",\"$0\",\"ignoredWorkerServices\",\"wdi5\"]"}]}
RESULT: {"script":"<script> [2342 bytes]","args":[{"protocol":"http","hostname":"0.0.0.0","path":"/","capabilities":{"browserName":"chrome","goog:chromeOptions":{"binary":"C:\\Program Files\\Google\\Chrome\\Application\\chrome.exe","args":["--start-maximized"]}},"logLevel":"warn","connectionRetryTimeout":120000,"connectionRetryCount":3,"logLevels":{},"enableDirectConnect":true,"strictSSL":true,"_":"65 more keys: [\"cacheDir\",\"port\",\"requestedCapabilities\",\"automationProtocol\",\"baseUrl\",\"waitforInterval\",\"waitforTimeout\",\"onReload\",\"beforeCommand\",\"afterCommand\",\"rootDir\",\"specs\",\"suites\",\"exclude\",\"groupLogsByTestSpec\",\"excludeDriverLogs\",\"bail\",\"framework\",\"reporters\",\"services\",\"maxInstances\",\"maxInstancesPerCapability\",\"injectGlobals\",\"filesToWatch\",\"execArgv\",\"runnerEnv\",\"runner\",\"shard\",\"specFileRetries\",\"specFileRetriesDelay\",\"specFileRetriesDeferred\",\"reporterSyncInterval\",\"reporterSyncTimeout\",\"cucumberFeaturesWithLineNumbers\",\"autoCompileOpts\",\"mochaOpts\",\"jasmineOpts\",\"cucumberOpts\",\"onPrepare\",\"onWorkerStart\",\"onWorkerEnd\",\"before\",\"beforeSession\",\"beforeSuite\",\"beforeHook\",\"beforeTest\",\"afterTest\",\"afterHook\",\"afterSuite\",\"afterSession\",\"after\",\"onComplete\",\"beforeAssertion\",\"afterAssertion\",\"beforeFeature\",\"beforeScenario\",\"beforeStep\",\"afterStep\",\"afterScenario\",\"afterFeature\",\"_\",\"suite\",\"$0\",\"ignoredWorkerServices\",\"wdi5\"]"}]}
COMMAND: POST /session/c0d68b7606ff92619c2feb677724de84/execute/async - {"script":"<script> [21126 bytes]","args":[35000]}
RESULT: {"script":"<script> [21126 bytes]","args":[35000]}
]]></system-out>
    </testcase>
  </testsuite>
  <testsuite timestamp="2025-05-05T17:06:07" time="362.993" tests="6" failures="3" errors="3" skipped="0">
    <properties>
      <property name="specId" value="0" />
      <property name="suiteName" value="Edit and delete daily price US134629 US134627" />
      <property name="capabilities" value="chrome.135_0_7049_96.windows" />
      <property name="file" value="file:///D:/a/1/s/test/specs/BTS/conditions-prices-daily-price.spec.js" />
    </properties>
    <testcase classname="chrome.135_0_7049_96.windows.Edit_and_delete_daily_price_US134629_US134627" name="Should create a new yard used for all following tests" time="0.045">
      <system-out><![CDATA[
COMMAND: POST /session/c0d68b7606ff92619c2feb677724de84/window/fullscreen - {}
RESULT: {}
]]></system-out>
    </testcase>
    <testcase classname="chrome.135_0_7049_96.windows.Edit_and_delete_daily_price_US134629_US134627" name="Should create a new partner" time="133.367">
      <system-out><![CDATA[
COMMAND: POST /session/c0d68b7606ff92619c2feb677724de84/window/fullscreen - {}
RESULT: {}
COMMAND: POST /session/c0d68b7606ff92619c2feb677724de84/execute/async - {"script":"<script> [1562 bytes]","args":[{"selector":{"controlType":"sap.m.GenericTile","properties":{"header":"Manage Partners"}},"wdio_ui5_key":"sapm.GenericTile{\"header\":\"Manage Partners\"}"}]}
RESULT: {"script":"<script> [1562 bytes]","args":[{"selector":{"controlType":"sap.m.GenericTile","properties":{"header":"Manage Partners"}},"wdio_ui5_key":"sapm.GenericTile{\"header\":\"Manage Partners\"}"}]}
RESULT: undefined
COMMAND: POST /session/c0d68b7606ff92619c2feb677724de84/element - {"using":"xpath","value":"//*[@id=\"__tile38\"]"}
RESULT: {"using":"xpath","value":"//*[@id=\"__tile38\"]"}
COMMAND: POST /session/c0d68b7606ff92619c2feb677724de84/element/f.107814B6E58839EE281E95FDA44A3A0A.d.71620E74F72C771841167512F2C05761.e.2879/click - {}
RESULT: {}
COMMAND: POST /session/c0d68b7606ff92619c2feb677724de84/element - {"using":"xpath","value":"//button[@data-kt=\"addButton\"]"}
COMMAND: GET /session/c0d68b7606ff92619c2feb677724de84/screenshot - {}
RESULT: {"using":"xpath","value":"//button[@data-kt=\"addButton\"]"}
COMMAND: POST /session/c0d68b7606ff92619c2feb677724de84/elements - {"using":"xpath","value":"//button[@data-kt=\"addButton\"]"}
RESULT: {}
RESULT: {"using":"xpath","value":"//button[@data-kt=\"addButton\"]"}
COMMAND: POST /session/c0d68b7606ff92619c2feb677724de84/elements - {"using":"xpath","value":"//button[@data-kt=\"addButton\"]"}
RESULT: {"using":"xpath","value":"//button[@data-kt=\"addButton\"]"}
COMMAND: POST /session/c0d68b7606ff92619c2feb677724de84/elements - {"using":"xpath","value":"//button[@data-kt=\"addButton\"]"}
RESULT: {"using":"xpath","value":"//button[@data-kt=\"addButton\"]"}
COMMAND: POST /session/c0d68b7606ff92619c2feb677724de84/elements - {"using":"xpath","value":"//button[@data-kt=\"addButton\"]"}
RESULT: {"using":"xpath","value":"//button[@data-kt=\"addButton\"]"}
COMMAND: POST /session/c0d68b7606ff92619c2feb677724de84/elements - {"using":"xpath","value":"//button[@data-kt=\"addButton\"]"}
RESULT: {"using":"xpath","value":"//button[@data-kt=\"addButton\"]"}
COMMAND: POST /session/c0d68b7606ff92619c2feb677724de84/elements - {"using":"xpath","value":"//button[@data-kt=\"addButton\"]"}
RESULT: {"using":"xpath","value":"//button[@data-kt=\"addButton\"]"}
COMMAND: POST /session/c0d68b7606ff92619c2feb677724de84/elements - {"using":"xpath","value":"//button[@data-kt=\"addButton\"]"}
RESULT: {"using":"xpath","value":"//button[@data-kt=\"addButton\"]"}
COMMAND: POST /session/c0d68b7606ff92619c2feb677724de84/elements - {"using":"xpath","value":"//button[@data-kt=\"addButton\"]"}
RESULT: {"using":"xpath","value":"//button[@data-kt=\"addButton\"]"}
COMMAND: POST /session/c0d68b7606ff92619c2feb677724de84/elements - {"using":"xpath","value":"//button[@data-kt=\"addButton\"]"}
RESULT: {"using":"xpath","value":"//button[@data-kt=\"addButton\"]"}
COMMAND: POST /session/c0d68b7606ff92619c2feb677724de84/elements - {"using":"xpath","value":"//button[@data-kt=\"addButton\"]"}
RESULT: {"using":"xpath","value":"//button[@data-kt=\"addButton\"]"}
COMMAND: POST /session/c0d68b7606ff92619c2feb677724de84/elements - {"using":"xpath","value":"//button[@data-kt=\"addButton\"]"}
RESULT: {"using":"xpath","value":"//button[@data-kt=\"addButton\"]"}
COMMAND: POST /session/c0d68b7606ff92619c2feb677724de84/elements - {"using":"xpath","value":"//button[@data-kt=\"addButton\"]"}
RESULT: {"using":"xpath","value":"//button[@data-kt=\"addButton\"]"}
COMMAND: POST /session/c0d68b7606ff92619c2feb677724de84/elements - {"using":"xpath","value":"//button[@data-kt=\"addButton\"]"}
RESULT: {"using":"xpath","value":"//button[@data-kt=\"addButton\"]"}
COMMAND: POST /session/c0d68b7606ff92619c2feb677724de84/elements - {"using":"xpath","value":"//button[@data-kt=\"addButton\"]"}
RESULT: {"using":"xpath","value":"//button[@data-kt=\"addButton\"]"}
COMMAND: POST /session/c0d68b7606ff92619c2feb677724de84/elements - {"using":"xpath","value":"//button[@data-kt=\"addButton\"]"}
RESULT: {"using":"xpath","value":"//button[@data-kt=\"addButton\"]"}
COMMAND: POST /session/c0d68b7606ff92619c2feb677724de84/elements - {"using":"xpath","value":"//button[@data-kt=\"addButton\"]"}
RESULT: {"using":"xpath","value":"//button[@data-kt=\"addButton\"]"}
COMMAND: POST /session/c0d68b7606ff92619c2feb677724de84/elements - {"using":"xpath","value":"//button[@data-kt=\"addButton\"]"}
RESULT: {"using":"xpath","value":"//button[@data-kt=\"addButton\"]"}
COMMAND: POST /session/c0d68b7606ff92619c2feb677724de84/elements - {"using":"xpath","value":"//button[@data-kt=\"addButton\"]"}
RESULT: {"using":"xpath","value":"//button[@data-kt=\"addButton\"]"}
COMMAND: POST /session/c0d68b7606ff92619c2feb677724de84/elements - {"using":"xpath","value":"//button[@data-kt=\"addButton\"]"}
RESULT: {"using":"xpath","value":"//button[@data-kt=\"addButton\"]"}
COMMAND: POST /session/c0d68b7606ff92619c2feb677724de84/elements - {"using":"xpath","value":"//button[@data-kt=\"addButton\"]"}
RESULT: {"using":"xpath","value":"//button[@data-kt=\"addButton\"]"}
COMMAND: POST /session/c0d68b7606ff92619c2feb677724de84/elements - {"using":"xpath","value":"//button[@data-kt=\"addButton\"]"}
RESULT: {"using":"xpath","value":"//button[@data-kt=\"addButton\"]"}
COMMAND: POST /session/c0d68b7606ff92619c2feb677724de84/elements - {"using":"xpath","value":"//button[@data-kt=\"addButton\"]"}
RESULT: {"using":"xpath","value":"//button[@data-kt=\"addButton\"]"}
COMMAND: POST /session/c0d68b7606ff92619c2feb677724de84/elements - {"using":"xpath","value":"//button[@data-kt=\"addButton\"]"}
RESULT: {"using":"xpath","value":"//button[@data-kt=\"addButton\"]"}
COMMAND: POST /session/c0d68b7606ff92619c2feb677724de84/elements - {"using":"xpath","value":"//button[@data-kt=\"addButton\"]"}
RESULT: {"using":"xpath","value":"//button[@data-kt=\"addButton\"]"}
COMMAND: POST /session/c0d68b7606ff92619c2feb677724de84/element - {"using":"xpath","value":"//button[@data-kt=\"addButton\"]"}
RESULT: {"using":"xpath","value":"//button[@data-kt=\"addButton\"]"}
COMMAND: POST /session/c0d68b7606ff92619c2feb677724de84/execute/sync - {"script":"<script> [8489 bytes]","args":[{"element-6066-11e4-a52e-4f735466cecf":"f.107814B6E58839EE281E95FDA44A3A0A.d.71620E74F72C771841167512F2C05761.e.3028","ELEMENT":"f.107814B6E58839EE281E95FDA44A3A0A.d.71620E74F72C771841167512F2C05761.e.3028"}]}
RESULT: {"script":"<script> [8489 bytes]","args":[{"element-6066-11e4-a52e-4f735466cecf":"f.107814B6E58839EE281E95FDA44A3A0A.d.71620E74F72C771841167512F2C05761.e.3028","ELEMENT":"f.107814B6E58839EE281E95FDA44A3A0A.d.71620E74F72C771841167512F2C05761.e.3028"}]}
COMMAND: GET /session/c0d68b7606ff92619c2feb677724de84/element/f.107814B6E58839EE281E95FDA44A3A0A.d.71620E74F72C771841167512F2C05761.e.3028/enabled - {}
COMMAND: GET /session/c0d68b7606ff92619c2feb677724de84/screenshot - {}
RESULT: {}
COMMAND: POST /session/c0d68b7606ff92619c2feb677724de84/execute/sync - {"script":"<script> [8489 bytes]","args":[{"element-6066-11e4-a52e-4f735466cecf":"f.107814B6E58839EE281E95FDA44A3A0A.d.71620E74F72C771841167512F2C05761.e.3028","ELEMENT":"f.107814B6E58839EE281E95FDA44A3A0A.d.71620E74F72C771841167512F2C05761.e.3028"}]}
COMMAND: GET /session/c0d68b7606ff92619c2feb677724de84/screenshot - {}
RESULT: {}
RESULT: {}
RESULT: {"script":"<script> [8489 bytes]","args":[{"element-6066-11e4-a52e-4f735466cecf":"f.107814B6E58839EE281E95FDA44A3A0A.d.71620E74F72C771841167512F2C05761.e.3028","ELEMENT":"f.107814B6E58839EE281E95FDA44A3A0A.d.71620E74F72C771841167512F2C05761.e.3028"}]}
COMMAND: POST /session/c0d68b7606ff92619c2feb677724de84/execute/sync - {"script":"<script> [5351 bytes]","args":[{"element-6066-11e4-a52e-4f735466cecf":"f.107814B6E58839EE281E95FDA44A3A0A.d.71620E74F72C771841167512F2C05761.e.3028","ELEMENT":"f.107814B6E58839EE281E95FDA44A3A0A.d.71620E74F72C771841167512F2C05761.e.3028"}]}
COMMAND: GET /session/c0d68b7606ff92619c2feb677724de84/screenshot - {}
RESULT: {"script":"<script> [5351 bytes]","args":[{"element-6066-11e4-a52e-4f735466cecf":"f.107814B6E58839EE281E95FDA44A3A0A.d.71620E74F72C771841167512F2C05761.e.3028","ELEMENT":"f.107814B6E58839EE281E95FDA44A3A0A.d.71620E74F72C771841167512F2C05761.e.3028"}]}
COMMAND: POST /session/c0d68b7606ff92619c2feb677724de84/element/f.107814B6E58839EE281E95FDA44A3A0A.d.71620E74F72C771841167512F2C05761.e.3028/click - {}
COMMAND: GET /session/c0d68b7606ff92619c2feb677724de84/screenshot - {}
RESULT: {}
RESULT: {}
COMMAND: GET /session/c0d68b7606ff92619c2feb677724de84/screenshot - {}
COMMAND: POST /session/c0d68b7606ff92619c2feb677724de84/execute/async - {"script":"<script> [1562 bytes]","args":[{"selector":{"id":"application-managepartners-display-component---NewPartner--addressDetailDetailsName1","interaction":{"idSuffix":"inner"}},"wdio_ui5_key":"applicationmanagepartners-display-component---NewPartner--addressDetailDetailsName1"}]}
RESULT: {}
RESULT: {}
RESULT: {"script":"<script> [1562 bytes]","args":[{"selector":{"id":"application-managepartners-display-component---NewPartner--addressDetailDetailsName1","interaction":{"idSuffix":"inner"}},"wdio_ui5_key":"applicationmanagepartners-display-component---NewPartner--addressDetailDetailsName1"}]}
RESULT: undefined
COMMAND: POST /session/c0d68b7606ff92619c2feb677724de84/execute/async - {"script":"<script> [776 bytes]","args":[{"enterText":"DailyPrice Partner WDIO","selector":{"id":"application-managepartners-display-component---NewPartner--addressDetailDetailsName1","interaction":{"idSuffix":"inner"}},"clearTextFirst":true,"interactionType":"ENTER_TEXT"}]}
RESULT: {"script":"<script> [776 bytes]","args":[{"enterText":"DailyPrice Partner WDIO","selector":{"id":"application-managepartners-display-component---NewPartner--addressDetailDetailsName1","interaction":{"idSuffix":"inner"}},"clearTextFirst":true,"interactionType":"ENTER_TEXT"}]}
COMMAND: POST /session/c0d68b7606ff92619c2feb677724de84/execute/async - {"script":"<script> [1562 bytes]","args":[{"selector":{"id":"application-managepartners-display-component---NewPartner--addressDetailDetailsLanguage-arrow"},"wdio_ui5_key":"applicationmanagepartners-display-component---NewPartner--addressDetailDetailsLanguage-arrow"}]}
RESULT: {"script":"<script> [1562 bytes]","args":[{"selector":{"id":"application-managepartners-display-component---NewPartner--addressDetailDetailsLanguage-arrow"},"wdio_ui5_key":"applicationmanagepartners-display-component---NewPartner--addressDetailDetailsLanguage-arrow"}]}
RESULT: undefined
COMMAND: POST /session/c0d68b7606ff92619c2feb677724de84/element - {"using":"xpath","value":"//*[@id=\"application-managepartners-display-component---NewPartner--addressDetailDetailsLanguage-arrow\"]"}
RESULT: {"using":"xpath","value":"//*[@id=\"application-managepartners-display-component---NewPartner--addressDetailDetailsLanguage-arrow\"]"}
COMMAND: POST /session/c0d68b7606ff92619c2feb677724de84/element/f.107814B6E58839EE281E95FDA44A3A0A.d.71620E74F72C771841167512F2C05761.e.3479/click - {}
RESULT: {}
COMMAND: POST /session/c0d68b7606ff92619c2feb677724de84/element - {"using":"xpath","value":"//span[contains(text(), \"English\")]"}
COMMAND: GET /session/c0d68b7606ff92619c2feb677724de84/screenshot - {}
RESULT: {"using":"xpath","value":"//span[contains(text(), \"English\")]"}
COMMAND: POST /session/c0d68b7606ff92619c2feb677724de84/element/f.107814B6E58839EE281E95FDA44A3A0A.d.71620E74F72C771841167512F2C05761.e.3480/click - {}
RESULT: {}
RESULT: {}
COMMAND: GET /session/c0d68b7606ff92619c2feb677724de84/screenshot - {}
RESULT: {}
COMMAND: POST /session/c0d68b7606ff92619c2feb677724de84/execute/async - {"script":"<script> [1562 bytes]","args":[{"selector":{"id":"application-managepartners-display-component---NewPartner--addressDetailDetailsCity1","interaction":{"idSuffix":"inner"}},"wdio_ui5_key":"applicationmanagepartners-display-component---NewPartner--addressDetailDetailsCity1"}]}
RESULT: {"script":"<script> [1562 bytes]","args":[{"selector":{"id":"application-managepartners-display-component---NewPartner--addressDetailDetailsCity1","interaction":{"idSuffix":"inner"}},"wdio_ui5_key":"applicationmanagepartners-display-component---NewPartner--addressDetailDetailsCity1"}]}
RESULT: undefined
COMMAND: POST /session/c0d68b7606ff92619c2feb677724de84/execute/async - {"script":"<script> [776 bytes]","args":[{"enterText":"Rosario","selector":{"id":"application-managepartners-display-component---NewPartner--addressDetailDetailsCity1","interaction":{"idSuffix":"inner"}},"clearTextFirst":true,"interactionType":"ENTER_TEXT"}]}
RESULT: {"script":"<script> [776 bytes]","args":[{"enterText":"Rosario","selector":{"id":"application-managepartners-display-component---NewPartner--addressDetailDetailsCity1","interaction":{"idSuffix":"inner"}},"clearTextFirst":true,"interactionType":"ENTER_TEXT"}]}
COMMAND: POST /session/c0d68b7606ff92619c2feb677724de84/execute/async - {"script":"<script> [1562 bytes]","args":[{"selector":{"id":"application-managepartners-display-component---NewPartner--addressDetailDetailsCountry-arrow"},"wdio_ui5_key":"applicationmanagepartners-display-component---NewPartner--addressDetailDetailsCountry-arrow"}]}
RESULT: {"script":"<script> [1562 bytes]","args":[{"selector":{"id":"application-managepartners-display-component---NewPartner--addressDetailDetailsCountry-arrow"},"wdio_ui5_key":"applicationmanagepartners-display-component---NewPartner--addressDetailDetailsCountry-arrow"}]}
RESULT: undefined
COMMAND: POST /session/c0d68b7606ff92619c2feb677724de84/element - {"using":"xpath","value":"//*[@id=\"application-managepartners-display-component---NewPartner--addressDetailDetailsCountry-arrow\"]"}
RESULT: {"using":"xpath","value":"//*[@id=\"application-managepartners-display-component---NewPartner--addressDetailDetailsCountry-arrow\"]"}
COMMAND: POST /session/c0d68b7606ff92619c2feb677724de84/element/f.107814B6E58839EE281E95FDA44A3A0A.d.71620E74F72C771841167512F2C05761.e.3465/click - {}
RESULT: {}
COMMAND: POST /session/c0d68b7606ff92619c2feb677724de84/element - {"using":"xpath","value":"//span[contains(text(), \"Argentina\")]"}
COMMAND: GET /session/c0d68b7606ff92619c2feb677724de84/screenshot - {}
RESULT: {"using":"xpath","value":"//span[contains(text(), \"Argentina\")]"}
COMMAND: POST /session/c0d68b7606ff92619c2feb677724de84/element/f.107814B6E58839EE281E95FDA44A3A0A.d.71620E74F72C771841167512F2C05761.e.3482/click - {}
RESULT: {}
RESULT: {}
COMMAND: GET /session/c0d68b7606ff92619c2feb677724de84/screenshot - {}
RESULT: {}
COMMAND: POST /session/c0d68b7606ff92619c2feb677724de84/element - {"using":"xpath","value":"//bdi[contains(text(), \"Commercial\")]"}
RESULT: {"using":"xpath","value":"//bdi[contains(text(), \"Commercial\")]"}
COMMAND: POST /session/c0d68b7606ff92619c2feb677724de84/element/f.107814B6E58839EE281E95FDA44A3A0A.d.71620E74F72C771841167512F2C05761.e.3483/click - {}
RESULT: {}
COMMAND: GET /session/c0d68b7606ff92619c2feb677724de84/screenshot - {}
RESULT: {}
COMMAND: POST /session/c0d68b7606ff92619c2feb677724de84/execute/async - {"script":"<script> [1562 bytes]","args":[{"selector":{"id":"application-managepartners-display-component---NewPartner--partnerDetailInternal-arrow"},"wdio_ui5_key":"applicationmanagepartners-display-component---NewPartner--partnerDetailInternal-arrow"}]}
RESULT: {"script":"<script> [1562 bytes]","args":[{"selector":{"id":"application-managepartners-display-component---NewPartner--partnerDetailInternal-arrow"},"wdio_ui5_key":"applicationmanagepartners-display-component---NewPartner--partnerDetailInternal-arrow"}]}
RESULT: undefined
COMMAND: POST /session/c0d68b7606ff92619c2feb677724de84/element - {"using":"xpath","value":"//*[@id=\"application-managepartners-display-component---NewPartner--partnerDetailInternal-arrow\"]"}
RESULT: {"using":"xpath","value":"//*[@id=\"application-managepartners-display-component---NewPartner--partnerDetailInternal-arrow\"]"}
COMMAND: POST /session/c0d68b7606ff92619c2feb677724de84/element/f.107814B6E58839EE281E95FDA44A3A0A.d.71620E74F72C771841167512F2C05761.e.3491/click - {}
RESULT: {}
COMMAND: POST /session/c0d68b7606ff92619c2feb677724de84/element - {"using":"xpath","value":"//span[contains(text(), \"Affiliated company\")]"}
COMMAND: GET /session/c0d68b7606ff92619c2feb677724de84/screenshot - {}
RESULT: {"using":"xpath","value":"//span[contains(text(), \"Affiliated company\")]"}
COMMAND: POST /session/c0d68b7606ff92619c2feb677724de84/element/f.107814B6E58839EE281E95FDA44A3A0A.d.71620E74F72C771841167512F2C05761.e.3492/click - {}
RESULT: {}
RESULT: {}
COMMAND: POST /session/c0d68b7606ff92619c2feb677724de84/execute/async - {"script":"<script> [1562 bytes]","args":[{"selector":{"id":"application-managepartners-display-component---NewPartner--partnerDetailsCurrency-arrow"},"wdio_ui5_key":"applicationmanagepartners-display-component---NewPartner--partnerDetailsCurrency-arrow"}]}
COMMAND: GET /session/c0d68b7606ff92619c2feb677724de84/screenshot - {}
RESULT: {"script":"<script> [1562 bytes]","args":[{"selector":{"id":"application-managepartners-display-component---NewPartner--partnerDetailsCurrency-arrow"},"wdio_ui5_key":"applicationmanagepartners-display-component---NewPartner--partnerDetailsCurrency-arrow"}]}
RESULT: undefined
COMMAND: POST /session/c0d68b7606ff92619c2feb677724de84/element - {"using":"xpath","value":"//*[@id=\"application-managepartners-display-component---NewPartner--partnerDetailsCurrency-arrow\"]"}
RESULT: {}
RESULT: {"using":"xpath","value":"//*[@id=\"application-managepartners-display-component---NewPartner--partnerDetailsCurrency-arrow\"]"}
COMMAND: POST /session/c0d68b7606ff92619c2feb677724de84/element/f.107814B6E58839EE281E95FDA44A3A0A.d.71620E74F72C771841167512F2C05761.e.3499/click - {}
RESULT: {}
COMMAND: POST /session/c0d68b7606ff92619c2feb677724de84/element - {"using":"xpath","value":"//span[contains(text(), \"Euro\")]"}
COMMAND: GET /session/c0d68b7606ff92619c2feb677724de84/screenshot - {}
RESULT: {"using":"xpath","value":"//span[contains(text(), \"Euro\")]"}
COMMAND: POST /session/c0d68b7606ff92619c2feb677724de84/element/f.107814B6E58839EE281E95FDA44A3A0A.d.71620E74F72C771841167512F2C05761.e.3500/click - {}
RESULT: {}
RESULT: {}
COMMAND: POST /session/c0d68b7606ff92619c2feb677724de84/execute/async - {"script":"<script> [1562 bytes]","args":[{"selector":{"id":"application-managepartners-display-component---NewPartner--addressEditDetailsCostObjectCstType-arrow"},"wdio_ui5_key":"applicationmanagepartners-display-component---NewPartner--addressEditDetailsCostObjectCstType-arrow"}]}
COMMAND: GET /session/c0d68b7606ff92619c2feb677724de84/screenshot - {}
RESULT: {"script":"<script> [1562 bytes]","args":[{"selector":{"id":"application-managepartners-display-component---NewPartner--addressEditDetailsCostObjectCstType-arrow"},"wdio_ui5_key":"applicationmanagepartners-display-component---NewPartner--addressEditDetailsCostObjectCstType-arrow"}]}
RESULT: undefined
COMMAND: POST /session/c0d68b7606ff92619c2feb677724de84/element - {"using":"xpath","value":"//*[@id=\"application-managepartners-display-component---NewPartner--addressEditDetailsCostObjectCstType-arrow\"]"}
RESULT: {}
RESULT: {"using":"xpath","value":"//*[@id=\"application-managepartners-display-component---NewPartner--addressEditDetailsCostObjectCstType-arrow\"]"}
COMMAND: POST /session/c0d68b7606ff92619c2feb677724de84/element/f.107814B6E58839EE281E95FDA44A3A0A.d.71620E74F72C771841167512F2C05761.e.3501/click - {}
RESULT: {}
COMMAND: POST /session/c0d68b7606ff92619c2feb677724de84/element - {"using":"xpath","value":"//span[contains(text(), \"Cost Center\")]"}
COMMAND: GET /session/c0d68b7606ff92619c2feb677724de84/screenshot - {}
RESULT: {"using":"xpath","value":"//span[contains(text(), \"Cost Center\")]"}
COMMAND: POST /session/c0d68b7606ff92619c2feb677724de84/element/f.107814B6E58839EE281E95FDA44A3A0A.d.71620E74F72C771841167512F2C05761.e.3502/click - {}
RESULT: {}
RESULT: {}
COMMAND: GET /session/c0d68b7606ff92619c2feb677724de84/screenshot - {}
RESULT: {}
COMMAND: POST /session/c0d68b7606ff92619c2feb677724de84/element - {"using":"xpath","value":"//span[@id=\"application-managepartners-display-component---NewPartner--addressNewCostObjectCstID-vhi\"]"}
RESULT: {"using":"xpath","value":"//span[@id=\"application-managepartners-display-component---NewPartner--addressNewCostObjectCstID-vhi\"]"}
COMMAND: POST /session/c0d68b7606ff92619c2feb677724de84/execute/sync - {"script":"<script> [8489 bytes]","args":[{"element-6066-11e4-a52e-4f735466cecf":"f.107814B6E58839EE281E95FDA44A3A0A.d.71620E74F72C771841167512F2C05761.e.3506","ELEMENT":"f.107814B6E58839EE281E95FDA44A3A0A.d.71620E74F72C771841167512F2C05761.e.3506"}]}
RESULT: {"script":"<script> [8489 bytes]","args":[{"element-6066-11e4-a52e-4f735466cecf":"f.107814B6E58839EE281E95FDA44A3A0A.d.71620E74F72C771841167512F2C05761.e.3506","ELEMENT":"f.107814B6E58839EE281E95FDA44A3A0A.d.71620E74F72C771841167512F2C05761.e.3506"}]}
COMMAND: POST /session/c0d68b7606ff92619c2feb677724de84/execute/async - {"script":"<script> [1562 bytes]","args":[{"selector":{"id":"application-managepartners-display-component---NewPartner--addressNewCostObjectCstID-vhi"},"wdio_ui5_key":"applicationmanagepartners-display-component---NewPartner--addressNewCostObjectCstID-vhi"}]}
COMMAND: GET /session/c0d68b7606ff92619c2feb677724de84/screenshot - {}
RESULT: {"script":"<script> [1562 bytes]","args":[{"selector":{"id":"application-managepartners-display-component---NewPartner--addressNewCostObjectCstID-vhi"},"wdio_ui5_key":"applicationmanagepartners-display-component---NewPartner--addressNewCostObjectCstID-vhi"}]}
RESULT: undefined
COMMAND: POST /session/c0d68b7606ff92619c2feb677724de84/element - {"using":"xpath","value":"//*[@id=\"application-managepartners-display-component---NewPartner--addressNewCostObjectCstID-vhi\"]"}
RESULT: {}
RESULT: {"using":"xpath","value":"//*[@id=\"application-managepartners-display-component---NewPartner--addressNewCostObjectCstID-vhi\"]"}
COMMAND: POST /session/c0d68b7606ff92619c2feb677724de84/element/f.107814B6E58839EE281E95FDA44A3A0A.d.71620E74F72C771841167512F2C05761.e.3506/click - {}
RESULT: {}
COMMAND: GET /session/c0d68b7606ff92619c2feb677724de84/screenshot - {}
RESULT: {}
COMMAND: POST /session/c0d68b7606ff92619c2feb677724de84/execute/async - {"script":"<script> [1562 bytes]","args":[{"selector":{"controlType":"sap.m.SearchField","properties":{"placeholder":"Search"},"searchOpenDialogs":true,"interaction":{"idSuffix":"I"}},"wdio_ui5_key":"sapm.SearchField{\"placeholder\":\"Search\"}"}]}
RESULT: {"script":"<script> [1562 bytes]","args":[{"selector":{"controlType":"sap.m.SearchField","properties":{"placeholder":"Search"},"searchOpenDialogs":true,"interaction":{"idSuffix":"I"}},"wdio_ui5_key":"sapm.SearchField{\"placeholder\":\"Search\"}"}]}
RESULT: undefined
COMMAND: POST /session/c0d68b7606ff92619c2feb677724de84/execute/async - {"script":"<script> [776 bytes]","args":[{"enterText":"10001013","selector":{"controlType":"sap.m.SearchField","properties":{"placeholder":"Search"},"searchOpenDialogs":true,"interaction":{"idSuffix":"I"}},"clearTextFirst":true,"interactionType":"ENTER_TEXT"}]}
RESULT: {"script":"<script> [776 bytes]","args":[{"enterText":"10001013","selector":{"controlType":"sap.m.SearchField","properties":{"placeholder":"Search"},"searchOpenDialogs":true,"interaction":{"idSuffix":"I"}},"clearTextFirst":true,"interactionType":"ENTER_TEXT"}]}
COMMAND: POST /session/c0d68b7606ff92619c2feb677724de84/actions - {"actions":[{"id":"action11","type":"key","parameters":{},"actions":[{"type":"keyDown","value":"î€‡"},{"type":"pause","duration":10},{"type":"keyUp","value":"î€‡"}]}]}
RESULT: {"actions":[{"id":"action11","type":"key","parameters":{},"actions":[{"type":"keyDown","value":"î€‡"},{"type":"pause","duration":10},{"type":"keyUp","value":"î€‡"}]}]}
COMMAND: GET /session/c0d68b7606ff92619c2feb677724de84/screenshot - {}
RESULT: {}
COMMAND: POST /session/c0d68b7606ff92619c2feb677724de84/element - {"using":"xpath","value":"//span[contains(text(), \"General Management\")]"}
RESULT: {"using":"xpath","value":"//span[contains(text(), \"General Management\")]"}
COMMAND: POST /session/c0d68b7606ff92619c2feb677724de84/element/f.107814B6E58839EE281E95FDA44A3A0A.d.71620E74F72C771841167512F2C05761.e.3547/click - {}
RESULT: {}
COMMAND: GET /session/c0d68b7606ff92619c2feb677724de84/screenshot - {}
RESULT: {}
COMMAND: POST /session/c0d68b7606ff92619c2feb677724de84/element - {"using":"xpath","value":"//bdi[contains(text(), \"OK\")]"}
RESULT: {"using":"xpath","value":"//bdi[contains(text(), \"OK\")]"}
COMMAND: POST /session/c0d68b7606ff92619c2feb677724de84/element/f.107814B6E58839EE281E95FDA44A3A0A.d.71620E74F72C771841167512F2C05761.e.3548/click - {}
RESULT: {}
COMMAND: GET /session/c0d68b7606ff92619c2feb677724de84/screenshot - {}
RESULT: {}
COMMAND: POST /session/c0d68b7606ff92619c2feb677724de84/element - {"using":"xpath","value":"//input[@id=\"application-managepartners-display-component---NewPartner--companyCodeComboBox-inner\"]"}
RESULT: {"using":"xpath","value":"//input[@id=\"application-managepartners-display-component---NewPartner--companyCodeComboBox-inner\"]"}
COMMAND: POST /session/c0d68b7606ff92619c2feb677724de84/element/f.107814B6E58839EE281E95FDA44A3A0A.d.71620E74F72C771841167512F2C05761.e.3340/clear - {}
RESULT: {}
COMMAND: POST /session/c0d68b7606ff92619c2feb677724de84/element/f.107814B6E58839EE281E95FDA44A3A0A.d.71620E74F72C771841167512F2C05761.e.3340/value - {"text":"C002"}
COMMAND: GET /session/c0d68b7606ff92619c2feb677724de84/screenshot - {}
RESULT: {"text":"C002"}
COMMAND: GET /session/c0d68b7606ff92619c2feb677724de84/screenshot - {}
RESULT: {}
RESULT: {}
COMMAND: POST /session/c0d68b7606ff92619c2feb677724de84/element - {"using":"xpath","value":"//span[contains(text(), \"C002\")]"}
RESULT: {"using":"xpath","value":"//span[contains(text(), \"C002\")]"}
COMMAND: POST /session/c0d68b7606ff92619c2feb677724de84/element/f.107814B6E58839EE281E95FDA44A3A0A.d.71620E74F72C771841167512F2C05761.e.3554/click - {}
RESULT: {}
COMMAND: GET /session/c0d68b7606ff92619c2feb677724de84/screenshot - {}
RESULT: {}
COMMAND: POST /session/c0d68b7606ff92619c2feb677724de84/execute/async - {"script":"<script> [1562 bytes]","args":[{"selector":{"id":"application-managepartners-display-component---NewPartner--btnAddTableRow-img"},"wdio_ui5_key":"applicationmanagepartners-display-component---NewPartner--btnAddTableRow-img"}]}
RESULT: {"script":"<script> [1562 bytes]","args":[{"selector":{"id":"application-managepartners-display-component---NewPartner--btnAddTableRow-img"},"wdio_ui5_key":"applicationmanagepartners-display-component---NewPartner--btnAddTableRow-img"}]}
RESULT: undefined
COMMAND: POST /session/c0d68b7606ff92619c2feb677724de84/element - {"using":"xpath","value":"//*[@id=\"application-managepartners-display-component---NewPartner--btnAddTableRow-img\"]"}
RESULT: {"using":"xpath","value":"//*[@id=\"application-managepartners-display-component---NewPartner--btnAddTableRow-img\"]"}
COMMAND: POST /session/c0d68b7606ff92619c2feb677724de84/element/f.107814B6E58839EE281E95FDA44A3A0A.d.71620E74F72C771841167512F2C05761.e.3555/click - {}
RESULT: {}
COMMAND: GET /session/c0d68b7606ff92619c2feb677724de84/screenshot - {}
RESULT: {}
COMMAND: POST /session/c0d68b7606ff92619c2feb677724de84/element - {"using":"xpath","value":"//input[@id=\"application-managepartners-display-component---NewPartner--assignmentYard-application-managepartners-display-component---NewPartner--assignmentsTable-0-inner\"]"}
RESULT: {"using":"xpath","value":"//input[@id=\"application-managepartners-display-component---NewPartner--assignmentYard-application-managepartners-display-component---NewPartner--assignmentsTable-0-inner\"]"}
COMMAND: POST /session/c0d68b7606ff92619c2feb677724de84/element/f.107814B6E58839EE281E95FDA44A3A0A.d.71620E74F72C771841167512F2C05761.e.3558/clear - {}
RESULT: {}
COMMAND: POST /session/c0d68b7606ff92619c2feb677724de84/element/f.107814B6E58839EE281E95FDA44A3A0A.d.71620E74F72C771841167512F2C05761.e.3558/value - {"text":"593"}
COMMAND: GET /session/c0d68b7606ff92619c2feb677724de84/screenshot - {}
RESULT: {"text":"593"}
COMMAND: GET /session/c0d68b7606ff92619c2feb677724de84/screenshot - {}
RESULT: {}
RESULT: {}
COMMAND: POST /session/c0d68b7606ff92619c2feb677724de84/element - {"using":"xpath","value":"//li[.//span[text()='593']]"}
RESULT: {"using":"xpath","value":"//li[.//span[text()='593']]"}
COMMAND: POST /session/c0d68b7606ff92619c2feb677724de84/element/f.107814B6E58839EE281E95FDA44A3A0A.d.71620E74F72C771841167512F2C05761.e.3567/click - {}
RESULT: {}
COMMAND: GET /session/c0d68b7606ff92619c2feb677724de84/screenshot - {}
RESULT: {}
COMMAND: POST /session/c0d68b7606ff92619c2feb677724de84/actions - {"actions":[{"id":"action12","type":"key","parameters":{},"actions":[{"type":"keyDown","value":"î€‡"},{"type":"pause","duration":10},{"type":"keyUp","value":"î€‡"}]}]}
RESULT: {"actions":[{"id":"action12","type":"key","parameters":{},"actions":[{"type":"keyDown","value":"î€‡"},{"type":"pause","duration":10},{"type":"keyUp","value":"î€‡"}]}]}
COMMAND: POST /session/c0d68b7606ff92619c2feb677724de84/execute/async - {"script":"<script> [1562 bytes]","args":[{"selector":{"id":"application-managepartners-display-component---NewPartner--externalCustomerComboBox-application-managepartners-display-component---NewPartner--assignmentsTable-0-vhi"},"wdio_ui5_key":"applicationmanagepartners-display-component---NewPartner--externalCustomerComboBox-application-managepartners-display-component---NewPartner--assignmentsTable-0-vhi"}]}
COMMAND: GET /session/c0d68b7606ff92619c2feb677724de84/screenshot - {}
RESULT: {"script":"<script> [1562 bytes]","args":[{"selector":{"id":"application-managepartners-display-component---NewPartner--externalCustomerComboBox-application-managepartners-display-component---NewPartner--assignmentsTable-0-vhi"},"wdio_ui5_key":"applicationmanagepartners-display-component---NewPartner--externalCustomerComboBox-application-managepartners-display-component---NewPartner--assignmentsTable-0-vhi"}]}
RESULT: undefined
COMMAND: POST /session/c0d68b7606ff92619c2feb677724de84/element - {"using":"xpath","value":"//*[@id=\"application-managepartners-display-component---NewPartner--externalCustomerComboBox-application-managepartners-display-component---NewPartner--assignmentsTable-0-vhi\"]"}
RESULT: {}
RESULT: {"using":"xpath","value":"//*[@id=\"application-managepartners-display-component---NewPartner--externalCustomerComboBox-application-managepartners-display-component---NewPartner--assignmentsTable-0-vhi\"]"}
COMMAND: POST /session/c0d68b7606ff92619c2feb677724de84/element/f.107814B6E58839EE281E95FDA44A3A0A.d.71620E74F72C771841167512F2C05761.e.3571/click - {}
RESULT: {}
RESULT: undefined
COMMAND: POST /session/c0d68b7606ff92619c2feb677724de84/execute/async - {"script":"<script> [776 bytes]","args":[{"enterText":"300003","selector":{"controlType":"sap.m.SearchField","properties":{"placeholder":"Search"},"searchOpenDialogs":true,"interaction":{"idSuffix":"I"}},"clearTextFirst":true,"interactionType":"ENTER_TEXT"}]}
COMMAND: GET /session/c0d68b7606ff92619c2feb677724de84/screenshot - {}
RESULT: {"script":"<script> [776 bytes]","args":[{"enterText":"300003","selector":{"controlType":"sap.m.SearchField","properties":{"placeholder":"Search"},"searchOpenDialogs":true,"interaction":{"idSuffix":"I"}},"clearTextFirst":true,"interactionType":"ENTER_TEXT"}]}
COMMAND: POST /session/c0d68b7606ff92619c2feb677724de84/actions - {"actions":[{"id":"action13","type":"key","parameters":{},"actions":[{"type":"keyDown","value":"î€‡"},{"type":"pause","duration":10},{"type":"keyUp","value":"î€‡"}]}]}
RESULT: {}
RESULT: {"actions":[{"id":"action13","type":"key","parameters":{},"actions":[{"type":"keyDown","value":"î€‡"},{"type":"pause","duration":10},{"type":"keyUp","value":"î€‡"}]}]}
COMMAND: GET /session/c0d68b7606ff92619c2feb677724de84/screenshot - {}
RESULT: {}
COMMAND: POST /session/c0d68b7606ff92619c2feb677724de84/element - {"using":"xpath","value":"//span[contains(text(), \"300003\")]"}
RESULT: {"using":"xpath","value":"//span[contains(text(), \"300003\")]"}
COMMAND: POST /session/c0d68b7606ff92619c2feb677724de84/element/f.107814B6E58839EE281E95FDA44A3A0A.d.71620E74F72C771841167512F2C05761.e.3588/click - {}
RESULT: {}
COMMAND: GET /session/c0d68b7606ff92619c2feb677724de84/screenshot - {}
RESULT: {}
COMMAND: POST /session/c0d68b7606ff92619c2feb677724de84/element - {"using":"xpath","value":"//bdi[contains(text(), \"OK\")]"}
RESULT: {"using":"xpath","value":"//bdi[contains(text(), \"OK\")]"}
COMMAND: POST /session/c0d68b7606ff92619c2feb677724de84/element/f.107814B6E58839EE281E95FDA44A3A0A.d.71620E74F72C771841167512F2C05761.e.3590/click - {}
RESULT: {}
COMMAND: GET /session/c0d68b7606ff92619c2feb677724de84/screenshot - {}
RESULT: {}
COMMAND: POST /session/c0d68b7606ff92619c2feb677724de84/execute/async - {"script":"<script> [1562 bytes]","args":[{"selector":{"id":"application-managepartners-display-component---NewPartner--intercompVendorComboBox-application-managepartners-display-component---NewPartner--assignmentsTable-0-vhi"},"wdio_ui5_key":"applicationmanagepartners-display-component---NewPartner--intercompVendorComboBox-application-managepartners-display-component---NewPartner--assignmentsTable-0-vhi"}]}
RESULT: {"script":"<script> [1562 bytes]","args":[{"selector":{"id":"application-managepartners-display-component---NewPartner--intercompVendorComboBox-application-managepartners-display-component---NewPartner--assignmentsTable-0-vhi"},"wdio_ui5_key":"applicationmanagepartners-display-component---NewPartner--intercompVendorComboBox-application-managepartners-display-component---NewPartner--assignmentsTable-0-vhi"}]}
RESULT: undefined
COMMAND: POST /session/c0d68b7606ff92619c2feb677724de84/element - {"using":"xpath","value":"//*[@id=\"application-managepartners-display-component---NewPartner--intercompVendorComboBox-application-managepartners-display-component---NewPartner--assignmentsTable-0-vhi\"]"}
RESULT: {"using":"xpath","value":"//*[@id=\"application-managepartners-display-component---NewPartner--intercompVendorComboBox-application-managepartners-display-component---NewPartner--assignmentsTable-0-vhi\"]"}
COMMAND: POST /session/c0d68b7606ff92619c2feb677724de84/element/f.107814B6E58839EE281E95FDA44A3A0A.d.71620E74F72C771841167512F2C05761.e.3594/click - {}
RESULT: {}
RESULT: undefined
COMMAND: POST /session/c0d68b7606ff92619c2feb677724de84/execute/async - {"script":"<script> [776 bytes]","args":[{"enterText":"100005","selector":{"controlType":"sap.m.SearchField","properties":{"placeholder":"Search"},"searchOpenDialogs":true,"interaction":{"idSuffix":"I"}},"clearTextFirst":true,"interactionType":"ENTER_TEXT"}]}
COMMAND: GET /session/c0d68b7606ff92619c2feb677724de84/screenshot - {}
RESULT: {"script":"<script> [776 bytes]","args":[{"enterText":"100005","selector":{"controlType":"sap.m.SearchField","properties":{"placeholder":"Search"},"searchOpenDialogs":true,"interaction":{"idSuffix":"I"}},"clearTextFirst":true,"interactionType":"ENTER_TEXT"}]}
COMMAND: POST /session/c0d68b7606ff92619c2feb677724de84/actions - {"actions":[{"id":"action14","type":"key","parameters":{},"actions":[{"type":"keyDown","value":"î€‡"},{"type":"pause","duration":10},{"type":"keyUp","value":"î€‡"}]}]}
RESULT: {}
RESULT: {"actions":[{"id":"action14","type":"key","parameters":{},"actions":[{"type":"keyDown","value":"î€‡"},{"type":"pause","duration":10},{"type":"keyUp","value":"î€‡"}]}]}
COMMAND: GET /session/c0d68b7606ff92619c2feb677724de84/screenshot - {}
RESULT: {}
COMMAND: POST /session/c0d68b7606ff92619c2feb677724de84/element - {"using":"xpath","value":"//span[contains(text(), \"Penguins - Field/12345 Berlin\")]"}
RESULT: {"using":"xpath","value":"//span[contains(text(), \"Penguins - Field/12345 Berlin\")]"}
COMMAND: POST /session/c0d68b7606ff92619c2feb677724de84/element/f.107814B6E58839EE281E95FDA44A3A0A.d.71620E74F72C771841167512F2C05761.e.3611/click - {}
RESULT: {}
COMMAND: GET /session/c0d68b7606ff92619c2feb677724de84/screenshot - {}
RESULT: {}
COMMAND: POST /session/c0d68b7606ff92619c2feb677724de84/element - {"using":"xpath","value":"//bdi[contains(text(), \"OK\")]"}
RESULT: {"using":"xpath","value":"//bdi[contains(text(), \"OK\")]"}
COMMAND: POST /session/c0d68b7606ff92619c2feb677724de84/element/f.107814B6E58839EE281E95FDA44A3A0A.d.71620E74F72C771841167512F2C05761.e.3612/click - {}
RESULT: {}
COMMAND: GET /session/c0d68b7606ff92619c2feb677724de84/screenshot - {}
RESULT: {}
COMMAND: POST /session/c0d68b7606ff92619c2feb677724de84/element - {"using":"xpath","value":"//button[@data-kt=\"saveButton\"]"}
RESULT: {"using":"xpath","value":"//button[@data-kt=\"saveButton\"]"}
COMMAND: POST /session/c0d68b7606ff92619c2feb677724de84/element/f.107814B6E58839EE281E95FDA44A3A0A.d.71620E74F72C771841167512F2C05761.e.3390/click - {}
RESULT: {}
COMMAND: GET /session/c0d68b7606ff92619c2feb677724de84/screenshot - {}
RESULT: {}
COMMAND: POST /session/c0d68b7606ff92619c2feb677724de84/element - {"using":"xpath","value":"//header[contains(@id, 'ObjectPageLayout-headerTitle')]/div[1]/div[2]/div[2]/span[1]"}
RESULT: {"using":"xpath","value":"//header[contains(@id, 'ObjectPageLayout-headerTitle')]/div[1]/div[2]/div[2]/span[1]"}
COMMAND: POST /session/c0d68b7606ff92619c2feb677724de84/elements - {"using":"xpath","value":"//header[contains(@id, 'ObjectPageLayout-headerTitle')]/div[1]/div[2]/div[2]/span[1]"}
RESULT: {"using":"xpath","value":"//header[contains(@id, 'ObjectPageLayout-headerTitle')]/div[1]/div[2]/div[2]/span[1]"}
COMMAND: POST /session/c0d68b7606ff92619c2feb677724de84/execute/sync - {"script":"<script> [56 bytes]","args":[{"element-6066-11e4-a52e-4f735466cecf":"f.107814B6E58839EE281E95FDA44A3A0A.d.71620E74F72C771841167512F2C05761.e.3777","ELEMENT":"f.107814B6E58839EE281E95FDA44A3A0A.d.71620E74F72C771841167512F2C05761.e.3777"}]}
RESULT: {"script":"<script> [56 bytes]","args":[{"element-6066-11e4-a52e-4f735466cecf":"f.107814B6E58839EE281E95FDA44A3A0A.d.71620E74F72C771841167512F2C05761.e.3777","ELEMENT":"f.107814B6E58839EE281E95FDA44A3A0A.d.71620E74F72C771841167512F2C05761.e.3777"}]}
COMMAND: POST /session/c0d68b7606ff92619c2feb677724de84/element - {"using":"css selector","value":"#shell-header-logo"}
COMMAND: GET /session/c0d68b7606ff92619c2feb677724de84/screenshot - {}
RESULT: {"using":"css selector","value":"#shell-header-logo"}
COMMAND: POST /session/c0d68b7606ff92619c2feb677724de84/element/f.107814B6E58839EE281E95FDA44A3A0A.d.71620E74F72C771841167512F2C05761.e.2994/click - {}
RESULT: {}
RESULT: {}
COMMAND: GET /session/c0d68b7606ff92619c2feb677724de84/screenshot - {}
RESULT: {}
COMMAND: POST /session/c0d68b7606ff92619c2feb677724de84/execute/sync - {"script":"<script> [299 bytes]","args":[["getModel","getResource"]]}
RESULT: {"script":"<script> [299 bytes]","args":[["getModel","getResource"]]}
]]></system-out>
    </testcase>
    <testcase classname="chrome.135_0_7049_96.windows.Edit_and_delete_daily_price_US134629_US134627" name="Should go into edit and delete all the rows that match the yard we have created for this scenario check if all rows deleted" time="12.943">
      <system-out><![CDATA[
COMMAND: POST /session/c0d68b7606ff92619c2feb677724de84/execute/async - {"script":"<script> [1562 bytes]","args":[{"selector":{"id":"application-manageconditionprice-display-component---dailyPrices--editBtn","interaction":{"idSuffix":"BDI-content"}},"wdio_ui5_key":"applicationmanageconditionprice-display-component---dailyPrices--editBtn"}]}
COMMAND: GET /session/c0d68b7606ff92619c2feb677724de84/screenshot - {}
RESULT: {"script":"<script> [1562 bytes]","args":[{"selector":{"id":"application-manageconditionprice-display-component---dailyPrices--editBtn","interaction":{"idSuffix":"BDI-content"}},"wdio_ui5_key":"applicationmanageconditionprice-display-component---dailyPrices--editBtn"}]}
RESULT: undefined
RESULT: {}
COMMAND: POST /session/c0d68b7606ff92619c2feb677724de84/elements - {"using":"css selector","value":"table tr"}
RESULT: {"using":"css selector","value":"table tr"}
COMMAND: POST /session/c0d68b7606ff92619c2feb677724de84/execute/async - {"script":"<script> [1562 bytes]","args":[{"selector":{"id":"application-manageconditionprice-display-component---dailyPrices--deleteBtn","interaction":{"idSuffix":"content"}},"wdio_ui5_key":"applicationmanageconditionprice-display-component---dailyPrices--deleteBtn"}]}
RESULT: {"script":"<script> [1562 bytes]","args":[{"selector":{"id":"application-manageconditionprice-display-component---dailyPrices--deleteBtn","interaction":{"idSuffix":"content"}},"wdio_ui5_key":"applicationmanageconditionprice-display-component---dailyPrices--deleteBtn"}]}
RESULT: undefined
COMMAND: POST /session/c0d68b7606ff92619c2feb677724de84/execute/async - {"script":"<script> [1562 bytes]","args":[{"selector":{"controlType":"sap.m.Button","properties":{"text":"OK"},"searchOpenDialogs":true,"interaction":{"idSuffix":"BDI-content"}},"wdio_ui5_key":"sapm.Button{\"text\":\"OK\"}"}]}
RESULT: {"script":"<script> [1562 bytes]","args":[{"selector":{"controlType":"sap.m.Button","properties":{"text":"OK"},"searchOpenDialogs":true,"interaction":{"idSuffix":"BDI-content"}},"wdio_ui5_key":"sapm.Button{\"text\":\"OK\"}"}]}
RESULT: undefined
COMMAND: POST /session/c0d68b7606ff92619c2feb677724de84/execute/async - {"script":"<script> [1562 bytes]","args":[{"selector":{"controlType":"sap.m.Button","viewName":"etm.portal.ui.manageconditionprice.view.DailyPrices","viewId":"application-manageconditionprice-display-component---dailyPrices","i18NText":{"propertyName":"tooltip","key":"save"},"interaction":{"idSuffix":"BDI-content"}},"wdio_ui5_key":"etmportal.ui.manageconditionprice.view.DailyPricessap.m.Button{\"propertyName\":\"tooltip\",\"key\":\"save\"}"}]}
RESULT: {"script":"<script> [1562 bytes]","args":[{"selector":{"controlType":"sap.m.Button","viewName":"etm.portal.ui.manageconditionprice.view.DailyPrices","viewId":"application-manageconditionprice-display-component---dailyPrices","i18NText":{"propertyName":"tooltip","key":"save"},"interaction":{"idSuffix":"BDI-content"}},"wdio_ui5_key":"etmportal.ui.manageconditionprice.view.DailyPricessap.m.Button{\"propertyName\":\"tooltip\",\"key\":\"save\"}"}]}
RESULT: undefined
COMMAND: POST /session/c0d68b7606ff92619c2feb677724de84/elements - {"using":"css selector","value":"table tr"}
RESULT: {"using":"css selector","value":"table tr"}
COMMAND: POST /session/c0d68b7606ff92619c2feb677724de84/element - {"using":"css selector","value":"#j_username"}
COMMAND: POST /session/c0d68b7606ff92619c2feb677724de84/url - {"url":"https://qa-testing-00-live-etm-ui.cfapps.eu10-004.hana.ondemand.com/"}
COMMAND: GET /session/c0d68b7606ff92619c2feb677724de84/screenshot - {}
RESULT: {"using":"css selector","value":"#j_username"}
COMMAND: POST /session/c0d68b7606ff92619c2feb677724de84/element - {"using":"css selector","value":"#j_username"}
RESULT: {"url":"https://qa-testing-00-live-etm-ui.cfapps.eu10-004.hana.ondemand.com/"}
RESULT: undefined
COMMAND: GET /session/c0d68b7606ff92619c2feb677724de84/screenshot - {}
RESULT: {}
RESULT: {"using":"css selector","value":"#j_username"}
COMMAND: POST /session/c0d68b7606ff92619c2feb677724de84/element - {"using":"css selector","value":"#shell-header-logo"}
RESULT: {}
RESULT: {"using":"css selector","value":"#shell-header-logo"}
COMMAND: POST /session/c0d68b7606ff92619c2feb677724de84/execute/sync - {"script":"<script> [8489 bytes]","args":[{"element-6066-11e4-a52e-4f735466cecf":"f.107814B6E58839EE281E95FDA44A3A0A.d.05AAE8A010D528585093AAE19029A062.e.4509","ELEMENT":"f.107814B6E58839EE281E95FDA44A3A0A.d.05AAE8A010D528585093AAE19029A062.e.4509"}]}
RESULT: {"script":"<script> [8489 bytes]","args":[{"element-6066-11e4-a52e-4f735466cecf":"f.107814B6E58839EE281E95FDA44A3A0A.d.05AAE8A010D528585093AAE19029A062.e.4509","ELEMENT":"f.107814B6E58839EE281E95FDA44A3A0A.d.05AAE8A010D528585093AAE19029A062.e.4509"}]}
COMMAND: POST /session/c0d68b7606ff92619c2feb677724de84/element - {"using":"css selector","value":"#shell-header-logo"}
COMMAND: GET /session/c0d68b7606ff92619c2feb677724de84/screenshot - {}
RESULT: {"using":"css selector","value":"#shell-header-logo"}
COMMAND: POST /session/c0d68b7606ff92619c2feb677724de84/execute/sync - {"script":"<script> [8489 bytes]","args":[{"element-6066-11e4-a52e-4f735466cecf":"f.107814B6E58839EE281E95FDA44A3A0A.d.05AAE8A010D528585093AAE19029A062.e.4509","ELEMENT":"f.107814B6E58839EE281E95FDA44A3A0A.d.05AAE8A010D528585093AAE19029A062.e.4509"}]}
RESULT: {}
RESULT: {"script":"<script> [8489 bytes]","args":[{"element-6066-11e4-a52e-4f735466cecf":"f.107814B6E58839EE281E95FDA44A3A0A.d.05AAE8A010D528585093AAE19029A062.e.4509","ELEMENT":"f.107814B6E58839EE281E95FDA44A3A0A.d.05AAE8A010D528585093AAE19029A062.e.4509"}]}
COMMAND: POST /session/c0d68b7606ff92619c2feb677724de84/execute/sync - {"script":"<script> [5351 bytes]","args":[{"element-6066-11e4-a52e-4f735466cecf":"f.107814B6E58839EE281E95FDA44A3A0A.d.05AAE8A010D528585093AAE19029A062.e.4509","ELEMENT":"f.107814B6E58839EE281E95FDA44A3A0A.d.05AAE8A010D528585093AAE19029A062.e.4509"}]}
COMMAND: GET /session/c0d68b7606ff92619c2feb677724de84/screenshot - {}
RESULT: {"script":"<script> [5351 bytes]","args":[{"element-6066-11e4-a52e-4f735466cecf":"f.107814B6E58839EE281E95FDA44A3A0A.d.05AAE8A010D528585093AAE19029A062.e.4509","ELEMENT":"f.107814B6E58839EE281E95FDA44A3A0A.d.05AAE8A010D528585093AAE19029A062.e.4509"}]}
COMMAND: POST /session/c0d68b7606ff92619c2feb677724de84/element - {"using":"css selector","value":"#shell-header-logo"}
COMMAND: GET /session/c0d68b7606ff92619c2feb677724de84/screenshot - {}
RESULT: {}
RESULT: {"using":"css selector","value":"#shell-header-logo"}
COMMAND: POST /session/c0d68b7606ff92619c2feb677724de84/element/f.107814B6E58839EE281E95FDA44A3A0A.d.05AAE8A010D528585093AAE19029A062.e.4509/click - {}
RESULT: {}
RESULT: {}
COMMAND: GET /session/c0d68b7606ff92619c2feb677724de84/screenshot - {}
RESULT: {}
COMMAND: POST /session/c0d68b7606ff92619c2feb677724de84/execute/async - {"script":"<script> [189 bytes]","args":[]}
RESULT: {"script":"<script> [189 bytes]","args":[]}
COMMAND: POST /session/c0d68b7606ff92619c2feb677724de84/execute/async - {"script":"<script> [123 bytes]","args":[]}
RESULT: {"script":"<script> [123 bytes]","args":[]}
COMMAND: POST /session/c0d68b7606ff92619c2feb677724de84/timeouts - {"script":"<number>"}
RESULT: {"script":"<number>"}
COMMAND: GET /session/c0d68b7606ff92619c2feb677724de84/timeouts - {}
RESULT: {}
RESULT: undefined
COMMAND: POST /session/c0d68b7606ff92619c2feb677724de84/execute/async - {"script":"<script> [2676 bytes]","args":[]}
RESULT: {"script":"<script> [2676 bytes]","args":[]}
COMMAND: POST /session/c0d68b7606ff92619c2feb677724de84/execute/async - {"script":"<script> [2342 bytes]","args":[{"protocol":"http","hostname":"0.0.0.0","path":"/","capabilities":{"browserName":"chrome","goog:chromeOptions":{"binary":"C:\\Program Files\\Google\\Chrome\\Application\\chrome.exe","args":["--start-maximized"]}},"logLevel":"warn","connectionRetryTimeout":120000,"connectionRetryCount":3,"logLevels":{},"enableDirectConnect":true,"strictSSL":true,"_":"65 more keys: [\"cacheDir\",\"port\",\"requestedCapabilities\",\"automationProtocol\",\"baseUrl\",\"waitforInterval\",\"waitforTimeout\",\"onReload\",\"beforeCommand\",\"afterCommand\",\"rootDir\",\"specs\",\"suites\",\"exclude\",\"groupLogsByTestSpec\",\"excludeDriverLogs\",\"bail\",\"framework\",\"reporters\",\"services\",\"maxInstances\",\"maxInstancesPerCapability\",\"injectGlobals\",\"filesToWatch\",\"execArgv\",\"runnerEnv\",\"runner\",\"shard\",\"specFileRetries\",\"specFileRetriesDelay\",\"specFileRetriesDeferred\",\"reporterSyncInterval\",\"reporterSyncTimeout\",\"cucumberFeaturesWithLineNumbers\",\"autoCompileOpts\",\"mochaOpts\",\"jasmineOpts\",\"cucumberOpts\",\"onPrepare\",\"onWorkerStart\",\"onWorkerEnd\",\"before\",\"beforeSession\",\"beforeSuite\",\"beforeHook\",\"beforeTest\",\"afterTest\",\"afterHook\",\"afterSuite\",\"afterSession\",\"after\",\"onComplete\",\"beforeAssertion\",\"afterAssertion\",\"beforeFeature\",\"beforeScenario\",\"beforeStep\",\"afterStep\",\"afterScenario\",\"afterFeature\",\"_\",\"suite\",\"$0\",\"ignoredWorkerServices\",\"wdi5\"]"}]}
RESULT: {"script":"<script> [2342 bytes]","args":[{"protocol":"http","hostname":"0.0.0.0","path":"/","capabilities":{"browserName":"chrome","goog:chromeOptions":{"binary":"C:\\Program Files\\Google\\Chrome\\Application\\chrome.exe","args":["--start-maximized"]}},"logLevel":"warn","connectionRetryTimeout":120000,"connectionRetryCount":3,"logLevels":{},"enableDirectConnect":true,"strictSSL":true,"_":"65 more keys: [\"cacheDir\",\"port\",\"requestedCapabilities\",\"automationProtocol\",\"baseUrl\",\"waitforInterval\",\"waitforTimeout\",\"onReload\",\"beforeCommand\",\"afterCommand\",\"rootDir\",\"specs\",\"suites\",\"exclude\",\"groupLogsByTestSpec\",\"excludeDriverLogs\",\"bail\",\"framework\",\"reporters\",\"services\",\"maxInstances\",\"maxInstancesPerCapability\",\"injectGlobals\",\"filesToWatch\",\"execArgv\",\"runnerEnv\",\"runner\",\"shard\",\"specFileRetries\",\"specFileRetriesDelay\",\"specFileRetriesDeferred\",\"reporterSyncInterval\",\"reporterSyncTimeout\",\"cucumberFeaturesWithLineNumbers\",\"autoCompileOpts\",\"mochaOpts\",\"jasmineOpts\",\"cucumberOpts\",\"onPrepare\",\"onWorkerStart\",\"onWorkerEnd\",\"before\",\"beforeSession\",\"beforeSuite\",\"beforeHook\",\"beforeTest\",\"afterTest\",\"afterHook\",\"afterSuite\",\"afterSession\",\"after\",\"onComplete\",\"beforeAssertion\",\"afterAssertion\",\"beforeFeature\",\"beforeScenario\",\"beforeStep\",\"afterStep\",\"afterScenario\",\"afterFeature\",\"_\",\"suite\",\"$0\",\"ignoredWorkerServices\",\"wdi5\"]"}]}
COMMAND: POST /session/c0d68b7606ff92619c2feb677724de84/execute/async - {"script":"<script> [21126 bytes]","args":[35000]}
RESULT: {"script":"<script> [21126 bytes]","args":[35000]}
COMMAND: POST /session/c0d68b7606ff92619c2feb677724de84/window/maximize - {}
RESULT: {}
COMMAND: POST /session/c0d68b7606ff92619c2feb677724de84/execute/async - {"script":"<script> [1562 bytes]","args":[{"selector":{"id":"shell-header","interaction":{"idSuffix":"icon"}},"wdio_ui5_key":"shellheader"}]}
COMMAND: GET /session/c0d68b7606ff92619c2feb677724de84/screenshot - {}
RESULT: {"script":"<script> [1562 bytes]","args":[{"selector":{"id":"shell-header","interaction":{"idSuffix":"icon"}},"wdio_ui5_key":"shellheader"}]}
RESULT: undefined
COMMAND: POST /session/c0d68b7606ff92619c2feb677724de84/refresh - {}
RESULT: {}
RESULT: {}
COMMAND: GET /session/c0d68b7606ff92619c2feb677724de84/screenshot - {}
RESULT: {}
COMMAND: POST /session/c0d68b7606ff92619c2feb677724de84/refresh - {}
RESULT: {}
COMMAND: GET /session/c0d68b7606ff92619c2feb677724de84/screenshot - {}
RESULT: {}
COMMAND: POST /session/c0d68b7606ff92619c2feb677724de84/window/fullscreen - {}
RESULT: {}
COMMAND: POST /session/c0d68b7606ff92619c2feb677724de84/execute/async - {"script":"<script> [189 bytes]","args":[]}
RESULT: {"script":"<script> [189 bytes]","args":[]}
COMMAND: POST /session/c0d68b7606ff92619c2feb677724de84/execute/async - {"script":"<script> [123 bytes]","args":[]}
RESULT: {"script":"<script> [123 bytes]","args":[]}
COMMAND: POST /session/c0d68b7606ff92619c2feb677724de84/timeouts - {"script":"<number>"}
RESULT: {"script":"<number>"}
COMMAND: GET /session/c0d68b7606ff92619c2feb677724de84/timeouts - {}
RESULT: {}
RESULT: undefined
COMMAND: POST /session/c0d68b7606ff92619c2feb677724de84/execute/async - {"script":"<script> [2676 bytes]","args":[]}
RESULT: {"script":"<script> [2676 bytes]","args":[]}
COMMAND: POST /session/c0d68b7606ff92619c2feb677724de84/execute/async - {"script":"<script> [2342 bytes]","args":[{"protocol":"http","hostname":"0.0.0.0","path":"/","capabilities":{"browserName":"chrome","goog:chromeOptions":{"binary":"C:\\Program Files\\Google\\Chrome\\Application\\chrome.exe","args":["--start-maximized"]}},"logLevel":"warn","connectionRetryTimeout":120000,"connectionRetryCount":3,"logLevels":{},"enableDirectConnect":true,"strictSSL":true,"_":"65 more keys: [\"cacheDir\",\"port\",\"requestedCapabilities\",\"automationProtocol\",\"baseUrl\",\"waitforInterval\",\"waitforTimeout\",\"onReload\",\"beforeCommand\",\"afterCommand\",\"rootDir\",\"specs\",\"suites\",\"exclude\",\"groupLogsByTestSpec\",\"excludeDriverLogs\",\"bail\",\"framework\",\"reporters\",\"services\",\"maxInstances\",\"maxInstancesPerCapability\",\"injectGlobals\",\"filesToWatch\",\"execArgv\",\"runnerEnv\",\"runner\",\"shard\",\"specFileRetries\",\"specFileRetriesDelay\",\"specFileRetriesDeferred\",\"reporterSyncInterval\",\"reporterSyncTimeout\",\"cucumberFeaturesWithLineNumbers\",\"autoCompileOpts\",\"mochaOpts\",\"jasmineOpts\",\"cucumberOpts\",\"onPrepare\",\"onWorkerStart\",\"onWorkerEnd\",\"before\",\"beforeSession\",\"beforeSuite\",\"beforeHook\",\"beforeTest\",\"afterTest\",\"afterHook\",\"afterSuite\",\"afterSession\",\"after\",\"onComplete\",\"beforeAssertion\",\"afterAssertion\",\"beforeFeature\",\"beforeScenario\",\"beforeStep\",\"afterStep\",\"afterScenario\",\"afterFeature\",\"_\",\"suite\",\"$0\",\"ignoredWorkerServices\",\"wdi5\"]"}]}
RESULT: {"script":"<script> [2342 bytes]","args":[{"protocol":"http","hostname":"0.0.0.0","path":"/","capabilities":{"browserName":"chrome","goog:chromeOptions":{"binary":"C:\\Program Files\\Google\\Chrome\\Application\\chrome.exe","args":["--start-maximized"]}},"logLevel":"warn","connectionRetryTimeout":120000,"connectionRetryCount":3,"logLevels":{},"enableDirectConnect":true,"strictSSL":true,"_":"65 more keys: [\"cacheDir\",\"port\",\"requestedCapabilities\",\"automationProtocol\",\"baseUrl\",\"waitforInterval\",\"waitforTimeout\",\"onReload\",\"beforeCommand\",\"afterCommand\",\"rootDir\",\"specs\",\"suites\",\"exclude\",\"groupLogsByTestSpec\",\"excludeDriverLogs\",\"bail\",\"framework\",\"reporters\",\"services\",\"maxInstances\",\"maxInstancesPerCapability\",\"injectGlobals\",\"filesToWatch\",\"execArgv\",\"runnerEnv\",\"runner\",\"shard\",\"specFileRetries\",\"specFileRetriesDelay\",\"specFileRetriesDeferred\",\"reporterSyncInterval\",\"reporterSyncTimeout\",\"cucumberFeaturesWithLineNumbers\",\"autoCompileOpts\",\"mochaOpts\",\"jasmineOpts\",\"cucumberOpts\",\"onPrepare\",\"onWorkerStart\",\"onWorkerEnd\",\"before\",\"beforeSession\",\"beforeSuite\",\"beforeHook\",\"beforeTest\",\"afterTest\",\"afterHook\",\"afterSuite\",\"afterSession\",\"after\",\"onComplete\",\"beforeAssertion\",\"afterAssertion\",\"beforeFeature\",\"beforeScenario\",\"beforeStep\",\"afterStep\",\"afterScenario\",\"afterFeature\",\"_\",\"suite\",\"$0\",\"ignoredWorkerServices\",\"wdi5\"]"}]}
COMMAND: POST /session/c0d68b7606ff92619c2feb677724de84/execute/async - {"script":"<script> [21126 bytes]","args":[35000]}
RESULT: {"script":"<script> [21126 bytes]","args":[35000]}
]]></system-out>
    </testcase>
  </testsuite>
  <testsuite timestamp="2025-05-05T17:12:10" time="515.59" tests="9" failures="0" errors="0" skipped="0">
    <properties>
      <property name="specId" value="0" />
      <property name="suiteName" value="US134625 Set up price condition - one time" />
      <property name="capabilities" value="chrome.135_0_7049_96.windows" />
      <property name="file" value="file:///D:/a/1/s/test/specs/BTS/set-up-price-condition-one-time.spec.js" />
    </properties>
    <testcase classname="chrome.135_0_7049_96.windows.US134625_Set_up_price_condition_-_one_time" name="Should create a new yard used for all following tests" time="0.013">
      <system-out><![CDATA[
COMMAND: POST /session/c0d68b7606ff92619c2feb677724de84/window/fullscreen - {}
RESULT: {}
]]></system-out>
    </testcase>
    <testcase classname="chrome.135_0_7049_96.windows.US134625_Set_up_price_condition_-_one_time" name="Should create a new partner" time="0.004" />
    <testcase classname="chrome.135_0_7049_96.windows.US134625_Set_up_price_condition_-_one_time" name="Should create a new site used for following tests" time="103.198">
      <system-out><![CDATA[
COMMAND: POST /session/c0d68b7606ff92619c2feb677724de84/execute/async - {"script":"<script> [1562 bytes]","args":[{"selector":{"controlType":"sap.m.TileContent","bindingPath":{"path":"","propertyPath":"/properties/info"},"ancestor":{"controlType":"sap.m.GenericTile","properties":{"header":"Manage Sites"}}},"wdio_ui5_key":"sapm.TileContent{\"path\":\"\",\"propertyPath\":\"/properties/info\"}{\"controlType\":\"sap.m.GenericTile\",\"properties\":{\"header\":\"Manage Sites\"}}"}]}
RESULT: {"script":"<script> [1562 bytes]","args":[{"selector":{"controlType":"sap.m.TileContent","bindingPath":{"path":"","propertyPath":"/properties/info"},"ancestor":{"controlType":"sap.m.GenericTile","properties":{"header":"Manage Sites"}}},"wdio_ui5_key":"sapm.TileContent{\"path\":\"\",\"propertyPath\":\"/properties/info\"}{\"controlType\":\"sap.m.GenericTile\",\"properties\":{\"header\":\"Manage Sites\"}}"}]}
RESULT: undefined
COMMAND: POST /session/c0d68b7606ff92619c2feb677724de84/element - {"using":"xpath","value":"//*[@id=\"__xmlview7--numericTileContent\"]"}
RESULT: {"using":"xpath","value":"//*[@id=\"__xmlview7--numericTileContent\"]"}
COMMAND: POST /session/c0d68b7606ff92619c2feb677724de84/element/f.107814B6E58839EE281E95FDA44A3A0A.d.6B32A2C36FAD41860C7F30D318244F96.e.4775/click - {}
RESULT: {}
COMMAND: POST /session/c0d68b7606ff92619c2feb677724de84/element - {"using":"xpath","value":"//button[@data-kt=\"addOverflowToolbarButton\"]"}
COMMAND: GET /session/c0d68b7606ff92619c2feb677724de84/screenshot - {}
RESULT: {"using":"xpath","value":"//button[@data-kt=\"addOverflowToolbarButton\"]"}
COMMAND: POST /session/c0d68b7606ff92619c2feb677724de84/elements - {"using":"xpath","value":"//button[@data-kt=\"addOverflowToolbarButton\"]"}
RESULT: {}
RESULT: {"using":"xpath","value":"//button[@data-kt=\"addOverflowToolbarButton\"]"}
COMMAND: POST /session/c0d68b7606ff92619c2feb677724de84/elements - {"using":"xpath","value":"//button[@data-kt=\"addOverflowToolbarButton\"]"}
RESULT: {"using":"xpath","value":"//button[@data-kt=\"addOverflowToolbarButton\"]"}
COMMAND: POST /session/c0d68b7606ff92619c2feb677724de84/elements - {"using":"xpath","value":"//button[@data-kt=\"addOverflowToolbarButton\"]"}
RESULT: {"using":"xpath","value":"//button[@data-kt=\"addOverflowToolbarButton\"]"}
COMMAND: POST /session/c0d68b7606ff92619c2feb677724de84/elements - {"using":"xpath","value":"//button[@data-kt=\"addOverflowToolbarButton\"]"}
RESULT: {"using":"xpath","value":"//button[@data-kt=\"addOverflowToolbarButton\"]"}
COMMAND: POST /session/c0d68b7606ff92619c2feb677724de84/elements - {"using":"xpath","value":"//button[@data-kt=\"addOverflowToolbarButton\"]"}
RESULT: {"using":"xpath","value":"//button[@data-kt=\"addOverflowToolbarButton\"]"}
COMMAND: POST /session/c0d68b7606ff92619c2feb677724de84/elements - {"using":"xpath","value":"//button[@data-kt=\"addOverflowToolbarButton\"]"}
RESULT: {"using":"xpath","value":"//button[@data-kt=\"addOverflowToolbarButton\"]"}
COMMAND: POST /session/c0d68b7606ff92619c2feb677724de84/elements - {"using":"xpath","value":"//button[@data-kt=\"addOverflowToolbarButton\"]"}
RESULT: {"using":"xpath","value":"//button[@data-kt=\"addOverflowToolbarButton\"]"}
COMMAND: POST /session/c0d68b7606ff92619c2feb677724de84/elements - {"using":"xpath","value":"//button[@data-kt=\"addOverflowToolbarButton\"]"}
RESULT: {"using":"xpath","value":"//button[@data-kt=\"addOverflowToolbarButton\"]"}
COMMAND: POST /session/c0d68b7606ff92619c2feb677724de84/elements - {"using":"xpath","value":"//button[@data-kt=\"addOverflowToolbarButton\"]"}
RESULT: {"using":"xpath","value":"//button[@data-kt=\"addOverflowToolbarButton\"]"}
COMMAND: POST /session/c0d68b7606ff92619c2feb677724de84/elements - {"using":"xpath","value":"//button[@data-kt=\"addOverflowToolbarButton\"]"}
RESULT: {"using":"xpath","value":"//button[@data-kt=\"addOverflowToolbarButton\"]"}
COMMAND: POST /session/c0d68b7606ff92619c2feb677724de84/elements - {"using":"xpath","value":"//button[@data-kt=\"addOverflowToolbarButton\"]"}
RESULT: {"using":"xpath","value":"//button[@data-kt=\"addOverflowToolbarButton\"]"}
COMMAND: POST /session/c0d68b7606ff92619c2feb677724de84/elements - {"using":"xpath","value":"//button[@data-kt=\"addOverflowToolbarButton\"]"}
RESULT: {"using":"xpath","value":"//button[@data-kt=\"addOverflowToolbarButton\"]"}
COMMAND: POST /session/c0d68b7606ff92619c2feb677724de84/elements - {"using":"xpath","value":"//button[@data-kt=\"addOverflowToolbarButton\"]"}
RESULT: {"using":"xpath","value":"//button[@data-kt=\"addOverflowToolbarButton\"]"}
COMMAND: POST /session/c0d68b7606ff92619c2feb677724de84/elements - {"using":"xpath","value":"//button[@data-kt=\"addOverflowToolbarButton\"]"}
RESULT: {"using":"xpath","value":"//button[@data-kt=\"addOverflowToolbarButton\"]"}
COMMAND: POST /session/c0d68b7606ff92619c2feb677724de84/elements - {"using":"xpath","value":"//button[@data-kt=\"addOverflowToolbarButton\"]"}
RESULT: {"using":"xpath","value":"//button[@data-kt=\"addOverflowToolbarButton\"]"}
COMMAND: POST /session/c0d68b7606ff92619c2feb677724de84/elements - {"using":"xpath","value":"//button[@data-kt=\"addOverflowToolbarButton\"]"}
RESULT: {"using":"xpath","value":"//button[@data-kt=\"addOverflowToolbarButton\"]"}
COMMAND: POST /session/c0d68b7606ff92619c2feb677724de84/elements - {"using":"xpath","value":"//button[@data-kt=\"addOverflowToolbarButton\"]"}
RESULT: {"using":"xpath","value":"//button[@data-kt=\"addOverflowToolbarButton\"]"}
COMMAND: POST /session/c0d68b7606ff92619c2feb677724de84/elements - {"using":"xpath","value":"//button[@data-kt=\"addOverflowToolbarButton\"]"}
RESULT: {"using":"xpath","value":"//button[@data-kt=\"addOverflowToolbarButton\"]"}
COMMAND: POST /session/c0d68b7606ff92619c2feb677724de84/elements - {"using":"xpath","value":"//button[@data-kt=\"addOverflowToolbarButton\"]"}
RESULT: {"using":"xpath","value":"//button[@data-kt=\"addOverflowToolbarButton\"]"}
COMMAND: POST /session/c0d68b7606ff92619c2feb677724de84/elements - {"using":"xpath","value":"//button[@data-kt=\"addOverflowToolbarButton\"]"}
RESULT: {"using":"xpath","value":"//button[@data-kt=\"addOverflowToolbarButton\"]"}
COMMAND: POST /session/c0d68b7606ff92619c2feb677724de84/elements - {"using":"xpath","value":"//button[@data-kt=\"addOverflowToolbarButton\"]"}
RESULT: {"using":"xpath","value":"//button[@data-kt=\"addOverflowToolbarButton\"]"}
COMMAND: POST /session/c0d68b7606ff92619c2feb677724de84/elements - {"using":"xpath","value":"//button[@data-kt=\"addOverflowToolbarButton\"]"}
RESULT: {"using":"xpath","value":"//button[@data-kt=\"addOverflowToolbarButton\"]"}
COMMAND: POST /session/c0d68b7606ff92619c2feb677724de84/elements - {"using":"xpath","value":"//button[@data-kt=\"addOverflowToolbarButton\"]"}
RESULT: {"using":"xpath","value":"//button[@data-kt=\"addOverflowToolbarButton\"]"}
COMMAND: POST /session/c0d68b7606ff92619c2feb677724de84/elements - {"using":"xpath","value":"//button[@data-kt=\"addOverflowToolbarButton\"]"}
RESULT: {"using":"xpath","value":"//button[@data-kt=\"addOverflowToolbarButton\"]"}
COMMAND: POST /session/c0d68b7606ff92619c2feb677724de84/elements - {"using":"xpath","value":"//button[@data-kt=\"addOverflowToolbarButton\"]"}
RESULT: {"using":"xpath","value":"//button[@data-kt=\"addOverflowToolbarButton\"]"}
COMMAND: POST /session/c0d68b7606ff92619c2feb677724de84/elements - {"using":"xpath","value":"//button[@data-kt=\"addOverflowToolbarButton\"]"}
RESULT: {"using":"xpath","value":"//button[@data-kt=\"addOverflowToolbarButton\"]"}
COMMAND: POST /session/c0d68b7606ff92619c2feb677724de84/elements - {"using":"xpath","value":"//button[@data-kt=\"addOverflowToolbarButton\"]"}
RESULT: {"using":"xpath","value":"//button[@data-kt=\"addOverflowToolbarButton\"]"}
COMMAND: POST /session/c0d68b7606ff92619c2feb677724de84/elements - {"using":"xpath","value":"//button[@data-kt=\"addOverflowToolbarButton\"]"}
RESULT: {"using":"xpath","value":"//button[@data-kt=\"addOverflowToolbarButton\"]"}
COMMAND: POST /session/c0d68b7606ff92619c2feb677724de84/elements - {"using":"xpath","value":"//button[@data-kt=\"addOverflowToolbarButton\"]"}
RESULT: {"using":"xpath","value":"//button[@data-kt=\"addOverflowToolbarButton\"]"}
COMMAND: POST /session/c0d68b7606ff92619c2feb677724de84/elements - {"using":"xpath","value":"//button[@data-kt=\"addOverflowToolbarButton\"]"}
RESULT: {"using":"xpath","value":"//button[@data-kt=\"addOverflowToolbarButton\"]"}
COMMAND: POST /session/c0d68b7606ff92619c2feb677724de84/elements - {"using":"xpath","value":"//button[@data-kt=\"addOverflowToolbarButton\"]"}
RESULT: {"using":"xpath","value":"//button[@data-kt=\"addOverflowToolbarButton\"]"}
COMMAND: POST /session/c0d68b7606ff92619c2feb677724de84/elements - {"using":"xpath","value":"//button[@data-kt=\"addOverflowToolbarButton\"]"}
RESULT: {"using":"xpath","value":"//button[@data-kt=\"addOverflowToolbarButton\"]"}
COMMAND: POST /session/c0d68b7606ff92619c2feb677724de84/elements - {"using":"xpath","value":"//button[@data-kt=\"addOverflowToolbarButton\"]"}
RESULT: {"using":"xpath","value":"//button[@data-kt=\"addOverflowToolbarButton\"]"}
COMMAND: POST /session/c0d68b7606ff92619c2feb677724de84/elements - {"using":"xpath","value":"//button[@data-kt=\"addOverflowToolbarButton\"]"}
RESULT: {"using":"xpath","value":"//button[@data-kt=\"addOverflowToolbarButton\"]"}
COMMAND: POST /session/c0d68b7606ff92619c2feb677724de84/elements - {"using":"xpath","value":"//button[@data-kt=\"addOverflowToolbarButton\"]"}
RESULT: {"using":"xpath","value":"//button[@data-kt=\"addOverflowToolbarButton\"]"}
COMMAND: POST /session/c0d68b7606ff92619c2feb677724de84/elements - {"using":"xpath","value":"//button[@data-kt=\"addOverflowToolbarButton\"]"}
RESULT: {"using":"xpath","value":"//button[@data-kt=\"addOverflowToolbarButton\"]"}
COMMAND: POST /session/c0d68b7606ff92619c2feb677724de84/elements - {"using":"xpath","value":"//button[@data-kt=\"addOverflowToolbarButton\"]"}
RESULT: {"using":"xpath","value":"//button[@data-kt=\"addOverflowToolbarButton\"]"}
COMMAND: POST /session/c0d68b7606ff92619c2feb677724de84/elements - {"using":"xpath","value":"//button[@data-kt=\"addOverflowToolbarButton\"]"}
RESULT: {"using":"xpath","value":"//button[@data-kt=\"addOverflowToolbarButton\"]"}
COMMAND: POST /session/c0d68b7606ff92619c2feb677724de84/elements - {"using":"xpath","value":"//button[@data-kt=\"addOverflowToolbarButton\"]"}
RESULT: {"using":"xpath","value":"//button[@data-kt=\"addOverflowToolbarButton\"]"}
COMMAND: POST /session/c0d68b7606ff92619c2feb677724de84/elements - {"using":"xpath","value":"//button[@data-kt=\"addOverflowToolbarButton\"]"}
RESULT: {"using":"xpath","value":"//button[@data-kt=\"addOverflowToolbarButton\"]"}
COMMAND: POST /session/c0d68b7606ff92619c2feb677724de84/elements - {"using":"xpath","value":"//button[@data-kt=\"addOverflowToolbarButton\"]"}
RESULT: {"using":"xpath","value":"//button[@data-kt=\"addOverflowToolbarButton\"]"}
COMMAND: POST /session/c0d68b7606ff92619c2feb677724de84/elements - {"using":"xpath","value":"//button[@data-kt=\"addOverflowToolbarButton\"]"}
RESULT: {"using":"xpath","value":"//button[@data-kt=\"addOverflowToolbarButton\"]"}
COMMAND: POST /session/c0d68b7606ff92619c2feb677724de84/elements - {"using":"xpath","value":"//button[@data-kt=\"addOverflowToolbarButton\"]"}
RESULT: {"using":"xpath","value":"//button[@data-kt=\"addOverflowToolbarButton\"]"}
COMMAND: POST /session/c0d68b7606ff92619c2feb677724de84/elements - {"using":"xpath","value":"//button[@data-kt=\"addOverflowToolbarButton\"]"}
RESULT: {"using":"xpath","value":"//button[@data-kt=\"addOverflowToolbarButton\"]"}
COMMAND: POST /session/c0d68b7606ff92619c2feb677724de84/element - {"using":"xpath","value":"//button[@data-kt=\"addOverflowToolbarButton\"]"}
RESULT: {"using":"xpath","value":"//button[@data-kt=\"addOverflowToolbarButton\"]"}
COMMAND: POST /session/c0d68b7606ff92619c2feb677724de84/execute/sync - {"script":"<script> [8489 bytes]","args":[{"element-6066-11e4-a52e-4f735466cecf":"f.107814B6E58839EE281E95FDA44A3A0A.d.6B32A2C36FAD41860C7F30D318244F96.e.4809","ELEMENT":"f.107814B6E58839EE281E95FDA44A3A0A.d.6B32A2C36FAD41860C7F30D318244F96.e.4809"}]}
RESULT: {"script":"<script> [8489 bytes]","args":[{"element-6066-11e4-a52e-4f735466cecf":"f.107814B6E58839EE281E95FDA44A3A0A.d.6B32A2C36FAD41860C7F30D318244F96.e.4809","ELEMENT":"f.107814B6E58839EE281E95FDA44A3A0A.d.6B32A2C36FAD41860C7F30D318244F96.e.4809"}]}
COMMAND: GET /session/c0d68b7606ff92619c2feb677724de84/element/f.107814B6E58839EE281E95FDA44A3A0A.d.6B32A2C36FAD41860C7F30D318244F96.e.4809/enabled - {}
COMMAND: GET /session/c0d68b7606ff92619c2feb677724de84/screenshot - {}
RESULT: {}
COMMAND: POST /session/c0d68b7606ff92619c2feb677724de84/execute/sync - {"script":"<script> [8489 bytes]","args":[{"element-6066-11e4-a52e-4f735466cecf":"f.107814B6E58839EE281E95FDA44A3A0A.d.6B32A2C36FAD41860C7F30D318244F96.e.4809","ELEMENT":"f.107814B6E58839EE281E95FDA44A3A0A.d.6B32A2C36FAD41860C7F30D318244F96.e.4809"}]}
COMMAND: GET /session/c0d68b7606ff92619c2feb677724de84/screenshot - {}
RESULT: {}
RESULT: {"script":"<script> [8489 bytes]","args":[{"element-6066-11e4-a52e-4f735466cecf":"f.107814B6E58839EE281E95FDA44A3A0A.d.6B32A2C36FAD41860C7F30D318244F96.e.4809","ELEMENT":"f.107814B6E58839EE281E95FDA44A3A0A.d.6B32A2C36FAD41860C7F30D318244F96.e.4809"}]}
COMMAND: POST /session/c0d68b7606ff92619c2feb677724de84/execute/sync - {"script":"<script> [5351 bytes]","args":[{"element-6066-11e4-a52e-4f735466cecf":"f.107814B6E58839EE281E95FDA44A3A0A.d.6B32A2C36FAD41860C7F30D318244F96.e.4809","ELEMENT":"f.107814B6E58839EE281E95FDA44A3A0A.d.6B32A2C36FAD41860C7F30D318244F96.e.4809"}]}
COMMAND: GET /session/c0d68b7606ff92619c2feb677724de84/screenshot - {}
RESULT: {}
RESULT: {"script":"<script> [5351 bytes]","args":[{"element-6066-11e4-a52e-4f735466cecf":"f.107814B6E58839EE281E95FDA44A3A0A.d.6B32A2C36FAD41860C7F30D318244F96.e.4809","ELEMENT":"f.107814B6E58839EE281E95FDA44A3A0A.d.6B32A2C36FAD41860C7F30D318244F96.e.4809"}]}
COMMAND: POST /session/c0d68b7606ff92619c2feb677724de84/element/f.107814B6E58839EE281E95FDA44A3A0A.d.6B32A2C36FAD41860C7F30D318244F96.e.4809/click - {}
COMMAND: GET /session/c0d68b7606ff92619c2feb677724de84/screenshot - {}
RESULT: {}
RESULT: {}
COMMAND: GET /session/c0d68b7606ff92619c2feb677724de84/screenshot - {}
RESULT: {}
COMMAND: POST /session/c0d68b7606ff92619c2feb677724de84/execute/async - {"script":"<script> [1562 bytes]","args":[{"selector":{"id":"application-managesites-display-component---NewSite--addressDetailDetailsName1","interaction":{"idSuffix":"inner"}},"wdio_ui5_key":"applicationmanagesites-display-component---NewSite--addressDetailDetailsName1"}]}
RESULT: {}
RESULT: {"script":"<script> [1562 bytes]","args":[{"selector":{"id":"application-managesites-display-component---NewSite--addressDetailDetailsName1","interaction":{"idSuffix":"inner"}},"wdio_ui5_key":"applicationmanagesites-display-component---NewSite--addressDetailDetailsName1"}]}
RESULT: undefined
COMMAND: POST /session/c0d68b7606ff92619c2feb677724de84/execute/async - {"script":"<script> [776 bytes]","args":[{"enterText":"DailyPrice WDIO","selector":{"id":"application-managesites-display-component---NewSite--addressDetailDetailsName1","interaction":{"idSuffix":"inner"}},"clearTextFirst":true,"interactionType":"ENTER_TEXT"}]}
RESULT: {"script":"<script> [776 bytes]","args":[{"enterText":"DailyPrice WDIO","selector":{"id":"application-managesites-display-component---NewSite--addressDetailDetailsName1","interaction":{"idSuffix":"inner"}},"clearTextFirst":true,"interactionType":"ENTER_TEXT"}]}
COMMAND: POST /session/c0d68b7606ff92619c2feb677724de84/execute/async - {"script":"<script> [1562 bytes]","args":[{"selector":{"id":"application-managesites-display-component---NewSite--addressDetailDetailsLanguage-arrow"},"wdio_ui5_key":"applicationmanagesites-display-component---NewSite--addressDetailDetailsLanguage-arrow"}]}
RESULT: {"script":"<script> [1562 bytes]","args":[{"selector":{"id":"application-managesites-display-component---NewSite--addressDetailDetailsLanguage-arrow"},"wdio_ui5_key":"applicationmanagesites-display-component---NewSite--addressDetailDetailsLanguage-arrow"}]}
RESULT: undefined
COMMAND: POST /session/c0d68b7606ff92619c2feb677724de84/element - {"using":"xpath","value":"//*[@id=\"application-managesites-display-component---NewSite--addressDetailDetailsLanguage-arrow\"]"}
RESULT: {"using":"xpath","value":"//*[@id=\"application-managesites-display-component---NewSite--addressDetailDetailsLanguage-arrow\"]"}
COMMAND: POST /session/c0d68b7606ff92619c2feb677724de84/element/f.107814B6E58839EE281E95FDA44A3A0A.d.6B32A2C36FAD41860C7F30D318244F96.e.5207/click - {}
RESULT: {}
COMMAND: POST /session/c0d68b7606ff92619c2feb677724de84/element - {"using":"xpath","value":"//span[contains(text(), \"English\")]"}
COMMAND: GET /session/c0d68b7606ff92619c2feb677724de84/screenshot - {}
RESULT: {"using":"xpath","value":"//span[contains(text(), \"English\")]"}
COMMAND: POST /session/c0d68b7606ff92619c2feb677724de84/element/f.107814B6E58839EE281E95FDA44A3A0A.d.6B32A2C36FAD41860C7F30D318244F96.e.5208/click - {}
RESULT: {}
RESULT: {}
COMMAND: POST /session/c0d68b7606ff92619c2feb677724de84/execute/async - {"script":"<script> [1562 bytes]","args":[{"selector":{"id":"application-managesites-display-component---NewSite--addressDetailDetailsCity1","interaction":{"idSuffix":"inner"}},"wdio_ui5_key":"applicationmanagesites-display-component---NewSite--addressDetailDetailsCity1"}]}
COMMAND: GET /session/c0d68b7606ff92619c2feb677724de84/screenshot - {}
RESULT: {"script":"<script> [1562 bytes]","args":[{"selector":{"id":"application-managesites-display-component---NewSite--addressDetailDetailsCity1","interaction":{"idSuffix":"inner"}},"wdio_ui5_key":"applicationmanagesites-display-component---NewSite--addressDetailDetailsCity1"}]}
RESULT: undefined
COMMAND: POST /session/c0d68b7606ff92619c2feb677724de84/execute/async - {"script":"<script> [776 bytes]","args":[{"enterText":"Rosario","selector":{"id":"application-managesites-display-component---NewSite--addressDetailDetailsCity1","interaction":{"idSuffix":"inner"}},"clearTextFirst":true,"interactionType":"ENTER_TEXT"}]}
RESULT: {}
RESULT: {"script":"<script> [776 bytes]","args":[{"enterText":"Rosario","selector":{"id":"application-managesites-display-component---NewSite--addressDetailDetailsCity1","interaction":{"idSuffix":"inner"}},"clearTextFirst":true,"interactionType":"ENTER_TEXT"}]}
COMMAND: POST /session/c0d68b7606ff92619c2feb677724de84/execute/async - {"script":"<script> [1562 bytes]","args":[{"selector":{"id":"application-managesites-display-component---NewSite--addressDetailDetailsCountry-arrow"},"wdio_ui5_key":"applicationmanagesites-display-component---NewSite--addressDetailDetailsCountry-arrow"}]}
RESULT: {"script":"<script> [1562 bytes]","args":[{"selector":{"id":"application-managesites-display-component---NewSite--addressDetailDetailsCountry-arrow"},"wdio_ui5_key":"applicationmanagesites-display-component---NewSite--addressDetailDetailsCountry-arrow"}]}
RESULT: undefined
COMMAND: POST /session/c0d68b7606ff92619c2feb677724de84/element - {"using":"xpath","value":"//*[@id=\"application-managesites-display-component---NewSite--addressDetailDetailsCountry-arrow\"]"}
RESULT: {"using":"xpath","value":"//*[@id=\"application-managesites-display-component---NewSite--addressDetailDetailsCountry-arrow\"]"}
COMMAND: POST /session/c0d68b7606ff92619c2feb677724de84/element/f.107814B6E58839EE281E95FDA44A3A0A.d.6B32A2C36FAD41860C7F30D318244F96.e.5210/click - {}
RESULT: {}
COMMAND: POST /session/c0d68b7606ff92619c2feb677724de84/element - {"using":"xpath","value":"//span[contains(text(), \"Argentina\")]"}
COMMAND: GET /session/c0d68b7606ff92619c2feb677724de84/screenshot - {}
RESULT: {"using":"xpath","value":"//span[contains(text(), \"Argentina\")]"}
COMMAND: POST /session/c0d68b7606ff92619c2feb677724de84/element/f.107814B6E58839EE281E95FDA44A3A0A.d.6B32A2C36FAD41860C7F30D318244F96.e.5211/click - {}
RESULT: {}
RESULT: {}
COMMAND: GET /session/c0d68b7606ff92619c2feb677724de84/screenshot - {}
RESULT: {}
COMMAND: POST /session/c0d68b7606ff92619c2feb677724de84/execute/async - {"script":"<script> [1562 bytes]","args":[{"selector":{"id":"application-managesites-display-component---NewSite--addressEditDetailsCostObjectCstType-arrow"},"wdio_ui5_key":"applicationmanagesites-display-component---NewSite--addressEditDetailsCostObjectCstType-arrow"}]}
RESULT: {"script":"<script> [1562 bytes]","args":[{"selector":{"id":"application-managesites-display-component---NewSite--addressEditDetailsCostObjectCstType-arrow"},"wdio_ui5_key":"applicationmanagesites-display-component---NewSite--addressEditDetailsCostObjectCstType-arrow"}]}
RESULT: undefined
COMMAND: POST /session/c0d68b7606ff92619c2feb677724de84/element - {"using":"xpath","value":"//*[@id=\"application-managesites-display-component---NewSite--addressEditDetailsCostObjectCstType-arrow\"]"}
RESULT: {"using":"xpath","value":"//*[@id=\"application-managesites-display-component---NewSite--addressEditDetailsCostObjectCstType-arrow\"]"}
COMMAND: POST /session/c0d68b7606ff92619c2feb677724de84/element/f.107814B6E58839EE281E95FDA44A3A0A.d.6B32A2C36FAD41860C7F30D318244F96.e.5213/click - {}
RESULT: {}
COMMAND: POST /session/c0d68b7606ff92619c2feb677724de84/element - {"using":"xpath","value":"//span[contains(text(), \"Cost Center\")]"}
COMMAND: GET /session/c0d68b7606ff92619c2feb677724de84/screenshot - {}
RESULT: {"using":"xpath","value":"//span[contains(text(), \"Cost Center\")]"}
COMMAND: POST /session/c0d68b7606ff92619c2feb677724de84/element/f.107814B6E58839EE281E95FDA44A3A0A.d.6B32A2C36FAD41860C7F30D318244F96.e.5214/click - {}
RESULT: {}
RESULT: {}
COMMAND: GET /session/c0d68b7606ff92619c2feb677724de84/screenshot - {}
RESULT: {}
COMMAND: POST /session/c0d68b7606ff92619c2feb677724de84/element - {"using":"xpath","value":"//span[@id=\"application-managesites-display-component---NewSite--addressNewCostObjectCstID-vhi\"]"}
RESULT: {"using":"xpath","value":"//span[@id=\"application-managesites-display-component---NewSite--addressNewCostObjectCstID-vhi\"]"}
COMMAND: POST /session/c0d68b7606ff92619c2feb677724de84/execute/sync - {"script":"<script> [8489 bytes]","args":[{"element-6066-11e4-a52e-4f735466cecf":"f.107814B6E58839EE281E95FDA44A3A0A.d.6B32A2C36FAD41860C7F30D318244F96.e.5219","ELEMENT":"f.107814B6E58839EE281E95FDA44A3A0A.d.6B32A2C36FAD41860C7F30D318244F96.e.5219"}]}
RESULT: {"script":"<script> [8489 bytes]","args":[{"element-6066-11e4-a52e-4f735466cecf":"f.107814B6E58839EE281E95FDA44A3A0A.d.6B32A2C36FAD41860C7F30D318244F96.e.5219","ELEMENT":"f.107814B6E58839EE281E95FDA44A3A0A.d.6B32A2C36FAD41860C7F30D318244F96.e.5219"}]}
COMMAND: POST /session/c0d68b7606ff92619c2feb677724de84/execute/async - {"script":"<script> [1562 bytes]","args":[{"selector":{"id":"application-managesites-display-component---NewSite--addressNewCostObjectCstID-vhi"},"wdio_ui5_key":"applicationmanagesites-display-component---NewSite--addressNewCostObjectCstID-vhi"}]}
COMMAND: GET /session/c0d68b7606ff92619c2feb677724de84/screenshot - {}
RESULT: {"script":"<script> [1562 bytes]","args":[{"selector":{"id":"application-managesites-display-component---NewSite--addressNewCostObjectCstID-vhi"},"wdio_ui5_key":"applicationmanagesites-display-component---NewSite--addressNewCostObjectCstID-vhi"}]}
RESULT: undefined
COMMAND: POST /session/c0d68b7606ff92619c2feb677724de84/element - {"using":"xpath","value":"//*[@id=\"application-managesites-display-component---NewSite--addressNewCostObjectCstID-vhi\"]"}
RESULT: {}
RESULT: {"using":"xpath","value":"//*[@id=\"application-managesites-display-component---NewSite--addressNewCostObjectCstID-vhi\"]"}
COMMAND: POST /session/c0d68b7606ff92619c2feb677724de84/element/f.107814B6E58839EE281E95FDA44A3A0A.d.6B32A2C36FAD41860C7F30D318244F96.e.5219/click - {}
RESULT: {}
COMMAND: GET /session/c0d68b7606ff92619c2feb677724de84/screenshot - {}
RESULT: {}
COMMAND: POST /session/c0d68b7606ff92619c2feb677724de84/execute/async - {"script":"<script> [1562 bytes]","args":[{"selector":{"controlType":"sap.m.SearchField","properties":{"placeholder":"Search"},"searchOpenDialogs":true,"interaction":{"idSuffix":"I"}},"wdio_ui5_key":"sapm.SearchField{\"placeholder\":\"Search\"}"}]}
RESULT: {"script":"<script> [1562 bytes]","args":[{"selector":{"controlType":"sap.m.SearchField","properties":{"placeholder":"Search"},"searchOpenDialogs":true,"interaction":{"idSuffix":"I"}},"wdio_ui5_key":"sapm.SearchField{\"placeholder\":\"Search\"}"}]}
RESULT: undefined
COMMAND: POST /session/c0d68b7606ff92619c2feb677724de84/execute/async - {"script":"<script> [776 bytes]","args":[{"enterText":"10001013","selector":{"controlType":"sap.m.SearchField","properties":{"placeholder":"Search"},"searchOpenDialogs":true,"interaction":{"idSuffix":"I"}},"clearTextFirst":true,"interactionType":"ENTER_TEXT"}]}
RESULT: {"script":"<script> [776 bytes]","args":[{"enterText":"10001013","selector":{"controlType":"sap.m.SearchField","properties":{"placeholder":"Search"},"searchOpenDialogs":true,"interaction":{"idSuffix":"I"}},"clearTextFirst":true,"interactionType":"ENTER_TEXT"}]}
COMMAND: POST /session/c0d68b7606ff92619c2feb677724de84/actions - {"actions":[{"id":"action17","type":"key","parameters":{},"actions":[{"type":"keyDown","value":"î€‡"},{"type":"pause","duration":10},{"type":"keyUp","value":"î€‡"}]}]}
RESULT: {"actions":[{"id":"action17","type":"key","parameters":{},"actions":[{"type":"keyDown","value":"î€‡"},{"type":"pause","duration":10},{"type":"keyUp","value":"î€‡"}]}]}
COMMAND: GET /session/c0d68b7606ff92619c2feb677724de84/screenshot - {}
RESULT: {}
COMMAND: POST /session/c0d68b7606ff92619c2feb677724de84/element - {"using":"xpath","value":"//span[contains(text(), \"General Management\")]"}
RESULT: {"using":"xpath","value":"//span[contains(text(), \"General Management\")]"}
COMMAND: POST /session/c0d68b7606ff92619c2feb677724de84/element/f.107814B6E58839EE281E95FDA44A3A0A.d.6B32A2C36FAD41860C7F30D318244F96.e.5260/click - {}
RESULT: {}
COMMAND: GET /session/c0d68b7606ff92619c2feb677724de84/screenshot - {}
RESULT: {}
COMMAND: POST /session/c0d68b7606ff92619c2feb677724de84/element - {"using":"xpath","value":"//bdi[contains(text(), \"OK\")]"}
RESULT: {"using":"xpath","value":"//bdi[contains(text(), \"OK\")]"}
COMMAND: POST /session/c0d68b7606ff92619c2feb677724de84/element/f.107814B6E58839EE281E95FDA44A3A0A.d.6B32A2C36FAD41860C7F30D318244F96.e.5261/click - {}
RESULT: {}
COMMAND: GET /session/c0d68b7606ff92619c2feb677724de84/screenshot - {}
RESULT: {}
COMMAND: POST /session/c0d68b7606ff92619c2feb677724de84/element - {"using":"xpath","value":"//input[@id=\"application-managesites-display-component---NewSite--addressDetailDetailsCalendar-inner\"]"}
RESULT: {"using":"xpath","value":"//input[@id=\"application-managesites-display-component---NewSite--addressDetailDetailsCalendar-inner\"]"}
COMMAND: POST /session/c0d68b7606ff92619c2feb677724de84/element/f.107814B6E58839EE281E95FDA44A3A0A.d.6B32A2C36FAD41860C7F30D318244F96.e.5007/clear - {}
RESULT: {}
COMMAND: POST /session/c0d68b7606ff92619c2feb677724de84/element/f.107814B6E58839EE281E95FDA44A3A0A.d.6B32A2C36FAD41860C7F30D318244F96.e.5007/value - {"text":"Unit"}
COMMAND: GET /session/c0d68b7606ff92619c2feb677724de84/screenshot - {}
RESULT: {"text":"Unit"}
COMMAND: GET /session/c0d68b7606ff92619c2feb677724de84/screenshot - {}
RESULT: {}
RESULT: {}
COMMAND: POST /session/c0d68b7606ff92619c2feb677724de84/actions - {"actions":[{"id":"action18","type":"key","parameters":{},"actions":[{"type":"keyDown","value":"î€‡"},{"type":"pause","duration":10},{"type":"keyUp","value":"î€‡"}]}]}
RESULT: {"actions":[{"id":"action18","type":"key","parameters":{},"actions":[{"type":"keyDown","value":"î€‡"},{"type":"pause","duration":10},{"type":"keyUp","value":"î€‡"}]}]}
COMMAND: POST /session/c0d68b7606ff92619c2feb677724de84/element - {"using":"xpath","value":"//input[@id=\"application-managesites-display-component---NewSite--addressDetailDetailsYard-inner\"]"}
COMMAND: GET /session/c0d68b7606ff92619c2feb677724de84/screenshot - {}
RESULT: {"using":"xpath","value":"//input[@id=\"application-managesites-display-component---NewSite--addressDetailDetailsYard-inner\"]"}
COMMAND: POST /session/c0d68b7606ff92619c2feb677724de84/element/f.107814B6E58839EE281E95FDA44A3A0A.d.6B32A2C36FAD41860C7F30D318244F96.e.5008/clear - {}
RESULT: {}
RESULT: {}
COMMAND: POST /session/c0d68b7606ff92619c2feb677724de84/element/f.107814B6E58839EE281E95FDA44A3A0A.d.6B32A2C36FAD41860C7F30D318244F96.e.5008/value - {"text":"593"}
COMMAND: GET /session/c0d68b7606ff92619c2feb677724de84/screenshot - {}
RESULT: {"text":"593"}
COMMAND: GET /session/c0d68b7606ff92619c2feb677724de84/screenshot - {}
RESULT: {}
RESULT: {}
COMMAND: POST /session/c0d68b7606ff92619c2feb677724de84/element - {"using":"xpath","value":"//li[.//span[text()='593']]"}
RESULT: {"using":"xpath","value":"//li[.//span[text()='593']]"}
COMMAND: POST /session/c0d68b7606ff92619c2feb677724de84/element/f.107814B6E58839EE281E95FDA44A3A0A.d.6B32A2C36FAD41860C7F30D318244F96.e.5269/click - {}
RESULT: {}
COMMAND: GET /session/c0d68b7606ff92619c2feb677724de84/screenshot - {}
RESULT: {}
COMMAND: POST /session/c0d68b7606ff92619c2feb677724de84/element - {"using":"xpath","value":"//input[@id=\"application-managesites-display-component---NewSite--addressDetailDetailsPartner-inner\"]"}
RESULT: {"using":"xpath","value":"//input[@id=\"application-managesites-display-component---NewSite--addressDetailDetailsPartner-inner\"]"}
COMMAND: POST /session/c0d68b7606ff92619c2feb677724de84/element - {"using":"xpath","value":"//input[@id=\"application-managesites-display-component---NewSite--addressDetailDetailsPartner-inner\"]"}
RESULT: {"using":"xpath","value":"//input[@id=\"application-managesites-display-component---NewSite--addressDetailDetailsPartner-inner\"]"}
COMMAND: POST /session/c0d68b7606ff92619c2feb677724de84/element - {"using":"xpath","value":"//button[@data-kt=\"saveButton\"]"}
RESULT: {"using":"xpath","value":"//button[@data-kt=\"saveButton\"]"}
COMMAND: POST /session/c0d68b7606ff92619c2feb677724de84/element/f.107814B6E58839EE281E95FDA44A3A0A.d.6B32A2C36FAD41860C7F30D318244F96.e.5192/click - {}
RESULT: {}
COMMAND: GET /session/c0d68b7606ff92619c2feb677724de84/screenshot - {}
RESULT: {}
COMMAND: POST /session/c0d68b7606ff92619c2feb677724de84/element - {"using":"xpath","value":"//header[contains(@id, 'ObjectPageLayout-headerTitle')]/div[1]/div[2]/div[2]/span[1]"}
RESULT: {"using":"xpath","value":"//header[contains(@id, 'ObjectPageLayout-headerTitle')]/div[1]/div[2]/div[2]/span[1]"}
COMMAND: POST /session/c0d68b7606ff92619c2feb677724de84/elements - {"using":"xpath","value":"//header[contains(@id, 'ObjectPageLayout-headerTitle')]/div[1]/div[2]/div[2]/span[1]"}
RESULT: {"using":"xpath","value":"//header[contains(@id, 'ObjectPageLayout-headerTitle')]/div[1]/div[2]/div[2]/span[1]"}
COMMAND: POST /session/c0d68b7606ff92619c2feb677724de84/execute/sync - {"script":"<script> [56 bytes]","args":[{"element-6066-11e4-a52e-4f735466cecf":"f.107814B6E58839EE281E95FDA44A3A0A.d.6B32A2C36FAD41860C7F30D318244F96.e.5475","ELEMENT":"f.107814B6E58839EE281E95FDA44A3A0A.d.6B32A2C36FAD41860C7F30D318244F96.e.5475"}]}
RESULT: {"script":"<script> [56 bytes]","args":[{"element-6066-11e4-a52e-4f735466cecf":"f.107814B6E58839EE281E95FDA44A3A0A.d.6B32A2C36FAD41860C7F30D318244F96.e.5475","ELEMENT":"f.107814B6E58839EE281E95FDA44A3A0A.d.6B32A2C36FAD41860C7F30D318244F96.e.5475"}]}
COMMAND: POST /session/c0d68b7606ff92619c2feb677724de84/element - {"using":"css selector","value":"#shell-header-logo"}
COMMAND: GET /session/c0d68b7606ff92619c2feb677724de84/screenshot - {}
RESULT: {"using":"css selector","value":"#shell-header-logo"}
COMMAND: POST /session/c0d68b7606ff92619c2feb677724de84/element/f.107814B6E58839EE281E95FDA44A3A0A.d.6B32A2C36FAD41860C7F30D318244F96.e.4777/click - {}
RESULT: {}
RESULT: {}
COMMAND: GET /session/c0d68b7606ff92619c2feb677724de84/screenshot - {}
RESULT: {}
COMMAND: POST /session/c0d68b7606ff92619c2feb677724de84/execute/sync - {"script":"<script> [299 bytes]","args":[["getModel","getResource"]]}
RESULT: {"script":"<script> [299 bytes]","args":[["getModel","getResource"]]}
]]></system-out>
    </testcase>
    <testcase classname="chrome.135_0_7049_96.windows.US134625_Set_up_price_condition_-_one_time" name="Should create a new material for billing type one time" time="103.648">
      <system-out><![CDATA[
COMMAND: POST /session/c0d68b7606ff92619c2feb677724de84/execute/async - {"script":"<script> [1562 bytes]","args":[{"selector":{"controlType":"sap.m.GenericTile","properties":{"header":"Manage Resources"}},"wdio_ui5_key":"sapm.GenericTile{\"header\":\"Manage Resources\"}"}]}
COMMAND: GET /session/c0d68b7606ff92619c2feb677724de84/screenshot - {}
RESULT: {"script":"<script> [1562 bytes]","args":[{"selector":{"controlType":"sap.m.GenericTile","properties":{"header":"Manage Resources"}},"wdio_ui5_key":"sapm.GenericTile{\"header\":\"Manage Resources\"}"}]}
RESULT: undefined
COMMAND: POST /session/c0d68b7606ff92619c2feb677724de84/element - {"using":"xpath","value":"//*[@id=\"__tile39\"]"}
RESULT: {}
RESULT: {"using":"xpath","value":"//*[@id=\"__tile39\"]"}
COMMAND: POST /session/c0d68b7606ff92619c2feb677724de84/element/f.107814B6E58839EE281E95FDA44A3A0A.d.6B32A2C36FAD41860C7F30D318244F96.e.4665/click - {}
RESULT: {}
COMMAND: POST /session/c0d68b7606ff92619c2feb677724de84/element - {"using":"xpath","value":"//button[@data-kt=\"addNewRUOverflowToolbarButton\"]"}
COMMAND: GET /session/c0d68b7606ff92619c2feb677724de84/screenshot - {}
RESULT: {"using":"xpath","value":"//button[@data-kt=\"addNewRUOverflowToolbarButton\"]"}
COMMAND: POST /session/c0d68b7606ff92619c2feb677724de84/elements - {"using":"xpath","value":"//button[@data-kt=\"addNewRUOverflowToolbarButton\"]"}
RESULT: {}
RESULT: {"using":"xpath","value":"//button[@data-kt=\"addNewRUOverflowToolbarButton\"]"}
COMMAND: POST /session/c0d68b7606ff92619c2feb677724de84/elements - {"using":"xpath","value":"//button[@data-kt=\"addNewRUOverflowToolbarButton\"]"}
RESULT: {"using":"xpath","value":"//button[@data-kt=\"addNewRUOverflowToolbarButton\"]"}
COMMAND: POST /session/c0d68b7606ff92619c2feb677724de84/elements - {"using":"xpath","value":"//button[@data-kt=\"addNewRUOverflowToolbarButton\"]"}
RESULT: {"using":"xpath","value":"//button[@data-kt=\"addNewRUOverflowToolbarButton\"]"}
COMMAND: POST /session/c0d68b7606ff92619c2feb677724de84/elements - {"using":"xpath","value":"//button[@data-kt=\"addNewRUOverflowToolbarButton\"]"}
RESULT: {"using":"xpath","value":"//button[@data-kt=\"addNewRUOverflowToolbarButton\"]"}
COMMAND: POST /session/c0d68b7606ff92619c2feb677724de84/elements - {"using":"xpath","value":"//button[@data-kt=\"addNewRUOverflowToolbarButton\"]"}
RESULT: {"using":"xpath","value":"//button[@data-kt=\"addNewRUOverflowToolbarButton\"]"}
COMMAND: POST /session/c0d68b7606ff92619c2feb677724de84/elements - {"using":"xpath","value":"//button[@data-kt=\"addNewRUOverflowToolbarButton\"]"}
RESULT: {"using":"xpath","value":"//button[@data-kt=\"addNewRUOverflowToolbarButton\"]"}
COMMAND: POST /session/c0d68b7606ff92619c2feb677724de84/elements - {"using":"xpath","value":"//button[@data-kt=\"addNewRUOverflowToolbarButton\"]"}
RESULT: {"using":"xpath","value":"//button[@data-kt=\"addNewRUOverflowToolbarButton\"]"}
COMMAND: POST /session/c0d68b7606ff92619c2feb677724de84/elements - {"using":"xpath","value":"//button[@data-kt=\"addNewRUOverflowToolbarButton\"]"}
RESULT: {"using":"xpath","value":"//button[@data-kt=\"addNewRUOverflowToolbarButton\"]"}
COMMAND: POST /session/c0d68b7606ff92619c2feb677724de84/elements - {"using":"xpath","value":"//button[@data-kt=\"addNewRUOverflowToolbarButton\"]"}
RESULT: {"using":"xpath","value":"//button[@data-kt=\"addNewRUOverflowToolbarButton\"]"}
COMMAND: POST /session/c0d68b7606ff92619c2feb677724de84/element - {"using":"xpath","value":"//button[@data-kt=\"addNewRUOverflowToolbarButton\"]"}
RESULT: {"using":"xpath","value":"//button[@data-kt=\"addNewRUOverflowToolbarButton\"]"}
COMMAND: POST /session/c0d68b7606ff92619c2feb677724de84/execute/sync - {"script":"<script> [8489 bytes]","args":[{"element-6066-11e4-a52e-4f735466cecf":"f.107814B6E58839EE281E95FDA44A3A0A.d.6B32A2C36FAD41860C7F30D318244F96.e.5506","ELEMENT":"f.107814B6E58839EE281E95FDA44A3A0A.d.6B32A2C36FAD41860C7F30D318244F96.e.5506"}]}
RESULT: {"script":"<script> [8489 bytes]","args":[{"element-6066-11e4-a52e-4f735466cecf":"f.107814B6E58839EE281E95FDA44A3A0A.d.6B32A2C36FAD41860C7F30D318244F96.e.5506","ELEMENT":"f.107814B6E58839EE281E95FDA44A3A0A.d.6B32A2C36FAD41860C7F30D318244F96.e.5506"}]}
COMMAND: GET /session/c0d68b7606ff92619c2feb677724de84/element/f.107814B6E58839EE281E95FDA44A3A0A.d.6B32A2C36FAD41860C7F30D318244F96.e.5506/enabled - {}
COMMAND: GET /session/c0d68b7606ff92619c2feb677724de84/screenshot - {}
RESULT: {}
COMMAND: POST /session/c0d68b7606ff92619c2feb677724de84/execute/sync - {"script":"<script> [8489 bytes]","args":[{"element-6066-11e4-a52e-4f735466cecf":"f.107814B6E58839EE281E95FDA44A3A0A.d.6B32A2C36FAD41860C7F30D318244F96.e.5506","ELEMENT":"f.107814B6E58839EE281E95FDA44A3A0A.d.6B32A2C36FAD41860C7F30D318244F96.e.5506"}]}
COMMAND: GET /session/c0d68b7606ff92619c2feb677724de84/screenshot - {}
RESULT: {}
RESULT: {"script":"<script> [8489 bytes]","args":[{"element-6066-11e4-a52e-4f735466cecf":"f.107814B6E58839EE281E95FDA44A3A0A.d.6B32A2C36FAD41860C7F30D318244F96.e.5506","ELEMENT":"f.107814B6E58839EE281E95FDA44A3A0A.d.6B32A2C36FAD41860C7F30D318244F96.e.5506"}]}
COMMAND: POST /session/c0d68b7606ff92619c2feb677724de84/execute/sync - {"script":"<script> [5351 bytes]","args":[{"element-6066-11e4-a52e-4f735466cecf":"f.107814B6E58839EE281E95FDA44A3A0A.d.6B32A2C36FAD41860C7F30D318244F96.e.5506","ELEMENT":"f.107814B6E58839EE281E95FDA44A3A0A.d.6B32A2C36FAD41860C7F30D318244F96.e.5506"}]}
COMMAND: GET /session/c0d68b7606ff92619c2feb677724de84/screenshot - {}
RESULT: {}
RESULT: {"script":"<script> [5351 bytes]","args":[{"element-6066-11e4-a52e-4f735466cecf":"f.107814B6E58839EE281E95FDA44A3A0A.d.6B32A2C36FAD41860C7F30D318244F96.e.5506","ELEMENT":"f.107814B6E58839EE281E95FDA44A3A0A.d.6B32A2C36FAD41860C7F30D318244F96.e.5506"}]}
COMMAND: POST /session/c0d68b7606ff92619c2feb677724de84/element/f.107814B6E58839EE281E95FDA44A3A0A.d.6B32A2C36FAD41860C7F30D318244F96.e.5506/click - {}
COMMAND: GET /session/c0d68b7606ff92619c2feb677724de84/screenshot - {}
RESULT: {}
RESULT: {}
COMMAND: GET /session/c0d68b7606ff92619c2feb677724de84/screenshot - {}
RESULT: {}
RESULT: {}
COMMAND: POST /session/c0d68b7606ff92619c2feb677724de84/execute/async - {"script":"<script> [1562 bytes]","args":[{"selector":{"id":"application-manageresources-display-component---newResourceUnit--TYPE-arrow"},"wdio_ui5_key":"applicationmanageresources-display-component---newResourceUnit--TYPE-arrow"}]}
RESULT: {"script":"<script> [1562 bytes]","args":[{"selector":{"id":"application-manageresources-display-component---newResourceUnit--TYPE-arrow"},"wdio_ui5_key":"applicationmanageresources-display-component---newResourceUnit--TYPE-arrow"}]}
RESULT: undefined
COMMAND: POST /session/c0d68b7606ff92619c2feb677724de84/element - {"using":"xpath","value":"//*[@id=\"application-manageresources-display-component---newResourceUnit--TYPE-arrow\"]"}
RESULT: {"using":"xpath","value":"//*[@id=\"application-manageresources-display-component---newResourceUnit--TYPE-arrow\"]"}
COMMAND: POST /session/c0d68b7606ff92619c2feb677724de84/element/f.107814B6E58839EE281E95FDA44A3A0A.d.6B32A2C36FAD41860C7F30D318244F96.e.5873/click - {}
RESULT: {}
COMMAND: POST /session/c0d68b7606ff92619c2feb677724de84/element - {"using":"xpath","value":"//input[@id=\"application-manageresources-display-component---newResourceUnit--TYPE-inner\"]"}
COMMAND: GET /session/c0d68b7606ff92619c2feb677724de84/screenshot - {}
RESULT: {"using":"xpath","value":"//input[@id=\"application-manageresources-display-component---newResourceUnit--TYPE-inner\"]"}
COMMAND: POST /session/c0d68b7606ff92619c2feb677724de84/element/f.107814B6E58839EE281E95FDA44A3A0A.d.6B32A2C36FAD41860C7F30D318244F96.e.5857/clear - {}
RESULT: {}
RESULT: {}
COMMAND: POST /session/c0d68b7606ff92619c2feb677724de84/element/f.107814B6E58839EE281E95FDA44A3A0A.d.6B32A2C36FAD41860C7F30D318244F96.e.5857/value - {"text":"Material"}
COMMAND: GET /session/c0d68b7606ff92619c2feb677724de84/screenshot - {}
RESULT: {"text":"Material"}
COMMAND: GET /session/c0d68b7606ff92619c2feb677724de84/screenshot - {}
RESULT: {}
RESULT: {}
COMMAND: POST /session/c0d68b7606ff92619c2feb677724de84/actions - {"actions":[{"id":"action19","type":"key","parameters":{},"actions":[{"type":"keyDown","value":"î€‡"},{"type":"pause","duration":10},{"type":"keyUp","value":"î€‡"}]}]}
RESULT: {"actions":[{"id":"action19","type":"key","parameters":{},"actions":[{"type":"keyDown","value":"î€‡"},{"type":"pause","duration":10},{"type":"keyUp","value":"î€‡"}]}]}
COMMAND: POST /session/c0d68b7606ff92619c2feb677724de84/execute/async - {"script":"<script> [1562 bytes]","args":[{"selector":{"id":"application-manageresources-display-component---newResourceUnit--SHORT_TEXT","interaction":{"idSuffix":"inner"}},"wdio_ui5_key":"applicationmanageresources-display-component---newResourceUnit--SHORT_TEXT"}]}
COMMAND: GET /session/c0d68b7606ff92619c2feb677724de84/screenshot - {}
RESULT: {"script":"<script> [1562 bytes]","args":[{"selector":{"id":"application-manageresources-display-component---newResourceUnit--SHORT_TEXT","interaction":{"idSuffix":"inner"}},"wdio_ui5_key":"applicationmanageresources-display-component---newResourceUnit--SHORT_TEXT"}]}
RESULT: undefined
COMMAND: POST /session/c0d68b7606ff92619c2feb677724de84/execute/async - {"script":"<script> [776 bytes]","args":[{"enterText":"Cement WDIO","selector":{"id":"application-manageresources-display-component---newResourceUnit--SHORT_TEXT","interaction":{"idSuffix":"inner"}},"clearTextFirst":true,"interactionType":"ENTER_TEXT"}]}
RESULT: {}
RESULT: {"script":"<script> [776 bytes]","args":[{"enterText":"Cement WDIO","selector":{"id":"application-manageresources-display-component---newResourceUnit--SHORT_TEXT","interaction":{"idSuffix":"inner"}},"clearTextFirst":true,"interactionType":"ENTER_TEXT"}]}
COMMAND: POST /session/c0d68b7606ff92619c2feb677724de84/execute/async - {"script":"<script> [1562 bytes]","args":[{"selector":{"id":"application-manageresources-display-component---newResourceUnit--BASE_UNIT_OF_MEASURE","interaction":{"idSuffix":"inner"}},"wdio_ui5_key":"applicationmanageresources-display-component---newResourceUnit--BASE_UNIT_OF_MEASURE"}]}
RESULT: {"script":"<script> [1562 bytes]","args":[{"selector":{"id":"application-manageresources-display-component---newResourceUnit--BASE_UNIT_OF_MEASURE","interaction":{"idSuffix":"inner"}},"wdio_ui5_key":"applicationmanageresources-display-component---newResourceUnit--BASE_UNIT_OF_MEASURE"}]}
RESULT: undefined
COMMAND: POST /session/c0d68b7606ff92619c2feb677724de84/execute/async - {"script":"<script> [776 bytes]","args":[{"enterText":"Piece","selector":{"id":"application-manageresources-display-component---newResourceUnit--BASE_UNIT_OF_MEASURE","interaction":{"idSuffix":"inner"}},"clearTextFirst":true,"interactionType":"ENTER_TEXT"}]}
RESULT: {"script":"<script> [776 bytes]","args":[{"enterText":"Piece","selector":{"id":"application-manageresources-display-component---newResourceUnit--BASE_UNIT_OF_MEASURE","interaction":{"idSuffix":"inner"}},"clearTextFirst":true,"interactionType":"ENTER_TEXT"}]}
COMMAND: POST /session/c0d68b7606ff92619c2feb677724de84/execute/async - {"script":"<script> [1562 bytes]","args":[{"selector":{"id":"application-manageresources-display-component---newResourceUnit--WEIGHT_UNIT","interaction":{"idSuffix":"inner"}},"wdio_ui5_key":"applicationmanageresources-display-component---newResourceUnit--WEIGHT_UNIT"}]}
RESULT: {"script":"<script> [1562 bytes]","args":[{"selector":{"id":"application-manageresources-display-component---newResourceUnit--WEIGHT_UNIT","interaction":{"idSuffix":"inner"}},"wdio_ui5_key":"applicationmanageresources-display-component---newResourceUnit--WEIGHT_UNIT"}]}
RESULT: undefined
COMMAND: POST /session/c0d68b7606ff92619c2feb677724de84/execute/async - {"script":"<script> [776 bytes]","args":[{"enterText":"Gram","selector":{"id":"application-manageresources-display-component---newResourceUnit--WEIGHT_UNIT","interaction":{"idSuffix":"inner"}},"clearTextFirst":true,"interactionType":"ENTER_TEXT"}]}
RESULT: {"script":"<script> [776 bytes]","args":[{"enterText":"Gram","selector":{"id":"application-manageresources-display-component---newResourceUnit--WEIGHT_UNIT","interaction":{"idSuffix":"inner"}},"clearTextFirst":true,"interactionType":"ENTER_TEXT"}]}
COMMAND: POST /session/c0d68b7606ff92619c2feb677724de84/execute/async - {"script":"<script> [1562 bytes]","args":[{"selector":{"id":"application-manageresources-display-component---newResourceUnit--DIMENSION_UNIT","interaction":{"idSuffix":"inner"}},"wdio_ui5_key":"applicationmanageresources-display-component---newResourceUnit--DIMENSION_UNIT"}]}
RESULT: {"script":"<script> [1562 bytes]","args":[{"selector":{"id":"application-manageresources-display-component---newResourceUnit--DIMENSION_UNIT","interaction":{"idSuffix":"inner"}},"wdio_ui5_key":"applicationmanageresources-display-component---newResourceUnit--DIMENSION_UNIT"}]}
RESULT: undefined
COMMAND: POST /session/c0d68b7606ff92619c2feb677724de84/execute/async - {"script":"<script> [776 bytes]","args":[{"enterText":"Meter","selector":{"id":"application-manageresources-display-component---newResourceUnit--DIMENSION_UNIT","interaction":{"idSuffix":"inner"}},"clearTextFirst":true,"interactionType":"ENTER_TEXT"}]}
RESULT: {"script":"<script> [776 bytes]","args":[{"enterText":"Meter","selector":{"id":"application-manageresources-display-component---newResourceUnit--DIMENSION_UNIT","interaction":{"idSuffix":"inner"}},"clearTextFirst":true,"interactionType":"ENTER_TEXT"}]}
COMMAND: POST /session/c0d68b7606ff92619c2feb677724de84/execute/async - {"script":"<script> [1562 bytes]","args":[{"selector":{"id":"application-manageresources-display-component---newResourceUnit--newRRUPage-anchBar-application-manageresources-display-component---newResourceUnit--control-anchor","interaction":{"idSuffix":"BDI-content"}},"wdio_ui5_key":"applicationmanageresources-display-component---newResourceUnit--newRRUPage-anchBar-application-manageresources-display-component---newResourceUnit--control-anchor"}]}
RESULT: {"script":"<script> [1562 bytes]","args":[{"selector":{"id":"application-manageresources-display-component---newResourceUnit--newRRUPage-anchBar-application-manageresources-display-component---newResourceUnit--control-anchor","interaction":{"idSuffix":"BDI-content"}},"wdio_ui5_key":"applicationmanageresources-display-component---newResourceUnit--newRRUPage-anchBar-application-manageresources-display-component---newResourceUnit--control-anchor"}]}
RESULT: undefined
COMMAND: POST /session/c0d68b7606ff92619c2feb677724de84/element - {"using":"xpath","value":"//*[@id=\"application-manageresources-display-component---newResourceUnit--newRRUPage-anchBar-application-manageresources-display-component---newResourceUnit--control-anchor\"]"}
RESULT: {"using":"xpath","value":"//*[@id=\"application-manageresources-display-component---newResourceUnit--newRRUPage-anchBar-application-manageresources-display-component---newResourceUnit--control-anchor\"]"}
COMMAND: POST /session/c0d68b7606ff92619c2feb677724de84/element/f.107814B6E58839EE281E95FDA44A3A0A.d.6B32A2C36FAD41860C7F30D318244F96.e.5940/click - {}
RESULT: {}
COMMAND: POST /session/c0d68b7606ff92619c2feb677724de84/execute/async - {"script":"<script> [1562 bytes]","args":[{"selector":{"id":"application-manageresources-display-component---newResourceUnit--PLANNING_GROUP","interaction":{"idSuffix":"inner"}},"wdio_ui5_key":"applicationmanageresources-display-component---newResourceUnit--PLANNING_GROUP"}]}
COMMAND: GET /session/c0d68b7606ff92619c2feb677724de84/screenshot - {}
RESULT: {"script":"<script> [1562 bytes]","args":[{"selector":{"id":"application-manageresources-display-component---newResourceUnit--PLANNING_GROUP","interaction":{"idSuffix":"inner"}},"wdio_ui5_key":"applicationmanageresources-display-component---newResourceUnit--PLANNING_GROUP"}]}
RESULT: undefined
COMMAND: POST /session/c0d68b7606ff92619c2feb677724de84/execute/async - {"script":"<script> [776 bytes]","args":[{"enterText":"Material","selector":{"id":"application-manageresources-display-component---newResourceUnit--PLANNING_GROUP","interaction":{"idSuffix":"inner"}},"clearTextFirst":true,"interactionType":"ENTER_TEXT"}]}
RESULT: {}
RESULT: {"script":"<script> [776 bytes]","args":[{"enterText":"Material","selector":{"id":"application-manageresources-display-component---newResourceUnit--PLANNING_GROUP","interaction":{"idSuffix":"inner"}},"clearTextFirst":true,"interactionType":"ENTER_TEXT"}]}
COMMAND: POST /session/c0d68b7606ff92619c2feb677724de84/execute/async - {"script":"<script> [1562 bytes]","args":[{"selector":{"id":"application-manageresources-display-component---newResourceUnit--PLANNING_INDICATOR","interaction":{"idSuffix":"inner"}},"wdio_ui5_key":"applicationmanageresources-display-component---newResourceUnit--PLANNING_INDICATOR"}]}
RESULT: {"script":"<script> [1562 bytes]","args":[{"selector":{"id":"application-manageresources-display-component---newResourceUnit--PLANNING_INDICATOR","interaction":{"idSuffix":"inner"}},"wdio_ui5_key":"applicationmanageresources-display-component---newResourceUnit--PLANNING_INDICATOR"}]}
RESULT: undefined
COMMAND: POST /session/c0d68b7606ff92619c2feb677724de84/execute/async - {"script":"<script> [776 bytes]","args":[{"enterText":"10 - infinite","selector":{"id":"application-manageresources-display-component---newResourceUnit--PLANNING_INDICATOR","interaction":{"idSuffix":"inner"}},"clearTextFirst":true,"interactionType":"ENTER_TEXT"}]}
RESULT: {"script":"<script> [776 bytes]","args":[{"enterText":"10 - infinite","selector":{"id":"application-manageresources-display-component---newResourceUnit--PLANNING_INDICATOR","interaction":{"idSuffix":"inner"}},"clearTextFirst":true,"interactionType":"ENTER_TEXT"}]}
COMMAND: POST /session/c0d68b7606ff92619c2feb677724de84/element - {"using":"css selector","value":"#application-manageresources-display-component---newResourceUnit--btnAddTimeSegment"}
RESULT: {"using":"css selector","value":"#application-manageresources-display-component---newResourceUnit--btnAddTimeSegment"}
COMMAND: GET /session/c0d68b7606ff92619c2feb677724de84/element/f.107814B6E58839EE281E95FDA44A3A0A.d.6B32A2C36FAD41860C7F30D318244F96.e.5948/rect - {}
RESULT: {}
COMMAND: GET /session/c0d68b7606ff92619c2feb677724de84/window/rect - {}
RESULT: {}
COMMAND: POST /session/c0d68b7606ff92619c2feb677724de84/execute/sync - {"script":"<script> [92 bytes]","args":[]}
RESULT: {"script":"<script> [92 bytes]","args":[]}
COMMAND: POST /session/c0d68b7606ff92619c2feb677724de84/actions - {"actions":[{"id":"action20","type":"wheel","parameters":{},"actions":[{"type":"scroll","x":-1888,"y":-32,"deltaX":0,"deltaY":0,"duration":0,"origin":{"element-6066-11e4-a52e-4f735466cecf":"f.107814B6E58839EE281E95FDA44A3A0A.d.6B32A2C36FAD41860C7F30D318244F96.e.5948"}}]}]}
COMMAND: GET /session/c0d68b7606ff92619c2feb677724de84/screenshot - {}
RESULT: {}
COMMAND: POST /session/c0d68b7606ff92619c2feb677724de84/execute/sync - {"script":"<script> [79 bytes]","args":[{"element-6066-11e4-a52e-4f735466cecf":"f.107814B6E58839EE281E95FDA44A3A0A.d.6B32A2C36FAD41860C7F30D318244F96.e.5948","ELEMENT":"f.107814B6E58839EE281E95FDA44A3A0A.d.6B32A2C36FAD41860C7F30D318244F96.e.5948"},{"block":"start","inline":"nearest"}]}
RESULT: {"script":"<script> [79 bytes]","args":[{"element-6066-11e4-a52e-4f735466cecf":"f.107814B6E58839EE281E95FDA44A3A0A.d.6B32A2C36FAD41860C7F30D318244F96.e.5948","ELEMENT":"f.107814B6E58839EE281E95FDA44A3A0A.d.6B32A2C36FAD41860C7F30D318244F96.e.5948"},{"block":"start","inline":"nearest"}]}
COMMAND: POST /session/c0d68b7606ff92619c2feb677724de84/execute/async - {"script":"<script> [1562 bytes]","args":[{"selector":{"id":"application-manageresources-display-component---newResourceUnit--btnAddTimeSegment","interaction":{"idSuffix":"inner"}},"wdio_ui5_key":"applicationmanageresources-display-component---newResourceUnit--btnAddTimeSegment"}]}
COMMAND: GET /session/c0d68b7606ff92619c2feb677724de84/screenshot - {}
RESULT: {"script":"<script> [1562 bytes]","args":[{"selector":{"id":"application-manageresources-display-component---newResourceUnit--btnAddTimeSegment","interaction":{"idSuffix":"inner"}},"wdio_ui5_key":"applicationmanageresources-display-component---newResourceUnit--btnAddTimeSegment"}]}
RESULT: undefined
COMMAND: POST /session/c0d68b7606ff92619c2feb677724de84/element - {"using":"xpath","value":"//*[@id=\"application-manageresources-display-component---newResourceUnit--btnAddTimeSegment\"]"}
RESULT: {}
RESULT: {"using":"xpath","value":"//*[@id=\"application-manageresources-display-component---newResourceUnit--btnAddTimeSegment\"]"}
COMMAND: POST /session/c0d68b7606ff92619c2feb677724de84/element/f.107814B6E58839EE281E95FDA44A3A0A.d.6B32A2C36FAD41860C7F30D318244F96.e.5948/click - {}
RESULT: {}
COMMAND: GET /session/c0d68b7606ff92619c2feb677724de84/screenshot - {}
RESULT: {}
COMMAND: POST /session/c0d68b7606ff92619c2feb677724de84/element - {"using":"xpath","value":"//input[@id=\"application-manageresources-display-component---newResourceUnit--idRuTSAdmin-application-manageresources-display-component---newResourceUnit--RUTimeSegment-0-inner\"]"}
RESULT: {"using":"xpath","value":"//input[@id=\"application-manageresources-display-component---newResourceUnit--idRuTSAdmin-application-manageresources-display-component---newResourceUnit--RUTimeSegment-0-inner\"]"}
COMMAND: POST /session/c0d68b7606ff92619c2feb677724de84/element/f.107814B6E58839EE281E95FDA44A3A0A.d.6B32A2C36FAD41860C7F30D318244F96.e.5953/clear - {}
RESULT: {}
COMMAND: POST /session/c0d68b7606ff92619c2feb677724de84/element/f.107814B6E58839EE281E95FDA44A3A0A.d.6B32A2C36FAD41860C7F30D318244F96.e.5953/value - {"text":"593"}
COMMAND: GET /session/c0d68b7606ff92619c2feb677724de84/screenshot - {}
RESULT: {"text":"593"}
COMMAND: GET /session/c0d68b7606ff92619c2feb677724de84/screenshot - {}
RESULT: {}
RESULT: {}
COMMAND: POST /session/c0d68b7606ff92619c2feb677724de84/element - {"using":"xpath","value":"//li[.//span[text()='593']]"}
RESULT: {"using":"xpath","value":"//li[.//span[text()='593']]"}
COMMAND: POST /session/c0d68b7606ff92619c2feb677724de84/element/f.107814B6E58839EE281E95FDA44A3A0A.d.6B32A2C36FAD41860C7F30D318244F96.e.5964/click - {}
RESULT: {}
COMMAND: GET /session/c0d68b7606ff92619c2feb677724de84/screenshot - {}
RESULT: {}
COMMAND: POST /session/c0d68b7606ff92619c2feb677724de84/element - {"using":"xpath","value":"(//span[contains(@id, \"-application-manageresources-display-component---newResourceUnit--RUTimeSegment-0-arrow\")])[2]"}
RESULT: {"using":"xpath","value":"(//span[contains(@id, \"-application-manageresources-display-component---newResourceUnit--RUTimeSegment-0-arrow\")])[2]"}
COMMAND: POST /session/c0d68b7606ff92619c2feb677724de84/element/f.107814B6E58839EE281E95FDA44A3A0A.d.6B32A2C36FAD41860C7F30D318244F96.e.5965/click - {}
RESULT: {}
COMMAND: POST /session/c0d68b7606ff92619c2feb677724de84/element - {"using":"xpath","value":"//span[contains(text(), \"PM Order\")]"}
COMMAND: GET /session/c0d68b7606ff92619c2feb677724de84/screenshot - {}
RESULT: {"using":"xpath","value":"//span[contains(text(), \"PM Order\")]"}
COMMAND: POST /session/c0d68b7606ff92619c2feb677724de84/element/f.107814B6E58839EE281E95FDA44A3A0A.d.6B32A2C36FAD41860C7F30D318244F96.e.5966/click - {}
RESULT: {}
RESULT: {}
COMMAND: GET /session/c0d68b7606ff92619c2feb677724de84/screenshot - {}
RESULT: {}
COMMAND: POST /session/c0d68b7606ff92619c2feb677724de84/element - {"using":"xpath","value":"//td/div/div/div/span[contains(@id, \"newResourceUnit--RUTimeSegment-0-vhi\")][1]"}
RESULT: {"using":"xpath","value":"//td/div/div/div/span[contains(@id, \"newResourceUnit--RUTimeSegment-0-vhi\")][1]"}
COMMAND: GET /session/c0d68b7606ff92619c2feb677724de84/element/f.107814B6E58839EE281E95FDA44A3A0A.d.6B32A2C36FAD41860C7F30D318244F96.e.5970/rect - {}
RESULT: {}
COMMAND: GET /session/c0d68b7606ff92619c2feb677724de84/window/rect - {}
RESULT: {}
COMMAND: POST /session/c0d68b7606ff92619c2feb677724de84/execute/sync - {"script":"<script> [92 bytes]","args":[]}
RESULT: {"script":"<script> [92 bytes]","args":[]}
COMMAND: POST /session/c0d68b7606ff92619c2feb677724de84/actions - {"actions":[{"id":"action21","type":"wheel","parameters":{},"actions":[{"type":"scroll","x":-1888,"y":-24,"deltaX":0,"deltaY":0,"duration":0,"origin":{"element-6066-11e4-a52e-4f735466cecf":"f.107814B6E58839EE281E95FDA44A3A0A.d.6B32A2C36FAD41860C7F30D318244F96.e.5970"}}]}]}
COMMAND: GET /session/c0d68b7606ff92619c2feb677724de84/screenshot - {}
RESULT: {}
COMMAND: POST /session/c0d68b7606ff92619c2feb677724de84/execute/sync - {"script":"<script> [79 bytes]","args":[{"element-6066-11e4-a52e-4f735466cecf":"f.107814B6E58839EE281E95FDA44A3A0A.d.6B32A2C36FAD41860C7F30D318244F96.e.5970","ELEMENT":"f.107814B6E58839EE281E95FDA44A3A0A.d.6B32A2C36FAD41860C7F30D318244F96.e.5970"},{"block":"start","inline":"nearest"}]}
RESULT: {"script":"<script> [79 bytes]","args":[{"element-6066-11e4-a52e-4f735466cecf":"f.107814B6E58839EE281E95FDA44A3A0A.d.6B32A2C36FAD41860C7F30D318244F96.e.5970","ELEMENT":"f.107814B6E58839EE281E95FDA44A3A0A.d.6B32A2C36FAD41860C7F30D318244F96.e.5970"},{"block":"start","inline":"nearest"}]}
COMMAND: GET /session/c0d68b7606ff92619c2feb677724de84/screenshot - {}
RESULT: {}
COMMAND: POST /session/c0d68b7606ff92619c2feb677724de84/element/f.107814B6E58839EE281E95FDA44A3A0A.d.6B32A2C36FAD41860C7F30D318244F96.e.5970/click - {}
RESULT: {}
COMMAND: GET /session/c0d68b7606ff92619c2feb677724de84/screenshot - {}
RESULT: {}
RESULT: undefined
COMMAND: POST /session/c0d68b7606ff92619c2feb677724de84/execute/async - {"script":"<script> [776 bytes]","args":[{"enterText":"4000360","selector":{"controlType":"sap.m.SearchField","properties":{"placeholder":"Search"},"searchOpenDialogs":true,"interaction":{"idSuffix":"I"}},"clearTextFirst":true,"interactionType":"ENTER_TEXT"}]}
RESULT: {"script":"<script> [776 bytes]","args":[{"enterText":"4000360","selector":{"controlType":"sap.m.SearchField","properties":{"placeholder":"Search"},"searchOpenDialogs":true,"interaction":{"idSuffix":"I"}},"clearTextFirst":true,"interactionType":"ENTER_TEXT"}]}
COMMAND: POST /session/c0d68b7606ff92619c2feb677724de84/actions - {"actions":[{"id":"action22","type":"key","parameters":{},"actions":[{"type":"keyDown","value":"î€‡"},{"type":"pause","duration":10},{"type":"keyUp","value":"î€‡"}]}]}
RESULT: {"actions":[{"id":"action22","type":"key","parameters":{},"actions":[{"type":"keyDown","value":"î€‡"},{"type":"pause","duration":10},{"type":"keyUp","value":"î€‡"}]}]}
COMMAND: GET /session/c0d68b7606ff92619c2feb677724de84/screenshot - {}
RESULT: {}
COMMAND: POST /session/c0d68b7606ff92619c2feb677724de84/element - {"using":"xpath","value":"//td/div/span[contains(text(), \"BGL Vehicles\")]"}
RESULT: {"using":"xpath","value":"//td/div/span[contains(text(), \"BGL Vehicles\")]"}
COMMAND: POST /session/c0d68b7606ff92619c2feb677724de84/element/f.107814B6E58839EE281E95FDA44A3A0A.d.6B32A2C36FAD41860C7F30D318244F96.e.5990/click - {}
RESULT: {}
COMMAND: GET /session/c0d68b7606ff92619c2feb677724de84/screenshot - {}
RESULT: {}
COMMAND: POST /session/c0d68b7606ff92619c2feb677724de84/element - {"using":"xpath","value":"//bdi[contains(text(), \"OK\")]"}
RESULT: {"using":"xpath","value":"//bdi[contains(text(), \"OK\")]"}
COMMAND: POST /session/c0d68b7606ff92619c2feb677724de84/element/f.107814B6E58839EE281E95FDA44A3A0A.d.6B32A2C36FAD41860C7F30D318244F96.e.5991/click - {}
RESULT: {}
COMMAND: GET /session/c0d68b7606ff92619c2feb677724de84/screenshot - {}
RESULT: {}
COMMAND: POST /session/c0d68b7606ff92619c2feb677724de84/element - {"using":"xpath","value":"//button[@data-kt=\"resourceUnitSaveButton\"]"}
RESULT: {"using":"xpath","value":"//button[@data-kt=\"resourceUnitSaveButton\"]"}
COMMAND: POST /session/c0d68b7606ff92619c2feb677724de84/element/f.107814B6E58839EE281E95FDA44A3A0A.d.6B32A2C36FAD41860C7F30D318244F96.e.5891/click - {}
RESULT: {}
COMMAND: GET /session/c0d68b7606ff92619c2feb677724de84/screenshot - {}
RESULT: {}
COMMAND: POST /session/c0d68b7606ff92619c2feb677724de84/element - {"using":"xpath","value":"//bdi[contains(text(), \"Close\")]"}
RESULT: {"using":"xpath","value":"//bdi[contains(text(), \"Close\")]"}
COMMAND: POST /session/c0d68b7606ff92619c2feb677724de84/element/f.107814B6E58839EE281E95FDA44A3A0A.d.6B32A2C36FAD41860C7F30D318244F96.e.5997/click - {}
RESULT: {}
COMMAND: GET /session/c0d68b7606ff92619c2feb677724de84/screenshot - {}
RESULT: {}
COMMAND: POST /session/c0d68b7606ff92619c2feb677724de84/element - {"using":"xpath","value":"//header[contains(@id, 'detailRruPage-headerTitle')]/div[1]/div[2]/div[2]/span[1]"}
RESULT: {"using":"xpath","value":"//header[contains(@id, 'detailRruPage-headerTitle')]/div[1]/div[2]/div[2]/span[1]"}
COMMAND: POST /session/c0d68b7606ff92619c2feb677724de84/elements - {"using":"xpath","value":"//header[contains(@id, 'detailRruPage-headerTitle')]/div[1]/div[2]/div[2]/span[1]"}
RESULT: {"using":"xpath","value":"//header[contains(@id, 'detailRruPage-headerTitle')]/div[1]/div[2]/div[2]/span[1]"}
COMMAND: POST /session/c0d68b7606ff92619c2feb677724de84/execute/sync - {"script":"<script> [56 bytes]","args":[{"element-6066-11e4-a52e-4f735466cecf":"f.107814B6E58839EE281E95FDA44A3A0A.d.6B32A2C36FAD41860C7F30D318244F96.e.6028","ELEMENT":"f.107814B6E58839EE281E95FDA44A3A0A.d.6B32A2C36FAD41860C7F30D318244F96.e.6028"}]}
RESULT: {"script":"<script> [56 bytes]","args":[{"element-6066-11e4-a52e-4f735466cecf":"f.107814B6E58839EE281E95FDA44A3A0A.d.6B32A2C36FAD41860C7F30D318244F96.e.6028","ELEMENT":"f.107814B6E58839EE281E95FDA44A3A0A.d.6B32A2C36FAD41860C7F30D318244F96.e.6028"}]}
]]></system-out>
    </testcase>
    <testcase classname="chrome.135_0_7049_96.windows.US134625_Set_up_price_condition_-_one_time" name="Should create new pricing rule one time" time="61.344">
      <system-out><![CDATA[
COMMAND: POST /session/c0d68b7606ff92619c2feb677724de84/element - {"using":"xpath","value":"(//button[contains(@id ,\"actionsToolbar-overflowButton\")])[1]"}
COMMAND: GET /session/c0d68b7606ff92619c2feb677724de84/screenshot - {}
RESULT: {"using":"xpath","value":"(//button[contains(@id ,\"actionsToolbar-overflowButton\")])[1]"}
COMMAND: POST /session/c0d68b7606ff92619c2feb677724de84/element/f.107814B6E58839EE281E95FDA44A3A0A.d.6B32A2C36FAD41860C7F30D318244F96.e.6029/click - {}
RESULT: {}
RESULT: {}
COMMAND: GET /session/c0d68b7606ff92619c2feb677724de84/screenshot - {}
RESULT: {}
COMMAND: POST /session/c0d68b7606ff92619c2feb677724de84/element - {"using":"xpath","value":"//button[@data-kt=\"priceInfoButton\"]"}
RESULT: {"using":"xpath","value":"//button[@data-kt=\"priceInfoButton\"]"}
COMMAND: POST /session/c0d68b7606ff92619c2feb677724de84/element/f.107814B6E58839EE281E95FDA44A3A0A.d.6B32A2C36FAD41860C7F30D318244F96.e.6033/click - {}
RESULT: {}
COMMAND: GET /session/c0d68b7606ff92619c2feb677724de84/screenshot - {}
RESULT: {}
COMMAND: POST /session/c0d68b7606ff92619c2feb677724de84/element - {"using":"xpath","value":"//button[@data-kt=\"addButton\"]"}
RESULT: {"using":"xpath","value":"//button[@data-kt=\"addButton\"]"}
COMMAND: POST /session/c0d68b7606ff92619c2feb677724de84/elements - {"using":"xpath","value":"//button[@data-kt=\"addButton\"]"}
RESULT: {"using":"xpath","value":"//button[@data-kt=\"addButton\"]"}
COMMAND: POST /session/c0d68b7606ff92619c2feb677724de84/elements - {"using":"xpath","value":"//button[@data-kt=\"addButton\"]"}
RESULT: {"using":"xpath","value":"//button[@data-kt=\"addButton\"]"}
COMMAND: POST /session/c0d68b7606ff92619c2feb677724de84/element - {"using":"xpath","value":"//button[@data-kt=\"addButton\"]"}
RESULT: {"using":"xpath","value":"//button[@data-kt=\"addButton\"]"}
COMMAND: POST /session/c0d68b7606ff92619c2feb677724de84/execute/sync - {"script":"<script> [8489 bytes]","args":[{"element-6066-11e4-a52e-4f735466cecf":"f.107814B6E58839EE281E95FDA44A3A0A.d.6B32A2C36FAD41860C7F30D318244F96.e.6070","ELEMENT":"f.107814B6E58839EE281E95FDA44A3A0A.d.6B32A2C36FAD41860C7F30D318244F96.e.6070"}]}
RESULT: {"script":"<script> [8489 bytes]","args":[{"element-6066-11e4-a52e-4f735466cecf":"f.107814B6E58839EE281E95FDA44A3A0A.d.6B32A2C36FAD41860C7F30D318244F96.e.6070","ELEMENT":"f.107814B6E58839EE281E95FDA44A3A0A.d.6B32A2C36FAD41860C7F30D318244F96.e.6070"}]}
COMMAND: GET /session/c0d68b7606ff92619c2feb677724de84/element/f.107814B6E58839EE281E95FDA44A3A0A.d.6B32A2C36FAD41860C7F30D318244F96.e.6070/enabled - {}
COMMAND: GET /session/c0d68b7606ff92619c2feb677724de84/screenshot - {}
RESULT: {}
COMMAND: POST /session/c0d68b7606ff92619c2feb677724de84/execute/sync - {"script":"<script> [8489 bytes]","args":[{"element-6066-11e4-a52e-4f735466cecf":"f.107814B6E58839EE281E95FDA44A3A0A.d.6B32A2C36FAD41860C7F30D318244F96.e.6070","ELEMENT":"f.107814B6E58839EE281E95FDA44A3A0A.d.6B32A2C36FAD41860C7F30D318244F96.e.6070"}]}
COMMAND: GET /session/c0d68b7606ff92619c2feb677724de84/screenshot - {}
RESULT: {}
RESULT: {"script":"<script> [8489 bytes]","args":[{"element-6066-11e4-a52e-4f735466cecf":"f.107814B6E58839EE281E95FDA44A3A0A.d.6B32A2C36FAD41860C7F30D318244F96.e.6070","ELEMENT":"f.107814B6E58839EE281E95FDA44A3A0A.d.6B32A2C36FAD41860C7F30D318244F96.e.6070"}]}
COMMAND: POST /session/c0d68b7606ff92619c2feb677724de84/execute/sync - {"script":"<script> [5351 bytes]","args":[{"element-6066-11e4-a52e-4f735466cecf":"f.107814B6E58839EE281E95FDA44A3A0A.d.6B32A2C36FAD41860C7F30D318244F96.e.6070","ELEMENT":"f.107814B6E58839EE281E95FDA44A3A0A.d.6B32A2C36FAD41860C7F30D318244F96.e.6070"}]}
COMMAND: GET /session/c0d68b7606ff92619c2feb677724de84/screenshot - {}
RESULT: {}
RESULT: {"script":"<script> [5351 bytes]","args":[{"element-6066-11e4-a52e-4f735466cecf":"f.107814B6E58839EE281E95FDA44A3A0A.d.6B32A2C36FAD41860C7F30D318244F96.e.6070","ELEMENT":"f.107814B6E58839EE281E95FDA44A3A0A.d.6B32A2C36FAD41860C7F30D318244F96.e.6070"}]}
COMMAND: POST /session/c0d68b7606ff92619c2feb677724de84/element/f.107814B6E58839EE281E95FDA44A3A0A.d.6B32A2C36FAD41860C7F30D318244F96.e.6070/click - {}
COMMAND: GET /session/c0d68b7606ff92619c2feb677724de84/screenshot - {}
RESULT: {}
RESULT: {}
COMMAND: GET /session/c0d68b7606ff92619c2feb677724de84/screenshot - {}
RESULT: {}
RESULT: {}
COMMAND: POST /session/c0d68b7606ff92619c2feb677724de84/execute/async - {"script":"<script> [1562 bytes]","args":[{"selector":{"controlType":"sap.m.Title","viewName":"etm.portal.ui.managepricingrules.view.NewItem","viewId":"application-managepricingrules-display-component---newInfoPriceItem","properties":{"text":"New Pricing Rules - Item Level"}},"wdio_ui5_key":"etmportal.ui.managepricingrules.view.NewItemsap.m.Title{\"text\":\"New Pricing Rules - Item Level\"}"}]}
RESULT: {"script":"<script> [1562 bytes]","args":[{"selector":{"controlType":"sap.m.Title","viewName":"etm.portal.ui.managepricingrules.view.NewItem","viewId":"application-managepricingrules-display-component---newInfoPriceItem","properties":{"text":"New Pricing Rules - Item Level"}},"wdio_ui5_key":"etmportal.ui.managepricingrules.view.NewItemsap.m.Title{\"text\":\"New Pricing Rules - Item Level\"}"}]}
RESULT: undefined
COMMAND: POST /session/c0d68b7606ff92619c2feb677724de84/execute/async - {"script":"<script> [6424 bytes]","args":[{"element-6066-11e4-a52e-4f735466cecf":"f.107814B6E58839EE281E95FDA44A3A0A.d.6B32A2C36FAD41860C7F30D318244F96.e.6230"},"getText",[]]}
RESULT: {"script":"<script> [6424 bytes]","args":[{"element-6066-11e4-a52e-4f735466cecf":"f.107814B6E58839EE281E95FDA44A3A0A.d.6B32A2C36FAD41860C7F30D318244F96.e.6230"},"getText",[]]}
COMMAND: POST /session/c0d68b7606ff92619c2feb677724de84/execute/async - {"script":"<script> [1562 bytes]","args":[{"selector":{"id":"application-managepricingrules-display-component---newInfoPriceItem--condValidTo","interaction":{"idSuffix":"inner"}},"wdio_ui5_key":"applicationmanagepricingrules-display-component---newInfoPriceItem--condValidTo"}]}
RESULT: {"script":"<script> [1562 bytes]","args":[{"selector":{"id":"application-managepricingrules-display-component---newInfoPriceItem--condValidTo","interaction":{"idSuffix":"inner"}},"wdio_ui5_key":"applicationmanagepricingrules-display-component---newInfoPriceItem--condValidTo"}]}
RESULT: undefined
COMMAND: POST /session/c0d68b7606ff92619c2feb677724de84/execute/async - {"script":"<script> [776 bytes]","args":[{"enterText":"01/05/26","selector":{"id":"application-managepricingrules-display-component---newInfoPriceItem--condValidTo","interaction":{"idSuffix":"inner"}},"clearTextFirst":true,"interactionType":"ENTER_TEXT"}]}
RESULT: {"script":"<script> [776 bytes]","args":[{"enterText":"01/05/26","selector":{"id":"application-managepricingrules-display-component---newInfoPriceItem--condValidTo","interaction":{"idSuffix":"inner"}},"clearTextFirst":true,"interactionType":"ENTER_TEXT"}]}
COMMAND: POST /session/c0d68b7606ff92619c2feb677724de84/execute/async - {"script":"<script> [1562 bytes]","args":[{"selector":{"id":"application-managepricingrules-display-component---newInfoPriceItem--billType-arrow"},"wdio_ui5_key":"applicationmanagepricingrules-display-component---newInfoPriceItem--billType-arrow"}]}
RESULT: {"script":"<script> [1562 bytes]","args":[{"selector":{"id":"application-managepricingrules-display-component---newInfoPriceItem--billType-arrow"},"wdio_ui5_key":"applicationmanagepricingrules-display-component---newInfoPriceItem--billType-arrow"}]}
RESULT: undefined
COMMAND: POST /session/c0d68b7606ff92619c2feb677724de84/element - {"using":"xpath","value":"//*[@id=\"application-managepricingrules-display-component---newInfoPriceItem--billType-arrow\"]"}
RESULT: {"using":"xpath","value":"//*[@id=\"application-managepricingrules-display-component---newInfoPriceItem--billType-arrow\"]"}
COMMAND: POST /session/c0d68b7606ff92619c2feb677724de84/element/f.107814B6E58839EE281E95FDA44A3A0A.d.6B32A2C36FAD41860C7F30D318244F96.e.6232/click - {}
RESULT: {}
COMMAND: POST /session/c0d68b7606ff92619c2feb677724de84/element - {"using":"xpath","value":"//span[contains(text(), \"OT - Sales (one-time)\")]"}
COMMAND: GET /session/c0d68b7606ff92619c2feb677724de84/screenshot - {}
RESULT: {"using":"xpath","value":"//span[contains(text(), \"OT - Sales (one-time)\")]"}
COMMAND: POST /session/c0d68b7606ff92619c2feb677724de84/element/f.107814B6E58839EE281E95FDA44A3A0A.d.6B32A2C36FAD41860C7F30D318244F96.e.6233/click - {}
RESULT: {}
RESULT: {}
COMMAND: POST /session/c0d68b7606ff92619c2feb677724de84/execute/async - {"script":"<script> [1562 bytes]","args":[{"selector":{"id":"application-managepricingrules-display-component---newInfoPriceItem--priceProc-arrow"},"wdio_ui5_key":"applicationmanagepricingrules-display-component---newInfoPriceItem--priceProc-arrow"}]}
COMMAND: GET /session/c0d68b7606ff92619c2feb677724de84/screenshot - {}
RESULT: {"script":"<script> [1562 bytes]","args":[{"selector":{"id":"application-managepricingrules-display-component---newInfoPriceItem--priceProc-arrow"},"wdio_ui5_key":"applicationmanagepricingrules-display-component---newInfoPriceItem--priceProc-arrow"}]}
RESULT: undefined
COMMAND: POST /session/c0d68b7606ff92619c2feb677724de84/element - {"using":"xpath","value":"//*[@id=\"application-managepricingrules-display-component---newInfoPriceItem--priceProc-arrow\"]"}
RESULT: {}
RESULT: {"using":"xpath","value":"//*[@id=\"application-managepricingrules-display-component---newInfoPriceItem--priceProc-arrow\"]"}
COMMAND: POST /session/c0d68b7606ff92619c2feb677724de84/element/f.107814B6E58839EE281E95FDA44A3A0A.d.6B32A2C36FAD41860C7F30D318244F96.e.6196/click - {}
RESULT: {}
COMMAND: POST /session/c0d68b7606ff92619c2feb677724de84/element - {"using":"xpath","value":"//span[contains(text(), \"MAT - Material\")]"}
COMMAND: GET /session/c0d68b7606ff92619c2feb677724de84/screenshot - {}
RESULT: {"using":"xpath","value":"//span[contains(text(), \"MAT - Material\")]"}
COMMAND: POST /session/c0d68b7606ff92619c2feb677724de84/element/f.107814B6E58839EE281E95FDA44A3A0A.d.6B32A2C36FAD41860C7F30D318244F96.e.6234/click - {}
RESULT: {}
RESULT: {}
COMMAND: POST /session/c0d68b7606ff92619c2feb677724de84/execute/async - {"script":"<script> [1562 bytes]","args":[{"selector":{"id":"application-managepricingrules-display-component---newInfoPriceItem--calcBase-arrow"},"wdio_ui5_key":"applicationmanagepricingrules-display-component---newInfoPriceItem--calcBase-arrow"}]}
COMMAND: GET /session/c0d68b7606ff92619c2feb677724de84/screenshot - {}
RESULT: {"script":"<script> [1562 bytes]","args":[{"selector":{"id":"application-managepricingrules-display-component---newInfoPriceItem--calcBase-arrow"},"wdio_ui5_key":"applicationmanagepricingrules-display-component---newInfoPriceItem--calcBase-arrow"}]}
RESULT: undefined
COMMAND: POST /session/c0d68b7606ff92619c2feb677724de84/element - {"using":"xpath","value":"//*[@id=\"application-managepricingrules-display-component---newInfoPriceItem--calcBase-arrow\"]"}
RESULT: {}
RESULT: {"using":"xpath","value":"//*[@id=\"application-managepricingrules-display-component---newInfoPriceItem--calcBase-arrow\"]"}
COMMAND: POST /session/c0d68b7606ff92619c2feb677724de84/element/f.107814B6E58839EE281E95FDA44A3A0A.d.6B32A2C36FAD41860C7F30D318244F96.e.6203/click - {}
RESULT: {}
COMMAND: GET /session/c0d68b7606ff92619c2feb677724de84/screenshot - {}
RESULT: {}
COMMAND: POST /session/c0d68b7606ff92619c2feb677724de84/element - {"using":"xpath","value":"//span[contains(text(), \"0001 - TB(exact month + cal_days)\")]"}
RESULT: {"using":"xpath","value":"//span[contains(text(), \"0001 - TB(exact month + cal_days)\")]"}
COMMAND: POST /session/c0d68b7606ff92619c2feb677724de84/element/f.107814B6E58839EE281E95FDA44A3A0A.d.6B32A2C36FAD41860C7F30D318244F96.e.6235/click - {}
RESULT: {}
COMMAND: GET /session/c0d68b7606ff92619c2feb677724de84/screenshot - {}
RESULT: {}
COMMAND: POST /session/c0d68b7606ff92619c2feb677724de84/element - {"using":"xpath","value":"//button[@data-kt=\"saveNewRuleButton\"]"}
RESULT: {"using":"xpath","value":"//button[@data-kt=\"saveNewRuleButton\"]"}
COMMAND: POST /session/c0d68b7606ff92619c2feb677724de84/element/f.107814B6E58839EE281E95FDA44A3A0A.d.6B32A2C36FAD41860C7F30D318244F96.e.6221/click - {}
RESULT: {}
COMMAND: GET /session/c0d68b7606ff92619c2feb677724de84/screenshot - {}
RESULT: {}
COMMAND: POST /session/c0d68b7606ff92619c2feb677724de84/execute/async - {"script":"<script> [1562 bytes]","args":[{"selector":{"id":"application-managepricingrules-display-component---priceInfoItem--smartFilterBar-btnBasicSearch","interaction":{"idSuffix":"I"}},"wdio_ui5_key":"applicationmanagepricingrules-display-component---priceInfoItem--smartFilterBar-btnBasicSearch"}]}
RESULT: {"script":"<script> [1562 bytes]","args":[{"selector":{"id":"application-managepricingrules-display-component---priceInfoItem--smartFilterBar-btnBasicSearch","interaction":{"idSuffix":"I"}},"wdio_ui5_key":"applicationmanagepricingrules-display-component---priceInfoItem--smartFilterBar-btnBasicSearch"}]}
RESULT: undefined
COMMAND: POST /session/c0d68b7606ff92619c2feb677724de84/execute/async - {"script":"<script> [776 bytes]","args":[{"enterText":"200332","selector":{"id":"application-managepricingrules-display-component---priceInfoItem--smartFilterBar-btnBasicSearch","interaction":{"idSuffix":"I"}},"clearTextFirst":true,"interactionType":"ENTER_TEXT"}]}
RESULT: {"script":"<script> [776 bytes]","args":[{"enterText":"200332","selector":{"id":"application-managepricingrules-display-component---priceInfoItem--smartFilterBar-btnBasicSearch","interaction":{"idSuffix":"I"}},"clearTextFirst":true,"interactionType":"ENTER_TEXT"}]}
COMMAND: POST /session/c0d68b7606ff92619c2feb677724de84/actions - {"actions":[{"id":"action23","type":"key","parameters":{},"actions":[{"type":"keyDown","value":"î€‡"},{"type":"pause","duration":10},{"type":"keyUp","value":"î€‡"}]}]}
RESULT: {"actions":[{"id":"action23","type":"key","parameters":{},"actions":[{"type":"keyDown","value":"î€‡"},{"type":"pause","duration":10},{"type":"keyUp","value":"î€‡"}]}]}
COMMAND: GET /session/c0d68b7606ff92619c2feb677724de84/screenshot - {}
RESULT: {}
COMMAND: POST /session/c0d68b7606ff92619c2feb677724de84/element - {"using":"xpath","value":"//span[@id=\"application-managepricingrules-display-component---priceInfoItem--smartTable-header-inner\"]"}
RESULT: {"using":"xpath","value":"//span[@id=\"application-managepricingrules-display-component---priceInfoItem--smartTable-header-inner\"]"}
COMMAND: POST /session/c0d68b7606ff92619c2feb677724de84/elements - {"using":"xpath","value":"//span[@id=\"application-managepricingrules-display-component---priceInfoItem--smartTable-header-inner\"]"}
RESULT: {"using":"xpath","value":"//span[@id=\"application-managepricingrules-display-component---priceInfoItem--smartTable-header-inner\"]"}
COMMAND: POST /session/c0d68b7606ff92619c2feb677724de84/execute/sync - {"script":"<script> [56 bytes]","args":[{"element-6066-11e4-a52e-4f735466cecf":"f.107814B6E58839EE281E95FDA44A3A0A.d.6B32A2C36FAD41860C7F30D318244F96.e.6258","ELEMENT":"f.107814B6E58839EE281E95FDA44A3A0A.d.6B32A2C36FAD41860C7F30D318244F96.e.6258"}]}
RESULT: {"script":"<script> [56 bytes]","args":[{"element-6066-11e4-a52e-4f735466cecf":"f.107814B6E58839EE281E95FDA44A3A0A.d.6B32A2C36FAD41860C7F30D318244F96.e.6258","ELEMENT":"f.107814B6E58839EE281E95FDA44A3A0A.d.6B32A2C36FAD41860C7F30D318244F96.e.6258"}]}
COMMAND: POST /session/c0d68b7606ff92619c2feb677724de84/element - {"using":"css selector","value":"#shell-header-logo"}
COMMAND: GET /session/c0d68b7606ff92619c2feb677724de84/screenshot - {}
RESULT: {"using":"css selector","value":"#shell-header-logo"}
COMMAND: POST /session/c0d68b7606ff92619c2feb677724de84/element/f.107814B6E58839EE281E95FDA44A3A0A.d.6B32A2C36FAD41860C7F30D318244F96.e.5478/click - {}
RESULT: {}
RESULT: {}
COMMAND: GET /session/c0d68b7606ff92619c2feb677724de84/screenshot - {}
RESULT: {}
]]></system-out>
    </testcase>
    <testcase classname="chrome.135_0_7049_96.windows.US134625_Set_up_price_condition_-_one_time" name="Should create new condition one time" time="66.467">
      <system-out><![CDATA[
COMMAND: POST /session/c0d68b7606ff92619c2feb677724de84/execute/async - {"script":"<script> [1562 bytes]","args":[{"selector":{"controlType":"sap.m.Text","properties":{"text":"Manage Conditions & Prices"},"interaction":{"idSuffix":"inner"}},"wdio_ui5_key":"sapm.Text{\"text\":\"Manage Conditions & Prices\"}"}]}
RESULT: {"script":"<script> [1562 bytes]","args":[{"selector":{"controlType":"sap.m.Text","properties":{"text":"Manage Conditions & Prices"},"interaction":{"idSuffix":"inner"}},"wdio_ui5_key":"sapm.Text{\"text\":\"Manage Conditions & Prices\"}"}]}
RESULT: undefined
COMMAND: POST /session/c0d68b7606ff92619c2feb677724de84/element - {"using":"xpath","value":"//*[@id=\"__tile53-title\"]"}
RESULT: {"using":"xpath","value":"//*[@id=\"__tile53-title\"]"}
COMMAND: POST /session/c0d68b7606ff92619c2feb677724de84/element/f.107814B6E58839EE281E95FDA44A3A0A.d.6B32A2C36FAD41860C7F30D318244F96.e.6261/click - {}
RESULT: {}
COMMAND: POST /session/c0d68b7606ff92619c2feb677724de84/element - {"using":"xpath","value":"//button[@aria-label=\"Create\"]"}
COMMAND: GET /session/c0d68b7606ff92619c2feb677724de84/screenshot - {}
RESULT: {"using":"xpath","value":"//button[@aria-label=\"Create\"]"}
COMMAND: POST /session/c0d68b7606ff92619c2feb677724de84/elements - {"using":"xpath","value":"//button[@aria-label=\"Create\"]"}
RESULT: {}
RESULT: {"using":"xpath","value":"//button[@aria-label=\"Create\"]"}
COMMAND: POST /session/c0d68b7606ff92619c2feb677724de84/elements - {"using":"xpath","value":"//button[@aria-label=\"Create\"]"}
RESULT: {"using":"xpath","value":"//button[@aria-label=\"Create\"]"}
COMMAND: POST /session/c0d68b7606ff92619c2feb677724de84/elements - {"using":"xpath","value":"//button[@aria-label=\"Create\"]"}
RESULT: {"using":"xpath","value":"//button[@aria-label=\"Create\"]"}
COMMAND: POST /session/c0d68b7606ff92619c2feb677724de84/elements - {"using":"xpath","value":"//button[@aria-label=\"Create\"]"}
RESULT: {"using":"xpath","value":"//button[@aria-label=\"Create\"]"}
COMMAND: POST /session/c0d68b7606ff92619c2feb677724de84/elements - {"using":"xpath","value":"//button[@aria-label=\"Create\"]"}
RESULT: {"using":"xpath","value":"//button[@aria-label=\"Create\"]"}
COMMAND: POST /session/c0d68b7606ff92619c2feb677724de84/elements - {"using":"xpath","value":"//button[@aria-label=\"Create\"]"}
RESULT: {"using":"xpath","value":"//button[@aria-label=\"Create\"]"}
COMMAND: POST /session/c0d68b7606ff92619c2feb677724de84/elements - {"using":"xpath","value":"//button[@aria-label=\"Create\"]"}
RESULT: {"using":"xpath","value":"//button[@aria-label=\"Create\"]"}
COMMAND: POST /session/c0d68b7606ff92619c2feb677724de84/elements - {"using":"xpath","value":"//button[@aria-label=\"Create\"]"}
RESULT: {"using":"xpath","value":"//button[@aria-label=\"Create\"]"}
COMMAND: POST /session/c0d68b7606ff92619c2feb677724de84/elements - {"using":"xpath","value":"//button[@aria-label=\"Create\"]"}
RESULT: {"using":"xpath","value":"//button[@aria-label=\"Create\"]"}
COMMAND: POST /session/c0d68b7606ff92619c2feb677724de84/element - {"using":"xpath","value":"//button[@aria-label=\"Create\"]"}
RESULT: {"using":"xpath","value":"//button[@aria-label=\"Create\"]"}
COMMAND: POST /session/c0d68b7606ff92619c2feb677724de84/execute/sync - {"script":"<script> [8489 bytes]","args":[{"element-6066-11e4-a52e-4f735466cecf":"f.107814B6E58839EE281E95FDA44A3A0A.d.6B32A2C36FAD41860C7F30D318244F96.e.6295","ELEMENT":"f.107814B6E58839EE281E95FDA44A3A0A.d.6B32A2C36FAD41860C7F30D318244F96.e.6295"}]}
RESULT: {"script":"<script> [8489 bytes]","args":[{"element-6066-11e4-a52e-4f735466cecf":"f.107814B6E58839EE281E95FDA44A3A0A.d.6B32A2C36FAD41860C7F30D318244F96.e.6295","ELEMENT":"f.107814B6E58839EE281E95FDA44A3A0A.d.6B32A2C36FAD41860C7F30D318244F96.e.6295"}]}
COMMAND: GET /session/c0d68b7606ff92619c2feb677724de84/element/f.107814B6E58839EE281E95FDA44A3A0A.d.6B32A2C36FAD41860C7F30D318244F96.e.6295/enabled - {}
COMMAND: GET /session/c0d68b7606ff92619c2feb677724de84/screenshot - {}
RESULT: {}
COMMAND: POST /session/c0d68b7606ff92619c2feb677724de84/execute/sync - {"script":"<script> [8489 bytes]","args":[{"element-6066-11e4-a52e-4f735466cecf":"f.107814B6E58839EE281E95FDA44A3A0A.d.6B32A2C36FAD41860C7F30D318244F96.e.6295","ELEMENT":"f.107814B6E58839EE281E95FDA44A3A0A.d.6B32A2C36FAD41860C7F30D318244F96.e.6295"}]}
COMMAND: GET /session/c0d68b7606ff92619c2feb677724de84/screenshot - {}
RESULT: {}
RESULT: {}
RESULT: {"script":"<script> [8489 bytes]","args":[{"element-6066-11e4-a52e-4f735466cecf":"f.107814B6E58839EE281E95FDA44A3A0A.d.6B32A2C36FAD41860C7F30D318244F96.e.6295","ELEMENT":"f.107814B6E58839EE281E95FDA44A3A0A.d.6B32A2C36FAD41860C7F30D318244F96.e.6295"}]}
COMMAND: POST /session/c0d68b7606ff92619c2feb677724de84/execute/sync - {"script":"<script> [5351 bytes]","args":[{"element-6066-11e4-a52e-4f735466cecf":"f.107814B6E58839EE281E95FDA44A3A0A.d.6B32A2C36FAD41860C7F30D318244F96.e.6295","ELEMENT":"f.107814B6E58839EE281E95FDA44A3A0A.d.6B32A2C36FAD41860C7F30D318244F96.e.6295"}]}
COMMAND: GET /session/c0d68b7606ff92619c2feb677724de84/screenshot - {}
RESULT: {"script":"<script> [5351 bytes]","args":[{"element-6066-11e4-a52e-4f735466cecf":"f.107814B6E58839EE281E95FDA44A3A0A.d.6B32A2C36FAD41860C7F30D318244F96.e.6295","ELEMENT":"f.107814B6E58839EE281E95FDA44A3A0A.d.6B32A2C36FAD41860C7F30D318244F96.e.6295"}]}
COMMAND: POST /session/c0d68b7606ff92619c2feb677724de84/element/f.107814B6E58839EE281E95FDA44A3A0A.d.6B32A2C36FAD41860C7F30D318244F96.e.6295/click - {}
COMMAND: GET /session/c0d68b7606ff92619c2feb677724de84/screenshot - {}
RESULT: {}
RESULT: {}
COMMAND: GET /session/c0d68b7606ff92619c2feb677724de84/screenshot - {}
RESULT: {}
RESULT: {}
COMMAND: POST /session/c0d68b7606ff92619c2feb677724de84/actions - {"actions":[{"id":"action24","type":"key","parameters":{},"actions":[{"type":"keyDown","value":"î€‡"},{"type":"pause","duration":10},{"type":"keyUp","value":"î€‡"}]}]}
RESULT: {"actions":[{"id":"action24","type":"key","parameters":{},"actions":[{"type":"keyDown","value":"î€‡"},{"type":"pause","duration":10},{"type":"keyUp","value":"î€‡"}]}]}
COMMAND: GET /session/c0d68b7606ff92619c2feb677724de84/screenshot - {}
RESULT: {}
COMMAND: POST /session/c0d68b7606ff92619c2feb677724de84/execute/async - {"script":"<script> [1562 bytes]","args":[{"selector":{"id":"application-manageconditionprice-display-component---newCondition--condBillCond-arrow"},"wdio_ui5_key":"applicationmanageconditionprice-display-component---newCondition--condBillCond-arrow"}]}
RESULT: {"script":"<script> [1562 bytes]","args":[{"selector":{"id":"application-manageconditionprice-display-component---newCondition--condBillCond-arrow"},"wdio_ui5_key":"applicationmanageconditionprice-display-component---newCondition--condBillCond-arrow"}]}
RESULT: undefined
COMMAND: POST /session/c0d68b7606ff92619c2feb677724de84/element - {"using":"xpath","value":"//*[@id=\"application-manageconditionprice-display-component---newCondition--condBillCond-arrow\"]"}
RESULT: {"using":"xpath","value":"//*[@id=\"application-manageconditionprice-display-component---newCondition--condBillCond-arrow\"]"}
COMMAND: POST /session/c0d68b7606ff92619c2feb677724de84/element/f.107814B6E58839EE281E95FDA44A3A0A.d.6B32A2C36FAD41860C7F30D318244F96.e.6473/click - {}
RESULT: {}
COMMAND: GET /session/c0d68b7606ff92619c2feb677724de84/screenshot - {}
RESULT: {}
COMMAND: POST /session/c0d68b7606ff92619c2feb677724de84/element - {"using":"xpath","value":"//li[.//span[contains(text(), \"SAPR - Sales price\")]]"}
RESULT: {"using":"xpath","value":"//li[.//span[contains(text(), \"SAPR - Sales price\")]]"}
COMMAND: POST /session/c0d68b7606ff92619c2feb677724de84/element/f.107814B6E58839EE281E95FDA44A3A0A.d.6B32A2C36FAD41860C7F30D318244F96.e.6476/click - {}
RESULT: {}
COMMAND: GET /session/c0d68b7606ff92619c2feb677724de84/screenshot - {}
RESULT: {}
COMMAND: POST /session/c0d68b7606ff92619c2feb677724de84/execute/async - {"script":"<script> [1562 bytes]","args":[{"selector":{"id":"application-manageconditionprice-display-component---newCondition--condValidTo","interaction":{"idSuffix":"inner"}},"wdio_ui5_key":"applicationmanageconditionprice-display-component---newCondition--condValidTo"}]}
RESULT: {"script":"<script> [1562 bytes]","args":[{"selector":{"id":"application-manageconditionprice-display-component---newCondition--condValidTo","interaction":{"idSuffix":"inner"}},"wdio_ui5_key":"applicationmanageconditionprice-display-component---newCondition--condValidTo"}]}
RESULT: undefined
COMMAND: POST /session/c0d68b7606ff92619c2feb677724de84/execute/async - {"script":"<script> [776 bytes]","args":[{"enterText":"01/05/26","selector":{"id":"application-manageconditionprice-display-component---newCondition--condValidTo","interaction":{"idSuffix":"inner"}},"clearTextFirst":true,"interactionType":"ENTER_TEXT"}]}
RESULT: {"script":"<script> [776 bytes]","args":[{"enterText":"01/05/26","selector":{"id":"application-manageconditionprice-display-component---newCondition--condValidTo","interaction":{"idSuffix":"inner"}},"clearTextFirst":true,"interactionType":"ENTER_TEXT"}]}
COMMAND: POST /session/c0d68b7606ff92619c2feb677724de84/element - {"using":"xpath","value":"//input[@id=\"application-manageconditionprice-display-component---newCondition--condRU-inner\"]"}
RESULT: {"using":"xpath","value":"//input[@id=\"application-manageconditionprice-display-component---newCondition--condRU-inner\"]"}
COMMAND: POST /session/c0d68b7606ff92619c2feb677724de84/element/f.107814B6E58839EE281E95FDA44A3A0A.d.6B32A2C36FAD41860C7F30D318244F96.e.6338/clear - {}
RESULT: {}
COMMAND: POST /session/c0d68b7606ff92619c2feb677724de84/element/f.107814B6E58839EE281E95FDA44A3A0A.d.6B32A2C36FAD41860C7F30D318244F96.e.6338/value - {"text":"200332"}
COMMAND: GET /session/c0d68b7606ff92619c2feb677724de84/screenshot - {}
RESULT: {"text":"200332"}
COMMAND: GET /session/c0d68b7606ff92619c2feb677724de84/screenshot - {}
RESULT: {}
RESULT: {}
COMMAND: POST /session/c0d68b7606ff92619c2feb677724de84/actions - {"actions":[{"id":"action25","type":"key","parameters":{},"actions":[{"type":"keyDown","value":"î€‡"},{"type":"pause","duration":10},{"type":"keyUp","value":"î€‡"}]}]}
RESULT: {"actions":[{"id":"action25","type":"key","parameters":{},"actions":[{"type":"keyDown","value":"î€‡"},{"type":"pause","duration":10},{"type":"keyUp","value":"î€‡"}]}]}
COMMAND: POST /session/c0d68b7606ff92619c2feb677724de84/execute/async - {"script":"<script> [1562 bytes]","args":[{"selector":{"id":"application-manageconditionprice-display-component---newCondition--condBaseQty","interaction":{"idSuffix":"inner"}},"wdio_ui5_key":"applicationmanageconditionprice-display-component---newCondition--condBaseQty"}]}
COMMAND: GET /session/c0d68b7606ff92619c2feb677724de84/screenshot - {}
RESULT: {"script":"<script> [1562 bytes]","args":[{"selector":{"id":"application-manageconditionprice-display-component---newCondition--condBaseQty","interaction":{"idSuffix":"inner"}},"wdio_ui5_key":"applicationmanageconditionprice-display-component---newCondition--condBaseQty"}]}
RESULT: undefined
COMMAND: POST /session/c0d68b7606ff92619c2feb677724de84/execute/async - {"script":"<script> [776 bytes]","args":[{"enterText":"1","selector":{"id":"application-manageconditionprice-display-component---newCondition--condBaseQty","interaction":{"idSuffix":"inner"}},"clearTextFirst":true,"interactionType":"ENTER_TEXT"}]}
RESULT: {}
RESULT: {"script":"<script> [776 bytes]","args":[{"enterText":"1","selector":{"id":"application-manageconditionprice-display-component---newCondition--condBaseQty","interaction":{"idSuffix":"inner"}},"clearTextFirst":true,"interactionType":"ENTER_TEXT"}]}
COMMAND: POST /session/c0d68b7606ff92619c2feb677724de84/execute/async - {"script":"<script> [1562 bytes]","args":[{"selector":{"id":"application-manageconditionprice-display-component---newCondition--condValue","interaction":{"idSuffix":"inner"}},"wdio_ui5_key":"applicationmanageconditionprice-display-component---newCondition--condValue"}]}
RESULT: {"script":"<script> [1562 bytes]","args":[{"selector":{"id":"application-manageconditionprice-display-component---newCondition--condValue","interaction":{"idSuffix":"inner"}},"wdio_ui5_key":"applicationmanageconditionprice-display-component---newCondition--condValue"}]}
RESULT: undefined
COMMAND: POST /session/c0d68b7606ff92619c2feb677724de84/execute/async - {"script":"<script> [776 bytes]","args":[{"enterText":"100.00","selector":{"id":"application-manageconditionprice-display-component---newCondition--condValue","interaction":{"idSuffix":"inner"}},"clearTextFirst":true,"interactionType":"ENTER_TEXT"}]}
RESULT: {"script":"<script> [776 bytes]","args":[{"enterText":"100.00","selector":{"id":"application-manageconditionprice-display-component---newCondition--condValue","interaction":{"idSuffix":"inner"}},"clearTextFirst":true,"interactionType":"ENTER_TEXT"}]}
COMMAND: POST /session/c0d68b7606ff92619c2feb677724de84/execute/async - {"script":"<script> [1562 bytes]","args":[{"selector":{"id":"application-manageconditionprice-display-component---newCondition--condCurr-arrow"},"wdio_ui5_key":"applicationmanageconditionprice-display-component---newCondition--condCurr-arrow"}]}
RESULT: {"script":"<script> [1562 bytes]","args":[{"selector":{"id":"application-manageconditionprice-display-component---newCondition--condCurr-arrow"},"wdio_ui5_key":"applicationmanageconditionprice-display-component---newCondition--condCurr-arrow"}]}
RESULT: undefined
COMMAND: POST /session/c0d68b7606ff92619c2feb677724de84/element - {"using":"xpath","value":"//*[@id=\"application-manageconditionprice-display-component---newCondition--condCurr-arrow\"]"}
RESULT: {"using":"xpath","value":"//*[@id=\"application-manageconditionprice-display-component---newCondition--condCurr-arrow\"]"}
COMMAND: POST /session/c0d68b7606ff92619c2feb677724de84/element/f.107814B6E58839EE281E95FDA44A3A0A.d.6B32A2C36FAD41860C7F30D318244F96.e.6453/click - {}
RESULT: {}
COMMAND: POST /session/c0d68b7606ff92619c2feb677724de84/element - {"using":"xpath","value":"//span[contains(text(), \"Euro\")]"}
COMMAND: GET /session/c0d68b7606ff92619c2feb677724de84/screenshot - {}
RESULT: {"using":"xpath","value":"//span[contains(text(), \"Euro\")]"}
COMMAND: POST /session/c0d68b7606ff92619c2feb677724de84/element/f.107814B6E58839EE281E95FDA44A3A0A.d.6B32A2C36FAD41860C7F30D318244F96.e.6514/click - {}
RESULT: {}
RESULT: {}
COMMAND: POST /session/c0d68b7606ff92619c2feb677724de84/element - {"using":"xpath","value":"//button[@data-kt=\"saveButton\"]"}
COMMAND: GET /session/c0d68b7606ff92619c2feb677724de84/screenshot - {}
RESULT: {"using":"xpath","value":"//button[@data-kt=\"saveButton\"]"}
COMMAND: POST /session/c0d68b7606ff92619c2feb677724de84/element/f.107814B6E58839EE281E95FDA44A3A0A.d.6B32A2C36FAD41860C7F30D318244F96.e.6454/click - {}
RESULT: {}
RESULT: {}
COMMAND: GET /session/c0d68b7606ff92619c2feb677724de84/screenshot - {}
RESULT: {}
COMMAND: POST /session/c0d68b7606ff92619c2feb677724de84/execute/async - {"script":"<script> [1562 bytes]","args":[{"selector":{"id":"application-manageconditionprice-display-component---conditions--smartFilterBar-btnBasicSearch","interaction":{"idSuffix":"I"}},"wdio_ui5_key":"applicationmanageconditionprice-display-component---conditions--smartFilterBar-btnBasicSearch"}]}
RESULT: {"script":"<script> [1562 bytes]","args":[{"selector":{"id":"application-manageconditionprice-display-component---conditions--smartFilterBar-btnBasicSearch","interaction":{"idSuffix":"I"}},"wdio_ui5_key":"applicationmanageconditionprice-display-component---conditions--smartFilterBar-btnBasicSearch"}]}
RESULT: undefined
COMMAND: POST /session/c0d68b7606ff92619c2feb677724de84/execute/async - {"script":"<script> [776 bytes]","args":[{"enterText":"200332","selector":{"id":"application-manageconditionprice-display-component---conditions--smartFilterBar-btnBasicSearch","interaction":{"idSuffix":"I"}},"clearTextFirst":true,"interactionType":"ENTER_TEXT"}]}
RESULT: {"script":"<script> [776 bytes]","args":[{"enterText":"200332","selector":{"id":"application-manageconditionprice-display-component---conditions--smartFilterBar-btnBasicSearch","interaction":{"idSuffix":"I"}},"clearTextFirst":true,"interactionType":"ENTER_TEXT"}]}
COMMAND: POST /session/c0d68b7606ff92619c2feb677724de84/actions - {"actions":[{"id":"action26","type":"key","parameters":{},"actions":[{"type":"keyDown","value":"î€‡"},{"type":"pause","duration":10},{"type":"keyUp","value":"î€‡"}]}]}
RESULT: {"actions":[{"id":"action26","type":"key","parameters":{},"actions":[{"type":"keyDown","value":"î€‡"},{"type":"pause","duration":10},{"type":"keyUp","value":"î€‡"}]}]}
COMMAND: GET /session/c0d68b7606ff92619c2feb677724de84/screenshot - {}
RESULT: {}
COMMAND: POST /session/c0d68b7606ff92619c2feb677724de84/execute/async - {"script":"<script> [1562 bytes]","args":[{"selector":{"id":"application-manageconditionprice-display-component---conditions--smartFilterBar-filterItemControl_BASIC-BILL_TYPES-vhi"},"wdio_ui5_key":"applicationmanageconditionprice-display-component---conditions--smartFilterBar-filterItemControl_BASIC-BILL_TYPES-vhi"}]}
RESULT: {"script":"<script> [1562 bytes]","args":[{"selector":{"id":"application-manageconditionprice-display-component---conditions--smartFilterBar-filterItemControl_BASIC-BILL_TYPES-vhi"},"wdio_ui5_key":"applicationmanageconditionprice-display-component---conditions--smartFilterBar-filterItemControl_BASIC-BILL_TYPES-vhi"}]}
RESULT: undefined
COMMAND: POST /session/c0d68b7606ff92619c2feb677724de84/element - {"using":"xpath","value":"//*[@id=\"application-manageconditionprice-display-component---conditions--smartFilterBar-filterItemControl_BASIC-BILL_TYPES-vhi\"]"}
RESULT: {"using":"xpath","value":"//*[@id=\"application-manageconditionprice-display-component---conditions--smartFilterBar-filterItemControl_BASIC-BILL_TYPES-vhi\"]"}
COMMAND: POST /session/c0d68b7606ff92619c2feb677724de84/element/f.107814B6E58839EE281E95FDA44A3A0A.d.6B32A2C36FAD41860C7F30D318244F96.e.6530/click - {}
RESULT: {}
COMMAND: POST /session/c0d68b7606ff92619c2feb677724de84/execute/async - {"script":"<script> [1562 bytes]","args":[{"selector":{"id":"application-manageconditionprice-display-component---conditions--smartFilterBar-filterItemControl_BASIC-BILL_TYPES-valueHelpDialog-smartFilterBar-btnBasicSearch","searchOpenDialogs":true,"interaction":{"idSuffix":"I"}},"wdio_ui5_key":"applicationmanageconditionprice-display-component---conditions--smartFilterBar-filterItemControl_BASIC-BILL_TYPES-valueHelpDialog-smartFilterBar-btnBasicSearch"}]}
COMMAND: GET /session/c0d68b7606ff92619c2feb677724de84/screenshot - {}
RESULT: {"script":"<script> [1562 bytes]","args":[{"selector":{"id":"application-manageconditionprice-display-component---conditions--smartFilterBar-filterItemControl_BASIC-BILL_TYPES-valueHelpDialog-smartFilterBar-btnBasicSearch","searchOpenDialogs":true,"interaction":{"idSuffix":"I"}},"wdio_ui5_key":"applicationmanageconditionprice-display-component---conditions--smartFilterBar-filterItemControl_BASIC-BILL_TYPES-valueHelpDialog-smartFilterBar-btnBasicSearch"}]}
RESULT: undefined
COMMAND: POST /session/c0d68b7606ff92619c2feb677724de84/execute/async - {"script":"<script> [776 bytes]","args":[{"enterText":"one","selector":{"id":"application-manageconditionprice-display-component---conditions--smartFilterBar-filterItemControl_BASIC-BILL_TYPES-valueHelpDialog-smartFilterBar-btnBasicSearch","searchOpenDialogs":true,"interaction":{"idSuffix":"I"}},"clearTextFirst":true,"interactionType":"ENTER_TEXT"}]}
RESULT: {}
RESULT: {"script":"<script> [776 bytes]","args":[{"enterText":"one","selector":{"id":"application-manageconditionprice-display-component---conditions--smartFilterBar-filterItemControl_BASIC-BILL_TYPES-valueHelpDialog-smartFilterBar-btnBasicSearch","searchOpenDialogs":true,"interaction":{"idSuffix":"I"}},"clearTextFirst":true,"interactionType":"ENTER_TEXT"}]}
COMMAND: POST /session/c0d68b7606ff92619c2feb677724de84/actions - {"actions":[{"id":"action27","type":"key","parameters":{},"actions":[{"type":"keyDown","value":"î€‡"},{"type":"pause","duration":10},{"type":"keyUp","value":"î€‡"}]}]}
RESULT: {"actions":[{"id":"action27","type":"key","parameters":{},"actions":[{"type":"keyDown","value":"î€‡"},{"type":"pause","duration":10},{"type":"keyUp","value":"î€‡"}]}]}
COMMAND: GET /session/c0d68b7606ff92619c2feb677724de84/screenshot - {}
RESULT: {}
COMMAND: POST /session/c0d68b7606ff92619c2feb677724de84/element - {"using":"xpath","value":"//div[contains(@id, 'application-manageconditionprice-display-component---conditions--smartFilterBar-filterItemControl_BASIC-BILL_TYPES-valueHelpDialog-table-rowsel0')]"}
RESULT: {"using":"xpath","value":"//div[contains(@id, 'application-manageconditionprice-display-component---conditions--smartFilterBar-filterItemControl_BASIC-BILL_TYPES-valueHelpDialog-table-rowsel0')]"}
COMMAND: POST /session/c0d68b7606ff92619c2feb677724de84/element/f.107814B6E58839EE281E95FDA44A3A0A.d.6B32A2C36FAD41860C7F30D318244F96.e.6539/click - {}
RESULT: {}
COMMAND: GET /session/c0d68b7606ff92619c2feb677724de84/screenshot - {}
RESULT: {}
COMMAND: POST /session/c0d68b7606ff92619c2feb677724de84/element - {"using":"xpath","value":"//bdi[contains(text(), \"OK\")]"}
RESULT: {"using":"xpath","value":"//bdi[contains(text(), \"OK\")]"}
COMMAND: POST /session/c0d68b7606ff92619c2feb677724de84/element/f.107814B6E58839EE281E95FDA44A3A0A.d.6B32A2C36FAD41860C7F30D318244F96.e.6541/click - {}
RESULT: {}
COMMAND: GET /session/c0d68b7606ff92619c2feb677724de84/screenshot - {}
RESULT: {}
COMMAND: POST /session/c0d68b7606ff92619c2feb677724de84/element - {"using":"xpath","value":"//span[@id=\"application-manageconditionprice-display-component---conditions--smartTable-header-inner\"]"}
RESULT: {"using":"xpath","value":"//span[@id=\"application-manageconditionprice-display-component---conditions--smartTable-header-inner\"]"}
COMMAND: POST /session/c0d68b7606ff92619c2feb677724de84/elements - {"using":"xpath","value":"//span[@id=\"application-manageconditionprice-display-component---conditions--smartTable-header-inner\"]"}
RESULT: {"using":"xpath","value":"//span[@id=\"application-manageconditionprice-display-component---conditions--smartTable-header-inner\"]"}
COMMAND: POST /session/c0d68b7606ff92619c2feb677724de84/execute/sync - {"script":"<script> [56 bytes]","args":[{"element-6066-11e4-a52e-4f735466cecf":"f.107814B6E58839EE281E95FDA44A3A0A.d.6B32A2C36FAD41860C7F30D318244F96.e.6544","ELEMENT":"f.107814B6E58839EE281E95FDA44A3A0A.d.6B32A2C36FAD41860C7F30D318244F96.e.6544"}]}
RESULT: {"script":"<script> [56 bytes]","args":[{"element-6066-11e4-a52e-4f735466cecf":"f.107814B6E58839EE281E95FDA44A3A0A.d.6B32A2C36FAD41860C7F30D318244F96.e.6544","ELEMENT":"f.107814B6E58839EE281E95FDA44A3A0A.d.6B32A2C36FAD41860C7F30D318244F96.e.6544"}]}
COMMAND: POST /session/c0d68b7606ff92619c2feb677724de84/element - {"using":"css selector","value":"#shell-header-logo"}
COMMAND: GET /session/c0d68b7606ff92619c2feb677724de84/screenshot - {}
RESULT: {"using":"css selector","value":"#shell-header-logo"}
COMMAND: POST /session/c0d68b7606ff92619c2feb677724de84/element/f.107814B6E58839EE281E95FDA44A3A0A.d.6B32A2C36FAD41860C7F30D318244F96.e.6263/click - {}
RESULT: {}
RESULT: {}
COMMAND: GET /session/c0d68b7606ff92619c2feb677724de84/screenshot - {}
RESULT: {}
]]></system-out>
    </testcase>
    <testcase classname="chrome.135_0_7049_96.windows.US134625_Set_up_price_condition_-_one_time" name="Should create a new contract" time="58.283">
      <system-out><![CDATA[
COMMAND: POST /session/c0d68b7606ff92619c2feb677724de84/execute/async - {"script":"<script> [1562 bytes]","args":[{"selector":{"controlType":"sap.m.Text","viewName":"etm.portal.ui.managecontractstile.view.Master","properties":{"text":"Manage Contracts"},"interaction":{"idSuffix":"inner"}},"wdio_ui5_key":"etmportal.ui.managecontractstile.view.Mastersap.m.Text{\"text\":\"Manage Contracts\"}"}]}
RESULT: {"script":"<script> [1562 bytes]","args":[{"selector":{"controlType":"sap.m.Text","viewName":"etm.portal.ui.managecontractstile.view.Master","properties":{"text":"Manage Contracts"},"interaction":{"idSuffix":"inner"}},"wdio_ui5_key":"etmportal.ui.managecontractstile.view.Mastersap.m.Text{\"text\":\"Manage Contracts\"}"}]}
RESULT: undefined
COMMAND: POST /session/c0d68b7606ff92619c2feb677724de84/element - {"using":"xpath","value":"//*[@id=\"__tile130-title\"]"}
RESULT: {"using":"xpath","value":"//*[@id=\"__tile130-title\"]"}
COMMAND: POST /session/c0d68b7606ff92619c2feb677724de84/element/f.107814B6E58839EE281E95FDA44A3A0A.d.6B32A2C36FAD41860C7F30D318244F96.e.6548/click - {}
RESULT: {}
COMMAND: GET /session/c0d68b7606ff92619c2feb677724de84/screenshot - {}
RESULT: {}
COMMAND: POST /session/c0d68b7606ff92619c2feb677724de84/element - {"using":"xpath","value":"//button[@data-kt=\"addButton\"]"}
RESULT: {"using":"xpath","value":"//button[@data-kt=\"addButton\"]"}
COMMAND: POST /session/c0d68b7606ff92619c2feb677724de84/elements - {"using":"xpath","value":"//button[@data-kt=\"addButton\"]"}
RESULT: {"using":"xpath","value":"//button[@data-kt=\"addButton\"]"}
COMMAND: POST /session/c0d68b7606ff92619c2feb677724de84/elements - {"using":"xpath","value":"//button[@data-kt=\"addButton\"]"}
RESULT: {"using":"xpath","value":"//button[@data-kt=\"addButton\"]"}
COMMAND: POST /session/c0d68b7606ff92619c2feb677724de84/elements - {"using":"xpath","value":"//button[@data-kt=\"addButton\"]"}
RESULT: {"using":"xpath","value":"//button[@data-kt=\"addButton\"]"}
COMMAND: POST /session/c0d68b7606ff92619c2feb677724de84/elements - {"using":"xpath","value":"//button[@data-kt=\"addButton\"]"}
RESULT: {"using":"xpath","value":"//button[@data-kt=\"addButton\"]"}
COMMAND: POST /session/c0d68b7606ff92619c2feb677724de84/element - {"using":"xpath","value":"//button[@data-kt=\"addButton\"]"}
RESULT: {"using":"xpath","value":"//button[@data-kt=\"addButton\"]"}
COMMAND: POST /session/c0d68b7606ff92619c2feb677724de84/execute/sync - {"script":"<script> [8489 bytes]","args":[{"element-6066-11e4-a52e-4f735466cecf":"f.107814B6E58839EE281E95FDA44A3A0A.d.6B32A2C36FAD41860C7F30D318244F96.e.6589","ELEMENT":"f.107814B6E58839EE281E95FDA44A3A0A.d.6B32A2C36FAD41860C7F30D318244F96.e.6589"}]}
RESULT: {"script":"<script> [8489 bytes]","args":[{"element-6066-11e4-a52e-4f735466cecf":"f.107814B6E58839EE281E95FDA44A3A0A.d.6B32A2C36FAD41860C7F30D318244F96.e.6589","ELEMENT":"f.107814B6E58839EE281E95FDA44A3A0A.d.6B32A2C36FAD41860C7F30D318244F96.e.6589"}]}
COMMAND: GET /session/c0d68b7606ff92619c2feb677724de84/element/f.107814B6E58839EE281E95FDA44A3A0A.d.6B32A2C36FAD41860C7F30D318244F96.e.6589/enabled - {}
COMMAND: GET /session/c0d68b7606ff92619c2feb677724de84/screenshot - {}
RESULT: {}
COMMAND: POST /session/c0d68b7606ff92619c2feb677724de84/execute/sync - {"script":"<script> [8489 bytes]","args":[{"element-6066-11e4-a52e-4f735466cecf":"f.107814B6E58839EE281E95FDA44A3A0A.d.6B32A2C36FAD41860C7F30D318244F96.e.6589","ELEMENT":"f.107814B6E58839EE281E95FDA44A3A0A.d.6B32A2C36FAD41860C7F30D318244F96.e.6589"}]}
COMMAND: GET /session/c0d68b7606ff92619c2feb677724de84/screenshot - {}
RESULT: {}
RESULT: {"script":"<script> [8489 bytes]","args":[{"element-6066-11e4-a52e-4f735466cecf":"f.107814B6E58839EE281E95FDA44A3A0A.d.6B32A2C36FAD41860C7F30D318244F96.e.6589","ELEMENT":"f.107814B6E58839EE281E95FDA44A3A0A.d.6B32A2C36FAD41860C7F30D318244F96.e.6589"}]}
COMMAND: POST /session/c0d68b7606ff92619c2feb677724de84/execute/sync - {"script":"<script> [5351 bytes]","args":[{"element-6066-11e4-a52e-4f735466cecf":"f.107814B6E58839EE281E95FDA44A3A0A.d.6B32A2C36FAD41860C7F30D318244F96.e.6589","ELEMENT":"f.107814B6E58839EE281E95FDA44A3A0A.d.6B32A2C36FAD41860C7F30D318244F96.e.6589"}]}
COMMAND: GET /session/c0d68b7606ff92619c2feb677724de84/screenshot - {}
RESULT: {}
RESULT: {"script":"<script> [5351 bytes]","args":[{"element-6066-11e4-a52e-4f735466cecf":"f.107814B6E58839EE281E95FDA44A3A0A.d.6B32A2C36FAD41860C7F30D318244F96.e.6589","ELEMENT":"f.107814B6E58839EE281E95FDA44A3A0A.d.6B32A2C36FAD41860C7F30D318244F96.e.6589"}]}
COMMAND: GET /session/c0d68b7606ff92619c2feb677724de84/screenshot - {}
RESULT: {}
RESULT: {}
COMMAND: POST /session/c0d68b7606ff92619c2feb677724de84/element/f.107814B6E58839EE281E95FDA44A3A0A.d.6B32A2C36FAD41860C7F30D318244F96.e.6589/click - {}
RESULT: {}
COMMAND: GET /session/c0d68b7606ff92619c2feb677724de84/screenshot - {}
COMMAND: POST /session/c0d68b7606ff92619c2feb677724de84/execute/async - {"script":"<script> [1562 bytes]","args":[{"selector":{"id":"application-managecontracts-display-component---AddNewContract--projectDescription","interaction":{"idSuffix":"inner"}},"wdio_ui5_key":"applicationmanagecontracts-display-component---AddNewContract--projectDescription"}]}
RESULT: {}
RESULT: {"script":"<script> [1562 bytes]","args":[{"selector":{"id":"application-managecontracts-display-component---AddNewContract--projectDescription","interaction":{"idSuffix":"inner"}},"wdio_ui5_key":"applicationmanagecontracts-display-component---AddNewContract--projectDescription"}]}
RESULT: undefined
COMMAND: POST /session/c0d68b7606ff92619c2feb677724de84/execute/async - {"script":"<script> [776 bytes]","args":[{"enterText":"Intercompany Contract WDIO","selector":{"id":"application-managecontracts-display-component---AddNewContract--projectDescription","interaction":{"idSuffix":"inner"}},"clearTextFirst":true,"interactionType":"ENTER_TEXT"}]}
RESULT: {"script":"<script> [776 bytes]","args":[{"enterText":"Intercompany Contract WDIO","selector":{"id":"application-managecontracts-display-component---AddNewContract--projectDescription","interaction":{"idSuffix":"inner"}},"clearTextFirst":true,"interactionType":"ENTER_TEXT"}]}
COMMAND: POST /session/c0d68b7606ff92619c2feb677724de84/element - {"using":"xpath","value":"//input[@id=\"application-managecontracts-display-component---AddNewContract--site-inner\"]"}
RESULT: {"using":"xpath","value":"//input[@id=\"application-managecontracts-display-component---AddNewContract--site-inner\"]"}
COMMAND: POST /session/c0d68b7606ff92619c2feb677724de84/element/f.107814B6E58839EE281E95FDA44A3A0A.d.6B32A2C36FAD41860C7F30D318244F96.e.6929/clear - {}
RESULT: {}
COMMAND: POST /session/c0d68b7606ff92619c2feb677724de84/element/f.107814B6E58839EE281E95FDA44A3A0A.d.6B32A2C36FAD41860C7F30D318244F96.e.6929/value - {"text":"2430"}
COMMAND: GET /session/c0d68b7606ff92619c2feb677724de84/screenshot - {}
RESULT: {"text":"2430"}
COMMAND: GET /session/c0d68b7606ff92619c2feb677724de84/screenshot - {}
RESULT: {}
RESULT: {}
COMMAND: POST /session/c0d68b7606ff92619c2feb677724de84/element - {"using":"xpath","value":"//li[.//span[text()='2430']]"}
RESULT: {"using":"xpath","value":"//li[.//span[text()='2430']]"}
COMMAND: POST /session/c0d68b7606ff92619c2feb677724de84/element/f.107814B6E58839EE281E95FDA44A3A0A.d.6B32A2C36FAD41860C7F30D318244F96.e.6962/click - {}
RESULT: {}
COMMAND: GET /session/c0d68b7606ff92619c2feb677724de84/screenshot - {}
RESULT: {}
COMMAND: POST /session/c0d68b7606ff92619c2feb677724de84/element - {"using":"xpath","value":"//input[@id=\"application-managecontracts-display-component---AddNewContract--yardId-inner\"]"}
RESULT: {"using":"xpath","value":"//input[@id=\"application-managecontracts-display-component---AddNewContract--yardId-inner\"]"}
COMMAND: GET /session/c0d68b7606ff92619c2feb677724de84/element/f.107814B6E58839EE281E95FDA44A3A0A.d.6B32A2C36FAD41860C7F30D318244F96.e.6930/property/value - {}
RESULT: {}
COMMAND: POST /session/c0d68b7606ff92619c2feb677724de84/element - {"using":"xpath","value":"//input[@id=\"application-managecontracts-display-component---AddNewContract--customerSelect-inner\"]"}
COMMAND: GET /session/c0d68b7606ff92619c2feb677724de84/screenshot - {}
RESULT: {"using":"xpath","value":"//input[@id=\"application-managecontracts-display-component---AddNewContract--customerSelect-inner\"]"}
COMMAND: POST /session/c0d68b7606ff92619c2feb677724de84/element/f.107814B6E58839EE281E95FDA44A3A0A.d.6B32A2C36FAD41860C7F30D318244F96.e.6928/clear - {}
RESULT: {}
RESULT: {}
COMMAND: POST /session/c0d68b7606ff92619c2feb677724de84/element/f.107814B6E58839EE281E95FDA44A3A0A.d.6B32A2C36FAD41860C7F30D318244F96.e.6928/value - {"text":"1466"}
COMMAND: GET /session/c0d68b7606ff92619c2feb677724de84/screenshot - {}
RESULT: {"text":"1466"}
COMMAND: GET /session/c0d68b7606ff92619c2feb677724de84/screenshot - {}
RESULT: {}
RESULT: {}
COMMAND: POST /session/c0d68b7606ff92619c2feb677724de84/element - {"using":"xpath","value":"//li[.//span[text()='1466']]"}
RESULT: {"using":"xpath","value":"//li[.//span[text()='1466']]"}
COMMAND: POST /session/c0d68b7606ff92619c2feb677724de84/element/f.107814B6E58839EE281E95FDA44A3A0A.d.6B32A2C36FAD41860C7F30D318244F96.e.6965/click - {}
RESULT: {}
COMMAND: GET /session/c0d68b7606ff92619c2feb677724de84/screenshot - {}
RESULT: {}
COMMAND: POST /session/c0d68b7606ff92619c2feb677724de84/element - {"using":"xpath","value":"//button[@data-kt=\"saveButton\"]"}
RESULT: {"using":"xpath","value":"//button[@data-kt=\"saveButton\"]"}
COMMAND: POST /session/c0d68b7606ff92619c2feb677724de84/element/f.107814B6E58839EE281E95FDA44A3A0A.d.6B32A2C36FAD41860C7F30D318244F96.e.6953/click - {}
RESULT: {}
COMMAND: GET /session/c0d68b7606ff92619c2feb677724de84/screenshot - {}
RESULT: {}
COMMAND: POST /session/c0d68b7606ff92619c2feb677724de84/element - {"using":"xpath","value":"//span[contains(@id ,\"contractDetailTitleNoExpanded\")]"}
RESULT: {"using":"xpath","value":"//span[contains(@id ,\"contractDetailTitleNoExpanded\")]"}
COMMAND: POST /session/c0d68b7606ff92619c2feb677724de84/elements - {"using":"xpath","value":"//span[contains(@id ,\"contractDetailTitleNoExpanded\")]"}
RESULT: {"using":"xpath","value":"//span[contains(@id ,\"contractDetailTitleNoExpanded\")]"}
COMMAND: POST /session/c0d68b7606ff92619c2feb677724de84/execute/sync - {"script":"<script> [56 bytes]","args":[{"element-6066-11e4-a52e-4f735466cecf":"f.107814B6E58839EE281E95FDA44A3A0A.d.6B32A2C36FAD41860C7F30D318244F96.e.7005","ELEMENT":"f.107814B6E58839EE281E95FDA44A3A0A.d.6B32A2C36FAD41860C7F30D318244F96.e.7005"}]}
RESULT: {"script":"<script> [56 bytes]","args":[{"element-6066-11e4-a52e-4f735466cecf":"f.107814B6E58839EE281E95FDA44A3A0A.d.6B32A2C36FAD41860C7F30D318244F96.e.7005","ELEMENT":"f.107814B6E58839EE281E95FDA44A3A0A.d.6B32A2C36FAD41860C7F30D318244F96.e.7005"}]}
COMMAND: GET /session/c0d68b7606ff92619c2feb677724de84/screenshot - {}
RESULT: {}
]]></system-out>
    </testcase>
    <testcase classname="chrome.135_0_7049_96.windows.US134625_Set_up_price_condition_-_one_time" name="Should add the material to the contract" time="52.913">
      <system-out><![CDATA[
COMMAND: POST /session/c0d68b7606ff92619c2feb677724de84/element - {"using":"xpath","value":"//button[@data-kt=\"contractDetailEditBtnButton\"]"}
RESULT: {"using":"xpath","value":"//button[@data-kt=\"contractDetailEditBtnButton\"]"}
COMMAND: POST /session/c0d68b7606ff92619c2feb677724de84/element/f.107814B6E58839EE281E95FDA44A3A0A.d.6B32A2C36FAD41860C7F30D318244F96.e.7008/click - {}
RESULT: {}
COMMAND: GET /session/c0d68b7606ff92619c2feb677724de84/screenshot - {}
RESULT: {}
COMMAND: POST /session/c0d68b7606ff92619c2feb677724de84/element - {"using":"xpath","value":"(//span[contains(text(), \"Additional Addresses\")])[2]"}
RESULT: {"using":"xpath","value":"(//span[contains(text(), \"Additional Addresses\")])[2]"}
COMMAND: POST /session/c0d68b7606ff92619c2feb677724de84/element/f.107814B6E58839EE281E95FDA44A3A0A.d.6B32A2C36FAD41860C7F30D318244F96.e.7064/click - {}
RESULT: {}
COMMAND: GET /session/c0d68b7606ff92619c2feb677724de84/screenshot - {}
RESULT: {}
COMMAND: POST /session/c0d68b7606ff92619c2feb677724de84/element - {"using":"xpath","value":"//button[@data-kt=\"btnAddTableRowOverflowToolbarButton\"]"}
RESULT: {"using":"xpath","value":"//button[@data-kt=\"btnAddTableRowOverflowToolbarButton\"]"}
COMMAND: POST /session/c0d68b7606ff92619c2feb677724de84/element/f.107814B6E58839EE281E95FDA44A3A0A.d.6B32A2C36FAD41860C7F30D318244F96.e.7066/click - {}
RESULT: {}
COMMAND: GET /session/c0d68b7606ff92619c2feb677724de84/screenshot - {}
RESULT: {}
COMMAND: POST /session/c0d68b7606ff92619c2feb677724de84/element - {"using":"xpath","value":"//div[(text() = 'Standard Entry' or . = 'Standard Entry')]"}
RESULT: {"using":"xpath","value":"//div[(text() = 'Standard Entry' or . = 'Standard Entry')]"}
COMMAND: POST /session/c0d68b7606ff92619c2feb677724de84/element/f.107814B6E58839EE281E95FDA44A3A0A.d.6B32A2C36FAD41860C7F30D318244F96.e.7068/click - {}
RESULT: {}
COMMAND: GET /session/c0d68b7606ff92619c2feb677724de84/screenshot - {}
RESULT: {}
COMMAND: POST /session/c0d68b7606ff92619c2feb677724de84/element - {"using":"xpath","value":"//td[6]/div/div/div/span"}
RESULT: {"using":"xpath","value":"//td[6]/div/div/div/span"}
COMMAND: POST /session/c0d68b7606ff92619c2feb677724de84/element/f.107814B6E58839EE281E95FDA44A3A0A.d.6B32A2C36FAD41860C7F30D318244F96.e.7080/click - {}
RESULT: {}
COMMAND: GET /session/c0d68b7606ff92619c2feb677724de84/screenshot - {}
RESULT: {}
COMMAND: POST /session/c0d68b7606ff92619c2feb677724de84/element - {"using":"xpath","value":"(//span[contains(text(), \"Material\")])"}
RESULT: {"using":"xpath","value":"(//span[contains(text(), \"Material\")])"}
COMMAND: POST /session/c0d68b7606ff92619c2feb677724de84/element/f.107814B6E58839EE281E95FDA44A3A0A.d.6B32A2C36FAD41860C7F30D318244F96.e.7081/click - {}
RESULT: {}
COMMAND: GET /session/c0d68b7606ff92619c2feb677724de84/screenshot - {}
RESULT: {}
COMMAND: POST /session/c0d68b7606ff92619c2feb677724de84/element - {"using":"xpath","value":"//td[7]/div/div/input"}
RESULT: {"using":"xpath","value":"//td[7]/div/div/input"}
COMMAND: POST /session/c0d68b7606ff92619c2feb677724de84/element/f.107814B6E58839EE281E95FDA44A3A0A.d.6B32A2C36FAD41860C7F30D318244F96.e.7085/clear - {}
RESULT: {}
COMMAND: POST /session/c0d68b7606ff92619c2feb677724de84/element/f.107814B6E58839EE281E95FDA44A3A0A.d.6B32A2C36FAD41860C7F30D318244F96.e.7085/value - {"text":"200332"}
COMMAND: GET /session/c0d68b7606ff92619c2feb677724de84/screenshot - {}
RESULT: {"text":"200332"}
COMMAND: GET /session/c0d68b7606ff92619c2feb677724de84/screenshot - {}
RESULT: {}
RESULT: {}
COMMAND: POST /session/c0d68b7606ff92619c2feb677724de84/actions - {"actions":[{"id":"action28","type":"key","parameters":{},"actions":[{"type":"keyDown","value":"î€‡"},{"type":"pause","duration":10},{"type":"keyUp","value":"î€‡"}]}]}
RESULT: {"actions":[{"id":"action28","type":"key","parameters":{},"actions":[{"type":"keyDown","value":"î€‡"},{"type":"pause","duration":10},{"type":"keyUp","value":"î€‡"}]}]}
COMMAND: GET /session/c0d68b7606ff92619c2feb677724de84/screenshot - {}
RESULT: {}
COMMAND: POST /session/c0d68b7606ff92619c2feb677724de84/execute/sync - {"script":"<script> [276 bytes]","args":["No pricing information was found"]}
RESULT: {"script":"<script> [276 bytes]","args":["No pricing information was found"]}
COMMAND: POST /session/c0d68b7606ff92619c2feb677724de84/element - {"using":"xpath","value":"(//button[@data-kt=\"saveButton\"])[2]"}
COMMAND: GET /session/c0d68b7606ff92619c2feb677724de84/screenshot - {}
RESULT: {"using":"xpath","value":"(//button[@data-kt=\"saveButton\"])[2]"}
COMMAND: POST /session/c0d68b7606ff92619c2feb677724de84/element/f.107814B6E58839EE281E95FDA44A3A0A.d.6B32A2C36FAD41860C7F30D318244F96.e.7108/click - {}
RESULT: {}
RESULT: {}
COMMAND: GET /session/c0d68b7606ff92619c2feb677724de84/screenshot - {}
RESULT: {}
COMMAND: POST /session/c0d68b7606ff92619c2feb677724de84/execute/sync - {"script":"<script> [276 bytes]","args":["Some contract items are having rental validity exceeding header rental validity"]}
RESULT: {"script":"<script> [276 bytes]","args":["Some contract items are having rental validity exceeding header rental validity"]}
COMMAND: GET /session/c0d68b7606ff92619c2feb677724de84/screenshot - {}
RESULT: {}
COMMAND: POST /session/c0d68b7606ff92619c2feb677724de84/element - {"using":"xpath","value":"//span[contains(@id ,\"contractItemsSmartTable-header-inner\")]"}
RESULT: {"using":"xpath","value":"//span[contains(@id ,\"contractItemsSmartTable-header-inner\")]"}
COMMAND: POST /session/c0d68b7606ff92619c2feb677724de84/elements - {"using":"xpath","value":"//span[contains(@id ,\"contractItemsSmartTable-header-inner\")]"}
RESULT: {"using":"xpath","value":"//span[contains(@id ,\"contractItemsSmartTable-header-inner\")]"}
COMMAND: POST /session/c0d68b7606ff92619c2feb677724de84/execute/sync - {"script":"<script> [56 bytes]","args":[{"element-6066-11e4-a52e-4f735466cecf":"f.107814B6E58839EE281E95FDA44A3A0A.d.6B32A2C36FAD41860C7F30D318244F96.e.7116","ELEMENT":"f.107814B6E58839EE281E95FDA44A3A0A.d.6B32A2C36FAD41860C7F30D318244F96.e.7116"}]}
RESULT: {"script":"<script> [56 bytes]","args":[{"element-6066-11e4-a52e-4f735466cecf":"f.107814B6E58839EE281E95FDA44A3A0A.d.6B32A2C36FAD41860C7F30D318244F96.e.7116","ELEMENT":"f.107814B6E58839EE281E95FDA44A3A0A.d.6B32A2C36FAD41860C7F30D318244F96.e.7116"}]}
]]></system-out>
    </testcase>
    <testcase classname="chrome.135_0_7049_96.windows.US134625_Set_up_price_condition_-_one_time" name="Should verify the bill item creation and pricing condition" time="11.855">
      <system-out><![CDATA[
COMMAND: POST /session/c0d68b7606ff92619c2feb677724de84/execute/async - {"script":"<script> [1562 bytes]","args":[{"selector":{"controlType":"sap.ui.core.Icon","viewName":"etm.portal.ui.managecontracts.view.Detail","properties":{"src":{"regex":{"source":"slim\\-arrow\\-right"}}}},"wdio_ui5_key":"etmportal.ui.managecontracts.view.Detailsap.ui.core.Icon{\"src\":{\"regex\":{\"source\":\"slim\\\\-arrow\\\\-right\"}}}"}]}
COMMAND: GET /session/c0d68b7606ff92619c2feb677724de84/screenshot - {}
RESULT: {"script":"<script> [1562 bytes]","args":[{"selector":{"controlType":"sap.ui.core.Icon","viewName":"etm.portal.ui.managecontracts.view.Detail","properties":{"src":{"regex":{"source":"slim\\-arrow\\-right"}}}},"wdio_ui5_key":"etmportal.ui.managecontracts.view.Detailsap.ui.core.Icon{\"src\":{\"regex\":{\"source\":\"slim\\\\-arrow\\\\-right\"}}}"}]}
RESULT: undefined
COMMAND: POST /session/c0d68b7606ff92619c2feb677724de84/element - {"using":"xpath","value":"//*[@id=\"__item2950-__clone7270-imgNav\"]"}
RESULT: {}
RESULT: {"using":"xpath","value":"//*[@id=\"__item2950-__clone7270-imgNav\"]"}
COMMAND: POST /session/c0d68b7606ff92619c2feb677724de84/element/f.107814B6E58839EE281E95FDA44A3A0A.d.6B32A2C36FAD41860C7F30D318244F96.e.7117/click - {}
RESULT: {}
COMMAND: GET /session/c0d68b7606ff92619c2feb677724de84/screenshot - {}
COMMAND: POST /session/c0d68b7606ff92619c2feb677724de84/execute/async - {"script":"<script> [1562 bytes]","args":[{"selector":{"controlType":"sap.m.Text","viewName":"etm.portal.ui.managecontracts.view.BillingItem","viewId":"application-managecontracts-display-component---BillingItem","bindingPath":{"propertyPath":"LINK_TO_C_BILL_TYPES/DESCRIPTION"}},"wdio_ui5_key":"etmportal.ui.managecontracts.view.BillingItemsap.m.Text{\"propertyPath\":\"LINK_TO_C_BILL_TYPES/DESCRIPTION\"}"}]}
RESULT: {}
RESULT: {"script":"<script> [1562 bytes]","args":[{"selector":{"controlType":"sap.m.Text","viewName":"etm.portal.ui.managecontracts.view.BillingItem","viewId":"application-managecontracts-display-component---BillingItem","bindingPath":{"propertyPath":"LINK_TO_C_BILL_TYPES/DESCRIPTION"}},"wdio_ui5_key":"etmportal.ui.managecontracts.view.BillingItemsap.m.Text{\"propertyPath\":\"LINK_TO_C_BILL_TYPES/DESCRIPTION\"}"}]}
RESULT: undefined
COMMAND: POST /session/c0d68b7606ff92619c2feb677724de84/execute/async - {"script":"<script> [6424 bytes]","args":[{"element-6066-11e4-a52e-4f735466cecf":"f.107814B6E58839EE281E95FDA44A3A0A.d.6B32A2C36FAD41860C7F30D318244F96.e.7131"},"getText",[]]}
RESULT: {"script":"<script> [6424 bytes]","args":[{"element-6066-11e4-a52e-4f735466cecf":"f.107814B6E58839EE281E95FDA44A3A0A.d.6B32A2C36FAD41860C7F30D318244F96.e.7131"},"getText",[]]}
COMMAND: POST /session/c0d68b7606ff92619c2feb677724de84/execute/async - {"script":"<script> [1562 bytes]","args":[{"selector":{"controlType":"sap.m.ObjectNumber","viewName":"etm.portal.ui.managecontracts.view.BillingItem","viewId":"application-managecontracts-display-component---BillingItem","bindingPath":{"propertyPath":"BASE_PRICE"}},"wdio_ui5_key":"etmportal.ui.managecontracts.view.BillingItemsap.m.ObjectNumber{\"propertyPath\":\"BASE_PRICE\"}"}]}
RESULT: {"script":"<script> [1562 bytes]","args":[{"selector":{"controlType":"sap.m.ObjectNumber","viewName":"etm.portal.ui.managecontracts.view.BillingItem","viewId":"application-managecontracts-display-component---BillingItem","bindingPath":{"propertyPath":"BASE_PRICE"}},"wdio_ui5_key":"etmportal.ui.managecontracts.view.BillingItemsap.m.ObjectNumber{\"propertyPath\":\"BASE_PRICE\"}"}]}
RESULT: undefined
COMMAND: POST /session/c0d68b7606ff92619c2feb677724de84/execute/async - {"script":"<script> [6424 bytes]","args":[{"element-6066-11e4-a52e-4f735466cecf":"f.107814B6E58839EE281E95FDA44A3A0A.d.6B32A2C36FAD41860C7F30D318244F96.e.7132"},"getNumber",[]]}
RESULT: {"script":"<script> [6424 bytes]","args":[{"element-6066-11e4-a52e-4f735466cecf":"f.107814B6E58839EE281E95FDA44A3A0A.d.6B32A2C36FAD41860C7F30D318244F96.e.7132"},"getNumber",[]]}
COMMAND: POST /session/c0d68b7606ff92619c2feb677724de84/execute/async - {"script":"<script> [1562 bytes]","args":[{"selector":{"controlType":"sap.m.ObjectNumber","viewName":"etm.portal.ui.managecontracts.view.BillingItem","viewId":"application-managecontracts-display-component---BillingItem","bindingPath":{"propertyPath":"BASE_QUANTITY"}},"wdio_ui5_key":"etmportal.ui.managecontracts.view.BillingItemsap.m.ObjectNumber{\"propertyPath\":\"BASE_QUANTITY\"}"}]}
RESULT: {"script":"<script> [1562 bytes]","args":[{"selector":{"controlType":"sap.m.ObjectNumber","viewName":"etm.portal.ui.managecontracts.view.BillingItem","viewId":"application-managecontracts-display-component---BillingItem","bindingPath":{"propertyPath":"BASE_QUANTITY"}},"wdio_ui5_key":"etmportal.ui.managecontracts.view.BillingItemsap.m.ObjectNumber{\"propertyPath\":\"BASE_QUANTITY\"}"}]}
RESULT: undefined
COMMAND: POST /session/c0d68b7606ff92619c2feb677724de84/execute/async - {"script":"<script> [6424 bytes]","args":[{"element-6066-11e4-a52e-4f735466cecf":"f.107814B6E58839EE281E95FDA44A3A0A.d.6B32A2C36FAD41860C7F30D318244F96.e.7133"},"getNumber",[]]}
RESULT: {"script":"<script> [6424 bytes]","args":[{"element-6066-11e4-a52e-4f735466cecf":"f.107814B6E58839EE281E95FDA44A3A0A.d.6B32A2C36FAD41860C7F30D318244F96.e.7133"},"getNumber",[]]}
COMMAND: DELETE /session/c0d68b7606ff92619c2feb677724de84 - {}
RESULT: {}
]]></system-out>
    </testcase>
  </testsuite>
</testsuites>